<?xml version="1.0" encoding="UTF-8"?>
<testsuite xmlns:xsi="http://www.w3.org/2001/XMLSchema-instance" xsi:noNamespaceSchemaLocation="https://maven.apache.org/surefire/maven-surefire-plugin/xsd/surefire-test-report.xsd" name="org.apache.hadoop.ozone.client.rpc.TestMultiBlockWritesWithDnFailures" time="107.766" tests="2" errors="1" skipped="0" failures="0">
  <properties>
    <property name="awt.toolkit" value="sun.awt.X11.XToolkit"/>
    <property name="file.encoding.pkg" value="sun.io"/>
    <property name="java.specification.version" value="1.8"/>
    <property name="sun.cpu.isalist" value=""/>
    <property name="sun.jnu.encoding" value="UTF-8"/>
    <property name="java.class.path" value="/workdir/hadoop-ozone/integration-test/target/test-classes:/workdir/hadoop-ozone/integration-test/target/classes:/home/user/.m2/repository/org/apache/hadoop/hadoop-ozone-common/0.5.0-SNAPSHOT/hadoop-ozone-common-0.5.0-SNAPSHOT.jar:/home/user/.m2/repository/org/apache/commons/commons-compress/1.4.1/commons-compress-1.4.1.jar:/home/user/.m2/repository/org/tukaani/xz/1.0/xz-1.0.jar:/home/user/.m2/repository/org/apache/hadoop/hadoop-common/3.2.0/hadoop-common-3.2.0.jar:/home/user/.m2/repository/org/apache/hadoop/hadoop-hdfs/3.2.0/hadoop-hdfs-3.2.0.jar:/home/user/.m2/repository/org/apache/hadoop/hadoop-hdfs-client/3.2.0/hadoop-hdfs-client-3.2.0.jar:/home/user/.m2/repository/com/fasterxml/jackson/core/jackson-annotations/2.9.9/jackson-annotations-2.9.9.jar:/home/user/.m2/repository/org/apache/hadoop/hadoop-hdds-common/0.5.0-SNAPSHOT/hadoop-hdds-common-0.5.0-SNAPSHOT.jar:/home/user/.m2/repository/javax/annotation/javax.annotation-api/1.2/javax.annotation-api-1.2.jar:/home/user/.m2/repository/org/apache/ratis/ratis-server/0.4.0/ratis-server-0.4.0.jar:/home/user/.m2/repository/org/apache/ratis/ratis-thirdparty-misc/0.2.0/ratis-thirdparty-misc-0.2.0.jar:/home/user/.m2/repository/org/apache/ratis/ratis-proto/0.4.0/ratis-proto-0.4.0.jar:/home/user/.m2/repository/org/apache/ratis/ratis-common/0.4.0/ratis-common-0.4.0.jar:/home/user/.m2/repository/org/apache/ratis/ratis-client/0.4.0/ratis-client-0.4.0.jar:/home/user/.m2/repository/org/apache/ratis/ratis-metrics/0.4.0/ratis-metrics-0.4.0.jar:/home/user/.m2/repository/com/github/joshelser/dropwizard-metrics-hadoop-metrics2-reporter/0.1.2/dropwizard-metrics-hadoop-metrics2-reporter-0.1.2.jar:/home/user/.m2/repository/io/dropwizard/metrics/metrics-jvm/3.2.5/metrics-jvm-3.2.5.jar:/home/user/.m2/repository/io/dropwizard/metrics/metrics-ganglia/3.2.5/metrics-ganglia-3.2.5.jar:/home/user/.m2/repository/info/ganglia/gmetric4j/gmetric4j/1.0.7/gmetric4j-1.0.7.jar:/home/user/.m2/repository/org/apache/ratis/ratis-netty/0.4.0/ratis-netty-0.4.0.jar:/home/user/.m2/repository/org/apache/ratis/ratis-grpc/0.4.0/ratis-grpc-0.4.0.jar:/home/user/.m2/repository/org/rocksdb/rocksdbjni/6.0.1/rocksdbjni-6.0.1.jar:/home/user/.m2/repository/org/apache/logging/log4j/log4j-api/2.11.0/log4j-api-2.11.0.jar:/home/user/.m2/repository/org/apache/logging/log4j/log4j-core/2.11.0/log4j-core-2.11.0.jar:/home/user/.m2/repository/com/lmax/disruptor/3.4.2/disruptor-3.4.2.jar:/home/user/.m2/repository/org/apache/commons/commons-pool2/2.6.0/commons-pool2-2.6.0.jar:/home/user/.m2/repository/org/bouncycastle/bcpkix-jdk15on/1.60/bcpkix-jdk15on-1.60.jar:/home/user/.m2/repository/commons-validator/commons-validator/1.6/commons-validator-1.6.jar:/home/user/.m2/repository/commons-digester/commons-digester/1.8.1/commons-digester-1.8.1.jar:/home/user/.m2/repository/io/jaegertracing/jaeger-client/0.34.0/jaeger-client-0.34.0.jar:/home/user/.m2/repository/io/jaegertracing/jaeger-thrift/0.34.0/jaeger-thrift-0.34.0.jar:/home/user/.m2/repository/org/apache/thrift/libthrift/0.12.0/libthrift-0.12.0.jar:/home/user/.m2/repository/com/squareup/okhttp3/okhttp/3.9.0/okhttp-3.9.0.jar:/home/user/.m2/repository/com/squareup/okio/okio/1.13.0/okio-1.13.0.jar:/home/user/.m2/repository/io/jaegertracing/jaeger-core/0.34.0/jaeger-core-0.34.0.jar:/home/user/.m2/repository/io/jaegertracing/jaeger-tracerresolver/0.34.0/jaeger-tracerresolver-0.34.0.jar:/home/user/.m2/repository/io/opentracing/contrib/opentracing-tracerresolver/0.1.5/opentracing-tracerresolver-0.1.5.jar:/home/user/.m2/repository/io/opentracing/opentracing-util/0.31.0/opentracing-util-0.31.0.jar:/home/user/.m2/repository/io/opentracing/opentracing-api/0.31.0/opentracing-api-0.31.0.jar:/home/user/.m2/repository/io/opentracing/opentracing-noop/0.31.0/opentracing-noop-0.31.0.jar:/home/user/.m2/repository/org/apache/hadoop/hadoop-hdds-server-framework/0.5.0-SNAPSHOT/hadoop-hdds-server-framework-0.5.0-SNAPSHOT.jar:/home/user/.m2/repository/org/apache/hadoop/hadoop-hdds-container-service/0.5.0-SNAPSHOT/hadoop-hdds-container-service-0.5.0-SNAPSHOT.jar:/home/user/.m2/repository/org/apache/hadoop/hadoop-hdds-client/0.5.0-SNAPSHOT/hadoop-hdds-client-0.5.0-SNAPSHOT.jar:/home/user/.m2/repository/org/apache/hadoop/hadoop-hdds-tools/0.5.0-SNAPSHOT/hadoop-hdds-tools-0.5.0-SNAPSHOT.jar:/home/user/.m2/repository/org/apache/hadoop/hadoop-hdds-server-scm/0.5.0-SNAPSHOT/hadoop-hdds-server-scm-0.5.0-SNAPSHOT.jar:/home/user/.m2/repository/org/apache/hadoop/hadoop-hdds-docs/0.5.0-SNAPSHOT/hadoop-hdds-docs-0.5.0-SNAPSHOT.jar:/home/user/.m2/repository/io/dropwizard/metrics/metrics-core/3.2.4/metrics-core-3.2.4.jar:/home/user/.m2/repository/org/hamcrest/hamcrest-all/1.3/hamcrest-all-1.3.jar:/home/user/.m2/repository/org/bouncycastle/bcprov-jdk15on/1.60/bcprov-jdk15on-1.60.jar:/home/user/.m2/repository/info/picocli/picocli/3.9.6/picocli-3.9.6.jar:/home/user/.m2/repository/com/google/protobuf/protobuf-java/2.5.0/protobuf-java-2.5.0.jar:/home/user/.m2/repository/com/google/guava/guava/11.0.2/guava-11.0.2.jar:/home/user/.m2/repository/org/apache/hadoop/hadoop-ozone-ozone-manager/0.5.0-SNAPSHOT/hadoop-ozone-ozone-manager-0.5.0-SNAPSHOT.jar:/home/user/.m2/repository/org/apache/hadoop/hadoop-minikdc/3.2.0/hadoop-minikdc-3.2.0.jar:/home/user/.m2/repository/commons-io/commons-io/2.5/commons-io-2.5.jar:/home/user/.m2/repository/org/apache/kerby/kerb-simplekdc/1.0.1/kerb-simplekdc-1.0.1.jar:/home/user/.m2/repository/org/apache/kerby/kerb-client/1.0.1/kerb-client-1.0.1.jar:/home/user/.m2/repository/org/apache/kerby/kerby-config/1.0.1/kerby-config-1.0.1.jar:/home/user/.m2/repository/org/apache/kerby/kerb-core/1.0.1/kerb-core-1.0.1.jar:/home/user/.m2/repository/org/apache/kerby/kerby-pkix/1.0.1/kerby-pkix-1.0.1.jar:/home/user/.m2/repository/org/apache/kerby/kerby-asn1/1.0.1/kerby-asn1-1.0.1.jar:/home/user/.m2/repository/org/apache/kerby/kerby-util/1.0.1/kerby-util-1.0.1.jar:/home/user/.m2/repository/org/apache/kerby/kerb-common/1.0.1/kerb-common-1.0.1.jar:/home/user/.m2/repository/org/apache/kerby/kerb-crypto/1.0.1/kerb-crypto-1.0.1.jar:/home/user/.m2/repository/org/apache/kerby/kerb-util/1.0.1/kerb-util-1.0.1.jar:/home/user/.m2/repository/org/apache/kerby/token-provider/1.0.1/token-provider-1.0.1.jar:/home/user/.m2/repository/org/apache/kerby/kerb-admin/1.0.1/kerb-admin-1.0.1.jar:/home/user/.m2/repository/org/apache/kerby/kerb-server/1.0.1/kerb-server-1.0.1.jar:/home/user/.m2/repository/org/apache/kerby/kerb-identity/1.0.1/kerb-identity-1.0.1.jar:/home/user/.m2/repository/org/apache/kerby/kerby-xdr/1.0.1/kerby-xdr-1.0.1.jar:/home/user/.m2/repository/org/slf4j/slf4j-log4j12/1.7.25/slf4j-log4j12-1.7.25.jar:/home/user/.m2/repository/org/apache/hadoop/hadoop-ozone-s3gateway/0.5.0-SNAPSHOT/hadoop-ozone-s3gateway-0.5.0-SNAPSHOT.jar:/home/user/.m2/repository/org/jboss/weld/servlet/weld-servlet/2.4.7.Final/weld-servlet-2.4.7.Final.jar:/home/user/.m2/repository/org/glassfish/jersey/containers/jersey-container-servlet-core/2.27/jersey-container-servlet-core-2.27.jar:/home/user/.m2/repository/org/glassfish/hk2/external/javax.inject/2.5.0-b42/javax.inject-2.5.0-b42.jar:/home/user/.m2/repository/org/glassfish/jersey/core/jersey-common/2.27/jersey-common-2.27.jar:/home/user/.m2/repository/org/glassfish/hk2/osgi-resource-locator/1.0.1/osgi-resource-locator-1.0.1.jar:/home/user/.m2/repository/javax/ws/rs/javax.ws.rs-api/2.1/javax.ws.rs-api-2.1.jar:/home/user/.m2/repository/org/glassfish/jersey/ext/cdi/jersey-cdi1x/2.27/jersey-cdi1x-2.27.jar:/home/user/.m2/repository/org/glassfish/jersey/inject/jersey-hk2/2.27/jersey-hk2-2.27.jar:/home/user/.m2/repository/org/glassfish/hk2/hk2-locator/2.5.0-b42/hk2-locator-2.5.0-b42.jar:/home/user/.m2/repository/org/javassist/javassist/3.22.0-CR2/javassist-3.22.0-CR2.jar:/home/user/.m2/repository/org/glassfish/hk2/hk2-api/2.5.0/hk2-api-2.5.0.jar:/home/user/.m2/repository/org/glassfish/hk2/external/jakarta.inject/2.5.0/jakarta.inject-2.5.0.jar:/home/user/.m2/repository/org/glassfish/hk2/hk2-utils/2.5.0/hk2-utils-2.5.0.jar:/home/user/.m2/repository/jakarta/annotation/jakarta.annotation-api/1.3.4/jakarta.annotation-api-1.3.4.jar:/home/user/.m2/repository/org/glassfish/hk2/external/aopalliance-repackaged/2.5.0/aopalliance-repackaged-2.5.0.jar:/home/user/.m2/repository/com/fasterxml/jackson/dataformat/jackson-dataformat-xml/2.9.0/jackson-dataformat-xml-2.9.0.jar:/home/user/.m2/repository/com/fasterxml/jackson/core/jackson-core/2.9.9/jackson-core-2.9.9.jar:/home/user/.m2/repository/com/fasterxml/jackson/module/jackson-module-jaxb-annotations/2.9.9/jackson-module-jaxb-annotations-2.9.9.jar:/home/user/.m2/repository/javax/enterprise/cdi-api/1.2/cdi-api-1.2.jar:/home/user/.m2/repository/javax/el/javax.el-api/3.0.0/javax.el-api-3.0.0.jar:/home/user/.m2/repository/javax/interceptor/javax.interceptor-api/1.2/javax.interceptor-api-1.2.jar:/home/user/.m2/repository/javax/inject/javax.inject/1/javax.inject-1.jar:/home/user/.m2/repository/com/sun/xml/bind/jaxb-impl/2.3.0.1/jaxb-impl-2.3.0.1.jar:/home/user/.m2/repository/com/sun/xml/bind/jaxb-core/2.3.0.1/jaxb-core-2.3.0.1.jar:/home/user/.m2/repository/javax/xml/bind/jaxb-api/2.3.0/jaxb-api-2.3.0.jar:/home/user/.m2/repository/javax/activation/activation/1.1.1/activation-1.1.1.jar:/home/user/.m2/repository/org/apache/hadoop/hadoop-ozone-csi/0.5.0-SNAPSHOT/hadoop-ozone-csi-0.5.0-SNAPSHOT.jar:/home/user/.m2/repository/com/google/protobuf/protobuf-java-util/3.5.1/protobuf-java-util-3.5.1.jar:/home/user/.m2/repository/org/apache/hadoop/hadoop-hdds-config/0.5.0-SNAPSHOT/hadoop-hdds-config-0.5.0-SNAPSHOT.jar:/home/user/.m2/repository/io/grpc/grpc-netty/1.17.1/grpc-netty-1.17.1.jar:/home/user/.m2/repository/io/grpc/grpc-core/1.17.1/grpc-core-1.17.1.jar:/home/user/.m2/repository/io/grpc/grpc-context/1.17.1/grpc-context-1.17.1.jar:/home/user/.m2/repository/com/google/errorprone/error_prone_annotations/2.2.0/error_prone_annotations-2.2.0.jar:/home/user/.m2/repository/org/codehaus/mojo/animal-sniffer-annotations/1.17/animal-sniffer-annotations-1.17.jar:/home/user/.m2/repository/io/opencensus/opencensus-api/0.17.0/opencensus-api-0.17.0.jar:/home/user/.m2/repository/io/opencensus/opencensus-contrib-grpc-metrics/0.17.0/opencensus-contrib-grpc-metrics-0.17.0.jar:/home/user/.m2/repository/io/netty/netty-codec-http2/4.1.30.Final/netty-codec-http2-4.1.30.Final.jar:/home/user/.m2/repository/io/netty/netty-codec-http/4.1.30.Final/netty-codec-http-4.1.30.Final.jar:/home/user/.m2/repository/io/netty/netty-codec/4.1.30.Final/netty-codec-4.1.30.Final.jar:/home/user/.m2/repository/io/netty/netty-handler/4.1.30.Final/netty-handler-4.1.30.Final.jar:/home/user/.m2/repository/io/netty/netty-handler-proxy/4.1.30.Final/netty-handler-proxy-4.1.30.Final.jar:/home/user/.m2/repository/io/netty/netty-codec-socks/4.1.30.Final/netty-codec-socks-4.1.30.Final.jar:/home/user/.m2/repository/io/netty/netty-transport-native-epoll/4.1.30.Final/netty-transport-native-epoll-4.1.30.Final.jar:/home/user/.m2/repository/io/netty/netty-common/4.1.30.Final/netty-common-4.1.30.Final.jar:/home/user/.m2/repository/io/netty/netty-buffer/4.1.30.Final/netty-buffer-4.1.30.Final.jar:/home/user/.m2/repository/io/netty/netty-transport/4.1.30.Final/netty-transport-4.1.30.Final.jar:/home/user/.m2/repository/io/netty/netty-resolver/4.1.30.Final/netty-resolver-4.1.30.Final.jar:/home/user/.m2/repository/io/netty/netty-transport-native-unix-common/4.1.30.Final/netty-transport-native-unix-common-4.1.30.Final.jar:/home/user/.m2/repository/io/grpc/grpc-protobuf/1.17.1/grpc-protobuf-1.17.1.jar:/home/user/.m2/repository/com/google/api/grpc/proto-google-common-protos/1.0.0/proto-google-common-protos-1.0.0.jar:/home/user/.m2/repository/io/grpc/grpc-protobuf-lite/1.17.1/grpc-protobuf-lite-1.17.1.jar:/home/user/.m2/repository/io/grpc/grpc-stub/1.17.1/grpc-stub-1.17.1.jar:/home/user/.m2/repository/org/apache/hadoop/hadoop-ozone-recon/0.5.0-SNAPSHOT/hadoop-ozone-recon-0.5.0-SNAPSHOT.jar:/home/user/.m2/repository/org/apache/hadoop/hadoop-ozone-reconcodegen/0.5.0-SNAPSHOT/hadoop-ozone-reconcodegen-0.5.0-SNAPSHOT.jar:/home/user/.m2/repository/com/google/inject/extensions/guice-multibindings/4.0/guice-multibindings-4.0.jar:/home/user/.m2/repository/com/google/inject/guice/4.0/guice-4.0.jar:/home/user/.m2/repository/aopalliance/aopalliance/1.0/aopalliance-1.0.jar:/home/user/.m2/repository/com/google/inject/extensions/guice-servlet/4.0/guice-servlet-4.0.jar:/home/user/.m2/repository/org/glassfish/jersey/containers/jersey-container-servlet/2.27/jersey-container-servlet-2.27.jar:/home/user/.m2/repository/org/glassfish/hk2/guice-bridge/2.5.0/guice-bridge-2.5.0.jar:/home/user/.m2/repository/org/glassfish/jersey/core/jersey-server/2.27/jersey-server-2.27.jar:/home/user/.m2/repository/org/glassfish/jersey/core/jersey-client/2.27/jersey-client-2.27.jar:/home/user/.m2/repository/org/glassfish/jersey/media/jersey-media-jaxb/2.27/jersey-media-jaxb-2.27.jar:/home/user/.m2/repository/javax/validation/validation-api/1.1.0.Final/validation-api-1.1.0.Final.jar:/home/user/.m2/repository/org/glassfish/jersey/media/jersey-media-json-jackson/2.27/jersey-media-json-jackson-2.27.jar:/home/user/.m2/repository/org/glassfish/jersey/ext/jersey-entity-filtering/2.27/jersey-entity-filtering-2.27.jar:/home/user/.m2/repository/com/google/inject/extensions/guice-assistedinject/4.0/guice-assistedinject-4.0.jar:/home/user/.m2/repository/org/jooq/jooq/3.11.10/jooq-3.11.10.jar:/home/user/.m2/repository/org/jooq/jooq-meta/3.11.10/jooq-meta-3.11.10.jar:/home/user/.m2/repository/org/jooq/jooq-codegen/3.11.10/jooq-codegen-3.11.10.jar:/home/user/.m2/repository/com/jolbox/bonecp/0.8.0.RELEASE/bonecp-0.8.0.RELEASE.jar:/home/user/.m2/repository/org/xerial/sqlite-jdbc/3.25.2/sqlite-jdbc-3.25.2.jar:/home/user/.m2/repository/org/springframework/spring-jdbc/5.1.3.RELEASE/spring-jdbc-5.1.3.RELEASE.jar:/home/user/.m2/repository/org/springframework/spring-beans/5.1.3.RELEASE/spring-beans-5.1.3.RELEASE.jar:/home/user/.m2/repository/org/springframework/spring-core/5.1.3.RELEASE/spring-core-5.1.3.RELEASE.jar:/home/user/.m2/repository/org/springframework/spring-jcl/5.1.3.RELEASE/spring-jcl-5.1.3.RELEASE.jar:/home/user/.m2/repository/org/springframework/spring-tx/5.1.3.RELEASE/spring-tx-5.1.3.RELEASE.jar:/home/user/.m2/repository/org/apache/hadoop/hadoop-ozone-client/0.5.0-SNAPSHOT/hadoop-ozone-client-0.5.0-SNAPSHOT.jar:/home/user/.m2/repository/commons-lang/commons-lang/2.6/commons-lang-2.6.jar:/home/user/.m2/repository/org/apache/hadoop/hadoop-ozone-ozone-manager/0.5.0-SNAPSHOT/hadoop-ozone-ozone-manager-0.5.0-SNAPSHOT-tests.jar:/home/user/.m2/repository/junit/junit/4.11/junit-4.11.jar:/home/user/.m2/repository/org/hamcrest/hamcrest-core/1.3/hamcrest-core-1.3.jar:/home/user/.m2/repository/org/openjdk/jmh/jmh-core/1.19/jmh-core-1.19.jar:/home/user/.m2/repository/net/sf/jopt-simple/jopt-simple/4.6/jopt-simple-4.6.jar:/home/user/.m2/repository/org/apache/commons/commons-math3/3.1.1/commons-math3-3.1.1.jar:/home/user/.m2/repository/org/openjdk/jmh/jmh-generator-annprocess/1.19/jmh-generator-annprocess-1.19.jar:/home/user/.m2/repository/org/mockito/mockito-all/1.8.5/mockito-all-1.8.5.jar:/home/user/.m2/repository/org/apache/hadoop/hadoop-kms/3.2.0/hadoop-kms-3.2.0.jar:/home/user/.m2/repository/org/apache/hadoop/hadoop-auth/3.2.0/hadoop-auth-3.2.0.jar:/home/user/.m2/repository/com/nimbusds/nimbus-jose-jwt/4.41.1/nimbus-jose-jwt-4.41.1.jar:/home/user/.m2/repository/com/github/stephenc/jcip/jcip-annotations/1.0-1/jcip-annotations-1.0-1.jar:/home/user/.m2/repository/net/minidev/json-smart/2.3/json-smart-2.3.jar:/home/user/.m2/repository/net/minidev/accessors-smart/1.2/accessors-smart-1.2.jar:/home/user/.m2/repository/org/ow2/asm/asm/5.0.4/asm-5.0.4.jar:/home/user/.m2/repository/org/apache/curator/curator-framework/2.12.0/curator-framework-2.12.0.jar:/home/user/.m2/repository/com/sun/jersey/jersey-core/1.19/jersey-core-1.19.jar:/home/user/.m2/repository/javax/ws/rs/jsr311-api/1.1.1/jsr311-api-1.1.1.jar:/home/user/.m2/repository/com/sun/jersey/jersey-server/1.19/jersey-server-1.19.jar:/home/user/.m2/repository/javax/servlet/javax.servlet-api/3.1.0/javax.servlet-api-3.1.0.jar:/home/user/.m2/repository/org/eclipse/jetty/jetty-server/9.3.25.v20180904/jetty-server-9.3.25.v20180904.jar:/home/user/.m2/repository/org/eclipse/jetty/jetty-http/9.3.25.v20180904/jetty-http-9.3.25.v20180904.jar:/home/user/.m2/repository/org/eclipse/jetty/jetty-io/9.3.25.v20180904/jetty-io-9.3.25.v20180904.jar:/home/user/.m2/repository/org/eclipse/jetty/jetty-webapp/9.3.25.v20180904/jetty-webapp-9.3.25.v20180904.jar:/home/user/.m2/repository/org/eclipse/jetty/jetty-xml/9.3.25.v20180904/jetty-xml-9.3.25.v20180904.jar:/home/user/.m2/repository/log4j/log4j/1.2.17/log4j-1.2.17.jar:/home/user/.m2/repository/org/slf4j/slf4j-api/1.7.25/slf4j-api-1.7.25.jar:/home/user/.m2/repository/org/slf4j/jul-to-slf4j/1.7.25/jul-to-slf4j-1.7.25.jar:/home/user/.m2/repository/org/eclipse/jetty/jetty-util/9.3.25.v20180904/jetty-util-9.3.25.v20180904.jar:/home/user/.m2/repository/com/fasterxml/jackson/core/jackson-databind/2.9.9/jackson-databind-2.9.9.jar:/home/user/.m2/repository/org/apache/hadoop/hadoop-kms/3.2.0/hadoop-kms-3.2.0-tests.jar:/home/user/.m2/repository/org/apache/hadoop/hadoop-hdds-server-scm/0.5.0-SNAPSHOT/hadoop-hdds-server-scm-0.5.0-SNAPSHOT-tests.jar:/home/user/.m2/repository/org/apache/hadoop/hadoop-hdds-container-service/0.5.0-SNAPSHOT/hadoop-hdds-container-service-0.5.0-SNAPSHOT-tests.jar:/home/user/.m2/repository/org/yaml/snakeyaml/1.16/snakeyaml-1.16.jar:/home/user/.m2/repository/org/apache/hadoop/hadoop-common/3.2.0/hadoop-common-3.2.0-tests.jar:/home/user/.m2/repository/org/apache/hadoop/hadoop-annotations/3.2.0/hadoop-annotations-3.2.0.jar:/usr/lib/jvm/java-1.8-openjdk/jre/../lib/tools.jar:/home/user/.m2/repository/commons-cli/commons-cli/1.2/commons-cli-1.2.jar:/home/user/.m2/repository/org/apache/httpcomponents/httpclient/4.5.2/httpclient-4.5.2.jar:/home/user/.m2/repository/org/apache/httpcomponents/httpcore/4.4.4/httpcore-4.4.4.jar:/home/user/.m2/repository/commons-codec/commons-codec/1.11/commons-codec-1.11.jar:/home/user/.m2/repository/commons-net/commons-net/3.6/commons-net-3.6.jar:/home/user/.m2/repository/commons-collections/commons-collections/3.2.2/commons-collections-3.2.2.jar:/home/user/.m2/repository/org/eclipse/jetty/jetty-servlet/9.3.25.v20180904/jetty-servlet-9.3.25.v20180904.jar:/home/user/.m2/repository/org/eclipse/jetty/jetty-security/9.3.25.v20180904/jetty-security-9.3.25.v20180904.jar:/home/user/.m2/repository/javax/servlet/jsp/jsp-api/2.1/jsp-api-2.1.jar:/home/user/.m2/repository/com/sun/jersey/jersey-servlet/1.19/jersey-servlet-1.19.jar:/home/user/.m2/repository/com/sun/jersey/jersey-json/1.19/jersey-json-1.19.jar:/home/user/.m2/repository/org/codehaus/jettison/jettison/1.1/jettison-1.1.jar:/home/user/.m2/repository/org/codehaus/jackson/jackson-core-asl/1.9.13/jackson-core-asl-1.9.13.jar:/home/user/.m2/repository/org/codehaus/jackson/jackson-mapper-asl/1.9.13/jackson-mapper-asl-1.9.13.jar:/home/user/.m2/repository/org/codehaus/jackson/jackson-jaxrs/1.9.13/jackson-jaxrs-1.9.13.jar:/home/user/.m2/repository/org/codehaus/jackson/jackson-xc/1.9.13/jackson-xc-1.9.13.jar:/home/user/.m2/repository/commons-logging/commons-logging/1.1.3/commons-logging-1.1.3.jar:/home/user/.m2/repository/commons-beanutils/commons-beanutils/1.9.4/commons-beanutils-1.9.4.jar:/home/user/.m2/repository/org/apache/commons/commons-configuration2/2.1.1/commons-configuration2-2.1.1.jar:/home/user/.m2/repository/org/apache/commons/commons-lang3/3.7/commons-lang3-3.7.jar:/home/user/.m2/repository/org/apache/commons/commons-text/1.4/commons-text-1.4.jar:/home/user/.m2/repository/org/apache/avro/avro/1.7.7/avro-1.7.7.jar:/home/user/.m2/repository/com/thoughtworks/paranamer/paranamer/2.3/paranamer-2.3.jar:/home/user/.m2/repository/org/xerial/snappy/snappy-java/1.0.5/snappy-java-1.0.5.jar:/home/user/.m2/repository/com/google/re2j/re2j/1.1/re2j-1.1.jar:/home/user/.m2/repository/com/google/code/gson/gson/2.2.4/gson-2.2.4.jar:/home/user/.m2/repository/com/jcraft/jsch/0.1.54/jsch-0.1.54.jar:/home/user/.m2/repository/org/apache/curator/curator-client/2.12.0/curator-client-2.12.0.jar:/home/user/.m2/repository/org/apache/curator/curator-recipes/2.12.0/curator-recipes-2.12.0.jar:/home/user/.m2/repository/com/google/code/findbugs/jsr305/3.0.0/jsr305-3.0.0.jar:/home/user/.m2/repository/org/apache/htrace/htrace-core4/4.1.0-incubating/htrace-core4-4.1.0-incubating.jar:/home/user/.m2/repository/org/apache/zookeeper/zookeeper/3.4.13/zookeeper-3.4.13.jar:/home/user/.m2/repository/jline/jline/0.9.94/jline-0.9.94.jar:/home/user/.m2/repository/org/apache/yetus/audience-annotations/0.5.0/audience-annotations-0.5.0.jar:/home/user/.m2/repository/org/codehaus/woodstox/stax2-api/3.1.4/stax2-api-3.1.4.jar:/home/user/.m2/repository/com/fasterxml/woodstox/woodstox-core/5.0.3/woodstox-core-5.0.3.jar:/home/user/.m2/repository/dnsjava/dnsjava/2.1.7/dnsjava-2.1.7.jar:/home/user/.m2/repository/org/apache/hadoop/hadoop-hdfs/3.2.0/hadoop-hdfs-3.2.0-tests.jar:/home/user/.m2/repository/org/eclipse/jetty/jetty-util-ajax/9.3.25.v20180904/jetty-util-ajax-9.3.25.v20180904.jar:/home/user/.m2/repository/commons-daemon/commons-daemon/1.0.13/commons-daemon-1.0.13.jar:/home/user/.m2/repository/io/netty/netty/3.10.5.Final/netty-3.10.5.Final.jar:/home/user/.m2/repository/io/netty/netty-all/4.0.52.Final/netty-all-4.0.52.Final.jar:/home/user/.m2/repository/org/fusesource/leveldbjni/leveldbjni-all/1.8/leveldbjni-all-1.8.jar:"/>
    <property name="java.vm.vendor" value="IcedTea"/>
    <property name="sun.arch.data.model" value="64"/>
    <property name="test.build.dir" value="/workdir/hadoop-ozone/integration-test/target/test-dir"/>
    <property name="test.cache.data" value=""/>
    <property name="java.vendor.url" value="https://icedtea.classpath.org"/>
    <property name="user.timezone" value=""/>
    <property name="java.vm.specification.version" value="1.8"/>
    <property name="os.name" value="Linux"/>
    <property name="test.build.data" value="/workdir/hadoop-ozone/integration-test/target/test-dir"/>
    <property name="user.country" value="US"/>
    <property name="sun.java.launcher" value="SUN_STANDARD"/>
    <property name="sun.boot.library.path" value="/usr/lib/jvm/java-1.8-openjdk/jre/lib/amd64"/>
    <property name="sun.java.command" value="/workdir/hadoop-ozone/integration-test/target/surefire/surefirebooter1722988673936896401.jar /workdir/hadoop-ozone/integration-test/target/surefire 2019-10-14T08-33-45_578-jvmRun1 surefire1068893029939256117tmp surefire_483487701772222873194tmp"/>
    <property name="test" value="!TestMiniChaosOzoneCluster"/>
    <property name="surefire.test.class.path" value="/workdir/hadoop-ozone/integration-test/target/test-classes:/workdir/hadoop-ozone/integration-test/target/classes:/home/user/.m2/repository/org/apache/hadoop/hadoop-ozone-common/0.5.0-SNAPSHOT/hadoop-ozone-common-0.5.0-SNAPSHOT.jar:/home/user/.m2/repository/org/apache/commons/commons-compress/1.4.1/commons-compress-1.4.1.jar:/home/user/.m2/repository/org/tukaani/xz/1.0/xz-1.0.jar:/home/user/.m2/repository/org/apache/hadoop/hadoop-common/3.2.0/hadoop-common-3.2.0.jar:/home/user/.m2/repository/org/apache/hadoop/hadoop-hdfs/3.2.0/hadoop-hdfs-3.2.0.jar:/home/user/.m2/repository/org/apache/hadoop/hadoop-hdfs-client/3.2.0/hadoop-hdfs-client-3.2.0.jar:/home/user/.m2/repository/com/fasterxml/jackson/core/jackson-annotations/2.9.9/jackson-annotations-2.9.9.jar:/home/user/.m2/repository/org/apache/hadoop/hadoop-hdds-common/0.5.0-SNAPSHOT/hadoop-hdds-common-0.5.0-SNAPSHOT.jar:/home/user/.m2/repository/javax/annotation/javax.annotation-api/1.2/javax.annotation-api-1.2.jar:/home/user/.m2/repository/org/apache/ratis/ratis-server/0.4.0/ratis-server-0.4.0.jar:/home/user/.m2/repository/org/apache/ratis/ratis-thirdparty-misc/0.2.0/ratis-thirdparty-misc-0.2.0.jar:/home/user/.m2/repository/org/apache/ratis/ratis-proto/0.4.0/ratis-proto-0.4.0.jar:/home/user/.m2/repository/org/apache/ratis/ratis-common/0.4.0/ratis-common-0.4.0.jar:/home/user/.m2/repository/org/apache/ratis/ratis-client/0.4.0/ratis-client-0.4.0.jar:/home/user/.m2/repository/org/apache/ratis/ratis-metrics/0.4.0/ratis-metrics-0.4.0.jar:/home/user/.m2/repository/com/github/joshelser/dropwizard-metrics-hadoop-metrics2-reporter/0.1.2/dropwizard-metrics-hadoop-metrics2-reporter-0.1.2.jar:/home/user/.m2/repository/io/dropwizard/metrics/metrics-jvm/3.2.5/metrics-jvm-3.2.5.jar:/home/user/.m2/repository/io/dropwizard/metrics/metrics-ganglia/3.2.5/metrics-ganglia-3.2.5.jar:/home/user/.m2/repository/info/ganglia/gmetric4j/gmetric4j/1.0.7/gmetric4j-1.0.7.jar:/home/user/.m2/repository/org/apache/ratis/ratis-netty/0.4.0/ratis-netty-0.4.0.jar:/home/user/.m2/repository/org/apache/ratis/ratis-grpc/0.4.0/ratis-grpc-0.4.0.jar:/home/user/.m2/repository/org/rocksdb/rocksdbjni/6.0.1/rocksdbjni-6.0.1.jar:/home/user/.m2/repository/org/apache/logging/log4j/log4j-api/2.11.0/log4j-api-2.11.0.jar:/home/user/.m2/repository/org/apache/logging/log4j/log4j-core/2.11.0/log4j-core-2.11.0.jar:/home/user/.m2/repository/com/lmax/disruptor/3.4.2/disruptor-3.4.2.jar:/home/user/.m2/repository/org/apache/commons/commons-pool2/2.6.0/commons-pool2-2.6.0.jar:/home/user/.m2/repository/org/bouncycastle/bcpkix-jdk15on/1.60/bcpkix-jdk15on-1.60.jar:/home/user/.m2/repository/commons-validator/commons-validator/1.6/commons-validator-1.6.jar:/home/user/.m2/repository/commons-digester/commons-digester/1.8.1/commons-digester-1.8.1.jar:/home/user/.m2/repository/io/jaegertracing/jaeger-client/0.34.0/jaeger-client-0.34.0.jar:/home/user/.m2/repository/io/jaegertracing/jaeger-thrift/0.34.0/jaeger-thrift-0.34.0.jar:/home/user/.m2/repository/org/apache/thrift/libthrift/0.12.0/libthrift-0.12.0.jar:/home/user/.m2/repository/com/squareup/okhttp3/okhttp/3.9.0/okhttp-3.9.0.jar:/home/user/.m2/repository/com/squareup/okio/okio/1.13.0/okio-1.13.0.jar:/home/user/.m2/repository/io/jaegertracing/jaeger-core/0.34.0/jaeger-core-0.34.0.jar:/home/user/.m2/repository/io/jaegertracing/jaeger-tracerresolver/0.34.0/jaeger-tracerresolver-0.34.0.jar:/home/user/.m2/repository/io/opentracing/contrib/opentracing-tracerresolver/0.1.5/opentracing-tracerresolver-0.1.5.jar:/home/user/.m2/repository/io/opentracing/opentracing-util/0.31.0/opentracing-util-0.31.0.jar:/home/user/.m2/repository/io/opentracing/opentracing-api/0.31.0/opentracing-api-0.31.0.jar:/home/user/.m2/repository/io/opentracing/opentracing-noop/0.31.0/opentracing-noop-0.31.0.jar:/home/user/.m2/repository/org/apache/hadoop/hadoop-hdds-server-framework/0.5.0-SNAPSHOT/hadoop-hdds-server-framework-0.5.0-SNAPSHOT.jar:/home/user/.m2/repository/org/apache/hadoop/hadoop-hdds-container-service/0.5.0-SNAPSHOT/hadoop-hdds-container-service-0.5.0-SNAPSHOT.jar:/home/user/.m2/repository/org/apache/hadoop/hadoop-hdds-client/0.5.0-SNAPSHOT/hadoop-hdds-client-0.5.0-SNAPSHOT.jar:/home/user/.m2/repository/org/apache/hadoop/hadoop-hdds-tools/0.5.0-SNAPSHOT/hadoop-hdds-tools-0.5.0-SNAPSHOT.jar:/home/user/.m2/repository/org/apache/hadoop/hadoop-hdds-server-scm/0.5.0-SNAPSHOT/hadoop-hdds-server-scm-0.5.0-SNAPSHOT.jar:/home/user/.m2/repository/org/apache/hadoop/hadoop-hdds-docs/0.5.0-SNAPSHOT/hadoop-hdds-docs-0.5.0-SNAPSHOT.jar:/home/user/.m2/repository/io/dropwizard/metrics/metrics-core/3.2.4/metrics-core-3.2.4.jar:/home/user/.m2/repository/org/hamcrest/hamcrest-all/1.3/hamcrest-all-1.3.jar:/home/user/.m2/repository/org/bouncycastle/bcprov-jdk15on/1.60/bcprov-jdk15on-1.60.jar:/home/user/.m2/repository/info/picocli/picocli/3.9.6/picocli-3.9.6.jar:/home/user/.m2/repository/com/google/protobuf/protobuf-java/2.5.0/protobuf-java-2.5.0.jar:/home/user/.m2/repository/com/google/guava/guava/11.0.2/guava-11.0.2.jar:/home/user/.m2/repository/org/apache/hadoop/hadoop-ozone-ozone-manager/0.5.0-SNAPSHOT/hadoop-ozone-ozone-manager-0.5.0-SNAPSHOT.jar:/home/user/.m2/repository/org/apache/hadoop/hadoop-minikdc/3.2.0/hadoop-minikdc-3.2.0.jar:/home/user/.m2/repository/commons-io/commons-io/2.5/commons-io-2.5.jar:/home/user/.m2/repository/org/apache/kerby/kerb-simplekdc/1.0.1/kerb-simplekdc-1.0.1.jar:/home/user/.m2/repository/org/apache/kerby/kerb-client/1.0.1/kerb-client-1.0.1.jar:/home/user/.m2/repository/org/apache/kerby/kerby-config/1.0.1/kerby-config-1.0.1.jar:/home/user/.m2/repository/org/apache/kerby/kerb-core/1.0.1/kerb-core-1.0.1.jar:/home/user/.m2/repository/org/apache/kerby/kerby-pkix/1.0.1/kerby-pkix-1.0.1.jar:/home/user/.m2/repository/org/apache/kerby/kerby-asn1/1.0.1/kerby-asn1-1.0.1.jar:/home/user/.m2/repository/org/apache/kerby/kerby-util/1.0.1/kerby-util-1.0.1.jar:/home/user/.m2/repository/org/apache/kerby/kerb-common/1.0.1/kerb-common-1.0.1.jar:/home/user/.m2/repository/org/apache/kerby/kerb-crypto/1.0.1/kerb-crypto-1.0.1.jar:/home/user/.m2/repository/org/apache/kerby/kerb-util/1.0.1/kerb-util-1.0.1.jar:/home/user/.m2/repository/org/apache/kerby/token-provider/1.0.1/token-provider-1.0.1.jar:/home/user/.m2/repository/org/apache/kerby/kerb-admin/1.0.1/kerb-admin-1.0.1.jar:/home/user/.m2/repository/org/apache/kerby/kerb-server/1.0.1/kerb-server-1.0.1.jar:/home/user/.m2/repository/org/apache/kerby/kerb-identity/1.0.1/kerb-identity-1.0.1.jar:/home/user/.m2/repository/org/apache/kerby/kerby-xdr/1.0.1/kerby-xdr-1.0.1.jar:/home/user/.m2/repository/org/slf4j/slf4j-log4j12/1.7.25/slf4j-log4j12-1.7.25.jar:/home/user/.m2/repository/org/apache/hadoop/hadoop-ozone-s3gateway/0.5.0-SNAPSHOT/hadoop-ozone-s3gateway-0.5.0-SNAPSHOT.jar:/home/user/.m2/repository/org/jboss/weld/servlet/weld-servlet/2.4.7.Final/weld-servlet-2.4.7.Final.jar:/home/user/.m2/repository/org/glassfish/jersey/containers/jersey-container-servlet-core/2.27/jersey-container-servlet-core-2.27.jar:/home/user/.m2/repository/org/glassfish/hk2/external/javax.inject/2.5.0-b42/javax.inject-2.5.0-b42.jar:/home/user/.m2/repository/org/glassfish/jersey/core/jersey-common/2.27/jersey-common-2.27.jar:/home/user/.m2/repository/org/glassfish/hk2/osgi-resource-locator/1.0.1/osgi-resource-locator-1.0.1.jar:/home/user/.m2/repository/javax/ws/rs/javax.ws.rs-api/2.1/javax.ws.rs-api-2.1.jar:/home/user/.m2/repository/org/glassfish/jersey/ext/cdi/jersey-cdi1x/2.27/jersey-cdi1x-2.27.jar:/home/user/.m2/repository/org/glassfish/jersey/inject/jersey-hk2/2.27/jersey-hk2-2.27.jar:/home/user/.m2/repository/org/glassfish/hk2/hk2-locator/2.5.0-b42/hk2-locator-2.5.0-b42.jar:/home/user/.m2/repository/org/javassist/javassist/3.22.0-CR2/javassist-3.22.0-CR2.jar:/home/user/.m2/repository/org/glassfish/hk2/hk2-api/2.5.0/hk2-api-2.5.0.jar:/home/user/.m2/repository/org/glassfish/hk2/external/jakarta.inject/2.5.0/jakarta.inject-2.5.0.jar:/home/user/.m2/repository/org/glassfish/hk2/hk2-utils/2.5.0/hk2-utils-2.5.0.jar:/home/user/.m2/repository/jakarta/annotation/jakarta.annotation-api/1.3.4/jakarta.annotation-api-1.3.4.jar:/home/user/.m2/repository/org/glassfish/hk2/external/aopalliance-repackaged/2.5.0/aopalliance-repackaged-2.5.0.jar:/home/user/.m2/repository/com/fasterxml/jackson/dataformat/jackson-dataformat-xml/2.9.0/jackson-dataformat-xml-2.9.0.jar:/home/user/.m2/repository/com/fasterxml/jackson/core/jackson-core/2.9.9/jackson-core-2.9.9.jar:/home/user/.m2/repository/com/fasterxml/jackson/module/jackson-module-jaxb-annotations/2.9.9/jackson-module-jaxb-annotations-2.9.9.jar:/home/user/.m2/repository/javax/enterprise/cdi-api/1.2/cdi-api-1.2.jar:/home/user/.m2/repository/javax/el/javax.el-api/3.0.0/javax.el-api-3.0.0.jar:/home/user/.m2/repository/javax/interceptor/javax.interceptor-api/1.2/javax.interceptor-api-1.2.jar:/home/user/.m2/repository/javax/inject/javax.inject/1/javax.inject-1.jar:/home/user/.m2/repository/com/sun/xml/bind/jaxb-impl/2.3.0.1/jaxb-impl-2.3.0.1.jar:/home/user/.m2/repository/com/sun/xml/bind/jaxb-core/2.3.0.1/jaxb-core-2.3.0.1.jar:/home/user/.m2/repository/javax/xml/bind/jaxb-api/2.3.0/jaxb-api-2.3.0.jar:/home/user/.m2/repository/javax/activation/activation/1.1.1/activation-1.1.1.jar:/home/user/.m2/repository/org/apache/hadoop/hadoop-ozone-csi/0.5.0-SNAPSHOT/hadoop-ozone-csi-0.5.0-SNAPSHOT.jar:/home/user/.m2/repository/com/google/protobuf/protobuf-java-util/3.5.1/protobuf-java-util-3.5.1.jar:/home/user/.m2/repository/org/apache/hadoop/hadoop-hdds-config/0.5.0-SNAPSHOT/hadoop-hdds-config-0.5.0-SNAPSHOT.jar:/home/user/.m2/repository/io/grpc/grpc-netty/1.17.1/grpc-netty-1.17.1.jar:/home/user/.m2/repository/io/grpc/grpc-core/1.17.1/grpc-core-1.17.1.jar:/home/user/.m2/repository/io/grpc/grpc-context/1.17.1/grpc-context-1.17.1.jar:/home/user/.m2/repository/com/google/errorprone/error_prone_annotations/2.2.0/error_prone_annotations-2.2.0.jar:/home/user/.m2/repository/org/codehaus/mojo/animal-sniffer-annotations/1.17/animal-sniffer-annotations-1.17.jar:/home/user/.m2/repository/io/opencensus/opencensus-api/0.17.0/opencensus-api-0.17.0.jar:/home/user/.m2/repository/io/opencensus/opencensus-contrib-grpc-metrics/0.17.0/opencensus-contrib-grpc-metrics-0.17.0.jar:/home/user/.m2/repository/io/netty/netty-codec-http2/4.1.30.Final/netty-codec-http2-4.1.30.Final.jar:/home/user/.m2/repository/io/netty/netty-codec-http/4.1.30.Final/netty-codec-http-4.1.30.Final.jar:/home/user/.m2/repository/io/netty/netty-codec/4.1.30.Final/netty-codec-4.1.30.Final.jar:/home/user/.m2/repository/io/netty/netty-handler/4.1.30.Final/netty-handler-4.1.30.Final.jar:/home/user/.m2/repository/io/netty/netty-handler-proxy/4.1.30.Final/netty-handler-proxy-4.1.30.Final.jar:/home/user/.m2/repository/io/netty/netty-codec-socks/4.1.30.Final/netty-codec-socks-4.1.30.Final.jar:/home/user/.m2/repository/io/netty/netty-transport-native-epoll/4.1.30.Final/netty-transport-native-epoll-4.1.30.Final.jar:/home/user/.m2/repository/io/netty/netty-common/4.1.30.Final/netty-common-4.1.30.Final.jar:/home/user/.m2/repository/io/netty/netty-buffer/4.1.30.Final/netty-buffer-4.1.30.Final.jar:/home/user/.m2/repository/io/netty/netty-transport/4.1.30.Final/netty-transport-4.1.30.Final.jar:/home/user/.m2/repository/io/netty/netty-resolver/4.1.30.Final/netty-resolver-4.1.30.Final.jar:/home/user/.m2/repository/io/netty/netty-transport-native-unix-common/4.1.30.Final/netty-transport-native-unix-common-4.1.30.Final.jar:/home/user/.m2/repository/io/grpc/grpc-protobuf/1.17.1/grpc-protobuf-1.17.1.jar:/home/user/.m2/repository/com/google/api/grpc/proto-google-common-protos/1.0.0/proto-google-common-protos-1.0.0.jar:/home/user/.m2/repository/io/grpc/grpc-protobuf-lite/1.17.1/grpc-protobuf-lite-1.17.1.jar:/home/user/.m2/repository/io/grpc/grpc-stub/1.17.1/grpc-stub-1.17.1.jar:/home/user/.m2/repository/org/apache/hadoop/hadoop-ozone-recon/0.5.0-SNAPSHOT/hadoop-ozone-recon-0.5.0-SNAPSHOT.jar:/home/user/.m2/repository/org/apache/hadoop/hadoop-ozone-reconcodegen/0.5.0-SNAPSHOT/hadoop-ozone-reconcodegen-0.5.0-SNAPSHOT.jar:/home/user/.m2/repository/com/google/inject/extensions/guice-multibindings/4.0/guice-multibindings-4.0.jar:/home/user/.m2/repository/com/google/inject/guice/4.0/guice-4.0.jar:/home/user/.m2/repository/aopalliance/aopalliance/1.0/aopalliance-1.0.jar:/home/user/.m2/repository/com/google/inject/extensions/guice-servlet/4.0/guice-servlet-4.0.jar:/home/user/.m2/repository/org/glassfish/jersey/containers/jersey-container-servlet/2.27/jersey-container-servlet-2.27.jar:/home/user/.m2/repository/org/glassfish/hk2/guice-bridge/2.5.0/guice-bridge-2.5.0.jar:/home/user/.m2/repository/org/glassfish/jersey/core/jersey-server/2.27/jersey-server-2.27.jar:/home/user/.m2/repository/org/glassfish/jersey/core/jersey-client/2.27/jersey-client-2.27.jar:/home/user/.m2/repository/org/glassfish/jersey/media/jersey-media-jaxb/2.27/jersey-media-jaxb-2.27.jar:/home/user/.m2/repository/javax/validation/validation-api/1.1.0.Final/validation-api-1.1.0.Final.jar:/home/user/.m2/repository/org/glassfish/jersey/media/jersey-media-json-jackson/2.27/jersey-media-json-jackson-2.27.jar:/home/user/.m2/repository/org/glassfish/jersey/ext/jersey-entity-filtering/2.27/jersey-entity-filtering-2.27.jar:/home/user/.m2/repository/com/google/inject/extensions/guice-assistedinject/4.0/guice-assistedinject-4.0.jar:/home/user/.m2/repository/org/jooq/jooq/3.11.10/jooq-3.11.10.jar:/home/user/.m2/repository/org/jooq/jooq-meta/3.11.10/jooq-meta-3.11.10.jar:/home/user/.m2/repository/org/jooq/jooq-codegen/3.11.10/jooq-codegen-3.11.10.jar:/home/user/.m2/repository/com/jolbox/bonecp/0.8.0.RELEASE/bonecp-0.8.0.RELEASE.jar:/home/user/.m2/repository/org/xerial/sqlite-jdbc/3.25.2/sqlite-jdbc-3.25.2.jar:/home/user/.m2/repository/org/springframework/spring-jdbc/5.1.3.RELEASE/spring-jdbc-5.1.3.RELEASE.jar:/home/user/.m2/repository/org/springframework/spring-beans/5.1.3.RELEASE/spring-beans-5.1.3.RELEASE.jar:/home/user/.m2/repository/org/springframework/spring-core/5.1.3.RELEASE/spring-core-5.1.3.RELEASE.jar:/home/user/.m2/repository/org/springframework/spring-jcl/5.1.3.RELEASE/spring-jcl-5.1.3.RELEASE.jar:/home/user/.m2/repository/org/springframework/spring-tx/5.1.3.RELEASE/spring-tx-5.1.3.RELEASE.jar:/home/user/.m2/repository/org/apache/hadoop/hadoop-ozone-client/0.5.0-SNAPSHOT/hadoop-ozone-client-0.5.0-SNAPSHOT.jar:/home/user/.m2/repository/commons-lang/commons-lang/2.6/commons-lang-2.6.jar:/home/user/.m2/repository/org/apache/hadoop/hadoop-ozone-ozone-manager/0.5.0-SNAPSHOT/hadoop-ozone-ozone-manager-0.5.0-SNAPSHOT-tests.jar:/home/user/.m2/repository/junit/junit/4.11/junit-4.11.jar:/home/user/.m2/repository/org/hamcrest/hamcrest-core/1.3/hamcrest-core-1.3.jar:/home/user/.m2/repository/org/openjdk/jmh/jmh-core/1.19/jmh-core-1.19.jar:/home/user/.m2/repository/net/sf/jopt-simple/jopt-simple/4.6/jopt-simple-4.6.jar:/home/user/.m2/repository/org/apache/commons/commons-math3/3.1.1/commons-math3-3.1.1.jar:/home/user/.m2/repository/org/openjdk/jmh/jmh-generator-annprocess/1.19/jmh-generator-annprocess-1.19.jar:/home/user/.m2/repository/org/mockito/mockito-all/1.8.5/mockito-all-1.8.5.jar:/home/user/.m2/repository/org/apache/hadoop/hadoop-kms/3.2.0/hadoop-kms-3.2.0.jar:/home/user/.m2/repository/org/apache/hadoop/hadoop-auth/3.2.0/hadoop-auth-3.2.0.jar:/home/user/.m2/repository/com/nimbusds/nimbus-jose-jwt/4.41.1/nimbus-jose-jwt-4.41.1.jar:/home/user/.m2/repository/com/github/stephenc/jcip/jcip-annotations/1.0-1/jcip-annotations-1.0-1.jar:/home/user/.m2/repository/net/minidev/json-smart/2.3/json-smart-2.3.jar:/home/user/.m2/repository/net/minidev/accessors-smart/1.2/accessors-smart-1.2.jar:/home/user/.m2/repository/org/ow2/asm/asm/5.0.4/asm-5.0.4.jar:/home/user/.m2/repository/org/apache/curator/curator-framework/2.12.0/curator-framework-2.12.0.jar:/home/user/.m2/repository/com/sun/jersey/jersey-core/1.19/jersey-core-1.19.jar:/home/user/.m2/repository/javax/ws/rs/jsr311-api/1.1.1/jsr311-api-1.1.1.jar:/home/user/.m2/repository/com/sun/jersey/jersey-server/1.19/jersey-server-1.19.jar:/home/user/.m2/repository/javax/servlet/javax.servlet-api/3.1.0/javax.servlet-api-3.1.0.jar:/home/user/.m2/repository/org/eclipse/jetty/jetty-server/9.3.25.v20180904/jetty-server-9.3.25.v20180904.jar:/home/user/.m2/repository/org/eclipse/jetty/jetty-http/9.3.25.v20180904/jetty-http-9.3.25.v20180904.jar:/home/user/.m2/repository/org/eclipse/jetty/jetty-io/9.3.25.v20180904/jetty-io-9.3.25.v20180904.jar:/home/user/.m2/repository/org/eclipse/jetty/jetty-webapp/9.3.25.v20180904/jetty-webapp-9.3.25.v20180904.jar:/home/user/.m2/repository/org/eclipse/jetty/jetty-xml/9.3.25.v20180904/jetty-xml-9.3.25.v20180904.jar:/home/user/.m2/repository/log4j/log4j/1.2.17/log4j-1.2.17.jar:/home/user/.m2/repository/org/slf4j/slf4j-api/1.7.25/slf4j-api-1.7.25.jar:/home/user/.m2/repository/org/slf4j/jul-to-slf4j/1.7.25/jul-to-slf4j-1.7.25.jar:/home/user/.m2/repository/org/eclipse/jetty/jetty-util/9.3.25.v20180904/jetty-util-9.3.25.v20180904.jar:/home/user/.m2/repository/com/fasterxml/jackson/core/jackson-databind/2.9.9/jackson-databind-2.9.9.jar:/home/user/.m2/repository/org/apache/hadoop/hadoop-kms/3.2.0/hadoop-kms-3.2.0-tests.jar:/home/user/.m2/repository/org/apache/hadoop/hadoop-hdds-server-scm/0.5.0-SNAPSHOT/hadoop-hdds-server-scm-0.5.0-SNAPSHOT-tests.jar:/home/user/.m2/repository/org/apache/hadoop/hadoop-hdds-container-service/0.5.0-SNAPSHOT/hadoop-hdds-container-service-0.5.0-SNAPSHOT-tests.jar:/home/user/.m2/repository/org/yaml/snakeyaml/1.16/snakeyaml-1.16.jar:/home/user/.m2/repository/org/apache/hadoop/hadoop-common/3.2.0/hadoop-common-3.2.0-tests.jar:/home/user/.m2/repository/org/apache/hadoop/hadoop-annotations/3.2.0/hadoop-annotations-3.2.0.jar:/usr/lib/jvm/java-1.8-openjdk/jre/../lib/tools.jar:/home/user/.m2/repository/commons-cli/commons-cli/1.2/commons-cli-1.2.jar:/home/user/.m2/repository/org/apache/httpcomponents/httpclient/4.5.2/httpclient-4.5.2.jar:/home/user/.m2/repository/org/apache/httpcomponents/httpcore/4.4.4/httpcore-4.4.4.jar:/home/user/.m2/repository/commons-codec/commons-codec/1.11/commons-codec-1.11.jar:/home/user/.m2/repository/commons-net/commons-net/3.6/commons-net-3.6.jar:/home/user/.m2/repository/commons-collections/commons-collections/3.2.2/commons-collections-3.2.2.jar:/home/user/.m2/repository/org/eclipse/jetty/jetty-servlet/9.3.25.v20180904/jetty-servlet-9.3.25.v20180904.jar:/home/user/.m2/repository/org/eclipse/jetty/jetty-security/9.3.25.v20180904/jetty-security-9.3.25.v20180904.jar:/home/user/.m2/repository/javax/servlet/jsp/jsp-api/2.1/jsp-api-2.1.jar:/home/user/.m2/repository/com/sun/jersey/jersey-servlet/1.19/jersey-servlet-1.19.jar:/home/user/.m2/repository/com/sun/jersey/jersey-json/1.19/jersey-json-1.19.jar:/home/user/.m2/repository/org/codehaus/jettison/jettison/1.1/jettison-1.1.jar:/home/user/.m2/repository/org/codehaus/jackson/jackson-core-asl/1.9.13/jackson-core-asl-1.9.13.jar:/home/user/.m2/repository/org/codehaus/jackson/jackson-mapper-asl/1.9.13/jackson-mapper-asl-1.9.13.jar:/home/user/.m2/repository/org/codehaus/jackson/jackson-jaxrs/1.9.13/jackson-jaxrs-1.9.13.jar:/home/user/.m2/repository/org/codehaus/jackson/jackson-xc/1.9.13/jackson-xc-1.9.13.jar:/home/user/.m2/repository/commons-logging/commons-logging/1.1.3/commons-logging-1.1.3.jar:/home/user/.m2/repository/commons-beanutils/commons-beanutils/1.9.4/commons-beanutils-1.9.4.jar:/home/user/.m2/repository/org/apache/commons/commons-configuration2/2.1.1/commons-configuration2-2.1.1.jar:/home/user/.m2/repository/org/apache/commons/commons-lang3/3.7/commons-lang3-3.7.jar:/home/user/.m2/repository/org/apache/commons/commons-text/1.4/commons-text-1.4.jar:/home/user/.m2/repository/org/apache/avro/avro/1.7.7/avro-1.7.7.jar:/home/user/.m2/repository/com/thoughtworks/paranamer/paranamer/2.3/paranamer-2.3.jar:/home/user/.m2/repository/org/xerial/snappy/snappy-java/1.0.5/snappy-java-1.0.5.jar:/home/user/.m2/repository/com/google/re2j/re2j/1.1/re2j-1.1.jar:/home/user/.m2/repository/com/google/code/gson/gson/2.2.4/gson-2.2.4.jar:/home/user/.m2/repository/com/jcraft/jsch/0.1.54/jsch-0.1.54.jar:/home/user/.m2/repository/org/apache/curator/curator-client/2.12.0/curator-client-2.12.0.jar:/home/user/.m2/repository/org/apache/curator/curator-recipes/2.12.0/curator-recipes-2.12.0.jar:/home/user/.m2/repository/com/google/code/findbugs/jsr305/3.0.0/jsr305-3.0.0.jar:/home/user/.m2/repository/org/apache/htrace/htrace-core4/4.1.0-incubating/htrace-core4-4.1.0-incubating.jar:/home/user/.m2/repository/org/apache/zookeeper/zookeeper/3.4.13/zookeeper-3.4.13.jar:/home/user/.m2/repository/jline/jline/0.9.94/jline-0.9.94.jar:/home/user/.m2/repository/org/apache/yetus/audience-annotations/0.5.0/audience-annotations-0.5.0.jar:/home/user/.m2/repository/org/codehaus/woodstox/stax2-api/3.1.4/stax2-api-3.1.4.jar:/home/user/.m2/repository/com/fasterxml/woodstox/woodstox-core/5.0.3/woodstox-core-5.0.3.jar:/home/user/.m2/repository/dnsjava/dnsjava/2.1.7/dnsjava-2.1.7.jar:/home/user/.m2/repository/org/apache/hadoop/hadoop-hdfs/3.2.0/hadoop-hdfs-3.2.0-tests.jar:/home/user/.m2/repository/org/eclipse/jetty/jetty-util-ajax/9.3.25.v20180904/jetty-util-ajax-9.3.25.v20180904.jar:/home/user/.m2/repository/commons-daemon/commons-daemon/1.0.13/commons-daemon-1.0.13.jar:/home/user/.m2/repository/io/netty/netty/3.10.5.Final/netty-3.10.5.Final.jar:/home/user/.m2/repository/io/netty/netty-all/4.0.52.Final/netty-all-4.0.52.Final.jar:/home/user/.m2/repository/org/fusesource/leveldbjni/leveldbjni-all/1.8/leveldbjni-all-1.8.jar:"/>
    <property name="sun.cpu.endian" value="little"/>
    <property name="user.home" value="/home/user"/>
    <property name="user.language" value="en"/>
    <property name="java.specification.vendor" value="Oracle Corporation"/>
    <property name="java.home" value="/usr/lib/jvm/java-1.8-openjdk/jre"/>
    <property name="java.security.krb5.conf" value="/workdir/hadoop-ozone/integration-test/target/test-classes/krb5.conf"/>
    <property name="basedir" value="/workdir/hadoop-ozone/integration-test"/>
    <property name="file.separator" value="/"/>
    <property name="line.separator" value="&#10;"/>
    <property name="java.vm.specification.vendor" value="Oracle Corporation"/>
    <property name="java.specification.name" value="Java Platform API Specification"/>
    <property name="java.awt.graphicsenv" value="sun.awt.X11GraphicsEnvironment"/>
    <property name="surefire.real.class.path" value="/workdir/hadoop-ozone/integration-test/target/surefire/surefirebooter1722988673936896401.jar"/>
    <property name="hadoop.log.dir" value="/workdir/hadoop-ozone/integration-test/target/log"/>
    <property name="sun.boot.class.path" value="/usr/lib/jvm/java-1.8-openjdk/jre/lib/resources.jar:/usr/lib/jvm/java-1.8-openjdk/jre/lib/rt.jar:/usr/lib/jvm/java-1.8-openjdk/jre/lib/sunrsasign.jar:/usr/lib/jvm/java-1.8-openjdk/jre/lib/jsse.jar:/usr/lib/jvm/java-1.8-openjdk/jre/lib/jce.jar:/usr/lib/jvm/java-1.8-openjdk/jre/lib/charsets.jar:/usr/lib/jvm/java-1.8-openjdk/jre/lib/jfr.jar:/usr/lib/jvm/java-1.8-openjdk/jre/classes"/>
    <property name="sun.management.compiler" value="HotSpot 64-Bit Tiered Compilers"/>
    <property name="java.runtime.version" value="1.8.0_212-b04"/>
    <property name="java.net.preferIPv4Stack" value="true"/>
    <property name="user.name" value="jenkins1000"/>
    <property name="path.separator" value=":"/>
    <property name="java.security.egd" value="file:///dev/urandom"/>
    <property name="os.version" value="3.10.0-957.12.2.el7.x86_64"/>
    <property name="java.endorsed.dirs" value="/usr/lib/jvm/java-1.8-openjdk/jre/lib/endorsed"/>
    <property name="java.runtime.name" value="OpenJDK Runtime Environment"/>
    <property name="file.encoding" value="UTF-8"/>
    <property name="java.vm.name" value="OpenJDK 64-Bit Server VM"/>
    <property name="test.build.webapps" value=""/>
    <property name="localRepository" value="/home/user/.m2/repository"/>
    <property name="java.vendor.url.bug" value="https://icedtea.classpath.org/bugzilla"/>
    <property name="java.io.tmpdir" value="/tmp"/>
    <property name="require.test.libhadoop" value=""/>
    <property name="java.version" value="1.8.0_212"/>
    <property name="user.dir" value="/workdir/hadoop-ozone/integration-test"/>
    <property name="os.arch" value="amd64"/>
    <property name="java.vm.specification.name" value="Java Virtual Machine Specification"/>
    <property name="test.build.classes" value="/workdir/hadoop-ozone/integration-test/target/test-classes"/>
    <property name="java.awt.printerjob" value="sun.print.PSPrinterJob"/>
    <property name="sun.os.patch.level" value="unknown"/>
    <property name="hadoop.tmp.dir" value="/workdir/hadoop-ozone/integration-test/target/tmp"/>
    <property name="java.library.path" value="/usr/lib/jvm/java-1.8-openjdk/jre/lib/amd64/server:/usr/lib/jvm/java-1.8-openjdk/jre/lib/amd64:/usr/lib/jvm/java-1.8-openjdk/jre/../lib/amd64:/workdir/hadoop-ozone/integration-test/target/native/target/usr/local/lib:/workdir/hadoop-ozone/integration-test/../../hadoop-common-project/hadoop-common/target/native/target/usr/local/lib:/usr/java/packages/lib/amd64:/usr/lib64:/lib64:/lib:/usr/lib"/>
    <property name="java.vm.info" value="mixed mode"/>
    <property name="java.vendor" value="IcedTea"/>
    <property name="java.vm.version" value="25.212-b04"/>
    <property name="java.ext.dirs" value="/usr/lib/jvm/java-1.8-openjdk/jre/lib/ext:/usr/java/packages/lib/ext"/>
    <property name="sun.io.unicode.encoding" value="UnicodeLittle"/>
    <property name="java.class.version" value="52.0"/>
  </properties>
  <testcase name="testMultiBlockWritesWithIntermittentDnFailures" classname="org.apache.hadoop.ozone.client.rpc.TestMultiBlockWritesWithDnFailures" time="58.032"/>
  <testcase name="testMultiBlockWritesWithDnFailures" classname="org.apache.hadoop.ozone.client.rpc.TestMultiBlockWritesWithDnFailures" time="49.673">
    <error message="Allocated 0 blocks. Requested 1 blocks" type="INTERNAL_ERROR org.apache.hadoop.ozone.om.exceptions.OMException">INTERNAL_ERROR org.apache.hadoop.ozone.om.exceptions.OMException: Allocated 0 blocks. Requested 1 blocks
	at org.apache.hadoop.ozone.om.protocolPB.OzoneManagerProtocolClientSideTranslatorPB.handleError(OzoneManagerProtocolClientSideTranslatorPB.java:732)
	at org.apache.hadoop.ozone.om.protocolPB.OzoneManagerProtocolClientSideTranslatorPB.allocateBlock(OzoneManagerProtocolClientSideTranslatorPB.java:764)
	at sun.reflect.NativeMethodAccessorImpl.invoke0(Native Method)
	at sun.reflect.NativeMethodAccessorImpl.invoke(NativeMethodAccessorImpl.java:62)
	at sun.reflect.DelegatingMethodAccessorImpl.invoke(DelegatingMethodAccessorImpl.java:43)
	at java.lang.reflect.Method.invoke(Method.java:498)
	at org.apache.hadoop.hdds.tracing.TraceAllMethod.invoke(TraceAllMethod.java:66)
	at com.sun.proxy.$Proxy36.allocateBlock(Unknown Source)
	at org.apache.hadoop.ozone.client.io.BlockOutputStreamEntryPool.allocateNewBlock(BlockOutputStreamEntryPool.java:248)
	at org.apache.hadoop.ozone.client.io.BlockOutputStreamEntryPool.allocateBlockIfNeeded(BlockOutputStreamEntryPool.java:296)
	at org.apache.hadoop.ozone.client.io.KeyOutputStream.handleWrite(KeyOutputStream.java:198)
	at org.apache.hadoop.ozone.client.io.KeyOutputStream.handleRetry(KeyOutputStream.java:375)
	at org.apache.hadoop.ozone.client.io.KeyOutputStream.handleException(KeyOutputStream.java:324)
	at org.apache.hadoop.ozone.client.io.KeyOutputStream.handleWrite(KeyOutputStream.java:228)
	at org.apache.hadoop.ozone.client.io.KeyOutputStream.write(KeyOutputStream.java:190)
	at org.apache.hadoop.ozone.client.io.OzoneOutputStream.write(OzoneOutputStream.java:49)
	at java.io.OutputStream.write(OutputStream.java:75)
	at org.apache.hadoop.ozone.client.rpc.TestMultiBlockWritesWithDnFailures.testMultiBlockWritesWithDnFailures(TestMultiBlockWritesWithDnFailures.java:147)
	at sun.reflect.NativeMethodAccessorImpl.invoke0(Native Method)
	at sun.reflect.NativeMethodAccessorImpl.invoke(NativeMethodAccessorImpl.java:62)
	at sun.reflect.DelegatingMethodAccessorImpl.invoke(DelegatingMethodAccessorImpl.java:43)
	at java.lang.reflect.Method.invoke(Method.java:498)
	at org.junit.runners.model.FrameworkMethod$1.runReflectiveCall(FrameworkMethod.java:47)
	at org.junit.internal.runners.model.ReflectiveCallable.run(ReflectiveCallable.java:12)
	at org.junit.runners.model.FrameworkMethod.invokeExplosively(FrameworkMethod.java:44)
	at org.junit.internal.runners.statements.InvokeMethod.evaluate(InvokeMethod.java:17)
	at org.junit.internal.runners.statements.RunAfters.evaluate(RunAfters.java:27)
	at org.junit.runners.ParentRunner.runLeaf(ParentRunner.java:271)
	at org.junit.runners.BlockJUnit4ClassRunner.runChild(BlockJUnit4ClassRunner.java:70)
	at org.junit.runners.BlockJUnit4ClassRunner.runChild(BlockJUnit4ClassRunner.java:50)
	at org.junit.runners.ParentRunner$3.run(ParentRunner.java:238)
	at org.junit.runners.ParentRunner$1.schedule(ParentRunner.java:63)
	at org.junit.runners.ParentRunner.runChildren(ParentRunner.java:236)
	at org.junit.runners.ParentRunner.access$000(ParentRunner.java:53)
	at org.junit.runners.ParentRunner$2.evaluate(ParentRunner.java:229)
	at org.junit.runners.ParentRunner.run(ParentRunner.java:309)
	at org.apache.maven.surefire.junit4.JUnit4Provider.execute(JUnit4Provider.java:365)
	at org.apache.maven.surefire.junit4.JUnit4Provider.executeWithRerun(JUnit4Provider.java:273)
	at org.apache.maven.surefire.junit4.JUnit4Provider.executeTestSet(JUnit4Provider.java:238)
	at org.apache.maven.surefire.junit4.JUnit4Provider.invoke(JUnit4Provider.java:159)
	at org.apache.maven.surefire.booter.ForkedBooter.invokeProviderInSameClassLoader(ForkedBooter.java:384)
	at org.apache.maven.surefire.booter.ForkedBooter.runSuitesInProcess(ForkedBooter.java:345)
	at org.apache.maven.surefire.booter.ForkedBooter.execute(ForkedBooter.java:126)
	at org.apache.maven.surefire.booter.ForkedBooter.main(ForkedBooter.java:418)
</error>
    <system-out><![CDATA[2019-10-14 09:11:10,420 [main] WARN  server.ServerUtils (ServerUtils.java:getScmDbDir(145)) - ozone.scm.db.dirs is not configured. We recommend adding this setting. Falling back to ozone.metadata.dirs instead.
2019-10-14 09:11:10,446 [main] WARN  server.ServerUtils (ServerUtils.java:getScmDbDir(145)) - ozone.scm.db.dirs is not configured. We recommend adding this setting. Falling back to ozone.metadata.dirs instead.
2019-10-14 09:11:10,447 [main] WARN  server.ServerUtils (ServerUtils.java:getScmDbDir(145)) - ozone.scm.db.dirs is not configured. We recommend adding this setting. Falling back to ozone.metadata.dirs instead.
2019-10-14 09:11:10,448 [main] INFO  db.DBStoreBuilder (DBStoreBuilder.java:addTable(110)) - using custom profile for table: deletedBlocks
2019-10-14 09:11:10,448 [main] INFO  db.DBStoreBuilder (DBStoreBuilder.java:processTables(161)) - Using default column profile:DBProfile.DISK for Table:deletedBlocks
2019-10-14 09:11:10,448 [main] INFO  db.DBStoreBuilder (DBStoreBuilder.java:addTable(110)) - using custom profile for table: validCerts
2019-10-14 09:11:10,448 [main] INFO  db.DBStoreBuilder (DBStoreBuilder.java:processTables(161)) - Using default column profile:DBProfile.DISK for Table:validCerts
2019-10-14 09:11:10,449 [main] INFO  db.DBStoreBuilder (DBStoreBuilder.java:addTable(110)) - using custom profile for table: revokedCerts
2019-10-14 09:11:10,449 [main] INFO  db.DBStoreBuilder (DBStoreBuilder.java:processTables(161)) - Using default column profile:DBProfile.DISK for Table:revokedCerts
2019-10-14 09:11:10,449 [main] INFO  db.DBStoreBuilder (DBStoreBuilder.java:addTable(110)) - using custom profile for table: default
2019-10-14 09:11:10,449 [main] INFO  db.DBStoreBuilder (DBStoreBuilder.java:processTables(167)) - Using default column profile:DBProfile.DISK for Table:default
2019-10-14 09:11:10,450 [main] INFO  db.DBStoreBuilder (DBStoreBuilder.java:getDbProfile(198)) - Using default options. DBProfile.DISK
2019-10-14 09:11:10,716 [main] INFO  net.NodeSchemaLoader (NodeSchemaLoader.java:loadSchemaFromFile(125)) - Loading file from sun.misc.CompoundEnumeration@3aaa3c39
2019-10-14 09:11:10,717 [main] INFO  net.NodeSchemaLoader (NodeSchemaLoader.java:loadSchema(171)) - Loading network topology layer schema file
2019-10-14 09:11:10,722 [main] INFO  node.SCMNodeManager (SCMNodeManager.java:<init>(114)) - Entering startup safe mode.
2019-10-14 09:11:10,723 [main] INFO  algorithms.ContainerPlacementPolicyFactory (ContainerPlacementPolicyFactory.java:getPolicy(59)) - Create container placement policy of type org.apache.hadoop.hdds.scm.container.placement.algorithms.SCMContainerPlacementRandom
2019-10-14 09:11:10,723 [main] WARN  server.ServerUtils (ServerUtils.java:getScmDbDir(145)) - ozone.scm.db.dirs is not configured. We recommend adding this setting. Falling back to ozone.metadata.dirs instead.
2019-10-14 09:11:10,824 [main] INFO  pipeline.SCMPipelineManager (SCMPipelineManager.java:initializePipelineState(137)) - No pipeline exists in current db
2019-10-14 09:11:10,825 [main] WARN  server.ServerUtils (ServerUtils.java:getScmDbDir(145)) - ozone.scm.db.dirs is not configured. We recommend adding this setting. Falling back to ozone.metadata.dirs instead.
2019-10-14 09:11:10,927 [main] WARN  events.EventQueue (EventQueue.java:fireEvent(183)) - No event handler registered for event TypedEvent{payloadType=SafeModeStatus, name='SafeModeStatus'}
2019-10-14 09:11:10,928 [main] INFO  ipc.CallQueueManager (CallQueueManager.java:<init>(84)) - Using callQueue: class java.util.concurrent.LinkedBlockingQueue, queueCapacity: 2000, scheduler: class org.apache.hadoop.ipc.DefaultRpcScheduler, ipcBackoff: false.
2019-10-14 09:11:10,929 [Socket Reader #1 for port 46129] INFO  ipc.Server (Server.java:run(1074)) - Starting Socket Reader #1 for port 46129
2019-10-14 09:11:10,931 [main] INFO  ipc.CallQueueManager (CallQueueManager.java:<init>(84)) - Using callQueue: class java.util.concurrent.LinkedBlockingQueue, queueCapacity: 2000, scheduler: class org.apache.hadoop.ipc.DefaultRpcScheduler, ipcBackoff: false.
2019-10-14 09:11:10,932 [Socket Reader #1 for port 45920] INFO  ipc.Server (Server.java:run(1074)) - Starting Socket Reader #1 for port 45920
2019-10-14 09:11:10,934 [main] INFO  ipc.CallQueueManager (CallQueueManager.java:<init>(84)) - Using callQueue: class java.util.concurrent.LinkedBlockingQueue, queueCapacity: 2000, scheduler: class org.apache.hadoop.ipc.DefaultRpcScheduler, ipcBackoff: false.
2019-10-14 09:11:10,934 [Socket Reader #1 for port 44425] INFO  ipc.Server (Server.java:run(1074)) - Starting Socket Reader #1 for port 44425
2019-10-14 09:11:10,938 [main] INFO  hdfs.DFSUtil (DFSUtil.java:httpServerTemplateForNNAndJN(1641)) - Starting Web-server for scm at: http://0.0.0.0:0
2019-10-14 09:11:10,941 [main] INFO  server.AuthenticationFilter (AuthenticationFilter.java:constructSecretProvider(240)) - Unable to initialize FileSignerSecretProvider, falling back to use random secrets.
2019-10-14 09:11:10,942 [main] WARN  http.HttpRequestLog (HttpRequestLog.java:getRequestLog(97)) - Jetty request log can only be enabled using Log4j
2019-10-14 09:11:10,945 [main] INFO  http.HttpServer2 (HttpServer2.java:addGlobalFilter(975)) - Added global filter 'safety' (class=org.apache.hadoop.http.HttpServer2$QuotingInputFilter)
2019-10-14 09:11:10,946 [main] INFO  http.HttpServer2 (HttpServer2.java:addFilter(948)) - Added filter static_user_filter (class=org.apache.hadoop.http.lib.StaticUserWebFilter$StaticUserFilter) to context scm
2019-10-14 09:11:10,946 [main] INFO  http.HttpServer2 (HttpServer2.java:addFilter(958)) - Added filter static_user_filter (class=org.apache.hadoop.http.lib.StaticUserWebFilter$StaticUserFilter) to context logs
2019-10-14 09:11:10,947 [main] INFO  http.HttpServer2 (HttpServer2.java:addFilter(958)) - Added filter static_user_filter (class=org.apache.hadoop.http.lib.StaticUserWebFilter$StaticUserFilter) to context static
2019-10-14 09:11:10,950 [main] INFO  server.StorageContainerManager (StorageContainerManager.java:start(770)) - StorageContainerLocationProtocol RPC server is listening at /0.0.0.0:44425
2019-10-14 09:11:10,953 [main] WARN  impl.MetricsConfig (MetricsConfig.java:loadFirst(134)) - Cannot locate configuration: tried hadoop-metrics2-storagecontainermanager.properties,hadoop-metrics2.properties
2019-10-14 09:11:10,954 [main] INFO  impl.MetricsSystemImpl (MetricsSystemImpl.java:startTimer(374)) - Scheduled Metric snapshot period at 10 second(s).
2019-10-14 09:11:10,954 [main] INFO  impl.MetricsSystemImpl (MetricsSystemImpl.java:start(191)) - StorageContainerManager metrics system started
2019-10-14 09:11:11,014 [main] WARN  impl.MetricsSystemImpl (MetricsSystemImpl.java:register(276)) - Sink prometheus already exists!
2019-10-14 09:11:11,022 [main] INFO  server.SCMClientProtocolServer (SCMClientProtocolServer.java:start(151)) - RPC server for Client  is listening at /0.0.0.0:44425
2019-10-14 09:11:11,022 [IPC Server Responder] INFO  ipc.Server (Server.java:run(1314)) - IPC Server Responder: starting
2019-10-14 09:11:11,023 [IPC Server listener on 44425] INFO  ipc.Server (Server.java:run(1153)) - IPC Server listener on 44425: starting
2019-10-14 09:11:11,027 [main] INFO  server.StorageContainerManager (StorageContainerManager.java:start(780)) - ScmBlockLocationProtocol RPC server is listening at /0.0.0.0:45920
2019-10-14 09:11:11,027 [main] INFO  server.SCMBlockProtocolServer (SCMBlockProtocolServer.java:start(146)) - RPC server for Block Protocol is listening at /0.0.0.0:45920
2019-10-14 09:11:11,027 [IPC Server Responder] INFO  ipc.Server (Server.java:run(1314)) - IPC Server Responder: starting
2019-10-14 09:11:11,028 [IPC Server listener on 45920] INFO  ipc.Server (Server.java:run(1153)) - IPC Server listener on 45920: starting
2019-10-14 09:11:11,032 [main] INFO  server.StorageContainerManager (StorageContainerManager.java:start(784)) - ScmDatanodeProtocl RPC server is listening at /0.0.0.0:46129
2019-10-14 09:11:11,032 [main] INFO  server.SCMDatanodeProtocolServer (SCMDatanodeProtocolServer.java:start(191)) - RPC server for DataNodes is listening at /0.0.0.0:46129
2019-10-14 09:11:11,033 [IPC Server Responder] INFO  ipc.Server (Server.java:run(1314)) - IPC Server Responder: starting
2019-10-14 09:11:11,034 [IPC Server listener on 46129] INFO  ipc.Server (Server.java:run(1153)) - IPC Server listener on 46129: starting
2019-10-14 09:11:11,037 [main] INFO  http.HttpServer2 (HttpServer2.java:bindListener(1191)) - Jetty bound to port 42159
2019-10-14 09:11:11,037 [main] INFO  server.Server (Server.java:doStart(351)) - jetty-9.3.25.v20180904, build timestamp: 2018-09-04T21:11:46Z, git hash: 3ce520221d0240229c862b122d2b06c12a625732
2019-10-14 09:11:11,039 [main] INFO  handler.ContextHandler (ContextHandler.java:doStart(781)) - Started o.e.j.s.ServletContextHandler@5c9934da{/logs,file:///workdir/hadoop-ozone/integration-test/target/log,AVAILABLE}
2019-10-14 09:11:11,040 [main] INFO  handler.ContextHandler (ContextHandler.java:doStart(781)) - Started o.e.j.s.ServletContextHandler@383caf89{/static,file:///workdir/hadoop-ozone/integration-test/target/test-classes/webapps/static,AVAILABLE}
2019-10-14 09:11:11,045 [main] INFO  handler.ContextHandler (ContextHandler.java:doStart(781)) - Started o.e.j.w.WebAppContext@502a4156{/,file:///workdir/hadoop-ozone/integration-test/target/test-classes/webapps/scm/,AVAILABLE}{/scm}
2019-10-14 09:11:11,047 [main] INFO  server.AbstractConnector (AbstractConnector.java:doStart(278)) - Started ServerConnector@5416f8db{HTTP/1.1,[http/1.1]}{0.0.0.0:42159}
2019-10-14 09:11:11,047 [main] INFO  server.Server (Server.java:doStart(419)) - Started @59030ms
2019-10-14 09:11:11,047 [main] WARN  impl.MetricsSystemImpl (MetricsSystemImpl.java:register(276)) - Sink prometheus already exists!
2019-10-14 09:11:11,048 [main] INFO  server.BaseHttpServer (BaseHttpServer.java:updateConnectorAddress(215)) - HTTP server of SCM is listening at http://0.0.0.0:42159
2019-10-14 09:11:11,049 [main] WARN  server.ServerUtils (ServerUtils.java:getDBPath(222)) - ozone.om.db.dirs is not configured. We recommend adding this setting. Falling back to ozone.metadata.dirs instead.
2019-10-14 09:11:11,049 [org.apache.hadoop.util.JvmPauseMonitor$Monitor@b0fd744] INFO  util.JvmPauseMonitor (JvmPauseMonitor.java:run(188)) - Starting JVM pause monitor
2019-10-14 09:11:11,073 [main] WARN  server.ServerUtils (ServerUtils.java:getDBPath(222)) - ozone.om.db.dirs is not configured. We recommend adding this setting. Falling back to ozone.metadata.dirs instead.
2019-10-14 09:11:11,073 [main] WARN  server.ServerUtils (ServerUtils.java:getDBPath(222)) - ozone.om.db.dirs is not configured. We recommend adding this setting. Falling back to ozone.metadata.dirs instead.
2019-10-14 09:11:11,074 [main] INFO  om.OzoneManager (OzoneManager.java:setOMNodeDetails(652)) - OM Service ID is not set. Setting it to the default ID: omServiceIdDefault
2019-10-14 09:11:11,074 [main] INFO  om.OzoneManager (OzoneManager.java:setOMNodeDetails(658)) - OM Node ID is not set. Setting it to the OmStorage's OmID: ac4d7e80-760b-41fe-85e8-17c429189c08
2019-10-14 09:11:11,074 [main] INFO  om.OzoneManager (OzoneManager.java:loadOMHAConfigs(609)) - Found matching OM address with OMServiceId: null, OMNodeId: null, RPC Address: localhost:0 and Ratis port: 9872
2019-10-14 09:11:11,082 [main] WARN  server.ServerUtils (ServerUtils.java:getDBPath(222)) - ozone.om.db.dirs is not configured. We recommend adding this setting. Falling back to ozone.metadata.dirs instead.
2019-10-14 09:11:11,082 [main] INFO  db.DBStoreBuilder (DBStoreBuilder.java:addTable(110)) - using custom profile for table: userTable
2019-10-14 09:11:11,083 [main] INFO  db.DBStoreBuilder (DBStoreBuilder.java:processTables(161)) - Using default column profile:DBProfile.DISK for Table:userTable
2019-10-14 09:11:11,083 [main] INFO  db.DBStoreBuilder (DBStoreBuilder.java:addTable(110)) - using custom profile for table: volumeTable
2019-10-14 09:11:11,083 [main] INFO  db.DBStoreBuilder (DBStoreBuilder.java:processTables(161)) - Using default column profile:DBProfile.DISK for Table:volumeTable
2019-10-14 09:11:11,083 [main] INFO  db.DBStoreBuilder (DBStoreBuilder.java:addTable(110)) - using custom profile for table: bucketTable
2019-10-14 09:11:11,083 [main] INFO  db.DBStoreBuilder (DBStoreBuilder.java:processTables(161)) - Using default column profile:DBProfile.DISK for Table:bucketTable
2019-10-14 09:11:11,084 [main] INFO  db.DBStoreBuilder (DBStoreBuilder.java:addTable(110)) - using custom profile for table: keyTable
2019-10-14 09:11:11,084 [main] INFO  db.DBStoreBuilder (DBStoreBuilder.java:processTables(161)) - Using default column profile:DBProfile.DISK for Table:keyTable
2019-10-14 09:11:11,084 [main] INFO  db.DBStoreBuilder (DBStoreBuilder.java:addTable(110)) - using custom profile for table: deletedTable
2019-10-14 09:11:11,084 [main] INFO  db.DBStoreBuilder (DBStoreBuilder.java:processTables(161)) - Using default column profile:DBProfile.DISK for Table:deletedTable
2019-10-14 09:11:11,084 [main] INFO  db.DBStoreBuilder (DBStoreBuilder.java:addTable(110)) - using custom profile for table: openKeyTable
2019-10-14 09:11:11,084 [main] INFO  db.DBStoreBuilder (DBStoreBuilder.java:processTables(161)) - Using default column profile:DBProfile.DISK for Table:openKeyTable
2019-10-14 09:11:11,085 [main] INFO  db.DBStoreBuilder (DBStoreBuilder.java:addTable(110)) - using custom profile for table: s3Table
2019-10-14 09:11:11,085 [main] INFO  db.DBStoreBuilder (DBStoreBuilder.java:processTables(161)) - Using default column profile:DBProfile.DISK for Table:s3Table
2019-10-14 09:11:11,085 [main] INFO  db.DBStoreBuilder (DBStoreBuilder.java:addTable(110)) - using custom profile for table: multipartInfoTable
2019-10-14 09:11:11,086 [main] INFO  db.DBStoreBuilder (DBStoreBuilder.java:processTables(161)) - Using default column profile:DBProfile.DISK for Table:multipartInfoTable
2019-10-14 09:11:11,086 [main] INFO  db.DBStoreBuilder (DBStoreBuilder.java:addTable(110)) - using custom profile for table: dTokenTable
2019-10-14 09:11:11,086 [main] INFO  db.DBStoreBuilder (DBStoreBuilder.java:processTables(161)) - Using default column profile:DBProfile.DISK for Table:dTokenTable
2019-10-14 09:11:11,086 [main] INFO  db.DBStoreBuilder (DBStoreBuilder.java:addTable(110)) - using custom profile for table: s3SecretTable
2019-10-14 09:11:11,086 [main] INFO  db.DBStoreBuilder (DBStoreBuilder.java:processTables(161)) - Using default column profile:DBProfile.DISK for Table:s3SecretTable
2019-10-14 09:11:11,087 [main] INFO  db.DBStoreBuilder (DBStoreBuilder.java:addTable(110)) - using custom profile for table: prefixTable
2019-10-14 09:11:11,087 [main] INFO  db.DBStoreBuilder (DBStoreBuilder.java:processTables(161)) - Using default column profile:DBProfile.DISK for Table:prefixTable
2019-10-14 09:11:11,087 [main] INFO  db.DBStoreBuilder (DBStoreBuilder.java:addTable(110)) - using custom profile for table: default
2019-10-14 09:11:11,087 [main] INFO  db.DBStoreBuilder (DBStoreBuilder.java:processTables(167)) - Using default column profile:DBProfile.DISK for Table:default
2019-10-14 09:11:11,087 [main] INFO  db.DBStoreBuilder (DBStoreBuilder.java:getDbProfile(198)) - Using default options. DBProfile.DISK
2019-10-14 09:11:11,782 [main] INFO  ipc.CallQueueManager (CallQueueManager.java:<init>(84)) - Using callQueue: class java.util.concurrent.LinkedBlockingQueue, queueCapacity: 2000, scheduler: class org.apache.hadoop.ipc.DefaultRpcScheduler, ipcBackoff: false.
2019-10-14 09:11:11,784 [Socket Reader #1 for port 34334] INFO  ipc.Server (Server.java:run(1074)) - Starting Socket Reader #1 for port 34334
2019-10-14 09:11:11,798 [main] INFO  om.OzoneManager (OzoneManager.java:start(1243)) - OzoneManager RPC server is listening at localhost/127.0.0.1:34334
2019-10-14 09:11:11,798 [main] INFO  impl.MetricsSystemImpl (MetricsSystemImpl.java:init(158)) - OzoneManager metrics system started (again)
2019-10-14 09:11:11,798 [IPC Server Responder] INFO  ipc.Server (Server.java:run(1314)) - IPC Server Responder: starting
2019-10-14 09:11:11,799 [IPC Server listener on 34334] INFO  ipc.Server (Server.java:run(1153)) - IPC Server listener on 34334: starting
2019-10-14 09:11:11,805 [main] INFO  hdfs.DFSUtil (DFSUtil.java:httpServerTemplateForNNAndJN(1641)) - Starting Web-server for ozoneManager at: http://0.0.0.0:0
2019-10-14 09:11:11,807 [main] INFO  server.AuthenticationFilter (AuthenticationFilter.java:constructSecretProvider(240)) - Unable to initialize FileSignerSecretProvider, falling back to use random secrets.
2019-10-14 09:11:11,808 [main] WARN  http.HttpRequestLog (HttpRequestLog.java:getRequestLog(97)) - Jetty request log can only be enabled using Log4j
2019-10-14 09:11:11,810 [main] INFO  http.HttpServer2 (HttpServer2.java:addGlobalFilter(975)) - Added global filter 'safety' (class=org.apache.hadoop.http.HttpServer2$QuotingInputFilter)
2019-10-14 09:11:11,811 [main] INFO  http.HttpServer2 (HttpServer2.java:addFilter(948)) - Added filter static_user_filter (class=org.apache.hadoop.http.lib.StaticUserWebFilter$StaticUserFilter) to context ozoneManager
2019-10-14 09:11:11,811 [main] INFO  http.HttpServer2 (HttpServer2.java:addFilter(958)) - Added filter static_user_filter (class=org.apache.hadoop.http.lib.StaticUserWebFilter$StaticUserFilter) to context logs
2019-10-14 09:11:11,812 [main] INFO  http.HttpServer2 (HttpServer2.java:addFilter(958)) - Added filter static_user_filter (class=org.apache.hadoop.http.lib.StaticUserWebFilter$StaticUserFilter) to context static
2019-10-14 09:11:11,813 [main] INFO  http.HttpServer2 (HttpServer2.java:bindListener(1191)) - Jetty bound to port 34276
2019-10-14 09:11:11,813 [main] INFO  server.Server (Server.java:doStart(351)) - jetty-9.3.25.v20180904, build timestamp: 2018-09-04T21:11:46Z, git hash: 3ce520221d0240229c862b122d2b06c12a625732
2019-10-14 09:11:11,815 [main] INFO  handler.ContextHandler (ContextHandler.java:doStart(781)) - Started o.e.j.s.ServletContextHandler@1b410308{/logs,file:///workdir/hadoop-ozone/integration-test/target/log,AVAILABLE}
2019-10-14 09:11:11,816 [main] INFO  handler.ContextHandler (ContextHandler.java:doStart(781)) - Started o.e.j.s.ServletContextHandler@f9cab00{/static,file:///workdir/hadoop-ozone/integration-test/target/test-classes/webapps/static,AVAILABLE}
2019-10-14 09:11:11,822 [main] INFO  handler.ContextHandler (ContextHandler.java:doStart(781)) - Started o.e.j.w.WebAppContext@233db8e9{/,file:///workdir/hadoop-ozone/integration-test/target/test-classes/webapps/ozoneManager/,AVAILABLE}{/ozoneManager}
2019-10-14 09:11:11,824 [main] INFO  server.AbstractConnector (AbstractConnector.java:doStart(278)) - Started ServerConnector@40c2ce52{HTTP/1.1,[http/1.1]}{0.0.0.0:34276}
2019-10-14 09:11:11,824 [main] INFO  server.Server (Server.java:doStart(419)) - Started @59807ms
2019-10-14 09:11:11,824 [main] WARN  impl.MetricsSystemImpl (MetricsSystemImpl.java:register(276)) - Sink prometheus already exists!
2019-10-14 09:11:11,825 [main] INFO  server.BaseHttpServer (BaseHttpServer.java:updateConnectorAddress(215)) - HTTP server of OZONEMANAGER is listening at http://0.0.0.0:34276
2019-10-14 09:11:11,849 [main] INFO  impl.MetricsSystemImpl (MetricsSystemImpl.java:init(158)) - HddsDatanode metrics system started (again)
2019-10-14 09:11:11,852 [main] INFO  ozone.HddsDatanodeService (HddsDatanodeService.java:start(184)) - HddsDatanodeService host:pr-hdds-1569-vp9xg-4248047660 ip:192.168.164.214
2019-10-14 09:11:11,859 [main] INFO  volume.HddsVolume (HddsVolume.java:<init>(176)) - Creating Volume: /workdir/hadoop-ozone/integration-test/target/test-dir/MiniOzoneClusterImpl-7dc343c7-8e33-43f6-86ca-4a53fe0b4b94/datanode-0/data/containers/hdds of  storage type : DISK and capacity : 1482555576320
2019-10-14 09:11:11,859 [main] INFO  volume.VolumeSet (VolumeSet.java:initializeVolumeSet(170)) - Added Volume : /workdir/hadoop-ozone/integration-test/target/test-dir/MiniOzoneClusterImpl-7dc343c7-8e33-43f6-86ca-4a53fe0b4b94/datanode-0/data/containers/hdds to VolumeSet
2019-10-14 09:11:11,860 [main] INFO  volume.ThrottledAsyncChecker (ThrottledAsyncChecker.java:schedule(139)) - Scheduling a check for org.apache.hadoop.ozone.container.common.volume.HddsVolume@769bd849
2019-10-14 09:11:11,861 [main] INFO  volume.HddsVolumeChecker (HddsVolumeChecker.java:checkAllVolumes(202)) - Scheduled health check for volume org.apache.hadoop.ozone.container.common.volume.HddsVolume@769bd849
2019-10-14 09:11:11,881 [main] INFO  impl.RaftServerProxy (ConfUtils.java:logGet(43)) - raft.rpc.type = GRPC (default)
2019-10-14 09:11:11,881 [main] INFO  grpc.GrpcFactory (GrpcFactory.java:checkPooledByteBufAllocatorUseCacheForAllThreads(45)) - PERFORMANCE WARNING: useCacheForAllThreads is true that may cause Netty to create a lot garbage objects and, as a result, trigger GC.
	It is recommended to disable useCacheForAllThreads by setting -Dorg.apache.ratis.thirdparty.io.netty.allocator.useCacheForAllThreads=false in command line.
2019-10-14 09:11:11,881 [main] INFO  grpc.GrpcConfigKeys$Server (ConfUtils.java:logGet(43)) - raft.grpc.server.port = 0 (default)
2019-10-14 09:11:11,882 [main] INFO  server.GrpcService (ConfUtils.java:logGet(43)) - raft.grpc.message.size.max = 33570816 (custom)
2019-10-14 09:11:11,882 [main] INFO  server.RaftServerConfigKeys (ConfUtils.java:logGet(43)) - raft.server.log.appender.buffer.byte-limit = 33554432 (custom)
2019-10-14 09:11:11,882 [main] INFO  server.GrpcService (ConfUtils.java:logGet(43)) - raft.grpc.flow.control.window = 1MB (=1048576) (default)
2019-10-14 09:11:11,882 [main] INFO  server.RaftServerConfigKeys (ConfUtils.java:logGet(43)) - raft.server.rpc.request.timeout = 3000ms (default)
2019-10-14 09:11:11,883 [main] INFO  server.RaftServerConfigKeys (ConfUtils.java:logGet(43)) - raft.server.storage.dir = [/workdir/hadoop-ozone/integration-test/target/test-dir/MiniOzoneClusterImpl-7dc343c7-8e33-43f6-86ca-4a53fe0b4b94/datanode-0/data/ratis] (custom)
2019-10-14 09:11:11,885 [main] INFO  hdfs.DFSUtil (DFSUtil.java:httpServerTemplateForNNAndJN(1641)) - Starting Web-server for hddsDatanode at: http://0.0.0.0:0
2019-10-14 09:11:11,887 [main] INFO  server.AuthenticationFilter (AuthenticationFilter.java:constructSecretProvider(240)) - Unable to initialize FileSignerSecretProvider, falling back to use random secrets.
2019-10-14 09:11:11,887 [main] WARN  http.HttpRequestLog (HttpRequestLog.java:getRequestLog(97)) - Jetty request log can only be enabled using Log4j
2019-10-14 09:11:11,889 [main] INFO  http.HttpServer2 (HttpServer2.java:addGlobalFilter(975)) - Added global filter 'safety' (class=org.apache.hadoop.http.HttpServer2$QuotingInputFilter)
2019-10-14 09:11:11,890 [main] INFO  http.HttpServer2 (HttpServer2.java:addFilter(948)) - Added filter static_user_filter (class=org.apache.hadoop.http.lib.StaticUserWebFilter$StaticUserFilter) to context hddsDatanode
2019-10-14 09:11:11,890 [main] INFO  http.HttpServer2 (HttpServer2.java:addFilter(958)) - Added filter static_user_filter (class=org.apache.hadoop.http.lib.StaticUserWebFilter$StaticUserFilter) to context static
2019-10-14 09:11:11,890 [main] INFO  http.HttpServer2 (HttpServer2.java:addFilter(958)) - Added filter static_user_filter (class=org.apache.hadoop.http.lib.StaticUserWebFilter$StaticUserFilter) to context logs
2019-10-14 09:11:11,891 [main] INFO  http.HttpServer2 (HttpServer2.java:bindListener(1191)) - Jetty bound to port 37829
2019-10-14 09:11:11,891 [main] INFO  server.Server (Server.java:doStart(351)) - jetty-9.3.25.v20180904, build timestamp: 2018-09-04T21:11:46Z, git hash: 3ce520221d0240229c862b122d2b06c12a625732
2019-10-14 09:11:11,893 [main] INFO  handler.ContextHandler (ContextHandler.java:doStart(781)) - Started o.e.j.s.ServletContextHandler@4997552e{/logs,file:///workdir/hadoop-ozone/integration-test/target/log,AVAILABLE}
2019-10-14 09:11:11,894 [main] INFO  handler.ContextHandler (ContextHandler.java:doStart(781)) - Started o.e.j.s.ServletContextHandler@46046c06{/static,jar:file:/home/user/.m2/repository/org/apache/hadoop/hadoop-hdds-container-service/0.5.0-SNAPSHOT/hadoop-hdds-container-service-0.5.0-SNAPSHOT.jar!/webapps/static,AVAILABLE}
2019-10-14 09:11:11,930 [main] INFO  handler.ContextHandler (ContextHandler.java:doStart(781)) - Started o.e.j.w.WebAppContext@f29353f{/,file:///tmp/jetty-0.0.0.0-37829-hddsDatanode-_-any-2278876784487744408.dir/webapp/,AVAILABLE}{/hddsDatanode}
2019-10-14 09:11:11,931 [main] INFO  server.AbstractConnector (AbstractConnector.java:doStart(278)) - Started ServerConnector@36f7d7b{HTTP/1.1,[http/1.1]}{0.0.0.0:37829}
2019-10-14 09:11:11,932 [main] INFO  server.Server (Server.java:doStart(419)) - Started @59916ms
2019-10-14 09:11:11,933 [main] WARN  impl.MetricsSystemImpl (MetricsSystemImpl.java:register(276)) - Sink prometheus already exists!
2019-10-14 09:11:11,933 [main] INFO  server.BaseHttpServer (BaseHttpServer.java:updateConnectorAddress(215)) - HTTP server of HDDSDATANODE is listening at http://0.0.0.0:37829
2019-10-14 09:11:11,934 [main] INFO  impl.MetricsSystemImpl (MetricsSystemImpl.java:init(158)) - HddsDatanode metrics system started (again)
2019-10-14 09:11:11,936 [org.apache.hadoop.util.JvmPauseMonitor$Monitor@330c1622] INFO  util.JvmPauseMonitor (JvmPauseMonitor.java:run(188)) - Starting JVM pause monitor
2019-10-14 09:11:11,936 [main] INFO  ozone.HddsDatanodeService (HddsDatanodeService.java:start(184)) - HddsDatanodeService host:pr-hdds-1569-vp9xg-4248047660 ip:192.168.164.214
2019-10-14 09:11:11,938 [Datanode State Machine Thread - 0] INFO  datanode.InitDatanodeState (InitDatanodeState.java:persistContainerDatanodeDetails(140)) - DatanodeDetails is persisted to /workdir/hadoop-ozone/integration-test/target/test-dir/MiniOzoneClusterImpl-7dc343c7-8e33-43f6-86ca-4a53fe0b4b94/datanode-0/meta/datanode.id
2019-10-14 09:11:11,942 [main] INFO  volume.HddsVolume (HddsVolume.java:<init>(176)) - Creating Volume: /workdir/hadoop-ozone/integration-test/target/test-dir/MiniOzoneClusterImpl-7dc343c7-8e33-43f6-86ca-4a53fe0b4b94/datanode-1/data/containers/hdds of  storage type : DISK and capacity : 1482555576320
2019-10-14 09:11:11,942 [main] INFO  volume.VolumeSet (VolumeSet.java:initializeVolumeSet(170)) - Added Volume : /workdir/hadoop-ozone/integration-test/target/test-dir/MiniOzoneClusterImpl-7dc343c7-8e33-43f6-86ca-4a53fe0b4b94/datanode-1/data/containers/hdds to VolumeSet
2019-10-14 09:11:11,943 [main] INFO  volume.ThrottledAsyncChecker (ThrottledAsyncChecker.java:schedule(139)) - Scheduling a check for org.apache.hadoop.ozone.container.common.volume.HddsVolume@4a8ffd75
2019-10-14 09:11:11,943 [main] INFO  volume.HddsVolumeChecker (HddsVolumeChecker.java:checkAllVolumes(202)) - Scheduled health check for volume org.apache.hadoop.ozone.container.common.volume.HddsVolume@4a8ffd75
2019-10-14 09:11:11,959 [main] INFO  impl.RaftServerProxy (ConfUtils.java:logGet(43)) - raft.rpc.type = GRPC (default)
2019-10-14 09:11:11,959 [main] INFO  grpc.GrpcFactory (GrpcFactory.java:checkPooledByteBufAllocatorUseCacheForAllThreads(45)) - PERFORMANCE WARNING: useCacheForAllThreads is true that may cause Netty to create a lot garbage objects and, as a result, trigger GC.
	It is recommended to disable useCacheForAllThreads by setting -Dorg.apache.ratis.thirdparty.io.netty.allocator.useCacheForAllThreads=false in command line.
2019-10-14 09:11:11,959 [main] INFO  grpc.GrpcConfigKeys$Server (ConfUtils.java:logGet(43)) - raft.grpc.server.port = 0 (default)
2019-10-14 09:11:11,960 [main] INFO  server.GrpcService (ConfUtils.java:logGet(43)) - raft.grpc.message.size.max = 33570816 (custom)
2019-10-14 09:11:11,960 [main] INFO  server.RaftServerConfigKeys (ConfUtils.java:logGet(43)) - raft.server.log.appender.buffer.byte-limit = 33554432 (custom)
2019-10-14 09:11:11,960 [main] INFO  server.GrpcService (ConfUtils.java:logGet(43)) - raft.grpc.flow.control.window = 1MB (=1048576) (default)
2019-10-14 09:11:11,960 [main] INFO  server.RaftServerConfigKeys (ConfUtils.java:logGet(43)) - raft.server.rpc.request.timeout = 3000ms (default)
2019-10-14 09:11:11,961 [main] INFO  server.RaftServerConfigKeys (ConfUtils.java:logGet(43)) - raft.server.storage.dir = [/workdir/hadoop-ozone/integration-test/target/test-dir/MiniOzoneClusterImpl-7dc343c7-8e33-43f6-86ca-4a53fe0b4b94/datanode-1/data/ratis] (custom)
2019-10-14 09:11:11,962 [main] INFO  hdfs.DFSUtil (DFSUtil.java:httpServerTemplateForNNAndJN(1641)) - Starting Web-server for hddsDatanode at: http://0.0.0.0:0
2019-10-14 09:11:11,964 [main] INFO  server.AuthenticationFilter (AuthenticationFilter.java:constructSecretProvider(240)) - Unable to initialize FileSignerSecretProvider, falling back to use random secrets.
2019-10-14 09:11:11,964 [main] WARN  http.HttpRequestLog (HttpRequestLog.java:getRequestLog(97)) - Jetty request log can only be enabled using Log4j
2019-10-14 09:11:11,965 [main] INFO  http.HttpServer2 (HttpServer2.java:addGlobalFilter(975)) - Added global filter 'safety' (class=org.apache.hadoop.http.HttpServer2$QuotingInputFilter)
2019-10-14 09:11:11,966 [main] INFO  http.HttpServer2 (HttpServer2.java:addFilter(948)) - Added filter static_user_filter (class=org.apache.hadoop.http.lib.StaticUserWebFilter$StaticUserFilter) to context hddsDatanode
2019-10-14 09:11:11,966 [main] INFO  http.HttpServer2 (HttpServer2.java:addFilter(958)) - Added filter static_user_filter (class=org.apache.hadoop.http.lib.StaticUserWebFilter$StaticUserFilter) to context static
2019-10-14 09:11:11,966 [main] INFO  http.HttpServer2 (HttpServer2.java:addFilter(958)) - Added filter static_user_filter (class=org.apache.hadoop.http.lib.StaticUserWebFilter$StaticUserFilter) to context logs
2019-10-14 09:11:11,967 [main] INFO  http.HttpServer2 (HttpServer2.java:bindListener(1191)) - Jetty bound to port 43252
2019-10-14 09:11:11,967 [main] INFO  server.Server (Server.java:doStart(351)) - jetty-9.3.25.v20180904, build timestamp: 2018-09-04T21:11:46Z, git hash: 3ce520221d0240229c862b122d2b06c12a625732
2019-10-14 09:11:11,970 [main] INFO  handler.ContextHandler (ContextHandler.java:doStart(781)) - Started o.e.j.s.ServletContextHandler@ebda593{/logs,file:///workdir/hadoop-ozone/integration-test/target/log,AVAILABLE}
2019-10-14 09:11:11,970 [main] INFO  handler.ContextHandler (ContextHandler.java:doStart(781)) - Started o.e.j.s.ServletContextHandler@4d157493{/static,jar:file:/home/user/.m2/repository/org/apache/hadoop/hadoop-hdds-container-service/0.5.0-SNAPSHOT/hadoop-hdds-container-service-0.5.0-SNAPSHOT.jar!/webapps/static,AVAILABLE}
2019-10-14 09:11:11,998 [main] INFO  handler.ContextHandler (ContextHandler.java:doStart(781)) - Started o.e.j.w.WebAppContext@568750b7{/,file:///tmp/jetty-0.0.0.0-43252-hddsDatanode-_-any-8793318788717539718.dir/webapp/,AVAILABLE}{/hddsDatanode}
2019-10-14 09:11:11,998 [main] INFO  server.AbstractConnector (AbstractConnector.java:doStart(278)) - Started ServerConnector@3e28fee1{HTTP/1.1,[http/1.1]}{0.0.0.0:43252}
2019-10-14 09:11:12,000 [main] INFO  server.Server (Server.java:doStart(419)) - Started @59983ms
2019-10-14 09:11:12,000 [main] WARN  impl.MetricsSystemImpl (MetricsSystemImpl.java:register(276)) - Sink prometheus already exists!
2019-10-14 09:11:12,001 [main] INFO  server.BaseHttpServer (BaseHttpServer.java:updateConnectorAddress(215)) - HTTP server of HDDSDATANODE is listening at http://0.0.0.0:43252
2019-10-14 09:11:12,001 [main] INFO  impl.MetricsSystemImpl (MetricsSystemImpl.java:init(158)) - HddsDatanode metrics system started (again)
2019-10-14 09:11:12,003 [org.apache.hadoop.util.JvmPauseMonitor$Monitor@14be5c02] INFO  util.JvmPauseMonitor (JvmPauseMonitor.java:run(188)) - Starting JVM pause monitor
2019-10-14 09:11:12,004 [main] INFO  ozone.HddsDatanodeService (HddsDatanodeService.java:start(184)) - HddsDatanodeService host:pr-hdds-1569-vp9xg-4248047660 ip:192.168.164.214
2019-10-14 09:11:12,005 [Datanode State Machine Thread - 0] INFO  datanode.InitDatanodeState (InitDatanodeState.java:persistContainerDatanodeDetails(140)) - DatanodeDetails is persisted to /workdir/hadoop-ozone/integration-test/target/test-dir/MiniOzoneClusterImpl-7dc343c7-8e33-43f6-86ca-4a53fe0b4b94/datanode-1/meta/datanode.id
2019-10-14 09:11:12,010 [main] INFO  volume.HddsVolume (HddsVolume.java:<init>(176)) - Creating Volume: /workdir/hadoop-ozone/integration-test/target/test-dir/MiniOzoneClusterImpl-7dc343c7-8e33-43f6-86ca-4a53fe0b4b94/datanode-2/data/containers/hdds of  storage type : DISK and capacity : 1482555576320
2019-10-14 09:11:12,010 [main] INFO  volume.VolumeSet (VolumeSet.java:initializeVolumeSet(170)) - Added Volume : /workdir/hadoop-ozone/integration-test/target/test-dir/MiniOzoneClusterImpl-7dc343c7-8e33-43f6-86ca-4a53fe0b4b94/datanode-2/data/containers/hdds to VolumeSet
2019-10-14 09:11:12,010 [main] INFO  volume.ThrottledAsyncChecker (ThrottledAsyncChecker.java:schedule(139)) - Scheduling a check for org.apache.hadoop.ozone.container.common.volume.HddsVolume@69909c14
2019-10-14 09:11:12,011 [main] INFO  volume.HddsVolumeChecker (HddsVolumeChecker.java:checkAllVolumes(202)) - Scheduled health check for volume org.apache.hadoop.ozone.container.common.volume.HddsVolume@69909c14
2019-10-14 09:11:12,024 [main] INFO  impl.RaftServerProxy (ConfUtils.java:logGet(43)) - raft.rpc.type = GRPC (default)
2019-10-14 09:11:12,024 [main] INFO  grpc.GrpcFactory (GrpcFactory.java:checkPooledByteBufAllocatorUseCacheForAllThreads(45)) - PERFORMANCE WARNING: useCacheForAllThreads is true that may cause Netty to create a lot garbage objects and, as a result, trigger GC.
	It is recommended to disable useCacheForAllThreads by setting -Dorg.apache.ratis.thirdparty.io.netty.allocator.useCacheForAllThreads=false in command line.
2019-10-14 09:11:12,024 [main] INFO  grpc.GrpcConfigKeys$Server (ConfUtils.java:logGet(43)) - raft.grpc.server.port = 0 (default)
2019-10-14 09:11:12,024 [main] INFO  server.GrpcService (ConfUtils.java:logGet(43)) - raft.grpc.message.size.max = 33570816 (custom)
2019-10-14 09:11:12,025 [main] INFO  server.RaftServerConfigKeys (ConfUtils.java:logGet(43)) - raft.server.log.appender.buffer.byte-limit = 33554432 (custom)
2019-10-14 09:11:12,025 [main] INFO  server.GrpcService (ConfUtils.java:logGet(43)) - raft.grpc.flow.control.window = 1MB (=1048576) (default)
2019-10-14 09:11:12,025 [main] INFO  server.RaftServerConfigKeys (ConfUtils.java:logGet(43)) - raft.server.rpc.request.timeout = 3000ms (default)
2019-10-14 09:11:12,025 [main] INFO  server.RaftServerConfigKeys (ConfUtils.java:logGet(43)) - raft.server.storage.dir = [/workdir/hadoop-ozone/integration-test/target/test-dir/MiniOzoneClusterImpl-7dc343c7-8e33-43f6-86ca-4a53fe0b4b94/datanode-2/data/ratis] (custom)
2019-10-14 09:11:12,027 [main] INFO  hdfs.DFSUtil (DFSUtil.java:httpServerTemplateForNNAndJN(1641)) - Starting Web-server for hddsDatanode at: http://0.0.0.0:0
2019-10-14 09:11:12,028 [main] INFO  server.AuthenticationFilter (AuthenticationFilter.java:constructSecretProvider(240)) - Unable to initialize FileSignerSecretProvider, falling back to use random secrets.
2019-10-14 09:11:12,028 [main] WARN  http.HttpRequestLog (HttpRequestLog.java:getRequestLog(97)) - Jetty request log can only be enabled using Log4j
2019-10-14 09:11:12,030 [main] INFO  http.HttpServer2 (HttpServer2.java:addGlobalFilter(975)) - Added global filter 'safety' (class=org.apache.hadoop.http.HttpServer2$QuotingInputFilter)
2019-10-14 09:11:12,030 [main] INFO  http.HttpServer2 (HttpServer2.java:addFilter(948)) - Added filter static_user_filter (class=org.apache.hadoop.http.lib.StaticUserWebFilter$StaticUserFilter) to context hddsDatanode
2019-10-14 09:11:12,030 [main] INFO  http.HttpServer2 (HttpServer2.java:addFilter(958)) - Added filter static_user_filter (class=org.apache.hadoop.http.lib.StaticUserWebFilter$StaticUserFilter) to context static
2019-10-14 09:11:12,031 [main] INFO  http.HttpServer2 (HttpServer2.java:addFilter(958)) - Added filter static_user_filter (class=org.apache.hadoop.http.lib.StaticUserWebFilter$StaticUserFilter) to context logs
2019-10-14 09:11:12,031 [main] INFO  http.HttpServer2 (HttpServer2.java:bindListener(1191)) - Jetty bound to port 36238
2019-10-14 09:11:12,031 [main] INFO  server.Server (Server.java:doStart(351)) - jetty-9.3.25.v20180904, build timestamp: 2018-09-04T21:11:46Z, git hash: 3ce520221d0240229c862b122d2b06c12a625732
2019-10-14 09:11:12,033 [main] INFO  handler.ContextHandler (ContextHandler.java:doStart(781)) - Started o.e.j.s.ServletContextHandler@45900b64{/logs,file:///workdir/hadoop-ozone/integration-test/target/log,AVAILABLE}
2019-10-14 09:11:12,033 [main] INFO  handler.ContextHandler (ContextHandler.java:doStart(781)) - Started o.e.j.s.ServletContextHandler@79f90a3a{/static,jar:file:/home/user/.m2/repository/org/apache/hadoop/hadoop-hdds-container-service/0.5.0-SNAPSHOT/hadoop-hdds-container-service-0.5.0-SNAPSHOT.jar!/webapps/static,AVAILABLE}
2019-10-14 09:11:12,060 [main] INFO  handler.ContextHandler (ContextHandler.java:doStart(781)) - Started o.e.j.w.WebAppContext@2b916808{/,file:///tmp/jetty-0.0.0.0-36238-hddsDatanode-_-any-6925425384788069280.dir/webapp/,AVAILABLE}{/hddsDatanode}
2019-10-14 09:11:12,061 [main] INFO  server.AbstractConnector (AbstractConnector.java:doStart(278)) - Started ServerConnector@62f11ebb{HTTP/1.1,[http/1.1]}{0.0.0.0:36238}
2019-10-14 09:11:12,062 [main] INFO  server.Server (Server.java:doStart(419)) - Started @60045ms
2019-10-14 09:11:12,062 [main] WARN  impl.MetricsSystemImpl (MetricsSystemImpl.java:register(276)) - Sink prometheus already exists!
2019-10-14 09:11:12,063 [main] INFO  server.BaseHttpServer (BaseHttpServer.java:updateConnectorAddress(215)) - HTTP server of HDDSDATANODE is listening at http://0.0.0.0:36238
2019-10-14 09:11:12,064 [main] INFO  impl.MetricsSystemImpl (MetricsSystemImpl.java:init(158)) - HddsDatanode metrics system started (again)
2019-10-14 09:11:12,066 [org.apache.hadoop.util.JvmPauseMonitor$Monitor@3a1e6558] INFO  util.JvmPauseMonitor (JvmPauseMonitor.java:run(188)) - Starting JVM pause monitor
2019-10-14 09:11:12,067 [main] INFO  ozone.HddsDatanodeService (HddsDatanodeService.java:start(184)) - HddsDatanodeService host:pr-hdds-1569-vp9xg-4248047660 ip:192.168.164.214
2019-10-14 09:11:12,067 [Datanode State Machine Thread - 0] INFO  datanode.InitDatanodeState (InitDatanodeState.java:persistContainerDatanodeDetails(140)) - DatanodeDetails is persisted to /workdir/hadoop-ozone/integration-test/target/test-dir/MiniOzoneClusterImpl-7dc343c7-8e33-43f6-86ca-4a53fe0b4b94/datanode-2/meta/datanode.id
2019-10-14 09:11:12,072 [main] INFO  volume.HddsVolume (HddsVolume.java:<init>(176)) - Creating Volume: /workdir/hadoop-ozone/integration-test/target/test-dir/MiniOzoneClusterImpl-7dc343c7-8e33-43f6-86ca-4a53fe0b4b94/datanode-3/data/containers/hdds of  storage type : DISK and capacity : 1482555576320
2019-10-14 09:11:12,073 [main] INFO  volume.VolumeSet (VolumeSet.java:initializeVolumeSet(170)) - Added Volume : /workdir/hadoop-ozone/integration-test/target/test-dir/MiniOzoneClusterImpl-7dc343c7-8e33-43f6-86ca-4a53fe0b4b94/datanode-3/data/containers/hdds to VolumeSet
2019-10-14 09:11:12,073 [main] INFO  volume.ThrottledAsyncChecker (ThrottledAsyncChecker.java:schedule(139)) - Scheduling a check for org.apache.hadoop.ozone.container.common.volume.HddsVolume@2b148329
2019-10-14 09:11:12,074 [main] INFO  volume.HddsVolumeChecker (HddsVolumeChecker.java:checkAllVolumes(202)) - Scheduled health check for volume org.apache.hadoop.ozone.container.common.volume.HddsVolume@2b148329
2019-10-14 09:11:12,091 [main] INFO  impl.RaftServerProxy (ConfUtils.java:logGet(43)) - raft.rpc.type = GRPC (default)
2019-10-14 09:11:12,092 [main] INFO  grpc.GrpcFactory (GrpcFactory.java:checkPooledByteBufAllocatorUseCacheForAllThreads(45)) - PERFORMANCE WARNING: useCacheForAllThreads is true that may cause Netty to create a lot garbage objects and, as a result, trigger GC.
	It is recommended to disable useCacheForAllThreads by setting -Dorg.apache.ratis.thirdparty.io.netty.allocator.useCacheForAllThreads=false in command line.
2019-10-14 09:11:12,092 [main] INFO  grpc.GrpcConfigKeys$Server (ConfUtils.java:logGet(43)) - raft.grpc.server.port = 0 (default)
2019-10-14 09:11:12,092 [main] INFO  server.GrpcService (ConfUtils.java:logGet(43)) - raft.grpc.message.size.max = 33570816 (custom)
2019-10-14 09:11:12,092 [main] INFO  server.RaftServerConfigKeys (ConfUtils.java:logGet(43)) - raft.server.log.appender.buffer.byte-limit = 33554432 (custom)
2019-10-14 09:11:12,093 [main] INFO  server.GrpcService (ConfUtils.java:logGet(43)) - raft.grpc.flow.control.window = 1MB (=1048576) (default)
2019-10-14 09:11:12,093 [main] INFO  server.RaftServerConfigKeys (ConfUtils.java:logGet(43)) - raft.server.rpc.request.timeout = 3000ms (default)
2019-10-14 09:11:12,094 [main] INFO  server.RaftServerConfigKeys (ConfUtils.java:logGet(43)) - raft.server.storage.dir = [/workdir/hadoop-ozone/integration-test/target/test-dir/MiniOzoneClusterImpl-7dc343c7-8e33-43f6-86ca-4a53fe0b4b94/datanode-3/data/ratis] (custom)
2019-10-14 09:11:12,096 [main] INFO  hdfs.DFSUtil (DFSUtil.java:httpServerTemplateForNNAndJN(1641)) - Starting Web-server for hddsDatanode at: http://0.0.0.0:0
2019-10-14 09:11:12,097 [main] INFO  server.AuthenticationFilter (AuthenticationFilter.java:constructSecretProvider(240)) - Unable to initialize FileSignerSecretProvider, falling back to use random secrets.
2019-10-14 09:11:12,097 [main] WARN  http.HttpRequestLog (HttpRequestLog.java:getRequestLog(97)) - Jetty request log can only be enabled using Log4j
2019-10-14 09:11:12,099 [main] INFO  http.HttpServer2 (HttpServer2.java:addGlobalFilter(975)) - Added global filter 'safety' (class=org.apache.hadoop.http.HttpServer2$QuotingInputFilter)
2019-10-14 09:11:12,099 [main] INFO  http.HttpServer2 (HttpServer2.java:addFilter(948)) - Added filter static_user_filter (class=org.apache.hadoop.http.lib.StaticUserWebFilter$StaticUserFilter) to context hddsDatanode
2019-10-14 09:11:12,100 [main] INFO  http.HttpServer2 (HttpServer2.java:addFilter(958)) - Added filter static_user_filter (class=org.apache.hadoop.http.lib.StaticUserWebFilter$StaticUserFilter) to context logs
2019-10-14 09:11:12,100 [main] INFO  http.HttpServer2 (HttpServer2.java:addFilter(958)) - Added filter static_user_filter (class=org.apache.hadoop.http.lib.StaticUserWebFilter$StaticUserFilter) to context static
2019-10-14 09:11:12,100 [main] INFO  http.HttpServer2 (HttpServer2.java:bindListener(1191)) - Jetty bound to port 41790
2019-10-14 09:11:12,101 [main] INFO  server.Server (Server.java:doStart(351)) - jetty-9.3.25.v20180904, build timestamp: 2018-09-04T21:11:46Z, git hash: 3ce520221d0240229c862b122d2b06c12a625732
2019-10-14 09:11:12,102 [main] INFO  handler.ContextHandler (ContextHandler.java:doStart(781)) - Started o.e.j.s.ServletContextHandler@63f855b{/logs,file:///workdir/hadoop-ozone/integration-test/target/log,AVAILABLE}
2019-10-14 09:11:12,102 [main] INFO  handler.ContextHandler (ContextHandler.java:doStart(781)) - Started o.e.j.s.ServletContextHandler@4cffcc61{/static,jar:file:/home/user/.m2/repository/org/apache/hadoop/hadoop-hdds-container-service/0.5.0-SNAPSHOT/hadoop-hdds-container-service-0.5.0-SNAPSHOT.jar!/webapps/static,AVAILABLE}
2019-10-14 09:11:12,130 [main] INFO  handler.ContextHandler (ContextHandler.java:doStart(781)) - Started o.e.j.w.WebAppContext@4dc7cd1c{/,file:///tmp/jetty-0.0.0.0-41790-hddsDatanode-_-any-8766994125642005876.dir/webapp/,AVAILABLE}{/hddsDatanode}
2019-10-14 09:11:12,132 [main] INFO  server.AbstractConnector (AbstractConnector.java:doStart(278)) - Started ServerConnector@50ab56e2{HTTP/1.1,[http/1.1]}{0.0.0.0:41790}
2019-10-14 09:11:12,132 [main] INFO  server.Server (Server.java:doStart(419)) - Started @60115ms
2019-10-14 09:11:12,132 [main] WARN  impl.MetricsSystemImpl (MetricsSystemImpl.java:register(276)) - Sink prometheus already exists!
2019-10-14 09:11:12,133 [main] INFO  server.BaseHttpServer (BaseHttpServer.java:updateConnectorAddress(215)) - HTTP server of HDDSDATANODE is listening at http://0.0.0.0:41790
2019-10-14 09:11:12,133 [main] INFO  impl.MetricsSystemImpl (MetricsSystemImpl.java:init(158)) - HddsDatanode metrics system started (again)
2019-10-14 09:11:12,136 [org.apache.hadoop.util.JvmPauseMonitor$Monitor@64a517d] INFO  util.JvmPauseMonitor (JvmPauseMonitor.java:run(188)) - Starting JVM pause monitor
2019-10-14 09:11:12,136 [main] INFO  ozone.HddsDatanodeService (HddsDatanodeService.java:start(184)) - HddsDatanodeService host:pr-hdds-1569-vp9xg-4248047660 ip:192.168.164.214
2019-10-14 09:11:12,137 [Datanode State Machine Thread - 0] INFO  datanode.InitDatanodeState (InitDatanodeState.java:persistContainerDatanodeDetails(140)) - DatanodeDetails is persisted to /workdir/hadoop-ozone/integration-test/target/test-dir/MiniOzoneClusterImpl-7dc343c7-8e33-43f6-86ca-4a53fe0b4b94/datanode-3/meta/datanode.id
2019-10-14 09:11:12,142 [main] INFO  volume.HddsVolume (HddsVolume.java:<init>(176)) - Creating Volume: /workdir/hadoop-ozone/integration-test/target/test-dir/MiniOzoneClusterImpl-7dc343c7-8e33-43f6-86ca-4a53fe0b4b94/datanode-4/data/containers/hdds of  storage type : DISK and capacity : 1482555576320
2019-10-14 09:11:12,142 [main] INFO  volume.VolumeSet (VolumeSet.java:initializeVolumeSet(170)) - Added Volume : /workdir/hadoop-ozone/integration-test/target/test-dir/MiniOzoneClusterImpl-7dc343c7-8e33-43f6-86ca-4a53fe0b4b94/datanode-4/data/containers/hdds to VolumeSet
2019-10-14 09:11:12,143 [main] INFO  volume.ThrottledAsyncChecker (ThrottledAsyncChecker.java:schedule(139)) - Scheduling a check for org.apache.hadoop.ozone.container.common.volume.HddsVolume@71b6172c
2019-10-14 09:11:12,143 [main] INFO  volume.HddsVolumeChecker (HddsVolumeChecker.java:checkAllVolumes(202)) - Scheduled health check for volume org.apache.hadoop.ozone.container.common.volume.HddsVolume@71b6172c
2019-10-14 09:11:12,156 [main] INFO  impl.RaftServerProxy (ConfUtils.java:logGet(43)) - raft.rpc.type = GRPC (default)
2019-10-14 09:11:12,156 [main] INFO  grpc.GrpcFactory (GrpcFactory.java:checkPooledByteBufAllocatorUseCacheForAllThreads(45)) - PERFORMANCE WARNING: useCacheForAllThreads is true that may cause Netty to create a lot garbage objects and, as a result, trigger GC.
	It is recommended to disable useCacheForAllThreads by setting -Dorg.apache.ratis.thirdparty.io.netty.allocator.useCacheForAllThreads=false in command line.
2019-10-14 09:11:12,156 [main] INFO  grpc.GrpcConfigKeys$Server (ConfUtils.java:logGet(43)) - raft.grpc.server.port = 0 (default)
2019-10-14 09:11:12,156 [main] INFO  server.GrpcService (ConfUtils.java:logGet(43)) - raft.grpc.message.size.max = 33570816 (custom)
2019-10-14 09:11:12,157 [main] INFO  server.RaftServerConfigKeys (ConfUtils.java:logGet(43)) - raft.server.log.appender.buffer.byte-limit = 33554432 (custom)
2019-10-14 09:11:12,157 [main] INFO  server.GrpcService (ConfUtils.java:logGet(43)) - raft.grpc.flow.control.window = 1MB (=1048576) (default)
2019-10-14 09:11:12,157 [main] INFO  server.RaftServerConfigKeys (ConfUtils.java:logGet(43)) - raft.server.rpc.request.timeout = 3000ms (default)
2019-10-14 09:11:12,157 [main] INFO  server.RaftServerConfigKeys (ConfUtils.java:logGet(43)) - raft.server.storage.dir = [/workdir/hadoop-ozone/integration-test/target/test-dir/MiniOzoneClusterImpl-7dc343c7-8e33-43f6-86ca-4a53fe0b4b94/datanode-4/data/ratis] (custom)
2019-10-14 09:11:12,158 [main] INFO  hdfs.DFSUtil (DFSUtil.java:httpServerTemplateForNNAndJN(1641)) - Starting Web-server for hddsDatanode at: http://0.0.0.0:0
2019-10-14 09:11:12,159 [main] INFO  server.AuthenticationFilter (AuthenticationFilter.java:constructSecretProvider(240)) - Unable to initialize FileSignerSecretProvider, falling back to use random secrets.
2019-10-14 09:11:12,160 [main] WARN  http.HttpRequestLog (HttpRequestLog.java:getRequestLog(97)) - Jetty request log can only be enabled using Log4j
2019-10-14 09:11:12,161 [main] INFO  http.HttpServer2 (HttpServer2.java:addGlobalFilter(975)) - Added global filter 'safety' (class=org.apache.hadoop.http.HttpServer2$QuotingInputFilter)
2019-10-14 09:11:12,161 [main] INFO  http.HttpServer2 (HttpServer2.java:addFilter(948)) - Added filter static_user_filter (class=org.apache.hadoop.http.lib.StaticUserWebFilter$StaticUserFilter) to context hddsDatanode
2019-10-14 09:11:12,161 [main] INFO  http.HttpServer2 (HttpServer2.java:addFilter(958)) - Added filter static_user_filter (class=org.apache.hadoop.http.lib.StaticUserWebFilter$StaticUserFilter) to context logs
2019-10-14 09:11:12,162 [main] INFO  http.HttpServer2 (HttpServer2.java:addFilter(958)) - Added filter static_user_filter (class=org.apache.hadoop.http.lib.StaticUserWebFilter$StaticUserFilter) to context static
2019-10-14 09:11:12,162 [main] INFO  http.HttpServer2 (HttpServer2.java:bindListener(1191)) - Jetty bound to port 32836
2019-10-14 09:11:12,162 [main] INFO  server.Server (Server.java:doStart(351)) - jetty-9.3.25.v20180904, build timestamp: 2018-09-04T21:11:46Z, git hash: 3ce520221d0240229c862b122d2b06c12a625732
2019-10-14 09:11:12,164 [main] INFO  handler.ContextHandler (ContextHandler.java:doStart(781)) - Started o.e.j.s.ServletContextHandler@7161457{/logs,file:///workdir/hadoop-ozone/integration-test/target/log,AVAILABLE}
2019-10-14 09:11:12,164 [main] INFO  handler.ContextHandler (ContextHandler.java:doStart(781)) - Started o.e.j.s.ServletContextHandler@629984eb{/static,jar:file:/home/user/.m2/repository/org/apache/hadoop/hadoop-hdds-container-service/0.5.0-SNAPSHOT/hadoop-hdds-container-service-0.5.0-SNAPSHOT.jar!/webapps/static,AVAILABLE}
2019-10-14 09:11:12,202 [main] INFO  handler.ContextHandler (ContextHandler.java:doStart(781)) - Started o.e.j.w.WebAppContext@16da1abc{/,file:///tmp/jetty-0.0.0.0-32836-hddsDatanode-_-any-7957803520263666911.dir/webapp/,AVAILABLE}{/hddsDatanode}
2019-10-14 09:11:12,203 [main] INFO  server.AbstractConnector (AbstractConnector.java:doStart(278)) - Started ServerConnector@671ea6ff{HTTP/1.1,[http/1.1]}{0.0.0.0:32836}
2019-10-14 09:11:12,205 [main] INFO  server.Server (Server.java:doStart(419)) - Started @60188ms
2019-10-14 09:11:12,205 [main] WARN  impl.MetricsSystemImpl (MetricsSystemImpl.java:register(276)) - Sink prometheus already exists!
2019-10-14 09:11:12,206 [main] INFO  server.BaseHttpServer (BaseHttpServer.java:updateConnectorAddress(215)) - HTTP server of HDDSDATANODE is listening at http://0.0.0.0:32836
2019-10-14 09:11:12,206 [main] INFO  impl.MetricsSystemImpl (MetricsSystemImpl.java:init(158)) - HddsDatanode metrics system started (again)
2019-10-14 09:11:12,209 [org.apache.hadoop.util.JvmPauseMonitor$Monitor@23a555bd] INFO  util.JvmPauseMonitor (JvmPauseMonitor.java:run(188)) - Starting JVM pause monitor
2019-10-14 09:11:12,211 [main] INFO  ozone.HddsDatanodeService (HddsDatanodeService.java:start(184)) - HddsDatanodeService host:pr-hdds-1569-vp9xg-4248047660 ip:192.168.164.214
2019-10-14 09:11:12,211 [Datanode State Machine Thread - 0] INFO  datanode.InitDatanodeState (InitDatanodeState.java:persistContainerDatanodeDetails(140)) - DatanodeDetails is persisted to /workdir/hadoop-ozone/integration-test/target/test-dir/MiniOzoneClusterImpl-7dc343c7-8e33-43f6-86ca-4a53fe0b4b94/datanode-4/meta/datanode.id
2019-10-14 09:11:12,217 [main] INFO  volume.HddsVolume (HddsVolume.java:<init>(176)) - Creating Volume: /workdir/hadoop-ozone/integration-test/target/test-dir/MiniOzoneClusterImpl-7dc343c7-8e33-43f6-86ca-4a53fe0b4b94/datanode-5/data/containers/hdds of  storage type : DISK and capacity : 1482555576320
2019-10-14 09:11:12,217 [main] INFO  volume.VolumeSet (VolumeSet.java:initializeVolumeSet(170)) - Added Volume : /workdir/hadoop-ozone/integration-test/target/test-dir/MiniOzoneClusterImpl-7dc343c7-8e33-43f6-86ca-4a53fe0b4b94/datanode-5/data/containers/hdds to VolumeSet
2019-10-14 09:11:12,217 [main] INFO  volume.ThrottledAsyncChecker (ThrottledAsyncChecker.java:schedule(139)) - Scheduling a check for org.apache.hadoop.ozone.container.common.volume.HddsVolume@49fb0bbd
2019-10-14 09:11:12,218 [main] INFO  volume.HddsVolumeChecker (HddsVolumeChecker.java:checkAllVolumes(202)) - Scheduled health check for volume org.apache.hadoop.ozone.container.common.volume.HddsVolume@49fb0bbd
2019-10-14 09:11:12,236 [main] INFO  impl.RaftServerProxy (ConfUtils.java:logGet(43)) - raft.rpc.type = GRPC (default)
2019-10-14 09:11:12,237 [main] INFO  grpc.GrpcFactory (GrpcFactory.java:checkPooledByteBufAllocatorUseCacheForAllThreads(45)) - PERFORMANCE WARNING: useCacheForAllThreads is true that may cause Netty to create a lot garbage objects and, as a result, trigger GC.
	It is recommended to disable useCacheForAllThreads by setting -Dorg.apache.ratis.thirdparty.io.netty.allocator.useCacheForAllThreads=false in command line.
2019-10-14 09:11:12,237 [main] INFO  grpc.GrpcConfigKeys$Server (ConfUtils.java:logGet(43)) - raft.grpc.server.port = 0 (default)
2019-10-14 09:11:12,237 [main] INFO  server.GrpcService (ConfUtils.java:logGet(43)) - raft.grpc.message.size.max = 33570816 (custom)
2019-10-14 09:11:12,237 [main] INFO  server.RaftServerConfigKeys (ConfUtils.java:logGet(43)) - raft.server.log.appender.buffer.byte-limit = 33554432 (custom)
2019-10-14 09:11:12,238 [main] INFO  server.GrpcService (ConfUtils.java:logGet(43)) - raft.grpc.flow.control.window = 1MB (=1048576) (default)
2019-10-14 09:11:12,238 [main] INFO  server.RaftServerConfigKeys (ConfUtils.java:logGet(43)) - raft.server.rpc.request.timeout = 3000ms (default)
2019-10-14 09:11:12,238 [main] INFO  server.RaftServerConfigKeys (ConfUtils.java:logGet(43)) - raft.server.storage.dir = [/workdir/hadoop-ozone/integration-test/target/test-dir/MiniOzoneClusterImpl-7dc343c7-8e33-43f6-86ca-4a53fe0b4b94/datanode-5/data/ratis] (custom)
2019-10-14 09:11:12,240 [main] INFO  hdfs.DFSUtil (DFSUtil.java:httpServerTemplateForNNAndJN(1641)) - Starting Web-server for hddsDatanode at: http://0.0.0.0:0
2019-10-14 09:11:12,242 [main] INFO  server.AuthenticationFilter (AuthenticationFilter.java:constructSecretProvider(240)) - Unable to initialize FileSignerSecretProvider, falling back to use random secrets.
2019-10-14 09:11:12,242 [main] WARN  http.HttpRequestLog (HttpRequestLog.java:getRequestLog(97)) - Jetty request log can only be enabled using Log4j
2019-10-14 09:11:12,244 [main] INFO  http.HttpServer2 (HttpServer2.java:addGlobalFilter(975)) - Added global filter 'safety' (class=org.apache.hadoop.http.HttpServer2$QuotingInputFilter)
2019-10-14 09:11:12,244 [main] INFO  http.HttpServer2 (HttpServer2.java:addFilter(948)) - Added filter static_user_filter (class=org.apache.hadoop.http.lib.StaticUserWebFilter$StaticUserFilter) to context hddsDatanode
2019-10-14 09:11:12,244 [main] INFO  http.HttpServer2 (HttpServer2.java:addFilter(958)) - Added filter static_user_filter (class=org.apache.hadoop.http.lib.StaticUserWebFilter$StaticUserFilter) to context static
2019-10-14 09:11:12,244 [main] INFO  http.HttpServer2 (HttpServer2.java:addFilter(958)) - Added filter static_user_filter (class=org.apache.hadoop.http.lib.StaticUserWebFilter$StaticUserFilter) to context logs
2019-10-14 09:11:12,245 [main] INFO  http.HttpServer2 (HttpServer2.java:bindListener(1191)) - Jetty bound to port 36504
2019-10-14 09:11:12,245 [main] INFO  server.Server (Server.java:doStart(351)) - jetty-9.3.25.v20180904, build timestamp: 2018-09-04T21:11:46Z, git hash: 3ce520221d0240229c862b122d2b06c12a625732
2019-10-14 09:11:12,247 [main] INFO  handler.ContextHandler (ContextHandler.java:doStart(781)) - Started o.e.j.s.ServletContextHandler@7c369270{/logs,file:///workdir/hadoop-ozone/integration-test/target/log,AVAILABLE}
2019-10-14 09:11:12,247 [main] INFO  handler.ContextHandler (ContextHandler.java:doStart(781)) - Started o.e.j.s.ServletContextHandler@41d16cc3{/static,jar:file:/home/user/.m2/repository/org/apache/hadoop/hadoop-hdds-container-service/0.5.0-SNAPSHOT/hadoop-hdds-container-service-0.5.0-SNAPSHOT.jar!/webapps/static,AVAILABLE}
2019-10-14 09:11:12,295 [main] INFO  handler.ContextHandler (ContextHandler.java:doStart(781)) - Started o.e.j.w.WebAppContext@11b32a14{/,file:///tmp/jetty-0.0.0.0-36504-hddsDatanode-_-any-6306759188120499210.dir/webapp/,AVAILABLE}{/hddsDatanode}
2019-10-14 09:11:12,295 [main] INFO  server.AbstractConnector (AbstractConnector.java:doStart(278)) - Started ServerConnector@1c33e528{HTTP/1.1,[http/1.1]}{0.0.0.0:36504}
2019-10-14 09:11:12,297 [main] INFO  server.Server (Server.java:doStart(419)) - Started @60280ms
2019-10-14 09:11:12,297 [main] WARN  impl.MetricsSystemImpl (MetricsSystemImpl.java:register(276)) - Sink prometheus already exists!
2019-10-14 09:11:12,298 [main] INFO  server.BaseHttpServer (BaseHttpServer.java:updateConnectorAddress(215)) - HTTP server of HDDSDATANODE is listening at http://0.0.0.0:36504
2019-10-14 09:11:12,298 [main] INFO  ozone.MiniOzoneClusterImpl (MiniOzoneClusterImpl.java:lambda$waitForClusterToBeReady$0(147)) - Waiting for cluster to be ready. Got 0 of 6 DN Heartbeats.
2019-10-14 09:11:12,299 [org.apache.hadoop.util.JvmPauseMonitor$Monitor@2dc4a3fd] INFO  util.JvmPauseMonitor (JvmPauseMonitor.java:run(188)) - Starting JVM pause monitor
2019-10-14 09:11:12,302 [Datanode State Machine Thread - 0] INFO  datanode.InitDatanodeState (InitDatanodeState.java:persistContainerDatanodeDetails(140)) - DatanodeDetails is persisted to /workdir/hadoop-ozone/integration-test/target/test-dir/MiniOzoneClusterImpl-7dc343c7-8e33-43f6-86ca-4a53fe0b4b94/datanode-5/meta/datanode.id
2019-10-14 09:11:13,298 [main] INFO  ozone.MiniOzoneClusterImpl (MiniOzoneClusterImpl.java:lambda$waitForClusterToBeReady$0(147)) - Waiting for cluster to be ready. Got 0 of 6 DN Heartbeats.
2019-10-14 09:11:13,975 [Datanode State Machine Thread - 0] INFO  ozoneimpl.OzoneContainer (OzoneContainer.java:start(217)) - Attempting to start container services.
2019-10-14 09:11:13,976 [Datanode State Machine Thread - 0] INFO  ozoneimpl.OzoneContainer (OzoneContainer.java:startContainerScrub(179)) - Background container scanner has been disabled.
2019-10-14 09:11:13,976 [Datanode State Machine Thread - 0] INFO  ratis.XceiverServerRatis (XceiverServerRatis.java:start(411)) - Starting XceiverServerRatis 501dc7b9-491d-40e1-8cdc-2c9c2160e0a9 at port 0
2019-10-14 09:11:13,984 [Datanode State Machine Thread - 0] INFO  impl.RaftServerProxy (RaftServerProxy.java:lambda$start$3(299)) - 501dc7b9-491d-40e1-8cdc-2c9c2160e0a9: start RPC server
2019-10-14 09:11:13,987 [Datanode State Machine Thread - 0] INFO  server.GrpcService (GrpcService.java:startImpl(158)) - 501dc7b9-491d-40e1-8cdc-2c9c2160e0a9: GrpcService started, listening on 0.0.0.0/0.0.0.0:43146
2019-10-14 09:11:13,987 [Datanode State Machine Thread - 0] INFO  ratis.XceiverServerRatis (XceiverServerRatis.java:start(421)) - XceiverServerRatis 501dc7b9-491d-40e1-8cdc-2c9c2160e0a9 is started using port 43146
2019-10-14 09:11:13,988 [Datanode State Machine Thread - 0] INFO  server.XceiverServerGrpc (XceiverServerGrpc.java:start(149)) - XceiverServerGrpc 501dc7b9-491d-40e1-8cdc-2c9c2160e0a9 is started using port 42536
2019-10-14 09:11:14,029 [Datanode State Machine Thread - 0] INFO  ozoneimpl.OzoneContainer (OzoneContainer.java:start(217)) - Attempting to start container services.
2019-10-14 09:11:14,030 [Datanode State Machine Thread - 0] INFO  ozoneimpl.OzoneContainer (OzoneContainer.java:startContainerScrub(179)) - Background container scanner has been disabled.
2019-10-14 09:11:14,030 [Datanode State Machine Thread - 0] INFO  ratis.XceiverServerRatis (XceiverServerRatis.java:start(411)) - Starting XceiverServerRatis 585f7a51-f4d3-431b-937d-1c786f624e2b at port 0
2019-10-14 09:11:14,038 [Datanode State Machine Thread - 0] INFO  impl.RaftServerProxy (RaftServerProxy.java:lambda$start$3(299)) - 585f7a51-f4d3-431b-937d-1c786f624e2b: start RPC server
2019-10-14 09:11:14,040 [Datanode State Machine Thread - 0] INFO  server.GrpcService (GrpcService.java:startImpl(158)) - 585f7a51-f4d3-431b-937d-1c786f624e2b: GrpcService started, listening on 0.0.0.0/0.0.0.0:35977
2019-10-14 09:11:14,041 [Datanode State Machine Thread - 0] INFO  ratis.XceiverServerRatis (XceiverServerRatis.java:start(421)) - XceiverServerRatis 585f7a51-f4d3-431b-937d-1c786f624e2b is started using port 35977
2019-10-14 09:11:14,043 [Datanode State Machine Thread - 0] INFO  server.XceiverServerGrpc (XceiverServerGrpc.java:start(149)) - XceiverServerGrpc 585f7a51-f4d3-431b-937d-1c786f624e2b is started using port 36316
2019-10-14 09:11:14,091 [Datanode State Machine Thread - 0] INFO  ozoneimpl.OzoneContainer (OzoneContainer.java:start(217)) - Attempting to start container services.
2019-10-14 09:11:14,091 [Datanode State Machine Thread - 0] INFO  ozoneimpl.OzoneContainer (OzoneContainer.java:startContainerScrub(179)) - Background container scanner has been disabled.
2019-10-14 09:11:14,091 [Datanode State Machine Thread - 0] INFO  ratis.XceiverServerRatis (XceiverServerRatis.java:start(411)) - Starting XceiverServerRatis ae7f4960-f987-43f9-80f9-0ac0ab20aeef at port 0
2019-10-14 09:11:14,107 [Datanode State Machine Thread - 0] INFO  impl.RaftServerProxy (RaftServerProxy.java:lambda$start$3(299)) - ae7f4960-f987-43f9-80f9-0ac0ab20aeef: start RPC server
2019-10-14 09:11:14,108 [Datanode State Machine Thread - 0] INFO  server.GrpcService (GrpcService.java:startImpl(158)) - ae7f4960-f987-43f9-80f9-0ac0ab20aeef: GrpcService started, listening on 0.0.0.0/0.0.0.0:35598
2019-10-14 09:11:14,108 [Datanode State Machine Thread - 0] INFO  ratis.XceiverServerRatis (XceiverServerRatis.java:start(421)) - XceiverServerRatis ae7f4960-f987-43f9-80f9-0ac0ab20aeef is started using port 35598
2019-10-14 09:11:14,115 [Datanode State Machine Thread - 0] INFO  server.XceiverServerGrpc (XceiverServerGrpc.java:start(149)) - XceiverServerGrpc ae7f4960-f987-43f9-80f9-0ac0ab20aeef is started using port 34370
2019-10-14 09:11:14,160 [Datanode State Machine Thread - 0] INFO  ozoneimpl.OzoneContainer (OzoneContainer.java:start(217)) - Attempting to start container services.
2019-10-14 09:11:14,161 [Datanode State Machine Thread - 0] INFO  ozoneimpl.OzoneContainer (OzoneContainer.java:startContainerScrub(179)) - Background container scanner has been disabled.
2019-10-14 09:11:14,161 [Datanode State Machine Thread - 0] INFO  ratis.XceiverServerRatis (XceiverServerRatis.java:start(411)) - Starting XceiverServerRatis aabd13a9-38b1-453f-a600-f425fadd7a8e at port 0
2019-10-14 09:11:14,166 [Datanode State Machine Thread - 0] INFO  impl.RaftServerProxy (RaftServerProxy.java:lambda$start$3(299)) - aabd13a9-38b1-453f-a600-f425fadd7a8e: start RPC server
2019-10-14 09:11:14,167 [Datanode State Machine Thread - 0] INFO  server.GrpcService (GrpcService.java:startImpl(158)) - aabd13a9-38b1-453f-a600-f425fadd7a8e: GrpcService started, listening on 0.0.0.0/0.0.0.0:36671
2019-10-14 09:11:14,167 [Datanode State Machine Thread - 0] INFO  ratis.XceiverServerRatis (XceiverServerRatis.java:start(421)) - XceiverServerRatis aabd13a9-38b1-453f-a600-f425fadd7a8e is started using port 36671
2019-10-14 09:11:14,169 [Datanode State Machine Thread - 0] INFO  server.XceiverServerGrpc (XceiverServerGrpc.java:start(149)) - XceiverServerGrpc aabd13a9-38b1-453f-a600-f425fadd7a8e is started using port 43453
2019-10-14 09:11:14,233 [Datanode State Machine Thread - 0] INFO  ozoneimpl.OzoneContainer (OzoneContainer.java:start(217)) - Attempting to start container services.
2019-10-14 09:11:14,234 [Datanode State Machine Thread - 0] INFO  ozoneimpl.OzoneContainer (OzoneContainer.java:startContainerScrub(179)) - Background container scanner has been disabled.
2019-10-14 09:11:14,234 [Datanode State Machine Thread - 0] INFO  ratis.XceiverServerRatis (XceiverServerRatis.java:start(411)) - Starting XceiverServerRatis b00e6ee9-b720-4122-89a6-a6b803fd6604 at port 0
2019-10-14 09:11:14,239 [Datanode State Machine Thread - 0] INFO  impl.RaftServerProxy (RaftServerProxy.java:lambda$start$3(299)) - b00e6ee9-b720-4122-89a6-a6b803fd6604: start RPC server
2019-10-14 09:11:14,242 [Datanode State Machine Thread - 0] INFO  server.GrpcService (GrpcService.java:startImpl(158)) - b00e6ee9-b720-4122-89a6-a6b803fd6604: GrpcService started, listening on 0.0.0.0/0.0.0.0:44320
2019-10-14 09:11:14,242 [Datanode State Machine Thread - 0] INFO  ratis.XceiverServerRatis (XceiverServerRatis.java:start(421)) - XceiverServerRatis b00e6ee9-b720-4122-89a6-a6b803fd6604 is started using port 44320
2019-10-14 09:11:14,242 [Datanode State Machine Thread - 0] INFO  server.XceiverServerGrpc (XceiverServerGrpc.java:start(149)) - XceiverServerGrpc b00e6ee9-b720-4122-89a6-a6b803fd6604 is started using port 45740
2019-10-14 09:11:14,299 [main] INFO  ozone.MiniOzoneClusterImpl (MiniOzoneClusterImpl.java:lambda$waitForClusterToBeReady$0(147)) - Waiting for cluster to be ready. Got 0 of 6 DN Heartbeats.
2019-10-14 09:11:14,326 [Datanode State Machine Thread - 0] INFO  ozoneimpl.OzoneContainer (OzoneContainer.java:start(217)) - Attempting to start container services.
2019-10-14 09:11:14,328 [Datanode State Machine Thread - 0] INFO  ozoneimpl.OzoneContainer (OzoneContainer.java:startContainerScrub(179)) - Background container scanner has been disabled.
2019-10-14 09:11:14,328 [Datanode State Machine Thread - 0] INFO  ratis.XceiverServerRatis (XceiverServerRatis.java:start(411)) - Starting XceiverServerRatis d1f57701-3fd0-49df-bc3e-2994fc7249db at port 0
2019-10-14 09:11:14,333 [Datanode State Machine Thread - 0] INFO  impl.RaftServerProxy (RaftServerProxy.java:lambda$start$3(299)) - d1f57701-3fd0-49df-bc3e-2994fc7249db: start RPC server
2019-10-14 09:11:14,334 [Datanode State Machine Thread - 0] INFO  server.GrpcService (GrpcService.java:startImpl(158)) - d1f57701-3fd0-49df-bc3e-2994fc7249db: GrpcService started, listening on 0.0.0.0/0.0.0.0:43350
2019-10-14 09:11:14,334 [Datanode State Machine Thread - 0] INFO  ratis.XceiverServerRatis (XceiverServerRatis.java:start(421)) - XceiverServerRatis d1f57701-3fd0-49df-bc3e-2994fc7249db is started using port 43350
2019-10-14 09:11:14,335 [Datanode State Machine Thread - 0] INFO  server.XceiverServerGrpc (XceiverServerGrpc.java:start(149)) - XceiverServerGrpc d1f57701-3fd0-49df-bc3e-2994fc7249db is started using port 43835
2019-10-14 09:11:15,300 [main] INFO  ozone.MiniOzoneClusterImpl (MiniOzoneClusterImpl.java:lambda$waitForClusterToBeReady$0(147)) - Waiting for cluster to be ready. Got 0 of 6 DN Heartbeats.
2019-10-14 09:11:15,944 [IPC Server handler 5 on 46129] INFO  net.NetworkTopology (NetworkTopologyImpl.java:add(111)) - Added a new node: /default-rack/501dc7b9-491d-40e1-8cdc-2c9c2160e0a9
2019-10-14 09:11:15,947 [IPC Server handler 5 on 46129] INFO  node.SCMNodeManager (SCMNodeManager.java:register(266)) - Registered Data node : 501dc7b9-491d-40e1-8cdc-2c9c2160e0a9{ip: 192.168.164.214, host: pr-hdds-1569-vp9xg-4248047660, networkLocation: /default-rack, certSerialId: null}
2019-10-14 09:11:15,948 [EventQueue-NodeRegistrationContainerReportForDataNodeSafeModeRule] INFO  safemode.SCMSafeModeManager (DataNodeSafeModeRule.java:process(71)) - SCM in safe mode. 1 DataNodes registered, 1 required.
2019-10-14 09:11:15,950 [EventQueue-NodeRegistrationContainerReportForDataNodeSafeModeRule] INFO  safemode.SCMSafeModeManager (SCMSafeModeManager.java:validateSafeModeExitRules(177)) - ScmSafeModeManager, all rules are successfully validated
2019-10-14 09:11:15,950 [EventQueue-NodeRegistrationContainerReportForDataNodeSafeModeRule] INFO  safemode.SCMSafeModeManager (SCMSafeModeManager.java:exitSafeMode(193)) - SCM exiting safe mode.
2019-10-14 09:11:15,963 [grpc-default-executor-0] INFO  impl.RaftServerProxy (RaftServerProxy.java:addNew(89)) - 501dc7b9-491d-40e1-8cdc-2c9c2160e0a9: addNew group-873CF833867B:[501dc7b9-491d-40e1-8cdc-2c9c2160e0a9:192.168.164.214:43146] returns group-873CF833867B:java.util.concurrent.CompletableFuture@7f4c699b[Not completed]
2019-10-14 09:11:15,966 [pool-152-thread-1] INFO  impl.RaftServerImpl (RaftServerImpl.java:<init>(95)) - 501dc7b9-491d-40e1-8cdc-2c9c2160e0a9: new RaftServerImpl for group-873CF833867B:[501dc7b9-491d-40e1-8cdc-2c9c2160e0a9:192.168.164.214:43146] with ContainerStateMachine:uninitialized
2019-10-14 09:11:15,967 [pool-152-thread-1] INFO  server.RaftServerConfigKeys (ConfUtils.java:logGet(43)) - raft.server.rpc.timeout.min = 1s (custom)
2019-10-14 09:11:15,967 [pool-152-thread-1] INFO  server.RaftServerConfigKeys (ConfUtils.java:logGet(43)) - raft.server.rpc.timeout.max = 1200ms (custom)
2019-10-14 09:11:15,967 [pool-152-thread-1] INFO  server.RaftServerConfigKeys (ConfUtils.java:logGet(43)) - raft.server.rpcslowness.timeout = 120s (custom)
2019-10-14 09:11:15,967 [pool-152-thread-1] INFO  server.RaftServerConfigKeys (ConfUtils.java:logGet(43)) - raft.server.sleep.deviation.threshold = 300 (default)
2019-10-14 09:11:15,967 [pool-152-thread-1] INFO  server.RaftServerConfigKeys (ConfUtils.java:logGet(43)) - raft.server.log.appender.install.snapshot.enabled = false (custom)
2019-10-14 09:11:15,968 [pool-152-thread-1] INFO  impl.RaftServerImpl (ServerState.java:<init>(103)) - 501dc7b9-491d-40e1-8cdc-2c9c2160e0a9@group-873CF833867B: ConfigurationManager, init=-1: [501dc7b9-491d-40e1-8cdc-2c9c2160e0a9:192.168.164.214:43146], old=null, confs=<EMPTY_MAP>
2019-10-14 09:11:15,968 [pool-152-thread-1] INFO  server.RaftServerConfigKeys (ConfUtils.java:logGet(43)) - raft.server.storage.dir = [/workdir/hadoop-ozone/integration-test/target/test-dir/MiniOzoneClusterImpl-7dc343c7-8e33-43f6-86ca-4a53fe0b4b94/datanode-0/data/ratis] (custom)
2019-10-14 09:11:15,969 [pool-152-thread-1] INFO  storage.RaftStorageDirectory (RaftStorageDirectory.java:analyzeStorage(246)) - The storage directory /workdir/hadoop-ozone/integration-test/target/test-dir/MiniOzoneClusterImpl-7dc343c7-8e33-43f6-86ca-4a53fe0b4b94/datanode-0/data/ratis/28189eca-b347-4dad-a83b-873cf833867b does not exist. Creating ...
2019-10-14 09:11:15,993 [pool-152-thread-1] INFO  storage.RaftStorageDirectory (RaftStorageDirectory.java:tryLock(328)) - Lock on /workdir/hadoop-ozone/integration-test/target/test-dir/MiniOzoneClusterImpl-7dc343c7-8e33-43f6-86ca-4a53fe0b4b94/datanode-0/data/ratis/28189eca-b347-4dad-a83b-873cf833867b/in_use.lock acquired by nodename 2402@pr-hdds-1569-vp9xg-4248047660
2019-10-14 09:11:16,005 [IPC Server handler 4 on 46129] INFO  net.NetworkTopology (NetworkTopologyImpl.java:add(111)) - Added a new node: /default-rack/585f7a51-f4d3-431b-937d-1c786f624e2b
2019-10-14 09:11:16,005 [IPC Server handler 4 on 46129] INFO  node.SCMNodeManager (SCMNodeManager.java:register(266)) - Registered Data node : 585f7a51-f4d3-431b-937d-1c786f624e2b{ip: 192.168.164.214, host: pr-hdds-1569-vp9xg-4248047660, networkLocation: /default-rack, certSerialId: null}
2019-10-14 09:11:16,017 [pool-152-thread-1] INFO  storage.RaftStorage (RaftStorage.java:format(72)) - Storage directory /workdir/hadoop-ozone/integration-test/target/test-dir/MiniOzoneClusterImpl-7dc343c7-8e33-43f6-86ca-4a53fe0b4b94/datanode-0/data/ratis/28189eca-b347-4dad-a83b-873cf833867b has been successfully formatted.
2019-10-14 09:11:16,017 [pool-152-thread-1] INFO  ratis.ContainerStateMachine (ContainerStateMachine.java:loadSnapshot(230)) - group-873CF833867B: The snapshot info is null. Setting the last applied indexto:(t:0, i:~)
2019-10-14 09:11:16,018 [pool-152-thread-1] INFO  server.RaftServerConfigKeys (ConfUtils.java:logGet(43)) - raft.server.notification.no-leader.timeout = 120s (custom)
2019-10-14 09:11:16,018 [pool-152-thread-1] INFO  server.RaftServerConfigKeys (ConfUtils.java:logGet(43)) - raft.server.log.use.memory = false (default)
2019-10-14 09:11:16,018 [pool-152-thread-1] INFO  server.RaftServerConfigKeys (ConfUtils.java:logGet(43)) - raft.server.log.purge.gap = 1000000 (custom)
2019-10-14 09:11:16,018 [pool-152-thread-1] INFO  server.RaftServerConfigKeys (ConfUtils.java:logGet(43)) - raft.server.log.appender.buffer.byte-limit = 33554432 (custom)
2019-10-14 09:11:16,018 [pool-152-thread-1] INFO  server.RaftServerConfigKeys (ConfUtils.java:logGet(43)) - raft.server.log.segment.size.max = 1048576 (custom)
2019-10-14 09:11:16,019 [pool-152-thread-1] INFO  server.RaftServerConfigKeys (ConfUtils.java:logGet(43)) - raft.server.log.segment.cache.num.max = 2 (custom)
2019-10-14 09:11:16,019 [pool-152-thread-1] INFO  segmented.SegmentedRaftLogWorker (SegmentedRaftLogWorker.java:<init>(172)) - new 501dc7b9-491d-40e1-8cdc-2c9c2160e0a9@group-873CF833867B-SegmentedRaftLogWorker for RaftStorage:Storage Directory /workdir/hadoop-ozone/integration-test/target/test-dir/MiniOzoneClusterImpl-7dc343c7-8e33-43f6-86ca-4a53fe0b4b94/datanode-0/data/ratis/28189eca-b347-4dad-a83b-873cf833867b
2019-10-14 09:11:16,021 [pool-152-thread-1] INFO  server.RaftServerConfigKeys (ConfUtils.java:logGet(43)) - raft.server.log.queue.byte-limit = 2147483647 (custom)
2019-10-14 09:11:16,021 [pool-152-thread-1] INFO  server.RaftServerConfigKeys (ConfUtils.java:logGet(43)) - raft.server.log.queue.element-limit = 1024 (custom)
2019-10-14 09:11:16,022 [pool-152-thread-1] INFO  server.RaftServerConfigKeys (ConfUtils.java:logGet(43)) - raft.server.log.segment.size.max = 1048576 (custom)
2019-10-14 09:11:16,022 [pool-152-thread-1] INFO  server.RaftServerConfigKeys (ConfUtils.java:logGet(43)) - raft.server.log.preallocated.size = 16384 (custom)
2019-10-14 09:11:16,022 [pool-152-thread-1] INFO  server.RaftServerConfigKeys (ConfUtils.java:logGet(43)) - raft.server.log.write.buffer.size = 33554432 (custom)
2019-10-14 09:11:16,022 [pool-152-thread-1] INFO  server.RaftServerConfigKeys (ConfUtils.java:logGet(43)) - raft.server.log.force.sync.num = 128 (default)
2019-10-14 09:11:16,022 [pool-152-thread-1] INFO  server.RaftServerConfigKeys (ConfUtils.java:logGet(43)) - raft.server.log.statemachine.data.sync = true (default)
2019-10-14 09:11:16,022 [pool-152-thread-1] INFO  server.RaftServerConfigKeys (ConfUtils.java:logGet(43)) - raft.server.log.statemachine.data.sync.timeout = 10s (default)
2019-10-14 09:11:16,022 [pool-152-thread-1] INFO  server.RaftServerConfigKeys (ConfUtils.java:logGet(43)) - raft.server.log.statemachine.data.sync.timeout.retry = -1 (default)
2019-10-14 09:11:16,023 [pool-152-thread-1] INFO  server.RaftServerConfigKeys (ConfUtils.java:logGet(43)) - raft.server.log.statemachine.data.caching.enabled = true (custom)
2019-10-14 09:11:16,023 [pool-152-thread-1] INFO  segmented.SegmentedRaftLogWorker (SegmentedRaftLogWorker.java:lambda$new$0(132)) - 501dc7b9-491d-40e1-8cdc-2c9c2160e0a9@group-873CF833867B-SegmentedRaftLogWorker: flushIndex: setUnconditionally 0 -> -1
2019-10-14 09:11:16,023 [pool-152-thread-1] INFO  server.RaftServerConfigKeys (ConfUtils.java:logGet(43)) - raft.server.snapshot.auto.trigger.enabled = true (custom)
2019-10-14 09:11:16,024 [pool-152-thread-1] INFO  server.RaftServerConfigKeys (ConfUtils.java:logGet(43)) - raft.server.snapshot.auto.trigger.threshold = 10000 (custom)
2019-10-14 09:11:16,024 [pool-152-thread-1] INFO  server.RaftServerConfigKeys (ConfUtils.java:logGet(43)) - raft.server.snapshot.retention.num.files = 5 (custom)
2019-10-14 09:11:16,024 [pool-152-thread-1] INFO  server.RaftServerConfigKeys (ConfUtils.java:logGet(43)) - raft.server.retrycache.expirytime = 600000ms (custom)
2019-10-14 09:11:16,026 [pool-152-thread-1] INFO  impl.RaftServerImpl (RaftServerImpl.java:start(185)) - 501dc7b9-491d-40e1-8cdc-2c9c2160e0a9@group-873CF833867B: start as a follower, conf=-1: [501dc7b9-491d-40e1-8cdc-2c9c2160e0a9:192.168.164.214:43146], old=null
2019-10-14 09:11:16,026 [pool-152-thread-1] INFO  impl.RaftServerImpl (RaftServerImpl.java:setRole(174)) - 501dc7b9-491d-40e1-8cdc-2c9c2160e0a9@group-873CF833867B: changes role from      null to FOLLOWER at term 0 for startAsFollower
2019-10-14 09:11:16,026 [pool-152-thread-1] INFO  impl.RoleInfo (RoleInfo.java:updateAndGet(143)) - 501dc7b9-491d-40e1-8cdc-2c9c2160e0a9: start FollowerState
2019-10-14 09:11:16,038 [pool-152-thread-1] INFO  util.JmxRegister (JmxRegister.java:tryRegister(44)) - Successfully registered JMX Bean with object name Ratis:service=RaftServer,group=group-873CF833867B,id=501dc7b9-491d-40e1-8cdc-2c9c2160e0a9
2019-10-14 09:11:16,047 [RatisPipelineUtilsThread] INFO  pipeline.PipelineStateManager (PipelineStateManager.java:addPipeline(56)) - Created pipeline Pipeline[ Id: 28189eca-b347-4dad-a83b-873cf833867b, Nodes: 501dc7b9-491d-40e1-8cdc-2c9c2160e0a9{ip: 192.168.164.214, host: pr-hdds-1569-vp9xg-4248047660, networkLocation: /default-rack, certSerialId: null}, Type:RATIS, Factor:ONE, State:OPEN]
2019-10-14 09:11:16,053 [grpc-default-executor-0] INFO  impl.RaftServerProxy (RaftServerProxy.java:addNew(89)) - 585f7a51-f4d3-431b-937d-1c786f624e2b: addNew group-EFF34E715975:[585f7a51-f4d3-431b-937d-1c786f624e2b:192.168.164.214:35977] returns group-EFF34E715975:java.util.concurrent.CompletableFuture@3602103a[Not completed]
2019-10-14 09:11:16,055 [pool-162-thread-1] INFO  impl.RaftServerImpl (RaftServerImpl.java:<init>(95)) - 585f7a51-f4d3-431b-937d-1c786f624e2b: new RaftServerImpl for group-EFF34E715975:[585f7a51-f4d3-431b-937d-1c786f624e2b:192.168.164.214:35977] with ContainerStateMachine:uninitialized
2019-10-14 09:11:16,055 [pool-162-thread-1] INFO  server.RaftServerConfigKeys (ConfUtils.java:logGet(43)) - raft.server.rpc.timeout.min = 1s (custom)
2019-10-14 09:11:16,055 [pool-162-thread-1] INFO  server.RaftServerConfigKeys (ConfUtils.java:logGet(43)) - raft.server.rpc.timeout.max = 1200ms (custom)
2019-10-14 09:11:16,055 [pool-162-thread-1] INFO  server.RaftServerConfigKeys (ConfUtils.java:logGet(43)) - raft.server.rpcslowness.timeout = 120s (custom)
2019-10-14 09:11:16,055 [pool-162-thread-1] INFO  server.RaftServerConfigKeys (ConfUtils.java:logGet(43)) - raft.server.sleep.deviation.threshold = 300 (default)
2019-10-14 09:11:16,056 [pool-162-thread-1] INFO  server.RaftServerConfigKeys (ConfUtils.java:logGet(43)) - raft.server.log.appender.install.snapshot.enabled = false (custom)
2019-10-14 09:11:16,056 [pool-162-thread-1] INFO  impl.RaftServerImpl (ServerState.java:<init>(103)) - 585f7a51-f4d3-431b-937d-1c786f624e2b@group-EFF34E715975: ConfigurationManager, init=-1: [585f7a51-f4d3-431b-937d-1c786f624e2b:192.168.164.214:35977], old=null, confs=<EMPTY_MAP>
2019-10-14 09:11:16,056 [pool-162-thread-1] INFO  server.RaftServerConfigKeys (ConfUtils.java:logGet(43)) - raft.server.storage.dir = [/workdir/hadoop-ozone/integration-test/target/test-dir/MiniOzoneClusterImpl-7dc343c7-8e33-43f6-86ca-4a53fe0b4b94/datanode-1/data/ratis] (custom)
2019-10-14 09:11:16,056 [pool-162-thread-1] INFO  storage.RaftStorageDirectory (RaftStorageDirectory.java:analyzeStorage(246)) - The storage directory /workdir/hadoop-ozone/integration-test/target/test-dir/MiniOzoneClusterImpl-7dc343c7-8e33-43f6-86ca-4a53fe0b4b94/datanode-1/data/ratis/7faa9d37-0c5f-469b-8f8d-eff34e715975 does not exist. Creating ...
2019-10-14 09:11:16,067 [IPC Server handler 0 on 46129] INFO  net.NetworkTopology (NetworkTopologyImpl.java:add(111)) - Added a new node: /default-rack/ae7f4960-f987-43f9-80f9-0ac0ab20aeef
2019-10-14 09:11:16,067 [IPC Server handler 0 on 46129] INFO  node.SCMNodeManager (SCMNodeManager.java:register(266)) - Registered Data node : ae7f4960-f987-43f9-80f9-0ac0ab20aeef{ip: 192.168.164.214, host: pr-hdds-1569-vp9xg-4248047660, networkLocation: /default-rack, certSerialId: null}
2019-10-14 09:11:16,080 [pool-162-thread-1] INFO  storage.RaftStorageDirectory (RaftStorageDirectory.java:tryLock(328)) - Lock on /workdir/hadoop-ozone/integration-test/target/test-dir/MiniOzoneClusterImpl-7dc343c7-8e33-43f6-86ca-4a53fe0b4b94/datanode-1/data/ratis/7faa9d37-0c5f-469b-8f8d-eff34e715975/in_use.lock acquired by nodename 2402@pr-hdds-1569-vp9xg-4248047660
2019-10-14 09:11:16,103 [pool-162-thread-1] INFO  storage.RaftStorage (RaftStorage.java:format(72)) - Storage directory /workdir/hadoop-ozone/integration-test/target/test-dir/MiniOzoneClusterImpl-7dc343c7-8e33-43f6-86ca-4a53fe0b4b94/datanode-1/data/ratis/7faa9d37-0c5f-469b-8f8d-eff34e715975 has been successfully formatted.
2019-10-14 09:11:16,103 [pool-162-thread-1] INFO  ratis.ContainerStateMachine (ContainerStateMachine.java:loadSnapshot(230)) - group-EFF34E715975: The snapshot info is null. Setting the last applied indexto:(t:0, i:~)
2019-10-14 09:11:16,103 [pool-162-thread-1] INFO  server.RaftServerConfigKeys (ConfUtils.java:logGet(43)) - raft.server.notification.no-leader.timeout = 120s (custom)
2019-10-14 09:11:16,103 [pool-162-thread-1] INFO  server.RaftServerConfigKeys (ConfUtils.java:logGet(43)) - raft.server.log.use.memory = false (default)
2019-10-14 09:11:16,103 [pool-162-thread-1] INFO  server.RaftServerConfigKeys (ConfUtils.java:logGet(43)) - raft.server.log.purge.gap = 1000000 (custom)
2019-10-14 09:11:16,104 [pool-162-thread-1] INFO  server.RaftServerConfigKeys (ConfUtils.java:logGet(43)) - raft.server.log.appender.buffer.byte-limit = 33554432 (custom)
2019-10-14 09:11:16,104 [pool-162-thread-1] INFO  server.RaftServerConfigKeys (ConfUtils.java:logGet(43)) - raft.server.log.segment.size.max = 1048576 (custom)
2019-10-14 09:11:16,104 [pool-162-thread-1] INFO  server.RaftServerConfigKeys (ConfUtils.java:logGet(43)) - raft.server.log.segment.cache.num.max = 2 (custom)
2019-10-14 09:11:16,104 [pool-162-thread-1] INFO  segmented.SegmentedRaftLogWorker (SegmentedRaftLogWorker.java:<init>(172)) - new 585f7a51-f4d3-431b-937d-1c786f624e2b@group-EFF34E715975-SegmentedRaftLogWorker for RaftStorage:Storage Directory /workdir/hadoop-ozone/integration-test/target/test-dir/MiniOzoneClusterImpl-7dc343c7-8e33-43f6-86ca-4a53fe0b4b94/datanode-1/data/ratis/7faa9d37-0c5f-469b-8f8d-eff34e715975
2019-10-14 09:11:16,106 [pool-162-thread-1] INFO  server.RaftServerConfigKeys (ConfUtils.java:logGet(43)) - raft.server.log.queue.byte-limit = 2147483647 (custom)
2019-10-14 09:11:16,106 [pool-162-thread-1] INFO  server.RaftServerConfigKeys (ConfUtils.java:logGet(43)) - raft.server.log.queue.element-limit = 1024 (custom)
2019-10-14 09:11:16,106 [pool-162-thread-1] INFO  server.RaftServerConfigKeys (ConfUtils.java:logGet(43)) - raft.server.log.segment.size.max = 1048576 (custom)
2019-10-14 09:11:16,107 [pool-162-thread-1] INFO  server.RaftServerConfigKeys (ConfUtils.java:logGet(43)) - raft.server.log.preallocated.size = 16384 (custom)
2019-10-14 09:11:16,107 [pool-162-thread-1] INFO  server.RaftServerConfigKeys (ConfUtils.java:logGet(43)) - raft.server.log.write.buffer.size = 33554432 (custom)
2019-10-14 09:11:16,107 [pool-162-thread-1] INFO  server.RaftServerConfigKeys (ConfUtils.java:logGet(43)) - raft.server.log.force.sync.num = 128 (default)
2019-10-14 09:11:16,107 [pool-162-thread-1] INFO  server.RaftServerConfigKeys (ConfUtils.java:logGet(43)) - raft.server.log.statemachine.data.sync = true (default)
2019-10-14 09:11:16,107 [pool-162-thread-1] INFO  server.RaftServerConfigKeys (ConfUtils.java:logGet(43)) - raft.server.log.statemachine.data.sync.timeout = 10s (default)
2019-10-14 09:11:16,107 [pool-162-thread-1] INFO  server.RaftServerConfigKeys (ConfUtils.java:logGet(43)) - raft.server.log.statemachine.data.sync.timeout.retry = -1 (default)
2019-10-14 09:11:16,108 [pool-162-thread-1] INFO  server.RaftServerConfigKeys (ConfUtils.java:logGet(43)) - raft.server.log.statemachine.data.caching.enabled = true (custom)
2019-10-14 09:11:16,108 [pool-162-thread-1] INFO  segmented.SegmentedRaftLogWorker (SegmentedRaftLogWorker.java:lambda$new$0(132)) - 585f7a51-f4d3-431b-937d-1c786f624e2b@group-EFF34E715975-SegmentedRaftLogWorker: flushIndex: setUnconditionally 0 -> -1
2019-10-14 09:11:16,108 [pool-162-thread-1] INFO  server.RaftServerConfigKeys (ConfUtils.java:logGet(43)) - raft.server.snapshot.auto.trigger.enabled = true (custom)
2019-10-14 09:11:16,108 [pool-162-thread-1] INFO  server.RaftServerConfigKeys (ConfUtils.java:logGet(43)) - raft.server.snapshot.auto.trigger.threshold = 10000 (custom)
2019-10-14 09:11:16,108 [pool-162-thread-1] INFO  server.RaftServerConfigKeys (ConfUtils.java:logGet(43)) - raft.server.snapshot.retention.num.files = 5 (custom)
2019-10-14 09:11:16,109 [pool-162-thread-1] INFO  server.RaftServerConfigKeys (ConfUtils.java:logGet(43)) - raft.server.retrycache.expirytime = 600000ms (custom)
2019-10-14 09:11:16,111 [pool-162-thread-1] INFO  impl.RaftServerImpl (RaftServerImpl.java:start(185)) - 585f7a51-f4d3-431b-937d-1c786f624e2b@group-EFF34E715975: start as a follower, conf=-1: [585f7a51-f4d3-431b-937d-1c786f624e2b:192.168.164.214:35977], old=null
2019-10-14 09:11:16,111 [pool-162-thread-1] INFO  impl.RaftServerImpl (RaftServerImpl.java:setRole(174)) - 585f7a51-f4d3-431b-937d-1c786f624e2b@group-EFF34E715975: changes role from      null to FOLLOWER at term 0 for startAsFollower
2019-10-14 09:11:16,111 [pool-162-thread-1] INFO  impl.RoleInfo (RoleInfo.java:updateAndGet(143)) - 585f7a51-f4d3-431b-937d-1c786f624e2b: start FollowerState
2019-10-14 09:11:16,111 [pool-162-thread-1] INFO  util.JmxRegister (JmxRegister.java:tryRegister(44)) - Successfully registered JMX Bean with object name Ratis:service=RaftServer,group=group-EFF34E715975,id=585f7a51-f4d3-431b-937d-1c786f624e2b
2019-10-14 09:11:16,114 [RatisPipelineUtilsThread] INFO  pipeline.PipelineStateManager (PipelineStateManager.java:addPipeline(56)) - Created pipeline Pipeline[ Id: 7faa9d37-0c5f-469b-8f8d-eff34e715975, Nodes: 585f7a51-f4d3-431b-937d-1c786f624e2b{ip: 192.168.164.214, host: pr-hdds-1569-vp9xg-4248047660, networkLocation: /default-rack, certSerialId: null}, Type:RATIS, Factor:ONE, State:OPEN]
2019-10-14 09:11:16,123 [grpc-default-executor-0] INFO  impl.RaftServerProxy (RaftServerProxy.java:addNew(89)) - ae7f4960-f987-43f9-80f9-0ac0ab20aeef: addNew group-775D1BBE33D1:[ae7f4960-f987-43f9-80f9-0ac0ab20aeef:192.168.164.214:35598] returns group-775D1BBE33D1:java.util.concurrent.CompletableFuture@490ef6ae[Not completed]
2019-10-14 09:11:16,124 [pool-172-thread-1] INFO  impl.RaftServerImpl (RaftServerImpl.java:<init>(95)) - ae7f4960-f987-43f9-80f9-0ac0ab20aeef: new RaftServerImpl for group-775D1BBE33D1:[ae7f4960-f987-43f9-80f9-0ac0ab20aeef:192.168.164.214:35598] with ContainerStateMachine:uninitialized
2019-10-14 09:11:16,124 [pool-172-thread-1] INFO  server.RaftServerConfigKeys (ConfUtils.java:logGet(43)) - raft.server.rpc.timeout.min = 1s (custom)
2019-10-14 09:11:16,125 [pool-172-thread-1] INFO  server.RaftServerConfigKeys (ConfUtils.java:logGet(43)) - raft.server.rpc.timeout.max = 1200ms (custom)
2019-10-14 09:11:16,125 [pool-172-thread-1] INFO  server.RaftServerConfigKeys (ConfUtils.java:logGet(43)) - raft.server.rpcslowness.timeout = 120s (custom)
2019-10-14 09:11:16,125 [pool-172-thread-1] INFO  server.RaftServerConfigKeys (ConfUtils.java:logGet(43)) - raft.server.sleep.deviation.threshold = 300 (default)
2019-10-14 09:11:16,125 [pool-172-thread-1] INFO  server.RaftServerConfigKeys (ConfUtils.java:logGet(43)) - raft.server.log.appender.install.snapshot.enabled = false (custom)
2019-10-14 09:11:16,125 [pool-172-thread-1] INFO  impl.RaftServerImpl (ServerState.java:<init>(103)) - ae7f4960-f987-43f9-80f9-0ac0ab20aeef@group-775D1BBE33D1: ConfigurationManager, init=-1: [ae7f4960-f987-43f9-80f9-0ac0ab20aeef:192.168.164.214:35598], old=null, confs=<EMPTY_MAP>
2019-10-14 09:11:16,125 [pool-172-thread-1] INFO  server.RaftServerConfigKeys (ConfUtils.java:logGet(43)) - raft.server.storage.dir = [/workdir/hadoop-ozone/integration-test/target/test-dir/MiniOzoneClusterImpl-7dc343c7-8e33-43f6-86ca-4a53fe0b4b94/datanode-2/data/ratis] (custom)
2019-10-14 09:11:16,126 [pool-172-thread-1] INFO  storage.RaftStorageDirectory (RaftStorageDirectory.java:analyzeStorage(246)) - The storage directory /workdir/hadoop-ozone/integration-test/target/test-dir/MiniOzoneClusterImpl-7dc343c7-8e33-43f6-86ca-4a53fe0b4b94/datanode-2/data/ratis/e2876e8f-c41b-429b-9a32-775d1bbe33d1 does not exist. Creating ...
2019-10-14 09:11:16,137 [IPC Server handler 1 on 46129] INFO  net.NetworkTopology (NetworkTopologyImpl.java:add(111)) - Added a new node: /default-rack/aabd13a9-38b1-453f-a600-f425fadd7a8e
2019-10-14 09:11:16,137 [IPC Server handler 1 on 46129] INFO  node.SCMNodeManager (SCMNodeManager.java:register(266)) - Registered Data node : aabd13a9-38b1-453f-a600-f425fadd7a8e{ip: 192.168.164.214, host: pr-hdds-1569-vp9xg-4248047660, networkLocation: /default-rack, certSerialId: null}
2019-10-14 09:11:16,149 [pool-172-thread-1] INFO  storage.RaftStorageDirectory (RaftStorageDirectory.java:tryLock(328)) - Lock on /workdir/hadoop-ozone/integration-test/target/test-dir/MiniOzoneClusterImpl-7dc343c7-8e33-43f6-86ca-4a53fe0b4b94/datanode-2/data/ratis/e2876e8f-c41b-429b-9a32-775d1bbe33d1/in_use.lock acquired by nodename 2402@pr-hdds-1569-vp9xg-4248047660
2019-10-14 09:11:16,172 [pool-172-thread-1] INFO  storage.RaftStorage (RaftStorage.java:format(72)) - Storage directory /workdir/hadoop-ozone/integration-test/target/test-dir/MiniOzoneClusterImpl-7dc343c7-8e33-43f6-86ca-4a53fe0b4b94/datanode-2/data/ratis/e2876e8f-c41b-429b-9a32-775d1bbe33d1 has been successfully formatted.
2019-10-14 09:11:16,172 [pool-172-thread-1] INFO  ratis.ContainerStateMachine (ContainerStateMachine.java:loadSnapshot(230)) - group-775D1BBE33D1: The snapshot info is null. Setting the last applied indexto:(t:0, i:~)
2019-10-14 09:11:16,172 [pool-172-thread-1] INFO  server.RaftServerConfigKeys (ConfUtils.java:logGet(43)) - raft.server.notification.no-leader.timeout = 120s (custom)
2019-10-14 09:11:16,173 [pool-172-thread-1] INFO  server.RaftServerConfigKeys (ConfUtils.java:logGet(43)) - raft.server.log.use.memory = false (default)
2019-10-14 09:11:16,173 [pool-172-thread-1] INFO  server.RaftServerConfigKeys (ConfUtils.java:logGet(43)) - raft.server.log.purge.gap = 1000000 (custom)
2019-10-14 09:11:16,173 [pool-172-thread-1] INFO  server.RaftServerConfigKeys (ConfUtils.java:logGet(43)) - raft.server.log.appender.buffer.byte-limit = 33554432 (custom)
2019-10-14 09:11:16,173 [pool-172-thread-1] INFO  server.RaftServerConfigKeys (ConfUtils.java:logGet(43)) - raft.server.log.segment.size.max = 1048576 (custom)
2019-10-14 09:11:16,173 [pool-172-thread-1] INFO  server.RaftServerConfigKeys (ConfUtils.java:logGet(43)) - raft.server.log.segment.cache.num.max = 2 (custom)
2019-10-14 09:11:16,174 [pool-172-thread-1] INFO  segmented.SegmentedRaftLogWorker (SegmentedRaftLogWorker.java:<init>(172)) - new ae7f4960-f987-43f9-80f9-0ac0ab20aeef@group-775D1BBE33D1-SegmentedRaftLogWorker for RaftStorage:Storage Directory /workdir/hadoop-ozone/integration-test/target/test-dir/MiniOzoneClusterImpl-7dc343c7-8e33-43f6-86ca-4a53fe0b4b94/datanode-2/data/ratis/e2876e8f-c41b-429b-9a32-775d1bbe33d1
2019-10-14 09:11:16,176 [pool-172-thread-1] INFO  server.RaftServerConfigKeys (ConfUtils.java:logGet(43)) - raft.server.log.queue.byte-limit = 2147483647 (custom)
2019-10-14 09:11:16,176 [pool-172-thread-1] INFO  server.RaftServerConfigKeys (ConfUtils.java:logGet(43)) - raft.server.log.queue.element-limit = 1024 (custom)
2019-10-14 09:11:16,177 [pool-172-thread-1] INFO  server.RaftServerConfigKeys (ConfUtils.java:logGet(43)) - raft.server.log.segment.size.max = 1048576 (custom)
2019-10-14 09:11:16,177 [pool-172-thread-1] INFO  server.RaftServerConfigKeys (ConfUtils.java:logGet(43)) - raft.server.log.preallocated.size = 16384 (custom)
2019-10-14 09:11:16,177 [pool-172-thread-1] INFO  server.RaftServerConfigKeys (ConfUtils.java:logGet(43)) - raft.server.log.write.buffer.size = 33554432 (custom)
2019-10-14 09:11:16,177 [pool-172-thread-1] INFO  server.RaftServerConfigKeys (ConfUtils.java:logGet(43)) - raft.server.log.force.sync.num = 128 (default)
2019-10-14 09:11:16,177 [pool-172-thread-1] INFO  server.RaftServerConfigKeys (ConfUtils.java:logGet(43)) - raft.server.log.statemachine.data.sync = true (default)
2019-10-14 09:11:16,177 [pool-172-thread-1] INFO  server.RaftServerConfigKeys (ConfUtils.java:logGet(43)) - raft.server.log.statemachine.data.sync.timeout = 10s (default)
2019-10-14 09:11:16,178 [pool-172-thread-1] INFO  server.RaftServerConfigKeys (ConfUtils.java:logGet(43)) - raft.server.log.statemachine.data.sync.timeout.retry = -1 (default)
2019-10-14 09:11:16,178 [pool-172-thread-1] INFO  server.RaftServerConfigKeys (ConfUtils.java:logGet(43)) - raft.server.log.statemachine.data.caching.enabled = true (custom)
2019-10-14 09:11:16,178 [pool-172-thread-1] INFO  segmented.SegmentedRaftLogWorker (SegmentedRaftLogWorker.java:lambda$new$0(132)) - ae7f4960-f987-43f9-80f9-0ac0ab20aeef@group-775D1BBE33D1-SegmentedRaftLogWorker: flushIndex: setUnconditionally 0 -> -1
2019-10-14 09:11:16,178 [pool-172-thread-1] INFO  server.RaftServerConfigKeys (ConfUtils.java:logGet(43)) - raft.server.snapshot.auto.trigger.enabled = true (custom)
2019-10-14 09:11:16,179 [pool-172-thread-1] INFO  server.RaftServerConfigKeys (ConfUtils.java:logGet(43)) - raft.server.snapshot.auto.trigger.threshold = 10000 (custom)
2019-10-14 09:11:16,179 [pool-172-thread-1] INFO  server.RaftServerConfigKeys (ConfUtils.java:logGet(43)) - raft.server.snapshot.retention.num.files = 5 (custom)
2019-10-14 09:11:16,179 [pool-172-thread-1] INFO  server.RaftServerConfigKeys (ConfUtils.java:logGet(43)) - raft.server.retrycache.expirytime = 600000ms (custom)
2019-10-14 09:11:16,181 [pool-172-thread-1] INFO  impl.RaftServerImpl (RaftServerImpl.java:start(185)) - ae7f4960-f987-43f9-80f9-0ac0ab20aeef@group-775D1BBE33D1: start as a follower, conf=-1: [ae7f4960-f987-43f9-80f9-0ac0ab20aeef:192.168.164.214:35598], old=null
2019-10-14 09:11:16,181 [pool-172-thread-1] INFO  impl.RaftServerImpl (RaftServerImpl.java:setRole(174)) - ae7f4960-f987-43f9-80f9-0ac0ab20aeef@group-775D1BBE33D1: changes role from      null to FOLLOWER at term 0 for startAsFollower
2019-10-14 09:11:16,182 [pool-172-thread-1] INFO  impl.RoleInfo (RoleInfo.java:updateAndGet(143)) - ae7f4960-f987-43f9-80f9-0ac0ab20aeef: start FollowerState
2019-10-14 09:11:16,182 [pool-172-thread-1] INFO  util.JmxRegister (JmxRegister.java:tryRegister(44)) - Successfully registered JMX Bean with object name Ratis:service=RaftServer,group=group-775D1BBE33D1,id=ae7f4960-f987-43f9-80f9-0ac0ab20aeef
2019-10-14 09:11:16,184 [RatisPipelineUtilsThread] INFO  pipeline.PipelineStateManager (PipelineStateManager.java:addPipeline(56)) - Created pipeline Pipeline[ Id: e2876e8f-c41b-429b-9a32-775d1bbe33d1, Nodes: ae7f4960-f987-43f9-80f9-0ac0ab20aeef{ip: 192.168.164.214, host: pr-hdds-1569-vp9xg-4248047660, networkLocation: /default-rack, certSerialId: null}, Type:RATIS, Factor:ONE, State:OPEN]
2019-10-14 09:11:16,191 [grpc-default-executor-0] INFO  impl.RaftServerProxy (RaftServerProxy.java:addNew(89)) - aabd13a9-38b1-453f-a600-f425fadd7a8e: addNew group-3B8003B14D19:[aabd13a9-38b1-453f-a600-f425fadd7a8e:192.168.164.214:36671] returns group-3B8003B14D19:java.util.concurrent.CompletableFuture@6ec8701e[Not completed]
2019-10-14 09:11:16,192 [pool-182-thread-1] INFO  impl.RaftServerImpl (RaftServerImpl.java:<init>(95)) - aabd13a9-38b1-453f-a600-f425fadd7a8e: new RaftServerImpl for group-3B8003B14D19:[aabd13a9-38b1-453f-a600-f425fadd7a8e:192.168.164.214:36671] with ContainerStateMachine:uninitialized
2019-10-14 09:11:16,193 [pool-182-thread-1] INFO  server.RaftServerConfigKeys (ConfUtils.java:logGet(43)) - raft.server.rpc.timeout.min = 1s (custom)
2019-10-14 09:11:16,193 [pool-182-thread-1] INFO  server.RaftServerConfigKeys (ConfUtils.java:logGet(43)) - raft.server.rpc.timeout.max = 1200ms (custom)
2019-10-14 09:11:16,193 [pool-182-thread-1] INFO  server.RaftServerConfigKeys (ConfUtils.java:logGet(43)) - raft.server.rpcslowness.timeout = 120s (custom)
2019-10-14 09:11:16,193 [pool-182-thread-1] INFO  server.RaftServerConfigKeys (ConfUtils.java:logGet(43)) - raft.server.sleep.deviation.threshold = 300 (default)
2019-10-14 09:11:16,193 [pool-182-thread-1] INFO  server.RaftServerConfigKeys (ConfUtils.java:logGet(43)) - raft.server.log.appender.install.snapshot.enabled = false (custom)
2019-10-14 09:11:16,193 [pool-182-thread-1] INFO  impl.RaftServerImpl (ServerState.java:<init>(103)) - aabd13a9-38b1-453f-a600-f425fadd7a8e@group-3B8003B14D19: ConfigurationManager, init=-1: [aabd13a9-38b1-453f-a600-f425fadd7a8e:192.168.164.214:36671], old=null, confs=<EMPTY_MAP>
2019-10-14 09:11:16,193 [pool-182-thread-1] INFO  server.RaftServerConfigKeys (ConfUtils.java:logGet(43)) - raft.server.storage.dir = [/workdir/hadoop-ozone/integration-test/target/test-dir/MiniOzoneClusterImpl-7dc343c7-8e33-43f6-86ca-4a53fe0b4b94/datanode-3/data/ratis] (custom)
2019-10-14 09:11:16,194 [pool-182-thread-1] INFO  storage.RaftStorageDirectory (RaftStorageDirectory.java:analyzeStorage(246)) - The storage directory /workdir/hadoop-ozone/integration-test/target/test-dir/MiniOzoneClusterImpl-7dc343c7-8e33-43f6-86ca-4a53fe0b4b94/datanode-3/data/ratis/ecd84ddf-5f87-4e76-9843-3b8003b14d19 does not exist. Creating ...
2019-10-14 09:11:16,210 [IPC Server handler 2 on 46129] INFO  net.NetworkTopology (NetworkTopologyImpl.java:add(111)) - Added a new node: /default-rack/b00e6ee9-b720-4122-89a6-a6b803fd6604
2019-10-14 09:11:16,210 [IPC Server handler 2 on 46129] INFO  node.SCMNodeManager (SCMNodeManager.java:register(266)) - Registered Data node : b00e6ee9-b720-4122-89a6-a6b803fd6604{ip: 192.168.164.214, host: pr-hdds-1569-vp9xg-4248047660, networkLocation: /default-rack, certSerialId: null}
2019-10-14 09:11:16,216 [pool-182-thread-1] INFO  storage.RaftStorageDirectory (RaftStorageDirectory.java:tryLock(328)) - Lock on /workdir/hadoop-ozone/integration-test/target/test-dir/MiniOzoneClusterImpl-7dc343c7-8e33-43f6-86ca-4a53fe0b4b94/datanode-3/data/ratis/ecd84ddf-5f87-4e76-9843-3b8003b14d19/in_use.lock acquired by nodename 2402@pr-hdds-1569-vp9xg-4248047660
2019-10-14 09:11:16,239 [pool-182-thread-1] INFO  storage.RaftStorage (RaftStorage.java:format(72)) - Storage directory /workdir/hadoop-ozone/integration-test/target/test-dir/MiniOzoneClusterImpl-7dc343c7-8e33-43f6-86ca-4a53fe0b4b94/datanode-3/data/ratis/ecd84ddf-5f87-4e76-9843-3b8003b14d19 has been successfully formatted.
2019-10-14 09:11:16,239 [pool-182-thread-1] INFO  ratis.ContainerStateMachine (ContainerStateMachine.java:loadSnapshot(230)) - group-3B8003B14D19: The snapshot info is null. Setting the last applied indexto:(t:0, i:~)
2019-10-14 09:11:16,239 [pool-182-thread-1] INFO  server.RaftServerConfigKeys (ConfUtils.java:logGet(43)) - raft.server.notification.no-leader.timeout = 120s (custom)
2019-10-14 09:11:16,240 [pool-182-thread-1] INFO  server.RaftServerConfigKeys (ConfUtils.java:logGet(43)) - raft.server.log.use.memory = false (default)
2019-10-14 09:11:16,240 [pool-182-thread-1] INFO  server.RaftServerConfigKeys (ConfUtils.java:logGet(43)) - raft.server.log.purge.gap = 1000000 (custom)
2019-10-14 09:11:16,240 [pool-182-thread-1] INFO  server.RaftServerConfigKeys (ConfUtils.java:logGet(43)) - raft.server.log.appender.buffer.byte-limit = 33554432 (custom)
2019-10-14 09:11:16,240 [pool-182-thread-1] INFO  server.RaftServerConfigKeys (ConfUtils.java:logGet(43)) - raft.server.log.segment.size.max = 1048576 (custom)
2019-10-14 09:11:16,240 [pool-182-thread-1] INFO  server.RaftServerConfigKeys (ConfUtils.java:logGet(43)) - raft.server.log.segment.cache.num.max = 2 (custom)
2019-10-14 09:11:16,240 [pool-182-thread-1] INFO  segmented.SegmentedRaftLogWorker (SegmentedRaftLogWorker.java:<init>(172)) - new aabd13a9-38b1-453f-a600-f425fadd7a8e@group-3B8003B14D19-SegmentedRaftLogWorker for RaftStorage:Storage Directory /workdir/hadoop-ozone/integration-test/target/test-dir/MiniOzoneClusterImpl-7dc343c7-8e33-43f6-86ca-4a53fe0b4b94/datanode-3/data/ratis/ecd84ddf-5f87-4e76-9843-3b8003b14d19
2019-10-14 09:11:16,242 [pool-182-thread-1] INFO  server.RaftServerConfigKeys (ConfUtils.java:logGet(43)) - raft.server.log.queue.byte-limit = 2147483647 (custom)
2019-10-14 09:11:16,242 [pool-182-thread-1] INFO  server.RaftServerConfigKeys (ConfUtils.java:logGet(43)) - raft.server.log.queue.element-limit = 1024 (custom)
2019-10-14 09:11:16,243 [pool-182-thread-1] INFO  server.RaftServerConfigKeys (ConfUtils.java:logGet(43)) - raft.server.log.segment.size.max = 1048576 (custom)
2019-10-14 09:11:16,243 [pool-182-thread-1] INFO  server.RaftServerConfigKeys (ConfUtils.java:logGet(43)) - raft.server.log.preallocated.size = 16384 (custom)
2019-10-14 09:11:16,243 [pool-182-thread-1] INFO  server.RaftServerConfigKeys (ConfUtils.java:logGet(43)) - raft.server.log.write.buffer.size = 33554432 (custom)
2019-10-14 09:11:16,243 [pool-182-thread-1] INFO  server.RaftServerConfigKeys (ConfUtils.java:logGet(43)) - raft.server.log.force.sync.num = 128 (default)
2019-10-14 09:11:16,243 [pool-182-thread-1] INFO  server.RaftServerConfigKeys (ConfUtils.java:logGet(43)) - raft.server.log.statemachine.data.sync = true (default)
2019-10-14 09:11:16,243 [pool-182-thread-1] INFO  server.RaftServerConfigKeys (ConfUtils.java:logGet(43)) - raft.server.log.statemachine.data.sync.timeout = 10s (default)
2019-10-14 09:11:16,243 [pool-182-thread-1] INFO  server.RaftServerConfigKeys (ConfUtils.java:logGet(43)) - raft.server.log.statemachine.data.sync.timeout.retry = -1 (default)
2019-10-14 09:11:16,243 [pool-182-thread-1] INFO  server.RaftServerConfigKeys (ConfUtils.java:logGet(43)) - raft.server.log.statemachine.data.caching.enabled = true (custom)
2019-10-14 09:11:16,244 [pool-182-thread-1] INFO  segmented.SegmentedRaftLogWorker (SegmentedRaftLogWorker.java:lambda$new$0(132)) - aabd13a9-38b1-453f-a600-f425fadd7a8e@group-3B8003B14D19-SegmentedRaftLogWorker: flushIndex: setUnconditionally 0 -> -1
2019-10-14 09:11:16,244 [pool-182-thread-1] INFO  server.RaftServerConfigKeys (ConfUtils.java:logGet(43)) - raft.server.snapshot.auto.trigger.enabled = true (custom)
2019-10-14 09:11:16,244 [pool-182-thread-1] INFO  server.RaftServerConfigKeys (ConfUtils.java:logGet(43)) - raft.server.snapshot.auto.trigger.threshold = 10000 (custom)
2019-10-14 09:11:16,244 [pool-182-thread-1] INFO  server.RaftServerConfigKeys (ConfUtils.java:logGet(43)) - raft.server.snapshot.retention.num.files = 5 (custom)
2019-10-14 09:11:16,244 [pool-182-thread-1] INFO  server.RaftServerConfigKeys (ConfUtils.java:logGet(43)) - raft.server.retrycache.expirytime = 600000ms (custom)
2019-10-14 09:11:16,246 [pool-182-thread-1] INFO  impl.RaftServerImpl (RaftServerImpl.java:start(185)) - aabd13a9-38b1-453f-a600-f425fadd7a8e@group-3B8003B14D19: start as a follower, conf=-1: [aabd13a9-38b1-453f-a600-f425fadd7a8e:192.168.164.214:36671], old=null
2019-10-14 09:11:16,246 [pool-182-thread-1] INFO  impl.RaftServerImpl (RaftServerImpl.java:setRole(174)) - aabd13a9-38b1-453f-a600-f425fadd7a8e@group-3B8003B14D19: changes role from      null to FOLLOWER at term 0 for startAsFollower
2019-10-14 09:11:16,246 [pool-182-thread-1] INFO  impl.RoleInfo (RoleInfo.java:updateAndGet(143)) - aabd13a9-38b1-453f-a600-f425fadd7a8e: start FollowerState
2019-10-14 09:11:16,246 [pool-182-thread-1] INFO  util.JmxRegister (JmxRegister.java:tryRegister(44)) - Successfully registered JMX Bean with object name Ratis:service=RaftServer,group=group-3B8003B14D19,id=aabd13a9-38b1-453f-a600-f425fadd7a8e
2019-10-14 09:11:16,248 [RatisPipelineUtilsThread] INFO  pipeline.PipelineStateManager (PipelineStateManager.java:addPipeline(56)) - Created pipeline Pipeline[ Id: ecd84ddf-5f87-4e76-9843-3b8003b14d19, Nodes: aabd13a9-38b1-453f-a600-f425fadd7a8e{ip: 192.168.164.214, host: pr-hdds-1569-vp9xg-4248047660, networkLocation: /default-rack, certSerialId: null}, Type:RATIS, Factor:ONE, State:OPEN]
2019-10-14 09:11:16,255 [grpc-default-executor-0] INFO  impl.RaftServerProxy (RaftServerProxy.java:addNew(89)) - b00e6ee9-b720-4122-89a6-a6b803fd6604: addNew group-FE57A3C8E3B7:[b00e6ee9-b720-4122-89a6-a6b803fd6604:192.168.164.214:44320] returns group-FE57A3C8E3B7:java.util.concurrent.CompletableFuture@77c563a8[Not completed]
2019-10-14 09:11:16,257 [pool-192-thread-1] INFO  impl.RaftServerImpl (RaftServerImpl.java:<init>(95)) - b00e6ee9-b720-4122-89a6-a6b803fd6604: new RaftServerImpl for group-FE57A3C8E3B7:[b00e6ee9-b720-4122-89a6-a6b803fd6604:192.168.164.214:44320] with ContainerStateMachine:uninitialized
2019-10-14 09:11:16,257 [pool-192-thread-1] INFO  server.RaftServerConfigKeys (ConfUtils.java:logGet(43)) - raft.server.rpc.timeout.min = 1s (custom)
2019-10-14 09:11:16,257 [pool-192-thread-1] INFO  server.RaftServerConfigKeys (ConfUtils.java:logGet(43)) - raft.server.rpc.timeout.max = 1200ms (custom)
2019-10-14 09:11:16,257 [pool-192-thread-1] INFO  server.RaftServerConfigKeys (ConfUtils.java:logGet(43)) - raft.server.rpcslowness.timeout = 120s (custom)
2019-10-14 09:11:16,258 [pool-192-thread-1] INFO  server.RaftServerConfigKeys (ConfUtils.java:logGet(43)) - raft.server.sleep.deviation.threshold = 300 (default)
2019-10-14 09:11:16,258 [pool-192-thread-1] INFO  server.RaftServerConfigKeys (ConfUtils.java:logGet(43)) - raft.server.log.appender.install.snapshot.enabled = false (custom)
2019-10-14 09:11:16,258 [pool-192-thread-1] INFO  impl.RaftServerImpl (ServerState.java:<init>(103)) - b00e6ee9-b720-4122-89a6-a6b803fd6604@group-FE57A3C8E3B7: ConfigurationManager, init=-1: [b00e6ee9-b720-4122-89a6-a6b803fd6604:192.168.164.214:44320], old=null, confs=<EMPTY_MAP>
2019-10-14 09:11:16,258 [pool-192-thread-1] INFO  server.RaftServerConfigKeys (ConfUtils.java:logGet(43)) - raft.server.storage.dir = [/workdir/hadoop-ozone/integration-test/target/test-dir/MiniOzoneClusterImpl-7dc343c7-8e33-43f6-86ca-4a53fe0b4b94/datanode-4/data/ratis] (custom)
2019-10-14 09:11:16,259 [pool-192-thread-1] INFO  storage.RaftStorageDirectory (RaftStorageDirectory.java:analyzeStorage(246)) - The storage directory /workdir/hadoop-ozone/integration-test/target/test-dir/MiniOzoneClusterImpl-7dc343c7-8e33-43f6-86ca-4a53fe0b4b94/datanode-4/data/ratis/e658bad2-b899-418f-8231-fe57a3c8e3b7 does not exist. Creating ...
2019-10-14 09:11:16,282 [pool-192-thread-1] INFO  storage.RaftStorageDirectory (RaftStorageDirectory.java:tryLock(328)) - Lock on /workdir/hadoop-ozone/integration-test/target/test-dir/MiniOzoneClusterImpl-7dc343c7-8e33-43f6-86ca-4a53fe0b4b94/datanode-4/data/ratis/e658bad2-b899-418f-8231-fe57a3c8e3b7/in_use.lock acquired by nodename 2402@pr-hdds-1569-vp9xg-4248047660
2019-10-14 09:11:16,300 [main] INFO  ozone.MiniOzoneClusterImpl (MiniOzoneClusterImpl.java:lambda$waitForClusterToBeReady$0(147)) - Waiting for cluster to be ready. Got 5 of 6 DN Heartbeats.
2019-10-14 09:11:16,301 [IPC Server handler 5 on 46129] INFO  net.NetworkTopology (NetworkTopologyImpl.java:add(111)) - Added a new node: /default-rack/d1f57701-3fd0-49df-bc3e-2994fc7249db
2019-10-14 09:11:16,301 [IPC Server handler 5 on 46129] INFO  node.SCMNodeManager (SCMNodeManager.java:register(266)) - Registered Data node : d1f57701-3fd0-49df-bc3e-2994fc7249db{ip: 192.168.164.214, host: pr-hdds-1569-vp9xg-4248047660, networkLocation: /default-rack, certSerialId: null}
2019-10-14 09:11:16,312 [pool-192-thread-1] INFO  storage.RaftStorage (RaftStorage.java:format(72)) - Storage directory /workdir/hadoop-ozone/integration-test/target/test-dir/MiniOzoneClusterImpl-7dc343c7-8e33-43f6-86ca-4a53fe0b4b94/datanode-4/data/ratis/e658bad2-b899-418f-8231-fe57a3c8e3b7 has been successfully formatted.
2019-10-14 09:11:16,312 [pool-192-thread-1] INFO  ratis.ContainerStateMachine (ContainerStateMachine.java:loadSnapshot(230)) - group-FE57A3C8E3B7: The snapshot info is null. Setting the last applied indexto:(t:0, i:~)
2019-10-14 09:11:16,312 [pool-192-thread-1] INFO  server.RaftServerConfigKeys (ConfUtils.java:logGet(43)) - raft.server.notification.no-leader.timeout = 120s (custom)
2019-10-14 09:11:16,312 [pool-192-thread-1] INFO  server.RaftServerConfigKeys (ConfUtils.java:logGet(43)) - raft.server.log.use.memory = false (default)
2019-10-14 09:11:16,313 [pool-192-thread-1] INFO  server.RaftServerConfigKeys (ConfUtils.java:logGet(43)) - raft.server.log.purge.gap = 1000000 (custom)
2019-10-14 09:11:16,313 [pool-192-thread-1] INFO  server.RaftServerConfigKeys (ConfUtils.java:logGet(43)) - raft.server.log.appender.buffer.byte-limit = 33554432 (custom)
2019-10-14 09:11:16,313 [pool-192-thread-1] INFO  server.RaftServerConfigKeys (ConfUtils.java:logGet(43)) - raft.server.log.segment.size.max = 1048576 (custom)
2019-10-14 09:11:16,313 [pool-192-thread-1] INFO  server.RaftServerConfigKeys (ConfUtils.java:logGet(43)) - raft.server.log.segment.cache.num.max = 2 (custom)
2019-10-14 09:11:16,313 [pool-192-thread-1] INFO  segmented.SegmentedRaftLogWorker (SegmentedRaftLogWorker.java:<init>(172)) - new b00e6ee9-b720-4122-89a6-a6b803fd6604@group-FE57A3C8E3B7-SegmentedRaftLogWorker for RaftStorage:Storage Directory /workdir/hadoop-ozone/integration-test/target/test-dir/MiniOzoneClusterImpl-7dc343c7-8e33-43f6-86ca-4a53fe0b4b94/datanode-4/data/ratis/e658bad2-b899-418f-8231-fe57a3c8e3b7
2019-10-14 09:11:16,316 [pool-192-thread-1] INFO  server.RaftServerConfigKeys (ConfUtils.java:logGet(43)) - raft.server.log.queue.byte-limit = 2147483647 (custom)
2019-10-14 09:11:16,316 [pool-192-thread-1] INFO  server.RaftServerConfigKeys (ConfUtils.java:logGet(43)) - raft.server.log.queue.element-limit = 1024 (custom)
2019-10-14 09:11:16,316 [pool-192-thread-1] INFO  server.RaftServerConfigKeys (ConfUtils.java:logGet(43)) - raft.server.log.segment.size.max = 1048576 (custom)
2019-10-14 09:11:16,316 [pool-192-thread-1] INFO  server.RaftServerConfigKeys (ConfUtils.java:logGet(43)) - raft.server.log.preallocated.size = 16384 (custom)
2019-10-14 09:11:16,316 [pool-192-thread-1] INFO  server.RaftServerConfigKeys (ConfUtils.java:logGet(43)) - raft.server.log.write.buffer.size = 33554432 (custom)
2019-10-14 09:11:16,316 [pool-192-thread-1] INFO  server.RaftServerConfigKeys (ConfUtils.java:logGet(43)) - raft.server.log.force.sync.num = 128 (default)
2019-10-14 09:11:16,316 [pool-192-thread-1] INFO  server.RaftServerConfigKeys (ConfUtils.java:logGet(43)) - raft.server.log.statemachine.data.sync = true (default)
2019-10-14 09:11:16,317 [pool-192-thread-1] INFO  server.RaftServerConfigKeys (ConfUtils.java:logGet(43)) - raft.server.log.statemachine.data.sync.timeout = 10s (default)
2019-10-14 09:11:16,317 [pool-192-thread-1] INFO  server.RaftServerConfigKeys (ConfUtils.java:logGet(43)) - raft.server.log.statemachine.data.sync.timeout.retry = -1 (default)
2019-10-14 09:11:16,317 [pool-192-thread-1] INFO  server.RaftServerConfigKeys (ConfUtils.java:logGet(43)) - raft.server.log.statemachine.data.caching.enabled = true (custom)
2019-10-14 09:11:16,317 [pool-192-thread-1] INFO  segmented.SegmentedRaftLogWorker (SegmentedRaftLogWorker.java:lambda$new$0(132)) - b00e6ee9-b720-4122-89a6-a6b803fd6604@group-FE57A3C8E3B7-SegmentedRaftLogWorker: flushIndex: setUnconditionally 0 -> -1
2019-10-14 09:11:16,318 [pool-192-thread-1] INFO  server.RaftServerConfigKeys (ConfUtils.java:logGet(43)) - raft.server.snapshot.auto.trigger.enabled = true (custom)
2019-10-14 09:11:16,318 [pool-192-thread-1] INFO  server.RaftServerConfigKeys (ConfUtils.java:logGet(43)) - raft.server.snapshot.auto.trigger.threshold = 10000 (custom)
2019-10-14 09:11:16,318 [pool-192-thread-1] INFO  server.RaftServerConfigKeys (ConfUtils.java:logGet(43)) - raft.server.snapshot.retention.num.files = 5 (custom)
2019-10-14 09:11:16,318 [pool-192-thread-1] INFO  server.RaftServerConfigKeys (ConfUtils.java:logGet(43)) - raft.server.retrycache.expirytime = 600000ms (custom)
2019-10-14 09:11:16,320 [pool-192-thread-1] INFO  impl.RaftServerImpl (RaftServerImpl.java:start(185)) - b00e6ee9-b720-4122-89a6-a6b803fd6604@group-FE57A3C8E3B7: start as a follower, conf=-1: [b00e6ee9-b720-4122-89a6-a6b803fd6604:192.168.164.214:44320], old=null
2019-10-14 09:11:16,320 [pool-192-thread-1] INFO  impl.RaftServerImpl (RaftServerImpl.java:setRole(174)) - b00e6ee9-b720-4122-89a6-a6b803fd6604@group-FE57A3C8E3B7: changes role from      null to FOLLOWER at term 0 for startAsFollower
2019-10-14 09:11:16,320 [pool-192-thread-1] INFO  impl.RoleInfo (RoleInfo.java:updateAndGet(143)) - b00e6ee9-b720-4122-89a6-a6b803fd6604: start FollowerState
2019-10-14 09:11:16,321 [pool-192-thread-1] INFO  util.JmxRegister (JmxRegister.java:tryRegister(44)) - Successfully registered JMX Bean with object name Ratis:service=RaftServer,group=group-FE57A3C8E3B7,id=b00e6ee9-b720-4122-89a6-a6b803fd6604
2019-10-14 09:11:16,323 [RatisPipelineUtilsThread] INFO  pipeline.PipelineStateManager (PipelineStateManager.java:addPipeline(56)) - Created pipeline Pipeline[ Id: e658bad2-b899-418f-8231-fe57a3c8e3b7, Nodes: b00e6ee9-b720-4122-89a6-a6b803fd6604{ip: 192.168.164.214, host: pr-hdds-1569-vp9xg-4248047660, networkLocation: /default-rack, certSerialId: null}, Type:RATIS, Factor:ONE, State:OPEN]
2019-10-14 09:11:16,332 [grpc-default-executor-0] INFO  impl.RaftServerProxy (RaftServerProxy.java:addNew(89)) - d1f57701-3fd0-49df-bc3e-2994fc7249db: addNew group-A7EABF05E167:[d1f57701-3fd0-49df-bc3e-2994fc7249db:192.168.164.214:43350] returns group-A7EABF05E167:java.util.concurrent.CompletableFuture@3e0d6d6e[Not completed]
2019-10-14 09:11:16,333 [pool-202-thread-1] INFO  impl.RaftServerImpl (RaftServerImpl.java:<init>(95)) - d1f57701-3fd0-49df-bc3e-2994fc7249db: new RaftServerImpl for group-A7EABF05E167:[d1f57701-3fd0-49df-bc3e-2994fc7249db:192.168.164.214:43350] with ContainerStateMachine:uninitialized
2019-10-14 09:11:16,333 [pool-202-thread-1] INFO  server.RaftServerConfigKeys (ConfUtils.java:logGet(43)) - raft.server.rpc.timeout.min = 1s (custom)
2019-10-14 09:11:16,333 [pool-202-thread-1] INFO  server.RaftServerConfigKeys (ConfUtils.java:logGet(43)) - raft.server.rpc.timeout.max = 1200ms (custom)
2019-10-14 09:11:16,333 [pool-202-thread-1] INFO  server.RaftServerConfigKeys (ConfUtils.java:logGet(43)) - raft.server.rpcslowness.timeout = 120s (custom)
2019-10-14 09:11:16,333 [pool-202-thread-1] INFO  server.RaftServerConfigKeys (ConfUtils.java:logGet(43)) - raft.server.sleep.deviation.threshold = 300 (default)
2019-10-14 09:11:16,333 [pool-202-thread-1] INFO  server.RaftServerConfigKeys (ConfUtils.java:logGet(43)) - raft.server.log.appender.install.snapshot.enabled = false (custom)
2019-10-14 09:11:16,334 [pool-202-thread-1] INFO  impl.RaftServerImpl (ServerState.java:<init>(103)) - d1f57701-3fd0-49df-bc3e-2994fc7249db@group-A7EABF05E167: ConfigurationManager, init=-1: [d1f57701-3fd0-49df-bc3e-2994fc7249db:192.168.164.214:43350], old=null, confs=<EMPTY_MAP>
2019-10-14 09:11:16,334 [pool-202-thread-1] INFO  server.RaftServerConfigKeys (ConfUtils.java:logGet(43)) - raft.server.storage.dir = [/workdir/hadoop-ozone/integration-test/target/test-dir/MiniOzoneClusterImpl-7dc343c7-8e33-43f6-86ca-4a53fe0b4b94/datanode-5/data/ratis] (custom)
2019-10-14 09:11:16,334 [pool-202-thread-1] INFO  storage.RaftStorageDirectory (RaftStorageDirectory.java:analyzeStorage(246)) - The storage directory /workdir/hadoop-ozone/integration-test/target/test-dir/MiniOzoneClusterImpl-7dc343c7-8e33-43f6-86ca-4a53fe0b4b94/datanode-5/data/ratis/cd491b43-8da0-42c3-90ca-a7eabf05e167 does not exist. Creating ...
2019-10-14 09:11:16,358 [pool-202-thread-1] INFO  storage.RaftStorageDirectory (RaftStorageDirectory.java:tryLock(328)) - Lock on /workdir/hadoop-ozone/integration-test/target/test-dir/MiniOzoneClusterImpl-7dc343c7-8e33-43f6-86ca-4a53fe0b4b94/datanode-5/data/ratis/cd491b43-8da0-42c3-90ca-a7eabf05e167/in_use.lock acquired by nodename 2402@pr-hdds-1569-vp9xg-4248047660
2019-10-14 09:11:16,381 [pool-202-thread-1] INFO  storage.RaftStorage (RaftStorage.java:format(72)) - Storage directory /workdir/hadoop-ozone/integration-test/target/test-dir/MiniOzoneClusterImpl-7dc343c7-8e33-43f6-86ca-4a53fe0b4b94/datanode-5/data/ratis/cd491b43-8da0-42c3-90ca-a7eabf05e167 has been successfully formatted.
2019-10-14 09:11:16,381 [pool-202-thread-1] INFO  ratis.ContainerStateMachine (ContainerStateMachine.java:loadSnapshot(230)) - group-A7EABF05E167: The snapshot info is null. Setting the last applied indexto:(t:0, i:~)
2019-10-14 09:11:16,381 [pool-202-thread-1] INFO  server.RaftServerConfigKeys (ConfUtils.java:logGet(43)) - raft.server.notification.no-leader.timeout = 120s (custom)
2019-10-14 09:11:16,381 [pool-202-thread-1] INFO  server.RaftServerConfigKeys (ConfUtils.java:logGet(43)) - raft.server.log.use.memory = false (default)
2019-10-14 09:11:16,382 [pool-202-thread-1] INFO  server.RaftServerConfigKeys (ConfUtils.java:logGet(43)) - raft.server.log.purge.gap = 1000000 (custom)
2019-10-14 09:11:16,382 [pool-202-thread-1] INFO  server.RaftServerConfigKeys (ConfUtils.java:logGet(43)) - raft.server.log.appender.buffer.byte-limit = 33554432 (custom)
2019-10-14 09:11:16,382 [pool-202-thread-1] INFO  server.RaftServerConfigKeys (ConfUtils.java:logGet(43)) - raft.server.log.segment.size.max = 1048576 (custom)
2019-10-14 09:11:16,382 [pool-202-thread-1] INFO  server.RaftServerConfigKeys (ConfUtils.java:logGet(43)) - raft.server.log.segment.cache.num.max = 2 (custom)
2019-10-14 09:11:16,382 [pool-202-thread-1] INFO  segmented.SegmentedRaftLogWorker (SegmentedRaftLogWorker.java:<init>(172)) - new d1f57701-3fd0-49df-bc3e-2994fc7249db@group-A7EABF05E167-SegmentedRaftLogWorker for RaftStorage:Storage Directory /workdir/hadoop-ozone/integration-test/target/test-dir/MiniOzoneClusterImpl-7dc343c7-8e33-43f6-86ca-4a53fe0b4b94/datanode-5/data/ratis/cd491b43-8da0-42c3-90ca-a7eabf05e167
2019-10-14 09:11:16,384 [pool-202-thread-1] INFO  server.RaftServerConfigKeys (ConfUtils.java:logGet(43)) - raft.server.log.queue.byte-limit = 2147483647 (custom)
2019-10-14 09:11:16,384 [pool-202-thread-1] INFO  server.RaftServerConfigKeys (ConfUtils.java:logGet(43)) - raft.server.log.queue.element-limit = 1024 (custom)
2019-10-14 09:11:16,384 [pool-202-thread-1] INFO  server.RaftServerConfigKeys (ConfUtils.java:logGet(43)) - raft.server.log.segment.size.max = 1048576 (custom)
2019-10-14 09:11:16,384 [pool-202-thread-1] INFO  server.RaftServerConfigKeys (ConfUtils.java:logGet(43)) - raft.server.log.preallocated.size = 16384 (custom)
2019-10-14 09:11:16,385 [pool-202-thread-1] INFO  server.RaftServerConfigKeys (ConfUtils.java:logGet(43)) - raft.server.log.write.buffer.size = 33554432 (custom)
2019-10-14 09:11:16,385 [pool-202-thread-1] INFO  server.RaftServerConfigKeys (ConfUtils.java:logGet(43)) - raft.server.log.force.sync.num = 128 (default)
2019-10-14 09:11:16,385 [pool-202-thread-1] INFO  server.RaftServerConfigKeys (ConfUtils.java:logGet(43)) - raft.server.log.statemachine.data.sync = true (default)
2019-10-14 09:11:16,385 [pool-202-thread-1] INFO  server.RaftServerConfigKeys (ConfUtils.java:logGet(43)) - raft.server.log.statemachine.data.sync.timeout = 10s (default)
2019-10-14 09:11:16,385 [pool-202-thread-1] INFO  server.RaftServerConfigKeys (ConfUtils.java:logGet(43)) - raft.server.log.statemachine.data.sync.timeout.retry = -1 (default)
2019-10-14 09:11:16,385 [pool-202-thread-1] INFO  server.RaftServerConfigKeys (ConfUtils.java:logGet(43)) - raft.server.log.statemachine.data.caching.enabled = true (custom)
2019-10-14 09:11:16,385 [pool-202-thread-1] INFO  segmented.SegmentedRaftLogWorker (SegmentedRaftLogWorker.java:lambda$new$0(132)) - d1f57701-3fd0-49df-bc3e-2994fc7249db@group-A7EABF05E167-SegmentedRaftLogWorker: flushIndex: setUnconditionally 0 -> -1
2019-10-14 09:11:16,386 [pool-202-thread-1] INFO  server.RaftServerConfigKeys (ConfUtils.java:logGet(43)) - raft.server.snapshot.auto.trigger.enabled = true (custom)
2019-10-14 09:11:16,386 [pool-202-thread-1] INFO  server.RaftServerConfigKeys (ConfUtils.java:logGet(43)) - raft.server.snapshot.auto.trigger.threshold = 10000 (custom)
2019-10-14 09:11:16,386 [pool-202-thread-1] INFO  server.RaftServerConfigKeys (ConfUtils.java:logGet(43)) - raft.server.snapshot.retention.num.files = 5 (custom)
2019-10-14 09:11:16,386 [pool-202-thread-1] INFO  server.RaftServerConfigKeys (ConfUtils.java:logGet(43)) - raft.server.retrycache.expirytime = 600000ms (custom)
2019-10-14 09:11:16,388 [pool-202-thread-1] INFO  impl.RaftServerImpl (RaftServerImpl.java:start(185)) - d1f57701-3fd0-49df-bc3e-2994fc7249db@group-A7EABF05E167: start as a follower, conf=-1: [d1f57701-3fd0-49df-bc3e-2994fc7249db:192.168.164.214:43350], old=null
2019-10-14 09:11:16,388 [pool-202-thread-1] INFO  impl.RaftServerImpl (RaftServerImpl.java:setRole(174)) - d1f57701-3fd0-49df-bc3e-2994fc7249db@group-A7EABF05E167: changes role from      null to FOLLOWER at term 0 for startAsFollower
2019-10-14 09:11:16,388 [pool-202-thread-1] INFO  impl.RoleInfo (RoleInfo.java:updateAndGet(143)) - d1f57701-3fd0-49df-bc3e-2994fc7249db: start FollowerState
2019-10-14 09:11:16,388 [pool-202-thread-1] INFO  util.JmxRegister (JmxRegister.java:tryRegister(44)) - Successfully registered JMX Bean with object name Ratis:service=RaftServer,group=group-A7EABF05E167,id=d1f57701-3fd0-49df-bc3e-2994fc7249db
2019-10-14 09:11:16,391 [RatisPipelineUtilsThread] INFO  pipeline.PipelineStateManager (PipelineStateManager.java:addPipeline(56)) - Created pipeline Pipeline[ Id: cd491b43-8da0-42c3-90ca-a7eabf05e167, Nodes: d1f57701-3fd0-49df-bc3e-2994fc7249db{ip: 192.168.164.214, host: pr-hdds-1569-vp9xg-4248047660, networkLocation: /default-rack, certSerialId: null}, Type:RATIS, Factor:ONE, State:OPEN]
2019-10-14 09:11:16,394 [RatisPipelineUtilsThread] ERROR pipeline.SCMPipelineManager (SCMPipelineManager.java:createPipeline(193)) - Pipeline creation failed.
org.apache.hadoop.hdds.scm.exceptions.SCMException: Cannot create pipeline of factor 1 using 0 nodes. Used 6 nodes. Healthy nodes 6
	at org.apache.hadoop.hdds.scm.pipeline.RatisPipelineProvider.pickNodesNeverUsed(RatisPipelineProvider.java:116)
	at org.apache.hadoop.hdds.scm.pipeline.RatisPipelineProvider.create(RatisPipelineProvider.java:128)
	at org.apache.hadoop.hdds.scm.pipeline.PipelineFactory.create(PipelineFactory.java:58)
	at org.apache.hadoop.hdds.scm.pipeline.SCMPipelineManager.createPipeline(SCMPipelineManager.java:183)
	at org.apache.hadoop.hdds.scm.pipeline.BackgroundPipelineCreator.createPipelines(BackgroundPipelineCreator.java:100)
	at java.util.concurrent.Executors$RunnableAdapter.call(Executors.java:511)
	at java.util.concurrent.FutureTask.run(FutureTask.java:266)
	at java.util.concurrent.ScheduledThreadPoolExecutor$ScheduledFutureTask.access$201(ScheduledThreadPoolExecutor.java:180)
	at java.util.concurrent.ScheduledThreadPoolExecutor$ScheduledFutureTask.run(ScheduledThreadPoolExecutor.java:293)
	at java.util.concurrent.ThreadPoolExecutor.runWorker(ThreadPoolExecutor.java:1149)
	at java.util.concurrent.ThreadPoolExecutor$Worker.run(ThreadPoolExecutor.java:624)
	at java.lang.Thread.run(Thread.java:748)
2019-10-14 09:11:16,409 [grpc-default-executor-3] INFO  impl.RaftServerProxy (RaftServerProxy.java:addNew(89)) - b00e6ee9-b720-4122-89a6-a6b803fd6604: addNew group-CB7B554BB085:[ae7f4960-f987-43f9-80f9-0ac0ab20aeef:192.168.164.214:35598, b00e6ee9-b720-4122-89a6-a6b803fd6604:192.168.164.214:44320, 501dc7b9-491d-40e1-8cdc-2c9c2160e0a9:192.168.164.214:43146] returns group-CB7B554BB085:java.util.concurrent.CompletableFuture@4ae151f0[Not completed]
2019-10-14 09:11:16,410 [grpc-default-executor-1] INFO  impl.RaftServerProxy (RaftServerProxy.java:addNew(89)) - ae7f4960-f987-43f9-80f9-0ac0ab20aeef: addNew group-CB7B554BB085:[ae7f4960-f987-43f9-80f9-0ac0ab20aeef:192.168.164.214:35598, b00e6ee9-b720-4122-89a6-a6b803fd6604:192.168.164.214:44320, 501dc7b9-491d-40e1-8cdc-2c9c2160e0a9:192.168.164.214:43146] returns group-CB7B554BB085:java.util.concurrent.CompletableFuture@6556ed25[Not completed]
2019-10-14 09:11:16,410 [grpc-default-executor-3] INFO  impl.RaftServerProxy (RaftServerProxy.java:addNew(89)) - 501dc7b9-491d-40e1-8cdc-2c9c2160e0a9: addNew group-CB7B554BB085:[ae7f4960-f987-43f9-80f9-0ac0ab20aeef:192.168.164.214:35598, b00e6ee9-b720-4122-89a6-a6b803fd6604:192.168.164.214:44320, 501dc7b9-491d-40e1-8cdc-2c9c2160e0a9:192.168.164.214:43146] returns group-CB7B554BB085:java.util.concurrent.CompletableFuture@660d9d47[Not completed]
2019-10-14 09:11:16,410 [pool-192-thread-1] INFO  impl.RaftServerImpl (RaftServerImpl.java:<init>(95)) - b00e6ee9-b720-4122-89a6-a6b803fd6604: new RaftServerImpl for group-CB7B554BB085:[ae7f4960-f987-43f9-80f9-0ac0ab20aeef:192.168.164.214:35598, b00e6ee9-b720-4122-89a6-a6b803fd6604:192.168.164.214:44320, 501dc7b9-491d-40e1-8cdc-2c9c2160e0a9:192.168.164.214:43146] with ContainerStateMachine:uninitialized
2019-10-14 09:11:16,411 [pool-192-thread-1] INFO  server.RaftServerConfigKeys (ConfUtils.java:logGet(43)) - raft.server.rpc.timeout.min = 1s (custom)
2019-10-14 09:11:16,411 [pool-192-thread-1] INFO  server.RaftServerConfigKeys (ConfUtils.java:logGet(43)) - raft.server.rpc.timeout.max = 1200ms (custom)
2019-10-14 09:11:16,411 [pool-192-thread-1] INFO  server.RaftServerConfigKeys (ConfUtils.java:logGet(43)) - raft.server.rpcslowness.timeout = 120s (custom)
2019-10-14 09:11:16,411 [pool-192-thread-1] INFO  server.RaftServerConfigKeys (ConfUtils.java:logGet(43)) - raft.server.sleep.deviation.threshold = 300 (default)
2019-10-14 09:11:16,411 [pool-192-thread-1] INFO  server.RaftServerConfigKeys (ConfUtils.java:logGet(43)) - raft.server.log.appender.install.snapshot.enabled = false (custom)
2019-10-14 09:11:16,411 [pool-192-thread-1] INFO  impl.RaftServerImpl (ServerState.java:<init>(103)) - b00e6ee9-b720-4122-89a6-a6b803fd6604@group-CB7B554BB085: ConfigurationManager, init=-1: [ae7f4960-f987-43f9-80f9-0ac0ab20aeef:192.168.164.214:35598, b00e6ee9-b720-4122-89a6-a6b803fd6604:192.168.164.214:44320, 501dc7b9-491d-40e1-8cdc-2c9c2160e0a9:192.168.164.214:43146], old=null, confs=<EMPTY_MAP>
2019-10-14 09:11:16,411 [pool-192-thread-1] INFO  server.RaftServerConfigKeys (ConfUtils.java:logGet(43)) - raft.server.storage.dir = [/workdir/hadoop-ozone/integration-test/target/test-dir/MiniOzoneClusterImpl-7dc343c7-8e33-43f6-86ca-4a53fe0b4b94/datanode-4/data/ratis] (custom)
2019-10-14 09:11:16,411 [pool-152-thread-1] INFO  impl.RaftServerImpl (RaftServerImpl.java:<init>(95)) - 501dc7b9-491d-40e1-8cdc-2c9c2160e0a9: new RaftServerImpl for group-CB7B554BB085:[ae7f4960-f987-43f9-80f9-0ac0ab20aeef:192.168.164.214:35598, b00e6ee9-b720-4122-89a6-a6b803fd6604:192.168.164.214:44320, 501dc7b9-491d-40e1-8cdc-2c9c2160e0a9:192.168.164.214:43146] with ContainerStateMachine:uninitialized
2019-10-14 09:11:16,411 [pool-192-thread-1] INFO  storage.RaftStorageDirectory (RaftStorageDirectory.java:analyzeStorage(246)) - The storage directory /workdir/hadoop-ozone/integration-test/target/test-dir/MiniOzoneClusterImpl-7dc343c7-8e33-43f6-86ca-4a53fe0b4b94/datanode-4/data/ratis/bdc99b70-54bb-4032-88e2-cb7b554bb085 does not exist. Creating ...
2019-10-14 09:11:16,412 [pool-152-thread-1] INFO  server.RaftServerConfigKeys (ConfUtils.java:logGet(43)) - raft.server.rpc.timeout.min = 1s (custom)
2019-10-14 09:11:16,412 [pool-152-thread-1] INFO  server.RaftServerConfigKeys (ConfUtils.java:logGet(43)) - raft.server.rpc.timeout.max = 1200ms (custom)
2019-10-14 09:11:16,412 [pool-152-thread-1] INFO  server.RaftServerConfigKeys (ConfUtils.java:logGet(43)) - raft.server.rpcslowness.timeout = 120s (custom)
2019-10-14 09:11:16,412 [pool-152-thread-1] INFO  server.RaftServerConfigKeys (ConfUtils.java:logGet(43)) - raft.server.sleep.deviation.threshold = 300 (default)
2019-10-14 09:11:16,412 [pool-152-thread-1] INFO  server.RaftServerConfigKeys (ConfUtils.java:logGet(43)) - raft.server.log.appender.install.snapshot.enabled = false (custom)
2019-10-14 09:11:16,412 [pool-172-thread-1] INFO  impl.RaftServerImpl (RaftServerImpl.java:<init>(95)) - ae7f4960-f987-43f9-80f9-0ac0ab20aeef: new RaftServerImpl for group-CB7B554BB085:[ae7f4960-f987-43f9-80f9-0ac0ab20aeef:192.168.164.214:35598, b00e6ee9-b720-4122-89a6-a6b803fd6604:192.168.164.214:44320, 501dc7b9-491d-40e1-8cdc-2c9c2160e0a9:192.168.164.214:43146] with ContainerStateMachine:uninitialized
2019-10-14 09:11:16,412 [pool-152-thread-1] INFO  impl.RaftServerImpl (ServerState.java:<init>(103)) - 501dc7b9-491d-40e1-8cdc-2c9c2160e0a9@group-CB7B554BB085: ConfigurationManager, init=-1: [ae7f4960-f987-43f9-80f9-0ac0ab20aeef:192.168.164.214:35598, b00e6ee9-b720-4122-89a6-a6b803fd6604:192.168.164.214:44320, 501dc7b9-491d-40e1-8cdc-2c9c2160e0a9:192.168.164.214:43146], old=null, confs=<EMPTY_MAP>
2019-10-14 09:11:16,412 [pool-172-thread-1] INFO  server.RaftServerConfigKeys (ConfUtils.java:logGet(43)) - raft.server.rpc.timeout.min = 1s (custom)
2019-10-14 09:11:16,413 [pool-152-thread-1] INFO  server.RaftServerConfigKeys (ConfUtils.java:logGet(43)) - raft.server.storage.dir = [/workdir/hadoop-ozone/integration-test/target/test-dir/MiniOzoneClusterImpl-7dc343c7-8e33-43f6-86ca-4a53fe0b4b94/datanode-0/data/ratis] (custom)
2019-10-14 09:11:16,413 [pool-172-thread-1] INFO  server.RaftServerConfigKeys (ConfUtils.java:logGet(43)) - raft.server.rpc.timeout.max = 1200ms (custom)
2019-10-14 09:11:16,413 [pool-172-thread-1] INFO  server.RaftServerConfigKeys (ConfUtils.java:logGet(43)) - raft.server.rpcslowness.timeout = 120s (custom)
2019-10-14 09:11:16,413 [pool-152-thread-1] INFO  storage.RaftStorageDirectory (RaftStorageDirectory.java:analyzeStorage(246)) - The storage directory /workdir/hadoop-ozone/integration-test/target/test-dir/MiniOzoneClusterImpl-7dc343c7-8e33-43f6-86ca-4a53fe0b4b94/datanode-0/data/ratis/bdc99b70-54bb-4032-88e2-cb7b554bb085 does not exist. Creating ...
2019-10-14 09:11:16,413 [pool-172-thread-1] INFO  server.RaftServerConfigKeys (ConfUtils.java:logGet(43)) - raft.server.sleep.deviation.threshold = 300 (default)
2019-10-14 09:11:16,413 [pool-172-thread-1] INFO  server.RaftServerConfigKeys (ConfUtils.java:logGet(43)) - raft.server.log.appender.install.snapshot.enabled = false (custom)
2019-10-14 09:11:16,413 [pool-172-thread-1] INFO  impl.RaftServerImpl (ServerState.java:<init>(103)) - ae7f4960-f987-43f9-80f9-0ac0ab20aeef@group-CB7B554BB085: ConfigurationManager, init=-1: [ae7f4960-f987-43f9-80f9-0ac0ab20aeef:192.168.164.214:35598, b00e6ee9-b720-4122-89a6-a6b803fd6604:192.168.164.214:44320, 501dc7b9-491d-40e1-8cdc-2c9c2160e0a9:192.168.164.214:43146], old=null, confs=<EMPTY_MAP>
2019-10-14 09:11:16,414 [pool-172-thread-1] INFO  server.RaftServerConfigKeys (ConfUtils.java:logGet(43)) - raft.server.storage.dir = [/workdir/hadoop-ozone/integration-test/target/test-dir/MiniOzoneClusterImpl-7dc343c7-8e33-43f6-86ca-4a53fe0b4b94/datanode-2/data/ratis] (custom)
2019-10-14 09:11:16,414 [pool-172-thread-1] INFO  storage.RaftStorageDirectory (RaftStorageDirectory.java:analyzeStorage(246)) - The storage directory /workdir/hadoop-ozone/integration-test/target/test-dir/MiniOzoneClusterImpl-7dc343c7-8e33-43f6-86ca-4a53fe0b4b94/datanode-2/data/ratis/bdc99b70-54bb-4032-88e2-cb7b554bb085 does not exist. Creating ...
2019-10-14 09:11:16,442 [pool-152-thread-1] INFO  storage.RaftStorageDirectory (RaftStorageDirectory.java:tryLock(328)) - Lock on /workdir/hadoop-ozone/integration-test/target/test-dir/MiniOzoneClusterImpl-7dc343c7-8e33-43f6-86ca-4a53fe0b4b94/datanode-0/data/ratis/bdc99b70-54bb-4032-88e2-cb7b554bb085/in_use.lock acquired by nodename 2402@pr-hdds-1569-vp9xg-4248047660
2019-10-14 09:11:16,442 [pool-172-thread-1] INFO  storage.RaftStorageDirectory (RaftStorageDirectory.java:tryLock(328)) - Lock on /workdir/hadoop-ozone/integration-test/target/test-dir/MiniOzoneClusterImpl-7dc343c7-8e33-43f6-86ca-4a53fe0b4b94/datanode-2/data/ratis/bdc99b70-54bb-4032-88e2-cb7b554bb085/in_use.lock acquired by nodename 2402@pr-hdds-1569-vp9xg-4248047660
2019-10-14 09:11:16,442 [pool-192-thread-1] INFO  storage.RaftStorageDirectory (RaftStorageDirectory.java:tryLock(328)) - Lock on /workdir/hadoop-ozone/integration-test/target/test-dir/MiniOzoneClusterImpl-7dc343c7-8e33-43f6-86ca-4a53fe0b4b94/datanode-4/data/ratis/bdc99b70-54bb-4032-88e2-cb7b554bb085/in_use.lock acquired by nodename 2402@pr-hdds-1569-vp9xg-4248047660
2019-10-14 09:11:16,466 [pool-152-thread-1] INFO  storage.RaftStorage (RaftStorage.java:format(72)) - Storage directory /workdir/hadoop-ozone/integration-test/target/test-dir/MiniOzoneClusterImpl-7dc343c7-8e33-43f6-86ca-4a53fe0b4b94/datanode-0/data/ratis/bdc99b70-54bb-4032-88e2-cb7b554bb085 has been successfully formatted.
2019-10-14 09:11:16,466 [pool-172-thread-1] INFO  storage.RaftStorage (RaftStorage.java:format(72)) - Storage directory /workdir/hadoop-ozone/integration-test/target/test-dir/MiniOzoneClusterImpl-7dc343c7-8e33-43f6-86ca-4a53fe0b4b94/datanode-2/data/ratis/bdc99b70-54bb-4032-88e2-cb7b554bb085 has been successfully formatted.
2019-10-14 09:11:16,466 [pool-192-thread-1] INFO  storage.RaftStorage (RaftStorage.java:format(72)) - Storage directory /workdir/hadoop-ozone/integration-test/target/test-dir/MiniOzoneClusterImpl-7dc343c7-8e33-43f6-86ca-4a53fe0b4b94/datanode-4/data/ratis/bdc99b70-54bb-4032-88e2-cb7b554bb085 has been successfully formatted.
2019-10-14 09:11:16,466 [pool-152-thread-1] INFO  ratis.ContainerStateMachine (ContainerStateMachine.java:loadSnapshot(230)) - group-CB7B554BB085: The snapshot info is null. Setting the last applied indexto:(t:0, i:~)
2019-10-14 09:11:16,466 [pool-172-thread-1] INFO  ratis.ContainerStateMachine (ContainerStateMachine.java:loadSnapshot(230)) - group-CB7B554BB085: The snapshot info is null. Setting the last applied indexto:(t:0, i:~)
2019-10-14 09:11:16,466 [pool-152-thread-1] INFO  server.RaftServerConfigKeys (ConfUtils.java:logGet(43)) - raft.server.notification.no-leader.timeout = 120s (custom)
2019-10-14 09:11:16,466 [pool-192-thread-1] INFO  ratis.ContainerStateMachine (ContainerStateMachine.java:loadSnapshot(230)) - group-CB7B554BB085: The snapshot info is null. Setting the last applied indexto:(t:0, i:~)
2019-10-14 09:11:16,467 [pool-152-thread-1] INFO  server.RaftServerConfigKeys (ConfUtils.java:logGet(43)) - raft.server.log.use.memory = false (default)
2019-10-14 09:11:16,467 [pool-172-thread-1] INFO  server.RaftServerConfigKeys (ConfUtils.java:logGet(43)) - raft.server.notification.no-leader.timeout = 120s (custom)
2019-10-14 09:11:16,467 [pool-152-thread-1] INFO  server.RaftServerConfigKeys (ConfUtils.java:logGet(43)) - raft.server.log.purge.gap = 1000000 (custom)
2019-10-14 09:11:16,467 [pool-192-thread-1] INFO  server.RaftServerConfigKeys (ConfUtils.java:logGet(43)) - raft.server.notification.no-leader.timeout = 120s (custom)
2019-10-14 09:11:16,467 [pool-152-thread-1] INFO  server.RaftServerConfigKeys (ConfUtils.java:logGet(43)) - raft.server.log.appender.buffer.byte-limit = 33554432 (custom)
2019-10-14 09:11:16,467 [pool-172-thread-1] INFO  server.RaftServerConfigKeys (ConfUtils.java:logGet(43)) - raft.server.log.use.memory = false (default)
2019-10-14 09:11:16,467 [pool-152-thread-1] INFO  server.RaftServerConfigKeys (ConfUtils.java:logGet(43)) - raft.server.log.segment.size.max = 1048576 (custom)
2019-10-14 09:11:16,467 [pool-192-thread-1] INFO  server.RaftServerConfigKeys (ConfUtils.java:logGet(43)) - raft.server.log.use.memory = false (default)
2019-10-14 09:11:16,468 [pool-152-thread-1] INFO  server.RaftServerConfigKeys (ConfUtils.java:logGet(43)) - raft.server.log.segment.cache.num.max = 2 (custom)
2019-10-14 09:11:16,468 [pool-152-thread-1] INFO  segmented.SegmentedRaftLogWorker (SegmentedRaftLogWorker.java:<init>(172)) - new 501dc7b9-491d-40e1-8cdc-2c9c2160e0a9@group-CB7B554BB085-SegmentedRaftLogWorker for RaftStorage:Storage Directory /workdir/hadoop-ozone/integration-test/target/test-dir/MiniOzoneClusterImpl-7dc343c7-8e33-43f6-86ca-4a53fe0b4b94/datanode-0/data/ratis/bdc99b70-54bb-4032-88e2-cb7b554bb085
2019-10-14 09:11:16,468 [pool-172-thread-1] INFO  server.RaftServerConfigKeys (ConfUtils.java:logGet(43)) - raft.server.log.purge.gap = 1000000 (custom)
2019-10-14 09:11:16,468 [pool-152-thread-1] INFO  server.RaftServerConfigKeys (ConfUtils.java:logGet(43)) - raft.server.log.queue.byte-limit = 2147483647 (custom)
2019-10-14 09:11:16,468 [pool-192-thread-1] INFO  server.RaftServerConfigKeys (ConfUtils.java:logGet(43)) - raft.server.log.purge.gap = 1000000 (custom)
2019-10-14 09:11:16,468 [pool-152-thread-1] INFO  server.RaftServerConfigKeys (ConfUtils.java:logGet(43)) - raft.server.log.queue.element-limit = 1024 (custom)
2019-10-14 09:11:16,468 [pool-172-thread-1] INFO  server.RaftServerConfigKeys (ConfUtils.java:logGet(43)) - raft.server.log.appender.buffer.byte-limit = 33554432 (custom)
2019-10-14 09:11:16,469 [pool-152-thread-1] INFO  server.RaftServerConfigKeys (ConfUtils.java:logGet(43)) - raft.server.log.segment.size.max = 1048576 (custom)
2019-10-14 09:11:16,469 [pool-192-thread-1] INFO  server.RaftServerConfigKeys (ConfUtils.java:logGet(43)) - raft.server.log.appender.buffer.byte-limit = 33554432 (custom)
2019-10-14 09:11:16,469 [pool-152-thread-1] INFO  server.RaftServerConfigKeys (ConfUtils.java:logGet(43)) - raft.server.log.preallocated.size = 16384 (custom)
2019-10-14 09:11:16,469 [pool-172-thread-1] INFO  server.RaftServerConfigKeys (ConfUtils.java:logGet(43)) - raft.server.log.segment.size.max = 1048576 (custom)
2019-10-14 09:11:16,469 [pool-152-thread-1] INFO  server.RaftServerConfigKeys (ConfUtils.java:logGet(43)) - raft.server.log.write.buffer.size = 33554432 (custom)
2019-10-14 09:11:16,469 [pool-192-thread-1] INFO  server.RaftServerConfigKeys (ConfUtils.java:logGet(43)) - raft.server.log.segment.size.max = 1048576 (custom)
2019-10-14 09:11:16,470 [pool-152-thread-1] INFO  server.RaftServerConfigKeys (ConfUtils.java:logGet(43)) - raft.server.log.force.sync.num = 128 (default)
2019-10-14 09:11:16,469 [pool-172-thread-1] INFO  server.RaftServerConfigKeys (ConfUtils.java:logGet(43)) - raft.server.log.segment.cache.num.max = 2 (custom)
2019-10-14 09:11:16,470 [pool-152-thread-1] INFO  server.RaftServerConfigKeys (ConfUtils.java:logGet(43)) - raft.server.log.statemachine.data.sync = true (default)
2019-10-14 09:11:16,470 [pool-192-thread-1] INFO  server.RaftServerConfigKeys (ConfUtils.java:logGet(43)) - raft.server.log.segment.cache.num.max = 2 (custom)
2019-10-14 09:11:16,470 [pool-152-thread-1] INFO  server.RaftServerConfigKeys (ConfUtils.java:logGet(43)) - raft.server.log.statemachine.data.sync.timeout = 10s (default)
2019-10-14 09:11:16,470 [pool-172-thread-1] INFO  segmented.SegmentedRaftLogWorker (SegmentedRaftLogWorker.java:<init>(172)) - new ae7f4960-f987-43f9-80f9-0ac0ab20aeef@group-CB7B554BB085-SegmentedRaftLogWorker for RaftStorage:Storage Directory /workdir/hadoop-ozone/integration-test/target/test-dir/MiniOzoneClusterImpl-7dc343c7-8e33-43f6-86ca-4a53fe0b4b94/datanode-2/data/ratis/bdc99b70-54bb-4032-88e2-cb7b554bb085
2019-10-14 09:11:16,470 [pool-152-thread-1] INFO  server.RaftServerConfigKeys (ConfUtils.java:logGet(43)) - raft.server.log.statemachine.data.sync.timeout.retry = -1 (default)
2019-10-14 09:11:16,470 [pool-192-thread-1] INFO  segmented.SegmentedRaftLogWorker (SegmentedRaftLogWorker.java:<init>(172)) - new b00e6ee9-b720-4122-89a6-a6b803fd6604@group-CB7B554BB085-SegmentedRaftLogWorker for RaftStorage:Storage Directory /workdir/hadoop-ozone/integration-test/target/test-dir/MiniOzoneClusterImpl-7dc343c7-8e33-43f6-86ca-4a53fe0b4b94/datanode-4/data/ratis/bdc99b70-54bb-4032-88e2-cb7b554bb085
2019-10-14 09:11:16,471 [pool-152-thread-1] INFO  server.RaftServerConfigKeys (ConfUtils.java:logGet(43)) - raft.server.log.statemachine.data.caching.enabled = true (custom)
2019-10-14 09:11:16,471 [pool-172-thread-1] INFO  server.RaftServerConfigKeys (ConfUtils.java:logGet(43)) - raft.server.log.queue.byte-limit = 2147483647 (custom)
2019-10-14 09:11:16,471 [pool-152-thread-1] INFO  segmented.SegmentedRaftLogWorker (SegmentedRaftLogWorker.java:lambda$new$0(132)) - 501dc7b9-491d-40e1-8cdc-2c9c2160e0a9@group-CB7B554BB085-SegmentedRaftLogWorker: flushIndex: setUnconditionally 0 -> -1
2019-10-14 09:11:16,471 [pool-192-thread-1] INFO  server.RaftServerConfigKeys (ConfUtils.java:logGet(43)) - raft.server.log.queue.byte-limit = 2147483647 (custom)
2019-10-14 09:11:16,471 [pool-172-thread-1] INFO  server.RaftServerConfigKeys (ConfUtils.java:logGet(43)) - raft.server.log.queue.element-limit = 1024 (custom)
2019-10-14 09:11:16,471 [pool-152-thread-1] INFO  server.RaftServerConfigKeys (ConfUtils.java:logGet(43)) - raft.server.snapshot.auto.trigger.enabled = true (custom)
2019-10-14 09:11:16,471 [pool-192-thread-1] INFO  server.RaftServerConfigKeys (ConfUtils.java:logGet(43)) - raft.server.log.queue.element-limit = 1024 (custom)
2019-10-14 09:11:16,472 [pool-152-thread-1] INFO  server.RaftServerConfigKeys (ConfUtils.java:logGet(43)) - raft.server.snapshot.auto.trigger.threshold = 10000 (custom)
2019-10-14 09:11:16,472 [pool-152-thread-1] INFO  server.RaftServerConfigKeys (ConfUtils.java:logGet(43)) - raft.server.snapshot.retention.num.files = 5 (custom)
2019-10-14 09:11:16,472 [pool-172-thread-1] INFO  server.RaftServerConfigKeys (ConfUtils.java:logGet(43)) - raft.server.log.segment.size.max = 1048576 (custom)
2019-10-14 09:11:16,472 [pool-152-thread-1] INFO  server.RaftServerConfigKeys (ConfUtils.java:logGet(43)) - raft.server.retrycache.expirytime = 600000ms (custom)
2019-10-14 09:11:16,472 [pool-192-thread-1] INFO  server.RaftServerConfigKeys (ConfUtils.java:logGet(43)) - raft.server.log.segment.size.max = 1048576 (custom)
2019-10-14 09:11:16,472 [pool-172-thread-1] INFO  server.RaftServerConfigKeys (ConfUtils.java:logGet(43)) - raft.server.log.preallocated.size = 16384 (custom)
2019-10-14 09:11:16,472 [pool-192-thread-1] INFO  server.RaftServerConfigKeys (ConfUtils.java:logGet(43)) - raft.server.log.preallocated.size = 16384 (custom)
2019-10-14 09:11:16,473 [pool-172-thread-1] INFO  server.RaftServerConfigKeys (ConfUtils.java:logGet(43)) - raft.server.log.write.buffer.size = 33554432 (custom)
2019-10-14 09:11:16,473 [pool-192-thread-1] INFO  server.RaftServerConfigKeys (ConfUtils.java:logGet(43)) - raft.server.log.write.buffer.size = 33554432 (custom)
2019-10-14 09:11:16,473 [pool-172-thread-1] INFO  server.RaftServerConfigKeys (ConfUtils.java:logGet(43)) - raft.server.log.force.sync.num = 128 (default)
2019-10-14 09:11:16,473 [pool-192-thread-1] INFO  server.RaftServerConfigKeys (ConfUtils.java:logGet(43)) - raft.server.log.force.sync.num = 128 (default)
2019-10-14 09:11:16,473 [pool-172-thread-1] INFO  server.RaftServerConfigKeys (ConfUtils.java:logGet(43)) - raft.server.log.statemachine.data.sync = true (default)
2019-10-14 09:11:16,473 [pool-192-thread-1] INFO  server.RaftServerConfigKeys (ConfUtils.java:logGet(43)) - raft.server.log.statemachine.data.sync = true (default)
2019-10-14 09:11:16,474 [pool-172-thread-1] INFO  server.RaftServerConfigKeys (ConfUtils.java:logGet(43)) - raft.server.log.statemachine.data.sync.timeout = 10s (default)
2019-10-14 09:11:16,474 [pool-192-thread-1] INFO  server.RaftServerConfigKeys (ConfUtils.java:logGet(43)) - raft.server.log.statemachine.data.sync.timeout = 10s (default)
2019-10-14 09:11:16,474 [pool-172-thread-1] INFO  server.RaftServerConfigKeys (ConfUtils.java:logGet(43)) - raft.server.log.statemachine.data.sync.timeout.retry = -1 (default)
2019-10-14 09:11:16,474 [pool-192-thread-1] INFO  server.RaftServerConfigKeys (ConfUtils.java:logGet(43)) - raft.server.log.statemachine.data.sync.timeout.retry = -1 (default)
2019-10-14 09:11:16,474 [pool-172-thread-1] INFO  server.RaftServerConfigKeys (ConfUtils.java:logGet(43)) - raft.server.log.statemachine.data.caching.enabled = true (custom)
2019-10-14 09:11:16,474 [pool-152-thread-1] INFO  impl.RaftServerImpl (RaftServerImpl.java:start(185)) - 501dc7b9-491d-40e1-8cdc-2c9c2160e0a9@group-CB7B554BB085: start as a follower, conf=-1: [ae7f4960-f987-43f9-80f9-0ac0ab20aeef:192.168.164.214:35598, b00e6ee9-b720-4122-89a6-a6b803fd6604:192.168.164.214:44320, 501dc7b9-491d-40e1-8cdc-2c9c2160e0a9:192.168.164.214:43146], old=null
2019-10-14 09:11:16,474 [pool-192-thread-1] INFO  server.RaftServerConfigKeys (ConfUtils.java:logGet(43)) - raft.server.log.statemachine.data.caching.enabled = true (custom)
2019-10-14 09:11:16,475 [pool-172-thread-1] INFO  segmented.SegmentedRaftLogWorker (SegmentedRaftLogWorker.java:lambda$new$0(132)) - ae7f4960-f987-43f9-80f9-0ac0ab20aeef@group-CB7B554BB085-SegmentedRaftLogWorker: flushIndex: setUnconditionally 0 -> -1
2019-10-14 09:11:16,475 [pool-152-thread-1] INFO  impl.RaftServerImpl (RaftServerImpl.java:setRole(174)) - 501dc7b9-491d-40e1-8cdc-2c9c2160e0a9@group-CB7B554BB085: changes role from      null to FOLLOWER at term 0 for startAsFollower
2019-10-14 09:11:16,475 [pool-192-thread-1] INFO  segmented.SegmentedRaftLogWorker (SegmentedRaftLogWorker.java:lambda$new$0(132)) - b00e6ee9-b720-4122-89a6-a6b803fd6604@group-CB7B554BB085-SegmentedRaftLogWorker: flushIndex: setUnconditionally 0 -> -1
2019-10-14 09:11:16,475 [pool-172-thread-1] INFO  server.RaftServerConfigKeys (ConfUtils.java:logGet(43)) - raft.server.snapshot.auto.trigger.enabled = true (custom)
2019-10-14 09:11:16,475 [pool-152-thread-1] INFO  impl.RoleInfo (RoleInfo.java:updateAndGet(143)) - 501dc7b9-491d-40e1-8cdc-2c9c2160e0a9: start FollowerState
2019-10-14 09:11:16,475 [pool-172-thread-1] INFO  server.RaftServerConfigKeys (ConfUtils.java:logGet(43)) - raft.server.snapshot.auto.trigger.threshold = 10000 (custom)
2019-10-14 09:11:16,475 [pool-192-thread-1] INFO  server.RaftServerConfigKeys (ConfUtils.java:logGet(43)) - raft.server.snapshot.auto.trigger.enabled = true (custom)
2019-10-14 09:11:16,476 [pool-152-thread-1] INFO  util.JmxRegister (JmxRegister.java:tryRegister(44)) - Successfully registered JMX Bean with object name Ratis:service=RaftServer,group=group-CB7B554BB085,id=501dc7b9-491d-40e1-8cdc-2c9c2160e0a9
2019-10-14 09:11:16,476 [pool-172-thread-1] INFO  server.RaftServerConfigKeys (ConfUtils.java:logGet(43)) - raft.server.snapshot.retention.num.files = 5 (custom)
2019-10-14 09:11:16,476 [pool-192-thread-1] INFO  server.RaftServerConfigKeys (ConfUtils.java:logGet(43)) - raft.server.snapshot.auto.trigger.threshold = 10000 (custom)
2019-10-14 09:11:16,476 [pool-172-thread-1] INFO  server.RaftServerConfigKeys (ConfUtils.java:logGet(43)) - raft.server.retrycache.expirytime = 600000ms (custom)
2019-10-14 09:11:16,476 [pool-192-thread-1] INFO  server.RaftServerConfigKeys (ConfUtils.java:logGet(43)) - raft.server.snapshot.retention.num.files = 5 (custom)
2019-10-14 09:11:16,477 [pool-192-thread-1] INFO  server.RaftServerConfigKeys (ConfUtils.java:logGet(43)) - raft.server.retrycache.expirytime = 600000ms (custom)
2019-10-14 09:11:16,481 [pool-172-thread-1] INFO  impl.RaftServerImpl (RaftServerImpl.java:start(185)) - ae7f4960-f987-43f9-80f9-0ac0ab20aeef@group-CB7B554BB085: start as a follower, conf=-1: [ae7f4960-f987-43f9-80f9-0ac0ab20aeef:192.168.164.214:35598, b00e6ee9-b720-4122-89a6-a6b803fd6604:192.168.164.214:44320, 501dc7b9-491d-40e1-8cdc-2c9c2160e0a9:192.168.164.214:43146], old=null
2019-10-14 09:11:16,481 [pool-172-thread-1] INFO  impl.RaftServerImpl (RaftServerImpl.java:setRole(174)) - ae7f4960-f987-43f9-80f9-0ac0ab20aeef@group-CB7B554BB085: changes role from      null to FOLLOWER at term 0 for startAsFollower
2019-10-14 09:11:16,481 [pool-192-thread-1] INFO  impl.RaftServerImpl (RaftServerImpl.java:start(185)) - b00e6ee9-b720-4122-89a6-a6b803fd6604@group-CB7B554BB085: start as a follower, conf=-1: [ae7f4960-f987-43f9-80f9-0ac0ab20aeef:192.168.164.214:35598, b00e6ee9-b720-4122-89a6-a6b803fd6604:192.168.164.214:44320, 501dc7b9-491d-40e1-8cdc-2c9c2160e0a9:192.168.164.214:43146], old=null
2019-10-14 09:11:16,481 [pool-172-thread-1] INFO  impl.RoleInfo (RoleInfo.java:updateAndGet(143)) - ae7f4960-f987-43f9-80f9-0ac0ab20aeef: start FollowerState
2019-10-14 09:11:16,481 [pool-192-thread-1] INFO  impl.RaftServerImpl (RaftServerImpl.java:setRole(174)) - b00e6ee9-b720-4122-89a6-a6b803fd6604@group-CB7B554BB085: changes role from      null to FOLLOWER at term 0 for startAsFollower
2019-10-14 09:11:16,481 [pool-192-thread-1] INFO  impl.RoleInfo (RoleInfo.java:updateAndGet(143)) - b00e6ee9-b720-4122-89a6-a6b803fd6604: start FollowerState
2019-10-14 09:11:16,482 [pool-172-thread-1] INFO  util.JmxRegister (JmxRegister.java:tryRegister(44)) - Successfully registered JMX Bean with object name Ratis:service=RaftServer,group=group-CB7B554BB085,id=ae7f4960-f987-43f9-80f9-0ac0ab20aeef
2019-10-14 09:11:16,482 [pool-192-thread-1] INFO  util.JmxRegister (JmxRegister.java:tryRegister(44)) - Successfully registered JMX Bean with object name Ratis:service=RaftServer,group=group-CB7B554BB085,id=b00e6ee9-b720-4122-89a6-a6b803fd6604
2019-10-14 09:11:16,484 [RatisPipelineUtilsThread] INFO  pipeline.PipelineStateManager (PipelineStateManager.java:addPipeline(56)) - Created pipeline Pipeline[ Id: bdc99b70-54bb-4032-88e2-cb7b554bb085, Nodes: 501dc7b9-491d-40e1-8cdc-2c9c2160e0a9{ip: 192.168.164.214, host: pr-hdds-1569-vp9xg-4248047660, networkLocation: /default-rack, certSerialId: null}ae7f4960-f987-43f9-80f9-0ac0ab20aeef{ip: 192.168.164.214, host: pr-hdds-1569-vp9xg-4248047660, networkLocation: /default-rack, certSerialId: null}b00e6ee9-b720-4122-89a6-a6b803fd6604{ip: 192.168.164.214, host: pr-hdds-1569-vp9xg-4248047660, networkLocation: /default-rack, certSerialId: null}, Type:RATIS, Factor:THREE, State:OPEN]
2019-10-14 09:11:16,485 [RatisPipelineUtilsThread] INFO  pipeline.PipelinePlacementPolicy (PipelinePlacementPolicy.java:meetCriteria(104)) - Pipeline Placement: can't place more pipeline on heavy datanode： 501dc7b9-491d-40e1-8cdc-2c9c2160e0a9 Heaviness: 2 limit: 2
2019-10-14 09:11:16,485 [RatisPipelineUtilsThread] INFO  pipeline.PipelinePlacementPolicy (PipelinePlacementPolicy.java:meetCriteria(104)) - Pipeline Placement: can't place more pipeline on heavy datanode： b00e6ee9-b720-4122-89a6-a6b803fd6604 Heaviness: 2 limit: 2
2019-10-14 09:11:16,485 [RatisPipelineUtilsThread] INFO  pipeline.PipelinePlacementPolicy (PipelinePlacementPolicy.java:meetCriteria(104)) - Pipeline Placement: can't place more pipeline on heavy datanode： ae7f4960-f987-43f9-80f9-0ac0ab20aeef Heaviness: 2 limit: 2
2019-10-14 09:11:16,498 [grpc-default-executor-3] INFO  impl.RaftServerProxy (RaftServerProxy.java:addNew(89)) - d1f57701-3fd0-49df-bc3e-2994fc7249db: addNew group-CEABDACBA137:[aabd13a9-38b1-453f-a600-f425fadd7a8e:192.168.164.214:36671, 585f7a51-f4d3-431b-937d-1c786f624e2b:192.168.164.214:35977, d1f57701-3fd0-49df-bc3e-2994fc7249db:192.168.164.214:43350] returns group-CEABDACBA137:java.util.concurrent.CompletableFuture@61b152b4[Not completed]
2019-10-14 09:11:16,498 [grpc-default-executor-1] INFO  impl.RaftServerProxy (RaftServerProxy.java:addNew(89)) - 585f7a51-f4d3-431b-937d-1c786f624e2b: addNew group-CEABDACBA137:[aabd13a9-38b1-453f-a600-f425fadd7a8e:192.168.164.214:36671, 585f7a51-f4d3-431b-937d-1c786f624e2b:192.168.164.214:35977, d1f57701-3fd0-49df-bc3e-2994fc7249db:192.168.164.214:43350] returns group-CEABDACBA137:java.util.concurrent.CompletableFuture@2e94bdd6[Not completed]
2019-10-14 09:11:16,498 [grpc-default-executor-3] INFO  impl.RaftServerProxy (RaftServerProxy.java:addNew(89)) - aabd13a9-38b1-453f-a600-f425fadd7a8e: addNew group-CEABDACBA137:[aabd13a9-38b1-453f-a600-f425fadd7a8e:192.168.164.214:36671, 585f7a51-f4d3-431b-937d-1c786f624e2b:192.168.164.214:35977, d1f57701-3fd0-49df-bc3e-2994fc7249db:192.168.164.214:43350] returns group-CEABDACBA137:java.util.concurrent.CompletableFuture@211ff1a3[Not completed]
2019-10-14 09:11:16,499 [pool-162-thread-1] INFO  impl.RaftServerImpl (RaftServerImpl.java:<init>(95)) - 585f7a51-f4d3-431b-937d-1c786f624e2b: new RaftServerImpl for group-CEABDACBA137:[aabd13a9-38b1-453f-a600-f425fadd7a8e:192.168.164.214:36671, 585f7a51-f4d3-431b-937d-1c786f624e2b:192.168.164.214:35977, d1f57701-3fd0-49df-bc3e-2994fc7249db:192.168.164.214:43350] with ContainerStateMachine:uninitialized
2019-10-14 09:11:16,499 [pool-162-thread-1] INFO  server.RaftServerConfigKeys (ConfUtils.java:logGet(43)) - raft.server.rpc.timeout.min = 1s (custom)
2019-10-14 09:11:16,499 [pool-162-thread-1] INFO  server.RaftServerConfigKeys (ConfUtils.java:logGet(43)) - raft.server.rpc.timeout.max = 1200ms (custom)
2019-10-14 09:11:16,500 [pool-162-thread-1] INFO  server.RaftServerConfigKeys (ConfUtils.java:logGet(43)) - raft.server.rpcslowness.timeout = 120s (custom)
2019-10-14 09:11:16,500 [pool-182-thread-1] INFO  impl.RaftServerImpl (RaftServerImpl.java:<init>(95)) - aabd13a9-38b1-453f-a600-f425fadd7a8e: new RaftServerImpl for group-CEABDACBA137:[aabd13a9-38b1-453f-a600-f425fadd7a8e:192.168.164.214:36671, 585f7a51-f4d3-431b-937d-1c786f624e2b:192.168.164.214:35977, d1f57701-3fd0-49df-bc3e-2994fc7249db:192.168.164.214:43350] with ContainerStateMachine:uninitialized
2019-10-14 09:11:16,500 [pool-162-thread-1] INFO  server.RaftServerConfigKeys (ConfUtils.java:logGet(43)) - raft.server.sleep.deviation.threshold = 300 (default)
2019-10-14 09:11:16,500 [pool-182-thread-1] INFO  server.RaftServerConfigKeys (ConfUtils.java:logGet(43)) - raft.server.rpc.timeout.min = 1s (custom)
2019-10-14 09:11:16,500 [pool-162-thread-1] INFO  server.RaftServerConfigKeys (ConfUtils.java:logGet(43)) - raft.server.log.appender.install.snapshot.enabled = false (custom)
2019-10-14 09:11:16,500 [pool-182-thread-1] INFO  server.RaftServerConfigKeys (ConfUtils.java:logGet(43)) - raft.server.rpc.timeout.max = 1200ms (custom)
2019-10-14 09:11:16,500 [pool-182-thread-1] INFO  server.RaftServerConfigKeys (ConfUtils.java:logGet(43)) - raft.server.rpcslowness.timeout = 120s (custom)
2019-10-14 09:11:16,500 [pool-162-thread-1] INFO  impl.RaftServerImpl (ServerState.java:<init>(103)) - 585f7a51-f4d3-431b-937d-1c786f624e2b@group-CEABDACBA137: ConfigurationManager, init=-1: [aabd13a9-38b1-453f-a600-f425fadd7a8e:192.168.164.214:36671, 585f7a51-f4d3-431b-937d-1c786f624e2b:192.168.164.214:35977, d1f57701-3fd0-49df-bc3e-2994fc7249db:192.168.164.214:43350], old=null, confs=<EMPTY_MAP>
2019-10-14 09:11:16,500 [pool-182-thread-1] INFO  server.RaftServerConfigKeys (ConfUtils.java:logGet(43)) - raft.server.sleep.deviation.threshold = 300 (default)
2019-10-14 09:11:16,501 [pool-162-thread-1] INFO  server.RaftServerConfigKeys (ConfUtils.java:logGet(43)) - raft.server.storage.dir = [/workdir/hadoop-ozone/integration-test/target/test-dir/MiniOzoneClusterImpl-7dc343c7-8e33-43f6-86ca-4a53fe0b4b94/datanode-1/data/ratis] (custom)
2019-10-14 09:11:16,501 [pool-182-thread-1] INFO  server.RaftServerConfigKeys (ConfUtils.java:logGet(43)) - raft.server.log.appender.install.snapshot.enabled = false (custom)
2019-10-14 09:11:16,501 [pool-182-thread-1] INFO  impl.RaftServerImpl (ServerState.java:<init>(103)) - aabd13a9-38b1-453f-a600-f425fadd7a8e@group-CEABDACBA137: ConfigurationManager, init=-1: [aabd13a9-38b1-453f-a600-f425fadd7a8e:192.168.164.214:36671, 585f7a51-f4d3-431b-937d-1c786f624e2b:192.168.164.214:35977, d1f57701-3fd0-49df-bc3e-2994fc7249db:192.168.164.214:43350], old=null, confs=<EMPTY_MAP>
2019-10-14 09:11:16,501 [pool-162-thread-1] INFO  storage.RaftStorageDirectory (RaftStorageDirectory.java:analyzeStorage(246)) - The storage directory /workdir/hadoop-ozone/integration-test/target/test-dir/MiniOzoneClusterImpl-7dc343c7-8e33-43f6-86ca-4a53fe0b4b94/datanode-1/data/ratis/1dc6c959-80d5-41ba-9b95-ceabdacba137 does not exist. Creating ...
2019-10-14 09:11:16,501 [pool-202-thread-1] INFO  impl.RaftServerImpl (RaftServerImpl.java:<init>(95)) - d1f57701-3fd0-49df-bc3e-2994fc7249db: new RaftServerImpl for group-CEABDACBA137:[aabd13a9-38b1-453f-a600-f425fadd7a8e:192.168.164.214:36671, 585f7a51-f4d3-431b-937d-1c786f624e2b:192.168.164.214:35977, d1f57701-3fd0-49df-bc3e-2994fc7249db:192.168.164.214:43350] with ContainerStateMachine:uninitialized
2019-10-14 09:11:16,501 [pool-182-thread-1] INFO  server.RaftServerConfigKeys (ConfUtils.java:logGet(43)) - raft.server.storage.dir = [/workdir/hadoop-ozone/integration-test/target/test-dir/MiniOzoneClusterImpl-7dc343c7-8e33-43f6-86ca-4a53fe0b4b94/datanode-3/data/ratis] (custom)
2019-10-14 09:11:16,501 [pool-202-thread-1] INFO  server.RaftServerConfigKeys (ConfUtils.java:logGet(43)) - raft.server.rpc.timeout.min = 1s (custom)
2019-10-14 09:11:16,501 [pool-202-thread-1] INFO  server.RaftServerConfigKeys (ConfUtils.java:logGet(43)) - raft.server.rpc.timeout.max = 1200ms (custom)
2019-10-14 09:11:16,501 [pool-182-thread-1] INFO  storage.RaftStorageDirectory (RaftStorageDirectory.java:analyzeStorage(246)) - The storage directory /workdir/hadoop-ozone/integration-test/target/test-dir/MiniOzoneClusterImpl-7dc343c7-8e33-43f6-86ca-4a53fe0b4b94/datanode-3/data/ratis/1dc6c959-80d5-41ba-9b95-ceabdacba137 does not exist. Creating ...
2019-10-14 09:11:16,502 [pool-202-thread-1] INFO  server.RaftServerConfigKeys (ConfUtils.java:logGet(43)) - raft.server.rpcslowness.timeout = 120s (custom)
2019-10-14 09:11:16,502 [pool-202-thread-1] INFO  server.RaftServerConfigKeys (ConfUtils.java:logGet(43)) - raft.server.sleep.deviation.threshold = 300 (default)
2019-10-14 09:11:16,502 [pool-202-thread-1] INFO  server.RaftServerConfigKeys (ConfUtils.java:logGet(43)) - raft.server.log.appender.install.snapshot.enabled = false (custom)
2019-10-14 09:11:16,502 [pool-202-thread-1] INFO  impl.RaftServerImpl (ServerState.java:<init>(103)) - d1f57701-3fd0-49df-bc3e-2994fc7249db@group-CEABDACBA137: ConfigurationManager, init=-1: [aabd13a9-38b1-453f-a600-f425fadd7a8e:192.168.164.214:36671, 585f7a51-f4d3-431b-937d-1c786f624e2b:192.168.164.214:35977, d1f57701-3fd0-49df-bc3e-2994fc7249db:192.168.164.214:43350], old=null, confs=<EMPTY_MAP>
2019-10-14 09:11:16,502 [pool-202-thread-1] INFO  server.RaftServerConfigKeys (ConfUtils.java:logGet(43)) - raft.server.storage.dir = [/workdir/hadoop-ozone/integration-test/target/test-dir/MiniOzoneClusterImpl-7dc343c7-8e33-43f6-86ca-4a53fe0b4b94/datanode-5/data/ratis] (custom)
2019-10-14 09:11:16,503 [pool-202-thread-1] INFO  storage.RaftStorageDirectory (RaftStorageDirectory.java:analyzeStorage(246)) - The storage directory /workdir/hadoop-ozone/integration-test/target/test-dir/MiniOzoneClusterImpl-7dc343c7-8e33-43f6-86ca-4a53fe0b4b94/datanode-5/data/ratis/1dc6c959-80d5-41ba-9b95-ceabdacba137 does not exist. Creating ...
2019-10-14 09:11:16,524 [pool-162-thread-1] INFO  storage.RaftStorageDirectory (RaftStorageDirectory.java:tryLock(328)) - Lock on /workdir/hadoop-ozone/integration-test/target/test-dir/MiniOzoneClusterImpl-7dc343c7-8e33-43f6-86ca-4a53fe0b4b94/datanode-1/data/ratis/1dc6c959-80d5-41ba-9b95-ceabdacba137/in_use.lock acquired by nodename 2402@pr-hdds-1569-vp9xg-4248047660
2019-10-14 09:11:16,524 [pool-182-thread-1] INFO  storage.RaftStorageDirectory (RaftStorageDirectory.java:tryLock(328)) - Lock on /workdir/hadoop-ozone/integration-test/target/test-dir/MiniOzoneClusterImpl-7dc343c7-8e33-43f6-86ca-4a53fe0b4b94/datanode-3/data/ratis/1dc6c959-80d5-41ba-9b95-ceabdacba137/in_use.lock acquired by nodename 2402@pr-hdds-1569-vp9xg-4248047660
2019-10-14 09:11:16,524 [pool-202-thread-1] INFO  storage.RaftStorageDirectory (RaftStorageDirectory.java:tryLock(328)) - Lock on /workdir/hadoop-ozone/integration-test/target/test-dir/MiniOzoneClusterImpl-7dc343c7-8e33-43f6-86ca-4a53fe0b4b94/datanode-5/data/ratis/1dc6c959-80d5-41ba-9b95-ceabdacba137/in_use.lock acquired by nodename 2402@pr-hdds-1569-vp9xg-4248047660
2019-10-14 09:11:16,540 [pool-162-thread-1] INFO  storage.RaftStorage (RaftStorage.java:format(72)) - Storage directory /workdir/hadoop-ozone/integration-test/target/test-dir/MiniOzoneClusterImpl-7dc343c7-8e33-43f6-86ca-4a53fe0b4b94/datanode-1/data/ratis/1dc6c959-80d5-41ba-9b95-ceabdacba137 has been successfully formatted.
2019-10-14 09:11:16,540 [pool-202-thread-1] INFO  storage.RaftStorage (RaftStorage.java:format(72)) - Storage directory /workdir/hadoop-ozone/integration-test/target/test-dir/MiniOzoneClusterImpl-7dc343c7-8e33-43f6-86ca-4a53fe0b4b94/datanode-5/data/ratis/1dc6c959-80d5-41ba-9b95-ceabdacba137 has been successfully formatted.
2019-10-14 09:11:16,540 [pool-162-thread-1] INFO  ratis.ContainerStateMachine (ContainerStateMachine.java:loadSnapshot(230)) - group-CEABDACBA137: The snapshot info is null. Setting the last applied indexto:(t:0, i:~)
2019-10-14 09:11:16,540 [pool-182-thread-1] INFO  storage.RaftStorage (RaftStorage.java:format(72)) - Storage directory /workdir/hadoop-ozone/integration-test/target/test-dir/MiniOzoneClusterImpl-7dc343c7-8e33-43f6-86ca-4a53fe0b4b94/datanode-3/data/ratis/1dc6c959-80d5-41ba-9b95-ceabdacba137 has been successfully formatted.
2019-10-14 09:11:16,540 [pool-162-thread-1] INFO  server.RaftServerConfigKeys (ConfUtils.java:logGet(43)) - raft.server.notification.no-leader.timeout = 120s (custom)
2019-10-14 09:11:16,541 [pool-182-thread-1] INFO  ratis.ContainerStateMachine (ContainerStateMachine.java:loadSnapshot(230)) - group-CEABDACBA137: The snapshot info is null. Setting the last applied indexto:(t:0, i:~)
2019-10-14 09:11:16,540 [pool-202-thread-1] INFO  ratis.ContainerStateMachine (ContainerStateMachine.java:loadSnapshot(230)) - group-CEABDACBA137: The snapshot info is null. Setting the last applied indexto:(t:0, i:~)
2019-10-14 09:11:16,541 [pool-182-thread-1] INFO  server.RaftServerConfigKeys (ConfUtils.java:logGet(43)) - raft.server.notification.no-leader.timeout = 120s (custom)
2019-10-14 09:11:16,541 [pool-162-thread-1] INFO  server.RaftServerConfigKeys (ConfUtils.java:logGet(43)) - raft.server.log.use.memory = false (default)
2019-10-14 09:11:16,541 [pool-182-thread-1] INFO  server.RaftServerConfigKeys (ConfUtils.java:logGet(43)) - raft.server.log.use.memory = false (default)
2019-10-14 09:11:16,541 [pool-202-thread-1] INFO  server.RaftServerConfigKeys (ConfUtils.java:logGet(43)) - raft.server.notification.no-leader.timeout = 120s (custom)
2019-10-14 09:11:16,541 [pool-182-thread-1] INFO  server.RaftServerConfigKeys (ConfUtils.java:logGet(43)) - raft.server.log.purge.gap = 1000000 (custom)
2019-10-14 09:11:16,541 [pool-162-thread-1] INFO  server.RaftServerConfigKeys (ConfUtils.java:logGet(43)) - raft.server.log.purge.gap = 1000000 (custom)
2019-10-14 09:11:16,542 [pool-182-thread-1] INFO  server.RaftServerConfigKeys (ConfUtils.java:logGet(43)) - raft.server.log.appender.buffer.byte-limit = 33554432 (custom)
2019-10-14 09:11:16,541 [pool-202-thread-1] INFO  server.RaftServerConfigKeys (ConfUtils.java:logGet(43)) - raft.server.log.use.memory = false (default)
2019-10-14 09:11:16,542 [pool-182-thread-1] INFO  server.RaftServerConfigKeys (ConfUtils.java:logGet(43)) - raft.server.log.segment.size.max = 1048576 (custom)
2019-10-14 09:11:16,542 [pool-162-thread-1] INFO  server.RaftServerConfigKeys (ConfUtils.java:logGet(43)) - raft.server.log.appender.buffer.byte-limit = 33554432 (custom)
2019-10-14 09:11:16,542 [pool-182-thread-1] INFO  server.RaftServerConfigKeys (ConfUtils.java:logGet(43)) - raft.server.log.segment.cache.num.max = 2 (custom)
2019-10-14 09:11:16,542 [pool-202-thread-1] INFO  server.RaftServerConfigKeys (ConfUtils.java:logGet(43)) - raft.server.log.purge.gap = 1000000 (custom)
2019-10-14 09:11:16,542 [pool-182-thread-1] INFO  segmented.SegmentedRaftLogWorker (SegmentedRaftLogWorker.java:<init>(172)) - new aabd13a9-38b1-453f-a600-f425fadd7a8e@group-CEABDACBA137-SegmentedRaftLogWorker for RaftStorage:Storage Directory /workdir/hadoop-ozone/integration-test/target/test-dir/MiniOzoneClusterImpl-7dc343c7-8e33-43f6-86ca-4a53fe0b4b94/datanode-3/data/ratis/1dc6c959-80d5-41ba-9b95-ceabdacba137
2019-10-14 09:11:16,542 [pool-162-thread-1] INFO  server.RaftServerConfigKeys (ConfUtils.java:logGet(43)) - raft.server.log.segment.size.max = 1048576 (custom)
2019-10-14 09:11:16,543 [pool-182-thread-1] INFO  server.RaftServerConfigKeys (ConfUtils.java:logGet(43)) - raft.server.log.queue.byte-limit = 2147483647 (custom)
2019-10-14 09:11:16,543 [pool-202-thread-1] INFO  server.RaftServerConfigKeys (ConfUtils.java:logGet(43)) - raft.server.log.appender.buffer.byte-limit = 33554432 (custom)
2019-10-14 09:11:16,543 [pool-182-thread-1] INFO  server.RaftServerConfigKeys (ConfUtils.java:logGet(43)) - raft.server.log.queue.element-limit = 1024 (custom)
2019-10-14 09:11:16,543 [pool-162-thread-1] INFO  server.RaftServerConfigKeys (ConfUtils.java:logGet(43)) - raft.server.log.segment.cache.num.max = 2 (custom)
2019-10-14 09:11:16,543 [pool-182-thread-1] INFO  server.RaftServerConfigKeys (ConfUtils.java:logGet(43)) - raft.server.log.segment.size.max = 1048576 (custom)
2019-10-14 09:11:16,543 [pool-202-thread-1] INFO  server.RaftServerConfigKeys (ConfUtils.java:logGet(43)) - raft.server.log.segment.size.max = 1048576 (custom)
2019-10-14 09:11:16,543 [pool-182-thread-1] INFO  server.RaftServerConfigKeys (ConfUtils.java:logGet(43)) - raft.server.log.preallocated.size = 16384 (custom)
2019-10-14 09:11:16,543 [pool-162-thread-1] INFO  segmented.SegmentedRaftLogWorker (SegmentedRaftLogWorker.java:<init>(172)) - new 585f7a51-f4d3-431b-937d-1c786f624e2b@group-CEABDACBA137-SegmentedRaftLogWorker for RaftStorage:Storage Directory /workdir/hadoop-ozone/integration-test/target/test-dir/MiniOzoneClusterImpl-7dc343c7-8e33-43f6-86ca-4a53fe0b4b94/datanode-1/data/ratis/1dc6c959-80d5-41ba-9b95-ceabdacba137
2019-10-14 09:11:16,544 [pool-182-thread-1] INFO  server.RaftServerConfigKeys (ConfUtils.java:logGet(43)) - raft.server.log.write.buffer.size = 33554432 (custom)
2019-10-14 09:11:16,544 [pool-182-thread-1] INFO  server.RaftServerConfigKeys (ConfUtils.java:logGet(43)) - raft.server.log.force.sync.num = 128 (default)
2019-10-14 09:11:16,544 [pool-202-thread-1] INFO  server.RaftServerConfigKeys (ConfUtils.java:logGet(43)) - raft.server.log.segment.cache.num.max = 2 (custom)
2019-10-14 09:11:16,544 [pool-182-thread-1] INFO  server.RaftServerConfigKeys (ConfUtils.java:logGet(43)) - raft.server.log.statemachine.data.sync = true (default)
2019-10-14 09:11:16,544 [pool-162-thread-1] INFO  server.RaftServerConfigKeys (ConfUtils.java:logGet(43)) - raft.server.log.queue.byte-limit = 2147483647 (custom)
2019-10-14 09:11:16,544 [pool-182-thread-1] INFO  server.RaftServerConfigKeys (ConfUtils.java:logGet(43)) - raft.server.log.statemachine.data.sync.timeout = 10s (default)
2019-10-14 09:11:16,544 [pool-202-thread-1] INFO  segmented.SegmentedRaftLogWorker (SegmentedRaftLogWorker.java:<init>(172)) - new d1f57701-3fd0-49df-bc3e-2994fc7249db@group-CEABDACBA137-SegmentedRaftLogWorker for RaftStorage:Storage Directory /workdir/hadoop-ozone/integration-test/target/test-dir/MiniOzoneClusterImpl-7dc343c7-8e33-43f6-86ca-4a53fe0b4b94/datanode-5/data/ratis/1dc6c959-80d5-41ba-9b95-ceabdacba137
2019-10-14 09:11:16,545 [pool-182-thread-1] INFO  server.RaftServerConfigKeys (ConfUtils.java:logGet(43)) - raft.server.log.statemachine.data.sync.timeout.retry = -1 (default)
2019-10-14 09:11:16,545 [pool-162-thread-1] INFO  server.RaftServerConfigKeys (ConfUtils.java:logGet(43)) - raft.server.log.queue.element-limit = 1024 (custom)
2019-10-14 09:11:16,545 [pool-182-thread-1] INFO  server.RaftServerConfigKeys (ConfUtils.java:logGet(43)) - raft.server.log.statemachine.data.caching.enabled = true (custom)
2019-10-14 09:11:16,545 [pool-202-thread-1] INFO  server.RaftServerConfigKeys (ConfUtils.java:logGet(43)) - raft.server.log.queue.byte-limit = 2147483647 (custom)
2019-10-14 09:11:16,545 [pool-162-thread-1] INFO  server.RaftServerConfigKeys (ConfUtils.java:logGet(43)) - raft.server.log.segment.size.max = 1048576 (custom)
2019-10-14 09:11:16,545 [pool-182-thread-1] INFO  segmented.SegmentedRaftLogWorker (SegmentedRaftLogWorker.java:lambda$new$0(132)) - aabd13a9-38b1-453f-a600-f425fadd7a8e@group-CEABDACBA137-SegmentedRaftLogWorker: flushIndex: setUnconditionally 0 -> -1
2019-10-14 09:11:16,545 [pool-202-thread-1] INFO  server.RaftServerConfigKeys (ConfUtils.java:logGet(43)) - raft.server.log.queue.element-limit = 1024 (custom)
2019-10-14 09:11:16,545 [pool-162-thread-1] INFO  server.RaftServerConfigKeys (ConfUtils.java:logGet(43)) - raft.server.log.preallocated.size = 16384 (custom)
2019-10-14 09:11:16,546 [pool-182-thread-1] INFO  server.RaftServerConfigKeys (ConfUtils.java:logGet(43)) - raft.server.snapshot.auto.trigger.enabled = true (custom)
2019-10-14 09:11:16,546 [pool-202-thread-1] INFO  server.RaftServerConfigKeys (ConfUtils.java:logGet(43)) - raft.server.log.segment.size.max = 1048576 (custom)
2019-10-14 09:11:16,546 [pool-182-thread-1] INFO  server.RaftServerConfigKeys (ConfUtils.java:logGet(43)) - raft.server.snapshot.auto.trigger.threshold = 10000 (custom)
2019-10-14 09:11:16,546 [pool-162-thread-1] INFO  server.RaftServerConfigKeys (ConfUtils.java:logGet(43)) - raft.server.log.write.buffer.size = 33554432 (custom)
2019-10-14 09:11:16,546 [pool-182-thread-1] INFO  server.RaftServerConfigKeys (ConfUtils.java:logGet(43)) - raft.server.snapshot.retention.num.files = 5 (custom)
2019-10-14 09:11:16,546 [pool-202-thread-1] INFO  server.RaftServerConfigKeys (ConfUtils.java:logGet(43)) - raft.server.log.preallocated.size = 16384 (custom)
2019-10-14 09:11:16,547 [pool-182-thread-1] INFO  server.RaftServerConfigKeys (ConfUtils.java:logGet(43)) - raft.server.retrycache.expirytime = 600000ms (custom)
2019-10-14 09:11:16,546 [pool-162-thread-1] INFO  server.RaftServerConfigKeys (ConfUtils.java:logGet(43)) - raft.server.log.force.sync.num = 128 (default)
2019-10-14 09:11:16,547 [pool-202-thread-1] INFO  server.RaftServerConfigKeys (ConfUtils.java:logGet(43)) - raft.server.log.write.buffer.size = 33554432 (custom)
2019-10-14 09:11:16,547 [pool-162-thread-1] INFO  server.RaftServerConfigKeys (ConfUtils.java:logGet(43)) - raft.server.log.statemachine.data.sync = true (default)
2019-10-14 09:11:16,547 [pool-202-thread-1] INFO  server.RaftServerConfigKeys (ConfUtils.java:logGet(43)) - raft.server.log.force.sync.num = 128 (default)
2019-10-14 09:11:16,547 [pool-162-thread-1] INFO  server.RaftServerConfigKeys (ConfUtils.java:logGet(43)) - raft.server.log.statemachine.data.sync.timeout = 10s (default)
2019-10-14 09:11:16,547 [pool-202-thread-1] INFO  server.RaftServerConfigKeys (ConfUtils.java:logGet(43)) - raft.server.log.statemachine.data.sync = true (default)
2019-10-14 09:11:16,548 [pool-162-thread-1] INFO  server.RaftServerConfigKeys (ConfUtils.java:logGet(43)) - raft.server.log.statemachine.data.sync.timeout.retry = -1 (default)
2019-10-14 09:11:16,548 [pool-202-thread-1] INFO  server.RaftServerConfigKeys (ConfUtils.java:logGet(43)) - raft.server.log.statemachine.data.sync.timeout = 10s (default)
2019-10-14 09:11:16,548 [pool-162-thread-1] INFO  server.RaftServerConfigKeys (ConfUtils.java:logGet(43)) - raft.server.log.statemachine.data.caching.enabled = true (custom)
2019-10-14 09:11:16,548 [pool-202-thread-1] INFO  server.RaftServerConfigKeys (ConfUtils.java:logGet(43)) - raft.server.log.statemachine.data.sync.timeout.retry = -1 (default)
2019-10-14 09:11:16,548 [pool-162-thread-1] INFO  segmented.SegmentedRaftLogWorker (SegmentedRaftLogWorker.java:lambda$new$0(132)) - 585f7a51-f4d3-431b-937d-1c786f624e2b@group-CEABDACBA137-SegmentedRaftLogWorker: flushIndex: setUnconditionally 0 -> -1
2019-10-14 09:11:16,548 [pool-202-thread-1] INFO  server.RaftServerConfigKeys (ConfUtils.java:logGet(43)) - raft.server.log.statemachine.data.caching.enabled = true (custom)
2019-10-14 09:11:16,549 [pool-162-thread-1] INFO  server.RaftServerConfigKeys (ConfUtils.java:logGet(43)) - raft.server.snapshot.auto.trigger.enabled = true (custom)
2019-10-14 09:11:16,549 [pool-162-thread-1] INFO  server.RaftServerConfigKeys (ConfUtils.java:logGet(43)) - raft.server.snapshot.auto.trigger.threshold = 10000 (custom)
2019-10-14 09:11:16,549 [pool-202-thread-1] INFO  segmented.SegmentedRaftLogWorker (SegmentedRaftLogWorker.java:lambda$new$0(132)) - d1f57701-3fd0-49df-bc3e-2994fc7249db@group-CEABDACBA137-SegmentedRaftLogWorker: flushIndex: setUnconditionally 0 -> -1
2019-10-14 09:11:16,549 [pool-162-thread-1] INFO  server.RaftServerConfigKeys (ConfUtils.java:logGet(43)) - raft.server.snapshot.retention.num.files = 5 (custom)
2019-10-14 09:11:16,549 [pool-162-thread-1] INFO  server.RaftServerConfigKeys (ConfUtils.java:logGet(43)) - raft.server.retrycache.expirytime = 600000ms (custom)
2019-10-14 09:11:16,549 [pool-202-thread-1] INFO  server.RaftServerConfigKeys (ConfUtils.java:logGet(43)) - raft.server.snapshot.auto.trigger.enabled = true (custom)
2019-10-14 09:11:16,549 [pool-182-thread-1] INFO  impl.RaftServerImpl (RaftServerImpl.java:start(185)) - aabd13a9-38b1-453f-a600-f425fadd7a8e@group-CEABDACBA137: start as a follower, conf=-1: [aabd13a9-38b1-453f-a600-f425fadd7a8e:192.168.164.214:36671, 585f7a51-f4d3-431b-937d-1c786f624e2b:192.168.164.214:35977, d1f57701-3fd0-49df-bc3e-2994fc7249db:192.168.164.214:43350], old=null
2019-10-14 09:11:16,550 [pool-202-thread-1] INFO  server.RaftServerConfigKeys (ConfUtils.java:logGet(43)) - raft.server.snapshot.auto.trigger.threshold = 10000 (custom)
2019-10-14 09:11:16,550 [pool-182-thread-1] INFO  impl.RaftServerImpl (RaftServerImpl.java:setRole(174)) - aabd13a9-38b1-453f-a600-f425fadd7a8e@group-CEABDACBA137: changes role from      null to FOLLOWER at term 0 for startAsFollower
2019-10-14 09:11:16,550 [pool-202-thread-1] INFO  server.RaftServerConfigKeys (ConfUtils.java:logGet(43)) - raft.server.snapshot.retention.num.files = 5 (custom)
2019-10-14 09:11:16,550 [pool-182-thread-1] INFO  impl.RoleInfo (RoleInfo.java:updateAndGet(143)) - aabd13a9-38b1-453f-a600-f425fadd7a8e: start FollowerState
2019-10-14 09:11:16,550 [pool-202-thread-1] INFO  server.RaftServerConfigKeys (ConfUtils.java:logGet(43)) - raft.server.retrycache.expirytime = 600000ms (custom)
2019-10-14 09:11:16,550 [pool-182-thread-1] INFO  util.JmxRegister (JmxRegister.java:tryRegister(44)) - Successfully registered JMX Bean with object name Ratis:service=RaftServer,group=group-CEABDACBA137,id=aabd13a9-38b1-453f-a600-f425fadd7a8e
2019-10-14 09:11:16,552 [pool-162-thread-1] INFO  impl.RaftServerImpl (RaftServerImpl.java:start(185)) - 585f7a51-f4d3-431b-937d-1c786f624e2b@group-CEABDACBA137: start as a follower, conf=-1: [aabd13a9-38b1-453f-a600-f425fadd7a8e:192.168.164.214:36671, 585f7a51-f4d3-431b-937d-1c786f624e2b:192.168.164.214:35977, d1f57701-3fd0-49df-bc3e-2994fc7249db:192.168.164.214:43350], old=null
2019-10-14 09:11:16,552 [pool-162-thread-1] INFO  impl.RaftServerImpl (RaftServerImpl.java:setRole(174)) - 585f7a51-f4d3-431b-937d-1c786f624e2b@group-CEABDACBA137: changes role from      null to FOLLOWER at term 0 for startAsFollower
2019-10-14 09:11:16,552 [pool-162-thread-1] INFO  impl.RoleInfo (RoleInfo.java:updateAndGet(143)) - 585f7a51-f4d3-431b-937d-1c786f624e2b: start FollowerState
2019-10-14 09:11:16,552 [pool-162-thread-1] INFO  util.JmxRegister (JmxRegister.java:tryRegister(44)) - Successfully registered JMX Bean with object name Ratis:service=RaftServer,group=group-CEABDACBA137,id=585f7a51-f4d3-431b-937d-1c786f624e2b
2019-10-14 09:11:16,553 [pool-202-thread-1] INFO  impl.RaftServerImpl (RaftServerImpl.java:start(185)) - d1f57701-3fd0-49df-bc3e-2994fc7249db@group-CEABDACBA137: start as a follower, conf=-1: [aabd13a9-38b1-453f-a600-f425fadd7a8e:192.168.164.214:36671, 585f7a51-f4d3-431b-937d-1c786f624e2b:192.168.164.214:35977, d1f57701-3fd0-49df-bc3e-2994fc7249db:192.168.164.214:43350], old=null
2019-10-14 09:11:16,554 [pool-202-thread-1] INFO  impl.RaftServerImpl (RaftServerImpl.java:setRole(174)) - d1f57701-3fd0-49df-bc3e-2994fc7249db@group-CEABDACBA137: changes role from      null to FOLLOWER at term 0 for startAsFollower
2019-10-14 09:11:16,554 [pool-202-thread-1] INFO  impl.RoleInfo (RoleInfo.java:updateAndGet(143)) - d1f57701-3fd0-49df-bc3e-2994fc7249db: start FollowerState
2019-10-14 09:11:16,554 [pool-202-thread-1] INFO  util.JmxRegister (JmxRegister.java:tryRegister(44)) - Successfully registered JMX Bean with object name Ratis:service=RaftServer,group=group-CEABDACBA137,id=d1f57701-3fd0-49df-bc3e-2994fc7249db
2019-10-14 09:11:16,556 [RatisPipelineUtilsThread] INFO  pipeline.PipelineStateManager (PipelineStateManager.java:addPipeline(56)) - Created pipeline Pipeline[ Id: 1dc6c959-80d5-41ba-9b95-ceabdacba137, Nodes: 585f7a51-f4d3-431b-937d-1c786f624e2b{ip: 192.168.164.214, host: pr-hdds-1569-vp9xg-4248047660, networkLocation: /default-rack, certSerialId: null}aabd13a9-38b1-453f-a600-f425fadd7a8e{ip: 192.168.164.214, host: pr-hdds-1569-vp9xg-4248047660, networkLocation: /default-rack, certSerialId: null}d1f57701-3fd0-49df-bc3e-2994fc7249db{ip: 192.168.164.214, host: pr-hdds-1569-vp9xg-4248047660, networkLocation: /default-rack, certSerialId: null}, Type:RATIS, Factor:THREE, State:OPEN]
2019-10-14 09:11:16,556 [RatisPipelineUtilsThread] INFO  pipeline.PipelinePlacementPolicy (PipelinePlacementPolicy.java:meetCriteria(104)) - Pipeline Placement: can't place more pipeline on heavy datanode： 501dc7b9-491d-40e1-8cdc-2c9c2160e0a9 Heaviness: 2 limit: 2
2019-10-14 09:11:16,557 [RatisPipelineUtilsThread] INFO  pipeline.PipelinePlacementPolicy (PipelinePlacementPolicy.java:meetCriteria(104)) - Pipeline Placement: can't place more pipeline on heavy datanode： b00e6ee9-b720-4122-89a6-a6b803fd6604 Heaviness: 2 limit: 2
2019-10-14 09:11:16,557 [RatisPipelineUtilsThread] INFO  pipeline.PipelinePlacementPolicy (PipelinePlacementPolicy.java:meetCriteria(104)) - Pipeline Placement: can't place more pipeline on heavy datanode： ae7f4960-f987-43f9-80f9-0ac0ab20aeef Heaviness: 2 limit: 2
2019-10-14 09:11:16,557 [RatisPipelineUtilsThread] INFO  pipeline.PipelinePlacementPolicy (PipelinePlacementPolicy.java:meetCriteria(104)) - Pipeline Placement: can't place more pipeline on heavy datanode： d1f57701-3fd0-49df-bc3e-2994fc7249db Heaviness: 2 limit: 2
2019-10-14 09:11:16,557 [RatisPipelineUtilsThread] INFO  pipeline.PipelinePlacementPolicy (PipelinePlacementPolicy.java:meetCriteria(104)) - Pipeline Placement: can't place more pipeline on heavy datanode： 585f7a51-f4d3-431b-937d-1c786f624e2b Heaviness: 2 limit: 2
2019-10-14 09:11:16,558 [RatisPipelineUtilsThread] INFO  pipeline.PipelinePlacementPolicy (PipelinePlacementPolicy.java:meetCriteria(104)) - Pipeline Placement: can't place more pipeline on heavy datanode： aabd13a9-38b1-453f-a600-f425fadd7a8e Heaviness: 2 limit: 2
2019-10-14 09:11:16,558 [RatisPipelineUtilsThread] ERROR pipeline.PipelinePlacementPolicy (PipelinePlacementPolicy.java:filterViableNodes(162)) - Unable to find enough nodes that meet the criteria that cannot engage in more than 2 pipelines. Nodes required: 3 Found: 0, healthy nodes count in NodeManager: 6.
2019-10-14 09:11:16,558 [RatisPipelineUtilsThread] ERROR pipeline.SCMPipelineManager (SCMPipelineManager.java:createPipeline(193)) - Pipeline creation failed.
org.apache.hadoop.hdds.scm.exceptions.SCMException: Unable to find enough nodes that meet the criteria that cannot engage in more than 2 pipelines. Nodes required: 3 Found: 0, healthy nodes count in NodeManager: 6.
	at org.apache.hadoop.hdds.scm.pipeline.PipelinePlacementPolicy.filterViableNodes(PipelinePlacementPolicy.java:163)
	at org.apache.hadoop.hdds.scm.pipeline.PipelinePlacementPolicy.chooseDatanodes(PipelinePlacementPolicy.java:186)
	at org.apache.hadoop.hdds.scm.pipeline.RatisPipelineProvider.create(RatisPipelineProvider.java:131)
	at org.apache.hadoop.hdds.scm.pipeline.PipelineFactory.create(PipelineFactory.java:58)
	at org.apache.hadoop.hdds.scm.pipeline.SCMPipelineManager.createPipeline(SCMPipelineManager.java:183)
	at org.apache.hadoop.hdds.scm.pipeline.BackgroundPipelineCreator.createPipelines(BackgroundPipelineCreator.java:100)
	at java.util.concurrent.Executors$RunnableAdapter.call(Executors.java:511)
	at java.util.concurrent.FutureTask.run(FutureTask.java:266)
	at java.util.concurrent.ScheduledThreadPoolExecutor$ScheduledFutureTask.access$201(ScheduledThreadPoolExecutor.java:180)
	at java.util.concurrent.ScheduledThreadPoolExecutor$ScheduledFutureTask.run(ScheduledThreadPoolExecutor.java:293)
	at java.util.concurrent.ThreadPoolExecutor.runWorker(ThreadPoolExecutor.java:1149)
	at java.util.concurrent.ThreadPoolExecutor$Worker.run(ThreadPoolExecutor.java:624)
	at java.lang.Thread.run(Thread.java:748)
2019-10-14 09:11:16,561 [RatisPipelineUtilsThread] ERROR pipeline.SCMPipelineManager (SCMPipelineManager.java:createPipeline(193)) - Pipeline creation failed.
org.apache.hadoop.hdds.scm.exceptions.SCMException: Cannot create pipeline of factor 1 using 0 nodes. Used 6 nodes. Healthy nodes 6
	at org.apache.hadoop.hdds.scm.pipeline.RatisPipelineProvider.pickNodesNeverUsed(RatisPipelineProvider.java:116)
	at org.apache.hadoop.hdds.scm.pipeline.RatisPipelineProvider.create(RatisPipelineProvider.java:128)
	at org.apache.hadoop.hdds.scm.pipeline.PipelineFactory.create(PipelineFactory.java:58)
	at org.apache.hadoop.hdds.scm.pipeline.SCMPipelineManager.createPipeline(SCMPipelineManager.java:183)
	at org.apache.hadoop.hdds.scm.pipeline.BackgroundPipelineCreator.createPipelines(BackgroundPipelineCreator.java:100)
	at org.apache.hadoop.hdds.scm.pipeline.BackgroundPipelineCreator.lambda$startFixedIntervalPipelineCreator$0(BackgroundPipelineCreator.java:70)
	at java.util.concurrent.Executors$RunnableAdapter.call(Executors.java:511)
	at java.util.concurrent.FutureTask.runAndReset(FutureTask.java:308)
	at java.util.concurrent.ScheduledThreadPoolExecutor$ScheduledFutureTask.access$301(ScheduledThreadPoolExecutor.java:180)
	at java.util.concurrent.ScheduledThreadPoolExecutor$ScheduledFutureTask.run(ScheduledThreadPoolExecutor.java:294)
	at java.util.concurrent.ThreadPoolExecutor.runWorker(ThreadPoolExecutor.java:1149)
	at java.util.concurrent.ThreadPoolExecutor$Worker.run(ThreadPoolExecutor.java:624)
	at java.lang.Thread.run(Thread.java:748)
2019-10-14 09:11:16,562 [RatisPipelineUtilsThread] INFO  pipeline.PipelinePlacementPolicy (PipelinePlacementPolicy.java:meetCriteria(104)) - Pipeline Placement: can't place more pipeline on heavy datanode： 501dc7b9-491d-40e1-8cdc-2c9c2160e0a9 Heaviness: 2 limit: 2
2019-10-14 09:11:16,562 [RatisPipelineUtilsThread] INFO  pipeline.PipelinePlacementPolicy (PipelinePlacementPolicy.java:meetCriteria(104)) - Pipeline Placement: can't place more pipeline on heavy datanode： b00e6ee9-b720-4122-89a6-a6b803fd6604 Heaviness: 2 limit: 2
2019-10-14 09:11:16,563 [RatisPipelineUtilsThread] INFO  pipeline.PipelinePlacementPolicy (PipelinePlacementPolicy.java:meetCriteria(104)) - Pipeline Placement: can't place more pipeline on heavy datanode： ae7f4960-f987-43f9-80f9-0ac0ab20aeef Heaviness: 2 limit: 2
2019-10-14 09:11:16,563 [RatisPipelineUtilsThread] INFO  pipeline.PipelinePlacementPolicy (PipelinePlacementPolicy.java:meetCriteria(104)) - Pipeline Placement: can't place more pipeline on heavy datanode： d1f57701-3fd0-49df-bc3e-2994fc7249db Heaviness: 2 limit: 2
2019-10-14 09:11:16,563 [RatisPipelineUtilsThread] INFO  pipeline.PipelinePlacementPolicy (PipelinePlacementPolicy.java:meetCriteria(104)) - Pipeline Placement: can't place more pipeline on heavy datanode： 585f7a51-f4d3-431b-937d-1c786f624e2b Heaviness: 2 limit: 2
2019-10-14 09:11:16,563 [RatisPipelineUtilsThread] INFO  pipeline.PipelinePlacementPolicy (PipelinePlacementPolicy.java:meetCriteria(104)) - Pipeline Placement: can't place more pipeline on heavy datanode： aabd13a9-38b1-453f-a600-f425fadd7a8e Heaviness: 2 limit: 2
2019-10-14 09:11:16,564 [RatisPipelineUtilsThread] ERROR pipeline.PipelinePlacementPolicy (PipelinePlacementPolicy.java:filterViableNodes(162)) - Unable to find enough nodes that meet the criteria that cannot engage in more than 2 pipelines. Nodes required: 3 Found: 0, healthy nodes count in NodeManager: 6.
2019-10-14 09:11:16,564 [RatisPipelineUtilsThread] ERROR pipeline.SCMPipelineManager (SCMPipelineManager.java:createPipeline(193)) - Pipeline creation failed.
org.apache.hadoop.hdds.scm.exceptions.SCMException: Unable to find enough nodes that meet the criteria that cannot engage in more than 2 pipelines. Nodes required: 3 Found: 0, healthy nodes count in NodeManager: 6.
	at org.apache.hadoop.hdds.scm.pipeline.PipelinePlacementPolicy.filterViableNodes(PipelinePlacementPolicy.java:163)
	at org.apache.hadoop.hdds.scm.pipeline.PipelinePlacementPolicy.chooseDatanodes(PipelinePlacementPolicy.java:186)
	at org.apache.hadoop.hdds.scm.pipeline.RatisPipelineProvider.create(RatisPipelineProvider.java:131)
	at org.apache.hadoop.hdds.scm.pipeline.PipelineFactory.create(PipelineFactory.java:58)
	at org.apache.hadoop.hdds.scm.pipeline.SCMPipelineManager.createPipeline(SCMPipelineManager.java:183)
	at org.apache.hadoop.hdds.scm.pipeline.BackgroundPipelineCreator.createPipelines(BackgroundPipelineCreator.java:100)
	at org.apache.hadoop.hdds.scm.pipeline.BackgroundPipelineCreator.lambda$startFixedIntervalPipelineCreator$0(BackgroundPipelineCreator.java:70)
	at java.util.concurrent.Executors$RunnableAdapter.call(Executors.java:511)
	at java.util.concurrent.FutureTask.runAndReset(FutureTask.java:308)
	at java.util.concurrent.ScheduledThreadPoolExecutor$ScheduledFutureTask.access$301(ScheduledThreadPoolExecutor.java:180)
	at java.util.concurrent.ScheduledThreadPoolExecutor$ScheduledFutureTask.run(ScheduledThreadPoolExecutor.java:294)
	at java.util.concurrent.ThreadPoolExecutor.runWorker(ThreadPoolExecutor.java:1149)
	at java.util.concurrent.ThreadPoolExecutor$Worker.run(ThreadPoolExecutor.java:624)
	at java.lang.Thread.run(Thread.java:748)
2019-10-14 09:11:17,044 [Thread-1258] INFO  impl.FollowerState (FollowerState.java:run(106)) - 501dc7b9-491d-40e1-8cdc-2c9c2160e0a9:group-873CF833867B changes to CANDIDATE, lastRpcTime:1017, electionTimeout:1017ms
2019-10-14 09:11:17,044 [Thread-1258] INFO  impl.RoleInfo (RoleInfo.java:shutdownFollowerState(121)) - 501dc7b9-491d-40e1-8cdc-2c9c2160e0a9: shutdown FollowerState
2019-10-14 09:11:17,044 [Thread-1258] INFO  impl.RaftServerImpl (RaftServerImpl.java:setRole(174)) - 501dc7b9-491d-40e1-8cdc-2c9c2160e0a9@group-873CF833867B: changes role from  FOLLOWER to CANDIDATE at term 0 for changeToCandidate
2019-10-14 09:11:17,045 [Thread-1258] INFO  impl.RoleInfo (RoleInfo.java:updateAndGet(143)) - 501dc7b9-491d-40e1-8cdc-2c9c2160e0a9: start LeaderElection
2019-10-14 09:11:17,080 [501dc7b9-491d-40e1-8cdc-2c9c2160e0a9@group-873CF833867B:LeaderElection46] INFO  impl.LeaderElection (LeaderElection.java:askForVotes(182)) - 501dc7b9-491d-40e1-8cdc-2c9c2160e0a9@group-873CF833867B:LeaderElection46: begin an election at term 1 for -1: [501dc7b9-491d-40e1-8cdc-2c9c2160e0a9:192.168.164.214:43146], old=null
2019-10-14 09:11:17,081 [501dc7b9-491d-40e1-8cdc-2c9c2160e0a9@group-873CF833867B:LeaderElection46] INFO  impl.RoleInfo (RoleInfo.java:shutdownLeaderElection(134)) - 501dc7b9-491d-40e1-8cdc-2c9c2160e0a9: shutdown LeaderElection
2019-10-14 09:11:17,081 [501dc7b9-491d-40e1-8cdc-2c9c2160e0a9@group-873CF833867B:LeaderElection46] INFO  impl.RaftServerImpl (RaftServerImpl.java:setRole(174)) - 501dc7b9-491d-40e1-8cdc-2c9c2160e0a9@group-873CF833867B: changes role from CANDIDATE to LEADER at term 1 for changeToLeader
2019-10-14 09:11:17,081 [501dc7b9-491d-40e1-8cdc-2c9c2160e0a9@group-873CF833867B:LeaderElection46] INFO  impl.RaftServerImpl (ServerState.java:setLeader(253)) - 501dc7b9-491d-40e1-8cdc-2c9c2160e0a9@group-873CF833867B: change Leader from null to 501dc7b9-491d-40e1-8cdc-2c9c2160e0a9 at term 1 for becomeLeader, leader elected after 1063ms
2019-10-14 09:11:17,081 [501dc7b9-491d-40e1-8cdc-2c9c2160e0a9@group-873CF833867B:LeaderElection46] INFO  server.RaftServerConfigKeys (ConfUtils.java:logGet(43)) - raft.server.staging.catchup.gap = 1000 (default)
2019-10-14 09:11:17,082 [501dc7b9-491d-40e1-8cdc-2c9c2160e0a9@group-873CF833867B:LeaderElection46] INFO  server.RaftServerConfigKeys (ConfUtils.java:logGet(43)) - raft.server.rpc.sleep.time = 25ms (default)
2019-10-14 09:11:17,082 [501dc7b9-491d-40e1-8cdc-2c9c2160e0a9@group-873CF833867B:LeaderElection46] INFO  server.RaftServerConfigKeys (ConfUtils.java:logGet(43)) - raft.server.write.element-limit = 4096 (default)
2019-10-14 09:11:17,082 [501dc7b9-491d-40e1-8cdc-2c9c2160e0a9@group-873CF833867B:LeaderElection46] INFO  server.RaftServerConfigKeys (ConfUtils.java:logGet(43)) - raft.server.watch.timeout = 10s (default)
2019-10-14 09:11:17,082 [501dc7b9-491d-40e1-8cdc-2c9c2160e0a9@group-873CF833867B:LeaderElection46] INFO  server.RaftServerConfigKeys (ConfUtils.java:logGet(43)) - raft.server.watch.timeout.denomination = 1s (default)
2019-10-14 09:11:17,082 [501dc7b9-491d-40e1-8cdc-2c9c2160e0a9@group-873CF833867B:LeaderElection46] INFO  server.RaftServerConfigKeys (ConfUtils.java:logGet(43)) - raft.server.watch.element-limit = 65536 (default)
2019-10-14 09:11:17,085 [501dc7b9-491d-40e1-8cdc-2c9c2160e0a9@group-873CF833867B:LeaderElection46] INFO  impl.RoleInfo (RoleInfo.java:updateAndGet(143)) - 501dc7b9-491d-40e1-8cdc-2c9c2160e0a9: start LeaderState
2019-10-14 09:11:17,086 [501dc7b9-491d-40e1-8cdc-2c9c2160e0a9@group-873CF833867B:LeaderElection46] INFO  segmented.SegmentedRaftLogWorker (SegmentedRaftLogWorker.java:startLogSegment(380)) - 501dc7b9-491d-40e1-8cdc-2c9c2160e0a9@group-873CF833867B-SegmentedRaftLogWorker: Starting segment from index:0
2019-10-14 09:11:17,087 [501dc7b9-491d-40e1-8cdc-2c9c2160e0a9@group-873CF833867B:LeaderElection46] INFO  impl.RaftServerImpl (ServerState.java:setRaftConf(354)) - 501dc7b9-491d-40e1-8cdc-2c9c2160e0a9@group-873CF833867B: set configuration 0: [501dc7b9-491d-40e1-8cdc-2c9c2160e0a9:192.168.164.214:43146], old=null at 0
2019-10-14 09:11:17,148 [501dc7b9-491d-40e1-8cdc-2c9c2160e0a9@group-873CF833867B-SegmentedRaftLogWorker] INFO  segmented.SegmentedRaftLogWorker (SegmentedRaftLogWorker.java:execute(569)) - 501dc7b9-491d-40e1-8cdc-2c9c2160e0a9@group-873CF833867B-SegmentedRaftLogWorker: created new log segment /workdir/hadoop-ozone/integration-test/target/test-dir/MiniOzoneClusterImpl-7dc343c7-8e33-43f6-86ca-4a53fe0b4b94/datanode-0/data/ratis/28189eca-b347-4dad-a83b-873cf833867b/current/log_inprogress_0
2019-10-14 09:11:17,245 [Thread-1261] INFO  impl.FollowerState (FollowerState.java:run(106)) - 585f7a51-f4d3-431b-937d-1c786f624e2b:group-EFF34E715975 changes to CANDIDATE, lastRpcTime:1134, electionTimeout:1134ms
2019-10-14 09:11:17,246 [Thread-1261] INFO  impl.RoleInfo (RoleInfo.java:shutdownFollowerState(121)) - 585f7a51-f4d3-431b-937d-1c786f624e2b: shutdown FollowerState
2019-10-14 09:11:17,246 [Thread-1261] INFO  impl.RaftServerImpl (RaftServerImpl.java:setRole(174)) - 585f7a51-f4d3-431b-937d-1c786f624e2b@group-EFF34E715975: changes role from  FOLLOWER to CANDIDATE at term 0 for changeToCandidate
2019-10-14 09:11:17,246 [Thread-1261] INFO  impl.RoleInfo (RoleInfo.java:updateAndGet(143)) - 585f7a51-f4d3-431b-937d-1c786f624e2b: start LeaderElection
2019-10-14 09:11:17,254 [Thread-1264] INFO  impl.FollowerState (FollowerState.java:run(106)) - ae7f4960-f987-43f9-80f9-0ac0ab20aeef:group-775D1BBE33D1 changes to CANDIDATE, lastRpcTime:1072, electionTimeout:1072ms
2019-10-14 09:11:17,254 [Thread-1264] INFO  impl.RoleInfo (RoleInfo.java:shutdownFollowerState(121)) - ae7f4960-f987-43f9-80f9-0ac0ab20aeef: shutdown FollowerState
2019-10-14 09:11:17,254 [Thread-1264] INFO  impl.RaftServerImpl (RaftServerImpl.java:setRole(174)) - ae7f4960-f987-43f9-80f9-0ac0ab20aeef@group-775D1BBE33D1: changes role from  FOLLOWER to CANDIDATE at term 0 for changeToCandidate
2019-10-14 09:11:17,255 [Thread-1264] INFO  impl.RoleInfo (RoleInfo.java:updateAndGet(143)) - ae7f4960-f987-43f9-80f9-0ac0ab20aeef: start LeaderElection
2019-10-14 09:11:17,273 [585f7a51-f4d3-431b-937d-1c786f624e2b@group-EFF34E715975:LeaderElection47] INFO  impl.LeaderElection (LeaderElection.java:askForVotes(182)) - 585f7a51-f4d3-431b-937d-1c786f624e2b@group-EFF34E715975:LeaderElection47: begin an election at term 1 for -1: [585f7a51-f4d3-431b-937d-1c786f624e2b:192.168.164.214:35977], old=null
2019-10-14 09:11:17,273 [ae7f4960-f987-43f9-80f9-0ac0ab20aeef@group-775D1BBE33D1:LeaderElection48] INFO  impl.LeaderElection (LeaderElection.java:askForVotes(182)) - ae7f4960-f987-43f9-80f9-0ac0ab20aeef@group-775D1BBE33D1:LeaderElection48: begin an election at term 1 for -1: [ae7f4960-f987-43f9-80f9-0ac0ab20aeef:192.168.164.214:35598], old=null
2019-10-14 09:11:17,273 [585f7a51-f4d3-431b-937d-1c786f624e2b@group-EFF34E715975:LeaderElection47] INFO  impl.RoleInfo (RoleInfo.java:shutdownLeaderElection(134)) - 585f7a51-f4d3-431b-937d-1c786f624e2b: shutdown LeaderElection
2019-10-14 09:11:17,273 [ae7f4960-f987-43f9-80f9-0ac0ab20aeef@group-775D1BBE33D1:LeaderElection48] INFO  impl.RoleInfo (RoleInfo.java:shutdownLeaderElection(134)) - ae7f4960-f987-43f9-80f9-0ac0ab20aeef: shutdown LeaderElection
2019-10-14 09:11:17,273 [585f7a51-f4d3-431b-937d-1c786f624e2b@group-EFF34E715975:LeaderElection47] INFO  impl.RaftServerImpl (RaftServerImpl.java:setRole(174)) - 585f7a51-f4d3-431b-937d-1c786f624e2b@group-EFF34E715975: changes role from CANDIDATE to LEADER at term 1 for changeToLeader
2019-10-14 09:11:17,274 [ae7f4960-f987-43f9-80f9-0ac0ab20aeef@group-775D1BBE33D1:LeaderElection48] INFO  impl.RaftServerImpl (RaftServerImpl.java:setRole(174)) - ae7f4960-f987-43f9-80f9-0ac0ab20aeef@group-775D1BBE33D1: changes role from CANDIDATE to LEADER at term 1 for changeToLeader
2019-10-14 09:11:17,274 [585f7a51-f4d3-431b-937d-1c786f624e2b@group-EFF34E715975:LeaderElection47] INFO  impl.RaftServerImpl (ServerState.java:setLeader(253)) - 585f7a51-f4d3-431b-937d-1c786f624e2b@group-EFF34E715975: change Leader from null to 585f7a51-f4d3-431b-937d-1c786f624e2b at term 1 for becomeLeader, leader elected after 1170ms
2019-10-14 09:11:17,274 [ae7f4960-f987-43f9-80f9-0ac0ab20aeef@group-775D1BBE33D1:LeaderElection48] INFO  impl.RaftServerImpl (ServerState.java:setLeader(253)) - ae7f4960-f987-43f9-80f9-0ac0ab20aeef@group-775D1BBE33D1: change Leader from null to ae7f4960-f987-43f9-80f9-0ac0ab20aeef at term 1 for becomeLeader, leader elected after 1101ms
2019-10-14 09:11:17,274 [585f7a51-f4d3-431b-937d-1c786f624e2b@group-EFF34E715975:LeaderElection47] INFO  server.RaftServerConfigKeys (ConfUtils.java:logGet(43)) - raft.server.staging.catchup.gap = 1000 (default)
2019-10-14 09:11:17,274 [ae7f4960-f987-43f9-80f9-0ac0ab20aeef@group-775D1BBE33D1:LeaderElection48] INFO  server.RaftServerConfigKeys (ConfUtils.java:logGet(43)) - raft.server.staging.catchup.gap = 1000 (default)
2019-10-14 09:11:17,274 [585f7a51-f4d3-431b-937d-1c786f624e2b@group-EFF34E715975:LeaderElection47] INFO  server.RaftServerConfigKeys (ConfUtils.java:logGet(43)) - raft.server.rpc.sleep.time = 25ms (default)
2019-10-14 09:11:17,274 [ae7f4960-f987-43f9-80f9-0ac0ab20aeef@group-775D1BBE33D1:LeaderElection48] INFO  server.RaftServerConfigKeys (ConfUtils.java:logGet(43)) - raft.server.rpc.sleep.time = 25ms (default)
2019-10-14 09:11:17,275 [585f7a51-f4d3-431b-937d-1c786f624e2b@group-EFF34E715975:LeaderElection47] INFO  server.RaftServerConfigKeys (ConfUtils.java:logGet(43)) - raft.server.write.element-limit = 4096 (default)
2019-10-14 09:11:17,275 [ae7f4960-f987-43f9-80f9-0ac0ab20aeef@group-775D1BBE33D1:LeaderElection48] INFO  server.RaftServerConfigKeys (ConfUtils.java:logGet(43)) - raft.server.write.element-limit = 4096 (default)
2019-10-14 09:11:17,275 [585f7a51-f4d3-431b-937d-1c786f624e2b@group-EFF34E715975:LeaderElection47] INFO  server.RaftServerConfigKeys (ConfUtils.java:logGet(43)) - raft.server.watch.timeout = 10s (default)
2019-10-14 09:11:17,275 [ae7f4960-f987-43f9-80f9-0ac0ab20aeef@group-775D1BBE33D1:LeaderElection48] INFO  server.RaftServerConfigKeys (ConfUtils.java:logGet(43)) - raft.server.watch.timeout = 10s (default)
2019-10-14 09:11:17,275 [585f7a51-f4d3-431b-937d-1c786f624e2b@group-EFF34E715975:LeaderElection47] INFO  server.RaftServerConfigKeys (ConfUtils.java:logGet(43)) - raft.server.watch.timeout.denomination = 1s (default)
2019-10-14 09:11:17,275 [ae7f4960-f987-43f9-80f9-0ac0ab20aeef@group-775D1BBE33D1:LeaderElection48] INFO  server.RaftServerConfigKeys (ConfUtils.java:logGet(43)) - raft.server.watch.timeout.denomination = 1s (default)
2019-10-14 09:11:17,275 [585f7a51-f4d3-431b-937d-1c786f624e2b@group-EFF34E715975:LeaderElection47] INFO  server.RaftServerConfigKeys (ConfUtils.java:logGet(43)) - raft.server.watch.element-limit = 65536 (default)
2019-10-14 09:11:17,276 [ae7f4960-f987-43f9-80f9-0ac0ab20aeef@group-775D1BBE33D1:LeaderElection48] INFO  server.RaftServerConfigKeys (ConfUtils.java:logGet(43)) - raft.server.watch.element-limit = 65536 (default)
2019-10-14 09:11:17,280 [585f7a51-f4d3-431b-937d-1c786f624e2b@group-EFF34E715975:LeaderElection47] INFO  impl.RoleInfo (RoleInfo.java:updateAndGet(143)) - 585f7a51-f4d3-431b-937d-1c786f624e2b: start LeaderState
2019-10-14 09:11:17,280 [585f7a51-f4d3-431b-937d-1c786f624e2b@group-EFF34E715975:LeaderElection47] INFO  segmented.SegmentedRaftLogWorker (SegmentedRaftLogWorker.java:startLogSegment(380)) - 585f7a51-f4d3-431b-937d-1c786f624e2b@group-EFF34E715975-SegmentedRaftLogWorker: Starting segment from index:0
2019-10-14 09:11:17,280 [ae7f4960-f987-43f9-80f9-0ac0ab20aeef@group-775D1BBE33D1:LeaderElection48] INFO  impl.RoleInfo (RoleInfo.java:updateAndGet(143)) - ae7f4960-f987-43f9-80f9-0ac0ab20aeef: start LeaderState
2019-10-14 09:11:17,280 [ae7f4960-f987-43f9-80f9-0ac0ab20aeef@group-775D1BBE33D1:LeaderElection48] INFO  segmented.SegmentedRaftLogWorker (SegmentedRaftLogWorker.java:startLogSegment(380)) - ae7f4960-f987-43f9-80f9-0ac0ab20aeef@group-775D1BBE33D1-SegmentedRaftLogWorker: Starting segment from index:0
2019-10-14 09:11:17,280 [585f7a51-f4d3-431b-937d-1c786f624e2b@group-EFF34E715975:LeaderElection47] INFO  impl.RaftServerImpl (ServerState.java:setRaftConf(354)) - 585f7a51-f4d3-431b-937d-1c786f624e2b@group-EFF34E715975: set configuration 0: [585f7a51-f4d3-431b-937d-1c786f624e2b:192.168.164.214:35977], old=null at 0
2019-10-14 09:11:17,313 [main] INFO  ozone.MiniOzoneClusterImpl (MiniOzoneClusterImpl.java:lambda$waitForClusterToBeReady$0(147)) - Cluster is ready. Got 6 of 6 DN Heartbeats.
2019-10-14 09:11:17,313 [ae7f4960-f987-43f9-80f9-0ac0ab20aeef@group-775D1BBE33D1:LeaderElection48] INFO  impl.RaftServerImpl (ServerState.java:setRaftConf(354)) - ae7f4960-f987-43f9-80f9-0ac0ab20aeef@group-775D1BBE33D1: set configuration 0: [ae7f4960-f987-43f9-80f9-0ac0ab20aeef:192.168.164.214:35598], old=null at 0
2019-10-14 09:11:17,337 [ae7f4960-f987-43f9-80f9-0ac0ab20aeef@group-775D1BBE33D1-SegmentedRaftLogWorker] INFO  segmented.SegmentedRaftLogWorker (SegmentedRaftLogWorker.java:execute(569)) - ae7f4960-f987-43f9-80f9-0ac0ab20aeef@group-775D1BBE33D1-SegmentedRaftLogWorker: created new log segment /workdir/hadoop-ozone/integration-test/target/test-dir/MiniOzoneClusterImpl-7dc343c7-8e33-43f6-86ca-4a53fe0b4b94/datanode-2/data/ratis/e2876e8f-c41b-429b-9a32-775d1bbe33d1/current/log_inprogress_0
2019-10-14 09:11:17,337 [585f7a51-f4d3-431b-937d-1c786f624e2b@group-EFF34E715975-SegmentedRaftLogWorker] INFO  segmented.SegmentedRaftLogWorker (SegmentedRaftLogWorker.java:execute(569)) - 585f7a51-f4d3-431b-937d-1c786f624e2b@group-EFF34E715975-SegmentedRaftLogWorker: created new log segment /workdir/hadoop-ozone/integration-test/target/test-dir/MiniOzoneClusterImpl-7dc343c7-8e33-43f6-86ca-4a53fe0b4b94/datanode-1/data/ratis/7faa9d37-0c5f-469b-8f8d-eff34e715975/current/log_inprogress_0
2019-10-14 09:11:17,344 [main] INFO  rpc.RpcClient (RpcClient.java:createVolume(276)) - Creating Volume: datanodefailurehandlingtest, with jenkins1000 as owner.
2019-10-14 09:11:17,347 [IPC Server handler 1 on 34334] INFO  volume.OMVolumeCreateRequest (OMVolumeCreateRequest.java:validateAndUpdateCache(189)) - created volume:datanodefailurehandlingtest for user:jenkins1000
2019-10-14 09:11:17,356 [main] INFO  rpc.RpcClient (RpcClient.java:createBucket(415)) - Creating Bucket: datanodefailurehandlingtest/datanodefailurehandlingtest, with Versioning false and Storage Type set to DISK and Encryption set to false 
2019-10-14 09:11:17,389 [Thread-1273] INFO  impl.FollowerState (FollowerState.java:run(106)) - d1f57701-3fd0-49df-bc3e-2994fc7249db:group-A7EABF05E167 changes to CANDIDATE, lastRpcTime:1000, electionTimeout:1000ms
2019-10-14 09:11:17,389 [Thread-1273] INFO  impl.RoleInfo (RoleInfo.java:shutdownFollowerState(121)) - d1f57701-3fd0-49df-bc3e-2994fc7249db: shutdown FollowerState
2019-10-14 09:11:17,389 [Thread-1273] INFO  impl.RaftServerImpl (RaftServerImpl.java:setRole(174)) - d1f57701-3fd0-49df-bc3e-2994fc7249db@group-A7EABF05E167: changes role from  FOLLOWER to CANDIDATE at term 0 for changeToCandidate
2019-10-14 09:11:17,389 [Thread-1273] INFO  impl.RoleInfo (RoleInfo.java:updateAndGet(143)) - d1f57701-3fd0-49df-bc3e-2994fc7249db: start LeaderElection
2019-10-14 09:11:17,420 [d1f57701-3fd0-49df-bc3e-2994fc7249db@group-A7EABF05E167:LeaderElection49] INFO  impl.LeaderElection (LeaderElection.java:askForVotes(182)) - d1f57701-3fd0-49df-bc3e-2994fc7249db@group-A7EABF05E167:LeaderElection49: begin an election at term 1 for -1: [d1f57701-3fd0-49df-bc3e-2994fc7249db:192.168.164.214:43350], old=null
2019-10-14 09:11:17,420 [d1f57701-3fd0-49df-bc3e-2994fc7249db@group-A7EABF05E167:LeaderElection49] INFO  impl.RoleInfo (RoleInfo.java:shutdownLeaderElection(134)) - d1f57701-3fd0-49df-bc3e-2994fc7249db: shutdown LeaderElection
2019-10-14 09:11:17,420 [d1f57701-3fd0-49df-bc3e-2994fc7249db@group-A7EABF05E167:LeaderElection49] INFO  impl.RaftServerImpl (RaftServerImpl.java:setRole(174)) - d1f57701-3fd0-49df-bc3e-2994fc7249db@group-A7EABF05E167: changes role from CANDIDATE to LEADER at term 1 for changeToLeader
2019-10-14 09:11:17,420 [d1f57701-3fd0-49df-bc3e-2994fc7249db@group-A7EABF05E167:LeaderElection49] INFO  impl.RaftServerImpl (ServerState.java:setLeader(253)) - d1f57701-3fd0-49df-bc3e-2994fc7249db@group-A7EABF05E167: change Leader from null to d1f57701-3fd0-49df-bc3e-2994fc7249db at term 1 for becomeLeader, leader elected after 1038ms
2019-10-14 09:11:17,420 [d1f57701-3fd0-49df-bc3e-2994fc7249db@group-A7EABF05E167:LeaderElection49] INFO  server.RaftServerConfigKeys (ConfUtils.java:logGet(43)) - raft.server.staging.catchup.gap = 1000 (default)
2019-10-14 09:11:17,421 [d1f57701-3fd0-49df-bc3e-2994fc7249db@group-A7EABF05E167:LeaderElection49] INFO  server.RaftServerConfigKeys (ConfUtils.java:logGet(43)) - raft.server.rpc.sleep.time = 25ms (default)
2019-10-14 09:11:17,421 [d1f57701-3fd0-49df-bc3e-2994fc7249db@group-A7EABF05E167:LeaderElection49] INFO  server.RaftServerConfigKeys (ConfUtils.java:logGet(43)) - raft.server.write.element-limit = 4096 (default)
2019-10-14 09:11:17,421 [d1f57701-3fd0-49df-bc3e-2994fc7249db@group-A7EABF05E167:LeaderElection49] INFO  server.RaftServerConfigKeys (ConfUtils.java:logGet(43)) - raft.server.watch.timeout = 10s (default)
2019-10-14 09:11:17,421 [d1f57701-3fd0-49df-bc3e-2994fc7249db@group-A7EABF05E167:LeaderElection49] INFO  server.RaftServerConfigKeys (ConfUtils.java:logGet(43)) - raft.server.watch.timeout.denomination = 1s (default)
2019-10-14 09:11:17,421 [d1f57701-3fd0-49df-bc3e-2994fc7249db@group-A7EABF05E167:LeaderElection49] INFO  server.RaftServerConfigKeys (ConfUtils.java:logGet(43)) - raft.server.watch.element-limit = 65536 (default)
2019-10-14 09:11:17,425 [d1f57701-3fd0-49df-bc3e-2994fc7249db@group-A7EABF05E167:LeaderElection49] INFO  impl.RoleInfo (RoleInfo.java:updateAndGet(143)) - d1f57701-3fd0-49df-bc3e-2994fc7249db: start LeaderState
2019-10-14 09:11:17,426 [d1f57701-3fd0-49df-bc3e-2994fc7249db@group-A7EABF05E167:LeaderElection49] INFO  segmented.SegmentedRaftLogWorker (SegmentedRaftLogWorker.java:startLogSegment(380)) - d1f57701-3fd0-49df-bc3e-2994fc7249db@group-A7EABF05E167-SegmentedRaftLogWorker: Starting segment from index:0
2019-10-14 09:11:17,426 [d1f57701-3fd0-49df-bc3e-2994fc7249db@group-A7EABF05E167:LeaderElection49] INFO  impl.RaftServerImpl (ServerState.java:setRaftConf(354)) - d1f57701-3fd0-49df-bc3e-2994fc7249db@group-A7EABF05E167: set configuration 0: [d1f57701-3fd0-49df-bc3e-2994fc7249db:192.168.164.214:43350], old=null at 0
2019-10-14 09:11:17,458 [Thread-1267] INFO  impl.FollowerState (FollowerState.java:run(106)) - aabd13a9-38b1-453f-a600-f425fadd7a8e:group-3B8003B14D19 changes to CANDIDATE, lastRpcTime:1212, electionTimeout:1190ms
2019-10-14 09:11:17,458 [Thread-1270] INFO  impl.FollowerState (FollowerState.java:run(106)) - b00e6ee9-b720-4122-89a6-a6b803fd6604:group-FE57A3C8E3B7 changes to CANDIDATE, lastRpcTime:1137, electionTimeout:1115ms
2019-10-14 09:11:17,458 [Thread-1267] INFO  impl.RoleInfo (RoleInfo.java:shutdownFollowerState(121)) - aabd13a9-38b1-453f-a600-f425fadd7a8e: shutdown FollowerState
2019-10-14 09:11:17,458 [Thread-1270] INFO  impl.RoleInfo (RoleInfo.java:shutdownFollowerState(121)) - b00e6ee9-b720-4122-89a6-a6b803fd6604: shutdown FollowerState
2019-10-14 09:11:17,459 [Thread-1267] INFO  impl.RaftServerImpl (RaftServerImpl.java:setRole(174)) - aabd13a9-38b1-453f-a600-f425fadd7a8e@group-3B8003B14D19: changes role from  FOLLOWER to CANDIDATE at term 0 for changeToCandidate
2019-10-14 09:11:17,459 [Thread-1270] INFO  impl.RaftServerImpl (RaftServerImpl.java:setRole(174)) - b00e6ee9-b720-4122-89a6-a6b803fd6604@group-FE57A3C8E3B7: changes role from  FOLLOWER to CANDIDATE at term 0 for changeToCandidate
2019-10-14 09:11:17,459 [Thread-1267] INFO  impl.RoleInfo (RoleInfo.java:updateAndGet(143)) - aabd13a9-38b1-453f-a600-f425fadd7a8e: start LeaderElection
2019-10-14 09:11:17,459 [Thread-1270] INFO  impl.RoleInfo (RoleInfo.java:updateAndGet(143)) - b00e6ee9-b720-4122-89a6-a6b803fd6604: start LeaderElection
2019-10-14 09:11:17,508 [Thread-1276] INFO  impl.FollowerState (FollowerState.java:run(106)) - 501dc7b9-491d-40e1-8cdc-2c9c2160e0a9:group-CB7B554BB085 changes to CANDIDATE, lastRpcTime:1032, electionTimeout:1029ms
2019-10-14 09:11:17,508 [Thread-1276] INFO  impl.RoleInfo (RoleInfo.java:shutdownFollowerState(121)) - 501dc7b9-491d-40e1-8cdc-2c9c2160e0a9: shutdown FollowerState
2019-10-14 09:11:17,508 [Thread-1276] INFO  impl.RaftServerImpl (RaftServerImpl.java:setRole(174)) - 501dc7b9-491d-40e1-8cdc-2c9c2160e0a9@group-CB7B554BB085: changes role from  FOLLOWER to CANDIDATE at term 0 for changeToCandidate
2019-10-14 09:11:17,508 [Thread-1276] INFO  impl.RoleInfo (RoleInfo.java:updateAndGet(143)) - 501dc7b9-491d-40e1-8cdc-2c9c2160e0a9: start LeaderElection
2019-10-14 09:11:17,592 [Thread-1280] INFO  impl.FollowerState (FollowerState.java:run(106)) - ae7f4960-f987-43f9-80f9-0ac0ab20aeef:group-CB7B554BB085 changes to CANDIDATE, lastRpcTime:1110, electionTimeout:1110ms
2019-10-14 09:11:17,592 [Thread-1280] INFO  impl.RoleInfo (RoleInfo.java:shutdownFollowerState(121)) - ae7f4960-f987-43f9-80f9-0ac0ab20aeef: shutdown FollowerState
2019-10-14 09:11:17,592 [Thread-1280] INFO  impl.RaftServerImpl (RaftServerImpl.java:setRole(174)) - ae7f4960-f987-43f9-80f9-0ac0ab20aeef@group-CB7B554BB085: changes role from  FOLLOWER to CANDIDATE at term 0 for changeToCandidate
2019-10-14 09:11:17,592 [Thread-1280] INFO  impl.RoleInfo (RoleInfo.java:updateAndGet(143)) - ae7f4960-f987-43f9-80f9-0ac0ab20aeef: start LeaderElection
2019-10-14 09:11:17,620 [d1f57701-3fd0-49df-bc3e-2994fc7249db@group-A7EABF05E167-SegmentedRaftLogWorker] INFO  segmented.SegmentedRaftLogWorker (SegmentedRaftLogWorker.java:execute(569)) - d1f57701-3fd0-49df-bc3e-2994fc7249db@group-A7EABF05E167-SegmentedRaftLogWorker: created new log segment /workdir/hadoop-ozone/integration-test/target/test-dir/MiniOzoneClusterImpl-7dc343c7-8e33-43f6-86ca-4a53fe0b4b94/datanode-5/data/ratis/cd491b43-8da0-42c3-90ca-a7eabf05e167/current/log_inprogress_0
2019-10-14 09:11:17,643 [aabd13a9-38b1-453f-a600-f425fadd7a8e@group-3B8003B14D19:LeaderElection50] INFO  impl.LeaderElection (LeaderElection.java:askForVotes(182)) - aabd13a9-38b1-453f-a600-f425fadd7a8e@group-3B8003B14D19:LeaderElection50: begin an election at term 1 for -1: [aabd13a9-38b1-453f-a600-f425fadd7a8e:192.168.164.214:36671], old=null
2019-10-14 09:11:17,643 [b00e6ee9-b720-4122-89a6-a6b803fd6604@group-FE57A3C8E3B7:LeaderElection51] INFO  impl.LeaderElection (LeaderElection.java:askForVotes(182)) - b00e6ee9-b720-4122-89a6-a6b803fd6604@group-FE57A3C8E3B7:LeaderElection51: begin an election at term 1 for -1: [b00e6ee9-b720-4122-89a6-a6b803fd6604:192.168.164.214:44320], old=null
2019-10-14 09:11:17,643 [aabd13a9-38b1-453f-a600-f425fadd7a8e@group-3B8003B14D19:LeaderElection50] INFO  impl.RoleInfo (RoleInfo.java:shutdownLeaderElection(134)) - aabd13a9-38b1-453f-a600-f425fadd7a8e: shutdown LeaderElection
2019-10-14 09:11:17,643 [501dc7b9-491d-40e1-8cdc-2c9c2160e0a9@group-CB7B554BB085:LeaderElection52] INFO  impl.LeaderElection (LeaderElection.java:askForVotes(182)) - 501dc7b9-491d-40e1-8cdc-2c9c2160e0a9@group-CB7B554BB085:LeaderElection52: begin an election at term 1 for -1: [ae7f4960-f987-43f9-80f9-0ac0ab20aeef:192.168.164.214:35598, b00e6ee9-b720-4122-89a6-a6b803fd6604:192.168.164.214:44320, 501dc7b9-491d-40e1-8cdc-2c9c2160e0a9:192.168.164.214:43146], old=null
2019-10-14 09:11:17,643 [ae7f4960-f987-43f9-80f9-0ac0ab20aeef@group-CB7B554BB085:LeaderElection53] INFO  impl.LeaderElection (LeaderElection.java:askForVotes(182)) - ae7f4960-f987-43f9-80f9-0ac0ab20aeef@group-CB7B554BB085:LeaderElection53: begin an election at term 1 for -1: [ae7f4960-f987-43f9-80f9-0ac0ab20aeef:192.168.164.214:35598, b00e6ee9-b720-4122-89a6-a6b803fd6604:192.168.164.214:44320, 501dc7b9-491d-40e1-8cdc-2c9c2160e0a9:192.168.164.214:43146], old=null
2019-10-14 09:11:17,644 [aabd13a9-38b1-453f-a600-f425fadd7a8e@group-3B8003B14D19:LeaderElection50] INFO  impl.RaftServerImpl (RaftServerImpl.java:setRole(174)) - aabd13a9-38b1-453f-a600-f425fadd7a8e@group-3B8003B14D19: changes role from CANDIDATE to LEADER at term 1 for changeToLeader
2019-10-14 09:11:17,644 [b00e6ee9-b720-4122-89a6-a6b803fd6604@group-FE57A3C8E3B7:LeaderElection51] INFO  impl.RoleInfo (RoleInfo.java:shutdownLeaderElection(134)) - b00e6ee9-b720-4122-89a6-a6b803fd6604: shutdown LeaderElection
2019-10-14 09:11:17,644 [aabd13a9-38b1-453f-a600-f425fadd7a8e@group-3B8003B14D19:LeaderElection50] INFO  impl.RaftServerImpl (ServerState.java:setLeader(253)) - aabd13a9-38b1-453f-a600-f425fadd7a8e@group-3B8003B14D19: change Leader from null to aabd13a9-38b1-453f-a600-f425fadd7a8e at term 1 for becomeLeader, leader elected after 1404ms
2019-10-14 09:11:17,644 [b00e6ee9-b720-4122-89a6-a6b803fd6604@group-FE57A3C8E3B7:LeaderElection51] INFO  impl.RaftServerImpl (RaftServerImpl.java:setRole(174)) - b00e6ee9-b720-4122-89a6-a6b803fd6604@group-FE57A3C8E3B7: changes role from CANDIDATE to LEADER at term 1 for changeToLeader
2019-10-14 09:11:17,644 [b00e6ee9-b720-4122-89a6-a6b803fd6604@group-FE57A3C8E3B7:LeaderElection51] INFO  impl.RaftServerImpl (ServerState.java:setLeader(253)) - b00e6ee9-b720-4122-89a6-a6b803fd6604@group-FE57A3C8E3B7: change Leader from null to b00e6ee9-b720-4122-89a6-a6b803fd6604 at term 1 for becomeLeader, leader elected after 1332ms
2019-10-14 09:11:17,644 [aabd13a9-38b1-453f-a600-f425fadd7a8e@group-3B8003B14D19:LeaderElection50] INFO  server.RaftServerConfigKeys (ConfUtils.java:logGet(43)) - raft.server.staging.catchup.gap = 1000 (default)
2019-10-14 09:11:17,645 [b00e6ee9-b720-4122-89a6-a6b803fd6604@group-FE57A3C8E3B7:LeaderElection51] INFO  server.RaftServerConfigKeys (ConfUtils.java:logGet(43)) - raft.server.staging.catchup.gap = 1000 (default)
2019-10-14 09:11:17,645 [aabd13a9-38b1-453f-a600-f425fadd7a8e@group-3B8003B14D19:LeaderElection50] INFO  server.RaftServerConfigKeys (ConfUtils.java:logGet(43)) - raft.server.rpc.sleep.time = 25ms (default)
2019-10-14 09:11:17,645 [b00e6ee9-b720-4122-89a6-a6b803fd6604@group-FE57A3C8E3B7:LeaderElection51] INFO  server.RaftServerConfigKeys (ConfUtils.java:logGet(43)) - raft.server.rpc.sleep.time = 25ms (default)
2019-10-14 09:11:17,655 [Thread-1291] INFO  impl.FollowerState (FollowerState.java:run(106)) - d1f57701-3fd0-49df-bc3e-2994fc7249db:group-CEABDACBA137 changes to CANDIDATE, lastRpcTime:1101, electionTimeout:1101ms
2019-10-14 09:11:17,655 [Thread-1291] INFO  impl.RoleInfo (RoleInfo.java:shutdownFollowerState(121)) - d1f57701-3fd0-49df-bc3e-2994fc7249db: shutdown FollowerState
2019-10-14 09:11:17,655 [Thread-1291] INFO  impl.RaftServerImpl (RaftServerImpl.java:setRole(174)) - d1f57701-3fd0-49df-bc3e-2994fc7249db@group-CEABDACBA137: changes role from  FOLLOWER to CANDIDATE at term 0 for changeToCandidate
2019-10-14 09:11:17,668 [Thread-1281] INFO  impl.FollowerState (FollowerState.java:run(106)) - b00e6ee9-b720-4122-89a6-a6b803fd6604:group-CB7B554BB085 changes to CANDIDATE, lastRpcTime:1186, electionTimeout:1186ms
2019-10-14 09:11:17,668 [Thread-1281] INFO  impl.RoleInfo (RoleInfo.java:shutdownFollowerState(121)) - b00e6ee9-b720-4122-89a6-a6b803fd6604: shutdown FollowerState
2019-10-14 09:11:17,669 [Thread-1281] INFO  impl.RaftServerImpl (RaftServerImpl.java:setRole(174)) - b00e6ee9-b720-4122-89a6-a6b803fd6604@group-CB7B554BB085: changes role from  FOLLOWER to CANDIDATE at term 0 for changeToCandidate
2019-10-14 09:11:17,677 [Thread-1289] INFO  impl.FollowerState (FollowerState.java:run(106)) - 585f7a51-f4d3-431b-937d-1c786f624e2b:group-CEABDACBA137 changes to CANDIDATE, lastRpcTime:1125, electionTimeout:1125ms
2019-10-14 09:11:17,678 [Thread-1289] INFO  impl.RoleInfo (RoleInfo.java:shutdownFollowerState(121)) - 585f7a51-f4d3-431b-937d-1c786f624e2b: shutdown FollowerState
2019-10-14 09:11:17,678 [Thread-1289] INFO  impl.RaftServerImpl (RaftServerImpl.java:setRole(174)) - 585f7a51-f4d3-431b-937d-1c786f624e2b@group-CEABDACBA137: changes role from  FOLLOWER to CANDIDATE at term 0 for changeToCandidate
2019-10-14 09:11:17,694 [Thread-1291] INFO  impl.RoleInfo (RoleInfo.java:updateAndGet(143)) - d1f57701-3fd0-49df-bc3e-2994fc7249db: start LeaderElection
2019-10-14 09:11:17,694 [b00e6ee9-b720-4122-89a6-a6b803fd6604@group-FE57A3C8E3B7:LeaderElection51] INFO  server.RaftServerConfigKeys (ConfUtils.java:logGet(43)) - raft.server.write.element-limit = 4096 (default)
2019-10-14 09:11:17,694 [aabd13a9-38b1-453f-a600-f425fadd7a8e@group-3B8003B14D19:LeaderElection50] INFO  server.RaftServerConfigKeys (ConfUtils.java:logGet(43)) - raft.server.write.element-limit = 4096 (default)
2019-10-14 09:11:17,694 [Thread-1281] INFO  impl.RoleInfo (RoleInfo.java:updateAndGet(143)) - b00e6ee9-b720-4122-89a6-a6b803fd6604: start LeaderElection
2019-10-14 09:11:17,694 [Thread-1289] INFO  impl.RoleInfo (RoleInfo.java:updateAndGet(143)) - 585f7a51-f4d3-431b-937d-1c786f624e2b: start LeaderElection
2019-10-14 09:11:17,701 [aabd13a9-38b1-453f-a600-f425fadd7a8e@group-3B8003B14D19:LeaderElection50] INFO  server.RaftServerConfigKeys (ConfUtils.java:logGet(43)) - raft.server.watch.timeout = 10s (default)
2019-10-14 09:11:17,700 [b00e6ee9-b720-4122-89a6-a6b803fd6604@group-FE57A3C8E3B7:LeaderElection51] INFO  server.RaftServerConfigKeys (ConfUtils.java:logGet(43)) - raft.server.watch.timeout = 10s (default)
2019-10-14 09:11:17,707 [b00e6ee9-b720-4122-89a6-a6b803fd6604@group-FE57A3C8E3B7:LeaderElection51] INFO  server.RaftServerConfigKeys (ConfUtils.java:logGet(43)) - raft.server.watch.timeout.denomination = 1s (default)
2019-10-14 09:11:17,707 [aabd13a9-38b1-453f-a600-f425fadd7a8e@group-3B8003B14D19:LeaderElection50] INFO  server.RaftServerConfigKeys (ConfUtils.java:logGet(43)) - raft.server.watch.timeout.denomination = 1s (default)
2019-10-14 09:11:17,707 [b00e6ee9-b720-4122-89a6-a6b803fd6604@group-FE57A3C8E3B7:LeaderElection51] INFO  server.RaftServerConfigKeys (ConfUtils.java:logGet(43)) - raft.server.watch.element-limit = 65536 (default)
2019-10-14 09:11:17,707 [aabd13a9-38b1-453f-a600-f425fadd7a8e@group-3B8003B14D19:LeaderElection50] INFO  server.RaftServerConfigKeys (ConfUtils.java:logGet(43)) - raft.server.watch.element-limit = 65536 (default)
2019-10-14 09:11:17,714 [b00e6ee9-b720-4122-89a6-a6b803fd6604@group-FE57A3C8E3B7:LeaderElection51] INFO  impl.RoleInfo (RoleInfo.java:updateAndGet(143)) - b00e6ee9-b720-4122-89a6-a6b803fd6604: start LeaderState
2019-10-14 09:11:17,714 [b00e6ee9-b720-4122-89a6-a6b803fd6604@group-FE57A3C8E3B7:LeaderElection51] INFO  segmented.SegmentedRaftLogWorker (SegmentedRaftLogWorker.java:startLogSegment(380)) - b00e6ee9-b720-4122-89a6-a6b803fd6604@group-FE57A3C8E3B7-SegmentedRaftLogWorker: Starting segment from index:0
2019-10-14 09:11:17,715 [aabd13a9-38b1-453f-a600-f425fadd7a8e@group-3B8003B14D19:LeaderElection50] INFO  impl.RoleInfo (RoleInfo.java:updateAndGet(143)) - aabd13a9-38b1-453f-a600-f425fadd7a8e: start LeaderState
2019-10-14 09:11:17,715 [aabd13a9-38b1-453f-a600-f425fadd7a8e@group-3B8003B14D19:LeaderElection50] INFO  segmented.SegmentedRaftLogWorker (SegmentedRaftLogWorker.java:startLogSegment(380)) - aabd13a9-38b1-453f-a600-f425fadd7a8e@group-3B8003B14D19-SegmentedRaftLogWorker: Starting segment from index:0
2019-10-14 09:11:17,715 [b00e6ee9-b720-4122-89a6-a6b803fd6604@group-FE57A3C8E3B7:LeaderElection51] INFO  impl.RaftServerImpl (ServerState.java:setRaftConf(354)) - b00e6ee9-b720-4122-89a6-a6b803fd6604@group-FE57A3C8E3B7: set configuration 0: [b00e6ee9-b720-4122-89a6-a6b803fd6604:192.168.164.214:44320], old=null at 0
2019-10-14 09:11:17,741 [Thread-1286] INFO  impl.FollowerState (FollowerState.java:run(106)) - aabd13a9-38b1-453f-a600-f425fadd7a8e:group-CEABDACBA137 changes to CANDIDATE, lastRpcTime:1190, electionTimeout:1169ms
2019-10-14 09:11:17,741 [b00e6ee9-b720-4122-89a6-a6b803fd6604@group-CB7B554BB085:LeaderElection55] INFO  impl.LeaderElection (LeaderElection.java:askForVotes(182)) - b00e6ee9-b720-4122-89a6-a6b803fd6604@group-CB7B554BB085:LeaderElection55: begin an election at term 1 for -1: [ae7f4960-f987-43f9-80f9-0ac0ab20aeef:192.168.164.214:35598, b00e6ee9-b720-4122-89a6-a6b803fd6604:192.168.164.214:44320, 501dc7b9-491d-40e1-8cdc-2c9c2160e0a9:192.168.164.214:43146], old=null
2019-10-14 09:11:17,741 [aabd13a9-38b1-453f-a600-f425fadd7a8e@group-3B8003B14D19:LeaderElection50] INFO  impl.RaftServerImpl (ServerState.java:setRaftConf(354)) - aabd13a9-38b1-453f-a600-f425fadd7a8e@group-3B8003B14D19: set configuration 0: [aabd13a9-38b1-453f-a600-f425fadd7a8e:192.168.164.214:36671], old=null at 0
2019-10-14 09:11:17,741 [d1f57701-3fd0-49df-bc3e-2994fc7249db@group-CEABDACBA137:LeaderElection54] INFO  impl.LeaderElection (LeaderElection.java:askForVotes(182)) - d1f57701-3fd0-49df-bc3e-2994fc7249db@group-CEABDACBA137:LeaderElection54: begin an election at term 1 for -1: [aabd13a9-38b1-453f-a600-f425fadd7a8e:192.168.164.214:36671, 585f7a51-f4d3-431b-937d-1c786f624e2b:192.168.164.214:35977, d1f57701-3fd0-49df-bc3e-2994fc7249db:192.168.164.214:43350], old=null
2019-10-14 09:11:17,741 [585f7a51-f4d3-431b-937d-1c786f624e2b@group-CEABDACBA137:LeaderElection56] INFO  impl.LeaderElection (LeaderElection.java:askForVotes(182)) - 585f7a51-f4d3-431b-937d-1c786f624e2b@group-CEABDACBA137:LeaderElection56: begin an election at term 1 for -1: [aabd13a9-38b1-453f-a600-f425fadd7a8e:192.168.164.214:36671, 585f7a51-f4d3-431b-937d-1c786f624e2b:192.168.164.214:35977, d1f57701-3fd0-49df-bc3e-2994fc7249db:192.168.164.214:43350], old=null
2019-10-14 09:11:17,742 [Thread-1286] INFO  impl.RoleInfo (RoleInfo.java:shutdownFollowerState(121)) - aabd13a9-38b1-453f-a600-f425fadd7a8e: shutdown FollowerState
2019-10-14 09:11:17,769 [Thread-1286] INFO  impl.RaftServerImpl (RaftServerImpl.java:setRole(174)) - aabd13a9-38b1-453f-a600-f425fadd7a8e@group-CEABDACBA137: changes role from  FOLLOWER to CANDIDATE at term 0 for changeToCandidate
2019-10-14 09:11:17,769 [Thread-1286] INFO  impl.RoleInfo (RoleInfo.java:updateAndGet(143)) - aabd13a9-38b1-453f-a600-f425fadd7a8e: start LeaderElection
2019-10-14 09:11:17,769 [501dc7b9-491d-40e1-8cdc-2c9c2160e0a9@group-CB7B554BB085:LeaderElection52] INFO  impl.LeaderElection (LeaderElection.java:logAndReturn(56)) - 501dc7b9-491d-40e1-8cdc-2c9c2160e0a9@group-CB7B554BB085:LeaderElection52: Election REJECTED; received 2 response(s) [501dc7b9-491d-40e1-8cdc-2c9c2160e0a9<-ae7f4960-f987-43f9-80f9-0ac0ab20aeef#0:FAIL-t1, 501dc7b9-491d-40e1-8cdc-2c9c2160e0a9<-b00e6ee9-b720-4122-89a6-a6b803fd6604#0:FAIL-t1] and 0 exception(s); 501dc7b9-491d-40e1-8cdc-2c9c2160e0a9@group-CB7B554BB085:t1, leader=null, voted=501dc7b9-491d-40e1-8cdc-2c9c2160e0a9, raftlog=501dc7b9-491d-40e1-8cdc-2c9c2160e0a9@group-CB7B554BB085-SegmentedRaftLog:OPENED:c-1,f-1,i0, conf=-1: [ae7f4960-f987-43f9-80f9-0ac0ab20aeef:192.168.164.214:35598, b00e6ee9-b720-4122-89a6-a6b803fd6604:192.168.164.214:44320, 501dc7b9-491d-40e1-8cdc-2c9c2160e0a9:192.168.164.214:43146], old=null
2019-10-14 09:11:17,770 [ae7f4960-f987-43f9-80f9-0ac0ab20aeef@group-CB7B554BB085:LeaderElection53] INFO  impl.LeaderElection (LeaderElection.java:logAndReturn(56)) - ae7f4960-f987-43f9-80f9-0ac0ab20aeef@group-CB7B554BB085:LeaderElection53: Election REJECTED; received 2 response(s) [ae7f4960-f987-43f9-80f9-0ac0ab20aeef<-b00e6ee9-b720-4122-89a6-a6b803fd6604#0:FAIL-t1, ae7f4960-f987-43f9-80f9-0ac0ab20aeef<-501dc7b9-491d-40e1-8cdc-2c9c2160e0a9#0:FAIL-t1] and 0 exception(s); ae7f4960-f987-43f9-80f9-0ac0ab20aeef@group-CB7B554BB085:t1, leader=null, voted=ae7f4960-f987-43f9-80f9-0ac0ab20aeef, raftlog=ae7f4960-f987-43f9-80f9-0ac0ab20aeef@group-CB7B554BB085-SegmentedRaftLog:OPENED:c-1,f-1,i0, conf=-1: [ae7f4960-f987-43f9-80f9-0ac0ab20aeef:192.168.164.214:35598, b00e6ee9-b720-4122-89a6-a6b803fd6604:192.168.164.214:44320, 501dc7b9-491d-40e1-8cdc-2c9c2160e0a9:192.168.164.214:43146], old=null
2019-10-14 09:11:17,773 [501dc7b9-491d-40e1-8cdc-2c9c2160e0a9@group-CB7B554BB085:LeaderElection52] INFO  impl.RaftServerImpl (RaftServerImpl.java:setRole(174)) - 501dc7b9-491d-40e1-8cdc-2c9c2160e0a9@group-CB7B554BB085: changes role from CANDIDATE to FOLLOWER at term 1 for DISCOVERED_A_NEW_TERM
2019-10-14 09:11:17,773 [ae7f4960-f987-43f9-80f9-0ac0ab20aeef@group-CB7B554BB085:LeaderElection53] INFO  impl.RaftServerImpl (RaftServerImpl.java:setRole(174)) - ae7f4960-f987-43f9-80f9-0ac0ab20aeef@group-CB7B554BB085: changes role from CANDIDATE to FOLLOWER at term 1 for DISCOVERED_A_NEW_TERM
2019-10-14 09:11:17,774 [ae7f4960-f987-43f9-80f9-0ac0ab20aeef@group-CB7B554BB085:LeaderElection53] INFO  impl.RoleInfo (RoleInfo.java:shutdownLeaderElection(134)) - ae7f4960-f987-43f9-80f9-0ac0ab20aeef: shutdown LeaderElection
2019-10-14 09:11:17,773 [501dc7b9-491d-40e1-8cdc-2c9c2160e0a9@group-CB7B554BB085:LeaderElection52] INFO  impl.RoleInfo (RoleInfo.java:shutdownLeaderElection(134)) - 501dc7b9-491d-40e1-8cdc-2c9c2160e0a9: shutdown LeaderElection
2019-10-14 09:11:17,774 [ae7f4960-f987-43f9-80f9-0ac0ab20aeef@group-CB7B554BB085:LeaderElection53] INFO  impl.RoleInfo (RoleInfo.java:updateAndGet(143)) - ae7f4960-f987-43f9-80f9-0ac0ab20aeef: start FollowerState
2019-10-14 09:11:17,774 [501dc7b9-491d-40e1-8cdc-2c9c2160e0a9@group-CB7B554BB085:LeaderElection52] INFO  impl.RoleInfo (RoleInfo.java:updateAndGet(143)) - 501dc7b9-491d-40e1-8cdc-2c9c2160e0a9: start FollowerState
2019-10-14 09:11:17,774 [b00e6ee9-b720-4122-89a6-a6b803fd6604@group-FE57A3C8E3B7-SegmentedRaftLogWorker] INFO  segmented.SegmentedRaftLogWorker (SegmentedRaftLogWorker.java:execute(569)) - b00e6ee9-b720-4122-89a6-a6b803fd6604@group-FE57A3C8E3B7-SegmentedRaftLogWorker: created new log segment /workdir/hadoop-ozone/integration-test/target/test-dir/MiniOzoneClusterImpl-7dc343c7-8e33-43f6-86ca-4a53fe0b4b94/datanode-4/data/ratis/e658bad2-b899-418f-8231-fe57a3c8e3b7/current/log_inprogress_0
2019-10-14 09:11:17,784 [b00e6ee9-b720-4122-89a6-a6b803fd6604@group-CB7B554BB085:LeaderElection55] INFO  impl.LeaderElection (LeaderElection.java:logAndReturn(56)) - b00e6ee9-b720-4122-89a6-a6b803fd6604@group-CB7B554BB085:LeaderElection55: Election REJECTED; received 2 response(s) [b00e6ee9-b720-4122-89a6-a6b803fd6604<-ae7f4960-f987-43f9-80f9-0ac0ab20aeef#0:FAIL-t1, b00e6ee9-b720-4122-89a6-a6b803fd6604<-501dc7b9-491d-40e1-8cdc-2c9c2160e0a9#0:FAIL-t1] and 0 exception(s); b00e6ee9-b720-4122-89a6-a6b803fd6604@group-CB7B554BB085:t1, leader=null, voted=b00e6ee9-b720-4122-89a6-a6b803fd6604, raftlog=b00e6ee9-b720-4122-89a6-a6b803fd6604@group-CB7B554BB085-SegmentedRaftLog:OPENED:c-1,f-1,i0, conf=-1: [ae7f4960-f987-43f9-80f9-0ac0ab20aeef:192.168.164.214:35598, b00e6ee9-b720-4122-89a6-a6b803fd6604:192.168.164.214:44320, 501dc7b9-491d-40e1-8cdc-2c9c2160e0a9:192.168.164.214:43146], old=null
2019-10-14 09:11:17,784 [b00e6ee9-b720-4122-89a6-a6b803fd6604@group-CB7B554BB085:LeaderElection55] INFO  impl.RaftServerImpl (RaftServerImpl.java:setRole(174)) - b00e6ee9-b720-4122-89a6-a6b803fd6604@group-CB7B554BB085: changes role from CANDIDATE to FOLLOWER at term 1 for DISCOVERED_A_NEW_TERM
2019-10-14 09:11:17,784 [b00e6ee9-b720-4122-89a6-a6b803fd6604@group-CB7B554BB085:LeaderElection55] INFO  impl.RoleInfo (RoleInfo.java:shutdownLeaderElection(134)) - b00e6ee9-b720-4122-89a6-a6b803fd6604: shutdown LeaderElection
2019-10-14 09:11:17,784 [b00e6ee9-b720-4122-89a6-a6b803fd6604@group-CB7B554BB085:LeaderElection55] INFO  impl.RoleInfo (RoleInfo.java:updateAndGet(143)) - b00e6ee9-b720-4122-89a6-a6b803fd6604: start FollowerState
2019-10-14 09:11:18,822 [Thread-1326] INFO  impl.FollowerState (FollowerState.java:run(106)) - ae7f4960-f987-43f9-80f9-0ac0ab20aeef:group-CB7B554BB085 changes to CANDIDATE, lastRpcTime:1047, electionTimeout:1047ms
2019-10-14 09:11:18,822 [Thread-1326] INFO  impl.RoleInfo (RoleInfo.java:shutdownFollowerState(121)) - ae7f4960-f987-43f9-80f9-0ac0ab20aeef: shutdown FollowerState
2019-10-14 09:11:18,823 [Thread-1326] INFO  impl.RaftServerImpl (RaftServerImpl.java:setRole(174)) - ae7f4960-f987-43f9-80f9-0ac0ab20aeef@group-CB7B554BB085: changes role from  FOLLOWER to CANDIDATE at term 1 for changeToCandidate
2019-10-14 09:11:18,823 [Thread-1326] INFO  impl.RoleInfo (RoleInfo.java:updateAndGet(143)) - ae7f4960-f987-43f9-80f9-0ac0ab20aeef: start LeaderElection
2019-10-14 09:11:18,857 [Thread-1328] INFO  impl.FollowerState (FollowerState.java:run(106)) - b00e6ee9-b720-4122-89a6-a6b803fd6604:group-CB7B554BB085 changes to CANDIDATE, lastRpcTime:1072, electionTimeout:1072ms
2019-10-14 09:11:18,857 [Thread-1328] INFO  impl.RoleInfo (RoleInfo.java:shutdownFollowerState(121)) - b00e6ee9-b720-4122-89a6-a6b803fd6604: shutdown FollowerState
2019-10-14 09:11:18,857 [Thread-1328] INFO  impl.RaftServerImpl (RaftServerImpl.java:setRole(174)) - b00e6ee9-b720-4122-89a6-a6b803fd6604@group-CB7B554BB085: changes role from  FOLLOWER to CANDIDATE at term 1 for changeToCandidate
2019-10-14 09:11:18,857 [Thread-1328] INFO  impl.RoleInfo (RoleInfo.java:updateAndGet(143)) - b00e6ee9-b720-4122-89a6-a6b803fd6604: start LeaderElection
2019-10-14 09:11:18,866 [Thread-1327] INFO  impl.FollowerState (FollowerState.java:run(106)) - 501dc7b9-491d-40e1-8cdc-2c9c2160e0a9:group-CB7B554BB085 changes to CANDIDATE, lastRpcTime:1091, electionTimeout:1091ms
2019-10-14 09:11:18,866 [Thread-1327] INFO  impl.RoleInfo (RoleInfo.java:shutdownFollowerState(121)) - 501dc7b9-491d-40e1-8cdc-2c9c2160e0a9: shutdown FollowerState
2019-10-14 09:11:18,866 [Thread-1327] INFO  impl.RaftServerImpl (RaftServerImpl.java:setRole(174)) - 501dc7b9-491d-40e1-8cdc-2c9c2160e0a9@group-CB7B554BB085: changes role from  FOLLOWER to CANDIDATE at term 1 for changeToCandidate
2019-10-14 09:11:18,866 [Thread-1327] INFO  impl.RoleInfo (RoleInfo.java:updateAndGet(143)) - 501dc7b9-491d-40e1-8cdc-2c9c2160e0a9: start LeaderElection
2019-10-14 09:11:18,892 [d1f57701-3fd0-49df-bc3e-2994fc7249db@group-CEABDACBA137:LeaderElection54] INFO  impl.LeaderElection (LeaderElection.java:logAndReturn(56)) - d1f57701-3fd0-49df-bc3e-2994fc7249db@group-CEABDACBA137:LeaderElection54: Election TIMEOUT; received 1 response(s) [d1f57701-3fd0-49df-bc3e-2994fc7249db<-585f7a51-f4d3-431b-937d-1c786f624e2b#0:FAIL-t1] and 0 exception(s); d1f57701-3fd0-49df-bc3e-2994fc7249db@group-CEABDACBA137:t1, leader=null, voted=d1f57701-3fd0-49df-bc3e-2994fc7249db, raftlog=d1f57701-3fd0-49df-bc3e-2994fc7249db@group-CEABDACBA137-SegmentedRaftLog:OPENED:c-1,f-1,i0, conf=-1: [aabd13a9-38b1-453f-a600-f425fadd7a8e:192.168.164.214:36671, 585f7a51-f4d3-431b-937d-1c786f624e2b:192.168.164.214:35977, d1f57701-3fd0-49df-bc3e-2994fc7249db:192.168.164.214:43350], old=null
2019-10-14 09:11:18,952 [Thread-1256] INFO  container.ReplicationManager (ReplicationManager.java:start(163)) - Starting Replication Monitor Thread.
2019-10-14 09:11:18,957 [ReplicationMonitor] INFO  container.ReplicationManager (ReplicationManager.java:run(226)) - Replication Monitor Thread took 1 milliseconds for processing 1 containers.
2019-10-14 09:11:18,967 [585f7a51-f4d3-431b-937d-1c786f624e2b@group-CEABDACBA137:LeaderElection56] INFO  impl.LeaderElection (LeaderElection.java:logAndReturn(56)) - 585f7a51-f4d3-431b-937d-1c786f624e2b@group-CEABDACBA137:LeaderElection56: Election TIMEOUT; received 1 response(s) [585f7a51-f4d3-431b-937d-1c786f624e2b<-d1f57701-3fd0-49df-bc3e-2994fc7249db#0:FAIL-t1] and 0 exception(s); 585f7a51-f4d3-431b-937d-1c786f624e2b@group-CEABDACBA137:t1, leader=null, voted=585f7a51-f4d3-431b-937d-1c786f624e2b, raftlog=585f7a51-f4d3-431b-937d-1c786f624e2b@group-CEABDACBA137-SegmentedRaftLog:OPENED:c-1,f-1,i0, conf=-1: [aabd13a9-38b1-453f-a600-f425fadd7a8e:192.168.164.214:36671, 585f7a51-f4d3-431b-937d-1c786f624e2b:192.168.164.214:35977, d1f57701-3fd0-49df-bc3e-2994fc7249db:192.168.164.214:43350], old=null
2019-10-14 09:11:19,671 [aabd13a9-38b1-453f-a600-f425fadd7a8e@group-3B8003B14D19-SegmentedRaftLogWorker] INFO  segmented.SegmentedRaftLogWorker (SegmentedRaftLogWorker.java:execute(569)) - aabd13a9-38b1-453f-a600-f425fadd7a8e@group-3B8003B14D19-SegmentedRaftLogWorker: created new log segment /workdir/hadoop-ozone/integration-test/target/test-dir/MiniOzoneClusterImpl-7dc343c7-8e33-43f6-86ca-4a53fe0b4b94/datanode-3/data/ratis/ecd84ddf-5f87-4e76-9843-3b8003b14d19/current/log_inprogress_0
2019-10-14 09:11:21,187 [aabd13a9-38b1-453f-a600-f425fadd7a8e@group-CEABDACBA137:LeaderElection57] INFO  impl.LeaderElection (LeaderElection.java:askForVotes(182)) - aabd13a9-38b1-453f-a600-f425fadd7a8e@group-CEABDACBA137:LeaderElection57: begin an election at term 1 for -1: [aabd13a9-38b1-453f-a600-f425fadd7a8e:192.168.164.214:36671, 585f7a51-f4d3-431b-937d-1c786f624e2b:192.168.164.214:35977, d1f57701-3fd0-49df-bc3e-2994fc7249db:192.168.164.214:43350], old=null
2019-10-14 09:11:21,709 [501dc7b9-491d-40e1-8cdc-2c9c2160e0a9@group-CB7B554BB085:LeaderElection60] INFO  impl.LeaderElection (LeaderElection.java:askForVotes(182)) - 501dc7b9-491d-40e1-8cdc-2c9c2160e0a9@group-CB7B554BB085:LeaderElection60: begin an election at term 2 for -1: [ae7f4960-f987-43f9-80f9-0ac0ab20aeef:192.168.164.214:35598, b00e6ee9-b720-4122-89a6-a6b803fd6604:192.168.164.214:44320, 501dc7b9-491d-40e1-8cdc-2c9c2160e0a9:192.168.164.214:43146], old=null
2019-10-14 09:11:21,709 [ae7f4960-f987-43f9-80f9-0ac0ab20aeef@group-CB7B554BB085:LeaderElection58] INFO  impl.LeaderElection (LeaderElection.java:askForVotes(182)) - ae7f4960-f987-43f9-80f9-0ac0ab20aeef@group-CB7B554BB085:LeaderElection58: begin an election at term 2 for -1: [ae7f4960-f987-43f9-80f9-0ac0ab20aeef:192.168.164.214:35598, b00e6ee9-b720-4122-89a6-a6b803fd6604:192.168.164.214:44320, 501dc7b9-491d-40e1-8cdc-2c9c2160e0a9:192.168.164.214:43146], old=null
2019-10-14 09:11:21,709 [585f7a51-f4d3-431b-937d-1c786f624e2b@group-CEABDACBA137:LeaderElection56] INFO  impl.LeaderElection (LeaderElection.java:askForVotes(182)) - 585f7a51-f4d3-431b-937d-1c786f624e2b@group-CEABDACBA137:LeaderElection56: begin an election at term 2 for -1: [aabd13a9-38b1-453f-a600-f425fadd7a8e:192.168.164.214:36671, 585f7a51-f4d3-431b-937d-1c786f624e2b:192.168.164.214:35977, d1f57701-3fd0-49df-bc3e-2994fc7249db:192.168.164.214:43350], old=null
2019-10-14 09:11:21,709 [b00e6ee9-b720-4122-89a6-a6b803fd6604@group-CB7B554BB085:LeaderElection59] INFO  impl.LeaderElection (LeaderElection.java:askForVotes(182)) - b00e6ee9-b720-4122-89a6-a6b803fd6604@group-CB7B554BB085:LeaderElection59: begin an election at term 2 for -1: [ae7f4960-f987-43f9-80f9-0ac0ab20aeef:192.168.164.214:35598, b00e6ee9-b720-4122-89a6-a6b803fd6604:192.168.164.214:44320, 501dc7b9-491d-40e1-8cdc-2c9c2160e0a9:192.168.164.214:43146], old=null
2019-10-14 09:11:21,709 [d1f57701-3fd0-49df-bc3e-2994fc7249db@group-CEABDACBA137:LeaderElection54] INFO  impl.LeaderElection (LeaderElection.java:askForVotes(182)) - d1f57701-3fd0-49df-bc3e-2994fc7249db@group-CEABDACBA137:LeaderElection54: begin an election at term 2 for -1: [aabd13a9-38b1-453f-a600-f425fadd7a8e:192.168.164.214:36671, 585f7a51-f4d3-431b-937d-1c786f624e2b:192.168.164.214:35977, d1f57701-3fd0-49df-bc3e-2994fc7249db:192.168.164.214:43350], old=null
2019-10-14 09:11:21,711 [aabd13a9-38b1-453f-a600-f425fadd7a8e@group-CEABDACBA137:LeaderElection57] INFO  impl.LeaderElection (LeaderElection.java:logAndReturn(56)) - aabd13a9-38b1-453f-a600-f425fadd7a8e@group-CEABDACBA137:LeaderElection57: Election DISCOVERED_A_NEW_TERM; received 1 response(s) [aabd13a9-38b1-453f-a600-f425fadd7a8e<-585f7a51-f4d3-431b-937d-1c786f624e2b#0:FAIL-t2] and 0 exception(s); aabd13a9-38b1-453f-a600-f425fadd7a8e@group-CEABDACBA137:t1, leader=null, voted=aabd13a9-38b1-453f-a600-f425fadd7a8e, raftlog=aabd13a9-38b1-453f-a600-f425fadd7a8e@group-CEABDACBA137-SegmentedRaftLog:OPENED:c-1,f-1,i0, conf=-1: [aabd13a9-38b1-453f-a600-f425fadd7a8e:192.168.164.214:36671, 585f7a51-f4d3-431b-937d-1c786f624e2b:192.168.164.214:35977, d1f57701-3fd0-49df-bc3e-2994fc7249db:192.168.164.214:43350], old=null
2019-10-14 09:11:21,712 [aabd13a9-38b1-453f-a600-f425fadd7a8e@group-CEABDACBA137:LeaderElection57] INFO  impl.RaftServerImpl (RaftServerImpl.java:setRole(174)) - aabd13a9-38b1-453f-a600-f425fadd7a8e@group-CEABDACBA137: changes role from CANDIDATE to FOLLOWER at term 2 for DISCOVERED_A_NEW_TERM
2019-10-14 09:11:21,712 [aabd13a9-38b1-453f-a600-f425fadd7a8e@group-CEABDACBA137:LeaderElection57] INFO  impl.RoleInfo (RoleInfo.java:shutdownLeaderElection(134)) - aabd13a9-38b1-453f-a600-f425fadd7a8e: shutdown LeaderElection
2019-10-14 09:11:21,712 [aabd13a9-38b1-453f-a600-f425fadd7a8e@group-CEABDACBA137:LeaderElection57] INFO  impl.RoleInfo (RoleInfo.java:updateAndGet(143)) - aabd13a9-38b1-453f-a600-f425fadd7a8e: start FollowerState
2019-10-14 09:11:21,715 [501dc7b9-491d-40e1-8cdc-2c9c2160e0a9@group-CB7B554BB085:LeaderElection60] INFO  impl.LeaderElection (LeaderElection.java:logAndReturn(56)) - 501dc7b9-491d-40e1-8cdc-2c9c2160e0a9@group-CB7B554BB085:LeaderElection60: Election REJECTED; received 2 response(s) [501dc7b9-491d-40e1-8cdc-2c9c2160e0a9<-ae7f4960-f987-43f9-80f9-0ac0ab20aeef#0:FAIL-t2, 501dc7b9-491d-40e1-8cdc-2c9c2160e0a9<-b00e6ee9-b720-4122-89a6-a6b803fd6604#0:FAIL-t2] and 0 exception(s); 501dc7b9-491d-40e1-8cdc-2c9c2160e0a9@group-CB7B554BB085:t2, leader=null, voted=501dc7b9-491d-40e1-8cdc-2c9c2160e0a9, raftlog=501dc7b9-491d-40e1-8cdc-2c9c2160e0a9@group-CB7B554BB085-SegmentedRaftLog:OPENED:c-1,f-1,i0, conf=-1: [ae7f4960-f987-43f9-80f9-0ac0ab20aeef:192.168.164.214:35598, b00e6ee9-b720-4122-89a6-a6b803fd6604:192.168.164.214:44320, 501dc7b9-491d-40e1-8cdc-2c9c2160e0a9:192.168.164.214:43146], old=null
2019-10-14 09:11:21,716 [501dc7b9-491d-40e1-8cdc-2c9c2160e0a9@group-CB7B554BB085:LeaderElection60] INFO  impl.RaftServerImpl (RaftServerImpl.java:setRole(174)) - 501dc7b9-491d-40e1-8cdc-2c9c2160e0a9@group-CB7B554BB085: changes role from CANDIDATE to FOLLOWER at term 2 for DISCOVERED_A_NEW_TERM
2019-10-14 09:11:21,716 [501dc7b9-491d-40e1-8cdc-2c9c2160e0a9@group-CB7B554BB085:LeaderElection60] INFO  impl.RoleInfo (RoleInfo.java:shutdownLeaderElection(134)) - 501dc7b9-491d-40e1-8cdc-2c9c2160e0a9: shutdown LeaderElection
2019-10-14 09:11:21,716 [501dc7b9-491d-40e1-8cdc-2c9c2160e0a9@group-CB7B554BB085:LeaderElection60] INFO  impl.RoleInfo (RoleInfo.java:updateAndGet(143)) - 501dc7b9-491d-40e1-8cdc-2c9c2160e0a9: start FollowerState
2019-10-14 09:11:21,716 [ae7f4960-f987-43f9-80f9-0ac0ab20aeef@group-CB7B554BB085:LeaderElection58] INFO  impl.LeaderElection (LeaderElection.java:logAndReturn(56)) - ae7f4960-f987-43f9-80f9-0ac0ab20aeef@group-CB7B554BB085:LeaderElection58: Election REJECTED; received 2 response(s) [ae7f4960-f987-43f9-80f9-0ac0ab20aeef<-b00e6ee9-b720-4122-89a6-a6b803fd6604#0:FAIL-t2, ae7f4960-f987-43f9-80f9-0ac0ab20aeef<-501dc7b9-491d-40e1-8cdc-2c9c2160e0a9#0:FAIL-t2] and 0 exception(s); ae7f4960-f987-43f9-80f9-0ac0ab20aeef@group-CB7B554BB085:t2, leader=null, voted=ae7f4960-f987-43f9-80f9-0ac0ab20aeef, raftlog=ae7f4960-f987-43f9-80f9-0ac0ab20aeef@group-CB7B554BB085-SegmentedRaftLog:OPENED:c-1,f-1,i0, conf=-1: [ae7f4960-f987-43f9-80f9-0ac0ab20aeef:192.168.164.214:35598, b00e6ee9-b720-4122-89a6-a6b803fd6604:192.168.164.214:44320, 501dc7b9-491d-40e1-8cdc-2c9c2160e0a9:192.168.164.214:43146], old=null
2019-10-14 09:11:21,716 [b00e6ee9-b720-4122-89a6-a6b803fd6604@group-CB7B554BB085:LeaderElection59] INFO  impl.LeaderElection (LeaderElection.java:logAndReturn(56)) - b00e6ee9-b720-4122-89a6-a6b803fd6604@group-CB7B554BB085:LeaderElection59: Election REJECTED; received 2 response(s) [b00e6ee9-b720-4122-89a6-a6b803fd6604<-ae7f4960-f987-43f9-80f9-0ac0ab20aeef#0:FAIL-t2, b00e6ee9-b720-4122-89a6-a6b803fd6604<-501dc7b9-491d-40e1-8cdc-2c9c2160e0a9#0:FAIL-t2] and 0 exception(s); b00e6ee9-b720-4122-89a6-a6b803fd6604@group-CB7B554BB085:t2, leader=null, voted=b00e6ee9-b720-4122-89a6-a6b803fd6604, raftlog=b00e6ee9-b720-4122-89a6-a6b803fd6604@group-CB7B554BB085-SegmentedRaftLog:OPENED:c-1,f-1,i0, conf=-1: [ae7f4960-f987-43f9-80f9-0ac0ab20aeef:192.168.164.214:35598, b00e6ee9-b720-4122-89a6-a6b803fd6604:192.168.164.214:44320, 501dc7b9-491d-40e1-8cdc-2c9c2160e0a9:192.168.164.214:43146], old=null
2019-10-14 09:11:21,716 [ae7f4960-f987-43f9-80f9-0ac0ab20aeef@group-CB7B554BB085:LeaderElection58] INFO  impl.RaftServerImpl (RaftServerImpl.java:setRole(174)) - ae7f4960-f987-43f9-80f9-0ac0ab20aeef@group-CB7B554BB085: changes role from CANDIDATE to FOLLOWER at term 2 for DISCOVERED_A_NEW_TERM
2019-10-14 09:11:21,716 [b00e6ee9-b720-4122-89a6-a6b803fd6604@group-CB7B554BB085:LeaderElection59] INFO  impl.RaftServerImpl (RaftServerImpl.java:setRole(174)) - b00e6ee9-b720-4122-89a6-a6b803fd6604@group-CB7B554BB085: changes role from CANDIDATE to FOLLOWER at term 2 for DISCOVERED_A_NEW_TERM
2019-10-14 09:11:21,717 [ae7f4960-f987-43f9-80f9-0ac0ab20aeef@group-CB7B554BB085:LeaderElection58] INFO  impl.RoleInfo (RoleInfo.java:shutdownLeaderElection(134)) - ae7f4960-f987-43f9-80f9-0ac0ab20aeef: shutdown LeaderElection
2019-10-14 09:11:21,717 [b00e6ee9-b720-4122-89a6-a6b803fd6604@group-CB7B554BB085:LeaderElection59] INFO  impl.RoleInfo (RoleInfo.java:shutdownLeaderElection(134)) - b00e6ee9-b720-4122-89a6-a6b803fd6604: shutdown LeaderElection
2019-10-14 09:11:21,717 [ae7f4960-f987-43f9-80f9-0ac0ab20aeef@group-CB7B554BB085:LeaderElection58] INFO  impl.RoleInfo (RoleInfo.java:updateAndGet(143)) - ae7f4960-f987-43f9-80f9-0ac0ab20aeef: start FollowerState
2019-10-14 09:11:21,717 [b00e6ee9-b720-4122-89a6-a6b803fd6604@group-CB7B554BB085:LeaderElection59] INFO  impl.RoleInfo (RoleInfo.java:updateAndGet(143)) - b00e6ee9-b720-4122-89a6-a6b803fd6604: start FollowerState
2019-10-14 09:11:22,676 [grpc-default-executor-3] INFO  impl.RaftServerImpl (RaftServerImpl.java:setRole(174)) - aabd13a9-38b1-453f-a600-f425fadd7a8e@group-CEABDACBA137: changes role from  FOLLOWER to FOLLOWER at term 2 for recognizeCandidate:d1f57701-3fd0-49df-bc3e-2994fc7249db
2019-10-14 09:11:22,676 [grpc-default-executor-3] INFO  impl.RoleInfo (RoleInfo.java:shutdownFollowerState(121)) - aabd13a9-38b1-453f-a600-f425fadd7a8e: shutdown FollowerState
2019-10-14 09:11:22,677 [grpc-default-executor-3] INFO  impl.RoleInfo (RoleInfo.java:updateAndGet(143)) - aabd13a9-38b1-453f-a600-f425fadd7a8e: start FollowerState
2019-10-14 09:11:22,677 [Thread-1353] INFO  impl.FollowerState (FollowerState.java:run(115)) - aabd13a9-38b1-453f-a600-f425fadd7a8e: FollowerState was interrupted: java.lang.InterruptedException: sleep interrupted
2019-10-14 09:11:22,749 [Thread-1354] INFO  impl.FollowerState (FollowerState.java:run(106)) - 501dc7b9-491d-40e1-8cdc-2c9c2160e0a9:group-CB7B554BB085 changes to CANDIDATE, lastRpcTime:1033, electionTimeout:1033ms
2019-10-14 09:11:22,750 [Thread-1354] INFO  impl.RoleInfo (RoleInfo.java:shutdownFollowerState(121)) - 501dc7b9-491d-40e1-8cdc-2c9c2160e0a9: shutdown FollowerState
2019-10-14 09:11:22,750 [Thread-1354] INFO  impl.RaftServerImpl (RaftServerImpl.java:setRole(174)) - 501dc7b9-491d-40e1-8cdc-2c9c2160e0a9@group-CB7B554BB085: changes role from  FOLLOWER to CANDIDATE at term 2 for changeToCandidate
2019-10-14 09:11:22,750 [Thread-1354] INFO  impl.RoleInfo (RoleInfo.java:updateAndGet(143)) - 501dc7b9-491d-40e1-8cdc-2c9c2160e0a9: start LeaderElection
2019-10-14 09:11:22,784 [585f7a51-f4d3-431b-937d-1c786f624e2b@group-CEABDACBA137:LeaderElection56] INFO  impl.LeaderElection (LeaderElection.java:logAndReturn(56)) - 585f7a51-f4d3-431b-937d-1c786f624e2b@group-CEABDACBA137:LeaderElection56: Election TIMEOUT; received 1 response(s) [585f7a51-f4d3-431b-937d-1c786f624e2b<-d1f57701-3fd0-49df-bc3e-2994fc7249db#0:FAIL-t2] and 0 exception(s); 585f7a51-f4d3-431b-937d-1c786f624e2b@group-CEABDACBA137:t2, leader=null, voted=585f7a51-f4d3-431b-937d-1c786f624e2b, raftlog=585f7a51-f4d3-431b-937d-1c786f624e2b@group-CEABDACBA137-SegmentedRaftLog:OPENED:c-1,f-1,i0, conf=-1: [aabd13a9-38b1-453f-a600-f425fadd7a8e:192.168.164.214:36671, 585f7a51-f4d3-431b-937d-1c786f624e2b:192.168.164.214:35977, d1f57701-3fd0-49df-bc3e-2994fc7249db:192.168.164.214:43350], old=null
2019-10-14 09:11:22,805 [Thread-1356] INFO  impl.FollowerState (FollowerState.java:run(106)) - b00e6ee9-b720-4122-89a6-a6b803fd6604:group-CB7B554BB085 changes to CANDIDATE, lastRpcTime:1087, electionTimeout:1087ms
2019-10-14 09:11:22,805 [Thread-1356] INFO  impl.RoleInfo (RoleInfo.java:shutdownFollowerState(121)) - b00e6ee9-b720-4122-89a6-a6b803fd6604: shutdown FollowerState
2019-10-14 09:11:22,805 [Thread-1356] INFO  impl.RaftServerImpl (RaftServerImpl.java:setRole(174)) - b00e6ee9-b720-4122-89a6-a6b803fd6604@group-CB7B554BB085: changes role from  FOLLOWER to CANDIDATE at term 2 for changeToCandidate
2019-10-14 09:11:22,805 [Thread-1356] INFO  impl.RoleInfo (RoleInfo.java:updateAndGet(143)) - b00e6ee9-b720-4122-89a6-a6b803fd6604: start LeaderElection
2019-10-14 09:11:22,828 [Thread-1355] INFO  impl.FollowerState (FollowerState.java:run(106)) - ae7f4960-f987-43f9-80f9-0ac0ab20aeef:group-CB7B554BB085 changes to CANDIDATE, lastRpcTime:1110, electionTimeout:1110ms
2019-10-14 09:11:22,828 [Thread-1355] INFO  impl.RoleInfo (RoleInfo.java:shutdownFollowerState(121)) - ae7f4960-f987-43f9-80f9-0ac0ab20aeef: shutdown FollowerState
2019-10-14 09:11:22,828 [Thread-1355] INFO  impl.RaftServerImpl (RaftServerImpl.java:setRole(174)) - ae7f4960-f987-43f9-80f9-0ac0ab20aeef@group-CB7B554BB085: changes role from  FOLLOWER to CANDIDATE at term 2 for changeToCandidate
2019-10-14 09:11:22,828 [Thread-1355] INFO  impl.RoleInfo (RoleInfo.java:updateAndGet(143)) - ae7f4960-f987-43f9-80f9-0ac0ab20aeef: start LeaderElection
2019-10-14 09:11:22,912 [d1f57701-3fd0-49df-bc3e-2994fc7249db@group-CEABDACBA137:LeaderElection54] INFO  impl.LeaderElection (LeaderElection.java:logAndReturn(56)) - d1f57701-3fd0-49df-bc3e-2994fc7249db@group-CEABDACBA137:LeaderElection54: Election TIMEOUT; received 1 response(s) [d1f57701-3fd0-49df-bc3e-2994fc7249db<-585f7a51-f4d3-431b-937d-1c786f624e2b#0:FAIL-t2] and 0 exception(s); d1f57701-3fd0-49df-bc3e-2994fc7249db@group-CEABDACBA137:t2, leader=null, voted=d1f57701-3fd0-49df-bc3e-2994fc7249db, raftlog=d1f57701-3fd0-49df-bc3e-2994fc7249db@group-CEABDACBA137-SegmentedRaftLog:OPENED:c-1,f-1,i0, conf=-1: [aabd13a9-38b1-453f-a600-f425fadd7a8e:192.168.164.214:36671, 585f7a51-f4d3-431b-937d-1c786f624e2b:192.168.164.214:35977, d1f57701-3fd0-49df-bc3e-2994fc7249db:192.168.164.214:43350], old=null
2019-10-14 09:11:25,518 [Thread-1359] INFO  impl.FollowerState (FollowerState.java:run(106)) - aabd13a9-38b1-453f-a600-f425fadd7a8e:group-CEABDACBA137 changes to CANDIDATE, lastRpcTime:2841, electionTimeout:1055ms
2019-10-14 09:11:25,519 [ae7f4960-f987-43f9-80f9-0ac0ab20aeef@group-CB7B554BB085:LeaderElection63] INFO  impl.LeaderElection (LeaderElection.java:askForVotes(182)) - ae7f4960-f987-43f9-80f9-0ac0ab20aeef@group-CB7B554BB085:LeaderElection63: begin an election at term 3 for -1: [ae7f4960-f987-43f9-80f9-0ac0ab20aeef:192.168.164.214:35598, b00e6ee9-b720-4122-89a6-a6b803fd6604:192.168.164.214:44320, 501dc7b9-491d-40e1-8cdc-2c9c2160e0a9:192.168.164.214:43146], old=null
2019-10-14 09:11:25,519 [Thread-1359] INFO  impl.RoleInfo (RoleInfo.java:shutdownFollowerState(121)) - aabd13a9-38b1-453f-a600-f425fadd7a8e: shutdown FollowerState
2019-10-14 09:11:25,519 [d1f57701-3fd0-49df-bc3e-2994fc7249db@group-CEABDACBA137:LeaderElection54] INFO  impl.LeaderElection (LeaderElection.java:askForVotes(182)) - d1f57701-3fd0-49df-bc3e-2994fc7249db@group-CEABDACBA137:LeaderElection54: begin an election at term 3 for -1: [aabd13a9-38b1-453f-a600-f425fadd7a8e:192.168.164.214:36671, 585f7a51-f4d3-431b-937d-1c786f624e2b:192.168.164.214:35977, d1f57701-3fd0-49df-bc3e-2994fc7249db:192.168.164.214:43350], old=null
2019-10-14 09:11:25,519 [501dc7b9-491d-40e1-8cdc-2c9c2160e0a9@group-CB7B554BB085:LeaderElection61] INFO  impl.LeaderElection (LeaderElection.java:askForVotes(182)) - 501dc7b9-491d-40e1-8cdc-2c9c2160e0a9@group-CB7B554BB085:LeaderElection61: begin an election at term 3 for -1: [ae7f4960-f987-43f9-80f9-0ac0ab20aeef:192.168.164.214:35598, b00e6ee9-b720-4122-89a6-a6b803fd6604:192.168.164.214:44320, 501dc7b9-491d-40e1-8cdc-2c9c2160e0a9:192.168.164.214:43146], old=null
2019-10-14 09:11:25,519 [b00e6ee9-b720-4122-89a6-a6b803fd6604@group-CB7B554BB085:LeaderElection62] INFO  impl.LeaderElection (LeaderElection.java:askForVotes(182)) - b00e6ee9-b720-4122-89a6-a6b803fd6604@group-CB7B554BB085:LeaderElection62: begin an election at term 3 for -1: [ae7f4960-f987-43f9-80f9-0ac0ab20aeef:192.168.164.214:35598, b00e6ee9-b720-4122-89a6-a6b803fd6604:192.168.164.214:44320, 501dc7b9-491d-40e1-8cdc-2c9c2160e0a9:192.168.164.214:43146], old=null
2019-10-14 09:11:25,519 [585f7a51-f4d3-431b-937d-1c786f624e2b@group-CEABDACBA137:LeaderElection56] INFO  impl.LeaderElection (LeaderElection.java:askForVotes(182)) - 585f7a51-f4d3-431b-937d-1c786f624e2b@group-CEABDACBA137:LeaderElection56: begin an election at term 3 for -1: [aabd13a9-38b1-453f-a600-f425fadd7a8e:192.168.164.214:36671, 585f7a51-f4d3-431b-937d-1c786f624e2b:192.168.164.214:35977, d1f57701-3fd0-49df-bc3e-2994fc7249db:192.168.164.214:43350], old=null
2019-10-14 09:11:25,520 [Thread-1359] INFO  impl.RaftServerImpl (RaftServerImpl.java:setRole(174)) - aabd13a9-38b1-453f-a600-f425fadd7a8e@group-CEABDACBA137: changes role from  FOLLOWER to CANDIDATE at term 2 for changeToCandidate
2019-10-14 09:11:25,521 [Thread-1359] INFO  impl.RoleInfo (RoleInfo.java:updateAndGet(143)) - aabd13a9-38b1-453f-a600-f425fadd7a8e: start LeaderElection
2019-10-14 09:11:25,529 [b00e6ee9-b720-4122-89a6-a6b803fd6604@group-CB7B554BB085:LeaderElection62] INFO  impl.LeaderElection (LeaderElection.java:logAndReturn(56)) - b00e6ee9-b720-4122-89a6-a6b803fd6604@group-CB7B554BB085:LeaderElection62: Election REJECTED; received 2 response(s) [b00e6ee9-b720-4122-89a6-a6b803fd6604<-ae7f4960-f987-43f9-80f9-0ac0ab20aeef#0:FAIL-t3, b00e6ee9-b720-4122-89a6-a6b803fd6604<-501dc7b9-491d-40e1-8cdc-2c9c2160e0a9#0:FAIL-t3] and 0 exception(s); b00e6ee9-b720-4122-89a6-a6b803fd6604@group-CB7B554BB085:t3, leader=null, voted=b00e6ee9-b720-4122-89a6-a6b803fd6604, raftlog=b00e6ee9-b720-4122-89a6-a6b803fd6604@group-CB7B554BB085-SegmentedRaftLog:OPENED:c-1,f-1,i0, conf=-1: [ae7f4960-f987-43f9-80f9-0ac0ab20aeef:192.168.164.214:35598, b00e6ee9-b720-4122-89a6-a6b803fd6604:192.168.164.214:44320, 501dc7b9-491d-40e1-8cdc-2c9c2160e0a9:192.168.164.214:43146], old=null
2019-10-14 09:11:25,530 [b00e6ee9-b720-4122-89a6-a6b803fd6604@group-CB7B554BB085:LeaderElection62] INFO  impl.RaftServerImpl (RaftServerImpl.java:setRole(174)) - b00e6ee9-b720-4122-89a6-a6b803fd6604@group-CB7B554BB085: changes role from CANDIDATE to FOLLOWER at term 3 for DISCOVERED_A_NEW_TERM
2019-10-14 09:11:25,530 [b00e6ee9-b720-4122-89a6-a6b803fd6604@group-CB7B554BB085:LeaderElection62] INFO  impl.RoleInfo (RoleInfo.java:shutdownLeaderElection(134)) - b00e6ee9-b720-4122-89a6-a6b803fd6604: shutdown LeaderElection
2019-10-14 09:11:25,530 [b00e6ee9-b720-4122-89a6-a6b803fd6604@group-CB7B554BB085:LeaderElection62] INFO  impl.RoleInfo (RoleInfo.java:updateAndGet(143)) - b00e6ee9-b720-4122-89a6-a6b803fd6604: start FollowerState
2019-10-14 09:11:25,530 [ae7f4960-f987-43f9-80f9-0ac0ab20aeef@group-CB7B554BB085:LeaderElection63] INFO  impl.LeaderElection (LeaderElection.java:logAndReturn(56)) - ae7f4960-f987-43f9-80f9-0ac0ab20aeef@group-CB7B554BB085:LeaderElection63: Election REJECTED; received 2 response(s) [ae7f4960-f987-43f9-80f9-0ac0ab20aeef<-b00e6ee9-b720-4122-89a6-a6b803fd6604#0:FAIL-t3, ae7f4960-f987-43f9-80f9-0ac0ab20aeef<-501dc7b9-491d-40e1-8cdc-2c9c2160e0a9#0:FAIL-t3] and 0 exception(s); ae7f4960-f987-43f9-80f9-0ac0ab20aeef@group-CB7B554BB085:t3, leader=null, voted=ae7f4960-f987-43f9-80f9-0ac0ab20aeef, raftlog=ae7f4960-f987-43f9-80f9-0ac0ab20aeef@group-CB7B554BB085-SegmentedRaftLog:OPENED:c-1,f-1,i0, conf=-1: [ae7f4960-f987-43f9-80f9-0ac0ab20aeef:192.168.164.214:35598, b00e6ee9-b720-4122-89a6-a6b803fd6604:192.168.164.214:44320, 501dc7b9-491d-40e1-8cdc-2c9c2160e0a9:192.168.164.214:43146], old=null
2019-10-14 09:11:25,531 [ae7f4960-f987-43f9-80f9-0ac0ab20aeef@group-CB7B554BB085:LeaderElection63] INFO  impl.RaftServerImpl (RaftServerImpl.java:setRole(174)) - ae7f4960-f987-43f9-80f9-0ac0ab20aeef@group-CB7B554BB085: changes role from CANDIDATE to FOLLOWER at term 3 for DISCOVERED_A_NEW_TERM
2019-10-14 09:11:25,531 [ae7f4960-f987-43f9-80f9-0ac0ab20aeef@group-CB7B554BB085:LeaderElection63] INFO  impl.RoleInfo (RoleInfo.java:shutdownLeaderElection(134)) - ae7f4960-f987-43f9-80f9-0ac0ab20aeef: shutdown LeaderElection
2019-10-14 09:11:25,531 [501dc7b9-491d-40e1-8cdc-2c9c2160e0a9@group-CB7B554BB085:LeaderElection61] INFO  impl.LeaderElection (LeaderElection.java:logAndReturn(56)) - 501dc7b9-491d-40e1-8cdc-2c9c2160e0a9@group-CB7B554BB085:LeaderElection61: Election REJECTED; received 2 response(s) [501dc7b9-491d-40e1-8cdc-2c9c2160e0a9<-ae7f4960-f987-43f9-80f9-0ac0ab20aeef#0:FAIL-t3, 501dc7b9-491d-40e1-8cdc-2c9c2160e0a9<-b00e6ee9-b720-4122-89a6-a6b803fd6604#0:FAIL-t3] and 0 exception(s); 501dc7b9-491d-40e1-8cdc-2c9c2160e0a9@group-CB7B554BB085:t3, leader=null, voted=501dc7b9-491d-40e1-8cdc-2c9c2160e0a9, raftlog=501dc7b9-491d-40e1-8cdc-2c9c2160e0a9@group-CB7B554BB085-SegmentedRaftLog:OPENED:c-1,f-1,i0, conf=-1: [ae7f4960-f987-43f9-80f9-0ac0ab20aeef:192.168.164.214:35598, b00e6ee9-b720-4122-89a6-a6b803fd6604:192.168.164.214:44320, 501dc7b9-491d-40e1-8cdc-2c9c2160e0a9:192.168.164.214:43146], old=null
2019-10-14 09:11:25,531 [ae7f4960-f987-43f9-80f9-0ac0ab20aeef@group-CB7B554BB085:LeaderElection63] INFO  impl.RoleInfo (RoleInfo.java:updateAndGet(143)) - ae7f4960-f987-43f9-80f9-0ac0ab20aeef: start FollowerState
2019-10-14 09:11:25,531 [501dc7b9-491d-40e1-8cdc-2c9c2160e0a9@group-CB7B554BB085:LeaderElection61] INFO  impl.RaftServerImpl (RaftServerImpl.java:setRole(174)) - 501dc7b9-491d-40e1-8cdc-2c9c2160e0a9@group-CB7B554BB085: changes role from CANDIDATE to FOLLOWER at term 3 for DISCOVERED_A_NEW_TERM
2019-10-14 09:11:25,531 [501dc7b9-491d-40e1-8cdc-2c9c2160e0a9@group-CB7B554BB085:LeaderElection61] INFO  impl.RoleInfo (RoleInfo.java:shutdownLeaderElection(134)) - 501dc7b9-491d-40e1-8cdc-2c9c2160e0a9: shutdown LeaderElection
2019-10-14 09:11:25,532 [501dc7b9-491d-40e1-8cdc-2c9c2160e0a9@group-CB7B554BB085:LeaderElection61] INFO  impl.RoleInfo (RoleInfo.java:updateAndGet(143)) - 501dc7b9-491d-40e1-8cdc-2c9c2160e0a9: start FollowerState
2019-10-14 09:11:25,614 [aabd13a9-38b1-453f-a600-f425fadd7a8e@group-CEABDACBA137:LeaderElection64] INFO  impl.LeaderElection (LeaderElection.java:askForVotes(182)) - aabd13a9-38b1-453f-a600-f425fadd7a8e@group-CEABDACBA137:LeaderElection64: begin an election at term 3 for -1: [aabd13a9-38b1-453f-a600-f425fadd7a8e:192.168.164.214:36671, 585f7a51-f4d3-431b-937d-1c786f624e2b:192.168.164.214:35977, d1f57701-3fd0-49df-bc3e-2994fc7249db:192.168.164.214:43350], old=null
2019-10-14 09:11:25,615 [585f7a51-f4d3-431b-937d-1c786f624e2b@group-CEABDACBA137:LeaderElection56] INFO  impl.LeaderElection (LeaderElection.java:logAndReturn(56)) - 585f7a51-f4d3-431b-937d-1c786f624e2b@group-CEABDACBA137:LeaderElection56: Election REJECTED; received 2 response(s) [585f7a51-f4d3-431b-937d-1c786f624e2b<-aabd13a9-38b1-453f-a600-f425fadd7a8e#0:FAIL-t3, 585f7a51-f4d3-431b-937d-1c786f624e2b<-d1f57701-3fd0-49df-bc3e-2994fc7249db#0:FAIL-t3] and 0 exception(s); 585f7a51-f4d3-431b-937d-1c786f624e2b@group-CEABDACBA137:t3, leader=null, voted=585f7a51-f4d3-431b-937d-1c786f624e2b, raftlog=585f7a51-f4d3-431b-937d-1c786f624e2b@group-CEABDACBA137-SegmentedRaftLog:OPENED:c-1,f-1,i0, conf=-1: [aabd13a9-38b1-453f-a600-f425fadd7a8e:192.168.164.214:36671, 585f7a51-f4d3-431b-937d-1c786f624e2b:192.168.164.214:35977, d1f57701-3fd0-49df-bc3e-2994fc7249db:192.168.164.214:43350], old=null
2019-10-14 09:11:25,615 [585f7a51-f4d3-431b-937d-1c786f624e2b@group-CEABDACBA137:LeaderElection56] INFO  impl.RaftServerImpl (RaftServerImpl.java:setRole(174)) - 585f7a51-f4d3-431b-937d-1c786f624e2b@group-CEABDACBA137: changes role from CANDIDATE to FOLLOWER at term 3 for DISCOVERED_A_NEW_TERM
2019-10-14 09:11:25,615 [585f7a51-f4d3-431b-937d-1c786f624e2b@group-CEABDACBA137:LeaderElection56] INFO  impl.RoleInfo (RoleInfo.java:shutdownLeaderElection(134)) - 585f7a51-f4d3-431b-937d-1c786f624e2b: shutdown LeaderElection
2019-10-14 09:11:25,615 [d1f57701-3fd0-49df-bc3e-2994fc7249db@group-CEABDACBA137:LeaderElection54] INFO  impl.LeaderElection (LeaderElection.java:logAndReturn(56)) - d1f57701-3fd0-49df-bc3e-2994fc7249db@group-CEABDACBA137:LeaderElection54: Election REJECTED; received 2 response(s) [d1f57701-3fd0-49df-bc3e-2994fc7249db<-aabd13a9-38b1-453f-a600-f425fadd7a8e#0:FAIL-t3, d1f57701-3fd0-49df-bc3e-2994fc7249db<-585f7a51-f4d3-431b-937d-1c786f624e2b#0:FAIL-t3] and 0 exception(s); d1f57701-3fd0-49df-bc3e-2994fc7249db@group-CEABDACBA137:t3, leader=null, voted=d1f57701-3fd0-49df-bc3e-2994fc7249db, raftlog=d1f57701-3fd0-49df-bc3e-2994fc7249db@group-CEABDACBA137-SegmentedRaftLog:OPENED:c-1,f-1,i0, conf=-1: [aabd13a9-38b1-453f-a600-f425fadd7a8e:192.168.164.214:36671, 585f7a51-f4d3-431b-937d-1c786f624e2b:192.168.164.214:35977, d1f57701-3fd0-49df-bc3e-2994fc7249db:192.168.164.214:43350], old=null
2019-10-14 09:11:25,616 [585f7a51-f4d3-431b-937d-1c786f624e2b@group-CEABDACBA137:LeaderElection56] INFO  impl.RoleInfo (RoleInfo.java:updateAndGet(143)) - 585f7a51-f4d3-431b-937d-1c786f624e2b: start FollowerState
2019-10-14 09:11:25,616 [d1f57701-3fd0-49df-bc3e-2994fc7249db@group-CEABDACBA137:LeaderElection54] INFO  impl.RaftServerImpl (RaftServerImpl.java:setRole(174)) - d1f57701-3fd0-49df-bc3e-2994fc7249db@group-CEABDACBA137: changes role from CANDIDATE to FOLLOWER at term 3 for DISCOVERED_A_NEW_TERM
2019-10-14 09:11:25,617 [d1f57701-3fd0-49df-bc3e-2994fc7249db@group-CEABDACBA137:LeaderElection54] INFO  impl.RoleInfo (RoleInfo.java:shutdownLeaderElection(134)) - d1f57701-3fd0-49df-bc3e-2994fc7249db: shutdown LeaderElection
2019-10-14 09:11:25,617 [d1f57701-3fd0-49df-bc3e-2994fc7249db@group-CEABDACBA137:LeaderElection54] INFO  impl.RoleInfo (RoleInfo.java:updateAndGet(143)) - d1f57701-3fd0-49df-bc3e-2994fc7249db: start FollowerState
2019-10-14 09:11:25,620 [aabd13a9-38b1-453f-a600-f425fadd7a8e@group-CEABDACBA137:LeaderElection64] INFO  impl.LeaderElection (LeaderElection.java:logAndReturn(56)) - aabd13a9-38b1-453f-a600-f425fadd7a8e@group-CEABDACBA137:LeaderElection64: Election REJECTED; received 2 response(s) [aabd13a9-38b1-453f-a600-f425fadd7a8e<-585f7a51-f4d3-431b-937d-1c786f624e2b#0:FAIL-t3, aabd13a9-38b1-453f-a600-f425fadd7a8e<-d1f57701-3fd0-49df-bc3e-2994fc7249db#0:FAIL-t3] and 0 exception(s); aabd13a9-38b1-453f-a600-f425fadd7a8e@group-CEABDACBA137:t3, leader=null, voted=aabd13a9-38b1-453f-a600-f425fadd7a8e, raftlog=aabd13a9-38b1-453f-a600-f425fadd7a8e@group-CEABDACBA137-SegmentedRaftLog:OPENED:c-1,f-1,i0, conf=-1: [aabd13a9-38b1-453f-a600-f425fadd7a8e:192.168.164.214:36671, 585f7a51-f4d3-431b-937d-1c786f624e2b:192.168.164.214:35977, d1f57701-3fd0-49df-bc3e-2994fc7249db:192.168.164.214:43350], old=null
2019-10-14 09:11:25,620 [aabd13a9-38b1-453f-a600-f425fadd7a8e@group-CEABDACBA137:LeaderElection64] INFO  impl.RaftServerImpl (RaftServerImpl.java:setRole(174)) - aabd13a9-38b1-453f-a600-f425fadd7a8e@group-CEABDACBA137: changes role from CANDIDATE to FOLLOWER at term 3 for DISCOVERED_A_NEW_TERM
2019-10-14 09:11:25,621 [aabd13a9-38b1-453f-a600-f425fadd7a8e@group-CEABDACBA137:LeaderElection64] INFO  impl.RoleInfo (RoleInfo.java:shutdownLeaderElection(134)) - aabd13a9-38b1-453f-a600-f425fadd7a8e: shutdown LeaderElection
2019-10-14 09:11:25,621 [aabd13a9-38b1-453f-a600-f425fadd7a8e@group-CEABDACBA137:LeaderElection64] INFO  impl.RoleInfo (RoleInfo.java:updateAndGet(143)) - aabd13a9-38b1-453f-a600-f425fadd7a8e: start FollowerState
2019-10-14 09:11:26,625 [Thread-1378] INFO  impl.FollowerState (FollowerState.java:run(106)) - b00e6ee9-b720-4122-89a6-a6b803fd6604:group-CB7B554BB085 changes to CANDIDATE, lastRpcTime:1094, electionTimeout:1094ms
2019-10-14 09:11:26,625 [Thread-1378] INFO  impl.RoleInfo (RoleInfo.java:shutdownFollowerState(121)) - b00e6ee9-b720-4122-89a6-a6b803fd6604: shutdown FollowerState
2019-10-14 09:11:26,625 [Thread-1378] INFO  impl.RaftServerImpl (RaftServerImpl.java:setRole(174)) - b00e6ee9-b720-4122-89a6-a6b803fd6604@group-CB7B554BB085: changes role from  FOLLOWER to CANDIDATE at term 3 for changeToCandidate
2019-10-14 09:11:26,626 [Thread-1378] INFO  impl.RoleInfo (RoleInfo.java:updateAndGet(143)) - b00e6ee9-b720-4122-89a6-a6b803fd6604: start LeaderElection
2019-10-14 09:11:26,650 [b00e6ee9-b720-4122-89a6-a6b803fd6604@group-CB7B554BB085:LeaderElection65] INFO  impl.LeaderElection (LeaderElection.java:askForVotes(182)) - b00e6ee9-b720-4122-89a6-a6b803fd6604@group-CB7B554BB085:LeaderElection65: begin an election at term 4 for -1: [ae7f4960-f987-43f9-80f9-0ac0ab20aeef:192.168.164.214:35598, b00e6ee9-b720-4122-89a6-a6b803fd6604:192.168.164.214:44320, 501dc7b9-491d-40e1-8cdc-2c9c2160e0a9:192.168.164.214:43146], old=null
2019-10-14 09:11:26,653 [grpc-default-executor-5] INFO  impl.RaftServerImpl (RaftServerImpl.java:setRole(174)) - ae7f4960-f987-43f9-80f9-0ac0ab20aeef@group-CB7B554BB085: changes role from  FOLLOWER to FOLLOWER at term 4 for recognizeCandidate:b00e6ee9-b720-4122-89a6-a6b803fd6604
2019-10-14 09:11:26,653 [grpc-default-executor-3] INFO  impl.RaftServerImpl (RaftServerImpl.java:setRole(174)) - 501dc7b9-491d-40e1-8cdc-2c9c2160e0a9@group-CB7B554BB085: changes role from  FOLLOWER to FOLLOWER at term 4 for recognizeCandidate:b00e6ee9-b720-4122-89a6-a6b803fd6604
2019-10-14 09:11:26,654 [grpc-default-executor-5] INFO  impl.RoleInfo (RoleInfo.java:shutdownFollowerState(121)) - ae7f4960-f987-43f9-80f9-0ac0ab20aeef: shutdown FollowerState
2019-10-14 09:11:26,654 [grpc-default-executor-3] INFO  impl.RoleInfo (RoleInfo.java:shutdownFollowerState(121)) - 501dc7b9-491d-40e1-8cdc-2c9c2160e0a9: shutdown FollowerState
2019-10-14 09:11:26,654 [grpc-default-executor-5] INFO  impl.RoleInfo (RoleInfo.java:updateAndGet(143)) - ae7f4960-f987-43f9-80f9-0ac0ab20aeef: start FollowerState
2019-10-14 09:11:26,654 [Thread-1380] INFO  impl.FollowerState (FollowerState.java:run(115)) - 501dc7b9-491d-40e1-8cdc-2c9c2160e0a9: FollowerState was interrupted: java.lang.InterruptedException: sleep interrupted
2019-10-14 09:11:26,654 [grpc-default-executor-3] INFO  impl.RoleInfo (RoleInfo.java:updateAndGet(143)) - 501dc7b9-491d-40e1-8cdc-2c9c2160e0a9: start FollowerState
2019-10-14 09:11:26,679 [b00e6ee9-b720-4122-89a6-a6b803fd6604@group-CB7B554BB085:LeaderElection65] INFO  impl.LeaderElection (LeaderElection.java:logAndReturn(56)) - b00e6ee9-b720-4122-89a6-a6b803fd6604@group-CB7B554BB085:LeaderElection65: Election PASSED; received 1 response(s) [b00e6ee9-b720-4122-89a6-a6b803fd6604<-501dc7b9-491d-40e1-8cdc-2c9c2160e0a9#0:OK-t4] and 0 exception(s); b00e6ee9-b720-4122-89a6-a6b803fd6604@group-CB7B554BB085:t4, leader=null, voted=b00e6ee9-b720-4122-89a6-a6b803fd6604, raftlog=b00e6ee9-b720-4122-89a6-a6b803fd6604@group-CB7B554BB085-SegmentedRaftLog:OPENED:c-1,f-1,i0, conf=-1: [ae7f4960-f987-43f9-80f9-0ac0ab20aeef:192.168.164.214:35598, b00e6ee9-b720-4122-89a6-a6b803fd6604:192.168.164.214:44320, 501dc7b9-491d-40e1-8cdc-2c9c2160e0a9:192.168.164.214:43146], old=null
2019-10-14 09:11:26,679 [b00e6ee9-b720-4122-89a6-a6b803fd6604@group-CB7B554BB085:LeaderElection65] INFO  impl.RoleInfo (RoleInfo.java:shutdownLeaderElection(134)) - b00e6ee9-b720-4122-89a6-a6b803fd6604: shutdown LeaderElection
2019-10-14 09:11:26,680 [b00e6ee9-b720-4122-89a6-a6b803fd6604@group-CB7B554BB085:LeaderElection65] INFO  impl.RaftServerImpl (RaftServerImpl.java:setRole(174)) - b00e6ee9-b720-4122-89a6-a6b803fd6604@group-CB7B554BB085: changes role from CANDIDATE to LEADER at term 4 for changeToLeader
2019-10-14 09:11:26,680 [b00e6ee9-b720-4122-89a6-a6b803fd6604@group-CB7B554BB085:LeaderElection65] INFO  impl.RaftServerImpl (ServerState.java:setLeader(253)) - b00e6ee9-b720-4122-89a6-a6b803fd6604@group-CB7B554BB085: change Leader from null to b00e6ee9-b720-4122-89a6-a6b803fd6604 at term 4 for becomeLeader, leader elected after 10212ms
2019-10-14 09:11:26,680 [b00e6ee9-b720-4122-89a6-a6b803fd6604@group-CB7B554BB085:LeaderElection65] INFO  server.RaftServerConfigKeys (ConfUtils.java:logGet(43)) - raft.server.staging.catchup.gap = 1000 (default)
2019-10-14 09:11:26,680 [b00e6ee9-b720-4122-89a6-a6b803fd6604@group-CB7B554BB085:LeaderElection65] INFO  server.RaftServerConfigKeys (ConfUtils.java:logGet(43)) - raft.server.rpc.sleep.time = 25ms (default)
2019-10-14 09:11:26,681 [b00e6ee9-b720-4122-89a6-a6b803fd6604@group-CB7B554BB085:LeaderElection65] INFO  server.RaftServerConfigKeys (ConfUtils.java:logGet(43)) - raft.server.write.element-limit = 4096 (default)
2019-10-14 09:11:26,681 [b00e6ee9-b720-4122-89a6-a6b803fd6604@group-CB7B554BB085:LeaderElection65] INFO  server.RaftServerConfigKeys (ConfUtils.java:logGet(43)) - raft.server.watch.timeout = 10s (default)
2019-10-14 09:11:26,681 [b00e6ee9-b720-4122-89a6-a6b803fd6604@group-CB7B554BB085:LeaderElection65] INFO  server.RaftServerConfigKeys (ConfUtils.java:logGet(43)) - raft.server.watch.timeout.denomination = 1s (default)
2019-10-14 09:11:26,681 [b00e6ee9-b720-4122-89a6-a6b803fd6604@group-CB7B554BB085:LeaderElection65] INFO  server.RaftServerConfigKeys (ConfUtils.java:logGet(43)) - raft.server.watch.element-limit = 65536 (default)
2019-10-14 09:11:26,684 [b00e6ee9-b720-4122-89a6-a6b803fd6604@group-CB7B554BB085:LeaderElection65] INFO  server.RaftServerConfigKeys (ConfUtils.java:logGet(43)) - raft.server.log.appender.snapshot.chunk.size.max = 16MB (=16777216) (default)
2019-10-14 09:11:26,685 [b00e6ee9-b720-4122-89a6-a6b803fd6604@group-CB7B554BB085:LeaderElection65] INFO  server.RaftServerConfigKeys (ConfUtils.java:logGet(43)) - raft.server.log.appender.buffer.byte-limit = 33554432 (custom)
2019-10-14 09:11:26,685 [b00e6ee9-b720-4122-89a6-a6b803fd6604@group-CB7B554BB085:LeaderElection65] INFO  server.RaftServerConfigKeys (ConfUtils.java:logGet(43)) - raft.server.log.appender.buffer.element-limit = 1 (custom)
2019-10-14 09:11:26,685 [b00e6ee9-b720-4122-89a6-a6b803fd6604@group-CB7B554BB085:LeaderElection65] INFO  grpc.GrpcConfigKeys$Server (ConfUtils.java:logGet(43)) - raft.grpc.server.leader.outstanding.appends.max = 128 (default)
2019-10-14 09:11:26,685 [b00e6ee9-b720-4122-89a6-a6b803fd6604@group-CB7B554BB085:LeaderElection65] INFO  server.RaftServerConfigKeys (ConfUtils.java:logGet(43)) - raft.server.rpc.request.timeout = 3000ms (default)
2019-10-14 09:11:26,685 [b00e6ee9-b720-4122-89a6-a6b803fd6604@group-CB7B554BB085:LeaderElection65] INFO  server.RaftServerConfigKeys (ConfUtils.java:logGet(43)) - raft.server.log.appender.install.snapshot.enabled = false (custom)
2019-10-14 09:11:26,686 [b00e6ee9-b720-4122-89a6-a6b803fd6604@group-CB7B554BB085:LeaderElection65] INFO  server.RaftServerConfigKeys (ConfUtils.java:logGet(43)) - raft.server.log.appender.snapshot.chunk.size.max = 16MB (=16777216) (default)
2019-10-14 09:11:26,686 [b00e6ee9-b720-4122-89a6-a6b803fd6604@group-CB7B554BB085:LeaderElection65] INFO  server.RaftServerConfigKeys (ConfUtils.java:logGet(43)) - raft.server.log.appender.buffer.byte-limit = 33554432 (custom)
2019-10-14 09:11:26,686 [b00e6ee9-b720-4122-89a6-a6b803fd6604@group-CB7B554BB085:LeaderElection65] INFO  server.RaftServerConfigKeys (ConfUtils.java:logGet(43)) - raft.server.log.appender.buffer.element-limit = 1 (custom)
2019-10-14 09:11:26,686 [b00e6ee9-b720-4122-89a6-a6b803fd6604@group-CB7B554BB085:LeaderElection65] INFO  grpc.GrpcConfigKeys$Server (ConfUtils.java:logGet(43)) - raft.grpc.server.leader.outstanding.appends.max = 128 (default)
2019-10-14 09:11:26,686 [b00e6ee9-b720-4122-89a6-a6b803fd6604@group-CB7B554BB085:LeaderElection65] INFO  server.RaftServerConfigKeys (ConfUtils.java:logGet(43)) - raft.server.rpc.request.timeout = 3000ms (default)
2019-10-14 09:11:26,687 [b00e6ee9-b720-4122-89a6-a6b803fd6604@group-CB7B554BB085:LeaderElection65] INFO  server.RaftServerConfigKeys (ConfUtils.java:logGet(43)) - raft.server.log.appender.install.snapshot.enabled = false (custom)
2019-10-14 09:11:26,687 [b00e6ee9-b720-4122-89a6-a6b803fd6604@group-CB7B554BB085:LeaderElection65] INFO  impl.RoleInfo (RoleInfo.java:updateAndGet(143)) - b00e6ee9-b720-4122-89a6-a6b803fd6604: start LeaderState
2019-10-14 09:11:26,687 [b00e6ee9-b720-4122-89a6-a6b803fd6604@group-CB7B554BB085:LeaderElection65] INFO  segmented.SegmentedRaftLogWorker (SegmentedRaftLogWorker.java:startLogSegment(380)) - b00e6ee9-b720-4122-89a6-a6b803fd6604@group-CB7B554BB085-SegmentedRaftLogWorker: Starting segment from index:0
2019-10-14 09:11:26,688 [b00e6ee9-b720-4122-89a6-a6b803fd6604@group-CB7B554BB085:LeaderElection65] INFO  impl.RaftServerImpl (ServerState.java:setRaftConf(354)) - b00e6ee9-b720-4122-89a6-a6b803fd6604@group-CB7B554BB085: set configuration 0: [ae7f4960-f987-43f9-80f9-0ac0ab20aeef:192.168.164.214:35598, b00e6ee9-b720-4122-89a6-a6b803fd6604:192.168.164.214:44320, 501dc7b9-491d-40e1-8cdc-2c9c2160e0a9:192.168.164.214:43146], old=null at 0
2019-10-14 09:11:26,717 [grpc-default-executor-3] INFO  impl.RaftServerImpl (ServerState.java:setLeader(253)) - ae7f4960-f987-43f9-80f9-0ac0ab20aeef@group-CB7B554BB085: change Leader from null to b00e6ee9-b720-4122-89a6-a6b803fd6604 at term 4 for appendEntries, leader elected after 10250ms
2019-10-14 09:11:26,717 [grpc-default-executor-5] INFO  impl.RaftServerImpl (ServerState.java:setLeader(253)) - 501dc7b9-491d-40e1-8cdc-2c9c2160e0a9@group-CB7B554BB085: change Leader from null to b00e6ee9-b720-4122-89a6-a6b803fd6604 at term 4 for appendEntries, leader elected after 10250ms
2019-10-14 09:11:26,719 [grpc-default-executor-5] INFO  impl.RaftServerImpl (ServerState.java:setRaftConf(354)) - ae7f4960-f987-43f9-80f9-0ac0ab20aeef@group-CB7B554BB085: set configuration 0: [ae7f4960-f987-43f9-80f9-0ac0ab20aeef:192.168.164.214:35598, b00e6ee9-b720-4122-89a6-a6b803fd6604:192.168.164.214:44320, 501dc7b9-491d-40e1-8cdc-2c9c2160e0a9:192.168.164.214:43146], old=null at 0
2019-10-14 09:11:26,719 [grpc-default-executor-3] INFO  impl.RaftServerImpl (ServerState.java:setRaftConf(354)) - 501dc7b9-491d-40e1-8cdc-2c9c2160e0a9@group-CB7B554BB085: set configuration 0: [ae7f4960-f987-43f9-80f9-0ac0ab20aeef:192.168.164.214:35598, b00e6ee9-b720-4122-89a6-a6b803fd6604:192.168.164.214:44320, 501dc7b9-491d-40e1-8cdc-2c9c2160e0a9:192.168.164.214:43146], old=null at 0
2019-10-14 09:11:26,720 [grpc-default-executor-5] INFO  segmented.SegmentedRaftLogWorker (SegmentedRaftLogWorker.java:startLogSegment(380)) - ae7f4960-f987-43f9-80f9-0ac0ab20aeef@group-CB7B554BB085-SegmentedRaftLogWorker: Starting segment from index:0
2019-10-14 09:11:26,720 [grpc-default-executor-3] INFO  segmented.SegmentedRaftLogWorker (SegmentedRaftLogWorker.java:startLogSegment(380)) - 501dc7b9-491d-40e1-8cdc-2c9c2160e0a9@group-CB7B554BB085-SegmentedRaftLogWorker: Starting segment from index:0
2019-10-14 09:11:26,725 [Thread-1385] INFO  impl.FollowerState (FollowerState.java:run(106)) - aabd13a9-38b1-453f-a600-f425fadd7a8e:group-CEABDACBA137 changes to CANDIDATE, lastRpcTime:1104, electionTimeout:1104ms
2019-10-14 09:11:26,726 [Thread-1385] INFO  impl.RoleInfo (RoleInfo.java:shutdownFollowerState(121)) - aabd13a9-38b1-453f-a600-f425fadd7a8e: shutdown FollowerState
2019-10-14 09:11:26,726 [Thread-1385] INFO  impl.RaftServerImpl (RaftServerImpl.java:setRole(174)) - aabd13a9-38b1-453f-a600-f425fadd7a8e@group-CEABDACBA137: changes role from  FOLLOWER to CANDIDATE at term 3 for changeToCandidate
2019-10-14 09:11:26,726 [Thread-1385] INFO  impl.RoleInfo (RoleInfo.java:updateAndGet(143)) - aabd13a9-38b1-453f-a600-f425fadd7a8e: start LeaderElection
2019-10-14 09:11:26,760 [b00e6ee9-b720-4122-89a6-a6b803fd6604@group-CB7B554BB085-SegmentedRaftLogWorker] INFO  segmented.SegmentedRaftLogWorker (SegmentedRaftLogWorker.java:execute(569)) - b00e6ee9-b720-4122-89a6-a6b803fd6604@group-CB7B554BB085-SegmentedRaftLogWorker: created new log segment /workdir/hadoop-ozone/integration-test/target/test-dir/MiniOzoneClusterImpl-7dc343c7-8e33-43f6-86ca-4a53fe0b4b94/datanode-4/data/ratis/bdc99b70-54bb-4032-88e2-cb7b554bb085/current/log_inprogress_0
2019-10-14 09:11:26,776 [main] WARN  io.KeyOutputStream (KeyOutputStream.java:handleException(274)) - Encountered exception java.io.IOException: Unexpected Storage Container Exception: java.util.concurrent.CompletionException: java.util.concurrent.CompletionException: org.apache.ratis.protocol.RaftRetryFailureException: Failed RaftClientRequest:client-EB9353D3C336->b00e6ee9-b720-4122-89a6-a6b803fd6604@group-CB7B554BB085, cid=77, seq=1*, RW, org.apache.hadoop.hdds.scm.XceiverClientRatis$$Lambda$519/1049650037@599ad3a8 for 10 attempts with RetryLimited(maxAttempts=10, sleepTime=1000ms) on the pipeline Pipeline[ Id: bdc99b70-54bb-4032-88e2-cb7b554bb085, Nodes: 501dc7b9-491d-40e1-8cdc-2c9c2160e0a9{ip: 192.168.164.214, host: pr-hdds-1569-vp9xg-4248047660, networkLocation: /default-rack, certSerialId: null}ae7f4960-f987-43f9-80f9-0ac0ab20aeef{ip: 192.168.164.214, host: pr-hdds-1569-vp9xg-4248047660, networkLocation: /default-rack, certSerialId: null}b00e6ee9-b720-4122-89a6-a6b803fd6604{ip: 192.168.164.214, host: pr-hdds-1569-vp9xg-4248047660, networkLocation: /default-rack, certSerialId: null}, Type:RATIS, Factor:THREE, State:OPEN]. The last committed block length is 0, uncommitted data length is 2097152 retry count 0
2019-10-14 09:11:26,782 [ae7f4960-f987-43f9-80f9-0ac0ab20aeef@group-CB7B554BB085-SegmentedRaftLogWorker] INFO  segmented.SegmentedRaftLogWorker (SegmentedRaftLogWorker.java:execute(569)) - ae7f4960-f987-43f9-80f9-0ac0ab20aeef@group-CB7B554BB085-SegmentedRaftLogWorker: created new log segment /workdir/hadoop-ozone/integration-test/target/test-dir/MiniOzoneClusterImpl-7dc343c7-8e33-43f6-86ca-4a53fe0b4b94/datanode-2/data/ratis/bdc99b70-54bb-4032-88e2-cb7b554bb085/current/log_inprogress_0
2019-10-14 09:11:26,782 [aabd13a9-38b1-453f-a600-f425fadd7a8e@group-CEABDACBA137:LeaderElection66] INFO  impl.LeaderElection (LeaderElection.java:askForVotes(182)) - aabd13a9-38b1-453f-a600-f425fadd7a8e@group-CEABDACBA137:LeaderElection66: begin an election at term 4 for -1: [aabd13a9-38b1-453f-a600-f425fadd7a8e:192.168.164.214:36671, 585f7a51-f4d3-431b-937d-1c786f624e2b:192.168.164.214:35977, d1f57701-3fd0-49df-bc3e-2994fc7249db:192.168.164.214:43350], old=null
2019-10-14 09:11:26,782 [501dc7b9-491d-40e1-8cdc-2c9c2160e0a9@group-CB7B554BB085-SegmentedRaftLogWorker] INFO  segmented.SegmentedRaftLogWorker (SegmentedRaftLogWorker.java:execute(569)) - 501dc7b9-491d-40e1-8cdc-2c9c2160e0a9@group-CB7B554BB085-SegmentedRaftLogWorker: created new log segment /workdir/hadoop-ozone/integration-test/target/test-dir/MiniOzoneClusterImpl-7dc343c7-8e33-43f6-86ca-4a53fe0b4b94/datanode-0/data/ratis/bdc99b70-54bb-4032-88e2-cb7b554bb085/current/log_inprogress_0
2019-10-14 09:11:26,785 [grpc-default-executor-5] INFO  impl.RaftServerImpl (RaftServerImpl.java:setRole(174)) - 585f7a51-f4d3-431b-937d-1c786f624e2b@group-CEABDACBA137: changes role from  FOLLOWER to FOLLOWER at term 4 for recognizeCandidate:aabd13a9-38b1-453f-a600-f425fadd7a8e
2019-10-14 09:11:26,785 [grpc-default-executor-3] INFO  impl.RaftServerImpl (RaftServerImpl.java:setRole(174)) - d1f57701-3fd0-49df-bc3e-2994fc7249db@group-CEABDACBA137: changes role from  FOLLOWER to FOLLOWER at term 4 for recognizeCandidate:aabd13a9-38b1-453f-a600-f425fadd7a8e
2019-10-14 09:11:26,785 [grpc-default-executor-5] INFO  impl.RoleInfo (RoleInfo.java:shutdownFollowerState(121)) - 585f7a51-f4d3-431b-937d-1c786f624e2b: shutdown FollowerState
2019-10-14 09:11:26,785 [grpc-default-executor-3] INFO  impl.RoleInfo (RoleInfo.java:shutdownFollowerState(121)) - d1f57701-3fd0-49df-bc3e-2994fc7249db: shutdown FollowerState
2019-10-14 09:11:26,785 [Thread-1383] INFO  impl.FollowerState (FollowerState.java:run(115)) - 585f7a51-f4d3-431b-937d-1c786f624e2b: FollowerState was interrupted: java.lang.InterruptedException: sleep interrupted
2019-10-14 09:11:26,785 [grpc-default-executor-5] INFO  impl.RoleInfo (RoleInfo.java:updateAndGet(143)) - 585f7a51-f4d3-431b-937d-1c786f624e2b: start FollowerState
2019-10-14 09:11:26,786 [Thread-1384] INFO  impl.FollowerState (FollowerState.java:run(115)) - d1f57701-3fd0-49df-bc3e-2994fc7249db: FollowerState was interrupted: java.lang.InterruptedException: sleep interrupted
2019-10-14 09:11:26,785 [grpc-default-executor-3] INFO  impl.RoleInfo (RoleInfo.java:updateAndGet(143)) - d1f57701-3fd0-49df-bc3e-2994fc7249db: start FollowerState
2019-10-14 09:11:26,807 [aabd13a9-38b1-453f-a600-f425fadd7a8e@group-CEABDACBA137:LeaderElection66] INFO  impl.LeaderElection (LeaderElection.java:logAndReturn(56)) - aabd13a9-38b1-453f-a600-f425fadd7a8e@group-CEABDACBA137:LeaderElection66: Election PASSED; received 1 response(s) [aabd13a9-38b1-453f-a600-f425fadd7a8e<-d1f57701-3fd0-49df-bc3e-2994fc7249db#0:OK-t4] and 0 exception(s); aabd13a9-38b1-453f-a600-f425fadd7a8e@group-CEABDACBA137:t4, leader=null, voted=aabd13a9-38b1-453f-a600-f425fadd7a8e, raftlog=aabd13a9-38b1-453f-a600-f425fadd7a8e@group-CEABDACBA137-SegmentedRaftLog:OPENED:c-1,f-1,i0, conf=-1: [aabd13a9-38b1-453f-a600-f425fadd7a8e:192.168.164.214:36671, 585f7a51-f4d3-431b-937d-1c786f624e2b:192.168.164.214:35977, d1f57701-3fd0-49df-bc3e-2994fc7249db:192.168.164.214:43350], old=null
2019-10-14 09:11:26,807 [aabd13a9-38b1-453f-a600-f425fadd7a8e@group-CEABDACBA137:LeaderElection66] INFO  impl.RoleInfo (RoleInfo.java:shutdownLeaderElection(134)) - aabd13a9-38b1-453f-a600-f425fadd7a8e: shutdown LeaderElection
2019-10-14 09:11:26,807 [aabd13a9-38b1-453f-a600-f425fadd7a8e@group-CEABDACBA137:LeaderElection66] INFO  impl.RaftServerImpl (RaftServerImpl.java:setRole(174)) - aabd13a9-38b1-453f-a600-f425fadd7a8e@group-CEABDACBA137: changes role from CANDIDATE to LEADER at term 4 for changeToLeader
2019-10-14 09:11:26,807 [aabd13a9-38b1-453f-a600-f425fadd7a8e@group-CEABDACBA137:LeaderElection66] INFO  impl.RaftServerImpl (ServerState.java:setLeader(253)) - aabd13a9-38b1-453f-a600-f425fadd7a8e@group-CEABDACBA137: change Leader from null to aabd13a9-38b1-453f-a600-f425fadd7a8e at term 4 for becomeLeader, leader elected after 10266ms
2019-10-14 09:11:26,807 [aabd13a9-38b1-453f-a600-f425fadd7a8e@group-CEABDACBA137:LeaderElection66] INFO  server.RaftServerConfigKeys (ConfUtils.java:logGet(43)) - raft.server.staging.catchup.gap = 1000 (default)
2019-10-14 09:11:26,808 [aabd13a9-38b1-453f-a600-f425fadd7a8e@group-CEABDACBA137:LeaderElection66] INFO  server.RaftServerConfigKeys (ConfUtils.java:logGet(43)) - raft.server.rpc.sleep.time = 25ms (default)
2019-10-14 09:11:26,808 [aabd13a9-38b1-453f-a600-f425fadd7a8e@group-CEABDACBA137:LeaderElection66] INFO  server.RaftServerConfigKeys (ConfUtils.java:logGet(43)) - raft.server.write.element-limit = 4096 (default)
2019-10-14 09:11:26,808 [aabd13a9-38b1-453f-a600-f425fadd7a8e@group-CEABDACBA137:LeaderElection66] INFO  server.RaftServerConfigKeys (ConfUtils.java:logGet(43)) - raft.server.watch.timeout = 10s (default)
2019-10-14 09:11:26,808 [aabd13a9-38b1-453f-a600-f425fadd7a8e@group-CEABDACBA137:LeaderElection66] INFO  server.RaftServerConfigKeys (ConfUtils.java:logGet(43)) - raft.server.watch.timeout.denomination = 1s (default)
2019-10-14 09:11:26,808 [aabd13a9-38b1-453f-a600-f425fadd7a8e@group-CEABDACBA137:LeaderElection66] INFO  server.RaftServerConfigKeys (ConfUtils.java:logGet(43)) - raft.server.watch.element-limit = 65536 (default)
2019-10-14 09:11:26,811 [aabd13a9-38b1-453f-a600-f425fadd7a8e@group-CEABDACBA137:LeaderElection66] INFO  server.RaftServerConfigKeys (ConfUtils.java:logGet(43)) - raft.server.log.appender.snapshot.chunk.size.max = 16MB (=16777216) (default)
2019-10-14 09:11:26,811 [aabd13a9-38b1-453f-a600-f425fadd7a8e@group-CEABDACBA137:LeaderElection66] INFO  server.RaftServerConfigKeys (ConfUtils.java:logGet(43)) - raft.server.log.appender.buffer.byte-limit = 33554432 (custom)
2019-10-14 09:11:26,811 [aabd13a9-38b1-453f-a600-f425fadd7a8e@group-CEABDACBA137:LeaderElection66] INFO  server.RaftServerConfigKeys (ConfUtils.java:logGet(43)) - raft.server.log.appender.buffer.element-limit = 1 (custom)
2019-10-14 09:11:26,812 [aabd13a9-38b1-453f-a600-f425fadd7a8e@group-CEABDACBA137:LeaderElection66] INFO  grpc.GrpcConfigKeys$Server (ConfUtils.java:logGet(43)) - raft.grpc.server.leader.outstanding.appends.max = 128 (default)
2019-10-14 09:11:26,812 [aabd13a9-38b1-453f-a600-f425fadd7a8e@group-CEABDACBA137:LeaderElection66] INFO  server.RaftServerConfigKeys (ConfUtils.java:logGet(43)) - raft.server.rpc.request.timeout = 3000ms (default)
2019-10-14 09:11:26,812 [aabd13a9-38b1-453f-a600-f425fadd7a8e@group-CEABDACBA137:LeaderElection66] INFO  server.RaftServerConfigKeys (ConfUtils.java:logGet(43)) - raft.server.log.appender.install.snapshot.enabled = false (custom)
2019-10-14 09:11:26,812 [aabd13a9-38b1-453f-a600-f425fadd7a8e@group-CEABDACBA137:LeaderElection66] INFO  server.RaftServerConfigKeys (ConfUtils.java:logGet(43)) - raft.server.log.appender.snapshot.chunk.size.max = 16MB (=16777216) (default)
2019-10-14 09:11:26,813 [aabd13a9-38b1-453f-a600-f425fadd7a8e@group-CEABDACBA137:LeaderElection66] INFO  server.RaftServerConfigKeys (ConfUtils.java:logGet(43)) - raft.server.log.appender.buffer.byte-limit = 33554432 (custom)
2019-10-14 09:11:26,813 [aabd13a9-38b1-453f-a600-f425fadd7a8e@group-CEABDACBA137:LeaderElection66] INFO  server.RaftServerConfigKeys (ConfUtils.java:logGet(43)) - raft.server.log.appender.buffer.element-limit = 1 (custom)
2019-10-14 09:11:26,813 [aabd13a9-38b1-453f-a600-f425fadd7a8e@group-CEABDACBA137:LeaderElection66] INFO  grpc.GrpcConfigKeys$Server (ConfUtils.java:logGet(43)) - raft.grpc.server.leader.outstanding.appends.max = 128 (default)
2019-10-14 09:11:26,813 [aabd13a9-38b1-453f-a600-f425fadd7a8e@group-CEABDACBA137:LeaderElection66] INFO  server.RaftServerConfigKeys (ConfUtils.java:logGet(43)) - raft.server.rpc.request.timeout = 3000ms (default)
2019-10-14 09:11:26,813 [aabd13a9-38b1-453f-a600-f425fadd7a8e@group-CEABDACBA137:LeaderElection66] INFO  server.RaftServerConfigKeys (ConfUtils.java:logGet(43)) - raft.server.log.appender.install.snapshot.enabled = false (custom)
2019-10-14 09:11:26,814 [aabd13a9-38b1-453f-a600-f425fadd7a8e@group-CEABDACBA137:LeaderElection66] INFO  impl.RoleInfo (RoleInfo.java:updateAndGet(143)) - aabd13a9-38b1-453f-a600-f425fadd7a8e: start LeaderState
2019-10-14 09:11:26,814 [aabd13a9-38b1-453f-a600-f425fadd7a8e@group-CEABDACBA137:LeaderElection66] INFO  segmented.SegmentedRaftLogWorker (SegmentedRaftLogWorker.java:startLogSegment(380)) - aabd13a9-38b1-453f-a600-f425fadd7a8e@group-CEABDACBA137-SegmentedRaftLogWorker: Starting segment from index:0
2019-10-14 09:11:26,815 [aabd13a9-38b1-453f-a600-f425fadd7a8e@group-CEABDACBA137:LeaderElection66] INFO  impl.RaftServerImpl (ServerState.java:setRaftConf(354)) - aabd13a9-38b1-453f-a600-f425fadd7a8e@group-CEABDACBA137: set configuration 0: [aabd13a9-38b1-453f-a600-f425fadd7a8e:192.168.164.214:36671, 585f7a51-f4d3-431b-937d-1c786f624e2b:192.168.164.214:35977, d1f57701-3fd0-49df-bc3e-2994fc7249db:192.168.164.214:43350], old=null at 0
2019-10-14 09:11:26,816 [grpc-default-executor-3] INFO  impl.RaftServerImpl (ServerState.java:setLeader(253)) - d1f57701-3fd0-49df-bc3e-2994fc7249db@group-CEABDACBA137: change Leader from null to aabd13a9-38b1-453f-a600-f425fadd7a8e at term 4 for appendEntries, leader elected after 10275ms
2019-10-14 09:11:26,816 [grpc-default-executor-0] INFO  impl.RaftServerImpl (ServerState.java:setLeader(253)) - 585f7a51-f4d3-431b-937d-1c786f624e2b@group-CEABDACBA137: change Leader from null to aabd13a9-38b1-453f-a600-f425fadd7a8e at term 4 for appendEntries, leader elected after 10275ms
2019-10-14 09:11:26,818 [grpc-default-executor-3] INFO  impl.RaftServerImpl (ServerState.java:setRaftConf(354)) - 585f7a51-f4d3-431b-937d-1c786f624e2b@group-CEABDACBA137: set configuration 0: [aabd13a9-38b1-453f-a600-f425fadd7a8e:192.168.164.214:36671, 585f7a51-f4d3-431b-937d-1c786f624e2b:192.168.164.214:35977, d1f57701-3fd0-49df-bc3e-2994fc7249db:192.168.164.214:43350], old=null at 0
2019-10-14 09:11:26,818 [grpc-default-executor-0] INFO  impl.RaftServerImpl (ServerState.java:setRaftConf(354)) - d1f57701-3fd0-49df-bc3e-2994fc7249db@group-CEABDACBA137: set configuration 0: [aabd13a9-38b1-453f-a600-f425fadd7a8e:192.168.164.214:36671, 585f7a51-f4d3-431b-937d-1c786f624e2b:192.168.164.214:35977, d1f57701-3fd0-49df-bc3e-2994fc7249db:192.168.164.214:43350], old=null at 0
2019-10-14 09:11:26,819 [grpc-default-executor-3] INFO  segmented.SegmentedRaftLogWorker (SegmentedRaftLogWorker.java:startLogSegment(380)) - 585f7a51-f4d3-431b-937d-1c786f624e2b@group-CEABDACBA137-SegmentedRaftLogWorker: Starting segment from index:0
2019-10-14 09:11:26,819 [grpc-default-executor-0] INFO  segmented.SegmentedRaftLogWorker (SegmentedRaftLogWorker.java:startLogSegment(380)) - d1f57701-3fd0-49df-bc3e-2994fc7249db@group-CEABDACBA137-SegmentedRaftLogWorker: Starting segment from index:0
2019-10-14 09:11:26,902 [585f7a51-f4d3-431b-937d-1c786f624e2b@group-CEABDACBA137-SegmentedRaftLogWorker] INFO  segmented.SegmentedRaftLogWorker (SegmentedRaftLogWorker.java:execute(569)) - 585f7a51-f4d3-431b-937d-1c786f624e2b@group-CEABDACBA137-SegmentedRaftLogWorker: created new log segment /workdir/hadoop-ozone/integration-test/target/test-dir/MiniOzoneClusterImpl-7dc343c7-8e33-43f6-86ca-4a53fe0b4b94/datanode-1/data/ratis/1dc6c959-80d5-41ba-9b95-ceabdacba137/current/log_inprogress_0
2019-10-14 09:11:26,902 [aabd13a9-38b1-453f-a600-f425fadd7a8e@group-CEABDACBA137-SegmentedRaftLogWorker] INFO  segmented.SegmentedRaftLogWorker (SegmentedRaftLogWorker.java:execute(569)) - aabd13a9-38b1-453f-a600-f425fadd7a8e@group-CEABDACBA137-SegmentedRaftLogWorker: created new log segment /workdir/hadoop-ozone/integration-test/target/test-dir/MiniOzoneClusterImpl-7dc343c7-8e33-43f6-86ca-4a53fe0b4b94/datanode-3/data/ratis/1dc6c959-80d5-41ba-9b95-ceabdacba137/current/log_inprogress_0
2019-10-14 09:11:26,937 [d1f57701-3fd0-49df-bc3e-2994fc7249db@group-CEABDACBA137-SegmentedRaftLogWorker] INFO  segmented.SegmentedRaftLogWorker (SegmentedRaftLogWorker.java:execute(569)) - d1f57701-3fd0-49df-bc3e-2994fc7249db@group-CEABDACBA137-SegmentedRaftLogWorker: created new log segment /workdir/hadoop-ozone/integration-test/target/test-dir/MiniOzoneClusterImpl-7dc343c7-8e33-43f6-86ca-4a53fe0b4b94/datanode-5/data/ratis/1dc6c959-80d5-41ba-9b95-ceabdacba137/current/log_inprogress_0
2019-10-14 09:11:29,578 [Datanode State Machine Thread - 0] INFO  statemachine.DatanodeStateMachine (DatanodeStateMachine.java:lambda$startDaemon$0(350)) - Ozone container server started.
2019-10-14 09:11:34,423 [main] INFO  ozoneimpl.OzoneContainer (OzoneContainer.java:stop(231)) - Attempting to stop container services.
2019-10-14 09:11:34,425 [main] INFO  impl.RaftServerProxy (RaftServerProxy.java:lambda$close$4(314)) - 585f7a51-f4d3-431b-937d-1c786f624e2b: close
2019-10-14 09:11:34,425 [main] INFO  impl.RaftServerImpl (RaftServerImpl.java:lambda$shutdown$3(251)) - 585f7a51-f4d3-431b-937d-1c786f624e2b@group-CEABDACBA137: shutdown
2019-10-14 09:11:34,426 [main] INFO  util.JmxRegister (JmxRegister.java:unregister(73)) - Successfully un-registered JMX Bean with object name Ratis:service=RaftServer,group=group-CEABDACBA137,id=585f7a51-f4d3-431b-937d-1c786f624e2b
2019-10-14 09:11:34,426 [main] INFO  impl.RoleInfo (RoleInfo.java:shutdownFollowerState(121)) - 585f7a51-f4d3-431b-937d-1c786f624e2b: shutdown FollowerState
2019-10-14 09:11:34,426 [main] INFO  impl.StateMachineUpdater (StateMachineUpdater.java:stopAndJoin(125)) - 585f7a51-f4d3-431b-937d-1c786f624e2b@group-CEABDACBA137-StateMachineUpdater: set stopIndex = 20
2019-10-14 09:11:34,426 [Thread-1405] INFO  impl.FollowerState (FollowerState.java:run(115)) - 585f7a51-f4d3-431b-937d-1c786f624e2b: FollowerState was interrupted: java.lang.InterruptedException: sleep interrupted
2019-10-14 09:11:34,427 [585f7a51-f4d3-431b-937d-1c786f624e2b@group-CEABDACBA137-StateMachineUpdater] INFO  ratis.ContainerStateMachine (ContainerStateMachine.java:takeSnapshot(289)) - group-CEABDACBA137: Taking a snapshot at:(t:4, i:18) file /workdir/hadoop-ozone/integration-test/target/test-dir/MiniOzoneClusterImpl-7dc343c7-8e33-43f6-86ca-4a53fe0b4b94/datanode-1/data/ratis/1dc6c959-80d5-41ba-9b95-ceabdacba137/sm/snapshot.4_18
2019-10-14 09:11:34,476 [585f7a51-f4d3-431b-937d-1c786f624e2b@group-CEABDACBA137-StateMachineUpdater] INFO  ratis.ContainerStateMachine (ContainerStateMachine.java:takeSnapshot(300)) - group-CEABDACBA137: Finished taking a snapshot at:(t:4, i:18) file:/workdir/hadoop-ozone/integration-test/target/test-dir/MiniOzoneClusterImpl-7dc343c7-8e33-43f6-86ca-4a53fe0b4b94/datanode-1/data/ratis/1dc6c959-80d5-41ba-9b95-ceabdacba137/sm/snapshot.4_18 time:49
2019-10-14 09:11:34,476 [585f7a51-f4d3-431b-937d-1c786f624e2b@group-CEABDACBA137-StateMachineUpdater] INFO  impl.StateMachineUpdater (StateMachineUpdater.java:takeSnapshot(258)) - 585f7a51-f4d3-431b-937d-1c786f624e2b@group-CEABDACBA137-StateMachineUpdater: Took a snapshot at index 18
2019-10-14 09:11:34,476 [585f7a51-f4d3-431b-937d-1c786f624e2b@group-CEABDACBA137-StateMachineUpdater] INFO  impl.StateMachineUpdater (StateMachineUpdater.java:lambda$new$0(83)) - 585f7a51-f4d3-431b-937d-1c786f624e2b@group-CEABDACBA137-StateMachineUpdater: snapshotIndex: updateIncreasingly -1 -> 18
2019-10-14 09:11:34,477 [585f7a51-f4d3-431b-937d-1c786f624e2b@group-CEABDACBA137-StateMachineUpdater] INFO  ratis.ContainerStateMachine (ContainerStateMachine.java:takeSnapshot(289)) - group-CEABDACBA137: Taking a snapshot at:(t:4, i:18) file /workdir/hadoop-ozone/integration-test/target/test-dir/MiniOzoneClusterImpl-7dc343c7-8e33-43f6-86ca-4a53fe0b4b94/datanode-1/data/ratis/1dc6c959-80d5-41ba-9b95-ceabdacba137/sm/snapshot.4_18
2019-10-14 09:11:34,560 [585f7a51-f4d3-431b-937d-1c786f624e2b@group-CEABDACBA137-StateMachineUpdater] INFO  ratis.ContainerStateMachine (ContainerStateMachine.java:takeSnapshot(300)) - group-CEABDACBA137: Finished taking a snapshot at:(t:4, i:18) file:/workdir/hadoop-ozone/integration-test/target/test-dir/MiniOzoneClusterImpl-7dc343c7-8e33-43f6-86ca-4a53fe0b4b94/datanode-1/data/ratis/1dc6c959-80d5-41ba-9b95-ceabdacba137/sm/snapshot.4_18 time:83
2019-10-14 09:11:34,560 [585f7a51-f4d3-431b-937d-1c786f624e2b@group-CEABDACBA137-StateMachineUpdater] INFO  impl.StateMachineUpdater (StateMachineUpdater.java:takeSnapshot(258)) - 585f7a51-f4d3-431b-937d-1c786f624e2b@group-CEABDACBA137-StateMachineUpdater: Took a snapshot at index 18
2019-10-14 09:11:34,560 [585f7a51-f4d3-431b-937d-1c786f624e2b@group-CEABDACBA137-StateMachineUpdater] INFO  impl.StateMachineUpdater (StateMachineUpdater.java:lambda$new$0(83)) - 585f7a51-f4d3-431b-937d-1c786f624e2b@group-CEABDACBA137-StateMachineUpdater: snapshotIndex: updateIncreasingly 18 -> 18
2019-10-14 09:11:34,560 [main] INFO  impl.RaftServerImpl (ServerState.java:close(385)) - 585f7a51-f4d3-431b-937d-1c786f624e2b@group-CEABDACBA137: closes. applyIndex: 20
2019-10-14 09:11:34,561 [585f7a51-f4d3-431b-937d-1c786f624e2b@group-CEABDACBA137-SegmentedRaftLogWorker] INFO  segmented.SegmentedRaftLogWorker (SegmentedRaftLogWorker.java:run(313)) - 585f7a51-f4d3-431b-937d-1c786f624e2b@group-CEABDACBA137-SegmentedRaftLogWorker was interrupted, exiting. There are 0 tasks remaining in the queue.
2019-10-14 09:11:34,564 [main] INFO  segmented.SegmentedRaftLogWorker (SegmentedRaftLogWorker.java:close(228)) - 585f7a51-f4d3-431b-937d-1c786f624e2b@group-CEABDACBA137-SegmentedRaftLogWorker close()
2019-10-14 09:11:34,578 [main] INFO  impl.RaftServerImpl (RaftServerImpl.java:lambda$shutdown$3(251)) - 585f7a51-f4d3-431b-937d-1c786f624e2b@group-EFF34E715975: shutdown
2019-10-14 09:11:34,579 [main] INFO  util.JmxRegister (JmxRegister.java:unregister(73)) - Successfully un-registered JMX Bean with object name Ratis:service=RaftServer,group=group-EFF34E715975,id=585f7a51-f4d3-431b-937d-1c786f624e2b
2019-10-14 09:11:34,579 [main] INFO  impl.RoleInfo (RoleInfo.java:shutdownLeaderState(104)) - 585f7a51-f4d3-431b-937d-1c786f624e2b: shutdown LeaderState
2019-10-14 09:11:34,579 [main] INFO  impl.PendingRequests (PendingRequests.java:sendNotLeaderResponses(202)) - 585f7a51-f4d3-431b-937d-1c786f624e2b-PendingRequests: sendNotLeaderResponses
2019-10-14 09:11:34,580 [main] INFO  impl.StateMachineUpdater (StateMachineUpdater.java:stopAndJoin(125)) - 585f7a51-f4d3-431b-937d-1c786f624e2b@group-EFF34E715975-StateMachineUpdater: set stopIndex = 0
2019-10-14 09:11:34,580 [main] INFO  impl.RaftServerImpl (ServerState.java:close(385)) - 585f7a51-f4d3-431b-937d-1c786f624e2b@group-EFF34E715975: closes. applyIndex: 0
2019-10-14 09:11:34,581 [585f7a51-f4d3-431b-937d-1c786f624e2b@group-EFF34E715975-SegmentedRaftLogWorker] INFO  segmented.SegmentedRaftLogWorker (SegmentedRaftLogWorker.java:run(313)) - 585f7a51-f4d3-431b-937d-1c786f624e2b@group-EFF34E715975-SegmentedRaftLogWorker was interrupted, exiting. There are 0 tasks remaining in the queue.
2019-10-14 09:11:34,583 [main] INFO  segmented.SegmentedRaftLogWorker (SegmentedRaftLogWorker.java:close(228)) - 585f7a51-f4d3-431b-937d-1c786f624e2b@group-EFF34E715975-SegmentedRaftLogWorker close()
2019-10-14 09:11:34,585 [main] INFO  server.GrpcService (GrpcService.java:closeImpl(164)) - 585f7a51-f4d3-431b-937d-1c786f624e2b: shutdown server with port 35977 now
2019-10-14 09:11:34,587 [main] INFO  server.GrpcService (GrpcService.java:closeImpl(172)) - 585f7a51-f4d3-431b-937d-1c786f624e2b: shutdown server with port 35977 successfully
2019-10-14 09:11:34,587 [grpc-default-executor-3] WARN  server.GrpcServerProtocolService (LogUtils.java:warn(134)) - 585f7a51-f4d3-431b-937d-1c786f624e2b: installSnapshot onError, lastRequest: aabd13a9-38b1-453f-a600-f425fadd7a8e->585f7a51-f4d3-431b-937d-1c786f624e2b#34-t4, previous=(t:4, i:20), leaderCommit=20, initializing? false, entries: <empty>: org.apache.ratis.thirdparty.io.grpc.StatusRuntimeException: CANCELLED: cancelled before receiving half close
2019-10-14 09:11:34,588 [grpc-default-executor-5] WARN  server.GrpcLogAppender (LogUtils.java:warn(134)) - aabd13a9-38b1-453f-a600-f425fadd7a8e@group-CEABDACBA137->585f7a51-f4d3-431b-937d-1c786f624e2b-AppendLogResponseHandler: Failed appendEntries: org.apache.ratis.thirdparty.io.grpc.StatusRuntimeException: CANCELLED: HTTP/2 error code: CANCEL
Received Rst Stream
2019-10-14 09:11:34,588 [grpc-default-executor-5] INFO  impl.FollowerInfo (FollowerInfo.java:lambda$new$0(51)) - aabd13a9-38b1-453f-a600-f425fadd7a8e@group-CEABDACBA137->585f7a51-f4d3-431b-937d-1c786f624e2b: nextIndex: updateUnconditionally 21 -> 20
2019-10-14 09:11:34,590 [refreshUsed-/workdir/hadoop-ozone/integration-test/target/test-dir/MiniOzoneClusterImpl-7dc343c7-8e33-43f6-86ca-4a53fe0b4b94/datanode-1/data/containers] WARN  fs.CachingGetSpaceUsed (CachingGetSpaceUsed.java:run(183)) - Thread Interrupted waiting to refresh disk information: sleep interrupted
2019-10-14 09:11:34,604 [main] INFO  utils.BackgroundService (BackgroundService.java:shutdown(148)) - Shutting down service BlockDeletingService
2019-10-14 09:11:34,609 [main] INFO  statemachine.DatanodeStateMachine (DatanodeStateMachine.java:stopDaemon(395)) - Ozone container server stopped.
2019-10-14 09:11:34,611 [main] INFO  handler.ContextHandler (ContextHandler.java:doStop(910)) - Stopped o.e.j.w.WebAppContext@568750b7{/,null,UNAVAILABLE}{/hddsDatanode}
2019-10-14 09:11:34,611 [main] INFO  server.AbstractConnector (AbstractConnector.java:doStop(318)) - Stopped ServerConnector@3e28fee1{HTTP/1.1,[http/1.1]}{0.0.0.0:0}
2019-10-14 09:11:34,612 [main] INFO  handler.ContextHandler (ContextHandler.java:doStop(910)) - Stopped o.e.j.s.ServletContextHandler@4d157493{/static,jar:file:/home/user/.m2/repository/org/apache/hadoop/hadoop-hdds-container-service/0.5.0-SNAPSHOT/hadoop-hdds-container-service-0.5.0-SNAPSHOT.jar!/webapps/static,UNAVAILABLE}
2019-10-14 09:11:34,612 [main] INFO  handler.ContextHandler (ContextHandler.java:doStop(910)) - Stopped o.e.j.s.ServletContextHandler@ebda593{/logs,file:///workdir/hadoop-ozone/integration-test/target/log,UNAVAILABLE}
2019-10-14 09:11:34,638 [grpc-default-executor-1] WARN  server.GrpcLogAppender (LogUtils.java:warn(134)) - aabd13a9-38b1-453f-a600-f425fadd7a8e@group-CEABDACBA137->585f7a51-f4d3-431b-937d-1c786f624e2b-AppendLogResponseHandler: Failed appendEntries: org.apache.ratis.thirdparty.io.grpc.StatusRuntimeException: UNAVAILABLE: io exception
2019-10-14 09:11:34,638 [grpc-default-executor-1] INFO  impl.FollowerInfo (FollowerInfo.java:lambda$new$0(51)) - aabd13a9-38b1-453f-a600-f425fadd7a8e@group-CEABDACBA137->585f7a51-f4d3-431b-937d-1c786f624e2b: nextIndex: updateUnconditionally 20 -> 19
2019-10-14 09:11:35,139 [grpc-default-executor-5] WARN  server.GrpcLogAppender (LogUtils.java:warn(134)) - aabd13a9-38b1-453f-a600-f425fadd7a8e@group-CEABDACBA137->585f7a51-f4d3-431b-937d-1c786f624e2b-AppendLogResponseHandler: Failed appendEntries: org.apache.ratis.thirdparty.io.grpc.StatusRuntimeException: UNAVAILABLE: io exception
2019-10-14 09:11:35,139 [grpc-default-executor-5] INFO  impl.FollowerInfo (FollowerInfo.java:lambda$new$0(51)) - aabd13a9-38b1-453f-a600-f425fadd7a8e@group-CEABDACBA137->585f7a51-f4d3-431b-937d-1c786f624e2b: nextIndex: updateUnconditionally 19 -> 18
2019-10-14 09:11:35,579 [Datanode State Machine Thread - 0] INFO  statemachine.DatanodeStateMachine (DatanodeStateMachine.java:lambda$startDaemon$0(350)) - Ozone container server started.
2019-10-14 09:11:35,640 [grpc-default-executor-1] WARN  server.GrpcLogAppender (LogUtils.java:warn(134)) - aabd13a9-38b1-453f-a600-f425fadd7a8e@group-CEABDACBA137->585f7a51-f4d3-431b-937d-1c786f624e2b-AppendLogResponseHandler: Failed appendEntries: org.apache.ratis.thirdparty.io.grpc.StatusRuntimeException: UNAVAILABLE: io exception
2019-10-14 09:11:35,641 [grpc-default-executor-1] INFO  impl.FollowerInfo (FollowerInfo.java:lambda$new$0(51)) - aabd13a9-38b1-453f-a600-f425fadd7a8e@group-CEABDACBA137->585f7a51-f4d3-431b-937d-1c786f624e2b: nextIndex: updateUnconditionally 18 -> 17
2019-10-14 09:11:36,141 [grpc-default-executor-5] WARN  server.GrpcLogAppender (LogUtils.java:warn(134)) - aabd13a9-38b1-453f-a600-f425fadd7a8e@group-CEABDACBA137->585f7a51-f4d3-431b-937d-1c786f624e2b-AppendLogResponseHandler: Failed appendEntries: org.apache.ratis.thirdparty.io.grpc.StatusRuntimeException: UNAVAILABLE: io exception
2019-10-14 09:11:36,142 [grpc-default-executor-5] INFO  impl.FollowerInfo (FollowerInfo.java:lambda$new$0(51)) - aabd13a9-38b1-453f-a600-f425fadd7a8e@group-CEABDACBA137->585f7a51-f4d3-431b-937d-1c786f624e2b: nextIndex: updateUnconditionally 17 -> 16
2019-10-14 09:11:36,642 [grpc-default-executor-5] WARN  server.GrpcLogAppender (LogUtils.java:warn(134)) - aabd13a9-38b1-453f-a600-f425fadd7a8e@group-CEABDACBA137->585f7a51-f4d3-431b-937d-1c786f624e2b-AppendLogResponseHandler: Failed appendEntries: org.apache.ratis.thirdparty.io.grpc.StatusRuntimeException: UNAVAILABLE: io exception
2019-10-14 09:11:36,643 [grpc-default-executor-5] INFO  impl.FollowerInfo (FollowerInfo.java:lambda$new$0(51)) - aabd13a9-38b1-453f-a600-f425fadd7a8e@group-CEABDACBA137->585f7a51-f4d3-431b-937d-1c786f624e2b: nextIndex: updateUnconditionally 16 -> 15
2019-10-14 09:11:37,143 [grpc-default-executor-1] WARN  server.GrpcLogAppender (LogUtils.java:warn(134)) - aabd13a9-38b1-453f-a600-f425fadd7a8e@group-CEABDACBA137->585f7a51-f4d3-431b-937d-1c786f624e2b-AppendLogResponseHandler: Failed appendEntries: org.apache.ratis.thirdparty.io.grpc.StatusRuntimeException: UNAVAILABLE: io exception
2019-10-14 09:11:37,144 [grpc-default-executor-1] INFO  impl.FollowerInfo (FollowerInfo.java:lambda$new$0(51)) - aabd13a9-38b1-453f-a600-f425fadd7a8e@group-CEABDACBA137->585f7a51-f4d3-431b-937d-1c786f624e2b: nextIndex: updateUnconditionally 15 -> 14
2019-10-14 09:11:37,645 [grpc-default-executor-3] WARN  server.GrpcLogAppender (LogUtils.java:warn(134)) - aabd13a9-38b1-453f-a600-f425fadd7a8e@group-CEABDACBA137->585f7a51-f4d3-431b-937d-1c786f624e2b-AppendLogResponseHandler: Failed appendEntries: org.apache.ratis.thirdparty.io.grpc.StatusRuntimeException: UNAVAILABLE: io exception
2019-10-14 09:11:37,646 [grpc-default-executor-3] INFO  impl.FollowerInfo (FollowerInfo.java:lambda$new$0(51)) - aabd13a9-38b1-453f-a600-f425fadd7a8e@group-CEABDACBA137->585f7a51-f4d3-431b-937d-1c786f624e2b: nextIndex: updateUnconditionally 14 -> 13
2019-10-14 09:11:38,147 [grpc-default-executor-1] WARN  server.GrpcLogAppender (LogUtils.java:warn(134)) - aabd13a9-38b1-453f-a600-f425fadd7a8e@group-CEABDACBA137->585f7a51-f4d3-431b-937d-1c786f624e2b-AppendLogResponseHandler: Failed appendEntries: org.apache.ratis.thirdparty.io.grpc.StatusRuntimeException: UNAVAILABLE: io exception
2019-10-14 09:11:38,148 [grpc-default-executor-1] INFO  impl.FollowerInfo (FollowerInfo.java:lambda$new$0(51)) - aabd13a9-38b1-453f-a600-f425fadd7a8e@group-CEABDACBA137->585f7a51-f4d3-431b-937d-1c786f624e2b: nextIndex: updateUnconditionally 13 -> 12
2019-10-14 09:11:38,651 [grpc-default-executor-5] WARN  server.GrpcLogAppender (LogUtils.java:warn(134)) - aabd13a9-38b1-453f-a600-f425fadd7a8e@group-CEABDACBA137->585f7a51-f4d3-431b-937d-1c786f624e2b-AppendLogResponseHandler: Failed appendEntries: org.apache.ratis.thirdparty.io.grpc.StatusRuntimeException: UNAVAILABLE: io exception
2019-10-14 09:11:38,651 [grpc-default-executor-5] INFO  impl.FollowerInfo (FollowerInfo.java:lambda$new$0(51)) - aabd13a9-38b1-453f-a600-f425fadd7a8e@group-CEABDACBA137->585f7a51-f4d3-431b-937d-1c786f624e2b: nextIndex: updateUnconditionally 12 -> 11
2019-10-14 09:11:39,151 [grpc-default-executor-3] WARN  server.GrpcLogAppender (LogUtils.java:warn(134)) - aabd13a9-38b1-453f-a600-f425fadd7a8e@group-CEABDACBA137->585f7a51-f4d3-431b-937d-1c786f624e2b-AppendLogResponseHandler: Failed appendEntries: org.apache.ratis.thirdparty.io.grpc.StatusRuntimeException: UNAVAILABLE: io exception
2019-10-14 09:11:39,151 [grpc-default-executor-3] INFO  impl.FollowerInfo (FollowerInfo.java:lambda$new$0(51)) - aabd13a9-38b1-453f-a600-f425fadd7a8e@group-CEABDACBA137->585f7a51-f4d3-431b-937d-1c786f624e2b: nextIndex: updateUnconditionally 11 -> 10
2019-10-14 09:11:39,614 [main] INFO  ozoneimpl.OzoneContainer (OzoneContainer.java:stop(231)) - Attempting to stop container services.
2019-10-14 09:11:39,615 [main] INFO  impl.RaftServerProxy (RaftServerProxy.java:lambda$close$4(314)) - aabd13a9-38b1-453f-a600-f425fadd7a8e: close
2019-10-14 09:11:39,616 [main] INFO  impl.RaftServerImpl (RaftServerImpl.java:lambda$shutdown$3(251)) - aabd13a9-38b1-453f-a600-f425fadd7a8e@group-CEABDACBA137: shutdown
2019-10-14 09:11:39,616 [ForkJoinPool.commonPool-worker-0] INFO  impl.RaftServerImpl (RaftServerImpl.java:lambda$shutdown$3(251)) - aabd13a9-38b1-453f-a600-f425fadd7a8e@group-3B8003B14D19: shutdown
2019-10-14 09:11:39,617 [main] INFO  util.JmxRegister (JmxRegister.java:unregister(73)) - Successfully un-registered JMX Bean with object name Ratis:service=RaftServer,group=group-CEABDACBA137,id=aabd13a9-38b1-453f-a600-f425fadd7a8e
2019-10-14 09:11:39,617 [ForkJoinPool.commonPool-worker-0] INFO  util.JmxRegister (JmxRegister.java:unregister(73)) - Successfully un-registered JMX Bean with object name Ratis:service=RaftServer,group=group-3B8003B14D19,id=aabd13a9-38b1-453f-a600-f425fadd7a8e
2019-10-14 09:11:39,617 [main] INFO  impl.RoleInfo (RoleInfo.java:shutdownLeaderState(104)) - aabd13a9-38b1-453f-a600-f425fadd7a8e: shutdown LeaderState
2019-10-14 09:11:39,618 [ForkJoinPool.commonPool-worker-0] INFO  impl.RoleInfo (RoleInfo.java:shutdownLeaderState(104)) - aabd13a9-38b1-453f-a600-f425fadd7a8e: shutdown LeaderState
2019-10-14 09:11:39,623 [main] INFO  impl.PendingRequests (PendingRequests.java:sendNotLeaderResponses(202)) - aabd13a9-38b1-453f-a600-f425fadd7a8e-PendingRequests: sendNotLeaderResponses
2019-10-14 09:11:39,623 [org.apache.ratis.server.impl.LogAppender$AppenderDaemon$$Lambda$600/358113510@75514e4d] WARN  server.GrpcLogAppender (GrpcLogAppender.java:mayWait(143)) - aabd13a9-38b1-453f-a600-f425fadd7a8e@group-CEABDACBA137->585f7a51-f4d3-431b-937d-1c786f624e2b-GrpcLogAppender: Wait interrupted by java.lang.InterruptedException
2019-10-14 09:11:39,623 [ForkJoinPool.commonPool-worker-0] INFO  impl.PendingRequests (PendingRequests.java:sendNotLeaderResponses(202)) - aabd13a9-38b1-453f-a600-f425fadd7a8e-PendingRequests: sendNotLeaderResponses
2019-10-14 09:11:39,623 [org.apache.ratis.server.impl.LogAppender$AppenderDaemon$$Lambda$600/358113510@12773491] WARN  server.GrpcLogAppender (GrpcLogAppender.java:mayWait(143)) - aabd13a9-38b1-453f-a600-f425fadd7a8e@group-CEABDACBA137->d1f57701-3fd0-49df-bc3e-2994fc7249db-GrpcLogAppender: Wait interrupted by java.lang.InterruptedException
2019-10-14 09:11:39,629 [ForkJoinPool.commonPool-worker-0] INFO  impl.StateMachineUpdater (StateMachineUpdater.java:stopAndJoin(125)) - aabd13a9-38b1-453f-a600-f425fadd7a8e@group-3B8003B14D19-StateMachineUpdater: set stopIndex = 0
2019-10-14 09:11:39,629 [main] INFO  impl.StateMachineUpdater (StateMachineUpdater.java:stopAndJoin(125)) - aabd13a9-38b1-453f-a600-f425fadd7a8e@group-CEABDACBA137-StateMachineUpdater: set stopIndex = 20
2019-10-14 09:11:39,629 [aabd13a9-38b1-453f-a600-f425fadd7a8e@group-CEABDACBA137-StateMachineUpdater] INFO  ratis.ContainerStateMachine (ContainerStateMachine.java:takeSnapshot(289)) - group-CEABDACBA137: Taking a snapshot at:(t:4, i:20) file /workdir/hadoop-ozone/integration-test/target/test-dir/MiniOzoneClusterImpl-7dc343c7-8e33-43f6-86ca-4a53fe0b4b94/datanode-3/data/ratis/1dc6c959-80d5-41ba-9b95-ceabdacba137/sm/snapshot.4_20
2019-10-14 09:11:39,629 [grpc-default-executor-5] INFO  server.GrpcServerProtocolService (GrpcServerProtocolService.java:onCompleted(113)) - d1f57701-3fd0-49df-bc3e-2994fc7249db: Completed APPEND_ENTRIES, lastRequest: aabd13a9-38b1-453f-a600-f425fadd7a8e->d1f57701-3fd0-49df-bc3e-2994fc7249db#43-t4, previous=(t:4, i:20), leaderCommit=20, initializing? false, entries: <empty>
2019-10-14 09:11:39,630 [ForkJoinPool.commonPool-worker-0] INFO  impl.RaftServerImpl (ServerState.java:close(385)) - aabd13a9-38b1-453f-a600-f425fadd7a8e@group-3B8003B14D19: closes. applyIndex: 0
2019-10-14 09:11:39,631 [aabd13a9-38b1-453f-a600-f425fadd7a8e@group-3B8003B14D19-SegmentedRaftLogWorker] INFO  segmented.SegmentedRaftLogWorker (SegmentedRaftLogWorker.java:run(313)) - aabd13a9-38b1-453f-a600-f425fadd7a8e@group-3B8003B14D19-SegmentedRaftLogWorker was interrupted, exiting. There are 0 tasks remaining in the queue.
2019-10-14 09:11:39,631 [grpc-default-executor-5] INFO  server.GrpcLogAppender (GrpcLogAppender.java:onCompleted(293)) - aabd13a9-38b1-453f-a600-f425fadd7a8e@group-CEABDACBA137->d1f57701-3fd0-49df-bc3e-2994fc7249db-AppendLogResponseHandler: follower responses appendEntries COMPLETED
2019-10-14 09:11:39,633 [grpc-default-executor-5] INFO  impl.FollowerInfo (FollowerInfo.java:lambda$new$0(51)) - aabd13a9-38b1-453f-a600-f425fadd7a8e@group-CEABDACBA137->d1f57701-3fd0-49df-bc3e-2994fc7249db: nextIndex: updateUnconditionally 21 -> 20
2019-10-14 09:11:39,641 [ForkJoinPool.commonPool-worker-0] INFO  segmented.SegmentedRaftLogWorker (SegmentedRaftLogWorker.java:close(228)) - aabd13a9-38b1-453f-a600-f425fadd7a8e@group-3B8003B14D19-SegmentedRaftLogWorker close()
2019-10-14 09:11:39,661 [aabd13a9-38b1-453f-a600-f425fadd7a8e@group-CEABDACBA137-StateMachineUpdater] INFO  ratis.ContainerStateMachine (ContainerStateMachine.java:takeSnapshot(300)) - group-CEABDACBA137: Finished taking a snapshot at:(t:4, i:20) file:/workdir/hadoop-ozone/integration-test/target/test-dir/MiniOzoneClusterImpl-7dc343c7-8e33-43f6-86ca-4a53fe0b4b94/datanode-3/data/ratis/1dc6c959-80d5-41ba-9b95-ceabdacba137/sm/snapshot.4_20 time:32
2019-10-14 09:11:39,662 [aabd13a9-38b1-453f-a600-f425fadd7a8e@group-CEABDACBA137-StateMachineUpdater] INFO  impl.StateMachineUpdater (StateMachineUpdater.java:takeSnapshot(258)) - aabd13a9-38b1-453f-a600-f425fadd7a8e@group-CEABDACBA137-StateMachineUpdater: Took a snapshot at index 20
2019-10-14 09:11:39,662 [aabd13a9-38b1-453f-a600-f425fadd7a8e@group-CEABDACBA137-StateMachineUpdater] INFO  impl.StateMachineUpdater (StateMachineUpdater.java:lambda$new$0(83)) - aabd13a9-38b1-453f-a600-f425fadd7a8e@group-CEABDACBA137-StateMachineUpdater: snapshotIndex: updateIncreasingly -1 -> 20
2019-10-14 09:11:39,663 [main] INFO  impl.RaftServerImpl (ServerState.java:close(385)) - aabd13a9-38b1-453f-a600-f425fadd7a8e@group-CEABDACBA137: closes. applyIndex: 20
2019-10-14 09:11:39,664 [aabd13a9-38b1-453f-a600-f425fadd7a8e@group-CEABDACBA137-SegmentedRaftLogWorker] INFO  segmented.SegmentedRaftLogWorker (SegmentedRaftLogWorker.java:run(313)) - aabd13a9-38b1-453f-a600-f425fadd7a8e@group-CEABDACBA137-SegmentedRaftLogWorker was interrupted, exiting. There are 0 tasks remaining in the queue.
2019-10-14 09:11:39,667 [main] INFO  segmented.SegmentedRaftLogWorker (SegmentedRaftLogWorker.java:close(228)) - aabd13a9-38b1-453f-a600-f425fadd7a8e@group-CEABDACBA137-SegmentedRaftLogWorker close()
2019-10-14 09:11:39,669 [main] INFO  server.GrpcService (GrpcService.java:closeImpl(164)) - aabd13a9-38b1-453f-a600-f425fadd7a8e: shutdown server with port 36671 now
2019-10-14 09:11:39,671 [grpc-default-executor-3] WARN  client.GrpcClientProtocolService (LogUtils.java:warn(134)) - 2-UnorderedRequestStreamObserver2: onError: org.apache.ratis.thirdparty.io.grpc.StatusRuntimeException: CANCELLED: cancelled before receiving half close
2019-10-14 09:11:39,671 [main] INFO  server.GrpcService (GrpcService.java:closeImpl(172)) - aabd13a9-38b1-453f-a600-f425fadd7a8e: shutdown server with port 36671 successfully
2019-10-14 09:11:39,675 [refreshUsed-/workdir/hadoop-ozone/integration-test/target/test-dir/MiniOzoneClusterImpl-7dc343c7-8e33-43f6-86ca-4a53fe0b4b94/datanode-3/data/containers] WARN  fs.CachingGetSpaceUsed (CachingGetSpaceUsed.java:run(183)) - Thread Interrupted waiting to refresh disk information: sleep interrupted
2019-10-14 09:11:39,689 [main] INFO  utils.BackgroundService (BackgroundService.java:shutdown(148)) - Shutting down service BlockDeletingService
2019-10-14 09:11:39,694 [main] INFO  statemachine.DatanodeStateMachine (DatanodeStateMachine.java:stopDaemon(395)) - Ozone container server stopped.
2019-10-14 09:11:39,695 [main] INFO  handler.ContextHandler (ContextHandler.java:doStop(910)) - Stopped o.e.j.w.WebAppContext@4dc7cd1c{/,null,UNAVAILABLE}{/hddsDatanode}
2019-10-14 09:11:39,696 [main] INFO  server.AbstractConnector (AbstractConnector.java:doStop(318)) - Stopped ServerConnector@50ab56e2{HTTP/1.1,[http/1.1]}{0.0.0.0:0}
2019-10-14 09:11:39,696 [main] INFO  handler.ContextHandler (ContextHandler.java:doStop(910)) - Stopped o.e.j.s.ServletContextHandler@4cffcc61{/static,jar:file:/home/user/.m2/repository/org/apache/hadoop/hadoop-hdds-container-service/0.5.0-SNAPSHOT/hadoop-hdds-container-service-0.5.0-SNAPSHOT.jar!/webapps/static,UNAVAILABLE}
2019-10-14 09:11:39,697 [main] INFO  handler.ContextHandler (ContextHandler.java:doStop(910)) - Stopped o.e.j.s.ServletContextHandler@63f855b{/logs,file:///workdir/hadoop-ozone/integration-test/target/log,UNAVAILABLE}
2019-10-14 09:11:41,162 [Thread-1406] INFO  impl.FollowerState (FollowerState.java:run(106)) - d1f57701-3fd0-49df-bc3e-2994fc7249db:group-CEABDACBA137 changes to CANDIDATE, lastRpcTime:2006, electionTimeout:1178ms
2019-10-14 09:11:41,163 [Thread-1406] INFO  impl.RoleInfo (RoleInfo.java:shutdownFollowerState(121)) - d1f57701-3fd0-49df-bc3e-2994fc7249db: shutdown FollowerState
2019-10-14 09:11:41,163 [Thread-1406] INFO  impl.RaftServerImpl (RaftServerImpl.java:setRole(174)) - d1f57701-3fd0-49df-bc3e-2994fc7249db@group-CEABDACBA137: changes role from  FOLLOWER to CANDIDATE at term 4 for changeToCandidate
2019-10-14 09:11:41,163 [Thread-1406] INFO  impl.RoleInfo (RoleInfo.java:updateAndGet(143)) - d1f57701-3fd0-49df-bc3e-2994fc7249db: start LeaderElection
2019-10-14 09:11:41,164 [d1f57701-3fd0-49df-bc3e-2994fc7249db@group-CEABDACBA137:LeaderElection67] INFO  impl.RaftServerImpl (ServerState.java:setLeader(253)) - d1f57701-3fd0-49df-bc3e-2994fc7249db@group-CEABDACBA137: change Leader from aabd13a9-38b1-453f-a600-f425fadd7a8e to null at term 4 for initElection
2019-10-14 09:11:41,187 [d1f57701-3fd0-49df-bc3e-2994fc7249db@group-CEABDACBA137:LeaderElection67] INFO  impl.LeaderElection (LeaderElection.java:askForVotes(182)) - d1f57701-3fd0-49df-bc3e-2994fc7249db@group-CEABDACBA137:LeaderElection67: begin an election at term 5 for 0: [aabd13a9-38b1-453f-a600-f425fadd7a8e:192.168.164.214:36671, 585f7a51-f4d3-431b-937d-1c786f624e2b:192.168.164.214:35977, d1f57701-3fd0-49df-bc3e-2994fc7249db:192.168.164.214:43350], old=null
2019-10-14 09:11:41,190 [d1f57701-3fd0-49df-bc3e-2994fc7249db@group-CEABDACBA137:LeaderElection67] INFO  impl.LeaderElection (LogUtils.java:infoOrTrace(149)) - d1f57701-3fd0-49df-bc3e-2994fc7249db@group-CEABDACBA137:LeaderElection67 got exception when requesting votes: {}
java.util.concurrent.ExecutionException: org.apache.ratis.thirdparty.io.grpc.StatusRuntimeException: UNAVAILABLE: io exception
	at java.util.concurrent.FutureTask.report(FutureTask.java:122)
	at java.util.concurrent.FutureTask.get(FutureTask.java:192)
	at org.apache.ratis.server.impl.LeaderElection.waitForResults(LeaderElection.java:263)
	at org.apache.ratis.server.impl.LeaderElection.askForVotes(LeaderElection.java:201)
	at org.apache.ratis.server.impl.LeaderElection.run(LeaderElection.java:133)
	at java.lang.Thread.run(Thread.java:748)
Caused by: org.apache.ratis.thirdparty.io.grpc.StatusRuntimeException: UNAVAILABLE: io exception
	at org.apache.ratis.thirdparty.io.grpc.stub.ClientCalls.toStatusRuntimeException(ClientCalls.java:233)
	at org.apache.ratis.thirdparty.io.grpc.stub.ClientCalls.getUnchecked(ClientCalls.java:214)
	at org.apache.ratis.thirdparty.io.grpc.stub.ClientCalls.blockingUnaryCall(ClientCalls.java:139)
	at org.apache.ratis.proto.grpc.RaftServerProtocolServiceGrpc$RaftServerProtocolServiceBlockingStub.requestVote(RaftServerProtocolServiceGrpc.java:265)
	at org.apache.ratis.grpc.server.GrpcServerProtocolClient.requestVote(GrpcServerProtocolClient.java:90)
	at org.apache.ratis.grpc.server.GrpcService.requestVote(GrpcService.java:204)
	at org.apache.ratis.server.impl.LeaderElection.lambda$submitRequests$1(LeaderElection.java:238)
	at java.util.concurrent.FutureTask.run(FutureTask.java:266)
	at java.util.concurrent.Executors$RunnableAdapter.call(Executors.java:511)
	at java.util.concurrent.FutureTask.run(FutureTask.java:266)
	at java.util.concurrent.ThreadPoolExecutor.runWorker(ThreadPoolExecutor.java:1149)
	at java.util.concurrent.ThreadPoolExecutor$Worker.run(ThreadPoolExecutor.java:624)
	... 1 more
Caused by: org.apache.ratis.thirdparty.io.netty.channel.AbstractChannel$AnnotatedConnectException: Connection refused: /192.168.164.214:36671
	at sun.nio.ch.SocketChannelImpl.checkConnect(Native Method)
	at sun.nio.ch.SocketChannelImpl.finishConnect(SocketChannelImpl.java:717)
	at org.apache.ratis.thirdparty.io.netty.channel.socket.nio.NioSocketChannel.doFinishConnect(NioSocketChannel.java:327)
	at org.apache.ratis.thirdparty.io.netty.channel.nio.AbstractNioChannel$AbstractNioUnsafe.finishConnect(AbstractNioChannel.java:340)
	at org.apache.ratis.thirdparty.io.netty.channel.nio.NioEventLoop.processSelectedKey(NioEventLoop.java:632)
	at org.apache.ratis.thirdparty.io.netty.channel.nio.NioEventLoop.processSelectedKeysOptimized(NioEventLoop.java:579)
	at org.apache.ratis.thirdparty.io.netty.channel.nio.NioEventLoop.processSelectedKeys(NioEventLoop.java:496)
	at org.apache.ratis.thirdparty.io.netty.channel.nio.NioEventLoop.run(NioEventLoop.java:458)
	at org.apache.ratis.thirdparty.io.netty.util.concurrent.SingleThreadEventExecutor$5.run(SingleThreadEventExecutor.java:897)
	at org.apache.ratis.thirdparty.io.netty.util.concurrent.FastThreadLocalRunnable.run(FastThreadLocalRunnable.java:30)
	... 1 more
Caused by: java.net.ConnectException: Connection refused
	... 11 more
2019-10-14 09:11:41,191 [d1f57701-3fd0-49df-bc3e-2994fc7249db@group-CEABDACBA137:LeaderElection67] INFO  impl.LeaderElection (LogUtils.java:infoOrTrace(149)) - d1f57701-3fd0-49df-bc3e-2994fc7249db@group-CEABDACBA137:LeaderElection67 got exception when requesting votes: {}
java.util.concurrent.ExecutionException: org.apache.ratis.thirdparty.io.grpc.StatusRuntimeException: UNAVAILABLE: io exception
	at java.util.concurrent.FutureTask.report(FutureTask.java:122)
	at java.util.concurrent.FutureTask.get(FutureTask.java:192)
	at org.apache.ratis.server.impl.LeaderElection.waitForResults(LeaderElection.java:263)
	at org.apache.ratis.server.impl.LeaderElection.askForVotes(LeaderElection.java:201)
	at org.apache.ratis.server.impl.LeaderElection.run(LeaderElection.java:133)
	at java.lang.Thread.run(Thread.java:748)
Caused by: org.apache.ratis.thirdparty.io.grpc.StatusRuntimeException: UNAVAILABLE: io exception
	at org.apache.ratis.thirdparty.io.grpc.stub.ClientCalls.toStatusRuntimeException(ClientCalls.java:233)
	at org.apache.ratis.thirdparty.io.grpc.stub.ClientCalls.getUnchecked(ClientCalls.java:214)
	at org.apache.ratis.thirdparty.io.grpc.stub.ClientCalls.blockingUnaryCall(ClientCalls.java:139)
	at org.apache.ratis.proto.grpc.RaftServerProtocolServiceGrpc$RaftServerProtocolServiceBlockingStub.requestVote(RaftServerProtocolServiceGrpc.java:265)
	at org.apache.ratis.grpc.server.GrpcServerProtocolClient.requestVote(GrpcServerProtocolClient.java:90)
	at org.apache.ratis.grpc.server.GrpcService.requestVote(GrpcService.java:204)
	at org.apache.ratis.server.impl.LeaderElection.lambda$submitRequests$1(LeaderElection.java:238)
	at java.util.concurrent.FutureTask.run(FutureTask.java:266)
	at java.util.concurrent.Executors$RunnableAdapter.call(Executors.java:511)
	at java.util.concurrent.FutureTask.run(FutureTask.java:266)
	at java.util.concurrent.ThreadPoolExecutor.runWorker(ThreadPoolExecutor.java:1149)
	at java.util.concurrent.ThreadPoolExecutor$Worker.run(ThreadPoolExecutor.java:624)
	... 1 more
Caused by: org.apache.ratis.thirdparty.io.netty.channel.AbstractChannel$AnnotatedConnectException: Connection refused: /192.168.164.214:35977
	at sun.nio.ch.SocketChannelImpl.checkConnect(Native Method)
	at sun.nio.ch.SocketChannelImpl.finishConnect(SocketChannelImpl.java:717)
	at org.apache.ratis.thirdparty.io.netty.channel.socket.nio.NioSocketChannel.doFinishConnect(NioSocketChannel.java:327)
	at org.apache.ratis.thirdparty.io.netty.channel.nio.AbstractNioChannel$AbstractNioUnsafe.finishConnect(AbstractNioChannel.java:340)
	at org.apache.ratis.thirdparty.io.netty.channel.nio.NioEventLoop.processSelectedKey(NioEventLoop.java:632)
	at org.apache.ratis.thirdparty.io.netty.channel.nio.NioEventLoop.processSelectedKeysOptimized(NioEventLoop.java:579)
	at org.apache.ratis.thirdparty.io.netty.channel.nio.NioEventLoop.processSelectedKeys(NioEventLoop.java:496)
	at org.apache.ratis.thirdparty.io.netty.channel.nio.NioEventLoop.run(NioEventLoop.java:458)
	at org.apache.ratis.thirdparty.io.netty.util.concurrent.SingleThreadEventExecutor$5.run(SingleThreadEventExecutor.java:897)
	at org.apache.ratis.thirdparty.io.netty.util.concurrent.FastThreadLocalRunnable.run(FastThreadLocalRunnable.java:30)
	... 1 more
Caused by: java.net.ConnectException: Connection refused
	... 11 more
2019-10-14 09:11:41,191 [d1f57701-3fd0-49df-bc3e-2994fc7249db@group-CEABDACBA137:LeaderElection67] INFO  impl.LeaderElection (LeaderElection.java:logAndReturn(56)) - d1f57701-3fd0-49df-bc3e-2994fc7249db@group-CEABDACBA137:LeaderElection67: Election REJECTED; received 0 response(s) [] and 2 exception(s); d1f57701-3fd0-49df-bc3e-2994fc7249db@group-CEABDACBA137:t5, leader=null, voted=d1f57701-3fd0-49df-bc3e-2994fc7249db, raftlog=d1f57701-3fd0-49df-bc3e-2994fc7249db@group-CEABDACBA137-SegmentedRaftLog:OPENED:c20,f20,i20, conf=0: [aabd13a9-38b1-453f-a600-f425fadd7a8e:192.168.164.214:36671, 585f7a51-f4d3-431b-937d-1c786f624e2b:192.168.164.214:35977, d1f57701-3fd0-49df-bc3e-2994fc7249db:192.168.164.214:43350], old=null
2019-10-14 09:11:41,192 [d1f57701-3fd0-49df-bc3e-2994fc7249db@group-CEABDACBA137:LeaderElection67] INFO  impl.LeaderElection (LogUtils.java:infoOrTrace(149)) -   Exception 0: {}
java.util.concurrent.ExecutionException: org.apache.ratis.thirdparty.io.grpc.StatusRuntimeException: UNAVAILABLE: io exception
	at java.util.concurrent.FutureTask.report(FutureTask.java:122)
	at java.util.concurrent.FutureTask.get(FutureTask.java:192)
	at org.apache.ratis.server.impl.LeaderElection.waitForResults(LeaderElection.java:263)
	at org.apache.ratis.server.impl.LeaderElection.askForVotes(LeaderElection.java:201)
	at org.apache.ratis.server.impl.LeaderElection.run(LeaderElection.java:133)
	at java.lang.Thread.run(Thread.java:748)
Caused by: org.apache.ratis.thirdparty.io.grpc.StatusRuntimeException: UNAVAILABLE: io exception
	at org.apache.ratis.thirdparty.io.grpc.stub.ClientCalls.toStatusRuntimeException(ClientCalls.java:233)
	at org.apache.ratis.thirdparty.io.grpc.stub.ClientCalls.getUnchecked(ClientCalls.java:214)
	at org.apache.ratis.thirdparty.io.grpc.stub.ClientCalls.blockingUnaryCall(ClientCalls.java:139)
	at org.apache.ratis.proto.grpc.RaftServerProtocolServiceGrpc$RaftServerProtocolServiceBlockingStub.requestVote(RaftServerProtocolServiceGrpc.java:265)
	at org.apache.ratis.grpc.server.GrpcServerProtocolClient.requestVote(GrpcServerProtocolClient.java:90)
	at org.apache.ratis.grpc.server.GrpcService.requestVote(GrpcService.java:204)
	at org.apache.ratis.server.impl.LeaderElection.lambda$submitRequests$1(LeaderElection.java:238)
	at java.util.concurrent.FutureTask.run(FutureTask.java:266)
	at java.util.concurrent.Executors$RunnableAdapter.call(Executors.java:511)
	at java.util.concurrent.FutureTask.run(FutureTask.java:266)
	at java.util.concurrent.ThreadPoolExecutor.runWorker(ThreadPoolExecutor.java:1149)
	at java.util.concurrent.ThreadPoolExecutor$Worker.run(ThreadPoolExecutor.java:624)
	... 1 more
Caused by: org.apache.ratis.thirdparty.io.netty.channel.AbstractChannel$AnnotatedConnectException: Connection refused: /192.168.164.214:36671
	at sun.nio.ch.SocketChannelImpl.checkConnect(Native Method)
	at sun.nio.ch.SocketChannelImpl.finishConnect(SocketChannelImpl.java:717)
	at org.apache.ratis.thirdparty.io.netty.channel.socket.nio.NioSocketChannel.doFinishConnect(NioSocketChannel.java:327)
	at org.apache.ratis.thirdparty.io.netty.channel.nio.AbstractNioChannel$AbstractNioUnsafe.finishConnect(AbstractNioChannel.java:340)
	at org.apache.ratis.thirdparty.io.netty.channel.nio.NioEventLoop.processSelectedKey(NioEventLoop.java:632)
	at org.apache.ratis.thirdparty.io.netty.channel.nio.NioEventLoop.processSelectedKeysOptimized(NioEventLoop.java:579)
	at org.apache.ratis.thirdparty.io.netty.channel.nio.NioEventLoop.processSelectedKeys(NioEventLoop.java:496)
	at org.apache.ratis.thirdparty.io.netty.channel.nio.NioEventLoop.run(NioEventLoop.java:458)
	at org.apache.ratis.thirdparty.io.netty.util.concurrent.SingleThreadEventExecutor$5.run(SingleThreadEventExecutor.java:897)
	at org.apache.ratis.thirdparty.io.netty.util.concurrent.FastThreadLocalRunnable.run(FastThreadLocalRunnable.java:30)
	... 1 more
Caused by: java.net.ConnectException: Connection refused
	... 11 more
2019-10-14 09:11:41,192 [d1f57701-3fd0-49df-bc3e-2994fc7249db@group-CEABDACBA137:LeaderElection67] INFO  impl.LeaderElection (LogUtils.java:infoOrTrace(149)) -   Exception 1: {}
java.util.concurrent.ExecutionException: org.apache.ratis.thirdparty.io.grpc.StatusRuntimeException: UNAVAILABLE: io exception
	at java.util.concurrent.FutureTask.report(FutureTask.java:122)
	at java.util.concurrent.FutureTask.get(FutureTask.java:192)
	at org.apache.ratis.server.impl.LeaderElection.waitForResults(LeaderElection.java:263)
	at org.apache.ratis.server.impl.LeaderElection.askForVotes(LeaderElection.java:201)
	at org.apache.ratis.server.impl.LeaderElection.run(LeaderElection.java:133)
	at java.lang.Thread.run(Thread.java:748)
Caused by: org.apache.ratis.thirdparty.io.grpc.StatusRuntimeException: UNAVAILABLE: io exception
	at org.apache.ratis.thirdparty.io.grpc.stub.ClientCalls.toStatusRuntimeException(ClientCalls.java:233)
	at org.apache.ratis.thirdparty.io.grpc.stub.ClientCalls.getUnchecked(ClientCalls.java:214)
	at org.apache.ratis.thirdparty.io.grpc.stub.ClientCalls.blockingUnaryCall(ClientCalls.java:139)
	at org.apache.ratis.proto.grpc.RaftServerProtocolServiceGrpc$RaftServerProtocolServiceBlockingStub.requestVote(RaftServerProtocolServiceGrpc.java:265)
	at org.apache.ratis.grpc.server.GrpcServerProtocolClient.requestVote(GrpcServerProtocolClient.java:90)
	at org.apache.ratis.grpc.server.GrpcService.requestVote(GrpcService.java:204)
	at org.apache.ratis.server.impl.LeaderElection.lambda$submitRequests$1(LeaderElection.java:238)
	at java.util.concurrent.FutureTask.run(FutureTask.java:266)
	at java.util.concurrent.Executors$RunnableAdapter.call(Executors.java:511)
	at java.util.concurrent.FutureTask.run(FutureTask.java:266)
	at java.util.concurrent.ThreadPoolExecutor.runWorker(ThreadPoolExecutor.java:1149)
	at java.util.concurrent.ThreadPoolExecutor$Worker.run(ThreadPoolExecutor.java:624)
	... 1 more
Caused by: org.apache.ratis.thirdparty.io.netty.channel.AbstractChannel$AnnotatedConnectException: Connection refused: /192.168.164.214:35977
	at sun.nio.ch.SocketChannelImpl.checkConnect(Native Method)
	at sun.nio.ch.SocketChannelImpl.finishConnect(SocketChannelImpl.java:717)
	at org.apache.ratis.thirdparty.io.netty.channel.socket.nio.NioSocketChannel.doFinishConnect(NioSocketChannel.java:327)
	at org.apache.ratis.thirdparty.io.netty.channel.nio.AbstractNioChannel$AbstractNioUnsafe.finishConnect(AbstractNioChannel.java:340)
	at org.apache.ratis.thirdparty.io.netty.channel.nio.NioEventLoop.processSelectedKey(NioEventLoop.java:632)
	at org.apache.ratis.thirdparty.io.netty.channel.nio.NioEventLoop.processSelectedKeysOptimized(NioEventLoop.java:579)
	at org.apache.ratis.thirdparty.io.netty.channel.nio.NioEventLoop.processSelectedKeys(NioEventLoop.java:496)
	at org.apache.ratis.thirdparty.io.netty.channel.nio.NioEventLoop.run(NioEventLoop.java:458)
	at org.apache.ratis.thirdparty.io.netty.util.concurrent.SingleThreadEventExecutor$5.run(SingleThreadEventExecutor.java:897)
	at org.apache.ratis.thirdparty.io.netty.util.concurrent.FastThreadLocalRunnable.run(FastThreadLocalRunnable.java:30)
	... 1 more
Caused by: java.net.ConnectException: Connection refused
	... 11 more
2019-10-14 09:11:41,193 [d1f57701-3fd0-49df-bc3e-2994fc7249db@group-CEABDACBA137:LeaderElection67] INFO  impl.RaftServerImpl (RaftServerImpl.java:setRole(174)) - d1f57701-3fd0-49df-bc3e-2994fc7249db@group-CEABDACBA137: changes role from CANDIDATE to FOLLOWER at term 5 for DISCOVERED_A_NEW_TERM
2019-10-14 09:11:41,193 [d1f57701-3fd0-49df-bc3e-2994fc7249db@group-CEABDACBA137:LeaderElection67] INFO  impl.RoleInfo (RoleInfo.java:shutdownLeaderElection(134)) - d1f57701-3fd0-49df-bc3e-2994fc7249db: shutdown LeaderElection
2019-10-14 09:11:41,194 [d1f57701-3fd0-49df-bc3e-2994fc7249db@group-CEABDACBA137:LeaderElection67] INFO  impl.RoleInfo (RoleInfo.java:updateAndGet(143)) - d1f57701-3fd0-49df-bc3e-2994fc7249db: start FollowerState
2019-10-14 09:11:42,199 [Thread-1580] INFO  impl.FollowerState (FollowerState.java:run(106)) - d1f57701-3fd0-49df-bc3e-2994fc7249db:group-CEABDACBA137 changes to CANDIDATE, lastRpcTime:1005, electionTimeout:1005ms
2019-10-14 09:11:42,199 [Thread-1580] INFO  impl.RoleInfo (RoleInfo.java:shutdownFollowerState(121)) - d1f57701-3fd0-49df-bc3e-2994fc7249db: shutdown FollowerState
2019-10-14 09:11:42,200 [Thread-1580] INFO  impl.RaftServerImpl (RaftServerImpl.java:setRole(174)) - d1f57701-3fd0-49df-bc3e-2994fc7249db@group-CEABDACBA137: changes role from  FOLLOWER to CANDIDATE at term 5 for changeToCandidate
2019-10-14 09:11:42,200 [Thread-1580] INFO  impl.RoleInfo (RoleInfo.java:updateAndGet(143)) - d1f57701-3fd0-49df-bc3e-2994fc7249db: start LeaderElection
2019-10-14 09:11:42,224 [d1f57701-3fd0-49df-bc3e-2994fc7249db@group-CEABDACBA137:LeaderElection68] INFO  impl.LeaderElection (LeaderElection.java:askForVotes(182)) - d1f57701-3fd0-49df-bc3e-2994fc7249db@group-CEABDACBA137:LeaderElection68: begin an election at term 6 for 0: [aabd13a9-38b1-453f-a600-f425fadd7a8e:192.168.164.214:36671, 585f7a51-f4d3-431b-937d-1c786f624e2b:192.168.164.214:35977, d1f57701-3fd0-49df-bc3e-2994fc7249db:192.168.164.214:43350], old=null
2019-10-14 09:11:42,225 [d1f57701-3fd0-49df-bc3e-2994fc7249db@group-CEABDACBA137:LeaderElection68] INFO  impl.LeaderElection (LogUtils.java:infoOrTrace(149)) - d1f57701-3fd0-49df-bc3e-2994fc7249db@group-CEABDACBA137:LeaderElection68 got exception when requesting votes: {}
java.util.concurrent.ExecutionException: org.apache.ratis.thirdparty.io.grpc.StatusRuntimeException: UNAVAILABLE: io exception
	at java.util.concurrent.FutureTask.report(FutureTask.java:122)
	at java.util.concurrent.FutureTask.get(FutureTask.java:192)
	at org.apache.ratis.server.impl.LeaderElection.waitForResults(LeaderElection.java:263)
	at org.apache.ratis.server.impl.LeaderElection.askForVotes(LeaderElection.java:201)
	at org.apache.ratis.server.impl.LeaderElection.run(LeaderElection.java:133)
	at java.lang.Thread.run(Thread.java:748)
Caused by: org.apache.ratis.thirdparty.io.grpc.StatusRuntimeException: UNAVAILABLE: io exception
	at org.apache.ratis.thirdparty.io.grpc.stub.ClientCalls.toStatusRuntimeException(ClientCalls.java:233)
	at org.apache.ratis.thirdparty.io.grpc.stub.ClientCalls.getUnchecked(ClientCalls.java:214)
	at org.apache.ratis.thirdparty.io.grpc.stub.ClientCalls.blockingUnaryCall(ClientCalls.java:139)
	at org.apache.ratis.proto.grpc.RaftServerProtocolServiceGrpc$RaftServerProtocolServiceBlockingStub.requestVote(RaftServerProtocolServiceGrpc.java:265)
	at org.apache.ratis.grpc.server.GrpcServerProtocolClient.requestVote(GrpcServerProtocolClient.java:90)
	at org.apache.ratis.grpc.server.GrpcService.requestVote(GrpcService.java:204)
	at org.apache.ratis.server.impl.LeaderElection.lambda$submitRequests$1(LeaderElection.java:238)
	at java.util.concurrent.FutureTask.run(FutureTask.java:266)
	at java.util.concurrent.Executors$RunnableAdapter.call(Executors.java:511)
	at java.util.concurrent.FutureTask.run(FutureTask.java:266)
	at java.util.concurrent.ThreadPoolExecutor.runWorker(ThreadPoolExecutor.java:1149)
	at java.util.concurrent.ThreadPoolExecutor$Worker.run(ThreadPoolExecutor.java:624)
	... 1 more
Caused by: org.apache.ratis.thirdparty.io.netty.channel.AbstractChannel$AnnotatedConnectException: Connection refused: /192.168.164.214:36671
	at sun.nio.ch.SocketChannelImpl.checkConnect(Native Method)
	at sun.nio.ch.SocketChannelImpl.finishConnect(SocketChannelImpl.java:717)
	at org.apache.ratis.thirdparty.io.netty.channel.socket.nio.NioSocketChannel.doFinishConnect(NioSocketChannel.java:327)
	at org.apache.ratis.thirdparty.io.netty.channel.nio.AbstractNioChannel$AbstractNioUnsafe.finishConnect(AbstractNioChannel.java:340)
	at org.apache.ratis.thirdparty.io.netty.channel.nio.NioEventLoop.processSelectedKey(NioEventLoop.java:632)
	at org.apache.ratis.thirdparty.io.netty.channel.nio.NioEventLoop.processSelectedKeysOptimized(NioEventLoop.java:579)
	at org.apache.ratis.thirdparty.io.netty.channel.nio.NioEventLoop.processSelectedKeys(NioEventLoop.java:496)
	at org.apache.ratis.thirdparty.io.netty.channel.nio.NioEventLoop.run(NioEventLoop.java:458)
	at org.apache.ratis.thirdparty.io.netty.util.concurrent.SingleThreadEventExecutor$5.run(SingleThreadEventExecutor.java:897)
	at org.apache.ratis.thirdparty.io.netty.util.concurrent.FastThreadLocalRunnable.run(FastThreadLocalRunnable.java:30)
	... 1 more
Caused by: java.net.ConnectException: Connection refused
	... 11 more
2019-10-14 09:11:42,225 [d1f57701-3fd0-49df-bc3e-2994fc7249db@group-CEABDACBA137:LeaderElection68] INFO  impl.LeaderElection (LogUtils.java:infoOrTrace(149)) - d1f57701-3fd0-49df-bc3e-2994fc7249db@group-CEABDACBA137:LeaderElection68 got exception when requesting votes: {}
java.util.concurrent.ExecutionException: org.apache.ratis.thirdparty.io.grpc.StatusRuntimeException: UNAVAILABLE: io exception
	at java.util.concurrent.FutureTask.report(FutureTask.java:122)
	at java.util.concurrent.FutureTask.get(FutureTask.java:192)
	at org.apache.ratis.server.impl.LeaderElection.waitForResults(LeaderElection.java:263)
	at org.apache.ratis.server.impl.LeaderElection.askForVotes(LeaderElection.java:201)
	at org.apache.ratis.server.impl.LeaderElection.run(LeaderElection.java:133)
	at java.lang.Thread.run(Thread.java:748)
Caused by: org.apache.ratis.thirdparty.io.grpc.StatusRuntimeException: UNAVAILABLE: io exception
	at org.apache.ratis.thirdparty.io.grpc.stub.ClientCalls.toStatusRuntimeException(ClientCalls.java:233)
	at org.apache.ratis.thirdparty.io.grpc.stub.ClientCalls.getUnchecked(ClientCalls.java:214)
	at org.apache.ratis.thirdparty.io.grpc.stub.ClientCalls.blockingUnaryCall(ClientCalls.java:139)
	at org.apache.ratis.proto.grpc.RaftServerProtocolServiceGrpc$RaftServerProtocolServiceBlockingStub.requestVote(RaftServerProtocolServiceGrpc.java:265)
	at org.apache.ratis.grpc.server.GrpcServerProtocolClient.requestVote(GrpcServerProtocolClient.java:90)
	at org.apache.ratis.grpc.server.GrpcService.requestVote(GrpcService.java:204)
	at org.apache.ratis.server.impl.LeaderElection.lambda$submitRequests$1(LeaderElection.java:238)
	at java.util.concurrent.FutureTask.run(FutureTask.java:266)
	at java.util.concurrent.Executors$RunnableAdapter.call(Executors.java:511)
	at java.util.concurrent.FutureTask.run(FutureTask.java:266)
	at java.util.concurrent.ThreadPoolExecutor.runWorker(ThreadPoolExecutor.java:1149)
	at java.util.concurrent.ThreadPoolExecutor$Worker.run(ThreadPoolExecutor.java:624)
	... 1 more
Caused by: org.apache.ratis.thirdparty.io.netty.channel.AbstractChannel$AnnotatedConnectException: Connection refused: /192.168.164.214:35977
	at sun.nio.ch.SocketChannelImpl.checkConnect(Native Method)
	at sun.nio.ch.SocketChannelImpl.finishConnect(SocketChannelImpl.java:717)
	at org.apache.ratis.thirdparty.io.netty.channel.socket.nio.NioSocketChannel.doFinishConnect(NioSocketChannel.java:327)
	at org.apache.ratis.thirdparty.io.netty.channel.nio.AbstractNioChannel$AbstractNioUnsafe.finishConnect(AbstractNioChannel.java:340)
	at org.apache.ratis.thirdparty.io.netty.channel.nio.NioEventLoop.processSelectedKey(NioEventLoop.java:632)
	at org.apache.ratis.thirdparty.io.netty.channel.nio.NioEventLoop.processSelectedKeysOptimized(NioEventLoop.java:579)
	at org.apache.ratis.thirdparty.io.netty.channel.nio.NioEventLoop.processSelectedKeys(NioEventLoop.java:496)
	at org.apache.ratis.thirdparty.io.netty.channel.nio.NioEventLoop.run(NioEventLoop.java:458)
	at org.apache.ratis.thirdparty.io.netty.util.concurrent.SingleThreadEventExecutor$5.run(SingleThreadEventExecutor.java:897)
	at org.apache.ratis.thirdparty.io.netty.util.concurrent.FastThreadLocalRunnable.run(FastThreadLocalRunnable.java:30)
	... 1 more
Caused by: java.net.ConnectException: Connection refused
	... 11 more
2019-10-14 09:11:42,226 [d1f57701-3fd0-49df-bc3e-2994fc7249db@group-CEABDACBA137:LeaderElection68] INFO  impl.LeaderElection (LeaderElection.java:logAndReturn(56)) - d1f57701-3fd0-49df-bc3e-2994fc7249db@group-CEABDACBA137:LeaderElection68: Election REJECTED; received 0 response(s) [] and 2 exception(s); d1f57701-3fd0-49df-bc3e-2994fc7249db@group-CEABDACBA137:t6, leader=null, voted=d1f57701-3fd0-49df-bc3e-2994fc7249db, raftlog=d1f57701-3fd0-49df-bc3e-2994fc7249db@group-CEABDACBA137-SegmentedRaftLog:OPENED:c20,f20,i20, conf=0: [aabd13a9-38b1-453f-a600-f425fadd7a8e:192.168.164.214:36671, 585f7a51-f4d3-431b-937d-1c786f624e2b:192.168.164.214:35977, d1f57701-3fd0-49df-bc3e-2994fc7249db:192.168.164.214:43350], old=null
2019-10-14 09:11:42,226 [d1f57701-3fd0-49df-bc3e-2994fc7249db@group-CEABDACBA137:LeaderElection68] INFO  impl.LeaderElection (LogUtils.java:infoOrTrace(149)) -   Exception 0: {}
java.util.concurrent.ExecutionException: org.apache.ratis.thirdparty.io.grpc.StatusRuntimeException: UNAVAILABLE: io exception
	at java.util.concurrent.FutureTask.report(FutureTask.java:122)
	at java.util.concurrent.FutureTask.get(FutureTask.java:192)
	at org.apache.ratis.server.impl.LeaderElection.waitForResults(LeaderElection.java:263)
	at org.apache.ratis.server.impl.LeaderElection.askForVotes(LeaderElection.java:201)
	at org.apache.ratis.server.impl.LeaderElection.run(LeaderElection.java:133)
	at java.lang.Thread.run(Thread.java:748)
Caused by: org.apache.ratis.thirdparty.io.grpc.StatusRuntimeException: UNAVAILABLE: io exception
	at org.apache.ratis.thirdparty.io.grpc.stub.ClientCalls.toStatusRuntimeException(ClientCalls.java:233)
	at org.apache.ratis.thirdparty.io.grpc.stub.ClientCalls.getUnchecked(ClientCalls.java:214)
	at org.apache.ratis.thirdparty.io.grpc.stub.ClientCalls.blockingUnaryCall(ClientCalls.java:139)
	at org.apache.ratis.proto.grpc.RaftServerProtocolServiceGrpc$RaftServerProtocolServiceBlockingStub.requestVote(RaftServerProtocolServiceGrpc.java:265)
	at org.apache.ratis.grpc.server.GrpcServerProtocolClient.requestVote(GrpcServerProtocolClient.java:90)
	at org.apache.ratis.grpc.server.GrpcService.requestVote(GrpcService.java:204)
	at org.apache.ratis.server.impl.LeaderElection.lambda$submitRequests$1(LeaderElection.java:238)
	at java.util.concurrent.FutureTask.run(FutureTask.java:266)
	at java.util.concurrent.Executors$RunnableAdapter.call(Executors.java:511)
	at java.util.concurrent.FutureTask.run(FutureTask.java:266)
	at java.util.concurrent.ThreadPoolExecutor.runWorker(ThreadPoolExecutor.java:1149)
	at java.util.concurrent.ThreadPoolExecutor$Worker.run(ThreadPoolExecutor.java:624)
	... 1 more
Caused by: org.apache.ratis.thirdparty.io.netty.channel.AbstractChannel$AnnotatedConnectException: Connection refused: /192.168.164.214:36671
	at sun.nio.ch.SocketChannelImpl.checkConnect(Native Method)
	at sun.nio.ch.SocketChannelImpl.finishConnect(SocketChannelImpl.java:717)
	at org.apache.ratis.thirdparty.io.netty.channel.socket.nio.NioSocketChannel.doFinishConnect(NioSocketChannel.java:327)
	at org.apache.ratis.thirdparty.io.netty.channel.nio.AbstractNioChannel$AbstractNioUnsafe.finishConnect(AbstractNioChannel.java:340)
	at org.apache.ratis.thirdparty.io.netty.channel.nio.NioEventLoop.processSelectedKey(NioEventLoop.java:632)
	at org.apache.ratis.thirdparty.io.netty.channel.nio.NioEventLoop.processSelectedKeysOptimized(NioEventLoop.java:579)
	at org.apache.ratis.thirdparty.io.netty.channel.nio.NioEventLoop.processSelectedKeys(NioEventLoop.java:496)
	at org.apache.ratis.thirdparty.io.netty.channel.nio.NioEventLoop.run(NioEventLoop.java:458)
	at org.apache.ratis.thirdparty.io.netty.util.concurrent.SingleThreadEventExecutor$5.run(SingleThreadEventExecutor.java:897)
	at org.apache.ratis.thirdparty.io.netty.util.concurrent.FastThreadLocalRunnable.run(FastThreadLocalRunnable.java:30)
	... 1 more
Caused by: java.net.ConnectException: Connection refused
	... 11 more
2019-10-14 09:11:42,226 [d1f57701-3fd0-49df-bc3e-2994fc7249db@group-CEABDACBA137:LeaderElection68] INFO  impl.LeaderElection (LogUtils.java:infoOrTrace(149)) -   Exception 1: {}
java.util.concurrent.ExecutionException: org.apache.ratis.thirdparty.io.grpc.StatusRuntimeException: UNAVAILABLE: io exception
	at java.util.concurrent.FutureTask.report(FutureTask.java:122)
	at java.util.concurrent.FutureTask.get(FutureTask.java:192)
	at org.apache.ratis.server.impl.LeaderElection.waitForResults(LeaderElection.java:263)
	at org.apache.ratis.server.impl.LeaderElection.askForVotes(LeaderElection.java:201)
	at org.apache.ratis.server.impl.LeaderElection.run(LeaderElection.java:133)
	at java.lang.Thread.run(Thread.java:748)
Caused by: org.apache.ratis.thirdparty.io.grpc.StatusRuntimeException: UNAVAILABLE: io exception
	at org.apache.ratis.thirdparty.io.grpc.stub.ClientCalls.toStatusRuntimeException(ClientCalls.java:233)
	at org.apache.ratis.thirdparty.io.grpc.stub.ClientCalls.getUnchecked(ClientCalls.java:214)
	at org.apache.ratis.thirdparty.io.grpc.stub.ClientCalls.blockingUnaryCall(ClientCalls.java:139)
	at org.apache.ratis.proto.grpc.RaftServerProtocolServiceGrpc$RaftServerProtocolServiceBlockingStub.requestVote(RaftServerProtocolServiceGrpc.java:265)
	at org.apache.ratis.grpc.server.GrpcServerProtocolClient.requestVote(GrpcServerProtocolClient.java:90)
	at org.apache.ratis.grpc.server.GrpcService.requestVote(GrpcService.java:204)
	at org.apache.ratis.server.impl.LeaderElection.lambda$submitRequests$1(LeaderElection.java:238)
	at java.util.concurrent.FutureTask.run(FutureTask.java:266)
	at java.util.concurrent.Executors$RunnableAdapter.call(Executors.java:511)
	at java.util.concurrent.FutureTask.run(FutureTask.java:266)
	at java.util.concurrent.ThreadPoolExecutor.runWorker(ThreadPoolExecutor.java:1149)
	at java.util.concurrent.ThreadPoolExecutor$Worker.run(ThreadPoolExecutor.java:624)
	... 1 more
Caused by: org.apache.ratis.thirdparty.io.netty.channel.AbstractChannel$AnnotatedConnectException: Connection refused: /192.168.164.214:35977
	at sun.nio.ch.SocketChannelImpl.checkConnect(Native Method)
	at sun.nio.ch.SocketChannelImpl.finishConnect(SocketChannelImpl.java:717)
	at org.apache.ratis.thirdparty.io.netty.channel.socket.nio.NioSocketChannel.doFinishConnect(NioSocketChannel.java:327)
	at org.apache.ratis.thirdparty.io.netty.channel.nio.AbstractNioChannel$AbstractNioUnsafe.finishConnect(AbstractNioChannel.java:340)
	at org.apache.ratis.thirdparty.io.netty.channel.nio.NioEventLoop.processSelectedKey(NioEventLoop.java:632)
	at org.apache.ratis.thirdparty.io.netty.channel.nio.NioEventLoop.processSelectedKeysOptimized(NioEventLoop.java:579)
	at org.apache.ratis.thirdparty.io.netty.channel.nio.NioEventLoop.processSelectedKeys(NioEventLoop.java:496)
	at org.apache.ratis.thirdparty.io.netty.channel.nio.NioEventLoop.run(NioEventLoop.java:458)
	at org.apache.ratis.thirdparty.io.netty.util.concurrent.SingleThreadEventExecutor$5.run(SingleThreadEventExecutor.java:897)
	at org.apache.ratis.thirdparty.io.netty.util.concurrent.FastThreadLocalRunnable.run(FastThreadLocalRunnable.java:30)
	... 1 more
Caused by: java.net.ConnectException: Connection refused
	... 11 more
2019-10-14 09:11:42,226 [d1f57701-3fd0-49df-bc3e-2994fc7249db@group-CEABDACBA137:LeaderElection68] INFO  impl.RaftServerImpl (RaftServerImpl.java:setRole(174)) - d1f57701-3fd0-49df-bc3e-2994fc7249db@group-CEABDACBA137: changes role from CANDIDATE to FOLLOWER at term 6 for DISCOVERED_A_NEW_TERM
2019-10-14 09:11:42,226 [d1f57701-3fd0-49df-bc3e-2994fc7249db@group-CEABDACBA137:LeaderElection68] INFO  impl.RoleInfo (RoleInfo.java:shutdownLeaderElection(134)) - d1f57701-3fd0-49df-bc3e-2994fc7249db: shutdown LeaderElection
2019-10-14 09:11:42,226 [d1f57701-3fd0-49df-bc3e-2994fc7249db@group-CEABDACBA137:LeaderElection68] INFO  impl.RoleInfo (RoleInfo.java:updateAndGet(143)) - d1f57701-3fd0-49df-bc3e-2994fc7249db: start FollowerState
2019-10-14 09:11:43,373 [Thread-1590] INFO  impl.FollowerState (FollowerState.java:run(106)) - d1f57701-3fd0-49df-bc3e-2994fc7249db:group-CEABDACBA137 changes to CANDIDATE, lastRpcTime:1146, electionTimeout:1146ms
2019-10-14 09:11:43,373 [Thread-1590] INFO  impl.RoleInfo (RoleInfo.java:shutdownFollowerState(121)) - d1f57701-3fd0-49df-bc3e-2994fc7249db: shutdown FollowerState
2019-10-14 09:11:43,373 [Thread-1590] INFO  impl.RaftServerImpl (RaftServerImpl.java:setRole(174)) - d1f57701-3fd0-49df-bc3e-2994fc7249db@group-CEABDACBA137: changes role from  FOLLOWER to CANDIDATE at term 6 for changeToCandidate
2019-10-14 09:11:43,373 [Thread-1590] INFO  impl.RoleInfo (RoleInfo.java:updateAndGet(143)) - d1f57701-3fd0-49df-bc3e-2994fc7249db: start LeaderElection
2019-10-14 09:11:43,405 [d1f57701-3fd0-49df-bc3e-2994fc7249db@group-CEABDACBA137:LeaderElection69] INFO  impl.LeaderElection (LeaderElection.java:askForVotes(182)) - d1f57701-3fd0-49df-bc3e-2994fc7249db@group-CEABDACBA137:LeaderElection69: begin an election at term 7 for 0: [aabd13a9-38b1-453f-a600-f425fadd7a8e:192.168.164.214:36671, 585f7a51-f4d3-431b-937d-1c786f624e2b:192.168.164.214:35977, d1f57701-3fd0-49df-bc3e-2994fc7249db:192.168.164.214:43350], old=null
2019-10-14 09:11:43,406 [d1f57701-3fd0-49df-bc3e-2994fc7249db@group-CEABDACBA137:LeaderElection69] INFO  impl.LeaderElection (LogUtils.java:infoOrTrace(149)) - d1f57701-3fd0-49df-bc3e-2994fc7249db@group-CEABDACBA137:LeaderElection69 got exception when requesting votes: {}
java.util.concurrent.ExecutionException: org.apache.ratis.thirdparty.io.grpc.StatusRuntimeException: UNAVAILABLE: io exception
	at java.util.concurrent.FutureTask.report(FutureTask.java:122)
	at java.util.concurrent.FutureTask.get(FutureTask.java:192)
	at org.apache.ratis.server.impl.LeaderElection.waitForResults(LeaderElection.java:263)
	at org.apache.ratis.server.impl.LeaderElection.askForVotes(LeaderElection.java:201)
	at org.apache.ratis.server.impl.LeaderElection.run(LeaderElection.java:133)
	at java.lang.Thread.run(Thread.java:748)
Caused by: org.apache.ratis.thirdparty.io.grpc.StatusRuntimeException: UNAVAILABLE: io exception
	at org.apache.ratis.thirdparty.io.grpc.stub.ClientCalls.toStatusRuntimeException(ClientCalls.java:233)
	at org.apache.ratis.thirdparty.io.grpc.stub.ClientCalls.getUnchecked(ClientCalls.java:214)
	at org.apache.ratis.thirdparty.io.grpc.stub.ClientCalls.blockingUnaryCall(ClientCalls.java:139)
	at org.apache.ratis.proto.grpc.RaftServerProtocolServiceGrpc$RaftServerProtocolServiceBlockingStub.requestVote(RaftServerProtocolServiceGrpc.java:265)
	at org.apache.ratis.grpc.server.GrpcServerProtocolClient.requestVote(GrpcServerProtocolClient.java:90)
	at org.apache.ratis.grpc.server.GrpcService.requestVote(GrpcService.java:204)
	at org.apache.ratis.server.impl.LeaderElection.lambda$submitRequests$1(LeaderElection.java:238)
	at java.util.concurrent.FutureTask.run(FutureTask.java:266)
	at java.util.concurrent.Executors$RunnableAdapter.call(Executors.java:511)
	at java.util.concurrent.FutureTask.run(FutureTask.java:266)
	at java.util.concurrent.ThreadPoolExecutor.runWorker(ThreadPoolExecutor.java:1149)
	at java.util.concurrent.ThreadPoolExecutor$Worker.run(ThreadPoolExecutor.java:624)
	... 1 more
Caused by: org.apache.ratis.thirdparty.io.netty.channel.AbstractChannel$AnnotatedConnectException: Connection refused: /192.168.164.214:36671
	at sun.nio.ch.SocketChannelImpl.checkConnect(Native Method)
	at sun.nio.ch.SocketChannelImpl.finishConnect(SocketChannelImpl.java:717)
	at org.apache.ratis.thirdparty.io.netty.channel.socket.nio.NioSocketChannel.doFinishConnect(NioSocketChannel.java:327)
	at org.apache.ratis.thirdparty.io.netty.channel.nio.AbstractNioChannel$AbstractNioUnsafe.finishConnect(AbstractNioChannel.java:340)
	at org.apache.ratis.thirdparty.io.netty.channel.nio.NioEventLoop.processSelectedKey(NioEventLoop.java:632)
	at org.apache.ratis.thirdparty.io.netty.channel.nio.NioEventLoop.processSelectedKeysOptimized(NioEventLoop.java:579)
	at org.apache.ratis.thirdparty.io.netty.channel.nio.NioEventLoop.processSelectedKeys(NioEventLoop.java:496)
	at org.apache.ratis.thirdparty.io.netty.channel.nio.NioEventLoop.run(NioEventLoop.java:458)
	at org.apache.ratis.thirdparty.io.netty.util.concurrent.SingleThreadEventExecutor$5.run(SingleThreadEventExecutor.java:897)
	at org.apache.ratis.thirdparty.io.netty.util.concurrent.FastThreadLocalRunnable.run(FastThreadLocalRunnable.java:30)
	... 1 more
Caused by: java.net.ConnectException: Connection refused
	... 11 more
2019-10-14 09:11:43,407 [d1f57701-3fd0-49df-bc3e-2994fc7249db@group-CEABDACBA137:LeaderElection69] INFO  impl.LeaderElection (LogUtils.java:infoOrTrace(149)) - d1f57701-3fd0-49df-bc3e-2994fc7249db@group-CEABDACBA137:LeaderElection69 got exception when requesting votes: {}
java.util.concurrent.ExecutionException: org.apache.ratis.thirdparty.io.grpc.StatusRuntimeException: UNAVAILABLE: io exception
	at java.util.concurrent.FutureTask.report(FutureTask.java:122)
	at java.util.concurrent.FutureTask.get(FutureTask.java:192)
	at org.apache.ratis.server.impl.LeaderElection.waitForResults(LeaderElection.java:263)
	at org.apache.ratis.server.impl.LeaderElection.askForVotes(LeaderElection.java:201)
	at org.apache.ratis.server.impl.LeaderElection.run(LeaderElection.java:133)
	at java.lang.Thread.run(Thread.java:748)
Caused by: org.apache.ratis.thirdparty.io.grpc.StatusRuntimeException: UNAVAILABLE: io exception
	at org.apache.ratis.thirdparty.io.grpc.stub.ClientCalls.toStatusRuntimeException(ClientCalls.java:233)
	at org.apache.ratis.thirdparty.io.grpc.stub.ClientCalls.getUnchecked(ClientCalls.java:214)
	at org.apache.ratis.thirdparty.io.grpc.stub.ClientCalls.blockingUnaryCall(ClientCalls.java:139)
	at org.apache.ratis.proto.grpc.RaftServerProtocolServiceGrpc$RaftServerProtocolServiceBlockingStub.requestVote(RaftServerProtocolServiceGrpc.java:265)
	at org.apache.ratis.grpc.server.GrpcServerProtocolClient.requestVote(GrpcServerProtocolClient.java:90)
	at org.apache.ratis.grpc.server.GrpcService.requestVote(GrpcService.java:204)
	at org.apache.ratis.server.impl.LeaderElection.lambda$submitRequests$1(LeaderElection.java:238)
	at java.util.concurrent.FutureTask.run(FutureTask.java:266)
	at java.util.concurrent.Executors$RunnableAdapter.call(Executors.java:511)
	at java.util.concurrent.FutureTask.run(FutureTask.java:266)
	at java.util.concurrent.ThreadPoolExecutor.runWorker(ThreadPoolExecutor.java:1149)
	at java.util.concurrent.ThreadPoolExecutor$Worker.run(ThreadPoolExecutor.java:624)
	... 1 more
Caused by: org.apache.ratis.thirdparty.io.netty.channel.AbstractChannel$AnnotatedConnectException: Connection refused: /192.168.164.214:35977
	at sun.nio.ch.SocketChannelImpl.checkConnect(Native Method)
	at sun.nio.ch.SocketChannelImpl.finishConnect(SocketChannelImpl.java:717)
	at org.apache.ratis.thirdparty.io.netty.channel.socket.nio.NioSocketChannel.doFinishConnect(NioSocketChannel.java:327)
	at org.apache.ratis.thirdparty.io.netty.channel.nio.AbstractNioChannel$AbstractNioUnsafe.finishConnect(AbstractNioChannel.java:340)
	at org.apache.ratis.thirdparty.io.netty.channel.nio.NioEventLoop.processSelectedKey(NioEventLoop.java:632)
	at org.apache.ratis.thirdparty.io.netty.channel.nio.NioEventLoop.processSelectedKeysOptimized(NioEventLoop.java:579)
	at org.apache.ratis.thirdparty.io.netty.channel.nio.NioEventLoop.processSelectedKeys(NioEventLoop.java:496)
	at org.apache.ratis.thirdparty.io.netty.channel.nio.NioEventLoop.run(NioEventLoop.java:458)
	at org.apache.ratis.thirdparty.io.netty.util.concurrent.SingleThreadEventExecutor$5.run(SingleThreadEventExecutor.java:897)
	at org.apache.ratis.thirdparty.io.netty.util.concurrent.FastThreadLocalRunnable.run(FastThreadLocalRunnable.java:30)
	... 1 more
Caused by: java.net.ConnectException: Connection refused
	... 11 more
2019-10-14 09:11:43,407 [d1f57701-3fd0-49df-bc3e-2994fc7249db@group-CEABDACBA137:LeaderElection69] INFO  impl.LeaderElection (LeaderElection.java:logAndReturn(56)) - d1f57701-3fd0-49df-bc3e-2994fc7249db@group-CEABDACBA137:LeaderElection69: Election REJECTED; received 0 response(s) [] and 2 exception(s); d1f57701-3fd0-49df-bc3e-2994fc7249db@group-CEABDACBA137:t7, leader=null, voted=d1f57701-3fd0-49df-bc3e-2994fc7249db, raftlog=d1f57701-3fd0-49df-bc3e-2994fc7249db@group-CEABDACBA137-SegmentedRaftLog:OPENED:c20,f20,i20, conf=0: [aabd13a9-38b1-453f-a600-f425fadd7a8e:192.168.164.214:36671, 585f7a51-f4d3-431b-937d-1c786f624e2b:192.168.164.214:35977, d1f57701-3fd0-49df-bc3e-2994fc7249db:192.168.164.214:43350], old=null
2019-10-14 09:11:43,408 [d1f57701-3fd0-49df-bc3e-2994fc7249db@group-CEABDACBA137:LeaderElection69] INFO  impl.LeaderElection (LogUtils.java:infoOrTrace(149)) -   Exception 0: {}
java.util.concurrent.ExecutionException: org.apache.ratis.thirdparty.io.grpc.StatusRuntimeException: UNAVAILABLE: io exception
	at java.util.concurrent.FutureTask.report(FutureTask.java:122)
	at java.util.concurrent.FutureTask.get(FutureTask.java:192)
	at org.apache.ratis.server.impl.LeaderElection.waitForResults(LeaderElection.java:263)
	at org.apache.ratis.server.impl.LeaderElection.askForVotes(LeaderElection.java:201)
	at org.apache.ratis.server.impl.LeaderElection.run(LeaderElection.java:133)
	at java.lang.Thread.run(Thread.java:748)
Caused by: org.apache.ratis.thirdparty.io.grpc.StatusRuntimeException: UNAVAILABLE: io exception
	at org.apache.ratis.thirdparty.io.grpc.stub.ClientCalls.toStatusRuntimeException(ClientCalls.java:233)
	at org.apache.ratis.thirdparty.io.grpc.stub.ClientCalls.getUnchecked(ClientCalls.java:214)
	at org.apache.ratis.thirdparty.io.grpc.stub.ClientCalls.blockingUnaryCall(ClientCalls.java:139)
	at org.apache.ratis.proto.grpc.RaftServerProtocolServiceGrpc$RaftServerProtocolServiceBlockingStub.requestVote(RaftServerProtocolServiceGrpc.java:265)
	at org.apache.ratis.grpc.server.GrpcServerProtocolClient.requestVote(GrpcServerProtocolClient.java:90)
	at org.apache.ratis.grpc.server.GrpcService.requestVote(GrpcService.java:204)
	at org.apache.ratis.server.impl.LeaderElection.lambda$submitRequests$1(LeaderElection.java:238)
	at java.util.concurrent.FutureTask.run(FutureTask.java:266)
	at java.util.concurrent.Executors$RunnableAdapter.call(Executors.java:511)
	at java.util.concurrent.FutureTask.run(FutureTask.java:266)
	at java.util.concurrent.ThreadPoolExecutor.runWorker(ThreadPoolExecutor.java:1149)
	at java.util.concurrent.ThreadPoolExecutor$Worker.run(ThreadPoolExecutor.java:624)
	... 1 more
Caused by: org.apache.ratis.thirdparty.io.netty.channel.AbstractChannel$AnnotatedConnectException: Connection refused: /192.168.164.214:36671
	at sun.nio.ch.SocketChannelImpl.checkConnect(Native Method)
	at sun.nio.ch.SocketChannelImpl.finishConnect(SocketChannelImpl.java:717)
	at org.apache.ratis.thirdparty.io.netty.channel.socket.nio.NioSocketChannel.doFinishConnect(NioSocketChannel.java:327)
	at org.apache.ratis.thirdparty.io.netty.channel.nio.AbstractNioChannel$AbstractNioUnsafe.finishConnect(AbstractNioChannel.java:340)
	at org.apache.ratis.thirdparty.io.netty.channel.nio.NioEventLoop.processSelectedKey(NioEventLoop.java:632)
	at org.apache.ratis.thirdparty.io.netty.channel.nio.NioEventLoop.processSelectedKeysOptimized(NioEventLoop.java:579)
	at org.apache.ratis.thirdparty.io.netty.channel.nio.NioEventLoop.processSelectedKeys(NioEventLoop.java:496)
	at org.apache.ratis.thirdparty.io.netty.channel.nio.NioEventLoop.run(NioEventLoop.java:458)
	at org.apache.ratis.thirdparty.io.netty.util.concurrent.SingleThreadEventExecutor$5.run(SingleThreadEventExecutor.java:897)
	at org.apache.ratis.thirdparty.io.netty.util.concurrent.FastThreadLocalRunnable.run(FastThreadLocalRunnable.java:30)
	... 1 more
Caused by: java.net.ConnectException: Connection refused
	... 11 more
2019-10-14 09:11:43,408 [d1f57701-3fd0-49df-bc3e-2994fc7249db@group-CEABDACBA137:LeaderElection69] INFO  impl.LeaderElection (LogUtils.java:infoOrTrace(149)) -   Exception 1: {}
java.util.concurrent.ExecutionException: org.apache.ratis.thirdparty.io.grpc.StatusRuntimeException: UNAVAILABLE: io exception
	at java.util.concurrent.FutureTask.report(FutureTask.java:122)
	at java.util.concurrent.FutureTask.get(FutureTask.java:192)
	at org.apache.ratis.server.impl.LeaderElection.waitForResults(LeaderElection.java:263)
	at org.apache.ratis.server.impl.LeaderElection.askForVotes(LeaderElection.java:201)
	at org.apache.ratis.server.impl.LeaderElection.run(LeaderElection.java:133)
	at java.lang.Thread.run(Thread.java:748)
Caused by: org.apache.ratis.thirdparty.io.grpc.StatusRuntimeException: UNAVAILABLE: io exception
	at org.apache.ratis.thirdparty.io.grpc.stub.ClientCalls.toStatusRuntimeException(ClientCalls.java:233)
	at org.apache.ratis.thirdparty.io.grpc.stub.ClientCalls.getUnchecked(ClientCalls.java:214)
	at org.apache.ratis.thirdparty.io.grpc.stub.ClientCalls.blockingUnaryCall(ClientCalls.java:139)
	at org.apache.ratis.proto.grpc.RaftServerProtocolServiceGrpc$RaftServerProtocolServiceBlockingStub.requestVote(RaftServerProtocolServiceGrpc.java:265)
	at org.apache.ratis.grpc.server.GrpcServerProtocolClient.requestVote(GrpcServerProtocolClient.java:90)
	at org.apache.ratis.grpc.server.GrpcService.requestVote(GrpcService.java:204)
	at org.apache.ratis.server.impl.LeaderElection.lambda$submitRequests$1(LeaderElection.java:238)
	at java.util.concurrent.FutureTask.run(FutureTask.java:266)
	at java.util.concurrent.Executors$RunnableAdapter.call(Executors.java:511)
	at java.util.concurrent.FutureTask.run(FutureTask.java:266)
	at java.util.concurrent.ThreadPoolExecutor.runWorker(ThreadPoolExecutor.java:1149)
	at java.util.concurrent.ThreadPoolExecutor$Worker.run(ThreadPoolExecutor.java:624)
	... 1 more
Caused by: org.apache.ratis.thirdparty.io.netty.channel.AbstractChannel$AnnotatedConnectException: Connection refused: /192.168.164.214:35977
	at sun.nio.ch.SocketChannelImpl.checkConnect(Native Method)
	at sun.nio.ch.SocketChannelImpl.finishConnect(SocketChannelImpl.java:717)
	at org.apache.ratis.thirdparty.io.netty.channel.socket.nio.NioSocketChannel.doFinishConnect(NioSocketChannel.java:327)
	at org.apache.ratis.thirdparty.io.netty.channel.nio.AbstractNioChannel$AbstractNioUnsafe.finishConnect(AbstractNioChannel.java:340)
	at org.apache.ratis.thirdparty.io.netty.channel.nio.NioEventLoop.processSelectedKey(NioEventLoop.java:632)
	at org.apache.ratis.thirdparty.io.netty.channel.nio.NioEventLoop.processSelectedKeysOptimized(NioEventLoop.java:579)
	at org.apache.ratis.thirdparty.io.netty.channel.nio.NioEventLoop.processSelectedKeys(NioEventLoop.java:496)
	at org.apache.ratis.thirdparty.io.netty.channel.nio.NioEventLoop.run(NioEventLoop.java:458)
	at org.apache.ratis.thirdparty.io.netty.util.concurrent.SingleThreadEventExecutor$5.run(SingleThreadEventExecutor.java:897)
	at org.apache.ratis.thirdparty.io.netty.util.concurrent.FastThreadLocalRunnable.run(FastThreadLocalRunnable.java:30)
	... 1 more
Caused by: java.net.ConnectException: Connection refused
	... 11 more
2019-10-14 09:11:43,408 [d1f57701-3fd0-49df-bc3e-2994fc7249db@group-CEABDACBA137:LeaderElection69] INFO  impl.RaftServerImpl (RaftServerImpl.java:setRole(174)) - d1f57701-3fd0-49df-bc3e-2994fc7249db@group-CEABDACBA137: changes role from CANDIDATE to FOLLOWER at term 7 for DISCOVERED_A_NEW_TERM
2019-10-14 09:11:43,409 [d1f57701-3fd0-49df-bc3e-2994fc7249db@group-CEABDACBA137:LeaderElection69] INFO  impl.RoleInfo (RoleInfo.java:shutdownLeaderElection(134)) - d1f57701-3fd0-49df-bc3e-2994fc7249db: shutdown LeaderElection
2019-10-14 09:11:43,409 [d1f57701-3fd0-49df-bc3e-2994fc7249db@group-CEABDACBA137:LeaderElection69] INFO  impl.RoleInfo (RoleInfo.java:updateAndGet(143)) - d1f57701-3fd0-49df-bc3e-2994fc7249db: start FollowerState
2019-10-14 09:11:44,588 [Thread-1599] INFO  impl.FollowerState (FollowerState.java:run(106)) - d1f57701-3fd0-49df-bc3e-2994fc7249db:group-CEABDACBA137 changes to CANDIDATE, lastRpcTime:1179, electionTimeout:1179ms
2019-10-14 09:11:44,589 [Thread-1599] INFO  impl.RoleInfo (RoleInfo.java:shutdownFollowerState(121)) - d1f57701-3fd0-49df-bc3e-2994fc7249db: shutdown FollowerState
2019-10-14 09:11:44,589 [Thread-1599] INFO  impl.RaftServerImpl (RaftServerImpl.java:setRole(174)) - d1f57701-3fd0-49df-bc3e-2994fc7249db@group-CEABDACBA137: changes role from  FOLLOWER to CANDIDATE at term 7 for changeToCandidate
2019-10-14 09:11:44,589 [Thread-1599] INFO  impl.RoleInfo (RoleInfo.java:updateAndGet(143)) - d1f57701-3fd0-49df-bc3e-2994fc7249db: start LeaderElection
2019-10-14 09:11:44,613 [d1f57701-3fd0-49df-bc3e-2994fc7249db@group-CEABDACBA137:LeaderElection70] INFO  impl.LeaderElection (LeaderElection.java:askForVotes(182)) - d1f57701-3fd0-49df-bc3e-2994fc7249db@group-CEABDACBA137:LeaderElection70: begin an election at term 8 for 0: [aabd13a9-38b1-453f-a600-f425fadd7a8e:192.168.164.214:36671, 585f7a51-f4d3-431b-937d-1c786f624e2b:192.168.164.214:35977, d1f57701-3fd0-49df-bc3e-2994fc7249db:192.168.164.214:43350], old=null
2019-10-14 09:11:44,615 [d1f57701-3fd0-49df-bc3e-2994fc7249db@group-CEABDACBA137:LeaderElection70] INFO  impl.LeaderElection (LogUtils.java:infoOrTrace(149)) - d1f57701-3fd0-49df-bc3e-2994fc7249db@group-CEABDACBA137:LeaderElection70 got exception when requesting votes: {}
java.util.concurrent.ExecutionException: org.apache.ratis.thirdparty.io.grpc.StatusRuntimeException: UNAVAILABLE: io exception
	at java.util.concurrent.FutureTask.report(FutureTask.java:122)
	at java.util.concurrent.FutureTask.get(FutureTask.java:192)
	at org.apache.ratis.server.impl.LeaderElection.waitForResults(LeaderElection.java:263)
	at org.apache.ratis.server.impl.LeaderElection.askForVotes(LeaderElection.java:201)
	at org.apache.ratis.server.impl.LeaderElection.run(LeaderElection.java:133)
	at java.lang.Thread.run(Thread.java:748)
Caused by: org.apache.ratis.thirdparty.io.grpc.StatusRuntimeException: UNAVAILABLE: io exception
	at org.apache.ratis.thirdparty.io.grpc.stub.ClientCalls.toStatusRuntimeException(ClientCalls.java:233)
	at org.apache.ratis.thirdparty.io.grpc.stub.ClientCalls.getUnchecked(ClientCalls.java:214)
	at org.apache.ratis.thirdparty.io.grpc.stub.ClientCalls.blockingUnaryCall(ClientCalls.java:139)
	at org.apache.ratis.proto.grpc.RaftServerProtocolServiceGrpc$RaftServerProtocolServiceBlockingStub.requestVote(RaftServerProtocolServiceGrpc.java:265)
	at org.apache.ratis.grpc.server.GrpcServerProtocolClient.requestVote(GrpcServerProtocolClient.java:90)
	at org.apache.ratis.grpc.server.GrpcService.requestVote(GrpcService.java:204)
	at org.apache.ratis.server.impl.LeaderElection.lambda$submitRequests$1(LeaderElection.java:238)
	at java.util.concurrent.FutureTask.run(FutureTask.java:266)
	at java.util.concurrent.Executors$RunnableAdapter.call(Executors.java:511)
	at java.util.concurrent.FutureTask.run(FutureTask.java:266)
	at java.util.concurrent.ThreadPoolExecutor.runWorker(ThreadPoolExecutor.java:1149)
	at java.util.concurrent.ThreadPoolExecutor$Worker.run(ThreadPoolExecutor.java:624)
	... 1 more
Caused by: org.apache.ratis.thirdparty.io.netty.channel.AbstractChannel$AnnotatedConnectException: Connection refused: /192.168.164.214:35977
	at sun.nio.ch.SocketChannelImpl.checkConnect(Native Method)
	at sun.nio.ch.SocketChannelImpl.finishConnect(SocketChannelImpl.java:717)
	at org.apache.ratis.thirdparty.io.netty.channel.socket.nio.NioSocketChannel.doFinishConnect(NioSocketChannel.java:327)
	at org.apache.ratis.thirdparty.io.netty.channel.nio.AbstractNioChannel$AbstractNioUnsafe.finishConnect(AbstractNioChannel.java:340)
	at org.apache.ratis.thirdparty.io.netty.channel.nio.NioEventLoop.processSelectedKey(NioEventLoop.java:632)
	at org.apache.ratis.thirdparty.io.netty.channel.nio.NioEventLoop.processSelectedKeysOptimized(NioEventLoop.java:579)
	at org.apache.ratis.thirdparty.io.netty.channel.nio.NioEventLoop.processSelectedKeys(NioEventLoop.java:496)
	at org.apache.ratis.thirdparty.io.netty.channel.nio.NioEventLoop.run(NioEventLoop.java:458)
	at org.apache.ratis.thirdparty.io.netty.util.concurrent.SingleThreadEventExecutor$5.run(SingleThreadEventExecutor.java:897)
	at org.apache.ratis.thirdparty.io.netty.util.concurrent.FastThreadLocalRunnable.run(FastThreadLocalRunnable.java:30)
	... 1 more
Caused by: java.net.ConnectException: Connection refused
	... 11 more
2019-10-14 09:11:44,615 [d1f57701-3fd0-49df-bc3e-2994fc7249db@group-CEABDACBA137:LeaderElection70] INFO  impl.LeaderElection (LogUtils.java:infoOrTrace(149)) - d1f57701-3fd0-49df-bc3e-2994fc7249db@group-CEABDACBA137:LeaderElection70 got exception when requesting votes: {}
java.util.concurrent.ExecutionException: org.apache.ratis.thirdparty.io.grpc.StatusRuntimeException: UNAVAILABLE: io exception
	at java.util.concurrent.FutureTask.report(FutureTask.java:122)
	at java.util.concurrent.FutureTask.get(FutureTask.java:192)
	at org.apache.ratis.server.impl.LeaderElection.waitForResults(LeaderElection.java:263)
	at org.apache.ratis.server.impl.LeaderElection.askForVotes(LeaderElection.java:201)
	at org.apache.ratis.server.impl.LeaderElection.run(LeaderElection.java:133)
	at java.lang.Thread.run(Thread.java:748)
Caused by: org.apache.ratis.thirdparty.io.grpc.StatusRuntimeException: UNAVAILABLE: io exception
	at org.apache.ratis.thirdparty.io.grpc.stub.ClientCalls.toStatusRuntimeException(ClientCalls.java:233)
	at org.apache.ratis.thirdparty.io.grpc.stub.ClientCalls.getUnchecked(ClientCalls.java:214)
	at org.apache.ratis.thirdparty.io.grpc.stub.ClientCalls.blockingUnaryCall(ClientCalls.java:139)
	at org.apache.ratis.proto.grpc.RaftServerProtocolServiceGrpc$RaftServerProtocolServiceBlockingStub.requestVote(RaftServerProtocolServiceGrpc.java:265)
	at org.apache.ratis.grpc.server.GrpcServerProtocolClient.requestVote(GrpcServerProtocolClient.java:90)
	at org.apache.ratis.grpc.server.GrpcService.requestVote(GrpcService.java:204)
	at org.apache.ratis.server.impl.LeaderElection.lambda$submitRequests$1(LeaderElection.java:238)
	at java.util.concurrent.FutureTask.run(FutureTask.java:266)
	at java.util.concurrent.Executors$RunnableAdapter.call(Executors.java:511)
	at java.util.concurrent.FutureTask.run(FutureTask.java:266)
	at java.util.concurrent.ThreadPoolExecutor.runWorker(ThreadPoolExecutor.java:1149)
	at java.util.concurrent.ThreadPoolExecutor$Worker.run(ThreadPoolExecutor.java:624)
	... 1 more
Caused by: org.apache.ratis.thirdparty.io.netty.channel.AbstractChannel$AnnotatedConnectException: Connection refused: /192.168.164.214:36671
	at sun.nio.ch.SocketChannelImpl.checkConnect(Native Method)
	at sun.nio.ch.SocketChannelImpl.finishConnect(SocketChannelImpl.java:717)
	at org.apache.ratis.thirdparty.io.netty.channel.socket.nio.NioSocketChannel.doFinishConnect(NioSocketChannel.java:327)
	at org.apache.ratis.thirdparty.io.netty.channel.nio.AbstractNioChannel$AbstractNioUnsafe.finishConnect(AbstractNioChannel.java:340)
	at org.apache.ratis.thirdparty.io.netty.channel.nio.NioEventLoop.processSelectedKey(NioEventLoop.java:632)
	at org.apache.ratis.thirdparty.io.netty.channel.nio.NioEventLoop.processSelectedKeysOptimized(NioEventLoop.java:579)
	at org.apache.ratis.thirdparty.io.netty.channel.nio.NioEventLoop.processSelectedKeys(NioEventLoop.java:496)
	at org.apache.ratis.thirdparty.io.netty.channel.nio.NioEventLoop.run(NioEventLoop.java:458)
	at org.apache.ratis.thirdparty.io.netty.util.concurrent.SingleThreadEventExecutor$5.run(SingleThreadEventExecutor.java:897)
	at org.apache.ratis.thirdparty.io.netty.util.concurrent.FastThreadLocalRunnable.run(FastThreadLocalRunnable.java:30)
	... 1 more
Caused by: java.net.ConnectException: Connection refused
	... 11 more
2019-10-14 09:11:44,616 [d1f57701-3fd0-49df-bc3e-2994fc7249db@group-CEABDACBA137:LeaderElection70] INFO  impl.LeaderElection (LeaderElection.java:logAndReturn(56)) - d1f57701-3fd0-49df-bc3e-2994fc7249db@group-CEABDACBA137:LeaderElection70: Election REJECTED; received 0 response(s) [] and 2 exception(s); d1f57701-3fd0-49df-bc3e-2994fc7249db@group-CEABDACBA137:t8, leader=null, voted=d1f57701-3fd0-49df-bc3e-2994fc7249db, raftlog=d1f57701-3fd0-49df-bc3e-2994fc7249db@group-CEABDACBA137-SegmentedRaftLog:OPENED:c20,f20,i20, conf=0: [aabd13a9-38b1-453f-a600-f425fadd7a8e:192.168.164.214:36671, 585f7a51-f4d3-431b-937d-1c786f624e2b:192.168.164.214:35977, d1f57701-3fd0-49df-bc3e-2994fc7249db:192.168.164.214:43350], old=null
2019-10-14 09:11:44,616 [d1f57701-3fd0-49df-bc3e-2994fc7249db@group-CEABDACBA137:LeaderElection70] INFO  impl.LeaderElection (LogUtils.java:infoOrTrace(149)) -   Exception 0: {}
java.util.concurrent.ExecutionException: org.apache.ratis.thirdparty.io.grpc.StatusRuntimeException: UNAVAILABLE: io exception
	at java.util.concurrent.FutureTask.report(FutureTask.java:122)
	at java.util.concurrent.FutureTask.get(FutureTask.java:192)
	at org.apache.ratis.server.impl.LeaderElection.waitForResults(LeaderElection.java:263)
	at org.apache.ratis.server.impl.LeaderElection.askForVotes(LeaderElection.java:201)
	at org.apache.ratis.server.impl.LeaderElection.run(LeaderElection.java:133)
	at java.lang.Thread.run(Thread.java:748)
Caused by: org.apache.ratis.thirdparty.io.grpc.StatusRuntimeException: UNAVAILABLE: io exception
	at org.apache.ratis.thirdparty.io.grpc.stub.ClientCalls.toStatusRuntimeException(ClientCalls.java:233)
	at org.apache.ratis.thirdparty.io.grpc.stub.ClientCalls.getUnchecked(ClientCalls.java:214)
	at org.apache.ratis.thirdparty.io.grpc.stub.ClientCalls.blockingUnaryCall(ClientCalls.java:139)
	at org.apache.ratis.proto.grpc.RaftServerProtocolServiceGrpc$RaftServerProtocolServiceBlockingStub.requestVote(RaftServerProtocolServiceGrpc.java:265)
	at org.apache.ratis.grpc.server.GrpcServerProtocolClient.requestVote(GrpcServerProtocolClient.java:90)
	at org.apache.ratis.grpc.server.GrpcService.requestVote(GrpcService.java:204)
	at org.apache.ratis.server.impl.LeaderElection.lambda$submitRequests$1(LeaderElection.java:238)
	at java.util.concurrent.FutureTask.run(FutureTask.java:266)
	at java.util.concurrent.Executors$RunnableAdapter.call(Executors.java:511)
	at java.util.concurrent.FutureTask.run(FutureTask.java:266)
	at java.util.concurrent.ThreadPoolExecutor.runWorker(ThreadPoolExecutor.java:1149)
	at java.util.concurrent.ThreadPoolExecutor$Worker.run(ThreadPoolExecutor.java:624)
	... 1 more
Caused by: org.apache.ratis.thirdparty.io.netty.channel.AbstractChannel$AnnotatedConnectException: Connection refused: /192.168.164.214:35977
	at sun.nio.ch.SocketChannelImpl.checkConnect(Native Method)
	at sun.nio.ch.SocketChannelImpl.finishConnect(SocketChannelImpl.java:717)
	at org.apache.ratis.thirdparty.io.netty.channel.socket.nio.NioSocketChannel.doFinishConnect(NioSocketChannel.java:327)
	at org.apache.ratis.thirdparty.io.netty.channel.nio.AbstractNioChannel$AbstractNioUnsafe.finishConnect(AbstractNioChannel.java:340)
	at org.apache.ratis.thirdparty.io.netty.channel.nio.NioEventLoop.processSelectedKey(NioEventLoop.java:632)
	at org.apache.ratis.thirdparty.io.netty.channel.nio.NioEventLoop.processSelectedKeysOptimized(NioEventLoop.java:579)
	at org.apache.ratis.thirdparty.io.netty.channel.nio.NioEventLoop.processSelectedKeys(NioEventLoop.java:496)
	at org.apache.ratis.thirdparty.io.netty.channel.nio.NioEventLoop.run(NioEventLoop.java:458)
	at org.apache.ratis.thirdparty.io.netty.util.concurrent.SingleThreadEventExecutor$5.run(SingleThreadEventExecutor.java:897)
	at org.apache.ratis.thirdparty.io.netty.util.concurrent.FastThreadLocalRunnable.run(FastThreadLocalRunnable.java:30)
	... 1 more
Caused by: java.net.ConnectException: Connection refused
	... 11 more
2019-10-14 09:11:44,616 [d1f57701-3fd0-49df-bc3e-2994fc7249db@group-CEABDACBA137:LeaderElection70] INFO  impl.LeaderElection (LogUtils.java:infoOrTrace(149)) -   Exception 1: {}
java.util.concurrent.ExecutionException: org.apache.ratis.thirdparty.io.grpc.StatusRuntimeException: UNAVAILABLE: io exception
	at java.util.concurrent.FutureTask.report(FutureTask.java:122)
	at java.util.concurrent.FutureTask.get(FutureTask.java:192)
	at org.apache.ratis.server.impl.LeaderElection.waitForResults(LeaderElection.java:263)
	at org.apache.ratis.server.impl.LeaderElection.askForVotes(LeaderElection.java:201)
	at org.apache.ratis.server.impl.LeaderElection.run(LeaderElection.java:133)
	at java.lang.Thread.run(Thread.java:748)
Caused by: org.apache.ratis.thirdparty.io.grpc.StatusRuntimeException: UNAVAILABLE: io exception
	at org.apache.ratis.thirdparty.io.grpc.stub.ClientCalls.toStatusRuntimeException(ClientCalls.java:233)
	at org.apache.ratis.thirdparty.io.grpc.stub.ClientCalls.getUnchecked(ClientCalls.java:214)
	at org.apache.ratis.thirdparty.io.grpc.stub.ClientCalls.blockingUnaryCall(ClientCalls.java:139)
	at org.apache.ratis.proto.grpc.RaftServerProtocolServiceGrpc$RaftServerProtocolServiceBlockingStub.requestVote(RaftServerProtocolServiceGrpc.java:265)
	at org.apache.ratis.grpc.server.GrpcServerProtocolClient.requestVote(GrpcServerProtocolClient.java:90)
	at org.apache.ratis.grpc.server.GrpcService.requestVote(GrpcService.java:204)
	at org.apache.ratis.server.impl.LeaderElection.lambda$submitRequests$1(LeaderElection.java:238)
	at java.util.concurrent.FutureTask.run(FutureTask.java:266)
	at java.util.concurrent.Executors$RunnableAdapter.call(Executors.java:511)
	at java.util.concurrent.FutureTask.run(FutureTask.java:266)
	at java.util.concurrent.ThreadPoolExecutor.runWorker(ThreadPoolExecutor.java:1149)
	at java.util.concurrent.ThreadPoolExecutor$Worker.run(ThreadPoolExecutor.java:624)
	... 1 more
Caused by: org.apache.ratis.thirdparty.io.netty.channel.AbstractChannel$AnnotatedConnectException: Connection refused: /192.168.164.214:36671
	at sun.nio.ch.SocketChannelImpl.checkConnect(Native Method)
	at sun.nio.ch.SocketChannelImpl.finishConnect(SocketChannelImpl.java:717)
	at org.apache.ratis.thirdparty.io.netty.channel.socket.nio.NioSocketChannel.doFinishConnect(NioSocketChannel.java:327)
	at org.apache.ratis.thirdparty.io.netty.channel.nio.AbstractNioChannel$AbstractNioUnsafe.finishConnect(AbstractNioChannel.java:340)
	at org.apache.ratis.thirdparty.io.netty.channel.nio.NioEventLoop.processSelectedKey(NioEventLoop.java:632)
	at org.apache.ratis.thirdparty.io.netty.channel.nio.NioEventLoop.processSelectedKeysOptimized(NioEventLoop.java:579)
	at org.apache.ratis.thirdparty.io.netty.channel.nio.NioEventLoop.processSelectedKeys(NioEventLoop.java:496)
	at org.apache.ratis.thirdparty.io.netty.channel.nio.NioEventLoop.run(NioEventLoop.java:458)
	at org.apache.ratis.thirdparty.io.netty.util.concurrent.SingleThreadEventExecutor$5.run(SingleThreadEventExecutor.java:897)
	at org.apache.ratis.thirdparty.io.netty.util.concurrent.FastThreadLocalRunnable.run(FastThreadLocalRunnable.java:30)
	... 1 more
Caused by: java.net.ConnectException: Connection refused
	... 11 more
2019-10-14 09:11:44,617 [d1f57701-3fd0-49df-bc3e-2994fc7249db@group-CEABDACBA137:LeaderElection70] INFO  impl.RaftServerImpl (RaftServerImpl.java:setRole(174)) - d1f57701-3fd0-49df-bc3e-2994fc7249db@group-CEABDACBA137: changes role from CANDIDATE to FOLLOWER at term 8 for DISCOVERED_A_NEW_TERM
2019-10-14 09:11:44,617 [d1f57701-3fd0-49df-bc3e-2994fc7249db@group-CEABDACBA137:LeaderElection70] INFO  impl.RoleInfo (RoleInfo.java:shutdownLeaderElection(134)) - d1f57701-3fd0-49df-bc3e-2994fc7249db: shutdown LeaderElection
2019-10-14 09:11:44,617 [d1f57701-3fd0-49df-bc3e-2994fc7249db@group-CEABDACBA137:LeaderElection70] INFO  impl.RoleInfo (RoleInfo.java:updateAndGet(143)) - d1f57701-3fd0-49df-bc3e-2994fc7249db: start FollowerState
2019-10-14 09:11:45,744 [Thread-1611] INFO  impl.FollowerState (FollowerState.java:run(106)) - d1f57701-3fd0-49df-bc3e-2994fc7249db:group-CEABDACBA137 changes to CANDIDATE, lastRpcTime:1126, electionTimeout:1126ms
2019-10-14 09:11:45,744 [Thread-1611] INFO  impl.RoleInfo (RoleInfo.java:shutdownFollowerState(121)) - d1f57701-3fd0-49df-bc3e-2994fc7249db: shutdown FollowerState
2019-10-14 09:11:45,744 [Thread-1611] INFO  impl.RaftServerImpl (RaftServerImpl.java:setRole(174)) - d1f57701-3fd0-49df-bc3e-2994fc7249db@group-CEABDACBA137: changes role from  FOLLOWER to CANDIDATE at term 8 for changeToCandidate
2019-10-14 09:11:45,744 [Thread-1611] INFO  impl.RoleInfo (RoleInfo.java:updateAndGet(143)) - d1f57701-3fd0-49df-bc3e-2994fc7249db: start LeaderElection
2019-10-14 09:11:45,769 [d1f57701-3fd0-49df-bc3e-2994fc7249db@group-CEABDACBA137:LeaderElection71] INFO  impl.LeaderElection (LeaderElection.java:askForVotes(182)) - d1f57701-3fd0-49df-bc3e-2994fc7249db@group-CEABDACBA137:LeaderElection71: begin an election at term 9 for 0: [aabd13a9-38b1-453f-a600-f425fadd7a8e:192.168.164.214:36671, 585f7a51-f4d3-431b-937d-1c786f624e2b:192.168.164.214:35977, d1f57701-3fd0-49df-bc3e-2994fc7249db:192.168.164.214:43350], old=null
2019-10-14 09:11:45,770 [d1f57701-3fd0-49df-bc3e-2994fc7249db@group-CEABDACBA137:LeaderElection71] INFO  impl.LeaderElection (LogUtils.java:infoOrTrace(149)) - d1f57701-3fd0-49df-bc3e-2994fc7249db@group-CEABDACBA137:LeaderElection71 got exception when requesting votes: {}
java.util.concurrent.ExecutionException: org.apache.ratis.thirdparty.io.grpc.StatusRuntimeException: UNAVAILABLE: io exception
	at java.util.concurrent.FutureTask.report(FutureTask.java:122)
	at java.util.concurrent.FutureTask.get(FutureTask.java:192)
	at org.apache.ratis.server.impl.LeaderElection.waitForResults(LeaderElection.java:263)
	at org.apache.ratis.server.impl.LeaderElection.askForVotes(LeaderElection.java:201)
	at org.apache.ratis.server.impl.LeaderElection.run(LeaderElection.java:133)
	at java.lang.Thread.run(Thread.java:748)
Caused by: org.apache.ratis.thirdparty.io.grpc.StatusRuntimeException: UNAVAILABLE: io exception
	at org.apache.ratis.thirdparty.io.grpc.stub.ClientCalls.toStatusRuntimeException(ClientCalls.java:233)
	at org.apache.ratis.thirdparty.io.grpc.stub.ClientCalls.getUnchecked(ClientCalls.java:214)
	at org.apache.ratis.thirdparty.io.grpc.stub.ClientCalls.blockingUnaryCall(ClientCalls.java:139)
	at org.apache.ratis.proto.grpc.RaftServerProtocolServiceGrpc$RaftServerProtocolServiceBlockingStub.requestVote(RaftServerProtocolServiceGrpc.java:265)
	at org.apache.ratis.grpc.server.GrpcServerProtocolClient.requestVote(GrpcServerProtocolClient.java:90)
	at org.apache.ratis.grpc.server.GrpcService.requestVote(GrpcService.java:204)
	at org.apache.ratis.server.impl.LeaderElection.lambda$submitRequests$1(LeaderElection.java:238)
	at java.util.concurrent.FutureTask.run(FutureTask.java:266)
	at java.util.concurrent.Executors$RunnableAdapter.call(Executors.java:511)
	at java.util.concurrent.FutureTask.run(FutureTask.java:266)
	at java.util.concurrent.ThreadPoolExecutor.runWorker(ThreadPoolExecutor.java:1149)
	at java.util.concurrent.ThreadPoolExecutor$Worker.run(ThreadPoolExecutor.java:624)
	... 1 more
Caused by: org.apache.ratis.thirdparty.io.netty.channel.AbstractChannel$AnnotatedConnectException: Connection refused: /192.168.164.214:36671
	at sun.nio.ch.SocketChannelImpl.checkConnect(Native Method)
	at sun.nio.ch.SocketChannelImpl.finishConnect(SocketChannelImpl.java:717)
	at org.apache.ratis.thirdparty.io.netty.channel.socket.nio.NioSocketChannel.doFinishConnect(NioSocketChannel.java:327)
	at org.apache.ratis.thirdparty.io.netty.channel.nio.AbstractNioChannel$AbstractNioUnsafe.finishConnect(AbstractNioChannel.java:340)
	at org.apache.ratis.thirdparty.io.netty.channel.nio.NioEventLoop.processSelectedKey(NioEventLoop.java:632)
	at org.apache.ratis.thirdparty.io.netty.channel.nio.NioEventLoop.processSelectedKeysOptimized(NioEventLoop.java:579)
	at org.apache.ratis.thirdparty.io.netty.channel.nio.NioEventLoop.processSelectedKeys(NioEventLoop.java:496)
	at org.apache.ratis.thirdparty.io.netty.channel.nio.NioEventLoop.run(NioEventLoop.java:458)
	at org.apache.ratis.thirdparty.io.netty.util.concurrent.SingleThreadEventExecutor$5.run(SingleThreadEventExecutor.java:897)
	at org.apache.ratis.thirdparty.io.netty.util.concurrent.FastThreadLocalRunnable.run(FastThreadLocalRunnable.java:30)
	... 1 more
Caused by: java.net.ConnectException: Connection refused
	... 11 more
2019-10-14 09:11:45,771 [d1f57701-3fd0-49df-bc3e-2994fc7249db@group-CEABDACBA137:LeaderElection71] INFO  impl.LeaderElection (LogUtils.java:infoOrTrace(149)) - d1f57701-3fd0-49df-bc3e-2994fc7249db@group-CEABDACBA137:LeaderElection71 got exception when requesting votes: {}
java.util.concurrent.ExecutionException: org.apache.ratis.thirdparty.io.grpc.StatusRuntimeException: UNAVAILABLE: io exception
	at java.util.concurrent.FutureTask.report(FutureTask.java:122)
	at java.util.concurrent.FutureTask.get(FutureTask.java:192)
	at org.apache.ratis.server.impl.LeaderElection.waitForResults(LeaderElection.java:263)
	at org.apache.ratis.server.impl.LeaderElection.askForVotes(LeaderElection.java:201)
	at org.apache.ratis.server.impl.LeaderElection.run(LeaderElection.java:133)
	at java.lang.Thread.run(Thread.java:748)
Caused by: org.apache.ratis.thirdparty.io.grpc.StatusRuntimeException: UNAVAILABLE: io exception
	at org.apache.ratis.thirdparty.io.grpc.stub.ClientCalls.toStatusRuntimeException(ClientCalls.java:233)
	at org.apache.ratis.thirdparty.io.grpc.stub.ClientCalls.getUnchecked(ClientCalls.java:214)
	at org.apache.ratis.thirdparty.io.grpc.stub.ClientCalls.blockingUnaryCall(ClientCalls.java:139)
	at org.apache.ratis.proto.grpc.RaftServerProtocolServiceGrpc$RaftServerProtocolServiceBlockingStub.requestVote(RaftServerProtocolServiceGrpc.java:265)
	at org.apache.ratis.grpc.server.GrpcServerProtocolClient.requestVote(GrpcServerProtocolClient.java:90)
	at org.apache.ratis.grpc.server.GrpcService.requestVote(GrpcService.java:204)
	at org.apache.ratis.server.impl.LeaderElection.lambda$submitRequests$1(LeaderElection.java:238)
	at java.util.concurrent.FutureTask.run(FutureTask.java:266)
	at java.util.concurrent.Executors$RunnableAdapter.call(Executors.java:511)
	at java.util.concurrent.FutureTask.run(FutureTask.java:266)
	at java.util.concurrent.ThreadPoolExecutor.runWorker(ThreadPoolExecutor.java:1149)
	at java.util.concurrent.ThreadPoolExecutor$Worker.run(ThreadPoolExecutor.java:624)
	... 1 more
Caused by: org.apache.ratis.thirdparty.io.netty.channel.AbstractChannel$AnnotatedConnectException: Connection refused: /192.168.164.214:35977
	at sun.nio.ch.SocketChannelImpl.checkConnect(Native Method)
	at sun.nio.ch.SocketChannelImpl.finishConnect(SocketChannelImpl.java:717)
	at org.apache.ratis.thirdparty.io.netty.channel.socket.nio.NioSocketChannel.doFinishConnect(NioSocketChannel.java:327)
	at org.apache.ratis.thirdparty.io.netty.channel.nio.AbstractNioChannel$AbstractNioUnsafe.finishConnect(AbstractNioChannel.java:340)
	at org.apache.ratis.thirdparty.io.netty.channel.nio.NioEventLoop.processSelectedKey(NioEventLoop.java:632)
	at org.apache.ratis.thirdparty.io.netty.channel.nio.NioEventLoop.processSelectedKeysOptimized(NioEventLoop.java:579)
	at org.apache.ratis.thirdparty.io.netty.channel.nio.NioEventLoop.processSelectedKeys(NioEventLoop.java:496)
	at org.apache.ratis.thirdparty.io.netty.channel.nio.NioEventLoop.run(NioEventLoop.java:458)
	at org.apache.ratis.thirdparty.io.netty.util.concurrent.SingleThreadEventExecutor$5.run(SingleThreadEventExecutor.java:897)
	at org.apache.ratis.thirdparty.io.netty.util.concurrent.FastThreadLocalRunnable.run(FastThreadLocalRunnable.java:30)
	... 1 more
Caused by: java.net.ConnectException: Connection refused
	... 11 more
2019-10-14 09:11:45,772 [d1f57701-3fd0-49df-bc3e-2994fc7249db@group-CEABDACBA137:LeaderElection71] INFO  impl.LeaderElection (LeaderElection.java:logAndReturn(56)) - d1f57701-3fd0-49df-bc3e-2994fc7249db@group-CEABDACBA137:LeaderElection71: Election REJECTED; received 0 response(s) [] and 2 exception(s); d1f57701-3fd0-49df-bc3e-2994fc7249db@group-CEABDACBA137:t9, leader=null, voted=d1f57701-3fd0-49df-bc3e-2994fc7249db, raftlog=d1f57701-3fd0-49df-bc3e-2994fc7249db@group-CEABDACBA137-SegmentedRaftLog:OPENED:c20,f20,i20, conf=0: [aabd13a9-38b1-453f-a600-f425fadd7a8e:192.168.164.214:36671, 585f7a51-f4d3-431b-937d-1c786f624e2b:192.168.164.214:35977, d1f57701-3fd0-49df-bc3e-2994fc7249db:192.168.164.214:43350], old=null
2019-10-14 09:11:45,772 [d1f57701-3fd0-49df-bc3e-2994fc7249db@group-CEABDACBA137:LeaderElection71] INFO  impl.LeaderElection (LogUtils.java:infoOrTrace(149)) -   Exception 0: {}
java.util.concurrent.ExecutionException: org.apache.ratis.thirdparty.io.grpc.StatusRuntimeException: UNAVAILABLE: io exception
	at java.util.concurrent.FutureTask.report(FutureTask.java:122)
	at java.util.concurrent.FutureTask.get(FutureTask.java:192)
	at org.apache.ratis.server.impl.LeaderElection.waitForResults(LeaderElection.java:263)
	at org.apache.ratis.server.impl.LeaderElection.askForVotes(LeaderElection.java:201)
	at org.apache.ratis.server.impl.LeaderElection.run(LeaderElection.java:133)
	at java.lang.Thread.run(Thread.java:748)
Caused by: org.apache.ratis.thirdparty.io.grpc.StatusRuntimeException: UNAVAILABLE: io exception
	at org.apache.ratis.thirdparty.io.grpc.stub.ClientCalls.toStatusRuntimeException(ClientCalls.java:233)
	at org.apache.ratis.thirdparty.io.grpc.stub.ClientCalls.getUnchecked(ClientCalls.java:214)
	at org.apache.ratis.thirdparty.io.grpc.stub.ClientCalls.blockingUnaryCall(ClientCalls.java:139)
	at org.apache.ratis.proto.grpc.RaftServerProtocolServiceGrpc$RaftServerProtocolServiceBlockingStub.requestVote(RaftServerProtocolServiceGrpc.java:265)
	at org.apache.ratis.grpc.server.GrpcServerProtocolClient.requestVote(GrpcServerProtocolClient.java:90)
	at org.apache.ratis.grpc.server.GrpcService.requestVote(GrpcService.java:204)
	at org.apache.ratis.server.impl.LeaderElection.lambda$submitRequests$1(LeaderElection.java:238)
	at java.util.concurrent.FutureTask.run(FutureTask.java:266)
	at java.util.concurrent.Executors$RunnableAdapter.call(Executors.java:511)
	at java.util.concurrent.FutureTask.run(FutureTask.java:266)
	at java.util.concurrent.ThreadPoolExecutor.runWorker(ThreadPoolExecutor.java:1149)
	at java.util.concurrent.ThreadPoolExecutor$Worker.run(ThreadPoolExecutor.java:624)
	... 1 more
Caused by: org.apache.ratis.thirdparty.io.netty.channel.AbstractChannel$AnnotatedConnectException: Connection refused: /192.168.164.214:36671
	at sun.nio.ch.SocketChannelImpl.checkConnect(Native Method)
	at sun.nio.ch.SocketChannelImpl.finishConnect(SocketChannelImpl.java:717)
	at org.apache.ratis.thirdparty.io.netty.channel.socket.nio.NioSocketChannel.doFinishConnect(NioSocketChannel.java:327)
	at org.apache.ratis.thirdparty.io.netty.channel.nio.AbstractNioChannel$AbstractNioUnsafe.finishConnect(AbstractNioChannel.java:340)
	at org.apache.ratis.thirdparty.io.netty.channel.nio.NioEventLoop.processSelectedKey(NioEventLoop.java:632)
	at org.apache.ratis.thirdparty.io.netty.channel.nio.NioEventLoop.processSelectedKeysOptimized(NioEventLoop.java:579)
	at org.apache.ratis.thirdparty.io.netty.channel.nio.NioEventLoop.processSelectedKeys(NioEventLoop.java:496)
	at org.apache.ratis.thirdparty.io.netty.channel.nio.NioEventLoop.run(NioEventLoop.java:458)
	at org.apache.ratis.thirdparty.io.netty.util.concurrent.SingleThreadEventExecutor$5.run(SingleThreadEventExecutor.java:897)
	at org.apache.ratis.thirdparty.io.netty.util.concurrent.FastThreadLocalRunnable.run(FastThreadLocalRunnable.java:30)
	... 1 more
Caused by: java.net.ConnectException: Connection refused
	... 11 more
2019-10-14 09:11:45,773 [d1f57701-3fd0-49df-bc3e-2994fc7249db@group-CEABDACBA137:LeaderElection71] INFO  impl.LeaderElection (LogUtils.java:infoOrTrace(149)) -   Exception 1: {}
java.util.concurrent.ExecutionException: org.apache.ratis.thirdparty.io.grpc.StatusRuntimeException: UNAVAILABLE: io exception
	at java.util.concurrent.FutureTask.report(FutureTask.java:122)
	at java.util.concurrent.FutureTask.get(FutureTask.java:192)
	at org.apache.ratis.server.impl.LeaderElection.waitForResults(LeaderElection.java:263)
	at org.apache.ratis.server.impl.LeaderElection.askForVotes(LeaderElection.java:201)
	at org.apache.ratis.server.impl.LeaderElection.run(LeaderElection.java:133)
	at java.lang.Thread.run(Thread.java:748)
Caused by: org.apache.ratis.thirdparty.io.grpc.StatusRuntimeException: UNAVAILABLE: io exception
	at org.apache.ratis.thirdparty.io.grpc.stub.ClientCalls.toStatusRuntimeException(ClientCalls.java:233)
	at org.apache.ratis.thirdparty.io.grpc.stub.ClientCalls.getUnchecked(ClientCalls.java:214)
	at org.apache.ratis.thirdparty.io.grpc.stub.ClientCalls.blockingUnaryCall(ClientCalls.java:139)
	at org.apache.ratis.proto.grpc.RaftServerProtocolServiceGrpc$RaftServerProtocolServiceBlockingStub.requestVote(RaftServerProtocolServiceGrpc.java:265)
	at org.apache.ratis.grpc.server.GrpcServerProtocolClient.requestVote(GrpcServerProtocolClient.java:90)
	at org.apache.ratis.grpc.server.GrpcService.requestVote(GrpcService.java:204)
	at org.apache.ratis.server.impl.LeaderElection.lambda$submitRequests$1(LeaderElection.java:238)
	at java.util.concurrent.FutureTask.run(FutureTask.java:266)
	at java.util.concurrent.Executors$RunnableAdapter.call(Executors.java:511)
	at java.util.concurrent.FutureTask.run(FutureTask.java:266)
	at java.util.concurrent.ThreadPoolExecutor.runWorker(ThreadPoolExecutor.java:1149)
	at java.util.concurrent.ThreadPoolExecutor$Worker.run(ThreadPoolExecutor.java:624)
	... 1 more
Caused by: org.apache.ratis.thirdparty.io.netty.channel.AbstractChannel$AnnotatedConnectException: Connection refused: /192.168.164.214:35977
	at sun.nio.ch.SocketChannelImpl.checkConnect(Native Method)
	at sun.nio.ch.SocketChannelImpl.finishConnect(SocketChannelImpl.java:717)
	at org.apache.ratis.thirdparty.io.netty.channel.socket.nio.NioSocketChannel.doFinishConnect(NioSocketChannel.java:327)
	at org.apache.ratis.thirdparty.io.netty.channel.nio.AbstractNioChannel$AbstractNioUnsafe.finishConnect(AbstractNioChannel.java:340)
	at org.apache.ratis.thirdparty.io.netty.channel.nio.NioEventLoop.processSelectedKey(NioEventLoop.java:632)
	at org.apache.ratis.thirdparty.io.netty.channel.nio.NioEventLoop.processSelectedKeysOptimized(NioEventLoop.java:579)
	at org.apache.ratis.thirdparty.io.netty.channel.nio.NioEventLoop.processSelectedKeys(NioEventLoop.java:496)
	at org.apache.ratis.thirdparty.io.netty.channel.nio.NioEventLoop.run(NioEventLoop.java:458)
	at org.apache.ratis.thirdparty.io.netty.util.concurrent.SingleThreadEventExecutor$5.run(SingleThreadEventExecutor.java:897)
	at org.apache.ratis.thirdparty.io.netty.util.concurrent.FastThreadLocalRunnable.run(FastThreadLocalRunnable.java:30)
	... 1 more
Caused by: java.net.ConnectException: Connection refused
	... 11 more
2019-10-14 09:11:45,773 [d1f57701-3fd0-49df-bc3e-2994fc7249db@group-CEABDACBA137:LeaderElection71] INFO  impl.RaftServerImpl (RaftServerImpl.java:setRole(174)) - d1f57701-3fd0-49df-bc3e-2994fc7249db@group-CEABDACBA137: changes role from CANDIDATE to FOLLOWER at term 9 for DISCOVERED_A_NEW_TERM
2019-10-14 09:11:45,774 [d1f57701-3fd0-49df-bc3e-2994fc7249db@group-CEABDACBA137:LeaderElection71] INFO  impl.RoleInfo (RoleInfo.java:shutdownLeaderElection(134)) - d1f57701-3fd0-49df-bc3e-2994fc7249db: shutdown LeaderElection
2019-10-14 09:11:45,774 [d1f57701-3fd0-49df-bc3e-2994fc7249db@group-CEABDACBA137:LeaderElection71] INFO  impl.RoleInfo (RoleInfo.java:updateAndGet(143)) - d1f57701-3fd0-49df-bc3e-2994fc7249db: start FollowerState
2019-10-14 09:11:46,860 [Thread-1620] INFO  impl.FollowerState (FollowerState.java:run(106)) - d1f57701-3fd0-49df-bc3e-2994fc7249db:group-CEABDACBA137 changes to CANDIDATE, lastRpcTime:1085, electionTimeout:1085ms
2019-10-14 09:11:46,860 [Thread-1620] INFO  impl.RoleInfo (RoleInfo.java:shutdownFollowerState(121)) - d1f57701-3fd0-49df-bc3e-2994fc7249db: shutdown FollowerState
2019-10-14 09:11:46,860 [Thread-1620] INFO  impl.RaftServerImpl (RaftServerImpl.java:setRole(174)) - d1f57701-3fd0-49df-bc3e-2994fc7249db@group-CEABDACBA137: changes role from  FOLLOWER to CANDIDATE at term 9 for changeToCandidate
2019-10-14 09:11:46,861 [Thread-1620] INFO  impl.RoleInfo (RoleInfo.java:updateAndGet(143)) - d1f57701-3fd0-49df-bc3e-2994fc7249db: start LeaderElection
2019-10-14 09:11:46,885 [d1f57701-3fd0-49df-bc3e-2994fc7249db@group-CEABDACBA137:LeaderElection72] INFO  impl.LeaderElection (LeaderElection.java:askForVotes(182)) - d1f57701-3fd0-49df-bc3e-2994fc7249db@group-CEABDACBA137:LeaderElection72: begin an election at term 10 for 0: [aabd13a9-38b1-453f-a600-f425fadd7a8e:192.168.164.214:36671, 585f7a51-f4d3-431b-937d-1c786f624e2b:192.168.164.214:35977, d1f57701-3fd0-49df-bc3e-2994fc7249db:192.168.164.214:43350], old=null
2019-10-14 09:11:46,887 [d1f57701-3fd0-49df-bc3e-2994fc7249db@group-CEABDACBA137:LeaderElection72] INFO  impl.LeaderElection (LogUtils.java:infoOrTrace(149)) - d1f57701-3fd0-49df-bc3e-2994fc7249db@group-CEABDACBA137:LeaderElection72 got exception when requesting votes: {}
java.util.concurrent.ExecutionException: org.apache.ratis.thirdparty.io.grpc.StatusRuntimeException: UNAVAILABLE: io exception
	at java.util.concurrent.FutureTask.report(FutureTask.java:122)
	at java.util.concurrent.FutureTask.get(FutureTask.java:192)
	at org.apache.ratis.server.impl.LeaderElection.waitForResults(LeaderElection.java:263)
	at org.apache.ratis.server.impl.LeaderElection.askForVotes(LeaderElection.java:201)
	at org.apache.ratis.server.impl.LeaderElection.run(LeaderElection.java:133)
	at java.lang.Thread.run(Thread.java:748)
Caused by: org.apache.ratis.thirdparty.io.grpc.StatusRuntimeException: UNAVAILABLE: io exception
	at org.apache.ratis.thirdparty.io.grpc.stub.ClientCalls.toStatusRuntimeException(ClientCalls.java:233)
	at org.apache.ratis.thirdparty.io.grpc.stub.ClientCalls.getUnchecked(ClientCalls.java:214)
	at org.apache.ratis.thirdparty.io.grpc.stub.ClientCalls.blockingUnaryCall(ClientCalls.java:139)
	at org.apache.ratis.proto.grpc.RaftServerProtocolServiceGrpc$RaftServerProtocolServiceBlockingStub.requestVote(RaftServerProtocolServiceGrpc.java:265)
	at org.apache.ratis.grpc.server.GrpcServerProtocolClient.requestVote(GrpcServerProtocolClient.java:90)
	at org.apache.ratis.grpc.server.GrpcService.requestVote(GrpcService.java:204)
	at org.apache.ratis.server.impl.LeaderElection.lambda$submitRequests$1(LeaderElection.java:238)
	at java.util.concurrent.FutureTask.run(FutureTask.java:266)
	at java.util.concurrent.Executors$RunnableAdapter.call(Executors.java:511)
	at java.util.concurrent.FutureTask.run(FutureTask.java:266)
	at java.util.concurrent.ThreadPoolExecutor.runWorker(ThreadPoolExecutor.java:1149)
	at java.util.concurrent.ThreadPoolExecutor$Worker.run(ThreadPoolExecutor.java:624)
	... 1 more
Caused by: org.apache.ratis.thirdparty.io.netty.channel.AbstractChannel$AnnotatedConnectException: Connection refused: /192.168.164.214:35977
	at sun.nio.ch.SocketChannelImpl.checkConnect(Native Method)
	at sun.nio.ch.SocketChannelImpl.finishConnect(SocketChannelImpl.java:717)
	at org.apache.ratis.thirdparty.io.netty.channel.socket.nio.NioSocketChannel.doFinishConnect(NioSocketChannel.java:327)
	at org.apache.ratis.thirdparty.io.netty.channel.nio.AbstractNioChannel$AbstractNioUnsafe.finishConnect(AbstractNioChannel.java:340)
	at org.apache.ratis.thirdparty.io.netty.channel.nio.NioEventLoop.processSelectedKey(NioEventLoop.java:632)
	at org.apache.ratis.thirdparty.io.netty.channel.nio.NioEventLoop.processSelectedKeysOptimized(NioEventLoop.java:579)
	at org.apache.ratis.thirdparty.io.netty.channel.nio.NioEventLoop.processSelectedKeys(NioEventLoop.java:496)
	at org.apache.ratis.thirdparty.io.netty.channel.nio.NioEventLoop.run(NioEventLoop.java:458)
	at org.apache.ratis.thirdparty.io.netty.util.concurrent.SingleThreadEventExecutor$5.run(SingleThreadEventExecutor.java:897)
	at org.apache.ratis.thirdparty.io.netty.util.concurrent.FastThreadLocalRunnable.run(FastThreadLocalRunnable.java:30)
	... 1 more
Caused by: java.net.ConnectException: Connection refused
	... 11 more
2019-10-14 09:11:46,887 [d1f57701-3fd0-49df-bc3e-2994fc7249db@group-CEABDACBA137:LeaderElection72] INFO  impl.LeaderElection (LogUtils.java:infoOrTrace(149)) - d1f57701-3fd0-49df-bc3e-2994fc7249db@group-CEABDACBA137:LeaderElection72 got exception when requesting votes: {}
java.util.concurrent.ExecutionException: org.apache.ratis.thirdparty.io.grpc.StatusRuntimeException: UNAVAILABLE: io exception
	at java.util.concurrent.FutureTask.report(FutureTask.java:122)
	at java.util.concurrent.FutureTask.get(FutureTask.java:192)
	at org.apache.ratis.server.impl.LeaderElection.waitForResults(LeaderElection.java:263)
	at org.apache.ratis.server.impl.LeaderElection.askForVotes(LeaderElection.java:201)
	at org.apache.ratis.server.impl.LeaderElection.run(LeaderElection.java:133)
	at java.lang.Thread.run(Thread.java:748)
Caused by: org.apache.ratis.thirdparty.io.grpc.StatusRuntimeException: UNAVAILABLE: io exception
	at org.apache.ratis.thirdparty.io.grpc.stub.ClientCalls.toStatusRuntimeException(ClientCalls.java:233)
	at org.apache.ratis.thirdparty.io.grpc.stub.ClientCalls.getUnchecked(ClientCalls.java:214)
	at org.apache.ratis.thirdparty.io.grpc.stub.ClientCalls.blockingUnaryCall(ClientCalls.java:139)
	at org.apache.ratis.proto.grpc.RaftServerProtocolServiceGrpc$RaftServerProtocolServiceBlockingStub.requestVote(RaftServerProtocolServiceGrpc.java:265)
	at org.apache.ratis.grpc.server.GrpcServerProtocolClient.requestVote(GrpcServerProtocolClient.java:90)
	at org.apache.ratis.grpc.server.GrpcService.requestVote(GrpcService.java:204)
	at org.apache.ratis.server.impl.LeaderElection.lambda$submitRequests$1(LeaderElection.java:238)
	at java.util.concurrent.FutureTask.run(FutureTask.java:266)
	at java.util.concurrent.Executors$RunnableAdapter.call(Executors.java:511)
	at java.util.concurrent.FutureTask.run(FutureTask.java:266)
	at java.util.concurrent.ThreadPoolExecutor.runWorker(ThreadPoolExecutor.java:1149)
	at java.util.concurrent.ThreadPoolExecutor$Worker.run(ThreadPoolExecutor.java:624)
	... 1 more
Caused by: org.apache.ratis.thirdparty.io.netty.channel.AbstractChannel$AnnotatedConnectException: Connection refused: /192.168.164.214:36671
	at sun.nio.ch.SocketChannelImpl.checkConnect(Native Method)
	at sun.nio.ch.SocketChannelImpl.finishConnect(SocketChannelImpl.java:717)
	at org.apache.ratis.thirdparty.io.netty.channel.socket.nio.NioSocketChannel.doFinishConnect(NioSocketChannel.java:327)
	at org.apache.ratis.thirdparty.io.netty.channel.nio.AbstractNioChannel$AbstractNioUnsafe.finishConnect(AbstractNioChannel.java:340)
	at org.apache.ratis.thirdparty.io.netty.channel.nio.NioEventLoop.processSelectedKey(NioEventLoop.java:632)
	at org.apache.ratis.thirdparty.io.netty.channel.nio.NioEventLoop.processSelectedKeysOptimized(NioEventLoop.java:579)
	at org.apache.ratis.thirdparty.io.netty.channel.nio.NioEventLoop.processSelectedKeys(NioEventLoop.java:496)
	at org.apache.ratis.thirdparty.io.netty.channel.nio.NioEventLoop.run(NioEventLoop.java:458)
	at org.apache.ratis.thirdparty.io.netty.util.concurrent.SingleThreadEventExecutor$5.run(SingleThreadEventExecutor.java:897)
	at org.apache.ratis.thirdparty.io.netty.util.concurrent.FastThreadLocalRunnable.run(FastThreadLocalRunnable.java:30)
	... 1 more
Caused by: java.net.ConnectException: Connection refused
	... 11 more
2019-10-14 09:11:46,888 [d1f57701-3fd0-49df-bc3e-2994fc7249db@group-CEABDACBA137:LeaderElection72] INFO  impl.LeaderElection (LeaderElection.java:logAndReturn(56)) - d1f57701-3fd0-49df-bc3e-2994fc7249db@group-CEABDACBA137:LeaderElection72: Election REJECTED; received 0 response(s) [] and 2 exception(s); d1f57701-3fd0-49df-bc3e-2994fc7249db@group-CEABDACBA137:t10, leader=null, voted=d1f57701-3fd0-49df-bc3e-2994fc7249db, raftlog=d1f57701-3fd0-49df-bc3e-2994fc7249db@group-CEABDACBA137-SegmentedRaftLog:OPENED:c20,f20,i20, conf=0: [aabd13a9-38b1-453f-a600-f425fadd7a8e:192.168.164.214:36671, 585f7a51-f4d3-431b-937d-1c786f624e2b:192.168.164.214:35977, d1f57701-3fd0-49df-bc3e-2994fc7249db:192.168.164.214:43350], old=null
2019-10-14 09:11:46,888 [d1f57701-3fd0-49df-bc3e-2994fc7249db@group-CEABDACBA137:LeaderElection72] INFO  impl.LeaderElection (LogUtils.java:infoOrTrace(149)) -   Exception 0: {}
java.util.concurrent.ExecutionException: org.apache.ratis.thirdparty.io.grpc.StatusRuntimeException: UNAVAILABLE: io exception
	at java.util.concurrent.FutureTask.report(FutureTask.java:122)
	at java.util.concurrent.FutureTask.get(FutureTask.java:192)
	at org.apache.ratis.server.impl.LeaderElection.waitForResults(LeaderElection.java:263)
	at org.apache.ratis.server.impl.LeaderElection.askForVotes(LeaderElection.java:201)
	at org.apache.ratis.server.impl.LeaderElection.run(LeaderElection.java:133)
	at java.lang.Thread.run(Thread.java:748)
Caused by: org.apache.ratis.thirdparty.io.grpc.StatusRuntimeException: UNAVAILABLE: io exception
	at org.apache.ratis.thirdparty.io.grpc.stub.ClientCalls.toStatusRuntimeException(ClientCalls.java:233)
	at org.apache.ratis.thirdparty.io.grpc.stub.ClientCalls.getUnchecked(ClientCalls.java:214)
	at org.apache.ratis.thirdparty.io.grpc.stub.ClientCalls.blockingUnaryCall(ClientCalls.java:139)
	at org.apache.ratis.proto.grpc.RaftServerProtocolServiceGrpc$RaftServerProtocolServiceBlockingStub.requestVote(RaftServerProtocolServiceGrpc.java:265)
	at org.apache.ratis.grpc.server.GrpcServerProtocolClient.requestVote(GrpcServerProtocolClient.java:90)
	at org.apache.ratis.grpc.server.GrpcService.requestVote(GrpcService.java:204)
	at org.apache.ratis.server.impl.LeaderElection.lambda$submitRequests$1(LeaderElection.java:238)
	at java.util.concurrent.FutureTask.run(FutureTask.java:266)
	at java.util.concurrent.Executors$RunnableAdapter.call(Executors.java:511)
	at java.util.concurrent.FutureTask.run(FutureTask.java:266)
	at java.util.concurrent.ThreadPoolExecutor.runWorker(ThreadPoolExecutor.java:1149)
	at java.util.concurrent.ThreadPoolExecutor$Worker.run(ThreadPoolExecutor.java:624)
	... 1 more
Caused by: org.apache.ratis.thirdparty.io.netty.channel.AbstractChannel$AnnotatedConnectException: Connection refused: /192.168.164.214:35977
	at sun.nio.ch.SocketChannelImpl.checkConnect(Native Method)
	at sun.nio.ch.SocketChannelImpl.finishConnect(SocketChannelImpl.java:717)
	at org.apache.ratis.thirdparty.io.netty.channel.socket.nio.NioSocketChannel.doFinishConnect(NioSocketChannel.java:327)
	at org.apache.ratis.thirdparty.io.netty.channel.nio.AbstractNioChannel$AbstractNioUnsafe.finishConnect(AbstractNioChannel.java:340)
	at org.apache.ratis.thirdparty.io.netty.channel.nio.NioEventLoop.processSelectedKey(NioEventLoop.java:632)
	at org.apache.ratis.thirdparty.io.netty.channel.nio.NioEventLoop.processSelectedKeysOptimized(NioEventLoop.java:579)
	at org.apache.ratis.thirdparty.io.netty.channel.nio.NioEventLoop.processSelectedKeys(NioEventLoop.java:496)
	at org.apache.ratis.thirdparty.io.netty.channel.nio.NioEventLoop.run(NioEventLoop.java:458)
	at org.apache.ratis.thirdparty.io.netty.util.concurrent.SingleThreadEventExecutor$5.run(SingleThreadEventExecutor.java:897)
	at org.apache.ratis.thirdparty.io.netty.util.concurrent.FastThreadLocalRunnable.run(FastThreadLocalRunnable.java:30)
	... 1 more
Caused by: java.net.ConnectException: Connection refused
	... 11 more
2019-10-14 09:11:46,888 [d1f57701-3fd0-49df-bc3e-2994fc7249db@group-CEABDACBA137:LeaderElection72] INFO  impl.LeaderElection (LogUtils.java:infoOrTrace(149)) -   Exception 1: {}
java.util.concurrent.ExecutionException: org.apache.ratis.thirdparty.io.grpc.StatusRuntimeException: UNAVAILABLE: io exception
	at java.util.concurrent.FutureTask.report(FutureTask.java:122)
	at java.util.concurrent.FutureTask.get(FutureTask.java:192)
	at org.apache.ratis.server.impl.LeaderElection.waitForResults(LeaderElection.java:263)
	at org.apache.ratis.server.impl.LeaderElection.askForVotes(LeaderElection.java:201)
	at org.apache.ratis.server.impl.LeaderElection.run(LeaderElection.java:133)
	at java.lang.Thread.run(Thread.java:748)
Caused by: org.apache.ratis.thirdparty.io.grpc.StatusRuntimeException: UNAVAILABLE: io exception
	at org.apache.ratis.thirdparty.io.grpc.stub.ClientCalls.toStatusRuntimeException(ClientCalls.java:233)
	at org.apache.ratis.thirdparty.io.grpc.stub.ClientCalls.getUnchecked(ClientCalls.java:214)
	at org.apache.ratis.thirdparty.io.grpc.stub.ClientCalls.blockingUnaryCall(ClientCalls.java:139)
	at org.apache.ratis.proto.grpc.RaftServerProtocolServiceGrpc$RaftServerProtocolServiceBlockingStub.requestVote(RaftServerProtocolServiceGrpc.java:265)
	at org.apache.ratis.grpc.server.GrpcServerProtocolClient.requestVote(GrpcServerProtocolClient.java:90)
	at org.apache.ratis.grpc.server.GrpcService.requestVote(GrpcService.java:204)
	at org.apache.ratis.server.impl.LeaderElection.lambda$submitRequests$1(LeaderElection.java:238)
	at java.util.concurrent.FutureTask.run(FutureTask.java:266)
	at java.util.concurrent.Executors$RunnableAdapter.call(Executors.java:511)
	at java.util.concurrent.FutureTask.run(FutureTask.java:266)
	at java.util.concurrent.ThreadPoolExecutor.runWorker(ThreadPoolExecutor.java:1149)
	at java.util.concurrent.ThreadPoolExecutor$Worker.run(ThreadPoolExecutor.java:624)
	... 1 more
Caused by: org.apache.ratis.thirdparty.io.netty.channel.AbstractChannel$AnnotatedConnectException: Connection refused: /192.168.164.214:36671
	at sun.nio.ch.SocketChannelImpl.checkConnect(Native Method)
	at sun.nio.ch.SocketChannelImpl.finishConnect(SocketChannelImpl.java:717)
	at org.apache.ratis.thirdparty.io.netty.channel.socket.nio.NioSocketChannel.doFinishConnect(NioSocketChannel.java:327)
	at org.apache.ratis.thirdparty.io.netty.channel.nio.AbstractNioChannel$AbstractNioUnsafe.finishConnect(AbstractNioChannel.java:340)
	at org.apache.ratis.thirdparty.io.netty.channel.nio.NioEventLoop.processSelectedKey(NioEventLoop.java:632)
	at org.apache.ratis.thirdparty.io.netty.channel.nio.NioEventLoop.processSelectedKeysOptimized(NioEventLoop.java:579)
	at org.apache.ratis.thirdparty.io.netty.channel.nio.NioEventLoop.processSelectedKeys(NioEventLoop.java:496)
	at org.apache.ratis.thirdparty.io.netty.channel.nio.NioEventLoop.run(NioEventLoop.java:458)
	at org.apache.ratis.thirdparty.io.netty.util.concurrent.SingleThreadEventExecutor$5.run(SingleThreadEventExecutor.java:897)
	at org.apache.ratis.thirdparty.io.netty.util.concurrent.FastThreadLocalRunnable.run(FastThreadLocalRunnable.java:30)
	... 1 more
Caused by: java.net.ConnectException: Connection refused
	... 11 more
2019-10-14 09:11:46,889 [d1f57701-3fd0-49df-bc3e-2994fc7249db@group-CEABDACBA137:LeaderElection72] INFO  impl.RaftServerImpl (RaftServerImpl.java:setRole(174)) - d1f57701-3fd0-49df-bc3e-2994fc7249db@group-CEABDACBA137: changes role from CANDIDATE to FOLLOWER at term 10 for DISCOVERED_A_NEW_TERM
2019-10-14 09:11:46,889 [d1f57701-3fd0-49df-bc3e-2994fc7249db@group-CEABDACBA137:LeaderElection72] INFO  impl.RoleInfo (RoleInfo.java:shutdownLeaderElection(134)) - d1f57701-3fd0-49df-bc3e-2994fc7249db: shutdown LeaderElection
2019-10-14 09:11:46,889 [d1f57701-3fd0-49df-bc3e-2994fc7249db@group-CEABDACBA137:LeaderElection72] INFO  impl.RoleInfo (RoleInfo.java:updateAndGet(143)) - d1f57701-3fd0-49df-bc3e-2994fc7249db: start FollowerState
2019-10-14 09:11:47,899 [Thread-1629] INFO  impl.FollowerState (FollowerState.java:run(106)) - d1f57701-3fd0-49df-bc3e-2994fc7249db:group-CEABDACBA137 changes to CANDIDATE, lastRpcTime:1009, electionTimeout:1009ms
2019-10-14 09:11:47,900 [Thread-1629] INFO  impl.RoleInfo (RoleInfo.java:shutdownFollowerState(121)) - d1f57701-3fd0-49df-bc3e-2994fc7249db: shutdown FollowerState
2019-10-14 09:11:47,900 [Thread-1629] INFO  impl.RaftServerImpl (RaftServerImpl.java:setRole(174)) - d1f57701-3fd0-49df-bc3e-2994fc7249db@group-CEABDACBA137: changes role from  FOLLOWER to CANDIDATE at term 10 for changeToCandidate
2019-10-14 09:11:47,901 [Thread-1629] INFO  impl.RoleInfo (RoleInfo.java:updateAndGet(143)) - d1f57701-3fd0-49df-bc3e-2994fc7249db: start LeaderElection
2019-10-14 09:11:47,928 [d1f57701-3fd0-49df-bc3e-2994fc7249db@group-CEABDACBA137:LeaderElection73] INFO  impl.LeaderElection (LeaderElection.java:askForVotes(182)) - d1f57701-3fd0-49df-bc3e-2994fc7249db@group-CEABDACBA137:LeaderElection73: begin an election at term 11 for 0: [aabd13a9-38b1-453f-a600-f425fadd7a8e:192.168.164.214:36671, 585f7a51-f4d3-431b-937d-1c786f624e2b:192.168.164.214:35977, d1f57701-3fd0-49df-bc3e-2994fc7249db:192.168.164.214:43350], old=null
2019-10-14 09:11:47,932 [d1f57701-3fd0-49df-bc3e-2994fc7249db@group-CEABDACBA137:LeaderElection73] INFO  impl.LeaderElection (LogUtils.java:infoOrTrace(149)) - d1f57701-3fd0-49df-bc3e-2994fc7249db@group-CEABDACBA137:LeaderElection73 got exception when requesting votes: {}
java.util.concurrent.ExecutionException: org.apache.ratis.thirdparty.io.grpc.StatusRuntimeException: UNAVAILABLE: io exception
	at java.util.concurrent.FutureTask.report(FutureTask.java:122)
	at java.util.concurrent.FutureTask.get(FutureTask.java:192)
	at org.apache.ratis.server.impl.LeaderElection.waitForResults(LeaderElection.java:263)
	at org.apache.ratis.server.impl.LeaderElection.askForVotes(LeaderElection.java:201)
	at org.apache.ratis.server.impl.LeaderElection.run(LeaderElection.java:133)
	at java.lang.Thread.run(Thread.java:748)
Caused by: org.apache.ratis.thirdparty.io.grpc.StatusRuntimeException: UNAVAILABLE: io exception
	at org.apache.ratis.thirdparty.io.grpc.stub.ClientCalls.toStatusRuntimeException(ClientCalls.java:233)
	at org.apache.ratis.thirdparty.io.grpc.stub.ClientCalls.getUnchecked(ClientCalls.java:214)
	at org.apache.ratis.thirdparty.io.grpc.stub.ClientCalls.blockingUnaryCall(ClientCalls.java:139)
	at org.apache.ratis.proto.grpc.RaftServerProtocolServiceGrpc$RaftServerProtocolServiceBlockingStub.requestVote(RaftServerProtocolServiceGrpc.java:265)
	at org.apache.ratis.grpc.server.GrpcServerProtocolClient.requestVote(GrpcServerProtocolClient.java:90)
	at org.apache.ratis.grpc.server.GrpcService.requestVote(GrpcService.java:204)
	at org.apache.ratis.server.impl.LeaderElection.lambda$submitRequests$1(LeaderElection.java:238)
	at java.util.concurrent.FutureTask.run(FutureTask.java:266)
	at java.util.concurrent.Executors$RunnableAdapter.call(Executors.java:511)
	at java.util.concurrent.FutureTask.run(FutureTask.java:266)
	at java.util.concurrent.ThreadPoolExecutor.runWorker(ThreadPoolExecutor.java:1149)
	at java.util.concurrent.ThreadPoolExecutor$Worker.run(ThreadPoolExecutor.java:624)
	... 1 more
Caused by: org.apache.ratis.thirdparty.io.netty.channel.AbstractChannel$AnnotatedConnectException: Connection refused: /192.168.164.214:35977
	at sun.nio.ch.SocketChannelImpl.checkConnect(Native Method)
	at sun.nio.ch.SocketChannelImpl.finishConnect(SocketChannelImpl.java:717)
	at org.apache.ratis.thirdparty.io.netty.channel.socket.nio.NioSocketChannel.doFinishConnect(NioSocketChannel.java:327)
	at org.apache.ratis.thirdparty.io.netty.channel.nio.AbstractNioChannel$AbstractNioUnsafe.finishConnect(AbstractNioChannel.java:340)
	at org.apache.ratis.thirdparty.io.netty.channel.nio.NioEventLoop.processSelectedKey(NioEventLoop.java:632)
	at org.apache.ratis.thirdparty.io.netty.channel.nio.NioEventLoop.processSelectedKeysOptimized(NioEventLoop.java:579)
	at org.apache.ratis.thirdparty.io.netty.channel.nio.NioEventLoop.processSelectedKeys(NioEventLoop.java:496)
	at org.apache.ratis.thirdparty.io.netty.channel.nio.NioEventLoop.run(NioEventLoop.java:458)
	at org.apache.ratis.thirdparty.io.netty.util.concurrent.SingleThreadEventExecutor$5.run(SingleThreadEventExecutor.java:897)
	at org.apache.ratis.thirdparty.io.netty.util.concurrent.FastThreadLocalRunnable.run(FastThreadLocalRunnable.java:30)
	... 1 more
Caused by: java.net.ConnectException: Connection refused
	... 11 more
2019-10-14 09:11:47,933 [d1f57701-3fd0-49df-bc3e-2994fc7249db@group-CEABDACBA137:LeaderElection73] INFO  impl.LeaderElection (LogUtils.java:infoOrTrace(149)) - d1f57701-3fd0-49df-bc3e-2994fc7249db@group-CEABDACBA137:LeaderElection73 got exception when requesting votes: {}
java.util.concurrent.ExecutionException: org.apache.ratis.thirdparty.io.grpc.StatusRuntimeException: UNAVAILABLE: io exception
	at java.util.concurrent.FutureTask.report(FutureTask.java:122)
	at java.util.concurrent.FutureTask.get(FutureTask.java:192)
	at org.apache.ratis.server.impl.LeaderElection.waitForResults(LeaderElection.java:263)
	at org.apache.ratis.server.impl.LeaderElection.askForVotes(LeaderElection.java:201)
	at org.apache.ratis.server.impl.LeaderElection.run(LeaderElection.java:133)
	at java.lang.Thread.run(Thread.java:748)
Caused by: org.apache.ratis.thirdparty.io.grpc.StatusRuntimeException: UNAVAILABLE: io exception
	at org.apache.ratis.thirdparty.io.grpc.stub.ClientCalls.toStatusRuntimeException(ClientCalls.java:233)
	at org.apache.ratis.thirdparty.io.grpc.stub.ClientCalls.getUnchecked(ClientCalls.java:214)
	at org.apache.ratis.thirdparty.io.grpc.stub.ClientCalls.blockingUnaryCall(ClientCalls.java:139)
	at org.apache.ratis.proto.grpc.RaftServerProtocolServiceGrpc$RaftServerProtocolServiceBlockingStub.requestVote(RaftServerProtocolServiceGrpc.java:265)
	at org.apache.ratis.grpc.server.GrpcServerProtocolClient.requestVote(GrpcServerProtocolClient.java:90)
	at org.apache.ratis.grpc.server.GrpcService.requestVote(GrpcService.java:204)
	at org.apache.ratis.server.impl.LeaderElection.lambda$submitRequests$1(LeaderElection.java:238)
	at java.util.concurrent.FutureTask.run(FutureTask.java:266)
	at java.util.concurrent.Executors$RunnableAdapter.call(Executors.java:511)
	at java.util.concurrent.FutureTask.run(FutureTask.java:266)
	at java.util.concurrent.ThreadPoolExecutor.runWorker(ThreadPoolExecutor.java:1149)
	at java.util.concurrent.ThreadPoolExecutor$Worker.run(ThreadPoolExecutor.java:624)
	... 1 more
Caused by: org.apache.ratis.thirdparty.io.netty.channel.AbstractChannel$AnnotatedConnectException: Connection refused: /192.168.164.214:36671
	at sun.nio.ch.SocketChannelImpl.checkConnect(Native Method)
	at sun.nio.ch.SocketChannelImpl.finishConnect(SocketChannelImpl.java:717)
	at org.apache.ratis.thirdparty.io.netty.channel.socket.nio.NioSocketChannel.doFinishConnect(NioSocketChannel.java:327)
	at org.apache.ratis.thirdparty.io.netty.channel.nio.AbstractNioChannel$AbstractNioUnsafe.finishConnect(AbstractNioChannel.java:340)
	at org.apache.ratis.thirdparty.io.netty.channel.nio.NioEventLoop.processSelectedKey(NioEventLoop.java:632)
	at org.apache.ratis.thirdparty.io.netty.channel.nio.NioEventLoop.processSelectedKeysOptimized(NioEventLoop.java:579)
	at org.apache.ratis.thirdparty.io.netty.channel.nio.NioEventLoop.processSelectedKeys(NioEventLoop.java:496)
	at org.apache.ratis.thirdparty.io.netty.channel.nio.NioEventLoop.run(NioEventLoop.java:458)
	at org.apache.ratis.thirdparty.io.netty.util.concurrent.SingleThreadEventExecutor$5.run(SingleThreadEventExecutor.java:897)
	at org.apache.ratis.thirdparty.io.netty.util.concurrent.FastThreadLocalRunnable.run(FastThreadLocalRunnable.java:30)
	... 1 more
Caused by: java.net.ConnectException: Connection refused
	... 11 more
2019-10-14 09:11:47,935 [d1f57701-3fd0-49df-bc3e-2994fc7249db@group-CEABDACBA137:LeaderElection73] INFO  impl.LeaderElection (LeaderElection.java:logAndReturn(56)) - d1f57701-3fd0-49df-bc3e-2994fc7249db@group-CEABDACBA137:LeaderElection73: Election REJECTED; received 0 response(s) [] and 2 exception(s); d1f57701-3fd0-49df-bc3e-2994fc7249db@group-CEABDACBA137:t11, leader=null, voted=d1f57701-3fd0-49df-bc3e-2994fc7249db, raftlog=d1f57701-3fd0-49df-bc3e-2994fc7249db@group-CEABDACBA137-SegmentedRaftLog:OPENED:c20,f20,i20, conf=0: [aabd13a9-38b1-453f-a600-f425fadd7a8e:192.168.164.214:36671, 585f7a51-f4d3-431b-937d-1c786f624e2b:192.168.164.214:35977, d1f57701-3fd0-49df-bc3e-2994fc7249db:192.168.164.214:43350], old=null
2019-10-14 09:11:47,935 [d1f57701-3fd0-49df-bc3e-2994fc7249db@group-CEABDACBA137:LeaderElection73] INFO  impl.LeaderElection (LogUtils.java:infoOrTrace(149)) -   Exception 0: {}
java.util.concurrent.ExecutionException: org.apache.ratis.thirdparty.io.grpc.StatusRuntimeException: UNAVAILABLE: io exception
	at java.util.concurrent.FutureTask.report(FutureTask.java:122)
	at java.util.concurrent.FutureTask.get(FutureTask.java:192)
	at org.apache.ratis.server.impl.LeaderElection.waitForResults(LeaderElection.java:263)
	at org.apache.ratis.server.impl.LeaderElection.askForVotes(LeaderElection.java:201)
	at org.apache.ratis.server.impl.LeaderElection.run(LeaderElection.java:133)
	at java.lang.Thread.run(Thread.java:748)
Caused by: org.apache.ratis.thirdparty.io.grpc.StatusRuntimeException: UNAVAILABLE: io exception
	at org.apache.ratis.thirdparty.io.grpc.stub.ClientCalls.toStatusRuntimeException(ClientCalls.java:233)
	at org.apache.ratis.thirdparty.io.grpc.stub.ClientCalls.getUnchecked(ClientCalls.java:214)
	at org.apache.ratis.thirdparty.io.grpc.stub.ClientCalls.blockingUnaryCall(ClientCalls.java:139)
	at org.apache.ratis.proto.grpc.RaftServerProtocolServiceGrpc$RaftServerProtocolServiceBlockingStub.requestVote(RaftServerProtocolServiceGrpc.java:265)
	at org.apache.ratis.grpc.server.GrpcServerProtocolClient.requestVote(GrpcServerProtocolClient.java:90)
	at org.apache.ratis.grpc.server.GrpcService.requestVote(GrpcService.java:204)
	at org.apache.ratis.server.impl.LeaderElection.lambda$submitRequests$1(LeaderElection.java:238)
	at java.util.concurrent.FutureTask.run(FutureTask.java:266)
	at java.util.concurrent.Executors$RunnableAdapter.call(Executors.java:511)
	at java.util.concurrent.FutureTask.run(FutureTask.java:266)
	at java.util.concurrent.ThreadPoolExecutor.runWorker(ThreadPoolExecutor.java:1149)
	at java.util.concurrent.ThreadPoolExecutor$Worker.run(ThreadPoolExecutor.java:624)
	... 1 more
Caused by: org.apache.ratis.thirdparty.io.netty.channel.AbstractChannel$AnnotatedConnectException: Connection refused: /192.168.164.214:35977
	at sun.nio.ch.SocketChannelImpl.checkConnect(Native Method)
	at sun.nio.ch.SocketChannelImpl.finishConnect(SocketChannelImpl.java:717)
	at org.apache.ratis.thirdparty.io.netty.channel.socket.nio.NioSocketChannel.doFinishConnect(NioSocketChannel.java:327)
	at org.apache.ratis.thirdparty.io.netty.channel.nio.AbstractNioChannel$AbstractNioUnsafe.finishConnect(AbstractNioChannel.java:340)
	at org.apache.ratis.thirdparty.io.netty.channel.nio.NioEventLoop.processSelectedKey(NioEventLoop.java:632)
	at org.apache.ratis.thirdparty.io.netty.channel.nio.NioEventLoop.processSelectedKeysOptimized(NioEventLoop.java:579)
	at org.apache.ratis.thirdparty.io.netty.channel.nio.NioEventLoop.processSelectedKeys(NioEventLoop.java:496)
	at org.apache.ratis.thirdparty.io.netty.channel.nio.NioEventLoop.run(NioEventLoop.java:458)
	at org.apache.ratis.thirdparty.io.netty.util.concurrent.SingleThreadEventExecutor$5.run(SingleThreadEventExecutor.java:897)
	at org.apache.ratis.thirdparty.io.netty.util.concurrent.FastThreadLocalRunnable.run(FastThreadLocalRunnable.java:30)
	... 1 more
Caused by: java.net.ConnectException: Connection refused
	... 11 more
2019-10-14 09:11:47,936 [d1f57701-3fd0-49df-bc3e-2994fc7249db@group-CEABDACBA137:LeaderElection73] INFO  impl.LeaderElection (LogUtils.java:infoOrTrace(149)) -   Exception 1: {}
java.util.concurrent.ExecutionException: org.apache.ratis.thirdparty.io.grpc.StatusRuntimeException: UNAVAILABLE: io exception
	at java.util.concurrent.FutureTask.report(FutureTask.java:122)
	at java.util.concurrent.FutureTask.get(FutureTask.java:192)
	at org.apache.ratis.server.impl.LeaderElection.waitForResults(LeaderElection.java:263)
	at org.apache.ratis.server.impl.LeaderElection.askForVotes(LeaderElection.java:201)
	at org.apache.ratis.server.impl.LeaderElection.run(LeaderElection.java:133)
	at java.lang.Thread.run(Thread.java:748)
Caused by: org.apache.ratis.thirdparty.io.grpc.StatusRuntimeException: UNAVAILABLE: io exception
	at org.apache.ratis.thirdparty.io.grpc.stub.ClientCalls.toStatusRuntimeException(ClientCalls.java:233)
	at org.apache.ratis.thirdparty.io.grpc.stub.ClientCalls.getUnchecked(ClientCalls.java:214)
	at org.apache.ratis.thirdparty.io.grpc.stub.ClientCalls.blockingUnaryCall(ClientCalls.java:139)
	at org.apache.ratis.proto.grpc.RaftServerProtocolServiceGrpc$RaftServerProtocolServiceBlockingStub.requestVote(RaftServerProtocolServiceGrpc.java:265)
	at org.apache.ratis.grpc.server.GrpcServerProtocolClient.requestVote(GrpcServerProtocolClient.java:90)
	at org.apache.ratis.grpc.server.GrpcService.requestVote(GrpcService.java:204)
	at org.apache.ratis.server.impl.LeaderElection.lambda$submitRequests$1(LeaderElection.java:238)
	at java.util.concurrent.FutureTask.run(FutureTask.java:266)
	at java.util.concurrent.Executors$RunnableAdapter.call(Executors.java:511)
	at java.util.concurrent.FutureTask.run(FutureTask.java:266)
	at java.util.concurrent.ThreadPoolExecutor.runWorker(ThreadPoolExecutor.java:1149)
	at java.util.concurrent.ThreadPoolExecutor$Worker.run(ThreadPoolExecutor.java:624)
	... 1 more
Caused by: org.apache.ratis.thirdparty.io.netty.channel.AbstractChannel$AnnotatedConnectException: Connection refused: /192.168.164.214:36671
	at sun.nio.ch.SocketChannelImpl.checkConnect(Native Method)
	at sun.nio.ch.SocketChannelImpl.finishConnect(SocketChannelImpl.java:717)
	at org.apache.ratis.thirdparty.io.netty.channel.socket.nio.NioSocketChannel.doFinishConnect(NioSocketChannel.java:327)
	at org.apache.ratis.thirdparty.io.netty.channel.nio.AbstractNioChannel$AbstractNioUnsafe.finishConnect(AbstractNioChannel.java:340)
	at org.apache.ratis.thirdparty.io.netty.channel.nio.NioEventLoop.processSelectedKey(NioEventLoop.java:632)
	at org.apache.ratis.thirdparty.io.netty.channel.nio.NioEventLoop.processSelectedKeysOptimized(NioEventLoop.java:579)
	at org.apache.ratis.thirdparty.io.netty.channel.nio.NioEventLoop.processSelectedKeys(NioEventLoop.java:496)
	at org.apache.ratis.thirdparty.io.netty.channel.nio.NioEventLoop.run(NioEventLoop.java:458)
	at org.apache.ratis.thirdparty.io.netty.util.concurrent.SingleThreadEventExecutor$5.run(SingleThreadEventExecutor.java:897)
	at org.apache.ratis.thirdparty.io.netty.util.concurrent.FastThreadLocalRunnable.run(FastThreadLocalRunnable.java:30)
	... 1 more
Caused by: java.net.ConnectException: Connection refused
	... 11 more
2019-10-14 09:11:47,936 [d1f57701-3fd0-49df-bc3e-2994fc7249db@group-CEABDACBA137:LeaderElection73] INFO  impl.RaftServerImpl (RaftServerImpl.java:setRole(174)) - d1f57701-3fd0-49df-bc3e-2994fc7249db@group-CEABDACBA137: changes role from CANDIDATE to FOLLOWER at term 11 for DISCOVERED_A_NEW_TERM
2019-10-14 09:11:47,937 [d1f57701-3fd0-49df-bc3e-2994fc7249db@group-CEABDACBA137:LeaderElection73] INFO  impl.RoleInfo (RoleInfo.java:shutdownLeaderElection(134)) - d1f57701-3fd0-49df-bc3e-2994fc7249db: shutdown LeaderElection
2019-10-14 09:11:47,937 [d1f57701-3fd0-49df-bc3e-2994fc7249db@group-CEABDACBA137:LeaderElection73] INFO  impl.RoleInfo (RoleInfo.java:updateAndGet(143)) - d1f57701-3fd0-49df-bc3e-2994fc7249db: start FollowerState
2019-10-14 09:11:49,033 [Thread-1638] INFO  impl.FollowerState (FollowerState.java:run(106)) - d1f57701-3fd0-49df-bc3e-2994fc7249db:group-CEABDACBA137 changes to CANDIDATE, lastRpcTime:1095, electionTimeout:1095ms
2019-10-14 09:11:49,033 [Thread-1638] INFO  impl.RoleInfo (RoleInfo.java:shutdownFollowerState(121)) - d1f57701-3fd0-49df-bc3e-2994fc7249db: shutdown FollowerState
2019-10-14 09:11:49,033 [Thread-1638] INFO  impl.RaftServerImpl (RaftServerImpl.java:setRole(174)) - d1f57701-3fd0-49df-bc3e-2994fc7249db@group-CEABDACBA137: changes role from  FOLLOWER to CANDIDATE at term 11 for changeToCandidate
2019-10-14 09:11:49,033 [Thread-1638] INFO  impl.RoleInfo (RoleInfo.java:updateAndGet(143)) - d1f57701-3fd0-49df-bc3e-2994fc7249db: start LeaderElection
2019-10-14 09:11:49,058 [d1f57701-3fd0-49df-bc3e-2994fc7249db@group-CEABDACBA137:LeaderElection74] INFO  impl.LeaderElection (LeaderElection.java:askForVotes(182)) - d1f57701-3fd0-49df-bc3e-2994fc7249db@group-CEABDACBA137:LeaderElection74: begin an election at term 12 for 0: [aabd13a9-38b1-453f-a600-f425fadd7a8e:192.168.164.214:36671, 585f7a51-f4d3-431b-937d-1c786f624e2b:192.168.164.214:35977, d1f57701-3fd0-49df-bc3e-2994fc7249db:192.168.164.214:43350], old=null
2019-10-14 09:11:49,059 [d1f57701-3fd0-49df-bc3e-2994fc7249db@group-CEABDACBA137:LeaderElection74] INFO  impl.LeaderElection (LogUtils.java:infoOrTrace(149)) - d1f57701-3fd0-49df-bc3e-2994fc7249db@group-CEABDACBA137:LeaderElection74 got exception when requesting votes: {}
java.util.concurrent.ExecutionException: org.apache.ratis.thirdparty.io.grpc.StatusRuntimeException: UNAVAILABLE: io exception
	at java.util.concurrent.FutureTask.report(FutureTask.java:122)
	at java.util.concurrent.FutureTask.get(FutureTask.java:192)
	at org.apache.ratis.server.impl.LeaderElection.waitForResults(LeaderElection.java:263)
	at org.apache.ratis.server.impl.LeaderElection.askForVotes(LeaderElection.java:201)
	at org.apache.ratis.server.impl.LeaderElection.run(LeaderElection.java:133)
	at java.lang.Thread.run(Thread.java:748)
Caused by: org.apache.ratis.thirdparty.io.grpc.StatusRuntimeException: UNAVAILABLE: io exception
	at org.apache.ratis.thirdparty.io.grpc.stub.ClientCalls.toStatusRuntimeException(ClientCalls.java:233)
	at org.apache.ratis.thirdparty.io.grpc.stub.ClientCalls.getUnchecked(ClientCalls.java:214)
	at org.apache.ratis.thirdparty.io.grpc.stub.ClientCalls.blockingUnaryCall(ClientCalls.java:139)
	at org.apache.ratis.proto.grpc.RaftServerProtocolServiceGrpc$RaftServerProtocolServiceBlockingStub.requestVote(RaftServerProtocolServiceGrpc.java:265)
	at org.apache.ratis.grpc.server.GrpcServerProtocolClient.requestVote(GrpcServerProtocolClient.java:90)
	at org.apache.ratis.grpc.server.GrpcService.requestVote(GrpcService.java:204)
	at org.apache.ratis.server.impl.LeaderElection.lambda$submitRequests$1(LeaderElection.java:238)
	at java.util.concurrent.FutureTask.run(FutureTask.java:266)
	at java.util.concurrent.Executors$RunnableAdapter.call(Executors.java:511)
	at java.util.concurrent.FutureTask.run(FutureTask.java:266)
	at java.util.concurrent.ThreadPoolExecutor.runWorker(ThreadPoolExecutor.java:1149)
	at java.util.concurrent.ThreadPoolExecutor$Worker.run(ThreadPoolExecutor.java:624)
	... 1 more
Caused by: org.apache.ratis.thirdparty.io.netty.channel.AbstractChannel$AnnotatedConnectException: Connection refused: /192.168.164.214:36671
	at sun.nio.ch.SocketChannelImpl.checkConnect(Native Method)
	at sun.nio.ch.SocketChannelImpl.finishConnect(SocketChannelImpl.java:717)
	at org.apache.ratis.thirdparty.io.netty.channel.socket.nio.NioSocketChannel.doFinishConnect(NioSocketChannel.java:327)
	at org.apache.ratis.thirdparty.io.netty.channel.nio.AbstractNioChannel$AbstractNioUnsafe.finishConnect(AbstractNioChannel.java:340)
	at org.apache.ratis.thirdparty.io.netty.channel.nio.NioEventLoop.processSelectedKey(NioEventLoop.java:632)
	at org.apache.ratis.thirdparty.io.netty.channel.nio.NioEventLoop.processSelectedKeysOptimized(NioEventLoop.java:579)
	at org.apache.ratis.thirdparty.io.netty.channel.nio.NioEventLoop.processSelectedKeys(NioEventLoop.java:496)
	at org.apache.ratis.thirdparty.io.netty.channel.nio.NioEventLoop.run(NioEventLoop.java:458)
	at org.apache.ratis.thirdparty.io.netty.util.concurrent.SingleThreadEventExecutor$5.run(SingleThreadEventExecutor.java:897)
	at org.apache.ratis.thirdparty.io.netty.util.concurrent.FastThreadLocalRunnable.run(FastThreadLocalRunnable.java:30)
	... 1 more
Caused by: java.net.ConnectException: Connection refused
	... 11 more
2019-10-14 09:11:49,059 [d1f57701-3fd0-49df-bc3e-2994fc7249db@group-CEABDACBA137:LeaderElection74] INFO  impl.LeaderElection (LogUtils.java:infoOrTrace(149)) - d1f57701-3fd0-49df-bc3e-2994fc7249db@group-CEABDACBA137:LeaderElection74 got exception when requesting votes: {}
java.util.concurrent.ExecutionException: org.apache.ratis.thirdparty.io.grpc.StatusRuntimeException: UNAVAILABLE: io exception
	at java.util.concurrent.FutureTask.report(FutureTask.java:122)
	at java.util.concurrent.FutureTask.get(FutureTask.java:192)
	at org.apache.ratis.server.impl.LeaderElection.waitForResults(LeaderElection.java:263)
	at org.apache.ratis.server.impl.LeaderElection.askForVotes(LeaderElection.java:201)
	at org.apache.ratis.server.impl.LeaderElection.run(LeaderElection.java:133)
	at java.lang.Thread.run(Thread.java:748)
Caused by: org.apache.ratis.thirdparty.io.grpc.StatusRuntimeException: UNAVAILABLE: io exception
	at org.apache.ratis.thirdparty.io.grpc.stub.ClientCalls.toStatusRuntimeException(ClientCalls.java:233)
	at org.apache.ratis.thirdparty.io.grpc.stub.ClientCalls.getUnchecked(ClientCalls.java:214)
	at org.apache.ratis.thirdparty.io.grpc.stub.ClientCalls.blockingUnaryCall(ClientCalls.java:139)
	at org.apache.ratis.proto.grpc.RaftServerProtocolServiceGrpc$RaftServerProtocolServiceBlockingStub.requestVote(RaftServerProtocolServiceGrpc.java:265)
	at org.apache.ratis.grpc.server.GrpcServerProtocolClient.requestVote(GrpcServerProtocolClient.java:90)
	at org.apache.ratis.grpc.server.GrpcService.requestVote(GrpcService.java:204)
	at org.apache.ratis.server.impl.LeaderElection.lambda$submitRequests$1(LeaderElection.java:238)
	at java.util.concurrent.FutureTask.run(FutureTask.java:266)
	at java.util.concurrent.Executors$RunnableAdapter.call(Executors.java:511)
	at java.util.concurrent.FutureTask.run(FutureTask.java:266)
	at java.util.concurrent.ThreadPoolExecutor.runWorker(ThreadPoolExecutor.java:1149)
	at java.util.concurrent.ThreadPoolExecutor$Worker.run(ThreadPoolExecutor.java:624)
	... 1 more
Caused by: org.apache.ratis.thirdparty.io.netty.channel.AbstractChannel$AnnotatedConnectException: Connection refused: /192.168.164.214:35977
	at sun.nio.ch.SocketChannelImpl.checkConnect(Native Method)
	at sun.nio.ch.SocketChannelImpl.finishConnect(SocketChannelImpl.java:717)
	at org.apache.ratis.thirdparty.io.netty.channel.socket.nio.NioSocketChannel.doFinishConnect(NioSocketChannel.java:327)
	at org.apache.ratis.thirdparty.io.netty.channel.nio.AbstractNioChannel$AbstractNioUnsafe.finishConnect(AbstractNioChannel.java:340)
	at org.apache.ratis.thirdparty.io.netty.channel.nio.NioEventLoop.processSelectedKey(NioEventLoop.java:632)
	at org.apache.ratis.thirdparty.io.netty.channel.nio.NioEventLoop.processSelectedKeysOptimized(NioEventLoop.java:579)
	at org.apache.ratis.thirdparty.io.netty.channel.nio.NioEventLoop.processSelectedKeys(NioEventLoop.java:496)
	at org.apache.ratis.thirdparty.io.netty.channel.nio.NioEventLoop.run(NioEventLoop.java:458)
	at org.apache.ratis.thirdparty.io.netty.util.concurrent.SingleThreadEventExecutor$5.run(SingleThreadEventExecutor.java:897)
	at org.apache.ratis.thirdparty.io.netty.util.concurrent.FastThreadLocalRunnable.run(FastThreadLocalRunnable.java:30)
	... 1 more
Caused by: java.net.ConnectException: Connection refused
	... 11 more
2019-10-14 09:11:49,060 [d1f57701-3fd0-49df-bc3e-2994fc7249db@group-CEABDACBA137:LeaderElection74] INFO  impl.LeaderElection (LeaderElection.java:logAndReturn(56)) - d1f57701-3fd0-49df-bc3e-2994fc7249db@group-CEABDACBA137:LeaderElection74: Election REJECTED; received 0 response(s) [] and 2 exception(s); d1f57701-3fd0-49df-bc3e-2994fc7249db@group-CEABDACBA137:t12, leader=null, voted=d1f57701-3fd0-49df-bc3e-2994fc7249db, raftlog=d1f57701-3fd0-49df-bc3e-2994fc7249db@group-CEABDACBA137-SegmentedRaftLog:OPENED:c20,f20,i20, conf=0: [aabd13a9-38b1-453f-a600-f425fadd7a8e:192.168.164.214:36671, 585f7a51-f4d3-431b-937d-1c786f624e2b:192.168.164.214:35977, d1f57701-3fd0-49df-bc3e-2994fc7249db:192.168.164.214:43350], old=null
2019-10-14 09:11:49,060 [d1f57701-3fd0-49df-bc3e-2994fc7249db@group-CEABDACBA137:LeaderElection74] INFO  impl.LeaderElection (LogUtils.java:infoOrTrace(149)) -   Exception 0: {}
java.util.concurrent.ExecutionException: org.apache.ratis.thirdparty.io.grpc.StatusRuntimeException: UNAVAILABLE: io exception
	at java.util.concurrent.FutureTask.report(FutureTask.java:122)
	at java.util.concurrent.FutureTask.get(FutureTask.java:192)
	at org.apache.ratis.server.impl.LeaderElection.waitForResults(LeaderElection.java:263)
	at org.apache.ratis.server.impl.LeaderElection.askForVotes(LeaderElection.java:201)
	at org.apache.ratis.server.impl.LeaderElection.run(LeaderElection.java:133)
	at java.lang.Thread.run(Thread.java:748)
Caused by: org.apache.ratis.thirdparty.io.grpc.StatusRuntimeException: UNAVAILABLE: io exception
	at org.apache.ratis.thirdparty.io.grpc.stub.ClientCalls.toStatusRuntimeException(ClientCalls.java:233)
	at org.apache.ratis.thirdparty.io.grpc.stub.ClientCalls.getUnchecked(ClientCalls.java:214)
	at org.apache.ratis.thirdparty.io.grpc.stub.ClientCalls.blockingUnaryCall(ClientCalls.java:139)
	at org.apache.ratis.proto.grpc.RaftServerProtocolServiceGrpc$RaftServerProtocolServiceBlockingStub.requestVote(RaftServerProtocolServiceGrpc.java:265)
	at org.apache.ratis.grpc.server.GrpcServerProtocolClient.requestVote(GrpcServerProtocolClient.java:90)
	at org.apache.ratis.grpc.server.GrpcService.requestVote(GrpcService.java:204)
	at org.apache.ratis.server.impl.LeaderElection.lambda$submitRequests$1(LeaderElection.java:238)
	at java.util.concurrent.FutureTask.run(FutureTask.java:266)
	at java.util.concurrent.Executors$RunnableAdapter.call(Executors.java:511)
	at java.util.concurrent.FutureTask.run(FutureTask.java:266)
	at java.util.concurrent.ThreadPoolExecutor.runWorker(ThreadPoolExecutor.java:1149)
	at java.util.concurrent.ThreadPoolExecutor$Worker.run(ThreadPoolExecutor.java:624)
	... 1 more
Caused by: org.apache.ratis.thirdparty.io.netty.channel.AbstractChannel$AnnotatedConnectException: Connection refused: /192.168.164.214:36671
	at sun.nio.ch.SocketChannelImpl.checkConnect(Native Method)
	at sun.nio.ch.SocketChannelImpl.finishConnect(SocketChannelImpl.java:717)
	at org.apache.ratis.thirdparty.io.netty.channel.socket.nio.NioSocketChannel.doFinishConnect(NioSocketChannel.java:327)
	at org.apache.ratis.thirdparty.io.netty.channel.nio.AbstractNioChannel$AbstractNioUnsafe.finishConnect(AbstractNioChannel.java:340)
	at org.apache.ratis.thirdparty.io.netty.channel.nio.NioEventLoop.processSelectedKey(NioEventLoop.java:632)
	at org.apache.ratis.thirdparty.io.netty.channel.nio.NioEventLoop.processSelectedKeysOptimized(NioEventLoop.java:579)
	at org.apache.ratis.thirdparty.io.netty.channel.nio.NioEventLoop.processSelectedKeys(NioEventLoop.java:496)
	at org.apache.ratis.thirdparty.io.netty.channel.nio.NioEventLoop.run(NioEventLoop.java:458)
	at org.apache.ratis.thirdparty.io.netty.util.concurrent.SingleThreadEventExecutor$5.run(SingleThreadEventExecutor.java:897)
	at org.apache.ratis.thirdparty.io.netty.util.concurrent.FastThreadLocalRunnable.run(FastThreadLocalRunnable.java:30)
	... 1 more
Caused by: java.net.ConnectException: Connection refused
	... 11 more
2019-10-14 09:11:49,060 [d1f57701-3fd0-49df-bc3e-2994fc7249db@group-CEABDACBA137:LeaderElection74] INFO  impl.LeaderElection (LogUtils.java:infoOrTrace(149)) -   Exception 1: {}
java.util.concurrent.ExecutionException: org.apache.ratis.thirdparty.io.grpc.StatusRuntimeException: UNAVAILABLE: io exception
	at java.util.concurrent.FutureTask.report(FutureTask.java:122)
	at java.util.concurrent.FutureTask.get(FutureTask.java:192)
	at org.apache.ratis.server.impl.LeaderElection.waitForResults(LeaderElection.java:263)
	at org.apache.ratis.server.impl.LeaderElection.askForVotes(LeaderElection.java:201)
	at org.apache.ratis.server.impl.LeaderElection.run(LeaderElection.java:133)
	at java.lang.Thread.run(Thread.java:748)
Caused by: org.apache.ratis.thirdparty.io.grpc.StatusRuntimeException: UNAVAILABLE: io exception
	at org.apache.ratis.thirdparty.io.grpc.stub.ClientCalls.toStatusRuntimeException(ClientCalls.java:233)
	at org.apache.ratis.thirdparty.io.grpc.stub.ClientCalls.getUnchecked(ClientCalls.java:214)
	at org.apache.ratis.thirdparty.io.grpc.stub.ClientCalls.blockingUnaryCall(ClientCalls.java:139)
	at org.apache.ratis.proto.grpc.RaftServerProtocolServiceGrpc$RaftServerProtocolServiceBlockingStub.requestVote(RaftServerProtocolServiceGrpc.java:265)
	at org.apache.ratis.grpc.server.GrpcServerProtocolClient.requestVote(GrpcServerProtocolClient.java:90)
	at org.apache.ratis.grpc.server.GrpcService.requestVote(GrpcService.java:204)
	at org.apache.ratis.server.impl.LeaderElection.lambda$submitRequests$1(LeaderElection.java:238)
	at java.util.concurrent.FutureTask.run(FutureTask.java:266)
	at java.util.concurrent.Executors$RunnableAdapter.call(Executors.java:511)
	at java.util.concurrent.FutureTask.run(FutureTask.java:266)
	at java.util.concurrent.ThreadPoolExecutor.runWorker(ThreadPoolExecutor.java:1149)
	at java.util.concurrent.ThreadPoolExecutor$Worker.run(ThreadPoolExecutor.java:624)
	... 1 more
Caused by: org.apache.ratis.thirdparty.io.netty.channel.AbstractChannel$AnnotatedConnectException: Connection refused: /192.168.164.214:35977
	at sun.nio.ch.SocketChannelImpl.checkConnect(Native Method)
	at sun.nio.ch.SocketChannelImpl.finishConnect(SocketChannelImpl.java:717)
	at org.apache.ratis.thirdparty.io.netty.channel.socket.nio.NioSocketChannel.doFinishConnect(NioSocketChannel.java:327)
	at org.apache.ratis.thirdparty.io.netty.channel.nio.AbstractNioChannel$AbstractNioUnsafe.finishConnect(AbstractNioChannel.java:340)
	at org.apache.ratis.thirdparty.io.netty.channel.nio.NioEventLoop.processSelectedKey(NioEventLoop.java:632)
	at org.apache.ratis.thirdparty.io.netty.channel.nio.NioEventLoop.processSelectedKeysOptimized(NioEventLoop.java:579)
	at org.apache.ratis.thirdparty.io.netty.channel.nio.NioEventLoop.processSelectedKeys(NioEventLoop.java:496)
	at org.apache.ratis.thirdparty.io.netty.channel.nio.NioEventLoop.run(NioEventLoop.java:458)
	at org.apache.ratis.thirdparty.io.netty.util.concurrent.SingleThreadEventExecutor$5.run(SingleThreadEventExecutor.java:897)
	at org.apache.ratis.thirdparty.io.netty.util.concurrent.FastThreadLocalRunnable.run(FastThreadLocalRunnable.java:30)
	... 1 more
Caused by: java.net.ConnectException: Connection refused
	... 11 more
2019-10-14 09:11:49,061 [d1f57701-3fd0-49df-bc3e-2994fc7249db@group-CEABDACBA137:LeaderElection74] INFO  impl.RaftServerImpl (RaftServerImpl.java:setRole(174)) - d1f57701-3fd0-49df-bc3e-2994fc7249db@group-CEABDACBA137: changes role from CANDIDATE to FOLLOWER at term 12 for DISCOVERED_A_NEW_TERM
2019-10-14 09:11:49,061 [d1f57701-3fd0-49df-bc3e-2994fc7249db@group-CEABDACBA137:LeaderElection74] INFO  impl.RoleInfo (RoleInfo.java:shutdownLeaderElection(134)) - d1f57701-3fd0-49df-bc3e-2994fc7249db: shutdown LeaderElection
2019-10-14 09:11:49,061 [d1f57701-3fd0-49df-bc3e-2994fc7249db@group-CEABDACBA137:LeaderElection74] INFO  impl.RoleInfo (RoleInfo.java:updateAndGet(143)) - d1f57701-3fd0-49df-bc3e-2994fc7249db: start FollowerState
2019-10-14 09:11:49,115 [main] WARN  io.KeyOutputStream (KeyOutputStream.java:handleException(274)) - Encountered exception java.io.IOException: Unexpected Storage Container Exception: java.util.concurrent.CompletionException: java.util.concurrent.CompletionException: org.apache.ratis.protocol.RaftRetryFailureException: Failed RaftClientRequest:client-AE7F66429F76->aabd13a9-38b1-453f-a600-f425fadd7a8e@group-CEABDACBA137, cid=93, seq=11*, RW, org.apache.hadoop.hdds.scm.XceiverClientRatis$$Lambda$519/1049650037@6a03b11e for 10 attempts with RetryLimited(maxAttempts=10, sleepTime=1000ms) on the pipeline Pipeline[ Id: 1dc6c959-80d5-41ba-9b95-ceabdacba137, Nodes: 585f7a51-f4d3-431b-937d-1c786f624e2b{ip: 192.168.164.214, host: pr-hdds-1569-vp9xg-4248047660, networkLocation: /default-rack, certSerialId: null}aabd13a9-38b1-453f-a600-f425fadd7a8e{ip: 192.168.164.214, host: pr-hdds-1569-vp9xg-4248047660, networkLocation: /default-rack, certSerialId: null}d1f57701-3fd0-49df-bc3e-2994fc7249db{ip: 192.168.164.214, host: pr-hdds-1569-vp9xg-4248047660, networkLocation: /default-rack, certSerialId: null}, Type:RATIS, Factor:THREE, State:OPEN]. The last committed block length is 1048576, uncommitted data length is 1048576 retry count 0
2019-10-14 09:11:49,145 [IPC Server handler 19 on 45920] INFO  pipeline.PipelinePlacementPolicy (PipelinePlacementPolicy.java:meetCriteria(104)) - Pipeline Placement: can't place more pipeline on heavy datanode： 501dc7b9-491d-40e1-8cdc-2c9c2160e0a9 Heaviness: 2 limit: 2
2019-10-14 09:11:49,145 [IPC Server handler 19 on 45920] INFO  pipeline.PipelinePlacementPolicy (PipelinePlacementPolicy.java:meetCriteria(104)) - Pipeline Placement: can't place more pipeline on heavy datanode： b00e6ee9-b720-4122-89a6-a6b803fd6604 Heaviness: 2 limit: 2
2019-10-14 09:11:49,146 [IPC Server handler 19 on 45920] INFO  pipeline.PipelinePlacementPolicy (PipelinePlacementPolicy.java:meetCriteria(104)) - Pipeline Placement: can't place more pipeline on heavy datanode： ae7f4960-f987-43f9-80f9-0ac0ab20aeef Heaviness: 2 limit: 2
2019-10-14 09:11:49,146 [IPC Server handler 19 on 45920] INFO  pipeline.PipelinePlacementPolicy (PipelinePlacementPolicy.java:meetCriteria(104)) - Pipeline Placement: can't place more pipeline on heavy datanode： d1f57701-3fd0-49df-bc3e-2994fc7249db Heaviness: 2 limit: 2
2019-10-14 09:11:49,146 [IPC Server handler 19 on 45920] INFO  pipeline.PipelinePlacementPolicy (PipelinePlacementPolicy.java:meetCriteria(104)) - Pipeline Placement: can't place more pipeline on heavy datanode： 585f7a51-f4d3-431b-937d-1c786f624e2b Heaviness: 2 limit: 2
2019-10-14 09:11:49,146 [IPC Server handler 19 on 45920] INFO  pipeline.PipelinePlacementPolicy (PipelinePlacementPolicy.java:meetCriteria(104)) - Pipeline Placement: can't place more pipeline on heavy datanode： aabd13a9-38b1-453f-a600-f425fadd7a8e Heaviness: 2 limit: 2
2019-10-14 09:11:49,147 [IPC Server handler 19 on 45920] ERROR pipeline.PipelinePlacementPolicy (PipelinePlacementPolicy.java:filterViableNodes(162)) - Unable to find enough nodes that meet the criteria that cannot engage in more than 2 pipelines. Nodes required: 3 Found: 0, healthy nodes count in NodeManager: 6.
2019-10-14 09:11:49,147 [IPC Server handler 19 on 45920] ERROR pipeline.SCMPipelineManager (SCMPipelineManager.java:createPipeline(193)) - Pipeline creation failed.
org.apache.hadoop.hdds.scm.exceptions.SCMException: Unable to find enough nodes that meet the criteria that cannot engage in more than 2 pipelines. Nodes required: 3 Found: 0, healthy nodes count in NodeManager: 6.
	at org.apache.hadoop.hdds.scm.pipeline.PipelinePlacementPolicy.filterViableNodes(PipelinePlacementPolicy.java:163)
	at org.apache.hadoop.hdds.scm.pipeline.PipelinePlacementPolicy.chooseDatanodes(PipelinePlacementPolicy.java:186)
	at org.apache.hadoop.hdds.scm.pipeline.RatisPipelineProvider.create(RatisPipelineProvider.java:131)
	at org.apache.hadoop.hdds.scm.pipeline.PipelineFactory.create(PipelineFactory.java:58)
	at org.apache.hadoop.hdds.scm.pipeline.SCMPipelineManager.createPipeline(SCMPipelineManager.java:183)
	at org.apache.hadoop.hdds.scm.block.BlockManagerImpl.allocateBlock(BlockManagerImpl.java:190)
	at org.apache.hadoop.hdds.scm.server.SCMBlockProtocolServer.allocateBlock(SCMBlockProtocolServer.java:182)
	at org.apache.hadoop.ozone.protocolPB.ScmBlockLocationProtocolServerSideTranslatorPB.allocateScmBlock(ScmBlockLocationProtocolServerSideTranslatorPB.java:183)
	at org.apache.hadoop.ozone.protocolPB.ScmBlockLocationProtocolServerSideTranslatorPB.processMessage(ScmBlockLocationProtocolServerSideTranslatorPB.java:141)
	at org.apache.hadoop.ozone.protocolPB.ScmBlockLocationProtocolServerSideTranslatorPB.send(ScmBlockLocationProtocolServerSideTranslatorPB.java:116)
	at org.apache.hadoop.hdds.protocol.proto.ScmBlockLocationProtocolProtos$ScmBlockLocationProtocolService$2.callBlockingMethod(ScmBlockLocationProtocolProtos.java:13157)
	at org.apache.hadoop.ipc.ProtobufRpcEngine$Server$ProtoBufRpcInvoker.call(ProtobufRpcEngine.java:524)
	at org.apache.hadoop.ipc.RPC$Server.call(RPC.java:1025)
	at org.apache.hadoop.ipc.Server$RpcCall.run(Server.java:876)
	at org.apache.hadoop.ipc.Server$RpcCall.run(Server.java:822)
	at java.security.AccessController.doPrivileged(Native Method)
	at javax.security.auth.Subject.doAs(Subject.java:422)
	at org.apache.hadoop.security.UserGroupInformation.doAs(UserGroupInformation.java:1730)
	at org.apache.hadoop.ipc.Server$Handler.run(Server.java:2682)
2019-10-14 09:11:49,148 [IPC Server handler 19 on 45920] WARN  block.BlockManagerImpl (BlockManagerImpl.java:allocateBlock(192)) - Pipeline creation failed for type:RATIS factor:THREE. Datanodes may be used up.
org.apache.hadoop.hdds.scm.exceptions.SCMException: Unable to find enough nodes that meet the criteria that cannot engage in more than 2 pipelines. Nodes required: 3 Found: 0, healthy nodes count in NodeManager: 6.
	at org.apache.hadoop.hdds.scm.pipeline.PipelinePlacementPolicy.filterViableNodes(PipelinePlacementPolicy.java:163)
	at org.apache.hadoop.hdds.scm.pipeline.PipelinePlacementPolicy.chooseDatanodes(PipelinePlacementPolicy.java:186)
	at org.apache.hadoop.hdds.scm.pipeline.RatisPipelineProvider.create(RatisPipelineProvider.java:131)
	at org.apache.hadoop.hdds.scm.pipeline.PipelineFactory.create(PipelineFactory.java:58)
	at org.apache.hadoop.hdds.scm.pipeline.SCMPipelineManager.createPipeline(SCMPipelineManager.java:183)
	at org.apache.hadoop.hdds.scm.block.BlockManagerImpl.allocateBlock(BlockManagerImpl.java:190)
	at org.apache.hadoop.hdds.scm.server.SCMBlockProtocolServer.allocateBlock(SCMBlockProtocolServer.java:182)
	at org.apache.hadoop.ozone.protocolPB.ScmBlockLocationProtocolServerSideTranslatorPB.allocateScmBlock(ScmBlockLocationProtocolServerSideTranslatorPB.java:183)
	at org.apache.hadoop.ozone.protocolPB.ScmBlockLocationProtocolServerSideTranslatorPB.processMessage(ScmBlockLocationProtocolServerSideTranslatorPB.java:141)
	at org.apache.hadoop.ozone.protocolPB.ScmBlockLocationProtocolServerSideTranslatorPB.send(ScmBlockLocationProtocolServerSideTranslatorPB.java:116)
	at org.apache.hadoop.hdds.protocol.proto.ScmBlockLocationProtocolProtos$ScmBlockLocationProtocolService$2.callBlockingMethod(ScmBlockLocationProtocolProtos.java:13157)
	at org.apache.hadoop.ipc.ProtobufRpcEngine$Server$ProtoBufRpcInvoker.call(ProtobufRpcEngine.java:524)
	at org.apache.hadoop.ipc.RPC$Server.call(RPC.java:1025)
	at org.apache.hadoop.ipc.Server$RpcCall.run(Server.java:876)
	at org.apache.hadoop.ipc.Server$RpcCall.run(Server.java:822)
	at java.security.AccessController.doPrivileged(Native Method)
	at javax.security.auth.Subject.doAs(Subject.java:422)
	at org.apache.hadoop.security.UserGroupInformation.doAs(UserGroupInformation.java:1730)
	at org.apache.hadoop.ipc.Server$Handler.run(Server.java:2682)
2019-10-14 09:11:49,148 [IPC Server handler 19 on 45920] ERROR block.BlockManagerImpl (BlockManagerImpl.java:allocateBlock(226)) - Unable to allocate a block for the size: 4194304, type: RATIS, factor: THREE
2019-10-14 09:11:49,153 [main] ERROR io.BlockOutputStreamEntryPool (BlockOutputStreamEntryPool.java:allocateBlockIfNeeded(299)) - Try to allocate more blocks for write failed, already allocated 0 blocks for this write.
INTERNAL_ERROR org.apache.hadoop.ozone.om.exceptions.OMException: Allocated 0 blocks. Requested 1 blocks
	at org.apache.hadoop.ozone.om.protocolPB.OzoneManagerProtocolClientSideTranslatorPB.handleError(OzoneManagerProtocolClientSideTranslatorPB.java:732)
	at org.apache.hadoop.ozone.om.protocolPB.OzoneManagerProtocolClientSideTranslatorPB.allocateBlock(OzoneManagerProtocolClientSideTranslatorPB.java:764)
	at sun.reflect.NativeMethodAccessorImpl.invoke0(Native Method)
	at sun.reflect.NativeMethodAccessorImpl.invoke(NativeMethodAccessorImpl.java:62)
	at sun.reflect.DelegatingMethodAccessorImpl.invoke(DelegatingMethodAccessorImpl.java:43)
	at java.lang.reflect.Method.invoke(Method.java:498)
	at org.apache.hadoop.hdds.tracing.TraceAllMethod.invoke(TraceAllMethod.java:66)
	at com.sun.proxy.$Proxy36.allocateBlock(Unknown Source)
	at org.apache.hadoop.ozone.client.io.BlockOutputStreamEntryPool.allocateNewBlock(BlockOutputStreamEntryPool.java:248)
	at org.apache.hadoop.ozone.client.io.BlockOutputStreamEntryPool.allocateBlockIfNeeded(BlockOutputStreamEntryPool.java:296)
	at org.apache.hadoop.ozone.client.io.KeyOutputStream.handleWrite(KeyOutputStream.java:198)
	at org.apache.hadoop.ozone.client.io.KeyOutputStream.handleRetry(KeyOutputStream.java:375)
	at org.apache.hadoop.ozone.client.io.KeyOutputStream.handleException(KeyOutputStream.java:324)
	at org.apache.hadoop.ozone.client.io.KeyOutputStream.handleWrite(KeyOutputStream.java:228)
	at org.apache.hadoop.ozone.client.io.KeyOutputStream.write(KeyOutputStream.java:190)
	at org.apache.hadoop.ozone.client.io.OzoneOutputStream.write(OzoneOutputStream.java:49)
	at java.io.OutputStream.write(OutputStream.java:75)
	at org.apache.hadoop.ozone.client.rpc.TestMultiBlockWritesWithDnFailures.testMultiBlockWritesWithDnFailures(TestMultiBlockWritesWithDnFailures.java:147)
	at sun.reflect.NativeMethodAccessorImpl.invoke0(Native Method)
	at sun.reflect.NativeMethodAccessorImpl.invoke(NativeMethodAccessorImpl.java:62)
	at sun.reflect.DelegatingMethodAccessorImpl.invoke(DelegatingMethodAccessorImpl.java:43)
	at java.lang.reflect.Method.invoke(Method.java:498)
	at org.junit.runners.model.FrameworkMethod$1.runReflectiveCall(FrameworkMethod.java:47)
	at org.junit.internal.runners.model.ReflectiveCallable.run(ReflectiveCallable.java:12)
	at org.junit.runners.model.FrameworkMethod.invokeExplosively(FrameworkMethod.java:44)
	at org.junit.internal.runners.statements.InvokeMethod.evaluate(InvokeMethod.java:17)
	at org.junit.internal.runners.statements.RunAfters.evaluate(RunAfters.java:27)
	at org.junit.runners.ParentRunner.runLeaf(ParentRunner.java:271)
	at org.junit.runners.BlockJUnit4ClassRunner.runChild(BlockJUnit4ClassRunner.java:70)
	at org.junit.runners.BlockJUnit4ClassRunner.runChild(BlockJUnit4ClassRunner.java:50)
	at org.junit.runners.ParentRunner$3.run(ParentRunner.java:238)
	at org.junit.runners.ParentRunner$1.schedule(ParentRunner.java:63)
	at org.junit.runners.ParentRunner.runChildren(ParentRunner.java:236)
	at org.junit.runners.ParentRunner.access$000(ParentRunner.java:53)
	at org.junit.runners.ParentRunner$2.evaluate(ParentRunner.java:229)
	at org.junit.runners.ParentRunner.run(ParentRunner.java:309)
	at org.apache.maven.surefire.junit4.JUnit4Provider.execute(JUnit4Provider.java:365)
	at org.apache.maven.surefire.junit4.JUnit4Provider.executeWithRerun(JUnit4Provider.java:273)
	at org.apache.maven.surefire.junit4.JUnit4Provider.executeTestSet(JUnit4Provider.java:238)
	at org.apache.maven.surefire.junit4.JUnit4Provider.invoke(JUnit4Provider.java:159)
	at org.apache.maven.surefire.booter.ForkedBooter.invokeProviderInSameClassLoader(ForkedBooter.java:384)
	at org.apache.maven.surefire.booter.ForkedBooter.runSuitesInProcess(ForkedBooter.java:345)
	at org.apache.maven.surefire.booter.ForkedBooter.execute(ForkedBooter.java:126)
	at org.apache.maven.surefire.booter.ForkedBooter.main(ForkedBooter.java:418)
2019-10-14 09:11:49,155 [main] INFO  ozone.MiniOzoneClusterImpl (MiniOzoneClusterImpl.java:shutdown(314)) - Shutting down the Mini Ozone Cluster
2019-10-14 09:11:49,155 [main] INFO  ozone.MiniOzoneClusterImpl (MiniOzoneClusterImpl.java:stop(330)) - Stopping the Mini Ozone Cluster
2019-10-14 09:11:49,155 [main] INFO  ozone.MiniOzoneClusterImpl (MiniOzoneClusterImpl.java:stopOM(400)) - Stopping the OzoneManager
2019-10-14 09:11:49,156 [main] INFO  ipc.Server (Server.java:stop(3082)) - Stopping server on 34334
2019-10-14 09:11:49,165 [main] INFO  ratis.OzoneManagerDoubleBuffer (OzoneManagerDoubleBuffer.java:stop(248)) - Stopping OMDoubleBuffer flush thread
2019-10-14 09:11:49,166 [IPC Server Responder] INFO  ipc.Server (Server.java:run(1319)) - Stopping IPC Server Responder
2019-10-14 09:11:49,166 [IPC Server listener on 34334] INFO  ipc.Server (Server.java:run(1185)) - Stopping IPC Server listener on 34334
2019-10-14 09:11:49,169 [OMDoubleBufferFlushThread] INFO  ratis.OzoneManagerDoubleBuffer (OzoneManagerDoubleBuffer.java:flushTransactions(191)) - OMDoubleBuffer flush thread OMDoubleBufferFlushThread is interrupted and will exit. OMDoubleBufferFlushThread
2019-10-14 09:11:49,183 [main] INFO  utils.BackgroundService (BackgroundService.java:shutdown(148)) - Shutting down service KeyDeletingService
2019-10-14 09:11:49,184 [main] INFO  handler.ContextHandler (ContextHandler.java:doStop(910)) - Stopped o.e.j.w.WebAppContext@233db8e9{/,null,UNAVAILABLE}{/ozoneManager}
2019-10-14 09:11:49,185 [main] INFO  server.AbstractConnector (AbstractConnector.java:doStop(318)) - Stopped ServerConnector@40c2ce52{HTTP/1.1,[http/1.1]}{0.0.0.0:0}
2019-10-14 09:11:49,186 [main] INFO  handler.ContextHandler (ContextHandler.java:doStop(910)) - Stopped o.e.j.s.ServletContextHandler@f9cab00{/static,file:///workdir/hadoop-ozone/integration-test/target/test-classes/webapps/static,UNAVAILABLE}
2019-10-14 09:11:49,186 [main] INFO  handler.ContextHandler (ContextHandler.java:doStop(910)) - Stopped o.e.j.s.ServletContextHandler@1b410308{/logs,file:///workdir/hadoop-ozone/integration-test/target/log,UNAVAILABLE}
2019-10-14 09:11:49,191 [main] INFO  ozone.MiniOzoneClusterImpl (MiniOzoneClusterImpl.java:stopDatanodes(377)) - Stopping the HddsDatanodes
2019-10-14 09:11:49,581 [Datanode State Machine Thread - 0] INFO  statemachine.DatanodeStateMachine (DatanodeStateMachine.java:lambda$startDaemon$0(350)) - Ozone container server started.
2019-10-14 09:11:50,072 [Datanode State Machine Thread - 0] INFO  statemachine.DatanodeStateMachine (DatanodeStateMachine.java:lambda$startDaemon$0(350)) - Ozone container server started.
2019-10-14 09:11:50,167 [Thread-1649] INFO  impl.FollowerState (FollowerState.java:run(106)) - d1f57701-3fd0-49df-bc3e-2994fc7249db:group-CEABDACBA137 changes to CANDIDATE, lastRpcTime:1105, electionTimeout:1105ms
2019-10-14 09:11:50,167 [Thread-1649] INFO  impl.RoleInfo (RoleInfo.java:shutdownFollowerState(121)) - d1f57701-3fd0-49df-bc3e-2994fc7249db: shutdown FollowerState
2019-10-14 09:11:50,167 [Thread-1649] INFO  impl.RaftServerImpl (RaftServerImpl.java:setRole(174)) - d1f57701-3fd0-49df-bc3e-2994fc7249db@group-CEABDACBA137: changes role from  FOLLOWER to CANDIDATE at term 12 for changeToCandidate
2019-10-14 09:11:50,167 [Thread-1649] INFO  impl.RoleInfo (RoleInfo.java:updateAndGet(143)) - d1f57701-3fd0-49df-bc3e-2994fc7249db: start LeaderElection
2019-10-14 09:11:50,192 [d1f57701-3fd0-49df-bc3e-2994fc7249db@group-CEABDACBA137:LeaderElection75] INFO  impl.LeaderElection (LeaderElection.java:askForVotes(182)) - d1f57701-3fd0-49df-bc3e-2994fc7249db@group-CEABDACBA137:LeaderElection75: begin an election at term 13 for 0: [aabd13a9-38b1-453f-a600-f425fadd7a8e:192.168.164.214:36671, 585f7a51-f4d3-431b-937d-1c786f624e2b:192.168.164.214:35977, d1f57701-3fd0-49df-bc3e-2994fc7249db:192.168.164.214:43350], old=null
2019-10-14 09:11:50,193 [d1f57701-3fd0-49df-bc3e-2994fc7249db@group-CEABDACBA137:LeaderElection75] INFO  impl.LeaderElection (LogUtils.java:infoOrTrace(149)) - d1f57701-3fd0-49df-bc3e-2994fc7249db@group-CEABDACBA137:LeaderElection75 got exception when requesting votes: {}
java.util.concurrent.ExecutionException: org.apache.ratis.thirdparty.io.grpc.StatusRuntimeException: UNAVAILABLE: io exception
	at java.util.concurrent.FutureTask.report(FutureTask.java:122)
	at java.util.concurrent.FutureTask.get(FutureTask.java:192)
	at org.apache.ratis.server.impl.LeaderElection.waitForResults(LeaderElection.java:263)
	at org.apache.ratis.server.impl.LeaderElection.askForVotes(LeaderElection.java:201)
	at org.apache.ratis.server.impl.LeaderElection.run(LeaderElection.java:133)
	at java.lang.Thread.run(Thread.java:748)
Caused by: org.apache.ratis.thirdparty.io.grpc.StatusRuntimeException: UNAVAILABLE: io exception
	at org.apache.ratis.thirdparty.io.grpc.stub.ClientCalls.toStatusRuntimeException(ClientCalls.java:233)
	at org.apache.ratis.thirdparty.io.grpc.stub.ClientCalls.getUnchecked(ClientCalls.java:214)
	at org.apache.ratis.thirdparty.io.grpc.stub.ClientCalls.blockingUnaryCall(ClientCalls.java:139)
	at org.apache.ratis.proto.grpc.RaftServerProtocolServiceGrpc$RaftServerProtocolServiceBlockingStub.requestVote(RaftServerProtocolServiceGrpc.java:265)
	at org.apache.ratis.grpc.server.GrpcServerProtocolClient.requestVote(GrpcServerProtocolClient.java:90)
	at org.apache.ratis.grpc.server.GrpcService.requestVote(GrpcService.java:204)
	at org.apache.ratis.server.impl.LeaderElection.lambda$submitRequests$1(LeaderElection.java:238)
	at java.util.concurrent.FutureTask.run(FutureTask.java:266)
	at java.util.concurrent.Executors$RunnableAdapter.call(Executors.java:511)
	at java.util.concurrent.FutureTask.run(FutureTask.java:266)
	at java.util.concurrent.ThreadPoolExecutor.runWorker(ThreadPoolExecutor.java:1149)
	at java.util.concurrent.ThreadPoolExecutor$Worker.run(ThreadPoolExecutor.java:624)
	... 1 more
Caused by: org.apache.ratis.thirdparty.io.netty.channel.AbstractChannel$AnnotatedConnectException: Connection refused: /192.168.164.214:35977
	at sun.nio.ch.SocketChannelImpl.checkConnect(Native Method)
	at sun.nio.ch.SocketChannelImpl.finishConnect(SocketChannelImpl.java:717)
	at org.apache.ratis.thirdparty.io.netty.channel.socket.nio.NioSocketChannel.doFinishConnect(NioSocketChannel.java:327)
	at org.apache.ratis.thirdparty.io.netty.channel.nio.AbstractNioChannel$AbstractNioUnsafe.finishConnect(AbstractNioChannel.java:340)
	at org.apache.ratis.thirdparty.io.netty.channel.nio.NioEventLoop.processSelectedKey(NioEventLoop.java:632)
	at org.apache.ratis.thirdparty.io.netty.channel.nio.NioEventLoop.processSelectedKeysOptimized(NioEventLoop.java:579)
	at org.apache.ratis.thirdparty.io.netty.channel.nio.NioEventLoop.processSelectedKeys(NioEventLoop.java:496)
	at org.apache.ratis.thirdparty.io.netty.channel.nio.NioEventLoop.run(NioEventLoop.java:458)
	at org.apache.ratis.thirdparty.io.netty.util.concurrent.SingleThreadEventExecutor$5.run(SingleThreadEventExecutor.java:897)
	at org.apache.ratis.thirdparty.io.netty.util.concurrent.FastThreadLocalRunnable.run(FastThreadLocalRunnable.java:30)
	... 1 more
Caused by: java.net.ConnectException: Connection refused
	... 11 more
2019-10-14 09:11:50,193 [d1f57701-3fd0-49df-bc3e-2994fc7249db@group-CEABDACBA137:LeaderElection75] INFO  impl.LeaderElection (LogUtils.java:infoOrTrace(149)) - d1f57701-3fd0-49df-bc3e-2994fc7249db@group-CEABDACBA137:LeaderElection75 got exception when requesting votes: {}
java.util.concurrent.ExecutionException: org.apache.ratis.thirdparty.io.grpc.StatusRuntimeException: UNAVAILABLE: io exception
	at java.util.concurrent.FutureTask.report(FutureTask.java:122)
	at java.util.concurrent.FutureTask.get(FutureTask.java:192)
	at org.apache.ratis.server.impl.LeaderElection.waitForResults(LeaderElection.java:263)
	at org.apache.ratis.server.impl.LeaderElection.askForVotes(LeaderElection.java:201)
	at org.apache.ratis.server.impl.LeaderElection.run(LeaderElection.java:133)
	at java.lang.Thread.run(Thread.java:748)
Caused by: org.apache.ratis.thirdparty.io.grpc.StatusRuntimeException: UNAVAILABLE: io exception
	at org.apache.ratis.thirdparty.io.grpc.stub.ClientCalls.toStatusRuntimeException(ClientCalls.java:233)
	at org.apache.ratis.thirdparty.io.grpc.stub.ClientCalls.getUnchecked(ClientCalls.java:214)
	at org.apache.ratis.thirdparty.io.grpc.stub.ClientCalls.blockingUnaryCall(ClientCalls.java:139)
	at org.apache.ratis.proto.grpc.RaftServerProtocolServiceGrpc$RaftServerProtocolServiceBlockingStub.requestVote(RaftServerProtocolServiceGrpc.java:265)
	at org.apache.ratis.grpc.server.GrpcServerProtocolClient.requestVote(GrpcServerProtocolClient.java:90)
	at org.apache.ratis.grpc.server.GrpcService.requestVote(GrpcService.java:204)
	at org.apache.ratis.server.impl.LeaderElection.lambda$submitRequests$1(LeaderElection.java:238)
	at java.util.concurrent.FutureTask.run(FutureTask.java:266)
	at java.util.concurrent.Executors$RunnableAdapter.call(Executors.java:511)
	at java.util.concurrent.FutureTask.run(FutureTask.java:266)
	at java.util.concurrent.ThreadPoolExecutor.runWorker(ThreadPoolExecutor.java:1149)
	at java.util.concurrent.ThreadPoolExecutor$Worker.run(ThreadPoolExecutor.java:624)
	... 1 more
Caused by: org.apache.ratis.thirdparty.io.netty.channel.AbstractChannel$AnnotatedConnectException: Connection refused: /192.168.164.214:36671
	at sun.nio.ch.SocketChannelImpl.checkConnect(Native Method)
	at sun.nio.ch.SocketChannelImpl.finishConnect(SocketChannelImpl.java:717)
	at org.apache.ratis.thirdparty.io.netty.channel.socket.nio.NioSocketChannel.doFinishConnect(NioSocketChannel.java:327)
	at org.apache.ratis.thirdparty.io.netty.channel.nio.AbstractNioChannel$AbstractNioUnsafe.finishConnect(AbstractNioChannel.java:340)
	at org.apache.ratis.thirdparty.io.netty.channel.nio.NioEventLoop.processSelectedKey(NioEventLoop.java:632)
	at org.apache.ratis.thirdparty.io.netty.channel.nio.NioEventLoop.processSelectedKeysOptimized(NioEventLoop.java:579)
	at org.apache.ratis.thirdparty.io.netty.channel.nio.NioEventLoop.processSelectedKeys(NioEventLoop.java:496)
	at org.apache.ratis.thirdparty.io.netty.channel.nio.NioEventLoop.run(NioEventLoop.java:458)
	at org.apache.ratis.thirdparty.io.netty.util.concurrent.SingleThreadEventExecutor$5.run(SingleThreadEventExecutor.java:897)
	at org.apache.ratis.thirdparty.io.netty.util.concurrent.FastThreadLocalRunnable.run(FastThreadLocalRunnable.java:30)
	... 1 more
Caused by: java.net.ConnectException: Connection refused
	... 11 more
2019-10-14 09:11:50,193 [d1f57701-3fd0-49df-bc3e-2994fc7249db@group-CEABDACBA137:LeaderElection75] INFO  impl.LeaderElection (LeaderElection.java:logAndReturn(56)) - d1f57701-3fd0-49df-bc3e-2994fc7249db@group-CEABDACBA137:LeaderElection75: Election REJECTED; received 0 response(s) [] and 2 exception(s); d1f57701-3fd0-49df-bc3e-2994fc7249db@group-CEABDACBA137:t13, leader=null, voted=d1f57701-3fd0-49df-bc3e-2994fc7249db, raftlog=d1f57701-3fd0-49df-bc3e-2994fc7249db@group-CEABDACBA137-SegmentedRaftLog:OPENED:c20,f20,i20, conf=0: [aabd13a9-38b1-453f-a600-f425fadd7a8e:192.168.164.214:36671, 585f7a51-f4d3-431b-937d-1c786f624e2b:192.168.164.214:35977, d1f57701-3fd0-49df-bc3e-2994fc7249db:192.168.164.214:43350], old=null
2019-10-14 09:11:50,194 [d1f57701-3fd0-49df-bc3e-2994fc7249db@group-CEABDACBA137:LeaderElection75] INFO  impl.LeaderElection (LogUtils.java:infoOrTrace(149)) -   Exception 0: {}
java.util.concurrent.ExecutionException: org.apache.ratis.thirdparty.io.grpc.StatusRuntimeException: UNAVAILABLE: io exception
	at java.util.concurrent.FutureTask.report(FutureTask.java:122)
	at java.util.concurrent.FutureTask.get(FutureTask.java:192)
	at org.apache.ratis.server.impl.LeaderElection.waitForResults(LeaderElection.java:263)
	at org.apache.ratis.server.impl.LeaderElection.askForVotes(LeaderElection.java:201)
	at org.apache.ratis.server.impl.LeaderElection.run(LeaderElection.java:133)
	at java.lang.Thread.run(Thread.java:748)
Caused by: org.apache.ratis.thirdparty.io.grpc.StatusRuntimeException: UNAVAILABLE: io exception
	at org.apache.ratis.thirdparty.io.grpc.stub.ClientCalls.toStatusRuntimeException(ClientCalls.java:233)
	at org.apache.ratis.thirdparty.io.grpc.stub.ClientCalls.getUnchecked(ClientCalls.java:214)
	at org.apache.ratis.thirdparty.io.grpc.stub.ClientCalls.blockingUnaryCall(ClientCalls.java:139)
	at org.apache.ratis.proto.grpc.RaftServerProtocolServiceGrpc$RaftServerProtocolServiceBlockingStub.requestVote(RaftServerProtocolServiceGrpc.java:265)
	at org.apache.ratis.grpc.server.GrpcServerProtocolClient.requestVote(GrpcServerProtocolClient.java:90)
	at org.apache.ratis.grpc.server.GrpcService.requestVote(GrpcService.java:204)
	at org.apache.ratis.server.impl.LeaderElection.lambda$submitRequests$1(LeaderElection.java:238)
	at java.util.concurrent.FutureTask.run(FutureTask.java:266)
	at java.util.concurrent.Executors$RunnableAdapter.call(Executors.java:511)
	at java.util.concurrent.FutureTask.run(FutureTask.java:266)
	at java.util.concurrent.ThreadPoolExecutor.runWorker(ThreadPoolExecutor.java:1149)
	at java.util.concurrent.ThreadPoolExecutor$Worker.run(ThreadPoolExecutor.java:624)
	... 1 more
Caused by: org.apache.ratis.thirdparty.io.netty.channel.AbstractChannel$AnnotatedConnectException: Connection refused: /192.168.164.214:35977
	at sun.nio.ch.SocketChannelImpl.checkConnect(Native Method)
	at sun.nio.ch.SocketChannelImpl.finishConnect(SocketChannelImpl.java:717)
	at org.apache.ratis.thirdparty.io.netty.channel.socket.nio.NioSocketChannel.doFinishConnect(NioSocketChannel.java:327)
	at org.apache.ratis.thirdparty.io.netty.channel.nio.AbstractNioChannel$AbstractNioUnsafe.finishConnect(AbstractNioChannel.java:340)
	at org.apache.ratis.thirdparty.io.netty.channel.nio.NioEventLoop.processSelectedKey(NioEventLoop.java:632)
	at org.apache.ratis.thirdparty.io.netty.channel.nio.NioEventLoop.processSelectedKeysOptimized(NioEventLoop.java:579)
	at org.apache.ratis.thirdparty.io.netty.channel.nio.NioEventLoop.processSelectedKeys(NioEventLoop.java:496)
	at org.apache.ratis.thirdparty.io.netty.channel.nio.NioEventLoop.run(NioEventLoop.java:458)
	at org.apache.ratis.thirdparty.io.netty.util.concurrent.SingleThreadEventExecutor$5.run(SingleThreadEventExecutor.java:897)
	at org.apache.ratis.thirdparty.io.netty.util.concurrent.FastThreadLocalRunnable.run(FastThreadLocalRunnable.java:30)
	... 1 more
Caused by: java.net.ConnectException: Connection refused
	... 11 more
2019-10-14 09:11:50,194 [d1f57701-3fd0-49df-bc3e-2994fc7249db@group-CEABDACBA137:LeaderElection75] INFO  impl.LeaderElection (LogUtils.java:infoOrTrace(149)) -   Exception 1: {}
java.util.concurrent.ExecutionException: org.apache.ratis.thirdparty.io.grpc.StatusRuntimeException: UNAVAILABLE: io exception
	at java.util.concurrent.FutureTask.report(FutureTask.java:122)
	at java.util.concurrent.FutureTask.get(FutureTask.java:192)
	at org.apache.ratis.server.impl.LeaderElection.waitForResults(LeaderElection.java:263)
	at org.apache.ratis.server.impl.LeaderElection.askForVotes(LeaderElection.java:201)
	at org.apache.ratis.server.impl.LeaderElection.run(LeaderElection.java:133)
	at java.lang.Thread.run(Thread.java:748)
Caused by: org.apache.ratis.thirdparty.io.grpc.StatusRuntimeException: UNAVAILABLE: io exception
	at org.apache.ratis.thirdparty.io.grpc.stub.ClientCalls.toStatusRuntimeException(ClientCalls.java:233)
	at org.apache.ratis.thirdparty.io.grpc.stub.ClientCalls.getUnchecked(ClientCalls.java:214)
	at org.apache.ratis.thirdparty.io.grpc.stub.ClientCalls.blockingUnaryCall(ClientCalls.java:139)
	at org.apache.ratis.proto.grpc.RaftServerProtocolServiceGrpc$RaftServerProtocolServiceBlockingStub.requestVote(RaftServerProtocolServiceGrpc.java:265)
	at org.apache.ratis.grpc.server.GrpcServerProtocolClient.requestVote(GrpcServerProtocolClient.java:90)
	at org.apache.ratis.grpc.server.GrpcService.requestVote(GrpcService.java:204)
	at org.apache.ratis.server.impl.LeaderElection.lambda$submitRequests$1(LeaderElection.java:238)
	at java.util.concurrent.FutureTask.run(FutureTask.java:266)
	at java.util.concurrent.Executors$RunnableAdapter.call(Executors.java:511)
	at java.util.concurrent.FutureTask.run(FutureTask.java:266)
	at java.util.concurrent.ThreadPoolExecutor.runWorker(ThreadPoolExecutor.java:1149)
	at java.util.concurrent.ThreadPoolExecutor$Worker.run(ThreadPoolExecutor.java:624)
	... 1 more
Caused by: org.apache.ratis.thirdparty.io.netty.channel.AbstractChannel$AnnotatedConnectException: Connection refused: /192.168.164.214:36671
	at sun.nio.ch.SocketChannelImpl.checkConnect(Native Method)
	at sun.nio.ch.SocketChannelImpl.finishConnect(SocketChannelImpl.java:717)
	at org.apache.ratis.thirdparty.io.netty.channel.socket.nio.NioSocketChannel.doFinishConnect(NioSocketChannel.java:327)
	at org.apache.ratis.thirdparty.io.netty.channel.nio.AbstractNioChannel$AbstractNioUnsafe.finishConnect(AbstractNioChannel.java:340)
	at org.apache.ratis.thirdparty.io.netty.channel.nio.NioEventLoop.processSelectedKey(NioEventLoop.java:632)
	at org.apache.ratis.thirdparty.io.netty.channel.nio.NioEventLoop.processSelectedKeysOptimized(NioEventLoop.java:579)
	at org.apache.ratis.thirdparty.io.netty.channel.nio.NioEventLoop.processSelectedKeys(NioEventLoop.java:496)
	at org.apache.ratis.thirdparty.io.netty.channel.nio.NioEventLoop.run(NioEventLoop.java:458)
	at org.apache.ratis.thirdparty.io.netty.util.concurrent.SingleThreadEventExecutor$5.run(SingleThreadEventExecutor.java:897)
	at org.apache.ratis.thirdparty.io.netty.util.concurrent.FastThreadLocalRunnable.run(FastThreadLocalRunnable.java:30)
	... 1 more
Caused by: java.net.ConnectException: Connection refused
	... 11 more
2019-10-14 09:11:50,194 [d1f57701-3fd0-49df-bc3e-2994fc7249db@group-CEABDACBA137:LeaderElection75] INFO  impl.RaftServerImpl (RaftServerImpl.java:setRole(174)) - d1f57701-3fd0-49df-bc3e-2994fc7249db@group-CEABDACBA137: changes role from CANDIDATE to FOLLOWER at term 13 for DISCOVERED_A_NEW_TERM
2019-10-14 09:11:50,194 [d1f57701-3fd0-49df-bc3e-2994fc7249db@group-CEABDACBA137:LeaderElection75] INFO  impl.RoleInfo (RoleInfo.java:shutdownLeaderElection(134)) - d1f57701-3fd0-49df-bc3e-2994fc7249db: shutdown LeaderElection
2019-10-14 09:11:50,194 [d1f57701-3fd0-49df-bc3e-2994fc7249db@group-CEABDACBA137:LeaderElection75] INFO  impl.RoleInfo (RoleInfo.java:updateAndGet(143)) - d1f57701-3fd0-49df-bc3e-2994fc7249db: start FollowerState
2019-10-14 09:11:51,259 [Thread-1660] INFO  impl.FollowerState (FollowerState.java:run(106)) - d1f57701-3fd0-49df-bc3e-2994fc7249db:group-CEABDACBA137 changes to CANDIDATE, lastRpcTime:1064, electionTimeout:1064ms
2019-10-14 09:11:51,259 [Thread-1660] INFO  impl.RoleInfo (RoleInfo.java:shutdownFollowerState(121)) - d1f57701-3fd0-49df-bc3e-2994fc7249db: shutdown FollowerState
2019-10-14 09:11:51,259 [Thread-1660] INFO  impl.RaftServerImpl (RaftServerImpl.java:setRole(174)) - d1f57701-3fd0-49df-bc3e-2994fc7249db@group-CEABDACBA137: changes role from  FOLLOWER to CANDIDATE at term 13 for changeToCandidate
2019-10-14 09:11:51,259 [Thread-1660] INFO  impl.RoleInfo (RoleInfo.java:updateAndGet(143)) - d1f57701-3fd0-49df-bc3e-2994fc7249db: start LeaderElection
2019-10-14 09:11:51,284 [d1f57701-3fd0-49df-bc3e-2994fc7249db@group-CEABDACBA137:LeaderElection76] INFO  impl.LeaderElection (LeaderElection.java:askForVotes(182)) - d1f57701-3fd0-49df-bc3e-2994fc7249db@group-CEABDACBA137:LeaderElection76: begin an election at term 14 for 0: [aabd13a9-38b1-453f-a600-f425fadd7a8e:192.168.164.214:36671, 585f7a51-f4d3-431b-937d-1c786f624e2b:192.168.164.214:35977, d1f57701-3fd0-49df-bc3e-2994fc7249db:192.168.164.214:43350], old=null
2019-10-14 09:11:51,285 [d1f57701-3fd0-49df-bc3e-2994fc7249db@group-CEABDACBA137:LeaderElection76] INFO  impl.LeaderElection (LogUtils.java:infoOrTrace(149)) - d1f57701-3fd0-49df-bc3e-2994fc7249db@group-CEABDACBA137:LeaderElection76 got exception when requesting votes: {}
java.util.concurrent.ExecutionException: org.apache.ratis.thirdparty.io.grpc.StatusRuntimeException: UNAVAILABLE: io exception
	at java.util.concurrent.FutureTask.report(FutureTask.java:122)
	at java.util.concurrent.FutureTask.get(FutureTask.java:192)
	at org.apache.ratis.server.impl.LeaderElection.waitForResults(LeaderElection.java:263)
	at org.apache.ratis.server.impl.LeaderElection.askForVotes(LeaderElection.java:201)
	at org.apache.ratis.server.impl.LeaderElection.run(LeaderElection.java:133)
	at java.lang.Thread.run(Thread.java:748)
Caused by: org.apache.ratis.thirdparty.io.grpc.StatusRuntimeException: UNAVAILABLE: io exception
	at org.apache.ratis.thirdparty.io.grpc.stub.ClientCalls.toStatusRuntimeException(ClientCalls.java:233)
	at org.apache.ratis.thirdparty.io.grpc.stub.ClientCalls.getUnchecked(ClientCalls.java:214)
	at org.apache.ratis.thirdparty.io.grpc.stub.ClientCalls.blockingUnaryCall(ClientCalls.java:139)
	at org.apache.ratis.proto.grpc.RaftServerProtocolServiceGrpc$RaftServerProtocolServiceBlockingStub.requestVote(RaftServerProtocolServiceGrpc.java:265)
	at org.apache.ratis.grpc.server.GrpcServerProtocolClient.requestVote(GrpcServerProtocolClient.java:90)
	at org.apache.ratis.grpc.server.GrpcService.requestVote(GrpcService.java:204)
	at org.apache.ratis.server.impl.LeaderElection.lambda$submitRequests$1(LeaderElection.java:238)
	at java.util.concurrent.FutureTask.run(FutureTask.java:266)
	at java.util.concurrent.Executors$RunnableAdapter.call(Executors.java:511)
	at java.util.concurrent.FutureTask.run(FutureTask.java:266)
	at java.util.concurrent.ThreadPoolExecutor.runWorker(ThreadPoolExecutor.java:1149)
	at java.util.concurrent.ThreadPoolExecutor$Worker.run(ThreadPoolExecutor.java:624)
	... 1 more
Caused by: org.apache.ratis.thirdparty.io.netty.channel.AbstractChannel$AnnotatedConnectException: Connection refused: /192.168.164.214:35977
	at sun.nio.ch.SocketChannelImpl.checkConnect(Native Method)
	at sun.nio.ch.SocketChannelImpl.finishConnect(SocketChannelImpl.java:717)
	at org.apache.ratis.thirdparty.io.netty.channel.socket.nio.NioSocketChannel.doFinishConnect(NioSocketChannel.java:327)
	at org.apache.ratis.thirdparty.io.netty.channel.nio.AbstractNioChannel$AbstractNioUnsafe.finishConnect(AbstractNioChannel.java:340)
	at org.apache.ratis.thirdparty.io.netty.channel.nio.NioEventLoop.processSelectedKey(NioEventLoop.java:632)
	at org.apache.ratis.thirdparty.io.netty.channel.nio.NioEventLoop.processSelectedKeysOptimized(NioEventLoop.java:579)
	at org.apache.ratis.thirdparty.io.netty.channel.nio.NioEventLoop.processSelectedKeys(NioEventLoop.java:496)
	at org.apache.ratis.thirdparty.io.netty.channel.nio.NioEventLoop.run(NioEventLoop.java:458)
	at org.apache.ratis.thirdparty.io.netty.util.concurrent.SingleThreadEventExecutor$5.run(SingleThreadEventExecutor.java:897)
	at org.apache.ratis.thirdparty.io.netty.util.concurrent.FastThreadLocalRunnable.run(FastThreadLocalRunnable.java:30)
	... 1 more
Caused by: java.net.ConnectException: Connection refused
	... 11 more
2019-10-14 09:11:51,286 [d1f57701-3fd0-49df-bc3e-2994fc7249db@group-CEABDACBA137:LeaderElection76] INFO  impl.LeaderElection (LogUtils.java:infoOrTrace(149)) - d1f57701-3fd0-49df-bc3e-2994fc7249db@group-CEABDACBA137:LeaderElection76 got exception when requesting votes: {}
java.util.concurrent.ExecutionException: org.apache.ratis.thirdparty.io.grpc.StatusRuntimeException: UNAVAILABLE: io exception
	at java.util.concurrent.FutureTask.report(FutureTask.java:122)
	at java.util.concurrent.FutureTask.get(FutureTask.java:192)
	at org.apache.ratis.server.impl.LeaderElection.waitForResults(LeaderElection.java:263)
	at org.apache.ratis.server.impl.LeaderElection.askForVotes(LeaderElection.java:201)
	at org.apache.ratis.server.impl.LeaderElection.run(LeaderElection.java:133)
	at java.lang.Thread.run(Thread.java:748)
Caused by: org.apache.ratis.thirdparty.io.grpc.StatusRuntimeException: UNAVAILABLE: io exception
	at org.apache.ratis.thirdparty.io.grpc.stub.ClientCalls.toStatusRuntimeException(ClientCalls.java:233)
	at org.apache.ratis.thirdparty.io.grpc.stub.ClientCalls.getUnchecked(ClientCalls.java:214)
	at org.apache.ratis.thirdparty.io.grpc.stub.ClientCalls.blockingUnaryCall(ClientCalls.java:139)
	at org.apache.ratis.proto.grpc.RaftServerProtocolServiceGrpc$RaftServerProtocolServiceBlockingStub.requestVote(RaftServerProtocolServiceGrpc.java:265)
	at org.apache.ratis.grpc.server.GrpcServerProtocolClient.requestVote(GrpcServerProtocolClient.java:90)
	at org.apache.ratis.grpc.server.GrpcService.requestVote(GrpcService.java:204)
	at org.apache.ratis.server.impl.LeaderElection.lambda$submitRequests$1(LeaderElection.java:238)
	at java.util.concurrent.FutureTask.run(FutureTask.java:266)
	at java.util.concurrent.Executors$RunnableAdapter.call(Executors.java:511)
	at java.util.concurrent.FutureTask.run(FutureTask.java:266)
	at java.util.concurrent.ThreadPoolExecutor.runWorker(ThreadPoolExecutor.java:1149)
	at java.util.concurrent.ThreadPoolExecutor$Worker.run(ThreadPoolExecutor.java:624)
	... 1 more
Caused by: org.apache.ratis.thirdparty.io.netty.channel.AbstractChannel$AnnotatedConnectException: Connection refused: /192.168.164.214:36671
	at sun.nio.ch.SocketChannelImpl.checkConnect(Native Method)
	at sun.nio.ch.SocketChannelImpl.finishConnect(SocketChannelImpl.java:717)
	at org.apache.ratis.thirdparty.io.netty.channel.socket.nio.NioSocketChannel.doFinishConnect(NioSocketChannel.java:327)
	at org.apache.ratis.thirdparty.io.netty.channel.nio.AbstractNioChannel$AbstractNioUnsafe.finishConnect(AbstractNioChannel.java:340)
	at org.apache.ratis.thirdparty.io.netty.channel.nio.NioEventLoop.processSelectedKey(NioEventLoop.java:632)
	at org.apache.ratis.thirdparty.io.netty.channel.nio.NioEventLoop.processSelectedKeysOptimized(NioEventLoop.java:579)
	at org.apache.ratis.thirdparty.io.netty.channel.nio.NioEventLoop.processSelectedKeys(NioEventLoop.java:496)
	at org.apache.ratis.thirdparty.io.netty.channel.nio.NioEventLoop.run(NioEventLoop.java:458)
	at org.apache.ratis.thirdparty.io.netty.util.concurrent.SingleThreadEventExecutor$5.run(SingleThreadEventExecutor.java:897)
	at org.apache.ratis.thirdparty.io.netty.util.concurrent.FastThreadLocalRunnable.run(FastThreadLocalRunnable.java:30)
	... 1 more
Caused by: java.net.ConnectException: Connection refused
	... 11 more
2019-10-14 09:11:51,286 [d1f57701-3fd0-49df-bc3e-2994fc7249db@group-CEABDACBA137:LeaderElection76] INFO  impl.LeaderElection (LeaderElection.java:logAndReturn(56)) - d1f57701-3fd0-49df-bc3e-2994fc7249db@group-CEABDACBA137:LeaderElection76: Election REJECTED; received 0 response(s) [] and 2 exception(s); d1f57701-3fd0-49df-bc3e-2994fc7249db@group-CEABDACBA137:t14, leader=null, voted=d1f57701-3fd0-49df-bc3e-2994fc7249db, raftlog=d1f57701-3fd0-49df-bc3e-2994fc7249db@group-CEABDACBA137-SegmentedRaftLog:OPENED:c20,f20,i20, conf=0: [aabd13a9-38b1-453f-a600-f425fadd7a8e:192.168.164.214:36671, 585f7a51-f4d3-431b-937d-1c786f624e2b:192.168.164.214:35977, d1f57701-3fd0-49df-bc3e-2994fc7249db:192.168.164.214:43350], old=null
2019-10-14 09:11:51,286 [d1f57701-3fd0-49df-bc3e-2994fc7249db@group-CEABDACBA137:LeaderElection76] INFO  impl.LeaderElection (LogUtils.java:infoOrTrace(149)) -   Exception 0: {}
java.util.concurrent.ExecutionException: org.apache.ratis.thirdparty.io.grpc.StatusRuntimeException: UNAVAILABLE: io exception
	at java.util.concurrent.FutureTask.report(FutureTask.java:122)
	at java.util.concurrent.FutureTask.get(FutureTask.java:192)
	at org.apache.ratis.server.impl.LeaderElection.waitForResults(LeaderElection.java:263)
	at org.apache.ratis.server.impl.LeaderElection.askForVotes(LeaderElection.java:201)
	at org.apache.ratis.server.impl.LeaderElection.run(LeaderElection.java:133)
	at java.lang.Thread.run(Thread.java:748)
Caused by: org.apache.ratis.thirdparty.io.grpc.StatusRuntimeException: UNAVAILABLE: io exception
	at org.apache.ratis.thirdparty.io.grpc.stub.ClientCalls.toStatusRuntimeException(ClientCalls.java:233)
	at org.apache.ratis.thirdparty.io.grpc.stub.ClientCalls.getUnchecked(ClientCalls.java:214)
	at org.apache.ratis.thirdparty.io.grpc.stub.ClientCalls.blockingUnaryCall(ClientCalls.java:139)
	at org.apache.ratis.proto.grpc.RaftServerProtocolServiceGrpc$RaftServerProtocolServiceBlockingStub.requestVote(RaftServerProtocolServiceGrpc.java:265)
	at org.apache.ratis.grpc.server.GrpcServerProtocolClient.requestVote(GrpcServerProtocolClient.java:90)
	at org.apache.ratis.grpc.server.GrpcService.requestVote(GrpcService.java:204)
	at org.apache.ratis.server.impl.LeaderElection.lambda$submitRequests$1(LeaderElection.java:238)
	at java.util.concurrent.FutureTask.run(FutureTask.java:266)
	at java.util.concurrent.Executors$RunnableAdapter.call(Executors.java:511)
	at java.util.concurrent.FutureTask.run(FutureTask.java:266)
	at java.util.concurrent.ThreadPoolExecutor.runWorker(ThreadPoolExecutor.java:1149)
	at java.util.concurrent.ThreadPoolExecutor$Worker.run(ThreadPoolExecutor.java:624)
	... 1 more
Caused by: org.apache.ratis.thirdparty.io.netty.channel.AbstractChannel$AnnotatedConnectException: Connection refused: /192.168.164.214:35977
	at sun.nio.ch.SocketChannelImpl.checkConnect(Native Method)
	at sun.nio.ch.SocketChannelImpl.finishConnect(SocketChannelImpl.java:717)
	at org.apache.ratis.thirdparty.io.netty.channel.socket.nio.NioSocketChannel.doFinishConnect(NioSocketChannel.java:327)
	at org.apache.ratis.thirdparty.io.netty.channel.nio.AbstractNioChannel$AbstractNioUnsafe.finishConnect(AbstractNioChannel.java:340)
	at org.apache.ratis.thirdparty.io.netty.channel.nio.NioEventLoop.processSelectedKey(NioEventLoop.java:632)
	at org.apache.ratis.thirdparty.io.netty.channel.nio.NioEventLoop.processSelectedKeysOptimized(NioEventLoop.java:579)
	at org.apache.ratis.thirdparty.io.netty.channel.nio.NioEventLoop.processSelectedKeys(NioEventLoop.java:496)
	at org.apache.ratis.thirdparty.io.netty.channel.nio.NioEventLoop.run(NioEventLoop.java:458)
	at org.apache.ratis.thirdparty.io.netty.util.concurrent.SingleThreadEventExecutor$5.run(SingleThreadEventExecutor.java:897)
	at org.apache.ratis.thirdparty.io.netty.util.concurrent.FastThreadLocalRunnable.run(FastThreadLocalRunnable.java:30)
	... 1 more
Caused by: java.net.ConnectException: Connection refused
	... 11 more
2019-10-14 09:11:51,287 [d1f57701-3fd0-49df-bc3e-2994fc7249db@group-CEABDACBA137:LeaderElection76] INFO  impl.LeaderElection (LogUtils.java:infoOrTrace(149)) -   Exception 1: {}
java.util.concurrent.ExecutionException: org.apache.ratis.thirdparty.io.grpc.StatusRuntimeException: UNAVAILABLE: io exception
	at java.util.concurrent.FutureTask.report(FutureTask.java:122)
	at java.util.concurrent.FutureTask.get(FutureTask.java:192)
	at org.apache.ratis.server.impl.LeaderElection.waitForResults(LeaderElection.java:263)
	at org.apache.ratis.server.impl.LeaderElection.askForVotes(LeaderElection.java:201)
	at org.apache.ratis.server.impl.LeaderElection.run(LeaderElection.java:133)
	at java.lang.Thread.run(Thread.java:748)
Caused by: org.apache.ratis.thirdparty.io.grpc.StatusRuntimeException: UNAVAILABLE: io exception
	at org.apache.ratis.thirdparty.io.grpc.stub.ClientCalls.toStatusRuntimeException(ClientCalls.java:233)
	at org.apache.ratis.thirdparty.io.grpc.stub.ClientCalls.getUnchecked(ClientCalls.java:214)
	at org.apache.ratis.thirdparty.io.grpc.stub.ClientCalls.blockingUnaryCall(ClientCalls.java:139)
	at org.apache.ratis.proto.grpc.RaftServerProtocolServiceGrpc$RaftServerProtocolServiceBlockingStub.requestVote(RaftServerProtocolServiceGrpc.java:265)
	at org.apache.ratis.grpc.server.GrpcServerProtocolClient.requestVote(GrpcServerProtocolClient.java:90)
	at org.apache.ratis.grpc.server.GrpcService.requestVote(GrpcService.java:204)
	at org.apache.ratis.server.impl.LeaderElection.lambda$submitRequests$1(LeaderElection.java:238)
	at java.util.concurrent.FutureTask.run(FutureTask.java:266)
	at java.util.concurrent.Executors$RunnableAdapter.call(Executors.java:511)
	at java.util.concurrent.FutureTask.run(FutureTask.java:266)
	at java.util.concurrent.ThreadPoolExecutor.runWorker(ThreadPoolExecutor.java:1149)
	at java.util.concurrent.ThreadPoolExecutor$Worker.run(ThreadPoolExecutor.java:624)
	... 1 more
Caused by: org.apache.ratis.thirdparty.io.netty.channel.AbstractChannel$AnnotatedConnectException: Connection refused: /192.168.164.214:36671
	at sun.nio.ch.SocketChannelImpl.checkConnect(Native Method)
	at sun.nio.ch.SocketChannelImpl.finishConnect(SocketChannelImpl.java:717)
	at org.apache.ratis.thirdparty.io.netty.channel.socket.nio.NioSocketChannel.doFinishConnect(NioSocketChannel.java:327)
	at org.apache.ratis.thirdparty.io.netty.channel.nio.AbstractNioChannel$AbstractNioUnsafe.finishConnect(AbstractNioChannel.java:340)
	at org.apache.ratis.thirdparty.io.netty.channel.nio.NioEventLoop.processSelectedKey(NioEventLoop.java:632)
	at org.apache.ratis.thirdparty.io.netty.channel.nio.NioEventLoop.processSelectedKeysOptimized(NioEventLoop.java:579)
	at org.apache.ratis.thirdparty.io.netty.channel.nio.NioEventLoop.processSelectedKeys(NioEventLoop.java:496)
	at org.apache.ratis.thirdparty.io.netty.channel.nio.NioEventLoop.run(NioEventLoop.java:458)
	at org.apache.ratis.thirdparty.io.netty.util.concurrent.SingleThreadEventExecutor$5.run(SingleThreadEventExecutor.java:897)
	at org.apache.ratis.thirdparty.io.netty.util.concurrent.FastThreadLocalRunnable.run(FastThreadLocalRunnable.java:30)
	... 1 more
Caused by: java.net.ConnectException: Connection refused
	... 11 more
2019-10-14 09:11:51,287 [d1f57701-3fd0-49df-bc3e-2994fc7249db@group-CEABDACBA137:LeaderElection76] INFO  impl.RaftServerImpl (RaftServerImpl.java:setRole(174)) - d1f57701-3fd0-49df-bc3e-2994fc7249db@group-CEABDACBA137: changes role from CANDIDATE to FOLLOWER at term 14 for DISCOVERED_A_NEW_TERM
2019-10-14 09:11:51,287 [d1f57701-3fd0-49df-bc3e-2994fc7249db@group-CEABDACBA137:LeaderElection76] INFO  impl.RoleInfo (RoleInfo.java:shutdownLeaderElection(134)) - d1f57701-3fd0-49df-bc3e-2994fc7249db: shutdown LeaderElection
2019-10-14 09:11:51,287 [d1f57701-3fd0-49df-bc3e-2994fc7249db@group-CEABDACBA137:LeaderElection76] INFO  impl.RoleInfo (RoleInfo.java:updateAndGet(143)) - d1f57701-3fd0-49df-bc3e-2994fc7249db: start FollowerState
2019-10-14 09:11:52,439 [Thread-1668] INFO  impl.FollowerState (FollowerState.java:run(106)) - d1f57701-3fd0-49df-bc3e-2994fc7249db:group-CEABDACBA137 changes to CANDIDATE, lastRpcTime:1151, electionTimeout:1151ms
2019-10-14 09:11:52,439 [Thread-1668] INFO  impl.RoleInfo (RoleInfo.java:shutdownFollowerState(121)) - d1f57701-3fd0-49df-bc3e-2994fc7249db: shutdown FollowerState
2019-10-14 09:11:52,439 [Thread-1668] INFO  impl.RaftServerImpl (RaftServerImpl.java:setRole(174)) - d1f57701-3fd0-49df-bc3e-2994fc7249db@group-CEABDACBA137: changes role from  FOLLOWER to CANDIDATE at term 14 for changeToCandidate
2019-10-14 09:11:52,439 [Thread-1668] INFO  impl.RoleInfo (RoleInfo.java:updateAndGet(143)) - d1f57701-3fd0-49df-bc3e-2994fc7249db: start LeaderElection
2019-10-14 09:11:52,463 [d1f57701-3fd0-49df-bc3e-2994fc7249db@group-CEABDACBA137:LeaderElection77] INFO  impl.LeaderElection (LeaderElection.java:askForVotes(182)) - d1f57701-3fd0-49df-bc3e-2994fc7249db@group-CEABDACBA137:LeaderElection77: begin an election at term 15 for 0: [aabd13a9-38b1-453f-a600-f425fadd7a8e:192.168.164.214:36671, 585f7a51-f4d3-431b-937d-1c786f624e2b:192.168.164.214:35977, d1f57701-3fd0-49df-bc3e-2994fc7249db:192.168.164.214:43350], old=null
2019-10-14 09:11:52,464 [d1f57701-3fd0-49df-bc3e-2994fc7249db@group-CEABDACBA137:LeaderElection77] INFO  impl.LeaderElection (LogUtils.java:infoOrTrace(149)) - d1f57701-3fd0-49df-bc3e-2994fc7249db@group-CEABDACBA137:LeaderElection77 got exception when requesting votes: {}
java.util.concurrent.ExecutionException: org.apache.ratis.thirdparty.io.grpc.StatusRuntimeException: UNAVAILABLE: io exception
	at java.util.concurrent.FutureTask.report(FutureTask.java:122)
	at java.util.concurrent.FutureTask.get(FutureTask.java:192)
	at org.apache.ratis.server.impl.LeaderElection.waitForResults(LeaderElection.java:263)
	at org.apache.ratis.server.impl.LeaderElection.askForVotes(LeaderElection.java:201)
	at org.apache.ratis.server.impl.LeaderElection.run(LeaderElection.java:133)
	at java.lang.Thread.run(Thread.java:748)
Caused by: org.apache.ratis.thirdparty.io.grpc.StatusRuntimeException: UNAVAILABLE: io exception
	at org.apache.ratis.thirdparty.io.grpc.stub.ClientCalls.toStatusRuntimeException(ClientCalls.java:233)
	at org.apache.ratis.thirdparty.io.grpc.stub.ClientCalls.getUnchecked(ClientCalls.java:214)
	at org.apache.ratis.thirdparty.io.grpc.stub.ClientCalls.blockingUnaryCall(ClientCalls.java:139)
	at org.apache.ratis.proto.grpc.RaftServerProtocolServiceGrpc$RaftServerProtocolServiceBlockingStub.requestVote(RaftServerProtocolServiceGrpc.java:265)
	at org.apache.ratis.grpc.server.GrpcServerProtocolClient.requestVote(GrpcServerProtocolClient.java:90)
	at org.apache.ratis.grpc.server.GrpcService.requestVote(GrpcService.java:204)
	at org.apache.ratis.server.impl.LeaderElection.lambda$submitRequests$1(LeaderElection.java:238)
	at java.util.concurrent.FutureTask.run(FutureTask.java:266)
	at java.util.concurrent.Executors$RunnableAdapter.call(Executors.java:511)
	at java.util.concurrent.FutureTask.run(FutureTask.java:266)
	at java.util.concurrent.ThreadPoolExecutor.runWorker(ThreadPoolExecutor.java:1149)
	at java.util.concurrent.ThreadPoolExecutor$Worker.run(ThreadPoolExecutor.java:624)
	... 1 more
Caused by: org.apache.ratis.thirdparty.io.netty.channel.AbstractChannel$AnnotatedConnectException: Connection refused: /192.168.164.214:36671
	at sun.nio.ch.SocketChannelImpl.checkConnect(Native Method)
	at sun.nio.ch.SocketChannelImpl.finishConnect(SocketChannelImpl.java:717)
	at org.apache.ratis.thirdparty.io.netty.channel.socket.nio.NioSocketChannel.doFinishConnect(NioSocketChannel.java:327)
	at org.apache.ratis.thirdparty.io.netty.channel.nio.AbstractNioChannel$AbstractNioUnsafe.finishConnect(AbstractNioChannel.java:340)
	at org.apache.ratis.thirdparty.io.netty.channel.nio.NioEventLoop.processSelectedKey(NioEventLoop.java:632)
	at org.apache.ratis.thirdparty.io.netty.channel.nio.NioEventLoop.processSelectedKeysOptimized(NioEventLoop.java:579)
	at org.apache.ratis.thirdparty.io.netty.channel.nio.NioEventLoop.processSelectedKeys(NioEventLoop.java:496)
	at org.apache.ratis.thirdparty.io.netty.channel.nio.NioEventLoop.run(NioEventLoop.java:458)
	at org.apache.ratis.thirdparty.io.netty.util.concurrent.SingleThreadEventExecutor$5.run(SingleThreadEventExecutor.java:897)
	at org.apache.ratis.thirdparty.io.netty.util.concurrent.FastThreadLocalRunnable.run(FastThreadLocalRunnable.java:30)
	... 1 more
Caused by: java.net.ConnectException: Connection refused
	... 11 more
2019-10-14 09:11:52,465 [d1f57701-3fd0-49df-bc3e-2994fc7249db@group-CEABDACBA137:LeaderElection77] INFO  impl.LeaderElection (LogUtils.java:infoOrTrace(149)) - d1f57701-3fd0-49df-bc3e-2994fc7249db@group-CEABDACBA137:LeaderElection77 got exception when requesting votes: {}
java.util.concurrent.ExecutionException: org.apache.ratis.thirdparty.io.grpc.StatusRuntimeException: UNAVAILABLE: io exception
	at java.util.concurrent.FutureTask.report(FutureTask.java:122)
	at java.util.concurrent.FutureTask.get(FutureTask.java:192)
	at org.apache.ratis.server.impl.LeaderElection.waitForResults(LeaderElection.java:263)
	at org.apache.ratis.server.impl.LeaderElection.askForVotes(LeaderElection.java:201)
	at org.apache.ratis.server.impl.LeaderElection.run(LeaderElection.java:133)
	at java.lang.Thread.run(Thread.java:748)
Caused by: org.apache.ratis.thirdparty.io.grpc.StatusRuntimeException: UNAVAILABLE: io exception
	at org.apache.ratis.thirdparty.io.grpc.stub.ClientCalls.toStatusRuntimeException(ClientCalls.java:233)
	at org.apache.ratis.thirdparty.io.grpc.stub.ClientCalls.getUnchecked(ClientCalls.java:214)
	at org.apache.ratis.thirdparty.io.grpc.stub.ClientCalls.blockingUnaryCall(ClientCalls.java:139)
	at org.apache.ratis.proto.grpc.RaftServerProtocolServiceGrpc$RaftServerProtocolServiceBlockingStub.requestVote(RaftServerProtocolServiceGrpc.java:265)
	at org.apache.ratis.grpc.server.GrpcServerProtocolClient.requestVote(GrpcServerProtocolClient.java:90)
	at org.apache.ratis.grpc.server.GrpcService.requestVote(GrpcService.java:204)
	at org.apache.ratis.server.impl.LeaderElection.lambda$submitRequests$1(LeaderElection.java:238)
	at java.util.concurrent.FutureTask.run(FutureTask.java:266)
	at java.util.concurrent.Executors$RunnableAdapter.call(Executors.java:511)
	at java.util.concurrent.FutureTask.run(FutureTask.java:266)
	at java.util.concurrent.ThreadPoolExecutor.runWorker(ThreadPoolExecutor.java:1149)
	at java.util.concurrent.ThreadPoolExecutor$Worker.run(ThreadPoolExecutor.java:624)
	... 1 more
Caused by: org.apache.ratis.thirdparty.io.netty.channel.AbstractChannel$AnnotatedConnectException: Connection refused: /192.168.164.214:35977
	at sun.nio.ch.SocketChannelImpl.checkConnect(Native Method)
	at sun.nio.ch.SocketChannelImpl.finishConnect(SocketChannelImpl.java:717)
	at org.apache.ratis.thirdparty.io.netty.channel.socket.nio.NioSocketChannel.doFinishConnect(NioSocketChannel.java:327)
	at org.apache.ratis.thirdparty.io.netty.channel.nio.AbstractNioChannel$AbstractNioUnsafe.finishConnect(AbstractNioChannel.java:340)
	at org.apache.ratis.thirdparty.io.netty.channel.nio.NioEventLoop.processSelectedKey(NioEventLoop.java:632)
	at org.apache.ratis.thirdparty.io.netty.channel.nio.NioEventLoop.processSelectedKeysOptimized(NioEventLoop.java:579)
	at org.apache.ratis.thirdparty.io.netty.channel.nio.NioEventLoop.processSelectedKeys(NioEventLoop.java:496)
	at org.apache.ratis.thirdparty.io.netty.channel.nio.NioEventLoop.run(NioEventLoop.java:458)
	at org.apache.ratis.thirdparty.io.netty.util.concurrent.SingleThreadEventExecutor$5.run(SingleThreadEventExecutor.java:897)
	at org.apache.ratis.thirdparty.io.netty.util.concurrent.FastThreadLocalRunnable.run(FastThreadLocalRunnable.java:30)
	... 1 more
Caused by: java.net.ConnectException: Connection refused
	... 11 more
2019-10-14 09:11:52,465 [d1f57701-3fd0-49df-bc3e-2994fc7249db@group-CEABDACBA137:LeaderElection77] INFO  impl.LeaderElection (LeaderElection.java:logAndReturn(56)) - d1f57701-3fd0-49df-bc3e-2994fc7249db@group-CEABDACBA137:LeaderElection77: Election REJECTED; received 0 response(s) [] and 2 exception(s); d1f57701-3fd0-49df-bc3e-2994fc7249db@group-CEABDACBA137:t15, leader=null, voted=d1f57701-3fd0-49df-bc3e-2994fc7249db, raftlog=d1f57701-3fd0-49df-bc3e-2994fc7249db@group-CEABDACBA137-SegmentedRaftLog:OPENED:c20,f20,i20, conf=0: [aabd13a9-38b1-453f-a600-f425fadd7a8e:192.168.164.214:36671, 585f7a51-f4d3-431b-937d-1c786f624e2b:192.168.164.214:35977, d1f57701-3fd0-49df-bc3e-2994fc7249db:192.168.164.214:43350], old=null
2019-10-14 09:11:52,466 [d1f57701-3fd0-49df-bc3e-2994fc7249db@group-CEABDACBA137:LeaderElection77] INFO  impl.LeaderElection (LogUtils.java:infoOrTrace(149)) -   Exception 0: {}
java.util.concurrent.ExecutionException: org.apache.ratis.thirdparty.io.grpc.StatusRuntimeException: UNAVAILABLE: io exception
	at java.util.concurrent.FutureTask.report(FutureTask.java:122)
	at java.util.concurrent.FutureTask.get(FutureTask.java:192)
	at org.apache.ratis.server.impl.LeaderElection.waitForResults(LeaderElection.java:263)
	at org.apache.ratis.server.impl.LeaderElection.askForVotes(LeaderElection.java:201)
	at org.apache.ratis.server.impl.LeaderElection.run(LeaderElection.java:133)
	at java.lang.Thread.run(Thread.java:748)
Caused by: org.apache.ratis.thirdparty.io.grpc.StatusRuntimeException: UNAVAILABLE: io exception
	at org.apache.ratis.thirdparty.io.grpc.stub.ClientCalls.toStatusRuntimeException(ClientCalls.java:233)
	at org.apache.ratis.thirdparty.io.grpc.stub.ClientCalls.getUnchecked(ClientCalls.java:214)
	at org.apache.ratis.thirdparty.io.grpc.stub.ClientCalls.blockingUnaryCall(ClientCalls.java:139)
	at org.apache.ratis.proto.grpc.RaftServerProtocolServiceGrpc$RaftServerProtocolServiceBlockingStub.requestVote(RaftServerProtocolServiceGrpc.java:265)
	at org.apache.ratis.grpc.server.GrpcServerProtocolClient.requestVote(GrpcServerProtocolClient.java:90)
	at org.apache.ratis.grpc.server.GrpcService.requestVote(GrpcService.java:204)
	at org.apache.ratis.server.impl.LeaderElection.lambda$submitRequests$1(LeaderElection.java:238)
	at java.util.concurrent.FutureTask.run(FutureTask.java:266)
	at java.util.concurrent.Executors$RunnableAdapter.call(Executors.java:511)
	at java.util.concurrent.FutureTask.run(FutureTask.java:266)
	at java.util.concurrent.ThreadPoolExecutor.runWorker(ThreadPoolExecutor.java:1149)
	at java.util.concurrent.ThreadPoolExecutor$Worker.run(ThreadPoolExecutor.java:624)
	... 1 more
Caused by: org.apache.ratis.thirdparty.io.netty.channel.AbstractChannel$AnnotatedConnectException: Connection refused: /192.168.164.214:36671
	at sun.nio.ch.SocketChannelImpl.checkConnect(Native Method)
	at sun.nio.ch.SocketChannelImpl.finishConnect(SocketChannelImpl.java:717)
	at org.apache.ratis.thirdparty.io.netty.channel.socket.nio.NioSocketChannel.doFinishConnect(NioSocketChannel.java:327)
	at org.apache.ratis.thirdparty.io.netty.channel.nio.AbstractNioChannel$AbstractNioUnsafe.finishConnect(AbstractNioChannel.java:340)
	at org.apache.ratis.thirdparty.io.netty.channel.nio.NioEventLoop.processSelectedKey(NioEventLoop.java:632)
	at org.apache.ratis.thirdparty.io.netty.channel.nio.NioEventLoop.processSelectedKeysOptimized(NioEventLoop.java:579)
	at org.apache.ratis.thirdparty.io.netty.channel.nio.NioEventLoop.processSelectedKeys(NioEventLoop.java:496)
	at org.apache.ratis.thirdparty.io.netty.channel.nio.NioEventLoop.run(NioEventLoop.java:458)
	at org.apache.ratis.thirdparty.io.netty.util.concurrent.SingleThreadEventExecutor$5.run(SingleThreadEventExecutor.java:897)
	at org.apache.ratis.thirdparty.io.netty.util.concurrent.FastThreadLocalRunnable.run(FastThreadLocalRunnable.java:30)
	... 1 more
Caused by: java.net.ConnectException: Connection refused
	... 11 more
2019-10-14 09:11:52,466 [d1f57701-3fd0-49df-bc3e-2994fc7249db@group-CEABDACBA137:LeaderElection77] INFO  impl.LeaderElection (LogUtils.java:infoOrTrace(149)) -   Exception 1: {}
java.util.concurrent.ExecutionException: org.apache.ratis.thirdparty.io.grpc.StatusRuntimeException: UNAVAILABLE: io exception
	at java.util.concurrent.FutureTask.report(FutureTask.java:122)
	at java.util.concurrent.FutureTask.get(FutureTask.java:192)
	at org.apache.ratis.server.impl.LeaderElection.waitForResults(LeaderElection.java:263)
	at org.apache.ratis.server.impl.LeaderElection.askForVotes(LeaderElection.java:201)
	at org.apache.ratis.server.impl.LeaderElection.run(LeaderElection.java:133)
	at java.lang.Thread.run(Thread.java:748)
Caused by: org.apache.ratis.thirdparty.io.grpc.StatusRuntimeException: UNAVAILABLE: io exception
	at org.apache.ratis.thirdparty.io.grpc.stub.ClientCalls.toStatusRuntimeException(ClientCalls.java:233)
	at org.apache.ratis.thirdparty.io.grpc.stub.ClientCalls.getUnchecked(ClientCalls.java:214)
	at org.apache.ratis.thirdparty.io.grpc.stub.ClientCalls.blockingUnaryCall(ClientCalls.java:139)
	at org.apache.ratis.proto.grpc.RaftServerProtocolServiceGrpc$RaftServerProtocolServiceBlockingStub.requestVote(RaftServerProtocolServiceGrpc.java:265)
	at org.apache.ratis.grpc.server.GrpcServerProtocolClient.requestVote(GrpcServerProtocolClient.java:90)
	at org.apache.ratis.grpc.server.GrpcService.requestVote(GrpcService.java:204)
	at org.apache.ratis.server.impl.LeaderElection.lambda$submitRequests$1(LeaderElection.java:238)
	at java.util.concurrent.FutureTask.run(FutureTask.java:266)
	at java.util.concurrent.Executors$RunnableAdapter.call(Executors.java:511)
	at java.util.concurrent.FutureTask.run(FutureTask.java:266)
	at java.util.concurrent.ThreadPoolExecutor.runWorker(ThreadPoolExecutor.java:1149)
	at java.util.concurrent.ThreadPoolExecutor$Worker.run(ThreadPoolExecutor.java:624)
	... 1 more
Caused by: org.apache.ratis.thirdparty.io.netty.channel.AbstractChannel$AnnotatedConnectException: Connection refused: /192.168.164.214:35977
	at sun.nio.ch.SocketChannelImpl.checkConnect(Native Method)
	at sun.nio.ch.SocketChannelImpl.finishConnect(SocketChannelImpl.java:717)
	at org.apache.ratis.thirdparty.io.netty.channel.socket.nio.NioSocketChannel.doFinishConnect(NioSocketChannel.java:327)
	at org.apache.ratis.thirdparty.io.netty.channel.nio.AbstractNioChannel$AbstractNioUnsafe.finishConnect(AbstractNioChannel.java:340)
	at org.apache.ratis.thirdparty.io.netty.channel.nio.NioEventLoop.processSelectedKey(NioEventLoop.java:632)
	at org.apache.ratis.thirdparty.io.netty.channel.nio.NioEventLoop.processSelectedKeysOptimized(NioEventLoop.java:579)
	at org.apache.ratis.thirdparty.io.netty.channel.nio.NioEventLoop.processSelectedKeys(NioEventLoop.java:496)
	at org.apache.ratis.thirdparty.io.netty.channel.nio.NioEventLoop.run(NioEventLoop.java:458)
	at org.apache.ratis.thirdparty.io.netty.util.concurrent.SingleThreadEventExecutor$5.run(SingleThreadEventExecutor.java:897)
	at org.apache.ratis.thirdparty.io.netty.util.concurrent.FastThreadLocalRunnable.run(FastThreadLocalRunnable.java:30)
	... 1 more
Caused by: java.net.ConnectException: Connection refused
	... 11 more
2019-10-14 09:11:52,466 [d1f57701-3fd0-49df-bc3e-2994fc7249db@group-CEABDACBA137:LeaderElection77] INFO  impl.RaftServerImpl (RaftServerImpl.java:setRole(174)) - d1f57701-3fd0-49df-bc3e-2994fc7249db@group-CEABDACBA137: changes role from CANDIDATE to FOLLOWER at term 15 for DISCOVERED_A_NEW_TERM
2019-10-14 09:11:52,466 [d1f57701-3fd0-49df-bc3e-2994fc7249db@group-CEABDACBA137:LeaderElection77] INFO  impl.RoleInfo (RoleInfo.java:shutdownLeaderElection(134)) - d1f57701-3fd0-49df-bc3e-2994fc7249db: shutdown LeaderElection
2019-10-14 09:11:52,467 [d1f57701-3fd0-49df-bc3e-2994fc7249db@group-CEABDACBA137:LeaderElection77] INFO  impl.RoleInfo (RoleInfo.java:updateAndGet(143)) - d1f57701-3fd0-49df-bc3e-2994fc7249db: start FollowerState
2019-10-14 09:11:53,661 [Thread-1676] INFO  impl.FollowerState (FollowerState.java:run(106)) - d1f57701-3fd0-49df-bc3e-2994fc7249db:group-CEABDACBA137 changes to CANDIDATE, lastRpcTime:1194, electionTimeout:1194ms
2019-10-14 09:11:53,662 [Thread-1676] INFO  impl.RoleInfo (RoleInfo.java:shutdownFollowerState(121)) - d1f57701-3fd0-49df-bc3e-2994fc7249db: shutdown FollowerState
2019-10-14 09:11:53,662 [Thread-1676] INFO  impl.RaftServerImpl (RaftServerImpl.java:setRole(174)) - d1f57701-3fd0-49df-bc3e-2994fc7249db@group-CEABDACBA137: changes role from  FOLLOWER to CANDIDATE at term 15 for changeToCandidate
2019-10-14 09:11:53,663 [Thread-1676] INFO  impl.RoleInfo (RoleInfo.java:updateAndGet(143)) - d1f57701-3fd0-49df-bc3e-2994fc7249db: start LeaderElection
2019-10-14 09:11:53,687 [d1f57701-3fd0-49df-bc3e-2994fc7249db@group-CEABDACBA137:LeaderElection78] INFO  impl.LeaderElection (LeaderElection.java:askForVotes(182)) - d1f57701-3fd0-49df-bc3e-2994fc7249db@group-CEABDACBA137:LeaderElection78: begin an election at term 16 for 0: [aabd13a9-38b1-453f-a600-f425fadd7a8e:192.168.164.214:36671, 585f7a51-f4d3-431b-937d-1c786f624e2b:192.168.164.214:35977, d1f57701-3fd0-49df-bc3e-2994fc7249db:192.168.164.214:43350], old=null
2019-10-14 09:11:53,690 [d1f57701-3fd0-49df-bc3e-2994fc7249db@group-CEABDACBA137:LeaderElection78] INFO  impl.LeaderElection (LogUtils.java:infoOrTrace(149)) - d1f57701-3fd0-49df-bc3e-2994fc7249db@group-CEABDACBA137:LeaderElection78 got exception when requesting votes: {}
java.util.concurrent.ExecutionException: org.apache.ratis.thirdparty.io.grpc.StatusRuntimeException: UNAVAILABLE: io exception
	at java.util.concurrent.FutureTask.report(FutureTask.java:122)
	at java.util.concurrent.FutureTask.get(FutureTask.java:192)
	at org.apache.ratis.server.impl.LeaderElection.waitForResults(LeaderElection.java:263)
	at org.apache.ratis.server.impl.LeaderElection.askForVotes(LeaderElection.java:201)
	at org.apache.ratis.server.impl.LeaderElection.run(LeaderElection.java:133)
	at java.lang.Thread.run(Thread.java:748)
Caused by: org.apache.ratis.thirdparty.io.grpc.StatusRuntimeException: UNAVAILABLE: io exception
	at org.apache.ratis.thirdparty.io.grpc.stub.ClientCalls.toStatusRuntimeException(ClientCalls.java:233)
	at org.apache.ratis.thirdparty.io.grpc.stub.ClientCalls.getUnchecked(ClientCalls.java:214)
	at org.apache.ratis.thirdparty.io.grpc.stub.ClientCalls.blockingUnaryCall(ClientCalls.java:139)
	at org.apache.ratis.proto.grpc.RaftServerProtocolServiceGrpc$RaftServerProtocolServiceBlockingStub.requestVote(RaftServerProtocolServiceGrpc.java:265)
	at org.apache.ratis.grpc.server.GrpcServerProtocolClient.requestVote(GrpcServerProtocolClient.java:90)
	at org.apache.ratis.grpc.server.GrpcService.requestVote(GrpcService.java:204)
	at org.apache.ratis.server.impl.LeaderElection.lambda$submitRequests$1(LeaderElection.java:238)
	at java.util.concurrent.FutureTask.run(FutureTask.java:266)
	at java.util.concurrent.Executors$RunnableAdapter.call(Executors.java:511)
	at java.util.concurrent.FutureTask.run(FutureTask.java:266)
	at java.util.concurrent.ThreadPoolExecutor.runWorker(ThreadPoolExecutor.java:1149)
	at java.util.concurrent.ThreadPoolExecutor$Worker.run(ThreadPoolExecutor.java:624)
	... 1 more
Caused by: org.apache.ratis.thirdparty.io.netty.channel.AbstractChannel$AnnotatedConnectException: Connection refused: /192.168.164.214:36671
	at sun.nio.ch.SocketChannelImpl.checkConnect(Native Method)
	at sun.nio.ch.SocketChannelImpl.finishConnect(SocketChannelImpl.java:717)
	at org.apache.ratis.thirdparty.io.netty.channel.socket.nio.NioSocketChannel.doFinishConnect(NioSocketChannel.java:327)
	at org.apache.ratis.thirdparty.io.netty.channel.nio.AbstractNioChannel$AbstractNioUnsafe.finishConnect(AbstractNioChannel.java:340)
	at org.apache.ratis.thirdparty.io.netty.channel.nio.NioEventLoop.processSelectedKey(NioEventLoop.java:632)
	at org.apache.ratis.thirdparty.io.netty.channel.nio.NioEventLoop.processSelectedKeysOptimized(NioEventLoop.java:579)
	at org.apache.ratis.thirdparty.io.netty.channel.nio.NioEventLoop.processSelectedKeys(NioEventLoop.java:496)
	at org.apache.ratis.thirdparty.io.netty.channel.nio.NioEventLoop.run(NioEventLoop.java:458)
	at org.apache.ratis.thirdparty.io.netty.util.concurrent.SingleThreadEventExecutor$5.run(SingleThreadEventExecutor.java:897)
	at org.apache.ratis.thirdparty.io.netty.util.concurrent.FastThreadLocalRunnable.run(FastThreadLocalRunnable.java:30)
	... 1 more
Caused by: java.net.ConnectException: Connection refused
	... 11 more
2019-10-14 09:11:53,691 [d1f57701-3fd0-49df-bc3e-2994fc7249db@group-CEABDACBA137:LeaderElection78] INFO  impl.LeaderElection (LogUtils.java:infoOrTrace(149)) - d1f57701-3fd0-49df-bc3e-2994fc7249db@group-CEABDACBA137:LeaderElection78 got exception when requesting votes: {}
java.util.concurrent.ExecutionException: org.apache.ratis.thirdparty.io.grpc.StatusRuntimeException: UNAVAILABLE: io exception
	at java.util.concurrent.FutureTask.report(FutureTask.java:122)
	at java.util.concurrent.FutureTask.get(FutureTask.java:192)
	at org.apache.ratis.server.impl.LeaderElection.waitForResults(LeaderElection.java:263)
	at org.apache.ratis.server.impl.LeaderElection.askForVotes(LeaderElection.java:201)
	at org.apache.ratis.server.impl.LeaderElection.run(LeaderElection.java:133)
	at java.lang.Thread.run(Thread.java:748)
Caused by: org.apache.ratis.thirdparty.io.grpc.StatusRuntimeException: UNAVAILABLE: io exception
	at org.apache.ratis.thirdparty.io.grpc.stub.ClientCalls.toStatusRuntimeException(ClientCalls.java:233)
	at org.apache.ratis.thirdparty.io.grpc.stub.ClientCalls.getUnchecked(ClientCalls.java:214)
	at org.apache.ratis.thirdparty.io.grpc.stub.ClientCalls.blockingUnaryCall(ClientCalls.java:139)
	at org.apache.ratis.proto.grpc.RaftServerProtocolServiceGrpc$RaftServerProtocolServiceBlockingStub.requestVote(RaftServerProtocolServiceGrpc.java:265)
	at org.apache.ratis.grpc.server.GrpcServerProtocolClient.requestVote(GrpcServerProtocolClient.java:90)
	at org.apache.ratis.grpc.server.GrpcService.requestVote(GrpcService.java:204)
	at org.apache.ratis.server.impl.LeaderElection.lambda$submitRequests$1(LeaderElection.java:238)
	at java.util.concurrent.FutureTask.run(FutureTask.java:266)
	at java.util.concurrent.Executors$RunnableAdapter.call(Executors.java:511)
	at java.util.concurrent.FutureTask.run(FutureTask.java:266)
	at java.util.concurrent.ThreadPoolExecutor.runWorker(ThreadPoolExecutor.java:1149)
	at java.util.concurrent.ThreadPoolExecutor$Worker.run(ThreadPoolExecutor.java:624)
	... 1 more
Caused by: org.apache.ratis.thirdparty.io.netty.channel.AbstractChannel$AnnotatedConnectException: Connection refused: /192.168.164.214:35977
	at sun.nio.ch.SocketChannelImpl.checkConnect(Native Method)
	at sun.nio.ch.SocketChannelImpl.finishConnect(SocketChannelImpl.java:717)
	at org.apache.ratis.thirdparty.io.netty.channel.socket.nio.NioSocketChannel.doFinishConnect(NioSocketChannel.java:327)
	at org.apache.ratis.thirdparty.io.netty.channel.nio.AbstractNioChannel$AbstractNioUnsafe.finishConnect(AbstractNioChannel.java:340)
	at org.apache.ratis.thirdparty.io.netty.channel.nio.NioEventLoop.processSelectedKey(NioEventLoop.java:632)
	at org.apache.ratis.thirdparty.io.netty.channel.nio.NioEventLoop.processSelectedKeysOptimized(NioEventLoop.java:579)
	at org.apache.ratis.thirdparty.io.netty.channel.nio.NioEventLoop.processSelectedKeys(NioEventLoop.java:496)
	at org.apache.ratis.thirdparty.io.netty.channel.nio.NioEventLoop.run(NioEventLoop.java:458)
	at org.apache.ratis.thirdparty.io.netty.util.concurrent.SingleThreadEventExecutor$5.run(SingleThreadEventExecutor.java:897)
	at org.apache.ratis.thirdparty.io.netty.util.concurrent.FastThreadLocalRunnable.run(FastThreadLocalRunnable.java:30)
	... 1 more
Caused by: java.net.ConnectException: Connection refused
	... 11 more
2019-10-14 09:11:53,692 [d1f57701-3fd0-49df-bc3e-2994fc7249db@group-CEABDACBA137:LeaderElection78] INFO  impl.LeaderElection (LeaderElection.java:logAndReturn(56)) - d1f57701-3fd0-49df-bc3e-2994fc7249db@group-CEABDACBA137:LeaderElection78: Election REJECTED; received 0 response(s) [] and 2 exception(s); d1f57701-3fd0-49df-bc3e-2994fc7249db@group-CEABDACBA137:t16, leader=null, voted=d1f57701-3fd0-49df-bc3e-2994fc7249db, raftlog=d1f57701-3fd0-49df-bc3e-2994fc7249db@group-CEABDACBA137-SegmentedRaftLog:OPENED:c20,f20,i20, conf=0: [aabd13a9-38b1-453f-a600-f425fadd7a8e:192.168.164.214:36671, 585f7a51-f4d3-431b-937d-1c786f624e2b:192.168.164.214:35977, d1f57701-3fd0-49df-bc3e-2994fc7249db:192.168.164.214:43350], old=null
2019-10-14 09:11:53,692 [d1f57701-3fd0-49df-bc3e-2994fc7249db@group-CEABDACBA137:LeaderElection78] INFO  impl.LeaderElection (LogUtils.java:infoOrTrace(149)) -   Exception 0: {}
java.util.concurrent.ExecutionException: org.apache.ratis.thirdparty.io.grpc.StatusRuntimeException: UNAVAILABLE: io exception
	at java.util.concurrent.FutureTask.report(FutureTask.java:122)
	at java.util.concurrent.FutureTask.get(FutureTask.java:192)
	at org.apache.ratis.server.impl.LeaderElection.waitForResults(LeaderElection.java:263)
	at org.apache.ratis.server.impl.LeaderElection.askForVotes(LeaderElection.java:201)
	at org.apache.ratis.server.impl.LeaderElection.run(LeaderElection.java:133)
	at java.lang.Thread.run(Thread.java:748)
Caused by: org.apache.ratis.thirdparty.io.grpc.StatusRuntimeException: UNAVAILABLE: io exception
	at org.apache.ratis.thirdparty.io.grpc.stub.ClientCalls.toStatusRuntimeException(ClientCalls.java:233)
	at org.apache.ratis.thirdparty.io.grpc.stub.ClientCalls.getUnchecked(ClientCalls.java:214)
	at org.apache.ratis.thirdparty.io.grpc.stub.ClientCalls.blockingUnaryCall(ClientCalls.java:139)
	at org.apache.ratis.proto.grpc.RaftServerProtocolServiceGrpc$RaftServerProtocolServiceBlockingStub.requestVote(RaftServerProtocolServiceGrpc.java:265)
	at org.apache.ratis.grpc.server.GrpcServerProtocolClient.requestVote(GrpcServerProtocolClient.java:90)
	at org.apache.ratis.grpc.server.GrpcService.requestVote(GrpcService.java:204)
	at org.apache.ratis.server.impl.LeaderElection.lambda$submitRequests$1(LeaderElection.java:238)
	at java.util.concurrent.FutureTask.run(FutureTask.java:266)
	at java.util.concurrent.Executors$RunnableAdapter.call(Executors.java:511)
	at java.util.concurrent.FutureTask.run(FutureTask.java:266)
	at java.util.concurrent.ThreadPoolExecutor.runWorker(ThreadPoolExecutor.java:1149)
	at java.util.concurrent.ThreadPoolExecutor$Worker.run(ThreadPoolExecutor.java:624)
	... 1 more
Caused by: org.apache.ratis.thirdparty.io.netty.channel.AbstractChannel$AnnotatedConnectException: Connection refused: /192.168.164.214:36671
	at sun.nio.ch.SocketChannelImpl.checkConnect(Native Method)
	at sun.nio.ch.SocketChannelImpl.finishConnect(SocketChannelImpl.java:717)
	at org.apache.ratis.thirdparty.io.netty.channel.socket.nio.NioSocketChannel.doFinishConnect(NioSocketChannel.java:327)
	at org.apache.ratis.thirdparty.io.netty.channel.nio.AbstractNioChannel$AbstractNioUnsafe.finishConnect(AbstractNioChannel.java:340)
	at org.apache.ratis.thirdparty.io.netty.channel.nio.NioEventLoop.processSelectedKey(NioEventLoop.java:632)
	at org.apache.ratis.thirdparty.io.netty.channel.nio.NioEventLoop.processSelectedKeysOptimized(NioEventLoop.java:579)
	at org.apache.ratis.thirdparty.io.netty.channel.nio.NioEventLoop.processSelectedKeys(NioEventLoop.java:496)
	at org.apache.ratis.thirdparty.io.netty.channel.nio.NioEventLoop.run(NioEventLoop.java:458)
	at org.apache.ratis.thirdparty.io.netty.util.concurrent.SingleThreadEventExecutor$5.run(SingleThreadEventExecutor.java:897)
	at org.apache.ratis.thirdparty.io.netty.util.concurrent.FastThreadLocalRunnable.run(FastThreadLocalRunnable.java:30)
	... 1 more
Caused by: java.net.ConnectException: Connection refused
	... 11 more
2019-10-14 09:11:53,692 [d1f57701-3fd0-49df-bc3e-2994fc7249db@group-CEABDACBA137:LeaderElection78] INFO  impl.LeaderElection (LogUtils.java:infoOrTrace(149)) -   Exception 1: {}
java.util.concurrent.ExecutionException: org.apache.ratis.thirdparty.io.grpc.StatusRuntimeException: UNAVAILABLE: io exception
	at java.util.concurrent.FutureTask.report(FutureTask.java:122)
	at java.util.concurrent.FutureTask.get(FutureTask.java:192)
	at org.apache.ratis.server.impl.LeaderElection.waitForResults(LeaderElection.java:263)
	at org.apache.ratis.server.impl.LeaderElection.askForVotes(LeaderElection.java:201)
	at org.apache.ratis.server.impl.LeaderElection.run(LeaderElection.java:133)
	at java.lang.Thread.run(Thread.java:748)
Caused by: org.apache.ratis.thirdparty.io.grpc.StatusRuntimeException: UNAVAILABLE: io exception
	at org.apache.ratis.thirdparty.io.grpc.stub.ClientCalls.toStatusRuntimeException(ClientCalls.java:233)
	at org.apache.ratis.thirdparty.io.grpc.stub.ClientCalls.getUnchecked(ClientCalls.java:214)
	at org.apache.ratis.thirdparty.io.grpc.stub.ClientCalls.blockingUnaryCall(ClientCalls.java:139)
	at org.apache.ratis.proto.grpc.RaftServerProtocolServiceGrpc$RaftServerProtocolServiceBlockingStub.requestVote(RaftServerProtocolServiceGrpc.java:265)
	at org.apache.ratis.grpc.server.GrpcServerProtocolClient.requestVote(GrpcServerProtocolClient.java:90)
	at org.apache.ratis.grpc.server.GrpcService.requestVote(GrpcService.java:204)
	at org.apache.ratis.server.impl.LeaderElection.lambda$submitRequests$1(LeaderElection.java:238)
	at java.util.concurrent.FutureTask.run(FutureTask.java:266)
	at java.util.concurrent.Executors$RunnableAdapter.call(Executors.java:511)
	at java.util.concurrent.FutureTask.run(FutureTask.java:266)
	at java.util.concurrent.ThreadPoolExecutor.runWorker(ThreadPoolExecutor.java:1149)
	at java.util.concurrent.ThreadPoolExecutor$Worker.run(ThreadPoolExecutor.java:624)
	... 1 more
Caused by: org.apache.ratis.thirdparty.io.netty.channel.AbstractChannel$AnnotatedConnectException: Connection refused: /192.168.164.214:35977
	at sun.nio.ch.SocketChannelImpl.checkConnect(Native Method)
	at sun.nio.ch.SocketChannelImpl.finishConnect(SocketChannelImpl.java:717)
	at org.apache.ratis.thirdparty.io.netty.channel.socket.nio.NioSocketChannel.doFinishConnect(NioSocketChannel.java:327)
	at org.apache.ratis.thirdparty.io.netty.channel.nio.AbstractNioChannel$AbstractNioUnsafe.finishConnect(AbstractNioChannel.java:340)
	at org.apache.ratis.thirdparty.io.netty.channel.nio.NioEventLoop.processSelectedKey(NioEventLoop.java:632)
	at org.apache.ratis.thirdparty.io.netty.channel.nio.NioEventLoop.processSelectedKeysOptimized(NioEventLoop.java:579)
	at org.apache.ratis.thirdparty.io.netty.channel.nio.NioEventLoop.processSelectedKeys(NioEventLoop.java:496)
	at org.apache.ratis.thirdparty.io.netty.channel.nio.NioEventLoop.run(NioEventLoop.java:458)
	at org.apache.ratis.thirdparty.io.netty.util.concurrent.SingleThreadEventExecutor$5.run(SingleThreadEventExecutor.java:897)
	at org.apache.ratis.thirdparty.io.netty.util.concurrent.FastThreadLocalRunnable.run(FastThreadLocalRunnable.java:30)
	... 1 more
Caused by: java.net.ConnectException: Connection refused
	... 11 more
2019-10-14 09:11:53,693 [d1f57701-3fd0-49df-bc3e-2994fc7249db@group-CEABDACBA137:LeaderElection78] INFO  impl.RaftServerImpl (RaftServerImpl.java:setRole(174)) - d1f57701-3fd0-49df-bc3e-2994fc7249db@group-CEABDACBA137: changes role from CANDIDATE to FOLLOWER at term 16 for DISCOVERED_A_NEW_TERM
2019-10-14 09:11:53,693 [d1f57701-3fd0-49df-bc3e-2994fc7249db@group-CEABDACBA137:LeaderElection78] INFO  impl.RoleInfo (RoleInfo.java:shutdownLeaderElection(134)) - d1f57701-3fd0-49df-bc3e-2994fc7249db: shutdown LeaderElection
2019-10-14 09:11:53,693 [d1f57701-3fd0-49df-bc3e-2994fc7249db@group-CEABDACBA137:LeaderElection78] INFO  impl.RoleInfo (RoleInfo.java:updateAndGet(143)) - d1f57701-3fd0-49df-bc3e-2994fc7249db: start FollowerState
2019-10-14 09:11:54,192 [main] INFO  ozoneimpl.OzoneContainer (OzoneContainer.java:stop(231)) - Attempting to stop container services.
2019-10-14 09:11:54,192 [ForkJoinPool.commonPool-worker-1] INFO  ozoneimpl.OzoneContainer (OzoneContainer.java:stop(231)) - Attempting to stop container services.
2019-10-14 09:11:54,194 [main] INFO  impl.RaftServerProxy (RaftServerProxy.java:lambda$close$4(314)) - d1f57701-3fd0-49df-bc3e-2994fc7249db: close
2019-10-14 09:11:54,194 [ForkJoinPool.commonPool-worker-1] INFO  impl.RaftServerProxy (RaftServerProxy.java:lambda$close$4(314)) - ae7f4960-f987-43f9-80f9-0ac0ab20aeef: close
2019-10-14 09:11:54,194 [main] INFO  impl.RaftServerImpl (RaftServerImpl.java:lambda$shutdown$3(251)) - d1f57701-3fd0-49df-bc3e-2994fc7249db@group-CEABDACBA137: shutdown
2019-10-14 09:11:54,194 [ForkJoinPool.commonPool-worker-1] INFO  impl.RaftServerImpl (RaftServerImpl.java:lambda$shutdown$3(251)) - ae7f4960-f987-43f9-80f9-0ac0ab20aeef@group-CB7B554BB085: shutdown
2019-10-14 09:11:54,195 [main] INFO  util.JmxRegister (JmxRegister.java:unregister(73)) - Successfully un-registered JMX Bean with object name Ratis:service=RaftServer,group=group-CEABDACBA137,id=d1f57701-3fd0-49df-bc3e-2994fc7249db
2019-10-14 09:11:54,195 [ForkJoinPool.commonPool-worker-1] INFO  util.JmxRegister (JmxRegister.java:unregister(73)) - Successfully un-registered JMX Bean with object name Ratis:service=RaftServer,group=group-CB7B554BB085,id=ae7f4960-f987-43f9-80f9-0ac0ab20aeef
2019-10-14 09:11:54,195 [main] INFO  impl.RoleInfo (RoleInfo.java:shutdownFollowerState(121)) - d1f57701-3fd0-49df-bc3e-2994fc7249db: shutdown FollowerState
2019-10-14 09:11:54,196 [ForkJoinPool.commonPool-worker-1] INFO  impl.RoleInfo (RoleInfo.java:shutdownFollowerState(121)) - ae7f4960-f987-43f9-80f9-0ac0ab20aeef: shutdown FollowerState
2019-10-14 09:11:54,196 [Thread-1686] INFO  impl.FollowerState (FollowerState.java:run(115)) - d1f57701-3fd0-49df-bc3e-2994fc7249db: FollowerState was interrupted: java.lang.InterruptedException: sleep interrupted
2019-10-14 09:11:54,196 [Thread-1391] INFO  impl.FollowerState (FollowerState.java:run(115)) - ae7f4960-f987-43f9-80f9-0ac0ab20aeef: FollowerState was interrupted: java.lang.InterruptedException: sleep interrupted
2019-10-14 09:11:54,196 [main] INFO  impl.StateMachineUpdater (StateMachineUpdater.java:stopAndJoin(125)) - d1f57701-3fd0-49df-bc3e-2994fc7249db@group-CEABDACBA137-StateMachineUpdater: set stopIndex = 20
2019-10-14 09:11:54,196 [ForkJoinPool.commonPool-worker-1] INFO  impl.StateMachineUpdater (StateMachineUpdater.java:stopAndJoin(125)) - ae7f4960-f987-43f9-80f9-0ac0ab20aeef@group-CB7B554BB085-StateMachineUpdater: set stopIndex = 0
2019-10-14 09:11:54,196 [d1f57701-3fd0-49df-bc3e-2994fc7249db@group-CEABDACBA137-StateMachineUpdater] INFO  ratis.ContainerStateMachine (ContainerStateMachine.java:takeSnapshot(289)) - group-CEABDACBA137: Taking a snapshot at:(t:4, i:18) file /workdir/hadoop-ozone/integration-test/target/test-dir/MiniOzoneClusterImpl-7dc343c7-8e33-43f6-86ca-4a53fe0b4b94/datanode-5/data/ratis/1dc6c959-80d5-41ba-9b95-ceabdacba137/sm/snapshot.4_18
2019-10-14 09:11:54,197 [ForkJoinPool.commonPool-worker-1] INFO  impl.RaftServerImpl (ServerState.java:close(385)) - ae7f4960-f987-43f9-80f9-0ac0ab20aeef@group-CB7B554BB085: closes. applyIndex: 0
2019-10-14 09:11:54,198 [ae7f4960-f987-43f9-80f9-0ac0ab20aeef@group-CB7B554BB085-SegmentedRaftLogWorker] INFO  segmented.SegmentedRaftLogWorker (SegmentedRaftLogWorker.java:run(313)) - ae7f4960-f987-43f9-80f9-0ac0ab20aeef@group-CB7B554BB085-SegmentedRaftLogWorker was interrupted, exiting. There are 0 tasks remaining in the queue.
2019-10-14 09:11:54,203 [ForkJoinPool.commonPool-worker-1] INFO  segmented.SegmentedRaftLogWorker (SegmentedRaftLogWorker.java:close(228)) - ae7f4960-f987-43f9-80f9-0ac0ab20aeef@group-CB7B554BB085-SegmentedRaftLogWorker close()
2019-10-14 09:11:54,205 [ForkJoinPool.commonPool-worker-1] INFO  impl.RaftServerImpl (RaftServerImpl.java:lambda$shutdown$3(251)) - ae7f4960-f987-43f9-80f9-0ac0ab20aeef@group-775D1BBE33D1: shutdown
2019-10-14 09:11:54,205 [ForkJoinPool.commonPool-worker-1] INFO  util.JmxRegister (JmxRegister.java:unregister(73)) - Successfully un-registered JMX Bean with object name Ratis:service=RaftServer,group=group-775D1BBE33D1,id=ae7f4960-f987-43f9-80f9-0ac0ab20aeef
2019-10-14 09:11:54,205 [ForkJoinPool.commonPool-worker-1] INFO  impl.RoleInfo (RoleInfo.java:shutdownLeaderState(104)) - ae7f4960-f987-43f9-80f9-0ac0ab20aeef: shutdown LeaderState
2019-10-14 09:11:54,205 [ForkJoinPool.commonPool-worker-1] INFO  impl.PendingRequests (PendingRequests.java:sendNotLeaderResponses(202)) - ae7f4960-f987-43f9-80f9-0ac0ab20aeef-PendingRequests: sendNotLeaderResponses
2019-10-14 09:11:54,206 [ForkJoinPool.commonPool-worker-1] INFO  impl.StateMachineUpdater (StateMachineUpdater.java:stopAndJoin(125)) - ae7f4960-f987-43f9-80f9-0ac0ab20aeef@group-775D1BBE33D1-StateMachineUpdater: set stopIndex = 0
2019-10-14 09:11:54,206 [ForkJoinPool.commonPool-worker-1] INFO  impl.RaftServerImpl (ServerState.java:close(385)) - ae7f4960-f987-43f9-80f9-0ac0ab20aeef@group-775D1BBE33D1: closes. applyIndex: 0
2019-10-14 09:11:54,207 [ae7f4960-f987-43f9-80f9-0ac0ab20aeef@group-775D1BBE33D1-SegmentedRaftLogWorker] INFO  segmented.SegmentedRaftLogWorker (SegmentedRaftLogWorker.java:run(313)) - ae7f4960-f987-43f9-80f9-0ac0ab20aeef@group-775D1BBE33D1-SegmentedRaftLogWorker was interrupted, exiting. There are 0 tasks remaining in the queue.
2019-10-14 09:11:54,208 [ForkJoinPool.commonPool-worker-1] INFO  segmented.SegmentedRaftLogWorker (SegmentedRaftLogWorker.java:close(228)) - ae7f4960-f987-43f9-80f9-0ac0ab20aeef@group-775D1BBE33D1-SegmentedRaftLogWorker close()
2019-10-14 09:11:54,210 [ForkJoinPool.commonPool-worker-1] INFO  server.GrpcService (GrpcService.java:closeImpl(164)) - ae7f4960-f987-43f9-80f9-0ac0ab20aeef: shutdown server with port 35598 now
2019-10-14 09:11:54,212 [grpc-default-executor-5] WARN  server.GrpcServerProtocolService (LogUtils.java:warn(134)) - ae7f4960-f987-43f9-80f9-0ac0ab20aeef: installSnapshot onError, lastRequest: b00e6ee9-b720-4122-89a6-a6b803fd6604->ae7f4960-f987-43f9-80f9-0ac0ab20aeef#55-t4, previous=(t:4, i:0), leaderCommit=0, initializing? false, entries: <empty>: org.apache.ratis.thirdparty.io.grpc.StatusRuntimeException: CANCELLED: cancelled before receiving half close
2019-10-14 09:11:54,212 [ForkJoinPool.commonPool-worker-1] INFO  server.GrpcService (GrpcService.java:closeImpl(172)) - ae7f4960-f987-43f9-80f9-0ac0ab20aeef: shutdown server with port 35598 successfully
2019-10-14 09:11:54,213 [grpc-default-executor-3] WARN  server.GrpcLogAppender (LogUtils.java:warn(134)) - b00e6ee9-b720-4122-89a6-a6b803fd6604@group-CB7B554BB085->ae7f4960-f987-43f9-80f9-0ac0ab20aeef-AppendLogResponseHandler: Failed appendEntries: org.apache.ratis.thirdparty.io.grpc.StatusRuntimeException: CANCELLED: HTTP/2 error code: CANCEL
Received Rst Stream
2019-10-14 09:11:54,213 [grpc-default-executor-3] INFO  impl.FollowerInfo (FollowerInfo.java:lambda$new$0(51)) - b00e6ee9-b720-4122-89a6-a6b803fd6604@group-CB7B554BB085->ae7f4960-f987-43f9-80f9-0ac0ab20aeef: nextIndex: updateUnconditionally 1 -> 0
2019-10-14 09:11:54,221 [refreshUsed-/workdir/hadoop-ozone/integration-test/target/test-dir/MiniOzoneClusterImpl-7dc343c7-8e33-43f6-86ca-4a53fe0b4b94/datanode-2/data/containers] WARN  fs.CachingGetSpaceUsed (CachingGetSpaceUsed.java:run(183)) - Thread Interrupted waiting to refresh disk information: sleep interrupted
2019-10-14 09:11:54,221 [d1f57701-3fd0-49df-bc3e-2994fc7249db@group-CEABDACBA137-StateMachineUpdater] INFO  ratis.ContainerStateMachine (ContainerStateMachine.java:takeSnapshot(300)) - group-CEABDACBA137: Finished taking a snapshot at:(t:4, i:18) file:/workdir/hadoop-ozone/integration-test/target/test-dir/MiniOzoneClusterImpl-7dc343c7-8e33-43f6-86ca-4a53fe0b4b94/datanode-5/data/ratis/1dc6c959-80d5-41ba-9b95-ceabdacba137/sm/snapshot.4_18 time:25
2019-10-14 09:11:54,221 [d1f57701-3fd0-49df-bc3e-2994fc7249db@group-CEABDACBA137-StateMachineUpdater] INFO  impl.StateMachineUpdater (StateMachineUpdater.java:takeSnapshot(258)) - d1f57701-3fd0-49df-bc3e-2994fc7249db@group-CEABDACBA137-StateMachineUpdater: Took a snapshot at index 18
2019-10-14 09:11:54,221 [d1f57701-3fd0-49df-bc3e-2994fc7249db@group-CEABDACBA137-StateMachineUpdater] INFO  impl.StateMachineUpdater (StateMachineUpdater.java:lambda$new$0(83)) - d1f57701-3fd0-49df-bc3e-2994fc7249db@group-CEABDACBA137-StateMachineUpdater: snapshotIndex: updateIncreasingly -1 -> 18
2019-10-14 09:11:54,222 [d1f57701-3fd0-49df-bc3e-2994fc7249db@group-CEABDACBA137-StateMachineUpdater] INFO  ratis.ContainerStateMachine (ContainerStateMachine.java:takeSnapshot(289)) - group-CEABDACBA137: Taking a snapshot at:(t:4, i:18) file /workdir/hadoop-ozone/integration-test/target/test-dir/MiniOzoneClusterImpl-7dc343c7-8e33-43f6-86ca-4a53fe0b4b94/datanode-5/data/ratis/1dc6c959-80d5-41ba-9b95-ceabdacba137/sm/snapshot.4_18
2019-10-14 09:11:54,235 [ForkJoinPool.commonPool-worker-1] INFO  utils.BackgroundService (BackgroundService.java:shutdown(148)) - Shutting down service BlockDeletingService
2019-10-14 09:11:54,239 [ForkJoinPool.commonPool-worker-1] INFO  statemachine.DatanodeStateMachine (DatanodeStateMachine.java:stopDaemon(395)) - Ozone container server stopped.
2019-10-14 09:11:54,244 [d1f57701-3fd0-49df-bc3e-2994fc7249db@group-CEABDACBA137-StateMachineUpdater] INFO  ratis.ContainerStateMachine (ContainerStateMachine.java:takeSnapshot(300)) - group-CEABDACBA137: Finished taking a snapshot at:(t:4, i:18) file:/workdir/hadoop-ozone/integration-test/target/test-dir/MiniOzoneClusterImpl-7dc343c7-8e33-43f6-86ca-4a53fe0b4b94/datanode-5/data/ratis/1dc6c959-80d5-41ba-9b95-ceabdacba137/sm/snapshot.4_18 time:22
2019-10-14 09:11:54,244 [d1f57701-3fd0-49df-bc3e-2994fc7249db@group-CEABDACBA137-StateMachineUpdater] INFO  impl.StateMachineUpdater (StateMachineUpdater.java:takeSnapshot(258)) - d1f57701-3fd0-49df-bc3e-2994fc7249db@group-CEABDACBA137-StateMachineUpdater: Took a snapshot at index 18
2019-10-14 09:11:54,244 [d1f57701-3fd0-49df-bc3e-2994fc7249db@group-CEABDACBA137-StateMachineUpdater] INFO  impl.StateMachineUpdater (StateMachineUpdater.java:lambda$new$0(83)) - d1f57701-3fd0-49df-bc3e-2994fc7249db@group-CEABDACBA137-StateMachineUpdater: snapshotIndex: updateIncreasingly 18 -> 18
2019-10-14 09:11:54,244 [main] INFO  impl.RaftServerImpl (ServerState.java:close(385)) - d1f57701-3fd0-49df-bc3e-2994fc7249db@group-CEABDACBA137: closes. applyIndex: 20
2019-10-14 09:11:54,245 [d1f57701-3fd0-49df-bc3e-2994fc7249db@group-CEABDACBA137-SegmentedRaftLogWorker] INFO  segmented.SegmentedRaftLogWorker (SegmentedRaftLogWorker.java:run(313)) - d1f57701-3fd0-49df-bc3e-2994fc7249db@group-CEABDACBA137-SegmentedRaftLogWorker was interrupted, exiting. There are 0 tasks remaining in the queue.
2019-10-14 09:11:54,246 [main] INFO  segmented.SegmentedRaftLogWorker (SegmentedRaftLogWorker.java:close(228)) - d1f57701-3fd0-49df-bc3e-2994fc7249db@group-CEABDACBA137-SegmentedRaftLogWorker close()
2019-10-14 09:11:54,248 [main] INFO  impl.RaftServerImpl (RaftServerImpl.java:lambda$shutdown$3(251)) - d1f57701-3fd0-49df-bc3e-2994fc7249db@group-A7EABF05E167: shutdown
2019-10-14 09:11:54,248 [main] INFO  util.JmxRegister (JmxRegister.java:unregister(73)) - Successfully un-registered JMX Bean with object name Ratis:service=RaftServer,group=group-A7EABF05E167,id=d1f57701-3fd0-49df-bc3e-2994fc7249db
2019-10-14 09:11:54,248 [main] INFO  impl.RoleInfo (RoleInfo.java:shutdownLeaderState(104)) - d1f57701-3fd0-49df-bc3e-2994fc7249db: shutdown LeaderState
2019-10-14 09:11:54,248 [main] INFO  impl.PendingRequests (PendingRequests.java:sendNotLeaderResponses(202)) - d1f57701-3fd0-49df-bc3e-2994fc7249db-PendingRequests: sendNotLeaderResponses
2019-10-14 09:11:54,249 [main] INFO  impl.StateMachineUpdater (StateMachineUpdater.java:stopAndJoin(125)) - d1f57701-3fd0-49df-bc3e-2994fc7249db@group-A7EABF05E167-StateMachineUpdater: set stopIndex = 0
2019-10-14 09:11:54,249 [main] INFO  impl.RaftServerImpl (ServerState.java:close(385)) - d1f57701-3fd0-49df-bc3e-2994fc7249db@group-A7EABF05E167: closes. applyIndex: 0
2019-10-14 09:11:54,249 [d1f57701-3fd0-49df-bc3e-2994fc7249db@group-A7EABF05E167-SegmentedRaftLogWorker] INFO  segmented.SegmentedRaftLogWorker (SegmentedRaftLogWorker.java:run(313)) - d1f57701-3fd0-49df-bc3e-2994fc7249db@group-A7EABF05E167-SegmentedRaftLogWorker was interrupted, exiting. There are 0 tasks remaining in the queue.
2019-10-14 09:11:54,251 [main] INFO  segmented.SegmentedRaftLogWorker (SegmentedRaftLogWorker.java:close(228)) - d1f57701-3fd0-49df-bc3e-2994fc7249db@group-A7EABF05E167-SegmentedRaftLogWorker close()
2019-10-14 09:11:54,252 [main] INFO  server.GrpcService (GrpcService.java:closeImpl(164)) - d1f57701-3fd0-49df-bc3e-2994fc7249db: shutdown server with port 43350 now
2019-10-14 09:11:54,252 [main] INFO  server.GrpcService (GrpcService.java:closeImpl(172)) - d1f57701-3fd0-49df-bc3e-2994fc7249db: shutdown server with port 43350 successfully
2019-10-14 09:11:54,254 [refreshUsed-/workdir/hadoop-ozone/integration-test/target/test-dir/MiniOzoneClusterImpl-7dc343c7-8e33-43f6-86ca-4a53fe0b4b94/datanode-5/data/containers] WARN  fs.CachingGetSpaceUsed (CachingGetSpaceUsed.java:run(183)) - Thread Interrupted waiting to refresh disk information: sleep interrupted
2019-10-14 09:11:54,268 [main] INFO  utils.BackgroundService (BackgroundService.java:shutdown(148)) - Shutting down service BlockDeletingService
2019-10-14 09:11:54,271 [main] INFO  statemachine.DatanodeStateMachine (DatanodeStateMachine.java:stopDaemon(395)) - Ozone container server stopped.
2019-10-14 09:11:54,488 [grpc-default-executor-3] WARN  server.GrpcLogAppender (LogUtils.java:warn(134)) - b00e6ee9-b720-4122-89a6-a6b803fd6604@group-CB7B554BB085->ae7f4960-f987-43f9-80f9-0ac0ab20aeef-AppendLogResponseHandler: Failed appendEntries: org.apache.ratis.thirdparty.io.grpc.StatusRuntimeException: UNAVAILABLE: io exception
2019-10-14 09:11:54,488 [grpc-default-executor-3] INFO  impl.FollowerInfo (FollowerInfo.java:lambda$new$0(51)) - b00e6ee9-b720-4122-89a6-a6b803fd6604@group-CB7B554BB085->ae7f4960-f987-43f9-80f9-0ac0ab20aeef: nextIndex: updateUnconditionally 0 -> 0
2019-10-14 09:11:54,871 [ForkJoinPool.commonPool-worker-1] INFO  handler.ContextHandler (ContextHandler.java:doStop(910)) - Stopped o.e.j.w.WebAppContext@2b916808{/,null,UNAVAILABLE}{/hddsDatanode}
2019-10-14 09:11:54,871 [main] INFO  handler.ContextHandler (ContextHandler.java:doStop(910)) - Stopped o.e.j.w.WebAppContext@11b32a14{/,null,UNAVAILABLE}{/hddsDatanode}
2019-10-14 09:11:54,872 [ForkJoinPool.commonPool-worker-1] INFO  server.AbstractConnector (AbstractConnector.java:doStop(318)) - Stopped ServerConnector@62f11ebb{HTTP/1.1,[http/1.1]}{0.0.0.0:0}
2019-10-14 09:11:54,872 [main] INFO  server.AbstractConnector (AbstractConnector.java:doStop(318)) - Stopped ServerConnector@1c33e528{HTTP/1.1,[http/1.1]}{0.0.0.0:0}
2019-10-14 09:11:54,874 [ForkJoinPool.commonPool-worker-1] INFO  handler.ContextHandler (ContextHandler.java:doStop(910)) - Stopped o.e.j.s.ServletContextHandler@79f90a3a{/static,jar:file:/home/user/.m2/repository/org/apache/hadoop/hadoop-hdds-container-service/0.5.0-SNAPSHOT/hadoop-hdds-container-service-0.5.0-SNAPSHOT.jar!/webapps/static,UNAVAILABLE}
2019-10-14 09:11:54,874 [main] INFO  handler.ContextHandler (ContextHandler.java:doStop(910)) - Stopped o.e.j.s.ServletContextHandler@41d16cc3{/static,jar:file:/home/user/.m2/repository/org/apache/hadoop/hadoop-hdds-container-service/0.5.0-SNAPSHOT/hadoop-hdds-container-service-0.5.0-SNAPSHOT.jar!/webapps/static,UNAVAILABLE}
2019-10-14 09:11:54,875 [ForkJoinPool.commonPool-worker-1] INFO  handler.ContextHandler (ContextHandler.java:doStop(910)) - Stopped o.e.j.s.ServletContextHandler@45900b64{/logs,file:///workdir/hadoop-ozone/integration-test/target/log,UNAVAILABLE}
2019-10-14 09:11:54,876 [main] INFO  handler.ContextHandler (ContextHandler.java:doStop(910)) - Stopped o.e.j.s.ServletContextHandler@7c369270{/logs,file:///workdir/hadoop-ozone/integration-test/target/log,UNAVAILABLE}
2019-10-14 09:11:54,965 [Datanode State Machine Thread - 0] INFO  statemachine.DatanodeStateMachine (DatanodeStateMachine.java:lambda$startDaemon$0(350)) - Ozone container server started.
2019-10-14 09:11:54,988 [grpc-default-executor-1] WARN  server.GrpcLogAppender (LogUtils.java:warn(134)) - b00e6ee9-b720-4122-89a6-a6b803fd6604@group-CB7B554BB085->ae7f4960-f987-43f9-80f9-0ac0ab20aeef-AppendLogResponseHandler: Failed appendEntries: org.apache.ratis.thirdparty.io.grpc.StatusRuntimeException: UNAVAILABLE: io exception
2019-10-14 09:11:54,989 [grpc-default-executor-1] INFO  impl.FollowerInfo (FollowerInfo.java:lambda$new$0(51)) - b00e6ee9-b720-4122-89a6-a6b803fd6604@group-CB7B554BB085->ae7f4960-f987-43f9-80f9-0ac0ab20aeef: nextIndex: updateUnconditionally 0 -> 0
2019-10-14 09:11:55,215 [Datanode State Machine Thread - 0] INFO  statemachine.DatanodeStateMachine (DatanodeStateMachine.java:lambda$startDaemon$0(350)) - Ozone container server started.
2019-10-14 09:11:55,490 [grpc-default-executor-5] WARN  server.GrpcLogAppender (LogUtils.java:warn(134)) - b00e6ee9-b720-4122-89a6-a6b803fd6604@group-CB7B554BB085->ae7f4960-f987-43f9-80f9-0ac0ab20aeef-AppendLogResponseHandler: Failed appendEntries: org.apache.ratis.thirdparty.io.grpc.StatusRuntimeException: UNAVAILABLE: io exception
2019-10-14 09:11:55,490 [grpc-default-executor-5] INFO  impl.FollowerInfo (FollowerInfo.java:lambda$new$0(51)) - b00e6ee9-b720-4122-89a6-a6b803fd6604@group-CB7B554BB085->ae7f4960-f987-43f9-80f9-0ac0ab20aeef: nextIndex: updateUnconditionally 0 -> 0
2019-10-14 09:11:55,991 [grpc-default-executor-3] WARN  server.GrpcLogAppender (LogUtils.java:warn(134)) - b00e6ee9-b720-4122-89a6-a6b803fd6604@group-CB7B554BB085->ae7f4960-f987-43f9-80f9-0ac0ab20aeef-AppendLogResponseHandler: Failed appendEntries: org.apache.ratis.thirdparty.io.grpc.StatusRuntimeException: UNAVAILABLE: io exception
2019-10-14 09:11:55,991 [grpc-default-executor-3] INFO  impl.FollowerInfo (FollowerInfo.java:lambda$new$0(51)) - b00e6ee9-b720-4122-89a6-a6b803fd6604@group-CB7B554BB085->ae7f4960-f987-43f9-80f9-0ac0ab20aeef: nextIndex: updateUnconditionally 0 -> 0
2019-10-14 09:11:56,491 [grpc-default-executor-1] WARN  server.GrpcLogAppender (LogUtils.java:warn(134)) - b00e6ee9-b720-4122-89a6-a6b803fd6604@group-CB7B554BB085->ae7f4960-f987-43f9-80f9-0ac0ab20aeef-AppendLogResponseHandler: Failed appendEntries: org.apache.ratis.thirdparty.io.grpc.StatusRuntimeException: UNAVAILABLE: io exception
2019-10-14 09:11:56,491 [grpc-default-executor-1] INFO  impl.FollowerInfo (FollowerInfo.java:lambda$new$0(51)) - b00e6ee9-b720-4122-89a6-a6b803fd6604@group-CB7B554BB085->ae7f4960-f987-43f9-80f9-0ac0ab20aeef: nextIndex: updateUnconditionally 0 -> 0
2019-10-14 09:11:56,992 [grpc-default-executor-5] WARN  server.GrpcLogAppender (LogUtils.java:warn(134)) - b00e6ee9-b720-4122-89a6-a6b803fd6604@group-CB7B554BB085->ae7f4960-f987-43f9-80f9-0ac0ab20aeef-AppendLogResponseHandler: Failed appendEntries: org.apache.ratis.thirdparty.io.grpc.StatusRuntimeException: UNAVAILABLE: io exception
2019-10-14 09:11:56,992 [grpc-default-executor-5] INFO  impl.FollowerInfo (FollowerInfo.java:lambda$new$0(51)) - b00e6ee9-b720-4122-89a6-a6b803fd6604@group-CB7B554BB085->ae7f4960-f987-43f9-80f9-0ac0ab20aeef: nextIndex: updateUnconditionally 0 -> 0
2019-10-14 09:11:57,493 [grpc-default-executor-3] WARN  server.GrpcLogAppender (LogUtils.java:warn(134)) - b00e6ee9-b720-4122-89a6-a6b803fd6604@group-CB7B554BB085->ae7f4960-f987-43f9-80f9-0ac0ab20aeef-AppendLogResponseHandler: Failed appendEntries: org.apache.ratis.thirdparty.io.grpc.StatusRuntimeException: UNAVAILABLE: io exception
2019-10-14 09:11:57,493 [grpc-default-executor-3] INFO  impl.FollowerInfo (FollowerInfo.java:lambda$new$0(51)) - b00e6ee9-b720-4122-89a6-a6b803fd6604@group-CB7B554BB085->ae7f4960-f987-43f9-80f9-0ac0ab20aeef: nextIndex: updateUnconditionally 0 -> 0
2019-10-14 09:11:57,994 [grpc-default-executor-3] WARN  server.GrpcLogAppender (LogUtils.java:warn(134)) - b00e6ee9-b720-4122-89a6-a6b803fd6604@group-CB7B554BB085->ae7f4960-f987-43f9-80f9-0ac0ab20aeef-AppendLogResponseHandler: Failed appendEntries: org.apache.ratis.thirdparty.io.grpc.StatusRuntimeException: UNAVAILABLE: io exception
2019-10-14 09:11:57,995 [grpc-default-executor-3] INFO  impl.FollowerInfo (FollowerInfo.java:lambda$new$0(51)) - b00e6ee9-b720-4122-89a6-a6b803fd6604@group-CB7B554BB085->ae7f4960-f987-43f9-80f9-0ac0ab20aeef: nextIndex: updateUnconditionally 0 -> 0
2019-10-14 09:11:58,496 [grpc-default-executor-3] WARN  server.GrpcLogAppender (LogUtils.java:warn(134)) - b00e6ee9-b720-4122-89a6-a6b803fd6604@group-CB7B554BB085->ae7f4960-f987-43f9-80f9-0ac0ab20aeef-AppendLogResponseHandler: Failed appendEntries: org.apache.ratis.thirdparty.io.grpc.StatusRuntimeException: UNAVAILABLE: io exception
2019-10-14 09:11:58,497 [grpc-default-executor-3] INFO  impl.FollowerInfo (FollowerInfo.java:lambda$new$0(51)) - b00e6ee9-b720-4122-89a6-a6b803fd6604@group-CB7B554BB085->ae7f4960-f987-43f9-80f9-0ac0ab20aeef: nextIndex: updateUnconditionally 0 -> 0
2019-10-14 09:11:59,000 [grpc-default-executor-1] WARN  server.GrpcLogAppender (LogUtils.java:warn(134)) - b00e6ee9-b720-4122-89a6-a6b803fd6604@group-CB7B554BB085->ae7f4960-f987-43f9-80f9-0ac0ab20aeef-AppendLogResponseHandler: Failed appendEntries: org.apache.ratis.thirdparty.io.grpc.StatusRuntimeException: UNAVAILABLE: io exception
2019-10-14 09:11:59,001 [grpc-default-executor-1] INFO  impl.FollowerInfo (FollowerInfo.java:lambda$new$0(51)) - b00e6ee9-b720-4122-89a6-a6b803fd6604@group-CB7B554BB085->ae7f4960-f987-43f9-80f9-0ac0ab20aeef: nextIndex: updateUnconditionally 0 -> 0
2019-10-14 09:11:59,499 [grpc-default-executor-5] WARN  server.GrpcLogAppender (LogUtils.java:warn(134)) - b00e6ee9-b720-4122-89a6-a6b803fd6604@group-CB7B554BB085->ae7f4960-f987-43f9-80f9-0ac0ab20aeef-AppendLogResponseHandler: Failed appendEntries: org.apache.ratis.thirdparty.io.grpc.StatusRuntimeException: UNAVAILABLE: io exception
2019-10-14 09:11:59,500 [grpc-default-executor-5] INFO  impl.FollowerInfo (FollowerInfo.java:lambda$new$0(51)) - b00e6ee9-b720-4122-89a6-a6b803fd6604@group-CB7B554BB085->ae7f4960-f987-43f9-80f9-0ac0ab20aeef: nextIndex: updateUnconditionally 0 -> 0
2019-10-14 09:11:59,879 [ForkJoinPool.commonPool-worker-1] INFO  ozoneimpl.OzoneContainer (OzoneContainer.java:stop(231)) - Attempting to stop container services.
2019-10-14 09:11:59,879 [main] INFO  ozoneimpl.OzoneContainer (OzoneContainer.java:stop(231)) - Attempting to stop container services.
2019-10-14 09:11:59,881 [ForkJoinPool.commonPool-worker-1] INFO  impl.RaftServerProxy (RaftServerProxy.java:lambda$close$4(314)) - 501dc7b9-491d-40e1-8cdc-2c9c2160e0a9: close
2019-10-14 09:11:59,881 [main] INFO  impl.RaftServerProxy (RaftServerProxy.java:lambda$close$4(314)) - b00e6ee9-b720-4122-89a6-a6b803fd6604: close
2019-10-14 09:11:59,882 [ForkJoinPool.commonPool-worker-1] INFO  impl.RaftServerImpl (RaftServerImpl.java:lambda$shutdown$3(251)) - 501dc7b9-491d-40e1-8cdc-2c9c2160e0a9@group-873CF833867B: shutdown
2019-10-14 09:11:59,882 [main] INFO  impl.RaftServerImpl (RaftServerImpl.java:lambda$shutdown$3(251)) - b00e6ee9-b720-4122-89a6-a6b803fd6604@group-FE57A3C8E3B7: shutdown
2019-10-14 09:11:59,882 [ForkJoinPool.commonPool-worker-1] INFO  util.JmxRegister (JmxRegister.java:unregister(73)) - Successfully un-registered JMX Bean with object name Ratis:service=RaftServer,group=group-873CF833867B,id=501dc7b9-491d-40e1-8cdc-2c9c2160e0a9
2019-10-14 09:11:59,882 [main] INFO  util.JmxRegister (JmxRegister.java:unregister(73)) - Successfully un-registered JMX Bean with object name Ratis:service=RaftServer,group=group-FE57A3C8E3B7,id=b00e6ee9-b720-4122-89a6-a6b803fd6604
2019-10-14 09:11:59,883 [ForkJoinPool.commonPool-worker-1] INFO  impl.RoleInfo (RoleInfo.java:shutdownLeaderState(104)) - 501dc7b9-491d-40e1-8cdc-2c9c2160e0a9: shutdown LeaderState
2019-10-14 09:11:59,883 [main] INFO  impl.RoleInfo (RoleInfo.java:shutdownLeaderState(104)) - b00e6ee9-b720-4122-89a6-a6b803fd6604: shutdown LeaderState
2019-10-14 09:11:59,883 [ForkJoinPool.commonPool-worker-1] INFO  impl.PendingRequests (PendingRequests.java:sendNotLeaderResponses(202)) - 501dc7b9-491d-40e1-8cdc-2c9c2160e0a9-PendingRequests: sendNotLeaderResponses
2019-10-14 09:11:59,884 [main] INFO  impl.PendingRequests (PendingRequests.java:sendNotLeaderResponses(202)) - b00e6ee9-b720-4122-89a6-a6b803fd6604-PendingRequests: sendNotLeaderResponses
2019-10-14 09:11:59,884 [ForkJoinPool.commonPool-worker-1] INFO  impl.StateMachineUpdater (StateMachineUpdater.java:stopAndJoin(125)) - 501dc7b9-491d-40e1-8cdc-2c9c2160e0a9@group-873CF833867B-StateMachineUpdater: set stopIndex = 0
2019-10-14 09:11:59,885 [main] INFO  impl.StateMachineUpdater (StateMachineUpdater.java:stopAndJoin(125)) - b00e6ee9-b720-4122-89a6-a6b803fd6604@group-FE57A3C8E3B7-StateMachineUpdater: set stopIndex = 0
2019-10-14 09:11:59,885 [ForkJoinPool.commonPool-worker-1] INFO  impl.RaftServerImpl (ServerState.java:close(385)) - 501dc7b9-491d-40e1-8cdc-2c9c2160e0a9@group-873CF833867B: closes. applyIndex: 0
2019-10-14 09:11:59,885 [main] INFO  impl.RaftServerImpl (ServerState.java:close(385)) - b00e6ee9-b720-4122-89a6-a6b803fd6604@group-FE57A3C8E3B7: closes. applyIndex: 0
2019-10-14 09:11:59,886 [501dc7b9-491d-40e1-8cdc-2c9c2160e0a9@group-873CF833867B-SegmentedRaftLogWorker] INFO  segmented.SegmentedRaftLogWorker (SegmentedRaftLogWorker.java:run(313)) - 501dc7b9-491d-40e1-8cdc-2c9c2160e0a9@group-873CF833867B-SegmentedRaftLogWorker was interrupted, exiting. There are 0 tasks remaining in the queue.
2019-10-14 09:11:59,886 [b00e6ee9-b720-4122-89a6-a6b803fd6604@group-FE57A3C8E3B7-SegmentedRaftLogWorker] INFO  segmented.SegmentedRaftLogWorker (SegmentedRaftLogWorker.java:run(313)) - b00e6ee9-b720-4122-89a6-a6b803fd6604@group-FE57A3C8E3B7-SegmentedRaftLogWorker was interrupted, exiting. There are 0 tasks remaining in the queue.
2019-10-14 09:11:59,892 [main] INFO  segmented.SegmentedRaftLogWorker (SegmentedRaftLogWorker.java:close(228)) - b00e6ee9-b720-4122-89a6-a6b803fd6604@group-FE57A3C8E3B7-SegmentedRaftLogWorker close()
2019-10-14 09:11:59,892 [ForkJoinPool.commonPool-worker-1] INFO  segmented.SegmentedRaftLogWorker (SegmentedRaftLogWorker.java:close(228)) - 501dc7b9-491d-40e1-8cdc-2c9c2160e0a9@group-873CF833867B-SegmentedRaftLogWorker close()
2019-10-14 09:11:59,894 [main] INFO  impl.RaftServerImpl (RaftServerImpl.java:lambda$shutdown$3(251)) - b00e6ee9-b720-4122-89a6-a6b803fd6604@group-CB7B554BB085: shutdown
2019-10-14 09:11:59,902 [ForkJoinPool.commonPool-worker-1] INFO  impl.RaftServerImpl (RaftServerImpl.java:lambda$shutdown$3(251)) - 501dc7b9-491d-40e1-8cdc-2c9c2160e0a9@group-CB7B554BB085: shutdown
2019-10-14 09:11:59,903 [main] INFO  util.JmxRegister (JmxRegister.java:unregister(73)) - Successfully un-registered JMX Bean with object name Ratis:service=RaftServer,group=group-CB7B554BB085,id=b00e6ee9-b720-4122-89a6-a6b803fd6604
2019-10-14 09:11:59,903 [ForkJoinPool.commonPool-worker-1] INFO  util.JmxRegister (JmxRegister.java:unregister(73)) - Successfully un-registered JMX Bean with object name Ratis:service=RaftServer,group=group-CB7B554BB085,id=501dc7b9-491d-40e1-8cdc-2c9c2160e0a9
2019-10-14 09:11:59,903 [main] INFO  impl.RoleInfo (RoleInfo.java:shutdownLeaderState(104)) - b00e6ee9-b720-4122-89a6-a6b803fd6604: shutdown LeaderState
2019-10-14 09:11:59,903 [ForkJoinPool.commonPool-worker-1] INFO  impl.RoleInfo (RoleInfo.java:shutdownFollowerState(121)) - 501dc7b9-491d-40e1-8cdc-2c9c2160e0a9: shutdown FollowerState
2019-10-14 09:11:59,906 [org.apache.ratis.server.impl.LogAppender$AppenderDaemon$$Lambda$600/358113510@1570bf7f] WARN  server.GrpcLogAppender (GrpcLogAppender.java:mayWait(143)) - b00e6ee9-b720-4122-89a6-a6b803fd6604@group-CB7B554BB085->ae7f4960-f987-43f9-80f9-0ac0ab20aeef-GrpcLogAppender: Wait interrupted by java.lang.InterruptedException
2019-10-14 09:11:59,906 [org.apache.ratis.server.impl.LogAppender$AppenderDaemon$$Lambda$600/358113510@1df14cdc] WARN  server.GrpcLogAppender (GrpcLogAppender.java:mayWait(143)) - b00e6ee9-b720-4122-89a6-a6b803fd6604@group-CB7B554BB085->501dc7b9-491d-40e1-8cdc-2c9c2160e0a9-GrpcLogAppender: Wait interrupted by java.lang.InterruptedException
2019-10-14 09:11:59,906 [main] INFO  impl.PendingRequests (PendingRequests.java:sendNotLeaderResponses(202)) - b00e6ee9-b720-4122-89a6-a6b803fd6604-PendingRequests: sendNotLeaderResponses
2019-10-14 09:11:59,907 [Thread-1392] INFO  impl.FollowerState (FollowerState.java:run(115)) - 501dc7b9-491d-40e1-8cdc-2c9c2160e0a9: FollowerState was interrupted: java.lang.InterruptedException: sleep interrupted
2019-10-14 09:11:59,906 [ForkJoinPool.commonPool-worker-1] INFO  impl.StateMachineUpdater (StateMachineUpdater.java:stopAndJoin(125)) - 501dc7b9-491d-40e1-8cdc-2c9c2160e0a9@group-CB7B554BB085-StateMachineUpdater: set stopIndex = 0
2019-10-14 09:11:59,908 [main] INFO  impl.StateMachineUpdater (StateMachineUpdater.java:stopAndJoin(125)) - b00e6ee9-b720-4122-89a6-a6b803fd6604@group-CB7B554BB085-StateMachineUpdater: set stopIndex = 0
2019-10-14 09:11:59,908 [main] INFO  impl.RaftServerImpl (ServerState.java:close(385)) - b00e6ee9-b720-4122-89a6-a6b803fd6604@group-CB7B554BB085: closes. applyIndex: 0
2019-10-14 09:11:59,908 [ForkJoinPool.commonPool-worker-1] INFO  impl.RaftServerImpl (ServerState.java:close(385)) - 501dc7b9-491d-40e1-8cdc-2c9c2160e0a9@group-CB7B554BB085: closes. applyIndex: 0
2019-10-14 09:11:59,909 [b00e6ee9-b720-4122-89a6-a6b803fd6604@group-CB7B554BB085-SegmentedRaftLogWorker] INFO  segmented.SegmentedRaftLogWorker (SegmentedRaftLogWorker.java:run(313)) - b00e6ee9-b720-4122-89a6-a6b803fd6604@group-CB7B554BB085-SegmentedRaftLogWorker was interrupted, exiting. There are 0 tasks remaining in the queue.
2019-10-14 09:11:59,909 [grpc-default-executor-5] INFO  server.GrpcServerProtocolService (GrpcServerProtocolService.java:onCompleted(113)) - 501dc7b9-491d-40e1-8cdc-2c9c2160e0a9: Completed APPEND_ENTRIES, lastRequest: b00e6ee9-b720-4122-89a6-a6b803fd6604->501dc7b9-491d-40e1-8cdc-2c9c2160e0a9#66-t4, previous=(t:4, i:0), leaderCommit=0, initializing? false, entries: <empty>
2019-10-14 09:11:59,909 [main] INFO  segmented.SegmentedRaftLogWorker (SegmentedRaftLogWorker.java:close(228)) - b00e6ee9-b720-4122-89a6-a6b803fd6604@group-CB7B554BB085-SegmentedRaftLogWorker close()
2019-10-14 09:11:59,909 [501dc7b9-491d-40e1-8cdc-2c9c2160e0a9@group-CB7B554BB085-SegmentedRaftLogWorker] INFO  segmented.SegmentedRaftLogWorker (SegmentedRaftLogWorker.java:run(313)) - 501dc7b9-491d-40e1-8cdc-2c9c2160e0a9@group-CB7B554BB085-SegmentedRaftLogWorker was interrupted, exiting. There are 0 tasks remaining in the queue.
2019-10-14 09:11:59,910 [main] INFO  server.GrpcService (GrpcService.java:closeImpl(164)) - b00e6ee9-b720-4122-89a6-a6b803fd6604: shutdown server with port 44320 now
2019-10-14 09:11:59,910 [ForkJoinPool.commonPool-worker-1] INFO  segmented.SegmentedRaftLogWorker (SegmentedRaftLogWorker.java:close(228)) - 501dc7b9-491d-40e1-8cdc-2c9c2160e0a9@group-CB7B554BB085-SegmentedRaftLogWorker close()
2019-10-14 09:11:59,910 [ForkJoinPool.commonPool-worker-1] INFO  server.GrpcService (GrpcService.java:closeImpl(164)) - 501dc7b9-491d-40e1-8cdc-2c9c2160e0a9: shutdown server with port 43146 now
2019-10-14 09:11:59,911 [grpc-default-executor-5] INFO  server.GrpcLogAppender (GrpcLogAppender.java:onCompleted(293)) - b00e6ee9-b720-4122-89a6-a6b803fd6604@group-CB7B554BB085->501dc7b9-491d-40e1-8cdc-2c9c2160e0a9-AppendLogResponseHandler: follower responses appendEntries COMPLETED
2019-10-14 09:11:59,911 [main] INFO  server.GrpcService (GrpcService.java:closeImpl(172)) - b00e6ee9-b720-4122-89a6-a6b803fd6604: shutdown server with port 44320 successfully
2019-10-14 09:11:59,911 [ForkJoinPool.commonPool-worker-1] INFO  server.GrpcService (GrpcService.java:closeImpl(172)) - 501dc7b9-491d-40e1-8cdc-2c9c2160e0a9: shutdown server with port 43146 successfully
2019-10-14 09:11:59,911 [grpc-default-executor-5] INFO  impl.FollowerInfo (FollowerInfo.java:lambda$new$0(51)) - b00e6ee9-b720-4122-89a6-a6b803fd6604@group-CB7B554BB085->501dc7b9-491d-40e1-8cdc-2c9c2160e0a9: nextIndex: updateUnconditionally 1 -> 0
2019-10-14 09:11:59,914 [refreshUsed-/workdir/hadoop-ozone/integration-test/target/test-dir/MiniOzoneClusterImpl-7dc343c7-8e33-43f6-86ca-4a53fe0b4b94/datanode-4/data/containers] WARN  fs.CachingGetSpaceUsed (CachingGetSpaceUsed.java:run(183)) - Thread Interrupted waiting to refresh disk information: sleep interrupted
2019-10-14 09:11:59,914 [refreshUsed-/workdir/hadoop-ozone/integration-test/target/test-dir/MiniOzoneClusterImpl-7dc343c7-8e33-43f6-86ca-4a53fe0b4b94/datanode-0/data/containers] WARN  fs.CachingGetSpaceUsed (CachingGetSpaceUsed.java:run(183)) - Thread Interrupted waiting to refresh disk information: sleep interrupted
2019-10-14 09:11:59,932 [main] INFO  utils.BackgroundService (BackgroundService.java:shutdown(148)) - Shutting down service BlockDeletingService
2019-10-14 09:11:59,935 [main] INFO  statemachine.DatanodeStateMachine (DatanodeStateMachine.java:stopDaemon(395)) - Ozone container server stopped.
2019-10-14 09:11:59,937 [ForkJoinPool.commonPool-worker-1] INFO  utils.BackgroundService (BackgroundService.java:shutdown(148)) - Shutting down service BlockDeletingService
2019-10-14 09:11:59,937 [main] INFO  handler.ContextHandler (ContextHandler.java:doStop(910)) - Stopped o.e.j.w.WebAppContext@16da1abc{/,null,UNAVAILABLE}{/hddsDatanode}
2019-10-14 09:11:59,941 [ForkJoinPool.commonPool-worker-1] INFO  statemachine.DatanodeStateMachine (DatanodeStateMachine.java:stopDaemon(395)) - Ozone container server stopped.
2019-10-14 09:11:59,945 [main] INFO  server.AbstractConnector (AbstractConnector.java:doStop(318)) - Stopped ServerConnector@671ea6ff{HTTP/1.1,[http/1.1]}{0.0.0.0:0}
2019-10-14 09:11:59,946 [main] INFO  handler.ContextHandler (ContextHandler.java:doStop(910)) - Stopped o.e.j.s.ServletContextHandler@629984eb{/static,jar:file:/home/user/.m2/repository/org/apache/hadoop/hadoop-hdds-container-service/0.5.0-SNAPSHOT/hadoop-hdds-container-service-0.5.0-SNAPSHOT.jar!/webapps/static,UNAVAILABLE}
2019-10-14 09:11:59,947 [main] INFO  handler.ContextHandler (ContextHandler.java:doStop(910)) - Stopped o.e.j.s.ServletContextHandler@7161457{/logs,file:///workdir/hadoop-ozone/integration-test/target/log,UNAVAILABLE}
2019-10-14 09:11:59,949 [ForkJoinPool.commonPool-worker-1] INFO  handler.ContextHandler (ContextHandler.java:doStop(910)) - Stopped o.e.j.w.WebAppContext@f29353f{/,null,UNAVAILABLE}{/hddsDatanode}
2019-10-14 09:11:59,950 [ForkJoinPool.commonPool-worker-1] INFO  server.AbstractConnector (AbstractConnector.java:doStop(318)) - Stopped ServerConnector@36f7d7b{HTTP/1.1,[http/1.1]}{0.0.0.0:0}
2019-10-14 09:11:59,951 [ForkJoinPool.commonPool-worker-1] INFO  handler.ContextHandler (ContextHandler.java:doStop(910)) - Stopped o.e.j.s.ServletContextHandler@46046c06{/static,jar:file:/home/user/.m2/repository/org/apache/hadoop/hadoop-hdds-container-service/0.5.0-SNAPSHOT/hadoop-hdds-container-service-0.5.0-SNAPSHOT.jar!/webapps/static,UNAVAILABLE}
2019-10-14 09:11:59,952 [ForkJoinPool.commonPool-worker-1] INFO  handler.ContextHandler (ContextHandler.java:doStop(910)) - Stopped o.e.j.s.ServletContextHandler@4997552e{/logs,file:///workdir/hadoop-ozone/integration-test/target/log,UNAVAILABLE}
2019-10-14 09:11:59,953 [main] INFO  ozone.MiniOzoneClusterImpl (MiniOzoneClusterImpl.java:stopSCM(392)) - Stopping the StorageContainerManager
2019-10-14 09:11:59,954 [main] INFO  server.StorageContainerManager (StorageContainerManager.java:stop(808)) - Stopping Replication Manager Service.
2019-10-14 09:11:59,954 [main] INFO  container.ReplicationManager (ReplicationManager.java:stop(204)) - Stopping Replication Monitor Thread.
2019-10-14 09:11:59,954 [main] INFO  server.StorageContainerManager (StorageContainerManager.java:stop(815)) - Stopping Lease Manager of the command watchers
2019-10-14 09:11:59,954 [main] INFO  server.StorageContainerManager (StorageContainerManager.java:stop(822)) - Stopping datanode service RPC server
2019-10-14 09:11:59,955 [main] INFO  server.SCMDatanodeProtocolServer (SCMDatanodeProtocolServer.java:stop(367)) - Stopping the RPC server for DataNodes
2019-10-14 09:11:59,955 [main] INFO  ipc.Server (Server.java:stop(3082)) - Stopping server on 46129
2019-10-14 09:11:59,957 [IPC Server listener on 46129] INFO  ipc.Server (Server.java:run(1185)) - Stopping IPC Server listener on 46129
2019-10-14 09:11:59,957 [IPC Server Responder] INFO  ipc.Server (Server.java:run(1319)) - Stopping IPC Server Responder
2019-10-14 09:12:00,012 [SCM Heartbeat Processing Thread - 0] WARN  node.NodeStateManager (NodeStateManager.java:scheduleNextHealthCheck(655)) - Current Thread is interrupted, shutting down HB processing thread for Node Manager.
2019-10-14 09:12:00,012 [main] INFO  server.StorageContainerManager (StorageContainerManager.java:stop(830)) - Stopping block service RPC server
2019-10-14 09:12:00,013 [main] INFO  server.SCMBlockProtocolServer (SCMBlockProtocolServer.java:stop(155)) - Stopping the RPC server for Block Protocol
2019-10-14 09:12:00,013 [main] INFO  ipc.Server (Server.java:stop(3082)) - Stopping server on 45920
2019-10-14 09:12:00,015 [IPC Server listener on 45920] INFO  ipc.Server (Server.java:run(1185)) - Stopping IPC Server listener on 45920
2019-10-14 09:12:00,015 [main] INFO  server.StorageContainerManager (StorageContainerManager.java:stop(837)) - Stopping the StorageContainerLocationProtocol RPC server
2019-10-14 09:12:00,015 [IPC Server Responder] INFO  ipc.Server (Server.java:run(1319)) - Stopping IPC Server Responder
2019-10-14 09:12:00,015 [main] INFO  server.SCMClientProtocolServer (SCMClientProtocolServer.java:stop(159)) - Stopping the RPC server for Client Protocol
2019-10-14 09:12:00,016 [main] INFO  ipc.Server (Server.java:stop(3082)) - Stopping server on 44425
2019-10-14 09:12:00,017 [main] INFO  server.StorageContainerManager (StorageContainerManager.java:stop(844)) - Stopping Storage Container Manager HTTP server.
2019-10-14 09:12:00,017 [IPC Server listener on 44425] INFO  ipc.Server (Server.java:run(1185)) - Stopping IPC Server listener on 44425
2019-10-14 09:12:00,018 [IPC Server Responder] INFO  ipc.Server (Server.java:run(1319)) - Stopping IPC Server Responder
2019-10-14 09:12:00,019 [main] INFO  handler.ContextHandler (ContextHandler.java:doStop(910)) - Stopped o.e.j.w.WebAppContext@502a4156{/,null,UNAVAILABLE}{/scm}
2019-10-14 09:12:00,020 [main] INFO  server.AbstractConnector (AbstractConnector.java:doStop(318)) - Stopped ServerConnector@5416f8db{HTTP/1.1,[http/1.1]}{0.0.0.0:0}
2019-10-14 09:12:00,020 [main] INFO  handler.ContextHandler (ContextHandler.java:doStop(910)) - Stopped o.e.j.s.ServletContextHandler@383caf89{/static,file:///workdir/hadoop-ozone/integration-test/target/test-classes/webapps/static,UNAVAILABLE}
2019-10-14 09:12:00,020 [main] INFO  handler.ContextHandler (ContextHandler.java:doStop(910)) - Stopped o.e.j.s.ServletContextHandler@5c9934da{/logs,file:///workdir/hadoop-ozone/integration-test/target/log,UNAVAILABLE}
2019-10-14 09:12:00,021 [main] INFO  server.StorageContainerManager (StorageContainerManager.java:stop(855)) - Stopping Block Manager Service.
2019-10-14 09:12:00,021 [main] INFO  utils.BackgroundService (BackgroundService.java:shutdown(148)) - Shutting down service SCMBlockDeletingService
2019-10-14 09:12:00,021 [main] INFO  utils.BackgroundService (BackgroundService.java:shutdown(148)) - Shutting down service SCMBlockDeletingService
2019-10-14 09:12:00,022 [main] INFO  server.StorageContainerManager (StorageContainerManager.java:stop(877)) - Stopping SCM Event Queue.
2019-10-14 09:12:00,026 [main] INFO  impl.MetricsSystemImpl (MetricsSystemImpl.java:stop(210)) - Stopping HddsDatanode metrics system...
2019-10-14 09:12:00,037 [main] INFO  impl.MetricsSystemImpl (MetricsSystemImpl.java:stop(216)) - HddsDatanode metrics system stopped.
]]></system-out>
    <system-err><![CDATA[Oct 14, 2019 9:11:34 AM org.apache.ratis.thirdparty.io.grpc.internal.SerializingExecutor run
SEVERE: Exception while executing runnable org.apache.ratis.thirdparty.io.grpc.internal.ServerImpl$JumpToApplicationThreadServerStreamListener$1Closed@4a4b34ad
org.apache.ratis.thirdparty.io.grpc.StatusRuntimeException: CANCELLED: call already cancelled
	at org.apache.ratis.thirdparty.io.grpc.Status.asRuntimeException(Status.java:517)
	at org.apache.ratis.thirdparty.io.grpc.stub.ServerCalls$ServerCallStreamObserverImpl.onCompleted(ServerCalls.java:356)
	at org.apache.ratis.grpc.server.GrpcServerProtocolService$ServerRequestStreamObserver.onError(GrpcServerProtocolService.java:121)
	at org.apache.ratis.thirdparty.io.grpc.stub.ServerCalls$StreamingServerCallHandler$StreamingServerCallListener.onCancel(ServerCalls.java:269)
	at org.apache.ratis.thirdparty.io.grpc.internal.ServerCallImpl$ServerStreamListenerImpl.closed(ServerCallImpl.java:293)
	at org.apache.ratis.thirdparty.io.grpc.internal.ServerImpl$JumpToApplicationThreadServerStreamListener$1Closed.runInContext(ServerImpl.java:741)
	at org.apache.ratis.thirdparty.io.grpc.internal.ContextRunnable.run(ContextRunnable.java:37)
	at org.apache.ratis.thirdparty.io.grpc.internal.SerializingExecutor.run(SerializingExecutor.java:123)
	at java.util.concurrent.ThreadPoolExecutor.runWorker(ThreadPoolExecutor.java:1149)
	at java.util.concurrent.ThreadPoolExecutor$Worker.run(ThreadPoolExecutor.java:624)
	at java.lang.Thread.run(Thread.java:748)

Oct 14, 2019 9:11:54 AM org.apache.ratis.thirdparty.io.grpc.internal.SerializingExecutor run
SEVERE: Exception while executing runnable org.apache.ratis.thirdparty.io.grpc.internal.ServerImpl$JumpToApplicationThreadServerStreamListener$1Closed@5ae2e40c
org.apache.ratis.thirdparty.io.grpc.StatusRuntimeException: CANCELLED: call already cancelled
	at org.apache.ratis.thirdparty.io.grpc.Status.asRuntimeException(Status.java:517)
	at org.apache.ratis.thirdparty.io.grpc.stub.ServerCalls$ServerCallStreamObserverImpl.onCompleted(ServerCalls.java:356)
	at org.apache.ratis.grpc.server.GrpcServerProtocolService$ServerRequestStreamObserver.onError(GrpcServerProtocolService.java:121)
	at org.apache.ratis.thirdparty.io.grpc.stub.ServerCalls$StreamingServerCallHandler$StreamingServerCallListener.onCancel(ServerCalls.java:269)
	at org.apache.ratis.thirdparty.io.grpc.internal.ServerCallImpl$ServerStreamListenerImpl.closed(ServerCallImpl.java:293)
	at org.apache.ratis.thirdparty.io.grpc.internal.ServerImpl$JumpToApplicationThreadServerStreamListener$1Closed.runInContext(ServerImpl.java:741)
	at org.apache.ratis.thirdparty.io.grpc.internal.ContextRunnable.run(ContextRunnable.java:37)
	at org.apache.ratis.thirdparty.io.grpc.internal.SerializingExecutor.run(SerializingExecutor.java:123)
	at java.util.concurrent.ThreadPoolExecutor.runWorker(ThreadPoolExecutor.java:1149)
	at java.util.concurrent.ThreadPoolExecutor$Worker.run(ThreadPoolExecutor.java:624)
	at java.lang.Thread.run(Thread.java:748)

]]></system-err>
  </testcase>
</testsuite>