<?xml version="1.0" encoding="UTF-8"?>
<testsuite xmlns:xsi="http://www.w3.org/2001/XMLSchema-instance" xsi:noNamespaceSchemaLocation="https://maven.apache.org/surefire/maven-surefire-plugin/xsd/surefire-test-report.xsd" name="org.apache.hadoop.ozone.freon.TestFreonWithPipelineDestroy" time="49.16" tests="1" errors="1" skipped="0" failures="0">
  <properties>
    <property name="awt.toolkit" value="sun.awt.X11.XToolkit"/>
    <property name="file.encoding.pkg" value="sun.io"/>
    <property name="java.specification.version" value="1.8"/>
    <property name="sun.cpu.isalist" value=""/>
    <property name="sun.jnu.encoding" value="ANSI_X3.4-1968"/>
    <property name="java.class.path" value="/workdir/hadoop-ozone/tools/target/test-classes:/workdir/hadoop-ozone/tools/target/classes:/home/user/.m2/repository/org/apache/hadoop/hadoop-ozone-ozone-manager/0.5.0-SNAPSHOT/hadoop-ozone-ozone-manager-0.5.0-SNAPSHOT.jar:/home/user/.m2/repository/org/apache/hadoop/hadoop-hdds-docs/0.5.0-SNAPSHOT/hadoop-hdds-docs-0.5.0-SNAPSHOT.jar:/home/user/.m2/repository/org/bouncycastle/bcprov-jdk15on/1.60/bcprov-jdk15on-1.60.jar:/home/user/.m2/repository/org/apache/hadoop/hadoop-ozone-common/0.5.0-SNAPSHOT/hadoop-ozone-common-0.5.0-SNAPSHOT.jar:/home/user/.m2/repository/org/apache/commons/commons-compress/1.4.1/commons-compress-1.4.1.jar:/home/user/.m2/repository/org/tukaani/xz/1.0/xz-1.0.jar:/home/user/.m2/repository/org/apache/hadoop/hadoop-hdfs-client/3.2.0/hadoop-hdfs-client-3.2.0.jar:/home/user/.m2/repository/com/fasterxml/jackson/core/jackson-annotations/2.9.9/jackson-annotations-2.9.9.jar:/home/user/.m2/repository/org/apache/hadoop/hadoop-hdds-common/0.5.0-SNAPSHOT/hadoop-hdds-common-0.5.0-SNAPSHOT.jar:/home/user/.m2/repository/org/apache/hadoop/hadoop-hdds-config/0.5.0-SNAPSHOT/hadoop-hdds-config-0.5.0-SNAPSHOT.jar:/home/user/.m2/repository/javax/annotation/javax.annotation-api/1.2/javax.annotation-api-1.2.jar:/home/user/.m2/repository/org/apache/ratis/ratis-server/0.5.0-3f446aa-SNAPSHOT/ratis-server-0.5.0-3f446aa-SNAPSHOT.jar:/home/user/.m2/repository/org/apache/ratis/ratis-thirdparty-misc/0.2.0/ratis-thirdparty-misc-0.2.0.jar:/home/user/.m2/repository/org/apache/ratis/ratis-proto/0.5.0-3f446aa-SNAPSHOT/ratis-proto-0.5.0-3f446aa-SNAPSHOT.jar:/home/user/.m2/repository/org/apache/ratis/ratis-common/0.5.0-3f446aa-SNAPSHOT/ratis-common-0.5.0-3f446aa-SNAPSHOT.jar:/home/user/.m2/repository/org/apache/ratis/ratis-client/0.5.0-3f446aa-SNAPSHOT/ratis-client-0.5.0-3f446aa-SNAPSHOT.jar:/home/user/.m2/repository/org/apache/ratis/ratis-metrics/0.5.0-3f446aa-SNAPSHOT/ratis-metrics-0.5.0-3f446aa-SNAPSHOT.jar:/home/user/.m2/repository/com/github/joshelser/dropwizard-metrics-hadoop-metrics2-reporter/0.1.2/dropwizard-metrics-hadoop-metrics2-reporter-0.1.2.jar:/home/user/.m2/repository/io/dropwizard/metrics/metrics-jvm/3.2.5/metrics-jvm-3.2.5.jar:/home/user/.m2/repository/io/dropwizard/metrics/metrics-ganglia/3.2.5/metrics-ganglia-3.2.5.jar:/home/user/.m2/repository/info/ganglia/gmetric4j/gmetric4j/1.0.7/gmetric4j-1.0.7.jar:/home/user/.m2/repository/org/apache/ratis/ratis-netty/0.5.0-3f446aa-SNAPSHOT/ratis-netty-0.5.0-3f446aa-SNAPSHOT.jar:/home/user/.m2/repository/org/apache/ratis/ratis-grpc/0.5.0-3f446aa-SNAPSHOT/ratis-grpc-0.5.0-3f446aa-SNAPSHOT.jar:/home/user/.m2/repository/org/rocksdb/rocksdbjni/6.0.1/rocksdbjni-6.0.1.jar:/home/user/.m2/repository/org/apache/logging/log4j/log4j-api/2.11.0/log4j-api-2.11.0.jar:/home/user/.m2/repository/org/apache/logging/log4j/log4j-core/2.11.0/log4j-core-2.11.0.jar:/home/user/.m2/repository/com/lmax/disruptor/3.4.2/disruptor-3.4.2.jar:/home/user/.m2/repository/org/apache/commons/commons-pool2/2.6.0/commons-pool2-2.6.0.jar:/home/user/.m2/repository/org/bouncycastle/bcpkix-jdk15on/1.60/bcpkix-jdk15on-1.60.jar:/home/user/.m2/repository/commons-validator/commons-validator/1.6/commons-validator-1.6.jar:/home/user/.m2/repository/commons-digester/commons-digester/1.8.1/commons-digester-1.8.1.jar:/home/user/.m2/repository/io/jaegertracing/jaeger-client/0.34.0/jaeger-client-0.34.0.jar:/home/user/.m2/repository/io/jaegertracing/jaeger-thrift/0.34.0/jaeger-thrift-0.34.0.jar:/home/user/.m2/repository/org/apache/thrift/libthrift/0.12.0/libthrift-0.12.0.jar:/home/user/.m2/repository/com/squareup/okhttp3/okhttp/3.9.0/okhttp-3.9.0.jar:/home/user/.m2/repository/com/squareup/okio/okio/1.13.0/okio-1.13.0.jar:/home/user/.m2/repository/io/jaegertracing/jaeger-core/0.34.0/jaeger-core-0.34.0.jar:/home/user/.m2/repository/io/jaegertracing/jaeger-tracerresolver/0.34.0/jaeger-tracerresolver-0.34.0.jar:/home/user/.m2/repository/io/opentracing/contrib/opentracing-tracerresolver/0.1.5/opentracing-tracerresolver-0.1.5.jar:/home/user/.m2/repository/io/opentracing/opentracing-util/0.31.0/opentracing-util-0.31.0.jar:/home/user/.m2/repository/io/opentracing/opentracing-api/0.31.0/opentracing-api-0.31.0.jar:/home/user/.m2/repository/io/opentracing/opentracing-noop/0.31.0/opentracing-noop-0.31.0.jar:/home/user/.m2/repository/org/yaml/snakeyaml/1.16/snakeyaml-1.16.jar:/home/user/.m2/repository/org/apache/hadoop/hadoop-hdds-container-service/0.5.0-SNAPSHOT/hadoop-hdds-container-service-0.5.0-SNAPSHOT.jar:/home/user/.m2/repository/org/apache/hadoop/hadoop-hdds-client/0.5.0-SNAPSHOT/hadoop-hdds-client-0.5.0-SNAPSHOT.jar:/home/user/.m2/repository/org/apache/hadoop/hadoop-hdds-tools/0.5.0-SNAPSHOT/hadoop-hdds-tools-0.5.0-SNAPSHOT.jar:/home/user/.m2/repository/org/xerial/sqlite-jdbc/3.25.2/sqlite-jdbc-3.25.2.jar:/home/user/.m2/repository/org/apache/hadoop/hadoop-hdds-server-scm/0.5.0-SNAPSHOT/hadoop-hdds-server-scm-0.5.0-SNAPSHOT.jar:/home/user/.m2/repository/org/hamcrest/hamcrest-all/1.3/hamcrest-all-1.3.jar:/home/user/.m2/repository/info/picocli/picocli/3.9.6/picocli-3.9.6.jar:/home/user/.m2/repository/com/google/protobuf/protobuf-java/2.5.0/protobuf-java-2.5.0.jar:/home/user/.m2/repository/com/google/guava/guava/11.0.2/guava-11.0.2.jar:/home/user/.m2/repository/org/apache/hadoop/hadoop-ozone-client/0.5.0-SNAPSHOT/hadoop-ozone-client-0.5.0-SNAPSHOT.jar:/workdir/hadoop-ozone/ozonefs/target/classes:/home/user/.m2/repository/org/apache/httpcomponents/httpclient/4.5.2/httpclient-4.5.2.jar:/home/user/.m2/repository/org/apache/httpcomponents/httpcore/4.4.4/httpcore-4.4.4.jar:/home/user/.m2/repository/org/apache/hadoop/hadoop-hdds-server-framework/0.5.0-SNAPSHOT/hadoop-hdds-server-framework-0.5.0-SNAPSHOT.jar:/home/user/.m2/repository/org/apache/hadoop/hadoop-common/3.2.0/hadoop-common-3.2.0.jar:/home/user/.m2/repository/org/apache/hadoop/hadoop-annotations/3.2.0/hadoop-annotations-3.2.0.jar:/usr/lib/jvm/java-1.8.0-openjdk-1.8.0.222.b10-1.el7_7.x86_64/jre/../lib/tools.jar:/home/user/.m2/repository/commons-cli/commons-cli/1.2/commons-cli-1.2.jar:/home/user/.m2/repository/org/apache/commons/commons-math3/3.1.1/commons-math3-3.1.1.jar:/home/user/.m2/repository/commons-codec/commons-codec/1.11/commons-codec-1.11.jar:/home/user/.m2/repository/commons-io/commons-io/2.5/commons-io-2.5.jar:/home/user/.m2/repository/commons-net/commons-net/3.6/commons-net-3.6.jar:/home/user/.m2/repository/commons-collections/commons-collections/3.2.2/commons-collections-3.2.2.jar:/home/user/.m2/repository/javax/servlet/javax.servlet-api/3.1.0/javax.servlet-api-3.1.0.jar:/home/user/.m2/repository/org/eclipse/jetty/jetty-server/9.3.25.v20180904/jetty-server-9.3.25.v20180904.jar:/home/user/.m2/repository/org/eclipse/jetty/jetty-http/9.3.25.v20180904/jetty-http-9.3.25.v20180904.jar:/home/user/.m2/repository/org/eclipse/jetty/jetty-io/9.3.25.v20180904/jetty-io-9.3.25.v20180904.jar:/home/user/.m2/repository/org/eclipse/jetty/jetty-util/9.3.25.v20180904/jetty-util-9.3.25.v20180904.jar:/home/user/.m2/repository/org/eclipse/jetty/jetty-servlet/9.3.25.v20180904/jetty-servlet-9.3.25.v20180904.jar:/home/user/.m2/repository/org/eclipse/jetty/jetty-security/9.3.25.v20180904/jetty-security-9.3.25.v20180904.jar:/home/user/.m2/repository/org/eclipse/jetty/jetty-webapp/9.3.25.v20180904/jetty-webapp-9.3.25.v20180904.jar:/home/user/.m2/repository/org/eclipse/jetty/jetty-xml/9.3.25.v20180904/jetty-xml-9.3.25.v20180904.jar:/home/user/.m2/repository/javax/servlet/jsp/jsp-api/2.1/jsp-api-2.1.jar:/home/user/.m2/repository/com/sun/jersey/jersey-core/1.19/jersey-core-1.19.jar:/home/user/.m2/repository/javax/ws/rs/jsr311-api/1.1.1/jsr311-api-1.1.1.jar:/home/user/.m2/repository/com/sun/jersey/jersey-servlet/1.19/jersey-servlet-1.19.jar:/home/user/.m2/repository/com/sun/jersey/jersey-json/1.19/jersey-json-1.19.jar:/home/user/.m2/repository/org/codehaus/jettison/jettison/1.1/jettison-1.1.jar:/home/user/.m2/repository/com/sun/xml/bind/jaxb-impl/2.3.0.1/jaxb-impl-2.3.0.1.jar:/home/user/.m2/repository/org/codehaus/jackson/jackson-core-asl/1.9.13/jackson-core-asl-1.9.13.jar:/home/user/.m2/repository/org/codehaus/jackson/jackson-mapper-asl/1.9.13/jackson-mapper-asl-1.9.13.jar:/home/user/.m2/repository/org/codehaus/jackson/jackson-jaxrs/1.9.13/jackson-jaxrs-1.9.13.jar:/home/user/.m2/repository/org/codehaus/jackson/jackson-xc/1.9.13/jackson-xc-1.9.13.jar:/home/user/.m2/repository/com/sun/jersey/jersey-server/1.19/jersey-server-1.19.jar:/home/user/.m2/repository/commons-logging/commons-logging/1.1.3/commons-logging-1.1.3.jar:/home/user/.m2/repository/log4j/log4j/1.2.17/log4j-1.2.17.jar:/home/user/.m2/repository/commons-beanutils/commons-beanutils/1.9.4/commons-beanutils-1.9.4.jar:/home/user/.m2/repository/org/apache/commons/commons-configuration2/2.1.1/commons-configuration2-2.1.1.jar:/home/user/.m2/repository/org/apache/commons/commons-lang3/3.7/commons-lang3-3.7.jar:/home/user/.m2/repository/org/apache/commons/commons-text/1.4/commons-text-1.4.jar:/home/user/.m2/repository/org/slf4j/slf4j-api/1.7.25/slf4j-api-1.7.25.jar:/home/user/.m2/repository/org/slf4j/slf4j-log4j12/1.7.25/slf4j-log4j12-1.7.25.jar:/home/user/.m2/repository/org/apache/avro/avro/1.7.7/avro-1.7.7.jar:/home/user/.m2/repository/com/thoughtworks/paranamer/paranamer/2.3/paranamer-2.3.jar:/home/user/.m2/repository/org/xerial/snappy/snappy-java/1.0.5/snappy-java-1.0.5.jar:/home/user/.m2/repository/com/google/re2j/re2j/1.1/re2j-1.1.jar:/home/user/.m2/repository/com/google/code/gson/gson/2.2.4/gson-2.2.4.jar:/home/user/.m2/repository/org/apache/hadoop/hadoop-auth/3.2.0/hadoop-auth-3.2.0.jar:/home/user/.m2/repository/com/nimbusds/nimbus-jose-jwt/4.41.1/nimbus-jose-jwt-4.41.1.jar:/home/user/.m2/repository/com/github/stephenc/jcip/jcip-annotations/1.0-1/jcip-annotations-1.0-1.jar:/home/user/.m2/repository/net/minidev/json-smart/2.3/json-smart-2.3.jar:/home/user/.m2/repository/net/minidev/accessors-smart/1.2/accessors-smart-1.2.jar:/home/user/.m2/repository/org/apache/curator/curator-framework/2.12.0/curator-framework-2.12.0.jar:/home/user/.m2/repository/com/jcraft/jsch/0.1.54/jsch-0.1.54.jar:/home/user/.m2/repository/org/apache/curator/curator-client/2.12.0/curator-client-2.12.0.jar:/home/user/.m2/repository/org/apache/curator/curator-recipes/2.12.0/curator-recipes-2.12.0.jar:/home/user/.m2/repository/com/google/code/findbugs/jsr305/3.0.0/jsr305-3.0.0.jar:/home/user/.m2/repository/org/apache/htrace/htrace-core4/4.1.0-incubating/htrace-core4-4.1.0-incubating.jar:/home/user/.m2/repository/org/apache/zookeeper/zookeeper/3.4.13/zookeeper-3.4.13.jar:/home/user/.m2/repository/jline/jline/0.9.94/jline-0.9.94.jar:/home/user/.m2/repository/org/apache/yetus/audience-annotations/0.5.0/audience-annotations-0.5.0.jar:/home/user/.m2/repository/org/apache/kerby/kerb-simplekdc/1.0.1/kerb-simplekdc-1.0.1.jar:/home/user/.m2/repository/org/apache/kerby/kerb-client/1.0.1/kerb-client-1.0.1.jar:/home/user/.m2/repository/org/apache/kerby/kerby-config/1.0.1/kerby-config-1.0.1.jar:/home/user/.m2/repository/org/apache/kerby/kerb-core/1.0.1/kerb-core-1.0.1.jar:/home/user/.m2/repository/org/apache/kerby/kerby-pkix/1.0.1/kerby-pkix-1.0.1.jar:/home/user/.m2/repository/org/apache/kerby/kerby-asn1/1.0.1/kerby-asn1-1.0.1.jar:/home/user/.m2/repository/org/apache/kerby/kerby-util/1.0.1/kerby-util-1.0.1.jar:/home/user/.m2/repository/org/apache/kerby/kerb-common/1.0.1/kerb-common-1.0.1.jar:/home/user/.m2/repository/org/apache/kerby/kerb-crypto/1.0.1/kerb-crypto-1.0.1.jar:/home/user/.m2/repository/org/apache/kerby/kerb-util/1.0.1/kerb-util-1.0.1.jar:/home/user/.m2/repository/org/apache/kerby/token-provider/1.0.1/token-provider-1.0.1.jar:/home/user/.m2/repository/org/apache/kerby/kerb-admin/1.0.1/kerb-admin-1.0.1.jar:/home/user/.m2/repository/org/apache/kerby/kerb-server/1.0.1/kerb-server-1.0.1.jar:/home/user/.m2/repository/org/apache/kerby/kerb-identity/1.0.1/kerb-identity-1.0.1.jar:/home/user/.m2/repository/org/apache/kerby/kerby-xdr/1.0.1/kerby-xdr-1.0.1.jar:/home/user/.m2/repository/com/fasterxml/jackson/core/jackson-databind/2.9.9/jackson-databind-2.9.9.jar:/home/user/.m2/repository/com/fasterxml/jackson/core/jackson-core/2.9.9/jackson-core-2.9.9.jar:/home/user/.m2/repository/org/codehaus/woodstox/stax2-api/3.1.4/stax2-api-3.1.4.jar:/home/user/.m2/repository/com/fasterxml/woodstox/woodstox-core/5.0.3/woodstox-core-5.0.3.jar:/home/user/.m2/repository/dnsjava/dnsjava/2.1.7/dnsjava-2.1.7.jar:/home/user/.m2/repository/org/apache/hadoop/hadoop-hdfs/3.2.0/hadoop-hdfs-3.2.0.jar:/home/user/.m2/repository/org/eclipse/jetty/jetty-util-ajax/9.3.25.v20180904/jetty-util-ajax-9.3.25.v20180904.jar:/home/user/.m2/repository/commons-daemon/commons-daemon/1.0.13/commons-daemon-1.0.13.jar:/home/user/.m2/repository/io/netty/netty/3.10.5.Final/netty-3.10.5.Final.jar:/home/user/.m2/repository/io/netty/netty-all/4.0.52.Final/netty-all-4.0.52.Final.jar:/home/user/.m2/repository/org/fusesource/leveldbjni/leveldbjni-all/1.8/leveldbjni-all-1.8.jar:/home/user/.m2/repository/com/sun/xml/bind/jaxb-core/2.3.0.1/jaxb-core-2.3.0.1.jar:/home/user/.m2/repository/javax/xml/bind/jaxb-api/2.3.0/jaxb-api-2.3.0.jar:/home/user/.m2/repository/javax/activation/activation/1.1.1/activation-1.1.1.jar:/home/user/.m2/repository/org/openjdk/jmh/jmh-core/1.19/jmh-core-1.19.jar:/home/user/.m2/repository/net/sf/jopt-simple/jopt-simple/4.6/jopt-simple-4.6.jar:/home/user/.m2/repository/org/openjdk/jmh/jmh-generator-annprocess/1.19/jmh-generator-annprocess-1.19.jar:/home/user/.m2/repository/io/dropwizard/metrics/metrics-core/3.2.4/metrics-core-3.2.4.jar:/home/user/.m2/repository/com/amazonaws/aws-java-sdk-s3/1.11.615/aws-java-sdk-s3-1.11.615.jar:/home/user/.m2/repository/com/amazonaws/aws-java-sdk-kms/1.11.615/aws-java-sdk-kms-1.11.615.jar:/home/user/.m2/repository/com/amazonaws/aws-java-sdk-core/1.11.615/aws-java-sdk-core-1.11.615.jar:/home/user/.m2/repository/software/amazon/ion/ion-java/1.0.2/ion-java-1.0.2.jar:/home/user/.m2/repository/com/fasterxml/jackson/dataformat/jackson-dataformat-cbor/2.9.9/jackson-dataformat-cbor-2.9.9.jar:/home/user/.m2/repository/joda-time/joda-time/2.9.9/joda-time-2.9.9.jar:/home/user/.m2/repository/com/amazonaws/jmespath-java/1.11.615/jmespath-java-1.11.615.jar:/home/user/.m2/repository/com/github/spotbugs/spotbugs/3.1.12/spotbugs-3.1.12.jar:/home/user/.m2/repository/org/ow2/asm/asm/5.0.4/asm-5.0.4.jar:/home/user/.m2/repository/org/ow2/asm/asm-analysis/7.0/asm-analysis-7.0.jar:/home/user/.m2/repository/org/ow2/asm/asm-commons/7.0/asm-commons-7.0.jar:/home/user/.m2/repository/org/ow2/asm/asm-tree/7.0/asm-tree-7.0.jar:/home/user/.m2/repository/org/ow2/asm/asm-util/7.0/asm-util-7.0.jar:/home/user/.m2/repository/org/apache/bcel/bcel/6.3/bcel-6.3.jar:/home/user/.m2/repository/net/jcip/jcip-annotations/1.0/jcip-annotations-1.0.jar:/home/user/.m2/repository/org/dom4j/dom4j/2.1.1/dom4j-2.1.1.jar:/home/user/.m2/repository/jaxen/jaxen/1.1.6/jaxen-1.1.6.jar:/home/user/.m2/repository/commons-lang/commons-lang/2.6/commons-lang-2.6.jar:/home/user/.m2/repository/com/github/spotbugs/spotbugs-annotations/3.1.12/spotbugs-annotations-3.1.12.jar:/home/user/.m2/repository/junit/junit/4.11/junit-4.11.jar:/home/user/.m2/repository/org/hamcrest/hamcrest-core/1.3/hamcrest-core-1.3.jar:/home/user/.m2/repository/org/apache/hadoop/hadoop-common/3.2.0/hadoop-common-3.2.0-tests.jar:/workdir/hadoop-ozone/integration-test/target/test-classes:/home/user/.m2/repository/org/apache/hadoop/hadoop-ozone-s3gateway/0.5.0-SNAPSHOT/hadoop-ozone-s3gateway-0.5.0-SNAPSHOT.jar:/home/user/.m2/repository/org/jboss/weld/servlet/weld-servlet/2.4.7.Final/weld-servlet-2.4.7.Final.jar:/home/user/.m2/repository/org/glassfish/jersey/containers/jersey-container-servlet-core/2.27/jersey-container-servlet-core-2.27.jar:/home/user/.m2/repository/org/glassfish/hk2/external/javax.inject/2.5.0-b42/javax.inject-2.5.0-b42.jar:/home/user/.m2/repository/org/glassfish/jersey/core/jersey-common/2.27/jersey-common-2.27.jar:/home/user/.m2/repository/org/glassfish/hk2/osgi-resource-locator/1.0.1/osgi-resource-locator-1.0.1.jar:/home/user/.m2/repository/javax/ws/rs/javax.ws.rs-api/2.1/javax.ws.rs-api-2.1.jar:/home/user/.m2/repository/org/glassfish/jersey/ext/cdi/jersey-cdi1x/2.27/jersey-cdi1x-2.27.jar:/home/user/.m2/repository/org/glassfish/jersey/inject/jersey-hk2/2.27/jersey-hk2-2.27.jar:/home/user/.m2/repository/org/glassfish/hk2/hk2-locator/2.5.0-b42/hk2-locator-2.5.0-b42.jar:/home/user/.m2/repository/org/javassist/javassist/3.22.0-CR2/javassist-3.22.0-CR2.jar:/home/user/.m2/repository/org/glassfish/hk2/hk2-api/2.5.0/hk2-api-2.5.0.jar:/home/user/.m2/repository/org/glassfish/hk2/external/jakarta.inject/2.5.0/jakarta.inject-2.5.0.jar:/home/user/.m2/repository/org/glassfish/hk2/hk2-utils/2.5.0/hk2-utils-2.5.0.jar:/home/user/.m2/repository/jakarta/annotation/jakarta.annotation-api/1.3.4/jakarta.annotation-api-1.3.4.jar:/home/user/.m2/repository/org/glassfish/hk2/external/aopalliance-repackaged/2.5.0/aopalliance-repackaged-2.5.0.jar:/home/user/.m2/repository/com/fasterxml/jackson/dataformat/jackson-dataformat-xml/2.9.0/jackson-dataformat-xml-2.9.0.jar:/home/user/.m2/repository/com/fasterxml/jackson/module/jackson-module-jaxb-annotations/2.9.9/jackson-module-jaxb-annotations-2.9.9.jar:/home/user/.m2/repository/javax/enterprise/cdi-api/1.2/cdi-api-1.2.jar:/home/user/.m2/repository/javax/el/javax.el-api/3.0.0/javax.el-api-3.0.0.jar:/home/user/.m2/repository/javax/interceptor/javax.interceptor-api/1.2/javax.interceptor-api-1.2.jar:/home/user/.m2/repository/javax/inject/javax.inject/1/javax.inject-1.jar:/home/user/.m2/repository/org/apache/hadoop/hadoop-ozone-csi/0.5.0-SNAPSHOT/hadoop-ozone-csi-0.5.0-SNAPSHOT.jar:/home/user/.m2/repository/com/google/protobuf/protobuf-java-util/3.5.1/protobuf-java-util-3.5.1.jar:/home/user/.m2/repository/io/grpc/grpc-netty/1.17.1/grpc-netty-1.17.1.jar:/home/user/.m2/repository/io/grpc/grpc-core/1.17.1/grpc-core-1.17.1.jar:/home/user/.m2/repository/io/grpc/grpc-context/1.17.1/grpc-context-1.17.1.jar:/home/user/.m2/repository/com/google/errorprone/error_prone_annotations/2.2.0/error_prone_annotations-2.2.0.jar:/home/user/.m2/repository/org/codehaus/mojo/animal-sniffer-annotations/1.17/animal-sniffer-annotations-1.17.jar:/home/user/.m2/repository/io/opencensus/opencensus-api/0.17.0/opencensus-api-0.17.0.jar:/home/user/.m2/repository/io/opencensus/opencensus-contrib-grpc-metrics/0.17.0/opencensus-contrib-grpc-metrics-0.17.0.jar:/home/user/.m2/repository/io/netty/netty-codec-http2/4.1.30.Final/netty-codec-http2-4.1.30.Final.jar:/home/user/.m2/repository/io/netty/netty-codec-http/4.1.30.Final/netty-codec-http-4.1.30.Final.jar:/home/user/.m2/repository/io/netty/netty-codec/4.1.30.Final/netty-codec-4.1.30.Final.jar:/home/user/.m2/repository/io/netty/netty-handler/4.1.30.Final/netty-handler-4.1.30.Final.jar:/home/user/.m2/repository/io/netty/netty-handler-proxy/4.1.30.Final/netty-handler-proxy-4.1.30.Final.jar:/home/user/.m2/repository/io/netty/netty-codec-socks/4.1.30.Final/netty-codec-socks-4.1.30.Final.jar:/home/user/.m2/repository/io/netty/netty-transport-native-epoll/4.1.30.Final/netty-transport-native-epoll-4.1.30.Final.jar:/home/user/.m2/repository/io/netty/netty-common/4.1.30.Final/netty-common-4.1.30.Final.jar:/home/user/.m2/repository/io/netty/netty-buffer/4.1.30.Final/netty-buffer-4.1.30.Final.jar:/home/user/.m2/repository/io/netty/netty-transport/4.1.30.Final/netty-transport-4.1.30.Final.jar:/home/user/.m2/repository/io/netty/netty-resolver/4.1.30.Final/netty-resolver-4.1.30.Final.jar:/home/user/.m2/repository/io/netty/netty-transport-native-unix-common/4.1.30.Final/netty-transport-native-unix-common-4.1.30.Final.jar:/home/user/.m2/repository/io/grpc/grpc-protobuf/1.17.1/grpc-protobuf-1.17.1.jar:/home/user/.m2/repository/com/google/api/grpc/proto-google-common-protos/1.0.0/proto-google-common-protos-1.0.0.jar:/home/user/.m2/repository/io/grpc/grpc-protobuf-lite/1.17.1/grpc-protobuf-lite-1.17.1.jar:/home/user/.m2/repository/io/grpc/grpc-stub/1.17.1/grpc-stub-1.17.1.jar:/home/user/.m2/repository/org/apache/hadoop/hadoop-ozone-recon/0.5.0-SNAPSHOT/hadoop-ozone-recon-0.5.0-SNAPSHOT.jar:/home/user/.m2/repository/org/apache/hadoop/hadoop-ozone-reconcodegen/0.5.0-SNAPSHOT/hadoop-ozone-reconcodegen-0.5.0-SNAPSHOT.jar:/home/user/.m2/repository/com/google/inject/extensions/guice-multibindings/4.0/guice-multibindings-4.0.jar:/home/user/.m2/repository/com/google/inject/guice/4.0/guice-4.0.jar:/home/user/.m2/repository/aopalliance/aopalliance/1.0/aopalliance-1.0.jar:/home/user/.m2/repository/com/google/inject/extensions/guice-servlet/4.0/guice-servlet-4.0.jar:/home/user/.m2/repository/org/glassfish/jersey/containers/jersey-container-servlet/2.27/jersey-container-servlet-2.27.jar:/home/user/.m2/repository/org/glassfish/hk2/guice-bridge/2.5.0/guice-bridge-2.5.0.jar:/home/user/.m2/repository/org/glassfish/jersey/core/jersey-server/2.27/jersey-server-2.27.jar:/home/user/.m2/repository/org/glassfish/jersey/core/jersey-client/2.27/jersey-client-2.27.jar:/home/user/.m2/repository/org/glassfish/jersey/media/jersey-media-jaxb/2.27/jersey-media-jaxb-2.27.jar:/home/user/.m2/repository/javax/validation/validation-api/1.1.0.Final/validation-api-1.1.0.Final.jar:/home/user/.m2/repository/org/glassfish/jersey/media/jersey-media-json-jackson/2.27/jersey-media-json-jackson-2.27.jar:/home/user/.m2/repository/org/glassfish/jersey/ext/jersey-entity-filtering/2.27/jersey-entity-filtering-2.27.jar:/home/user/.m2/repository/com/google/inject/extensions/guice-assistedinject/4.0/guice-assistedinject-4.0.jar:/home/user/.m2/repository/org/jooq/jooq/3.11.10/jooq-3.11.10.jar:/home/user/.m2/repository/org/jooq/jooq-meta/3.11.10/jooq-meta-3.11.10.jar:/home/user/.m2/repository/org/jooq/jooq-codegen/3.11.10/jooq-codegen-3.11.10.jar:/home/user/.m2/repository/com/jolbox/bonecp/0.8.0.RELEASE/bonecp-0.8.0.RELEASE.jar:/home/user/.m2/repository/org/springframework/spring-jdbc/5.1.3.RELEASE/spring-jdbc-5.1.3.RELEASE.jar:/home/user/.m2/repository/org/springframework/spring-beans/5.1.3.RELEASE/spring-beans-5.1.3.RELEASE.jar:/home/user/.m2/repository/org/springframework/spring-core/5.1.3.RELEASE/spring-core-5.1.3.RELEASE.jar:/home/user/.m2/repository/org/springframework/spring-jcl/5.1.3.RELEASE/spring-jcl-5.1.3.RELEASE.jar:/home/user/.m2/repository/org/springframework/spring-tx/5.1.3.RELEASE/spring-tx-5.1.3.RELEASE.jar:/home/user/.m2/repository/org/mockito/mockito-core/2.15.0/mockito-core-2.15.0.jar:/home/user/.m2/repository/net/bytebuddy/byte-buddy/1.7.9/byte-buddy-1.7.9.jar:/home/user/.m2/repository/net/bytebuddy/byte-buddy-agent/1.7.9/byte-buddy-agent-1.7.9.jar:/home/user/.m2/repository/org/objenesis/objenesis/1.0/objenesis-1.0.jar:"/>
    <property name="java.vm.vendor" value="Oracle Corporation"/>
    <property name="sun.arch.data.model" value="64"/>
    <property name="test.build.dir" value="/workdir/hadoop-ozone/tools/target/test-dir"/>
    <property name="test.cache.data" value=""/>
    <property name="java.vendor.url" value="http://java.oracle.com/"/>
    <property name="user.timezone" value=""/>
    <property name="java.vm.specification.version" value="1.8"/>
    <property name="os.name" value="Linux"/>
    <property name="test.build.data" value="/workdir/hadoop-ozone/tools/target/test-dir"/>
    <property name="user.country" value="US"/>
    <property name="sun.java.launcher" value="SUN_STANDARD"/>
    <property name="sun.boot.library.path" value="/usr/lib/jvm/java-1.8.0-openjdk-1.8.0.222.b10-1.el7_7.x86_64/jre/lib/amd64"/>
    <property name="sun.java.command" value="/workdir/hadoop-ozone/tools/target/surefire/surefirebooter360821833092276402.jar /workdir/hadoop-ozone/tools/target/surefire 2019-10-17T06-25-58_183-jvmRun1 surefire7237335286895860375tmp surefire_1013977214357639966934tmp"/>
    <property name="surefire.test.class.path" value="/workdir/hadoop-ozone/tools/target/test-classes:/workdir/hadoop-ozone/tools/target/classes:/home/user/.m2/repository/org/apache/hadoop/hadoop-ozone-ozone-manager/0.5.0-SNAPSHOT/hadoop-ozone-ozone-manager-0.5.0-SNAPSHOT.jar:/home/user/.m2/repository/org/apache/hadoop/hadoop-hdds-docs/0.5.0-SNAPSHOT/hadoop-hdds-docs-0.5.0-SNAPSHOT.jar:/home/user/.m2/repository/org/bouncycastle/bcprov-jdk15on/1.60/bcprov-jdk15on-1.60.jar:/home/user/.m2/repository/org/apache/hadoop/hadoop-ozone-common/0.5.0-SNAPSHOT/hadoop-ozone-common-0.5.0-SNAPSHOT.jar:/home/user/.m2/repository/org/apache/commons/commons-compress/1.4.1/commons-compress-1.4.1.jar:/home/user/.m2/repository/org/tukaani/xz/1.0/xz-1.0.jar:/home/user/.m2/repository/org/apache/hadoop/hadoop-hdfs-client/3.2.0/hadoop-hdfs-client-3.2.0.jar:/home/user/.m2/repository/com/fasterxml/jackson/core/jackson-annotations/2.9.9/jackson-annotations-2.9.9.jar:/home/user/.m2/repository/org/apache/hadoop/hadoop-hdds-common/0.5.0-SNAPSHOT/hadoop-hdds-common-0.5.0-SNAPSHOT.jar:/home/user/.m2/repository/org/apache/hadoop/hadoop-hdds-config/0.5.0-SNAPSHOT/hadoop-hdds-config-0.5.0-SNAPSHOT.jar:/home/user/.m2/repository/javax/annotation/javax.annotation-api/1.2/javax.annotation-api-1.2.jar:/home/user/.m2/repository/org/apache/ratis/ratis-server/0.5.0-3f446aa-SNAPSHOT/ratis-server-0.5.0-3f446aa-SNAPSHOT.jar:/home/user/.m2/repository/org/apache/ratis/ratis-thirdparty-misc/0.2.0/ratis-thirdparty-misc-0.2.0.jar:/home/user/.m2/repository/org/apache/ratis/ratis-proto/0.5.0-3f446aa-SNAPSHOT/ratis-proto-0.5.0-3f446aa-SNAPSHOT.jar:/home/user/.m2/repository/org/apache/ratis/ratis-common/0.5.0-3f446aa-SNAPSHOT/ratis-common-0.5.0-3f446aa-SNAPSHOT.jar:/home/user/.m2/repository/org/apache/ratis/ratis-client/0.5.0-3f446aa-SNAPSHOT/ratis-client-0.5.0-3f446aa-SNAPSHOT.jar:/home/user/.m2/repository/org/apache/ratis/ratis-metrics/0.5.0-3f446aa-SNAPSHOT/ratis-metrics-0.5.0-3f446aa-SNAPSHOT.jar:/home/user/.m2/repository/com/github/joshelser/dropwizard-metrics-hadoop-metrics2-reporter/0.1.2/dropwizard-metrics-hadoop-metrics2-reporter-0.1.2.jar:/home/user/.m2/repository/io/dropwizard/metrics/metrics-jvm/3.2.5/metrics-jvm-3.2.5.jar:/home/user/.m2/repository/io/dropwizard/metrics/metrics-ganglia/3.2.5/metrics-ganglia-3.2.5.jar:/home/user/.m2/repository/info/ganglia/gmetric4j/gmetric4j/1.0.7/gmetric4j-1.0.7.jar:/home/user/.m2/repository/org/apache/ratis/ratis-netty/0.5.0-3f446aa-SNAPSHOT/ratis-netty-0.5.0-3f446aa-SNAPSHOT.jar:/home/user/.m2/repository/org/apache/ratis/ratis-grpc/0.5.0-3f446aa-SNAPSHOT/ratis-grpc-0.5.0-3f446aa-SNAPSHOT.jar:/home/user/.m2/repository/org/rocksdb/rocksdbjni/6.0.1/rocksdbjni-6.0.1.jar:/home/user/.m2/repository/org/apache/logging/log4j/log4j-api/2.11.0/log4j-api-2.11.0.jar:/home/user/.m2/repository/org/apache/logging/log4j/log4j-core/2.11.0/log4j-core-2.11.0.jar:/home/user/.m2/repository/com/lmax/disruptor/3.4.2/disruptor-3.4.2.jar:/home/user/.m2/repository/org/apache/commons/commons-pool2/2.6.0/commons-pool2-2.6.0.jar:/home/user/.m2/repository/org/bouncycastle/bcpkix-jdk15on/1.60/bcpkix-jdk15on-1.60.jar:/home/user/.m2/repository/commons-validator/commons-validator/1.6/commons-validator-1.6.jar:/home/user/.m2/repository/commons-digester/commons-digester/1.8.1/commons-digester-1.8.1.jar:/home/user/.m2/repository/io/jaegertracing/jaeger-client/0.34.0/jaeger-client-0.34.0.jar:/home/user/.m2/repository/io/jaegertracing/jaeger-thrift/0.34.0/jaeger-thrift-0.34.0.jar:/home/user/.m2/repository/org/apache/thrift/libthrift/0.12.0/libthrift-0.12.0.jar:/home/user/.m2/repository/com/squareup/okhttp3/okhttp/3.9.0/okhttp-3.9.0.jar:/home/user/.m2/repository/com/squareup/okio/okio/1.13.0/okio-1.13.0.jar:/home/user/.m2/repository/io/jaegertracing/jaeger-core/0.34.0/jaeger-core-0.34.0.jar:/home/user/.m2/repository/io/jaegertracing/jaeger-tracerresolver/0.34.0/jaeger-tracerresolver-0.34.0.jar:/home/user/.m2/repository/io/opentracing/contrib/opentracing-tracerresolver/0.1.5/opentracing-tracerresolver-0.1.5.jar:/home/user/.m2/repository/io/opentracing/opentracing-util/0.31.0/opentracing-util-0.31.0.jar:/home/user/.m2/repository/io/opentracing/opentracing-api/0.31.0/opentracing-api-0.31.0.jar:/home/user/.m2/repository/io/opentracing/opentracing-noop/0.31.0/opentracing-noop-0.31.0.jar:/home/user/.m2/repository/org/yaml/snakeyaml/1.16/snakeyaml-1.16.jar:/home/user/.m2/repository/org/apache/hadoop/hadoop-hdds-container-service/0.5.0-SNAPSHOT/hadoop-hdds-container-service-0.5.0-SNAPSHOT.jar:/home/user/.m2/repository/org/apache/hadoop/hadoop-hdds-client/0.5.0-SNAPSHOT/hadoop-hdds-client-0.5.0-SNAPSHOT.jar:/home/user/.m2/repository/org/apache/hadoop/hadoop-hdds-tools/0.5.0-SNAPSHOT/hadoop-hdds-tools-0.5.0-SNAPSHOT.jar:/home/user/.m2/repository/org/xerial/sqlite-jdbc/3.25.2/sqlite-jdbc-3.25.2.jar:/home/user/.m2/repository/org/apache/hadoop/hadoop-hdds-server-scm/0.5.0-SNAPSHOT/hadoop-hdds-server-scm-0.5.0-SNAPSHOT.jar:/home/user/.m2/repository/org/hamcrest/hamcrest-all/1.3/hamcrest-all-1.3.jar:/home/user/.m2/repository/info/picocli/picocli/3.9.6/picocli-3.9.6.jar:/home/user/.m2/repository/com/google/protobuf/protobuf-java/2.5.0/protobuf-java-2.5.0.jar:/home/user/.m2/repository/com/google/guava/guava/11.0.2/guava-11.0.2.jar:/home/user/.m2/repository/org/apache/hadoop/hadoop-ozone-client/0.5.0-SNAPSHOT/hadoop-ozone-client-0.5.0-SNAPSHOT.jar:/workdir/hadoop-ozone/ozonefs/target/classes:/home/user/.m2/repository/org/apache/httpcomponents/httpclient/4.5.2/httpclient-4.5.2.jar:/home/user/.m2/repository/org/apache/httpcomponents/httpcore/4.4.4/httpcore-4.4.4.jar:/home/user/.m2/repository/org/apache/hadoop/hadoop-hdds-server-framework/0.5.0-SNAPSHOT/hadoop-hdds-server-framework-0.5.0-SNAPSHOT.jar:/home/user/.m2/repository/org/apache/hadoop/hadoop-common/3.2.0/hadoop-common-3.2.0.jar:/home/user/.m2/repository/org/apache/hadoop/hadoop-annotations/3.2.0/hadoop-annotations-3.2.0.jar:/usr/lib/jvm/java-1.8.0-openjdk-1.8.0.222.b10-1.el7_7.x86_64/jre/../lib/tools.jar:/home/user/.m2/repository/commons-cli/commons-cli/1.2/commons-cli-1.2.jar:/home/user/.m2/repository/org/apache/commons/commons-math3/3.1.1/commons-math3-3.1.1.jar:/home/user/.m2/repository/commons-codec/commons-codec/1.11/commons-codec-1.11.jar:/home/user/.m2/repository/commons-io/commons-io/2.5/commons-io-2.5.jar:/home/user/.m2/repository/commons-net/commons-net/3.6/commons-net-3.6.jar:/home/user/.m2/repository/commons-collections/commons-collections/3.2.2/commons-collections-3.2.2.jar:/home/user/.m2/repository/javax/servlet/javax.servlet-api/3.1.0/javax.servlet-api-3.1.0.jar:/home/user/.m2/repository/org/eclipse/jetty/jetty-server/9.3.25.v20180904/jetty-server-9.3.25.v20180904.jar:/home/user/.m2/repository/org/eclipse/jetty/jetty-http/9.3.25.v20180904/jetty-http-9.3.25.v20180904.jar:/home/user/.m2/repository/org/eclipse/jetty/jetty-io/9.3.25.v20180904/jetty-io-9.3.25.v20180904.jar:/home/user/.m2/repository/org/eclipse/jetty/jetty-util/9.3.25.v20180904/jetty-util-9.3.25.v20180904.jar:/home/user/.m2/repository/org/eclipse/jetty/jetty-servlet/9.3.25.v20180904/jetty-servlet-9.3.25.v20180904.jar:/home/user/.m2/repository/org/eclipse/jetty/jetty-security/9.3.25.v20180904/jetty-security-9.3.25.v20180904.jar:/home/user/.m2/repository/org/eclipse/jetty/jetty-webapp/9.3.25.v20180904/jetty-webapp-9.3.25.v20180904.jar:/home/user/.m2/repository/org/eclipse/jetty/jetty-xml/9.3.25.v20180904/jetty-xml-9.3.25.v20180904.jar:/home/user/.m2/repository/javax/servlet/jsp/jsp-api/2.1/jsp-api-2.1.jar:/home/user/.m2/repository/com/sun/jersey/jersey-core/1.19/jersey-core-1.19.jar:/home/user/.m2/repository/javax/ws/rs/jsr311-api/1.1.1/jsr311-api-1.1.1.jar:/home/user/.m2/repository/com/sun/jersey/jersey-servlet/1.19/jersey-servlet-1.19.jar:/home/user/.m2/repository/com/sun/jersey/jersey-json/1.19/jersey-json-1.19.jar:/home/user/.m2/repository/org/codehaus/jettison/jettison/1.1/jettison-1.1.jar:/home/user/.m2/repository/com/sun/xml/bind/jaxb-impl/2.3.0.1/jaxb-impl-2.3.0.1.jar:/home/user/.m2/repository/org/codehaus/jackson/jackson-core-asl/1.9.13/jackson-core-asl-1.9.13.jar:/home/user/.m2/repository/org/codehaus/jackson/jackson-mapper-asl/1.9.13/jackson-mapper-asl-1.9.13.jar:/home/user/.m2/repository/org/codehaus/jackson/jackson-jaxrs/1.9.13/jackson-jaxrs-1.9.13.jar:/home/user/.m2/repository/org/codehaus/jackson/jackson-xc/1.9.13/jackson-xc-1.9.13.jar:/home/user/.m2/repository/com/sun/jersey/jersey-server/1.19/jersey-server-1.19.jar:/home/user/.m2/repository/commons-logging/commons-logging/1.1.3/commons-logging-1.1.3.jar:/home/user/.m2/repository/log4j/log4j/1.2.17/log4j-1.2.17.jar:/home/user/.m2/repository/commons-beanutils/commons-beanutils/1.9.4/commons-beanutils-1.9.4.jar:/home/user/.m2/repository/org/apache/commons/commons-configuration2/2.1.1/commons-configuration2-2.1.1.jar:/home/user/.m2/repository/org/apache/commons/commons-lang3/3.7/commons-lang3-3.7.jar:/home/user/.m2/repository/org/apache/commons/commons-text/1.4/commons-text-1.4.jar:/home/user/.m2/repository/org/slf4j/slf4j-api/1.7.25/slf4j-api-1.7.25.jar:/home/user/.m2/repository/org/slf4j/slf4j-log4j12/1.7.25/slf4j-log4j12-1.7.25.jar:/home/user/.m2/repository/org/apache/avro/avro/1.7.7/avro-1.7.7.jar:/home/user/.m2/repository/com/thoughtworks/paranamer/paranamer/2.3/paranamer-2.3.jar:/home/user/.m2/repository/org/xerial/snappy/snappy-java/1.0.5/snappy-java-1.0.5.jar:/home/user/.m2/repository/com/google/re2j/re2j/1.1/re2j-1.1.jar:/home/user/.m2/repository/com/google/code/gson/gson/2.2.4/gson-2.2.4.jar:/home/user/.m2/repository/org/apache/hadoop/hadoop-auth/3.2.0/hadoop-auth-3.2.0.jar:/home/user/.m2/repository/com/nimbusds/nimbus-jose-jwt/4.41.1/nimbus-jose-jwt-4.41.1.jar:/home/user/.m2/repository/com/github/stephenc/jcip/jcip-annotations/1.0-1/jcip-annotations-1.0-1.jar:/home/user/.m2/repository/net/minidev/json-smart/2.3/json-smart-2.3.jar:/home/user/.m2/repository/net/minidev/accessors-smart/1.2/accessors-smart-1.2.jar:/home/user/.m2/repository/org/apache/curator/curator-framework/2.12.0/curator-framework-2.12.0.jar:/home/user/.m2/repository/com/jcraft/jsch/0.1.54/jsch-0.1.54.jar:/home/user/.m2/repository/org/apache/curator/curator-client/2.12.0/curator-client-2.12.0.jar:/home/user/.m2/repository/org/apache/curator/curator-recipes/2.12.0/curator-recipes-2.12.0.jar:/home/user/.m2/repository/com/google/code/findbugs/jsr305/3.0.0/jsr305-3.0.0.jar:/home/user/.m2/repository/org/apache/htrace/htrace-core4/4.1.0-incubating/htrace-core4-4.1.0-incubating.jar:/home/user/.m2/repository/org/apache/zookeeper/zookeeper/3.4.13/zookeeper-3.4.13.jar:/home/user/.m2/repository/jline/jline/0.9.94/jline-0.9.94.jar:/home/user/.m2/repository/org/apache/yetus/audience-annotations/0.5.0/audience-annotations-0.5.0.jar:/home/user/.m2/repository/org/apache/kerby/kerb-simplekdc/1.0.1/kerb-simplekdc-1.0.1.jar:/home/user/.m2/repository/org/apache/kerby/kerb-client/1.0.1/kerb-client-1.0.1.jar:/home/user/.m2/repository/org/apache/kerby/kerby-config/1.0.1/kerby-config-1.0.1.jar:/home/user/.m2/repository/org/apache/kerby/kerb-core/1.0.1/kerb-core-1.0.1.jar:/home/user/.m2/repository/org/apache/kerby/kerby-pkix/1.0.1/kerby-pkix-1.0.1.jar:/home/user/.m2/repository/org/apache/kerby/kerby-asn1/1.0.1/kerby-asn1-1.0.1.jar:/home/user/.m2/repository/org/apache/kerby/kerby-util/1.0.1/kerby-util-1.0.1.jar:/home/user/.m2/repository/org/apache/kerby/kerb-common/1.0.1/kerb-common-1.0.1.jar:/home/user/.m2/repository/org/apache/kerby/kerb-crypto/1.0.1/kerb-crypto-1.0.1.jar:/home/user/.m2/repository/org/apache/kerby/kerb-util/1.0.1/kerb-util-1.0.1.jar:/home/user/.m2/repository/org/apache/kerby/token-provider/1.0.1/token-provider-1.0.1.jar:/home/user/.m2/repository/org/apache/kerby/kerb-admin/1.0.1/kerb-admin-1.0.1.jar:/home/user/.m2/repository/org/apache/kerby/kerb-server/1.0.1/kerb-server-1.0.1.jar:/home/user/.m2/repository/org/apache/kerby/kerb-identity/1.0.1/kerb-identity-1.0.1.jar:/home/user/.m2/repository/org/apache/kerby/kerby-xdr/1.0.1/kerby-xdr-1.0.1.jar:/home/user/.m2/repository/com/fasterxml/jackson/core/jackson-databind/2.9.9/jackson-databind-2.9.9.jar:/home/user/.m2/repository/com/fasterxml/jackson/core/jackson-core/2.9.9/jackson-core-2.9.9.jar:/home/user/.m2/repository/org/codehaus/woodstox/stax2-api/3.1.4/stax2-api-3.1.4.jar:/home/user/.m2/repository/com/fasterxml/woodstox/woodstox-core/5.0.3/woodstox-core-5.0.3.jar:/home/user/.m2/repository/dnsjava/dnsjava/2.1.7/dnsjava-2.1.7.jar:/home/user/.m2/repository/org/apache/hadoop/hadoop-hdfs/3.2.0/hadoop-hdfs-3.2.0.jar:/home/user/.m2/repository/org/eclipse/jetty/jetty-util-ajax/9.3.25.v20180904/jetty-util-ajax-9.3.25.v20180904.jar:/home/user/.m2/repository/commons-daemon/commons-daemon/1.0.13/commons-daemon-1.0.13.jar:/home/user/.m2/repository/io/netty/netty/3.10.5.Final/netty-3.10.5.Final.jar:/home/user/.m2/repository/io/netty/netty-all/4.0.52.Final/netty-all-4.0.52.Final.jar:/home/user/.m2/repository/org/fusesource/leveldbjni/leveldbjni-all/1.8/leveldbjni-all-1.8.jar:/home/user/.m2/repository/com/sun/xml/bind/jaxb-core/2.3.0.1/jaxb-core-2.3.0.1.jar:/home/user/.m2/repository/javax/xml/bind/jaxb-api/2.3.0/jaxb-api-2.3.0.jar:/home/user/.m2/repository/javax/activation/activation/1.1.1/activation-1.1.1.jar:/home/user/.m2/repository/org/openjdk/jmh/jmh-core/1.19/jmh-core-1.19.jar:/home/user/.m2/repository/net/sf/jopt-simple/jopt-simple/4.6/jopt-simple-4.6.jar:/home/user/.m2/repository/org/openjdk/jmh/jmh-generator-annprocess/1.19/jmh-generator-annprocess-1.19.jar:/home/user/.m2/repository/io/dropwizard/metrics/metrics-core/3.2.4/metrics-core-3.2.4.jar:/home/user/.m2/repository/com/amazonaws/aws-java-sdk-s3/1.11.615/aws-java-sdk-s3-1.11.615.jar:/home/user/.m2/repository/com/amazonaws/aws-java-sdk-kms/1.11.615/aws-java-sdk-kms-1.11.615.jar:/home/user/.m2/repository/com/amazonaws/aws-java-sdk-core/1.11.615/aws-java-sdk-core-1.11.615.jar:/home/user/.m2/repository/software/amazon/ion/ion-java/1.0.2/ion-java-1.0.2.jar:/home/user/.m2/repository/com/fasterxml/jackson/dataformat/jackson-dataformat-cbor/2.9.9/jackson-dataformat-cbor-2.9.9.jar:/home/user/.m2/repository/joda-time/joda-time/2.9.9/joda-time-2.9.9.jar:/home/user/.m2/repository/com/amazonaws/jmespath-java/1.11.615/jmespath-java-1.11.615.jar:/home/user/.m2/repository/com/github/spotbugs/spotbugs/3.1.12/spotbugs-3.1.12.jar:/home/user/.m2/repository/org/ow2/asm/asm/5.0.4/asm-5.0.4.jar:/home/user/.m2/repository/org/ow2/asm/asm-analysis/7.0/asm-analysis-7.0.jar:/home/user/.m2/repository/org/ow2/asm/asm-commons/7.0/asm-commons-7.0.jar:/home/user/.m2/repository/org/ow2/asm/asm-tree/7.0/asm-tree-7.0.jar:/home/user/.m2/repository/org/ow2/asm/asm-util/7.0/asm-util-7.0.jar:/home/user/.m2/repository/org/apache/bcel/bcel/6.3/bcel-6.3.jar:/home/user/.m2/repository/net/jcip/jcip-annotations/1.0/jcip-annotations-1.0.jar:/home/user/.m2/repository/org/dom4j/dom4j/2.1.1/dom4j-2.1.1.jar:/home/user/.m2/repository/jaxen/jaxen/1.1.6/jaxen-1.1.6.jar:/home/user/.m2/repository/commons-lang/commons-lang/2.6/commons-lang-2.6.jar:/home/user/.m2/repository/com/github/spotbugs/spotbugs-annotations/3.1.12/spotbugs-annotations-3.1.12.jar:/home/user/.m2/repository/junit/junit/4.11/junit-4.11.jar:/home/user/.m2/repository/org/hamcrest/hamcrest-core/1.3/hamcrest-core-1.3.jar:/home/user/.m2/repository/org/apache/hadoop/hadoop-common/3.2.0/hadoop-common-3.2.0-tests.jar:/workdir/hadoop-ozone/integration-test/target/test-classes:/home/user/.m2/repository/org/apache/hadoop/hadoop-ozone-s3gateway/0.5.0-SNAPSHOT/hadoop-ozone-s3gateway-0.5.0-SNAPSHOT.jar:/home/user/.m2/repository/org/jboss/weld/servlet/weld-servlet/2.4.7.Final/weld-servlet-2.4.7.Final.jar:/home/user/.m2/repository/org/glassfish/jersey/containers/jersey-container-servlet-core/2.27/jersey-container-servlet-core-2.27.jar:/home/user/.m2/repository/org/glassfish/hk2/external/javax.inject/2.5.0-b42/javax.inject-2.5.0-b42.jar:/home/user/.m2/repository/org/glassfish/jersey/core/jersey-common/2.27/jersey-common-2.27.jar:/home/user/.m2/repository/org/glassfish/hk2/osgi-resource-locator/1.0.1/osgi-resource-locator-1.0.1.jar:/home/user/.m2/repository/javax/ws/rs/javax.ws.rs-api/2.1/javax.ws.rs-api-2.1.jar:/home/user/.m2/repository/org/glassfish/jersey/ext/cdi/jersey-cdi1x/2.27/jersey-cdi1x-2.27.jar:/home/user/.m2/repository/org/glassfish/jersey/inject/jersey-hk2/2.27/jersey-hk2-2.27.jar:/home/user/.m2/repository/org/glassfish/hk2/hk2-locator/2.5.0-b42/hk2-locator-2.5.0-b42.jar:/home/user/.m2/repository/org/javassist/javassist/3.22.0-CR2/javassist-3.22.0-CR2.jar:/home/user/.m2/repository/org/glassfish/hk2/hk2-api/2.5.0/hk2-api-2.5.0.jar:/home/user/.m2/repository/org/glassfish/hk2/external/jakarta.inject/2.5.0/jakarta.inject-2.5.0.jar:/home/user/.m2/repository/org/glassfish/hk2/hk2-utils/2.5.0/hk2-utils-2.5.0.jar:/home/user/.m2/repository/jakarta/annotation/jakarta.annotation-api/1.3.4/jakarta.annotation-api-1.3.4.jar:/home/user/.m2/repository/org/glassfish/hk2/external/aopalliance-repackaged/2.5.0/aopalliance-repackaged-2.5.0.jar:/home/user/.m2/repository/com/fasterxml/jackson/dataformat/jackson-dataformat-xml/2.9.0/jackson-dataformat-xml-2.9.0.jar:/home/user/.m2/repository/com/fasterxml/jackson/module/jackson-module-jaxb-annotations/2.9.9/jackson-module-jaxb-annotations-2.9.9.jar:/home/user/.m2/repository/javax/enterprise/cdi-api/1.2/cdi-api-1.2.jar:/home/user/.m2/repository/javax/el/javax.el-api/3.0.0/javax.el-api-3.0.0.jar:/home/user/.m2/repository/javax/interceptor/javax.interceptor-api/1.2/javax.interceptor-api-1.2.jar:/home/user/.m2/repository/javax/inject/javax.inject/1/javax.inject-1.jar:/home/user/.m2/repository/org/apache/hadoop/hadoop-ozone-csi/0.5.0-SNAPSHOT/hadoop-ozone-csi-0.5.0-SNAPSHOT.jar:/home/user/.m2/repository/com/google/protobuf/protobuf-java-util/3.5.1/protobuf-java-util-3.5.1.jar:/home/user/.m2/repository/io/grpc/grpc-netty/1.17.1/grpc-netty-1.17.1.jar:/home/user/.m2/repository/io/grpc/grpc-core/1.17.1/grpc-core-1.17.1.jar:/home/user/.m2/repository/io/grpc/grpc-context/1.17.1/grpc-context-1.17.1.jar:/home/user/.m2/repository/com/google/errorprone/error_prone_annotations/2.2.0/error_prone_annotations-2.2.0.jar:/home/user/.m2/repository/org/codehaus/mojo/animal-sniffer-annotations/1.17/animal-sniffer-annotations-1.17.jar:/home/user/.m2/repository/io/opencensus/opencensus-api/0.17.0/opencensus-api-0.17.0.jar:/home/user/.m2/repository/io/opencensus/opencensus-contrib-grpc-metrics/0.17.0/opencensus-contrib-grpc-metrics-0.17.0.jar:/home/user/.m2/repository/io/netty/netty-codec-http2/4.1.30.Final/netty-codec-http2-4.1.30.Final.jar:/home/user/.m2/repository/io/netty/netty-codec-http/4.1.30.Final/netty-codec-http-4.1.30.Final.jar:/home/user/.m2/repository/io/netty/netty-codec/4.1.30.Final/netty-codec-4.1.30.Final.jar:/home/user/.m2/repository/io/netty/netty-handler/4.1.30.Final/netty-handler-4.1.30.Final.jar:/home/user/.m2/repository/io/netty/netty-handler-proxy/4.1.30.Final/netty-handler-proxy-4.1.30.Final.jar:/home/user/.m2/repository/io/netty/netty-codec-socks/4.1.30.Final/netty-codec-socks-4.1.30.Final.jar:/home/user/.m2/repository/io/netty/netty-transport-native-epoll/4.1.30.Final/netty-transport-native-epoll-4.1.30.Final.jar:/home/user/.m2/repository/io/netty/netty-common/4.1.30.Final/netty-common-4.1.30.Final.jar:/home/user/.m2/repository/io/netty/netty-buffer/4.1.30.Final/netty-buffer-4.1.30.Final.jar:/home/user/.m2/repository/io/netty/netty-transport/4.1.30.Final/netty-transport-4.1.30.Final.jar:/home/user/.m2/repository/io/netty/netty-resolver/4.1.30.Final/netty-resolver-4.1.30.Final.jar:/home/user/.m2/repository/io/netty/netty-transport-native-unix-common/4.1.30.Final/netty-transport-native-unix-common-4.1.30.Final.jar:/home/user/.m2/repository/io/grpc/grpc-protobuf/1.17.1/grpc-protobuf-1.17.1.jar:/home/user/.m2/repository/com/google/api/grpc/proto-google-common-protos/1.0.0/proto-google-common-protos-1.0.0.jar:/home/user/.m2/repository/io/grpc/grpc-protobuf-lite/1.17.1/grpc-protobuf-lite-1.17.1.jar:/home/user/.m2/repository/io/grpc/grpc-stub/1.17.1/grpc-stub-1.17.1.jar:/home/user/.m2/repository/org/apache/hadoop/hadoop-ozone-recon/0.5.0-SNAPSHOT/hadoop-ozone-recon-0.5.0-SNAPSHOT.jar:/home/user/.m2/repository/org/apache/hadoop/hadoop-ozone-reconcodegen/0.5.0-SNAPSHOT/hadoop-ozone-reconcodegen-0.5.0-SNAPSHOT.jar:/home/user/.m2/repository/com/google/inject/extensions/guice-multibindings/4.0/guice-multibindings-4.0.jar:/home/user/.m2/repository/com/google/inject/guice/4.0/guice-4.0.jar:/home/user/.m2/repository/aopalliance/aopalliance/1.0/aopalliance-1.0.jar:/home/user/.m2/repository/com/google/inject/extensions/guice-servlet/4.0/guice-servlet-4.0.jar:/home/user/.m2/repository/org/glassfish/jersey/containers/jersey-container-servlet/2.27/jersey-container-servlet-2.27.jar:/home/user/.m2/repository/org/glassfish/hk2/guice-bridge/2.5.0/guice-bridge-2.5.0.jar:/home/user/.m2/repository/org/glassfish/jersey/core/jersey-server/2.27/jersey-server-2.27.jar:/home/user/.m2/repository/org/glassfish/jersey/core/jersey-client/2.27/jersey-client-2.27.jar:/home/user/.m2/repository/org/glassfish/jersey/media/jersey-media-jaxb/2.27/jersey-media-jaxb-2.27.jar:/home/user/.m2/repository/javax/validation/validation-api/1.1.0.Final/validation-api-1.1.0.Final.jar:/home/user/.m2/repository/org/glassfish/jersey/media/jersey-media-json-jackson/2.27/jersey-media-json-jackson-2.27.jar:/home/user/.m2/repository/org/glassfish/jersey/ext/jersey-entity-filtering/2.27/jersey-entity-filtering-2.27.jar:/home/user/.m2/repository/com/google/inject/extensions/guice-assistedinject/4.0/guice-assistedinject-4.0.jar:/home/user/.m2/repository/org/jooq/jooq/3.11.10/jooq-3.11.10.jar:/home/user/.m2/repository/org/jooq/jooq-meta/3.11.10/jooq-meta-3.11.10.jar:/home/user/.m2/repository/org/jooq/jooq-codegen/3.11.10/jooq-codegen-3.11.10.jar:/home/user/.m2/repository/com/jolbox/bonecp/0.8.0.RELEASE/bonecp-0.8.0.RELEASE.jar:/home/user/.m2/repository/org/springframework/spring-jdbc/5.1.3.RELEASE/spring-jdbc-5.1.3.RELEASE.jar:/home/user/.m2/repository/org/springframework/spring-beans/5.1.3.RELEASE/spring-beans-5.1.3.RELEASE.jar:/home/user/.m2/repository/org/springframework/spring-core/5.1.3.RELEASE/spring-core-5.1.3.RELEASE.jar:/home/user/.m2/repository/org/springframework/spring-jcl/5.1.3.RELEASE/spring-jcl-5.1.3.RELEASE.jar:/home/user/.m2/repository/org/springframework/spring-tx/5.1.3.RELEASE/spring-tx-5.1.3.RELEASE.jar:/home/user/.m2/repository/org/mockito/mockito-core/2.15.0/mockito-core-2.15.0.jar:/home/user/.m2/repository/net/bytebuddy/byte-buddy/1.7.9/byte-buddy-1.7.9.jar:/home/user/.m2/repository/net/bytebuddy/byte-buddy-agent/1.7.9/byte-buddy-agent-1.7.9.jar:/home/user/.m2/repository/org/objenesis/objenesis/1.0/objenesis-1.0.jar:"/>
    <property name="sun.cpu.endian" value="little"/>
    <property name="user.home" value="/home/user"/>
    <property name="user.language" value="en"/>
    <property name="java.specification.vendor" value="Oracle Corporation"/>
    <property name="java.home" value="/usr/lib/jvm/java-1.8.0-openjdk-1.8.0.222.b10-1.el7_7.x86_64/jre"/>
    <property name="surefire.excludesFile" value="/tools/ozone-bad-unit-tests"/>
    <property name="java.security.krb5.conf" value="/workdir/hadoop-ozone/tools/target/test-classes/krb5.conf"/>
    <property name="basedir" value="/workdir/hadoop-ozone/tools"/>
    <property name="file.separator" value="/"/>
    <property name="line.separator" value="&#10;"/>
    <property name="java.vm.specification.vendor" value="Oracle Corporation"/>
    <property name="java.specification.name" value="Java Platform API Specification"/>
    <property name="java.awt.graphicsenv" value="sun.awt.X11GraphicsEnvironment"/>
    <property name="surefire.real.class.path" value="/workdir/hadoop-ozone/tools/target/surefire/surefirebooter360821833092276402.jar"/>
    <property name="hadoop.log.dir" value="/workdir/hadoop-ozone/tools/target/log"/>
    <property name="sun.boot.class.path" value="/usr/lib/jvm/java-1.8.0-openjdk-1.8.0.222.b10-1.el7_7.x86_64/jre/lib/resources.jar:/usr/lib/jvm/java-1.8.0-openjdk-1.8.0.222.b10-1.el7_7.x86_64/jre/lib/rt.jar:/usr/lib/jvm/java-1.8.0-openjdk-1.8.0.222.b10-1.el7_7.x86_64/jre/lib/sunrsasign.jar:/usr/lib/jvm/java-1.8.0-openjdk-1.8.0.222.b10-1.el7_7.x86_64/jre/lib/jsse.jar:/usr/lib/jvm/java-1.8.0-openjdk-1.8.0.222.b10-1.el7_7.x86_64/jre/lib/jce.jar:/usr/lib/jvm/java-1.8.0-openjdk-1.8.0.222.b10-1.el7_7.x86_64/jre/lib/charsets.jar:/usr/lib/jvm/java-1.8.0-openjdk-1.8.0.222.b10-1.el7_7.x86_64/jre/lib/jfr.jar:/usr/lib/jvm/java-1.8.0-openjdk-1.8.0.222.b10-1.el7_7.x86_64/jre/classes"/>
    <property name="sun.management.compiler" value="HotSpot 64-Bit Tiered Compilers"/>
    <property name="java.runtime.version" value="1.8.0_222-b10"/>
    <property name="java.net.preferIPv4Stack" value="true"/>
    <property name="user.name" value="jenkins1000"/>
    <property name="path.separator" value=":"/>
    <property name="java.security.egd" value="file:///dev/urandom"/>
    <property name="os.version" value="3.10.0-957.12.2.el7.x86_64"/>
    <property name="java.endorsed.dirs" value="/usr/lib/jvm/java-1.8.0-openjdk-1.8.0.222.b10-1.el7_7.x86_64/jre/lib/endorsed"/>
    <property name="java.runtime.name" value="OpenJDK Runtime Environment"/>
    <property name="file.encoding" value="ANSI_X3.4-1968"/>
    <property name="java.vm.name" value="OpenJDK 64-Bit Server VM"/>
    <property name="test.build.webapps" value=""/>
    <property name="localRepository" value="/home/user/.m2/repository"/>
    <property name="java.vendor.url.bug" value="http://bugreport.sun.com/bugreport/"/>
    <property name="java.io.tmpdir" value="/tmp"/>
    <property name="require.test.libhadoop" value=""/>
    <property name="java.version" value="1.8.0_222"/>
    <property name="user.dir" value="/workdir/hadoop-ozone/tools"/>
    <property name="os.arch" value="amd64"/>
    <property name="java.vm.specification.name" value="Java Virtual Machine Specification"/>
    <property name="test.build.classes" value="/workdir/hadoop-ozone/tools/target/test-classes"/>
    <property name="java.awt.printerjob" value="sun.print.PSPrinterJob"/>
    <property name="sun.os.patch.level" value="unknown"/>
    <property name="hadoop.tmp.dir" value="/workdir/hadoop-ozone/tools/target/tmp"/>
    <property name="java.library.path" value="/usr/lib:/workdir/hadoop-ozone/tools/target/native/target/usr/local/lib:/workdir/hadoop-ozone/tools/../../hadoop-common-project/hadoop-common/target/native/target/usr/local/lib:/usr/java/packages/lib/amd64:/usr/lib64:/lib64:/lib:/usr/lib"/>
    <property name="java.vm.info" value="mixed mode"/>
    <property name="java.vendor" value="Oracle Corporation"/>
    <property name="java.vm.version" value="25.222-b10"/>
    <property name="java.ext.dirs" value="/usr/lib/jvm/java-1.8.0-openjdk-1.8.0.222.b10-1.el7_7.x86_64/jre/lib/ext:/usr/java/packages/lib/ext"/>
    <property name="sun.io.unicode.encoding" value="UnicodeLittle"/>
    <property name="java.class.version" value="52.0"/>
  </properties>
  <testcase name="testRestart" classname="org.apache.hadoop.ozone.freon.TestFreonWithPipelineDestroy" time="15.631">
    <error message="Allocated 1 blocks. Requested 5 blocks" type="INTERNAL_ERROR org.apache.hadoop.ozone.om.exceptions.OMException">INTERNAL_ERROR org.apache.hadoop.ozone.om.exceptions.OMException: Allocated 1 blocks. Requested 5 blocks
	at org.apache.hadoop.ozone.om.protocolPB.OzoneManagerProtocolClientSideTranslatorPB.handleError(OzoneManagerProtocolClientSideTranslatorPB.java:732)
	at org.apache.hadoop.ozone.om.protocolPB.OzoneManagerProtocolClientSideTranslatorPB.openKey(OzoneManagerProtocolClientSideTranslatorPB.java:723)
	at sun.reflect.NativeMethodAccessorImpl.invoke0(Native Method)
	at sun.reflect.NativeMethodAccessorImpl.invoke(NativeMethodAccessorImpl.java:62)
	at sun.reflect.DelegatingMethodAccessorImpl.invoke(DelegatingMethodAccessorImpl.java:43)
	at java.lang.reflect.Method.invoke(Method.java:498)
	at org.apache.hadoop.hdds.tracing.TraceAllMethod.invoke(TraceAllMethod.java:66)
	at com.sun.proxy.$Proxy37.openKey(Unknown Source)
	at org.apache.hadoop.ozone.client.rpc.RpcClient.createKey(RpcClient.java:614)
	at org.apache.hadoop.ozone.client.OzoneBucket.createKey(OzoneBucket.java:325)
	at org.apache.hadoop.ozone.freon.RandomKeyGenerator.createKey(RandomKeyGenerator.java:695)
	at org.apache.hadoop.ozone.freon.RandomKeyGenerator.access$1100(RandomKeyGenerator.java:88)
	at org.apache.hadoop.ozone.freon.RandomKeyGenerator$ObjectCreator.run(RandomKeyGenerator.java:615)
	at java.util.concurrent.Executors$RunnableAdapter.call(Executors.java:511)
	at java.util.concurrent.FutureTask.run(FutureTask.java:266)
	at java.util.concurrent.ThreadPoolExecutor.runWorker(ThreadPoolExecutor.java:1149)
	at java.util.concurrent.ThreadPoolExecutor$Worker.run(ThreadPoolExecutor.java:624)
	at java.lang.Thread.run(Thread.java:748)
</error>
    <system-out><![CDATA[2019-10-17 08:15:09,339 [main] WARN  server.ServerUtils (ServerUtils.java:getScmDbDir(145)) - ozone.scm.db.dirs is not configured. We recommend adding this setting. Falling back to ozone.metadata.dirs instead.
2019-10-17 08:15:09,443 [main] WARN  server.ServerUtils (ServerUtils.java:getScmDbDir(145)) - ozone.scm.db.dirs is not configured. We recommend adding this setting. Falling back to ozone.metadata.dirs instead.
2019-10-17 08:15:09,448 [main] WARN  server.ServerUtils (ServerUtils.java:getScmDbDir(145)) - ozone.scm.db.dirs is not configured. We recommend adding this setting. Falling back to ozone.metadata.dirs instead.
2019-10-17 08:15:09,481 [main] INFO  util.log (Log.java:initialized(192)) - Logging initialized @906ms
2019-10-17 08:15:09,584 [main] INFO  db.DBStoreBuilder (DBStoreBuilder.java:addTable(117)) - using custom profile for table: deletedBlocks
2019-10-17 08:15:09,585 [main] INFO  db.DBStoreBuilder (DBStoreBuilder.java:processTables(168)) - Using default column profile:DBProfile.DISK for Table:deletedBlocks
2019-10-17 08:15:09,585 [main] INFO  db.DBStoreBuilder (DBStoreBuilder.java:addTable(117)) - using custom profile for table: validCerts
2019-10-17 08:15:09,585 [main] INFO  db.DBStoreBuilder (DBStoreBuilder.java:processTables(168)) - Using default column profile:DBProfile.DISK for Table:validCerts
2019-10-17 08:15:09,586 [main] INFO  db.DBStoreBuilder (DBStoreBuilder.java:addTable(117)) - using custom profile for table: revokedCerts
2019-10-17 08:15:09,586 [main] INFO  db.DBStoreBuilder (DBStoreBuilder.java:processTables(168)) - Using default column profile:DBProfile.DISK for Table:revokedCerts
2019-10-17 08:15:09,600 [main] INFO  db.DBStoreBuilder (DBStoreBuilder.java:addTable(117)) - using custom profile for table: default
2019-10-17 08:15:09,601 [main] INFO  db.DBStoreBuilder (DBStoreBuilder.java:processTables(174)) - Using default column profile:DBProfile.DISK for Table:default
2019-10-17 08:15:09,602 [main] INFO  db.DBStoreBuilder (DBStoreBuilder.java:getDbProfile(205)) - Using default options. DBProfile.DISK
2019-10-17 08:15:09,895 [main] INFO  net.NodeSchemaLoader (NodeSchemaLoader.java:loadSchemaFromFile(125)) - Loading file from sun.misc.CompoundEnumeration@3754a4bf
2019-10-17 08:15:09,899 [main] INFO  net.NodeSchemaLoader (NodeSchemaLoader.java:loadSchema(171)) - Loading network topology layer schema file
2019-10-17 08:15:09,976 [main] INFO  node.SCMNodeManager (SCMNodeManager.java:<init>(116)) - Entering startup safe mode.
2019-10-17 08:15:10,041 [main] INFO  algorithms.ContainerPlacementPolicyFactory (ContainerPlacementPolicyFactory.java:getPolicy(57)) - Create container placement policy of type org.apache.hadoop.hdds.scm.container.placement.algorithms.SCMContainerPlacementRandom
2019-10-17 08:15:10,054 [main] WARN  server.ServerUtils (ServerUtils.java:getScmDbDir(145)) - ozone.scm.db.dirs is not configured. We recommend adding this setting. Falling back to ozone.metadata.dirs instead.
2019-10-17 08:15:10,157 [main] INFO  pipeline.SCMPipelineManager (SCMPipelineManager.java:initializePipelineState(132)) - No pipeline exists in current db
2019-10-17 08:15:10,161 [main] WARN  server.ServerUtils (ServerUtils.java:getScmDbDir(145)) - ozone.scm.db.dirs is not configured. We recommend adding this setting. Falling back to ozone.metadata.dirs instead.
2019-10-17 08:15:10,343 [main] WARN  events.EventQueue (EventQueue.java:fireEvent(183)) - No event handler registered for event TypedEvent{payloadType=SafeModeStatus, name='SafeModeStatus'}
2019-10-17 08:15:10,711 [main] INFO  ipc.CallQueueManager (CallQueueManager.java:<init>(84)) - Using callQueue: class java.util.concurrent.LinkedBlockingQueue, queueCapacity: 2000, scheduler: class org.apache.hadoop.ipc.DefaultRpcScheduler, ipcBackoff: false.
2019-10-17 08:15:10,840 [Socket Reader #1 for port 36559] INFO  ipc.Server (Server.java:run(1074)) - Starting Socket Reader #1 for port 36559
2019-10-17 08:15:10,880 [main] INFO  ipc.CallQueueManager (CallQueueManager.java:<init>(84)) - Using callQueue: class java.util.concurrent.LinkedBlockingQueue, queueCapacity: 2000, scheduler: class org.apache.hadoop.ipc.DefaultRpcScheduler, ipcBackoff: false.
2019-10-17 08:15:10,881 [Socket Reader #1 for port 41519] INFO  ipc.Server (Server.java:run(1074)) - Starting Socket Reader #1 for port 41519
2019-10-17 08:15:10,897 [main] INFO  ipc.CallQueueManager (CallQueueManager.java:<init>(84)) - Using callQueue: class java.util.concurrent.LinkedBlockingQueue, queueCapacity: 2000, scheduler: class org.apache.hadoop.ipc.DefaultRpcScheduler, ipcBackoff: false.
2019-10-17 08:15:10,899 [Socket Reader #1 for port 36735] INFO  ipc.Server (Server.java:run(1074)) - Starting Socket Reader #1 for port 36735
2019-10-17 08:15:10,934 [main] INFO  hdfs.DFSUtil (DFSUtil.java:httpServerTemplateForNNAndJN(1641)) - Starting Web-server for scm at: http://0.0.0.0:0
2019-10-17 08:15:11,088 [main] INFO  server.AuthenticationFilter (AuthenticationFilter.java:constructSecretProvider(240)) - Unable to initialize FileSignerSecretProvider, falling back to use random secrets.
2019-10-17 08:15:11,104 [main] WARN  http.HttpRequestLog (HttpRequestLog.java:getRequestLog(97)) - Jetty request log can only be enabled using Log4j
2019-10-17 08:15:11,113 [main] INFO  http.HttpServer2 (HttpServer2.java:addGlobalFilter(975)) - Added global filter 'safety' (class=org.apache.hadoop.http.HttpServer2$QuotingInputFilter)
2019-10-17 08:15:11,115 [main] INFO  http.HttpServer2 (HttpServer2.java:addFilter(948)) - Added filter static_user_filter (class=org.apache.hadoop.http.lib.StaticUserWebFilter$StaticUserFilter) to context scm
2019-10-17 08:15:11,116 [main] INFO  http.HttpServer2 (HttpServer2.java:addFilter(958)) - Added filter static_user_filter (class=org.apache.hadoop.http.lib.StaticUserWebFilter$StaticUserFilter) to context logs
2019-10-17 08:15:11,116 [main] INFO  http.HttpServer2 (HttpServer2.java:addFilter(958)) - Added filter static_user_filter (class=org.apache.hadoop.http.lib.StaticUserWebFilter$StaticUserFilter) to context static
2019-10-17 08:15:11,143 [main] INFO  server.StorageContainerManager (StorageContainerManager.java:start(772)) - StorageContainerLocationProtocol RPC server is listening at /0.0.0.0:36735
2019-10-17 08:15:11,199 [main] WARN  impl.MetricsConfig (MetricsConfig.java:loadFirst(134)) - Cannot locate configuration: tried hadoop-metrics2-storagecontainermanager.properties,hadoop-metrics2.properties
2019-10-17 08:15:11,212 [main] INFO  impl.MetricsSystemImpl (MetricsSystemImpl.java:startTimer(374)) - Scheduled Metric snapshot period at 10 second(s).
2019-10-17 08:15:11,212 [main] INFO  impl.MetricsSystemImpl (MetricsSystemImpl.java:start(191)) - StorageContainerManager metrics system started
2019-10-17 08:15:11,463 [main] INFO  server.SCMClientProtocolServer (SCMClientProtocolServer.java:start(159)) - RPC server for Client  is listening at /0.0.0.0:36735
2019-10-17 08:15:11,464 [IPC Server Responder] INFO  ipc.Server (Server.java:run(1314)) - IPC Server Responder: starting
2019-10-17 08:15:11,464 [IPC Server listener on 36735] INFO  ipc.Server (Server.java:run(1153)) - IPC Server listener on 36735: starting
2019-10-17 08:15:11,467 [main] INFO  server.StorageContainerManager (StorageContainerManager.java:start(782)) - ScmBlockLocationProtocol RPC server is listening at /0.0.0.0:41519
2019-10-17 08:15:11,468 [main] INFO  server.SCMBlockProtocolServer (SCMBlockProtocolServer.java:start(146)) - RPC server for Block Protocol is listening at /0.0.0.0:41519
2019-10-17 08:15:11,468 [IPC Server Responder] INFO  ipc.Server (Server.java:run(1314)) - IPC Server Responder: starting
2019-10-17 08:15:11,468 [IPC Server listener on 41519] INFO  ipc.Server (Server.java:run(1153)) - IPC Server listener on 41519: starting
2019-10-17 08:15:11,471 [main] INFO  server.StorageContainerManager (StorageContainerManager.java:start(786)) - ScmDatanodeProtocl RPC server is listening at /0.0.0.0:36559
2019-10-17 08:15:11,471 [main] INFO  server.SCMDatanodeProtocolServer (SCMDatanodeProtocolServer.java:start(169)) - RPC server for DataNodes is listening at /0.0.0.0:36559
2019-10-17 08:15:11,472 [IPC Server Responder] INFO  ipc.Server (Server.java:run(1314)) - IPC Server Responder: starting
2019-10-17 08:15:11,472 [IPC Server listener on 36559] INFO  ipc.Server (Server.java:run(1153)) - IPC Server listener on 36559: starting
2019-10-17 08:15:11,476 [main] INFO  http.HttpServer2 (HttpServer2.java:bindListener(1191)) - Jetty bound to port 42418
2019-10-17 08:15:11,477 [main] INFO  server.Server (Server.java:doStart(351)) - jetty-9.3.25.v20180904, build timestamp: 2018-09-04T21:11:46Z, git hash: 3ce520221d0240229c862b122d2b06c12a625732
2019-10-17 08:15:11,509 [main] INFO  handler.ContextHandler (ContextHandler.java:doStart(781)) - Started o.e.j.s.ServletContextHandler@61c9c3fd{/logs,file:///workdir/hadoop-ozone/tools/target/log,AVAILABLE}
2019-10-17 08:15:11,509 [main] INFO  handler.ContextHandler (ContextHandler.java:doStart(781)) - Started o.e.j.s.ServletContextHandler@302a07d{/static,jar:file:/home/user/.m2/repository/org/apache/hadoop/hadoop-hdds-server-scm/0.5.0-SNAPSHOT/hadoop-hdds-server-scm-0.5.0-SNAPSHOT.jar!/webapps/static,AVAILABLE}
2019-10-17 08:15:11,577 [main] INFO  handler.ContextHandler (ContextHandler.java:doStart(781)) - Started o.e.j.w.WebAppContext@46ab18da{/,file:///tmp/jetty-0.0.0.0-42418-scm-_-any-458109241678530358.dir/webapp/,AVAILABLE}{/scm}
2019-10-17 08:15:11,581 [main] INFO  server.AbstractConnector (AbstractConnector.java:doStart(278)) - Started ServerConnector@2af616d3{HTTP/1.1,[http/1.1]}{0.0.0.0:42418}
2019-10-17 08:15:11,582 [main] INFO  server.Server (Server.java:doStart(419)) - Started @3006ms
2019-10-17 08:15:11,584 [main] INFO  impl.MetricsSinkAdapter (MetricsSinkAdapter.java:start(204)) - Sink prometheus started
2019-10-17 08:15:11,584 [main] INFO  impl.MetricsSystemImpl (MetricsSystemImpl.java:registerSink(301)) - Registered sink prometheus
2019-10-17 08:15:11,585 [main] INFO  server.BaseHttpServer (BaseHttpServer.java:updateConnectorAddress(215)) - HTTP server of SCM is listening at http://0.0.0.0:42418
2019-10-17 08:15:11,591 [org.apache.hadoop.util.JvmPauseMonitor$Monitor@226f885f] INFO  util.JvmPauseMonitor (JvmPauseMonitor.java:run(188)) - Starting JVM pause monitor
2019-10-17 08:15:11,593 [main] WARN  server.ServerUtils (ServerUtils.java:getDBPath(222)) - ozone.om.db.dirs is not configured. We recommend adding this setting. Falling back to ozone.metadata.dirs instead.
2019-10-17 08:15:11,812 [main] INFO  ha.OMHANodeDetails (OMHANodeDetails.java:loadOMHAConfig(190)) - Configuration either no ozone.om.address set. Falling back to the default OM address /127.0.0.1:0
2019-10-17 08:15:11,812 [main] INFO  ha.OMHANodeDetails (OMHANodeDetails.java:getOMNodeDetails(220)) - OM Service ID is not set. Setting it to the default ID: omServiceIdDefault
2019-10-17 08:15:11,814 [main] WARN  server.ServerUtils (ServerUtils.java:getDBPath(222)) - ozone.om.db.dirs is not configured. We recommend adding this setting. Falling back to ozone.metadata.dirs instead.
2019-10-17 08:15:11,815 [main] WARN  server.ServerUtils (ServerUtils.java:getDBPath(222)) - ozone.om.db.dirs is not configured. We recommend adding this setting. Falling back to ozone.metadata.dirs instead.
2019-10-17 08:15:12,492 [main] WARN  server.ServerUtils (ServerUtils.java:getDBPath(222)) - ozone.om.db.dirs is not configured. We recommend adding this setting. Falling back to ozone.metadata.dirs instead.
2019-10-17 08:15:12,500 [main] INFO  db.DBStoreBuilder (DBStoreBuilder.java:addTable(117)) - using custom profile for table: userTable
2019-10-17 08:15:12,500 [main] INFO  db.DBStoreBuilder (DBStoreBuilder.java:processTables(168)) - Using default column profile:DBProfile.DISK for Table:userTable
2019-10-17 08:15:12,501 [main] INFO  db.DBStoreBuilder (DBStoreBuilder.java:addTable(117)) - using custom profile for table: volumeTable
2019-10-17 08:15:12,501 [main] INFO  db.DBStoreBuilder (DBStoreBuilder.java:processTables(168)) - Using default column profile:DBProfile.DISK for Table:volumeTable
2019-10-17 08:15:12,501 [main] INFO  db.DBStoreBuilder (DBStoreBuilder.java:addTable(117)) - using custom profile for table: bucketTable
2019-10-17 08:15:12,501 [main] INFO  db.DBStoreBuilder (DBStoreBuilder.java:processTables(168)) - Using default column profile:DBProfile.DISK for Table:bucketTable
2019-10-17 08:15:12,502 [main] INFO  db.DBStoreBuilder (DBStoreBuilder.java:addTable(117)) - using custom profile for table: keyTable
2019-10-17 08:15:12,502 [main] INFO  db.DBStoreBuilder (DBStoreBuilder.java:processTables(168)) - Using default column profile:DBProfile.DISK for Table:keyTable
2019-10-17 08:15:12,502 [main] INFO  db.DBStoreBuilder (DBStoreBuilder.java:addTable(117)) - using custom profile for table: deletedTable
2019-10-17 08:15:12,502 [main] INFO  db.DBStoreBuilder (DBStoreBuilder.java:processTables(168)) - Using default column profile:DBProfile.DISK for Table:deletedTable
2019-10-17 08:15:12,502 [main] INFO  db.DBStoreBuilder (DBStoreBuilder.java:addTable(117)) - using custom profile for table: openKeyTable
2019-10-17 08:15:12,503 [main] INFO  db.DBStoreBuilder (DBStoreBuilder.java:processTables(168)) - Using default column profile:DBProfile.DISK for Table:openKeyTable
2019-10-17 08:15:12,503 [main] INFO  db.DBStoreBuilder (DBStoreBuilder.java:addTable(117)) - using custom profile for table: s3Table
2019-10-17 08:15:12,503 [main] INFO  db.DBStoreBuilder (DBStoreBuilder.java:processTables(168)) - Using default column profile:DBProfile.DISK for Table:s3Table
2019-10-17 08:15:12,503 [main] INFO  db.DBStoreBuilder (DBStoreBuilder.java:addTable(117)) - using custom profile for table: multipartInfoTable
2019-10-17 08:15:12,504 [main] INFO  db.DBStoreBuilder (DBStoreBuilder.java:processTables(168)) - Using default column profile:DBProfile.DISK for Table:multipartInfoTable
2019-10-17 08:15:12,504 [main] INFO  db.DBStoreBuilder (DBStoreBuilder.java:addTable(117)) - using custom profile for table: dTokenTable
2019-10-17 08:15:12,504 [main] INFO  db.DBStoreBuilder (DBStoreBuilder.java:processTables(168)) - Using default column profile:DBProfile.DISK for Table:dTokenTable
2019-10-17 08:15:12,504 [main] INFO  db.DBStoreBuilder (DBStoreBuilder.java:addTable(117)) - using custom profile for table: s3SecretTable
2019-10-17 08:15:12,505 [main] INFO  db.DBStoreBuilder (DBStoreBuilder.java:processTables(168)) - Using default column profile:DBProfile.DISK for Table:s3SecretTable
2019-10-17 08:15:12,505 [main] INFO  db.DBStoreBuilder (DBStoreBuilder.java:addTable(117)) - using custom profile for table: prefixTable
2019-10-17 08:15:12,505 [main] INFO  db.DBStoreBuilder (DBStoreBuilder.java:processTables(168)) - Using default column profile:DBProfile.DISK for Table:prefixTable
2019-10-17 08:15:12,505 [main] INFO  db.DBStoreBuilder (DBStoreBuilder.java:addTable(117)) - using custom profile for table: default
2019-10-17 08:15:12,506 [main] INFO  db.DBStoreBuilder (DBStoreBuilder.java:processTables(174)) - Using default column profile:DBProfile.DISK for Table:default
2019-10-17 08:15:12,506 [main] INFO  db.DBStoreBuilder (DBStoreBuilder.java:getDbProfile(205)) - Using default options. DBProfile.DISK
2019-10-17 08:15:13,405 [main] INFO  ipc.CallQueueManager (CallQueueManager.java:<init>(84)) - Using callQueue: class java.util.concurrent.LinkedBlockingQueue, queueCapacity: 2000, scheduler: class org.apache.hadoop.ipc.DefaultRpcScheduler, ipcBackoff: false.
2019-10-17 08:15:13,406 [Socket Reader #1 for port 42479] INFO  ipc.Server (Server.java:run(1074)) - Starting Socket Reader #1 for port 42479
2019-10-17 08:15:13,429 [main] INFO  om.OzoneManager (OzoneManager.java:start(1071)) - OzoneManager RPC server is listening at localhost/127.0.0.1:42479
2019-10-17 08:15:13,429 [main] INFO  impl.MetricsSystemImpl (MetricsSystemImpl.java:init(158)) - OzoneManager metrics system started (again)
2019-10-17 08:15:13,437 [IPC Server listener on 42479] INFO  ipc.Server (Server.java:run(1153)) - IPC Server listener on 42479: starting
2019-10-17 08:15:13,438 [IPC Server Responder] INFO  ipc.Server (Server.java:run(1314)) - IPC Server Responder: starting
2019-10-17 08:15:13,445 [main] INFO  hdfs.DFSUtil (DFSUtil.java:httpServerTemplateForNNAndJN(1641)) - Starting Web-server for ozoneManager at: http://0.0.0.0:0
2019-10-17 08:15:13,448 [main] INFO  server.AuthenticationFilter (AuthenticationFilter.java:constructSecretProvider(240)) - Unable to initialize FileSignerSecretProvider, falling back to use random secrets.
2019-10-17 08:15:13,449 [main] WARN  http.HttpRequestLog (HttpRequestLog.java:getRequestLog(97)) - Jetty request log can only be enabled using Log4j
2019-10-17 08:15:13,451 [main] INFO  http.HttpServer2 (HttpServer2.java:addGlobalFilter(975)) - Added global filter 'safety' (class=org.apache.hadoop.http.HttpServer2$QuotingInputFilter)
2019-10-17 08:15:13,453 [main] INFO  http.HttpServer2 (HttpServer2.java:addFilter(948)) - Added filter static_user_filter (class=org.apache.hadoop.http.lib.StaticUserWebFilter$StaticUserFilter) to context ozoneManager
2019-10-17 08:15:13,453 [main] INFO  http.HttpServer2 (HttpServer2.java:addFilter(958)) - Added filter static_user_filter (class=org.apache.hadoop.http.lib.StaticUserWebFilter$StaticUserFilter) to context static
2019-10-17 08:15:13,454 [main] INFO  http.HttpServer2 (HttpServer2.java:addFilter(958)) - Added filter static_user_filter (class=org.apache.hadoop.http.lib.StaticUserWebFilter$StaticUserFilter) to context logs
2019-10-17 08:15:13,457 [main] INFO  http.HttpServer2 (HttpServer2.java:bindListener(1191)) - Jetty bound to port 34918
2019-10-17 08:15:13,457 [main] INFO  server.Server (Server.java:doStart(351)) - jetty-9.3.25.v20180904, build timestamp: 2018-09-04T21:11:46Z, git hash: 3ce520221d0240229c862b122d2b06c12a625732
2019-10-17 08:15:13,460 [main] INFO  handler.ContextHandler (ContextHandler.java:doStart(781)) - Started o.e.j.s.ServletContextHandler@7e46d648{/logs,file:///workdir/hadoop-ozone/tools/target/log,AVAILABLE}
2019-10-17 08:15:13,461 [main] INFO  handler.ContextHandler (ContextHandler.java:doStart(781)) - Started o.e.j.s.ServletContextHandler@2b0b4d53{/static,jar:file:/home/user/.m2/repository/org/apache/hadoop/hadoop-ozone-ozone-manager/0.5.0-SNAPSHOT/hadoop-ozone-ozone-manager-0.5.0-SNAPSHOT.jar!/webapps/static,AVAILABLE}
2019-10-17 08:15:13,541 [main] INFO  handler.ContextHandler (ContextHandler.java:doStart(781)) - Started o.e.j.w.WebAppContext@4bee18dc{/,file:///tmp/jetty-0.0.0.0-34918-ozoneManager-_-any-5899064879470393281.dir/webapp/,AVAILABLE}{/ozoneManager}
2019-10-17 08:15:13,542 [main] INFO  server.AbstractConnector (AbstractConnector.java:doStart(278)) - Started ServerConnector@44f3fe83{HTTP/1.1,[http/1.1]}{0.0.0.0:34918}
2019-10-17 08:15:13,542 [main] INFO  server.Server (Server.java:doStart(419)) - Started @4966ms
2019-10-17 08:15:13,543 [main] WARN  impl.MetricsSystemImpl (MetricsSystemImpl.java:register(276)) - Sink prometheus already exists!
2019-10-17 08:15:13,544 [main] INFO  server.BaseHttpServer (BaseHttpServer.java:updateConnectorAddress(215)) - HTTP server of OZONEMANAGER is listening at http://0.0.0.0:34918
2019-10-17 08:15:13,875 [main] INFO  impl.MetricsSystemImpl (MetricsSystemImpl.java:init(158)) - HddsDatanode metrics system started (again)
2019-10-17 08:15:13,933 [main] INFO  ozone.HddsDatanodeService (HddsDatanodeService.java:start(184)) - HddsDatanodeService host:pr-hdds-1868-lzclr-202649289 ip:192.168.34.62
2019-10-17 08:15:13,966 [main] INFO  volume.HddsVolume (HddsVolume.java:<init>(176)) - Creating Volume: /workdir/hadoop-ozone/tools/target/test-dir/MiniOzoneClusterImpl-ff932389-c3c3-49ee-b2aa-92e1f1f07a3e/datanode-0/data/containers/hdds of  storage type : DISK and capacity : 1482555576320
2019-10-17 08:15:13,968 [main] INFO  volume.VolumeSet (VolumeSet.java:initializeVolumeSet(170)) - Added Volume : /workdir/hadoop-ozone/tools/target/test-dir/MiniOzoneClusterImpl-ff932389-c3c3-49ee-b2aa-92e1f1f07a3e/datanode-0/data/containers/hdds to VolumeSet
2019-10-17 08:15:13,971 [main] INFO  volume.ThrottledAsyncChecker (ThrottledAsyncChecker.java:schedule(141)) - Scheduling a check for /workdir/hadoop-ozone/tools/target/test-dir/MiniOzoneClusterImpl-ff932389-c3c3-49ee-b2aa-92e1f1f07a3e/datanode-0/data/containers/hdds
2019-10-17 08:15:13,991 [main] INFO  volume.HddsVolumeChecker (HddsVolumeChecker.java:checkAllVolumes(204)) - Scheduled health check for volume /workdir/hadoop-ozone/tools/target/test-dir/MiniOzoneClusterImpl-ff932389-c3c3-49ee-b2aa-92e1f1f07a3e/datanode-0/data/containers/hdds
2019-10-17 08:15:14,104 [main] INFO  impl.RaftServerProxy (ConfUtils.java:logGet(43)) - raft.rpc.type = GRPC (default)
2019-10-17 08:15:14,168 [main] INFO  grpc.GrpcFactory (GrpcFactory.java:checkPooledByteBufAllocatorUseCacheForAllThreads(45)) - PERFORMANCE WARNING: useCacheForAllThreads is true that may cause Netty to create a lot garbage objects and, as a result, trigger GC.
	It is recommended to disable useCacheForAllThreads by setting -Dorg.apache.ratis.thirdparty.io.netty.allocator.useCacheForAllThreads=false in command line.
2019-10-17 08:15:14,174 [main] INFO  grpc.GrpcConfigKeys$Server (ConfUtils.java:logGet(43)) - raft.grpc.server.port = 0 (default)
2019-10-17 08:15:14,175 [main] INFO  server.GrpcService (ConfUtils.java:logGet(43)) - raft.grpc.message.size.max = 33570816 (custom)
2019-10-17 08:15:14,176 [main] INFO  server.RaftServerConfigKeys (ConfUtils.java:logGet(43)) - raft.server.log.appender.buffer.byte-limit = 33554432 (custom)
2019-10-17 08:15:14,177 [main] INFO  server.GrpcService (ConfUtils.java:logGet(43)) - raft.grpc.flow.control.window = 1MB (=1048576) (default)
2019-10-17 08:15:14,178 [main] INFO  server.RaftServerConfigKeys (ConfUtils.java:logGet(43)) - raft.server.rpc.request.timeout = 3000ms (default)
2019-10-17 08:15:14,352 [main] INFO  server.RaftServerConfigKeys (ConfUtils.java:logGet(43)) - raft.server.storage.dir = [/workdir/hadoop-ozone/tools/target/test-dir/MiniOzoneClusterImpl-ff932389-c3c3-49ee-b2aa-92e1f1f07a3e/datanode-0/data/ratis] (custom)
2019-10-17 08:15:14,416 [main] INFO  hdfs.DFSUtil (DFSUtil.java:httpServerTemplateForNNAndJN(1641)) - Starting Web-server for hddsDatanode at: http://0.0.0.0:0
2019-10-17 08:15:14,419 [main] INFO  server.AuthenticationFilter (AuthenticationFilter.java:constructSecretProvider(240)) - Unable to initialize FileSignerSecretProvider, falling back to use random secrets.
2019-10-17 08:15:14,420 [main] WARN  http.HttpRequestLog (HttpRequestLog.java:getRequestLog(97)) - Jetty request log can only be enabled using Log4j
2019-10-17 08:15:14,423 [main] INFO  http.HttpServer2 (HttpServer2.java:addGlobalFilter(975)) - Added global filter 'safety' (class=org.apache.hadoop.http.HttpServer2$QuotingInputFilter)
2019-10-17 08:15:14,424 [main] INFO  http.HttpServer2 (HttpServer2.java:addFilter(948)) - Added filter static_user_filter (class=org.apache.hadoop.http.lib.StaticUserWebFilter$StaticUserFilter) to context hddsDatanode
2019-10-17 08:15:14,424 [main] INFO  http.HttpServer2 (HttpServer2.java:addFilter(958)) - Added filter static_user_filter (class=org.apache.hadoop.http.lib.StaticUserWebFilter$StaticUserFilter) to context static
2019-10-17 08:15:14,424 [main] INFO  http.HttpServer2 (HttpServer2.java:addFilter(958)) - Added filter static_user_filter (class=org.apache.hadoop.http.lib.StaticUserWebFilter$StaticUserFilter) to context logs
2019-10-17 08:15:14,426 [main] INFO  http.HttpServer2 (HttpServer2.java:bindListener(1191)) - Jetty bound to port 42507
2019-10-17 08:15:14,427 [main] INFO  server.Server (Server.java:doStart(351)) - jetty-9.3.25.v20180904, build timestamp: 2018-09-04T21:11:46Z, git hash: 3ce520221d0240229c862b122d2b06c12a625732
2019-10-17 08:15:14,431 [main] INFO  handler.ContextHandler (ContextHandler.java:doStart(781)) - Started o.e.j.s.ServletContextHandler@de8039f{/logs,file:///workdir/hadoop-ozone/tools/target/log,AVAILABLE}
2019-10-17 08:15:14,432 [main] INFO  handler.ContextHandler (ContextHandler.java:doStart(781)) - Started o.e.j.s.ServletContextHandler@582a764a{/static,jar:file:/home/user/.m2/repository/org/apache/hadoop/hadoop-hdds-container-service/0.5.0-SNAPSHOT/hadoop-hdds-container-service-0.5.0-SNAPSHOT.jar!/webapps/static,AVAILABLE}
2019-10-17 08:15:14,480 [main] INFO  handler.ContextHandler (ContextHandler.java:doStart(781)) - Started o.e.j.w.WebAppContext@554f0dfb{/,file:///tmp/jetty-0.0.0.0-42507-hddsDatanode-_-any-5453270880126131350.dir/webapp/,AVAILABLE}{/hddsDatanode}
2019-10-17 08:15:14,480 [main] INFO  server.AbstractConnector (AbstractConnector.java:doStart(278)) - Started ServerConnector@1f7076bc{HTTP/1.1,[http/1.1]}{0.0.0.0:42507}
2019-10-17 08:15:14,481 [main] INFO  server.Server (Server.java:doStart(419)) - Started @5906ms
2019-10-17 08:15:14,482 [main] WARN  impl.MetricsSystemImpl (MetricsSystemImpl.java:register(276)) - Sink prometheus already exists!
2019-10-17 08:15:14,483 [main] INFO  server.BaseHttpServer (BaseHttpServer.java:updateConnectorAddress(215)) - HTTP server of HDDSDATANODE is listening at http://0.0.0.0:42507
2019-10-17 08:15:14,484 [main] INFO  impl.MetricsSystemImpl (MetricsSystemImpl.java:init(158)) - HddsDatanode metrics system started (again)
2019-10-17 08:15:14,487 [main] INFO  ozone.HddsDatanodeService (HddsDatanodeService.java:start(184)) - HddsDatanodeService host:pr-hdds-1868-lzclr-202649289 ip:192.168.34.62
2019-10-17 08:15:14,490 [org.apache.hadoop.util.JvmPauseMonitor$Monitor@1d98830a] INFO  util.JvmPauseMonitor (JvmPauseMonitor.java:run(188)) - Starting JVM pause monitor
2019-10-17 08:15:14,496 [main] INFO  volume.HddsVolume (HddsVolume.java:<init>(176)) - Creating Volume: /workdir/hadoop-ozone/tools/target/test-dir/MiniOzoneClusterImpl-ff932389-c3c3-49ee-b2aa-92e1f1f07a3e/datanode-1/data/containers/hdds of  storage type : DISK and capacity : 1482555576320
2019-10-17 08:15:14,496 [main] INFO  volume.VolumeSet (VolumeSet.java:initializeVolumeSet(170)) - Added Volume : /workdir/hadoop-ozone/tools/target/test-dir/MiniOzoneClusterImpl-ff932389-c3c3-49ee-b2aa-92e1f1f07a3e/datanode-1/data/containers/hdds to VolumeSet
2019-10-17 08:15:14,496 [main] INFO  volume.ThrottledAsyncChecker (ThrottledAsyncChecker.java:schedule(141)) - Scheduling a check for /workdir/hadoop-ozone/tools/target/test-dir/MiniOzoneClusterImpl-ff932389-c3c3-49ee-b2aa-92e1f1f07a3e/datanode-1/data/containers/hdds
2019-10-17 08:15:14,497 [main] INFO  volume.HddsVolumeChecker (HddsVolumeChecker.java:checkAllVolumes(204)) - Scheduled health check for volume /workdir/hadoop-ozone/tools/target/test-dir/MiniOzoneClusterImpl-ff932389-c3c3-49ee-b2aa-92e1f1f07a3e/datanode-1/data/containers/hdds
2019-10-17 08:15:14,513 [main] INFO  impl.RaftServerProxy (ConfUtils.java:logGet(43)) - raft.rpc.type = GRPC (default)
2019-10-17 08:15:14,513 [main] INFO  grpc.GrpcFactory (GrpcFactory.java:checkPooledByteBufAllocatorUseCacheForAllThreads(45)) - PERFORMANCE WARNING: useCacheForAllThreads is true that may cause Netty to create a lot garbage objects and, as a result, trigger GC.
	It is recommended to disable useCacheForAllThreads by setting -Dorg.apache.ratis.thirdparty.io.netty.allocator.useCacheForAllThreads=false in command line.
2019-10-17 08:15:14,513 [main] INFO  grpc.GrpcConfigKeys$Server (ConfUtils.java:logGet(43)) - raft.grpc.server.port = 0 (default)
2019-10-17 08:15:14,513 [main] INFO  server.GrpcService (ConfUtils.java:logGet(43)) - raft.grpc.message.size.max = 33570816 (custom)
2019-10-17 08:15:14,514 [main] INFO  server.RaftServerConfigKeys (ConfUtils.java:logGet(43)) - raft.server.log.appender.buffer.byte-limit = 33554432 (custom)
2019-10-17 08:15:14,514 [main] INFO  server.GrpcService (ConfUtils.java:logGet(43)) - raft.grpc.flow.control.window = 1MB (=1048576) (default)
2019-10-17 08:15:14,514 [main] INFO  server.RaftServerConfigKeys (ConfUtils.java:logGet(43)) - raft.server.rpc.request.timeout = 3000ms (default)
2019-10-17 08:15:14,515 [main] INFO  server.RaftServerConfigKeys (ConfUtils.java:logGet(43)) - raft.server.storage.dir = [/workdir/hadoop-ozone/tools/target/test-dir/MiniOzoneClusterImpl-ff932389-c3c3-49ee-b2aa-92e1f1f07a3e/datanode-1/data/ratis] (custom)
2019-10-17 08:15:14,516 [main] INFO  hdfs.DFSUtil (DFSUtil.java:httpServerTemplateForNNAndJN(1641)) - Starting Web-server for hddsDatanode at: http://0.0.0.0:0
2019-10-17 08:15:14,518 [main] INFO  server.AuthenticationFilter (AuthenticationFilter.java:constructSecretProvider(240)) - Unable to initialize FileSignerSecretProvider, falling back to use random secrets.
2019-10-17 08:15:14,518 [main] WARN  http.HttpRequestLog (HttpRequestLog.java:getRequestLog(97)) - Jetty request log can only be enabled using Log4j
2019-10-17 08:15:14,520 [main] INFO  http.HttpServer2 (HttpServer2.java:addGlobalFilter(975)) - Added global filter 'safety' (class=org.apache.hadoop.http.HttpServer2$QuotingInputFilter)
2019-10-17 08:15:14,520 [main] INFO  http.HttpServer2 (HttpServer2.java:addFilter(948)) - Added filter static_user_filter (class=org.apache.hadoop.http.lib.StaticUserWebFilter$StaticUserFilter) to context hddsDatanode
2019-10-17 08:15:14,520 [main] INFO  http.HttpServer2 (HttpServer2.java:addFilter(958)) - Added filter static_user_filter (class=org.apache.hadoop.http.lib.StaticUserWebFilter$StaticUserFilter) to context static
2019-10-17 08:15:14,521 [main] INFO  http.HttpServer2 (HttpServer2.java:addFilter(958)) - Added filter static_user_filter (class=org.apache.hadoop.http.lib.StaticUserWebFilter$StaticUserFilter) to context logs
2019-10-17 08:15:14,522 [main] INFO  http.HttpServer2 (HttpServer2.java:bindListener(1191)) - Jetty bound to port 37021
2019-10-17 08:15:14,522 [main] INFO  server.Server (Server.java:doStart(351)) - jetty-9.3.25.v20180904, build timestamp: 2018-09-04T21:11:46Z, git hash: 3ce520221d0240229c862b122d2b06c12a625732
2019-10-17 08:15:14,526 [main] INFO  handler.ContextHandler (ContextHandler.java:doStart(781)) - Started o.e.j.s.ServletContextHandler@1b1f5012{/logs,file:///workdir/hadoop-ozone/tools/target/log,AVAILABLE}
2019-10-17 08:15:14,526 [main] INFO  handler.ContextHandler (ContextHandler.java:doStart(781)) - Started o.e.j.s.ServletContextHandler@4a734c04{/static,jar:file:/home/user/.m2/repository/org/apache/hadoop/hadoop-hdds-container-service/0.5.0-SNAPSHOT/hadoop-hdds-container-service-0.5.0-SNAPSHOT.jar!/webapps/static,AVAILABLE}
2019-10-17 08:15:14,556 [main] INFO  handler.ContextHandler (ContextHandler.java:doStart(781)) - Started o.e.j.w.WebAppContext@262816a8{/,file:///tmp/jetty-0.0.0.0-37021-hddsDatanode-_-any-6030010286619703589.dir/webapp/,AVAILABLE}{/hddsDatanode}
2019-10-17 08:15:14,557 [main] INFO  server.AbstractConnector (AbstractConnector.java:doStart(278)) - Started ServerConnector@1effd53c{HTTP/1.1,[http/1.1]}{0.0.0.0:37021}
2019-10-17 08:15:14,557 [main] INFO  server.Server (Server.java:doStart(419)) - Started @5981ms
2019-10-17 08:15:14,558 [main] WARN  impl.MetricsSystemImpl (MetricsSystemImpl.java:register(276)) - Sink prometheus already exists!
2019-10-17 08:15:14,559 [main] INFO  server.BaseHttpServer (BaseHttpServer.java:updateConnectorAddress(215)) - HTTP server of HDDSDATANODE is listening at http://0.0.0.0:37021
2019-10-17 08:15:14,559 [main] INFO  impl.MetricsSystemImpl (MetricsSystemImpl.java:init(158)) - HddsDatanode metrics system started (again)
2019-10-17 08:15:14,562 [main] INFO  ozone.HddsDatanodeService (HddsDatanodeService.java:start(184)) - HddsDatanodeService host:pr-hdds-1868-lzclr-202649289 ip:192.168.34.62
2019-10-17 08:15:14,563 [org.apache.hadoop.util.JvmPauseMonitor$Monitor@715b982c] INFO  util.JvmPauseMonitor (JvmPauseMonitor.java:run(188)) - Starting JVM pause monitor
2019-10-17 08:15:14,570 [main] INFO  volume.HddsVolume (HddsVolume.java:<init>(176)) - Creating Volume: /workdir/hadoop-ozone/tools/target/test-dir/MiniOzoneClusterImpl-ff932389-c3c3-49ee-b2aa-92e1f1f07a3e/datanode-2/data/containers/hdds of  storage type : DISK and capacity : 1482555576320
2019-10-17 08:15:14,571 [main] INFO  volume.VolumeSet (VolumeSet.java:initializeVolumeSet(170)) - Added Volume : /workdir/hadoop-ozone/tools/target/test-dir/MiniOzoneClusterImpl-ff932389-c3c3-49ee-b2aa-92e1f1f07a3e/datanode-2/data/containers/hdds to VolumeSet
2019-10-17 08:15:14,571 [main] INFO  volume.ThrottledAsyncChecker (ThrottledAsyncChecker.java:schedule(141)) - Scheduling a check for /workdir/hadoop-ozone/tools/target/test-dir/MiniOzoneClusterImpl-ff932389-c3c3-49ee-b2aa-92e1f1f07a3e/datanode-2/data/containers/hdds
2019-10-17 08:15:14,571 [main] INFO  volume.HddsVolumeChecker (HddsVolumeChecker.java:checkAllVolumes(204)) - Scheduled health check for volume /workdir/hadoop-ozone/tools/target/test-dir/MiniOzoneClusterImpl-ff932389-c3c3-49ee-b2aa-92e1f1f07a3e/datanode-2/data/containers/hdds
2019-10-17 08:15:14,587 [main] INFO  impl.RaftServerProxy (ConfUtils.java:logGet(43)) - raft.rpc.type = GRPC (default)
2019-10-17 08:15:14,587 [main] INFO  grpc.GrpcFactory (GrpcFactory.java:checkPooledByteBufAllocatorUseCacheForAllThreads(45)) - PERFORMANCE WARNING: useCacheForAllThreads is true that may cause Netty to create a lot garbage objects and, as a result, trigger GC.
	It is recommended to disable useCacheForAllThreads by setting -Dorg.apache.ratis.thirdparty.io.netty.allocator.useCacheForAllThreads=false in command line.
2019-10-17 08:15:14,587 [main] INFO  grpc.GrpcConfigKeys$Server (ConfUtils.java:logGet(43)) - raft.grpc.server.port = 0 (default)
2019-10-17 08:15:14,587 [main] INFO  server.GrpcService (ConfUtils.java:logGet(43)) - raft.grpc.message.size.max = 33570816 (custom)
2019-10-17 08:15:14,588 [main] INFO  server.RaftServerConfigKeys (ConfUtils.java:logGet(43)) - raft.server.log.appender.buffer.byte-limit = 33554432 (custom)
2019-10-17 08:15:14,588 [main] INFO  server.GrpcService (ConfUtils.java:logGet(43)) - raft.grpc.flow.control.window = 1MB (=1048576) (default)
2019-10-17 08:15:14,588 [main] INFO  server.RaftServerConfigKeys (ConfUtils.java:logGet(43)) - raft.server.rpc.request.timeout = 3000ms (default)
2019-10-17 08:15:14,589 [main] INFO  server.RaftServerConfigKeys (ConfUtils.java:logGet(43)) - raft.server.storage.dir = [/workdir/hadoop-ozone/tools/target/test-dir/MiniOzoneClusterImpl-ff932389-c3c3-49ee-b2aa-92e1f1f07a3e/datanode-2/data/ratis] (custom)
2019-10-17 08:15:14,591 [main] INFO  hdfs.DFSUtil (DFSUtil.java:httpServerTemplateForNNAndJN(1641)) - Starting Web-server for hddsDatanode at: http://0.0.0.0:0
2019-10-17 08:15:14,592 [main] INFO  server.AuthenticationFilter (AuthenticationFilter.java:constructSecretProvider(240)) - Unable to initialize FileSignerSecretProvider, falling back to use random secrets.
2019-10-17 08:15:14,593 [main] WARN  http.HttpRequestLog (HttpRequestLog.java:getRequestLog(97)) - Jetty request log can only be enabled using Log4j
2019-10-17 08:15:14,594 [main] INFO  http.HttpServer2 (HttpServer2.java:addGlobalFilter(975)) - Added global filter 'safety' (class=org.apache.hadoop.http.HttpServer2$QuotingInputFilter)
2019-10-17 08:15:14,595 [main] INFO  http.HttpServer2 (HttpServer2.java:addFilter(948)) - Added filter static_user_filter (class=org.apache.hadoop.http.lib.StaticUserWebFilter$StaticUserFilter) to context hddsDatanode
2019-10-17 08:15:14,595 [main] INFO  http.HttpServer2 (HttpServer2.java:addFilter(958)) - Added filter static_user_filter (class=org.apache.hadoop.http.lib.StaticUserWebFilter$StaticUserFilter) to context logs
2019-10-17 08:15:14,595 [main] INFO  http.HttpServer2 (HttpServer2.java:addFilter(958)) - Added filter static_user_filter (class=org.apache.hadoop.http.lib.StaticUserWebFilter$StaticUserFilter) to context static
2019-10-17 08:15:14,596 [main] INFO  http.HttpServer2 (HttpServer2.java:bindListener(1191)) - Jetty bound to port 37442
2019-10-17 08:15:14,596 [main] INFO  server.Server (Server.java:doStart(351)) - jetty-9.3.25.v20180904, build timestamp: 2018-09-04T21:11:46Z, git hash: 3ce520221d0240229c862b122d2b06c12a625732
2019-10-17 08:15:14,599 [main] INFO  handler.ContextHandler (ContextHandler.java:doStart(781)) - Started o.e.j.s.ServletContextHandler@3c5dbdf8{/logs,file:///workdir/hadoop-ozone/tools/target/log,AVAILABLE}
2019-10-17 08:15:14,600 [main] INFO  handler.ContextHandler (ContextHandler.java:doStart(781)) - Started o.e.j.s.ServletContextHandler@7aac8884{/static,jar:file:/home/user/.m2/repository/org/apache/hadoop/hadoop-hdds-container-service/0.5.0-SNAPSHOT/hadoop-hdds-container-service-0.5.0-SNAPSHOT.jar!/webapps/static,AVAILABLE}
2019-10-17 08:15:14,605 [Datanode State Machine Thread - 0] INFO  datanode.InitDatanodeState (InitDatanodeState.java:persistContainerDatanodeDetails(140)) - DatanodeDetails is persisted to /workdir/hadoop-ozone/tools/target/test-dir/MiniOzoneClusterImpl-ff932389-c3c3-49ee-b2aa-92e1f1f07a3e/datanode-0/meta/datanode.id
2019-10-17 08:15:14,610 [Datanode State Machine Thread - 0] INFO  datanode.InitDatanodeState (InitDatanodeState.java:persistContainerDatanodeDetails(140)) - DatanodeDetails is persisted to /workdir/hadoop-ozone/tools/target/test-dir/MiniOzoneClusterImpl-ff932389-c3c3-49ee-b2aa-92e1f1f07a3e/datanode-1/meta/datanode.id
2019-10-17 08:15:14,632 [main] INFO  handler.ContextHandler (ContextHandler.java:doStart(781)) - Started o.e.j.w.WebAppContext@78054f54{/,file:///tmp/jetty-0.0.0.0-37442-hddsDatanode-_-any-88384588271649968.dir/webapp/,AVAILABLE}{/hddsDatanode}
2019-10-17 08:15:14,633 [main] INFO  server.AbstractConnector (AbstractConnector.java:doStart(278)) - Started ServerConnector@cb7fa71{HTTP/1.1,[http/1.1]}{0.0.0.0:37442}
2019-10-17 08:15:14,633 [main] INFO  server.Server (Server.java:doStart(419)) - Started @6057ms
2019-10-17 08:15:14,633 [main] WARN  impl.MetricsSystemImpl (MetricsSystemImpl.java:register(276)) - Sink prometheus already exists!
2019-10-17 08:15:14,635 [main] INFO  server.BaseHttpServer (BaseHttpServer.java:updateConnectorAddress(215)) - HTTP server of HDDSDATANODE is listening at http://0.0.0.0:37442
2019-10-17 08:15:14,637 [main] INFO  ozone.MiniOzoneClusterImpl (MiniOzoneClusterImpl.java:lambda$waitForClusterToBeReady$2(172)) - Waiting for cluster to be ready. Got 0 of 3 DN Heartbeats.
2019-10-17 08:15:14,638 [org.apache.hadoop.util.JvmPauseMonitor$Monitor@4723bc2f] INFO  util.JvmPauseMonitor (JvmPauseMonitor.java:run(188)) - Starting JVM pause monitor
2019-10-17 08:15:14,642 [Datanode State Machine Thread - 0] INFO  datanode.InitDatanodeState (InitDatanodeState.java:persistContainerDatanodeDetails(140)) - DatanodeDetails is persisted to /workdir/hadoop-ozone/tools/target/test-dir/MiniOzoneClusterImpl-ff932389-c3c3-49ee-b2aa-92e1f1f07a3e/datanode-2/meta/datanode.id
2019-10-17 08:15:15,638 [main] INFO  ozone.MiniOzoneClusterImpl (MiniOzoneClusterImpl.java:lambda$waitForClusterToBeReady$2(172)) - Waiting for cluster to be ready. Got 0 of 3 DN Heartbeats.
2019-10-17 08:15:16,591 [Datanode State Machine Thread - 0] INFO  ozoneimpl.OzoneContainer (OzoneContainer.java:start(213)) - Attempting to start container services.
2019-10-17 08:15:16,591 [Datanode State Machine Thread - 0] INFO  ozoneimpl.OzoneContainer (OzoneContainer.java:start(213)) - Attempting to start container services.
2019-10-17 08:15:16,595 [Datanode State Machine Thread - 0] INFO  ozoneimpl.OzoneContainer (OzoneContainer.java:startContainerScrub(177)) - Background container scanner has been disabled.
2019-10-17 08:15:16,595 [Datanode State Machine Thread - 0] INFO  ozoneimpl.OzoneContainer (OzoneContainer.java:startContainerScrub(177)) - Background container scanner has been disabled.
2019-10-17 08:15:16,595 [Datanode State Machine Thread - 0] INFO  ratis.XceiverServerRatis (XceiverServerRatis.java:start(424)) - Starting XceiverServerRatis 9e584dc6-0265-4730-a72b-17c833240a34 at port 0
2019-10-17 08:15:16,595 [Datanode State Machine Thread - 0] INFO  ratis.XceiverServerRatis (XceiverServerRatis.java:start(424)) - Starting XceiverServerRatis d7926ef7-27aa-4029-a9d0-816772e9939f at port 0
2019-10-17 08:15:16,640 [main] INFO  ozone.MiniOzoneClusterImpl (MiniOzoneClusterImpl.java:lambda$waitForClusterToBeReady$2(172)) - Waiting for cluster to be ready. Got 0 of 3 DN Heartbeats.
2019-10-17 08:15:16,641 [Datanode State Machine Thread - 0] INFO  impl.RaftServerProxy (RaftServerProxy.java:lambda$start$3(299)) - 9e584dc6-0265-4730-a72b-17c833240a34: start RPC server
2019-10-17 08:15:16,641 [Datanode State Machine Thread - 0] INFO  impl.RaftServerProxy (RaftServerProxy.java:lambda$start$3(299)) - d7926ef7-27aa-4029-a9d0-816772e9939f: start RPC server
2019-10-17 08:15:16,657 [Datanode State Machine Thread - 0] INFO  ozoneimpl.OzoneContainer (OzoneContainer.java:start(213)) - Attempting to start container services.
2019-10-17 08:15:16,663 [Datanode State Machine Thread - 0] INFO  ozoneimpl.OzoneContainer (OzoneContainer.java:startContainerScrub(177)) - Background container scanner has been disabled.
2019-10-17 08:15:16,663 [Datanode State Machine Thread - 0] INFO  ratis.XceiverServerRatis (XceiverServerRatis.java:start(424)) - Starting XceiverServerRatis adef743a-bc0e-4d16-adda-0d38b00cf468 at port 0
2019-10-17 08:15:16,680 [Datanode State Machine Thread - 0] INFO  impl.RaftServerProxy (RaftServerProxy.java:lambda$start$3(299)) - adef743a-bc0e-4d16-adda-0d38b00cf468: start RPC server
2019-10-17 08:15:16,792 [Datanode State Machine Thread - 0] INFO  server.GrpcService (GrpcService.java:startImpl(158)) - d7926ef7-27aa-4029-a9d0-816772e9939f: GrpcService started, listening on 0.0.0.0/0.0.0.0:44705
2019-10-17 08:15:16,792 [Datanode State Machine Thread - 0] INFO  server.GrpcService (GrpcService.java:startImpl(158)) - adef743a-bc0e-4d16-adda-0d38b00cf468: GrpcService started, listening on 0.0.0.0/0.0.0.0:36240
2019-10-17 08:15:16,792 [Datanode State Machine Thread - 0] INFO  server.GrpcService (GrpcService.java:startImpl(158)) - 9e584dc6-0265-4730-a72b-17c833240a34: GrpcService started, listening on 0.0.0.0/0.0.0.0:34940
2019-10-17 08:15:16,793 [Datanode State Machine Thread - 0] INFO  ratis.XceiverServerRatis (XceiverServerRatis.java:start(434)) - XceiverServerRatis adef743a-bc0e-4d16-adda-0d38b00cf468 is started using port 36240
2019-10-17 08:15:16,793 [Datanode State Machine Thread - 0] INFO  ratis.XceiverServerRatis (XceiverServerRatis.java:start(434)) - XceiverServerRatis d7926ef7-27aa-4029-a9d0-816772e9939f is started using port 44705
2019-10-17 08:15:16,793 [Datanode State Machine Thread - 0] INFO  ratis.XceiverServerRatis (XceiverServerRatis.java:start(434)) - XceiverServerRatis 9e584dc6-0265-4730-a72b-17c833240a34 is started using port 34940
2019-10-17 08:15:16,799 [Datanode State Machine Thread - 0] INFO  server.XceiverServerGrpc (XceiverServerGrpc.java:start(149)) - XceiverServerGrpc 9e584dc6-0265-4730-a72b-17c833240a34 is started using port 39371
2019-10-17 08:15:16,799 [Datanode State Machine Thread - 0] INFO  server.XceiverServerGrpc (XceiverServerGrpc.java:start(149)) - XceiverServerGrpc d7926ef7-27aa-4029-a9d0-816772e9939f is started using port 35496
2019-10-17 08:15:16,799 [Datanode State Machine Thread - 0] INFO  server.XceiverServerGrpc (XceiverServerGrpc.java:start(149)) - XceiverServerGrpc adef743a-bc0e-4d16-adda-0d38b00cf468 is started using port 35116
2019-10-17 08:15:17,640 [main] INFO  ozone.MiniOzoneClusterImpl (MiniOzoneClusterImpl.java:lambda$waitForClusterToBeReady$2(172)) - Waiting for cluster to be ready. Got 0 of 3 DN Heartbeats.
2019-10-17 08:15:18,533 [IPC Server handler 0 on 36559] INFO  net.NetworkTopology (NetworkTopologyImpl.java:add(111)) - Added a new node: /default-rack/d7926ef7-27aa-4029-a9d0-816772e9939f
2019-10-17 08:15:18,534 [IPC Server handler 0 on 36559] INFO  node.SCMNodeManager (SCMNodeManager.java:register(268)) - Registered Data node : d7926ef7-27aa-4029-a9d0-816772e9939f{ip: 192.168.34.62, host: pr-hdds-1868-lzclr-202649289, networkLocation: /default-rack, certSerialId: null}
2019-10-17 08:15:18,538 [EventQueue-NodeRegistrationContainerReportForDataNodeSafeModeRule] INFO  safemode.SCMSafeModeManager (DataNodeSafeModeRule.java:process(71)) - SCM in safe mode. 1 DataNodes registered, 1 required.
2019-10-17 08:15:18,538 [EventQueue-NodeRegistrationContainerReportForDataNodeSafeModeRule] INFO  safemode.SCMSafeModeManager (SCMSafeModeManager.java:validateSafeModeExitRules(177)) - ScmSafeModeManager, all rules are successfully validated
2019-10-17 08:15:18,538 [EventQueue-NodeRegistrationContainerReportForDataNodeSafeModeRule] INFO  safemode.SCMSafeModeManager (SCMSafeModeManager.java:exitSafeMode(193)) - SCM exiting safe mode.
2019-10-17 08:15:18,566 [IPC Server handler 1 on 36559] INFO  net.NetworkTopology (NetworkTopologyImpl.java:add(111)) - Added a new node: /default-rack/9e584dc6-0265-4730-a72b-17c833240a34
2019-10-17 08:15:18,566 [IPC Server handler 1 on 36559] INFO  node.SCMNodeManager (SCMNodeManager.java:register(268)) - Registered Data node : 9e584dc6-0265-4730-a72b-17c833240a34{ip: 192.168.34.62, host: pr-hdds-1868-lzclr-202649289, networkLocation: /default-rack, certSerialId: null}
2019-10-17 08:15:18,642 [IPC Server handler 2 on 36559] INFO  net.NetworkTopology (NetworkTopologyImpl.java:add(111)) - Added a new node: /default-rack/adef743a-bc0e-4d16-adda-0d38b00cf468
2019-10-17 08:15:18,642 [IPC Server handler 2 on 36559] INFO  node.SCMNodeManager (SCMNodeManager.java:register(268)) - Registered Data node : adef743a-bc0e-4d16-adda-0d38b00cf468{ip: 192.168.34.62, host: pr-hdds-1868-lzclr-202649289, networkLocation: /default-rack, certSerialId: null}
2019-10-17 08:15:18,980 [grpc-default-executor-0] INFO  impl.RaftServerProxy (RaftServerProxy.java:addNew(89)) - d7926ef7-27aa-4029-a9d0-816772e9939f: addNew group-B581561C0086:[d7926ef7-27aa-4029-a9d0-816772e9939f:192.168.34.62:44705] returns group-B581561C0086:java.util.concurrent.CompletableFuture@16d5d382[Not completed]
2019-10-17 08:15:18,992 [pool-27-thread-1] INFO  impl.RaftServerImpl (RaftServerImpl.java:<init>(104)) - d7926ef7-27aa-4029-a9d0-816772e9939f: new RaftServerImpl for group-B581561C0086:[d7926ef7-27aa-4029-a9d0-816772e9939f:192.168.34.62:44705] with ContainerStateMachine:uninitialized
2019-10-17 08:15:18,995 [pool-27-thread-1] INFO  server.RaftServerConfigKeys (ConfUtils.java:logGet(43)) - raft.server.rpc.timeout.min = 5s (custom)
2019-10-17 08:15:18,996 [pool-27-thread-1] INFO  server.RaftServerConfigKeys (ConfUtils.java:logGet(43)) - raft.server.rpc.timeout.max = 5200ms (custom)
2019-10-17 08:15:18,996 [pool-27-thread-1] INFO  server.RaftServerConfigKeys (ConfUtils.java:logGet(43)) - raft.server.rpcslowness.timeout = 120s (custom)
2019-10-17 08:15:18,997 [pool-27-thread-1] INFO  server.RaftServerConfigKeys (ConfUtils.java:logGet(43)) - raft.server.sleep.deviation.threshold = 300 (default)
2019-10-17 08:15:18,997 [pool-27-thread-1] INFO  server.RaftServerConfigKeys (ConfUtils.java:logGet(43)) - raft.server.log.appender.install.snapshot.enabled = false (custom)
2019-10-17 08:15:19,005 [pool-27-thread-1] INFO  impl.RaftServerImpl (ServerState.java:<init>(103)) - d7926ef7-27aa-4029-a9d0-816772e9939f@group-B581561C0086: ConfigurationManager, init=-1: [d7926ef7-27aa-4029-a9d0-816772e9939f:192.168.34.62:44705], old=null, confs=<EMPTY_MAP>
2019-10-17 08:15:19,005 [pool-27-thread-1] INFO  server.RaftServerConfigKeys (ConfUtils.java:logGet(43)) - raft.server.storage.dir = [/workdir/hadoop-ozone/tools/target/test-dir/MiniOzoneClusterImpl-ff932389-c3c3-49ee-b2aa-92e1f1f07a3e/datanode-0/data/ratis] (custom)
2019-10-17 08:15:19,011 [pool-27-thread-1] INFO  server.RaftServerConfigKeys (ConfUtils.java:logGet(43)) - raft.server.log.corruption.policy = EXCEPTION (default)
2019-10-17 08:15:19,013 [pool-27-thread-1] INFO  storage.RaftStorageDirectory (RaftStorageDirectory.java:analyzeStorage(246)) - The storage directory /workdir/hadoop-ozone/tools/target/test-dir/MiniOzoneClusterImpl-ff932389-c3c3-49ee-b2aa-92e1f1f07a3e/datanode-0/data/ratis/2e3b7501-b5cb-446a-9d58-b581561c0086 does not exist. Creating ...
2019-10-17 08:15:21,545 [Thread-178] INFO  container.ReplicationManager (ReplicationManager.java:start(162)) - Starting Replication Monitor Thread.
2019-10-17 08:15:21,548 [ReplicationMonitor] INFO  container.ReplicationManager (ReplicationManager.java:run(225)) - Replication Monitor Thread took 1 milliseconds for processing 0 containers.
2019-10-17 08:15:21,727 [RATISCREATEPIPELINE1] ERROR pipeline.RatisPipelineProvider (RatisPipelineProvider.java:lambda$null$5(230)) - Failed invoke Ratis rpc org.apache.hadoop.hdds.scm.pipeline.RatisPipelineProvider$$Lambda$198/2052018756@1e757161 for d7926ef7-27aa-4029-a9d0-816772e9939f
org.apache.ratis.protocol.TimeoutIOException: deadline exceeded after 2963750672ns
	at org.apache.ratis.grpc.GrpcUtil.tryUnwrapException(GrpcUtil.java:82)
	at org.apache.ratis.grpc.GrpcUtil.unwrapException(GrpcUtil.java:75)
	at org.apache.ratis.grpc.client.GrpcClientProtocolClient.blockingCall(GrpcClientProtocolClient.java:184)
	at org.apache.ratis.grpc.client.GrpcClientProtocolClient.groupAdd(GrpcClientProtocolClient.java:153)
	at org.apache.ratis.grpc.client.GrpcClientRpc.sendRequest(GrpcClientRpc.java:94)
	at org.apache.ratis.client.impl.RaftClientImpl.sendRequest(RaftClientImpl.java:278)
	at org.apache.ratis.client.impl.RaftClientImpl.groupAdd(RaftClientImpl.java:205)
	at org.apache.hadoop.hdds.scm.pipeline.RatisPipelineProvider.lambda$initializePipeline$4(RatisPipelineProvider.java:191)
	at org.apache.hadoop.hdds.scm.pipeline.RatisPipelineProvider.lambda$null$5(RatisPipelineProvider.java:226)
	at java.util.stream.ForEachOps$ForEachOp$OfRef.accept(ForEachOps.java:183)
	at java.util.ArrayList$ArrayListSpliterator.forEachRemaining(ArrayList.java:1382)
	at java.util.stream.AbstractPipeline.copyInto(AbstractPipeline.java:482)
	at java.util.stream.ForEachOps$ForEachTask.compute(ForEachOps.java:290)
	at java.util.concurrent.CountedCompleter.exec(CountedCompleter.java:731)
	at java.util.concurrent.ForkJoinTask.doExec(ForkJoinTask.java:289)
	at java.util.concurrent.ForkJoinTask.doInvoke(ForkJoinTask.java:401)
	at java.util.concurrent.ForkJoinTask.invoke(ForkJoinTask.java:734)
	at java.util.stream.ForEachOps$ForEachOp.evaluateParallel(ForEachOps.java:159)
	at java.util.stream.ForEachOps$ForEachOp$OfRef.evaluateParallel(ForEachOps.java:173)
	at java.util.stream.AbstractPipeline.evaluate(AbstractPipeline.java:233)
	at java.util.stream.ReferencePipeline.forEach(ReferencePipeline.java:485)
	at java.util.stream.ReferencePipeline$Head.forEach(ReferencePipeline.java:650)
	at org.apache.hadoop.hdds.scm.pipeline.RatisPipelineProvider.lambda$callRatisRpc$6(RatisPipelineProvider.java:220)
	at java.util.concurrent.ForkJoinTask$AdaptedRunnableAction.exec(ForkJoinTask.java:1386)
	at java.util.concurrent.ForkJoinTask.doExec(ForkJoinTask.java:289)
	at java.util.concurrent.ForkJoinPool$WorkQueue.runTask(ForkJoinPool.java:1056)
	at java.util.concurrent.ForkJoinPool.runWorker(ForkJoinPool.java:1692)
	at java.util.concurrent.ForkJoinWorkerThread.run(ForkJoinWorkerThread.java:157)
Caused by: org.apache.ratis.thirdparty.io.grpc.StatusRuntimeException: DEADLINE_EXCEEDED: deadline exceeded after 2963750672ns
	at org.apache.ratis.thirdparty.io.grpc.stub.ClientCalls.toStatusRuntimeException(ClientCalls.java:233)
	at org.apache.ratis.thirdparty.io.grpc.stub.ClientCalls.getUnchecked(ClientCalls.java:214)
	at org.apache.ratis.thirdparty.io.grpc.stub.ClientCalls.blockingUnaryCall(ClientCalls.java:139)
	at org.apache.ratis.proto.grpc.AdminProtocolServiceGrpc$AdminProtocolServiceBlockingStub.groupManagement(AdminProtocolServiceGrpc.java:274)
	at org.apache.ratis.grpc.client.GrpcClientProtocolClient.lambda$groupAdd$3(GrpcClientProtocolClient.java:155)
	at org.apache.ratis.grpc.client.GrpcClientProtocolClient.blockingCall(GrpcClientProtocolClient.java:182)
	... 25 more
2019-10-17 08:15:21,772 [grpc-default-executor-2] INFO  impl.RaftServerProxy (RaftServerProxy.java:addNew(89)) - adef743a-bc0e-4d16-adda-0d38b00cf468: addNew group-97B724006A0F:[9e584dc6-0265-4730-a72b-17c833240a34:192.168.34.62:34940, adef743a-bc0e-4d16-adda-0d38b00cf468:192.168.34.62:36240, d7926ef7-27aa-4029-a9d0-816772e9939f:192.168.34.62:44705] returns group-97B724006A0F:java.util.concurrent.CompletableFuture@2d29c3c4[Not completed]
2019-10-17 08:15:21,798 [grpc-default-executor-1] INFO  impl.RaftServerProxy (RaftServerProxy.java:addNew(89)) - 9e584dc6-0265-4730-a72b-17c833240a34: addNew group-97B724006A0F:[9e584dc6-0265-4730-a72b-17c833240a34:192.168.34.62:34940, adef743a-bc0e-4d16-adda-0d38b00cf468:192.168.34.62:36240, d7926ef7-27aa-4029-a9d0-816772e9939f:192.168.34.62:44705] returns group-97B724006A0F:java.util.concurrent.CompletableFuture@5695b52e[Not completed]
2019-10-17 08:15:21,798 [grpc-default-executor-2] INFO  impl.RaftServerProxy (RaftServerProxy.java:addNew(89)) - d7926ef7-27aa-4029-a9d0-816772e9939f: addNew group-97B724006A0F:[9e584dc6-0265-4730-a72b-17c833240a34:192.168.34.62:34940, adef743a-bc0e-4d16-adda-0d38b00cf468:192.168.34.62:36240, d7926ef7-27aa-4029-a9d0-816772e9939f:192.168.34.62:44705] returns group-97B724006A0F:java.util.concurrent.CompletableFuture@59096462[Not completed]
2019-10-17 08:15:21,799 [pool-47-thread-1] INFO  impl.RaftServerImpl (RaftServerImpl.java:<init>(104)) - adef743a-bc0e-4d16-adda-0d38b00cf468: new RaftServerImpl for group-97B724006A0F:[9e584dc6-0265-4730-a72b-17c833240a34:192.168.34.62:34940, adef743a-bc0e-4d16-adda-0d38b00cf468:192.168.34.62:36240, d7926ef7-27aa-4029-a9d0-816772e9939f:192.168.34.62:44705] with ContainerStateMachine:uninitialized
2019-10-17 08:15:21,804 [pool-47-thread-1] INFO  server.RaftServerConfigKeys (ConfUtils.java:logGet(43)) - raft.server.rpc.timeout.min = 5s (custom)
2019-10-17 08:15:21,813 [pool-47-thread-1] INFO  server.RaftServerConfigKeys (ConfUtils.java:logGet(43)) - raft.server.rpc.timeout.max = 5200ms (custom)
2019-10-17 08:15:21,813 [pool-47-thread-1] INFO  server.RaftServerConfigKeys (ConfUtils.java:logGet(43)) - raft.server.rpcslowness.timeout = 120s (custom)
2019-10-17 08:15:21,813 [pool-47-thread-1] INFO  server.RaftServerConfigKeys (ConfUtils.java:logGet(43)) - raft.server.sleep.deviation.threshold = 300 (default)
2019-10-17 08:15:21,813 [pool-47-thread-1] INFO  server.RaftServerConfigKeys (ConfUtils.java:logGet(43)) - raft.server.log.appender.install.snapshot.enabled = false (custom)
2019-10-17 08:15:21,813 [pool-37-thread-1] INFO  impl.RaftServerImpl (RaftServerImpl.java:<init>(104)) - 9e584dc6-0265-4730-a72b-17c833240a34: new RaftServerImpl for group-97B724006A0F:[9e584dc6-0265-4730-a72b-17c833240a34:192.168.34.62:34940, adef743a-bc0e-4d16-adda-0d38b00cf468:192.168.34.62:36240, d7926ef7-27aa-4029-a9d0-816772e9939f:192.168.34.62:44705] with ContainerStateMachine:uninitialized
2019-10-17 08:15:21,814 [pool-47-thread-1] INFO  impl.RaftServerImpl (ServerState.java:<init>(103)) - adef743a-bc0e-4d16-adda-0d38b00cf468@group-97B724006A0F: ConfigurationManager, init=-1: [9e584dc6-0265-4730-a72b-17c833240a34:192.168.34.62:34940, adef743a-bc0e-4d16-adda-0d38b00cf468:192.168.34.62:36240, d7926ef7-27aa-4029-a9d0-816772e9939f:192.168.34.62:44705], old=null, confs=<EMPTY_MAP>
2019-10-17 08:15:21,814 [pool-37-thread-1] INFO  server.RaftServerConfigKeys (ConfUtils.java:logGet(43)) - raft.server.rpc.timeout.min = 5s (custom)
2019-10-17 08:15:21,815 [pool-37-thread-1] INFO  server.RaftServerConfigKeys (ConfUtils.java:logGet(43)) - raft.server.rpc.timeout.max = 5200ms (custom)
2019-10-17 08:15:21,815 [pool-47-thread-1] INFO  server.RaftServerConfigKeys (ConfUtils.java:logGet(43)) - raft.server.storage.dir = [/workdir/hadoop-ozone/tools/target/test-dir/MiniOzoneClusterImpl-ff932389-c3c3-49ee-b2aa-92e1f1f07a3e/datanode-2/data/ratis] (custom)
2019-10-17 08:15:21,815 [pool-37-thread-1] INFO  server.RaftServerConfigKeys (ConfUtils.java:logGet(43)) - raft.server.rpcslowness.timeout = 120s (custom)
2019-10-17 08:15:21,815 [pool-37-thread-1] INFO  server.RaftServerConfigKeys (ConfUtils.java:logGet(43)) - raft.server.sleep.deviation.threshold = 300 (default)
2019-10-17 08:15:21,815 [pool-47-thread-1] INFO  server.RaftServerConfigKeys (ConfUtils.java:logGet(43)) - raft.server.log.corruption.policy = EXCEPTION (default)
2019-10-17 08:15:21,815 [pool-37-thread-1] INFO  server.RaftServerConfigKeys (ConfUtils.java:logGet(43)) - raft.server.log.appender.install.snapshot.enabled = false (custom)
2019-10-17 08:15:21,816 [pool-37-thread-1] INFO  impl.RaftServerImpl (ServerState.java:<init>(103)) - 9e584dc6-0265-4730-a72b-17c833240a34@group-97B724006A0F: ConfigurationManager, init=-1: [9e584dc6-0265-4730-a72b-17c833240a34:192.168.34.62:34940, adef743a-bc0e-4d16-adda-0d38b00cf468:192.168.34.62:36240, d7926ef7-27aa-4029-a9d0-816772e9939f:192.168.34.62:44705], old=null, confs=<EMPTY_MAP>
2019-10-17 08:15:21,816 [pool-47-thread-1] INFO  storage.RaftStorageDirectory (RaftStorageDirectory.java:analyzeStorage(246)) - The storage directory /workdir/hadoop-ozone/tools/target/test-dir/MiniOzoneClusterImpl-ff932389-c3c3-49ee-b2aa-92e1f1f07a3e/datanode-2/data/ratis/777e2e62-6ee5-4872-aa29-97b724006a0f does not exist. Creating ...
2019-10-17 08:15:21,816 [pool-37-thread-1] INFO  server.RaftServerConfigKeys (ConfUtils.java:logGet(43)) - raft.server.storage.dir = [/workdir/hadoop-ozone/tools/target/test-dir/MiniOzoneClusterImpl-ff932389-c3c3-49ee-b2aa-92e1f1f07a3e/datanode-1/data/ratis] (custom)
2019-10-17 08:15:21,817 [pool-37-thread-1] INFO  server.RaftServerConfigKeys (ConfUtils.java:logGet(43)) - raft.server.log.corruption.policy = EXCEPTION (default)
2019-10-17 08:15:21,817 [pool-37-thread-1] INFO  storage.RaftStorageDirectory (RaftStorageDirectory.java:analyzeStorage(246)) - The storage directory /workdir/hadoop-ozone/tools/target/test-dir/MiniOzoneClusterImpl-ff932389-c3c3-49ee-b2aa-92e1f1f07a3e/datanode-1/data/ratis/777e2e62-6ee5-4872-aa29-97b724006a0f does not exist. Creating ...
2019-10-17 08:15:23,131 [pool-27-thread-1] INFO  storage.RaftStorageDirectory (RaftStorageDirectory.java:tryLock(328)) - Lock on /workdir/hadoop-ozone/tools/target/test-dir/MiniOzoneClusterImpl-ff932389-c3c3-49ee-b2aa-92e1f1f07a3e/datanode-0/data/ratis/2e3b7501-b5cb-446a-9d58-b581561c0086/in_use.lock acquired by nodename 4280@pr-hdds-1868-lzclr-202649289
2019-10-17 08:15:24,748 [RATISCREATEPIPELINE3] ERROR pipeline.RatisPipelineProvider (RatisPipelineProvider.java:lambda$null$5(230)) - Failed invoke Ratis rpc org.apache.hadoop.hdds.scm.pipeline.RatisPipelineProvider$$Lambda$198/2052018756@72e3257f for adef743a-bc0e-4d16-adda-0d38b00cf468
org.apache.ratis.protocol.TimeoutIOException: deadline exceeded after 2997557401ns
	at org.apache.ratis.grpc.GrpcUtil.tryUnwrapException(GrpcUtil.java:82)
	at org.apache.ratis.grpc.GrpcUtil.unwrapException(GrpcUtil.java:75)
	at org.apache.ratis.grpc.client.GrpcClientProtocolClient.blockingCall(GrpcClientProtocolClient.java:184)
	at org.apache.ratis.grpc.client.GrpcClientProtocolClient.groupAdd(GrpcClientProtocolClient.java:153)
	at org.apache.ratis.grpc.client.GrpcClientRpc.sendRequest(GrpcClientRpc.java:94)
	at org.apache.ratis.client.impl.RaftClientImpl.sendRequest(RaftClientImpl.java:278)
	at org.apache.ratis.client.impl.RaftClientImpl.groupAdd(RaftClientImpl.java:205)
	at org.apache.hadoop.hdds.scm.pipeline.RatisPipelineProvider.lambda$initializePipeline$4(RatisPipelineProvider.java:191)
	at org.apache.hadoop.hdds.scm.pipeline.RatisPipelineProvider.lambda$null$5(RatisPipelineProvider.java:226)
	at java.util.stream.ForEachOps$ForEachOp$OfRef.accept(ForEachOps.java:183)
	at java.util.ArrayList$ArrayListSpliterator.forEachRemaining(ArrayList.java:1382)
	at java.util.stream.AbstractPipeline.copyInto(AbstractPipeline.java:482)
	at java.util.stream.ForEachOps$ForEachTask.compute(ForEachOps.java:290)
	at java.util.concurrent.CountedCompleter.exec(CountedCompleter.java:731)
	at java.util.concurrent.ForkJoinTask.doExec(ForkJoinTask.java:289)
	at java.util.concurrent.ForkJoinPool$WorkQueue.runTask(ForkJoinPool.java:1056)
	at java.util.concurrent.ForkJoinPool.runWorker(ForkJoinPool.java:1692)
	at java.util.concurrent.ForkJoinWorkerThread.run(ForkJoinWorkerThread.java:157)
Caused by: org.apache.ratis.thirdparty.io.grpc.StatusRuntimeException: DEADLINE_EXCEEDED: deadline exceeded after 2997557401ns
	at org.apache.ratis.thirdparty.io.grpc.stub.ClientCalls.toStatusRuntimeException(ClientCalls.java:233)
	at org.apache.ratis.thirdparty.io.grpc.stub.ClientCalls.getUnchecked(ClientCalls.java:214)
	at org.apache.ratis.thirdparty.io.grpc.stub.ClientCalls.blockingUnaryCall(ClientCalls.java:139)
	at org.apache.ratis.proto.grpc.AdminProtocolServiceGrpc$AdminProtocolServiceBlockingStub.groupManagement(AdminProtocolServiceGrpc.java:274)
	at org.apache.ratis.grpc.client.GrpcClientProtocolClient.lambda$groupAdd$3(GrpcClientProtocolClient.java:155)
	at org.apache.ratis.grpc.client.GrpcClientProtocolClient.blockingCall(GrpcClientProtocolClient.java:182)
	... 15 more
2019-10-17 08:15:24,748 [RATISCREATEPIPELINE1] ERROR pipeline.RatisPipelineProvider (RatisPipelineProvider.java:lambda$null$5(230)) - Failed invoke Ratis rpc org.apache.hadoop.hdds.scm.pipeline.RatisPipelineProvider$$Lambda$198/2052018756@72e3257f for 9e584dc6-0265-4730-a72b-17c833240a34
org.apache.ratis.protocol.TimeoutIOException: deadline exceeded after 2999687142ns
	at org.apache.ratis.grpc.GrpcUtil.tryUnwrapException(GrpcUtil.java:82)
	at org.apache.ratis.grpc.GrpcUtil.unwrapException(GrpcUtil.java:75)
	at org.apache.ratis.grpc.client.GrpcClientProtocolClient.blockingCall(GrpcClientProtocolClient.java:184)
	at org.apache.ratis.grpc.client.GrpcClientProtocolClient.groupAdd(GrpcClientProtocolClient.java:153)
	at org.apache.ratis.grpc.client.GrpcClientRpc.sendRequest(GrpcClientRpc.java:94)
	at org.apache.ratis.client.impl.RaftClientImpl.sendRequest(RaftClientImpl.java:278)
	at org.apache.ratis.client.impl.RaftClientImpl.groupAdd(RaftClientImpl.java:205)
	at org.apache.hadoop.hdds.scm.pipeline.RatisPipelineProvider.lambda$initializePipeline$4(RatisPipelineProvider.java:191)
	at org.apache.hadoop.hdds.scm.pipeline.RatisPipelineProvider.lambda$null$5(RatisPipelineProvider.java:226)
	at java.util.stream.ForEachOps$ForEachOp$OfRef.accept(ForEachOps.java:183)
	at java.util.ArrayList$ArrayListSpliterator.forEachRemaining(ArrayList.java:1382)
	at java.util.stream.AbstractPipeline.copyInto(AbstractPipeline.java:482)
	at java.util.stream.ForEachOps$ForEachTask.compute(ForEachOps.java:290)
	at java.util.concurrent.CountedCompleter.exec(CountedCompleter.java:731)
	at java.util.concurrent.ForkJoinTask.doExec(ForkJoinTask.java:289)
	at java.util.concurrent.ForkJoinTask.doInvoke(ForkJoinTask.java:401)
	at java.util.concurrent.ForkJoinTask.invoke(ForkJoinTask.java:734)
	at java.util.stream.ForEachOps$ForEachOp.evaluateParallel(ForEachOps.java:159)
	at java.util.stream.ForEachOps$ForEachOp$OfRef.evaluateParallel(ForEachOps.java:173)
	at java.util.stream.AbstractPipeline.evaluate(AbstractPipeline.java:233)
	at java.util.stream.ReferencePipeline.forEach(ReferencePipeline.java:485)
	at java.util.stream.ReferencePipeline$Head.forEach(ReferencePipeline.java:650)
	at org.apache.hadoop.hdds.scm.pipeline.RatisPipelineProvider.lambda$callRatisRpc$6(RatisPipelineProvider.java:220)
	at java.util.concurrent.ForkJoinTask$AdaptedRunnableAction.exec(ForkJoinTask.java:1386)
	at java.util.concurrent.ForkJoinTask.doExec(ForkJoinTask.java:289)
	at java.util.concurrent.ForkJoinPool$WorkQueue.runTask(ForkJoinPool.java:1056)
	at java.util.concurrent.ForkJoinPool.runWorker(ForkJoinPool.java:1692)
	at java.util.concurrent.ForkJoinWorkerThread.run(ForkJoinWorkerThread.java:157)
Caused by: org.apache.ratis.thirdparty.io.grpc.StatusRuntimeException: DEADLINE_EXCEEDED: deadline exceeded after 2999687142ns
	at org.apache.ratis.thirdparty.io.grpc.stub.ClientCalls.toStatusRuntimeException(ClientCalls.java:233)
	at org.apache.ratis.thirdparty.io.grpc.stub.ClientCalls.getUnchecked(ClientCalls.java:214)
	at org.apache.ratis.thirdparty.io.grpc.stub.ClientCalls.blockingUnaryCall(ClientCalls.java:139)
	at org.apache.ratis.proto.grpc.AdminProtocolServiceGrpc$AdminProtocolServiceBlockingStub.groupManagement(AdminProtocolServiceGrpc.java:274)
	at org.apache.ratis.grpc.client.GrpcClientProtocolClient.lambda$groupAdd$3(GrpcClientProtocolClient.java:155)
	at org.apache.ratis.grpc.client.GrpcClientProtocolClient.blockingCall(GrpcClientProtocolClient.java:182)
	... 25 more
2019-10-17 08:15:24,748 [RATISCREATEPIPELINE2] ERROR pipeline.RatisPipelineProvider (RatisPipelineProvider.java:lambda$null$5(230)) - Failed invoke Ratis rpc org.apache.hadoop.hdds.scm.pipeline.RatisPipelineProvider$$Lambda$198/2052018756@72e3257f for d7926ef7-27aa-4029-a9d0-816772e9939f
org.apache.ratis.protocol.TimeoutIOException: deadline exceeded after 2998750425ns
	at org.apache.ratis.grpc.GrpcUtil.tryUnwrapException(GrpcUtil.java:82)
	at org.apache.ratis.grpc.GrpcUtil.unwrapException(GrpcUtil.java:75)
	at org.apache.ratis.grpc.client.GrpcClientProtocolClient.blockingCall(GrpcClientProtocolClient.java:184)
	at org.apache.ratis.grpc.client.GrpcClientProtocolClient.groupAdd(GrpcClientProtocolClient.java:153)
	at org.apache.ratis.grpc.client.GrpcClientRpc.sendRequest(GrpcClientRpc.java:94)
	at org.apache.ratis.client.impl.RaftClientImpl.sendRequest(RaftClientImpl.java:278)
	at org.apache.ratis.client.impl.RaftClientImpl.groupAdd(RaftClientImpl.java:205)
	at org.apache.hadoop.hdds.scm.pipeline.RatisPipelineProvider.lambda$initializePipeline$4(RatisPipelineProvider.java:191)
	at org.apache.hadoop.hdds.scm.pipeline.RatisPipelineProvider.lambda$null$5(RatisPipelineProvider.java:226)
	at java.util.stream.ForEachOps$ForEachOp$OfRef.accept(ForEachOps.java:183)
	at java.util.ArrayList$ArrayListSpliterator.forEachRemaining(ArrayList.java:1382)
	at java.util.stream.AbstractPipeline.copyInto(AbstractPipeline.java:482)
	at java.util.stream.ForEachOps$ForEachTask.compute(ForEachOps.java:290)
	at java.util.concurrent.CountedCompleter.exec(CountedCompleter.java:731)
	at java.util.concurrent.ForkJoinTask.doExec(ForkJoinTask.java:289)
	at java.util.concurrent.ForkJoinPool$WorkQueue.runTask(ForkJoinPool.java:1056)
	at java.util.concurrent.ForkJoinPool.runWorker(ForkJoinPool.java:1692)
	at java.util.concurrent.ForkJoinWorkerThread.run(ForkJoinWorkerThread.java:157)
Caused by: org.apache.ratis.thirdparty.io.grpc.StatusRuntimeException: DEADLINE_EXCEEDED: deadline exceeded after 2998750425ns
	at org.apache.ratis.thirdparty.io.grpc.stub.ClientCalls.toStatusRuntimeException(ClientCalls.java:233)
	at org.apache.ratis.thirdparty.io.grpc.stub.ClientCalls.getUnchecked(ClientCalls.java:214)
	at org.apache.ratis.thirdparty.io.grpc.stub.ClientCalls.blockingUnaryCall(ClientCalls.java:139)
	at org.apache.ratis.proto.grpc.AdminProtocolServiceGrpc$AdminProtocolServiceBlockingStub.groupManagement(AdminProtocolServiceGrpc.java:274)
	at org.apache.ratis.grpc.client.GrpcClientProtocolClient.lambda$groupAdd$3(GrpcClientProtocolClient.java:155)
	at org.apache.ratis.grpc.client.GrpcClientProtocolClient.blockingCall(GrpcClientProtocolClient.java:182)
	... 15 more
2019-10-17 08:15:24,778 [grpc-default-executor-2] INFO  impl.RaftServerProxy (RaftServerProxy.java:addNew(89)) - d7926ef7-27aa-4029-a9d0-816772e9939f: addNew group-95777FC81C2B:[d7926ef7-27aa-4029-a9d0-816772e9939f:192.168.34.62:44705] returns group-95777FC81C2B:java.util.concurrent.CompletableFuture@804b74a[Not completed]
2019-10-17 08:15:27,772 [RATISCREATEPIPELINE1] ERROR pipeline.RatisPipelineProvider (RatisPipelineProvider.java:lambda$null$5(230)) - Failed invoke Ratis rpc org.apache.hadoop.hdds.scm.pipeline.RatisPipelineProvider$$Lambda$198/2052018756@431978b1 for d7926ef7-27aa-4029-a9d0-816772e9939f
org.apache.ratis.protocol.TimeoutIOException: deadline exceeded after 2999520876ns
	at org.apache.ratis.grpc.GrpcUtil.tryUnwrapException(GrpcUtil.java:82)
	at org.apache.ratis.grpc.GrpcUtil.unwrapException(GrpcUtil.java:75)
	at org.apache.ratis.grpc.client.GrpcClientProtocolClient.blockingCall(GrpcClientProtocolClient.java:184)
	at org.apache.ratis.grpc.client.GrpcClientProtocolClient.groupAdd(GrpcClientProtocolClient.java:153)
	at org.apache.ratis.grpc.client.GrpcClientRpc.sendRequest(GrpcClientRpc.java:94)
	at org.apache.ratis.client.impl.RaftClientImpl.sendRequest(RaftClientImpl.java:278)
	at org.apache.ratis.client.impl.RaftClientImpl.groupAdd(RaftClientImpl.java:205)
	at org.apache.hadoop.hdds.scm.pipeline.RatisPipelineProvider.lambda$initializePipeline$4(RatisPipelineProvider.java:191)
	at org.apache.hadoop.hdds.scm.pipeline.RatisPipelineProvider.lambda$null$5(RatisPipelineProvider.java:226)
	at java.util.stream.ForEachOps$ForEachOp$OfRef.accept(ForEachOps.java:183)
	at java.util.ArrayList$ArrayListSpliterator.forEachRemaining(ArrayList.java:1382)
	at java.util.stream.AbstractPipeline.copyInto(AbstractPipeline.java:482)
	at java.util.stream.ForEachOps$ForEachTask.compute(ForEachOps.java:290)
	at java.util.concurrent.CountedCompleter.exec(CountedCompleter.java:731)
	at java.util.concurrent.ForkJoinTask.doExec(ForkJoinTask.java:289)
	at java.util.concurrent.ForkJoinTask.doInvoke(ForkJoinTask.java:401)
	at java.util.concurrent.ForkJoinTask.invoke(ForkJoinTask.java:734)
	at java.util.stream.ForEachOps$ForEachOp.evaluateParallel(ForEachOps.java:159)
	at java.util.stream.ForEachOps$ForEachOp$OfRef.evaluateParallel(ForEachOps.java:173)
	at java.util.stream.AbstractPipeline.evaluate(AbstractPipeline.java:233)
	at java.util.stream.ReferencePipeline.forEach(ReferencePipeline.java:485)
	at java.util.stream.ReferencePipeline$Head.forEach(ReferencePipeline.java:650)
	at org.apache.hadoop.hdds.scm.pipeline.RatisPipelineProvider.lambda$callRatisRpc$6(RatisPipelineProvider.java:220)
	at java.util.concurrent.ForkJoinTask$AdaptedRunnableAction.exec(ForkJoinTask.java:1386)
	at java.util.concurrent.ForkJoinTask.doExec(ForkJoinTask.java:289)
	at java.util.concurrent.ForkJoinPool$WorkQueue.runTask(ForkJoinPool.java:1056)
	at java.util.concurrent.ForkJoinPool.runWorker(ForkJoinPool.java:1692)
	at java.util.concurrent.ForkJoinWorkerThread.run(ForkJoinWorkerThread.java:157)
Caused by: org.apache.ratis.thirdparty.io.grpc.StatusRuntimeException: DEADLINE_EXCEEDED: deadline exceeded after 2999520876ns
	at org.apache.ratis.thirdparty.io.grpc.stub.ClientCalls.toStatusRuntimeException(ClientCalls.java:233)
	at org.apache.ratis.thirdparty.io.grpc.stub.ClientCalls.getUnchecked(ClientCalls.java:214)
	at org.apache.ratis.thirdparty.io.grpc.stub.ClientCalls.blockingUnaryCall(ClientCalls.java:139)
	at org.apache.ratis.proto.grpc.AdminProtocolServiceGrpc$AdminProtocolServiceBlockingStub.groupManagement(AdminProtocolServiceGrpc.java:274)
	at org.apache.ratis.grpc.client.GrpcClientProtocolClient.lambda$groupAdd$3(GrpcClientProtocolClient.java:155)
	at org.apache.ratis.grpc.client.GrpcClientProtocolClient.blockingCall(GrpcClientProtocolClient.java:182)
	... 25 more
2019-10-17 08:15:27,806 [grpc-default-executor-2] INFO  impl.RaftServerProxy (RaftServerProxy.java:addNew(89)) - d7926ef7-27aa-4029-a9d0-816772e9939f: addNew group-69AA97A4A626:[9e584dc6-0265-4730-a72b-17c833240a34:192.168.34.62:34940, adef743a-bc0e-4d16-adda-0d38b00cf468:192.168.34.62:36240, d7926ef7-27aa-4029-a9d0-816772e9939f:192.168.34.62:44705] returns group-69AA97A4A626:java.util.concurrent.CompletableFuture@7608954f[Not completed]
2019-10-17 08:15:27,808 [grpc-default-executor-1] INFO  impl.RaftServerProxy (RaftServerProxy.java:addNew(89)) - 9e584dc6-0265-4730-a72b-17c833240a34: addNew group-69AA97A4A626:[9e584dc6-0265-4730-a72b-17c833240a34:192.168.34.62:34940, adef743a-bc0e-4d16-adda-0d38b00cf468:192.168.34.62:36240, d7926ef7-27aa-4029-a9d0-816772e9939f:192.168.34.62:44705] returns group-69AA97A4A626:java.util.concurrent.CompletableFuture@67098105[Not completed]
2019-10-17 08:15:27,809 [grpc-default-executor-0] INFO  impl.RaftServerProxy (RaftServerProxy.java:addNew(89)) - adef743a-bc0e-4d16-adda-0d38b00cf468: addNew group-69AA97A4A626:[9e584dc6-0265-4730-a72b-17c833240a34:192.168.34.62:34940, adef743a-bc0e-4d16-adda-0d38b00cf468:192.168.34.62:36240, d7926ef7-27aa-4029-a9d0-816772e9939f:192.168.34.62:44705] returns group-69AA97A4A626:java.util.concurrent.CompletableFuture@3581ed42[Not completed]
2019-10-17 08:15:30,789 [RATISCREATEPIPELINE3] ERROR pipeline.RatisPipelineProvider (RatisPipelineProvider.java:lambda$null$5(230)) - Failed invoke Ratis rpc org.apache.hadoop.hdds.scm.pipeline.RatisPipelineProvider$$Lambda$198/2052018756@54033f58 for d7926ef7-27aa-4029-a9d0-816772e9939f
org.apache.ratis.protocol.TimeoutIOException: deadline exceeded after 2998750866ns
	at org.apache.ratis.grpc.GrpcUtil.tryUnwrapException(GrpcUtil.java:82)
	at org.apache.ratis.grpc.GrpcUtil.unwrapException(GrpcUtil.java:75)
	at org.apache.ratis.grpc.client.GrpcClientProtocolClient.blockingCall(GrpcClientProtocolClient.java:184)
	at org.apache.ratis.grpc.client.GrpcClientProtocolClient.groupAdd(GrpcClientProtocolClient.java:153)
	at org.apache.ratis.grpc.client.GrpcClientRpc.sendRequest(GrpcClientRpc.java:94)
	at org.apache.ratis.client.impl.RaftClientImpl.sendRequest(RaftClientImpl.java:278)
	at org.apache.ratis.client.impl.RaftClientImpl.groupAdd(RaftClientImpl.java:205)
	at org.apache.hadoop.hdds.scm.pipeline.RatisPipelineProvider.lambda$initializePipeline$4(RatisPipelineProvider.java:191)
	at org.apache.hadoop.hdds.scm.pipeline.RatisPipelineProvider.lambda$null$5(RatisPipelineProvider.java:226)
	at java.util.stream.ForEachOps$ForEachOp$OfRef.accept(ForEachOps.java:183)
	at java.util.ArrayList$ArrayListSpliterator.forEachRemaining(ArrayList.java:1382)
	at java.util.stream.AbstractPipeline.copyInto(AbstractPipeline.java:482)
	at java.util.stream.ForEachOps$ForEachTask.compute(ForEachOps.java:290)
	at java.util.concurrent.CountedCompleter.exec(CountedCompleter.java:731)
	at java.util.concurrent.ForkJoinTask.doExec(ForkJoinTask.java:289)
	at java.util.concurrent.ForkJoinPool$WorkQueue.runTask(ForkJoinPool.java:1056)
	at java.util.concurrent.ForkJoinPool.runWorker(ForkJoinPool.java:1692)
	at java.util.concurrent.ForkJoinWorkerThread.run(ForkJoinWorkerThread.java:157)
Caused by: org.apache.ratis.thirdparty.io.grpc.StatusRuntimeException: DEADLINE_EXCEEDED: deadline exceeded after 2998750866ns
	at org.apache.ratis.thirdparty.io.grpc.stub.ClientCalls.toStatusRuntimeException(ClientCalls.java:233)
	at org.apache.ratis.thirdparty.io.grpc.stub.ClientCalls.getUnchecked(ClientCalls.java:214)
	at org.apache.ratis.thirdparty.io.grpc.stub.ClientCalls.blockingUnaryCall(ClientCalls.java:139)
	at org.apache.ratis.proto.grpc.AdminProtocolServiceGrpc$AdminProtocolServiceBlockingStub.groupManagement(AdminProtocolServiceGrpc.java:274)
	at org.apache.ratis.grpc.client.GrpcClientProtocolClient.lambda$groupAdd$3(GrpcClientProtocolClient.java:155)
	at org.apache.ratis.grpc.client.GrpcClientProtocolClient.blockingCall(GrpcClientProtocolClient.java:182)
	... 15 more
2019-10-17 08:15:30,790 [RATISCREATEPIPELINE2] ERROR pipeline.RatisPipelineProvider (RatisPipelineProvider.java:lambda$null$5(230)) - Failed invoke Ratis rpc org.apache.hadoop.hdds.scm.pipeline.RatisPipelineProvider$$Lambda$198/2052018756@54033f58 for adef743a-bc0e-4d16-adda-0d38b00cf468
org.apache.ratis.protocol.TimeoutIOException: deadline exceeded after 2998755883ns
	at org.apache.ratis.grpc.GrpcUtil.tryUnwrapException(GrpcUtil.java:82)
	at org.apache.ratis.grpc.GrpcUtil.unwrapException(GrpcUtil.java:75)
	at org.apache.ratis.grpc.client.GrpcClientProtocolClient.blockingCall(GrpcClientProtocolClient.java:184)
	at org.apache.ratis.grpc.client.GrpcClientProtocolClient.groupAdd(GrpcClientProtocolClient.java:153)
	at org.apache.ratis.grpc.client.GrpcClientRpc.sendRequest(GrpcClientRpc.java:94)
	at org.apache.ratis.client.impl.RaftClientImpl.sendRequest(RaftClientImpl.java:278)
	at org.apache.ratis.client.impl.RaftClientImpl.groupAdd(RaftClientImpl.java:205)
	at org.apache.hadoop.hdds.scm.pipeline.RatisPipelineProvider.lambda$initializePipeline$4(RatisPipelineProvider.java:191)
	at org.apache.hadoop.hdds.scm.pipeline.RatisPipelineProvider.lambda$null$5(RatisPipelineProvider.java:226)
	at java.util.stream.ForEachOps$ForEachOp$OfRef.accept(ForEachOps.java:183)
	at java.util.ArrayList$ArrayListSpliterator.forEachRemaining(ArrayList.java:1382)
	at java.util.stream.AbstractPipeline.copyInto(AbstractPipeline.java:482)
	at java.util.stream.ForEachOps$ForEachTask.compute(ForEachOps.java:290)
	at java.util.concurrent.CountedCompleter.exec(CountedCompleter.java:731)
	at java.util.concurrent.ForkJoinTask.doExec(ForkJoinTask.java:289)
	at java.util.concurrent.ForkJoinPool$WorkQueue.runTask(ForkJoinPool.java:1056)
	at java.util.concurrent.ForkJoinPool.runWorker(ForkJoinPool.java:1692)
	at java.util.concurrent.ForkJoinWorkerThread.run(ForkJoinWorkerThread.java:157)
Caused by: org.apache.ratis.thirdparty.io.grpc.StatusRuntimeException: DEADLINE_EXCEEDED: deadline exceeded after 2998755883ns
	at org.apache.ratis.thirdparty.io.grpc.stub.ClientCalls.toStatusRuntimeException(ClientCalls.java:233)
	at org.apache.ratis.thirdparty.io.grpc.stub.ClientCalls.getUnchecked(ClientCalls.java:214)
	at org.apache.ratis.thirdparty.io.grpc.stub.ClientCalls.blockingUnaryCall(ClientCalls.java:139)
	at org.apache.ratis.proto.grpc.AdminProtocolServiceGrpc$AdminProtocolServiceBlockingStub.groupManagement(AdminProtocolServiceGrpc.java:274)
	at org.apache.ratis.grpc.client.GrpcClientProtocolClient.lambda$groupAdd$3(GrpcClientProtocolClient.java:155)
	at org.apache.ratis.grpc.client.GrpcClientProtocolClient.blockingCall(GrpcClientProtocolClient.java:182)
	... 15 more
2019-10-17 08:15:30,790 [RATISCREATEPIPELINE1] ERROR pipeline.RatisPipelineProvider (RatisPipelineProvider.java:lambda$null$5(230)) - Failed invoke Ratis rpc org.apache.hadoop.hdds.scm.pipeline.RatisPipelineProvider$$Lambda$198/2052018756@54033f58 for 9e584dc6-0265-4730-a72b-17c833240a34
org.apache.ratis.protocol.TimeoutIOException: deadline exceeded after 2999643039ns
	at org.apache.ratis.grpc.GrpcUtil.tryUnwrapException(GrpcUtil.java:82)
	at org.apache.ratis.grpc.GrpcUtil.unwrapException(GrpcUtil.java:75)
	at org.apache.ratis.grpc.client.GrpcClientProtocolClient.blockingCall(GrpcClientProtocolClient.java:184)
	at org.apache.ratis.grpc.client.GrpcClientProtocolClient.groupAdd(GrpcClientProtocolClient.java:153)
	at org.apache.ratis.grpc.client.GrpcClientRpc.sendRequest(GrpcClientRpc.java:94)
	at org.apache.ratis.client.impl.RaftClientImpl.sendRequest(RaftClientImpl.java:278)
	at org.apache.ratis.client.impl.RaftClientImpl.groupAdd(RaftClientImpl.java:205)
	at org.apache.hadoop.hdds.scm.pipeline.RatisPipelineProvider.lambda$initializePipeline$4(RatisPipelineProvider.java:191)
	at org.apache.hadoop.hdds.scm.pipeline.RatisPipelineProvider.lambda$null$5(RatisPipelineProvider.java:226)
	at java.util.stream.ForEachOps$ForEachOp$OfRef.accept(ForEachOps.java:183)
	at java.util.ArrayList$ArrayListSpliterator.forEachRemaining(ArrayList.java:1382)
	at java.util.stream.AbstractPipeline.copyInto(AbstractPipeline.java:482)
	at java.util.stream.ForEachOps$ForEachTask.compute(ForEachOps.java:290)
	at java.util.concurrent.CountedCompleter.exec(CountedCompleter.java:731)
	at java.util.concurrent.ForkJoinTask.doExec(ForkJoinTask.java:289)
	at java.util.concurrent.ForkJoinTask.doInvoke(ForkJoinTask.java:401)
	at java.util.concurrent.ForkJoinTask.invoke(ForkJoinTask.java:734)
	at java.util.stream.ForEachOps$ForEachOp.evaluateParallel(ForEachOps.java:159)
	at java.util.stream.ForEachOps$ForEachOp$OfRef.evaluateParallel(ForEachOps.java:173)
	at java.util.stream.AbstractPipeline.evaluate(AbstractPipeline.java:233)
	at java.util.stream.ReferencePipeline.forEach(ReferencePipeline.java:485)
	at java.util.stream.ReferencePipeline$Head.forEach(ReferencePipeline.java:650)
	at org.apache.hadoop.hdds.scm.pipeline.RatisPipelineProvider.lambda$callRatisRpc$6(RatisPipelineProvider.java:220)
	at java.util.concurrent.ForkJoinTask$AdaptedRunnableAction.exec(ForkJoinTask.java:1386)
	at java.util.concurrent.ForkJoinTask.doExec(ForkJoinTask.java:289)
	at java.util.concurrent.ForkJoinPool$WorkQueue.runTask(ForkJoinPool.java:1056)
	at java.util.concurrent.ForkJoinPool.runWorker(ForkJoinPool.java:1692)
	at java.util.concurrent.ForkJoinWorkerThread.run(ForkJoinWorkerThread.java:157)
Caused by: org.apache.ratis.thirdparty.io.grpc.StatusRuntimeException: DEADLINE_EXCEEDED: deadline exceeded after 2999643039ns
	at org.apache.ratis.thirdparty.io.grpc.stub.ClientCalls.toStatusRuntimeException(ClientCalls.java:233)
	at org.apache.ratis.thirdparty.io.grpc.stub.ClientCalls.getUnchecked(ClientCalls.java:214)
	at org.apache.ratis.thirdparty.io.grpc.stub.ClientCalls.blockingUnaryCall(ClientCalls.java:139)
	at org.apache.ratis.proto.grpc.AdminProtocolServiceGrpc$AdminProtocolServiceBlockingStub.groupManagement(AdminProtocolServiceGrpc.java:274)
	at org.apache.ratis.grpc.client.GrpcClientProtocolClient.lambda$groupAdd$3(GrpcClientProtocolClient.java:155)
	at org.apache.ratis.grpc.client.GrpcClientProtocolClient.blockingCall(GrpcClientProtocolClient.java:182)
	... 25 more
2019-10-17 08:15:30,796 [main] INFO  ozone.MiniOzoneClusterImpl (MiniOzoneClusterImpl.java:lambda$waitForClusterToBeReady$2(172)) - Waiting for cluster to be ready. Got 2 of 3 DN Heartbeats.
2019-10-17 08:15:31,797 [main] INFO  ozone.MiniOzoneClusterImpl (MiniOzoneClusterImpl.java:lambda$waitForClusterToBeReady$2(172)) - Cluster is ready. Got 3 of 3 DN Heartbeats.
2019-10-17 08:15:32,415 [main] INFO  freon.RandomKeyGenerator (RandomKeyGenerator.java:call(283)) - Number of Threads: 10
2019-10-17 08:15:32,416 [main] INFO  freon.RandomKeyGenerator (RandomKeyGenerator.java:call(288)) - Number of Volumes: 1.
2019-10-17 08:15:32,416 [main] INFO  freon.RandomKeyGenerator (RandomKeyGenerator.java:call(289)) - Number of Buckets per Volume: 1.
2019-10-17 08:15:32,416 [main] INFO  freon.RandomKeyGenerator (RandomKeyGenerator.java:call(290)) - Number of Keys per Bucket: 1.
2019-10-17 08:15:32,416 [main] INFO  freon.RandomKeyGenerator (RandomKeyGenerator.java:call(291)) - Key size: 20971520 bytes
2019-10-17 08:15:32,416 [main] INFO  freon.RandomKeyGenerator (RandomKeyGenerator.java:call(292)) - Buffer size: 4096 bytes
2019-10-17 08:15:32,416 [main] INFO  freon.RandomKeyGenerator (RandomKeyGenerator.java:call(293)) - validateWrites : true
2019-10-17 08:15:32,420 [main] INFO  freon.RandomKeyGenerator (RandomKeyGenerator.java:call(307)) - Data validation is enabled.
2019-10-17 08:15:32,421 [main] INFO  freon.RandomKeyGenerator (RandomKeyGenerator.java:call(313)) - Starting progress bar Thread.

 0.00% |?                                                                                                    |  0/1 Time: 0:00:002019-10-17 08:15:32,449 [pool-53-thread-1] INFO  rpc.RpcClient (RpcClient.java:createVolume(272)) - Creating Volume: vol-0-99003, with jenkins1000 as owner.
2019-10-17 08:15:32,541 [pool-37-thread-1] INFO  storage.RaftStorageDirectory (RaftStorageDirectory.java:tryLock(328)) - Lock on /workdir/hadoop-ozone/tools/target/test-dir/MiniOzoneClusterImpl-ff932389-c3c3-49ee-b2aa-92e1f1f07a3e/datanode-1/data/ratis/777e2e62-6ee5-4872-aa29-97b724006a0f/in_use.lock acquired by nodename 4280@pr-hdds-1868-lzclr-202649289
2019-10-17 08:15:32,541 [pool-47-thread-1] INFO  storage.RaftStorageDirectory (RaftStorageDirectory.java:tryLock(328)) - Lock on /workdir/hadoop-ozone/tools/target/test-dir/MiniOzoneClusterImpl-ff932389-c3c3-49ee-b2aa-92e1f1f07a3e/datanode-2/data/ratis/777e2e62-6ee5-4872-aa29-97b724006a0f/in_use.lock acquired by nodename 4280@pr-hdds-1868-lzclr-202649289
2019-10-17 08:15:32,548 [IPC Server handler 0 on 42479] INFO  volume.OMVolumeCreateRequest (OMVolumeCreateRequest.java:validateAndUpdateCache(193)) - created volume:vol-0-99003 for user:jenkins1000
 0.00% |?                                                                                                    |  0/1 Time: 0:00:01 0.00% |?                                                                                                    |  0/1 Time: 0:00:022019-10-17 08:15:35,102 [pool-53-thread-2] INFO  rpc.RpcClient (RpcClient.java:createBucket(411)) - Creating Bucket: vol-0-99003/bucket-0-90155, with Versioning false and Storage Type set to DISK and Encryption set to false 
2019-10-17 08:15:35,199 [grpc-default-executor-1] INFO  impl.RaftServerProxy (RaftServerProxy.java:addNew(89)) - d7926ef7-27aa-4029-a9d0-816772e9939f: addNew group-F15EDDB49989:[9e584dc6-0265-4730-a72b-17c833240a34:192.168.34.62:34940, adef743a-bc0e-4d16-adda-0d38b00cf468:192.168.34.62:36240, d7926ef7-27aa-4029-a9d0-816772e9939f:192.168.34.62:44705] returns group-F15EDDB49989:java.util.concurrent.CompletableFuture@36ba4a61[Not completed]
2019-10-17 08:15:35,199 [grpc-default-executor-2] INFO  impl.RaftServerProxy (RaftServerProxy.java:addNew(89)) - adef743a-bc0e-4d16-adda-0d38b00cf468: addNew group-F15EDDB49989:[9e584dc6-0265-4730-a72b-17c833240a34:192.168.34.62:34940, adef743a-bc0e-4d16-adda-0d38b00cf468:192.168.34.62:36240, d7926ef7-27aa-4029-a9d0-816772e9939f:192.168.34.62:44705] returns group-F15EDDB49989:java.util.concurrent.CompletableFuture@c4a4be7[Not completed]
2019-10-17 08:15:35,199 [grpc-default-executor-3] INFO  impl.RaftServerProxy (RaftServerProxy.java:addNew(89)) - 9e584dc6-0265-4730-a72b-17c833240a34: addNew group-F15EDDB49989:[9e584dc6-0265-4730-a72b-17c833240a34:192.168.34.62:34940, adef743a-bc0e-4d16-adda-0d38b00cf468:192.168.34.62:36240, d7926ef7-27aa-4029-a9d0-816772e9939f:192.168.34.62:44705] returns group-F15EDDB49989:java.util.concurrent.CompletableFuture@652d6893[Not completed]
 0.00% |?                                                                                                    |  0/1 Time: 0:00:03 0.00% |?                                                                                                    |  0/1 Time: 0:00:04 0.00% |?                                                                                                    |  0/1 Time: 0:00:052019-10-17 08:15:38,004 [pool-27-thread-1] INFO  storage.RaftStorage (RaftStorage.java:format(84)) - Storage directory /workdir/hadoop-ozone/tools/target/test-dir/MiniOzoneClusterImpl-ff932389-c3c3-49ee-b2aa-92e1f1f07a3e/datanode-0/data/ratis/2e3b7501-b5cb-446a-9d58-b581561c0086 has been successfully formatted.
 0.00% |?                                                                                                    |  0/1 Time: 0:00:06 0.00% |?                                                                                                    |  0/1 Time: 0:00:072019-10-17 08:15:39,642 [pool-37-thread-1] INFO  storage.RaftStorage (RaftStorage.java:format(84)) - Storage directory /workdir/hadoop-ozone/tools/target/test-dir/MiniOzoneClusterImpl-ff932389-c3c3-49ee-b2aa-92e1f1f07a3e/datanode-1/data/ratis/777e2e62-6ee5-4872-aa29-97b724006a0f has been successfully formatted.
2019-10-17 08:15:39,642 [pool-47-thread-1] INFO  storage.RaftStorage (RaftStorage.java:format(84)) - Storage directory /workdir/hadoop-ozone/tools/target/test-dir/MiniOzoneClusterImpl-ff932389-c3c3-49ee-b2aa-92e1f1f07a3e/datanode-2/data/ratis/777e2e62-6ee5-4872-aa29-97b724006a0f has been successfully formatted.
2019-10-17 08:15:39,652 [RATISCREATEPIPELINE3] ERROR pipeline.RatisPipelineProvider (RatisPipelineProvider.java:lambda$null$5(230)) - Failed invoke Ratis rpc org.apache.hadoop.hdds.scm.pipeline.RatisPipelineProvider$$Lambda$198/2052018756@25944957 for d7926ef7-27aa-4029-a9d0-816772e9939f
org.apache.ratis.protocol.TimeoutIOException: deadline exceeded after 2997957887ns
	at org.apache.ratis.grpc.GrpcUtil.tryUnwrapException(GrpcUtil.java:82)
	at org.apache.ratis.grpc.GrpcUtil.unwrapException(GrpcUtil.java:75)
	at org.apache.ratis.grpc.client.GrpcClientProtocolClient.blockingCall(GrpcClientProtocolClient.java:184)
	at org.apache.ratis.grpc.client.GrpcClientProtocolClient.groupAdd(GrpcClientProtocolClient.java:153)
	at org.apache.ratis.grpc.client.GrpcClientRpc.sendRequest(GrpcClientRpc.java:94)
	at org.apache.ratis.client.impl.RaftClientImpl.sendRequest(RaftClientImpl.java:278)
	at org.apache.ratis.client.impl.RaftClientImpl.groupAdd(RaftClientImpl.java:205)
	at org.apache.hadoop.hdds.scm.pipeline.RatisPipelineProvider.lambda$initializePipeline$4(RatisPipelineProvider.java:191)
	at org.apache.hadoop.hdds.scm.pipeline.RatisPipelineProvider.lambda$null$5(RatisPipelineProvider.java:226)
	at java.util.stream.ForEachOps$ForEachOp$OfRef.accept(ForEachOps.java:183)
	at java.util.ArrayList$ArrayListSpliterator.forEachRemaining(ArrayList.java:1382)
	at java.util.stream.AbstractPipeline.copyInto(AbstractPipeline.java:482)
	at java.util.stream.ForEachOps$ForEachTask.compute(ForEachOps.java:290)
	at java.util.concurrent.CountedCompleter.exec(CountedCompleter.java:731)
	at java.util.concurrent.ForkJoinTask.doExec(ForkJoinTask.java:289)
	at java.util.concurrent.ForkJoinPool$WorkQueue.runTask(ForkJoinPool.java:1056)
	at java.util.concurrent.ForkJoinPool.runWorker(ForkJoinPool.java:1692)
	at java.util.concurrent.ForkJoinWorkerThread.run(ForkJoinWorkerThread.java:157)
Caused by: org.apache.ratis.thirdparty.io.grpc.StatusRuntimeException: DEADLINE_EXCEEDED: deadline exceeded after 2997957887ns
	at org.apache.ratis.thirdparty.io.grpc.stub.ClientCalls.toStatusRuntimeException(ClientCalls.java:233)
	at org.apache.ratis.thirdparty.io.grpc.stub.ClientCalls.getUnchecked(ClientCalls.java:214)
	at org.apache.ratis.thirdparty.io.grpc.stub.ClientCalls.blockingUnaryCall(ClientCalls.java:139)
	at org.apache.ratis.proto.grpc.AdminProtocolServiceGrpc$AdminProtocolServiceBlockingStub.groupManagement(AdminProtocolServiceGrpc.java:274)
	at org.apache.ratis.grpc.client.GrpcClientProtocolClient.lambda$groupAdd$3(GrpcClientProtocolClient.java:155)
	at org.apache.ratis.grpc.client.GrpcClientProtocolClient.blockingCall(GrpcClientProtocolClient.java:182)
	... 15 more
2019-10-17 08:15:39,656 [RATISCREATEPIPELINE2] ERROR pipeline.RatisPipelineProvider (RatisPipelineProvider.java:lambda$null$5(230)) - Failed invoke Ratis rpc org.apache.hadoop.hdds.scm.pipeline.RatisPipelineProvider$$Lambda$198/2052018756@25944957 for 9e584dc6-0265-4730-a72b-17c833240a34
org.apache.ratis.protocol.TimeoutIOException: deadline exceeded after 2999617955ns
	at org.apache.ratis.grpc.GrpcUtil.tryUnwrapException(GrpcUtil.java:82)
	at org.apache.ratis.grpc.GrpcUtil.unwrapException(GrpcUtil.java:75)
	at org.apache.ratis.grpc.client.GrpcClientProtocolClient.blockingCall(GrpcClientProtocolClient.java:184)
	at org.apache.ratis.grpc.client.GrpcClientProtocolClient.groupAdd(GrpcClientProtocolClient.java:153)
	at org.apache.ratis.grpc.client.GrpcClientRpc.sendRequest(GrpcClientRpc.java:94)
	at org.apache.ratis.client.impl.RaftClientImpl.sendRequest(RaftClientImpl.java:278)
	at org.apache.ratis.client.impl.RaftClientImpl.groupAdd(RaftClientImpl.java:205)
	at org.apache.hadoop.hdds.scm.pipeline.RatisPipelineProvider.lambda$initializePipeline$4(RatisPipelineProvider.java:191)
	at org.apache.hadoop.hdds.scm.pipeline.RatisPipelineProvider.lambda$null$5(RatisPipelineProvider.java:226)
	at java.util.stream.ForEachOps$ForEachOp$OfRef.accept(ForEachOps.java:183)
	at java.util.ArrayList$ArrayListSpliterator.forEachRemaining(ArrayList.java:1382)
	at java.util.stream.AbstractPipeline.copyInto(AbstractPipeline.java:482)
	at java.util.stream.ForEachOps$ForEachTask.compute(ForEachOps.java:290)
	at java.util.concurrent.CountedCompleter.exec(CountedCompleter.java:731)
	at java.util.concurrent.ForkJoinTask.doExec(ForkJoinTask.java:289)
	at java.util.concurrent.ForkJoinTask.doInvoke(ForkJoinTask.java:401)
	at java.util.concurrent.ForkJoinTask.invoke(ForkJoinTask.java:734)
	at java.util.stream.ForEachOps$ForEachOp.evaluateParallel(ForEachOps.java:159)
	at java.util.stream.ForEachOps$ForEachOp$OfRef.evaluateParallel(ForEachOps.java:173)
	at java.util.stream.AbstractPipeline.evaluate(AbstractPipeline.java:233)
	at java.util.stream.ReferencePipeline.forEach(ReferencePipeline.java:485)
	at java.util.stream.ReferencePipeline$Head.forEach(ReferencePipeline.java:650)
	at org.apache.hadoop.hdds.scm.pipeline.RatisPipelineProvider.lambda$callRatisRpc$6(RatisPipelineProvider.java:220)
	at java.util.concurrent.ForkJoinTask$AdaptedRunnableAction.exec(ForkJoinTask.java:1386)
	at java.util.concurrent.ForkJoinTask.doExec(ForkJoinTask.java:289)
	at java.util.concurrent.ForkJoinPool$WorkQueue.runTask(ForkJoinPool.java:1056)
	at java.util.concurrent.ForkJoinPool.runWorker(ForkJoinPool.java:1692)
	at java.util.concurrent.ForkJoinWorkerThread.run(ForkJoinWorkerThread.java:157)
Caused by: org.apache.ratis.thirdparty.io.grpc.StatusRuntimeException: DEADLINE_EXCEEDED: deadline exceeded after 2999617955ns
	at org.apache.ratis.thirdparty.io.grpc.stub.ClientCalls.toStatusRuntimeException(ClientCalls.java:233)
	at org.apache.ratis.thirdparty.io.grpc.stub.ClientCalls.getUnchecked(ClientCalls.java:214)
	at org.apache.ratis.thirdparty.io.grpc.stub.ClientCalls.blockingUnaryCall(ClientCalls.java:139)
	at org.apache.ratis.proto.grpc.AdminProtocolServiceGrpc$AdminProtocolServiceBlockingStub.groupManagement(AdminProtocolServiceGrpc.java:274)
	at org.apache.ratis.grpc.client.GrpcClientProtocolClient.lambda$groupAdd$3(GrpcClientProtocolClient.java:155)
	at org.apache.ratis.grpc.client.GrpcClientProtocolClient.blockingCall(GrpcClientProtocolClient.java:182)
	... 25 more
2019-10-17 08:15:39,661 [pool-27-thread-1] INFO  ratis.ContainerStateMachine (ContainerStateMachine.java:loadSnapshot(233)) - group-B581561C0086: The snapshot info is null. Setting the last applied indexto:(t:0, i:~)
2019-10-17 08:15:39,661 [pool-47-thread-1] INFO  ratis.ContainerStateMachine (ContainerStateMachine.java:loadSnapshot(233)) - group-97B724006A0F: The snapshot info is null. Setting the last applied indexto:(t:0, i:~)
2019-10-17 08:15:39,661 [pool-37-thread-1] INFO  ratis.ContainerStateMachine (ContainerStateMachine.java:loadSnapshot(233)) - group-97B724006A0F: The snapshot info is null. Setting the last applied indexto:(t:0, i:~)
2019-10-17 08:15:39,661 [RATISCREATEPIPELINE0] ERROR pipeline.RatisPipelineProvider (RatisPipelineProvider.java:lambda$null$5(230)) - Failed invoke Ratis rpc org.apache.hadoop.hdds.scm.pipeline.RatisPipelineProvider$$Lambda$198/2052018756@25944957 for adef743a-bc0e-4d16-adda-0d38b00cf468
org.apache.ratis.protocol.TimeoutIOException: deadline exceeded after 2998802172ns
	at org.apache.ratis.grpc.GrpcUtil.tryUnwrapException(GrpcUtil.java:82)
	at org.apache.ratis.grpc.GrpcUtil.unwrapException(GrpcUtil.java:75)
	at org.apache.ratis.grpc.client.GrpcClientProtocolClient.blockingCall(GrpcClientProtocolClient.java:184)
	at org.apache.ratis.grpc.client.GrpcClientProtocolClient.groupAdd(GrpcClientProtocolClient.java:153)
	at org.apache.ratis.grpc.client.GrpcClientRpc.sendRequest(GrpcClientRpc.java:94)
	at org.apache.ratis.client.impl.RaftClientImpl.sendRequest(RaftClientImpl.java:278)
	at org.apache.ratis.client.impl.RaftClientImpl.groupAdd(RaftClientImpl.java:205)
	at org.apache.hadoop.hdds.scm.pipeline.RatisPipelineProvider.lambda$initializePipeline$4(RatisPipelineProvider.java:191)
	at org.apache.hadoop.hdds.scm.pipeline.RatisPipelineProvider.lambda$null$5(RatisPipelineProvider.java:226)
	at java.util.stream.ForEachOps$ForEachOp$OfRef.accept(ForEachOps.java:183)
	at java.util.ArrayList$ArrayListSpliterator.forEachRemaining(ArrayList.java:1382)
	at java.util.stream.AbstractPipeline.copyInto(AbstractPipeline.java:482)
	at java.util.stream.ForEachOps$ForEachTask.compute(ForEachOps.java:290)
	at java.util.concurrent.CountedCompleter.exec(CountedCompleter.java:731)
	at java.util.concurrent.ForkJoinTask.doExec(ForkJoinTask.java:289)
	at java.util.concurrent.ForkJoinPool$WorkQueue.runTask(ForkJoinPool.java:1056)
	at java.util.concurrent.ForkJoinPool.runWorker(ForkJoinPool.java:1692)
	at java.util.concurrent.ForkJoinWorkerThread.run(ForkJoinWorkerThread.java:157)
Caused by: org.apache.ratis.thirdparty.io.grpc.StatusRuntimeException: DEADLINE_EXCEEDED: deadline exceeded after 2998802172ns
	at org.apache.ratis.thirdparty.io.grpc.stub.ClientCalls.toStatusRuntimeException(ClientCalls.java:233)
	at org.apache.ratis.thirdparty.io.grpc.stub.ClientCalls.getUnchecked(ClientCalls.java:214)
	at org.apache.ratis.thirdparty.io.grpc.stub.ClientCalls.blockingUnaryCall(ClientCalls.java:139)
	at org.apache.ratis.proto.grpc.AdminProtocolServiceGrpc$AdminProtocolServiceBlockingStub.groupManagement(AdminProtocolServiceGrpc.java:274)
	at org.apache.ratis.grpc.client.GrpcClientProtocolClient.lambda$groupAdd$3(GrpcClientProtocolClient.java:155)
	at org.apache.ratis.grpc.client.GrpcClientProtocolClient.blockingCall(GrpcClientProtocolClient.java:182)
	... 15 more
2019-10-17 08:15:39,665 [pool-37-thread-1] INFO  server.RaftServerConfigKeys (ConfUtils.java:logGet(43)) - raft.server.notification.no-leader.timeout = 120s (custom)
2019-10-17 08:15:39,665 [pool-47-thread-1] INFO  server.RaftServerConfigKeys (ConfUtils.java:logGet(43)) - raft.server.notification.no-leader.timeout = 120s (custom)
2019-10-17 08:15:39,664 [pool-27-thread-1] INFO  server.RaftServerConfigKeys (ConfUtils.java:logGet(43)) - raft.server.notification.no-leader.timeout = 120s (custom)
2019-10-17 08:15:39,666 [IPC Server handler 1 on 41519] WARN  block.BlockManagerImpl (BlockManagerImpl.java:allocateBlock(200)) - Pipeline creation failed for type:RATIS factor:THREE. Retrying get pipelines call once.
org.apache.hadoop.io.MultipleIOException: 3 exceptions [java.io.IOException: Failed invoke Ratis rpc org.apache.hadoop.hdds.scm.pipeline.RatisPipelineProvider$$Lambda$198/2052018756@25944957 for d7926ef7-27aa-4029-a9d0-816772e9939f, java.io.IOException: Failed invoke Ratis rpc org.apache.hadoop.hdds.scm.pipeline.RatisPipelineProvider$$Lambda$198/2052018756@25944957 for 9e584dc6-0265-4730-a72b-17c833240a34, java.io.IOException: Failed invoke Ratis rpc org.apache.hadoop.hdds.scm.pipeline.RatisPipelineProvider$$Lambda$198/2052018756@25944957 for adef743a-bc0e-4d16-adda-0d38b00cf468]
	at org.apache.hadoop.io.MultipleIOException.createIOException(MultipleIOException.java:53)
	at org.apache.hadoop.hdds.scm.pipeline.RatisPipelineProvider.callRatisRpc(RatisPipelineProvider.java:246)
	at org.apache.hadoop.hdds.scm.pipeline.RatisPipelineProvider.initializePipeline(RatisPipelineProvider.java:189)
	at org.apache.hadoop.hdds.scm.pipeline.RatisPipelineProvider.create(RatisPipelineProvider.java:157)
	at org.apache.hadoop.hdds.scm.pipeline.PipelineFactory.create(PipelineFactory.java:58)
	at org.apache.hadoop.hdds.scm.pipeline.SCMPipelineManager.createPipeline(SCMPipelineManager.java:155)
	at org.apache.hadoop.hdds.scm.block.BlockManagerImpl.allocateBlock(BlockManagerImpl.java:198)
	at org.apache.hadoop.hdds.scm.server.SCMBlockProtocolServer.allocateBlock(SCMBlockProtocolServer.java:182)
	at org.apache.hadoop.hdds.scm.protocol.ScmBlockLocationProtocolServerSideTranslatorPB.allocateScmBlock(ScmBlockLocationProtocolServerSideTranslatorPB.java:159)
	at org.apache.hadoop.hdds.scm.protocol.ScmBlockLocationProtocolServerSideTranslatorPB.processMessage(ScmBlockLocationProtocolServerSideTranslatorPB.java:117)
	at org.apache.hadoop.hdds.server.OzoneProtocolMessageDispatcher.processRequest(OzoneProtocolMessageDispatcher.java:72)
	at org.apache.hadoop.hdds.scm.protocol.ScmBlockLocationProtocolServerSideTranslatorPB.send(ScmBlockLocationProtocolServerSideTranslatorPB.java:98)
	at org.apache.hadoop.hdds.protocol.proto.ScmBlockLocationProtocolProtos$ScmBlockLocationProtocolService$2.callBlockingMethod(ScmBlockLocationProtocolProtos.java:13157)
	at org.apache.hadoop.ipc.ProtobufRpcEngine$Server$ProtoBufRpcInvoker.call(ProtobufRpcEngine.java:524)
	at org.apache.hadoop.ipc.RPC$Server.call(RPC.java:1025)
	at org.apache.hadoop.ipc.Server$RpcCall.run(Server.java:876)
	at org.apache.hadoop.ipc.Server$RpcCall.run(Server.java:822)
	at java.security.AccessController.doPrivileged(Native Method)
	at javax.security.auth.Subject.doAs(Subject.java:422)
	at org.apache.hadoop.security.UserGroupInformation.doAs(UserGroupInformation.java:1730)
	at org.apache.hadoop.ipc.Server$Handler.run(Server.java:2682)
2019-10-17 08:15:39,667 [IPC Server handler 1 on 41519] INFO  block.BlockManagerImpl (BlockManagerImpl.java:allocateBlock(212)) - Could not find available pipeline of type:RATIS and factor:THREE even after retrying
2019-10-17 08:15:39,668 [IPC Server handler 1 on 41519] ERROR block.BlockManagerImpl (BlockManagerImpl.java:allocateBlock(236)) - Unable to allocate a block for the size: 4194304, type: RATIS, factor: THREE
2019-10-17 08:15:39,669 [pool-27-thread-1] INFO  server.RaftServerConfigKeys (ConfUtils.java:logGet(43)) - raft.server.log.use.memory = false (default)
2019-10-17 08:15:39,669 [pool-47-thread-1] INFO  server.RaftServerConfigKeys (ConfUtils.java:logGet(43)) - raft.server.log.use.memory = false (default)
2019-10-17 08:15:39,669 [pool-37-thread-1] INFO  server.RaftServerConfigKeys (ConfUtils.java:logGet(43)) - raft.server.log.use.memory = false (default)
2019-10-17 08:15:39,682 [pool-27-thread-1] INFO  server.RaftServerConfigKeys (ConfUtils.java:logGet(43)) - raft.server.log.purge.gap = 1000000 (custom)
2019-10-17 08:15:39,683 [pool-47-thread-1] INFO  server.RaftServerConfigKeys (ConfUtils.java:logGet(43)) - raft.server.log.purge.gap = 1000000 (custom)
2019-10-17 08:15:39,683 [pool-27-thread-1] INFO  server.RaftServerConfigKeys (ConfUtils.java:logGet(43)) - raft.server.log.appender.buffer.byte-limit = 33554432 (custom)
2019-10-17 08:15:39,683 [pool-37-thread-1] INFO  server.RaftServerConfigKeys (ConfUtils.java:logGet(43)) - raft.server.log.purge.gap = 1000000 (custom)
2019-10-17 08:15:39,683 [pool-47-thread-1] INFO  server.RaftServerConfigKeys (ConfUtils.java:logGet(43)) - raft.server.log.appender.buffer.byte-limit = 33554432 (custom)
2019-10-17 08:15:39,683 [pool-37-thread-1] INFO  server.RaftServerConfigKeys (ConfUtils.java:logGet(43)) - raft.server.log.appender.buffer.byte-limit = 33554432 (custom)
2019-10-17 08:15:39,687 [grpc-default-executor-1] INFO  impl.RaftServerProxy (RaftServerProxy.java:addNew(89)) - 9e584dc6-0265-4730-a72b-17c833240a34: addNew group-B80ED2DD9319:[9e584dc6-0265-4730-a72b-17c833240a34:192.168.34.62:34940, adef743a-bc0e-4d16-adda-0d38b00cf468:192.168.34.62:36240, d7926ef7-27aa-4029-a9d0-816772e9939f:192.168.34.62:44705] returns group-B80ED2DD9319:java.util.concurrent.CompletableFuture@76759167[Not completed]
2019-10-17 08:15:39,688 [grpc-default-executor-0] INFO  impl.RaftServerProxy (RaftServerProxy.java:addNew(89)) - adef743a-bc0e-4d16-adda-0d38b00cf468: addNew group-B80ED2DD9319:[9e584dc6-0265-4730-a72b-17c833240a34:192.168.34.62:34940, adef743a-bc0e-4d16-adda-0d38b00cf468:192.168.34.62:36240, d7926ef7-27aa-4029-a9d0-816772e9939f:192.168.34.62:44705] returns group-B80ED2DD9319:java.util.concurrent.CompletableFuture@3b168cff[Not completed]
2019-10-17 08:15:39,688 [pool-27-thread-1] INFO  server.RaftServerConfigKeys (ConfUtils.java:logGet(43)) - raft.server.log.segment.size.max = 1048576 (custom)
2019-10-17 08:15:39,688 [pool-47-thread-1] INFO  server.RaftServerConfigKeys (ConfUtils.java:logGet(43)) - raft.server.log.segment.size.max = 1048576 (custom)
2019-10-17 08:15:39,689 [grpc-default-executor-3] INFO  impl.RaftServerProxy (RaftServerProxy.java:addNew(89)) - d7926ef7-27aa-4029-a9d0-816772e9939f: addNew group-B80ED2DD9319:[9e584dc6-0265-4730-a72b-17c833240a34:192.168.34.62:34940, adef743a-bc0e-4d16-adda-0d38b00cf468:192.168.34.62:36240, d7926ef7-27aa-4029-a9d0-816772e9939f:192.168.34.62:44705] returns group-B80ED2DD9319:java.util.concurrent.CompletableFuture@241062a8[Not completed]
2019-10-17 08:15:39,688 [pool-37-thread-1] INFO  server.RaftServerConfigKeys (ConfUtils.java:logGet(43)) - raft.server.log.segment.size.max = 1048576 (custom)
2019-10-17 08:15:39,690 [pool-27-thread-1] INFO  impl.MetricsSystemImpl (MetricsSystemImpl.java:init(158)) - ratis metrics system started (again)
2019-10-17 08:15:39,697 [pool-27-thread-1] INFO  metrics.MetricRegistries (MetricRegistriesLoader.java:load(64)) - Loaded MetricRegistries class org.apache.ratis.metrics.impl.MetricRegistriesImpl
2019-10-17 08:15:39,767 [pool-37-thread-1] INFO  server.RaftServerConfigKeys (ConfUtils.java:logGet(43)) - raft.server.log.segment.cache.num.max = 2 (custom)
2019-10-17 08:15:39,767 [pool-47-thread-1] INFO  server.RaftServerConfigKeys (ConfUtils.java:logGet(43)) - raft.server.log.segment.cache.num.max = 2 (custom)
2019-10-17 08:15:39,767 [pool-27-thread-1] INFO  server.RaftServerConfigKeys (ConfUtils.java:logGet(43)) - raft.server.log.segment.cache.num.max = 2 (custom)
2019-10-17 08:15:39,774 [pool-37-thread-1] INFO  segmented.SegmentedRaftLogWorker (SegmentedRaftLogWorker.java:<init>(173)) - new 9e584dc6-0265-4730-a72b-17c833240a34@group-97B724006A0F-SegmentedRaftLogWorker for RaftStorage:Storage Directory /workdir/hadoop-ozone/tools/target/test-dir/MiniOzoneClusterImpl-ff932389-c3c3-49ee-b2aa-92e1f1f07a3e/datanode-1/data/ratis/777e2e62-6ee5-4872-aa29-97b724006a0f
2019-10-17 08:15:39,774 [pool-47-thread-1] INFO  segmented.SegmentedRaftLogWorker (SegmentedRaftLogWorker.java:<init>(173)) - new adef743a-bc0e-4d16-adda-0d38b00cf468@group-97B724006A0F-SegmentedRaftLogWorker for RaftStorage:Storage Directory /workdir/hadoop-ozone/tools/target/test-dir/MiniOzoneClusterImpl-ff932389-c3c3-49ee-b2aa-92e1f1f07a3e/datanode-2/data/ratis/777e2e62-6ee5-4872-aa29-97b724006a0f
2019-10-17 08:15:39,774 [pool-27-thread-1] INFO  segmented.SegmentedRaftLogWorker (SegmentedRaftLogWorker.java:<init>(173)) - new d7926ef7-27aa-4029-a9d0-816772e9939f@group-B581561C0086-SegmentedRaftLogWorker for RaftStorage:Storage Directory /workdir/hadoop-ozone/tools/target/test-dir/MiniOzoneClusterImpl-ff932389-c3c3-49ee-b2aa-92e1f1f07a3e/datanode-0/data/ratis/2e3b7501-b5cb-446a-9d58-b581561c0086
2019-10-17 08:15:39,777 [pool-37-thread-1] INFO  server.RaftServerConfigKeys (ConfUtils.java:logGet(43)) - raft.server.log.queue.byte-limit = 2147483647 (custom)
2019-10-17 08:15:39,777 [pool-27-thread-1] INFO  server.RaftServerConfigKeys (ConfUtils.java:logGet(43)) - raft.server.log.queue.byte-limit = 2147483647 (custom)
2019-10-17 08:15:39,778 [pool-47-thread-1] INFO  server.RaftServerConfigKeys (ConfUtils.java:logGet(43)) - raft.server.log.queue.byte-limit = 2147483647 (custom)
2019-10-17 08:15:39,778 [pool-37-thread-1] INFO  server.RaftServerConfigKeys (ConfUtils.java:logGet(43)) - raft.server.log.queue.element-limit = 1024 (custom)
2019-10-17 08:15:39,778 [pool-47-thread-1] INFO  server.RaftServerConfigKeys (ConfUtils.java:logGet(43)) - raft.server.log.queue.element-limit = 1024 (custom)
2019-10-17 08:15:39,778 [pool-27-thread-1] INFO  server.RaftServerConfigKeys (ConfUtils.java:logGet(43)) - raft.server.log.queue.element-limit = 1024 (custom)
2019-10-17 08:15:39,780 [pool-37-thread-1] INFO  server.RaftServerConfigKeys (ConfUtils.java:logGet(43)) - raft.server.log.segment.size.max = 1048576 (custom)
2019-10-17 08:15:39,780 [pool-47-thread-1] INFO  server.RaftServerConfigKeys (ConfUtils.java:logGet(43)) - raft.server.log.segment.size.max = 1048576 (custom)
2019-10-17 08:15:39,780 [pool-27-thread-1] INFO  server.RaftServerConfigKeys (ConfUtils.java:logGet(43)) - raft.server.log.segment.size.max = 1048576 (custom)
2019-10-17 08:15:39,780 [pool-37-thread-1] INFO  server.RaftServerConfigKeys (ConfUtils.java:logGet(43)) - raft.server.log.preallocated.size = 16384 (custom)
2019-10-17 08:15:39,781 [pool-47-thread-1] INFO  server.RaftServerConfigKeys (ConfUtils.java:logGet(43)) - raft.server.log.preallocated.size = 16384 (custom)
2019-10-17 08:15:39,781 [pool-27-thread-1] INFO  server.RaftServerConfigKeys (ConfUtils.java:logGet(43)) - raft.server.log.preallocated.size = 16384 (custom)
2019-10-17 08:15:39,781 [pool-37-thread-1] INFO  server.RaftServerConfigKeys (ConfUtils.java:logGet(43)) - raft.server.log.write.buffer.size = 33554432 (custom)
2019-10-17 08:15:39,781 [pool-27-thread-1] INFO  server.RaftServerConfigKeys (ConfUtils.java:logGet(43)) - raft.server.log.write.buffer.size = 33554432 (custom)
2019-10-17 08:15:39,781 [pool-47-thread-1] INFO  server.RaftServerConfigKeys (ConfUtils.java:logGet(43)) - raft.server.log.write.buffer.size = 33554432 (custom)
2019-10-17 08:15:39,782 [pool-37-thread-1] INFO  server.RaftServerConfigKeys (ConfUtils.java:logGet(43)) - raft.server.log.force.sync.num = 128 (default)
2019-10-17 08:15:39,782 [pool-27-thread-1] INFO  server.RaftServerConfigKeys (ConfUtils.java:logGet(43)) - raft.server.log.force.sync.num = 128 (default)
2019-10-17 08:15:39,782 [pool-47-thread-1] INFO  server.RaftServerConfigKeys (ConfUtils.java:logGet(43)) - raft.server.log.force.sync.num = 128 (default)
2019-10-17 08:15:39,783 [pool-37-thread-1] INFO  server.RaftServerConfigKeys (ConfUtils.java:logGet(43)) - raft.server.log.statemachine.data.sync = true (default)
2019-10-17 08:15:39,783 [pool-47-thread-1] INFO  server.RaftServerConfigKeys (ConfUtils.java:logGet(43)) - raft.server.log.statemachine.data.sync = true (default)
2019-10-17 08:15:39,783 [pool-27-thread-1] INFO  server.RaftServerConfigKeys (ConfUtils.java:logGet(43)) - raft.server.log.statemachine.data.sync = true (default)
2019-10-17 08:15:39,783 [pool-47-thread-1] INFO  server.RaftServerConfigKeys (ConfUtils.java:logGet(43)) - raft.server.log.statemachine.data.sync.timeout = 10s (default)
2019-10-17 08:15:39,783 [pool-37-thread-1] INFO  server.RaftServerConfigKeys (ConfUtils.java:logGet(43)) - raft.server.log.statemachine.data.sync.timeout = 10s (default)
2019-10-17 08:15:39,784 [pool-27-thread-1] INFO  server.RaftServerConfigKeys (ConfUtils.java:logGet(43)) - raft.server.log.statemachine.data.sync.timeout = 10s (default)
2019-10-17 08:15:40,023 [pool-47-thread-1] INFO  server.RaftServerConfigKeys (ConfUtils.java:logGet(43)) - raft.server.log.statemachine.data.sync.timeout.retry = -1 (default)
2019-10-17 08:15:40,024 [pool-27-thread-1] INFO  server.RaftServerConfigKeys (ConfUtils.java:logGet(43)) - raft.server.log.statemachine.data.sync.timeout.retry = -1 (default)
2019-10-17 08:15:40,023 [pool-37-thread-1] INFO  server.RaftServerConfigKeys (ConfUtils.java:logGet(43)) - raft.server.log.statemachine.data.sync.timeout.retry = -1 (default)
2019-10-17 08:15:40,051 [pool-27-thread-1] INFO  server.RaftServerConfigKeys (ConfUtils.java:logGet(43)) - raft.server.log.statemachine.data.caching.enabled = true (custom)
2019-10-17 08:15:40,051 [pool-37-thread-1] INFO  server.RaftServerConfigKeys (ConfUtils.java:logGet(43)) - raft.server.log.statemachine.data.caching.enabled = true (custom)
2019-10-17 08:15:40,051 [pool-47-thread-1] INFO  server.RaftServerConfigKeys (ConfUtils.java:logGet(43)) - raft.server.log.statemachine.data.caching.enabled = true (custom)
2019-10-17 08:15:40,061 [pool-47-thread-1] INFO  segmented.SegmentedRaftLogWorker (SegmentedRaftLogWorker.java:lambda$new$0(128)) - adef743a-bc0e-4d16-adda-0d38b00cf468@group-97B724006A0F-SegmentedRaftLogWorker: flushIndex: setUnconditionally 0 -> -1
2019-10-17 08:15:40,061 [pool-37-thread-1] INFO  segmented.SegmentedRaftLogWorker (SegmentedRaftLogWorker.java:lambda$new$0(128)) - 9e584dc6-0265-4730-a72b-17c833240a34@group-97B724006A0F-SegmentedRaftLogWorker: flushIndex: setUnconditionally 0 -> -1
2019-10-17 08:15:40,061 [pool-27-thread-1] INFO  segmented.SegmentedRaftLogWorker (SegmentedRaftLogWorker.java:lambda$new$0(128)) - d7926ef7-27aa-4029-a9d0-816772e9939f@group-B581561C0086-SegmentedRaftLogWorker: flushIndex: setUnconditionally 0 -> -1
2019-10-17 08:15:40,067 [pool-47-thread-1] INFO  server.RaftServerConfigKeys (ConfUtils.java:logGet(43)) - raft.server.snapshot.auto.trigger.enabled = true (custom)
2019-10-17 08:15:40,067 [pool-37-thread-1] INFO  server.RaftServerConfigKeys (ConfUtils.java:logGet(43)) - raft.server.snapshot.auto.trigger.enabled = true (custom)
2019-10-17 08:15:40,067 [pool-27-thread-1] INFO  server.RaftServerConfigKeys (ConfUtils.java:logGet(43)) - raft.server.snapshot.auto.trigger.enabled = true (custom)
2019-10-17 08:15:40,069 [pool-37-thread-1] INFO  server.RaftServerConfigKeys (ConfUtils.java:logGet(43)) - raft.server.snapshot.auto.trigger.threshold = 10000 (custom)
2019-10-17 08:15:40,069 [pool-27-thread-1] INFO  server.RaftServerConfigKeys (ConfUtils.java:logGet(43)) - raft.server.snapshot.auto.trigger.threshold = 10000 (custom)
2019-10-17 08:15:40,069 [pool-47-thread-1] INFO  server.RaftServerConfigKeys (ConfUtils.java:logGet(43)) - raft.server.snapshot.auto.trigger.threshold = 10000 (custom)
2019-10-17 08:15:40,070 [pool-37-thread-1] INFO  server.RaftServerConfigKeys (ConfUtils.java:logGet(43)) - raft.server.snapshot.retention.file.num = 5 (custom)
2019-10-17 08:15:40,070 [pool-27-thread-1] INFO  server.RaftServerConfigKeys (ConfUtils.java:logGet(43)) - raft.server.snapshot.retention.file.num = 5 (custom)
2019-10-17 08:15:40,070 [pool-47-thread-1] INFO  server.RaftServerConfigKeys (ConfUtils.java:logGet(43)) - raft.server.snapshot.retention.file.num = 5 (custom)
2019-10-17 08:15:40,071 [pool-47-thread-1] INFO  server.RaftServerConfigKeys (ConfUtils.java:logGet(43)) - raft.server.retrycache.expirytime = 600000ms (custom)
2019-10-17 08:15:40,071 [pool-37-thread-1] INFO  server.RaftServerConfigKeys (ConfUtils.java:logGet(43)) - raft.server.retrycache.expirytime = 600000ms (custom)
2019-10-17 08:15:40,071 [pool-27-thread-1] INFO  server.RaftServerConfigKeys (ConfUtils.java:logGet(43)) - raft.server.retrycache.expirytime = 600000ms (custom)
2019-10-17 08:15:40,111 [pool-47-thread-1] INFO  impl.RaftServerImpl (RaftServerImpl.java:<init>(104)) - adef743a-bc0e-4d16-adda-0d38b00cf468: new RaftServerImpl for group-69AA97A4A626:[9e584dc6-0265-4730-a72b-17c833240a34:192.168.34.62:34940, adef743a-bc0e-4d16-adda-0d38b00cf468:192.168.34.62:36240, d7926ef7-27aa-4029-a9d0-816772e9939f:192.168.34.62:44705] with ContainerStateMachine:uninitialized
2019-10-17 08:15:40,111 [pool-47-thread-1] INFO  server.RaftServerConfigKeys (ConfUtils.java:logGet(43)) - raft.server.rpc.timeout.min = 5s (custom)
2019-10-17 08:15:40,111 [pool-47-thread-1] INFO  server.RaftServerConfigKeys (ConfUtils.java:logGet(43)) - raft.server.rpc.timeout.max = 5200ms (custom)
2019-10-17 08:15:40,111 [pool-47-thread-1] INFO  server.RaftServerConfigKeys (ConfUtils.java:logGet(43)) - raft.server.rpcslowness.timeout = 120s (custom)
2019-10-17 08:15:40,112 [pool-47-thread-1] INFO  server.RaftServerConfigKeys (ConfUtils.java:logGet(43)) - raft.server.sleep.deviation.threshold = 300 (default)
2019-10-17 08:15:40,112 [pool-47-thread-1] INFO  server.RaftServerConfigKeys (ConfUtils.java:logGet(43)) - raft.server.log.appender.install.snapshot.enabled = false (custom)
2019-10-17 08:15:40,112 [pool-37-thread-1] INFO  impl.RaftServerImpl (RaftServerImpl.java:<init>(104)) - 9e584dc6-0265-4730-a72b-17c833240a34: new RaftServerImpl for group-69AA97A4A626:[9e584dc6-0265-4730-a72b-17c833240a34:192.168.34.62:34940, adef743a-bc0e-4d16-adda-0d38b00cf468:192.168.34.62:36240, d7926ef7-27aa-4029-a9d0-816772e9939f:192.168.34.62:44705] with ContainerStateMachine:uninitialized
2019-10-17 08:15:40,112 [pool-47-thread-1] INFO  impl.RaftServerImpl (ServerState.java:<init>(103)) - adef743a-bc0e-4d16-adda-0d38b00cf468@group-69AA97A4A626: ConfigurationManager, init=-1: [9e584dc6-0265-4730-a72b-17c833240a34:192.168.34.62:34940, adef743a-bc0e-4d16-adda-0d38b00cf468:192.168.34.62:36240, d7926ef7-27aa-4029-a9d0-816772e9939f:192.168.34.62:44705], old=null, confs=<EMPTY_MAP>
2019-10-17 08:15:40,112 [pool-37-thread-1] INFO  server.RaftServerConfigKeys (ConfUtils.java:logGet(43)) - raft.server.rpc.timeout.min = 5s (custom)
2019-10-17 08:15:40,112 [pool-37-thread-1] INFO  server.RaftServerConfigKeys (ConfUtils.java:logGet(43)) - raft.server.rpc.timeout.max = 5200ms (custom)
2019-10-17 08:15:40,112 [pool-47-thread-1] INFO  server.RaftServerConfigKeys (ConfUtils.java:logGet(43)) - raft.server.storage.dir = [/workdir/hadoop-ozone/tools/target/test-dir/MiniOzoneClusterImpl-ff932389-c3c3-49ee-b2aa-92e1f1f07a3e/datanode-2/data/ratis] (custom)
2019-10-17 08:15:40,112 [pool-37-thread-1] INFO  server.RaftServerConfigKeys (ConfUtils.java:logGet(43)) - raft.server.rpcslowness.timeout = 120s (custom)
2019-10-17 08:15:40,113 [pool-37-thread-1] INFO  server.RaftServerConfigKeys (ConfUtils.java:logGet(43)) - raft.server.sleep.deviation.threshold = 300 (default)
2019-10-17 08:15:40,113 [pool-47-thread-1] INFO  server.RaftServerConfigKeys (ConfUtils.java:logGet(43)) - raft.server.log.corruption.policy = EXCEPTION (default)
2019-10-17 08:15:40,113 [pool-27-thread-1] INFO  impl.RaftServerImpl (RaftServerImpl.java:<init>(104)) - d7926ef7-27aa-4029-a9d0-816772e9939f: new RaftServerImpl for group-97B724006A0F:[9e584dc6-0265-4730-a72b-17c833240a34:192.168.34.62:34940, adef743a-bc0e-4d16-adda-0d38b00cf468:192.168.34.62:36240, d7926ef7-27aa-4029-a9d0-816772e9939f:192.168.34.62:44705] with ContainerStateMachine:uninitialized
2019-10-17 08:15:40,113 [pool-47-thread-1] INFO  storage.RaftStorageDirectory (RaftStorageDirectory.java:analyzeStorage(246)) - The storage directory /workdir/hadoop-ozone/tools/target/test-dir/MiniOzoneClusterImpl-ff932389-c3c3-49ee-b2aa-92e1f1f07a3e/datanode-2/data/ratis/27656f7b-31f1-4418-a500-69aa97a4a626 does not exist. Creating ...
2019-10-17 08:15:40,113 [pool-37-thread-1] INFO  server.RaftServerConfigKeys (ConfUtils.java:logGet(43)) - raft.server.log.appender.install.snapshot.enabled = false (custom)
2019-10-17 08:15:40,113 [pool-27-thread-1] INFO  server.RaftServerConfigKeys (ConfUtils.java:logGet(43)) - raft.server.rpc.timeout.min = 5s (custom)
2019-10-17 08:15:40,113 [pool-37-thread-1] INFO  impl.RaftServerImpl (ServerState.java:<init>(103)) - 9e584dc6-0265-4730-a72b-17c833240a34@group-69AA97A4A626: ConfigurationManager, init=-1: [9e584dc6-0265-4730-a72b-17c833240a34:192.168.34.62:34940, adef743a-bc0e-4d16-adda-0d38b00cf468:192.168.34.62:36240, d7926ef7-27aa-4029-a9d0-816772e9939f:192.168.34.62:44705], old=null, confs=<EMPTY_MAP>
2019-10-17 08:15:40,113 [pool-27-thread-1] INFO  server.RaftServerConfigKeys (ConfUtils.java:logGet(43)) - raft.server.rpc.timeout.max = 5200ms (custom)
2019-10-17 08:15:40,114 [pool-37-thread-1] INFO  server.RaftServerConfigKeys (ConfUtils.java:logGet(43)) - raft.server.storage.dir = [/workdir/hadoop-ozone/tools/target/test-dir/MiniOzoneClusterImpl-ff932389-c3c3-49ee-b2aa-92e1f1f07a3e/datanode-1/data/ratis] (custom)
2019-10-17 08:15:40,114 [pool-27-thread-1] INFO  server.RaftServerConfigKeys (ConfUtils.java:logGet(43)) - raft.server.rpcslowness.timeout = 120s (custom)
2019-10-17 08:15:40,114 [pool-27-thread-1] INFO  server.RaftServerConfigKeys (ConfUtils.java:logGet(43)) - raft.server.sleep.deviation.threshold = 300 (default)
2019-10-17 08:15:40,114 [pool-37-thread-1] INFO  server.RaftServerConfigKeys (ConfUtils.java:logGet(43)) - raft.server.log.corruption.policy = EXCEPTION (default)
2019-10-17 08:15:40,114 [pool-27-thread-1] INFO  server.RaftServerConfigKeys (ConfUtils.java:logGet(43)) - raft.server.log.appender.install.snapshot.enabled = false (custom)
2019-10-17 08:15:40,114 [pool-37-thread-1] INFO  storage.RaftStorageDirectory (RaftStorageDirectory.java:analyzeStorage(246)) - The storage directory /workdir/hadoop-ozone/tools/target/test-dir/MiniOzoneClusterImpl-ff932389-c3c3-49ee-b2aa-92e1f1f07a3e/datanode-1/data/ratis/27656f7b-31f1-4418-a500-69aa97a4a626 does not exist. Creating ...
2019-10-17 08:15:40,114 [pool-27-thread-1] INFO  impl.RaftServerImpl (ServerState.java:<init>(103)) - d7926ef7-27aa-4029-a9d0-816772e9939f@group-97B724006A0F: ConfigurationManager, init=-1: [9e584dc6-0265-4730-a72b-17c833240a34:192.168.34.62:34940, adef743a-bc0e-4d16-adda-0d38b00cf468:192.168.34.62:36240, d7926ef7-27aa-4029-a9d0-816772e9939f:192.168.34.62:44705], old=null, confs=<EMPTY_MAP>
2019-10-17 08:15:40,115 [pool-27-thread-1] INFO  server.RaftServerConfigKeys (ConfUtils.java:logGet(43)) - raft.server.storage.dir = [/workdir/hadoop-ozone/tools/target/test-dir/MiniOzoneClusterImpl-ff932389-c3c3-49ee-b2aa-92e1f1f07a3e/datanode-0/data/ratis] (custom)
2019-10-17 08:15:40,115 [pool-27-thread-1] INFO  server.RaftServerConfigKeys (ConfUtils.java:logGet(43)) - raft.server.log.corruption.policy = EXCEPTION (default)
2019-10-17 08:15:40,115 [pool-27-thread-1] INFO  storage.RaftStorageDirectory (RaftStorageDirectory.java:analyzeStorage(246)) - The storage directory /workdir/hadoop-ozone/tools/target/test-dir/MiniOzoneClusterImpl-ff932389-c3c3-49ee-b2aa-92e1f1f07a3e/datanode-0/data/ratis/777e2e62-6ee5-4872-aa29-97b724006a0f does not exist. Creating ...
2019-10-17 08:15:40,126 [pool-37-thread-1] INFO  storage.RaftStorageDirectory (RaftStorageDirectory.java:tryLock(328)) - Lock on /workdir/hadoop-ozone/tools/target/test-dir/MiniOzoneClusterImpl-ff932389-c3c3-49ee-b2aa-92e1f1f07a3e/datanode-1/data/ratis/27656f7b-31f1-4418-a500-69aa97a4a626/in_use.lock acquired by nodename 4280@pr-hdds-1868-lzclr-202649289
2019-10-17 08:15:40,126 [pool-47-thread-1] INFO  storage.RaftStorageDirectory (RaftStorageDirectory.java:tryLock(328)) - Lock on /workdir/hadoop-ozone/tools/target/test-dir/MiniOzoneClusterImpl-ff932389-c3c3-49ee-b2aa-92e1f1f07a3e/datanode-2/data/ratis/27656f7b-31f1-4418-a500-69aa97a4a626/in_use.lock acquired by nodename 4280@pr-hdds-1868-lzclr-202649289
2019-10-17 08:15:40,126 [pool-27-thread-1] INFO  storage.RaftStorageDirectory (RaftStorageDirectory.java:tryLock(328)) - Lock on /workdir/hadoop-ozone/tools/target/test-dir/MiniOzoneClusterImpl-ff932389-c3c3-49ee-b2aa-92e1f1f07a3e/datanode-0/data/ratis/777e2e62-6ee5-4872-aa29-97b724006a0f/in_use.lock acquired by nodename 4280@pr-hdds-1868-lzclr-202649289
2019-10-17 08:15:40,144 [pool-47-thread-1] INFO  storage.RaftStorage (RaftStorage.java:format(84)) - Storage directory /workdir/hadoop-ozone/tools/target/test-dir/MiniOzoneClusterImpl-ff932389-c3c3-49ee-b2aa-92e1f1f07a3e/datanode-2/data/ratis/27656f7b-31f1-4418-a500-69aa97a4a626 has been successfully formatted.
2019-10-17 08:15:40,144 [pool-27-thread-1] INFO  storage.RaftStorage (RaftStorage.java:format(84)) - Storage directory /workdir/hadoop-ozone/tools/target/test-dir/MiniOzoneClusterImpl-ff932389-c3c3-49ee-b2aa-92e1f1f07a3e/datanode-0/data/ratis/777e2e62-6ee5-4872-aa29-97b724006a0f has been successfully formatted.
2019-10-17 08:15:40,144 [pool-47-thread-1] INFO  ratis.ContainerStateMachine (ContainerStateMachine.java:loadSnapshot(233)) - group-69AA97A4A626: The snapshot info is null. Setting the last applied indexto:(t:0, i:~)
2019-10-17 08:15:40,144 [pool-37-thread-1] INFO  storage.RaftStorage (RaftStorage.java:format(84)) - Storage directory /workdir/hadoop-ozone/tools/target/test-dir/MiniOzoneClusterImpl-ff932389-c3c3-49ee-b2aa-92e1f1f07a3e/datanode-1/data/ratis/27656f7b-31f1-4418-a500-69aa97a4a626 has been successfully formatted.
2019-10-17 08:15:40,144 [pool-47-thread-1] INFO  server.RaftServerConfigKeys (ConfUtils.java:logGet(43)) - raft.server.notification.no-leader.timeout = 120s (custom)
2019-10-17 08:15:40,144 [pool-27-thread-1] INFO  ratis.ContainerStateMachine (ContainerStateMachine.java:loadSnapshot(233)) - group-97B724006A0F: The snapshot info is null. Setting the last applied indexto:(t:0, i:~)
2019-10-17 08:15:40,145 [pool-47-thread-1] INFO  server.RaftServerConfigKeys (ConfUtils.java:logGet(43)) - raft.server.log.use.memory = false (default)
2019-10-17 08:15:40,144 [pool-37-thread-1] INFO  ratis.ContainerStateMachine (ContainerStateMachine.java:loadSnapshot(233)) - group-69AA97A4A626: The snapshot info is null. Setting the last applied indexto:(t:0, i:~)
2019-10-17 08:15:40,145 [pool-47-thread-1] INFO  server.RaftServerConfigKeys (ConfUtils.java:logGet(43)) - raft.server.log.purge.gap = 1000000 (custom)
2019-10-17 08:15:40,145 [pool-27-thread-1] INFO  server.RaftServerConfigKeys (ConfUtils.java:logGet(43)) - raft.server.notification.no-leader.timeout = 120s (custom)
2019-10-17 08:15:40,145 [pool-47-thread-1] INFO  server.RaftServerConfigKeys (ConfUtils.java:logGet(43)) - raft.server.log.appender.buffer.byte-limit = 33554432 (custom)
2019-10-17 08:15:40,145 [pool-37-thread-1] INFO  server.RaftServerConfigKeys (ConfUtils.java:logGet(43)) - raft.server.notification.no-leader.timeout = 120s (custom)
2019-10-17 08:15:40,145 [pool-47-thread-1] INFO  server.RaftServerConfigKeys (ConfUtils.java:logGet(43)) - raft.server.log.segment.size.max = 1048576 (custom)
2019-10-17 08:15:40,145 [pool-27-thread-1] INFO  server.RaftServerConfigKeys (ConfUtils.java:logGet(43)) - raft.server.log.use.memory = false (default)
2019-10-17 08:15:40,146 [pool-47-thread-1] INFO  server.RaftServerConfigKeys (ConfUtils.java:logGet(43)) - raft.server.log.segment.cache.num.max = 2 (custom)
2019-10-17 08:15:40,145 [pool-37-thread-1] INFO  server.RaftServerConfigKeys (ConfUtils.java:logGet(43)) - raft.server.log.use.memory = false (default)
2019-10-17 08:15:40,146 [pool-47-thread-1] INFO  segmented.SegmentedRaftLogWorker (SegmentedRaftLogWorker.java:<init>(173)) - new adef743a-bc0e-4d16-adda-0d38b00cf468@group-69AA97A4A626-SegmentedRaftLogWorker for RaftStorage:Storage Directory /workdir/hadoop-ozone/tools/target/test-dir/MiniOzoneClusterImpl-ff932389-c3c3-49ee-b2aa-92e1f1f07a3e/datanode-2/data/ratis/27656f7b-31f1-4418-a500-69aa97a4a626
2019-10-17 08:15:40,146 [pool-27-thread-1] INFO  server.RaftServerConfigKeys (ConfUtils.java:logGet(43)) - raft.server.log.purge.gap = 1000000 (custom)
2019-10-17 08:15:40,146 [pool-47-thread-1] INFO  server.RaftServerConfigKeys (ConfUtils.java:logGet(43)) - raft.server.log.queue.byte-limit = 2147483647 (custom)
2019-10-17 08:15:40,146 [pool-37-thread-1] INFO  server.RaftServerConfigKeys (ConfUtils.java:logGet(43)) - raft.server.log.purge.gap = 1000000 (custom)
2019-10-17 08:15:40,146 [pool-47-thread-1] INFO  server.RaftServerConfigKeys (ConfUtils.java:logGet(43)) - raft.server.log.queue.element-limit = 1024 (custom)
2019-10-17 08:15:40,146 [pool-27-thread-1] INFO  server.RaftServerConfigKeys (ConfUtils.java:logGet(43)) - raft.server.log.appender.buffer.byte-limit = 33554432 (custom)
2019-10-17 08:15:40,147 [pool-47-thread-1] INFO  server.RaftServerConfigKeys (ConfUtils.java:logGet(43)) - raft.server.log.segment.size.max = 1048576 (custom)
2019-10-17 08:15:40,147 [pool-37-thread-1] INFO  server.RaftServerConfigKeys (ConfUtils.java:logGet(43)) - raft.server.log.appender.buffer.byte-limit = 33554432 (custom)
2019-10-17 08:15:40,147 [pool-47-thread-1] INFO  server.RaftServerConfigKeys (ConfUtils.java:logGet(43)) - raft.server.log.preallocated.size = 16384 (custom)
2019-10-17 08:15:40,147 [pool-27-thread-1] INFO  server.RaftServerConfigKeys (ConfUtils.java:logGet(43)) - raft.server.log.segment.size.max = 1048576 (custom)
2019-10-17 08:15:40,147 [pool-47-thread-1] INFO  server.RaftServerConfigKeys (ConfUtils.java:logGet(43)) - raft.server.log.write.buffer.size = 33554432 (custom)
2019-10-17 08:15:40,147 [pool-47-thread-1] INFO  server.RaftServerConfigKeys (ConfUtils.java:logGet(43)) - raft.server.log.force.sync.num = 128 (default)
2019-10-17 08:15:40,147 [pool-37-thread-1] INFO  server.RaftServerConfigKeys (ConfUtils.java:logGet(43)) - raft.server.log.segment.size.max = 1048576 (custom)
2019-10-17 08:15:40,148 [pool-47-thread-1] INFO  server.RaftServerConfigKeys (ConfUtils.java:logGet(43)) - raft.server.log.statemachine.data.sync = true (default)
2019-10-17 08:15:40,147 [pool-27-thread-1] INFO  server.RaftServerConfigKeys (ConfUtils.java:logGet(43)) - raft.server.log.segment.cache.num.max = 2 (custom)
2019-10-17 08:15:40,148 [pool-47-thread-1] INFO  server.RaftServerConfigKeys (ConfUtils.java:logGet(43)) - raft.server.log.statemachine.data.sync.timeout = 10s (default)
2019-10-17 08:15:40,148 [pool-37-thread-1] INFO  server.RaftServerConfigKeys (ConfUtils.java:logGet(43)) - raft.server.log.segment.cache.num.max = 2 (custom)
2019-10-17 08:15:40,148 [pool-47-thread-1] INFO  server.RaftServerConfigKeys (ConfUtils.java:logGet(43)) - raft.server.log.statemachine.data.sync.timeout.retry = -1 (default)
2019-10-17 08:15:40,148 [pool-27-thread-1] INFO  segmented.SegmentedRaftLogWorker (SegmentedRaftLogWorker.java:<init>(173)) - new d7926ef7-27aa-4029-a9d0-816772e9939f@group-97B724006A0F-SegmentedRaftLogWorker for RaftStorage:Storage Directory /workdir/hadoop-ozone/tools/target/test-dir/MiniOzoneClusterImpl-ff932389-c3c3-49ee-b2aa-92e1f1f07a3e/datanode-0/data/ratis/777e2e62-6ee5-4872-aa29-97b724006a0f
2019-10-17 08:15:40,149 [pool-47-thread-1] INFO  server.RaftServerConfigKeys (ConfUtils.java:logGet(43)) - raft.server.log.statemachine.data.caching.enabled = true (custom)
2019-10-17 08:15:40,148 [pool-37-thread-1] INFO  segmented.SegmentedRaftLogWorker (SegmentedRaftLogWorker.java:<init>(173)) - new 9e584dc6-0265-4730-a72b-17c833240a34@group-69AA97A4A626-SegmentedRaftLogWorker for RaftStorage:Storage Directory /workdir/hadoop-ozone/tools/target/test-dir/MiniOzoneClusterImpl-ff932389-c3c3-49ee-b2aa-92e1f1f07a3e/datanode-1/data/ratis/27656f7b-31f1-4418-a500-69aa97a4a626
2019-10-17 08:15:40,149 [pool-27-thread-1] INFO  server.RaftServerConfigKeys (ConfUtils.java:logGet(43)) - raft.server.log.queue.byte-limit = 2147483647 (custom)
2019-10-17 08:15:40,149 [pool-47-thread-1] INFO  segmented.SegmentedRaftLogWorker (SegmentedRaftLogWorker.java:lambda$new$0(128)) - adef743a-bc0e-4d16-adda-0d38b00cf468@group-69AA97A4A626-SegmentedRaftLogWorker: flushIndex: setUnconditionally 0 -> -1
2019-10-17 08:15:40,149 [pool-37-thread-1] INFO  server.RaftServerConfigKeys (ConfUtils.java:logGet(43)) - raft.server.log.queue.byte-limit = 2147483647 (custom)
2019-10-17 08:15:40,149 [pool-27-thread-1] INFO  server.RaftServerConfigKeys (ConfUtils.java:logGet(43)) - raft.server.log.queue.element-limit = 1024 (custom)
2019-10-17 08:15:40,149 [pool-37-thread-1] INFO  server.RaftServerConfigKeys (ConfUtils.java:logGet(43)) - raft.server.log.queue.element-limit = 1024 (custom)
2019-10-17 08:15:40,149 [pool-47-thread-1] INFO  server.RaftServerConfigKeys (ConfUtils.java:logGet(43)) - raft.server.snapshot.auto.trigger.enabled = true (custom)
2019-10-17 08:15:40,150 [pool-37-thread-1] INFO  server.RaftServerConfigKeys (ConfUtils.java:logGet(43)) - raft.server.log.segment.size.max = 1048576 (custom)
2019-10-17 08:15:40,150 [pool-27-thread-1] INFO  server.RaftServerConfigKeys (ConfUtils.java:logGet(43)) - raft.server.log.segment.size.max = 1048576 (custom)
2019-10-17 08:15:40,150 [pool-37-thread-1] INFO  server.RaftServerConfigKeys (ConfUtils.java:logGet(43)) - raft.server.log.preallocated.size = 16384 (custom)
2019-10-17 08:15:40,150 [pool-47-thread-1] INFO  server.RaftServerConfigKeys (ConfUtils.java:logGet(43)) - raft.server.snapshot.auto.trigger.threshold = 10000 (custom)
2019-10-17 08:15:40,150 [pool-37-thread-1] INFO  server.RaftServerConfigKeys (ConfUtils.java:logGet(43)) - raft.server.log.write.buffer.size = 33554432 (custom)
2019-10-17 08:15:40,150 [pool-27-thread-1] INFO  server.RaftServerConfigKeys (ConfUtils.java:logGet(43)) - raft.server.log.preallocated.size = 16384 (custom)
2019-10-17 08:15:40,150 [pool-37-thread-1] INFO  server.RaftServerConfigKeys (ConfUtils.java:logGet(43)) - raft.server.log.force.sync.num = 128 (default)
2019-10-17 08:15:40,150 [pool-47-thread-1] INFO  server.RaftServerConfigKeys (ConfUtils.java:logGet(43)) - raft.server.snapshot.retention.file.num = 5 (custom)
2019-10-17 08:15:40,151 [pool-37-thread-1] INFO  server.RaftServerConfigKeys (ConfUtils.java:logGet(43)) - raft.server.log.statemachine.data.sync = true (default)
2019-10-17 08:15:40,151 [pool-47-thread-1] INFO  server.RaftServerConfigKeys (ConfUtils.java:logGet(43)) - raft.server.retrycache.expirytime = 600000ms (custom)
2019-10-17 08:15:40,151 [pool-27-thread-1] INFO  server.RaftServerConfigKeys (ConfUtils.java:logGet(43)) - raft.server.log.write.buffer.size = 33554432 (custom)
2019-10-17 08:15:40,151 [pool-37-thread-1] INFO  server.RaftServerConfigKeys (ConfUtils.java:logGet(43)) - raft.server.log.statemachine.data.sync.timeout = 10s (default)
2019-10-17 08:15:40,151 [pool-27-thread-1] INFO  server.RaftServerConfigKeys (ConfUtils.java:logGet(43)) - raft.server.log.force.sync.num = 128 (default)
2019-10-17 08:15:40,151 [pool-37-thread-1] INFO  server.RaftServerConfigKeys (ConfUtils.java:logGet(43)) - raft.server.log.statemachine.data.sync.timeout.retry = -1 (default)
2019-10-17 08:15:40,151 [pool-27-thread-1] INFO  server.RaftServerConfigKeys (ConfUtils.java:logGet(43)) - raft.server.log.statemachine.data.sync = true (default)
2019-10-17 08:15:40,152 [pool-37-thread-1] INFO  server.RaftServerConfigKeys (ConfUtils.java:logGet(43)) - raft.server.log.statemachine.data.caching.enabled = true (custom)
2019-10-17 08:15:40,152 [pool-27-thread-1] INFO  server.RaftServerConfigKeys (ConfUtils.java:logGet(43)) - raft.server.log.statemachine.data.sync.timeout = 10s (default)
2019-10-17 08:15:40,152 [pool-27-thread-1] INFO  server.RaftServerConfigKeys (ConfUtils.java:logGet(43)) - raft.server.log.statemachine.data.sync.timeout.retry = -1 (default)
2019-10-17 08:15:40,152 [pool-37-thread-1] INFO  segmented.SegmentedRaftLogWorker (SegmentedRaftLogWorker.java:lambda$new$0(128)) - 9e584dc6-0265-4730-a72b-17c833240a34@group-69AA97A4A626-SegmentedRaftLogWorker: flushIndex: setUnconditionally 0 -> -1
2019-10-17 08:15:40,152 [pool-27-thread-1] INFO  server.RaftServerConfigKeys (ConfUtils.java:logGet(43)) - raft.server.log.statemachine.data.caching.enabled = true (custom)
2019-10-17 08:15:40,152 [pool-37-thread-1] INFO  server.RaftServerConfigKeys (ConfUtils.java:logGet(43)) - raft.server.snapshot.auto.trigger.enabled = true (custom)
2019-10-17 08:15:40,152 [pool-37-thread-1] INFO  server.RaftServerConfigKeys (ConfUtils.java:logGet(43)) - raft.server.snapshot.auto.trigger.threshold = 10000 (custom)
2019-10-17 08:15:40,153 [pool-37-thread-1] INFO  server.RaftServerConfigKeys (ConfUtils.java:logGet(43)) - raft.server.snapshot.retention.file.num = 5 (custom)
2019-10-17 08:15:40,153 [pool-27-thread-1] INFO  segmented.SegmentedRaftLogWorker (SegmentedRaftLogWorker.java:lambda$new$0(128)) - d7926ef7-27aa-4029-a9d0-816772e9939f@group-97B724006A0F-SegmentedRaftLogWorker: flushIndex: setUnconditionally 0 -> -1
2019-10-17 08:15:40,153 [pool-37-thread-1] INFO  server.RaftServerConfigKeys (ConfUtils.java:logGet(43)) - raft.server.retrycache.expirytime = 600000ms (custom)
2019-10-17 08:15:40,153 [pool-27-thread-1] INFO  server.RaftServerConfigKeys (ConfUtils.java:logGet(43)) - raft.server.snapshot.auto.trigger.enabled = true (custom)
2019-10-17 08:15:40,153 [pool-27-thread-1] INFO  server.RaftServerConfigKeys (ConfUtils.java:logGet(43)) - raft.server.snapshot.auto.trigger.threshold = 10000 (custom)
2019-10-17 08:15:40,153 [pool-27-thread-1] INFO  server.RaftServerConfigKeys (ConfUtils.java:logGet(43)) - raft.server.snapshot.retention.file.num = 5 (custom)
2019-10-17 08:15:40,154 [pool-27-thread-1] INFO  server.RaftServerConfigKeys (ConfUtils.java:logGet(43)) - raft.server.retrycache.expirytime = 600000ms (custom)
2019-10-17 08:15:40,157 [pool-47-thread-1] INFO  impl.RaftServerImpl (RaftServerImpl.java:<init>(104)) - adef743a-bc0e-4d16-adda-0d38b00cf468: new RaftServerImpl for group-F15EDDB49989:[9e584dc6-0265-4730-a72b-17c833240a34:192.168.34.62:34940, adef743a-bc0e-4d16-adda-0d38b00cf468:192.168.34.62:36240, d7926ef7-27aa-4029-a9d0-816772e9939f:192.168.34.62:44705] with ContainerStateMachine:uninitialized
2019-10-17 08:15:40,158 [pool-47-thread-1] INFO  server.RaftServerConfigKeys (ConfUtils.java:logGet(43)) - raft.server.rpc.timeout.min = 5s (custom)
2019-10-17 08:15:40,158 [pool-47-thread-1] INFO  server.RaftServerConfigKeys (ConfUtils.java:logGet(43)) - raft.server.rpc.timeout.max = 5200ms (custom)
2019-10-17 08:15:40,158 [pool-47-thread-1] INFO  server.RaftServerConfigKeys (ConfUtils.java:logGet(43)) - raft.server.rpcslowness.timeout = 120s (custom)
2019-10-17 08:15:40,158 [pool-47-thread-1] INFO  server.RaftServerConfigKeys (ConfUtils.java:logGet(43)) - raft.server.sleep.deviation.threshold = 300 (default)
2019-10-17 08:15:40,158 [pool-47-thread-1] INFO  server.RaftServerConfigKeys (ConfUtils.java:logGet(43)) - raft.server.log.appender.install.snapshot.enabled = false (custom)
2019-10-17 08:15:40,158 [pool-47-thread-1] INFO  impl.RaftServerImpl (ServerState.java:<init>(103)) - adef743a-bc0e-4d16-adda-0d38b00cf468@group-F15EDDB49989: ConfigurationManager, init=-1: [9e584dc6-0265-4730-a72b-17c833240a34:192.168.34.62:34940, adef743a-bc0e-4d16-adda-0d38b00cf468:192.168.34.62:36240, d7926ef7-27aa-4029-a9d0-816772e9939f:192.168.34.62:44705], old=null, confs=<EMPTY_MAP>
2019-10-17 08:15:40,158 [pool-47-thread-1] INFO  server.RaftServerConfigKeys (ConfUtils.java:logGet(43)) - raft.server.storage.dir = [/workdir/hadoop-ozone/tools/target/test-dir/MiniOzoneClusterImpl-ff932389-c3c3-49ee-b2aa-92e1f1f07a3e/datanode-2/data/ratis] (custom)
2019-10-17 08:15:40,159 [pool-47-thread-1] INFO  server.RaftServerConfigKeys (ConfUtils.java:logGet(43)) - raft.server.log.corruption.policy = EXCEPTION (default)
2019-10-17 08:15:40,159 [pool-47-thread-1] INFO  storage.RaftStorageDirectory (RaftStorageDirectory.java:analyzeStorage(246)) - The storage directory /workdir/hadoop-ozone/tools/target/test-dir/MiniOzoneClusterImpl-ff932389-c3c3-49ee-b2aa-92e1f1f07a3e/datanode-2/data/ratis/9d68384c-7762-4963-9de7-f15eddb49989 does not exist. Creating ...
2019-10-17 08:15:40,160 [pool-37-thread-1] INFO  impl.RaftServerImpl (RaftServerImpl.java:<init>(104)) - 9e584dc6-0265-4730-a72b-17c833240a34: new RaftServerImpl for group-F15EDDB49989:[9e584dc6-0265-4730-a72b-17c833240a34:192.168.34.62:34940, adef743a-bc0e-4d16-adda-0d38b00cf468:192.168.34.62:36240, d7926ef7-27aa-4029-a9d0-816772e9939f:192.168.34.62:44705] with ContainerStateMachine:uninitialized
2019-10-17 08:15:40,160 [pool-37-thread-1] INFO  server.RaftServerConfigKeys (ConfUtils.java:logGet(43)) - raft.server.rpc.timeout.min = 5s (custom)
2019-10-17 08:15:40,160 [pool-37-thread-1] INFO  server.RaftServerConfigKeys (ConfUtils.java:logGet(43)) - raft.server.rpc.timeout.max = 5200ms (custom)
2019-10-17 08:15:40,160 [pool-37-thread-1] INFO  server.RaftServerConfigKeys (ConfUtils.java:logGet(43)) - raft.server.rpcslowness.timeout = 120s (custom)
2019-10-17 08:15:40,160 [pool-37-thread-1] INFO  server.RaftServerConfigKeys (ConfUtils.java:logGet(43)) - raft.server.sleep.deviation.threshold = 300 (default)
2019-10-17 08:15:40,161 [pool-37-thread-1] INFO  server.RaftServerConfigKeys (ConfUtils.java:logGet(43)) - raft.server.log.appender.install.snapshot.enabled = false (custom)
2019-10-17 08:15:40,161 [pool-37-thread-1] INFO  impl.RaftServerImpl (ServerState.java:<init>(103)) - 9e584dc6-0265-4730-a72b-17c833240a34@group-F15EDDB49989: ConfigurationManager, init=-1: [9e584dc6-0265-4730-a72b-17c833240a34:192.168.34.62:34940, adef743a-bc0e-4d16-adda-0d38b00cf468:192.168.34.62:36240, d7926ef7-27aa-4029-a9d0-816772e9939f:192.168.34.62:44705], old=null, confs=<EMPTY_MAP>
2019-10-17 08:15:40,161 [pool-37-thread-1] INFO  server.RaftServerConfigKeys (ConfUtils.java:logGet(43)) - raft.server.storage.dir = [/workdir/hadoop-ozone/tools/target/test-dir/MiniOzoneClusterImpl-ff932389-c3c3-49ee-b2aa-92e1f1f07a3e/datanode-1/data/ratis] (custom)
2019-10-17 08:15:40,161 [pool-37-thread-1] INFO  server.RaftServerConfigKeys (ConfUtils.java:logGet(43)) - raft.server.log.corruption.policy = EXCEPTION (default)
2019-10-17 08:15:40,161 [pool-27-thread-1] INFO  impl.RaftServerImpl (RaftServerImpl.java:<init>(104)) - d7926ef7-27aa-4029-a9d0-816772e9939f: new RaftServerImpl for group-95777FC81C2B:[d7926ef7-27aa-4029-a9d0-816772e9939f:192.168.34.62:44705] with ContainerStateMachine:uninitialized
2019-10-17 08:15:40,161 [pool-37-thread-1] INFO  storage.RaftStorageDirectory (RaftStorageDirectory.java:analyzeStorage(246)) - The storage directory /workdir/hadoop-ozone/tools/target/test-dir/MiniOzoneClusterImpl-ff932389-c3c3-49ee-b2aa-92e1f1f07a3e/datanode-1/data/ratis/9d68384c-7762-4963-9de7-f15eddb49989 does not exist. Creating ...
2019-10-17 08:15:40,162 [pool-27-thread-1] INFO  server.RaftServerConfigKeys (ConfUtils.java:logGet(43)) - raft.server.rpc.timeout.min = 5s (custom)
2019-10-17 08:15:40,162 [pool-27-thread-1] INFO  server.RaftServerConfigKeys (ConfUtils.java:logGet(43)) - raft.server.rpc.timeout.max = 5200ms (custom)
2019-10-17 08:15:40,162 [pool-27-thread-1] INFO  server.RaftServerConfigKeys (ConfUtils.java:logGet(43)) - raft.server.rpcslowness.timeout = 120s (custom)
2019-10-17 08:15:40,162 [pool-27-thread-1] INFO  server.RaftServerConfigKeys (ConfUtils.java:logGet(43)) - raft.server.sleep.deviation.threshold = 300 (default)
2019-10-17 08:15:40,162 [pool-27-thread-1] INFO  server.RaftServerConfigKeys (ConfUtils.java:logGet(43)) - raft.server.log.appender.install.snapshot.enabled = false (custom)
2019-10-17 08:15:40,162 [pool-27-thread-1] INFO  impl.RaftServerImpl (ServerState.java:<init>(103)) - d7926ef7-27aa-4029-a9d0-816772e9939f@group-95777FC81C2B: ConfigurationManager, init=-1: [d7926ef7-27aa-4029-a9d0-816772e9939f:192.168.34.62:44705], old=null, confs=<EMPTY_MAP>
2019-10-17 08:15:40,163 [pool-27-thread-1] INFO  server.RaftServerConfigKeys (ConfUtils.java:logGet(43)) - raft.server.storage.dir = [/workdir/hadoop-ozone/tools/target/test-dir/MiniOzoneClusterImpl-ff932389-c3c3-49ee-b2aa-92e1f1f07a3e/datanode-0/data/ratis] (custom)
2019-10-17 08:15:40,163 [pool-27-thread-1] INFO  server.RaftServerConfigKeys (ConfUtils.java:logGet(43)) - raft.server.log.corruption.policy = EXCEPTION (default)
2019-10-17 08:15:40,163 [pool-27-thread-1] INFO  storage.RaftStorageDirectory (RaftStorageDirectory.java:analyzeStorage(246)) - The storage directory /workdir/hadoop-ozone/tools/target/test-dir/MiniOzoneClusterImpl-ff932389-c3c3-49ee-b2aa-92e1f1f07a3e/datanode-0/data/ratis/6a58a868-505c-4ad2-888f-95777fc81c2b does not exist. Creating ...
2019-10-17 08:15:40,175 [pool-37-thread-1] INFO  storage.RaftStorageDirectory (RaftStorageDirectory.java:tryLock(328)) - Lock on /workdir/hadoop-ozone/tools/target/test-dir/MiniOzoneClusterImpl-ff932389-c3c3-49ee-b2aa-92e1f1f07a3e/datanode-1/data/ratis/9d68384c-7762-4963-9de7-f15eddb49989/in_use.lock acquired by nodename 4280@pr-hdds-1868-lzclr-202649289
2019-10-17 08:15:40,175 [pool-27-thread-1] INFO  storage.RaftStorageDirectory (RaftStorageDirectory.java:tryLock(328)) - Lock on /workdir/hadoop-ozone/tools/target/test-dir/MiniOzoneClusterImpl-ff932389-c3c3-49ee-b2aa-92e1f1f07a3e/datanode-0/data/ratis/6a58a868-505c-4ad2-888f-95777fc81c2b/in_use.lock acquired by nodename 4280@pr-hdds-1868-lzclr-202649289
2019-10-17 08:15:40,175 [pool-47-thread-1] INFO  storage.RaftStorageDirectory (RaftStorageDirectory.java:tryLock(328)) - Lock on /workdir/hadoop-ozone/tools/target/test-dir/MiniOzoneClusterImpl-ff932389-c3c3-49ee-b2aa-92e1f1f07a3e/datanode-2/data/ratis/9d68384c-7762-4963-9de7-f15eddb49989/in_use.lock acquired by nodename 4280@pr-hdds-1868-lzclr-202649289
2019-10-17 08:15:40,188 [pool-27-thread-1] INFO  storage.RaftStorage (RaftStorage.java:format(84)) - Storage directory /workdir/hadoop-ozone/tools/target/test-dir/MiniOzoneClusterImpl-ff932389-c3c3-49ee-b2aa-92e1f1f07a3e/datanode-0/data/ratis/6a58a868-505c-4ad2-888f-95777fc81c2b has been successfully formatted.
2019-10-17 08:15:40,189 [pool-47-thread-1] INFO  storage.RaftStorage (RaftStorage.java:format(84)) - Storage directory /workdir/hadoop-ozone/tools/target/test-dir/MiniOzoneClusterImpl-ff932389-c3c3-49ee-b2aa-92e1f1f07a3e/datanode-2/data/ratis/9d68384c-7762-4963-9de7-f15eddb49989 has been successfully formatted.
2019-10-17 08:15:40,188 [pool-37-thread-1] INFO  storage.RaftStorage (RaftStorage.java:format(84)) - Storage directory /workdir/hadoop-ozone/tools/target/test-dir/MiniOzoneClusterImpl-ff932389-c3c3-49ee-b2aa-92e1f1f07a3e/datanode-1/data/ratis/9d68384c-7762-4963-9de7-f15eddb49989 has been successfully formatted.
2019-10-17 08:15:40,189 [pool-27-thread-1] INFO  ratis.ContainerStateMachine (ContainerStateMachine.java:loadSnapshot(233)) - group-95777FC81C2B: The snapshot info is null. Setting the last applied indexto:(t:0, i:~)
2019-10-17 08:15:40,189 [pool-47-thread-1] INFO  ratis.ContainerStateMachine (ContainerStateMachine.java:loadSnapshot(233)) - group-F15EDDB49989: The snapshot info is null. Setting the last applied indexto:(t:0, i:~)
2019-10-17 08:15:40,189 [pool-27-thread-1] INFO  server.RaftServerConfigKeys (ConfUtils.java:logGet(43)) - raft.server.notification.no-leader.timeout = 120s (custom)
2019-10-17 08:15:40,189 [pool-37-thread-1] INFO  ratis.ContainerStateMachine (ContainerStateMachine.java:loadSnapshot(233)) - group-F15EDDB49989: The snapshot info is null. Setting the last applied indexto:(t:0, i:~)
2019-10-17 08:15:40,190 [pool-27-thread-1] INFO  server.RaftServerConfigKeys (ConfUtils.java:logGet(43)) - raft.server.log.use.memory = false (default)
2019-10-17 08:15:40,189 [pool-47-thread-1] INFO  server.RaftServerConfigKeys (ConfUtils.java:logGet(43)) - raft.server.notification.no-leader.timeout = 120s (custom)
2019-10-17 08:15:40,190 [pool-27-thread-1] INFO  server.RaftServerConfigKeys (ConfUtils.java:logGet(43)) - raft.server.log.purge.gap = 1000000 (custom)
2019-10-17 08:15:40,190 [pool-37-thread-1] INFO  server.RaftServerConfigKeys (ConfUtils.java:logGet(43)) - raft.server.notification.no-leader.timeout = 120s (custom)
2019-10-17 08:15:40,190 [pool-27-thread-1] INFO  server.RaftServerConfigKeys (ConfUtils.java:logGet(43)) - raft.server.log.appender.buffer.byte-limit = 33554432 (custom)
2019-10-17 08:15:40,190 [pool-47-thread-1] INFO  server.RaftServerConfigKeys (ConfUtils.java:logGet(43)) - raft.server.log.use.memory = false (default)
2019-10-17 08:15:40,190 [pool-27-thread-1] INFO  server.RaftServerConfigKeys (ConfUtils.java:logGet(43)) - raft.server.log.segment.size.max = 1048576 (custom)
2019-10-17 08:15:40,190 [pool-37-thread-1] INFO  server.RaftServerConfigKeys (ConfUtils.java:logGet(43)) - raft.server.log.use.memory = false (default)
2019-10-17 08:15:40,191 [pool-27-thread-1] INFO  server.RaftServerConfigKeys (ConfUtils.java:logGet(43)) - raft.server.log.segment.cache.num.max = 2 (custom)
2019-10-17 08:15:40,190 [pool-47-thread-1] INFO  server.RaftServerConfigKeys (ConfUtils.java:logGet(43)) - raft.server.log.purge.gap = 1000000 (custom)
2019-10-17 08:15:40,191 [pool-27-thread-1] INFO  segmented.SegmentedRaftLogWorker (SegmentedRaftLogWorker.java:<init>(173)) - new d7926ef7-27aa-4029-a9d0-816772e9939f@group-95777FC81C2B-SegmentedRaftLogWorker for RaftStorage:Storage Directory /workdir/hadoop-ozone/tools/target/test-dir/MiniOzoneClusterImpl-ff932389-c3c3-49ee-b2aa-92e1f1f07a3e/datanode-0/data/ratis/6a58a868-505c-4ad2-888f-95777fc81c2b
2019-10-17 08:15:40,191 [pool-37-thread-1] INFO  server.RaftServerConfigKeys (ConfUtils.java:logGet(43)) - raft.server.log.purge.gap = 1000000 (custom)
2019-10-17 08:15:40,191 [pool-27-thread-1] INFO  server.RaftServerConfigKeys (ConfUtils.java:logGet(43)) - raft.server.log.queue.byte-limit = 2147483647 (custom)
2019-10-17 08:15:40,191 [pool-47-thread-1] INFO  server.RaftServerConfigKeys (ConfUtils.java:logGet(43)) - raft.server.log.appender.buffer.byte-limit = 33554432 (custom)
2019-10-17 08:15:40,191 [pool-27-thread-1] INFO  server.RaftServerConfigKeys (ConfUtils.java:logGet(43)) - raft.server.log.queue.element-limit = 1024 (custom)
2019-10-17 08:15:40,191 [pool-37-thread-1] INFO  server.RaftServerConfigKeys (ConfUtils.java:logGet(43)) - raft.server.log.appender.buffer.byte-limit = 33554432 (custom)
2019-10-17 08:15:40,192 [pool-27-thread-1] INFO  server.RaftServerConfigKeys (ConfUtils.java:logGet(43)) - raft.server.log.segment.size.max = 1048576 (custom)
2019-10-17 08:15:40,192 [pool-47-thread-1] INFO  server.RaftServerConfigKeys (ConfUtils.java:logGet(43)) - raft.server.log.segment.size.max = 1048576 (custom)
2019-10-17 08:15:40,192 [pool-27-thread-1] INFO  server.RaftServerConfigKeys (ConfUtils.java:logGet(43)) - raft.server.log.preallocated.size = 16384 (custom)
2019-10-17 08:15:40,192 [pool-37-thread-1] INFO  server.RaftServerConfigKeys (ConfUtils.java:logGet(43)) - raft.server.log.segment.size.max = 1048576 (custom)
2019-10-17 08:15:40,192 [pool-27-thread-1] INFO  server.RaftServerConfigKeys (ConfUtils.java:logGet(43)) - raft.server.log.write.buffer.size = 33554432 (custom)
2019-10-17 08:15:40,192 [pool-47-thread-1] INFO  server.RaftServerConfigKeys (ConfUtils.java:logGet(43)) - raft.server.log.segment.cache.num.max = 2 (custom)
2019-10-17 08:15:40,192 [pool-27-thread-1] INFO  server.RaftServerConfigKeys (ConfUtils.java:logGet(43)) - raft.server.log.force.sync.num = 128 (default)
2019-10-17 08:15:40,192 [pool-37-thread-1] INFO  server.RaftServerConfigKeys (ConfUtils.java:logGet(43)) - raft.server.log.segment.cache.num.max = 2 (custom)
2019-10-17 08:15:40,193 [pool-27-thread-1] INFO  server.RaftServerConfigKeys (ConfUtils.java:logGet(43)) - raft.server.log.statemachine.data.sync = true (default)
2019-10-17 08:15:40,193 [pool-47-thread-1] INFO  segmented.SegmentedRaftLogWorker (SegmentedRaftLogWorker.java:<init>(173)) - new adef743a-bc0e-4d16-adda-0d38b00cf468@group-F15EDDB49989-SegmentedRaftLogWorker for RaftStorage:Storage Directory /workdir/hadoop-ozone/tools/target/test-dir/MiniOzoneClusterImpl-ff932389-c3c3-49ee-b2aa-92e1f1f07a3e/datanode-2/data/ratis/9d68384c-7762-4963-9de7-f15eddb49989
2019-10-17 08:15:40,193 [pool-27-thread-1] INFO  server.RaftServerConfigKeys (ConfUtils.java:logGet(43)) - raft.server.log.statemachine.data.sync.timeout = 10s (default)
2019-10-17 08:15:40,193 [pool-37-thread-1] INFO  segmented.SegmentedRaftLogWorker (SegmentedRaftLogWorker.java:<init>(173)) - new 9e584dc6-0265-4730-a72b-17c833240a34@group-F15EDDB49989-SegmentedRaftLogWorker for RaftStorage:Storage Directory /workdir/hadoop-ozone/tools/target/test-dir/MiniOzoneClusterImpl-ff932389-c3c3-49ee-b2aa-92e1f1f07a3e/datanode-1/data/ratis/9d68384c-7762-4963-9de7-f15eddb49989
2019-10-17 08:15:40,193 [pool-27-thread-1] INFO  server.RaftServerConfigKeys (ConfUtils.java:logGet(43)) - raft.server.log.statemachine.data.sync.timeout.retry = -1 (default)
2019-10-17 08:15:40,193 [pool-47-thread-1] INFO  server.RaftServerConfigKeys (ConfUtils.java:logGet(43)) - raft.server.log.queue.byte-limit = 2147483647 (custom)
2019-10-17 08:15:40,194 [pool-27-thread-1] INFO  server.RaftServerConfigKeys (ConfUtils.java:logGet(43)) - raft.server.log.statemachine.data.caching.enabled = true (custom)
2019-10-17 08:15:40,193 [pool-37-thread-1] INFO  server.RaftServerConfigKeys (ConfUtils.java:logGet(43)) - raft.server.log.queue.byte-limit = 2147483647 (custom)
2019-10-17 08:15:40,194 [pool-47-thread-1] INFO  server.RaftServerConfigKeys (ConfUtils.java:logGet(43)) - raft.server.log.queue.element-limit = 1024 (custom)
2019-10-17 08:15:40,194 [pool-27-thread-1] INFO  segmented.SegmentedRaftLogWorker (SegmentedRaftLogWorker.java:lambda$new$0(128)) - d7926ef7-27aa-4029-a9d0-816772e9939f@group-95777FC81C2B-SegmentedRaftLogWorker: flushIndex: setUnconditionally 0 -> -1
2019-10-17 08:15:40,194 [pool-37-thread-1] INFO  server.RaftServerConfigKeys (ConfUtils.java:logGet(43)) - raft.server.log.queue.element-limit = 1024 (custom)
2019-10-17 08:15:40,194 [pool-47-thread-1] INFO  server.RaftServerConfigKeys (ConfUtils.java:logGet(43)) - raft.server.log.segment.size.max = 1048576 (custom)
2019-10-17 08:15:40,194 [pool-37-thread-1] INFO  server.RaftServerConfigKeys (ConfUtils.java:logGet(43)) - raft.server.log.segment.size.max = 1048576 (custom)
2019-10-17 08:15:40,194 [pool-47-thread-1] INFO  server.RaftServerConfigKeys (ConfUtils.java:logGet(43)) - raft.server.log.preallocated.size = 16384 (custom)
2019-10-17 08:15:40,194 [pool-27-thread-1] INFO  server.RaftServerConfigKeys (ConfUtils.java:logGet(43)) - raft.server.snapshot.auto.trigger.enabled = true (custom)
2019-10-17 08:15:40,195 [pool-47-thread-1] INFO  server.RaftServerConfigKeys (ConfUtils.java:logGet(43)) - raft.server.log.write.buffer.size = 33554432 (custom)
2019-10-17 08:15:40,195 [pool-37-thread-1] INFO  server.RaftServerConfigKeys (ConfUtils.java:logGet(43)) - raft.server.log.preallocated.size = 16384 (custom)
2019-10-17 08:15:40,195 [pool-47-thread-1] INFO  server.RaftServerConfigKeys (ConfUtils.java:logGet(43)) - raft.server.log.force.sync.num = 128 (default)
2019-10-17 08:15:40,195 [pool-27-thread-1] INFO  server.RaftServerConfigKeys (ConfUtils.java:logGet(43)) - raft.server.snapshot.auto.trigger.threshold = 10000 (custom)
2019-10-17 08:15:40,195 [pool-47-thread-1] INFO  server.RaftServerConfigKeys (ConfUtils.java:logGet(43)) - raft.server.log.statemachine.data.sync = true (default)
2019-10-17 08:15:40,195 [pool-37-thread-1] INFO  server.RaftServerConfigKeys (ConfUtils.java:logGet(43)) - raft.server.log.write.buffer.size = 33554432 (custom)
2019-10-17 08:15:40,196 [pool-47-thread-1] INFO  server.RaftServerConfigKeys (ConfUtils.java:logGet(43)) - raft.server.log.statemachine.data.sync.timeout = 10s (default)
2019-10-17 08:15:40,195 [pool-27-thread-1] INFO  server.RaftServerConfigKeys (ConfUtils.java:logGet(43)) - raft.server.snapshot.retention.file.num = 5 (custom)
2019-10-17 08:15:40,196 [pool-47-thread-1] INFO  server.RaftServerConfigKeys (ConfUtils.java:logGet(43)) - raft.server.log.statemachine.data.sync.timeout.retry = -1 (default)
2019-10-17 08:15:40,196 [pool-37-thread-1] INFO  server.RaftServerConfigKeys (ConfUtils.java:logGet(43)) - raft.server.log.force.sync.num = 128 (default)
2019-10-17 08:15:40,196 [pool-27-thread-1] INFO  server.RaftServerConfigKeys (ConfUtils.java:logGet(43)) - raft.server.retrycache.expirytime = 600000ms (custom)
2019-10-17 08:15:40,196 [pool-47-thread-1] INFO  server.RaftServerConfigKeys (ConfUtils.java:logGet(43)) - raft.server.log.statemachine.data.caching.enabled = true (custom)
2019-10-17 08:15:40,196 [pool-37-thread-1] INFO  server.RaftServerConfigKeys (ConfUtils.java:logGet(43)) - raft.server.log.statemachine.data.sync = true (default)
2019-10-17 08:15:40,197 [pool-37-thread-1] INFO  server.RaftServerConfigKeys (ConfUtils.java:logGet(43)) - raft.server.log.statemachine.data.sync.timeout = 10s (default)
2019-10-17 08:15:40,197 [pool-47-thread-1] INFO  segmented.SegmentedRaftLogWorker (SegmentedRaftLogWorker.java:lambda$new$0(128)) - adef743a-bc0e-4d16-adda-0d38b00cf468@group-F15EDDB49989-SegmentedRaftLogWorker: flushIndex: setUnconditionally 0 -> -1
2019-10-17 08:15:40,197 [pool-37-thread-1] INFO  server.RaftServerConfigKeys (ConfUtils.java:logGet(43)) - raft.server.log.statemachine.data.sync.timeout.retry = -1 (default)
2019-10-17 08:15:40,197 [pool-37-thread-1] INFO  server.RaftServerConfigKeys (ConfUtils.java:logGet(43)) - raft.server.log.statemachine.data.caching.enabled = true (custom)
2019-10-17 08:15:40,197 [pool-47-thread-1] INFO  server.RaftServerConfigKeys (ConfUtils.java:logGet(43)) - raft.server.snapshot.auto.trigger.enabled = true (custom)
2019-10-17 08:15:40,197 [pool-47-thread-1] INFO  server.RaftServerConfigKeys (ConfUtils.java:logGet(43)) - raft.server.snapshot.auto.trigger.threshold = 10000 (custom)
2019-10-17 08:15:40,197 [pool-37-thread-1] INFO  segmented.SegmentedRaftLogWorker (SegmentedRaftLogWorker.java:lambda$new$0(128)) - 9e584dc6-0265-4730-a72b-17c833240a34@group-F15EDDB49989-SegmentedRaftLogWorker: flushIndex: setUnconditionally 0 -> -1
2019-10-17 08:15:40,198 [pool-47-thread-1] INFO  server.RaftServerConfigKeys (ConfUtils.java:logGet(43)) - raft.server.snapshot.retention.file.num = 5 (custom)
2019-10-17 08:15:40,198 [pool-37-thread-1] INFO  server.RaftServerConfigKeys (ConfUtils.java:logGet(43)) - raft.server.snapshot.auto.trigger.enabled = true (custom)
2019-10-17 08:15:40,198 [pool-47-thread-1] INFO  server.RaftServerConfigKeys (ConfUtils.java:logGet(43)) - raft.server.retrycache.expirytime = 600000ms (custom)
2019-10-17 08:15:40,198 [pool-37-thread-1] INFO  server.RaftServerConfigKeys (ConfUtils.java:logGet(43)) - raft.server.snapshot.auto.trigger.threshold = 10000 (custom)
2019-10-17 08:15:40,198 [pool-37-thread-1] INFO  server.RaftServerConfigKeys (ConfUtils.java:logGet(43)) - raft.server.snapshot.retention.file.num = 5 (custom)
2019-10-17 08:15:40,198 [pool-37-thread-1] INFO  server.RaftServerConfigKeys (ConfUtils.java:logGet(43)) - raft.server.retrycache.expirytime = 600000ms (custom)
2019-10-17 08:15:40,204 [pool-27-thread-1] INFO  impl.RaftServerImpl (RaftServerImpl.java:<init>(104)) - d7926ef7-27aa-4029-a9d0-816772e9939f: new RaftServerImpl for group-69AA97A4A626:[9e584dc6-0265-4730-a72b-17c833240a34:192.168.34.62:34940, adef743a-bc0e-4d16-adda-0d38b00cf468:192.168.34.62:36240, d7926ef7-27aa-4029-a9d0-816772e9939f:192.168.34.62:44705] with ContainerStateMachine:uninitialized
2019-10-17 08:15:40,204 [pool-27-thread-1] INFO  server.RaftServerConfigKeys (ConfUtils.java:logGet(43)) - raft.server.rpc.timeout.min = 5s (custom)
2019-10-17 08:15:40,204 [pool-27-thread-1] INFO  server.RaftServerConfigKeys (ConfUtils.java:logGet(43)) - raft.server.rpc.timeout.max = 5200ms (custom)
2019-10-17 08:15:40,204 [pool-27-thread-1] INFO  server.RaftServerConfigKeys (ConfUtils.java:logGet(43)) - raft.server.rpcslowness.timeout = 120s (custom)
2019-10-17 08:15:40,204 [pool-27-thread-1] INFO  server.RaftServerConfigKeys (ConfUtils.java:logGet(43)) - raft.server.sleep.deviation.threshold = 300 (default)
2019-10-17 08:15:40,205 [pool-27-thread-1] INFO  server.RaftServerConfigKeys (ConfUtils.java:logGet(43)) - raft.server.log.appender.install.snapshot.enabled = false (custom)
2019-10-17 08:15:40,205 [pool-27-thread-1] INFO  impl.RaftServerImpl (ServerState.java:<init>(103)) - d7926ef7-27aa-4029-a9d0-816772e9939f@group-69AA97A4A626: ConfigurationManager, init=-1: [9e584dc6-0265-4730-a72b-17c833240a34:192.168.34.62:34940, adef743a-bc0e-4d16-adda-0d38b00cf468:192.168.34.62:36240, d7926ef7-27aa-4029-a9d0-816772e9939f:192.168.34.62:44705], old=null, confs=<EMPTY_MAP>
2019-10-17 08:15:40,205 [pool-27-thread-1] INFO  server.RaftServerConfigKeys (ConfUtils.java:logGet(43)) - raft.server.storage.dir = [/workdir/hadoop-ozone/tools/target/test-dir/MiniOzoneClusterImpl-ff932389-c3c3-49ee-b2aa-92e1f1f07a3e/datanode-0/data/ratis] (custom)
2019-10-17 08:15:40,205 [pool-27-thread-1] INFO  server.RaftServerConfigKeys (ConfUtils.java:logGet(43)) - raft.server.log.corruption.policy = EXCEPTION (default)
2019-10-17 08:15:40,205 [pool-47-thread-1] INFO  impl.RaftServerImpl (RaftServerImpl.java:<init>(104)) - adef743a-bc0e-4d16-adda-0d38b00cf468: new RaftServerImpl for group-B80ED2DD9319:[9e584dc6-0265-4730-a72b-17c833240a34:192.168.34.62:34940, adef743a-bc0e-4d16-adda-0d38b00cf468:192.168.34.62:36240, d7926ef7-27aa-4029-a9d0-816772e9939f:192.168.34.62:44705] with ContainerStateMachine:uninitialized
2019-10-17 08:15:40,206 [pool-27-thread-1] INFO  storage.RaftStorageDirectory (RaftStorageDirectory.java:analyzeStorage(246)) - The storage directory /workdir/hadoop-ozone/tools/target/test-dir/MiniOzoneClusterImpl-ff932389-c3c3-49ee-b2aa-92e1f1f07a3e/datanode-0/data/ratis/27656f7b-31f1-4418-a500-69aa97a4a626 does not exist. Creating ...
2019-10-17 08:15:40,206 [pool-47-thread-1] INFO  server.RaftServerConfigKeys (ConfUtils.java:logGet(43)) - raft.server.rpc.timeout.min = 5s (custom)
2019-10-17 08:15:40,206 [pool-47-thread-1] INFO  server.RaftServerConfigKeys (ConfUtils.java:logGet(43)) - raft.server.rpc.timeout.max = 5200ms (custom)
2019-10-17 08:15:40,206 [pool-47-thread-1] INFO  server.RaftServerConfigKeys (ConfUtils.java:logGet(43)) - raft.server.rpcslowness.timeout = 120s (custom)
2019-10-17 08:15:40,206 [pool-47-thread-1] INFO  server.RaftServerConfigKeys (ConfUtils.java:logGet(43)) - raft.server.sleep.deviation.threshold = 300 (default)
2019-10-17 08:15:40,206 [pool-37-thread-1] INFO  impl.RaftServerImpl (RaftServerImpl.java:<init>(104)) - 9e584dc6-0265-4730-a72b-17c833240a34: new RaftServerImpl for group-B80ED2DD9319:[9e584dc6-0265-4730-a72b-17c833240a34:192.168.34.62:34940, adef743a-bc0e-4d16-adda-0d38b00cf468:192.168.34.62:36240, d7926ef7-27aa-4029-a9d0-816772e9939f:192.168.34.62:44705] with ContainerStateMachine:uninitialized
2019-10-17 08:15:40,206 [pool-47-thread-1] INFO  server.RaftServerConfigKeys (ConfUtils.java:logGet(43)) - raft.server.log.appender.install.snapshot.enabled = false (custom)
2019-10-17 08:15:40,206 [pool-37-thread-1] INFO  server.RaftServerConfigKeys (ConfUtils.java:logGet(43)) - raft.server.rpc.timeout.min = 5s (custom)
2019-10-17 08:15:40,207 [pool-47-thread-1] INFO  impl.RaftServerImpl (ServerState.java:<init>(103)) - adef743a-bc0e-4d16-adda-0d38b00cf468@group-B80ED2DD9319: ConfigurationManager, init=-1: [9e584dc6-0265-4730-a72b-17c833240a34:192.168.34.62:34940, adef743a-bc0e-4d16-adda-0d38b00cf468:192.168.34.62:36240, d7926ef7-27aa-4029-a9d0-816772e9939f:192.168.34.62:44705], old=null, confs=<EMPTY_MAP>
2019-10-17 08:15:40,207 [pool-37-thread-1] INFO  server.RaftServerConfigKeys (ConfUtils.java:logGet(43)) - raft.server.rpc.timeout.max = 5200ms (custom)
2019-10-17 08:15:40,207 [pool-37-thread-1] INFO  server.RaftServerConfigKeys (ConfUtils.java:logGet(43)) - raft.server.rpcslowness.timeout = 120s (custom)
2019-10-17 08:15:40,207 [pool-47-thread-1] INFO  server.RaftServerConfigKeys (ConfUtils.java:logGet(43)) - raft.server.storage.dir = [/workdir/hadoop-ozone/tools/target/test-dir/MiniOzoneClusterImpl-ff932389-c3c3-49ee-b2aa-92e1f1f07a3e/datanode-2/data/ratis] (custom)
2019-10-17 08:15:40,207 [pool-37-thread-1] INFO  server.RaftServerConfigKeys (ConfUtils.java:logGet(43)) - raft.server.sleep.deviation.threshold = 300 (default)
2019-10-17 08:15:40,207 [pool-37-thread-1] INFO  server.RaftServerConfigKeys (ConfUtils.java:logGet(43)) - raft.server.log.appender.install.snapshot.enabled = false (custom)
2019-10-17 08:15:40,207 [pool-47-thread-1] INFO  server.RaftServerConfigKeys (ConfUtils.java:logGet(43)) - raft.server.log.corruption.policy = EXCEPTION (default)
2019-10-17 08:15:40,207 [pool-37-thread-1] INFO  impl.RaftServerImpl (ServerState.java:<init>(103)) - 9e584dc6-0265-4730-a72b-17c833240a34@group-B80ED2DD9319: ConfigurationManager, init=-1: [9e584dc6-0265-4730-a72b-17c833240a34:192.168.34.62:34940, adef743a-bc0e-4d16-adda-0d38b00cf468:192.168.34.62:36240, d7926ef7-27aa-4029-a9d0-816772e9939f:192.168.34.62:44705], old=null, confs=<EMPTY_MAP>
2019-10-17 08:15:40,208 [pool-47-thread-1] INFO  storage.RaftStorageDirectory (RaftStorageDirectory.java:analyzeStorage(246)) - The storage directory /workdir/hadoop-ozone/tools/target/test-dir/MiniOzoneClusterImpl-ff932389-c3c3-49ee-b2aa-92e1f1f07a3e/datanode-2/data/ratis/25676598-417e-44a8-a952-b80ed2dd9319 does not exist. Creating ...
2019-10-17 08:15:40,208 [pool-37-thread-1] INFO  server.RaftServerConfigKeys (ConfUtils.java:logGet(43)) - raft.server.storage.dir = [/workdir/hadoop-ozone/tools/target/test-dir/MiniOzoneClusterImpl-ff932389-c3c3-49ee-b2aa-92e1f1f07a3e/datanode-1/data/ratis] (custom)
2019-10-17 08:15:40,208 [pool-37-thread-1] INFO  server.RaftServerConfigKeys (ConfUtils.java:logGet(43)) - raft.server.log.corruption.policy = EXCEPTION (default)
2019-10-17 08:15:40,208 [pool-37-thread-1] INFO  storage.RaftStorageDirectory (RaftStorageDirectory.java:analyzeStorage(246)) - The storage directory /workdir/hadoop-ozone/tools/target/test-dir/MiniOzoneClusterImpl-ff932389-c3c3-49ee-b2aa-92e1f1f07a3e/datanode-1/data/ratis/25676598-417e-44a8-a952-b80ed2dd9319 does not exist. Creating ...
2019-10-17 08:15:40,221 [pool-37-thread-1] INFO  storage.RaftStorageDirectory (RaftStorageDirectory.java:tryLock(328)) - Lock on /workdir/hadoop-ozone/tools/target/test-dir/MiniOzoneClusterImpl-ff932389-c3c3-49ee-b2aa-92e1f1f07a3e/datanode-1/data/ratis/25676598-417e-44a8-a952-b80ed2dd9319/in_use.lock acquired by nodename 4280@pr-hdds-1868-lzclr-202649289
2019-10-17 08:15:40,221 [pool-47-thread-1] INFO  storage.RaftStorageDirectory (RaftStorageDirectory.java:tryLock(328)) - Lock on /workdir/hadoop-ozone/tools/target/test-dir/MiniOzoneClusterImpl-ff932389-c3c3-49ee-b2aa-92e1f1f07a3e/datanode-2/data/ratis/25676598-417e-44a8-a952-b80ed2dd9319/in_use.lock acquired by nodename 4280@pr-hdds-1868-lzclr-202649289
2019-10-17 08:15:40,221 [pool-27-thread-1] INFO  storage.RaftStorageDirectory (RaftStorageDirectory.java:tryLock(328)) - Lock on /workdir/hadoop-ozone/tools/target/test-dir/MiniOzoneClusterImpl-ff932389-c3c3-49ee-b2aa-92e1f1f07a3e/datanode-0/data/ratis/27656f7b-31f1-4418-a500-69aa97a4a626/in_use.lock acquired by nodename 4280@pr-hdds-1868-lzclr-202649289
2019-10-17 08:15:40,245 [pool-37-thread-1] INFO  storage.RaftStorage (RaftStorage.java:format(84)) - Storage directory /workdir/hadoop-ozone/tools/target/test-dir/MiniOzoneClusterImpl-ff932389-c3c3-49ee-b2aa-92e1f1f07a3e/datanode-1/data/ratis/25676598-417e-44a8-a952-b80ed2dd9319 has been successfully formatted.
2019-10-17 08:15:40,245 [pool-27-thread-1] INFO  storage.RaftStorage (RaftStorage.java:format(84)) - Storage directory /workdir/hadoop-ozone/tools/target/test-dir/MiniOzoneClusterImpl-ff932389-c3c3-49ee-b2aa-92e1f1f07a3e/datanode-0/data/ratis/27656f7b-31f1-4418-a500-69aa97a4a626 has been successfully formatted.
2019-10-17 08:15:40,245 [pool-37-thread-1] INFO  ratis.ContainerStateMachine (ContainerStateMachine.java:loadSnapshot(233)) - group-B80ED2DD9319: The snapshot info is null. Setting the last applied indexto:(t:0, i:~)
2019-10-17 08:15:40,245 [pool-47-thread-1] INFO  storage.RaftStorage (RaftStorage.java:format(84)) - Storage directory /workdir/hadoop-ozone/tools/target/test-dir/MiniOzoneClusterImpl-ff932389-c3c3-49ee-b2aa-92e1f1f07a3e/datanode-2/data/ratis/25676598-417e-44a8-a952-b80ed2dd9319 has been successfully formatted.
2019-10-17 08:15:40,246 [pool-27-thread-1] INFO  ratis.ContainerStateMachine (ContainerStateMachine.java:loadSnapshot(233)) - group-69AA97A4A626: The snapshot info is null. Setting the last applied indexto:(t:0, i:~)
2019-10-17 08:15:40,245 [pool-37-thread-1] INFO  server.RaftServerConfigKeys (ConfUtils.java:logGet(43)) - raft.server.notification.no-leader.timeout = 120s (custom)
2019-10-17 08:15:40,246 [pool-27-thread-1] INFO  server.RaftServerConfigKeys (ConfUtils.java:logGet(43)) - raft.server.notification.no-leader.timeout = 120s (custom)
2019-10-17 08:15:40,246 [pool-47-thread-1] INFO  ratis.ContainerStateMachine (ContainerStateMachine.java:loadSnapshot(233)) - group-B80ED2DD9319: The snapshot info is null. Setting the last applied indexto:(t:0, i:~)
2019-10-17 08:15:40,246 [pool-27-thread-1] INFO  server.RaftServerConfigKeys (ConfUtils.java:logGet(43)) - raft.server.log.use.memory = false (default)
2019-10-17 08:15:40,246 [pool-37-thread-1] INFO  server.RaftServerConfigKeys (ConfUtils.java:logGet(43)) - raft.server.log.use.memory = false (default)
2019-10-17 08:15:40,246 [pool-27-thread-1] INFO  server.RaftServerConfigKeys (ConfUtils.java:logGet(43)) - raft.server.log.purge.gap = 1000000 (custom)
2019-10-17 08:15:40,246 [pool-47-thread-1] INFO  server.RaftServerConfigKeys (ConfUtils.java:logGet(43)) - raft.server.notification.no-leader.timeout = 120s (custom)
2019-10-17 08:15:40,247 [pool-27-thread-1] INFO  server.RaftServerConfigKeys (ConfUtils.java:logGet(43)) - raft.server.log.appender.buffer.byte-limit = 33554432 (custom)
2019-10-17 08:15:40,247 [pool-37-thread-1] INFO  server.RaftServerConfigKeys (ConfUtils.java:logGet(43)) - raft.server.log.purge.gap = 1000000 (custom)
2019-10-17 08:15:40,247 [pool-27-thread-1] INFO  server.RaftServerConfigKeys (ConfUtils.java:logGet(43)) - raft.server.log.segment.size.max = 1048576 (custom)
2019-10-17 08:15:40,247 [pool-47-thread-1] INFO  server.RaftServerConfigKeys (ConfUtils.java:logGet(43)) - raft.server.log.use.memory = false (default)
2019-10-17 08:15:40,247 [pool-27-thread-1] INFO  server.RaftServerConfigKeys (ConfUtils.java:logGet(43)) - raft.server.log.segment.cache.num.max = 2 (custom)
2019-10-17 08:15:40,247 [pool-37-thread-1] INFO  server.RaftServerConfigKeys (ConfUtils.java:logGet(43)) - raft.server.log.appender.buffer.byte-limit = 33554432 (custom)
2019-10-17 08:15:40,248 [pool-27-thread-1] INFO  segmented.SegmentedRaftLogWorker (SegmentedRaftLogWorker.java:<init>(173)) - new d7926ef7-27aa-4029-a9d0-816772e9939f@group-69AA97A4A626-SegmentedRaftLogWorker for RaftStorage:Storage Directory /workdir/hadoop-ozone/tools/target/test-dir/MiniOzoneClusterImpl-ff932389-c3c3-49ee-b2aa-92e1f1f07a3e/datanode-0/data/ratis/27656f7b-31f1-4418-a500-69aa97a4a626
2019-10-17 08:15:40,248 [pool-47-thread-1] INFO  server.RaftServerConfigKeys (ConfUtils.java:logGet(43)) - raft.server.log.purge.gap = 1000000 (custom)
2019-10-17 08:15:40,248 [pool-27-thread-1] INFO  server.RaftServerConfigKeys (ConfUtils.java:logGet(43)) - raft.server.log.queue.byte-limit = 2147483647 (custom)
2019-10-17 08:15:40,248 [pool-37-thread-1] INFO  server.RaftServerConfigKeys (ConfUtils.java:logGet(43)) - raft.server.log.segment.size.max = 1048576 (custom)
2019-10-17 08:15:40,248 [pool-27-thread-1] INFO  server.RaftServerConfigKeys (ConfUtils.java:logGet(43)) - raft.server.log.queue.element-limit = 1024 (custom)
2019-10-17 08:15:40,248 [pool-47-thread-1] INFO  server.RaftServerConfigKeys (ConfUtils.java:logGet(43)) - raft.server.log.appender.buffer.byte-limit = 33554432 (custom)
2019-10-17 08:15:40,249 [pool-27-thread-1] INFO  server.RaftServerConfigKeys (ConfUtils.java:logGet(43)) - raft.server.log.segment.size.max = 1048576 (custom)
2019-10-17 08:15:40,248 [pool-37-thread-1] INFO  server.RaftServerConfigKeys (ConfUtils.java:logGet(43)) - raft.server.log.segment.cache.num.max = 2 (custom)
2019-10-17 08:15:40,249 [pool-27-thread-1] INFO  server.RaftServerConfigKeys (ConfUtils.java:logGet(43)) - raft.server.log.preallocated.size = 16384 (custom)
2019-10-17 08:15:40,249 [pool-47-thread-1] INFO  server.RaftServerConfigKeys (ConfUtils.java:logGet(43)) - raft.server.log.segment.size.max = 1048576 (custom)
2019-10-17 08:15:40,249 [pool-27-thread-1] INFO  server.RaftServerConfigKeys (ConfUtils.java:logGet(43)) - raft.server.log.write.buffer.size = 33554432 (custom)
2019-10-17 08:15:40,249 [pool-37-thread-1] INFO  segmented.SegmentedRaftLogWorker (SegmentedRaftLogWorker.java:<init>(173)) - new 9e584dc6-0265-4730-a72b-17c833240a34@group-B80ED2DD9319-SegmentedRaftLogWorker for RaftStorage:Storage Directory /workdir/hadoop-ozone/tools/target/test-dir/MiniOzoneClusterImpl-ff932389-c3c3-49ee-b2aa-92e1f1f07a3e/datanode-1/data/ratis/25676598-417e-44a8-a952-b80ed2dd9319
2019-10-17 08:15:40,249 [pool-27-thread-1] INFO  server.RaftServerConfigKeys (ConfUtils.java:logGet(43)) - raft.server.log.force.sync.num = 128 (default)
2019-10-17 08:15:40,249 [pool-47-thread-1] INFO  server.RaftServerConfigKeys (ConfUtils.java:logGet(43)) - raft.server.log.segment.cache.num.max = 2 (custom)
2019-10-17 08:15:40,250 [pool-27-thread-1] INFO  server.RaftServerConfigKeys (ConfUtils.java:logGet(43)) - raft.server.log.statemachine.data.sync = true (default)
2019-10-17 08:15:40,250 [pool-37-thread-1] INFO  server.RaftServerConfigKeys (ConfUtils.java:logGet(43)) - raft.server.log.queue.byte-limit = 2147483647 (custom)
2019-10-17 08:15:40,250 [pool-27-thread-1] INFO  server.RaftServerConfigKeys (ConfUtils.java:logGet(43)) - raft.server.log.statemachine.data.sync.timeout = 10s (default)
2019-10-17 08:15:40,250 [pool-47-thread-1] INFO  segmented.SegmentedRaftLogWorker (SegmentedRaftLogWorker.java:<init>(173)) - new adef743a-bc0e-4d16-adda-0d38b00cf468@group-B80ED2DD9319-SegmentedRaftLogWorker for RaftStorage:Storage Directory /workdir/hadoop-ozone/tools/target/test-dir/MiniOzoneClusterImpl-ff932389-c3c3-49ee-b2aa-92e1f1f07a3e/datanode-2/data/ratis/25676598-417e-44a8-a952-b80ed2dd9319
2019-10-17 08:15:40,250 [pool-27-thread-1] INFO  server.RaftServerConfigKeys (ConfUtils.java:logGet(43)) - raft.server.log.statemachine.data.sync.timeout.retry = -1 (default)
2019-10-17 08:15:40,250 [pool-37-thread-1] INFO  server.RaftServerConfigKeys (ConfUtils.java:logGet(43)) - raft.server.log.queue.element-limit = 1024 (custom)
2019-10-17 08:15:40,251 [pool-47-thread-1] INFO  server.RaftServerConfigKeys (ConfUtils.java:logGet(43)) - raft.server.log.queue.byte-limit = 2147483647 (custom)
2019-10-17 08:15:40,251 [pool-27-thread-1] INFO  server.RaftServerConfigKeys (ConfUtils.java:logGet(43)) - raft.server.log.statemachine.data.caching.enabled = true (custom)
2019-10-17 08:15:40,251 [pool-37-thread-1] INFO  server.RaftServerConfigKeys (ConfUtils.java:logGet(43)) - raft.server.log.segment.size.max = 1048576 (custom)
2019-10-17 08:15:40,251 [pool-47-thread-1] INFO  server.RaftServerConfigKeys (ConfUtils.java:logGet(43)) - raft.server.log.queue.element-limit = 1024 (custom)
2019-10-17 08:15:40,251 [pool-37-thread-1] INFO  server.RaftServerConfigKeys (ConfUtils.java:logGet(43)) - raft.server.log.preallocated.size = 16384 (custom)
2019-10-17 08:15:40,251 [pool-27-thread-1] INFO  segmented.SegmentedRaftLogWorker (SegmentedRaftLogWorker.java:lambda$new$0(128)) - d7926ef7-27aa-4029-a9d0-816772e9939f@group-69AA97A4A626-SegmentedRaftLogWorker: flushIndex: setUnconditionally 0 -> -1
2019-10-17 08:15:40,251 [pool-47-thread-1] INFO  server.RaftServerConfigKeys (ConfUtils.java:logGet(43)) - raft.server.log.segment.size.max = 1048576 (custom)
2019-10-17 08:15:40,251 [pool-37-thread-1] INFO  server.RaftServerConfigKeys (ConfUtils.java:logGet(43)) - raft.server.log.write.buffer.size = 33554432 (custom)
2019-10-17 08:15:40,252 [pool-27-thread-1] INFO  server.RaftServerConfigKeys (ConfUtils.java:logGet(43)) - raft.server.snapshot.auto.trigger.enabled = true (custom)
2019-10-17 08:15:40,252 [pool-47-thread-1] INFO  server.RaftServerConfigKeys (ConfUtils.java:logGet(43)) - raft.server.log.preallocated.size = 16384 (custom)
2019-10-17 08:15:40,252 [pool-27-thread-1] INFO  server.RaftServerConfigKeys (ConfUtils.java:logGet(43)) - raft.server.snapshot.auto.trigger.threshold = 10000 (custom)
2019-10-17 08:15:40,252 [pool-37-thread-1] INFO  server.RaftServerConfigKeys (ConfUtils.java:logGet(43)) - raft.server.log.force.sync.num = 128 (default)
2019-10-17 08:15:40,252 [pool-27-thread-1] INFO  server.RaftServerConfigKeys (ConfUtils.java:logGet(43)) - raft.server.snapshot.retention.file.num = 5 (custom)
2019-10-17 08:15:40,252 [pool-47-thread-1] INFO  server.RaftServerConfigKeys (ConfUtils.java:logGet(43)) - raft.server.log.write.buffer.size = 33554432 (custom)
2019-10-17 08:15:40,253 [pool-27-thread-1] INFO  server.RaftServerConfigKeys (ConfUtils.java:logGet(43)) - raft.server.retrycache.expirytime = 600000ms (custom)
2019-10-17 08:15:40,252 [pool-37-thread-1] INFO  server.RaftServerConfigKeys (ConfUtils.java:logGet(43)) - raft.server.log.statemachine.data.sync = true (default)
2019-10-17 08:15:40,253 [pool-47-thread-1] INFO  server.RaftServerConfigKeys (ConfUtils.java:logGet(43)) - raft.server.log.force.sync.num = 128 (default)
2019-10-17 08:15:40,253 [pool-37-thread-1] INFO  server.RaftServerConfigKeys (ConfUtils.java:logGet(43)) - raft.server.log.statemachine.data.sync.timeout = 10s (default)
2019-10-17 08:15:40,253 [pool-47-thread-1] INFO  server.RaftServerConfigKeys (ConfUtils.java:logGet(43)) - raft.server.log.statemachine.data.sync = true (default)
2019-10-17 08:15:40,253 [pool-37-thread-1] INFO  server.RaftServerConfigKeys (ConfUtils.java:logGet(43)) - raft.server.log.statemachine.data.sync.timeout.retry = -1 (default)
2019-10-17 08:15:40,253 [pool-47-thread-1] INFO  server.RaftServerConfigKeys (ConfUtils.java:logGet(43)) - raft.server.log.statemachine.data.sync.timeout = 10s (default)
2019-10-17 08:15:40,253 [pool-37-thread-1] INFO  server.RaftServerConfigKeys (ConfUtils.java:logGet(43)) - raft.server.log.statemachine.data.caching.enabled = true (custom)
2019-10-17 08:15:40,254 [pool-47-thread-1] INFO  server.RaftServerConfigKeys (ConfUtils.java:logGet(43)) - raft.server.log.statemachine.data.sync.timeout.retry = -1 (default)
2019-10-17 08:15:40,254 [pool-37-thread-1] INFO  segmented.SegmentedRaftLogWorker (SegmentedRaftLogWorker.java:lambda$new$0(128)) - 9e584dc6-0265-4730-a72b-17c833240a34@group-B80ED2DD9319-SegmentedRaftLogWorker: flushIndex: setUnconditionally 0 -> -1
2019-10-17 08:15:40,254 [pool-47-thread-1] INFO  server.RaftServerConfigKeys (ConfUtils.java:logGet(43)) - raft.server.log.statemachine.data.caching.enabled = true (custom)
2019-10-17 08:15:40,254 [pool-37-thread-1] INFO  server.RaftServerConfigKeys (ConfUtils.java:logGet(43)) - raft.server.snapshot.auto.trigger.enabled = true (custom)
2019-10-17 08:15:40,254 [pool-37-thread-1] INFO  server.RaftServerConfigKeys (ConfUtils.java:logGet(43)) - raft.server.snapshot.auto.trigger.threshold = 10000 (custom)
2019-10-17 08:15:40,254 [pool-47-thread-1] INFO  segmented.SegmentedRaftLogWorker (SegmentedRaftLogWorker.java:lambda$new$0(128)) - adef743a-bc0e-4d16-adda-0d38b00cf468@group-B80ED2DD9319-SegmentedRaftLogWorker: flushIndex: setUnconditionally 0 -> -1
2019-10-17 08:15:40,254 [pool-37-thread-1] INFO  server.RaftServerConfigKeys (ConfUtils.java:logGet(43)) - raft.server.snapshot.retention.file.num = 5 (custom)
2019-10-17 08:15:40,255 [pool-37-thread-1] INFO  server.RaftServerConfigKeys (ConfUtils.java:logGet(43)) - raft.server.retrycache.expirytime = 600000ms (custom)
2019-10-17 08:15:40,255 [pool-47-thread-1] INFO  server.RaftServerConfigKeys (ConfUtils.java:logGet(43)) - raft.server.snapshot.auto.trigger.enabled = true (custom)
2019-10-17 08:15:40,255 [pool-47-thread-1] INFO  server.RaftServerConfigKeys (ConfUtils.java:logGet(43)) - raft.server.snapshot.auto.trigger.threshold = 10000 (custom)
2019-10-17 08:15:40,255 [pool-47-thread-1] INFO  server.RaftServerConfigKeys (ConfUtils.java:logGet(43)) - raft.server.snapshot.retention.file.num = 5 (custom)
2019-10-17 08:15:40,255 [pool-47-thread-1] INFO  server.RaftServerConfigKeys (ConfUtils.java:logGet(43)) - raft.server.retrycache.expirytime = 600000ms (custom)
2019-10-17 08:15:40,259 [pool-37-thread-1] INFO  impl.RaftServerImpl (RaftServerImpl.java:start(195)) - 9e584dc6-0265-4730-a72b-17c833240a34@group-97B724006A0F: start as a follower, conf=-1: [9e584dc6-0265-4730-a72b-17c833240a34:192.168.34.62:34940, adef743a-bc0e-4d16-adda-0d38b00cf468:192.168.34.62:36240, d7926ef7-27aa-4029-a9d0-816772e9939f:192.168.34.62:44705], old=null
2019-10-17 08:15:40,260 [pool-27-thread-1] INFO  impl.RaftServerImpl (RaftServerImpl.java:<init>(104)) - d7926ef7-27aa-4029-a9d0-816772e9939f: new RaftServerImpl for group-F15EDDB49989:[9e584dc6-0265-4730-a72b-17c833240a34:192.168.34.62:34940, adef743a-bc0e-4d16-adda-0d38b00cf468:192.168.34.62:36240, d7926ef7-27aa-4029-a9d0-816772e9939f:192.168.34.62:44705] with ContainerStateMachine:uninitialized
2019-10-17 08:15:40,260 [pool-47-thread-1] INFO  impl.RaftServerImpl (RaftServerImpl.java:start(195)) - adef743a-bc0e-4d16-adda-0d38b00cf468@group-97B724006A0F: start as a follower, conf=-1: [9e584dc6-0265-4730-a72b-17c833240a34:192.168.34.62:34940, adef743a-bc0e-4d16-adda-0d38b00cf468:192.168.34.62:36240, d7926ef7-27aa-4029-a9d0-816772e9939f:192.168.34.62:44705], old=null
2019-10-17 08:15:40,260 [pool-27-thread-1] INFO  server.RaftServerConfigKeys (ConfUtils.java:logGet(43)) - raft.server.rpc.timeout.min = 5s (custom)
2019-10-17 08:15:40,260 [pool-27-thread-1] INFO  server.RaftServerConfigKeys (ConfUtils.java:logGet(43)) - raft.server.rpc.timeout.max = 5200ms (custom)
2019-10-17 08:15:40,261 [pool-47-thread-1] INFO  impl.RaftServerImpl (RaftServerImpl.java:setRole(184)) - adef743a-bc0e-4d16-adda-0d38b00cf468@group-97B724006A0F: changes role from      null to FOLLOWER at term 0 for startAsFollower
2019-10-17 08:15:40,261 [pool-37-thread-1] INFO  impl.RaftServerImpl (RaftServerImpl.java:setRole(184)) - 9e584dc6-0265-4730-a72b-17c833240a34@group-97B724006A0F: changes role from      null to FOLLOWER at term 0 for startAsFollower
2019-10-17 08:15:40,261 [pool-27-thread-1] INFO  server.RaftServerConfigKeys (ConfUtils.java:logGet(43)) - raft.server.rpcslowness.timeout = 120s (custom)
2019-10-17 08:15:40,261 [pool-27-thread-1] INFO  server.RaftServerConfigKeys (ConfUtils.java:logGet(43)) - raft.server.sleep.deviation.threshold = 300 (default)
2019-10-17 08:15:40,261 [pool-27-thread-1] INFO  server.RaftServerConfigKeys (ConfUtils.java:logGet(43)) - raft.server.log.appender.install.snapshot.enabled = false (custom)
2019-10-17 08:15:40,261 [pool-27-thread-1] INFO  impl.RaftServerImpl (ServerState.java:<init>(103)) - d7926ef7-27aa-4029-a9d0-816772e9939f@group-F15EDDB49989: ConfigurationManager, init=-1: [9e584dc6-0265-4730-a72b-17c833240a34:192.168.34.62:34940, adef743a-bc0e-4d16-adda-0d38b00cf468:192.168.34.62:36240, d7926ef7-27aa-4029-a9d0-816772e9939f:192.168.34.62:44705], old=null, confs=<EMPTY_MAP>
2019-10-17 08:15:40,262 [pool-27-thread-1] INFO  server.RaftServerConfigKeys (ConfUtils.java:logGet(43)) - raft.server.storage.dir = [/workdir/hadoop-ozone/tools/target/test-dir/MiniOzoneClusterImpl-ff932389-c3c3-49ee-b2aa-92e1f1f07a3e/datanode-0/data/ratis] (custom)
2019-10-17 08:15:40,262 [pool-27-thread-1] INFO  server.RaftServerConfigKeys (ConfUtils.java:logGet(43)) - raft.server.log.corruption.policy = EXCEPTION (default)
2019-10-17 08:15:40,262 [pool-27-thread-1] INFO  storage.RaftStorageDirectory (RaftStorageDirectory.java:analyzeStorage(246)) - The storage directory /workdir/hadoop-ozone/tools/target/test-dir/MiniOzoneClusterImpl-ff932389-c3c3-49ee-b2aa-92e1f1f07a3e/datanode-0/data/ratis/9d68384c-7762-4963-9de7-f15eddb49989 does not exist. Creating ...
2019-10-17 08:15:40,262 [pool-37-thread-1] INFO  impl.RoleInfo (RoleInfo.java:updateAndGet(143)) - 9e584dc6-0265-4730-a72b-17c833240a34: start FollowerState
2019-10-17 08:15:40,262 [pool-47-thread-1] INFO  impl.RoleInfo (RoleInfo.java:updateAndGet(143)) - adef743a-bc0e-4d16-adda-0d38b00cf468: start FollowerState
2019-10-17 08:15:40,266 [pool-37-thread-1] INFO  util.JmxRegister (JmxRegister.java:tryRegister(44)) - Successfully registered JMX Bean with object name Ratis:service=RaftServer,group=group-97B724006A0F,id=9e584dc6-0265-4730-a72b-17c833240a34
2019-10-17 08:15:40,266 [pool-47-thread-1] INFO  util.JmxRegister (JmxRegister.java:tryRegister(44)) - Successfully registered JMX Bean with object name Ratis:service=RaftServer,group=group-97B724006A0F,id=adef743a-bc0e-4d16-adda-0d38b00cf468
2019-10-17 08:15:40,280 [pool-37-thread-1] INFO  impl.RaftServerImpl (RaftServerImpl.java:start(195)) - 9e584dc6-0265-4730-a72b-17c833240a34@group-69AA97A4A626: start as a follower, conf=-1: [9e584dc6-0265-4730-a72b-17c833240a34:192.168.34.62:34940, adef743a-bc0e-4d16-adda-0d38b00cf468:192.168.34.62:36240, d7926ef7-27aa-4029-a9d0-816772e9939f:192.168.34.62:44705], old=null
2019-10-17 08:15:40,280 [pool-37-thread-1] INFO  impl.RaftServerImpl (RaftServerImpl.java:setRole(184)) - 9e584dc6-0265-4730-a72b-17c833240a34@group-69AA97A4A626: changes role from      null to FOLLOWER at term 0 for startAsFollower
2019-10-17 08:15:40,280 [pool-47-thread-1] INFO  impl.RaftServerImpl (RaftServerImpl.java:start(195)) - adef743a-bc0e-4d16-adda-0d38b00cf468@group-69AA97A4A626: start as a follower, conf=-1: [9e584dc6-0265-4730-a72b-17c833240a34:192.168.34.62:34940, adef743a-bc0e-4d16-adda-0d38b00cf468:192.168.34.62:36240, d7926ef7-27aa-4029-a9d0-816772e9939f:192.168.34.62:44705], old=null
2019-10-17 08:15:40,280 [pool-37-thread-1] INFO  impl.RoleInfo (RoleInfo.java:updateAndGet(143)) - 9e584dc6-0265-4730-a72b-17c833240a34: start FollowerState
2019-10-17 08:15:40,280 [pool-47-thread-1] INFO  impl.RaftServerImpl (RaftServerImpl.java:setRole(184)) - adef743a-bc0e-4d16-adda-0d38b00cf468@group-69AA97A4A626: changes role from      null to FOLLOWER at term 0 for startAsFollower
2019-10-17 08:15:40,280 [pool-47-thread-1] INFO  impl.RoleInfo (RoleInfo.java:updateAndGet(143)) - adef743a-bc0e-4d16-adda-0d38b00cf468: start FollowerState
2019-10-17 08:15:40,280 [pool-37-thread-1] INFO  util.JmxRegister (JmxRegister.java:tryRegister(44)) - Successfully registered JMX Bean with object name Ratis:service=RaftServer,group=group-69AA97A4A626,id=9e584dc6-0265-4730-a72b-17c833240a34
2019-10-17 08:15:40,281 [pool-47-thread-1] INFO  util.JmxRegister (JmxRegister.java:tryRegister(44)) - Successfully registered JMX Bean with object name Ratis:service=RaftServer,group=group-69AA97A4A626,id=adef743a-bc0e-4d16-adda-0d38b00cf468
2019-10-17 08:15:40,282 [pool-27-thread-1] INFO  storage.RaftStorageDirectory (RaftStorageDirectory.java:tryLock(328)) - Lock on /workdir/hadoop-ozone/tools/target/test-dir/MiniOzoneClusterImpl-ff932389-c3c3-49ee-b2aa-92e1f1f07a3e/datanode-0/data/ratis/9d68384c-7762-4963-9de7-f15eddb49989/in_use.lock acquired by nodename 4280@pr-hdds-1868-lzclr-202649289
2019-10-17 08:15:40,283 [pool-37-thread-1] INFO  impl.RaftServerImpl (RaftServerImpl.java:start(195)) - 9e584dc6-0265-4730-a72b-17c833240a34@group-F15EDDB49989: start as a follower, conf=-1: [9e584dc6-0265-4730-a72b-17c833240a34:192.168.34.62:34940, adef743a-bc0e-4d16-adda-0d38b00cf468:192.168.34.62:36240, d7926ef7-27aa-4029-a9d0-816772e9939f:192.168.34.62:44705], old=null
2019-10-17 08:15:40,283 [pool-37-thread-1] INFO  impl.RaftServerImpl (RaftServerImpl.java:setRole(184)) - 9e584dc6-0265-4730-a72b-17c833240a34@group-F15EDDB49989: changes role from      null to FOLLOWER at term 0 for startAsFollower
2019-10-17 08:15:40,283 [pool-37-thread-1] INFO  impl.RoleInfo (RoleInfo.java:updateAndGet(143)) - 9e584dc6-0265-4730-a72b-17c833240a34: start FollowerState
2019-10-17 08:15:40,284 [pool-37-thread-1] INFO  util.JmxRegister (JmxRegister.java:tryRegister(44)) - Successfully registered JMX Bean with object name Ratis:service=RaftServer,group=group-F15EDDB49989,id=9e584dc6-0265-4730-a72b-17c833240a34
2019-10-17 08:15:40,284 [pool-47-thread-1] INFO  impl.RaftServerImpl (RaftServerImpl.java:start(195)) - adef743a-bc0e-4d16-adda-0d38b00cf468@group-F15EDDB49989: start as a follower, conf=-1: [9e584dc6-0265-4730-a72b-17c833240a34:192.168.34.62:34940, adef743a-bc0e-4d16-adda-0d38b00cf468:192.168.34.62:36240, d7926ef7-27aa-4029-a9d0-816772e9939f:192.168.34.62:44705], old=null
2019-10-17 08:15:40,284 [pool-47-thread-1] INFO  impl.RaftServerImpl (RaftServerImpl.java:setRole(184)) - adef743a-bc0e-4d16-adda-0d38b00cf468@group-F15EDDB49989: changes role from      null to FOLLOWER at term 0 for startAsFollower
2019-10-17 08:15:40,284 [pool-47-thread-1] INFO  impl.RoleInfo (RoleInfo.java:updateAndGet(143)) - adef743a-bc0e-4d16-adda-0d38b00cf468: start FollowerState
2019-10-17 08:15:40,285 [pool-47-thread-1] INFO  util.JmxRegister (JmxRegister.java:tryRegister(44)) - Successfully registered JMX Bean with object name Ratis:service=RaftServer,group=group-F15EDDB49989,id=adef743a-bc0e-4d16-adda-0d38b00cf468
2019-10-17 08:15:40,286 [pool-37-thread-1] INFO  impl.RaftServerImpl (RaftServerImpl.java:start(195)) - 9e584dc6-0265-4730-a72b-17c833240a34@group-B80ED2DD9319: start as a follower, conf=-1: [9e584dc6-0265-4730-a72b-17c833240a34:192.168.34.62:34940, adef743a-bc0e-4d16-adda-0d38b00cf468:192.168.34.62:36240, d7926ef7-27aa-4029-a9d0-816772e9939f:192.168.34.62:44705], old=null
2019-10-17 08:15:40,286 [pool-37-thread-1] INFO  impl.RaftServerImpl (RaftServerImpl.java:setRole(184)) - 9e584dc6-0265-4730-a72b-17c833240a34@group-B80ED2DD9319: changes role from      null to FOLLOWER at term 0 for startAsFollower
2019-10-17 08:15:40,286 [pool-37-thread-1] INFO  impl.RoleInfo (RoleInfo.java:updateAndGet(143)) - 9e584dc6-0265-4730-a72b-17c833240a34: start FollowerState
2019-10-17 08:15:40,286 [pool-37-thread-1] INFO  util.JmxRegister (JmxRegister.java:tryRegister(44)) - Successfully registered JMX Bean with object name Ratis:service=RaftServer,group=group-B80ED2DD9319,id=9e584dc6-0265-4730-a72b-17c833240a34
2019-10-17 08:15:40,288 [pool-47-thread-1] INFO  impl.RaftServerImpl (RaftServerImpl.java:start(195)) - adef743a-bc0e-4d16-adda-0d38b00cf468@group-B80ED2DD9319: start as a follower, conf=-1: [9e584dc6-0265-4730-a72b-17c833240a34:192.168.34.62:34940, adef743a-bc0e-4d16-adda-0d38b00cf468:192.168.34.62:36240, d7926ef7-27aa-4029-a9d0-816772e9939f:192.168.34.62:44705], old=null
2019-10-17 08:15:40,288 [pool-47-thread-1] INFO  impl.RaftServerImpl (RaftServerImpl.java:setRole(184)) - adef743a-bc0e-4d16-adda-0d38b00cf468@group-B80ED2DD9319: changes role from      null to FOLLOWER at term 0 for startAsFollower
2019-10-17 08:15:40,288 [pool-47-thread-1] INFO  impl.RoleInfo (RoleInfo.java:updateAndGet(143)) - adef743a-bc0e-4d16-adda-0d38b00cf468: start FollowerState
2019-10-17 08:15:40,289 [pool-47-thread-1] INFO  util.JmxRegister (JmxRegister.java:tryRegister(44)) - Successfully registered JMX Bean with object name Ratis:service=RaftServer,group=group-B80ED2DD9319,id=adef743a-bc0e-4d16-adda-0d38b00cf468
2019-10-17 08:15:40,299 [Thread-208] INFO  impl.FollowerState (FollowerState.java:run(108)) - adef743a-bc0e-4d16-adda-0d38b00cf468@group-F15EDDB49989-FollowerState: change to CANDIDATE, lastRpcTime:14ms, electionTimeout:14ms
2019-10-17 08:15:40,302 [pool-27-thread-1] INFO  storage.RaftStorage (RaftStorage.java:format(84)) - Storage directory /workdir/hadoop-ozone/tools/target/test-dir/MiniOzoneClusterImpl-ff932389-c3c3-49ee-b2aa-92e1f1f07a3e/datanode-0/data/ratis/9d68384c-7762-4963-9de7-f15eddb49989 has been successfully formatted.
2019-10-17 08:15:40,303 [pool-27-thread-1] INFO  ratis.ContainerStateMachine (ContainerStateMachine.java:loadSnapshot(233)) - group-F15EDDB49989: The snapshot info is null. Setting the last applied indexto:(t:0, i:~)
2019-10-17 08:15:40,303 [pool-27-thread-1] INFO  server.RaftServerConfigKeys (ConfUtils.java:logGet(43)) - raft.server.notification.no-leader.timeout = 120s (custom)
2019-10-17 08:15:40,303 [Thread-208] INFO  impl.RoleInfo (RoleInfo.java:shutdownFollowerState(121)) - adef743a-bc0e-4d16-adda-0d38b00cf468: shutdown FollowerState
2019-10-17 08:15:40,303 [pool-27-thread-1] INFO  server.RaftServerConfigKeys (ConfUtils.java:logGet(43)) - raft.server.log.use.memory = false (default)
2019-10-17 08:15:40,303 [Thread-208] INFO  impl.RaftServerImpl (RaftServerImpl.java:setRole(184)) - adef743a-bc0e-4d16-adda-0d38b00cf468@group-F15EDDB49989: changes role from  FOLLOWER to CANDIDATE at term 0 for changeToCandidate
2019-10-17 08:15:40,304 [pool-27-thread-1] INFO  server.RaftServerConfigKeys (ConfUtils.java:logGet(43)) - raft.server.log.purge.gap = 1000000 (custom)
2019-10-17 08:15:40,304 [pool-27-thread-1] INFO  server.RaftServerConfigKeys (ConfUtils.java:logGet(43)) - raft.server.log.appender.buffer.byte-limit = 33554432 (custom)
2019-10-17 08:15:40,304 [pool-27-thread-1] INFO  server.RaftServerConfigKeys (ConfUtils.java:logGet(43)) - raft.server.log.segment.size.max = 1048576 (custom)
2019-10-17 08:15:40,304 [pool-27-thread-1] INFO  server.RaftServerConfigKeys (ConfUtils.java:logGet(43)) - raft.server.log.segment.cache.num.max = 2 (custom)
2019-10-17 08:15:40,304 [Thread-210] INFO  impl.FollowerState (FollowerState.java:run(108)) - 9e584dc6-0265-4730-a72b-17c833240a34@group-B80ED2DD9319-FollowerState: change to CANDIDATE, lastRpcTime:18ms, electionTimeout:18ms
2019-10-17 08:15:40,305 [pool-27-thread-1] INFO  segmented.SegmentedRaftLogWorker (SegmentedRaftLogWorker.java:<init>(173)) - new d7926ef7-27aa-4029-a9d0-816772e9939f@group-F15EDDB49989-SegmentedRaftLogWorker for RaftStorage:Storage Directory /workdir/hadoop-ozone/tools/target/test-dir/MiniOzoneClusterImpl-ff932389-c3c3-49ee-b2aa-92e1f1f07a3e/datanode-0/data/ratis/9d68384c-7762-4963-9de7-f15eddb49989
2019-10-17 08:15:40,306 [pool-27-thread-1] INFO  server.RaftServerConfigKeys (ConfUtils.java:logGet(43)) - raft.server.log.queue.byte-limit = 2147483647 (custom)
2019-10-17 08:15:40,306 [Thread-210] INFO  impl.RoleInfo (RoleInfo.java:shutdownFollowerState(121)) - 9e584dc6-0265-4730-a72b-17c833240a34: shutdown FollowerState
2019-10-17 08:15:40,306 [pool-27-thread-1] INFO  server.RaftServerConfigKeys (ConfUtils.java:logGet(43)) - raft.server.log.queue.element-limit = 1024 (custom)
2019-10-17 08:15:40,306 [Thread-210] INFO  impl.RaftServerImpl (RaftServerImpl.java:setRole(184)) - 9e584dc6-0265-4730-a72b-17c833240a34@group-B80ED2DD9319: changes role from  FOLLOWER to CANDIDATE at term 0 for changeToCandidate
2019-10-17 08:15:40,306 [pool-27-thread-1] INFO  server.RaftServerConfigKeys (ConfUtils.java:logGet(43)) - raft.server.log.segment.size.max = 1048576 (custom)
2019-10-17 08:15:40,308 [pool-27-thread-1] INFO  server.RaftServerConfigKeys (ConfUtils.java:logGet(43)) - raft.server.log.preallocated.size = 16384 (custom)
2019-10-17 08:15:40,308 [pool-27-thread-1] INFO  server.RaftServerConfigKeys (ConfUtils.java:logGet(43)) - raft.server.log.write.buffer.size = 33554432 (custom)
2019-10-17 08:15:40,308 [pool-27-thread-1] INFO  server.RaftServerConfigKeys (ConfUtils.java:logGet(43)) - raft.server.log.force.sync.num = 128 (default)
2019-10-17 08:15:40,308 [pool-27-thread-1] INFO  server.RaftServerConfigKeys (ConfUtils.java:logGet(43)) - raft.server.log.statemachine.data.sync = true (default)
2019-10-17 08:15:40,308 [pool-27-thread-1] INFO  server.RaftServerConfigKeys (ConfUtils.java:logGet(43)) - raft.server.log.statemachine.data.sync.timeout = 10s (default)
2019-10-17 08:15:40,310 [pool-27-thread-1] INFO  server.RaftServerConfigKeys (ConfUtils.java:logGet(43)) - raft.server.log.statemachine.data.sync.timeout.retry = -1 (default)
2019-10-17 08:15:40,310 [pool-27-thread-1] INFO  server.RaftServerConfigKeys (ConfUtils.java:logGet(43)) - raft.server.log.statemachine.data.caching.enabled = true (custom)
2019-10-17 08:15:40,311 [pool-27-thread-1] INFO  segmented.SegmentedRaftLogWorker (SegmentedRaftLogWorker.java:lambda$new$0(128)) - d7926ef7-27aa-4029-a9d0-816772e9939f@group-F15EDDB49989-SegmentedRaftLogWorker: flushIndex: setUnconditionally 0 -> -1
2019-10-17 08:15:40,312 [Thread-208] INFO  impl.RoleInfo (RoleInfo.java:updateAndGet(143)) - adef743a-bc0e-4d16-adda-0d38b00cf468: start LeaderElection
2019-10-17 08:15:40,312 [pool-27-thread-1] INFO  server.RaftServerConfigKeys (ConfUtils.java:logGet(43)) - raft.server.snapshot.auto.trigger.enabled = true (custom)
2019-10-17 08:15:40,312 [Thread-210] INFO  impl.RoleInfo (RoleInfo.java:updateAndGet(143)) - 9e584dc6-0265-4730-a72b-17c833240a34: start LeaderElection
2019-10-17 08:15:40,313 [pool-27-thread-1] INFO  server.RaftServerConfigKeys (ConfUtils.java:logGet(43)) - raft.server.snapshot.auto.trigger.threshold = 10000 (custom)
2019-10-17 08:15:40,315 [pool-27-thread-1] INFO  server.RaftServerConfigKeys (ConfUtils.java:logGet(43)) - raft.server.snapshot.retention.file.num = 5 (custom)
2019-10-17 08:15:40,317 [pool-27-thread-1] INFO  server.RaftServerConfigKeys (ConfUtils.java:logGet(43)) - raft.server.retrycache.expirytime = 600000ms (custom)
2019-10-17 08:15:40,323 [pool-27-thread-1] INFO  impl.RaftServerImpl (RaftServerImpl.java:<init>(104)) - d7926ef7-27aa-4029-a9d0-816772e9939f: new RaftServerImpl for group-B80ED2DD9319:[9e584dc6-0265-4730-a72b-17c833240a34:192.168.34.62:34940, adef743a-bc0e-4d16-adda-0d38b00cf468:192.168.34.62:36240, d7926ef7-27aa-4029-a9d0-816772e9939f:192.168.34.62:44705] with ContainerStateMachine:uninitialized
2019-10-17 08:15:40,324 [pool-27-thread-1] INFO  server.RaftServerConfigKeys (ConfUtils.java:logGet(43)) - raft.server.rpc.timeout.min = 5s (custom)
2019-10-17 08:15:40,324 [pool-27-thread-1] INFO  server.RaftServerConfigKeys (ConfUtils.java:logGet(43)) - raft.server.rpc.timeout.max = 5200ms (custom)
2019-10-17 08:15:40,324 [pool-27-thread-1] INFO  server.RaftServerConfigKeys (ConfUtils.java:logGet(43)) - raft.server.rpcslowness.timeout = 120s (custom)
2019-10-17 08:15:40,324 [pool-27-thread-1] INFO  server.RaftServerConfigKeys (ConfUtils.java:logGet(43)) - raft.server.sleep.deviation.threshold = 300 (default)
2019-10-17 08:15:40,324 [pool-27-thread-1] INFO  server.RaftServerConfigKeys (ConfUtils.java:logGet(43)) - raft.server.log.appender.install.snapshot.enabled = false (custom)
2019-10-17 08:15:40,325 [pool-27-thread-1] INFO  impl.RaftServerImpl (ServerState.java:<init>(103)) - d7926ef7-27aa-4029-a9d0-816772e9939f@group-B80ED2DD9319: ConfigurationManager, init=-1: [9e584dc6-0265-4730-a72b-17c833240a34:192.168.34.62:34940, adef743a-bc0e-4d16-adda-0d38b00cf468:192.168.34.62:36240, d7926ef7-27aa-4029-a9d0-816772e9939f:192.168.34.62:44705], old=null, confs=<EMPTY_MAP>
2019-10-17 08:15:40,325 [pool-27-thread-1] INFO  server.RaftServerConfigKeys (ConfUtils.java:logGet(43)) - raft.server.storage.dir = [/workdir/hadoop-ozone/tools/target/test-dir/MiniOzoneClusterImpl-ff932389-c3c3-49ee-b2aa-92e1f1f07a3e/datanode-0/data/ratis] (custom)
2019-10-17 08:15:40,325 [pool-27-thread-1] INFO  server.RaftServerConfigKeys (ConfUtils.java:logGet(43)) - raft.server.log.corruption.policy = EXCEPTION (default)
2019-10-17 08:15:40,325 [pool-27-thread-1] INFO  storage.RaftStorageDirectory (RaftStorageDirectory.java:analyzeStorage(246)) - The storage directory /workdir/hadoop-ozone/tools/target/test-dir/MiniOzoneClusterImpl-ff932389-c3c3-49ee-b2aa-92e1f1f07a3e/datanode-0/data/ratis/25676598-417e-44a8-a952-b80ed2dd9319 does not exist. Creating ...
2019-10-17 08:15:40,331 [Thread-204] INFO  impl.FollowerState (FollowerState.java:run(108)) - adef743a-bc0e-4d16-adda-0d38b00cf468@group-69AA97A4A626-FollowerState: change to CANDIDATE, lastRpcTime:50ms, electionTimeout:50ms
2019-10-17 08:15:40,331 [pool-27-thread-1] INFO  storage.RaftStorageDirectory (RaftStorageDirectory.java:tryLock(328)) - Lock on /workdir/hadoop-ozone/tools/target/test-dir/MiniOzoneClusterImpl-ff932389-c3c3-49ee-b2aa-92e1f1f07a3e/datanode-0/data/ratis/25676598-417e-44a8-a952-b80ed2dd9319/in_use.lock acquired by nodename 4280@pr-hdds-1868-lzclr-202649289
2019-10-17 08:15:40,331 [Thread-204] INFO  impl.RoleInfo (RoleInfo.java:shutdownFollowerState(121)) - adef743a-bc0e-4d16-adda-0d38b00cf468: shutdown FollowerState
2019-10-17 08:15:40,331 [9e584dc6-0265-4730-a72b-17c833240a34@group-B80ED2DD9319-LeaderElection1] INFO  impl.LeaderElection (LeaderElection.java:askForVotes(178)) - 9e584dc6-0265-4730-a72b-17c833240a34@group-B80ED2DD9319-LeaderElection1: begin an election at term 1 for -1: [9e584dc6-0265-4730-a72b-17c833240a34:192.168.34.62:34940, adef743a-bc0e-4d16-adda-0d38b00cf468:192.168.34.62:36240, d7926ef7-27aa-4029-a9d0-816772e9939f:192.168.34.62:44705], old=null
2019-10-17 08:15:40,331 [adef743a-bc0e-4d16-adda-0d38b00cf468@group-F15EDDB49989-LeaderElection2] INFO  impl.LeaderElection (LeaderElection.java:askForVotes(178)) - adef743a-bc0e-4d16-adda-0d38b00cf468@group-F15EDDB49989-LeaderElection2: begin an election at term 1 for -1: [9e584dc6-0265-4730-a72b-17c833240a34:192.168.34.62:34940, adef743a-bc0e-4d16-adda-0d38b00cf468:192.168.34.62:36240, d7926ef7-27aa-4029-a9d0-816772e9939f:192.168.34.62:44705], old=null
2019-10-17 08:15:40,332 [Thread-204] INFO  impl.RaftServerImpl (RaftServerImpl.java:setRole(184)) - adef743a-bc0e-4d16-adda-0d38b00cf468@group-69AA97A4A626: changes role from  FOLLOWER to CANDIDATE at term 0 for changeToCandidate
2019-10-17 08:15:40,332 [Thread-204] INFO  impl.RoleInfo (RoleInfo.java:updateAndGet(143)) - adef743a-bc0e-4d16-adda-0d38b00cf468: start LeaderElection
2019-10-17 08:15:40,347 [Thread-206] INFO  impl.FollowerState (FollowerState.java:run(108)) - 9e584dc6-0265-4730-a72b-17c833240a34@group-F15EDDB49989-FollowerState: change to CANDIDATE, lastRpcTime:63ms, electionTimeout:62ms
2019-10-17 08:15:40,348 [Thread-206] INFO  impl.RoleInfo (RoleInfo.java:shutdownFollowerState(121)) - 9e584dc6-0265-4730-a72b-17c833240a34: shutdown FollowerState
2019-10-17 08:15:40,348 [Thread-206] INFO  impl.RaftServerImpl (RaftServerImpl.java:setRole(184)) - 9e584dc6-0265-4730-a72b-17c833240a34@group-F15EDDB49989: changes role from  FOLLOWER to CANDIDATE at term 0 for changeToCandidate
2019-10-17 08:15:40,348 [Thread-206] INFO  impl.RoleInfo (RoleInfo.java:updateAndGet(143)) - 9e584dc6-0265-4730-a72b-17c833240a34: start LeaderElection
2019-10-17 08:15:40,349 [Thread-200] INFO  impl.FollowerState (FollowerState.java:run(108)) - adef743a-bc0e-4d16-adda-0d38b00cf468@group-97B724006A0F-FollowerState: change to CANDIDATE, lastRpcTime:86ms, electionTimeout:84ms
2019-10-17 08:15:40,351 [Thread-200] INFO  impl.RoleInfo (RoleInfo.java:shutdownFollowerState(121)) - adef743a-bc0e-4d16-adda-0d38b00cf468: shutdown FollowerState
2019-10-17 08:15:40,351 [Thread-200] INFO  impl.RaftServerImpl (RaftServerImpl.java:setRole(184)) - adef743a-bc0e-4d16-adda-0d38b00cf468@group-97B724006A0F: changes role from  FOLLOWER to CANDIDATE at term 0 for changeToCandidate
2019-10-17 08:15:40,351 [Thread-200] INFO  impl.RoleInfo (RoleInfo.java:updateAndGet(143)) - adef743a-bc0e-4d16-adda-0d38b00cf468: start LeaderElection
2019-10-17 08:15:40,352 [pool-27-thread-1] INFO  storage.RaftStorage (RaftStorage.java:format(84)) - Storage directory /workdir/hadoop-ozone/tools/target/test-dir/MiniOzoneClusterImpl-ff932389-c3c3-49ee-b2aa-92e1f1f07a3e/datanode-0/data/ratis/25676598-417e-44a8-a952-b80ed2dd9319 has been successfully formatted.
2019-10-17 08:15:40,354 [adef743a-bc0e-4d16-adda-0d38b00cf468@group-69AA97A4A626-LeaderElection3] INFO  impl.LeaderElection (LeaderElection.java:askForVotes(178)) - adef743a-bc0e-4d16-adda-0d38b00cf468@group-69AA97A4A626-LeaderElection3: begin an election at term 1 for -1: [9e584dc6-0265-4730-a72b-17c833240a34:192.168.34.62:34940, adef743a-bc0e-4d16-adda-0d38b00cf468:192.168.34.62:36240, d7926ef7-27aa-4029-a9d0-816772e9939f:192.168.34.62:44705], old=null
2019-10-17 08:15:40,355 [9e584dc6-0265-4730-a72b-17c833240a34@group-F15EDDB49989-LeaderElection4] INFO  impl.LeaderElection (LeaderElection.java:askForVotes(178)) - 9e584dc6-0265-4730-a72b-17c833240a34@group-F15EDDB49989-LeaderElection4: begin an election at term 1 for -1: [9e584dc6-0265-4730-a72b-17c833240a34:192.168.34.62:34940, adef743a-bc0e-4d16-adda-0d38b00cf468:192.168.34.62:36240, d7926ef7-27aa-4029-a9d0-816772e9939f:192.168.34.62:44705], old=null
2019-10-17 08:15:40,355 [pool-27-thread-1] INFO  ratis.ContainerStateMachine (ContainerStateMachine.java:loadSnapshot(233)) - group-B80ED2DD9319: The snapshot info is null. Setting the last applied indexto:(t:0, i:~)
2019-10-17 08:15:40,355 [pool-27-thread-1] INFO  server.RaftServerConfigKeys (ConfUtils.java:logGet(43)) - raft.server.notification.no-leader.timeout = 120s (custom)
2019-10-17 08:15:40,355 [pool-27-thread-1] INFO  server.RaftServerConfigKeys (ConfUtils.java:logGet(43)) - raft.server.log.use.memory = false (default)
2019-10-17 08:15:40,356 [pool-27-thread-1] INFO  server.RaftServerConfigKeys (ConfUtils.java:logGet(43)) - raft.server.log.purge.gap = 1000000 (custom)
2019-10-17 08:15:40,356 [pool-27-thread-1] INFO  server.RaftServerConfigKeys (ConfUtils.java:logGet(43)) - raft.server.log.appender.buffer.byte-limit = 33554432 (custom)
2019-10-17 08:15:40,359 [Thread-203] INFO  impl.FollowerState (FollowerState.java:run(108)) - 9e584dc6-0265-4730-a72b-17c833240a34@group-69AA97A4A626-FollowerState: change to CANDIDATE, lastRpcTime:78ms, electionTimeout:78ms
2019-10-17 08:15:40,359 [pool-27-thread-1] INFO  server.RaftServerConfigKeys (ConfUtils.java:logGet(43)) - raft.server.log.segment.size.max = 1048576 (custom)
2019-10-17 08:15:40,359 [Thread-203] INFO  impl.RoleInfo (RoleInfo.java:shutdownFollowerState(121)) - 9e584dc6-0265-4730-a72b-17c833240a34: shutdown FollowerState
2019-10-17 08:15:40,359 [pool-27-thread-1] INFO  server.RaftServerConfigKeys (ConfUtils.java:logGet(43)) - raft.server.log.segment.cache.num.max = 2 (custom)
2019-10-17 08:15:40,359 [Thread-203] INFO  impl.RaftServerImpl (RaftServerImpl.java:setRole(184)) - 9e584dc6-0265-4730-a72b-17c833240a34@group-69AA97A4A626: changes role from  FOLLOWER to CANDIDATE at term 0 for changeToCandidate
2019-10-17 08:15:40,361 [Thread-203] INFO  impl.RoleInfo (RoleInfo.java:updateAndGet(143)) - 9e584dc6-0265-4730-a72b-17c833240a34: start LeaderElection
2019-10-17 08:15:40,361 [pool-27-thread-1] INFO  segmented.SegmentedRaftLogWorker (SegmentedRaftLogWorker.java:<init>(173)) - new d7926ef7-27aa-4029-a9d0-816772e9939f@group-B80ED2DD9319-SegmentedRaftLogWorker for RaftStorage:Storage Directory /workdir/hadoop-ozone/tools/target/test-dir/MiniOzoneClusterImpl-ff932389-c3c3-49ee-b2aa-92e1f1f07a3e/datanode-0/data/ratis/25676598-417e-44a8-a952-b80ed2dd9319
2019-10-17 08:15:40,361 [pool-27-thread-1] INFO  server.RaftServerConfigKeys (ConfUtils.java:logGet(43)) - raft.server.log.queue.byte-limit = 2147483647 (custom)
2019-10-17 08:15:40,363 [pool-27-thread-1] INFO  server.RaftServerConfigKeys (ConfUtils.java:logGet(43)) - raft.server.log.queue.element-limit = 1024 (custom)
2019-10-17 08:15:40,363 [pool-27-thread-1] INFO  server.RaftServerConfigKeys (ConfUtils.java:logGet(43)) - raft.server.log.segment.size.max = 1048576 (custom)
2019-10-17 08:15:40,364 [pool-27-thread-1] INFO  server.RaftServerConfigKeys (ConfUtils.java:logGet(43)) - raft.server.log.preallocated.size = 16384 (custom)
2019-10-17 08:15:40,364 [pool-27-thread-1] INFO  server.RaftServerConfigKeys (ConfUtils.java:logGet(43)) - raft.server.log.write.buffer.size = 33554432 (custom)
2019-10-17 08:15:40,364 [pool-27-thread-1] INFO  server.RaftServerConfigKeys (ConfUtils.java:logGet(43)) - raft.server.log.force.sync.num = 128 (default)
2019-10-17 08:15:40,364 [pool-27-thread-1] INFO  server.RaftServerConfigKeys (ConfUtils.java:logGet(43)) - raft.server.log.statemachine.data.sync = true (default)
2019-10-17 08:15:40,364 [pool-27-thread-1] INFO  server.RaftServerConfigKeys (ConfUtils.java:logGet(43)) - raft.server.log.statemachine.data.sync.timeout = 10s (default)
2019-10-17 08:15:40,364 [pool-27-thread-1] INFO  server.RaftServerConfigKeys (ConfUtils.java:logGet(43)) - raft.server.log.statemachine.data.sync.timeout.retry = -1 (default)
2019-10-17 08:15:40,365 [pool-27-thread-1] INFO  server.RaftServerConfigKeys (ConfUtils.java:logGet(43)) - raft.server.log.statemachine.data.caching.enabled = true (custom)
2019-10-17 08:15:40,366 [pool-27-thread-1] INFO  segmented.SegmentedRaftLogWorker (SegmentedRaftLogWorker.java:lambda$new$0(128)) - d7926ef7-27aa-4029-a9d0-816772e9939f@group-B80ED2DD9319-SegmentedRaftLogWorker: flushIndex: setUnconditionally 0 -> -1
2019-10-17 08:15:40,366 [pool-27-thread-1] INFO  server.RaftServerConfigKeys (ConfUtils.java:logGet(43)) - raft.server.snapshot.auto.trigger.enabled = true (custom)
2019-10-17 08:15:40,366 [pool-27-thread-1] INFO  server.RaftServerConfigKeys (ConfUtils.java:logGet(43)) - raft.server.snapshot.auto.trigger.threshold = 10000 (custom)
2019-10-17 08:15:40,366 [pool-27-thread-1] INFO  server.RaftServerConfigKeys (ConfUtils.java:logGet(43)) - raft.server.snapshot.retention.file.num = 5 (custom)
2019-10-17 08:15:40,366 [pool-27-thread-1] INFO  server.RaftServerConfigKeys (ConfUtils.java:logGet(43)) - raft.server.retrycache.expirytime = 600000ms (custom)
2019-10-17 08:15:40,375 [pool-27-thread-1] INFO  impl.RaftServerImpl (RaftServerImpl.java:start(195)) - d7926ef7-27aa-4029-a9d0-816772e9939f@group-B581561C0086: start as a follower, conf=-1: [d7926ef7-27aa-4029-a9d0-816772e9939f:192.168.34.62:44705], old=null
2019-10-17 08:15:40,376 [pool-27-thread-1] INFO  impl.RaftServerImpl (RaftServerImpl.java:setRole(184)) - d7926ef7-27aa-4029-a9d0-816772e9939f@group-B581561C0086: changes role from      null to FOLLOWER at term 0 for startAsFollower
2019-10-17 08:15:40,376 [pool-27-thread-1] INFO  impl.RoleInfo (RoleInfo.java:updateAndGet(143)) - d7926ef7-27aa-4029-a9d0-816772e9939f: start FollowerState
2019-10-17 08:15:40,377 [pool-27-thread-1] INFO  util.JmxRegister (JmxRegister.java:tryRegister(44)) - Successfully registered JMX Bean with object name Ratis:service=RaftServer,group=group-B581561C0086,id=d7926ef7-27aa-4029-a9d0-816772e9939f
2019-10-17 08:15:40,377 [adef743a-bc0e-4d16-adda-0d38b00cf468@group-69AA97A4A626-LeaderElection3] INFO  impl.LeaderElection (LeaderElection.java:logAndReturn(56)) - adef743a-bc0e-4d16-adda-0d38b00cf468@group-69AA97A4A626-LeaderElection3: Election TIMEOUT; received 0 response(s) [] and 0 exception(s); adef743a-bc0e-4d16-adda-0d38b00cf468@group-69AA97A4A626:t1, leader=null, voted=adef743a-bc0e-4d16-adda-0d38b00cf468, raftlog=adef743a-bc0e-4d16-adda-0d38b00cf468@group-69AA97A4A626-SegmentedRaftLog:OPENED:c-1,f-1,i0, conf=-1: [9e584dc6-0265-4730-a72b-17c833240a34:192.168.34.62:34940, adef743a-bc0e-4d16-adda-0d38b00cf468:192.168.34.62:36240, d7926ef7-27aa-4029-a9d0-816772e9939f:192.168.34.62:44705], old=null
2019-10-17 08:15:40,379 [9e584dc6-0265-4730-a72b-17c833240a34@group-69AA97A4A626-LeaderElection6] INFO  impl.LeaderElection (LeaderElection.java:askForVotes(178)) - 9e584dc6-0265-4730-a72b-17c833240a34@group-69AA97A4A626-LeaderElection6: begin an election at term 1 for -1: [9e584dc6-0265-4730-a72b-17c833240a34:192.168.34.62:34940, adef743a-bc0e-4d16-adda-0d38b00cf468:192.168.34.62:36240, d7926ef7-27aa-4029-a9d0-816772e9939f:192.168.34.62:44705], old=null
2019-10-17 08:15:40,379 [adef743a-bc0e-4d16-adda-0d38b00cf468@group-97B724006A0F-LeaderElection5] INFO  impl.LeaderElection (LeaderElection.java:askForVotes(178)) - adef743a-bc0e-4d16-adda-0d38b00cf468@group-97B724006A0F-LeaderElection5: begin an election at term 1 for -1: [9e584dc6-0265-4730-a72b-17c833240a34:192.168.34.62:34940, adef743a-bc0e-4d16-adda-0d38b00cf468:192.168.34.62:36240, d7926ef7-27aa-4029-a9d0-816772e9939f:192.168.34.62:44705], old=null
2019-10-17 08:15:40,380 [grpc-default-executor-1] INFO  impl.RaftServerImpl (RaftServerImpl.java:setRole(184)) - adef743a-bc0e-4d16-adda-0d38b00cf468@group-B80ED2DD9319: changes role from  FOLLOWER to FOLLOWER at term 1 for recognizeCandidate:9e584dc6-0265-4730-a72b-17c833240a34
2019-10-17 08:15:40,381 [grpc-default-executor-6] WARN  server.GrpcServerProtocolService (LogUtils.java:warn(134)) - d7926ef7-27aa-4029-a9d0-816772e9939f: Failed requestVote adef743a-bc0e-4d16-adda-0d38b00cf468->d7926ef7-27aa-4029-a9d0-816772e9939f#0: org.apache.ratis.protocol.ServerNotReadyException: d7926ef7-27aa-4029-a9d0-816772e9939f@group-69AA97A4A626 is not in [RUNNING]: current state is NEW
2019-10-17 08:15:40,381 [grpc-default-executor-1] INFO  impl.RoleInfo (RoleInfo.java:shutdownFollowerState(121)) - adef743a-bc0e-4d16-adda-0d38b00cf468: shutdown FollowerState
2019-10-17 08:15:40,381 [grpc-default-executor-4] WARN  server.GrpcServerProtocolService (LogUtils.java:warn(134)) - d7926ef7-27aa-4029-a9d0-816772e9939f: Failed requestVote adef743a-bc0e-4d16-adda-0d38b00cf468->d7926ef7-27aa-4029-a9d0-816772e9939f#0: org.apache.ratis.protocol.ServerNotReadyException: d7926ef7-27aa-4029-a9d0-816772e9939f@group-F15EDDB49989 is not in [RUNNING]: current state is NEW
2019-10-17 08:15:40,381 [grpc-default-executor-7] WARN  server.GrpcServerProtocolService (LogUtils.java:warn(134)) - d7926ef7-27aa-4029-a9d0-816772e9939f: Failed requestVote 9e584dc6-0265-4730-a72b-17c833240a34->d7926ef7-27aa-4029-a9d0-816772e9939f#0: org.apache.ratis.protocol.ServerNotReadyException: d7926ef7-27aa-4029-a9d0-816772e9939f@group-B80ED2DD9319 is not in [RUNNING]: current state is NEW
2019-10-17 08:15:40,381 [grpc-default-executor-5] WARN  server.GrpcServerProtocolService (LogUtils.java:warn(134)) - d7926ef7-27aa-4029-a9d0-816772e9939f: Failed requestVote 9e584dc6-0265-4730-a72b-17c833240a34->d7926ef7-27aa-4029-a9d0-816772e9939f#0: org.apache.ratis.protocol.ServerNotReadyException: d7926ef7-27aa-4029-a9d0-816772e9939f@group-F15EDDB49989 is not in [RUNNING]: current state is NEW
2019-10-17 08:15:40,382 [Thread-213] INFO  impl.FollowerState (FollowerState.java:run(117)) - adef743a-bc0e-4d16-adda-0d38b00cf468@group-B80ED2DD9319-FollowerState was interrupted: java.lang.InterruptedException: sleep interrupted
2019-10-17 08:15:40,382 [grpc-default-executor-1] INFO  impl.RoleInfo (RoleInfo.java:updateAndGet(143)) - adef743a-bc0e-4d16-adda-0d38b00cf468: start FollowerState
2019-10-17 08:15:40,384 [pool-27-thread-1] INFO  impl.RaftServerImpl (RaftServerImpl.java:start(195)) - d7926ef7-27aa-4029-a9d0-816772e9939f@group-97B724006A0F: start as a follower, conf=-1: [9e584dc6-0265-4730-a72b-17c833240a34:192.168.34.62:34940, adef743a-bc0e-4d16-adda-0d38b00cf468:192.168.34.62:36240, d7926ef7-27aa-4029-a9d0-816772e9939f:192.168.34.62:44705], old=null
2019-10-17 08:15:40,385 [pool-27-thread-1] INFO  impl.RaftServerImpl (RaftServerImpl.java:setRole(184)) - d7926ef7-27aa-4029-a9d0-816772e9939f@group-97B724006A0F: changes role from      null to FOLLOWER at term 0 for startAsFollower
2019-10-17 08:15:40,387 [pool-27-thread-1] INFO  impl.RoleInfo (RoleInfo.java:updateAndGet(143)) - d7926ef7-27aa-4029-a9d0-816772e9939f: start FollowerState
2019-10-17 08:15:40,387 [pool-27-thread-1] INFO  util.JmxRegister (JmxRegister.java:tryRegister(44)) - Successfully registered JMX Bean with object name Ratis:service=RaftServer,group=group-97B724006A0F,id=d7926ef7-27aa-4029-a9d0-816772e9939f
2019-10-17 08:15:40,388 [9e584dc6-0265-4730-a72b-17c833240a34@group-F15EDDB49989-LeaderElection4] INFO  impl.LeaderElection (LeaderElection.java:logAndReturn(56)) - 9e584dc6-0265-4730-a72b-17c833240a34@group-F15EDDB49989-LeaderElection4: Election TIMEOUT; received 0 response(s) [] and 0 exception(s); 9e584dc6-0265-4730-a72b-17c833240a34@group-F15EDDB49989:t1, leader=null, voted=9e584dc6-0265-4730-a72b-17c833240a34, raftlog=9e584dc6-0265-4730-a72b-17c833240a34@group-F15EDDB49989-SegmentedRaftLog:OPENED:c-1,f-1,i0, conf=-1: [9e584dc6-0265-4730-a72b-17c833240a34:192.168.34.62:34940, adef743a-bc0e-4d16-adda-0d38b00cf468:192.168.34.62:36240, d7926ef7-27aa-4029-a9d0-816772e9939f:192.168.34.62:44705], old=null
2019-10-17 08:15:40,388 [Thread-199] INFO  impl.FollowerState (FollowerState.java:run(108)) - 9e584dc6-0265-4730-a72b-17c833240a34@group-97B724006A0F-FollowerState: change to CANDIDATE, lastRpcTime:126ms, electionTimeout:123ms
2019-10-17 08:15:40,389 [Thread-199] INFO  impl.RoleInfo (RoleInfo.java:shutdownFollowerState(121)) - 9e584dc6-0265-4730-a72b-17c833240a34: shutdown FollowerState
2019-10-17 08:15:40,390 [grpc-default-executor-2] INFO  impl.RaftServerImpl (RaftServerImpl.java:setRole(184)) - d7926ef7-27aa-4029-a9d0-816772e9939f@group-97B724006A0F: changes role from  FOLLOWER to FOLLOWER at term 1 for recognizeCandidate:adef743a-bc0e-4d16-adda-0d38b00cf468
2019-10-17 08:15:40,392 [Thread-199] INFO  impl.RaftServerImpl (RaftServerImpl.java:setRole(184)) - 9e584dc6-0265-4730-a72b-17c833240a34@group-97B724006A0F: changes role from  FOLLOWER to CANDIDATE at term 0 for changeToCandidate
2019-10-17 08:15:40,392 [grpc-default-executor-2] INFO  impl.RoleInfo (RoleInfo.java:shutdownFollowerState(121)) - d7926ef7-27aa-4029-a9d0-816772e9939f: shutdown FollowerState
2019-10-17 08:15:40,392 [adef743a-bc0e-4d16-adda-0d38b00cf468@group-69AA97A4A626-LeaderElection3] INFO  impl.LeaderElection (LeaderElection.java:askForVotes(178)) - adef743a-bc0e-4d16-adda-0d38b00cf468@group-69AA97A4A626-LeaderElection3: begin an election at term 2 for -1: [9e584dc6-0265-4730-a72b-17c833240a34:192.168.34.62:34940, adef743a-bc0e-4d16-adda-0d38b00cf468:192.168.34.62:36240, d7926ef7-27aa-4029-a9d0-816772e9939f:192.168.34.62:44705], old=null
2019-10-17 08:15:40,393 [grpc-default-executor-2] INFO  impl.RoleInfo (RoleInfo.java:updateAndGet(143)) - d7926ef7-27aa-4029-a9d0-816772e9939f: start FollowerState
2019-10-17 08:15:40,393 [Thread-238] INFO  impl.FollowerState (FollowerState.java:run(117)) - d7926ef7-27aa-4029-a9d0-816772e9939f@group-97B724006A0F-FollowerState was interrupted: java.lang.InterruptedException: sleep interrupted
2019-10-17 08:15:40,392 [Thread-199] INFO  impl.RoleInfo (RoleInfo.java:updateAndGet(143)) - 9e584dc6-0265-4730-a72b-17c833240a34: start LeaderElection
2019-10-17 08:15:40,398 [grpc-default-executor-3] WARN  server.GrpcServerProtocolService (LogUtils.java:warn(134)) - d7926ef7-27aa-4029-a9d0-816772e9939f: Failed requestVote 9e584dc6-0265-4730-a72b-17c833240a34->d7926ef7-27aa-4029-a9d0-816772e9939f#0: org.apache.ratis.protocol.ServerNotReadyException: d7926ef7-27aa-4029-a9d0-816772e9939f@group-69AA97A4A626 is not in [RUNNING]: current state is NEW
2019-10-17 08:15:40,400 [pool-27-thread-1] INFO  impl.RaftServerImpl (RaftServerImpl.java:start(195)) - d7926ef7-27aa-4029-a9d0-816772e9939f@group-95777FC81C2B: start as a follower, conf=-1: [d7926ef7-27aa-4029-a9d0-816772e9939f:192.168.34.62:44705], old=null
2019-10-17 08:15:40,400 [pool-27-thread-1] INFO  impl.RaftServerImpl (RaftServerImpl.java:setRole(184)) - d7926ef7-27aa-4029-a9d0-816772e9939f@group-95777FC81C2B: changes role from      null to FOLLOWER at term 0 for startAsFollower
2019-10-17 08:15:40,401 [pool-27-thread-1] INFO  impl.RoleInfo (RoleInfo.java:updateAndGet(143)) - d7926ef7-27aa-4029-a9d0-816772e9939f: start FollowerState
2019-10-17 08:15:40,403 [pool-27-thread-1] INFO  util.JmxRegister (JmxRegister.java:tryRegister(44)) - Successfully registered JMX Bean with object name Ratis:service=RaftServer,group=group-95777FC81C2B,id=d7926ef7-27aa-4029-a9d0-816772e9939f
2019-10-17 08:15:40,405 [grpc-default-executor-0] WARN  server.GrpcServerProtocolService (LogUtils.java:warn(134)) - d7926ef7-27aa-4029-a9d0-816772e9939f: Failed requestVote adef743a-bc0e-4d16-adda-0d38b00cf468->d7926ef7-27aa-4029-a9d0-816772e9939f#0: org.apache.ratis.protocol.ServerNotReadyException: d7926ef7-27aa-4029-a9d0-816772e9939f@group-69AA97A4A626 is not in [RUNNING]: current state is NEW
2019-10-17 08:15:40,410 [pool-27-thread-1] INFO  impl.RaftServerImpl (RaftServerImpl.java:start(195)) - d7926ef7-27aa-4029-a9d0-816772e9939f@group-69AA97A4A626: start as a follower, conf=-1: [9e584dc6-0265-4730-a72b-17c833240a34:192.168.34.62:34940, adef743a-bc0e-4d16-adda-0d38b00cf468:192.168.34.62:36240, d7926ef7-27aa-4029-a9d0-816772e9939f:192.168.34.62:44705], old=null
2019-10-17 08:15:40,410 [pool-27-thread-1] INFO  impl.RaftServerImpl (RaftServerImpl.java:setRole(184)) - d7926ef7-27aa-4029-a9d0-816772e9939f@group-69AA97A4A626: changes role from      null to FOLLOWER at term 0 for startAsFollower
2019-10-17 08:15:40,411 [pool-27-thread-1] INFO  impl.RoleInfo (RoleInfo.java:updateAndGet(143)) - d7926ef7-27aa-4029-a9d0-816772e9939f: start FollowerState
2019-10-17 08:15:40,412 [pool-27-thread-1] INFO  util.JmxRegister (JmxRegister.java:tryRegister(44)) - Successfully registered JMX Bean with object name Ratis:service=RaftServer,group=group-69AA97A4A626,id=d7926ef7-27aa-4029-a9d0-816772e9939f
2019-10-17 08:15:40,412 [9e584dc6-0265-4730-a72b-17c833240a34@group-69AA97A4A626-LeaderElection6] INFO  impl.LeaderElection (LeaderElection.java:logAndReturn(56)) - 9e584dc6-0265-4730-a72b-17c833240a34@group-69AA97A4A626-LeaderElection6: Election DISCOVERED_A_NEW_TERM; received 1 response(s) [9e584dc6-0265-4730-a72b-17c833240a34<-adef743a-bc0e-4d16-adda-0d38b00cf468#0:FAIL-t2] and 0 exception(s); 9e584dc6-0265-4730-a72b-17c833240a34@group-69AA97A4A626:t1, leader=null, voted=9e584dc6-0265-4730-a72b-17c833240a34, raftlog=9e584dc6-0265-4730-a72b-17c833240a34@group-69AA97A4A626-SegmentedRaftLog:OPENED:c-1,f-1,i0, conf=-1: [9e584dc6-0265-4730-a72b-17c833240a34:192.168.34.62:34940, adef743a-bc0e-4d16-adda-0d38b00cf468:192.168.34.62:36240, d7926ef7-27aa-4029-a9d0-816772e9939f:192.168.34.62:44705], old=null
2019-10-17 08:15:40,412 [grpc-default-executor-9] INFO  impl.RaftServerImpl (RaftServerImpl.java:setRole(184)) - 9e584dc6-0265-4730-a72b-17c833240a34@group-69AA97A4A626: changes role from CANDIDATE to FOLLOWER at term 2 for recognizeCandidate:adef743a-bc0e-4d16-adda-0d38b00cf468
2019-10-17 08:15:40,414 [grpc-default-executor-9] INFO  impl.RoleInfo (RoleInfo.java:shutdownLeaderElection(134)) - 9e584dc6-0265-4730-a72b-17c833240a34: shutdown LeaderElection
2019-10-17 08:15:40,414 [grpc-default-executor-9] INFO  impl.RoleInfo (RoleInfo.java:updateAndGet(143)) - 9e584dc6-0265-4730-a72b-17c833240a34: start FollowerState
2019-10-17 08:15:40,416 [pool-27-thread-1] INFO  impl.RaftServerImpl (RaftServerImpl.java:start(195)) - d7926ef7-27aa-4029-a9d0-816772e9939f@group-F15EDDB49989: start as a follower, conf=-1: [9e584dc6-0265-4730-a72b-17c833240a34:192.168.34.62:34940, adef743a-bc0e-4d16-adda-0d38b00cf468:192.168.34.62:36240, d7926ef7-27aa-4029-a9d0-816772e9939f:192.168.34.62:44705], old=null
2019-10-17 08:15:40,417 [pool-27-thread-1] INFO  impl.RaftServerImpl (RaftServerImpl.java:setRole(184)) - d7926ef7-27aa-4029-a9d0-816772e9939f@group-F15EDDB49989: changes role from      null to FOLLOWER at term 0 for startAsFollower
2019-10-17 08:15:40,418 [pool-27-thread-1] INFO  impl.RoleInfo (RoleInfo.java:updateAndGet(143)) - d7926ef7-27aa-4029-a9d0-816772e9939f: start FollowerState
2019-10-17 08:15:40,418 [pool-27-thread-1] INFO  util.JmxRegister (JmxRegister.java:tryRegister(44)) - Successfully registered JMX Bean with object name Ratis:service=RaftServer,group=group-F15EDDB49989,id=d7926ef7-27aa-4029-a9d0-816772e9939f
2019-10-17 08:15:40,421 [Thread-244] INFO  impl.FollowerState (FollowerState.java:run(108)) - d7926ef7-27aa-4029-a9d0-816772e9939f@group-95777FC81C2B-FollowerState: change to CANDIDATE, lastRpcTime:20ms, electionTimeout:17ms
2019-10-17 08:15:40,421 [Thread-244] INFO  impl.RoleInfo (RoleInfo.java:shutdownFollowerState(121)) - d7926ef7-27aa-4029-a9d0-816772e9939f: shutdown FollowerState
2019-10-17 08:15:40,422 [Thread-244] INFO  impl.RaftServerImpl (RaftServerImpl.java:setRole(184)) - d7926ef7-27aa-4029-a9d0-816772e9939f@group-95777FC81C2B: changes role from  FOLLOWER to CANDIDATE at term 0 for changeToCandidate
2019-10-17 08:15:40,422 [Thread-244] INFO  impl.RoleInfo (RoleInfo.java:updateAndGet(143)) - d7926ef7-27aa-4029-a9d0-816772e9939f: start LeaderElection
2019-10-17 08:15:40,424 [adef743a-bc0e-4d16-adda-0d38b00cf468@group-97B724006A0F-LeaderElection5] INFO  impl.LeaderElection (LeaderElection.java:logAndReturn(56)) - adef743a-bc0e-4d16-adda-0d38b00cf468@group-97B724006A0F-LeaderElection5: Election TIMEOUT; received 0 response(s) [] and 0 exception(s); adef743a-bc0e-4d16-adda-0d38b00cf468@group-97B724006A0F:t1, leader=null, voted=adef743a-bc0e-4d16-adda-0d38b00cf468, raftlog=adef743a-bc0e-4d16-adda-0d38b00cf468@group-97B724006A0F-SegmentedRaftLog:OPENED:c-1,f-1,i0, conf=-1: [9e584dc6-0265-4730-a72b-17c833240a34:192.168.34.62:34940, adef743a-bc0e-4d16-adda-0d38b00cf468:192.168.34.62:36240, d7926ef7-27aa-4029-a9d0-816772e9939f:192.168.34.62:44705], old=null
2019-10-17 08:15:40,425 [Thread-249] INFO  impl.FollowerState (FollowerState.java:run(108)) - d7926ef7-27aa-4029-a9d0-816772e9939f@group-F15EDDB49989-FollowerState: change to CANDIDATE, lastRpcTime:7ms, electionTimeout:7ms
2019-10-17 08:15:40,425 [Thread-249] INFO  impl.RoleInfo (RoleInfo.java:shutdownFollowerState(121)) - d7926ef7-27aa-4029-a9d0-816772e9939f: shutdown FollowerState
2019-10-17 08:15:40,425 [pool-27-thread-1] INFO  impl.RaftServerImpl (RaftServerImpl.java:start(195)) - d7926ef7-27aa-4029-a9d0-816772e9939f@group-B80ED2DD9319: start as a follower, conf=-1: [9e584dc6-0265-4730-a72b-17c833240a34:192.168.34.62:34940, adef743a-bc0e-4d16-adda-0d38b00cf468:192.168.34.62:36240, d7926ef7-27aa-4029-a9d0-816772e9939f:192.168.34.62:44705], old=null
2019-10-17 08:15:40,425 [Thread-249] INFO  impl.RaftServerImpl (RaftServerImpl.java:setRole(184)) - d7926ef7-27aa-4029-a9d0-816772e9939f@group-F15EDDB49989: changes role from  FOLLOWER to CANDIDATE at term 0 for changeToCandidate
2019-10-17 08:15:40,426 [pool-27-thread-1] INFO  impl.RaftServerImpl (RaftServerImpl.java:setRole(184)) - d7926ef7-27aa-4029-a9d0-816772e9939f@group-B80ED2DD9319: changes role from      null to FOLLOWER at term 0 for startAsFollower
2019-10-17 08:15:40,428 [Thread-249] INFO  impl.RoleInfo (RoleInfo.java:updateAndGet(143)) - d7926ef7-27aa-4029-a9d0-816772e9939f: start LeaderElection
2019-10-17 08:15:40,428 [pool-27-thread-1] INFO  impl.RoleInfo (RoleInfo.java:updateAndGet(143)) - d7926ef7-27aa-4029-a9d0-816772e9939f: start FollowerState
 0.00% |?                                                                                                    |  0/1 Time: 0:00:082019-10-17 08:15:40,429 [9e584dc6-0265-4730-a72b-17c833240a34@group-F15EDDB49989-LeaderElection4] INFO  impl.LeaderElection (LeaderElection.java:askForVotes(178)) - 9e584dc6-0265-4730-a72b-17c833240a34@group-F15EDDB49989-LeaderElection4: begin an election at term 2 for -1: [9e584dc6-0265-4730-a72b-17c833240a34:192.168.34.62:34940, adef743a-bc0e-4d16-adda-0d38b00cf468:192.168.34.62:36240, d7926ef7-27aa-4029-a9d0-816772e9939f:192.168.34.62:44705], old=null
2019-10-17 08:15:40,429 [9e584dc6-0265-4730-a72b-17c833240a34@group-97B724006A0F-LeaderElection7] INFO  impl.LeaderElection (LeaderElection.java:askForVotes(178)) - 9e584dc6-0265-4730-a72b-17c833240a34@group-97B724006A0F-LeaderElection7: begin an election at term 1 for -1: [9e584dc6-0265-4730-a72b-17c833240a34:192.168.34.62:34940, adef743a-bc0e-4d16-adda-0d38b00cf468:192.168.34.62:36240, d7926ef7-27aa-4029-a9d0-816772e9939f:192.168.34.62:44705], old=null
2019-10-17 08:15:40,429 [pool-27-thread-1] INFO  util.JmxRegister (JmxRegister.java:tryRegister(44)) - Successfully registered JMX Bean with object name Ratis:service=RaftServer,group=group-B80ED2DD9319,id=d7926ef7-27aa-4029-a9d0-816772e9939f
2019-10-17 08:15:40,440 [grpc-default-executor-8] INFO  impl.RaftServerImpl (RaftServerImpl.java:setRole(184)) - adef743a-bc0e-4d16-adda-0d38b00cf468@group-F15EDDB49989: changes role from CANDIDATE to FOLLOWER at term 2 for recognizeCandidate:9e584dc6-0265-4730-a72b-17c833240a34
2019-10-17 08:15:40,440 [grpc-default-executor-8] INFO  impl.RoleInfo (RoleInfo.java:shutdownLeaderElection(134)) - adef743a-bc0e-4d16-adda-0d38b00cf468: shutdown LeaderElection
2019-10-17 08:15:40,441 [grpc-default-executor-8] INFO  impl.RoleInfo (RoleInfo.java:updateAndGet(143)) - adef743a-bc0e-4d16-adda-0d38b00cf468: start FollowerState
2019-10-17 08:15:40,448 [9e584dc6-0265-4730-a72b-17c833240a34@group-B80ED2DD9319-LeaderElection1] INFO  impl.LeaderElection (LeaderElection.java:logAndReturn(56)) - 9e584dc6-0265-4730-a72b-17c833240a34@group-B80ED2DD9319-LeaderElection1: Election PASSED; received 1 response(s) [9e584dc6-0265-4730-a72b-17c833240a34<-adef743a-bc0e-4d16-adda-0d38b00cf468#0:OK-t1] and 0 exception(s); 9e584dc6-0265-4730-a72b-17c833240a34@group-B80ED2DD9319:t1, leader=null, voted=9e584dc6-0265-4730-a72b-17c833240a34, raftlog=9e584dc6-0265-4730-a72b-17c833240a34@group-B80ED2DD9319-SegmentedRaftLog:OPENED:c-1,f-1,i0, conf=-1: [9e584dc6-0265-4730-a72b-17c833240a34:192.168.34.62:34940, adef743a-bc0e-4d16-adda-0d38b00cf468:192.168.34.62:36240, d7926ef7-27aa-4029-a9d0-816772e9939f:192.168.34.62:44705], old=null
2019-10-17 08:15:40,448 [9e584dc6-0265-4730-a72b-17c833240a34@group-B80ED2DD9319-LeaderElection1] INFO  impl.RoleInfo (RoleInfo.java:shutdownLeaderElection(134)) - 9e584dc6-0265-4730-a72b-17c833240a34: shutdown LeaderElection
2019-10-17 08:15:40,449 [9e584dc6-0265-4730-a72b-17c833240a34@group-B80ED2DD9319-LeaderElection1] INFO  impl.RaftServerImpl (RaftServerImpl.java:setRole(184)) - 9e584dc6-0265-4730-a72b-17c833240a34@group-B80ED2DD9319: changes role from CANDIDATE to LEADER at term 1 for changeToLeader
2019-10-17 08:15:40,449 [9e584dc6-0265-4730-a72b-17c833240a34@group-B80ED2DD9319-LeaderElection1] INFO  ratis.XceiverServerRatis (XceiverServerRatis.java:handleLeaderChangedNotification(699)) - Leader change notification received for group: group-B80ED2DD9319 with new leaderId: 9e584dc6-0265-4730-a72b-17c833240a34
2019-10-17 08:15:40,451 [adef743a-bc0e-4d16-adda-0d38b00cf468@group-97B724006A0F-LeaderElection5] INFO  impl.LeaderElection (LeaderElection.java:askForVotes(178)) - adef743a-bc0e-4d16-adda-0d38b00cf468@group-97B724006A0F-LeaderElection5: begin an election at term 2 for -1: [9e584dc6-0265-4730-a72b-17c833240a34:192.168.34.62:34940, adef743a-bc0e-4d16-adda-0d38b00cf468:192.168.34.62:36240, d7926ef7-27aa-4029-a9d0-816772e9939f:192.168.34.62:44705], old=null
2019-10-17 08:15:40,452 [d7926ef7-27aa-4029-a9d0-816772e9939f@group-F15EDDB49989-LeaderElection9] INFO  impl.LeaderElection (LeaderElection.java:askForVotes(178)) - d7926ef7-27aa-4029-a9d0-816772e9939f@group-F15EDDB49989-LeaderElection9: begin an election at term 1 for -1: [9e584dc6-0265-4730-a72b-17c833240a34:192.168.34.62:34940, adef743a-bc0e-4d16-adda-0d38b00cf468:192.168.34.62:36240, d7926ef7-27aa-4029-a9d0-816772e9939f:192.168.34.62:44705], old=null
2019-10-17 08:15:40,452 [grpc-default-executor-2] INFO  impl.RaftServerImpl (RaftServerImpl.java:setRole(184)) - d7926ef7-27aa-4029-a9d0-816772e9939f@group-F15EDDB49989: changes role from CANDIDATE to FOLLOWER at term 2 for recognizeCandidate:9e584dc6-0265-4730-a72b-17c833240a34
2019-10-17 08:15:40,454 [grpc-default-executor-2] INFO  impl.RoleInfo (RoleInfo.java:shutdownLeaderElection(134)) - d7926ef7-27aa-4029-a9d0-816772e9939f: shutdown LeaderElection
2019-10-17 08:15:40,454 [Thread-240] INFO  impl.FollowerState (FollowerState.java:run(108)) - d7926ef7-27aa-4029-a9d0-816772e9939f@group-97B724006A0F-FollowerState: change to CANDIDATE, lastRpcTime:61ms, electionTimeout:59ms
2019-10-17 08:15:40,454 [d7926ef7-27aa-4029-a9d0-816772e9939f@group-95777FC81C2B-LeaderElection8] INFO  impl.LeaderElection (LeaderElection.java:askForVotes(178)) - d7926ef7-27aa-4029-a9d0-816772e9939f@group-95777FC81C2B-LeaderElection8: begin an election at term 1 for -1: [d7926ef7-27aa-4029-a9d0-816772e9939f:192.168.34.62:44705], old=null
2019-10-17 08:15:40,454 [Thread-240] INFO  impl.RoleInfo (RoleInfo.java:shutdownFollowerState(121)) - d7926ef7-27aa-4029-a9d0-816772e9939f: shutdown FollowerState
2019-10-17 08:15:40,454 [grpc-default-executor-2] INFO  impl.RoleInfo (RoleInfo.java:updateAndGet(143)) - d7926ef7-27aa-4029-a9d0-816772e9939f: start FollowerState
2019-10-17 08:15:40,455 [Thread-240] INFO  impl.RaftServerImpl (RaftServerImpl.java:setRole(184)) - d7926ef7-27aa-4029-a9d0-816772e9939f@group-97B724006A0F: changes role from  FOLLOWER to CANDIDATE at term 1 for changeToCandidate
2019-10-17 08:15:40,455 [d7926ef7-27aa-4029-a9d0-816772e9939f@group-95777FC81C2B-LeaderElection8] INFO  impl.RoleInfo (RoleInfo.java:shutdownLeaderElection(134)) - d7926ef7-27aa-4029-a9d0-816772e9939f: shutdown LeaderElection
2019-10-17 08:15:40,455 [Thread-240] INFO  impl.RoleInfo (RoleInfo.java:updateAndGet(143)) - d7926ef7-27aa-4029-a9d0-816772e9939f: start LeaderElection
2019-10-17 08:15:40,455 [d7926ef7-27aa-4029-a9d0-816772e9939f@group-95777FC81C2B-LeaderElection8] INFO  impl.RaftServerImpl (RaftServerImpl.java:setRole(184)) - d7926ef7-27aa-4029-a9d0-816772e9939f@group-95777FC81C2B: changes role from CANDIDATE to LEADER at term 1 for changeToLeader
2019-10-17 08:15:40,455 [d7926ef7-27aa-4029-a9d0-816772e9939f@group-95777FC81C2B-LeaderElection8] INFO  ratis.XceiverServerRatis (XceiverServerRatis.java:handleLeaderChangedNotification(699)) - Leader change notification received for group: group-95777FC81C2B with new leaderId: d7926ef7-27aa-4029-a9d0-816772e9939f
2019-10-17 08:15:40,457 [9e584dc6-0265-4730-a72b-17c833240a34@group-B80ED2DD9319-LeaderElection1] INFO  impl.RaftServerImpl (ServerState.java:setLeader(256)) - 9e584dc6-0265-4730-a72b-17c833240a34@group-B80ED2DD9319: change Leader from null to 9e584dc6-0265-4730-a72b-17c833240a34 at term 1 for becomeLeader, leader elected after 203ms
2019-10-17 08:15:40,457 [d7926ef7-27aa-4029-a9d0-816772e9939f@group-95777FC81C2B-LeaderElection8] INFO  impl.RaftServerImpl (ServerState.java:setLeader(256)) - d7926ef7-27aa-4029-a9d0-816772e9939f@group-95777FC81C2B: change Leader from null to d7926ef7-27aa-4029-a9d0-816772e9939f at term 1 for becomeLeader, leader elected after 266ms
2019-10-17 08:15:40,463 [9e584dc6-0265-4730-a72b-17c833240a34@group-97B724006A0F-LeaderElection7] INFO  impl.LeaderElection (LeaderElection.java:logAndReturn(56)) - 9e584dc6-0265-4730-a72b-17c833240a34@group-97B724006A0F-LeaderElection7: Election DISCOVERED_A_NEW_TERM; received 2 response(s) [9e584dc6-0265-4730-a72b-17c833240a34<-adef743a-bc0e-4d16-adda-0d38b00cf468#0:FAIL-t2, 9e584dc6-0265-4730-a72b-17c833240a34<-d7926ef7-27aa-4029-a9d0-816772e9939f#0:FAIL-t1] and 0 exception(s); 9e584dc6-0265-4730-a72b-17c833240a34@group-97B724006A0F:t1, leader=null, voted=9e584dc6-0265-4730-a72b-17c833240a34, raftlog=9e584dc6-0265-4730-a72b-17c833240a34@group-97B724006A0F-SegmentedRaftLog:OPENED:c-1,f-1,i0, conf=-1: [9e584dc6-0265-4730-a72b-17c833240a34:192.168.34.62:34940, adef743a-bc0e-4d16-adda-0d38b00cf468:192.168.34.62:36240, d7926ef7-27aa-4029-a9d0-816772e9939f:192.168.34.62:44705], old=null
2019-10-17 08:15:40,463 [9e584dc6-0265-4730-a72b-17c833240a34@group-97B724006A0F-LeaderElection7] INFO  impl.RaftServerImpl (RaftServerImpl.java:setRole(184)) - 9e584dc6-0265-4730-a72b-17c833240a34@group-97B724006A0F: changes role from CANDIDATE to FOLLOWER at term 2 for DISCOVERED_A_NEW_TERM
2019-10-17 08:15:40,464 [9e584dc6-0265-4730-a72b-17c833240a34@group-97B724006A0F-LeaderElection7] INFO  impl.RoleInfo (RoleInfo.java:shutdownLeaderElection(134)) - 9e584dc6-0265-4730-a72b-17c833240a34: shutdown LeaderElection
2019-10-17 08:15:40,464 [9e584dc6-0265-4730-a72b-17c833240a34@group-97B724006A0F-LeaderElection7] INFO  impl.RoleInfo (RoleInfo.java:updateAndGet(143)) - 9e584dc6-0265-4730-a72b-17c833240a34: start FollowerState
2019-10-17 08:15:40,466 [d7926ef7-27aa-4029-a9d0-816772e9939f@group-95777FC81C2B-LeaderElection8] INFO  server.RaftServerConfigKeys (ConfUtils.java:logGet(43)) - raft.server.staging.catchup.gap = 1000 (default)
2019-10-17 08:15:40,466 [9e584dc6-0265-4730-a72b-17c833240a34@group-B80ED2DD9319-LeaderElection1] INFO  server.RaftServerConfigKeys (ConfUtils.java:logGet(43)) - raft.server.staging.catchup.gap = 1000 (default)
2019-10-17 08:15:40,467 [d7926ef7-27aa-4029-a9d0-816772e9939f@group-95777FC81C2B-LeaderElection8] INFO  server.RaftServerConfigKeys (ConfUtils.java:logGet(43)) - raft.server.rpc.sleep.time = 25ms (default)
2019-10-17 08:15:40,467 [9e584dc6-0265-4730-a72b-17c833240a34@group-B80ED2DD9319-LeaderElection1] INFO  server.RaftServerConfigKeys (ConfUtils.java:logGet(43)) - raft.server.rpc.sleep.time = 25ms (default)
2019-10-17 08:15:40,475 [Thread-231] INFO  impl.FollowerState (FollowerState.java:run(108)) - d7926ef7-27aa-4029-a9d0-816772e9939f@group-B581561C0086-FollowerState: change to CANDIDATE, lastRpcTime:99ms, electionTimeout:98ms
2019-10-17 08:15:40,475 [Thread-231] INFO  impl.RoleInfo (RoleInfo.java:shutdownFollowerState(121)) - d7926ef7-27aa-4029-a9d0-816772e9939f: shutdown FollowerState
2019-10-17 08:15:40,475 [Thread-231] INFO  impl.RaftServerImpl (RaftServerImpl.java:setRole(184)) - d7926ef7-27aa-4029-a9d0-816772e9939f@group-B581561C0086: changes role from  FOLLOWER to CANDIDATE at term 0 for changeToCandidate
2019-10-17 08:15:40,475 [adef743a-bc0e-4d16-adda-0d38b00cf468@group-69AA97A4A626-LeaderElection3] INFO  impl.LeaderElection (LogUtils.java:infoOrTrace(149)) - adef743a-bc0e-4d16-adda-0d38b00cf468@group-69AA97A4A626-LeaderElection3 got exception when requesting votes: {}
java.util.concurrent.ExecutionException: org.apache.ratis.thirdparty.io.grpc.StatusRuntimeException: INTERNAL: d7926ef7-27aa-4029-a9d0-816772e9939f@group-69AA97A4A626 is not in [RUNNING]: current state is NEW
	at java.util.concurrent.FutureTask.report(FutureTask.java:122)
	at java.util.concurrent.FutureTask.get(FutureTask.java:192)
	at org.apache.ratis.server.impl.LeaderElection.waitForResults(LeaderElection.java:259)
	at org.apache.ratis.server.impl.LeaderElection.askForVotes(LeaderElection.java:197)
	at org.apache.ratis.server.impl.LeaderElection.run(LeaderElection.java:133)
	at java.lang.Thread.run(Thread.java:748)
Caused by: org.apache.ratis.thirdparty.io.grpc.StatusRuntimeException: INTERNAL: d7926ef7-27aa-4029-a9d0-816772e9939f@group-69AA97A4A626 is not in [RUNNING]: current state is NEW
	at org.apache.ratis.thirdparty.io.grpc.stub.ClientCalls.toStatusRuntimeException(ClientCalls.java:233)
	at org.apache.ratis.thirdparty.io.grpc.stub.ClientCalls.getUnchecked(ClientCalls.java:214)
	at org.apache.ratis.thirdparty.io.grpc.stub.ClientCalls.blockingUnaryCall(ClientCalls.java:139)
	at org.apache.ratis.proto.grpc.RaftServerProtocolServiceGrpc$RaftServerProtocolServiceBlockingStub.requestVote(RaftServerProtocolServiceGrpc.java:265)
	at org.apache.ratis.grpc.server.GrpcServerProtocolClient.requestVote(GrpcServerProtocolClient.java:99)
	at org.apache.ratis.grpc.server.GrpcService.requestVote(GrpcService.java:204)
	at org.apache.ratis.server.impl.LeaderElection.lambda$submitRequests$1(LeaderElection.java:234)
	at java.util.concurrent.FutureTask.run(FutureTask.java:266)
	at java.util.concurrent.Executors$RunnableAdapter.call(Executors.java:511)
	at java.util.concurrent.FutureTask.run(FutureTask.java:266)
	at java.util.concurrent.ThreadPoolExecutor.runWorker(ThreadPoolExecutor.java:1149)
	at java.util.concurrent.ThreadPoolExecutor$Worker.run(ThreadPoolExecutor.java:624)
	... 1 more
2019-10-17 08:15:40,475 [9e584dc6-0265-4730-a72b-17c833240a34@group-B80ED2DD9319-LeaderElection1] INFO  server.RaftServerConfigKeys (ConfUtils.java:logGet(43)) - raft.server.write.element-limit = 4096 (default)
2019-10-17 08:15:40,475 [Thread-231] INFO  impl.RoleInfo (RoleInfo.java:updateAndGet(143)) - d7926ef7-27aa-4029-a9d0-816772e9939f: start LeaderElection
2019-10-17 08:15:40,475 [d7926ef7-27aa-4029-a9d0-816772e9939f@group-95777FC81C2B-LeaderElection8] INFO  server.RaftServerConfigKeys (ConfUtils.java:logGet(43)) - raft.server.write.element-limit = 4096 (default)
2019-10-17 08:15:40,477 [adef743a-bc0e-4d16-adda-0d38b00cf468@group-69AA97A4A626-LeaderElection3] INFO  impl.LeaderElection (LeaderElection.java:logAndReturn(56)) - adef743a-bc0e-4d16-adda-0d38b00cf468@group-69AA97A4A626-LeaderElection3: Election REJECTED; received 1 response(s) [adef743a-bc0e-4d16-adda-0d38b00cf468<-9e584dc6-0265-4730-a72b-17c833240a34#0:FAIL-t2] and 1 exception(s); adef743a-bc0e-4d16-adda-0d38b00cf468@group-69AA97A4A626:t2, leader=null, voted=adef743a-bc0e-4d16-adda-0d38b00cf468, raftlog=adef743a-bc0e-4d16-adda-0d38b00cf468@group-69AA97A4A626-SegmentedRaftLog:OPENED:c-1,f-1,i0, conf=-1: [9e584dc6-0265-4730-a72b-17c833240a34:192.168.34.62:34940, adef743a-bc0e-4d16-adda-0d38b00cf468:192.168.34.62:36240, d7926ef7-27aa-4029-a9d0-816772e9939f:192.168.34.62:44705], old=null
2019-10-17 08:15:40,479 [adef743a-bc0e-4d16-adda-0d38b00cf468@group-69AA97A4A626-LeaderElection3] INFO  impl.LeaderElection (LogUtils.java:infoOrTrace(149)) -   Exception 0: {}
java.util.concurrent.ExecutionException: org.apache.ratis.thirdparty.io.grpc.StatusRuntimeException: INTERNAL: d7926ef7-27aa-4029-a9d0-816772e9939f@group-69AA97A4A626 is not in [RUNNING]: current state is NEW
	at java.util.concurrent.FutureTask.report(FutureTask.java:122)
	at java.util.concurrent.FutureTask.get(FutureTask.java:192)
	at org.apache.ratis.server.impl.LeaderElection.waitForResults(LeaderElection.java:259)
	at org.apache.ratis.server.impl.LeaderElection.askForVotes(LeaderElection.java:197)
	at org.apache.ratis.server.impl.LeaderElection.run(LeaderElection.java:133)
	at java.lang.Thread.run(Thread.java:748)
Caused by: org.apache.ratis.thirdparty.io.grpc.StatusRuntimeException: INTERNAL: d7926ef7-27aa-4029-a9d0-816772e9939f@group-69AA97A4A626 is not in [RUNNING]: current state is NEW
	at org.apache.ratis.thirdparty.io.grpc.stub.ClientCalls.toStatusRuntimeException(ClientCalls.java:233)
	at org.apache.ratis.thirdparty.io.grpc.stub.ClientCalls.getUnchecked(ClientCalls.java:214)
	at org.apache.ratis.thirdparty.io.grpc.stub.ClientCalls.blockingUnaryCall(ClientCalls.java:139)
	at org.apache.ratis.proto.grpc.RaftServerProtocolServiceGrpc$RaftServerProtocolServiceBlockingStub.requestVote(RaftServerProtocolServiceGrpc.java:265)
	at org.apache.ratis.grpc.server.GrpcServerProtocolClient.requestVote(GrpcServerProtocolClient.java:99)
	at org.apache.ratis.grpc.server.GrpcService.requestVote(GrpcService.java:204)
	at org.apache.ratis.server.impl.LeaderElection.lambda$submitRequests$1(LeaderElection.java:234)
	at java.util.concurrent.FutureTask.run(FutureTask.java:266)
	at java.util.concurrent.Executors$RunnableAdapter.call(Executors.java:511)
	at java.util.concurrent.FutureTask.run(FutureTask.java:266)
	at java.util.concurrent.ThreadPoolExecutor.runWorker(ThreadPoolExecutor.java:1149)
	at java.util.concurrent.ThreadPoolExecutor$Worker.run(ThreadPoolExecutor.java:624)
	... 1 more
2019-10-17 08:15:40,479 [adef743a-bc0e-4d16-adda-0d38b00cf468@group-69AA97A4A626-LeaderElection3] INFO  impl.RaftServerImpl (RaftServerImpl.java:setRole(184)) - adef743a-bc0e-4d16-adda-0d38b00cf468@group-69AA97A4A626: changes role from CANDIDATE to FOLLOWER at term 2 for DISCOVERED_A_NEW_TERM
2019-10-17 08:15:40,480 [adef743a-bc0e-4d16-adda-0d38b00cf468@group-69AA97A4A626-LeaderElection3] INFO  impl.RoleInfo (RoleInfo.java:shutdownLeaderElection(134)) - adef743a-bc0e-4d16-adda-0d38b00cf468: shutdown LeaderElection
2019-10-17 08:15:40,480 [adef743a-bc0e-4d16-adda-0d38b00cf468@group-69AA97A4A626-LeaderElection3] INFO  impl.RoleInfo (RoleInfo.java:updateAndGet(143)) - adef743a-bc0e-4d16-adda-0d38b00cf468: start FollowerState
2019-10-17 08:15:40,482 [d7926ef7-27aa-4029-a9d0-816772e9939f@group-97B724006A0F-LeaderElection10] INFO  impl.LeaderElection (LeaderElection.java:askForVotes(178)) - d7926ef7-27aa-4029-a9d0-816772e9939f@group-97B724006A0F-LeaderElection10: begin an election at term 2 for -1: [9e584dc6-0265-4730-a72b-17c833240a34:192.168.34.62:34940, adef743a-bc0e-4d16-adda-0d38b00cf468:192.168.34.62:36240, d7926ef7-27aa-4029-a9d0-816772e9939f:192.168.34.62:44705], old=null
2019-10-17 08:15:40,487 [d7926ef7-27aa-4029-a9d0-816772e9939f@group-F15EDDB49989-LeaderElection9] INFO  impl.LeaderElection (LeaderElection.java:logAndReturn(56)) - d7926ef7-27aa-4029-a9d0-816772e9939f@group-F15EDDB49989-LeaderElection9: Election REJECTED; received 0 response(s) [] and 0 exception(s); d7926ef7-27aa-4029-a9d0-816772e9939f@group-F15EDDB49989:t2, leader=null, voted=null, raftlog=d7926ef7-27aa-4029-a9d0-816772e9939f@group-F15EDDB49989-SegmentedRaftLog:OPENED:c-1,f-1,i0, conf=-1: [9e584dc6-0265-4730-a72b-17c833240a34:192.168.34.62:34940, adef743a-bc0e-4d16-adda-0d38b00cf468:192.168.34.62:36240, d7926ef7-27aa-4029-a9d0-816772e9939f:192.168.34.62:44705], old=null
2019-10-17 08:15:40,487 [adef743a-bc0e-4d16-adda-0d38b00cf468@group-F15EDDB49989-LeaderElection2] INFO  impl.LeaderElection (LogUtils.java:infoOrTrace(149)) - adef743a-bc0e-4d16-adda-0d38b00cf468@group-F15EDDB49989-LeaderElection2 got exception when requesting votes: {}
java.util.concurrent.ExecutionException: org.apache.ratis.thirdparty.io.grpc.StatusRuntimeException: INTERNAL: d7926ef7-27aa-4029-a9d0-816772e9939f@group-F15EDDB49989 is not in [RUNNING]: current state is NEW
	at java.util.concurrent.FutureTask.report(FutureTask.java:122)
	at java.util.concurrent.FutureTask.get(FutureTask.java:192)
	at org.apache.ratis.server.impl.LeaderElection.waitForResults(LeaderElection.java:259)
	at org.apache.ratis.server.impl.LeaderElection.askForVotes(LeaderElection.java:197)
	at org.apache.ratis.server.impl.LeaderElection.run(LeaderElection.java:133)
	at java.lang.Thread.run(Thread.java:748)
Caused by: org.apache.ratis.thirdparty.io.grpc.StatusRuntimeException: INTERNAL: d7926ef7-27aa-4029-a9d0-816772e9939f@group-F15EDDB49989 is not in [RUNNING]: current state is NEW
	at org.apache.ratis.thirdparty.io.grpc.stub.ClientCalls.toStatusRuntimeException(ClientCalls.java:233)
	at org.apache.ratis.thirdparty.io.grpc.stub.ClientCalls.getUnchecked(ClientCalls.java:214)
	at org.apache.ratis.thirdparty.io.grpc.stub.ClientCalls.blockingUnaryCall(ClientCalls.java:139)
	at org.apache.ratis.proto.grpc.RaftServerProtocolServiceGrpc$RaftServerProtocolServiceBlockingStub.requestVote(RaftServerProtocolServiceGrpc.java:265)
	at org.apache.ratis.grpc.server.GrpcServerProtocolClient.requestVote(GrpcServerProtocolClient.java:99)
	at org.apache.ratis.grpc.server.GrpcService.requestVote(GrpcService.java:204)
	at org.apache.ratis.server.impl.LeaderElection.lambda$submitRequests$1(LeaderElection.java:234)
	at java.util.concurrent.FutureTask.run(FutureTask.java:266)
	at java.util.concurrent.Executors$RunnableAdapter.call(Executors.java:511)
	at java.util.concurrent.FutureTask.run(FutureTask.java:266)
	at java.util.concurrent.ThreadPoolExecutor.runWorker(ThreadPoolExecutor.java:1149)
	at java.util.concurrent.ThreadPoolExecutor$Worker.run(ThreadPoolExecutor.java:624)
	... 1 more
2019-10-17 08:15:40,490 [IPC Server handler 1 on 41519] INFO  pipeline.PipelineStateManager (PipelineStateManager.java:addPipeline(55)) - Created pipeline Pipeline[ Id: 25676598-417e-44a8-a952-b80ed2dd9319, Nodes: d7926ef7-27aa-4029-a9d0-816772e9939f{ip: 192.168.34.62, host: pr-hdds-1868-lzclr-202649289, networkLocation: /default-rack, certSerialId: null}9e584dc6-0265-4730-a72b-17c833240a34{ip: 192.168.34.62, host: pr-hdds-1868-lzclr-202649289, networkLocation: /default-rack, certSerialId: null}adef743a-bc0e-4d16-adda-0d38b00cf468{ip: 192.168.34.62, host: pr-hdds-1868-lzclr-202649289, networkLocation: /default-rack, certSerialId: null}, Type:RATIS, Factor:THREE, State:ALLOCATED]
2019-10-17 08:15:40,491 [adef743a-bc0e-4d16-adda-0d38b00cf468@group-F15EDDB49989-LeaderElection2] INFO  impl.LeaderElection (LeaderElection.java:logAndReturn(56)) - adef743a-bc0e-4d16-adda-0d38b00cf468@group-F15EDDB49989-LeaderElection2: Election REJECTED; received 1 response(s) [adef743a-bc0e-4d16-adda-0d38b00cf468<-9e584dc6-0265-4730-a72b-17c833240a34#0:FAIL-t1] and 1 exception(s); adef743a-bc0e-4d16-adda-0d38b00cf468@group-F15EDDB49989:t2, leader=null, voted=null, raftlog=adef743a-bc0e-4d16-adda-0d38b00cf468@group-F15EDDB49989-SegmentedRaftLog:OPENED:c-1,f-1,i0, conf=-1: [9e584dc6-0265-4730-a72b-17c833240a34:192.168.34.62:34940, adef743a-bc0e-4d16-adda-0d38b00cf468:192.168.34.62:36240, d7926ef7-27aa-4029-a9d0-816772e9939f:192.168.34.62:44705], old=null
2019-10-17 08:15:40,492 [adef743a-bc0e-4d16-adda-0d38b00cf468@group-F15EDDB49989-LeaderElection2] INFO  impl.LeaderElection (LogUtils.java:infoOrTrace(149)) -   Exception 0: {}
java.util.concurrent.ExecutionException: org.apache.ratis.thirdparty.io.grpc.StatusRuntimeException: INTERNAL: d7926ef7-27aa-4029-a9d0-816772e9939f@group-F15EDDB49989 is not in [RUNNING]: current state is NEW
	at java.util.concurrent.FutureTask.report(FutureTask.java:122)
	at java.util.concurrent.FutureTask.get(FutureTask.java:192)
	at org.apache.ratis.server.impl.LeaderElection.waitForResults(LeaderElection.java:259)
	at org.apache.ratis.server.impl.LeaderElection.askForVotes(LeaderElection.java:197)
	at org.apache.ratis.server.impl.LeaderElection.run(LeaderElection.java:133)
	at java.lang.Thread.run(Thread.java:748)
Caused by: org.apache.ratis.thirdparty.io.grpc.StatusRuntimeException: INTERNAL: d7926ef7-27aa-4029-a9d0-816772e9939f@group-F15EDDB49989 is not in [RUNNING]: current state is NEW
	at org.apache.ratis.thirdparty.io.grpc.stub.ClientCalls.toStatusRuntimeException(ClientCalls.java:233)
	at org.apache.ratis.thirdparty.io.grpc.stub.ClientCalls.getUnchecked(ClientCalls.java:214)
	at org.apache.ratis.thirdparty.io.grpc.stub.ClientCalls.blockingUnaryCall(ClientCalls.java:139)
	at org.apache.ratis.proto.grpc.RaftServerProtocolServiceGrpc$RaftServerProtocolServiceBlockingStub.requestVote(RaftServerProtocolServiceGrpc.java:265)
	at org.apache.ratis.grpc.server.GrpcServerProtocolClient.requestVote(GrpcServerProtocolClient.java:99)
	at org.apache.ratis.grpc.server.GrpcService.requestVote(GrpcService.java:204)
	at org.apache.ratis.server.impl.LeaderElection.lambda$submitRequests$1(LeaderElection.java:234)
	at java.util.concurrent.FutureTask.run(FutureTask.java:266)
	at java.util.concurrent.Executors$RunnableAdapter.call(Executors.java:511)
	at java.util.concurrent.FutureTask.run(FutureTask.java:266)
	at java.util.concurrent.ThreadPoolExecutor.runWorker(ThreadPoolExecutor.java:1149)
	at java.util.concurrent.ThreadPoolExecutor$Worker.run(ThreadPoolExecutor.java:624)
	... 1 more
2019-10-17 08:15:40,495 [9e584dc6-0265-4730-a72b-17c833240a34@group-B80ED2DD9319-LeaderElection1] INFO  server.RaftServerConfigKeys (ConfUtils.java:logGet(43)) - raft.server.watch.timeout = 10s (default)
2019-10-17 08:15:40,497 [9e584dc6-0265-4730-a72b-17c833240a34@group-B80ED2DD9319-LeaderElection1] INFO  server.RaftServerConfigKeys (ConfUtils.java:logGet(43)) - raft.server.watch.timeout.denomination = 1s (default)
2019-10-17 08:15:40,497 [d7926ef7-27aa-4029-a9d0-816772e9939f@group-95777FC81C2B-LeaderElection8] INFO  server.RaftServerConfigKeys (ConfUtils.java:logGet(43)) - raft.server.watch.timeout = 10s (default)
2019-10-17 08:15:40,497 [d7926ef7-27aa-4029-a9d0-816772e9939f@group-95777FC81C2B-LeaderElection8] INFO  server.RaftServerConfigKeys (ConfUtils.java:logGet(43)) - raft.server.watch.timeout.denomination = 1s (default)
2019-10-17 08:15:40,500 [9e584dc6-0265-4730-a72b-17c833240a34@group-B80ED2DD9319-LeaderElection1] INFO  server.RaftServerConfigKeys (ConfUtils.java:logGet(43)) - raft.server.watch.element-limit = 65536 (default)
2019-10-17 08:15:40,500 [d7926ef7-27aa-4029-a9d0-816772e9939f@group-95777FC81C2B-LeaderElection8] INFO  server.RaftServerConfigKeys (ConfUtils.java:logGet(43)) - raft.server.watch.element-limit = 65536 (default)
2019-10-17 08:15:40,501 [9e584dc6-0265-4730-a72b-17c833240a34@group-F15EDDB49989-LeaderElection4] INFO  impl.LeaderElection (LeaderElection.java:logAndReturn(56)) - 9e584dc6-0265-4730-a72b-17c833240a34@group-F15EDDB49989-LeaderElection4: Election REJECTED; received 2 response(s) [9e584dc6-0265-4730-a72b-17c833240a34<-adef743a-bc0e-4d16-adda-0d38b00cf468#0:FAIL-t2, 9e584dc6-0265-4730-a72b-17c833240a34<-d7926ef7-27aa-4029-a9d0-816772e9939f#0:FAIL-t2] and 0 exception(s); 9e584dc6-0265-4730-a72b-17c833240a34@group-F15EDDB49989:t2, leader=null, voted=9e584dc6-0265-4730-a72b-17c833240a34, raftlog=9e584dc6-0265-4730-a72b-17c833240a34@group-F15EDDB49989-SegmentedRaftLog:OPENED:c-1,f-1,i0, conf=-1: [9e584dc6-0265-4730-a72b-17c833240a34:192.168.34.62:34940, adef743a-bc0e-4d16-adda-0d38b00cf468:192.168.34.62:36240, d7926ef7-27aa-4029-a9d0-816772e9939f:192.168.34.62:44705], old=null
2019-10-17 08:15:40,502 [9e584dc6-0265-4730-a72b-17c833240a34@group-F15EDDB49989-LeaderElection4] INFO  impl.RaftServerImpl (RaftServerImpl.java:setRole(184)) - 9e584dc6-0265-4730-a72b-17c833240a34@group-F15EDDB49989: changes role from CANDIDATE to FOLLOWER at term 2 for DISCOVERED_A_NEW_TERM
2019-10-17 08:15:40,502 [9e584dc6-0265-4730-a72b-17c833240a34@group-F15EDDB49989-LeaderElection4] INFO  impl.RoleInfo (RoleInfo.java:shutdownLeaderElection(134)) - 9e584dc6-0265-4730-a72b-17c833240a34: shutdown LeaderElection
2019-10-17 08:15:40,502 [9e584dc6-0265-4730-a72b-17c833240a34@group-F15EDDB49989-LeaderElection4] INFO  impl.RoleInfo (RoleInfo.java:updateAndGet(143)) - 9e584dc6-0265-4730-a72b-17c833240a34: start FollowerState
2019-10-17 08:15:40,516 [d7926ef7-27aa-4029-a9d0-816772e9939f@group-B581561C0086-LeaderElection11] INFO  impl.LeaderElection (LeaderElection.java:askForVotes(178)) - d7926ef7-27aa-4029-a9d0-816772e9939f@group-B581561C0086-LeaderElection11: begin an election at term 1 for -1: [d7926ef7-27aa-4029-a9d0-816772e9939f:192.168.34.62:44705], old=null
2019-10-17 08:15:40,517 [d7926ef7-27aa-4029-a9d0-816772e9939f@group-B581561C0086-LeaderElection11] INFO  impl.RoleInfo (RoleInfo.java:shutdownLeaderElection(134)) - d7926ef7-27aa-4029-a9d0-816772e9939f: shutdown LeaderElection
2019-10-17 08:15:40,517 [grpc-default-executor-2] INFO  impl.RaftServerImpl (RaftServerImpl.java:setRole(184)) - 9e584dc6-0265-4730-a72b-17c833240a34@group-97B724006A0F: changes role from  FOLLOWER to FOLLOWER at term 2 for recognizeCandidate:d7926ef7-27aa-4029-a9d0-816772e9939f
2019-10-17 08:15:40,517 [d7926ef7-27aa-4029-a9d0-816772e9939f@group-B581561C0086-LeaderElection11] INFO  impl.RaftServerImpl (RaftServerImpl.java:setRole(184)) - d7926ef7-27aa-4029-a9d0-816772e9939f@group-B581561C0086: changes role from CANDIDATE to LEADER at term 1 for changeToLeader
2019-10-17 08:15:40,517 [grpc-default-executor-2] INFO  impl.RoleInfo (RoleInfo.java:shutdownFollowerState(121)) - 9e584dc6-0265-4730-a72b-17c833240a34: shutdown FollowerState
2019-10-17 08:15:40,517 [grpc-default-executor-3] INFO  impl.RaftServerProxy (RaftServerProxy.java:remove(95)) - d7926ef7-27aa-4029-a9d0-816772e9939f: remove  FOLLOWER d7926ef7-27aa-4029-a9d0-816772e9939f@group-F15EDDB49989:t2, leader=null, voted=null, raftlog=d7926ef7-27aa-4029-a9d0-816772e9939f@group-F15EDDB49989-SegmentedRaftLog:OPENED:c-1,f-1,i0, conf=-1: [9e584dc6-0265-4730-a72b-17c833240a34:192.168.34.62:34940, adef743a-bc0e-4d16-adda-0d38b00cf468:192.168.34.62:36240, d7926ef7-27aa-4029-a9d0-816772e9939f:192.168.34.62:44705], old=null RUNNING
2019-10-17 08:15:40,517 [d7926ef7-27aa-4029-a9d0-816772e9939f@group-B581561C0086-LeaderElection11] INFO  ratis.XceiverServerRatis (XceiverServerRatis.java:handleLeaderChangedNotification(699)) - Leader change notification received for group: group-B581561C0086 with new leaderId: d7926ef7-27aa-4029-a9d0-816772e9939f
2019-10-17 08:15:40,518 [grpc-default-executor-2] INFO  impl.RoleInfo (RoleInfo.java:updateAndGet(143)) - 9e584dc6-0265-4730-a72b-17c833240a34: start FollowerState
2019-10-17 08:15:40,518 [Thread-264] INFO  impl.FollowerState (FollowerState.java:run(117)) - 9e584dc6-0265-4730-a72b-17c833240a34@group-97B724006A0F-FollowerState was interrupted: java.lang.InterruptedException: sleep interrupted
2019-10-17 08:15:40,519 [d7926ef7-27aa-4029-a9d0-816772e9939f@group-B581561C0086-LeaderElection11] INFO  impl.RaftServerImpl (ServerState.java:setLeader(256)) - d7926ef7-27aa-4029-a9d0-816772e9939f@group-B581561C0086: change Leader from null to d7926ef7-27aa-4029-a9d0-816772e9939f at term 1 for becomeLeader, leader elected after 852ms
2019-10-17 08:15:40,521 [d7926ef7-27aa-4029-a9d0-816772e9939f@group-B581561C0086-LeaderElection11] INFO  server.RaftServerConfigKeys (ConfUtils.java:logGet(43)) - raft.server.staging.catchup.gap = 1000 (default)
2019-10-17 08:15:40,521 [d7926ef7-27aa-4029-a9d0-816772e9939f@group-B581561C0086-LeaderElection11] INFO  server.RaftServerConfigKeys (ConfUtils.java:logGet(43)) - raft.server.rpc.sleep.time = 25ms (default)
2019-10-17 08:15:40,521 [d7926ef7-27aa-4029-a9d0-816772e9939f@group-B581561C0086-LeaderElection11] INFO  server.RaftServerConfigKeys (ConfUtils.java:logGet(43)) - raft.server.write.element-limit = 4096 (default)
2019-10-17 08:15:40,522 [d7926ef7-27aa-4029-a9d0-816772e9939f@group-B581561C0086-LeaderElection11] INFO  server.RaftServerConfigKeys (ConfUtils.java:logGet(43)) - raft.server.watch.timeout = 10s (default)
2019-10-17 08:15:40,522 [d7926ef7-27aa-4029-a9d0-816772e9939f@group-B581561C0086-LeaderElection11] INFO  server.RaftServerConfigKeys (ConfUtils.java:logGet(43)) - raft.server.watch.timeout.denomination = 1s (default)
2019-10-17 08:15:40,522 [d7926ef7-27aa-4029-a9d0-816772e9939f@group-B581561C0086-LeaderElection11] INFO  server.RaftServerConfigKeys (ConfUtils.java:logGet(43)) - raft.server.watch.element-limit = 65536 (default)
2019-10-17 08:15:40,522 [IPC Server handler 1 on 41519] WARN  block.BlockManagerImpl (BlockManagerImpl.java:allocateBlock(200)) - Pipeline creation failed for type:RATIS factor:THREE. Retrying get pipelines call once.
org.apache.hadoop.hdds.scm.pipeline.InsufficientDatanodesException: Cannot create pipeline of factor 3 using 0 nodes.
	at org.apache.hadoop.hdds.scm.pipeline.RatisPipelineProvider.create(RatisPipelineProvider.java:153)
	at org.apache.hadoop.hdds.scm.pipeline.PipelineFactory.create(PipelineFactory.java:58)
	at org.apache.hadoop.hdds.scm.pipeline.SCMPipelineManager.createPipeline(SCMPipelineManager.java:155)
	at org.apache.hadoop.hdds.scm.block.BlockManagerImpl.allocateBlock(BlockManagerImpl.java:198)
	at org.apache.hadoop.hdds.scm.server.SCMBlockProtocolServer.allocateBlock(SCMBlockProtocolServer.java:182)
	at org.apache.hadoop.hdds.scm.protocol.ScmBlockLocationProtocolServerSideTranslatorPB.allocateScmBlock(ScmBlockLocationProtocolServerSideTranslatorPB.java:159)
	at org.apache.hadoop.hdds.scm.protocol.ScmBlockLocationProtocolServerSideTranslatorPB.processMessage(ScmBlockLocationProtocolServerSideTranslatorPB.java:117)
	at org.apache.hadoop.hdds.server.OzoneProtocolMessageDispatcher.processRequest(OzoneProtocolMessageDispatcher.java:72)
	at org.apache.hadoop.hdds.scm.protocol.ScmBlockLocationProtocolServerSideTranslatorPB.send(ScmBlockLocationProtocolServerSideTranslatorPB.java:98)
	at org.apache.hadoop.hdds.protocol.proto.ScmBlockLocationProtocolProtos$ScmBlockLocationProtocolService$2.callBlockingMethod(ScmBlockLocationProtocolProtos.java:13157)
	at org.apache.hadoop.ipc.ProtobufRpcEngine$Server$ProtoBufRpcInvoker.call(ProtobufRpcEngine.java:524)
	at org.apache.hadoop.ipc.RPC$Server.call(RPC.java:1025)
	at org.apache.hadoop.ipc.Server$RpcCall.run(Server.java:876)
	at org.apache.hadoop.ipc.Server$RpcCall.run(Server.java:822)
	at java.security.AccessController.doPrivileged(Native Method)
	at javax.security.auth.Subject.doAs(Subject.java:422)
	at org.apache.hadoop.security.UserGroupInformation.doAs(UserGroupInformation.java:1730)
	at org.apache.hadoop.ipc.Server$Handler.run(Server.java:2682)
2019-10-17 08:15:40,523 [grpc-default-executor-3] INFO  impl.RaftServerImpl (RaftServerImpl.java:lambda$shutdown$3(261)) - d7926ef7-27aa-4029-a9d0-816772e9939f@group-F15EDDB49989: shutdown
2019-10-17 08:15:40,523 [IPC Server handler 1 on 41519] INFO  block.BlockManagerImpl (BlockManagerImpl.java:allocateBlock(212)) - Could not find available pipeline of type:RATIS and factor:THREE even after retrying
2019-10-17 08:15:40,523 [IPC Server handler 1 on 41519] ERROR block.BlockManagerImpl (BlockManagerImpl.java:allocateBlock(236)) - Unable to allocate a block for the size: 4194304, type: RATIS, factor: THREE
2019-10-17 08:15:40,523 [d7926ef7-27aa-4029-a9d0-816772e9939f@group-95777FC81C2B-LeaderElection8] INFO  impl.RoleInfo (RoleInfo.java:updateAndGet(143)) - d7926ef7-27aa-4029-a9d0-816772e9939f: start LeaderState
2019-10-17 08:15:40,523 [grpc-default-executor-3] INFO  util.JmxRegister (JmxRegister.java:unregister(73)) - Successfully un-registered JMX Bean with object name Ratis:service=RaftServer,group=group-F15EDDB49989,id=d7926ef7-27aa-4029-a9d0-816772e9939f
2019-10-17 08:15:40,525 [grpc-default-executor-3] INFO  impl.RoleInfo (RoleInfo.java:shutdownFollowerState(121)) - d7926ef7-27aa-4029-a9d0-816772e9939f: shutdown FollowerState
2019-10-17 08:15:40,524 [Thread-234] INFO  impl.FollowerState (FollowerState.java:run(108)) - adef743a-bc0e-4d16-adda-0d38b00cf468@group-B80ED2DD9319-FollowerState: change to CANDIDATE, lastRpcTime:142ms, electionTimeout:139ms
2019-10-17 08:15:40,526 [Thread-262] INFO  impl.FollowerState (FollowerState.java:run(117)) - d7926ef7-27aa-4029-a9d0-816772e9939f@group-F15EDDB49989-FollowerState was interrupted: java.lang.InterruptedException: sleep interrupted
2019-10-17 08:15:40,525 [9e584dc6-0265-4730-a72b-17c833240a34@group-B80ED2DD9319-LeaderElection1] INFO  server.RaftServerConfigKeys (ConfUtils.java:logGet(43)) - raft.server.log.appender.snapshot.chunk.size.max = 16MB (=16777216) (default)
2019-10-17 08:15:40,525 [IPC Server handler 1 on 41519] WARN  block.BlockManagerImpl (BlockManagerImpl.java:allocateBlock(200)) - Pipeline creation failed for type:RATIS factor:THREE. Retrying get pipelines call once.
org.apache.hadoop.hdds.scm.pipeline.InsufficientDatanodesException: Cannot create pipeline of factor 3 using 0 nodes.
	at org.apache.hadoop.hdds.scm.pipeline.RatisPipelineProvider.create(RatisPipelineProvider.java:153)
	at org.apache.hadoop.hdds.scm.pipeline.PipelineFactory.create(PipelineFactory.java:58)
	at org.apache.hadoop.hdds.scm.pipeline.SCMPipelineManager.createPipeline(SCMPipelineManager.java:155)
	at org.apache.hadoop.hdds.scm.block.BlockManagerImpl.allocateBlock(BlockManagerImpl.java:198)
	at org.apache.hadoop.hdds.scm.server.SCMBlockProtocolServer.allocateBlock(SCMBlockProtocolServer.java:182)
	at org.apache.hadoop.hdds.scm.protocol.ScmBlockLocationProtocolServerSideTranslatorPB.allocateScmBlock(ScmBlockLocationProtocolServerSideTranslatorPB.java:159)
	at org.apache.hadoop.hdds.scm.protocol.ScmBlockLocationProtocolServerSideTranslatorPB.processMessage(ScmBlockLocationProtocolServerSideTranslatorPB.java:117)
	at org.apache.hadoop.hdds.server.OzoneProtocolMessageDispatcher.processRequest(OzoneProtocolMessageDispatcher.java:72)
	at org.apache.hadoop.hdds.scm.protocol.ScmBlockLocationProtocolServerSideTranslatorPB.send(ScmBlockLocationProtocolServerSideTranslatorPB.java:98)
	at org.apache.hadoop.hdds.protocol.proto.ScmBlockLocationProtocolProtos$ScmBlockLocationProtocolService$2.callBlockingMethod(ScmBlockLocationProtocolProtos.java:13157)
	at org.apache.hadoop.ipc.ProtobufRpcEngine$Server$ProtoBufRpcInvoker.call(ProtobufRpcEngine.java:524)
	at org.apache.hadoop.ipc.RPC$Server.call(RPC.java:1025)
	at org.apache.hadoop.ipc.Server$RpcCall.run(Server.java:876)
	at org.apache.hadoop.ipc.Server$RpcCall.run(Server.java:822)
	at java.security.AccessController.doPrivileged(Native Method)
	at javax.security.auth.Subject.doAs(Subject.java:422)
	at org.apache.hadoop.security.UserGroupInformation.doAs(UserGroupInformation.java:1730)
	at org.apache.hadoop.ipc.Server$Handler.run(Server.java:2682)
2019-10-17 08:15:40,526 [9e584dc6-0265-4730-a72b-17c833240a34@group-B80ED2DD9319-LeaderElection1] INFO  server.RaftServerConfigKeys (ConfUtils.java:logGet(43)) - raft.server.log.appender.buffer.byte-limit = 33554432 (custom)
2019-10-17 08:15:40,526 [Thread-234] INFO  impl.RoleInfo (RoleInfo.java:shutdownFollowerState(121)) - adef743a-bc0e-4d16-adda-0d38b00cf468: shutdown FollowerState
2019-10-17 08:15:40,526 [d7926ef7-27aa-4029-a9d0-816772e9939f@group-B581561C0086-LeaderElection11] INFO  impl.RoleInfo (RoleInfo.java:updateAndGet(143)) - d7926ef7-27aa-4029-a9d0-816772e9939f: start LeaderState
2019-10-17 08:15:40,526 [grpc-default-executor-3] INFO  impl.StateMachineUpdater (StateMachineUpdater.java:stopAndJoin(136)) - d7926ef7-27aa-4029-a9d0-816772e9939f@group-F15EDDB49989-StateMachineUpdater: set stopIndex = -1
2019-10-17 08:15:40,527 [Thread-234] INFO  impl.RaftServerImpl (RaftServerImpl.java:setRole(184)) - adef743a-bc0e-4d16-adda-0d38b00cf468@group-B80ED2DD9319: changes role from  FOLLOWER to CANDIDATE at term 1 for changeToCandidate
2019-10-17 08:15:40,527 [IPC Server handler 1 on 41519] INFO  block.BlockManagerImpl (BlockManagerImpl.java:allocateBlock(212)) - Could not find available pipeline of type:RATIS and factor:THREE even after retrying
2019-10-17 08:15:40,527 [Thread-234] INFO  impl.RoleInfo (RoleInfo.java:updateAndGet(143)) - adef743a-bc0e-4d16-adda-0d38b00cf468: start LeaderElection
2019-10-17 08:15:40,527 [grpc-default-executor-3] INFO  impl.RaftServerImpl (ServerState.java:close(388)) - d7926ef7-27aa-4029-a9d0-816772e9939f@group-F15EDDB49989: closes. applyIndex: -1
2019-10-17 08:15:40,528 [IPC Server handler 1 on 41519] ERROR block.BlockManagerImpl (BlockManagerImpl.java:allocateBlock(236)) - Unable to allocate a block for the size: 4194304, type: RATIS, factor: THREE
2019-10-17 08:15:40,528 [9e584dc6-0265-4730-a72b-17c833240a34@group-B80ED2DD9319-LeaderElection1] INFO  server.RaftServerConfigKeys (ConfUtils.java:logGet(43)) - raft.server.log.appender.buffer.element-limit = 1 (custom)
2019-10-17 08:15:40,529 [IPC Server handler 1 on 41519] WARN  block.BlockManagerImpl (BlockManagerImpl.java:allocateBlock(200)) - Pipeline creation failed for type:RATIS factor:THREE. Retrying get pipelines call once.
org.apache.hadoop.hdds.scm.pipeline.InsufficientDatanodesException: Cannot create pipeline of factor 3 using 0 nodes.
	at org.apache.hadoop.hdds.scm.pipeline.RatisPipelineProvider.create(RatisPipelineProvider.java:153)
	at org.apache.hadoop.hdds.scm.pipeline.PipelineFactory.create(PipelineFactory.java:58)
	at org.apache.hadoop.hdds.scm.pipeline.SCMPipelineManager.createPipeline(SCMPipelineManager.java:155)
	at org.apache.hadoop.hdds.scm.block.BlockManagerImpl.allocateBlock(BlockManagerImpl.java:198)
	at org.apache.hadoop.hdds.scm.server.SCMBlockProtocolServer.allocateBlock(SCMBlockProtocolServer.java:182)
	at org.apache.hadoop.hdds.scm.protocol.ScmBlockLocationProtocolServerSideTranslatorPB.allocateScmBlock(ScmBlockLocationProtocolServerSideTranslatorPB.java:159)
	at org.apache.hadoop.hdds.scm.protocol.ScmBlockLocationProtocolServerSideTranslatorPB.processMessage(ScmBlockLocationProtocolServerSideTranslatorPB.java:117)
	at org.apache.hadoop.hdds.server.OzoneProtocolMessageDispatcher.processRequest(OzoneProtocolMessageDispatcher.java:72)
	at org.apache.hadoop.hdds.scm.protocol.ScmBlockLocationProtocolServerSideTranslatorPB.send(ScmBlockLocationProtocolServerSideTranslatorPB.java:98)
	at org.apache.hadoop.hdds.protocol.proto.ScmBlockLocationProtocolProtos$ScmBlockLocationProtocolService$2.callBlockingMethod(ScmBlockLocationProtocolProtos.java:13157)
	at org.apache.hadoop.ipc.ProtobufRpcEngine$Server$ProtoBufRpcInvoker.call(ProtobufRpcEngine.java:524)
	at org.apache.hadoop.ipc.RPC$Server.call(RPC.java:1025)
	at org.apache.hadoop.ipc.Server$RpcCall.run(Server.java:876)
	at org.apache.hadoop.ipc.Server$RpcCall.run(Server.java:822)
	at java.security.AccessController.doPrivileged(Native Method)
	at javax.security.auth.Subject.doAs(Subject.java:422)
	at org.apache.hadoop.security.UserGroupInformation.doAs(UserGroupInformation.java:1730)
	at org.apache.hadoop.ipc.Server$Handler.run(Server.java:2682)
2019-10-17 08:15:40,529 [IPC Server handler 1 on 41519] INFO  block.BlockManagerImpl (BlockManagerImpl.java:allocateBlock(212)) - Could not find available pipeline of type:RATIS and factor:THREE even after retrying
2019-10-17 08:15:40,529 [IPC Server handler 1 on 41519] ERROR block.BlockManagerImpl (BlockManagerImpl.java:allocateBlock(236)) - Unable to allocate a block for the size: 4194304, type: RATIS, factor: THREE
2019-10-17 08:15:40,532 [d7926ef7-27aa-4029-a9d0-816772e9939f@group-F15EDDB49989-SegmentedRaftLogWorker] INFO  segmented.SegmentedRaftLogWorker (SegmentedRaftLogWorker.java:run(316)) - d7926ef7-27aa-4029-a9d0-816772e9939f@group-F15EDDB49989-SegmentedRaftLogWorker was interrupted, exiting. There are 0 tasks remaining in the queue.
2019-10-17 08:15:40,532 [grpc-default-executor-3] INFO  segmented.SegmentedRaftLogWorker (SegmentedRaftLogWorker.java:close(224)) - d7926ef7-27aa-4029-a9d0-816772e9939f@group-F15EDDB49989-SegmentedRaftLogWorker close()
2019-10-17 08:15:40,535 [9e584dc6-0265-4730-a72b-17c833240a34@group-B80ED2DD9319-LeaderElection1] INFO  grpc.GrpcConfigKeys$Server (ConfUtils.java:logGet(43)) - raft.grpc.server.leader.outstanding.appends.max = 128 (default)
2019-10-17 08:15:40,535 [9e584dc6-0265-4730-a72b-17c833240a34@group-B80ED2DD9319-LeaderElection1] INFO  server.RaftServerConfigKeys (ConfUtils.java:logGet(43)) - raft.server.rpc.request.timeout = 3000ms (default)
2019-10-17 08:15:40,535 [9e584dc6-0265-4730-a72b-17c833240a34@group-B80ED2DD9319-LeaderElection1] INFO  server.RaftServerConfigKeys (ConfUtils.java:logGet(43)) - raft.server.log.appender.install.snapshot.enabled = false (custom)
2019-10-17 08:15:40,538 [pool-53-thread-3] ERROR freon.RandomKeyGenerator (RandomKeyGenerator.java:createKey(733)) - Exception while adding key: key-0-89037 in bucket: bucket-0-90155 of volume: vol-0-99003.
INTERNAL_ERROR org.apache.hadoop.ozone.om.exceptions.OMException: Allocated 1 blocks. Requested 5 blocks
	at org.apache.hadoop.ozone.om.protocolPB.OzoneManagerProtocolClientSideTranslatorPB.handleError(OzoneManagerProtocolClientSideTranslatorPB.java:732)
	at org.apache.hadoop.ozone.om.protocolPB.OzoneManagerProtocolClientSideTranslatorPB.openKey(OzoneManagerProtocolClientSideTranslatorPB.java:723)
	at sun.reflect.NativeMethodAccessorImpl.invoke0(Native Method)
	at sun.reflect.NativeMethodAccessorImpl.invoke(NativeMethodAccessorImpl.java:62)
	at sun.reflect.DelegatingMethodAccessorImpl.invoke(DelegatingMethodAccessorImpl.java:43)
	at java.lang.reflect.Method.invoke(Method.java:498)
	at org.apache.hadoop.hdds.tracing.TraceAllMethod.invoke(TraceAllMethod.java:66)
	at com.sun.proxy.$Proxy37.openKey(Unknown Source)
	at org.apache.hadoop.ozone.client.rpc.RpcClient.createKey(RpcClient.java:614)
	at org.apache.hadoop.ozone.client.OzoneBucket.createKey(OzoneBucket.java:325)
	at org.apache.hadoop.ozone.freon.RandomKeyGenerator.createKey(RandomKeyGenerator.java:695)
	at org.apache.hadoop.ozone.freon.RandomKeyGenerator.access$1100(RandomKeyGenerator.java:88)
	at org.apache.hadoop.ozone.freon.RandomKeyGenerator$ObjectCreator.run(RandomKeyGenerator.java:615)
	at java.util.concurrent.Executors$RunnableAdapter.call(Executors.java:511)
	at java.util.concurrent.FutureTask.run(FutureTask.java:266)
	at java.util.concurrent.ThreadPoolExecutor.runWorker(ThreadPoolExecutor.java:1149)
	at java.util.concurrent.ThreadPoolExecutor$Worker.run(ThreadPoolExecutor.java:624)
	at java.lang.Thread.run(Thread.java:748)
2019-10-17 08:15:40,539 [9e584dc6-0265-4730-a72b-17c833240a34@group-B80ED2DD9319-LeaderElection1] INFO  server.RaftServerConfigKeys (ConfUtils.java:logGet(43)) - raft.server.log.appender.snapshot.chunk.size.max = 16MB (=16777216) (default)
2019-10-17 08:15:40,540 [9e584dc6-0265-4730-a72b-17c833240a34@group-B80ED2DD9319-LeaderElection1] INFO  server.RaftServerConfigKeys (ConfUtils.java:logGet(43)) - raft.server.log.appender.buffer.byte-limit = 33554432 (custom)
2019-10-17 08:15:40,540 [9e584dc6-0265-4730-a72b-17c833240a34@group-B80ED2DD9319-LeaderElection1] INFO  server.RaftServerConfigKeys (ConfUtils.java:logGet(43)) - raft.server.log.appender.buffer.element-limit = 1 (custom)
2019-10-17 08:15:40,541 [9e584dc6-0265-4730-a72b-17c833240a34@group-B80ED2DD9319-LeaderElection1] INFO  grpc.GrpcConfigKeys$Server (ConfUtils.java:logGet(43)) - raft.grpc.server.leader.outstanding.appends.max = 128 (default)
2019-10-17 08:15:40,541 [9e584dc6-0265-4730-a72b-17c833240a34@group-B80ED2DD9319-LeaderElection1] INFO  server.RaftServerConfigKeys (ConfUtils.java:logGet(43)) - raft.server.rpc.request.timeout = 3000ms (default)
2019-10-17 08:15:40,541 [9e584dc6-0265-4730-a72b-17c833240a34@group-B80ED2DD9319-LeaderElection1] INFO  server.RaftServerConfigKeys (ConfUtils.java:logGet(43)) - raft.server.log.appender.install.snapshot.enabled = false (custom)
2019-10-17 08:15:40,541 [adef743a-bc0e-4d16-adda-0d38b00cf468@group-B80ED2DD9319-LeaderElection12] INFO  impl.LeaderElection (LeaderElection.java:askForVotes(178)) - adef743a-bc0e-4d16-adda-0d38b00cf468@group-B80ED2DD9319-LeaderElection12: begin an election at term 2 for -1: [9e584dc6-0265-4730-a72b-17c833240a34:192.168.34.62:34940, adef743a-bc0e-4d16-adda-0d38b00cf468:192.168.34.62:36240, d7926ef7-27aa-4029-a9d0-816772e9939f:192.168.34.62:44705], old=null
2019-10-17 08:15:40,542 [d7926ef7-27aa-4029-a9d0-816772e9939f@group-B581561C0086-LeaderElection11] INFO  segmented.SegmentedRaftLogWorker (SegmentedRaftLogWorker.java:startLogSegment(385)) - d7926ef7-27aa-4029-a9d0-816772e9939f@group-B581561C0086-SegmentedRaftLogWorker: Starting segment from index:0
2019-10-17 08:15:40,542 [d7926ef7-27aa-4029-a9d0-816772e9939f@group-95777FC81C2B-LeaderElection8] INFO  segmented.SegmentedRaftLogWorker (SegmentedRaftLogWorker.java:startLogSegment(385)) - d7926ef7-27aa-4029-a9d0-816772e9939f@group-95777FC81C2B-SegmentedRaftLogWorker: Starting segment from index:0
2019-10-17 08:15:40,546 [adef743a-bc0e-4d16-adda-0d38b00cf468@group-97B724006A0F-LeaderElection5] INFO  impl.LeaderElection (LeaderElection.java:logAndReturn(56)) - adef743a-bc0e-4d16-adda-0d38b00cf468@group-97B724006A0F-LeaderElection5: Election REJECTED; received 2 response(s) [adef743a-bc0e-4d16-adda-0d38b00cf468<-9e584dc6-0265-4730-a72b-17c833240a34#0:FAIL-t2, adef743a-bc0e-4d16-adda-0d38b00cf468<-d7926ef7-27aa-4029-a9d0-816772e9939f#0:FAIL-t2] and 0 exception(s); adef743a-bc0e-4d16-adda-0d38b00cf468@group-97B724006A0F:t2, leader=null, voted=adef743a-bc0e-4d16-adda-0d38b00cf468, raftlog=adef743a-bc0e-4d16-adda-0d38b00cf468@group-97B724006A0F-SegmentedRaftLog:OPENED:c-1,f-1,i0, conf=-1: [9e584dc6-0265-4730-a72b-17c833240a34:192.168.34.62:34940, adef743a-bc0e-4d16-adda-0d38b00cf468:192.168.34.62:36240, d7926ef7-27aa-4029-a9d0-816772e9939f:192.168.34.62:44705], old=null
2019-10-17 08:15:40,546 [d7926ef7-27aa-4029-a9d0-816772e9939f@group-97B724006A0F-LeaderElection10] INFO  impl.LeaderElection (LeaderElection.java:logAndReturn(56)) - d7926ef7-27aa-4029-a9d0-816772e9939f@group-97B724006A0F-LeaderElection10: Election PASSED; received 2 response(s) [d7926ef7-27aa-4029-a9d0-816772e9939f<-9e584dc6-0265-4730-a72b-17c833240a34#0:OK-t2, d7926ef7-27aa-4029-a9d0-816772e9939f<-adef743a-bc0e-4d16-adda-0d38b00cf468#0:FAIL-t2] and 0 exception(s); d7926ef7-27aa-4029-a9d0-816772e9939f@group-97B724006A0F:t2, leader=null, voted=d7926ef7-27aa-4029-a9d0-816772e9939f, raftlog=d7926ef7-27aa-4029-a9d0-816772e9939f@group-97B724006A0F-SegmentedRaftLog:OPENED:c-1,f-1,i0, conf=-1: [9e584dc6-0265-4730-a72b-17c833240a34:192.168.34.62:34940, adef743a-bc0e-4d16-adda-0d38b00cf468:192.168.34.62:36240, d7926ef7-27aa-4029-a9d0-816772e9939f:192.168.34.62:44705], old=null
2019-10-17 08:15:40,546 [9e584dc6-0265-4730-a72b-17c833240a34@group-B80ED2DD9319-LeaderElection1] INFO  impl.RoleInfo (RoleInfo.java:updateAndGet(143)) - 9e584dc6-0265-4730-a72b-17c833240a34: start LeaderState
2019-10-17 08:15:40,546 [adef743a-bc0e-4d16-adda-0d38b00cf468@group-97B724006A0F-LeaderElection5] INFO  impl.RaftServerImpl (RaftServerImpl.java:setRole(184)) - adef743a-bc0e-4d16-adda-0d38b00cf468@group-97B724006A0F: changes role from CANDIDATE to FOLLOWER at term 2 for DISCOVERED_A_NEW_TERM
2019-10-17 08:15:40,548 [d7926ef7-27aa-4029-a9d0-816772e9939f@group-97B724006A0F-LeaderElection10] INFO  impl.RoleInfo (RoleInfo.java:shutdownLeaderElection(134)) - d7926ef7-27aa-4029-a9d0-816772e9939f: shutdown LeaderElection
2019-10-17 08:15:40,548 [adef743a-bc0e-4d16-adda-0d38b00cf468@group-97B724006A0F-LeaderElection5] INFO  impl.RoleInfo (RoleInfo.java:shutdownLeaderElection(134)) - adef743a-bc0e-4d16-adda-0d38b00cf468: shutdown LeaderElection
2019-10-17 08:15:40,547 [Thread-274] INFO  impl.FollowerState (FollowerState.java:run(108)) - 9e584dc6-0265-4730-a72b-17c833240a34@group-97B724006A0F-FollowerState: change to CANDIDATE, lastRpcTime:29ms, electionTimeout:26ms
2019-10-17 08:15:40,548 [adef743a-bc0e-4d16-adda-0d38b00cf468@group-97B724006A0F-LeaderElection5] INFO  impl.RoleInfo (RoleInfo.java:updateAndGet(143)) - adef743a-bc0e-4d16-adda-0d38b00cf468: start FollowerState
2019-10-17 08:15:40,548 [9e584dc6-0265-4730-a72b-17c833240a34@group-B80ED2DD9319-LeaderElection1] INFO  segmented.SegmentedRaftLogWorker (SegmentedRaftLogWorker.java:startLogSegment(385)) - 9e584dc6-0265-4730-a72b-17c833240a34@group-B80ED2DD9319-SegmentedRaftLogWorker: Starting segment from index:0
2019-10-17 08:15:40,548 [d7926ef7-27aa-4029-a9d0-816772e9939f@group-97B724006A0F-LeaderElection10] INFO  impl.RaftServerImpl (RaftServerImpl.java:setRole(184)) - d7926ef7-27aa-4029-a9d0-816772e9939f@group-97B724006A0F: changes role from CANDIDATE to LEADER at term 2 for changeToLeader
2019-10-17 08:15:40,552 [Thread-274] INFO  impl.RoleInfo (RoleInfo.java:shutdownFollowerState(121)) - 9e584dc6-0265-4730-a72b-17c833240a34: shutdown FollowerState
2019-10-17 08:15:40,553 [adef743a-bc0e-4d16-adda-0d38b00cf468@group-B80ED2DD9319-LeaderElection12] INFO  impl.LeaderElection (LeaderElection.java:logAndReturn(56)) - adef743a-bc0e-4d16-adda-0d38b00cf468@group-B80ED2DD9319-LeaderElection12: Election TIMEOUT; received 0 response(s) [] and 0 exception(s); adef743a-bc0e-4d16-adda-0d38b00cf468@group-B80ED2DD9319:t2, leader=null, voted=adef743a-bc0e-4d16-adda-0d38b00cf468, raftlog=adef743a-bc0e-4d16-adda-0d38b00cf468@group-B80ED2DD9319-SegmentedRaftLog:OPENED:c-1,f-1,i0, conf=-1: [9e584dc6-0265-4730-a72b-17c833240a34:192.168.34.62:34940, adef743a-bc0e-4d16-adda-0d38b00cf468:192.168.34.62:36240, d7926ef7-27aa-4029-a9d0-816772e9939f:192.168.34.62:44705], old=null
2019-10-17 08:15:40,552 [d7926ef7-27aa-4029-a9d0-816772e9939f@group-97B724006A0F-LeaderElection10] INFO  ratis.XceiverServerRatis (XceiverServerRatis.java:handleLeaderChangedNotification(699)) - Leader change notification received for group: group-97B724006A0F with new leaderId: d7926ef7-27aa-4029-a9d0-816772e9939f
2019-10-17 08:15:40,553 [grpc-default-executor-7] INFO  impl.RaftServerImpl (RaftServerImpl.java:setRole(184)) - d7926ef7-27aa-4029-a9d0-816772e9939f@group-B80ED2DD9319: changes role from  FOLLOWER to FOLLOWER at term 2 for recognizeCandidate:adef743a-bc0e-4d16-adda-0d38b00cf468
2019-10-17 08:15:40,554 [grpc-default-executor-7] INFO  impl.RoleInfo (RoleInfo.java:shutdownFollowerState(121)) - d7926ef7-27aa-4029-a9d0-816772e9939f: shutdown FollowerState
2019-10-17 08:15:40,552 [EventQueue-PipelineReportForPipelineReportHandler] INFO  pipeline.PipelineReportHandler (PipelineReportHandler.java:processPipelineReport(119)) - Pipeline PipelineID=25676598-417e-44a8-a952-b80ed2dd9319 reported by d7926ef7-27aa-4029-a9d0-816772e9939f{ip: 192.168.34.62, host: pr-hdds-1868-lzclr-202649289, networkLocation: /default-rack, certSerialId: null} with leaderId 
2019-10-17 08:15:40,554 [grpc-default-executor-7] INFO  impl.RoleInfo (RoleInfo.java:updateAndGet(143)) - d7926ef7-27aa-4029-a9d0-816772e9939f: start FollowerState
2019-10-17 08:15:40,554 [Thread-253] INFO  impl.FollowerState (FollowerState.java:run(117)) - d7926ef7-27aa-4029-a9d0-816772e9939f@group-B80ED2DD9319-FollowerState was interrupted: java.lang.InterruptedException: sleep interrupted
2019-10-17 08:15:40,554 [d7926ef7-27aa-4029-a9d0-816772e9939f@group-97B724006A0F-LeaderElection10] INFO  impl.RaftServerImpl (ServerState.java:setLeader(256)) - d7926ef7-27aa-4029-a9d0-816772e9939f@group-97B724006A0F: change Leader from null to d7926ef7-27aa-4029-a9d0-816772e9939f at term 2 for becomeLeader, leader elected after 407ms
2019-10-17 08:15:40,553 [Thread-274] INFO  impl.RaftServerImpl (RaftServerImpl.java:setRole(184)) - 9e584dc6-0265-4730-a72b-17c833240a34@group-97B724006A0F: changes role from  FOLLOWER to CANDIDATE at term 2 for changeToCandidate
2019-10-17 08:15:40,555 [d7926ef7-27aa-4029-a9d0-816772e9939f@group-97B724006A0F-LeaderElection10] INFO  server.RaftServerConfigKeys (ConfUtils.java:logGet(43)) - raft.server.staging.catchup.gap = 1000 (default)
2019-10-17 08:15:40,555 [Thread-268] INFO  impl.FollowerState (FollowerState.java:run(108)) - adef743a-bc0e-4d16-adda-0d38b00cf468@group-69AA97A4A626-FollowerState: change to CANDIDATE, lastRpcTime:74ms, electionTimeout:72ms
2019-10-17 08:15:40,555 [d7926ef7-27aa-4029-a9d0-816772e9939f@group-97B724006A0F-LeaderElection10] INFO  server.RaftServerConfigKeys (ConfUtils.java:logGet(43)) - raft.server.rpc.sleep.time = 25ms (default)
2019-10-17 08:15:40,555 [Thread-274] INFO  impl.RoleInfo (RoleInfo.java:updateAndGet(143)) - 9e584dc6-0265-4730-a72b-17c833240a34: start LeaderElection
2019-10-17 08:15:40,555 [Thread-268] INFO  impl.RoleInfo (RoleInfo.java:shutdownFollowerState(121)) - adef743a-bc0e-4d16-adda-0d38b00cf468: shutdown FollowerState
2019-10-17 08:15:40,555 [d7926ef7-27aa-4029-a9d0-816772e9939f@group-97B724006A0F-LeaderElection10] INFO  server.RaftServerConfigKeys (ConfUtils.java:logGet(43)) - raft.server.write.element-limit = 4096 (default)
2019-10-17 08:15:40,556 [Thread-268] INFO  impl.RaftServerImpl (RaftServerImpl.java:setRole(184)) - adef743a-bc0e-4d16-adda-0d38b00cf468@group-69AA97A4A626: changes role from  FOLLOWER to CANDIDATE at term 2 for changeToCandidate
2019-10-17 08:15:40,556 [d7926ef7-27aa-4029-a9d0-816772e9939f@group-97B724006A0F-LeaderElection10] INFO  server.RaftServerConfigKeys (ConfUtils.java:logGet(43)) - raft.server.watch.timeout = 10s (default)
2019-10-17 08:15:40,556 [Thread-268] INFO  impl.RoleInfo (RoleInfo.java:updateAndGet(143)) - adef743a-bc0e-4d16-adda-0d38b00cf468: start LeaderElection
2019-10-17 08:15:40,557 [d7926ef7-27aa-4029-a9d0-816772e9939f@group-97B724006A0F-LeaderElection10] INFO  server.RaftServerConfigKeys (ConfUtils.java:logGet(43)) - raft.server.watch.timeout.denomination = 1s (default)
2019-10-17 08:15:40,558 [d7926ef7-27aa-4029-a9d0-816772e9939f@group-97B724006A0F-LeaderElection10] INFO  server.RaftServerConfigKeys (ConfUtils.java:logGet(43)) - raft.server.watch.element-limit = 65536 (default)
2019-10-17 08:15:40,561 [d7926ef7-27aa-4029-a9d0-816772e9939f@group-97B724006A0F-LeaderElection10] INFO  server.RaftServerConfigKeys (ConfUtils.java:logGet(43)) - raft.server.log.appender.snapshot.chunk.size.max = 16MB (=16777216) (default)
2019-10-17 08:15:40,561 [d7926ef7-27aa-4029-a9d0-816772e9939f@group-97B724006A0F-LeaderElection10] INFO  server.RaftServerConfigKeys (ConfUtils.java:logGet(43)) - raft.server.log.appender.buffer.byte-limit = 33554432 (custom)
2019-10-17 08:15:40,561 [d7926ef7-27aa-4029-a9d0-816772e9939f@group-97B724006A0F-LeaderElection10] INFO  server.RaftServerConfigKeys (ConfUtils.java:logGet(43)) - raft.server.log.appender.buffer.element-limit = 1 (custom)
2019-10-17 08:15:40,562 [d7926ef7-27aa-4029-a9d0-816772e9939f@group-97B724006A0F-LeaderElection10] INFO  grpc.GrpcConfigKeys$Server (ConfUtils.java:logGet(43)) - raft.grpc.server.leader.outstanding.appends.max = 128 (default)
2019-10-17 08:15:40,562 [d7926ef7-27aa-4029-a9d0-816772e9939f@group-97B724006A0F-LeaderElection10] INFO  server.RaftServerConfigKeys (ConfUtils.java:logGet(43)) - raft.server.rpc.request.timeout = 3000ms (default)
2019-10-17 08:15:40,563 [d7926ef7-27aa-4029-a9d0-816772e9939f@group-97B724006A0F-LeaderElection10] INFO  server.RaftServerConfigKeys (ConfUtils.java:logGet(43)) - raft.server.log.appender.install.snapshot.enabled = false (custom)
2019-10-17 08:15:40,563 [d7926ef7-27aa-4029-a9d0-816772e9939f@group-95777FC81C2B-LeaderElection8] INFO  impl.RaftServerImpl (ServerState.java:setRaftConf(357)) - d7926ef7-27aa-4029-a9d0-816772e9939f@group-95777FC81C2B: set configuration 0: [d7926ef7-27aa-4029-a9d0-816772e9939f:192.168.34.62:44705], old=null at 0
2019-10-17 08:15:40,563 [grpc-default-executor-2] INFO  impl.RaftServerProxy (RaftServerProxy.java:remove(95)) - d7926ef7-27aa-4029-a9d0-816772e9939f: remove    LEADER d7926ef7-27aa-4029-a9d0-816772e9939f@group-95777FC81C2B:t1, leader=d7926ef7-27aa-4029-a9d0-816772e9939f, voted=d7926ef7-27aa-4029-a9d0-816772e9939f, raftlog=d7926ef7-27aa-4029-a9d0-816772e9939f@group-95777FC81C2B-SegmentedRaftLog:OPENED:c-1,f-1,i0, conf=0: [d7926ef7-27aa-4029-a9d0-816772e9939f:192.168.34.62:44705], old=null RUNNING
2019-10-17 08:15:40,563 [d7926ef7-27aa-4029-a9d0-816772e9939f@group-B581561C0086-LeaderElection11] INFO  impl.RaftServerImpl (ServerState.java:setRaftConf(357)) - d7926ef7-27aa-4029-a9d0-816772e9939f@group-B581561C0086: set configuration 0: [d7926ef7-27aa-4029-a9d0-816772e9939f:192.168.34.62:44705], old=null at 0
2019-10-17 08:15:40,563 [9e584dc6-0265-4730-a72b-17c833240a34@group-B80ED2DD9319-LeaderElection1] INFO  impl.RaftServerImpl (ServerState.java:setRaftConf(357)) - 9e584dc6-0265-4730-a72b-17c833240a34@group-B80ED2DD9319: set configuration 0: [9e584dc6-0265-4730-a72b-17c833240a34:192.168.34.62:34940, adef743a-bc0e-4d16-adda-0d38b00cf468:192.168.34.62:36240, d7926ef7-27aa-4029-a9d0-816772e9939f:192.168.34.62:44705], old=null at 0
2019-10-17 08:15:40,564 [grpc-default-executor-3] INFO  impl.RaftServerImpl (ServerState.java:setLeader(256)) - 9e584dc6-0265-4730-a72b-17c833240a34@group-B80ED2DD9319: change Leader from 9e584dc6-0265-4730-a72b-17c833240a34 to null at term 2 for updateCurrentTerm
2019-10-17 08:15:40,564 [grpc-default-executor-3] INFO  impl.RaftServerImpl (RaftServerImpl.java:setRole(184)) - 9e584dc6-0265-4730-a72b-17c833240a34@group-B80ED2DD9319: changes role from    LEADER to FOLLOWER at term 2 for recognizeCandidate:adef743a-bc0e-4d16-adda-0d38b00cf468
2019-10-17 08:15:40,564 [grpc-default-executor-3] INFO  impl.RoleInfo (RoleInfo.java:shutdownLeaderState(104)) - 9e584dc6-0265-4730-a72b-17c833240a34: shutdown LeaderState
2019-10-17 08:15:40,566 [grpc-default-executor-2] INFO  impl.RaftServerImpl (RaftServerImpl.java:lambda$shutdown$3(261)) - d7926ef7-27aa-4029-a9d0-816772e9939f@group-95777FC81C2B: shutdown
2019-10-17 08:15:40,567 [grpc-default-executor-2] INFO  util.JmxRegister (JmxRegister.java:unregister(73)) - Successfully un-registered JMX Bean with object name Ratis:service=RaftServer,group=group-95777FC81C2B,id=d7926ef7-27aa-4029-a9d0-816772e9939f
2019-10-17 08:15:40,567 [grpc-default-executor-2] INFO  impl.RoleInfo (RoleInfo.java:shutdownLeaderState(104)) - d7926ef7-27aa-4029-a9d0-816772e9939f: shutdown LeaderState
2019-10-17 08:15:40,567 [grpc-default-executor-2] INFO  impl.PendingRequests (PendingRequests.java:sendNotLeaderResponses(202)) - d7926ef7-27aa-4029-a9d0-816772e9939f@group-95777FC81C2B-PendingRequests: sendNotLeaderResponses
2019-10-17 08:15:40,567 [grpc-default-executor-3] INFO  impl.PendingRequests (PendingRequests.java:sendNotLeaderResponses(202)) - 9e584dc6-0265-4730-a72b-17c833240a34@group-B80ED2DD9319-PendingRequests: sendNotLeaderResponses
2019-10-17 08:15:40,569 [d7926ef7-27aa-4029-a9d0-816772e9939f@group-97B724006A0F-LeaderElection10] INFO  server.RaftServerConfigKeys (ConfUtils.java:logGet(43)) - raft.server.log.appender.snapshot.chunk.size.max = 16MB (=16777216) (default)
2019-10-17 08:15:40,569 [d7926ef7-27aa-4029-a9d0-816772e9939f@group-97B724006A0F-LeaderElection10] INFO  server.RaftServerConfigKeys (ConfUtils.java:logGet(43)) - raft.server.log.appender.buffer.byte-limit = 33554432 (custom)
2019-10-17 08:15:40,569 [d7926ef7-27aa-4029-a9d0-816772e9939f@group-97B724006A0F-LeaderElection10] INFO  server.RaftServerConfigKeys (ConfUtils.java:logGet(43)) - raft.server.log.appender.buffer.element-limit = 1 (custom)
2019-10-17 08:15:40,570 [d7926ef7-27aa-4029-a9d0-816772e9939f@group-97B724006A0F-LeaderElection10] INFO  grpc.GrpcConfigKeys$Server (ConfUtils.java:logGet(43)) - raft.grpc.server.leader.outstanding.appends.max = 128 (default)
2019-10-17 08:15:40,570 [d7926ef7-27aa-4029-a9d0-816772e9939f@group-97B724006A0F-LeaderElection10] INFO  server.RaftServerConfigKeys (ConfUtils.java:logGet(43)) - raft.server.rpc.request.timeout = 3000ms (default)
2019-10-17 08:15:40,570 [d7926ef7-27aa-4029-a9d0-816772e9939f@group-97B724006A0F-LeaderElection10] INFO  server.RaftServerConfigKeys (ConfUtils.java:logGet(43)) - raft.server.log.appender.install.snapshot.enabled = false (custom)
2019-10-17 08:15:40,570 [grpc-default-executor-2] INFO  impl.StateMachineUpdater (StateMachineUpdater.java:stopAndJoin(136)) - d7926ef7-27aa-4029-a9d0-816772e9939f@group-95777FC81C2B-StateMachineUpdater: set stopIndex = -1
2019-10-17 08:15:40,570 [grpc-default-executor-3] INFO  impl.RoleInfo (RoleInfo.java:updateAndGet(143)) - 9e584dc6-0265-4730-a72b-17c833240a34: start FollowerState
2019-10-17 08:15:40,571 [grpc-default-executor-2] INFO  impl.RaftServerImpl (ServerState.java:close(388)) - d7926ef7-27aa-4029-a9d0-816772e9939f@group-95777FC81C2B: closes. applyIndex: -1
2019-10-17 08:15:40,574 [d7926ef7-27aa-4029-a9d0-816772e9939f@group-97B724006A0F-LeaderElection10] INFO  impl.RoleInfo (RoleInfo.java:updateAndGet(143)) - d7926ef7-27aa-4029-a9d0-816772e9939f: start LeaderState
2019-10-17 08:15:40,574 [d7926ef7-27aa-4029-a9d0-816772e9939f@group-97B724006A0F-LeaderElection10] INFO  segmented.SegmentedRaftLogWorker (SegmentedRaftLogWorker.java:startLogSegment(385)) - d7926ef7-27aa-4029-a9d0-816772e9939f@group-97B724006A0F-SegmentedRaftLogWorker: Starting segment from index:0
2019-10-17 08:15:40,575 [d7926ef7-27aa-4029-a9d0-816772e9939f@group-97B724006A0F-LeaderElection10] INFO  impl.RaftServerImpl (ServerState.java:setRaftConf(357)) - d7926ef7-27aa-4029-a9d0-816772e9939f@group-97B724006A0F: set configuration 0: [9e584dc6-0265-4730-a72b-17c833240a34:192.168.34.62:34940, adef743a-bc0e-4d16-adda-0d38b00cf468:192.168.34.62:36240, d7926ef7-27aa-4029-a9d0-816772e9939f:192.168.34.62:44705], old=null at 0
2019-10-17 08:15:40,575 [org.apache.ratis.server.impl.LogAppender$AppenderDaemon$$Lambda$550/1267365916@64e21d4e] WARN  server.GrpcLogAppender (GrpcLogAppender.java:mayWait(149)) - 9e584dc6-0265-4730-a72b-17c833240a34@group-B80ED2DD9319->d7926ef7-27aa-4029-a9d0-816772e9939f-GrpcLogAppender: Wait interrupted by java.lang.InterruptedException
2019-10-17 08:15:40,575 [org.apache.ratis.server.impl.LogAppender$AppenderDaemon$$Lambda$550/1267365916@657e4df4] WARN  server.GrpcLogAppender (GrpcLogAppender.java:mayWait(149)) - 9e584dc6-0265-4730-a72b-17c833240a34@group-B80ED2DD9319->adef743a-bc0e-4d16-adda-0d38b00cf468-GrpcLogAppender: Wait interrupted by java.lang.InterruptedException
2019-10-17 08:15:40,582 [grpc-default-executor-4] INFO  server.GrpcServerProtocolService (GrpcServerProtocolService.java:onCompleted(113)) - d7926ef7-27aa-4029-a9d0-816772e9939f: Completed APPEND_ENTRIES, lastRequest: null
2019-10-17 08:15:40,582 [grpc-default-executor-6] INFO  server.GrpcServerProtocolService (GrpcServerProtocolService.java:onCompleted(113)) - adef743a-bc0e-4d16-adda-0d38b00cf468: Completed APPEND_ENTRIES, lastRequest: null
2019-10-17 08:15:40,583 [grpc-default-executor-6] INFO  server.GrpcLogAppender (GrpcLogAppender.java:onCompleted(308)) - 9e584dc6-0265-4730-a72b-17c833240a34@group-B80ED2DD9319->adef743a-bc0e-4d16-adda-0d38b00cf468-AppendLogResponseHandler: follower responses appendEntries COMPLETED
2019-10-17 08:15:40,583 [grpc-default-executor-4] INFO  server.GrpcLogAppender (GrpcLogAppender.java:onCompleted(308)) - 9e584dc6-0265-4730-a72b-17c833240a34@group-B80ED2DD9319->d7926ef7-27aa-4029-a9d0-816772e9939f-AppendLogResponseHandler: follower responses appendEntries COMPLETED
2019-10-17 08:15:40,587 [grpc-default-executor-6] INFO  impl.FollowerInfo (FollowerInfo.java:lambda$new$0(51)) - 9e584dc6-0265-4730-a72b-17c833240a34@group-B80ED2DD9319->adef743a-bc0e-4d16-adda-0d38b00cf468: nextIndex: updateUnconditionally 0 -> 0
2019-10-17 08:15:40,587 [grpc-default-executor-4] INFO  impl.FollowerInfo (FollowerInfo.java:lambda$new$0(51)) - 9e584dc6-0265-4730-a72b-17c833240a34@group-B80ED2DD9319->d7926ef7-27aa-4029-a9d0-816772e9939f: nextIndex: updateUnconditionally 0 -> 0
2019-10-17 08:15:40,589 [grpc-default-executor-0] INFO  ratis.XceiverServerRatis (XceiverServerRatis.java:handleLeaderChangedNotification(699)) - Leader change notification received for group: group-97B724006A0F with new leaderId: d7926ef7-27aa-4029-a9d0-816772e9939f
2019-10-17 08:15:40,589 [grpc-default-executor-0] INFO  impl.RaftServerImpl (ServerState.java:setLeader(256)) - adef743a-bc0e-4d16-adda-0d38b00cf468@group-97B724006A0F: change Leader from null to d7926ef7-27aa-4029-a9d0-816772e9939f at term 2 for appendEntries, leader elected after 924ms
2019-10-17 08:15:40,592 [adef743a-bc0e-4d16-adda-0d38b00cf468@group-69AA97A4A626-LeaderElection14] INFO  impl.LeaderElection (LeaderElection.java:askForVotes(178)) - adef743a-bc0e-4d16-adda-0d38b00cf468@group-69AA97A4A626-LeaderElection14: begin an election at term 3 for -1: [9e584dc6-0265-4730-a72b-17c833240a34:192.168.34.62:34940, adef743a-bc0e-4d16-adda-0d38b00cf468:192.168.34.62:36240, d7926ef7-27aa-4029-a9d0-816772e9939f:192.168.34.62:44705], old=null
2019-10-17 08:15:40,593 [9e584dc6-0265-4730-a72b-17c833240a34@group-97B724006A0F-LeaderElection13] INFO  impl.LeaderElection (LeaderElection.java:askForVotes(178)) - 9e584dc6-0265-4730-a72b-17c833240a34@group-97B724006A0F-LeaderElection13: begin an election at term 3 for -1: [9e584dc6-0265-4730-a72b-17c833240a34:192.168.34.62:34940, adef743a-bc0e-4d16-adda-0d38b00cf468:192.168.34.62:36240, d7926ef7-27aa-4029-a9d0-816772e9939f:192.168.34.62:44705], old=null
2019-10-17 08:15:40,593 [adef743a-bc0e-4d16-adda-0d38b00cf468@group-B80ED2DD9319-LeaderElection12] INFO  impl.LeaderElection (LeaderElection.java:askForVotes(178)) - adef743a-bc0e-4d16-adda-0d38b00cf468@group-B80ED2DD9319-LeaderElection12: begin an election at term 3 for -1: [9e584dc6-0265-4730-a72b-17c833240a34:192.168.34.62:34940, adef743a-bc0e-4d16-adda-0d38b00cf468:192.168.34.62:36240, d7926ef7-27aa-4029-a9d0-816772e9939f:192.168.34.62:44705], old=null
2019-10-17 08:15:40,592 [Thread-283] INFO  impl.FollowerState (FollowerState.java:run(108)) - d7926ef7-27aa-4029-a9d0-816772e9939f@group-B80ED2DD9319-FollowerState: change to CANDIDATE, lastRpcTime:38ms, electionTimeout:24ms
2019-10-17 08:15:40,593 [Thread-283] INFO  impl.RoleInfo (RoleInfo.java:shutdownFollowerState(121)) - d7926ef7-27aa-4029-a9d0-816772e9939f: shutdown FollowerState
2019-10-17 08:15:40,593 [Thread-283] INFO  impl.RaftServerImpl (RaftServerImpl.java:setRole(184)) - d7926ef7-27aa-4029-a9d0-816772e9939f@group-B80ED2DD9319: changes role from  FOLLOWER to CANDIDATE at term 2 for changeToCandidate
2019-10-17 08:15:40,593 [Thread-283] INFO  impl.RoleInfo (RoleInfo.java:updateAndGet(143)) - d7926ef7-27aa-4029-a9d0-816772e9939f: start LeaderElection
2019-10-17 08:15:40,599 [Thread-259] INFO  impl.FollowerState (FollowerState.java:run(108)) - adef743a-bc0e-4d16-adda-0d38b00cf468@group-F15EDDB49989-FollowerState: change to CANDIDATE, lastRpcTime:157ms, electionTimeout:156ms
2019-10-17 08:15:40,599 [Thread-259] INFO  impl.RoleInfo (RoleInfo.java:shutdownFollowerState(121)) - adef743a-bc0e-4d16-adda-0d38b00cf468: shutdown FollowerState
2019-10-17 08:15:40,599 [Thread-259] INFO  impl.RaftServerImpl (RaftServerImpl.java:setRole(184)) - adef743a-bc0e-4d16-adda-0d38b00cf468@group-F15EDDB49989: changes role from  FOLLOWER to CANDIDATE at term 2 for changeToCandidate
2019-10-17 08:15:40,599 [Thread-259] INFO  impl.RoleInfo (RoleInfo.java:updateAndGet(143)) - adef743a-bc0e-4d16-adda-0d38b00cf468: start LeaderElection
2019-10-17 08:15:40,604 [Thread-246] INFO  impl.FollowerState (FollowerState.java:run(108)) - d7926ef7-27aa-4029-a9d0-816772e9939f@group-69AA97A4A626-FollowerState: change to CANDIDATE, lastRpcTime:192ms, electionTimeout:191ms
2019-10-17 08:15:40,604 [Thread-246] INFO  impl.RoleInfo (RoleInfo.java:shutdownFollowerState(121)) - d7926ef7-27aa-4029-a9d0-816772e9939f: shutdown FollowerState
2019-10-17 08:15:40,605 [Thread-246] INFO  impl.RaftServerImpl (RaftServerImpl.java:setRole(184)) - d7926ef7-27aa-4029-a9d0-816772e9939f@group-69AA97A4A626: changes role from  FOLLOWER to CANDIDATE at term 0 for changeToCandidate
2019-10-17 08:15:40,606 [Thread-246] INFO  impl.RoleInfo (RoleInfo.java:updateAndGet(143)) - d7926ef7-27aa-4029-a9d0-816772e9939f: start LeaderElection
2019-10-17 08:15:40,608 [grpc-default-executor-3] INFO  impl.RaftServerImpl (RaftServerImpl.java:setRole(184)) - d7926ef7-27aa-4029-a9d0-816772e9939f@group-69AA97A4A626: changes role from CANDIDATE to FOLLOWER at term 3 for recognizeCandidate:adef743a-bc0e-4d16-adda-0d38b00cf468
2019-10-17 08:15:40,608 [grpc-default-executor-0] INFO  impl.RaftServerImpl (RaftServerImpl.java:setRole(184)) - 9e584dc6-0265-4730-a72b-17c833240a34@group-69AA97A4A626: changes role from  FOLLOWER to FOLLOWER at term 3 for recognizeCandidate:adef743a-bc0e-4d16-adda-0d38b00cf468
2019-10-17 08:15:40,608 [grpc-default-executor-3] INFO  impl.RoleInfo (RoleInfo.java:shutdownLeaderElection(134)) - d7926ef7-27aa-4029-a9d0-816772e9939f: shutdown LeaderElection
2019-10-17 08:15:40,608 [grpc-default-executor-0] INFO  impl.RoleInfo (RoleInfo.java:shutdownFollowerState(121)) - 9e584dc6-0265-4730-a72b-17c833240a34: shutdown FollowerState
2019-10-17 08:15:40,608 [grpc-default-executor-5] INFO  impl.RaftServerImpl (RaftServerImpl.java:setRole(184)) - 9e584dc6-0265-4730-a72b-17c833240a34@group-B80ED2DD9319: changes role from  FOLLOWER to FOLLOWER at term 3 for recognizeCandidate:adef743a-bc0e-4d16-adda-0d38b00cf468
2019-10-17 08:15:40,609 [Thread-247] INFO  impl.FollowerState (FollowerState.java:run(117)) - 9e584dc6-0265-4730-a72b-17c833240a34@group-69AA97A4A626-FollowerState was interrupted: java.lang.InterruptedException: sleep interrupted
2019-10-17 08:15:40,609 [grpc-default-executor-0] INFO  impl.RoleInfo (RoleInfo.java:updateAndGet(143)) - 9e584dc6-0265-4730-a72b-17c833240a34: start FollowerState
2019-10-17 08:15:40,608 [grpc-default-executor-3] INFO  impl.RoleInfo (RoleInfo.java:updateAndGet(143)) - d7926ef7-27aa-4029-a9d0-816772e9939f: start FollowerState
2019-10-17 08:15:40,609 [grpc-default-executor-5] INFO  impl.RoleInfo (RoleInfo.java:shutdownFollowerState(121)) - 9e584dc6-0265-4730-a72b-17c833240a34: shutdown FollowerState
2019-10-17 08:15:40,609 [Thread-289] INFO  impl.FollowerState (FollowerState.java:run(117)) - 9e584dc6-0265-4730-a72b-17c833240a34@group-B80ED2DD9319-FollowerState was interrupted: java.lang.InterruptedException: sleep interrupted
2019-10-17 08:15:40,609 [grpc-default-executor-5] INFO  impl.RoleInfo (RoleInfo.java:updateAndGet(143)) - 9e584dc6-0265-4730-a72b-17c833240a34: start FollowerState
2019-10-17 08:15:40,611 [Thread-285] INFO  impl.RaftServerImpl (ServerState.java:setLeader(256)) - d7926ef7-27aa-4029-a9d0-816772e9939f@group-97B724006A0F: change Leader from d7926ef7-27aa-4029-a9d0-816772e9939f to null at term 3 for updateCurrentTerm
2019-10-17 08:15:40,611 [Thread-285] INFO  impl.RaftServerImpl (RaftServerImpl.java:setRole(184)) - d7926ef7-27aa-4029-a9d0-816772e9939f@group-97B724006A0F: changes role from    LEADER to FOLLOWER at term 3 for stepDown
2019-10-17 08:15:40,611 [Thread-285] INFO  impl.RoleInfo (RoleInfo.java:shutdownLeaderState(104)) - d7926ef7-27aa-4029-a9d0-816772e9939f: shutdown LeaderState
2019-10-17 08:15:40,612 [org.apache.ratis.server.impl.LogAppender$AppenderDaemon$$Lambda$550/1267365916@11a62eb8] WARN  server.GrpcLogAppender (GrpcLogAppender.java:mayWait(149)) - d7926ef7-27aa-4029-a9d0-816772e9939f@group-97B724006A0F->9e584dc6-0265-4730-a72b-17c833240a34-GrpcLogAppender: Wait interrupted by java.lang.InterruptedException
2019-10-17 08:15:40,612 [org.apache.ratis.server.impl.LogAppender$AppenderDaemon$$Lambda$550/1267365916@207d7e23] WARN  server.GrpcLogAppender (GrpcLogAppender.java:mayWait(149)) - d7926ef7-27aa-4029-a9d0-816772e9939f@group-97B724006A0F->adef743a-bc0e-4d16-adda-0d38b00cf468-GrpcLogAppender: Wait interrupted by java.lang.InterruptedException
2019-10-17 08:15:40,612 [Thread-285] INFO  impl.PendingRequests (PendingRequests.java:sendNotLeaderResponses(202)) - d7926ef7-27aa-4029-a9d0-816772e9939f@group-97B724006A0F-PendingRequests: sendNotLeaderResponses
2019-10-17 08:15:40,614 [Thread-285] INFO  impl.RoleInfo (RoleInfo.java:updateAndGet(143)) - d7926ef7-27aa-4029-a9d0-816772e9939f: start FollowerState
2019-10-17 08:15:40,615 [grpc-default-executor-6] INFO  server.GrpcServerProtocolService (GrpcServerProtocolService.java:onCompleted(113)) - adef743a-bc0e-4d16-adda-0d38b00cf468: Completed APPEND_ENTRIES, lastRequest: d7926ef7-27aa-4029-a9d0-816772e9939f->adef743a-bc0e-4d16-adda-0d38b00cf468#0-t2, previous=(t:0, i:0), leaderCommit=-1, initializing? false, entries: <empty>
2019-10-17 08:15:40,615 [grpc-default-executor-8] INFO  server.GrpcServerProtocolService (GrpcServerProtocolService.java:onCompleted(113)) - 9e584dc6-0265-4730-a72b-17c833240a34: Completed APPEND_ENTRIES, lastRequest: d7926ef7-27aa-4029-a9d0-816772e9939f->9e584dc6-0265-4730-a72b-17c833240a34#0-t2, previous=(t:0, i:0), leaderCommit=-1, initializing? false, entries: <empty>
2019-10-17 08:15:40,615 [grpc-default-executor-1] INFO  impl.RaftServerImpl (ServerState.java:setLeader(256)) - adef743a-bc0e-4d16-adda-0d38b00cf468@group-97B724006A0F: change Leader from d7926ef7-27aa-4029-a9d0-816772e9939f to null at term 3 for updateCurrentTerm
2019-10-17 08:15:40,615 [grpc-default-executor-1] INFO  impl.RaftServerImpl (RaftServerImpl.java:setRole(184)) - adef743a-bc0e-4d16-adda-0d38b00cf468@group-97B724006A0F: changes role from  FOLLOWER to FOLLOWER at term 3 for recognizeCandidate:9e584dc6-0265-4730-a72b-17c833240a34
2019-10-17 08:15:40,615 [grpc-default-executor-1] INFO  impl.RoleInfo (RoleInfo.java:shutdownFollowerState(121)) - adef743a-bc0e-4d16-adda-0d38b00cf468: shutdown FollowerState
2019-10-17 08:15:40,615 [grpc-default-executor-1] INFO  impl.RoleInfo (RoleInfo.java:updateAndGet(143)) - adef743a-bc0e-4d16-adda-0d38b00cf468: start FollowerState
2019-10-17 08:15:40,615 [grpc-default-executor-8] INFO  server.GrpcLogAppender (GrpcLogAppender.java:onCompleted(308)) - d7926ef7-27aa-4029-a9d0-816772e9939f@group-97B724006A0F->9e584dc6-0265-4730-a72b-17c833240a34-AppendLogResponseHandler: follower responses appendEntries COMPLETED
2019-10-17 08:15:40,615 [Thread-282] INFO  impl.FollowerState (FollowerState.java:run(117)) - adef743a-bc0e-4d16-adda-0d38b00cf468@group-97B724006A0F-FollowerState was interrupted: java.lang.InterruptedException: sleep interrupted
2019-10-17 08:15:40,615 [grpc-default-executor-4] INFO  server.GrpcLogAppender (GrpcLogAppender.java:onCompleted(308)) - d7926ef7-27aa-4029-a9d0-816772e9939f@group-97B724006A0F->adef743a-bc0e-4d16-adda-0d38b00cf468-AppendLogResponseHandler: follower responses appendEntries COMPLETED
2019-10-17 08:15:40,617 [grpc-default-executor-8] INFO  impl.FollowerInfo (FollowerInfo.java:lambda$new$0(51)) - d7926ef7-27aa-4029-a9d0-816772e9939f@group-97B724006A0F->9e584dc6-0265-4730-a72b-17c833240a34: nextIndex: updateUnconditionally 0 -> 0
2019-10-17 08:15:40,617 [grpc-default-executor-4] INFO  impl.FollowerInfo (FollowerInfo.java:lambda$new$0(51)) - d7926ef7-27aa-4029-a9d0-816772e9939f@group-97B724006A0F->adef743a-bc0e-4d16-adda-0d38b00cf468: nextIndex: updateUnconditionally 0 -> 0
2019-10-17 08:15:40,629 [adef743a-bc0e-4d16-adda-0d38b00cf468@group-F15EDDB49989-LeaderElection16] INFO  impl.LeaderElection (LeaderElection.java:askForVotes(178)) - adef743a-bc0e-4d16-adda-0d38b00cf468@group-F15EDDB49989-LeaderElection16: begin an election at term 3 for -1: [9e584dc6-0265-4730-a72b-17c833240a34:192.168.34.62:34940, adef743a-bc0e-4d16-adda-0d38b00cf468:192.168.34.62:36240, d7926ef7-27aa-4029-a9d0-816772e9939f:192.168.34.62:44705], old=null
2019-10-17 08:15:40,629 [d7926ef7-27aa-4029-a9d0-816772e9939f@group-B80ED2DD9319-LeaderElection15] INFO  impl.LeaderElection (LeaderElection.java:askForVotes(178)) - d7926ef7-27aa-4029-a9d0-816772e9939f@group-B80ED2DD9319-LeaderElection15: begin an election at term 3 for -1: [9e584dc6-0265-4730-a72b-17c833240a34:192.168.34.62:34940, adef743a-bc0e-4d16-adda-0d38b00cf468:192.168.34.62:36240, d7926ef7-27aa-4029-a9d0-816772e9939f:192.168.34.62:44705], old=null
2019-10-17 08:15:40,633 [d7926ef7-27aa-4029-a9d0-816772e9939f@group-69AA97A4A626-LeaderElection17] INFO  impl.LeaderElection (LeaderElection.java:askForVotes(178)) - d7926ef7-27aa-4029-a9d0-816772e9939f@group-69AA97A4A626-LeaderElection17: begin an election at term 4 for -1: [9e584dc6-0265-4730-a72b-17c833240a34:192.168.34.62:34940, adef743a-bc0e-4d16-adda-0d38b00cf468:192.168.34.62:36240, d7926ef7-27aa-4029-a9d0-816772e9939f:192.168.34.62:44705], old=null
2019-10-17 08:15:40,633 [grpc-default-executor-9] INFO  impl.RaftServerImpl (RaftServerImpl.java:setRole(184)) - d7926ef7-27aa-4029-a9d0-816772e9939f@group-97B724006A0F: changes role from  FOLLOWER to FOLLOWER at term 3 for recognizeCandidate:9e584dc6-0265-4730-a72b-17c833240a34
2019-10-17 08:15:40,633 [grpc-default-executor-9] INFO  impl.RoleInfo (RoleInfo.java:shutdownFollowerState(121)) - d7926ef7-27aa-4029-a9d0-816772e9939f: shutdown FollowerState
2019-10-17 08:15:40,633 [Thread-305] INFO  impl.FollowerState (FollowerState.java:run(117)) - d7926ef7-27aa-4029-a9d0-816772e9939f@group-97B724006A0F-FollowerState was interrupted: java.lang.InterruptedException: sleep interrupted
2019-10-17 08:15:40,633 [grpc-default-executor-9] INFO  impl.RoleInfo (RoleInfo.java:updateAndGet(143)) - d7926ef7-27aa-4029-a9d0-816772e9939f: start FollowerState
2019-10-17 08:15:40,633 [d7926ef7-27aa-4029-a9d0-816772e9939f@group-69AA97A4A626-LeaderElection17] INFO  impl.LeaderElection (LeaderElection.java:logAndReturn(56)) - d7926ef7-27aa-4029-a9d0-816772e9939f@group-69AA97A4A626-LeaderElection17: Election REJECTED; received 0 response(s) [] and 0 exception(s); d7926ef7-27aa-4029-a9d0-816772e9939f@group-69AA97A4A626:t4, leader=null, voted=d7926ef7-27aa-4029-a9d0-816772e9939f, raftlog=d7926ef7-27aa-4029-a9d0-816772e9939f@group-69AA97A4A626-SegmentedRaftLog:OPENED:c-1,f-1,i0, conf=-1: [9e584dc6-0265-4730-a72b-17c833240a34:192.168.34.62:34940, adef743a-bc0e-4d16-adda-0d38b00cf468:192.168.34.62:36240, d7926ef7-27aa-4029-a9d0-816772e9939f:192.168.34.62:44705], old=null
2019-10-17 08:15:40,635 [Thread-273] INFO  impl.FollowerState (FollowerState.java:run(108)) - 9e584dc6-0265-4730-a72b-17c833240a34@group-F15EDDB49989-FollowerState: change to CANDIDATE, lastRpcTime:133ms, electionTimeout:133ms
2019-10-17 08:15:40,635 [Thread-273] INFO  impl.RoleInfo (RoleInfo.java:shutdownFollowerState(121)) - 9e584dc6-0265-4730-a72b-17c833240a34: shutdown FollowerState
2019-10-17 08:15:40,636 [Thread-273] INFO  impl.RaftServerImpl (RaftServerImpl.java:setRole(184)) - 9e584dc6-0265-4730-a72b-17c833240a34@group-F15EDDB49989: changes role from  FOLLOWER to CANDIDATE at term 2 for changeToCandidate
2019-10-17 08:15:40,636 [Thread-273] INFO  impl.RoleInfo (RoleInfo.java:updateAndGet(143)) - 9e584dc6-0265-4730-a72b-17c833240a34: start LeaderElection
2019-10-17 08:15:40,636 [adef743a-bc0e-4d16-adda-0d38b00cf468@group-69AA97A4A626-LeaderElection14] INFO  impl.LeaderElection (LeaderElection.java:logAndReturn(56)) - adef743a-bc0e-4d16-adda-0d38b00cf468@group-69AA97A4A626-LeaderElection14: Election PASSED; received 1 response(s) [adef743a-bc0e-4d16-adda-0d38b00cf468<-9e584dc6-0265-4730-a72b-17c833240a34#0:OK-t3] and 0 exception(s); adef743a-bc0e-4d16-adda-0d38b00cf468@group-69AA97A4A626:t3, leader=null, voted=adef743a-bc0e-4d16-adda-0d38b00cf468, raftlog=adef743a-bc0e-4d16-adda-0d38b00cf468@group-69AA97A4A626-SegmentedRaftLog:OPENED:c-1,f-1,i0, conf=-1: [9e584dc6-0265-4730-a72b-17c833240a34:192.168.34.62:34940, adef743a-bc0e-4d16-adda-0d38b00cf468:192.168.34.62:36240, d7926ef7-27aa-4029-a9d0-816772e9939f:192.168.34.62:44705], old=null
2019-10-17 08:15:40,636 [adef743a-bc0e-4d16-adda-0d38b00cf468@group-69AA97A4A626-LeaderElection14] INFO  impl.RoleInfo (RoleInfo.java:shutdownLeaderElection(134)) - adef743a-bc0e-4d16-adda-0d38b00cf468: shutdown LeaderElection
2019-10-17 08:15:40,637 [adef743a-bc0e-4d16-adda-0d38b00cf468@group-69AA97A4A626-LeaderElection14] INFO  impl.RaftServerImpl (RaftServerImpl.java:setRole(184)) - adef743a-bc0e-4d16-adda-0d38b00cf468@group-69AA97A4A626: changes role from CANDIDATE to LEADER at term 3 for changeToLeader
2019-10-17 08:15:40,637 [adef743a-bc0e-4d16-adda-0d38b00cf468@group-69AA97A4A626-LeaderElection14] INFO  ratis.XceiverServerRatis (XceiverServerRatis.java:handleLeaderChangedNotification(699)) - Leader change notification received for group: group-69AA97A4A626 with new leaderId: adef743a-bc0e-4d16-adda-0d38b00cf468
2019-10-17 08:15:40,637 [adef743a-bc0e-4d16-adda-0d38b00cf468@group-69AA97A4A626-LeaderElection14] INFO  impl.RaftServerImpl (ServerState.java:setLeader(256)) - adef743a-bc0e-4d16-adda-0d38b00cf468@group-69AA97A4A626: change Leader from null to adef743a-bc0e-4d16-adda-0d38b00cf468 at term 3 for becomeLeader, leader elected after 493ms
2019-10-17 08:15:40,639 [adef743a-bc0e-4d16-adda-0d38b00cf468@group-69AA97A4A626-LeaderElection14] INFO  server.RaftServerConfigKeys (ConfUtils.java:logGet(43)) - raft.server.staging.catchup.gap = 1000 (default)
2019-10-17 08:15:40,639 [adef743a-bc0e-4d16-adda-0d38b00cf468@group-69AA97A4A626-LeaderElection14] INFO  server.RaftServerConfigKeys (ConfUtils.java:logGet(43)) - raft.server.rpc.sleep.time = 25ms (default)
2019-10-17 08:15:40,639 [adef743a-bc0e-4d16-adda-0d38b00cf468@group-69AA97A4A626-LeaderElection14] INFO  server.RaftServerConfigKeys (ConfUtils.java:logGet(43)) - raft.server.write.element-limit = 4096 (default)
2019-10-17 08:15:40,639 [adef743a-bc0e-4d16-adda-0d38b00cf468@group-69AA97A4A626-LeaderElection14] INFO  server.RaftServerConfigKeys (ConfUtils.java:logGet(43)) - raft.server.watch.timeout = 10s (default)
2019-10-17 08:15:40,639 [9e584dc6-0265-4730-a72b-17c833240a34@group-97B724006A0F-LeaderElection13] INFO  impl.LeaderElection (LeaderElection.java:logAndReturn(56)) - 9e584dc6-0265-4730-a72b-17c833240a34@group-97B724006A0F-LeaderElection13: Election PASSED; received 1 response(s) [9e584dc6-0265-4730-a72b-17c833240a34<-adef743a-bc0e-4d16-adda-0d38b00cf468#0:OK-t3] and 0 exception(s); 9e584dc6-0265-4730-a72b-17c833240a34@group-97B724006A0F:t3, leader=null, voted=9e584dc6-0265-4730-a72b-17c833240a34, raftlog=9e584dc6-0265-4730-a72b-17c833240a34@group-97B724006A0F-SegmentedRaftLog:OPENED:c-1,f-1,i0, conf=-1: [9e584dc6-0265-4730-a72b-17c833240a34:192.168.34.62:34940, adef743a-bc0e-4d16-adda-0d38b00cf468:192.168.34.62:36240, d7926ef7-27aa-4029-a9d0-816772e9939f:192.168.34.62:44705], old=null
2019-10-17 08:15:40,639 [adef743a-bc0e-4d16-adda-0d38b00cf468@group-69AA97A4A626-LeaderElection14] INFO  server.RaftServerConfigKeys (ConfUtils.java:logGet(43)) - raft.server.watch.timeout.denomination = 1s (default)
2019-10-17 08:15:40,640 [9e584dc6-0265-4730-a72b-17c833240a34@group-97B724006A0F-LeaderElection13] INFO  impl.RoleInfo (RoleInfo.java:shutdownLeaderElection(134)) - 9e584dc6-0265-4730-a72b-17c833240a34: shutdown LeaderElection
2019-10-17 08:15:40,641 [adef743a-bc0e-4d16-adda-0d38b00cf468@group-69AA97A4A626-LeaderElection14] INFO  server.RaftServerConfigKeys (ConfUtils.java:logGet(43)) - raft.server.watch.element-limit = 65536 (default)
2019-10-17 08:15:40,641 [9e584dc6-0265-4730-a72b-17c833240a34@group-97B724006A0F-LeaderElection13] INFO  impl.RaftServerImpl (RaftServerImpl.java:setRole(184)) - 9e584dc6-0265-4730-a72b-17c833240a34@group-97B724006A0F: changes role from CANDIDATE to LEADER at term 3 for changeToLeader
2019-10-17 08:15:40,642 [9e584dc6-0265-4730-a72b-17c833240a34@group-97B724006A0F-LeaderElection13] INFO  ratis.XceiverServerRatis (XceiverServerRatis.java:handleLeaderChangedNotification(699)) - Leader change notification received for group: group-97B724006A0F with new leaderId: 9e584dc6-0265-4730-a72b-17c833240a34
2019-10-17 08:15:40,642 [9e584dc6-0265-4730-a72b-17c833240a34@group-97B724006A0F-LeaderElection13] INFO  impl.RaftServerImpl (ServerState.java:setLeader(256)) - 9e584dc6-0265-4730-a72b-17c833240a34@group-97B724006A0F: change Leader from null to 9e584dc6-0265-4730-a72b-17c833240a34 at term 3 for becomeLeader, leader elected after 976ms
2019-10-17 08:15:40,643 [9e584dc6-0265-4730-a72b-17c833240a34@group-97B724006A0F-LeaderElection13] INFO  server.RaftServerConfigKeys (ConfUtils.java:logGet(43)) - raft.server.staging.catchup.gap = 1000 (default)
2019-10-17 08:15:40,643 [9e584dc6-0265-4730-a72b-17c833240a34@group-97B724006A0F-LeaderElection13] INFO  server.RaftServerConfigKeys (ConfUtils.java:logGet(43)) - raft.server.rpc.sleep.time = 25ms (default)
2019-10-17 08:15:40,644 [9e584dc6-0265-4730-a72b-17c833240a34@group-97B724006A0F-LeaderElection13] INFO  server.RaftServerConfigKeys (ConfUtils.java:logGet(43)) - raft.server.write.element-limit = 4096 (default)
2019-10-17 08:15:40,644 [9e584dc6-0265-4730-a72b-17c833240a34@group-97B724006A0F-LeaderElection13] INFO  server.RaftServerConfigKeys (ConfUtils.java:logGet(43)) - raft.server.watch.timeout = 10s (default)
2019-10-17 08:15:40,644 [adef743a-bc0e-4d16-adda-0d38b00cf468@group-B80ED2DD9319-LeaderElection12] INFO  impl.LeaderElection (LeaderElection.java:logAndReturn(56)) - adef743a-bc0e-4d16-adda-0d38b00cf468@group-B80ED2DD9319-LeaderElection12: Election REJECTED; received 2 response(s) [adef743a-bc0e-4d16-adda-0d38b00cf468<-9e584dc6-0265-4730-a72b-17c833240a34#0:FAIL-t3, adef743a-bc0e-4d16-adda-0d38b00cf468<-d7926ef7-27aa-4029-a9d0-816772e9939f#0:FAIL-t3] and 0 exception(s); adef743a-bc0e-4d16-adda-0d38b00cf468@group-B80ED2DD9319:t3, leader=null, voted=adef743a-bc0e-4d16-adda-0d38b00cf468, raftlog=adef743a-bc0e-4d16-adda-0d38b00cf468@group-B80ED2DD9319-SegmentedRaftLog:OPENED:c-1,f-1,i0, conf=-1: [9e584dc6-0265-4730-a72b-17c833240a34:192.168.34.62:34940, adef743a-bc0e-4d16-adda-0d38b00cf468:192.168.34.62:36240, d7926ef7-27aa-4029-a9d0-816772e9939f:192.168.34.62:44705], old=null
2019-10-17 08:15:40,644 [9e584dc6-0265-4730-a72b-17c833240a34@group-97B724006A0F-LeaderElection13] INFO  server.RaftServerConfigKeys (ConfUtils.java:logGet(43)) - raft.server.watch.timeout.denomination = 1s (default)
2019-10-17 08:15:40,644 [adef743a-bc0e-4d16-adda-0d38b00cf468@group-B80ED2DD9319-LeaderElection12] INFO  impl.RaftServerImpl (RaftServerImpl.java:setRole(184)) - adef743a-bc0e-4d16-adda-0d38b00cf468@group-B80ED2DD9319: changes role from CANDIDATE to FOLLOWER at term 3 for DISCOVERED_A_NEW_TERM
2019-10-17 08:15:40,646 [9e584dc6-0265-4730-a72b-17c833240a34@group-97B724006A0F-LeaderElection13] INFO  server.RaftServerConfigKeys (ConfUtils.java:logGet(43)) - raft.server.watch.element-limit = 65536 (default)
2019-10-17 08:15:40,646 [adef743a-bc0e-4d16-adda-0d38b00cf468@group-B80ED2DD9319-LeaderElection12] INFO  impl.RoleInfo (RoleInfo.java:shutdownLeaderElection(134)) - adef743a-bc0e-4d16-adda-0d38b00cf468: shutdown LeaderElection
2019-10-17 08:15:40,646 [adef743a-bc0e-4d16-adda-0d38b00cf468@group-B80ED2DD9319-LeaderElection12] INFO  impl.RoleInfo (RoleInfo.java:updateAndGet(143)) - adef743a-bc0e-4d16-adda-0d38b00cf468: start FollowerState
2019-10-17 08:15:40,647 [adef743a-bc0e-4d16-adda-0d38b00cf468@group-69AA97A4A626-LeaderElection14] INFO  server.RaftServerConfigKeys (ConfUtils.java:logGet(43)) - raft.server.log.appender.snapshot.chunk.size.max = 16MB (=16777216) (default)
2019-10-17 08:15:40,648 [adef743a-bc0e-4d16-adda-0d38b00cf468@group-69AA97A4A626-LeaderElection14] INFO  server.RaftServerConfigKeys (ConfUtils.java:logGet(43)) - raft.server.log.appender.buffer.byte-limit = 33554432 (custom)
2019-10-17 08:15:40,648 [grpc-default-executor-7] WARN  server.GrpcServerProtocolService (LogUtils.java:warn(136)) - d7926ef7-27aa-4029-a9d0-816772e9939f: Failed requestVote adef743a-bc0e-4d16-adda-0d38b00cf468->d7926ef7-27aa-4029-a9d0-816772e9939f#0
org.apache.ratis.protocol.GroupMismatchException: d7926ef7-27aa-4029-a9d0-816772e9939f: group-F15EDDB49989 not found.
	at org.apache.ratis.server.impl.RaftServerProxy$ImplMap.get(RaftServerProxy.java:122)
	at org.apache.ratis.server.impl.RaftServerProxy.getImplFuture(RaftServerProxy.java:269)
	at org.apache.ratis.server.impl.RaftServerProxy.getImpl(RaftServerProxy.java:278)
	at org.apache.ratis.server.impl.RaftServerProxy.getImpl(RaftServerProxy.java:273)
	at org.apache.ratis.server.impl.RaftServerProxy.requestVote(RaftServerProxy.java:443)
	at org.apache.ratis.grpc.server.GrpcServerProtocolService.requestVote(GrpcServerProtocolService.java:142)
	at org.apache.ratis.proto.grpc.RaftServerProtocolServiceGrpc$MethodHandlers.invoke(RaftServerProtocolServiceGrpc.java:319)
	at org.apache.ratis.thirdparty.io.grpc.stub.ServerCalls$UnaryServerCallHandler$UnaryServerCallListener.onHalfClose(ServerCalls.java:171)
	at org.apache.ratis.thirdparty.io.grpc.internal.ServerCallImpl$ServerStreamListenerImpl.halfClosed(ServerCallImpl.java:283)
	at org.apache.ratis.thirdparty.io.grpc.internal.ServerImpl$JumpToApplicationThreadServerStreamListener$1HalfClosed.runInContext(ServerImpl.java:710)
	at org.apache.ratis.thirdparty.io.grpc.internal.ContextRunnable.run(ContextRunnable.java:37)
	at org.apache.ratis.thirdparty.io.grpc.internal.SerializingExecutor.run(SerializingExecutor.java:123)
	at java.util.concurrent.ThreadPoolExecutor.runWorker(ThreadPoolExecutor.java:1149)
	at java.util.concurrent.ThreadPoolExecutor$Worker.run(ThreadPoolExecutor.java:624)
	at java.lang.Thread.run(Thread.java:748)
2019-10-17 08:15:40,648 [adef743a-bc0e-4d16-adda-0d38b00cf468@group-69AA97A4A626-LeaderElection14] INFO  server.RaftServerConfigKeys (ConfUtils.java:logGet(43)) - raft.server.log.appender.buffer.element-limit = 1 (custom)
2019-10-17 08:15:40,648 [adef743a-bc0e-4d16-adda-0d38b00cf468@group-69AA97A4A626-LeaderElection14] INFO  grpc.GrpcConfigKeys$Server (ConfUtils.java:logGet(43)) - raft.grpc.server.leader.outstanding.appends.max = 128 (default)
2019-10-17 08:15:40,649 [adef743a-bc0e-4d16-adda-0d38b00cf468@group-69AA97A4A626-LeaderElection14] INFO  server.RaftServerConfigKeys (ConfUtils.java:logGet(43)) - raft.server.rpc.request.timeout = 3000ms (default)
2019-10-17 08:15:40,649 [adef743a-bc0e-4d16-adda-0d38b00cf468@group-69AA97A4A626-LeaderElection14] INFO  server.RaftServerConfigKeys (ConfUtils.java:logGet(43)) - raft.server.log.appender.install.snapshot.enabled = false (custom)
2019-10-17 08:15:40,649 [9e584dc6-0265-4730-a72b-17c833240a34@group-97B724006A0F-LeaderElection13] INFO  server.RaftServerConfigKeys (ConfUtils.java:logGet(43)) - raft.server.log.appender.snapshot.chunk.size.max = 16MB (=16777216) (default)
2019-10-17 08:15:40,649 [9e584dc6-0265-4730-a72b-17c833240a34@group-97B724006A0F-LeaderElection13] INFO  server.RaftServerConfigKeys (ConfUtils.java:logGet(43)) - raft.server.log.appender.buffer.byte-limit = 33554432 (custom)
2019-10-17 08:15:40,649 [9e584dc6-0265-4730-a72b-17c833240a34@group-97B724006A0F-LeaderElection13] INFO  server.RaftServerConfigKeys (ConfUtils.java:logGet(43)) - raft.server.log.appender.buffer.element-limit = 1 (custom)
2019-10-17 08:15:40,649 [9e584dc6-0265-4730-a72b-17c833240a34@group-97B724006A0F-LeaderElection13] INFO  grpc.GrpcConfigKeys$Server (ConfUtils.java:logGet(43)) - raft.grpc.server.leader.outstanding.appends.max = 128 (default)
2019-10-17 08:15:40,649 [9e584dc6-0265-4730-a72b-17c833240a34@group-97B724006A0F-LeaderElection13] INFO  server.RaftServerConfigKeys (ConfUtils.java:logGet(43)) - raft.server.rpc.request.timeout = 3000ms (default)
2019-10-17 08:15:40,650 [9e584dc6-0265-4730-a72b-17c833240a34@group-97B724006A0F-LeaderElection13] INFO  server.RaftServerConfigKeys (ConfUtils.java:logGet(43)) - raft.server.log.appender.install.snapshot.enabled = false (custom)
2019-10-17 08:15:40,650 [adef743a-bc0e-4d16-adda-0d38b00cf468@group-69AA97A4A626-LeaderElection14] INFO  server.RaftServerConfigKeys (ConfUtils.java:logGet(43)) - raft.server.log.appender.snapshot.chunk.size.max = 16MB (=16777216) (default)
2019-10-17 08:15:40,650 [adef743a-bc0e-4d16-adda-0d38b00cf468@group-69AA97A4A626-LeaderElection14] INFO  server.RaftServerConfigKeys (ConfUtils.java:logGet(43)) - raft.server.log.appender.buffer.byte-limit = 33554432 (custom)
2019-10-17 08:15:40,650 [adef743a-bc0e-4d16-adda-0d38b00cf468@group-69AA97A4A626-LeaderElection14] INFO  server.RaftServerConfigKeys (ConfUtils.java:logGet(43)) - raft.server.log.appender.buffer.element-limit = 1 (custom)
2019-10-17 08:15:40,651 [grpc-default-executor-0] INFO  impl.RaftServerImpl (RaftServerImpl.java:setRole(184)) - 9e584dc6-0265-4730-a72b-17c833240a34@group-69AA97A4A626: changes role from  FOLLOWER to FOLLOWER at term 4 for recognizeCandidate:d7926ef7-27aa-4029-a9d0-816772e9939f
2019-10-17 08:15:40,651 [grpc-default-executor-5] INFO  impl.RaftServerImpl (RaftServerImpl.java:setRole(184)) - 9e584dc6-0265-4730-a72b-17c833240a34@group-B80ED2DD9319: changes role from  FOLLOWER to FOLLOWER at term 3 for recognizeCandidate:d7926ef7-27aa-4029-a9d0-816772e9939f
2019-10-17 08:15:40,651 [adef743a-bc0e-4d16-adda-0d38b00cf468@group-69AA97A4A626-LeaderElection14] INFO  grpc.GrpcConfigKeys$Server (ConfUtils.java:logGet(43)) - raft.grpc.server.leader.outstanding.appends.max = 128 (default)
2019-10-17 08:15:40,652 [grpc-default-executor-5] INFO  impl.RoleInfo (RoleInfo.java:shutdownFollowerState(121)) - 9e584dc6-0265-4730-a72b-17c833240a34: shutdown FollowerState
2019-10-17 08:15:40,651 [grpc-default-executor-0] INFO  impl.RoleInfo (RoleInfo.java:shutdownFollowerState(121)) - 9e584dc6-0265-4730-a72b-17c833240a34: shutdown FollowerState
2019-10-17 08:15:40,653 [grpc-default-executor-5] INFO  impl.RoleInfo (RoleInfo.java:updateAndGet(143)) - 9e584dc6-0265-4730-a72b-17c833240a34: start FollowerState
2019-10-17 08:15:40,653 [grpc-default-executor-0] INFO  impl.RoleInfo (RoleInfo.java:updateAndGet(143)) - 9e584dc6-0265-4730-a72b-17c833240a34: start FollowerState
2019-10-17 08:15:40,653 [Thread-304] INFO  impl.FollowerState (FollowerState.java:run(117)) - 9e584dc6-0265-4730-a72b-17c833240a34@group-B80ED2DD9319-FollowerState was interrupted: java.lang.InterruptedException: sleep interrupted
2019-10-17 08:15:40,652 [adef743a-bc0e-4d16-adda-0d38b00cf468@group-69AA97A4A626-LeaderElection14] INFO  server.RaftServerConfigKeys (ConfUtils.java:logGet(43)) - raft.server.rpc.request.timeout = 3000ms (default)
2019-10-17 08:15:40,653 [Thread-303] INFO  impl.FollowerState (FollowerState.java:run(117)) - 9e584dc6-0265-4730-a72b-17c833240a34@group-69AA97A4A626-FollowerState was interrupted: java.lang.InterruptedException: sleep interrupted
2019-10-17 08:15:40,654 [adef743a-bc0e-4d16-adda-0d38b00cf468@group-69AA97A4A626-LeaderElection14] INFO  server.RaftServerConfigKeys (ConfUtils.java:logGet(43)) - raft.server.log.appender.install.snapshot.enabled = false (custom)
2019-10-17 08:15:40,656 [9e584dc6-0265-4730-a72b-17c833240a34@group-97B724006A0F-LeaderElection13] INFO  server.RaftServerConfigKeys (ConfUtils.java:logGet(43)) - raft.server.log.appender.snapshot.chunk.size.max = 16MB (=16777216) (default)
2019-10-17 08:15:40,656 [9e584dc6-0265-4730-a72b-17c833240a34@group-F15EDDB49989-LeaderElection18] INFO  impl.LeaderElection (LeaderElection.java:askForVotes(178)) - 9e584dc6-0265-4730-a72b-17c833240a34@group-F15EDDB49989-LeaderElection18: begin an election at term 3 for -1: [9e584dc6-0265-4730-a72b-17c833240a34:192.168.34.62:34940, adef743a-bc0e-4d16-adda-0d38b00cf468:192.168.34.62:36240, d7926ef7-27aa-4029-a9d0-816772e9939f:192.168.34.62:44705], old=null
2019-10-17 08:15:40,657 [9e584dc6-0265-4730-a72b-17c833240a34@group-97B724006A0F-LeaderElection13] INFO  server.RaftServerConfigKeys (ConfUtils.java:logGet(43)) - raft.server.log.appender.buffer.byte-limit = 33554432 (custom)
2019-10-17 08:15:40,658 [9e584dc6-0265-4730-a72b-17c833240a34@group-97B724006A0F-LeaderElection13] INFO  server.RaftServerConfigKeys (ConfUtils.java:logGet(43)) - raft.server.log.appender.buffer.element-limit = 1 (custom)
2019-10-17 08:15:40,658 [9e584dc6-0265-4730-a72b-17c833240a34@group-97B724006A0F-LeaderElection13] INFO  grpc.GrpcConfigKeys$Server (ConfUtils.java:logGet(43)) - raft.grpc.server.leader.outstanding.appends.max = 128 (default)
2019-10-17 08:15:40,658 [adef743a-bc0e-4d16-adda-0d38b00cf468@group-F15EDDB49989-LeaderElection16] INFO  impl.LeaderElection (LogUtils.java:infoOrTrace(149)) - adef743a-bc0e-4d16-adda-0d38b00cf468@group-F15EDDB49989-LeaderElection16 got exception when requesting votes: {}
java.util.concurrent.ExecutionException: org.apache.ratis.thirdparty.io.grpc.StatusRuntimeException: INTERNAL: d7926ef7-27aa-4029-a9d0-816772e9939f: group-F15EDDB49989 not found.
	at java.util.concurrent.FutureTask.report(FutureTask.java:122)
	at java.util.concurrent.FutureTask.get(FutureTask.java:192)
	at org.apache.ratis.server.impl.LeaderElection.waitForResults(LeaderElection.java:259)
	at org.apache.ratis.server.impl.LeaderElection.askForVotes(LeaderElection.java:197)
	at org.apache.ratis.server.impl.LeaderElection.run(LeaderElection.java:133)
	at java.lang.Thread.run(Thread.java:748)
Caused by: org.apache.ratis.thirdparty.io.grpc.StatusRuntimeException: INTERNAL: d7926ef7-27aa-4029-a9d0-816772e9939f: group-F15EDDB49989 not found.
	at org.apache.ratis.thirdparty.io.grpc.stub.ClientCalls.toStatusRuntimeException(ClientCalls.java:233)
	at org.apache.ratis.thirdparty.io.grpc.stub.ClientCalls.getUnchecked(ClientCalls.java:214)
	at org.apache.ratis.thirdparty.io.grpc.stub.ClientCalls.blockingUnaryCall(ClientCalls.java:139)
	at org.apache.ratis.proto.grpc.RaftServerProtocolServiceGrpc$RaftServerProtocolServiceBlockingStub.requestVote(RaftServerProtocolServiceGrpc.java:265)
	at org.apache.ratis.grpc.server.GrpcServerProtocolClient.requestVote(GrpcServerProtocolClient.java:99)
	at org.apache.ratis.grpc.server.GrpcService.requestVote(GrpcService.java:204)
	at org.apache.ratis.server.impl.LeaderElection.lambda$submitRequests$1(LeaderElection.java:234)
	at java.util.concurrent.FutureTask.run(FutureTask.java:266)
	at java.util.concurrent.Executors$RunnableAdapter.call(Executors.java:511)
	at java.util.concurrent.FutureTask.run(FutureTask.java:266)
	at java.util.concurrent.ThreadPoolExecutor.runWorker(ThreadPoolExecutor.java:1149)
	at java.util.concurrent.ThreadPoolExecutor$Worker.run(ThreadPoolExecutor.java:624)
	... 1 more
2019-10-17 08:15:40,658 [9e584dc6-0265-4730-a72b-17c833240a34@group-97B724006A0F-LeaderElection13] INFO  server.RaftServerConfigKeys (ConfUtils.java:logGet(43)) - raft.server.rpc.request.timeout = 3000ms (default)
2019-10-17 08:15:40,661 [d7926ef7-27aa-4029-a9d0-816772e9939f@group-B80ED2DD9319-LeaderElection15] INFO  impl.LeaderElection (LeaderElection.java:logAndReturn(56)) - d7926ef7-27aa-4029-a9d0-816772e9939f@group-B80ED2DD9319-LeaderElection15: Election REJECTED; received 2 response(s) [d7926ef7-27aa-4029-a9d0-816772e9939f<-9e584dc6-0265-4730-a72b-17c833240a34#0:FAIL-t3, d7926ef7-27aa-4029-a9d0-816772e9939f<-adef743a-bc0e-4d16-adda-0d38b00cf468#0:FAIL-t3] and 0 exception(s); d7926ef7-27aa-4029-a9d0-816772e9939f@group-B80ED2DD9319:t3, leader=null, voted=d7926ef7-27aa-4029-a9d0-816772e9939f, raftlog=d7926ef7-27aa-4029-a9d0-816772e9939f@group-B80ED2DD9319-SegmentedRaftLog:OPENED:c-1,f-1,i0, conf=-1: [9e584dc6-0265-4730-a72b-17c833240a34:192.168.34.62:34940, adef743a-bc0e-4d16-adda-0d38b00cf468:192.168.34.62:36240, d7926ef7-27aa-4029-a9d0-816772e9939f:192.168.34.62:44705], old=null
2019-10-17 08:15:40,661 [9e584dc6-0265-4730-a72b-17c833240a34@group-97B724006A0F-LeaderElection13] INFO  server.RaftServerConfigKeys (ConfUtils.java:logGet(43)) - raft.server.log.appender.install.snapshot.enabled = false (custom)
2019-10-17 08:15:40,661 [adef743a-bc0e-4d16-adda-0d38b00cf468@group-F15EDDB49989-LeaderElection16] INFO  impl.LeaderElection (LeaderElection.java:logAndReturn(56)) - adef743a-bc0e-4d16-adda-0d38b00cf468@group-F15EDDB49989-LeaderElection16: Election REJECTED; received 1 response(s) [adef743a-bc0e-4d16-adda-0d38b00cf468<-9e584dc6-0265-4730-a72b-17c833240a34#0:FAIL-t3] and 1 exception(s); adef743a-bc0e-4d16-adda-0d38b00cf468@group-F15EDDB49989:t3, leader=null, voted=adef743a-bc0e-4d16-adda-0d38b00cf468, raftlog=adef743a-bc0e-4d16-adda-0d38b00cf468@group-F15EDDB49989-SegmentedRaftLog:OPENED:c-1,f-1,i0, conf=-1: [9e584dc6-0265-4730-a72b-17c833240a34:192.168.34.62:34940, adef743a-bc0e-4d16-adda-0d38b00cf468:192.168.34.62:36240, d7926ef7-27aa-4029-a9d0-816772e9939f:192.168.34.62:44705], old=null
2019-10-17 08:15:40,662 [adef743a-bc0e-4d16-adda-0d38b00cf468@group-F15EDDB49989-LeaderElection16] INFO  impl.LeaderElection (LogUtils.java:infoOrTrace(149)) -   Exception 0: {}
java.util.concurrent.ExecutionException: org.apache.ratis.thirdparty.io.grpc.StatusRuntimeException: INTERNAL: d7926ef7-27aa-4029-a9d0-816772e9939f: group-F15EDDB49989 not found.
	at java.util.concurrent.FutureTask.report(FutureTask.java:122)
	at java.util.concurrent.FutureTask.get(FutureTask.java:192)
	at org.apache.ratis.server.impl.LeaderElection.waitForResults(LeaderElection.java:259)
	at org.apache.ratis.server.impl.LeaderElection.askForVotes(LeaderElection.java:197)
	at org.apache.ratis.server.impl.LeaderElection.run(LeaderElection.java:133)
	at java.lang.Thread.run(Thread.java:748)
Caused by: org.apache.ratis.thirdparty.io.grpc.StatusRuntimeException: INTERNAL: d7926ef7-27aa-4029-a9d0-816772e9939f: group-F15EDDB49989 not found.
	at org.apache.ratis.thirdparty.io.grpc.stub.ClientCalls.toStatusRuntimeException(ClientCalls.java:233)
	at org.apache.ratis.thirdparty.io.grpc.stub.ClientCalls.getUnchecked(ClientCalls.java:214)
	at org.apache.ratis.thirdparty.io.grpc.stub.ClientCalls.blockingUnaryCall(ClientCalls.java:139)
	at org.apache.ratis.proto.grpc.RaftServerProtocolServiceGrpc$RaftServerProtocolServiceBlockingStub.requestVote(RaftServerProtocolServiceGrpc.java:265)
	at org.apache.ratis.grpc.server.GrpcServerProtocolClient.requestVote(GrpcServerProtocolClient.java:99)
	at org.apache.ratis.grpc.server.GrpcService.requestVote(GrpcService.java:204)
	at org.apache.ratis.server.impl.LeaderElection.lambda$submitRequests$1(LeaderElection.java:234)
	at java.util.concurrent.FutureTask.run(FutureTask.java:266)
	at java.util.concurrent.Executors$RunnableAdapter.call(Executors.java:511)
	at java.util.concurrent.FutureTask.run(FutureTask.java:266)
	at java.util.concurrent.ThreadPoolExecutor.runWorker(ThreadPoolExecutor.java:1149)
	at java.util.concurrent.ThreadPoolExecutor$Worker.run(ThreadPoolExecutor.java:624)
	... 1 more
2019-10-17 08:15:40,661 [d7926ef7-27aa-4029-a9d0-816772e9939f@group-B80ED2DD9319-LeaderElection15] INFO  impl.RaftServerImpl (RaftServerImpl.java:setRole(184)) - d7926ef7-27aa-4029-a9d0-816772e9939f@group-B80ED2DD9319: changes role from CANDIDATE to FOLLOWER at term 3 for DISCOVERED_A_NEW_TERM
2019-10-17 08:15:40,666 [d7926ef7-27aa-4029-a9d0-816772e9939f@group-B80ED2DD9319-LeaderElection15] INFO  impl.RoleInfo (RoleInfo.java:shutdownLeaderElection(134)) - d7926ef7-27aa-4029-a9d0-816772e9939f: shutdown LeaderElection
2019-10-17 08:15:40,667 [d7926ef7-27aa-4029-a9d0-816772e9939f@group-B80ED2DD9319-LeaderElection15] INFO  impl.RoleInfo (RoleInfo.java:updateAndGet(143)) - d7926ef7-27aa-4029-a9d0-816772e9939f: start FollowerState
2019-10-17 08:15:40,667 [adef743a-bc0e-4d16-adda-0d38b00cf468@group-F15EDDB49989-LeaderElection16] INFO  impl.RaftServerImpl (RaftServerImpl.java:setRole(184)) - adef743a-bc0e-4d16-adda-0d38b00cf468@group-F15EDDB49989: changes role from CANDIDATE to FOLLOWER at term 3 for DISCOVERED_A_NEW_TERM
2019-10-17 08:15:40,669 [adef743a-bc0e-4d16-adda-0d38b00cf468@group-F15EDDB49989-LeaderElection16] INFO  impl.RoleInfo (RoleInfo.java:shutdownLeaderElection(134)) - adef743a-bc0e-4d16-adda-0d38b00cf468: shutdown LeaderElection
2019-10-17 08:15:40,670 [adef743a-bc0e-4d16-adda-0d38b00cf468@group-F15EDDB49989-LeaderElection16] INFO  impl.RoleInfo (RoleInfo.java:updateAndGet(143)) - adef743a-bc0e-4d16-adda-0d38b00cf468: start FollowerState
2019-10-17 08:15:40,670 [adef743a-bc0e-4d16-adda-0d38b00cf468@group-69AA97A4A626-LeaderElection14] INFO  impl.RoleInfo (RoleInfo.java:updateAndGet(143)) - adef743a-bc0e-4d16-adda-0d38b00cf468: start LeaderState
2019-10-17 08:15:40,672 [grpc-default-executor-5] WARN  server.GrpcServerProtocolService (LogUtils.java:warn(136)) - d7926ef7-27aa-4029-a9d0-816772e9939f: Failed requestVote 9e584dc6-0265-4730-a72b-17c833240a34->d7926ef7-27aa-4029-a9d0-816772e9939f#0
org.apache.ratis.protocol.GroupMismatchException: d7926ef7-27aa-4029-a9d0-816772e9939f: group-F15EDDB49989 not found.
	at org.apache.ratis.server.impl.RaftServerProxy$ImplMap.get(RaftServerProxy.java:122)
	at org.apache.ratis.server.impl.RaftServerProxy.getImplFuture(RaftServerProxy.java:269)
	at org.apache.ratis.server.impl.RaftServerProxy.getImpl(RaftServerProxy.java:278)
	at org.apache.ratis.server.impl.RaftServerProxy.getImpl(RaftServerProxy.java:273)
	at org.apache.ratis.server.impl.RaftServerProxy.requestVote(RaftServerProxy.java:443)
	at org.apache.ratis.grpc.server.GrpcServerProtocolService.requestVote(GrpcServerProtocolService.java:142)
	at org.apache.ratis.proto.grpc.RaftServerProtocolServiceGrpc$MethodHandlers.invoke(RaftServerProtocolServiceGrpc.java:319)
	at org.apache.ratis.thirdparty.io.grpc.stub.ServerCalls$UnaryServerCallHandler$UnaryServerCallListener.onHalfClose(ServerCalls.java:171)
	at org.apache.ratis.thirdparty.io.grpc.internal.ServerCallImpl$ServerStreamListenerImpl.halfClosed(ServerCallImpl.java:283)
	at org.apache.ratis.thirdparty.io.grpc.internal.ServerImpl$JumpToApplicationThreadServerStreamListener$1HalfClosed.runInContext(ServerImpl.java:710)
	at org.apache.ratis.thirdparty.io.grpc.internal.ContextRunnable.run(ContextRunnable.java:37)
	at org.apache.ratis.thirdparty.io.grpc.internal.SerializingExecutor.run(SerializingExecutor.java:123)
	at java.util.concurrent.ThreadPoolExecutor.runWorker(ThreadPoolExecutor.java:1149)
	at java.util.concurrent.ThreadPoolExecutor$Worker.run(ThreadPoolExecutor.java:624)
	at java.lang.Thread.run(Thread.java:748)
2019-10-17 08:15:40,672 [adef743a-bc0e-4d16-adda-0d38b00cf468@group-69AA97A4A626-LeaderElection14] INFO  segmented.SegmentedRaftLogWorker (SegmentedRaftLogWorker.java:startLogSegment(385)) - adef743a-bc0e-4d16-adda-0d38b00cf468@group-69AA97A4A626-SegmentedRaftLogWorker: Starting segment from index:0
2019-10-17 08:15:40,674 [adef743a-bc0e-4d16-adda-0d38b00cf468@group-69AA97A4A626-LeaderElection14] INFO  impl.RaftServerImpl (ServerState.java:setRaftConf(357)) - adef743a-bc0e-4d16-adda-0d38b00cf468@group-69AA97A4A626: set configuration 0: [9e584dc6-0265-4730-a72b-17c833240a34:192.168.34.62:34940, adef743a-bc0e-4d16-adda-0d38b00cf468:192.168.34.62:36240, d7926ef7-27aa-4029-a9d0-816772e9939f:192.168.34.62:44705], old=null at 0
2019-10-17 08:15:40,674 [grpc-default-executor-1] INFO  impl.RaftServerImpl (ServerState.java:setLeader(256)) - adef743a-bc0e-4d16-adda-0d38b00cf468@group-69AA97A4A626: change Leader from adef743a-bc0e-4d16-adda-0d38b00cf468 to null at term 4 for updateCurrentTerm
2019-10-17 08:15:40,674 [grpc-default-executor-1] INFO  impl.RaftServerImpl (RaftServerImpl.java:setRole(184)) - adef743a-bc0e-4d16-adda-0d38b00cf468@group-69AA97A4A626: changes role from    LEADER to FOLLOWER at term 4 for recognizeCandidate:d7926ef7-27aa-4029-a9d0-816772e9939f
2019-10-17 08:15:40,674 [grpc-default-executor-1] INFO  impl.RoleInfo (RoleInfo.java:shutdownLeaderState(104)) - adef743a-bc0e-4d16-adda-0d38b00cf468: shutdown LeaderState
2019-10-17 08:15:40,675 [grpc-default-executor-1] INFO  impl.PendingRequests (PendingRequests.java:sendNotLeaderResponses(202)) - adef743a-bc0e-4d16-adda-0d38b00cf468@group-69AA97A4A626-PendingRequests: sendNotLeaderResponses
2019-10-17 08:15:40,675 [org.apache.ratis.server.impl.LogAppender$AppenderDaemon$$Lambda$550/1267365916@418c2ddd] WARN  server.GrpcLogAppender (GrpcLogAppender.java:mayWait(149)) - adef743a-bc0e-4d16-adda-0d38b00cf468@group-69AA97A4A626->9e584dc6-0265-4730-a72b-17c833240a34-GrpcLogAppender: Wait interrupted by java.lang.InterruptedException
2019-10-17 08:15:40,676 [org.apache.ratis.server.impl.LogAppender$AppenderDaemon$$Lambda$550/1267365916@70070f6d] WARN  server.GrpcLogAppender (GrpcLogAppender.java:mayWait(149)) - adef743a-bc0e-4d16-adda-0d38b00cf468@group-69AA97A4A626->d7926ef7-27aa-4029-a9d0-816772e9939f-GrpcLogAppender: Wait interrupted by java.lang.InterruptedException
2019-10-17 08:15:40,676 [9e584dc6-0265-4730-a72b-17c833240a34@group-97B724006A0F-LeaderElection13] INFO  impl.RoleInfo (RoleInfo.java:updateAndGet(143)) - 9e584dc6-0265-4730-a72b-17c833240a34: start LeaderState
2019-10-17 08:15:40,676 [grpc-default-executor-1] INFO  impl.RoleInfo (RoleInfo.java:updateAndGet(143)) - adef743a-bc0e-4d16-adda-0d38b00cf468: start FollowerState
2019-10-17 08:15:40,676 [9e584dc6-0265-4730-a72b-17c833240a34@group-97B724006A0F-LeaderElection13] INFO  segmented.SegmentedRaftLogWorker (SegmentedRaftLogWorker.java:startLogSegment(385)) - 9e584dc6-0265-4730-a72b-17c833240a34@group-97B724006A0F-SegmentedRaftLogWorker: Starting segment from index:0
2019-10-17 08:15:40,676 [grpc-default-executor-5] INFO  server.GrpcServerProtocolService (GrpcServerProtocolService.java:onCompleted(113)) - 9e584dc6-0265-4730-a72b-17c833240a34: Completed APPEND_ENTRIES, lastRequest: null
2019-10-17 08:15:40,677 [9e584dc6-0265-4730-a72b-17c833240a34@group-F15EDDB49989-LeaderElection18] INFO  impl.LeaderElection (LogUtils.java:infoOrTrace(149)) - 9e584dc6-0265-4730-a72b-17c833240a34@group-F15EDDB49989-LeaderElection18 got exception when requesting votes: {}
java.util.concurrent.ExecutionException: org.apache.ratis.thirdparty.io.grpc.StatusRuntimeException: INTERNAL: d7926ef7-27aa-4029-a9d0-816772e9939f: group-F15EDDB49989 not found.
	at java.util.concurrent.FutureTask.report(FutureTask.java:122)
	at java.util.concurrent.FutureTask.get(FutureTask.java:192)
	at org.apache.ratis.server.impl.LeaderElection.waitForResults(LeaderElection.java:259)
	at org.apache.ratis.server.impl.LeaderElection.askForVotes(LeaderElection.java:197)
	at org.apache.ratis.server.impl.LeaderElection.run(LeaderElection.java:133)
	at java.lang.Thread.run(Thread.java:748)
Caused by: org.apache.ratis.thirdparty.io.grpc.StatusRuntimeException: INTERNAL: d7926ef7-27aa-4029-a9d0-816772e9939f: group-F15EDDB49989 not found.
	at org.apache.ratis.thirdparty.io.grpc.stub.ClientCalls.toStatusRuntimeException(ClientCalls.java:233)
	at org.apache.ratis.thirdparty.io.grpc.stub.ClientCalls.getUnchecked(ClientCalls.java:214)
	at org.apache.ratis.thirdparty.io.grpc.stub.ClientCalls.blockingUnaryCall(ClientCalls.java:139)
	at org.apache.ratis.proto.grpc.RaftServerProtocolServiceGrpc$RaftServerProtocolServiceBlockingStub.requestVote(RaftServerProtocolServiceGrpc.java:265)
	at org.apache.ratis.grpc.server.GrpcServerProtocolClient.requestVote(GrpcServerProtocolClient.java:99)
	at org.apache.ratis.grpc.server.GrpcService.requestVote(GrpcService.java:204)
	at org.apache.ratis.server.impl.LeaderElection.lambda$submitRequests$1(LeaderElection.java:234)
	at java.util.concurrent.FutureTask.run(FutureTask.java:266)
	at java.util.concurrent.Executors$RunnableAdapter.call(Executors.java:511)
	at java.util.concurrent.FutureTask.run(FutureTask.java:266)
	at java.util.concurrent.ThreadPoolExecutor.runWorker(ThreadPoolExecutor.java:1149)
	at java.util.concurrent.ThreadPoolExecutor$Worker.run(ThreadPoolExecutor.java:624)
	... 1 more
2019-10-17 08:15:40,678 [grpc-default-executor-9] INFO  server.GrpcLogAppender (GrpcLogAppender.java:onCompleted(308)) - adef743a-bc0e-4d16-adda-0d38b00cf468@group-69AA97A4A626->9e584dc6-0265-4730-a72b-17c833240a34-AppendLogResponseHandler: follower responses appendEntries COMPLETED
2019-10-17 08:15:40,677 [9e584dc6-0265-4730-a72b-17c833240a34@group-97B724006A0F-LeaderElection13] INFO  impl.RaftServerImpl (ServerState.java:setRaftConf(357)) - 9e584dc6-0265-4730-a72b-17c833240a34@group-97B724006A0F: set configuration 0: [9e584dc6-0265-4730-a72b-17c833240a34:192.168.34.62:34940, adef743a-bc0e-4d16-adda-0d38b00cf468:192.168.34.62:36240, d7926ef7-27aa-4029-a9d0-816772e9939f:192.168.34.62:44705], old=null at 0
2019-10-17 08:15:40,677 [grpc-default-executor-0] INFO  server.GrpcServerProtocolService (GrpcServerProtocolService.java:onCompleted(113)) - d7926ef7-27aa-4029-a9d0-816772e9939f: Completed APPEND_ENTRIES, lastRequest: null
2019-10-17 08:15:40,680 [9e584dc6-0265-4730-a72b-17c833240a34@group-F15EDDB49989-LeaderElection18] INFO  impl.LeaderElection (LeaderElection.java:logAndReturn(56)) - 9e584dc6-0265-4730-a72b-17c833240a34@group-F15EDDB49989-LeaderElection18: Election REJECTED; received 1 response(s) [9e584dc6-0265-4730-a72b-17c833240a34<-adef743a-bc0e-4d16-adda-0d38b00cf468#0:FAIL-t3] and 1 exception(s); 9e584dc6-0265-4730-a72b-17c833240a34@group-F15EDDB49989:t3, leader=null, voted=9e584dc6-0265-4730-a72b-17c833240a34, raftlog=9e584dc6-0265-4730-a72b-17c833240a34@group-F15EDDB49989-SegmentedRaftLog:OPENED:c-1,f-1,i0, conf=-1: [9e584dc6-0265-4730-a72b-17c833240a34:192.168.34.62:34940, adef743a-bc0e-4d16-adda-0d38b00cf468:192.168.34.62:36240, d7926ef7-27aa-4029-a9d0-816772e9939f:192.168.34.62:44705], old=null
2019-10-17 08:15:40,680 [9e584dc6-0265-4730-a72b-17c833240a34@group-F15EDDB49989-LeaderElection18] INFO  impl.LeaderElection (LogUtils.java:infoOrTrace(149)) -   Exception 0: {}
java.util.concurrent.ExecutionException: org.apache.ratis.thirdparty.io.grpc.StatusRuntimeException: INTERNAL: d7926ef7-27aa-4029-a9d0-816772e9939f: group-F15EDDB49989 not found.
	at java.util.concurrent.FutureTask.report(FutureTask.java:122)
	at java.util.concurrent.FutureTask.get(FutureTask.java:192)
	at org.apache.ratis.server.impl.LeaderElection.waitForResults(LeaderElection.java:259)
	at org.apache.ratis.server.impl.LeaderElection.askForVotes(LeaderElection.java:197)
	at org.apache.ratis.server.impl.LeaderElection.run(LeaderElection.java:133)
	at java.lang.Thread.run(Thread.java:748)
Caused by: org.apache.ratis.thirdparty.io.grpc.StatusRuntimeException: INTERNAL: d7926ef7-27aa-4029-a9d0-816772e9939f: group-F15EDDB49989 not found.
	at org.apache.ratis.thirdparty.io.grpc.stub.ClientCalls.toStatusRuntimeException(ClientCalls.java:233)
	at org.apache.ratis.thirdparty.io.grpc.stub.ClientCalls.getUnchecked(ClientCalls.java:214)
	at org.apache.ratis.thirdparty.io.grpc.stub.ClientCalls.blockingUnaryCall(ClientCalls.java:139)
	at org.apache.ratis.proto.grpc.RaftServerProtocolServiceGrpc$RaftServerProtocolServiceBlockingStub.requestVote(RaftServerProtocolServiceGrpc.java:265)
	at org.apache.ratis.grpc.server.GrpcServerProtocolClient.requestVote(GrpcServerProtocolClient.java:99)
	at org.apache.ratis.grpc.server.GrpcService.requestVote(GrpcService.java:204)
	at org.apache.ratis.server.impl.LeaderElection.lambda$submitRequests$1(LeaderElection.java:234)
	at java.util.concurrent.FutureTask.run(FutureTask.java:266)
	at java.util.concurrent.Executors$RunnableAdapter.call(Executors.java:511)
	at java.util.concurrent.FutureTask.run(FutureTask.java:266)
	at java.util.concurrent.ThreadPoolExecutor.runWorker(ThreadPoolExecutor.java:1149)
	at java.util.concurrent.ThreadPoolExecutor$Worker.run(ThreadPoolExecutor.java:624)
	... 1 more
2019-10-17 08:15:40,681 [grpc-default-executor-9] INFO  impl.FollowerInfo (FollowerInfo.java:lambda$new$0(51)) - adef743a-bc0e-4d16-adda-0d38b00cf468@group-69AA97A4A626->9e584dc6-0265-4730-a72b-17c833240a34: nextIndex: updateUnconditionally 0 -> 0
2019-10-17 08:15:40,681 [9e584dc6-0265-4730-a72b-17c833240a34@group-F15EDDB49989-LeaderElection18] INFO  impl.RaftServerImpl (RaftServerImpl.java:setRole(184)) - 9e584dc6-0265-4730-a72b-17c833240a34@group-F15EDDB49989: changes role from CANDIDATE to FOLLOWER at term 3 for DISCOVERED_A_NEW_TERM
2019-10-17 08:15:40,682 [9e584dc6-0265-4730-a72b-17c833240a34@group-F15EDDB49989-LeaderElection18] INFO  impl.RoleInfo (RoleInfo.java:shutdownLeaderElection(134)) - 9e584dc6-0265-4730-a72b-17c833240a34: shutdown LeaderElection
2019-10-17 08:15:40,682 [9e584dc6-0265-4730-a72b-17c833240a34@group-F15EDDB49989-LeaderElection18] INFO  impl.RoleInfo (RoleInfo.java:updateAndGet(143)) - 9e584dc6-0265-4730-a72b-17c833240a34: start FollowerState
2019-10-17 08:15:40,683 [grpc-default-executor-9] INFO  ratis.XceiverServerRatis (XceiverServerRatis.java:handleLeaderChangedNotification(699)) - Leader change notification received for group: group-97B724006A0F with new leaderId: 9e584dc6-0265-4730-a72b-17c833240a34
2019-10-17 08:15:40,683 [grpc-default-executor-0] INFO  server.GrpcLogAppender (GrpcLogAppender.java:onCompleted(308)) - adef743a-bc0e-4d16-adda-0d38b00cf468@group-69AA97A4A626->d7926ef7-27aa-4029-a9d0-816772e9939f-AppendLogResponseHandler: follower responses appendEntries COMPLETED
2019-10-17 08:15:40,683 [grpc-default-executor-9] INFO  impl.RaftServerImpl (ServerState.java:setLeader(256)) - adef743a-bc0e-4d16-adda-0d38b00cf468@group-97B724006A0F: change Leader from null to 9e584dc6-0265-4730-a72b-17c833240a34 at term 3 for appendEntries, leader elected after 68ms
2019-10-17 08:15:40,685 [grpc-default-executor-0] INFO  impl.FollowerInfo (FollowerInfo.java:lambda$new$0(51)) - adef743a-bc0e-4d16-adda-0d38b00cf468@group-69AA97A4A626->d7926ef7-27aa-4029-a9d0-816772e9939f: nextIndex: updateUnconditionally 0 -> 0
2019-10-17 08:15:40,685 [grpc-default-executor-1] INFO  ratis.XceiverServerRatis (XceiverServerRatis.java:handleLeaderChangedNotification(699)) - Leader change notification received for group: group-97B724006A0F with new leaderId: 9e584dc6-0265-4730-a72b-17c833240a34
2019-10-17 08:15:40,686 [grpc-default-executor-1] INFO  impl.RaftServerImpl (ServerState.java:setLeader(256)) - d7926ef7-27aa-4029-a9d0-816772e9939f@group-97B724006A0F: change Leader from null to 9e584dc6-0265-4730-a72b-17c833240a34 at term 3 for appendEntries, leader elected after 73ms
2019-10-17 08:15:40,695 [Thread-302] INFO  impl.FollowerState (FollowerState.java:run(108)) - d7926ef7-27aa-4029-a9d0-816772e9939f@group-69AA97A4A626-FollowerState: change to CANDIDATE, lastRpcTime:86ms, electionTimeout:86ms
2019-10-17 08:15:40,695 [Thread-302] INFO  impl.RoleInfo (RoleInfo.java:shutdownFollowerState(121)) - d7926ef7-27aa-4029-a9d0-816772e9939f: shutdown FollowerState
2019-10-17 08:15:40,695 [Thread-302] INFO  impl.RaftServerImpl (RaftServerImpl.java:setRole(184)) - d7926ef7-27aa-4029-a9d0-816772e9939f@group-69AA97A4A626: changes role from  FOLLOWER to CANDIDATE at term 4 for changeToCandidate
2019-10-17 08:15:40,696 [Thread-302] INFO  impl.RoleInfo (RoleInfo.java:updateAndGet(143)) - d7926ef7-27aa-4029-a9d0-816772e9939f: start LeaderElection
2019-10-17 08:15:40,697 [grpc-default-executor-1] INFO  impl.RaftServerImpl (ServerState.java:setRaftConf(357)) - adef743a-bc0e-4d16-adda-0d38b00cf468@group-97B724006A0F: set configuration 0: [9e584dc6-0265-4730-a72b-17c833240a34:192.168.34.62:34940, adef743a-bc0e-4d16-adda-0d38b00cf468:192.168.34.62:36240, d7926ef7-27aa-4029-a9d0-816772e9939f:192.168.34.62:44705], old=null at 0
2019-10-17 08:15:40,697 [grpc-default-executor-9] INFO  impl.RaftServerImpl (ServerState.java:setRaftConf(357)) - d7926ef7-27aa-4029-a9d0-816772e9939f@group-97B724006A0F: set configuration 0: [9e584dc6-0265-4730-a72b-17c833240a34:192.168.34.62:34940, adef743a-bc0e-4d16-adda-0d38b00cf468:192.168.34.62:36240, d7926ef7-27aa-4029-a9d0-816772e9939f:192.168.34.62:44705], old=null at 0
2019-10-17 08:15:40,697 [grpc-default-executor-1] INFO  segmented.SegmentedRaftLogWorker (SegmentedRaftLogWorker.java:startLogSegment(385)) - adef743a-bc0e-4d16-adda-0d38b00cf468@group-97B724006A0F-SegmentedRaftLogWorker: Starting segment from index:0
2019-10-17 08:15:40,701 [grpc-default-executor-9] INFO  segmented.SegmentedRaftLogWorker (SegmentedRaftLogWorker.java:truncate(401)) - d7926ef7-27aa-4029-a9d0-816772e9939f@group-97B724006A0F-SegmentedRaftLogWorker: Truncating segments toTruncate: null
  toDelete: [(0, 0) isOpen? true, length=0, newEndIndex=-1], start index 0
2019-10-17 08:15:40,701 [grpc-default-executor-9] INFO  segmented.SegmentedRaftLogWorker (SegmentedRaftLogWorker.java:startLogSegment(385)) - d7926ef7-27aa-4029-a9d0-816772e9939f@group-97B724006A0F-SegmentedRaftLogWorker: Starting segment from index:0
2019-10-17 08:15:40,718 [d7926ef7-27aa-4029-a9d0-816772e9939f@group-69AA97A4A626-LeaderElection19] INFO  impl.LeaderElection (LeaderElection.java:askForVotes(178)) - d7926ef7-27aa-4029-a9d0-816772e9939f@group-69AA97A4A626-LeaderElection19: begin an election at term 5 for -1: [9e584dc6-0265-4730-a72b-17c833240a34:192.168.34.62:34940, adef743a-bc0e-4d16-adda-0d38b00cf468:192.168.34.62:36240, d7926ef7-27aa-4029-a9d0-816772e9939f:192.168.34.62:44705], old=null
2019-10-17 08:15:40,722 [grpc-default-executor-9] INFO  impl.RaftServerImpl (RaftServerImpl.java:setRole(184)) - adef743a-bc0e-4d16-adda-0d38b00cf468@group-69AA97A4A626: changes role from  FOLLOWER to FOLLOWER at term 5 for recognizeCandidate:d7926ef7-27aa-4029-a9d0-816772e9939f
2019-10-17 08:15:40,722 [grpc-default-executor-9] INFO  impl.RoleInfo (RoleInfo.java:shutdownFollowerState(121)) - adef743a-bc0e-4d16-adda-0d38b00cf468: shutdown FollowerState
2019-10-17 08:15:40,722 [grpc-default-executor-1] INFO  impl.RaftServerImpl (RaftServerImpl.java:setRole(184)) - 9e584dc6-0265-4730-a72b-17c833240a34@group-69AA97A4A626: changes role from  FOLLOWER to FOLLOWER at term 5 for recognizeCandidate:d7926ef7-27aa-4029-a9d0-816772e9939f
2019-10-17 08:15:40,722 [Thread-328] INFO  impl.FollowerState (FollowerState.java:run(117)) - adef743a-bc0e-4d16-adda-0d38b00cf468@group-69AA97A4A626-FollowerState was interrupted: java.lang.InterruptedException: sleep interrupted
2019-10-17 08:15:40,722 [grpc-default-executor-9] INFO  impl.RoleInfo (RoleInfo.java:updateAndGet(143)) - adef743a-bc0e-4d16-adda-0d38b00cf468: start FollowerState
2019-10-17 08:15:40,722 [grpc-default-executor-1] INFO  impl.RoleInfo (RoleInfo.java:shutdownFollowerState(121)) - 9e584dc6-0265-4730-a72b-17c833240a34: shutdown FollowerState
2019-10-17 08:15:40,723 [grpc-default-executor-1] INFO  impl.RoleInfo (RoleInfo.java:updateAndGet(143)) - 9e584dc6-0265-4730-a72b-17c833240a34: start FollowerState
2019-10-17 08:15:40,723 [Thread-322] INFO  impl.FollowerState (FollowerState.java:run(117)) - 9e584dc6-0265-4730-a72b-17c833240a34@group-69AA97A4A626-FollowerState was interrupted: java.lang.InterruptedException: sleep interrupted
2019-10-17 08:15:40,732 [d7926ef7-27aa-4029-a9d0-816772e9939f@group-95777FC81C2B-SegmentedRaftLogWorker] WARN  segmented.SegmentedRaftLogOutputStream (SegmentedRaftLogOutputStream.java:<init>(77)) - Hit IOException while creating log segment /workdir/hadoop-ozone/tools/target/test-dir/MiniOzoneClusterImpl-ff932389-c3c3-49ee-b2aa-92e1f1f07a3e/datanode-0/data/ratis/6a58a868-505c-4ad2-888f-95777fc81c2b/current/log_inprogress_0, delete the partial file.
2019-10-17 08:15:40,732 [grpc-default-executor-2] INFO  segmented.SegmentedRaftLogWorker (SegmentedRaftLogWorker.java:close(224)) - d7926ef7-27aa-4029-a9d0-816772e9939f@group-95777FC81C2B-SegmentedRaftLogWorker close()
2019-10-17 08:15:40,775 [Thread-326] INFO  impl.FollowerState (FollowerState.java:run(108)) - d7926ef7-27aa-4029-a9d0-816772e9939f@group-B80ED2DD9319-FollowerState: change to CANDIDATE, lastRpcTime:108ms, electionTimeout:100ms
2019-10-17 08:15:40,779 [Thread-326] INFO  impl.RoleInfo (RoleInfo.java:shutdownFollowerState(121)) - d7926ef7-27aa-4029-a9d0-816772e9939f: shutdown FollowerState
2019-10-17 08:15:40,779 [Thread-326] INFO  impl.RaftServerImpl (RaftServerImpl.java:setRole(184)) - d7926ef7-27aa-4029-a9d0-816772e9939f@group-B80ED2DD9319: changes role from  FOLLOWER to CANDIDATE at term 3 for changeToCandidate
2019-10-17 08:15:40,779 [Thread-326] INFO  impl.RoleInfo (RoleInfo.java:updateAndGet(143)) - d7926ef7-27aa-4029-a9d0-816772e9939f: start LeaderElection
2019-10-17 08:15:40,781 [d7926ef7-27aa-4029-a9d0-816772e9939f@group-69AA97A4A626-LeaderElection19] INFO  impl.LeaderElection (LeaderElection.java:logAndReturn(56)) - d7926ef7-27aa-4029-a9d0-816772e9939f@group-69AA97A4A626-LeaderElection19: Election PASSED; received 1 response(s) [d7926ef7-27aa-4029-a9d0-816772e9939f<-9e584dc6-0265-4730-a72b-17c833240a34#0:OK-t5] and 0 exception(s); d7926ef7-27aa-4029-a9d0-816772e9939f@group-69AA97A4A626:t5, leader=null, voted=d7926ef7-27aa-4029-a9d0-816772e9939f, raftlog=d7926ef7-27aa-4029-a9d0-816772e9939f@group-69AA97A4A626-SegmentedRaftLog:OPENED:c-1,f-1,i0, conf=-1: [9e584dc6-0265-4730-a72b-17c833240a34:192.168.34.62:34940, adef743a-bc0e-4d16-adda-0d38b00cf468:192.168.34.62:36240, d7926ef7-27aa-4029-a9d0-816772e9939f:192.168.34.62:44705], old=null
2019-10-17 08:15:40,782 [d7926ef7-27aa-4029-a9d0-816772e9939f@group-69AA97A4A626-LeaderElection19] INFO  impl.RoleInfo (RoleInfo.java:shutdownLeaderElection(134)) - d7926ef7-27aa-4029-a9d0-816772e9939f: shutdown LeaderElection
2019-10-17 08:15:40,782 [d7926ef7-27aa-4029-a9d0-816772e9939f@group-69AA97A4A626-LeaderElection19] INFO  impl.RaftServerImpl (RaftServerImpl.java:setRole(184)) - d7926ef7-27aa-4029-a9d0-816772e9939f@group-69AA97A4A626: changes role from CANDIDATE to LEADER at term 5 for changeToLeader
2019-10-17 08:15:40,783 [d7926ef7-27aa-4029-a9d0-816772e9939f@group-69AA97A4A626-LeaderElection19] INFO  ratis.XceiverServerRatis (XceiverServerRatis.java:handleLeaderChangedNotification(699)) - Leader change notification received for group: group-69AA97A4A626 with new leaderId: d7926ef7-27aa-4029-a9d0-816772e9939f
2019-10-17 08:15:40,783 [d7926ef7-27aa-4029-a9d0-816772e9939f@group-69AA97A4A626-LeaderElection19] INFO  impl.RaftServerImpl (ServerState.java:setLeader(256)) - d7926ef7-27aa-4029-a9d0-816772e9939f@group-69AA97A4A626: change Leader from null to d7926ef7-27aa-4029-a9d0-816772e9939f at term 5 for becomeLeader, leader elected after 536ms
2019-10-17 08:15:40,783 [d7926ef7-27aa-4029-a9d0-816772e9939f@group-69AA97A4A626-LeaderElection19] INFO  server.RaftServerConfigKeys (ConfUtils.java:logGet(43)) - raft.server.staging.catchup.gap = 1000 (default)
2019-10-17 08:15:40,784 [d7926ef7-27aa-4029-a9d0-816772e9939f@group-69AA97A4A626-LeaderElection19] INFO  server.RaftServerConfigKeys (ConfUtils.java:logGet(43)) - raft.server.rpc.sleep.time = 25ms (default)
2019-10-17 08:15:40,784 [d7926ef7-27aa-4029-a9d0-816772e9939f@group-69AA97A4A626-LeaderElection19] INFO  server.RaftServerConfigKeys (ConfUtils.java:logGet(43)) - raft.server.write.element-limit = 4096 (default)
2019-10-17 08:15:40,784 [d7926ef7-27aa-4029-a9d0-816772e9939f@group-69AA97A4A626-LeaderElection19] INFO  server.RaftServerConfigKeys (ConfUtils.java:logGet(43)) - raft.server.watch.timeout = 10s (default)
2019-10-17 08:15:40,784 [d7926ef7-27aa-4029-a9d0-816772e9939f@group-69AA97A4A626-LeaderElection19] INFO  server.RaftServerConfigKeys (ConfUtils.java:logGet(43)) - raft.server.watch.timeout.denomination = 1s (default)
2019-10-17 08:15:40,784 [d7926ef7-27aa-4029-a9d0-816772e9939f@group-69AA97A4A626-LeaderElection19] INFO  server.RaftServerConfigKeys (ConfUtils.java:logGet(43)) - raft.server.watch.element-limit = 65536 (default)
2019-10-17 08:15:40,786 [d7926ef7-27aa-4029-a9d0-816772e9939f@group-69AA97A4A626-LeaderElection19] INFO  server.RaftServerConfigKeys (ConfUtils.java:logGet(43)) - raft.server.log.appender.snapshot.chunk.size.max = 16MB (=16777216) (default)
2019-10-17 08:15:40,787 [d7926ef7-27aa-4029-a9d0-816772e9939f@group-69AA97A4A626-LeaderElection19] INFO  server.RaftServerConfigKeys (ConfUtils.java:logGet(43)) - raft.server.log.appender.buffer.byte-limit = 33554432 (custom)
2019-10-17 08:15:40,787 [d7926ef7-27aa-4029-a9d0-816772e9939f@group-69AA97A4A626-LeaderElection19] INFO  server.RaftServerConfigKeys (ConfUtils.java:logGet(43)) - raft.server.log.appender.buffer.element-limit = 1 (custom)
2019-10-17 08:15:40,788 [d7926ef7-27aa-4029-a9d0-816772e9939f@group-69AA97A4A626-LeaderElection19] INFO  grpc.GrpcConfigKeys$Server (ConfUtils.java:logGet(43)) - raft.grpc.server.leader.outstanding.appends.max = 128 (default)
2019-10-17 08:15:40,788 [d7926ef7-27aa-4029-a9d0-816772e9939f@group-69AA97A4A626-LeaderElection19] INFO  server.RaftServerConfigKeys (ConfUtils.java:logGet(43)) - raft.server.rpc.request.timeout = 3000ms (default)
2019-10-17 08:15:40,788 [d7926ef7-27aa-4029-a9d0-816772e9939f@group-69AA97A4A626-LeaderElection19] INFO  server.RaftServerConfigKeys (ConfUtils.java:logGet(43)) - raft.server.log.appender.install.snapshot.enabled = false (custom)
2019-10-17 08:15:40,790 [d7926ef7-27aa-4029-a9d0-816772e9939f@group-69AA97A4A626-LeaderElection19] INFO  server.RaftServerConfigKeys (ConfUtils.java:logGet(43)) - raft.server.log.appender.snapshot.chunk.size.max = 16MB (=16777216) (default)
2019-10-17 08:15:40,790 [d7926ef7-27aa-4029-a9d0-816772e9939f@group-69AA97A4A626-LeaderElection19] INFO  server.RaftServerConfigKeys (ConfUtils.java:logGet(43)) - raft.server.log.appender.buffer.byte-limit = 33554432 (custom)
2019-10-17 08:15:40,790 [d7926ef7-27aa-4029-a9d0-816772e9939f@group-69AA97A4A626-LeaderElection19] INFO  server.RaftServerConfigKeys (ConfUtils.java:logGet(43)) - raft.server.log.appender.buffer.element-limit = 1 (custom)
2019-10-17 08:15:40,790 [d7926ef7-27aa-4029-a9d0-816772e9939f@group-69AA97A4A626-LeaderElection19] INFO  grpc.GrpcConfigKeys$Server (ConfUtils.java:logGet(43)) - raft.grpc.server.leader.outstanding.appends.max = 128 (default)
2019-10-17 08:15:40,790 [d7926ef7-27aa-4029-a9d0-816772e9939f@group-69AA97A4A626-LeaderElection19] INFO  server.RaftServerConfigKeys (ConfUtils.java:logGet(43)) - raft.server.rpc.request.timeout = 3000ms (default)
2019-10-17 08:15:40,790 [d7926ef7-27aa-4029-a9d0-816772e9939f@group-69AA97A4A626-LeaderElection19] INFO  server.RaftServerConfigKeys (ConfUtils.java:logGet(43)) - raft.server.log.appender.install.snapshot.enabled = false (custom)
2019-10-17 08:15:40,791 [grpc-default-executor-2] INFO  impl.RaftServerProxy (RaftServerProxy.java:remove(95)) - d7926ef7-27aa-4029-a9d0-816772e9939f: remove    LEADER d7926ef7-27aa-4029-a9d0-816772e9939f@group-B581561C0086:t1, leader=d7926ef7-27aa-4029-a9d0-816772e9939f, voted=d7926ef7-27aa-4029-a9d0-816772e9939f, raftlog=d7926ef7-27aa-4029-a9d0-816772e9939f@group-B581561C0086-SegmentedRaftLog:OPENED:c-1,f-1,i0, conf=0: [d7926ef7-27aa-4029-a9d0-816772e9939f:192.168.34.62:44705], old=null RUNNING
2019-10-17 08:15:40,792 [grpc-default-executor-2] INFO  impl.RaftServerImpl (RaftServerImpl.java:lambda$shutdown$3(261)) - d7926ef7-27aa-4029-a9d0-816772e9939f@group-B581561C0086: shutdown
2019-10-17 08:15:40,792 [grpc-default-executor-2] INFO  util.JmxRegister (JmxRegister.java:unregister(73)) - Successfully un-registered JMX Bean with object name Ratis:service=RaftServer,group=group-B581561C0086,id=d7926ef7-27aa-4029-a9d0-816772e9939f
2019-10-17 08:15:40,792 [grpc-default-executor-2] INFO  impl.RoleInfo (RoleInfo.java:shutdownLeaderState(104)) - d7926ef7-27aa-4029-a9d0-816772e9939f: shutdown LeaderState
2019-10-17 08:15:40,792 [grpc-default-executor-2] INFO  impl.PendingRequests (PendingRequests.java:sendNotLeaderResponses(202)) - d7926ef7-27aa-4029-a9d0-816772e9939f@group-B581561C0086-PendingRequests: sendNotLeaderResponses
2019-10-17 08:15:40,793 [grpc-default-executor-2] INFO  impl.StateMachineUpdater (StateMachineUpdater.java:stopAndJoin(136)) - d7926ef7-27aa-4029-a9d0-816772e9939f@group-B581561C0086-StateMachineUpdater: set stopIndex = -1
2019-10-17 08:15:40,793 [d7926ef7-27aa-4029-a9d0-816772e9939f@group-69AA97A4A626-LeaderElection19] INFO  impl.RoleInfo (RoleInfo.java:updateAndGet(143)) - d7926ef7-27aa-4029-a9d0-816772e9939f: start LeaderState
2019-10-17 08:15:40,793 [grpc-default-executor-2] INFO  impl.RaftServerImpl (ServerState.java:close(388)) - d7926ef7-27aa-4029-a9d0-816772e9939f@group-B581561C0086: closes. applyIndex: -1
2019-10-17 08:15:40,793 [d7926ef7-27aa-4029-a9d0-816772e9939f@group-69AA97A4A626-LeaderElection19] INFO  segmented.SegmentedRaftLogWorker (SegmentedRaftLogWorker.java:startLogSegment(385)) - d7926ef7-27aa-4029-a9d0-816772e9939f@group-69AA97A4A626-SegmentedRaftLogWorker: Starting segment from index:0
2019-10-17 08:15:40,794 [d7926ef7-27aa-4029-a9d0-816772e9939f@group-69AA97A4A626-LeaderElection19] INFO  impl.RaftServerImpl (ServerState.java:setRaftConf(357)) - d7926ef7-27aa-4029-a9d0-816772e9939f@group-69AA97A4A626: set configuration 0: [9e584dc6-0265-4730-a72b-17c833240a34:192.168.34.62:34940, adef743a-bc0e-4d16-adda-0d38b00cf468:192.168.34.62:36240, d7926ef7-27aa-4029-a9d0-816772e9939f:192.168.34.62:44705], old=null at 0
2019-10-17 08:15:40,796 [grpc-default-executor-1] INFO  ratis.XceiverServerRatis (XceiverServerRatis.java:handleLeaderChangedNotification(699)) - Leader change notification received for group: group-69AA97A4A626 with new leaderId: d7926ef7-27aa-4029-a9d0-816772e9939f
2019-10-17 08:15:40,796 [d7926ef7-27aa-4029-a9d0-816772e9939f@group-97B724006A0F-SegmentedRaftLogWorker] INFO  segmented.SegmentedRaftLogWorker (SegmentedRaftLogWorker.java:execute(576)) - d7926ef7-27aa-4029-a9d0-816772e9939f@group-97B724006A0F-SegmentedRaftLogWorker: created new log segment /workdir/hadoop-ozone/tools/target/test-dir/MiniOzoneClusterImpl-ff932389-c3c3-49ee-b2aa-92e1f1f07a3e/datanode-0/data/ratis/777e2e62-6ee5-4872-aa29-97b724006a0f/current/log_inprogress_0
2019-10-17 08:15:40,796 [adef743a-bc0e-4d16-adda-0d38b00cf468@group-97B724006A0F-SegmentedRaftLogWorker] INFO  segmented.SegmentedRaftLogWorker (SegmentedRaftLogWorker.java:execute(576)) - adef743a-bc0e-4d16-adda-0d38b00cf468@group-97B724006A0F-SegmentedRaftLogWorker: created new log segment /workdir/hadoop-ozone/tools/target/test-dir/MiniOzoneClusterImpl-ff932389-c3c3-49ee-b2aa-92e1f1f07a3e/datanode-2/data/ratis/777e2e62-6ee5-4872-aa29-97b724006a0f/current/log_inprogress_0
2019-10-17 08:15:40,796 [9e584dc6-0265-4730-a72b-17c833240a34@group-B80ED2DD9319-SegmentedRaftLogWorker] INFO  segmented.SegmentedRaftLogWorker (SegmentedRaftLogWorker.java:execute(576)) - 9e584dc6-0265-4730-a72b-17c833240a34@group-B80ED2DD9319-SegmentedRaftLogWorker: created new log segment /workdir/hadoop-ozone/tools/target/test-dir/MiniOzoneClusterImpl-ff932389-c3c3-49ee-b2aa-92e1f1f07a3e/datanode-1/data/ratis/25676598-417e-44a8-a952-b80ed2dd9319/current/log_inprogress_0
2019-10-17 08:15:40,796 [adef743a-bc0e-4d16-adda-0d38b00cf468@group-69AA97A4A626-SegmentedRaftLogWorker] INFO  segmented.SegmentedRaftLogWorker (SegmentedRaftLogWorker.java:execute(576)) - adef743a-bc0e-4d16-adda-0d38b00cf468@group-69AA97A4A626-SegmentedRaftLogWorker: created new log segment /workdir/hadoop-ozone/tools/target/test-dir/MiniOzoneClusterImpl-ff932389-c3c3-49ee-b2aa-92e1f1f07a3e/datanode-2/data/ratis/27656f7b-31f1-4418-a500-69aa97a4a626/current/log_inprogress_0
2019-10-17 08:15:40,796 [9e584dc6-0265-4730-a72b-17c833240a34@group-97B724006A0F-SegmentedRaftLogWorker] INFO  segmented.SegmentedRaftLogWorker (SegmentedRaftLogWorker.java:execute(576)) - 9e584dc6-0265-4730-a72b-17c833240a34@group-97B724006A0F-SegmentedRaftLogWorker: created new log segment /workdir/hadoop-ozone/tools/target/test-dir/MiniOzoneClusterImpl-ff932389-c3c3-49ee-b2aa-92e1f1f07a3e/datanode-1/data/ratis/777e2e62-6ee5-4872-aa29-97b724006a0f/current/log_inprogress_0
2019-10-17 08:15:40,821 [grpc-default-executor-1] INFO  impl.RaftServerImpl (ServerState.java:setLeader(256)) - adef743a-bc0e-4d16-adda-0d38b00cf468@group-69AA97A4A626: change Leader from null to d7926ef7-27aa-4029-a9d0-816772e9939f at term 5 for appendEntries, leader elected after 122ms
2019-10-17 08:15:40,821 [grpc-default-executor-9] INFO  ratis.XceiverServerRatis (XceiverServerRatis.java:handleLeaderChangedNotification(699)) - Leader change notification received for group: group-69AA97A4A626 with new leaderId: d7926ef7-27aa-4029-a9d0-816772e9939f
2019-10-17 08:15:40,820 [d7926ef7-27aa-4029-a9d0-816772e9939f@group-B581561C0086-SegmentedRaftLogWorker] WARN  segmented.SegmentedRaftLogOutputStream (SegmentedRaftLogOutputStream.java:<init>(77)) - Hit IOException while creating log segment /workdir/hadoop-ozone/tools/target/test-dir/MiniOzoneClusterImpl-ff932389-c3c3-49ee-b2aa-92e1f1f07a3e/datanode-0/data/ratis/2e3b7501-b5cb-446a-9d58-b581561c0086/current/log_inprogress_0, delete the partial file.
2019-10-17 08:15:40,822 [grpc-default-executor-9] INFO  impl.RaftServerImpl (ServerState.java:setLeader(256)) - 9e584dc6-0265-4730-a72b-17c833240a34@group-69AA97A4A626: change Leader from null to d7926ef7-27aa-4029-a9d0-816772e9939f at term 5 for appendEntries, leader elected after 675ms
2019-10-17 08:15:40,820 [d7926ef7-27aa-4029-a9d0-816772e9939f@group-B80ED2DD9319-LeaderElection20] INFO  impl.LeaderElection (LeaderElection.java:askForVotes(178)) - d7926ef7-27aa-4029-a9d0-816772e9939f@group-B80ED2DD9319-LeaderElection20: begin an election at term 4 for -1: [9e584dc6-0265-4730-a72b-17c833240a34:192.168.34.62:34940, adef743a-bc0e-4d16-adda-0d38b00cf468:192.168.34.62:36240, d7926ef7-27aa-4029-a9d0-816772e9939f:192.168.34.62:44705], old=null
2019-10-17 08:15:40,823 [grpc-default-executor-2] INFO  segmented.SegmentedRaftLogWorker (SegmentedRaftLogWorker.java:close(224)) - d7926ef7-27aa-4029-a9d0-816772e9939f@group-B581561C0086-SegmentedRaftLogWorker close()
2019-10-17 08:15:40,828 [Thread-317] INFO  impl.FollowerState (FollowerState.java:run(108)) - adef743a-bc0e-4d16-adda-0d38b00cf468@group-B80ED2DD9319-FollowerState: change to CANDIDATE, lastRpcTime:181ms, electionTimeout:181ms
2019-10-17 08:15:40,828 [Thread-317] INFO  impl.RoleInfo (RoleInfo.java:shutdownFollowerState(121)) - adef743a-bc0e-4d16-adda-0d38b00cf468: shutdown FollowerState
2019-10-17 08:15:40,828 [Thread-317] INFO  impl.RaftServerImpl (RaftServerImpl.java:setRole(184)) - adef743a-bc0e-4d16-adda-0d38b00cf468@group-B80ED2DD9319: changes role from  FOLLOWER to CANDIDATE at term 3 for changeToCandidate
2019-10-17 08:15:40,828 [Thread-317] INFO  impl.RoleInfo (RoleInfo.java:updateAndGet(143)) - adef743a-bc0e-4d16-adda-0d38b00cf468: start LeaderElection
2019-10-17 08:15:40,831 [grpc-default-executor-9] INFO  impl.RaftServerImpl (RaftServerImpl.java:setRole(184)) - 9e584dc6-0265-4730-a72b-17c833240a34@group-B80ED2DD9319: changes role from  FOLLOWER to FOLLOWER at term 4 for recognizeCandidate:d7926ef7-27aa-4029-a9d0-816772e9939f
2019-10-17 08:15:40,831 [grpc-default-executor-9] INFO  impl.RoleInfo (RoleInfo.java:shutdownFollowerState(121)) - 9e584dc6-0265-4730-a72b-17c833240a34: shutdown FollowerState
2019-10-17 08:15:40,831 [grpc-default-executor-9] INFO  impl.RoleInfo (RoleInfo.java:updateAndGet(143)) - 9e584dc6-0265-4730-a72b-17c833240a34: start FollowerState
2019-10-17 08:15:40,831 [Thread-321] INFO  impl.FollowerState (FollowerState.java:run(117)) - 9e584dc6-0265-4730-a72b-17c833240a34@group-B80ED2DD9319-FollowerState was interrupted: java.lang.InterruptedException: sleep interrupted
2019-10-17 08:15:40,833 [grpc-default-executor-1] INFO  impl.RaftServerImpl (ServerState.java:setRaftConf(357)) - adef743a-bc0e-4d16-adda-0d38b00cf468@group-69AA97A4A626: set configuration 0: [9e584dc6-0265-4730-a72b-17c833240a34:192.168.34.62:34940, adef743a-bc0e-4d16-adda-0d38b00cf468:192.168.34.62:36240, d7926ef7-27aa-4029-a9d0-816772e9939f:192.168.34.62:44705], old=null at 0
2019-10-17 08:15:40,833 [d7926ef7-27aa-4029-a9d0-816772e9939f@group-97B724006A0F-SegmentedRaftLogWorker] INFO  segmented.SegmentedRaftLogWorker (SegmentedRaftLogWorker.java:execute(640)) - d7926ef7-27aa-4029-a9d0-816772e9939f@group-97B724006A0F-SegmentedRaftLogWorker: Deleted log file /workdir/hadoop-ozone/tools/target/test-dir/MiniOzoneClusterImpl-ff932389-c3c3-49ee-b2aa-92e1f1f07a3e/datanode-0/data/ratis/777e2e62-6ee5-4872-aa29-97b724006a0f/current/log_inprogress_0
2019-10-17 08:15:40,833 [grpc-default-executor-1] INFO  segmented.SegmentedRaftLogWorker (SegmentedRaftLogWorker.java:truncate(401)) - adef743a-bc0e-4d16-adda-0d38b00cf468@group-69AA97A4A626-SegmentedRaftLogWorker: Truncating segments toTruncate: null
  toDelete: [(0, 0) isOpen? true, length=0, newEndIndex=-1], start index 0
2019-10-17 08:15:40,833 [d7926ef7-27aa-4029-a9d0-816772e9939f@group-97B724006A0F-SegmentedRaftLogWorker] INFO  segmented.SegmentedRaftLogWorker (SegmentedRaftLogWorker.java:lambda$new$0(128)) - d7926ef7-27aa-4029-a9d0-816772e9939f@group-97B724006A0F-SegmentedRaftLogWorker: flushIndex: setUnconditionally -1 -> -1
2019-10-17 08:15:40,834 [grpc-default-executor-1] INFO  segmented.SegmentedRaftLogWorker (SegmentedRaftLogWorker.java:startLogSegment(385)) - adef743a-bc0e-4d16-adda-0d38b00cf468@group-69AA97A4A626-SegmentedRaftLogWorker: Starting segment from index:0
2019-10-17 08:15:40,834 [grpc-default-executor-0] INFO  impl.RaftServerImpl (ServerState.java:setRaftConf(357)) - 9e584dc6-0265-4730-a72b-17c833240a34@group-69AA97A4A626: set configuration 0: [9e584dc6-0265-4730-a72b-17c833240a34:192.168.34.62:34940, adef743a-bc0e-4d16-adda-0d38b00cf468:192.168.34.62:36240, d7926ef7-27aa-4029-a9d0-816772e9939f:192.168.34.62:44705], old=null at 0
2019-10-17 08:15:40,835 [grpc-default-executor-0] INFO  segmented.SegmentedRaftLogWorker (SegmentedRaftLogWorker.java:startLogSegment(385)) - 9e584dc6-0265-4730-a72b-17c833240a34@group-69AA97A4A626-SegmentedRaftLogWorker: Starting segment from index:0
2019-10-17 08:15:40,835 [d7926ef7-27aa-4029-a9d0-816772e9939f@group-69AA97A4A626-SegmentedRaftLogWorker] INFO  segmented.SegmentedRaftLogWorker (SegmentedRaftLogWorker.java:execute(576)) - d7926ef7-27aa-4029-a9d0-816772e9939f@group-69AA97A4A626-SegmentedRaftLogWorker: created new log segment /workdir/hadoop-ozone/tools/target/test-dir/MiniOzoneClusterImpl-ff932389-c3c3-49ee-b2aa-92e1f1f07a3e/datanode-0/data/ratis/27656f7b-31f1-4418-a500-69aa97a4a626/current/log_inprogress_0
2019-10-17 08:15:40,865 [d7926ef7-27aa-4029-a9d0-816772e9939f@group-B80ED2DD9319-LeaderElection20] INFO  impl.LeaderElection (LeaderElection.java:logAndReturn(56)) - d7926ef7-27aa-4029-a9d0-816772e9939f@group-B80ED2DD9319-LeaderElection20: Election TIMEOUT; received 0 response(s) [] and 0 exception(s); d7926ef7-27aa-4029-a9d0-816772e9939f@group-B80ED2DD9319:t4, leader=null, voted=d7926ef7-27aa-4029-a9d0-816772e9939f, raftlog=d7926ef7-27aa-4029-a9d0-816772e9939f@group-B80ED2DD9319-SegmentedRaftLog:OPENED:c-1,f-1,i0, conf=-1: [9e584dc6-0265-4730-a72b-17c833240a34:192.168.34.62:34940, adef743a-bc0e-4d16-adda-0d38b00cf468:192.168.34.62:36240, d7926ef7-27aa-4029-a9d0-816772e9939f:192.168.34.62:44705], old=null
2019-10-17 08:15:40,865 [adef743a-bc0e-4d16-adda-0d38b00cf468@group-B80ED2DD9319-LeaderElection21] INFO  impl.LeaderElection (LeaderElection.java:askForVotes(178)) - adef743a-bc0e-4d16-adda-0d38b00cf468@group-B80ED2DD9319-LeaderElection21: begin an election at term 4 for -1: [9e584dc6-0265-4730-a72b-17c833240a34:192.168.34.62:34940, adef743a-bc0e-4d16-adda-0d38b00cf468:192.168.34.62:36240, d7926ef7-27aa-4029-a9d0-816772e9939f:192.168.34.62:44705], old=null
2019-10-17 08:15:40,865 [Thread-331] INFO  impl.FollowerState (FollowerState.java:run(108)) - 9e584dc6-0265-4730-a72b-17c833240a34@group-F15EDDB49989-FollowerState: change to CANDIDATE, lastRpcTime:183ms, electionTimeout:159ms
2019-10-17 08:15:40,904 [d7926ef7-27aa-4029-a9d0-816772e9939f@group-97B724006A0F-SegmentedRaftLogWorker] INFO  segmented.SegmentedRaftLogWorker (SegmentedRaftLogWorker.java:execute(576)) - d7926ef7-27aa-4029-a9d0-816772e9939f@group-97B724006A0F-SegmentedRaftLogWorker: created new log segment /workdir/hadoop-ozone/tools/target/test-dir/MiniOzoneClusterImpl-ff932389-c3c3-49ee-b2aa-92e1f1f07a3e/datanode-0/data/ratis/777e2e62-6ee5-4872-aa29-97b724006a0f/current/log_inprogress_0
2019-10-17 08:15:40,904 [Thread-331] INFO  impl.RoleInfo (RoleInfo.java:shutdownFollowerState(121)) - 9e584dc6-0265-4730-a72b-17c833240a34: shutdown FollowerState
2019-10-17 08:15:40,904 [Thread-327] INFO  impl.FollowerState (FollowerState.java:run(108)) - adef743a-bc0e-4d16-adda-0d38b00cf468@group-F15EDDB49989-FollowerState: change to CANDIDATE, lastRpcTime:234ms, electionTimeout:198ms
2019-10-17 08:15:40,904 [Thread-331] INFO  impl.RaftServerImpl (RaftServerImpl.java:setRole(184)) - 9e584dc6-0265-4730-a72b-17c833240a34@group-F15EDDB49989: changes role from  FOLLOWER to CANDIDATE at term 3 for changeToCandidate
2019-10-17 08:15:40,904 [adef743a-bc0e-4d16-adda-0d38b00cf468@group-69AA97A4A626-SegmentedRaftLogWorker] INFO  segmented.SegmentedRaftLogWorker (SegmentedRaftLogWorker.java:execute(640)) - adef743a-bc0e-4d16-adda-0d38b00cf468@group-69AA97A4A626-SegmentedRaftLogWorker: Deleted log file /workdir/hadoop-ozone/tools/target/test-dir/MiniOzoneClusterImpl-ff932389-c3c3-49ee-b2aa-92e1f1f07a3e/datanode-2/data/ratis/27656f7b-31f1-4418-a500-69aa97a4a626/current/log_inprogress_0
2019-10-17 08:15:40,904 [Thread-327] INFO  impl.RoleInfo (RoleInfo.java:shutdownFollowerState(121)) - adef743a-bc0e-4d16-adda-0d38b00cf468: shutdown FollowerState
2019-10-17 08:15:40,905 [adef743a-bc0e-4d16-adda-0d38b00cf468@group-69AA97A4A626-SegmentedRaftLogWorker] INFO  segmented.SegmentedRaftLogWorker (SegmentedRaftLogWorker.java:lambda$new$0(128)) - adef743a-bc0e-4d16-adda-0d38b00cf468@group-69AA97A4A626-SegmentedRaftLogWorker: flushIndex: setUnconditionally 0 -> -1
2019-10-17 08:15:40,905 [Thread-331] INFO  impl.RoleInfo (RoleInfo.java:updateAndGet(143)) - 9e584dc6-0265-4730-a72b-17c833240a34: start LeaderElection
2019-10-17 08:15:40,905 [Thread-327] INFO  impl.RaftServerImpl (RaftServerImpl.java:setRole(184)) - adef743a-bc0e-4d16-adda-0d38b00cf468@group-F15EDDB49989: changes role from  FOLLOWER to CANDIDATE at term 3 for changeToCandidate
2019-10-17 08:15:40,939 [9e584dc6-0265-4730-a72b-17c833240a34@group-69AA97A4A626-SegmentedRaftLogWorker] INFO  segmented.SegmentedRaftLogWorker (SegmentedRaftLogWorker.java:execute(576)) - 9e584dc6-0265-4730-a72b-17c833240a34@group-69AA97A4A626-SegmentedRaftLogWorker: created new log segment /workdir/hadoop-ozone/tools/target/test-dir/MiniOzoneClusterImpl-ff932389-c3c3-49ee-b2aa-92e1f1f07a3e/datanode-1/data/ratis/27656f7b-31f1-4418-a500-69aa97a4a626/current/log_inprogress_0
2019-10-17 08:15:40,939 [Thread-327] INFO  impl.RoleInfo (RoleInfo.java:updateAndGet(143)) - adef743a-bc0e-4d16-adda-0d38b00cf468: start LeaderElection
2019-10-17 08:15:40,939 [d7926ef7-27aa-4029-a9d0-816772e9939f@group-B80ED2DD9319-LeaderElection20] INFO  impl.LeaderElection (LeaderElection.java:askForVotes(178)) - d7926ef7-27aa-4029-a9d0-816772e9939f@group-B80ED2DD9319-LeaderElection20: begin an election at term 5 for -1: [9e584dc6-0265-4730-a72b-17c833240a34:192.168.34.62:34940, adef743a-bc0e-4d16-adda-0d38b00cf468:192.168.34.62:36240, d7926ef7-27aa-4029-a9d0-816772e9939f:192.168.34.62:44705], old=null
2019-10-17 08:15:40,949 [grpc-default-executor-9] INFO  impl.RaftServerImpl (RaftServerImpl.java:setRole(184)) - adef743a-bc0e-4d16-adda-0d38b00cf468@group-B80ED2DD9319: changes role from CANDIDATE to FOLLOWER at term 5 for recognizeCandidate:d7926ef7-27aa-4029-a9d0-816772e9939f
2019-10-17 08:15:40,949 [grpc-default-executor-2] INFO  impl.RaftServerProxy (RaftServerProxy.java:remove(95)) - d7926ef7-27aa-4029-a9d0-816772e9939f: remove  FOLLOWER d7926ef7-27aa-4029-a9d0-816772e9939f@group-97B724006A0F:t3, leader=9e584dc6-0265-4730-a72b-17c833240a34, voted=null, raftlog=d7926ef7-27aa-4029-a9d0-816772e9939f@group-97B724006A0F-SegmentedRaftLog:OPENED:c-1,f0,i0, conf=0: [9e584dc6-0265-4730-a72b-17c833240a34:192.168.34.62:34940, adef743a-bc0e-4d16-adda-0d38b00cf468:192.168.34.62:36240, d7926ef7-27aa-4029-a9d0-816772e9939f:192.168.34.62:44705], old=null RUNNING
2019-10-17 08:15:40,949 [grpc-default-executor-9] INFO  impl.RoleInfo (RoleInfo.java:shutdownLeaderElection(134)) - adef743a-bc0e-4d16-adda-0d38b00cf468: shutdown LeaderElection
2019-10-17 08:15:40,950 [grpc-default-executor-2] INFO  impl.RaftServerImpl (RaftServerImpl.java:lambda$shutdown$3(261)) - d7926ef7-27aa-4029-a9d0-816772e9939f@group-97B724006A0F: shutdown
2019-10-17 08:15:40,951 [grpc-default-executor-9] INFO  impl.RoleInfo (RoleInfo.java:updateAndGet(143)) - adef743a-bc0e-4d16-adda-0d38b00cf468: start FollowerState
2019-10-17 08:15:40,950 [grpc-default-executor-0] INFO  impl.RaftServerImpl (RaftServerImpl.java:setRole(184)) - 9e584dc6-0265-4730-a72b-17c833240a34@group-B80ED2DD9319: changes role from  FOLLOWER to FOLLOWER at term 5 for recognizeCandidate:d7926ef7-27aa-4029-a9d0-816772e9939f
2019-10-17 08:15:40,951 [grpc-default-executor-2] INFO  util.JmxRegister (JmxRegister.java:unregister(73)) - Successfully un-registered JMX Bean with object name Ratis:service=RaftServer,group=group-97B724006A0F,id=d7926ef7-27aa-4029-a9d0-816772e9939f
2019-10-17 08:15:40,952 [adef743a-bc0e-4d16-adda-0d38b00cf468@group-69AA97A4A626-SegmentedRaftLogWorker] INFO  segmented.SegmentedRaftLogWorker (SegmentedRaftLogWorker.java:execute(576)) - adef743a-bc0e-4d16-adda-0d38b00cf468@group-69AA97A4A626-SegmentedRaftLogWorker: created new log segment /workdir/hadoop-ozone/tools/target/test-dir/MiniOzoneClusterImpl-ff932389-c3c3-49ee-b2aa-92e1f1f07a3e/datanode-2/data/ratis/27656f7b-31f1-4418-a500-69aa97a4a626/current/log_inprogress_0
2019-10-17 08:15:40,951 [grpc-default-executor-0] INFO  impl.RoleInfo (RoleInfo.java:shutdownFollowerState(121)) - 9e584dc6-0265-4730-a72b-17c833240a34: shutdown FollowerState
2019-10-17 08:15:40,952 [9e584dc6-0265-4730-a72b-17c833240a34@group-F15EDDB49989-LeaderElection22] INFO  impl.LeaderElection (LeaderElection.java:askForVotes(178)) - 9e584dc6-0265-4730-a72b-17c833240a34@group-F15EDDB49989-LeaderElection22: begin an election at term 4 for -1: [9e584dc6-0265-4730-a72b-17c833240a34:192.168.34.62:34940, adef743a-bc0e-4d16-adda-0d38b00cf468:192.168.34.62:36240, d7926ef7-27aa-4029-a9d0-816772e9939f:192.168.34.62:44705], old=null
2019-10-17 08:15:40,952 [Thread-352] INFO  impl.FollowerState (FollowerState.java:run(117)) - 9e584dc6-0265-4730-a72b-17c833240a34@group-B80ED2DD9319-FollowerState was interrupted: java.lang.InterruptedException: sleep interrupted
2019-10-17 08:15:40,952 [adef743a-bc0e-4d16-adda-0d38b00cf468@group-F15EDDB49989-LeaderElection23] INFO  impl.LeaderElection (LeaderElection.java:askForVotes(178)) - adef743a-bc0e-4d16-adda-0d38b00cf468@group-F15EDDB49989-LeaderElection23: begin an election at term 4 for -1: [9e584dc6-0265-4730-a72b-17c833240a34:192.168.34.62:34940, adef743a-bc0e-4d16-adda-0d38b00cf468:192.168.34.62:36240, d7926ef7-27aa-4029-a9d0-816772e9939f:192.168.34.62:44705], old=null
2019-10-17 08:15:40,952 [grpc-default-executor-2] INFO  impl.RoleInfo (RoleInfo.java:shutdownFollowerState(121)) - d7926ef7-27aa-4029-a9d0-816772e9939f: shutdown FollowerState
2019-10-17 08:15:40,952 [grpc-default-executor-0] INFO  impl.RoleInfo (RoleInfo.java:updateAndGet(143)) - 9e584dc6-0265-4730-a72b-17c833240a34: start FollowerState
2019-10-17 08:15:40,954 [grpc-default-executor-2] INFO  impl.StateMachineUpdater (StateMachineUpdater.java:stopAndJoin(136)) - d7926ef7-27aa-4029-a9d0-816772e9939f@group-97B724006A0F-StateMachineUpdater: set stopIndex = -1
2019-10-17 08:15:40,961 [Thread-313] INFO  impl.FollowerState (FollowerState.java:run(117)) - d7926ef7-27aa-4029-a9d0-816772e9939f@group-97B724006A0F-FollowerState was interrupted: java.lang.InterruptedException: sleep interrupted
2019-10-17 08:15:40,962 [grpc-default-executor-2] INFO  impl.RaftServerImpl (ServerState.java:close(388)) - d7926ef7-27aa-4029-a9d0-816772e9939f@group-97B724006A0F: closes. applyIndex: -1
2019-10-17 08:15:40,963 [adef743a-bc0e-4d16-adda-0d38b00cf468@group-B80ED2DD9319-LeaderElection21] INFO  impl.LeaderElection (LeaderElection.java:logAndReturn(56)) - adef743a-bc0e-4d16-adda-0d38b00cf468@group-B80ED2DD9319-LeaderElection21: Election DISCOVERED_A_NEW_TERM; received 1 response(s) [adef743a-bc0e-4d16-adda-0d38b00cf468<-d7926ef7-27aa-4029-a9d0-816772e9939f#0:FAIL-t5] and 0 exception(s); adef743a-bc0e-4d16-adda-0d38b00cf468@group-B80ED2DD9319:t5, leader=null, voted=null, raftlog=adef743a-bc0e-4d16-adda-0d38b00cf468@group-B80ED2DD9319-SegmentedRaftLog:OPENED:c-1,f-1,i0, conf=-1: [9e584dc6-0265-4730-a72b-17c833240a34:192.168.34.62:34940, adef743a-bc0e-4d16-adda-0d38b00cf468:192.168.34.62:36240, d7926ef7-27aa-4029-a9d0-816772e9939f:192.168.34.62:44705], old=null
2019-10-17 08:15:40,963 [d7926ef7-27aa-4029-a9d0-816772e9939f@group-97B724006A0F-SegmentedRaftLogWorker] INFO  segmented.SegmentedRaftLogWorker (SegmentedRaftLogWorker.java:run(316)) - d7926ef7-27aa-4029-a9d0-816772e9939f@group-97B724006A0F-SegmentedRaftLogWorker was interrupted, exiting. There are 0 tasks remaining in the queue.
2019-10-17 08:15:40,966 [grpc-default-executor-2] INFO  segmented.SegmentedRaftLogWorker (SegmentedRaftLogWorker.java:close(224)) - d7926ef7-27aa-4029-a9d0-816772e9939f@group-97B724006A0F-SegmentedRaftLogWorker close()
2019-10-17 08:15:40,972 [grpc-default-executor-2] WARN  server.GrpcServerProtocolService (LogUtils.java:warn(136)) - d7926ef7-27aa-4029-a9d0-816772e9939f: Failed requestVote adef743a-bc0e-4d16-adda-0d38b00cf468->d7926ef7-27aa-4029-a9d0-816772e9939f#0
org.apache.ratis.protocol.GroupMismatchException: d7926ef7-27aa-4029-a9d0-816772e9939f: group-F15EDDB49989 not found.
	at org.apache.ratis.server.impl.RaftServerProxy$ImplMap.get(RaftServerProxy.java:122)
	at org.apache.ratis.server.impl.RaftServerProxy.getImplFuture(RaftServerProxy.java:269)
	at org.apache.ratis.server.impl.RaftServerProxy.getImpl(RaftServerProxy.java:278)
	at org.apache.ratis.server.impl.RaftServerProxy.getImpl(RaftServerProxy.java:273)
	at org.apache.ratis.server.impl.RaftServerProxy.requestVote(RaftServerProxy.java:443)
	at org.apache.ratis.grpc.server.GrpcServerProtocolService.requestVote(GrpcServerProtocolService.java:142)
	at org.apache.ratis.proto.grpc.RaftServerProtocolServiceGrpc$MethodHandlers.invoke(RaftServerProtocolServiceGrpc.java:319)
	at org.apache.ratis.thirdparty.io.grpc.stub.ServerCalls$UnaryServerCallHandler$UnaryServerCallListener.onHalfClose(ServerCalls.java:171)
	at org.apache.ratis.thirdparty.io.grpc.internal.ServerCallImpl$ServerStreamListenerImpl.halfClosed(ServerCallImpl.java:283)
	at org.apache.ratis.thirdparty.io.grpc.internal.ServerImpl$JumpToApplicationThreadServerStreamListener$1HalfClosed.runInContext(ServerImpl.java:710)
	at org.apache.ratis.thirdparty.io.grpc.internal.ContextRunnable.run(ContextRunnable.java:37)
	at org.apache.ratis.thirdparty.io.grpc.internal.SerializingExecutor.run(SerializingExecutor.java:123)
	at java.util.concurrent.ThreadPoolExecutor.runWorker(ThreadPoolExecutor.java:1149)
	at java.util.concurrent.ThreadPoolExecutor$Worker.run(ThreadPoolExecutor.java:624)
	at java.lang.Thread.run(Thread.java:748)
2019-10-17 08:15:40,977 [d7926ef7-27aa-4029-a9d0-816772e9939f@group-B80ED2DD9319-LeaderElection20] INFO  impl.LeaderElection (LeaderElection.java:logAndReturn(56)) - d7926ef7-27aa-4029-a9d0-816772e9939f@group-B80ED2DD9319-LeaderElection20: Election REJECTED; received 2 response(s) [d7926ef7-27aa-4029-a9d0-816772e9939f<-9e584dc6-0265-4730-a72b-17c833240a34#0:FAIL-t5, d7926ef7-27aa-4029-a9d0-816772e9939f<-adef743a-bc0e-4d16-adda-0d38b00cf468#0:FAIL-t5] and 0 exception(s); d7926ef7-27aa-4029-a9d0-816772e9939f@group-B80ED2DD9319:t5, leader=null, voted=d7926ef7-27aa-4029-a9d0-816772e9939f, raftlog=d7926ef7-27aa-4029-a9d0-816772e9939f@group-B80ED2DD9319-SegmentedRaftLog:OPENED:c-1,f-1,i0, conf=-1: [9e584dc6-0265-4730-a72b-17c833240a34:192.168.34.62:34940, adef743a-bc0e-4d16-adda-0d38b00cf468:192.168.34.62:36240, d7926ef7-27aa-4029-a9d0-816772e9939f:192.168.34.62:44705], old=null
2019-10-17 08:15:40,977 [grpc-default-executor-0] WARN  server.GrpcServerProtocolService (LogUtils.java:warn(136)) - d7926ef7-27aa-4029-a9d0-816772e9939f: Failed requestVote 9e584dc6-0265-4730-a72b-17c833240a34->d7926ef7-27aa-4029-a9d0-816772e9939f#0
org.apache.ratis.protocol.GroupMismatchException: d7926ef7-27aa-4029-a9d0-816772e9939f: group-F15EDDB49989 not found.
	at org.apache.ratis.server.impl.RaftServerProxy$ImplMap.get(RaftServerProxy.java:122)
	at org.apache.ratis.server.impl.RaftServerProxy.getImplFuture(RaftServerProxy.java:269)
	at org.apache.ratis.server.impl.RaftServerProxy.getImpl(RaftServerProxy.java:278)
	at org.apache.ratis.server.impl.RaftServerProxy.getImpl(RaftServerProxy.java:273)
	at org.apache.ratis.server.impl.RaftServerProxy.requestVote(RaftServerProxy.java:443)
	at org.apache.ratis.grpc.server.GrpcServerProtocolService.requestVote(GrpcServerProtocolService.java:142)
	at org.apache.ratis.proto.grpc.RaftServerProtocolServiceGrpc$MethodHandlers.invoke(RaftServerProtocolServiceGrpc.java:319)
	at org.apache.ratis.thirdparty.io.grpc.stub.ServerCalls$UnaryServerCallHandler$UnaryServerCallListener.onHalfClose(ServerCalls.java:171)
	at org.apache.ratis.thirdparty.io.grpc.internal.ServerCallImpl$ServerStreamListenerImpl.halfClosed(ServerCallImpl.java:283)
	at org.apache.ratis.thirdparty.io.grpc.internal.ServerImpl$JumpToApplicationThreadServerStreamListener$1HalfClosed.runInContext(ServerImpl.java:710)
	at org.apache.ratis.thirdparty.io.grpc.internal.ContextRunnable.run(ContextRunnable.java:37)
	at org.apache.ratis.thirdparty.io.grpc.internal.SerializingExecutor.run(SerializingExecutor.java:123)
	at java.util.concurrent.ThreadPoolExecutor.runWorker(ThreadPoolExecutor.java:1149)
	at java.util.concurrent.ThreadPoolExecutor$Worker.run(ThreadPoolExecutor.java:624)
	at java.lang.Thread.run(Thread.java:748)
2019-10-17 08:15:40,977 [d7926ef7-27aa-4029-a9d0-816772e9939f@group-B80ED2DD9319-LeaderElection20] INFO  impl.RaftServerImpl (RaftServerImpl.java:setRole(184)) - d7926ef7-27aa-4029-a9d0-816772e9939f@group-B80ED2DD9319: changes role from CANDIDATE to FOLLOWER at term 5 for DISCOVERED_A_NEW_TERM
2019-10-17 08:15:40,978 [d7926ef7-27aa-4029-a9d0-816772e9939f@group-B80ED2DD9319-LeaderElection20] INFO  impl.RoleInfo (RoleInfo.java:shutdownLeaderElection(134)) - d7926ef7-27aa-4029-a9d0-816772e9939f: shutdown LeaderElection
2019-10-17 08:15:40,978 [d7926ef7-27aa-4029-a9d0-816772e9939f@group-B80ED2DD9319-LeaderElection20] INFO  impl.RoleInfo (RoleInfo.java:updateAndGet(143)) - d7926ef7-27aa-4029-a9d0-816772e9939f: start FollowerState
2019-10-17 08:15:40,981 [adef743a-bc0e-4d16-adda-0d38b00cf468@group-F15EDDB49989-LeaderElection23] INFO  impl.LeaderElection (LogUtils.java:infoOrTrace(149)) - adef743a-bc0e-4d16-adda-0d38b00cf468@group-F15EDDB49989-LeaderElection23 got exception when requesting votes: {}
java.util.concurrent.ExecutionException: org.apache.ratis.thirdparty.io.grpc.StatusRuntimeException: INTERNAL: d7926ef7-27aa-4029-a9d0-816772e9939f: group-F15EDDB49989 not found.
	at java.util.concurrent.FutureTask.report(FutureTask.java:122)
	at java.util.concurrent.FutureTask.get(FutureTask.java:192)
	at org.apache.ratis.server.impl.LeaderElection.waitForResults(LeaderElection.java:259)
	at org.apache.ratis.server.impl.LeaderElection.askForVotes(LeaderElection.java:197)
	at org.apache.ratis.server.impl.LeaderElection.run(LeaderElection.java:133)
	at java.lang.Thread.run(Thread.java:748)
Caused by: org.apache.ratis.thirdparty.io.grpc.StatusRuntimeException: INTERNAL: d7926ef7-27aa-4029-a9d0-816772e9939f: group-F15EDDB49989 not found.
	at org.apache.ratis.thirdparty.io.grpc.stub.ClientCalls.toStatusRuntimeException(ClientCalls.java:233)
	at org.apache.ratis.thirdparty.io.grpc.stub.ClientCalls.getUnchecked(ClientCalls.java:214)
	at org.apache.ratis.thirdparty.io.grpc.stub.ClientCalls.blockingUnaryCall(ClientCalls.java:139)
	at org.apache.ratis.proto.grpc.RaftServerProtocolServiceGrpc$RaftServerProtocolServiceBlockingStub.requestVote(RaftServerProtocolServiceGrpc.java:265)
	at org.apache.ratis.grpc.server.GrpcServerProtocolClient.requestVote(GrpcServerProtocolClient.java:99)
	at org.apache.ratis.grpc.server.GrpcService.requestVote(GrpcService.java:204)
	at org.apache.ratis.server.impl.LeaderElection.lambda$submitRequests$1(LeaderElection.java:234)
	at java.util.concurrent.FutureTask.run(FutureTask.java:266)
	at java.util.concurrent.Executors$RunnableAdapter.call(Executors.java:511)
	at java.util.concurrent.FutureTask.run(FutureTask.java:266)
	at java.util.concurrent.ThreadPoolExecutor.runWorker(ThreadPoolExecutor.java:1149)
	at java.util.concurrent.ThreadPoolExecutor$Worker.run(ThreadPoolExecutor.java:624)
	... 1 more
2019-10-17 08:15:40,982 [adef743a-bc0e-4d16-adda-0d38b00cf468@group-F15EDDB49989-LeaderElection23] INFO  impl.LeaderElection (LeaderElection.java:logAndReturn(56)) - adef743a-bc0e-4d16-adda-0d38b00cf468@group-F15EDDB49989-LeaderElection23: Election REJECTED; received 1 response(s) [adef743a-bc0e-4d16-adda-0d38b00cf468<-9e584dc6-0265-4730-a72b-17c833240a34#0:FAIL-t4] and 1 exception(s); adef743a-bc0e-4d16-adda-0d38b00cf468@group-F15EDDB49989:t4, leader=null, voted=adef743a-bc0e-4d16-adda-0d38b00cf468, raftlog=adef743a-bc0e-4d16-adda-0d38b00cf468@group-F15EDDB49989-SegmentedRaftLog:OPENED:c-1,f-1,i0, conf=-1: [9e584dc6-0265-4730-a72b-17c833240a34:192.168.34.62:34940, adef743a-bc0e-4d16-adda-0d38b00cf468:192.168.34.62:36240, d7926ef7-27aa-4029-a9d0-816772e9939f:192.168.34.62:44705], old=null
2019-10-17 08:15:40,982 [adef743a-bc0e-4d16-adda-0d38b00cf468@group-F15EDDB49989-LeaderElection23] INFO  impl.LeaderElection (LogUtils.java:infoOrTrace(149)) -   Exception 0: {}
java.util.concurrent.ExecutionException: org.apache.ratis.thirdparty.io.grpc.StatusRuntimeException: INTERNAL: d7926ef7-27aa-4029-a9d0-816772e9939f: group-F15EDDB49989 not found.
	at java.util.concurrent.FutureTask.report(FutureTask.java:122)
	at java.util.concurrent.FutureTask.get(FutureTask.java:192)
	at org.apache.ratis.server.impl.LeaderElection.waitForResults(LeaderElection.java:259)
	at org.apache.ratis.server.impl.LeaderElection.askForVotes(LeaderElection.java:197)
	at org.apache.ratis.server.impl.LeaderElection.run(LeaderElection.java:133)
	at java.lang.Thread.run(Thread.java:748)
Caused by: org.apache.ratis.thirdparty.io.grpc.StatusRuntimeException: INTERNAL: d7926ef7-27aa-4029-a9d0-816772e9939f: group-F15EDDB49989 not found.
	at org.apache.ratis.thirdparty.io.grpc.stub.ClientCalls.toStatusRuntimeException(ClientCalls.java:233)
	at org.apache.ratis.thirdparty.io.grpc.stub.ClientCalls.getUnchecked(ClientCalls.java:214)
	at org.apache.ratis.thirdparty.io.grpc.stub.ClientCalls.blockingUnaryCall(ClientCalls.java:139)
	at org.apache.ratis.proto.grpc.RaftServerProtocolServiceGrpc$RaftServerProtocolServiceBlockingStub.requestVote(RaftServerProtocolServiceGrpc.java:265)
	at org.apache.ratis.grpc.server.GrpcServerProtocolClient.requestVote(GrpcServerProtocolClient.java:99)
	at org.apache.ratis.grpc.server.GrpcService.requestVote(GrpcService.java:204)
	at org.apache.ratis.server.impl.LeaderElection.lambda$submitRequests$1(LeaderElection.java:234)
	at java.util.concurrent.FutureTask.run(FutureTask.java:266)
	at java.util.concurrent.Executors$RunnableAdapter.call(Executors.java:511)
	at java.util.concurrent.FutureTask.run(FutureTask.java:266)
	at java.util.concurrent.ThreadPoolExecutor.runWorker(ThreadPoolExecutor.java:1149)
	at java.util.concurrent.ThreadPoolExecutor$Worker.run(ThreadPoolExecutor.java:624)
	... 1 more
2019-10-17 08:15:40,983 [adef743a-bc0e-4d16-adda-0d38b00cf468@group-F15EDDB49989-LeaderElection23] INFO  impl.RaftServerImpl (RaftServerImpl.java:setRole(184)) - adef743a-bc0e-4d16-adda-0d38b00cf468@group-F15EDDB49989: changes role from CANDIDATE to FOLLOWER at term 4 for DISCOVERED_A_NEW_TERM
2019-10-17 08:15:40,983 [9e584dc6-0265-4730-a72b-17c833240a34@group-F15EDDB49989-LeaderElection22] INFO  impl.LeaderElection (LogUtils.java:infoOrTrace(149)) - 9e584dc6-0265-4730-a72b-17c833240a34@group-F15EDDB49989-LeaderElection22 got exception when requesting votes: {}
java.util.concurrent.ExecutionException: org.apache.ratis.thirdparty.io.grpc.StatusRuntimeException: INTERNAL: d7926ef7-27aa-4029-a9d0-816772e9939f: group-F15EDDB49989 not found.
	at java.util.concurrent.FutureTask.report(FutureTask.java:122)
	at java.util.concurrent.FutureTask.get(FutureTask.java:192)
	at org.apache.ratis.server.impl.LeaderElection.waitForResults(LeaderElection.java:259)
	at org.apache.ratis.server.impl.LeaderElection.askForVotes(LeaderElection.java:197)
	at org.apache.ratis.server.impl.LeaderElection.run(LeaderElection.java:133)
	at java.lang.Thread.run(Thread.java:748)
Caused by: org.apache.ratis.thirdparty.io.grpc.StatusRuntimeException: INTERNAL: d7926ef7-27aa-4029-a9d0-816772e9939f: group-F15EDDB49989 not found.
	at org.apache.ratis.thirdparty.io.grpc.stub.ClientCalls.toStatusRuntimeException(ClientCalls.java:233)
	at org.apache.ratis.thirdparty.io.grpc.stub.ClientCalls.getUnchecked(ClientCalls.java:214)
	at org.apache.ratis.thirdparty.io.grpc.stub.ClientCalls.blockingUnaryCall(ClientCalls.java:139)
	at org.apache.ratis.proto.grpc.RaftServerProtocolServiceGrpc$RaftServerProtocolServiceBlockingStub.requestVote(RaftServerProtocolServiceGrpc.java:265)
	at org.apache.ratis.grpc.server.GrpcServerProtocolClient.requestVote(GrpcServerProtocolClient.java:99)
	at org.apache.ratis.grpc.server.GrpcService.requestVote(GrpcService.java:204)
	at org.apache.ratis.server.impl.LeaderElection.lambda$submitRequests$1(LeaderElection.java:234)
	at java.util.concurrent.FutureTask.run(FutureTask.java:266)
	at java.util.concurrent.Executors$RunnableAdapter.call(Executors.java:511)
	at java.util.concurrent.FutureTask.run(FutureTask.java:266)
	at java.util.concurrent.ThreadPoolExecutor.runWorker(ThreadPoolExecutor.java:1149)
	at java.util.concurrent.ThreadPoolExecutor$Worker.run(ThreadPoolExecutor.java:624)
	... 1 more
2019-10-17 08:15:40,983 [adef743a-bc0e-4d16-adda-0d38b00cf468@group-F15EDDB49989-LeaderElection23] INFO  impl.RoleInfo (RoleInfo.java:shutdownLeaderElection(134)) - adef743a-bc0e-4d16-adda-0d38b00cf468: shutdown LeaderElection
2019-10-17 08:15:40,987 [9e584dc6-0265-4730-a72b-17c833240a34@group-F15EDDB49989-LeaderElection22] INFO  impl.LeaderElection (LeaderElection.java:logAndReturn(56)) - 9e584dc6-0265-4730-a72b-17c833240a34@group-F15EDDB49989-LeaderElection22: Election REJECTED; received 1 response(s) [9e584dc6-0265-4730-a72b-17c833240a34<-adef743a-bc0e-4d16-adda-0d38b00cf468#0:FAIL-t4] and 1 exception(s); 9e584dc6-0265-4730-a72b-17c833240a34@group-F15EDDB49989:t4, leader=null, voted=9e584dc6-0265-4730-a72b-17c833240a34, raftlog=9e584dc6-0265-4730-a72b-17c833240a34@group-F15EDDB49989-SegmentedRaftLog:OPENED:c-1,f-1,i0, conf=-1: [9e584dc6-0265-4730-a72b-17c833240a34:192.168.34.62:34940, adef743a-bc0e-4d16-adda-0d38b00cf468:192.168.34.62:36240, d7926ef7-27aa-4029-a9d0-816772e9939f:192.168.34.62:44705], old=null
2019-10-17 08:15:40,987 [adef743a-bc0e-4d16-adda-0d38b00cf468@group-F15EDDB49989-LeaderElection23] INFO  impl.RoleInfo (RoleInfo.java:updateAndGet(143)) - adef743a-bc0e-4d16-adda-0d38b00cf468: start FollowerState
2019-10-17 08:15:40,987 [9e584dc6-0265-4730-a72b-17c833240a34@group-F15EDDB49989-LeaderElection22] INFO  impl.LeaderElection (LogUtils.java:infoOrTrace(149)) -   Exception 0: {}
java.util.concurrent.ExecutionException: org.apache.ratis.thirdparty.io.grpc.StatusRuntimeException: INTERNAL: d7926ef7-27aa-4029-a9d0-816772e9939f: group-F15EDDB49989 not found.
	at java.util.concurrent.FutureTask.report(FutureTask.java:122)
	at java.util.concurrent.FutureTask.get(FutureTask.java:192)
	at org.apache.ratis.server.impl.LeaderElection.waitForResults(LeaderElection.java:259)
	at org.apache.ratis.server.impl.LeaderElection.askForVotes(LeaderElection.java:197)
	at org.apache.ratis.server.impl.LeaderElection.run(LeaderElection.java:133)
	at java.lang.Thread.run(Thread.java:748)
Caused by: org.apache.ratis.thirdparty.io.grpc.StatusRuntimeException: INTERNAL: d7926ef7-27aa-4029-a9d0-816772e9939f: group-F15EDDB49989 not found.
	at org.apache.ratis.thirdparty.io.grpc.stub.ClientCalls.toStatusRuntimeException(ClientCalls.java:233)
	at org.apache.ratis.thirdparty.io.grpc.stub.ClientCalls.getUnchecked(ClientCalls.java:214)
	at org.apache.ratis.thirdparty.io.grpc.stub.ClientCalls.blockingUnaryCall(ClientCalls.java:139)
	at org.apache.ratis.proto.grpc.RaftServerProtocolServiceGrpc$RaftServerProtocolServiceBlockingStub.requestVote(RaftServerProtocolServiceGrpc.java:265)
	at org.apache.ratis.grpc.server.GrpcServerProtocolClient.requestVote(GrpcServerProtocolClient.java:99)
	at org.apache.ratis.grpc.server.GrpcService.requestVote(GrpcService.java:204)
	at org.apache.ratis.server.impl.LeaderElection.lambda$submitRequests$1(LeaderElection.java:234)
	at java.util.concurrent.FutureTask.run(FutureTask.java:266)
	at java.util.concurrent.Executors$RunnableAdapter.call(Executors.java:511)
	at java.util.concurrent.FutureTask.run(FutureTask.java:266)
	at java.util.concurrent.ThreadPoolExecutor.runWorker(ThreadPoolExecutor.java:1149)
	at java.util.concurrent.ThreadPoolExecutor$Worker.run(ThreadPoolExecutor.java:624)
	... 1 more
2019-10-17 08:15:40,988 [9e584dc6-0265-4730-a72b-17c833240a34@group-F15EDDB49989-LeaderElection22] INFO  impl.RaftServerImpl (RaftServerImpl.java:setRole(184)) - 9e584dc6-0265-4730-a72b-17c833240a34@group-F15EDDB49989: changes role from CANDIDATE to FOLLOWER at term 4 for DISCOVERED_A_NEW_TERM
2019-10-17 08:15:40,989 [9e584dc6-0265-4730-a72b-17c833240a34@group-F15EDDB49989-LeaderElection22] INFO  impl.RoleInfo (RoleInfo.java:shutdownLeaderElection(134)) - 9e584dc6-0265-4730-a72b-17c833240a34: shutdown LeaderElection
2019-10-17 08:15:40,989 [9e584dc6-0265-4730-a72b-17c833240a34@group-F15EDDB49989-LeaderElection22] INFO  impl.RoleInfo (RoleInfo.java:updateAndGet(143)) - 9e584dc6-0265-4730-a72b-17c833240a34: start FollowerState
2019-10-17 08:15:40,990 [grpc-default-executor-9] INFO  impl.RaftServerProxy (RaftServerProxy.java:remove(95)) - d7926ef7-27aa-4029-a9d0-816772e9939f: remove    LEADER d7926ef7-27aa-4029-a9d0-816772e9939f@group-69AA97A4A626:t5, leader=d7926ef7-27aa-4029-a9d0-816772e9939f, voted=d7926ef7-27aa-4029-a9d0-816772e9939f, raftlog=d7926ef7-27aa-4029-a9d0-816772e9939f@group-69AA97A4A626-SegmentedRaftLog:OPENED:c0,f0,i0, conf=0: [9e584dc6-0265-4730-a72b-17c833240a34:192.168.34.62:34940, adef743a-bc0e-4d16-adda-0d38b00cf468:192.168.34.62:36240, d7926ef7-27aa-4029-a9d0-816772e9939f:192.168.34.62:44705], old=null RUNNING
2019-10-17 08:15:40,990 [grpc-default-executor-9] INFO  impl.RaftServerImpl (RaftServerImpl.java:lambda$shutdown$3(261)) - d7926ef7-27aa-4029-a9d0-816772e9939f@group-69AA97A4A626: shutdown
2019-10-17 08:15:40,990 [grpc-default-executor-9] INFO  util.JmxRegister (JmxRegister.java:unregister(73)) - Successfully un-registered JMX Bean with object name Ratis:service=RaftServer,group=group-69AA97A4A626,id=d7926ef7-27aa-4029-a9d0-816772e9939f
2019-10-17 08:15:40,990 [grpc-default-executor-9] INFO  impl.RoleInfo (RoleInfo.java:shutdownLeaderState(104)) - d7926ef7-27aa-4029-a9d0-816772e9939f: shutdown LeaderState
2019-10-17 08:15:40,992 [grpc-default-executor-9] INFO  impl.PendingRequests (PendingRequests.java:sendNotLeaderResponses(202)) - d7926ef7-27aa-4029-a9d0-816772e9939f@group-69AA97A4A626-PendingRequests: sendNotLeaderResponses
2019-10-17 08:15:40,992 [org.apache.ratis.server.impl.LogAppender$AppenderDaemon$$Lambda$550/1267365916@437f3e73] WARN  server.GrpcLogAppender (GrpcLogAppender.java:mayWait(149)) - d7926ef7-27aa-4029-a9d0-816772e9939f@group-69AA97A4A626->adef743a-bc0e-4d16-adda-0d38b00cf468-GrpcLogAppender: Wait interrupted by java.lang.InterruptedException
2019-10-17 08:15:40,993 [grpc-default-executor-9] INFO  impl.StateMachineUpdater (StateMachineUpdater.java:stopAndJoin(136)) - d7926ef7-27aa-4029-a9d0-816772e9939f@group-69AA97A4A626-StateMachineUpdater: set stopIndex = 0
2019-10-17 08:15:40,992 [org.apache.ratis.server.impl.LogAppender$AppenderDaemon$$Lambda$550/1267365916@72c76cc7] WARN  server.GrpcLogAppender (GrpcLogAppender.java:mayWait(149)) - d7926ef7-27aa-4029-a9d0-816772e9939f@group-69AA97A4A626->9e584dc6-0265-4730-a72b-17c833240a34-GrpcLogAppender: Wait interrupted by java.lang.InterruptedException
2019-10-17 08:15:40,993 [grpc-default-executor-9] INFO  impl.RaftServerImpl (ServerState.java:close(388)) - d7926ef7-27aa-4029-a9d0-816772e9939f@group-69AA97A4A626: closes. applyIndex: 0
2019-10-17 08:15:40,994 [d7926ef7-27aa-4029-a9d0-816772e9939f@group-69AA97A4A626-SegmentedRaftLogWorker] INFO  segmented.SegmentedRaftLogWorker (SegmentedRaftLogWorker.java:run(316)) - d7926ef7-27aa-4029-a9d0-816772e9939f@group-69AA97A4A626-SegmentedRaftLogWorker was interrupted, exiting. There are 0 tasks remaining in the queue.
2019-10-17 08:15:40,995 [grpc-default-executor-9] INFO  segmented.SegmentedRaftLogWorker (SegmentedRaftLogWorker.java:close(224)) - d7926ef7-27aa-4029-a9d0-816772e9939f@group-69AA97A4A626-SegmentedRaftLogWorker close()
2019-10-17 08:15:40,998 [grpc-default-executor-0] INFO  server.GrpcServerProtocolService (GrpcServerProtocolService.java:onCompleted(113)) - adef743a-bc0e-4d16-adda-0d38b00cf468: Completed APPEND_ENTRIES, lastRequest: d7926ef7-27aa-4029-a9d0-816772e9939f->adef743a-bc0e-4d16-adda-0d38b00cf468#1-t5, previous=(t:0, i:0), leaderCommit=-1, initializing? false, entries: size=1, first=(t:5, i:0), CONFIGURATIONENTRY
2019-10-17 08:15:40,998 [grpc-default-executor-2] INFO  server.GrpcServerProtocolService (GrpcServerProtocolService.java:onCompleted(113)) - 9e584dc6-0265-4730-a72b-17c833240a34: Completed APPEND_ENTRIES, lastRequest: d7926ef7-27aa-4029-a9d0-816772e9939f->9e584dc6-0265-4730-a72b-17c833240a34#1-t5, previous=(t:0, i:0), leaderCommit=-1, initializing? false, entries: size=1, first=(t:5, i:0), CONFIGURATIONENTRY
2019-10-17 08:15:40,999 [grpc-default-executor-0] INFO  server.GrpcLogAppender (GrpcLogAppender.java:onCompleted(308)) - d7926ef7-27aa-4029-a9d0-816772e9939f@group-69AA97A4A626->adef743a-bc0e-4d16-adda-0d38b00cf468-AppendLogResponseHandler: follower responses appendEntries COMPLETED
2019-10-17 08:15:40,999 [grpc-default-executor-2] INFO  server.GrpcLogAppender (GrpcLogAppender.java:onCompleted(308)) - d7926ef7-27aa-4029-a9d0-816772e9939f@group-69AA97A4A626->9e584dc6-0265-4730-a72b-17c833240a34-AppendLogResponseHandler: follower responses appendEntries COMPLETED
2019-10-17 08:15:41,002 [grpc-default-executor-0] INFO  impl.FollowerInfo (FollowerInfo.java:lambda$new$0(51)) - d7926ef7-27aa-4029-a9d0-816772e9939f@group-69AA97A4A626->adef743a-bc0e-4d16-adda-0d38b00cf468: nextIndex: updateUnconditionally 1 -> 0
2019-10-17 08:15:41,004 [grpc-default-executor-2] INFO  impl.FollowerInfo (FollowerInfo.java:lambda$new$0(51)) - d7926ef7-27aa-4029-a9d0-816772e9939f@group-69AA97A4A626->9e584dc6-0265-4730-a72b-17c833240a34: nextIndex: updateUnconditionally 1 -> 0
2019-10-17 08:15:41,010 [grpc-default-executor-2] INFO  impl.RaftServerProxy (RaftServerProxy.java:remove(95)) - 9e584dc6-0265-4730-a72b-17c833240a34: remove  FOLLOWER 9e584dc6-0265-4730-a72b-17c833240a34@group-F15EDDB49989:t4, leader=null, voted=9e584dc6-0265-4730-a72b-17c833240a34, raftlog=9e584dc6-0265-4730-a72b-17c833240a34@group-F15EDDB49989-SegmentedRaftLog:OPENED:c-1,f-1,i0, conf=-1: [9e584dc6-0265-4730-a72b-17c833240a34:192.168.34.62:34940, adef743a-bc0e-4d16-adda-0d38b00cf468:192.168.34.62:36240, d7926ef7-27aa-4029-a9d0-816772e9939f:192.168.34.62:44705], old=null RUNNING
2019-10-17 08:15:41,010 [grpc-default-executor-2] INFO  impl.RaftServerImpl (RaftServerImpl.java:lambda$shutdown$3(261)) - 9e584dc6-0265-4730-a72b-17c833240a34@group-F15EDDB49989: shutdown
2019-10-17 08:15:41,010 [grpc-default-executor-2] INFO  util.JmxRegister (JmxRegister.java:unregister(73)) - Successfully un-registered JMX Bean with object name Ratis:service=RaftServer,group=group-F15EDDB49989,id=9e584dc6-0265-4730-a72b-17c833240a34
2019-10-17 08:15:41,010 [grpc-default-executor-2] INFO  impl.RoleInfo (RoleInfo.java:shutdownFollowerState(121)) - 9e584dc6-0265-4730-a72b-17c833240a34: shutdown FollowerState
2019-10-17 08:15:41,011 [grpc-default-executor-2] INFO  impl.StateMachineUpdater (StateMachineUpdater.java:stopAndJoin(136)) - 9e584dc6-0265-4730-a72b-17c833240a34@group-F15EDDB49989-StateMachineUpdater: set stopIndex = -1
2019-10-17 08:15:41,011 [Thread-372] INFO  impl.FollowerState (FollowerState.java:run(117)) - 9e584dc6-0265-4730-a72b-17c833240a34@group-F15EDDB49989-FollowerState was interrupted: java.lang.InterruptedException: sleep interrupted
2019-10-17 08:15:41,011 [grpc-default-executor-2] INFO  impl.RaftServerImpl (ServerState.java:close(388)) - 9e584dc6-0265-4730-a72b-17c833240a34@group-F15EDDB49989: closes. applyIndex: -1
2019-10-17 08:15:41,012 [9e584dc6-0265-4730-a72b-17c833240a34@group-F15EDDB49989-SegmentedRaftLogWorker] INFO  segmented.SegmentedRaftLogWorker (SegmentedRaftLogWorker.java:run(316)) - 9e584dc6-0265-4730-a72b-17c833240a34@group-F15EDDB49989-SegmentedRaftLogWorker was interrupted, exiting. There are 0 tasks remaining in the queue.
2019-10-17 08:15:41,013 [grpc-default-executor-2] INFO  segmented.SegmentedRaftLogWorker (SegmentedRaftLogWorker.java:close(224)) - 9e584dc6-0265-4730-a72b-17c833240a34@group-F15EDDB49989-SegmentedRaftLogWorker close()
2019-10-17 08:15:41,015 [Thread-371] INFO  impl.FollowerState (FollowerState.java:run(108)) - adef743a-bc0e-4d16-adda-0d38b00cf468@group-F15EDDB49989-FollowerState: change to CANDIDATE, lastRpcTime:28ms, electionTimeout:27ms
2019-10-17 08:15:41,015 [Thread-371] INFO  impl.RoleInfo (RoleInfo.java:shutdownFollowerState(121)) - adef743a-bc0e-4d16-adda-0d38b00cf468: shutdown FollowerState
2019-10-17 08:15:41,016 [Thread-371] INFO  impl.RaftServerImpl (RaftServerImpl.java:setRole(184)) - adef743a-bc0e-4d16-adda-0d38b00cf468@group-F15EDDB49989: changes role from  FOLLOWER to CANDIDATE at term 4 for changeToCandidate
2019-10-17 08:15:41,016 [Thread-371] INFO  impl.RoleInfo (RoleInfo.java:updateAndGet(143)) - adef743a-bc0e-4d16-adda-0d38b00cf468: start LeaderElection
2019-10-17 08:15:41,020 [Thread-361] INFO  impl.FollowerState (FollowerState.java:run(108)) - adef743a-bc0e-4d16-adda-0d38b00cf468@group-B80ED2DD9319-FollowerState: change to CANDIDATE, lastRpcTime:69ms, electionTimeout:68ms
2019-10-17 08:15:41,020 [Thread-361] INFO  impl.RoleInfo (RoleInfo.java:shutdownFollowerState(121)) - adef743a-bc0e-4d16-adda-0d38b00cf468: shutdown FollowerState
2019-10-17 08:15:41,020 [Thread-361] INFO  impl.RaftServerImpl (RaftServerImpl.java:setRole(184)) - adef743a-bc0e-4d16-adda-0d38b00cf468@group-B80ED2DD9319: changes role from  FOLLOWER to CANDIDATE at term 5 for changeToCandidate
2019-10-17 08:15:41,020 [EventQueue-PipelineReportForPipelineReportHandler] INFO  pipeline.PipelineReportHandler (PipelineReportHandler.java:processPipelineReport(119)) - Pipeline PipelineID=25676598-417e-44a8-a952-b80ed2dd9319 reported by 9e584dc6-0265-4730-a72b-17c833240a34{ip: 192.168.34.62, host: pr-hdds-1868-lzclr-202649289, networkLocation: /default-rack, certSerialId: null} with leaderId 9e584dc6-0265-4730-a72b-17c833240a34
2019-10-17 08:15:41,020 [Thread-361] INFO  impl.RoleInfo (RoleInfo.java:updateAndGet(143)) - adef743a-bc0e-4d16-adda-0d38b00cf468: start LeaderElection
2019-10-17 08:15:41,026 [grpc-default-executor-2] INFO  impl.RaftServerProxy (RaftServerProxy.java:remove(95)) - 9e584dc6-0265-4730-a72b-17c833240a34: remove    LEADER 9e584dc6-0265-4730-a72b-17c833240a34@group-97B724006A0F:t3, leader=9e584dc6-0265-4730-a72b-17c833240a34, voted=9e584dc6-0265-4730-a72b-17c833240a34, raftlog=9e584dc6-0265-4730-a72b-17c833240a34@group-97B724006A0F-SegmentedRaftLog:OPENED:c0,f0,i0, conf=0: [9e584dc6-0265-4730-a72b-17c833240a34:192.168.34.62:34940, adef743a-bc0e-4d16-adda-0d38b00cf468:192.168.34.62:36240, d7926ef7-27aa-4029-a9d0-816772e9939f:192.168.34.62:44705], old=null RUNNING
2019-10-17 08:15:41,026 [grpc-default-executor-2] INFO  impl.RaftServerImpl (RaftServerImpl.java:lambda$shutdown$3(261)) - 9e584dc6-0265-4730-a72b-17c833240a34@group-97B724006A0F: shutdown
2019-10-17 08:15:41,026 [grpc-default-executor-2] INFO  util.JmxRegister (JmxRegister.java:unregister(73)) - Successfully un-registered JMX Bean with object name Ratis:service=RaftServer,group=group-97B724006A0F,id=9e584dc6-0265-4730-a72b-17c833240a34
2019-10-17 08:15:41,026 [grpc-default-executor-2] INFO  impl.RoleInfo (RoleInfo.java:shutdownLeaderState(104)) - 9e584dc6-0265-4730-a72b-17c833240a34: shutdown LeaderState
2019-10-17 08:15:41,028 [grpc-default-executor-2] INFO  impl.PendingRequests (PendingRequests.java:sendNotLeaderResponses(202)) - 9e584dc6-0265-4730-a72b-17c833240a34@group-97B724006A0F-PendingRequests: sendNotLeaderResponses
2019-10-17 08:15:41,028 [org.apache.ratis.server.impl.LogAppender$AppenderDaemon$$Lambda$550/1267365916@51d81609] WARN  server.GrpcLogAppender (GrpcLogAppender.java:mayWait(149)) - 9e584dc6-0265-4730-a72b-17c833240a34@group-97B724006A0F->adef743a-bc0e-4d16-adda-0d38b00cf468-GrpcLogAppender: Wait interrupted by java.lang.InterruptedException
2019-10-17 08:15:41,029 [grpc-default-executor-2] INFO  impl.StateMachineUpdater (StateMachineUpdater.java:stopAndJoin(136)) - 9e584dc6-0265-4730-a72b-17c833240a34@group-97B724006A0F-StateMachineUpdater: set stopIndex = 0
2019-10-17 08:15:41,028 [org.apache.ratis.server.impl.LogAppender$AppenderDaemon$$Lambda$550/1267365916@604360c4] WARN  server.GrpcLogAppender (GrpcLogAppender.java:mayWait(149)) - 9e584dc6-0265-4730-a72b-17c833240a34@group-97B724006A0F->d7926ef7-27aa-4029-a9d0-816772e9939f-GrpcLogAppender: Wait interrupted by java.lang.InterruptedException
2019-10-17 08:15:41,029 [grpc-default-executor-2] INFO  impl.RaftServerImpl (ServerState.java:close(388)) - 9e584dc6-0265-4730-a72b-17c833240a34@group-97B724006A0F: closes. applyIndex: 0
2019-10-17 08:15:41,029 [grpc-default-executor-0] INFO  server.GrpcServerProtocolService (GrpcServerProtocolService.java:onCompleted(113)) - adef743a-bc0e-4d16-adda-0d38b00cf468: Completed APPEND_ENTRIES, lastRequest: 9e584dc6-0265-4730-a72b-17c833240a34->adef743a-bc0e-4d16-adda-0d38b00cf468#1-t3, previous=(t:0, i:0), leaderCommit=-1, initializing? false, entries: size=1, first=(t:3, i:0), CONFIGURATIONENTRY
2019-10-17 08:15:41,029 [9e584dc6-0265-4730-a72b-17c833240a34@group-97B724006A0F-SegmentedRaftLogWorker] INFO  segmented.SegmentedRaftLogWorker (SegmentedRaftLogWorker.java:run(316)) - 9e584dc6-0265-4730-a72b-17c833240a34@group-97B724006A0F-SegmentedRaftLogWorker was interrupted, exiting. There are 0 tasks remaining in the queue.
2019-10-17 08:15:41,030 [grpc-default-executor-0] INFO  server.GrpcServerProtocolService (GrpcServerProtocolService.java:onCompleted(113)) - d7926ef7-27aa-4029-a9d0-816772e9939f: Completed APPEND_ENTRIES, lastRequest: 9e584dc6-0265-4730-a72b-17c833240a34->d7926ef7-27aa-4029-a9d0-816772e9939f#1-t3, previous=(t:0, i:0), leaderCommit=-1, initializing? false, entries: size=1, first=(t:3, i:0), CONFIGURATIONENTRY
2019-10-17 08:15:41,031 [grpc-default-executor-0] INFO  server.GrpcLogAppender (GrpcLogAppender.java:onCompleted(308)) - 9e584dc6-0265-4730-a72b-17c833240a34@group-97B724006A0F->adef743a-bc0e-4d16-adda-0d38b00cf468-AppendLogResponseHandler: follower responses appendEntries COMPLETED
2019-10-17 08:15:41,032 [grpc-default-executor-2] INFO  segmented.SegmentedRaftLogWorker (SegmentedRaftLogWorker.java:close(224)) - 9e584dc6-0265-4730-a72b-17c833240a34@group-97B724006A0F-SegmentedRaftLogWorker close()
2019-10-17 08:15:41,032 [adef743a-bc0e-4d16-adda-0d38b00cf468@group-B80ED2DD9319-LeaderElection25] INFO  impl.LeaderElection (LeaderElection.java:askForVotes(178)) - adef743a-bc0e-4d16-adda-0d38b00cf468@group-B80ED2DD9319-LeaderElection25: begin an election at term 6 for -1: [9e584dc6-0265-4730-a72b-17c833240a34:192.168.34.62:34940, adef743a-bc0e-4d16-adda-0d38b00cf468:192.168.34.62:36240, d7926ef7-27aa-4029-a9d0-816772e9939f:192.168.34.62:44705], old=null
2019-10-17 08:15:41,032 [adef743a-bc0e-4d16-adda-0d38b00cf468@group-F15EDDB49989-LeaderElection24] INFO  impl.LeaderElection (LeaderElection.java:askForVotes(178)) - adef743a-bc0e-4d16-adda-0d38b00cf468@group-F15EDDB49989-LeaderElection24: begin an election at term 5 for -1: [9e584dc6-0265-4730-a72b-17c833240a34:192.168.34.62:34940, adef743a-bc0e-4d16-adda-0d38b00cf468:192.168.34.62:36240, d7926ef7-27aa-4029-a9d0-816772e9939f:192.168.34.62:44705], old=null
2019-10-17 08:15:41,034 [grpc-default-executor-0] INFO  impl.FollowerInfo (FollowerInfo.java:lambda$new$0(51)) - 9e584dc6-0265-4730-a72b-17c833240a34@group-97B724006A0F->adef743a-bc0e-4d16-adda-0d38b00cf468: nextIndex: updateUnconditionally 1 -> 0
2019-10-17 08:15:41,034 [grpc-default-executor-9] INFO  server.GrpcLogAppender (GrpcLogAppender.java:onCompleted(308)) - 9e584dc6-0265-4730-a72b-17c833240a34@group-97B724006A0F->d7926ef7-27aa-4029-a9d0-816772e9939f-AppendLogResponseHandler: follower responses appendEntries COMPLETED
2019-10-17 08:15:41,036 [grpc-default-executor-9] INFO  impl.FollowerInfo (FollowerInfo.java:lambda$new$0(51)) - 9e584dc6-0265-4730-a72b-17c833240a34@group-97B724006A0F->d7926ef7-27aa-4029-a9d0-816772e9939f: nextIndex: updateUnconditionally 1 -> 0
2019-10-17 08:15:41,040 [grpc-default-executor-9] WARN  server.GrpcServerProtocolService (LogUtils.java:warn(136)) - d7926ef7-27aa-4029-a9d0-816772e9939f: Failed requestVote adef743a-bc0e-4d16-adda-0d38b00cf468->d7926ef7-27aa-4029-a9d0-816772e9939f#0
org.apache.ratis.protocol.GroupMismatchException: d7926ef7-27aa-4029-a9d0-816772e9939f: group-F15EDDB49989 not found.
	at org.apache.ratis.server.impl.RaftServerProxy$ImplMap.get(RaftServerProxy.java:122)
	at org.apache.ratis.server.impl.RaftServerProxy.getImplFuture(RaftServerProxy.java:269)
	at org.apache.ratis.server.impl.RaftServerProxy.getImpl(RaftServerProxy.java:278)
	at org.apache.ratis.server.impl.RaftServerProxy.getImpl(RaftServerProxy.java:273)
	at org.apache.ratis.server.impl.RaftServerProxy.requestVote(RaftServerProxy.java:443)
	at org.apache.ratis.grpc.server.GrpcServerProtocolService.requestVote(GrpcServerProtocolService.java:142)
	at org.apache.ratis.proto.grpc.RaftServerProtocolServiceGrpc$MethodHandlers.invoke(RaftServerProtocolServiceGrpc.java:319)
	at org.apache.ratis.thirdparty.io.grpc.stub.ServerCalls$UnaryServerCallHandler$UnaryServerCallListener.onHalfClose(ServerCalls.java:171)
	at org.apache.ratis.thirdparty.io.grpc.internal.ServerCallImpl$ServerStreamListenerImpl.halfClosed(ServerCallImpl.java:283)
	at org.apache.ratis.thirdparty.io.grpc.internal.ServerImpl$JumpToApplicationThreadServerStreamListener$1HalfClosed.runInContext(ServerImpl.java:710)
	at org.apache.ratis.thirdparty.io.grpc.internal.ContextRunnable.run(ContextRunnable.java:37)
	at org.apache.ratis.thirdparty.io.grpc.internal.SerializingExecutor.run(SerializingExecutor.java:123)
	at java.util.concurrent.ThreadPoolExecutor.runWorker(ThreadPoolExecutor.java:1149)
	at java.util.concurrent.ThreadPoolExecutor$Worker.run(ThreadPoolExecutor.java:624)
	at java.lang.Thread.run(Thread.java:748)
2019-10-17 08:15:41,040 [grpc-default-executor-1] WARN  server.GrpcServerProtocolService (LogUtils.java:warn(136)) - 9e584dc6-0265-4730-a72b-17c833240a34: Failed requestVote adef743a-bc0e-4d16-adda-0d38b00cf468->9e584dc6-0265-4730-a72b-17c833240a34#0
org.apache.ratis.protocol.GroupMismatchException: 9e584dc6-0265-4730-a72b-17c833240a34: group-F15EDDB49989 not found.
	at org.apache.ratis.server.impl.RaftServerProxy$ImplMap.get(RaftServerProxy.java:122)
	at org.apache.ratis.server.impl.RaftServerProxy.getImplFuture(RaftServerProxy.java:269)
	at org.apache.ratis.server.impl.RaftServerProxy.getImpl(RaftServerProxy.java:278)
	at org.apache.ratis.server.impl.RaftServerProxy.getImpl(RaftServerProxy.java:273)
	at org.apache.ratis.server.impl.RaftServerProxy.requestVote(RaftServerProxy.java:443)
	at org.apache.ratis.grpc.server.GrpcServerProtocolService.requestVote(GrpcServerProtocolService.java:142)
	at org.apache.ratis.proto.grpc.RaftServerProtocolServiceGrpc$MethodHandlers.invoke(RaftServerProtocolServiceGrpc.java:319)
	at org.apache.ratis.thirdparty.io.grpc.stub.ServerCalls$UnaryServerCallHandler$UnaryServerCallListener.onHalfClose(ServerCalls.java:171)
	at org.apache.ratis.thirdparty.io.grpc.internal.ServerCallImpl$ServerStreamListenerImpl.halfClosed(ServerCallImpl.java:283)
	at org.apache.ratis.thirdparty.io.grpc.internal.ServerImpl$JumpToApplicationThreadServerStreamListener$1HalfClosed.runInContext(ServerImpl.java:710)
	at org.apache.ratis.thirdparty.io.grpc.internal.ContextRunnable.run(ContextRunnable.java:37)
	at org.apache.ratis.thirdparty.io.grpc.internal.SerializingExecutor.run(SerializingExecutor.java:123)
	at java.util.concurrent.ThreadPoolExecutor.runWorker(ThreadPoolExecutor.java:1149)
	at java.util.concurrent.ThreadPoolExecutor$Worker.run(ThreadPoolExecutor.java:624)
	at java.lang.Thread.run(Thread.java:748)
2019-10-17 08:15:41,040 [grpc-default-executor-2] INFO  impl.RaftServerImpl (RaftServerImpl.java:setRole(184)) - 9e584dc6-0265-4730-a72b-17c833240a34@group-B80ED2DD9319: changes role from  FOLLOWER to FOLLOWER at term 6 for recognizeCandidate:adef743a-bc0e-4d16-adda-0d38b00cf468
2019-10-17 08:15:41,040 [grpc-default-executor-0] INFO  impl.RaftServerImpl (RaftServerImpl.java:setRole(184)) - d7926ef7-27aa-4029-a9d0-816772e9939f@group-B80ED2DD9319: changes role from  FOLLOWER to FOLLOWER at term 6 for recognizeCandidate:adef743a-bc0e-4d16-adda-0d38b00cf468
2019-10-17 08:15:41,041 [grpc-default-executor-2] INFO  impl.RoleInfo (RoleInfo.java:shutdownFollowerState(121)) - 9e584dc6-0265-4730-a72b-17c833240a34: shutdown FollowerState
2019-10-17 08:15:41,041 [grpc-default-executor-0] INFO  impl.RoleInfo (RoleInfo.java:shutdownFollowerState(121)) - d7926ef7-27aa-4029-a9d0-816772e9939f: shutdown FollowerState
2019-10-17 08:15:41,041 [grpc-default-executor-2] INFO  impl.RoleInfo (RoleInfo.java:updateAndGet(143)) - 9e584dc6-0265-4730-a72b-17c833240a34: start FollowerState
2019-10-17 08:15:41,041 [Thread-363] INFO  impl.FollowerState (FollowerState.java:run(117)) - 9e584dc6-0265-4730-a72b-17c833240a34@group-B80ED2DD9319-FollowerState was interrupted: java.lang.InterruptedException: sleep interrupted
2019-10-17 08:15:41,041 [Thread-370] INFO  impl.FollowerState (FollowerState.java:run(117)) - d7926ef7-27aa-4029-a9d0-816772e9939f@group-B80ED2DD9319-FollowerState was interrupted: java.lang.InterruptedException: sleep interrupted
2019-10-17 08:15:41,041 [grpc-default-executor-0] INFO  impl.RoleInfo (RoleInfo.java:updateAndGet(143)) - d7926ef7-27aa-4029-a9d0-816772e9939f: start FollowerState
2019-10-17 08:15:41,046 [adef743a-bc0e-4d16-adda-0d38b00cf468@group-F15EDDB49989-LeaderElection24] INFO  impl.LeaderElection (LogUtils.java:infoOrTrace(149)) - adef743a-bc0e-4d16-adda-0d38b00cf468@group-F15EDDB49989-LeaderElection24 got exception when requesting votes: {}
java.util.concurrent.ExecutionException: org.apache.ratis.thirdparty.io.grpc.StatusRuntimeException: INTERNAL: d7926ef7-27aa-4029-a9d0-816772e9939f: group-F15EDDB49989 not found.
	at java.util.concurrent.FutureTask.report(FutureTask.java:122)
	at java.util.concurrent.FutureTask.get(FutureTask.java:192)
	at org.apache.ratis.server.impl.LeaderElection.waitForResults(LeaderElection.java:259)
	at org.apache.ratis.server.impl.LeaderElection.askForVotes(LeaderElection.java:197)
	at org.apache.ratis.server.impl.LeaderElection.run(LeaderElection.java:133)
	at java.lang.Thread.run(Thread.java:748)
Caused by: org.apache.ratis.thirdparty.io.grpc.StatusRuntimeException: INTERNAL: d7926ef7-27aa-4029-a9d0-816772e9939f: group-F15EDDB49989 not found.
	at org.apache.ratis.thirdparty.io.grpc.stub.ClientCalls.toStatusRuntimeException(ClientCalls.java:233)
	at org.apache.ratis.thirdparty.io.grpc.stub.ClientCalls.getUnchecked(ClientCalls.java:214)
	at org.apache.ratis.thirdparty.io.grpc.stub.ClientCalls.blockingUnaryCall(ClientCalls.java:139)
	at org.apache.ratis.proto.grpc.RaftServerProtocolServiceGrpc$RaftServerProtocolServiceBlockingStub.requestVote(RaftServerProtocolServiceGrpc.java:265)
	at org.apache.ratis.grpc.server.GrpcServerProtocolClient.requestVote(GrpcServerProtocolClient.java:99)
	at org.apache.ratis.grpc.server.GrpcService.requestVote(GrpcService.java:204)
	at org.apache.ratis.server.impl.LeaderElection.lambda$submitRequests$1(LeaderElection.java:234)
	at java.util.concurrent.FutureTask.run(FutureTask.java:266)
	at java.util.concurrent.Executors$RunnableAdapter.call(Executors.java:511)
	at java.util.concurrent.FutureTask.run(FutureTask.java:266)
	at java.util.concurrent.ThreadPoolExecutor.runWorker(ThreadPoolExecutor.java:1149)
	at java.util.concurrent.ThreadPoolExecutor$Worker.run(ThreadPoolExecutor.java:624)
	... 1 more
2019-10-17 08:15:41,048 [adef743a-bc0e-4d16-adda-0d38b00cf468@group-F15EDDB49989-LeaderElection24] INFO  impl.LeaderElection (LogUtils.java:infoOrTrace(149)) - adef743a-bc0e-4d16-adda-0d38b00cf468@group-F15EDDB49989-LeaderElection24 got exception when requesting votes: {}
java.util.concurrent.ExecutionException: org.apache.ratis.thirdparty.io.grpc.StatusRuntimeException: INTERNAL: 9e584dc6-0265-4730-a72b-17c833240a34: group-F15EDDB49989 not found.
	at java.util.concurrent.FutureTask.report(FutureTask.java:122)
	at java.util.concurrent.FutureTask.get(FutureTask.java:192)
	at org.apache.ratis.server.impl.LeaderElection.waitForResults(LeaderElection.java:259)
	at org.apache.ratis.server.impl.LeaderElection.askForVotes(LeaderElection.java:197)
	at org.apache.ratis.server.impl.LeaderElection.run(LeaderElection.java:133)
	at java.lang.Thread.run(Thread.java:748)
Caused by: org.apache.ratis.thirdparty.io.grpc.StatusRuntimeException: INTERNAL: 9e584dc6-0265-4730-a72b-17c833240a34: group-F15EDDB49989 not found.
	at org.apache.ratis.thirdparty.io.grpc.stub.ClientCalls.toStatusRuntimeException(ClientCalls.java:233)
	at org.apache.ratis.thirdparty.io.grpc.stub.ClientCalls.getUnchecked(ClientCalls.java:214)
	at org.apache.ratis.thirdparty.io.grpc.stub.ClientCalls.blockingUnaryCall(ClientCalls.java:139)
	at org.apache.ratis.proto.grpc.RaftServerProtocolServiceGrpc$RaftServerProtocolServiceBlockingStub.requestVote(RaftServerProtocolServiceGrpc.java:265)
	at org.apache.ratis.grpc.server.GrpcServerProtocolClient.requestVote(GrpcServerProtocolClient.java:99)
	at org.apache.ratis.grpc.server.GrpcService.requestVote(GrpcService.java:204)
	at org.apache.ratis.server.impl.LeaderElection.lambda$submitRequests$1(LeaderElection.java:234)
	at java.util.concurrent.FutureTask.run(FutureTask.java:266)
	at java.util.concurrent.Executors$RunnableAdapter.call(Executors.java:511)
	at java.util.concurrent.FutureTask.run(FutureTask.java:266)
	at java.util.concurrent.ThreadPoolExecutor.runWorker(ThreadPoolExecutor.java:1149)
	at java.util.concurrent.ThreadPoolExecutor$Worker.run(ThreadPoolExecutor.java:624)
	... 1 more
2019-10-17 08:15:41,049 [adef743a-bc0e-4d16-adda-0d38b00cf468@group-F15EDDB49989-LeaderElection24] INFO  impl.LeaderElection (LeaderElection.java:logAndReturn(56)) - adef743a-bc0e-4d16-adda-0d38b00cf468@group-F15EDDB49989-LeaderElection24: Election REJECTED; received 0 response(s) [] and 2 exception(s); adef743a-bc0e-4d16-adda-0d38b00cf468@group-F15EDDB49989:t5, leader=null, voted=adef743a-bc0e-4d16-adda-0d38b00cf468, raftlog=adef743a-bc0e-4d16-adda-0d38b00cf468@group-F15EDDB49989-SegmentedRaftLog:OPENED:c-1,f-1,i0, conf=-1: [9e584dc6-0265-4730-a72b-17c833240a34:192.168.34.62:34940, adef743a-bc0e-4d16-adda-0d38b00cf468:192.168.34.62:36240, d7926ef7-27aa-4029-a9d0-816772e9939f:192.168.34.62:44705], old=null
2019-10-17 08:15:41,050 [adef743a-bc0e-4d16-adda-0d38b00cf468@group-F15EDDB49989-LeaderElection24] INFO  impl.LeaderElection (LogUtils.java:infoOrTrace(149)) -   Exception 0: {}
java.util.concurrent.ExecutionException: org.apache.ratis.thirdparty.io.grpc.StatusRuntimeException: INTERNAL: d7926ef7-27aa-4029-a9d0-816772e9939f: group-F15EDDB49989 not found.
	at java.util.concurrent.FutureTask.report(FutureTask.java:122)
	at java.util.concurrent.FutureTask.get(FutureTask.java:192)
	at org.apache.ratis.server.impl.LeaderElection.waitForResults(LeaderElection.java:259)
	at org.apache.ratis.server.impl.LeaderElection.askForVotes(LeaderElection.java:197)
	at org.apache.ratis.server.impl.LeaderElection.run(LeaderElection.java:133)
	at java.lang.Thread.run(Thread.java:748)
Caused by: org.apache.ratis.thirdparty.io.grpc.StatusRuntimeException: INTERNAL: d7926ef7-27aa-4029-a9d0-816772e9939f: group-F15EDDB49989 not found.
	at org.apache.ratis.thirdparty.io.grpc.stub.ClientCalls.toStatusRuntimeException(ClientCalls.java:233)
	at org.apache.ratis.thirdparty.io.grpc.stub.ClientCalls.getUnchecked(ClientCalls.java:214)
	at org.apache.ratis.thirdparty.io.grpc.stub.ClientCalls.blockingUnaryCall(ClientCalls.java:139)
	at org.apache.ratis.proto.grpc.RaftServerProtocolServiceGrpc$RaftServerProtocolServiceBlockingStub.requestVote(RaftServerProtocolServiceGrpc.java:265)
	at org.apache.ratis.grpc.server.GrpcServerProtocolClient.requestVote(GrpcServerProtocolClient.java:99)
	at org.apache.ratis.grpc.server.GrpcService.requestVote(GrpcService.java:204)
	at org.apache.ratis.server.impl.LeaderElection.lambda$submitRequests$1(LeaderElection.java:234)
	at java.util.concurrent.FutureTask.run(FutureTask.java:266)
	at java.util.concurrent.Executors$RunnableAdapter.call(Executors.java:511)
	at java.util.concurrent.FutureTask.run(FutureTask.java:266)
	at java.util.concurrent.ThreadPoolExecutor.runWorker(ThreadPoolExecutor.java:1149)
	at java.util.concurrent.ThreadPoolExecutor$Worker.run(ThreadPoolExecutor.java:624)
	... 1 more
2019-10-17 08:15:41,050 [grpc-default-executor-9] INFO  impl.RaftServerProxy (RaftServerProxy.java:remove(95)) - 9e584dc6-0265-4730-a72b-17c833240a34: remove  FOLLOWER 9e584dc6-0265-4730-a72b-17c833240a34@group-69AA97A4A626:t5, leader=d7926ef7-27aa-4029-a9d0-816772e9939f, voted=d7926ef7-27aa-4029-a9d0-816772e9939f, raftlog=9e584dc6-0265-4730-a72b-17c833240a34@group-69AA97A4A626-SegmentedRaftLog:OPENED:c-1,f0,i0, conf=0: [9e584dc6-0265-4730-a72b-17c833240a34:192.168.34.62:34940, adef743a-bc0e-4d16-adda-0d38b00cf468:192.168.34.62:36240, d7926ef7-27aa-4029-a9d0-816772e9939f:192.168.34.62:44705], old=null RUNNING
2019-10-17 08:15:41,050 [adef743a-bc0e-4d16-adda-0d38b00cf468@group-F15EDDB49989-LeaderElection24] INFO  impl.LeaderElection (LogUtils.java:infoOrTrace(149)) -   Exception 1: {}
java.util.concurrent.ExecutionException: org.apache.ratis.thirdparty.io.grpc.StatusRuntimeException: INTERNAL: 9e584dc6-0265-4730-a72b-17c833240a34: group-F15EDDB49989 not found.
	at java.util.concurrent.FutureTask.report(FutureTask.java:122)
	at java.util.concurrent.FutureTask.get(FutureTask.java:192)
	at org.apache.ratis.server.impl.LeaderElection.waitForResults(LeaderElection.java:259)
	at org.apache.ratis.server.impl.LeaderElection.askForVotes(LeaderElection.java:197)
	at org.apache.ratis.server.impl.LeaderElection.run(LeaderElection.java:133)
	at java.lang.Thread.run(Thread.java:748)
Caused by: org.apache.ratis.thirdparty.io.grpc.StatusRuntimeException: INTERNAL: 9e584dc6-0265-4730-a72b-17c833240a34: group-F15EDDB49989 not found.
	at org.apache.ratis.thirdparty.io.grpc.stub.ClientCalls.toStatusRuntimeException(ClientCalls.java:233)
	at org.apache.ratis.thirdparty.io.grpc.stub.ClientCalls.getUnchecked(ClientCalls.java:214)
	at org.apache.ratis.thirdparty.io.grpc.stub.ClientCalls.blockingUnaryCall(ClientCalls.java:139)
	at org.apache.ratis.proto.grpc.RaftServerProtocolServiceGrpc$RaftServerProtocolServiceBlockingStub.requestVote(RaftServerProtocolServiceGrpc.java:265)
	at org.apache.ratis.grpc.server.GrpcServerProtocolClient.requestVote(GrpcServerProtocolClient.java:99)
	at org.apache.ratis.grpc.server.GrpcService.requestVote(GrpcService.java:204)
	at org.apache.ratis.server.impl.LeaderElection.lambda$submitRequests$1(LeaderElection.java:234)
	at java.util.concurrent.FutureTask.run(FutureTask.java:266)
	at java.util.concurrent.Executors$RunnableAdapter.call(Executors.java:511)
	at java.util.concurrent.FutureTask.run(FutureTask.java:266)
	at java.util.concurrent.ThreadPoolExecutor.runWorker(ThreadPoolExecutor.java:1149)
	at java.util.concurrent.ThreadPoolExecutor$Worker.run(ThreadPoolExecutor.java:624)
	... 1 more
2019-10-17 08:15:41,051 [grpc-default-executor-9] INFO  impl.RaftServerImpl (RaftServerImpl.java:lambda$shutdown$3(261)) - 9e584dc6-0265-4730-a72b-17c833240a34@group-69AA97A4A626: shutdown
2019-10-17 08:15:41,052 [adef743a-bc0e-4d16-adda-0d38b00cf468@group-F15EDDB49989-LeaderElection24] INFO  impl.RaftServerImpl (RaftServerImpl.java:setRole(184)) - adef743a-bc0e-4d16-adda-0d38b00cf468@group-F15EDDB49989: changes role from CANDIDATE to FOLLOWER at term 5 for DISCOVERED_A_NEW_TERM
2019-10-17 08:15:41,053 [grpc-default-executor-9] INFO  util.JmxRegister (JmxRegister.java:unregister(73)) - Successfully un-registered JMX Bean with object name Ratis:service=RaftServer,group=group-69AA97A4A626,id=9e584dc6-0265-4730-a72b-17c833240a34
2019-10-17 08:15:41,053 [adef743a-bc0e-4d16-adda-0d38b00cf468@group-F15EDDB49989-LeaderElection24] INFO  impl.RoleInfo (RoleInfo.java:shutdownLeaderElection(134)) - adef743a-bc0e-4d16-adda-0d38b00cf468: shutdown LeaderElection
2019-10-17 08:15:41,053 [grpc-default-executor-9] INFO  impl.RoleInfo (RoleInfo.java:shutdownFollowerState(121)) - 9e584dc6-0265-4730-a72b-17c833240a34: shutdown FollowerState
2019-10-17 08:15:41,053 [adef743a-bc0e-4d16-adda-0d38b00cf468@group-F15EDDB49989-LeaderElection24] INFO  impl.RoleInfo (RoleInfo.java:updateAndGet(143)) - adef743a-bc0e-4d16-adda-0d38b00cf468: start FollowerState
2019-10-17 08:15:41,053 [Thread-338] INFO  impl.FollowerState (FollowerState.java:run(117)) - 9e584dc6-0265-4730-a72b-17c833240a34@group-69AA97A4A626-FollowerState was interrupted: java.lang.InterruptedException: sleep interrupted
2019-10-17 08:15:41,053 [grpc-default-executor-9] INFO  impl.StateMachineUpdater (StateMachineUpdater.java:stopAndJoin(136)) - 9e584dc6-0265-4730-a72b-17c833240a34@group-69AA97A4A626-StateMachineUpdater: set stopIndex = -1
2019-10-17 08:15:41,055 [grpc-default-executor-9] INFO  impl.RaftServerImpl (ServerState.java:close(388)) - 9e584dc6-0265-4730-a72b-17c833240a34@group-69AA97A4A626: closes. applyIndex: -1
2019-10-17 08:15:41,055 [9e584dc6-0265-4730-a72b-17c833240a34@group-69AA97A4A626-SegmentedRaftLogWorker] INFO  segmented.SegmentedRaftLogWorker (SegmentedRaftLogWorker.java:run(316)) - 9e584dc6-0265-4730-a72b-17c833240a34@group-69AA97A4A626-SegmentedRaftLogWorker was interrupted, exiting. There are 0 tasks remaining in the queue.
2019-10-17 08:15:41,068 [grpc-default-executor-9] INFO  segmented.SegmentedRaftLogWorker (SegmentedRaftLogWorker.java:close(224)) - 9e584dc6-0265-4730-a72b-17c833240a34@group-69AA97A4A626-SegmentedRaftLogWorker close()
2019-10-17 08:15:41,073 [adef743a-bc0e-4d16-adda-0d38b00cf468@group-B80ED2DD9319-LeaderElection25] INFO  impl.LeaderElection (LeaderElection.java:logAndReturn(56)) - adef743a-bc0e-4d16-adda-0d38b00cf468@group-B80ED2DD9319-LeaderElection25: Election PASSED; received 2 response(s) [adef743a-bc0e-4d16-adda-0d38b00cf468<-9e584dc6-0265-4730-a72b-17c833240a34#0:FAIL-t6, adef743a-bc0e-4d16-adda-0d38b00cf468<-d7926ef7-27aa-4029-a9d0-816772e9939f#0:OK-t6] and 0 exception(s); adef743a-bc0e-4d16-adda-0d38b00cf468@group-B80ED2DD9319:t6, leader=null, voted=adef743a-bc0e-4d16-adda-0d38b00cf468, raftlog=adef743a-bc0e-4d16-adda-0d38b00cf468@group-B80ED2DD9319-SegmentedRaftLog:OPENED:c-1,f-1,i0, conf=-1: [9e584dc6-0265-4730-a72b-17c833240a34:192.168.34.62:34940, adef743a-bc0e-4d16-adda-0d38b00cf468:192.168.34.62:36240, d7926ef7-27aa-4029-a9d0-816772e9939f:192.168.34.62:44705], old=null
2019-10-17 08:15:41,074 [adef743a-bc0e-4d16-adda-0d38b00cf468@group-B80ED2DD9319-LeaderElection25] INFO  impl.RoleInfo (RoleInfo.java:shutdownLeaderElection(134)) - adef743a-bc0e-4d16-adda-0d38b00cf468: shutdown LeaderElection
2019-10-17 08:15:41,079 [adef743a-bc0e-4d16-adda-0d38b00cf468@group-B80ED2DD9319-LeaderElection25] INFO  impl.RaftServerImpl (RaftServerImpl.java:setRole(184)) - adef743a-bc0e-4d16-adda-0d38b00cf468@group-B80ED2DD9319: changes role from CANDIDATE to LEADER at term 6 for changeToLeader
2019-10-17 08:15:41,079 [adef743a-bc0e-4d16-adda-0d38b00cf468@group-B80ED2DD9319-LeaderElection25] INFO  ratis.XceiverServerRatis (XceiverServerRatis.java:handleLeaderChangedNotification(699)) - Leader change notification received for group: group-B80ED2DD9319 with new leaderId: adef743a-bc0e-4d16-adda-0d38b00cf468
2019-10-17 08:15:41,080 [adef743a-bc0e-4d16-adda-0d38b00cf468@group-B80ED2DD9319-LeaderElection25] INFO  impl.RaftServerImpl (ServerState.java:setLeader(256)) - adef743a-bc0e-4d16-adda-0d38b00cf468@group-B80ED2DD9319: change Leader from null to adef743a-bc0e-4d16-adda-0d38b00cf468 at term 6 for becomeLeader, leader elected after 833ms
2019-10-17 08:15:41,080 [adef743a-bc0e-4d16-adda-0d38b00cf468@group-B80ED2DD9319-LeaderElection25] INFO  server.RaftServerConfigKeys (ConfUtils.java:logGet(43)) - raft.server.staging.catchup.gap = 1000 (default)
2019-10-17 08:15:41,080 [adef743a-bc0e-4d16-adda-0d38b00cf468@group-B80ED2DD9319-LeaderElection25] INFO  server.RaftServerConfigKeys (ConfUtils.java:logGet(43)) - raft.server.rpc.sleep.time = 25ms (default)
2019-10-17 08:15:41,080 [adef743a-bc0e-4d16-adda-0d38b00cf468@group-B80ED2DD9319-LeaderElection25] INFO  server.RaftServerConfigKeys (ConfUtils.java:logGet(43)) - raft.server.write.element-limit = 4096 (default)
2019-10-17 08:15:41,080 [adef743a-bc0e-4d16-adda-0d38b00cf468@group-B80ED2DD9319-LeaderElection25] INFO  server.RaftServerConfigKeys (ConfUtils.java:logGet(43)) - raft.server.watch.timeout = 10s (default)
2019-10-17 08:15:41,081 [adef743a-bc0e-4d16-adda-0d38b00cf468@group-B80ED2DD9319-LeaderElection25] INFO  server.RaftServerConfigKeys (ConfUtils.java:logGet(43)) - raft.server.watch.timeout.denomination = 1s (default)
2019-10-17 08:15:41,081 [adef743a-bc0e-4d16-adda-0d38b00cf468@group-B80ED2DD9319-LeaderElection25] INFO  server.RaftServerConfigKeys (ConfUtils.java:logGet(43)) - raft.server.watch.element-limit = 65536 (default)
2019-10-17 08:15:41,081 [EventQueue-PipelineReportForPipelineReportHandler] INFO  pipeline.PipelineReportHandler (PipelineReportHandler.java:processPipelineReport(119)) - Pipeline PipelineID=25676598-417e-44a8-a952-b80ed2dd9319 reported by d7926ef7-27aa-4029-a9d0-816772e9939f{ip: 192.168.34.62, host: pr-hdds-1868-lzclr-202649289, networkLocation: /default-rack, certSerialId: null} with leaderId 
2019-10-17 08:15:41,085 [adef743a-bc0e-4d16-adda-0d38b00cf468@group-B80ED2DD9319-LeaderElection25] INFO  server.RaftServerConfigKeys (ConfUtils.java:logGet(43)) - raft.server.log.appender.snapshot.chunk.size.max = 16MB (=16777216) (default)
2019-10-17 08:15:41,085 [adef743a-bc0e-4d16-adda-0d38b00cf468@group-B80ED2DD9319-LeaderElection25] INFO  server.RaftServerConfigKeys (ConfUtils.java:logGet(43)) - raft.server.log.appender.buffer.byte-limit = 33554432 (custom)
2019-10-17 08:15:41,085 [adef743a-bc0e-4d16-adda-0d38b00cf468@group-B80ED2DD9319-LeaderElection25] INFO  server.RaftServerConfigKeys (ConfUtils.java:logGet(43)) - raft.server.log.appender.buffer.element-limit = 1 (custom)
2019-10-17 08:15:41,086 [adef743a-bc0e-4d16-adda-0d38b00cf468@group-B80ED2DD9319-LeaderElection25] INFO  grpc.GrpcConfigKeys$Server (ConfUtils.java:logGet(43)) - raft.grpc.server.leader.outstanding.appends.max = 128 (default)
2019-10-17 08:15:41,086 [adef743a-bc0e-4d16-adda-0d38b00cf468@group-B80ED2DD9319-LeaderElection25] INFO  server.RaftServerConfigKeys (ConfUtils.java:logGet(43)) - raft.server.rpc.request.timeout = 3000ms (default)
2019-10-17 08:15:41,087 [adef743a-bc0e-4d16-adda-0d38b00cf468@group-B80ED2DD9319-LeaderElection25] INFO  server.RaftServerConfigKeys (ConfUtils.java:logGet(43)) - raft.server.log.appender.install.snapshot.enabled = false (custom)
2019-10-17 08:15:41,089 [adef743a-bc0e-4d16-adda-0d38b00cf468@group-B80ED2DD9319-LeaderElection25] INFO  server.RaftServerConfigKeys (ConfUtils.java:logGet(43)) - raft.server.log.appender.snapshot.chunk.size.max = 16MB (=16777216) (default)
2019-10-17 08:15:41,089 [adef743a-bc0e-4d16-adda-0d38b00cf468@group-B80ED2DD9319-LeaderElection25] INFO  server.RaftServerConfigKeys (ConfUtils.java:logGet(43)) - raft.server.log.appender.buffer.byte-limit = 33554432 (custom)
2019-10-17 08:15:41,090 [adef743a-bc0e-4d16-adda-0d38b00cf468@group-B80ED2DD9319-LeaderElection25] INFO  server.RaftServerConfigKeys (ConfUtils.java:logGet(43)) - raft.server.log.appender.buffer.element-limit = 1 (custom)
2019-10-17 08:15:41,090 [adef743a-bc0e-4d16-adda-0d38b00cf468@group-B80ED2DD9319-LeaderElection25] INFO  grpc.GrpcConfigKeys$Server (ConfUtils.java:logGet(43)) - raft.grpc.server.leader.outstanding.appends.max = 128 (default)
2019-10-17 08:15:41,090 [adef743a-bc0e-4d16-adda-0d38b00cf468@group-B80ED2DD9319-LeaderElection25] INFO  server.RaftServerConfigKeys (ConfUtils.java:logGet(43)) - raft.server.rpc.request.timeout = 3000ms (default)
2019-10-17 08:15:41,090 [adef743a-bc0e-4d16-adda-0d38b00cf468@group-B80ED2DD9319-LeaderElection25] INFO  server.RaftServerConfigKeys (ConfUtils.java:logGet(43)) - raft.server.log.appender.install.snapshot.enabled = false (custom)
2019-10-17 08:15:41,091 [grpc-default-executor-9] INFO  impl.RaftServerProxy (RaftServerProxy.java:remove(95)) - d7926ef7-27aa-4029-a9d0-816772e9939f: remove group-95777FC81C2B:null
2019-10-17 08:15:41,093 [adef743a-bc0e-4d16-adda-0d38b00cf468@group-B80ED2DD9319-LeaderElection25] INFO  impl.RoleInfo (RoleInfo.java:updateAndGet(143)) - adef743a-bc0e-4d16-adda-0d38b00cf468: start LeaderState
2019-10-17 08:15:41,098 [adef743a-bc0e-4d16-adda-0d38b00cf468@group-B80ED2DD9319-LeaderElection25] INFO  segmented.SegmentedRaftLogWorker (SegmentedRaftLogWorker.java:startLogSegment(385)) - adef743a-bc0e-4d16-adda-0d38b00cf468@group-B80ED2DD9319-SegmentedRaftLogWorker: Starting segment from index:0
2019-10-17 08:15:41,099 [adef743a-bc0e-4d16-adda-0d38b00cf468@group-B80ED2DD9319-LeaderElection25] INFO  impl.RaftServerImpl (ServerState.java:setRaftConf(357)) - adef743a-bc0e-4d16-adda-0d38b00cf468@group-B80ED2DD9319: set configuration 0: [9e584dc6-0265-4730-a72b-17c833240a34:192.168.34.62:34940, adef743a-bc0e-4d16-adda-0d38b00cf468:192.168.34.62:36240, d7926ef7-27aa-4029-a9d0-816772e9939f:192.168.34.62:44705], old=null at 0
2019-10-17 08:15:41,101 [grpc-default-executor-9] INFO  ratis.XceiverServerRatis (XceiverServerRatis.java:handleLeaderChangedNotification(699)) - Leader change notification received for group: group-B80ED2DD9319 with new leaderId: adef743a-bc0e-4d16-adda-0d38b00cf468
2019-10-17 08:15:41,101 [grpc-default-executor-9] INFO  impl.RaftServerImpl (ServerState.java:setLeader(256)) - d7926ef7-27aa-4029-a9d0-816772e9939f@group-B80ED2DD9319: change Leader from null to adef743a-bc0e-4d16-adda-0d38b00cf468 at term 6 for appendEntries, leader elected after 745ms
2019-10-17 08:15:41,101 [grpc-default-executor-2] INFO  ratis.XceiverServerRatis (XceiverServerRatis.java:handleLeaderChangedNotification(699)) - Leader change notification received for group: group-B80ED2DD9319 with new leaderId: adef743a-bc0e-4d16-adda-0d38b00cf468
2019-10-17 08:15:41,102 [grpc-default-executor-2] INFO  impl.RaftServerImpl (ServerState.java:setLeader(256)) - 9e584dc6-0265-4730-a72b-17c833240a34@group-B80ED2DD9319: change Leader from null to adef743a-bc0e-4d16-adda-0d38b00cf468 at term 6 for appendEntries, leader elected after 537ms
2019-10-17 08:15:41,136 [grpc-default-executor-9] INFO  impl.RaftServerImpl (ServerState.java:setRaftConf(357)) - 9e584dc6-0265-4730-a72b-17c833240a34@group-B80ED2DD9319: set configuration 0: [9e584dc6-0265-4730-a72b-17c833240a34:192.168.34.62:34940, adef743a-bc0e-4d16-adda-0d38b00cf468:192.168.34.62:36240, d7926ef7-27aa-4029-a9d0-816772e9939f:192.168.34.62:44705], old=null at 0
2019-10-17 08:15:41,136 [grpc-default-executor-2] INFO  impl.RaftServerImpl (ServerState.java:setRaftConf(357)) - d7926ef7-27aa-4029-a9d0-816772e9939f@group-B80ED2DD9319: set configuration 0: [9e584dc6-0265-4730-a72b-17c833240a34:192.168.34.62:34940, adef743a-bc0e-4d16-adda-0d38b00cf468:192.168.34.62:36240, d7926ef7-27aa-4029-a9d0-816772e9939f:192.168.34.62:44705], old=null at 0
2019-10-17 08:15:41,136 [grpc-default-executor-9] INFO  segmented.SegmentedRaftLogWorker (SegmentedRaftLogWorker.java:truncate(401)) - 9e584dc6-0265-4730-a72b-17c833240a34@group-B80ED2DD9319-SegmentedRaftLogWorker: Truncating segments toTruncate: null
  toDelete: [(0, 0) isOpen? true, length=0, newEndIndex=-1], start index 0
2019-10-17 08:15:41,136 [grpc-default-executor-2] INFO  segmented.SegmentedRaftLogWorker (SegmentedRaftLogWorker.java:startLogSegment(385)) - d7926ef7-27aa-4029-a9d0-816772e9939f@group-B80ED2DD9319-SegmentedRaftLogWorker: Starting segment from index:0
2019-10-17 08:15:41,136 [grpc-default-executor-9] INFO  segmented.SegmentedRaftLogWorker (SegmentedRaftLogWorker.java:startLogSegment(385)) - 9e584dc6-0265-4730-a72b-17c833240a34@group-B80ED2DD9319-SegmentedRaftLogWorker: Starting segment from index:0
2019-10-17 08:15:41,137 [9e584dc6-0265-4730-a72b-17c833240a34@group-B80ED2DD9319-SegmentedRaftLogWorker] INFO  segmented.SegmentedRaftLogWorker (SegmentedRaftLogWorker.java:execute(640)) - 9e584dc6-0265-4730-a72b-17c833240a34@group-B80ED2DD9319-SegmentedRaftLogWorker: Deleted log file /workdir/hadoop-ozone/tools/target/test-dir/MiniOzoneClusterImpl-ff932389-c3c3-49ee-b2aa-92e1f1f07a3e/datanode-1/data/ratis/25676598-417e-44a8-a952-b80ed2dd9319/current/log_inprogress_0
2019-10-17 08:15:41,137 [9e584dc6-0265-4730-a72b-17c833240a34@group-B80ED2DD9319-SegmentedRaftLogWorker] INFO  segmented.SegmentedRaftLogWorker (SegmentedRaftLogWorker.java:lambda$new$0(128)) - 9e584dc6-0265-4730-a72b-17c833240a34@group-B80ED2DD9319-SegmentedRaftLogWorker: flushIndex: setUnconditionally 0 -> -1
2019-10-17 08:15:41,140 [EventQueue-PipelineReportForPipelineReportHandler] ERROR pipeline.PipelineReportHandler (PipelineReportHandler.java:onMessage(88)) - Could not process pipeline report=pipelineID {
  id: "6a58a868-505c-4ad2-888f-95777fc81c2b"
}
leaderID: "d7926ef7-27aa-4029-a9d0-816772e9939f"
 from dn=d7926ef7-27aa-4029-a9d0-816772e9939f{ip: 192.168.34.62, host: pr-hdds-1868-lzclr-202649289, networkLocation: /default-rack, certSerialId: null} {}
org.apache.ratis.protocol.GroupMismatchException: d7926ef7-27aa-4029-a9d0-816772e9939f: Group group-95777FC81C2B not found.
	at org.apache.ratis.server.impl.RaftServerProxy.groupRemoveAsync(RaftServerProxy.java:402)
	at org.apache.ratis.server.impl.RaftServerProxy.groupManagementAsync(RaftServerProxy.java:367)
	at org.apache.ratis.grpc.server.GrpcAdminProtocolService.lambda$groupManagement$0(GrpcAdminProtocolService.java:42)
	at org.apache.ratis.grpc.GrpcUtil.asyncCall(GrpcUtil.java:140)
	at org.apache.ratis.grpc.server.GrpcAdminProtocolService.groupManagement(GrpcAdminProtocolService.java:42)
	at org.apache.ratis.proto.grpc.AdminProtocolServiceGrpc$MethodHandlers.invoke(AdminProtocolServiceGrpc.java:361)
	at org.apache.ratis.thirdparty.io.grpc.stub.ServerCalls$UnaryServerCallHandler$UnaryServerCallListener.onHalfClose(ServerCalls.java:171)
	at org.apache.ratis.thirdparty.io.grpc.internal.ServerCallImpl$ServerStreamListenerImpl.halfClosed(ServerCallImpl.java:283)
	at org.apache.ratis.thirdparty.io.grpc.internal.ServerImpl$JumpToApplicationThreadServerStreamListener$1HalfClosed.runInContext(ServerImpl.java:710)
	at org.apache.ratis.thirdparty.io.grpc.internal.ContextRunnable.run(ContextRunnable.java:37)
	at org.apache.ratis.thirdparty.io.grpc.internal.SerializingExecutor.run(SerializingExecutor.java:123)
	at java.util.concurrent.ThreadPoolExecutor.runWorker(ThreadPoolExecutor.java:1149)
	at java.util.concurrent.ThreadPoolExecutor$Worker.run(ThreadPoolExecutor.java:624)
	at java.lang.Thread.run(Thread.java:748)
2019-10-17 08:15:41,177 [adef743a-bc0e-4d16-adda-0d38b00cf468@group-B80ED2DD9319-SegmentedRaftLogWorker] INFO  segmented.SegmentedRaftLogWorker (SegmentedRaftLogWorker.java:execute(576)) - adef743a-bc0e-4d16-adda-0d38b00cf468@group-B80ED2DD9319-SegmentedRaftLogWorker: created new log segment /workdir/hadoop-ozone/tools/target/test-dir/MiniOzoneClusterImpl-ff932389-c3c3-49ee-b2aa-92e1f1f07a3e/datanode-2/data/ratis/25676598-417e-44a8-a952-b80ed2dd9319/current/log_inprogress_0
2019-10-17 08:15:41,182 [grpc-default-executor-2] INFO  impl.RaftServerProxy (RaftServerProxy.java:remove(95)) - d7926ef7-27aa-4029-a9d0-816772e9939f: remove group-B581561C0086:null
2019-10-17 08:15:41,190 [d7926ef7-27aa-4029-a9d0-816772e9939f@group-B80ED2DD9319-SegmentedRaftLogWorker] INFO  segmented.SegmentedRaftLogWorker (SegmentedRaftLogWorker.java:execute(576)) - d7926ef7-27aa-4029-a9d0-816772e9939f@group-B80ED2DD9319-SegmentedRaftLogWorker: created new log segment /workdir/hadoop-ozone/tools/target/test-dir/MiniOzoneClusterImpl-ff932389-c3c3-49ee-b2aa-92e1f1f07a3e/datanode-0/data/ratis/25676598-417e-44a8-a952-b80ed2dd9319/current/log_inprogress_0
2019-10-17 08:15:41,190 [9e584dc6-0265-4730-a72b-17c833240a34@group-B80ED2DD9319-SegmentedRaftLogWorker] INFO  segmented.SegmentedRaftLogWorker (SegmentedRaftLogWorker.java:execute(576)) - 9e584dc6-0265-4730-a72b-17c833240a34@group-B80ED2DD9319-SegmentedRaftLogWorker: created new log segment /workdir/hadoop-ozone/tools/target/test-dir/MiniOzoneClusterImpl-ff932389-c3c3-49ee-b2aa-92e1f1f07a3e/datanode-1/data/ratis/25676598-417e-44a8-a952-b80ed2dd9319/current/log_inprogress_0
2019-10-17 08:15:41,190 [EventQueue-PipelineReportForPipelineReportHandler] ERROR pipeline.PipelineReportHandler (PipelineReportHandler.java:onMessage(88)) - Could not process pipeline report=pipelineID {
  id: "2e3b7501-b5cb-446a-9d58-b581561c0086"
}
leaderID: "d7926ef7-27aa-4029-a9d0-816772e9939f"
 from dn=d7926ef7-27aa-4029-a9d0-816772e9939f{ip: 192.168.34.62, host: pr-hdds-1868-lzclr-202649289, networkLocation: /default-rack, certSerialId: null} {}
org.apache.ratis.protocol.GroupMismatchException: d7926ef7-27aa-4029-a9d0-816772e9939f: Group group-B581561C0086 not found.
	at org.apache.ratis.server.impl.RaftServerProxy.groupRemoveAsync(RaftServerProxy.java:402)
	at org.apache.ratis.server.impl.RaftServerProxy.groupManagementAsync(RaftServerProxy.java:367)
	at org.apache.ratis.grpc.server.GrpcAdminProtocolService.lambda$groupManagement$0(GrpcAdminProtocolService.java:42)
	at org.apache.ratis.grpc.GrpcUtil.asyncCall(GrpcUtil.java:140)
	at org.apache.ratis.grpc.server.GrpcAdminProtocolService.groupManagement(GrpcAdminProtocolService.java:42)
	at org.apache.ratis.proto.grpc.AdminProtocolServiceGrpc$MethodHandlers.invoke(AdminProtocolServiceGrpc.java:361)
	at org.apache.ratis.thirdparty.io.grpc.stub.ServerCalls$UnaryServerCallHandler$UnaryServerCallListener.onHalfClose(ServerCalls.java:171)
	at org.apache.ratis.thirdparty.io.grpc.internal.ServerCallImpl$ServerStreamListenerImpl.halfClosed(ServerCallImpl.java:283)
	at org.apache.ratis.thirdparty.io.grpc.internal.ServerImpl$JumpToApplicationThreadServerStreamListener$1HalfClosed.runInContext(ServerImpl.java:710)
	at org.apache.ratis.thirdparty.io.grpc.internal.ContextRunnable.run(ContextRunnable.java:37)
	at org.apache.ratis.thirdparty.io.grpc.internal.SerializingExecutor.run(SerializingExecutor.java:123)
	at java.util.concurrent.ThreadPoolExecutor.runWorker(ThreadPoolExecutor.java:1149)
	at java.util.concurrent.ThreadPoolExecutor$Worker.run(ThreadPoolExecutor.java:624)
	at java.lang.Thread.run(Thread.java:748)
2019-10-17 08:15:41,197 [grpc-default-executor-2] INFO  impl.RaftServerProxy (RaftServerProxy.java:remove(95)) - d7926ef7-27aa-4029-a9d0-816772e9939f: remove group-97B724006A0F:null
2019-10-17 08:15:41,200 [Thread-384] INFO  impl.FollowerState (FollowerState.java:run(108)) - adef743a-bc0e-4d16-adda-0d38b00cf468@group-F15EDDB49989-FollowerState: change to CANDIDATE, lastRpcTime:146ms, electionTimeout:145ms
2019-10-17 08:15:41,200 [Thread-384] INFO  impl.RoleInfo (RoleInfo.java:shutdownFollowerState(121)) - adef743a-bc0e-4d16-adda-0d38b00cf468: shutdown FollowerState
2019-10-17 08:15:41,200 [Thread-384] INFO  impl.RaftServerImpl (RaftServerImpl.java:setRole(184)) - adef743a-bc0e-4d16-adda-0d38b00cf468@group-F15EDDB49989: changes role from  FOLLOWER to CANDIDATE at term 5 for changeToCandidate
2019-10-17 08:15:41,200 [Thread-384] INFO  impl.RoleInfo (RoleInfo.java:updateAndGet(143)) - adef743a-bc0e-4d16-adda-0d38b00cf468: start LeaderElection
2019-10-17 08:15:41,208 [EventQueue-PipelineReportForPipelineReportHandler] ERROR pipeline.PipelineReportHandler (PipelineReportHandler.java:onMessage(88)) - Could not process pipeline report=pipelineID {
  id: "777e2e62-6ee5-4872-aa29-97b724006a0f"
}
leaderID: ""
 from dn=d7926ef7-27aa-4029-a9d0-816772e9939f{ip: 192.168.34.62, host: pr-hdds-1868-lzclr-202649289, networkLocation: /default-rack, certSerialId: null} {}
org.apache.ratis.protocol.GroupMismatchException: d7926ef7-27aa-4029-a9d0-816772e9939f: Group group-97B724006A0F not found.
	at org.apache.ratis.server.impl.RaftServerProxy.groupRemoveAsync(RaftServerProxy.java:402)
	at org.apache.ratis.server.impl.RaftServerProxy.groupManagementAsync(RaftServerProxy.java:367)
	at org.apache.ratis.grpc.server.GrpcAdminProtocolService.lambda$groupManagement$0(GrpcAdminProtocolService.java:42)
	at org.apache.ratis.grpc.GrpcUtil.asyncCall(GrpcUtil.java:140)
	at org.apache.ratis.grpc.server.GrpcAdminProtocolService.groupManagement(GrpcAdminProtocolService.java:42)
	at org.apache.ratis.proto.grpc.AdminProtocolServiceGrpc$MethodHandlers.invoke(AdminProtocolServiceGrpc.java:361)
	at org.apache.ratis.thirdparty.io.grpc.stub.ServerCalls$UnaryServerCallHandler$UnaryServerCallListener.onHalfClose(ServerCalls.java:171)
	at org.apache.ratis.thirdparty.io.grpc.internal.ServerCallImpl$ServerStreamListenerImpl.halfClosed(ServerCallImpl.java:283)
	at org.apache.ratis.thirdparty.io.grpc.internal.ServerImpl$JumpToApplicationThreadServerStreamListener$1HalfClosed.runInContext(ServerImpl.java:710)
	at org.apache.ratis.thirdparty.io.grpc.internal.ContextRunnable.run(ContextRunnable.java:37)
	at org.apache.ratis.thirdparty.io.grpc.internal.SerializingExecutor.run(SerializingExecutor.java:123)
	at java.util.concurrent.ThreadPoolExecutor.runWorker(ThreadPoolExecutor.java:1149)
	at java.util.concurrent.ThreadPoolExecutor$Worker.run(ThreadPoolExecutor.java:624)
	at java.lang.Thread.run(Thread.java:748)
2019-10-17 08:15:41,214 [grpc-default-executor-2] INFO  impl.RaftServerProxy (RaftServerProxy.java:remove(95)) - d7926ef7-27aa-4029-a9d0-816772e9939f: remove group-69AA97A4A626:null
2019-10-17 08:15:41,222 [adef743a-bc0e-4d16-adda-0d38b00cf468@group-F15EDDB49989-LeaderElection26] INFO  impl.LeaderElection (LeaderElection.java:askForVotes(178)) - adef743a-bc0e-4d16-adda-0d38b00cf468@group-F15EDDB49989-LeaderElection26: begin an election at term 6 for -1: [9e584dc6-0265-4730-a72b-17c833240a34:192.168.34.62:34940, adef743a-bc0e-4d16-adda-0d38b00cf468:192.168.34.62:36240, d7926ef7-27aa-4029-a9d0-816772e9939f:192.168.34.62:44705], old=null
2019-10-17 08:15:41,234 [grpc-default-executor-2] WARN  server.GrpcServerProtocolService (LogUtils.java:warn(136)) - 9e584dc6-0265-4730-a72b-17c833240a34: Failed requestVote adef743a-bc0e-4d16-adda-0d38b00cf468->9e584dc6-0265-4730-a72b-17c833240a34#0
org.apache.ratis.protocol.GroupMismatchException: 9e584dc6-0265-4730-a72b-17c833240a34: group-F15EDDB49989 not found.
	at org.apache.ratis.server.impl.RaftServerProxy$ImplMap.get(RaftServerProxy.java:122)
	at org.apache.ratis.server.impl.RaftServerProxy.getImplFuture(RaftServerProxy.java:269)
	at org.apache.ratis.server.impl.RaftServerProxy.getImpl(RaftServerProxy.java:278)
	at org.apache.ratis.server.impl.RaftServerProxy.getImpl(RaftServerProxy.java:273)
	at org.apache.ratis.server.impl.RaftServerProxy.requestVote(RaftServerProxy.java:443)
	at org.apache.ratis.grpc.server.GrpcServerProtocolService.requestVote(GrpcServerProtocolService.java:142)
	at org.apache.ratis.proto.grpc.RaftServerProtocolServiceGrpc$MethodHandlers.invoke(RaftServerProtocolServiceGrpc.java:319)
	at org.apache.ratis.thirdparty.io.grpc.stub.ServerCalls$UnaryServerCallHandler$UnaryServerCallListener.onHalfClose(ServerCalls.java:171)
	at org.apache.ratis.thirdparty.io.grpc.internal.ServerCallImpl$ServerStreamListenerImpl.halfClosed(ServerCallImpl.java:283)
	at org.apache.ratis.thirdparty.io.grpc.internal.ServerImpl$JumpToApplicationThreadServerStreamListener$1HalfClosed.runInContext(ServerImpl.java:710)
	at org.apache.ratis.thirdparty.io.grpc.internal.ContextRunnable.run(ContextRunnable.java:37)
	at org.apache.ratis.thirdparty.io.grpc.internal.SerializingExecutor.run(SerializingExecutor.java:123)
	at java.util.concurrent.ThreadPoolExecutor.runWorker(ThreadPoolExecutor.java:1149)
	at java.util.concurrent.ThreadPoolExecutor$Worker.run(ThreadPoolExecutor.java:624)
	at java.lang.Thread.run(Thread.java:748)
2019-10-17 08:15:41,235 [grpc-default-executor-9] WARN  server.GrpcServerProtocolService (LogUtils.java:warn(136)) - d7926ef7-27aa-4029-a9d0-816772e9939f: Failed requestVote adef743a-bc0e-4d16-adda-0d38b00cf468->d7926ef7-27aa-4029-a9d0-816772e9939f#0
org.apache.ratis.protocol.GroupMismatchException: d7926ef7-27aa-4029-a9d0-816772e9939f: group-F15EDDB49989 not found.
	at org.apache.ratis.server.impl.RaftServerProxy$ImplMap.get(RaftServerProxy.java:122)
	at org.apache.ratis.server.impl.RaftServerProxy.getImplFuture(RaftServerProxy.java:269)
	at org.apache.ratis.server.impl.RaftServerProxy.getImpl(RaftServerProxy.java:278)
	at org.apache.ratis.server.impl.RaftServerProxy.getImpl(RaftServerProxy.java:273)
	at org.apache.ratis.server.impl.RaftServerProxy.requestVote(RaftServerProxy.java:443)
	at org.apache.ratis.grpc.server.GrpcServerProtocolService.requestVote(GrpcServerProtocolService.java:142)
	at org.apache.ratis.proto.grpc.RaftServerProtocolServiceGrpc$MethodHandlers.invoke(RaftServerProtocolServiceGrpc.java:319)
	at org.apache.ratis.thirdparty.io.grpc.stub.ServerCalls$UnaryServerCallHandler$UnaryServerCallListener.onHalfClose(ServerCalls.java:171)
	at org.apache.ratis.thirdparty.io.grpc.internal.ServerCallImpl$ServerStreamListenerImpl.halfClosed(ServerCallImpl.java:283)
	at org.apache.ratis.thirdparty.io.grpc.internal.ServerImpl$JumpToApplicationThreadServerStreamListener$1HalfClosed.runInContext(ServerImpl.java:710)
	at org.apache.ratis.thirdparty.io.grpc.internal.ContextRunnable.run(ContextRunnable.java:37)
	at org.apache.ratis.thirdparty.io.grpc.internal.SerializingExecutor.run(SerializingExecutor.java:123)
	at java.util.concurrent.ThreadPoolExecutor.runWorker(ThreadPoolExecutor.java:1149)
	at java.util.concurrent.ThreadPoolExecutor$Worker.run(ThreadPoolExecutor.java:624)
	at java.lang.Thread.run(Thread.java:748)
2019-10-17 08:15:41,236 [adef743a-bc0e-4d16-adda-0d38b00cf468@group-F15EDDB49989-LeaderElection26] INFO  impl.LeaderElection (LogUtils.java:infoOrTrace(149)) - adef743a-bc0e-4d16-adda-0d38b00cf468@group-F15EDDB49989-LeaderElection26 got exception when requesting votes: {}
java.util.concurrent.ExecutionException: org.apache.ratis.thirdparty.io.grpc.StatusRuntimeException: INTERNAL: 9e584dc6-0265-4730-a72b-17c833240a34: group-F15EDDB49989 not found.
	at java.util.concurrent.FutureTask.report(FutureTask.java:122)
	at java.util.concurrent.FutureTask.get(FutureTask.java:192)
	at org.apache.ratis.server.impl.LeaderElection.waitForResults(LeaderElection.java:259)
	at org.apache.ratis.server.impl.LeaderElection.askForVotes(LeaderElection.java:197)
	at org.apache.ratis.server.impl.LeaderElection.run(LeaderElection.java:133)
	at java.lang.Thread.run(Thread.java:748)
Caused by: org.apache.ratis.thirdparty.io.grpc.StatusRuntimeException: INTERNAL: 9e584dc6-0265-4730-a72b-17c833240a34: group-F15EDDB49989 not found.
	at org.apache.ratis.thirdparty.io.grpc.stub.ClientCalls.toStatusRuntimeException(ClientCalls.java:233)
	at org.apache.ratis.thirdparty.io.grpc.stub.ClientCalls.getUnchecked(ClientCalls.java:214)
	at org.apache.ratis.thirdparty.io.grpc.stub.ClientCalls.blockingUnaryCall(ClientCalls.java:139)
	at org.apache.ratis.proto.grpc.RaftServerProtocolServiceGrpc$RaftServerProtocolServiceBlockingStub.requestVote(RaftServerProtocolServiceGrpc.java:265)
	at org.apache.ratis.grpc.server.GrpcServerProtocolClient.requestVote(GrpcServerProtocolClient.java:99)
	at org.apache.ratis.grpc.server.GrpcService.requestVote(GrpcService.java:204)
	at org.apache.ratis.server.impl.LeaderElection.lambda$submitRequests$1(LeaderElection.java:234)
	at java.util.concurrent.FutureTask.run(FutureTask.java:266)
	at java.util.concurrent.Executors$RunnableAdapter.call(Executors.java:511)
	at java.util.concurrent.FutureTask.run(FutureTask.java:266)
	at java.util.concurrent.ThreadPoolExecutor.runWorker(ThreadPoolExecutor.java:1149)
	at java.util.concurrent.ThreadPoolExecutor$Worker.run(ThreadPoolExecutor.java:624)
	... 1 more
2019-10-17 08:15:41,238 [EventQueue-PipelineReportForPipelineReportHandler] ERROR pipeline.PipelineReportHandler (PipelineReportHandler.java:onMessage(88)) - Could not process pipeline report=pipelineID {
  id: "27656f7b-31f1-4418-a500-69aa97a4a626"
}
leaderID: ""
 from dn=d7926ef7-27aa-4029-a9d0-816772e9939f{ip: 192.168.34.62, host: pr-hdds-1868-lzclr-202649289, networkLocation: /default-rack, certSerialId: null} {}
org.apache.ratis.protocol.GroupMismatchException: d7926ef7-27aa-4029-a9d0-816772e9939f: Group group-69AA97A4A626 not found.
	at org.apache.ratis.server.impl.RaftServerProxy.groupRemoveAsync(RaftServerProxy.java:402)
	at org.apache.ratis.server.impl.RaftServerProxy.groupManagementAsync(RaftServerProxy.java:367)
	at org.apache.ratis.grpc.server.GrpcAdminProtocolService.lambda$groupManagement$0(GrpcAdminProtocolService.java:42)
	at org.apache.ratis.grpc.GrpcUtil.asyncCall(GrpcUtil.java:140)
	at org.apache.ratis.grpc.server.GrpcAdminProtocolService.groupManagement(GrpcAdminProtocolService.java:42)
	at org.apache.ratis.proto.grpc.AdminProtocolServiceGrpc$MethodHandlers.invoke(AdminProtocolServiceGrpc.java:361)
	at org.apache.ratis.thirdparty.io.grpc.stub.ServerCalls$UnaryServerCallHandler$UnaryServerCallListener.onHalfClose(ServerCalls.java:171)
	at org.apache.ratis.thirdparty.io.grpc.internal.ServerCallImpl$ServerStreamListenerImpl.halfClosed(ServerCallImpl.java:283)
	at org.apache.ratis.thirdparty.io.grpc.internal.ServerImpl$JumpToApplicationThreadServerStreamListener$1HalfClosed.runInContext(ServerImpl.java:710)
	at org.apache.ratis.thirdparty.io.grpc.internal.ContextRunnable.run(ContextRunnable.java:37)
	at org.apache.ratis.thirdparty.io.grpc.internal.SerializingExecutor.run(SerializingExecutor.java:123)
	at java.util.concurrent.ThreadPoolExecutor.runWorker(ThreadPoolExecutor.java:1149)
	at java.util.concurrent.ThreadPoolExecutor$Worker.run(ThreadPoolExecutor.java:624)
	at java.lang.Thread.run(Thread.java:748)
2019-10-17 08:15:41,246 [adef743a-bc0e-4d16-adda-0d38b00cf468@group-F15EDDB49989-LeaderElection26] INFO  impl.LeaderElection (LogUtils.java:infoOrTrace(149)) - adef743a-bc0e-4d16-adda-0d38b00cf468@group-F15EDDB49989-LeaderElection26 got exception when requesting votes: {}
java.util.concurrent.ExecutionException: org.apache.ratis.thirdparty.io.grpc.StatusRuntimeException: INTERNAL: d7926ef7-27aa-4029-a9d0-816772e9939f: group-F15EDDB49989 not found.
	at java.util.concurrent.FutureTask.report(FutureTask.java:122)
	at java.util.concurrent.FutureTask.get(FutureTask.java:192)
	at org.apache.ratis.server.impl.LeaderElection.waitForResults(LeaderElection.java:259)
	at org.apache.ratis.server.impl.LeaderElection.askForVotes(LeaderElection.java:197)
	at org.apache.ratis.server.impl.LeaderElection.run(LeaderElection.java:133)
	at java.lang.Thread.run(Thread.java:748)
Caused by: org.apache.ratis.thirdparty.io.grpc.StatusRuntimeException: INTERNAL: d7926ef7-27aa-4029-a9d0-816772e9939f: group-F15EDDB49989 not found.
	at org.apache.ratis.thirdparty.io.grpc.stub.ClientCalls.toStatusRuntimeException(ClientCalls.java:233)
	at org.apache.ratis.thirdparty.io.grpc.stub.ClientCalls.getUnchecked(ClientCalls.java:214)
	at org.apache.ratis.thirdparty.io.grpc.stub.ClientCalls.blockingUnaryCall(ClientCalls.java:139)
	at org.apache.ratis.proto.grpc.RaftServerProtocolServiceGrpc$RaftServerProtocolServiceBlockingStub.requestVote(RaftServerProtocolServiceGrpc.java:265)
	at org.apache.ratis.grpc.server.GrpcServerProtocolClient.requestVote(GrpcServerProtocolClient.java:99)
	at org.apache.ratis.grpc.server.GrpcService.requestVote(GrpcService.java:204)
	at org.apache.ratis.server.impl.LeaderElection.lambda$submitRequests$1(LeaderElection.java:234)
	at java.util.concurrent.FutureTask.run(FutureTask.java:266)
	at java.util.concurrent.Executors$RunnableAdapter.call(Executors.java:511)
	at java.util.concurrent.FutureTask.run(FutureTask.java:266)
	at java.util.concurrent.ThreadPoolExecutor.runWorker(ThreadPoolExecutor.java:1149)
	at java.util.concurrent.ThreadPoolExecutor$Worker.run(ThreadPoolExecutor.java:624)
	... 1 more
2019-10-17 08:15:41,247 [EventQueue-PipelineReportForPipelineReportHandler] INFO  pipeline.PipelineReportHandler (PipelineReportHandler.java:processPipelineReport(119)) - Pipeline PipelineID=25676598-417e-44a8-a952-b80ed2dd9319 reported by d7926ef7-27aa-4029-a9d0-816772e9939f{ip: 192.168.34.62, host: pr-hdds-1868-lzclr-202649289, networkLocation: /default-rack, certSerialId: null} with leaderId 
2019-10-17 08:15:41,247 [adef743a-bc0e-4d16-adda-0d38b00cf468@group-F15EDDB49989-LeaderElection26] INFO  impl.LeaderElection (LeaderElection.java:logAndReturn(56)) - adef743a-bc0e-4d16-adda-0d38b00cf468@group-F15EDDB49989-LeaderElection26: Election REJECTED; received 0 response(s) [] and 2 exception(s); adef743a-bc0e-4d16-adda-0d38b00cf468@group-F15EDDB49989:t6, leader=null, voted=adef743a-bc0e-4d16-adda-0d38b00cf468, raftlog=adef743a-bc0e-4d16-adda-0d38b00cf468@group-F15EDDB49989-SegmentedRaftLog:OPENED:c-1,f-1,i0, conf=-1: [9e584dc6-0265-4730-a72b-17c833240a34:192.168.34.62:34940, adef743a-bc0e-4d16-adda-0d38b00cf468:192.168.34.62:36240, d7926ef7-27aa-4029-a9d0-816772e9939f:192.168.34.62:44705], old=null
2019-10-17 08:15:41,247 [adef743a-bc0e-4d16-adda-0d38b00cf468@group-F15EDDB49989-LeaderElection26] INFO  impl.LeaderElection (LogUtils.java:infoOrTrace(149)) -   Exception 0: {}
java.util.concurrent.ExecutionException: org.apache.ratis.thirdparty.io.grpc.StatusRuntimeException: INTERNAL: 9e584dc6-0265-4730-a72b-17c833240a34: group-F15EDDB49989 not found.
	at java.util.concurrent.FutureTask.report(FutureTask.java:122)
	at java.util.concurrent.FutureTask.get(FutureTask.java:192)
	at org.apache.ratis.server.impl.LeaderElection.waitForResults(LeaderElection.java:259)
	at org.apache.ratis.server.impl.LeaderElection.askForVotes(LeaderElection.java:197)
	at org.apache.ratis.server.impl.LeaderElection.run(LeaderElection.java:133)
	at java.lang.Thread.run(Thread.java:748)
Caused by: org.apache.ratis.thirdparty.io.grpc.StatusRuntimeException: INTERNAL: 9e584dc6-0265-4730-a72b-17c833240a34: group-F15EDDB49989 not found.
	at org.apache.ratis.thirdparty.io.grpc.stub.ClientCalls.toStatusRuntimeException(ClientCalls.java:233)
	at org.apache.ratis.thirdparty.io.grpc.stub.ClientCalls.getUnchecked(ClientCalls.java:214)
	at org.apache.ratis.thirdparty.io.grpc.stub.ClientCalls.blockingUnaryCall(ClientCalls.java:139)
	at org.apache.ratis.proto.grpc.RaftServerProtocolServiceGrpc$RaftServerProtocolServiceBlockingStub.requestVote(RaftServerProtocolServiceGrpc.java:265)
	at org.apache.ratis.grpc.server.GrpcServerProtocolClient.requestVote(GrpcServerProtocolClient.java:99)
	at org.apache.ratis.grpc.server.GrpcService.requestVote(GrpcService.java:204)
	at org.apache.ratis.server.impl.LeaderElection.lambda$submitRequests$1(LeaderElection.java:234)
	at java.util.concurrent.FutureTask.run(FutureTask.java:266)
	at java.util.concurrent.Executors$RunnableAdapter.call(Executors.java:511)
	at java.util.concurrent.FutureTask.run(FutureTask.java:266)
	at java.util.concurrent.ThreadPoolExecutor.runWorker(ThreadPoolExecutor.java:1149)
	at java.util.concurrent.ThreadPoolExecutor$Worker.run(ThreadPoolExecutor.java:624)
	... 1 more
2019-10-17 08:15:41,248 [adef743a-bc0e-4d16-adda-0d38b00cf468@group-F15EDDB49989-LeaderElection26] INFO  impl.LeaderElection (LogUtils.java:infoOrTrace(149)) -   Exception 1: {}
java.util.concurrent.ExecutionException: org.apache.ratis.thirdparty.io.grpc.StatusRuntimeException: INTERNAL: d7926ef7-27aa-4029-a9d0-816772e9939f: group-F15EDDB49989 not found.
	at java.util.concurrent.FutureTask.report(FutureTask.java:122)
	at java.util.concurrent.FutureTask.get(FutureTask.java:192)
	at org.apache.ratis.server.impl.LeaderElection.waitForResults(LeaderElection.java:259)
	at org.apache.ratis.server.impl.LeaderElection.askForVotes(LeaderElection.java:197)
	at org.apache.ratis.server.impl.LeaderElection.run(LeaderElection.java:133)
	at java.lang.Thread.run(Thread.java:748)
Caused by: org.apache.ratis.thirdparty.io.grpc.StatusRuntimeException: INTERNAL: d7926ef7-27aa-4029-a9d0-816772e9939f: group-F15EDDB49989 not found.
	at org.apache.ratis.thirdparty.io.grpc.stub.ClientCalls.toStatusRuntimeException(ClientCalls.java:233)
	at org.apache.ratis.thirdparty.io.grpc.stub.ClientCalls.getUnchecked(ClientCalls.java:214)
	at org.apache.ratis.thirdparty.io.grpc.stub.ClientCalls.blockingUnaryCall(ClientCalls.java:139)
	at org.apache.ratis.proto.grpc.RaftServerProtocolServiceGrpc$RaftServerProtocolServiceBlockingStub.requestVote(RaftServerProtocolServiceGrpc.java:265)
	at org.apache.ratis.grpc.server.GrpcServerProtocolClient.requestVote(GrpcServerProtocolClient.java:99)
	at org.apache.ratis.grpc.server.GrpcService.requestVote(GrpcService.java:204)
	at org.apache.ratis.server.impl.LeaderElection.lambda$submitRequests$1(LeaderElection.java:234)
	at java.util.concurrent.FutureTask.run(FutureTask.java:266)
	at java.util.concurrent.Executors$RunnableAdapter.call(Executors.java:511)
	at java.util.concurrent.FutureTask.run(FutureTask.java:266)
	at java.util.concurrent.ThreadPoolExecutor.runWorker(ThreadPoolExecutor.java:1149)
	at java.util.concurrent.ThreadPoolExecutor$Worker.run(ThreadPoolExecutor.java:624)
	... 1 more
2019-10-17 08:15:41,248 [adef743a-bc0e-4d16-adda-0d38b00cf468@group-F15EDDB49989-LeaderElection26] INFO  impl.RaftServerImpl (RaftServerImpl.java:setRole(184)) - adef743a-bc0e-4d16-adda-0d38b00cf468@group-F15EDDB49989: changes role from CANDIDATE to FOLLOWER at term 6 for DISCOVERED_A_NEW_TERM
2019-10-17 08:15:41,248 [adef743a-bc0e-4d16-adda-0d38b00cf468@group-F15EDDB49989-LeaderElection26] INFO  impl.RoleInfo (RoleInfo.java:shutdownLeaderElection(134)) - adef743a-bc0e-4d16-adda-0d38b00cf468: shutdown LeaderElection
2019-10-17 08:15:41,252 [adef743a-bc0e-4d16-adda-0d38b00cf468@group-F15EDDB49989-LeaderElection26] INFO  impl.RoleInfo (RoleInfo.java:updateAndGet(143)) - adef743a-bc0e-4d16-adda-0d38b00cf468: start FollowerState
2019-10-17 08:15:41,255 [grpc-default-executor-9] INFO  impl.RaftServerProxy (RaftServerProxy.java:remove(95)) - d7926ef7-27aa-4029-a9d0-816772e9939f: remove group-95777FC81C2B:null
2019-10-17 08:15:41,268 [EventQueue-PipelineReportForPipelineReportHandler] ERROR pipeline.PipelineReportHandler (PipelineReportHandler.java:onMessage(88)) - Could not process pipeline report=pipelineID {
  id: "6a58a868-505c-4ad2-888f-95777fc81c2b"
}
leaderID: "d7926ef7-27aa-4029-a9d0-816772e9939f"
 from dn=d7926ef7-27aa-4029-a9d0-816772e9939f{ip: 192.168.34.62, host: pr-hdds-1868-lzclr-202649289, networkLocation: /default-rack, certSerialId: null} {}
org.apache.ratis.protocol.GroupMismatchException: d7926ef7-27aa-4029-a9d0-816772e9939f: Group group-95777FC81C2B not found.
	at org.apache.ratis.server.impl.RaftServerProxy.groupRemoveAsync(RaftServerProxy.java:402)
	at org.apache.ratis.server.impl.RaftServerProxy.groupManagementAsync(RaftServerProxy.java:367)
	at org.apache.ratis.grpc.server.GrpcAdminProtocolService.lambda$groupManagement$0(GrpcAdminProtocolService.java:42)
	at org.apache.ratis.grpc.GrpcUtil.asyncCall(GrpcUtil.java:140)
	at org.apache.ratis.grpc.server.GrpcAdminProtocolService.groupManagement(GrpcAdminProtocolService.java:42)
	at org.apache.ratis.proto.grpc.AdminProtocolServiceGrpc$MethodHandlers.invoke(AdminProtocolServiceGrpc.java:361)
	at org.apache.ratis.thirdparty.io.grpc.stub.ServerCalls$UnaryServerCallHandler$UnaryServerCallListener.onHalfClose(ServerCalls.java:171)
	at org.apache.ratis.thirdparty.io.grpc.internal.ServerCallImpl$ServerStreamListenerImpl.halfClosed(ServerCallImpl.java:283)
	at org.apache.ratis.thirdparty.io.grpc.internal.ServerImpl$JumpToApplicationThreadServerStreamListener$1HalfClosed.runInContext(ServerImpl.java:710)
	at org.apache.ratis.thirdparty.io.grpc.internal.ContextRunnable.run(ContextRunnable.java:37)
	at org.apache.ratis.thirdparty.io.grpc.internal.SerializingExecutor.run(SerializingExecutor.java:123)
	at java.util.concurrent.ThreadPoolExecutor.runWorker(ThreadPoolExecutor.java:1149)
	at java.util.concurrent.ThreadPoolExecutor$Worker.run(ThreadPoolExecutor.java:624)
	at java.lang.Thread.run(Thread.java:748)
2019-10-17 08:15:41,273 [grpc-default-executor-9] INFO  impl.RaftServerProxy (RaftServerProxy.java:remove(95)) - d7926ef7-27aa-4029-a9d0-816772e9939f: remove group-B581561C0086:null
2019-10-17 08:15:41,295 [EventQueue-PipelineReportForPipelineReportHandler] ERROR pipeline.PipelineReportHandler (PipelineReportHandler.java:onMessage(88)) - Could not process pipeline report=pipelineID {
  id: "2e3b7501-b5cb-446a-9d58-b581561c0086"
}
leaderID: "d7926ef7-27aa-4029-a9d0-816772e9939f"
 from dn=d7926ef7-27aa-4029-a9d0-816772e9939f{ip: 192.168.34.62, host: pr-hdds-1868-lzclr-202649289, networkLocation: /default-rack, certSerialId: null} {}
org.apache.ratis.protocol.GroupMismatchException: d7926ef7-27aa-4029-a9d0-816772e9939f: Group group-B581561C0086 not found.
	at org.apache.ratis.server.impl.RaftServerProxy.groupRemoveAsync(RaftServerProxy.java:402)
	at org.apache.ratis.server.impl.RaftServerProxy.groupManagementAsync(RaftServerProxy.java:367)
	at org.apache.ratis.grpc.server.GrpcAdminProtocolService.lambda$groupManagement$0(GrpcAdminProtocolService.java:42)
	at org.apache.ratis.grpc.GrpcUtil.asyncCall(GrpcUtil.java:140)
	at org.apache.ratis.grpc.server.GrpcAdminProtocolService.groupManagement(GrpcAdminProtocolService.java:42)
	at org.apache.ratis.proto.grpc.AdminProtocolServiceGrpc$MethodHandlers.invoke(AdminProtocolServiceGrpc.java:361)
	at org.apache.ratis.thirdparty.io.grpc.stub.ServerCalls$UnaryServerCallHandler$UnaryServerCallListener.onHalfClose(ServerCalls.java:171)
	at org.apache.ratis.thirdparty.io.grpc.internal.ServerCallImpl$ServerStreamListenerImpl.halfClosed(ServerCallImpl.java:283)
	at org.apache.ratis.thirdparty.io.grpc.internal.ServerImpl$JumpToApplicationThreadServerStreamListener$1HalfClosed.runInContext(ServerImpl.java:710)
	at org.apache.ratis.thirdparty.io.grpc.internal.ContextRunnable.run(ContextRunnable.java:37)
	at org.apache.ratis.thirdparty.io.grpc.internal.SerializingExecutor.run(SerializingExecutor.java:123)
	at java.util.concurrent.ThreadPoolExecutor.runWorker(ThreadPoolExecutor.java:1149)
	at java.util.concurrent.ThreadPoolExecutor$Worker.run(ThreadPoolExecutor.java:624)
	at java.lang.Thread.run(Thread.java:748)
2019-10-17 08:15:41,313 [grpc-default-executor-9] INFO  impl.RaftServerProxy (RaftServerProxy.java:remove(95)) - d7926ef7-27aa-4029-a9d0-816772e9939f: remove group-97B724006A0F:null
2019-10-17 08:15:41,320 [EventQueue-PipelineReportForPipelineReportHandler] ERROR pipeline.PipelineReportHandler (PipelineReportHandler.java:onMessage(88)) - Could not process pipeline report=pipelineID {
  id: "777e2e62-6ee5-4872-aa29-97b724006a0f"
}
leaderID: "d7926ef7-27aa-4029-a9d0-816772e9939f"
 from dn=d7926ef7-27aa-4029-a9d0-816772e9939f{ip: 192.168.34.62, host: pr-hdds-1868-lzclr-202649289, networkLocation: /default-rack, certSerialId: null} {}
org.apache.ratis.protocol.GroupMismatchException: d7926ef7-27aa-4029-a9d0-816772e9939f: Group group-97B724006A0F not found.
	at org.apache.ratis.server.impl.RaftServerProxy.groupRemoveAsync(RaftServerProxy.java:402)
	at org.apache.ratis.server.impl.RaftServerProxy.groupManagementAsync(RaftServerProxy.java:367)
	at org.apache.ratis.grpc.server.GrpcAdminProtocolService.lambda$groupManagement$0(GrpcAdminProtocolService.java:42)
	at org.apache.ratis.grpc.GrpcUtil.asyncCall(GrpcUtil.java:140)
	at org.apache.ratis.grpc.server.GrpcAdminProtocolService.groupManagement(GrpcAdminProtocolService.java:42)
	at org.apache.ratis.proto.grpc.AdminProtocolServiceGrpc$MethodHandlers.invoke(AdminProtocolServiceGrpc.java:361)
	at org.apache.ratis.thirdparty.io.grpc.stub.ServerCalls$UnaryServerCallHandler$UnaryServerCallListener.onHalfClose(ServerCalls.java:171)
	at org.apache.ratis.thirdparty.io.grpc.internal.ServerCallImpl$ServerStreamListenerImpl.halfClosed(ServerCallImpl.java:283)
	at org.apache.ratis.thirdparty.io.grpc.internal.ServerImpl$JumpToApplicationThreadServerStreamListener$1HalfClosed.runInContext(ServerImpl.java:710)
	at org.apache.ratis.thirdparty.io.grpc.internal.ContextRunnable.run(ContextRunnable.java:37)
	at org.apache.ratis.thirdparty.io.grpc.internal.SerializingExecutor.run(SerializingExecutor.java:123)
	at java.util.concurrent.ThreadPoolExecutor.runWorker(ThreadPoolExecutor.java:1149)
	at java.util.concurrent.ThreadPoolExecutor$Worker.run(ThreadPoolExecutor.java:624)
	at java.lang.Thread.run(Thread.java:748)
2019-10-17 08:15:41,325 [grpc-default-executor-9] INFO  impl.RaftServerProxy (RaftServerProxy.java:remove(95)) - d7926ef7-27aa-4029-a9d0-816772e9939f: remove group-69AA97A4A626:null
2019-10-17 08:15:41,331 [EventQueue-PipelineReportForPipelineReportHandler] ERROR pipeline.PipelineReportHandler (PipelineReportHandler.java:onMessage(88)) - Could not process pipeline report=pipelineID {
  id: "27656f7b-31f1-4418-a500-69aa97a4a626"
}
leaderID: ""
 from dn=d7926ef7-27aa-4029-a9d0-816772e9939f{ip: 192.168.34.62, host: pr-hdds-1868-lzclr-202649289, networkLocation: /default-rack, certSerialId: null} {}
org.apache.ratis.protocol.GroupMismatchException: d7926ef7-27aa-4029-a9d0-816772e9939f: Group group-69AA97A4A626 not found.
	at org.apache.ratis.server.impl.RaftServerProxy.groupRemoveAsync(RaftServerProxy.java:402)
	at org.apache.ratis.server.impl.RaftServerProxy.groupManagementAsync(RaftServerProxy.java:367)
	at org.apache.ratis.grpc.server.GrpcAdminProtocolService.lambda$groupManagement$0(GrpcAdminProtocolService.java:42)
	at org.apache.ratis.grpc.GrpcUtil.asyncCall(GrpcUtil.java:140)
	at org.apache.ratis.grpc.server.GrpcAdminProtocolService.groupManagement(GrpcAdminProtocolService.java:42)
	at org.apache.ratis.proto.grpc.AdminProtocolServiceGrpc$MethodHandlers.invoke(AdminProtocolServiceGrpc.java:361)
	at org.apache.ratis.thirdparty.io.grpc.stub.ServerCalls$UnaryServerCallHandler$UnaryServerCallListener.onHalfClose(ServerCalls.java:171)
	at org.apache.ratis.thirdparty.io.grpc.internal.ServerCallImpl$ServerStreamListenerImpl.halfClosed(ServerCallImpl.java:283)
	at org.apache.ratis.thirdparty.io.grpc.internal.ServerImpl$JumpToApplicationThreadServerStreamListener$1HalfClosed.runInContext(ServerImpl.java:710)
	at org.apache.ratis.thirdparty.io.grpc.internal.ContextRunnable.run(ContextRunnable.java:37)
	at org.apache.ratis.thirdparty.io.grpc.internal.SerializingExecutor.run(SerializingExecutor.java:123)
	at java.util.concurrent.ThreadPoolExecutor.runWorker(ThreadPoolExecutor.java:1149)
	at java.util.concurrent.ThreadPoolExecutor$Worker.run(ThreadPoolExecutor.java:624)
	at java.lang.Thread.run(Thread.java:748)
2019-10-17 08:15:41,336 [grpc-default-executor-9] INFO  impl.RaftServerProxy (RaftServerProxy.java:remove(95)) - adef743a-bc0e-4d16-adda-0d38b00cf468: remove  FOLLOWER adef743a-bc0e-4d16-adda-0d38b00cf468@group-F15EDDB49989:t6, leader=null, voted=adef743a-bc0e-4d16-adda-0d38b00cf468, raftlog=adef743a-bc0e-4d16-adda-0d38b00cf468@group-F15EDDB49989-SegmentedRaftLog:OPENED:c-1,f-1,i0, conf=-1: [9e584dc6-0265-4730-a72b-17c833240a34:192.168.34.62:34940, adef743a-bc0e-4d16-adda-0d38b00cf468:192.168.34.62:36240, d7926ef7-27aa-4029-a9d0-816772e9939f:192.168.34.62:44705], old=null RUNNING
2019-10-17 08:15:41,336 [grpc-default-executor-9] INFO  impl.RaftServerImpl (RaftServerImpl.java:lambda$shutdown$3(261)) - adef743a-bc0e-4d16-adda-0d38b00cf468@group-F15EDDB49989: shutdown
2019-10-17 08:15:41,336 [grpc-default-executor-9] INFO  util.JmxRegister (JmxRegister.java:unregister(73)) - Successfully un-registered JMX Bean with object name Ratis:service=RaftServer,group=group-F15EDDB49989,id=adef743a-bc0e-4d16-adda-0d38b00cf468
2019-10-17 08:15:41,337 [grpc-default-executor-9] INFO  impl.RoleInfo (RoleInfo.java:shutdownFollowerState(121)) - adef743a-bc0e-4d16-adda-0d38b00cf468: shutdown FollowerState
2019-10-17 08:15:41,337 [grpc-default-executor-9] INFO  impl.StateMachineUpdater (StateMachineUpdater.java:stopAndJoin(136)) - adef743a-bc0e-4d16-adda-0d38b00cf468@group-F15EDDB49989-StateMachineUpdater: set stopIndex = -1
2019-10-17 08:15:41,337 [Thread-402] INFO  impl.FollowerState (FollowerState.java:run(117)) - adef743a-bc0e-4d16-adda-0d38b00cf468@group-F15EDDB49989-FollowerState was interrupted: java.lang.InterruptedException: sleep interrupted
2019-10-17 08:15:41,337 [grpc-default-executor-9] INFO  impl.RaftServerImpl (ServerState.java:close(388)) - adef743a-bc0e-4d16-adda-0d38b00cf468@group-F15EDDB49989: closes. applyIndex: -1
2019-10-17 08:15:41,339 [adef743a-bc0e-4d16-adda-0d38b00cf468@group-F15EDDB49989-SegmentedRaftLogWorker] INFO  segmented.SegmentedRaftLogWorker (SegmentedRaftLogWorker.java:run(316)) - adef743a-bc0e-4d16-adda-0d38b00cf468@group-F15EDDB49989-SegmentedRaftLogWorker was interrupted, exiting. There are 0 tasks remaining in the queue.
2019-10-17 08:15:41,339 [grpc-default-executor-9] INFO  segmented.SegmentedRaftLogWorker (SegmentedRaftLogWorker.java:close(224)) - adef743a-bc0e-4d16-adda-0d38b00cf468@group-F15EDDB49989-SegmentedRaftLogWorker close()
2019-10-17 08:15:41,345 [EventQueue-PipelineReportForPipelineReportHandler] INFO  pipeline.PipelineReportHandler (PipelineReportHandler.java:processPipelineReport(119)) - Pipeline PipelineID=25676598-417e-44a8-a952-b80ed2dd9319 reported by adef743a-bc0e-4d16-adda-0d38b00cf468{ip: 192.168.34.62, host: pr-hdds-1868-lzclr-202649289, networkLocation: /default-rack, certSerialId: null} with leaderId 
2019-10-17 08:15:41,353 [grpc-default-executor-9] INFO  impl.RaftServerProxy (RaftServerProxy.java:remove(95)) - adef743a-bc0e-4d16-adda-0d38b00cf468: remove  FOLLOWER adef743a-bc0e-4d16-adda-0d38b00cf468@group-97B724006A0F:t3, leader=9e584dc6-0265-4730-a72b-17c833240a34, voted=9e584dc6-0265-4730-a72b-17c833240a34, raftlog=adef743a-bc0e-4d16-adda-0d38b00cf468@group-97B724006A0F-SegmentedRaftLog:OPENED:c-1,f0,i0, conf=0: [9e584dc6-0265-4730-a72b-17c833240a34:192.168.34.62:34940, adef743a-bc0e-4d16-adda-0d38b00cf468:192.168.34.62:36240, d7926ef7-27aa-4029-a9d0-816772e9939f:192.168.34.62:44705], old=null RUNNING
2019-10-17 08:15:41,353 [grpc-default-executor-9] INFO  impl.RaftServerImpl (RaftServerImpl.java:lambda$shutdown$3(261)) - adef743a-bc0e-4d16-adda-0d38b00cf468@group-97B724006A0F: shutdown
2019-10-17 08:15:41,354 [grpc-default-executor-9] INFO  util.JmxRegister (JmxRegister.java:unregister(73)) - Successfully un-registered JMX Bean with object name Ratis:service=RaftServer,group=group-97B724006A0F,id=adef743a-bc0e-4d16-adda-0d38b00cf468
2019-10-17 08:15:41,354 [grpc-default-executor-9] INFO  impl.RoleInfo (RoleInfo.java:shutdownFollowerState(121)) - adef743a-bc0e-4d16-adda-0d38b00cf468: shutdown FollowerState
2019-10-17 08:15:41,354 [grpc-default-executor-9] INFO  impl.StateMachineUpdater (StateMachineUpdater.java:stopAndJoin(136)) - adef743a-bc0e-4d16-adda-0d38b00cf468@group-97B724006A0F-StateMachineUpdater: set stopIndex = -1
2019-10-17 08:15:41,354 [Thread-306] INFO  impl.FollowerState (FollowerState.java:run(117)) - adef743a-bc0e-4d16-adda-0d38b00cf468@group-97B724006A0F-FollowerState was interrupted: java.lang.InterruptedException: sleep interrupted
2019-10-17 08:15:41,354 [grpc-default-executor-9] INFO  impl.RaftServerImpl (ServerState.java:close(388)) - adef743a-bc0e-4d16-adda-0d38b00cf468@group-97B724006A0F: closes. applyIndex: -1
2019-10-17 08:15:41,356 [adef743a-bc0e-4d16-adda-0d38b00cf468@group-97B724006A0F-SegmentedRaftLogWorker] INFO  segmented.SegmentedRaftLogWorker (SegmentedRaftLogWorker.java:run(316)) - adef743a-bc0e-4d16-adda-0d38b00cf468@group-97B724006A0F-SegmentedRaftLogWorker was interrupted, exiting. There are 0 tasks remaining in the queue.
2019-10-17 08:15:41,358 [grpc-default-executor-9] INFO  segmented.SegmentedRaftLogWorker (SegmentedRaftLogWorker.java:close(224)) - adef743a-bc0e-4d16-adda-0d38b00cf468@group-97B724006A0F-SegmentedRaftLogWorker close()
2019-10-17 08:15:41,368 [grpc-default-executor-9] INFO  impl.RaftServerProxy (RaftServerProxy.java:remove(95)) - adef743a-bc0e-4d16-adda-0d38b00cf468: remove  FOLLOWER adef743a-bc0e-4d16-adda-0d38b00cf468@group-69AA97A4A626:t5, leader=d7926ef7-27aa-4029-a9d0-816772e9939f, voted=null, raftlog=adef743a-bc0e-4d16-adda-0d38b00cf468@group-69AA97A4A626-SegmentedRaftLog:OPENED:c-1,f0,i0, conf=0: [9e584dc6-0265-4730-a72b-17c833240a34:192.168.34.62:34940, adef743a-bc0e-4d16-adda-0d38b00cf468:192.168.34.62:36240, d7926ef7-27aa-4029-a9d0-816772e9939f:192.168.34.62:44705], old=null RUNNING
2019-10-17 08:15:41,368 [grpc-default-executor-9] INFO  impl.RaftServerImpl (RaftServerImpl.java:lambda$shutdown$3(261)) - adef743a-bc0e-4d16-adda-0d38b00cf468@group-69AA97A4A626: shutdown
2019-10-17 08:15:41,368 [grpc-default-executor-9] INFO  util.JmxRegister (JmxRegister.java:unregister(73)) - Successfully un-registered JMX Bean with object name Ratis:service=RaftServer,group=group-69AA97A4A626,id=adef743a-bc0e-4d16-adda-0d38b00cf468
2019-10-17 08:15:41,368 [grpc-default-executor-9] INFO  impl.RoleInfo (RoleInfo.java:shutdownFollowerState(121)) - adef743a-bc0e-4d16-adda-0d38b00cf468: shutdown FollowerState
2019-10-17 08:15:41,368 [grpc-default-executor-9] INFO  impl.StateMachineUpdater (StateMachineUpdater.java:stopAndJoin(136)) - adef743a-bc0e-4d16-adda-0d38b00cf468@group-69AA97A4A626-StateMachineUpdater: set stopIndex = -1
2019-10-17 08:15:41,368 [Thread-337] INFO  impl.FollowerState (FollowerState.java:run(117)) - adef743a-bc0e-4d16-adda-0d38b00cf468@group-69AA97A4A626-FollowerState was interrupted: java.lang.InterruptedException: sleep interrupted
2019-10-17 08:15:41,368 [grpc-default-executor-9] INFO  impl.RaftServerImpl (ServerState.java:close(388)) - adef743a-bc0e-4d16-adda-0d38b00cf468@group-69AA97A4A626: closes. applyIndex: -1
2019-10-17 08:15:41,370 [adef743a-bc0e-4d16-adda-0d38b00cf468@group-69AA97A4A626-SegmentedRaftLogWorker] INFO  segmented.SegmentedRaftLogWorker (SegmentedRaftLogWorker.java:run(316)) - adef743a-bc0e-4d16-adda-0d38b00cf468@group-69AA97A4A626-SegmentedRaftLogWorker was interrupted, exiting. There are 0 tasks remaining in the queue.
2019-10-17 08:15:41,373 [grpc-default-executor-9] INFO  segmented.SegmentedRaftLogWorker (SegmentedRaftLogWorker.java:close(224)) - adef743a-bc0e-4d16-adda-0d38b00cf468@group-69AA97A4A626-SegmentedRaftLogWorker close()
2019-10-17 08:15:41,382 [grpc-default-executor-9] INFO  impl.RaftServerProxy (RaftServerProxy.java:remove(95)) - adef743a-bc0e-4d16-adda-0d38b00cf468: remove group-F15EDDB49989:null
2019-10-17 08:15:41,388 [EventQueue-PipelineReportForPipelineReportHandler] ERROR pipeline.PipelineReportHandler (PipelineReportHandler.java:onMessage(88)) - Could not process pipeline report=pipelineID {
  id: "9d68384c-7762-4963-9de7-f15eddb49989"
}
leaderID: ""
 from dn=adef743a-bc0e-4d16-adda-0d38b00cf468{ip: 192.168.34.62, host: pr-hdds-1868-lzclr-202649289, networkLocation: /default-rack, certSerialId: null} {}
org.apache.ratis.protocol.GroupMismatchException: adef743a-bc0e-4d16-adda-0d38b00cf468: Group group-F15EDDB49989 not found.
	at org.apache.ratis.server.impl.RaftServerProxy.groupRemoveAsync(RaftServerProxy.java:402)
	at org.apache.ratis.server.impl.RaftServerProxy.groupManagementAsync(RaftServerProxy.java:367)
	at org.apache.ratis.grpc.server.GrpcAdminProtocolService.lambda$groupManagement$0(GrpcAdminProtocolService.java:42)
	at org.apache.ratis.grpc.GrpcUtil.asyncCall(GrpcUtil.java:140)
	at org.apache.ratis.grpc.server.GrpcAdminProtocolService.groupManagement(GrpcAdminProtocolService.java:42)
	at org.apache.ratis.proto.grpc.AdminProtocolServiceGrpc$MethodHandlers.invoke(AdminProtocolServiceGrpc.java:361)
	at org.apache.ratis.thirdparty.io.grpc.stub.ServerCalls$UnaryServerCallHandler$UnaryServerCallListener.onHalfClose(ServerCalls.java:171)
	at org.apache.ratis.thirdparty.io.grpc.internal.ServerCallImpl$ServerStreamListenerImpl.halfClosed(ServerCallImpl.java:283)
	at org.apache.ratis.thirdparty.io.grpc.internal.ServerImpl$JumpToApplicationThreadServerStreamListener$1HalfClosed.runInContext(ServerImpl.java:710)
	at org.apache.ratis.thirdparty.io.grpc.internal.ContextRunnable.run(ContextRunnable.java:37)
	at org.apache.ratis.thirdparty.io.grpc.internal.SerializingExecutor.run(SerializingExecutor.java:123)
	at java.util.concurrent.ThreadPoolExecutor.runWorker(ThreadPoolExecutor.java:1149)
	at java.util.concurrent.ThreadPoolExecutor$Worker.run(ThreadPoolExecutor.java:624)
	at java.lang.Thread.run(Thread.java:748)
2019-10-17 08:15:41,388 [EventQueue-PipelineReportForPipelineReportHandler] INFO  pipeline.PipelineReportHandler (PipelineReportHandler.java:processPipelineReport(119)) - Pipeline PipelineID=25676598-417e-44a8-a952-b80ed2dd9319 reported by adef743a-bc0e-4d16-adda-0d38b00cf468{ip: 192.168.34.62, host: pr-hdds-1868-lzclr-202649289, networkLocation: /default-rack, certSerialId: null} with leaderId 
2019-10-17 08:15:41,393 [grpc-default-executor-9] INFO  impl.RaftServerProxy (RaftServerProxy.java:remove(95)) - adef743a-bc0e-4d16-adda-0d38b00cf468: remove group-97B724006A0F:null
2019-10-17 08:15:41,398 [EventQueue-PipelineReportForPipelineReportHandler] ERROR pipeline.PipelineReportHandler (PipelineReportHandler.java:onMessage(88)) - Could not process pipeline report=pipelineID {
  id: "777e2e62-6ee5-4872-aa29-97b724006a0f"
}
leaderID: "d7926ef7-27aa-4029-a9d0-816772e9939f"
 from dn=adef743a-bc0e-4d16-adda-0d38b00cf468{ip: 192.168.34.62, host: pr-hdds-1868-lzclr-202649289, networkLocation: /default-rack, certSerialId: null} {}
org.apache.ratis.protocol.GroupMismatchException: adef743a-bc0e-4d16-adda-0d38b00cf468: Group group-97B724006A0F not found.
	at org.apache.ratis.server.impl.RaftServerProxy.groupRemoveAsync(RaftServerProxy.java:402)
	at org.apache.ratis.server.impl.RaftServerProxy.groupManagementAsync(RaftServerProxy.java:367)
	at org.apache.ratis.grpc.server.GrpcAdminProtocolService.lambda$groupManagement$0(GrpcAdminProtocolService.java:42)
	at org.apache.ratis.grpc.GrpcUtil.asyncCall(GrpcUtil.java:140)
	at org.apache.ratis.grpc.server.GrpcAdminProtocolService.groupManagement(GrpcAdminProtocolService.java:42)
	at org.apache.ratis.proto.grpc.AdminProtocolServiceGrpc$MethodHandlers.invoke(AdminProtocolServiceGrpc.java:361)
	at org.apache.ratis.thirdparty.io.grpc.stub.ServerCalls$UnaryServerCallHandler$UnaryServerCallListener.onHalfClose(ServerCalls.java:171)
	at org.apache.ratis.thirdparty.io.grpc.internal.ServerCallImpl$ServerStreamListenerImpl.halfClosed(ServerCallImpl.java:283)
	at org.apache.ratis.thirdparty.io.grpc.internal.ServerImpl$JumpToApplicationThreadServerStreamListener$1HalfClosed.runInContext(ServerImpl.java:710)
	at org.apache.ratis.thirdparty.io.grpc.internal.ContextRunnable.run(ContextRunnable.java:37)
	at org.apache.ratis.thirdparty.io.grpc.internal.SerializingExecutor.run(SerializingExecutor.java:123)
	at java.util.concurrent.ThreadPoolExecutor.runWorker(ThreadPoolExecutor.java:1149)
	at java.util.concurrent.ThreadPoolExecutor$Worker.run(ThreadPoolExecutor.java:624)
	at java.lang.Thread.run(Thread.java:748)
2019-10-17 08:15:41,402 [grpc-default-executor-9] INFO  impl.RaftServerProxy (RaftServerProxy.java:remove(95)) - adef743a-bc0e-4d16-adda-0d38b00cf468: remove group-69AA97A4A626:null
2019-10-17 08:15:41,407 [EventQueue-PipelineReportForPipelineReportHandler] ERROR pipeline.PipelineReportHandler (PipelineReportHandler.java:onMessage(88)) - Could not process pipeline report=pipelineID {
  id: "27656f7b-31f1-4418-a500-69aa97a4a626"
}
leaderID: "adef743a-bc0e-4d16-adda-0d38b00cf468"
 from dn=adef743a-bc0e-4d16-adda-0d38b00cf468{ip: 192.168.34.62, host: pr-hdds-1868-lzclr-202649289, networkLocation: /default-rack, certSerialId: null} {}
org.apache.ratis.protocol.GroupMismatchException: adef743a-bc0e-4d16-adda-0d38b00cf468: Group group-69AA97A4A626 not found.
	at org.apache.ratis.server.impl.RaftServerProxy.groupRemoveAsync(RaftServerProxy.java:402)
	at org.apache.ratis.server.impl.RaftServerProxy.groupManagementAsync(RaftServerProxy.java:367)
	at org.apache.ratis.grpc.server.GrpcAdminProtocolService.lambda$groupManagement$0(GrpcAdminProtocolService.java:42)
	at org.apache.ratis.grpc.GrpcUtil.asyncCall(GrpcUtil.java:140)
	at org.apache.ratis.grpc.server.GrpcAdminProtocolService.groupManagement(GrpcAdminProtocolService.java:42)
	at org.apache.ratis.proto.grpc.AdminProtocolServiceGrpc$MethodHandlers.invoke(AdminProtocolServiceGrpc.java:361)
	at org.apache.ratis.thirdparty.io.grpc.stub.ServerCalls$UnaryServerCallHandler$UnaryServerCallListener.onHalfClose(ServerCalls.java:171)
	at org.apache.ratis.thirdparty.io.grpc.internal.ServerCallImpl$ServerStreamListenerImpl.halfClosed(ServerCallImpl.java:283)
	at org.apache.ratis.thirdparty.io.grpc.internal.ServerImpl$JumpToApplicationThreadServerStreamListener$1HalfClosed.runInContext(ServerImpl.java:710)
	at org.apache.ratis.thirdparty.io.grpc.internal.ContextRunnable.run(ContextRunnable.java:37)
	at org.apache.ratis.thirdparty.io.grpc.internal.SerializingExecutor.run(SerializingExecutor.java:123)
	at java.util.concurrent.ThreadPoolExecutor.runWorker(ThreadPoolExecutor.java:1149)
	at java.util.concurrent.ThreadPoolExecutor$Worker.run(ThreadPoolExecutor.java:624)
	at java.lang.Thread.run(Thread.java:748)
2019-10-17 08:15:41,411 [grpc-default-executor-9] INFO  impl.RaftServerProxy (RaftServerProxy.java:remove(95)) - 9e584dc6-0265-4730-a72b-17c833240a34: remove group-F15EDDB49989:null
2019-10-17 08:15:41,418 [EventQueue-PipelineReportForPipelineReportHandler] ERROR pipeline.PipelineReportHandler (PipelineReportHandler.java:onMessage(88)) - Could not process pipeline report=pipelineID {
  id: "9d68384c-7762-4963-9de7-f15eddb49989"
}
leaderID: ""
 from dn=9e584dc6-0265-4730-a72b-17c833240a34{ip: 192.168.34.62, host: pr-hdds-1868-lzclr-202649289, networkLocation: /default-rack, certSerialId: null} {}
org.apache.ratis.protocol.GroupMismatchException: 9e584dc6-0265-4730-a72b-17c833240a34: Group group-F15EDDB49989 not found.
	at org.apache.ratis.server.impl.RaftServerProxy.groupRemoveAsync(RaftServerProxy.java:402)
	at org.apache.ratis.server.impl.RaftServerProxy.groupManagementAsync(RaftServerProxy.java:367)
	at org.apache.ratis.grpc.server.GrpcAdminProtocolService.lambda$groupManagement$0(GrpcAdminProtocolService.java:42)
	at org.apache.ratis.grpc.GrpcUtil.asyncCall(GrpcUtil.java:140)
	at org.apache.ratis.grpc.server.GrpcAdminProtocolService.groupManagement(GrpcAdminProtocolService.java:42)
	at org.apache.ratis.proto.grpc.AdminProtocolServiceGrpc$MethodHandlers.invoke(AdminProtocolServiceGrpc.java:361)
	at org.apache.ratis.thirdparty.io.grpc.stub.ServerCalls$UnaryServerCallHandler$UnaryServerCallListener.onHalfClose(ServerCalls.java:171)
	at org.apache.ratis.thirdparty.io.grpc.internal.ServerCallImpl$ServerStreamListenerImpl.halfClosed(ServerCallImpl.java:283)
	at org.apache.ratis.thirdparty.io.grpc.internal.ServerImpl$JumpToApplicationThreadServerStreamListener$1HalfClosed.runInContext(ServerImpl.java:710)
	at org.apache.ratis.thirdparty.io.grpc.internal.ContextRunnable.run(ContextRunnable.java:37)
	at org.apache.ratis.thirdparty.io.grpc.internal.SerializingExecutor.run(SerializingExecutor.java:123)
	at java.util.concurrent.ThreadPoolExecutor.runWorker(ThreadPoolExecutor.java:1149)
	at java.util.concurrent.ThreadPoolExecutor$Worker.run(ThreadPoolExecutor.java:624)
	at java.lang.Thread.run(Thread.java:748)
2019-10-17 08:15:41,419 [EventQueue-PipelineReportForPipelineReportHandler] INFO  pipeline.PipelineReportHandler (PipelineReportHandler.java:processPipelineReport(119)) - Pipeline PipelineID=25676598-417e-44a8-a952-b80ed2dd9319 reported by 9e584dc6-0265-4730-a72b-17c833240a34{ip: 192.168.34.62, host: pr-hdds-1868-lzclr-202649289, networkLocation: /default-rack, certSerialId: null} with leaderId 9e584dc6-0265-4730-a72b-17c833240a34
2019-10-17 08:15:41,422 [grpc-default-executor-9] INFO  impl.RaftServerProxy (RaftServerProxy.java:remove(95)) - 9e584dc6-0265-4730-a72b-17c833240a34: remove group-97B724006A0F:null
2019-10-17 08:15:41,427 [EventQueue-PipelineReportForPipelineReportHandler] ERROR pipeline.PipelineReportHandler (PipelineReportHandler.java:onMessage(88)) - Could not process pipeline report=pipelineID {
  id: "777e2e62-6ee5-4872-aa29-97b724006a0f"
}
leaderID: "9e584dc6-0265-4730-a72b-17c833240a34"
 from dn=9e584dc6-0265-4730-a72b-17c833240a34{ip: 192.168.34.62, host: pr-hdds-1868-lzclr-202649289, networkLocation: /default-rack, certSerialId: null} {}
org.apache.ratis.protocol.GroupMismatchException: 9e584dc6-0265-4730-a72b-17c833240a34: Group group-97B724006A0F not found.
	at org.apache.ratis.server.impl.RaftServerProxy.groupRemoveAsync(RaftServerProxy.java:402)
	at org.apache.ratis.server.impl.RaftServerProxy.groupManagementAsync(RaftServerProxy.java:367)
	at org.apache.ratis.grpc.server.GrpcAdminProtocolService.lambda$groupManagement$0(GrpcAdminProtocolService.java:42)
	at org.apache.ratis.grpc.GrpcUtil.asyncCall(GrpcUtil.java:140)
	at org.apache.ratis.grpc.server.GrpcAdminProtocolService.groupManagement(GrpcAdminProtocolService.java:42)
	at org.apache.ratis.proto.grpc.AdminProtocolServiceGrpc$MethodHandlers.invoke(AdminProtocolServiceGrpc.java:361)
	at org.apache.ratis.thirdparty.io.grpc.stub.ServerCalls$UnaryServerCallHandler$UnaryServerCallListener.onHalfClose(ServerCalls.java:171)
	at org.apache.ratis.thirdparty.io.grpc.internal.ServerCallImpl$ServerStreamListenerImpl.halfClosed(ServerCallImpl.java:283)
	at org.apache.ratis.thirdparty.io.grpc.internal.ServerImpl$JumpToApplicationThreadServerStreamListener$1HalfClosed.runInContext(ServerImpl.java:710)
	at org.apache.ratis.thirdparty.io.grpc.internal.ContextRunnable.run(ContextRunnable.java:37)
	at org.apache.ratis.thirdparty.io.grpc.internal.SerializingExecutor.run(SerializingExecutor.java:123)
	at java.util.concurrent.ThreadPoolExecutor.runWorker(ThreadPoolExecutor.java:1149)
	at java.util.concurrent.ThreadPoolExecutor$Worker.run(ThreadPoolExecutor.java:624)
	at java.lang.Thread.run(Thread.java:748)
 0.00% |?                                                                                                    |  0/1 Time: 0:00:092019-10-17 08:15:41,432 [grpc-default-executor-9] INFO  impl.RaftServerProxy (RaftServerProxy.java:remove(95)) - 9e584dc6-0265-4730-a72b-17c833240a34: remove group-69AA97A4A626:null
2019-10-17 08:15:41,436 [EventQueue-PipelineReportForPipelineReportHandler] ERROR pipeline.PipelineReportHandler (PipelineReportHandler.java:onMessage(88)) - Could not process pipeline report=pipelineID {
  id: "27656f7b-31f1-4418-a500-69aa97a4a626"
}
leaderID: ""
 from dn=9e584dc6-0265-4730-a72b-17c833240a34{ip: 192.168.34.62, host: pr-hdds-1868-lzclr-202649289, networkLocation: /default-rack, certSerialId: null} {}
org.apache.ratis.protocol.GroupMismatchException: 9e584dc6-0265-4730-a72b-17c833240a34: Group group-69AA97A4A626 not found.
	at org.apache.ratis.server.impl.RaftServerProxy.groupRemoveAsync(RaftServerProxy.java:402)
	at org.apache.ratis.server.impl.RaftServerProxy.groupManagementAsync(RaftServerProxy.java:367)
	at org.apache.ratis.grpc.server.GrpcAdminProtocolService.lambda$groupManagement$0(GrpcAdminProtocolService.java:42)
	at org.apache.ratis.grpc.GrpcUtil.asyncCall(GrpcUtil.java:140)
	at org.apache.ratis.grpc.server.GrpcAdminProtocolService.groupManagement(GrpcAdminProtocolService.java:42)
	at org.apache.ratis.proto.grpc.AdminProtocolServiceGrpc$MethodHandlers.invoke(AdminProtocolServiceGrpc.java:361)
	at org.apache.ratis.thirdparty.io.grpc.stub.ServerCalls$UnaryServerCallHandler$UnaryServerCallListener.onHalfClose(ServerCalls.java:171)
	at org.apache.ratis.thirdparty.io.grpc.internal.ServerCallImpl$ServerStreamListenerImpl.halfClosed(ServerCallImpl.java:283)
	at org.apache.ratis.thirdparty.io.grpc.internal.ServerImpl$JumpToApplicationThreadServerStreamListener$1HalfClosed.runInContext(ServerImpl.java:710)
	at org.apache.ratis.thirdparty.io.grpc.internal.ContextRunnable.run(ContextRunnable.java:37)
	at org.apache.ratis.thirdparty.io.grpc.internal.SerializingExecutor.run(SerializingExecutor.java:123)
	at java.util.concurrent.ThreadPoolExecutor.runWorker(ThreadPoolExecutor.java:1149)
	at java.util.concurrent.ThreadPoolExecutor$Worker.run(ThreadPoolExecutor.java:624)
	at java.lang.Thread.run(Thread.java:748)
2019-10-17 08:15:41,441 [grpc-default-executor-9] INFO  impl.RaftServerProxy (RaftServerProxy.java:remove(95)) - adef743a-bc0e-4d16-adda-0d38b00cf468: remove group-F15EDDB49989:null
2019-10-17 08:15:41,445 [EventQueue-PipelineReportForPipelineReportHandler] ERROR pipeline.PipelineReportHandler (PipelineReportHandler.java:onMessage(88)) - Could not process pipeline report=pipelineID {
  id: "9d68384c-7762-4963-9de7-f15eddb49989"
}
leaderID: ""
 from dn=adef743a-bc0e-4d16-adda-0d38b00cf468{ip: 192.168.34.62, host: pr-hdds-1868-lzclr-202649289, networkLocation: /default-rack, certSerialId: null} {}
org.apache.ratis.protocol.GroupMismatchException: adef743a-bc0e-4d16-adda-0d38b00cf468: Group group-F15EDDB49989 not found.
	at org.apache.ratis.server.impl.RaftServerProxy.groupRemoveAsync(RaftServerProxy.java:402)
	at org.apache.ratis.server.impl.RaftServerProxy.groupManagementAsync(RaftServerProxy.java:367)
	at org.apache.ratis.grpc.server.GrpcAdminProtocolService.lambda$groupManagement$0(GrpcAdminProtocolService.java:42)
	at org.apache.ratis.grpc.GrpcUtil.asyncCall(GrpcUtil.java:140)
	at org.apache.ratis.grpc.server.GrpcAdminProtocolService.groupManagement(GrpcAdminProtocolService.java:42)
	at org.apache.ratis.proto.grpc.AdminProtocolServiceGrpc$MethodHandlers.invoke(AdminProtocolServiceGrpc.java:361)
	at org.apache.ratis.thirdparty.io.grpc.stub.ServerCalls$UnaryServerCallHandler$UnaryServerCallListener.onHalfClose(ServerCalls.java:171)
	at org.apache.ratis.thirdparty.io.grpc.internal.ServerCallImpl$ServerStreamListenerImpl.halfClosed(ServerCallImpl.java:283)
	at org.apache.ratis.thirdparty.io.grpc.internal.ServerImpl$JumpToApplicationThreadServerStreamListener$1HalfClosed.runInContext(ServerImpl.java:710)
	at org.apache.ratis.thirdparty.io.grpc.internal.ContextRunnable.run(ContextRunnable.java:37)
	at org.apache.ratis.thirdparty.io.grpc.internal.SerializingExecutor.run(SerializingExecutor.java:123)
	at java.util.concurrent.ThreadPoolExecutor.runWorker(ThreadPoolExecutor.java:1149)
	at java.util.concurrent.ThreadPoolExecutor$Worker.run(ThreadPoolExecutor.java:624)
	at java.lang.Thread.run(Thread.java:748)
2019-10-17 08:15:41,446 [EventQueue-PipelineReportForPipelineReportHandler] INFO  pipeline.PipelineReportHandler (PipelineReportHandler.java:processPipelineReport(119)) - Pipeline PipelineID=25676598-417e-44a8-a952-b80ed2dd9319 reported by adef743a-bc0e-4d16-adda-0d38b00cf468{ip: 192.168.34.62, host: pr-hdds-1868-lzclr-202649289, networkLocation: /default-rack, certSerialId: null} with leaderId 
2019-10-17 08:15:41,450 [grpc-default-executor-9] INFO  impl.RaftServerProxy (RaftServerProxy.java:remove(95)) - adef743a-bc0e-4d16-adda-0d38b00cf468: remove group-97B724006A0F:null
2019-10-17 08:15:41,457 [EventQueue-PipelineReportForPipelineReportHandler] ERROR pipeline.PipelineReportHandler (PipelineReportHandler.java:onMessage(88)) - Could not process pipeline report=pipelineID {
  id: "777e2e62-6ee5-4872-aa29-97b724006a0f"
}
leaderID: "9e584dc6-0265-4730-a72b-17c833240a34"
 from dn=adef743a-bc0e-4d16-adda-0d38b00cf468{ip: 192.168.34.62, host: pr-hdds-1868-lzclr-202649289, networkLocation: /default-rack, certSerialId: null} {}
org.apache.ratis.protocol.GroupMismatchException: adef743a-bc0e-4d16-adda-0d38b00cf468: Group group-97B724006A0F not found.
	at org.apache.ratis.server.impl.RaftServerProxy.groupRemoveAsync(RaftServerProxy.java:402)
	at org.apache.ratis.server.impl.RaftServerProxy.groupManagementAsync(RaftServerProxy.java:367)
	at org.apache.ratis.grpc.server.GrpcAdminProtocolService.lambda$groupManagement$0(GrpcAdminProtocolService.java:42)
	at org.apache.ratis.grpc.GrpcUtil.asyncCall(GrpcUtil.java:140)
	at org.apache.ratis.grpc.server.GrpcAdminProtocolService.groupManagement(GrpcAdminProtocolService.java:42)
	at org.apache.ratis.proto.grpc.AdminProtocolServiceGrpc$MethodHandlers.invoke(AdminProtocolServiceGrpc.java:361)
	at org.apache.ratis.thirdparty.io.grpc.stub.ServerCalls$UnaryServerCallHandler$UnaryServerCallListener.onHalfClose(ServerCalls.java:171)
	at org.apache.ratis.thirdparty.io.grpc.internal.ServerCallImpl$ServerStreamListenerImpl.halfClosed(ServerCallImpl.java:283)
	at org.apache.ratis.thirdparty.io.grpc.internal.ServerImpl$JumpToApplicationThreadServerStreamListener$1HalfClosed.runInContext(ServerImpl.java:710)
	at org.apache.ratis.thirdparty.io.grpc.internal.ContextRunnable.run(ContextRunnable.java:37)
	at org.apache.ratis.thirdparty.io.grpc.internal.SerializingExecutor.run(SerializingExecutor.java:123)
	at java.util.concurrent.ThreadPoolExecutor.runWorker(ThreadPoolExecutor.java:1149)
	at java.util.concurrent.ThreadPoolExecutor$Worker.run(ThreadPoolExecutor.java:624)
	at java.lang.Thread.run(Thread.java:748)
2019-10-17 08:15:41,462 [grpc-default-executor-9] INFO  impl.RaftServerProxy (RaftServerProxy.java:remove(95)) - adef743a-bc0e-4d16-adda-0d38b00cf468: remove group-69AA97A4A626:null
2019-10-17 08:15:41,467 [EventQueue-PipelineReportForPipelineReportHandler] ERROR pipeline.PipelineReportHandler (PipelineReportHandler.java:onMessage(88)) - Could not process pipeline report=pipelineID {
  id: "27656f7b-31f1-4418-a500-69aa97a4a626"
}
leaderID: "adef743a-bc0e-4d16-adda-0d38b00cf468"
 from dn=adef743a-bc0e-4d16-adda-0d38b00cf468{ip: 192.168.34.62, host: pr-hdds-1868-lzclr-202649289, networkLocation: /default-rack, certSerialId: null} {}
org.apache.ratis.protocol.GroupMismatchException: adef743a-bc0e-4d16-adda-0d38b00cf468: Group group-69AA97A4A626 not found.
	at org.apache.ratis.server.impl.RaftServerProxy.groupRemoveAsync(RaftServerProxy.java:402)
	at org.apache.ratis.server.impl.RaftServerProxy.groupManagementAsync(RaftServerProxy.java:367)
	at org.apache.ratis.grpc.server.GrpcAdminProtocolService.lambda$groupManagement$0(GrpcAdminProtocolService.java:42)
	at org.apache.ratis.grpc.GrpcUtil.asyncCall(GrpcUtil.java:140)
	at org.apache.ratis.grpc.server.GrpcAdminProtocolService.groupManagement(GrpcAdminProtocolService.java:42)
	at org.apache.ratis.proto.grpc.AdminProtocolServiceGrpc$MethodHandlers.invoke(AdminProtocolServiceGrpc.java:361)
	at org.apache.ratis.thirdparty.io.grpc.stub.ServerCalls$UnaryServerCallHandler$UnaryServerCallListener.onHalfClose(ServerCalls.java:171)
	at org.apache.ratis.thirdparty.io.grpc.internal.ServerCallImpl$ServerStreamListenerImpl.halfClosed(ServerCallImpl.java:283)
	at org.apache.ratis.thirdparty.io.grpc.internal.ServerImpl$JumpToApplicationThreadServerStreamListener$1HalfClosed.runInContext(ServerImpl.java:710)
	at org.apache.ratis.thirdparty.io.grpc.internal.ContextRunnable.run(ContextRunnable.java:37)
	at org.apache.ratis.thirdparty.io.grpc.internal.SerializingExecutor.run(SerializingExecutor.java:123)
	at java.util.concurrent.ThreadPoolExecutor.runWorker(ThreadPoolExecutor.java:1149)
	at java.util.concurrent.ThreadPoolExecutor$Worker.run(ThreadPoolExecutor.java:624)
	at java.lang.Thread.run(Thread.java:748)
2019-10-17 08:15:41,467 [EventQueue-PipelineReportForPipelineReportHandler] INFO  pipeline.PipelineReportHandler (PipelineReportHandler.java:processPipelineReport(119)) - Pipeline PipelineID=25676598-417e-44a8-a952-b80ed2dd9319 reported by d7926ef7-27aa-4029-a9d0-816772e9939f{ip: 192.168.34.62, host: pr-hdds-1868-lzclr-202649289, networkLocation: /default-rack, certSerialId: null} with leaderId 
2019-10-17 08:15:41,471 [grpc-default-executor-9] INFO  impl.RaftServerProxy (RaftServerProxy.java:remove(95)) - d7926ef7-27aa-4029-a9d0-816772e9939f: remove group-B581561C0086:null
2019-10-17 08:15:41,476 [EventQueue-PipelineReportForPipelineReportHandler] ERROR pipeline.PipelineReportHandler (PipelineReportHandler.java:onMessage(88)) - Could not process pipeline report=pipelineID {
  id: "2e3b7501-b5cb-446a-9d58-b581561c0086"
}
leaderID: "d7926ef7-27aa-4029-a9d0-816772e9939f"
 from dn=d7926ef7-27aa-4029-a9d0-816772e9939f{ip: 192.168.34.62, host: pr-hdds-1868-lzclr-202649289, networkLocation: /default-rack, certSerialId: null} {}
org.apache.ratis.protocol.GroupMismatchException: d7926ef7-27aa-4029-a9d0-816772e9939f: Group group-B581561C0086 not found.
	at org.apache.ratis.server.impl.RaftServerProxy.groupRemoveAsync(RaftServerProxy.java:402)
	at org.apache.ratis.server.impl.RaftServerProxy.groupManagementAsync(RaftServerProxy.java:367)
	at org.apache.ratis.grpc.server.GrpcAdminProtocolService.lambda$groupManagement$0(GrpcAdminProtocolService.java:42)
	at org.apache.ratis.grpc.GrpcUtil.asyncCall(GrpcUtil.java:140)
	at org.apache.ratis.grpc.server.GrpcAdminProtocolService.groupManagement(GrpcAdminProtocolService.java:42)
	at org.apache.ratis.proto.grpc.AdminProtocolServiceGrpc$MethodHandlers.invoke(AdminProtocolServiceGrpc.java:361)
	at org.apache.ratis.thirdparty.io.grpc.stub.ServerCalls$UnaryServerCallHandler$UnaryServerCallListener.onHalfClose(ServerCalls.java:171)
	at org.apache.ratis.thirdparty.io.grpc.internal.ServerCallImpl$ServerStreamListenerImpl.halfClosed(ServerCallImpl.java:283)
	at org.apache.ratis.thirdparty.io.grpc.internal.ServerImpl$JumpToApplicationThreadServerStreamListener$1HalfClosed.runInContext(ServerImpl.java:710)
	at org.apache.ratis.thirdparty.io.grpc.internal.ContextRunnable.run(ContextRunnable.java:37)
	at org.apache.ratis.thirdparty.io.grpc.internal.SerializingExecutor.run(SerializingExecutor.java:123)
	at java.util.concurrent.ThreadPoolExecutor.runWorker(ThreadPoolExecutor.java:1149)
	at java.util.concurrent.ThreadPoolExecutor$Worker.run(ThreadPoolExecutor.java:624)
	at java.lang.Thread.run(Thread.java:748)
2019-10-17 08:15:41,480 [grpc-default-executor-9] INFO  impl.RaftServerProxy (RaftServerProxy.java:remove(95)) - d7926ef7-27aa-4029-a9d0-816772e9939f: remove group-97B724006A0F:null
2019-10-17 08:15:41,485 [EventQueue-PipelineReportForPipelineReportHandler] ERROR pipeline.PipelineReportHandler (PipelineReportHandler.java:onMessage(88)) - Could not process pipeline report=pipelineID {
  id: "777e2e62-6ee5-4872-aa29-97b724006a0f"
}
leaderID: "9e584dc6-0265-4730-a72b-17c833240a34"
 from dn=d7926ef7-27aa-4029-a9d0-816772e9939f{ip: 192.168.34.62, host: pr-hdds-1868-lzclr-202649289, networkLocation: /default-rack, certSerialId: null} {}
org.apache.ratis.protocol.GroupMismatchException: d7926ef7-27aa-4029-a9d0-816772e9939f: Group group-97B724006A0F not found.
	at org.apache.ratis.server.impl.RaftServerProxy.groupRemoveAsync(RaftServerProxy.java:402)
	at org.apache.ratis.server.impl.RaftServerProxy.groupManagementAsync(RaftServerProxy.java:367)
	at org.apache.ratis.grpc.server.GrpcAdminProtocolService.lambda$groupManagement$0(GrpcAdminProtocolService.java:42)
	at org.apache.ratis.grpc.GrpcUtil.asyncCall(GrpcUtil.java:140)
	at org.apache.ratis.grpc.server.GrpcAdminProtocolService.groupManagement(GrpcAdminProtocolService.java:42)
	at org.apache.ratis.proto.grpc.AdminProtocolServiceGrpc$MethodHandlers.invoke(AdminProtocolServiceGrpc.java:361)
	at org.apache.ratis.thirdparty.io.grpc.stub.ServerCalls$UnaryServerCallHandler$UnaryServerCallListener.onHalfClose(ServerCalls.java:171)
	at org.apache.ratis.thirdparty.io.grpc.internal.ServerCallImpl$ServerStreamListenerImpl.halfClosed(ServerCallImpl.java:283)
	at org.apache.ratis.thirdparty.io.grpc.internal.ServerImpl$JumpToApplicationThreadServerStreamListener$1HalfClosed.runInContext(ServerImpl.java:710)
	at org.apache.ratis.thirdparty.io.grpc.internal.ContextRunnable.run(ContextRunnable.java:37)
	at org.apache.ratis.thirdparty.io.grpc.internal.SerializingExecutor.run(SerializingExecutor.java:123)
	at java.util.concurrent.ThreadPoolExecutor.runWorker(ThreadPoolExecutor.java:1149)
	at java.util.concurrent.ThreadPoolExecutor$Worker.run(ThreadPoolExecutor.java:624)
	at java.lang.Thread.run(Thread.java:748)
2019-10-17 08:15:41,489 [grpc-default-executor-9] INFO  impl.RaftServerProxy (RaftServerProxy.java:remove(95)) - d7926ef7-27aa-4029-a9d0-816772e9939f: remove group-69AA97A4A626:null
2019-10-17 08:15:41,494 [EventQueue-PipelineReportForPipelineReportHandler] ERROR pipeline.PipelineReportHandler (PipelineReportHandler.java:onMessage(88)) - Could not process pipeline report=pipelineID {
  id: "27656f7b-31f1-4418-a500-69aa97a4a626"
}
leaderID: ""
 from dn=d7926ef7-27aa-4029-a9d0-816772e9939f{ip: 192.168.34.62, host: pr-hdds-1868-lzclr-202649289, networkLocation: /default-rack, certSerialId: null} {}
org.apache.ratis.protocol.GroupMismatchException: d7926ef7-27aa-4029-a9d0-816772e9939f: Group group-69AA97A4A626 not found.
	at org.apache.ratis.server.impl.RaftServerProxy.groupRemoveAsync(RaftServerProxy.java:402)
	at org.apache.ratis.server.impl.RaftServerProxy.groupManagementAsync(RaftServerProxy.java:367)
	at org.apache.ratis.grpc.server.GrpcAdminProtocolService.lambda$groupManagement$0(GrpcAdminProtocolService.java:42)
	at org.apache.ratis.grpc.GrpcUtil.asyncCall(GrpcUtil.java:140)
	at org.apache.ratis.grpc.server.GrpcAdminProtocolService.groupManagement(GrpcAdminProtocolService.java:42)
	at org.apache.ratis.proto.grpc.AdminProtocolServiceGrpc$MethodHandlers.invoke(AdminProtocolServiceGrpc.java:361)
	at org.apache.ratis.thirdparty.io.grpc.stub.ServerCalls$UnaryServerCallHandler$UnaryServerCallListener.onHalfClose(ServerCalls.java:171)
	at org.apache.ratis.thirdparty.io.grpc.internal.ServerCallImpl$ServerStreamListenerImpl.halfClosed(ServerCallImpl.java:283)
	at org.apache.ratis.thirdparty.io.grpc.internal.ServerImpl$JumpToApplicationThreadServerStreamListener$1HalfClosed.runInContext(ServerImpl.java:710)
	at org.apache.ratis.thirdparty.io.grpc.internal.ContextRunnable.run(ContextRunnable.java:37)
	at org.apache.ratis.thirdparty.io.grpc.internal.SerializingExecutor.run(SerializingExecutor.java:123)
	at java.util.concurrent.ThreadPoolExecutor.runWorker(ThreadPoolExecutor.java:1149)
	at java.util.concurrent.ThreadPoolExecutor$Worker.run(ThreadPoolExecutor.java:624)
	at java.lang.Thread.run(Thread.java:748)
2019-10-17 08:15:41,495 [EventQueue-PipelineReportForPipelineReportHandler] INFO  pipeline.PipelineReportHandler (PipelineReportHandler.java:processPipelineReport(119)) - Pipeline PipelineID=25676598-417e-44a8-a952-b80ed2dd9319 reported by d7926ef7-27aa-4029-a9d0-816772e9939f{ip: 192.168.34.62, host: pr-hdds-1868-lzclr-202649289, networkLocation: /default-rack, certSerialId: null} with leaderId 
2019-10-17 08:15:41,499 [grpc-default-executor-9] INFO  impl.RaftServerProxy (RaftServerProxy.java:remove(95)) - d7926ef7-27aa-4029-a9d0-816772e9939f: remove group-B581561C0086:null
2019-10-17 08:15:41,503 [EventQueue-PipelineReportForPipelineReportHandler] ERROR pipeline.PipelineReportHandler (PipelineReportHandler.java:onMessage(88)) - Could not process pipeline report=pipelineID {
  id: "2e3b7501-b5cb-446a-9d58-b581561c0086"
}
leaderID: "d7926ef7-27aa-4029-a9d0-816772e9939f"
 from dn=d7926ef7-27aa-4029-a9d0-816772e9939f{ip: 192.168.34.62, host: pr-hdds-1868-lzclr-202649289, networkLocation: /default-rack, certSerialId: null} {}
org.apache.ratis.protocol.GroupMismatchException: d7926ef7-27aa-4029-a9d0-816772e9939f: Group group-B581561C0086 not found.
	at org.apache.ratis.server.impl.RaftServerProxy.groupRemoveAsync(RaftServerProxy.java:402)
	at org.apache.ratis.server.impl.RaftServerProxy.groupManagementAsync(RaftServerProxy.java:367)
	at org.apache.ratis.grpc.server.GrpcAdminProtocolService.lambda$groupManagement$0(GrpcAdminProtocolService.java:42)
	at org.apache.ratis.grpc.GrpcUtil.asyncCall(GrpcUtil.java:140)
	at org.apache.ratis.grpc.server.GrpcAdminProtocolService.groupManagement(GrpcAdminProtocolService.java:42)
	at org.apache.ratis.proto.grpc.AdminProtocolServiceGrpc$MethodHandlers.invoke(AdminProtocolServiceGrpc.java:361)
	at org.apache.ratis.thirdparty.io.grpc.stub.ServerCalls$UnaryServerCallHandler$UnaryServerCallListener.onHalfClose(ServerCalls.java:171)
	at org.apache.ratis.thirdparty.io.grpc.internal.ServerCallImpl$ServerStreamListenerImpl.halfClosed(ServerCallImpl.java:283)
	at org.apache.ratis.thirdparty.io.grpc.internal.ServerImpl$JumpToApplicationThreadServerStreamListener$1HalfClosed.runInContext(ServerImpl.java:710)
	at org.apache.ratis.thirdparty.io.grpc.internal.ContextRunnable.run(ContextRunnable.java:37)
	at org.apache.ratis.thirdparty.io.grpc.internal.SerializingExecutor.run(SerializingExecutor.java:123)
	at java.util.concurrent.ThreadPoolExecutor.runWorker(ThreadPoolExecutor.java:1149)
	at java.util.concurrent.ThreadPoolExecutor$Worker.run(ThreadPoolExecutor.java:624)
	at java.lang.Thread.run(Thread.java:748)
2019-10-17 08:15:41,507 [grpc-default-executor-9] INFO  impl.RaftServerProxy (RaftServerProxy.java:remove(95)) - d7926ef7-27aa-4029-a9d0-816772e9939f: remove group-97B724006A0F:null
2019-10-17 08:15:41,512 [EventQueue-PipelineReportForPipelineReportHandler] ERROR pipeline.PipelineReportHandler (PipelineReportHandler.java:onMessage(88)) - Could not process pipeline report=pipelineID {
  id: "777e2e62-6ee5-4872-aa29-97b724006a0f"
}
leaderID: "9e584dc6-0265-4730-a72b-17c833240a34"
 from dn=d7926ef7-27aa-4029-a9d0-816772e9939f{ip: 192.168.34.62, host: pr-hdds-1868-lzclr-202649289, networkLocation: /default-rack, certSerialId: null} {}
org.apache.ratis.protocol.GroupMismatchException: d7926ef7-27aa-4029-a9d0-816772e9939f: Group group-97B724006A0F not found.
	at org.apache.ratis.server.impl.RaftServerProxy.groupRemoveAsync(RaftServerProxy.java:402)
	at org.apache.ratis.server.impl.RaftServerProxy.groupManagementAsync(RaftServerProxy.java:367)
	at org.apache.ratis.grpc.server.GrpcAdminProtocolService.lambda$groupManagement$0(GrpcAdminProtocolService.java:42)
	at org.apache.ratis.grpc.GrpcUtil.asyncCall(GrpcUtil.java:140)
	at org.apache.ratis.grpc.server.GrpcAdminProtocolService.groupManagement(GrpcAdminProtocolService.java:42)
	at org.apache.ratis.proto.grpc.AdminProtocolServiceGrpc$MethodHandlers.invoke(AdminProtocolServiceGrpc.java:361)
	at org.apache.ratis.thirdparty.io.grpc.stub.ServerCalls$UnaryServerCallHandler$UnaryServerCallListener.onHalfClose(ServerCalls.java:171)
	at org.apache.ratis.thirdparty.io.grpc.internal.ServerCallImpl$ServerStreamListenerImpl.halfClosed(ServerCallImpl.java:283)
	at org.apache.ratis.thirdparty.io.grpc.internal.ServerImpl$JumpToApplicationThreadServerStreamListener$1HalfClosed.runInContext(ServerImpl.java:710)
	at org.apache.ratis.thirdparty.io.grpc.internal.ContextRunnable.run(ContextRunnable.java:37)
	at org.apache.ratis.thirdparty.io.grpc.internal.SerializingExecutor.run(SerializingExecutor.java:123)
	at java.util.concurrent.ThreadPoolExecutor.runWorker(ThreadPoolExecutor.java:1149)
	at java.util.concurrent.ThreadPoolExecutor$Worker.run(ThreadPoolExecutor.java:624)
	at java.lang.Thread.run(Thread.java:748)
2019-10-17 08:15:41,516 [grpc-default-executor-9] INFO  impl.RaftServerProxy (RaftServerProxy.java:remove(95)) - d7926ef7-27aa-4029-a9d0-816772e9939f: remove group-69AA97A4A626:null
2019-10-17 08:15:41,520 [EventQueue-PipelineReportForPipelineReportHandler] ERROR pipeline.PipelineReportHandler (PipelineReportHandler.java:onMessage(88)) - Could not process pipeline report=pipelineID {
  id: "27656f7b-31f1-4418-a500-69aa97a4a626"
}
leaderID: "d7926ef7-27aa-4029-a9d0-816772e9939f"
 from dn=d7926ef7-27aa-4029-a9d0-816772e9939f{ip: 192.168.34.62, host: pr-hdds-1868-lzclr-202649289, networkLocation: /default-rack, certSerialId: null} {}
org.apache.ratis.protocol.GroupMismatchException: d7926ef7-27aa-4029-a9d0-816772e9939f: Group group-69AA97A4A626 not found.
	at org.apache.ratis.server.impl.RaftServerProxy.groupRemoveAsync(RaftServerProxy.java:402)
	at org.apache.ratis.server.impl.RaftServerProxy.groupManagementAsync(RaftServerProxy.java:367)
	at org.apache.ratis.grpc.server.GrpcAdminProtocolService.lambda$groupManagement$0(GrpcAdminProtocolService.java:42)
	at org.apache.ratis.grpc.GrpcUtil.asyncCall(GrpcUtil.java:140)
	at org.apache.ratis.grpc.server.GrpcAdminProtocolService.groupManagement(GrpcAdminProtocolService.java:42)
	at org.apache.ratis.proto.grpc.AdminProtocolServiceGrpc$MethodHandlers.invoke(AdminProtocolServiceGrpc.java:361)
	at org.apache.ratis.thirdparty.io.grpc.stub.ServerCalls$UnaryServerCallHandler$UnaryServerCallListener.onHalfClose(ServerCalls.java:171)
	at org.apache.ratis.thirdparty.io.grpc.internal.ServerCallImpl$ServerStreamListenerImpl.halfClosed(ServerCallImpl.java:283)
	at org.apache.ratis.thirdparty.io.grpc.internal.ServerImpl$JumpToApplicationThreadServerStreamListener$1HalfClosed.runInContext(ServerImpl.java:710)
	at org.apache.ratis.thirdparty.io.grpc.internal.ContextRunnable.run(ContextRunnable.java:37)
	at org.apache.ratis.thirdparty.io.grpc.internal.SerializingExecutor.run(SerializingExecutor.java:123)
	at java.util.concurrent.ThreadPoolExecutor.runWorker(ThreadPoolExecutor.java:1149)
	at java.util.concurrent.ThreadPoolExecutor$Worker.run(ThreadPoolExecutor.java:624)
	at java.lang.Thread.run(Thread.java:748)
2019-10-17 08:15:41,525 [grpc-default-executor-9] INFO  impl.RaftServerProxy (RaftServerProxy.java:remove(95)) - adef743a-bc0e-4d16-adda-0d38b00cf468: remove group-F15EDDB49989:null
2019-10-17 08:15:41,529 [EventQueue-PipelineReportForPipelineReportHandler] ERROR pipeline.PipelineReportHandler (PipelineReportHandler.java:onMessage(88)) - Could not process pipeline report=pipelineID {
  id: "9d68384c-7762-4963-9de7-f15eddb49989"
}
leaderID: ""
 from dn=adef743a-bc0e-4d16-adda-0d38b00cf468{ip: 192.168.34.62, host: pr-hdds-1868-lzclr-202649289, networkLocation: /default-rack, certSerialId: null} {}
org.apache.ratis.protocol.GroupMismatchException: adef743a-bc0e-4d16-adda-0d38b00cf468: Group group-F15EDDB49989 not found.
	at org.apache.ratis.server.impl.RaftServerProxy.groupRemoveAsync(RaftServerProxy.java:402)
	at org.apache.ratis.server.impl.RaftServerProxy.groupManagementAsync(RaftServerProxy.java:367)
	at org.apache.ratis.grpc.server.GrpcAdminProtocolService.lambda$groupManagement$0(GrpcAdminProtocolService.java:42)
	at org.apache.ratis.grpc.GrpcUtil.asyncCall(GrpcUtil.java:140)
	at org.apache.ratis.grpc.server.GrpcAdminProtocolService.groupManagement(GrpcAdminProtocolService.java:42)
	at org.apache.ratis.proto.grpc.AdminProtocolServiceGrpc$MethodHandlers.invoke(AdminProtocolServiceGrpc.java:361)
	at org.apache.ratis.thirdparty.io.grpc.stub.ServerCalls$UnaryServerCallHandler$UnaryServerCallListener.onHalfClose(ServerCalls.java:171)
	at org.apache.ratis.thirdparty.io.grpc.internal.ServerCallImpl$ServerStreamListenerImpl.halfClosed(ServerCallImpl.java:283)
	at org.apache.ratis.thirdparty.io.grpc.internal.ServerImpl$JumpToApplicationThreadServerStreamListener$1HalfClosed.runInContext(ServerImpl.java:710)
	at org.apache.ratis.thirdparty.io.grpc.internal.ContextRunnable.run(ContextRunnable.java:37)
	at org.apache.ratis.thirdparty.io.grpc.internal.SerializingExecutor.run(SerializingExecutor.java:123)
	at java.util.concurrent.ThreadPoolExecutor.runWorker(ThreadPoolExecutor.java:1149)
	at java.util.concurrent.ThreadPoolExecutor$Worker.run(ThreadPoolExecutor.java:624)
	at java.lang.Thread.run(Thread.java:748)
2019-10-17 08:15:41,529 [EventQueue-PipelineReportForPipelineReportHandler] INFO  pipeline.PipelineReportHandler (PipelineReportHandler.java:processPipelineReport(119)) - Pipeline PipelineID=25676598-417e-44a8-a952-b80ed2dd9319 reported by adef743a-bc0e-4d16-adda-0d38b00cf468{ip: 192.168.34.62, host: pr-hdds-1868-lzclr-202649289, networkLocation: /default-rack, certSerialId: null} with leaderId 
2019-10-17 08:15:41,533 [grpc-default-executor-9] INFO  impl.RaftServerProxy (RaftServerProxy.java:remove(95)) - adef743a-bc0e-4d16-adda-0d38b00cf468: remove group-97B724006A0F:null
2019-10-17 08:15:41,538 [EventQueue-PipelineReportForPipelineReportHandler] ERROR pipeline.PipelineReportHandler (PipelineReportHandler.java:onMessage(88)) - Could not process pipeline report=pipelineID {
  id: "777e2e62-6ee5-4872-aa29-97b724006a0f"
}
leaderID: "9e584dc6-0265-4730-a72b-17c833240a34"
 from dn=adef743a-bc0e-4d16-adda-0d38b00cf468{ip: 192.168.34.62, host: pr-hdds-1868-lzclr-202649289, networkLocation: /default-rack, certSerialId: null} {}
org.apache.ratis.protocol.GroupMismatchException: adef743a-bc0e-4d16-adda-0d38b00cf468: Group group-97B724006A0F not found.
	at org.apache.ratis.server.impl.RaftServerProxy.groupRemoveAsync(RaftServerProxy.java:402)
	at org.apache.ratis.server.impl.RaftServerProxy.groupManagementAsync(RaftServerProxy.java:367)
	at org.apache.ratis.grpc.server.GrpcAdminProtocolService.lambda$groupManagement$0(GrpcAdminProtocolService.java:42)
	at org.apache.ratis.grpc.GrpcUtil.asyncCall(GrpcUtil.java:140)
	at org.apache.ratis.grpc.server.GrpcAdminProtocolService.groupManagement(GrpcAdminProtocolService.java:42)
	at org.apache.ratis.proto.grpc.AdminProtocolServiceGrpc$MethodHandlers.invoke(AdminProtocolServiceGrpc.java:361)
	at org.apache.ratis.thirdparty.io.grpc.stub.ServerCalls$UnaryServerCallHandler$UnaryServerCallListener.onHalfClose(ServerCalls.java:171)
	at org.apache.ratis.thirdparty.io.grpc.internal.ServerCallImpl$ServerStreamListenerImpl.halfClosed(ServerCallImpl.java:283)
	at org.apache.ratis.thirdparty.io.grpc.internal.ServerImpl$JumpToApplicationThreadServerStreamListener$1HalfClosed.runInContext(ServerImpl.java:710)
	at org.apache.ratis.thirdparty.io.grpc.internal.ContextRunnable.run(ContextRunnable.java:37)
	at org.apache.ratis.thirdparty.io.grpc.internal.SerializingExecutor.run(SerializingExecutor.java:123)
	at java.util.concurrent.ThreadPoolExecutor.runWorker(ThreadPoolExecutor.java:1149)
	at java.util.concurrent.ThreadPoolExecutor$Worker.run(ThreadPoolExecutor.java:624)
	at java.lang.Thread.run(Thread.java:748)
2019-10-17 08:15:41,542 [grpc-default-executor-9] INFO  impl.RaftServerProxy (RaftServerProxy.java:remove(95)) - adef743a-bc0e-4d16-adda-0d38b00cf468: remove group-69AA97A4A626:null
2019-10-17 08:15:41,547 [EventQueue-PipelineReportForPipelineReportHandler] ERROR pipeline.PipelineReportHandler (PipelineReportHandler.java:onMessage(88)) - Could not process pipeline report=pipelineID {
  id: "27656f7b-31f1-4418-a500-69aa97a4a626"
}
leaderID: "d7926ef7-27aa-4029-a9d0-816772e9939f"
 from dn=adef743a-bc0e-4d16-adda-0d38b00cf468{ip: 192.168.34.62, host: pr-hdds-1868-lzclr-202649289, networkLocation: /default-rack, certSerialId: null} {}
org.apache.ratis.protocol.GroupMismatchException: adef743a-bc0e-4d16-adda-0d38b00cf468: Group group-69AA97A4A626 not found.
	at org.apache.ratis.server.impl.RaftServerProxy.groupRemoveAsync(RaftServerProxy.java:402)
	at org.apache.ratis.server.impl.RaftServerProxy.groupManagementAsync(RaftServerProxy.java:367)
	at org.apache.ratis.grpc.server.GrpcAdminProtocolService.lambda$groupManagement$0(GrpcAdminProtocolService.java:42)
	at org.apache.ratis.grpc.GrpcUtil.asyncCall(GrpcUtil.java:140)
	at org.apache.ratis.grpc.server.GrpcAdminProtocolService.groupManagement(GrpcAdminProtocolService.java:42)
	at org.apache.ratis.proto.grpc.AdminProtocolServiceGrpc$MethodHandlers.invoke(AdminProtocolServiceGrpc.java:361)
	at org.apache.ratis.thirdparty.io.grpc.stub.ServerCalls$UnaryServerCallHandler$UnaryServerCallListener.onHalfClose(ServerCalls.java:171)
	at org.apache.ratis.thirdparty.io.grpc.internal.ServerCallImpl$ServerStreamListenerImpl.halfClosed(ServerCallImpl.java:283)
	at org.apache.ratis.thirdparty.io.grpc.internal.ServerImpl$JumpToApplicationThreadServerStreamListener$1HalfClosed.runInContext(ServerImpl.java:710)
	at org.apache.ratis.thirdparty.io.grpc.internal.ContextRunnable.run(ContextRunnable.java:37)
	at org.apache.ratis.thirdparty.io.grpc.internal.SerializingExecutor.run(SerializingExecutor.java:123)
	at java.util.concurrent.ThreadPoolExecutor.runWorker(ThreadPoolExecutor.java:1149)
	at java.util.concurrent.ThreadPoolExecutor$Worker.run(ThreadPoolExecutor.java:624)
	at java.lang.Thread.run(Thread.java:748)
2019-10-17 08:15:41,552 [grpc-default-executor-9] INFO  impl.RaftServerProxy (RaftServerProxy.java:remove(95)) - 9e584dc6-0265-4730-a72b-17c833240a34: remove group-F15EDDB49989:null
2019-10-17 08:15:41,556 [EventQueue-PipelineReportForPipelineReportHandler] ERROR pipeline.PipelineReportHandler (PipelineReportHandler.java:onMessage(88)) - Could not process pipeline report=pipelineID {
  id: "9d68384c-7762-4963-9de7-f15eddb49989"
}
leaderID: ""
 from dn=9e584dc6-0265-4730-a72b-17c833240a34{ip: 192.168.34.62, host: pr-hdds-1868-lzclr-202649289, networkLocation: /default-rack, certSerialId: null} {}
org.apache.ratis.protocol.GroupMismatchException: 9e584dc6-0265-4730-a72b-17c833240a34: Group group-F15EDDB49989 not found.
	at org.apache.ratis.server.impl.RaftServerProxy.groupRemoveAsync(RaftServerProxy.java:402)
	at org.apache.ratis.server.impl.RaftServerProxy.groupManagementAsync(RaftServerProxy.java:367)
	at org.apache.ratis.grpc.server.GrpcAdminProtocolService.lambda$groupManagement$0(GrpcAdminProtocolService.java:42)
	at org.apache.ratis.grpc.GrpcUtil.asyncCall(GrpcUtil.java:140)
	at org.apache.ratis.grpc.server.GrpcAdminProtocolService.groupManagement(GrpcAdminProtocolService.java:42)
	at org.apache.ratis.proto.grpc.AdminProtocolServiceGrpc$MethodHandlers.invoke(AdminProtocolServiceGrpc.java:361)
	at org.apache.ratis.thirdparty.io.grpc.stub.ServerCalls$UnaryServerCallHandler$UnaryServerCallListener.onHalfClose(ServerCalls.java:171)
	at org.apache.ratis.thirdparty.io.grpc.internal.ServerCallImpl$ServerStreamListenerImpl.halfClosed(ServerCallImpl.java:283)
	at org.apache.ratis.thirdparty.io.grpc.internal.ServerImpl$JumpToApplicationThreadServerStreamListener$1HalfClosed.runInContext(ServerImpl.java:710)
	at org.apache.ratis.thirdparty.io.grpc.internal.ContextRunnable.run(ContextRunnable.java:37)
	at org.apache.ratis.thirdparty.io.grpc.internal.SerializingExecutor.run(SerializingExecutor.java:123)
	at java.util.concurrent.ThreadPoolExecutor.runWorker(ThreadPoolExecutor.java:1149)
	at java.util.concurrent.ThreadPoolExecutor$Worker.run(ThreadPoolExecutor.java:624)
	at java.lang.Thread.run(Thread.java:748)
2019-10-17 08:15:41,556 [EventQueue-PipelineReportForPipelineReportHandler] INFO  pipeline.PipelineReportHandler (PipelineReportHandler.java:processPipelineReport(119)) - Pipeline PipelineID=25676598-417e-44a8-a952-b80ed2dd9319 reported by 9e584dc6-0265-4730-a72b-17c833240a34{ip: 192.168.34.62, host: pr-hdds-1868-lzclr-202649289, networkLocation: /default-rack, certSerialId: null} with leaderId 9e584dc6-0265-4730-a72b-17c833240a34
2019-10-17 08:15:41,564 [grpc-default-executor-9] INFO  impl.RaftServerProxy (RaftServerProxy.java:remove(95)) - 9e584dc6-0265-4730-a72b-17c833240a34: remove group-97B724006A0F:null
2019-10-17 08:15:41,572 [EventQueue-PipelineReportForPipelineReportHandler] ERROR pipeline.PipelineReportHandler (PipelineReportHandler.java:onMessage(88)) - Could not process pipeline report=pipelineID {
  id: "777e2e62-6ee5-4872-aa29-97b724006a0f"
}
leaderID: "9e584dc6-0265-4730-a72b-17c833240a34"
 from dn=9e584dc6-0265-4730-a72b-17c833240a34{ip: 192.168.34.62, host: pr-hdds-1868-lzclr-202649289, networkLocation: /default-rack, certSerialId: null} {}
org.apache.ratis.protocol.GroupMismatchException: 9e584dc6-0265-4730-a72b-17c833240a34: Group group-97B724006A0F not found.
	at org.apache.ratis.server.impl.RaftServerProxy.groupRemoveAsync(RaftServerProxy.java:402)
	at org.apache.ratis.server.impl.RaftServerProxy.groupManagementAsync(RaftServerProxy.java:367)
	at org.apache.ratis.grpc.server.GrpcAdminProtocolService.lambda$groupManagement$0(GrpcAdminProtocolService.java:42)
	at org.apache.ratis.grpc.GrpcUtil.asyncCall(GrpcUtil.java:140)
	at org.apache.ratis.grpc.server.GrpcAdminProtocolService.groupManagement(GrpcAdminProtocolService.java:42)
	at org.apache.ratis.proto.grpc.AdminProtocolServiceGrpc$MethodHandlers.invoke(AdminProtocolServiceGrpc.java:361)
	at org.apache.ratis.thirdparty.io.grpc.stub.ServerCalls$UnaryServerCallHandler$UnaryServerCallListener.onHalfClose(ServerCalls.java:171)
	at org.apache.ratis.thirdparty.io.grpc.internal.ServerCallImpl$ServerStreamListenerImpl.halfClosed(ServerCallImpl.java:283)
	at org.apache.ratis.thirdparty.io.grpc.internal.ServerImpl$JumpToApplicationThreadServerStreamListener$1HalfClosed.runInContext(ServerImpl.java:710)
	at org.apache.ratis.thirdparty.io.grpc.internal.ContextRunnable.run(ContextRunnable.java:37)
	at org.apache.ratis.thirdparty.io.grpc.internal.SerializingExecutor.run(SerializingExecutor.java:123)
	at java.util.concurrent.ThreadPoolExecutor.runWorker(ThreadPoolExecutor.java:1149)
	at java.util.concurrent.ThreadPoolExecutor$Worker.run(ThreadPoolExecutor.java:624)
	at java.lang.Thread.run(Thread.java:748)
2019-10-17 08:15:41,579 [grpc-default-executor-9] INFO  impl.RaftServerProxy (RaftServerProxy.java:remove(95)) - 9e584dc6-0265-4730-a72b-17c833240a34: remove group-69AA97A4A626:null
2019-10-17 08:15:41,586 [EventQueue-PipelineReportForPipelineReportHandler] ERROR pipeline.PipelineReportHandler (PipelineReportHandler.java:onMessage(88)) - Could not process pipeline report=pipelineID {
  id: "27656f7b-31f1-4418-a500-69aa97a4a626"
}
leaderID: "d7926ef7-27aa-4029-a9d0-816772e9939f"
 from dn=9e584dc6-0265-4730-a72b-17c833240a34{ip: 192.168.34.62, host: pr-hdds-1868-lzclr-202649289, networkLocation: /default-rack, certSerialId: null} {}
org.apache.ratis.protocol.GroupMismatchException: 9e584dc6-0265-4730-a72b-17c833240a34: Group group-69AA97A4A626 not found.
	at org.apache.ratis.server.impl.RaftServerProxy.groupRemoveAsync(RaftServerProxy.java:402)
	at org.apache.ratis.server.impl.RaftServerProxy.groupManagementAsync(RaftServerProxy.java:367)
	at org.apache.ratis.grpc.server.GrpcAdminProtocolService.lambda$groupManagement$0(GrpcAdminProtocolService.java:42)
	at org.apache.ratis.grpc.GrpcUtil.asyncCall(GrpcUtil.java:140)
	at org.apache.ratis.grpc.server.GrpcAdminProtocolService.groupManagement(GrpcAdminProtocolService.java:42)
	at org.apache.ratis.proto.grpc.AdminProtocolServiceGrpc$MethodHandlers.invoke(AdminProtocolServiceGrpc.java:361)
	at org.apache.ratis.thirdparty.io.grpc.stub.ServerCalls$UnaryServerCallHandler$UnaryServerCallListener.onHalfClose(ServerCalls.java:171)
	at org.apache.ratis.thirdparty.io.grpc.internal.ServerCallImpl$ServerStreamListenerImpl.halfClosed(ServerCallImpl.java:283)
	at org.apache.ratis.thirdparty.io.grpc.internal.ServerImpl$JumpToApplicationThreadServerStreamListener$1HalfClosed.runInContext(ServerImpl.java:710)
	at org.apache.ratis.thirdparty.io.grpc.internal.ContextRunnable.run(ContextRunnable.java:37)
	at org.apache.ratis.thirdparty.io.grpc.internal.SerializingExecutor.run(SerializingExecutor.java:123)
	at java.util.concurrent.ThreadPoolExecutor.runWorker(ThreadPoolExecutor.java:1149)
	at java.util.concurrent.ThreadPoolExecutor$Worker.run(ThreadPoolExecutor.java:624)
	at java.lang.Thread.run(Thread.java:748)
2019-10-17 08:15:41,592 [grpc-default-executor-9] INFO  impl.RaftServerProxy (RaftServerProxy.java:remove(95)) - adef743a-bc0e-4d16-adda-0d38b00cf468: remove group-F15EDDB49989:null
2019-10-17 08:15:41,598 [EventQueue-PipelineReportForPipelineReportHandler] ERROR pipeline.PipelineReportHandler (PipelineReportHandler.java:onMessage(88)) - Could not process pipeline report=pipelineID {
  id: "9d68384c-7762-4963-9de7-f15eddb49989"
}
leaderID: ""
 from dn=adef743a-bc0e-4d16-adda-0d38b00cf468{ip: 192.168.34.62, host: pr-hdds-1868-lzclr-202649289, networkLocation: /default-rack, certSerialId: null} {}
org.apache.ratis.protocol.GroupMismatchException: adef743a-bc0e-4d16-adda-0d38b00cf468: Group group-F15EDDB49989 not found.
	at org.apache.ratis.server.impl.RaftServerProxy.groupRemoveAsync(RaftServerProxy.java:402)
	at org.apache.ratis.server.impl.RaftServerProxy.groupManagementAsync(RaftServerProxy.java:367)
	at org.apache.ratis.grpc.server.GrpcAdminProtocolService.lambda$groupManagement$0(GrpcAdminProtocolService.java:42)
	at org.apache.ratis.grpc.GrpcUtil.asyncCall(GrpcUtil.java:140)
	at org.apache.ratis.grpc.server.GrpcAdminProtocolService.groupManagement(GrpcAdminProtocolService.java:42)
	at org.apache.ratis.proto.grpc.AdminProtocolServiceGrpc$MethodHandlers.invoke(AdminProtocolServiceGrpc.java:361)
	at org.apache.ratis.thirdparty.io.grpc.stub.ServerCalls$UnaryServerCallHandler$UnaryServerCallListener.onHalfClose(ServerCalls.java:171)
	at org.apache.ratis.thirdparty.io.grpc.internal.ServerCallImpl$ServerStreamListenerImpl.halfClosed(ServerCallImpl.java:283)
	at org.apache.ratis.thirdparty.io.grpc.internal.ServerImpl$JumpToApplicationThreadServerStreamListener$1HalfClosed.runInContext(ServerImpl.java:710)
	at org.apache.ratis.thirdparty.io.grpc.internal.ContextRunnable.run(ContextRunnable.java:37)
	at org.apache.ratis.thirdparty.io.grpc.internal.SerializingExecutor.run(SerializingExecutor.java:123)
	at java.util.concurrent.ThreadPoolExecutor.runWorker(ThreadPoolExecutor.java:1149)
	at java.util.concurrent.ThreadPoolExecutor$Worker.run(ThreadPoolExecutor.java:624)
	at java.lang.Thread.run(Thread.java:748)
2019-10-17 08:15:41,599 [EventQueue-PipelineReportForPipelineReportHandler] INFO  pipeline.PipelineReportHandler (PipelineReportHandler.java:processPipelineReport(119)) - Pipeline PipelineID=25676598-417e-44a8-a952-b80ed2dd9319 reported by adef743a-bc0e-4d16-adda-0d38b00cf468{ip: 192.168.34.62, host: pr-hdds-1868-lzclr-202649289, networkLocation: /default-rack, certSerialId: null} with leaderId adef743a-bc0e-4d16-adda-0d38b00cf468
2019-10-17 08:15:41,603 [grpc-default-executor-9] INFO  impl.RaftServerProxy (RaftServerProxy.java:remove(95)) - adef743a-bc0e-4d16-adda-0d38b00cf468: remove group-97B724006A0F:null
2019-10-17 08:15:41,608 [EventQueue-PipelineReportForPipelineReportHandler] ERROR pipeline.PipelineReportHandler (PipelineReportHandler.java:onMessage(88)) - Could not process pipeline report=pipelineID {
  id: "777e2e62-6ee5-4872-aa29-97b724006a0f"
}
leaderID: "9e584dc6-0265-4730-a72b-17c833240a34"
 from dn=adef743a-bc0e-4d16-adda-0d38b00cf468{ip: 192.168.34.62, host: pr-hdds-1868-lzclr-202649289, networkLocation: /default-rack, certSerialId: null} {}
org.apache.ratis.protocol.GroupMismatchException: adef743a-bc0e-4d16-adda-0d38b00cf468: Group group-97B724006A0F not found.
	at org.apache.ratis.server.impl.RaftServerProxy.groupRemoveAsync(RaftServerProxy.java:402)
	at org.apache.ratis.server.impl.RaftServerProxy.groupManagementAsync(RaftServerProxy.java:367)
	at org.apache.ratis.grpc.server.GrpcAdminProtocolService.lambda$groupManagement$0(GrpcAdminProtocolService.java:42)
	at org.apache.ratis.grpc.GrpcUtil.asyncCall(GrpcUtil.java:140)
	at org.apache.ratis.grpc.server.GrpcAdminProtocolService.groupManagement(GrpcAdminProtocolService.java:42)
	at org.apache.ratis.proto.grpc.AdminProtocolServiceGrpc$MethodHandlers.invoke(AdminProtocolServiceGrpc.java:361)
	at org.apache.ratis.thirdparty.io.grpc.stub.ServerCalls$UnaryServerCallHandler$UnaryServerCallListener.onHalfClose(ServerCalls.java:171)
	at org.apache.ratis.thirdparty.io.grpc.internal.ServerCallImpl$ServerStreamListenerImpl.halfClosed(ServerCallImpl.java:283)
	at org.apache.ratis.thirdparty.io.grpc.internal.ServerImpl$JumpToApplicationThreadServerStreamListener$1HalfClosed.runInContext(ServerImpl.java:710)
	at org.apache.ratis.thirdparty.io.grpc.internal.ContextRunnable.run(ContextRunnable.java:37)
	at org.apache.ratis.thirdparty.io.grpc.internal.SerializingExecutor.run(SerializingExecutor.java:123)
	at java.util.concurrent.ThreadPoolExecutor.runWorker(ThreadPoolExecutor.java:1149)
	at java.util.concurrent.ThreadPoolExecutor$Worker.run(ThreadPoolExecutor.java:624)
	at java.lang.Thread.run(Thread.java:748)
2019-10-17 08:15:41,612 [grpc-default-executor-9] INFO  impl.RaftServerProxy (RaftServerProxy.java:remove(95)) - adef743a-bc0e-4d16-adda-0d38b00cf468: remove group-69AA97A4A626:null
2019-10-17 08:15:41,619 [EventQueue-PipelineReportForPipelineReportHandler] ERROR pipeline.PipelineReportHandler (PipelineReportHandler.java:onMessage(88)) - Could not process pipeline report=pipelineID {
  id: "27656f7b-31f1-4418-a500-69aa97a4a626"
}
leaderID: "d7926ef7-27aa-4029-a9d0-816772e9939f"
 from dn=adef743a-bc0e-4d16-adda-0d38b00cf468{ip: 192.168.34.62, host: pr-hdds-1868-lzclr-202649289, networkLocation: /default-rack, certSerialId: null} {}
org.apache.ratis.protocol.GroupMismatchException: adef743a-bc0e-4d16-adda-0d38b00cf468: Group group-69AA97A4A626 not found.
	at org.apache.ratis.server.impl.RaftServerProxy.groupRemoveAsync(RaftServerProxy.java:402)
	at org.apache.ratis.server.impl.RaftServerProxy.groupManagementAsync(RaftServerProxy.java:367)
	at org.apache.ratis.grpc.server.GrpcAdminProtocolService.lambda$groupManagement$0(GrpcAdminProtocolService.java:42)
	at org.apache.ratis.grpc.GrpcUtil.asyncCall(GrpcUtil.java:140)
	at org.apache.ratis.grpc.server.GrpcAdminProtocolService.groupManagement(GrpcAdminProtocolService.java:42)
	at org.apache.ratis.proto.grpc.AdminProtocolServiceGrpc$MethodHandlers.invoke(AdminProtocolServiceGrpc.java:361)
	at org.apache.ratis.thirdparty.io.grpc.stub.ServerCalls$UnaryServerCallHandler$UnaryServerCallListener.onHalfClose(ServerCalls.java:171)
	at org.apache.ratis.thirdparty.io.grpc.internal.ServerCallImpl$ServerStreamListenerImpl.halfClosed(ServerCallImpl.java:283)
	at org.apache.ratis.thirdparty.io.grpc.internal.ServerImpl$JumpToApplicationThreadServerStreamListener$1HalfClosed.runInContext(ServerImpl.java:710)
	at org.apache.ratis.thirdparty.io.grpc.internal.ContextRunnable.run(ContextRunnable.java:37)
	at org.apache.ratis.thirdparty.io.grpc.internal.SerializingExecutor.run(SerializingExecutor.java:123)
	at java.util.concurrent.ThreadPoolExecutor.runWorker(ThreadPoolExecutor.java:1149)
	at java.util.concurrent.ThreadPoolExecutor$Worker.run(ThreadPoolExecutor.java:624)
	at java.lang.Thread.run(Thread.java:748)
2019-10-17 08:15:41,619 [EventQueue-PipelineReportForPipelineReportHandler] INFO  pipeline.PipelineReportHandler (PipelineReportHandler.java:processPipelineReport(119)) - Pipeline PipelineID=25676598-417e-44a8-a952-b80ed2dd9319 reported by d7926ef7-27aa-4029-a9d0-816772e9939f{ip: 192.168.34.62, host: pr-hdds-1868-lzclr-202649289, networkLocation: /default-rack, certSerialId: null} with leaderId adef743a-bc0e-4d16-adda-0d38b00cf468
2019-10-17 08:15:41,619 [EventQueue-PipelineReportForPipelineReportHandler] INFO  pipeline.PipelineReportHandler (PipelineReportHandler.java:processPipelineReport(119)) - Pipeline PipelineID=25676598-417e-44a8-a952-b80ed2dd9319 reported by 9e584dc6-0265-4730-a72b-17c833240a34{ip: 192.168.34.62, host: pr-hdds-1868-lzclr-202649289, networkLocation: /default-rack, certSerialId: null} with leaderId adef743a-bc0e-4d16-adda-0d38b00cf468
2019-10-17 08:15:41,620 [EventQueue-PipelineReportForPipelineReportHandler] INFO  pipeline.PipelineStateManager (PipelineStateManager.java:openPipeline(134)) - Pipeline Pipeline[ Id: 25676598-417e-44a8-a952-b80ed2dd9319, Nodes: d7926ef7-27aa-4029-a9d0-816772e9939f{ip: 192.168.34.62, host: pr-hdds-1868-lzclr-202649289, networkLocation: /default-rack, certSerialId: null}9e584dc6-0265-4730-a72b-17c833240a34{ip: 192.168.34.62, host: pr-hdds-1868-lzclr-202649289, networkLocation: /default-rack, certSerialId: null}adef743a-bc0e-4d16-adda-0d38b00cf468{ip: 192.168.34.62, host: pr-hdds-1868-lzclr-202649289, networkLocation: /default-rack, certSerialId: null}, Type:RATIS, Factor:THREE, State:OPEN] moved to OPEN state
 100.00% |?????????????????????????????????????????????????????????????????????????????????????????????????????|  1/1 Time: 0:00:10
]]></system-out>
    <system-err><![CDATA[ERROR StatusLogger No Log4j 2 configuration file found. Using default configuration (logging only errors to the console), or user programmatically provided configurations. Set system property 'log4j2.debug' to show Log4j 2 internal initialization logging. See https://logging.apache.org/log4j/2.x/manual/configuration.html for instructions on how to configure Log4j 2
]]></system-err>
  </testcase>
</testsuite>