<?xml version="1.0" encoding="UTF-8"?>
<testsuite xmlns:xsi="http://www.w3.org/2001/XMLSchema-instance" xsi:noNamespaceSchemaLocation="https://maven.apache.org/surefire/maven-surefire-plugin/xsd/surefire-test-report.xsd" name="org.apache.hadoop.ozone.freon.TestDataValidateWithDummyContainers" time="238.412" tests="3" errors="2" skipped="0" failures="0">
  <properties>
    <property name="awt.toolkit" value="sun.awt.X11.XToolkit"/>
    <property name="file.encoding.pkg" value="sun.io"/>
    <property name="java.specification.version" value="1.8"/>
    <property name="sun.cpu.isalist" value=""/>
    <property name="sun.jnu.encoding" value="ANSI_X3.4-1968"/>
    <property name="java.class.path" value="/workdir/hadoop-ozone/tools/target/test-classes:/workdir/hadoop-ozone/tools/target/classes:/home/user/.m2/repository/org/apache/hadoop/hadoop-ozone-ozone-manager/0.5.0-SNAPSHOT/hadoop-ozone-ozone-manager-0.5.0-SNAPSHOT.jar:/home/user/.m2/repository/org/apache/hadoop/hadoop-hdds-docs/0.5.0-SNAPSHOT/hadoop-hdds-docs-0.5.0-SNAPSHOT.jar:/home/user/.m2/repository/org/bouncycastle/bcprov-jdk15on/1.60/bcprov-jdk15on-1.60.jar:/home/user/.m2/repository/org/apache/hadoop/hadoop-ozone-common/0.5.0-SNAPSHOT/hadoop-ozone-common-0.5.0-SNAPSHOT.jar:/home/user/.m2/repository/org/apache/commons/commons-compress/1.4.1/commons-compress-1.4.1.jar:/home/user/.m2/repository/org/tukaani/xz/1.0/xz-1.0.jar:/home/user/.m2/repository/org/apache/hadoop/hadoop-hdfs-client/3.2.0/hadoop-hdfs-client-3.2.0.jar:/home/user/.m2/repository/com/fasterxml/jackson/core/jackson-annotations/2.9.9/jackson-annotations-2.9.9.jar:/home/user/.m2/repository/org/apache/hadoop/hadoop-hdds-common/0.5.0-SNAPSHOT/hadoop-hdds-common-0.5.0-SNAPSHOT.jar:/home/user/.m2/repository/org/apache/hadoop/hadoop-hdds-config/0.5.0-SNAPSHOT/hadoop-hdds-config-0.5.0-SNAPSHOT.jar:/home/user/.m2/repository/javax/annotation/javax.annotation-api/1.2/javax.annotation-api-1.2.jar:/home/user/.m2/repository/org/apache/ratis/ratis-server/0.5.0-3f446aa-SNAPSHOT/ratis-server-0.5.0-3f446aa-SNAPSHOT.jar:/home/user/.m2/repository/org/apache/ratis/ratis-thirdparty-misc/0.2.0/ratis-thirdparty-misc-0.2.0.jar:/home/user/.m2/repository/org/apache/ratis/ratis-proto/0.5.0-3f446aa-SNAPSHOT/ratis-proto-0.5.0-3f446aa-SNAPSHOT.jar:/home/user/.m2/repository/org/apache/ratis/ratis-common/0.5.0-3f446aa-SNAPSHOT/ratis-common-0.5.0-3f446aa-SNAPSHOT.jar:/home/user/.m2/repository/org/apache/ratis/ratis-client/0.5.0-3f446aa-SNAPSHOT/ratis-client-0.5.0-3f446aa-SNAPSHOT.jar:/home/user/.m2/repository/org/apache/ratis/ratis-metrics/0.5.0-3f446aa-SNAPSHOT/ratis-metrics-0.5.0-3f446aa-SNAPSHOT.jar:/home/user/.m2/repository/com/github/joshelser/dropwizard-metrics-hadoop-metrics2-reporter/0.1.2/dropwizard-metrics-hadoop-metrics2-reporter-0.1.2.jar:/home/user/.m2/repository/io/dropwizard/metrics/metrics-jvm/3.2.5/metrics-jvm-3.2.5.jar:/home/user/.m2/repository/io/dropwizard/metrics/metrics-ganglia/3.2.5/metrics-ganglia-3.2.5.jar:/home/user/.m2/repository/info/ganglia/gmetric4j/gmetric4j/1.0.7/gmetric4j-1.0.7.jar:/home/user/.m2/repository/org/apache/ratis/ratis-netty/0.5.0-3f446aa-SNAPSHOT/ratis-netty-0.5.0-3f446aa-SNAPSHOT.jar:/home/user/.m2/repository/org/apache/ratis/ratis-grpc/0.5.0-3f446aa-SNAPSHOT/ratis-grpc-0.5.0-3f446aa-SNAPSHOT.jar:/home/user/.m2/repository/org/rocksdb/rocksdbjni/6.0.1/rocksdbjni-6.0.1.jar:/home/user/.m2/repository/org/apache/logging/log4j/log4j-api/2.11.0/log4j-api-2.11.0.jar:/home/user/.m2/repository/org/apache/logging/log4j/log4j-core/2.11.0/log4j-core-2.11.0.jar:/home/user/.m2/repository/com/lmax/disruptor/3.4.2/disruptor-3.4.2.jar:/home/user/.m2/repository/org/apache/commons/commons-pool2/2.6.0/commons-pool2-2.6.0.jar:/home/user/.m2/repository/org/bouncycastle/bcpkix-jdk15on/1.60/bcpkix-jdk15on-1.60.jar:/home/user/.m2/repository/commons-validator/commons-validator/1.6/commons-validator-1.6.jar:/home/user/.m2/repository/commons-digester/commons-digester/1.8.1/commons-digester-1.8.1.jar:/home/user/.m2/repository/io/jaegertracing/jaeger-client/0.34.0/jaeger-client-0.34.0.jar:/home/user/.m2/repository/io/jaegertracing/jaeger-thrift/0.34.0/jaeger-thrift-0.34.0.jar:/home/user/.m2/repository/org/apache/thrift/libthrift/0.12.0/libthrift-0.12.0.jar:/home/user/.m2/repository/com/squareup/okhttp3/okhttp/3.9.0/okhttp-3.9.0.jar:/home/user/.m2/repository/com/squareup/okio/okio/1.13.0/okio-1.13.0.jar:/home/user/.m2/repository/io/jaegertracing/jaeger-core/0.34.0/jaeger-core-0.34.0.jar:/home/user/.m2/repository/io/jaegertracing/jaeger-tracerresolver/0.34.0/jaeger-tracerresolver-0.34.0.jar:/home/user/.m2/repository/io/opentracing/contrib/opentracing-tracerresolver/0.1.5/opentracing-tracerresolver-0.1.5.jar:/home/user/.m2/repository/io/opentracing/opentracing-util/0.31.0/opentracing-util-0.31.0.jar:/home/user/.m2/repository/io/opentracing/opentracing-api/0.31.0/opentracing-api-0.31.0.jar:/home/user/.m2/repository/io/opentracing/opentracing-noop/0.31.0/opentracing-noop-0.31.0.jar:/home/user/.m2/repository/org/yaml/snakeyaml/1.16/snakeyaml-1.16.jar:/home/user/.m2/repository/org/apache/hadoop/hadoop-hdds-container-service/0.5.0-SNAPSHOT/hadoop-hdds-container-service-0.5.0-SNAPSHOT.jar:/home/user/.m2/repository/org/apache/hadoop/hadoop-hdds-client/0.5.0-SNAPSHOT/hadoop-hdds-client-0.5.0-SNAPSHOT.jar:/home/user/.m2/repository/org/apache/hadoop/hadoop-hdds-tools/0.5.0-SNAPSHOT/hadoop-hdds-tools-0.5.0-SNAPSHOT.jar:/home/user/.m2/repository/org/xerial/sqlite-jdbc/3.25.2/sqlite-jdbc-3.25.2.jar:/home/user/.m2/repository/org/apache/hadoop/hadoop-hdds-server-scm/0.5.0-SNAPSHOT/hadoop-hdds-server-scm-0.5.0-SNAPSHOT.jar:/home/user/.m2/repository/org/hamcrest/hamcrest-all/1.3/hamcrest-all-1.3.jar:/home/user/.m2/repository/info/picocli/picocli/3.9.6/picocli-3.9.6.jar:/home/user/.m2/repository/com/google/protobuf/protobuf-java/2.5.0/protobuf-java-2.5.0.jar:/home/user/.m2/repository/com/google/guava/guava/11.0.2/guava-11.0.2.jar:/home/user/.m2/repository/org/apache/hadoop/hadoop-ozone-client/0.5.0-SNAPSHOT/hadoop-ozone-client-0.5.0-SNAPSHOT.jar:/workdir/hadoop-ozone/ozonefs/target/classes:/home/user/.m2/repository/org/apache/httpcomponents/httpclient/4.5.2/httpclient-4.5.2.jar:/home/user/.m2/repository/org/apache/httpcomponents/httpcore/4.4.4/httpcore-4.4.4.jar:/home/user/.m2/repository/org/apache/hadoop/hadoop-hdds-server-framework/0.5.0-SNAPSHOT/hadoop-hdds-server-framework-0.5.0-SNAPSHOT.jar:/home/user/.m2/repository/org/apache/hadoop/hadoop-common/3.2.0/hadoop-common-3.2.0.jar:/home/user/.m2/repository/org/apache/hadoop/hadoop-annotations/3.2.0/hadoop-annotations-3.2.0.jar:/usr/lib/jvm/java-1.8.0-openjdk-1.8.0.222.b10-1.el7_7.x86_64/jre/../lib/tools.jar:/home/user/.m2/repository/commons-cli/commons-cli/1.2/commons-cli-1.2.jar:/home/user/.m2/repository/org/apache/commons/commons-math3/3.1.1/commons-math3-3.1.1.jar:/home/user/.m2/repository/commons-codec/commons-codec/1.11/commons-codec-1.11.jar:/home/user/.m2/repository/commons-io/commons-io/2.5/commons-io-2.5.jar:/home/user/.m2/repository/commons-net/commons-net/3.6/commons-net-3.6.jar:/home/user/.m2/repository/commons-collections/commons-collections/3.2.2/commons-collections-3.2.2.jar:/home/user/.m2/repository/javax/servlet/javax.servlet-api/3.1.0/javax.servlet-api-3.1.0.jar:/home/user/.m2/repository/org/eclipse/jetty/jetty-server/9.3.25.v20180904/jetty-server-9.3.25.v20180904.jar:/home/user/.m2/repository/org/eclipse/jetty/jetty-http/9.3.25.v20180904/jetty-http-9.3.25.v20180904.jar:/home/user/.m2/repository/org/eclipse/jetty/jetty-io/9.3.25.v20180904/jetty-io-9.3.25.v20180904.jar:/home/user/.m2/repository/org/eclipse/jetty/jetty-util/9.3.25.v20180904/jetty-util-9.3.25.v20180904.jar:/home/user/.m2/repository/org/eclipse/jetty/jetty-servlet/9.3.25.v20180904/jetty-servlet-9.3.25.v20180904.jar:/home/user/.m2/repository/org/eclipse/jetty/jetty-security/9.3.25.v20180904/jetty-security-9.3.25.v20180904.jar:/home/user/.m2/repository/org/eclipse/jetty/jetty-webapp/9.3.25.v20180904/jetty-webapp-9.3.25.v20180904.jar:/home/user/.m2/repository/org/eclipse/jetty/jetty-xml/9.3.25.v20180904/jetty-xml-9.3.25.v20180904.jar:/home/user/.m2/repository/javax/servlet/jsp/jsp-api/2.1/jsp-api-2.1.jar:/home/user/.m2/repository/com/sun/jersey/jersey-core/1.19/jersey-core-1.19.jar:/home/user/.m2/repository/javax/ws/rs/jsr311-api/1.1.1/jsr311-api-1.1.1.jar:/home/user/.m2/repository/com/sun/jersey/jersey-servlet/1.19/jersey-servlet-1.19.jar:/home/user/.m2/repository/com/sun/jersey/jersey-json/1.19/jersey-json-1.19.jar:/home/user/.m2/repository/org/codehaus/jettison/jettison/1.1/jettison-1.1.jar:/home/user/.m2/repository/com/sun/xml/bind/jaxb-impl/2.3.0.1/jaxb-impl-2.3.0.1.jar:/home/user/.m2/repository/org/codehaus/jackson/jackson-core-asl/1.9.13/jackson-core-asl-1.9.13.jar:/home/user/.m2/repository/org/codehaus/jackson/jackson-mapper-asl/1.9.13/jackson-mapper-asl-1.9.13.jar:/home/user/.m2/repository/org/codehaus/jackson/jackson-jaxrs/1.9.13/jackson-jaxrs-1.9.13.jar:/home/user/.m2/repository/org/codehaus/jackson/jackson-xc/1.9.13/jackson-xc-1.9.13.jar:/home/user/.m2/repository/com/sun/jersey/jersey-server/1.19/jersey-server-1.19.jar:/home/user/.m2/repository/commons-logging/commons-logging/1.1.3/commons-logging-1.1.3.jar:/home/user/.m2/repository/log4j/log4j/1.2.17/log4j-1.2.17.jar:/home/user/.m2/repository/commons-beanutils/commons-beanutils/1.9.4/commons-beanutils-1.9.4.jar:/home/user/.m2/repository/org/apache/commons/commons-configuration2/2.1.1/commons-configuration2-2.1.1.jar:/home/user/.m2/repository/org/apache/commons/commons-lang3/3.7/commons-lang3-3.7.jar:/home/user/.m2/repository/org/apache/commons/commons-text/1.4/commons-text-1.4.jar:/home/user/.m2/repository/org/slf4j/slf4j-api/1.7.25/slf4j-api-1.7.25.jar:/home/user/.m2/repository/org/slf4j/slf4j-log4j12/1.7.25/slf4j-log4j12-1.7.25.jar:/home/user/.m2/repository/org/apache/avro/avro/1.7.7/avro-1.7.7.jar:/home/user/.m2/repository/com/thoughtworks/paranamer/paranamer/2.3/paranamer-2.3.jar:/home/user/.m2/repository/org/xerial/snappy/snappy-java/1.0.5/snappy-java-1.0.5.jar:/home/user/.m2/repository/com/google/re2j/re2j/1.1/re2j-1.1.jar:/home/user/.m2/repository/com/google/code/gson/gson/2.2.4/gson-2.2.4.jar:/home/user/.m2/repository/org/apache/hadoop/hadoop-auth/3.2.0/hadoop-auth-3.2.0.jar:/home/user/.m2/repository/com/nimbusds/nimbus-jose-jwt/4.41.1/nimbus-jose-jwt-4.41.1.jar:/home/user/.m2/repository/com/github/stephenc/jcip/jcip-annotations/1.0-1/jcip-annotations-1.0-1.jar:/home/user/.m2/repository/net/minidev/json-smart/2.3/json-smart-2.3.jar:/home/user/.m2/repository/net/minidev/accessors-smart/1.2/accessors-smart-1.2.jar:/home/user/.m2/repository/org/apache/curator/curator-framework/2.12.0/curator-framework-2.12.0.jar:/home/user/.m2/repository/com/jcraft/jsch/0.1.54/jsch-0.1.54.jar:/home/user/.m2/repository/org/apache/curator/curator-client/2.12.0/curator-client-2.12.0.jar:/home/user/.m2/repository/org/apache/curator/curator-recipes/2.12.0/curator-recipes-2.12.0.jar:/home/user/.m2/repository/com/google/code/findbugs/jsr305/3.0.0/jsr305-3.0.0.jar:/home/user/.m2/repository/org/apache/htrace/htrace-core4/4.1.0-incubating/htrace-core4-4.1.0-incubating.jar:/home/user/.m2/repository/org/apache/zookeeper/zookeeper/3.4.13/zookeeper-3.4.13.jar:/home/user/.m2/repository/jline/jline/0.9.94/jline-0.9.94.jar:/home/user/.m2/repository/org/apache/yetus/audience-annotations/0.5.0/audience-annotations-0.5.0.jar:/home/user/.m2/repository/org/apache/kerby/kerb-simplekdc/1.0.1/kerb-simplekdc-1.0.1.jar:/home/user/.m2/repository/org/apache/kerby/kerb-client/1.0.1/kerb-client-1.0.1.jar:/home/user/.m2/repository/org/apache/kerby/kerby-config/1.0.1/kerby-config-1.0.1.jar:/home/user/.m2/repository/org/apache/kerby/kerb-core/1.0.1/kerb-core-1.0.1.jar:/home/user/.m2/repository/org/apache/kerby/kerby-pkix/1.0.1/kerby-pkix-1.0.1.jar:/home/user/.m2/repository/org/apache/kerby/kerby-asn1/1.0.1/kerby-asn1-1.0.1.jar:/home/user/.m2/repository/org/apache/kerby/kerby-util/1.0.1/kerby-util-1.0.1.jar:/home/user/.m2/repository/org/apache/kerby/kerb-common/1.0.1/kerb-common-1.0.1.jar:/home/user/.m2/repository/org/apache/kerby/kerb-crypto/1.0.1/kerb-crypto-1.0.1.jar:/home/user/.m2/repository/org/apache/kerby/kerb-util/1.0.1/kerb-util-1.0.1.jar:/home/user/.m2/repository/org/apache/kerby/token-provider/1.0.1/token-provider-1.0.1.jar:/home/user/.m2/repository/org/apache/kerby/kerb-admin/1.0.1/kerb-admin-1.0.1.jar:/home/user/.m2/repository/org/apache/kerby/kerb-server/1.0.1/kerb-server-1.0.1.jar:/home/user/.m2/repository/org/apache/kerby/kerb-identity/1.0.1/kerb-identity-1.0.1.jar:/home/user/.m2/repository/org/apache/kerby/kerby-xdr/1.0.1/kerby-xdr-1.0.1.jar:/home/user/.m2/repository/com/fasterxml/jackson/core/jackson-databind/2.9.9/jackson-databind-2.9.9.jar:/home/user/.m2/repository/com/fasterxml/jackson/core/jackson-core/2.9.9/jackson-core-2.9.9.jar:/home/user/.m2/repository/org/codehaus/woodstox/stax2-api/3.1.4/stax2-api-3.1.4.jar:/home/user/.m2/repository/com/fasterxml/woodstox/woodstox-core/5.0.3/woodstox-core-5.0.3.jar:/home/user/.m2/repository/dnsjava/dnsjava/2.1.7/dnsjava-2.1.7.jar:/home/user/.m2/repository/org/apache/hadoop/hadoop-hdfs/3.2.0/hadoop-hdfs-3.2.0.jar:/home/user/.m2/repository/org/eclipse/jetty/jetty-util-ajax/9.3.25.v20180904/jetty-util-ajax-9.3.25.v20180904.jar:/home/user/.m2/repository/commons-daemon/commons-daemon/1.0.13/commons-daemon-1.0.13.jar:/home/user/.m2/repository/io/netty/netty/3.10.5.Final/netty-3.10.5.Final.jar:/home/user/.m2/repository/io/netty/netty-all/4.0.52.Final/netty-all-4.0.52.Final.jar:/home/user/.m2/repository/org/fusesource/leveldbjni/leveldbjni-all/1.8/leveldbjni-all-1.8.jar:/home/user/.m2/repository/com/sun/xml/bind/jaxb-core/2.3.0.1/jaxb-core-2.3.0.1.jar:/home/user/.m2/repository/javax/xml/bind/jaxb-api/2.3.0/jaxb-api-2.3.0.jar:/home/user/.m2/repository/javax/activation/activation/1.1.1/activation-1.1.1.jar:/home/user/.m2/repository/org/openjdk/jmh/jmh-core/1.19/jmh-core-1.19.jar:/home/user/.m2/repository/net/sf/jopt-simple/jopt-simple/4.6/jopt-simple-4.6.jar:/home/user/.m2/repository/org/openjdk/jmh/jmh-generator-annprocess/1.19/jmh-generator-annprocess-1.19.jar:/home/user/.m2/repository/io/dropwizard/metrics/metrics-core/3.2.4/metrics-core-3.2.4.jar:/home/user/.m2/repository/com/amazonaws/aws-java-sdk-s3/1.11.615/aws-java-sdk-s3-1.11.615.jar:/home/user/.m2/repository/com/amazonaws/aws-java-sdk-kms/1.11.615/aws-java-sdk-kms-1.11.615.jar:/home/user/.m2/repository/com/amazonaws/aws-java-sdk-core/1.11.615/aws-java-sdk-core-1.11.615.jar:/home/user/.m2/repository/software/amazon/ion/ion-java/1.0.2/ion-java-1.0.2.jar:/home/user/.m2/repository/com/fasterxml/jackson/dataformat/jackson-dataformat-cbor/2.9.9/jackson-dataformat-cbor-2.9.9.jar:/home/user/.m2/repository/joda-time/joda-time/2.9.9/joda-time-2.9.9.jar:/home/user/.m2/repository/com/amazonaws/jmespath-java/1.11.615/jmespath-java-1.11.615.jar:/home/user/.m2/repository/com/github/spotbugs/spotbugs/3.1.12/spotbugs-3.1.12.jar:/home/user/.m2/repository/org/ow2/asm/asm/5.0.4/asm-5.0.4.jar:/home/user/.m2/repository/org/ow2/asm/asm-analysis/7.0/asm-analysis-7.0.jar:/home/user/.m2/repository/org/ow2/asm/asm-commons/7.0/asm-commons-7.0.jar:/home/user/.m2/repository/org/ow2/asm/asm-tree/7.0/asm-tree-7.0.jar:/home/user/.m2/repository/org/ow2/asm/asm-util/7.0/asm-util-7.0.jar:/home/user/.m2/repository/org/apache/bcel/bcel/6.3/bcel-6.3.jar:/home/user/.m2/repository/net/jcip/jcip-annotations/1.0/jcip-annotations-1.0.jar:/home/user/.m2/repository/org/dom4j/dom4j/2.1.1/dom4j-2.1.1.jar:/home/user/.m2/repository/jaxen/jaxen/1.1.6/jaxen-1.1.6.jar:/home/user/.m2/repository/commons-lang/commons-lang/2.6/commons-lang-2.6.jar:/home/user/.m2/repository/com/github/spotbugs/spotbugs-annotations/3.1.12/spotbugs-annotations-3.1.12.jar:/home/user/.m2/repository/junit/junit/4.11/junit-4.11.jar:/home/user/.m2/repository/org/hamcrest/hamcrest-core/1.3/hamcrest-core-1.3.jar:/home/user/.m2/repository/org/apache/hadoop/hadoop-common/3.2.0/hadoop-common-3.2.0-tests.jar:/workdir/hadoop-ozone/integration-test/target/test-classes:/home/user/.m2/repository/org/apache/hadoop/hadoop-ozone-s3gateway/0.5.0-SNAPSHOT/hadoop-ozone-s3gateway-0.5.0-SNAPSHOT.jar:/home/user/.m2/repository/org/jboss/weld/servlet/weld-servlet/2.4.7.Final/weld-servlet-2.4.7.Final.jar:/home/user/.m2/repository/org/glassfish/jersey/containers/jersey-container-servlet-core/2.27/jersey-container-servlet-core-2.27.jar:/home/user/.m2/repository/org/glassfish/hk2/external/javax.inject/2.5.0-b42/javax.inject-2.5.0-b42.jar:/home/user/.m2/repository/org/glassfish/jersey/core/jersey-common/2.27/jersey-common-2.27.jar:/home/user/.m2/repository/org/glassfish/hk2/osgi-resource-locator/1.0.1/osgi-resource-locator-1.0.1.jar:/home/user/.m2/repository/javax/ws/rs/javax.ws.rs-api/2.1/javax.ws.rs-api-2.1.jar:/home/user/.m2/repository/org/glassfish/jersey/ext/cdi/jersey-cdi1x/2.27/jersey-cdi1x-2.27.jar:/home/user/.m2/repository/org/glassfish/jersey/inject/jersey-hk2/2.27/jersey-hk2-2.27.jar:/home/user/.m2/repository/org/glassfish/hk2/hk2-locator/2.5.0-b42/hk2-locator-2.5.0-b42.jar:/home/user/.m2/repository/org/javassist/javassist/3.22.0-CR2/javassist-3.22.0-CR2.jar:/home/user/.m2/repository/org/glassfish/hk2/hk2-api/2.5.0/hk2-api-2.5.0.jar:/home/user/.m2/repository/org/glassfish/hk2/external/jakarta.inject/2.5.0/jakarta.inject-2.5.0.jar:/home/user/.m2/repository/org/glassfish/hk2/hk2-utils/2.5.0/hk2-utils-2.5.0.jar:/home/user/.m2/repository/jakarta/annotation/jakarta.annotation-api/1.3.4/jakarta.annotation-api-1.3.4.jar:/home/user/.m2/repository/org/glassfish/hk2/external/aopalliance-repackaged/2.5.0/aopalliance-repackaged-2.5.0.jar:/home/user/.m2/repository/com/fasterxml/jackson/dataformat/jackson-dataformat-xml/2.9.0/jackson-dataformat-xml-2.9.0.jar:/home/user/.m2/repository/com/fasterxml/jackson/module/jackson-module-jaxb-annotations/2.9.9/jackson-module-jaxb-annotations-2.9.9.jar:/home/user/.m2/repository/javax/enterprise/cdi-api/1.2/cdi-api-1.2.jar:/home/user/.m2/repository/javax/el/javax.el-api/3.0.0/javax.el-api-3.0.0.jar:/home/user/.m2/repository/javax/interceptor/javax.interceptor-api/1.2/javax.interceptor-api-1.2.jar:/home/user/.m2/repository/javax/inject/javax.inject/1/javax.inject-1.jar:/home/user/.m2/repository/org/apache/hadoop/hadoop-ozone-csi/0.5.0-SNAPSHOT/hadoop-ozone-csi-0.5.0-SNAPSHOT.jar:/home/user/.m2/repository/com/google/protobuf/protobuf-java-util/3.5.1/protobuf-java-util-3.5.1.jar:/home/user/.m2/repository/io/grpc/grpc-netty/1.17.1/grpc-netty-1.17.1.jar:/home/user/.m2/repository/io/grpc/grpc-core/1.17.1/grpc-core-1.17.1.jar:/home/user/.m2/repository/io/grpc/grpc-context/1.17.1/grpc-context-1.17.1.jar:/home/user/.m2/repository/com/google/errorprone/error_prone_annotations/2.2.0/error_prone_annotations-2.2.0.jar:/home/user/.m2/repository/org/codehaus/mojo/animal-sniffer-annotations/1.17/animal-sniffer-annotations-1.17.jar:/home/user/.m2/repository/io/opencensus/opencensus-api/0.17.0/opencensus-api-0.17.0.jar:/home/user/.m2/repository/io/opencensus/opencensus-contrib-grpc-metrics/0.17.0/opencensus-contrib-grpc-metrics-0.17.0.jar:/home/user/.m2/repository/io/netty/netty-codec-http2/4.1.30.Final/netty-codec-http2-4.1.30.Final.jar:/home/user/.m2/repository/io/netty/netty-codec-http/4.1.30.Final/netty-codec-http-4.1.30.Final.jar:/home/user/.m2/repository/io/netty/netty-codec/4.1.30.Final/netty-codec-4.1.30.Final.jar:/home/user/.m2/repository/io/netty/netty-handler/4.1.30.Final/netty-handler-4.1.30.Final.jar:/home/user/.m2/repository/io/netty/netty-handler-proxy/4.1.30.Final/netty-handler-proxy-4.1.30.Final.jar:/home/user/.m2/repository/io/netty/netty-codec-socks/4.1.30.Final/netty-codec-socks-4.1.30.Final.jar:/home/user/.m2/repository/io/netty/netty-transport-native-epoll/4.1.30.Final/netty-transport-native-epoll-4.1.30.Final.jar:/home/user/.m2/repository/io/netty/netty-common/4.1.30.Final/netty-common-4.1.30.Final.jar:/home/user/.m2/repository/io/netty/netty-buffer/4.1.30.Final/netty-buffer-4.1.30.Final.jar:/home/user/.m2/repository/io/netty/netty-transport/4.1.30.Final/netty-transport-4.1.30.Final.jar:/home/user/.m2/repository/io/netty/netty-resolver/4.1.30.Final/netty-resolver-4.1.30.Final.jar:/home/user/.m2/repository/io/netty/netty-transport-native-unix-common/4.1.30.Final/netty-transport-native-unix-common-4.1.30.Final.jar:/home/user/.m2/repository/io/grpc/grpc-protobuf/1.17.1/grpc-protobuf-1.17.1.jar:/home/user/.m2/repository/com/google/api/grpc/proto-google-common-protos/1.0.0/proto-google-common-protos-1.0.0.jar:/home/user/.m2/repository/io/grpc/grpc-protobuf-lite/1.17.1/grpc-protobuf-lite-1.17.1.jar:/home/user/.m2/repository/io/grpc/grpc-stub/1.17.1/grpc-stub-1.17.1.jar:/home/user/.m2/repository/org/apache/hadoop/hadoop-ozone-recon/0.5.0-SNAPSHOT/hadoop-ozone-recon-0.5.0-SNAPSHOT.jar:/home/user/.m2/repository/org/apache/hadoop/hadoop-ozone-reconcodegen/0.5.0-SNAPSHOT/hadoop-ozone-reconcodegen-0.5.0-SNAPSHOT.jar:/home/user/.m2/repository/com/google/inject/extensions/guice-multibindings/4.0/guice-multibindings-4.0.jar:/home/user/.m2/repository/com/google/inject/guice/4.0/guice-4.0.jar:/home/user/.m2/repository/aopalliance/aopalliance/1.0/aopalliance-1.0.jar:/home/user/.m2/repository/com/google/inject/extensions/guice-servlet/4.0/guice-servlet-4.0.jar:/home/user/.m2/repository/org/glassfish/jersey/containers/jersey-container-servlet/2.27/jersey-container-servlet-2.27.jar:/home/user/.m2/repository/org/glassfish/hk2/guice-bridge/2.5.0/guice-bridge-2.5.0.jar:/home/user/.m2/repository/org/glassfish/jersey/core/jersey-server/2.27/jersey-server-2.27.jar:/home/user/.m2/repository/org/glassfish/jersey/core/jersey-client/2.27/jersey-client-2.27.jar:/home/user/.m2/repository/org/glassfish/jersey/media/jersey-media-jaxb/2.27/jersey-media-jaxb-2.27.jar:/home/user/.m2/repository/javax/validation/validation-api/1.1.0.Final/validation-api-1.1.0.Final.jar:/home/user/.m2/repository/org/glassfish/jersey/media/jersey-media-json-jackson/2.27/jersey-media-json-jackson-2.27.jar:/home/user/.m2/repository/org/glassfish/jersey/ext/jersey-entity-filtering/2.27/jersey-entity-filtering-2.27.jar:/home/user/.m2/repository/com/google/inject/extensions/guice-assistedinject/4.0/guice-assistedinject-4.0.jar:/home/user/.m2/repository/org/jooq/jooq/3.11.10/jooq-3.11.10.jar:/home/user/.m2/repository/org/jooq/jooq-meta/3.11.10/jooq-meta-3.11.10.jar:/home/user/.m2/repository/org/jooq/jooq-codegen/3.11.10/jooq-codegen-3.11.10.jar:/home/user/.m2/repository/com/jolbox/bonecp/0.8.0.RELEASE/bonecp-0.8.0.RELEASE.jar:/home/user/.m2/repository/org/springframework/spring-jdbc/5.1.3.RELEASE/spring-jdbc-5.1.3.RELEASE.jar:/home/user/.m2/repository/org/springframework/spring-beans/5.1.3.RELEASE/spring-beans-5.1.3.RELEASE.jar:/home/user/.m2/repository/org/springframework/spring-core/5.1.3.RELEASE/spring-core-5.1.3.RELEASE.jar:/home/user/.m2/repository/org/springframework/spring-jcl/5.1.3.RELEASE/spring-jcl-5.1.3.RELEASE.jar:/home/user/.m2/repository/org/springframework/spring-tx/5.1.3.RELEASE/spring-tx-5.1.3.RELEASE.jar:/home/user/.m2/repository/org/mockito/mockito-core/2.15.0/mockito-core-2.15.0.jar:/home/user/.m2/repository/net/bytebuddy/byte-buddy/1.7.9/byte-buddy-1.7.9.jar:/home/user/.m2/repository/net/bytebuddy/byte-buddy-agent/1.7.9/byte-buddy-agent-1.7.9.jar:/home/user/.m2/repository/org/objenesis/objenesis/1.0/objenesis-1.0.jar:"/>
    <property name="java.vm.vendor" value="Oracle Corporation"/>
    <property name="sun.arch.data.model" value="64"/>
    <property name="test.build.dir" value="/workdir/hadoop-ozone/tools/target/test-dir"/>
    <property name="test.cache.data" value=""/>
    <property name="java.vendor.url" value="http://java.oracle.com/"/>
    <property name="user.timezone" value=""/>
    <property name="java.vm.specification.version" value="1.8"/>
    <property name="os.name" value="Linux"/>
    <property name="test.build.data" value="/workdir/hadoop-ozone/tools/target/test-dir"/>
    <property name="user.country" value="US"/>
    <property name="sun.java.launcher" value="SUN_STANDARD"/>
    <property name="sun.boot.library.path" value="/usr/lib/jvm/java-1.8.0-openjdk-1.8.0.222.b10-1.el7_7.x86_64/jre/lib/amd64"/>
    <property name="sun.java.command" value="/workdir/hadoop-ozone/tools/target/surefire/surefirebooter2955495760125856889.jar /workdir/hadoop-ozone/tools/target/surefire 2019-10-17T06-25-58_183-jvmRun1 surefire7919687634951482486tmp surefire_1035713391166697600656tmp"/>
    <property name="surefire.test.class.path" value="/workdir/hadoop-ozone/tools/target/test-classes:/workdir/hadoop-ozone/tools/target/classes:/home/user/.m2/repository/org/apache/hadoop/hadoop-ozone-ozone-manager/0.5.0-SNAPSHOT/hadoop-ozone-ozone-manager-0.5.0-SNAPSHOT.jar:/home/user/.m2/repository/org/apache/hadoop/hadoop-hdds-docs/0.5.0-SNAPSHOT/hadoop-hdds-docs-0.5.0-SNAPSHOT.jar:/home/user/.m2/repository/org/bouncycastle/bcprov-jdk15on/1.60/bcprov-jdk15on-1.60.jar:/home/user/.m2/repository/org/apache/hadoop/hadoop-ozone-common/0.5.0-SNAPSHOT/hadoop-ozone-common-0.5.0-SNAPSHOT.jar:/home/user/.m2/repository/org/apache/commons/commons-compress/1.4.1/commons-compress-1.4.1.jar:/home/user/.m2/repository/org/tukaani/xz/1.0/xz-1.0.jar:/home/user/.m2/repository/org/apache/hadoop/hadoop-hdfs-client/3.2.0/hadoop-hdfs-client-3.2.0.jar:/home/user/.m2/repository/com/fasterxml/jackson/core/jackson-annotations/2.9.9/jackson-annotations-2.9.9.jar:/home/user/.m2/repository/org/apache/hadoop/hadoop-hdds-common/0.5.0-SNAPSHOT/hadoop-hdds-common-0.5.0-SNAPSHOT.jar:/home/user/.m2/repository/org/apache/hadoop/hadoop-hdds-config/0.5.0-SNAPSHOT/hadoop-hdds-config-0.5.0-SNAPSHOT.jar:/home/user/.m2/repository/javax/annotation/javax.annotation-api/1.2/javax.annotation-api-1.2.jar:/home/user/.m2/repository/org/apache/ratis/ratis-server/0.5.0-3f446aa-SNAPSHOT/ratis-server-0.5.0-3f446aa-SNAPSHOT.jar:/home/user/.m2/repository/org/apache/ratis/ratis-thirdparty-misc/0.2.0/ratis-thirdparty-misc-0.2.0.jar:/home/user/.m2/repository/org/apache/ratis/ratis-proto/0.5.0-3f446aa-SNAPSHOT/ratis-proto-0.5.0-3f446aa-SNAPSHOT.jar:/home/user/.m2/repository/org/apache/ratis/ratis-common/0.5.0-3f446aa-SNAPSHOT/ratis-common-0.5.0-3f446aa-SNAPSHOT.jar:/home/user/.m2/repository/org/apache/ratis/ratis-client/0.5.0-3f446aa-SNAPSHOT/ratis-client-0.5.0-3f446aa-SNAPSHOT.jar:/home/user/.m2/repository/org/apache/ratis/ratis-metrics/0.5.0-3f446aa-SNAPSHOT/ratis-metrics-0.5.0-3f446aa-SNAPSHOT.jar:/home/user/.m2/repository/com/github/joshelser/dropwizard-metrics-hadoop-metrics2-reporter/0.1.2/dropwizard-metrics-hadoop-metrics2-reporter-0.1.2.jar:/home/user/.m2/repository/io/dropwizard/metrics/metrics-jvm/3.2.5/metrics-jvm-3.2.5.jar:/home/user/.m2/repository/io/dropwizard/metrics/metrics-ganglia/3.2.5/metrics-ganglia-3.2.5.jar:/home/user/.m2/repository/info/ganglia/gmetric4j/gmetric4j/1.0.7/gmetric4j-1.0.7.jar:/home/user/.m2/repository/org/apache/ratis/ratis-netty/0.5.0-3f446aa-SNAPSHOT/ratis-netty-0.5.0-3f446aa-SNAPSHOT.jar:/home/user/.m2/repository/org/apache/ratis/ratis-grpc/0.5.0-3f446aa-SNAPSHOT/ratis-grpc-0.5.0-3f446aa-SNAPSHOT.jar:/home/user/.m2/repository/org/rocksdb/rocksdbjni/6.0.1/rocksdbjni-6.0.1.jar:/home/user/.m2/repository/org/apache/logging/log4j/log4j-api/2.11.0/log4j-api-2.11.0.jar:/home/user/.m2/repository/org/apache/logging/log4j/log4j-core/2.11.0/log4j-core-2.11.0.jar:/home/user/.m2/repository/com/lmax/disruptor/3.4.2/disruptor-3.4.2.jar:/home/user/.m2/repository/org/apache/commons/commons-pool2/2.6.0/commons-pool2-2.6.0.jar:/home/user/.m2/repository/org/bouncycastle/bcpkix-jdk15on/1.60/bcpkix-jdk15on-1.60.jar:/home/user/.m2/repository/commons-validator/commons-validator/1.6/commons-validator-1.6.jar:/home/user/.m2/repository/commons-digester/commons-digester/1.8.1/commons-digester-1.8.1.jar:/home/user/.m2/repository/io/jaegertracing/jaeger-client/0.34.0/jaeger-client-0.34.0.jar:/home/user/.m2/repository/io/jaegertracing/jaeger-thrift/0.34.0/jaeger-thrift-0.34.0.jar:/home/user/.m2/repository/org/apache/thrift/libthrift/0.12.0/libthrift-0.12.0.jar:/home/user/.m2/repository/com/squareup/okhttp3/okhttp/3.9.0/okhttp-3.9.0.jar:/home/user/.m2/repository/com/squareup/okio/okio/1.13.0/okio-1.13.0.jar:/home/user/.m2/repository/io/jaegertracing/jaeger-core/0.34.0/jaeger-core-0.34.0.jar:/home/user/.m2/repository/io/jaegertracing/jaeger-tracerresolver/0.34.0/jaeger-tracerresolver-0.34.0.jar:/home/user/.m2/repository/io/opentracing/contrib/opentracing-tracerresolver/0.1.5/opentracing-tracerresolver-0.1.5.jar:/home/user/.m2/repository/io/opentracing/opentracing-util/0.31.0/opentracing-util-0.31.0.jar:/home/user/.m2/repository/io/opentracing/opentracing-api/0.31.0/opentracing-api-0.31.0.jar:/home/user/.m2/repository/io/opentracing/opentracing-noop/0.31.0/opentracing-noop-0.31.0.jar:/home/user/.m2/repository/org/yaml/snakeyaml/1.16/snakeyaml-1.16.jar:/home/user/.m2/repository/org/apache/hadoop/hadoop-hdds-container-service/0.5.0-SNAPSHOT/hadoop-hdds-container-service-0.5.0-SNAPSHOT.jar:/home/user/.m2/repository/org/apache/hadoop/hadoop-hdds-client/0.5.0-SNAPSHOT/hadoop-hdds-client-0.5.0-SNAPSHOT.jar:/home/user/.m2/repository/org/apache/hadoop/hadoop-hdds-tools/0.5.0-SNAPSHOT/hadoop-hdds-tools-0.5.0-SNAPSHOT.jar:/home/user/.m2/repository/org/xerial/sqlite-jdbc/3.25.2/sqlite-jdbc-3.25.2.jar:/home/user/.m2/repository/org/apache/hadoop/hadoop-hdds-server-scm/0.5.0-SNAPSHOT/hadoop-hdds-server-scm-0.5.0-SNAPSHOT.jar:/home/user/.m2/repository/org/hamcrest/hamcrest-all/1.3/hamcrest-all-1.3.jar:/home/user/.m2/repository/info/picocli/picocli/3.9.6/picocli-3.9.6.jar:/home/user/.m2/repository/com/google/protobuf/protobuf-java/2.5.0/protobuf-java-2.5.0.jar:/home/user/.m2/repository/com/google/guava/guava/11.0.2/guava-11.0.2.jar:/home/user/.m2/repository/org/apache/hadoop/hadoop-ozone-client/0.5.0-SNAPSHOT/hadoop-ozone-client-0.5.0-SNAPSHOT.jar:/workdir/hadoop-ozone/ozonefs/target/classes:/home/user/.m2/repository/org/apache/httpcomponents/httpclient/4.5.2/httpclient-4.5.2.jar:/home/user/.m2/repository/org/apache/httpcomponents/httpcore/4.4.4/httpcore-4.4.4.jar:/home/user/.m2/repository/org/apache/hadoop/hadoop-hdds-server-framework/0.5.0-SNAPSHOT/hadoop-hdds-server-framework-0.5.0-SNAPSHOT.jar:/home/user/.m2/repository/org/apache/hadoop/hadoop-common/3.2.0/hadoop-common-3.2.0.jar:/home/user/.m2/repository/org/apache/hadoop/hadoop-annotations/3.2.0/hadoop-annotations-3.2.0.jar:/usr/lib/jvm/java-1.8.0-openjdk-1.8.0.222.b10-1.el7_7.x86_64/jre/../lib/tools.jar:/home/user/.m2/repository/commons-cli/commons-cli/1.2/commons-cli-1.2.jar:/home/user/.m2/repository/org/apache/commons/commons-math3/3.1.1/commons-math3-3.1.1.jar:/home/user/.m2/repository/commons-codec/commons-codec/1.11/commons-codec-1.11.jar:/home/user/.m2/repository/commons-io/commons-io/2.5/commons-io-2.5.jar:/home/user/.m2/repository/commons-net/commons-net/3.6/commons-net-3.6.jar:/home/user/.m2/repository/commons-collections/commons-collections/3.2.2/commons-collections-3.2.2.jar:/home/user/.m2/repository/javax/servlet/javax.servlet-api/3.1.0/javax.servlet-api-3.1.0.jar:/home/user/.m2/repository/org/eclipse/jetty/jetty-server/9.3.25.v20180904/jetty-server-9.3.25.v20180904.jar:/home/user/.m2/repository/org/eclipse/jetty/jetty-http/9.3.25.v20180904/jetty-http-9.3.25.v20180904.jar:/home/user/.m2/repository/org/eclipse/jetty/jetty-io/9.3.25.v20180904/jetty-io-9.3.25.v20180904.jar:/home/user/.m2/repository/org/eclipse/jetty/jetty-util/9.3.25.v20180904/jetty-util-9.3.25.v20180904.jar:/home/user/.m2/repository/org/eclipse/jetty/jetty-servlet/9.3.25.v20180904/jetty-servlet-9.3.25.v20180904.jar:/home/user/.m2/repository/org/eclipse/jetty/jetty-security/9.3.25.v20180904/jetty-security-9.3.25.v20180904.jar:/home/user/.m2/repository/org/eclipse/jetty/jetty-webapp/9.3.25.v20180904/jetty-webapp-9.3.25.v20180904.jar:/home/user/.m2/repository/org/eclipse/jetty/jetty-xml/9.3.25.v20180904/jetty-xml-9.3.25.v20180904.jar:/home/user/.m2/repository/javax/servlet/jsp/jsp-api/2.1/jsp-api-2.1.jar:/home/user/.m2/repository/com/sun/jersey/jersey-core/1.19/jersey-core-1.19.jar:/home/user/.m2/repository/javax/ws/rs/jsr311-api/1.1.1/jsr311-api-1.1.1.jar:/home/user/.m2/repository/com/sun/jersey/jersey-servlet/1.19/jersey-servlet-1.19.jar:/home/user/.m2/repository/com/sun/jersey/jersey-json/1.19/jersey-json-1.19.jar:/home/user/.m2/repository/org/codehaus/jettison/jettison/1.1/jettison-1.1.jar:/home/user/.m2/repository/com/sun/xml/bind/jaxb-impl/2.3.0.1/jaxb-impl-2.3.0.1.jar:/home/user/.m2/repository/org/codehaus/jackson/jackson-core-asl/1.9.13/jackson-core-asl-1.9.13.jar:/home/user/.m2/repository/org/codehaus/jackson/jackson-mapper-asl/1.9.13/jackson-mapper-asl-1.9.13.jar:/home/user/.m2/repository/org/codehaus/jackson/jackson-jaxrs/1.9.13/jackson-jaxrs-1.9.13.jar:/home/user/.m2/repository/org/codehaus/jackson/jackson-xc/1.9.13/jackson-xc-1.9.13.jar:/home/user/.m2/repository/com/sun/jersey/jersey-server/1.19/jersey-server-1.19.jar:/home/user/.m2/repository/commons-logging/commons-logging/1.1.3/commons-logging-1.1.3.jar:/home/user/.m2/repository/log4j/log4j/1.2.17/log4j-1.2.17.jar:/home/user/.m2/repository/commons-beanutils/commons-beanutils/1.9.4/commons-beanutils-1.9.4.jar:/home/user/.m2/repository/org/apache/commons/commons-configuration2/2.1.1/commons-configuration2-2.1.1.jar:/home/user/.m2/repository/org/apache/commons/commons-lang3/3.7/commons-lang3-3.7.jar:/home/user/.m2/repository/org/apache/commons/commons-text/1.4/commons-text-1.4.jar:/home/user/.m2/repository/org/slf4j/slf4j-api/1.7.25/slf4j-api-1.7.25.jar:/home/user/.m2/repository/org/slf4j/slf4j-log4j12/1.7.25/slf4j-log4j12-1.7.25.jar:/home/user/.m2/repository/org/apache/avro/avro/1.7.7/avro-1.7.7.jar:/home/user/.m2/repository/com/thoughtworks/paranamer/paranamer/2.3/paranamer-2.3.jar:/home/user/.m2/repository/org/xerial/snappy/snappy-java/1.0.5/snappy-java-1.0.5.jar:/home/user/.m2/repository/com/google/re2j/re2j/1.1/re2j-1.1.jar:/home/user/.m2/repository/com/google/code/gson/gson/2.2.4/gson-2.2.4.jar:/home/user/.m2/repository/org/apache/hadoop/hadoop-auth/3.2.0/hadoop-auth-3.2.0.jar:/home/user/.m2/repository/com/nimbusds/nimbus-jose-jwt/4.41.1/nimbus-jose-jwt-4.41.1.jar:/home/user/.m2/repository/com/github/stephenc/jcip/jcip-annotations/1.0-1/jcip-annotations-1.0-1.jar:/home/user/.m2/repository/net/minidev/json-smart/2.3/json-smart-2.3.jar:/home/user/.m2/repository/net/minidev/accessors-smart/1.2/accessors-smart-1.2.jar:/home/user/.m2/repository/org/apache/curator/curator-framework/2.12.0/curator-framework-2.12.0.jar:/home/user/.m2/repository/com/jcraft/jsch/0.1.54/jsch-0.1.54.jar:/home/user/.m2/repository/org/apache/curator/curator-client/2.12.0/curator-client-2.12.0.jar:/home/user/.m2/repository/org/apache/curator/curator-recipes/2.12.0/curator-recipes-2.12.0.jar:/home/user/.m2/repository/com/google/code/findbugs/jsr305/3.0.0/jsr305-3.0.0.jar:/home/user/.m2/repository/org/apache/htrace/htrace-core4/4.1.0-incubating/htrace-core4-4.1.0-incubating.jar:/home/user/.m2/repository/org/apache/zookeeper/zookeeper/3.4.13/zookeeper-3.4.13.jar:/home/user/.m2/repository/jline/jline/0.9.94/jline-0.9.94.jar:/home/user/.m2/repository/org/apache/yetus/audience-annotations/0.5.0/audience-annotations-0.5.0.jar:/home/user/.m2/repository/org/apache/kerby/kerb-simplekdc/1.0.1/kerb-simplekdc-1.0.1.jar:/home/user/.m2/repository/org/apache/kerby/kerb-client/1.0.1/kerb-client-1.0.1.jar:/home/user/.m2/repository/org/apache/kerby/kerby-config/1.0.1/kerby-config-1.0.1.jar:/home/user/.m2/repository/org/apache/kerby/kerb-core/1.0.1/kerb-core-1.0.1.jar:/home/user/.m2/repository/org/apache/kerby/kerby-pkix/1.0.1/kerby-pkix-1.0.1.jar:/home/user/.m2/repository/org/apache/kerby/kerby-asn1/1.0.1/kerby-asn1-1.0.1.jar:/home/user/.m2/repository/org/apache/kerby/kerby-util/1.0.1/kerby-util-1.0.1.jar:/home/user/.m2/repository/org/apache/kerby/kerb-common/1.0.1/kerb-common-1.0.1.jar:/home/user/.m2/repository/org/apache/kerby/kerb-crypto/1.0.1/kerb-crypto-1.0.1.jar:/home/user/.m2/repository/org/apache/kerby/kerb-util/1.0.1/kerb-util-1.0.1.jar:/home/user/.m2/repository/org/apache/kerby/token-provider/1.0.1/token-provider-1.0.1.jar:/home/user/.m2/repository/org/apache/kerby/kerb-admin/1.0.1/kerb-admin-1.0.1.jar:/home/user/.m2/repository/org/apache/kerby/kerb-server/1.0.1/kerb-server-1.0.1.jar:/home/user/.m2/repository/org/apache/kerby/kerb-identity/1.0.1/kerb-identity-1.0.1.jar:/home/user/.m2/repository/org/apache/kerby/kerby-xdr/1.0.1/kerby-xdr-1.0.1.jar:/home/user/.m2/repository/com/fasterxml/jackson/core/jackson-databind/2.9.9/jackson-databind-2.9.9.jar:/home/user/.m2/repository/com/fasterxml/jackson/core/jackson-core/2.9.9/jackson-core-2.9.9.jar:/home/user/.m2/repository/org/codehaus/woodstox/stax2-api/3.1.4/stax2-api-3.1.4.jar:/home/user/.m2/repository/com/fasterxml/woodstox/woodstox-core/5.0.3/woodstox-core-5.0.3.jar:/home/user/.m2/repository/dnsjava/dnsjava/2.1.7/dnsjava-2.1.7.jar:/home/user/.m2/repository/org/apache/hadoop/hadoop-hdfs/3.2.0/hadoop-hdfs-3.2.0.jar:/home/user/.m2/repository/org/eclipse/jetty/jetty-util-ajax/9.3.25.v20180904/jetty-util-ajax-9.3.25.v20180904.jar:/home/user/.m2/repository/commons-daemon/commons-daemon/1.0.13/commons-daemon-1.0.13.jar:/home/user/.m2/repository/io/netty/netty/3.10.5.Final/netty-3.10.5.Final.jar:/home/user/.m2/repository/io/netty/netty-all/4.0.52.Final/netty-all-4.0.52.Final.jar:/home/user/.m2/repository/org/fusesource/leveldbjni/leveldbjni-all/1.8/leveldbjni-all-1.8.jar:/home/user/.m2/repository/com/sun/xml/bind/jaxb-core/2.3.0.1/jaxb-core-2.3.0.1.jar:/home/user/.m2/repository/javax/xml/bind/jaxb-api/2.3.0/jaxb-api-2.3.0.jar:/home/user/.m2/repository/javax/activation/activation/1.1.1/activation-1.1.1.jar:/home/user/.m2/repository/org/openjdk/jmh/jmh-core/1.19/jmh-core-1.19.jar:/home/user/.m2/repository/net/sf/jopt-simple/jopt-simple/4.6/jopt-simple-4.6.jar:/home/user/.m2/repository/org/openjdk/jmh/jmh-generator-annprocess/1.19/jmh-generator-annprocess-1.19.jar:/home/user/.m2/repository/io/dropwizard/metrics/metrics-core/3.2.4/metrics-core-3.2.4.jar:/home/user/.m2/repository/com/amazonaws/aws-java-sdk-s3/1.11.615/aws-java-sdk-s3-1.11.615.jar:/home/user/.m2/repository/com/amazonaws/aws-java-sdk-kms/1.11.615/aws-java-sdk-kms-1.11.615.jar:/home/user/.m2/repository/com/amazonaws/aws-java-sdk-core/1.11.615/aws-java-sdk-core-1.11.615.jar:/home/user/.m2/repository/software/amazon/ion/ion-java/1.0.2/ion-java-1.0.2.jar:/home/user/.m2/repository/com/fasterxml/jackson/dataformat/jackson-dataformat-cbor/2.9.9/jackson-dataformat-cbor-2.9.9.jar:/home/user/.m2/repository/joda-time/joda-time/2.9.9/joda-time-2.9.9.jar:/home/user/.m2/repository/com/amazonaws/jmespath-java/1.11.615/jmespath-java-1.11.615.jar:/home/user/.m2/repository/com/github/spotbugs/spotbugs/3.1.12/spotbugs-3.1.12.jar:/home/user/.m2/repository/org/ow2/asm/asm/5.0.4/asm-5.0.4.jar:/home/user/.m2/repository/org/ow2/asm/asm-analysis/7.0/asm-analysis-7.0.jar:/home/user/.m2/repository/org/ow2/asm/asm-commons/7.0/asm-commons-7.0.jar:/home/user/.m2/repository/org/ow2/asm/asm-tree/7.0/asm-tree-7.0.jar:/home/user/.m2/repository/org/ow2/asm/asm-util/7.0/asm-util-7.0.jar:/home/user/.m2/repository/org/apache/bcel/bcel/6.3/bcel-6.3.jar:/home/user/.m2/repository/net/jcip/jcip-annotations/1.0/jcip-annotations-1.0.jar:/home/user/.m2/repository/org/dom4j/dom4j/2.1.1/dom4j-2.1.1.jar:/home/user/.m2/repository/jaxen/jaxen/1.1.6/jaxen-1.1.6.jar:/home/user/.m2/repository/commons-lang/commons-lang/2.6/commons-lang-2.6.jar:/home/user/.m2/repository/com/github/spotbugs/spotbugs-annotations/3.1.12/spotbugs-annotations-3.1.12.jar:/home/user/.m2/repository/junit/junit/4.11/junit-4.11.jar:/home/user/.m2/repository/org/hamcrest/hamcrest-core/1.3/hamcrest-core-1.3.jar:/home/user/.m2/repository/org/apache/hadoop/hadoop-common/3.2.0/hadoop-common-3.2.0-tests.jar:/workdir/hadoop-ozone/integration-test/target/test-classes:/home/user/.m2/repository/org/apache/hadoop/hadoop-ozone-s3gateway/0.5.0-SNAPSHOT/hadoop-ozone-s3gateway-0.5.0-SNAPSHOT.jar:/home/user/.m2/repository/org/jboss/weld/servlet/weld-servlet/2.4.7.Final/weld-servlet-2.4.7.Final.jar:/home/user/.m2/repository/org/glassfish/jersey/containers/jersey-container-servlet-core/2.27/jersey-container-servlet-core-2.27.jar:/home/user/.m2/repository/org/glassfish/hk2/external/javax.inject/2.5.0-b42/javax.inject-2.5.0-b42.jar:/home/user/.m2/repository/org/glassfish/jersey/core/jersey-common/2.27/jersey-common-2.27.jar:/home/user/.m2/repository/org/glassfish/hk2/osgi-resource-locator/1.0.1/osgi-resource-locator-1.0.1.jar:/home/user/.m2/repository/javax/ws/rs/javax.ws.rs-api/2.1/javax.ws.rs-api-2.1.jar:/home/user/.m2/repository/org/glassfish/jersey/ext/cdi/jersey-cdi1x/2.27/jersey-cdi1x-2.27.jar:/home/user/.m2/repository/org/glassfish/jersey/inject/jersey-hk2/2.27/jersey-hk2-2.27.jar:/home/user/.m2/repository/org/glassfish/hk2/hk2-locator/2.5.0-b42/hk2-locator-2.5.0-b42.jar:/home/user/.m2/repository/org/javassist/javassist/3.22.0-CR2/javassist-3.22.0-CR2.jar:/home/user/.m2/repository/org/glassfish/hk2/hk2-api/2.5.0/hk2-api-2.5.0.jar:/home/user/.m2/repository/org/glassfish/hk2/external/jakarta.inject/2.5.0/jakarta.inject-2.5.0.jar:/home/user/.m2/repository/org/glassfish/hk2/hk2-utils/2.5.0/hk2-utils-2.5.0.jar:/home/user/.m2/repository/jakarta/annotation/jakarta.annotation-api/1.3.4/jakarta.annotation-api-1.3.4.jar:/home/user/.m2/repository/org/glassfish/hk2/external/aopalliance-repackaged/2.5.0/aopalliance-repackaged-2.5.0.jar:/home/user/.m2/repository/com/fasterxml/jackson/dataformat/jackson-dataformat-xml/2.9.0/jackson-dataformat-xml-2.9.0.jar:/home/user/.m2/repository/com/fasterxml/jackson/module/jackson-module-jaxb-annotations/2.9.9/jackson-module-jaxb-annotations-2.9.9.jar:/home/user/.m2/repository/javax/enterprise/cdi-api/1.2/cdi-api-1.2.jar:/home/user/.m2/repository/javax/el/javax.el-api/3.0.0/javax.el-api-3.0.0.jar:/home/user/.m2/repository/javax/interceptor/javax.interceptor-api/1.2/javax.interceptor-api-1.2.jar:/home/user/.m2/repository/javax/inject/javax.inject/1/javax.inject-1.jar:/home/user/.m2/repository/org/apache/hadoop/hadoop-ozone-csi/0.5.0-SNAPSHOT/hadoop-ozone-csi-0.5.0-SNAPSHOT.jar:/home/user/.m2/repository/com/google/protobuf/protobuf-java-util/3.5.1/protobuf-java-util-3.5.1.jar:/home/user/.m2/repository/io/grpc/grpc-netty/1.17.1/grpc-netty-1.17.1.jar:/home/user/.m2/repository/io/grpc/grpc-core/1.17.1/grpc-core-1.17.1.jar:/home/user/.m2/repository/io/grpc/grpc-context/1.17.1/grpc-context-1.17.1.jar:/home/user/.m2/repository/com/google/errorprone/error_prone_annotations/2.2.0/error_prone_annotations-2.2.0.jar:/home/user/.m2/repository/org/codehaus/mojo/animal-sniffer-annotations/1.17/animal-sniffer-annotations-1.17.jar:/home/user/.m2/repository/io/opencensus/opencensus-api/0.17.0/opencensus-api-0.17.0.jar:/home/user/.m2/repository/io/opencensus/opencensus-contrib-grpc-metrics/0.17.0/opencensus-contrib-grpc-metrics-0.17.0.jar:/home/user/.m2/repository/io/netty/netty-codec-http2/4.1.30.Final/netty-codec-http2-4.1.30.Final.jar:/home/user/.m2/repository/io/netty/netty-codec-http/4.1.30.Final/netty-codec-http-4.1.30.Final.jar:/home/user/.m2/repository/io/netty/netty-codec/4.1.30.Final/netty-codec-4.1.30.Final.jar:/home/user/.m2/repository/io/netty/netty-handler/4.1.30.Final/netty-handler-4.1.30.Final.jar:/home/user/.m2/repository/io/netty/netty-handler-proxy/4.1.30.Final/netty-handler-proxy-4.1.30.Final.jar:/home/user/.m2/repository/io/netty/netty-codec-socks/4.1.30.Final/netty-codec-socks-4.1.30.Final.jar:/home/user/.m2/repository/io/netty/netty-transport-native-epoll/4.1.30.Final/netty-transport-native-epoll-4.1.30.Final.jar:/home/user/.m2/repository/io/netty/netty-common/4.1.30.Final/netty-common-4.1.30.Final.jar:/home/user/.m2/repository/io/netty/netty-buffer/4.1.30.Final/netty-buffer-4.1.30.Final.jar:/home/user/.m2/repository/io/netty/netty-transport/4.1.30.Final/netty-transport-4.1.30.Final.jar:/home/user/.m2/repository/io/netty/netty-resolver/4.1.30.Final/netty-resolver-4.1.30.Final.jar:/home/user/.m2/repository/io/netty/netty-transport-native-unix-common/4.1.30.Final/netty-transport-native-unix-common-4.1.30.Final.jar:/home/user/.m2/repository/io/grpc/grpc-protobuf/1.17.1/grpc-protobuf-1.17.1.jar:/home/user/.m2/repository/com/google/api/grpc/proto-google-common-protos/1.0.0/proto-google-common-protos-1.0.0.jar:/home/user/.m2/repository/io/grpc/grpc-protobuf-lite/1.17.1/grpc-protobuf-lite-1.17.1.jar:/home/user/.m2/repository/io/grpc/grpc-stub/1.17.1/grpc-stub-1.17.1.jar:/home/user/.m2/repository/org/apache/hadoop/hadoop-ozone-recon/0.5.0-SNAPSHOT/hadoop-ozone-recon-0.5.0-SNAPSHOT.jar:/home/user/.m2/repository/org/apache/hadoop/hadoop-ozone-reconcodegen/0.5.0-SNAPSHOT/hadoop-ozone-reconcodegen-0.5.0-SNAPSHOT.jar:/home/user/.m2/repository/com/google/inject/extensions/guice-multibindings/4.0/guice-multibindings-4.0.jar:/home/user/.m2/repository/com/google/inject/guice/4.0/guice-4.0.jar:/home/user/.m2/repository/aopalliance/aopalliance/1.0/aopalliance-1.0.jar:/home/user/.m2/repository/com/google/inject/extensions/guice-servlet/4.0/guice-servlet-4.0.jar:/home/user/.m2/repository/org/glassfish/jersey/containers/jersey-container-servlet/2.27/jersey-container-servlet-2.27.jar:/home/user/.m2/repository/org/glassfish/hk2/guice-bridge/2.5.0/guice-bridge-2.5.0.jar:/home/user/.m2/repository/org/glassfish/jersey/core/jersey-server/2.27/jersey-server-2.27.jar:/home/user/.m2/repository/org/glassfish/jersey/core/jersey-client/2.27/jersey-client-2.27.jar:/home/user/.m2/repository/org/glassfish/jersey/media/jersey-media-jaxb/2.27/jersey-media-jaxb-2.27.jar:/home/user/.m2/repository/javax/validation/validation-api/1.1.0.Final/validation-api-1.1.0.Final.jar:/home/user/.m2/repository/org/glassfish/jersey/media/jersey-media-json-jackson/2.27/jersey-media-json-jackson-2.27.jar:/home/user/.m2/repository/org/glassfish/jersey/ext/jersey-entity-filtering/2.27/jersey-entity-filtering-2.27.jar:/home/user/.m2/repository/com/google/inject/extensions/guice-assistedinject/4.0/guice-assistedinject-4.0.jar:/home/user/.m2/repository/org/jooq/jooq/3.11.10/jooq-3.11.10.jar:/home/user/.m2/repository/org/jooq/jooq-meta/3.11.10/jooq-meta-3.11.10.jar:/home/user/.m2/repository/org/jooq/jooq-codegen/3.11.10/jooq-codegen-3.11.10.jar:/home/user/.m2/repository/com/jolbox/bonecp/0.8.0.RELEASE/bonecp-0.8.0.RELEASE.jar:/home/user/.m2/repository/org/springframework/spring-jdbc/5.1.3.RELEASE/spring-jdbc-5.1.3.RELEASE.jar:/home/user/.m2/repository/org/springframework/spring-beans/5.1.3.RELEASE/spring-beans-5.1.3.RELEASE.jar:/home/user/.m2/repository/org/springframework/spring-core/5.1.3.RELEASE/spring-core-5.1.3.RELEASE.jar:/home/user/.m2/repository/org/springframework/spring-jcl/5.1.3.RELEASE/spring-jcl-5.1.3.RELEASE.jar:/home/user/.m2/repository/org/springframework/spring-tx/5.1.3.RELEASE/spring-tx-5.1.3.RELEASE.jar:/home/user/.m2/repository/org/mockito/mockito-core/2.15.0/mockito-core-2.15.0.jar:/home/user/.m2/repository/net/bytebuddy/byte-buddy/1.7.9/byte-buddy-1.7.9.jar:/home/user/.m2/repository/net/bytebuddy/byte-buddy-agent/1.7.9/byte-buddy-agent-1.7.9.jar:/home/user/.m2/repository/org/objenesis/objenesis/1.0/objenesis-1.0.jar:"/>
    <property name="sun.cpu.endian" value="little"/>
    <property name="user.home" value="/home/user"/>
    <property name="user.language" value="en"/>
    <property name="java.specification.vendor" value="Oracle Corporation"/>
    <property name="java.home" value="/usr/lib/jvm/java-1.8.0-openjdk-1.8.0.222.b10-1.el7_7.x86_64/jre"/>
    <property name="surefire.excludesFile" value="/tools/ozone-bad-unit-tests"/>
    <property name="java.security.krb5.conf" value="/workdir/hadoop-ozone/tools/target/test-classes/krb5.conf"/>
    <property name="basedir" value="/workdir/hadoop-ozone/tools"/>
    <property name="file.separator" value="/"/>
    <property name="line.separator" value="&#10;"/>
    <property name="java.vm.specification.vendor" value="Oracle Corporation"/>
    <property name="java.specification.name" value="Java Platform API Specification"/>
    <property name="java.awt.graphicsenv" value="sun.awt.X11GraphicsEnvironment"/>
    <property name="surefire.real.class.path" value="/workdir/hadoop-ozone/tools/target/surefire/surefirebooter2955495760125856889.jar"/>
    <property name="hadoop.log.dir" value="/workdir/hadoop-ozone/tools/target/log"/>
    <property name="sun.boot.class.path" value="/usr/lib/jvm/java-1.8.0-openjdk-1.8.0.222.b10-1.el7_7.x86_64/jre/lib/resources.jar:/usr/lib/jvm/java-1.8.0-openjdk-1.8.0.222.b10-1.el7_7.x86_64/jre/lib/rt.jar:/usr/lib/jvm/java-1.8.0-openjdk-1.8.0.222.b10-1.el7_7.x86_64/jre/lib/sunrsasign.jar:/usr/lib/jvm/java-1.8.0-openjdk-1.8.0.222.b10-1.el7_7.x86_64/jre/lib/jsse.jar:/usr/lib/jvm/java-1.8.0-openjdk-1.8.0.222.b10-1.el7_7.x86_64/jre/lib/jce.jar:/usr/lib/jvm/java-1.8.0-openjdk-1.8.0.222.b10-1.el7_7.x86_64/jre/lib/charsets.jar:/usr/lib/jvm/java-1.8.0-openjdk-1.8.0.222.b10-1.el7_7.x86_64/jre/lib/jfr.jar:/usr/lib/jvm/java-1.8.0-openjdk-1.8.0.222.b10-1.el7_7.x86_64/jre/classes"/>
    <property name="sun.management.compiler" value="HotSpot 64-Bit Tiered Compilers"/>
    <property name="java.runtime.version" value="1.8.0_222-b10"/>
    <property name="java.net.preferIPv4Stack" value="true"/>
    <property name="user.name" value="jenkins1000"/>
    <property name="path.separator" value=":"/>
    <property name="java.security.egd" value="file:///dev/urandom"/>
    <property name="os.version" value="3.10.0-957.12.2.el7.x86_64"/>
    <property name="java.endorsed.dirs" value="/usr/lib/jvm/java-1.8.0-openjdk-1.8.0.222.b10-1.el7_7.x86_64/jre/lib/endorsed"/>
    <property name="java.runtime.name" value="OpenJDK Runtime Environment"/>
    <property name="file.encoding" value="ANSI_X3.4-1968"/>
    <property name="java.vm.name" value="OpenJDK 64-Bit Server VM"/>
    <property name="test.build.webapps" value=""/>
    <property name="localRepository" value="/home/user/.m2/repository"/>
    <property name="java.vendor.url.bug" value="http://bugreport.sun.com/bugreport/"/>
    <property name="java.io.tmpdir" value="/tmp"/>
    <property name="require.test.libhadoop" value=""/>
    <property name="java.version" value="1.8.0_222"/>
    <property name="user.dir" value="/workdir/hadoop-ozone/tools"/>
    <property name="os.arch" value="amd64"/>
    <property name="java.vm.specification.name" value="Java Virtual Machine Specification"/>
    <property name="test.build.classes" value="/workdir/hadoop-ozone/tools/target/test-classes"/>
    <property name="java.awt.printerjob" value="sun.print.PSPrinterJob"/>
    <property name="sun.os.patch.level" value="unknown"/>
    <property name="hadoop.tmp.dir" value="/workdir/hadoop-ozone/tools/target/tmp"/>
    <property name="java.library.path" value="/usr/lib:/workdir/hadoop-ozone/tools/target/native/target/usr/local/lib:/workdir/hadoop-ozone/tools/../../hadoop-common-project/hadoop-common/target/native/target/usr/local/lib:/usr/java/packages/lib/amd64:/usr/lib64:/lib64:/lib:/usr/lib"/>
    <property name="java.vm.info" value="mixed mode"/>
    <property name="java.vendor" value="Oracle Corporation"/>
    <property name="java.vm.version" value="25.222-b10"/>
    <property name="java.ext.dirs" value="/usr/lib/jvm/java-1.8.0-openjdk-1.8.0.222.b10-1.el7_7.x86_64/jre/lib/ext:/usr/java/packages/lib/ext"/>
    <property name="sun.io.unicode.encoding" value="UnicodeLittle"/>
    <property name="java.class.version" value="52.0"/>
  </properties>
  <testcase name="validateWriteTest" classname="org.apache.hadoop.ozone.freon.TestDataValidateWithDummyContainers" time="0.001"/>
  <testcase name="ratisTestLargeKey" classname="org.apache.hadoop.ozone.freon.TestDataValidateWithDummyContainers" time="206.008">
    <error message="Allocated 0 blocks. Requested 1 blocks" type="INTERNAL_ERROR org.apache.hadoop.ozone.om.exceptions.OMException">INTERNAL_ERROR org.apache.hadoop.ozone.om.exceptions.OMException: Allocated 0 blocks. Requested 1 blocks
	at org.apache.hadoop.ozone.om.protocolPB.OzoneManagerProtocolClientSideTranslatorPB.handleError(OzoneManagerProtocolClientSideTranslatorPB.java:732)
	at org.apache.hadoop.ozone.om.protocolPB.OzoneManagerProtocolClientSideTranslatorPB.allocateBlock(OzoneManagerProtocolClientSideTranslatorPB.java:764)
	at sun.reflect.NativeMethodAccessorImpl.invoke0(Native Method)
	at sun.reflect.NativeMethodAccessorImpl.invoke(NativeMethodAccessorImpl.java:62)
	at sun.reflect.DelegatingMethodAccessorImpl.invoke(DelegatingMethodAccessorImpl.java:43)
	at java.lang.reflect.Method.invoke(Method.java:498)
	at org.apache.hadoop.hdds.tracing.TraceAllMethod.invoke(TraceAllMethod.java:66)
	at com.sun.proxy.$Proxy37.allocateBlock(Unknown Source)
	at org.apache.hadoop.ozone.client.io.BlockOutputStreamEntryPool.allocateNewBlock(BlockOutputStreamEntryPool.java:258)
	at org.apache.hadoop.ozone.client.io.BlockOutputStreamEntryPool.allocateBlockIfNeeded(BlockOutputStreamEntryPool.java:306)
	at org.apache.hadoop.ozone.client.io.KeyOutputStream.handleWrite(KeyOutputStream.java:198)
	at org.apache.hadoop.ozone.client.io.KeyOutputStream.handleRetry(KeyOutputStream.java:375)
	at org.apache.hadoop.ozone.client.io.KeyOutputStream.handleException(KeyOutputStream.java:324)
	at org.apache.hadoop.ozone.client.io.KeyOutputStream.handleWrite(KeyOutputStream.java:228)
	at org.apache.hadoop.ozone.client.io.KeyOutputStream.handleRetry(KeyOutputStream.java:375)
	at org.apache.hadoop.ozone.client.io.KeyOutputStream.handleException(KeyOutputStream.java:324)
	at org.apache.hadoop.ozone.client.io.KeyOutputStream.handleWrite(KeyOutputStream.java:228)
	at org.apache.hadoop.ozone.client.io.KeyOutputStream.handleRetry(KeyOutputStream.java:375)
	at org.apache.hadoop.ozone.client.io.KeyOutputStream.handleException(KeyOutputStream.java:324)
	at org.apache.hadoop.ozone.client.io.KeyOutputStream.handleWrite(KeyOutputStream.java:228)
	at org.apache.hadoop.ozone.client.io.KeyOutputStream.write(KeyOutputStream.java:190)
	at org.apache.hadoop.ozone.client.io.OzoneOutputStream.write(OzoneOutputStream.java:49)
	at org.apache.hadoop.ozone.freon.RandomKeyGenerator.createKey(RandomKeyGenerator.java:708)
	at org.apache.hadoop.ozone.freon.RandomKeyGenerator.access$1100(RandomKeyGenerator.java:88)
	at org.apache.hadoop.ozone.freon.RandomKeyGenerator$ObjectCreator.run(RandomKeyGenerator.java:615)
	at java.util.concurrent.Executors$RunnableAdapter.call(Executors.java:511)
	at java.util.concurrent.FutureTask.run(FutureTask.java:266)
	at java.util.concurrent.ThreadPoolExecutor.runWorker(ThreadPoolExecutor.java:1149)
	at java.util.concurrent.ThreadPoolExecutor$Worker.run(ThreadPoolExecutor.java:624)
	at java.lang.Thread.run(Thread.java:748)
</error>
    <system-out><![CDATA[2019-10-17 08:16:34,000 [main] INFO  freon.RandomKeyGenerator (RandomKeyGenerator.java:call(258)) - Override validateWrites to false, because hdds.container.chunk.persistdata is set to false.
2019-10-17 08:16:34,196 [Thread-208] INFO  container.ReplicationManager (ReplicationManager.java:start(162)) - Starting Replication Monitor Thread.
2019-10-17 08:16:34,198 [ReplicationMonitor] INFO  container.ReplicationManager (ReplicationManager.java:run(225)) - Replication Monitor Thread took 0 milliseconds for processing 0 containers.
2019-10-17 08:16:34,866 [main] INFO  freon.RandomKeyGenerator (RandomKeyGenerator.java:call(283)) - Number of Threads: 10
2019-10-17 08:16:34,867 [main] INFO  freon.RandomKeyGenerator (RandomKeyGenerator.java:call(288)) - Number of Volumes: 1.
2019-10-17 08:16:34,867 [main] INFO  freon.RandomKeyGenerator (RandomKeyGenerator.java:call(289)) - Number of Buckets per Volume: 1.
2019-10-17 08:16:34,868 [main] INFO  freon.RandomKeyGenerator (RandomKeyGenerator.java:call(290)) - Number of Keys per Bucket: 1.
2019-10-17 08:16:34,868 [main] INFO  freon.RandomKeyGenerator (RandomKeyGenerator.java:call(291)) - Key size: 20971520 bytes
2019-10-17 08:16:34,868 [main] INFO  freon.RandomKeyGenerator (RandomKeyGenerator.java:call(292)) - Buffer size: 4096 bytes
2019-10-17 08:16:34,868 [main] INFO  freon.RandomKeyGenerator (RandomKeyGenerator.java:call(293)) - validateWrites : false
2019-10-17 08:16:34,873 [main] INFO  freon.RandomKeyGenerator (RandomKeyGenerator.java:call(313)) - Starting progress bar Thread.

 0.00% |?                                                                                                    |  0/1 Time: 0:00:002019-10-17 08:16:34,900 [pool-73-thread-1] INFO  rpc.RpcClient (RpcClient.java:createVolume(272)) - Creating Volume: vol-0-73933, with jenkins1000 as owner.
2019-10-17 08:16:34,997 [IPC Server handler 3 on 39269] INFO  volume.OMVolumeCreateRequest (OMVolumeCreateRequest.java:validateAndUpdateCache(193)) - created volume:vol-0-73933 for user:jenkins1000
2019-10-17 08:16:35,028 [pool-73-thread-2] INFO  rpc.RpcClient (RpcClient.java:createBucket(411)) - Creating Bucket: vol-0-73933/bucket-0-42258, with Versioning false and Storage Type set to DISK and Encryption set to false 
2019-10-17 08:16:35,211 [pool-73-thread-3] INFO  impl.MetricsSystemImpl (MetricsSystemImpl.java:init(158)) - XceiverClientMetrics metrics system started (again)
2019-10-17 08:16:35,633 [pool-46-thread-1] ERROR impl.ChunkManagerImpl (ChunkManagerDummyImpl.java:writeChunk(86)) - data array does not match the length specified. DataLen: 1048576 Byte Array: 1048744
2019-10-17 08:16:35,635 [pool-46-thread-1] ERROR impl.ChunkManagerDummyImpl (ChunkManagerDummyImpl.java:writeChunk(105)) - write data failed. error: {}
org.apache.hadoop.hdds.scm.container.common.helpers.StorageContainerException: data array does not match the length specified. DataLen: 1048576 Byte Array: 1048744
	at org.apache.hadoop.ozone.container.keyvalue.impl.ChunkManagerDummyImpl.writeChunk(ChunkManagerDummyImpl.java:87)
	at org.apache.hadoop.ozone.container.keyvalue.KeyValueHandler.handleWriteChunk(KeyValueHandler.java:696)
	at org.apache.hadoop.ozone.container.keyvalue.KeyValueHandler.handle(KeyValueHandler.java:176)
	at org.apache.hadoop.ozone.container.common.impl.HddsDispatcher.dispatchRequest(HddsDispatcher.java:277)
	at org.apache.hadoop.ozone.container.common.impl.HddsDispatcher.dispatch(HddsDispatcher.java:150)
	at org.apache.hadoop.ozone.container.common.transport.server.ratis.ContainerStateMachine.dispatchCommand(ContainerStateMachine.java:415)
	at org.apache.hadoop.ozone.container.common.transport.server.ratis.ContainerStateMachine.runCommand(ContainerStateMachine.java:425)
	at org.apache.hadoop.ozone.container.common.transport.server.ratis.ContainerStateMachine.lambda$handleWriteChunk$1(ContainerStateMachine.java:460)
	at java.util.concurrent.CompletableFuture$AsyncSupply.run(CompletableFuture.java:1590)
	at java.util.concurrent.ThreadPoolExecutor.runWorker(ThreadPoolExecutor.java:1149)
	at java.util.concurrent.ThreadPoolExecutor$Worker.run(ThreadPoolExecutor.java:624)
	at java.lang.Thread.run(Thread.java:748)
2019-10-17 08:16:35,726 [pool-46-thread-1] INFO  keyvalue.KeyValueHandler (ContainerUtils.java:logAndReturnError(146)) - Operation: WriteChunk : Trace ID: 5bea7c8e0058d72b:27fea91791e9de41:936fa9ea6c698ce:0 : Message: Internal error:  : Result: CONTAINER_INTERNAL_ERROR
2019-10-17 08:16:35,747 [EventQueue-IncrementalContainerReportForIncrementalContainerReportHandler] WARN  container.IncrementalContainerReportHandler (AbstractContainerReportHandler.java:updateContainerState(145)) - Container #1 is in OPEN state, but the datanode f164ec13-c99a-4402-99d5-4f3aeeeb4a39{ip: 192.168.34.62, host: pr-hdds-1868-lzclr-202649289, networkLocation: /default-rack, certSerialId: null} reports an UNHEALTHY replica.
08:16:35.754 [pool-46-thread-1] ERROR DNAudit - user=null | ip=null | op=WRITE_CHUNK {blockData=conID: 1 locID: 102976729587253248 bcsId: 0} | ret=FAILURE
java.lang.Exception: Internal error: 
	at org.apache.hadoop.ozone.container.common.impl.HddsDispatcher.dispatchRequest(HddsDispatcher.java:332) ~[hadoop-hdds-container-service-0.5.0-SNAPSHOT.jar:?]
	at org.apache.hadoop.ozone.container.common.impl.HddsDispatcher.dispatch(HddsDispatcher.java:150) ~[hadoop-hdds-container-service-0.5.0-SNAPSHOT.jar:?]
	at org.apache.hadoop.ozone.container.common.transport.server.ratis.ContainerStateMachine.dispatchCommand(ContainerStateMachine.java:415) ~[hadoop-hdds-container-service-0.5.0-SNAPSHOT.jar:?]
	at org.apache.hadoop.ozone.container.common.transport.server.ratis.ContainerStateMachine.runCommand(ContainerStateMachine.java:425) ~[hadoop-hdds-container-service-0.5.0-SNAPSHOT.jar:?]
	at org.apache.hadoop.ozone.container.common.transport.server.ratis.ContainerStateMachine.lambda$handleWriteChunk$1(ContainerStateMachine.java:460) ~[hadoop-hdds-container-service-0.5.0-SNAPSHOT.jar:?]
	at java.util.concurrent.CompletableFuture$AsyncSupply.run(CompletableFuture.java:1590) [?:1.8.0_222]
	at java.util.concurrent.ThreadPoolExecutor.runWorker(ThreadPoolExecutor.java:1149) [?:1.8.0_222]
	at java.util.concurrent.ThreadPoolExecutor$Worker.run(ThreadPoolExecutor.java:624) [?:1.8.0_222]
	at java.lang.Thread.run(Thread.java:748) [?:1.8.0_222]
2019-10-17 08:16:35,767 [pool-46-thread-1] ERROR ratis.ContainerStateMachine (ContainerStateMachine.java:lambda$handleWriteChunk$2(482)) - group-5B3995F2DCEF: writeChunk writeStateMachineData failed: blockIdcontainerID: 1
localID: 102976729587253248
blockCommitSequenceId: 0
 logIndex 1 chunkName 102976729587253248_chunk_1 Error message: Internal error:  Container Result: CONTAINER_INTERNAL_ERROR
2019-10-17 08:16:35,779 [f164ec13-c99a-4402-99d5-4f3aeeeb4a39@group-5B3995F2DCEF-SegmentedRaftLogWorker] ERROR ratis.XceiverServerRatis (XceiverServerRatis.java:triggerPipelineClose(588)) - pipeline Action CLOSE  on pipeline PipelineID=7c282f5e-2f29-4a4a-be10-5b3995f2dcef.Reason : Internal error: 
2019-10-17 08:16:35,779 [f164ec13-c99a-4402-99d5-4f3aeeeb4a39@group-5B3995F2DCEF-SegmentedRaftLogWorker] ERROR ratis.XceiverServerRatis (XceiverServerRatis.java:triggerPipelineClose(588)) - pipeline Action CLOSE  on pipeline PipelineID=7c282f5e-2f29-4a4a-be10-5b3995f2dcef.Reason : Log already failed at index 1 for task WriteLog:1: (t:3, i:1), STATEMACHINELOGENTRY, client-D6081AF99975, cid=8
2019-10-17 08:16:35,784 [EventQueue-PipelineActionsForPipelineActionHandler] ERROR pipeline.PipelineActionHandler (PipelineActionHandler.java:onMessage(60)) - Received pipeline action CLOSE for Pipeline[ Id: 7c282f5e-2f29-4a4a-be10-5b3995f2dcef, Nodes: 99f6549c-1d76-4032-b481-991b9a8ccf89{ip: 192.168.34.62, host: pr-hdds-1868-lzclr-202649289, networkLocation: /default-rack, certSerialId: null}f164ec13-c99a-4402-99d5-4f3aeeeb4a39{ip: 192.168.34.62, host: pr-hdds-1868-lzclr-202649289, networkLocation: /default-rack, certSerialId: null}704bfd07-5e75-419d-aba5-0f2927b551c8{ip: 192.168.34.62, host: pr-hdds-1868-lzclr-202649289, networkLocation: /default-rack, certSerialId: null}, Type:RATIS, Factor:THREE, State:OPEN] from datanode f164ec13-c99a-4402-99d5-4f3aeeeb4a39{ip: 192.168.34.62, host: pr-hdds-1868-lzclr-202649289, networkLocation: /default-rack, certSerialId: null}. Reason : Internal error: 
2019-10-17 08:16:35,785 [EventQueue-PipelineActionsForPipelineActionHandler] INFO  pipeline.SCMPipelineManager (SCMPipelineManager.java:finalizeAndDestroyPipeline(315)) - destroying pipeline:Pipeline[ Id: 7c282f5e-2f29-4a4a-be10-5b3995f2dcef, Nodes: 99f6549c-1d76-4032-b481-991b9a8ccf89{ip: 192.168.34.62, host: pr-hdds-1868-lzclr-202649289, networkLocation: /default-rack, certSerialId: null}f164ec13-c99a-4402-99d5-4f3aeeeb4a39{ip: 192.168.34.62, host: pr-hdds-1868-lzclr-202649289, networkLocation: /default-rack, certSerialId: null}704bfd07-5e75-419d-aba5-0f2927b551c8{ip: 192.168.34.62, host: pr-hdds-1868-lzclr-202649289, networkLocation: /default-rack, certSerialId: null}, Type:RATIS, Factor:THREE, State:OPEN]
2019-10-17 08:16:35,786 [EventQueue-CloseContainerForCloseContainerEventHandler] INFO  container.CloseContainerEventHandler (CloseContainerEventHandler.java:onMessage(61)) - Close container Event triggered for container : #1
2019-10-17 08:16:35,787 [EventQueue-PipelineActionsForPipelineActionHandler] INFO  pipeline.PipelineStateManager (PipelineStateManager.java:finalizePipeline(121)) - Pipeline Pipeline[ Id: 7c282f5e-2f29-4a4a-be10-5b3995f2dcef, Nodes: 99f6549c-1d76-4032-b481-991b9a8ccf89{ip: 192.168.34.62, host: pr-hdds-1868-lzclr-202649289, networkLocation: /default-rack, certSerialId: null}f164ec13-c99a-4402-99d5-4f3aeeeb4a39{ip: 192.168.34.62, host: pr-hdds-1868-lzclr-202649289, networkLocation: /default-rack, certSerialId: null}704bfd07-5e75-419d-aba5-0f2927b551c8{ip: 192.168.34.62, host: pr-hdds-1868-lzclr-202649289, networkLocation: /default-rack, certSerialId: null}, Type:RATIS, Factor:THREE, State:CLOSED] moved to CLOSED state
2019-10-17 08:16:35,792 [EventQueue-CloseContainerForCloseContainerEventHandler] INFO  container.CloseContainerEventHandler (CloseContainerEventHandler.java:onMessage(61)) - Close container Event triggered for container : #1
2019-10-17 08:16:35,792 [EventQueue-CloseContainerForCloseContainerEventHandler] INFO  container.CloseContainerEventHandler (CloseContainerEventHandler.java:onMessage(61)) - Close container Event triggered for container : #2
2019-10-17 08:16:35,793 [EventQueue-CloseContainerForCloseContainerEventHandler] INFO  container.CloseContainerEventHandler (CloseContainerEventHandler.java:onMessage(61)) - Close container Event triggered for container : #3
 0.00% |?                                                                                                    |  0/1 Time: 0:00:01 0.00% |?                                                                                                    |  0/1 Time: 0:00:022019-10-17 08:16:37,642 [Command processor thread] ERROR commandhandler.CloseContainerCommandHandler (CloseContainerCommandHandler.java:handle(84)) - Container #2 does not exist in datanode. Container close failed.
2019-10-17 08:16:37,642 [Command processor thread] ERROR commandhandler.CloseContainerCommandHandler (CloseContainerCommandHandler.java:handle(84)) - Container #2 does not exist in datanode. Container close failed.
2019-10-17 08:16:37,644 [Command processor thread] ERROR commandhandler.CloseContainerCommandHandler (CloseContainerCommandHandler.java:handle(84)) - Container #3 does not exist in datanode. Container close failed.
2019-10-17 08:16:37,644 [Command processor thread] ERROR commandhandler.CloseContainerCommandHandler (CloseContainerCommandHandler.java:handle(84)) - Container #3 does not exist in datanode. Container close failed.
2019-10-17 08:16:37,780 [Command processor thread] ERROR commandhandler.CloseContainerCommandHandler (CloseContainerCommandHandler.java:handle(84)) - Container #2 does not exist in datanode. Container close failed.
2019-10-17 08:16:37,781 [Command processor thread] ERROR commandhandler.CloseContainerCommandHandler (CloseContainerCommandHandler.java:handle(84)) - Container #3 does not exist in datanode. Container close failed.
 0.00% |?                                                                                                    |  0/1 Time: 0:00:03 0.00% |?                                                                                                    |  0/1 Time: 0:00:04 0.00% |?                                                                                                    |  0/1 Time: 0:00:05 0.00% |?                                                                                                    |  0/1 Time: 0:00:06 0.00% |?                                                                                                    |  0/1 Time: 0:00:07 0.00% |?                                                                                                    |  0/1 Time: 0:00:08 0.00% |?                                                                                                    |  0/1 Time: 0:00:09 0.00% |?                                                                                                    |  0/1 Time: 0:00:10 0.00% |?                                                                                                    |  0/1 Time: 0:00:11 0.00% |?                                                                                                    |  0/1 Time: 0:00:12 0.00% |?                                                                                                    |  0/1 Time: 0:00:13 0.00% |?                                                                                                    |  0/1 Time: 0:00:14 0.00% |?                                                                                                    |  0/1 Time: 0:00:15 0.00% |?                                                                                                    |  0/1 Time: 0:00:16 0.00% |?                                                                                                    |  0/1 Time: 0:00:17 0.00% |?                                                                                                    |  0/1 Time: 0:00:18 0.00% |?                                                                                                    |  0/1 Time: 0:00:19 0.00% |?                                                                                                    |  0/1 Time: 0:00:20 0.00% |?                                                                                                    |  0/1 Time: 0:00:21 0.00% |?                                                                                                    |  0/1 Time: 0:00:22 0.00% |?                                                                                                    |  0/1 Time: 0:00:23 0.00% |?                                                                                                    |  0/1 Time: 0:00:24 0.00% |?                                                                                                    |  0/1 Time: 0:00:25 0.00% |?                                                                                                    |  0/1 Time: 0:00:26 0.00% |?                                                                                                    |  0/1 Time: 0:00:27 0.00% |?                                                                                                    |  0/1 Time: 0:00:28 0.00% |?                                                                                                    |  0/1 Time: 0:00:29 0.00% |?                                                                                                    |  0/1 Time: 0:00:30 0.00% |?                                                                                                    |  0/1 Time: 0:00:31 0.00% |?                                                                                                    |  0/1 Time: 0:00:32 0.00% |?                                                                                                    |  0/1 Time: 0:00:33 0.00% |?                                                                                                    |  0/1 Time: 0:00:34 0.00% |?                                                                                                    |  0/1 Time: 0:00:35 0.00% |?                                                                                                    |  0/1 Time: 0:00:36 0.00% |?                                                                                                    |  0/1 Time: 0:00:37 0.00% |?                                                                                                    |  0/1 Time: 0:00:38 0.00% |?                                                                                                    |  0/1 Time: 0:00:39 0.00% |?                                                                                                    |  0/1 Time: 0:00:40 0.00% |?                                                                                                    |  0/1 Time: 0:00:41 0.00% |?                                                                                                    |  0/1 Time: 0:00:42 0.00% |?                                                                                                    |  0/1 Time: 0:00:43 0.00% |?                                                                                                    |  0/1 Time: 0:00:44 0.00% |?                                                                                                    |  0/1 Time: 0:00:45 0.00% |?                                                                                                    |  0/1 Time: 0:00:46 0.00% |?                                                                                                    |  0/1 Time: 0:00:47 0.00% |?                                                                                                    |  0/1 Time: 0:00:48 0.00% |?                                                                                                    |  0/1 Time: 0:00:49 0.00% |?                                                                                                    |  0/1 Time: 0:00:50 0.00% |?                                                                                                    |  0/1 Time: 0:00:51 0.00% |?                                                                                                    |  0/1 Time: 0:00:52 0.00% |?                                                                                                    |  0/1 Time: 0:00:53 0.00% |?                                                                                                    |  0/1 Time: 0:00:54 0.00% |?                                                                                                    |  0/1 Time: 0:00:55 0.00% |?                                                                                                    |  0/1 Time: 0:00:56 0.00% |?                                                                                                    |  0/1 Time: 0:00:57 0.00% |?                                                                                                    |  0/1 Time: 0:00:58 0.00% |?                                                                                                    |  0/1 Time: 0:00:59 0.00% |?                                                                                                    |  0/1 Time: 0:01:00 0.00% |?                                                                                                    |  0/1 Time: 0:01:01 0.00% |?                                                                                                    |  0/1 Time: 0:01:02 0.00% |?                                                                                                    |  0/1 Time: 0:01:03 0.00% |?                                                                                                    |  0/1 Time: 0:01:04 0.00% |?                                                                                                    |  0/1 Time: 0:01:05 0.00% |?                                                                                                    |  0/1 Time: 0:01:062019-10-17 08:17:41,814 [grpc-default-executor-1] INFO  impl.RaftServerProxy (RaftServerProxy.java:remove(95)) - 99f6549c-1d76-4032-b481-991b9a8ccf89: remove  FOLLOWER 99f6549c-1d76-4032-b481-991b9a8ccf89@group-5B3995F2DCEF:t3, leader=f164ec13-c99a-4402-99d5-4f3aeeeb4a39, voted=null, raftlog=99f6549c-1d76-4032-b481-991b9a8ccf89@group-5B3995F2DCEF-SegmentedRaftLog:OPENED:c0,f2,i2, conf=0: [704bfd07-5e75-419d-aba5-0f2927b551c8:192.168.34.62:33038, f164ec13-c99a-4402-99d5-4f3aeeeb4a39:192.168.34.62:44851, 99f6549c-1d76-4032-b481-991b9a8ccf89:192.168.34.62:46667], old=null RUNNING
2019-10-17 08:17:41,820 [grpc-default-executor-1] INFO  impl.RaftServerImpl (RaftServerImpl.java:lambda$shutdown$3(261)) - 99f6549c-1d76-4032-b481-991b9a8ccf89@group-5B3995F2DCEF: shutdown
2019-10-17 08:17:41,821 [grpc-default-executor-1] INFO  util.JmxRegister (JmxRegister.java:unregister(73)) - Successfully un-registered JMX Bean with object name Ratis:service=RaftServer,group=group-5B3995F2DCEF,id=99f6549c-1d76-4032-b481-991b9a8ccf89
2019-10-17 08:17:41,821 [grpc-default-executor-1] INFO  impl.RoleInfo (RoleInfo.java:shutdownFollowerState(121)) - 99f6549c-1d76-4032-b481-991b9a8ccf89: shutdown FollowerState
2019-10-17 08:17:41,821 [grpc-default-executor-1] INFO  impl.StateMachineUpdater (StateMachineUpdater.java:stopAndJoin(136)) - 99f6549c-1d76-4032-b481-991b9a8ccf89@group-5B3995F2DCEF-StateMachineUpdater: set stopIndex = 0
2019-10-17 08:17:41,821 [Thread-268] INFO  impl.FollowerState (FollowerState.java:run(117)) - 99f6549c-1d76-4032-b481-991b9a8ccf89@group-5B3995F2DCEF-FollowerState was interrupted: java.lang.InterruptedException: sleep interrupted
2019-10-17 08:17:41,824 [grpc-default-executor-1] INFO  impl.RaftServerImpl (ServerState.java:close(388)) - 99f6549c-1d76-4032-b481-991b9a8ccf89@group-5B3995F2DCEF: closes. applyIndex: 0
2019-10-17 08:17:41,826 [99f6549c-1d76-4032-b481-991b9a8ccf89@group-5B3995F2DCEF-SegmentedRaftLogWorker] INFO  segmented.SegmentedRaftLogWorker (SegmentedRaftLogWorker.java:run(316)) - 99f6549c-1d76-4032-b481-991b9a8ccf89@group-5B3995F2DCEF-SegmentedRaftLogWorker was interrupted, exiting. There are 0 tasks remaining in the queue.
2019-10-17 08:17:41,828 [grpc-default-executor-1] INFO  segmented.SegmentedRaftLogWorker (SegmentedRaftLogWorker.java:close(224)) - 99f6549c-1d76-4032-b481-991b9a8ccf89@group-5B3995F2DCEF-SegmentedRaftLogWorker close()
2019-10-17 08:17:41,902 [grpc-default-executor-1] INFO  interfaces.Container (KeyValueContainer.java:flushAndSyncDB(386)) - Container 1 is synced with bcsId 0.
2019-10-17 08:17:41,902 [grpc-default-executor-1] INFO  interfaces.Container (KeyValueContainer.java:flushAndSyncDB(386)) - Container 1 is synced with bcsId 0.
 0.00% |?                                                                                                    |  0/1 Time: 0:01:072019-10-17 08:17:41,923 [EventQueue-IncrementalContainerReportForIncrementalContainerReportHandler] INFO  container.IncrementalContainerReportHandler (AbstractContainerReportHandler.java:updateContainerState(171)) - Moving container #1 to QUASI_CLOSED state, datanode 99f6549c-1d76-4032-b481-991b9a8ccf89{ip: 192.168.34.62, host: pr-hdds-1868-lzclr-202649289, networkLocation: /default-rack, certSerialId: null} reported QUASI_CLOSED replica.
2019-10-17 08:17:41,933 [grpc-default-executor-1] INFO  impl.RaftServerProxy (RaftServerProxy.java:remove(95)) - f164ec13-c99a-4402-99d5-4f3aeeeb4a39: remove    LEADER f164ec13-c99a-4402-99d5-4f3aeeeb4a39@group-5B3995F2DCEF:t3, leader=f164ec13-c99a-4402-99d5-4f3aeeeb4a39, voted=f164ec13-c99a-4402-99d5-4f3aeeeb4a39, raftlog=f164ec13-c99a-4402-99d5-4f3aeeeb4a39@group-5B3995F2DCEF-SegmentedRaftLog:OPENED:c0,f0,i2, conf=0: [704bfd07-5e75-419d-aba5-0f2927b551c8:192.168.34.62:33038, f164ec13-c99a-4402-99d5-4f3aeeeb4a39:192.168.34.62:44851, 99f6549c-1d76-4032-b481-991b9a8ccf89:192.168.34.62:46667], old=null RUNNING
2019-10-17 08:17:41,933 [grpc-default-executor-1] INFO  impl.RaftServerImpl (RaftServerImpl.java:lambda$shutdown$3(261)) - f164ec13-c99a-4402-99d5-4f3aeeeb4a39@group-5B3995F2DCEF: shutdown
2019-10-17 08:17:41,934 [grpc-default-executor-1] INFO  util.JmxRegister (JmxRegister.java:unregister(73)) - Successfully un-registered JMX Bean with object name Ratis:service=RaftServer,group=group-5B3995F2DCEF,id=f164ec13-c99a-4402-99d5-4f3aeeeb4a39
2019-10-17 08:17:41,934 [grpc-default-executor-1] INFO  impl.RoleInfo (RoleInfo.java:shutdownLeaderState(104)) - f164ec13-c99a-4402-99d5-4f3aeeeb4a39: shutdown LeaderState
2019-10-17 08:17:41,937 [grpc-default-executor-1] INFO  impl.PendingRequests (PendingRequests.java:sendNotLeaderResponses(202)) - f164ec13-c99a-4402-99d5-4f3aeeeb4a39@group-5B3995F2DCEF-PendingRequests: sendNotLeaderResponses
2019-10-17 08:17:41,938 [org.apache.ratis.server.impl.LogAppender$AppenderDaemon$$Lambda$461/1224971484@23a7467b] WARN  server.GrpcLogAppender (GrpcLogAppender.java:mayWait(149)) - f164ec13-c99a-4402-99d5-4f3aeeeb4a39@group-5B3995F2DCEF->704bfd07-5e75-419d-aba5-0f2927b551c8-GrpcLogAppender: Wait interrupted by java.lang.InterruptedException
2019-10-17 08:17:41,938 [org.apache.ratis.server.impl.LogAppender$AppenderDaemon$$Lambda$461/1224971484@12cea59f] WARN  server.GrpcLogAppender (GrpcLogAppender.java:mayWait(149)) - f164ec13-c99a-4402-99d5-4f3aeeeb4a39@group-5B3995F2DCEF->99f6549c-1d76-4032-b481-991b9a8ccf89-GrpcLogAppender: Wait interrupted by java.lang.InterruptedException
2019-10-17 08:17:41,943 [grpc-default-executor-0] INFO  server.GrpcServerProtocolService (GrpcServerProtocolService.java:onCompleted(113)) - 704bfd07-5e75-419d-aba5-0f2927b551c8: Completed APPEND_ENTRIES, lastRequest: f164ec13-c99a-4402-99d5-4f3aeeeb4a39->704bfd07-5e75-419d-aba5-0f2927b551c8#29-t3, previous=(t:3, i:2), leaderCommit=0, initializing? false, entries: <empty>
2019-10-17 08:17:41,943 [grpc-default-executor-4] INFO  server.GrpcServerProtocolService (GrpcServerProtocolService.java:onCompleted(113)) - 99f6549c-1d76-4032-b481-991b9a8ccf89: Completed APPEND_ENTRIES, lastRequest: f164ec13-c99a-4402-99d5-4f3aeeeb4a39->99f6549c-1d76-4032-b481-991b9a8ccf89#29-t3, previous=(t:3, i:2), leaderCommit=0, initializing? false, entries: <empty>
2019-10-17 08:17:41,946 [grpc-default-executor-4] INFO  server.GrpcLogAppender (GrpcLogAppender.java:onCompleted(308)) - f164ec13-c99a-4402-99d5-4f3aeeeb4a39@group-5B3995F2DCEF->704bfd07-5e75-419d-aba5-0f2927b551c8-AppendLogResponseHandler: follower responses appendEntries COMPLETED
2019-10-17 08:17:41,946 [grpc-default-executor-0] INFO  server.GrpcLogAppender (GrpcLogAppender.java:onCompleted(308)) - f164ec13-c99a-4402-99d5-4f3aeeeb4a39@group-5B3995F2DCEF->99f6549c-1d76-4032-b481-991b9a8ccf89-AppendLogResponseHandler: follower responses appendEntries COMPLETED
2019-10-17 08:17:41,962 [grpc-default-executor-4] INFO  impl.FollowerInfo (FollowerInfo.java:lambda$new$0(51)) - f164ec13-c99a-4402-99d5-4f3aeeeb4a39@group-5B3995F2DCEF->704bfd07-5e75-419d-aba5-0f2927b551c8: nextIndex: updateUnconditionally 3 -> 2
2019-10-17 08:17:41,964 [grpc-default-executor-0] INFO  impl.FollowerInfo (FollowerInfo.java:lambda$new$0(51)) - f164ec13-c99a-4402-99d5-4f3aeeeb4a39@group-5B3995F2DCEF->99f6549c-1d76-4032-b481-991b9a8ccf89: nextIndex: updateUnconditionally 3 -> 2
2019-10-17 08:17:41,964 [grpc-default-executor-1] INFO  impl.StateMachineUpdater (StateMachineUpdater.java:stopAndJoin(136)) - f164ec13-c99a-4402-99d5-4f3aeeeb4a39@group-5B3995F2DCEF-StateMachineUpdater: set stopIndex = 0
2019-10-17 08:17:41,969 [grpc-default-executor-1] INFO  impl.RaftServerImpl (ServerState.java:close(388)) - f164ec13-c99a-4402-99d5-4f3aeeeb4a39@group-5B3995F2DCEF: closes. applyIndex: 0
2019-10-17 08:17:41,972 [f164ec13-c99a-4402-99d5-4f3aeeeb4a39@group-5B3995F2DCEF-SegmentedRaftLogWorker] INFO  segmented.SegmentedRaftLogWorker (SegmentedRaftLogWorker.java:run(316)) - f164ec13-c99a-4402-99d5-4f3aeeeb4a39@group-5B3995F2DCEF-SegmentedRaftLogWorker was interrupted, exiting. There are 0 tasks remaining in the queue.
2019-10-17 08:17:41,975 [grpc-default-executor-1] INFO  segmented.SegmentedRaftLogWorker (SegmentedRaftLogWorker.java:close(224)) - f164ec13-c99a-4402-99d5-4f3aeeeb4a39@group-5B3995F2DCEF-SegmentedRaftLogWorker close()
2019-10-17 08:17:41,994 [grpc-default-executor-1] INFO  impl.RaftServerProxy (RaftServerProxy.java:remove(95)) - 704bfd07-5e75-419d-aba5-0f2927b551c8: remove  FOLLOWER 704bfd07-5e75-419d-aba5-0f2927b551c8@group-5B3995F2DCEF:t3, leader=f164ec13-c99a-4402-99d5-4f3aeeeb4a39, voted=f164ec13-c99a-4402-99d5-4f3aeeeb4a39, raftlog=704bfd07-5e75-419d-aba5-0f2927b551c8@group-5B3995F2DCEF-SegmentedRaftLog:OPENED:c0,f2,i2, conf=0: [704bfd07-5e75-419d-aba5-0f2927b551c8:192.168.34.62:33038, f164ec13-c99a-4402-99d5-4f3aeeeb4a39:192.168.34.62:44851, 99f6549c-1d76-4032-b481-991b9a8ccf89:192.168.34.62:46667], old=null RUNNING
2019-10-17 08:17:41,994 [grpc-default-executor-1] INFO  impl.RaftServerImpl (RaftServerImpl.java:lambda$shutdown$3(261)) - 704bfd07-5e75-419d-aba5-0f2927b551c8@group-5B3995F2DCEF: shutdown
2019-10-17 08:17:41,994 [grpc-default-executor-1] INFO  util.JmxRegister (JmxRegister.java:unregister(73)) - Successfully un-registered JMX Bean with object name Ratis:service=RaftServer,group=group-5B3995F2DCEF,id=704bfd07-5e75-419d-aba5-0f2927b551c8
2019-10-17 08:17:41,994 [grpc-default-executor-1] INFO  impl.RoleInfo (RoleInfo.java:shutdownFollowerState(121)) - 704bfd07-5e75-419d-aba5-0f2927b551c8: shutdown FollowerState
2019-10-17 08:17:41,994 [grpc-default-executor-1] INFO  impl.StateMachineUpdater (StateMachineUpdater.java:stopAndJoin(136)) - 704bfd07-5e75-419d-aba5-0f2927b551c8@group-5B3995F2DCEF-StateMachineUpdater: set stopIndex = 0
2019-10-17 08:17:41,995 [Thread-266] INFO  impl.FollowerState (FollowerState.java:run(117)) - 704bfd07-5e75-419d-aba5-0f2927b551c8@group-5B3995F2DCEF-FollowerState was interrupted: java.lang.InterruptedException: sleep interrupted
2019-10-17 08:17:41,997 [grpc-default-executor-1] INFO  impl.RaftServerImpl (ServerState.java:close(388)) - 704bfd07-5e75-419d-aba5-0f2927b551c8@group-5B3995F2DCEF: closes. applyIndex: 0
2019-10-17 08:17:41,998 [704bfd07-5e75-419d-aba5-0f2927b551c8@group-5B3995F2DCEF-SegmentedRaftLogWorker] INFO  segmented.SegmentedRaftLogWorker (SegmentedRaftLogWorker.java:run(316)) - 704bfd07-5e75-419d-aba5-0f2927b551c8@group-5B3995F2DCEF-SegmentedRaftLogWorker was interrupted, exiting. There are 0 tasks remaining in the queue.
2019-10-17 08:17:41,999 [grpc-default-executor-1] INFO  segmented.SegmentedRaftLogWorker (SegmentedRaftLogWorker.java:close(224)) - 704bfd07-5e75-419d-aba5-0f2927b551c8@group-5B3995F2DCEF-SegmentedRaftLogWorker close()
2019-10-17 08:17:42,040 [grpc-default-executor-1] INFO  interfaces.Container (KeyValueContainer.java:flushAndSyncDB(386)) - Container 1 is synced with bcsId 0.
2019-10-17 08:17:42,040 [grpc-default-executor-1] INFO  interfaces.Container (KeyValueContainer.java:flushAndSyncDB(386)) - Container 1 is synced with bcsId 0.
2019-10-17 08:17:42,059 [RatisPipelineUtilsThread] INFO  pipeline.PipelineStateManager (PipelineStateManager.java:removePipeline(106)) - Pipeline Pipeline[ Id: 7c282f5e-2f29-4a4a-be10-5b3995f2dcef, Nodes: 99f6549c-1d76-4032-b481-991b9a8ccf89{ip: 192.168.34.62, host: pr-hdds-1868-lzclr-202649289, networkLocation: /default-rack, certSerialId: null}f164ec13-c99a-4402-99d5-4f3aeeeb4a39{ip: 192.168.34.62, host: pr-hdds-1868-lzclr-202649289, networkLocation: /default-rack, certSerialId: null}704bfd07-5e75-419d-aba5-0f2927b551c8{ip: 192.168.34.62, host: pr-hdds-1868-lzclr-202649289, networkLocation: /default-rack, certSerialId: null}, Type:RATIS, Factor:THREE, State:CLOSED] removed from db
2019-10-17 08:17:42,077 [grpc-default-executor-7] INFO  impl.RaftServerProxy (RaftServerProxy.java:addNew(89)) - f164ec13-c99a-4402-99d5-4f3aeeeb4a39: addNew group-445FCC6AD892:[704bfd07-5e75-419d-aba5-0f2927b551c8:192.168.34.62:33038, f164ec13-c99a-4402-99d5-4f3aeeeb4a39:192.168.34.62:44851, 99f6549c-1d76-4032-b481-991b9a8ccf89:192.168.34.62:46667] returns group-445FCC6AD892:java.util.concurrent.CompletableFuture@1fd560d8[Not completed]
2019-10-17 08:17:42,077 [grpc-default-executor-4] INFO  impl.RaftServerProxy (RaftServerProxy.java:addNew(89)) - 99f6549c-1d76-4032-b481-991b9a8ccf89: addNew group-445FCC6AD892:[704bfd07-5e75-419d-aba5-0f2927b551c8:192.168.34.62:33038, f164ec13-c99a-4402-99d5-4f3aeeeb4a39:192.168.34.62:44851, 99f6549c-1d76-4032-b481-991b9a8ccf89:192.168.34.62:46667] returns group-445FCC6AD892:java.util.concurrent.CompletableFuture@a8b169f[Not completed]
2019-10-17 08:17:42,077 [grpc-default-executor-1] INFO  impl.RaftServerProxy (RaftServerProxy.java:addNew(89)) - 704bfd07-5e75-419d-aba5-0f2927b551c8: addNew group-445FCC6AD892:[704bfd07-5e75-419d-aba5-0f2927b551c8:192.168.34.62:33038, f164ec13-c99a-4402-99d5-4f3aeeeb4a39:192.168.34.62:44851, 99f6549c-1d76-4032-b481-991b9a8ccf89:192.168.34.62:46667] returns group-445FCC6AD892:java.util.concurrent.CompletableFuture@29809bdf[Not completed]
2019-10-17 08:17:42,081 [pool-37-thread-1] INFO  impl.RaftServerImpl (RaftServerImpl.java:<init>(104)) - 704bfd07-5e75-419d-aba5-0f2927b551c8: new RaftServerImpl for group-445FCC6AD892:[704bfd07-5e75-419d-aba5-0f2927b551c8:192.168.34.62:33038, f164ec13-c99a-4402-99d5-4f3aeeeb4a39:192.168.34.62:44851, 99f6549c-1d76-4032-b481-991b9a8ccf89:192.168.34.62:46667] with ContainerStateMachine:uninitialized
2019-10-17 08:17:42,081 [pool-37-thread-1] INFO  server.RaftServerConfigKeys (ConfUtils.java:logGet(43)) - raft.server.rpc.timeout.min = 5s (custom)
2019-10-17 08:17:42,081 [pool-37-thread-1] INFO  server.RaftServerConfigKeys (ConfUtils.java:logGet(43)) - raft.server.rpc.timeout.max = 5200ms (custom)
2019-10-17 08:17:42,081 [pool-37-thread-1] INFO  server.RaftServerConfigKeys (ConfUtils.java:logGet(43)) - raft.server.rpcslowness.timeout = 120s (custom)
2019-10-17 08:17:42,081 [pool-37-thread-1] INFO  server.RaftServerConfigKeys (ConfUtils.java:logGet(43)) - raft.server.sleep.deviation.threshold = 300 (default)
2019-10-17 08:17:42,081 [pool-37-thread-1] INFO  server.RaftServerConfigKeys (ConfUtils.java:logGet(43)) - raft.server.log.appender.install.snapshot.enabled = false (custom)
2019-10-17 08:17:42,082 [pool-37-thread-1] INFO  impl.RaftServerImpl (ServerState.java:<init>(103)) - 704bfd07-5e75-419d-aba5-0f2927b551c8@group-445FCC6AD892: ConfigurationManager, init=-1: [704bfd07-5e75-419d-aba5-0f2927b551c8:192.168.34.62:33038, f164ec13-c99a-4402-99d5-4f3aeeeb4a39:192.168.34.62:44851, 99f6549c-1d76-4032-b481-991b9a8ccf89:192.168.34.62:46667], old=null, confs=<EMPTY_MAP>
2019-10-17 08:17:42,082 [pool-37-thread-1] INFO  server.RaftServerConfigKeys (ConfUtils.java:logGet(43)) - raft.server.storage.dir = [/workdir/hadoop-ozone/tools/target/test-dir/MiniOzoneClusterImpl-b67644f0-1a86-45e5-a341-3f7404ab54fa/datanode-1/data/ratis] (custom)
2019-10-17 08:17:42,082 [pool-37-thread-1] INFO  server.RaftServerConfigKeys (ConfUtils.java:logGet(43)) - raft.server.log.corruption.policy = EXCEPTION (default)
2019-10-17 08:17:42,082 [pool-67-thread-1] INFO  impl.RaftServerImpl (RaftServerImpl.java:<init>(104)) - 99f6549c-1d76-4032-b481-991b9a8ccf89: new RaftServerImpl for group-445FCC6AD892:[704bfd07-5e75-419d-aba5-0f2927b551c8:192.168.34.62:33038, f164ec13-c99a-4402-99d5-4f3aeeeb4a39:192.168.34.62:44851, 99f6549c-1d76-4032-b481-991b9a8ccf89:192.168.34.62:46667] with ContainerStateMachine:uninitialized
2019-10-17 08:17:42,082 [pool-37-thread-1] INFO  storage.RaftStorageDirectory (RaftStorageDirectory.java:analyzeStorage(246)) - The storage directory /workdir/hadoop-ozone/tools/target/test-dir/MiniOzoneClusterImpl-b67644f0-1a86-45e5-a341-3f7404ab54fa/datanode-1/data/ratis/31037f13-46fc-4297-b457-445fcc6ad892 does not exist. Creating ...
2019-10-17 08:17:42,083 [pool-67-thread-1] INFO  server.RaftServerConfigKeys (ConfUtils.java:logGet(43)) - raft.server.rpc.timeout.min = 5s (custom)
2019-10-17 08:17:42,083 [pool-67-thread-1] INFO  server.RaftServerConfigKeys (ConfUtils.java:logGet(43)) - raft.server.rpc.timeout.max = 5200ms (custom)
2019-10-17 08:17:42,083 [pool-67-thread-1] INFO  server.RaftServerConfigKeys (ConfUtils.java:logGet(43)) - raft.server.rpcslowness.timeout = 120s (custom)
2019-10-17 08:17:42,083 [pool-67-thread-1] INFO  server.RaftServerConfigKeys (ConfUtils.java:logGet(43)) - raft.server.sleep.deviation.threshold = 300 (default)
2019-10-17 08:17:42,083 [pool-67-thread-1] INFO  server.RaftServerConfigKeys (ConfUtils.java:logGet(43)) - raft.server.log.appender.install.snapshot.enabled = false (custom)
2019-10-17 08:17:42,083 [pool-47-thread-1] INFO  impl.RaftServerImpl (RaftServerImpl.java:<init>(104)) - f164ec13-c99a-4402-99d5-4f3aeeeb4a39: new RaftServerImpl for group-445FCC6AD892:[704bfd07-5e75-419d-aba5-0f2927b551c8:192.168.34.62:33038, f164ec13-c99a-4402-99d5-4f3aeeeb4a39:192.168.34.62:44851, 99f6549c-1d76-4032-b481-991b9a8ccf89:192.168.34.62:46667] with ContainerStateMachine:uninitialized
2019-10-17 08:17:42,084 [pool-67-thread-1] INFO  impl.RaftServerImpl (ServerState.java:<init>(103)) - 99f6549c-1d76-4032-b481-991b9a8ccf89@group-445FCC6AD892: ConfigurationManager, init=-1: [704bfd07-5e75-419d-aba5-0f2927b551c8:192.168.34.62:33038, f164ec13-c99a-4402-99d5-4f3aeeeb4a39:192.168.34.62:44851, 99f6549c-1d76-4032-b481-991b9a8ccf89:192.168.34.62:46667], old=null, confs=<EMPTY_MAP>
2019-10-17 08:17:42,084 [pool-47-thread-1] INFO  server.RaftServerConfigKeys (ConfUtils.java:logGet(43)) - raft.server.rpc.timeout.min = 5s (custom)
2019-10-17 08:17:42,084 [pool-47-thread-1] INFO  server.RaftServerConfigKeys (ConfUtils.java:logGet(43)) - raft.server.rpc.timeout.max = 5200ms (custom)
2019-10-17 08:17:42,084 [pool-67-thread-1] INFO  server.RaftServerConfigKeys (ConfUtils.java:logGet(43)) - raft.server.storage.dir = [/workdir/hadoop-ozone/tools/target/test-dir/MiniOzoneClusterImpl-b67644f0-1a86-45e5-a341-3f7404ab54fa/datanode-4/data/ratis] (custom)
2019-10-17 08:17:42,084 [pool-47-thread-1] INFO  server.RaftServerConfigKeys (ConfUtils.java:logGet(43)) - raft.server.rpcslowness.timeout = 120s (custom)
2019-10-17 08:17:42,084 [pool-47-thread-1] INFO  server.RaftServerConfigKeys (ConfUtils.java:logGet(43)) - raft.server.sleep.deviation.threshold = 300 (default)
2019-10-17 08:17:42,084 [pool-47-thread-1] INFO  server.RaftServerConfigKeys (ConfUtils.java:logGet(43)) - raft.server.log.appender.install.snapshot.enabled = false (custom)
2019-10-17 08:17:42,084 [pool-67-thread-1] INFO  server.RaftServerConfigKeys (ConfUtils.java:logGet(43)) - raft.server.log.corruption.policy = EXCEPTION (default)
2019-10-17 08:17:42,084 [pool-47-thread-1] INFO  impl.RaftServerImpl (ServerState.java:<init>(103)) - f164ec13-c99a-4402-99d5-4f3aeeeb4a39@group-445FCC6AD892: ConfigurationManager, init=-1: [704bfd07-5e75-419d-aba5-0f2927b551c8:192.168.34.62:33038, f164ec13-c99a-4402-99d5-4f3aeeeb4a39:192.168.34.62:44851, 99f6549c-1d76-4032-b481-991b9a8ccf89:192.168.34.62:46667], old=null, confs=<EMPTY_MAP>
2019-10-17 08:17:42,085 [pool-47-thread-1] INFO  server.RaftServerConfigKeys (ConfUtils.java:logGet(43)) - raft.server.storage.dir = [/workdir/hadoop-ozone/tools/target/test-dir/MiniOzoneClusterImpl-b67644f0-1a86-45e5-a341-3f7404ab54fa/datanode-2/data/ratis] (custom)
2019-10-17 08:17:42,085 [pool-67-thread-1] INFO  storage.RaftStorageDirectory (RaftStorageDirectory.java:analyzeStorage(246)) - The storage directory /workdir/hadoop-ozone/tools/target/test-dir/MiniOzoneClusterImpl-b67644f0-1a86-45e5-a341-3f7404ab54fa/datanode-4/data/ratis/31037f13-46fc-4297-b457-445fcc6ad892 does not exist. Creating ...
2019-10-17 08:17:42,085 [pool-47-thread-1] INFO  server.RaftServerConfigKeys (ConfUtils.java:logGet(43)) - raft.server.log.corruption.policy = EXCEPTION (default)
2019-10-17 08:17:42,085 [pool-47-thread-1] INFO  storage.RaftStorageDirectory (RaftStorageDirectory.java:analyzeStorage(246)) - The storage directory /workdir/hadoop-ozone/tools/target/test-dir/MiniOzoneClusterImpl-b67644f0-1a86-45e5-a341-3f7404ab54fa/datanode-2/data/ratis/31037f13-46fc-4297-b457-445fcc6ad892 does not exist. Creating ...
2019-10-17 08:17:42,096 [pool-37-thread-1] INFO  storage.RaftStorageDirectory (RaftStorageDirectory.java:tryLock(328)) - Lock on /workdir/hadoop-ozone/tools/target/test-dir/MiniOzoneClusterImpl-b67644f0-1a86-45e5-a341-3f7404ab54fa/datanode-1/data/ratis/31037f13-46fc-4297-b457-445fcc6ad892/in_use.lock acquired by nodename 5904@pr-hdds-1868-lzclr-202649289
2019-10-17 08:17:42,096 [pool-67-thread-1] INFO  storage.RaftStorageDirectory (RaftStorageDirectory.java:tryLock(328)) - Lock on /workdir/hadoop-ozone/tools/target/test-dir/MiniOzoneClusterImpl-b67644f0-1a86-45e5-a341-3f7404ab54fa/datanode-4/data/ratis/31037f13-46fc-4297-b457-445fcc6ad892/in_use.lock acquired by nodename 5904@pr-hdds-1868-lzclr-202649289
2019-10-17 08:17:42,096 [pool-47-thread-1] INFO  storage.RaftStorageDirectory (RaftStorageDirectory.java:tryLock(328)) - Lock on /workdir/hadoop-ozone/tools/target/test-dir/MiniOzoneClusterImpl-b67644f0-1a86-45e5-a341-3f7404ab54fa/datanode-2/data/ratis/31037f13-46fc-4297-b457-445fcc6ad892/in_use.lock acquired by nodename 5904@pr-hdds-1868-lzclr-202649289
2019-10-17 08:17:42,117 [pool-37-thread-1] INFO  storage.RaftStorage (RaftStorage.java:format(84)) - Storage directory /workdir/hadoop-ozone/tools/target/test-dir/MiniOzoneClusterImpl-b67644f0-1a86-45e5-a341-3f7404ab54fa/datanode-1/data/ratis/31037f13-46fc-4297-b457-445fcc6ad892 has been successfully formatted.
2019-10-17 08:17:42,117 [pool-67-thread-1] INFO  storage.RaftStorage (RaftStorage.java:format(84)) - Storage directory /workdir/hadoop-ozone/tools/target/test-dir/MiniOzoneClusterImpl-b67644f0-1a86-45e5-a341-3f7404ab54fa/datanode-4/data/ratis/31037f13-46fc-4297-b457-445fcc6ad892 has been successfully formatted.
2019-10-17 08:17:42,117 [pool-47-thread-1] INFO  storage.RaftStorage (RaftStorage.java:format(84)) - Storage directory /workdir/hadoop-ozone/tools/target/test-dir/MiniOzoneClusterImpl-b67644f0-1a86-45e5-a341-3f7404ab54fa/datanode-2/data/ratis/31037f13-46fc-4297-b457-445fcc6ad892 has been successfully formatted.
2019-10-17 08:17:42,118 [pool-37-thread-1] INFO  ratis.ContainerStateMachine (ContainerStateMachine.java:loadSnapshot(233)) - group-445FCC6AD892: The snapshot info is null. Setting the last applied indexto:(t:0, i:~)
2019-10-17 08:17:42,118 [pool-67-thread-1] INFO  ratis.ContainerStateMachine (ContainerStateMachine.java:loadSnapshot(233)) - group-445FCC6AD892: The snapshot info is null. Setting the last applied indexto:(t:0, i:~)
2019-10-17 08:17:42,118 [pool-37-thread-1] INFO  server.RaftServerConfigKeys (ConfUtils.java:logGet(43)) - raft.server.notification.no-leader.timeout = 120s (custom)
2019-10-17 08:17:42,118 [pool-47-thread-1] INFO  ratis.ContainerStateMachine (ContainerStateMachine.java:loadSnapshot(233)) - group-445FCC6AD892: The snapshot info is null. Setting the last applied indexto:(t:0, i:~)
2019-10-17 08:17:42,118 [pool-37-thread-1] INFO  server.RaftServerConfigKeys (ConfUtils.java:logGet(43)) - raft.server.log.use.memory = false (default)
2019-10-17 08:17:42,118 [pool-67-thread-1] INFO  server.RaftServerConfigKeys (ConfUtils.java:logGet(43)) - raft.server.notification.no-leader.timeout = 120s (custom)
2019-10-17 08:17:42,119 [pool-37-thread-1] INFO  server.RaftServerConfigKeys (ConfUtils.java:logGet(43)) - raft.server.log.purge.gap = 1000000 (custom)
2019-10-17 08:17:42,118 [pool-47-thread-1] INFO  server.RaftServerConfigKeys (ConfUtils.java:logGet(43)) - raft.server.notification.no-leader.timeout = 120s (custom)
2019-10-17 08:17:42,119 [pool-37-thread-1] INFO  server.RaftServerConfigKeys (ConfUtils.java:logGet(43)) - raft.server.log.appender.buffer.byte-limit = 33554432 (custom)
2019-10-17 08:17:42,119 [pool-67-thread-1] INFO  server.RaftServerConfigKeys (ConfUtils.java:logGet(43)) - raft.server.log.use.memory = false (default)
2019-10-17 08:17:42,119 [pool-37-thread-1] INFO  server.RaftServerConfigKeys (ConfUtils.java:logGet(43)) - raft.server.log.segment.size.max = 1048576 (custom)
2019-10-17 08:17:42,119 [pool-47-thread-1] INFO  server.RaftServerConfigKeys (ConfUtils.java:logGet(43)) - raft.server.log.use.memory = false (default)
2019-10-17 08:17:42,119 [pool-37-thread-1] INFO  server.RaftServerConfigKeys (ConfUtils.java:logGet(43)) - raft.server.log.segment.cache.num.max = 2 (custom)
2019-10-17 08:17:42,119 [pool-67-thread-1] INFO  server.RaftServerConfigKeys (ConfUtils.java:logGet(43)) - raft.server.log.purge.gap = 1000000 (custom)
2019-10-17 08:17:42,119 [pool-37-thread-1] INFO  segmented.SegmentedRaftLogWorker (SegmentedRaftLogWorker.java:<init>(173)) - new 704bfd07-5e75-419d-aba5-0f2927b551c8@group-445FCC6AD892-SegmentedRaftLogWorker for RaftStorage:Storage Directory /workdir/hadoop-ozone/tools/target/test-dir/MiniOzoneClusterImpl-b67644f0-1a86-45e5-a341-3f7404ab54fa/datanode-1/data/ratis/31037f13-46fc-4297-b457-445fcc6ad892
2019-10-17 08:17:42,119 [pool-47-thread-1] INFO  server.RaftServerConfigKeys (ConfUtils.java:logGet(43)) - raft.server.log.purge.gap = 1000000 (custom)
2019-10-17 08:17:42,120 [pool-37-thread-1] INFO  server.RaftServerConfigKeys (ConfUtils.java:logGet(43)) - raft.server.log.queue.byte-limit = 2147483647 (custom)
2019-10-17 08:17:42,120 [pool-67-thread-1] INFO  server.RaftServerConfigKeys (ConfUtils.java:logGet(43)) - raft.server.log.appender.buffer.byte-limit = 33554432 (custom)
2019-10-17 08:17:42,120 [pool-37-thread-1] INFO  server.RaftServerConfigKeys (ConfUtils.java:logGet(43)) - raft.server.log.queue.element-limit = 1024 (custom)
2019-10-17 08:17:42,120 [pool-47-thread-1] INFO  server.RaftServerConfigKeys (ConfUtils.java:logGet(43)) - raft.server.log.appender.buffer.byte-limit = 33554432 (custom)
2019-10-17 08:17:42,120 [pool-37-thread-1] INFO  server.RaftServerConfigKeys (ConfUtils.java:logGet(43)) - raft.server.log.segment.size.max = 1048576 (custom)
2019-10-17 08:17:42,120 [pool-67-thread-1] INFO  server.RaftServerConfigKeys (ConfUtils.java:logGet(43)) - raft.server.log.segment.size.max = 1048576 (custom)
2019-10-17 08:17:42,120 [pool-37-thread-1] INFO  server.RaftServerConfigKeys (ConfUtils.java:logGet(43)) - raft.server.log.preallocated.size = 16384 (custom)
2019-10-17 08:17:42,121 [pool-67-thread-1] INFO  server.RaftServerConfigKeys (ConfUtils.java:logGet(43)) - raft.server.log.segment.cache.num.max = 2 (custom)
2019-10-17 08:17:42,120 [pool-47-thread-1] INFO  server.RaftServerConfigKeys (ConfUtils.java:logGet(43)) - raft.server.log.segment.size.max = 1048576 (custom)
2019-10-17 08:17:42,121 [pool-67-thread-1] INFO  segmented.SegmentedRaftLogWorker (SegmentedRaftLogWorker.java:<init>(173)) - new 99f6549c-1d76-4032-b481-991b9a8ccf89@group-445FCC6AD892-SegmentedRaftLogWorker for RaftStorage:Storage Directory /workdir/hadoop-ozone/tools/target/test-dir/MiniOzoneClusterImpl-b67644f0-1a86-45e5-a341-3f7404ab54fa/datanode-4/data/ratis/31037f13-46fc-4297-b457-445fcc6ad892
2019-10-17 08:17:42,121 [pool-37-thread-1] INFO  server.RaftServerConfigKeys (ConfUtils.java:logGet(43)) - raft.server.log.write.buffer.size = 33554432 (custom)
2019-10-17 08:17:42,121 [pool-67-thread-1] INFO  server.RaftServerConfigKeys (ConfUtils.java:logGet(43)) - raft.server.log.queue.byte-limit = 2147483647 (custom)
2019-10-17 08:17:42,121 [pool-47-thread-1] INFO  server.RaftServerConfigKeys (ConfUtils.java:logGet(43)) - raft.server.log.segment.cache.num.max = 2 (custom)
2019-10-17 08:17:42,121 [pool-67-thread-1] INFO  server.RaftServerConfigKeys (ConfUtils.java:logGet(43)) - raft.server.log.queue.element-limit = 1024 (custom)
2019-10-17 08:17:42,121 [pool-37-thread-1] INFO  server.RaftServerConfigKeys (ConfUtils.java:logGet(43)) - raft.server.log.force.sync.num = 128 (default)
2019-10-17 08:17:42,122 [pool-67-thread-1] INFO  server.RaftServerConfigKeys (ConfUtils.java:logGet(43)) - raft.server.log.segment.size.max = 1048576 (custom)
2019-10-17 08:17:42,122 [pool-47-thread-1] INFO  segmented.SegmentedRaftLogWorker (SegmentedRaftLogWorker.java:<init>(173)) - new f164ec13-c99a-4402-99d5-4f3aeeeb4a39@group-445FCC6AD892-SegmentedRaftLogWorker for RaftStorage:Storage Directory /workdir/hadoop-ozone/tools/target/test-dir/MiniOzoneClusterImpl-b67644f0-1a86-45e5-a341-3f7404ab54fa/datanode-2/data/ratis/31037f13-46fc-4297-b457-445fcc6ad892
2019-10-17 08:17:42,122 [pool-67-thread-1] INFO  server.RaftServerConfigKeys (ConfUtils.java:logGet(43)) - raft.server.log.preallocated.size = 16384 (custom)
2019-10-17 08:17:42,122 [pool-37-thread-1] INFO  server.RaftServerConfigKeys (ConfUtils.java:logGet(43)) - raft.server.log.statemachine.data.sync = true (default)
2019-10-17 08:17:42,122 [pool-67-thread-1] INFO  server.RaftServerConfigKeys (ConfUtils.java:logGet(43)) - raft.server.log.write.buffer.size = 33554432 (custom)
2019-10-17 08:17:42,122 [pool-47-thread-1] INFO  server.RaftServerConfigKeys (ConfUtils.java:logGet(43)) - raft.server.log.queue.byte-limit = 2147483647 (custom)
2019-10-17 08:17:42,123 [pool-67-thread-1] INFO  server.RaftServerConfigKeys (ConfUtils.java:logGet(43)) - raft.server.log.force.sync.num = 128 (default)
2019-10-17 08:17:42,122 [pool-37-thread-1] INFO  server.RaftServerConfigKeys (ConfUtils.java:logGet(43)) - raft.server.log.statemachine.data.sync.timeout = 10s (default)
2019-10-17 08:17:42,123 [pool-67-thread-1] INFO  server.RaftServerConfigKeys (ConfUtils.java:logGet(43)) - raft.server.log.statemachine.data.sync = true (default)
2019-10-17 08:17:42,123 [pool-47-thread-1] INFO  server.RaftServerConfigKeys (ConfUtils.java:logGet(43)) - raft.server.log.queue.element-limit = 1024 (custom)
2019-10-17 08:17:42,123 [pool-67-thread-1] INFO  server.RaftServerConfigKeys (ConfUtils.java:logGet(43)) - raft.server.log.statemachine.data.sync.timeout = 10s (default)
2019-10-17 08:17:42,123 [pool-37-thread-1] INFO  server.RaftServerConfigKeys (ConfUtils.java:logGet(43)) - raft.server.log.statemachine.data.sync.timeout.retry = -1 (default)
2019-10-17 08:17:42,124 [pool-67-thread-1] INFO  server.RaftServerConfigKeys (ConfUtils.java:logGet(43)) - raft.server.log.statemachine.data.sync.timeout.retry = -1 (default)
2019-10-17 08:17:42,123 [pool-47-thread-1] INFO  server.RaftServerConfigKeys (ConfUtils.java:logGet(43)) - raft.server.log.segment.size.max = 1048576 (custom)
2019-10-17 08:17:42,124 [pool-67-thread-1] INFO  server.RaftServerConfigKeys (ConfUtils.java:logGet(43)) - raft.server.log.statemachine.data.caching.enabled = true (custom)
2019-10-17 08:17:42,124 [pool-37-thread-1] INFO  server.RaftServerConfigKeys (ConfUtils.java:logGet(43)) - raft.server.log.statemachine.data.caching.enabled = true (custom)
2019-10-17 08:17:42,124 [pool-47-thread-1] INFO  server.RaftServerConfigKeys (ConfUtils.java:logGet(43)) - raft.server.log.preallocated.size = 16384 (custom)
2019-10-17 08:17:42,124 [pool-37-thread-1] INFO  segmented.SegmentedRaftLogWorker (SegmentedRaftLogWorker.java:lambda$new$0(128)) - 704bfd07-5e75-419d-aba5-0f2927b551c8@group-445FCC6AD892-SegmentedRaftLogWorker: flushIndex: setUnconditionally 0 -> -1
2019-10-17 08:17:42,125 [pool-47-thread-1] INFO  server.RaftServerConfigKeys (ConfUtils.java:logGet(43)) - raft.server.log.write.buffer.size = 33554432 (custom)
2019-10-17 08:17:42,124 [pool-67-thread-1] INFO  segmented.SegmentedRaftLogWorker (SegmentedRaftLogWorker.java:lambda$new$0(128)) - 99f6549c-1d76-4032-b481-991b9a8ccf89@group-445FCC6AD892-SegmentedRaftLogWorker: flushIndex: setUnconditionally 0 -> -1
2019-10-17 08:17:42,125 [pool-37-thread-1] INFO  server.RaftServerConfigKeys (ConfUtils.java:logGet(43)) - raft.server.snapshot.auto.trigger.enabled = true (custom)
2019-10-17 08:17:42,125 [pool-47-thread-1] INFO  server.RaftServerConfigKeys (ConfUtils.java:logGet(43)) - raft.server.log.force.sync.num = 128 (default)
2019-10-17 08:17:42,125 [pool-67-thread-1] INFO  server.RaftServerConfigKeys (ConfUtils.java:logGet(43)) - raft.server.snapshot.auto.trigger.enabled = true (custom)
2019-10-17 08:17:42,125 [pool-37-thread-1] INFO  server.RaftServerConfigKeys (ConfUtils.java:logGet(43)) - raft.server.snapshot.auto.trigger.threshold = 10000 (custom)
2019-10-17 08:17:42,125 [pool-67-thread-1] INFO  server.RaftServerConfigKeys (ConfUtils.java:logGet(43)) - raft.server.snapshot.auto.trigger.threshold = 10000 (custom)
2019-10-17 08:17:42,125 [pool-47-thread-1] INFO  server.RaftServerConfigKeys (ConfUtils.java:logGet(43)) - raft.server.log.statemachine.data.sync = true (default)
2019-10-17 08:17:42,126 [pool-67-thread-1] INFO  server.RaftServerConfigKeys (ConfUtils.java:logGet(43)) - raft.server.snapshot.retention.file.num = 5 (custom)
2019-10-17 08:17:42,125 [pool-37-thread-1] INFO  server.RaftServerConfigKeys (ConfUtils.java:logGet(43)) - raft.server.snapshot.retention.file.num = 5 (custom)
2019-10-17 08:17:42,126 [pool-47-thread-1] INFO  server.RaftServerConfigKeys (ConfUtils.java:logGet(43)) - raft.server.log.statemachine.data.sync.timeout = 10s (default)
2019-10-17 08:17:42,126 [pool-37-thread-1] INFO  server.RaftServerConfigKeys (ConfUtils.java:logGet(43)) - raft.server.retrycache.expirytime = 600000ms (custom)
2019-10-17 08:17:42,126 [pool-67-thread-1] INFO  server.RaftServerConfigKeys (ConfUtils.java:logGet(43)) - raft.server.retrycache.expirytime = 600000ms (custom)
2019-10-17 08:17:42,126 [pool-47-thread-1] INFO  server.RaftServerConfigKeys (ConfUtils.java:logGet(43)) - raft.server.log.statemachine.data.sync.timeout.retry = -1 (default)
2019-10-17 08:17:42,127 [pool-47-thread-1] INFO  server.RaftServerConfigKeys (ConfUtils.java:logGet(43)) - raft.server.log.statemachine.data.caching.enabled = true (custom)
2019-10-17 08:17:42,127 [pool-47-thread-1] INFO  segmented.SegmentedRaftLogWorker (SegmentedRaftLogWorker.java:lambda$new$0(128)) - f164ec13-c99a-4402-99d5-4f3aeeeb4a39@group-445FCC6AD892-SegmentedRaftLogWorker: flushIndex: setUnconditionally 0 -> -1
2019-10-17 08:17:42,128 [pool-47-thread-1] INFO  server.RaftServerConfigKeys (ConfUtils.java:logGet(43)) - raft.server.snapshot.auto.trigger.enabled = true (custom)
2019-10-17 08:17:42,128 [pool-47-thread-1] INFO  server.RaftServerConfigKeys (ConfUtils.java:logGet(43)) - raft.server.snapshot.auto.trigger.threshold = 10000 (custom)
2019-10-17 08:17:42,128 [pool-47-thread-1] INFO  server.RaftServerConfigKeys (ConfUtils.java:logGet(43)) - raft.server.snapshot.retention.file.num = 5 (custom)
2019-10-17 08:17:42,128 [pool-47-thread-1] INFO  server.RaftServerConfigKeys (ConfUtils.java:logGet(43)) - raft.server.retrycache.expirytime = 600000ms (custom)
2019-10-17 08:17:42,130 [pool-37-thread-1] INFO  impl.RaftServerImpl (RaftServerImpl.java:start(195)) - 704bfd07-5e75-419d-aba5-0f2927b551c8@group-445FCC6AD892: start as a follower, conf=-1: [704bfd07-5e75-419d-aba5-0f2927b551c8:192.168.34.62:33038, f164ec13-c99a-4402-99d5-4f3aeeeb4a39:192.168.34.62:44851, 99f6549c-1d76-4032-b481-991b9a8ccf89:192.168.34.62:46667], old=null
2019-10-17 08:17:42,130 [pool-37-thread-1] INFO  impl.RaftServerImpl (RaftServerImpl.java:setRole(184)) - 704bfd07-5e75-419d-aba5-0f2927b551c8@group-445FCC6AD892: changes role from      null to FOLLOWER at term 0 for startAsFollower
2019-10-17 08:17:42,130 [pool-37-thread-1] INFO  impl.RoleInfo (RoleInfo.java:updateAndGet(143)) - 704bfd07-5e75-419d-aba5-0f2927b551c8: start FollowerState
2019-10-17 08:17:42,130 [pool-37-thread-1] INFO  util.JmxRegister (JmxRegister.java:tryRegister(44)) - Successfully registered JMX Bean with object name Ratis:service=RaftServer,group=group-445FCC6AD892,id=704bfd07-5e75-419d-aba5-0f2927b551c8
2019-10-17 08:17:42,131 [pool-67-thread-1] INFO  impl.RaftServerImpl (RaftServerImpl.java:start(195)) - 99f6549c-1d76-4032-b481-991b9a8ccf89@group-445FCC6AD892: start as a follower, conf=-1: [704bfd07-5e75-419d-aba5-0f2927b551c8:192.168.34.62:33038, f164ec13-c99a-4402-99d5-4f3aeeeb4a39:192.168.34.62:44851, 99f6549c-1d76-4032-b481-991b9a8ccf89:192.168.34.62:46667], old=null
2019-10-17 08:17:42,131 [pool-67-thread-1] INFO  impl.RaftServerImpl (RaftServerImpl.java:setRole(184)) - 99f6549c-1d76-4032-b481-991b9a8ccf89@group-445FCC6AD892: changes role from      null to FOLLOWER at term 0 for startAsFollower
2019-10-17 08:17:42,131 [pool-67-thread-1] INFO  impl.RoleInfo (RoleInfo.java:updateAndGet(143)) - 99f6549c-1d76-4032-b481-991b9a8ccf89: start FollowerState
2019-10-17 08:17:42,132 [pool-67-thread-1] INFO  util.JmxRegister (JmxRegister.java:tryRegister(44)) - Successfully registered JMX Bean with object name Ratis:service=RaftServer,group=group-445FCC6AD892,id=99f6549c-1d76-4032-b481-991b9a8ccf89
2019-10-17 08:17:42,133 [pool-47-thread-1] INFO  impl.RaftServerImpl (RaftServerImpl.java:start(195)) - f164ec13-c99a-4402-99d5-4f3aeeeb4a39@group-445FCC6AD892: start as a follower, conf=-1: [704bfd07-5e75-419d-aba5-0f2927b551c8:192.168.34.62:33038, f164ec13-c99a-4402-99d5-4f3aeeeb4a39:192.168.34.62:44851, 99f6549c-1d76-4032-b481-991b9a8ccf89:192.168.34.62:46667], old=null
2019-10-17 08:17:42,133 [pool-47-thread-1] INFO  impl.RaftServerImpl (RaftServerImpl.java:setRole(184)) - f164ec13-c99a-4402-99d5-4f3aeeeb4a39@group-445FCC6AD892: changes role from      null to FOLLOWER at term 0 for startAsFollower
2019-10-17 08:17:42,133 [pool-47-thread-1] INFO  impl.RoleInfo (RoleInfo.java:updateAndGet(143)) - f164ec13-c99a-4402-99d5-4f3aeeeb4a39: start FollowerState
2019-10-17 08:17:42,134 [pool-47-thread-1] INFO  util.JmxRegister (JmxRegister.java:tryRegister(44)) - Successfully registered JMX Bean with object name Ratis:service=RaftServer,group=group-445FCC6AD892,id=f164ec13-c99a-4402-99d5-4f3aeeeb4a39
2019-10-17 08:17:42,145 [RatisPipelineUtilsThread] INFO  pipeline.PipelineStateManager (PipelineStateManager.java:addPipeline(55)) - Created pipeline Pipeline[ Id: 31037f13-46fc-4297-b457-445fcc6ad892, Nodes: 99f6549c-1d76-4032-b481-991b9a8ccf89{ip: 192.168.34.62, host: pr-hdds-1868-lzclr-202649289, networkLocation: /default-rack, certSerialId: null}f164ec13-c99a-4402-99d5-4f3aeeeb4a39{ip: 192.168.34.62, host: pr-hdds-1868-lzclr-202649289, networkLocation: /default-rack, certSerialId: null}704bfd07-5e75-419d-aba5-0f2927b551c8{ip: 192.168.34.62, host: pr-hdds-1868-lzclr-202649289, networkLocation: /default-rack, certSerialId: null}, Type:RATIS, Factor:THREE, State:ALLOCATED]
2019-10-17 08:17:42,157 [Thread-384] INFO  impl.FollowerState (FollowerState.java:run(108)) - 704bfd07-5e75-419d-aba5-0f2927b551c8@group-445FCC6AD892-FollowerState: change to CANDIDATE, lastRpcTime:27ms, electionTimeout:27ms
2019-10-17 08:17:42,158 [Thread-384] INFO  impl.RoleInfo (RoleInfo.java:shutdownFollowerState(121)) - 704bfd07-5e75-419d-aba5-0f2927b551c8: shutdown FollowerState
2019-10-17 08:17:42,158 [Thread-384] INFO  impl.RaftServerImpl (RaftServerImpl.java:setRole(184)) - 704bfd07-5e75-419d-aba5-0f2927b551c8@group-445FCC6AD892: changes role from  FOLLOWER to CANDIDATE at term 0 for changeToCandidate
2019-10-17 08:17:42,158 [Thread-384] INFO  impl.RoleInfo (RoleInfo.java:updateAndGet(143)) - 704bfd07-5e75-419d-aba5-0f2927b551c8: start LeaderElection
2019-10-17 08:17:42,174 [704bfd07-5e75-419d-aba5-0f2927b551c8@group-445FCC6AD892-LeaderElection10] INFO  impl.LeaderElection (LeaderElection.java:askForVotes(178)) - 704bfd07-5e75-419d-aba5-0f2927b551c8@group-445FCC6AD892-LeaderElection10: begin an election at term 1 for -1: [704bfd07-5e75-419d-aba5-0f2927b551c8:192.168.34.62:33038, f164ec13-c99a-4402-99d5-4f3aeeeb4a39:192.168.34.62:44851, 99f6549c-1d76-4032-b481-991b9a8ccf89:192.168.34.62:46667], old=null
2019-10-17 08:17:42,184 [grpc-default-executor-1] INFO  impl.RaftServerImpl (RaftServerImpl.java:setRole(184)) - f164ec13-c99a-4402-99d5-4f3aeeeb4a39@group-445FCC6AD892: changes role from  FOLLOWER to FOLLOWER at term 1 for recognizeCandidate:704bfd07-5e75-419d-aba5-0f2927b551c8
2019-10-17 08:17:42,185 [grpc-default-executor-1] INFO  impl.RoleInfo (RoleInfo.java:shutdownFollowerState(121)) - f164ec13-c99a-4402-99d5-4f3aeeeb4a39: shutdown FollowerState
2019-10-17 08:17:42,186 [grpc-default-executor-1] INFO  impl.RoleInfo (RoleInfo.java:updateAndGet(143)) - f164ec13-c99a-4402-99d5-4f3aeeeb4a39: start FollowerState
2019-10-17 08:17:42,187 [grpc-default-executor-4] INFO  impl.RaftServerImpl (RaftServerImpl.java:setRole(184)) - 99f6549c-1d76-4032-b481-991b9a8ccf89@group-445FCC6AD892: changes role from  FOLLOWER to FOLLOWER at term 1 for recognizeCandidate:704bfd07-5e75-419d-aba5-0f2927b551c8
2019-10-17 08:17:42,186 [Thread-386] INFO  impl.FollowerState (FollowerState.java:run(117)) - f164ec13-c99a-4402-99d5-4f3aeeeb4a39@group-445FCC6AD892-FollowerState was interrupted: java.lang.InterruptedException: sleep interrupted
2019-10-17 08:17:42,188 [grpc-default-executor-4] INFO  impl.RoleInfo (RoleInfo.java:shutdownFollowerState(121)) - 99f6549c-1d76-4032-b481-991b9a8ccf89: shutdown FollowerState
2019-10-17 08:17:42,189 [grpc-default-executor-4] INFO  impl.RoleInfo (RoleInfo.java:updateAndGet(143)) - 99f6549c-1d76-4032-b481-991b9a8ccf89: start FollowerState
2019-10-17 08:17:42,189 [Thread-385] INFO  impl.FollowerState (FollowerState.java:run(117)) - 99f6549c-1d76-4032-b481-991b9a8ccf89@group-445FCC6AD892-FollowerState was interrupted: java.lang.InterruptedException: sleep interrupted
2019-10-17 08:17:42,207 [704bfd07-5e75-419d-aba5-0f2927b551c8@group-445FCC6AD892-LeaderElection10] INFO  impl.LeaderElection (LeaderElection.java:logAndReturn(56)) - 704bfd07-5e75-419d-aba5-0f2927b551c8@group-445FCC6AD892-LeaderElection10: Election PASSED; received 1 response(s) [704bfd07-5e75-419d-aba5-0f2927b551c8<-99f6549c-1d76-4032-b481-991b9a8ccf89#0:OK-t1] and 0 exception(s); 704bfd07-5e75-419d-aba5-0f2927b551c8@group-445FCC6AD892:t1, leader=null, voted=704bfd07-5e75-419d-aba5-0f2927b551c8, raftlog=704bfd07-5e75-419d-aba5-0f2927b551c8@group-445FCC6AD892-SegmentedRaftLog:OPENED:c-1,f-1,i0, conf=-1: [704bfd07-5e75-419d-aba5-0f2927b551c8:192.168.34.62:33038, f164ec13-c99a-4402-99d5-4f3aeeeb4a39:192.168.34.62:44851, 99f6549c-1d76-4032-b481-991b9a8ccf89:192.168.34.62:46667], old=null
2019-10-17 08:17:42,207 [704bfd07-5e75-419d-aba5-0f2927b551c8@group-445FCC6AD892-LeaderElection10] INFO  impl.RoleInfo (RoleInfo.java:shutdownLeaderElection(134)) - 704bfd07-5e75-419d-aba5-0f2927b551c8: shutdown LeaderElection
2019-10-17 08:17:42,207 [704bfd07-5e75-419d-aba5-0f2927b551c8@group-445FCC6AD892-LeaderElection10] INFO  impl.RaftServerImpl (RaftServerImpl.java:setRole(184)) - 704bfd07-5e75-419d-aba5-0f2927b551c8@group-445FCC6AD892: changes role from CANDIDATE to LEADER at term 1 for changeToLeader
2019-10-17 08:17:42,208 [704bfd07-5e75-419d-aba5-0f2927b551c8@group-445FCC6AD892-LeaderElection10] INFO  ratis.XceiverServerRatis (XceiverServerRatis.java:handleLeaderChangedNotification(699)) - Leader change notification received for group: group-445FCC6AD892 with new leaderId: 704bfd07-5e75-419d-aba5-0f2927b551c8
2019-10-17 08:17:42,209 [704bfd07-5e75-419d-aba5-0f2927b551c8@group-445FCC6AD892-LeaderElection10] INFO  impl.RaftServerImpl (ServerState.java:setLeader(256)) - 704bfd07-5e75-419d-aba5-0f2927b551c8@group-445FCC6AD892: change Leader from null to 704bfd07-5e75-419d-aba5-0f2927b551c8 at term 1 for becomeLeader, leader elected after 90ms
2019-10-17 08:17:42,209 [704bfd07-5e75-419d-aba5-0f2927b551c8@group-445FCC6AD892-LeaderElection10] INFO  server.RaftServerConfigKeys (ConfUtils.java:logGet(43)) - raft.server.staging.catchup.gap = 1000 (default)
2019-10-17 08:17:42,209 [704bfd07-5e75-419d-aba5-0f2927b551c8@group-445FCC6AD892-LeaderElection10] INFO  server.RaftServerConfigKeys (ConfUtils.java:logGet(43)) - raft.server.rpc.sleep.time = 25ms (default)
2019-10-17 08:17:42,209 [704bfd07-5e75-419d-aba5-0f2927b551c8@group-445FCC6AD892-LeaderElection10] INFO  server.RaftServerConfigKeys (ConfUtils.java:logGet(43)) - raft.server.write.element-limit = 4096 (default)
2019-10-17 08:17:42,210 [704bfd07-5e75-419d-aba5-0f2927b551c8@group-445FCC6AD892-LeaderElection10] INFO  server.RaftServerConfigKeys (ConfUtils.java:logGet(43)) - raft.server.watch.timeout = 10s (default)
2019-10-17 08:17:42,210 [704bfd07-5e75-419d-aba5-0f2927b551c8@group-445FCC6AD892-LeaderElection10] INFO  server.RaftServerConfigKeys (ConfUtils.java:logGet(43)) - raft.server.watch.timeout.denomination = 1s (default)
2019-10-17 08:17:42,210 [704bfd07-5e75-419d-aba5-0f2927b551c8@group-445FCC6AD892-LeaderElection10] INFO  server.RaftServerConfigKeys (ConfUtils.java:logGet(43)) - raft.server.watch.element-limit = 65536 (default)
2019-10-17 08:17:42,210 [EventQueue-PipelineReportForPipelineReportHandler] INFO  pipeline.PipelineReportHandler (PipelineReportHandler.java:processPipelineReport(119)) - Pipeline PipelineID=31037f13-46fc-4297-b457-445fcc6ad892 reported by 704bfd07-5e75-419d-aba5-0f2927b551c8{ip: 192.168.34.62, host: pr-hdds-1868-lzclr-202649289, networkLocation: /default-rack, certSerialId: null} with leaderId 704bfd07-5e75-419d-aba5-0f2927b551c8
2019-10-17 08:17:42,214 [704bfd07-5e75-419d-aba5-0f2927b551c8@group-445FCC6AD892-LeaderElection10] INFO  server.RaftServerConfigKeys (ConfUtils.java:logGet(43)) - raft.server.log.appender.snapshot.chunk.size.max = 16MB (=16777216) (default)
2019-10-17 08:17:42,214 [704bfd07-5e75-419d-aba5-0f2927b551c8@group-445FCC6AD892-LeaderElection10] INFO  server.RaftServerConfigKeys (ConfUtils.java:logGet(43)) - raft.server.log.appender.buffer.byte-limit = 33554432 (custom)
2019-10-17 08:17:42,214 [704bfd07-5e75-419d-aba5-0f2927b551c8@group-445FCC6AD892-LeaderElection10] INFO  server.RaftServerConfigKeys (ConfUtils.java:logGet(43)) - raft.server.log.appender.buffer.element-limit = 1 (custom)
2019-10-17 08:17:42,215 [704bfd07-5e75-419d-aba5-0f2927b551c8@group-445FCC6AD892-LeaderElection10] INFO  grpc.GrpcConfigKeys$Server (ConfUtils.java:logGet(43)) - raft.grpc.server.leader.outstanding.appends.max = 128 (default)
2019-10-17 08:17:42,215 [704bfd07-5e75-419d-aba5-0f2927b551c8@group-445FCC6AD892-LeaderElection10] INFO  server.RaftServerConfigKeys (ConfUtils.java:logGet(43)) - raft.server.rpc.request.timeout = 3000ms (default)
2019-10-17 08:17:42,215 [704bfd07-5e75-419d-aba5-0f2927b551c8@group-445FCC6AD892-LeaderElection10] INFO  server.RaftServerConfigKeys (ConfUtils.java:logGet(43)) - raft.server.log.appender.install.snapshot.enabled = false (custom)
2019-10-17 08:17:42,217 [704bfd07-5e75-419d-aba5-0f2927b551c8@group-445FCC6AD892-LeaderElection10] INFO  server.RaftServerConfigKeys (ConfUtils.java:logGet(43)) - raft.server.log.appender.snapshot.chunk.size.max = 16MB (=16777216) (default)
2019-10-17 08:17:42,217 [704bfd07-5e75-419d-aba5-0f2927b551c8@group-445FCC6AD892-LeaderElection10] INFO  server.RaftServerConfigKeys (ConfUtils.java:logGet(43)) - raft.server.log.appender.buffer.byte-limit = 33554432 (custom)
2019-10-17 08:17:42,217 [704bfd07-5e75-419d-aba5-0f2927b551c8@group-445FCC6AD892-LeaderElection10] INFO  server.RaftServerConfigKeys (ConfUtils.java:logGet(43)) - raft.server.log.appender.buffer.element-limit = 1 (custom)
2019-10-17 08:17:42,218 [704bfd07-5e75-419d-aba5-0f2927b551c8@group-445FCC6AD892-LeaderElection10] INFO  grpc.GrpcConfigKeys$Server (ConfUtils.java:logGet(43)) - raft.grpc.server.leader.outstanding.appends.max = 128 (default)
2019-10-17 08:17:42,218 [704bfd07-5e75-419d-aba5-0f2927b551c8@group-445FCC6AD892-LeaderElection10] INFO  server.RaftServerConfigKeys (ConfUtils.java:logGet(43)) - raft.server.rpc.request.timeout = 3000ms (default)
2019-10-17 08:17:42,218 [704bfd07-5e75-419d-aba5-0f2927b551c8@group-445FCC6AD892-LeaderElection10] INFO  server.RaftServerConfigKeys (ConfUtils.java:logGet(43)) - raft.server.log.appender.install.snapshot.enabled = false (custom)
2019-10-17 08:17:42,220 [704bfd07-5e75-419d-aba5-0f2927b551c8@group-445FCC6AD892-LeaderElection10] INFO  impl.RoleInfo (RoleInfo.java:updateAndGet(143)) - 704bfd07-5e75-419d-aba5-0f2927b551c8: start LeaderState
2019-10-17 08:17:42,221 [704bfd07-5e75-419d-aba5-0f2927b551c8@group-445FCC6AD892-LeaderElection10] INFO  segmented.SegmentedRaftLogWorker (SegmentedRaftLogWorker.java:startLogSegment(385)) - 704bfd07-5e75-419d-aba5-0f2927b551c8@group-445FCC6AD892-SegmentedRaftLogWorker: Starting segment from index:0
2019-10-17 08:17:42,222 [704bfd07-5e75-419d-aba5-0f2927b551c8@group-445FCC6AD892-LeaderElection10] INFO  impl.RaftServerImpl (ServerState.java:setRaftConf(357)) - 704bfd07-5e75-419d-aba5-0f2927b551c8@group-445FCC6AD892: set configuration 0: [704bfd07-5e75-419d-aba5-0f2927b551c8:192.168.34.62:33038, f164ec13-c99a-4402-99d5-4f3aeeeb4a39:192.168.34.62:44851, 99f6549c-1d76-4032-b481-991b9a8ccf89:192.168.34.62:46667], old=null at 0
2019-10-17 08:17:42,259 [grpc-default-executor-1] INFO  ratis.XceiverServerRatis (XceiverServerRatis.java:handleLeaderChangedNotification(699)) - Leader change notification received for group: group-445FCC6AD892 with new leaderId: 704bfd07-5e75-419d-aba5-0f2927b551c8
2019-10-17 08:17:42,259 [grpc-default-executor-4] INFO  ratis.XceiverServerRatis (XceiverServerRatis.java:handleLeaderChangedNotification(699)) - Leader change notification received for group: group-445FCC6AD892 with new leaderId: 704bfd07-5e75-419d-aba5-0f2927b551c8
2019-10-17 08:17:42,259 [grpc-default-executor-1] INFO  impl.RaftServerImpl (ServerState.java:setLeader(256)) - f164ec13-c99a-4402-99d5-4f3aeeeb4a39@group-445FCC6AD892: change Leader from null to 704bfd07-5e75-419d-aba5-0f2927b551c8 at term 1 for appendEntries, leader elected after 140ms
2019-10-17 08:17:42,260 [grpc-default-executor-4] INFO  impl.RaftServerImpl (ServerState.java:setLeader(256)) - 99f6549c-1d76-4032-b481-991b9a8ccf89@group-445FCC6AD892: change Leader from null to 704bfd07-5e75-419d-aba5-0f2927b551c8 at term 1 for appendEntries, leader elected after 140ms
2019-10-17 08:17:42,264 [EventQueue-PipelineReportForPipelineReportHandler] INFO  pipeline.PipelineReportHandler (PipelineReportHandler.java:processPipelineReport(119)) - Pipeline PipelineID=31037f13-46fc-4297-b457-445fcc6ad892 reported by f164ec13-c99a-4402-99d5-4f3aeeeb4a39{ip: 192.168.34.62, host: pr-hdds-1868-lzclr-202649289, networkLocation: /default-rack, certSerialId: null} with leaderId 704bfd07-5e75-419d-aba5-0f2927b551c8
2019-10-17 08:17:42,265 [EventQueue-PipelineReportForPipelineReportHandler] INFO  pipeline.PipelineReportHandler (PipelineReportHandler.java:processPipelineReport(119)) - Pipeline PipelineID=31037f13-46fc-4297-b457-445fcc6ad892 reported by 99f6549c-1d76-4032-b481-991b9a8ccf89{ip: 192.168.34.62, host: pr-hdds-1868-lzclr-202649289, networkLocation: /default-rack, certSerialId: null} with leaderId 704bfd07-5e75-419d-aba5-0f2927b551c8
2019-10-17 08:17:42,265 [EventQueue-PipelineReportForPipelineReportHandler] INFO  pipeline.PipelineStateManager (PipelineStateManager.java:openPipeline(134)) - Pipeline Pipeline[ Id: 31037f13-46fc-4297-b457-445fcc6ad892, Nodes: 99f6549c-1d76-4032-b481-991b9a8ccf89{ip: 192.168.34.62, host: pr-hdds-1868-lzclr-202649289, networkLocation: /default-rack, certSerialId: null}f164ec13-c99a-4402-99d5-4f3aeeeb4a39{ip: 192.168.34.62, host: pr-hdds-1868-lzclr-202649289, networkLocation: /default-rack, certSerialId: null}704bfd07-5e75-419d-aba5-0f2927b551c8{ip: 192.168.34.62, host: pr-hdds-1868-lzclr-202649289, networkLocation: /default-rack, certSerialId: null}, Type:RATIS, Factor:THREE, State:OPEN] moved to OPEN state
2019-10-17 08:17:42,267 [grpc-default-executor-4] INFO  impl.RaftServerImpl (ServerState.java:setRaftConf(357)) - f164ec13-c99a-4402-99d5-4f3aeeeb4a39@group-445FCC6AD892: set configuration 0: [704bfd07-5e75-419d-aba5-0f2927b551c8:192.168.34.62:33038, f164ec13-c99a-4402-99d5-4f3aeeeb4a39:192.168.34.62:44851, 99f6549c-1d76-4032-b481-991b9a8ccf89:192.168.34.62:46667], old=null at 0
2019-10-17 08:17:42,267 [grpc-default-executor-4] INFO  segmented.SegmentedRaftLogWorker (SegmentedRaftLogWorker.java:startLogSegment(385)) - f164ec13-c99a-4402-99d5-4f3aeeeb4a39@group-445FCC6AD892-SegmentedRaftLogWorker: Starting segment from index:0
2019-10-17 08:17:42,268 [grpc-default-executor-1] INFO  impl.RaftServerImpl (ServerState.java:setRaftConf(357)) - 99f6549c-1d76-4032-b481-991b9a8ccf89@group-445FCC6AD892: set configuration 0: [704bfd07-5e75-419d-aba5-0f2927b551c8:192.168.34.62:33038, f164ec13-c99a-4402-99d5-4f3aeeeb4a39:192.168.34.62:44851, 99f6549c-1d76-4032-b481-991b9a8ccf89:192.168.34.62:46667], old=null at 0
2019-10-17 08:17:42,269 [704bfd07-5e75-419d-aba5-0f2927b551c8@group-445FCC6AD892-SegmentedRaftLogWorker] INFO  segmented.SegmentedRaftLogWorker (SegmentedRaftLogWorker.java:execute(576)) - 704bfd07-5e75-419d-aba5-0f2927b551c8@group-445FCC6AD892-SegmentedRaftLogWorker: created new log segment /workdir/hadoop-ozone/tools/target/test-dir/MiniOzoneClusterImpl-b67644f0-1a86-45e5-a341-3f7404ab54fa/datanode-1/data/ratis/31037f13-46fc-4297-b457-445fcc6ad892/current/log_inprogress_0
2019-10-17 08:17:42,269 [grpc-default-executor-1] INFO  segmented.SegmentedRaftLogWorker (SegmentedRaftLogWorker.java:startLogSegment(385)) - 99f6549c-1d76-4032-b481-991b9a8ccf89@group-445FCC6AD892-SegmentedRaftLogWorker: Starting segment from index:0
2019-10-17 08:17:42,321 [99f6549c-1d76-4032-b481-991b9a8ccf89@group-445FCC6AD892-SegmentedRaftLogWorker] INFO  segmented.SegmentedRaftLogWorker (SegmentedRaftLogWorker.java:execute(576)) - 99f6549c-1d76-4032-b481-991b9a8ccf89@group-445FCC6AD892-SegmentedRaftLogWorker: created new log segment /workdir/hadoop-ozone/tools/target/test-dir/MiniOzoneClusterImpl-b67644f0-1a86-45e5-a341-3f7404ab54fa/datanode-4/data/ratis/31037f13-46fc-4297-b457-445fcc6ad892/current/log_inprogress_0
2019-10-17 08:17:42,321 [f164ec13-c99a-4402-99d5-4f3aeeeb4a39@group-445FCC6AD892-SegmentedRaftLogWorker] INFO  segmented.SegmentedRaftLogWorker (SegmentedRaftLogWorker.java:execute(576)) - f164ec13-c99a-4402-99d5-4f3aeeeb4a39@group-445FCC6AD892-SegmentedRaftLogWorker: created new log segment /workdir/hadoop-ozone/tools/target/test-dir/MiniOzoneClusterImpl-b67644f0-1a86-45e5-a341-3f7404ab54fa/datanode-2/data/ratis/31037f13-46fc-4297-b457-445fcc6ad892/current/log_inprogress_0
 0.00% |?                                                                                                    |  0/1 Time: 0:01:082019-10-17 08:17:43,054 [pool-73-thread-3] WARN  io.KeyOutputStream (KeyOutputStream.java:handleException(274)) - Encountered exception java.io.IOException: Unexpected Storage Container Exception: java.util.concurrent.CompletionException: java.util.concurrent.CompletionException: org.apache.ratis.protocol.GroupMismatchException: 704bfd07-5e75-419d-aba5-0f2927b551c8: group-5B3995F2DCEF not found. on the pipeline Pipeline[ Id: 7c282f5e-2f29-4a4a-be10-5b3995f2dcef, Nodes: 99f6549c-1d76-4032-b481-991b9a8ccf89{ip: 192.168.34.62, host: pr-hdds-1868-lzclr-202649289, networkLocation: /default-rack, certSerialId: null}f164ec13-c99a-4402-99d5-4f3aeeeb4a39{ip: 192.168.34.62, host: pr-hdds-1868-lzclr-202649289, networkLocation: /default-rack, certSerialId: null}704bfd07-5e75-419d-aba5-0f2927b551c8{ip: 192.168.34.62, host: pr-hdds-1868-lzclr-202649289, networkLocation: /default-rack, certSerialId: null}, Type:RATIS, Factor:THREE, State:OPEN]. The last committed block length is 0, uncommitted data length is 2097152 retry count 0
2019-10-17 08:17:43,268 [pool-36-thread-2] ERROR impl.ChunkManagerImpl (ChunkManagerDummyImpl.java:writeChunk(86)) - data array does not match the length specified. DataLen: 1048576 Byte Array: 1048744
2019-10-17 08:17:43,270 [pool-36-thread-2] ERROR impl.ChunkManagerDummyImpl (ChunkManagerDummyImpl.java:writeChunk(105)) - write data failed. error: {}
org.apache.hadoop.hdds.scm.container.common.helpers.StorageContainerException: data array does not match the length specified. DataLen: 1048576 Byte Array: 1048744
	at org.apache.hadoop.ozone.container.keyvalue.impl.ChunkManagerDummyImpl.writeChunk(ChunkManagerDummyImpl.java:87)
	at org.apache.hadoop.ozone.container.keyvalue.KeyValueHandler.handleWriteChunk(KeyValueHandler.java:696)
	at org.apache.hadoop.ozone.container.keyvalue.KeyValueHandler.handle(KeyValueHandler.java:176)
	at org.apache.hadoop.ozone.container.common.impl.HddsDispatcher.dispatchRequest(HddsDispatcher.java:277)
	at org.apache.hadoop.ozone.container.common.impl.HddsDispatcher.dispatch(HddsDispatcher.java:150)
	at org.apache.hadoop.ozone.container.common.transport.server.ratis.ContainerStateMachine.dispatchCommand(ContainerStateMachine.java:415)
	at org.apache.hadoop.ozone.container.common.transport.server.ratis.ContainerStateMachine.runCommand(ContainerStateMachine.java:425)
	at org.apache.hadoop.ozone.container.common.transport.server.ratis.ContainerStateMachine.lambda$handleWriteChunk$1(ContainerStateMachine.java:460)
	at java.util.concurrent.CompletableFuture$AsyncSupply.run(CompletableFuture.java:1590)
	at java.util.concurrent.ThreadPoolExecutor.runWorker(ThreadPoolExecutor.java:1149)
	at java.util.concurrent.ThreadPoolExecutor$Worker.run(ThreadPoolExecutor.java:624)
	at java.lang.Thread.run(Thread.java:748)
2019-10-17 08:17:43,272 [pool-36-thread-2] INFO  keyvalue.KeyValueHandler (ContainerUtils.java:logAndReturnError(146)) - Operation: WriteChunk : Trace ID: 5bea7c8e0058d72b:ba811e1545e1e4bd:936fa9ea6c698ce:0 : Message: Internal error:  : Result: CONTAINER_INTERNAL_ERROR
2019-10-17 08:17:43,292 [EventQueue-IncrementalContainerReportForIncrementalContainerReportHandler] WARN  container.IncrementalContainerReportHandler (AbstractContainerReportHandler.java:updateContainerState(145)) - Container #4 is in OPEN state, but the datanode 704bfd07-5e75-419d-aba5-0f2927b551c8{ip: 192.168.34.62, host: pr-hdds-1868-lzclr-202649289, networkLocation: /default-rack, certSerialId: null} reports an UNHEALTHY replica.
2019-10-17 08:17:43,294 [EventQueue-CloseContainerForCloseContainerEventHandler] INFO  container.CloseContainerEventHandler (CloseContainerEventHandler.java:onMessage(61)) - Close container Event triggered for container : #4
08:17:43.292 [pool-36-thread-2] ERROR DNAudit - user=null | ip=null | op=WRITE_CHUNK {blockData=conID: 4 locID: 102976734041604102 bcsId: 0} | ret=FAILURE
java.lang.Exception: Internal error: 
	at org.apache.hadoop.ozone.container.common.impl.HddsDispatcher.dispatchRequest(HddsDispatcher.java:332) ~[hadoop-hdds-container-service-0.5.0-SNAPSHOT.jar:?]
	at org.apache.hadoop.ozone.container.common.impl.HddsDispatcher.dispatch(HddsDispatcher.java:150) ~[hadoop-hdds-container-service-0.5.0-SNAPSHOT.jar:?]
	at org.apache.hadoop.ozone.container.common.transport.server.ratis.ContainerStateMachine.dispatchCommand(ContainerStateMachine.java:415) ~[hadoop-hdds-container-service-0.5.0-SNAPSHOT.jar:?]
	at org.apache.hadoop.ozone.container.common.transport.server.ratis.ContainerStateMachine.runCommand(ContainerStateMachine.java:425) ~[hadoop-hdds-container-service-0.5.0-SNAPSHOT.jar:?]
	at org.apache.hadoop.ozone.container.common.transport.server.ratis.ContainerStateMachine.lambda$handleWriteChunk$1(ContainerStateMachine.java:460) ~[hadoop-hdds-container-service-0.5.0-SNAPSHOT.jar:?]
	at java.util.concurrent.CompletableFuture$AsyncSupply.run(CompletableFuture.java:1590) [?:1.8.0_222]
	at java.util.concurrent.ThreadPoolExecutor.runWorker(ThreadPoolExecutor.java:1149) [?:1.8.0_222]
	at java.util.concurrent.ThreadPoolExecutor$Worker.run(ThreadPoolExecutor.java:624) [?:1.8.0_222]
	at java.lang.Thread.run(Thread.java:748) [?:1.8.0_222]
2019-10-17 08:17:43,294 [pool-36-thread-2] ERROR ratis.ContainerStateMachine (ContainerStateMachine.java:lambda$handleWriteChunk$2(482)) - group-445FCC6AD892: writeChunk writeStateMachineData failed: blockIdcontainerID: 4
localID: 102976734041604102
blockCommitSequenceId: 0
 logIndex 1 chunkName 102976734041604102_chunk_1 Error message: Internal error:  Container Result: CONTAINER_INTERNAL_ERROR
2019-10-17 08:17:43,296 [704bfd07-5e75-419d-aba5-0f2927b551c8@group-445FCC6AD892-SegmentedRaftLogWorker] ERROR ratis.XceiverServerRatis (XceiverServerRatis.java:triggerPipelineClose(588)) - pipeline Action CLOSE  on pipeline PipelineID=31037f13-46fc-4297-b457-445fcc6ad892.Reason : Internal error: 
2019-10-17 08:17:43,297 [EventQueue-PipelineActionsForPipelineActionHandler] ERROR pipeline.PipelineActionHandler (PipelineActionHandler.java:onMessage(60)) - Received pipeline action CLOSE for Pipeline[ Id: 31037f13-46fc-4297-b457-445fcc6ad892, Nodes: 99f6549c-1d76-4032-b481-991b9a8ccf89{ip: 192.168.34.62, host: pr-hdds-1868-lzclr-202649289, networkLocation: /default-rack, certSerialId: null}f164ec13-c99a-4402-99d5-4f3aeeeb4a39{ip: 192.168.34.62, host: pr-hdds-1868-lzclr-202649289, networkLocation: /default-rack, certSerialId: null}704bfd07-5e75-419d-aba5-0f2927b551c8{ip: 192.168.34.62, host: pr-hdds-1868-lzclr-202649289, networkLocation: /default-rack, certSerialId: null}, Type:RATIS, Factor:THREE, State:OPEN] from datanode 704bfd07-5e75-419d-aba5-0f2927b551c8{ip: 192.168.34.62, host: pr-hdds-1868-lzclr-202649289, networkLocation: /default-rack, certSerialId: null}. Reason : Internal error: 
2019-10-17 08:17:43,297 [EventQueue-PipelineActionsForPipelineActionHandler] INFO  pipeline.SCMPipelineManager (SCMPipelineManager.java:finalizeAndDestroyPipeline(315)) - destroying pipeline:Pipeline[ Id: 31037f13-46fc-4297-b457-445fcc6ad892, Nodes: 99f6549c-1d76-4032-b481-991b9a8ccf89{ip: 192.168.34.62, host: pr-hdds-1868-lzclr-202649289, networkLocation: /default-rack, certSerialId: null}f164ec13-c99a-4402-99d5-4f3aeeeb4a39{ip: 192.168.34.62, host: pr-hdds-1868-lzclr-202649289, networkLocation: /default-rack, certSerialId: null}704bfd07-5e75-419d-aba5-0f2927b551c8{ip: 192.168.34.62, host: pr-hdds-1868-lzclr-202649289, networkLocation: /default-rack, certSerialId: null}, Type:RATIS, Factor:THREE, State:OPEN]
2019-10-17 08:17:43,297 [EventQueue-PipelineActionsForPipelineActionHandler] INFO  pipeline.PipelineStateManager (PipelineStateManager.java:finalizePipeline(121)) - Pipeline Pipeline[ Id: 31037f13-46fc-4297-b457-445fcc6ad892, Nodes: 99f6549c-1d76-4032-b481-991b9a8ccf89{ip: 192.168.34.62, host: pr-hdds-1868-lzclr-202649289, networkLocation: /default-rack, certSerialId: null}f164ec13-c99a-4402-99d5-4f3aeeeb4a39{ip: 192.168.34.62, host: pr-hdds-1868-lzclr-202649289, networkLocation: /default-rack, certSerialId: null}704bfd07-5e75-419d-aba5-0f2927b551c8{ip: 192.168.34.62, host: pr-hdds-1868-lzclr-202649289, networkLocation: /default-rack, certSerialId: null}, Type:RATIS, Factor:THREE, State:CLOSED] moved to CLOSED state
2019-10-17 08:17:43,305 [704bfd07-5e75-419d-aba5-0f2927b551c8@group-445FCC6AD892-SegmentedRaftLogWorker] ERROR ratis.XceiverServerRatis (XceiverServerRatis.java:triggerPipelineClose(588)) - pipeline Action CLOSE  on pipeline PipelineID=31037f13-46fc-4297-b457-445fcc6ad892.Reason : Log already failed at index 1 for task WriteLog:1: (t:1, i:1), STATEMACHINELOGENTRY, client-8ECF20554F07, cid=18
2019-10-17 08:17:43,308 [EventQueue-PipelineActionsForPipelineActionHandler] ERROR pipeline.PipelineActionHandler (PipelineActionHandler.java:onMessage(60)) - Received pipeline action CLOSE for Pipeline[ Id: 31037f13-46fc-4297-b457-445fcc6ad892, Nodes: 99f6549c-1d76-4032-b481-991b9a8ccf89{ip: 192.168.34.62, host: pr-hdds-1868-lzclr-202649289, networkLocation: /default-rack, certSerialId: null}f164ec13-c99a-4402-99d5-4f3aeeeb4a39{ip: 192.168.34.62, host: pr-hdds-1868-lzclr-202649289, networkLocation: /default-rack, certSerialId: null}704bfd07-5e75-419d-aba5-0f2927b551c8{ip: 192.168.34.62, host: pr-hdds-1868-lzclr-202649289, networkLocation: /default-rack, certSerialId: null}, Type:RATIS, Factor:THREE, State:CLOSED] from datanode 704bfd07-5e75-419d-aba5-0f2927b551c8{ip: 192.168.34.62, host: pr-hdds-1868-lzclr-202649289, networkLocation: /default-rack, certSerialId: null}. Reason : Log already failed at index 1 for task WriteLog:1: (t:1, i:1), STATEMACHINELOGENTRY, client-8ECF20554F07, cid=18
2019-10-17 08:17:43,313 [EventQueue-PipelineActionsForPipelineActionHandler] INFO  pipeline.SCMPipelineManager (SCMPipelineManager.java:finalizeAndDestroyPipeline(315)) - destroying pipeline:Pipeline[ Id: 31037f13-46fc-4297-b457-445fcc6ad892, Nodes: 99f6549c-1d76-4032-b481-991b9a8ccf89{ip: 192.168.34.62, host: pr-hdds-1868-lzclr-202649289, networkLocation: /default-rack, certSerialId: null}f164ec13-c99a-4402-99d5-4f3aeeeb4a39{ip: 192.168.34.62, host: pr-hdds-1868-lzclr-202649289, networkLocation: /default-rack, certSerialId: null}704bfd07-5e75-419d-aba5-0f2927b551c8{ip: 192.168.34.62, host: pr-hdds-1868-lzclr-202649289, networkLocation: /default-rack, certSerialId: null}, Type:RATIS, Factor:THREE, State:CLOSED]
 0.00% |?                                                                                                    |  0/1 Time: 0:01:09 0.00% |?                                                                                                    |  0/1 Time: 0:01:10 0.00% |?                                                                                                    |  0/1 Time: 0:01:11 0.00% |?                                                                                                    |  0/1 Time: 0:01:12 0.00% |?                                                                                                    |  0/1 Time: 0:01:13 0.00% |?                                                                                                    |  0/1 Time: 0:01:14 0.00% |?                                                                                                    |  0/1 Time: 0:01:15 0.00% |?                                                                                                    |  0/1 Time: 0:01:16 0.00% |?                                                                                                    |  0/1 Time: 0:01:17 0.00% |?                                                                                                    |  0/1 Time: 0:01:18 0.00% |?                                                                                                    |  0/1 Time: 0:01:19 0.00% |?                                                                                                    |  0/1 Time: 0:01:20 0.00% |?                                                                                                    |  0/1 Time: 0:01:21 0.00% |?                                                                                                    |  0/1 Time: 0:01:22 0.00% |?                                                                                                    |  0/1 Time: 0:01:23 0.00% |?                                                                                                    |  0/1 Time: 0:01:24 0.00% |?                                                                                                    |  0/1 Time: 0:01:25 0.00% |?                                                                                                    |  0/1 Time: 0:01:26 0.00% |?                                                                                                    |  0/1 Time: 0:01:27 0.00% |?                                                                                                    |  0/1 Time: 0:01:28 0.00% |?                                                                                                    |  0/1 Time: 0:01:29 0.00% |?                                                                                                    |  0/1 Time: 0:01:30 0.00% |?                                                                                                    |  0/1 Time: 0:01:31 0.00% |?                                                                                                    |  0/1 Time: 0:01:32 0.00% |?                                                                                                    |  0/1 Time: 0:01:33 0.00% |?                                                                                                    |  0/1 Time: 0:01:34 0.00% |?                                                                                                    |  0/1 Time: 0:01:35 0.00% |?                                                                                                    |  0/1 Time: 0:01:36 0.00% |?                                                                                                    |  0/1 Time: 0:01:37 0.00% |?                                                                                                    |  0/1 Time: 0:01:38 0.00% |?                                                                                                    |  0/1 Time: 0:01:39 0.00% |?                                                                                                    |  0/1 Time: 0:01:40 0.00% |?                                                                                                    |  0/1 Time: 0:01:41 0.00% |?                                                                                                    |  0/1 Time: 0:01:42 0.00% |?                                                                                                    |  0/1 Time: 0:01:43 0.00% |?                                                                                                    |  0/1 Time: 0:01:44 0.00% |?                                                                                                    |  0/1 Time: 0:01:45 0.00% |?                                                                                                    |  0/1 Time: 0:01:46 0.00% |?                                                                                                    |  0/1 Time: 0:01:47 0.00% |?                                                                                                    |  0/1 Time: 0:01:48 0.00% |?                                                                                                    |  0/1 Time: 0:01:49 0.00% |?                                                                                                    |  0/1 Time: 0:01:50 0.00% |?                                                                                                    |  0/1 Time: 0:01:51 0.00% |?                                                                                                    |  0/1 Time: 0:01:52 0.00% |?                                                                                                    |  0/1 Time: 0:01:53 0.00% |?                                                                                                    |  0/1 Time: 0:01:54 0.00% |?                                                                                                    |  0/1 Time: 0:01:55 0.00% |?                                                                                                    |  0/1 Time: 0:01:56 0.00% |?                                                                                                    |  0/1 Time: 0:01:572019-10-17 08:18:32,667 [grpc-default-executor-7] INFO  impl.RaftServerProxy (RaftServerProxy.java:addNew(89)) - 99f6549c-1d76-4032-b481-991b9a8ccf89: addNew group-413E5FE1188A:[704bfd07-5e75-419d-aba5-0f2927b551c8:192.168.34.62:33038, f164ec13-c99a-4402-99d5-4f3aeeeb4a39:192.168.34.62:44851, 99f6549c-1d76-4032-b481-991b9a8ccf89:192.168.34.62:46667] returns group-413E5FE1188A:java.util.concurrent.CompletableFuture@3f86d987[Not completed]
2019-10-17 08:18:32,669 [grpc-default-executor-4] INFO  impl.RaftServerProxy (RaftServerProxy.java:addNew(89)) - f164ec13-c99a-4402-99d5-4f3aeeeb4a39: addNew group-413E5FE1188A:[704bfd07-5e75-419d-aba5-0f2927b551c8:192.168.34.62:33038, f164ec13-c99a-4402-99d5-4f3aeeeb4a39:192.168.34.62:44851, 99f6549c-1d76-4032-b481-991b9a8ccf89:192.168.34.62:46667] returns group-413E5FE1188A:java.util.concurrent.CompletableFuture@11ee236e[Not completed]
2019-10-17 08:18:32,668 [grpc-default-executor-1] INFO  impl.RaftServerProxy (RaftServerProxy.java:addNew(89)) - 704bfd07-5e75-419d-aba5-0f2927b551c8: addNew group-413E5FE1188A:[704bfd07-5e75-419d-aba5-0f2927b551c8:192.168.34.62:33038, f164ec13-c99a-4402-99d5-4f3aeeeb4a39:192.168.34.62:44851, 99f6549c-1d76-4032-b481-991b9a8ccf89:192.168.34.62:46667] returns group-413E5FE1188A:java.util.concurrent.CompletableFuture@184116f0[Not completed]
2019-10-17 08:18:32,672 [pool-37-thread-1] INFO  impl.RaftServerImpl (RaftServerImpl.java:<init>(104)) - 704bfd07-5e75-419d-aba5-0f2927b551c8: new RaftServerImpl for group-413E5FE1188A:[704bfd07-5e75-419d-aba5-0f2927b551c8:192.168.34.62:33038, f164ec13-c99a-4402-99d5-4f3aeeeb4a39:192.168.34.62:44851, 99f6549c-1d76-4032-b481-991b9a8ccf89:192.168.34.62:46667] with ContainerStateMachine:uninitialized
2019-10-17 08:18:32,672 [pool-37-thread-1] INFO  server.RaftServerConfigKeys (ConfUtils.java:logGet(43)) - raft.server.rpc.timeout.min = 5s (custom)
2019-10-17 08:18:32,672 [pool-37-thread-1] INFO  server.RaftServerConfigKeys (ConfUtils.java:logGet(43)) - raft.server.rpc.timeout.max = 5200ms (custom)
2019-10-17 08:18:32,673 [pool-37-thread-1] INFO  server.RaftServerConfigKeys (ConfUtils.java:logGet(43)) - raft.server.rpcslowness.timeout = 120s (custom)
2019-10-17 08:18:32,673 [pool-37-thread-1] INFO  server.RaftServerConfigKeys (ConfUtils.java:logGet(43)) - raft.server.sleep.deviation.threshold = 300 (default)
2019-10-17 08:18:32,673 [pool-37-thread-1] INFO  server.RaftServerConfigKeys (ConfUtils.java:logGet(43)) - raft.server.log.appender.install.snapshot.enabled = false (custom)
2019-10-17 08:18:32,673 [pool-37-thread-1] INFO  impl.RaftServerImpl (ServerState.java:<init>(103)) - 704bfd07-5e75-419d-aba5-0f2927b551c8@group-413E5FE1188A: ConfigurationManager, init=-1: [704bfd07-5e75-419d-aba5-0f2927b551c8:192.168.34.62:33038, f164ec13-c99a-4402-99d5-4f3aeeeb4a39:192.168.34.62:44851, 99f6549c-1d76-4032-b481-991b9a8ccf89:192.168.34.62:46667], old=null, confs=<EMPTY_MAP>
2019-10-17 08:18:32,673 [pool-47-thread-1] INFO  impl.RaftServerImpl (RaftServerImpl.java:<init>(104)) - f164ec13-c99a-4402-99d5-4f3aeeeb4a39: new RaftServerImpl for group-413E5FE1188A:[704bfd07-5e75-419d-aba5-0f2927b551c8:192.168.34.62:33038, f164ec13-c99a-4402-99d5-4f3aeeeb4a39:192.168.34.62:44851, 99f6549c-1d76-4032-b481-991b9a8ccf89:192.168.34.62:46667] with ContainerStateMachine:uninitialized
2019-10-17 08:18:32,673 [pool-37-thread-1] INFO  server.RaftServerConfigKeys (ConfUtils.java:logGet(43)) - raft.server.storage.dir = [/workdir/hadoop-ozone/tools/target/test-dir/MiniOzoneClusterImpl-b67644f0-1a86-45e5-a341-3f7404ab54fa/datanode-1/data/ratis] (custom)
2019-10-17 08:18:32,673 [pool-47-thread-1] INFO  server.RaftServerConfigKeys (ConfUtils.java:logGet(43)) - raft.server.rpc.timeout.min = 5s (custom)
2019-10-17 08:18:32,674 [pool-37-thread-1] INFO  server.RaftServerConfigKeys (ConfUtils.java:logGet(43)) - raft.server.log.corruption.policy = EXCEPTION (default)
2019-10-17 08:18:32,674 [pool-47-thread-1] INFO  server.RaftServerConfigKeys (ConfUtils.java:logGet(43)) - raft.server.rpc.timeout.max = 5200ms (custom)
2019-10-17 08:18:32,674 [pool-47-thread-1] INFO  server.RaftServerConfigKeys (ConfUtils.java:logGet(43)) - raft.server.rpcslowness.timeout = 120s (custom)
2019-10-17 08:18:32,674 [pool-37-thread-1] INFO  storage.RaftStorageDirectory (RaftStorageDirectory.java:analyzeStorage(246)) - The storage directory /workdir/hadoop-ozone/tools/target/test-dir/MiniOzoneClusterImpl-b67644f0-1a86-45e5-a341-3f7404ab54fa/datanode-1/data/ratis/9cc71773-d836-469d-9362-413e5fe1188a does not exist. Creating ...
2019-10-17 08:18:32,674 [pool-67-thread-1] INFO  impl.RaftServerImpl (RaftServerImpl.java:<init>(104)) - 99f6549c-1d76-4032-b481-991b9a8ccf89: new RaftServerImpl for group-413E5FE1188A:[704bfd07-5e75-419d-aba5-0f2927b551c8:192.168.34.62:33038, f164ec13-c99a-4402-99d5-4f3aeeeb4a39:192.168.34.62:44851, 99f6549c-1d76-4032-b481-991b9a8ccf89:192.168.34.62:46667] with ContainerStateMachine:uninitialized
2019-10-17 08:18:32,674 [pool-47-thread-1] INFO  server.RaftServerConfigKeys (ConfUtils.java:logGet(43)) - raft.server.sleep.deviation.threshold = 300 (default)
2019-10-17 08:18:32,674 [pool-67-thread-1] INFO  server.RaftServerConfigKeys (ConfUtils.java:logGet(43)) - raft.server.rpc.timeout.min = 5s (custom)
2019-10-17 08:18:32,674 [pool-47-thread-1] INFO  server.RaftServerConfigKeys (ConfUtils.java:logGet(43)) - raft.server.log.appender.install.snapshot.enabled = false (custom)
2019-10-17 08:18:32,674 [pool-67-thread-1] INFO  server.RaftServerConfigKeys (ConfUtils.java:logGet(43)) - raft.server.rpc.timeout.max = 5200ms (custom)
2019-10-17 08:18:32,675 [pool-47-thread-1] INFO  impl.RaftServerImpl (ServerState.java:<init>(103)) - f164ec13-c99a-4402-99d5-4f3aeeeb4a39@group-413E5FE1188A: ConfigurationManager, init=-1: [704bfd07-5e75-419d-aba5-0f2927b551c8:192.168.34.62:33038, f164ec13-c99a-4402-99d5-4f3aeeeb4a39:192.168.34.62:44851, 99f6549c-1d76-4032-b481-991b9a8ccf89:192.168.34.62:46667], old=null, confs=<EMPTY_MAP>
2019-10-17 08:18:32,675 [pool-67-thread-1] INFO  server.RaftServerConfigKeys (ConfUtils.java:logGet(43)) - raft.server.rpcslowness.timeout = 120s (custom)
2019-10-17 08:18:32,675 [pool-47-thread-1] INFO  server.RaftServerConfigKeys (ConfUtils.java:logGet(43)) - raft.server.storage.dir = [/workdir/hadoop-ozone/tools/target/test-dir/MiniOzoneClusterImpl-b67644f0-1a86-45e5-a341-3f7404ab54fa/datanode-2/data/ratis] (custom)
2019-10-17 08:18:32,675 [pool-67-thread-1] INFO  server.RaftServerConfigKeys (ConfUtils.java:logGet(43)) - raft.server.sleep.deviation.threshold = 300 (default)
2019-10-17 08:18:32,675 [pool-67-thread-1] INFO  server.RaftServerConfigKeys (ConfUtils.java:logGet(43)) - raft.server.log.appender.install.snapshot.enabled = false (custom)
2019-10-17 08:18:32,675 [pool-47-thread-1] INFO  server.RaftServerConfigKeys (ConfUtils.java:logGet(43)) - raft.server.log.corruption.policy = EXCEPTION (default)
2019-10-17 08:18:32,675 [pool-67-thread-1] INFO  impl.RaftServerImpl (ServerState.java:<init>(103)) - 99f6549c-1d76-4032-b481-991b9a8ccf89@group-413E5FE1188A: ConfigurationManager, init=-1: [704bfd07-5e75-419d-aba5-0f2927b551c8:192.168.34.62:33038, f164ec13-c99a-4402-99d5-4f3aeeeb4a39:192.168.34.62:44851, 99f6549c-1d76-4032-b481-991b9a8ccf89:192.168.34.62:46667], old=null, confs=<EMPTY_MAP>
2019-10-17 08:18:32,675 [pool-47-thread-1] INFO  storage.RaftStorageDirectory (RaftStorageDirectory.java:analyzeStorage(246)) - The storage directory /workdir/hadoop-ozone/tools/target/test-dir/MiniOzoneClusterImpl-b67644f0-1a86-45e5-a341-3f7404ab54fa/datanode-2/data/ratis/9cc71773-d836-469d-9362-413e5fe1188a does not exist. Creating ...
2019-10-17 08:18:32,675 [pool-67-thread-1] INFO  server.RaftServerConfigKeys (ConfUtils.java:logGet(43)) - raft.server.storage.dir = [/workdir/hadoop-ozone/tools/target/test-dir/MiniOzoneClusterImpl-b67644f0-1a86-45e5-a341-3f7404ab54fa/datanode-4/data/ratis] (custom)
2019-10-17 08:18:32,676 [pool-67-thread-1] INFO  server.RaftServerConfigKeys (ConfUtils.java:logGet(43)) - raft.server.log.corruption.policy = EXCEPTION (default)
2019-10-17 08:18:32,676 [pool-67-thread-1] INFO  storage.RaftStorageDirectory (RaftStorageDirectory.java:analyzeStorage(246)) - The storage directory /workdir/hadoop-ozone/tools/target/test-dir/MiniOzoneClusterImpl-b67644f0-1a86-45e5-a341-3f7404ab54fa/datanode-4/data/ratis/9cc71773-d836-469d-9362-413e5fe1188a does not exist. Creating ...
2019-10-17 08:18:32,689 [pool-37-thread-1] INFO  storage.RaftStorageDirectory (RaftStorageDirectory.java:tryLock(328)) - Lock on /workdir/hadoop-ozone/tools/target/test-dir/MiniOzoneClusterImpl-b67644f0-1a86-45e5-a341-3f7404ab54fa/datanode-1/data/ratis/9cc71773-d836-469d-9362-413e5fe1188a/in_use.lock acquired by nodename 5904@pr-hdds-1868-lzclr-202649289
2019-10-17 08:18:32,689 [pool-47-thread-1] INFO  storage.RaftStorageDirectory (RaftStorageDirectory.java:tryLock(328)) - Lock on /workdir/hadoop-ozone/tools/target/test-dir/MiniOzoneClusterImpl-b67644f0-1a86-45e5-a341-3f7404ab54fa/datanode-2/data/ratis/9cc71773-d836-469d-9362-413e5fe1188a/in_use.lock acquired by nodename 5904@pr-hdds-1868-lzclr-202649289
2019-10-17 08:18:32,689 [pool-67-thread-1] INFO  storage.RaftStorageDirectory (RaftStorageDirectory.java:tryLock(328)) - Lock on /workdir/hadoop-ozone/tools/target/test-dir/MiniOzoneClusterImpl-b67644f0-1a86-45e5-a341-3f7404ab54fa/datanode-4/data/ratis/9cc71773-d836-469d-9362-413e5fe1188a/in_use.lock acquired by nodename 5904@pr-hdds-1868-lzclr-202649289
2019-10-17 08:18:32,712 [pool-37-thread-1] INFO  storage.RaftStorage (RaftStorage.java:format(84)) - Storage directory /workdir/hadoop-ozone/tools/target/test-dir/MiniOzoneClusterImpl-b67644f0-1a86-45e5-a341-3f7404ab54fa/datanode-1/data/ratis/9cc71773-d836-469d-9362-413e5fe1188a has been successfully formatted.
2019-10-17 08:18:32,712 [pool-67-thread-1] INFO  storage.RaftStorage (RaftStorage.java:format(84)) - Storage directory /workdir/hadoop-ozone/tools/target/test-dir/MiniOzoneClusterImpl-b67644f0-1a86-45e5-a341-3f7404ab54fa/datanode-4/data/ratis/9cc71773-d836-469d-9362-413e5fe1188a has been successfully formatted.
2019-10-17 08:18:32,712 [pool-47-thread-1] INFO  storage.RaftStorage (RaftStorage.java:format(84)) - Storage directory /workdir/hadoop-ozone/tools/target/test-dir/MiniOzoneClusterImpl-b67644f0-1a86-45e5-a341-3f7404ab54fa/datanode-2/data/ratis/9cc71773-d836-469d-9362-413e5fe1188a has been successfully formatted.
2019-10-17 08:18:32,712 [pool-37-thread-1] INFO  ratis.ContainerStateMachine (ContainerStateMachine.java:loadSnapshot(233)) - group-413E5FE1188A: The snapshot info is null. Setting the last applied indexto:(t:0, i:~)
2019-10-17 08:18:32,712 [pool-67-thread-1] INFO  ratis.ContainerStateMachine (ContainerStateMachine.java:loadSnapshot(233)) - group-413E5FE1188A: The snapshot info is null. Setting the last applied indexto:(t:0, i:~)
2019-10-17 08:18:32,713 [pool-47-thread-1] INFO  ratis.ContainerStateMachine (ContainerStateMachine.java:loadSnapshot(233)) - group-413E5FE1188A: The snapshot info is null. Setting the last applied indexto:(t:0, i:~)
2019-10-17 08:18:32,713 [pool-37-thread-1] INFO  server.RaftServerConfigKeys (ConfUtils.java:logGet(43)) - raft.server.notification.no-leader.timeout = 120s (custom)
2019-10-17 08:18:32,713 [pool-47-thread-1] INFO  server.RaftServerConfigKeys (ConfUtils.java:logGet(43)) - raft.server.notification.no-leader.timeout = 120s (custom)
2019-10-17 08:18:32,713 [pool-67-thread-1] INFO  server.RaftServerConfigKeys (ConfUtils.java:logGet(43)) - raft.server.notification.no-leader.timeout = 120s (custom)
2019-10-17 08:18:32,713 [pool-47-thread-1] INFO  server.RaftServerConfigKeys (ConfUtils.java:logGet(43)) - raft.server.log.use.memory = false (default)
2019-10-17 08:18:32,713 [pool-37-thread-1] INFO  server.RaftServerConfigKeys (ConfUtils.java:logGet(43)) - raft.server.log.use.memory = false (default)
2019-10-17 08:18:32,713 [pool-67-thread-1] INFO  server.RaftServerConfigKeys (ConfUtils.java:logGet(43)) - raft.server.log.use.memory = false (default)
2019-10-17 08:18:32,713 [pool-47-thread-1] INFO  server.RaftServerConfigKeys (ConfUtils.java:logGet(43)) - raft.server.log.purge.gap = 1000000 (custom)
2019-10-17 08:18:32,713 [pool-37-thread-1] INFO  server.RaftServerConfigKeys (ConfUtils.java:logGet(43)) - raft.server.log.purge.gap = 1000000 (custom)
2019-10-17 08:18:32,714 [pool-47-thread-1] INFO  server.RaftServerConfigKeys (ConfUtils.java:logGet(43)) - raft.server.log.appender.buffer.byte-limit = 33554432 (custom)
2019-10-17 08:18:32,714 [pool-67-thread-1] INFO  server.RaftServerConfigKeys (ConfUtils.java:logGet(43)) - raft.server.log.purge.gap = 1000000 (custom)
2019-10-17 08:18:32,714 [pool-47-thread-1] INFO  server.RaftServerConfigKeys (ConfUtils.java:logGet(43)) - raft.server.log.segment.size.max = 1048576 (custom)
2019-10-17 08:18:32,714 [pool-37-thread-1] INFO  server.RaftServerConfigKeys (ConfUtils.java:logGet(43)) - raft.server.log.appender.buffer.byte-limit = 33554432 (custom)
2019-10-17 08:18:32,714 [pool-67-thread-1] INFO  server.RaftServerConfigKeys (ConfUtils.java:logGet(43)) - raft.server.log.appender.buffer.byte-limit = 33554432 (custom)
2019-10-17 08:18:32,714 [pool-37-thread-1] INFO  server.RaftServerConfigKeys (ConfUtils.java:logGet(43)) - raft.server.log.segment.size.max = 1048576 (custom)
2019-10-17 08:18:32,714 [pool-47-thread-1] INFO  server.RaftServerConfigKeys (ConfUtils.java:logGet(43)) - raft.server.log.segment.cache.num.max = 2 (custom)
2019-10-17 08:18:32,715 [pool-37-thread-1] INFO  server.RaftServerConfigKeys (ConfUtils.java:logGet(43)) - raft.server.log.segment.cache.num.max = 2 (custom)
2019-10-17 08:18:32,714 [pool-67-thread-1] INFO  server.RaftServerConfigKeys (ConfUtils.java:logGet(43)) - raft.server.log.segment.size.max = 1048576 (custom)
2019-10-17 08:18:32,715 [pool-37-thread-1] INFO  segmented.SegmentedRaftLogWorker (SegmentedRaftLogWorker.java:<init>(173)) - new 704bfd07-5e75-419d-aba5-0f2927b551c8@group-413E5FE1188A-SegmentedRaftLogWorker for RaftStorage:Storage Directory /workdir/hadoop-ozone/tools/target/test-dir/MiniOzoneClusterImpl-b67644f0-1a86-45e5-a341-3f7404ab54fa/datanode-1/data/ratis/9cc71773-d836-469d-9362-413e5fe1188a
2019-10-17 08:18:32,715 [pool-47-thread-1] INFO  segmented.SegmentedRaftLogWorker (SegmentedRaftLogWorker.java:<init>(173)) - new f164ec13-c99a-4402-99d5-4f3aeeeb4a39@group-413E5FE1188A-SegmentedRaftLogWorker for RaftStorage:Storage Directory /workdir/hadoop-ozone/tools/target/test-dir/MiniOzoneClusterImpl-b67644f0-1a86-45e5-a341-3f7404ab54fa/datanode-2/data/ratis/9cc71773-d836-469d-9362-413e5fe1188a
2019-10-17 08:18:32,715 [pool-37-thread-1] INFO  server.RaftServerConfigKeys (ConfUtils.java:logGet(43)) - raft.server.log.queue.byte-limit = 2147483647 (custom)
2019-10-17 08:18:32,715 [pool-67-thread-1] INFO  server.RaftServerConfigKeys (ConfUtils.java:logGet(43)) - raft.server.log.segment.cache.num.max = 2 (custom)
2019-10-17 08:18:32,715 [pool-37-thread-1] INFO  server.RaftServerConfigKeys (ConfUtils.java:logGet(43)) - raft.server.log.queue.element-limit = 1024 (custom)
2019-10-17 08:18:32,715 [pool-47-thread-1] INFO  server.RaftServerConfigKeys (ConfUtils.java:logGet(43)) - raft.server.log.queue.byte-limit = 2147483647 (custom)
2019-10-17 08:18:32,716 [pool-37-thread-1] INFO  server.RaftServerConfigKeys (ConfUtils.java:logGet(43)) - raft.server.log.segment.size.max = 1048576 (custom)
2019-10-17 08:18:32,716 [pool-37-thread-1] INFO  server.RaftServerConfigKeys (ConfUtils.java:logGet(43)) - raft.server.log.preallocated.size = 16384 (custom)
2019-10-17 08:18:32,715 [pool-67-thread-1] INFO  segmented.SegmentedRaftLogWorker (SegmentedRaftLogWorker.java:<init>(173)) - new 99f6549c-1d76-4032-b481-991b9a8ccf89@group-413E5FE1188A-SegmentedRaftLogWorker for RaftStorage:Storage Directory /workdir/hadoop-ozone/tools/target/test-dir/MiniOzoneClusterImpl-b67644f0-1a86-45e5-a341-3f7404ab54fa/datanode-4/data/ratis/9cc71773-d836-469d-9362-413e5fe1188a
2019-10-17 08:18:32,716 [pool-37-thread-1] INFO  server.RaftServerConfigKeys (ConfUtils.java:logGet(43)) - raft.server.log.write.buffer.size = 33554432 (custom)
2019-10-17 08:18:32,716 [pool-47-thread-1] INFO  server.RaftServerConfigKeys (ConfUtils.java:logGet(43)) - raft.server.log.queue.element-limit = 1024 (custom)
2019-10-17 08:18:32,716 [pool-37-thread-1] INFO  server.RaftServerConfigKeys (ConfUtils.java:logGet(43)) - raft.server.log.force.sync.num = 128 (default)
2019-10-17 08:18:32,716 [pool-67-thread-1] INFO  server.RaftServerConfigKeys (ConfUtils.java:logGet(43)) - raft.server.log.queue.byte-limit = 2147483647 (custom)
2019-10-17 08:18:32,716 [pool-37-thread-1] INFO  server.RaftServerConfigKeys (ConfUtils.java:logGet(43)) - raft.server.log.statemachine.data.sync = true (default)
2019-10-17 08:18:32,716 [pool-47-thread-1] INFO  server.RaftServerConfigKeys (ConfUtils.java:logGet(43)) - raft.server.log.segment.size.max = 1048576 (custom)
2019-10-17 08:18:32,717 [pool-37-thread-1] INFO  server.RaftServerConfigKeys (ConfUtils.java:logGet(43)) - raft.server.log.statemachine.data.sync.timeout = 10s (default)
2019-10-17 08:18:32,717 [pool-37-thread-1] INFO  server.RaftServerConfigKeys (ConfUtils.java:logGet(43)) - raft.server.log.statemachine.data.sync.timeout.retry = -1 (default)
2019-10-17 08:18:32,717 [pool-67-thread-1] INFO  server.RaftServerConfigKeys (ConfUtils.java:logGet(43)) - raft.server.log.queue.element-limit = 1024 (custom)
2019-10-17 08:18:32,717 [pool-37-thread-1] INFO  server.RaftServerConfigKeys (ConfUtils.java:logGet(43)) - raft.server.log.statemachine.data.caching.enabled = true (custom)
2019-10-17 08:18:32,717 [pool-47-thread-1] INFO  server.RaftServerConfigKeys (ConfUtils.java:logGet(43)) - raft.server.log.preallocated.size = 16384 (custom)
2019-10-17 08:18:32,717 [pool-67-thread-1] INFO  server.RaftServerConfigKeys (ConfUtils.java:logGet(43)) - raft.server.log.segment.size.max = 1048576 (custom)
2019-10-17 08:18:32,717 [pool-37-thread-1] INFO  segmented.SegmentedRaftLogWorker (SegmentedRaftLogWorker.java:lambda$new$0(128)) - 704bfd07-5e75-419d-aba5-0f2927b551c8@group-413E5FE1188A-SegmentedRaftLogWorker: flushIndex: setUnconditionally 0 -> -1
2019-10-17 08:18:32,717 [pool-47-thread-1] INFO  server.RaftServerConfigKeys (ConfUtils.java:logGet(43)) - raft.server.log.write.buffer.size = 33554432 (custom)
2019-10-17 08:18:32,717 [pool-67-thread-1] INFO  server.RaftServerConfigKeys (ConfUtils.java:logGet(43)) - raft.server.log.preallocated.size = 16384 (custom)
2019-10-17 08:18:32,718 [pool-37-thread-1] INFO  server.RaftServerConfigKeys (ConfUtils.java:logGet(43)) - raft.server.snapshot.auto.trigger.enabled = true (custom)
2019-10-17 08:18:32,718 [pool-47-thread-1] INFO  server.RaftServerConfigKeys (ConfUtils.java:logGet(43)) - raft.server.log.force.sync.num = 128 (default)
2019-10-17 08:18:32,718 [pool-37-thread-1] INFO  server.RaftServerConfigKeys (ConfUtils.java:logGet(43)) - raft.server.snapshot.auto.trigger.threshold = 10000 (custom)
2019-10-17 08:18:32,718 [pool-67-thread-1] INFO  server.RaftServerConfigKeys (ConfUtils.java:logGet(43)) - raft.server.log.write.buffer.size = 33554432 (custom)
2019-10-17 08:18:32,718 [pool-37-thread-1] INFO  server.RaftServerConfigKeys (ConfUtils.java:logGet(43)) - raft.server.snapshot.retention.file.num = 5 (custom)
2019-10-17 08:18:32,718 [pool-47-thread-1] INFO  server.RaftServerConfigKeys (ConfUtils.java:logGet(43)) - raft.server.log.statemachine.data.sync = true (default)
2019-10-17 08:18:32,719 [pool-37-thread-1] INFO  server.RaftServerConfigKeys (ConfUtils.java:logGet(43)) - raft.server.retrycache.expirytime = 600000ms (custom)
2019-10-17 08:18:32,718 [pool-67-thread-1] INFO  server.RaftServerConfigKeys (ConfUtils.java:logGet(43)) - raft.server.log.force.sync.num = 128 (default)
2019-10-17 08:18:32,719 [pool-47-thread-1] INFO  server.RaftServerConfigKeys (ConfUtils.java:logGet(43)) - raft.server.log.statemachine.data.sync.timeout = 10s (default)
2019-10-17 08:18:32,719 [pool-67-thread-1] INFO  server.RaftServerConfigKeys (ConfUtils.java:logGet(43)) - raft.server.log.statemachine.data.sync = true (default)
2019-10-17 08:18:32,719 [pool-47-thread-1] INFO  server.RaftServerConfigKeys (ConfUtils.java:logGet(43)) - raft.server.log.statemachine.data.sync.timeout.retry = -1 (default)
2019-10-17 08:18:32,719 [pool-67-thread-1] INFO  server.RaftServerConfigKeys (ConfUtils.java:logGet(43)) - raft.server.log.statemachine.data.sync.timeout = 10s (default)
2019-10-17 08:18:32,719 [pool-47-thread-1] INFO  server.RaftServerConfigKeys (ConfUtils.java:logGet(43)) - raft.server.log.statemachine.data.caching.enabled = true (custom)
2019-10-17 08:18:32,719 [pool-67-thread-1] INFO  server.RaftServerConfigKeys (ConfUtils.java:logGet(43)) - raft.server.log.statemachine.data.sync.timeout.retry = -1 (default)
2019-10-17 08:18:32,720 [pool-47-thread-1] INFO  segmented.SegmentedRaftLogWorker (SegmentedRaftLogWorker.java:lambda$new$0(128)) - f164ec13-c99a-4402-99d5-4f3aeeeb4a39@group-413E5FE1188A-SegmentedRaftLogWorker: flushIndex: setUnconditionally 0 -> -1
2019-10-17 08:18:32,720 [pool-67-thread-1] INFO  server.RaftServerConfigKeys (ConfUtils.java:logGet(43)) - raft.server.log.statemachine.data.caching.enabled = true (custom)
2019-10-17 08:18:32,720 [pool-47-thread-1] INFO  server.RaftServerConfigKeys (ConfUtils.java:logGet(43)) - raft.server.snapshot.auto.trigger.enabled = true (custom)
2019-10-17 08:18:32,720 [pool-47-thread-1] INFO  server.RaftServerConfigKeys (ConfUtils.java:logGet(43)) - raft.server.snapshot.auto.trigger.threshold = 10000 (custom)
2019-10-17 08:18:32,720 [pool-67-thread-1] INFO  segmented.SegmentedRaftLogWorker (SegmentedRaftLogWorker.java:lambda$new$0(128)) - 99f6549c-1d76-4032-b481-991b9a8ccf89@group-413E5FE1188A-SegmentedRaftLogWorker: flushIndex: setUnconditionally 0 -> -1
2019-10-17 08:18:32,720 [pool-47-thread-1] INFO  server.RaftServerConfigKeys (ConfUtils.java:logGet(43)) - raft.server.snapshot.retention.file.num = 5 (custom)
2019-10-17 08:18:32,721 [pool-47-thread-1] INFO  server.RaftServerConfigKeys (ConfUtils.java:logGet(43)) - raft.server.retrycache.expirytime = 600000ms (custom)
2019-10-17 08:18:32,721 [pool-67-thread-1] INFO  server.RaftServerConfigKeys (ConfUtils.java:logGet(43)) - raft.server.snapshot.auto.trigger.enabled = true (custom)
2019-10-17 08:18:32,721 [pool-67-thread-1] INFO  server.RaftServerConfigKeys (ConfUtils.java:logGet(43)) - raft.server.snapshot.auto.trigger.threshold = 10000 (custom)
2019-10-17 08:18:32,721 [pool-67-thread-1] INFO  server.RaftServerConfigKeys (ConfUtils.java:logGet(43)) - raft.server.snapshot.retention.file.num = 5 (custom)
2019-10-17 08:18:32,721 [pool-37-thread-1] INFO  impl.RaftServerImpl (RaftServerImpl.java:start(195)) - 704bfd07-5e75-419d-aba5-0f2927b551c8@group-413E5FE1188A: start as a follower, conf=-1: [704bfd07-5e75-419d-aba5-0f2927b551c8:192.168.34.62:33038, f164ec13-c99a-4402-99d5-4f3aeeeb4a39:192.168.34.62:44851, 99f6549c-1d76-4032-b481-991b9a8ccf89:192.168.34.62:46667], old=null
2019-10-17 08:18:32,721 [pool-67-thread-1] INFO  server.RaftServerConfigKeys (ConfUtils.java:logGet(43)) - raft.server.retrycache.expirytime = 600000ms (custom)
2019-10-17 08:18:32,721 [pool-37-thread-1] INFO  impl.RaftServerImpl (RaftServerImpl.java:setRole(184)) - 704bfd07-5e75-419d-aba5-0f2927b551c8@group-413E5FE1188A: changes role from      null to FOLLOWER at term 0 for startAsFollower
2019-10-17 08:18:32,722 [pool-37-thread-1] INFO  impl.RoleInfo (RoleInfo.java:updateAndGet(143)) - 704bfd07-5e75-419d-aba5-0f2927b551c8: start FollowerState
2019-10-17 08:18:32,722 [pool-37-thread-1] INFO  util.JmxRegister (JmxRegister.java:tryRegister(44)) - Successfully registered JMX Bean with object name Ratis:service=RaftServer,group=group-413E5FE1188A,id=704bfd07-5e75-419d-aba5-0f2927b551c8
2019-10-17 08:18:32,724 [pool-47-thread-1] INFO  impl.RaftServerImpl (RaftServerImpl.java:start(195)) - f164ec13-c99a-4402-99d5-4f3aeeeb4a39@group-413E5FE1188A: start as a follower, conf=-1: [704bfd07-5e75-419d-aba5-0f2927b551c8:192.168.34.62:33038, f164ec13-c99a-4402-99d5-4f3aeeeb4a39:192.168.34.62:44851, 99f6549c-1d76-4032-b481-991b9a8ccf89:192.168.34.62:46667], old=null
2019-10-17 08:18:32,724 [pool-47-thread-1] INFO  impl.RaftServerImpl (RaftServerImpl.java:setRole(184)) - f164ec13-c99a-4402-99d5-4f3aeeeb4a39@group-413E5FE1188A: changes role from      null to FOLLOWER at term 0 for startAsFollower
2019-10-17 08:18:32,724 [pool-47-thread-1] INFO  impl.RoleInfo (RoleInfo.java:updateAndGet(143)) - f164ec13-c99a-4402-99d5-4f3aeeeb4a39: start FollowerState
2019-10-17 08:18:32,725 [pool-47-thread-1] INFO  util.JmxRegister (JmxRegister.java:tryRegister(44)) - Successfully registered JMX Bean with object name Ratis:service=RaftServer,group=group-413E5FE1188A,id=f164ec13-c99a-4402-99d5-4f3aeeeb4a39
2019-10-17 08:18:32,725 [pool-67-thread-1] INFO  impl.RaftServerImpl (RaftServerImpl.java:start(195)) - 99f6549c-1d76-4032-b481-991b9a8ccf89@group-413E5FE1188A: start as a follower, conf=-1: [704bfd07-5e75-419d-aba5-0f2927b551c8:192.168.34.62:33038, f164ec13-c99a-4402-99d5-4f3aeeeb4a39:192.168.34.62:44851, 99f6549c-1d76-4032-b481-991b9a8ccf89:192.168.34.62:46667], old=null
2019-10-17 08:18:32,725 [pool-67-thread-1] INFO  impl.RaftServerImpl (RaftServerImpl.java:setRole(184)) - 99f6549c-1d76-4032-b481-991b9a8ccf89@group-413E5FE1188A: changes role from      null to FOLLOWER at term 0 for startAsFollower
2019-10-17 08:18:32,725 [pool-67-thread-1] INFO  impl.RoleInfo (RoleInfo.java:updateAndGet(143)) - 99f6549c-1d76-4032-b481-991b9a8ccf89: start FollowerState
2019-10-17 08:18:32,726 [pool-67-thread-1] INFO  util.JmxRegister (JmxRegister.java:tryRegister(44)) - Successfully registered JMX Bean with object name Ratis:service=RaftServer,group=group-413E5FE1188A,id=99f6549c-1d76-4032-b481-991b9a8ccf89
2019-10-17 08:18:32,736 [RatisPipelineUtilsThread] INFO  pipeline.PipelineStateManager (PipelineStateManager.java:addPipeline(55)) - Created pipeline Pipeline[ Id: 9cc71773-d836-469d-9362-413e5fe1188a, Nodes: 99f6549c-1d76-4032-b481-991b9a8ccf89{ip: 192.168.34.62, host: pr-hdds-1868-lzclr-202649289, networkLocation: /default-rack, certSerialId: null}f164ec13-c99a-4402-99d5-4f3aeeeb4a39{ip: 192.168.34.62, host: pr-hdds-1868-lzclr-202649289, networkLocation: /default-rack, certSerialId: null}704bfd07-5e75-419d-aba5-0f2927b551c8{ip: 192.168.34.62, host: pr-hdds-1868-lzclr-202649289, networkLocation: /default-rack, certSerialId: null}, Type:RATIS, Factor:THREE, State:ALLOCATED]
2019-10-17 08:18:32,807 [Thread-477] INFO  impl.FollowerState (FollowerState.java:run(108)) - f164ec13-c99a-4402-99d5-4f3aeeeb4a39@group-413E5FE1188A-FollowerState: change to CANDIDATE, lastRpcTime:82ms, electionTimeout:82ms
2019-10-17 08:18:32,807 [Thread-477] INFO  impl.RoleInfo (RoleInfo.java:shutdownFollowerState(121)) - f164ec13-c99a-4402-99d5-4f3aeeeb4a39: shutdown FollowerState
2019-10-17 08:18:32,808 [Thread-477] INFO  impl.RaftServerImpl (RaftServerImpl.java:setRole(184)) - f164ec13-c99a-4402-99d5-4f3aeeeb4a39@group-413E5FE1188A: changes role from  FOLLOWER to CANDIDATE at term 0 for changeToCandidate
2019-10-17 08:18:32,808 [Thread-477] INFO  impl.RoleInfo (RoleInfo.java:updateAndGet(143)) - f164ec13-c99a-4402-99d5-4f3aeeeb4a39: start LeaderElection
2019-10-17 08:18:32,835 [f164ec13-c99a-4402-99d5-4f3aeeeb4a39@group-413E5FE1188A-LeaderElection11] INFO  impl.LeaderElection (LeaderElection.java:askForVotes(178)) - f164ec13-c99a-4402-99d5-4f3aeeeb4a39@group-413E5FE1188A-LeaderElection11: begin an election at term 1 for -1: [704bfd07-5e75-419d-aba5-0f2927b551c8:192.168.34.62:33038, f164ec13-c99a-4402-99d5-4f3aeeeb4a39:192.168.34.62:44851, 99f6549c-1d76-4032-b481-991b9a8ccf89:192.168.34.62:46667], old=null
2019-10-17 08:18:32,847 [grpc-default-executor-4] INFO  impl.RaftServerImpl (RaftServerImpl.java:setRole(184)) - 704bfd07-5e75-419d-aba5-0f2927b551c8@group-413E5FE1188A: changes role from  FOLLOWER to FOLLOWER at term 1 for recognizeCandidate:f164ec13-c99a-4402-99d5-4f3aeeeb4a39
2019-10-17 08:18:32,849 [grpc-default-executor-4] INFO  impl.RoleInfo (RoleInfo.java:shutdownFollowerState(121)) - 704bfd07-5e75-419d-aba5-0f2927b551c8: shutdown FollowerState
2019-10-17 08:18:32,850 [grpc-default-executor-1] INFO  impl.RaftServerImpl (RaftServerImpl.java:setRole(184)) - 99f6549c-1d76-4032-b481-991b9a8ccf89@group-413E5FE1188A: changes role from  FOLLOWER to FOLLOWER at term 1 for recognizeCandidate:f164ec13-c99a-4402-99d5-4f3aeeeb4a39
2019-10-17 08:18:32,850 [Thread-476] INFO  impl.FollowerState (FollowerState.java:run(117)) - 704bfd07-5e75-419d-aba5-0f2927b551c8@group-413E5FE1188A-FollowerState was interrupted: java.lang.InterruptedException: sleep interrupted
2019-10-17 08:18:32,850 [grpc-default-executor-4] INFO  impl.RoleInfo (RoleInfo.java:updateAndGet(143)) - 704bfd07-5e75-419d-aba5-0f2927b551c8: start FollowerState
2019-10-17 08:18:32,850 [grpc-default-executor-1] INFO  impl.RoleInfo (RoleInfo.java:shutdownFollowerState(121)) - 99f6549c-1d76-4032-b481-991b9a8ccf89: shutdown FollowerState
2019-10-17 08:18:32,852 [grpc-default-executor-1] INFO  impl.RoleInfo (RoleInfo.java:updateAndGet(143)) - 99f6549c-1d76-4032-b481-991b9a8ccf89: start FollowerState
2019-10-17 08:18:32,852 [Thread-478] INFO  impl.FollowerState (FollowerState.java:run(117)) - 99f6549c-1d76-4032-b481-991b9a8ccf89@group-413E5FE1188A-FollowerState was interrupted: java.lang.InterruptedException: sleep interrupted
2019-10-17 08:18:32,884 [Thread-485] INFO  impl.FollowerState (FollowerState.java:run(108)) - 704bfd07-5e75-419d-aba5-0f2927b551c8@group-413E5FE1188A-FollowerState: change to CANDIDATE, lastRpcTime:34ms, electionTimeout:12ms
2019-10-17 08:18:32,884 [Thread-485] INFO  impl.RoleInfo (RoleInfo.java:shutdownFollowerState(121)) - 704bfd07-5e75-419d-aba5-0f2927b551c8: shutdown FollowerState
2019-10-17 08:18:32,884 [Thread-485] INFO  impl.RaftServerImpl (RaftServerImpl.java:setRole(184)) - 704bfd07-5e75-419d-aba5-0f2927b551c8@group-413E5FE1188A: changes role from  FOLLOWER to CANDIDATE at term 1 for changeToCandidate
2019-10-17 08:18:32,884 [Thread-485] INFO  impl.RoleInfo (RoleInfo.java:updateAndGet(143)) - 704bfd07-5e75-419d-aba5-0f2927b551c8: start LeaderElection
2019-10-17 08:18:32,886 [f164ec13-c99a-4402-99d5-4f3aeeeb4a39@group-413E5FE1188A-LeaderElection11] INFO  impl.LeaderElection (LeaderElection.java:logAndReturn(56)) - f164ec13-c99a-4402-99d5-4f3aeeeb4a39@group-413E5FE1188A-LeaderElection11: Election PASSED; received 1 response(s) [f164ec13-c99a-4402-99d5-4f3aeeeb4a39<-704bfd07-5e75-419d-aba5-0f2927b551c8#0:OK-t1] and 0 exception(s); f164ec13-c99a-4402-99d5-4f3aeeeb4a39@group-413E5FE1188A:t1, leader=null, voted=f164ec13-c99a-4402-99d5-4f3aeeeb4a39, raftlog=f164ec13-c99a-4402-99d5-4f3aeeeb4a39@group-413E5FE1188A-SegmentedRaftLog:OPENED:c-1,f-1,i0, conf=-1: [704bfd07-5e75-419d-aba5-0f2927b551c8:192.168.34.62:33038, f164ec13-c99a-4402-99d5-4f3aeeeb4a39:192.168.34.62:44851, 99f6549c-1d76-4032-b481-991b9a8ccf89:192.168.34.62:46667], old=null
2019-10-17 08:18:32,887 [f164ec13-c99a-4402-99d5-4f3aeeeb4a39@group-413E5FE1188A-LeaderElection11] INFO  impl.RoleInfo (RoleInfo.java:shutdownLeaderElection(134)) - f164ec13-c99a-4402-99d5-4f3aeeeb4a39: shutdown LeaderElection
2019-10-17 08:18:32,887 [f164ec13-c99a-4402-99d5-4f3aeeeb4a39@group-413E5FE1188A-LeaderElection11] INFO  impl.RaftServerImpl (RaftServerImpl.java:setRole(184)) - f164ec13-c99a-4402-99d5-4f3aeeeb4a39@group-413E5FE1188A: changes role from CANDIDATE to LEADER at term 1 for changeToLeader
2019-10-17 08:18:32,888 [f164ec13-c99a-4402-99d5-4f3aeeeb4a39@group-413E5FE1188A-LeaderElection11] INFO  ratis.XceiverServerRatis (XceiverServerRatis.java:handleLeaderChangedNotification(699)) - Leader change notification received for group: group-413E5FE1188A with new leaderId: f164ec13-c99a-4402-99d5-4f3aeeeb4a39
2019-10-17 08:18:32,889 [f164ec13-c99a-4402-99d5-4f3aeeeb4a39@group-413E5FE1188A-LeaderElection11] INFO  impl.RaftServerImpl (ServerState.java:setLeader(256)) - f164ec13-c99a-4402-99d5-4f3aeeeb4a39@group-413E5FE1188A: change Leader from null to f164ec13-c99a-4402-99d5-4f3aeeeb4a39 at term 1 for becomeLeader, leader elected after 175ms
2019-10-17 08:18:32,889 [f164ec13-c99a-4402-99d5-4f3aeeeb4a39@group-413E5FE1188A-LeaderElection11] INFO  server.RaftServerConfigKeys (ConfUtils.java:logGet(43)) - raft.server.staging.catchup.gap = 1000 (default)
2019-10-17 08:18:32,889 [f164ec13-c99a-4402-99d5-4f3aeeeb4a39@group-413E5FE1188A-LeaderElection11] INFO  server.RaftServerConfigKeys (ConfUtils.java:logGet(43)) - raft.server.rpc.sleep.time = 25ms (default)
2019-10-17 08:18:32,890 [f164ec13-c99a-4402-99d5-4f3aeeeb4a39@group-413E5FE1188A-LeaderElection11] INFO  server.RaftServerConfigKeys (ConfUtils.java:logGet(43)) - raft.server.write.element-limit = 4096 (default)
2019-10-17 08:18:32,890 [f164ec13-c99a-4402-99d5-4f3aeeeb4a39@group-413E5FE1188A-LeaderElection11] INFO  server.RaftServerConfigKeys (ConfUtils.java:logGet(43)) - raft.server.watch.timeout = 10s (default)
2019-10-17 08:18:32,890 [f164ec13-c99a-4402-99d5-4f3aeeeb4a39@group-413E5FE1188A-LeaderElection11] INFO  server.RaftServerConfigKeys (ConfUtils.java:logGet(43)) - raft.server.watch.timeout.denomination = 1s (default)
2019-10-17 08:18:32,890 [EventQueue-PipelineReportForPipelineReportHandler] INFO  pipeline.PipelineReportHandler (PipelineReportHandler.java:processPipelineReport(119)) - Pipeline PipelineID=9cc71773-d836-469d-9362-413e5fe1188a reported by f164ec13-c99a-4402-99d5-4f3aeeeb4a39{ip: 192.168.34.62, host: pr-hdds-1868-lzclr-202649289, networkLocation: /default-rack, certSerialId: null} with leaderId f164ec13-c99a-4402-99d5-4f3aeeeb4a39
2019-10-17 08:18:32,890 [f164ec13-c99a-4402-99d5-4f3aeeeb4a39@group-413E5FE1188A-LeaderElection11] INFO  server.RaftServerConfigKeys (ConfUtils.java:logGet(43)) - raft.server.watch.element-limit = 65536 (default)
2019-10-17 08:18:32,895 [f164ec13-c99a-4402-99d5-4f3aeeeb4a39@group-413E5FE1188A-LeaderElection11] INFO  server.RaftServerConfigKeys (ConfUtils.java:logGet(43)) - raft.server.log.appender.snapshot.chunk.size.max = 16MB (=16777216) (default)
2019-10-17 08:18:32,896 [f164ec13-c99a-4402-99d5-4f3aeeeb4a39@group-413E5FE1188A-LeaderElection11] INFO  server.RaftServerConfigKeys (ConfUtils.java:logGet(43)) - raft.server.log.appender.buffer.byte-limit = 33554432 (custom)
2019-10-17 08:18:32,896 [f164ec13-c99a-4402-99d5-4f3aeeeb4a39@group-413E5FE1188A-LeaderElection11] INFO  server.RaftServerConfigKeys (ConfUtils.java:logGet(43)) - raft.server.log.appender.buffer.element-limit = 1 (custom)
2019-10-17 08:18:32,896 [f164ec13-c99a-4402-99d5-4f3aeeeb4a39@group-413E5FE1188A-LeaderElection11] INFO  grpc.GrpcConfigKeys$Server (ConfUtils.java:logGet(43)) - raft.grpc.server.leader.outstanding.appends.max = 128 (default)
2019-10-17 08:18:32,896 [f164ec13-c99a-4402-99d5-4f3aeeeb4a39@group-413E5FE1188A-LeaderElection11] INFO  server.RaftServerConfigKeys (ConfUtils.java:logGet(43)) - raft.server.rpc.request.timeout = 3000ms (default)
2019-10-17 08:18:32,897 [f164ec13-c99a-4402-99d5-4f3aeeeb4a39@group-413E5FE1188A-LeaderElection11] INFO  server.RaftServerConfigKeys (ConfUtils.java:logGet(43)) - raft.server.log.appender.install.snapshot.enabled = false (custom)
2019-10-17 08:18:32,900 [704bfd07-5e75-419d-aba5-0f2927b551c8@group-413E5FE1188A-LeaderElection12] INFO  impl.LeaderElection (LeaderElection.java:askForVotes(178)) - 704bfd07-5e75-419d-aba5-0f2927b551c8@group-413E5FE1188A-LeaderElection12: begin an election at term 2 for -1: [704bfd07-5e75-419d-aba5-0f2927b551c8:192.168.34.62:33038, f164ec13-c99a-4402-99d5-4f3aeeeb4a39:192.168.34.62:44851, 99f6549c-1d76-4032-b481-991b9a8ccf89:192.168.34.62:46667], old=null
2019-10-17 08:18:32,900 [f164ec13-c99a-4402-99d5-4f3aeeeb4a39@group-413E5FE1188A-LeaderElection11] INFO  server.RaftServerConfigKeys (ConfUtils.java:logGet(43)) - raft.server.log.appender.snapshot.chunk.size.max = 16MB (=16777216) (default)
2019-10-17 08:18:32,900 [f164ec13-c99a-4402-99d5-4f3aeeeb4a39@group-413E5FE1188A-LeaderElection11] INFO  server.RaftServerConfigKeys (ConfUtils.java:logGet(43)) - raft.server.log.appender.buffer.byte-limit = 33554432 (custom)
2019-10-17 08:18:32,900 [f164ec13-c99a-4402-99d5-4f3aeeeb4a39@group-413E5FE1188A-LeaderElection11] INFO  server.RaftServerConfigKeys (ConfUtils.java:logGet(43)) - raft.server.log.appender.buffer.element-limit = 1 (custom)
2019-10-17 08:18:32,901 [f164ec13-c99a-4402-99d5-4f3aeeeb4a39@group-413E5FE1188A-LeaderElection11] INFO  grpc.GrpcConfigKeys$Server (ConfUtils.java:logGet(43)) - raft.grpc.server.leader.outstanding.appends.max = 128 (default)
2019-10-17 08:18:32,901 [f164ec13-c99a-4402-99d5-4f3aeeeb4a39@group-413E5FE1188A-LeaderElection11] INFO  server.RaftServerConfigKeys (ConfUtils.java:logGet(43)) - raft.server.rpc.request.timeout = 3000ms (default)
2019-10-17 08:18:32,901 [f164ec13-c99a-4402-99d5-4f3aeeeb4a39@group-413E5FE1188A-LeaderElection11] INFO  server.RaftServerConfigKeys (ConfUtils.java:logGet(43)) - raft.server.log.appender.install.snapshot.enabled = false (custom)
2019-10-17 08:18:32,906 [grpc-default-executor-1] INFO  impl.RaftServerImpl (RaftServerImpl.java:setRole(184)) - 99f6549c-1d76-4032-b481-991b9a8ccf89@group-413E5FE1188A: changes role from  FOLLOWER to FOLLOWER at term 2 for recognizeCandidate:704bfd07-5e75-419d-aba5-0f2927b551c8
2019-10-17 08:18:32,906 [grpc-default-executor-1] INFO  impl.RoleInfo (RoleInfo.java:shutdownFollowerState(121)) - 99f6549c-1d76-4032-b481-991b9a8ccf89: shutdown FollowerState
2019-10-17 08:18:32,906 [grpc-default-executor-1] INFO  impl.RoleInfo (RoleInfo.java:updateAndGet(143)) - 99f6549c-1d76-4032-b481-991b9a8ccf89: start FollowerState
2019-10-17 08:18:32,906 [Thread-486] INFO  impl.FollowerState (FollowerState.java:run(117)) - 99f6549c-1d76-4032-b481-991b9a8ccf89@group-413E5FE1188A-FollowerState was interrupted: java.lang.InterruptedException: sleep interrupted
2019-10-17 08:18:32,907 [f164ec13-c99a-4402-99d5-4f3aeeeb4a39@group-413E5FE1188A-LeaderElection11] INFO  impl.RoleInfo (RoleInfo.java:updateAndGet(143)) - f164ec13-c99a-4402-99d5-4f3aeeeb4a39: start LeaderState
2019-10-17 08:18:32,908 [f164ec13-c99a-4402-99d5-4f3aeeeb4a39@group-413E5FE1188A-LeaderElection11] INFO  segmented.SegmentedRaftLogWorker (SegmentedRaftLogWorker.java:startLogSegment(385)) - f164ec13-c99a-4402-99d5-4f3aeeeb4a39@group-413E5FE1188A-SegmentedRaftLogWorker: Starting segment from index:0
2019-10-17 08:18:32,909 [f164ec13-c99a-4402-99d5-4f3aeeeb4a39@group-413E5FE1188A-LeaderElection11] INFO  impl.RaftServerImpl (ServerState.java:setRaftConf(357)) - f164ec13-c99a-4402-99d5-4f3aeeeb4a39@group-413E5FE1188A: set configuration 0: [704bfd07-5e75-419d-aba5-0f2927b551c8:192.168.34.62:33038, f164ec13-c99a-4402-99d5-4f3aeeeb4a39:192.168.34.62:44851, 99f6549c-1d76-4032-b481-991b9a8ccf89:192.168.34.62:46667], old=null at 0
 0.00% |?                                                                                                    |  0/1 Time: 0:01:582019-10-17 08:18:32,942 [grpc-default-executor-4] INFO  impl.RaftServerImpl (ServerState.java:setLeader(256)) - f164ec13-c99a-4402-99d5-4f3aeeeb4a39@group-413E5FE1188A: change Leader from f164ec13-c99a-4402-99d5-4f3aeeeb4a39 to null at term 2 for updateCurrentTerm
2019-10-17 08:18:32,942 [grpc-default-executor-4] INFO  impl.RaftServerImpl (RaftServerImpl.java:setRole(184)) - f164ec13-c99a-4402-99d5-4f3aeeeb4a39@group-413E5FE1188A: changes role from    LEADER to FOLLOWER at term 2 for recognizeCandidate:704bfd07-5e75-419d-aba5-0f2927b551c8
2019-10-17 08:18:32,942 [grpc-default-executor-4] INFO  impl.RoleInfo (RoleInfo.java:shutdownLeaderState(104)) - f164ec13-c99a-4402-99d5-4f3aeeeb4a39: shutdown LeaderState
2019-10-17 08:18:32,945 [grpc-default-executor-4] INFO  impl.PendingRequests (PendingRequests.java:sendNotLeaderResponses(202)) - f164ec13-c99a-4402-99d5-4f3aeeeb4a39@group-413E5FE1188A-PendingRequests: sendNotLeaderResponses
2019-10-17 08:18:32,945 [org.apache.ratis.server.impl.LogAppender$AppenderDaemon$$Lambda$461/1224971484@2b084ab4] WARN  server.GrpcLogAppender (GrpcLogAppender.java:mayWait(149)) - f164ec13-c99a-4402-99d5-4f3aeeeb4a39@group-413E5FE1188A->704bfd07-5e75-419d-aba5-0f2927b551c8-GrpcLogAppender: Wait interrupted by java.lang.InterruptedException
2019-10-17 08:18:32,945 [org.apache.ratis.server.impl.LogAppender$AppenderDaemon$$Lambda$461/1224971484@1ae986ea] WARN  server.GrpcLogAppender (GrpcLogAppender.java:mayWait(149)) - f164ec13-c99a-4402-99d5-4f3aeeeb4a39@group-413E5FE1188A->99f6549c-1d76-4032-b481-991b9a8ccf89-GrpcLogAppender: Wait interrupted by java.lang.InterruptedException
2019-10-17 08:18:32,945 [grpc-default-executor-4] INFO  impl.RoleInfo (RoleInfo.java:updateAndGet(143)) - f164ec13-c99a-4402-99d5-4f3aeeeb4a39: start FollowerState
2019-10-17 08:18:32,950 [grpc-default-executor-1] INFO  server.GrpcServerProtocolService (GrpcServerProtocolService.java:onCompleted(113)) - 704bfd07-5e75-419d-aba5-0f2927b551c8: Completed APPEND_ENTRIES, lastRequest: null
2019-10-17 08:18:32,950 [grpc-default-executor-7] INFO  server.GrpcServerProtocolService (GrpcServerProtocolService.java:onCompleted(113)) - 99f6549c-1d76-4032-b481-991b9a8ccf89: Completed APPEND_ENTRIES, lastRequest: null
2019-10-17 08:18:32,951 [704bfd07-5e75-419d-aba5-0f2927b551c8@group-413E5FE1188A-LeaderElection12] INFO  impl.LeaderElection (LeaderElection.java:logAndReturn(56)) - 704bfd07-5e75-419d-aba5-0f2927b551c8@group-413E5FE1188A-LeaderElection12: Election PASSED; received 1 response(s) [704bfd07-5e75-419d-aba5-0f2927b551c8<-99f6549c-1d76-4032-b481-991b9a8ccf89#0:OK-t2] and 0 exception(s); 704bfd07-5e75-419d-aba5-0f2927b551c8@group-413E5FE1188A:t2, leader=null, voted=704bfd07-5e75-419d-aba5-0f2927b551c8, raftlog=704bfd07-5e75-419d-aba5-0f2927b551c8@group-413E5FE1188A-SegmentedRaftLog:OPENED:c-1,f-1,i0, conf=-1: [704bfd07-5e75-419d-aba5-0f2927b551c8:192.168.34.62:33038, f164ec13-c99a-4402-99d5-4f3aeeeb4a39:192.168.34.62:44851, 99f6549c-1d76-4032-b481-991b9a8ccf89:192.168.34.62:46667], old=null
2019-10-17 08:18:32,952 [grpc-default-executor-7] INFO  server.GrpcLogAppender (GrpcLogAppender.java:onCompleted(308)) - f164ec13-c99a-4402-99d5-4f3aeeeb4a39@group-413E5FE1188A->704bfd07-5e75-419d-aba5-0f2927b551c8-AppendLogResponseHandler: follower responses appendEntries COMPLETED
2019-10-17 08:18:32,953 [grpc-default-executor-1] INFO  server.GrpcLogAppender (GrpcLogAppender.java:onCompleted(308)) - f164ec13-c99a-4402-99d5-4f3aeeeb4a39@group-413E5FE1188A->99f6549c-1d76-4032-b481-991b9a8ccf89-AppendLogResponseHandler: follower responses appendEntries COMPLETED
2019-10-17 08:18:32,952 [704bfd07-5e75-419d-aba5-0f2927b551c8@group-413E5FE1188A-LeaderElection12] INFO  impl.RoleInfo (RoleInfo.java:shutdownLeaderElection(134)) - 704bfd07-5e75-419d-aba5-0f2927b551c8: shutdown LeaderElection
2019-10-17 08:18:32,955 [704bfd07-5e75-419d-aba5-0f2927b551c8@group-413E5FE1188A-LeaderElection12] INFO  impl.RaftServerImpl (RaftServerImpl.java:setRole(184)) - 704bfd07-5e75-419d-aba5-0f2927b551c8@group-413E5FE1188A: changes role from CANDIDATE to LEADER at term 2 for changeToLeader
2019-10-17 08:18:32,955 [704bfd07-5e75-419d-aba5-0f2927b551c8@group-413E5FE1188A-LeaderElection12] INFO  ratis.XceiverServerRatis (XceiverServerRatis.java:handleLeaderChangedNotification(699)) - Leader change notification received for group: group-413E5FE1188A with new leaderId: 704bfd07-5e75-419d-aba5-0f2927b551c8
2019-10-17 08:18:32,955 [grpc-default-executor-7] INFO  impl.FollowerInfo (FollowerInfo.java:lambda$new$0(51)) - f164ec13-c99a-4402-99d5-4f3aeeeb4a39@group-413E5FE1188A->704bfd07-5e75-419d-aba5-0f2927b551c8: nextIndex: updateUnconditionally 0 -> 0
2019-10-17 08:18:32,956 [704bfd07-5e75-419d-aba5-0f2927b551c8@group-413E5FE1188A-LeaderElection12] INFO  impl.RaftServerImpl (ServerState.java:setLeader(256)) - 704bfd07-5e75-419d-aba5-0f2927b551c8@group-413E5FE1188A: change Leader from null to 704bfd07-5e75-419d-aba5-0f2927b551c8 at term 2 for becomeLeader, leader elected after 242ms
2019-10-17 08:18:32,956 [grpc-default-executor-1] INFO  impl.FollowerInfo (FollowerInfo.java:lambda$new$0(51)) - f164ec13-c99a-4402-99d5-4f3aeeeb4a39@group-413E5FE1188A->99f6549c-1d76-4032-b481-991b9a8ccf89: nextIndex: updateUnconditionally 0 -> 0
2019-10-17 08:18:32,956 [704bfd07-5e75-419d-aba5-0f2927b551c8@group-413E5FE1188A-LeaderElection12] INFO  server.RaftServerConfigKeys (ConfUtils.java:logGet(43)) - raft.server.staging.catchup.gap = 1000 (default)
2019-10-17 08:18:32,957 [704bfd07-5e75-419d-aba5-0f2927b551c8@group-413E5FE1188A-LeaderElection12] INFO  server.RaftServerConfigKeys (ConfUtils.java:logGet(43)) - raft.server.rpc.sleep.time = 25ms (default)
2019-10-17 08:18:32,957 [EventQueue-PipelineReportForPipelineReportHandler] INFO  pipeline.PipelineReportHandler (PipelineReportHandler.java:processPipelineReport(119)) - Pipeline PipelineID=9cc71773-d836-469d-9362-413e5fe1188a reported by 704bfd07-5e75-419d-aba5-0f2927b551c8{ip: 192.168.34.62, host: pr-hdds-1868-lzclr-202649289, networkLocation: /default-rack, certSerialId: null} with leaderId 704bfd07-5e75-419d-aba5-0f2927b551c8
2019-10-17 08:18:32,957 [704bfd07-5e75-419d-aba5-0f2927b551c8@group-413E5FE1188A-LeaderElection12] INFO  server.RaftServerConfigKeys (ConfUtils.java:logGet(43)) - raft.server.write.element-limit = 4096 (default)
2019-10-17 08:18:32,957 [704bfd07-5e75-419d-aba5-0f2927b551c8@group-413E5FE1188A-LeaderElection12] INFO  server.RaftServerConfigKeys (ConfUtils.java:logGet(43)) - raft.server.watch.timeout = 10s (default)
2019-10-17 08:18:32,957 [704bfd07-5e75-419d-aba5-0f2927b551c8@group-413E5FE1188A-LeaderElection12] INFO  server.RaftServerConfigKeys (ConfUtils.java:logGet(43)) - raft.server.watch.timeout.denomination = 1s (default)
2019-10-17 08:18:32,957 [704bfd07-5e75-419d-aba5-0f2927b551c8@group-413E5FE1188A-LeaderElection12] INFO  server.RaftServerConfigKeys (ConfUtils.java:logGet(43)) - raft.server.watch.element-limit = 65536 (default)
2019-10-17 08:18:32,959 [704bfd07-5e75-419d-aba5-0f2927b551c8@group-413E5FE1188A-LeaderElection12] INFO  server.RaftServerConfigKeys (ConfUtils.java:logGet(43)) - raft.server.log.appender.snapshot.chunk.size.max = 16MB (=16777216) (default)
2019-10-17 08:18:32,959 [704bfd07-5e75-419d-aba5-0f2927b551c8@group-413E5FE1188A-LeaderElection12] INFO  server.RaftServerConfigKeys (ConfUtils.java:logGet(43)) - raft.server.log.appender.buffer.byte-limit = 33554432 (custom)
2019-10-17 08:18:32,960 [704bfd07-5e75-419d-aba5-0f2927b551c8@group-413E5FE1188A-LeaderElection12] INFO  server.RaftServerConfigKeys (ConfUtils.java:logGet(43)) - raft.server.log.appender.buffer.element-limit = 1 (custom)
2019-10-17 08:18:32,960 [704bfd07-5e75-419d-aba5-0f2927b551c8@group-413E5FE1188A-LeaderElection12] INFO  grpc.GrpcConfigKeys$Server (ConfUtils.java:logGet(43)) - raft.grpc.server.leader.outstanding.appends.max = 128 (default)
2019-10-17 08:18:32,960 [704bfd07-5e75-419d-aba5-0f2927b551c8@group-413E5FE1188A-LeaderElection12] INFO  server.RaftServerConfigKeys (ConfUtils.java:logGet(43)) - raft.server.rpc.request.timeout = 3000ms (default)
2019-10-17 08:18:32,960 [704bfd07-5e75-419d-aba5-0f2927b551c8@group-413E5FE1188A-LeaderElection12] INFO  server.RaftServerConfigKeys (ConfUtils.java:logGet(43)) - raft.server.log.appender.install.snapshot.enabled = false (custom)
2019-10-17 08:18:32,962 [704bfd07-5e75-419d-aba5-0f2927b551c8@group-413E5FE1188A-LeaderElection12] INFO  server.RaftServerConfigKeys (ConfUtils.java:logGet(43)) - raft.server.log.appender.snapshot.chunk.size.max = 16MB (=16777216) (default)
2019-10-17 08:18:32,962 [704bfd07-5e75-419d-aba5-0f2927b551c8@group-413E5FE1188A-LeaderElection12] INFO  server.RaftServerConfigKeys (ConfUtils.java:logGet(43)) - raft.server.log.appender.buffer.byte-limit = 33554432 (custom)
2019-10-17 08:18:32,962 [704bfd07-5e75-419d-aba5-0f2927b551c8@group-413E5FE1188A-LeaderElection12] INFO  server.RaftServerConfigKeys (ConfUtils.java:logGet(43)) - raft.server.log.appender.buffer.element-limit = 1 (custom)
2019-10-17 08:18:32,962 [704bfd07-5e75-419d-aba5-0f2927b551c8@group-413E5FE1188A-LeaderElection12] INFO  grpc.GrpcConfigKeys$Server (ConfUtils.java:logGet(43)) - raft.grpc.server.leader.outstanding.appends.max = 128 (default)
2019-10-17 08:18:32,962 [704bfd07-5e75-419d-aba5-0f2927b551c8@group-413E5FE1188A-LeaderElection12] INFO  server.RaftServerConfigKeys (ConfUtils.java:logGet(43)) - raft.server.rpc.request.timeout = 3000ms (default)
2019-10-17 08:18:32,962 [704bfd07-5e75-419d-aba5-0f2927b551c8@group-413E5FE1188A-LeaderElection12] INFO  server.RaftServerConfigKeys (ConfUtils.java:logGet(43)) - raft.server.log.appender.install.snapshot.enabled = false (custom)
2019-10-17 08:18:32,964 [704bfd07-5e75-419d-aba5-0f2927b551c8@group-413E5FE1188A-LeaderElection12] INFO  impl.RoleInfo (RoleInfo.java:updateAndGet(143)) - 704bfd07-5e75-419d-aba5-0f2927b551c8: start LeaderState
2019-10-17 08:18:32,965 [704bfd07-5e75-419d-aba5-0f2927b551c8@group-413E5FE1188A-LeaderElection12] INFO  segmented.SegmentedRaftLogWorker (SegmentedRaftLogWorker.java:startLogSegment(385)) - 704bfd07-5e75-419d-aba5-0f2927b551c8@group-413E5FE1188A-SegmentedRaftLogWorker: Starting segment from index:0
2019-10-17 08:18:32,965 [704bfd07-5e75-419d-aba5-0f2927b551c8@group-413E5FE1188A-LeaderElection12] INFO  impl.RaftServerImpl (ServerState.java:setRaftConf(357)) - 704bfd07-5e75-419d-aba5-0f2927b551c8@group-413E5FE1188A: set configuration 0: [704bfd07-5e75-419d-aba5-0f2927b551c8:192.168.34.62:33038, f164ec13-c99a-4402-99d5-4f3aeeeb4a39:192.168.34.62:44851, 99f6549c-1d76-4032-b481-991b9a8ccf89:192.168.34.62:46667], old=null at 0
2019-10-17 08:18:33,000 [f164ec13-c99a-4402-99d5-4f3aeeeb4a39@group-413E5FE1188A-SegmentedRaftLogWorker] INFO  segmented.SegmentedRaftLogWorker (SegmentedRaftLogWorker.java:execute(576)) - f164ec13-c99a-4402-99d5-4f3aeeeb4a39@group-413E5FE1188A-SegmentedRaftLogWorker: created new log segment /workdir/hadoop-ozone/tools/target/test-dir/MiniOzoneClusterImpl-b67644f0-1a86-45e5-a341-3f7404ab54fa/datanode-2/data/ratis/9cc71773-d836-469d-9362-413e5fe1188a/current/log_inprogress_0
2019-10-17 08:18:33,003 [grpc-default-executor-1] INFO  ratis.XceiverServerRatis (XceiverServerRatis.java:handleLeaderChangedNotification(699)) - Leader change notification received for group: group-413E5FE1188A with new leaderId: 704bfd07-5e75-419d-aba5-0f2927b551c8
2019-10-17 08:18:33,004 [grpc-default-executor-4] INFO  ratis.XceiverServerRatis (XceiverServerRatis.java:handleLeaderChangedNotification(699)) - Leader change notification received for group: group-413E5FE1188A with new leaderId: 704bfd07-5e75-419d-aba5-0f2927b551c8
2019-10-17 08:18:33,005 [grpc-default-executor-1] INFO  impl.RaftServerImpl (ServerState.java:setLeader(256)) - f164ec13-c99a-4402-99d5-4f3aeeeb4a39@group-413E5FE1188A: change Leader from null to 704bfd07-5e75-419d-aba5-0f2927b551c8 at term 2 for appendEntries, leader elected after 61ms
2019-10-17 08:18:33,005 [grpc-default-executor-4] INFO  impl.RaftServerImpl (ServerState.java:setLeader(256)) - 99f6549c-1d76-4032-b481-991b9a8ccf89@group-413E5FE1188A: change Leader from null to 704bfd07-5e75-419d-aba5-0f2927b551c8 at term 2 for appendEntries, leader elected after 291ms
2019-10-17 08:18:33,006 [EventQueue-PipelineReportForPipelineReportHandler] INFO  pipeline.PipelineReportHandler (PipelineReportHandler.java:processPipelineReport(119)) - Pipeline PipelineID=9cc71773-d836-469d-9362-413e5fe1188a reported by f164ec13-c99a-4402-99d5-4f3aeeeb4a39{ip: 192.168.34.62, host: pr-hdds-1868-lzclr-202649289, networkLocation: /default-rack, certSerialId: null} with leaderId 704bfd07-5e75-419d-aba5-0f2927b551c8
2019-10-17 08:18:33,006 [EventQueue-PipelineReportForPipelineReportHandler] INFO  pipeline.PipelineReportHandler (PipelineReportHandler.java:processPipelineReport(119)) - Pipeline PipelineID=9cc71773-d836-469d-9362-413e5fe1188a reported by 99f6549c-1d76-4032-b481-991b9a8ccf89{ip: 192.168.34.62, host: pr-hdds-1868-lzclr-202649289, networkLocation: /default-rack, certSerialId: null} with leaderId 704bfd07-5e75-419d-aba5-0f2927b551c8
2019-10-17 08:18:33,006 [EventQueue-PipelineReportForPipelineReportHandler] INFO  pipeline.PipelineStateManager (PipelineStateManager.java:openPipeline(134)) - Pipeline Pipeline[ Id: 9cc71773-d836-469d-9362-413e5fe1188a, Nodes: 99f6549c-1d76-4032-b481-991b9a8ccf89{ip: 192.168.34.62, host: pr-hdds-1868-lzclr-202649289, networkLocation: /default-rack, certSerialId: null}f164ec13-c99a-4402-99d5-4f3aeeeb4a39{ip: 192.168.34.62, host: pr-hdds-1868-lzclr-202649289, networkLocation: /default-rack, certSerialId: null}704bfd07-5e75-419d-aba5-0f2927b551c8{ip: 192.168.34.62, host: pr-hdds-1868-lzclr-202649289, networkLocation: /default-rack, certSerialId: null}, Type:RATIS, Factor:THREE, State:OPEN] moved to OPEN state
2019-10-17 08:18:33,012 [grpc-default-executor-4] INFO  impl.RaftServerImpl (ServerState.java:setRaftConf(357)) - f164ec13-c99a-4402-99d5-4f3aeeeb4a39@group-413E5FE1188A: set configuration 0: [704bfd07-5e75-419d-aba5-0f2927b551c8:192.168.34.62:33038, f164ec13-c99a-4402-99d5-4f3aeeeb4a39:192.168.34.62:44851, 99f6549c-1d76-4032-b481-991b9a8ccf89:192.168.34.62:46667], old=null at 0
2019-10-17 08:18:33,012 [grpc-default-executor-1] INFO  impl.RaftServerImpl (ServerState.java:setRaftConf(357)) - 99f6549c-1d76-4032-b481-991b9a8ccf89@group-413E5FE1188A: set configuration 0: [704bfd07-5e75-419d-aba5-0f2927b551c8:192.168.34.62:33038, f164ec13-c99a-4402-99d5-4f3aeeeb4a39:192.168.34.62:44851, 99f6549c-1d76-4032-b481-991b9a8ccf89:192.168.34.62:46667], old=null at 0
2019-10-17 08:18:33,013 [grpc-default-executor-4] INFO  segmented.SegmentedRaftLogWorker (SegmentedRaftLogWorker.java:truncate(401)) - f164ec13-c99a-4402-99d5-4f3aeeeb4a39@group-413E5FE1188A-SegmentedRaftLogWorker: Truncating segments toTruncate: null
  toDelete: [(0, 0) isOpen? true, length=0, newEndIndex=-1], start index 0
2019-10-17 08:18:33,013 [grpc-default-executor-1] INFO  segmented.SegmentedRaftLogWorker (SegmentedRaftLogWorker.java:startLogSegment(385)) - 99f6549c-1d76-4032-b481-991b9a8ccf89@group-413E5FE1188A-SegmentedRaftLogWorker: Starting segment from index:0
2019-10-17 08:18:33,013 [704bfd07-5e75-419d-aba5-0f2927b551c8@group-413E5FE1188A-SegmentedRaftLogWorker] INFO  segmented.SegmentedRaftLogWorker (SegmentedRaftLogWorker.java:execute(576)) - 704bfd07-5e75-419d-aba5-0f2927b551c8@group-413E5FE1188A-SegmentedRaftLogWorker: created new log segment /workdir/hadoop-ozone/tools/target/test-dir/MiniOzoneClusterImpl-b67644f0-1a86-45e5-a341-3f7404ab54fa/datanode-1/data/ratis/9cc71773-d836-469d-9362-413e5fe1188a/current/log_inprogress_0
2019-10-17 08:18:33,014 [grpc-default-executor-4] INFO  segmented.SegmentedRaftLogWorker (SegmentedRaftLogWorker.java:startLogSegment(385)) - f164ec13-c99a-4402-99d5-4f3aeeeb4a39@group-413E5FE1188A-SegmentedRaftLogWorker: Starting segment from index:0
2019-10-17 08:18:33,014 [f164ec13-c99a-4402-99d5-4f3aeeeb4a39@group-413E5FE1188A-SegmentedRaftLogWorker] INFO  segmented.SegmentedRaftLogWorker (SegmentedRaftLogWorker.java:execute(640)) - f164ec13-c99a-4402-99d5-4f3aeeeb4a39@group-413E5FE1188A-SegmentedRaftLogWorker: Deleted log file /workdir/hadoop-ozone/tools/target/test-dir/MiniOzoneClusterImpl-b67644f0-1a86-45e5-a341-3f7404ab54fa/datanode-2/data/ratis/9cc71773-d836-469d-9362-413e5fe1188a/current/log_inprogress_0
2019-10-17 08:18:33,014 [f164ec13-c99a-4402-99d5-4f3aeeeb4a39@group-413E5FE1188A-SegmentedRaftLogWorker] INFO  segmented.SegmentedRaftLogWorker (SegmentedRaftLogWorker.java:lambda$new$0(128)) - f164ec13-c99a-4402-99d5-4f3aeeeb4a39@group-413E5FE1188A-SegmentedRaftLogWorker: flushIndex: setUnconditionally 0 -> -1
2019-10-17 08:18:33,060 [99f6549c-1d76-4032-b481-991b9a8ccf89@group-413E5FE1188A-SegmentedRaftLogWorker] INFO  segmented.SegmentedRaftLogWorker (SegmentedRaftLogWorker.java:execute(576)) - 99f6549c-1d76-4032-b481-991b9a8ccf89@group-413E5FE1188A-SegmentedRaftLogWorker: created new log segment /workdir/hadoop-ozone/tools/target/test-dir/MiniOzoneClusterImpl-b67644f0-1a86-45e5-a341-3f7404ab54fa/datanode-4/data/ratis/9cc71773-d836-469d-9362-413e5fe1188a/current/log_inprogress_0
2019-10-17 08:18:33,060 [f164ec13-c99a-4402-99d5-4f3aeeeb4a39@group-413E5FE1188A-SegmentedRaftLogWorker] INFO  segmented.SegmentedRaftLogWorker (SegmentedRaftLogWorker.java:execute(576)) - f164ec13-c99a-4402-99d5-4f3aeeeb4a39@group-413E5FE1188A-SegmentedRaftLogWorker: created new log segment /workdir/hadoop-ozone/tools/target/test-dir/MiniOzoneClusterImpl-b67644f0-1a86-45e5-a341-3f7404ab54fa/datanode-2/data/ratis/9cc71773-d836-469d-9362-413e5fe1188a/current/log_inprogress_0
 0.00% |?                                                                                                    |  0/1 Time: 0:01:59 0.00% |?                                                                                                    |  0/1 Time: 0:02:00 0.00% |?                                                                                                    |  0/1 Time: 0:02:01 0.00% |?                                                                                                    |  0/1 Time: 0:02:02 0.00% |?                                                                                                    |  0/1 Time: 0:02:03 0.00% |?                                                                                                    |  0/1 Time: 0:02:04 0.00% |?                                                                                                    |  0/1 Time: 0:02:05 0.00% |?                                                                                                    |  0/1 Time: 0:02:06 0.00% |?                                                                                                    |  0/1 Time: 0:02:07 0.00% |?                                                                                                    |  0/1 Time: 0:02:08 0.00% |?                                                                                                    |  0/1 Time: 0:02:09 0.00% |?                                                                                                    |  0/1 Time: 0:02:10 0.00% |?                                                                                                    |  0/1 Time: 0:02:11 0.00% |?                                                                                                    |  0/1 Time: 0:02:12 0.00% |?                                                                                                    |  0/1 Time: 0:02:13 0.00% |?                                                                                                    |  0/1 Time: 0:02:142019-10-17 08:18:49,310 [grpc-default-executor-7] INFO  impl.RaftServerProxy (RaftServerProxy.java:remove(95)) - 99f6549c-1d76-4032-b481-991b9a8ccf89: remove  FOLLOWER 99f6549c-1d76-4032-b481-991b9a8ccf89@group-445FCC6AD892:t1, leader=704bfd07-5e75-419d-aba5-0f2927b551c8, voted=704bfd07-5e75-419d-aba5-0f2927b551c8, raftlog=99f6549c-1d76-4032-b481-991b9a8ccf89@group-445FCC6AD892-SegmentedRaftLog:OPENED:c0,f2,i2, conf=0: [704bfd07-5e75-419d-aba5-0f2927b551c8:192.168.34.62:33038, f164ec13-c99a-4402-99d5-4f3aeeeb4a39:192.168.34.62:44851, 99f6549c-1d76-4032-b481-991b9a8ccf89:192.168.34.62:46667], old=null RUNNING
2019-10-17 08:18:49,310 [grpc-default-executor-7] INFO  impl.RaftServerImpl (RaftServerImpl.java:lambda$shutdown$3(261)) - 99f6549c-1d76-4032-b481-991b9a8ccf89@group-445FCC6AD892: shutdown
2019-10-17 08:18:49,311 [grpc-default-executor-7] INFO  util.JmxRegister (JmxRegister.java:unregister(73)) - Successfully un-registered JMX Bean with object name Ratis:service=RaftServer,group=group-445FCC6AD892,id=99f6549c-1d76-4032-b481-991b9a8ccf89
2019-10-17 08:18:49,311 [grpc-default-executor-7] INFO  impl.RoleInfo (RoleInfo.java:shutdownFollowerState(121)) - 99f6549c-1d76-4032-b481-991b9a8ccf89: shutdown FollowerState
2019-10-17 08:18:49,311 [grpc-default-executor-7] INFO  impl.StateMachineUpdater (StateMachineUpdater.java:stopAndJoin(136)) - 99f6549c-1d76-4032-b481-991b9a8ccf89@group-445FCC6AD892-StateMachineUpdater: set stopIndex = 0
2019-10-17 08:18:49,313 [Thread-394] INFO  impl.FollowerState (FollowerState.java:run(117)) - 99f6549c-1d76-4032-b481-991b9a8ccf89@group-445FCC6AD892-FollowerState was interrupted: java.lang.InterruptedException: sleep interrupted
2019-10-17 08:18:49,315 [grpc-default-executor-7] INFO  impl.RaftServerImpl (ServerState.java:close(388)) - 99f6549c-1d76-4032-b481-991b9a8ccf89@group-445FCC6AD892: closes. applyIndex: 0
2019-10-17 08:18:49,315 [99f6549c-1d76-4032-b481-991b9a8ccf89@group-445FCC6AD892-SegmentedRaftLogWorker] INFO  segmented.SegmentedRaftLogWorker (SegmentedRaftLogWorker.java:run(316)) - 99f6549c-1d76-4032-b481-991b9a8ccf89@group-445FCC6AD892-SegmentedRaftLogWorker was interrupted, exiting. There are 0 tasks remaining in the queue.
2019-10-17 08:18:49,317 [grpc-default-executor-7] INFO  segmented.SegmentedRaftLogWorker (SegmentedRaftLogWorker.java:close(224)) - 99f6549c-1d76-4032-b481-991b9a8ccf89@group-445FCC6AD892-SegmentedRaftLogWorker close()
2019-10-17 08:18:49,398 [grpc-default-executor-7] INFO  interfaces.Container (KeyValueContainer.java:flushAndSyncDB(386)) - Container 4 is synced with bcsId 0.
2019-10-17 08:18:49,400 [grpc-default-executor-7] INFO  interfaces.Container (KeyValueContainer.java:flushAndSyncDB(386)) - Container 4 is synced with bcsId 0.
2019-10-17 08:18:49,420 [EventQueue-IncrementalContainerReportForIncrementalContainerReportHandler] INFO  container.IncrementalContainerReportHandler (AbstractContainerReportHandler.java:updateContainerState(171)) - Moving container #4 to QUASI_CLOSED state, datanode 99f6549c-1d76-4032-b481-991b9a8ccf89{ip: 192.168.34.62, host: pr-hdds-1868-lzclr-202649289, networkLocation: /default-rack, certSerialId: null} reported QUASI_CLOSED replica.
2019-10-17 08:18:49,429 [grpc-default-executor-7] INFO  impl.RaftServerProxy (RaftServerProxy.java:remove(95)) - f164ec13-c99a-4402-99d5-4f3aeeeb4a39: remove  FOLLOWER f164ec13-c99a-4402-99d5-4f3aeeeb4a39@group-445FCC6AD892:t1, leader=704bfd07-5e75-419d-aba5-0f2927b551c8, voted=704bfd07-5e75-419d-aba5-0f2927b551c8, raftlog=f164ec13-c99a-4402-99d5-4f3aeeeb4a39@group-445FCC6AD892-SegmentedRaftLog:OPENED:c0,f2,i2, conf=0: [704bfd07-5e75-419d-aba5-0f2927b551c8:192.168.34.62:33038, f164ec13-c99a-4402-99d5-4f3aeeeb4a39:192.168.34.62:44851, 99f6549c-1d76-4032-b481-991b9a8ccf89:192.168.34.62:46667], old=null RUNNING
2019-10-17 08:18:49,429 [grpc-default-executor-7] INFO  impl.RaftServerImpl (RaftServerImpl.java:lambda$shutdown$3(261)) - f164ec13-c99a-4402-99d5-4f3aeeeb4a39@group-445FCC6AD892: shutdown
2019-10-17 08:18:49,430 [grpc-default-executor-7] INFO  util.JmxRegister (JmxRegister.java:unregister(73)) - Successfully un-registered JMX Bean with object name Ratis:service=RaftServer,group=group-445FCC6AD892,id=f164ec13-c99a-4402-99d5-4f3aeeeb4a39
2019-10-17 08:18:49,430 [grpc-default-executor-7] INFO  impl.RoleInfo (RoleInfo.java:shutdownFollowerState(121)) - f164ec13-c99a-4402-99d5-4f3aeeeb4a39: shutdown FollowerState
2019-10-17 08:18:49,430 [grpc-default-executor-7] INFO  impl.StateMachineUpdater (StateMachineUpdater.java:stopAndJoin(136)) - f164ec13-c99a-4402-99d5-4f3aeeeb4a39@group-445FCC6AD892-StateMachineUpdater: set stopIndex = 0
2019-10-17 08:18:49,430 [Thread-393] INFO  impl.FollowerState (FollowerState.java:run(117)) - f164ec13-c99a-4402-99d5-4f3aeeeb4a39@group-445FCC6AD892-FollowerState was interrupted: java.lang.InterruptedException: sleep interrupted
2019-10-17 08:18:49,440 [grpc-default-executor-7] INFO  impl.RaftServerImpl (ServerState.java:close(388)) - f164ec13-c99a-4402-99d5-4f3aeeeb4a39@group-445FCC6AD892: closes. applyIndex: 0
2019-10-17 08:18:49,440 [f164ec13-c99a-4402-99d5-4f3aeeeb4a39@group-445FCC6AD892-SegmentedRaftLogWorker] INFO  segmented.SegmentedRaftLogWorker (SegmentedRaftLogWorker.java:run(316)) - f164ec13-c99a-4402-99d5-4f3aeeeb4a39@group-445FCC6AD892-SegmentedRaftLogWorker was interrupted, exiting. There are 0 tasks remaining in the queue.
2019-10-17 08:18:49,441 [grpc-default-executor-7] INFO  segmented.SegmentedRaftLogWorker (SegmentedRaftLogWorker.java:close(224)) - f164ec13-c99a-4402-99d5-4f3aeeeb4a39@group-445FCC6AD892-SegmentedRaftLogWorker close()
2019-10-17 08:18:49,501 [grpc-default-executor-7] INFO  interfaces.Container (KeyValueContainer.java:flushAndSyncDB(386)) - Container 4 is synced with bcsId 0.
2019-10-17 08:18:49,502 [grpc-default-executor-7] INFO  interfaces.Container (KeyValueContainer.java:flushAndSyncDB(386)) - Container 4 is synced with bcsId 0.
2019-10-17 08:18:49,526 [grpc-default-executor-7] INFO  impl.RaftServerProxy (RaftServerProxy.java:remove(95)) - 704bfd07-5e75-419d-aba5-0f2927b551c8: remove    LEADER 704bfd07-5e75-419d-aba5-0f2927b551c8@group-445FCC6AD892:t1, leader=704bfd07-5e75-419d-aba5-0f2927b551c8, voted=704bfd07-5e75-419d-aba5-0f2927b551c8, raftlog=704bfd07-5e75-419d-aba5-0f2927b551c8@group-445FCC6AD892-SegmentedRaftLog:OPENED:c0,f0,i2, conf=0: [704bfd07-5e75-419d-aba5-0f2927b551c8:192.168.34.62:33038, f164ec13-c99a-4402-99d5-4f3aeeeb4a39:192.168.34.62:44851, 99f6549c-1d76-4032-b481-991b9a8ccf89:192.168.34.62:46667], old=null RUNNING
2019-10-17 08:18:49,527 [grpc-default-executor-7] INFO  impl.RaftServerImpl (RaftServerImpl.java:lambda$shutdown$3(261)) - 704bfd07-5e75-419d-aba5-0f2927b551c8@group-445FCC6AD892: shutdown
2019-10-17 08:18:49,527 [grpc-default-executor-7] INFO  util.JmxRegister (JmxRegister.java:unregister(73)) - Successfully un-registered JMX Bean with object name Ratis:service=RaftServer,group=group-445FCC6AD892,id=704bfd07-5e75-419d-aba5-0f2927b551c8
2019-10-17 08:18:49,527 [grpc-default-executor-7] INFO  impl.RoleInfo (RoleInfo.java:shutdownLeaderState(104)) - 704bfd07-5e75-419d-aba5-0f2927b551c8: shutdown LeaderState
2019-10-17 08:18:49,530 [grpc-default-executor-7] INFO  impl.PendingRequests (PendingRequests.java:sendNotLeaderResponses(202)) - 704bfd07-5e75-419d-aba5-0f2927b551c8@group-445FCC6AD892-PendingRequests: sendNotLeaderResponses
2019-10-17 08:18:49,530 [org.apache.ratis.server.impl.LogAppender$AppenderDaemon$$Lambda$461/1224971484@6463a329] WARN  server.GrpcLogAppender (GrpcLogAppender.java:mayWait(149)) - 704bfd07-5e75-419d-aba5-0f2927b551c8@group-445FCC6AD892->99f6549c-1d76-4032-b481-991b9a8ccf89-GrpcLogAppender: Wait interrupted by java.lang.InterruptedException
2019-10-17 08:18:49,530 [org.apache.ratis.server.impl.LogAppender$AppenderDaemon$$Lambda$461/1224971484@557cf5b3] WARN  server.GrpcLogAppender (GrpcLogAppender.java:mayWait(149)) - 704bfd07-5e75-419d-aba5-0f2927b551c8@group-445FCC6AD892->f164ec13-c99a-4402-99d5-4f3aeeeb4a39-GrpcLogAppender: Wait interrupted by java.lang.InterruptedException
2019-10-17 08:18:49,533 [grpc-default-executor-4] INFO  server.GrpcServerProtocolService (GrpcServerProtocolService.java:onCompleted(113)) - 99f6549c-1d76-4032-b481-991b9a8ccf89: Completed APPEND_ENTRIES, lastRequest: 704bfd07-5e75-419d-aba5-0f2927b551c8->99f6549c-1d76-4032-b481-991b9a8ccf89#29-t1, previous=(t:1, i:2), leaderCommit=0, initializing? false, entries: <empty>
2019-10-17 08:18:49,535 [grpc-default-executor-1] INFO  server.GrpcServerProtocolService (GrpcServerProtocolService.java:onCompleted(113)) - f164ec13-c99a-4402-99d5-4f3aeeeb4a39: Completed APPEND_ENTRIES, lastRequest: 704bfd07-5e75-419d-aba5-0f2927b551c8->f164ec13-c99a-4402-99d5-4f3aeeeb4a39#29-t1, previous=(t:1, i:2), leaderCommit=0, initializing? false, entries: <empty>
2019-10-17 08:18:49,536 [grpc-default-executor-7] INFO  impl.StateMachineUpdater (StateMachineUpdater.java:stopAndJoin(136)) - 704bfd07-5e75-419d-aba5-0f2927b551c8@group-445FCC6AD892-StateMachineUpdater: set stopIndex = 0
2019-10-17 08:18:49,544 [grpc-default-executor-7] INFO  impl.RaftServerImpl (ServerState.java:close(388)) - 704bfd07-5e75-419d-aba5-0f2927b551c8@group-445FCC6AD892: closes. applyIndex: 0
2019-10-17 08:18:49,545 [grpc-default-executor-1] INFO  server.GrpcLogAppender (GrpcLogAppender.java:onCompleted(308)) - 704bfd07-5e75-419d-aba5-0f2927b551c8@group-445FCC6AD892->99f6549c-1d76-4032-b481-991b9a8ccf89-AppendLogResponseHandler: follower responses appendEntries COMPLETED
2019-10-17 08:18:49,545 [704bfd07-5e75-419d-aba5-0f2927b551c8@group-445FCC6AD892-SegmentedRaftLogWorker] INFO  segmented.SegmentedRaftLogWorker (SegmentedRaftLogWorker.java:run(316)) - 704bfd07-5e75-419d-aba5-0f2927b551c8@group-445FCC6AD892-SegmentedRaftLogWorker was interrupted, exiting. There are 0 tasks remaining in the queue.
2019-10-17 08:18:49,546 [grpc-default-executor-7] INFO  segmented.SegmentedRaftLogWorker (SegmentedRaftLogWorker.java:close(224)) - 704bfd07-5e75-419d-aba5-0f2927b551c8@group-445FCC6AD892-SegmentedRaftLogWorker close()
2019-10-17 08:18:49,550 [grpc-default-executor-8] INFO  server.GrpcLogAppender (GrpcLogAppender.java:onCompleted(308)) - 704bfd07-5e75-419d-aba5-0f2927b551c8@group-445FCC6AD892->f164ec13-c99a-4402-99d5-4f3aeeeb4a39-AppendLogResponseHandler: follower responses appendEntries COMPLETED
2019-10-17 08:18:49,554 [RatisPipelineUtilsThread] INFO  pipeline.PipelineStateManager (PipelineStateManager.java:removePipeline(106)) - Pipeline Pipeline[ Id: 31037f13-46fc-4297-b457-445fcc6ad892, Nodes: 99f6549c-1d76-4032-b481-991b9a8ccf89{ip: 192.168.34.62, host: pr-hdds-1868-lzclr-202649289, networkLocation: /default-rack, certSerialId: null}f164ec13-c99a-4402-99d5-4f3aeeeb4a39{ip: 192.168.34.62, host: pr-hdds-1868-lzclr-202649289, networkLocation: /default-rack, certSerialId: null}704bfd07-5e75-419d-aba5-0f2927b551c8{ip: 192.168.34.62, host: pr-hdds-1868-lzclr-202649289, networkLocation: /default-rack, certSerialId: null}, Type:RATIS, Factor:THREE, State:CLOSED] removed from db
2019-10-17 08:18:49,561 [grpc-default-executor-7] INFO  impl.RaftServerProxy (RaftServerProxy.java:remove(95)) - 99f6549c-1d76-4032-b481-991b9a8ccf89: remove group-445FCC6AD892:null
2019-10-17 08:18:49,573 [RatisPipelineUtilsThread] WARN  pipeline.RatisPipelineUtils (RatisPipelineUtils.java:destroyPipeline(69)) - Pipeline destroy failed for pipeline=PipelineID=31037f13-46fc-4297-b457-445fcc6ad892 dn=99f6549c-1d76-4032-b481-991b9a8ccf89{ip: 192.168.34.62, host: pr-hdds-1868-lzclr-202649289, networkLocation: /default-rack, certSerialId: null}
2019-10-17 08:18:49,580 [grpc-default-executor-7] INFO  impl.RaftServerProxy (RaftServerProxy.java:remove(95)) - f164ec13-c99a-4402-99d5-4f3aeeeb4a39: remove group-445FCC6AD892:null
2019-10-17 08:18:49,589 [RatisPipelineUtilsThread] WARN  pipeline.RatisPipelineUtils (RatisPipelineUtils.java:destroyPipeline(69)) - Pipeline destroy failed for pipeline=PipelineID=31037f13-46fc-4297-b457-445fcc6ad892 dn=f164ec13-c99a-4402-99d5-4f3aeeeb4a39{ip: 192.168.34.62, host: pr-hdds-1868-lzclr-202649289, networkLocation: /default-rack, certSerialId: null}
2019-10-17 08:18:49,595 [grpc-default-executor-7] INFO  impl.RaftServerProxy (RaftServerProxy.java:remove(95)) - 704bfd07-5e75-419d-aba5-0f2927b551c8: remove group-445FCC6AD892:null
2019-10-17 08:18:49,603 [RatisPipelineUtilsThread] WARN  pipeline.RatisPipelineUtils (RatisPipelineUtils.java:destroyPipeline(69)) - Pipeline destroy failed for pipeline=PipelineID=31037f13-46fc-4297-b457-445fcc6ad892 dn=704bfd07-5e75-419d-aba5-0f2927b551c8{ip: 192.168.34.62, host: pr-hdds-1868-lzclr-202649289, networkLocation: /default-rack, certSerialId: null}
2019-10-17 08:18:49,603 [RatisPipelineUtilsThread] ERROR pipeline.SCMPipelineManager (Scheduler.java:lambda$schedule$1(70)) - Destroy pipeline failed for pipeline:Pipeline[ Id: 31037f13-46fc-4297-b457-445fcc6ad892, Nodes: 99f6549c-1d76-4032-b481-991b9a8ccf89{ip: 192.168.34.62, host: pr-hdds-1868-lzclr-202649289, networkLocation: /default-rack, certSerialId: null}f164ec13-c99a-4402-99d5-4f3aeeeb4a39{ip: 192.168.34.62, host: pr-hdds-1868-lzclr-202649289, networkLocation: /default-rack, certSerialId: null}704bfd07-5e75-419d-aba5-0f2927b551c8{ip: 192.168.34.62, host: pr-hdds-1868-lzclr-202649289, networkLocation: /default-rack, certSerialId: null}, Type:RATIS, Factor:THREE, State:CLOSED]
org.apache.hadoop.hdds.scm.pipeline.PipelineNotFoundException: PipelineID=31037f13-46fc-4297-b457-445fcc6ad892 not found
	at org.apache.hadoop.hdds.scm.pipeline.PipelineStateMap.getPipeline(PipelineStateMap.java:132)
	at org.apache.hadoop.hdds.scm.pipeline.PipelineStateMap.removePipeline(PipelineStateMap.java:322)
	at org.apache.hadoop.hdds.scm.pipeline.PipelineStateManager.removePipeline(PipelineStateManager.java:105)
	at org.apache.hadoop.hdds.scm.pipeline.SCMPipelineManager.removePipeline(SCMPipelineManager.java:427)
	at org.apache.hadoop.hdds.scm.pipeline.SCMPipelineManager.destroyPipeline(SCMPipelineManager.java:413)
	at org.apache.hadoop.hdds.scm.pipeline.SCMPipelineManager.lambda$finalizeAndDestroyPipeline$0(SCMPipelineManager.java:322)
	at org.apache.hadoop.hdds.utils.Scheduler.lambda$schedule$1(Scheduler.java:68)
	at java.util.concurrent.Executors$RunnableAdapter.call(Executors.java:511)
	at java.util.concurrent.FutureTask.run(FutureTask.java:266)
	at java.util.concurrent.ScheduledThreadPoolExecutor$ScheduledFutureTask.access$201(ScheduledThreadPoolExecutor.java:180)
	at java.util.concurrent.ScheduledThreadPoolExecutor$ScheduledFutureTask.run(ScheduledThreadPoolExecutor.java:293)
	at java.util.concurrent.ThreadPoolExecutor.runWorker(ThreadPoolExecutor.java:1149)
	at java.util.concurrent.ThreadPoolExecutor$Worker.run(ThreadPoolExecutor.java:624)
	at java.lang.Thread.run(Thread.java:748)
 0.00% |?                                                                                                    |  0/1 Time: 0:02:152019-10-17 08:18:50,577 [pool-73-thread-3] WARN  io.KeyOutputStream (KeyOutputStream.java:handleException(274)) - Encountered exception java.io.IOException: Unexpected Storage Container Exception: java.util.concurrent.CompletionException: java.util.concurrent.CompletionException: org.apache.ratis.protocol.GroupMismatchException: 99f6549c-1d76-4032-b481-991b9a8ccf89: group-445FCC6AD892 not found. on the pipeline Pipeline[ Id: 31037f13-46fc-4297-b457-445fcc6ad892, Nodes: 99f6549c-1d76-4032-b481-991b9a8ccf89{ip: 192.168.34.62, host: pr-hdds-1868-lzclr-202649289, networkLocation: /default-rack, certSerialId: null}f164ec13-c99a-4402-99d5-4f3aeeeb4a39{ip: 192.168.34.62, host: pr-hdds-1868-lzclr-202649289, networkLocation: /default-rack, certSerialId: null}704bfd07-5e75-419d-aba5-0f2927b551c8{ip: 192.168.34.62, host: pr-hdds-1868-lzclr-202649289, networkLocation: /default-rack, certSerialId: null}, Type:RATIS, Factor:THREE, State:OPEN]. The last committed block length is 0, uncommitted data length is 2097152 retry count 1
2019-10-17 08:18:50,776 [pool-36-thread-5] ERROR impl.ChunkManagerImpl (ChunkManagerDummyImpl.java:writeChunk(86)) - data array does not match the length specified. DataLen: 1048576 Byte Array: 1048744
2019-10-17 08:18:50,779 [pool-36-thread-5] ERROR impl.ChunkManagerDummyImpl (ChunkManagerDummyImpl.java:writeChunk(105)) - write data failed. error: {}
org.apache.hadoop.hdds.scm.container.common.helpers.StorageContainerException: data array does not match the length specified. DataLen: 1048576 Byte Array: 1048744
	at org.apache.hadoop.ozone.container.keyvalue.impl.ChunkManagerDummyImpl.writeChunk(ChunkManagerDummyImpl.java:87)
	at org.apache.hadoop.ozone.container.keyvalue.KeyValueHandler.handleWriteChunk(KeyValueHandler.java:696)
	at org.apache.hadoop.ozone.container.keyvalue.KeyValueHandler.handle(KeyValueHandler.java:176)
	at org.apache.hadoop.ozone.container.common.impl.HddsDispatcher.dispatchRequest(HddsDispatcher.java:277)
	at org.apache.hadoop.ozone.container.common.impl.HddsDispatcher.dispatch(HddsDispatcher.java:150)
	at org.apache.hadoop.ozone.container.common.transport.server.ratis.ContainerStateMachine.dispatchCommand(ContainerStateMachine.java:415)
	at org.apache.hadoop.ozone.container.common.transport.server.ratis.ContainerStateMachine.runCommand(ContainerStateMachine.java:425)
	at org.apache.hadoop.ozone.container.common.transport.server.ratis.ContainerStateMachine.lambda$handleWriteChunk$1(ContainerStateMachine.java:460)
	at java.util.concurrent.CompletableFuture$AsyncSupply.run(CompletableFuture.java:1590)
	at java.util.concurrent.ThreadPoolExecutor.runWorker(ThreadPoolExecutor.java:1149)
	at java.util.concurrent.ThreadPoolExecutor$Worker.run(ThreadPoolExecutor.java:624)
	at java.lang.Thread.run(Thread.java:748)
2019-10-17 08:18:50,779 [pool-36-thread-5] INFO  keyvalue.KeyValueHandler (ContainerUtils.java:logAndReturnError(146)) - Operation: WriteChunk : Trace ID: 5bea7c8e0058d72b:82314607867766f7:936fa9ea6c698ce:0 : Message: Internal error:  : Result: CONTAINER_INTERNAL_ERROR
2019-10-17 08:18:50,804 [EventQueue-IncrementalContainerReportForIncrementalContainerReportHandler] WARN  container.IncrementalContainerReportHandler (AbstractContainerReportHandler.java:updateContainerState(145)) - Container #5 is in OPEN state, but the datanode 704bfd07-5e75-419d-aba5-0f2927b551c8{ip: 192.168.34.62, host: pr-hdds-1868-lzclr-202649289, networkLocation: /default-rack, certSerialId: null} reports an UNHEALTHY replica.
08:18:50.803 [pool-36-thread-5] ERROR DNAudit - user=null | ip=null | op=WRITE_CHUNK {blockData=conID: 5 locID: 102976738466398215 bcsId: 0} | ret=FAILURE
java.lang.Exception: Internal error: 
	at org.apache.hadoop.ozone.container.common.impl.HddsDispatcher.dispatchRequest(HddsDispatcher.java:332) ~[hadoop-hdds-container-service-0.5.0-SNAPSHOT.jar:?]
	at org.apache.hadoop.ozone.container.common.impl.HddsDispatcher.dispatch(HddsDispatcher.java:150) ~[hadoop-hdds-container-service-0.5.0-SNAPSHOT.jar:?]
	at org.apache.hadoop.ozone.container.common.transport.server.ratis.ContainerStateMachine.dispatchCommand(ContainerStateMachine.java:415) ~[hadoop-hdds-container-service-0.5.0-SNAPSHOT.jar:?]
	at org.apache.hadoop.ozone.container.common.transport.server.ratis.ContainerStateMachine.runCommand(ContainerStateMachine.java:425) ~[hadoop-hdds-container-service-0.5.0-SNAPSHOT.jar:?]
	at org.apache.hadoop.ozone.container.common.transport.server.ratis.ContainerStateMachine.lambda$handleWriteChunk$1(ContainerStateMachine.java:460) ~[hadoop-hdds-container-service-0.5.0-SNAPSHOT.jar:?]
	at java.util.concurrent.CompletableFuture$AsyncSupply.run(CompletableFuture.java:1590) [?:1.8.0_222]
	at java.util.concurrent.ThreadPoolExecutor.runWorker(ThreadPoolExecutor.java:1149) [?:1.8.0_222]
	at java.util.concurrent.ThreadPoolExecutor$Worker.run(ThreadPoolExecutor.java:624) [?:1.8.0_222]
	at java.lang.Thread.run(Thread.java:748) [?:1.8.0_222]
2019-10-17 08:18:50,805 [EventQueue-CloseContainerForCloseContainerEventHandler] INFO  container.CloseContainerEventHandler (CloseContainerEventHandler.java:onMessage(61)) - Close container Event triggered for container : #5
2019-10-17 08:18:50,805 [pool-36-thread-5] ERROR ratis.ContainerStateMachine (ContainerStateMachine.java:lambda$handleWriteChunk$2(482)) - group-413E5FE1188A: writeChunk writeStateMachineData failed: blockIdcontainerID: 5
localID: 102976738466398215
blockCommitSequenceId: 0
 logIndex 1 chunkName 102976738466398215_chunk_1 Error message: Internal error:  Container Result: CONTAINER_INTERNAL_ERROR
2019-10-17 08:18:50,806 [704bfd07-5e75-419d-aba5-0f2927b551c8@group-413E5FE1188A-SegmentedRaftLogWorker] ERROR ratis.XceiverServerRatis (XceiverServerRatis.java:triggerPipelineClose(588)) - pipeline Action CLOSE  on pipeline PipelineID=9cc71773-d836-469d-9362-413e5fe1188a.Reason : Internal error: 
2019-10-17 08:18:50,806 [704bfd07-5e75-419d-aba5-0f2927b551c8@group-413E5FE1188A-SegmentedRaftLogWorker] ERROR ratis.XceiverServerRatis (XceiverServerRatis.java:triggerPipelineClose(588)) - pipeline Action CLOSE  on pipeline PipelineID=9cc71773-d836-469d-9362-413e5fe1188a.Reason : Log already failed at index 1 for task WriteLog:1: (t:2, i:1), STATEMACHINELOGENTRY, client-D623EDF27723, cid=31
2019-10-17 08:18:50,807 [EventQueue-PipelineActionsForPipelineActionHandler] ERROR pipeline.PipelineActionHandler (PipelineActionHandler.java:onMessage(60)) - Received pipeline action CLOSE for Pipeline[ Id: 9cc71773-d836-469d-9362-413e5fe1188a, Nodes: 99f6549c-1d76-4032-b481-991b9a8ccf89{ip: 192.168.34.62, host: pr-hdds-1868-lzclr-202649289, networkLocation: /default-rack, certSerialId: null}f164ec13-c99a-4402-99d5-4f3aeeeb4a39{ip: 192.168.34.62, host: pr-hdds-1868-lzclr-202649289, networkLocation: /default-rack, certSerialId: null}704bfd07-5e75-419d-aba5-0f2927b551c8{ip: 192.168.34.62, host: pr-hdds-1868-lzclr-202649289, networkLocation: /default-rack, certSerialId: null}, Type:RATIS, Factor:THREE, State:OPEN] from datanode 704bfd07-5e75-419d-aba5-0f2927b551c8{ip: 192.168.34.62, host: pr-hdds-1868-lzclr-202649289, networkLocation: /default-rack, certSerialId: null}. Reason : Internal error: 
2019-10-17 08:18:50,807 [EventQueue-PipelineActionsForPipelineActionHandler] INFO  pipeline.SCMPipelineManager (SCMPipelineManager.java:finalizeAndDestroyPipeline(315)) - destroying pipeline:Pipeline[ Id: 9cc71773-d836-469d-9362-413e5fe1188a, Nodes: 99f6549c-1d76-4032-b481-991b9a8ccf89{ip: 192.168.34.62, host: pr-hdds-1868-lzclr-202649289, networkLocation: /default-rack, certSerialId: null}f164ec13-c99a-4402-99d5-4f3aeeeb4a39{ip: 192.168.34.62, host: pr-hdds-1868-lzclr-202649289, networkLocation: /default-rack, certSerialId: null}704bfd07-5e75-419d-aba5-0f2927b551c8{ip: 192.168.34.62, host: pr-hdds-1868-lzclr-202649289, networkLocation: /default-rack, certSerialId: null}, Type:RATIS, Factor:THREE, State:OPEN]
2019-10-17 08:18:50,808 [EventQueue-PipelineActionsForPipelineActionHandler] INFO  pipeline.PipelineStateManager (PipelineStateManager.java:finalizePipeline(121)) - Pipeline Pipeline[ Id: 9cc71773-d836-469d-9362-413e5fe1188a, Nodes: 99f6549c-1d76-4032-b481-991b9a8ccf89{ip: 192.168.34.62, host: pr-hdds-1868-lzclr-202649289, networkLocation: /default-rack, certSerialId: null}f164ec13-c99a-4402-99d5-4f3aeeeb4a39{ip: 192.168.34.62, host: pr-hdds-1868-lzclr-202649289, networkLocation: /default-rack, certSerialId: null}704bfd07-5e75-419d-aba5-0f2927b551c8{ip: 192.168.34.62, host: pr-hdds-1868-lzclr-202649289, networkLocation: /default-rack, certSerialId: null}, Type:RATIS, Factor:THREE, State:CLOSED] moved to CLOSED state
2019-10-17 08:18:50,814 [EventQueue-PipelineActionsForPipelineActionHandler] ERROR pipeline.PipelineActionHandler (PipelineActionHandler.java:onMessage(60)) - Received pipeline action CLOSE for Pipeline[ Id: 9cc71773-d836-469d-9362-413e5fe1188a, Nodes: 99f6549c-1d76-4032-b481-991b9a8ccf89{ip: 192.168.34.62, host: pr-hdds-1868-lzclr-202649289, networkLocation: /default-rack, certSerialId: null}f164ec13-c99a-4402-99d5-4f3aeeeb4a39{ip: 192.168.34.62, host: pr-hdds-1868-lzclr-202649289, networkLocation: /default-rack, certSerialId: null}704bfd07-5e75-419d-aba5-0f2927b551c8{ip: 192.168.34.62, host: pr-hdds-1868-lzclr-202649289, networkLocation: /default-rack, certSerialId: null}, Type:RATIS, Factor:THREE, State:CLOSED] from datanode 704bfd07-5e75-419d-aba5-0f2927b551c8{ip: 192.168.34.62, host: pr-hdds-1868-lzclr-202649289, networkLocation: /default-rack, certSerialId: null}. Reason : Log already failed at index 1 for task WriteLog:1: (t:2, i:1), STATEMACHINELOGENTRY, client-D623EDF27723, cid=31
2019-10-17 08:18:50,815 [EventQueue-PipelineActionsForPipelineActionHandler] INFO  pipeline.SCMPipelineManager (SCMPipelineManager.java:finalizeAndDestroyPipeline(315)) - destroying pipeline:Pipeline[ Id: 9cc71773-d836-469d-9362-413e5fe1188a, Nodes: 99f6549c-1d76-4032-b481-991b9a8ccf89{ip: 192.168.34.62, host: pr-hdds-1868-lzclr-202649289, networkLocation: /default-rack, certSerialId: null}f164ec13-c99a-4402-99d5-4f3aeeeb4a39{ip: 192.168.34.62, host: pr-hdds-1868-lzclr-202649289, networkLocation: /default-rack, certSerialId: null}704bfd07-5e75-419d-aba5-0f2927b551c8{ip: 192.168.34.62, host: pr-hdds-1868-lzclr-202649289, networkLocation: /default-rack, certSerialId: null}, Type:RATIS, Factor:THREE, State:CLOSED]
 0.00% |?                                                                                                    |  0/1 Time: 0:02:16 0.00% |?                                                                                                    |  0/1 Time: 0:02:17 0.00% |?                                                                                                    |  0/1 Time: 0:02:18 0.00% |?                                                                                                    |  0/1 Time: 0:02:192019-10-17 08:18:54,545 [grpc-default-executor-1] INFO  impl.FollowerInfo (FollowerInfo.java:lambda$new$0(51)) - 704bfd07-5e75-419d-aba5-0f2927b551c8@group-445FCC6AD892->99f6549c-1d76-4032-b481-991b9a8ccf89: nextIndex: updateUnconditionally 3 -> 2
 0.00% |?                                                                                                    |  0/1 Time: 0:02:20 0.00% |?                                                                                                    |  0/1 Time: 0:02:21 0.00% |?                                                                                                    |  0/1 Time: 0:02:22 0.00% |?                                                                                                    |  0/1 Time: 0:02:23 0.00% |?                                                                                                    |  0/1 Time: 0:02:242019-10-17 08:18:59,549 [grpc-default-executor-8] INFO  impl.FollowerInfo (FollowerInfo.java:lambda$new$0(51)) - 704bfd07-5e75-419d-aba5-0f2927b551c8@group-445FCC6AD892->f164ec13-c99a-4402-99d5-4f3aeeeb4a39: nextIndex: updateUnconditionally 3 -> 2
 0.00% |?                                                                                                    |  0/1 Time: 0:02:25 0.00% |?                                                                                                    |  0/1 Time: 0:02:26 0.00% |?                                                                                                    |  0/1 Time: 0:02:27 0.00% |?                                                                                                    |  0/1 Time: 0:02:28 0.00% |?                                                                                                    |  0/1 Time: 0:02:29 0.00% |?                                                                                                    |  0/1 Time: 0:02:30 0.00% |?                                                                                                    |  0/1 Time: 0:02:31 0.00% |?                                                                                                    |  0/1 Time: 0:02:32 0.00% |?                                                                                                    |  0/1 Time: 0:02:33 0.00% |?                                                                                                    |  0/1 Time: 0:02:34 0.00% |?                                                                                                    |  0/1 Time: 0:02:35 0.00% |?                                                                                                    |  0/1 Time: 0:02:36 0.00% |?                                                                                                    |  0/1 Time: 0:02:37 0.00% |?                                                                                                    |  0/1 Time: 0:02:38 0.00% |?                                                                                                    |  0/1 Time: 0:02:39 0.00% |?                                                                                                    |  0/1 Time: 0:02:40 0.00% |?                                                                                                    |  0/1 Time: 0:02:41 0.00% |?                                                                                                    |  0/1 Time: 0:02:42 0.00% |?                                                                                                    |  0/1 Time: 0:02:43 0.00% |?                                                                                                    |  0/1 Time: 0:02:44 0.00% |?                                                                                                    |  0/1 Time: 0:02:45 0.00% |?                                                                                                    |  0/1 Time: 0:02:46 0.00% |?                                                                                                    |  0/1 Time: 0:02:47 0.00% |?                                                                                                    |  0/1 Time: 0:02:48 0.00% |?                                                                                                    |  0/1 Time: 0:02:49 0.00% |?                                                                                                    |  0/1 Time: 0:02:50 0.00% |?                                                                                                    |  0/1 Time: 0:02:51 0.00% |?                                                                                                    |  0/1 Time: 0:02:52 0.00% |?                                                                                                    |  0/1 Time: 0:02:53 0.00% |?                                                                                                    |  0/1 Time: 0:02:54 0.00% |?                                                                                                    |  0/1 Time: 0:02:55 0.00% |?                                                                                                    |  0/1 Time: 0:02:56 0.00% |?                                                                                                    |  0/1 Time: 0:02:57 0.00% |?                                                                                                    |  0/1 Time: 0:02:58 0.00% |?                                                                                                    |  0/1 Time: 0:02:59 0.00% |?                                                                                                    |  0/1 Time: 0:03:00 0.00% |?                                                                                                    |  0/1 Time: 0:03:01 0.00% |?                                                                                                    |  0/1 Time: 0:03:02 0.00% |?                                                                                                    |  0/1 Time: 0:03:03 0.00% |?                                                                                                    |  0/1 Time: 0:03:04 0.00% |?                                                                                                    |  0/1 Time: 0:03:05 0.00% |?                                                                                                    |  0/1 Time: 0:03:06 0.00% |?                                                                                                    |  0/1 Time: 0:03:07 0.00% |?                                                                                                    |  0/1 Time: 0:03:08 0.00% |?                                                                                                    |  0/1 Time: 0:03:09 0.00% |?                                                                                                    |  0/1 Time: 0:03:10 0.00% |?                                                                                                    |  0/1 Time: 0:03:11 0.00% |?                                                                                                    |  0/1 Time: 0:03:12 0.00% |?                                                                                                    |  0/1 Time: 0:03:13 0.00% |?                                                                                                    |  0/1 Time: 0:03:14 0.00% |?                                                                                                    |  0/1 Time: 0:03:15 0.00% |?                                                                                                    |  0/1 Time: 0:03:16 0.00% |?                                                                                                    |  0/1 Time: 0:03:17 0.00% |?                                                                                                    |  0/1 Time: 0:03:18 0.00% |?                                                                                                    |  0/1 Time: 0:03:19 0.00% |?                                                                                                    |  0/1 Time: 0:03:20 0.00% |?                                                                                                    |  0/1 Time: 0:03:212019-10-17 08:19:56,818 [grpc-default-executor-1] INFO  impl.RaftServerProxy (RaftServerProxy.java:remove(95)) - 99f6549c-1d76-4032-b481-991b9a8ccf89: remove  FOLLOWER 99f6549c-1d76-4032-b481-991b9a8ccf89@group-413E5FE1188A:t2, leader=704bfd07-5e75-419d-aba5-0f2927b551c8, voted=704bfd07-5e75-419d-aba5-0f2927b551c8, raftlog=99f6549c-1d76-4032-b481-991b9a8ccf89@group-413E5FE1188A-SegmentedRaftLog:OPENED:c0,f2,i2, conf=0: [704bfd07-5e75-419d-aba5-0f2927b551c8:192.168.34.62:33038, f164ec13-c99a-4402-99d5-4f3aeeeb4a39:192.168.34.62:44851, 99f6549c-1d76-4032-b481-991b9a8ccf89:192.168.34.62:46667], old=null RUNNING
2019-10-17 08:19:56,819 [grpc-default-executor-1] INFO  impl.RaftServerImpl (RaftServerImpl.java:lambda$shutdown$3(261)) - 99f6549c-1d76-4032-b481-991b9a8ccf89@group-413E5FE1188A: shutdown
2019-10-17 08:19:56,820 [grpc-default-executor-1] INFO  util.JmxRegister (JmxRegister.java:unregister(73)) - Successfully un-registered JMX Bean with object name Ratis:service=RaftServer,group=group-413E5FE1188A,id=99f6549c-1d76-4032-b481-991b9a8ccf89
2019-10-17 08:19:56,820 [grpc-default-executor-1] INFO  impl.RoleInfo (RoleInfo.java:shutdownFollowerState(121)) - 99f6549c-1d76-4032-b481-991b9a8ccf89: shutdown FollowerState
2019-10-17 08:19:56,820 [grpc-default-executor-1] INFO  impl.StateMachineUpdater (StateMachineUpdater.java:stopAndJoin(136)) - 99f6549c-1d76-4032-b481-991b9a8ccf89@group-413E5FE1188A-StateMachineUpdater: set stopIndex = 0
2019-10-17 08:19:56,820 [Thread-493] INFO  impl.FollowerState (FollowerState.java:run(117)) - 99f6549c-1d76-4032-b481-991b9a8ccf89@group-413E5FE1188A-FollowerState was interrupted: java.lang.InterruptedException: sleep interrupted
2019-10-17 08:19:56,824 [grpc-default-executor-1] INFO  impl.RaftServerImpl (ServerState.java:close(388)) - 99f6549c-1d76-4032-b481-991b9a8ccf89@group-413E5FE1188A: closes. applyIndex: 0
2019-10-17 08:19:56,824 [99f6549c-1d76-4032-b481-991b9a8ccf89@group-413E5FE1188A-SegmentedRaftLogWorker] INFO  segmented.SegmentedRaftLogWorker (SegmentedRaftLogWorker.java:run(316)) - 99f6549c-1d76-4032-b481-991b9a8ccf89@group-413E5FE1188A-SegmentedRaftLogWorker was interrupted, exiting. There are 0 tasks remaining in the queue.
2019-10-17 08:19:56,826 [grpc-default-executor-1] INFO  segmented.SegmentedRaftLogWorker (SegmentedRaftLogWorker.java:close(224)) - 99f6549c-1d76-4032-b481-991b9a8ccf89@group-413E5FE1188A-SegmentedRaftLogWorker close()
2019-10-17 08:19:56,887 [grpc-default-executor-1] INFO  interfaces.Container (KeyValueContainer.java:flushAndSyncDB(386)) - Container 5 is synced with bcsId 0.
2019-10-17 08:19:56,887 [grpc-default-executor-1] INFO  interfaces.Container (KeyValueContainer.java:flushAndSyncDB(386)) - Container 5 is synced with bcsId 0.
2019-10-17 08:19:56,907 [EventQueue-IncrementalContainerReportForIncrementalContainerReportHandler] INFO  container.IncrementalContainerReportHandler (AbstractContainerReportHandler.java:updateContainerState(171)) - Moving container #5 to QUASI_CLOSED state, datanode 99f6549c-1d76-4032-b481-991b9a8ccf89{ip: 192.168.34.62, host: pr-hdds-1868-lzclr-202649289, networkLocation: /default-rack, certSerialId: null} reported QUASI_CLOSED replica.
2019-10-17 08:19:56,915 [grpc-default-executor-1] INFO  impl.RaftServerProxy (RaftServerProxy.java:remove(95)) - f164ec13-c99a-4402-99d5-4f3aeeeb4a39: remove  FOLLOWER f164ec13-c99a-4402-99d5-4f3aeeeb4a39@group-413E5FE1188A:t2, leader=704bfd07-5e75-419d-aba5-0f2927b551c8, voted=null, raftlog=f164ec13-c99a-4402-99d5-4f3aeeeb4a39@group-413E5FE1188A-SegmentedRaftLog:OPENED:c0,f2,i2, conf=0: [704bfd07-5e75-419d-aba5-0f2927b551c8:192.168.34.62:33038, f164ec13-c99a-4402-99d5-4f3aeeeb4a39:192.168.34.62:44851, 99f6549c-1d76-4032-b481-991b9a8ccf89:192.168.34.62:46667], old=null RUNNING
2019-10-17 08:19:56,915 [grpc-default-executor-1] INFO  impl.RaftServerImpl (RaftServerImpl.java:lambda$shutdown$3(261)) - f164ec13-c99a-4402-99d5-4f3aeeeb4a39@group-413E5FE1188A: shutdown
2019-10-17 08:19:56,915 [grpc-default-executor-1] INFO  util.JmxRegister (JmxRegister.java:unregister(73)) - Successfully un-registered JMX Bean with object name Ratis:service=RaftServer,group=group-413E5FE1188A,id=f164ec13-c99a-4402-99d5-4f3aeeeb4a39
2019-10-17 08:19:56,916 [grpc-default-executor-1] INFO  impl.RoleInfo (RoleInfo.java:shutdownFollowerState(121)) - f164ec13-c99a-4402-99d5-4f3aeeeb4a39: shutdown FollowerState
2019-10-17 08:19:56,916 [grpc-default-executor-1] INFO  impl.StateMachineUpdater (StateMachineUpdater.java:stopAndJoin(136)) - f164ec13-c99a-4402-99d5-4f3aeeeb4a39@group-413E5FE1188A-StateMachineUpdater: set stopIndex = 0
2019-10-17 08:19:56,916 [Thread-494] INFO  impl.FollowerState (FollowerState.java:run(117)) - f164ec13-c99a-4402-99d5-4f3aeeeb4a39@group-413E5FE1188A-FollowerState was interrupted: java.lang.InterruptedException: sleep interrupted
2019-10-17 08:19:56,919 [grpc-default-executor-1] INFO  impl.RaftServerImpl (ServerState.java:close(388)) - f164ec13-c99a-4402-99d5-4f3aeeeb4a39@group-413E5FE1188A: closes. applyIndex: 0
2019-10-17 08:19:56,919 [f164ec13-c99a-4402-99d5-4f3aeeeb4a39@group-413E5FE1188A-SegmentedRaftLogWorker] INFO  segmented.SegmentedRaftLogWorker (SegmentedRaftLogWorker.java:run(316)) - f164ec13-c99a-4402-99d5-4f3aeeeb4a39@group-413E5FE1188A-SegmentedRaftLogWorker was interrupted, exiting. There are 0 tasks remaining in the queue.
2019-10-17 08:19:56,920 [grpc-default-executor-1] INFO  segmented.SegmentedRaftLogWorker (SegmentedRaftLogWorker.java:close(224)) - f164ec13-c99a-4402-99d5-4f3aeeeb4a39@group-413E5FE1188A-SegmentedRaftLogWorker close()
 0.00% |?                                                                                                    |  0/1 Time: 0:03:222019-10-17 08:19:56,979 [grpc-default-executor-1] INFO  interfaces.Container (KeyValueContainer.java:flushAndSyncDB(386)) - Container 5 is synced with bcsId 0.
2019-10-17 08:19:56,979 [grpc-default-executor-1] INFO  interfaces.Container (KeyValueContainer.java:flushAndSyncDB(386)) - Container 5 is synced with bcsId 0.
2019-10-17 08:19:57,005 [grpc-default-executor-1] INFO  impl.RaftServerProxy (RaftServerProxy.java:remove(95)) - 704bfd07-5e75-419d-aba5-0f2927b551c8: remove    LEADER 704bfd07-5e75-419d-aba5-0f2927b551c8@group-413E5FE1188A:t2, leader=704bfd07-5e75-419d-aba5-0f2927b551c8, voted=704bfd07-5e75-419d-aba5-0f2927b551c8, raftlog=704bfd07-5e75-419d-aba5-0f2927b551c8@group-413E5FE1188A-SegmentedRaftLog:OPENED:c0,f0,i2, conf=0: [704bfd07-5e75-419d-aba5-0f2927b551c8:192.168.34.62:33038, f164ec13-c99a-4402-99d5-4f3aeeeb4a39:192.168.34.62:44851, 99f6549c-1d76-4032-b481-991b9a8ccf89:192.168.34.62:46667], old=null RUNNING
2019-10-17 08:19:57,005 [grpc-default-executor-1] INFO  impl.RaftServerImpl (RaftServerImpl.java:lambda$shutdown$3(261)) - 704bfd07-5e75-419d-aba5-0f2927b551c8@group-413E5FE1188A: shutdown
2019-10-17 08:19:57,006 [grpc-default-executor-1] INFO  util.JmxRegister (JmxRegister.java:unregister(73)) - Successfully un-registered JMX Bean with object name Ratis:service=RaftServer,group=group-413E5FE1188A,id=704bfd07-5e75-419d-aba5-0f2927b551c8
2019-10-17 08:19:57,006 [grpc-default-executor-1] INFO  impl.RoleInfo (RoleInfo.java:shutdownLeaderState(104)) - 704bfd07-5e75-419d-aba5-0f2927b551c8: shutdown LeaderState
2019-10-17 08:19:57,008 [grpc-default-executor-1] INFO  impl.PendingRequests (PendingRequests.java:sendNotLeaderResponses(202)) - 704bfd07-5e75-419d-aba5-0f2927b551c8@group-413E5FE1188A-PendingRequests: sendNotLeaderResponses
2019-10-17 08:19:57,008 [org.apache.ratis.server.impl.LogAppender$AppenderDaemon$$Lambda$461/1224971484@74109257] WARN  server.GrpcLogAppender (GrpcLogAppender.java:mayWait(149)) - 704bfd07-5e75-419d-aba5-0f2927b551c8@group-413E5FE1188A->f164ec13-c99a-4402-99d5-4f3aeeeb4a39-GrpcLogAppender: Wait interrupted by java.lang.InterruptedException
2019-10-17 08:19:57,008 [org.apache.ratis.server.impl.LogAppender$AppenderDaemon$$Lambda$461/1224971484@45ae01da] WARN  server.GrpcLogAppender (GrpcLogAppender.java:mayWait(149)) - 704bfd07-5e75-419d-aba5-0f2927b551c8@group-413E5FE1188A->99f6549c-1d76-4032-b481-991b9a8ccf89-GrpcLogAppender: Wait interrupted by java.lang.InterruptedException
2019-10-17 08:19:57,010 [grpc-default-executor-7] INFO  server.GrpcServerProtocolService (GrpcServerProtocolService.java:onCompleted(113)) - f164ec13-c99a-4402-99d5-4f3aeeeb4a39: Completed APPEND_ENTRIES, lastRequest: 704bfd07-5e75-419d-aba5-0f2927b551c8->f164ec13-c99a-4402-99d5-4f3aeeeb4a39#36-t2, previous=(t:2, i:2), leaderCommit=0, initializing? false, entries: <empty>
2019-10-17 08:19:57,010 [grpc-default-executor-8] INFO  server.GrpcServerProtocolService (GrpcServerProtocolService.java:onCompleted(113)) - 99f6549c-1d76-4032-b481-991b9a8ccf89: Completed APPEND_ENTRIES, lastRequest: 704bfd07-5e75-419d-aba5-0f2927b551c8->99f6549c-1d76-4032-b481-991b9a8ccf89#36-t2, previous=(t:2, i:2), leaderCommit=0, initializing? false, entries: <empty>
2019-10-17 08:19:57,016 [grpc-default-executor-1] INFO  impl.StateMachineUpdater (StateMachineUpdater.java:stopAndJoin(136)) - 704bfd07-5e75-419d-aba5-0f2927b551c8@group-413E5FE1188A-StateMachineUpdater: set stopIndex = 0
2019-10-17 08:19:57,019 [grpc-default-executor-1] INFO  impl.RaftServerImpl (ServerState.java:close(388)) - 704bfd07-5e75-419d-aba5-0f2927b551c8@group-413E5FE1188A: closes. applyIndex: 0
2019-10-17 08:19:57,021 [grpc-default-executor-7] INFO  server.GrpcLogAppender (GrpcLogAppender.java:onCompleted(308)) - 704bfd07-5e75-419d-aba5-0f2927b551c8@group-413E5FE1188A->f164ec13-c99a-4402-99d5-4f3aeeeb4a39-AppendLogResponseHandler: follower responses appendEntries COMPLETED
2019-10-17 08:19:57,021 [704bfd07-5e75-419d-aba5-0f2927b551c8@group-413E5FE1188A-SegmentedRaftLogWorker] INFO  segmented.SegmentedRaftLogWorker (SegmentedRaftLogWorker.java:run(316)) - 704bfd07-5e75-419d-aba5-0f2927b551c8@group-413E5FE1188A-SegmentedRaftLogWorker was interrupted, exiting. There are 0 tasks remaining in the queue.
2019-10-17 08:19:57,021 [grpc-default-executor-7] INFO  impl.FollowerInfo (FollowerInfo.java:lambda$new$0(51)) - 704bfd07-5e75-419d-aba5-0f2927b551c8@group-413E5FE1188A->f164ec13-c99a-4402-99d5-4f3aeeeb4a39: nextIndex: updateUnconditionally 3 -> 2
2019-10-17 08:19:57,023 [grpc-default-executor-1] INFO  segmented.SegmentedRaftLogWorker (SegmentedRaftLogWorker.java:close(224)) - 704bfd07-5e75-419d-aba5-0f2927b551c8@group-413E5FE1188A-SegmentedRaftLogWorker close()
2019-10-17 08:19:57,023 [grpc-default-executor-4] INFO  server.GrpcLogAppender (GrpcLogAppender.java:onCompleted(308)) - 704bfd07-5e75-419d-aba5-0f2927b551c8@group-413E5FE1188A->99f6549c-1d76-4032-b481-991b9a8ccf89-AppendLogResponseHandler: follower responses appendEntries COMPLETED
2019-10-17 08:19:57,026 [grpc-default-executor-4] INFO  impl.FollowerInfo (FollowerInfo.java:lambda$new$0(51)) - 704bfd07-5e75-419d-aba5-0f2927b551c8@group-413E5FE1188A->99f6549c-1d76-4032-b481-991b9a8ccf89: nextIndex: updateUnconditionally 3 -> 2
2019-10-17 08:19:57,034 [RatisPipelineUtilsThread] INFO  pipeline.PipelineStateManager (PipelineStateManager.java:removePipeline(106)) - Pipeline Pipeline[ Id: 9cc71773-d836-469d-9362-413e5fe1188a, Nodes: 99f6549c-1d76-4032-b481-991b9a8ccf89{ip: 192.168.34.62, host: pr-hdds-1868-lzclr-202649289, networkLocation: /default-rack, certSerialId: null}f164ec13-c99a-4402-99d5-4f3aeeeb4a39{ip: 192.168.34.62, host: pr-hdds-1868-lzclr-202649289, networkLocation: /default-rack, certSerialId: null}704bfd07-5e75-419d-aba5-0f2927b551c8{ip: 192.168.34.62, host: pr-hdds-1868-lzclr-202649289, networkLocation: /default-rack, certSerialId: null}, Type:RATIS, Factor:THREE, State:CLOSED] removed from db
2019-10-17 08:19:57,042 [grpc-default-executor-1] INFO  impl.RaftServerProxy (RaftServerProxy.java:remove(95)) - 99f6549c-1d76-4032-b481-991b9a8ccf89: remove group-413E5FE1188A:null
2019-10-17 08:19:57,052 [RatisPipelineUtilsThread] WARN  pipeline.RatisPipelineUtils (RatisPipelineUtils.java:destroyPipeline(69)) - Pipeline destroy failed for pipeline=PipelineID=9cc71773-d836-469d-9362-413e5fe1188a dn=99f6549c-1d76-4032-b481-991b9a8ccf89{ip: 192.168.34.62, host: pr-hdds-1868-lzclr-202649289, networkLocation: /default-rack, certSerialId: null}
2019-10-17 08:19:57,060 [grpc-default-executor-1] INFO  impl.RaftServerProxy (RaftServerProxy.java:remove(95)) - f164ec13-c99a-4402-99d5-4f3aeeeb4a39: remove group-413E5FE1188A:null
2019-10-17 08:19:57,068 [RatisPipelineUtilsThread] WARN  pipeline.RatisPipelineUtils (RatisPipelineUtils.java:destroyPipeline(69)) - Pipeline destroy failed for pipeline=PipelineID=9cc71773-d836-469d-9362-413e5fe1188a dn=f164ec13-c99a-4402-99d5-4f3aeeeb4a39{ip: 192.168.34.62, host: pr-hdds-1868-lzclr-202649289, networkLocation: /default-rack, certSerialId: null}
2019-10-17 08:19:57,075 [grpc-default-executor-1] INFO  impl.RaftServerProxy (RaftServerProxy.java:remove(95)) - 704bfd07-5e75-419d-aba5-0f2927b551c8: remove group-413E5FE1188A:null
2019-10-17 08:19:57,084 [RatisPipelineUtilsThread] WARN  pipeline.RatisPipelineUtils (RatisPipelineUtils.java:destroyPipeline(69)) - Pipeline destroy failed for pipeline=PipelineID=9cc71773-d836-469d-9362-413e5fe1188a dn=704bfd07-5e75-419d-aba5-0f2927b551c8{ip: 192.168.34.62, host: pr-hdds-1868-lzclr-202649289, networkLocation: /default-rack, certSerialId: null}
2019-10-17 08:19:57,085 [RatisPipelineUtilsThread] ERROR pipeline.SCMPipelineManager (Scheduler.java:lambda$schedule$1(70)) - Destroy pipeline failed for pipeline:Pipeline[ Id: 9cc71773-d836-469d-9362-413e5fe1188a, Nodes: 99f6549c-1d76-4032-b481-991b9a8ccf89{ip: 192.168.34.62, host: pr-hdds-1868-lzclr-202649289, networkLocation: /default-rack, certSerialId: null}f164ec13-c99a-4402-99d5-4f3aeeeb4a39{ip: 192.168.34.62, host: pr-hdds-1868-lzclr-202649289, networkLocation: /default-rack, certSerialId: null}704bfd07-5e75-419d-aba5-0f2927b551c8{ip: 192.168.34.62, host: pr-hdds-1868-lzclr-202649289, networkLocation: /default-rack, certSerialId: null}, Type:RATIS, Factor:THREE, State:CLOSED]
org.apache.hadoop.hdds.scm.pipeline.PipelineNotFoundException: PipelineID=9cc71773-d836-469d-9362-413e5fe1188a not found
	at org.apache.hadoop.hdds.scm.pipeline.PipelineStateMap.getPipeline(PipelineStateMap.java:132)
	at org.apache.hadoop.hdds.scm.pipeline.PipelineStateMap.removePipeline(PipelineStateMap.java:322)
	at org.apache.hadoop.hdds.scm.pipeline.PipelineStateManager.removePipeline(PipelineStateManager.java:105)
	at org.apache.hadoop.hdds.scm.pipeline.SCMPipelineManager.removePipeline(SCMPipelineManager.java:427)
	at org.apache.hadoop.hdds.scm.pipeline.SCMPipelineManager.destroyPipeline(SCMPipelineManager.java:413)
	at org.apache.hadoop.hdds.scm.pipeline.SCMPipelineManager.lambda$finalizeAndDestroyPipeline$0(SCMPipelineManager.java:322)
	at org.apache.hadoop.hdds.utils.Scheduler.lambda$schedule$1(Scheduler.java:68)
	at java.util.concurrent.Executors$RunnableAdapter.call(Executors.java:511)
	at java.util.concurrent.FutureTask.run(FutureTask.java:266)
	at java.util.concurrent.ScheduledThreadPoolExecutor$ScheduledFutureTask.access$201(ScheduledThreadPoolExecutor.java:180)
	at java.util.concurrent.ScheduledThreadPoolExecutor$ScheduledFutureTask.run(ScheduledThreadPoolExecutor.java:293)
	at java.util.concurrent.ThreadPoolExecutor.runWorker(ThreadPoolExecutor.java:1149)
	at java.util.concurrent.ThreadPoolExecutor$Worker.run(ThreadPoolExecutor.java:624)
	at java.lang.Thread.run(Thread.java:748)
2019-10-17 08:19:57,099 [grpc-default-executor-4] INFO  impl.RaftServerProxy (RaftServerProxy.java:addNew(89)) - f164ec13-c99a-4402-99d5-4f3aeeeb4a39: addNew group-5EA4F818FACE:[704bfd07-5e75-419d-aba5-0f2927b551c8:192.168.34.62:33038, f164ec13-c99a-4402-99d5-4f3aeeeb4a39:192.168.34.62:44851, 99f6549c-1d76-4032-b481-991b9a8ccf89:192.168.34.62:46667] returns group-5EA4F818FACE:java.util.concurrent.CompletableFuture@1d10b45b[Not completed]
2019-10-17 08:19:57,102 [grpc-default-executor-4] INFO  impl.RaftServerProxy (RaftServerProxy.java:addNew(89)) - 99f6549c-1d76-4032-b481-991b9a8ccf89: addNew group-5EA4F818FACE:[704bfd07-5e75-419d-aba5-0f2927b551c8:192.168.34.62:33038, f164ec13-c99a-4402-99d5-4f3aeeeb4a39:192.168.34.62:44851, 99f6549c-1d76-4032-b481-991b9a8ccf89:192.168.34.62:46667] returns group-5EA4F818FACE:java.util.concurrent.CompletableFuture@b851f8e[Not completed]
2019-10-17 08:19:57,104 [grpc-default-executor-1] INFO  impl.RaftServerProxy (RaftServerProxy.java:addNew(89)) - 704bfd07-5e75-419d-aba5-0f2927b551c8: addNew group-5EA4F818FACE:[704bfd07-5e75-419d-aba5-0f2927b551c8:192.168.34.62:33038, f164ec13-c99a-4402-99d5-4f3aeeeb4a39:192.168.34.62:44851, 99f6549c-1d76-4032-b481-991b9a8ccf89:192.168.34.62:46667] returns group-5EA4F818FACE:java.util.concurrent.CompletableFuture@4cc0ebf8[Not completed]
2019-10-17 08:19:57,108 [pool-47-thread-1] INFO  impl.RaftServerImpl (RaftServerImpl.java:<init>(104)) - f164ec13-c99a-4402-99d5-4f3aeeeb4a39: new RaftServerImpl for group-5EA4F818FACE:[704bfd07-5e75-419d-aba5-0f2927b551c8:192.168.34.62:33038, f164ec13-c99a-4402-99d5-4f3aeeeb4a39:192.168.34.62:44851, 99f6549c-1d76-4032-b481-991b9a8ccf89:192.168.34.62:46667] with ContainerStateMachine:uninitialized
2019-10-17 08:19:57,108 [pool-47-thread-1] INFO  server.RaftServerConfigKeys (ConfUtils.java:logGet(43)) - raft.server.rpc.timeout.min = 5s (custom)
2019-10-17 08:19:57,108 [pool-47-thread-1] INFO  server.RaftServerConfigKeys (ConfUtils.java:logGet(43)) - raft.server.rpc.timeout.max = 5200ms (custom)
2019-10-17 08:19:57,108 [pool-47-thread-1] INFO  server.RaftServerConfigKeys (ConfUtils.java:logGet(43)) - raft.server.rpcslowness.timeout = 120s (custom)
2019-10-17 08:19:57,109 [pool-47-thread-1] INFO  server.RaftServerConfigKeys (ConfUtils.java:logGet(43)) - raft.server.sleep.deviation.threshold = 300 (default)
2019-10-17 08:19:57,109 [pool-37-thread-1] INFO  impl.RaftServerImpl (RaftServerImpl.java:<init>(104)) - 704bfd07-5e75-419d-aba5-0f2927b551c8: new RaftServerImpl for group-5EA4F818FACE:[704bfd07-5e75-419d-aba5-0f2927b551c8:192.168.34.62:33038, f164ec13-c99a-4402-99d5-4f3aeeeb4a39:192.168.34.62:44851, 99f6549c-1d76-4032-b481-991b9a8ccf89:192.168.34.62:46667] with ContainerStateMachine:uninitialized
2019-10-17 08:19:57,109 [pool-47-thread-1] INFO  server.RaftServerConfigKeys (ConfUtils.java:logGet(43)) - raft.server.log.appender.install.snapshot.enabled = false (custom)
2019-10-17 08:19:57,109 [pool-37-thread-1] INFO  server.RaftServerConfigKeys (ConfUtils.java:logGet(43)) - raft.server.rpc.timeout.min = 5s (custom)
2019-10-17 08:19:57,109 [pool-47-thread-1] INFO  impl.RaftServerImpl (ServerState.java:<init>(103)) - f164ec13-c99a-4402-99d5-4f3aeeeb4a39@group-5EA4F818FACE: ConfigurationManager, init=-1: [704bfd07-5e75-419d-aba5-0f2927b551c8:192.168.34.62:33038, f164ec13-c99a-4402-99d5-4f3aeeeb4a39:192.168.34.62:44851, 99f6549c-1d76-4032-b481-991b9a8ccf89:192.168.34.62:46667], old=null, confs=<EMPTY_MAP>
2019-10-17 08:19:57,109 [pool-37-thread-1] INFO  server.RaftServerConfigKeys (ConfUtils.java:logGet(43)) - raft.server.rpc.timeout.max = 5200ms (custom)
2019-10-17 08:19:57,109 [pool-47-thread-1] INFO  server.RaftServerConfigKeys (ConfUtils.java:logGet(43)) - raft.server.storage.dir = [/workdir/hadoop-ozone/tools/target/test-dir/MiniOzoneClusterImpl-b67644f0-1a86-45e5-a341-3f7404ab54fa/datanode-2/data/ratis] (custom)
2019-10-17 08:19:57,109 [pool-37-thread-1] INFO  server.RaftServerConfigKeys (ConfUtils.java:logGet(43)) - raft.server.rpcslowness.timeout = 120s (custom)
2019-10-17 08:19:57,110 [pool-37-thread-1] INFO  server.RaftServerConfigKeys (ConfUtils.java:logGet(43)) - raft.server.sleep.deviation.threshold = 300 (default)
2019-10-17 08:19:57,110 [pool-37-thread-1] INFO  server.RaftServerConfigKeys (ConfUtils.java:logGet(43)) - raft.server.log.appender.install.snapshot.enabled = false (custom)
2019-10-17 08:19:57,110 [pool-37-thread-1] INFO  impl.RaftServerImpl (ServerState.java:<init>(103)) - 704bfd07-5e75-419d-aba5-0f2927b551c8@group-5EA4F818FACE: ConfigurationManager, init=-1: [704bfd07-5e75-419d-aba5-0f2927b551c8:192.168.34.62:33038, f164ec13-c99a-4402-99d5-4f3aeeeb4a39:192.168.34.62:44851, 99f6549c-1d76-4032-b481-991b9a8ccf89:192.168.34.62:46667], old=null, confs=<EMPTY_MAP>
2019-10-17 08:19:57,110 [pool-47-thread-1] INFO  server.RaftServerConfigKeys (ConfUtils.java:logGet(43)) - raft.server.log.corruption.policy = EXCEPTION (default)
2019-10-17 08:19:57,110 [pool-37-thread-1] INFO  server.RaftServerConfigKeys (ConfUtils.java:logGet(43)) - raft.server.storage.dir = [/workdir/hadoop-ozone/tools/target/test-dir/MiniOzoneClusterImpl-b67644f0-1a86-45e5-a341-3f7404ab54fa/datanode-1/data/ratis] (custom)
2019-10-17 08:19:57,111 [pool-47-thread-1] INFO  storage.RaftStorageDirectory (RaftStorageDirectory.java:analyzeStorage(246)) - The storage directory /workdir/hadoop-ozone/tools/target/test-dir/MiniOzoneClusterImpl-b67644f0-1a86-45e5-a341-3f7404ab54fa/datanode-2/data/ratis/17e5400b-7e30-4ff7-a65e-5ea4f818face does not exist. Creating ...
2019-10-17 08:19:57,111 [pool-37-thread-1] INFO  server.RaftServerConfigKeys (ConfUtils.java:logGet(43)) - raft.server.log.corruption.policy = EXCEPTION (default)
2019-10-17 08:19:57,111 [pool-67-thread-1] INFO  impl.RaftServerImpl (RaftServerImpl.java:<init>(104)) - 99f6549c-1d76-4032-b481-991b9a8ccf89: new RaftServerImpl for group-5EA4F818FACE:[704bfd07-5e75-419d-aba5-0f2927b551c8:192.168.34.62:33038, f164ec13-c99a-4402-99d5-4f3aeeeb4a39:192.168.34.62:44851, 99f6549c-1d76-4032-b481-991b9a8ccf89:192.168.34.62:46667] with ContainerStateMachine:uninitialized
2019-10-17 08:19:57,111 [pool-37-thread-1] INFO  storage.RaftStorageDirectory (RaftStorageDirectory.java:analyzeStorage(246)) - The storage directory /workdir/hadoop-ozone/tools/target/test-dir/MiniOzoneClusterImpl-b67644f0-1a86-45e5-a341-3f7404ab54fa/datanode-1/data/ratis/17e5400b-7e30-4ff7-a65e-5ea4f818face does not exist. Creating ...
2019-10-17 08:19:57,111 [pool-67-thread-1] INFO  server.RaftServerConfigKeys (ConfUtils.java:logGet(43)) - raft.server.rpc.timeout.min = 5s (custom)
2019-10-17 08:19:57,111 [pool-67-thread-1] INFO  server.RaftServerConfigKeys (ConfUtils.java:logGet(43)) - raft.server.rpc.timeout.max = 5200ms (custom)
2019-10-17 08:19:57,112 [pool-67-thread-1] INFO  server.RaftServerConfigKeys (ConfUtils.java:logGet(43)) - raft.server.rpcslowness.timeout = 120s (custom)
2019-10-17 08:19:57,112 [pool-67-thread-1] INFO  server.RaftServerConfigKeys (ConfUtils.java:logGet(43)) - raft.server.sleep.deviation.threshold = 300 (default)
2019-10-17 08:19:57,112 [pool-67-thread-1] INFO  server.RaftServerConfigKeys (ConfUtils.java:logGet(43)) - raft.server.log.appender.install.snapshot.enabled = false (custom)
2019-10-17 08:19:57,112 [pool-67-thread-1] INFO  impl.RaftServerImpl (ServerState.java:<init>(103)) - 99f6549c-1d76-4032-b481-991b9a8ccf89@group-5EA4F818FACE: ConfigurationManager, init=-1: [704bfd07-5e75-419d-aba5-0f2927b551c8:192.168.34.62:33038, f164ec13-c99a-4402-99d5-4f3aeeeb4a39:192.168.34.62:44851, 99f6549c-1d76-4032-b481-991b9a8ccf89:192.168.34.62:46667], old=null, confs=<EMPTY_MAP>
2019-10-17 08:19:57,112 [pool-67-thread-1] INFO  server.RaftServerConfigKeys (ConfUtils.java:logGet(43)) - raft.server.storage.dir = [/workdir/hadoop-ozone/tools/target/test-dir/MiniOzoneClusterImpl-b67644f0-1a86-45e5-a341-3f7404ab54fa/datanode-4/data/ratis] (custom)
2019-10-17 08:19:57,113 [pool-67-thread-1] INFO  server.RaftServerConfigKeys (ConfUtils.java:logGet(43)) - raft.server.log.corruption.policy = EXCEPTION (default)
2019-10-17 08:19:57,113 [pool-67-thread-1] INFO  storage.RaftStorageDirectory (RaftStorageDirectory.java:analyzeStorage(246)) - The storage directory /workdir/hadoop-ozone/tools/target/test-dir/MiniOzoneClusterImpl-b67644f0-1a86-45e5-a341-3f7404ab54fa/datanode-4/data/ratis/17e5400b-7e30-4ff7-a65e-5ea4f818face does not exist. Creating ...
2019-10-17 08:19:57,137 [pool-67-thread-1] INFO  storage.RaftStorageDirectory (RaftStorageDirectory.java:tryLock(328)) - Lock on /workdir/hadoop-ozone/tools/target/test-dir/MiniOzoneClusterImpl-b67644f0-1a86-45e5-a341-3f7404ab54fa/datanode-4/data/ratis/17e5400b-7e30-4ff7-a65e-5ea4f818face/in_use.lock acquired by nodename 5904@pr-hdds-1868-lzclr-202649289
2019-10-17 08:19:57,137 [pool-47-thread-1] INFO  storage.RaftStorageDirectory (RaftStorageDirectory.java:tryLock(328)) - Lock on /workdir/hadoop-ozone/tools/target/test-dir/MiniOzoneClusterImpl-b67644f0-1a86-45e5-a341-3f7404ab54fa/datanode-2/data/ratis/17e5400b-7e30-4ff7-a65e-5ea4f818face/in_use.lock acquired by nodename 5904@pr-hdds-1868-lzclr-202649289
2019-10-17 08:19:57,137 [pool-37-thread-1] INFO  storage.RaftStorageDirectory (RaftStorageDirectory.java:tryLock(328)) - Lock on /workdir/hadoop-ozone/tools/target/test-dir/MiniOzoneClusterImpl-b67644f0-1a86-45e5-a341-3f7404ab54fa/datanode-1/data/ratis/17e5400b-7e30-4ff7-a65e-5ea4f818face/in_use.lock acquired by nodename 5904@pr-hdds-1868-lzclr-202649289
2019-10-17 08:19:57,152 [pool-67-thread-1] INFO  storage.RaftStorage (RaftStorage.java:format(84)) - Storage directory /workdir/hadoop-ozone/tools/target/test-dir/MiniOzoneClusterImpl-b67644f0-1a86-45e5-a341-3f7404ab54fa/datanode-4/data/ratis/17e5400b-7e30-4ff7-a65e-5ea4f818face has been successfully formatted.
2019-10-17 08:19:57,152 [pool-47-thread-1] INFO  storage.RaftStorage (RaftStorage.java:format(84)) - Storage directory /workdir/hadoop-ozone/tools/target/test-dir/MiniOzoneClusterImpl-b67644f0-1a86-45e5-a341-3f7404ab54fa/datanode-2/data/ratis/17e5400b-7e30-4ff7-a65e-5ea4f818face has been successfully formatted.
2019-10-17 08:19:57,152 [pool-67-thread-1] INFO  ratis.ContainerStateMachine (ContainerStateMachine.java:loadSnapshot(233)) - group-5EA4F818FACE: The snapshot info is null. Setting the last applied indexto:(t:0, i:~)
2019-10-17 08:19:57,152 [pool-37-thread-1] INFO  storage.RaftStorage (RaftStorage.java:format(84)) - Storage directory /workdir/hadoop-ozone/tools/target/test-dir/MiniOzoneClusterImpl-b67644f0-1a86-45e5-a341-3f7404ab54fa/datanode-1/data/ratis/17e5400b-7e30-4ff7-a65e-5ea4f818face has been successfully formatted.
2019-10-17 08:19:57,152 [pool-67-thread-1] INFO  server.RaftServerConfigKeys (ConfUtils.java:logGet(43)) - raft.server.notification.no-leader.timeout = 120s (custom)
2019-10-17 08:19:57,152 [pool-47-thread-1] INFO  ratis.ContainerStateMachine (ContainerStateMachine.java:loadSnapshot(233)) - group-5EA4F818FACE: The snapshot info is null. Setting the last applied indexto:(t:0, i:~)
2019-10-17 08:19:57,153 [pool-67-thread-1] INFO  server.RaftServerConfigKeys (ConfUtils.java:logGet(43)) - raft.server.log.use.memory = false (default)
2019-10-17 08:19:57,153 [pool-37-thread-1] INFO  ratis.ContainerStateMachine (ContainerStateMachine.java:loadSnapshot(233)) - group-5EA4F818FACE: The snapshot info is null. Setting the last applied indexto:(t:0, i:~)
2019-10-17 08:19:57,153 [pool-67-thread-1] INFO  server.RaftServerConfigKeys (ConfUtils.java:logGet(43)) - raft.server.log.purge.gap = 1000000 (custom)
2019-10-17 08:19:57,153 [pool-47-thread-1] INFO  server.RaftServerConfigKeys (ConfUtils.java:logGet(43)) - raft.server.notification.no-leader.timeout = 120s (custom)
2019-10-17 08:19:57,153 [pool-67-thread-1] INFO  server.RaftServerConfigKeys (ConfUtils.java:logGet(43)) - raft.server.log.appender.buffer.byte-limit = 33554432 (custom)
2019-10-17 08:19:57,153 [pool-37-thread-1] INFO  server.RaftServerConfigKeys (ConfUtils.java:logGet(43)) - raft.server.notification.no-leader.timeout = 120s (custom)
2019-10-17 08:19:57,154 [pool-67-thread-1] INFO  server.RaftServerConfigKeys (ConfUtils.java:logGet(43)) - raft.server.log.segment.size.max = 1048576 (custom)
2019-10-17 08:19:57,153 [pool-47-thread-1] INFO  server.RaftServerConfigKeys (ConfUtils.java:logGet(43)) - raft.server.log.use.memory = false (default)
2019-10-17 08:19:57,154 [pool-67-thread-1] INFO  server.RaftServerConfigKeys (ConfUtils.java:logGet(43)) - raft.server.log.segment.cache.num.max = 2 (custom)
2019-10-17 08:19:57,154 [pool-37-thread-1] INFO  server.RaftServerConfigKeys (ConfUtils.java:logGet(43)) - raft.server.log.use.memory = false (default)
2019-10-17 08:19:57,154 [pool-67-thread-1] INFO  segmented.SegmentedRaftLogWorker (SegmentedRaftLogWorker.java:<init>(173)) - new 99f6549c-1d76-4032-b481-991b9a8ccf89@group-5EA4F818FACE-SegmentedRaftLogWorker for RaftStorage:Storage Directory /workdir/hadoop-ozone/tools/target/test-dir/MiniOzoneClusterImpl-b67644f0-1a86-45e5-a341-3f7404ab54fa/datanode-4/data/ratis/17e5400b-7e30-4ff7-a65e-5ea4f818face
2019-10-17 08:19:57,154 [pool-47-thread-1] INFO  server.RaftServerConfigKeys (ConfUtils.java:logGet(43)) - raft.server.log.purge.gap = 1000000 (custom)
2019-10-17 08:19:57,155 [pool-67-thread-1] INFO  server.RaftServerConfigKeys (ConfUtils.java:logGet(43)) - raft.server.log.queue.byte-limit = 2147483647 (custom)
2019-10-17 08:19:57,154 [pool-37-thread-1] INFO  server.RaftServerConfigKeys (ConfUtils.java:logGet(43)) - raft.server.log.purge.gap = 1000000 (custom)
2019-10-17 08:19:57,155 [pool-67-thread-1] INFO  server.RaftServerConfigKeys (ConfUtils.java:logGet(43)) - raft.server.log.queue.element-limit = 1024 (custom)
2019-10-17 08:19:57,155 [pool-47-thread-1] INFO  server.RaftServerConfigKeys (ConfUtils.java:logGet(43)) - raft.server.log.appender.buffer.byte-limit = 33554432 (custom)
2019-10-17 08:19:57,155 [pool-67-thread-1] INFO  server.RaftServerConfigKeys (ConfUtils.java:logGet(43)) - raft.server.log.segment.size.max = 1048576 (custom)
2019-10-17 08:19:57,155 [pool-37-thread-1] INFO  server.RaftServerConfigKeys (ConfUtils.java:logGet(43)) - raft.server.log.appender.buffer.byte-limit = 33554432 (custom)
2019-10-17 08:19:57,156 [pool-67-thread-1] INFO  server.RaftServerConfigKeys (ConfUtils.java:logGet(43)) - raft.server.log.preallocated.size = 16384 (custom)
2019-10-17 08:19:57,155 [pool-47-thread-1] INFO  server.RaftServerConfigKeys (ConfUtils.java:logGet(43)) - raft.server.log.segment.size.max = 1048576 (custom)
2019-10-17 08:19:57,156 [pool-67-thread-1] INFO  server.RaftServerConfigKeys (ConfUtils.java:logGet(43)) - raft.server.log.write.buffer.size = 33554432 (custom)
2019-10-17 08:19:57,156 [pool-37-thread-1] INFO  server.RaftServerConfigKeys (ConfUtils.java:logGet(43)) - raft.server.log.segment.size.max = 1048576 (custom)
2019-10-17 08:19:57,156 [pool-67-thread-1] INFO  server.RaftServerConfigKeys (ConfUtils.java:logGet(43)) - raft.server.log.force.sync.num = 128 (default)
2019-10-17 08:19:57,156 [pool-47-thread-1] INFO  server.RaftServerConfigKeys (ConfUtils.java:logGet(43)) - raft.server.log.segment.cache.num.max = 2 (custom)
2019-10-17 08:19:57,157 [pool-67-thread-1] INFO  server.RaftServerConfigKeys (ConfUtils.java:logGet(43)) - raft.server.log.statemachine.data.sync = true (default)
2019-10-17 08:19:57,156 [pool-37-thread-1] INFO  server.RaftServerConfigKeys (ConfUtils.java:logGet(43)) - raft.server.log.segment.cache.num.max = 2 (custom)
2019-10-17 08:19:57,157 [pool-67-thread-1] INFO  server.RaftServerConfigKeys (ConfUtils.java:logGet(43)) - raft.server.log.statemachine.data.sync.timeout = 10s (default)
2019-10-17 08:19:57,157 [pool-47-thread-1] INFO  segmented.SegmentedRaftLogWorker (SegmentedRaftLogWorker.java:<init>(173)) - new f164ec13-c99a-4402-99d5-4f3aeeeb4a39@group-5EA4F818FACE-SegmentedRaftLogWorker for RaftStorage:Storage Directory /workdir/hadoop-ozone/tools/target/test-dir/MiniOzoneClusterImpl-b67644f0-1a86-45e5-a341-3f7404ab54fa/datanode-2/data/ratis/17e5400b-7e30-4ff7-a65e-5ea4f818face
2019-10-17 08:19:57,157 [pool-67-thread-1] INFO  server.RaftServerConfigKeys (ConfUtils.java:logGet(43)) - raft.server.log.statemachine.data.sync.timeout.retry = -1 (default)
2019-10-17 08:19:57,157 [pool-37-thread-1] INFO  segmented.SegmentedRaftLogWorker (SegmentedRaftLogWorker.java:<init>(173)) - new 704bfd07-5e75-419d-aba5-0f2927b551c8@group-5EA4F818FACE-SegmentedRaftLogWorker for RaftStorage:Storage Directory /workdir/hadoop-ozone/tools/target/test-dir/MiniOzoneClusterImpl-b67644f0-1a86-45e5-a341-3f7404ab54fa/datanode-1/data/ratis/17e5400b-7e30-4ff7-a65e-5ea4f818face
2019-10-17 08:19:57,157 [pool-47-thread-1] INFO  server.RaftServerConfigKeys (ConfUtils.java:logGet(43)) - raft.server.log.queue.byte-limit = 2147483647 (custom)
2019-10-17 08:19:57,158 [pool-37-thread-1] INFO  server.RaftServerConfigKeys (ConfUtils.java:logGet(43)) - raft.server.log.queue.byte-limit = 2147483647 (custom)
2019-10-17 08:19:57,158 [pool-67-thread-1] INFO  server.RaftServerConfigKeys (ConfUtils.java:logGet(43)) - raft.server.log.statemachine.data.caching.enabled = true (custom)
2019-10-17 08:19:57,158 [pool-37-thread-1] INFO  server.RaftServerConfigKeys (ConfUtils.java:logGet(43)) - raft.server.log.queue.element-limit = 1024 (custom)
2019-10-17 08:19:57,158 [pool-47-thread-1] INFO  server.RaftServerConfigKeys (ConfUtils.java:logGet(43)) - raft.server.log.queue.element-limit = 1024 (custom)
2019-10-17 08:19:57,159 [pool-67-thread-1] INFO  segmented.SegmentedRaftLogWorker (SegmentedRaftLogWorker.java:lambda$new$0(128)) - 99f6549c-1d76-4032-b481-991b9a8ccf89@group-5EA4F818FACE-SegmentedRaftLogWorker: flushIndex: setUnconditionally 0 -> -1
2019-10-17 08:19:57,159 [pool-37-thread-1] INFO  server.RaftServerConfigKeys (ConfUtils.java:logGet(43)) - raft.server.log.segment.size.max = 1048576 (custom)
2019-10-17 08:19:57,159 [pool-47-thread-1] INFO  server.RaftServerConfigKeys (ConfUtils.java:logGet(43)) - raft.server.log.segment.size.max = 1048576 (custom)
2019-10-17 08:19:57,159 [pool-67-thread-1] INFO  server.RaftServerConfigKeys (ConfUtils.java:logGet(43)) - raft.server.snapshot.auto.trigger.enabled = true (custom)
2019-10-17 08:19:57,159 [pool-37-thread-1] INFO  server.RaftServerConfigKeys (ConfUtils.java:logGet(43)) - raft.server.log.preallocated.size = 16384 (custom)
2019-10-17 08:19:57,159 [pool-67-thread-1] INFO  server.RaftServerConfigKeys (ConfUtils.java:logGet(43)) - raft.server.snapshot.auto.trigger.threshold = 10000 (custom)
2019-10-17 08:19:57,159 [pool-47-thread-1] INFO  server.RaftServerConfigKeys (ConfUtils.java:logGet(43)) - raft.server.log.preallocated.size = 16384 (custom)
2019-10-17 08:19:57,160 [pool-67-thread-1] INFO  server.RaftServerConfigKeys (ConfUtils.java:logGet(43)) - raft.server.snapshot.retention.file.num = 5 (custom)
2019-10-17 08:19:57,160 [pool-37-thread-1] INFO  server.RaftServerConfigKeys (ConfUtils.java:logGet(43)) - raft.server.log.write.buffer.size = 33554432 (custom)
2019-10-17 08:19:57,160 [pool-67-thread-1] INFO  server.RaftServerConfigKeys (ConfUtils.java:logGet(43)) - raft.server.retrycache.expirytime = 600000ms (custom)
2019-10-17 08:19:57,160 [pool-47-thread-1] INFO  server.RaftServerConfigKeys (ConfUtils.java:logGet(43)) - raft.server.log.write.buffer.size = 33554432 (custom)
2019-10-17 08:19:57,160 [pool-37-thread-1] INFO  server.RaftServerConfigKeys (ConfUtils.java:logGet(43)) - raft.server.log.force.sync.num = 128 (default)
2019-10-17 08:19:57,161 [pool-47-thread-1] INFO  server.RaftServerConfigKeys (ConfUtils.java:logGet(43)) - raft.server.log.force.sync.num = 128 (default)
2019-10-17 08:19:57,161 [pool-37-thread-1] INFO  server.RaftServerConfigKeys (ConfUtils.java:logGet(43)) - raft.server.log.statemachine.data.sync = true (default)
2019-10-17 08:19:57,161 [pool-47-thread-1] INFO  server.RaftServerConfigKeys (ConfUtils.java:logGet(43)) - raft.server.log.statemachine.data.sync = true (default)
2019-10-17 08:19:57,161 [pool-37-thread-1] INFO  server.RaftServerConfigKeys (ConfUtils.java:logGet(43)) - raft.server.log.statemachine.data.sync.timeout = 10s (default)
2019-10-17 08:19:57,161 [pool-47-thread-1] INFO  server.RaftServerConfigKeys (ConfUtils.java:logGet(43)) - raft.server.log.statemachine.data.sync.timeout = 10s (default)
2019-10-17 08:19:57,161 [pool-37-thread-1] INFO  server.RaftServerConfigKeys (ConfUtils.java:logGet(43)) - raft.server.log.statemachine.data.sync.timeout.retry = -1 (default)
2019-10-17 08:19:57,162 [pool-47-thread-1] INFO  server.RaftServerConfigKeys (ConfUtils.java:logGet(43)) - raft.server.log.statemachine.data.sync.timeout.retry = -1 (default)
2019-10-17 08:19:57,162 [pool-37-thread-1] INFO  server.RaftServerConfigKeys (ConfUtils.java:logGet(43)) - raft.server.log.statemachine.data.caching.enabled = true (custom)
2019-10-17 08:19:57,162 [pool-47-thread-1] INFO  server.RaftServerConfigKeys (ConfUtils.java:logGet(43)) - raft.server.log.statemachine.data.caching.enabled = true (custom)
2019-10-17 08:19:57,162 [pool-37-thread-1] INFO  segmented.SegmentedRaftLogWorker (SegmentedRaftLogWorker.java:lambda$new$0(128)) - 704bfd07-5e75-419d-aba5-0f2927b551c8@group-5EA4F818FACE-SegmentedRaftLogWorker: flushIndex: setUnconditionally 0 -> -1
2019-10-17 08:19:57,162 [pool-47-thread-1] INFO  segmented.SegmentedRaftLogWorker (SegmentedRaftLogWorker.java:lambda$new$0(128)) - f164ec13-c99a-4402-99d5-4f3aeeeb4a39@group-5EA4F818FACE-SegmentedRaftLogWorker: flushIndex: setUnconditionally 0 -> -1
2019-10-17 08:19:57,163 [pool-37-thread-1] INFO  server.RaftServerConfigKeys (ConfUtils.java:logGet(43)) - raft.server.snapshot.auto.trigger.enabled = true (custom)
2019-10-17 08:19:57,163 [pool-37-thread-1] INFO  server.RaftServerConfigKeys (ConfUtils.java:logGet(43)) - raft.server.snapshot.auto.trigger.threshold = 10000 (custom)
2019-10-17 08:19:57,163 [pool-47-thread-1] INFO  server.RaftServerConfigKeys (ConfUtils.java:logGet(43)) - raft.server.snapshot.auto.trigger.enabled = true (custom)
2019-10-17 08:19:57,163 [pool-37-thread-1] INFO  server.RaftServerConfigKeys (ConfUtils.java:logGet(43)) - raft.server.snapshot.retention.file.num = 5 (custom)
2019-10-17 08:19:57,163 [pool-47-thread-1] INFO  server.RaftServerConfigKeys (ConfUtils.java:logGet(43)) - raft.server.snapshot.auto.trigger.threshold = 10000 (custom)
2019-10-17 08:19:57,163 [pool-37-thread-1] INFO  server.RaftServerConfigKeys (ConfUtils.java:logGet(43)) - raft.server.retrycache.expirytime = 600000ms (custom)
2019-10-17 08:19:57,163 [pool-47-thread-1] INFO  server.RaftServerConfigKeys (ConfUtils.java:logGet(43)) - raft.server.snapshot.retention.file.num = 5 (custom)
2019-10-17 08:19:57,164 [pool-47-thread-1] INFO  server.RaftServerConfigKeys (ConfUtils.java:logGet(43)) - raft.server.retrycache.expirytime = 600000ms (custom)
2019-10-17 08:19:57,165 [pool-67-thread-1] INFO  impl.RaftServerImpl (RaftServerImpl.java:start(195)) - 99f6549c-1d76-4032-b481-991b9a8ccf89@group-5EA4F818FACE: start as a follower, conf=-1: [704bfd07-5e75-419d-aba5-0f2927b551c8:192.168.34.62:33038, f164ec13-c99a-4402-99d5-4f3aeeeb4a39:192.168.34.62:44851, 99f6549c-1d76-4032-b481-991b9a8ccf89:192.168.34.62:46667], old=null
2019-10-17 08:19:57,165 [pool-67-thread-1] INFO  impl.RaftServerImpl (RaftServerImpl.java:setRole(184)) - 99f6549c-1d76-4032-b481-991b9a8ccf89@group-5EA4F818FACE: changes role from      null to FOLLOWER at term 0 for startAsFollower
2019-10-17 08:19:57,165 [pool-67-thread-1] INFO  impl.RoleInfo (RoleInfo.java:updateAndGet(143)) - 99f6549c-1d76-4032-b481-991b9a8ccf89: start FollowerState
2019-10-17 08:19:57,166 [pool-67-thread-1] INFO  util.JmxRegister (JmxRegister.java:tryRegister(44)) - Successfully registered JMX Bean with object name Ratis:service=RaftServer,group=group-5EA4F818FACE,id=99f6549c-1d76-4032-b481-991b9a8ccf89
2019-10-17 08:19:57,169 [pool-37-thread-1] INFO  impl.RaftServerImpl (RaftServerImpl.java:start(195)) - 704bfd07-5e75-419d-aba5-0f2927b551c8@group-5EA4F818FACE: start as a follower, conf=-1: [704bfd07-5e75-419d-aba5-0f2927b551c8:192.168.34.62:33038, f164ec13-c99a-4402-99d5-4f3aeeeb4a39:192.168.34.62:44851, 99f6549c-1d76-4032-b481-991b9a8ccf89:192.168.34.62:46667], old=null
2019-10-17 08:19:57,169 [pool-37-thread-1] INFO  impl.RaftServerImpl (RaftServerImpl.java:setRole(184)) - 704bfd07-5e75-419d-aba5-0f2927b551c8@group-5EA4F818FACE: changes role from      null to FOLLOWER at term 0 for startAsFollower
2019-10-17 08:19:57,169 [pool-37-thread-1] INFO  impl.RoleInfo (RoleInfo.java:updateAndGet(143)) - 704bfd07-5e75-419d-aba5-0f2927b551c8: start FollowerState
2019-10-17 08:19:57,169 [pool-47-thread-1] INFO  impl.RaftServerImpl (RaftServerImpl.java:start(195)) - f164ec13-c99a-4402-99d5-4f3aeeeb4a39@group-5EA4F818FACE: start as a follower, conf=-1: [704bfd07-5e75-419d-aba5-0f2927b551c8:192.168.34.62:33038, f164ec13-c99a-4402-99d5-4f3aeeeb4a39:192.168.34.62:44851, 99f6549c-1d76-4032-b481-991b9a8ccf89:192.168.34.62:46667], old=null
2019-10-17 08:19:57,170 [pool-37-thread-1] INFO  util.JmxRegister (JmxRegister.java:tryRegister(44)) - Successfully registered JMX Bean with object name Ratis:service=RaftServer,group=group-5EA4F818FACE,id=704bfd07-5e75-419d-aba5-0f2927b551c8
2019-10-17 08:19:57,170 [pool-47-thread-1] INFO  impl.RaftServerImpl (RaftServerImpl.java:setRole(184)) - f164ec13-c99a-4402-99d5-4f3aeeeb4a39@group-5EA4F818FACE: changes role from      null to FOLLOWER at term 0 for startAsFollower
2019-10-17 08:19:57,170 [pool-47-thread-1] INFO  impl.RoleInfo (RoleInfo.java:updateAndGet(143)) - f164ec13-c99a-4402-99d5-4f3aeeeb4a39: start FollowerState
2019-10-17 08:19:57,170 [pool-47-thread-1] INFO  util.JmxRegister (JmxRegister.java:tryRegister(44)) - Successfully registered JMX Bean with object name Ratis:service=RaftServer,group=group-5EA4F818FACE,id=f164ec13-c99a-4402-99d5-4f3aeeeb4a39
2019-10-17 08:19:57,184 [RatisPipelineUtilsThread] INFO  pipeline.PipelineStateManager (PipelineStateManager.java:addPipeline(55)) - Created pipeline Pipeline[ Id: 17e5400b-7e30-4ff7-a65e-5ea4f818face, Nodes: 99f6549c-1d76-4032-b481-991b9a8ccf89{ip: 192.168.34.62, host: pr-hdds-1868-lzclr-202649289, networkLocation: /default-rack, certSerialId: null}f164ec13-c99a-4402-99d5-4f3aeeeb4a39{ip: 192.168.34.62, host: pr-hdds-1868-lzclr-202649289, networkLocation: /default-rack, certSerialId: null}704bfd07-5e75-419d-aba5-0f2927b551c8{ip: 192.168.34.62, host: pr-hdds-1868-lzclr-202649289, networkLocation: /default-rack, certSerialId: null}, Type:RATIS, Factor:THREE, State:ALLOCATED]
2019-10-17 08:19:57,270 [Thread-644] INFO  impl.FollowerState (FollowerState.java:run(108)) - 99f6549c-1d76-4032-b481-991b9a8ccf89@group-5EA4F818FACE-FollowerState: change to CANDIDATE, lastRpcTime:104ms, electionTimeout:104ms
2019-10-17 08:19:57,270 [Thread-644] INFO  impl.RoleInfo (RoleInfo.java:shutdownFollowerState(121)) - 99f6549c-1d76-4032-b481-991b9a8ccf89: shutdown FollowerState
2019-10-17 08:19:57,271 [Thread-644] INFO  impl.RaftServerImpl (RaftServerImpl.java:setRole(184)) - 99f6549c-1d76-4032-b481-991b9a8ccf89@group-5EA4F818FACE: changes role from  FOLLOWER to CANDIDATE at term 0 for changeToCandidate
2019-10-17 08:19:57,271 [Thread-644] INFO  impl.RoleInfo (RoleInfo.java:updateAndGet(143)) - 99f6549c-1d76-4032-b481-991b9a8ccf89: start LeaderElection
2019-10-17 08:19:57,289 [99f6549c-1d76-4032-b481-991b9a8ccf89@group-5EA4F818FACE-LeaderElection13] INFO  impl.LeaderElection (LeaderElection.java:askForVotes(178)) - 99f6549c-1d76-4032-b481-991b9a8ccf89@group-5EA4F818FACE-LeaderElection13: begin an election at term 1 for -1: [704bfd07-5e75-419d-aba5-0f2927b551c8:192.168.34.62:33038, f164ec13-c99a-4402-99d5-4f3aeeeb4a39:192.168.34.62:44851, 99f6549c-1d76-4032-b481-991b9a8ccf89:192.168.34.62:46667], old=null
2019-10-17 08:19:57,306 [Thread-645] INFO  impl.FollowerState (FollowerState.java:run(108)) - 704bfd07-5e75-419d-aba5-0f2927b551c8@group-5EA4F818FACE-FollowerState: change to CANDIDATE, lastRpcTime:136ms, electionTimeout:136ms
2019-10-17 08:19:57,312 [Thread-645] INFO  impl.RoleInfo (RoleInfo.java:shutdownFollowerState(121)) - 704bfd07-5e75-419d-aba5-0f2927b551c8: shutdown FollowerState
2019-10-17 08:19:57,313 [Thread-645] INFO  impl.RaftServerImpl (RaftServerImpl.java:setRole(184)) - 704bfd07-5e75-419d-aba5-0f2927b551c8@group-5EA4F818FACE: changes role from  FOLLOWER to CANDIDATE at term 0 for changeToCandidate
2019-10-17 08:19:57,313 [grpc-default-executor-1] INFO  impl.RaftServerImpl (RaftServerImpl.java:setRole(184)) - f164ec13-c99a-4402-99d5-4f3aeeeb4a39@group-5EA4F818FACE: changes role from  FOLLOWER to FOLLOWER at term 1 for recognizeCandidate:99f6549c-1d76-4032-b481-991b9a8ccf89
2019-10-17 08:19:57,313 [Thread-645] INFO  impl.RoleInfo (RoleInfo.java:updateAndGet(143)) - 704bfd07-5e75-419d-aba5-0f2927b551c8: start LeaderElection
2019-10-17 08:19:57,314 [grpc-default-executor-1] INFO  impl.RoleInfo (RoleInfo.java:shutdownFollowerState(121)) - f164ec13-c99a-4402-99d5-4f3aeeeb4a39: shutdown FollowerState
2019-10-17 08:19:57,314 [grpc-default-executor-1] INFO  impl.RoleInfo (RoleInfo.java:updateAndGet(143)) - f164ec13-c99a-4402-99d5-4f3aeeeb4a39: start FollowerState
2019-10-17 08:19:57,314 [Thread-646] INFO  impl.FollowerState (FollowerState.java:run(117)) - f164ec13-c99a-4402-99d5-4f3aeeeb4a39@group-5EA4F818FACE-FollowerState was interrupted: java.lang.InterruptedException: sleep interrupted
2019-10-17 08:19:57,317 [grpc-default-executor-4] INFO  impl.RaftServerImpl (RaftServerImpl.java:setRole(184)) - 704bfd07-5e75-419d-aba5-0f2927b551c8@group-5EA4F818FACE: changes role from CANDIDATE to FOLLOWER at term 1 for recognizeCandidate:99f6549c-1d76-4032-b481-991b9a8ccf89
2019-10-17 08:19:57,317 [grpc-default-executor-4] INFO  impl.RoleInfo (RoleInfo.java:shutdownLeaderElection(134)) - 704bfd07-5e75-419d-aba5-0f2927b551c8: shutdown LeaderElection
2019-10-17 08:19:57,317 [grpc-default-executor-4] INFO  impl.RoleInfo (RoleInfo.java:updateAndGet(143)) - 704bfd07-5e75-419d-aba5-0f2927b551c8: start FollowerState
2019-10-17 08:19:57,331 [Thread-655] INFO  impl.FollowerState (FollowerState.java:run(108)) - 704bfd07-5e75-419d-aba5-0f2927b551c8@group-5EA4F818FACE-FollowerState: change to CANDIDATE, lastRpcTime:13ms, electionTimeout:10ms
2019-10-17 08:19:57,331 [Thread-655] INFO  impl.RoleInfo (RoleInfo.java:shutdownFollowerState(121)) - 704bfd07-5e75-419d-aba5-0f2927b551c8: shutdown FollowerState
2019-10-17 08:19:57,331 [Thread-655] INFO  impl.RaftServerImpl (RaftServerImpl.java:setRole(184)) - 704bfd07-5e75-419d-aba5-0f2927b551c8@group-5EA4F818FACE: changes role from  FOLLOWER to CANDIDATE at term 1 for changeToCandidate
2019-10-17 08:19:57,331 [Thread-655] INFO  impl.RoleInfo (RoleInfo.java:updateAndGet(143)) - 704bfd07-5e75-419d-aba5-0f2927b551c8: start LeaderElection
2019-10-17 08:19:57,337 [99f6549c-1d76-4032-b481-991b9a8ccf89@group-5EA4F818FACE-LeaderElection13] INFO  impl.LeaderElection (LeaderElection.java:logAndReturn(56)) - 99f6549c-1d76-4032-b481-991b9a8ccf89@group-5EA4F818FACE-LeaderElection13: Election PASSED; received 1 response(s) [99f6549c-1d76-4032-b481-991b9a8ccf89<-f164ec13-c99a-4402-99d5-4f3aeeeb4a39#0:OK-t1] and 0 exception(s); 99f6549c-1d76-4032-b481-991b9a8ccf89@group-5EA4F818FACE:t1, leader=null, voted=99f6549c-1d76-4032-b481-991b9a8ccf89, raftlog=99f6549c-1d76-4032-b481-991b9a8ccf89@group-5EA4F818FACE-SegmentedRaftLog:OPENED:c-1,f-1,i0, conf=-1: [704bfd07-5e75-419d-aba5-0f2927b551c8:192.168.34.62:33038, f164ec13-c99a-4402-99d5-4f3aeeeb4a39:192.168.34.62:44851, 99f6549c-1d76-4032-b481-991b9a8ccf89:192.168.34.62:46667], old=null
2019-10-17 08:19:57,337 [99f6549c-1d76-4032-b481-991b9a8ccf89@group-5EA4F818FACE-LeaderElection13] INFO  impl.RoleInfo (RoleInfo.java:shutdownLeaderElection(134)) - 99f6549c-1d76-4032-b481-991b9a8ccf89: shutdown LeaderElection
2019-10-17 08:19:57,339 [99f6549c-1d76-4032-b481-991b9a8ccf89@group-5EA4F818FACE-LeaderElection13] INFO  impl.RaftServerImpl (RaftServerImpl.java:setRole(184)) - 99f6549c-1d76-4032-b481-991b9a8ccf89@group-5EA4F818FACE: changes role from CANDIDATE to LEADER at term 1 for changeToLeader
2019-10-17 08:19:57,339 [99f6549c-1d76-4032-b481-991b9a8ccf89@group-5EA4F818FACE-LeaderElection13] INFO  ratis.XceiverServerRatis (XceiverServerRatis.java:handleLeaderChangedNotification(699)) - Leader change notification received for group: group-5EA4F818FACE with new leaderId: 99f6549c-1d76-4032-b481-991b9a8ccf89
2019-10-17 08:19:57,339 [99f6549c-1d76-4032-b481-991b9a8ccf89@group-5EA4F818FACE-LeaderElection13] INFO  impl.RaftServerImpl (ServerState.java:setLeader(256)) - 99f6549c-1d76-4032-b481-991b9a8ccf89@group-5EA4F818FACE: change Leader from null to 99f6549c-1d76-4032-b481-991b9a8ccf89 at term 1 for becomeLeader, leader elected after 186ms
2019-10-17 08:19:57,340 [99f6549c-1d76-4032-b481-991b9a8ccf89@group-5EA4F818FACE-LeaderElection13] INFO  server.RaftServerConfigKeys (ConfUtils.java:logGet(43)) - raft.server.staging.catchup.gap = 1000 (default)
2019-10-17 08:19:57,340 [99f6549c-1d76-4032-b481-991b9a8ccf89@group-5EA4F818FACE-LeaderElection13] INFO  server.RaftServerConfigKeys (ConfUtils.java:logGet(43)) - raft.server.rpc.sleep.time = 25ms (default)
2019-10-17 08:19:57,340 [99f6549c-1d76-4032-b481-991b9a8ccf89@group-5EA4F818FACE-LeaderElection13] INFO  server.RaftServerConfigKeys (ConfUtils.java:logGet(43)) - raft.server.write.element-limit = 4096 (default)
2019-10-17 08:19:57,340 [99f6549c-1d76-4032-b481-991b9a8ccf89@group-5EA4F818FACE-LeaderElection13] INFO  server.RaftServerConfigKeys (ConfUtils.java:logGet(43)) - raft.server.watch.timeout = 10s (default)
2019-10-17 08:19:57,340 [99f6549c-1d76-4032-b481-991b9a8ccf89@group-5EA4F818FACE-LeaderElection13] INFO  server.RaftServerConfigKeys (ConfUtils.java:logGet(43)) - raft.server.watch.timeout.denomination = 1s (default)
2019-10-17 08:19:57,341 [99f6549c-1d76-4032-b481-991b9a8ccf89@group-5EA4F818FACE-LeaderElection13] INFO  server.RaftServerConfigKeys (ConfUtils.java:logGet(43)) - raft.server.watch.element-limit = 65536 (default)
2019-10-17 08:19:57,341 [EventQueue-PipelineReportForPipelineReportHandler] INFO  pipeline.PipelineReportHandler (PipelineReportHandler.java:processPipelineReport(119)) - Pipeline PipelineID=17e5400b-7e30-4ff7-a65e-5ea4f818face reported by 99f6549c-1d76-4032-b481-991b9a8ccf89{ip: 192.168.34.62, host: pr-hdds-1868-lzclr-202649289, networkLocation: /default-rack, certSerialId: null} with leaderId 99f6549c-1d76-4032-b481-991b9a8ccf89
2019-10-17 08:19:57,346 [99f6549c-1d76-4032-b481-991b9a8ccf89@group-5EA4F818FACE-LeaderElection13] INFO  server.RaftServerConfigKeys (ConfUtils.java:logGet(43)) - raft.server.log.appender.snapshot.chunk.size.max = 16MB (=16777216) (default)
2019-10-17 08:19:57,346 [99f6549c-1d76-4032-b481-991b9a8ccf89@group-5EA4F818FACE-LeaderElection13] INFO  server.RaftServerConfigKeys (ConfUtils.java:logGet(43)) - raft.server.log.appender.buffer.byte-limit = 33554432 (custom)
2019-10-17 08:19:57,346 [99f6549c-1d76-4032-b481-991b9a8ccf89@group-5EA4F818FACE-LeaderElection13] INFO  server.RaftServerConfigKeys (ConfUtils.java:logGet(43)) - raft.server.log.appender.buffer.element-limit = 1 (custom)
2019-10-17 08:19:57,346 [99f6549c-1d76-4032-b481-991b9a8ccf89@group-5EA4F818FACE-LeaderElection13] INFO  grpc.GrpcConfigKeys$Server (ConfUtils.java:logGet(43)) - raft.grpc.server.leader.outstanding.appends.max = 128 (default)
2019-10-17 08:19:57,347 [99f6549c-1d76-4032-b481-991b9a8ccf89@group-5EA4F818FACE-LeaderElection13] INFO  server.RaftServerConfigKeys (ConfUtils.java:logGet(43)) - raft.server.rpc.request.timeout = 3000ms (default)
2019-10-17 08:19:57,347 [99f6549c-1d76-4032-b481-991b9a8ccf89@group-5EA4F818FACE-LeaderElection13] INFO  server.RaftServerConfigKeys (ConfUtils.java:logGet(43)) - raft.server.log.appender.install.snapshot.enabled = false (custom)
2019-10-17 08:19:57,350 [99f6549c-1d76-4032-b481-991b9a8ccf89@group-5EA4F818FACE-LeaderElection13] INFO  server.RaftServerConfigKeys (ConfUtils.java:logGet(43)) - raft.server.log.appender.snapshot.chunk.size.max = 16MB (=16777216) (default)
2019-10-17 08:19:57,351 [99f6549c-1d76-4032-b481-991b9a8ccf89@group-5EA4F818FACE-LeaderElection13] INFO  server.RaftServerConfigKeys (ConfUtils.java:logGet(43)) - raft.server.log.appender.buffer.byte-limit = 33554432 (custom)
2019-10-17 08:19:57,351 [99f6549c-1d76-4032-b481-991b9a8ccf89@group-5EA4F818FACE-LeaderElection13] INFO  server.RaftServerConfigKeys (ConfUtils.java:logGet(43)) - raft.server.log.appender.buffer.element-limit = 1 (custom)
2019-10-17 08:19:57,351 [99f6549c-1d76-4032-b481-991b9a8ccf89@group-5EA4F818FACE-LeaderElection13] INFO  grpc.GrpcConfigKeys$Server (ConfUtils.java:logGet(43)) - raft.grpc.server.leader.outstanding.appends.max = 128 (default)
2019-10-17 08:19:57,351 [99f6549c-1d76-4032-b481-991b9a8ccf89@group-5EA4F818FACE-LeaderElection13] INFO  server.RaftServerConfigKeys (ConfUtils.java:logGet(43)) - raft.server.rpc.request.timeout = 3000ms (default)
2019-10-17 08:19:57,352 [99f6549c-1d76-4032-b481-991b9a8ccf89@group-5EA4F818FACE-LeaderElection13] INFO  server.RaftServerConfigKeys (ConfUtils.java:logGet(43)) - raft.server.log.appender.install.snapshot.enabled = false (custom)
2019-10-17 08:19:57,355 [99f6549c-1d76-4032-b481-991b9a8ccf89@group-5EA4F818FACE-LeaderElection13] INFO  impl.RoleInfo (RoleInfo.java:updateAndGet(143)) - 99f6549c-1d76-4032-b481-991b9a8ccf89: start LeaderState
2019-10-17 08:19:57,355 [99f6549c-1d76-4032-b481-991b9a8ccf89@group-5EA4F818FACE-LeaderElection13] INFO  segmented.SegmentedRaftLogWorker (SegmentedRaftLogWorker.java:startLogSegment(385)) - 99f6549c-1d76-4032-b481-991b9a8ccf89@group-5EA4F818FACE-SegmentedRaftLogWorker: Starting segment from index:0
2019-10-17 08:19:57,356 [99f6549c-1d76-4032-b481-991b9a8ccf89@group-5EA4F818FACE-LeaderElection13] INFO  impl.RaftServerImpl (ServerState.java:setRaftConf(357)) - 99f6549c-1d76-4032-b481-991b9a8ccf89@group-5EA4F818FACE: set configuration 0: [704bfd07-5e75-419d-aba5-0f2927b551c8:192.168.34.62:33038, f164ec13-c99a-4402-99d5-4f3aeeeb4a39:192.168.34.62:44851, 99f6549c-1d76-4032-b481-991b9a8ccf89:192.168.34.62:46667], old=null at 0
2019-10-17 08:19:57,359 [grpc-default-executor-1] INFO  ratis.XceiverServerRatis (XceiverServerRatis.java:handleLeaderChangedNotification(699)) - Leader change notification received for group: group-5EA4F818FACE with new leaderId: 99f6549c-1d76-4032-b481-991b9a8ccf89
2019-10-17 08:19:57,360 [grpc-default-executor-1] INFO  impl.RaftServerImpl (ServerState.java:setLeader(256)) - f164ec13-c99a-4402-99d5-4f3aeeeb4a39@group-5EA4F818FACE: change Leader from null to 99f6549c-1d76-4032-b481-991b9a8ccf89 at term 1 for appendEntries, leader elected after 206ms
2019-10-17 08:19:57,362 [704bfd07-5e75-419d-aba5-0f2927b551c8@group-5EA4F818FACE-LeaderElection14] INFO  impl.LeaderElection (LeaderElection.java:askForVotes(178)) - 704bfd07-5e75-419d-aba5-0f2927b551c8@group-5EA4F818FACE-LeaderElection14: begin an election at term 2 for -1: [704bfd07-5e75-419d-aba5-0f2927b551c8:192.168.34.62:33038, f164ec13-c99a-4402-99d5-4f3aeeeb4a39:192.168.34.62:44851, 99f6549c-1d76-4032-b481-991b9a8ccf89:192.168.34.62:46667], old=null
2019-10-17 08:19:57,362 [EventQueue-PipelineReportForPipelineReportHandler] INFO  pipeline.PipelineReportHandler (PipelineReportHandler.java:processPipelineReport(119)) - Pipeline PipelineID=17e5400b-7e30-4ff7-a65e-5ea4f818face reported by f164ec13-c99a-4402-99d5-4f3aeeeb4a39{ip: 192.168.34.62, host: pr-hdds-1868-lzclr-202649289, networkLocation: /default-rack, certSerialId: null} with leaderId 99f6549c-1d76-4032-b481-991b9a8ccf89
2019-10-17 08:19:57,363 [Thread-657] INFO  impl.RaftServerImpl (ServerState.java:setLeader(256)) - 99f6549c-1d76-4032-b481-991b9a8ccf89@group-5EA4F818FACE: change Leader from 99f6549c-1d76-4032-b481-991b9a8ccf89 to null at term 2 for updateCurrentTerm
2019-10-17 08:19:57,364 [Thread-657] INFO  impl.RaftServerImpl (RaftServerImpl.java:setRole(184)) - 99f6549c-1d76-4032-b481-991b9a8ccf89@group-5EA4F818FACE: changes role from    LEADER to FOLLOWER at term 2 for stepDown
2019-10-17 08:19:57,364 [Thread-657] INFO  impl.RoleInfo (RoleInfo.java:shutdownLeaderState(104)) - 99f6549c-1d76-4032-b481-991b9a8ccf89: shutdown LeaderState
2019-10-17 08:19:57,395 [org.apache.ratis.server.impl.LogAppender$AppenderDaemon$$Lambda$461/1224971484@49d2e99c] WARN  server.GrpcLogAppender (GrpcLogAppender.java:mayWait(149)) - 99f6549c-1d76-4032-b481-991b9a8ccf89@group-5EA4F818FACE->f164ec13-c99a-4402-99d5-4f3aeeeb4a39-GrpcLogAppender: Wait interrupted by java.lang.InterruptedException
2019-10-17 08:19:57,395 [704bfd07-5e75-419d-aba5-0f2927b551c8@group-5EA4F818FACE-LeaderElection15] INFO  impl.LeaderElection (LeaderElection.java:askForVotes(178)) - 704bfd07-5e75-419d-aba5-0f2927b551c8@group-5EA4F818FACE-LeaderElection15: begin an election at term 3 for -1: [704bfd07-5e75-419d-aba5-0f2927b551c8:192.168.34.62:33038, f164ec13-c99a-4402-99d5-4f3aeeeb4a39:192.168.34.62:44851, 99f6549c-1d76-4032-b481-991b9a8ccf89:192.168.34.62:46667], old=null
2019-10-17 08:19:57,395 [Thread-657] INFO  impl.PendingRequests (PendingRequests.java:sendNotLeaderResponses(202)) - 99f6549c-1d76-4032-b481-991b9a8ccf89@group-5EA4F818FACE-PendingRequests: sendNotLeaderResponses
2019-10-17 08:19:57,397 [org.apache.ratis.server.impl.LogAppender$AppenderDaemon$$Lambda$461/1224971484@78e01664] WARN  server.GrpcLogAppender (GrpcLogAppender.java:mayWait(149)) - 99f6549c-1d76-4032-b481-991b9a8ccf89@group-5EA4F818FACE->704bfd07-5e75-419d-aba5-0f2927b551c8-GrpcLogAppender: Wait interrupted by java.lang.InterruptedException
2019-10-17 08:19:57,398 [704bfd07-5e75-419d-aba5-0f2927b551c8@group-5EA4F818FACE-LeaderElection14] INFO  impl.LeaderElection (LeaderElection.java:logAndReturn(56)) - 704bfd07-5e75-419d-aba5-0f2927b551c8@group-5EA4F818FACE-LeaderElection14: Election REJECTED; received 0 response(s) [] and 0 exception(s); 704bfd07-5e75-419d-aba5-0f2927b551c8@group-5EA4F818FACE:t3, leader=null, voted=704bfd07-5e75-419d-aba5-0f2927b551c8, raftlog=704bfd07-5e75-419d-aba5-0f2927b551c8@group-5EA4F818FACE-SegmentedRaftLog:OPENED:c-1,f-1,i0, conf=-1: [704bfd07-5e75-419d-aba5-0f2927b551c8:192.168.34.62:33038, f164ec13-c99a-4402-99d5-4f3aeeeb4a39:192.168.34.62:44851, 99f6549c-1d76-4032-b481-991b9a8ccf89:192.168.34.62:46667], old=null
2019-10-17 08:19:57,405 [Thread-657] INFO  impl.RoleInfo (RoleInfo.java:updateAndGet(143)) - 99f6549c-1d76-4032-b481-991b9a8ccf89: start FollowerState
2019-10-17 08:19:57,406 [99f6549c-1d76-4032-b481-991b9a8ccf89@group-5EA4F818FACE-SegmentedRaftLogWorker] INFO  segmented.SegmentedRaftLogWorker (SegmentedRaftLogWorker.java:execute(576)) - 99f6549c-1d76-4032-b481-991b9a8ccf89@group-5EA4F818FACE-SegmentedRaftLogWorker: created new log segment /workdir/hadoop-ozone/tools/target/test-dir/MiniOzoneClusterImpl-b67644f0-1a86-45e5-a341-3f7404ab54fa/datanode-4/data/ratis/17e5400b-7e30-4ff7-a65e-5ea4f818face/current/log_inprogress_0
2019-10-17 08:19:57,407 [grpc-default-executor-4] INFO  impl.RaftServerImpl (ServerState.java:setRaftConf(357)) - f164ec13-c99a-4402-99d5-4f3aeeeb4a39@group-5EA4F818FACE: set configuration 0: [704bfd07-5e75-419d-aba5-0f2927b551c8:192.168.34.62:33038, f164ec13-c99a-4402-99d5-4f3aeeeb4a39:192.168.34.62:44851, 99f6549c-1d76-4032-b481-991b9a8ccf89:192.168.34.62:46667], old=null at 0
2019-10-17 08:19:57,410 [grpc-default-executor-8] INFO  server.GrpcServerProtocolService (GrpcServerProtocolService.java:onCompleted(113)) - 704bfd07-5e75-419d-aba5-0f2927b551c8: Completed APPEND_ENTRIES, lastRequest: 99f6549c-1d76-4032-b481-991b9a8ccf89->704bfd07-5e75-419d-aba5-0f2927b551c8#0-t1, previous=(t:0, i:0), leaderCommit=-1, initializing? false, entries: <empty>
2019-10-17 08:19:57,412 [grpc-default-executor-4] INFO  segmented.SegmentedRaftLogWorker (SegmentedRaftLogWorker.java:startLogSegment(385)) - f164ec13-c99a-4402-99d5-4f3aeeeb4a39@group-5EA4F818FACE-SegmentedRaftLogWorker: Starting segment from index:0
2019-10-17 08:19:57,414 [grpc-default-executor-4] INFO  server.GrpcServerProtocolService (GrpcServerProtocolService.java:onCompleted(113)) - f164ec13-c99a-4402-99d5-4f3aeeeb4a39: Completed APPEND_ENTRIES, lastRequest: 99f6549c-1d76-4032-b481-991b9a8ccf89->f164ec13-c99a-4402-99d5-4f3aeeeb4a39#1-t1, previous=(t:0, i:0), leaderCommit=-1, initializing? false, entries: size=1, first=(t:1, i:0), CONFIGURATIONENTRY
2019-10-17 08:19:57,415 [grpc-default-executor-10] INFO  server.GrpcLogAppender (GrpcLogAppender.java:onCompleted(308)) - 99f6549c-1d76-4032-b481-991b9a8ccf89@group-5EA4F818FACE->704bfd07-5e75-419d-aba5-0f2927b551c8-AppendLogResponseHandler: follower responses appendEntries COMPLETED
2019-10-17 08:19:57,443 [704bfd07-5e75-419d-aba5-0f2927b551c8@group-5EA4F818FACE-LeaderElection15] INFO  impl.LeaderElection (LeaderElection.java:logAndReturn(56)) - 704bfd07-5e75-419d-aba5-0f2927b551c8@group-5EA4F818FACE-LeaderElection15: Election TIMEOUT; received 0 response(s) [] and 0 exception(s); 704bfd07-5e75-419d-aba5-0f2927b551c8@group-5EA4F818FACE:t3, leader=null, voted=704bfd07-5e75-419d-aba5-0f2927b551c8, raftlog=704bfd07-5e75-419d-aba5-0f2927b551c8@group-5EA4F818FACE-SegmentedRaftLog:OPENED:c-1,f-1,i0, conf=-1: [704bfd07-5e75-419d-aba5-0f2927b551c8:192.168.34.62:33038, f164ec13-c99a-4402-99d5-4f3aeeeb4a39:192.168.34.62:44851, 99f6549c-1d76-4032-b481-991b9a8ccf89:192.168.34.62:46667], old=null
2019-10-17 08:19:57,447 [grpc-default-executor-10] INFO  impl.FollowerInfo (FollowerInfo.java:lambda$new$0(51)) - 99f6549c-1d76-4032-b481-991b9a8ccf89@group-5EA4F818FACE->704bfd07-5e75-419d-aba5-0f2927b551c8: nextIndex: updateUnconditionally 0 -> 0
2019-10-17 08:19:57,447 [grpc-default-executor-4] INFO  server.GrpcLogAppender (GrpcLogAppender.java:onCompleted(308)) - 99f6549c-1d76-4032-b481-991b9a8ccf89@group-5EA4F818FACE->f164ec13-c99a-4402-99d5-4f3aeeeb4a39-AppendLogResponseHandler: follower responses appendEntries COMPLETED
2019-10-17 08:19:57,451 [grpc-default-executor-4] INFO  impl.FollowerInfo (FollowerInfo.java:lambda$new$0(51)) - 99f6549c-1d76-4032-b481-991b9a8ccf89@group-5EA4F818FACE->f164ec13-c99a-4402-99d5-4f3aeeeb4a39: nextIndex: updateUnconditionally 1 -> 0
2019-10-17 08:19:57,458 [grpc-default-executor-7] INFO  impl.RaftServerImpl (RaftServerImpl.java:setRole(184)) - 99f6549c-1d76-4032-b481-991b9a8ccf89@group-5EA4F818FACE: changes role from  FOLLOWER to FOLLOWER at term 3 for recognizeCandidate:704bfd07-5e75-419d-aba5-0f2927b551c8
2019-10-17 08:19:57,459 [grpc-default-executor-10] INFO  impl.RaftServerImpl (ServerState.java:setLeader(256)) - f164ec13-c99a-4402-99d5-4f3aeeeb4a39@group-5EA4F818FACE: change Leader from 99f6549c-1d76-4032-b481-991b9a8ccf89 to null at term 3 for updateCurrentTerm
2019-10-17 08:19:57,459 [grpc-default-executor-7] INFO  impl.RoleInfo (RoleInfo.java:shutdownFollowerState(121)) - 99f6549c-1d76-4032-b481-991b9a8ccf89: shutdown FollowerState
2019-10-17 08:19:57,459 [grpc-default-executor-10] INFO  impl.RaftServerImpl (RaftServerImpl.java:setRole(184)) - f164ec13-c99a-4402-99d5-4f3aeeeb4a39@group-5EA4F818FACE: changes role from  FOLLOWER to FOLLOWER at term 3 for recognizeCandidate:704bfd07-5e75-419d-aba5-0f2927b551c8
2019-10-17 08:19:57,459 [Thread-666] INFO  impl.FollowerState (FollowerState.java:run(117)) - 99f6549c-1d76-4032-b481-991b9a8ccf89@group-5EA4F818FACE-FollowerState was interrupted: java.lang.InterruptedException: sleep interrupted
2019-10-17 08:19:57,459 [grpc-default-executor-7] INFO  impl.RoleInfo (RoleInfo.java:updateAndGet(143)) - 99f6549c-1d76-4032-b481-991b9a8ccf89: start FollowerState
2019-10-17 08:19:57,459 [grpc-default-executor-10] INFO  impl.RoleInfo (RoleInfo.java:shutdownFollowerState(121)) - f164ec13-c99a-4402-99d5-4f3aeeeb4a39: shutdown FollowerState
2019-10-17 08:19:57,461 [grpc-default-executor-10] INFO  impl.RoleInfo (RoleInfo.java:updateAndGet(143)) - f164ec13-c99a-4402-99d5-4f3aeeeb4a39: start FollowerState
2019-10-17 08:19:57,461 [Thread-654] INFO  impl.FollowerState (FollowerState.java:run(117)) - f164ec13-c99a-4402-99d5-4f3aeeeb4a39@group-5EA4F818FACE-FollowerState was interrupted: java.lang.InterruptedException: sleep interrupted
2019-10-17 08:19:57,466 [f164ec13-c99a-4402-99d5-4f3aeeeb4a39@group-5EA4F818FACE-SegmentedRaftLogWorker] INFO  segmented.SegmentedRaftLogWorker (SegmentedRaftLogWorker.java:execute(576)) - f164ec13-c99a-4402-99d5-4f3aeeeb4a39@group-5EA4F818FACE-SegmentedRaftLogWorker: created new log segment /workdir/hadoop-ozone/tools/target/test-dir/MiniOzoneClusterImpl-b67644f0-1a86-45e5-a341-3f7404ab54fa/datanode-2/data/ratis/17e5400b-7e30-4ff7-a65e-5ea4f818face/current/log_inprogress_0
2019-10-17 08:19:57,466 [704bfd07-5e75-419d-aba5-0f2927b551c8@group-5EA4F818FACE-LeaderElection15] INFO  impl.LeaderElection (LeaderElection.java:askForVotes(178)) - 704bfd07-5e75-419d-aba5-0f2927b551c8@group-5EA4F818FACE-LeaderElection15: begin an election at term 4 for -1: [704bfd07-5e75-419d-aba5-0f2927b551c8:192.168.34.62:33038, f164ec13-c99a-4402-99d5-4f3aeeeb4a39:192.168.34.62:44851, 99f6549c-1d76-4032-b481-991b9a8ccf89:192.168.34.62:46667], old=null
2019-10-17 08:19:57,470 [grpc-default-executor-8] INFO  impl.RaftServerImpl (RaftServerImpl.java:setRole(184)) - 99f6549c-1d76-4032-b481-991b9a8ccf89@group-5EA4F818FACE: changes role from  FOLLOWER to FOLLOWER at term 4 for recognizeCandidate:704bfd07-5e75-419d-aba5-0f2927b551c8
2019-10-17 08:19:57,470 [grpc-default-executor-8] INFO  impl.RoleInfo (RoleInfo.java:shutdownFollowerState(121)) - 99f6549c-1d76-4032-b481-991b9a8ccf89: shutdown FollowerState
2019-10-17 08:19:57,470 [grpc-default-executor-8] INFO  impl.RoleInfo (RoleInfo.java:updateAndGet(143)) - 99f6549c-1d76-4032-b481-991b9a8ccf89: start FollowerState
2019-10-17 08:19:57,470 [Thread-668] INFO  impl.FollowerState (FollowerState.java:run(117)) - 99f6549c-1d76-4032-b481-991b9a8ccf89@group-5EA4F818FACE-FollowerState was interrupted: java.lang.InterruptedException: sleep interrupted
2019-10-17 08:19:57,474 [grpc-default-executor-11] INFO  impl.RaftServerImpl (RaftServerImpl.java:setRole(184)) - f164ec13-c99a-4402-99d5-4f3aeeeb4a39@group-5EA4F818FACE: changes role from  FOLLOWER to FOLLOWER at term 4 for recognizeCandidate:704bfd07-5e75-419d-aba5-0f2927b551c8
2019-10-17 08:19:57,476 [grpc-default-executor-11] INFO  impl.RoleInfo (RoleInfo.java:shutdownFollowerState(121)) - f164ec13-c99a-4402-99d5-4f3aeeeb4a39: shutdown FollowerState
2019-10-17 08:19:57,476 [Thread-669] INFO  impl.FollowerState (FollowerState.java:run(117)) - f164ec13-c99a-4402-99d5-4f3aeeeb4a39@group-5EA4F818FACE-FollowerState was interrupted: java.lang.InterruptedException: sleep interrupted
2019-10-17 08:19:57,476 [grpc-default-executor-11] INFO  impl.RoleInfo (RoleInfo.java:updateAndGet(143)) - f164ec13-c99a-4402-99d5-4f3aeeeb4a39: start FollowerState
2019-10-17 08:19:57,493 [704bfd07-5e75-419d-aba5-0f2927b551c8@group-5EA4F818FACE-LeaderElection15] INFO  impl.LeaderElection (LeaderElection.java:logAndReturn(56)) - 704bfd07-5e75-419d-aba5-0f2927b551c8@group-5EA4F818FACE-LeaderElection15: Election REJECTED; received 2 response(s) [704bfd07-5e75-419d-aba5-0f2927b551c8<-f164ec13-c99a-4402-99d5-4f3aeeeb4a39#0:FAIL-t4, 704bfd07-5e75-419d-aba5-0f2927b551c8<-99f6549c-1d76-4032-b481-991b9a8ccf89#0:FAIL-t4] and 0 exception(s); 704bfd07-5e75-419d-aba5-0f2927b551c8@group-5EA4F818FACE:t4, leader=null, voted=704bfd07-5e75-419d-aba5-0f2927b551c8, raftlog=704bfd07-5e75-419d-aba5-0f2927b551c8@group-5EA4F818FACE-SegmentedRaftLog:OPENED:c-1,f-1,i0, conf=-1: [704bfd07-5e75-419d-aba5-0f2927b551c8:192.168.34.62:33038, f164ec13-c99a-4402-99d5-4f3aeeeb4a39:192.168.34.62:44851, 99f6549c-1d76-4032-b481-991b9a8ccf89:192.168.34.62:46667], old=null
2019-10-17 08:19:57,493 [704bfd07-5e75-419d-aba5-0f2927b551c8@group-5EA4F818FACE-LeaderElection15] INFO  impl.RaftServerImpl (RaftServerImpl.java:setRole(184)) - 704bfd07-5e75-419d-aba5-0f2927b551c8@group-5EA4F818FACE: changes role from CANDIDATE to FOLLOWER at term 4 for DISCOVERED_A_NEW_TERM
2019-10-17 08:19:57,494 [704bfd07-5e75-419d-aba5-0f2927b551c8@group-5EA4F818FACE-LeaderElection15] INFO  impl.RoleInfo (RoleInfo.java:shutdownLeaderElection(134)) - 704bfd07-5e75-419d-aba5-0f2927b551c8: shutdown LeaderElection
2019-10-17 08:19:57,495 [704bfd07-5e75-419d-aba5-0f2927b551c8@group-5EA4F818FACE-LeaderElection15] INFO  impl.RoleInfo (RoleInfo.java:updateAndGet(143)) - 704bfd07-5e75-419d-aba5-0f2927b551c8: start FollowerState
2019-10-17 08:19:57,544 [Thread-675] INFO  impl.FollowerState (FollowerState.java:run(108)) - 704bfd07-5e75-419d-aba5-0f2927b551c8@group-5EA4F818FACE-FollowerState: change to CANDIDATE, lastRpcTime:49ms, electionTimeout:49ms
2019-10-17 08:19:57,546 [Thread-675] INFO  impl.RoleInfo (RoleInfo.java:shutdownFollowerState(121)) - 704bfd07-5e75-419d-aba5-0f2927b551c8: shutdown FollowerState
2019-10-17 08:19:57,546 [Thread-675] INFO  impl.RaftServerImpl (RaftServerImpl.java:setRole(184)) - 704bfd07-5e75-419d-aba5-0f2927b551c8@group-5EA4F818FACE: changes role from  FOLLOWER to CANDIDATE at term 4 for changeToCandidate
2019-10-17 08:19:57,546 [Thread-675] INFO  impl.RoleInfo (RoleInfo.java:updateAndGet(143)) - 704bfd07-5e75-419d-aba5-0f2927b551c8: start LeaderElection
2019-10-17 08:19:57,571 [704bfd07-5e75-419d-aba5-0f2927b551c8@group-5EA4F818FACE-LeaderElection16] INFO  impl.LeaderElection (LeaderElection.java:askForVotes(178)) - 704bfd07-5e75-419d-aba5-0f2927b551c8@group-5EA4F818FACE-LeaderElection16: begin an election at term 5 for -1: [704bfd07-5e75-419d-aba5-0f2927b551c8:192.168.34.62:33038, f164ec13-c99a-4402-99d5-4f3aeeeb4a39:192.168.34.62:44851, 99f6549c-1d76-4032-b481-991b9a8ccf89:192.168.34.62:46667], old=null
2019-10-17 08:19:57,576 [grpc-default-executor-11] INFO  impl.RaftServerImpl (RaftServerImpl.java:setRole(184)) - 99f6549c-1d76-4032-b481-991b9a8ccf89@group-5EA4F818FACE: changes role from  FOLLOWER to FOLLOWER at term 5 for recognizeCandidate:704bfd07-5e75-419d-aba5-0f2927b551c8
2019-10-17 08:19:57,576 [grpc-default-executor-4] INFO  impl.RaftServerImpl (RaftServerImpl.java:setRole(184)) - f164ec13-c99a-4402-99d5-4f3aeeeb4a39@group-5EA4F818FACE: changes role from  FOLLOWER to FOLLOWER at term 5 for recognizeCandidate:704bfd07-5e75-419d-aba5-0f2927b551c8
2019-10-17 08:19:57,576 [grpc-default-executor-11] INFO  impl.RoleInfo (RoleInfo.java:shutdownFollowerState(121)) - 99f6549c-1d76-4032-b481-991b9a8ccf89: shutdown FollowerState
2019-10-17 08:19:57,577 [grpc-default-executor-4] INFO  impl.RoleInfo (RoleInfo.java:shutdownFollowerState(121)) - f164ec13-c99a-4402-99d5-4f3aeeeb4a39: shutdown FollowerState
2019-10-17 08:19:57,577 [grpc-default-executor-11] INFO  impl.RoleInfo (RoleInfo.java:updateAndGet(143)) - 99f6549c-1d76-4032-b481-991b9a8ccf89: start FollowerState
2019-10-17 08:19:57,577 [Thread-672] INFO  impl.FollowerState (FollowerState.java:run(117)) - 99f6549c-1d76-4032-b481-991b9a8ccf89@group-5EA4F818FACE-FollowerState was interrupted: java.lang.InterruptedException: sleep interrupted
2019-10-17 08:19:57,577 [Thread-673] INFO  impl.FollowerState (FollowerState.java:run(117)) - f164ec13-c99a-4402-99d5-4f3aeeeb4a39@group-5EA4F818FACE-FollowerState was interrupted: java.lang.InterruptedException: sleep interrupted
2019-10-17 08:19:57,577 [grpc-default-executor-4] INFO  impl.RoleInfo (RoleInfo.java:updateAndGet(143)) - f164ec13-c99a-4402-99d5-4f3aeeeb4a39: start FollowerState
2019-10-17 08:19:57,594 [704bfd07-5e75-419d-aba5-0f2927b551c8@group-5EA4F818FACE-LeaderElection16] INFO  impl.LeaderElection (LeaderElection.java:logAndReturn(56)) - 704bfd07-5e75-419d-aba5-0f2927b551c8@group-5EA4F818FACE-LeaderElection16: Election REJECTED; received 2 response(s) [704bfd07-5e75-419d-aba5-0f2927b551c8<-f164ec13-c99a-4402-99d5-4f3aeeeb4a39#0:FAIL-t5, 704bfd07-5e75-419d-aba5-0f2927b551c8<-99f6549c-1d76-4032-b481-991b9a8ccf89#0:FAIL-t5] and 0 exception(s); 704bfd07-5e75-419d-aba5-0f2927b551c8@group-5EA4F818FACE:t5, leader=null, voted=704bfd07-5e75-419d-aba5-0f2927b551c8, raftlog=704bfd07-5e75-419d-aba5-0f2927b551c8@group-5EA4F818FACE-SegmentedRaftLog:OPENED:c-1,f-1,i0, conf=-1: [704bfd07-5e75-419d-aba5-0f2927b551c8:192.168.34.62:33038, f164ec13-c99a-4402-99d5-4f3aeeeb4a39:192.168.34.62:44851, 99f6549c-1d76-4032-b481-991b9a8ccf89:192.168.34.62:46667], old=null
2019-10-17 08:19:57,595 [704bfd07-5e75-419d-aba5-0f2927b551c8@group-5EA4F818FACE-LeaderElection16] INFO  impl.RaftServerImpl (RaftServerImpl.java:setRole(184)) - 704bfd07-5e75-419d-aba5-0f2927b551c8@group-5EA4F818FACE: changes role from CANDIDATE to FOLLOWER at term 5 for DISCOVERED_A_NEW_TERM
2019-10-17 08:19:57,596 [704bfd07-5e75-419d-aba5-0f2927b551c8@group-5EA4F818FACE-LeaderElection16] INFO  impl.RoleInfo (RoleInfo.java:shutdownLeaderElection(134)) - 704bfd07-5e75-419d-aba5-0f2927b551c8: shutdown LeaderElection
2019-10-17 08:19:57,596 [704bfd07-5e75-419d-aba5-0f2927b551c8@group-5EA4F818FACE-LeaderElection16] INFO  impl.RoleInfo (RoleInfo.java:updateAndGet(143)) - 704bfd07-5e75-419d-aba5-0f2927b551c8: start FollowerState
2019-10-17 08:19:57,676 [Thread-681] INFO  impl.FollowerState (FollowerState.java:run(108)) - 704bfd07-5e75-419d-aba5-0f2927b551c8@group-5EA4F818FACE-FollowerState: change to CANDIDATE, lastRpcTime:79ms, electionTimeout:78ms
2019-10-17 08:19:57,677 [Thread-681] INFO  impl.RoleInfo (RoleInfo.java:shutdownFollowerState(121)) - 704bfd07-5e75-419d-aba5-0f2927b551c8: shutdown FollowerState
2019-10-17 08:19:57,677 [Thread-681] INFO  impl.RaftServerImpl (RaftServerImpl.java:setRole(184)) - 704bfd07-5e75-419d-aba5-0f2927b551c8@group-5EA4F818FACE: changes role from  FOLLOWER to CANDIDATE at term 5 for changeToCandidate
2019-10-17 08:19:57,678 [Thread-681] INFO  impl.RoleInfo (RoleInfo.java:updateAndGet(143)) - 704bfd07-5e75-419d-aba5-0f2927b551c8: start LeaderElection
2019-10-17 08:19:57,687 [704bfd07-5e75-419d-aba5-0f2927b551c8@group-5EA4F818FACE-LeaderElection17] INFO  impl.LeaderElection (LeaderElection.java:askForVotes(178)) - 704bfd07-5e75-419d-aba5-0f2927b551c8@group-5EA4F818FACE-LeaderElection17: begin an election at term 6 for -1: [704bfd07-5e75-419d-aba5-0f2927b551c8:192.168.34.62:33038, f164ec13-c99a-4402-99d5-4f3aeeeb4a39:192.168.34.62:44851, 99f6549c-1d76-4032-b481-991b9a8ccf89:192.168.34.62:46667], old=null
2019-10-17 08:19:57,691 [grpc-default-executor-4] INFO  impl.RaftServerImpl (RaftServerImpl.java:setRole(184)) - f164ec13-c99a-4402-99d5-4f3aeeeb4a39@group-5EA4F818FACE: changes role from  FOLLOWER to FOLLOWER at term 6 for recognizeCandidate:704bfd07-5e75-419d-aba5-0f2927b551c8
2019-10-17 08:19:57,692 [grpc-default-executor-4] INFO  impl.RoleInfo (RoleInfo.java:shutdownFollowerState(121)) - f164ec13-c99a-4402-99d5-4f3aeeeb4a39: shutdown FollowerState
2019-10-17 08:19:57,692 [grpc-default-executor-11] INFO  impl.RaftServerImpl (RaftServerImpl.java:setRole(184)) - 99f6549c-1d76-4032-b481-991b9a8ccf89@group-5EA4F818FACE: changes role from  FOLLOWER to FOLLOWER at term 6 for recognizeCandidate:704bfd07-5e75-419d-aba5-0f2927b551c8
2019-10-17 08:19:57,692 [Thread-680] INFO  impl.FollowerState (FollowerState.java:run(117)) - f164ec13-c99a-4402-99d5-4f3aeeeb4a39@group-5EA4F818FACE-FollowerState was interrupted: java.lang.InterruptedException: sleep interrupted
2019-10-17 08:19:57,692 [grpc-default-executor-4] INFO  impl.RoleInfo (RoleInfo.java:updateAndGet(143)) - f164ec13-c99a-4402-99d5-4f3aeeeb4a39: start FollowerState
2019-10-17 08:19:57,692 [grpc-default-executor-11] INFO  impl.RoleInfo (RoleInfo.java:shutdownFollowerState(121)) - 99f6549c-1d76-4032-b481-991b9a8ccf89: shutdown FollowerState
2019-10-17 08:19:57,694 [grpc-default-executor-11] INFO  impl.RoleInfo (RoleInfo.java:updateAndGet(143)) - 99f6549c-1d76-4032-b481-991b9a8ccf89: start FollowerState
2019-10-17 08:19:57,694 [Thread-679] INFO  impl.FollowerState (FollowerState.java:run(117)) - 99f6549c-1d76-4032-b481-991b9a8ccf89@group-5EA4F818FACE-FollowerState was interrupted: java.lang.InterruptedException: sleep interrupted
2019-10-17 08:19:57,710 [704bfd07-5e75-419d-aba5-0f2927b551c8@group-5EA4F818FACE-LeaderElection17] INFO  impl.LeaderElection (LeaderElection.java:logAndReturn(56)) - 704bfd07-5e75-419d-aba5-0f2927b551c8@group-5EA4F818FACE-LeaderElection17: Election REJECTED; received 2 response(s) [704bfd07-5e75-419d-aba5-0f2927b551c8<-f164ec13-c99a-4402-99d5-4f3aeeeb4a39#0:FAIL-t6, 704bfd07-5e75-419d-aba5-0f2927b551c8<-99f6549c-1d76-4032-b481-991b9a8ccf89#0:FAIL-t6] and 0 exception(s); 704bfd07-5e75-419d-aba5-0f2927b551c8@group-5EA4F818FACE:t6, leader=null, voted=704bfd07-5e75-419d-aba5-0f2927b551c8, raftlog=704bfd07-5e75-419d-aba5-0f2927b551c8@group-5EA4F818FACE-SegmentedRaftLog:OPENED:c-1,f-1,i0, conf=-1: [704bfd07-5e75-419d-aba5-0f2927b551c8:192.168.34.62:33038, f164ec13-c99a-4402-99d5-4f3aeeeb4a39:192.168.34.62:44851, 99f6549c-1d76-4032-b481-991b9a8ccf89:192.168.34.62:46667], old=null
2019-10-17 08:19:57,710 [704bfd07-5e75-419d-aba5-0f2927b551c8@group-5EA4F818FACE-LeaderElection17] INFO  impl.RaftServerImpl (RaftServerImpl.java:setRole(184)) - 704bfd07-5e75-419d-aba5-0f2927b551c8@group-5EA4F818FACE: changes role from CANDIDATE to FOLLOWER at term 6 for DISCOVERED_A_NEW_TERM
2019-10-17 08:19:57,712 [704bfd07-5e75-419d-aba5-0f2927b551c8@group-5EA4F818FACE-LeaderElection17] INFO  impl.RoleInfo (RoleInfo.java:shutdownLeaderElection(134)) - 704bfd07-5e75-419d-aba5-0f2927b551c8: shutdown LeaderElection
2019-10-17 08:19:57,712 [704bfd07-5e75-419d-aba5-0f2927b551c8@group-5EA4F818FACE-LeaderElection17] INFO  impl.RoleInfo (RoleInfo.java:updateAndGet(143)) - 704bfd07-5e75-419d-aba5-0f2927b551c8: start FollowerState
2019-10-17 08:19:57,752 [Thread-687] INFO  impl.FollowerState (FollowerState.java:run(108)) - 704bfd07-5e75-419d-aba5-0f2927b551c8@group-5EA4F818FACE-FollowerState: change to CANDIDATE, lastRpcTime:40ms, electionTimeout:39ms
2019-10-17 08:19:57,754 [Thread-687] INFO  impl.RoleInfo (RoleInfo.java:shutdownFollowerState(121)) - 704bfd07-5e75-419d-aba5-0f2927b551c8: shutdown FollowerState
2019-10-17 08:19:57,754 [Thread-687] INFO  impl.RaftServerImpl (RaftServerImpl.java:setRole(184)) - 704bfd07-5e75-419d-aba5-0f2927b551c8@group-5EA4F818FACE: changes role from  FOLLOWER to CANDIDATE at term 6 for changeToCandidate
2019-10-17 08:19:57,754 [Thread-687] INFO  impl.RoleInfo (RoleInfo.java:updateAndGet(143)) - 704bfd07-5e75-419d-aba5-0f2927b551c8: start LeaderElection
2019-10-17 08:19:57,769 [704bfd07-5e75-419d-aba5-0f2927b551c8@group-5EA4F818FACE-LeaderElection18] INFO  impl.LeaderElection (LeaderElection.java:askForVotes(178)) - 704bfd07-5e75-419d-aba5-0f2927b551c8@group-5EA4F818FACE-LeaderElection18: begin an election at term 7 for -1: [704bfd07-5e75-419d-aba5-0f2927b551c8:192.168.34.62:33038, f164ec13-c99a-4402-99d5-4f3aeeeb4a39:192.168.34.62:44851, 99f6549c-1d76-4032-b481-991b9a8ccf89:192.168.34.62:46667], old=null
2019-10-17 08:19:57,773 [grpc-default-executor-11] INFO  impl.RaftServerImpl (RaftServerImpl.java:setRole(184)) - f164ec13-c99a-4402-99d5-4f3aeeeb4a39@group-5EA4F818FACE: changes role from  FOLLOWER to FOLLOWER at term 7 for recognizeCandidate:704bfd07-5e75-419d-aba5-0f2927b551c8
2019-10-17 08:19:57,773 [grpc-default-executor-11] INFO  impl.RoleInfo (RoleInfo.java:shutdownFollowerState(121)) - f164ec13-c99a-4402-99d5-4f3aeeeb4a39: shutdown FollowerState
2019-10-17 08:19:57,773 [grpc-default-executor-11] INFO  impl.RoleInfo (RoleInfo.java:updateAndGet(143)) - f164ec13-c99a-4402-99d5-4f3aeeeb4a39: start FollowerState
2019-10-17 08:19:57,773 [Thread-685] INFO  impl.FollowerState (FollowerState.java:run(117)) - f164ec13-c99a-4402-99d5-4f3aeeeb4a39@group-5EA4F818FACE-FollowerState was interrupted: java.lang.InterruptedException: sleep interrupted
2019-10-17 08:19:57,775 [grpc-default-executor-4] INFO  impl.RaftServerImpl (RaftServerImpl.java:setRole(184)) - 99f6549c-1d76-4032-b481-991b9a8ccf89@group-5EA4F818FACE: changes role from  FOLLOWER to FOLLOWER at term 7 for recognizeCandidate:704bfd07-5e75-419d-aba5-0f2927b551c8
2019-10-17 08:19:57,777 [grpc-default-executor-4] INFO  impl.RoleInfo (RoleInfo.java:shutdownFollowerState(121)) - 99f6549c-1d76-4032-b481-991b9a8ccf89: shutdown FollowerState
2019-10-17 08:19:57,777 [grpc-default-executor-4] INFO  impl.RoleInfo (RoleInfo.java:updateAndGet(143)) - 99f6549c-1d76-4032-b481-991b9a8ccf89: start FollowerState
2019-10-17 08:19:57,777 [Thread-686] INFO  impl.FollowerState (FollowerState.java:run(117)) - 99f6549c-1d76-4032-b481-991b9a8ccf89@group-5EA4F818FACE-FollowerState was interrupted: java.lang.InterruptedException: sleep interrupted
2019-10-17 08:19:57,792 [704bfd07-5e75-419d-aba5-0f2927b551c8@group-5EA4F818FACE-LeaderElection18] INFO  impl.LeaderElection (LeaderElection.java:logAndReturn(56)) - 704bfd07-5e75-419d-aba5-0f2927b551c8@group-5EA4F818FACE-LeaderElection18: Election REJECTED; received 2 response(s) [704bfd07-5e75-419d-aba5-0f2927b551c8<-f164ec13-c99a-4402-99d5-4f3aeeeb4a39#0:FAIL-t7, 704bfd07-5e75-419d-aba5-0f2927b551c8<-99f6549c-1d76-4032-b481-991b9a8ccf89#0:FAIL-t7] and 0 exception(s); 704bfd07-5e75-419d-aba5-0f2927b551c8@group-5EA4F818FACE:t7, leader=null, voted=704bfd07-5e75-419d-aba5-0f2927b551c8, raftlog=704bfd07-5e75-419d-aba5-0f2927b551c8@group-5EA4F818FACE-SegmentedRaftLog:OPENED:c-1,f-1,i0, conf=-1: [704bfd07-5e75-419d-aba5-0f2927b551c8:192.168.34.62:33038, f164ec13-c99a-4402-99d5-4f3aeeeb4a39:192.168.34.62:44851, 99f6549c-1d76-4032-b481-991b9a8ccf89:192.168.34.62:46667], old=null
2019-10-17 08:19:57,793 [704bfd07-5e75-419d-aba5-0f2927b551c8@group-5EA4F818FACE-LeaderElection18] INFO  impl.RaftServerImpl (RaftServerImpl.java:setRole(184)) - 704bfd07-5e75-419d-aba5-0f2927b551c8@group-5EA4F818FACE: changes role from CANDIDATE to FOLLOWER at term 7 for DISCOVERED_A_NEW_TERM
2019-10-17 08:19:57,794 [704bfd07-5e75-419d-aba5-0f2927b551c8@group-5EA4F818FACE-LeaderElection18] INFO  impl.RoleInfo (RoleInfo.java:shutdownLeaderElection(134)) - 704bfd07-5e75-419d-aba5-0f2927b551c8: shutdown LeaderElection
2019-10-17 08:19:57,794 [704bfd07-5e75-419d-aba5-0f2927b551c8@group-5EA4F818FACE-LeaderElection18] INFO  impl.RoleInfo (RoleInfo.java:updateAndGet(143)) - 704bfd07-5e75-419d-aba5-0f2927b551c8: start FollowerState
2019-10-17 08:19:57,815 [Thread-693] INFO  impl.FollowerState (FollowerState.java:run(108)) - 704bfd07-5e75-419d-aba5-0f2927b551c8@group-5EA4F818FACE-FollowerState: change to CANDIDATE, lastRpcTime:20ms, electionTimeout:19ms
2019-10-17 08:19:57,817 [Thread-693] INFO  impl.RoleInfo (RoleInfo.java:shutdownFollowerState(121)) - 704bfd07-5e75-419d-aba5-0f2927b551c8: shutdown FollowerState
2019-10-17 08:19:57,817 [Thread-693] INFO  impl.RaftServerImpl (RaftServerImpl.java:setRole(184)) - 704bfd07-5e75-419d-aba5-0f2927b551c8@group-5EA4F818FACE: changes role from  FOLLOWER to CANDIDATE at term 7 for changeToCandidate
2019-10-17 08:19:57,817 [Thread-693] INFO  impl.RoleInfo (RoleInfo.java:updateAndGet(143)) - 704bfd07-5e75-419d-aba5-0f2927b551c8: start LeaderElection
2019-10-17 08:19:57,847 [704bfd07-5e75-419d-aba5-0f2927b551c8@group-5EA4F818FACE-LeaderElection19] INFO  impl.LeaderElection (LeaderElection.java:askForVotes(178)) - 704bfd07-5e75-419d-aba5-0f2927b551c8@group-5EA4F818FACE-LeaderElection19: begin an election at term 8 for -1: [704bfd07-5e75-419d-aba5-0f2927b551c8:192.168.34.62:33038, f164ec13-c99a-4402-99d5-4f3aeeeb4a39:192.168.34.62:44851, 99f6549c-1d76-4032-b481-991b9a8ccf89:192.168.34.62:46667], old=null
2019-10-17 08:19:57,854 [grpc-default-executor-4] INFO  impl.RaftServerImpl (RaftServerImpl.java:setRole(184)) - 99f6549c-1d76-4032-b481-991b9a8ccf89@group-5EA4F818FACE: changes role from  FOLLOWER to FOLLOWER at term 8 for recognizeCandidate:704bfd07-5e75-419d-aba5-0f2927b551c8
2019-10-17 08:19:57,854 [grpc-default-executor-4] INFO  impl.RoleInfo (RoleInfo.java:shutdownFollowerState(121)) - 99f6549c-1d76-4032-b481-991b9a8ccf89: shutdown FollowerState
2019-10-17 08:19:57,854 [grpc-default-executor-4] INFO  impl.RoleInfo (RoleInfo.java:updateAndGet(143)) - 99f6549c-1d76-4032-b481-991b9a8ccf89: start FollowerState
2019-10-17 08:19:57,855 [Thread-692] INFO  impl.FollowerState (FollowerState.java:run(117)) - 99f6549c-1d76-4032-b481-991b9a8ccf89@group-5EA4F818FACE-FollowerState was interrupted: java.lang.InterruptedException: sleep interrupted
2019-10-17 08:19:57,856 [grpc-default-executor-11] INFO  impl.RaftServerImpl (RaftServerImpl.java:setRole(184)) - f164ec13-c99a-4402-99d5-4f3aeeeb4a39@group-5EA4F818FACE: changes role from  FOLLOWER to FOLLOWER at term 8 for recognizeCandidate:704bfd07-5e75-419d-aba5-0f2927b551c8
2019-10-17 08:19:57,856 [grpc-default-executor-11] INFO  impl.RoleInfo (RoleInfo.java:shutdownFollowerState(121)) - f164ec13-c99a-4402-99d5-4f3aeeeb4a39: shutdown FollowerState
2019-10-17 08:19:57,857 [grpc-default-executor-11] INFO  impl.RoleInfo (RoleInfo.java:updateAndGet(143)) - f164ec13-c99a-4402-99d5-4f3aeeeb4a39: start FollowerState
2019-10-17 08:19:57,857 [Thread-691] INFO  impl.FollowerState (FollowerState.java:run(117)) - f164ec13-c99a-4402-99d5-4f3aeeeb4a39@group-5EA4F818FACE-FollowerState was interrupted: java.lang.InterruptedException: sleep interrupted
2019-10-17 08:19:57,871 [704bfd07-5e75-419d-aba5-0f2927b551c8@group-5EA4F818FACE-LeaderElection19] INFO  impl.LeaderElection (LeaderElection.java:logAndReturn(56)) - 704bfd07-5e75-419d-aba5-0f2927b551c8@group-5EA4F818FACE-LeaderElection19: Election REJECTED; received 2 response(s) [704bfd07-5e75-419d-aba5-0f2927b551c8<-f164ec13-c99a-4402-99d5-4f3aeeeb4a39#0:FAIL-t8, 704bfd07-5e75-419d-aba5-0f2927b551c8<-99f6549c-1d76-4032-b481-991b9a8ccf89#0:FAIL-t8] and 0 exception(s); 704bfd07-5e75-419d-aba5-0f2927b551c8@group-5EA4F818FACE:t8, leader=null, voted=704bfd07-5e75-419d-aba5-0f2927b551c8, raftlog=704bfd07-5e75-419d-aba5-0f2927b551c8@group-5EA4F818FACE-SegmentedRaftLog:OPENED:c-1,f-1,i0, conf=-1: [704bfd07-5e75-419d-aba5-0f2927b551c8:192.168.34.62:33038, f164ec13-c99a-4402-99d5-4f3aeeeb4a39:192.168.34.62:44851, 99f6549c-1d76-4032-b481-991b9a8ccf89:192.168.34.62:46667], old=null
2019-10-17 08:19:57,871 [704bfd07-5e75-419d-aba5-0f2927b551c8@group-5EA4F818FACE-LeaderElection19] INFO  impl.RaftServerImpl (RaftServerImpl.java:setRole(184)) - 704bfd07-5e75-419d-aba5-0f2927b551c8@group-5EA4F818FACE: changes role from CANDIDATE to FOLLOWER at term 8 for DISCOVERED_A_NEW_TERM
2019-10-17 08:19:57,873 [704bfd07-5e75-419d-aba5-0f2927b551c8@group-5EA4F818FACE-LeaderElection19] INFO  impl.RoleInfo (RoleInfo.java:shutdownLeaderElection(134)) - 704bfd07-5e75-419d-aba5-0f2927b551c8: shutdown LeaderElection
2019-10-17 08:19:57,873 [704bfd07-5e75-419d-aba5-0f2927b551c8@group-5EA4F818FACE-LeaderElection19] INFO  impl.RoleInfo (RoleInfo.java:updateAndGet(143)) - 704bfd07-5e75-419d-aba5-0f2927b551c8: start FollowerState
2019-10-17 08:19:57,902 [Thread-699] INFO  impl.FollowerState (FollowerState.java:run(108)) - 704bfd07-5e75-419d-aba5-0f2927b551c8@group-5EA4F818FACE-FollowerState: change to CANDIDATE, lastRpcTime:28ms, electionTimeout:27ms
2019-10-17 08:19:57,904 [Thread-699] INFO  impl.RoleInfo (RoleInfo.java:shutdownFollowerState(121)) - 704bfd07-5e75-419d-aba5-0f2927b551c8: shutdown FollowerState
2019-10-17 08:19:57,904 [Thread-699] INFO  impl.RaftServerImpl (RaftServerImpl.java:setRole(184)) - 704bfd07-5e75-419d-aba5-0f2927b551c8@group-5EA4F818FACE: changes role from  FOLLOWER to CANDIDATE at term 8 for changeToCandidate
2019-10-17 08:19:57,904 [Thread-699] INFO  impl.RoleInfo (RoleInfo.java:updateAndGet(143)) - 704bfd07-5e75-419d-aba5-0f2927b551c8: start LeaderElection
2019-10-17 08:19:57,929 [704bfd07-5e75-419d-aba5-0f2927b551c8@group-5EA4F818FACE-LeaderElection20] INFO  impl.LeaderElection (LeaderElection.java:askForVotes(178)) - 704bfd07-5e75-419d-aba5-0f2927b551c8@group-5EA4F818FACE-LeaderElection20: begin an election at term 9 for -1: [704bfd07-5e75-419d-aba5-0f2927b551c8:192.168.34.62:33038, f164ec13-c99a-4402-99d5-4f3aeeeb4a39:192.168.34.62:44851, 99f6549c-1d76-4032-b481-991b9a8ccf89:192.168.34.62:46667], old=null
2019-10-17 08:19:57,937 [grpc-default-executor-11] INFO  impl.RaftServerImpl (RaftServerImpl.java:setRole(184)) - f164ec13-c99a-4402-99d5-4f3aeeeb4a39@group-5EA4F818FACE: changes role from  FOLLOWER to FOLLOWER at term 9 for recognizeCandidate:704bfd07-5e75-419d-aba5-0f2927b551c8
2019-10-17 08:19:57,938 [grpc-default-executor-11] INFO  impl.RoleInfo (RoleInfo.java:shutdownFollowerState(121)) - f164ec13-c99a-4402-99d5-4f3aeeeb4a39: shutdown FollowerState
2019-10-17 08:19:57,938 [Thread-698] INFO  impl.FollowerState (FollowerState.java:run(117)) - f164ec13-c99a-4402-99d5-4f3aeeeb4a39@group-5EA4F818FACE-FollowerState was interrupted: java.lang.InterruptedException: sleep interrupted
2019-10-17 08:19:57,938 [grpc-default-executor-11] INFO  impl.RoleInfo (RoleInfo.java:updateAndGet(143)) - f164ec13-c99a-4402-99d5-4f3aeeeb4a39: start FollowerState
2019-10-17 08:19:57,942 [grpc-default-executor-4] INFO  impl.RaftServerImpl (RaftServerImpl.java:setRole(184)) - 99f6549c-1d76-4032-b481-991b9a8ccf89@group-5EA4F818FACE: changes role from  FOLLOWER to FOLLOWER at term 9 for recognizeCandidate:704bfd07-5e75-419d-aba5-0f2927b551c8
2019-10-17 08:19:57,942 [grpc-default-executor-4] INFO  impl.RoleInfo (RoleInfo.java:shutdownFollowerState(121)) - 99f6549c-1d76-4032-b481-991b9a8ccf89: shutdown FollowerState
2019-10-17 08:19:57,942 [grpc-default-executor-4] INFO  impl.RoleInfo (RoleInfo.java:updateAndGet(143)) - 99f6549c-1d76-4032-b481-991b9a8ccf89: start FollowerState
2019-10-17 08:19:57,942 [Thread-697] INFO  impl.FollowerState (FollowerState.java:run(117)) - 99f6549c-1d76-4032-b481-991b9a8ccf89@group-5EA4F818FACE-FollowerState was interrupted: java.lang.InterruptedException: sleep interrupted
2019-10-17 08:19:57,948 [704bfd07-5e75-419d-aba5-0f2927b551c8@group-5EA4F818FACE-LeaderElection20] INFO  impl.LeaderElection (LeaderElection.java:logAndReturn(56)) - 704bfd07-5e75-419d-aba5-0f2927b551c8@group-5EA4F818FACE-LeaderElection20: Election REJECTED; received 2 response(s) [704bfd07-5e75-419d-aba5-0f2927b551c8<-f164ec13-c99a-4402-99d5-4f3aeeeb4a39#0:FAIL-t9, 704bfd07-5e75-419d-aba5-0f2927b551c8<-99f6549c-1d76-4032-b481-991b9a8ccf89#0:FAIL-t9] and 0 exception(s); 704bfd07-5e75-419d-aba5-0f2927b551c8@group-5EA4F818FACE:t9, leader=null, voted=704bfd07-5e75-419d-aba5-0f2927b551c8, raftlog=704bfd07-5e75-419d-aba5-0f2927b551c8@group-5EA4F818FACE-SegmentedRaftLog:OPENED:c-1,f-1,i0, conf=-1: [704bfd07-5e75-419d-aba5-0f2927b551c8:192.168.34.62:33038, f164ec13-c99a-4402-99d5-4f3aeeeb4a39:192.168.34.62:44851, 99f6549c-1d76-4032-b481-991b9a8ccf89:192.168.34.62:46667], old=null
2019-10-17 08:19:57,949 [704bfd07-5e75-419d-aba5-0f2927b551c8@group-5EA4F818FACE-LeaderElection20] INFO  impl.RaftServerImpl (RaftServerImpl.java:setRole(184)) - 704bfd07-5e75-419d-aba5-0f2927b551c8@group-5EA4F818FACE: changes role from CANDIDATE to FOLLOWER at term 9 for DISCOVERED_A_NEW_TERM
2019-10-17 08:19:57,951 [704bfd07-5e75-419d-aba5-0f2927b551c8@group-5EA4F818FACE-LeaderElection20] INFO  impl.RoleInfo (RoleInfo.java:shutdownLeaderElection(134)) - 704bfd07-5e75-419d-aba5-0f2927b551c8: shutdown LeaderElection
2019-10-17 08:19:57,951 [704bfd07-5e75-419d-aba5-0f2927b551c8@group-5EA4F818FACE-LeaderElection20] INFO  impl.RoleInfo (RoleInfo.java:updateAndGet(143)) - 704bfd07-5e75-419d-aba5-0f2927b551c8: start FollowerState
 0.00% |?                                                                                                    |  0/1 Time: 0:03:232019-10-17 08:19:58,053 [pool-73-thread-3] WARN  io.KeyOutputStream (KeyOutputStream.java:handleException(274)) - Encountered exception java.io.IOException: Unexpected Storage Container Exception: java.util.concurrent.CompletionException: java.util.concurrent.CompletionException: org.apache.ratis.protocol.GroupMismatchException: f164ec13-c99a-4402-99d5-4f3aeeeb4a39: group-413E5FE1188A not found. on the pipeline Pipeline[ Id: 9cc71773-d836-469d-9362-413e5fe1188a, Nodes: 99f6549c-1d76-4032-b481-991b9a8ccf89{ip: 192.168.34.62, host: pr-hdds-1868-lzclr-202649289, networkLocation: /default-rack, certSerialId: null}f164ec13-c99a-4402-99d5-4f3aeeeb4a39{ip: 192.168.34.62, host: pr-hdds-1868-lzclr-202649289, networkLocation: /default-rack, certSerialId: null}704bfd07-5e75-419d-aba5-0f2927b551c8{ip: 192.168.34.62, host: pr-hdds-1868-lzclr-202649289, networkLocation: /default-rack, certSerialId: null}, Type:RATIS, Factor:THREE, State:OPEN]. The last committed block length is 0, uncommitted data length is 2097152 retry count 2
2019-10-17 08:19:58,079 [IPC Server handler 0 on 34495] WARN  block.BlockManagerImpl (BlockManagerImpl.java:allocateBlock(200)) - Pipeline creation failed for type:RATIS factor:THREE. Retrying get pipelines call once.
org.apache.hadoop.hdds.scm.pipeline.InsufficientDatanodesException: Cannot create pipeline of factor 3 using 2 nodes.
	at org.apache.hadoop.hdds.scm.pipeline.RatisPipelineProvider.create(RatisPipelineProvider.java:153)
	at org.apache.hadoop.hdds.scm.pipeline.PipelineFactory.create(PipelineFactory.java:58)
	at org.apache.hadoop.hdds.scm.pipeline.SCMPipelineManager.createPipeline(SCMPipelineManager.java:155)
	at org.apache.hadoop.hdds.scm.block.BlockManagerImpl.allocateBlock(BlockManagerImpl.java:198)
	at org.apache.hadoop.hdds.scm.server.SCMBlockProtocolServer.allocateBlock(SCMBlockProtocolServer.java:182)
	at org.apache.hadoop.hdds.scm.protocol.ScmBlockLocationProtocolServerSideTranslatorPB.allocateScmBlock(ScmBlockLocationProtocolServerSideTranslatorPB.java:159)
	at org.apache.hadoop.hdds.scm.protocol.ScmBlockLocationProtocolServerSideTranslatorPB.processMessage(ScmBlockLocationProtocolServerSideTranslatorPB.java:117)
	at org.apache.hadoop.hdds.server.OzoneProtocolMessageDispatcher.processRequest(OzoneProtocolMessageDispatcher.java:72)
	at org.apache.hadoop.hdds.scm.protocol.ScmBlockLocationProtocolServerSideTranslatorPB.send(ScmBlockLocationProtocolServerSideTranslatorPB.java:98)
	at org.apache.hadoop.hdds.protocol.proto.ScmBlockLocationProtocolProtos$ScmBlockLocationProtocolService$2.callBlockingMethod(ScmBlockLocationProtocolProtos.java:13157)
	at org.apache.hadoop.ipc.ProtobufRpcEngine$Server$ProtoBufRpcInvoker.call(ProtobufRpcEngine.java:524)
	at org.apache.hadoop.ipc.RPC$Server.call(RPC.java:1025)
	at org.apache.hadoop.ipc.Server$RpcCall.run(Server.java:876)
	at org.apache.hadoop.ipc.Server$RpcCall.run(Server.java:822)
	at java.security.AccessController.doPrivileged(Native Method)
	at javax.security.auth.Subject.doAs(Subject.java:422)
	at org.apache.hadoop.security.UserGroupInformation.doAs(UserGroupInformation.java:1730)
	at org.apache.hadoop.ipc.Server$Handler.run(Server.java:2682)
2019-10-17 08:19:58,080 [IPC Server handler 0 on 34495] INFO  block.BlockManagerImpl (BlockManagerImpl.java:allocateBlock(212)) - Could not find available pipeline of type:RATIS and factor:THREE even after retrying
2019-10-17 08:19:58,080 [IPC Server handler 0 on 34495] ERROR block.BlockManagerImpl (BlockManagerImpl.java:allocateBlock(236)) - Unable to allocate a block for the size: 4194304, type: RATIS, factor: THREE
2019-10-17 08:19:58,086 [pool-73-thread-3] ERROR io.BlockOutputStreamEntryPool (BlockOutputStreamEntryPool.java:allocateBlockIfNeeded(309)) - Try to allocate more blocks for write failed, already allocated 0 blocks for this write.
INTERNAL_ERROR org.apache.hadoop.ozone.om.exceptions.OMException: Allocated 0 blocks. Requested 1 blocks
	at org.apache.hadoop.ozone.om.protocolPB.OzoneManagerProtocolClientSideTranslatorPB.handleError(OzoneManagerProtocolClientSideTranslatorPB.java:732)
	at org.apache.hadoop.ozone.om.protocolPB.OzoneManagerProtocolClientSideTranslatorPB.allocateBlock(OzoneManagerProtocolClientSideTranslatorPB.java:764)
	at sun.reflect.NativeMethodAccessorImpl.invoke0(Native Method)
	at sun.reflect.NativeMethodAccessorImpl.invoke(NativeMethodAccessorImpl.java:62)
	at sun.reflect.DelegatingMethodAccessorImpl.invoke(DelegatingMethodAccessorImpl.java:43)
	at java.lang.reflect.Method.invoke(Method.java:498)
	at org.apache.hadoop.hdds.tracing.TraceAllMethod.invoke(TraceAllMethod.java:66)
	at com.sun.proxy.$Proxy37.allocateBlock(Unknown Source)
	at org.apache.hadoop.ozone.client.io.BlockOutputStreamEntryPool.allocateNewBlock(BlockOutputStreamEntryPool.java:258)
	at org.apache.hadoop.ozone.client.io.BlockOutputStreamEntryPool.allocateBlockIfNeeded(BlockOutputStreamEntryPool.java:306)
	at org.apache.hadoop.ozone.client.io.KeyOutputStream.handleWrite(KeyOutputStream.java:198)
	at org.apache.hadoop.ozone.client.io.KeyOutputStream.handleRetry(KeyOutputStream.java:375)
	at org.apache.hadoop.ozone.client.io.KeyOutputStream.handleException(KeyOutputStream.java:324)
	at org.apache.hadoop.ozone.client.io.KeyOutputStream.handleWrite(KeyOutputStream.java:228)
	at org.apache.hadoop.ozone.client.io.KeyOutputStream.handleRetry(KeyOutputStream.java:375)
	at org.apache.hadoop.ozone.client.io.KeyOutputStream.handleException(KeyOutputStream.java:324)
	at org.apache.hadoop.ozone.client.io.KeyOutputStream.handleWrite(KeyOutputStream.java:228)
	at org.apache.hadoop.ozone.client.io.KeyOutputStream.handleRetry(KeyOutputStream.java:375)
	at org.apache.hadoop.ozone.client.io.KeyOutputStream.handleException(KeyOutputStream.java:324)
	at org.apache.hadoop.ozone.client.io.KeyOutputStream.handleWrite(KeyOutputStream.java:228)
	at org.apache.hadoop.ozone.client.io.KeyOutputStream.write(KeyOutputStream.java:190)
	at org.apache.hadoop.ozone.client.io.OzoneOutputStream.write(OzoneOutputStream.java:49)
	at org.apache.hadoop.ozone.freon.RandomKeyGenerator.createKey(RandomKeyGenerator.java:708)
	at org.apache.hadoop.ozone.freon.RandomKeyGenerator.access$1100(RandomKeyGenerator.java:88)
	at org.apache.hadoop.ozone.freon.RandomKeyGenerator$ObjectCreator.run(RandomKeyGenerator.java:615)
	at java.util.concurrent.Executors$RunnableAdapter.call(Executors.java:511)
	at java.util.concurrent.FutureTask.run(FutureTask.java:266)
	at java.util.concurrent.ThreadPoolExecutor.runWorker(ThreadPoolExecutor.java:1149)
	at java.util.concurrent.ThreadPoolExecutor$Worker.run(ThreadPoolExecutor.java:624)
	at java.lang.Thread.run(Thread.java:748)
2019-10-17 08:19:58,087 [Thread-705] INFO  impl.FollowerState (FollowerState.java:run(108)) - 704bfd07-5e75-419d-aba5-0f2927b551c8@group-5EA4F818FACE-FollowerState: change to CANDIDATE, lastRpcTime:135ms, electionTimeout:134ms
2019-10-17 08:19:58,088 [Thread-705] INFO  impl.RoleInfo (RoleInfo.java:shutdownFollowerState(121)) - 704bfd07-5e75-419d-aba5-0f2927b551c8: shutdown FollowerState
2019-10-17 08:19:58,088 [pool-73-thread-3] ERROR freon.RandomKeyGenerator (RandomKeyGenerator.java:createKey(733)) - Exception while adding key: key-0-70286 in bucket: bucket-0-42258 of volume: vol-0-73933.
INTERNAL_ERROR org.apache.hadoop.ozone.om.exceptions.OMException: Allocated 0 blocks. Requested 1 blocks
	at org.apache.hadoop.ozone.om.protocolPB.OzoneManagerProtocolClientSideTranslatorPB.handleError(OzoneManagerProtocolClientSideTranslatorPB.java:732)
	at org.apache.hadoop.ozone.om.protocolPB.OzoneManagerProtocolClientSideTranslatorPB.allocateBlock(OzoneManagerProtocolClientSideTranslatorPB.java:764)
	at sun.reflect.NativeMethodAccessorImpl.invoke0(Native Method)
	at sun.reflect.NativeMethodAccessorImpl.invoke(NativeMethodAccessorImpl.java:62)
	at sun.reflect.DelegatingMethodAccessorImpl.invoke(DelegatingMethodAccessorImpl.java:43)
	at java.lang.reflect.Method.invoke(Method.java:498)
	at org.apache.hadoop.hdds.tracing.TraceAllMethod.invoke(TraceAllMethod.java:66)
	at com.sun.proxy.$Proxy37.allocateBlock(Unknown Source)
	at org.apache.hadoop.ozone.client.io.BlockOutputStreamEntryPool.allocateNewBlock(BlockOutputStreamEntryPool.java:258)
	at org.apache.hadoop.ozone.client.io.BlockOutputStreamEntryPool.allocateBlockIfNeeded(BlockOutputStreamEntryPool.java:306)
	at org.apache.hadoop.ozone.client.io.KeyOutputStream.handleWrite(KeyOutputStream.java:198)
	at org.apache.hadoop.ozone.client.io.KeyOutputStream.handleRetry(KeyOutputStream.java:375)
	at org.apache.hadoop.ozone.client.io.KeyOutputStream.handleException(KeyOutputStream.java:324)
	at org.apache.hadoop.ozone.client.io.KeyOutputStream.handleWrite(KeyOutputStream.java:228)
	at org.apache.hadoop.ozone.client.io.KeyOutputStream.handleRetry(KeyOutputStream.java:375)
	at org.apache.hadoop.ozone.client.io.KeyOutputStream.handleException(KeyOutputStream.java:324)
	at org.apache.hadoop.ozone.client.io.KeyOutputStream.handleWrite(KeyOutputStream.java:228)
	at org.apache.hadoop.ozone.client.io.KeyOutputStream.handleRetry(KeyOutputStream.java:375)
	at org.apache.hadoop.ozone.client.io.KeyOutputStream.handleException(KeyOutputStream.java:324)
	at org.apache.hadoop.ozone.client.io.KeyOutputStream.handleWrite(KeyOutputStream.java:228)
	at org.apache.hadoop.ozone.client.io.KeyOutputStream.write(KeyOutputStream.java:190)
	at org.apache.hadoop.ozone.client.io.OzoneOutputStream.write(OzoneOutputStream.java:49)
	at org.apache.hadoop.ozone.freon.RandomKeyGenerator.createKey(RandomKeyGenerator.java:708)
	at org.apache.hadoop.ozone.freon.RandomKeyGenerator.access$1100(RandomKeyGenerator.java:88)
	at org.apache.hadoop.ozone.freon.RandomKeyGenerator$ObjectCreator.run(RandomKeyGenerator.java:615)
	at java.util.concurrent.Executors$RunnableAdapter.call(Executors.java:511)
	at java.util.concurrent.FutureTask.run(FutureTask.java:266)
	at java.util.concurrent.ThreadPoolExecutor.runWorker(ThreadPoolExecutor.java:1149)
	at java.util.concurrent.ThreadPoolExecutor$Worker.run(ThreadPoolExecutor.java:624)
	at java.lang.Thread.run(Thread.java:748)
2019-10-17 08:19:58,089 [Thread-705] INFO  impl.RaftServerImpl (RaftServerImpl.java:setRole(184)) - 704bfd07-5e75-419d-aba5-0f2927b551c8@group-5EA4F818FACE: changes role from  FOLLOWER to CANDIDATE at term 9 for changeToCandidate
2019-10-17 08:19:58,090 [Thread-705] INFO  impl.RoleInfo (RoleInfo.java:updateAndGet(143)) - 704bfd07-5e75-419d-aba5-0f2927b551c8: start LeaderElection
2019-10-17 08:19:58,106 [704bfd07-5e75-419d-aba5-0f2927b551c8@group-5EA4F818FACE-LeaderElection21] INFO  impl.LeaderElection (LeaderElection.java:askForVotes(178)) - 704bfd07-5e75-419d-aba5-0f2927b551c8@group-5EA4F818FACE-LeaderElection21: begin an election at term 10 for -1: [704bfd07-5e75-419d-aba5-0f2927b551c8:192.168.34.62:33038, f164ec13-c99a-4402-99d5-4f3aeeeb4a39:192.168.34.62:44851, 99f6549c-1d76-4032-b481-991b9a8ccf89:192.168.34.62:46667], old=null
2019-10-17 08:19:58,114 [grpc-default-executor-4] INFO  impl.RaftServerImpl (RaftServerImpl.java:setRole(184)) - f164ec13-c99a-4402-99d5-4f3aeeeb4a39@group-5EA4F818FACE: changes role from  FOLLOWER to FOLLOWER at term 10 for recognizeCandidate:704bfd07-5e75-419d-aba5-0f2927b551c8
2019-10-17 08:19:58,114 [grpc-default-executor-4] INFO  impl.RoleInfo (RoleInfo.java:shutdownFollowerState(121)) - f164ec13-c99a-4402-99d5-4f3aeeeb4a39: shutdown FollowerState
2019-10-17 08:19:58,114 [grpc-default-executor-11] INFO  impl.RaftServerImpl (RaftServerImpl.java:setRole(184)) - 99f6549c-1d76-4032-b481-991b9a8ccf89@group-5EA4F818FACE: changes role from  FOLLOWER to FOLLOWER at term 10 for recognizeCandidate:704bfd07-5e75-419d-aba5-0f2927b551c8
2019-10-17 08:19:58,114 [grpc-default-executor-4] INFO  impl.RoleInfo (RoleInfo.java:updateAndGet(143)) - f164ec13-c99a-4402-99d5-4f3aeeeb4a39: start FollowerState
2019-10-17 08:19:58,114 [grpc-default-executor-11] INFO  impl.RoleInfo (RoleInfo.java:shutdownFollowerState(121)) - 99f6549c-1d76-4032-b481-991b9a8ccf89: shutdown FollowerState
2019-10-17 08:19:58,114 [Thread-703] INFO  impl.FollowerState (FollowerState.java:run(117)) - f164ec13-c99a-4402-99d5-4f3aeeeb4a39@group-5EA4F818FACE-FollowerState was interrupted: java.lang.InterruptedException: sleep interrupted
2019-10-17 08:19:58,115 [Thread-704] INFO  impl.FollowerState (FollowerState.java:run(117)) - 99f6549c-1d76-4032-b481-991b9a8ccf89@group-5EA4F818FACE-FollowerState was interrupted: java.lang.InterruptedException: sleep interrupted
2019-10-17 08:19:58,115 [grpc-default-executor-11] INFO  impl.RoleInfo (RoleInfo.java:updateAndGet(143)) - 99f6549c-1d76-4032-b481-991b9a8ccf89: start FollowerState
2019-10-17 08:19:58,132 [704bfd07-5e75-419d-aba5-0f2927b551c8@group-5EA4F818FACE-LeaderElection21] INFO  impl.LeaderElection (LeaderElection.java:logAndReturn(56)) - 704bfd07-5e75-419d-aba5-0f2927b551c8@group-5EA4F818FACE-LeaderElection21: Election REJECTED; received 2 response(s) [704bfd07-5e75-419d-aba5-0f2927b551c8<-f164ec13-c99a-4402-99d5-4f3aeeeb4a39#0:FAIL-t10, 704bfd07-5e75-419d-aba5-0f2927b551c8<-99f6549c-1d76-4032-b481-991b9a8ccf89#0:FAIL-t10] and 0 exception(s); 704bfd07-5e75-419d-aba5-0f2927b551c8@group-5EA4F818FACE:t10, leader=null, voted=704bfd07-5e75-419d-aba5-0f2927b551c8, raftlog=704bfd07-5e75-419d-aba5-0f2927b551c8@group-5EA4F818FACE-SegmentedRaftLog:OPENED:c-1,f-1,i0, conf=-1: [704bfd07-5e75-419d-aba5-0f2927b551c8:192.168.34.62:33038, f164ec13-c99a-4402-99d5-4f3aeeeb4a39:192.168.34.62:44851, 99f6549c-1d76-4032-b481-991b9a8ccf89:192.168.34.62:46667], old=null
2019-10-17 08:19:58,132 [704bfd07-5e75-419d-aba5-0f2927b551c8@group-5EA4F818FACE-LeaderElection21] INFO  impl.RaftServerImpl (RaftServerImpl.java:setRole(184)) - 704bfd07-5e75-419d-aba5-0f2927b551c8@group-5EA4F818FACE: changes role from CANDIDATE to FOLLOWER at term 10 for DISCOVERED_A_NEW_TERM
2019-10-17 08:19:58,139 [704bfd07-5e75-419d-aba5-0f2927b551c8@group-5EA4F818FACE-LeaderElection21] INFO  impl.RoleInfo (RoleInfo.java:shutdownLeaderElection(134)) - 704bfd07-5e75-419d-aba5-0f2927b551c8: shutdown LeaderElection
2019-10-17 08:19:58,139 [704bfd07-5e75-419d-aba5-0f2927b551c8@group-5EA4F818FACE-LeaderElection21] INFO  impl.RoleInfo (RoleInfo.java:updateAndGet(143)) - 704bfd07-5e75-419d-aba5-0f2927b551c8: start FollowerState
2019-10-17 08:19:58,217 [Thread-714] INFO  impl.FollowerState (FollowerState.java:run(108)) - 704bfd07-5e75-419d-aba5-0f2927b551c8@group-5EA4F818FACE-FollowerState: change to CANDIDATE, lastRpcTime:77ms, electionTimeout:77ms
2019-10-17 08:19:58,218 [Thread-714] INFO  impl.RoleInfo (RoleInfo.java:shutdownFollowerState(121)) - 704bfd07-5e75-419d-aba5-0f2927b551c8: shutdown FollowerState
2019-10-17 08:19:58,218 [Thread-714] INFO  impl.RaftServerImpl (RaftServerImpl.java:setRole(184)) - 704bfd07-5e75-419d-aba5-0f2927b551c8@group-5EA4F818FACE: changes role from  FOLLOWER to CANDIDATE at term 10 for changeToCandidate
2019-10-17 08:19:58,219 [Thread-714] INFO  impl.RoleInfo (RoleInfo.java:updateAndGet(143)) - 704bfd07-5e75-419d-aba5-0f2927b551c8: start LeaderElection
2019-10-17 08:19:58,232 [704bfd07-5e75-419d-aba5-0f2927b551c8@group-5EA4F818FACE-LeaderElection22] INFO  impl.LeaderElection (LeaderElection.java:askForVotes(178)) - 704bfd07-5e75-419d-aba5-0f2927b551c8@group-5EA4F818FACE-LeaderElection22: begin an election at term 11 for -1: [704bfd07-5e75-419d-aba5-0f2927b551c8:192.168.34.62:33038, f164ec13-c99a-4402-99d5-4f3aeeeb4a39:192.168.34.62:44851, 99f6549c-1d76-4032-b481-991b9a8ccf89:192.168.34.62:46667], old=null
2019-10-17 08:19:58,235 [grpc-default-executor-4] INFO  impl.RaftServerImpl (RaftServerImpl.java:setRole(184)) - f164ec13-c99a-4402-99d5-4f3aeeeb4a39@group-5EA4F818FACE: changes role from  FOLLOWER to FOLLOWER at term 11 for recognizeCandidate:704bfd07-5e75-419d-aba5-0f2927b551c8
2019-10-17 08:19:58,236 [grpc-default-executor-4] INFO  impl.RoleInfo (RoleInfo.java:shutdownFollowerState(121)) - f164ec13-c99a-4402-99d5-4f3aeeeb4a39: shutdown FollowerState
2019-10-17 08:19:58,236 [grpc-default-executor-4] INFO  impl.RoleInfo (RoleInfo.java:updateAndGet(143)) - f164ec13-c99a-4402-99d5-4f3aeeeb4a39: start FollowerState
2019-10-17 08:19:58,236 [Thread-712] INFO  impl.FollowerState (FollowerState.java:run(117)) - f164ec13-c99a-4402-99d5-4f3aeeeb4a39@group-5EA4F818FACE-FollowerState was interrupted: java.lang.InterruptedException: sleep interrupted
2019-10-17 08:19:58,238 [grpc-default-executor-11] INFO  impl.RaftServerImpl (RaftServerImpl.java:setRole(184)) - 99f6549c-1d76-4032-b481-991b9a8ccf89@group-5EA4F818FACE: changes role from  FOLLOWER to FOLLOWER at term 11 for recognizeCandidate:704bfd07-5e75-419d-aba5-0f2927b551c8
2019-10-17 08:19:58,238 [grpc-default-executor-11] INFO  impl.RoleInfo (RoleInfo.java:shutdownFollowerState(121)) - 99f6549c-1d76-4032-b481-991b9a8ccf89: shutdown FollowerState
2019-10-17 08:19:58,239 [grpc-default-executor-11] INFO  impl.RoleInfo (RoleInfo.java:updateAndGet(143)) - 99f6549c-1d76-4032-b481-991b9a8ccf89: start FollowerState
2019-10-17 08:19:58,239 [Thread-713] INFO  impl.FollowerState (FollowerState.java:run(117)) - 99f6549c-1d76-4032-b481-991b9a8ccf89@group-5EA4F818FACE-FollowerState was interrupted: java.lang.InterruptedException: sleep interrupted
2019-10-17 08:19:58,265 [704bfd07-5e75-419d-aba5-0f2927b551c8@group-5EA4F818FACE-LeaderElection22] INFO  impl.LeaderElection (LeaderElection.java:logAndReturn(56)) - 704bfd07-5e75-419d-aba5-0f2927b551c8@group-5EA4F818FACE-LeaderElection22: Election TIMEOUT; received 0 response(s) [] and 0 exception(s); 704bfd07-5e75-419d-aba5-0f2927b551c8@group-5EA4F818FACE:t11, leader=null, voted=704bfd07-5e75-419d-aba5-0f2927b551c8, raftlog=704bfd07-5e75-419d-aba5-0f2927b551c8@group-5EA4F818FACE-SegmentedRaftLog:OPENED:c-1,f-1,i0, conf=-1: [704bfd07-5e75-419d-aba5-0f2927b551c8:192.168.34.62:33038, f164ec13-c99a-4402-99d5-4f3aeeeb4a39:192.168.34.62:44851, 99f6549c-1d76-4032-b481-991b9a8ccf89:192.168.34.62:46667], old=null
2019-10-17 08:19:58,275 [704bfd07-5e75-419d-aba5-0f2927b551c8@group-5EA4F818FACE-LeaderElection22] INFO  impl.LeaderElection (LeaderElection.java:askForVotes(178)) - 704bfd07-5e75-419d-aba5-0f2927b551c8@group-5EA4F818FACE-LeaderElection22: begin an election at term 12 for -1: [704bfd07-5e75-419d-aba5-0f2927b551c8:192.168.34.62:33038, f164ec13-c99a-4402-99d5-4f3aeeeb4a39:192.168.34.62:44851, 99f6549c-1d76-4032-b481-991b9a8ccf89:192.168.34.62:46667], old=null
2019-10-17 08:19:58,278 [grpc-default-executor-4] INFO  impl.RaftServerImpl (RaftServerImpl.java:setRole(184)) - f164ec13-c99a-4402-99d5-4f3aeeeb4a39@group-5EA4F818FACE: changes role from  FOLLOWER to FOLLOWER at term 12 for recognizeCandidate:704bfd07-5e75-419d-aba5-0f2927b551c8
2019-10-17 08:19:58,280 [grpc-default-executor-4] INFO  impl.RoleInfo (RoleInfo.java:shutdownFollowerState(121)) - f164ec13-c99a-4402-99d5-4f3aeeeb4a39: shutdown FollowerState
2019-10-17 08:19:58,280 [grpc-default-executor-4] INFO  impl.RoleInfo (RoleInfo.java:updateAndGet(143)) - f164ec13-c99a-4402-99d5-4f3aeeeb4a39: start FollowerState
2019-10-17 08:19:58,280 [Thread-718] INFO  impl.FollowerState (FollowerState.java:run(117)) - f164ec13-c99a-4402-99d5-4f3aeeeb4a39@group-5EA4F818FACE-FollowerState was interrupted: java.lang.InterruptedException: sleep interrupted
2019-10-17 08:19:58,281 [grpc-default-executor-11] INFO  impl.RaftServerImpl (RaftServerImpl.java:setRole(184)) - 99f6549c-1d76-4032-b481-991b9a8ccf89@group-5EA4F818FACE: changes role from  FOLLOWER to FOLLOWER at term 12 for recognizeCandidate:704bfd07-5e75-419d-aba5-0f2927b551c8
2019-10-17 08:19:58,282 [grpc-default-executor-11] INFO  impl.RoleInfo (RoleInfo.java:shutdownFollowerState(121)) - 99f6549c-1d76-4032-b481-991b9a8ccf89: shutdown FollowerState
2019-10-17 08:19:58,282 [grpc-default-executor-11] INFO  impl.RoleInfo (RoleInfo.java:updateAndGet(143)) - 99f6549c-1d76-4032-b481-991b9a8ccf89: start FollowerState
2019-10-17 08:19:58,282 [Thread-719] INFO  impl.FollowerState (FollowerState.java:run(117)) - 99f6549c-1d76-4032-b481-991b9a8ccf89@group-5EA4F818FACE-FollowerState was interrupted: java.lang.InterruptedException: sleep interrupted
2019-10-17 08:19:58,285 [704bfd07-5e75-419d-aba5-0f2927b551c8@group-5EA4F818FACE-LeaderElection22] INFO  impl.LeaderElection (LeaderElection.java:logAndReturn(56)) - 704bfd07-5e75-419d-aba5-0f2927b551c8@group-5EA4F818FACE-LeaderElection22: Election TIMEOUT; received 0 response(s) [] and 0 exception(s); 704bfd07-5e75-419d-aba5-0f2927b551c8@group-5EA4F818FACE:t12, leader=null, voted=704bfd07-5e75-419d-aba5-0f2927b551c8, raftlog=704bfd07-5e75-419d-aba5-0f2927b551c8@group-5EA4F818FACE-SegmentedRaftLog:OPENED:c-1,f-1,i0, conf=-1: [704bfd07-5e75-419d-aba5-0f2927b551c8:192.168.34.62:33038, f164ec13-c99a-4402-99d5-4f3aeeeb4a39:192.168.34.62:44851, 99f6549c-1d76-4032-b481-991b9a8ccf89:192.168.34.62:46667], old=null
2019-10-17 08:19:58,295 [704bfd07-5e75-419d-aba5-0f2927b551c8@group-5EA4F818FACE-LeaderElection22] INFO  impl.LeaderElection (LeaderElection.java:askForVotes(178)) - 704bfd07-5e75-419d-aba5-0f2927b551c8@group-5EA4F818FACE-LeaderElection22: begin an election at term 13 for -1: [704bfd07-5e75-419d-aba5-0f2927b551c8:192.168.34.62:33038, f164ec13-c99a-4402-99d5-4f3aeeeb4a39:192.168.34.62:44851, 99f6549c-1d76-4032-b481-991b9a8ccf89:192.168.34.62:46667], old=null
2019-10-17 08:19:58,298 [grpc-default-executor-11] INFO  impl.RaftServerImpl (RaftServerImpl.java:setRole(184)) - 99f6549c-1d76-4032-b481-991b9a8ccf89@group-5EA4F818FACE: changes role from  FOLLOWER to FOLLOWER at term 13 for recognizeCandidate:704bfd07-5e75-419d-aba5-0f2927b551c8
2019-10-17 08:19:58,300 [grpc-default-executor-11] INFO  impl.RoleInfo (RoleInfo.java:shutdownFollowerState(121)) - 99f6549c-1d76-4032-b481-991b9a8ccf89: shutdown FollowerState
2019-10-17 08:19:58,300 [grpc-default-executor-11] INFO  impl.RoleInfo (RoleInfo.java:updateAndGet(143)) - 99f6549c-1d76-4032-b481-991b9a8ccf89: start FollowerState
2019-10-17 08:19:58,300 [Thread-723] INFO  impl.FollowerState (FollowerState.java:run(117)) - 99f6549c-1d76-4032-b481-991b9a8ccf89@group-5EA4F818FACE-FollowerState was interrupted: java.lang.InterruptedException: sleep interrupted
2019-10-17 08:19:58,300 [grpc-default-executor-4] INFO  impl.RaftServerImpl (RaftServerImpl.java:setRole(184)) - f164ec13-c99a-4402-99d5-4f3aeeeb4a39@group-5EA4F818FACE: changes role from  FOLLOWER to FOLLOWER at term 13 for recognizeCandidate:704bfd07-5e75-419d-aba5-0f2927b551c8
2019-10-17 08:19:58,302 [grpc-default-executor-4] INFO  impl.RoleInfo (RoleInfo.java:shutdownFollowerState(121)) - f164ec13-c99a-4402-99d5-4f3aeeeb4a39: shutdown FollowerState
2019-10-17 08:19:58,302 [grpc-default-executor-4] INFO  impl.RoleInfo (RoleInfo.java:updateAndGet(143)) - f164ec13-c99a-4402-99d5-4f3aeeeb4a39: start FollowerState
2019-10-17 08:19:58,302 [Thread-722] INFO  impl.FollowerState (FollowerState.java:run(117)) - f164ec13-c99a-4402-99d5-4f3aeeeb4a39@group-5EA4F818FACE-FollowerState was interrupted: java.lang.InterruptedException: sleep interrupted
2019-10-17 08:19:58,317 [704bfd07-5e75-419d-aba5-0f2927b551c8@group-5EA4F818FACE-LeaderElection22] INFO  impl.LeaderElection (LeaderElection.java:logAndReturn(56)) - 704bfd07-5e75-419d-aba5-0f2927b551c8@group-5EA4F818FACE-LeaderElection22: Election REJECTED; received 2 response(s) [704bfd07-5e75-419d-aba5-0f2927b551c8<-f164ec13-c99a-4402-99d5-4f3aeeeb4a39#0:FAIL-t13, 704bfd07-5e75-419d-aba5-0f2927b551c8<-99f6549c-1d76-4032-b481-991b9a8ccf89#0:FAIL-t13] and 0 exception(s); 704bfd07-5e75-419d-aba5-0f2927b551c8@group-5EA4F818FACE:t13, leader=null, voted=704bfd07-5e75-419d-aba5-0f2927b551c8, raftlog=704bfd07-5e75-419d-aba5-0f2927b551c8@group-5EA4F818FACE-SegmentedRaftLog:OPENED:c-1,f-1,i0, conf=-1: [704bfd07-5e75-419d-aba5-0f2927b551c8:192.168.34.62:33038, f164ec13-c99a-4402-99d5-4f3aeeeb4a39:192.168.34.62:44851, 99f6549c-1d76-4032-b481-991b9a8ccf89:192.168.34.62:46667], old=null
2019-10-17 08:19:58,318 [704bfd07-5e75-419d-aba5-0f2927b551c8@group-5EA4F818FACE-LeaderElection22] INFO  impl.RaftServerImpl (RaftServerImpl.java:setRole(184)) - 704bfd07-5e75-419d-aba5-0f2927b551c8@group-5EA4F818FACE: changes role from CANDIDATE to FOLLOWER at term 13 for DISCOVERED_A_NEW_TERM
2019-10-17 08:19:58,318 [704bfd07-5e75-419d-aba5-0f2927b551c8@group-5EA4F818FACE-LeaderElection22] INFO  impl.RoleInfo (RoleInfo.java:shutdownLeaderElection(134)) - 704bfd07-5e75-419d-aba5-0f2927b551c8: shutdown LeaderElection
2019-10-17 08:19:58,318 [704bfd07-5e75-419d-aba5-0f2927b551c8@group-5EA4F818FACE-LeaderElection22] INFO  impl.RoleInfo (RoleInfo.java:updateAndGet(143)) - 704bfd07-5e75-419d-aba5-0f2927b551c8: start FollowerState
2019-10-17 08:19:58,321 [Thread-728] INFO  impl.FollowerState (FollowerState.java:run(108)) - 704bfd07-5e75-419d-aba5-0f2927b551c8@group-5EA4F818FACE-FollowerState: change to CANDIDATE, lastRpcTime:3ms, electionTimeout:3ms
2019-10-17 08:19:58,323 [Thread-728] INFO  impl.RoleInfo (RoleInfo.java:shutdownFollowerState(121)) - 704bfd07-5e75-419d-aba5-0f2927b551c8: shutdown FollowerState
2019-10-17 08:19:58,323 [Thread-728] INFO  impl.RaftServerImpl (RaftServerImpl.java:setRole(184)) - 704bfd07-5e75-419d-aba5-0f2927b551c8@group-5EA4F818FACE: changes role from  FOLLOWER to CANDIDATE at term 13 for changeToCandidate
2019-10-17 08:19:58,324 [Thread-728] INFO  impl.RoleInfo (RoleInfo.java:updateAndGet(143)) - 704bfd07-5e75-419d-aba5-0f2927b551c8: start LeaderElection
2019-10-17 08:19:58,339 [704bfd07-5e75-419d-aba5-0f2927b551c8@group-5EA4F818FACE-LeaderElection23] INFO  impl.LeaderElection (LeaderElection.java:askForVotes(178)) - 704bfd07-5e75-419d-aba5-0f2927b551c8@group-5EA4F818FACE-LeaderElection23: begin an election at term 14 for -1: [704bfd07-5e75-419d-aba5-0f2927b551c8:192.168.34.62:33038, f164ec13-c99a-4402-99d5-4f3aeeeb4a39:192.168.34.62:44851, 99f6549c-1d76-4032-b481-991b9a8ccf89:192.168.34.62:46667], old=null
2019-10-17 08:19:58,341 [EventQueue-PipelineReportForPipelineReportHandler] INFO  pipeline.PipelineReportHandler (PipelineReportHandler.java:processPipelineReport(119)) - Pipeline PipelineID=17e5400b-7e30-4ff7-a65e-5ea4f818face reported by 99f6549c-1d76-4032-b481-991b9a8ccf89{ip: 192.168.34.62, host: pr-hdds-1868-lzclr-202649289, networkLocation: /default-rack, certSerialId: null} with leaderId 99f6549c-1d76-4032-b481-991b9a8ccf89
2019-10-17 08:19:58,342 [grpc-default-executor-4] INFO  impl.RaftServerImpl (RaftServerImpl.java:setRole(184)) - f164ec13-c99a-4402-99d5-4f3aeeeb4a39@group-5EA4F818FACE: changes role from  FOLLOWER to FOLLOWER at term 14 for recognizeCandidate:704bfd07-5e75-419d-aba5-0f2927b551c8
2019-10-17 08:19:58,342 [grpc-default-executor-4] INFO  impl.RoleInfo (RoleInfo.java:shutdownFollowerState(121)) - f164ec13-c99a-4402-99d5-4f3aeeeb4a39: shutdown FollowerState
2019-10-17 08:19:58,343 [grpc-default-executor-11] INFO  impl.RaftServerImpl (RaftServerImpl.java:setRole(184)) - 99f6549c-1d76-4032-b481-991b9a8ccf89@group-5EA4F818FACE: changes role from  FOLLOWER to FOLLOWER at term 14 for recognizeCandidate:704bfd07-5e75-419d-aba5-0f2927b551c8
2019-10-17 08:19:58,343 [grpc-default-executor-4] INFO  impl.RoleInfo (RoleInfo.java:updateAndGet(143)) - f164ec13-c99a-4402-99d5-4f3aeeeb4a39: start FollowerState
2019-10-17 08:19:58,343 [Thread-727] INFO  impl.FollowerState (FollowerState.java:run(117)) - f164ec13-c99a-4402-99d5-4f3aeeeb4a39@group-5EA4F818FACE-FollowerState was interrupted: java.lang.InterruptedException: sleep interrupted
2019-10-17 08:19:58,343 [grpc-default-executor-11] INFO  impl.RoleInfo (RoleInfo.java:shutdownFollowerState(121)) - 99f6549c-1d76-4032-b481-991b9a8ccf89: shutdown FollowerState
2019-10-17 08:19:58,345 [Thread-726] INFO  impl.FollowerState (FollowerState.java:run(117)) - 99f6549c-1d76-4032-b481-991b9a8ccf89@group-5EA4F818FACE-FollowerState was interrupted: java.lang.InterruptedException: sleep interrupted
2019-10-17 08:19:58,345 [grpc-default-executor-11] INFO  impl.RoleInfo (RoleInfo.java:updateAndGet(143)) - 99f6549c-1d76-4032-b481-991b9a8ccf89: start FollowerState
2019-10-17 08:19:58,361 [704bfd07-5e75-419d-aba5-0f2927b551c8@group-5EA4F818FACE-LeaderElection23] INFO  impl.LeaderElection (LeaderElection.java:logAndReturn(56)) - 704bfd07-5e75-419d-aba5-0f2927b551c8@group-5EA4F818FACE-LeaderElection23: Election REJECTED; received 2 response(s) [704bfd07-5e75-419d-aba5-0f2927b551c8<-f164ec13-c99a-4402-99d5-4f3aeeeb4a39#0:FAIL-t14, 704bfd07-5e75-419d-aba5-0f2927b551c8<-99f6549c-1d76-4032-b481-991b9a8ccf89#0:FAIL-t14] and 0 exception(s); 704bfd07-5e75-419d-aba5-0f2927b551c8@group-5EA4F818FACE:t14, leader=null, voted=704bfd07-5e75-419d-aba5-0f2927b551c8, raftlog=704bfd07-5e75-419d-aba5-0f2927b551c8@group-5EA4F818FACE-SegmentedRaftLog:OPENED:c-1,f-1,i0, conf=-1: [704bfd07-5e75-419d-aba5-0f2927b551c8:192.168.34.62:33038, f164ec13-c99a-4402-99d5-4f3aeeeb4a39:192.168.34.62:44851, 99f6549c-1d76-4032-b481-991b9a8ccf89:192.168.34.62:46667], old=null
2019-10-17 08:19:58,361 [704bfd07-5e75-419d-aba5-0f2927b551c8@group-5EA4F818FACE-LeaderElection23] INFO  impl.RaftServerImpl (RaftServerImpl.java:setRole(184)) - 704bfd07-5e75-419d-aba5-0f2927b551c8@group-5EA4F818FACE: changes role from CANDIDATE to FOLLOWER at term 14 for DISCOVERED_A_NEW_TERM
2019-10-17 08:19:58,362 [704bfd07-5e75-419d-aba5-0f2927b551c8@group-5EA4F818FACE-LeaderElection23] INFO  impl.RoleInfo (RoleInfo.java:shutdownLeaderElection(134)) - 704bfd07-5e75-419d-aba5-0f2927b551c8: shutdown LeaderElection
2019-10-17 08:19:58,362 [704bfd07-5e75-419d-aba5-0f2927b551c8@group-5EA4F818FACE-LeaderElection23] INFO  impl.RoleInfo (RoleInfo.java:updateAndGet(143)) - 704bfd07-5e75-419d-aba5-0f2927b551c8: start FollowerState
2019-10-17 08:19:58,418 [Thread-734] INFO  impl.FollowerState (FollowerState.java:run(108)) - 704bfd07-5e75-419d-aba5-0f2927b551c8@group-5EA4F818FACE-FollowerState: change to CANDIDATE, lastRpcTime:56ms, electionTimeout:55ms
2019-10-17 08:19:58,419 [Thread-734] INFO  impl.RoleInfo (RoleInfo.java:shutdownFollowerState(121)) - 704bfd07-5e75-419d-aba5-0f2927b551c8: shutdown FollowerState
2019-10-17 08:19:58,419 [Thread-734] INFO  impl.RaftServerImpl (RaftServerImpl.java:setRole(184)) - 704bfd07-5e75-419d-aba5-0f2927b551c8@group-5EA4F818FACE: changes role from  FOLLOWER to CANDIDATE at term 14 for changeToCandidate
2019-10-17 08:19:58,420 [Thread-734] INFO  impl.RoleInfo (RoleInfo.java:updateAndGet(143)) - 704bfd07-5e75-419d-aba5-0f2927b551c8: start LeaderElection
2019-10-17 08:19:58,434 [704bfd07-5e75-419d-aba5-0f2927b551c8@group-5EA4F818FACE-LeaderElection24] INFO  impl.LeaderElection (LeaderElection.java:askForVotes(178)) - 704bfd07-5e75-419d-aba5-0f2927b551c8@group-5EA4F818FACE-LeaderElection24: begin an election at term 15 for -1: [704bfd07-5e75-419d-aba5-0f2927b551c8:192.168.34.62:33038, f164ec13-c99a-4402-99d5-4f3aeeeb4a39:192.168.34.62:44851, 99f6549c-1d76-4032-b481-991b9a8ccf89:192.168.34.62:46667], old=null
2019-10-17 08:19:58,438 [grpc-default-executor-4] INFO  impl.RaftServerImpl (RaftServerImpl.java:setRole(184)) - f164ec13-c99a-4402-99d5-4f3aeeeb4a39@group-5EA4F818FACE: changes role from  FOLLOWER to FOLLOWER at term 15 for recognizeCandidate:704bfd07-5e75-419d-aba5-0f2927b551c8
2019-10-17 08:19:58,438 [grpc-default-executor-11] INFO  impl.RaftServerImpl (RaftServerImpl.java:setRole(184)) - 99f6549c-1d76-4032-b481-991b9a8ccf89@group-5EA4F818FACE: changes role from  FOLLOWER to FOLLOWER at term 15 for recognizeCandidate:704bfd07-5e75-419d-aba5-0f2927b551c8
2019-10-17 08:19:58,438 [grpc-default-executor-4] INFO  impl.RoleInfo (RoleInfo.java:shutdownFollowerState(121)) - f164ec13-c99a-4402-99d5-4f3aeeeb4a39: shutdown FollowerState
2019-10-17 08:19:58,438 [grpc-default-executor-11] INFO  impl.RoleInfo (RoleInfo.java:shutdownFollowerState(121)) - 99f6549c-1d76-4032-b481-991b9a8ccf89: shutdown FollowerState
2019-10-17 08:19:58,439 [Thread-732] INFO  impl.FollowerState (FollowerState.java:run(117)) - f164ec13-c99a-4402-99d5-4f3aeeeb4a39@group-5EA4F818FACE-FollowerState was interrupted: java.lang.InterruptedException: sleep interrupted
2019-10-17 08:19:58,439 [Thread-733] INFO  impl.FollowerState (FollowerState.java:run(117)) - 99f6549c-1d76-4032-b481-991b9a8ccf89@group-5EA4F818FACE-FollowerState was interrupted: java.lang.InterruptedException: sleep interrupted
2019-10-17 08:19:58,439 [grpc-default-executor-4] INFO  impl.RoleInfo (RoleInfo.java:updateAndGet(143)) - f164ec13-c99a-4402-99d5-4f3aeeeb4a39: start FollowerState
2019-10-17 08:19:58,439 [grpc-default-executor-11] INFO  impl.RoleInfo (RoleInfo.java:updateAndGet(143)) - 99f6549c-1d76-4032-b481-991b9a8ccf89: start FollowerState
2019-10-17 08:19:58,456 [704bfd07-5e75-419d-aba5-0f2927b551c8@group-5EA4F818FACE-LeaderElection24] INFO  impl.LeaderElection (LeaderElection.java:logAndReturn(56)) - 704bfd07-5e75-419d-aba5-0f2927b551c8@group-5EA4F818FACE-LeaderElection24: Election REJECTED; received 2 response(s) [704bfd07-5e75-419d-aba5-0f2927b551c8<-f164ec13-c99a-4402-99d5-4f3aeeeb4a39#0:FAIL-t15, 704bfd07-5e75-419d-aba5-0f2927b551c8<-99f6549c-1d76-4032-b481-991b9a8ccf89#0:FAIL-t15] and 0 exception(s); 704bfd07-5e75-419d-aba5-0f2927b551c8@group-5EA4F818FACE:t15, leader=null, voted=704bfd07-5e75-419d-aba5-0f2927b551c8, raftlog=704bfd07-5e75-419d-aba5-0f2927b551c8@group-5EA4F818FACE-SegmentedRaftLog:OPENED:c-1,f-1,i0, conf=-1: [704bfd07-5e75-419d-aba5-0f2927b551c8:192.168.34.62:33038, f164ec13-c99a-4402-99d5-4f3aeeeb4a39:192.168.34.62:44851, 99f6549c-1d76-4032-b481-991b9a8ccf89:192.168.34.62:46667], old=null
2019-10-17 08:19:58,456 [704bfd07-5e75-419d-aba5-0f2927b551c8@group-5EA4F818FACE-LeaderElection24] INFO  impl.RaftServerImpl (RaftServerImpl.java:setRole(184)) - 704bfd07-5e75-419d-aba5-0f2927b551c8@group-5EA4F818FACE: changes role from CANDIDATE to FOLLOWER at term 15 for DISCOVERED_A_NEW_TERM
2019-10-17 08:19:58,457 [704bfd07-5e75-419d-aba5-0f2927b551c8@group-5EA4F818FACE-LeaderElection24] INFO  impl.RoleInfo (RoleInfo.java:shutdownLeaderElection(134)) - 704bfd07-5e75-419d-aba5-0f2927b551c8: shutdown LeaderElection
2019-10-17 08:19:58,457 [704bfd07-5e75-419d-aba5-0f2927b551c8@group-5EA4F818FACE-LeaderElection24] INFO  impl.RoleInfo (RoleInfo.java:updateAndGet(143)) - 704bfd07-5e75-419d-aba5-0f2927b551c8: start FollowerState
2019-10-17 08:19:58,590 [Thread-740] INFO  impl.FollowerState (FollowerState.java:run(108)) - 704bfd07-5e75-419d-aba5-0f2927b551c8@group-5EA4F818FACE-FollowerState: change to CANDIDATE, lastRpcTime:133ms, electionTimeout:133ms
2019-10-17 08:19:58,592 [Thread-740] INFO  impl.RoleInfo (RoleInfo.java:shutdownFollowerState(121)) - 704bfd07-5e75-419d-aba5-0f2927b551c8: shutdown FollowerState
2019-10-17 08:19:58,592 [Thread-740] INFO  impl.RaftServerImpl (RaftServerImpl.java:setRole(184)) - 704bfd07-5e75-419d-aba5-0f2927b551c8@group-5EA4F818FACE: changes role from  FOLLOWER to CANDIDATE at term 15 for changeToCandidate
2019-10-17 08:19:58,592 [Thread-740] INFO  impl.RoleInfo (RoleInfo.java:updateAndGet(143)) - 704bfd07-5e75-419d-aba5-0f2927b551c8: start LeaderElection
2019-10-17 08:19:58,612 [704bfd07-5e75-419d-aba5-0f2927b551c8@group-5EA4F818FACE-LeaderElection25] INFO  impl.LeaderElection (LeaderElection.java:askForVotes(178)) - 704bfd07-5e75-419d-aba5-0f2927b551c8@group-5EA4F818FACE-LeaderElection25: begin an election at term 16 for -1: [704bfd07-5e75-419d-aba5-0f2927b551c8:192.168.34.62:33038, f164ec13-c99a-4402-99d5-4f3aeeeb4a39:192.168.34.62:44851, 99f6549c-1d76-4032-b481-991b9a8ccf89:192.168.34.62:46667], old=null
2019-10-17 08:19:58,615 [grpc-default-executor-4] INFO  impl.RaftServerImpl (RaftServerImpl.java:setRole(184)) - f164ec13-c99a-4402-99d5-4f3aeeeb4a39@group-5EA4F818FACE: changes role from  FOLLOWER to FOLLOWER at term 16 for recognizeCandidate:704bfd07-5e75-419d-aba5-0f2927b551c8
2019-10-17 08:19:58,615 [grpc-default-executor-11] INFO  impl.RaftServerImpl (RaftServerImpl.java:setRole(184)) - 99f6549c-1d76-4032-b481-991b9a8ccf89@group-5EA4F818FACE: changes role from  FOLLOWER to FOLLOWER at term 16 for recognizeCandidate:704bfd07-5e75-419d-aba5-0f2927b551c8
2019-10-17 08:19:58,615 [grpc-default-executor-4] INFO  impl.RoleInfo (RoleInfo.java:shutdownFollowerState(121)) - f164ec13-c99a-4402-99d5-4f3aeeeb4a39: shutdown FollowerState
2019-10-17 08:19:58,615 [grpc-default-executor-11] INFO  impl.RoleInfo (RoleInfo.java:shutdownFollowerState(121)) - 99f6549c-1d76-4032-b481-991b9a8ccf89: shutdown FollowerState
2019-10-17 08:19:58,615 [grpc-default-executor-4] INFO  impl.RoleInfo (RoleInfo.java:updateAndGet(143)) - f164ec13-c99a-4402-99d5-4f3aeeeb4a39: start FollowerState
2019-10-17 08:19:58,615 [Thread-738] INFO  impl.FollowerState (FollowerState.java:run(117)) - f164ec13-c99a-4402-99d5-4f3aeeeb4a39@group-5EA4F818FACE-FollowerState was interrupted: java.lang.InterruptedException: sleep interrupted
2019-10-17 08:19:58,616 [Thread-739] INFO  impl.FollowerState (FollowerState.java:run(117)) - 99f6549c-1d76-4032-b481-991b9a8ccf89@group-5EA4F818FACE-FollowerState was interrupted: java.lang.InterruptedException: sleep interrupted
2019-10-17 08:19:58,616 [grpc-default-executor-11] INFO  impl.RoleInfo (RoleInfo.java:updateAndGet(143)) - 99f6549c-1d76-4032-b481-991b9a8ccf89: start FollowerState
2019-10-17 08:19:58,631 [704bfd07-5e75-419d-aba5-0f2927b551c8@group-5EA4F818FACE-LeaderElection25] INFO  impl.LeaderElection (LeaderElection.java:logAndReturn(56)) - 704bfd07-5e75-419d-aba5-0f2927b551c8@group-5EA4F818FACE-LeaderElection25: Election REJECTED; received 2 response(s) [704bfd07-5e75-419d-aba5-0f2927b551c8<-f164ec13-c99a-4402-99d5-4f3aeeeb4a39#0:FAIL-t16, 704bfd07-5e75-419d-aba5-0f2927b551c8<-99f6549c-1d76-4032-b481-991b9a8ccf89#0:FAIL-t16] and 0 exception(s); 704bfd07-5e75-419d-aba5-0f2927b551c8@group-5EA4F818FACE:t16, leader=null, voted=704bfd07-5e75-419d-aba5-0f2927b551c8, raftlog=704bfd07-5e75-419d-aba5-0f2927b551c8@group-5EA4F818FACE-SegmentedRaftLog:OPENED:c-1,f-1,i0, conf=-1: [704bfd07-5e75-419d-aba5-0f2927b551c8:192.168.34.62:33038, f164ec13-c99a-4402-99d5-4f3aeeeb4a39:192.168.34.62:44851, 99f6549c-1d76-4032-b481-991b9a8ccf89:192.168.34.62:46667], old=null
2019-10-17 08:19:58,631 [704bfd07-5e75-419d-aba5-0f2927b551c8@group-5EA4F818FACE-LeaderElection25] INFO  impl.RaftServerImpl (RaftServerImpl.java:setRole(184)) - 704bfd07-5e75-419d-aba5-0f2927b551c8@group-5EA4F818FACE: changes role from CANDIDATE to FOLLOWER at term 16 for DISCOVERED_A_NEW_TERM
2019-10-17 08:19:58,632 [704bfd07-5e75-419d-aba5-0f2927b551c8@group-5EA4F818FACE-LeaderElection25] INFO  impl.RoleInfo (RoleInfo.java:shutdownLeaderElection(134)) - 704bfd07-5e75-419d-aba5-0f2927b551c8: shutdown LeaderElection
2019-10-17 08:19:58,632 [704bfd07-5e75-419d-aba5-0f2927b551c8@group-5EA4F818FACE-LeaderElection25] INFO  impl.RoleInfo (RoleInfo.java:updateAndGet(143)) - 704bfd07-5e75-419d-aba5-0f2927b551c8: start FollowerState
2019-10-17 08:19:58,735 [Thread-746] INFO  impl.FollowerState (FollowerState.java:run(108)) - 704bfd07-5e75-419d-aba5-0f2927b551c8@group-5EA4F818FACE-FollowerState: change to CANDIDATE, lastRpcTime:103ms, electionTimeout:103ms
2019-10-17 08:19:58,738 [Thread-746] INFO  impl.RoleInfo (RoleInfo.java:shutdownFollowerState(121)) - 704bfd07-5e75-419d-aba5-0f2927b551c8: shutdown FollowerState
2019-10-17 08:19:58,738 [Thread-746] INFO  impl.RaftServerImpl (RaftServerImpl.java:setRole(184)) - 704bfd07-5e75-419d-aba5-0f2927b551c8@group-5EA4F818FACE: changes role from  FOLLOWER to CANDIDATE at term 16 for changeToCandidate
2019-10-17 08:19:58,738 [Thread-746] INFO  impl.RoleInfo (RoleInfo.java:updateAndGet(143)) - 704bfd07-5e75-419d-aba5-0f2927b551c8: start LeaderElection
2019-10-17 08:19:58,752 [704bfd07-5e75-419d-aba5-0f2927b551c8@group-5EA4F818FACE-LeaderElection26] INFO  impl.LeaderElection (LeaderElection.java:askForVotes(178)) - 704bfd07-5e75-419d-aba5-0f2927b551c8@group-5EA4F818FACE-LeaderElection26: begin an election at term 17 for -1: [704bfd07-5e75-419d-aba5-0f2927b551c8:192.168.34.62:33038, f164ec13-c99a-4402-99d5-4f3aeeeb4a39:192.168.34.62:44851, 99f6549c-1d76-4032-b481-991b9a8ccf89:192.168.34.62:46667], old=null
2019-10-17 08:19:58,755 [grpc-default-executor-4] INFO  impl.RaftServerImpl (RaftServerImpl.java:setRole(184)) - f164ec13-c99a-4402-99d5-4f3aeeeb4a39@group-5EA4F818FACE: changes role from  FOLLOWER to FOLLOWER at term 17 for recognizeCandidate:704bfd07-5e75-419d-aba5-0f2927b551c8
2019-10-17 08:19:58,755 [grpc-default-executor-4] INFO  impl.RoleInfo (RoleInfo.java:shutdownFollowerState(121)) - f164ec13-c99a-4402-99d5-4f3aeeeb4a39: shutdown FollowerState
2019-10-17 08:19:58,755 [grpc-default-executor-4] INFO  impl.RoleInfo (RoleInfo.java:updateAndGet(143)) - f164ec13-c99a-4402-99d5-4f3aeeeb4a39: start FollowerState
2019-10-17 08:19:58,755 [grpc-default-executor-11] INFO  impl.RaftServerImpl (RaftServerImpl.java:setRole(184)) - 99f6549c-1d76-4032-b481-991b9a8ccf89@group-5EA4F818FACE: changes role from  FOLLOWER to FOLLOWER at term 17 for recognizeCandidate:704bfd07-5e75-419d-aba5-0f2927b551c8
2019-10-17 08:19:58,755 [grpc-default-executor-11] INFO  impl.RoleInfo (RoleInfo.java:shutdownFollowerState(121)) - 99f6549c-1d76-4032-b481-991b9a8ccf89: shutdown FollowerState
2019-10-17 08:19:58,755 [Thread-744] INFO  impl.FollowerState (FollowerState.java:run(117)) - f164ec13-c99a-4402-99d5-4f3aeeeb4a39@group-5EA4F818FACE-FollowerState was interrupted: java.lang.InterruptedException: sleep interrupted
2019-10-17 08:19:58,756 [grpc-default-executor-11] INFO  impl.RoleInfo (RoleInfo.java:updateAndGet(143)) - 99f6549c-1d76-4032-b481-991b9a8ccf89: start FollowerState
2019-10-17 08:19:58,756 [Thread-745] INFO  impl.FollowerState (FollowerState.java:run(117)) - 99f6549c-1d76-4032-b481-991b9a8ccf89@group-5EA4F818FACE-FollowerState was interrupted: java.lang.InterruptedException: sleep interrupted
2019-10-17 08:19:58,760 [704bfd07-5e75-419d-aba5-0f2927b551c8@group-5EA4F818FACE-LeaderElection26] INFO  impl.LeaderElection (LeaderElection.java:logAndReturn(56)) - 704bfd07-5e75-419d-aba5-0f2927b551c8@group-5EA4F818FACE-LeaderElection26: Election TIMEOUT; received 0 response(s) [] and 0 exception(s); 704bfd07-5e75-419d-aba5-0f2927b551c8@group-5EA4F818FACE:t17, leader=null, voted=704bfd07-5e75-419d-aba5-0f2927b551c8, raftlog=704bfd07-5e75-419d-aba5-0f2927b551c8@group-5EA4F818FACE-SegmentedRaftLog:OPENED:c-1,f-1,i0, conf=-1: [704bfd07-5e75-419d-aba5-0f2927b551c8:192.168.34.62:33038, f164ec13-c99a-4402-99d5-4f3aeeeb4a39:192.168.34.62:44851, 99f6549c-1d76-4032-b481-991b9a8ccf89:192.168.34.62:46667], old=null
2019-10-17 08:19:58,769 [704bfd07-5e75-419d-aba5-0f2927b551c8@group-5EA4F818FACE-LeaderElection26] INFO  impl.LeaderElection (LeaderElection.java:askForVotes(178)) - 704bfd07-5e75-419d-aba5-0f2927b551c8@group-5EA4F818FACE-LeaderElection26: begin an election at term 18 for -1: [704bfd07-5e75-419d-aba5-0f2927b551c8:192.168.34.62:33038, f164ec13-c99a-4402-99d5-4f3aeeeb4a39:192.168.34.62:44851, 99f6549c-1d76-4032-b481-991b9a8ccf89:192.168.34.62:46667], old=null
2019-10-17 08:19:58,772 [grpc-default-executor-4] INFO  impl.RaftServerImpl (RaftServerImpl.java:setRole(184)) - f164ec13-c99a-4402-99d5-4f3aeeeb4a39@group-5EA4F818FACE: changes role from  FOLLOWER to FOLLOWER at term 18 for recognizeCandidate:704bfd07-5e75-419d-aba5-0f2927b551c8
2019-10-17 08:19:58,773 [grpc-default-executor-4] INFO  impl.RoleInfo (RoleInfo.java:shutdownFollowerState(121)) - f164ec13-c99a-4402-99d5-4f3aeeeb4a39: shutdown FollowerState
2019-10-17 08:19:58,774 [grpc-default-executor-4] INFO  impl.RoleInfo (RoleInfo.java:updateAndGet(143)) - f164ec13-c99a-4402-99d5-4f3aeeeb4a39: start FollowerState
2019-10-17 08:19:58,774 [Thread-750] INFO  impl.FollowerState (FollowerState.java:run(117)) - f164ec13-c99a-4402-99d5-4f3aeeeb4a39@group-5EA4F818FACE-FollowerState was interrupted: java.lang.InterruptedException: sleep interrupted
2019-10-17 08:19:58,774 [grpc-default-executor-11] INFO  impl.RaftServerImpl (RaftServerImpl.java:setRole(184)) - 99f6549c-1d76-4032-b481-991b9a8ccf89@group-5EA4F818FACE: changes role from  FOLLOWER to FOLLOWER at term 18 for recognizeCandidate:704bfd07-5e75-419d-aba5-0f2927b551c8
2019-10-17 08:19:58,775 [grpc-default-executor-11] INFO  impl.RoleInfo (RoleInfo.java:shutdownFollowerState(121)) - 99f6549c-1d76-4032-b481-991b9a8ccf89: shutdown FollowerState
2019-10-17 08:19:58,775 [grpc-default-executor-11] INFO  impl.RoleInfo (RoleInfo.java:updateAndGet(143)) - 99f6549c-1d76-4032-b481-991b9a8ccf89: start FollowerState
2019-10-17 08:19:58,775 [Thread-751] INFO  impl.FollowerState (FollowerState.java:run(117)) - 99f6549c-1d76-4032-b481-991b9a8ccf89@group-5EA4F818FACE-FollowerState was interrupted: java.lang.InterruptedException: sleep interrupted
2019-10-17 08:19:58,790 [704bfd07-5e75-419d-aba5-0f2927b551c8@group-5EA4F818FACE-LeaderElection26] INFO  impl.LeaderElection (LeaderElection.java:logAndReturn(56)) - 704bfd07-5e75-419d-aba5-0f2927b551c8@group-5EA4F818FACE-LeaderElection26: Election REJECTED; received 2 response(s) [704bfd07-5e75-419d-aba5-0f2927b551c8<-f164ec13-c99a-4402-99d5-4f3aeeeb4a39#0:FAIL-t18, 704bfd07-5e75-419d-aba5-0f2927b551c8<-99f6549c-1d76-4032-b481-991b9a8ccf89#0:FAIL-t18] and 0 exception(s); 704bfd07-5e75-419d-aba5-0f2927b551c8@group-5EA4F818FACE:t18, leader=null, voted=704bfd07-5e75-419d-aba5-0f2927b551c8, raftlog=704bfd07-5e75-419d-aba5-0f2927b551c8@group-5EA4F818FACE-SegmentedRaftLog:OPENED:c-1,f-1,i0, conf=-1: [704bfd07-5e75-419d-aba5-0f2927b551c8:192.168.34.62:33038, f164ec13-c99a-4402-99d5-4f3aeeeb4a39:192.168.34.62:44851, 99f6549c-1d76-4032-b481-991b9a8ccf89:192.168.34.62:46667], old=null
2019-10-17 08:19:58,791 [704bfd07-5e75-419d-aba5-0f2927b551c8@group-5EA4F818FACE-LeaderElection26] INFO  impl.RaftServerImpl (RaftServerImpl.java:setRole(184)) - 704bfd07-5e75-419d-aba5-0f2927b551c8@group-5EA4F818FACE: changes role from CANDIDATE to FOLLOWER at term 18 for DISCOVERED_A_NEW_TERM
2019-10-17 08:19:58,791 [704bfd07-5e75-419d-aba5-0f2927b551c8@group-5EA4F818FACE-LeaderElection26] INFO  impl.RoleInfo (RoleInfo.java:shutdownLeaderElection(134)) - 704bfd07-5e75-419d-aba5-0f2927b551c8: shutdown LeaderElection
2019-10-17 08:19:58,791 [704bfd07-5e75-419d-aba5-0f2927b551c8@group-5EA4F818FACE-LeaderElection26] INFO  impl.RoleInfo (RoleInfo.java:updateAndGet(143)) - 704bfd07-5e75-419d-aba5-0f2927b551c8: start FollowerState
2019-10-17 08:19:58,841 [Thread-756] INFO  impl.FollowerState (FollowerState.java:run(108)) - 704bfd07-5e75-419d-aba5-0f2927b551c8@group-5EA4F818FACE-FollowerState: change to CANDIDATE, lastRpcTime:50ms, electionTimeout:50ms
2019-10-17 08:19:58,848 [Thread-756] INFO  impl.RoleInfo (RoleInfo.java:shutdownFollowerState(121)) - 704bfd07-5e75-419d-aba5-0f2927b551c8: shutdown FollowerState
2019-10-17 08:19:58,848 [Thread-756] INFO  impl.RaftServerImpl (RaftServerImpl.java:setRole(184)) - 704bfd07-5e75-419d-aba5-0f2927b551c8@group-5EA4F818FACE: changes role from  FOLLOWER to CANDIDATE at term 18 for changeToCandidate
2019-10-17 08:19:58,848 [Thread-756] INFO  impl.RoleInfo (RoleInfo.java:updateAndGet(143)) - 704bfd07-5e75-419d-aba5-0f2927b551c8: start LeaderElection
2019-10-17 08:19:58,862 [704bfd07-5e75-419d-aba5-0f2927b551c8@group-5EA4F818FACE-LeaderElection27] INFO  impl.LeaderElection (LeaderElection.java:askForVotes(178)) - 704bfd07-5e75-419d-aba5-0f2927b551c8@group-5EA4F818FACE-LeaderElection27: begin an election at term 19 for -1: [704bfd07-5e75-419d-aba5-0f2927b551c8:192.168.34.62:33038, f164ec13-c99a-4402-99d5-4f3aeeeb4a39:192.168.34.62:44851, 99f6549c-1d76-4032-b481-991b9a8ccf89:192.168.34.62:46667], old=null
2019-10-17 08:19:58,865 [grpc-default-executor-4] INFO  impl.RaftServerImpl (RaftServerImpl.java:setRole(184)) - 99f6549c-1d76-4032-b481-991b9a8ccf89@group-5EA4F818FACE: changes role from  FOLLOWER to FOLLOWER at term 19 for recognizeCandidate:704bfd07-5e75-419d-aba5-0f2927b551c8
2019-10-17 08:19:58,865 [grpc-default-executor-11] INFO  impl.RaftServerImpl (RaftServerImpl.java:setRole(184)) - f164ec13-c99a-4402-99d5-4f3aeeeb4a39@group-5EA4F818FACE: changes role from  FOLLOWER to FOLLOWER at term 19 for recognizeCandidate:704bfd07-5e75-419d-aba5-0f2927b551c8
2019-10-17 08:19:58,865 [grpc-default-executor-4] INFO  impl.RoleInfo (RoleInfo.java:shutdownFollowerState(121)) - 99f6549c-1d76-4032-b481-991b9a8ccf89: shutdown FollowerState
2019-10-17 08:19:58,865 [grpc-default-executor-11] INFO  impl.RoleInfo (RoleInfo.java:shutdownFollowerState(121)) - f164ec13-c99a-4402-99d5-4f3aeeeb4a39: shutdown FollowerState
2019-10-17 08:19:58,865 [Thread-755] INFO  impl.FollowerState (FollowerState.java:run(117)) - 99f6549c-1d76-4032-b481-991b9a8ccf89@group-5EA4F818FACE-FollowerState was interrupted: java.lang.InterruptedException: sleep interrupted
2019-10-17 08:19:58,865 [grpc-default-executor-4] INFO  impl.RoleInfo (RoleInfo.java:updateAndGet(143)) - 99f6549c-1d76-4032-b481-991b9a8ccf89: start FollowerState
2019-10-17 08:19:58,866 [Thread-754] INFO  impl.FollowerState (FollowerState.java:run(117)) - f164ec13-c99a-4402-99d5-4f3aeeeb4a39@group-5EA4F818FACE-FollowerState was interrupted: java.lang.InterruptedException: sleep interrupted
2019-10-17 08:19:58,866 [grpc-default-executor-11] INFO  impl.RoleInfo (RoleInfo.java:updateAndGet(143)) - f164ec13-c99a-4402-99d5-4f3aeeeb4a39: start FollowerState
2019-10-17 08:19:58,880 [704bfd07-5e75-419d-aba5-0f2927b551c8@group-5EA4F818FACE-LeaderElection27] INFO  impl.LeaderElection (LeaderElection.java:logAndReturn(56)) - 704bfd07-5e75-419d-aba5-0f2927b551c8@group-5EA4F818FACE-LeaderElection27: Election REJECTED; received 2 response(s) [704bfd07-5e75-419d-aba5-0f2927b551c8<-f164ec13-c99a-4402-99d5-4f3aeeeb4a39#0:FAIL-t19, 704bfd07-5e75-419d-aba5-0f2927b551c8<-99f6549c-1d76-4032-b481-991b9a8ccf89#0:FAIL-t19] and 0 exception(s); 704bfd07-5e75-419d-aba5-0f2927b551c8@group-5EA4F818FACE:t19, leader=null, voted=704bfd07-5e75-419d-aba5-0f2927b551c8, raftlog=704bfd07-5e75-419d-aba5-0f2927b551c8@group-5EA4F818FACE-SegmentedRaftLog:OPENED:c-1,f-1,i0, conf=-1: [704bfd07-5e75-419d-aba5-0f2927b551c8:192.168.34.62:33038, f164ec13-c99a-4402-99d5-4f3aeeeb4a39:192.168.34.62:44851, 99f6549c-1d76-4032-b481-991b9a8ccf89:192.168.34.62:46667], old=null
2019-10-17 08:19:58,880 [704bfd07-5e75-419d-aba5-0f2927b551c8@group-5EA4F818FACE-LeaderElection27] INFO  impl.RaftServerImpl (RaftServerImpl.java:setRole(184)) - 704bfd07-5e75-419d-aba5-0f2927b551c8@group-5EA4F818FACE: changes role from CANDIDATE to FOLLOWER at term 19 for DISCOVERED_A_NEW_TERM
2019-10-17 08:19:58,880 [704bfd07-5e75-419d-aba5-0f2927b551c8@group-5EA4F818FACE-LeaderElection27] INFO  impl.RoleInfo (RoleInfo.java:shutdownLeaderElection(134)) - 704bfd07-5e75-419d-aba5-0f2927b551c8: shutdown LeaderElection
2019-10-17 08:19:58,880 [704bfd07-5e75-419d-aba5-0f2927b551c8@group-5EA4F818FACE-LeaderElection27] INFO  impl.RoleInfo (RoleInfo.java:updateAndGet(143)) - 704bfd07-5e75-419d-aba5-0f2927b551c8: start FollowerState
2019-10-17 08:19:58,911 [Thread-762] INFO  impl.FollowerState (FollowerState.java:run(108)) - 704bfd07-5e75-419d-aba5-0f2927b551c8@group-5EA4F818FACE-FollowerState: change to CANDIDATE, lastRpcTime:30ms, electionTimeout:30ms
2019-10-17 08:19:58,911 [Thread-762] INFO  impl.RoleInfo (RoleInfo.java:shutdownFollowerState(121)) - 704bfd07-5e75-419d-aba5-0f2927b551c8: shutdown FollowerState
2019-10-17 08:19:58,911 [Thread-762] INFO  impl.RaftServerImpl (RaftServerImpl.java:setRole(184)) - 704bfd07-5e75-419d-aba5-0f2927b551c8@group-5EA4F818FACE: changes role from  FOLLOWER to CANDIDATE at term 19 for changeToCandidate
2019-10-17 08:19:58,911 [Thread-762] INFO  impl.RoleInfo (RoleInfo.java:updateAndGet(143)) - 704bfd07-5e75-419d-aba5-0f2927b551c8: start LeaderElection
2019-10-17 08:19:58,924 [704bfd07-5e75-419d-aba5-0f2927b551c8@group-5EA4F818FACE-LeaderElection28] INFO  impl.LeaderElection (LeaderElection.java:askForVotes(178)) - 704bfd07-5e75-419d-aba5-0f2927b551c8@group-5EA4F818FACE-LeaderElection28: begin an election at term 20 for -1: [704bfd07-5e75-419d-aba5-0f2927b551c8:192.168.34.62:33038, f164ec13-c99a-4402-99d5-4f3aeeeb4a39:192.168.34.62:44851, 99f6549c-1d76-4032-b481-991b9a8ccf89:192.168.34.62:46667], old=null
2019-10-17 08:19:58,926 [grpc-default-executor-11] INFO  impl.RaftServerImpl (RaftServerImpl.java:setRole(184)) - 99f6549c-1d76-4032-b481-991b9a8ccf89@group-5EA4F818FACE: changes role from  FOLLOWER to FOLLOWER at term 20 for recognizeCandidate:704bfd07-5e75-419d-aba5-0f2927b551c8
2019-10-17 08:19:58,926 [grpc-default-executor-11] INFO  impl.RoleInfo (RoleInfo.java:shutdownFollowerState(121)) - 99f6549c-1d76-4032-b481-991b9a8ccf89: shutdown FollowerState
2019-10-17 08:19:58,927 [grpc-default-executor-11] INFO  impl.RoleInfo (RoleInfo.java:updateAndGet(143)) - 99f6549c-1d76-4032-b481-991b9a8ccf89: start FollowerState
2019-10-17 08:19:58,927 [Thread-760] INFO  impl.FollowerState (FollowerState.java:run(117)) - 99f6549c-1d76-4032-b481-991b9a8ccf89@group-5EA4F818FACE-FollowerState was interrupted: java.lang.InterruptedException: sleep interrupted
2019-10-17 08:19:58,927 [grpc-default-executor-4] INFO  impl.RaftServerImpl (RaftServerImpl.java:setRole(184)) - f164ec13-c99a-4402-99d5-4f3aeeeb4a39@group-5EA4F818FACE: changes role from  FOLLOWER to FOLLOWER at term 20 for recognizeCandidate:704bfd07-5e75-419d-aba5-0f2927b551c8
2019-10-17 08:19:58,927 [grpc-default-executor-4] INFO  impl.RoleInfo (RoleInfo.java:shutdownFollowerState(121)) - f164ec13-c99a-4402-99d5-4f3aeeeb4a39: shutdown FollowerState
2019-10-17 08:19:58,927 [grpc-default-executor-4] INFO  impl.RoleInfo (RoleInfo.java:updateAndGet(143)) - f164ec13-c99a-4402-99d5-4f3aeeeb4a39: start FollowerState
2019-10-17 08:19:58,928 [Thread-761] INFO  impl.FollowerState (FollowerState.java:run(117)) - f164ec13-c99a-4402-99d5-4f3aeeeb4a39@group-5EA4F818FACE-FollowerState was interrupted: java.lang.InterruptedException: sleep interrupted
2019-10-17 08:19:58,942 [704bfd07-5e75-419d-aba5-0f2927b551c8@group-5EA4F818FACE-LeaderElection28] INFO  impl.LeaderElection (LeaderElection.java:logAndReturn(56)) - 704bfd07-5e75-419d-aba5-0f2927b551c8@group-5EA4F818FACE-LeaderElection28: Election REJECTED; received 2 response(s) [704bfd07-5e75-419d-aba5-0f2927b551c8<-f164ec13-c99a-4402-99d5-4f3aeeeb4a39#0:FAIL-t20, 704bfd07-5e75-419d-aba5-0f2927b551c8<-99f6549c-1d76-4032-b481-991b9a8ccf89#0:FAIL-t20] and 0 exception(s); 704bfd07-5e75-419d-aba5-0f2927b551c8@group-5EA4F818FACE:t20, leader=null, voted=704bfd07-5e75-419d-aba5-0f2927b551c8, raftlog=704bfd07-5e75-419d-aba5-0f2927b551c8@group-5EA4F818FACE-SegmentedRaftLog:OPENED:c-1,f-1,i0, conf=-1: [704bfd07-5e75-419d-aba5-0f2927b551c8:192.168.34.62:33038, f164ec13-c99a-4402-99d5-4f3aeeeb4a39:192.168.34.62:44851, 99f6549c-1d76-4032-b481-991b9a8ccf89:192.168.34.62:46667], old=null
2019-10-17 08:19:58,942 [704bfd07-5e75-419d-aba5-0f2927b551c8@group-5EA4F818FACE-LeaderElection28] INFO  impl.RaftServerImpl (RaftServerImpl.java:setRole(184)) - 704bfd07-5e75-419d-aba5-0f2927b551c8@group-5EA4F818FACE: changes role from CANDIDATE to FOLLOWER at term 20 for DISCOVERED_A_NEW_TERM
2019-10-17 08:19:58,942 [704bfd07-5e75-419d-aba5-0f2927b551c8@group-5EA4F818FACE-LeaderElection28] INFO  impl.RoleInfo (RoleInfo.java:shutdownLeaderElection(134)) - 704bfd07-5e75-419d-aba5-0f2927b551c8: shutdown LeaderElection
2019-10-17 08:19:58,942 [704bfd07-5e75-419d-aba5-0f2927b551c8@group-5EA4F818FACE-LeaderElection28] INFO  impl.RoleInfo (RoleInfo.java:updateAndGet(143)) - 704bfd07-5e75-419d-aba5-0f2927b551c8: start FollowerState
 0.00% |?                                                                                                    |  0/1 Time: 0:03:242019-10-17 08:19:59,120 [Thread-768] INFO  impl.FollowerState (FollowerState.java:run(108)) - 704bfd07-5e75-419d-aba5-0f2927b551c8@group-5EA4F818FACE-FollowerState: change to CANDIDATE, lastRpcTime:178ms, electionTimeout:178ms
2019-10-17 08:19:59,121 [Thread-768] INFO  impl.RoleInfo (RoleInfo.java:shutdownFollowerState(121)) - 704bfd07-5e75-419d-aba5-0f2927b551c8: shutdown FollowerState
2019-10-17 08:19:59,121 [Thread-768] INFO  impl.RaftServerImpl (RaftServerImpl.java:setRole(184)) - 704bfd07-5e75-419d-aba5-0f2927b551c8@group-5EA4F818FACE: changes role from  FOLLOWER to CANDIDATE at term 20 for changeToCandidate
2019-10-17 08:19:59,121 [Thread-768] INFO  impl.RoleInfo (RoleInfo.java:updateAndGet(143)) - 704bfd07-5e75-419d-aba5-0f2927b551c8: start LeaderElection
2019-10-17 08:19:59,136 [704bfd07-5e75-419d-aba5-0f2927b551c8@group-5EA4F818FACE-LeaderElection29] INFO  impl.LeaderElection (LeaderElection.java:askForVotes(178)) - 704bfd07-5e75-419d-aba5-0f2927b551c8@group-5EA4F818FACE-LeaderElection29: begin an election at term 21 for -1: [704bfd07-5e75-419d-aba5-0f2927b551c8:192.168.34.62:33038, f164ec13-c99a-4402-99d5-4f3aeeeb4a39:192.168.34.62:44851, 99f6549c-1d76-4032-b481-991b9a8ccf89:192.168.34.62:46667], old=null
2019-10-17 08:19:59,138 [grpc-default-executor-4] INFO  impl.RaftServerImpl (RaftServerImpl.java:setRole(184)) - 99f6549c-1d76-4032-b481-991b9a8ccf89@group-5EA4F818FACE: changes role from  FOLLOWER to FOLLOWER at term 21 for recognizeCandidate:704bfd07-5e75-419d-aba5-0f2927b551c8
2019-10-17 08:19:59,138 [grpc-default-executor-11] INFO  impl.RaftServerImpl (RaftServerImpl.java:setRole(184)) - f164ec13-c99a-4402-99d5-4f3aeeeb4a39@group-5EA4F818FACE: changes role from  FOLLOWER to FOLLOWER at term 21 for recognizeCandidate:704bfd07-5e75-419d-aba5-0f2927b551c8
2019-10-17 08:19:59,139 [grpc-default-executor-11] INFO  impl.RoleInfo (RoleInfo.java:shutdownFollowerState(121)) - f164ec13-c99a-4402-99d5-4f3aeeeb4a39: shutdown FollowerState
2019-10-17 08:19:59,139 [grpc-default-executor-4] INFO  impl.RoleInfo (RoleInfo.java:shutdownFollowerState(121)) - 99f6549c-1d76-4032-b481-991b9a8ccf89: shutdown FollowerState
2019-10-17 08:19:59,139 [Thread-767] INFO  impl.FollowerState (FollowerState.java:run(117)) - f164ec13-c99a-4402-99d5-4f3aeeeb4a39@group-5EA4F818FACE-FollowerState was interrupted: java.lang.InterruptedException: sleep interrupted
2019-10-17 08:19:59,139 [grpc-default-executor-11] INFO  impl.RoleInfo (RoleInfo.java:updateAndGet(143)) - f164ec13-c99a-4402-99d5-4f3aeeeb4a39: start FollowerState
2019-10-17 08:19:59,139 [Thread-766] INFO  impl.FollowerState (FollowerState.java:run(117)) - 99f6549c-1d76-4032-b481-991b9a8ccf89@group-5EA4F818FACE-FollowerState was interrupted: java.lang.InterruptedException: sleep interrupted
2019-10-17 08:19:59,139 [grpc-default-executor-4] INFO  impl.RoleInfo (RoleInfo.java:updateAndGet(143)) - 99f6549c-1d76-4032-b481-991b9a8ccf89: start FollowerState
2019-10-17 08:19:59,154 [704bfd07-5e75-419d-aba5-0f2927b551c8@group-5EA4F818FACE-LeaderElection29] INFO  impl.LeaderElection (LeaderElection.java:logAndReturn(56)) - 704bfd07-5e75-419d-aba5-0f2927b551c8@group-5EA4F818FACE-LeaderElection29: Election REJECTED; received 2 response(s) [704bfd07-5e75-419d-aba5-0f2927b551c8<-f164ec13-c99a-4402-99d5-4f3aeeeb4a39#0:FAIL-t21, 704bfd07-5e75-419d-aba5-0f2927b551c8<-99f6549c-1d76-4032-b481-991b9a8ccf89#0:FAIL-t21] and 0 exception(s); 704bfd07-5e75-419d-aba5-0f2927b551c8@group-5EA4F818FACE:t21, leader=null, voted=704bfd07-5e75-419d-aba5-0f2927b551c8, raftlog=704bfd07-5e75-419d-aba5-0f2927b551c8@group-5EA4F818FACE-SegmentedRaftLog:OPENED:c-1,f-1,i0, conf=-1: [704bfd07-5e75-419d-aba5-0f2927b551c8:192.168.34.62:33038, f164ec13-c99a-4402-99d5-4f3aeeeb4a39:192.168.34.62:44851, 99f6549c-1d76-4032-b481-991b9a8ccf89:192.168.34.62:46667], old=null
2019-10-17 08:19:59,155 [704bfd07-5e75-419d-aba5-0f2927b551c8@group-5EA4F818FACE-LeaderElection29] INFO  impl.RaftServerImpl (RaftServerImpl.java:setRole(184)) - 704bfd07-5e75-419d-aba5-0f2927b551c8@group-5EA4F818FACE: changes role from CANDIDATE to FOLLOWER at term 21 for DISCOVERED_A_NEW_TERM
2019-10-17 08:19:59,155 [704bfd07-5e75-419d-aba5-0f2927b551c8@group-5EA4F818FACE-LeaderElection29] INFO  impl.RoleInfo (RoleInfo.java:shutdownLeaderElection(134)) - 704bfd07-5e75-419d-aba5-0f2927b551c8: shutdown LeaderElection
2019-10-17 08:19:59,155 [704bfd07-5e75-419d-aba5-0f2927b551c8@group-5EA4F818FACE-LeaderElection29] INFO  impl.RoleInfo (RoleInfo.java:updateAndGet(143)) - 704bfd07-5e75-419d-aba5-0f2927b551c8: start FollowerState
2019-10-17 08:19:59,196 [Thread-774] INFO  impl.FollowerState (FollowerState.java:run(108)) - 704bfd07-5e75-419d-aba5-0f2927b551c8@group-5EA4F818FACE-FollowerState: change to CANDIDATE, lastRpcTime:41ms, electionTimeout:41ms
2019-10-17 08:19:59,196 [Thread-774] INFO  impl.RoleInfo (RoleInfo.java:shutdownFollowerState(121)) - 704bfd07-5e75-419d-aba5-0f2927b551c8: shutdown FollowerState
2019-10-17 08:19:59,197 [Thread-774] INFO  impl.RaftServerImpl (RaftServerImpl.java:setRole(184)) - 704bfd07-5e75-419d-aba5-0f2927b551c8@group-5EA4F818FACE: changes role from  FOLLOWER to CANDIDATE at term 21 for changeToCandidate
2019-10-17 08:19:59,197 [Thread-774] INFO  impl.RoleInfo (RoleInfo.java:updateAndGet(143)) - 704bfd07-5e75-419d-aba5-0f2927b551c8: start LeaderElection
2019-10-17 08:19:59,220 [704bfd07-5e75-419d-aba5-0f2927b551c8@group-5EA4F818FACE-LeaderElection30] INFO  impl.LeaderElection (LeaderElection.java:askForVotes(178)) - 704bfd07-5e75-419d-aba5-0f2927b551c8@group-5EA4F818FACE-LeaderElection30: begin an election at term 22 for -1: [704bfd07-5e75-419d-aba5-0f2927b551c8:192.168.34.62:33038, f164ec13-c99a-4402-99d5-4f3aeeeb4a39:192.168.34.62:44851, 99f6549c-1d76-4032-b481-991b9a8ccf89:192.168.34.62:46667], old=null
2019-10-17 08:19:59,222 [grpc-default-executor-4] INFO  impl.RaftServerImpl (RaftServerImpl.java:setRole(184)) - f164ec13-c99a-4402-99d5-4f3aeeeb4a39@group-5EA4F818FACE: changes role from  FOLLOWER to FOLLOWER at term 22 for recognizeCandidate:704bfd07-5e75-419d-aba5-0f2927b551c8
2019-10-17 08:19:59,223 [grpc-default-executor-4] INFO  impl.RoleInfo (RoleInfo.java:shutdownFollowerState(121)) - f164ec13-c99a-4402-99d5-4f3aeeeb4a39: shutdown FollowerState
2019-10-17 08:19:59,223 [grpc-default-executor-4] INFO  impl.RoleInfo (RoleInfo.java:updateAndGet(143)) - f164ec13-c99a-4402-99d5-4f3aeeeb4a39: start FollowerState
2019-10-17 08:19:59,223 [Thread-772] INFO  impl.FollowerState (FollowerState.java:run(117)) - f164ec13-c99a-4402-99d5-4f3aeeeb4a39@group-5EA4F818FACE-FollowerState was interrupted: java.lang.InterruptedException: sleep interrupted
2019-10-17 08:19:59,223 [grpc-default-executor-11] INFO  impl.RaftServerImpl (RaftServerImpl.java:setRole(184)) - 99f6549c-1d76-4032-b481-991b9a8ccf89@group-5EA4F818FACE: changes role from  FOLLOWER to FOLLOWER at term 22 for recognizeCandidate:704bfd07-5e75-419d-aba5-0f2927b551c8
2019-10-17 08:19:59,224 [grpc-default-executor-11] INFO  impl.RoleInfo (RoleInfo.java:shutdownFollowerState(121)) - 99f6549c-1d76-4032-b481-991b9a8ccf89: shutdown FollowerState
2019-10-17 08:19:59,224 [Thread-773] INFO  impl.FollowerState (FollowerState.java:run(117)) - 99f6549c-1d76-4032-b481-991b9a8ccf89@group-5EA4F818FACE-FollowerState was interrupted: java.lang.InterruptedException: sleep interrupted
2019-10-17 08:19:59,224 [grpc-default-executor-11] INFO  impl.RoleInfo (RoleInfo.java:updateAndGet(143)) - 99f6549c-1d76-4032-b481-991b9a8ccf89: start FollowerState
2019-10-17 08:19:59,238 [704bfd07-5e75-419d-aba5-0f2927b551c8@group-5EA4F818FACE-LeaderElection30] INFO  impl.LeaderElection (LeaderElection.java:logAndReturn(56)) - 704bfd07-5e75-419d-aba5-0f2927b551c8@group-5EA4F818FACE-LeaderElection30: Election REJECTED; received 2 response(s) [704bfd07-5e75-419d-aba5-0f2927b551c8<-f164ec13-c99a-4402-99d5-4f3aeeeb4a39#0:FAIL-t22, 704bfd07-5e75-419d-aba5-0f2927b551c8<-99f6549c-1d76-4032-b481-991b9a8ccf89#0:FAIL-t22] and 0 exception(s); 704bfd07-5e75-419d-aba5-0f2927b551c8@group-5EA4F818FACE:t22, leader=null, voted=704bfd07-5e75-419d-aba5-0f2927b551c8, raftlog=704bfd07-5e75-419d-aba5-0f2927b551c8@group-5EA4F818FACE-SegmentedRaftLog:OPENED:c-1,f-1,i0, conf=-1: [704bfd07-5e75-419d-aba5-0f2927b551c8:192.168.34.62:33038, f164ec13-c99a-4402-99d5-4f3aeeeb4a39:192.168.34.62:44851, 99f6549c-1d76-4032-b481-991b9a8ccf89:192.168.34.62:46667], old=null
2019-10-17 08:19:59,238 [704bfd07-5e75-419d-aba5-0f2927b551c8@group-5EA4F818FACE-LeaderElection30] INFO  impl.RaftServerImpl (RaftServerImpl.java:setRole(184)) - 704bfd07-5e75-419d-aba5-0f2927b551c8@group-5EA4F818FACE: changes role from CANDIDATE to FOLLOWER at term 22 for DISCOVERED_A_NEW_TERM
2019-10-17 08:19:59,238 [704bfd07-5e75-419d-aba5-0f2927b551c8@group-5EA4F818FACE-LeaderElection30] INFO  impl.RoleInfo (RoleInfo.java:shutdownLeaderElection(134)) - 704bfd07-5e75-419d-aba5-0f2927b551c8: shutdown LeaderElection
2019-10-17 08:19:59,239 [704bfd07-5e75-419d-aba5-0f2927b551c8@group-5EA4F818FACE-LeaderElection30] INFO  impl.RoleInfo (RoleInfo.java:updateAndGet(143)) - 704bfd07-5e75-419d-aba5-0f2927b551c8: start FollowerState
2019-10-17 08:19:59,392 [Thread-780] INFO  impl.FollowerState (FollowerState.java:run(108)) - 704bfd07-5e75-419d-aba5-0f2927b551c8@group-5EA4F818FACE-FollowerState: change to CANDIDATE, lastRpcTime:153ms, electionTimeout:153ms
2019-10-17 08:19:59,392 [Thread-780] INFO  impl.RoleInfo (RoleInfo.java:shutdownFollowerState(121)) - 704bfd07-5e75-419d-aba5-0f2927b551c8: shutdown FollowerState
2019-10-17 08:19:59,392 [Thread-780] INFO  impl.RaftServerImpl (RaftServerImpl.java:setRole(184)) - 704bfd07-5e75-419d-aba5-0f2927b551c8@group-5EA4F818FACE: changes role from  FOLLOWER to CANDIDATE at term 22 for changeToCandidate
2019-10-17 08:19:59,393 [Thread-780] INFO  impl.RoleInfo (RoleInfo.java:updateAndGet(143)) - 704bfd07-5e75-419d-aba5-0f2927b551c8: start LeaderElection
2019-10-17 08:19:59,417 [704bfd07-5e75-419d-aba5-0f2927b551c8@group-5EA4F818FACE-LeaderElection31] INFO  impl.LeaderElection (LeaderElection.java:askForVotes(178)) - 704bfd07-5e75-419d-aba5-0f2927b551c8@group-5EA4F818FACE-LeaderElection31: begin an election at term 23 for -1: [704bfd07-5e75-419d-aba5-0f2927b551c8:192.168.34.62:33038, f164ec13-c99a-4402-99d5-4f3aeeeb4a39:192.168.34.62:44851, 99f6549c-1d76-4032-b481-991b9a8ccf89:192.168.34.62:46667], old=null
2019-10-17 08:19:59,420 [grpc-default-executor-11] INFO  impl.RaftServerImpl (RaftServerImpl.java:setRole(184)) - f164ec13-c99a-4402-99d5-4f3aeeeb4a39@group-5EA4F818FACE: changes role from  FOLLOWER to FOLLOWER at term 23 for recognizeCandidate:704bfd07-5e75-419d-aba5-0f2927b551c8
2019-10-17 08:19:59,420 [grpc-default-executor-11] INFO  impl.RoleInfo (RoleInfo.java:shutdownFollowerState(121)) - f164ec13-c99a-4402-99d5-4f3aeeeb4a39: shutdown FollowerState
2019-10-17 08:19:59,420 [Thread-778] INFO  impl.FollowerState (FollowerState.java:run(117)) - f164ec13-c99a-4402-99d5-4f3aeeeb4a39@group-5EA4F818FACE-FollowerState was interrupted: java.lang.InterruptedException: sleep interrupted
2019-10-17 08:19:59,420 [grpc-default-executor-4] INFO  impl.RaftServerImpl (RaftServerImpl.java:setRole(184)) - 99f6549c-1d76-4032-b481-991b9a8ccf89@group-5EA4F818FACE: changes role from  FOLLOWER to FOLLOWER at term 23 for recognizeCandidate:704bfd07-5e75-419d-aba5-0f2927b551c8
2019-10-17 08:19:59,420 [grpc-default-executor-4] INFO  impl.RoleInfo (RoleInfo.java:shutdownFollowerState(121)) - 99f6549c-1d76-4032-b481-991b9a8ccf89: shutdown FollowerState
2019-10-17 08:19:59,420 [grpc-default-executor-11] INFO  impl.RoleInfo (RoleInfo.java:updateAndGet(143)) - f164ec13-c99a-4402-99d5-4f3aeeeb4a39: start FollowerState
2019-10-17 08:19:59,421 [Thread-779] INFO  impl.FollowerState (FollowerState.java:run(117)) - 99f6549c-1d76-4032-b481-991b9a8ccf89@group-5EA4F818FACE-FollowerState was interrupted: java.lang.InterruptedException: sleep interrupted
2019-10-17 08:19:59,421 [grpc-default-executor-4] INFO  impl.RoleInfo (RoleInfo.java:updateAndGet(143)) - 99f6549c-1d76-4032-b481-991b9a8ccf89: start FollowerState
2019-10-17 08:19:59,436 [704bfd07-5e75-419d-aba5-0f2927b551c8@group-5EA4F818FACE-LeaderElection31] INFO  impl.LeaderElection (LeaderElection.java:logAndReturn(56)) - 704bfd07-5e75-419d-aba5-0f2927b551c8@group-5EA4F818FACE-LeaderElection31: Election REJECTED; received 2 response(s) [704bfd07-5e75-419d-aba5-0f2927b551c8<-f164ec13-c99a-4402-99d5-4f3aeeeb4a39#0:FAIL-t23, 704bfd07-5e75-419d-aba5-0f2927b551c8<-99f6549c-1d76-4032-b481-991b9a8ccf89#0:FAIL-t23] and 0 exception(s); 704bfd07-5e75-419d-aba5-0f2927b551c8@group-5EA4F818FACE:t23, leader=null, voted=704bfd07-5e75-419d-aba5-0f2927b551c8, raftlog=704bfd07-5e75-419d-aba5-0f2927b551c8@group-5EA4F818FACE-SegmentedRaftLog:OPENED:c-1,f-1,i0, conf=-1: [704bfd07-5e75-419d-aba5-0f2927b551c8:192.168.34.62:33038, f164ec13-c99a-4402-99d5-4f3aeeeb4a39:192.168.34.62:44851, 99f6549c-1d76-4032-b481-991b9a8ccf89:192.168.34.62:46667], old=null
2019-10-17 08:19:59,436 [704bfd07-5e75-419d-aba5-0f2927b551c8@group-5EA4F818FACE-LeaderElection31] INFO  impl.RaftServerImpl (RaftServerImpl.java:setRole(184)) - 704bfd07-5e75-419d-aba5-0f2927b551c8@group-5EA4F818FACE: changes role from CANDIDATE to FOLLOWER at term 23 for DISCOVERED_A_NEW_TERM
2019-10-17 08:19:59,436 [704bfd07-5e75-419d-aba5-0f2927b551c8@group-5EA4F818FACE-LeaderElection31] INFO  impl.RoleInfo (RoleInfo.java:shutdownLeaderElection(134)) - 704bfd07-5e75-419d-aba5-0f2927b551c8: shutdown LeaderElection
2019-10-17 08:19:59,436 [704bfd07-5e75-419d-aba5-0f2927b551c8@group-5EA4F818FACE-LeaderElection31] INFO  impl.RoleInfo (RoleInfo.java:updateAndGet(143)) - 704bfd07-5e75-419d-aba5-0f2927b551c8: start FollowerState
2019-10-17 08:19:59,454 [Thread-786] INFO  impl.FollowerState (FollowerState.java:run(108)) - 704bfd07-5e75-419d-aba5-0f2927b551c8@group-5EA4F818FACE-FollowerState: change to CANDIDATE, lastRpcTime:17ms, electionTimeout:17ms
2019-10-17 08:19:59,454 [Thread-786] INFO  impl.RoleInfo (RoleInfo.java:shutdownFollowerState(121)) - 704bfd07-5e75-419d-aba5-0f2927b551c8: shutdown FollowerState
2019-10-17 08:19:59,454 [Thread-786] INFO  impl.RaftServerImpl (RaftServerImpl.java:setRole(184)) - 704bfd07-5e75-419d-aba5-0f2927b551c8@group-5EA4F818FACE: changes role from  FOLLOWER to CANDIDATE at term 23 for changeToCandidate
2019-10-17 08:19:59,454 [Thread-786] INFO  impl.RoleInfo (RoleInfo.java:updateAndGet(143)) - 704bfd07-5e75-419d-aba5-0f2927b551c8: start LeaderElection
2019-10-17 08:19:59,468 [704bfd07-5e75-419d-aba5-0f2927b551c8@group-5EA4F818FACE-LeaderElection32] INFO  impl.LeaderElection (LeaderElection.java:askForVotes(178)) - 704bfd07-5e75-419d-aba5-0f2927b551c8@group-5EA4F818FACE-LeaderElection32: begin an election at term 24 for -1: [704bfd07-5e75-419d-aba5-0f2927b551c8:192.168.34.62:33038, f164ec13-c99a-4402-99d5-4f3aeeeb4a39:192.168.34.62:44851, 99f6549c-1d76-4032-b481-991b9a8ccf89:192.168.34.62:46667], old=null
2019-10-17 08:19:59,471 [grpc-default-executor-11] INFO  impl.RaftServerImpl (RaftServerImpl.java:setRole(184)) - f164ec13-c99a-4402-99d5-4f3aeeeb4a39@group-5EA4F818FACE: changes role from  FOLLOWER to FOLLOWER at term 24 for recognizeCandidate:704bfd07-5e75-419d-aba5-0f2927b551c8
2019-10-17 08:19:59,471 [grpc-default-executor-11] INFO  impl.RoleInfo (RoleInfo.java:shutdownFollowerState(121)) - f164ec13-c99a-4402-99d5-4f3aeeeb4a39: shutdown FollowerState
2019-10-17 08:19:59,471 [grpc-default-executor-4] INFO  impl.RaftServerImpl (RaftServerImpl.java:setRole(184)) - 99f6549c-1d76-4032-b481-991b9a8ccf89@group-5EA4F818FACE: changes role from  FOLLOWER to FOLLOWER at term 24 for recognizeCandidate:704bfd07-5e75-419d-aba5-0f2927b551c8
2019-10-17 08:19:59,471 [Thread-784] INFO  impl.FollowerState (FollowerState.java:run(117)) - f164ec13-c99a-4402-99d5-4f3aeeeb4a39@group-5EA4F818FACE-FollowerState was interrupted: java.lang.InterruptedException: sleep interrupted
2019-10-17 08:19:59,471 [grpc-default-executor-11] INFO  impl.RoleInfo (RoleInfo.java:updateAndGet(143)) - f164ec13-c99a-4402-99d5-4f3aeeeb4a39: start FollowerState
2019-10-17 08:19:59,471 [grpc-default-executor-4] INFO  impl.RoleInfo (RoleInfo.java:shutdownFollowerState(121)) - 99f6549c-1d76-4032-b481-991b9a8ccf89: shutdown FollowerState
2019-10-17 08:19:59,472 [grpc-default-executor-4] INFO  impl.RoleInfo (RoleInfo.java:updateAndGet(143)) - 99f6549c-1d76-4032-b481-991b9a8ccf89: start FollowerState
2019-10-17 08:19:59,472 [Thread-785] INFO  impl.FollowerState (FollowerState.java:run(117)) - 99f6549c-1d76-4032-b481-991b9a8ccf89@group-5EA4F818FACE-FollowerState was interrupted: java.lang.InterruptedException: sleep interrupted
2019-10-17 08:19:59,475 [704bfd07-5e75-419d-aba5-0f2927b551c8@group-5EA4F818FACE-LeaderElection32] INFO  impl.LeaderElection (LeaderElection.java:logAndReturn(56)) - 704bfd07-5e75-419d-aba5-0f2927b551c8@group-5EA4F818FACE-LeaderElection32: Election TIMEOUT; received 0 response(s) [] and 0 exception(s); 704bfd07-5e75-419d-aba5-0f2927b551c8@group-5EA4F818FACE:t24, leader=null, voted=704bfd07-5e75-419d-aba5-0f2927b551c8, raftlog=704bfd07-5e75-419d-aba5-0f2927b551c8@group-5EA4F818FACE-SegmentedRaftLog:OPENED:c-1,f-1,i0, conf=-1: [704bfd07-5e75-419d-aba5-0f2927b551c8:192.168.34.62:33038, f164ec13-c99a-4402-99d5-4f3aeeeb4a39:192.168.34.62:44851, 99f6549c-1d76-4032-b481-991b9a8ccf89:192.168.34.62:46667], old=null
2019-10-17 08:19:59,486 [704bfd07-5e75-419d-aba5-0f2927b551c8@group-5EA4F818FACE-LeaderElection32] INFO  impl.LeaderElection (LeaderElection.java:askForVotes(178)) - 704bfd07-5e75-419d-aba5-0f2927b551c8@group-5EA4F818FACE-LeaderElection32: begin an election at term 25 for -1: [704bfd07-5e75-419d-aba5-0f2927b551c8:192.168.34.62:33038, f164ec13-c99a-4402-99d5-4f3aeeeb4a39:192.168.34.62:44851, 99f6549c-1d76-4032-b481-991b9a8ccf89:192.168.34.62:46667], old=null
2019-10-17 08:19:59,489 [grpc-default-executor-4] INFO  impl.RaftServerImpl (RaftServerImpl.java:setRole(184)) - f164ec13-c99a-4402-99d5-4f3aeeeb4a39@group-5EA4F818FACE: changes role from  FOLLOWER to FOLLOWER at term 25 for recognizeCandidate:704bfd07-5e75-419d-aba5-0f2927b551c8
2019-10-17 08:19:59,489 [grpc-default-executor-4] INFO  impl.RoleInfo (RoleInfo.java:shutdownFollowerState(121)) - f164ec13-c99a-4402-99d5-4f3aeeeb4a39: shutdown FollowerState
2019-10-17 08:19:59,490 [grpc-default-executor-4] INFO  impl.RoleInfo (RoleInfo.java:updateAndGet(143)) - f164ec13-c99a-4402-99d5-4f3aeeeb4a39: start FollowerState
2019-10-17 08:19:59,490 [Thread-790] INFO  impl.FollowerState (FollowerState.java:run(117)) - f164ec13-c99a-4402-99d5-4f3aeeeb4a39@group-5EA4F818FACE-FollowerState was interrupted: java.lang.InterruptedException: sleep interrupted
2019-10-17 08:19:59,490 [grpc-default-executor-11] INFO  impl.RaftServerImpl (RaftServerImpl.java:setRole(184)) - 99f6549c-1d76-4032-b481-991b9a8ccf89@group-5EA4F818FACE: changes role from  FOLLOWER to FOLLOWER at term 25 for recognizeCandidate:704bfd07-5e75-419d-aba5-0f2927b551c8
2019-10-17 08:19:59,490 [grpc-default-executor-11] INFO  impl.RoleInfo (RoleInfo.java:shutdownFollowerState(121)) - 99f6549c-1d76-4032-b481-991b9a8ccf89: shutdown FollowerState
2019-10-17 08:19:59,490 [grpc-default-executor-11] INFO  impl.RoleInfo (RoleInfo.java:updateAndGet(143)) - 99f6549c-1d76-4032-b481-991b9a8ccf89: start FollowerState
2019-10-17 08:19:59,490 [Thread-791] INFO  impl.FollowerState (FollowerState.java:run(117)) - 99f6549c-1d76-4032-b481-991b9a8ccf89@group-5EA4F818FACE-FollowerState was interrupted: java.lang.InterruptedException: sleep interrupted
2019-10-17 08:19:59,515 [704bfd07-5e75-419d-aba5-0f2927b551c8@group-5EA4F818FACE-LeaderElection32] INFO  impl.LeaderElection (LeaderElection.java:logAndReturn(56)) - 704bfd07-5e75-419d-aba5-0f2927b551c8@group-5EA4F818FACE-LeaderElection32: Election REJECTED; received 2 response(s) [704bfd07-5e75-419d-aba5-0f2927b551c8<-f164ec13-c99a-4402-99d5-4f3aeeeb4a39#0:FAIL-t25, 704bfd07-5e75-419d-aba5-0f2927b551c8<-99f6549c-1d76-4032-b481-991b9a8ccf89#0:FAIL-t25] and 0 exception(s); 704bfd07-5e75-419d-aba5-0f2927b551c8@group-5EA4F818FACE:t25, leader=null, voted=704bfd07-5e75-419d-aba5-0f2927b551c8, raftlog=704bfd07-5e75-419d-aba5-0f2927b551c8@group-5EA4F818FACE-SegmentedRaftLog:OPENED:c-1,f-1,i0, conf=-1: [704bfd07-5e75-419d-aba5-0f2927b551c8:192.168.34.62:33038, f164ec13-c99a-4402-99d5-4f3aeeeb4a39:192.168.34.62:44851, 99f6549c-1d76-4032-b481-991b9a8ccf89:192.168.34.62:46667], old=null
2019-10-17 08:19:59,515 [704bfd07-5e75-419d-aba5-0f2927b551c8@group-5EA4F818FACE-LeaderElection32] INFO  impl.RaftServerImpl (RaftServerImpl.java:setRole(184)) - 704bfd07-5e75-419d-aba5-0f2927b551c8@group-5EA4F818FACE: changes role from CANDIDATE to FOLLOWER at term 25 for DISCOVERED_A_NEW_TERM
2019-10-17 08:19:59,515 [704bfd07-5e75-419d-aba5-0f2927b551c8@group-5EA4F818FACE-LeaderElection32] INFO  impl.RoleInfo (RoleInfo.java:shutdownLeaderElection(134)) - 704bfd07-5e75-419d-aba5-0f2927b551c8: shutdown LeaderElection
2019-10-17 08:19:59,515 [704bfd07-5e75-419d-aba5-0f2927b551c8@group-5EA4F818FACE-LeaderElection32] INFO  impl.RoleInfo (RoleInfo.java:updateAndGet(143)) - 704bfd07-5e75-419d-aba5-0f2927b551c8: start FollowerState
2019-10-17 08:19:59,694 [Thread-796] INFO  impl.FollowerState (FollowerState.java:run(108)) - 704bfd07-5e75-419d-aba5-0f2927b551c8@group-5EA4F818FACE-FollowerState: change to CANDIDATE, lastRpcTime:178ms, electionTimeout:178ms
2019-10-17 08:19:59,694 [Thread-796] INFO  impl.RoleInfo (RoleInfo.java:shutdownFollowerState(121)) - 704bfd07-5e75-419d-aba5-0f2927b551c8: shutdown FollowerState
2019-10-17 08:19:59,694 [Thread-796] INFO  impl.RaftServerImpl (RaftServerImpl.java:setRole(184)) - 704bfd07-5e75-419d-aba5-0f2927b551c8@group-5EA4F818FACE: changes role from  FOLLOWER to CANDIDATE at term 25 for changeToCandidate
2019-10-17 08:19:59,695 [Thread-796] INFO  impl.RoleInfo (RoleInfo.java:updateAndGet(143)) - 704bfd07-5e75-419d-aba5-0f2927b551c8: start LeaderElection
2019-10-17 08:19:59,708 [704bfd07-5e75-419d-aba5-0f2927b551c8@group-5EA4F818FACE-LeaderElection33] INFO  impl.LeaderElection (LeaderElection.java:askForVotes(178)) - 704bfd07-5e75-419d-aba5-0f2927b551c8@group-5EA4F818FACE-LeaderElection33: begin an election at term 26 for -1: [704bfd07-5e75-419d-aba5-0f2927b551c8:192.168.34.62:33038, f164ec13-c99a-4402-99d5-4f3aeeeb4a39:192.168.34.62:44851, 99f6549c-1d76-4032-b481-991b9a8ccf89:192.168.34.62:46667], old=null
2019-10-17 08:19:59,711 [grpc-default-executor-11] INFO  impl.RaftServerImpl (RaftServerImpl.java:setRole(184)) - f164ec13-c99a-4402-99d5-4f3aeeeb4a39@group-5EA4F818FACE: changes role from  FOLLOWER to FOLLOWER at term 26 for recognizeCandidate:704bfd07-5e75-419d-aba5-0f2927b551c8
2019-10-17 08:19:59,712 [grpc-default-executor-4] INFO  impl.RaftServerImpl (RaftServerImpl.java:setRole(184)) - 99f6549c-1d76-4032-b481-991b9a8ccf89@group-5EA4F818FACE: changes role from  FOLLOWER to FOLLOWER at term 26 for recognizeCandidate:704bfd07-5e75-419d-aba5-0f2927b551c8
2019-10-17 08:19:59,712 [grpc-default-executor-11] INFO  impl.RoleInfo (RoleInfo.java:shutdownFollowerState(121)) - f164ec13-c99a-4402-99d5-4f3aeeeb4a39: shutdown FollowerState
2019-10-17 08:19:59,712 [grpc-default-executor-4] INFO  impl.RoleInfo (RoleInfo.java:shutdownFollowerState(121)) - 99f6549c-1d76-4032-b481-991b9a8ccf89: shutdown FollowerState
2019-10-17 08:19:59,712 [Thread-794] INFO  impl.FollowerState (FollowerState.java:run(117)) - f164ec13-c99a-4402-99d5-4f3aeeeb4a39@group-5EA4F818FACE-FollowerState was interrupted: java.lang.InterruptedException: sleep interrupted
2019-10-17 08:19:59,712 [grpc-default-executor-11] INFO  impl.RoleInfo (RoleInfo.java:updateAndGet(143)) - f164ec13-c99a-4402-99d5-4f3aeeeb4a39: start FollowerState
2019-10-17 08:19:59,712 [Thread-795] INFO  impl.FollowerState (FollowerState.java:run(117)) - 99f6549c-1d76-4032-b481-991b9a8ccf89@group-5EA4F818FACE-FollowerState was interrupted: java.lang.InterruptedException: sleep interrupted
2019-10-17 08:19:59,712 [grpc-default-executor-4] INFO  impl.RoleInfo (RoleInfo.java:updateAndGet(143)) - 99f6549c-1d76-4032-b481-991b9a8ccf89: start FollowerState
2019-10-17 08:19:59,728 [704bfd07-5e75-419d-aba5-0f2927b551c8@group-5EA4F818FACE-LeaderElection33] INFO  impl.LeaderElection (LeaderElection.java:logAndReturn(56)) - 704bfd07-5e75-419d-aba5-0f2927b551c8@group-5EA4F818FACE-LeaderElection33: Election REJECTED; received 2 response(s) [704bfd07-5e75-419d-aba5-0f2927b551c8<-f164ec13-c99a-4402-99d5-4f3aeeeb4a39#0:FAIL-t26, 704bfd07-5e75-419d-aba5-0f2927b551c8<-99f6549c-1d76-4032-b481-991b9a8ccf89#0:FAIL-t26] and 0 exception(s); 704bfd07-5e75-419d-aba5-0f2927b551c8@group-5EA4F818FACE:t26, leader=null, voted=704bfd07-5e75-419d-aba5-0f2927b551c8, raftlog=704bfd07-5e75-419d-aba5-0f2927b551c8@group-5EA4F818FACE-SegmentedRaftLog:OPENED:c-1,f-1,i0, conf=-1: [704bfd07-5e75-419d-aba5-0f2927b551c8:192.168.34.62:33038, f164ec13-c99a-4402-99d5-4f3aeeeb4a39:192.168.34.62:44851, 99f6549c-1d76-4032-b481-991b9a8ccf89:192.168.34.62:46667], old=null
2019-10-17 08:19:59,728 [704bfd07-5e75-419d-aba5-0f2927b551c8@group-5EA4F818FACE-LeaderElection33] INFO  impl.RaftServerImpl (RaftServerImpl.java:setRole(184)) - 704bfd07-5e75-419d-aba5-0f2927b551c8@group-5EA4F818FACE: changes role from CANDIDATE to FOLLOWER at term 26 for DISCOVERED_A_NEW_TERM
2019-10-17 08:19:59,728 [704bfd07-5e75-419d-aba5-0f2927b551c8@group-5EA4F818FACE-LeaderElection33] INFO  impl.RoleInfo (RoleInfo.java:shutdownLeaderElection(134)) - 704bfd07-5e75-419d-aba5-0f2927b551c8: shutdown LeaderElection
2019-10-17 08:19:59,728 [704bfd07-5e75-419d-aba5-0f2927b551c8@group-5EA4F818FACE-LeaderElection33] INFO  impl.RoleInfo (RoleInfo.java:updateAndGet(143)) - 704bfd07-5e75-419d-aba5-0f2927b551c8: start FollowerState
2019-10-17 08:19:59,905 [Thread-802] INFO  impl.FollowerState (FollowerState.java:run(108)) - 704bfd07-5e75-419d-aba5-0f2927b551c8@group-5EA4F818FACE-FollowerState: change to CANDIDATE, lastRpcTime:176ms, electionTimeout:176ms
2019-10-17 08:19:59,905 [Thread-802] INFO  impl.RoleInfo (RoleInfo.java:shutdownFollowerState(121)) - 704bfd07-5e75-419d-aba5-0f2927b551c8: shutdown FollowerState
2019-10-17 08:19:59,905 [Thread-802] INFO  impl.RaftServerImpl (RaftServerImpl.java:setRole(184)) - 704bfd07-5e75-419d-aba5-0f2927b551c8@group-5EA4F818FACE: changes role from  FOLLOWER to CANDIDATE at term 26 for changeToCandidate
2019-10-17 08:19:59,905 [Thread-802] INFO  impl.RoleInfo (RoleInfo.java:updateAndGet(143)) - 704bfd07-5e75-419d-aba5-0f2927b551c8: start LeaderElection
2019-10-17 08:19:59,929 [704bfd07-5e75-419d-aba5-0f2927b551c8@group-5EA4F818FACE-LeaderElection34] INFO  impl.LeaderElection (LeaderElection.java:askForVotes(178)) - 704bfd07-5e75-419d-aba5-0f2927b551c8@group-5EA4F818FACE-LeaderElection34: begin an election at term 27 for -1: [704bfd07-5e75-419d-aba5-0f2927b551c8:192.168.34.62:33038, f164ec13-c99a-4402-99d5-4f3aeeeb4a39:192.168.34.62:44851, 99f6549c-1d76-4032-b481-991b9a8ccf89:192.168.34.62:46667], old=null
2019-10-17 08:19:59,931 [grpc-default-executor-4] INFO  impl.RaftServerImpl (RaftServerImpl.java:setRole(184)) - f164ec13-c99a-4402-99d5-4f3aeeeb4a39@group-5EA4F818FACE: changes role from  FOLLOWER to FOLLOWER at term 27 for recognizeCandidate:704bfd07-5e75-419d-aba5-0f2927b551c8
2019-10-17 08:19:59,931 [grpc-default-executor-4] INFO  impl.RoleInfo (RoleInfo.java:shutdownFollowerState(121)) - f164ec13-c99a-4402-99d5-4f3aeeeb4a39: shutdown FollowerState
2019-10-17 08:19:59,931 [grpc-default-executor-11] INFO  impl.RaftServerImpl (RaftServerImpl.java:setRole(184)) - 99f6549c-1d76-4032-b481-991b9a8ccf89@group-5EA4F818FACE: changes role from  FOLLOWER to FOLLOWER at term 27 for recognizeCandidate:704bfd07-5e75-419d-aba5-0f2927b551c8
2019-10-17 08:19:59,932 [Thread-800] INFO  impl.FollowerState (FollowerState.java:run(117)) - f164ec13-c99a-4402-99d5-4f3aeeeb4a39@group-5EA4F818FACE-FollowerState was interrupted: java.lang.InterruptedException: sleep interrupted
2019-10-17 08:19:59,932 [grpc-default-executor-4] INFO  impl.RoleInfo (RoleInfo.java:updateAndGet(143)) - f164ec13-c99a-4402-99d5-4f3aeeeb4a39: start FollowerState
2019-10-17 08:19:59,932 [grpc-default-executor-11] INFO  impl.RoleInfo (RoleInfo.java:shutdownFollowerState(121)) - 99f6549c-1d76-4032-b481-991b9a8ccf89: shutdown FollowerState
2019-10-17 08:19:59,932 [grpc-default-executor-11] INFO  impl.RoleInfo (RoleInfo.java:updateAndGet(143)) - 99f6549c-1d76-4032-b481-991b9a8ccf89: start FollowerState
2019-10-17 08:19:59,932 [Thread-801] INFO  impl.FollowerState (FollowerState.java:run(117)) - 99f6549c-1d76-4032-b481-991b9a8ccf89@group-5EA4F818FACE-FollowerState was interrupted: java.lang.InterruptedException: sleep interrupted
2019-10-17 08:19:59,946 [704bfd07-5e75-419d-aba5-0f2927b551c8@group-5EA4F818FACE-LeaderElection34] INFO  impl.LeaderElection (LeaderElection.java:logAndReturn(56)) - 704bfd07-5e75-419d-aba5-0f2927b551c8@group-5EA4F818FACE-LeaderElection34: Election REJECTED; received 2 response(s) [704bfd07-5e75-419d-aba5-0f2927b551c8<-f164ec13-c99a-4402-99d5-4f3aeeeb4a39#0:FAIL-t27, 704bfd07-5e75-419d-aba5-0f2927b551c8<-99f6549c-1d76-4032-b481-991b9a8ccf89#0:FAIL-t27] and 0 exception(s); 704bfd07-5e75-419d-aba5-0f2927b551c8@group-5EA4F818FACE:t27, leader=null, voted=704bfd07-5e75-419d-aba5-0f2927b551c8, raftlog=704bfd07-5e75-419d-aba5-0f2927b551c8@group-5EA4F818FACE-SegmentedRaftLog:OPENED:c-1,f-1,i0, conf=-1: [704bfd07-5e75-419d-aba5-0f2927b551c8:192.168.34.62:33038, f164ec13-c99a-4402-99d5-4f3aeeeb4a39:192.168.34.62:44851, 99f6549c-1d76-4032-b481-991b9a8ccf89:192.168.34.62:46667], old=null
2019-10-17 08:19:59,946 [704bfd07-5e75-419d-aba5-0f2927b551c8@group-5EA4F818FACE-LeaderElection34] INFO  impl.RaftServerImpl (RaftServerImpl.java:setRole(184)) - 704bfd07-5e75-419d-aba5-0f2927b551c8@group-5EA4F818FACE: changes role from CANDIDATE to FOLLOWER at term 27 for DISCOVERED_A_NEW_TERM
2019-10-17 08:19:59,946 [704bfd07-5e75-419d-aba5-0f2927b551c8@group-5EA4F818FACE-LeaderElection34] INFO  impl.RoleInfo (RoleInfo.java:shutdownLeaderElection(134)) - 704bfd07-5e75-419d-aba5-0f2927b551c8: shutdown LeaderElection
2019-10-17 08:19:59,946 [704bfd07-5e75-419d-aba5-0f2927b551c8@group-5EA4F818FACE-LeaderElection34] INFO  impl.RoleInfo (RoleInfo.java:updateAndGet(143)) - 704bfd07-5e75-419d-aba5-0f2927b551c8: start FollowerState
2019-10-17 08:19:59,978 [Thread-808] INFO  impl.FollowerState (FollowerState.java:run(108)) - 704bfd07-5e75-419d-aba5-0f2927b551c8@group-5EA4F818FACE-FollowerState: change to CANDIDATE, lastRpcTime:31ms, electionTimeout:31ms
2019-10-17 08:19:59,978 [Thread-808] INFO  impl.RoleInfo (RoleInfo.java:shutdownFollowerState(121)) - 704bfd07-5e75-419d-aba5-0f2927b551c8: shutdown FollowerState
2019-10-17 08:19:59,978 [Thread-808] INFO  impl.RaftServerImpl (RaftServerImpl.java:setRole(184)) - 704bfd07-5e75-419d-aba5-0f2927b551c8@group-5EA4F818FACE: changes role from  FOLLOWER to CANDIDATE at term 27 for changeToCandidate
 100.00% |?????????????????????????????????????????????????????????????????????????????????????????????????????|  1/1 Time: 0:03:25
2019-10-17 08:19:59,978 [Thread-808] INFO  impl.RoleInfo (RoleInfo.java:updateAndGet(143)) - 704bfd07-5e75-419d-aba5-0f2927b551c8: start LeaderElection
]]></system-out>
  </testcase>
  <testcase name="standaloneTestLargeKey" classname="org.apache.hadoop.ozone.freon.TestDataValidateWithDummyContainers" time="5.045">
    <error message="Allocated 0 blocks. Requested 5 blocks" type="INTERNAL_ERROR org.apache.hadoop.ozone.om.exceptions.OMException">INTERNAL_ERROR org.apache.hadoop.ozone.om.exceptions.OMException: Allocated 0 blocks. Requested 5 blocks
	at org.apache.hadoop.ozone.om.protocolPB.OzoneManagerProtocolClientSideTranslatorPB.handleError(OzoneManagerProtocolClientSideTranslatorPB.java:732)
	at org.apache.hadoop.ozone.om.protocolPB.OzoneManagerProtocolClientSideTranslatorPB.openKey(OzoneManagerProtocolClientSideTranslatorPB.java:723)
	at sun.reflect.NativeMethodAccessorImpl.invoke0(Native Method)
	at sun.reflect.NativeMethodAccessorImpl.invoke(NativeMethodAccessorImpl.java:62)
	at sun.reflect.DelegatingMethodAccessorImpl.invoke(DelegatingMethodAccessorImpl.java:43)
	at java.lang.reflect.Method.invoke(Method.java:498)
	at org.apache.hadoop.hdds.tracing.TraceAllMethod.invoke(TraceAllMethod.java:66)
	at com.sun.proxy.$Proxy37.openKey(Unknown Source)
	at org.apache.hadoop.ozone.client.rpc.RpcClient.createKey(RpcClient.java:614)
	at org.apache.hadoop.ozone.client.OzoneBucket.createKey(OzoneBucket.java:325)
	at org.apache.hadoop.ozone.freon.RandomKeyGenerator.createKey(RandomKeyGenerator.java:695)
	at org.apache.hadoop.ozone.freon.RandomKeyGenerator.access$1100(RandomKeyGenerator.java:88)
	at org.apache.hadoop.ozone.freon.RandomKeyGenerator$ObjectCreator.run(RandomKeyGenerator.java:615)
	at java.util.concurrent.Executors$RunnableAdapter.call(Executors.java:511)
	at java.util.concurrent.FutureTask.run(FutureTask.java:266)
	at java.util.concurrent.ThreadPoolExecutor.runWorker(ThreadPoolExecutor.java:1149)
	at java.util.concurrent.ThreadPoolExecutor$Worker.run(ThreadPoolExecutor.java:624)
	at java.lang.Thread.run(Thread.java:748)
</error>
    <system-out><![CDATA[2019-10-17 08:20:00,002 [704bfd07-5e75-419d-aba5-0f2927b551c8@group-5EA4F818FACE-LeaderElection35] INFO  impl.LeaderElection (LeaderElection.java:askForVotes(178)) - 704bfd07-5e75-419d-aba5-0f2927b551c8@group-5EA4F818FACE-LeaderElection35: begin an election at term 28 for -1: [704bfd07-5e75-419d-aba5-0f2927b551c8:192.168.34.62:33038, f164ec13-c99a-4402-99d5-4f3aeeeb4a39:192.168.34.62:44851, 99f6549c-1d76-4032-b481-991b9a8ccf89:192.168.34.62:46667], old=null
2019-10-17 08:20:00,002 [main] INFO  freon.RandomKeyGenerator (RandomKeyGenerator.java:call(258)) - Override validateWrites to false, because hdds.container.chunk.persistdata is set to false.
2019-10-17 08:20:00,005 [grpc-default-executor-4] INFO  impl.RaftServerImpl (RaftServerImpl.java:setRole(184)) - 99f6549c-1d76-4032-b481-991b9a8ccf89@group-5EA4F818FACE: changes role from  FOLLOWER to FOLLOWER at term 28 for recognizeCandidate:704bfd07-5e75-419d-aba5-0f2927b551c8
2019-10-17 08:20:00,005 [grpc-default-executor-4] INFO  impl.RoleInfo (RoleInfo.java:shutdownFollowerState(121)) - 99f6549c-1d76-4032-b481-991b9a8ccf89: shutdown FollowerState
2019-10-17 08:20:00,005 [grpc-default-executor-11] INFO  impl.RaftServerImpl (RaftServerImpl.java:setRole(184)) - f164ec13-c99a-4402-99d5-4f3aeeeb4a39@group-5EA4F818FACE: changes role from  FOLLOWER to FOLLOWER at term 28 for recognizeCandidate:704bfd07-5e75-419d-aba5-0f2927b551c8
2019-10-17 08:20:00,005 [Thread-807] INFO  impl.FollowerState (FollowerState.java:run(117)) - 99f6549c-1d76-4032-b481-991b9a8ccf89@group-5EA4F818FACE-FollowerState was interrupted: java.lang.InterruptedException: sleep interrupted
2019-10-17 08:20:00,005 [grpc-default-executor-4] INFO  impl.RoleInfo (RoleInfo.java:updateAndGet(143)) - 99f6549c-1d76-4032-b481-991b9a8ccf89: start FollowerState
2019-10-17 08:20:00,005 [grpc-default-executor-11] INFO  impl.RoleInfo (RoleInfo.java:shutdownFollowerState(121)) - f164ec13-c99a-4402-99d5-4f3aeeeb4a39: shutdown FollowerState
2019-10-17 08:20:00,006 [Thread-806] INFO  impl.FollowerState (FollowerState.java:run(117)) - f164ec13-c99a-4402-99d5-4f3aeeeb4a39@group-5EA4F818FACE-FollowerState was interrupted: java.lang.InterruptedException: sleep interrupted
2019-10-17 08:20:00,006 [grpc-default-executor-11] INFO  impl.RoleInfo (RoleInfo.java:updateAndGet(143)) - f164ec13-c99a-4402-99d5-4f3aeeeb4a39: start FollowerState
2019-10-17 08:20:00,021 [main] INFO  freon.RandomKeyGenerator (RandomKeyGenerator.java:call(283)) - Number of Threads: 10
2019-10-17 08:20:00,022 [main] INFO  freon.RandomKeyGenerator (RandomKeyGenerator.java:call(288)) - Number of Volumes: 1.
2019-10-17 08:20:00,022 [main] INFO  freon.RandomKeyGenerator (RandomKeyGenerator.java:call(289)) - Number of Buckets per Volume: 1.
2019-10-17 08:20:00,022 [main] INFO  freon.RandomKeyGenerator (RandomKeyGenerator.java:call(290)) - Number of Keys per Bucket: 1.
2019-10-17 08:20:00,022 [main] INFO  freon.RandomKeyGenerator (RandomKeyGenerator.java:call(291)) - Key size: 20971520 bytes
2019-10-17 08:20:00,022 [main] INFO  freon.RandomKeyGenerator (RandomKeyGenerator.java:call(292)) - Buffer size: 4096 bytes
2019-10-17 08:20:00,022 [main] INFO  freon.RandomKeyGenerator (RandomKeyGenerator.java:call(293)) - validateWrites : false
2019-10-17 08:20:00,023 [main] INFO  freon.RandomKeyGenerator (RandomKeyGenerator.java:call(313)) - Starting progress bar Thread.

 0.00% |?                                                                                                    |  0/1 Time: 0:00:002019-10-17 08:20:00,024 [pool-77-thread-1] INFO  rpc.RpcClient (RpcClient.java:createVolume(272)) - Creating Volume: vol-0-24336, with jenkins1000 as owner.
2019-10-17 08:20:00,027 [IPC Server handler 4 on 39269] INFO  volume.OMVolumeCreateRequest (OMVolumeCreateRequest.java:validateAndUpdateCache(193)) - created volume:vol-0-24336 for user:jenkins1000
2019-10-17 08:20:00,030 [704bfd07-5e75-419d-aba5-0f2927b551c8@group-5EA4F818FACE-LeaderElection35] INFO  impl.LeaderElection (LeaderElection.java:logAndReturn(56)) - 704bfd07-5e75-419d-aba5-0f2927b551c8@group-5EA4F818FACE-LeaderElection35: Election REJECTED; received 2 response(s) [704bfd07-5e75-419d-aba5-0f2927b551c8<-f164ec13-c99a-4402-99d5-4f3aeeeb4a39#0:FAIL-t28, 704bfd07-5e75-419d-aba5-0f2927b551c8<-99f6549c-1d76-4032-b481-991b9a8ccf89#0:FAIL-t28] and 0 exception(s); 704bfd07-5e75-419d-aba5-0f2927b551c8@group-5EA4F818FACE:t28, leader=null, voted=704bfd07-5e75-419d-aba5-0f2927b551c8, raftlog=704bfd07-5e75-419d-aba5-0f2927b551c8@group-5EA4F818FACE-SegmentedRaftLog:OPENED:c-1,f-1,i0, conf=-1: [704bfd07-5e75-419d-aba5-0f2927b551c8:192.168.34.62:33038, f164ec13-c99a-4402-99d5-4f3aeeeb4a39:192.168.34.62:44851, 99f6549c-1d76-4032-b481-991b9a8ccf89:192.168.34.62:46667], old=null
2019-10-17 08:20:00,030 [704bfd07-5e75-419d-aba5-0f2927b551c8@group-5EA4F818FACE-LeaderElection35] INFO  impl.RaftServerImpl (RaftServerImpl.java:setRole(184)) - 704bfd07-5e75-419d-aba5-0f2927b551c8@group-5EA4F818FACE: changes role from CANDIDATE to FOLLOWER at term 28 for DISCOVERED_A_NEW_TERM
2019-10-17 08:20:00,030 [704bfd07-5e75-419d-aba5-0f2927b551c8@group-5EA4F818FACE-LeaderElection35] INFO  impl.RoleInfo (RoleInfo.java:shutdownLeaderElection(134)) - 704bfd07-5e75-419d-aba5-0f2927b551c8: shutdown LeaderElection
2019-10-17 08:20:00,030 [704bfd07-5e75-419d-aba5-0f2927b551c8@group-5EA4F818FACE-LeaderElection35] INFO  impl.RoleInfo (RoleInfo.java:updateAndGet(143)) - 704bfd07-5e75-419d-aba5-0f2927b551c8: start FollowerState
2019-10-17 08:20:00,033 [pool-77-thread-2] INFO  rpc.RpcClient (RpcClient.java:createBucket(411)) - Creating Bucket: vol-0-24336/bucket-0-81628, with Versioning false and Storage Type set to DISK and Encryption set to false 
2019-10-17 08:20:00,045 [IPC Server handler 0 on 34495] WARN  block.BlockManagerImpl (BlockManagerImpl.java:allocateBlock(200)) - Pipeline creation failed for type:RATIS factor:THREE. Retrying get pipelines call once.
org.apache.hadoop.hdds.scm.pipeline.InsufficientDatanodesException: Cannot create pipeline of factor 3 using 2 nodes.
	at org.apache.hadoop.hdds.scm.pipeline.RatisPipelineProvider.create(RatisPipelineProvider.java:153)
	at org.apache.hadoop.hdds.scm.pipeline.PipelineFactory.create(PipelineFactory.java:58)
	at org.apache.hadoop.hdds.scm.pipeline.SCMPipelineManager.createPipeline(SCMPipelineManager.java:155)
	at org.apache.hadoop.hdds.scm.block.BlockManagerImpl.allocateBlock(BlockManagerImpl.java:198)
	at org.apache.hadoop.hdds.scm.server.SCMBlockProtocolServer.allocateBlock(SCMBlockProtocolServer.java:182)
	at org.apache.hadoop.hdds.scm.protocol.ScmBlockLocationProtocolServerSideTranslatorPB.allocateScmBlock(ScmBlockLocationProtocolServerSideTranslatorPB.java:159)
	at org.apache.hadoop.hdds.scm.protocol.ScmBlockLocationProtocolServerSideTranslatorPB.processMessage(ScmBlockLocationProtocolServerSideTranslatorPB.java:117)
	at org.apache.hadoop.hdds.server.OzoneProtocolMessageDispatcher.processRequest(OzoneProtocolMessageDispatcher.java:72)
	at org.apache.hadoop.hdds.scm.protocol.ScmBlockLocationProtocolServerSideTranslatorPB.send(ScmBlockLocationProtocolServerSideTranslatorPB.java:98)
	at org.apache.hadoop.hdds.protocol.proto.ScmBlockLocationProtocolProtos$ScmBlockLocationProtocolService$2.callBlockingMethod(ScmBlockLocationProtocolProtos.java:13157)
	at org.apache.hadoop.ipc.ProtobufRpcEngine$Server$ProtoBufRpcInvoker.call(ProtobufRpcEngine.java:524)
	at org.apache.hadoop.ipc.RPC$Server.call(RPC.java:1025)
	at org.apache.hadoop.ipc.Server$RpcCall.run(Server.java:876)
	at org.apache.hadoop.ipc.Server$RpcCall.run(Server.java:822)
	at java.security.AccessController.doPrivileged(Native Method)
	at javax.security.auth.Subject.doAs(Subject.java:422)
	at org.apache.hadoop.security.UserGroupInformation.doAs(UserGroupInformation.java:1730)
	at org.apache.hadoop.ipc.Server$Handler.run(Server.java:2682)
2019-10-17 08:20:00,046 [IPC Server handler 0 on 34495] INFO  block.BlockManagerImpl (BlockManagerImpl.java:allocateBlock(212)) - Could not find available pipeline of type:RATIS and factor:THREE even after retrying
2019-10-17 08:20:00,046 [IPC Server handler 0 on 34495] ERROR block.BlockManagerImpl (BlockManagerImpl.java:allocateBlock(236)) - Unable to allocate a block for the size: 4194304, type: RATIS, factor: THREE
2019-10-17 08:20:00,048 [IPC Server handler 0 on 34495] WARN  block.BlockManagerImpl (BlockManagerImpl.java:allocateBlock(200)) - Pipeline creation failed for type:RATIS factor:THREE. Retrying get pipelines call once.
org.apache.hadoop.hdds.scm.pipeline.InsufficientDatanodesException: Cannot create pipeline of factor 3 using 2 nodes.
	at org.apache.hadoop.hdds.scm.pipeline.RatisPipelineProvider.create(RatisPipelineProvider.java:153)
	at org.apache.hadoop.hdds.scm.pipeline.PipelineFactory.create(PipelineFactory.java:58)
	at org.apache.hadoop.hdds.scm.pipeline.SCMPipelineManager.createPipeline(SCMPipelineManager.java:155)
	at org.apache.hadoop.hdds.scm.block.BlockManagerImpl.allocateBlock(BlockManagerImpl.java:198)
	at org.apache.hadoop.hdds.scm.server.SCMBlockProtocolServer.allocateBlock(SCMBlockProtocolServer.java:182)
	at org.apache.hadoop.hdds.scm.protocol.ScmBlockLocationProtocolServerSideTranslatorPB.allocateScmBlock(ScmBlockLocationProtocolServerSideTranslatorPB.java:159)
	at org.apache.hadoop.hdds.scm.protocol.ScmBlockLocationProtocolServerSideTranslatorPB.processMessage(ScmBlockLocationProtocolServerSideTranslatorPB.java:117)
	at org.apache.hadoop.hdds.server.OzoneProtocolMessageDispatcher.processRequest(OzoneProtocolMessageDispatcher.java:72)
	at org.apache.hadoop.hdds.scm.protocol.ScmBlockLocationProtocolServerSideTranslatorPB.send(ScmBlockLocationProtocolServerSideTranslatorPB.java:98)
	at org.apache.hadoop.hdds.protocol.proto.ScmBlockLocationProtocolProtos$ScmBlockLocationProtocolService$2.callBlockingMethod(ScmBlockLocationProtocolProtos.java:13157)
	at org.apache.hadoop.ipc.ProtobufRpcEngine$Server$ProtoBufRpcInvoker.call(ProtobufRpcEngine.java:524)
	at org.apache.hadoop.ipc.RPC$Server.call(RPC.java:1025)
	at org.apache.hadoop.ipc.Server$RpcCall.run(Server.java:876)
	at org.apache.hadoop.ipc.Server$RpcCall.run(Server.java:822)
	at java.security.AccessController.doPrivileged(Native Method)
	at javax.security.auth.Subject.doAs(Subject.java:422)
	at org.apache.hadoop.security.UserGroupInformation.doAs(UserGroupInformation.java:1730)
	at org.apache.hadoop.ipc.Server$Handler.run(Server.java:2682)
2019-10-17 08:20:00,048 [IPC Server handler 0 on 34495] INFO  block.BlockManagerImpl (BlockManagerImpl.java:allocateBlock(212)) - Could not find available pipeline of type:RATIS and factor:THREE even after retrying
2019-10-17 08:20:00,048 [IPC Server handler 0 on 34495] ERROR block.BlockManagerImpl (BlockManagerImpl.java:allocateBlock(236)) - Unable to allocate a block for the size: 4194304, type: RATIS, factor: THREE
2019-10-17 08:20:00,049 [IPC Server handler 0 on 34495] WARN  block.BlockManagerImpl (BlockManagerImpl.java:allocateBlock(200)) - Pipeline creation failed for type:RATIS factor:THREE. Retrying get pipelines call once.
org.apache.hadoop.hdds.scm.pipeline.InsufficientDatanodesException: Cannot create pipeline of factor 3 using 2 nodes.
	at org.apache.hadoop.hdds.scm.pipeline.RatisPipelineProvider.create(RatisPipelineProvider.java:153)
	at org.apache.hadoop.hdds.scm.pipeline.PipelineFactory.create(PipelineFactory.java:58)
	at org.apache.hadoop.hdds.scm.pipeline.SCMPipelineManager.createPipeline(SCMPipelineManager.java:155)
	at org.apache.hadoop.hdds.scm.block.BlockManagerImpl.allocateBlock(BlockManagerImpl.java:198)
	at org.apache.hadoop.hdds.scm.server.SCMBlockProtocolServer.allocateBlock(SCMBlockProtocolServer.java:182)
	at org.apache.hadoop.hdds.scm.protocol.ScmBlockLocationProtocolServerSideTranslatorPB.allocateScmBlock(ScmBlockLocationProtocolServerSideTranslatorPB.java:159)
	at org.apache.hadoop.hdds.scm.protocol.ScmBlockLocationProtocolServerSideTranslatorPB.processMessage(ScmBlockLocationProtocolServerSideTranslatorPB.java:117)
	at org.apache.hadoop.hdds.server.OzoneProtocolMessageDispatcher.processRequest(OzoneProtocolMessageDispatcher.java:72)
	at org.apache.hadoop.hdds.scm.protocol.ScmBlockLocationProtocolServerSideTranslatorPB.send(ScmBlockLocationProtocolServerSideTranslatorPB.java:98)
	at org.apache.hadoop.hdds.protocol.proto.ScmBlockLocationProtocolProtos$ScmBlockLocationProtocolService$2.callBlockingMethod(ScmBlockLocationProtocolProtos.java:13157)
	at org.apache.hadoop.ipc.ProtobufRpcEngine$Server$ProtoBufRpcInvoker.call(ProtobufRpcEngine.java:524)
	at org.apache.hadoop.ipc.RPC$Server.call(RPC.java:1025)
	at org.apache.hadoop.ipc.Server$RpcCall.run(Server.java:876)
	at org.apache.hadoop.ipc.Server$RpcCall.run(Server.java:822)
	at java.security.AccessController.doPrivileged(Native Method)
	at javax.security.auth.Subject.doAs(Subject.java:422)
	at org.apache.hadoop.security.UserGroupInformation.doAs(UserGroupInformation.java:1730)
	at org.apache.hadoop.ipc.Server$Handler.run(Server.java:2682)
2019-10-17 08:20:00,049 [IPC Server handler 0 on 34495] INFO  block.BlockManagerImpl (BlockManagerImpl.java:allocateBlock(212)) - Could not find available pipeline of type:RATIS and factor:THREE even after retrying
2019-10-17 08:20:00,049 [IPC Server handler 0 on 34495] ERROR block.BlockManagerImpl (BlockManagerImpl.java:allocateBlock(236)) - Unable to allocate a block for the size: 4194304, type: RATIS, factor: THREE
2019-10-17 08:20:00,051 [IPC Server handler 0 on 34495] WARN  block.BlockManagerImpl (BlockManagerImpl.java:allocateBlock(200)) - Pipeline creation failed for type:RATIS factor:THREE. Retrying get pipelines call once.
org.apache.hadoop.hdds.scm.pipeline.InsufficientDatanodesException: Cannot create pipeline of factor 3 using 2 nodes.
	at org.apache.hadoop.hdds.scm.pipeline.RatisPipelineProvider.create(RatisPipelineProvider.java:153)
	at org.apache.hadoop.hdds.scm.pipeline.PipelineFactory.create(PipelineFactory.java:58)
	at org.apache.hadoop.hdds.scm.pipeline.SCMPipelineManager.createPipeline(SCMPipelineManager.java:155)
	at org.apache.hadoop.hdds.scm.block.BlockManagerImpl.allocateBlock(BlockManagerImpl.java:198)
	at org.apache.hadoop.hdds.scm.server.SCMBlockProtocolServer.allocateBlock(SCMBlockProtocolServer.java:182)
	at org.apache.hadoop.hdds.scm.protocol.ScmBlockLocationProtocolServerSideTranslatorPB.allocateScmBlock(ScmBlockLocationProtocolServerSideTranslatorPB.java:159)
	at org.apache.hadoop.hdds.scm.protocol.ScmBlockLocationProtocolServerSideTranslatorPB.processMessage(ScmBlockLocationProtocolServerSideTranslatorPB.java:117)
	at org.apache.hadoop.hdds.server.OzoneProtocolMessageDispatcher.processRequest(OzoneProtocolMessageDispatcher.java:72)
	at org.apache.hadoop.hdds.scm.protocol.ScmBlockLocationProtocolServerSideTranslatorPB.send(ScmBlockLocationProtocolServerSideTranslatorPB.java:98)
	at org.apache.hadoop.hdds.protocol.proto.ScmBlockLocationProtocolProtos$ScmBlockLocationProtocolService$2.callBlockingMethod(ScmBlockLocationProtocolProtos.java:13157)
	at org.apache.hadoop.ipc.ProtobufRpcEngine$Server$ProtoBufRpcInvoker.call(ProtobufRpcEngine.java:524)
	at org.apache.hadoop.ipc.RPC$Server.call(RPC.java:1025)
	at org.apache.hadoop.ipc.Server$RpcCall.run(Server.java:876)
	at org.apache.hadoop.ipc.Server$RpcCall.run(Server.java:822)
	at java.security.AccessController.doPrivileged(Native Method)
	at javax.security.auth.Subject.doAs(Subject.java:422)
	at org.apache.hadoop.security.UserGroupInformation.doAs(UserGroupInformation.java:1730)
	at org.apache.hadoop.ipc.Server$Handler.run(Server.java:2682)
2019-10-17 08:20:00,052 [IPC Server handler 0 on 34495] INFO  block.BlockManagerImpl (BlockManagerImpl.java:allocateBlock(212)) - Could not find available pipeline of type:RATIS and factor:THREE even after retrying
2019-10-17 08:20:00,052 [IPC Server handler 0 on 34495] ERROR block.BlockManagerImpl (BlockManagerImpl.java:allocateBlock(236)) - Unable to allocate a block for the size: 4194304, type: RATIS, factor: THREE
2019-10-17 08:20:00,053 [IPC Server handler 0 on 34495] WARN  block.BlockManagerImpl (BlockManagerImpl.java:allocateBlock(200)) - Pipeline creation failed for type:RATIS factor:THREE. Retrying get pipelines call once.
org.apache.hadoop.hdds.scm.pipeline.InsufficientDatanodesException: Cannot create pipeline of factor 3 using 2 nodes.
	at org.apache.hadoop.hdds.scm.pipeline.RatisPipelineProvider.create(RatisPipelineProvider.java:153)
	at org.apache.hadoop.hdds.scm.pipeline.PipelineFactory.create(PipelineFactory.java:58)
	at org.apache.hadoop.hdds.scm.pipeline.SCMPipelineManager.createPipeline(SCMPipelineManager.java:155)
	at org.apache.hadoop.hdds.scm.block.BlockManagerImpl.allocateBlock(BlockManagerImpl.java:198)
	at org.apache.hadoop.hdds.scm.server.SCMBlockProtocolServer.allocateBlock(SCMBlockProtocolServer.java:182)
	at org.apache.hadoop.hdds.scm.protocol.ScmBlockLocationProtocolServerSideTranslatorPB.allocateScmBlock(ScmBlockLocationProtocolServerSideTranslatorPB.java:159)
	at org.apache.hadoop.hdds.scm.protocol.ScmBlockLocationProtocolServerSideTranslatorPB.processMessage(ScmBlockLocationProtocolServerSideTranslatorPB.java:117)
	at org.apache.hadoop.hdds.server.OzoneProtocolMessageDispatcher.processRequest(OzoneProtocolMessageDispatcher.java:72)
	at org.apache.hadoop.hdds.scm.protocol.ScmBlockLocationProtocolServerSideTranslatorPB.send(ScmBlockLocationProtocolServerSideTranslatorPB.java:98)
	at org.apache.hadoop.hdds.protocol.proto.ScmBlockLocationProtocolProtos$ScmBlockLocationProtocolService$2.callBlockingMethod(ScmBlockLocationProtocolProtos.java:13157)
	at org.apache.hadoop.ipc.ProtobufRpcEngine$Server$ProtoBufRpcInvoker.call(ProtobufRpcEngine.java:524)
	at org.apache.hadoop.ipc.RPC$Server.call(RPC.java:1025)
	at org.apache.hadoop.ipc.Server$RpcCall.run(Server.java:876)
	at org.apache.hadoop.ipc.Server$RpcCall.run(Server.java:822)
	at java.security.AccessController.doPrivileged(Native Method)
	at javax.security.auth.Subject.doAs(Subject.java:422)
	at org.apache.hadoop.security.UserGroupInformation.doAs(UserGroupInformation.java:1730)
	at org.apache.hadoop.ipc.Server$Handler.run(Server.java:2682)
2019-10-17 08:20:00,054 [IPC Server handler 0 on 34495] INFO  block.BlockManagerImpl (BlockManagerImpl.java:allocateBlock(212)) - Could not find available pipeline of type:RATIS and factor:THREE even after retrying
2019-10-17 08:20:00,054 [IPC Server handler 0 on 34495] ERROR block.BlockManagerImpl (BlockManagerImpl.java:allocateBlock(236)) - Unable to allocate a block for the size: 4194304, type: RATIS, factor: THREE
2019-10-17 08:20:00,055 [pool-77-thread-3] ERROR freon.RandomKeyGenerator (RandomKeyGenerator.java:createKey(733)) - Exception while adding key: key-0-28833 in bucket: bucket-0-81628 of volume: vol-0-24336.
INTERNAL_ERROR org.apache.hadoop.ozone.om.exceptions.OMException: Allocated 0 blocks. Requested 5 blocks
	at org.apache.hadoop.ozone.om.protocolPB.OzoneManagerProtocolClientSideTranslatorPB.handleError(OzoneManagerProtocolClientSideTranslatorPB.java:732)
	at org.apache.hadoop.ozone.om.protocolPB.OzoneManagerProtocolClientSideTranslatorPB.openKey(OzoneManagerProtocolClientSideTranslatorPB.java:723)
	at sun.reflect.NativeMethodAccessorImpl.invoke0(Native Method)
	at sun.reflect.NativeMethodAccessorImpl.invoke(NativeMethodAccessorImpl.java:62)
	at sun.reflect.DelegatingMethodAccessorImpl.invoke(DelegatingMethodAccessorImpl.java:43)
	at java.lang.reflect.Method.invoke(Method.java:498)
	at org.apache.hadoop.hdds.tracing.TraceAllMethod.invoke(TraceAllMethod.java:66)
	at com.sun.proxy.$Proxy37.openKey(Unknown Source)
	at org.apache.hadoop.ozone.client.rpc.RpcClient.createKey(RpcClient.java:614)
	at org.apache.hadoop.ozone.client.OzoneBucket.createKey(OzoneBucket.java:325)
	at org.apache.hadoop.ozone.freon.RandomKeyGenerator.createKey(RandomKeyGenerator.java:695)
	at org.apache.hadoop.ozone.freon.RandomKeyGenerator.access$1100(RandomKeyGenerator.java:88)
	at org.apache.hadoop.ozone.freon.RandomKeyGenerator$ObjectCreator.run(RandomKeyGenerator.java:615)
	at java.util.concurrent.Executors$RunnableAdapter.call(Executors.java:511)
	at java.util.concurrent.FutureTask.run(FutureTask.java:266)
	at java.util.concurrent.ThreadPoolExecutor.runWorker(ThreadPoolExecutor.java:1149)
	at java.util.concurrent.ThreadPoolExecutor$Worker.run(ThreadPoolExecutor.java:624)
	at java.lang.Thread.run(Thread.java:748)
2019-10-17 08:20:00,080 [Thread-817] INFO  impl.FollowerState (FollowerState.java:run(108)) - 704bfd07-5e75-419d-aba5-0f2927b551c8@group-5EA4F818FACE-FollowerState: change to CANDIDATE, lastRpcTime:50ms, electionTimeout:48ms
2019-10-17 08:20:00,081 [Thread-817] INFO  impl.RoleInfo (RoleInfo.java:shutdownFollowerState(121)) - 704bfd07-5e75-419d-aba5-0f2927b551c8: shutdown FollowerState
2019-10-17 08:20:00,081 [Thread-817] INFO  impl.RaftServerImpl (RaftServerImpl.java:setRole(184)) - 704bfd07-5e75-419d-aba5-0f2927b551c8@group-5EA4F818FACE: changes role from  FOLLOWER to CANDIDATE at term 28 for changeToCandidate
2019-10-17 08:20:00,081 [Thread-817] INFO  impl.RoleInfo (RoleInfo.java:updateAndGet(143)) - 704bfd07-5e75-419d-aba5-0f2927b551c8: start LeaderElection
2019-10-17 08:20:00,094 [704bfd07-5e75-419d-aba5-0f2927b551c8@group-5EA4F818FACE-LeaderElection36] INFO  impl.LeaderElection (LeaderElection.java:askForVotes(178)) - 704bfd07-5e75-419d-aba5-0f2927b551c8@group-5EA4F818FACE-LeaderElection36: begin an election at term 29 for -1: [704bfd07-5e75-419d-aba5-0f2927b551c8:192.168.34.62:33038, f164ec13-c99a-4402-99d5-4f3aeeeb4a39:192.168.34.62:44851, 99f6549c-1d76-4032-b481-991b9a8ccf89:192.168.34.62:46667], old=null
2019-10-17 08:20:00,097 [grpc-default-executor-4] INFO  impl.RaftServerImpl (RaftServerImpl.java:setRole(184)) - f164ec13-c99a-4402-99d5-4f3aeeeb4a39@group-5EA4F818FACE: changes role from  FOLLOWER to FOLLOWER at term 29 for recognizeCandidate:704bfd07-5e75-419d-aba5-0f2927b551c8
2019-10-17 08:20:00,097 [grpc-default-executor-11] INFO  impl.RaftServerImpl (RaftServerImpl.java:setRole(184)) - 99f6549c-1d76-4032-b481-991b9a8ccf89@group-5EA4F818FACE: changes role from  FOLLOWER to FOLLOWER at term 29 for recognizeCandidate:704bfd07-5e75-419d-aba5-0f2927b551c8
2019-10-17 08:20:00,097 [grpc-default-executor-4] INFO  impl.RoleInfo (RoleInfo.java:shutdownFollowerState(121)) - f164ec13-c99a-4402-99d5-4f3aeeeb4a39: shutdown FollowerState
2019-10-17 08:20:00,097 [grpc-default-executor-11] INFO  impl.RoleInfo (RoleInfo.java:shutdownFollowerState(121)) - 99f6549c-1d76-4032-b481-991b9a8ccf89: shutdown FollowerState
2019-10-17 08:20:00,097 [Thread-813] INFO  impl.FollowerState (FollowerState.java:run(117)) - f164ec13-c99a-4402-99d5-4f3aeeeb4a39@group-5EA4F818FACE-FollowerState was interrupted: java.lang.InterruptedException: sleep interrupted
2019-10-17 08:20:00,097 [Thread-812] INFO  impl.FollowerState (FollowerState.java:run(117)) - 99f6549c-1d76-4032-b481-991b9a8ccf89@group-5EA4F818FACE-FollowerState was interrupted: java.lang.InterruptedException: sleep interrupted
2019-10-17 08:20:00,097 [grpc-default-executor-4] INFO  impl.RoleInfo (RoleInfo.java:updateAndGet(143)) - f164ec13-c99a-4402-99d5-4f3aeeeb4a39: start FollowerState
2019-10-17 08:20:00,097 [grpc-default-executor-11] INFO  impl.RoleInfo (RoleInfo.java:updateAndGet(143)) - 99f6549c-1d76-4032-b481-991b9a8ccf89: start FollowerState
2019-10-17 08:20:00,102 [704bfd07-5e75-419d-aba5-0f2927b551c8@group-5EA4F818FACE-LeaderElection36] INFO  impl.LeaderElection (LeaderElection.java:logAndReturn(56)) - 704bfd07-5e75-419d-aba5-0f2927b551c8@group-5EA4F818FACE-LeaderElection36: Election TIMEOUT; received 0 response(s) [] and 0 exception(s); 704bfd07-5e75-419d-aba5-0f2927b551c8@group-5EA4F818FACE:t29, leader=null, voted=704bfd07-5e75-419d-aba5-0f2927b551c8, raftlog=704bfd07-5e75-419d-aba5-0f2927b551c8@group-5EA4F818FACE-SegmentedRaftLog:OPENED:c-1,f-1,i0, conf=-1: [704bfd07-5e75-419d-aba5-0f2927b551c8:192.168.34.62:33038, f164ec13-c99a-4402-99d5-4f3aeeeb4a39:192.168.34.62:44851, 99f6549c-1d76-4032-b481-991b9a8ccf89:192.168.34.62:46667], old=null
2019-10-17 08:20:00,111 [704bfd07-5e75-419d-aba5-0f2927b551c8@group-5EA4F818FACE-LeaderElection36] INFO  impl.LeaderElection (LeaderElection.java:askForVotes(178)) - 704bfd07-5e75-419d-aba5-0f2927b551c8@group-5EA4F818FACE-LeaderElection36: begin an election at term 30 for -1: [704bfd07-5e75-419d-aba5-0f2927b551c8:192.168.34.62:33038, f164ec13-c99a-4402-99d5-4f3aeeeb4a39:192.168.34.62:44851, 99f6549c-1d76-4032-b481-991b9a8ccf89:192.168.34.62:46667], old=null
2019-10-17 08:20:00,113 [grpc-default-executor-4] INFO  impl.RaftServerImpl (RaftServerImpl.java:setRole(184)) - f164ec13-c99a-4402-99d5-4f3aeeeb4a39@group-5EA4F818FACE: changes role from  FOLLOWER to FOLLOWER at term 30 for recognizeCandidate:704bfd07-5e75-419d-aba5-0f2927b551c8
2019-10-17 08:20:00,113 [grpc-default-executor-4] INFO  impl.RoleInfo (RoleInfo.java:shutdownFollowerState(121)) - f164ec13-c99a-4402-99d5-4f3aeeeb4a39: shutdown FollowerState
2019-10-17 08:20:00,113 [grpc-default-executor-11] INFO  impl.RaftServerImpl (RaftServerImpl.java:setRole(184)) - 99f6549c-1d76-4032-b481-991b9a8ccf89@group-5EA4F818FACE: changes role from  FOLLOWER to FOLLOWER at term 30 for recognizeCandidate:704bfd07-5e75-419d-aba5-0f2927b551c8
2019-10-17 08:20:00,113 [grpc-default-executor-4] INFO  impl.RoleInfo (RoleInfo.java:updateAndGet(143)) - f164ec13-c99a-4402-99d5-4f3aeeeb4a39: start FollowerState
2019-10-17 08:20:00,113 [Thread-821] INFO  impl.FollowerState (FollowerState.java:run(117)) - f164ec13-c99a-4402-99d5-4f3aeeeb4a39@group-5EA4F818FACE-FollowerState was interrupted: java.lang.InterruptedException: sleep interrupted
2019-10-17 08:20:00,114 [grpc-default-executor-11] INFO  impl.RoleInfo (RoleInfo.java:shutdownFollowerState(121)) - 99f6549c-1d76-4032-b481-991b9a8ccf89: shutdown FollowerState
2019-10-17 08:20:00,114 [grpc-default-executor-11] INFO  impl.RoleInfo (RoleInfo.java:updateAndGet(143)) - 99f6549c-1d76-4032-b481-991b9a8ccf89: start FollowerState
2019-10-17 08:20:00,114 [Thread-822] INFO  impl.FollowerState (FollowerState.java:run(117)) - 99f6549c-1d76-4032-b481-991b9a8ccf89@group-5EA4F818FACE-FollowerState was interrupted: java.lang.InterruptedException: sleep interrupted
2019-10-17 08:20:00,128 [704bfd07-5e75-419d-aba5-0f2927b551c8@group-5EA4F818FACE-LeaderElection36] INFO  impl.LeaderElection (LeaderElection.java:logAndReturn(56)) - 704bfd07-5e75-419d-aba5-0f2927b551c8@group-5EA4F818FACE-LeaderElection36: Election REJECTED; received 2 response(s) [704bfd07-5e75-419d-aba5-0f2927b551c8<-f164ec13-c99a-4402-99d5-4f3aeeeb4a39#0:FAIL-t30, 704bfd07-5e75-419d-aba5-0f2927b551c8<-99f6549c-1d76-4032-b481-991b9a8ccf89#0:FAIL-t30] and 0 exception(s); 704bfd07-5e75-419d-aba5-0f2927b551c8@group-5EA4F818FACE:t30, leader=null, voted=704bfd07-5e75-419d-aba5-0f2927b551c8, raftlog=704bfd07-5e75-419d-aba5-0f2927b551c8@group-5EA4F818FACE-SegmentedRaftLog:OPENED:c-1,f-1,i0, conf=-1: [704bfd07-5e75-419d-aba5-0f2927b551c8:192.168.34.62:33038, f164ec13-c99a-4402-99d5-4f3aeeeb4a39:192.168.34.62:44851, 99f6549c-1d76-4032-b481-991b9a8ccf89:192.168.34.62:46667], old=null
2019-10-17 08:20:00,129 [704bfd07-5e75-419d-aba5-0f2927b551c8@group-5EA4F818FACE-LeaderElection36] INFO  impl.RaftServerImpl (RaftServerImpl.java:setRole(184)) - 704bfd07-5e75-419d-aba5-0f2927b551c8@group-5EA4F818FACE: changes role from CANDIDATE to FOLLOWER at term 30 for DISCOVERED_A_NEW_TERM
2019-10-17 08:20:00,129 [704bfd07-5e75-419d-aba5-0f2927b551c8@group-5EA4F818FACE-LeaderElection36] INFO  impl.RoleInfo (RoleInfo.java:shutdownLeaderElection(134)) - 704bfd07-5e75-419d-aba5-0f2927b551c8: shutdown LeaderElection
2019-10-17 08:20:00,129 [704bfd07-5e75-419d-aba5-0f2927b551c8@group-5EA4F818FACE-LeaderElection36] INFO  impl.RoleInfo (RoleInfo.java:updateAndGet(143)) - 704bfd07-5e75-419d-aba5-0f2927b551c8: start FollowerState
2019-10-17 08:20:00,240 [Thread-827] INFO  impl.FollowerState (FollowerState.java:run(108)) - 704bfd07-5e75-419d-aba5-0f2927b551c8@group-5EA4F818FACE-FollowerState: change to CANDIDATE, lastRpcTime:111ms, electionTimeout:111ms
2019-10-17 08:20:00,240 [Thread-827] INFO  impl.RoleInfo (RoleInfo.java:shutdownFollowerState(121)) - 704bfd07-5e75-419d-aba5-0f2927b551c8: shutdown FollowerState
2019-10-17 08:20:00,240 [Thread-827] INFO  impl.RaftServerImpl (RaftServerImpl.java:setRole(184)) - 704bfd07-5e75-419d-aba5-0f2927b551c8@group-5EA4F818FACE: changes role from  FOLLOWER to CANDIDATE at term 30 for changeToCandidate
2019-10-17 08:20:00,241 [Thread-827] INFO  impl.RoleInfo (RoleInfo.java:updateAndGet(143)) - 704bfd07-5e75-419d-aba5-0f2927b551c8: start LeaderElection
2019-10-17 08:20:00,265 [704bfd07-5e75-419d-aba5-0f2927b551c8@group-5EA4F818FACE-LeaderElection37] INFO  impl.LeaderElection (LeaderElection.java:askForVotes(178)) - 704bfd07-5e75-419d-aba5-0f2927b551c8@group-5EA4F818FACE-LeaderElection37: begin an election at term 31 for -1: [704bfd07-5e75-419d-aba5-0f2927b551c8:192.168.34.62:33038, f164ec13-c99a-4402-99d5-4f3aeeeb4a39:192.168.34.62:44851, 99f6549c-1d76-4032-b481-991b9a8ccf89:192.168.34.62:46667], old=null
2019-10-17 08:20:00,268 [grpc-default-executor-11] INFO  impl.RaftServerImpl (RaftServerImpl.java:setRole(184)) - f164ec13-c99a-4402-99d5-4f3aeeeb4a39@group-5EA4F818FACE: changes role from  FOLLOWER to FOLLOWER at term 31 for recognizeCandidate:704bfd07-5e75-419d-aba5-0f2927b551c8
2019-10-17 08:20:00,268 [grpc-default-executor-4] INFO  impl.RaftServerImpl (RaftServerImpl.java:setRole(184)) - 99f6549c-1d76-4032-b481-991b9a8ccf89@group-5EA4F818FACE: changes role from  FOLLOWER to FOLLOWER at term 31 for recognizeCandidate:704bfd07-5e75-419d-aba5-0f2927b551c8
2019-10-17 08:20:00,268 [grpc-default-executor-11] INFO  impl.RoleInfo (RoleInfo.java:shutdownFollowerState(121)) - f164ec13-c99a-4402-99d5-4f3aeeeb4a39: shutdown FollowerState
2019-10-17 08:20:00,268 [grpc-default-executor-4] INFO  impl.RoleInfo (RoleInfo.java:shutdownFollowerState(121)) - 99f6549c-1d76-4032-b481-991b9a8ccf89: shutdown FollowerState
2019-10-17 08:20:00,268 [Thread-825] INFO  impl.FollowerState (FollowerState.java:run(117)) - f164ec13-c99a-4402-99d5-4f3aeeeb4a39@group-5EA4F818FACE-FollowerState was interrupted: java.lang.InterruptedException: sleep interrupted
2019-10-17 08:20:00,268 [Thread-826] INFO  impl.FollowerState (FollowerState.java:run(117)) - 99f6549c-1d76-4032-b481-991b9a8ccf89@group-5EA4F818FACE-FollowerState was interrupted: java.lang.InterruptedException: sleep interrupted
2019-10-17 08:20:00,268 [grpc-default-executor-11] INFO  impl.RoleInfo (RoleInfo.java:updateAndGet(143)) - f164ec13-c99a-4402-99d5-4f3aeeeb4a39: start FollowerState
2019-10-17 08:20:00,268 [grpc-default-executor-4] INFO  impl.RoleInfo (RoleInfo.java:updateAndGet(143)) - 99f6549c-1d76-4032-b481-991b9a8ccf89: start FollowerState
2019-10-17 08:20:00,283 [704bfd07-5e75-419d-aba5-0f2927b551c8@group-5EA4F818FACE-LeaderElection37] INFO  impl.LeaderElection (LeaderElection.java:logAndReturn(56)) - 704bfd07-5e75-419d-aba5-0f2927b551c8@group-5EA4F818FACE-LeaderElection37: Election REJECTED; received 2 response(s) [704bfd07-5e75-419d-aba5-0f2927b551c8<-f164ec13-c99a-4402-99d5-4f3aeeeb4a39#0:FAIL-t31, 704bfd07-5e75-419d-aba5-0f2927b551c8<-99f6549c-1d76-4032-b481-991b9a8ccf89#0:FAIL-t31] and 0 exception(s); 704bfd07-5e75-419d-aba5-0f2927b551c8@group-5EA4F818FACE:t31, leader=null, voted=704bfd07-5e75-419d-aba5-0f2927b551c8, raftlog=704bfd07-5e75-419d-aba5-0f2927b551c8@group-5EA4F818FACE-SegmentedRaftLog:OPENED:c-1,f-1,i0, conf=-1: [704bfd07-5e75-419d-aba5-0f2927b551c8:192.168.34.62:33038, f164ec13-c99a-4402-99d5-4f3aeeeb4a39:192.168.34.62:44851, 99f6549c-1d76-4032-b481-991b9a8ccf89:192.168.34.62:46667], old=null
2019-10-17 08:20:00,283 [704bfd07-5e75-419d-aba5-0f2927b551c8@group-5EA4F818FACE-LeaderElection37] INFO  impl.RaftServerImpl (RaftServerImpl.java:setRole(184)) - 704bfd07-5e75-419d-aba5-0f2927b551c8@group-5EA4F818FACE: changes role from CANDIDATE to FOLLOWER at term 31 for DISCOVERED_A_NEW_TERM
2019-10-17 08:20:00,283 [704bfd07-5e75-419d-aba5-0f2927b551c8@group-5EA4F818FACE-LeaderElection37] INFO  impl.RoleInfo (RoleInfo.java:shutdownLeaderElection(134)) - 704bfd07-5e75-419d-aba5-0f2927b551c8: shutdown LeaderElection
2019-10-17 08:20:00,284 [704bfd07-5e75-419d-aba5-0f2927b551c8@group-5EA4F818FACE-LeaderElection37] INFO  impl.RoleInfo (RoleInfo.java:updateAndGet(143)) - 704bfd07-5e75-419d-aba5-0f2927b551c8: start FollowerState
2019-10-17 08:20:00,358 [Thread-833] INFO  impl.FollowerState (FollowerState.java:run(108)) - 704bfd07-5e75-419d-aba5-0f2927b551c8@group-5EA4F818FACE-FollowerState: change to CANDIDATE, lastRpcTime:74ms, electionTimeout:74ms
2019-10-17 08:20:00,358 [Thread-833] INFO  impl.RoleInfo (RoleInfo.java:shutdownFollowerState(121)) - 704bfd07-5e75-419d-aba5-0f2927b551c8: shutdown FollowerState
2019-10-17 08:20:00,358 [Thread-833] INFO  impl.RaftServerImpl (RaftServerImpl.java:setRole(184)) - 704bfd07-5e75-419d-aba5-0f2927b551c8@group-5EA4F818FACE: changes role from  FOLLOWER to CANDIDATE at term 31 for changeToCandidate
2019-10-17 08:20:00,359 [Thread-833] INFO  impl.RoleInfo (RoleInfo.java:updateAndGet(143)) - 704bfd07-5e75-419d-aba5-0f2927b551c8: start LeaderElection
2019-10-17 08:20:00,376 [704bfd07-5e75-419d-aba5-0f2927b551c8@group-5EA4F818FACE-LeaderElection38] INFO  impl.LeaderElection (LeaderElection.java:askForVotes(178)) - 704bfd07-5e75-419d-aba5-0f2927b551c8@group-5EA4F818FACE-LeaderElection38: begin an election at term 32 for -1: [704bfd07-5e75-419d-aba5-0f2927b551c8:192.168.34.62:33038, f164ec13-c99a-4402-99d5-4f3aeeeb4a39:192.168.34.62:44851, 99f6549c-1d76-4032-b481-991b9a8ccf89:192.168.34.62:46667], old=null
2019-10-17 08:20:00,378 [grpc-default-executor-4] INFO  impl.RaftServerImpl (RaftServerImpl.java:setRole(184)) - f164ec13-c99a-4402-99d5-4f3aeeeb4a39@group-5EA4F818FACE: changes role from  FOLLOWER to FOLLOWER at term 32 for recognizeCandidate:704bfd07-5e75-419d-aba5-0f2927b551c8
2019-10-17 08:20:00,378 [grpc-default-executor-11] INFO  impl.RaftServerImpl (RaftServerImpl.java:setRole(184)) - 99f6549c-1d76-4032-b481-991b9a8ccf89@group-5EA4F818FACE: changes role from  FOLLOWER to FOLLOWER at term 32 for recognizeCandidate:704bfd07-5e75-419d-aba5-0f2927b551c8
2019-10-17 08:20:00,378 [grpc-default-executor-4] INFO  impl.RoleInfo (RoleInfo.java:shutdownFollowerState(121)) - f164ec13-c99a-4402-99d5-4f3aeeeb4a39: shutdown FollowerState
2019-10-17 08:20:00,378 [grpc-default-executor-11] INFO  impl.RoleInfo (RoleInfo.java:shutdownFollowerState(121)) - 99f6549c-1d76-4032-b481-991b9a8ccf89: shutdown FollowerState
2019-10-17 08:20:00,378 [Thread-831] INFO  impl.FollowerState (FollowerState.java:run(117)) - f164ec13-c99a-4402-99d5-4f3aeeeb4a39@group-5EA4F818FACE-FollowerState was interrupted: java.lang.InterruptedException: sleep interrupted
2019-10-17 08:20:00,378 [grpc-default-executor-4] INFO  impl.RoleInfo (RoleInfo.java:updateAndGet(143)) - f164ec13-c99a-4402-99d5-4f3aeeeb4a39: start FollowerState
2019-10-17 08:20:00,379 [Thread-832] INFO  impl.FollowerState (FollowerState.java:run(117)) - 99f6549c-1d76-4032-b481-991b9a8ccf89@group-5EA4F818FACE-FollowerState was interrupted: java.lang.InterruptedException: sleep interrupted
2019-10-17 08:20:00,378 [grpc-default-executor-11] INFO  impl.RoleInfo (RoleInfo.java:updateAndGet(143)) - 99f6549c-1d76-4032-b481-991b9a8ccf89: start FollowerState
2019-10-17 08:20:00,393 [704bfd07-5e75-419d-aba5-0f2927b551c8@group-5EA4F818FACE-LeaderElection38] INFO  impl.LeaderElection (LeaderElection.java:logAndReturn(56)) - 704bfd07-5e75-419d-aba5-0f2927b551c8@group-5EA4F818FACE-LeaderElection38: Election REJECTED; received 2 response(s) [704bfd07-5e75-419d-aba5-0f2927b551c8<-f164ec13-c99a-4402-99d5-4f3aeeeb4a39#0:FAIL-t32, 704bfd07-5e75-419d-aba5-0f2927b551c8<-99f6549c-1d76-4032-b481-991b9a8ccf89#0:FAIL-t32] and 0 exception(s); 704bfd07-5e75-419d-aba5-0f2927b551c8@group-5EA4F818FACE:t32, leader=null, voted=704bfd07-5e75-419d-aba5-0f2927b551c8, raftlog=704bfd07-5e75-419d-aba5-0f2927b551c8@group-5EA4F818FACE-SegmentedRaftLog:OPENED:c-1,f-1,i0, conf=-1: [704bfd07-5e75-419d-aba5-0f2927b551c8:192.168.34.62:33038, f164ec13-c99a-4402-99d5-4f3aeeeb4a39:192.168.34.62:44851, 99f6549c-1d76-4032-b481-991b9a8ccf89:192.168.34.62:46667], old=null
2019-10-17 08:20:00,393 [704bfd07-5e75-419d-aba5-0f2927b551c8@group-5EA4F818FACE-LeaderElection38] INFO  impl.RaftServerImpl (RaftServerImpl.java:setRole(184)) - 704bfd07-5e75-419d-aba5-0f2927b551c8@group-5EA4F818FACE: changes role from CANDIDATE to FOLLOWER at term 32 for DISCOVERED_A_NEW_TERM
2019-10-17 08:20:00,394 [704bfd07-5e75-419d-aba5-0f2927b551c8@group-5EA4F818FACE-LeaderElection38] INFO  impl.RoleInfo (RoleInfo.java:shutdownLeaderElection(134)) - 704bfd07-5e75-419d-aba5-0f2927b551c8: shutdown LeaderElection
2019-10-17 08:20:00,394 [704bfd07-5e75-419d-aba5-0f2927b551c8@group-5EA4F818FACE-LeaderElection38] INFO  impl.RoleInfo (RoleInfo.java:updateAndGet(143)) - 704bfd07-5e75-419d-aba5-0f2927b551c8: start FollowerState
2019-10-17 08:20:00,519 [Thread-839] INFO  impl.FollowerState (FollowerState.java:run(108)) - 704bfd07-5e75-419d-aba5-0f2927b551c8@group-5EA4F818FACE-FollowerState: change to CANDIDATE, lastRpcTime:125ms, electionTimeout:125ms
2019-10-17 08:20:00,520 [Thread-839] INFO  impl.RoleInfo (RoleInfo.java:shutdownFollowerState(121)) - 704bfd07-5e75-419d-aba5-0f2927b551c8: shutdown FollowerState
2019-10-17 08:20:00,520 [Thread-839] INFO  impl.RaftServerImpl (RaftServerImpl.java:setRole(184)) - 704bfd07-5e75-419d-aba5-0f2927b551c8@group-5EA4F818FACE: changes role from  FOLLOWER to CANDIDATE at term 32 for changeToCandidate
2019-10-17 08:20:00,520 [Thread-839] INFO  impl.RoleInfo (RoleInfo.java:updateAndGet(143)) - 704bfd07-5e75-419d-aba5-0f2927b551c8: start LeaderElection
2019-10-17 08:20:00,537 [704bfd07-5e75-419d-aba5-0f2927b551c8@group-5EA4F818FACE-LeaderElection39] INFO  impl.LeaderElection (LeaderElection.java:askForVotes(178)) - 704bfd07-5e75-419d-aba5-0f2927b551c8@group-5EA4F818FACE-LeaderElection39: begin an election at term 33 for -1: [704bfd07-5e75-419d-aba5-0f2927b551c8:192.168.34.62:33038, f164ec13-c99a-4402-99d5-4f3aeeeb4a39:192.168.34.62:44851, 99f6549c-1d76-4032-b481-991b9a8ccf89:192.168.34.62:46667], old=null
2019-10-17 08:20:00,539 [grpc-default-executor-4] INFO  impl.RaftServerImpl (RaftServerImpl.java:setRole(184)) - f164ec13-c99a-4402-99d5-4f3aeeeb4a39@group-5EA4F818FACE: changes role from  FOLLOWER to FOLLOWER at term 33 for recognizeCandidate:704bfd07-5e75-419d-aba5-0f2927b551c8
2019-10-17 08:20:00,540 [grpc-default-executor-4] INFO  impl.RoleInfo (RoleInfo.java:shutdownFollowerState(121)) - f164ec13-c99a-4402-99d5-4f3aeeeb4a39: shutdown FollowerState
2019-10-17 08:20:00,540 [grpc-default-executor-4] INFO  impl.RoleInfo (RoleInfo.java:updateAndGet(143)) - f164ec13-c99a-4402-99d5-4f3aeeeb4a39: start FollowerState
2019-10-17 08:20:00,540 [Thread-837] INFO  impl.FollowerState (FollowerState.java:run(117)) - f164ec13-c99a-4402-99d5-4f3aeeeb4a39@group-5EA4F818FACE-FollowerState was interrupted: java.lang.InterruptedException: sleep interrupted
2019-10-17 08:20:00,540 [grpc-default-executor-11] INFO  impl.RaftServerImpl (RaftServerImpl.java:setRole(184)) - 99f6549c-1d76-4032-b481-991b9a8ccf89@group-5EA4F818FACE: changes role from  FOLLOWER to FOLLOWER at term 33 for recognizeCandidate:704bfd07-5e75-419d-aba5-0f2927b551c8
2019-10-17 08:20:00,540 [grpc-default-executor-11] INFO  impl.RoleInfo (RoleInfo.java:shutdownFollowerState(121)) - 99f6549c-1d76-4032-b481-991b9a8ccf89: shutdown FollowerState
2019-10-17 08:20:00,540 [grpc-default-executor-11] INFO  impl.RoleInfo (RoleInfo.java:updateAndGet(143)) - 99f6549c-1d76-4032-b481-991b9a8ccf89: start FollowerState
2019-10-17 08:20:00,540 [Thread-838] INFO  impl.FollowerState (FollowerState.java:run(117)) - 99f6549c-1d76-4032-b481-991b9a8ccf89@group-5EA4F818FACE-FollowerState was interrupted: java.lang.InterruptedException: sleep interrupted
2019-10-17 08:20:00,555 [704bfd07-5e75-419d-aba5-0f2927b551c8@group-5EA4F818FACE-LeaderElection39] INFO  impl.LeaderElection (LeaderElection.java:logAndReturn(56)) - 704bfd07-5e75-419d-aba5-0f2927b551c8@group-5EA4F818FACE-LeaderElection39: Election REJECTED; received 2 response(s) [704bfd07-5e75-419d-aba5-0f2927b551c8<-f164ec13-c99a-4402-99d5-4f3aeeeb4a39#0:FAIL-t33, 704bfd07-5e75-419d-aba5-0f2927b551c8<-99f6549c-1d76-4032-b481-991b9a8ccf89#0:FAIL-t33] and 0 exception(s); 704bfd07-5e75-419d-aba5-0f2927b551c8@group-5EA4F818FACE:t33, leader=null, voted=704bfd07-5e75-419d-aba5-0f2927b551c8, raftlog=704bfd07-5e75-419d-aba5-0f2927b551c8@group-5EA4F818FACE-SegmentedRaftLog:OPENED:c-1,f-1,i0, conf=-1: [704bfd07-5e75-419d-aba5-0f2927b551c8:192.168.34.62:33038, f164ec13-c99a-4402-99d5-4f3aeeeb4a39:192.168.34.62:44851, 99f6549c-1d76-4032-b481-991b9a8ccf89:192.168.34.62:46667], old=null
2019-10-17 08:20:00,555 [704bfd07-5e75-419d-aba5-0f2927b551c8@group-5EA4F818FACE-LeaderElection39] INFO  impl.RaftServerImpl (RaftServerImpl.java:setRole(184)) - 704bfd07-5e75-419d-aba5-0f2927b551c8@group-5EA4F818FACE: changes role from CANDIDATE to FOLLOWER at term 33 for DISCOVERED_A_NEW_TERM
2019-10-17 08:20:00,556 [704bfd07-5e75-419d-aba5-0f2927b551c8@group-5EA4F818FACE-LeaderElection39] INFO  impl.RoleInfo (RoleInfo.java:shutdownLeaderElection(134)) - 704bfd07-5e75-419d-aba5-0f2927b551c8: shutdown LeaderElection
2019-10-17 08:20:00,556 [704bfd07-5e75-419d-aba5-0f2927b551c8@group-5EA4F818FACE-LeaderElection39] INFO  impl.RoleInfo (RoleInfo.java:updateAndGet(143)) - 704bfd07-5e75-419d-aba5-0f2927b551c8: start FollowerState
2019-10-17 08:20:00,693 [Thread-845] INFO  impl.FollowerState (FollowerState.java:run(108)) - 704bfd07-5e75-419d-aba5-0f2927b551c8@group-5EA4F818FACE-FollowerState: change to CANDIDATE, lastRpcTime:137ms, electionTimeout:137ms
2019-10-17 08:20:00,693 [Thread-845] INFO  impl.RoleInfo (RoleInfo.java:shutdownFollowerState(121)) - 704bfd07-5e75-419d-aba5-0f2927b551c8: shutdown FollowerState
2019-10-17 08:20:00,694 [Thread-845] INFO  impl.RaftServerImpl (RaftServerImpl.java:setRole(184)) - 704bfd07-5e75-419d-aba5-0f2927b551c8@group-5EA4F818FACE: changes role from  FOLLOWER to CANDIDATE at term 33 for changeToCandidate
2019-10-17 08:20:00,694 [Thread-845] INFO  impl.RoleInfo (RoleInfo.java:updateAndGet(143)) - 704bfd07-5e75-419d-aba5-0f2927b551c8: start LeaderElection
2019-10-17 08:20:00,707 [704bfd07-5e75-419d-aba5-0f2927b551c8@group-5EA4F818FACE-LeaderElection40] INFO  impl.LeaderElection (LeaderElection.java:askForVotes(178)) - 704bfd07-5e75-419d-aba5-0f2927b551c8@group-5EA4F818FACE-LeaderElection40: begin an election at term 34 for -1: [704bfd07-5e75-419d-aba5-0f2927b551c8:192.168.34.62:33038, f164ec13-c99a-4402-99d5-4f3aeeeb4a39:192.168.34.62:44851, 99f6549c-1d76-4032-b481-991b9a8ccf89:192.168.34.62:46667], old=null
2019-10-17 08:20:00,710 [grpc-default-executor-11] INFO  impl.RaftServerImpl (RaftServerImpl.java:setRole(184)) - 99f6549c-1d76-4032-b481-991b9a8ccf89@group-5EA4F818FACE: changes role from  FOLLOWER to FOLLOWER at term 34 for recognizeCandidate:704bfd07-5e75-419d-aba5-0f2927b551c8
2019-10-17 08:20:00,710 [grpc-default-executor-11] INFO  impl.RoleInfo (RoleInfo.java:shutdownFollowerState(121)) - 99f6549c-1d76-4032-b481-991b9a8ccf89: shutdown FollowerState
2019-10-17 08:20:00,710 [grpc-default-executor-4] INFO  impl.RaftServerImpl (RaftServerImpl.java:setRole(184)) - f164ec13-c99a-4402-99d5-4f3aeeeb4a39@group-5EA4F818FACE: changes role from  FOLLOWER to FOLLOWER at term 34 for recognizeCandidate:704bfd07-5e75-419d-aba5-0f2927b551c8
2019-10-17 08:20:00,710 [Thread-844] INFO  impl.FollowerState (FollowerState.java:run(117)) - 99f6549c-1d76-4032-b481-991b9a8ccf89@group-5EA4F818FACE-FollowerState was interrupted: java.lang.InterruptedException: sleep interrupted
2019-10-17 08:20:00,710 [grpc-default-executor-11] INFO  impl.RoleInfo (RoleInfo.java:updateAndGet(143)) - 99f6549c-1d76-4032-b481-991b9a8ccf89: start FollowerState
2019-10-17 08:20:00,710 [grpc-default-executor-4] INFO  impl.RoleInfo (RoleInfo.java:shutdownFollowerState(121)) - f164ec13-c99a-4402-99d5-4f3aeeeb4a39: shutdown FollowerState
2019-10-17 08:20:00,711 [grpc-default-executor-4] INFO  impl.RoleInfo (RoleInfo.java:updateAndGet(143)) - f164ec13-c99a-4402-99d5-4f3aeeeb4a39: start FollowerState
2019-10-17 08:20:00,711 [Thread-843] INFO  impl.FollowerState (FollowerState.java:run(117)) - f164ec13-c99a-4402-99d5-4f3aeeeb4a39@group-5EA4F818FACE-FollowerState was interrupted: java.lang.InterruptedException: sleep interrupted
2019-10-17 08:20:00,725 [704bfd07-5e75-419d-aba5-0f2927b551c8@group-5EA4F818FACE-LeaderElection40] INFO  impl.LeaderElection (LeaderElection.java:logAndReturn(56)) - 704bfd07-5e75-419d-aba5-0f2927b551c8@group-5EA4F818FACE-LeaderElection40: Election REJECTED; received 2 response(s) [704bfd07-5e75-419d-aba5-0f2927b551c8<-f164ec13-c99a-4402-99d5-4f3aeeeb4a39#0:FAIL-t34, 704bfd07-5e75-419d-aba5-0f2927b551c8<-99f6549c-1d76-4032-b481-991b9a8ccf89#0:FAIL-t34] and 0 exception(s); 704bfd07-5e75-419d-aba5-0f2927b551c8@group-5EA4F818FACE:t34, leader=null, voted=704bfd07-5e75-419d-aba5-0f2927b551c8, raftlog=704bfd07-5e75-419d-aba5-0f2927b551c8@group-5EA4F818FACE-SegmentedRaftLog:OPENED:c-1,f-1,i0, conf=-1: [704bfd07-5e75-419d-aba5-0f2927b551c8:192.168.34.62:33038, f164ec13-c99a-4402-99d5-4f3aeeeb4a39:192.168.34.62:44851, 99f6549c-1d76-4032-b481-991b9a8ccf89:192.168.34.62:46667], old=null
2019-10-17 08:20:00,725 [704bfd07-5e75-419d-aba5-0f2927b551c8@group-5EA4F818FACE-LeaderElection40] INFO  impl.RaftServerImpl (RaftServerImpl.java:setRole(184)) - 704bfd07-5e75-419d-aba5-0f2927b551c8@group-5EA4F818FACE: changes role from CANDIDATE to FOLLOWER at term 34 for DISCOVERED_A_NEW_TERM
2019-10-17 08:20:00,725 [704bfd07-5e75-419d-aba5-0f2927b551c8@group-5EA4F818FACE-LeaderElection40] INFO  impl.RoleInfo (RoleInfo.java:shutdownLeaderElection(134)) - 704bfd07-5e75-419d-aba5-0f2927b551c8: shutdown LeaderElection
2019-10-17 08:20:00,725 [704bfd07-5e75-419d-aba5-0f2927b551c8@group-5EA4F818FACE-LeaderElection40] INFO  impl.RoleInfo (RoleInfo.java:updateAndGet(143)) - 704bfd07-5e75-419d-aba5-0f2927b551c8: start FollowerState
2019-10-17 08:20:00,862 [Thread-851] INFO  impl.FollowerState (FollowerState.java:run(108)) - 704bfd07-5e75-419d-aba5-0f2927b551c8@group-5EA4F818FACE-FollowerState: change to CANDIDATE, lastRpcTime:136ms, electionTimeout:136ms
2019-10-17 08:20:00,862 [Thread-851] INFO  impl.RoleInfo (RoleInfo.java:shutdownFollowerState(121)) - 704bfd07-5e75-419d-aba5-0f2927b551c8: shutdown FollowerState
2019-10-17 08:20:00,862 [Thread-851] INFO  impl.RaftServerImpl (RaftServerImpl.java:setRole(184)) - 704bfd07-5e75-419d-aba5-0f2927b551c8@group-5EA4F818FACE: changes role from  FOLLOWER to CANDIDATE at term 34 for changeToCandidate
2019-10-17 08:20:00,862 [Thread-851] INFO  impl.RoleInfo (RoleInfo.java:updateAndGet(143)) - 704bfd07-5e75-419d-aba5-0f2927b551c8: start LeaderElection
2019-10-17 08:20:00,876 [704bfd07-5e75-419d-aba5-0f2927b551c8@group-5EA4F818FACE-LeaderElection41] INFO  impl.LeaderElection (LeaderElection.java:askForVotes(178)) - 704bfd07-5e75-419d-aba5-0f2927b551c8@group-5EA4F818FACE-LeaderElection41: begin an election at term 35 for -1: [704bfd07-5e75-419d-aba5-0f2927b551c8:192.168.34.62:33038, f164ec13-c99a-4402-99d5-4f3aeeeb4a39:192.168.34.62:44851, 99f6549c-1d76-4032-b481-991b9a8ccf89:192.168.34.62:46667], old=null
2019-10-17 08:20:00,878 [grpc-default-executor-4] INFO  impl.RaftServerImpl (RaftServerImpl.java:setRole(184)) - f164ec13-c99a-4402-99d5-4f3aeeeb4a39@group-5EA4F818FACE: changes role from  FOLLOWER to FOLLOWER at term 35 for recognizeCandidate:704bfd07-5e75-419d-aba5-0f2927b551c8
2019-10-17 08:20:00,878 [grpc-default-executor-4] INFO  impl.RoleInfo (RoleInfo.java:shutdownFollowerState(121)) - f164ec13-c99a-4402-99d5-4f3aeeeb4a39: shutdown FollowerState
2019-10-17 08:20:00,879 [grpc-default-executor-4] INFO  impl.RoleInfo (RoleInfo.java:updateAndGet(143)) - f164ec13-c99a-4402-99d5-4f3aeeeb4a39: start FollowerState
2019-10-17 08:20:00,879 [Thread-850] INFO  impl.FollowerState (FollowerState.java:run(117)) - f164ec13-c99a-4402-99d5-4f3aeeeb4a39@group-5EA4F818FACE-FollowerState was interrupted: java.lang.InterruptedException: sleep interrupted
2019-10-17 08:20:00,879 [grpc-default-executor-11] INFO  impl.RaftServerImpl (RaftServerImpl.java:setRole(184)) - 99f6549c-1d76-4032-b481-991b9a8ccf89@group-5EA4F818FACE: changes role from  FOLLOWER to FOLLOWER at term 35 for recognizeCandidate:704bfd07-5e75-419d-aba5-0f2927b551c8
2019-10-17 08:20:00,879 [grpc-default-executor-11] INFO  impl.RoleInfo (RoleInfo.java:shutdownFollowerState(121)) - 99f6549c-1d76-4032-b481-991b9a8ccf89: shutdown FollowerState
2019-10-17 08:20:00,879 [grpc-default-executor-11] INFO  impl.RoleInfo (RoleInfo.java:updateAndGet(143)) - 99f6549c-1d76-4032-b481-991b9a8ccf89: start FollowerState
2019-10-17 08:20:00,879 [Thread-849] INFO  impl.FollowerState (FollowerState.java:run(117)) - 99f6549c-1d76-4032-b481-991b9a8ccf89@group-5EA4F818FACE-FollowerState was interrupted: java.lang.InterruptedException: sleep interrupted
2019-10-17 08:20:00,896 [704bfd07-5e75-419d-aba5-0f2927b551c8@group-5EA4F818FACE-LeaderElection41] INFO  impl.LeaderElection (LeaderElection.java:logAndReturn(56)) - 704bfd07-5e75-419d-aba5-0f2927b551c8@group-5EA4F818FACE-LeaderElection41: Election REJECTED; received 2 response(s) [704bfd07-5e75-419d-aba5-0f2927b551c8<-f164ec13-c99a-4402-99d5-4f3aeeeb4a39#0:FAIL-t35, 704bfd07-5e75-419d-aba5-0f2927b551c8<-99f6549c-1d76-4032-b481-991b9a8ccf89#0:FAIL-t35] and 0 exception(s); 704bfd07-5e75-419d-aba5-0f2927b551c8@group-5EA4F818FACE:t35, leader=null, voted=704bfd07-5e75-419d-aba5-0f2927b551c8, raftlog=704bfd07-5e75-419d-aba5-0f2927b551c8@group-5EA4F818FACE-SegmentedRaftLog:OPENED:c-1,f-1,i0, conf=-1: [704bfd07-5e75-419d-aba5-0f2927b551c8:192.168.34.62:33038, f164ec13-c99a-4402-99d5-4f3aeeeb4a39:192.168.34.62:44851, 99f6549c-1d76-4032-b481-991b9a8ccf89:192.168.34.62:46667], old=null
2019-10-17 08:20:00,896 [704bfd07-5e75-419d-aba5-0f2927b551c8@group-5EA4F818FACE-LeaderElection41] INFO  impl.RaftServerImpl (RaftServerImpl.java:setRole(184)) - 704bfd07-5e75-419d-aba5-0f2927b551c8@group-5EA4F818FACE: changes role from CANDIDATE to FOLLOWER at term 35 for DISCOVERED_A_NEW_TERM
2019-10-17 08:20:01,016 [704bfd07-5e75-419d-aba5-0f2927b551c8@group-5EA4F818FACE-LeaderElection41] INFO  impl.RoleInfo (RoleInfo.java:shutdownLeaderElection(134)) - 704bfd07-5e75-419d-aba5-0f2927b551c8: shutdown LeaderElection
2019-10-17 08:20:01,022 [704bfd07-5e75-419d-aba5-0f2927b551c8@group-5EA4F818FACE-LeaderElection41] INFO  impl.RoleInfo (RoleInfo.java:updateAndGet(143)) - 704bfd07-5e75-419d-aba5-0f2927b551c8: start FollowerState
 0.00% |?                                                                                                    |  0/1 Time: 0:00:012019-10-17 08:20:01,134 [Thread-857] INFO  impl.FollowerState (FollowerState.java:run(108)) - 704bfd07-5e75-419d-aba5-0f2927b551c8@group-5EA4F818FACE-FollowerState: change to CANDIDATE, lastRpcTime:112ms, electionTimeout:81ms
2019-10-17 08:20:01,135 [Thread-857] INFO  impl.RoleInfo (RoleInfo.java:shutdownFollowerState(121)) - 704bfd07-5e75-419d-aba5-0f2927b551c8: shutdown FollowerState
2019-10-17 08:20:01,135 [Thread-857] INFO  impl.RaftServerImpl (RaftServerImpl.java:setRole(184)) - 704bfd07-5e75-419d-aba5-0f2927b551c8@group-5EA4F818FACE: changes role from  FOLLOWER to CANDIDATE at term 35 for changeToCandidate
2019-10-17 08:20:01,135 [Thread-857] INFO  impl.RoleInfo (RoleInfo.java:updateAndGet(143)) - 704bfd07-5e75-419d-aba5-0f2927b551c8: start LeaderElection
2019-10-17 08:20:01,149 [704bfd07-5e75-419d-aba5-0f2927b551c8@group-5EA4F818FACE-LeaderElection42] INFO  impl.LeaderElection (LeaderElection.java:askForVotes(178)) - 704bfd07-5e75-419d-aba5-0f2927b551c8@group-5EA4F818FACE-LeaderElection42: begin an election at term 36 for -1: [704bfd07-5e75-419d-aba5-0f2927b551c8:192.168.34.62:33038, f164ec13-c99a-4402-99d5-4f3aeeeb4a39:192.168.34.62:44851, 99f6549c-1d76-4032-b481-991b9a8ccf89:192.168.34.62:46667], old=null
2019-10-17 08:20:01,152 [grpc-default-executor-4] INFO  impl.RaftServerImpl (RaftServerImpl.java:setRole(184)) - f164ec13-c99a-4402-99d5-4f3aeeeb4a39@group-5EA4F818FACE: changes role from  FOLLOWER to FOLLOWER at term 36 for recognizeCandidate:704bfd07-5e75-419d-aba5-0f2927b551c8
2019-10-17 08:20:01,152 [grpc-default-executor-4] INFO  impl.RoleInfo (RoleInfo.java:shutdownFollowerState(121)) - f164ec13-c99a-4402-99d5-4f3aeeeb4a39: shutdown FollowerState
2019-10-17 08:20:01,152 [grpc-default-executor-4] INFO  impl.RoleInfo (RoleInfo.java:updateAndGet(143)) - f164ec13-c99a-4402-99d5-4f3aeeeb4a39: start FollowerState
2019-10-17 08:20:01,152 [grpc-default-executor-11] INFO  impl.RaftServerImpl (RaftServerImpl.java:setRole(184)) - 99f6549c-1d76-4032-b481-991b9a8ccf89@group-5EA4F818FACE: changes role from  FOLLOWER to FOLLOWER at term 36 for recognizeCandidate:704bfd07-5e75-419d-aba5-0f2927b551c8
2019-10-17 08:20:01,152 [grpc-default-executor-11] INFO  impl.RoleInfo (RoleInfo.java:shutdownFollowerState(121)) - 99f6549c-1d76-4032-b481-991b9a8ccf89: shutdown FollowerState
2019-10-17 08:20:01,152 [Thread-855] INFO  impl.FollowerState (FollowerState.java:run(117)) - f164ec13-c99a-4402-99d5-4f3aeeeb4a39@group-5EA4F818FACE-FollowerState was interrupted: java.lang.InterruptedException: sleep interrupted
2019-10-17 08:20:01,153 [Thread-856] INFO  impl.FollowerState (FollowerState.java:run(117)) - 99f6549c-1d76-4032-b481-991b9a8ccf89@group-5EA4F818FACE-FollowerState was interrupted: java.lang.InterruptedException: sleep interrupted
2019-10-17 08:20:01,153 [grpc-default-executor-11] INFO  impl.RoleInfo (RoleInfo.java:updateAndGet(143)) - 99f6549c-1d76-4032-b481-991b9a8ccf89: start FollowerState
2019-10-17 08:20:01,167 [704bfd07-5e75-419d-aba5-0f2927b551c8@group-5EA4F818FACE-LeaderElection42] INFO  impl.LeaderElection (LeaderElection.java:logAndReturn(56)) - 704bfd07-5e75-419d-aba5-0f2927b551c8@group-5EA4F818FACE-LeaderElection42: Election REJECTED; received 2 response(s) [704bfd07-5e75-419d-aba5-0f2927b551c8<-f164ec13-c99a-4402-99d5-4f3aeeeb4a39#0:FAIL-t36, 704bfd07-5e75-419d-aba5-0f2927b551c8<-99f6549c-1d76-4032-b481-991b9a8ccf89#0:FAIL-t36] and 0 exception(s); 704bfd07-5e75-419d-aba5-0f2927b551c8@group-5EA4F818FACE:t36, leader=null, voted=704bfd07-5e75-419d-aba5-0f2927b551c8, raftlog=704bfd07-5e75-419d-aba5-0f2927b551c8@group-5EA4F818FACE-SegmentedRaftLog:OPENED:c-1,f-1,i0, conf=-1: [704bfd07-5e75-419d-aba5-0f2927b551c8:192.168.34.62:33038, f164ec13-c99a-4402-99d5-4f3aeeeb4a39:192.168.34.62:44851, 99f6549c-1d76-4032-b481-991b9a8ccf89:192.168.34.62:46667], old=null
2019-10-17 08:20:01,168 [704bfd07-5e75-419d-aba5-0f2927b551c8@group-5EA4F818FACE-LeaderElection42] INFO  impl.RaftServerImpl (RaftServerImpl.java:setRole(184)) - 704bfd07-5e75-419d-aba5-0f2927b551c8@group-5EA4F818FACE: changes role from CANDIDATE to FOLLOWER at term 36 for DISCOVERED_A_NEW_TERM
2019-10-17 08:20:01,168 [704bfd07-5e75-419d-aba5-0f2927b551c8@group-5EA4F818FACE-LeaderElection42] INFO  impl.RoleInfo (RoleInfo.java:shutdownLeaderElection(134)) - 704bfd07-5e75-419d-aba5-0f2927b551c8: shutdown LeaderElection
2019-10-17 08:20:01,168 [704bfd07-5e75-419d-aba5-0f2927b551c8@group-5EA4F818FACE-LeaderElection42] INFO  impl.RoleInfo (RoleInfo.java:updateAndGet(143)) - 704bfd07-5e75-419d-aba5-0f2927b551c8: start FollowerState
2019-10-17 08:20:01,285 [Thread-863] INFO  impl.FollowerState (FollowerState.java:run(108)) - 704bfd07-5e75-419d-aba5-0f2927b551c8@group-5EA4F818FACE-FollowerState: change to CANDIDATE, lastRpcTime:117ms, electionTimeout:117ms
2019-10-17 08:20:01,286 [Thread-863] INFO  impl.RoleInfo (RoleInfo.java:shutdownFollowerState(121)) - 704bfd07-5e75-419d-aba5-0f2927b551c8: shutdown FollowerState
2019-10-17 08:20:01,286 [Thread-863] INFO  impl.RaftServerImpl (RaftServerImpl.java:setRole(184)) - 704bfd07-5e75-419d-aba5-0f2927b551c8@group-5EA4F818FACE: changes role from  FOLLOWER to CANDIDATE at term 36 for changeToCandidate
2019-10-17 08:20:01,286 [Thread-863] INFO  impl.RoleInfo (RoleInfo.java:updateAndGet(143)) - 704bfd07-5e75-419d-aba5-0f2927b551c8: start LeaderElection
2019-10-17 08:20:01,300 [704bfd07-5e75-419d-aba5-0f2927b551c8@group-5EA4F818FACE-LeaderElection43] INFO  impl.LeaderElection (LeaderElection.java:askForVotes(178)) - 704bfd07-5e75-419d-aba5-0f2927b551c8@group-5EA4F818FACE-LeaderElection43: begin an election at term 37 for -1: [704bfd07-5e75-419d-aba5-0f2927b551c8:192.168.34.62:33038, f164ec13-c99a-4402-99d5-4f3aeeeb4a39:192.168.34.62:44851, 99f6549c-1d76-4032-b481-991b9a8ccf89:192.168.34.62:46667], old=null
2019-10-17 08:20:01,304 [grpc-default-executor-4] INFO  impl.RaftServerImpl (RaftServerImpl.java:setRole(184)) - f164ec13-c99a-4402-99d5-4f3aeeeb4a39@group-5EA4F818FACE: changes role from  FOLLOWER to FOLLOWER at term 37 for recognizeCandidate:704bfd07-5e75-419d-aba5-0f2927b551c8
2019-10-17 08:20:01,304 [grpc-default-executor-11] INFO  impl.RaftServerImpl (RaftServerImpl.java:setRole(184)) - 99f6549c-1d76-4032-b481-991b9a8ccf89@group-5EA4F818FACE: changes role from  FOLLOWER to FOLLOWER at term 37 for recognizeCandidate:704bfd07-5e75-419d-aba5-0f2927b551c8
2019-10-17 08:20:01,304 [grpc-default-executor-4] INFO  impl.RoleInfo (RoleInfo.java:shutdownFollowerState(121)) - f164ec13-c99a-4402-99d5-4f3aeeeb4a39: shutdown FollowerState
2019-10-17 08:20:01,304 [grpc-default-executor-11] INFO  impl.RoleInfo (RoleInfo.java:shutdownFollowerState(121)) - 99f6549c-1d76-4032-b481-991b9a8ccf89: shutdown FollowerState
2019-10-17 08:20:01,304 [Thread-861] INFO  impl.FollowerState (FollowerState.java:run(117)) - f164ec13-c99a-4402-99d5-4f3aeeeb4a39@group-5EA4F818FACE-FollowerState was interrupted: java.lang.InterruptedException: sleep interrupted
2019-10-17 08:20:01,305 [grpc-default-executor-11] INFO  impl.RoleInfo (RoleInfo.java:updateAndGet(143)) - 99f6549c-1d76-4032-b481-991b9a8ccf89: start FollowerState
2019-10-17 08:20:01,304 [grpc-default-executor-4] INFO  impl.RoleInfo (RoleInfo.java:updateAndGet(143)) - f164ec13-c99a-4402-99d5-4f3aeeeb4a39: start FollowerState
2019-10-17 08:20:01,305 [Thread-862] INFO  impl.FollowerState (FollowerState.java:run(117)) - 99f6549c-1d76-4032-b481-991b9a8ccf89@group-5EA4F818FACE-FollowerState was interrupted: java.lang.InterruptedException: sleep interrupted
2019-10-17 08:20:01,322 [704bfd07-5e75-419d-aba5-0f2927b551c8@group-5EA4F818FACE-LeaderElection43] INFO  impl.LeaderElection (LeaderElection.java:logAndReturn(56)) - 704bfd07-5e75-419d-aba5-0f2927b551c8@group-5EA4F818FACE-LeaderElection43: Election REJECTED; received 2 response(s) [704bfd07-5e75-419d-aba5-0f2927b551c8<-f164ec13-c99a-4402-99d5-4f3aeeeb4a39#0:FAIL-t37, 704bfd07-5e75-419d-aba5-0f2927b551c8<-99f6549c-1d76-4032-b481-991b9a8ccf89#0:FAIL-t37] and 0 exception(s); 704bfd07-5e75-419d-aba5-0f2927b551c8@group-5EA4F818FACE:t37, leader=null, voted=704bfd07-5e75-419d-aba5-0f2927b551c8, raftlog=704bfd07-5e75-419d-aba5-0f2927b551c8@group-5EA4F818FACE-SegmentedRaftLog:OPENED:c-1,f-1,i0, conf=-1: [704bfd07-5e75-419d-aba5-0f2927b551c8:192.168.34.62:33038, f164ec13-c99a-4402-99d5-4f3aeeeb4a39:192.168.34.62:44851, 99f6549c-1d76-4032-b481-991b9a8ccf89:192.168.34.62:46667], old=null
2019-10-17 08:20:01,323 [704bfd07-5e75-419d-aba5-0f2927b551c8@group-5EA4F818FACE-LeaderElection43] INFO  impl.RaftServerImpl (RaftServerImpl.java:setRole(184)) - 704bfd07-5e75-419d-aba5-0f2927b551c8@group-5EA4F818FACE: changes role from CANDIDATE to FOLLOWER at term 37 for DISCOVERED_A_NEW_TERM
2019-10-17 08:20:01,323 [704bfd07-5e75-419d-aba5-0f2927b551c8@group-5EA4F818FACE-LeaderElection43] INFO  impl.RoleInfo (RoleInfo.java:shutdownLeaderElection(134)) - 704bfd07-5e75-419d-aba5-0f2927b551c8: shutdown LeaderElection
2019-10-17 08:20:01,323 [704bfd07-5e75-419d-aba5-0f2927b551c8@group-5EA4F818FACE-LeaderElection43] INFO  impl.RoleInfo (RoleInfo.java:updateAndGet(143)) - 704bfd07-5e75-419d-aba5-0f2927b551c8: start FollowerState
2019-10-17 08:20:01,358 [Thread-869] INFO  impl.FollowerState (FollowerState.java:run(108)) - 704bfd07-5e75-419d-aba5-0f2927b551c8@group-5EA4F818FACE-FollowerState: change to CANDIDATE, lastRpcTime:35ms, electionTimeout:35ms
2019-10-17 08:20:01,359 [Thread-869] INFO  impl.RoleInfo (RoleInfo.java:shutdownFollowerState(121)) - 704bfd07-5e75-419d-aba5-0f2927b551c8: shutdown FollowerState
2019-10-17 08:20:01,359 [Thread-869] INFO  impl.RaftServerImpl (RaftServerImpl.java:setRole(184)) - 704bfd07-5e75-419d-aba5-0f2927b551c8@group-5EA4F818FACE: changes role from  FOLLOWER to CANDIDATE at term 37 for changeToCandidate
2019-10-17 08:20:01,359 [Thread-869] INFO  impl.RoleInfo (RoleInfo.java:updateAndGet(143)) - 704bfd07-5e75-419d-aba5-0f2927b551c8: start LeaderElection
2019-10-17 08:20:01,373 [704bfd07-5e75-419d-aba5-0f2927b551c8@group-5EA4F818FACE-LeaderElection44] INFO  impl.LeaderElection (LeaderElection.java:askForVotes(178)) - 704bfd07-5e75-419d-aba5-0f2927b551c8@group-5EA4F818FACE-LeaderElection44: begin an election at term 38 for -1: [704bfd07-5e75-419d-aba5-0f2927b551c8:192.168.34.62:33038, f164ec13-c99a-4402-99d5-4f3aeeeb4a39:192.168.34.62:44851, 99f6549c-1d76-4032-b481-991b9a8ccf89:192.168.34.62:46667], old=null
2019-10-17 08:20:01,375 [grpc-default-executor-4] INFO  impl.RaftServerImpl (RaftServerImpl.java:setRole(184)) - f164ec13-c99a-4402-99d5-4f3aeeeb4a39@group-5EA4F818FACE: changes role from  FOLLOWER to FOLLOWER at term 38 for recognizeCandidate:704bfd07-5e75-419d-aba5-0f2927b551c8
2019-10-17 08:20:01,375 [grpc-default-executor-4] INFO  impl.RoleInfo (RoleInfo.java:shutdownFollowerState(121)) - f164ec13-c99a-4402-99d5-4f3aeeeb4a39: shutdown FollowerState
2019-10-17 08:20:01,375 [grpc-default-executor-11] INFO  impl.RaftServerImpl (RaftServerImpl.java:setRole(184)) - 99f6549c-1d76-4032-b481-991b9a8ccf89@group-5EA4F818FACE: changes role from  FOLLOWER to FOLLOWER at term 38 for recognizeCandidate:704bfd07-5e75-419d-aba5-0f2927b551c8
2019-10-17 08:20:01,375 [Thread-867] INFO  impl.FollowerState (FollowerState.java:run(117)) - f164ec13-c99a-4402-99d5-4f3aeeeb4a39@group-5EA4F818FACE-FollowerState was interrupted: java.lang.InterruptedException: sleep interrupted
2019-10-17 08:20:01,376 [grpc-default-executor-11] INFO  impl.RoleInfo (RoleInfo.java:shutdownFollowerState(121)) - 99f6549c-1d76-4032-b481-991b9a8ccf89: shutdown FollowerState
2019-10-17 08:20:01,375 [grpc-default-executor-4] INFO  impl.RoleInfo (RoleInfo.java:updateAndGet(143)) - f164ec13-c99a-4402-99d5-4f3aeeeb4a39: start FollowerState
2019-10-17 08:20:01,376 [Thread-868] INFO  impl.FollowerState (FollowerState.java:run(117)) - 99f6549c-1d76-4032-b481-991b9a8ccf89@group-5EA4F818FACE-FollowerState was interrupted: java.lang.InterruptedException: sleep interrupted
2019-10-17 08:20:01,376 [grpc-default-executor-11] INFO  impl.RoleInfo (RoleInfo.java:updateAndGet(143)) - 99f6549c-1d76-4032-b481-991b9a8ccf89: start FollowerState
2019-10-17 08:20:01,398 [704bfd07-5e75-419d-aba5-0f2927b551c8@group-5EA4F818FACE-LeaderElection44] INFO  impl.LeaderElection (LeaderElection.java:logAndReturn(56)) - 704bfd07-5e75-419d-aba5-0f2927b551c8@group-5EA4F818FACE-LeaderElection44: Election REJECTED; received 2 response(s) [704bfd07-5e75-419d-aba5-0f2927b551c8<-f164ec13-c99a-4402-99d5-4f3aeeeb4a39#0:FAIL-t38, 704bfd07-5e75-419d-aba5-0f2927b551c8<-99f6549c-1d76-4032-b481-991b9a8ccf89#0:FAIL-t38] and 0 exception(s); 704bfd07-5e75-419d-aba5-0f2927b551c8@group-5EA4F818FACE:t38, leader=null, voted=704bfd07-5e75-419d-aba5-0f2927b551c8, raftlog=704bfd07-5e75-419d-aba5-0f2927b551c8@group-5EA4F818FACE-SegmentedRaftLog:OPENED:c-1,f-1,i0, conf=-1: [704bfd07-5e75-419d-aba5-0f2927b551c8:192.168.34.62:33038, f164ec13-c99a-4402-99d5-4f3aeeeb4a39:192.168.34.62:44851, 99f6549c-1d76-4032-b481-991b9a8ccf89:192.168.34.62:46667], old=null
2019-10-17 08:20:01,398 [704bfd07-5e75-419d-aba5-0f2927b551c8@group-5EA4F818FACE-LeaderElection44] INFO  impl.RaftServerImpl (RaftServerImpl.java:setRole(184)) - 704bfd07-5e75-419d-aba5-0f2927b551c8@group-5EA4F818FACE: changes role from CANDIDATE to FOLLOWER at term 38 for DISCOVERED_A_NEW_TERM
2019-10-17 08:20:01,398 [704bfd07-5e75-419d-aba5-0f2927b551c8@group-5EA4F818FACE-LeaderElection44] INFO  impl.RoleInfo (RoleInfo.java:shutdownLeaderElection(134)) - 704bfd07-5e75-419d-aba5-0f2927b551c8: shutdown LeaderElection
2019-10-17 08:20:01,398 [704bfd07-5e75-419d-aba5-0f2927b551c8@group-5EA4F818FACE-LeaderElection44] INFO  impl.RoleInfo (RoleInfo.java:updateAndGet(143)) - 704bfd07-5e75-419d-aba5-0f2927b551c8: start FollowerState
2019-10-17 08:20:01,401 [Thread-875] INFO  impl.FollowerState (FollowerState.java:run(108)) - 704bfd07-5e75-419d-aba5-0f2927b551c8@group-5EA4F818FACE-FollowerState: change to CANDIDATE, lastRpcTime:2ms, electionTimeout:2ms
2019-10-17 08:20:01,401 [Thread-875] INFO  impl.RoleInfo (RoleInfo.java:shutdownFollowerState(121)) - 704bfd07-5e75-419d-aba5-0f2927b551c8: shutdown FollowerState
2019-10-17 08:20:01,401 [Thread-875] INFO  impl.RaftServerImpl (RaftServerImpl.java:setRole(184)) - 704bfd07-5e75-419d-aba5-0f2927b551c8@group-5EA4F818FACE: changes role from  FOLLOWER to CANDIDATE at term 38 for changeToCandidate
2019-10-17 08:20:01,401 [Thread-875] INFO  impl.RoleInfo (RoleInfo.java:updateAndGet(143)) - 704bfd07-5e75-419d-aba5-0f2927b551c8: start LeaderElection
2019-10-17 08:20:01,410 [704bfd07-5e75-419d-aba5-0f2927b551c8@group-5EA4F818FACE-LeaderElection45] INFO  impl.LeaderElection (LeaderElection.java:askForVotes(178)) - 704bfd07-5e75-419d-aba5-0f2927b551c8@group-5EA4F818FACE-LeaderElection45: begin an election at term 39 for -1: [704bfd07-5e75-419d-aba5-0f2927b551c8:192.168.34.62:33038, f164ec13-c99a-4402-99d5-4f3aeeeb4a39:192.168.34.62:44851, 99f6549c-1d76-4032-b481-991b9a8ccf89:192.168.34.62:46667], old=null
2019-10-17 08:20:01,413 [grpc-default-executor-11] INFO  impl.RaftServerImpl (RaftServerImpl.java:setRole(184)) - f164ec13-c99a-4402-99d5-4f3aeeeb4a39@group-5EA4F818FACE: changes role from  FOLLOWER to FOLLOWER at term 39 for recognizeCandidate:704bfd07-5e75-419d-aba5-0f2927b551c8
2019-10-17 08:20:01,413 [grpc-default-executor-11] INFO  impl.RoleInfo (RoleInfo.java:shutdownFollowerState(121)) - f164ec13-c99a-4402-99d5-4f3aeeeb4a39: shutdown FollowerState
2019-10-17 08:20:01,413 [grpc-default-executor-4] INFO  impl.RaftServerImpl (RaftServerImpl.java:setRole(184)) - 99f6549c-1d76-4032-b481-991b9a8ccf89@group-5EA4F818FACE: changes role from  FOLLOWER to FOLLOWER at term 39 for recognizeCandidate:704bfd07-5e75-419d-aba5-0f2927b551c8
2019-10-17 08:20:01,413 [Thread-873] INFO  impl.FollowerState (FollowerState.java:run(117)) - f164ec13-c99a-4402-99d5-4f3aeeeb4a39@group-5EA4F818FACE-FollowerState was interrupted: java.lang.InterruptedException: sleep interrupted
2019-10-17 08:20:01,413 [grpc-default-executor-11] INFO  impl.RoleInfo (RoleInfo.java:updateAndGet(143)) - f164ec13-c99a-4402-99d5-4f3aeeeb4a39: start FollowerState
2019-10-17 08:20:01,413 [grpc-default-executor-4] INFO  impl.RoleInfo (RoleInfo.java:shutdownFollowerState(121)) - 99f6549c-1d76-4032-b481-991b9a8ccf89: shutdown FollowerState
2019-10-17 08:20:01,414 [grpc-default-executor-4] INFO  impl.RoleInfo (RoleInfo.java:updateAndGet(143)) - 99f6549c-1d76-4032-b481-991b9a8ccf89: start FollowerState
2019-10-17 08:20:01,414 [Thread-874] INFO  impl.FollowerState (FollowerState.java:run(117)) - 99f6549c-1d76-4032-b481-991b9a8ccf89@group-5EA4F818FACE-FollowerState was interrupted: java.lang.InterruptedException: sleep interrupted
2019-10-17 08:20:01,431 [704bfd07-5e75-419d-aba5-0f2927b551c8@group-5EA4F818FACE-LeaderElection45] INFO  impl.LeaderElection (LeaderElection.java:logAndReturn(56)) - 704bfd07-5e75-419d-aba5-0f2927b551c8@group-5EA4F818FACE-LeaderElection45: Election REJECTED; received 2 response(s) [704bfd07-5e75-419d-aba5-0f2927b551c8<-f164ec13-c99a-4402-99d5-4f3aeeeb4a39#0:FAIL-t39, 704bfd07-5e75-419d-aba5-0f2927b551c8<-99f6549c-1d76-4032-b481-991b9a8ccf89#0:FAIL-t39] and 0 exception(s); 704bfd07-5e75-419d-aba5-0f2927b551c8@group-5EA4F818FACE:t39, leader=null, voted=704bfd07-5e75-419d-aba5-0f2927b551c8, raftlog=704bfd07-5e75-419d-aba5-0f2927b551c8@group-5EA4F818FACE-SegmentedRaftLog:OPENED:c-1,f-1,i0, conf=-1: [704bfd07-5e75-419d-aba5-0f2927b551c8:192.168.34.62:33038, f164ec13-c99a-4402-99d5-4f3aeeeb4a39:192.168.34.62:44851, 99f6549c-1d76-4032-b481-991b9a8ccf89:192.168.34.62:46667], old=null
2019-10-17 08:20:01,431 [704bfd07-5e75-419d-aba5-0f2927b551c8@group-5EA4F818FACE-LeaderElection45] INFO  impl.RaftServerImpl (RaftServerImpl.java:setRole(184)) - 704bfd07-5e75-419d-aba5-0f2927b551c8@group-5EA4F818FACE: changes role from CANDIDATE to FOLLOWER at term 39 for DISCOVERED_A_NEW_TERM
2019-10-17 08:20:01,431 [704bfd07-5e75-419d-aba5-0f2927b551c8@group-5EA4F818FACE-LeaderElection45] INFO  impl.RoleInfo (RoleInfo.java:shutdownLeaderElection(134)) - 704bfd07-5e75-419d-aba5-0f2927b551c8: shutdown LeaderElection
2019-10-17 08:20:01,431 [704bfd07-5e75-419d-aba5-0f2927b551c8@group-5EA4F818FACE-LeaderElection45] INFO  impl.RoleInfo (RoleInfo.java:updateAndGet(143)) - 704bfd07-5e75-419d-aba5-0f2927b551c8: start FollowerState
2019-10-17 08:20:01,610 [Thread-881] INFO  impl.FollowerState (FollowerState.java:run(108)) - 704bfd07-5e75-419d-aba5-0f2927b551c8@group-5EA4F818FACE-FollowerState: change to CANDIDATE, lastRpcTime:178ms, electionTimeout:178ms
2019-10-17 08:20:01,610 [Thread-881] INFO  impl.RoleInfo (RoleInfo.java:shutdownFollowerState(121)) - 704bfd07-5e75-419d-aba5-0f2927b551c8: shutdown FollowerState
2019-10-17 08:20:01,610 [Thread-881] INFO  impl.RaftServerImpl (RaftServerImpl.java:setRole(184)) - 704bfd07-5e75-419d-aba5-0f2927b551c8@group-5EA4F818FACE: changes role from  FOLLOWER to CANDIDATE at term 39 for changeToCandidate
2019-10-17 08:20:01,610 [Thread-881] INFO  impl.RoleInfo (RoleInfo.java:updateAndGet(143)) - 704bfd07-5e75-419d-aba5-0f2927b551c8: start LeaderElection
2019-10-17 08:20:01,625 [704bfd07-5e75-419d-aba5-0f2927b551c8@group-5EA4F818FACE-LeaderElection46] INFO  impl.LeaderElection (LeaderElection.java:askForVotes(178)) - 704bfd07-5e75-419d-aba5-0f2927b551c8@group-5EA4F818FACE-LeaderElection46: begin an election at term 40 for -1: [704bfd07-5e75-419d-aba5-0f2927b551c8:192.168.34.62:33038, f164ec13-c99a-4402-99d5-4f3aeeeb4a39:192.168.34.62:44851, 99f6549c-1d76-4032-b481-991b9a8ccf89:192.168.34.62:46667], old=null
2019-10-17 08:20:01,628 [grpc-default-executor-4] INFO  impl.RaftServerImpl (RaftServerImpl.java:setRole(184)) - f164ec13-c99a-4402-99d5-4f3aeeeb4a39@group-5EA4F818FACE: changes role from  FOLLOWER to FOLLOWER at term 40 for recognizeCandidate:704bfd07-5e75-419d-aba5-0f2927b551c8
2019-10-17 08:20:01,628 [grpc-default-executor-4] INFO  impl.RoleInfo (RoleInfo.java:shutdownFollowerState(121)) - f164ec13-c99a-4402-99d5-4f3aeeeb4a39: shutdown FollowerState
2019-10-17 08:20:01,628 [grpc-default-executor-4] INFO  impl.RoleInfo (RoleInfo.java:updateAndGet(143)) - f164ec13-c99a-4402-99d5-4f3aeeeb4a39: start FollowerState
2019-10-17 08:20:01,628 [Thread-879] INFO  impl.FollowerState (FollowerState.java:run(117)) - f164ec13-c99a-4402-99d5-4f3aeeeb4a39@group-5EA4F818FACE-FollowerState was interrupted: java.lang.InterruptedException: sleep interrupted
2019-10-17 08:20:01,628 [grpc-default-executor-11] INFO  impl.RaftServerImpl (RaftServerImpl.java:setRole(184)) - 99f6549c-1d76-4032-b481-991b9a8ccf89@group-5EA4F818FACE: changes role from  FOLLOWER to FOLLOWER at term 40 for recognizeCandidate:704bfd07-5e75-419d-aba5-0f2927b551c8
2019-10-17 08:20:01,629 [grpc-default-executor-11] INFO  impl.RoleInfo (RoleInfo.java:shutdownFollowerState(121)) - 99f6549c-1d76-4032-b481-991b9a8ccf89: shutdown FollowerState
2019-10-17 08:20:01,629 [grpc-default-executor-11] INFO  impl.RoleInfo (RoleInfo.java:updateAndGet(143)) - 99f6549c-1d76-4032-b481-991b9a8ccf89: start FollowerState
2019-10-17 08:20:01,629 [Thread-880] INFO  impl.FollowerState (FollowerState.java:run(117)) - 99f6549c-1d76-4032-b481-991b9a8ccf89@group-5EA4F818FACE-FollowerState was interrupted: java.lang.InterruptedException: sleep interrupted
2019-10-17 08:20:01,649 [704bfd07-5e75-419d-aba5-0f2927b551c8@group-5EA4F818FACE-LeaderElection46] INFO  impl.LeaderElection (LeaderElection.java:logAndReturn(56)) - 704bfd07-5e75-419d-aba5-0f2927b551c8@group-5EA4F818FACE-LeaderElection46: Election REJECTED; received 2 response(s) [704bfd07-5e75-419d-aba5-0f2927b551c8<-f164ec13-c99a-4402-99d5-4f3aeeeb4a39#0:FAIL-t40, 704bfd07-5e75-419d-aba5-0f2927b551c8<-99f6549c-1d76-4032-b481-991b9a8ccf89#0:FAIL-t40] and 0 exception(s); 704bfd07-5e75-419d-aba5-0f2927b551c8@group-5EA4F818FACE:t40, leader=null, voted=704bfd07-5e75-419d-aba5-0f2927b551c8, raftlog=704bfd07-5e75-419d-aba5-0f2927b551c8@group-5EA4F818FACE-SegmentedRaftLog:OPENED:c-1,f-1,i0, conf=-1: [704bfd07-5e75-419d-aba5-0f2927b551c8:192.168.34.62:33038, f164ec13-c99a-4402-99d5-4f3aeeeb4a39:192.168.34.62:44851, 99f6549c-1d76-4032-b481-991b9a8ccf89:192.168.34.62:46667], old=null
2019-10-17 08:20:01,650 [704bfd07-5e75-419d-aba5-0f2927b551c8@group-5EA4F818FACE-LeaderElection46] INFO  impl.RaftServerImpl (RaftServerImpl.java:setRole(184)) - 704bfd07-5e75-419d-aba5-0f2927b551c8@group-5EA4F818FACE: changes role from CANDIDATE to FOLLOWER at term 40 for DISCOVERED_A_NEW_TERM
2019-10-17 08:20:01,650 [704bfd07-5e75-419d-aba5-0f2927b551c8@group-5EA4F818FACE-LeaderElection46] INFO  impl.RoleInfo (RoleInfo.java:shutdownLeaderElection(134)) - 704bfd07-5e75-419d-aba5-0f2927b551c8: shutdown LeaderElection
2019-10-17 08:20:01,650 [704bfd07-5e75-419d-aba5-0f2927b551c8@group-5EA4F818FACE-LeaderElection46] INFO  impl.RoleInfo (RoleInfo.java:updateAndGet(143)) - 704bfd07-5e75-419d-aba5-0f2927b551c8: start FollowerState
2019-10-17 08:20:01,783 [Thread-887] INFO  impl.FollowerState (FollowerState.java:run(108)) - 704bfd07-5e75-419d-aba5-0f2927b551c8@group-5EA4F818FACE-FollowerState: change to CANDIDATE, lastRpcTime:132ms, electionTimeout:132ms
2019-10-17 08:20:01,783 [Thread-887] INFO  impl.RoleInfo (RoleInfo.java:shutdownFollowerState(121)) - 704bfd07-5e75-419d-aba5-0f2927b551c8: shutdown FollowerState
2019-10-17 08:20:01,783 [Thread-887] INFO  impl.RaftServerImpl (RaftServerImpl.java:setRole(184)) - 704bfd07-5e75-419d-aba5-0f2927b551c8@group-5EA4F818FACE: changes role from  FOLLOWER to CANDIDATE at term 40 for changeToCandidate
2019-10-17 08:20:01,783 [Thread-887] INFO  impl.RoleInfo (RoleInfo.java:updateAndGet(143)) - 704bfd07-5e75-419d-aba5-0f2927b551c8: start LeaderElection
2019-10-17 08:20:01,797 [704bfd07-5e75-419d-aba5-0f2927b551c8@group-5EA4F818FACE-LeaderElection47] INFO  impl.LeaderElection (LeaderElection.java:askForVotes(178)) - 704bfd07-5e75-419d-aba5-0f2927b551c8@group-5EA4F818FACE-LeaderElection47: begin an election at term 41 for -1: [704bfd07-5e75-419d-aba5-0f2927b551c8:192.168.34.62:33038, f164ec13-c99a-4402-99d5-4f3aeeeb4a39:192.168.34.62:44851, 99f6549c-1d76-4032-b481-991b9a8ccf89:192.168.34.62:46667], old=null
2019-10-17 08:20:01,801 [grpc-default-executor-4] INFO  impl.RaftServerImpl (RaftServerImpl.java:setRole(184)) - 99f6549c-1d76-4032-b481-991b9a8ccf89@group-5EA4F818FACE: changes role from  FOLLOWER to FOLLOWER at term 41 for recognizeCandidate:704bfd07-5e75-419d-aba5-0f2927b551c8
2019-10-17 08:20:01,801 [grpc-default-executor-11] INFO  impl.RaftServerImpl (RaftServerImpl.java:setRole(184)) - f164ec13-c99a-4402-99d5-4f3aeeeb4a39@group-5EA4F818FACE: changes role from  FOLLOWER to FOLLOWER at term 41 for recognizeCandidate:704bfd07-5e75-419d-aba5-0f2927b551c8
2019-10-17 08:20:01,801 [grpc-default-executor-4] INFO  impl.RoleInfo (RoleInfo.java:shutdownFollowerState(121)) - 99f6549c-1d76-4032-b481-991b9a8ccf89: shutdown FollowerState
2019-10-17 08:20:01,801 [grpc-default-executor-11] INFO  impl.RoleInfo (RoleInfo.java:shutdownFollowerState(121)) - f164ec13-c99a-4402-99d5-4f3aeeeb4a39: shutdown FollowerState
2019-10-17 08:20:01,801 [Thread-886] INFO  impl.FollowerState (FollowerState.java:run(117)) - 99f6549c-1d76-4032-b481-991b9a8ccf89@group-5EA4F818FACE-FollowerState was interrupted: java.lang.InterruptedException: sleep interrupted
2019-10-17 08:20:01,801 [grpc-default-executor-4] INFO  impl.RoleInfo (RoleInfo.java:updateAndGet(143)) - 99f6549c-1d76-4032-b481-991b9a8ccf89: start FollowerState
2019-10-17 08:20:01,802 [Thread-885] INFO  impl.FollowerState (FollowerState.java:run(117)) - f164ec13-c99a-4402-99d5-4f3aeeeb4a39@group-5EA4F818FACE-FollowerState was interrupted: java.lang.InterruptedException: sleep interrupted
2019-10-17 08:20:01,802 [grpc-default-executor-11] INFO  impl.RoleInfo (RoleInfo.java:updateAndGet(143)) - f164ec13-c99a-4402-99d5-4f3aeeeb4a39: start FollowerState
2019-10-17 08:20:01,820 [704bfd07-5e75-419d-aba5-0f2927b551c8@group-5EA4F818FACE-LeaderElection47] INFO  impl.LeaderElection (LeaderElection.java:logAndReturn(56)) - 704bfd07-5e75-419d-aba5-0f2927b551c8@group-5EA4F818FACE-LeaderElection47: Election REJECTED; received 2 response(s) [704bfd07-5e75-419d-aba5-0f2927b551c8<-f164ec13-c99a-4402-99d5-4f3aeeeb4a39#0:FAIL-t41, 704bfd07-5e75-419d-aba5-0f2927b551c8<-99f6549c-1d76-4032-b481-991b9a8ccf89#0:FAIL-t41] and 0 exception(s); 704bfd07-5e75-419d-aba5-0f2927b551c8@group-5EA4F818FACE:t41, leader=null, voted=704bfd07-5e75-419d-aba5-0f2927b551c8, raftlog=704bfd07-5e75-419d-aba5-0f2927b551c8@group-5EA4F818FACE-SegmentedRaftLog:OPENED:c-1,f-1,i0, conf=-1: [704bfd07-5e75-419d-aba5-0f2927b551c8:192.168.34.62:33038, f164ec13-c99a-4402-99d5-4f3aeeeb4a39:192.168.34.62:44851, 99f6549c-1d76-4032-b481-991b9a8ccf89:192.168.34.62:46667], old=null
2019-10-17 08:20:01,820 [704bfd07-5e75-419d-aba5-0f2927b551c8@group-5EA4F818FACE-LeaderElection47] INFO  impl.RaftServerImpl (RaftServerImpl.java:setRole(184)) - 704bfd07-5e75-419d-aba5-0f2927b551c8@group-5EA4F818FACE: changes role from CANDIDATE to FOLLOWER at term 41 for DISCOVERED_A_NEW_TERM
2019-10-17 08:20:01,820 [704bfd07-5e75-419d-aba5-0f2927b551c8@group-5EA4F818FACE-LeaderElection47] INFO  impl.RoleInfo (RoleInfo.java:shutdownLeaderElection(134)) - 704bfd07-5e75-419d-aba5-0f2927b551c8: shutdown LeaderElection
2019-10-17 08:20:01,820 [704bfd07-5e75-419d-aba5-0f2927b551c8@group-5EA4F818FACE-LeaderElection47] INFO  impl.RoleInfo (RoleInfo.java:updateAndGet(143)) - 704bfd07-5e75-419d-aba5-0f2927b551c8: start FollowerState
2019-10-17 08:20:01,907 [Thread-893] INFO  impl.FollowerState (FollowerState.java:run(108)) - 704bfd07-5e75-419d-aba5-0f2927b551c8@group-5EA4F818FACE-FollowerState: change to CANDIDATE, lastRpcTime:86ms, electionTimeout:86ms
2019-10-17 08:20:01,907 [Thread-893] INFO  impl.RoleInfo (RoleInfo.java:shutdownFollowerState(121)) - 704bfd07-5e75-419d-aba5-0f2927b551c8: shutdown FollowerState
2019-10-17 08:20:01,907 [Thread-893] INFO  impl.RaftServerImpl (RaftServerImpl.java:setRole(184)) - 704bfd07-5e75-419d-aba5-0f2927b551c8@group-5EA4F818FACE: changes role from  FOLLOWER to CANDIDATE at term 41 for changeToCandidate
2019-10-17 08:20:01,907 [Thread-893] INFO  impl.RoleInfo (RoleInfo.java:updateAndGet(143)) - 704bfd07-5e75-419d-aba5-0f2927b551c8: start LeaderElection
2019-10-17 08:20:01,921 [704bfd07-5e75-419d-aba5-0f2927b551c8@group-5EA4F818FACE-LeaderElection48] INFO  impl.LeaderElection (LeaderElection.java:askForVotes(178)) - 704bfd07-5e75-419d-aba5-0f2927b551c8@group-5EA4F818FACE-LeaderElection48: begin an election at term 42 for -1: [704bfd07-5e75-419d-aba5-0f2927b551c8:192.168.34.62:33038, f164ec13-c99a-4402-99d5-4f3aeeeb4a39:192.168.34.62:44851, 99f6549c-1d76-4032-b481-991b9a8ccf89:192.168.34.62:46667], old=null
2019-10-17 08:20:01,923 [grpc-default-executor-4] INFO  impl.RaftServerImpl (RaftServerImpl.java:setRole(184)) - f164ec13-c99a-4402-99d5-4f3aeeeb4a39@group-5EA4F818FACE: changes role from  FOLLOWER to FOLLOWER at term 42 for recognizeCandidate:704bfd07-5e75-419d-aba5-0f2927b551c8
2019-10-17 08:20:01,924 [grpc-default-executor-4] INFO  impl.RoleInfo (RoleInfo.java:shutdownFollowerState(121)) - f164ec13-c99a-4402-99d5-4f3aeeeb4a39: shutdown FollowerState
2019-10-17 08:20:01,924 [grpc-default-executor-4] INFO  impl.RoleInfo (RoleInfo.java:updateAndGet(143)) - f164ec13-c99a-4402-99d5-4f3aeeeb4a39: start FollowerState
2019-10-17 08:20:01,924 [Thread-892] INFO  impl.FollowerState (FollowerState.java:run(117)) - f164ec13-c99a-4402-99d5-4f3aeeeb4a39@group-5EA4F818FACE-FollowerState was interrupted: java.lang.InterruptedException: sleep interrupted
2019-10-17 08:20:01,924 [grpc-default-executor-11] INFO  impl.RaftServerImpl (RaftServerImpl.java:setRole(184)) - 99f6549c-1d76-4032-b481-991b9a8ccf89@group-5EA4F818FACE: changes role from  FOLLOWER to FOLLOWER at term 42 for recognizeCandidate:704bfd07-5e75-419d-aba5-0f2927b551c8
2019-10-17 08:20:01,925 [grpc-default-executor-11] INFO  impl.RoleInfo (RoleInfo.java:shutdownFollowerState(121)) - 99f6549c-1d76-4032-b481-991b9a8ccf89: shutdown FollowerState
2019-10-17 08:20:01,925 [grpc-default-executor-11] INFO  impl.RoleInfo (RoleInfo.java:updateAndGet(143)) - 99f6549c-1d76-4032-b481-991b9a8ccf89: start FollowerState
2019-10-17 08:20:01,925 [Thread-891] INFO  impl.FollowerState (FollowerState.java:run(117)) - 99f6549c-1d76-4032-b481-991b9a8ccf89@group-5EA4F818FACE-FollowerState was interrupted: java.lang.InterruptedException: sleep interrupted
2019-10-17 08:20:01,939 [704bfd07-5e75-419d-aba5-0f2927b551c8@group-5EA4F818FACE-LeaderElection48] INFO  impl.LeaderElection (LeaderElection.java:logAndReturn(56)) - 704bfd07-5e75-419d-aba5-0f2927b551c8@group-5EA4F818FACE-LeaderElection48: Election REJECTED; received 2 response(s) [704bfd07-5e75-419d-aba5-0f2927b551c8<-f164ec13-c99a-4402-99d5-4f3aeeeb4a39#0:FAIL-t42, 704bfd07-5e75-419d-aba5-0f2927b551c8<-99f6549c-1d76-4032-b481-991b9a8ccf89#0:FAIL-t42] and 0 exception(s); 704bfd07-5e75-419d-aba5-0f2927b551c8@group-5EA4F818FACE:t42, leader=null, voted=704bfd07-5e75-419d-aba5-0f2927b551c8, raftlog=704bfd07-5e75-419d-aba5-0f2927b551c8@group-5EA4F818FACE-SegmentedRaftLog:OPENED:c-1,f-1,i0, conf=-1: [704bfd07-5e75-419d-aba5-0f2927b551c8:192.168.34.62:33038, f164ec13-c99a-4402-99d5-4f3aeeeb4a39:192.168.34.62:44851, 99f6549c-1d76-4032-b481-991b9a8ccf89:192.168.34.62:46667], old=null
2019-10-17 08:20:01,939 [704bfd07-5e75-419d-aba5-0f2927b551c8@group-5EA4F818FACE-LeaderElection48] INFO  impl.RaftServerImpl (RaftServerImpl.java:setRole(184)) - 704bfd07-5e75-419d-aba5-0f2927b551c8@group-5EA4F818FACE: changes role from CANDIDATE to FOLLOWER at term 42 for DISCOVERED_A_NEW_TERM
2019-10-17 08:20:01,939 [704bfd07-5e75-419d-aba5-0f2927b551c8@group-5EA4F818FACE-LeaderElection48] INFO  impl.RoleInfo (RoleInfo.java:shutdownLeaderElection(134)) - 704bfd07-5e75-419d-aba5-0f2927b551c8: shutdown LeaderElection
2019-10-17 08:20:01,939 [704bfd07-5e75-419d-aba5-0f2927b551c8@group-5EA4F818FACE-LeaderElection48] INFO  impl.RoleInfo (RoleInfo.java:updateAndGet(143)) - 704bfd07-5e75-419d-aba5-0f2927b551c8: start FollowerState
 0.00% |?                                                                                                    |  0/1 Time: 0:00:022019-10-17 08:20:02,087 [Thread-899] INFO  impl.FollowerState (FollowerState.java:run(108)) - 704bfd07-5e75-419d-aba5-0f2927b551c8@group-5EA4F818FACE-FollowerState: change to CANDIDATE, lastRpcTime:147ms, electionTimeout:147ms
2019-10-17 08:20:02,087 [Thread-899] INFO  impl.RoleInfo (RoleInfo.java:shutdownFollowerState(121)) - 704bfd07-5e75-419d-aba5-0f2927b551c8: shutdown FollowerState
2019-10-17 08:20:02,087 [Thread-899] INFO  impl.RaftServerImpl (RaftServerImpl.java:setRole(184)) - 704bfd07-5e75-419d-aba5-0f2927b551c8@group-5EA4F818FACE: changes role from  FOLLOWER to CANDIDATE at term 42 for changeToCandidate
2019-10-17 08:20:02,087 [Thread-899] INFO  impl.RoleInfo (RoleInfo.java:updateAndGet(143)) - 704bfd07-5e75-419d-aba5-0f2927b551c8: start LeaderElection
2019-10-17 08:20:02,102 [704bfd07-5e75-419d-aba5-0f2927b551c8@group-5EA4F818FACE-LeaderElection49] INFO  impl.LeaderElection (LeaderElection.java:askForVotes(178)) - 704bfd07-5e75-419d-aba5-0f2927b551c8@group-5EA4F818FACE-LeaderElection49: begin an election at term 43 for -1: [704bfd07-5e75-419d-aba5-0f2927b551c8:192.168.34.62:33038, f164ec13-c99a-4402-99d5-4f3aeeeb4a39:192.168.34.62:44851, 99f6549c-1d76-4032-b481-991b9a8ccf89:192.168.34.62:46667], old=null
2019-10-17 08:20:02,108 [grpc-default-executor-11] INFO  impl.RaftServerImpl (RaftServerImpl.java:setRole(184)) - 99f6549c-1d76-4032-b481-991b9a8ccf89@group-5EA4F818FACE: changes role from  FOLLOWER to FOLLOWER at term 43 for recognizeCandidate:704bfd07-5e75-419d-aba5-0f2927b551c8
2019-10-17 08:20:02,108 [grpc-default-executor-4] INFO  impl.RaftServerImpl (RaftServerImpl.java:setRole(184)) - f164ec13-c99a-4402-99d5-4f3aeeeb4a39@group-5EA4F818FACE: changes role from  FOLLOWER to FOLLOWER at term 43 for recognizeCandidate:704bfd07-5e75-419d-aba5-0f2927b551c8
2019-10-17 08:20:02,108 [grpc-default-executor-11] INFO  impl.RoleInfo (RoleInfo.java:shutdownFollowerState(121)) - 99f6549c-1d76-4032-b481-991b9a8ccf89: shutdown FollowerState
2019-10-17 08:20:02,109 [grpc-default-executor-4] INFO  impl.RoleInfo (RoleInfo.java:shutdownFollowerState(121)) - f164ec13-c99a-4402-99d5-4f3aeeeb4a39: shutdown FollowerState
2019-10-17 08:20:02,109 [Thread-898] INFO  impl.FollowerState (FollowerState.java:run(117)) - 99f6549c-1d76-4032-b481-991b9a8ccf89@group-5EA4F818FACE-FollowerState was interrupted: java.lang.InterruptedException: sleep interrupted
2019-10-17 08:20:02,109 [grpc-default-executor-11] INFO  impl.RoleInfo (RoleInfo.java:updateAndGet(143)) - 99f6549c-1d76-4032-b481-991b9a8ccf89: start FollowerState
2019-10-17 08:20:02,109 [Thread-897] INFO  impl.FollowerState (FollowerState.java:run(117)) - f164ec13-c99a-4402-99d5-4f3aeeeb4a39@group-5EA4F818FACE-FollowerState was interrupted: java.lang.InterruptedException: sleep interrupted
2019-10-17 08:20:02,109 [grpc-default-executor-4] INFO  impl.RoleInfo (RoleInfo.java:updateAndGet(143)) - f164ec13-c99a-4402-99d5-4f3aeeeb4a39: start FollowerState
2019-10-17 08:20:02,124 [704bfd07-5e75-419d-aba5-0f2927b551c8@group-5EA4F818FACE-LeaderElection49] INFO  impl.LeaderElection (LeaderElection.java:logAndReturn(56)) - 704bfd07-5e75-419d-aba5-0f2927b551c8@group-5EA4F818FACE-LeaderElection49: Election REJECTED; received 2 response(s) [704bfd07-5e75-419d-aba5-0f2927b551c8<-f164ec13-c99a-4402-99d5-4f3aeeeb4a39#0:FAIL-t43, 704bfd07-5e75-419d-aba5-0f2927b551c8<-99f6549c-1d76-4032-b481-991b9a8ccf89#0:FAIL-t43] and 0 exception(s); 704bfd07-5e75-419d-aba5-0f2927b551c8@group-5EA4F818FACE:t43, leader=null, voted=704bfd07-5e75-419d-aba5-0f2927b551c8, raftlog=704bfd07-5e75-419d-aba5-0f2927b551c8@group-5EA4F818FACE-SegmentedRaftLog:OPENED:c-1,f-1,i0, conf=-1: [704bfd07-5e75-419d-aba5-0f2927b551c8:192.168.34.62:33038, f164ec13-c99a-4402-99d5-4f3aeeeb4a39:192.168.34.62:44851, 99f6549c-1d76-4032-b481-991b9a8ccf89:192.168.34.62:46667], old=null
2019-10-17 08:20:02,124 [704bfd07-5e75-419d-aba5-0f2927b551c8@group-5EA4F818FACE-LeaderElection49] INFO  impl.RaftServerImpl (RaftServerImpl.java:setRole(184)) - 704bfd07-5e75-419d-aba5-0f2927b551c8@group-5EA4F818FACE: changes role from CANDIDATE to FOLLOWER at term 43 for DISCOVERED_A_NEW_TERM
2019-10-17 08:20:02,124 [704bfd07-5e75-419d-aba5-0f2927b551c8@group-5EA4F818FACE-LeaderElection49] INFO  impl.RoleInfo (RoleInfo.java:shutdownLeaderElection(134)) - 704bfd07-5e75-419d-aba5-0f2927b551c8: shutdown LeaderElection
2019-10-17 08:20:02,124 [704bfd07-5e75-419d-aba5-0f2927b551c8@group-5EA4F818FACE-LeaderElection49] INFO  impl.RoleInfo (RoleInfo.java:updateAndGet(143)) - 704bfd07-5e75-419d-aba5-0f2927b551c8: start FollowerState
2019-10-17 08:20:02,298 [Thread-905] INFO  impl.FollowerState (FollowerState.java:run(108)) - 704bfd07-5e75-419d-aba5-0f2927b551c8@group-5EA4F818FACE-FollowerState: change to CANDIDATE, lastRpcTime:173ms, electionTimeout:173ms
2019-10-17 08:20:02,298 [Thread-905] INFO  impl.RoleInfo (RoleInfo.java:shutdownFollowerState(121)) - 704bfd07-5e75-419d-aba5-0f2927b551c8: shutdown FollowerState
2019-10-17 08:20:02,298 [Thread-905] INFO  impl.RaftServerImpl (RaftServerImpl.java:setRole(184)) - 704bfd07-5e75-419d-aba5-0f2927b551c8@group-5EA4F818FACE: changes role from  FOLLOWER to CANDIDATE at term 43 for changeToCandidate
2019-10-17 08:20:02,298 [Thread-905] INFO  impl.RoleInfo (RoleInfo.java:updateAndGet(143)) - 704bfd07-5e75-419d-aba5-0f2927b551c8: start LeaderElection
2019-10-17 08:20:02,312 [704bfd07-5e75-419d-aba5-0f2927b551c8@group-5EA4F818FACE-LeaderElection50] INFO  impl.LeaderElection (LeaderElection.java:askForVotes(178)) - 704bfd07-5e75-419d-aba5-0f2927b551c8@group-5EA4F818FACE-LeaderElection50: begin an election at term 44 for -1: [704bfd07-5e75-419d-aba5-0f2927b551c8:192.168.34.62:33038, f164ec13-c99a-4402-99d5-4f3aeeeb4a39:192.168.34.62:44851, 99f6549c-1d76-4032-b481-991b9a8ccf89:192.168.34.62:46667], old=null
2019-10-17 08:20:02,316 [grpc-default-executor-4] INFO  impl.RaftServerImpl (RaftServerImpl.java:setRole(184)) - f164ec13-c99a-4402-99d5-4f3aeeeb4a39@group-5EA4F818FACE: changes role from  FOLLOWER to FOLLOWER at term 44 for recognizeCandidate:704bfd07-5e75-419d-aba5-0f2927b551c8
2019-10-17 08:20:02,316 [grpc-default-executor-4] INFO  impl.RoleInfo (RoleInfo.java:shutdownFollowerState(121)) - f164ec13-c99a-4402-99d5-4f3aeeeb4a39: shutdown FollowerState
2019-10-17 08:20:02,316 [grpc-default-executor-4] INFO  impl.RoleInfo (RoleInfo.java:updateAndGet(143)) - f164ec13-c99a-4402-99d5-4f3aeeeb4a39: start FollowerState
2019-10-17 08:20:02,316 [Thread-904] INFO  impl.FollowerState (FollowerState.java:run(117)) - f164ec13-c99a-4402-99d5-4f3aeeeb4a39@group-5EA4F818FACE-FollowerState was interrupted: java.lang.InterruptedException: sleep interrupted
2019-10-17 08:20:02,316 [grpc-default-executor-11] INFO  impl.RaftServerImpl (RaftServerImpl.java:setRole(184)) - 99f6549c-1d76-4032-b481-991b9a8ccf89@group-5EA4F818FACE: changes role from  FOLLOWER to FOLLOWER at term 44 for recognizeCandidate:704bfd07-5e75-419d-aba5-0f2927b551c8
2019-10-17 08:20:02,316 [grpc-default-executor-11] INFO  impl.RoleInfo (RoleInfo.java:shutdownFollowerState(121)) - 99f6549c-1d76-4032-b481-991b9a8ccf89: shutdown FollowerState
2019-10-17 08:20:02,317 [grpc-default-executor-11] INFO  impl.RoleInfo (RoleInfo.java:updateAndGet(143)) - 99f6549c-1d76-4032-b481-991b9a8ccf89: start FollowerState
2019-10-17 08:20:02,317 [Thread-903] INFO  impl.FollowerState (FollowerState.java:run(117)) - 99f6549c-1d76-4032-b481-991b9a8ccf89@group-5EA4F818FACE-FollowerState was interrupted: java.lang.InterruptedException: sleep interrupted
2019-10-17 08:20:02,331 [704bfd07-5e75-419d-aba5-0f2927b551c8@group-5EA4F818FACE-LeaderElection50] INFO  impl.LeaderElection (LeaderElection.java:logAndReturn(56)) - 704bfd07-5e75-419d-aba5-0f2927b551c8@group-5EA4F818FACE-LeaderElection50: Election REJECTED; received 2 response(s) [704bfd07-5e75-419d-aba5-0f2927b551c8<-f164ec13-c99a-4402-99d5-4f3aeeeb4a39#0:FAIL-t44, 704bfd07-5e75-419d-aba5-0f2927b551c8<-99f6549c-1d76-4032-b481-991b9a8ccf89#0:FAIL-t44] and 0 exception(s); 704bfd07-5e75-419d-aba5-0f2927b551c8@group-5EA4F818FACE:t44, leader=null, voted=704bfd07-5e75-419d-aba5-0f2927b551c8, raftlog=704bfd07-5e75-419d-aba5-0f2927b551c8@group-5EA4F818FACE-SegmentedRaftLog:OPENED:c-1,f-1,i0, conf=-1: [704bfd07-5e75-419d-aba5-0f2927b551c8:192.168.34.62:33038, f164ec13-c99a-4402-99d5-4f3aeeeb4a39:192.168.34.62:44851, 99f6549c-1d76-4032-b481-991b9a8ccf89:192.168.34.62:46667], old=null
2019-10-17 08:20:02,332 [704bfd07-5e75-419d-aba5-0f2927b551c8@group-5EA4F818FACE-LeaderElection50] INFO  impl.RaftServerImpl (RaftServerImpl.java:setRole(184)) - 704bfd07-5e75-419d-aba5-0f2927b551c8@group-5EA4F818FACE: changes role from CANDIDATE to FOLLOWER at term 44 for DISCOVERED_A_NEW_TERM
2019-10-17 08:20:02,332 [704bfd07-5e75-419d-aba5-0f2927b551c8@group-5EA4F818FACE-LeaderElection50] INFO  impl.RoleInfo (RoleInfo.java:shutdownLeaderElection(134)) - 704bfd07-5e75-419d-aba5-0f2927b551c8: shutdown LeaderElection
2019-10-17 08:20:02,332 [704bfd07-5e75-419d-aba5-0f2927b551c8@group-5EA4F818FACE-LeaderElection50] INFO  impl.RoleInfo (RoleInfo.java:updateAndGet(143)) - 704bfd07-5e75-419d-aba5-0f2927b551c8: start FollowerState
2019-10-17 08:20:02,467 [Thread-911] INFO  impl.FollowerState (FollowerState.java:run(108)) - 704bfd07-5e75-419d-aba5-0f2927b551c8@group-5EA4F818FACE-FollowerState: change to CANDIDATE, lastRpcTime:134ms, electionTimeout:134ms
2019-10-17 08:20:02,467 [Thread-911] INFO  impl.RoleInfo (RoleInfo.java:shutdownFollowerState(121)) - 704bfd07-5e75-419d-aba5-0f2927b551c8: shutdown FollowerState
2019-10-17 08:20:02,467 [Thread-911] INFO  impl.RaftServerImpl (RaftServerImpl.java:setRole(184)) - 704bfd07-5e75-419d-aba5-0f2927b551c8@group-5EA4F818FACE: changes role from  FOLLOWER to CANDIDATE at term 44 for changeToCandidate
2019-10-17 08:20:02,467 [Thread-911] INFO  impl.RoleInfo (RoleInfo.java:updateAndGet(143)) - 704bfd07-5e75-419d-aba5-0f2927b551c8: start LeaderElection
2019-10-17 08:20:02,489 [704bfd07-5e75-419d-aba5-0f2927b551c8@group-5EA4F818FACE-LeaderElection51] INFO  impl.LeaderElection (LeaderElection.java:askForVotes(178)) - 704bfd07-5e75-419d-aba5-0f2927b551c8@group-5EA4F818FACE-LeaderElection51: begin an election at term 45 for -1: [704bfd07-5e75-419d-aba5-0f2927b551c8:192.168.34.62:33038, f164ec13-c99a-4402-99d5-4f3aeeeb4a39:192.168.34.62:44851, 99f6549c-1d76-4032-b481-991b9a8ccf89:192.168.34.62:46667], old=null
2019-10-17 08:20:02,492 [grpc-default-executor-4] INFO  impl.RaftServerImpl (RaftServerImpl.java:setRole(184)) - f164ec13-c99a-4402-99d5-4f3aeeeb4a39@group-5EA4F818FACE: changes role from  FOLLOWER to FOLLOWER at term 45 for recognizeCandidate:704bfd07-5e75-419d-aba5-0f2927b551c8
2019-10-17 08:20:02,492 [grpc-default-executor-11] INFO  impl.RaftServerImpl (RaftServerImpl.java:setRole(184)) - 99f6549c-1d76-4032-b481-991b9a8ccf89@group-5EA4F818FACE: changes role from  FOLLOWER to FOLLOWER at term 45 for recognizeCandidate:704bfd07-5e75-419d-aba5-0f2927b551c8
2019-10-17 08:20:02,492 [grpc-default-executor-4] INFO  impl.RoleInfo (RoleInfo.java:shutdownFollowerState(121)) - f164ec13-c99a-4402-99d5-4f3aeeeb4a39: shutdown FollowerState
2019-10-17 08:20:02,492 [grpc-default-executor-11] INFO  impl.RoleInfo (RoleInfo.java:shutdownFollowerState(121)) - 99f6549c-1d76-4032-b481-991b9a8ccf89: shutdown FollowerState
2019-10-17 08:20:02,492 [Thread-909] INFO  impl.FollowerState (FollowerState.java:run(117)) - f164ec13-c99a-4402-99d5-4f3aeeeb4a39@group-5EA4F818FACE-FollowerState was interrupted: java.lang.InterruptedException: sleep interrupted
2019-10-17 08:20:02,493 [Thread-910] INFO  impl.FollowerState (FollowerState.java:run(117)) - 99f6549c-1d76-4032-b481-991b9a8ccf89@group-5EA4F818FACE-FollowerState was interrupted: java.lang.InterruptedException: sleep interrupted
2019-10-17 08:20:02,492 [grpc-default-executor-4] INFO  impl.RoleInfo (RoleInfo.java:updateAndGet(143)) - f164ec13-c99a-4402-99d5-4f3aeeeb4a39: start FollowerState
2019-10-17 08:20:02,492 [grpc-default-executor-11] INFO  impl.RoleInfo (RoleInfo.java:updateAndGet(143)) - 99f6549c-1d76-4032-b481-991b9a8ccf89: start FollowerState
2019-10-17 08:20:02,508 [704bfd07-5e75-419d-aba5-0f2927b551c8@group-5EA4F818FACE-LeaderElection51] INFO  impl.LeaderElection (LeaderElection.java:logAndReturn(56)) - 704bfd07-5e75-419d-aba5-0f2927b551c8@group-5EA4F818FACE-LeaderElection51: Election REJECTED; received 2 response(s) [704bfd07-5e75-419d-aba5-0f2927b551c8<-f164ec13-c99a-4402-99d5-4f3aeeeb4a39#0:FAIL-t45, 704bfd07-5e75-419d-aba5-0f2927b551c8<-99f6549c-1d76-4032-b481-991b9a8ccf89#0:FAIL-t45] and 0 exception(s); 704bfd07-5e75-419d-aba5-0f2927b551c8@group-5EA4F818FACE:t45, leader=null, voted=704bfd07-5e75-419d-aba5-0f2927b551c8, raftlog=704bfd07-5e75-419d-aba5-0f2927b551c8@group-5EA4F818FACE-SegmentedRaftLog:OPENED:c-1,f-1,i0, conf=-1: [704bfd07-5e75-419d-aba5-0f2927b551c8:192.168.34.62:33038, f164ec13-c99a-4402-99d5-4f3aeeeb4a39:192.168.34.62:44851, 99f6549c-1d76-4032-b481-991b9a8ccf89:192.168.34.62:46667], old=null
2019-10-17 08:20:02,508 [704bfd07-5e75-419d-aba5-0f2927b551c8@group-5EA4F818FACE-LeaderElection51] INFO  impl.RaftServerImpl (RaftServerImpl.java:setRole(184)) - 704bfd07-5e75-419d-aba5-0f2927b551c8@group-5EA4F818FACE: changes role from CANDIDATE to FOLLOWER at term 45 for DISCOVERED_A_NEW_TERM
2019-10-17 08:20:02,508 [704bfd07-5e75-419d-aba5-0f2927b551c8@group-5EA4F818FACE-LeaderElection51] INFO  impl.RoleInfo (RoleInfo.java:shutdownLeaderElection(134)) - 704bfd07-5e75-419d-aba5-0f2927b551c8: shutdown LeaderElection
2019-10-17 08:20:02,508 [704bfd07-5e75-419d-aba5-0f2927b551c8@group-5EA4F818FACE-LeaderElection51] INFO  impl.RoleInfo (RoleInfo.java:updateAndGet(143)) - 704bfd07-5e75-419d-aba5-0f2927b551c8: start FollowerState
2019-10-17 08:20:02,688 [Thread-917] INFO  impl.FollowerState (FollowerState.java:run(108)) - 704bfd07-5e75-419d-aba5-0f2927b551c8@group-5EA4F818FACE-FollowerState: change to CANDIDATE, lastRpcTime:179ms, electionTimeout:179ms
2019-10-17 08:20:02,688 [Thread-917] INFO  impl.RoleInfo (RoleInfo.java:shutdownFollowerState(121)) - 704bfd07-5e75-419d-aba5-0f2927b551c8: shutdown FollowerState
2019-10-17 08:20:02,688 [Thread-917] INFO  impl.RaftServerImpl (RaftServerImpl.java:setRole(184)) - 704bfd07-5e75-419d-aba5-0f2927b551c8@group-5EA4F818FACE: changes role from  FOLLOWER to CANDIDATE at term 45 for changeToCandidate
2019-10-17 08:20:02,688 [Thread-917] INFO  impl.RoleInfo (RoleInfo.java:updateAndGet(143)) - 704bfd07-5e75-419d-aba5-0f2927b551c8: start LeaderElection
2019-10-17 08:20:02,702 [704bfd07-5e75-419d-aba5-0f2927b551c8@group-5EA4F818FACE-LeaderElection52] INFO  impl.LeaderElection (LeaderElection.java:askForVotes(178)) - 704bfd07-5e75-419d-aba5-0f2927b551c8@group-5EA4F818FACE-LeaderElection52: begin an election at term 46 for -1: [704bfd07-5e75-419d-aba5-0f2927b551c8:192.168.34.62:33038, f164ec13-c99a-4402-99d5-4f3aeeeb4a39:192.168.34.62:44851, 99f6549c-1d76-4032-b481-991b9a8ccf89:192.168.34.62:46667], old=null
2019-10-17 08:20:02,706 [grpc-default-executor-4] INFO  impl.RaftServerImpl (RaftServerImpl.java:setRole(184)) - f164ec13-c99a-4402-99d5-4f3aeeeb4a39@group-5EA4F818FACE: changes role from  FOLLOWER to FOLLOWER at term 46 for recognizeCandidate:704bfd07-5e75-419d-aba5-0f2927b551c8
2019-10-17 08:20:02,706 [grpc-default-executor-4] INFO  impl.RoleInfo (RoleInfo.java:shutdownFollowerState(121)) - f164ec13-c99a-4402-99d5-4f3aeeeb4a39: shutdown FollowerState
2019-10-17 08:20:02,706 [grpc-default-executor-11] INFO  impl.RaftServerImpl (RaftServerImpl.java:setRole(184)) - 99f6549c-1d76-4032-b481-991b9a8ccf89@group-5EA4F818FACE: changes role from  FOLLOWER to FOLLOWER at term 46 for recognizeCandidate:704bfd07-5e75-419d-aba5-0f2927b551c8
2019-10-17 08:20:02,706 [Thread-915] INFO  impl.FollowerState (FollowerState.java:run(117)) - f164ec13-c99a-4402-99d5-4f3aeeeb4a39@group-5EA4F818FACE-FollowerState was interrupted: java.lang.InterruptedException: sleep interrupted
2019-10-17 08:20:02,706 [grpc-default-executor-4] INFO  impl.RoleInfo (RoleInfo.java:updateAndGet(143)) - f164ec13-c99a-4402-99d5-4f3aeeeb4a39: start FollowerState
2019-10-17 08:20:02,707 [grpc-default-executor-11] INFO  impl.RoleInfo (RoleInfo.java:shutdownFollowerState(121)) - 99f6549c-1d76-4032-b481-991b9a8ccf89: shutdown FollowerState
2019-10-17 08:20:02,707 [Thread-916] INFO  impl.FollowerState (FollowerState.java:run(117)) - 99f6549c-1d76-4032-b481-991b9a8ccf89@group-5EA4F818FACE-FollowerState was interrupted: java.lang.InterruptedException: sleep interrupted
2019-10-17 08:20:02,707 [grpc-default-executor-11] INFO  impl.RoleInfo (RoleInfo.java:updateAndGet(143)) - 99f6549c-1d76-4032-b481-991b9a8ccf89: start FollowerState
2019-10-17 08:20:02,722 [704bfd07-5e75-419d-aba5-0f2927b551c8@group-5EA4F818FACE-LeaderElection52] INFO  impl.LeaderElection (LeaderElection.java:logAndReturn(56)) - 704bfd07-5e75-419d-aba5-0f2927b551c8@group-5EA4F818FACE-LeaderElection52: Election REJECTED; received 2 response(s) [704bfd07-5e75-419d-aba5-0f2927b551c8<-f164ec13-c99a-4402-99d5-4f3aeeeb4a39#0:FAIL-t46, 704bfd07-5e75-419d-aba5-0f2927b551c8<-99f6549c-1d76-4032-b481-991b9a8ccf89#0:FAIL-t46] and 0 exception(s); 704bfd07-5e75-419d-aba5-0f2927b551c8@group-5EA4F818FACE:t46, leader=null, voted=704bfd07-5e75-419d-aba5-0f2927b551c8, raftlog=704bfd07-5e75-419d-aba5-0f2927b551c8@group-5EA4F818FACE-SegmentedRaftLog:OPENED:c-1,f-1,i0, conf=-1: [704bfd07-5e75-419d-aba5-0f2927b551c8:192.168.34.62:33038, f164ec13-c99a-4402-99d5-4f3aeeeb4a39:192.168.34.62:44851, 99f6549c-1d76-4032-b481-991b9a8ccf89:192.168.34.62:46667], old=null
2019-10-17 08:20:02,722 [704bfd07-5e75-419d-aba5-0f2927b551c8@group-5EA4F818FACE-LeaderElection52] INFO  impl.RaftServerImpl (RaftServerImpl.java:setRole(184)) - 704bfd07-5e75-419d-aba5-0f2927b551c8@group-5EA4F818FACE: changes role from CANDIDATE to FOLLOWER at term 46 for DISCOVERED_A_NEW_TERM
2019-10-17 08:20:02,722 [704bfd07-5e75-419d-aba5-0f2927b551c8@group-5EA4F818FACE-LeaderElection52] INFO  impl.RoleInfo (RoleInfo.java:shutdownLeaderElection(134)) - 704bfd07-5e75-419d-aba5-0f2927b551c8: shutdown LeaderElection
2019-10-17 08:20:02,722 [704bfd07-5e75-419d-aba5-0f2927b551c8@group-5EA4F818FACE-LeaderElection52] INFO  impl.RoleInfo (RoleInfo.java:updateAndGet(143)) - 704bfd07-5e75-419d-aba5-0f2927b551c8: start FollowerState
2019-10-17 08:20:02,919 [Thread-923] INFO  impl.FollowerState (FollowerState.java:run(108)) - 704bfd07-5e75-419d-aba5-0f2927b551c8@group-5EA4F818FACE-FollowerState: change to CANDIDATE, lastRpcTime:196ms, electionTimeout:196ms
2019-10-17 08:20:02,919 [Thread-923] INFO  impl.RoleInfo (RoleInfo.java:shutdownFollowerState(121)) - 704bfd07-5e75-419d-aba5-0f2927b551c8: shutdown FollowerState
2019-10-17 08:20:02,919 [Thread-923] INFO  impl.RaftServerImpl (RaftServerImpl.java:setRole(184)) - 704bfd07-5e75-419d-aba5-0f2927b551c8@group-5EA4F818FACE: changes role from  FOLLOWER to CANDIDATE at term 46 for changeToCandidate
2019-10-17 08:20:02,919 [Thread-923] INFO  impl.RoleInfo (RoleInfo.java:updateAndGet(143)) - 704bfd07-5e75-419d-aba5-0f2927b551c8: start LeaderElection
2019-10-17 08:20:02,933 [704bfd07-5e75-419d-aba5-0f2927b551c8@group-5EA4F818FACE-LeaderElection53] INFO  impl.LeaderElection (LeaderElection.java:askForVotes(178)) - 704bfd07-5e75-419d-aba5-0f2927b551c8@group-5EA4F818FACE-LeaderElection53: begin an election at term 47 for -1: [704bfd07-5e75-419d-aba5-0f2927b551c8:192.168.34.62:33038, f164ec13-c99a-4402-99d5-4f3aeeeb4a39:192.168.34.62:44851, 99f6549c-1d76-4032-b481-991b9a8ccf89:192.168.34.62:46667], old=null
2019-10-17 08:20:02,936 [grpc-default-executor-4] INFO  impl.RaftServerImpl (RaftServerImpl.java:setRole(184)) - 99f6549c-1d76-4032-b481-991b9a8ccf89@group-5EA4F818FACE: changes role from  FOLLOWER to FOLLOWER at term 47 for recognizeCandidate:704bfd07-5e75-419d-aba5-0f2927b551c8
2019-10-17 08:20:02,937 [grpc-default-executor-4] INFO  impl.RoleInfo (RoleInfo.java:shutdownFollowerState(121)) - 99f6549c-1d76-4032-b481-991b9a8ccf89: shutdown FollowerState
2019-10-17 08:20:02,937 [grpc-default-executor-4] INFO  impl.RoleInfo (RoleInfo.java:updateAndGet(143)) - 99f6549c-1d76-4032-b481-991b9a8ccf89: start FollowerState
2019-10-17 08:20:02,937 [grpc-default-executor-11] INFO  impl.RaftServerImpl (RaftServerImpl.java:setRole(184)) - f164ec13-c99a-4402-99d5-4f3aeeeb4a39@group-5EA4F818FACE: changes role from  FOLLOWER to FOLLOWER at term 47 for recognizeCandidate:704bfd07-5e75-419d-aba5-0f2927b551c8
2019-10-17 08:20:02,937 [Thread-922] INFO  impl.FollowerState (FollowerState.java:run(117)) - 99f6549c-1d76-4032-b481-991b9a8ccf89@group-5EA4F818FACE-FollowerState was interrupted: java.lang.InterruptedException: sleep interrupted
2019-10-17 08:20:02,937 [grpc-default-executor-11] INFO  impl.RoleInfo (RoleInfo.java:shutdownFollowerState(121)) - f164ec13-c99a-4402-99d5-4f3aeeeb4a39: shutdown FollowerState
2019-10-17 08:20:02,937 [Thread-921] INFO  impl.FollowerState (FollowerState.java:run(117)) - f164ec13-c99a-4402-99d5-4f3aeeeb4a39@group-5EA4F818FACE-FollowerState was interrupted: java.lang.InterruptedException: sleep interrupted
2019-10-17 08:20:02,937 [grpc-default-executor-11] INFO  impl.RoleInfo (RoleInfo.java:updateAndGet(143)) - f164ec13-c99a-4402-99d5-4f3aeeeb4a39: start FollowerState
2019-10-17 08:20:02,952 [704bfd07-5e75-419d-aba5-0f2927b551c8@group-5EA4F818FACE-LeaderElection53] INFO  impl.LeaderElection (LeaderElection.java:logAndReturn(56)) - 704bfd07-5e75-419d-aba5-0f2927b551c8@group-5EA4F818FACE-LeaderElection53: Election REJECTED; received 2 response(s) [704bfd07-5e75-419d-aba5-0f2927b551c8<-f164ec13-c99a-4402-99d5-4f3aeeeb4a39#0:FAIL-t47, 704bfd07-5e75-419d-aba5-0f2927b551c8<-99f6549c-1d76-4032-b481-991b9a8ccf89#0:FAIL-t47] and 0 exception(s); 704bfd07-5e75-419d-aba5-0f2927b551c8@group-5EA4F818FACE:t47, leader=null, voted=704bfd07-5e75-419d-aba5-0f2927b551c8, raftlog=704bfd07-5e75-419d-aba5-0f2927b551c8@group-5EA4F818FACE-SegmentedRaftLog:OPENED:c-1,f-1,i0, conf=-1: [704bfd07-5e75-419d-aba5-0f2927b551c8:192.168.34.62:33038, f164ec13-c99a-4402-99d5-4f3aeeeb4a39:192.168.34.62:44851, 99f6549c-1d76-4032-b481-991b9a8ccf89:192.168.34.62:46667], old=null
2019-10-17 08:20:02,953 [704bfd07-5e75-419d-aba5-0f2927b551c8@group-5EA4F818FACE-LeaderElection53] INFO  impl.RaftServerImpl (RaftServerImpl.java:setRole(184)) - 704bfd07-5e75-419d-aba5-0f2927b551c8@group-5EA4F818FACE: changes role from CANDIDATE to FOLLOWER at term 47 for DISCOVERED_A_NEW_TERM
2019-10-17 08:20:02,953 [704bfd07-5e75-419d-aba5-0f2927b551c8@group-5EA4F818FACE-LeaderElection53] INFO  impl.RoleInfo (RoleInfo.java:shutdownLeaderElection(134)) - 704bfd07-5e75-419d-aba5-0f2927b551c8: shutdown LeaderElection
2019-10-17 08:20:02,953 [704bfd07-5e75-419d-aba5-0f2927b551c8@group-5EA4F818FACE-LeaderElection53] INFO  impl.RoleInfo (RoleInfo.java:updateAndGet(143)) - 704bfd07-5e75-419d-aba5-0f2927b551c8: start FollowerState
 0.00% |?                                                                                                    |  0/1 Time: 0:00:032019-10-17 08:20:03,080 [Thread-929] INFO  impl.FollowerState (FollowerState.java:run(108)) - 704bfd07-5e75-419d-aba5-0f2927b551c8@group-5EA4F818FACE-FollowerState: change to CANDIDATE, lastRpcTime:126ms, electionTimeout:126ms
2019-10-17 08:20:03,080 [Thread-929] INFO  impl.RoleInfo (RoleInfo.java:shutdownFollowerState(121)) - 704bfd07-5e75-419d-aba5-0f2927b551c8: shutdown FollowerState
2019-10-17 08:20:03,080 [Thread-929] INFO  impl.RaftServerImpl (RaftServerImpl.java:setRole(184)) - 704bfd07-5e75-419d-aba5-0f2927b551c8@group-5EA4F818FACE: changes role from  FOLLOWER to CANDIDATE at term 47 for changeToCandidate
2019-10-17 08:20:03,081 [Thread-929] INFO  impl.RoleInfo (RoleInfo.java:updateAndGet(143)) - 704bfd07-5e75-419d-aba5-0f2927b551c8: start LeaderElection
2019-10-17 08:20:03,095 [704bfd07-5e75-419d-aba5-0f2927b551c8@group-5EA4F818FACE-LeaderElection54] INFO  impl.LeaderElection (LeaderElection.java:askForVotes(178)) - 704bfd07-5e75-419d-aba5-0f2927b551c8@group-5EA4F818FACE-LeaderElection54: begin an election at term 48 for -1: [704bfd07-5e75-419d-aba5-0f2927b551c8:192.168.34.62:33038, f164ec13-c99a-4402-99d5-4f3aeeeb4a39:192.168.34.62:44851, 99f6549c-1d76-4032-b481-991b9a8ccf89:192.168.34.62:46667], old=null
2019-10-17 08:20:03,098 [grpc-default-executor-11] INFO  impl.RaftServerImpl (RaftServerImpl.java:setRole(184)) - 99f6549c-1d76-4032-b481-991b9a8ccf89@group-5EA4F818FACE: changes role from  FOLLOWER to FOLLOWER at term 48 for recognizeCandidate:704bfd07-5e75-419d-aba5-0f2927b551c8
2019-10-17 08:20:03,098 [grpc-default-executor-4] INFO  impl.RaftServerImpl (RaftServerImpl.java:setRole(184)) - f164ec13-c99a-4402-99d5-4f3aeeeb4a39@group-5EA4F818FACE: changes role from  FOLLOWER to FOLLOWER at term 48 for recognizeCandidate:704bfd07-5e75-419d-aba5-0f2927b551c8
2019-10-17 08:20:03,098 [grpc-default-executor-11] INFO  impl.RoleInfo (RoleInfo.java:shutdownFollowerState(121)) - 99f6549c-1d76-4032-b481-991b9a8ccf89: shutdown FollowerState
2019-10-17 08:20:03,098 [grpc-default-executor-4] INFO  impl.RoleInfo (RoleInfo.java:shutdownFollowerState(121)) - f164ec13-c99a-4402-99d5-4f3aeeeb4a39: shutdown FollowerState
2019-10-17 08:20:03,098 [Thread-927] INFO  impl.FollowerState (FollowerState.java:run(117)) - 99f6549c-1d76-4032-b481-991b9a8ccf89@group-5EA4F818FACE-FollowerState was interrupted: java.lang.InterruptedException: sleep interrupted
2019-10-17 08:20:03,098 [grpc-default-executor-11] INFO  impl.RoleInfo (RoleInfo.java:updateAndGet(143)) - 99f6549c-1d76-4032-b481-991b9a8ccf89: start FollowerState
2019-10-17 08:20:03,098 [grpc-default-executor-4] INFO  impl.RoleInfo (RoleInfo.java:updateAndGet(143)) - f164ec13-c99a-4402-99d5-4f3aeeeb4a39: start FollowerState
2019-10-17 08:20:03,098 [Thread-928] INFO  impl.FollowerState (FollowerState.java:run(117)) - f164ec13-c99a-4402-99d5-4f3aeeeb4a39@group-5EA4F818FACE-FollowerState was interrupted: java.lang.InterruptedException: sleep interrupted
2019-10-17 08:20:03,100 [704bfd07-5e75-419d-aba5-0f2927b551c8@group-5EA4F818FACE-LeaderElection54] INFO  impl.LeaderElection (LeaderElection.java:logAndReturn(56)) - 704bfd07-5e75-419d-aba5-0f2927b551c8@group-5EA4F818FACE-LeaderElection54: Election TIMEOUT; received 0 response(s) [] and 0 exception(s); 704bfd07-5e75-419d-aba5-0f2927b551c8@group-5EA4F818FACE:t48, leader=null, voted=704bfd07-5e75-419d-aba5-0f2927b551c8, raftlog=704bfd07-5e75-419d-aba5-0f2927b551c8@group-5EA4F818FACE-SegmentedRaftLog:OPENED:c-1,f-1,i0, conf=-1: [704bfd07-5e75-419d-aba5-0f2927b551c8:192.168.34.62:33038, f164ec13-c99a-4402-99d5-4f3aeeeb4a39:192.168.34.62:44851, 99f6549c-1d76-4032-b481-991b9a8ccf89:192.168.34.62:46667], old=null
2019-10-17 08:20:03,113 [704bfd07-5e75-419d-aba5-0f2927b551c8@group-5EA4F818FACE-LeaderElection54] INFO  impl.LeaderElection (LeaderElection.java:askForVotes(178)) - 704bfd07-5e75-419d-aba5-0f2927b551c8@group-5EA4F818FACE-LeaderElection54: begin an election at term 49 for -1: [704bfd07-5e75-419d-aba5-0f2927b551c8:192.168.34.62:33038, f164ec13-c99a-4402-99d5-4f3aeeeb4a39:192.168.34.62:44851, 99f6549c-1d76-4032-b481-991b9a8ccf89:192.168.34.62:46667], old=null
2019-10-17 08:20:03,115 [grpc-default-executor-11] INFO  impl.RaftServerImpl (RaftServerImpl.java:setRole(184)) - f164ec13-c99a-4402-99d5-4f3aeeeb4a39@group-5EA4F818FACE: changes role from  FOLLOWER to FOLLOWER at term 49 for recognizeCandidate:704bfd07-5e75-419d-aba5-0f2927b551c8
2019-10-17 08:20:03,115 [grpc-default-executor-11] INFO  impl.RoleInfo (RoleInfo.java:shutdownFollowerState(121)) - f164ec13-c99a-4402-99d5-4f3aeeeb4a39: shutdown FollowerState
2019-10-17 08:20:03,115 [grpc-default-executor-11] INFO  impl.RoleInfo (RoleInfo.java:updateAndGet(143)) - f164ec13-c99a-4402-99d5-4f3aeeeb4a39: start FollowerState
2019-10-17 08:20:03,115 [Thread-934] INFO  impl.FollowerState (FollowerState.java:run(117)) - f164ec13-c99a-4402-99d5-4f3aeeeb4a39@group-5EA4F818FACE-FollowerState was interrupted: java.lang.InterruptedException: sleep interrupted
2019-10-17 08:20:03,115 [grpc-default-executor-4] INFO  impl.RaftServerImpl (RaftServerImpl.java:setRole(184)) - 99f6549c-1d76-4032-b481-991b9a8ccf89@group-5EA4F818FACE: changes role from  FOLLOWER to FOLLOWER at term 49 for recognizeCandidate:704bfd07-5e75-419d-aba5-0f2927b551c8
2019-10-17 08:20:03,115 [grpc-default-executor-4] INFO  impl.RoleInfo (RoleInfo.java:shutdownFollowerState(121)) - 99f6549c-1d76-4032-b481-991b9a8ccf89: shutdown FollowerState
2019-10-17 08:20:03,116 [grpc-default-executor-4] INFO  impl.RoleInfo (RoleInfo.java:updateAndGet(143)) - 99f6549c-1d76-4032-b481-991b9a8ccf89: start FollowerState
2019-10-17 08:20:03,116 [Thread-933] INFO  impl.FollowerState (FollowerState.java:run(117)) - 99f6549c-1d76-4032-b481-991b9a8ccf89@group-5EA4F818FACE-FollowerState was interrupted: java.lang.InterruptedException: sleep interrupted
2019-10-17 08:20:03,127 [704bfd07-5e75-419d-aba5-0f2927b551c8@group-5EA4F818FACE-LeaderElection54] INFO  impl.LeaderElection (LeaderElection.java:logAndReturn(56)) - 704bfd07-5e75-419d-aba5-0f2927b551c8@group-5EA4F818FACE-LeaderElection54: Election TIMEOUT; received 0 response(s) [] and 0 exception(s); 704bfd07-5e75-419d-aba5-0f2927b551c8@group-5EA4F818FACE:t49, leader=null, voted=704bfd07-5e75-419d-aba5-0f2927b551c8, raftlog=704bfd07-5e75-419d-aba5-0f2927b551c8@group-5EA4F818FACE-SegmentedRaftLog:OPENED:c-1,f-1,i0, conf=-1: [704bfd07-5e75-419d-aba5-0f2927b551c8:192.168.34.62:33038, f164ec13-c99a-4402-99d5-4f3aeeeb4a39:192.168.34.62:44851, 99f6549c-1d76-4032-b481-991b9a8ccf89:192.168.34.62:46667], old=null
2019-10-17 08:20:03,131 [704bfd07-5e75-419d-aba5-0f2927b551c8@group-5EA4F818FACE-LeaderElection54] INFO  impl.LeaderElection (LeaderElection.java:askForVotes(178)) - 704bfd07-5e75-419d-aba5-0f2927b551c8@group-5EA4F818FACE-LeaderElection54: begin an election at term 50 for -1: [704bfd07-5e75-419d-aba5-0f2927b551c8:192.168.34.62:33038, f164ec13-c99a-4402-99d5-4f3aeeeb4a39:192.168.34.62:44851, 99f6549c-1d76-4032-b481-991b9a8ccf89:192.168.34.62:46667], old=null
2019-10-17 08:20:03,133 [grpc-default-executor-4] INFO  impl.RaftServerImpl (RaftServerImpl.java:setRole(184)) - f164ec13-c99a-4402-99d5-4f3aeeeb4a39@group-5EA4F818FACE: changes role from  FOLLOWER to FOLLOWER at term 50 for recognizeCandidate:704bfd07-5e75-419d-aba5-0f2927b551c8
2019-10-17 08:20:03,133 [grpc-default-executor-4] INFO  impl.RoleInfo (RoleInfo.java:shutdownFollowerState(121)) - f164ec13-c99a-4402-99d5-4f3aeeeb4a39: shutdown FollowerState
2019-10-17 08:20:03,133 [grpc-default-executor-11] INFO  impl.RaftServerImpl (RaftServerImpl.java:setRole(184)) - 99f6549c-1d76-4032-b481-991b9a8ccf89@group-5EA4F818FACE: changes role from  FOLLOWER to FOLLOWER at term 50 for recognizeCandidate:704bfd07-5e75-419d-aba5-0f2927b551c8
2019-10-17 08:20:03,133 [Thread-937] INFO  impl.FollowerState (FollowerState.java:run(117)) - f164ec13-c99a-4402-99d5-4f3aeeeb4a39@group-5EA4F818FACE-FollowerState was interrupted: java.lang.InterruptedException: sleep interrupted
2019-10-17 08:20:03,133 [grpc-default-executor-4] INFO  impl.RoleInfo (RoleInfo.java:updateAndGet(143)) - f164ec13-c99a-4402-99d5-4f3aeeeb4a39: start FollowerState
2019-10-17 08:20:03,133 [grpc-default-executor-11] INFO  impl.RoleInfo (RoleInfo.java:shutdownFollowerState(121)) - 99f6549c-1d76-4032-b481-991b9a8ccf89: shutdown FollowerState
2019-10-17 08:20:03,134 [grpc-default-executor-11] INFO  impl.RoleInfo (RoleInfo.java:updateAndGet(143)) - 99f6549c-1d76-4032-b481-991b9a8ccf89: start FollowerState
2019-10-17 08:20:03,134 [Thread-938] INFO  impl.FollowerState (FollowerState.java:run(117)) - 99f6549c-1d76-4032-b481-991b9a8ccf89@group-5EA4F818FACE-FollowerState was interrupted: java.lang.InterruptedException: sleep interrupted
2019-10-17 08:20:03,148 [704bfd07-5e75-419d-aba5-0f2927b551c8@group-5EA4F818FACE-LeaderElection54] INFO  impl.LeaderElection (LeaderElection.java:logAndReturn(56)) - 704bfd07-5e75-419d-aba5-0f2927b551c8@group-5EA4F818FACE-LeaderElection54: Election REJECTED; received 2 response(s) [704bfd07-5e75-419d-aba5-0f2927b551c8<-f164ec13-c99a-4402-99d5-4f3aeeeb4a39#0:FAIL-t50, 704bfd07-5e75-419d-aba5-0f2927b551c8<-99f6549c-1d76-4032-b481-991b9a8ccf89#0:FAIL-t50] and 0 exception(s); 704bfd07-5e75-419d-aba5-0f2927b551c8@group-5EA4F818FACE:t50, leader=null, voted=704bfd07-5e75-419d-aba5-0f2927b551c8, raftlog=704bfd07-5e75-419d-aba5-0f2927b551c8@group-5EA4F818FACE-SegmentedRaftLog:OPENED:c-1,f-1,i0, conf=-1: [704bfd07-5e75-419d-aba5-0f2927b551c8:192.168.34.62:33038, f164ec13-c99a-4402-99d5-4f3aeeeb4a39:192.168.34.62:44851, 99f6549c-1d76-4032-b481-991b9a8ccf89:192.168.34.62:46667], old=null
2019-10-17 08:20:03,148 [704bfd07-5e75-419d-aba5-0f2927b551c8@group-5EA4F818FACE-LeaderElection54] INFO  impl.RaftServerImpl (RaftServerImpl.java:setRole(184)) - 704bfd07-5e75-419d-aba5-0f2927b551c8@group-5EA4F818FACE: changes role from CANDIDATE to FOLLOWER at term 50 for DISCOVERED_A_NEW_TERM
2019-10-17 08:20:03,148 [704bfd07-5e75-419d-aba5-0f2927b551c8@group-5EA4F818FACE-LeaderElection54] INFO  impl.RoleInfo (RoleInfo.java:shutdownLeaderElection(134)) - 704bfd07-5e75-419d-aba5-0f2927b551c8: shutdown LeaderElection
2019-10-17 08:20:03,148 [704bfd07-5e75-419d-aba5-0f2927b551c8@group-5EA4F818FACE-LeaderElection54] INFO  impl.RoleInfo (RoleInfo.java:updateAndGet(143)) - 704bfd07-5e75-419d-aba5-0f2927b551c8: start FollowerState
2019-10-17 08:20:03,226 [Thread-943] INFO  impl.FollowerState (FollowerState.java:run(108)) - 704bfd07-5e75-419d-aba5-0f2927b551c8@group-5EA4F818FACE-FollowerState: change to CANDIDATE, lastRpcTime:77ms, electionTimeout:77ms
2019-10-17 08:20:03,226 [Thread-943] INFO  impl.RoleInfo (RoleInfo.java:shutdownFollowerState(121)) - 704bfd07-5e75-419d-aba5-0f2927b551c8: shutdown FollowerState
2019-10-17 08:20:03,226 [Thread-943] INFO  impl.RaftServerImpl (RaftServerImpl.java:setRole(184)) - 704bfd07-5e75-419d-aba5-0f2927b551c8@group-5EA4F818FACE: changes role from  FOLLOWER to CANDIDATE at term 50 for changeToCandidate
2019-10-17 08:20:03,226 [Thread-943] INFO  impl.RoleInfo (RoleInfo.java:updateAndGet(143)) - 704bfd07-5e75-419d-aba5-0f2927b551c8: start LeaderElection
2019-10-17 08:20:03,240 [704bfd07-5e75-419d-aba5-0f2927b551c8@group-5EA4F818FACE-LeaderElection55] INFO  impl.LeaderElection (LeaderElection.java:askForVotes(178)) - 704bfd07-5e75-419d-aba5-0f2927b551c8@group-5EA4F818FACE-LeaderElection55: begin an election at term 51 for -1: [704bfd07-5e75-419d-aba5-0f2927b551c8:192.168.34.62:33038, f164ec13-c99a-4402-99d5-4f3aeeeb4a39:192.168.34.62:44851, 99f6549c-1d76-4032-b481-991b9a8ccf89:192.168.34.62:46667], old=null
2019-10-17 08:20:03,242 [grpc-default-executor-4] INFO  impl.RaftServerImpl (RaftServerImpl.java:setRole(184)) - 99f6549c-1d76-4032-b481-991b9a8ccf89@group-5EA4F818FACE: changes role from  FOLLOWER to FOLLOWER at term 51 for recognizeCandidate:704bfd07-5e75-419d-aba5-0f2927b551c8
2019-10-17 08:20:03,242 [grpc-default-executor-11] INFO  impl.RaftServerImpl (RaftServerImpl.java:setRole(184)) - f164ec13-c99a-4402-99d5-4f3aeeeb4a39@group-5EA4F818FACE: changes role from  FOLLOWER to FOLLOWER at term 51 for recognizeCandidate:704bfd07-5e75-419d-aba5-0f2927b551c8
2019-10-17 08:20:03,243 [grpc-default-executor-4] INFO  impl.RoleInfo (RoleInfo.java:shutdownFollowerState(121)) - 99f6549c-1d76-4032-b481-991b9a8ccf89: shutdown FollowerState
2019-10-17 08:20:03,243 [grpc-default-executor-11] INFO  impl.RoleInfo (RoleInfo.java:shutdownFollowerState(121)) - f164ec13-c99a-4402-99d5-4f3aeeeb4a39: shutdown FollowerState
2019-10-17 08:20:03,243 [Thread-942] INFO  impl.FollowerState (FollowerState.java:run(117)) - 99f6549c-1d76-4032-b481-991b9a8ccf89@group-5EA4F818FACE-FollowerState was interrupted: java.lang.InterruptedException: sleep interrupted
2019-10-17 08:20:03,243 [grpc-default-executor-4] INFO  impl.RoleInfo (RoleInfo.java:updateAndGet(143)) - 99f6549c-1d76-4032-b481-991b9a8ccf89: start FollowerState
2019-10-17 08:20:03,243 [Thread-941] INFO  impl.FollowerState (FollowerState.java:run(117)) - f164ec13-c99a-4402-99d5-4f3aeeeb4a39@group-5EA4F818FACE-FollowerState was interrupted: java.lang.InterruptedException: sleep interrupted
2019-10-17 08:20:03,243 [grpc-default-executor-11] INFO  impl.RoleInfo (RoleInfo.java:updateAndGet(143)) - f164ec13-c99a-4402-99d5-4f3aeeeb4a39: start FollowerState
2019-10-17 08:20:03,258 [704bfd07-5e75-419d-aba5-0f2927b551c8@group-5EA4F818FACE-LeaderElection55] INFO  impl.LeaderElection (LeaderElection.java:logAndReturn(56)) - 704bfd07-5e75-419d-aba5-0f2927b551c8@group-5EA4F818FACE-LeaderElection55: Election REJECTED; received 2 response(s) [704bfd07-5e75-419d-aba5-0f2927b551c8<-f164ec13-c99a-4402-99d5-4f3aeeeb4a39#0:FAIL-t51, 704bfd07-5e75-419d-aba5-0f2927b551c8<-99f6549c-1d76-4032-b481-991b9a8ccf89#0:FAIL-t51] and 0 exception(s); 704bfd07-5e75-419d-aba5-0f2927b551c8@group-5EA4F818FACE:t51, leader=null, voted=704bfd07-5e75-419d-aba5-0f2927b551c8, raftlog=704bfd07-5e75-419d-aba5-0f2927b551c8@group-5EA4F818FACE-SegmentedRaftLog:OPENED:c-1,f-1,i0, conf=-1: [704bfd07-5e75-419d-aba5-0f2927b551c8:192.168.34.62:33038, f164ec13-c99a-4402-99d5-4f3aeeeb4a39:192.168.34.62:44851, 99f6549c-1d76-4032-b481-991b9a8ccf89:192.168.34.62:46667], old=null
2019-10-17 08:20:03,258 [704bfd07-5e75-419d-aba5-0f2927b551c8@group-5EA4F818FACE-LeaderElection55] INFO  impl.RaftServerImpl (RaftServerImpl.java:setRole(184)) - 704bfd07-5e75-419d-aba5-0f2927b551c8@group-5EA4F818FACE: changes role from CANDIDATE to FOLLOWER at term 51 for DISCOVERED_A_NEW_TERM
2019-10-17 08:20:03,259 [704bfd07-5e75-419d-aba5-0f2927b551c8@group-5EA4F818FACE-LeaderElection55] INFO  impl.RoleInfo (RoleInfo.java:shutdownLeaderElection(134)) - 704bfd07-5e75-419d-aba5-0f2927b551c8: shutdown LeaderElection
2019-10-17 08:20:03,259 [704bfd07-5e75-419d-aba5-0f2927b551c8@group-5EA4F818FACE-LeaderElection55] INFO  impl.RoleInfo (RoleInfo.java:updateAndGet(143)) - 704bfd07-5e75-419d-aba5-0f2927b551c8: start FollowerState
2019-10-17 08:20:03,411 [Thread-949] INFO  impl.FollowerState (FollowerState.java:run(108)) - 704bfd07-5e75-419d-aba5-0f2927b551c8@group-5EA4F818FACE-FollowerState: change to CANDIDATE, lastRpcTime:152ms, electionTimeout:152ms
2019-10-17 08:20:03,411 [Thread-949] INFO  impl.RoleInfo (RoleInfo.java:shutdownFollowerState(121)) - 704bfd07-5e75-419d-aba5-0f2927b551c8: shutdown FollowerState
2019-10-17 08:20:03,412 [Thread-949] INFO  impl.RaftServerImpl (RaftServerImpl.java:setRole(184)) - 704bfd07-5e75-419d-aba5-0f2927b551c8@group-5EA4F818FACE: changes role from  FOLLOWER to CANDIDATE at term 51 for changeToCandidate
2019-10-17 08:20:03,412 [Thread-949] INFO  impl.RoleInfo (RoleInfo.java:updateAndGet(143)) - 704bfd07-5e75-419d-aba5-0f2927b551c8: start LeaderElection
2019-10-17 08:20:03,425 [704bfd07-5e75-419d-aba5-0f2927b551c8@group-5EA4F818FACE-LeaderElection56] INFO  impl.LeaderElection (LeaderElection.java:askForVotes(178)) - 704bfd07-5e75-419d-aba5-0f2927b551c8@group-5EA4F818FACE-LeaderElection56: begin an election at term 52 for -1: [704bfd07-5e75-419d-aba5-0f2927b551c8:192.168.34.62:33038, f164ec13-c99a-4402-99d5-4f3aeeeb4a39:192.168.34.62:44851, 99f6549c-1d76-4032-b481-991b9a8ccf89:192.168.34.62:46667], old=null
2019-10-17 08:20:03,428 [grpc-default-executor-11] INFO  impl.RaftServerImpl (RaftServerImpl.java:setRole(184)) - f164ec13-c99a-4402-99d5-4f3aeeeb4a39@group-5EA4F818FACE: changes role from  FOLLOWER to FOLLOWER at term 52 for recognizeCandidate:704bfd07-5e75-419d-aba5-0f2927b551c8
2019-10-17 08:20:03,428 [grpc-default-executor-4] INFO  impl.RaftServerImpl (RaftServerImpl.java:setRole(184)) - 99f6549c-1d76-4032-b481-991b9a8ccf89@group-5EA4F818FACE: changes role from  FOLLOWER to FOLLOWER at term 52 for recognizeCandidate:704bfd07-5e75-419d-aba5-0f2927b551c8
2019-10-17 08:20:03,428 [grpc-default-executor-11] INFO  impl.RoleInfo (RoleInfo.java:shutdownFollowerState(121)) - f164ec13-c99a-4402-99d5-4f3aeeeb4a39: shutdown FollowerState
2019-10-17 08:20:03,428 [grpc-default-executor-4] INFO  impl.RoleInfo (RoleInfo.java:shutdownFollowerState(121)) - 99f6549c-1d76-4032-b481-991b9a8ccf89: shutdown FollowerState
2019-10-17 08:20:03,429 [Thread-948] INFO  impl.FollowerState (FollowerState.java:run(117)) - f164ec13-c99a-4402-99d5-4f3aeeeb4a39@group-5EA4F818FACE-FollowerState was interrupted: java.lang.InterruptedException: sleep interrupted
2019-10-17 08:20:03,428 [grpc-default-executor-11] INFO  impl.RoleInfo (RoleInfo.java:updateAndGet(143)) - f164ec13-c99a-4402-99d5-4f3aeeeb4a39: start FollowerState
2019-10-17 08:20:03,429 [Thread-947] INFO  impl.FollowerState (FollowerState.java:run(117)) - 99f6549c-1d76-4032-b481-991b9a8ccf89@group-5EA4F818FACE-FollowerState was interrupted: java.lang.InterruptedException: sleep interrupted
2019-10-17 08:20:03,429 [grpc-default-executor-4] INFO  impl.RoleInfo (RoleInfo.java:updateAndGet(143)) - 99f6549c-1d76-4032-b481-991b9a8ccf89: start FollowerState
2019-10-17 08:20:03,443 [704bfd07-5e75-419d-aba5-0f2927b551c8@group-5EA4F818FACE-LeaderElection56] INFO  impl.LeaderElection (LeaderElection.java:logAndReturn(56)) - 704bfd07-5e75-419d-aba5-0f2927b551c8@group-5EA4F818FACE-LeaderElection56: Election REJECTED; received 2 response(s) [704bfd07-5e75-419d-aba5-0f2927b551c8<-f164ec13-c99a-4402-99d5-4f3aeeeb4a39#0:FAIL-t52, 704bfd07-5e75-419d-aba5-0f2927b551c8<-99f6549c-1d76-4032-b481-991b9a8ccf89#0:FAIL-t52] and 0 exception(s); 704bfd07-5e75-419d-aba5-0f2927b551c8@group-5EA4F818FACE:t52, leader=null, voted=704bfd07-5e75-419d-aba5-0f2927b551c8, raftlog=704bfd07-5e75-419d-aba5-0f2927b551c8@group-5EA4F818FACE-SegmentedRaftLog:OPENED:c-1,f-1,i0, conf=-1: [704bfd07-5e75-419d-aba5-0f2927b551c8:192.168.34.62:33038, f164ec13-c99a-4402-99d5-4f3aeeeb4a39:192.168.34.62:44851, 99f6549c-1d76-4032-b481-991b9a8ccf89:192.168.34.62:46667], old=null
2019-10-17 08:20:03,444 [704bfd07-5e75-419d-aba5-0f2927b551c8@group-5EA4F818FACE-LeaderElection56] INFO  impl.RaftServerImpl (RaftServerImpl.java:setRole(184)) - 704bfd07-5e75-419d-aba5-0f2927b551c8@group-5EA4F818FACE: changes role from CANDIDATE to FOLLOWER at term 52 for DISCOVERED_A_NEW_TERM
2019-10-17 08:20:03,444 [704bfd07-5e75-419d-aba5-0f2927b551c8@group-5EA4F818FACE-LeaderElection56] INFO  impl.RoleInfo (RoleInfo.java:shutdownLeaderElection(134)) - 704bfd07-5e75-419d-aba5-0f2927b551c8: shutdown LeaderElection
2019-10-17 08:20:03,444 [704bfd07-5e75-419d-aba5-0f2927b551c8@group-5EA4F818FACE-LeaderElection56] INFO  impl.RoleInfo (RoleInfo.java:updateAndGet(143)) - 704bfd07-5e75-419d-aba5-0f2927b551c8: start FollowerState
2019-10-17 08:20:03,538 [Thread-955] INFO  impl.FollowerState (FollowerState.java:run(108)) - 704bfd07-5e75-419d-aba5-0f2927b551c8@group-5EA4F818FACE-FollowerState: change to CANDIDATE, lastRpcTime:94ms, electionTimeout:94ms
2019-10-17 08:20:03,539 [Thread-955] INFO  impl.RoleInfo (RoleInfo.java:shutdownFollowerState(121)) - 704bfd07-5e75-419d-aba5-0f2927b551c8: shutdown FollowerState
2019-10-17 08:20:03,539 [Thread-955] INFO  impl.RaftServerImpl (RaftServerImpl.java:setRole(184)) - 704bfd07-5e75-419d-aba5-0f2927b551c8@group-5EA4F818FACE: changes role from  FOLLOWER to CANDIDATE at term 52 for changeToCandidate
2019-10-17 08:20:03,539 [Thread-955] INFO  impl.RoleInfo (RoleInfo.java:updateAndGet(143)) - 704bfd07-5e75-419d-aba5-0f2927b551c8: start LeaderElection
2019-10-17 08:20:03,552 [704bfd07-5e75-419d-aba5-0f2927b551c8@group-5EA4F818FACE-LeaderElection57] INFO  impl.LeaderElection (LeaderElection.java:askForVotes(178)) - 704bfd07-5e75-419d-aba5-0f2927b551c8@group-5EA4F818FACE-LeaderElection57: begin an election at term 53 for -1: [704bfd07-5e75-419d-aba5-0f2927b551c8:192.168.34.62:33038, f164ec13-c99a-4402-99d5-4f3aeeeb4a39:192.168.34.62:44851, 99f6549c-1d76-4032-b481-991b9a8ccf89:192.168.34.62:46667], old=null
2019-10-17 08:20:03,554 [grpc-default-executor-4] INFO  impl.RaftServerImpl (RaftServerImpl.java:setRole(184)) - 99f6549c-1d76-4032-b481-991b9a8ccf89@group-5EA4F818FACE: changes role from  FOLLOWER to FOLLOWER at term 53 for recognizeCandidate:704bfd07-5e75-419d-aba5-0f2927b551c8
2019-10-17 08:20:03,554 [grpc-default-executor-4] INFO  impl.RoleInfo (RoleInfo.java:shutdownFollowerState(121)) - 99f6549c-1d76-4032-b481-991b9a8ccf89: shutdown FollowerState
2019-10-17 08:20:03,555 [grpc-default-executor-4] INFO  impl.RoleInfo (RoleInfo.java:updateAndGet(143)) - 99f6549c-1d76-4032-b481-991b9a8ccf89: start FollowerState
2019-10-17 08:20:03,555 [grpc-default-executor-11] INFO  impl.RaftServerImpl (RaftServerImpl.java:setRole(184)) - f164ec13-c99a-4402-99d5-4f3aeeeb4a39@group-5EA4F818FACE: changes role from  FOLLOWER to FOLLOWER at term 53 for recognizeCandidate:704bfd07-5e75-419d-aba5-0f2927b551c8
2019-10-17 08:20:03,555 [Thread-954] INFO  impl.FollowerState (FollowerState.java:run(117)) - 99f6549c-1d76-4032-b481-991b9a8ccf89@group-5EA4F818FACE-FollowerState was interrupted: java.lang.InterruptedException: sleep interrupted
2019-10-17 08:20:03,555 [grpc-default-executor-11] INFO  impl.RoleInfo (RoleInfo.java:shutdownFollowerState(121)) - f164ec13-c99a-4402-99d5-4f3aeeeb4a39: shutdown FollowerState
2019-10-17 08:20:03,555 [Thread-953] INFO  impl.FollowerState (FollowerState.java:run(117)) - f164ec13-c99a-4402-99d5-4f3aeeeb4a39@group-5EA4F818FACE-FollowerState was interrupted: java.lang.InterruptedException: sleep interrupted
2019-10-17 08:20:03,555 [grpc-default-executor-11] INFO  impl.RoleInfo (RoleInfo.java:updateAndGet(143)) - f164ec13-c99a-4402-99d5-4f3aeeeb4a39: start FollowerState
2019-10-17 08:20:03,569 [704bfd07-5e75-419d-aba5-0f2927b551c8@group-5EA4F818FACE-LeaderElection57] INFO  impl.LeaderElection (LeaderElection.java:logAndReturn(56)) - 704bfd07-5e75-419d-aba5-0f2927b551c8@group-5EA4F818FACE-LeaderElection57: Election REJECTED; received 2 response(s) [704bfd07-5e75-419d-aba5-0f2927b551c8<-f164ec13-c99a-4402-99d5-4f3aeeeb4a39#0:FAIL-t53, 704bfd07-5e75-419d-aba5-0f2927b551c8<-99f6549c-1d76-4032-b481-991b9a8ccf89#0:FAIL-t53] and 0 exception(s); 704bfd07-5e75-419d-aba5-0f2927b551c8@group-5EA4F818FACE:t53, leader=null, voted=704bfd07-5e75-419d-aba5-0f2927b551c8, raftlog=704bfd07-5e75-419d-aba5-0f2927b551c8@group-5EA4F818FACE-SegmentedRaftLog:OPENED:c-1,f-1,i0, conf=-1: [704bfd07-5e75-419d-aba5-0f2927b551c8:192.168.34.62:33038, f164ec13-c99a-4402-99d5-4f3aeeeb4a39:192.168.34.62:44851, 99f6549c-1d76-4032-b481-991b9a8ccf89:192.168.34.62:46667], old=null
2019-10-17 08:20:03,569 [704bfd07-5e75-419d-aba5-0f2927b551c8@group-5EA4F818FACE-LeaderElection57] INFO  impl.RaftServerImpl (RaftServerImpl.java:setRole(184)) - 704bfd07-5e75-419d-aba5-0f2927b551c8@group-5EA4F818FACE: changes role from CANDIDATE to FOLLOWER at term 53 for DISCOVERED_A_NEW_TERM
2019-10-17 08:20:03,569 [704bfd07-5e75-419d-aba5-0f2927b551c8@group-5EA4F818FACE-LeaderElection57] INFO  impl.RoleInfo (RoleInfo.java:shutdownLeaderElection(134)) - 704bfd07-5e75-419d-aba5-0f2927b551c8: shutdown LeaderElection
2019-10-17 08:20:03,570 [704bfd07-5e75-419d-aba5-0f2927b551c8@group-5EA4F818FACE-LeaderElection57] INFO  impl.RoleInfo (RoleInfo.java:updateAndGet(143)) - 704bfd07-5e75-419d-aba5-0f2927b551c8: start FollowerState
2019-10-17 08:20:03,743 [Thread-961] INFO  impl.FollowerState (FollowerState.java:run(108)) - 704bfd07-5e75-419d-aba5-0f2927b551c8@group-5EA4F818FACE-FollowerState: change to CANDIDATE, lastRpcTime:173ms, electionTimeout:173ms
2019-10-17 08:20:03,743 [Thread-961] INFO  impl.RoleInfo (RoleInfo.java:shutdownFollowerState(121)) - 704bfd07-5e75-419d-aba5-0f2927b551c8: shutdown FollowerState
2019-10-17 08:20:03,743 [Thread-961] INFO  impl.RaftServerImpl (RaftServerImpl.java:setRole(184)) - 704bfd07-5e75-419d-aba5-0f2927b551c8@group-5EA4F818FACE: changes role from  FOLLOWER to CANDIDATE at term 53 for changeToCandidate
2019-10-17 08:20:03,743 [Thread-961] INFO  impl.RoleInfo (RoleInfo.java:updateAndGet(143)) - 704bfd07-5e75-419d-aba5-0f2927b551c8: start LeaderElection
2019-10-17 08:20:03,758 [704bfd07-5e75-419d-aba5-0f2927b551c8@group-5EA4F818FACE-LeaderElection58] INFO  impl.LeaderElection (LeaderElection.java:askForVotes(178)) - 704bfd07-5e75-419d-aba5-0f2927b551c8@group-5EA4F818FACE-LeaderElection58: begin an election at term 54 for -1: [704bfd07-5e75-419d-aba5-0f2927b551c8:192.168.34.62:33038, f164ec13-c99a-4402-99d5-4f3aeeeb4a39:192.168.34.62:44851, 99f6549c-1d76-4032-b481-991b9a8ccf89:192.168.34.62:46667], old=null
2019-10-17 08:20:03,761 [grpc-default-executor-4] INFO  impl.RaftServerImpl (RaftServerImpl.java:setRole(184)) - f164ec13-c99a-4402-99d5-4f3aeeeb4a39@group-5EA4F818FACE: changes role from  FOLLOWER to FOLLOWER at term 54 for recognizeCandidate:704bfd07-5e75-419d-aba5-0f2927b551c8
2019-10-17 08:20:03,761 [grpc-default-executor-11] INFO  impl.RaftServerImpl (RaftServerImpl.java:setRole(184)) - 99f6549c-1d76-4032-b481-991b9a8ccf89@group-5EA4F818FACE: changes role from  FOLLOWER to FOLLOWER at term 54 for recognizeCandidate:704bfd07-5e75-419d-aba5-0f2927b551c8
2019-10-17 08:20:03,761 [grpc-default-executor-4] INFO  impl.RoleInfo (RoleInfo.java:shutdownFollowerState(121)) - f164ec13-c99a-4402-99d5-4f3aeeeb4a39: shutdown FollowerState
2019-10-17 08:20:03,761 [grpc-default-executor-11] INFO  impl.RoleInfo (RoleInfo.java:shutdownFollowerState(121)) - 99f6549c-1d76-4032-b481-991b9a8ccf89: shutdown FollowerState
2019-10-17 08:20:03,761 [Thread-960] INFO  impl.FollowerState (FollowerState.java:run(117)) - f164ec13-c99a-4402-99d5-4f3aeeeb4a39@group-5EA4F818FACE-FollowerState was interrupted: java.lang.InterruptedException: sleep interrupted
2019-10-17 08:20:03,761 [grpc-default-executor-4] INFO  impl.RoleInfo (RoleInfo.java:updateAndGet(143)) - f164ec13-c99a-4402-99d5-4f3aeeeb4a39: start FollowerState
2019-10-17 08:20:03,761 [grpc-default-executor-11] INFO  impl.RoleInfo (RoleInfo.java:updateAndGet(143)) - 99f6549c-1d76-4032-b481-991b9a8ccf89: start FollowerState
2019-10-17 08:20:03,761 [Thread-959] INFO  impl.FollowerState (FollowerState.java:run(117)) - 99f6549c-1d76-4032-b481-991b9a8ccf89@group-5EA4F818FACE-FollowerState was interrupted: java.lang.InterruptedException: sleep interrupted
2019-10-17 08:20:03,776 [704bfd07-5e75-419d-aba5-0f2927b551c8@group-5EA4F818FACE-LeaderElection58] INFO  impl.LeaderElection (LeaderElection.java:logAndReturn(56)) - 704bfd07-5e75-419d-aba5-0f2927b551c8@group-5EA4F818FACE-LeaderElection58: Election REJECTED; received 2 response(s) [704bfd07-5e75-419d-aba5-0f2927b551c8<-f164ec13-c99a-4402-99d5-4f3aeeeb4a39#0:FAIL-t54, 704bfd07-5e75-419d-aba5-0f2927b551c8<-99f6549c-1d76-4032-b481-991b9a8ccf89#0:FAIL-t54] and 0 exception(s); 704bfd07-5e75-419d-aba5-0f2927b551c8@group-5EA4F818FACE:t54, leader=null, voted=704bfd07-5e75-419d-aba5-0f2927b551c8, raftlog=704bfd07-5e75-419d-aba5-0f2927b551c8@group-5EA4F818FACE-SegmentedRaftLog:OPENED:c-1,f-1,i0, conf=-1: [704bfd07-5e75-419d-aba5-0f2927b551c8:192.168.34.62:33038, f164ec13-c99a-4402-99d5-4f3aeeeb4a39:192.168.34.62:44851, 99f6549c-1d76-4032-b481-991b9a8ccf89:192.168.34.62:46667], old=null
2019-10-17 08:20:03,776 [704bfd07-5e75-419d-aba5-0f2927b551c8@group-5EA4F818FACE-LeaderElection58] INFO  impl.RaftServerImpl (RaftServerImpl.java:setRole(184)) - 704bfd07-5e75-419d-aba5-0f2927b551c8@group-5EA4F818FACE: changes role from CANDIDATE to FOLLOWER at term 54 for DISCOVERED_A_NEW_TERM
2019-10-17 08:20:03,776 [704bfd07-5e75-419d-aba5-0f2927b551c8@group-5EA4F818FACE-LeaderElection58] INFO  impl.RoleInfo (RoleInfo.java:shutdownLeaderElection(134)) - 704bfd07-5e75-419d-aba5-0f2927b551c8: shutdown LeaderElection
2019-10-17 08:20:03,776 [704bfd07-5e75-419d-aba5-0f2927b551c8@group-5EA4F818FACE-LeaderElection58] INFO  impl.RoleInfo (RoleInfo.java:updateAndGet(143)) - 704bfd07-5e75-419d-aba5-0f2927b551c8: start FollowerState
2019-10-17 08:20:03,786 [Thread-967] INFO  impl.FollowerState (FollowerState.java:run(108)) - 704bfd07-5e75-419d-aba5-0f2927b551c8@group-5EA4F818FACE-FollowerState: change to CANDIDATE, lastRpcTime:9ms, electionTimeout:9ms
2019-10-17 08:20:03,786 [Thread-967] INFO  impl.RoleInfo (RoleInfo.java:shutdownFollowerState(121)) - 704bfd07-5e75-419d-aba5-0f2927b551c8: shutdown FollowerState
2019-10-17 08:20:03,786 [Thread-967] INFO  impl.RaftServerImpl (RaftServerImpl.java:setRole(184)) - 704bfd07-5e75-419d-aba5-0f2927b551c8@group-5EA4F818FACE: changes role from  FOLLOWER to CANDIDATE at term 54 for changeToCandidate
2019-10-17 08:20:03,786 [Thread-967] INFO  impl.RoleInfo (RoleInfo.java:updateAndGet(143)) - 704bfd07-5e75-419d-aba5-0f2927b551c8: start LeaderElection
2019-10-17 08:20:03,800 [704bfd07-5e75-419d-aba5-0f2927b551c8@group-5EA4F818FACE-LeaderElection59] INFO  impl.LeaderElection (LeaderElection.java:askForVotes(178)) - 704bfd07-5e75-419d-aba5-0f2927b551c8@group-5EA4F818FACE-LeaderElection59: begin an election at term 55 for -1: [704bfd07-5e75-419d-aba5-0f2927b551c8:192.168.34.62:33038, f164ec13-c99a-4402-99d5-4f3aeeeb4a39:192.168.34.62:44851, 99f6549c-1d76-4032-b481-991b9a8ccf89:192.168.34.62:46667], old=null
2019-10-17 08:20:03,802 [grpc-default-executor-11] INFO  impl.RaftServerImpl (RaftServerImpl.java:setRole(184)) - f164ec13-c99a-4402-99d5-4f3aeeeb4a39@group-5EA4F818FACE: changes role from  FOLLOWER to FOLLOWER at term 55 for recognizeCandidate:704bfd07-5e75-419d-aba5-0f2927b551c8
2019-10-17 08:20:03,802 [grpc-default-executor-11] INFO  impl.RoleInfo (RoleInfo.java:shutdownFollowerState(121)) - f164ec13-c99a-4402-99d5-4f3aeeeb4a39: shutdown FollowerState
2019-10-17 08:20:03,803 [grpc-default-executor-11] INFO  impl.RoleInfo (RoleInfo.java:updateAndGet(143)) - f164ec13-c99a-4402-99d5-4f3aeeeb4a39: start FollowerState
2019-10-17 08:20:03,803 [Thread-965] INFO  impl.FollowerState (FollowerState.java:run(117)) - f164ec13-c99a-4402-99d5-4f3aeeeb4a39@group-5EA4F818FACE-FollowerState was interrupted: java.lang.InterruptedException: sleep interrupted
2019-10-17 08:20:03,803 [grpc-default-executor-4] INFO  impl.RaftServerImpl (RaftServerImpl.java:setRole(184)) - 99f6549c-1d76-4032-b481-991b9a8ccf89@group-5EA4F818FACE: changes role from  FOLLOWER to FOLLOWER at term 55 for recognizeCandidate:704bfd07-5e75-419d-aba5-0f2927b551c8
2019-10-17 08:20:03,803 [grpc-default-executor-4] INFO  impl.RoleInfo (RoleInfo.java:shutdownFollowerState(121)) - 99f6549c-1d76-4032-b481-991b9a8ccf89: shutdown FollowerState
2019-10-17 08:20:03,803 [grpc-default-executor-4] INFO  impl.RoleInfo (RoleInfo.java:updateAndGet(143)) - 99f6549c-1d76-4032-b481-991b9a8ccf89: start FollowerState
2019-10-17 08:20:03,803 [Thread-966] INFO  impl.FollowerState (FollowerState.java:run(117)) - 99f6549c-1d76-4032-b481-991b9a8ccf89@group-5EA4F818FACE-FollowerState was interrupted: java.lang.InterruptedException: sleep interrupted
2019-10-17 08:20:03,817 [704bfd07-5e75-419d-aba5-0f2927b551c8@group-5EA4F818FACE-LeaderElection59] INFO  impl.LeaderElection (LeaderElection.java:logAndReturn(56)) - 704bfd07-5e75-419d-aba5-0f2927b551c8@group-5EA4F818FACE-LeaderElection59: Election REJECTED; received 2 response(s) [704bfd07-5e75-419d-aba5-0f2927b551c8<-f164ec13-c99a-4402-99d5-4f3aeeeb4a39#0:FAIL-t55, 704bfd07-5e75-419d-aba5-0f2927b551c8<-99f6549c-1d76-4032-b481-991b9a8ccf89#0:FAIL-t55] and 0 exception(s); 704bfd07-5e75-419d-aba5-0f2927b551c8@group-5EA4F818FACE:t55, leader=null, voted=704bfd07-5e75-419d-aba5-0f2927b551c8, raftlog=704bfd07-5e75-419d-aba5-0f2927b551c8@group-5EA4F818FACE-SegmentedRaftLog:OPENED:c-1,f-1,i0, conf=-1: [704bfd07-5e75-419d-aba5-0f2927b551c8:192.168.34.62:33038, f164ec13-c99a-4402-99d5-4f3aeeeb4a39:192.168.34.62:44851, 99f6549c-1d76-4032-b481-991b9a8ccf89:192.168.34.62:46667], old=null
2019-10-17 08:20:03,817 [704bfd07-5e75-419d-aba5-0f2927b551c8@group-5EA4F818FACE-LeaderElection59] INFO  impl.RaftServerImpl (RaftServerImpl.java:setRole(184)) - 704bfd07-5e75-419d-aba5-0f2927b551c8@group-5EA4F818FACE: changes role from CANDIDATE to FOLLOWER at term 55 for DISCOVERED_A_NEW_TERM
2019-10-17 08:20:03,817 [704bfd07-5e75-419d-aba5-0f2927b551c8@group-5EA4F818FACE-LeaderElection59] INFO  impl.RoleInfo (RoleInfo.java:shutdownLeaderElection(134)) - 704bfd07-5e75-419d-aba5-0f2927b551c8: shutdown LeaderElection
2019-10-17 08:20:03,817 [704bfd07-5e75-419d-aba5-0f2927b551c8@group-5EA4F818FACE-LeaderElection59] INFO  impl.RoleInfo (RoleInfo.java:updateAndGet(143)) - 704bfd07-5e75-419d-aba5-0f2927b551c8: start FollowerState
2019-10-17 08:20:03,858 [Thread-973] INFO  impl.FollowerState (FollowerState.java:run(108)) - 704bfd07-5e75-419d-aba5-0f2927b551c8@group-5EA4F818FACE-FollowerState: change to CANDIDATE, lastRpcTime:41ms, electionTimeout:41ms
2019-10-17 08:20:03,858 [Thread-973] INFO  impl.RoleInfo (RoleInfo.java:shutdownFollowerState(121)) - 704bfd07-5e75-419d-aba5-0f2927b551c8: shutdown FollowerState
2019-10-17 08:20:03,859 [Thread-973] INFO  impl.RaftServerImpl (RaftServerImpl.java:setRole(184)) - 704bfd07-5e75-419d-aba5-0f2927b551c8@group-5EA4F818FACE: changes role from  FOLLOWER to CANDIDATE at term 55 for changeToCandidate
2019-10-17 08:20:03,859 [Thread-973] INFO  impl.RoleInfo (RoleInfo.java:updateAndGet(143)) - 704bfd07-5e75-419d-aba5-0f2927b551c8: start LeaderElection
2019-10-17 08:20:03,872 [704bfd07-5e75-419d-aba5-0f2927b551c8@group-5EA4F818FACE-LeaderElection60] INFO  impl.LeaderElection (LeaderElection.java:askForVotes(178)) - 704bfd07-5e75-419d-aba5-0f2927b551c8@group-5EA4F818FACE-LeaderElection60: begin an election at term 56 for -1: [704bfd07-5e75-419d-aba5-0f2927b551c8:192.168.34.62:33038, f164ec13-c99a-4402-99d5-4f3aeeeb4a39:192.168.34.62:44851, 99f6549c-1d76-4032-b481-991b9a8ccf89:192.168.34.62:46667], old=null
2019-10-17 08:20:03,874 [grpc-default-executor-11] INFO  impl.RaftServerImpl (RaftServerImpl.java:setRole(184)) - f164ec13-c99a-4402-99d5-4f3aeeeb4a39@group-5EA4F818FACE: changes role from  FOLLOWER to FOLLOWER at term 56 for recognizeCandidate:704bfd07-5e75-419d-aba5-0f2927b551c8
2019-10-17 08:20:03,874 [grpc-default-executor-4] INFO  impl.RaftServerImpl (RaftServerImpl.java:setRole(184)) - 99f6549c-1d76-4032-b481-991b9a8ccf89@group-5EA4F818FACE: changes role from  FOLLOWER to FOLLOWER at term 56 for recognizeCandidate:704bfd07-5e75-419d-aba5-0f2927b551c8
2019-10-17 08:20:03,874 [grpc-default-executor-11] INFO  impl.RoleInfo (RoleInfo.java:shutdownFollowerState(121)) - f164ec13-c99a-4402-99d5-4f3aeeeb4a39: shutdown FollowerState
2019-10-17 08:20:03,874 [grpc-default-executor-4] INFO  impl.RoleInfo (RoleInfo.java:shutdownFollowerState(121)) - 99f6549c-1d76-4032-b481-991b9a8ccf89: shutdown FollowerState
2019-10-17 08:20:03,874 [Thread-971] INFO  impl.FollowerState (FollowerState.java:run(117)) - f164ec13-c99a-4402-99d5-4f3aeeeb4a39@group-5EA4F818FACE-FollowerState was interrupted: java.lang.InterruptedException: sleep interrupted
2019-10-17 08:20:03,874 [grpc-default-executor-11] INFO  impl.RoleInfo (RoleInfo.java:updateAndGet(143)) - f164ec13-c99a-4402-99d5-4f3aeeeb4a39: start FollowerState
2019-10-17 08:20:03,875 [Thread-972] INFO  impl.FollowerState (FollowerState.java:run(117)) - 99f6549c-1d76-4032-b481-991b9a8ccf89@group-5EA4F818FACE-FollowerState was interrupted: java.lang.InterruptedException: sleep interrupted
2019-10-17 08:20:03,875 [grpc-default-executor-4] INFO  impl.RoleInfo (RoleInfo.java:updateAndGet(143)) - 99f6549c-1d76-4032-b481-991b9a8ccf89: start FollowerState
2019-10-17 08:20:03,897 [704bfd07-5e75-419d-aba5-0f2927b551c8@group-5EA4F818FACE-LeaderElection60] INFO  impl.LeaderElection (LeaderElection.java:logAndReturn(56)) - 704bfd07-5e75-419d-aba5-0f2927b551c8@group-5EA4F818FACE-LeaderElection60: Election REJECTED; received 2 response(s) [704bfd07-5e75-419d-aba5-0f2927b551c8<-f164ec13-c99a-4402-99d5-4f3aeeeb4a39#0:FAIL-t56, 704bfd07-5e75-419d-aba5-0f2927b551c8<-99f6549c-1d76-4032-b481-991b9a8ccf89#0:FAIL-t56] and 0 exception(s); 704bfd07-5e75-419d-aba5-0f2927b551c8@group-5EA4F818FACE:t56, leader=null, voted=704bfd07-5e75-419d-aba5-0f2927b551c8, raftlog=704bfd07-5e75-419d-aba5-0f2927b551c8@group-5EA4F818FACE-SegmentedRaftLog:OPENED:c-1,f-1,i0, conf=-1: [704bfd07-5e75-419d-aba5-0f2927b551c8:192.168.34.62:33038, f164ec13-c99a-4402-99d5-4f3aeeeb4a39:192.168.34.62:44851, 99f6549c-1d76-4032-b481-991b9a8ccf89:192.168.34.62:46667], old=null
2019-10-17 08:20:03,898 [704bfd07-5e75-419d-aba5-0f2927b551c8@group-5EA4F818FACE-LeaderElection60] INFO  impl.RaftServerImpl (RaftServerImpl.java:setRole(184)) - 704bfd07-5e75-419d-aba5-0f2927b551c8@group-5EA4F818FACE: changes role from CANDIDATE to FOLLOWER at term 56 for DISCOVERED_A_NEW_TERM
2019-10-17 08:20:03,898 [704bfd07-5e75-419d-aba5-0f2927b551c8@group-5EA4F818FACE-LeaderElection60] INFO  impl.RoleInfo (RoleInfo.java:shutdownLeaderElection(134)) - 704bfd07-5e75-419d-aba5-0f2927b551c8: shutdown LeaderElection
2019-10-17 08:20:03,898 [704bfd07-5e75-419d-aba5-0f2927b551c8@group-5EA4F818FACE-LeaderElection60] INFO  impl.RoleInfo (RoleInfo.java:updateAndGet(143)) - 704bfd07-5e75-419d-aba5-0f2927b551c8: start FollowerState
2019-10-17 08:20:03,901 [Thread-979] INFO  impl.FollowerState (FollowerState.java:run(108)) - 704bfd07-5e75-419d-aba5-0f2927b551c8@group-5EA4F818FACE-FollowerState: change to CANDIDATE, lastRpcTime:3ms, electionTimeout:3ms
2019-10-17 08:20:03,901 [Thread-979] INFO  impl.RoleInfo (RoleInfo.java:shutdownFollowerState(121)) - 704bfd07-5e75-419d-aba5-0f2927b551c8: shutdown FollowerState
2019-10-17 08:20:03,901 [Thread-979] INFO  impl.RaftServerImpl (RaftServerImpl.java:setRole(184)) - 704bfd07-5e75-419d-aba5-0f2927b551c8@group-5EA4F818FACE: changes role from  FOLLOWER to CANDIDATE at term 56 for changeToCandidate
2019-10-17 08:20:03,901 [Thread-979] INFO  impl.RoleInfo (RoleInfo.java:updateAndGet(143)) - 704bfd07-5e75-419d-aba5-0f2927b551c8: start LeaderElection
2019-10-17 08:20:03,925 [704bfd07-5e75-419d-aba5-0f2927b551c8@group-5EA4F818FACE-LeaderElection61] INFO  impl.LeaderElection (LeaderElection.java:askForVotes(178)) - 704bfd07-5e75-419d-aba5-0f2927b551c8@group-5EA4F818FACE-LeaderElection61: begin an election at term 57 for -1: [704bfd07-5e75-419d-aba5-0f2927b551c8:192.168.34.62:33038, f164ec13-c99a-4402-99d5-4f3aeeeb4a39:192.168.34.62:44851, 99f6549c-1d76-4032-b481-991b9a8ccf89:192.168.34.62:46667], old=null
2019-10-17 08:20:03,927 [grpc-default-executor-4] INFO  impl.RaftServerImpl (RaftServerImpl.java:setRole(184)) - f164ec13-c99a-4402-99d5-4f3aeeeb4a39@group-5EA4F818FACE: changes role from  FOLLOWER to FOLLOWER at term 57 for recognizeCandidate:704bfd07-5e75-419d-aba5-0f2927b551c8
2019-10-17 08:20:03,927 [grpc-default-executor-4] INFO  impl.RoleInfo (RoleInfo.java:shutdownFollowerState(121)) - f164ec13-c99a-4402-99d5-4f3aeeeb4a39: shutdown FollowerState
2019-10-17 08:20:03,927 [grpc-default-executor-11] INFO  impl.RaftServerImpl (RaftServerImpl.java:setRole(184)) - 99f6549c-1d76-4032-b481-991b9a8ccf89@group-5EA4F818FACE: changes role from  FOLLOWER to FOLLOWER at term 57 for recognizeCandidate:704bfd07-5e75-419d-aba5-0f2927b551c8
2019-10-17 08:20:03,927 [Thread-977] INFO  impl.FollowerState (FollowerState.java:run(117)) - f164ec13-c99a-4402-99d5-4f3aeeeb4a39@group-5EA4F818FACE-FollowerState was interrupted: java.lang.InterruptedException: sleep interrupted
2019-10-17 08:20:03,927 [grpc-default-executor-4] INFO  impl.RoleInfo (RoleInfo.java:updateAndGet(143)) - f164ec13-c99a-4402-99d5-4f3aeeeb4a39: start FollowerState
2019-10-17 08:20:03,927 [grpc-default-executor-11] INFO  impl.RoleInfo (RoleInfo.java:shutdownFollowerState(121)) - 99f6549c-1d76-4032-b481-991b9a8ccf89: shutdown FollowerState
2019-10-17 08:20:03,927 [grpc-default-executor-11] INFO  impl.RoleInfo (RoleInfo.java:updateAndGet(143)) - 99f6549c-1d76-4032-b481-991b9a8ccf89: start FollowerState
2019-10-17 08:20:03,927 [Thread-978] INFO  impl.FollowerState (FollowerState.java:run(117)) - 99f6549c-1d76-4032-b481-991b9a8ccf89@group-5EA4F818FACE-FollowerState was interrupted: java.lang.InterruptedException: sleep interrupted
2019-10-17 08:20:03,943 [704bfd07-5e75-419d-aba5-0f2927b551c8@group-5EA4F818FACE-LeaderElection61] INFO  impl.LeaderElection (LeaderElection.java:logAndReturn(56)) - 704bfd07-5e75-419d-aba5-0f2927b551c8@group-5EA4F818FACE-LeaderElection61: Election REJECTED; received 2 response(s) [704bfd07-5e75-419d-aba5-0f2927b551c8<-f164ec13-c99a-4402-99d5-4f3aeeeb4a39#0:FAIL-t57, 704bfd07-5e75-419d-aba5-0f2927b551c8<-99f6549c-1d76-4032-b481-991b9a8ccf89#0:FAIL-t57] and 0 exception(s); 704bfd07-5e75-419d-aba5-0f2927b551c8@group-5EA4F818FACE:t57, leader=null, voted=704bfd07-5e75-419d-aba5-0f2927b551c8, raftlog=704bfd07-5e75-419d-aba5-0f2927b551c8@group-5EA4F818FACE-SegmentedRaftLog:OPENED:c-1,f-1,i0, conf=-1: [704bfd07-5e75-419d-aba5-0f2927b551c8:192.168.34.62:33038, f164ec13-c99a-4402-99d5-4f3aeeeb4a39:192.168.34.62:44851, 99f6549c-1d76-4032-b481-991b9a8ccf89:192.168.34.62:46667], old=null
2019-10-17 08:20:03,943 [704bfd07-5e75-419d-aba5-0f2927b551c8@group-5EA4F818FACE-LeaderElection61] INFO  impl.RaftServerImpl (RaftServerImpl.java:setRole(184)) - 704bfd07-5e75-419d-aba5-0f2927b551c8@group-5EA4F818FACE: changes role from CANDIDATE to FOLLOWER at term 57 for DISCOVERED_A_NEW_TERM
2019-10-17 08:20:03,943 [704bfd07-5e75-419d-aba5-0f2927b551c8@group-5EA4F818FACE-LeaderElection61] INFO  impl.RoleInfo (RoleInfo.java:shutdownLeaderElection(134)) - 704bfd07-5e75-419d-aba5-0f2927b551c8: shutdown LeaderElection
2019-10-17 08:20:03,943 [704bfd07-5e75-419d-aba5-0f2927b551c8@group-5EA4F818FACE-LeaderElection61] INFO  impl.RoleInfo (RoleInfo.java:updateAndGet(143)) - 704bfd07-5e75-419d-aba5-0f2927b551c8: start FollowerState
2019-10-17 08:20:03,973 [Thread-985] INFO  impl.FollowerState (FollowerState.java:run(108)) - 704bfd07-5e75-419d-aba5-0f2927b551c8@group-5EA4F818FACE-FollowerState: change to CANDIDATE, lastRpcTime:30ms, electionTimeout:30ms
2019-10-17 08:20:03,974 [Thread-985] INFO  impl.RoleInfo (RoleInfo.java:shutdownFollowerState(121)) - 704bfd07-5e75-419d-aba5-0f2927b551c8: shutdown FollowerState
2019-10-17 08:20:03,974 [Thread-985] INFO  impl.RaftServerImpl (RaftServerImpl.java:setRole(184)) - 704bfd07-5e75-419d-aba5-0f2927b551c8@group-5EA4F818FACE: changes role from  FOLLOWER to CANDIDATE at term 57 for changeToCandidate
2019-10-17 08:20:03,974 [Thread-985] INFO  impl.RoleInfo (RoleInfo.java:updateAndGet(143)) - 704bfd07-5e75-419d-aba5-0f2927b551c8: start LeaderElection
2019-10-17 08:20:03,987 [704bfd07-5e75-419d-aba5-0f2927b551c8@group-5EA4F818FACE-LeaderElection62] INFO  impl.LeaderElection (LeaderElection.java:askForVotes(178)) - 704bfd07-5e75-419d-aba5-0f2927b551c8@group-5EA4F818FACE-LeaderElection62: begin an election at term 58 for -1: [704bfd07-5e75-419d-aba5-0f2927b551c8:192.168.34.62:33038, f164ec13-c99a-4402-99d5-4f3aeeeb4a39:192.168.34.62:44851, 99f6549c-1d76-4032-b481-991b9a8ccf89:192.168.34.62:46667], old=null
2019-10-17 08:20:03,990 [grpc-default-executor-4] INFO  impl.RaftServerImpl (RaftServerImpl.java:setRole(184)) - 99f6549c-1d76-4032-b481-991b9a8ccf89@group-5EA4F818FACE: changes role from  FOLLOWER to FOLLOWER at term 58 for recognizeCandidate:704bfd07-5e75-419d-aba5-0f2927b551c8
2019-10-17 08:20:03,990 [grpc-default-executor-11] INFO  impl.RaftServerImpl (RaftServerImpl.java:setRole(184)) - f164ec13-c99a-4402-99d5-4f3aeeeb4a39@group-5EA4F818FACE: changes role from  FOLLOWER to FOLLOWER at term 58 for recognizeCandidate:704bfd07-5e75-419d-aba5-0f2927b551c8
2019-10-17 08:20:03,990 [grpc-default-executor-4] INFO  impl.RoleInfo (RoleInfo.java:shutdownFollowerState(121)) - 99f6549c-1d76-4032-b481-991b9a8ccf89: shutdown FollowerState
2019-10-17 08:20:03,990 [grpc-default-executor-11] INFO  impl.RoleInfo (RoleInfo.java:shutdownFollowerState(121)) - f164ec13-c99a-4402-99d5-4f3aeeeb4a39: shutdown FollowerState
2019-10-17 08:20:03,991 [Thread-984] INFO  impl.FollowerState (FollowerState.java:run(117)) - 99f6549c-1d76-4032-b481-991b9a8ccf89@group-5EA4F818FACE-FollowerState was interrupted: java.lang.InterruptedException: sleep interrupted
2019-10-17 08:20:03,990 [grpc-default-executor-4] INFO  impl.RoleInfo (RoleInfo.java:updateAndGet(143)) - 99f6549c-1d76-4032-b481-991b9a8ccf89: start FollowerState
2019-10-17 08:20:03,991 [grpc-default-executor-11] INFO  impl.RoleInfo (RoleInfo.java:updateAndGet(143)) - f164ec13-c99a-4402-99d5-4f3aeeeb4a39: start FollowerState
2019-10-17 08:20:03,991 [Thread-983] INFO  impl.FollowerState (FollowerState.java:run(117)) - f164ec13-c99a-4402-99d5-4f3aeeeb4a39@group-5EA4F818FACE-FollowerState was interrupted: java.lang.InterruptedException: sleep interrupted
2019-10-17 08:20:04,006 [704bfd07-5e75-419d-aba5-0f2927b551c8@group-5EA4F818FACE-LeaderElection62] INFO  impl.LeaderElection (LeaderElection.java:logAndReturn(56)) - 704bfd07-5e75-419d-aba5-0f2927b551c8@group-5EA4F818FACE-LeaderElection62: Election REJECTED; received 2 response(s) [704bfd07-5e75-419d-aba5-0f2927b551c8<-f164ec13-c99a-4402-99d5-4f3aeeeb4a39#0:FAIL-t58, 704bfd07-5e75-419d-aba5-0f2927b551c8<-99f6549c-1d76-4032-b481-991b9a8ccf89#0:FAIL-t58] and 0 exception(s); 704bfd07-5e75-419d-aba5-0f2927b551c8@group-5EA4F818FACE:t58, leader=null, voted=704bfd07-5e75-419d-aba5-0f2927b551c8, raftlog=704bfd07-5e75-419d-aba5-0f2927b551c8@group-5EA4F818FACE-SegmentedRaftLog:OPENED:c-1,f-1,i0, conf=-1: [704bfd07-5e75-419d-aba5-0f2927b551c8:192.168.34.62:33038, f164ec13-c99a-4402-99d5-4f3aeeeb4a39:192.168.34.62:44851, 99f6549c-1d76-4032-b481-991b9a8ccf89:192.168.34.62:46667], old=null
2019-10-17 08:20:04,006 [704bfd07-5e75-419d-aba5-0f2927b551c8@group-5EA4F818FACE-LeaderElection62] INFO  impl.RaftServerImpl (RaftServerImpl.java:setRole(184)) - 704bfd07-5e75-419d-aba5-0f2927b551c8@group-5EA4F818FACE: changes role from CANDIDATE to FOLLOWER at term 58 for DISCOVERED_A_NEW_TERM
2019-10-17 08:20:04,006 [704bfd07-5e75-419d-aba5-0f2927b551c8@group-5EA4F818FACE-LeaderElection62] INFO  impl.RoleInfo (RoleInfo.java:shutdownLeaderElection(134)) - 704bfd07-5e75-419d-aba5-0f2927b551c8: shutdown LeaderElection
2019-10-17 08:20:04,006 [704bfd07-5e75-419d-aba5-0f2927b551c8@group-5EA4F818FACE-LeaderElection62] INFO  impl.RoleInfo (RoleInfo.java:updateAndGet(143)) - 704bfd07-5e75-419d-aba5-0f2927b551c8: start FollowerState
 0.00% |?                                                                                                    |  0/1 Time: 0:00:042019-10-17 08:20:04,141 [Thread-991] INFO  impl.FollowerState (FollowerState.java:run(108)) - 704bfd07-5e75-419d-aba5-0f2927b551c8@group-5EA4F818FACE-FollowerState: change to CANDIDATE, lastRpcTime:135ms, electionTimeout:135ms
2019-10-17 08:20:04,141 [Thread-991] INFO  impl.RoleInfo (RoleInfo.java:shutdownFollowerState(121)) - 704bfd07-5e75-419d-aba5-0f2927b551c8: shutdown FollowerState
2019-10-17 08:20:04,141 [Thread-991] INFO  impl.RaftServerImpl (RaftServerImpl.java:setRole(184)) - 704bfd07-5e75-419d-aba5-0f2927b551c8@group-5EA4F818FACE: changes role from  FOLLOWER to CANDIDATE at term 58 for changeToCandidate
2019-10-17 08:20:04,142 [Thread-991] INFO  impl.RoleInfo (RoleInfo.java:updateAndGet(143)) - 704bfd07-5e75-419d-aba5-0f2927b551c8: start LeaderElection
2019-10-17 08:20:04,168 [704bfd07-5e75-419d-aba5-0f2927b551c8@group-5EA4F818FACE-LeaderElection63] INFO  impl.LeaderElection (LeaderElection.java:askForVotes(178)) - 704bfd07-5e75-419d-aba5-0f2927b551c8@group-5EA4F818FACE-LeaderElection63: begin an election at term 59 for -1: [704bfd07-5e75-419d-aba5-0f2927b551c8:192.168.34.62:33038, f164ec13-c99a-4402-99d5-4f3aeeeb4a39:192.168.34.62:44851, 99f6549c-1d76-4032-b481-991b9a8ccf89:192.168.34.62:46667], old=null
2019-10-17 08:20:04,170 [grpc-default-executor-11] INFO  impl.RaftServerImpl (RaftServerImpl.java:setRole(184)) - 99f6549c-1d76-4032-b481-991b9a8ccf89@group-5EA4F818FACE: changes role from  FOLLOWER to FOLLOWER at term 59 for recognizeCandidate:704bfd07-5e75-419d-aba5-0f2927b551c8
2019-10-17 08:20:04,170 [grpc-default-executor-4] INFO  impl.RaftServerImpl (RaftServerImpl.java:setRole(184)) - f164ec13-c99a-4402-99d5-4f3aeeeb4a39@group-5EA4F818FACE: changes role from  FOLLOWER to FOLLOWER at term 59 for recognizeCandidate:704bfd07-5e75-419d-aba5-0f2927b551c8
2019-10-17 08:20:04,170 [grpc-default-executor-11] INFO  impl.RoleInfo (RoleInfo.java:shutdownFollowerState(121)) - 99f6549c-1d76-4032-b481-991b9a8ccf89: shutdown FollowerState
2019-10-17 08:20:04,170 [grpc-default-executor-4] INFO  impl.RoleInfo (RoleInfo.java:shutdownFollowerState(121)) - f164ec13-c99a-4402-99d5-4f3aeeeb4a39: shutdown FollowerState
2019-10-17 08:20:04,170 [Thread-989] INFO  impl.FollowerState (FollowerState.java:run(117)) - 99f6549c-1d76-4032-b481-991b9a8ccf89@group-5EA4F818FACE-FollowerState was interrupted: java.lang.InterruptedException: sleep interrupted
2019-10-17 08:20:04,170 [grpc-default-executor-11] INFO  impl.RoleInfo (RoleInfo.java:updateAndGet(143)) - 99f6549c-1d76-4032-b481-991b9a8ccf89: start FollowerState
2019-10-17 08:20:04,171 [Thread-990] INFO  impl.FollowerState (FollowerState.java:run(117)) - f164ec13-c99a-4402-99d5-4f3aeeeb4a39@group-5EA4F818FACE-FollowerState was interrupted: java.lang.InterruptedException: sleep interrupted
2019-10-17 08:20:04,171 [grpc-default-executor-4] INFO  impl.RoleInfo (RoleInfo.java:updateAndGet(143)) - f164ec13-c99a-4402-99d5-4f3aeeeb4a39: start FollowerState
2019-10-17 08:20:04,185 [704bfd07-5e75-419d-aba5-0f2927b551c8@group-5EA4F818FACE-LeaderElection63] INFO  impl.LeaderElection (LeaderElection.java:logAndReturn(56)) - 704bfd07-5e75-419d-aba5-0f2927b551c8@group-5EA4F818FACE-LeaderElection63: Election REJECTED; received 2 response(s) [704bfd07-5e75-419d-aba5-0f2927b551c8<-f164ec13-c99a-4402-99d5-4f3aeeeb4a39#0:FAIL-t59, 704bfd07-5e75-419d-aba5-0f2927b551c8<-99f6549c-1d76-4032-b481-991b9a8ccf89#0:FAIL-t59] and 0 exception(s); 704bfd07-5e75-419d-aba5-0f2927b551c8@group-5EA4F818FACE:t59, leader=null, voted=704bfd07-5e75-419d-aba5-0f2927b551c8, raftlog=704bfd07-5e75-419d-aba5-0f2927b551c8@group-5EA4F818FACE-SegmentedRaftLog:OPENED:c-1,f-1,i0, conf=-1: [704bfd07-5e75-419d-aba5-0f2927b551c8:192.168.34.62:33038, f164ec13-c99a-4402-99d5-4f3aeeeb4a39:192.168.34.62:44851, 99f6549c-1d76-4032-b481-991b9a8ccf89:192.168.34.62:46667], old=null
2019-10-17 08:20:04,186 [704bfd07-5e75-419d-aba5-0f2927b551c8@group-5EA4F818FACE-LeaderElection63] INFO  impl.RaftServerImpl (RaftServerImpl.java:setRole(184)) - 704bfd07-5e75-419d-aba5-0f2927b551c8@group-5EA4F818FACE: changes role from CANDIDATE to FOLLOWER at term 59 for DISCOVERED_A_NEW_TERM
2019-10-17 08:20:04,186 [704bfd07-5e75-419d-aba5-0f2927b551c8@group-5EA4F818FACE-LeaderElection63] INFO  impl.RoleInfo (RoleInfo.java:shutdownLeaderElection(134)) - 704bfd07-5e75-419d-aba5-0f2927b551c8: shutdown LeaderElection
2019-10-17 08:20:04,186 [704bfd07-5e75-419d-aba5-0f2927b551c8@group-5EA4F818FACE-LeaderElection63] INFO  impl.RoleInfo (RoleInfo.java:updateAndGet(143)) - 704bfd07-5e75-419d-aba5-0f2927b551c8: start FollowerState
2019-10-17 08:20:04,198 [Thread-997] INFO  impl.FollowerState (FollowerState.java:run(108)) - 704bfd07-5e75-419d-aba5-0f2927b551c8@group-5EA4F818FACE-FollowerState: change to CANDIDATE, lastRpcTime:12ms, electionTimeout:12ms
2019-10-17 08:20:04,198 [Thread-997] INFO  impl.RoleInfo (RoleInfo.java:shutdownFollowerState(121)) - 704bfd07-5e75-419d-aba5-0f2927b551c8: shutdown FollowerState
2019-10-17 08:20:04,199 [Thread-997] INFO  impl.RaftServerImpl (RaftServerImpl.java:setRole(184)) - 704bfd07-5e75-419d-aba5-0f2927b551c8@group-5EA4F818FACE: changes role from  FOLLOWER to CANDIDATE at term 59 for changeToCandidate
2019-10-17 08:20:04,199 [Thread-997] INFO  impl.RoleInfo (RoleInfo.java:updateAndGet(143)) - 704bfd07-5e75-419d-aba5-0f2927b551c8: start LeaderElection
2019-10-17 08:20:04,212 [704bfd07-5e75-419d-aba5-0f2927b551c8@group-5EA4F818FACE-LeaderElection64] INFO  impl.LeaderElection (LeaderElection.java:askForVotes(178)) - 704bfd07-5e75-419d-aba5-0f2927b551c8@group-5EA4F818FACE-LeaderElection64: begin an election at term 60 for -1: [704bfd07-5e75-419d-aba5-0f2927b551c8:192.168.34.62:33038, f164ec13-c99a-4402-99d5-4f3aeeeb4a39:192.168.34.62:44851, 99f6549c-1d76-4032-b481-991b9a8ccf89:192.168.34.62:46667], old=null
2019-10-17 08:20:04,216 [grpc-default-executor-11] INFO  impl.RaftServerImpl (RaftServerImpl.java:setRole(184)) - f164ec13-c99a-4402-99d5-4f3aeeeb4a39@group-5EA4F818FACE: changes role from  FOLLOWER to FOLLOWER at term 60 for recognizeCandidate:704bfd07-5e75-419d-aba5-0f2927b551c8
2019-10-17 08:20:04,216 [grpc-default-executor-4] INFO  impl.RaftServerImpl (RaftServerImpl.java:setRole(184)) - 99f6549c-1d76-4032-b481-991b9a8ccf89@group-5EA4F818FACE: changes role from  FOLLOWER to FOLLOWER at term 60 for recognizeCandidate:704bfd07-5e75-419d-aba5-0f2927b551c8
2019-10-17 08:20:04,216 [grpc-default-executor-11] INFO  impl.RoleInfo (RoleInfo.java:shutdownFollowerState(121)) - f164ec13-c99a-4402-99d5-4f3aeeeb4a39: shutdown FollowerState
2019-10-17 08:20:04,216 [grpc-default-executor-4] INFO  impl.RoleInfo (RoleInfo.java:shutdownFollowerState(121)) - 99f6549c-1d76-4032-b481-991b9a8ccf89: shutdown FollowerState
2019-10-17 08:20:04,216 [grpc-default-executor-11] INFO  impl.RoleInfo (RoleInfo.java:updateAndGet(143)) - f164ec13-c99a-4402-99d5-4f3aeeeb4a39: start FollowerState
2019-10-17 08:20:04,216 [Thread-996] INFO  impl.FollowerState (FollowerState.java:run(117)) - f164ec13-c99a-4402-99d5-4f3aeeeb4a39@group-5EA4F818FACE-FollowerState was interrupted: java.lang.InterruptedException: sleep interrupted
2019-10-17 08:20:04,216 [grpc-default-executor-4] INFO  impl.RoleInfo (RoleInfo.java:updateAndGet(143)) - 99f6549c-1d76-4032-b481-991b9a8ccf89: start FollowerState
2019-10-17 08:20:04,216 [Thread-995] INFO  impl.FollowerState (FollowerState.java:run(117)) - 99f6549c-1d76-4032-b481-991b9a8ccf89@group-5EA4F818FACE-FollowerState was interrupted: java.lang.InterruptedException: sleep interrupted
2019-10-17 08:20:04,231 [704bfd07-5e75-419d-aba5-0f2927b551c8@group-5EA4F818FACE-LeaderElection64] INFO  impl.LeaderElection (LeaderElection.java:logAndReturn(56)) - 704bfd07-5e75-419d-aba5-0f2927b551c8@group-5EA4F818FACE-LeaderElection64: Election REJECTED; received 2 response(s) [704bfd07-5e75-419d-aba5-0f2927b551c8<-f164ec13-c99a-4402-99d5-4f3aeeeb4a39#0:FAIL-t60, 704bfd07-5e75-419d-aba5-0f2927b551c8<-99f6549c-1d76-4032-b481-991b9a8ccf89#0:FAIL-t60] and 0 exception(s); 704bfd07-5e75-419d-aba5-0f2927b551c8@group-5EA4F818FACE:t60, leader=null, voted=704bfd07-5e75-419d-aba5-0f2927b551c8, raftlog=704bfd07-5e75-419d-aba5-0f2927b551c8@group-5EA4F818FACE-SegmentedRaftLog:OPENED:c-1,f-1,i0, conf=-1: [704bfd07-5e75-419d-aba5-0f2927b551c8:192.168.34.62:33038, f164ec13-c99a-4402-99d5-4f3aeeeb4a39:192.168.34.62:44851, 99f6549c-1d76-4032-b481-991b9a8ccf89:192.168.34.62:46667], old=null
2019-10-17 08:20:04,231 [704bfd07-5e75-419d-aba5-0f2927b551c8@group-5EA4F818FACE-LeaderElection64] INFO  impl.RaftServerImpl (RaftServerImpl.java:setRole(184)) - 704bfd07-5e75-419d-aba5-0f2927b551c8@group-5EA4F818FACE: changes role from CANDIDATE to FOLLOWER at term 60 for DISCOVERED_A_NEW_TERM
2019-10-17 08:20:04,231 [704bfd07-5e75-419d-aba5-0f2927b551c8@group-5EA4F818FACE-LeaderElection64] INFO  impl.RoleInfo (RoleInfo.java:shutdownLeaderElection(134)) - 704bfd07-5e75-419d-aba5-0f2927b551c8: shutdown LeaderElection
2019-10-17 08:20:04,231 [704bfd07-5e75-419d-aba5-0f2927b551c8@group-5EA4F818FACE-LeaderElection64] INFO  impl.RoleInfo (RoleInfo.java:updateAndGet(143)) - 704bfd07-5e75-419d-aba5-0f2927b551c8: start FollowerState
2019-10-17 08:20:04,362 [Thread-1003] INFO  impl.FollowerState (FollowerState.java:run(108)) - 704bfd07-5e75-419d-aba5-0f2927b551c8@group-5EA4F818FACE-FollowerState: change to CANDIDATE, lastRpcTime:130ms, electionTimeout:130ms
2019-10-17 08:20:04,363 [Thread-1003] INFO  impl.RoleInfo (RoleInfo.java:shutdownFollowerState(121)) - 704bfd07-5e75-419d-aba5-0f2927b551c8: shutdown FollowerState
2019-10-17 08:20:04,363 [Thread-1003] INFO  impl.RaftServerImpl (RaftServerImpl.java:setRole(184)) - 704bfd07-5e75-419d-aba5-0f2927b551c8@group-5EA4F818FACE: changes role from  FOLLOWER to CANDIDATE at term 60 for changeToCandidate
2019-10-17 08:20:04,376 [Thread-1003] INFO  impl.RoleInfo (RoleInfo.java:updateAndGet(143)) - 704bfd07-5e75-419d-aba5-0f2927b551c8: start LeaderElection
2019-10-17 08:20:04,408 [704bfd07-5e75-419d-aba5-0f2927b551c8@group-5EA4F818FACE-LeaderElection65] INFO  impl.LeaderElection (LeaderElection.java:askForVotes(178)) - 704bfd07-5e75-419d-aba5-0f2927b551c8@group-5EA4F818FACE-LeaderElection65: begin an election at term 61 for -1: [704bfd07-5e75-419d-aba5-0f2927b551c8:192.168.34.62:33038, f164ec13-c99a-4402-99d5-4f3aeeeb4a39:192.168.34.62:44851, 99f6549c-1d76-4032-b481-991b9a8ccf89:192.168.34.62:46667], old=null
2019-10-17 08:20:04,415 [grpc-default-executor-11] INFO  impl.RaftServerImpl (RaftServerImpl.java:setRole(184)) - 99f6549c-1d76-4032-b481-991b9a8ccf89@group-5EA4F818FACE: changes role from  FOLLOWER to FOLLOWER at term 61 for recognizeCandidate:704bfd07-5e75-419d-aba5-0f2927b551c8
2019-10-17 08:20:04,415 [grpc-default-executor-4] INFO  impl.RaftServerImpl (RaftServerImpl.java:setRole(184)) - f164ec13-c99a-4402-99d5-4f3aeeeb4a39@group-5EA4F818FACE: changes role from  FOLLOWER to FOLLOWER at term 61 for recognizeCandidate:704bfd07-5e75-419d-aba5-0f2927b551c8
2019-10-17 08:20:04,415 [grpc-default-executor-11] INFO  impl.RoleInfo (RoleInfo.java:shutdownFollowerState(121)) - 99f6549c-1d76-4032-b481-991b9a8ccf89: shutdown FollowerState
2019-10-17 08:20:04,416 [grpc-default-executor-4] INFO  impl.RoleInfo (RoleInfo.java:shutdownFollowerState(121)) - f164ec13-c99a-4402-99d5-4f3aeeeb4a39: shutdown FollowerState
2019-10-17 08:20:04,416 [Thread-1002] INFO  impl.FollowerState (FollowerState.java:run(117)) - 99f6549c-1d76-4032-b481-991b9a8ccf89@group-5EA4F818FACE-FollowerState was interrupted: java.lang.InterruptedException: sleep interrupted
2019-10-17 08:20:04,416 [grpc-default-executor-11] INFO  impl.RoleInfo (RoleInfo.java:updateAndGet(143)) - 99f6549c-1d76-4032-b481-991b9a8ccf89: start FollowerState
2019-10-17 08:20:04,416 [Thread-1001] INFO  impl.FollowerState (FollowerState.java:run(117)) - f164ec13-c99a-4402-99d5-4f3aeeeb4a39@group-5EA4F818FACE-FollowerState was interrupted: java.lang.InterruptedException: sleep interrupted
2019-10-17 08:20:04,416 [grpc-default-executor-4] INFO  impl.RoleInfo (RoleInfo.java:updateAndGet(143)) - f164ec13-c99a-4402-99d5-4f3aeeeb4a39: start FollowerState
2019-10-17 08:20:04,427 [704bfd07-5e75-419d-aba5-0f2927b551c8@group-5EA4F818FACE-LeaderElection65] INFO  impl.LeaderElection (LeaderElection.java:logAndReturn(56)) - 704bfd07-5e75-419d-aba5-0f2927b551c8@group-5EA4F818FACE-LeaderElection65: Election REJECTED; received 2 response(s) [704bfd07-5e75-419d-aba5-0f2927b551c8<-f164ec13-c99a-4402-99d5-4f3aeeeb4a39#0:FAIL-t61, 704bfd07-5e75-419d-aba5-0f2927b551c8<-99f6549c-1d76-4032-b481-991b9a8ccf89#0:FAIL-t61] and 0 exception(s); 704bfd07-5e75-419d-aba5-0f2927b551c8@group-5EA4F818FACE:t61, leader=null, voted=704bfd07-5e75-419d-aba5-0f2927b551c8, raftlog=704bfd07-5e75-419d-aba5-0f2927b551c8@group-5EA4F818FACE-SegmentedRaftLog:OPENED:c-1,f-1,i0, conf=-1: [704bfd07-5e75-419d-aba5-0f2927b551c8:192.168.34.62:33038, f164ec13-c99a-4402-99d5-4f3aeeeb4a39:192.168.34.62:44851, 99f6549c-1d76-4032-b481-991b9a8ccf89:192.168.34.62:46667], old=null
2019-10-17 08:20:04,427 [704bfd07-5e75-419d-aba5-0f2927b551c8@group-5EA4F818FACE-LeaderElection65] INFO  impl.RaftServerImpl (RaftServerImpl.java:setRole(184)) - 704bfd07-5e75-419d-aba5-0f2927b551c8@group-5EA4F818FACE: changes role from CANDIDATE to FOLLOWER at term 61 for DISCOVERED_A_NEW_TERM
2019-10-17 08:20:04,427 [704bfd07-5e75-419d-aba5-0f2927b551c8@group-5EA4F818FACE-LeaderElection65] INFO  impl.RoleInfo (RoleInfo.java:shutdownLeaderElection(134)) - 704bfd07-5e75-419d-aba5-0f2927b551c8: shutdown LeaderElection
2019-10-17 08:20:04,428 [704bfd07-5e75-419d-aba5-0f2927b551c8@group-5EA4F818FACE-LeaderElection65] INFO  impl.RoleInfo (RoleInfo.java:updateAndGet(143)) - 704bfd07-5e75-419d-aba5-0f2927b551c8: start FollowerState
2019-10-17 08:20:04,559 [Thread-1009] INFO  impl.FollowerState (FollowerState.java:run(108)) - 704bfd07-5e75-419d-aba5-0f2927b551c8@group-5EA4F818FACE-FollowerState: change to CANDIDATE, lastRpcTime:131ms, electionTimeout:131ms
2019-10-17 08:20:04,559 [Thread-1009] INFO  impl.RoleInfo (RoleInfo.java:shutdownFollowerState(121)) - 704bfd07-5e75-419d-aba5-0f2927b551c8: shutdown FollowerState
2019-10-17 08:20:04,560 [Thread-1009] INFO  impl.RaftServerImpl (RaftServerImpl.java:setRole(184)) - 704bfd07-5e75-419d-aba5-0f2927b551c8@group-5EA4F818FACE: changes role from  FOLLOWER to CANDIDATE at term 61 for changeToCandidate
2019-10-17 08:20:04,560 [Thread-1009] INFO  impl.RoleInfo (RoleInfo.java:updateAndGet(143)) - 704bfd07-5e75-419d-aba5-0f2927b551c8: start LeaderElection
2019-10-17 08:20:04,574 [704bfd07-5e75-419d-aba5-0f2927b551c8@group-5EA4F818FACE-LeaderElection66] INFO  impl.LeaderElection (LeaderElection.java:askForVotes(178)) - 704bfd07-5e75-419d-aba5-0f2927b551c8@group-5EA4F818FACE-LeaderElection66: begin an election at term 62 for -1: [704bfd07-5e75-419d-aba5-0f2927b551c8:192.168.34.62:33038, f164ec13-c99a-4402-99d5-4f3aeeeb4a39:192.168.34.62:44851, 99f6549c-1d76-4032-b481-991b9a8ccf89:192.168.34.62:46667], old=null
2019-10-17 08:20:04,577 [grpc-default-executor-4] INFO  impl.RaftServerImpl (RaftServerImpl.java:setRole(184)) - 99f6549c-1d76-4032-b481-991b9a8ccf89@group-5EA4F818FACE: changes role from  FOLLOWER to FOLLOWER at term 62 for recognizeCandidate:704bfd07-5e75-419d-aba5-0f2927b551c8
2019-10-17 08:20:04,577 [grpc-default-executor-11] INFO  impl.RaftServerImpl (RaftServerImpl.java:setRole(184)) - f164ec13-c99a-4402-99d5-4f3aeeeb4a39@group-5EA4F818FACE: changes role from  FOLLOWER to FOLLOWER at term 62 for recognizeCandidate:704bfd07-5e75-419d-aba5-0f2927b551c8
2019-10-17 08:20:04,577 [grpc-default-executor-4] INFO  impl.RoleInfo (RoleInfo.java:shutdownFollowerState(121)) - 99f6549c-1d76-4032-b481-991b9a8ccf89: shutdown FollowerState
2019-10-17 08:20:04,577 [grpc-default-executor-11] INFO  impl.RoleInfo (RoleInfo.java:shutdownFollowerState(121)) - f164ec13-c99a-4402-99d5-4f3aeeeb4a39: shutdown FollowerState
2019-10-17 08:20:04,578 [Thread-1007] INFO  impl.FollowerState (FollowerState.java:run(117)) - 99f6549c-1d76-4032-b481-991b9a8ccf89@group-5EA4F818FACE-FollowerState was interrupted: java.lang.InterruptedException: sleep interrupted
2019-10-17 08:20:04,578 [grpc-default-executor-4] INFO  impl.RoleInfo (RoleInfo.java:updateAndGet(143)) - 99f6549c-1d76-4032-b481-991b9a8ccf89: start FollowerState
2019-10-17 08:20:04,578 [Thread-1008] INFO  impl.FollowerState (FollowerState.java:run(117)) - f164ec13-c99a-4402-99d5-4f3aeeeb4a39@group-5EA4F818FACE-FollowerState was interrupted: java.lang.InterruptedException: sleep interrupted
2019-10-17 08:20:04,578 [grpc-default-executor-11] INFO  impl.RoleInfo (RoleInfo.java:updateAndGet(143)) - f164ec13-c99a-4402-99d5-4f3aeeeb4a39: start FollowerState
2019-10-17 08:20:04,593 [704bfd07-5e75-419d-aba5-0f2927b551c8@group-5EA4F818FACE-LeaderElection66] INFO  impl.LeaderElection (LeaderElection.java:logAndReturn(56)) - 704bfd07-5e75-419d-aba5-0f2927b551c8@group-5EA4F818FACE-LeaderElection66: Election REJECTED; received 2 response(s) [704bfd07-5e75-419d-aba5-0f2927b551c8<-f164ec13-c99a-4402-99d5-4f3aeeeb4a39#0:FAIL-t62, 704bfd07-5e75-419d-aba5-0f2927b551c8<-99f6549c-1d76-4032-b481-991b9a8ccf89#0:FAIL-t62] and 0 exception(s); 704bfd07-5e75-419d-aba5-0f2927b551c8@group-5EA4F818FACE:t62, leader=null, voted=704bfd07-5e75-419d-aba5-0f2927b551c8, raftlog=704bfd07-5e75-419d-aba5-0f2927b551c8@group-5EA4F818FACE-SegmentedRaftLog:OPENED:c-1,f-1,i0, conf=-1: [704bfd07-5e75-419d-aba5-0f2927b551c8:192.168.34.62:33038, f164ec13-c99a-4402-99d5-4f3aeeeb4a39:192.168.34.62:44851, 99f6549c-1d76-4032-b481-991b9a8ccf89:192.168.34.62:46667], old=null
2019-10-17 08:20:04,593 [704bfd07-5e75-419d-aba5-0f2927b551c8@group-5EA4F818FACE-LeaderElection66] INFO  impl.RaftServerImpl (RaftServerImpl.java:setRole(184)) - 704bfd07-5e75-419d-aba5-0f2927b551c8@group-5EA4F818FACE: changes role from CANDIDATE to FOLLOWER at term 62 for DISCOVERED_A_NEW_TERM
2019-10-17 08:20:04,593 [704bfd07-5e75-419d-aba5-0f2927b551c8@group-5EA4F818FACE-LeaderElection66] INFO  impl.RoleInfo (RoleInfo.java:shutdownLeaderElection(134)) - 704bfd07-5e75-419d-aba5-0f2927b551c8: shutdown LeaderElection
2019-10-17 08:20:04,593 [704bfd07-5e75-419d-aba5-0f2927b551c8@group-5EA4F818FACE-LeaderElection66] INFO  impl.RoleInfo (RoleInfo.java:updateAndGet(143)) - 704bfd07-5e75-419d-aba5-0f2927b551c8: start FollowerState
2019-10-17 08:20:04,692 [Thread-1015] INFO  impl.FollowerState (FollowerState.java:run(108)) - 704bfd07-5e75-419d-aba5-0f2927b551c8@group-5EA4F818FACE-FollowerState: change to CANDIDATE, lastRpcTime:98ms, electionTimeout:98ms
2019-10-17 08:20:04,692 [Thread-1015] INFO  impl.RoleInfo (RoleInfo.java:shutdownFollowerState(121)) - 704bfd07-5e75-419d-aba5-0f2927b551c8: shutdown FollowerState
2019-10-17 08:20:04,692 [Thread-1015] INFO  impl.RaftServerImpl (RaftServerImpl.java:setRole(184)) - 704bfd07-5e75-419d-aba5-0f2927b551c8@group-5EA4F818FACE: changes role from  FOLLOWER to CANDIDATE at term 62 for changeToCandidate
2019-10-17 08:20:04,692 [Thread-1015] INFO  impl.RoleInfo (RoleInfo.java:updateAndGet(143)) - 704bfd07-5e75-419d-aba5-0f2927b551c8: start LeaderElection
2019-10-17 08:20:04,707 [704bfd07-5e75-419d-aba5-0f2927b551c8@group-5EA4F818FACE-LeaderElection67] INFO  impl.LeaderElection (LeaderElection.java:askForVotes(178)) - 704bfd07-5e75-419d-aba5-0f2927b551c8@group-5EA4F818FACE-LeaderElection67: begin an election at term 63 for -1: [704bfd07-5e75-419d-aba5-0f2927b551c8:192.168.34.62:33038, f164ec13-c99a-4402-99d5-4f3aeeeb4a39:192.168.34.62:44851, 99f6549c-1d76-4032-b481-991b9a8ccf89:192.168.34.62:46667], old=null
2019-10-17 08:20:04,709 [grpc-default-executor-11] INFO  impl.RaftServerImpl (RaftServerImpl.java:setRole(184)) - f164ec13-c99a-4402-99d5-4f3aeeeb4a39@group-5EA4F818FACE: changes role from  FOLLOWER to FOLLOWER at term 63 for recognizeCandidate:704bfd07-5e75-419d-aba5-0f2927b551c8
2019-10-17 08:20:04,709 [grpc-default-executor-4] INFO  impl.RaftServerImpl (RaftServerImpl.java:setRole(184)) - 99f6549c-1d76-4032-b481-991b9a8ccf89@group-5EA4F818FACE: changes role from  FOLLOWER to FOLLOWER at term 63 for recognizeCandidate:704bfd07-5e75-419d-aba5-0f2927b551c8
2019-10-17 08:20:04,710 [grpc-default-executor-4] INFO  impl.RoleInfo (RoleInfo.java:shutdownFollowerState(121)) - 99f6549c-1d76-4032-b481-991b9a8ccf89: shutdown FollowerState
2019-10-17 08:20:04,709 [grpc-default-executor-11] INFO  impl.RoleInfo (RoleInfo.java:shutdownFollowerState(121)) - f164ec13-c99a-4402-99d5-4f3aeeeb4a39: shutdown FollowerState
2019-10-17 08:20:04,710 [Thread-1013] INFO  impl.FollowerState (FollowerState.java:run(117)) - 99f6549c-1d76-4032-b481-991b9a8ccf89@group-5EA4F818FACE-FollowerState was interrupted: java.lang.InterruptedException: sleep interrupted
2019-10-17 08:20:04,710 [grpc-default-executor-4] INFO  impl.RoleInfo (RoleInfo.java:updateAndGet(143)) - 99f6549c-1d76-4032-b481-991b9a8ccf89: start FollowerState
2019-10-17 08:20:04,710 [Thread-1014] INFO  impl.FollowerState (FollowerState.java:run(117)) - f164ec13-c99a-4402-99d5-4f3aeeeb4a39@group-5EA4F818FACE-FollowerState was interrupted: java.lang.InterruptedException: sleep interrupted
2019-10-17 08:20:04,710 [grpc-default-executor-11] INFO  impl.RoleInfo (RoleInfo.java:updateAndGet(143)) - f164ec13-c99a-4402-99d5-4f3aeeeb4a39: start FollowerState
2019-10-17 08:20:04,726 [704bfd07-5e75-419d-aba5-0f2927b551c8@group-5EA4F818FACE-LeaderElection67] INFO  impl.LeaderElection (LeaderElection.java:logAndReturn(56)) - 704bfd07-5e75-419d-aba5-0f2927b551c8@group-5EA4F818FACE-LeaderElection67: Election REJECTED; received 2 response(s) [704bfd07-5e75-419d-aba5-0f2927b551c8<-f164ec13-c99a-4402-99d5-4f3aeeeb4a39#0:FAIL-t63, 704bfd07-5e75-419d-aba5-0f2927b551c8<-99f6549c-1d76-4032-b481-991b9a8ccf89#0:FAIL-t63] and 0 exception(s); 704bfd07-5e75-419d-aba5-0f2927b551c8@group-5EA4F818FACE:t63, leader=null, voted=704bfd07-5e75-419d-aba5-0f2927b551c8, raftlog=704bfd07-5e75-419d-aba5-0f2927b551c8@group-5EA4F818FACE-SegmentedRaftLog:OPENED:c-1,f-1,i0, conf=-1: [704bfd07-5e75-419d-aba5-0f2927b551c8:192.168.34.62:33038, f164ec13-c99a-4402-99d5-4f3aeeeb4a39:192.168.34.62:44851, 99f6549c-1d76-4032-b481-991b9a8ccf89:192.168.34.62:46667], old=null
2019-10-17 08:20:04,726 [704bfd07-5e75-419d-aba5-0f2927b551c8@group-5EA4F818FACE-LeaderElection67] INFO  impl.RaftServerImpl (RaftServerImpl.java:setRole(184)) - 704bfd07-5e75-419d-aba5-0f2927b551c8@group-5EA4F818FACE: changes role from CANDIDATE to FOLLOWER at term 63 for DISCOVERED_A_NEW_TERM
2019-10-17 08:20:04,726 [704bfd07-5e75-419d-aba5-0f2927b551c8@group-5EA4F818FACE-LeaderElection67] INFO  impl.RoleInfo (RoleInfo.java:shutdownLeaderElection(134)) - 704bfd07-5e75-419d-aba5-0f2927b551c8: shutdown LeaderElection
2019-10-17 08:20:04,726 [704bfd07-5e75-419d-aba5-0f2927b551c8@group-5EA4F818FACE-LeaderElection67] INFO  impl.RoleInfo (RoleInfo.java:updateAndGet(143)) - 704bfd07-5e75-419d-aba5-0f2927b551c8: start FollowerState
2019-10-17 08:20:04,883 [Thread-1021] INFO  impl.FollowerState (FollowerState.java:run(108)) - 704bfd07-5e75-419d-aba5-0f2927b551c8@group-5EA4F818FACE-FollowerState: change to CANDIDATE, lastRpcTime:156ms, electionTimeout:156ms
2019-10-17 08:20:04,883 [Thread-1021] INFO  impl.RoleInfo (RoleInfo.java:shutdownFollowerState(121)) - 704bfd07-5e75-419d-aba5-0f2927b551c8: shutdown FollowerState
2019-10-17 08:20:04,883 [Thread-1021] INFO  impl.RaftServerImpl (RaftServerImpl.java:setRole(184)) - 704bfd07-5e75-419d-aba5-0f2927b551c8@group-5EA4F818FACE: changes role from  FOLLOWER to CANDIDATE at term 63 for changeToCandidate
2019-10-17 08:20:04,883 [Thread-1021] INFO  impl.RoleInfo (RoleInfo.java:updateAndGet(143)) - 704bfd07-5e75-419d-aba5-0f2927b551c8: start LeaderElection
2019-10-17 08:20:04,897 [704bfd07-5e75-419d-aba5-0f2927b551c8@group-5EA4F818FACE-LeaderElection68] INFO  impl.LeaderElection (LeaderElection.java:askForVotes(178)) - 704bfd07-5e75-419d-aba5-0f2927b551c8@group-5EA4F818FACE-LeaderElection68: begin an election at term 64 for -1: [704bfd07-5e75-419d-aba5-0f2927b551c8:192.168.34.62:33038, f164ec13-c99a-4402-99d5-4f3aeeeb4a39:192.168.34.62:44851, 99f6549c-1d76-4032-b481-991b9a8ccf89:192.168.34.62:46667], old=null
2019-10-17 08:20:04,899 [grpc-default-executor-4] INFO  impl.RaftServerImpl (RaftServerImpl.java:setRole(184)) - f164ec13-c99a-4402-99d5-4f3aeeeb4a39@group-5EA4F818FACE: changes role from  FOLLOWER to FOLLOWER at term 64 for recognizeCandidate:704bfd07-5e75-419d-aba5-0f2927b551c8
2019-10-17 08:20:04,899 [grpc-default-executor-4] INFO  impl.RoleInfo (RoleInfo.java:shutdownFollowerState(121)) - f164ec13-c99a-4402-99d5-4f3aeeeb4a39: shutdown FollowerState
2019-10-17 08:20:04,899 [grpc-default-executor-4] INFO  impl.RoleInfo (RoleInfo.java:updateAndGet(143)) - f164ec13-c99a-4402-99d5-4f3aeeeb4a39: start FollowerState
2019-10-17 08:20:04,899 [Thread-1020] INFO  impl.FollowerState (FollowerState.java:run(117)) - f164ec13-c99a-4402-99d5-4f3aeeeb4a39@group-5EA4F818FACE-FollowerState was interrupted: java.lang.InterruptedException: sleep interrupted
2019-10-17 08:20:04,899 [grpc-default-executor-11] INFO  impl.RaftServerImpl (RaftServerImpl.java:setRole(184)) - 99f6549c-1d76-4032-b481-991b9a8ccf89@group-5EA4F818FACE: changes role from  FOLLOWER to FOLLOWER at term 64 for recognizeCandidate:704bfd07-5e75-419d-aba5-0f2927b551c8
2019-10-17 08:20:04,900 [grpc-default-executor-11] INFO  impl.RoleInfo (RoleInfo.java:shutdownFollowerState(121)) - 99f6549c-1d76-4032-b481-991b9a8ccf89: shutdown FollowerState
2019-10-17 08:20:04,900 [grpc-default-executor-11] INFO  impl.RoleInfo (RoleInfo.java:updateAndGet(143)) - 99f6549c-1d76-4032-b481-991b9a8ccf89: start FollowerState
2019-10-17 08:20:04,900 [Thread-1019] INFO  impl.FollowerState (FollowerState.java:run(117)) - 99f6549c-1d76-4032-b481-991b9a8ccf89@group-5EA4F818FACE-FollowerState was interrupted: java.lang.InterruptedException: sleep interrupted
2019-10-17 08:20:04,914 [704bfd07-5e75-419d-aba5-0f2927b551c8@group-5EA4F818FACE-LeaderElection68] INFO  impl.LeaderElection (LeaderElection.java:logAndReturn(56)) - 704bfd07-5e75-419d-aba5-0f2927b551c8@group-5EA4F818FACE-LeaderElection68: Election REJECTED; received 2 response(s) [704bfd07-5e75-419d-aba5-0f2927b551c8<-f164ec13-c99a-4402-99d5-4f3aeeeb4a39#0:FAIL-t64, 704bfd07-5e75-419d-aba5-0f2927b551c8<-99f6549c-1d76-4032-b481-991b9a8ccf89#0:FAIL-t64] and 0 exception(s); 704bfd07-5e75-419d-aba5-0f2927b551c8@group-5EA4F818FACE:t64, leader=null, voted=704bfd07-5e75-419d-aba5-0f2927b551c8, raftlog=704bfd07-5e75-419d-aba5-0f2927b551c8@group-5EA4F818FACE-SegmentedRaftLog:OPENED:c-1,f-1,i0, conf=-1: [704bfd07-5e75-419d-aba5-0f2927b551c8:192.168.34.62:33038, f164ec13-c99a-4402-99d5-4f3aeeeb4a39:192.168.34.62:44851, 99f6549c-1d76-4032-b481-991b9a8ccf89:192.168.34.62:46667], old=null
2019-10-17 08:20:04,915 [704bfd07-5e75-419d-aba5-0f2927b551c8@group-5EA4F818FACE-LeaderElection68] INFO  impl.RaftServerImpl (RaftServerImpl.java:setRole(184)) - 704bfd07-5e75-419d-aba5-0f2927b551c8@group-5EA4F818FACE: changes role from CANDIDATE to FOLLOWER at term 64 for DISCOVERED_A_NEW_TERM
2019-10-17 08:20:04,915 [704bfd07-5e75-419d-aba5-0f2927b551c8@group-5EA4F818FACE-LeaderElection68] INFO  impl.RoleInfo (RoleInfo.java:shutdownLeaderElection(134)) - 704bfd07-5e75-419d-aba5-0f2927b551c8: shutdown LeaderElection
2019-10-17 08:20:04,915 [704bfd07-5e75-419d-aba5-0f2927b551c8@group-5EA4F818FACE-LeaderElection68] INFO  impl.RoleInfo (RoleInfo.java:updateAndGet(143)) - 704bfd07-5e75-419d-aba5-0f2927b551c8: start FollowerState
2019-10-17 08:20:04,989 [Thread-1027] INFO  impl.FollowerState (FollowerState.java:run(108)) - 704bfd07-5e75-419d-aba5-0f2927b551c8@group-5EA4F818FACE-FollowerState: change to CANDIDATE, lastRpcTime:73ms, electionTimeout:73ms
2019-10-17 08:20:04,989 [Thread-1027] INFO  impl.RoleInfo (RoleInfo.java:shutdownFollowerState(121)) - 704bfd07-5e75-419d-aba5-0f2927b551c8: shutdown FollowerState
2019-10-17 08:20:04,989 [Thread-1027] INFO  impl.RaftServerImpl (RaftServerImpl.java:setRole(184)) - 704bfd07-5e75-419d-aba5-0f2927b551c8@group-5EA4F818FACE: changes role from  FOLLOWER to CANDIDATE at term 64 for changeToCandidate
2019-10-17 08:20:04,989 [Thread-1027] INFO  impl.RoleInfo (RoleInfo.java:updateAndGet(143)) - 704bfd07-5e75-419d-aba5-0f2927b551c8: start LeaderElection
2019-10-17 08:20:05,004 [704bfd07-5e75-419d-aba5-0f2927b551c8@group-5EA4F818FACE-LeaderElection69] INFO  impl.LeaderElection (LeaderElection.java:askForVotes(178)) - 704bfd07-5e75-419d-aba5-0f2927b551c8@group-5EA4F818FACE-LeaderElection69: begin an election at term 65 for -1: [704bfd07-5e75-419d-aba5-0f2927b551c8:192.168.34.62:33038, f164ec13-c99a-4402-99d5-4f3aeeeb4a39:192.168.34.62:44851, 99f6549c-1d76-4032-b481-991b9a8ccf89:192.168.34.62:46667], old=null
2019-10-17 08:20:05,006 [grpc-default-executor-4] INFO  impl.RaftServerImpl (RaftServerImpl.java:setRole(184)) - f164ec13-c99a-4402-99d5-4f3aeeeb4a39@group-5EA4F818FACE: changes role from  FOLLOWER to FOLLOWER at term 65 for recognizeCandidate:704bfd07-5e75-419d-aba5-0f2927b551c8
2019-10-17 08:20:05,007 [grpc-default-executor-4] INFO  impl.RoleInfo (RoleInfo.java:shutdownFollowerState(121)) - f164ec13-c99a-4402-99d5-4f3aeeeb4a39: shutdown FollowerState
2019-10-17 08:20:05,007 [grpc-default-executor-11] INFO  impl.RaftServerImpl (RaftServerImpl.java:setRole(184)) - 99f6549c-1d76-4032-b481-991b9a8ccf89@group-5EA4F818FACE: changes role from  FOLLOWER to FOLLOWER at term 65 for recognizeCandidate:704bfd07-5e75-419d-aba5-0f2927b551c8
2019-10-17 08:20:05,007 [grpc-default-executor-4] INFO  impl.RoleInfo (RoleInfo.java:updateAndGet(143)) - f164ec13-c99a-4402-99d5-4f3aeeeb4a39: start FollowerState
2019-10-17 08:20:05,007 [Thread-1025] INFO  impl.FollowerState (FollowerState.java:run(117)) - f164ec13-c99a-4402-99d5-4f3aeeeb4a39@group-5EA4F818FACE-FollowerState was interrupted: java.lang.InterruptedException: sleep interrupted
2019-10-17 08:20:05,007 [grpc-default-executor-11] INFO  impl.RoleInfo (RoleInfo.java:shutdownFollowerState(121)) - 99f6549c-1d76-4032-b481-991b9a8ccf89: shutdown FollowerState
2019-10-17 08:20:05,008 [grpc-default-executor-11] INFO  impl.RoleInfo (RoleInfo.java:updateAndGet(143)) - 99f6549c-1d76-4032-b481-991b9a8ccf89: start FollowerState
2019-10-17 08:20:05,008 [Thread-1026] INFO  impl.FollowerState (FollowerState.java:run(117)) - 99f6549c-1d76-4032-b481-991b9a8ccf89@group-5EA4F818FACE-FollowerState was interrupted: java.lang.InterruptedException: sleep interrupted
2019-10-17 08:20:05,022 [704bfd07-5e75-419d-aba5-0f2927b551c8@group-5EA4F818FACE-LeaderElection69] INFO  impl.LeaderElection (LeaderElection.java:logAndReturn(56)) - 704bfd07-5e75-419d-aba5-0f2927b551c8@group-5EA4F818FACE-LeaderElection69: Election REJECTED; received 2 response(s) [704bfd07-5e75-419d-aba5-0f2927b551c8<-f164ec13-c99a-4402-99d5-4f3aeeeb4a39#0:FAIL-t65, 704bfd07-5e75-419d-aba5-0f2927b551c8<-99f6549c-1d76-4032-b481-991b9a8ccf89#0:FAIL-t65] and 0 exception(s); 704bfd07-5e75-419d-aba5-0f2927b551c8@group-5EA4F818FACE:t65, leader=null, voted=704bfd07-5e75-419d-aba5-0f2927b551c8, raftlog=704bfd07-5e75-419d-aba5-0f2927b551c8@group-5EA4F818FACE-SegmentedRaftLog:OPENED:c-1,f-1,i0, conf=-1: [704bfd07-5e75-419d-aba5-0f2927b551c8:192.168.34.62:33038, f164ec13-c99a-4402-99d5-4f3aeeeb4a39:192.168.34.62:44851, 99f6549c-1d76-4032-b481-991b9a8ccf89:192.168.34.62:46667], old=null
2019-10-17 08:20:05,022 [704bfd07-5e75-419d-aba5-0f2927b551c8@group-5EA4F818FACE-LeaderElection69] INFO  impl.RaftServerImpl (RaftServerImpl.java:setRole(184)) - 704bfd07-5e75-419d-aba5-0f2927b551c8@group-5EA4F818FACE: changes role from CANDIDATE to FOLLOWER at term 65 for DISCOVERED_A_NEW_TERM
2019-10-17 08:20:05,022 [704bfd07-5e75-419d-aba5-0f2927b551c8@group-5EA4F818FACE-LeaderElection69] INFO  impl.RoleInfo (RoleInfo.java:shutdownLeaderElection(134)) - 704bfd07-5e75-419d-aba5-0f2927b551c8: shutdown LeaderElection
2019-10-17 08:20:05,022 [704bfd07-5e75-419d-aba5-0f2927b551c8@group-5EA4F818FACE-LeaderElection69] INFO  impl.RoleInfo (RoleInfo.java:updateAndGet(143)) - 704bfd07-5e75-419d-aba5-0f2927b551c8: start FollowerState
 100.00% |?????????????????????????????????????????????????????????????????????????????????????????????????????|  1/1 Time: 0:00:05
]]></system-out>
  </testcase>
</testsuite>