<?xml version="1.0" encoding="UTF-8"?>
<testsuite xmlns:xsi="http://www.w3.org/2001/XMLSchema-instance" xsi:noNamespaceSchemaLocation="https://maven.apache.org/surefire/maven-surefire-plugin/xsd/surefire-test-report.xsd" name="org.apache.hadoop.ozone.TestStorageContainerManager" time="291.111" tests="9" errors="1" skipped="0" failures="0">
  <properties>
    <property name="awt.toolkit" value="sun.awt.X11.XToolkit"/>
    <property name="file.encoding.pkg" value="sun.io"/>
    <property name="java.specification.version" value="1.8"/>
    <property name="sun.cpu.isalist" value=""/>
    <property name="sun.jnu.encoding" value="UTF-8"/>
    <property name="java.class.path" value="/workdir/hadoop-ozone/integration-test/target/test-classes:/workdir/hadoop-ozone/integration-test/target/classes:/home/user/.m2/repository/org/apache/hadoop/hadoop-ozone-common/0.5.0-SNAPSHOT/hadoop-ozone-common-0.5.0-SNAPSHOT.jar:/home/user/.m2/repository/org/apache/commons/commons-compress/1.4.1/commons-compress-1.4.1.jar:/home/user/.m2/repository/org/tukaani/xz/1.0/xz-1.0.jar:/home/user/.m2/repository/org/apache/hadoop/hadoop-common/3.2.0/hadoop-common-3.2.0.jar:/home/user/.m2/repository/org/apache/hadoop/hadoop-hdfs/3.2.0/hadoop-hdfs-3.2.0.jar:/home/user/.m2/repository/org/apache/hadoop/hadoop-hdfs-client/3.2.0/hadoop-hdfs-client-3.2.0.jar:/home/user/.m2/repository/com/fasterxml/jackson/core/jackson-annotations/2.9.9/jackson-annotations-2.9.9.jar:/home/user/.m2/repository/org/apache/hadoop/hadoop-hdds-common/0.5.0-SNAPSHOT/hadoop-hdds-common-0.5.0-SNAPSHOT.jar:/home/user/.m2/repository/javax/annotation/javax.annotation-api/1.2/javax.annotation-api-1.2.jar:/home/user/.m2/repository/org/apache/ratis/ratis-server/0.5.0-201fc85-SNAPSHOT/ratis-server-0.5.0-201fc85-SNAPSHOT.jar:/home/user/.m2/repository/org/apache/ratis/ratis-thirdparty-misc/0.2.0/ratis-thirdparty-misc-0.2.0.jar:/home/user/.m2/repository/org/apache/ratis/ratis-proto/0.5.0-201fc85-SNAPSHOT/ratis-proto-0.5.0-201fc85-SNAPSHOT.jar:/home/user/.m2/repository/org/apache/ratis/ratis-common/0.5.0-201fc85-SNAPSHOT/ratis-common-0.5.0-201fc85-SNAPSHOT.jar:/home/user/.m2/repository/org/apache/ratis/ratis-client/0.5.0-201fc85-SNAPSHOT/ratis-client-0.5.0-201fc85-SNAPSHOT.jar:/home/user/.m2/repository/org/apache/ratis/ratis-metrics/0.5.0-201fc85-SNAPSHOT/ratis-metrics-0.5.0-201fc85-SNAPSHOT.jar:/home/user/.m2/repository/com/github/joshelser/dropwizard-metrics-hadoop-metrics2-reporter/0.1.2/dropwizard-metrics-hadoop-metrics2-reporter-0.1.2.jar:/home/user/.m2/repository/io/dropwizard/metrics/metrics-jvm/3.2.5/metrics-jvm-3.2.5.jar:/home/user/.m2/repository/io/dropwizard/metrics/metrics-ganglia/3.2.5/metrics-ganglia-3.2.5.jar:/home/user/.m2/repository/info/ganglia/gmetric4j/gmetric4j/1.0.7/gmetric4j-1.0.7.jar:/home/user/.m2/repository/org/apache/ratis/ratis-netty/0.5.0-201fc85-SNAPSHOT/ratis-netty-0.5.0-201fc85-SNAPSHOT.jar:/home/user/.m2/repository/org/apache/ratis/ratis-grpc/0.5.0-201fc85-SNAPSHOT/ratis-grpc-0.5.0-201fc85-SNAPSHOT.jar:/home/user/.m2/repository/org/rocksdb/rocksdbjni/6.0.1/rocksdbjni-6.0.1.jar:/home/user/.m2/repository/org/apache/logging/log4j/log4j-api/2.11.0/log4j-api-2.11.0.jar:/home/user/.m2/repository/org/apache/logging/log4j/log4j-core/2.11.0/log4j-core-2.11.0.jar:/home/user/.m2/repository/com/lmax/disruptor/3.4.2/disruptor-3.4.2.jar:/home/user/.m2/repository/org/apache/commons/commons-pool2/2.6.0/commons-pool2-2.6.0.jar:/home/user/.m2/repository/org/bouncycastle/bcpkix-jdk15on/1.60/bcpkix-jdk15on-1.60.jar:/home/user/.m2/repository/commons-validator/commons-validator/1.6/commons-validator-1.6.jar:/home/user/.m2/repository/commons-digester/commons-digester/1.8.1/commons-digester-1.8.1.jar:/home/user/.m2/repository/io/jaegertracing/jaeger-client/0.34.0/jaeger-client-0.34.0.jar:/home/user/.m2/repository/io/jaegertracing/jaeger-thrift/0.34.0/jaeger-thrift-0.34.0.jar:/home/user/.m2/repository/org/apache/thrift/libthrift/0.12.0/libthrift-0.12.0.jar:/home/user/.m2/repository/com/squareup/okhttp3/okhttp/3.9.0/okhttp-3.9.0.jar:/home/user/.m2/repository/com/squareup/okio/okio/1.13.0/okio-1.13.0.jar:/home/user/.m2/repository/io/jaegertracing/jaeger-core/0.34.0/jaeger-core-0.34.0.jar:/home/user/.m2/repository/io/jaegertracing/jaeger-tracerresolver/0.34.0/jaeger-tracerresolver-0.34.0.jar:/home/user/.m2/repository/io/opentracing/contrib/opentracing-tracerresolver/0.1.5/opentracing-tracerresolver-0.1.5.jar:/home/user/.m2/repository/io/opentracing/opentracing-util/0.31.0/opentracing-util-0.31.0.jar:/home/user/.m2/repository/io/opentracing/opentracing-api/0.31.0/opentracing-api-0.31.0.jar:/home/user/.m2/repository/io/opentracing/opentracing-noop/0.31.0/opentracing-noop-0.31.0.jar:/home/user/.m2/repository/org/apache/hadoop/hadoop-hdds-server-framework/0.5.0-SNAPSHOT/hadoop-hdds-server-framework-0.5.0-SNAPSHOT.jar:/home/user/.m2/repository/org/apache/hadoop/hadoop-hdds-container-service/0.5.0-SNAPSHOT/hadoop-hdds-container-service-0.5.0-SNAPSHOT.jar:/home/user/.m2/repository/org/apache/hadoop/hadoop-hdds-client/0.5.0-SNAPSHOT/hadoop-hdds-client-0.5.0-SNAPSHOT.jar:/home/user/.m2/repository/org/apache/hadoop/hadoop-hdds-tools/0.5.0-SNAPSHOT/hadoop-hdds-tools-0.5.0-SNAPSHOT.jar:/home/user/.m2/repository/org/apache/hadoop/hadoop-hdds-server-scm/0.5.0-SNAPSHOT/hadoop-hdds-server-scm-0.5.0-SNAPSHOT.jar:/home/user/.m2/repository/org/apache/hadoop/hadoop-hdds-docs/0.5.0-SNAPSHOT/hadoop-hdds-docs-0.5.0-SNAPSHOT.jar:/home/user/.m2/repository/io/dropwizard/metrics/metrics-core/3.2.4/metrics-core-3.2.4.jar:/home/user/.m2/repository/org/hamcrest/hamcrest-all/1.3/hamcrest-all-1.3.jar:/home/user/.m2/repository/org/bouncycastle/bcprov-jdk15on/1.60/bcprov-jdk15on-1.60.jar:/home/user/.m2/repository/info/picocli/picocli/3.9.6/picocli-3.9.6.jar:/home/user/.m2/repository/com/google/protobuf/protobuf-java/2.5.0/protobuf-java-2.5.0.jar:/home/user/.m2/repository/com/google/guava/guava/11.0.2/guava-11.0.2.jar:/home/user/.m2/repository/org/apache/hadoop/hadoop-ozone-ozone-manager/0.5.0-SNAPSHOT/hadoop-ozone-ozone-manager-0.5.0-SNAPSHOT.jar:/home/user/.m2/repository/org/apache/hadoop/hadoop-minikdc/3.2.0/hadoop-minikdc-3.2.0.jar:/home/user/.m2/repository/commons-io/commons-io/2.5/commons-io-2.5.jar:/home/user/.m2/repository/org/apache/kerby/kerb-simplekdc/1.0.1/kerb-simplekdc-1.0.1.jar:/home/user/.m2/repository/org/apache/kerby/kerb-client/1.0.1/kerb-client-1.0.1.jar:/home/user/.m2/repository/org/apache/kerby/kerby-config/1.0.1/kerby-config-1.0.1.jar:/home/user/.m2/repository/org/apache/kerby/kerb-core/1.0.1/kerb-core-1.0.1.jar:/home/user/.m2/repository/org/apache/kerby/kerby-pkix/1.0.1/kerby-pkix-1.0.1.jar:/home/user/.m2/repository/org/apache/kerby/kerby-asn1/1.0.1/kerby-asn1-1.0.1.jar:/home/user/.m2/repository/org/apache/kerby/kerby-util/1.0.1/kerby-util-1.0.1.jar:/home/user/.m2/repository/org/apache/kerby/kerb-common/1.0.1/kerb-common-1.0.1.jar:/home/user/.m2/repository/org/apache/kerby/kerb-crypto/1.0.1/kerb-crypto-1.0.1.jar:/home/user/.m2/repository/org/apache/kerby/kerb-util/1.0.1/kerb-util-1.0.1.jar:/home/user/.m2/repository/org/apache/kerby/token-provider/1.0.1/token-provider-1.0.1.jar:/home/user/.m2/repository/org/apache/kerby/kerb-admin/1.0.1/kerb-admin-1.0.1.jar:/home/user/.m2/repository/org/apache/kerby/kerb-server/1.0.1/kerb-server-1.0.1.jar:/home/user/.m2/repository/org/apache/kerby/kerb-identity/1.0.1/kerb-identity-1.0.1.jar:/home/user/.m2/repository/org/apache/kerby/kerby-xdr/1.0.1/kerby-xdr-1.0.1.jar:/home/user/.m2/repository/org/slf4j/slf4j-log4j12/1.7.25/slf4j-log4j12-1.7.25.jar:/home/user/.m2/repository/org/apache/hadoop/hadoop-ozone-s3gateway/0.5.0-SNAPSHOT/hadoop-ozone-s3gateway-0.5.0-SNAPSHOT.jar:/home/user/.m2/repository/org/jboss/weld/servlet/weld-servlet/2.4.7.Final/weld-servlet-2.4.7.Final.jar:/home/user/.m2/repository/org/glassfish/jersey/containers/jersey-container-servlet-core/2.27/jersey-container-servlet-core-2.27.jar:/home/user/.m2/repository/org/glassfish/hk2/external/javax.inject/2.5.0-b42/javax.inject-2.5.0-b42.jar:/home/user/.m2/repository/org/glassfish/jersey/core/jersey-common/2.27/jersey-common-2.27.jar:/home/user/.m2/repository/org/glassfish/hk2/osgi-resource-locator/1.0.1/osgi-resource-locator-1.0.1.jar:/home/user/.m2/repository/javax/ws/rs/javax.ws.rs-api/2.1/javax.ws.rs-api-2.1.jar:/home/user/.m2/repository/org/glassfish/jersey/ext/cdi/jersey-cdi1x/2.27/jersey-cdi1x-2.27.jar:/home/user/.m2/repository/org/glassfish/jersey/inject/jersey-hk2/2.27/jersey-hk2-2.27.jar:/home/user/.m2/repository/org/glassfish/hk2/hk2-locator/2.5.0-b42/hk2-locator-2.5.0-b42.jar:/home/user/.m2/repository/org/javassist/javassist/3.22.0-CR2/javassist-3.22.0-CR2.jar:/home/user/.m2/repository/org/glassfish/hk2/hk2-api/2.5.0/hk2-api-2.5.0.jar:/home/user/.m2/repository/org/glassfish/hk2/external/jakarta.inject/2.5.0/jakarta.inject-2.5.0.jar:/home/user/.m2/repository/org/glassfish/hk2/hk2-utils/2.5.0/hk2-utils-2.5.0.jar:/home/user/.m2/repository/jakarta/annotation/jakarta.annotation-api/1.3.4/jakarta.annotation-api-1.3.4.jar:/home/user/.m2/repository/org/glassfish/hk2/external/aopalliance-repackaged/2.5.0/aopalliance-repackaged-2.5.0.jar:/home/user/.m2/repository/com/fasterxml/jackson/dataformat/jackson-dataformat-xml/2.9.0/jackson-dataformat-xml-2.9.0.jar:/home/user/.m2/repository/com/fasterxml/jackson/core/jackson-core/2.9.9/jackson-core-2.9.9.jar:/home/user/.m2/repository/com/fasterxml/jackson/module/jackson-module-jaxb-annotations/2.9.9/jackson-module-jaxb-annotations-2.9.9.jar:/home/user/.m2/repository/javax/enterprise/cdi-api/1.2/cdi-api-1.2.jar:/home/user/.m2/repository/javax/el/javax.el-api/3.0.0/javax.el-api-3.0.0.jar:/home/user/.m2/repository/javax/interceptor/javax.interceptor-api/1.2/javax.interceptor-api-1.2.jar:/home/user/.m2/repository/javax/inject/javax.inject/1/javax.inject-1.jar:/home/user/.m2/repository/com/sun/xml/bind/jaxb-impl/2.3.0.1/jaxb-impl-2.3.0.1.jar:/home/user/.m2/repository/com/sun/xml/bind/jaxb-core/2.3.0.1/jaxb-core-2.3.0.1.jar:/home/user/.m2/repository/javax/xml/bind/jaxb-api/2.3.0/jaxb-api-2.3.0.jar:/home/user/.m2/repository/javax/activation/activation/1.1.1/activation-1.1.1.jar:/home/user/.m2/repository/org/apache/hadoop/hadoop-ozone-csi/0.5.0-SNAPSHOT/hadoop-ozone-csi-0.5.0-SNAPSHOT.jar:/home/user/.m2/repository/com/google/protobuf/protobuf-java-util/3.5.1/protobuf-java-util-3.5.1.jar:/home/user/.m2/repository/org/apache/hadoop/hadoop-hdds-config/0.5.0-SNAPSHOT/hadoop-hdds-config-0.5.0-SNAPSHOT.jar:/home/user/.m2/repository/io/grpc/grpc-netty/1.17.1/grpc-netty-1.17.1.jar:/home/user/.m2/repository/io/grpc/grpc-core/1.17.1/grpc-core-1.17.1.jar:/home/user/.m2/repository/io/grpc/grpc-context/1.17.1/grpc-context-1.17.1.jar:/home/user/.m2/repository/com/google/errorprone/error_prone_annotations/2.2.0/error_prone_annotations-2.2.0.jar:/home/user/.m2/repository/org/codehaus/mojo/animal-sniffer-annotations/1.17/animal-sniffer-annotations-1.17.jar:/home/user/.m2/repository/io/opencensus/opencensus-api/0.17.0/opencensus-api-0.17.0.jar:/home/user/.m2/repository/io/opencensus/opencensus-contrib-grpc-metrics/0.17.0/opencensus-contrib-grpc-metrics-0.17.0.jar:/home/user/.m2/repository/io/netty/netty-codec-http2/4.1.30.Final/netty-codec-http2-4.1.30.Final.jar:/home/user/.m2/repository/io/netty/netty-codec-http/4.1.30.Final/netty-codec-http-4.1.30.Final.jar:/home/user/.m2/repository/io/netty/netty-codec/4.1.30.Final/netty-codec-4.1.30.Final.jar:/home/user/.m2/repository/io/netty/netty-handler/4.1.30.Final/netty-handler-4.1.30.Final.jar:/home/user/.m2/repository/io/netty/netty-handler-proxy/4.1.30.Final/netty-handler-proxy-4.1.30.Final.jar:/home/user/.m2/repository/io/netty/netty-codec-socks/4.1.30.Final/netty-codec-socks-4.1.30.Final.jar:/home/user/.m2/repository/io/netty/netty-transport-native-epoll/4.1.30.Final/netty-transport-native-epoll-4.1.30.Final.jar:/home/user/.m2/repository/io/netty/netty-common/4.1.30.Final/netty-common-4.1.30.Final.jar:/home/user/.m2/repository/io/netty/netty-buffer/4.1.30.Final/netty-buffer-4.1.30.Final.jar:/home/user/.m2/repository/io/netty/netty-transport/4.1.30.Final/netty-transport-4.1.30.Final.jar:/home/user/.m2/repository/io/netty/netty-resolver/4.1.30.Final/netty-resolver-4.1.30.Final.jar:/home/user/.m2/repository/io/netty/netty-transport-native-unix-common/4.1.30.Final/netty-transport-native-unix-common-4.1.30.Final.jar:/home/user/.m2/repository/io/grpc/grpc-protobuf/1.17.1/grpc-protobuf-1.17.1.jar:/home/user/.m2/repository/com/google/api/grpc/proto-google-common-protos/1.0.0/proto-google-common-protos-1.0.0.jar:/home/user/.m2/repository/io/grpc/grpc-protobuf-lite/1.17.1/grpc-protobuf-lite-1.17.1.jar:/home/user/.m2/repository/io/grpc/grpc-stub/1.17.1/grpc-stub-1.17.1.jar:/home/user/.m2/repository/org/apache/hadoop/hadoop-ozone-recon/0.5.0-SNAPSHOT/hadoop-ozone-recon-0.5.0-SNAPSHOT.jar:/home/user/.m2/repository/org/apache/hadoop/hadoop-ozone-reconcodegen/0.5.0-SNAPSHOT/hadoop-ozone-reconcodegen-0.5.0-SNAPSHOT.jar:/home/user/.m2/repository/com/google/inject/extensions/guice-multibindings/4.0/guice-multibindings-4.0.jar:/home/user/.m2/repository/com/google/inject/guice/4.0/guice-4.0.jar:/home/user/.m2/repository/aopalliance/aopalliance/1.0/aopalliance-1.0.jar:/home/user/.m2/repository/com/google/inject/extensions/guice-servlet/4.0/guice-servlet-4.0.jar:/home/user/.m2/repository/org/glassfish/jersey/containers/jersey-container-servlet/2.27/jersey-container-servlet-2.27.jar:/home/user/.m2/repository/org/glassfish/hk2/guice-bridge/2.5.0/guice-bridge-2.5.0.jar:/home/user/.m2/repository/org/glassfish/jersey/core/jersey-server/2.27/jersey-server-2.27.jar:/home/user/.m2/repository/org/glassfish/jersey/core/jersey-client/2.27/jersey-client-2.27.jar:/home/user/.m2/repository/org/glassfish/jersey/media/jersey-media-jaxb/2.27/jersey-media-jaxb-2.27.jar:/home/user/.m2/repository/javax/validation/validation-api/1.1.0.Final/validation-api-1.1.0.Final.jar:/home/user/.m2/repository/org/glassfish/jersey/media/jersey-media-json-jackson/2.27/jersey-media-json-jackson-2.27.jar:/home/user/.m2/repository/org/glassfish/jersey/ext/jersey-entity-filtering/2.27/jersey-entity-filtering-2.27.jar:/home/user/.m2/repository/com/google/inject/extensions/guice-assistedinject/4.0/guice-assistedinject-4.0.jar:/home/user/.m2/repository/org/jooq/jooq/3.11.10/jooq-3.11.10.jar:/home/user/.m2/repository/org/jooq/jooq-meta/3.11.10/jooq-meta-3.11.10.jar:/home/user/.m2/repository/org/jooq/jooq-codegen/3.11.10/jooq-codegen-3.11.10.jar:/home/user/.m2/repository/com/jolbox/bonecp/0.8.0.RELEASE/bonecp-0.8.0.RELEASE.jar:/home/user/.m2/repository/org/xerial/sqlite-jdbc/3.25.2/sqlite-jdbc-3.25.2.jar:/home/user/.m2/repository/org/springframework/spring-jdbc/5.1.3.RELEASE/spring-jdbc-5.1.3.RELEASE.jar:/home/user/.m2/repository/org/springframework/spring-beans/5.1.3.RELEASE/spring-beans-5.1.3.RELEASE.jar:/home/user/.m2/repository/org/springframework/spring-core/5.1.3.RELEASE/spring-core-5.1.3.RELEASE.jar:/home/user/.m2/repository/org/springframework/spring-jcl/5.1.3.RELEASE/spring-jcl-5.1.3.RELEASE.jar:/home/user/.m2/repository/org/springframework/spring-tx/5.1.3.RELEASE/spring-tx-5.1.3.RELEASE.jar:/home/user/.m2/repository/org/apache/hadoop/hadoop-ozone-client/0.5.0-SNAPSHOT/hadoop-ozone-client-0.5.0-SNAPSHOT.jar:/home/user/.m2/repository/commons-lang/commons-lang/2.6/commons-lang-2.6.jar:/home/user/.m2/repository/org/apache/hadoop/hadoop-ozone-ozone-manager/0.5.0-SNAPSHOT/hadoop-ozone-ozone-manager-0.5.0-SNAPSHOT-tests.jar:/home/user/.m2/repository/junit/junit/4.11/junit-4.11.jar:/home/user/.m2/repository/org/hamcrest/hamcrest-core/1.3/hamcrest-core-1.3.jar:/home/user/.m2/repository/org/openjdk/jmh/jmh-core/1.19/jmh-core-1.19.jar:/home/user/.m2/repository/net/sf/jopt-simple/jopt-simple/4.6/jopt-simple-4.6.jar:/home/user/.m2/repository/org/apache/commons/commons-math3/3.1.1/commons-math3-3.1.1.jar:/home/user/.m2/repository/org/openjdk/jmh/jmh-generator-annprocess/1.19/jmh-generator-annprocess-1.19.jar:/home/user/.m2/repository/org/mockito/mockito-all/1.8.5/mockito-all-1.8.5.jar:/home/user/.m2/repository/org/apache/hadoop/hadoop-kms/3.2.0/hadoop-kms-3.2.0.jar:/home/user/.m2/repository/org/apache/hadoop/hadoop-auth/3.2.0/hadoop-auth-3.2.0.jar:/home/user/.m2/repository/com/nimbusds/nimbus-jose-jwt/4.41.1/nimbus-jose-jwt-4.41.1.jar:/home/user/.m2/repository/com/github/stephenc/jcip/jcip-annotations/1.0-1/jcip-annotations-1.0-1.jar:/home/user/.m2/repository/net/minidev/json-smart/2.3/json-smart-2.3.jar:/home/user/.m2/repository/net/minidev/accessors-smart/1.2/accessors-smart-1.2.jar:/home/user/.m2/repository/org/ow2/asm/asm/5.0.4/asm-5.0.4.jar:/home/user/.m2/repository/org/apache/curator/curator-framework/2.12.0/curator-framework-2.12.0.jar:/home/user/.m2/repository/com/sun/jersey/jersey-core/1.19/jersey-core-1.19.jar:/home/user/.m2/repository/javax/ws/rs/jsr311-api/1.1.1/jsr311-api-1.1.1.jar:/home/user/.m2/repository/com/sun/jersey/jersey-server/1.19/jersey-server-1.19.jar:/home/user/.m2/repository/javax/servlet/javax.servlet-api/3.1.0/javax.servlet-api-3.1.0.jar:/home/user/.m2/repository/org/eclipse/jetty/jetty-server/9.3.25.v20180904/jetty-server-9.3.25.v20180904.jar:/home/user/.m2/repository/org/eclipse/jetty/jetty-http/9.3.25.v20180904/jetty-http-9.3.25.v20180904.jar:/home/user/.m2/repository/org/eclipse/jetty/jetty-io/9.3.25.v20180904/jetty-io-9.3.25.v20180904.jar:/home/user/.m2/repository/org/eclipse/jetty/jetty-webapp/9.3.25.v20180904/jetty-webapp-9.3.25.v20180904.jar:/home/user/.m2/repository/org/eclipse/jetty/jetty-xml/9.3.25.v20180904/jetty-xml-9.3.25.v20180904.jar:/home/user/.m2/repository/log4j/log4j/1.2.17/log4j-1.2.17.jar:/home/user/.m2/repository/org/slf4j/slf4j-api/1.7.25/slf4j-api-1.7.25.jar:/home/user/.m2/repository/org/slf4j/jul-to-slf4j/1.7.25/jul-to-slf4j-1.7.25.jar:/home/user/.m2/repository/org/eclipse/jetty/jetty-util/9.3.25.v20180904/jetty-util-9.3.25.v20180904.jar:/home/user/.m2/repository/com/fasterxml/jackson/core/jackson-databind/2.9.9/jackson-databind-2.9.9.jar:/home/user/.m2/repository/org/apache/hadoop/hadoop-kms/3.2.0/hadoop-kms-3.2.0-tests.jar:/home/user/.m2/repository/org/apache/hadoop/hadoop-hdds-server-scm/0.5.0-SNAPSHOT/hadoop-hdds-server-scm-0.5.0-SNAPSHOT-tests.jar:/home/user/.m2/repository/org/apache/hadoop/hadoop-hdds-container-service/0.5.0-SNAPSHOT/hadoop-hdds-container-service-0.5.0-SNAPSHOT-tests.jar:/home/user/.m2/repository/org/yaml/snakeyaml/1.16/snakeyaml-1.16.jar:/home/user/.m2/repository/org/apache/hadoop/hadoop-common/3.2.0/hadoop-common-3.2.0-tests.jar:/home/user/.m2/repository/org/apache/hadoop/hadoop-annotations/3.2.0/hadoop-annotations-3.2.0.jar:/usr/lib/jvm/java-1.8-openjdk/jre/../lib/tools.jar:/home/user/.m2/repository/commons-cli/commons-cli/1.2/commons-cli-1.2.jar:/home/user/.m2/repository/org/apache/httpcomponents/httpclient/4.5.2/httpclient-4.5.2.jar:/home/user/.m2/repository/org/apache/httpcomponents/httpcore/4.4.4/httpcore-4.4.4.jar:/home/user/.m2/repository/commons-codec/commons-codec/1.11/commons-codec-1.11.jar:/home/user/.m2/repository/commons-net/commons-net/3.6/commons-net-3.6.jar:/home/user/.m2/repository/commons-collections/commons-collections/3.2.2/commons-collections-3.2.2.jar:/home/user/.m2/repository/org/eclipse/jetty/jetty-servlet/9.3.25.v20180904/jetty-servlet-9.3.25.v20180904.jar:/home/user/.m2/repository/org/eclipse/jetty/jetty-security/9.3.25.v20180904/jetty-security-9.3.25.v20180904.jar:/home/user/.m2/repository/javax/servlet/jsp/jsp-api/2.1/jsp-api-2.1.jar:/home/user/.m2/repository/com/sun/jersey/jersey-servlet/1.19/jersey-servlet-1.19.jar:/home/user/.m2/repository/com/sun/jersey/jersey-json/1.19/jersey-json-1.19.jar:/home/user/.m2/repository/org/codehaus/jettison/jettison/1.1/jettison-1.1.jar:/home/user/.m2/repository/org/codehaus/jackson/jackson-core-asl/1.9.13/jackson-core-asl-1.9.13.jar:/home/user/.m2/repository/org/codehaus/jackson/jackson-mapper-asl/1.9.13/jackson-mapper-asl-1.9.13.jar:/home/user/.m2/repository/org/codehaus/jackson/jackson-jaxrs/1.9.13/jackson-jaxrs-1.9.13.jar:/home/user/.m2/repository/org/codehaus/jackson/jackson-xc/1.9.13/jackson-xc-1.9.13.jar:/home/user/.m2/repository/commons-logging/commons-logging/1.1.3/commons-logging-1.1.3.jar:/home/user/.m2/repository/commons-beanutils/commons-beanutils/1.9.4/commons-beanutils-1.9.4.jar:/home/user/.m2/repository/org/apache/commons/commons-configuration2/2.1.1/commons-configuration2-2.1.1.jar:/home/user/.m2/repository/org/apache/commons/commons-lang3/3.7/commons-lang3-3.7.jar:/home/user/.m2/repository/org/apache/commons/commons-text/1.4/commons-text-1.4.jar:/home/user/.m2/repository/org/apache/avro/avro/1.7.7/avro-1.7.7.jar:/home/user/.m2/repository/com/thoughtworks/paranamer/paranamer/2.3/paranamer-2.3.jar:/home/user/.m2/repository/org/xerial/snappy/snappy-java/1.0.5/snappy-java-1.0.5.jar:/home/user/.m2/repository/com/google/re2j/re2j/1.1/re2j-1.1.jar:/home/user/.m2/repository/com/google/code/gson/gson/2.2.4/gson-2.2.4.jar:/home/user/.m2/repository/com/jcraft/jsch/0.1.54/jsch-0.1.54.jar:/home/user/.m2/repository/org/apache/curator/curator-client/2.12.0/curator-client-2.12.0.jar:/home/user/.m2/repository/org/apache/curator/curator-recipes/2.12.0/curator-recipes-2.12.0.jar:/home/user/.m2/repository/com/google/code/findbugs/jsr305/3.0.0/jsr305-3.0.0.jar:/home/user/.m2/repository/org/apache/htrace/htrace-core4/4.1.0-incubating/htrace-core4-4.1.0-incubating.jar:/home/user/.m2/repository/org/apache/zookeeper/zookeeper/3.4.13/zookeeper-3.4.13.jar:/home/user/.m2/repository/jline/jline/0.9.94/jline-0.9.94.jar:/home/user/.m2/repository/org/apache/yetus/audience-annotations/0.5.0/audience-annotations-0.5.0.jar:/home/user/.m2/repository/org/codehaus/woodstox/stax2-api/3.1.4/stax2-api-3.1.4.jar:/home/user/.m2/repository/com/fasterxml/woodstox/woodstox-core/5.0.3/woodstox-core-5.0.3.jar:/home/user/.m2/repository/dnsjava/dnsjava/2.1.7/dnsjava-2.1.7.jar:/home/user/.m2/repository/org/apache/hadoop/hadoop-hdfs/3.2.0/hadoop-hdfs-3.2.0-tests.jar:/home/user/.m2/repository/org/eclipse/jetty/jetty-util-ajax/9.3.25.v20180904/jetty-util-ajax-9.3.25.v20180904.jar:/home/user/.m2/repository/commons-daemon/commons-daemon/1.0.13/commons-daemon-1.0.13.jar:/home/user/.m2/repository/io/netty/netty/3.10.5.Final/netty-3.10.5.Final.jar:/home/user/.m2/repository/io/netty/netty-all/4.0.52.Final/netty-all-4.0.52.Final.jar:/home/user/.m2/repository/org/fusesource/leveldbjni/leveldbjni-all/1.8/leveldbjni-all-1.8.jar:"/>
    <property name="java.vm.vendor" value="IcedTea"/>
    <property name="sun.arch.data.model" value="64"/>
    <property name="test.build.dir" value="/workdir/hadoop-ozone/integration-test/target/test-dir"/>
    <property name="test.cache.data" value=""/>
    <property name="java.vendor.url" value="https://icedtea.classpath.org"/>
    <property name="user.timezone" value=""/>
    <property name="java.vm.specification.version" value="1.8"/>
    <property name="os.name" value="Linux"/>
    <property name="test.build.data" value="/workdir/hadoop-ozone/integration-test/target/test-dir"/>
    <property name="user.country" value="US"/>
    <property name="sun.java.launcher" value="SUN_STANDARD"/>
    <property name="sun.boot.library.path" value="/usr/lib/jvm/java-1.8-openjdk/jre/lib/amd64"/>
    <property name="sun.java.command" value="/workdir/hadoop-ozone/integration-test/target/surefire/surefirebooter7628757839523736844.jar /workdir/hadoop-ozone/integration-test/target/surefire 2019-10-11T06-15-35_096-jvmRun1 surefire3586519684476242084tmp surefire_145118202870181387020tmp"/>
    <property name="test" value="!TestMiniChaosOzoneCluster"/>
    <property name="surefire.test.class.path" value="/workdir/hadoop-ozone/integration-test/target/test-classes:/workdir/hadoop-ozone/integration-test/target/classes:/home/user/.m2/repository/org/apache/hadoop/hadoop-ozone-common/0.5.0-SNAPSHOT/hadoop-ozone-common-0.5.0-SNAPSHOT.jar:/home/user/.m2/repository/org/apache/commons/commons-compress/1.4.1/commons-compress-1.4.1.jar:/home/user/.m2/repository/org/tukaani/xz/1.0/xz-1.0.jar:/home/user/.m2/repository/org/apache/hadoop/hadoop-common/3.2.0/hadoop-common-3.2.0.jar:/home/user/.m2/repository/org/apache/hadoop/hadoop-hdfs/3.2.0/hadoop-hdfs-3.2.0.jar:/home/user/.m2/repository/org/apache/hadoop/hadoop-hdfs-client/3.2.0/hadoop-hdfs-client-3.2.0.jar:/home/user/.m2/repository/com/fasterxml/jackson/core/jackson-annotations/2.9.9/jackson-annotations-2.9.9.jar:/home/user/.m2/repository/org/apache/hadoop/hadoop-hdds-common/0.5.0-SNAPSHOT/hadoop-hdds-common-0.5.0-SNAPSHOT.jar:/home/user/.m2/repository/javax/annotation/javax.annotation-api/1.2/javax.annotation-api-1.2.jar:/home/user/.m2/repository/org/apache/ratis/ratis-server/0.5.0-201fc85-SNAPSHOT/ratis-server-0.5.0-201fc85-SNAPSHOT.jar:/home/user/.m2/repository/org/apache/ratis/ratis-thirdparty-misc/0.2.0/ratis-thirdparty-misc-0.2.0.jar:/home/user/.m2/repository/org/apache/ratis/ratis-proto/0.5.0-201fc85-SNAPSHOT/ratis-proto-0.5.0-201fc85-SNAPSHOT.jar:/home/user/.m2/repository/org/apache/ratis/ratis-common/0.5.0-201fc85-SNAPSHOT/ratis-common-0.5.0-201fc85-SNAPSHOT.jar:/home/user/.m2/repository/org/apache/ratis/ratis-client/0.5.0-201fc85-SNAPSHOT/ratis-client-0.5.0-201fc85-SNAPSHOT.jar:/home/user/.m2/repository/org/apache/ratis/ratis-metrics/0.5.0-201fc85-SNAPSHOT/ratis-metrics-0.5.0-201fc85-SNAPSHOT.jar:/home/user/.m2/repository/com/github/joshelser/dropwizard-metrics-hadoop-metrics2-reporter/0.1.2/dropwizard-metrics-hadoop-metrics2-reporter-0.1.2.jar:/home/user/.m2/repository/io/dropwizard/metrics/metrics-jvm/3.2.5/metrics-jvm-3.2.5.jar:/home/user/.m2/repository/io/dropwizard/metrics/metrics-ganglia/3.2.5/metrics-ganglia-3.2.5.jar:/home/user/.m2/repository/info/ganglia/gmetric4j/gmetric4j/1.0.7/gmetric4j-1.0.7.jar:/home/user/.m2/repository/org/apache/ratis/ratis-netty/0.5.0-201fc85-SNAPSHOT/ratis-netty-0.5.0-201fc85-SNAPSHOT.jar:/home/user/.m2/repository/org/apache/ratis/ratis-grpc/0.5.0-201fc85-SNAPSHOT/ratis-grpc-0.5.0-201fc85-SNAPSHOT.jar:/home/user/.m2/repository/org/rocksdb/rocksdbjni/6.0.1/rocksdbjni-6.0.1.jar:/home/user/.m2/repository/org/apache/logging/log4j/log4j-api/2.11.0/log4j-api-2.11.0.jar:/home/user/.m2/repository/org/apache/logging/log4j/log4j-core/2.11.0/log4j-core-2.11.0.jar:/home/user/.m2/repository/com/lmax/disruptor/3.4.2/disruptor-3.4.2.jar:/home/user/.m2/repository/org/apache/commons/commons-pool2/2.6.0/commons-pool2-2.6.0.jar:/home/user/.m2/repository/org/bouncycastle/bcpkix-jdk15on/1.60/bcpkix-jdk15on-1.60.jar:/home/user/.m2/repository/commons-validator/commons-validator/1.6/commons-validator-1.6.jar:/home/user/.m2/repository/commons-digester/commons-digester/1.8.1/commons-digester-1.8.1.jar:/home/user/.m2/repository/io/jaegertracing/jaeger-client/0.34.0/jaeger-client-0.34.0.jar:/home/user/.m2/repository/io/jaegertracing/jaeger-thrift/0.34.0/jaeger-thrift-0.34.0.jar:/home/user/.m2/repository/org/apache/thrift/libthrift/0.12.0/libthrift-0.12.0.jar:/home/user/.m2/repository/com/squareup/okhttp3/okhttp/3.9.0/okhttp-3.9.0.jar:/home/user/.m2/repository/com/squareup/okio/okio/1.13.0/okio-1.13.0.jar:/home/user/.m2/repository/io/jaegertracing/jaeger-core/0.34.0/jaeger-core-0.34.0.jar:/home/user/.m2/repository/io/jaegertracing/jaeger-tracerresolver/0.34.0/jaeger-tracerresolver-0.34.0.jar:/home/user/.m2/repository/io/opentracing/contrib/opentracing-tracerresolver/0.1.5/opentracing-tracerresolver-0.1.5.jar:/home/user/.m2/repository/io/opentracing/opentracing-util/0.31.0/opentracing-util-0.31.0.jar:/home/user/.m2/repository/io/opentracing/opentracing-api/0.31.0/opentracing-api-0.31.0.jar:/home/user/.m2/repository/io/opentracing/opentracing-noop/0.31.0/opentracing-noop-0.31.0.jar:/home/user/.m2/repository/org/apache/hadoop/hadoop-hdds-server-framework/0.5.0-SNAPSHOT/hadoop-hdds-server-framework-0.5.0-SNAPSHOT.jar:/home/user/.m2/repository/org/apache/hadoop/hadoop-hdds-container-service/0.5.0-SNAPSHOT/hadoop-hdds-container-service-0.5.0-SNAPSHOT.jar:/home/user/.m2/repository/org/apache/hadoop/hadoop-hdds-client/0.5.0-SNAPSHOT/hadoop-hdds-client-0.5.0-SNAPSHOT.jar:/home/user/.m2/repository/org/apache/hadoop/hadoop-hdds-tools/0.5.0-SNAPSHOT/hadoop-hdds-tools-0.5.0-SNAPSHOT.jar:/home/user/.m2/repository/org/apache/hadoop/hadoop-hdds-server-scm/0.5.0-SNAPSHOT/hadoop-hdds-server-scm-0.5.0-SNAPSHOT.jar:/home/user/.m2/repository/org/apache/hadoop/hadoop-hdds-docs/0.5.0-SNAPSHOT/hadoop-hdds-docs-0.5.0-SNAPSHOT.jar:/home/user/.m2/repository/io/dropwizard/metrics/metrics-core/3.2.4/metrics-core-3.2.4.jar:/home/user/.m2/repository/org/hamcrest/hamcrest-all/1.3/hamcrest-all-1.3.jar:/home/user/.m2/repository/org/bouncycastle/bcprov-jdk15on/1.60/bcprov-jdk15on-1.60.jar:/home/user/.m2/repository/info/picocli/picocli/3.9.6/picocli-3.9.6.jar:/home/user/.m2/repository/com/google/protobuf/protobuf-java/2.5.0/protobuf-java-2.5.0.jar:/home/user/.m2/repository/com/google/guava/guava/11.0.2/guava-11.0.2.jar:/home/user/.m2/repository/org/apache/hadoop/hadoop-ozone-ozone-manager/0.5.0-SNAPSHOT/hadoop-ozone-ozone-manager-0.5.0-SNAPSHOT.jar:/home/user/.m2/repository/org/apache/hadoop/hadoop-minikdc/3.2.0/hadoop-minikdc-3.2.0.jar:/home/user/.m2/repository/commons-io/commons-io/2.5/commons-io-2.5.jar:/home/user/.m2/repository/org/apache/kerby/kerb-simplekdc/1.0.1/kerb-simplekdc-1.0.1.jar:/home/user/.m2/repository/org/apache/kerby/kerb-client/1.0.1/kerb-client-1.0.1.jar:/home/user/.m2/repository/org/apache/kerby/kerby-config/1.0.1/kerby-config-1.0.1.jar:/home/user/.m2/repository/org/apache/kerby/kerb-core/1.0.1/kerb-core-1.0.1.jar:/home/user/.m2/repository/org/apache/kerby/kerby-pkix/1.0.1/kerby-pkix-1.0.1.jar:/home/user/.m2/repository/org/apache/kerby/kerby-asn1/1.0.1/kerby-asn1-1.0.1.jar:/home/user/.m2/repository/org/apache/kerby/kerby-util/1.0.1/kerby-util-1.0.1.jar:/home/user/.m2/repository/org/apache/kerby/kerb-common/1.0.1/kerb-common-1.0.1.jar:/home/user/.m2/repository/org/apache/kerby/kerb-crypto/1.0.1/kerb-crypto-1.0.1.jar:/home/user/.m2/repository/org/apache/kerby/kerb-util/1.0.1/kerb-util-1.0.1.jar:/home/user/.m2/repository/org/apache/kerby/token-provider/1.0.1/token-provider-1.0.1.jar:/home/user/.m2/repository/org/apache/kerby/kerb-admin/1.0.1/kerb-admin-1.0.1.jar:/home/user/.m2/repository/org/apache/kerby/kerb-server/1.0.1/kerb-server-1.0.1.jar:/home/user/.m2/repository/org/apache/kerby/kerb-identity/1.0.1/kerb-identity-1.0.1.jar:/home/user/.m2/repository/org/apache/kerby/kerby-xdr/1.0.1/kerby-xdr-1.0.1.jar:/home/user/.m2/repository/org/slf4j/slf4j-log4j12/1.7.25/slf4j-log4j12-1.7.25.jar:/home/user/.m2/repository/org/apache/hadoop/hadoop-ozone-s3gateway/0.5.0-SNAPSHOT/hadoop-ozone-s3gateway-0.5.0-SNAPSHOT.jar:/home/user/.m2/repository/org/jboss/weld/servlet/weld-servlet/2.4.7.Final/weld-servlet-2.4.7.Final.jar:/home/user/.m2/repository/org/glassfish/jersey/containers/jersey-container-servlet-core/2.27/jersey-container-servlet-core-2.27.jar:/home/user/.m2/repository/org/glassfish/hk2/external/javax.inject/2.5.0-b42/javax.inject-2.5.0-b42.jar:/home/user/.m2/repository/org/glassfish/jersey/core/jersey-common/2.27/jersey-common-2.27.jar:/home/user/.m2/repository/org/glassfish/hk2/osgi-resource-locator/1.0.1/osgi-resource-locator-1.0.1.jar:/home/user/.m2/repository/javax/ws/rs/javax.ws.rs-api/2.1/javax.ws.rs-api-2.1.jar:/home/user/.m2/repository/org/glassfish/jersey/ext/cdi/jersey-cdi1x/2.27/jersey-cdi1x-2.27.jar:/home/user/.m2/repository/org/glassfish/jersey/inject/jersey-hk2/2.27/jersey-hk2-2.27.jar:/home/user/.m2/repository/org/glassfish/hk2/hk2-locator/2.5.0-b42/hk2-locator-2.5.0-b42.jar:/home/user/.m2/repository/org/javassist/javassist/3.22.0-CR2/javassist-3.22.0-CR2.jar:/home/user/.m2/repository/org/glassfish/hk2/hk2-api/2.5.0/hk2-api-2.5.0.jar:/home/user/.m2/repository/org/glassfish/hk2/external/jakarta.inject/2.5.0/jakarta.inject-2.5.0.jar:/home/user/.m2/repository/org/glassfish/hk2/hk2-utils/2.5.0/hk2-utils-2.5.0.jar:/home/user/.m2/repository/jakarta/annotation/jakarta.annotation-api/1.3.4/jakarta.annotation-api-1.3.4.jar:/home/user/.m2/repository/org/glassfish/hk2/external/aopalliance-repackaged/2.5.0/aopalliance-repackaged-2.5.0.jar:/home/user/.m2/repository/com/fasterxml/jackson/dataformat/jackson-dataformat-xml/2.9.0/jackson-dataformat-xml-2.9.0.jar:/home/user/.m2/repository/com/fasterxml/jackson/core/jackson-core/2.9.9/jackson-core-2.9.9.jar:/home/user/.m2/repository/com/fasterxml/jackson/module/jackson-module-jaxb-annotations/2.9.9/jackson-module-jaxb-annotations-2.9.9.jar:/home/user/.m2/repository/javax/enterprise/cdi-api/1.2/cdi-api-1.2.jar:/home/user/.m2/repository/javax/el/javax.el-api/3.0.0/javax.el-api-3.0.0.jar:/home/user/.m2/repository/javax/interceptor/javax.interceptor-api/1.2/javax.interceptor-api-1.2.jar:/home/user/.m2/repository/javax/inject/javax.inject/1/javax.inject-1.jar:/home/user/.m2/repository/com/sun/xml/bind/jaxb-impl/2.3.0.1/jaxb-impl-2.3.0.1.jar:/home/user/.m2/repository/com/sun/xml/bind/jaxb-core/2.3.0.1/jaxb-core-2.3.0.1.jar:/home/user/.m2/repository/javax/xml/bind/jaxb-api/2.3.0/jaxb-api-2.3.0.jar:/home/user/.m2/repository/javax/activation/activation/1.1.1/activation-1.1.1.jar:/home/user/.m2/repository/org/apache/hadoop/hadoop-ozone-csi/0.5.0-SNAPSHOT/hadoop-ozone-csi-0.5.0-SNAPSHOT.jar:/home/user/.m2/repository/com/google/protobuf/protobuf-java-util/3.5.1/protobuf-java-util-3.5.1.jar:/home/user/.m2/repository/org/apache/hadoop/hadoop-hdds-config/0.5.0-SNAPSHOT/hadoop-hdds-config-0.5.0-SNAPSHOT.jar:/home/user/.m2/repository/io/grpc/grpc-netty/1.17.1/grpc-netty-1.17.1.jar:/home/user/.m2/repository/io/grpc/grpc-core/1.17.1/grpc-core-1.17.1.jar:/home/user/.m2/repository/io/grpc/grpc-context/1.17.1/grpc-context-1.17.1.jar:/home/user/.m2/repository/com/google/errorprone/error_prone_annotations/2.2.0/error_prone_annotations-2.2.0.jar:/home/user/.m2/repository/org/codehaus/mojo/animal-sniffer-annotations/1.17/animal-sniffer-annotations-1.17.jar:/home/user/.m2/repository/io/opencensus/opencensus-api/0.17.0/opencensus-api-0.17.0.jar:/home/user/.m2/repository/io/opencensus/opencensus-contrib-grpc-metrics/0.17.0/opencensus-contrib-grpc-metrics-0.17.0.jar:/home/user/.m2/repository/io/netty/netty-codec-http2/4.1.30.Final/netty-codec-http2-4.1.30.Final.jar:/home/user/.m2/repository/io/netty/netty-codec-http/4.1.30.Final/netty-codec-http-4.1.30.Final.jar:/home/user/.m2/repository/io/netty/netty-codec/4.1.30.Final/netty-codec-4.1.30.Final.jar:/home/user/.m2/repository/io/netty/netty-handler/4.1.30.Final/netty-handler-4.1.30.Final.jar:/home/user/.m2/repository/io/netty/netty-handler-proxy/4.1.30.Final/netty-handler-proxy-4.1.30.Final.jar:/home/user/.m2/repository/io/netty/netty-codec-socks/4.1.30.Final/netty-codec-socks-4.1.30.Final.jar:/home/user/.m2/repository/io/netty/netty-transport-native-epoll/4.1.30.Final/netty-transport-native-epoll-4.1.30.Final.jar:/home/user/.m2/repository/io/netty/netty-common/4.1.30.Final/netty-common-4.1.30.Final.jar:/home/user/.m2/repository/io/netty/netty-buffer/4.1.30.Final/netty-buffer-4.1.30.Final.jar:/home/user/.m2/repository/io/netty/netty-transport/4.1.30.Final/netty-transport-4.1.30.Final.jar:/home/user/.m2/repository/io/netty/netty-resolver/4.1.30.Final/netty-resolver-4.1.30.Final.jar:/home/user/.m2/repository/io/netty/netty-transport-native-unix-common/4.1.30.Final/netty-transport-native-unix-common-4.1.30.Final.jar:/home/user/.m2/repository/io/grpc/grpc-protobuf/1.17.1/grpc-protobuf-1.17.1.jar:/home/user/.m2/repository/com/google/api/grpc/proto-google-common-protos/1.0.0/proto-google-common-protos-1.0.0.jar:/home/user/.m2/repository/io/grpc/grpc-protobuf-lite/1.17.1/grpc-protobuf-lite-1.17.1.jar:/home/user/.m2/repository/io/grpc/grpc-stub/1.17.1/grpc-stub-1.17.1.jar:/home/user/.m2/repository/org/apache/hadoop/hadoop-ozone-recon/0.5.0-SNAPSHOT/hadoop-ozone-recon-0.5.0-SNAPSHOT.jar:/home/user/.m2/repository/org/apache/hadoop/hadoop-ozone-reconcodegen/0.5.0-SNAPSHOT/hadoop-ozone-reconcodegen-0.5.0-SNAPSHOT.jar:/home/user/.m2/repository/com/google/inject/extensions/guice-multibindings/4.0/guice-multibindings-4.0.jar:/home/user/.m2/repository/com/google/inject/guice/4.0/guice-4.0.jar:/home/user/.m2/repository/aopalliance/aopalliance/1.0/aopalliance-1.0.jar:/home/user/.m2/repository/com/google/inject/extensions/guice-servlet/4.0/guice-servlet-4.0.jar:/home/user/.m2/repository/org/glassfish/jersey/containers/jersey-container-servlet/2.27/jersey-container-servlet-2.27.jar:/home/user/.m2/repository/org/glassfish/hk2/guice-bridge/2.5.0/guice-bridge-2.5.0.jar:/home/user/.m2/repository/org/glassfish/jersey/core/jersey-server/2.27/jersey-server-2.27.jar:/home/user/.m2/repository/org/glassfish/jersey/core/jersey-client/2.27/jersey-client-2.27.jar:/home/user/.m2/repository/org/glassfish/jersey/media/jersey-media-jaxb/2.27/jersey-media-jaxb-2.27.jar:/home/user/.m2/repository/javax/validation/validation-api/1.1.0.Final/validation-api-1.1.0.Final.jar:/home/user/.m2/repository/org/glassfish/jersey/media/jersey-media-json-jackson/2.27/jersey-media-json-jackson-2.27.jar:/home/user/.m2/repository/org/glassfish/jersey/ext/jersey-entity-filtering/2.27/jersey-entity-filtering-2.27.jar:/home/user/.m2/repository/com/google/inject/extensions/guice-assistedinject/4.0/guice-assistedinject-4.0.jar:/home/user/.m2/repository/org/jooq/jooq/3.11.10/jooq-3.11.10.jar:/home/user/.m2/repository/org/jooq/jooq-meta/3.11.10/jooq-meta-3.11.10.jar:/home/user/.m2/repository/org/jooq/jooq-codegen/3.11.10/jooq-codegen-3.11.10.jar:/home/user/.m2/repository/com/jolbox/bonecp/0.8.0.RELEASE/bonecp-0.8.0.RELEASE.jar:/home/user/.m2/repository/org/xerial/sqlite-jdbc/3.25.2/sqlite-jdbc-3.25.2.jar:/home/user/.m2/repository/org/springframework/spring-jdbc/5.1.3.RELEASE/spring-jdbc-5.1.3.RELEASE.jar:/home/user/.m2/repository/org/springframework/spring-beans/5.1.3.RELEASE/spring-beans-5.1.3.RELEASE.jar:/home/user/.m2/repository/org/springframework/spring-core/5.1.3.RELEASE/spring-core-5.1.3.RELEASE.jar:/home/user/.m2/repository/org/springframework/spring-jcl/5.1.3.RELEASE/spring-jcl-5.1.3.RELEASE.jar:/home/user/.m2/repository/org/springframework/spring-tx/5.1.3.RELEASE/spring-tx-5.1.3.RELEASE.jar:/home/user/.m2/repository/org/apache/hadoop/hadoop-ozone-client/0.5.0-SNAPSHOT/hadoop-ozone-client-0.5.0-SNAPSHOT.jar:/home/user/.m2/repository/commons-lang/commons-lang/2.6/commons-lang-2.6.jar:/home/user/.m2/repository/org/apache/hadoop/hadoop-ozone-ozone-manager/0.5.0-SNAPSHOT/hadoop-ozone-ozone-manager-0.5.0-SNAPSHOT-tests.jar:/home/user/.m2/repository/junit/junit/4.11/junit-4.11.jar:/home/user/.m2/repository/org/hamcrest/hamcrest-core/1.3/hamcrest-core-1.3.jar:/home/user/.m2/repository/org/openjdk/jmh/jmh-core/1.19/jmh-core-1.19.jar:/home/user/.m2/repository/net/sf/jopt-simple/jopt-simple/4.6/jopt-simple-4.6.jar:/home/user/.m2/repository/org/apache/commons/commons-math3/3.1.1/commons-math3-3.1.1.jar:/home/user/.m2/repository/org/openjdk/jmh/jmh-generator-annprocess/1.19/jmh-generator-annprocess-1.19.jar:/home/user/.m2/repository/org/mockito/mockito-all/1.8.5/mockito-all-1.8.5.jar:/home/user/.m2/repository/org/apache/hadoop/hadoop-kms/3.2.0/hadoop-kms-3.2.0.jar:/home/user/.m2/repository/org/apache/hadoop/hadoop-auth/3.2.0/hadoop-auth-3.2.0.jar:/home/user/.m2/repository/com/nimbusds/nimbus-jose-jwt/4.41.1/nimbus-jose-jwt-4.41.1.jar:/home/user/.m2/repository/com/github/stephenc/jcip/jcip-annotations/1.0-1/jcip-annotations-1.0-1.jar:/home/user/.m2/repository/net/minidev/json-smart/2.3/json-smart-2.3.jar:/home/user/.m2/repository/net/minidev/accessors-smart/1.2/accessors-smart-1.2.jar:/home/user/.m2/repository/org/ow2/asm/asm/5.0.4/asm-5.0.4.jar:/home/user/.m2/repository/org/apache/curator/curator-framework/2.12.0/curator-framework-2.12.0.jar:/home/user/.m2/repository/com/sun/jersey/jersey-core/1.19/jersey-core-1.19.jar:/home/user/.m2/repository/javax/ws/rs/jsr311-api/1.1.1/jsr311-api-1.1.1.jar:/home/user/.m2/repository/com/sun/jersey/jersey-server/1.19/jersey-server-1.19.jar:/home/user/.m2/repository/javax/servlet/javax.servlet-api/3.1.0/javax.servlet-api-3.1.0.jar:/home/user/.m2/repository/org/eclipse/jetty/jetty-server/9.3.25.v20180904/jetty-server-9.3.25.v20180904.jar:/home/user/.m2/repository/org/eclipse/jetty/jetty-http/9.3.25.v20180904/jetty-http-9.3.25.v20180904.jar:/home/user/.m2/repository/org/eclipse/jetty/jetty-io/9.3.25.v20180904/jetty-io-9.3.25.v20180904.jar:/home/user/.m2/repository/org/eclipse/jetty/jetty-webapp/9.3.25.v20180904/jetty-webapp-9.3.25.v20180904.jar:/home/user/.m2/repository/org/eclipse/jetty/jetty-xml/9.3.25.v20180904/jetty-xml-9.3.25.v20180904.jar:/home/user/.m2/repository/log4j/log4j/1.2.17/log4j-1.2.17.jar:/home/user/.m2/repository/org/slf4j/slf4j-api/1.7.25/slf4j-api-1.7.25.jar:/home/user/.m2/repository/org/slf4j/jul-to-slf4j/1.7.25/jul-to-slf4j-1.7.25.jar:/home/user/.m2/repository/org/eclipse/jetty/jetty-util/9.3.25.v20180904/jetty-util-9.3.25.v20180904.jar:/home/user/.m2/repository/com/fasterxml/jackson/core/jackson-databind/2.9.9/jackson-databind-2.9.9.jar:/home/user/.m2/repository/org/apache/hadoop/hadoop-kms/3.2.0/hadoop-kms-3.2.0-tests.jar:/home/user/.m2/repository/org/apache/hadoop/hadoop-hdds-server-scm/0.5.0-SNAPSHOT/hadoop-hdds-server-scm-0.5.0-SNAPSHOT-tests.jar:/home/user/.m2/repository/org/apache/hadoop/hadoop-hdds-container-service/0.5.0-SNAPSHOT/hadoop-hdds-container-service-0.5.0-SNAPSHOT-tests.jar:/home/user/.m2/repository/org/yaml/snakeyaml/1.16/snakeyaml-1.16.jar:/home/user/.m2/repository/org/apache/hadoop/hadoop-common/3.2.0/hadoop-common-3.2.0-tests.jar:/home/user/.m2/repository/org/apache/hadoop/hadoop-annotations/3.2.0/hadoop-annotations-3.2.0.jar:/usr/lib/jvm/java-1.8-openjdk/jre/../lib/tools.jar:/home/user/.m2/repository/commons-cli/commons-cli/1.2/commons-cli-1.2.jar:/home/user/.m2/repository/org/apache/httpcomponents/httpclient/4.5.2/httpclient-4.5.2.jar:/home/user/.m2/repository/org/apache/httpcomponents/httpcore/4.4.4/httpcore-4.4.4.jar:/home/user/.m2/repository/commons-codec/commons-codec/1.11/commons-codec-1.11.jar:/home/user/.m2/repository/commons-net/commons-net/3.6/commons-net-3.6.jar:/home/user/.m2/repository/commons-collections/commons-collections/3.2.2/commons-collections-3.2.2.jar:/home/user/.m2/repository/org/eclipse/jetty/jetty-servlet/9.3.25.v20180904/jetty-servlet-9.3.25.v20180904.jar:/home/user/.m2/repository/org/eclipse/jetty/jetty-security/9.3.25.v20180904/jetty-security-9.3.25.v20180904.jar:/home/user/.m2/repository/javax/servlet/jsp/jsp-api/2.1/jsp-api-2.1.jar:/home/user/.m2/repository/com/sun/jersey/jersey-servlet/1.19/jersey-servlet-1.19.jar:/home/user/.m2/repository/com/sun/jersey/jersey-json/1.19/jersey-json-1.19.jar:/home/user/.m2/repository/org/codehaus/jettison/jettison/1.1/jettison-1.1.jar:/home/user/.m2/repository/org/codehaus/jackson/jackson-core-asl/1.9.13/jackson-core-asl-1.9.13.jar:/home/user/.m2/repository/org/codehaus/jackson/jackson-mapper-asl/1.9.13/jackson-mapper-asl-1.9.13.jar:/home/user/.m2/repository/org/codehaus/jackson/jackson-jaxrs/1.9.13/jackson-jaxrs-1.9.13.jar:/home/user/.m2/repository/org/codehaus/jackson/jackson-xc/1.9.13/jackson-xc-1.9.13.jar:/home/user/.m2/repository/commons-logging/commons-logging/1.1.3/commons-logging-1.1.3.jar:/home/user/.m2/repository/commons-beanutils/commons-beanutils/1.9.4/commons-beanutils-1.9.4.jar:/home/user/.m2/repository/org/apache/commons/commons-configuration2/2.1.1/commons-configuration2-2.1.1.jar:/home/user/.m2/repository/org/apache/commons/commons-lang3/3.7/commons-lang3-3.7.jar:/home/user/.m2/repository/org/apache/commons/commons-text/1.4/commons-text-1.4.jar:/home/user/.m2/repository/org/apache/avro/avro/1.7.7/avro-1.7.7.jar:/home/user/.m2/repository/com/thoughtworks/paranamer/paranamer/2.3/paranamer-2.3.jar:/home/user/.m2/repository/org/xerial/snappy/snappy-java/1.0.5/snappy-java-1.0.5.jar:/home/user/.m2/repository/com/google/re2j/re2j/1.1/re2j-1.1.jar:/home/user/.m2/repository/com/google/code/gson/gson/2.2.4/gson-2.2.4.jar:/home/user/.m2/repository/com/jcraft/jsch/0.1.54/jsch-0.1.54.jar:/home/user/.m2/repository/org/apache/curator/curator-client/2.12.0/curator-client-2.12.0.jar:/home/user/.m2/repository/org/apache/curator/curator-recipes/2.12.0/curator-recipes-2.12.0.jar:/home/user/.m2/repository/com/google/code/findbugs/jsr305/3.0.0/jsr305-3.0.0.jar:/home/user/.m2/repository/org/apache/htrace/htrace-core4/4.1.0-incubating/htrace-core4-4.1.0-incubating.jar:/home/user/.m2/repository/org/apache/zookeeper/zookeeper/3.4.13/zookeeper-3.4.13.jar:/home/user/.m2/repository/jline/jline/0.9.94/jline-0.9.94.jar:/home/user/.m2/repository/org/apache/yetus/audience-annotations/0.5.0/audience-annotations-0.5.0.jar:/home/user/.m2/repository/org/codehaus/woodstox/stax2-api/3.1.4/stax2-api-3.1.4.jar:/home/user/.m2/repository/com/fasterxml/woodstox/woodstox-core/5.0.3/woodstox-core-5.0.3.jar:/home/user/.m2/repository/dnsjava/dnsjava/2.1.7/dnsjava-2.1.7.jar:/home/user/.m2/repository/org/apache/hadoop/hadoop-hdfs/3.2.0/hadoop-hdfs-3.2.0-tests.jar:/home/user/.m2/repository/org/eclipse/jetty/jetty-util-ajax/9.3.25.v20180904/jetty-util-ajax-9.3.25.v20180904.jar:/home/user/.m2/repository/commons-daemon/commons-daemon/1.0.13/commons-daemon-1.0.13.jar:/home/user/.m2/repository/io/netty/netty/3.10.5.Final/netty-3.10.5.Final.jar:/home/user/.m2/repository/io/netty/netty-all/4.0.52.Final/netty-all-4.0.52.Final.jar:/home/user/.m2/repository/org/fusesource/leveldbjni/leveldbjni-all/1.8/leveldbjni-all-1.8.jar:"/>
    <property name="sun.cpu.endian" value="little"/>
    <property name="user.home" value="/home/user"/>
    <property name="user.language" value="en"/>
    <property name="java.specification.vendor" value="Oracle Corporation"/>
    <property name="java.home" value="/usr/lib/jvm/java-1.8-openjdk/jre"/>
    <property name="java.security.krb5.conf" value="/workdir/hadoop-ozone/integration-test/target/test-classes/krb5.conf"/>
    <property name="basedir" value="/workdir/hadoop-ozone/integration-test"/>
    <property name="file.separator" value="/"/>
    <property name="line.separator" value="&#10;"/>
    <property name="java.vm.specification.vendor" value="Oracle Corporation"/>
    <property name="java.specification.name" value="Java Platform API Specification"/>
    <property name="java.awt.graphicsenv" value="sun.awt.X11GraphicsEnvironment"/>
    <property name="surefire.real.class.path" value="/workdir/hadoop-ozone/integration-test/target/surefire/surefirebooter7628757839523736844.jar"/>
    <property name="hadoop.log.dir" value="/workdir/hadoop-ozone/integration-test/target/log"/>
    <property name="sun.boot.class.path" value="/usr/lib/jvm/java-1.8-openjdk/jre/lib/resources.jar:/usr/lib/jvm/java-1.8-openjdk/jre/lib/rt.jar:/usr/lib/jvm/java-1.8-openjdk/jre/lib/sunrsasign.jar:/usr/lib/jvm/java-1.8-openjdk/jre/lib/jsse.jar:/usr/lib/jvm/java-1.8-openjdk/jre/lib/jce.jar:/usr/lib/jvm/java-1.8-openjdk/jre/lib/charsets.jar:/usr/lib/jvm/java-1.8-openjdk/jre/lib/jfr.jar:/usr/lib/jvm/java-1.8-openjdk/jre/classes"/>
    <property name="sun.management.compiler" value="HotSpot 64-Bit Tiered Compilers"/>
    <property name="java.runtime.version" value="1.8.0_212-b04"/>
    <property name="java.net.preferIPv4Stack" value="true"/>
    <property name="user.name" value="jenkins1000"/>
    <property name="path.separator" value=":"/>
    <property name="java.security.egd" value="file:///dev/urandom"/>
    <property name="os.version" value="3.10.0-957.12.2.el7.x86_64"/>
    <property name="java.endorsed.dirs" value="/usr/lib/jvm/java-1.8-openjdk/jre/lib/endorsed"/>
    <property name="java.runtime.name" value="OpenJDK Runtime Environment"/>
    <property name="file.encoding" value="UTF-8"/>
    <property name="java.vm.name" value="OpenJDK 64-Bit Server VM"/>
    <property name="test.build.webapps" value=""/>
    <property name="localRepository" value="/home/user/.m2/repository"/>
    <property name="java.vendor.url.bug" value="https://icedtea.classpath.org/bugzilla"/>
    <property name="java.io.tmpdir" value="/tmp"/>
    <property name="require.test.libhadoop" value=""/>
    <property name="java.version" value="1.8.0_212"/>
    <property name="user.dir" value="/workdir/hadoop-ozone/integration-test"/>
    <property name="os.arch" value="amd64"/>
    <property name="java.vm.specification.name" value="Java Virtual Machine Specification"/>
    <property name="test.build.classes" value="/workdir/hadoop-ozone/integration-test/target/test-classes"/>
    <property name="java.awt.printerjob" value="sun.print.PSPrinterJob"/>
    <property name="sun.os.patch.level" value="unknown"/>
    <property name="hadoop.tmp.dir" value="/workdir/hadoop-ozone/integration-test/target/tmp"/>
    <property name="java.library.path" value="/usr/lib/jvm/java-1.8-openjdk/jre/lib/amd64/server:/usr/lib/jvm/java-1.8-openjdk/jre/lib/amd64:/usr/lib/jvm/java-1.8-openjdk/jre/../lib/amd64:/workdir/hadoop-ozone/integration-test/target/native/target/usr/local/lib:/workdir/hadoop-ozone/integration-test/../../hadoop-common-project/hadoop-common/target/native/target/usr/local/lib:/usr/java/packages/lib/amd64:/usr/lib64:/lib64:/lib:/usr/lib"/>
    <property name="java.vm.info" value="mixed mode"/>
    <property name="java.vendor" value="IcedTea"/>
    <property name="java.vm.version" value="25.212-b04"/>
    <property name="java.ext.dirs" value="/usr/lib/jvm/java-1.8-openjdk/jre/lib/ext:/usr/java/packages/lib/ext"/>
    <property name="sun.io.unicode.encoding" value="UnicodeLittle"/>
    <property name="java.class.version" value="52.0"/>
  </properties>
  <testcase name="testBlockDeletionTransactions" classname="org.apache.hadoop.ozone.TestStorageContainerManager" time="39.5"/>
  <testcase name="testBlockDeletingThrottling" classname="org.apache.hadoop.ozone.TestStorageContainerManager" time="42.237"/>
  <testcase name="testSCMReinitialization" classname="org.apache.hadoop.ozone.TestStorageContainerManager" time="26.142"/>
  <testcase name="testCloseContainerCommandOnRestart" classname="org.apache.hadoop.ozone.TestStorageContainerManager" time="48.351"/>
  <testcase name="testRpcPermission" classname="org.apache.hadoop.ozone.TestStorageContainerManager" time="73.994"/>
  <testcase name="testSCMInitializationFailure" classname="org.apache.hadoop.ozone.TestStorageContainerManager" time="0.033"/>
  <testcase name="testSCMInitialization" classname="org.apache.hadoop.ozone.TestStorageContainerManager" time="0.034"/>
  <testcase name="testScmProcessDatanodeHeartbeat" classname="org.apache.hadoop.ozone.TestStorageContainerManager" time="60.037">
    <error message="test timed out after 60000 milliseconds" type="java.lang.Exception">java.lang.Exception: test timed out after 60000 milliseconds
	at sun.misc.Unsafe.park(Native Method)
	at java.util.concurrent.locks.LockSupport.parkNanos(LockSupport.java:215)
	at java.util.concurrent.locks.AbstractQueuedSynchronizer$ConditionObject.awaitNanos(AbstractQueuedSynchronizer.java:2078)
	at java.util.concurrent.ThreadPoolExecutor.awaitTermination(ThreadPoolExecutor.java:1475)
	at org.apache.hadoop.ozone.container.common.report.ReportManager.shutdown(ReportManager.java:80)
	at org.apache.hadoop.ozone.container.common.statemachine.DatanodeStateMachine.stopDaemon(DatanodeStateMachine.java:393)
	at org.apache.hadoop.ozone.HddsDatanodeService.stop(HddsDatanodeService.java:457)
	at org.apache.hadoop.ozone.MiniOzoneClusterImpl.stopDatanode(MiniOzoneClusterImpl.java:385)
	at org.apache.hadoop.ozone.MiniOzoneClusterImpl$$Lambda$475/1715842927.accept(Unknown Source)
	at java.util.stream.ForEachOps$ForEachOp$OfRef.accept(ForEachOps.java:184)
	at java.util.ArrayList$ArrayListSpliterator.forEachRemaining(ArrayList.java:1382)
	at java.util.stream.AbstractPipeline.copyInto(AbstractPipeline.java:482)
	at java.util.stream.ForEachOps$ForEachTask.compute(ForEachOps.java:291)
	at java.util.concurrent.CountedCompleter.exec(CountedCompleter.java:731)
	at java.util.concurrent.ForkJoinTask.doExec(ForkJoinTask.java:289)
	at java.util.concurrent.ForkJoinPool.helpComplete(ForkJoinPool.java:1870)
	at java.util.concurrent.ForkJoinPool.externalHelpComplete(ForkJoinPool.java:2467)
	at java.util.concurrent.ForkJoinTask.externalAwaitDone(ForkJoinTask.java:324)
	at java.util.concurrent.ForkJoinTask.doInvoke(ForkJoinTask.java:405)
	at java.util.concurrent.ForkJoinTask.invoke(ForkJoinTask.java:734)
	at java.util.stream.ForEachOps$ForEachOp.evaluateParallel(ForEachOps.java:160)
	at java.util.stream.ForEachOps$ForEachOp$OfRef.evaluateParallel(ForEachOps.java:174)
	at java.util.stream.AbstractPipeline.evaluate(AbstractPipeline.java:233)
	at java.util.stream.ReferencePipeline.forEach(ReferencePipeline.java:418)
	at java.util.stream.ReferencePipeline$Head.forEach(ReferencePipeline.java:583)
	at org.apache.hadoop.ozone.MiniOzoneClusterImpl.stopDatanodes(MiniOzoneClusterImpl.java:379)
	at org.apache.hadoop.ozone.MiniOzoneClusterImpl.stop(MiniOzoneClusterImpl.java:332)
	at org.apache.hadoop.ozone.MiniOzoneClusterImpl.shutdown(MiniOzoneClusterImpl.java:319)
	at org.apache.hadoop.ozone.TestStorageContainerManager.testScmProcessDatanodeHeartbeat(TestStorageContainerManager.java:559)
	at sun.reflect.NativeMethodAccessorImpl.invoke0(Native Method)
	at sun.reflect.NativeMethodAccessorImpl.invoke(NativeMethodAccessorImpl.java:62)
	at sun.reflect.DelegatingMethodAccessorImpl.invoke(DelegatingMethodAccessorImpl.java:43)
	at java.lang.reflect.Method.invoke(Method.java:498)
	at org.junit.runners.model.FrameworkMethod$1.runReflectiveCall(FrameworkMethod.java:47)
	at org.junit.internal.runners.model.ReflectiveCallable.run(ReflectiveCallable.java:12)
	at org.junit.runners.model.FrameworkMethod.invokeExplosively(FrameworkMethod.java:44)
	at org.junit.internal.runners.statements.InvokeMethod.evaluate(InvokeMethod.java:17)
	at org.junit.internal.runners.statements.FailOnTimeout$StatementThread.run(FailOnTimeout.java:74)
</error>
    <system-out><![CDATA[2019-10-11 06:29:26,639 [Thread-1196] WARN  server.ServerUtils (ServerUtils.java:getScmDbDir(145)) - ozone.scm.db.dirs is not configured. We recommend adding this setting. Falling back to ozone.metadata.dirs instead.
2019-10-11 06:29:26,665 [Thread-1196] WARN  server.ServerUtils (ServerUtils.java:getScmDbDir(145)) - ozone.scm.db.dirs is not configured. We recommend adding this setting. Falling back to ozone.metadata.dirs instead.
2019-10-11 06:29:26,666 [Thread-1196] WARN  server.ServerUtils (ServerUtils.java:getScmDbDir(145)) - ozone.scm.db.dirs is not configured. We recommend adding this setting. Falling back to ozone.metadata.dirs instead.
2019-10-11 06:29:26,668 [Thread-1196] INFO  db.DBStoreBuilder (DBStoreBuilder.java:addTable(117)) - using custom profile for table: deletedBlocks
2019-10-11 06:29:26,668 [Thread-1196] INFO  db.DBStoreBuilder (DBStoreBuilder.java:processTables(168)) - Using default column profile:DBProfile.DISK for Table:deletedBlocks
2019-10-11 06:29:26,668 [Thread-1196] INFO  db.DBStoreBuilder (DBStoreBuilder.java:addTable(117)) - using custom profile for table: validCerts
2019-10-11 06:29:26,668 [Thread-1196] INFO  db.DBStoreBuilder (DBStoreBuilder.java:processTables(168)) - Using default column profile:DBProfile.DISK for Table:validCerts
2019-10-11 06:29:26,669 [Thread-1196] INFO  db.DBStoreBuilder (DBStoreBuilder.java:addTable(117)) - using custom profile for table: revokedCerts
2019-10-11 06:29:26,669 [Thread-1196] INFO  db.DBStoreBuilder (DBStoreBuilder.java:processTables(168)) - Using default column profile:DBProfile.DISK for Table:revokedCerts
2019-10-11 06:29:26,669 [Thread-1196] INFO  db.DBStoreBuilder (DBStoreBuilder.java:addTable(117)) - using custom profile for table: default
2019-10-11 06:29:26,669 [Thread-1196] INFO  db.DBStoreBuilder (DBStoreBuilder.java:processTables(174)) - Using default column profile:DBProfile.DISK for Table:default
2019-10-11 06:29:26,669 [Thread-1196] INFO  db.DBStoreBuilder (DBStoreBuilder.java:getDbProfile(205)) - Using default options. DBProfile.DISK
2019-10-11 06:29:26,810 [Thread-1196] INFO  net.NodeSchemaLoader (NodeSchemaLoader.java:loadSchemaFromFile(125)) - Loading file from sun.misc.CompoundEnumeration@7472804c
2019-10-11 06:29:26,810 [Thread-1196] INFO  net.NodeSchemaLoader (NodeSchemaLoader.java:loadSchema(171)) - Loading network topology layer schema file
2019-10-11 06:29:26,814 [Thread-1196] WARN  server.ServerUtils (ServerUtils.java:sanitizeUserArgs(70)) - ozone.scm.stale.node.interval value = 300000 is larger than max = 100000 based on the key value of ozone.scm.heartbeat.thread.interval, reset to the max value 100000.
2019-10-11 06:29:26,815 [Thread-1196] WARN  server.ServerUtils (ServerUtils.java:sanitizeUserArgs(70)) - ozone.scm.stale.node.interval value = 300000 is larger than max = 100000 based on the key value of ozone.scm.heartbeat.thread.interval, reset to the max value 100000.
2019-10-11 06:29:26,815 [Thread-1196] INFO  node.SCMNodeManager (SCMNodeManager.java:<init>(116)) - Entering startup safe mode.
2019-10-11 06:29:26,816 [Thread-1196] INFO  Configuration.deprecation (Configuration.java:logDeprecation(1394)) - hadoop.configured.node.mapping is deprecated. Instead, use net.topology.configured.node.mapping
2019-10-11 06:29:26,816 [Thread-1196] INFO  algorithms.ContainerPlacementPolicyFactory (ContainerPlacementPolicyFactory.java:getPolicy(57)) - Create container placement policy of type org.apache.hadoop.hdds.scm.container.placement.algorithms.SCMContainerPlacementRandom
2019-10-11 06:29:26,816 [Thread-1196] WARN  server.ServerUtils (ServerUtils.java:getScmDbDir(145)) - ozone.scm.db.dirs is not configured. We recommend adding this setting. Falling back to ozone.metadata.dirs instead.
2019-10-11 06:29:26,855 [Thread-1196] INFO  pipeline.SCMPipelineManager (SCMPipelineManager.java:initializePipelineState(132)) - No pipeline exists in current db
2019-10-11 06:29:26,855 [Thread-1196] WARN  server.ServerUtils (ServerUtils.java:getScmDbDir(145)) - ozone.scm.db.dirs is not configured. We recommend adding this setting. Falling back to ozone.metadata.dirs instead.
2019-10-11 06:29:26,917 [Thread-1196] WARN  events.EventQueue (EventQueue.java:fireEvent(183)) - No event handler registered for event TypedEvent{payloadType=SafeModeStatus, name='SafeModeStatus'}
2019-10-11 06:29:26,918 [Thread-1196] INFO  ipc.CallQueueManager (CallQueueManager.java:<init>(84)) - Using callQueue: class java.util.concurrent.LinkedBlockingQueue, queueCapacity: 2000, scheduler: class org.apache.hadoop.ipc.DefaultRpcScheduler, ipcBackoff: false.
2019-10-11 06:29:26,919 [Socket Reader #1 for port 44076] INFO  ipc.Server (Server.java:run(1074)) - Starting Socket Reader #1 for port 44076
2019-10-11 06:29:26,921 [Thread-1196] INFO  ipc.CallQueueManager (CallQueueManager.java:<init>(84)) - Using callQueue: class java.util.concurrent.LinkedBlockingQueue, queueCapacity: 2000, scheduler: class org.apache.hadoop.ipc.DefaultRpcScheduler, ipcBackoff: false.
2019-10-11 06:29:26,921 [Socket Reader #1 for port 35785] INFO  ipc.Server (Server.java:run(1074)) - Starting Socket Reader #1 for port 35785
2019-10-11 06:29:26,923 [Thread-1196] INFO  ipc.CallQueueManager (CallQueueManager.java:<init>(84)) - Using callQueue: class java.util.concurrent.LinkedBlockingQueue, queueCapacity: 2000, scheduler: class org.apache.hadoop.ipc.DefaultRpcScheduler, ipcBackoff: false.
2019-10-11 06:29:26,924 [Socket Reader #1 for port 45962] INFO  ipc.Server (Server.java:run(1074)) - Starting Socket Reader #1 for port 45962
2019-10-11 06:29:31,928 [Thread-1196] INFO  hdfs.DFSUtil (DFSUtil.java:httpServerTemplateForNNAndJN(1641)) - Starting Web-server for scm at: http://0.0.0.0:0
2019-10-11 06:29:31,931 [Thread-1196] INFO  server.AuthenticationFilter (AuthenticationFilter.java:constructSecretProvider(240)) - Unable to initialize FileSignerSecretProvider, falling back to use random secrets.
2019-10-11 06:29:31,932 [Thread-1196] WARN  http.HttpRequestLog (HttpRequestLog.java:getRequestLog(97)) - Jetty request log can only be enabled using Log4j
2019-10-11 06:29:31,935 [Thread-1196] INFO  http.HttpServer2 (HttpServer2.java:addGlobalFilter(975)) - Added global filter 'safety' (class=org.apache.hadoop.http.HttpServer2$QuotingInputFilter)
2019-10-11 06:29:31,936 [Thread-1196] INFO  http.HttpServer2 (HttpServer2.java:addFilter(948)) - Added filter static_user_filter (class=org.apache.hadoop.http.lib.StaticUserWebFilter$StaticUserFilter) to context scm
2019-10-11 06:29:31,936 [Thread-1196] INFO  http.HttpServer2 (HttpServer2.java:addFilter(958)) - Added filter static_user_filter (class=org.apache.hadoop.http.lib.StaticUserWebFilter$StaticUserFilter) to context logs
2019-10-11 06:29:31,937 [Thread-1196] INFO  http.HttpServer2 (HttpServer2.java:addFilter(958)) - Added filter static_user_filter (class=org.apache.hadoop.http.lib.StaticUserWebFilter$StaticUserFilter) to context static
2019-10-11 06:29:31,940 [Thread-1196] INFO  server.StorageContainerManager (StorageContainerManager.java:start(772)) - StorageContainerLocationProtocol RPC server is listening at /0.0.0.0:45962
2019-10-11 06:29:31,943 [Thread-1196] WARN  impl.MetricsConfig (MetricsConfig.java:loadFirst(134)) - Cannot locate configuration: tried hadoop-metrics2-storagecontainermanager.properties,hadoop-metrics2.properties
2019-10-11 06:29:31,944 [Thread-1196] INFO  impl.MetricsSystemImpl (MetricsSystemImpl.java:startTimer(374)) - Scheduled Metric snapshot period at 10 second(s).
2019-10-11 06:29:31,944 [Thread-1196] INFO  impl.MetricsSystemImpl (MetricsSystemImpl.java:start(191)) - StorageContainerManager metrics system started
2019-10-11 06:29:32,007 [Thread-1196] WARN  impl.MetricsSystemImpl (MetricsSystemImpl.java:register(276)) - Sink prometheus already exists!
2019-10-11 06:29:32,012 [Thread-1196] INFO  server.SCMClientProtocolServer (SCMClientProtocolServer.java:start(159)) - RPC server for Client  is listening at /0.0.0.0:45962
2019-10-11 06:29:32,012 [IPC Server Responder] INFO  ipc.Server (Server.java:run(1314)) - IPC Server Responder: starting
2019-10-11 06:29:32,012 [IPC Server listener on 45962] INFO  ipc.Server (Server.java:run(1153)) - IPC Server listener on 45962: starting
2019-10-11 06:29:32,017 [Thread-1196] INFO  server.StorageContainerManager (StorageContainerManager.java:start(782)) - ScmBlockLocationProtocol RPC server is listening at /0.0.0.0:35785
2019-10-11 06:29:32,017 [Thread-1196] INFO  server.SCMBlockProtocolServer (SCMBlockProtocolServer.java:start(146)) - RPC server for Block Protocol is listening at /0.0.0.0:35785
2019-10-11 06:29:32,017 [IPC Server Responder] INFO  ipc.Server (Server.java:run(1314)) - IPC Server Responder: starting
2019-10-11 06:29:32,018 [IPC Server listener on 35785] INFO  ipc.Server (Server.java:run(1153)) - IPC Server listener on 35785: starting
2019-10-11 06:29:32,021 [Thread-1196] INFO  server.StorageContainerManager (StorageContainerManager.java:start(786)) - ScmDatanodeProtocl RPC server is listening at /0.0.0.0:44076
2019-10-11 06:29:32,022 [Thread-1196] INFO  server.SCMDatanodeProtocolServer (SCMDatanodeProtocolServer.java:start(169)) - RPC server for DataNodes is listening at /0.0.0.0:44076
2019-10-11 06:29:32,022 [IPC Server Responder] INFO  ipc.Server (Server.java:run(1314)) - IPC Server Responder: starting
2019-10-11 06:29:32,022 [IPC Server listener on 44076] INFO  ipc.Server (Server.java:run(1153)) - IPC Server listener on 44076: starting
2019-10-11 06:29:32,026 [Thread-1196] INFO  http.HttpServer2 (HttpServer2.java:bindListener(1191)) - Jetty bound to port 34356
2019-10-11 06:29:32,026 [Thread-1196] INFO  server.Server (Server.java:doStart(351)) - jetty-9.3.25.v20180904, build timestamp: 2018-09-04T21:11:46Z, git hash: 3ce520221d0240229c862b122d2b06c12a625732
2019-10-11 06:29:32,028 [Thread-1196] INFO  handler.ContextHandler (ContextHandler.java:doStart(781)) - Started o.e.j.s.ServletContextHandler@24239ec4{/logs,file:///workdir/hadoop-ozone/integration-test/target/log,AVAILABLE}
2019-10-11 06:29:32,029 [Thread-1196] INFO  handler.ContextHandler (ContextHandler.java:doStart(781)) - Started o.e.j.s.ServletContextHandler@431e50c0{/static,file:///workdir/hadoop-ozone/integration-test/target/test-classes/webapps/static,AVAILABLE}
2019-10-11 06:29:32,033 [Thread-1196] INFO  handler.ContextHandler (ContextHandler.java:doStart(781)) - Started o.e.j.w.WebAppContext@7d8aff45{/,file:///workdir/hadoop-ozone/integration-test/target/test-classes/webapps/scm/,AVAILABLE}{/scm}
2019-10-11 06:29:32,033 [Thread-1196] INFO  server.AbstractConnector (AbstractConnector.java:doStart(278)) - Started ServerConnector@1ad8755a{HTTP/1.1,[http/1.1]}{0.0.0.0:34356}
2019-10-11 06:29:32,034 [Thread-1196] INFO  server.Server (Server.java:doStart(419)) - Started @236503ms
2019-10-11 06:29:32,034 [Thread-1196] WARN  impl.MetricsSystemImpl (MetricsSystemImpl.java:register(276)) - Sink prometheus already exists!
2019-10-11 06:29:37,039 [Thread-1196] INFO  server.BaseHttpServer (BaseHttpServer.java:updateConnectorAddress(215)) - HTTP server of SCM is listening at http://0.0.0.0:34356
2019-10-11 06:29:37,041 [Thread-1196] WARN  server.ServerUtils (ServerUtils.java:getDBPath(222)) - ozone.om.db.dirs is not configured. We recommend adding this setting. Falling back to ozone.metadata.dirs instead.
2019-10-11 06:29:37,042 [org.apache.hadoop.util.JvmPauseMonitor$Monitor@7cf5b3fc] INFO  util.JvmPauseMonitor (JvmPauseMonitor.java:run(188)) - Starting JVM pause monitor
2019-10-11 06:29:37,068 [Thread-1196] INFO  ha.OMHANodeDetails (OMHANodeDetails.java:loadOMHAConfig(190)) - Configuration either no ozone.om.address set. Falling back to the default OM address /127.0.0.1:0
2019-10-11 06:29:37,068 [Thread-1196] INFO  ha.OMHANodeDetails (OMHANodeDetails.java:getOMNodeDetails(220)) - OM Service ID is not set. Setting it to the default ID: omServiceIdDefault
2019-10-11 06:29:37,068 [Thread-1196] WARN  server.ServerUtils (ServerUtils.java:getDBPath(222)) - ozone.om.db.dirs is not configured. We recommend adding this setting. Falling back to ozone.metadata.dirs instead.
2019-10-11 06:29:37,069 [Thread-1196] WARN  server.ServerUtils (ServerUtils.java:getDBPath(222)) - ozone.om.db.dirs is not configured. We recommend adding this setting. Falling back to ozone.metadata.dirs instead.
2019-10-11 06:29:37,079 [Thread-1196] WARN  server.ServerUtils (ServerUtils.java:getDBPath(222)) - ozone.om.db.dirs is not configured. We recommend adding this setting. Falling back to ozone.metadata.dirs instead.
2019-10-11 06:29:37,080 [Thread-1196] INFO  db.DBStoreBuilder (DBStoreBuilder.java:addTable(117)) - using custom profile for table: userTable
2019-10-11 06:29:37,080 [Thread-1196] INFO  db.DBStoreBuilder (DBStoreBuilder.java:processTables(168)) - Using default column profile:DBProfile.DISK for Table:userTable
2019-10-11 06:29:37,081 [Thread-1196] INFO  db.DBStoreBuilder (DBStoreBuilder.java:addTable(117)) - using custom profile for table: volumeTable
2019-10-11 06:29:37,081 [Thread-1196] INFO  db.DBStoreBuilder (DBStoreBuilder.java:processTables(168)) - Using default column profile:DBProfile.DISK for Table:volumeTable
2019-10-11 06:29:37,081 [Thread-1196] INFO  db.DBStoreBuilder (DBStoreBuilder.java:addTable(117)) - using custom profile for table: bucketTable
2019-10-11 06:29:37,081 [Thread-1196] INFO  db.DBStoreBuilder (DBStoreBuilder.java:processTables(168)) - Using default column profile:DBProfile.DISK for Table:bucketTable
2019-10-11 06:29:37,081 [Thread-1196] INFO  db.DBStoreBuilder (DBStoreBuilder.java:addTable(117)) - using custom profile for table: keyTable
2019-10-11 06:29:37,082 [Thread-1196] INFO  db.DBStoreBuilder (DBStoreBuilder.java:processTables(168)) - Using default column profile:DBProfile.DISK for Table:keyTable
2019-10-11 06:29:37,082 [Thread-1196] INFO  db.DBStoreBuilder (DBStoreBuilder.java:addTable(117)) - using custom profile for table: deletedTable
2019-10-11 06:29:37,082 [Thread-1196] INFO  db.DBStoreBuilder (DBStoreBuilder.java:processTables(168)) - Using default column profile:DBProfile.DISK for Table:deletedTable
2019-10-11 06:29:37,083 [Thread-1196] INFO  db.DBStoreBuilder (DBStoreBuilder.java:addTable(117)) - using custom profile for table: openKeyTable
2019-10-11 06:29:37,083 [Thread-1196] INFO  db.DBStoreBuilder (DBStoreBuilder.java:processTables(168)) - Using default column profile:DBProfile.DISK for Table:openKeyTable
2019-10-11 06:29:37,083 [Thread-1196] INFO  db.DBStoreBuilder (DBStoreBuilder.java:addTable(117)) - using custom profile for table: s3Table
2019-10-11 06:29:37,083 [Thread-1196] INFO  db.DBStoreBuilder (DBStoreBuilder.java:processTables(168)) - Using default column profile:DBProfile.DISK for Table:s3Table
2019-10-11 06:29:37,084 [Thread-1196] INFO  db.DBStoreBuilder (DBStoreBuilder.java:addTable(117)) - using custom profile for table: multipartInfoTable
2019-10-11 06:29:37,084 [Thread-1196] INFO  db.DBStoreBuilder (DBStoreBuilder.java:processTables(168)) - Using default column profile:DBProfile.DISK for Table:multipartInfoTable
2019-10-11 06:29:37,084 [Thread-1196] INFO  db.DBStoreBuilder (DBStoreBuilder.java:addTable(117)) - using custom profile for table: dTokenTable
2019-10-11 06:29:37,084 [Thread-1196] INFO  db.DBStoreBuilder (DBStoreBuilder.java:processTables(168)) - Using default column profile:DBProfile.DISK for Table:dTokenTable
2019-10-11 06:29:37,085 [Thread-1196] INFO  db.DBStoreBuilder (DBStoreBuilder.java:addTable(117)) - using custom profile for table: s3SecretTable
2019-10-11 06:29:37,085 [Thread-1196] INFO  db.DBStoreBuilder (DBStoreBuilder.java:processTables(168)) - Using default column profile:DBProfile.DISK for Table:s3SecretTable
2019-10-11 06:29:37,085 [Thread-1196] INFO  db.DBStoreBuilder (DBStoreBuilder.java:addTable(117)) - using custom profile for table: prefixTable
2019-10-11 06:29:37,085 [Thread-1196] INFO  db.DBStoreBuilder (DBStoreBuilder.java:processTables(168)) - Using default column profile:DBProfile.DISK for Table:prefixTable
2019-10-11 06:29:37,086 [Thread-1196] INFO  db.DBStoreBuilder (DBStoreBuilder.java:addTable(117)) - using custom profile for table: default
2019-10-11 06:29:37,086 [Thread-1196] INFO  db.DBStoreBuilder (DBStoreBuilder.java:processTables(174)) - Using default column profile:DBProfile.DISK for Table:default
2019-10-11 06:29:37,086 [Thread-1196] INFO  db.DBStoreBuilder (DBStoreBuilder.java:getDbProfile(205)) - Using default options. DBProfile.DISK
2019-10-11 06:29:37,553 [Thread-1196] INFO  ipc.CallQueueManager (CallQueueManager.java:<init>(84)) - Using callQueue: class java.util.concurrent.LinkedBlockingQueue, queueCapacity: 2000, scheduler: class org.apache.hadoop.ipc.DefaultRpcScheduler, ipcBackoff: false.
2019-10-11 06:29:37,554 [Socket Reader #1 for port 40681] INFO  ipc.Server (Server.java:run(1074)) - Starting Socket Reader #1 for port 40681
2019-10-11 06:29:37,576 [Thread-1196] INFO  om.OzoneManager (OzoneManager.java:start(1074)) - OzoneManager RPC server is listening at localhost/127.0.0.1:40681
2019-10-11 06:29:37,576 [Thread-1196] INFO  impl.MetricsSystemImpl (MetricsSystemImpl.java:init(158)) - OzoneManager metrics system started (again)
2019-10-11 06:29:37,577 [IPC Server Responder] INFO  ipc.Server (Server.java:run(1314)) - IPC Server Responder: starting
2019-10-11 06:29:37,578 [IPC Server listener on 40681] INFO  ipc.Server (Server.java:run(1153)) - IPC Server listener on 40681: starting
2019-10-11 06:29:42,589 [Thread-1196] INFO  hdfs.DFSUtil (DFSUtil.java:httpServerTemplateForNNAndJN(1641)) - Starting Web-server for ozoneManager at: http://0.0.0.0:0
2019-10-11 06:29:42,594 [Thread-1196] INFO  server.AuthenticationFilter (AuthenticationFilter.java:constructSecretProvider(240)) - Unable to initialize FileSignerSecretProvider, falling back to use random secrets.
2019-10-11 06:29:42,595 [Thread-1196] WARN  http.HttpRequestLog (HttpRequestLog.java:getRequestLog(97)) - Jetty request log can only be enabled using Log4j
2019-10-11 06:29:42,598 [Thread-1196] INFO  http.HttpServer2 (HttpServer2.java:addGlobalFilter(975)) - Added global filter 'safety' (class=org.apache.hadoop.http.HttpServer2$QuotingInputFilter)
2019-10-11 06:29:42,599 [Thread-1196] INFO  http.HttpServer2 (HttpServer2.java:addFilter(948)) - Added filter static_user_filter (class=org.apache.hadoop.http.lib.StaticUserWebFilter$StaticUserFilter) to context ozoneManager
2019-10-11 06:29:42,600 [Thread-1196] INFO  http.HttpServer2 (HttpServer2.java:addFilter(958)) - Added filter static_user_filter (class=org.apache.hadoop.http.lib.StaticUserWebFilter$StaticUserFilter) to context static
2019-10-11 06:29:42,600 [Thread-1196] INFO  http.HttpServer2 (HttpServer2.java:addFilter(958)) - Added filter static_user_filter (class=org.apache.hadoop.http.lib.StaticUserWebFilter$StaticUserFilter) to context logs
2019-10-11 06:29:42,601 [Thread-1196] INFO  http.HttpServer2 (HttpServer2.java:bindListener(1191)) - Jetty bound to port 44468
2019-10-11 06:29:42,602 [Thread-1196] INFO  server.Server (Server.java:doStart(351)) - jetty-9.3.25.v20180904, build timestamp: 2018-09-04T21:11:46Z, git hash: 3ce520221d0240229c862b122d2b06c12a625732
2019-10-11 06:29:42,605 [Thread-1196] INFO  handler.ContextHandler (ContextHandler.java:doStart(781)) - Started o.e.j.s.ServletContextHandler@6fb395a7{/logs,file:///workdir/hadoop-ozone/integration-test/target/log,AVAILABLE}
2019-10-11 06:29:42,606 [Thread-1196] INFO  handler.ContextHandler (ContextHandler.java:doStart(781)) - Started o.e.j.s.ServletContextHandler@3e67a154{/static,file:///workdir/hadoop-ozone/integration-test/target/test-classes/webapps/static,AVAILABLE}
2019-10-11 06:29:42,614 [Thread-1196] INFO  handler.ContextHandler (ContextHandler.java:doStart(781)) - Started o.e.j.w.WebAppContext@6de9d40b{/,file:///workdir/hadoop-ozone/integration-test/target/test-classes/webapps/ozoneManager/,AVAILABLE}{/ozoneManager}
2019-10-11 06:29:42,616 [Thread-1196] INFO  server.AbstractConnector (AbstractConnector.java:doStart(278)) - Started ServerConnector@169c5391{HTTP/1.1,[http/1.1]}{0.0.0.0:44468}
2019-10-11 06:29:42,617 [Thread-1196] INFO  server.Server (Server.java:doStart(419)) - Started @247085ms
2019-10-11 06:29:42,617 [Thread-1196] WARN  impl.MetricsSystemImpl (MetricsSystemImpl.java:register(276)) - Sink prometheus already exists!
2019-10-11 06:29:42,619 [Thread-1196] INFO  server.BaseHttpServer (BaseHttpServer.java:updateConnectorAddress(215)) - HTTP server of OZONEMANAGER is listening at http://0.0.0.0:44468
2019-10-11 06:29:42,633 [Thread-1196] INFO  impl.MetricsSystemImpl (MetricsSystemImpl.java:init(158)) - HddsDatanode metrics system started (again)
2019-10-11 06:29:42,637 [Thread-1196] INFO  ozone.HddsDatanodeService (HddsDatanodeService.java:start(184)) - HddsDatanodeService host:pr-hdds-2181-j597z-1227750912 ip:192.168.5.167
2019-10-11 06:29:42,645 [Thread-1196] INFO  volume.HddsVolume (HddsVolume.java:<init>(176)) - Creating Volume: /workdir/hadoop-ozone/integration-test/target/test-dir/MiniOzoneClusterImpl-5bc1e110-a443-4489-a3a8-f206ebce128a/datanode-0/data/containers/hdds of  storage type : DISK and capacity : 1482555576320
2019-10-11 06:29:42,645 [Thread-1196] INFO  volume.VolumeSet (VolumeSet.java:initializeVolumeSet(170)) - Added Volume : /workdir/hadoop-ozone/integration-test/target/test-dir/MiniOzoneClusterImpl-5bc1e110-a443-4489-a3a8-f206ebce128a/datanode-0/data/containers/hdds to VolumeSet
2019-10-11 06:29:42,645 [Thread-1196] INFO  volume.ThrottledAsyncChecker (ThrottledAsyncChecker.java:schedule(141)) - Scheduling a check for org.apache.hadoop.ozone.container.common.volume.HddsVolume@6c6bf9c9
2019-10-11 06:29:42,647 [Thread-1196] INFO  volume.HddsVolumeChecker (HddsVolumeChecker.java:checkAllVolumes(204)) - Scheduled health check for volume org.apache.hadoop.ozone.container.common.volume.HddsVolume@6c6bf9c9
2019-10-11 06:29:42,666 [Thread-1196] INFO  impl.RaftServerProxy (ConfUtils.java:logGet(43)) - raft.rpc.type = GRPC (default)
2019-10-11 06:29:42,667 [Thread-1196] INFO  grpc.GrpcFactory (GrpcFactory.java:checkPooledByteBufAllocatorUseCacheForAllThreads(45)) - PERFORMANCE WARNING: useCacheForAllThreads is true that may cause Netty to create a lot garbage objects and, as a result, trigger GC.
	It is recommended to disable useCacheForAllThreads by setting -Dorg.apache.ratis.thirdparty.io.netty.allocator.useCacheForAllThreads=false in command line.
2019-10-11 06:29:42,667 [Thread-1196] INFO  grpc.GrpcConfigKeys$Server (ConfUtils.java:logGet(43)) - raft.grpc.server.port = 0 (default)
2019-10-11 06:29:42,667 [Thread-1196] INFO  server.GrpcService (ConfUtils.java:logGet(43)) - raft.grpc.message.size.max = 33570816 (custom)
2019-10-11 06:29:42,668 [Thread-1196] INFO  server.RaftServerConfigKeys (ConfUtils.java:logGet(43)) - raft.server.log.appender.buffer.byte-limit = 33554432 (custom)
2019-10-11 06:29:42,668 [Thread-1196] INFO  server.GrpcService (ConfUtils.java:logGet(43)) - raft.grpc.flow.control.window = 1MB (=1048576) (default)
2019-10-11 06:29:42,668 [Thread-1196] INFO  server.RaftServerConfigKeys (ConfUtils.java:logGet(43)) - raft.server.rpc.request.timeout = 3000ms (default)
2019-10-11 06:29:42,669 [Thread-1196] INFO  server.RaftServerConfigKeys (ConfUtils.java:logGet(43)) - raft.server.storage.dir = [/workdir/hadoop-ozone/integration-test/target/test-dir/MiniOzoneClusterImpl-5bc1e110-a443-4489-a3a8-f206ebce128a/datanode-0/data/ratis] (custom)
2019-10-11 06:29:42,670 [Thread-1196] INFO  hdfs.DFSUtil (DFSUtil.java:httpServerTemplateForNNAndJN(1641)) - Starting Web-server for hddsDatanode at: http://0.0.0.0:0
2019-10-11 06:29:42,672 [Thread-1196] INFO  server.AuthenticationFilter (AuthenticationFilter.java:constructSecretProvider(240)) - Unable to initialize FileSignerSecretProvider, falling back to use random secrets.
2019-10-11 06:29:42,672 [Thread-1196] WARN  http.HttpRequestLog (HttpRequestLog.java:getRequestLog(97)) - Jetty request log can only be enabled using Log4j
2019-10-11 06:29:42,674 [Thread-1196] INFO  http.HttpServer2 (HttpServer2.java:addGlobalFilter(975)) - Added global filter 'safety' (class=org.apache.hadoop.http.HttpServer2$QuotingInputFilter)
2019-10-11 06:29:42,675 [Thread-1196] INFO  http.HttpServer2 (HttpServer2.java:addFilter(948)) - Added filter static_user_filter (class=org.apache.hadoop.http.lib.StaticUserWebFilter$StaticUserFilter) to context hddsDatanode
2019-10-11 06:29:42,675 [Thread-1196] INFO  http.HttpServer2 (HttpServer2.java:addFilter(958)) - Added filter static_user_filter (class=org.apache.hadoop.http.lib.StaticUserWebFilter$StaticUserFilter) to context logs
2019-10-11 06:29:42,675 [Thread-1196] INFO  http.HttpServer2 (HttpServer2.java:addFilter(958)) - Added filter static_user_filter (class=org.apache.hadoop.http.lib.StaticUserWebFilter$StaticUserFilter) to context static
2019-10-11 06:29:42,676 [Thread-1196] INFO  http.HttpServer2 (HttpServer2.java:bindListener(1191)) - Jetty bound to port 37677
2019-10-11 06:29:42,676 [Thread-1196] INFO  server.Server (Server.java:doStart(351)) - jetty-9.3.25.v20180904, build timestamp: 2018-09-04T21:11:46Z, git hash: 3ce520221d0240229c862b122d2b06c12a625732
2019-10-11 06:29:42,678 [Thread-1196] INFO  handler.ContextHandler (ContextHandler.java:doStart(781)) - Started o.e.j.s.ServletContextHandler@456d1ebf{/logs,file:///workdir/hadoop-ozone/integration-test/target/log,AVAILABLE}
2019-10-11 06:29:42,679 [Thread-1196] INFO  handler.ContextHandler (ContextHandler.java:doStart(781)) - Started o.e.j.s.ServletContextHandler@2b6ab2b0{/static,jar:file:/home/user/.m2/repository/org/apache/hadoop/hadoop-hdds-container-service/0.5.0-SNAPSHOT/hadoop-hdds-container-service-0.5.0-SNAPSHOT.jar!/webapps/static,AVAILABLE}
2019-10-11 06:29:42,714 [Thread-1196] INFO  handler.ContextHandler (ContextHandler.java:doStart(781)) - Started o.e.j.w.WebAppContext@3f830197{/,file:///tmp/jetty-0.0.0.0-37677-hddsDatanode-_-any-1581527098245134316.dir/webapp/,AVAILABLE}{/hddsDatanode}
2019-10-11 06:29:42,714 [Thread-1196] INFO  server.AbstractConnector (AbstractConnector.java:doStart(278)) - Started ServerConnector@65c6f126{HTTP/1.1,[http/1.1]}{0.0.0.0:37677}
2019-10-11 06:29:42,716 [Thread-1196] INFO  server.Server (Server.java:doStart(419)) - Started @247184ms
2019-10-11 06:29:42,716 [Thread-1196] WARN  impl.MetricsSystemImpl (MetricsSystemImpl.java:register(276)) - Sink prometheus already exists!
2019-10-11 06:29:47,722 [Thread-1196] INFO  server.BaseHttpServer (BaseHttpServer.java:updateConnectorAddress(215)) - HTTP server of HDDSDATANODE is listening at http://0.0.0.0:37677
2019-10-11 06:29:47,722 [Thread-1196] INFO  impl.MetricsSystemImpl (MetricsSystemImpl.java:init(158)) - HddsDatanode metrics system started (again)
2019-10-11 06:29:47,728 [org.apache.hadoop.util.JvmPauseMonitor$Monitor@22c9dcd2] INFO  util.JvmPauseMonitor (JvmPauseMonitor.java:run(188)) - Starting JVM pause monitor
2019-10-11 06:29:47,729 [Thread-1196] INFO  ozone.HddsDatanodeService (HddsDatanodeService.java:start(184)) - HddsDatanodeService host:pr-hdds-2181-j597z-1227750912 ip:192.168.5.167
2019-10-11 06:29:47,741 [Datanode State Machine Thread - 0] INFO  datanode.InitDatanodeState (InitDatanodeState.java:persistContainerDatanodeDetails(140)) - DatanodeDetails is persisted to /workdir/hadoop-ozone/integration-test/target/test-dir/MiniOzoneClusterImpl-5bc1e110-a443-4489-a3a8-f206ebce128a/datanode-0/meta/datanode.id
2019-10-11 06:29:47,743 [Thread-1196] INFO  volume.HddsVolume (HddsVolume.java:<init>(176)) - Creating Volume: /workdir/hadoop-ozone/integration-test/target/test-dir/MiniOzoneClusterImpl-5bc1e110-a443-4489-a3a8-f206ebce128a/datanode-1/data/containers/hdds of  storage type : DISK and capacity : 1482555576320
2019-10-11 06:29:47,744 [Thread-1196] INFO  volume.VolumeSet (VolumeSet.java:initializeVolumeSet(170)) - Added Volume : /workdir/hadoop-ozone/integration-test/target/test-dir/MiniOzoneClusterImpl-5bc1e110-a443-4489-a3a8-f206ebce128a/datanode-1/data/containers/hdds to VolumeSet
2019-10-11 06:29:47,744 [Thread-1196] INFO  volume.ThrottledAsyncChecker (ThrottledAsyncChecker.java:schedule(141)) - Scheduling a check for org.apache.hadoop.ozone.container.common.volume.HddsVolume@43e3f4b7
2019-10-11 06:29:47,745 [Thread-1196] INFO  volume.HddsVolumeChecker (HddsVolumeChecker.java:checkAllVolumes(204)) - Scheduled health check for volume org.apache.hadoop.ozone.container.common.volume.HddsVolume@43e3f4b7
2019-10-11 06:29:47,769 [Thread-1196] INFO  impl.RaftServerProxy (ConfUtils.java:logGet(43)) - raft.rpc.type = GRPC (default)
2019-10-11 06:29:47,769 [Thread-1196] INFO  grpc.GrpcFactory (GrpcFactory.java:checkPooledByteBufAllocatorUseCacheForAllThreads(45)) - PERFORMANCE WARNING: useCacheForAllThreads is true that may cause Netty to create a lot garbage objects and, as a result, trigger GC.
	It is recommended to disable useCacheForAllThreads by setting -Dorg.apache.ratis.thirdparty.io.netty.allocator.useCacheForAllThreads=false in command line.
2019-10-11 06:29:47,769 [Thread-1196] INFO  grpc.GrpcConfigKeys$Server (ConfUtils.java:logGet(43)) - raft.grpc.server.port = 0 (default)
2019-10-11 06:29:47,769 [Thread-1196] INFO  server.GrpcService (ConfUtils.java:logGet(43)) - raft.grpc.message.size.max = 33570816 (custom)
2019-10-11 06:29:47,770 [Thread-1196] INFO  server.RaftServerConfigKeys (ConfUtils.java:logGet(43)) - raft.server.log.appender.buffer.byte-limit = 33554432 (custom)
2019-10-11 06:29:47,770 [Thread-1196] INFO  server.GrpcService (ConfUtils.java:logGet(43)) - raft.grpc.flow.control.window = 1MB (=1048576) (default)
2019-10-11 06:29:47,770 [Thread-1196] INFO  server.RaftServerConfigKeys (ConfUtils.java:logGet(43)) - raft.server.rpc.request.timeout = 3000ms (default)
2019-10-11 06:29:47,771 [Thread-1196] INFO  server.RaftServerConfigKeys (ConfUtils.java:logGet(43)) - raft.server.storage.dir = [/workdir/hadoop-ozone/integration-test/target/test-dir/MiniOzoneClusterImpl-5bc1e110-a443-4489-a3a8-f206ebce128a/datanode-1/data/ratis] (custom)
2019-10-11 06:29:47,773 [Thread-1196] INFO  hdfs.DFSUtil (DFSUtil.java:httpServerTemplateForNNAndJN(1641)) - Starting Web-server for hddsDatanode at: http://0.0.0.0:0
2019-10-11 06:29:47,775 [Thread-1196] INFO  server.AuthenticationFilter (AuthenticationFilter.java:constructSecretProvider(240)) - Unable to initialize FileSignerSecretProvider, falling back to use random secrets.
2019-10-11 06:29:47,776 [Thread-1196] WARN  http.HttpRequestLog (HttpRequestLog.java:getRequestLog(97)) - Jetty request log can only be enabled using Log4j
2019-10-11 06:29:47,778 [Thread-1196] INFO  http.HttpServer2 (HttpServer2.java:addGlobalFilter(975)) - Added global filter 'safety' (class=org.apache.hadoop.http.HttpServer2$QuotingInputFilter)
2019-10-11 06:29:47,779 [Thread-1196] INFO  http.HttpServer2 (HttpServer2.java:addFilter(948)) - Added filter static_user_filter (class=org.apache.hadoop.http.lib.StaticUserWebFilter$StaticUserFilter) to context hddsDatanode
2019-10-11 06:29:47,779 [Thread-1196] INFO  http.HttpServer2 (HttpServer2.java:addFilter(958)) - Added filter static_user_filter (class=org.apache.hadoop.http.lib.StaticUserWebFilter$StaticUserFilter) to context static
2019-10-11 06:29:47,779 [Thread-1196] INFO  http.HttpServer2 (HttpServer2.java:addFilter(958)) - Added filter static_user_filter (class=org.apache.hadoop.http.lib.StaticUserWebFilter$StaticUserFilter) to context logs
2019-10-11 06:29:47,780 [Thread-1196] INFO  http.HttpServer2 (HttpServer2.java:bindListener(1191)) - Jetty bound to port 36502
2019-10-11 06:29:47,781 [Thread-1196] INFO  server.Server (Server.java:doStart(351)) - jetty-9.3.25.v20180904, build timestamp: 2018-09-04T21:11:46Z, git hash: 3ce520221d0240229c862b122d2b06c12a625732
2019-10-11 06:29:47,783 [Thread-1196] INFO  handler.ContextHandler (ContextHandler.java:doStart(781)) - Started o.e.j.s.ServletContextHandler@3062cf24{/logs,file:///workdir/hadoop-ozone/integration-test/target/log,AVAILABLE}
2019-10-11 06:29:47,784 [Thread-1196] INFO  handler.ContextHandler (ContextHandler.java:doStart(781)) - Started o.e.j.s.ServletContextHandler@4f71f104{/static,jar:file:/home/user/.m2/repository/org/apache/hadoop/hadoop-hdds-container-service/0.5.0-SNAPSHOT/hadoop-hdds-container-service-0.5.0-SNAPSHOT.jar!/webapps/static,AVAILABLE}
2019-10-11 06:29:47,821 [Thread-1196] INFO  handler.ContextHandler (ContextHandler.java:doStart(781)) - Started o.e.j.w.WebAppContext@75792a42{/,file:///tmp/jetty-0.0.0.0-36502-hddsDatanode-_-any-8896745964837274650.dir/webapp/,AVAILABLE}{/hddsDatanode}
2019-10-11 06:29:47,822 [Thread-1196] INFO  server.AbstractConnector (AbstractConnector.java:doStart(278)) - Started ServerConnector@1be6a3e7{HTTP/1.1,[http/1.1]}{0.0.0.0:36502}
2019-10-11 06:29:47,823 [Thread-1196] INFO  server.Server (Server.java:doStart(419)) - Started @252292ms
2019-10-11 06:29:47,823 [Thread-1196] WARN  impl.MetricsSystemImpl (MetricsSystemImpl.java:register(276)) - Sink prometheus already exists!
2019-10-11 06:29:49,751 [Datanode State Machine Thread - 0] INFO  ozoneimpl.OzoneContainer (OzoneContainer.java:start(213)) - Attempting to start container services.
2019-10-11 06:29:49,754 [Datanode State Machine Thread - 0] INFO  ozoneimpl.OzoneContainer (OzoneContainer.java:startContainerScrub(177)) - Background container scanner has been disabled.
2019-10-11 06:29:49,754 [Datanode State Machine Thread - 0] INFO  ratis.XceiverServerRatis (XceiverServerRatis.java:start(418)) - Starting XceiverServerRatis d6b22d4f-ba9a-4a7e-8fa8-3df54149d651 at port 0
2019-10-11 06:29:49,764 [Datanode State Machine Thread - 0] INFO  impl.RaftServerProxy (RaftServerProxy.java:lambda$start$3(299)) - d6b22d4f-ba9a-4a7e-8fa8-3df54149d651: start RPC server
2019-10-11 06:29:49,768 [Datanode State Machine Thread - 0] INFO  server.GrpcService (GrpcService.java:startImpl(158)) - d6b22d4f-ba9a-4a7e-8fa8-3df54149d651: GrpcService started, listening on 0.0.0.0/0.0.0.0:41585
2019-10-11 06:29:49,768 [Datanode State Machine Thread - 0] INFO  ratis.XceiverServerRatis (XceiverServerRatis.java:start(428)) - XceiverServerRatis d6b22d4f-ba9a-4a7e-8fa8-3df54149d651 is started using port 41585
2019-10-11 06:29:49,771 [Datanode State Machine Thread - 0] INFO  server.XceiverServerGrpc (XceiverServerGrpc.java:start(149)) - XceiverServerGrpc d6b22d4f-ba9a-4a7e-8fa8-3df54149d651 is started using port 38522
2019-10-11 06:29:51,734 [IPC Server handler 0 on 44076] INFO  net.NetworkTopology (NetworkTopologyImpl.java:add(111)) - Added a new node: /rack1/d6b22d4f-ba9a-4a7e-8fa8-3df54149d651
2019-10-11 06:29:51,735 [IPC Server handler 0 on 44076] INFO  node.SCMNodeManager (SCMNodeManager.java:register(268)) - Registered Data node : d6b22d4f-ba9a-4a7e-8fa8-3df54149d651{ip: 192.168.5.167, host: pr-hdds-2181-j597z-1227750912, networkLocation: /rack1, certSerialId: null}
2019-10-11 06:29:51,738 [EventQueue-NodeRegistrationContainerReportForDataNodeSafeModeRule] INFO  safemode.SCMSafeModeManager (DataNodeSafeModeRule.java:process(71)) - SCM in safe mode. 1 DataNodes registered, 1 required.
2019-10-11 06:29:51,740 [EventQueue-NodeRegistrationContainerReportForContainerSafeModeRule] INFO  safemode.SCMSafeModeManager (SCMSafeModeManager.java:validateSafeModeExitRules(177)) - ScmSafeModeManager, all rules are successfully validated
2019-10-11 06:29:51,740 [EventQueue-NodeRegistrationContainerReportForContainerSafeModeRule] INFO  safemode.SCMSafeModeManager (SCMSafeModeManager.java:exitSafeMode(193)) - SCM exiting safe mode.
2019-10-11 06:29:51,763 [grpc-default-executor-2] INFO  impl.RaftServerProxy (RaftServerProxy.java:addNew(89)) - d6b22d4f-ba9a-4a7e-8fa8-3df54149d651: addNew group-92EE29E08C03:[d6b22d4f-ba9a-4a7e-8fa8-3df54149d651:192.168.5.167:41585] returns group-92EE29E08C03:java.util.concurrent.CompletableFuture@30e42df7[Not completed]
2019-10-11 06:29:51,765 [pool-261-thread-1] INFO  impl.RaftServerImpl (RaftServerImpl.java:<init>(95)) - d6b22d4f-ba9a-4a7e-8fa8-3df54149d651: new RaftServerImpl for group-92EE29E08C03:[d6b22d4f-ba9a-4a7e-8fa8-3df54149d651:192.168.5.167:41585] with ContainerStateMachine:uninitialized
2019-10-11 06:29:51,766 [pool-261-thread-1] INFO  server.RaftServerConfigKeys (ConfUtils.java:logGet(43)) - raft.server.rpc.timeout.min = 5s (custom)
2019-10-11 06:29:51,767 [pool-261-thread-1] INFO  server.RaftServerConfigKeys (ConfUtils.java:logGet(43)) - raft.server.rpc.timeout.max = 5200ms (custom)
2019-10-11 06:29:51,767 [pool-261-thread-1] INFO  server.RaftServerConfigKeys (ConfUtils.java:logGet(43)) - raft.server.rpcslowness.timeout = 120s (custom)
2019-10-11 06:29:51,767 [pool-261-thread-1] INFO  server.RaftServerConfigKeys (ConfUtils.java:logGet(43)) - raft.server.sleep.deviation.threshold = 300 (default)
2019-10-11 06:29:51,767 [pool-261-thread-1] INFO  server.RaftServerConfigKeys (ConfUtils.java:logGet(43)) - raft.server.log.appender.install.snapshot.enabled = false (custom)
2019-10-11 06:29:51,767 [pool-261-thread-1] INFO  impl.RaftServerImpl (ServerState.java:<init>(103)) - d6b22d4f-ba9a-4a7e-8fa8-3df54149d651@group-92EE29E08C03: ConfigurationManager, init=-1: [d6b22d4f-ba9a-4a7e-8fa8-3df54149d651:192.168.5.167:41585], old=null, confs=<EMPTY_MAP>
2019-10-11 06:29:51,768 [pool-261-thread-1] INFO  server.RaftServerConfigKeys (ConfUtils.java:logGet(43)) - raft.server.storage.dir = [/workdir/hadoop-ozone/integration-test/target/test-dir/MiniOzoneClusterImpl-5bc1e110-a443-4489-a3a8-f206ebce128a/datanode-0/data/ratis] (custom)
2019-10-11 06:29:51,768 [pool-261-thread-1] INFO  server.RaftServerConfigKeys (ConfUtils.java:logGet(43)) - raft.server.log.corruption.policy = EXCEPTION (default)
2019-10-11 06:29:51,768 [pool-261-thread-1] INFO  storage.RaftStorageDirectory (RaftStorageDirectory.java:analyzeStorage(246)) - The storage directory /workdir/hadoop-ozone/integration-test/target/test-dir/MiniOzoneClusterImpl-5bc1e110-a443-4489-a3a8-f206ebce128a/datanode-0/data/ratis/876702cb-7c5e-4a1e-934b-92ee29e08c03 does not exist. Creating ...
2019-10-11 06:29:51,782 [pool-261-thread-1] INFO  storage.RaftStorageDirectory (RaftStorageDirectory.java:tryLock(328)) - Lock on /workdir/hadoop-ozone/integration-test/target/test-dir/MiniOzoneClusterImpl-5bc1e110-a443-4489-a3a8-f206ebce128a/datanode-0/data/ratis/876702cb-7c5e-4a1e-934b-92ee29e08c03/in_use.lock acquired by nodename 14444@pr-hdds-2181-j597z-1227750912
2019-10-11 06:29:51,795 [pool-261-thread-1] INFO  storage.RaftStorage (RaftStorage.java:format(84)) - Storage directory /workdir/hadoop-ozone/integration-test/target/test-dir/MiniOzoneClusterImpl-5bc1e110-a443-4489-a3a8-f206ebce128a/datanode-0/data/ratis/876702cb-7c5e-4a1e-934b-92ee29e08c03 has been successfully formatted.
2019-10-11 06:29:51,795 [pool-261-thread-1] INFO  ratis.ContainerStateMachine (ContainerStateMachine.java:loadSnapshot(231)) - group-92EE29E08C03: The snapshot info is null. Setting the last applied indexto:(t:0, i:~)
2019-10-11 06:29:51,796 [pool-261-thread-1] INFO  server.RaftServerConfigKeys (ConfUtils.java:logGet(43)) - raft.server.notification.no-leader.timeout = 120s (custom)
2019-10-11 06:29:51,796 [pool-261-thread-1] INFO  server.RaftServerConfigKeys (ConfUtils.java:logGet(43)) - raft.server.log.use.memory = false (default)
2019-10-11 06:29:51,796 [pool-261-thread-1] INFO  server.RaftServerConfigKeys (ConfUtils.java:logGet(43)) - raft.server.log.purge.gap = 1000000 (custom)
2019-10-11 06:29:51,796 [pool-261-thread-1] INFO  server.RaftServerConfigKeys (ConfUtils.java:logGet(43)) - raft.server.log.appender.buffer.byte-limit = 33554432 (custom)
2019-10-11 06:29:51,797 [pool-261-thread-1] INFO  server.RaftServerConfigKeys (ConfUtils.java:logGet(43)) - raft.server.log.segment.size.max = 1048576 (custom)
2019-10-11 06:29:51,800 [pool-261-thread-1] INFO  server.RaftServerConfigKeys (ConfUtils.java:logGet(43)) - raft.server.log.segment.cache.num.max = 2 (custom)
2019-10-11 06:29:51,800 [pool-261-thread-1] INFO  segmented.SegmentedRaftLogWorker (SegmentedRaftLogWorker.java:<init>(173)) - new d6b22d4f-ba9a-4a7e-8fa8-3df54149d651@group-92EE29E08C03-SegmentedRaftLogWorker for RaftStorage:Storage Directory /workdir/hadoop-ozone/integration-test/target/test-dir/MiniOzoneClusterImpl-5bc1e110-a443-4489-a3a8-f206ebce128a/datanode-0/data/ratis/876702cb-7c5e-4a1e-934b-92ee29e08c03
2019-10-11 06:29:51,801 [pool-261-thread-1] INFO  server.RaftServerConfigKeys (ConfUtils.java:logGet(43)) - raft.server.log.queue.byte-limit = 2147483647 (custom)
2019-10-11 06:29:51,801 [pool-261-thread-1] INFO  server.RaftServerConfigKeys (ConfUtils.java:logGet(43)) - raft.server.log.queue.element-limit = 1024 (custom)
2019-10-11 06:29:51,801 [pool-261-thread-1] INFO  server.RaftServerConfigKeys (ConfUtils.java:logGet(43)) - raft.server.log.segment.size.max = 1048576 (custom)
2019-10-11 06:29:51,801 [pool-261-thread-1] INFO  server.RaftServerConfigKeys (ConfUtils.java:logGet(43)) - raft.server.log.preallocated.size = 16384 (custom)
2019-10-11 06:29:51,801 [pool-261-thread-1] INFO  server.RaftServerConfigKeys (ConfUtils.java:logGet(43)) - raft.server.log.write.buffer.size = 33554432 (custom)
2019-10-11 06:29:51,802 [pool-261-thread-1] INFO  server.RaftServerConfigKeys (ConfUtils.java:logGet(43)) - raft.server.log.force.sync.num = 128 (default)
2019-10-11 06:29:51,802 [pool-261-thread-1] INFO  server.RaftServerConfigKeys (ConfUtils.java:logGet(43)) - raft.server.log.statemachine.data.sync = true (default)
2019-10-11 06:29:51,802 [pool-261-thread-1] INFO  server.RaftServerConfigKeys (ConfUtils.java:logGet(43)) - raft.server.log.statemachine.data.sync.timeout = 10s (default)
2019-10-11 06:29:51,802 [pool-261-thread-1] INFO  server.RaftServerConfigKeys (ConfUtils.java:logGet(43)) - raft.server.log.statemachine.data.sync.timeout.retry = -1 (default)
2019-10-11 06:29:51,803 [pool-261-thread-1] INFO  server.RaftServerConfigKeys (ConfUtils.java:logGet(43)) - raft.server.log.statemachine.data.caching.enabled = true (custom)
2019-10-11 06:29:51,803 [pool-261-thread-1] INFO  segmented.SegmentedRaftLogWorker (SegmentedRaftLogWorker.java:lambda$new$0(128)) - d6b22d4f-ba9a-4a7e-8fa8-3df54149d651@group-92EE29E08C03-SegmentedRaftLogWorker: flushIndex: setUnconditionally 0 -> -1
2019-10-11 06:29:51,804 [pool-261-thread-1] INFO  server.RaftServerConfigKeys (ConfUtils.java:logGet(43)) - raft.server.snapshot.auto.trigger.enabled = true (custom)
2019-10-11 06:29:51,804 [pool-261-thread-1] INFO  server.RaftServerConfigKeys (ConfUtils.java:logGet(43)) - raft.server.snapshot.auto.trigger.threshold = 10000 (custom)
2019-10-11 06:29:51,804 [pool-261-thread-1] INFO  server.RaftServerConfigKeys (ConfUtils.java:logGet(43)) - raft.server.snapshot.retention.file.num = 5 (custom)
2019-10-11 06:29:51,805 [pool-261-thread-1] INFO  server.RaftServerConfigKeys (ConfUtils.java:logGet(43)) - raft.server.retrycache.expirytime = 600000ms (custom)
2019-10-11 06:29:51,808 [pool-261-thread-1] INFO  impl.RaftServerImpl (RaftServerImpl.java:start(181)) - d6b22d4f-ba9a-4a7e-8fa8-3df54149d651@group-92EE29E08C03: start as a follower, conf=-1: [d6b22d4f-ba9a-4a7e-8fa8-3df54149d651:192.168.5.167:41585], old=null
2019-10-11 06:29:51,808 [pool-261-thread-1] INFO  impl.RaftServerImpl (RaftServerImpl.java:setRole(170)) - d6b22d4f-ba9a-4a7e-8fa8-3df54149d651@group-92EE29E08C03: changes role from      null to FOLLOWER at term 0 for startAsFollower
2019-10-11 06:29:51,808 [pool-261-thread-1] INFO  impl.RoleInfo (RoleInfo.java:updateAndGet(143)) - d6b22d4f-ba9a-4a7e-8fa8-3df54149d651: start FollowerState
2019-10-11 06:29:51,809 [pool-261-thread-1] INFO  util.JmxRegister (JmxRegister.java:tryRegister(44)) - Successfully registered JMX Bean with object name Ratis:service=RaftServer,group=group-92EE29E08C03,id=d6b22d4f-ba9a-4a7e-8fa8-3df54149d651
2019-10-11 06:29:51,821 [RatisPipelineUtilsThread] INFO  pipeline.PipelineStateManager (PipelineStateManager.java:addPipeline(56)) - Created pipeline Pipeline[ Id: 876702cb-7c5e-4a1e-934b-92ee29e08c03, Nodes: d6b22d4f-ba9a-4a7e-8fa8-3df54149d651{ip: 192.168.5.167, host: pr-hdds-2181-j597z-1227750912, networkLocation: /rack1, certSerialId: null}, Type:RATIS, Factor:ONE, State:OPEN]
2019-10-11 06:29:52,830 [Thread-1196] INFO  server.BaseHttpServer (BaseHttpServer.java:updateConnectorAddress(215)) - HTTP server of HDDSDATANODE is listening at http://0.0.0.0:36502
2019-10-11 06:29:52,832 [Thread-1196] INFO  impl.MetricsSystemImpl (MetricsSystemImpl.java:init(158)) - HddsDatanode metrics system started (again)
2019-10-11 06:29:52,840 [org.apache.hadoop.util.JvmPauseMonitor$Monitor@2f3be943] INFO  util.JvmPauseMonitor (JvmPauseMonitor.java:run(188)) - Starting JVM pause monitor
2019-10-11 06:29:52,842 [Thread-1196] INFO  ozone.HddsDatanodeService (HddsDatanodeService.java:start(184)) - HddsDatanodeService host:pr-hdds-2181-j597z-1227750912 ip:192.168.5.167
2019-10-11 06:29:52,847 [Datanode State Machine Thread - 0] INFO  datanode.InitDatanodeState (InitDatanodeState.java:persistContainerDatanodeDetails(140)) - DatanodeDetails is persisted to /workdir/hadoop-ozone/integration-test/target/test-dir/MiniOzoneClusterImpl-5bc1e110-a443-4489-a3a8-f206ebce128a/datanode-1/meta/datanode.id
2019-10-11 06:29:52,852 [Thread-1196] INFO  volume.HddsVolume (HddsVolume.java:<init>(176)) - Creating Volume: /workdir/hadoop-ozone/integration-test/target/test-dir/MiniOzoneClusterImpl-5bc1e110-a443-4489-a3a8-f206ebce128a/datanode-2/data/containers/hdds of  storage type : DISK and capacity : 1482555576320
2019-10-11 06:29:52,852 [Thread-1196] INFO  volume.VolumeSet (VolumeSet.java:initializeVolumeSet(170)) - Added Volume : /workdir/hadoop-ozone/integration-test/target/test-dir/MiniOzoneClusterImpl-5bc1e110-a443-4489-a3a8-f206ebce128a/datanode-2/data/containers/hdds to VolumeSet
2019-10-11 06:29:52,853 [Thread-1196] INFO  volume.ThrottledAsyncChecker (ThrottledAsyncChecker.java:schedule(141)) - Scheduling a check for org.apache.hadoop.ozone.container.common.volume.HddsVolume@83d8a98
2019-10-11 06:29:52,853 [Thread-1196] INFO  volume.HddsVolumeChecker (HddsVolumeChecker.java:checkAllVolumes(204)) - Scheduled health check for volume org.apache.hadoop.ozone.container.common.volume.HddsVolume@83d8a98
2019-10-11 06:29:52,879 [Thread-1196] INFO  impl.RaftServerProxy (ConfUtils.java:logGet(43)) - raft.rpc.type = GRPC (default)
2019-10-11 06:29:52,879 [Thread-1196] INFO  grpc.GrpcFactory (GrpcFactory.java:checkPooledByteBufAllocatorUseCacheForAllThreads(45)) - PERFORMANCE WARNING: useCacheForAllThreads is true that may cause Netty to create a lot garbage objects and, as a result, trigger GC.
	It is recommended to disable useCacheForAllThreads by setting -Dorg.apache.ratis.thirdparty.io.netty.allocator.useCacheForAllThreads=false in command line.
2019-10-11 06:29:52,880 [Thread-1196] INFO  grpc.GrpcConfigKeys$Server (ConfUtils.java:logGet(43)) - raft.grpc.server.port = 0 (default)
2019-10-11 06:29:52,880 [Thread-1196] INFO  server.GrpcService (ConfUtils.java:logGet(43)) - raft.grpc.message.size.max = 33570816 (custom)
2019-10-11 06:29:52,880 [Thread-1196] INFO  server.RaftServerConfigKeys (ConfUtils.java:logGet(43)) - raft.server.log.appender.buffer.byte-limit = 33554432 (custom)
2019-10-11 06:29:52,880 [Thread-1196] INFO  server.GrpcService (ConfUtils.java:logGet(43)) - raft.grpc.flow.control.window = 1MB (=1048576) (default)
2019-10-11 06:29:52,881 [Thread-1196] INFO  server.RaftServerConfigKeys (ConfUtils.java:logGet(43)) - raft.server.rpc.request.timeout = 3000ms (default)
2019-10-11 06:29:52,882 [Thread-1196] INFO  server.RaftServerConfigKeys (ConfUtils.java:logGet(43)) - raft.server.storage.dir = [/workdir/hadoop-ozone/integration-test/target/test-dir/MiniOzoneClusterImpl-5bc1e110-a443-4489-a3a8-f206ebce128a/datanode-2/data/ratis] (custom)
2019-10-11 06:29:54,742 [Thread-1349] INFO  container.ReplicationManager (ReplicationManager.java:start(162)) - Starting Replication Monitor Thread.
2019-10-11 06:29:54,744 [ReplicationMonitor] INFO  container.ReplicationManager (ReplicationManager.java:run(225)) - Replication Monitor Thread took 0 milliseconds for processing 0 containers.
2019-10-11 06:29:54,867 [Datanode State Machine Thread - 0] INFO  ozoneimpl.OzoneContainer (OzoneContainer.java:start(213)) - Attempting to start container services.
2019-10-11 06:29:54,871 [Datanode State Machine Thread - 0] INFO  ozoneimpl.OzoneContainer (OzoneContainer.java:startContainerScrub(177)) - Background container scanner has been disabled.
2019-10-11 06:29:54,871 [Datanode State Machine Thread - 0] INFO  ratis.XceiverServerRatis (XceiverServerRatis.java:start(418)) - Starting XceiverServerRatis dc1694e1-277c-4bb8-aae6-8a1799610c9f at port 0
2019-10-11 06:29:54,879 [Datanode State Machine Thread - 0] INFO  impl.RaftServerProxy (RaftServerProxy.java:lambda$start$3(299)) - dc1694e1-277c-4bb8-aae6-8a1799610c9f: start RPC server
2019-10-11 06:29:54,882 [Datanode State Machine Thread - 0] INFO  server.GrpcService (GrpcService.java:startImpl(158)) - dc1694e1-277c-4bb8-aae6-8a1799610c9f: GrpcService started, listening on 0.0.0.0/0.0.0.0:44167
2019-10-11 06:29:54,882 [Datanode State Machine Thread - 0] INFO  ratis.XceiverServerRatis (XceiverServerRatis.java:start(428)) - XceiverServerRatis dc1694e1-277c-4bb8-aae6-8a1799610c9f is started using port 44167
2019-10-11 06:29:54,890 [Datanode State Machine Thread - 0] INFO  server.XceiverServerGrpc (XceiverServerGrpc.java:start(149)) - XceiverServerGrpc dc1694e1-277c-4bb8-aae6-8a1799610c9f is started using port 44638
2019-10-11 06:29:56,841 [IPC Server handler 1 on 44076] INFO  net.NetworkTopology (NetworkTopologyImpl.java:add(111)) - Added a new node: /rack1/dc1694e1-277c-4bb8-aae6-8a1799610c9f
2019-10-11 06:29:56,842 [IPC Server handler 1 on 44076] INFO  node.SCMNodeManager (SCMNodeManager.java:register(268)) - Registered Data node : dc1694e1-277c-4bb8-aae6-8a1799610c9f{ip: 192.168.5.167, host: pr-hdds-2181-j597z-1227750912, networkLocation: /rack1, certSerialId: null}
2019-10-11 06:29:56,848 [Thread-1351] INFO  impl.FollowerState (FollowerState.java:run(108)) - d6b22d4f-ba9a-4a7e-8fa8-3df54149d651@group-92EE29E08C03-FollowerState: change to CANDIDATE, lastRpcTime:5039ms, electionTimeout:5037ms
2019-10-11 06:29:56,848 [Thread-1351] INFO  impl.RoleInfo (RoleInfo.java:shutdownFollowerState(121)) - d6b22d4f-ba9a-4a7e-8fa8-3df54149d651: shutdown FollowerState
2019-10-11 06:29:56,848 [Thread-1351] INFO  impl.RaftServerImpl (RaftServerImpl.java:setRole(170)) - d6b22d4f-ba9a-4a7e-8fa8-3df54149d651@group-92EE29E08C03: changes role from  FOLLOWER to CANDIDATE at term 0 for changeToCandidate
2019-10-11 06:29:56,849 [Thread-1351] INFO  impl.RoleInfo (RoleInfo.java:updateAndGet(143)) - d6b22d4f-ba9a-4a7e-8fa8-3df54149d651: start LeaderElection
2019-10-11 06:29:56,870 [grpc-default-executor-2] INFO  impl.RaftServerProxy (RaftServerProxy.java:addNew(89)) - dc1694e1-277c-4bb8-aae6-8a1799610c9f: addNew group-47BC4134A365:[dc1694e1-277c-4bb8-aae6-8a1799610c9f:192.168.5.167:44167] returns group-47BC4134A365:java.util.concurrent.CompletableFuture@7cb69eec[Not completed]
2019-10-11 06:29:56,873 [pool-271-thread-1] INFO  impl.RaftServerImpl (RaftServerImpl.java:<init>(95)) - dc1694e1-277c-4bb8-aae6-8a1799610c9f: new RaftServerImpl for group-47BC4134A365:[dc1694e1-277c-4bb8-aae6-8a1799610c9f:192.168.5.167:44167] with ContainerStateMachine:uninitialized
2019-10-11 06:29:56,875 [pool-271-thread-1] INFO  server.RaftServerConfigKeys (ConfUtils.java:logGet(43)) - raft.server.rpc.timeout.min = 5s (custom)
2019-10-11 06:29:56,876 [pool-271-thread-1] INFO  server.RaftServerConfigKeys (ConfUtils.java:logGet(43)) - raft.server.rpc.timeout.max = 5200ms (custom)
2019-10-11 06:29:56,876 [pool-271-thread-1] INFO  server.RaftServerConfigKeys (ConfUtils.java:logGet(43)) - raft.server.rpcslowness.timeout = 120s (custom)
2019-10-11 06:29:56,876 [pool-271-thread-1] INFO  server.RaftServerConfigKeys (ConfUtils.java:logGet(43)) - raft.server.sleep.deviation.threshold = 300 (default)
2019-10-11 06:29:56,876 [pool-271-thread-1] INFO  server.RaftServerConfigKeys (ConfUtils.java:logGet(43)) - raft.server.log.appender.install.snapshot.enabled = false (custom)
2019-10-11 06:29:56,877 [pool-271-thread-1] INFO  impl.RaftServerImpl (ServerState.java:<init>(103)) - dc1694e1-277c-4bb8-aae6-8a1799610c9f@group-47BC4134A365: ConfigurationManager, init=-1: [dc1694e1-277c-4bb8-aae6-8a1799610c9f:192.168.5.167:44167], old=null, confs=<EMPTY_MAP>
2019-10-11 06:29:56,877 [pool-271-thread-1] INFO  server.RaftServerConfigKeys (ConfUtils.java:logGet(43)) - raft.server.storage.dir = [/workdir/hadoop-ozone/integration-test/target/test-dir/MiniOzoneClusterImpl-5bc1e110-a443-4489-a3a8-f206ebce128a/datanode-1/data/ratis] (custom)
2019-10-11 06:29:56,877 [pool-271-thread-1] INFO  server.RaftServerConfigKeys (ConfUtils.java:logGet(43)) - raft.server.log.corruption.policy = EXCEPTION (default)
2019-10-11 06:29:56,879 [pool-271-thread-1] INFO  storage.RaftStorageDirectory (RaftStorageDirectory.java:analyzeStorage(246)) - The storage directory /workdir/hadoop-ozone/integration-test/target/test-dir/MiniOzoneClusterImpl-5bc1e110-a443-4489-a3a8-f206ebce128a/datanode-1/data/ratis/a51f1eb3-311c-487e-8019-47bc4134a365 does not exist. Creating ...
2019-10-11 06:29:56,880 [d6b22d4f-ba9a-4a7e-8fa8-3df54149d651@group-92EE29E08C03-LeaderElection8] INFO  impl.LeaderElection (LeaderElection.java:askForVotes(178)) - d6b22d4f-ba9a-4a7e-8fa8-3df54149d651@group-92EE29E08C03-LeaderElection8: begin an election at term 1 for -1: [d6b22d4f-ba9a-4a7e-8fa8-3df54149d651:192.168.5.167:41585], old=null
2019-10-11 06:29:56,880 [d6b22d4f-ba9a-4a7e-8fa8-3df54149d651@group-92EE29E08C03-LeaderElection8] INFO  impl.RoleInfo (RoleInfo.java:shutdownLeaderElection(134)) - d6b22d4f-ba9a-4a7e-8fa8-3df54149d651: shutdown LeaderElection
2019-10-11 06:29:56,881 [d6b22d4f-ba9a-4a7e-8fa8-3df54149d651@group-92EE29E08C03-LeaderElection8] INFO  impl.RaftServerImpl (RaftServerImpl.java:setRole(170)) - d6b22d4f-ba9a-4a7e-8fa8-3df54149d651@group-92EE29E08C03: changes role from CANDIDATE to LEADER at term 1 for changeToLeader
2019-10-11 06:29:56,881 [d6b22d4f-ba9a-4a7e-8fa8-3df54149d651@group-92EE29E08C03-LeaderElection8] INFO  impl.RaftServerImpl (ServerState.java:setLeader(255)) - d6b22d4f-ba9a-4a7e-8fa8-3df54149d651@group-92EE29E08C03: change Leader from null to d6b22d4f-ba9a-4a7e-8fa8-3df54149d651 at term 1 for becomeLeader, leader elected after 5085ms
2019-10-11 06:29:56,881 [d6b22d4f-ba9a-4a7e-8fa8-3df54149d651@group-92EE29E08C03-LeaderElection8] INFO  server.RaftServerConfigKeys (ConfUtils.java:logGet(43)) - raft.server.staging.catchup.gap = 1000 (default)
2019-10-11 06:29:56,881 [d6b22d4f-ba9a-4a7e-8fa8-3df54149d651@group-92EE29E08C03-LeaderElection8] INFO  server.RaftServerConfigKeys (ConfUtils.java:logGet(43)) - raft.server.rpc.sleep.time = 25ms (default)
2019-10-11 06:29:56,882 [d6b22d4f-ba9a-4a7e-8fa8-3df54149d651@group-92EE29E08C03-LeaderElection8] INFO  server.RaftServerConfigKeys (ConfUtils.java:logGet(43)) - raft.server.write.element-limit = 4096 (default)
2019-10-11 06:29:56,882 [d6b22d4f-ba9a-4a7e-8fa8-3df54149d651@group-92EE29E08C03-LeaderElection8] INFO  server.RaftServerConfigKeys (ConfUtils.java:logGet(43)) - raft.server.watch.timeout = 10s (default)
2019-10-11 06:29:56,882 [d6b22d4f-ba9a-4a7e-8fa8-3df54149d651@group-92EE29E08C03-LeaderElection8] INFO  server.RaftServerConfigKeys (ConfUtils.java:logGet(43)) - raft.server.watch.timeout.denomination = 1s (default)
2019-10-11 06:29:56,882 [pool-271-thread-1] INFO  storage.RaftStorageDirectory (RaftStorageDirectory.java:tryLock(328)) - Lock on /workdir/hadoop-ozone/integration-test/target/test-dir/MiniOzoneClusterImpl-5bc1e110-a443-4489-a3a8-f206ebce128a/datanode-1/data/ratis/a51f1eb3-311c-487e-8019-47bc4134a365/in_use.lock acquired by nodename 14444@pr-hdds-2181-j597z-1227750912
2019-10-11 06:29:56,882 [d6b22d4f-ba9a-4a7e-8fa8-3df54149d651@group-92EE29E08C03-LeaderElection8] INFO  server.RaftServerConfigKeys (ConfUtils.java:logGet(43)) - raft.server.watch.element-limit = 65536 (default)
2019-10-11 06:29:56,885 [d6b22d4f-ba9a-4a7e-8fa8-3df54149d651@group-92EE29E08C03-LeaderElection8] INFO  impl.RoleInfo (RoleInfo.java:updateAndGet(143)) - d6b22d4f-ba9a-4a7e-8fa8-3df54149d651: start LeaderState
2019-10-11 06:29:56,886 [d6b22d4f-ba9a-4a7e-8fa8-3df54149d651@group-92EE29E08C03-LeaderElection8] INFO  segmented.SegmentedRaftLogWorker (SegmentedRaftLogWorker.java:startLogSegment(385)) - d6b22d4f-ba9a-4a7e-8fa8-3df54149d651@group-92EE29E08C03-SegmentedRaftLogWorker: Starting segment from index:0
2019-10-11 06:29:56,887 [d6b22d4f-ba9a-4a7e-8fa8-3df54149d651@group-92EE29E08C03-LeaderElection8] INFO  impl.RaftServerImpl (ServerState.java:setRaftConf(356)) - d6b22d4f-ba9a-4a7e-8fa8-3df54149d651@group-92EE29E08C03: set configuration 0: [d6b22d4f-ba9a-4a7e-8fa8-3df54149d651:192.168.5.167:41585], old=null at 0
2019-10-11 06:29:56,925 [pool-271-thread-1] INFO  storage.RaftStorage (RaftStorage.java:format(84)) - Storage directory /workdir/hadoop-ozone/integration-test/target/test-dir/MiniOzoneClusterImpl-5bc1e110-a443-4489-a3a8-f206ebce128a/datanode-1/data/ratis/a51f1eb3-311c-487e-8019-47bc4134a365 has been successfully formatted.
2019-10-11 06:29:56,925 [pool-271-thread-1] INFO  ratis.ContainerStateMachine (ContainerStateMachine.java:loadSnapshot(231)) - group-47BC4134A365: The snapshot info is null. Setting the last applied indexto:(t:0, i:~)
2019-10-11 06:29:56,926 [pool-271-thread-1] INFO  server.RaftServerConfigKeys (ConfUtils.java:logGet(43)) - raft.server.notification.no-leader.timeout = 120s (custom)
2019-10-11 06:29:56,926 [pool-271-thread-1] INFO  server.RaftServerConfigKeys (ConfUtils.java:logGet(43)) - raft.server.log.use.memory = false (default)
2019-10-11 06:29:56,926 [pool-271-thread-1] INFO  server.RaftServerConfigKeys (ConfUtils.java:logGet(43)) - raft.server.log.purge.gap = 1000000 (custom)
2019-10-11 06:29:56,926 [pool-271-thread-1] INFO  server.RaftServerConfigKeys (ConfUtils.java:logGet(43)) - raft.server.log.appender.buffer.byte-limit = 33554432 (custom)
2019-10-11 06:29:56,927 [pool-271-thread-1] INFO  server.RaftServerConfigKeys (ConfUtils.java:logGet(43)) - raft.server.log.segment.size.max = 1048576 (custom)
2019-10-11 06:29:56,931 [pool-271-thread-1] INFO  server.RaftServerConfigKeys (ConfUtils.java:logGet(43)) - raft.server.log.segment.cache.num.max = 2 (custom)
2019-10-11 06:29:56,931 [pool-271-thread-1] INFO  segmented.SegmentedRaftLogWorker (SegmentedRaftLogWorker.java:<init>(173)) - new dc1694e1-277c-4bb8-aae6-8a1799610c9f@group-47BC4134A365-SegmentedRaftLogWorker for RaftStorage:Storage Directory /workdir/hadoop-ozone/integration-test/target/test-dir/MiniOzoneClusterImpl-5bc1e110-a443-4489-a3a8-f206ebce128a/datanode-1/data/ratis/a51f1eb3-311c-487e-8019-47bc4134a365
2019-10-11 06:29:56,932 [pool-271-thread-1] INFO  server.RaftServerConfigKeys (ConfUtils.java:logGet(43)) - raft.server.log.queue.byte-limit = 2147483647 (custom)
2019-10-11 06:29:56,932 [pool-271-thread-1] INFO  server.RaftServerConfigKeys (ConfUtils.java:logGet(43)) - raft.server.log.queue.element-limit = 1024 (custom)
2019-10-11 06:29:56,932 [pool-271-thread-1] INFO  server.RaftServerConfigKeys (ConfUtils.java:logGet(43)) - raft.server.log.segment.size.max = 1048576 (custom)
2019-10-11 06:29:56,932 [pool-271-thread-1] INFO  server.RaftServerConfigKeys (ConfUtils.java:logGet(43)) - raft.server.log.preallocated.size = 16384 (custom)
2019-10-11 06:29:56,933 [pool-271-thread-1] INFO  server.RaftServerConfigKeys (ConfUtils.java:logGet(43)) - raft.server.log.write.buffer.size = 33554432 (custom)
2019-10-11 06:29:56,933 [pool-271-thread-1] INFO  server.RaftServerConfigKeys (ConfUtils.java:logGet(43)) - raft.server.log.force.sync.num = 128 (default)
2019-10-11 06:29:56,933 [pool-271-thread-1] INFO  server.RaftServerConfigKeys (ConfUtils.java:logGet(43)) - raft.server.log.statemachine.data.sync = true (default)
2019-10-11 06:29:56,933 [pool-271-thread-1] INFO  server.RaftServerConfigKeys (ConfUtils.java:logGet(43)) - raft.server.log.statemachine.data.sync.timeout = 10s (default)
2019-10-11 06:29:56,934 [pool-271-thread-1] INFO  server.RaftServerConfigKeys (ConfUtils.java:logGet(43)) - raft.server.log.statemachine.data.sync.timeout.retry = -1 (default)
2019-10-11 06:29:56,934 [pool-271-thread-1] INFO  server.RaftServerConfigKeys (ConfUtils.java:logGet(43)) - raft.server.log.statemachine.data.caching.enabled = true (custom)
2019-10-11 06:29:56,935 [pool-271-thread-1] INFO  segmented.SegmentedRaftLogWorker (SegmentedRaftLogWorker.java:lambda$new$0(128)) - dc1694e1-277c-4bb8-aae6-8a1799610c9f@group-47BC4134A365-SegmentedRaftLogWorker: flushIndex: setUnconditionally 0 -> -1
2019-10-11 06:29:56,935 [pool-271-thread-1] INFO  server.RaftServerConfigKeys (ConfUtils.java:logGet(43)) - raft.server.snapshot.auto.trigger.enabled = true (custom)
2019-10-11 06:29:56,936 [pool-271-thread-1] INFO  server.RaftServerConfigKeys (ConfUtils.java:logGet(43)) - raft.server.snapshot.auto.trigger.threshold = 10000 (custom)
2019-10-11 06:29:56,936 [pool-271-thread-1] INFO  server.RaftServerConfigKeys (ConfUtils.java:logGet(43)) - raft.server.snapshot.retention.file.num = 5 (custom)
2019-10-11 06:29:56,936 [pool-271-thread-1] INFO  server.RaftServerConfigKeys (ConfUtils.java:logGet(43)) - raft.server.retrycache.expirytime = 600000ms (custom)
2019-10-11 06:29:56,937 [d6b22d4f-ba9a-4a7e-8fa8-3df54149d651@group-92EE29E08C03-SegmentedRaftLogWorker] INFO  segmented.SegmentedRaftLogWorker (SegmentedRaftLogWorker.java:execute(574)) - d6b22d4f-ba9a-4a7e-8fa8-3df54149d651@group-92EE29E08C03-SegmentedRaftLogWorker: created new log segment /workdir/hadoop-ozone/integration-test/target/test-dir/MiniOzoneClusterImpl-5bc1e110-a443-4489-a3a8-f206ebce128a/datanode-0/data/ratis/876702cb-7c5e-4a1e-934b-92ee29e08c03/current/log_inprogress_0
2019-10-11 06:29:56,940 [pool-271-thread-1] INFO  impl.RaftServerImpl (RaftServerImpl.java:start(181)) - dc1694e1-277c-4bb8-aae6-8a1799610c9f@group-47BC4134A365: start as a follower, conf=-1: [dc1694e1-277c-4bb8-aae6-8a1799610c9f:192.168.5.167:44167], old=null
2019-10-11 06:29:56,940 [pool-271-thread-1] INFO  impl.RaftServerImpl (RaftServerImpl.java:setRole(170)) - dc1694e1-277c-4bb8-aae6-8a1799610c9f@group-47BC4134A365: changes role from      null to FOLLOWER at term 0 for startAsFollower
2019-10-11 06:29:56,941 [pool-271-thread-1] INFO  impl.RoleInfo (RoleInfo.java:updateAndGet(143)) - dc1694e1-277c-4bb8-aae6-8a1799610c9f: start FollowerState
2019-10-11 06:29:56,941 [pool-271-thread-1] INFO  util.JmxRegister (JmxRegister.java:tryRegister(44)) - Successfully registered JMX Bean with object name Ratis:service=RaftServer,group=group-47BC4134A365,id=dc1694e1-277c-4bb8-aae6-8a1799610c9f
2019-10-11 06:29:56,954 [RatisPipelineUtilsThread] INFO  pipeline.PipelineStateManager (PipelineStateManager.java:addPipeline(56)) - Created pipeline Pipeline[ Id: a51f1eb3-311c-487e-8019-47bc4134a365, Nodes: dc1694e1-277c-4bb8-aae6-8a1799610c9f{ip: 192.168.5.167, host: pr-hdds-2181-j597z-1227750912, networkLocation: /rack1, certSerialId: null}, Type:RATIS, Factor:ONE, State:OPEN]
2019-10-11 06:29:57,888 [Thread-1196] INFO  hdfs.DFSUtil (DFSUtil.java:httpServerTemplateForNNAndJN(1641)) - Starting Web-server for hddsDatanode at: http://0.0.0.0:0
2019-10-11 06:29:57,891 [Thread-1196] INFO  server.AuthenticationFilter (AuthenticationFilter.java:constructSecretProvider(240)) - Unable to initialize FileSignerSecretProvider, falling back to use random secrets.
2019-10-11 06:29:57,892 [Thread-1196] WARN  http.HttpRequestLog (HttpRequestLog.java:getRequestLog(97)) - Jetty request log can only be enabled using Log4j
2019-10-11 06:29:57,895 [Thread-1196] INFO  http.HttpServer2 (HttpServer2.java:addGlobalFilter(975)) - Added global filter 'safety' (class=org.apache.hadoop.http.HttpServer2$QuotingInputFilter)
2019-10-11 06:29:57,896 [Thread-1196] INFO  http.HttpServer2 (HttpServer2.java:addFilter(948)) - Added filter static_user_filter (class=org.apache.hadoop.http.lib.StaticUserWebFilter$StaticUserFilter) to context hddsDatanode
2019-10-11 06:29:57,896 [Thread-1196] INFO  http.HttpServer2 (HttpServer2.java:addFilter(958)) - Added filter static_user_filter (class=org.apache.hadoop.http.lib.StaticUserWebFilter$StaticUserFilter) to context logs
2019-10-11 06:29:57,896 [Thread-1196] INFO  http.HttpServer2 (HttpServer2.java:addFilter(958)) - Added filter static_user_filter (class=org.apache.hadoop.http.lib.StaticUserWebFilter$StaticUserFilter) to context static
2019-10-11 06:29:57,898 [Thread-1196] INFO  http.HttpServer2 (HttpServer2.java:bindListener(1191)) - Jetty bound to port 34885
2019-10-11 06:29:57,898 [Thread-1196] INFO  server.Server (Server.java:doStart(351)) - jetty-9.3.25.v20180904, build timestamp: 2018-09-04T21:11:46Z, git hash: 3ce520221d0240229c862b122d2b06c12a625732
2019-10-11 06:29:57,901 [Thread-1196] INFO  handler.ContextHandler (ContextHandler.java:doStart(781)) - Started o.e.j.s.ServletContextHandler@37e89cc3{/logs,file:///workdir/hadoop-ozone/integration-test/target/log,AVAILABLE}
2019-10-11 06:29:57,902 [Thread-1196] INFO  handler.ContextHandler (ContextHandler.java:doStart(781)) - Started o.e.j.s.ServletContextHandler@13e97ea6{/static,jar:file:/home/user/.m2/repository/org/apache/hadoop/hadoop-hdds-container-service/0.5.0-SNAPSHOT/hadoop-hdds-container-service-0.5.0-SNAPSHOT.jar!/webapps/static,AVAILABLE}
2019-10-11 06:29:57,948 [Thread-1196] INFO  handler.ContextHandler (ContextHandler.java:doStart(781)) - Started o.e.j.w.WebAppContext@7af7a78c{/,file:///tmp/jetty-0.0.0.0-34885-hddsDatanode-_-any-4160515716900714622.dir/webapp/,AVAILABLE}{/hddsDatanode}
2019-10-11 06:29:57,948 [Thread-1196] INFO  server.AbstractConnector (AbstractConnector.java:doStart(278)) - Started ServerConnector@6a4cbb5d{HTTP/1.1,[http/1.1]}{0.0.0.0:34885}
2019-10-11 06:29:57,950 [Thread-1196] INFO  server.Server (Server.java:doStart(419)) - Started @262419ms
2019-10-11 06:29:57,950 [Thread-1196] WARN  impl.MetricsSystemImpl (MetricsSystemImpl.java:register(276)) - Sink prometheus already exists!
2019-10-11 06:30:01,985 [Thread-1364] INFO  impl.FollowerState (FollowerState.java:run(108)) - dc1694e1-277c-4bb8-aae6-8a1799610c9f@group-47BC4134A365-FollowerState: change to CANDIDATE, lastRpcTime:5044ms, electionTimeout:5044ms
2019-10-11 06:30:01,986 [Thread-1364] INFO  impl.RoleInfo (RoleInfo.java:shutdownFollowerState(121)) - dc1694e1-277c-4bb8-aae6-8a1799610c9f: shutdown FollowerState
2019-10-11 06:30:01,986 [Thread-1364] INFO  impl.RaftServerImpl (RaftServerImpl.java:setRole(170)) - dc1694e1-277c-4bb8-aae6-8a1799610c9f@group-47BC4134A365: changes role from  FOLLOWER to CANDIDATE at term 0 for changeToCandidate
2019-10-11 06:30:01,986 [Thread-1364] INFO  impl.RoleInfo (RoleInfo.java:updateAndGet(143)) - dc1694e1-277c-4bb8-aae6-8a1799610c9f: start LeaderElection
2019-10-11 06:30:02,004 [dc1694e1-277c-4bb8-aae6-8a1799610c9f@group-47BC4134A365-LeaderElection9] INFO  impl.LeaderElection (LeaderElection.java:askForVotes(178)) - dc1694e1-277c-4bb8-aae6-8a1799610c9f@group-47BC4134A365-LeaderElection9: begin an election at term 1 for -1: [dc1694e1-277c-4bb8-aae6-8a1799610c9f:192.168.5.167:44167], old=null
2019-10-11 06:30:02,005 [dc1694e1-277c-4bb8-aae6-8a1799610c9f@group-47BC4134A365-LeaderElection9] INFO  impl.RoleInfo (RoleInfo.java:shutdownLeaderElection(134)) - dc1694e1-277c-4bb8-aae6-8a1799610c9f: shutdown LeaderElection
2019-10-11 06:30:02,005 [dc1694e1-277c-4bb8-aae6-8a1799610c9f@group-47BC4134A365-LeaderElection9] INFO  impl.RaftServerImpl (RaftServerImpl.java:setRole(170)) - dc1694e1-277c-4bb8-aae6-8a1799610c9f@group-47BC4134A365: changes role from CANDIDATE to LEADER at term 1 for changeToLeader
2019-10-11 06:30:02,005 [dc1694e1-277c-4bb8-aae6-8a1799610c9f@group-47BC4134A365-LeaderElection9] INFO  impl.RaftServerImpl (ServerState.java:setLeader(255)) - dc1694e1-277c-4bb8-aae6-8a1799610c9f@group-47BC4134A365: change Leader from null to dc1694e1-277c-4bb8-aae6-8a1799610c9f at term 1 for becomeLeader, leader elected after 5079ms
2019-10-11 06:30:02,005 [dc1694e1-277c-4bb8-aae6-8a1799610c9f@group-47BC4134A365-LeaderElection9] INFO  server.RaftServerConfigKeys (ConfUtils.java:logGet(43)) - raft.server.staging.catchup.gap = 1000 (default)
2019-10-11 06:30:02,005 [dc1694e1-277c-4bb8-aae6-8a1799610c9f@group-47BC4134A365-LeaderElection9] INFO  server.RaftServerConfigKeys (ConfUtils.java:logGet(43)) - raft.server.rpc.sleep.time = 25ms (default)
2019-10-11 06:30:02,006 [dc1694e1-277c-4bb8-aae6-8a1799610c9f@group-47BC4134A365-LeaderElection9] INFO  server.RaftServerConfigKeys (ConfUtils.java:logGet(43)) - raft.server.write.element-limit = 4096 (default)
2019-10-11 06:30:02,006 [dc1694e1-277c-4bb8-aae6-8a1799610c9f@group-47BC4134A365-LeaderElection9] INFO  server.RaftServerConfigKeys (ConfUtils.java:logGet(43)) - raft.server.watch.timeout = 10s (default)
2019-10-11 06:30:02,006 [dc1694e1-277c-4bb8-aae6-8a1799610c9f@group-47BC4134A365-LeaderElection9] INFO  server.RaftServerConfigKeys (ConfUtils.java:logGet(43)) - raft.server.watch.timeout.denomination = 1s (default)
2019-10-11 06:30:02,006 [dc1694e1-277c-4bb8-aae6-8a1799610c9f@group-47BC4134A365-LeaderElection9] INFO  server.RaftServerConfigKeys (ConfUtils.java:logGet(43)) - raft.server.watch.element-limit = 65536 (default)
2019-10-11 06:30:02,009 [dc1694e1-277c-4bb8-aae6-8a1799610c9f@group-47BC4134A365-LeaderElection9] INFO  impl.RoleInfo (RoleInfo.java:updateAndGet(143)) - dc1694e1-277c-4bb8-aae6-8a1799610c9f: start LeaderState
2019-10-11 06:30:02,009 [dc1694e1-277c-4bb8-aae6-8a1799610c9f@group-47BC4134A365-LeaderElection9] INFO  segmented.SegmentedRaftLogWorker (SegmentedRaftLogWorker.java:startLogSegment(385)) - dc1694e1-277c-4bb8-aae6-8a1799610c9f@group-47BC4134A365-SegmentedRaftLogWorker: Starting segment from index:0
2019-10-11 06:30:02,010 [dc1694e1-277c-4bb8-aae6-8a1799610c9f@group-47BC4134A365-LeaderElection9] INFO  impl.RaftServerImpl (ServerState.java:setRaftConf(356)) - dc1694e1-277c-4bb8-aae6-8a1799610c9f@group-47BC4134A365: set configuration 0: [dc1694e1-277c-4bb8-aae6-8a1799610c9f:192.168.5.167:44167], old=null at 0
2019-10-11 06:30:02,066 [dc1694e1-277c-4bb8-aae6-8a1799610c9f@group-47BC4134A365-SegmentedRaftLogWorker] INFO  segmented.SegmentedRaftLogWorker (SegmentedRaftLogWorker.java:execute(574)) - dc1694e1-277c-4bb8-aae6-8a1799610c9f@group-47BC4134A365-SegmentedRaftLogWorker: created new log segment /workdir/hadoop-ozone/integration-test/target/test-dir/MiniOzoneClusterImpl-5bc1e110-a443-4489-a3a8-f206ebce128a/datanode-1/data/ratis/a51f1eb3-311c-487e-8019-47bc4134a365/current/log_inprogress_0
2019-10-11 06:30:02,956 [Thread-1196] INFO  server.BaseHttpServer (BaseHttpServer.java:updateConnectorAddress(215)) - HTTP server of HDDSDATANODE is listening at http://0.0.0.0:34885
2019-10-11 06:30:02,957 [Thread-1196] INFO  ozone.MiniOzoneClusterImpl (MiniOzoneClusterImpl.java:lambda$waitForClusterToBeReady$0(147)) - Waiting for cluster to be ready. Got 2 of 3 DN Heartbeats.
2019-10-11 06:30:02,967 [org.apache.hadoop.util.JvmPauseMonitor$Monitor@2ae49f0b] INFO  util.JvmPauseMonitor (JvmPauseMonitor.java:run(188)) - Starting JVM pause monitor
2019-10-11 06:30:02,970 [Datanode State Machine Thread - 0] INFO  datanode.InitDatanodeState (InitDatanodeState.java:persistContainerDatanodeDetails(140)) - DatanodeDetails is persisted to /workdir/hadoop-ozone/integration-test/target/test-dir/MiniOzoneClusterImpl-5bc1e110-a443-4489-a3a8-f206ebce128a/datanode-2/meta/datanode.id
2019-10-11 06:30:03,966 [Thread-1196] INFO  ozone.MiniOzoneClusterImpl (MiniOzoneClusterImpl.java:lambda$waitForClusterToBeReady$0(147)) - Waiting for cluster to be ready. Got 2 of 3 DN Heartbeats.
2019-10-11 06:30:04,966 [Thread-1196] INFO  ozone.MiniOzoneClusterImpl (MiniOzoneClusterImpl.java:lambda$waitForClusterToBeReady$0(147)) - Waiting for cluster to be ready. Got 2 of 3 DN Heartbeats.
2019-10-11 06:30:04,984 [Datanode State Machine Thread - 0] INFO  ozoneimpl.OzoneContainer (OzoneContainer.java:start(213)) - Attempting to start container services.
2019-10-11 06:30:04,984 [Datanode State Machine Thread - 0] INFO  ozoneimpl.OzoneContainer (OzoneContainer.java:startContainerScrub(177)) - Background container scanner has been disabled.
2019-10-11 06:30:04,984 [Datanode State Machine Thread - 0] INFO  ratis.XceiverServerRatis (XceiverServerRatis.java:start(418)) - Starting XceiverServerRatis 8e47a7d1-5fcd-47dd-979d-b8db99b02a5f at port 0
2019-10-11 06:30:04,994 [Datanode State Machine Thread - 0] INFO  impl.RaftServerProxy (RaftServerProxy.java:lambda$start$3(299)) - 8e47a7d1-5fcd-47dd-979d-b8db99b02a5f: start RPC server
2019-10-11 06:30:04,997 [Datanode State Machine Thread - 0] INFO  server.GrpcService (GrpcService.java:startImpl(158)) - 8e47a7d1-5fcd-47dd-979d-b8db99b02a5f: GrpcService started, listening on 0.0.0.0/0.0.0.0:36604
2019-10-11 06:30:04,998 [Datanode State Machine Thread - 0] INFO  ratis.XceiverServerRatis (XceiverServerRatis.java:start(428)) - XceiverServerRatis 8e47a7d1-5fcd-47dd-979d-b8db99b02a5f is started using port 36604
2019-10-11 06:30:05,008 [Datanode State Machine Thread - 0] INFO  server.XceiverServerGrpc (XceiverServerGrpc.java:start(149)) - XceiverServerGrpc 8e47a7d1-5fcd-47dd-979d-b8db99b02a5f is started using port 41054
2019-10-11 06:30:05,967 [Thread-1196] INFO  ozone.MiniOzoneClusterImpl (MiniOzoneClusterImpl.java:lambda$waitForClusterToBeReady$0(147)) - Waiting for cluster to be ready. Got 2 of 3 DN Heartbeats.
2019-10-11 06:30:06,967 [Thread-1196] INFO  ozone.MiniOzoneClusterImpl (MiniOzoneClusterImpl.java:lambda$waitForClusterToBeReady$0(147)) - Waiting for cluster to be ready. Got 2 of 3 DN Heartbeats.
2019-10-11 06:30:06,969 [IPC Server handler 12 on 44076] INFO  net.NetworkTopology (NetworkTopologyImpl.java:add(111)) - Added a new node: /rack1/8e47a7d1-5fcd-47dd-979d-b8db99b02a5f
2019-10-11 06:30:06,969 [IPC Server handler 12 on 44076] INFO  node.SCMNodeManager (SCMNodeManager.java:register(268)) - Registered Data node : 8e47a7d1-5fcd-47dd-979d-b8db99b02a5f{ip: 192.168.5.167, host: pr-hdds-2181-j597z-1227750912, networkLocation: /rack1, certSerialId: null}
2019-10-11 06:30:06,988 [grpc-default-executor-2] INFO  impl.RaftServerProxy (RaftServerProxy.java:addNew(89)) - 8e47a7d1-5fcd-47dd-979d-b8db99b02a5f: addNew group-F7254B621697:[8e47a7d1-5fcd-47dd-979d-b8db99b02a5f:192.168.5.167:36604] returns group-F7254B621697:java.util.concurrent.CompletableFuture@20ec5627[Not completed]
2019-10-11 06:30:06,993 [pool-281-thread-1] INFO  impl.RaftServerImpl (RaftServerImpl.java:<init>(95)) - 8e47a7d1-5fcd-47dd-979d-b8db99b02a5f: new RaftServerImpl for group-F7254B621697:[8e47a7d1-5fcd-47dd-979d-b8db99b02a5f:192.168.5.167:36604] with ContainerStateMachine:uninitialized
2019-10-11 06:30:06,993 [pool-281-thread-1] INFO  server.RaftServerConfigKeys (ConfUtils.java:logGet(43)) - raft.server.rpc.timeout.min = 5s (custom)
2019-10-11 06:30:06,993 [pool-281-thread-1] INFO  server.RaftServerConfigKeys (ConfUtils.java:logGet(43)) - raft.server.rpc.timeout.max = 5200ms (custom)
2019-10-11 06:30:06,993 [pool-281-thread-1] INFO  server.RaftServerConfigKeys (ConfUtils.java:logGet(43)) - raft.server.rpcslowness.timeout = 120s (custom)
2019-10-11 06:30:06,993 [pool-281-thread-1] INFO  server.RaftServerConfigKeys (ConfUtils.java:logGet(43)) - raft.server.sleep.deviation.threshold = 300 (default)
2019-10-11 06:30:06,994 [pool-281-thread-1] INFO  server.RaftServerConfigKeys (ConfUtils.java:logGet(43)) - raft.server.log.appender.install.snapshot.enabled = false (custom)
2019-10-11 06:30:06,994 [pool-281-thread-1] INFO  impl.RaftServerImpl (ServerState.java:<init>(103)) - 8e47a7d1-5fcd-47dd-979d-b8db99b02a5f@group-F7254B621697: ConfigurationManager, init=-1: [8e47a7d1-5fcd-47dd-979d-b8db99b02a5f:192.168.5.167:36604], old=null, confs=<EMPTY_MAP>
2019-10-11 06:30:06,994 [pool-281-thread-1] INFO  server.RaftServerConfigKeys (ConfUtils.java:logGet(43)) - raft.server.storage.dir = [/workdir/hadoop-ozone/integration-test/target/test-dir/MiniOzoneClusterImpl-5bc1e110-a443-4489-a3a8-f206ebce128a/datanode-2/data/ratis] (custom)
2019-10-11 06:30:06,994 [pool-281-thread-1] INFO  server.RaftServerConfigKeys (ConfUtils.java:logGet(43)) - raft.server.log.corruption.policy = EXCEPTION (default)
2019-10-11 06:30:06,995 [pool-281-thread-1] INFO  storage.RaftStorageDirectory (RaftStorageDirectory.java:analyzeStorage(246)) - The storage directory /workdir/hadoop-ozone/integration-test/target/test-dir/MiniOzoneClusterImpl-5bc1e110-a443-4489-a3a8-f206ebce128a/datanode-2/data/ratis/e57ee61d-136c-4bfa-8d25-f7254b621697 does not exist. Creating ...
2019-10-11 06:30:07,020 [pool-281-thread-1] INFO  storage.RaftStorageDirectory (RaftStorageDirectory.java:tryLock(328)) - Lock on /workdir/hadoop-ozone/integration-test/target/test-dir/MiniOzoneClusterImpl-5bc1e110-a443-4489-a3a8-f206ebce128a/datanode-2/data/ratis/e57ee61d-136c-4bfa-8d25-f7254b621697/in_use.lock acquired by nodename 14444@pr-hdds-2181-j597z-1227750912
2019-10-11 06:30:07,033 [pool-281-thread-1] INFO  storage.RaftStorage (RaftStorage.java:format(84)) - Storage directory /workdir/hadoop-ozone/integration-test/target/test-dir/MiniOzoneClusterImpl-5bc1e110-a443-4489-a3a8-f206ebce128a/datanode-2/data/ratis/e57ee61d-136c-4bfa-8d25-f7254b621697 has been successfully formatted.
2019-10-11 06:30:07,033 [pool-281-thread-1] INFO  ratis.ContainerStateMachine (ContainerStateMachine.java:loadSnapshot(231)) - group-F7254B621697: The snapshot info is null. Setting the last applied indexto:(t:0, i:~)
2019-10-11 06:30:07,034 [pool-281-thread-1] INFO  server.RaftServerConfigKeys (ConfUtils.java:logGet(43)) - raft.server.notification.no-leader.timeout = 120s (custom)
2019-10-11 06:30:07,034 [pool-281-thread-1] INFO  server.RaftServerConfigKeys (ConfUtils.java:logGet(43)) - raft.server.log.use.memory = false (default)
2019-10-11 06:30:07,034 [pool-281-thread-1] INFO  server.RaftServerConfigKeys (ConfUtils.java:logGet(43)) - raft.server.log.purge.gap = 1000000 (custom)
2019-10-11 06:30:07,034 [pool-281-thread-1] INFO  server.RaftServerConfigKeys (ConfUtils.java:logGet(43)) - raft.server.log.appender.buffer.byte-limit = 33554432 (custom)
2019-10-11 06:30:07,034 [pool-281-thread-1] INFO  server.RaftServerConfigKeys (ConfUtils.java:logGet(43)) - raft.server.log.segment.size.max = 1048576 (custom)
2019-10-11 06:30:07,037 [pool-281-thread-1] INFO  server.RaftServerConfigKeys (ConfUtils.java:logGet(43)) - raft.server.log.segment.cache.num.max = 2 (custom)
2019-10-11 06:30:07,038 [pool-281-thread-1] INFO  segmented.SegmentedRaftLogWorker (SegmentedRaftLogWorker.java:<init>(173)) - new 8e47a7d1-5fcd-47dd-979d-b8db99b02a5f@group-F7254B621697-SegmentedRaftLogWorker for RaftStorage:Storage Directory /workdir/hadoop-ozone/integration-test/target/test-dir/MiniOzoneClusterImpl-5bc1e110-a443-4489-a3a8-f206ebce128a/datanode-2/data/ratis/e57ee61d-136c-4bfa-8d25-f7254b621697
2019-10-11 06:30:07,038 [pool-281-thread-1] INFO  server.RaftServerConfigKeys (ConfUtils.java:logGet(43)) - raft.server.log.queue.byte-limit = 2147483647 (custom)
2019-10-11 06:30:07,038 [pool-281-thread-1] INFO  server.RaftServerConfigKeys (ConfUtils.java:logGet(43)) - raft.server.log.queue.element-limit = 1024 (custom)
2019-10-11 06:30:07,038 [pool-281-thread-1] INFO  server.RaftServerConfigKeys (ConfUtils.java:logGet(43)) - raft.server.log.segment.size.max = 1048576 (custom)
2019-10-11 06:30:07,038 [pool-281-thread-1] INFO  server.RaftServerConfigKeys (ConfUtils.java:logGet(43)) - raft.server.log.preallocated.size = 16384 (custom)
2019-10-11 06:30:07,038 [pool-281-thread-1] INFO  server.RaftServerConfigKeys (ConfUtils.java:logGet(43)) - raft.server.log.write.buffer.size = 33554432 (custom)
2019-10-11 06:30:07,039 [pool-281-thread-1] INFO  server.RaftServerConfigKeys (ConfUtils.java:logGet(43)) - raft.server.log.force.sync.num = 128 (default)
2019-10-11 06:30:07,039 [pool-281-thread-1] INFO  server.RaftServerConfigKeys (ConfUtils.java:logGet(43)) - raft.server.log.statemachine.data.sync = true (default)
2019-10-11 06:30:07,039 [pool-281-thread-1] INFO  server.RaftServerConfigKeys (ConfUtils.java:logGet(43)) - raft.server.log.statemachine.data.sync.timeout = 10s (default)
2019-10-11 06:30:07,039 [pool-281-thread-1] INFO  server.RaftServerConfigKeys (ConfUtils.java:logGet(43)) - raft.server.log.statemachine.data.sync.timeout.retry = -1 (default)
2019-10-11 06:30:07,040 [pool-281-thread-1] INFO  server.RaftServerConfigKeys (ConfUtils.java:logGet(43)) - raft.server.log.statemachine.data.caching.enabled = true (custom)
2019-10-11 06:30:07,040 [pool-281-thread-1] INFO  segmented.SegmentedRaftLogWorker (SegmentedRaftLogWorker.java:lambda$new$0(128)) - 8e47a7d1-5fcd-47dd-979d-b8db99b02a5f@group-F7254B621697-SegmentedRaftLogWorker: flushIndex: setUnconditionally 0 -> -1
2019-10-11 06:30:07,041 [pool-281-thread-1] INFO  server.RaftServerConfigKeys (ConfUtils.java:logGet(43)) - raft.server.snapshot.auto.trigger.enabled = true (custom)
2019-10-11 06:30:07,041 [pool-281-thread-1] INFO  server.RaftServerConfigKeys (ConfUtils.java:logGet(43)) - raft.server.snapshot.auto.trigger.threshold = 10000 (custom)
2019-10-11 06:30:07,041 [pool-281-thread-1] INFO  server.RaftServerConfigKeys (ConfUtils.java:logGet(43)) - raft.server.snapshot.retention.file.num = 5 (custom)
2019-10-11 06:30:07,041 [pool-281-thread-1] INFO  server.RaftServerConfigKeys (ConfUtils.java:logGet(43)) - raft.server.retrycache.expirytime = 600000ms (custom)
2019-10-11 06:30:07,044 [pool-281-thread-1] INFO  impl.RaftServerImpl (RaftServerImpl.java:start(181)) - 8e47a7d1-5fcd-47dd-979d-b8db99b02a5f@group-F7254B621697: start as a follower, conf=-1: [8e47a7d1-5fcd-47dd-979d-b8db99b02a5f:192.168.5.167:36604], old=null
2019-10-11 06:30:07,045 [pool-281-thread-1] INFO  impl.RaftServerImpl (RaftServerImpl.java:setRole(170)) - 8e47a7d1-5fcd-47dd-979d-b8db99b02a5f@group-F7254B621697: changes role from      null to FOLLOWER at term 0 for startAsFollower
2019-10-11 06:30:07,045 [pool-281-thread-1] INFO  impl.RoleInfo (RoleInfo.java:updateAndGet(143)) - 8e47a7d1-5fcd-47dd-979d-b8db99b02a5f: start FollowerState
2019-10-11 06:30:07,045 [pool-281-thread-1] INFO  util.JmxRegister (JmxRegister.java:tryRegister(44)) - Successfully registered JMX Bean with object name Ratis:service=RaftServer,group=group-F7254B621697,id=8e47a7d1-5fcd-47dd-979d-b8db99b02a5f
2019-10-11 06:30:07,059 [RatisPipelineUtilsThread] INFO  pipeline.PipelineStateManager (PipelineStateManager.java:addPipeline(56)) - Created pipeline Pipeline[ Id: e57ee61d-136c-4bfa-8d25-f7254b621697, Nodes: 8e47a7d1-5fcd-47dd-979d-b8db99b02a5f{ip: 192.168.5.167, host: pr-hdds-2181-j597z-1227750912, networkLocation: /rack1, certSerialId: null}, Type:RATIS, Factor:ONE, State:OPEN]
2019-10-11 06:30:07,090 [grpc-default-executor-3] INFO  impl.RaftServerProxy (RaftServerProxy.java:addNew(89)) - dc1694e1-277c-4bb8-aae6-8a1799610c9f: addNew group-9490815BECCB:[d6b22d4f-ba9a-4a7e-8fa8-3df54149d651:192.168.5.167:41585, 8e47a7d1-5fcd-47dd-979d-b8db99b02a5f:192.168.5.167:36604, dc1694e1-277c-4bb8-aae6-8a1799610c9f:192.168.5.167:44167] returns group-9490815BECCB:java.util.concurrent.CompletableFuture@2282cbd1[Not completed]
2019-10-11 06:30:07,092 [grpc-default-executor-4] INFO  impl.RaftServerProxy (RaftServerProxy.java:addNew(89)) - 8e47a7d1-5fcd-47dd-979d-b8db99b02a5f: addNew group-9490815BECCB:[d6b22d4f-ba9a-4a7e-8fa8-3df54149d651:192.168.5.167:41585, 8e47a7d1-5fcd-47dd-979d-b8db99b02a5f:192.168.5.167:36604, dc1694e1-277c-4bb8-aae6-8a1799610c9f:192.168.5.167:44167] returns group-9490815BECCB:java.util.concurrent.CompletableFuture@64283a27[Not completed]
2019-10-11 06:30:07,092 [grpc-default-executor-2] INFO  impl.RaftServerProxy (RaftServerProxy.java:addNew(89)) - d6b22d4f-ba9a-4a7e-8fa8-3df54149d651: addNew group-9490815BECCB:[d6b22d4f-ba9a-4a7e-8fa8-3df54149d651:192.168.5.167:41585, 8e47a7d1-5fcd-47dd-979d-b8db99b02a5f:192.168.5.167:36604, dc1694e1-277c-4bb8-aae6-8a1799610c9f:192.168.5.167:44167] returns group-9490815BECCB:java.util.concurrent.CompletableFuture@9452ae7[Not completed]
2019-10-11 06:30:07,093 [pool-271-thread-1] INFO  impl.RaftServerImpl (RaftServerImpl.java:<init>(95)) - dc1694e1-277c-4bb8-aae6-8a1799610c9f: new RaftServerImpl for group-9490815BECCB:[d6b22d4f-ba9a-4a7e-8fa8-3df54149d651:192.168.5.167:41585, 8e47a7d1-5fcd-47dd-979d-b8db99b02a5f:192.168.5.167:36604, dc1694e1-277c-4bb8-aae6-8a1799610c9f:192.168.5.167:44167] with ContainerStateMachine:uninitialized
2019-10-11 06:30:07,094 [pool-271-thread-1] INFO  server.RaftServerConfigKeys (ConfUtils.java:logGet(43)) - raft.server.rpc.timeout.min = 5s (custom)
2019-10-11 06:30:07,094 [pool-271-thread-1] INFO  server.RaftServerConfigKeys (ConfUtils.java:logGet(43)) - raft.server.rpc.timeout.max = 5200ms (custom)
2019-10-11 06:30:07,094 [pool-261-thread-1] INFO  impl.RaftServerImpl (RaftServerImpl.java:<init>(95)) - d6b22d4f-ba9a-4a7e-8fa8-3df54149d651: new RaftServerImpl for group-9490815BECCB:[d6b22d4f-ba9a-4a7e-8fa8-3df54149d651:192.168.5.167:41585, 8e47a7d1-5fcd-47dd-979d-b8db99b02a5f:192.168.5.167:36604, dc1694e1-277c-4bb8-aae6-8a1799610c9f:192.168.5.167:44167] with ContainerStateMachine:uninitialized
2019-10-11 06:30:07,094 [pool-271-thread-1] INFO  server.RaftServerConfigKeys (ConfUtils.java:logGet(43)) - raft.server.rpcslowness.timeout = 120s (custom)
2019-10-11 06:30:07,094 [pool-261-thread-1] INFO  server.RaftServerConfigKeys (ConfUtils.java:logGet(43)) - raft.server.rpc.timeout.min = 5s (custom)
2019-10-11 06:30:07,094 [pool-271-thread-1] INFO  server.RaftServerConfigKeys (ConfUtils.java:logGet(43)) - raft.server.sleep.deviation.threshold = 300 (default)
2019-10-11 06:30:07,095 [pool-261-thread-1] INFO  server.RaftServerConfigKeys (ConfUtils.java:logGet(43)) - raft.server.rpc.timeout.max = 5200ms (custom)
2019-10-11 06:30:07,095 [pool-281-thread-1] INFO  impl.RaftServerImpl (RaftServerImpl.java:<init>(95)) - 8e47a7d1-5fcd-47dd-979d-b8db99b02a5f: new RaftServerImpl for group-9490815BECCB:[d6b22d4f-ba9a-4a7e-8fa8-3df54149d651:192.168.5.167:41585, 8e47a7d1-5fcd-47dd-979d-b8db99b02a5f:192.168.5.167:36604, dc1694e1-277c-4bb8-aae6-8a1799610c9f:192.168.5.167:44167] with ContainerStateMachine:uninitialized
2019-10-11 06:30:07,095 [pool-271-thread-1] INFO  server.RaftServerConfigKeys (ConfUtils.java:logGet(43)) - raft.server.log.appender.install.snapshot.enabled = false (custom)
2019-10-11 06:30:07,097 [pool-281-thread-1] INFO  server.RaftServerConfigKeys (ConfUtils.java:logGet(43)) - raft.server.rpc.timeout.min = 5s (custom)
2019-10-11 06:30:07,097 [pool-271-thread-1] INFO  impl.RaftServerImpl (ServerState.java:<init>(103)) - dc1694e1-277c-4bb8-aae6-8a1799610c9f@group-9490815BECCB: ConfigurationManager, init=-1: [d6b22d4f-ba9a-4a7e-8fa8-3df54149d651:192.168.5.167:41585, 8e47a7d1-5fcd-47dd-979d-b8db99b02a5f:192.168.5.167:36604, dc1694e1-277c-4bb8-aae6-8a1799610c9f:192.168.5.167:44167], old=null, confs=<EMPTY_MAP>
2019-10-11 06:30:07,095 [pool-261-thread-1] INFO  server.RaftServerConfigKeys (ConfUtils.java:logGet(43)) - raft.server.rpcslowness.timeout = 120s (custom)
2019-10-11 06:30:07,097 [pool-281-thread-1] INFO  server.RaftServerConfigKeys (ConfUtils.java:logGet(43)) - raft.server.rpc.timeout.max = 5200ms (custom)
2019-10-11 06:30:07,097 [pool-261-thread-1] INFO  server.RaftServerConfigKeys (ConfUtils.java:logGet(43)) - raft.server.sleep.deviation.threshold = 300 (default)
2019-10-11 06:30:07,097 [pool-271-thread-1] INFO  server.RaftServerConfigKeys (ConfUtils.java:logGet(43)) - raft.server.storage.dir = [/workdir/hadoop-ozone/integration-test/target/test-dir/MiniOzoneClusterImpl-5bc1e110-a443-4489-a3a8-f206ebce128a/datanode-1/data/ratis] (custom)
2019-10-11 06:30:07,097 [pool-261-thread-1] INFO  server.RaftServerConfigKeys (ConfUtils.java:logGet(43)) - raft.server.log.appender.install.snapshot.enabled = false (custom)
2019-10-11 06:30:07,097 [pool-281-thread-1] INFO  server.RaftServerConfigKeys (ConfUtils.java:logGet(43)) - raft.server.rpcslowness.timeout = 120s (custom)
2019-10-11 06:30:07,098 [pool-261-thread-1] INFO  impl.RaftServerImpl (ServerState.java:<init>(103)) - d6b22d4f-ba9a-4a7e-8fa8-3df54149d651@group-9490815BECCB: ConfigurationManager, init=-1: [d6b22d4f-ba9a-4a7e-8fa8-3df54149d651:192.168.5.167:41585, 8e47a7d1-5fcd-47dd-979d-b8db99b02a5f:192.168.5.167:36604, dc1694e1-277c-4bb8-aae6-8a1799610c9f:192.168.5.167:44167], old=null, confs=<EMPTY_MAP>
2019-10-11 06:30:07,098 [pool-271-thread-1] INFO  server.RaftServerConfigKeys (ConfUtils.java:logGet(43)) - raft.server.log.corruption.policy = EXCEPTION (default)
2019-10-11 06:30:07,098 [pool-281-thread-1] INFO  server.RaftServerConfigKeys (ConfUtils.java:logGet(43)) - raft.server.sleep.deviation.threshold = 300 (default)
2019-10-11 06:30:07,098 [pool-271-thread-1] INFO  storage.RaftStorageDirectory (RaftStorageDirectory.java:analyzeStorage(246)) - The storage directory /workdir/hadoop-ozone/integration-test/target/test-dir/MiniOzoneClusterImpl-5bc1e110-a443-4489-a3a8-f206ebce128a/datanode-1/data/ratis/c8fb362d-5fd3-4e1d-910a-9490815beccb does not exist. Creating ...
2019-10-11 06:30:07,098 [pool-261-thread-1] INFO  server.RaftServerConfigKeys (ConfUtils.java:logGet(43)) - raft.server.storage.dir = [/workdir/hadoop-ozone/integration-test/target/test-dir/MiniOzoneClusterImpl-5bc1e110-a443-4489-a3a8-f206ebce128a/datanode-0/data/ratis] (custom)
2019-10-11 06:30:07,098 [pool-281-thread-1] INFO  server.RaftServerConfigKeys (ConfUtils.java:logGet(43)) - raft.server.log.appender.install.snapshot.enabled = false (custom)
2019-10-11 06:30:07,099 [pool-261-thread-1] INFO  server.RaftServerConfigKeys (ConfUtils.java:logGet(43)) - raft.server.log.corruption.policy = EXCEPTION (default)
2019-10-11 06:30:07,099 [pool-281-thread-1] INFO  impl.RaftServerImpl (ServerState.java:<init>(103)) - 8e47a7d1-5fcd-47dd-979d-b8db99b02a5f@group-9490815BECCB: ConfigurationManager, init=-1: [d6b22d4f-ba9a-4a7e-8fa8-3df54149d651:192.168.5.167:41585, 8e47a7d1-5fcd-47dd-979d-b8db99b02a5f:192.168.5.167:36604, dc1694e1-277c-4bb8-aae6-8a1799610c9f:192.168.5.167:44167], old=null, confs=<EMPTY_MAP>
2019-10-11 06:30:07,099 [pool-261-thread-1] INFO  storage.RaftStorageDirectory (RaftStorageDirectory.java:analyzeStorage(246)) - The storage directory /workdir/hadoop-ozone/integration-test/target/test-dir/MiniOzoneClusterImpl-5bc1e110-a443-4489-a3a8-f206ebce128a/datanode-0/data/ratis/c8fb362d-5fd3-4e1d-910a-9490815beccb does not exist. Creating ...
2019-10-11 06:30:07,099 [pool-281-thread-1] INFO  server.RaftServerConfigKeys (ConfUtils.java:logGet(43)) - raft.server.storage.dir = [/workdir/hadoop-ozone/integration-test/target/test-dir/MiniOzoneClusterImpl-5bc1e110-a443-4489-a3a8-f206ebce128a/datanode-2/data/ratis] (custom)
2019-10-11 06:30:07,099 [pool-281-thread-1] INFO  server.RaftServerConfigKeys (ConfUtils.java:logGet(43)) - raft.server.log.corruption.policy = EXCEPTION (default)
2019-10-11 06:30:07,100 [pool-281-thread-1] INFO  storage.RaftStorageDirectory (RaftStorageDirectory.java:analyzeStorage(246)) - The storage directory /workdir/hadoop-ozone/integration-test/target/test-dir/MiniOzoneClusterImpl-5bc1e110-a443-4489-a3a8-f206ebce128a/datanode-2/data/ratis/c8fb362d-5fd3-4e1d-910a-9490815beccb does not exist. Creating ...
2019-10-11 06:30:07,123 [pool-271-thread-1] INFO  storage.RaftStorageDirectory (RaftStorageDirectory.java:tryLock(328)) - Lock on /workdir/hadoop-ozone/integration-test/target/test-dir/MiniOzoneClusterImpl-5bc1e110-a443-4489-a3a8-f206ebce128a/datanode-1/data/ratis/c8fb362d-5fd3-4e1d-910a-9490815beccb/in_use.lock acquired by nodename 14444@pr-hdds-2181-j597z-1227750912
2019-10-11 06:30:07,123 [pool-261-thread-1] INFO  storage.RaftStorageDirectory (RaftStorageDirectory.java:tryLock(328)) - Lock on /workdir/hadoop-ozone/integration-test/target/test-dir/MiniOzoneClusterImpl-5bc1e110-a443-4489-a3a8-f206ebce128a/datanode-0/data/ratis/c8fb362d-5fd3-4e1d-910a-9490815beccb/in_use.lock acquired by nodename 14444@pr-hdds-2181-j597z-1227750912
2019-10-11 06:30:07,123 [pool-281-thread-1] INFO  storage.RaftStorageDirectory (RaftStorageDirectory.java:tryLock(328)) - Lock on /workdir/hadoop-ozone/integration-test/target/test-dir/MiniOzoneClusterImpl-5bc1e110-a443-4489-a3a8-f206ebce128a/datanode-2/data/ratis/c8fb362d-5fd3-4e1d-910a-9490815beccb/in_use.lock acquired by nodename 14444@pr-hdds-2181-j597z-1227750912
2019-10-11 06:30:07,149 [pool-271-thread-1] INFO  storage.RaftStorage (RaftStorage.java:format(84)) - Storage directory /workdir/hadoop-ozone/integration-test/target/test-dir/MiniOzoneClusterImpl-5bc1e110-a443-4489-a3a8-f206ebce128a/datanode-1/data/ratis/c8fb362d-5fd3-4e1d-910a-9490815beccb has been successfully formatted.
2019-10-11 06:30:07,149 [pool-281-thread-1] INFO  storage.RaftStorage (RaftStorage.java:format(84)) - Storage directory /workdir/hadoop-ozone/integration-test/target/test-dir/MiniOzoneClusterImpl-5bc1e110-a443-4489-a3a8-f206ebce128a/datanode-2/data/ratis/c8fb362d-5fd3-4e1d-910a-9490815beccb has been successfully formatted.
2019-10-11 06:30:07,149 [pool-261-thread-1] INFO  storage.RaftStorage (RaftStorage.java:format(84)) - Storage directory /workdir/hadoop-ozone/integration-test/target/test-dir/MiniOzoneClusterImpl-5bc1e110-a443-4489-a3a8-f206ebce128a/datanode-0/data/ratis/c8fb362d-5fd3-4e1d-910a-9490815beccb has been successfully formatted.
2019-10-11 06:30:07,149 [pool-271-thread-1] INFO  ratis.ContainerStateMachine (ContainerStateMachine.java:loadSnapshot(231)) - group-9490815BECCB: The snapshot info is null. Setting the last applied indexto:(t:0, i:~)
2019-10-11 06:30:07,150 [pool-261-thread-1] INFO  ratis.ContainerStateMachine (ContainerStateMachine.java:loadSnapshot(231)) - group-9490815BECCB: The snapshot info is null. Setting the last applied indexto:(t:0, i:~)
2019-10-11 06:30:07,150 [pool-281-thread-1] INFO  ratis.ContainerStateMachine (ContainerStateMachine.java:loadSnapshot(231)) - group-9490815BECCB: The snapshot info is null. Setting the last applied indexto:(t:0, i:~)
2019-10-11 06:30:07,150 [pool-261-thread-1] INFO  server.RaftServerConfigKeys (ConfUtils.java:logGet(43)) - raft.server.notification.no-leader.timeout = 120s (custom)
2019-10-11 06:30:07,150 [pool-271-thread-1] INFO  server.RaftServerConfigKeys (ConfUtils.java:logGet(43)) - raft.server.notification.no-leader.timeout = 120s (custom)
2019-10-11 06:30:07,150 [pool-261-thread-1] INFO  server.RaftServerConfigKeys (ConfUtils.java:logGet(43)) - raft.server.log.use.memory = false (default)
2019-10-11 06:30:07,150 [pool-281-thread-1] INFO  server.RaftServerConfigKeys (ConfUtils.java:logGet(43)) - raft.server.notification.no-leader.timeout = 120s (custom)
2019-10-11 06:30:07,151 [pool-261-thread-1] INFO  server.RaftServerConfigKeys (ConfUtils.java:logGet(43)) - raft.server.log.purge.gap = 1000000 (custom)
2019-10-11 06:30:07,150 [pool-271-thread-1] INFO  server.RaftServerConfigKeys (ConfUtils.java:logGet(43)) - raft.server.log.use.memory = false (default)
2019-10-11 06:30:07,151 [pool-261-thread-1] INFO  server.RaftServerConfigKeys (ConfUtils.java:logGet(43)) - raft.server.log.appender.buffer.byte-limit = 33554432 (custom)
2019-10-11 06:30:07,151 [pool-281-thread-1] INFO  server.RaftServerConfigKeys (ConfUtils.java:logGet(43)) - raft.server.log.use.memory = false (default)
2019-10-11 06:30:07,151 [pool-261-thread-1] INFO  server.RaftServerConfigKeys (ConfUtils.java:logGet(43)) - raft.server.log.segment.size.max = 1048576 (custom)
2019-10-11 06:30:07,151 [pool-271-thread-1] INFO  server.RaftServerConfigKeys (ConfUtils.java:logGet(43)) - raft.server.log.purge.gap = 1000000 (custom)
2019-10-11 06:30:07,152 [pool-261-thread-1] INFO  server.RaftServerConfigKeys (ConfUtils.java:logGet(43)) - raft.server.log.segment.cache.num.max = 2 (custom)
2019-10-11 06:30:07,151 [pool-281-thread-1] INFO  server.RaftServerConfigKeys (ConfUtils.java:logGet(43)) - raft.server.log.purge.gap = 1000000 (custom)
2019-10-11 06:30:07,152 [pool-261-thread-1] INFO  segmented.SegmentedRaftLogWorker (SegmentedRaftLogWorker.java:<init>(173)) - new d6b22d4f-ba9a-4a7e-8fa8-3df54149d651@group-9490815BECCB-SegmentedRaftLogWorker for RaftStorage:Storage Directory /workdir/hadoop-ozone/integration-test/target/test-dir/MiniOzoneClusterImpl-5bc1e110-a443-4489-a3a8-f206ebce128a/datanode-0/data/ratis/c8fb362d-5fd3-4e1d-910a-9490815beccb
2019-10-11 06:30:07,152 [pool-271-thread-1] INFO  server.RaftServerConfigKeys (ConfUtils.java:logGet(43)) - raft.server.log.appender.buffer.byte-limit = 33554432 (custom)
2019-10-11 06:30:07,152 [pool-281-thread-1] INFO  server.RaftServerConfigKeys (ConfUtils.java:logGet(43)) - raft.server.log.appender.buffer.byte-limit = 33554432 (custom)
2019-10-11 06:30:07,152 [pool-271-thread-1] INFO  server.RaftServerConfigKeys (ConfUtils.java:logGet(43)) - raft.server.log.segment.size.max = 1048576 (custom)
2019-10-11 06:30:07,153 [pool-281-thread-1] INFO  server.RaftServerConfigKeys (ConfUtils.java:logGet(43)) - raft.server.log.segment.size.max = 1048576 (custom)
2019-10-11 06:30:07,153 [pool-271-thread-1] INFO  server.RaftServerConfigKeys (ConfUtils.java:logGet(43)) - raft.server.log.segment.cache.num.max = 2 (custom)
2019-10-11 06:30:07,153 [pool-281-thread-1] INFO  server.RaftServerConfigKeys (ConfUtils.java:logGet(43)) - raft.server.log.segment.cache.num.max = 2 (custom)
2019-10-11 06:30:07,153 [pool-271-thread-1] INFO  segmented.SegmentedRaftLogWorker (SegmentedRaftLogWorker.java:<init>(173)) - new dc1694e1-277c-4bb8-aae6-8a1799610c9f@group-9490815BECCB-SegmentedRaftLogWorker for RaftStorage:Storage Directory /workdir/hadoop-ozone/integration-test/target/test-dir/MiniOzoneClusterImpl-5bc1e110-a443-4489-a3a8-f206ebce128a/datanode-1/data/ratis/c8fb362d-5fd3-4e1d-910a-9490815beccb
2019-10-11 06:30:07,153 [pool-281-thread-1] INFO  segmented.SegmentedRaftLogWorker (SegmentedRaftLogWorker.java:<init>(173)) - new 8e47a7d1-5fcd-47dd-979d-b8db99b02a5f@group-9490815BECCB-SegmentedRaftLogWorker for RaftStorage:Storage Directory /workdir/hadoop-ozone/integration-test/target/test-dir/MiniOzoneClusterImpl-5bc1e110-a443-4489-a3a8-f206ebce128a/datanode-2/data/ratis/c8fb362d-5fd3-4e1d-910a-9490815beccb
2019-10-11 06:30:07,153 [pool-271-thread-1] INFO  server.RaftServerConfigKeys (ConfUtils.java:logGet(43)) - raft.server.log.queue.byte-limit = 2147483647 (custom)
2019-10-11 06:30:07,153 [pool-281-thread-1] INFO  server.RaftServerConfigKeys (ConfUtils.java:logGet(43)) - raft.server.log.queue.byte-limit = 2147483647 (custom)
2019-10-11 06:30:07,153 [pool-271-thread-1] INFO  server.RaftServerConfigKeys (ConfUtils.java:logGet(43)) - raft.server.log.queue.element-limit = 1024 (custom)
2019-10-11 06:30:07,154 [pool-281-thread-1] INFO  server.RaftServerConfigKeys (ConfUtils.java:logGet(43)) - raft.server.log.queue.element-limit = 1024 (custom)
2019-10-11 06:30:07,154 [pool-271-thread-1] INFO  server.RaftServerConfigKeys (ConfUtils.java:logGet(43)) - raft.server.log.segment.size.max = 1048576 (custom)
2019-10-11 06:30:07,154 [pool-281-thread-1] INFO  server.RaftServerConfigKeys (ConfUtils.java:logGet(43)) - raft.server.log.segment.size.max = 1048576 (custom)
2019-10-11 06:30:07,154 [pool-271-thread-1] INFO  server.RaftServerConfigKeys (ConfUtils.java:logGet(43)) - raft.server.log.preallocated.size = 16384 (custom)
2019-10-11 06:30:07,154 [pool-281-thread-1] INFO  server.RaftServerConfigKeys (ConfUtils.java:logGet(43)) - raft.server.log.preallocated.size = 16384 (custom)
2019-10-11 06:30:07,154 [pool-271-thread-1] INFO  server.RaftServerConfigKeys (ConfUtils.java:logGet(43)) - raft.server.log.write.buffer.size = 33554432 (custom)
2019-10-11 06:30:07,154 [pool-281-thread-1] INFO  server.RaftServerConfigKeys (ConfUtils.java:logGet(43)) - raft.server.log.write.buffer.size = 33554432 (custom)
2019-10-11 06:30:07,155 [pool-271-thread-1] INFO  server.RaftServerConfigKeys (ConfUtils.java:logGet(43)) - raft.server.log.force.sync.num = 128 (default)
2019-10-11 06:30:07,155 [pool-281-thread-1] INFO  server.RaftServerConfigKeys (ConfUtils.java:logGet(43)) - raft.server.log.force.sync.num = 128 (default)
2019-10-11 06:30:07,155 [pool-271-thread-1] INFO  server.RaftServerConfigKeys (ConfUtils.java:logGet(43)) - raft.server.log.statemachine.data.sync = true (default)
2019-10-11 06:30:07,155 [pool-281-thread-1] INFO  server.RaftServerConfigKeys (ConfUtils.java:logGet(43)) - raft.server.log.statemachine.data.sync = true (default)
2019-10-11 06:30:07,155 [pool-271-thread-1] INFO  server.RaftServerConfigKeys (ConfUtils.java:logGet(43)) - raft.server.log.statemachine.data.sync.timeout = 10s (default)
2019-10-11 06:30:07,155 [pool-281-thread-1] INFO  server.RaftServerConfigKeys (ConfUtils.java:logGet(43)) - raft.server.log.statemachine.data.sync.timeout = 10s (default)
2019-10-11 06:30:07,155 [pool-271-thread-1] INFO  server.RaftServerConfigKeys (ConfUtils.java:logGet(43)) - raft.server.log.statemachine.data.sync.timeout.retry = -1 (default)
2019-10-11 06:30:07,156 [pool-281-thread-1] INFO  server.RaftServerConfigKeys (ConfUtils.java:logGet(43)) - raft.server.log.statemachine.data.sync.timeout.retry = -1 (default)
2019-10-11 06:30:07,156 [pool-271-thread-1] INFO  server.RaftServerConfigKeys (ConfUtils.java:logGet(43)) - raft.server.log.statemachine.data.caching.enabled = true (custom)
2019-10-11 06:30:07,156 [pool-281-thread-1] INFO  server.RaftServerConfigKeys (ConfUtils.java:logGet(43)) - raft.server.log.statemachine.data.caching.enabled = true (custom)
2019-10-11 06:30:07,156 [pool-271-thread-1] INFO  segmented.SegmentedRaftLogWorker (SegmentedRaftLogWorker.java:lambda$new$0(128)) - dc1694e1-277c-4bb8-aae6-8a1799610c9f@group-9490815BECCB-SegmentedRaftLogWorker: flushIndex: setUnconditionally 0 -> -1
2019-10-11 06:30:07,173 [pool-261-thread-1] INFO  server.RaftServerConfigKeys (ConfUtils.java:logGet(43)) - raft.server.log.queue.byte-limit = 2147483647 (custom)
2019-10-11 06:30:07,173 [pool-281-thread-1] INFO  segmented.SegmentedRaftLogWorker (SegmentedRaftLogWorker.java:lambda$new$0(128)) - 8e47a7d1-5fcd-47dd-979d-b8db99b02a5f@group-9490815BECCB-SegmentedRaftLogWorker: flushIndex: setUnconditionally 0 -> -1
2019-10-11 06:30:07,173 [pool-261-thread-1] INFO  server.RaftServerConfigKeys (ConfUtils.java:logGet(43)) - raft.server.log.queue.element-limit = 1024 (custom)
2019-10-11 06:30:07,173 [pool-271-thread-1] INFO  server.RaftServerConfigKeys (ConfUtils.java:logGet(43)) - raft.server.snapshot.auto.trigger.enabled = true (custom)
2019-10-11 06:30:07,173 [pool-281-thread-1] INFO  server.RaftServerConfigKeys (ConfUtils.java:logGet(43)) - raft.server.snapshot.auto.trigger.enabled = true (custom)
2019-10-11 06:30:07,173 [pool-261-thread-1] INFO  server.RaftServerConfigKeys (ConfUtils.java:logGet(43)) - raft.server.log.segment.size.max = 1048576 (custom)
2019-10-11 06:30:07,174 [pool-281-thread-1] INFO  server.RaftServerConfigKeys (ConfUtils.java:logGet(43)) - raft.server.snapshot.auto.trigger.threshold = 10000 (custom)
2019-10-11 06:30:07,174 [pool-271-thread-1] INFO  server.RaftServerConfigKeys (ConfUtils.java:logGet(43)) - raft.server.snapshot.auto.trigger.threshold = 10000 (custom)
2019-10-11 06:30:07,174 [pool-281-thread-1] INFO  server.RaftServerConfigKeys (ConfUtils.java:logGet(43)) - raft.server.snapshot.retention.file.num = 5 (custom)
2019-10-11 06:30:07,174 [pool-261-thread-1] INFO  server.RaftServerConfigKeys (ConfUtils.java:logGet(43)) - raft.server.log.preallocated.size = 16384 (custom)
2019-10-11 06:30:07,174 [pool-281-thread-1] INFO  server.RaftServerConfigKeys (ConfUtils.java:logGet(43)) - raft.server.retrycache.expirytime = 600000ms (custom)
2019-10-11 06:30:07,174 [pool-271-thread-1] INFO  server.RaftServerConfigKeys (ConfUtils.java:logGet(43)) - raft.server.snapshot.retention.file.num = 5 (custom)
2019-10-11 06:30:07,174 [pool-261-thread-1] INFO  server.RaftServerConfigKeys (ConfUtils.java:logGet(43)) - raft.server.log.write.buffer.size = 33554432 (custom)
2019-10-11 06:30:07,175 [pool-271-thread-1] INFO  server.RaftServerConfigKeys (ConfUtils.java:logGet(43)) - raft.server.retrycache.expirytime = 600000ms (custom)
2019-10-11 06:30:07,175 [pool-261-thread-1] INFO  server.RaftServerConfigKeys (ConfUtils.java:logGet(43)) - raft.server.log.force.sync.num = 128 (default)
2019-10-11 06:30:07,175 [pool-261-thread-1] INFO  server.RaftServerConfigKeys (ConfUtils.java:logGet(43)) - raft.server.log.statemachine.data.sync = true (default)
2019-10-11 06:30:07,175 [pool-261-thread-1] INFO  server.RaftServerConfigKeys (ConfUtils.java:logGet(43)) - raft.server.log.statemachine.data.sync.timeout = 10s (default)
2019-10-11 06:30:07,176 [pool-261-thread-1] INFO  server.RaftServerConfigKeys (ConfUtils.java:logGet(43)) - raft.server.log.statemachine.data.sync.timeout.retry = -1 (default)
2019-10-11 06:30:07,176 [pool-261-thread-1] INFO  server.RaftServerConfigKeys (ConfUtils.java:logGet(43)) - raft.server.log.statemachine.data.caching.enabled = true (custom)
2019-10-11 06:30:07,176 [pool-261-thread-1] INFO  segmented.SegmentedRaftLogWorker (SegmentedRaftLogWorker.java:lambda$new$0(128)) - d6b22d4f-ba9a-4a7e-8fa8-3df54149d651@group-9490815BECCB-SegmentedRaftLogWorker: flushIndex: setUnconditionally 0 -> -1
2019-10-11 06:30:07,176 [pool-261-thread-1] INFO  server.RaftServerConfigKeys (ConfUtils.java:logGet(43)) - raft.server.snapshot.auto.trigger.enabled = true (custom)
2019-10-11 06:30:07,177 [pool-261-thread-1] INFO  server.RaftServerConfigKeys (ConfUtils.java:logGet(43)) - raft.server.snapshot.auto.trigger.threshold = 10000 (custom)
2019-10-11 06:30:07,177 [pool-261-thread-1] INFO  server.RaftServerConfigKeys (ConfUtils.java:logGet(43)) - raft.server.snapshot.retention.file.num = 5 (custom)
2019-10-11 06:30:07,177 [pool-261-thread-1] INFO  server.RaftServerConfigKeys (ConfUtils.java:logGet(43)) - raft.server.retrycache.expirytime = 600000ms (custom)
2019-10-11 06:30:07,179 [pool-281-thread-1] INFO  impl.RaftServerImpl (RaftServerImpl.java:start(181)) - 8e47a7d1-5fcd-47dd-979d-b8db99b02a5f@group-9490815BECCB: start as a follower, conf=-1: [d6b22d4f-ba9a-4a7e-8fa8-3df54149d651:192.168.5.167:41585, 8e47a7d1-5fcd-47dd-979d-b8db99b02a5f:192.168.5.167:36604, dc1694e1-277c-4bb8-aae6-8a1799610c9f:192.168.5.167:44167], old=null
2019-10-11 06:30:07,179 [pool-271-thread-1] INFO  impl.RaftServerImpl (RaftServerImpl.java:start(181)) - dc1694e1-277c-4bb8-aae6-8a1799610c9f@group-9490815BECCB: start as a follower, conf=-1: [d6b22d4f-ba9a-4a7e-8fa8-3df54149d651:192.168.5.167:41585, 8e47a7d1-5fcd-47dd-979d-b8db99b02a5f:192.168.5.167:36604, dc1694e1-277c-4bb8-aae6-8a1799610c9f:192.168.5.167:44167], old=null
2019-10-11 06:30:07,179 [pool-281-thread-1] INFO  impl.RaftServerImpl (RaftServerImpl.java:setRole(170)) - 8e47a7d1-5fcd-47dd-979d-b8db99b02a5f@group-9490815BECCB: changes role from      null to FOLLOWER at term 0 for startAsFollower
2019-10-11 06:30:07,180 [pool-271-thread-1] INFO  impl.RaftServerImpl (RaftServerImpl.java:setRole(170)) - dc1694e1-277c-4bb8-aae6-8a1799610c9f@group-9490815BECCB: changes role from      null to FOLLOWER at term 0 for startAsFollower
2019-10-11 06:30:07,180 [pool-281-thread-1] INFO  impl.RoleInfo (RoleInfo.java:updateAndGet(143)) - 8e47a7d1-5fcd-47dd-979d-b8db99b02a5f: start FollowerState
2019-10-11 06:30:07,180 [pool-271-thread-1] INFO  impl.RoleInfo (RoleInfo.java:updateAndGet(143)) - dc1694e1-277c-4bb8-aae6-8a1799610c9f: start FollowerState
2019-10-11 06:30:07,180 [pool-281-thread-1] INFO  util.JmxRegister (JmxRegister.java:tryRegister(44)) - Successfully registered JMX Bean with object name Ratis:service=RaftServer,group=group-9490815BECCB,id=8e47a7d1-5fcd-47dd-979d-b8db99b02a5f
2019-10-11 06:30:07,180 [pool-271-thread-1] INFO  util.JmxRegister (JmxRegister.java:tryRegister(44)) - Successfully registered JMX Bean with object name Ratis:service=RaftServer,group=group-9490815BECCB,id=dc1694e1-277c-4bb8-aae6-8a1799610c9f
2019-10-11 06:30:07,180 [pool-261-thread-1] INFO  impl.RaftServerImpl (RaftServerImpl.java:start(181)) - d6b22d4f-ba9a-4a7e-8fa8-3df54149d651@group-9490815BECCB: start as a follower, conf=-1: [d6b22d4f-ba9a-4a7e-8fa8-3df54149d651:192.168.5.167:41585, 8e47a7d1-5fcd-47dd-979d-b8db99b02a5f:192.168.5.167:36604, dc1694e1-277c-4bb8-aae6-8a1799610c9f:192.168.5.167:44167], old=null
2019-10-11 06:30:07,181 [pool-261-thread-1] INFO  impl.RaftServerImpl (RaftServerImpl.java:setRole(170)) - d6b22d4f-ba9a-4a7e-8fa8-3df54149d651@group-9490815BECCB: changes role from      null to FOLLOWER at term 0 for startAsFollower
2019-10-11 06:30:07,181 [pool-261-thread-1] INFO  impl.RoleInfo (RoleInfo.java:updateAndGet(143)) - d6b22d4f-ba9a-4a7e-8fa8-3df54149d651: start FollowerState
2019-10-11 06:30:07,181 [pool-261-thread-1] INFO  util.JmxRegister (JmxRegister.java:tryRegister(44)) - Successfully registered JMX Bean with object name Ratis:service=RaftServer,group=group-9490815BECCB,id=d6b22d4f-ba9a-4a7e-8fa8-3df54149d651
2019-10-11 06:30:07,213 [RatisPipelineUtilsThread] INFO  pipeline.PipelineStateManager (PipelineStateManager.java:addPipeline(56)) - Created pipeline Pipeline[ Id: c8fb362d-5fd3-4e1d-910a-9490815beccb, Nodes: d6b22d4f-ba9a-4a7e-8fa8-3df54149d651{ip: 192.168.5.167, host: pr-hdds-2181-j597z-1227750912, networkLocation: /rack1, certSerialId: null}dc1694e1-277c-4bb8-aae6-8a1799610c9f{ip: 192.168.5.167, host: pr-hdds-2181-j597z-1227750912, networkLocation: /rack1, certSerialId: null}8e47a7d1-5fcd-47dd-979d-b8db99b02a5f{ip: 192.168.5.167, host: pr-hdds-2181-j597z-1227750912, networkLocation: /rack1, certSerialId: null}, Type:RATIS, Factor:THREE, State:OPEN]
2019-10-11 06:30:07,968 [Thread-1196] INFO  ozone.MiniOzoneClusterImpl (MiniOzoneClusterImpl.java:lambda$waitForClusterToBeReady$0(147)) - Cluster is ready. Got 3 of 3 DN Heartbeats.
2019-10-11 06:30:12,206 [Thread-1381] INFO  impl.FollowerState (FollowerState.java:run(108)) - 8e47a7d1-5fcd-47dd-979d-b8db99b02a5f@group-F7254B621697-FollowerState: change to CANDIDATE, lastRpcTime:5160ms, electionTimeout:5160ms
2019-10-11 06:30:12,208 [Thread-1381] INFO  impl.RoleInfo (RoleInfo.java:shutdownFollowerState(121)) - 8e47a7d1-5fcd-47dd-979d-b8db99b02a5f: shutdown FollowerState
2019-10-11 06:30:12,209 [Thread-1381] INFO  impl.RaftServerImpl (RaftServerImpl.java:setRole(170)) - 8e47a7d1-5fcd-47dd-979d-b8db99b02a5f@group-F7254B621697: changes role from  FOLLOWER to CANDIDATE at term 0 for changeToCandidate
2019-10-11 06:30:12,209 [Thread-1381] INFO  impl.RoleInfo (RoleInfo.java:updateAndGet(143)) - 8e47a7d1-5fcd-47dd-979d-b8db99b02a5f: start LeaderElection
2019-10-11 06:30:12,211 [Thread-1387] INFO  impl.FollowerState (FollowerState.java:run(108)) - dc1694e1-277c-4bb8-aae6-8a1799610c9f@group-9490815BECCB-FollowerState: change to CANDIDATE, lastRpcTime:5031ms, electionTimeout:5029ms
2019-10-11 06:30:12,214 [Thread-1387] INFO  impl.RoleInfo (RoleInfo.java:shutdownFollowerState(121)) - dc1694e1-277c-4bb8-aae6-8a1799610c9f: shutdown FollowerState
2019-10-11 06:30:12,214 [Thread-1387] INFO  impl.RaftServerImpl (RaftServerImpl.java:setRole(170)) - dc1694e1-277c-4bb8-aae6-8a1799610c9f@group-9490815BECCB: changes role from  FOLLOWER to CANDIDATE at term 0 for changeToCandidate
2019-10-11 06:30:12,215 [Thread-1387] INFO  impl.RoleInfo (RoleInfo.java:updateAndGet(143)) - dc1694e1-277c-4bb8-aae6-8a1799610c9f: start LeaderElection
2019-10-11 06:30:12,241 [8e47a7d1-5fcd-47dd-979d-b8db99b02a5f@group-F7254B621697-LeaderElection10] INFO  impl.LeaderElection (LeaderElection.java:askForVotes(178)) - 8e47a7d1-5fcd-47dd-979d-b8db99b02a5f@group-F7254B621697-LeaderElection10: begin an election at term 1 for -1: [8e47a7d1-5fcd-47dd-979d-b8db99b02a5f:192.168.5.167:36604], old=null
2019-10-11 06:30:12,241 [dc1694e1-277c-4bb8-aae6-8a1799610c9f@group-9490815BECCB-LeaderElection11] INFO  impl.LeaderElection (LeaderElection.java:askForVotes(178)) - dc1694e1-277c-4bb8-aae6-8a1799610c9f@group-9490815BECCB-LeaderElection11: begin an election at term 1 for -1: [d6b22d4f-ba9a-4a7e-8fa8-3df54149d651:192.168.5.167:41585, 8e47a7d1-5fcd-47dd-979d-b8db99b02a5f:192.168.5.167:36604, dc1694e1-277c-4bb8-aae6-8a1799610c9f:192.168.5.167:44167], old=null
2019-10-11 06:30:12,242 [8e47a7d1-5fcd-47dd-979d-b8db99b02a5f@group-F7254B621697-LeaderElection10] INFO  impl.RoleInfo (RoleInfo.java:shutdownLeaderElection(134)) - 8e47a7d1-5fcd-47dd-979d-b8db99b02a5f: shutdown LeaderElection
2019-10-11 06:30:12,242 [8e47a7d1-5fcd-47dd-979d-b8db99b02a5f@group-F7254B621697-LeaderElection10] INFO  impl.RaftServerImpl (RaftServerImpl.java:setRole(170)) - 8e47a7d1-5fcd-47dd-979d-b8db99b02a5f@group-F7254B621697: changes role from CANDIDATE to LEADER at term 1 for changeToLeader
2019-10-11 06:30:12,242 [8e47a7d1-5fcd-47dd-979d-b8db99b02a5f@group-F7254B621697-LeaderElection10] INFO  impl.RaftServerImpl (ServerState.java:setLeader(255)) - 8e47a7d1-5fcd-47dd-979d-b8db99b02a5f@group-F7254B621697: change Leader from null to 8e47a7d1-5fcd-47dd-979d-b8db99b02a5f at term 1 for becomeLeader, leader elected after 5208ms
2019-10-11 06:30:12,244 [8e47a7d1-5fcd-47dd-979d-b8db99b02a5f@group-F7254B621697-LeaderElection10] INFO  server.RaftServerConfigKeys (ConfUtils.java:logGet(43)) - raft.server.staging.catchup.gap = 1000 (default)
2019-10-11 06:30:12,244 [8e47a7d1-5fcd-47dd-979d-b8db99b02a5f@group-F7254B621697-LeaderElection10] INFO  server.RaftServerConfigKeys (ConfUtils.java:logGet(43)) - raft.server.rpc.sleep.time = 25ms (default)
2019-10-11 06:30:12,244 [8e47a7d1-5fcd-47dd-979d-b8db99b02a5f@group-F7254B621697-LeaderElection10] INFO  server.RaftServerConfigKeys (ConfUtils.java:logGet(43)) - raft.server.write.element-limit = 4096 (default)
2019-10-11 06:30:12,245 [8e47a7d1-5fcd-47dd-979d-b8db99b02a5f@group-F7254B621697-LeaderElection10] INFO  server.RaftServerConfigKeys (ConfUtils.java:logGet(43)) - raft.server.watch.timeout = 10s (default)
2019-10-11 06:30:12,245 [8e47a7d1-5fcd-47dd-979d-b8db99b02a5f@group-F7254B621697-LeaderElection10] INFO  server.RaftServerConfigKeys (ConfUtils.java:logGet(43)) - raft.server.watch.timeout.denomination = 1s (default)
2019-10-11 06:30:12,245 [8e47a7d1-5fcd-47dd-979d-b8db99b02a5f@group-F7254B621697-LeaderElection10] INFO  server.RaftServerConfigKeys (ConfUtils.java:logGet(43)) - raft.server.watch.element-limit = 65536 (default)
2019-10-11 06:30:12,248 [8e47a7d1-5fcd-47dd-979d-b8db99b02a5f@group-F7254B621697-LeaderElection10] INFO  impl.RoleInfo (RoleInfo.java:updateAndGet(143)) - 8e47a7d1-5fcd-47dd-979d-b8db99b02a5f: start LeaderState
2019-10-11 06:30:12,248 [Thread-1386] INFO  impl.FollowerState (FollowerState.java:run(108)) - 8e47a7d1-5fcd-47dd-979d-b8db99b02a5f@group-9490815BECCB-FollowerState: change to CANDIDATE, lastRpcTime:5068ms, electionTimeout:5068ms
2019-10-11 06:30:12,249 [8e47a7d1-5fcd-47dd-979d-b8db99b02a5f@group-F7254B621697-LeaderElection10] INFO  segmented.SegmentedRaftLogWorker (SegmentedRaftLogWorker.java:startLogSegment(385)) - 8e47a7d1-5fcd-47dd-979d-b8db99b02a5f@group-F7254B621697-SegmentedRaftLogWorker: Starting segment from index:0
2019-10-11 06:30:12,249 [Thread-1386] INFO  impl.RoleInfo (RoleInfo.java:shutdownFollowerState(121)) - 8e47a7d1-5fcd-47dd-979d-b8db99b02a5f: shutdown FollowerState
2019-10-11 06:30:12,249 [Thread-1386] INFO  impl.RaftServerImpl (RaftServerImpl.java:setRole(170)) - 8e47a7d1-5fcd-47dd-979d-b8db99b02a5f@group-9490815BECCB: changes role from  FOLLOWER to CANDIDATE at term 0 for changeToCandidate
2019-10-11 06:30:12,249 [Thread-1386] INFO  impl.RoleInfo (RoleInfo.java:updateAndGet(143)) - 8e47a7d1-5fcd-47dd-979d-b8db99b02a5f: start LeaderElection
2019-10-11 06:30:12,249 [8e47a7d1-5fcd-47dd-979d-b8db99b02a5f@group-F7254B621697-LeaderElection10] INFO  impl.RaftServerImpl (ServerState.java:setRaftConf(356)) - 8e47a7d1-5fcd-47dd-979d-b8db99b02a5f@group-F7254B621697: set configuration 0: [8e47a7d1-5fcd-47dd-979d-b8db99b02a5f:192.168.5.167:36604], old=null at 0
2019-10-11 06:30:12,310 [8e47a7d1-5fcd-47dd-979d-b8db99b02a5f@group-F7254B621697-SegmentedRaftLogWorker] INFO  segmented.SegmentedRaftLogWorker (SegmentedRaftLogWorker.java:execute(574)) - 8e47a7d1-5fcd-47dd-979d-b8db99b02a5f@group-F7254B621697-SegmentedRaftLogWorker: created new log segment /workdir/hadoop-ozone/integration-test/target/test-dir/MiniOzoneClusterImpl-5bc1e110-a443-4489-a3a8-f206ebce128a/datanode-2/data/ratis/e57ee61d-136c-4bfa-8d25-f7254b621697/current/log_inprogress_0
2019-10-11 06:30:12,310 [8e47a7d1-5fcd-47dd-979d-b8db99b02a5f@group-9490815BECCB-LeaderElection12] INFO  impl.LeaderElection (LeaderElection.java:askForVotes(178)) - 8e47a7d1-5fcd-47dd-979d-b8db99b02a5f@group-9490815BECCB-LeaderElection12: begin an election at term 1 for -1: [d6b22d4f-ba9a-4a7e-8fa8-3df54149d651:192.168.5.167:41585, 8e47a7d1-5fcd-47dd-979d-b8db99b02a5f:192.168.5.167:36604, dc1694e1-277c-4bb8-aae6-8a1799610c9f:192.168.5.167:44167], old=null
2019-10-11 06:30:12,327 [grpc-default-executor-4] INFO  impl.RaftServerImpl (RaftServerImpl.java:setRole(170)) - d6b22d4f-ba9a-4a7e-8fa8-3df54149d651@group-9490815BECCB: changes role from  FOLLOWER to FOLLOWER at term 1 for recognizeCandidate:dc1694e1-277c-4bb8-aae6-8a1799610c9f
2019-10-11 06:30:12,330 [grpc-default-executor-4] INFO  impl.RoleInfo (RoleInfo.java:shutdownFollowerState(121)) - d6b22d4f-ba9a-4a7e-8fa8-3df54149d651: shutdown FollowerState
2019-10-11 06:30:12,330 [grpc-default-executor-4] INFO  impl.RoleInfo (RoleInfo.java:updateAndGet(143)) - d6b22d4f-ba9a-4a7e-8fa8-3df54149d651: start FollowerState
2019-10-11 06:30:12,330 [Thread-1388] INFO  impl.FollowerState (FollowerState.java:run(117)) - d6b22d4f-ba9a-4a7e-8fa8-3df54149d651@group-9490815BECCB-FollowerState was interrupted: java.lang.InterruptedException: sleep interrupted
2019-10-11 06:30:12,377 [dc1694e1-277c-4bb8-aae6-8a1799610c9f@group-9490815BECCB-LeaderElection11] INFO  impl.LeaderElection (LeaderElection.java:logAndReturn(56)) - dc1694e1-277c-4bb8-aae6-8a1799610c9f@group-9490815BECCB-LeaderElection11: Election PASSED; received 2 response(s) [dc1694e1-277c-4bb8-aae6-8a1799610c9f<-d6b22d4f-ba9a-4a7e-8fa8-3df54149d651#0:OK-t1, dc1694e1-277c-4bb8-aae6-8a1799610c9f<-8e47a7d1-5fcd-47dd-979d-b8db99b02a5f#0:FAIL-t1] and 0 exception(s); dc1694e1-277c-4bb8-aae6-8a1799610c9f@group-9490815BECCB:t1, leader=null, voted=dc1694e1-277c-4bb8-aae6-8a1799610c9f, raftlog=dc1694e1-277c-4bb8-aae6-8a1799610c9f@group-9490815BECCB-SegmentedRaftLog:OPENED:c-1,f-1,i0, conf=-1: [d6b22d4f-ba9a-4a7e-8fa8-3df54149d651:192.168.5.167:41585, 8e47a7d1-5fcd-47dd-979d-b8db99b02a5f:192.168.5.167:36604, dc1694e1-277c-4bb8-aae6-8a1799610c9f:192.168.5.167:44167], old=null
2019-10-11 06:30:12,377 [8e47a7d1-5fcd-47dd-979d-b8db99b02a5f@group-9490815BECCB-LeaderElection12] INFO  impl.LeaderElection (LeaderElection.java:logAndReturn(56)) - 8e47a7d1-5fcd-47dd-979d-b8db99b02a5f@group-9490815BECCB-LeaderElection12: Election REJECTED; received 2 response(s) [8e47a7d1-5fcd-47dd-979d-b8db99b02a5f<-d6b22d4f-ba9a-4a7e-8fa8-3df54149d651#0:FAIL-t1, 8e47a7d1-5fcd-47dd-979d-b8db99b02a5f<-dc1694e1-277c-4bb8-aae6-8a1799610c9f#0:FAIL-t1] and 0 exception(s); 8e47a7d1-5fcd-47dd-979d-b8db99b02a5f@group-9490815BECCB:t1, leader=null, voted=8e47a7d1-5fcd-47dd-979d-b8db99b02a5f, raftlog=8e47a7d1-5fcd-47dd-979d-b8db99b02a5f@group-9490815BECCB-SegmentedRaftLog:OPENED:c-1,f-1,i0, conf=-1: [d6b22d4f-ba9a-4a7e-8fa8-3df54149d651:192.168.5.167:41585, 8e47a7d1-5fcd-47dd-979d-b8db99b02a5f:192.168.5.167:36604, dc1694e1-277c-4bb8-aae6-8a1799610c9f:192.168.5.167:44167], old=null
2019-10-11 06:30:12,377 [dc1694e1-277c-4bb8-aae6-8a1799610c9f@group-9490815BECCB-LeaderElection11] INFO  impl.RoleInfo (RoleInfo.java:shutdownLeaderElection(134)) - dc1694e1-277c-4bb8-aae6-8a1799610c9f: shutdown LeaderElection
2019-10-11 06:30:12,383 [8e47a7d1-5fcd-47dd-979d-b8db99b02a5f@group-9490815BECCB-LeaderElection12] INFO  impl.RaftServerImpl (RaftServerImpl.java:setRole(170)) - 8e47a7d1-5fcd-47dd-979d-b8db99b02a5f@group-9490815BECCB: changes role from CANDIDATE to FOLLOWER at term 1 for DISCOVERED_A_NEW_TERM
2019-10-11 06:30:12,383 [dc1694e1-277c-4bb8-aae6-8a1799610c9f@group-9490815BECCB-LeaderElection11] INFO  impl.RaftServerImpl (RaftServerImpl.java:setRole(170)) - dc1694e1-277c-4bb8-aae6-8a1799610c9f@group-9490815BECCB: changes role from CANDIDATE to LEADER at term 1 for changeToLeader
2019-10-11 06:30:12,384 [8e47a7d1-5fcd-47dd-979d-b8db99b02a5f@group-9490815BECCB-LeaderElection12] INFO  impl.RoleInfo (RoleInfo.java:shutdownLeaderElection(134)) - 8e47a7d1-5fcd-47dd-979d-b8db99b02a5f: shutdown LeaderElection
2019-10-11 06:30:12,385 [dc1694e1-277c-4bb8-aae6-8a1799610c9f@group-9490815BECCB-LeaderElection11] INFO  impl.RaftServerImpl (ServerState.java:setLeader(255)) - dc1694e1-277c-4bb8-aae6-8a1799610c9f@group-9490815BECCB: change Leader from null to dc1694e1-277c-4bb8-aae6-8a1799610c9f at term 1 for becomeLeader, leader elected after 5234ms
2019-10-11 06:30:12,385 [8e47a7d1-5fcd-47dd-979d-b8db99b02a5f@group-9490815BECCB-LeaderElection12] INFO  impl.RoleInfo (RoleInfo.java:updateAndGet(143)) - 8e47a7d1-5fcd-47dd-979d-b8db99b02a5f: start FollowerState
2019-10-11 06:30:12,385 [dc1694e1-277c-4bb8-aae6-8a1799610c9f@group-9490815BECCB-LeaderElection11] INFO  server.RaftServerConfigKeys (ConfUtils.java:logGet(43)) - raft.server.staging.catchup.gap = 1000 (default)
2019-10-11 06:30:12,385 [dc1694e1-277c-4bb8-aae6-8a1799610c9f@group-9490815BECCB-LeaderElection11] INFO  server.RaftServerConfigKeys (ConfUtils.java:logGet(43)) - raft.server.rpc.sleep.time = 25ms (default)
2019-10-11 06:30:12,386 [dc1694e1-277c-4bb8-aae6-8a1799610c9f@group-9490815BECCB-LeaderElection11] INFO  server.RaftServerConfigKeys (ConfUtils.java:logGet(43)) - raft.server.write.element-limit = 4096 (default)
2019-10-11 06:30:12,386 [dc1694e1-277c-4bb8-aae6-8a1799610c9f@group-9490815BECCB-LeaderElection11] INFO  server.RaftServerConfigKeys (ConfUtils.java:logGet(43)) - raft.server.watch.timeout = 10s (default)
2019-10-11 06:30:12,386 [dc1694e1-277c-4bb8-aae6-8a1799610c9f@group-9490815BECCB-LeaderElection11] INFO  server.RaftServerConfigKeys (ConfUtils.java:logGet(43)) - raft.server.watch.timeout.denomination = 1s (default)
2019-10-11 06:30:12,386 [dc1694e1-277c-4bb8-aae6-8a1799610c9f@group-9490815BECCB-LeaderElection11] INFO  server.RaftServerConfigKeys (ConfUtils.java:logGet(43)) - raft.server.watch.element-limit = 65536 (default)
2019-10-11 06:30:12,393 [dc1694e1-277c-4bb8-aae6-8a1799610c9f@group-9490815BECCB-LeaderElection11] INFO  server.RaftServerConfigKeys (ConfUtils.java:logGet(43)) - raft.server.log.appender.snapshot.chunk.size.max = 16MB (=16777216) (default)
2019-10-11 06:30:12,393 [dc1694e1-277c-4bb8-aae6-8a1799610c9f@group-9490815BECCB-LeaderElection11] INFO  server.RaftServerConfigKeys (ConfUtils.java:logGet(43)) - raft.server.log.appender.buffer.byte-limit = 33554432 (custom)
2019-10-11 06:30:12,394 [dc1694e1-277c-4bb8-aae6-8a1799610c9f@group-9490815BECCB-LeaderElection11] INFO  server.RaftServerConfigKeys (ConfUtils.java:logGet(43)) - raft.server.log.appender.buffer.element-limit = 1 (custom)
2019-10-11 06:30:12,397 [dc1694e1-277c-4bb8-aae6-8a1799610c9f@group-9490815BECCB-LeaderElection11] INFO  grpc.GrpcConfigKeys$Server (ConfUtils.java:logGet(43)) - raft.grpc.server.leader.outstanding.appends.max = 128 (default)
2019-10-11 06:30:12,398 [dc1694e1-277c-4bb8-aae6-8a1799610c9f@group-9490815BECCB-LeaderElection11] INFO  server.RaftServerConfigKeys (ConfUtils.java:logGet(43)) - raft.server.rpc.request.timeout = 3000ms (default)
2019-10-11 06:30:12,398 [dc1694e1-277c-4bb8-aae6-8a1799610c9f@group-9490815BECCB-LeaderElection11] INFO  server.RaftServerConfigKeys (ConfUtils.java:logGet(43)) - raft.server.log.appender.install.snapshot.enabled = false (custom)
2019-10-11 06:30:12,399 [dc1694e1-277c-4bb8-aae6-8a1799610c9f@group-9490815BECCB-LeaderElection11] INFO  server.RaftServerConfigKeys (ConfUtils.java:logGet(43)) - raft.server.log.appender.snapshot.chunk.size.max = 16MB (=16777216) (default)
2019-10-11 06:30:12,399 [dc1694e1-277c-4bb8-aae6-8a1799610c9f@group-9490815BECCB-LeaderElection11] INFO  server.RaftServerConfigKeys (ConfUtils.java:logGet(43)) - raft.server.log.appender.buffer.byte-limit = 33554432 (custom)
2019-10-11 06:30:12,399 [dc1694e1-277c-4bb8-aae6-8a1799610c9f@group-9490815BECCB-LeaderElection11] INFO  server.RaftServerConfigKeys (ConfUtils.java:logGet(43)) - raft.server.log.appender.buffer.element-limit = 1 (custom)
2019-10-11 06:30:12,400 [dc1694e1-277c-4bb8-aae6-8a1799610c9f@group-9490815BECCB-LeaderElection11] INFO  grpc.GrpcConfigKeys$Server (ConfUtils.java:logGet(43)) - raft.grpc.server.leader.outstanding.appends.max = 128 (default)
2019-10-11 06:30:12,400 [dc1694e1-277c-4bb8-aae6-8a1799610c9f@group-9490815BECCB-LeaderElection11] INFO  server.RaftServerConfigKeys (ConfUtils.java:logGet(43)) - raft.server.rpc.request.timeout = 3000ms (default)
2019-10-11 06:30:12,400 [dc1694e1-277c-4bb8-aae6-8a1799610c9f@group-9490815BECCB-LeaderElection11] INFO  server.RaftServerConfigKeys (ConfUtils.java:logGet(43)) - raft.server.log.appender.install.snapshot.enabled = false (custom)
2019-10-11 06:30:12,403 [dc1694e1-277c-4bb8-aae6-8a1799610c9f@group-9490815BECCB-LeaderElection11] INFO  impl.RoleInfo (RoleInfo.java:updateAndGet(143)) - dc1694e1-277c-4bb8-aae6-8a1799610c9f: start LeaderState
2019-10-11 06:30:12,404 [dc1694e1-277c-4bb8-aae6-8a1799610c9f@group-9490815BECCB-LeaderElection11] INFO  segmented.SegmentedRaftLogWorker (SegmentedRaftLogWorker.java:startLogSegment(385)) - dc1694e1-277c-4bb8-aae6-8a1799610c9f@group-9490815BECCB-SegmentedRaftLogWorker: Starting segment from index:0
2019-10-11 06:30:12,405 [dc1694e1-277c-4bb8-aae6-8a1799610c9f@group-9490815BECCB-LeaderElection11] INFO  impl.RaftServerImpl (ServerState.java:setRaftConf(356)) - dc1694e1-277c-4bb8-aae6-8a1799610c9f@group-9490815BECCB: set configuration 0: [d6b22d4f-ba9a-4a7e-8fa8-3df54149d651:192.168.5.167:41585, 8e47a7d1-5fcd-47dd-979d-b8db99b02a5f:192.168.5.167:36604, dc1694e1-277c-4bb8-aae6-8a1799610c9f:192.168.5.167:44167], old=null at 0
2019-10-11 06:30:12,456 [dc1694e1-277c-4bb8-aae6-8a1799610c9f@group-9490815BECCB-SegmentedRaftLogWorker] INFO  segmented.SegmentedRaftLogWorker (SegmentedRaftLogWorker.java:execute(574)) - dc1694e1-277c-4bb8-aae6-8a1799610c9f@group-9490815BECCB-SegmentedRaftLogWorker: created new log segment /workdir/hadoop-ozone/integration-test/target/test-dir/MiniOzoneClusterImpl-5bc1e110-a443-4489-a3a8-f206ebce128a/datanode-1/data/ratis/c8fb362d-5fd3-4e1d-910a-9490815beccb/current/log_inprogress_0
2019-10-11 06:30:12,473 [grpc-default-executor-4] INFO  impl.RaftServerImpl (ServerState.java:setLeader(255)) - d6b22d4f-ba9a-4a7e-8fa8-3df54149d651@group-9490815BECCB: change Leader from null to dc1694e1-277c-4bb8-aae6-8a1799610c9f at term 1 for appendEntries, leader elected after 5322ms
2019-10-11 06:30:12,473 [grpc-default-executor-2] INFO  impl.RaftServerImpl (ServerState.java:setLeader(255)) - 8e47a7d1-5fcd-47dd-979d-b8db99b02a5f@group-9490815BECCB: change Leader from null to dc1694e1-277c-4bb8-aae6-8a1799610c9f at term 1 for appendEntries, leader elected after 5322ms
2019-10-11 06:30:12,510 [grpc-default-executor-2] INFO  impl.RaftServerImpl (ServerState.java:setRaftConf(356)) - d6b22d4f-ba9a-4a7e-8fa8-3df54149d651@group-9490815BECCB: set configuration 0: [d6b22d4f-ba9a-4a7e-8fa8-3df54149d651:192.168.5.167:41585, 8e47a7d1-5fcd-47dd-979d-b8db99b02a5f:192.168.5.167:36604, dc1694e1-277c-4bb8-aae6-8a1799610c9f:192.168.5.167:44167], old=null at 0
2019-10-11 06:30:12,510 [grpc-default-executor-4] INFO  impl.RaftServerImpl (ServerState.java:setRaftConf(356)) - 8e47a7d1-5fcd-47dd-979d-b8db99b02a5f@group-9490815BECCB: set configuration 0: [d6b22d4f-ba9a-4a7e-8fa8-3df54149d651:192.168.5.167:41585, 8e47a7d1-5fcd-47dd-979d-b8db99b02a5f:192.168.5.167:36604, dc1694e1-277c-4bb8-aae6-8a1799610c9f:192.168.5.167:44167], old=null at 0
2019-10-11 06:30:12,510 [grpc-default-executor-2] INFO  segmented.SegmentedRaftLogWorker (SegmentedRaftLogWorker.java:startLogSegment(385)) - d6b22d4f-ba9a-4a7e-8fa8-3df54149d651@group-9490815BECCB-SegmentedRaftLogWorker: Starting segment from index:0
2019-10-11 06:30:12,510 [grpc-default-executor-4] INFO  segmented.SegmentedRaftLogWorker (SegmentedRaftLogWorker.java:startLogSegment(385)) - 8e47a7d1-5fcd-47dd-979d-b8db99b02a5f@group-9490815BECCB-SegmentedRaftLogWorker: Starting segment from index:0
2019-10-11 06:30:12,559 [8e47a7d1-5fcd-47dd-979d-b8db99b02a5f@group-9490815BECCB-SegmentedRaftLogWorker] INFO  segmented.SegmentedRaftLogWorker (SegmentedRaftLogWorker.java:execute(574)) - 8e47a7d1-5fcd-47dd-979d-b8db99b02a5f@group-9490815BECCB-SegmentedRaftLogWorker: created new log segment /workdir/hadoop-ozone/integration-test/target/test-dir/MiniOzoneClusterImpl-5bc1e110-a443-4489-a3a8-f206ebce128a/datanode-2/data/ratis/c8fb362d-5fd3-4e1d-910a-9490815beccb/current/log_inprogress_0
2019-10-11 06:30:12,559 [d6b22d4f-ba9a-4a7e-8fa8-3df54149d651@group-9490815BECCB-SegmentedRaftLogWorker] INFO  segmented.SegmentedRaftLogWorker (SegmentedRaftLogWorker.java:execute(574)) - d6b22d4f-ba9a-4a7e-8fa8-3df54149d651@group-9490815BECCB-SegmentedRaftLogWorker: created new log segment /workdir/hadoop-ozone/integration-test/target/test-dir/MiniOzoneClusterImpl-5bc1e110-a443-4489-a3a8-f206ebce128a/datanode-0/data/ratis/c8fb362d-5fd3-4e1d-910a-9490815beccb/current/log_inprogress_0
2019-10-11 06:30:19,972 [Thread-1196] INFO  ozone.MiniOzoneClusterImpl (MiniOzoneClusterImpl.java:shutdown(314)) - Shutting down the Mini Ozone Cluster
2019-10-11 06:30:19,973 [Thread-1196] INFO  ozone.MiniOzoneClusterImpl (MiniOzoneClusterImpl.java:stop(330)) - Stopping the Mini Ozone Cluster
2019-10-11 06:30:19,973 [Thread-1196] INFO  ozone.MiniOzoneClusterImpl (MiniOzoneClusterImpl.java:stopOM(400)) - Stopping the OzoneManager
2019-10-11 06:30:19,973 [Thread-1196] INFO  ipc.Server (Server.java:stop(3082)) - Stopping server on 40681
2019-10-11 06:30:19,984 [IPC Server listener on 40681] INFO  ipc.Server (Server.java:run(1185)) - Stopping IPC Server listener on 40681
2019-10-11 06:30:19,985 [Thread-1196] INFO  ratis.OzoneManagerDoubleBuffer (OzoneManagerDoubleBuffer.java:stop(250)) - Stopping OMDoubleBuffer flush thread
2019-10-11 06:30:19,985 [IPC Server Responder] INFO  ipc.Server (Server.java:run(1319)) - Stopping IPC Server Responder
2019-10-11 06:30:19,995 [OMDoubleBufferFlushThread] INFO  ratis.OzoneManagerDoubleBuffer (OzoneManagerDoubleBuffer.java:flushTransactions(193)) - OMDoubleBuffer flush thread OMDoubleBufferFlushThread is interrupted and will exit. OMDoubleBufferFlushThread
2019-10-11 06:30:19,996 [Thread-1196] INFO  utils.BackgroundService (BackgroundService.java:shutdown(151)) - Shutting down service KeyDeletingService
2019-10-11 06:30:19,998 [Thread-1196] INFO  handler.ContextHandler (ContextHandler.java:doStop(910)) - Stopped o.e.j.w.WebAppContext@6de9d40b{/,null,UNAVAILABLE}{/ozoneManager}
2019-10-11 06:30:19,999 [Thread-1196] INFO  server.AbstractConnector (AbstractConnector.java:doStop(318)) - Stopped ServerConnector@169c5391{HTTP/1.1,[http/1.1]}{0.0.0.0:0}
2019-10-11 06:30:19,999 [Thread-1196] INFO  handler.ContextHandler (ContextHandler.java:doStop(910)) - Stopped o.e.j.s.ServletContextHandler@3e67a154{/static,file:///workdir/hadoop-ozone/integration-test/target/test-classes/webapps/static,UNAVAILABLE}
2019-10-11 06:30:20,000 [Thread-1196] INFO  handler.ContextHandler (ContextHandler.java:doStop(910)) - Stopped o.e.j.s.ServletContextHandler@6fb395a7{/logs,file:///workdir/hadoop-ozone/integration-test/target/log,UNAVAILABLE}
2019-10-11 06:30:20,004 [Thread-1196] INFO  ozone.MiniOzoneClusterImpl (MiniOzoneClusterImpl.java:stopDatanodes(377)) - Stopping the HddsDatanodes
2019-10-11 06:30:20,732 [Datanode State Machine Thread - 0] INFO  statemachine.DatanodeStateMachine (DatanodeStateMachine.java:lambda$startDaemon$0(350)) - Ozone container server started.
2019-10-11 06:30:20,841 [Datanode State Machine Thread - 0] INFO  statemachine.DatanodeStateMachine (DatanodeStateMachine.java:lambda$startDaemon$0(350)) - Ozone container server started.
2019-10-11 06:30:25,005 [Thread-1196] INFO  ozoneimpl.OzoneContainer (OzoneContainer.java:stop(227)) - Attempting to stop container services.
2019-10-11 06:30:25,005 [ForkJoinPool.commonPool-worker-0] INFO  ozoneimpl.OzoneContainer (OzoneContainer.java:stop(227)) - Attempting to stop container services.
2019-10-11 06:30:25,006 [Thread-1196] INFO  impl.RaftServerProxy (RaftServerProxy.java:lambda$close$4(314)) - dc1694e1-277c-4bb8-aae6-8a1799610c9f: close
2019-10-11 06:30:25,006 [ForkJoinPool.commonPool-worker-0] INFO  impl.RaftServerProxy (RaftServerProxy.java:lambda$close$4(314)) - d6b22d4f-ba9a-4a7e-8fa8-3df54149d651: close
2019-10-11 06:30:25,007 [Thread-1196] INFO  impl.RaftServerImpl (RaftServerImpl.java:lambda$shutdown$3(247)) - dc1694e1-277c-4bb8-aae6-8a1799610c9f@group-9490815BECCB: shutdown
2019-10-11 06:30:25,007 [ForkJoinPool.commonPool-worker-0] INFO  impl.RaftServerImpl (RaftServerImpl.java:lambda$shutdown$3(247)) - d6b22d4f-ba9a-4a7e-8fa8-3df54149d651@group-9490815BECCB: shutdown
2019-10-11 06:30:25,007 [Thread-1196] INFO  util.JmxRegister (JmxRegister.java:unregister(73)) - Successfully un-registered JMX Bean with object name Ratis:service=RaftServer,group=group-9490815BECCB,id=dc1694e1-277c-4bb8-aae6-8a1799610c9f
2019-10-11 06:30:25,008 [ForkJoinPool.commonPool-worker-0] INFO  util.JmxRegister (JmxRegister.java:unregister(73)) - Successfully un-registered JMX Bean with object name Ratis:service=RaftServer,group=group-9490815BECCB,id=d6b22d4f-ba9a-4a7e-8fa8-3df54149d651
2019-10-11 06:30:25,008 [Thread-1196] INFO  impl.RoleInfo (RoleInfo.java:shutdownLeaderState(104)) - dc1694e1-277c-4bb8-aae6-8a1799610c9f: shutdown LeaderState
2019-10-11 06:30:25,008 [ForkJoinPool.commonPool-worker-0] INFO  impl.RoleInfo (RoleInfo.java:shutdownFollowerState(121)) - d6b22d4f-ba9a-4a7e-8fa8-3df54149d651: shutdown FollowerState
2019-10-11 06:30:25,012 [Thread-1196] INFO  impl.PendingRequests (PendingRequests.java:sendNotLeaderResponses(202)) - dc1694e1-277c-4bb8-aae6-8a1799610c9f@group-9490815BECCB-PendingRequests: sendNotLeaderResponses
2019-10-11 06:30:25,012 [Thread-1400] INFO  impl.FollowerState (FollowerState.java:run(117)) - d6b22d4f-ba9a-4a7e-8fa8-3df54149d651@group-9490815BECCB-FollowerState was interrupted: java.lang.InterruptedException: sleep interrupted
2019-10-11 06:30:25,012 [org.apache.ratis.server.impl.LogAppender$AppenderDaemon$$Lambda$526/383398593@1a450068] WARN  server.GrpcLogAppender (GrpcLogAppender.java:mayWait(143)) - dc1694e1-277c-4bb8-aae6-8a1799610c9f@group-9490815BECCB->d6b22d4f-ba9a-4a7e-8fa8-3df54149d651-GrpcLogAppender: Wait interrupted by java.lang.InterruptedException
2019-10-11 06:30:25,012 [org.apache.ratis.server.impl.LogAppender$AppenderDaemon$$Lambda$526/383398593@942c7a4] WARN  server.GrpcLogAppender (GrpcLogAppender.java:mayWait(143)) - dc1694e1-277c-4bb8-aae6-8a1799610c9f@group-9490815BECCB->8e47a7d1-5fcd-47dd-979d-b8db99b02a5f-GrpcLogAppender: Wait interrupted by java.lang.InterruptedException
2019-10-11 06:30:25,012 [ForkJoinPool.commonPool-worker-0] INFO  impl.StateMachineUpdater (StateMachineUpdater.java:stopAndJoin(136)) - d6b22d4f-ba9a-4a7e-8fa8-3df54149d651@group-9490815BECCB-StateMachineUpdater: set stopIndex = 0
2019-10-11 06:30:25,016 [ForkJoinPool.commonPool-worker-0] INFO  impl.RaftServerImpl (ServerState.java:close(387)) - d6b22d4f-ba9a-4a7e-8fa8-3df54149d651@group-9490815BECCB: closes. applyIndex: 0
2019-10-11 06:30:25,015 [Thread-1196] INFO  impl.StateMachineUpdater (StateMachineUpdater.java:stopAndJoin(136)) - dc1694e1-277c-4bb8-aae6-8a1799610c9f@group-9490815BECCB-StateMachineUpdater: set stopIndex = 0
2019-10-11 06:30:25,017 [d6b22d4f-ba9a-4a7e-8fa8-3df54149d651@group-9490815BECCB-SegmentedRaftLogWorker] INFO  segmented.SegmentedRaftLogWorker (SegmentedRaftLogWorker.java:run(316)) - d6b22d4f-ba9a-4a7e-8fa8-3df54149d651@group-9490815BECCB-SegmentedRaftLogWorker was interrupted, exiting. There are 0 tasks remaining in the queue.
2019-10-11 06:30:25,018 [Thread-1196] INFO  impl.RaftServerImpl (ServerState.java:close(387)) - dc1694e1-277c-4bb8-aae6-8a1799610c9f@group-9490815BECCB: closes. applyIndex: 0
2019-10-11 06:30:25,020 [ForkJoinPool.commonPool-worker-0] INFO  segmented.SegmentedRaftLogWorker (SegmentedRaftLogWorker.java:close(224)) - d6b22d4f-ba9a-4a7e-8fa8-3df54149d651@group-9490815BECCB-SegmentedRaftLogWorker close()
2019-10-11 06:30:25,020 [dc1694e1-277c-4bb8-aae6-8a1799610c9f@group-9490815BECCB-SegmentedRaftLogWorker] INFO  segmented.SegmentedRaftLogWorker (SegmentedRaftLogWorker.java:run(316)) - dc1694e1-277c-4bb8-aae6-8a1799610c9f@group-9490815BECCB-SegmentedRaftLogWorker was interrupted, exiting. There are 0 tasks remaining in the queue.
2019-10-11 06:30:25,023 [ForkJoinPool.commonPool-worker-0] INFO  impl.RaftServerImpl (RaftServerImpl.java:lambda$shutdown$3(247)) - d6b22d4f-ba9a-4a7e-8fa8-3df54149d651@group-92EE29E08C03: shutdown
2019-10-11 06:30:25,024 [Thread-1196] INFO  segmented.SegmentedRaftLogWorker (SegmentedRaftLogWorker.java:close(224)) - dc1694e1-277c-4bb8-aae6-8a1799610c9f@group-9490815BECCB-SegmentedRaftLogWorker close()
2019-10-11 06:30:25,024 [ForkJoinPool.commonPool-worker-0] INFO  util.JmxRegister (JmxRegister.java:unregister(73)) - Successfully un-registered JMX Bean with object name Ratis:service=RaftServer,group=group-92EE29E08C03,id=d6b22d4f-ba9a-4a7e-8fa8-3df54149d651
2019-10-11 06:30:25,027 [Thread-1196] INFO  impl.RaftServerImpl (RaftServerImpl.java:lambda$shutdown$3(247)) - dc1694e1-277c-4bb8-aae6-8a1799610c9f@group-47BC4134A365: shutdown
2019-10-11 06:30:25,027 [ForkJoinPool.commonPool-worker-0] INFO  impl.RoleInfo (RoleInfo.java:shutdownLeaderState(104)) - d6b22d4f-ba9a-4a7e-8fa8-3df54149d651: shutdown LeaderState
2019-10-11 06:30:25,028 [Thread-1196] INFO  util.JmxRegister (JmxRegister.java:unregister(73)) - Successfully un-registered JMX Bean with object name Ratis:service=RaftServer,group=group-47BC4134A365,id=dc1694e1-277c-4bb8-aae6-8a1799610c9f
2019-10-11 06:30:25,030 [Thread-1196] INFO  impl.RoleInfo (RoleInfo.java:shutdownLeaderState(104)) - dc1694e1-277c-4bb8-aae6-8a1799610c9f: shutdown LeaderState
2019-10-11 06:30:25,028 [grpc-default-executor-2] INFO  server.GrpcServerProtocolService (GrpcServerProtocolService.java:onCompleted(113)) - 8e47a7d1-5fcd-47dd-979d-b8db99b02a5f: Completed APPEND_ENTRIES, lastRequest: dc1694e1-277c-4bb8-aae6-8a1799610c9f->8e47a7d1-5fcd-47dd-979d-b8db99b02a5f#5-t1, previous=(t:1, i:0), leaderCommit=0, initializing? false, entries: <empty>
2019-10-11 06:30:25,028 [grpc-default-executor-4] INFO  server.GrpcServerProtocolService (GrpcServerProtocolService.java:onCompleted(113)) - d6b22d4f-ba9a-4a7e-8fa8-3df54149d651: Completed APPEND_ENTRIES, lastRequest: dc1694e1-277c-4bb8-aae6-8a1799610c9f->d6b22d4f-ba9a-4a7e-8fa8-3df54149d651#5-t1, previous=(t:1, i:0), leaderCommit=0, initializing? false, entries: <empty>
2019-10-11 06:30:25,030 [Thread-1196] INFO  impl.PendingRequests (PendingRequests.java:sendNotLeaderResponses(202)) - dc1694e1-277c-4bb8-aae6-8a1799610c9f@group-47BC4134A365-PendingRequests: sendNotLeaderResponses
2019-10-11 06:30:25,029 [ForkJoinPool.commonPool-worker-0] INFO  impl.PendingRequests (PendingRequests.java:sendNotLeaderResponses(202)) - d6b22d4f-ba9a-4a7e-8fa8-3df54149d651@group-92EE29E08C03-PendingRequests: sendNotLeaderResponses
2019-10-11 06:30:25,031 [Thread-1196] INFO  impl.StateMachineUpdater (StateMachineUpdater.java:stopAndJoin(136)) - dc1694e1-277c-4bb8-aae6-8a1799610c9f@group-47BC4134A365-StateMachineUpdater: set stopIndex = 0
2019-10-11 06:30:25,033 [ForkJoinPool.commonPool-worker-0] INFO  impl.StateMachineUpdater (StateMachineUpdater.java:stopAndJoin(136)) - d6b22d4f-ba9a-4a7e-8fa8-3df54149d651@group-92EE29E08C03-StateMachineUpdater: set stopIndex = 0
2019-10-11 06:30:25,033 [ForkJoinPool.commonPool-worker-0] INFO  impl.RaftServerImpl (ServerState.java:close(387)) - d6b22d4f-ba9a-4a7e-8fa8-3df54149d651@group-92EE29E08C03: closes. applyIndex: 0
2019-10-11 06:30:25,033 [grpc-default-executor-4] INFO  server.GrpcLogAppender (GrpcLogAppender.java:onCompleted(293)) - dc1694e1-277c-4bb8-aae6-8a1799610c9f@group-9490815BECCB->d6b22d4f-ba9a-4a7e-8fa8-3df54149d651-AppendLogResponseHandler: follower responses appendEntries COMPLETED
2019-10-11 06:30:25,033 [grpc-default-executor-2] INFO  server.GrpcLogAppender (GrpcLogAppender.java:onCompleted(293)) - dc1694e1-277c-4bb8-aae6-8a1799610c9f@group-9490815BECCB->8e47a7d1-5fcd-47dd-979d-b8db99b02a5f-AppendLogResponseHandler: follower responses appendEntries COMPLETED
2019-10-11 06:30:25,033 [Thread-1196] INFO  impl.RaftServerImpl (ServerState.java:close(387)) - dc1694e1-277c-4bb8-aae6-8a1799610c9f@group-47BC4134A365: closes. applyIndex: 0
2019-10-11 06:30:25,034 [d6b22d4f-ba9a-4a7e-8fa8-3df54149d651@group-92EE29E08C03-SegmentedRaftLogWorker] INFO  segmented.SegmentedRaftLogWorker (SegmentedRaftLogWorker.java:run(316)) - d6b22d4f-ba9a-4a7e-8fa8-3df54149d651@group-92EE29E08C03-SegmentedRaftLogWorker was interrupted, exiting. There are 0 tasks remaining in the queue.
2019-10-11 06:30:25,036 [dc1694e1-277c-4bb8-aae6-8a1799610c9f@group-47BC4134A365-SegmentedRaftLogWorker] INFO  segmented.SegmentedRaftLogWorker (SegmentedRaftLogWorker.java:run(316)) - dc1694e1-277c-4bb8-aae6-8a1799610c9f@group-47BC4134A365-SegmentedRaftLogWorker was interrupted, exiting. There are 0 tasks remaining in the queue.
2019-10-11 06:30:25,038 [ForkJoinPool.commonPool-worker-0] INFO  segmented.SegmentedRaftLogWorker (SegmentedRaftLogWorker.java:close(224)) - d6b22d4f-ba9a-4a7e-8fa8-3df54149d651@group-92EE29E08C03-SegmentedRaftLogWorker close()
2019-10-11 06:30:25,045 [Thread-1196] INFO  segmented.SegmentedRaftLogWorker (SegmentedRaftLogWorker.java:close(224)) - dc1694e1-277c-4bb8-aae6-8a1799610c9f@group-47BC4134A365-SegmentedRaftLogWorker close()
2019-10-11 06:30:25,048 [ForkJoinPool.commonPool-worker-0] INFO  server.GrpcService (GrpcService.java:closeImpl(164)) - d6b22d4f-ba9a-4a7e-8fa8-3df54149d651: shutdown server with port 41585 now
2019-10-11 06:30:25,051 [Thread-1196] INFO  server.GrpcService (GrpcService.java:closeImpl(164)) - dc1694e1-277c-4bb8-aae6-8a1799610c9f: shutdown server with port 44167 now
2019-10-11 06:30:25,052 [grpc-default-executor-2] INFO  impl.FollowerInfo (FollowerInfo.java:lambda$new$0(51)) - dc1694e1-277c-4bb8-aae6-8a1799610c9f@group-9490815BECCB->8e47a7d1-5fcd-47dd-979d-b8db99b02a5f: nextIndex: updateUnconditionally 1 -> 0
2019-10-11 06:30:25,052 [grpc-default-executor-4] INFO  impl.FollowerInfo (FollowerInfo.java:lambda$new$0(51)) - dc1694e1-277c-4bb8-aae6-8a1799610c9f@group-9490815BECCB->d6b22d4f-ba9a-4a7e-8fa8-3df54149d651: nextIndex: updateUnconditionally 1 -> 0
2019-10-11 06:30:25,055 [ForkJoinPool.commonPool-worker-0] INFO  server.GrpcService (GrpcService.java:closeImpl(172)) - d6b22d4f-ba9a-4a7e-8fa8-3df54149d651: shutdown server with port 41585 successfully
2019-10-11 06:30:25,056 [Thread-1196] INFO  server.GrpcService (GrpcService.java:closeImpl(172)) - dc1694e1-277c-4bb8-aae6-8a1799610c9f: shutdown server with port 44167 successfully
2019-10-11 06:30:25,060 [refreshUsed-/workdir/hadoop-ozone/integration-test/target/test-dir/MiniOzoneClusterImpl-5bc1e110-a443-4489-a3a8-f206ebce128a/datanode-1/data/containers] WARN  fs.CachingGetSpaceUsed (CachingGetSpaceUsed.java:run(183)) - Thread Interrupted waiting to refresh disk information: sleep interrupted
2019-10-11 06:30:25,062 [refreshUsed-/workdir/hadoop-ozone/integration-test/target/test-dir/MiniOzoneClusterImpl-5bc1e110-a443-4489-a3a8-f206ebce128a/datanode-0/data/containers] WARN  fs.CachingGetSpaceUsed (CachingGetSpaceUsed.java:run(183)) - Thread Interrupted waiting to refresh disk information: sleep interrupted
2019-10-11 06:30:25,084 [ForkJoinPool.commonPool-worker-0] INFO  utils.BackgroundService (BackgroundService.java:shutdown(151)) - Shutting down service BlockDeletingService
2019-10-11 06:30:25,086 [Thread-1196] INFO  utils.BackgroundService (BackgroundService.java:shutdown(151)) - Shutting down service BlockDeletingService
2019-10-11 06:30:25,088 [ForkJoinPool.commonPool-worker-0] INFO  statemachine.DatanodeStateMachine (DatanodeStateMachine.java:stopDaemon(395)) - Ozone container server stopped.
2019-10-11 06:30:25,091 [Thread-1196] INFO  statemachine.DatanodeStateMachine (DatanodeStateMachine.java:stopDaemon(395)) - Ozone container server stopped.
2019-10-11 06:30:25,093 [ForkJoinPool.commonPool-worker-0] INFO  handler.ContextHandler (ContextHandler.java:doStop(910)) - Stopped o.e.j.w.WebAppContext@3f830197{/,null,UNAVAILABLE}{/hddsDatanode}
2019-10-11 06:30:25,093 [Thread-1196] INFO  handler.ContextHandler (ContextHandler.java:doStop(910)) - Stopped o.e.j.w.WebAppContext@75792a42{/,null,UNAVAILABLE}{/hddsDatanode}
2019-10-11 06:30:25,094 [Thread-1196] INFO  server.AbstractConnector (AbstractConnector.java:doStop(318)) - Stopped ServerConnector@1be6a3e7{HTTP/1.1,[http/1.1]}{0.0.0.0:0}
2019-10-11 06:30:25,094 [ForkJoinPool.commonPool-worker-0] INFO  server.AbstractConnector (AbstractConnector.java:doStop(318)) - Stopped ServerConnector@65c6f126{HTTP/1.1,[http/1.1]}{0.0.0.0:0}
2019-10-11 06:30:25,094 [Thread-1196] INFO  handler.ContextHandler (ContextHandler.java:doStop(910)) - Stopped o.e.j.s.ServletContextHandler@4f71f104{/static,jar:file:/home/user/.m2/repository/org/apache/hadoop/hadoop-hdds-container-service/0.5.0-SNAPSHOT/hadoop-hdds-container-service-0.5.0-SNAPSHOT.jar!/webapps/static,UNAVAILABLE}
2019-10-11 06:30:25,095 [ForkJoinPool.commonPool-worker-0] INFO  handler.ContextHandler (ContextHandler.java:doStop(910)) - Stopped o.e.j.s.ServletContextHandler@2b6ab2b0{/static,jar:file:/home/user/.m2/repository/org/apache/hadoop/hadoop-hdds-container-service/0.5.0-SNAPSHOT/hadoop-hdds-container-service-0.5.0-SNAPSHOT.jar!/webapps/static,UNAVAILABLE}
2019-10-11 06:30:25,095 [Thread-1196] INFO  handler.ContextHandler (ContextHandler.java:doStop(910)) - Stopped o.e.j.s.ServletContextHandler@3062cf24{/logs,file:///workdir/hadoop-ozone/integration-test/target/log,UNAVAILABLE}
2019-10-11 06:30:25,096 [ForkJoinPool.commonPool-worker-0] INFO  handler.ContextHandler (ContextHandler.java:doStop(910)) - Stopped o.e.j.s.ServletContextHandler@456d1ebf{/logs,file:///workdir/hadoop-ozone/integration-test/target/log,UNAVAILABLE}
2019-10-11 06:30:25,974 [Datanode State Machine Thread - 0] INFO  statemachine.DatanodeStateMachine (DatanodeStateMachine.java:lambda$startDaemon$0(350)) - Ozone container server started.
2019-10-11 06:30:26,619 [Thread-1196] ERROR report.ReportManager (ReportManager.java:shutdown(82)) - Failed to shutdown Report Manager
java.lang.InterruptedException
	at java.util.concurrent.locks.AbstractQueuedSynchronizer$ConditionObject.reportInterruptAfterWait(AbstractQueuedSynchronizer.java:2014)
	at java.util.concurrent.locks.AbstractQueuedSynchronizer$ConditionObject.awaitNanos(AbstractQueuedSynchronizer.java:2088)
	at java.util.concurrent.ThreadPoolExecutor.awaitTermination(ThreadPoolExecutor.java:1475)
	at org.apache.hadoop.ozone.container.common.report.ReportManager.shutdown(ReportManager.java:80)
	at org.apache.hadoop.ozone.container.common.statemachine.DatanodeStateMachine.stopDaemon(DatanodeStateMachine.java:393)
	at org.apache.hadoop.ozone.HddsDatanodeService.stop(HddsDatanodeService.java:457)
	at org.apache.hadoop.ozone.MiniOzoneClusterImpl.stopDatanode(MiniOzoneClusterImpl.java:385)
	at java.util.stream.ForEachOps$ForEachOp$OfRef.accept(ForEachOps.java:184)
	at java.util.ArrayList$ArrayListSpliterator.forEachRemaining(ArrayList.java:1382)
	at java.util.stream.AbstractPipeline.copyInto(AbstractPipeline.java:482)
	at java.util.stream.ForEachOps$ForEachTask.compute(ForEachOps.java:291)
	at java.util.concurrent.CountedCompleter.exec(CountedCompleter.java:731)
	at java.util.concurrent.ForkJoinTask.doExec(ForkJoinTask.java:289)
	at java.util.concurrent.ForkJoinPool.helpComplete(ForkJoinPool.java:1870)
	at java.util.concurrent.ForkJoinPool.externalHelpComplete(ForkJoinPool.java:2467)
	at java.util.concurrent.ForkJoinTask.externalAwaitDone(ForkJoinTask.java:324)
	at java.util.concurrent.ForkJoinTask.doInvoke(ForkJoinTask.java:405)
	at java.util.concurrent.ForkJoinTask.invoke(ForkJoinTask.java:734)
	at java.util.stream.ForEachOps$ForEachOp.evaluateParallel(ForEachOps.java:160)
	at java.util.stream.ForEachOps$ForEachOp$OfRef.evaluateParallel(ForEachOps.java:174)
	at java.util.stream.AbstractPipeline.evaluate(AbstractPipeline.java:233)
	at java.util.stream.ReferencePipeline.forEach(ReferencePipeline.java:418)
	at java.util.stream.ReferencePipeline$Head.forEach(ReferencePipeline.java:583)
	at org.apache.hadoop.ozone.MiniOzoneClusterImpl.stopDatanodes(MiniOzoneClusterImpl.java:379)
	at org.apache.hadoop.ozone.MiniOzoneClusterImpl.stop(MiniOzoneClusterImpl.java:332)
	at org.apache.hadoop.ozone.MiniOzoneClusterImpl.shutdown(MiniOzoneClusterImpl.java:319)
	at org.apache.hadoop.ozone.TestStorageContainerManager.testScmProcessDatanodeHeartbeat(TestStorageContainerManager.java:559)
	at sun.reflect.NativeMethodAccessorImpl.invoke0(Native Method)
	at sun.reflect.NativeMethodAccessorImpl.invoke(NativeMethodAccessorImpl.java:62)
	at sun.reflect.DelegatingMethodAccessorImpl.invoke(DelegatingMethodAccessorImpl.java:43)
	at java.lang.reflect.Method.invoke(Method.java:498)
	at org.junit.runners.model.FrameworkMethod$1.runReflectiveCall(FrameworkMethod.java:47)
	at org.junit.internal.runners.model.ReflectiveCallable.run(ReflectiveCallable.java:12)
	at org.junit.runners.model.FrameworkMethod.invokeExplosively(FrameworkMethod.java:44)
	at org.junit.internal.runners.statements.InvokeMethod.evaluate(InvokeMethod.java:17)
	at org.junit.internal.runners.statements.FailOnTimeout$StatementThread.run(FailOnTimeout.java:74)
2019-10-11 06:30:26,620 [Thread-1196] INFO  ozoneimpl.OzoneContainer (OzoneContainer.java:stop(227)) - Attempting to stop container services.
2019-10-11 06:30:26,621 [Thread-1196] INFO  impl.RaftServerProxy (RaftServerProxy.java:lambda$close$4(314)) - 8e47a7d1-5fcd-47dd-979d-b8db99b02a5f: close
2019-10-11 06:30:26,622 [Thread-1196] INFO  impl.RaftServerImpl (RaftServerImpl.java:lambda$shutdown$3(247)) - 8e47a7d1-5fcd-47dd-979d-b8db99b02a5f@group-F7254B621697: shutdown
2019-10-11 06:30:26,622 [Thread-1196] INFO  util.JmxRegister (JmxRegister.java:unregister(73)) - Successfully un-registered JMX Bean with object name Ratis:service=RaftServer,group=group-F7254B621697,id=8e47a7d1-5fcd-47dd-979d-b8db99b02a5f
2019-10-11 06:30:26,623 [Thread-1196] INFO  impl.RoleInfo (RoleInfo.java:shutdownLeaderState(104)) - 8e47a7d1-5fcd-47dd-979d-b8db99b02a5f: shutdown LeaderState
2019-10-11 06:30:26,623 [Thread-1196] INFO  impl.PendingRequests (PendingRequests.java:sendNotLeaderResponses(202)) - 8e47a7d1-5fcd-47dd-979d-b8db99b02a5f@group-F7254B621697-PendingRequests: sendNotLeaderResponses
2019-10-11 06:30:26,624 [Thread-1196] INFO  impl.StateMachineUpdater (StateMachineUpdater.java:stopAndJoin(136)) - 8e47a7d1-5fcd-47dd-979d-b8db99b02a5f@group-F7254B621697-StateMachineUpdater: set stopIndex = 0
2019-10-11 06:30:26,624 [Thread-1196] INFO  impl.RaftServerImpl (ServerState.java:close(387)) - 8e47a7d1-5fcd-47dd-979d-b8db99b02a5f@group-F7254B621697: closes. applyIndex: 0
2019-10-11 06:30:26,625 [8e47a7d1-5fcd-47dd-979d-b8db99b02a5f@group-F7254B621697-SegmentedRaftLogWorker] INFO  segmented.SegmentedRaftLogWorker (SegmentedRaftLogWorker.java:run(316)) - 8e47a7d1-5fcd-47dd-979d-b8db99b02a5f@group-F7254B621697-SegmentedRaftLogWorker was interrupted, exiting. There are 0 tasks remaining in the queue.
2019-10-11 06:30:26,626 [Thread-1196] INFO  segmented.SegmentedRaftLogWorker (SegmentedRaftLogWorker.java:close(224)) - 8e47a7d1-5fcd-47dd-979d-b8db99b02a5f@group-F7254B621697-SegmentedRaftLogWorker close()
2019-10-11 06:30:26,628 [Thread-1196] INFO  impl.RaftServerImpl (RaftServerImpl.java:lambda$shutdown$3(247)) - 8e47a7d1-5fcd-47dd-979d-b8db99b02a5f@group-9490815BECCB: shutdown
2019-10-11 06:30:26,628 [Thread-1196] INFO  util.JmxRegister (JmxRegister.java:unregister(73)) - Successfully un-registered JMX Bean with object name Ratis:service=RaftServer,group=group-9490815BECCB,id=8e47a7d1-5fcd-47dd-979d-b8db99b02a5f
2019-10-11 06:30:26,628 [Thread-1196] INFO  impl.RoleInfo (RoleInfo.java:shutdownFollowerState(121)) - 8e47a7d1-5fcd-47dd-979d-b8db99b02a5f: shutdown FollowerState
2019-10-11 06:30:26,629 [Thread-1196] INFO  impl.StateMachineUpdater (StateMachineUpdater.java:stopAndJoin(136)) - 8e47a7d1-5fcd-47dd-979d-b8db99b02a5f@group-9490815BECCB-StateMachineUpdater: set stopIndex = 0
2019-10-11 06:30:26,629 [Thread-1401] INFO  impl.FollowerState (FollowerState.java:run(117)) - 8e47a7d1-5fcd-47dd-979d-b8db99b02a5f@group-9490815BECCB-FollowerState was interrupted: java.lang.InterruptedException: sleep interrupted
2019-10-11 06:30:26,630 [Thread-1196] INFO  impl.RaftServerImpl (ServerState.java:close(387)) - 8e47a7d1-5fcd-47dd-979d-b8db99b02a5f@group-9490815BECCB: closes. applyIndex: 0
2019-10-11 06:30:26,632 [8e47a7d1-5fcd-47dd-979d-b8db99b02a5f@group-9490815BECCB-SegmentedRaftLogWorker] INFO  segmented.SegmentedRaftLogWorker (SegmentedRaftLogWorker.java:run(316)) - 8e47a7d1-5fcd-47dd-979d-b8db99b02a5f@group-9490815BECCB-SegmentedRaftLogWorker was interrupted, exiting. There are 0 tasks remaining in the queue.
2019-10-11 06:30:26,632 [Thread-1196] INFO  segmented.SegmentedRaftLogWorker (SegmentedRaftLogWorker.java:close(224)) - 8e47a7d1-5fcd-47dd-979d-b8db99b02a5f@group-9490815BECCB-SegmentedRaftLogWorker close()
2019-10-11 06:30:26,634 [Thread-1196] INFO  server.GrpcService (GrpcService.java:closeImpl(164)) - 8e47a7d1-5fcd-47dd-979d-b8db99b02a5f: shutdown server with port 36604 now
2019-10-11 06:30:26,637 [Thread-1196] INFO  server.GrpcService (GrpcService.java:closeImpl(172)) - 8e47a7d1-5fcd-47dd-979d-b8db99b02a5f: shutdown server with port 36604 successfully
2019-10-11 06:30:26,642 [refreshUsed-/workdir/hadoop-ozone/integration-test/target/test-dir/MiniOzoneClusterImpl-5bc1e110-a443-4489-a3a8-f206ebce128a/datanode-2/data/containers] WARN  fs.CachingGetSpaceUsed (CachingGetSpaceUsed.java:run(183)) - Thread Interrupted waiting to refresh disk information: sleep interrupted
]]></system-out>
  </testcase>
  <testcase name="testScmInfo" classname="org.apache.hadoop.ozone.TestStorageContainerManager" time="0.319"/>
</testsuite>