<?xml version="1.0" encoding="UTF-8"?>
<testsuite xmlns:xsi="http://www.w3.org/2001/XMLSchema-instance" xsi:noNamespaceSchemaLocation="https://maven.apache.org/surefire/maven-surefire-plugin/xsd/surefire-test-report.xsd" name="org.apache.hadoop.ozone.client.rpc.TestWatchForCommit" time="255.75" tests="5" errors="1" skipped="0" failures="0">
  <properties>
    <property name="awt.toolkit" value="sun.awt.X11.XToolkit"/>
    <property name="file.encoding.pkg" value="sun.io"/>
    <property name="java.specification.version" value="1.8"/>
    <property name="sun.cpu.isalist" value=""/>
    <property name="sun.jnu.encoding" value="UTF-8"/>
    <property name="java.class.path" value="/workdir/hadoop-ozone/integration-test/target/test-classes:/workdir/hadoop-ozone/integration-test/target/classes:/home/user/.m2/repository/org/apache/hadoop/hadoop-ozone-common/0.5.0-SNAPSHOT/hadoop-ozone-common-0.5.0-SNAPSHOT.jar:/home/user/.m2/repository/org/apache/commons/commons-compress/1.4.1/commons-compress-1.4.1.jar:/home/user/.m2/repository/org/tukaani/xz/1.0/xz-1.0.jar:/home/user/.m2/repository/org/apache/hadoop/hadoop-common/3.2.0/hadoop-common-3.2.0.jar:/home/user/.m2/repository/org/apache/hadoop/hadoop-hdfs/3.2.0/hadoop-hdfs-3.2.0.jar:/home/user/.m2/repository/org/apache/hadoop/hadoop-hdfs-client/3.2.0/hadoop-hdfs-client-3.2.0.jar:/home/user/.m2/repository/com/fasterxml/jackson/core/jackson-annotations/2.9.9/jackson-annotations-2.9.9.jar:/home/user/.m2/repository/org/apache/hadoop/hadoop-hdds-common/0.5.0-SNAPSHOT/hadoop-hdds-common-0.5.0-SNAPSHOT.jar:/home/user/.m2/repository/javax/annotation/javax.annotation-api/1.2/javax.annotation-api-1.2.jar:/home/user/.m2/repository/org/apache/ratis/ratis-server/0.5.0-201fc85-SNAPSHOT/ratis-server-0.5.0-201fc85-SNAPSHOT.jar:/home/user/.m2/repository/org/apache/ratis/ratis-thirdparty-misc/0.2.0/ratis-thirdparty-misc-0.2.0.jar:/home/user/.m2/repository/org/apache/ratis/ratis-proto/0.5.0-201fc85-SNAPSHOT/ratis-proto-0.5.0-201fc85-SNAPSHOT.jar:/home/user/.m2/repository/org/apache/ratis/ratis-common/0.5.0-201fc85-SNAPSHOT/ratis-common-0.5.0-201fc85-SNAPSHOT.jar:/home/user/.m2/repository/org/apache/ratis/ratis-client/0.5.0-201fc85-SNAPSHOT/ratis-client-0.5.0-201fc85-SNAPSHOT.jar:/home/user/.m2/repository/org/apache/ratis/ratis-metrics/0.5.0-201fc85-SNAPSHOT/ratis-metrics-0.5.0-201fc85-SNAPSHOT.jar:/home/user/.m2/repository/com/github/joshelser/dropwizard-metrics-hadoop-metrics2-reporter/0.1.2/dropwizard-metrics-hadoop-metrics2-reporter-0.1.2.jar:/home/user/.m2/repository/io/dropwizard/metrics/metrics-jvm/3.2.5/metrics-jvm-3.2.5.jar:/home/user/.m2/repository/io/dropwizard/metrics/metrics-ganglia/3.2.5/metrics-ganglia-3.2.5.jar:/home/user/.m2/repository/info/ganglia/gmetric4j/gmetric4j/1.0.7/gmetric4j-1.0.7.jar:/home/user/.m2/repository/org/apache/ratis/ratis-netty/0.5.0-201fc85-SNAPSHOT/ratis-netty-0.5.0-201fc85-SNAPSHOT.jar:/home/user/.m2/repository/org/apache/ratis/ratis-grpc/0.5.0-201fc85-SNAPSHOT/ratis-grpc-0.5.0-201fc85-SNAPSHOT.jar:/home/user/.m2/repository/org/rocksdb/rocksdbjni/6.0.1/rocksdbjni-6.0.1.jar:/home/user/.m2/repository/org/apache/logging/log4j/log4j-api/2.11.0/log4j-api-2.11.0.jar:/home/user/.m2/repository/org/apache/logging/log4j/log4j-core/2.11.0/log4j-core-2.11.0.jar:/home/user/.m2/repository/com/lmax/disruptor/3.4.2/disruptor-3.4.2.jar:/home/user/.m2/repository/org/apache/commons/commons-pool2/2.6.0/commons-pool2-2.6.0.jar:/home/user/.m2/repository/org/bouncycastle/bcpkix-jdk15on/1.60/bcpkix-jdk15on-1.60.jar:/home/user/.m2/repository/commons-validator/commons-validator/1.6/commons-validator-1.6.jar:/home/user/.m2/repository/commons-digester/commons-digester/1.8.1/commons-digester-1.8.1.jar:/home/user/.m2/repository/io/jaegertracing/jaeger-client/0.34.0/jaeger-client-0.34.0.jar:/home/user/.m2/repository/io/jaegertracing/jaeger-thrift/0.34.0/jaeger-thrift-0.34.0.jar:/home/user/.m2/repository/org/apache/thrift/libthrift/0.12.0/libthrift-0.12.0.jar:/home/user/.m2/repository/com/squareup/okhttp3/okhttp/3.9.0/okhttp-3.9.0.jar:/home/user/.m2/repository/com/squareup/okio/okio/1.13.0/okio-1.13.0.jar:/home/user/.m2/repository/io/jaegertracing/jaeger-core/0.34.0/jaeger-core-0.34.0.jar:/home/user/.m2/repository/io/jaegertracing/jaeger-tracerresolver/0.34.0/jaeger-tracerresolver-0.34.0.jar:/home/user/.m2/repository/io/opentracing/contrib/opentracing-tracerresolver/0.1.5/opentracing-tracerresolver-0.1.5.jar:/home/user/.m2/repository/io/opentracing/opentracing-util/0.31.0/opentracing-util-0.31.0.jar:/home/user/.m2/repository/io/opentracing/opentracing-api/0.31.0/opentracing-api-0.31.0.jar:/home/user/.m2/repository/io/opentracing/opentracing-noop/0.31.0/opentracing-noop-0.31.0.jar:/home/user/.m2/repository/org/apache/hadoop/hadoop-hdds-server-framework/0.5.0-SNAPSHOT/hadoop-hdds-server-framework-0.5.0-SNAPSHOT.jar:/home/user/.m2/repository/org/apache/hadoop/hadoop-hdds-container-service/0.5.0-SNAPSHOT/hadoop-hdds-container-service-0.5.0-SNAPSHOT.jar:/home/user/.m2/repository/org/apache/hadoop/hadoop-hdds-client/0.5.0-SNAPSHOT/hadoop-hdds-client-0.5.0-SNAPSHOT.jar:/home/user/.m2/repository/org/apache/hadoop/hadoop-hdds-tools/0.5.0-SNAPSHOT/hadoop-hdds-tools-0.5.0-SNAPSHOT.jar:/home/user/.m2/repository/org/apache/hadoop/hadoop-hdds-server-scm/0.5.0-SNAPSHOT/hadoop-hdds-server-scm-0.5.0-SNAPSHOT.jar:/home/user/.m2/repository/org/apache/hadoop/hadoop-hdds-docs/0.5.0-SNAPSHOT/hadoop-hdds-docs-0.5.0-SNAPSHOT.jar:/home/user/.m2/repository/io/dropwizard/metrics/metrics-core/3.2.4/metrics-core-3.2.4.jar:/home/user/.m2/repository/org/hamcrest/hamcrest-all/1.3/hamcrest-all-1.3.jar:/home/user/.m2/repository/org/bouncycastle/bcprov-jdk15on/1.60/bcprov-jdk15on-1.60.jar:/home/user/.m2/repository/info/picocli/picocli/3.9.6/picocli-3.9.6.jar:/home/user/.m2/repository/com/google/protobuf/protobuf-java/2.5.0/protobuf-java-2.5.0.jar:/home/user/.m2/repository/com/google/guava/guava/11.0.2/guava-11.0.2.jar:/home/user/.m2/repository/org/apache/hadoop/hadoop-ozone-ozone-manager/0.5.0-SNAPSHOT/hadoop-ozone-ozone-manager-0.5.0-SNAPSHOT.jar:/home/user/.m2/repository/org/apache/hadoop/hadoop-minikdc/3.2.0/hadoop-minikdc-3.2.0.jar:/home/user/.m2/repository/commons-io/commons-io/2.5/commons-io-2.5.jar:/home/user/.m2/repository/org/apache/kerby/kerb-simplekdc/1.0.1/kerb-simplekdc-1.0.1.jar:/home/user/.m2/repository/org/apache/kerby/kerb-client/1.0.1/kerb-client-1.0.1.jar:/home/user/.m2/repository/org/apache/kerby/kerby-config/1.0.1/kerby-config-1.0.1.jar:/home/user/.m2/repository/org/apache/kerby/kerb-core/1.0.1/kerb-core-1.0.1.jar:/home/user/.m2/repository/org/apache/kerby/kerby-pkix/1.0.1/kerby-pkix-1.0.1.jar:/home/user/.m2/repository/org/apache/kerby/kerby-asn1/1.0.1/kerby-asn1-1.0.1.jar:/home/user/.m2/repository/org/apache/kerby/kerby-util/1.0.1/kerby-util-1.0.1.jar:/home/user/.m2/repository/org/apache/kerby/kerb-common/1.0.1/kerb-common-1.0.1.jar:/home/user/.m2/repository/org/apache/kerby/kerb-crypto/1.0.1/kerb-crypto-1.0.1.jar:/home/user/.m2/repository/org/apache/kerby/kerb-util/1.0.1/kerb-util-1.0.1.jar:/home/user/.m2/repository/org/apache/kerby/token-provider/1.0.1/token-provider-1.0.1.jar:/home/user/.m2/repository/org/apache/kerby/kerb-admin/1.0.1/kerb-admin-1.0.1.jar:/home/user/.m2/repository/org/apache/kerby/kerb-server/1.0.1/kerb-server-1.0.1.jar:/home/user/.m2/repository/org/apache/kerby/kerb-identity/1.0.1/kerb-identity-1.0.1.jar:/home/user/.m2/repository/org/apache/kerby/kerby-xdr/1.0.1/kerby-xdr-1.0.1.jar:/home/user/.m2/repository/org/slf4j/slf4j-log4j12/1.7.25/slf4j-log4j12-1.7.25.jar:/home/user/.m2/repository/org/apache/hadoop/hadoop-ozone-s3gateway/0.5.0-SNAPSHOT/hadoop-ozone-s3gateway-0.5.0-SNAPSHOT.jar:/home/user/.m2/repository/org/jboss/weld/servlet/weld-servlet/2.4.7.Final/weld-servlet-2.4.7.Final.jar:/home/user/.m2/repository/org/glassfish/jersey/containers/jersey-container-servlet-core/2.27/jersey-container-servlet-core-2.27.jar:/home/user/.m2/repository/org/glassfish/hk2/external/javax.inject/2.5.0-b42/javax.inject-2.5.0-b42.jar:/home/user/.m2/repository/org/glassfish/jersey/core/jersey-common/2.27/jersey-common-2.27.jar:/home/user/.m2/repository/org/glassfish/hk2/osgi-resource-locator/1.0.1/osgi-resource-locator-1.0.1.jar:/home/user/.m2/repository/javax/ws/rs/javax.ws.rs-api/2.1/javax.ws.rs-api-2.1.jar:/home/user/.m2/repository/org/glassfish/jersey/ext/cdi/jersey-cdi1x/2.27/jersey-cdi1x-2.27.jar:/home/user/.m2/repository/org/glassfish/jersey/inject/jersey-hk2/2.27/jersey-hk2-2.27.jar:/home/user/.m2/repository/org/glassfish/hk2/hk2-locator/2.5.0-b42/hk2-locator-2.5.0-b42.jar:/home/user/.m2/repository/org/javassist/javassist/3.22.0-CR2/javassist-3.22.0-CR2.jar:/home/user/.m2/repository/org/glassfish/hk2/hk2-api/2.5.0/hk2-api-2.5.0.jar:/home/user/.m2/repository/org/glassfish/hk2/external/jakarta.inject/2.5.0/jakarta.inject-2.5.0.jar:/home/user/.m2/repository/org/glassfish/hk2/hk2-utils/2.5.0/hk2-utils-2.5.0.jar:/home/user/.m2/repository/jakarta/annotation/jakarta.annotation-api/1.3.4/jakarta.annotation-api-1.3.4.jar:/home/user/.m2/repository/org/glassfish/hk2/external/aopalliance-repackaged/2.5.0/aopalliance-repackaged-2.5.0.jar:/home/user/.m2/repository/com/fasterxml/jackson/dataformat/jackson-dataformat-xml/2.9.0/jackson-dataformat-xml-2.9.0.jar:/home/user/.m2/repository/com/fasterxml/jackson/core/jackson-core/2.9.9/jackson-core-2.9.9.jar:/home/user/.m2/repository/com/fasterxml/jackson/module/jackson-module-jaxb-annotations/2.9.9/jackson-module-jaxb-annotations-2.9.9.jar:/home/user/.m2/repository/javax/enterprise/cdi-api/1.2/cdi-api-1.2.jar:/home/user/.m2/repository/javax/el/javax.el-api/3.0.0/javax.el-api-3.0.0.jar:/home/user/.m2/repository/javax/interceptor/javax.interceptor-api/1.2/javax.interceptor-api-1.2.jar:/home/user/.m2/repository/javax/inject/javax.inject/1/javax.inject-1.jar:/home/user/.m2/repository/com/sun/xml/bind/jaxb-impl/2.3.0.1/jaxb-impl-2.3.0.1.jar:/home/user/.m2/repository/com/sun/xml/bind/jaxb-core/2.3.0.1/jaxb-core-2.3.0.1.jar:/home/user/.m2/repository/javax/xml/bind/jaxb-api/2.3.0/jaxb-api-2.3.0.jar:/home/user/.m2/repository/javax/activation/activation/1.1.1/activation-1.1.1.jar:/home/user/.m2/repository/org/apache/hadoop/hadoop-ozone-csi/0.5.0-SNAPSHOT/hadoop-ozone-csi-0.5.0-SNAPSHOT.jar:/home/user/.m2/repository/com/google/protobuf/protobuf-java-util/3.5.1/protobuf-java-util-3.5.1.jar:/home/user/.m2/repository/org/apache/hadoop/hadoop-hdds-config/0.5.0-SNAPSHOT/hadoop-hdds-config-0.5.0-SNAPSHOT.jar:/home/user/.m2/repository/io/grpc/grpc-netty/1.17.1/grpc-netty-1.17.1.jar:/home/user/.m2/repository/io/grpc/grpc-core/1.17.1/grpc-core-1.17.1.jar:/home/user/.m2/repository/io/grpc/grpc-context/1.17.1/grpc-context-1.17.1.jar:/home/user/.m2/repository/com/google/errorprone/error_prone_annotations/2.2.0/error_prone_annotations-2.2.0.jar:/home/user/.m2/repository/org/codehaus/mojo/animal-sniffer-annotations/1.17/animal-sniffer-annotations-1.17.jar:/home/user/.m2/repository/io/opencensus/opencensus-api/0.17.0/opencensus-api-0.17.0.jar:/home/user/.m2/repository/io/opencensus/opencensus-contrib-grpc-metrics/0.17.0/opencensus-contrib-grpc-metrics-0.17.0.jar:/home/user/.m2/repository/io/netty/netty-codec-http2/4.1.30.Final/netty-codec-http2-4.1.30.Final.jar:/home/user/.m2/repository/io/netty/netty-codec-http/4.1.30.Final/netty-codec-http-4.1.30.Final.jar:/home/user/.m2/repository/io/netty/netty-codec/4.1.30.Final/netty-codec-4.1.30.Final.jar:/home/user/.m2/repository/io/netty/netty-handler/4.1.30.Final/netty-handler-4.1.30.Final.jar:/home/user/.m2/repository/io/netty/netty-handler-proxy/4.1.30.Final/netty-handler-proxy-4.1.30.Final.jar:/home/user/.m2/repository/io/netty/netty-codec-socks/4.1.30.Final/netty-codec-socks-4.1.30.Final.jar:/home/user/.m2/repository/io/netty/netty-transport-native-epoll/4.1.30.Final/netty-transport-native-epoll-4.1.30.Final.jar:/home/user/.m2/repository/io/netty/netty-common/4.1.30.Final/netty-common-4.1.30.Final.jar:/home/user/.m2/repository/io/netty/netty-buffer/4.1.30.Final/netty-buffer-4.1.30.Final.jar:/home/user/.m2/repository/io/netty/netty-transport/4.1.30.Final/netty-transport-4.1.30.Final.jar:/home/user/.m2/repository/io/netty/netty-resolver/4.1.30.Final/netty-resolver-4.1.30.Final.jar:/home/user/.m2/repository/io/netty/netty-transport-native-unix-common/4.1.30.Final/netty-transport-native-unix-common-4.1.30.Final.jar:/home/user/.m2/repository/io/grpc/grpc-protobuf/1.17.1/grpc-protobuf-1.17.1.jar:/home/user/.m2/repository/com/google/api/grpc/proto-google-common-protos/1.0.0/proto-google-common-protos-1.0.0.jar:/home/user/.m2/repository/io/grpc/grpc-protobuf-lite/1.17.1/grpc-protobuf-lite-1.17.1.jar:/home/user/.m2/repository/io/grpc/grpc-stub/1.17.1/grpc-stub-1.17.1.jar:/home/user/.m2/repository/org/apache/hadoop/hadoop-ozone-recon/0.5.0-SNAPSHOT/hadoop-ozone-recon-0.5.0-SNAPSHOT.jar:/home/user/.m2/repository/org/apache/hadoop/hadoop-ozone-reconcodegen/0.5.0-SNAPSHOT/hadoop-ozone-reconcodegen-0.5.0-SNAPSHOT.jar:/home/user/.m2/repository/com/google/inject/extensions/guice-multibindings/4.0/guice-multibindings-4.0.jar:/home/user/.m2/repository/com/google/inject/guice/4.0/guice-4.0.jar:/home/user/.m2/repository/aopalliance/aopalliance/1.0/aopalliance-1.0.jar:/home/user/.m2/repository/com/google/inject/extensions/guice-servlet/4.0/guice-servlet-4.0.jar:/home/user/.m2/repository/org/glassfish/jersey/containers/jersey-container-servlet/2.27/jersey-container-servlet-2.27.jar:/home/user/.m2/repository/org/glassfish/hk2/guice-bridge/2.5.0/guice-bridge-2.5.0.jar:/home/user/.m2/repository/org/glassfish/jersey/core/jersey-server/2.27/jersey-server-2.27.jar:/home/user/.m2/repository/org/glassfish/jersey/core/jersey-client/2.27/jersey-client-2.27.jar:/home/user/.m2/repository/org/glassfish/jersey/media/jersey-media-jaxb/2.27/jersey-media-jaxb-2.27.jar:/home/user/.m2/repository/javax/validation/validation-api/1.1.0.Final/validation-api-1.1.0.Final.jar:/home/user/.m2/repository/org/glassfish/jersey/media/jersey-media-json-jackson/2.27/jersey-media-json-jackson-2.27.jar:/home/user/.m2/repository/org/glassfish/jersey/ext/jersey-entity-filtering/2.27/jersey-entity-filtering-2.27.jar:/home/user/.m2/repository/com/google/inject/extensions/guice-assistedinject/4.0/guice-assistedinject-4.0.jar:/home/user/.m2/repository/org/jooq/jooq/3.11.10/jooq-3.11.10.jar:/home/user/.m2/repository/org/jooq/jooq-meta/3.11.10/jooq-meta-3.11.10.jar:/home/user/.m2/repository/org/jooq/jooq-codegen/3.11.10/jooq-codegen-3.11.10.jar:/home/user/.m2/repository/com/jolbox/bonecp/0.8.0.RELEASE/bonecp-0.8.0.RELEASE.jar:/home/user/.m2/repository/org/xerial/sqlite-jdbc/3.25.2/sqlite-jdbc-3.25.2.jar:/home/user/.m2/repository/org/springframework/spring-jdbc/5.1.3.RELEASE/spring-jdbc-5.1.3.RELEASE.jar:/home/user/.m2/repository/org/springframework/spring-beans/5.1.3.RELEASE/spring-beans-5.1.3.RELEASE.jar:/home/user/.m2/repository/org/springframework/spring-core/5.1.3.RELEASE/spring-core-5.1.3.RELEASE.jar:/home/user/.m2/repository/org/springframework/spring-jcl/5.1.3.RELEASE/spring-jcl-5.1.3.RELEASE.jar:/home/user/.m2/repository/org/springframework/spring-tx/5.1.3.RELEASE/spring-tx-5.1.3.RELEASE.jar:/home/user/.m2/repository/org/apache/hadoop/hadoop-ozone-client/0.5.0-SNAPSHOT/hadoop-ozone-client-0.5.0-SNAPSHOT.jar:/home/user/.m2/repository/commons-lang/commons-lang/2.6/commons-lang-2.6.jar:/home/user/.m2/repository/org/apache/hadoop/hadoop-ozone-ozone-manager/0.5.0-SNAPSHOT/hadoop-ozone-ozone-manager-0.5.0-SNAPSHOT-tests.jar:/home/user/.m2/repository/junit/junit/4.11/junit-4.11.jar:/home/user/.m2/repository/org/hamcrest/hamcrest-core/1.3/hamcrest-core-1.3.jar:/home/user/.m2/repository/org/openjdk/jmh/jmh-core/1.19/jmh-core-1.19.jar:/home/user/.m2/repository/net/sf/jopt-simple/jopt-simple/4.6/jopt-simple-4.6.jar:/home/user/.m2/repository/org/apache/commons/commons-math3/3.1.1/commons-math3-3.1.1.jar:/home/user/.m2/repository/org/openjdk/jmh/jmh-generator-annprocess/1.19/jmh-generator-annprocess-1.19.jar:/home/user/.m2/repository/org/mockito/mockito-all/1.8.5/mockito-all-1.8.5.jar:/home/user/.m2/repository/org/apache/hadoop/hadoop-kms/3.2.0/hadoop-kms-3.2.0.jar:/home/user/.m2/repository/org/apache/hadoop/hadoop-auth/3.2.0/hadoop-auth-3.2.0.jar:/home/user/.m2/repository/com/nimbusds/nimbus-jose-jwt/4.41.1/nimbus-jose-jwt-4.41.1.jar:/home/user/.m2/repository/com/github/stephenc/jcip/jcip-annotations/1.0-1/jcip-annotations-1.0-1.jar:/home/user/.m2/repository/net/minidev/json-smart/2.3/json-smart-2.3.jar:/home/user/.m2/repository/net/minidev/accessors-smart/1.2/accessors-smart-1.2.jar:/home/user/.m2/repository/org/ow2/asm/asm/5.0.4/asm-5.0.4.jar:/home/user/.m2/repository/org/apache/curator/curator-framework/2.12.0/curator-framework-2.12.0.jar:/home/user/.m2/repository/com/sun/jersey/jersey-core/1.19/jersey-core-1.19.jar:/home/user/.m2/repository/javax/ws/rs/jsr311-api/1.1.1/jsr311-api-1.1.1.jar:/home/user/.m2/repository/com/sun/jersey/jersey-server/1.19/jersey-server-1.19.jar:/home/user/.m2/repository/javax/servlet/javax.servlet-api/3.1.0/javax.servlet-api-3.1.0.jar:/home/user/.m2/repository/org/eclipse/jetty/jetty-server/9.3.25.v20180904/jetty-server-9.3.25.v20180904.jar:/home/user/.m2/repository/org/eclipse/jetty/jetty-http/9.3.25.v20180904/jetty-http-9.3.25.v20180904.jar:/home/user/.m2/repository/org/eclipse/jetty/jetty-io/9.3.25.v20180904/jetty-io-9.3.25.v20180904.jar:/home/user/.m2/repository/org/eclipse/jetty/jetty-webapp/9.3.25.v20180904/jetty-webapp-9.3.25.v20180904.jar:/home/user/.m2/repository/org/eclipse/jetty/jetty-xml/9.3.25.v20180904/jetty-xml-9.3.25.v20180904.jar:/home/user/.m2/repository/log4j/log4j/1.2.17/log4j-1.2.17.jar:/home/user/.m2/repository/org/slf4j/slf4j-api/1.7.25/slf4j-api-1.7.25.jar:/home/user/.m2/repository/org/slf4j/jul-to-slf4j/1.7.25/jul-to-slf4j-1.7.25.jar:/home/user/.m2/repository/org/eclipse/jetty/jetty-util/9.3.25.v20180904/jetty-util-9.3.25.v20180904.jar:/home/user/.m2/repository/com/fasterxml/jackson/core/jackson-databind/2.9.9/jackson-databind-2.9.9.jar:/home/user/.m2/repository/org/apache/hadoop/hadoop-kms/3.2.0/hadoop-kms-3.2.0-tests.jar:/home/user/.m2/repository/org/apache/hadoop/hadoop-hdds-server-scm/0.5.0-SNAPSHOT/hadoop-hdds-server-scm-0.5.0-SNAPSHOT-tests.jar:/home/user/.m2/repository/org/apache/hadoop/hadoop-hdds-container-service/0.5.0-SNAPSHOT/hadoop-hdds-container-service-0.5.0-SNAPSHOT-tests.jar:/home/user/.m2/repository/org/yaml/snakeyaml/1.16/snakeyaml-1.16.jar:/home/user/.m2/repository/org/apache/hadoop/hadoop-common/3.2.0/hadoop-common-3.2.0-tests.jar:/home/user/.m2/repository/org/apache/hadoop/hadoop-annotations/3.2.0/hadoop-annotations-3.2.0.jar:/usr/lib/jvm/java-1.8-openjdk/jre/../lib/tools.jar:/home/user/.m2/repository/commons-cli/commons-cli/1.2/commons-cli-1.2.jar:/home/user/.m2/repository/org/apache/httpcomponents/httpclient/4.5.2/httpclient-4.5.2.jar:/home/user/.m2/repository/org/apache/httpcomponents/httpcore/4.4.4/httpcore-4.4.4.jar:/home/user/.m2/repository/commons-codec/commons-codec/1.11/commons-codec-1.11.jar:/home/user/.m2/repository/commons-net/commons-net/3.6/commons-net-3.6.jar:/home/user/.m2/repository/commons-collections/commons-collections/3.2.2/commons-collections-3.2.2.jar:/home/user/.m2/repository/org/eclipse/jetty/jetty-servlet/9.3.25.v20180904/jetty-servlet-9.3.25.v20180904.jar:/home/user/.m2/repository/org/eclipse/jetty/jetty-security/9.3.25.v20180904/jetty-security-9.3.25.v20180904.jar:/home/user/.m2/repository/javax/servlet/jsp/jsp-api/2.1/jsp-api-2.1.jar:/home/user/.m2/repository/com/sun/jersey/jersey-servlet/1.19/jersey-servlet-1.19.jar:/home/user/.m2/repository/com/sun/jersey/jersey-json/1.19/jersey-json-1.19.jar:/home/user/.m2/repository/org/codehaus/jettison/jettison/1.1/jettison-1.1.jar:/home/user/.m2/repository/org/codehaus/jackson/jackson-core-asl/1.9.13/jackson-core-asl-1.9.13.jar:/home/user/.m2/repository/org/codehaus/jackson/jackson-mapper-asl/1.9.13/jackson-mapper-asl-1.9.13.jar:/home/user/.m2/repository/org/codehaus/jackson/jackson-jaxrs/1.9.13/jackson-jaxrs-1.9.13.jar:/home/user/.m2/repository/org/codehaus/jackson/jackson-xc/1.9.13/jackson-xc-1.9.13.jar:/home/user/.m2/repository/commons-logging/commons-logging/1.1.3/commons-logging-1.1.3.jar:/home/user/.m2/repository/commons-beanutils/commons-beanutils/1.9.4/commons-beanutils-1.9.4.jar:/home/user/.m2/repository/org/apache/commons/commons-configuration2/2.1.1/commons-configuration2-2.1.1.jar:/home/user/.m2/repository/org/apache/commons/commons-lang3/3.7/commons-lang3-3.7.jar:/home/user/.m2/repository/org/apache/commons/commons-text/1.4/commons-text-1.4.jar:/home/user/.m2/repository/org/apache/avro/avro/1.7.7/avro-1.7.7.jar:/home/user/.m2/repository/com/thoughtworks/paranamer/paranamer/2.3/paranamer-2.3.jar:/home/user/.m2/repository/org/xerial/snappy/snappy-java/1.0.5/snappy-java-1.0.5.jar:/home/user/.m2/repository/com/google/re2j/re2j/1.1/re2j-1.1.jar:/home/user/.m2/repository/com/google/code/gson/gson/2.2.4/gson-2.2.4.jar:/home/user/.m2/repository/com/jcraft/jsch/0.1.54/jsch-0.1.54.jar:/home/user/.m2/repository/org/apache/curator/curator-client/2.12.0/curator-client-2.12.0.jar:/home/user/.m2/repository/org/apache/curator/curator-recipes/2.12.0/curator-recipes-2.12.0.jar:/home/user/.m2/repository/com/google/code/findbugs/jsr305/3.0.0/jsr305-3.0.0.jar:/home/user/.m2/repository/org/apache/htrace/htrace-core4/4.1.0-incubating/htrace-core4-4.1.0-incubating.jar:/home/user/.m2/repository/org/apache/zookeeper/zookeeper/3.4.13/zookeeper-3.4.13.jar:/home/user/.m2/repository/jline/jline/0.9.94/jline-0.9.94.jar:/home/user/.m2/repository/org/apache/yetus/audience-annotations/0.5.0/audience-annotations-0.5.0.jar:/home/user/.m2/repository/org/codehaus/woodstox/stax2-api/3.1.4/stax2-api-3.1.4.jar:/home/user/.m2/repository/com/fasterxml/woodstox/woodstox-core/5.0.3/woodstox-core-5.0.3.jar:/home/user/.m2/repository/dnsjava/dnsjava/2.1.7/dnsjava-2.1.7.jar:/home/user/.m2/repository/org/apache/hadoop/hadoop-hdfs/3.2.0/hadoop-hdfs-3.2.0-tests.jar:/home/user/.m2/repository/org/eclipse/jetty/jetty-util-ajax/9.3.25.v20180904/jetty-util-ajax-9.3.25.v20180904.jar:/home/user/.m2/repository/commons-daemon/commons-daemon/1.0.13/commons-daemon-1.0.13.jar:/home/user/.m2/repository/io/netty/netty/3.10.5.Final/netty-3.10.5.Final.jar:/home/user/.m2/repository/io/netty/netty-all/4.0.52.Final/netty-all-4.0.52.Final.jar:/home/user/.m2/repository/org/fusesource/leveldbjni/leveldbjni-all/1.8/leveldbjni-all-1.8.jar:"/>
    <property name="java.vm.vendor" value="IcedTea"/>
    <property name="sun.arch.data.model" value="64"/>
    <property name="test.build.dir" value="/workdir/hadoop-ozone/integration-test/target/test-dir"/>
    <property name="test.cache.data" value=""/>
    <property name="java.vendor.url" value="https://icedtea.classpath.org"/>
    <property name="user.timezone" value=""/>
    <property name="java.vm.specification.version" value="1.8"/>
    <property name="os.name" value="Linux"/>
    <property name="test.build.data" value="/workdir/hadoop-ozone/integration-test/target/test-dir"/>
    <property name="user.country" value="US"/>
    <property name="sun.java.launcher" value="SUN_STANDARD"/>
    <property name="sun.boot.library.path" value="/usr/lib/jvm/java-1.8-openjdk/jre/lib/amd64"/>
    <property name="sun.java.command" value="/workdir/hadoop-ozone/integration-test/target/surefire/surefirebooter1422116737793576257.jar /workdir/hadoop-ozone/integration-test/target/surefire 2019-10-15T07-50-57_991-jvmRun1 surefire665890431803872237tmp surefire_556701141594183816333tmp"/>
    <property name="test" value="!TestMiniChaosOzoneCluster"/>
    <property name="surefire.test.class.path" value="/workdir/hadoop-ozone/integration-test/target/test-classes:/workdir/hadoop-ozone/integration-test/target/classes:/home/user/.m2/repository/org/apache/hadoop/hadoop-ozone-common/0.5.0-SNAPSHOT/hadoop-ozone-common-0.5.0-SNAPSHOT.jar:/home/user/.m2/repository/org/apache/commons/commons-compress/1.4.1/commons-compress-1.4.1.jar:/home/user/.m2/repository/org/tukaani/xz/1.0/xz-1.0.jar:/home/user/.m2/repository/org/apache/hadoop/hadoop-common/3.2.0/hadoop-common-3.2.0.jar:/home/user/.m2/repository/org/apache/hadoop/hadoop-hdfs/3.2.0/hadoop-hdfs-3.2.0.jar:/home/user/.m2/repository/org/apache/hadoop/hadoop-hdfs-client/3.2.0/hadoop-hdfs-client-3.2.0.jar:/home/user/.m2/repository/com/fasterxml/jackson/core/jackson-annotations/2.9.9/jackson-annotations-2.9.9.jar:/home/user/.m2/repository/org/apache/hadoop/hadoop-hdds-common/0.5.0-SNAPSHOT/hadoop-hdds-common-0.5.0-SNAPSHOT.jar:/home/user/.m2/repository/javax/annotation/javax.annotation-api/1.2/javax.annotation-api-1.2.jar:/home/user/.m2/repository/org/apache/ratis/ratis-server/0.5.0-201fc85-SNAPSHOT/ratis-server-0.5.0-201fc85-SNAPSHOT.jar:/home/user/.m2/repository/org/apache/ratis/ratis-thirdparty-misc/0.2.0/ratis-thirdparty-misc-0.2.0.jar:/home/user/.m2/repository/org/apache/ratis/ratis-proto/0.5.0-201fc85-SNAPSHOT/ratis-proto-0.5.0-201fc85-SNAPSHOT.jar:/home/user/.m2/repository/org/apache/ratis/ratis-common/0.5.0-201fc85-SNAPSHOT/ratis-common-0.5.0-201fc85-SNAPSHOT.jar:/home/user/.m2/repository/org/apache/ratis/ratis-client/0.5.0-201fc85-SNAPSHOT/ratis-client-0.5.0-201fc85-SNAPSHOT.jar:/home/user/.m2/repository/org/apache/ratis/ratis-metrics/0.5.0-201fc85-SNAPSHOT/ratis-metrics-0.5.0-201fc85-SNAPSHOT.jar:/home/user/.m2/repository/com/github/joshelser/dropwizard-metrics-hadoop-metrics2-reporter/0.1.2/dropwizard-metrics-hadoop-metrics2-reporter-0.1.2.jar:/home/user/.m2/repository/io/dropwizard/metrics/metrics-jvm/3.2.5/metrics-jvm-3.2.5.jar:/home/user/.m2/repository/io/dropwizard/metrics/metrics-ganglia/3.2.5/metrics-ganglia-3.2.5.jar:/home/user/.m2/repository/info/ganglia/gmetric4j/gmetric4j/1.0.7/gmetric4j-1.0.7.jar:/home/user/.m2/repository/org/apache/ratis/ratis-netty/0.5.0-201fc85-SNAPSHOT/ratis-netty-0.5.0-201fc85-SNAPSHOT.jar:/home/user/.m2/repository/org/apache/ratis/ratis-grpc/0.5.0-201fc85-SNAPSHOT/ratis-grpc-0.5.0-201fc85-SNAPSHOT.jar:/home/user/.m2/repository/org/rocksdb/rocksdbjni/6.0.1/rocksdbjni-6.0.1.jar:/home/user/.m2/repository/org/apache/logging/log4j/log4j-api/2.11.0/log4j-api-2.11.0.jar:/home/user/.m2/repository/org/apache/logging/log4j/log4j-core/2.11.0/log4j-core-2.11.0.jar:/home/user/.m2/repository/com/lmax/disruptor/3.4.2/disruptor-3.4.2.jar:/home/user/.m2/repository/org/apache/commons/commons-pool2/2.6.0/commons-pool2-2.6.0.jar:/home/user/.m2/repository/org/bouncycastle/bcpkix-jdk15on/1.60/bcpkix-jdk15on-1.60.jar:/home/user/.m2/repository/commons-validator/commons-validator/1.6/commons-validator-1.6.jar:/home/user/.m2/repository/commons-digester/commons-digester/1.8.1/commons-digester-1.8.1.jar:/home/user/.m2/repository/io/jaegertracing/jaeger-client/0.34.0/jaeger-client-0.34.0.jar:/home/user/.m2/repository/io/jaegertracing/jaeger-thrift/0.34.0/jaeger-thrift-0.34.0.jar:/home/user/.m2/repository/org/apache/thrift/libthrift/0.12.0/libthrift-0.12.0.jar:/home/user/.m2/repository/com/squareup/okhttp3/okhttp/3.9.0/okhttp-3.9.0.jar:/home/user/.m2/repository/com/squareup/okio/okio/1.13.0/okio-1.13.0.jar:/home/user/.m2/repository/io/jaegertracing/jaeger-core/0.34.0/jaeger-core-0.34.0.jar:/home/user/.m2/repository/io/jaegertracing/jaeger-tracerresolver/0.34.0/jaeger-tracerresolver-0.34.0.jar:/home/user/.m2/repository/io/opentracing/contrib/opentracing-tracerresolver/0.1.5/opentracing-tracerresolver-0.1.5.jar:/home/user/.m2/repository/io/opentracing/opentracing-util/0.31.0/opentracing-util-0.31.0.jar:/home/user/.m2/repository/io/opentracing/opentracing-api/0.31.0/opentracing-api-0.31.0.jar:/home/user/.m2/repository/io/opentracing/opentracing-noop/0.31.0/opentracing-noop-0.31.0.jar:/home/user/.m2/repository/org/apache/hadoop/hadoop-hdds-server-framework/0.5.0-SNAPSHOT/hadoop-hdds-server-framework-0.5.0-SNAPSHOT.jar:/home/user/.m2/repository/org/apache/hadoop/hadoop-hdds-container-service/0.5.0-SNAPSHOT/hadoop-hdds-container-service-0.5.0-SNAPSHOT.jar:/home/user/.m2/repository/org/apache/hadoop/hadoop-hdds-client/0.5.0-SNAPSHOT/hadoop-hdds-client-0.5.0-SNAPSHOT.jar:/home/user/.m2/repository/org/apache/hadoop/hadoop-hdds-tools/0.5.0-SNAPSHOT/hadoop-hdds-tools-0.5.0-SNAPSHOT.jar:/home/user/.m2/repository/org/apache/hadoop/hadoop-hdds-server-scm/0.5.0-SNAPSHOT/hadoop-hdds-server-scm-0.5.0-SNAPSHOT.jar:/home/user/.m2/repository/org/apache/hadoop/hadoop-hdds-docs/0.5.0-SNAPSHOT/hadoop-hdds-docs-0.5.0-SNAPSHOT.jar:/home/user/.m2/repository/io/dropwizard/metrics/metrics-core/3.2.4/metrics-core-3.2.4.jar:/home/user/.m2/repository/org/hamcrest/hamcrest-all/1.3/hamcrest-all-1.3.jar:/home/user/.m2/repository/org/bouncycastle/bcprov-jdk15on/1.60/bcprov-jdk15on-1.60.jar:/home/user/.m2/repository/info/picocli/picocli/3.9.6/picocli-3.9.6.jar:/home/user/.m2/repository/com/google/protobuf/protobuf-java/2.5.0/protobuf-java-2.5.0.jar:/home/user/.m2/repository/com/google/guava/guava/11.0.2/guava-11.0.2.jar:/home/user/.m2/repository/org/apache/hadoop/hadoop-ozone-ozone-manager/0.5.0-SNAPSHOT/hadoop-ozone-ozone-manager-0.5.0-SNAPSHOT.jar:/home/user/.m2/repository/org/apache/hadoop/hadoop-minikdc/3.2.0/hadoop-minikdc-3.2.0.jar:/home/user/.m2/repository/commons-io/commons-io/2.5/commons-io-2.5.jar:/home/user/.m2/repository/org/apache/kerby/kerb-simplekdc/1.0.1/kerb-simplekdc-1.0.1.jar:/home/user/.m2/repository/org/apache/kerby/kerb-client/1.0.1/kerb-client-1.0.1.jar:/home/user/.m2/repository/org/apache/kerby/kerby-config/1.0.1/kerby-config-1.0.1.jar:/home/user/.m2/repository/org/apache/kerby/kerb-core/1.0.1/kerb-core-1.0.1.jar:/home/user/.m2/repository/org/apache/kerby/kerby-pkix/1.0.1/kerby-pkix-1.0.1.jar:/home/user/.m2/repository/org/apache/kerby/kerby-asn1/1.0.1/kerby-asn1-1.0.1.jar:/home/user/.m2/repository/org/apache/kerby/kerby-util/1.0.1/kerby-util-1.0.1.jar:/home/user/.m2/repository/org/apache/kerby/kerb-common/1.0.1/kerb-common-1.0.1.jar:/home/user/.m2/repository/org/apache/kerby/kerb-crypto/1.0.1/kerb-crypto-1.0.1.jar:/home/user/.m2/repository/org/apache/kerby/kerb-util/1.0.1/kerb-util-1.0.1.jar:/home/user/.m2/repository/org/apache/kerby/token-provider/1.0.1/token-provider-1.0.1.jar:/home/user/.m2/repository/org/apache/kerby/kerb-admin/1.0.1/kerb-admin-1.0.1.jar:/home/user/.m2/repository/org/apache/kerby/kerb-server/1.0.1/kerb-server-1.0.1.jar:/home/user/.m2/repository/org/apache/kerby/kerb-identity/1.0.1/kerb-identity-1.0.1.jar:/home/user/.m2/repository/org/apache/kerby/kerby-xdr/1.0.1/kerby-xdr-1.0.1.jar:/home/user/.m2/repository/org/slf4j/slf4j-log4j12/1.7.25/slf4j-log4j12-1.7.25.jar:/home/user/.m2/repository/org/apache/hadoop/hadoop-ozone-s3gateway/0.5.0-SNAPSHOT/hadoop-ozone-s3gateway-0.5.0-SNAPSHOT.jar:/home/user/.m2/repository/org/jboss/weld/servlet/weld-servlet/2.4.7.Final/weld-servlet-2.4.7.Final.jar:/home/user/.m2/repository/org/glassfish/jersey/containers/jersey-container-servlet-core/2.27/jersey-container-servlet-core-2.27.jar:/home/user/.m2/repository/org/glassfish/hk2/external/javax.inject/2.5.0-b42/javax.inject-2.5.0-b42.jar:/home/user/.m2/repository/org/glassfish/jersey/core/jersey-common/2.27/jersey-common-2.27.jar:/home/user/.m2/repository/org/glassfish/hk2/osgi-resource-locator/1.0.1/osgi-resource-locator-1.0.1.jar:/home/user/.m2/repository/javax/ws/rs/javax.ws.rs-api/2.1/javax.ws.rs-api-2.1.jar:/home/user/.m2/repository/org/glassfish/jersey/ext/cdi/jersey-cdi1x/2.27/jersey-cdi1x-2.27.jar:/home/user/.m2/repository/org/glassfish/jersey/inject/jersey-hk2/2.27/jersey-hk2-2.27.jar:/home/user/.m2/repository/org/glassfish/hk2/hk2-locator/2.5.0-b42/hk2-locator-2.5.0-b42.jar:/home/user/.m2/repository/org/javassist/javassist/3.22.0-CR2/javassist-3.22.0-CR2.jar:/home/user/.m2/repository/org/glassfish/hk2/hk2-api/2.5.0/hk2-api-2.5.0.jar:/home/user/.m2/repository/org/glassfish/hk2/external/jakarta.inject/2.5.0/jakarta.inject-2.5.0.jar:/home/user/.m2/repository/org/glassfish/hk2/hk2-utils/2.5.0/hk2-utils-2.5.0.jar:/home/user/.m2/repository/jakarta/annotation/jakarta.annotation-api/1.3.4/jakarta.annotation-api-1.3.4.jar:/home/user/.m2/repository/org/glassfish/hk2/external/aopalliance-repackaged/2.5.0/aopalliance-repackaged-2.5.0.jar:/home/user/.m2/repository/com/fasterxml/jackson/dataformat/jackson-dataformat-xml/2.9.0/jackson-dataformat-xml-2.9.0.jar:/home/user/.m2/repository/com/fasterxml/jackson/core/jackson-core/2.9.9/jackson-core-2.9.9.jar:/home/user/.m2/repository/com/fasterxml/jackson/module/jackson-module-jaxb-annotations/2.9.9/jackson-module-jaxb-annotations-2.9.9.jar:/home/user/.m2/repository/javax/enterprise/cdi-api/1.2/cdi-api-1.2.jar:/home/user/.m2/repository/javax/el/javax.el-api/3.0.0/javax.el-api-3.0.0.jar:/home/user/.m2/repository/javax/interceptor/javax.interceptor-api/1.2/javax.interceptor-api-1.2.jar:/home/user/.m2/repository/javax/inject/javax.inject/1/javax.inject-1.jar:/home/user/.m2/repository/com/sun/xml/bind/jaxb-impl/2.3.0.1/jaxb-impl-2.3.0.1.jar:/home/user/.m2/repository/com/sun/xml/bind/jaxb-core/2.3.0.1/jaxb-core-2.3.0.1.jar:/home/user/.m2/repository/javax/xml/bind/jaxb-api/2.3.0/jaxb-api-2.3.0.jar:/home/user/.m2/repository/javax/activation/activation/1.1.1/activation-1.1.1.jar:/home/user/.m2/repository/org/apache/hadoop/hadoop-ozone-csi/0.5.0-SNAPSHOT/hadoop-ozone-csi-0.5.0-SNAPSHOT.jar:/home/user/.m2/repository/com/google/protobuf/protobuf-java-util/3.5.1/protobuf-java-util-3.5.1.jar:/home/user/.m2/repository/org/apache/hadoop/hadoop-hdds-config/0.5.0-SNAPSHOT/hadoop-hdds-config-0.5.0-SNAPSHOT.jar:/home/user/.m2/repository/io/grpc/grpc-netty/1.17.1/grpc-netty-1.17.1.jar:/home/user/.m2/repository/io/grpc/grpc-core/1.17.1/grpc-core-1.17.1.jar:/home/user/.m2/repository/io/grpc/grpc-context/1.17.1/grpc-context-1.17.1.jar:/home/user/.m2/repository/com/google/errorprone/error_prone_annotations/2.2.0/error_prone_annotations-2.2.0.jar:/home/user/.m2/repository/org/codehaus/mojo/animal-sniffer-annotations/1.17/animal-sniffer-annotations-1.17.jar:/home/user/.m2/repository/io/opencensus/opencensus-api/0.17.0/opencensus-api-0.17.0.jar:/home/user/.m2/repository/io/opencensus/opencensus-contrib-grpc-metrics/0.17.0/opencensus-contrib-grpc-metrics-0.17.0.jar:/home/user/.m2/repository/io/netty/netty-codec-http2/4.1.30.Final/netty-codec-http2-4.1.30.Final.jar:/home/user/.m2/repository/io/netty/netty-codec-http/4.1.30.Final/netty-codec-http-4.1.30.Final.jar:/home/user/.m2/repository/io/netty/netty-codec/4.1.30.Final/netty-codec-4.1.30.Final.jar:/home/user/.m2/repository/io/netty/netty-handler/4.1.30.Final/netty-handler-4.1.30.Final.jar:/home/user/.m2/repository/io/netty/netty-handler-proxy/4.1.30.Final/netty-handler-proxy-4.1.30.Final.jar:/home/user/.m2/repository/io/netty/netty-codec-socks/4.1.30.Final/netty-codec-socks-4.1.30.Final.jar:/home/user/.m2/repository/io/netty/netty-transport-native-epoll/4.1.30.Final/netty-transport-native-epoll-4.1.30.Final.jar:/home/user/.m2/repository/io/netty/netty-common/4.1.30.Final/netty-common-4.1.30.Final.jar:/home/user/.m2/repository/io/netty/netty-buffer/4.1.30.Final/netty-buffer-4.1.30.Final.jar:/home/user/.m2/repository/io/netty/netty-transport/4.1.30.Final/netty-transport-4.1.30.Final.jar:/home/user/.m2/repository/io/netty/netty-resolver/4.1.30.Final/netty-resolver-4.1.30.Final.jar:/home/user/.m2/repository/io/netty/netty-transport-native-unix-common/4.1.30.Final/netty-transport-native-unix-common-4.1.30.Final.jar:/home/user/.m2/repository/io/grpc/grpc-protobuf/1.17.1/grpc-protobuf-1.17.1.jar:/home/user/.m2/repository/com/google/api/grpc/proto-google-common-protos/1.0.0/proto-google-common-protos-1.0.0.jar:/home/user/.m2/repository/io/grpc/grpc-protobuf-lite/1.17.1/grpc-protobuf-lite-1.17.1.jar:/home/user/.m2/repository/io/grpc/grpc-stub/1.17.1/grpc-stub-1.17.1.jar:/home/user/.m2/repository/org/apache/hadoop/hadoop-ozone-recon/0.5.0-SNAPSHOT/hadoop-ozone-recon-0.5.0-SNAPSHOT.jar:/home/user/.m2/repository/org/apache/hadoop/hadoop-ozone-reconcodegen/0.5.0-SNAPSHOT/hadoop-ozone-reconcodegen-0.5.0-SNAPSHOT.jar:/home/user/.m2/repository/com/google/inject/extensions/guice-multibindings/4.0/guice-multibindings-4.0.jar:/home/user/.m2/repository/com/google/inject/guice/4.0/guice-4.0.jar:/home/user/.m2/repository/aopalliance/aopalliance/1.0/aopalliance-1.0.jar:/home/user/.m2/repository/com/google/inject/extensions/guice-servlet/4.0/guice-servlet-4.0.jar:/home/user/.m2/repository/org/glassfish/jersey/containers/jersey-container-servlet/2.27/jersey-container-servlet-2.27.jar:/home/user/.m2/repository/org/glassfish/hk2/guice-bridge/2.5.0/guice-bridge-2.5.0.jar:/home/user/.m2/repository/org/glassfish/jersey/core/jersey-server/2.27/jersey-server-2.27.jar:/home/user/.m2/repository/org/glassfish/jersey/core/jersey-client/2.27/jersey-client-2.27.jar:/home/user/.m2/repository/org/glassfish/jersey/media/jersey-media-jaxb/2.27/jersey-media-jaxb-2.27.jar:/home/user/.m2/repository/javax/validation/validation-api/1.1.0.Final/validation-api-1.1.0.Final.jar:/home/user/.m2/repository/org/glassfish/jersey/media/jersey-media-json-jackson/2.27/jersey-media-json-jackson-2.27.jar:/home/user/.m2/repository/org/glassfish/jersey/ext/jersey-entity-filtering/2.27/jersey-entity-filtering-2.27.jar:/home/user/.m2/repository/com/google/inject/extensions/guice-assistedinject/4.0/guice-assistedinject-4.0.jar:/home/user/.m2/repository/org/jooq/jooq/3.11.10/jooq-3.11.10.jar:/home/user/.m2/repository/org/jooq/jooq-meta/3.11.10/jooq-meta-3.11.10.jar:/home/user/.m2/repository/org/jooq/jooq-codegen/3.11.10/jooq-codegen-3.11.10.jar:/home/user/.m2/repository/com/jolbox/bonecp/0.8.0.RELEASE/bonecp-0.8.0.RELEASE.jar:/home/user/.m2/repository/org/xerial/sqlite-jdbc/3.25.2/sqlite-jdbc-3.25.2.jar:/home/user/.m2/repository/org/springframework/spring-jdbc/5.1.3.RELEASE/spring-jdbc-5.1.3.RELEASE.jar:/home/user/.m2/repository/org/springframework/spring-beans/5.1.3.RELEASE/spring-beans-5.1.3.RELEASE.jar:/home/user/.m2/repository/org/springframework/spring-core/5.1.3.RELEASE/spring-core-5.1.3.RELEASE.jar:/home/user/.m2/repository/org/springframework/spring-jcl/5.1.3.RELEASE/spring-jcl-5.1.3.RELEASE.jar:/home/user/.m2/repository/org/springframework/spring-tx/5.1.3.RELEASE/spring-tx-5.1.3.RELEASE.jar:/home/user/.m2/repository/org/apache/hadoop/hadoop-ozone-client/0.5.0-SNAPSHOT/hadoop-ozone-client-0.5.0-SNAPSHOT.jar:/home/user/.m2/repository/commons-lang/commons-lang/2.6/commons-lang-2.6.jar:/home/user/.m2/repository/org/apache/hadoop/hadoop-ozone-ozone-manager/0.5.0-SNAPSHOT/hadoop-ozone-ozone-manager-0.5.0-SNAPSHOT-tests.jar:/home/user/.m2/repository/junit/junit/4.11/junit-4.11.jar:/home/user/.m2/repository/org/hamcrest/hamcrest-core/1.3/hamcrest-core-1.3.jar:/home/user/.m2/repository/org/openjdk/jmh/jmh-core/1.19/jmh-core-1.19.jar:/home/user/.m2/repository/net/sf/jopt-simple/jopt-simple/4.6/jopt-simple-4.6.jar:/home/user/.m2/repository/org/apache/commons/commons-math3/3.1.1/commons-math3-3.1.1.jar:/home/user/.m2/repository/org/openjdk/jmh/jmh-generator-annprocess/1.19/jmh-generator-annprocess-1.19.jar:/home/user/.m2/repository/org/mockito/mockito-all/1.8.5/mockito-all-1.8.5.jar:/home/user/.m2/repository/org/apache/hadoop/hadoop-kms/3.2.0/hadoop-kms-3.2.0.jar:/home/user/.m2/repository/org/apache/hadoop/hadoop-auth/3.2.0/hadoop-auth-3.2.0.jar:/home/user/.m2/repository/com/nimbusds/nimbus-jose-jwt/4.41.1/nimbus-jose-jwt-4.41.1.jar:/home/user/.m2/repository/com/github/stephenc/jcip/jcip-annotations/1.0-1/jcip-annotations-1.0-1.jar:/home/user/.m2/repository/net/minidev/json-smart/2.3/json-smart-2.3.jar:/home/user/.m2/repository/net/minidev/accessors-smart/1.2/accessors-smart-1.2.jar:/home/user/.m2/repository/org/ow2/asm/asm/5.0.4/asm-5.0.4.jar:/home/user/.m2/repository/org/apache/curator/curator-framework/2.12.0/curator-framework-2.12.0.jar:/home/user/.m2/repository/com/sun/jersey/jersey-core/1.19/jersey-core-1.19.jar:/home/user/.m2/repository/javax/ws/rs/jsr311-api/1.1.1/jsr311-api-1.1.1.jar:/home/user/.m2/repository/com/sun/jersey/jersey-server/1.19/jersey-server-1.19.jar:/home/user/.m2/repository/javax/servlet/javax.servlet-api/3.1.0/javax.servlet-api-3.1.0.jar:/home/user/.m2/repository/org/eclipse/jetty/jetty-server/9.3.25.v20180904/jetty-server-9.3.25.v20180904.jar:/home/user/.m2/repository/org/eclipse/jetty/jetty-http/9.3.25.v20180904/jetty-http-9.3.25.v20180904.jar:/home/user/.m2/repository/org/eclipse/jetty/jetty-io/9.3.25.v20180904/jetty-io-9.3.25.v20180904.jar:/home/user/.m2/repository/org/eclipse/jetty/jetty-webapp/9.3.25.v20180904/jetty-webapp-9.3.25.v20180904.jar:/home/user/.m2/repository/org/eclipse/jetty/jetty-xml/9.3.25.v20180904/jetty-xml-9.3.25.v20180904.jar:/home/user/.m2/repository/log4j/log4j/1.2.17/log4j-1.2.17.jar:/home/user/.m2/repository/org/slf4j/slf4j-api/1.7.25/slf4j-api-1.7.25.jar:/home/user/.m2/repository/org/slf4j/jul-to-slf4j/1.7.25/jul-to-slf4j-1.7.25.jar:/home/user/.m2/repository/org/eclipse/jetty/jetty-util/9.3.25.v20180904/jetty-util-9.3.25.v20180904.jar:/home/user/.m2/repository/com/fasterxml/jackson/core/jackson-databind/2.9.9/jackson-databind-2.9.9.jar:/home/user/.m2/repository/org/apache/hadoop/hadoop-kms/3.2.0/hadoop-kms-3.2.0-tests.jar:/home/user/.m2/repository/org/apache/hadoop/hadoop-hdds-server-scm/0.5.0-SNAPSHOT/hadoop-hdds-server-scm-0.5.0-SNAPSHOT-tests.jar:/home/user/.m2/repository/org/apache/hadoop/hadoop-hdds-container-service/0.5.0-SNAPSHOT/hadoop-hdds-container-service-0.5.0-SNAPSHOT-tests.jar:/home/user/.m2/repository/org/yaml/snakeyaml/1.16/snakeyaml-1.16.jar:/home/user/.m2/repository/org/apache/hadoop/hadoop-common/3.2.0/hadoop-common-3.2.0-tests.jar:/home/user/.m2/repository/org/apache/hadoop/hadoop-annotations/3.2.0/hadoop-annotations-3.2.0.jar:/usr/lib/jvm/java-1.8-openjdk/jre/../lib/tools.jar:/home/user/.m2/repository/commons-cli/commons-cli/1.2/commons-cli-1.2.jar:/home/user/.m2/repository/org/apache/httpcomponents/httpclient/4.5.2/httpclient-4.5.2.jar:/home/user/.m2/repository/org/apache/httpcomponents/httpcore/4.4.4/httpcore-4.4.4.jar:/home/user/.m2/repository/commons-codec/commons-codec/1.11/commons-codec-1.11.jar:/home/user/.m2/repository/commons-net/commons-net/3.6/commons-net-3.6.jar:/home/user/.m2/repository/commons-collections/commons-collections/3.2.2/commons-collections-3.2.2.jar:/home/user/.m2/repository/org/eclipse/jetty/jetty-servlet/9.3.25.v20180904/jetty-servlet-9.3.25.v20180904.jar:/home/user/.m2/repository/org/eclipse/jetty/jetty-security/9.3.25.v20180904/jetty-security-9.3.25.v20180904.jar:/home/user/.m2/repository/javax/servlet/jsp/jsp-api/2.1/jsp-api-2.1.jar:/home/user/.m2/repository/com/sun/jersey/jersey-servlet/1.19/jersey-servlet-1.19.jar:/home/user/.m2/repository/com/sun/jersey/jersey-json/1.19/jersey-json-1.19.jar:/home/user/.m2/repository/org/codehaus/jettison/jettison/1.1/jettison-1.1.jar:/home/user/.m2/repository/org/codehaus/jackson/jackson-core-asl/1.9.13/jackson-core-asl-1.9.13.jar:/home/user/.m2/repository/org/codehaus/jackson/jackson-mapper-asl/1.9.13/jackson-mapper-asl-1.9.13.jar:/home/user/.m2/repository/org/codehaus/jackson/jackson-jaxrs/1.9.13/jackson-jaxrs-1.9.13.jar:/home/user/.m2/repository/org/codehaus/jackson/jackson-xc/1.9.13/jackson-xc-1.9.13.jar:/home/user/.m2/repository/commons-logging/commons-logging/1.1.3/commons-logging-1.1.3.jar:/home/user/.m2/repository/commons-beanutils/commons-beanutils/1.9.4/commons-beanutils-1.9.4.jar:/home/user/.m2/repository/org/apache/commons/commons-configuration2/2.1.1/commons-configuration2-2.1.1.jar:/home/user/.m2/repository/org/apache/commons/commons-lang3/3.7/commons-lang3-3.7.jar:/home/user/.m2/repository/org/apache/commons/commons-text/1.4/commons-text-1.4.jar:/home/user/.m2/repository/org/apache/avro/avro/1.7.7/avro-1.7.7.jar:/home/user/.m2/repository/com/thoughtworks/paranamer/paranamer/2.3/paranamer-2.3.jar:/home/user/.m2/repository/org/xerial/snappy/snappy-java/1.0.5/snappy-java-1.0.5.jar:/home/user/.m2/repository/com/google/re2j/re2j/1.1/re2j-1.1.jar:/home/user/.m2/repository/com/google/code/gson/gson/2.2.4/gson-2.2.4.jar:/home/user/.m2/repository/com/jcraft/jsch/0.1.54/jsch-0.1.54.jar:/home/user/.m2/repository/org/apache/curator/curator-client/2.12.0/curator-client-2.12.0.jar:/home/user/.m2/repository/org/apache/curator/curator-recipes/2.12.0/curator-recipes-2.12.0.jar:/home/user/.m2/repository/com/google/code/findbugs/jsr305/3.0.0/jsr305-3.0.0.jar:/home/user/.m2/repository/org/apache/htrace/htrace-core4/4.1.0-incubating/htrace-core4-4.1.0-incubating.jar:/home/user/.m2/repository/org/apache/zookeeper/zookeeper/3.4.13/zookeeper-3.4.13.jar:/home/user/.m2/repository/jline/jline/0.9.94/jline-0.9.94.jar:/home/user/.m2/repository/org/apache/yetus/audience-annotations/0.5.0/audience-annotations-0.5.0.jar:/home/user/.m2/repository/org/codehaus/woodstox/stax2-api/3.1.4/stax2-api-3.1.4.jar:/home/user/.m2/repository/com/fasterxml/woodstox/woodstox-core/5.0.3/woodstox-core-5.0.3.jar:/home/user/.m2/repository/dnsjava/dnsjava/2.1.7/dnsjava-2.1.7.jar:/home/user/.m2/repository/org/apache/hadoop/hadoop-hdfs/3.2.0/hadoop-hdfs-3.2.0-tests.jar:/home/user/.m2/repository/org/eclipse/jetty/jetty-util-ajax/9.3.25.v20180904/jetty-util-ajax-9.3.25.v20180904.jar:/home/user/.m2/repository/commons-daemon/commons-daemon/1.0.13/commons-daemon-1.0.13.jar:/home/user/.m2/repository/io/netty/netty/3.10.5.Final/netty-3.10.5.Final.jar:/home/user/.m2/repository/io/netty/netty-all/4.0.52.Final/netty-all-4.0.52.Final.jar:/home/user/.m2/repository/org/fusesource/leveldbjni/leveldbjni-all/1.8/leveldbjni-all-1.8.jar:"/>
    <property name="sun.cpu.endian" value="little"/>
    <property name="user.home" value="/home/user"/>
    <property name="user.language" value="en"/>
    <property name="java.specification.vendor" value="Oracle Corporation"/>
    <property name="java.home" value="/usr/lib/jvm/java-1.8-openjdk/jre"/>
    <property name="surefire.excludesFile" value="/tools/ozone-bad-unit-tests"/>
    <property name="java.security.krb5.conf" value="/workdir/hadoop-ozone/integration-test/target/test-classes/krb5.conf"/>
    <property name="basedir" value="/workdir/hadoop-ozone/integration-test"/>
    <property name="file.separator" value="/"/>
    <property name="line.separator" value="&#10;"/>
    <property name="java.vm.specification.vendor" value="Oracle Corporation"/>
    <property name="java.specification.name" value="Java Platform API Specification"/>
    <property name="java.awt.graphicsenv" value="sun.awt.X11GraphicsEnvironment"/>
    <property name="surefire.real.class.path" value="/workdir/hadoop-ozone/integration-test/target/surefire/surefirebooter1422116737793576257.jar"/>
    <property name="hadoop.log.dir" value="/workdir/hadoop-ozone/integration-test/target/log"/>
    <property name="sun.boot.class.path" value="/usr/lib/jvm/java-1.8-openjdk/jre/lib/resources.jar:/usr/lib/jvm/java-1.8-openjdk/jre/lib/rt.jar:/usr/lib/jvm/java-1.8-openjdk/jre/lib/sunrsasign.jar:/usr/lib/jvm/java-1.8-openjdk/jre/lib/jsse.jar:/usr/lib/jvm/java-1.8-openjdk/jre/lib/jce.jar:/usr/lib/jvm/java-1.8-openjdk/jre/lib/charsets.jar:/usr/lib/jvm/java-1.8-openjdk/jre/lib/jfr.jar:/usr/lib/jvm/java-1.8-openjdk/jre/classes"/>
    <property name="sun.management.compiler" value="HotSpot 64-Bit Tiered Compilers"/>
    <property name="java.runtime.version" value="1.8.0_212-b04"/>
    <property name="java.net.preferIPv4Stack" value="true"/>
    <property name="user.name" value="jenkins1000"/>
    <property name="path.separator" value=":"/>
    <property name="java.security.egd" value="file:///dev/urandom"/>
    <property name="os.version" value="3.10.0-957.12.2.el7.x86_64"/>
    <property name="java.endorsed.dirs" value="/usr/lib/jvm/java-1.8-openjdk/jre/lib/endorsed"/>
    <property name="java.runtime.name" value="OpenJDK Runtime Environment"/>
    <property name="file.encoding" value="UTF-8"/>
    <property name="java.vm.name" value="OpenJDK 64-Bit Server VM"/>
    <property name="test.build.webapps" value=""/>
    <property name="localRepository" value="/home/user/.m2/repository"/>
    <property name="java.vendor.url.bug" value="https://icedtea.classpath.org/bugzilla"/>
    <property name="java.io.tmpdir" value="/tmp"/>
    <property name="require.test.libhadoop" value=""/>
    <property name="java.version" value="1.8.0_212"/>
    <property name="user.dir" value="/workdir/hadoop-ozone/integration-test"/>
    <property name="os.arch" value="amd64"/>
    <property name="java.vm.specification.name" value="Java Virtual Machine Specification"/>
    <property name="test.build.classes" value="/workdir/hadoop-ozone/integration-test/target/test-classes"/>
    <property name="java.awt.printerjob" value="sun.print.PSPrinterJob"/>
    <property name="sun.os.patch.level" value="unknown"/>
    <property name="hadoop.tmp.dir" value="/workdir/hadoop-ozone/integration-test/target/tmp"/>
    <property name="java.library.path" value="/usr/lib/jvm/java-1.8-openjdk/jre/lib/amd64/server:/usr/lib/jvm/java-1.8-openjdk/jre/lib/amd64:/usr/lib/jvm/java-1.8-openjdk/jre/../lib/amd64:/workdir/hadoop-ozone/integration-test/target/native/target/usr/local/lib:/workdir/hadoop-ozone/integration-test/../../hadoop-common-project/hadoop-common/target/native/target/usr/local/lib:/usr/java/packages/lib/amd64:/usr/lib64:/lib64:/lib:/usr/lib"/>
    <property name="java.vm.info" value="mixed mode"/>
    <property name="java.vendor" value="IcedTea"/>
    <property name="java.vm.version" value="25.212-b04"/>
    <property name="java.ext.dirs" value="/usr/lib/jvm/java-1.8-openjdk/jre/lib/ext:/usr/java/packages/lib/ext"/>
    <property name="sun.io.unicode.encoding" value="UnicodeLittle"/>
    <property name="java.class.version" value="52.0"/>
  </properties>
  <testcase name="testWatchForCommitWithKeyWrite" classname="org.apache.hadoop.ozone.client.rpc.TestWatchForCommit" time="77.009"/>
  <testcase name="testWatchForCommitWithSmallerTimeoutValue" classname="org.apache.hadoop.ozone.client.rpc.TestWatchForCommit" time="44.577"/>
  <testcase name="testWatchForCommitForRetryfailure" classname="org.apache.hadoop.ozone.client.rpc.TestWatchForCommit" time="70.781"/>
  <testcase name="testWatchForCommitForGroupMismatchException" classname="org.apache.hadoop.ozone.client.rpc.TestWatchForCommit" time="34.698"/>
  <testcase name="test2WayCommitForTimeoutException" classname="org.apache.hadoop.ozone.client.rpc.TestWatchForCommit" time="28.626">
    <error message="org.apache.ratis.protocol.RaftRetryFailureException: Failed RaftClientRequest:client-217C8CB19E3D-&gt;4c00b829-f7eb-437b-9af3-99601f151fac@group-439AAE1CF691, cid=191, seq=2*, RW, cmdType: CloseContainer&#10;traceID: &quot;b1a82feba6bb239c:b1a82feba6bb239c:0:0&quot;&#10;containerID: 1&#10;datanodeUuid: &quot;77143d31-7a05-49d3-8166-c63e8419bc63&quot;&#10;closeContainer {&#10;}&#10;, data.size=0 for 20 attempts with RetryLimited(maxAttempts=20, sleepTime=1000ms)" type="java.util.concurrent.ExecutionException">java.util.concurrent.ExecutionException: 
org.apache.ratis.protocol.RaftRetryFailureException: Failed RaftClientRequest:client-217C8CB19E3D->4c00b829-f7eb-437b-9af3-99601f151fac@group-439AAE1CF691, cid=191, seq=2*, RW, cmdType: CloseContainer
traceID: "b1a82feba6bb239c:b1a82feba6bb239c:0:0"
containerID: 1
datanodeUuid: "77143d31-7a05-49d3-8166-c63e8419bc63"
closeContainer {
}
, data.size=0 for 20 attempts with RetryLimited(maxAttempts=20, sleepTime=1000ms)
	at java.util.concurrent.CompletableFuture.reportGet(CompletableFuture.java:357)
	at java.util.concurrent.CompletableFuture.get(CompletableFuture.java:1895)
	at org.apache.hadoop.ozone.client.rpc.TestWatchForCommit.test2WayCommitForTimeoutException(TestWatchForCommit.java:391)
	at sun.reflect.NativeMethodAccessorImpl.invoke0(Native Method)
	at sun.reflect.NativeMethodAccessorImpl.invoke(NativeMethodAccessorImpl.java:62)
	at sun.reflect.DelegatingMethodAccessorImpl.invoke(DelegatingMethodAccessorImpl.java:43)
	at java.lang.reflect.Method.invoke(Method.java:498)
	at org.junit.runners.model.FrameworkMethod$1.runReflectiveCall(FrameworkMethod.java:47)
	at org.junit.internal.runners.model.ReflectiveCallable.run(ReflectiveCallable.java:12)
	at org.junit.runners.model.FrameworkMethod.invokeExplosively(FrameworkMethod.java:44)
	at org.junit.internal.runners.statements.InvokeMethod.evaluate(InvokeMethod.java:17)
	at org.junit.runners.ParentRunner.runLeaf(ParentRunner.java:271)
	at org.junit.runners.BlockJUnit4ClassRunner.runChild(BlockJUnit4ClassRunner.java:70)
	at org.junit.runners.BlockJUnit4ClassRunner.runChild(BlockJUnit4ClassRunner.java:50)
	at org.junit.runners.ParentRunner$3.run(ParentRunner.java:238)
	at org.junit.runners.ParentRunner$1.schedule(ParentRunner.java:63)
	at org.junit.runners.ParentRunner.runChildren(ParentRunner.java:236)
	at org.junit.runners.ParentRunner.access$000(ParentRunner.java:53)
	at org.junit.runners.ParentRunner$2.evaluate(ParentRunner.java:229)
	at org.junit.runners.ParentRunner.run(ParentRunner.java:309)
	at org.apache.maven.surefire.junit4.JUnit4Provider.execute(JUnit4Provider.java:365)
	at org.apache.maven.surefire.junit4.JUnit4Provider.executeWithRerun(JUnit4Provider.java:273)
	at org.apache.maven.surefire.junit4.JUnit4Provider.executeTestSet(JUnit4Provider.java:238)
	at org.apache.maven.surefire.junit4.JUnit4Provider.invoke(JUnit4Provider.java:159)
	at org.apache.maven.surefire.booter.ForkedBooter.invokeProviderInSameClassLoader(ForkedBooter.java:384)
	at org.apache.maven.surefire.booter.ForkedBooter.runSuitesInProcess(ForkedBooter.java:345)
	at org.apache.maven.surefire.booter.ForkedBooter.execute(ForkedBooter.java:126)
	at org.apache.maven.surefire.booter.ForkedBooter.main(ForkedBooter.java:418)
Caused by: org.apache.ratis.protocol.RaftRetryFailureException: Failed RaftClientRequest:client-217C8CB19E3D->4c00b829-f7eb-437b-9af3-99601f151fac@group-439AAE1CF691, cid=191, seq=2*, RW, cmdType: CloseContainer
traceID: "b1a82feba6bb239c:b1a82feba6bb239c:0:0"
containerID: 1
datanodeUuid: "77143d31-7a05-49d3-8166-c63e8419bc63"
closeContainer {
}
, data.size=0 for 20 attempts with RetryLimited(maxAttempts=20, sleepTime=1000ms)
	at org.apache.ratis.client.impl.RaftClientImpl.noMoreRetries(RaftClientImpl.java:271)
	at org.apache.ratis.client.impl.OrderedAsync.handleAsyncRetryFailure(OrderedAsync.java:138)
	at org.apache.ratis.client.impl.OrderedAsync.lambda$sendRequest$10(OrderedAsync.java:230)
	at java.util.concurrent.CompletableFuture.uniExceptionally(CompletableFuture.java:870)
	at java.util.concurrent.CompletableFuture.uniExceptionallyStage(CompletableFuture.java:884)
	at java.util.concurrent.CompletableFuture.exceptionally(CompletableFuture.java:2196)
	at org.apache.ratis.client.impl.OrderedAsync.sendRequest(OrderedAsync.java:221)
	at org.apache.ratis.client.impl.OrderedAsync.sendRequestWithRetry(OrderedAsync.java:169)
	at org.apache.ratis.util.SlidingWindow$Client.sendOrDelayRequest(SlidingWindow.java:278)
	at org.apache.ratis.util.SlidingWindow$Client.retry(SlidingWindow.java:294)
	at org.apache.ratis.client.impl.OrderedAsync.lambda$scheduleWithTimeout$7(OrderedAsync.java:195)
	at org.apache.ratis.util.TimeoutScheduler.lambda$onTimeout$0(TimeoutScheduler.java:113)
	at org.apache.ratis.util.TimeoutScheduler.lambda$onTimeout$1(TimeoutScheduler.java:133)
	at org.apache.ratis.util.LogUtils.runAndLog(LogUtils.java:50)
	at org.apache.ratis.util.LogUtils$1.run(LogUtils.java:91)
	at java.util.concurrent.Executors$RunnableAdapter.call(Executors.java:511)
	at java.util.concurrent.FutureTask.run(FutureTask.java:266)
	at java.util.concurrent.ScheduledThreadPoolExecutor$ScheduledFutureTask.access$201(ScheduledThreadPoolExecutor.java:180)
	at java.util.concurrent.ScheduledThreadPoolExecutor$ScheduledFutureTask.run(ScheduledThreadPoolExecutor.java:293)
	at java.util.concurrent.ThreadPoolExecutor.runWorker(ThreadPoolExecutor.java:1149)
	at java.util.concurrent.ThreadPoolExecutor$Worker.run(ThreadPoolExecutor.java:624)
	at java.lang.Thread.run(Thread.java:748)
Caused by: org.apache.ratis.protocol.AlreadyClosedException: client-217C8CB19E3D->4c00b829-f7eb-437b-9af3-99601f151fac is closed.
	at org.apache.ratis.grpc.client.GrpcClientProtocolClient$AsyncStreamObservers.onNext(GrpcClientProtocolClient.java:307)
	at org.apache.ratis.grpc.client.GrpcClientRpc.sendRequestAsync(GrpcClientRpc.java:68)
	at org.apache.ratis.client.impl.OrderedAsync.sendRequest(OrderedAsync.java:208)
	... 15 more
</error>
    <system-out><![CDATA[2019-10-15 08:42:48,432 [main] WARN  server.ServerUtils (ServerUtils.java:getScmDbDir(145)) - ozone.scm.db.dirs is not configured. We recommend adding this setting. Falling back to ozone.metadata.dirs instead.
2019-10-15 08:42:48,457 [main] WARN  server.ServerUtils (ServerUtils.java:getScmDbDir(145)) - ozone.scm.db.dirs is not configured. We recommend adding this setting. Falling back to ozone.metadata.dirs instead.
2019-10-15 08:42:48,458 [main] WARN  server.ServerUtils (ServerUtils.java:getScmDbDir(145)) - ozone.scm.db.dirs is not configured. We recommend adding this setting. Falling back to ozone.metadata.dirs instead.
2019-10-15 08:42:48,458 [main] INFO  db.DBStoreBuilder (DBStoreBuilder.java:addTable(117)) - using custom profile for table: deletedBlocks
2019-10-15 08:42:48,459 [main] INFO  db.DBStoreBuilder (DBStoreBuilder.java:processTables(168)) - Using default column profile:DBProfile.DISK for Table:deletedBlocks
2019-10-15 08:42:48,459 [main] INFO  db.DBStoreBuilder (DBStoreBuilder.java:addTable(117)) - using custom profile for table: validCerts
2019-10-15 08:42:48,459 [main] INFO  db.DBStoreBuilder (DBStoreBuilder.java:processTables(168)) - Using default column profile:DBProfile.DISK for Table:validCerts
2019-10-15 08:42:48,459 [main] INFO  db.DBStoreBuilder (DBStoreBuilder.java:addTable(117)) - using custom profile for table: revokedCerts
2019-10-15 08:42:48,460 [main] INFO  db.DBStoreBuilder (DBStoreBuilder.java:processTables(168)) - Using default column profile:DBProfile.DISK for Table:revokedCerts
2019-10-15 08:42:48,460 [main] INFO  db.DBStoreBuilder (DBStoreBuilder.java:addTable(117)) - using custom profile for table: default
2019-10-15 08:42:48,460 [main] INFO  db.DBStoreBuilder (DBStoreBuilder.java:processTables(174)) - Using default column profile:DBProfile.DISK for Table:default
2019-10-15 08:42:48,460 [main] INFO  db.DBStoreBuilder (DBStoreBuilder.java:getDbProfile(205)) - Using default options. DBProfile.DISK
2019-10-15 08:42:48,829 [main] INFO  net.NodeSchemaLoader (NodeSchemaLoader.java:loadSchemaFromFile(125)) - Loading file from sun.misc.CompoundEnumeration@3b4086c1
2019-10-15 08:42:48,829 [main] INFO  net.NodeSchemaLoader (NodeSchemaLoader.java:loadSchema(171)) - Loading network topology layer schema file
2019-10-15 08:42:48,834 [main] WARN  server.ServerUtils (ServerUtils.java:sanitizeUserArgs(70)) - ozone.scm.stale.node.interval value = 300000 is larger than max = 100000 based on the key value of ozone.scm.heartbeat.thread.interval, reset to the max value 100000.
2019-10-15 08:42:48,835 [main] WARN  server.ServerUtils (ServerUtils.java:sanitizeUserArgs(70)) - ozone.scm.stale.node.interval value = 300000 is larger than max = 100000 based on the key value of ozone.scm.heartbeat.thread.interval, reset to the max value 100000.
2019-10-15 08:42:48,835 [main] INFO  node.SCMNodeManager (SCMNodeManager.java:<init>(116)) - Entering startup safe mode.
2019-10-15 08:42:48,836 [main] INFO  algorithms.ContainerPlacementPolicyFactory (ContainerPlacementPolicyFactory.java:getPolicy(59)) - Create container placement policy of type org.apache.hadoop.hdds.scm.container.placement.algorithms.SCMContainerPlacementRandom
2019-10-15 08:42:48,836 [main] WARN  server.ServerUtils (ServerUtils.java:getScmDbDir(145)) - ozone.scm.db.dirs is not configured. We recommend adding this setting. Falling back to ozone.metadata.dirs instead.
2019-10-15 08:42:48,970 [main] INFO  pipeline.SCMPipelineManager (SCMPipelineManager.java:initializePipelineState(137)) - No pipeline exists in current db
2019-10-15 08:42:48,971 [main] WARN  server.ServerUtils (ServerUtils.java:getScmDbDir(145)) - ozone.scm.db.dirs is not configured. We recommend adding this setting. Falling back to ozone.metadata.dirs instead.
2019-10-15 08:42:49,099 [main] WARN  events.EventQueue (EventQueue.java:fireEvent(183)) - No event handler registered for event TypedEvent{payloadType=SafeModeStatus, name='SafeModeStatus'}
2019-10-15 08:42:49,100 [main] INFO  ipc.CallQueueManager (CallQueueManager.java:<init>(84)) - Using callQueue: class java.util.concurrent.LinkedBlockingQueue, queueCapacity: 2000, scheduler: class org.apache.hadoop.ipc.DefaultRpcScheduler, ipcBackoff: false.
2019-10-15 08:42:49,101 [Socket Reader #1 for port 38824] INFO  ipc.Server (Server.java:run(1074)) - Starting Socket Reader #1 for port 38824
2019-10-15 08:42:49,104 [main] INFO  ipc.CallQueueManager (CallQueueManager.java:<init>(84)) - Using callQueue: class java.util.concurrent.LinkedBlockingQueue, queueCapacity: 2000, scheduler: class org.apache.hadoop.ipc.DefaultRpcScheduler, ipcBackoff: false.
2019-10-15 08:42:49,104 [Socket Reader #1 for port 45926] INFO  ipc.Server (Server.java:run(1074)) - Starting Socket Reader #1 for port 45926
2019-10-15 08:42:49,106 [main] INFO  ipc.CallQueueManager (CallQueueManager.java:<init>(84)) - Using callQueue: class java.util.concurrent.LinkedBlockingQueue, queueCapacity: 2000, scheduler: class org.apache.hadoop.ipc.DefaultRpcScheduler, ipcBackoff: false.
2019-10-15 08:42:49,107 [Socket Reader #1 for port 35361] INFO  ipc.Server (Server.java:run(1074)) - Starting Socket Reader #1 for port 35361
2019-10-15 08:42:49,109 [main] INFO  hdfs.DFSUtil (DFSUtil.java:httpServerTemplateForNNAndJN(1641)) - Starting Web-server for scm at: http://0.0.0.0:0
2019-10-15 08:42:49,111 [main] INFO  server.AuthenticationFilter (AuthenticationFilter.java:constructSecretProvider(240)) - Unable to initialize FileSignerSecretProvider, falling back to use random secrets.
2019-10-15 08:42:49,112 [main] WARN  http.HttpRequestLog (HttpRequestLog.java:getRequestLog(97)) - Jetty request log can only be enabled using Log4j
2019-10-15 08:42:49,113 [main] INFO  http.HttpServer2 (HttpServer2.java:addGlobalFilter(975)) - Added global filter 'safety' (class=org.apache.hadoop.http.HttpServer2$QuotingInputFilter)
2019-10-15 08:42:49,114 [main] INFO  http.HttpServer2 (HttpServer2.java:addFilter(948)) - Added filter static_user_filter (class=org.apache.hadoop.http.lib.StaticUserWebFilter$StaticUserFilter) to context scm
2019-10-15 08:42:49,114 [main] INFO  http.HttpServer2 (HttpServer2.java:addFilter(958)) - Added filter static_user_filter (class=org.apache.hadoop.http.lib.StaticUserWebFilter$StaticUserFilter) to context static
2019-10-15 08:42:49,114 [main] INFO  http.HttpServer2 (HttpServer2.java:addFilter(958)) - Added filter static_user_filter (class=org.apache.hadoop.http.lib.StaticUserWebFilter$StaticUserFilter) to context logs
2019-10-15 08:42:49,117 [main] INFO  server.StorageContainerManager (StorageContainerManager.java:start(772)) - StorageContainerLocationProtocol RPC server is listening at /0.0.0.0:35361
2019-10-15 08:42:49,120 [main] WARN  impl.MetricsConfig (MetricsConfig.java:loadFirst(134)) - Cannot locate configuration: tried hadoop-metrics2-storagecontainermanager.properties,hadoop-metrics2.properties
2019-10-15 08:42:49,121 [main] INFO  impl.MetricsSystemImpl (MetricsSystemImpl.java:startTimer(374)) - Scheduled Metric snapshot period at 10 second(s).
2019-10-15 08:42:49,121 [main] INFO  impl.MetricsSystemImpl (MetricsSystemImpl.java:start(191)) - StorageContainerManager metrics system started
2019-10-15 08:42:49,271 [main] WARN  impl.MetricsSystemImpl (MetricsSystemImpl.java:register(276)) - Sink prometheus already exists!
2019-10-15 08:42:49,721 [main] INFO  server.SCMClientProtocolServer (SCMClientProtocolServer.java:start(159)) - RPC server for Client  is listening at /0.0.0.0:35361
2019-10-15 08:42:49,722 [IPC Server Responder] INFO  ipc.Server (Server.java:run(1314)) - IPC Server Responder: starting
2019-10-15 08:42:49,722 [IPC Server listener on 35361] INFO  ipc.Server (Server.java:run(1153)) - IPC Server listener on 35361: starting
2019-10-15 08:42:49,727 [main] INFO  server.StorageContainerManager (StorageContainerManager.java:start(782)) - ScmBlockLocationProtocol RPC server is listening at /0.0.0.0:45926
2019-10-15 08:42:49,727 [main] INFO  server.SCMBlockProtocolServer (SCMBlockProtocolServer.java:start(146)) - RPC server for Block Protocol is listening at /0.0.0.0:45926
2019-10-15 08:42:49,727 [IPC Server Responder] INFO  ipc.Server (Server.java:run(1314)) - IPC Server Responder: starting
2019-10-15 08:42:49,728 [IPC Server listener on 45926] INFO  ipc.Server (Server.java:run(1153)) - IPC Server listener on 45926: starting
2019-10-15 08:42:49,735 [main] INFO  server.StorageContainerManager (StorageContainerManager.java:start(786)) - ScmDatanodeProtocl RPC server is listening at /0.0.0.0:38824
2019-10-15 08:42:49,735 [main] INFO  server.SCMDatanodeProtocolServer (SCMDatanodeProtocolServer.java:start(169)) - RPC server for DataNodes is listening at /0.0.0.0:38824
2019-10-15 08:42:49,735 [IPC Server Responder] INFO  ipc.Server (Server.java:run(1314)) - IPC Server Responder: starting
2019-10-15 08:42:49,735 [IPC Server listener on 38824] INFO  ipc.Server (Server.java:run(1153)) - IPC Server listener on 38824: starting
2019-10-15 08:42:49,739 [main] INFO  http.HttpServer2 (HttpServer2.java:bindListener(1191)) - Jetty bound to port 37409
2019-10-15 08:42:49,739 [main] INFO  server.Server (Server.java:doStart(351)) - jetty-9.3.25.v20180904, build timestamp: 2018-09-04T21:11:46Z, git hash: 3ce520221d0240229c862b122d2b06c12a625732
2019-10-15 08:42:49,741 [main] INFO  handler.ContextHandler (ContextHandler.java:doStart(781)) - Started o.e.j.s.ServletContextHandler@57151b3a{/logs,file:///workdir/hadoop-ozone/integration-test/target/log,AVAILABLE}
2019-10-15 08:42:49,742 [main] INFO  handler.ContextHandler (ContextHandler.java:doStart(781)) - Started o.e.j.s.ServletContextHandler@2dff7085{/static,file:///workdir/hadoop-ozone/integration-test/target/test-classes/webapps/static,AVAILABLE}
2019-10-15 08:42:49,745 [main] INFO  handler.ContextHandler (ContextHandler.java:doStart(781)) - Started o.e.j.w.WebAppContext@a0c5be{/,file:///workdir/hadoop-ozone/integration-test/target/test-classes/webapps/scm/,AVAILABLE}{/scm}
2019-10-15 08:42:49,745 [main] INFO  server.AbstractConnector (AbstractConnector.java:doStart(278)) - Started ServerConnector@6424e613{HTTP/1.1,[http/1.1]}{0.0.0.0:37409}
2019-10-15 08:42:49,746 [main] INFO  server.Server (Server.java:doStart(419)) - Started @228798ms
2019-10-15 08:42:49,747 [main] WARN  impl.MetricsSystemImpl (MetricsSystemImpl.java:register(276)) - Sink prometheus already exists!
2019-10-15 08:42:49,749 [main] INFO  server.BaseHttpServer (BaseHttpServer.java:updateConnectorAddress(215)) - HTTP server of SCM is listening at http://0.0.0.0:37409
2019-10-15 08:42:49,750 [main] WARN  server.ServerUtils (ServerUtils.java:getDBPath(222)) - ozone.om.db.dirs is not configured. We recommend adding this setting. Falling back to ozone.metadata.dirs instead.
2019-10-15 08:42:49,751 [org.apache.hadoop.util.JvmPauseMonitor$Monitor@8e99809] INFO  util.JvmPauseMonitor (JvmPauseMonitor.java:run(188)) - Starting JVM pause monitor
2019-10-15 08:42:49,772 [main] INFO  ha.OMHANodeDetails (OMHANodeDetails.java:loadOMHAConfig(190)) - Configuration either no ozone.om.address set. Falling back to the default OM address /127.0.0.1:0
2019-10-15 08:42:49,772 [main] INFO  ha.OMHANodeDetails (OMHANodeDetails.java:getOMNodeDetails(220)) - OM Service ID is not set. Setting it to the default ID: omServiceIdDefault
2019-10-15 08:42:49,773 [main] WARN  server.ServerUtils (ServerUtils.java:getDBPath(222)) - ozone.om.db.dirs is not configured. We recommend adding this setting. Falling back to ozone.metadata.dirs instead.
2019-10-15 08:42:49,773 [main] WARN  server.ServerUtils (ServerUtils.java:getDBPath(222)) - ozone.om.db.dirs is not configured. We recommend adding this setting. Falling back to ozone.metadata.dirs instead.
2019-10-15 08:42:49,801 [main] WARN  server.ServerUtils (ServerUtils.java:getDBPath(222)) - ozone.om.db.dirs is not configured. We recommend adding this setting. Falling back to ozone.metadata.dirs instead.
2019-10-15 08:42:49,801 [main] INFO  db.DBStoreBuilder (DBStoreBuilder.java:addTable(117)) - using custom profile for table: userTable
2019-10-15 08:42:49,801 [main] INFO  db.DBStoreBuilder (DBStoreBuilder.java:processTables(168)) - Using default column profile:DBProfile.DISK for Table:userTable
2019-10-15 08:42:49,802 [main] INFO  db.DBStoreBuilder (DBStoreBuilder.java:addTable(117)) - using custom profile for table: volumeTable
2019-10-15 08:42:49,802 [main] INFO  db.DBStoreBuilder (DBStoreBuilder.java:processTables(168)) - Using default column profile:DBProfile.DISK for Table:volumeTable
2019-10-15 08:42:49,802 [main] INFO  db.DBStoreBuilder (DBStoreBuilder.java:addTable(117)) - using custom profile for table: bucketTable
2019-10-15 08:42:49,802 [main] INFO  db.DBStoreBuilder (DBStoreBuilder.java:processTables(168)) - Using default column profile:DBProfile.DISK for Table:bucketTable
2019-10-15 08:42:49,803 [main] INFO  db.DBStoreBuilder (DBStoreBuilder.java:addTable(117)) - using custom profile for table: keyTable
2019-10-15 08:42:49,803 [main] INFO  db.DBStoreBuilder (DBStoreBuilder.java:processTables(168)) - Using default column profile:DBProfile.DISK for Table:keyTable
2019-10-15 08:42:49,803 [main] INFO  db.DBStoreBuilder (DBStoreBuilder.java:addTable(117)) - using custom profile for table: deletedTable
2019-10-15 08:42:49,803 [main] INFO  db.DBStoreBuilder (DBStoreBuilder.java:processTables(168)) - Using default column profile:DBProfile.DISK for Table:deletedTable
2019-10-15 08:42:49,803 [main] INFO  db.DBStoreBuilder (DBStoreBuilder.java:addTable(117)) - using custom profile for table: openKeyTable
2019-10-15 08:42:49,804 [main] INFO  db.DBStoreBuilder (DBStoreBuilder.java:processTables(168)) - Using default column profile:DBProfile.DISK for Table:openKeyTable
2019-10-15 08:42:49,804 [main] INFO  db.DBStoreBuilder (DBStoreBuilder.java:addTable(117)) - using custom profile for table: s3Table
2019-10-15 08:42:49,804 [main] INFO  db.DBStoreBuilder (DBStoreBuilder.java:processTables(168)) - Using default column profile:DBProfile.DISK for Table:s3Table
2019-10-15 08:42:49,804 [main] INFO  db.DBStoreBuilder (DBStoreBuilder.java:addTable(117)) - using custom profile for table: multipartInfoTable
2019-10-15 08:42:49,804 [main] INFO  db.DBStoreBuilder (DBStoreBuilder.java:processTables(168)) - Using default column profile:DBProfile.DISK for Table:multipartInfoTable
2019-10-15 08:42:49,805 [main] INFO  db.DBStoreBuilder (DBStoreBuilder.java:addTable(117)) - using custom profile for table: dTokenTable
2019-10-15 08:42:49,805 [main] INFO  db.DBStoreBuilder (DBStoreBuilder.java:processTables(168)) - Using default column profile:DBProfile.DISK for Table:dTokenTable
2019-10-15 08:42:49,805 [main] INFO  db.DBStoreBuilder (DBStoreBuilder.java:addTable(117)) - using custom profile for table: s3SecretTable
2019-10-15 08:42:49,805 [main] INFO  db.DBStoreBuilder (DBStoreBuilder.java:processTables(168)) - Using default column profile:DBProfile.DISK for Table:s3SecretTable
2019-10-15 08:42:49,805 [main] INFO  db.DBStoreBuilder (DBStoreBuilder.java:addTable(117)) - using custom profile for table: prefixTable
2019-10-15 08:42:49,806 [main] INFO  db.DBStoreBuilder (DBStoreBuilder.java:processTables(168)) - Using default column profile:DBProfile.DISK for Table:prefixTable
2019-10-15 08:42:49,806 [main] INFO  db.DBStoreBuilder (DBStoreBuilder.java:addTable(117)) - using custom profile for table: default
2019-10-15 08:42:49,806 [main] INFO  db.DBStoreBuilder (DBStoreBuilder.java:processTables(174)) - Using default column profile:DBProfile.DISK for Table:default
2019-10-15 08:42:49,806 [main] INFO  db.DBStoreBuilder (DBStoreBuilder.java:getDbProfile(205)) - Using default options. DBProfile.DISK
2019-10-15 08:42:50,707 [main] INFO  ipc.CallQueueManager (CallQueueManager.java:<init>(84)) - Using callQueue: class java.util.concurrent.LinkedBlockingQueue, queueCapacity: 2000, scheduler: class org.apache.hadoop.ipc.DefaultRpcScheduler, ipcBackoff: false.
2019-10-15 08:42:50,708 [Socket Reader #1 for port 40569] INFO  ipc.Server (Server.java:run(1074)) - Starting Socket Reader #1 for port 40569
2019-10-15 08:42:50,726 [main] INFO  om.OzoneManager (OzoneManager.java:start(1071)) - OzoneManager RPC server is listening at localhost/127.0.0.1:40569
2019-10-15 08:42:50,726 [main] INFO  impl.MetricsSystemImpl (MetricsSystemImpl.java:init(158)) - OzoneManager metrics system started (again)
2019-10-15 08:42:50,727 [IPC Server Responder] INFO  ipc.Server (Server.java:run(1314)) - IPC Server Responder: starting
2019-10-15 08:42:50,731 [IPC Server listener on 40569] INFO  ipc.Server (Server.java:run(1153)) - IPC Server listener on 40569: starting
2019-10-15 08:42:50,737 [main] INFO  hdfs.DFSUtil (DFSUtil.java:httpServerTemplateForNNAndJN(1641)) - Starting Web-server for ozoneManager at: http://0.0.0.0:0
2019-10-15 08:42:50,739 [main] INFO  server.AuthenticationFilter (AuthenticationFilter.java:constructSecretProvider(240)) - Unable to initialize FileSignerSecretProvider, falling back to use random secrets.
2019-10-15 08:42:50,739 [main] WARN  http.HttpRequestLog (HttpRequestLog.java:getRequestLog(97)) - Jetty request log can only be enabled using Log4j
2019-10-15 08:42:50,741 [main] INFO  http.HttpServer2 (HttpServer2.java:addGlobalFilter(975)) - Added global filter 'safety' (class=org.apache.hadoop.http.HttpServer2$QuotingInputFilter)
2019-10-15 08:42:50,742 [main] INFO  http.HttpServer2 (HttpServer2.java:addFilter(948)) - Added filter static_user_filter (class=org.apache.hadoop.http.lib.StaticUserWebFilter$StaticUserFilter) to context ozoneManager
2019-10-15 08:42:50,742 [main] INFO  http.HttpServer2 (HttpServer2.java:addFilter(958)) - Added filter static_user_filter (class=org.apache.hadoop.http.lib.StaticUserWebFilter$StaticUserFilter) to context logs
2019-10-15 08:42:50,742 [main] INFO  http.HttpServer2 (HttpServer2.java:addFilter(958)) - Added filter static_user_filter (class=org.apache.hadoop.http.lib.StaticUserWebFilter$StaticUserFilter) to context static
2019-10-15 08:42:50,743 [main] INFO  http.HttpServer2 (HttpServer2.java:bindListener(1191)) - Jetty bound to port 45989
2019-10-15 08:42:50,743 [main] INFO  server.Server (Server.java:doStart(351)) - jetty-9.3.25.v20180904, build timestamp: 2018-09-04T21:11:46Z, git hash: 3ce520221d0240229c862b122d2b06c12a625732
2019-10-15 08:42:50,745 [main] INFO  handler.ContextHandler (ContextHandler.java:doStart(781)) - Started o.e.j.s.ServletContextHandler@67acfde9{/logs,file:///workdir/hadoop-ozone/integration-test/target/log,AVAILABLE}
2019-10-15 08:42:50,746 [main] INFO  handler.ContextHandler (ContextHandler.java:doStart(781)) - Started o.e.j.s.ServletContextHandler@75882261{/static,file:///workdir/hadoop-ozone/integration-test/target/test-classes/webapps/static,AVAILABLE}
2019-10-15 08:42:50,751 [main] INFO  handler.ContextHandler (ContextHandler.java:doStart(781)) - Started o.e.j.w.WebAppContext@6da54910{/,file:///workdir/hadoop-ozone/integration-test/target/test-classes/webapps/ozoneManager/,AVAILABLE}{/ozoneManager}
2019-10-15 08:42:50,751 [main] INFO  server.AbstractConnector (AbstractConnector.java:doStart(278)) - Started ServerConnector@1bd8afc8{HTTP/1.1,[http/1.1]}{0.0.0.0:45989}
2019-10-15 08:42:50,753 [main] INFO  server.Server (Server.java:doStart(419)) - Started @229804ms
2019-10-15 08:42:50,753 [main] WARN  impl.MetricsSystemImpl (MetricsSystemImpl.java:register(276)) - Sink prometheus already exists!
2019-10-15 08:42:50,754 [main] INFO  server.BaseHttpServer (BaseHttpServer.java:updateConnectorAddress(215)) - HTTP server of OZONEMANAGER is listening at http://0.0.0.0:45989
2019-10-15 08:42:50,773 [main] INFO  impl.MetricsSystemImpl (MetricsSystemImpl.java:init(158)) - HddsDatanode metrics system started (again)
2019-10-15 08:42:50,782 [main] INFO  ozone.HddsDatanodeService (HddsDatanodeService.java:start(184)) - HddsDatanodeService host:pr-hdds-1569-hdnwc-3336613964 ip:192.168.164.209
2019-10-15 08:42:50,791 [main] INFO  volume.HddsVolume (HddsVolume.java:<init>(176)) - Creating Volume: /workdir/hadoop-ozone/integration-test/target/test-dir/MiniOzoneClusterImpl-d07e3086-68e0-4340-b24d-43dfb7c1e85c/datanode-0/data/containers/hdds of  storage type : DISK and capacity : 1482555576320
2019-10-15 08:42:50,791 [main] INFO  volume.VolumeSet (VolumeSet.java:initializeVolumeSet(170)) - Added Volume : /workdir/hadoop-ozone/integration-test/target/test-dir/MiniOzoneClusterImpl-d07e3086-68e0-4340-b24d-43dfb7c1e85c/datanode-0/data/containers/hdds to VolumeSet
2019-10-15 08:42:50,792 [main] INFO  volume.ThrottledAsyncChecker (ThrottledAsyncChecker.java:schedule(141)) - Scheduling a check for org.apache.hadoop.ozone.container.common.volume.HddsVolume@22a6d75c
2019-10-15 08:42:50,792 [main] INFO  volume.HddsVolumeChecker (HddsVolumeChecker.java:checkAllVolumes(204)) - Scheduled health check for volume org.apache.hadoop.ozone.container.common.volume.HddsVolume@22a6d75c
2019-10-15 08:42:50,810 [main] INFO  impl.RaftServerProxy (ConfUtils.java:logGet(43)) - raft.rpc.type = GRPC (default)
2019-10-15 08:42:50,810 [main] INFO  grpc.GrpcFactory (GrpcFactory.java:checkPooledByteBufAllocatorUseCacheForAllThreads(45)) - PERFORMANCE WARNING: useCacheForAllThreads is true that may cause Netty to create a lot garbage objects and, as a result, trigger GC.
	It is recommended to disable useCacheForAllThreads by setting -Dorg.apache.ratis.thirdparty.io.netty.allocator.useCacheForAllThreads=false in command line.
2019-10-15 08:42:50,811 [main] INFO  grpc.GrpcConfigKeys$Server (ConfUtils.java:logGet(43)) - raft.grpc.server.port = 0 (default)
2019-10-15 08:42:50,811 [main] INFO  server.GrpcService (ConfUtils.java:logGet(43)) - raft.grpc.message.size.max = 33570816 (custom)
2019-10-15 08:42:50,811 [main] INFO  server.RaftServerConfigKeys (ConfUtils.java:logGet(43)) - raft.server.log.appender.buffer.byte-limit = 33554432 (custom)
2019-10-15 08:42:50,811 [main] INFO  server.GrpcService (ConfUtils.java:logGet(43)) - raft.grpc.flow.control.window = 1MB (=1048576) (default)
2019-10-15 08:42:50,811 [main] INFO  server.RaftServerConfigKeys (ConfUtils.java:logGet(43)) - raft.server.rpc.request.timeout = 3000ms (default)
2019-10-15 08:42:50,812 [main] INFO  server.RaftServerConfigKeys (ConfUtils.java:logGet(43)) - raft.server.storage.dir = [/workdir/hadoop-ozone/integration-test/target/test-dir/MiniOzoneClusterImpl-d07e3086-68e0-4340-b24d-43dfb7c1e85c/datanode-0/data/ratis] (custom)
2019-10-15 08:42:50,814 [main] INFO  hdfs.DFSUtil (DFSUtil.java:httpServerTemplateForNNAndJN(1641)) - Starting Web-server for hddsDatanode at: http://0.0.0.0:0
2019-10-15 08:42:50,816 [main] INFO  server.AuthenticationFilter (AuthenticationFilter.java:constructSecretProvider(240)) - Unable to initialize FileSignerSecretProvider, falling back to use random secrets.
2019-10-15 08:42:50,816 [main] WARN  http.HttpRequestLog (HttpRequestLog.java:getRequestLog(97)) - Jetty request log can only be enabled using Log4j
2019-10-15 08:42:50,818 [main] INFO  http.HttpServer2 (HttpServer2.java:addGlobalFilter(975)) - Added global filter 'safety' (class=org.apache.hadoop.http.HttpServer2$QuotingInputFilter)
2019-10-15 08:42:50,818 [main] INFO  http.HttpServer2 (HttpServer2.java:addFilter(948)) - Added filter static_user_filter (class=org.apache.hadoop.http.lib.StaticUserWebFilter$StaticUserFilter) to context hddsDatanode
2019-10-15 08:42:50,818 [main] INFO  http.HttpServer2 (HttpServer2.java:addFilter(958)) - Added filter static_user_filter (class=org.apache.hadoop.http.lib.StaticUserWebFilter$StaticUserFilter) to context logs
2019-10-15 08:42:50,818 [main] INFO  http.HttpServer2 (HttpServer2.java:addFilter(958)) - Added filter static_user_filter (class=org.apache.hadoop.http.lib.StaticUserWebFilter$StaticUserFilter) to context static
2019-10-15 08:42:50,819 [main] INFO  http.HttpServer2 (HttpServer2.java:bindListener(1191)) - Jetty bound to port 34055
2019-10-15 08:42:50,820 [main] INFO  server.Server (Server.java:doStart(351)) - jetty-9.3.25.v20180904, build timestamp: 2018-09-04T21:11:46Z, git hash: 3ce520221d0240229c862b122d2b06c12a625732
2019-10-15 08:42:50,821 [main] INFO  handler.ContextHandler (ContextHandler.java:doStart(781)) - Started o.e.j.s.ServletContextHandler@5cfed0ba{/logs,file:///workdir/hadoop-ozone/integration-test/target/log,AVAILABLE}
2019-10-15 08:42:50,822 [main] INFO  handler.ContextHandler (ContextHandler.java:doStart(781)) - Started o.e.j.s.ServletContextHandler@6a567f7b{/static,jar:file:/home/user/.m2/repository/org/apache/hadoop/hadoop-hdds-container-service/0.5.0-SNAPSHOT/hadoop-hdds-container-service-0.5.0-SNAPSHOT.jar!/webapps/static,AVAILABLE}
2019-10-15 08:42:50,853 [main] INFO  handler.ContextHandler (ContextHandler.java:doStart(781)) - Started o.e.j.w.WebAppContext@2dc39b53{/,file:///tmp/jetty-0.0.0.0-34055-hddsDatanode-_-any-13323335963431997.dir/webapp/,AVAILABLE}{/hddsDatanode}
2019-10-15 08:42:50,853 [main] INFO  server.AbstractConnector (AbstractConnector.java:doStart(278)) - Started ServerConnector@45037e16{HTTP/1.1,[http/1.1]}{0.0.0.0:34055}
2019-10-15 08:42:50,855 [main] INFO  server.Server (Server.java:doStart(419)) - Started @229907ms
2019-10-15 08:42:50,856 [main] WARN  impl.MetricsSystemImpl (MetricsSystemImpl.java:register(276)) - Sink prometheus already exists!
2019-10-15 08:42:50,856 [main] INFO  server.BaseHttpServer (BaseHttpServer.java:updateConnectorAddress(215)) - HTTP server of HDDSDATANODE is listening at http://0.0.0.0:34055
2019-10-15 08:42:50,856 [main] INFO  impl.MetricsSystemImpl (MetricsSystemImpl.java:init(158)) - HddsDatanode metrics system started (again)
2019-10-15 08:42:50,863 [org.apache.hadoop.util.JvmPauseMonitor$Monitor@7b07be31] INFO  util.JvmPauseMonitor (JvmPauseMonitor.java:run(188)) - Starting JVM pause monitor
2019-10-15 08:42:50,863 [main] INFO  ozone.HddsDatanodeService (HddsDatanodeService.java:start(184)) - HddsDatanodeService host:pr-hdds-1569-hdnwc-3336613964 ip:192.168.164.209
2019-10-15 08:42:50,865 [Datanode State Machine Thread - 0] INFO  datanode.InitDatanodeState (InitDatanodeState.java:persistContainerDatanodeDetails(140)) - DatanodeDetails is persisted to /workdir/hadoop-ozone/integration-test/target/test-dir/MiniOzoneClusterImpl-d07e3086-68e0-4340-b24d-43dfb7c1e85c/datanode-0/meta/datanode.id
2019-10-15 08:42:50,871 [main] INFO  volume.HddsVolume (HddsVolume.java:<init>(176)) - Creating Volume: /workdir/hadoop-ozone/integration-test/target/test-dir/MiniOzoneClusterImpl-d07e3086-68e0-4340-b24d-43dfb7c1e85c/datanode-1/data/containers/hdds of  storage type : DISK and capacity : 1482555576320
2019-10-15 08:42:50,871 [main] INFO  volume.VolumeSet (VolumeSet.java:initializeVolumeSet(170)) - Added Volume : /workdir/hadoop-ozone/integration-test/target/test-dir/MiniOzoneClusterImpl-d07e3086-68e0-4340-b24d-43dfb7c1e85c/datanode-1/data/containers/hdds to VolumeSet
2019-10-15 08:42:50,871 [main] INFO  volume.ThrottledAsyncChecker (ThrottledAsyncChecker.java:schedule(141)) - Scheduling a check for org.apache.hadoop.ozone.container.common.volume.HddsVolume@37606fee
2019-10-15 08:42:50,872 [main] INFO  volume.HddsVolumeChecker (HddsVolumeChecker.java:checkAllVolumes(204)) - Scheduled health check for volume org.apache.hadoop.ozone.container.common.volume.HddsVolume@37606fee
2019-10-15 08:42:50,885 [main] INFO  impl.RaftServerProxy (ConfUtils.java:logGet(43)) - raft.rpc.type = GRPC (default)
2019-10-15 08:42:50,885 [main] INFO  grpc.GrpcFactory (GrpcFactory.java:checkPooledByteBufAllocatorUseCacheForAllThreads(45)) - PERFORMANCE WARNING: useCacheForAllThreads is true that may cause Netty to create a lot garbage objects and, as a result, trigger GC.
	It is recommended to disable useCacheForAllThreads by setting -Dorg.apache.ratis.thirdparty.io.netty.allocator.useCacheForAllThreads=false in command line.
2019-10-15 08:42:50,886 [main] INFO  grpc.GrpcConfigKeys$Server (ConfUtils.java:logGet(43)) - raft.grpc.server.port = 0 (default)
2019-10-15 08:42:50,886 [main] INFO  server.GrpcService (ConfUtils.java:logGet(43)) - raft.grpc.message.size.max = 33570816 (custom)
2019-10-15 08:42:50,886 [main] INFO  server.RaftServerConfigKeys (ConfUtils.java:logGet(43)) - raft.server.log.appender.buffer.byte-limit = 33554432 (custom)
2019-10-15 08:42:50,886 [main] INFO  server.GrpcService (ConfUtils.java:logGet(43)) - raft.grpc.flow.control.window = 1MB (=1048576) (default)
2019-10-15 08:42:50,886 [main] INFO  server.RaftServerConfigKeys (ConfUtils.java:logGet(43)) - raft.server.rpc.request.timeout = 3000ms (default)
2019-10-15 08:42:50,886 [main] INFO  server.RaftServerConfigKeys (ConfUtils.java:logGet(43)) - raft.server.storage.dir = [/workdir/hadoop-ozone/integration-test/target/test-dir/MiniOzoneClusterImpl-d07e3086-68e0-4340-b24d-43dfb7c1e85c/datanode-1/data/ratis] (custom)
2019-10-15 08:42:50,887 [main] INFO  hdfs.DFSUtil (DFSUtil.java:httpServerTemplateForNNAndJN(1641)) - Starting Web-server for hddsDatanode at: http://0.0.0.0:0
2019-10-15 08:42:50,888 [main] INFO  server.AuthenticationFilter (AuthenticationFilter.java:constructSecretProvider(240)) - Unable to initialize FileSignerSecretProvider, falling back to use random secrets.
2019-10-15 08:42:50,889 [main] WARN  http.HttpRequestLog (HttpRequestLog.java:getRequestLog(97)) - Jetty request log can only be enabled using Log4j
2019-10-15 08:42:50,890 [main] INFO  http.HttpServer2 (HttpServer2.java:addGlobalFilter(975)) - Added global filter 'safety' (class=org.apache.hadoop.http.HttpServer2$QuotingInputFilter)
2019-10-15 08:42:50,890 [main] INFO  http.HttpServer2 (HttpServer2.java:addFilter(948)) - Added filter static_user_filter (class=org.apache.hadoop.http.lib.StaticUserWebFilter$StaticUserFilter) to context hddsDatanode
2019-10-15 08:42:50,890 [main] INFO  http.HttpServer2 (HttpServer2.java:addFilter(958)) - Added filter static_user_filter (class=org.apache.hadoop.http.lib.StaticUserWebFilter$StaticUserFilter) to context logs
2019-10-15 08:42:50,890 [main] INFO  http.HttpServer2 (HttpServer2.java:addFilter(958)) - Added filter static_user_filter (class=org.apache.hadoop.http.lib.StaticUserWebFilter$StaticUserFilter) to context static
2019-10-15 08:42:50,891 [main] INFO  http.HttpServer2 (HttpServer2.java:bindListener(1191)) - Jetty bound to port 40105
2019-10-15 08:42:50,891 [main] INFO  server.Server (Server.java:doStart(351)) - jetty-9.3.25.v20180904, build timestamp: 2018-09-04T21:11:46Z, git hash: 3ce520221d0240229c862b122d2b06c12a625732
2019-10-15 08:42:50,892 [main] INFO  handler.ContextHandler (ContextHandler.java:doStart(781)) - Started o.e.j.s.ServletContextHandler@4b7ed03e{/logs,file:///workdir/hadoop-ozone/integration-test/target/log,AVAILABLE}
2019-10-15 08:42:50,892 [main] INFO  handler.ContextHandler (ContextHandler.java:doStart(781)) - Started o.e.j.s.ServletContextHandler@6f91fbda{/static,jar:file:/home/user/.m2/repository/org/apache/hadoop/hadoop-hdds-container-service/0.5.0-SNAPSHOT/hadoop-hdds-container-service-0.5.0-SNAPSHOT.jar!/webapps/static,AVAILABLE}
2019-10-15 08:42:50,917 [main] INFO  handler.ContextHandler (ContextHandler.java:doStart(781)) - Started o.e.j.w.WebAppContext@599f1b7{/,file:///tmp/jetty-0.0.0.0-40105-hddsDatanode-_-any-2583029577437731229.dir/webapp/,AVAILABLE}{/hddsDatanode}
2019-10-15 08:42:50,917 [main] INFO  server.AbstractConnector (AbstractConnector.java:doStart(278)) - Started ServerConnector@22791b75{HTTP/1.1,[http/1.1]}{0.0.0.0:40105}
2019-10-15 08:42:50,919 [main] INFO  server.Server (Server.java:doStart(419)) - Started @229971ms
2019-10-15 08:42:50,919 [main] WARN  impl.MetricsSystemImpl (MetricsSystemImpl.java:register(276)) - Sink prometheus already exists!
2019-10-15 08:42:50,920 [main] INFO  server.BaseHttpServer (BaseHttpServer.java:updateConnectorAddress(215)) - HTTP server of HDDSDATANODE is listening at http://0.0.0.0:40105
2019-10-15 08:42:50,920 [main] INFO  impl.MetricsSystemImpl (MetricsSystemImpl.java:init(158)) - HddsDatanode metrics system started (again)
2019-10-15 08:42:50,927 [org.apache.hadoop.util.JvmPauseMonitor$Monitor@4738ebe5] INFO  util.JvmPauseMonitor (JvmPauseMonitor.java:run(188)) - Starting JVM pause monitor
2019-10-15 08:42:50,927 [main] INFO  ozone.HddsDatanodeService (HddsDatanodeService.java:start(184)) - HddsDatanodeService host:pr-hdds-1569-hdnwc-3336613964 ip:192.168.164.209
2019-10-15 08:42:50,928 [Datanode State Machine Thread - 0] INFO  datanode.InitDatanodeState (InitDatanodeState.java:persistContainerDatanodeDetails(140)) - DatanodeDetails is persisted to /workdir/hadoop-ozone/integration-test/target/test-dir/MiniOzoneClusterImpl-d07e3086-68e0-4340-b24d-43dfb7c1e85c/datanode-1/meta/datanode.id
2019-10-15 08:42:50,933 [main] INFO  volume.HddsVolume (HddsVolume.java:<init>(176)) - Creating Volume: /workdir/hadoop-ozone/integration-test/target/test-dir/MiniOzoneClusterImpl-d07e3086-68e0-4340-b24d-43dfb7c1e85c/datanode-2/data/containers/hdds of  storage type : DISK and capacity : 1482555576320
2019-10-15 08:42:50,934 [main] INFO  volume.VolumeSet (VolumeSet.java:initializeVolumeSet(170)) - Added Volume : /workdir/hadoop-ozone/integration-test/target/test-dir/MiniOzoneClusterImpl-d07e3086-68e0-4340-b24d-43dfb7c1e85c/datanode-2/data/containers/hdds to VolumeSet
2019-10-15 08:42:50,934 [main] INFO  volume.ThrottledAsyncChecker (ThrottledAsyncChecker.java:schedule(141)) - Scheduling a check for org.apache.hadoop.ozone.container.common.volume.HddsVolume@1a914089
2019-10-15 08:42:50,934 [main] INFO  volume.HddsVolumeChecker (HddsVolumeChecker.java:checkAllVolumes(204)) - Scheduled health check for volume org.apache.hadoop.ozone.container.common.volume.HddsVolume@1a914089
2019-10-15 08:42:50,945 [main] INFO  impl.RaftServerProxy (ConfUtils.java:logGet(43)) - raft.rpc.type = GRPC (default)
2019-10-15 08:42:50,945 [main] INFO  grpc.GrpcFactory (GrpcFactory.java:checkPooledByteBufAllocatorUseCacheForAllThreads(45)) - PERFORMANCE WARNING: useCacheForAllThreads is true that may cause Netty to create a lot garbage objects and, as a result, trigger GC.
	It is recommended to disable useCacheForAllThreads by setting -Dorg.apache.ratis.thirdparty.io.netty.allocator.useCacheForAllThreads=false in command line.
2019-10-15 08:42:50,946 [main] INFO  grpc.GrpcConfigKeys$Server (ConfUtils.java:logGet(43)) - raft.grpc.server.port = 0 (default)
2019-10-15 08:42:50,946 [main] INFO  server.GrpcService (ConfUtils.java:logGet(43)) - raft.grpc.message.size.max = 33570816 (custom)
2019-10-15 08:42:50,946 [main] INFO  server.RaftServerConfigKeys (ConfUtils.java:logGet(43)) - raft.server.log.appender.buffer.byte-limit = 33554432 (custom)
2019-10-15 08:42:50,946 [main] INFO  server.GrpcService (ConfUtils.java:logGet(43)) - raft.grpc.flow.control.window = 1MB (=1048576) (default)
2019-10-15 08:42:50,946 [main] INFO  server.RaftServerConfigKeys (ConfUtils.java:logGet(43)) - raft.server.rpc.request.timeout = 3000ms (default)
2019-10-15 08:42:50,947 [main] INFO  server.RaftServerConfigKeys (ConfUtils.java:logGet(43)) - raft.server.storage.dir = [/workdir/hadoop-ozone/integration-test/target/test-dir/MiniOzoneClusterImpl-d07e3086-68e0-4340-b24d-43dfb7c1e85c/datanode-2/data/ratis] (custom)
2019-10-15 08:42:50,948 [main] INFO  hdfs.DFSUtil (DFSUtil.java:httpServerTemplateForNNAndJN(1641)) - Starting Web-server for hddsDatanode at: http://0.0.0.0:0
2019-10-15 08:42:50,949 [main] INFO  server.AuthenticationFilter (AuthenticationFilter.java:constructSecretProvider(240)) - Unable to initialize FileSignerSecretProvider, falling back to use random secrets.
2019-10-15 08:42:50,949 [main] WARN  http.HttpRequestLog (HttpRequestLog.java:getRequestLog(97)) - Jetty request log can only be enabled using Log4j
2019-10-15 08:42:50,950 [main] INFO  http.HttpServer2 (HttpServer2.java:addGlobalFilter(975)) - Added global filter 'safety' (class=org.apache.hadoop.http.HttpServer2$QuotingInputFilter)
2019-10-15 08:42:50,950 [main] INFO  http.HttpServer2 (HttpServer2.java:addFilter(948)) - Added filter static_user_filter (class=org.apache.hadoop.http.lib.StaticUserWebFilter$StaticUserFilter) to context hddsDatanode
2019-10-15 08:42:50,951 [main] INFO  http.HttpServer2 (HttpServer2.java:addFilter(958)) - Added filter static_user_filter (class=org.apache.hadoop.http.lib.StaticUserWebFilter$StaticUserFilter) to context static
2019-10-15 08:42:50,951 [main] INFO  http.HttpServer2 (HttpServer2.java:addFilter(958)) - Added filter static_user_filter (class=org.apache.hadoop.http.lib.StaticUserWebFilter$StaticUserFilter) to context logs
2019-10-15 08:42:50,951 [main] INFO  http.HttpServer2 (HttpServer2.java:bindListener(1191)) - Jetty bound to port 39222
2019-10-15 08:42:50,951 [main] INFO  server.Server (Server.java:doStart(351)) - jetty-9.3.25.v20180904, build timestamp: 2018-09-04T21:11:46Z, git hash: 3ce520221d0240229c862b122d2b06c12a625732
2019-10-15 08:42:50,953 [main] INFO  handler.ContextHandler (ContextHandler.java:doStart(781)) - Started o.e.j.s.ServletContextHandler@3002e397{/logs,file:///workdir/hadoop-ozone/integration-test/target/log,AVAILABLE}
2019-10-15 08:42:50,953 [main] INFO  handler.ContextHandler (ContextHandler.java:doStart(781)) - Started o.e.j.s.ServletContextHandler@38159384{/static,jar:file:/home/user/.m2/repository/org/apache/hadoop/hadoop-hdds-container-service/0.5.0-SNAPSHOT/hadoop-hdds-container-service-0.5.0-SNAPSHOT.jar!/webapps/static,AVAILABLE}
2019-10-15 08:42:50,978 [main] INFO  handler.ContextHandler (ContextHandler.java:doStart(781)) - Started o.e.j.w.WebAppContext@4584304{/,file:///tmp/jetty-0.0.0.0-39222-hddsDatanode-_-any-4524140344354770478.dir/webapp/,AVAILABLE}{/hddsDatanode}
2019-10-15 08:42:50,978 [main] INFO  server.AbstractConnector (AbstractConnector.java:doStart(278)) - Started ServerConnector@51888019{HTTP/1.1,[http/1.1]}{0.0.0.0:39222}
2019-10-15 08:42:50,979 [main] INFO  server.Server (Server.java:doStart(419)) - Started @230031ms
2019-10-15 08:42:50,979 [main] WARN  impl.MetricsSystemImpl (MetricsSystemImpl.java:register(276)) - Sink prometheus already exists!
2019-10-15 08:42:50,980 [main] INFO  server.BaseHttpServer (BaseHttpServer.java:updateConnectorAddress(215)) - HTTP server of HDDSDATANODE is listening at http://0.0.0.0:39222
2019-10-15 08:42:50,980 [main] INFO  impl.MetricsSystemImpl (MetricsSystemImpl.java:init(158)) - HddsDatanode metrics system started (again)
2019-10-15 08:42:50,987 [org.apache.hadoop.util.JvmPauseMonitor$Monitor@13662eca] INFO  util.JvmPauseMonitor (JvmPauseMonitor.java:run(188)) - Starting JVM pause monitor
2019-10-15 08:42:50,988 [main] INFO  ozone.HddsDatanodeService (HddsDatanodeService.java:start(184)) - HddsDatanodeService host:pr-hdds-1569-hdnwc-3336613964 ip:192.168.164.209
2019-10-15 08:42:50,988 [Datanode State Machine Thread - 0] INFO  datanode.InitDatanodeState (InitDatanodeState.java:persistContainerDatanodeDetails(140)) - DatanodeDetails is persisted to /workdir/hadoop-ozone/integration-test/target/test-dir/MiniOzoneClusterImpl-d07e3086-68e0-4340-b24d-43dfb7c1e85c/datanode-2/meta/datanode.id
2019-10-15 08:42:50,994 [main] INFO  volume.HddsVolume (HddsVolume.java:<init>(176)) - Creating Volume: /workdir/hadoop-ozone/integration-test/target/test-dir/MiniOzoneClusterImpl-d07e3086-68e0-4340-b24d-43dfb7c1e85c/datanode-3/data/containers/hdds of  storage type : DISK and capacity : 1482555576320
2019-10-15 08:42:50,994 [main] INFO  volume.VolumeSet (VolumeSet.java:initializeVolumeSet(170)) - Added Volume : /workdir/hadoop-ozone/integration-test/target/test-dir/MiniOzoneClusterImpl-d07e3086-68e0-4340-b24d-43dfb7c1e85c/datanode-3/data/containers/hdds to VolumeSet
2019-10-15 08:42:50,994 [main] INFO  volume.ThrottledAsyncChecker (ThrottledAsyncChecker.java:schedule(141)) - Scheduling a check for org.apache.hadoop.ozone.container.common.volume.HddsVolume@22cb3d59
2019-10-15 08:42:50,994 [main] INFO  volume.HddsVolumeChecker (HddsVolumeChecker.java:checkAllVolumes(204)) - Scheduled health check for volume org.apache.hadoop.ozone.container.common.volume.HddsVolume@22cb3d59
2019-10-15 08:42:51,007 [main] INFO  impl.RaftServerProxy (ConfUtils.java:logGet(43)) - raft.rpc.type = GRPC (default)
2019-10-15 08:42:51,008 [main] INFO  grpc.GrpcFactory (GrpcFactory.java:checkPooledByteBufAllocatorUseCacheForAllThreads(45)) - PERFORMANCE WARNING: useCacheForAllThreads is true that may cause Netty to create a lot garbage objects and, as a result, trigger GC.
	It is recommended to disable useCacheForAllThreads by setting -Dorg.apache.ratis.thirdparty.io.netty.allocator.useCacheForAllThreads=false in command line.
2019-10-15 08:42:51,008 [main] INFO  grpc.GrpcConfigKeys$Server (ConfUtils.java:logGet(43)) - raft.grpc.server.port = 0 (default)
2019-10-15 08:42:51,008 [main] INFO  server.GrpcService (ConfUtils.java:logGet(43)) - raft.grpc.message.size.max = 33570816 (custom)
2019-10-15 08:42:51,008 [main] INFO  server.RaftServerConfigKeys (ConfUtils.java:logGet(43)) - raft.server.log.appender.buffer.byte-limit = 33554432 (custom)
2019-10-15 08:42:51,008 [main] INFO  server.GrpcService (ConfUtils.java:logGet(43)) - raft.grpc.flow.control.window = 1MB (=1048576) (default)
2019-10-15 08:42:51,008 [main] INFO  server.RaftServerConfigKeys (ConfUtils.java:logGet(43)) - raft.server.rpc.request.timeout = 3000ms (default)
2019-10-15 08:42:51,009 [main] INFO  server.RaftServerConfigKeys (ConfUtils.java:logGet(43)) - raft.server.storage.dir = [/workdir/hadoop-ozone/integration-test/target/test-dir/MiniOzoneClusterImpl-d07e3086-68e0-4340-b24d-43dfb7c1e85c/datanode-3/data/ratis] (custom)
2019-10-15 08:42:51,010 [main] INFO  hdfs.DFSUtil (DFSUtil.java:httpServerTemplateForNNAndJN(1641)) - Starting Web-server for hddsDatanode at: http://0.0.0.0:0
2019-10-15 08:42:51,011 [main] INFO  server.AuthenticationFilter (AuthenticationFilter.java:constructSecretProvider(240)) - Unable to initialize FileSignerSecretProvider, falling back to use random secrets.
2019-10-15 08:42:51,011 [main] WARN  http.HttpRequestLog (HttpRequestLog.java:getRequestLog(97)) - Jetty request log can only be enabled using Log4j
2019-10-15 08:42:51,012 [main] INFO  http.HttpServer2 (HttpServer2.java:addGlobalFilter(975)) - Added global filter 'safety' (class=org.apache.hadoop.http.HttpServer2$QuotingInputFilter)
2019-10-15 08:42:51,013 [main] INFO  http.HttpServer2 (HttpServer2.java:addFilter(948)) - Added filter static_user_filter (class=org.apache.hadoop.http.lib.StaticUserWebFilter$StaticUserFilter) to context hddsDatanode
2019-10-15 08:42:51,013 [main] INFO  http.HttpServer2 (HttpServer2.java:addFilter(958)) - Added filter static_user_filter (class=org.apache.hadoop.http.lib.StaticUserWebFilter$StaticUserFilter) to context logs
2019-10-15 08:42:51,013 [main] INFO  http.HttpServer2 (HttpServer2.java:addFilter(958)) - Added filter static_user_filter (class=org.apache.hadoop.http.lib.StaticUserWebFilter$StaticUserFilter) to context static
2019-10-15 08:42:51,014 [main] INFO  http.HttpServer2 (HttpServer2.java:bindListener(1191)) - Jetty bound to port 36760
2019-10-15 08:42:51,014 [main] INFO  server.Server (Server.java:doStart(351)) - jetty-9.3.25.v20180904, build timestamp: 2018-09-04T21:11:46Z, git hash: 3ce520221d0240229c862b122d2b06c12a625732
2019-10-15 08:42:51,016 [main] INFO  handler.ContextHandler (ContextHandler.java:doStart(781)) - Started o.e.j.s.ServletContextHandler@530ee28b{/logs,file:///workdir/hadoop-ozone/integration-test/target/log,AVAILABLE}
2019-10-15 08:42:51,017 [main] INFO  handler.ContextHandler (ContextHandler.java:doStart(781)) - Started o.e.j.s.ServletContextHandler@4def7d36{/static,jar:file:/home/user/.m2/repository/org/apache/hadoop/hadoop-hdds-container-service/0.5.0-SNAPSHOT/hadoop-hdds-container-service-0.5.0-SNAPSHOT.jar!/webapps/static,AVAILABLE}
2019-10-15 08:42:51,046 [main] INFO  handler.ContextHandler (ContextHandler.java:doStart(781)) - Started o.e.j.w.WebAppContext@66e341e9{/,file:///tmp/jetty-0.0.0.0-36760-hddsDatanode-_-any-2455032995192747681.dir/webapp/,AVAILABLE}{/hddsDatanode}
2019-10-15 08:42:51,046 [main] INFO  server.AbstractConnector (AbstractConnector.java:doStart(278)) - Started ServerConnector@5b48f0f4{HTTP/1.1,[http/1.1]}{0.0.0.0:36760}
2019-10-15 08:42:51,048 [main] INFO  server.Server (Server.java:doStart(419)) - Started @230100ms
2019-10-15 08:42:51,048 [main] WARN  impl.MetricsSystemImpl (MetricsSystemImpl.java:register(276)) - Sink prometheus already exists!
2019-10-15 08:42:51,049 [main] INFO  server.BaseHttpServer (BaseHttpServer.java:updateConnectorAddress(215)) - HTTP server of HDDSDATANODE is listening at http://0.0.0.0:36760
2019-10-15 08:42:51,050 [main] INFO  impl.MetricsSystemImpl (MetricsSystemImpl.java:init(158)) - HddsDatanode metrics system started (again)
2019-10-15 08:42:51,057 [org.apache.hadoop.util.JvmPauseMonitor$Monitor@64c0463f] INFO  util.JvmPauseMonitor (JvmPauseMonitor.java:run(188)) - Starting JVM pause monitor
2019-10-15 08:42:51,058 [main] INFO  ozone.HddsDatanodeService (HddsDatanodeService.java:start(184)) - HddsDatanodeService host:pr-hdds-1569-hdnwc-3336613964 ip:192.168.164.209
2019-10-15 08:42:51,059 [Datanode State Machine Thread - 0] INFO  datanode.InitDatanodeState (InitDatanodeState.java:persistContainerDatanodeDetails(140)) - DatanodeDetails is persisted to /workdir/hadoop-ozone/integration-test/target/test-dir/MiniOzoneClusterImpl-d07e3086-68e0-4340-b24d-43dfb7c1e85c/datanode-3/meta/datanode.id
2019-10-15 08:42:51,064 [main] INFO  volume.HddsVolume (HddsVolume.java:<init>(176)) - Creating Volume: /workdir/hadoop-ozone/integration-test/target/test-dir/MiniOzoneClusterImpl-d07e3086-68e0-4340-b24d-43dfb7c1e85c/datanode-4/data/containers/hdds of  storage type : DISK and capacity : 1482555576320
2019-10-15 08:42:51,065 [main] INFO  volume.VolumeSet (VolumeSet.java:initializeVolumeSet(170)) - Added Volume : /workdir/hadoop-ozone/integration-test/target/test-dir/MiniOzoneClusterImpl-d07e3086-68e0-4340-b24d-43dfb7c1e85c/datanode-4/data/containers/hdds to VolumeSet
2019-10-15 08:42:51,065 [main] INFO  volume.ThrottledAsyncChecker (ThrottledAsyncChecker.java:schedule(141)) - Scheduling a check for org.apache.hadoop.ozone.container.common.volume.HddsVolume@5939e24
2019-10-15 08:42:51,065 [main] INFO  volume.HddsVolumeChecker (HddsVolumeChecker.java:checkAllVolumes(204)) - Scheduled health check for volume org.apache.hadoop.ozone.container.common.volume.HddsVolume@5939e24
2019-10-15 08:42:51,078 [main] INFO  impl.RaftServerProxy (ConfUtils.java:logGet(43)) - raft.rpc.type = GRPC (default)
2019-10-15 08:42:51,078 [main] INFO  grpc.GrpcFactory (GrpcFactory.java:checkPooledByteBufAllocatorUseCacheForAllThreads(45)) - PERFORMANCE WARNING: useCacheForAllThreads is true that may cause Netty to create a lot garbage objects and, as a result, trigger GC.
	It is recommended to disable useCacheForAllThreads by setting -Dorg.apache.ratis.thirdparty.io.netty.allocator.useCacheForAllThreads=false in command line.
2019-10-15 08:42:51,078 [main] INFO  grpc.GrpcConfigKeys$Server (ConfUtils.java:logGet(43)) - raft.grpc.server.port = 0 (default)
2019-10-15 08:42:51,079 [main] INFO  server.GrpcService (ConfUtils.java:logGet(43)) - raft.grpc.message.size.max = 33570816 (custom)
2019-10-15 08:42:51,079 [main] INFO  server.RaftServerConfigKeys (ConfUtils.java:logGet(43)) - raft.server.log.appender.buffer.byte-limit = 33554432 (custom)
2019-10-15 08:42:51,079 [main] INFO  server.GrpcService (ConfUtils.java:logGet(43)) - raft.grpc.flow.control.window = 1MB (=1048576) (default)
2019-10-15 08:42:51,079 [main] INFO  server.RaftServerConfigKeys (ConfUtils.java:logGet(43)) - raft.server.rpc.request.timeout = 3000ms (default)
2019-10-15 08:42:51,080 [main] INFO  server.RaftServerConfigKeys (ConfUtils.java:logGet(43)) - raft.server.storage.dir = [/workdir/hadoop-ozone/integration-test/target/test-dir/MiniOzoneClusterImpl-d07e3086-68e0-4340-b24d-43dfb7c1e85c/datanode-4/data/ratis] (custom)
2019-10-15 08:42:51,081 [main] INFO  hdfs.DFSUtil (DFSUtil.java:httpServerTemplateForNNAndJN(1641)) - Starting Web-server for hddsDatanode at: http://0.0.0.0:0
2019-10-15 08:42:51,082 [main] INFO  server.AuthenticationFilter (AuthenticationFilter.java:constructSecretProvider(240)) - Unable to initialize FileSignerSecretProvider, falling back to use random secrets.
2019-10-15 08:42:51,082 [main] WARN  http.HttpRequestLog (HttpRequestLog.java:getRequestLog(97)) - Jetty request log can only be enabled using Log4j
2019-10-15 08:42:51,084 [main] INFO  http.HttpServer2 (HttpServer2.java:addGlobalFilter(975)) - Added global filter 'safety' (class=org.apache.hadoop.http.HttpServer2$QuotingInputFilter)
2019-10-15 08:42:51,084 [main] INFO  http.HttpServer2 (HttpServer2.java:addFilter(948)) - Added filter static_user_filter (class=org.apache.hadoop.http.lib.StaticUserWebFilter$StaticUserFilter) to context hddsDatanode
2019-10-15 08:42:51,084 [main] INFO  http.HttpServer2 (HttpServer2.java:addFilter(958)) - Added filter static_user_filter (class=org.apache.hadoop.http.lib.StaticUserWebFilter$StaticUserFilter) to context logs
2019-10-15 08:42:51,084 [main] INFO  http.HttpServer2 (HttpServer2.java:addFilter(958)) - Added filter static_user_filter (class=org.apache.hadoop.http.lib.StaticUserWebFilter$StaticUserFilter) to context static
2019-10-15 08:42:51,085 [main] INFO  http.HttpServer2 (HttpServer2.java:bindListener(1191)) - Jetty bound to port 45737
2019-10-15 08:42:51,085 [main] INFO  server.Server (Server.java:doStart(351)) - jetty-9.3.25.v20180904, build timestamp: 2018-09-04T21:11:46Z, git hash: 3ce520221d0240229c862b122d2b06c12a625732
2019-10-15 08:42:51,087 [main] INFO  handler.ContextHandler (ContextHandler.java:doStart(781)) - Started o.e.j.s.ServletContextHandler@28b523a{/logs,file:///workdir/hadoop-ozone/integration-test/target/log,AVAILABLE}
2019-10-15 08:42:51,087 [main] INFO  handler.ContextHandler (ContextHandler.java:doStart(781)) - Started o.e.j.s.ServletContextHandler@63d677f5{/static,jar:file:/home/user/.m2/repository/org/apache/hadoop/hadoop-hdds-container-service/0.5.0-SNAPSHOT/hadoop-hdds-container-service-0.5.0-SNAPSHOT.jar!/webapps/static,AVAILABLE}
2019-10-15 08:42:51,113 [main] INFO  handler.ContextHandler (ContextHandler.java:doStart(781)) - Started o.e.j.w.WebAppContext@743c3520{/,file:///tmp/jetty-0.0.0.0-45737-hddsDatanode-_-any-6642738707369255112.dir/webapp/,AVAILABLE}{/hddsDatanode}
2019-10-15 08:42:51,113 [main] INFO  server.AbstractConnector (AbstractConnector.java:doStart(278)) - Started ServerConnector@6842c101{HTTP/1.1,[http/1.1]}{0.0.0.0:45737}
2019-10-15 08:42:51,115 [main] INFO  server.Server (Server.java:doStart(419)) - Started @230166ms
2019-10-15 08:42:51,115 [main] WARN  impl.MetricsSystemImpl (MetricsSystemImpl.java:register(276)) - Sink prometheus already exists!
2019-10-15 08:42:51,115 [main] INFO  server.BaseHttpServer (BaseHttpServer.java:updateConnectorAddress(215)) - HTTP server of HDDSDATANODE is listening at http://0.0.0.0:45737
2019-10-15 08:42:51,115 [main] INFO  impl.MetricsSystemImpl (MetricsSystemImpl.java:init(158)) - HddsDatanode metrics system started (again)
2019-10-15 08:42:51,123 [org.apache.hadoop.util.JvmPauseMonitor$Monitor@48e1c63d] INFO  util.JvmPauseMonitor (JvmPauseMonitor.java:run(188)) - Starting JVM pause monitor
2019-10-15 08:42:51,124 [main] INFO  ozone.HddsDatanodeService (HddsDatanodeService.java:start(184)) - HddsDatanodeService host:pr-hdds-1569-hdnwc-3336613964 ip:192.168.164.209
2019-10-15 08:42:51,124 [Datanode State Machine Thread - 0] INFO  datanode.InitDatanodeState (InitDatanodeState.java:persistContainerDatanodeDetails(140)) - DatanodeDetails is persisted to /workdir/hadoop-ozone/integration-test/target/test-dir/MiniOzoneClusterImpl-d07e3086-68e0-4340-b24d-43dfb7c1e85c/datanode-4/meta/datanode.id
2019-10-15 08:42:51,130 [main] INFO  volume.HddsVolume (HddsVolume.java:<init>(176)) - Creating Volume: /workdir/hadoop-ozone/integration-test/target/test-dir/MiniOzoneClusterImpl-d07e3086-68e0-4340-b24d-43dfb7c1e85c/datanode-5/data/containers/hdds of  storage type : DISK and capacity : 1482555576320
2019-10-15 08:42:51,130 [main] INFO  volume.VolumeSet (VolumeSet.java:initializeVolumeSet(170)) - Added Volume : /workdir/hadoop-ozone/integration-test/target/test-dir/MiniOzoneClusterImpl-d07e3086-68e0-4340-b24d-43dfb7c1e85c/datanode-5/data/containers/hdds to VolumeSet
2019-10-15 08:42:51,130 [main] INFO  volume.ThrottledAsyncChecker (ThrottledAsyncChecker.java:schedule(141)) - Scheduling a check for org.apache.hadoop.ozone.container.common.volume.HddsVolume@175c5c3a
2019-10-15 08:42:51,134 [main] INFO  volume.HddsVolumeChecker (HddsVolumeChecker.java:checkAllVolumes(204)) - Scheduled health check for volume org.apache.hadoop.ozone.container.common.volume.HddsVolume@175c5c3a
2019-10-15 08:42:51,145 [main] INFO  impl.RaftServerProxy (ConfUtils.java:logGet(43)) - raft.rpc.type = GRPC (default)
2019-10-15 08:42:51,146 [main] INFO  grpc.GrpcFactory (GrpcFactory.java:checkPooledByteBufAllocatorUseCacheForAllThreads(45)) - PERFORMANCE WARNING: useCacheForAllThreads is true that may cause Netty to create a lot garbage objects and, as a result, trigger GC.
	It is recommended to disable useCacheForAllThreads by setting -Dorg.apache.ratis.thirdparty.io.netty.allocator.useCacheForAllThreads=false in command line.
2019-10-15 08:42:51,146 [main] INFO  grpc.GrpcConfigKeys$Server (ConfUtils.java:logGet(43)) - raft.grpc.server.port = 0 (default)
2019-10-15 08:42:51,146 [main] INFO  server.GrpcService (ConfUtils.java:logGet(43)) - raft.grpc.message.size.max = 33570816 (custom)
2019-10-15 08:42:51,146 [main] INFO  server.RaftServerConfigKeys (ConfUtils.java:logGet(43)) - raft.server.log.appender.buffer.byte-limit = 33554432 (custom)
2019-10-15 08:42:51,146 [main] INFO  server.GrpcService (ConfUtils.java:logGet(43)) - raft.grpc.flow.control.window = 1MB (=1048576) (default)
2019-10-15 08:42:51,146 [main] INFO  server.RaftServerConfigKeys (ConfUtils.java:logGet(43)) - raft.server.rpc.request.timeout = 3000ms (default)
2019-10-15 08:42:51,147 [main] INFO  server.RaftServerConfigKeys (ConfUtils.java:logGet(43)) - raft.server.storage.dir = [/workdir/hadoop-ozone/integration-test/target/test-dir/MiniOzoneClusterImpl-d07e3086-68e0-4340-b24d-43dfb7c1e85c/datanode-5/data/ratis] (custom)
2019-10-15 08:42:51,148 [main] INFO  hdfs.DFSUtil (DFSUtil.java:httpServerTemplateForNNAndJN(1641)) - Starting Web-server for hddsDatanode at: http://0.0.0.0:0
2019-10-15 08:42:51,149 [main] INFO  server.AuthenticationFilter (AuthenticationFilter.java:constructSecretProvider(240)) - Unable to initialize FileSignerSecretProvider, falling back to use random secrets.
2019-10-15 08:42:51,149 [main] WARN  http.HttpRequestLog (HttpRequestLog.java:getRequestLog(97)) - Jetty request log can only be enabled using Log4j
2019-10-15 08:42:51,151 [main] INFO  http.HttpServer2 (HttpServer2.java:addGlobalFilter(975)) - Added global filter 'safety' (class=org.apache.hadoop.http.HttpServer2$QuotingInputFilter)
2019-10-15 08:42:51,151 [main] INFO  http.HttpServer2 (HttpServer2.java:addFilter(948)) - Added filter static_user_filter (class=org.apache.hadoop.http.lib.StaticUserWebFilter$StaticUserFilter) to context hddsDatanode
2019-10-15 08:42:51,151 [main] INFO  http.HttpServer2 (HttpServer2.java:addFilter(958)) - Added filter static_user_filter (class=org.apache.hadoop.http.lib.StaticUserWebFilter$StaticUserFilter) to context static
2019-10-15 08:42:51,152 [main] INFO  http.HttpServer2 (HttpServer2.java:addFilter(958)) - Added filter static_user_filter (class=org.apache.hadoop.http.lib.StaticUserWebFilter$StaticUserFilter) to context logs
2019-10-15 08:42:51,152 [main] INFO  http.HttpServer2 (HttpServer2.java:bindListener(1191)) - Jetty bound to port 44402
2019-10-15 08:42:51,153 [main] INFO  server.Server (Server.java:doStart(351)) - jetty-9.3.25.v20180904, build timestamp: 2018-09-04T21:11:46Z, git hash: 3ce520221d0240229c862b122d2b06c12a625732
2019-10-15 08:42:51,155 [main] INFO  handler.ContextHandler (ContextHandler.java:doStart(781)) - Started o.e.j.s.ServletContextHandler@6650a6c{/logs,file:///workdir/hadoop-ozone/integration-test/target/log,AVAILABLE}
2019-10-15 08:42:51,155 [main] INFO  handler.ContextHandler (ContextHandler.java:doStart(781)) - Started o.e.j.s.ServletContextHandler@794240e2{/static,jar:file:/home/user/.m2/repository/org/apache/hadoop/hadoop-hdds-container-service/0.5.0-SNAPSHOT/hadoop-hdds-container-service-0.5.0-SNAPSHOT.jar!/webapps/static,AVAILABLE}
2019-10-15 08:42:51,186 [main] INFO  handler.ContextHandler (ContextHandler.java:doStart(781)) - Started o.e.j.w.WebAppContext@3ab595c8{/,file:///tmp/jetty-0.0.0.0-44402-hddsDatanode-_-any-1632477590172666689.dir/webapp/,AVAILABLE}{/hddsDatanode}
2019-10-15 08:42:51,187 [main] INFO  server.AbstractConnector (AbstractConnector.java:doStart(278)) - Started ServerConnector@2365ea38{HTTP/1.1,[http/1.1]}{0.0.0.0:44402}
2019-10-15 08:42:51,189 [main] INFO  server.Server (Server.java:doStart(419)) - Started @230240ms
2019-10-15 08:42:51,189 [main] WARN  impl.MetricsSystemImpl (MetricsSystemImpl.java:register(276)) - Sink prometheus already exists!
2019-10-15 08:42:51,190 [main] INFO  server.BaseHttpServer (BaseHttpServer.java:updateConnectorAddress(215)) - HTTP server of HDDSDATANODE is listening at http://0.0.0.0:44402
2019-10-15 08:42:51,190 [main] INFO  impl.MetricsSystemImpl (MetricsSystemImpl.java:init(158)) - HddsDatanode metrics system started (again)
2019-10-15 08:42:51,191 [org.apache.hadoop.util.JvmPauseMonitor$Monitor@600fdac0] INFO  util.JvmPauseMonitor (JvmPauseMonitor.java:run(188)) - Starting JVM pause monitor
2019-10-15 08:42:51,195 [Datanode State Machine Thread - 0] INFO  datanode.InitDatanodeState (InitDatanodeState.java:persistContainerDatanodeDetails(140)) - DatanodeDetails is persisted to /workdir/hadoop-ozone/integration-test/target/test-dir/MiniOzoneClusterImpl-d07e3086-68e0-4340-b24d-43dfb7c1e85c/datanode-5/meta/datanode.id
2019-10-15 08:42:51,203 [main] INFO  ozone.HddsDatanodeService (HddsDatanodeService.java:start(184)) - HddsDatanodeService host:pr-hdds-1569-hdnwc-3336613964 ip:192.168.164.209
2019-10-15 08:42:51,212 [main] INFO  volume.HddsVolume (HddsVolume.java:<init>(176)) - Creating Volume: /workdir/hadoop-ozone/integration-test/target/test-dir/MiniOzoneClusterImpl-d07e3086-68e0-4340-b24d-43dfb7c1e85c/datanode-6/data/containers/hdds of  storage type : DISK and capacity : 1482555576320
2019-10-15 08:42:51,212 [main] INFO  volume.VolumeSet (VolumeSet.java:initializeVolumeSet(170)) - Added Volume : /workdir/hadoop-ozone/integration-test/target/test-dir/MiniOzoneClusterImpl-d07e3086-68e0-4340-b24d-43dfb7c1e85c/datanode-6/data/containers/hdds to VolumeSet
2019-10-15 08:42:51,212 [main] INFO  volume.ThrottledAsyncChecker (ThrottledAsyncChecker.java:schedule(141)) - Scheduling a check for org.apache.hadoop.ozone.container.common.volume.HddsVolume@a3cba3a
2019-10-15 08:42:51,213 [main] INFO  volume.HddsVolumeChecker (HddsVolumeChecker.java:checkAllVolumes(204)) - Scheduled health check for volume org.apache.hadoop.ozone.container.common.volume.HddsVolume@a3cba3a
2019-10-15 08:42:51,228 [main] INFO  impl.RaftServerProxy (ConfUtils.java:logGet(43)) - raft.rpc.type = GRPC (default)
2019-10-15 08:42:51,228 [main] INFO  grpc.GrpcFactory (GrpcFactory.java:checkPooledByteBufAllocatorUseCacheForAllThreads(45)) - PERFORMANCE WARNING: useCacheForAllThreads is true that may cause Netty to create a lot garbage objects and, as a result, trigger GC.
	It is recommended to disable useCacheForAllThreads by setting -Dorg.apache.ratis.thirdparty.io.netty.allocator.useCacheForAllThreads=false in command line.
2019-10-15 08:42:51,228 [main] INFO  grpc.GrpcConfigKeys$Server (ConfUtils.java:logGet(43)) - raft.grpc.server.port = 0 (default)
2019-10-15 08:42:51,228 [main] INFO  server.GrpcService (ConfUtils.java:logGet(43)) - raft.grpc.message.size.max = 33570816 (custom)
2019-10-15 08:42:51,228 [main] INFO  server.RaftServerConfigKeys (ConfUtils.java:logGet(43)) - raft.server.log.appender.buffer.byte-limit = 33554432 (custom)
2019-10-15 08:42:51,228 [main] INFO  server.GrpcService (ConfUtils.java:logGet(43)) - raft.grpc.flow.control.window = 1MB (=1048576) (default)
2019-10-15 08:42:51,229 [main] INFO  server.RaftServerConfigKeys (ConfUtils.java:logGet(43)) - raft.server.rpc.request.timeout = 3000ms (default)
2019-10-15 08:42:51,229 [main] INFO  server.RaftServerConfigKeys (ConfUtils.java:logGet(43)) - raft.server.storage.dir = [/workdir/hadoop-ozone/integration-test/target/test-dir/MiniOzoneClusterImpl-d07e3086-68e0-4340-b24d-43dfb7c1e85c/datanode-6/data/ratis] (custom)
2019-10-15 08:42:51,230 [main] INFO  hdfs.DFSUtil (DFSUtil.java:httpServerTemplateForNNAndJN(1641)) - Starting Web-server for hddsDatanode at: http://0.0.0.0:0
2019-10-15 08:42:51,231 [main] INFO  server.AuthenticationFilter (AuthenticationFilter.java:constructSecretProvider(240)) - Unable to initialize FileSignerSecretProvider, falling back to use random secrets.
2019-10-15 08:42:51,232 [main] WARN  http.HttpRequestLog (HttpRequestLog.java:getRequestLog(97)) - Jetty request log can only be enabled using Log4j
2019-10-15 08:42:51,233 [main] INFO  http.HttpServer2 (HttpServer2.java:addGlobalFilter(975)) - Added global filter 'safety' (class=org.apache.hadoop.http.HttpServer2$QuotingInputFilter)
2019-10-15 08:42:51,233 [main] INFO  http.HttpServer2 (HttpServer2.java:addFilter(948)) - Added filter static_user_filter (class=org.apache.hadoop.http.lib.StaticUserWebFilter$StaticUserFilter) to context hddsDatanode
2019-10-15 08:42:51,234 [main] INFO  http.HttpServer2 (HttpServer2.java:addFilter(958)) - Added filter static_user_filter (class=org.apache.hadoop.http.lib.StaticUserWebFilter$StaticUserFilter) to context static
2019-10-15 08:42:51,234 [main] INFO  http.HttpServer2 (HttpServer2.java:addFilter(958)) - Added filter static_user_filter (class=org.apache.hadoop.http.lib.StaticUserWebFilter$StaticUserFilter) to context logs
2019-10-15 08:42:51,234 [main] INFO  http.HttpServer2 (HttpServer2.java:bindListener(1191)) - Jetty bound to port 43174
2019-10-15 08:42:51,234 [main] INFO  server.Server (Server.java:doStart(351)) - jetty-9.3.25.v20180904, build timestamp: 2018-09-04T21:11:46Z, git hash: 3ce520221d0240229c862b122d2b06c12a625732
2019-10-15 08:42:51,236 [main] INFO  handler.ContextHandler (ContextHandler.java:doStart(781)) - Started o.e.j.s.ServletContextHandler@10817f46{/logs,file:///workdir/hadoop-ozone/integration-test/target/log,AVAILABLE}
2019-10-15 08:42:51,236 [main] INFO  handler.ContextHandler (ContextHandler.java:doStart(781)) - Started o.e.j.s.ServletContextHandler@4a22e4d7{/static,jar:file:/home/user/.m2/repository/org/apache/hadoop/hadoop-hdds-container-service/0.5.0-SNAPSHOT/hadoop-hdds-container-service-0.5.0-SNAPSHOT.jar!/webapps/static,AVAILABLE}
2019-10-15 08:42:51,264 [main] INFO  handler.ContextHandler (ContextHandler.java:doStart(781)) - Started o.e.j.w.WebAppContext@7ceb6c45{/,file:///tmp/jetty-0.0.0.0-43174-hddsDatanode-_-any-5669633274608080850.dir/webapp/,AVAILABLE}{/hddsDatanode}
2019-10-15 08:42:51,264 [main] INFO  server.AbstractConnector (AbstractConnector.java:doStart(278)) - Started ServerConnector@629075f4{HTTP/1.1,[http/1.1]}{0.0.0.0:43174}
2019-10-15 08:42:51,267 [main] INFO  server.Server (Server.java:doStart(419)) - Started @230318ms
2019-10-15 08:42:51,267 [main] WARN  impl.MetricsSystemImpl (MetricsSystemImpl.java:register(276)) - Sink prometheus already exists!
2019-10-15 08:42:51,268 [main] INFO  server.BaseHttpServer (BaseHttpServer.java:updateConnectorAddress(215)) - HTTP server of HDDSDATANODE is listening at http://0.0.0.0:43174
2019-10-15 08:42:51,268 [main] INFO  ozone.MiniOzoneClusterImpl (MiniOzoneClusterImpl.java:lambda$waitForClusterToBeReady$0(147)) - Waiting for cluster to be ready. Got 0 of 7 DN Heartbeats.
2019-10-15 08:42:51,269 [org.apache.hadoop.util.JvmPauseMonitor$Monitor@b3319eb] INFO  util.JvmPauseMonitor (JvmPauseMonitor.java:run(188)) - Starting JVM pause monitor
2019-10-15 08:42:51,271 [Datanode State Machine Thread - 0] INFO  datanode.InitDatanodeState (InitDatanodeState.java:persistContainerDatanodeDetails(140)) - DatanodeDetails is persisted to /workdir/hadoop-ozone/integration-test/target/test-dir/MiniOzoneClusterImpl-d07e3086-68e0-4340-b24d-43dfb7c1e85c/datanode-6/meta/datanode.id
2019-10-15 08:42:52,268 [main] INFO  ozone.MiniOzoneClusterImpl (MiniOzoneClusterImpl.java:lambda$waitForClusterToBeReady$0(147)) - Waiting for cluster to be ready. Got 0 of 7 DN Heartbeats.
2019-10-15 08:42:52,907 [Datanode State Machine Thread - 0] INFO  ozoneimpl.OzoneContainer (OzoneContainer.java:start(213)) - Attempting to start container services.
2019-10-15 08:42:52,908 [Datanode State Machine Thread - 0] INFO  ozoneimpl.OzoneContainer (OzoneContainer.java:startContainerScrub(177)) - Background container scanner has been disabled.
2019-10-15 08:42:52,908 [Datanode State Machine Thread - 0] INFO  ratis.XceiverServerRatis (XceiverServerRatis.java:start(418)) - Starting XceiverServerRatis 77143d31-7a05-49d3-8166-c63e8419bc63 at port 0
2019-10-15 08:42:52,915 [Datanode State Machine Thread - 0] INFO  impl.RaftServerProxy (RaftServerProxy.java:lambda$start$3(299)) - 77143d31-7a05-49d3-8166-c63e8419bc63: start RPC server
2019-10-15 08:42:52,928 [Datanode State Machine Thread - 0] INFO  server.GrpcService (GrpcService.java:startImpl(158)) - 77143d31-7a05-49d3-8166-c63e8419bc63: GrpcService started, listening on 0.0.0.0/0.0.0.0:44002
2019-10-15 08:42:52,928 [Datanode State Machine Thread - 0] INFO  ratis.XceiverServerRatis (XceiverServerRatis.java:start(428)) - XceiverServerRatis 77143d31-7a05-49d3-8166-c63e8419bc63 is started using port 44002
2019-10-15 08:42:52,931 [Datanode State Machine Thread - 0] INFO  server.XceiverServerGrpc (XceiverServerGrpc.java:start(149)) - XceiverServerGrpc 77143d31-7a05-49d3-8166-c63e8419bc63 is started using port 41595
2019-10-15 08:42:52,958 [Datanode State Machine Thread - 0] INFO  ozoneimpl.OzoneContainer (OzoneContainer.java:start(213)) - Attempting to start container services.
2019-10-15 08:42:52,958 [Datanode State Machine Thread - 0] INFO  ozoneimpl.OzoneContainer (OzoneContainer.java:startContainerScrub(177)) - Background container scanner has been disabled.
2019-10-15 08:42:52,958 [Datanode State Machine Thread - 0] INFO  ratis.XceiverServerRatis (XceiverServerRatis.java:start(418)) - Starting XceiverServerRatis 6d748945-2cb3-4aae-9aee-4a048f933dd9 at port 0
2019-10-15 08:42:52,964 [Datanode State Machine Thread - 0] INFO  impl.RaftServerProxy (RaftServerProxy.java:lambda$start$3(299)) - 6d748945-2cb3-4aae-9aee-4a048f933dd9: start RPC server
2019-10-15 08:42:52,964 [Datanode State Machine Thread - 0] INFO  server.GrpcService (GrpcService.java:startImpl(158)) - 6d748945-2cb3-4aae-9aee-4a048f933dd9: GrpcService started, listening on 0.0.0.0/0.0.0.0:33292
2019-10-15 08:42:52,964 [Datanode State Machine Thread - 0] INFO  ratis.XceiverServerRatis (XceiverServerRatis.java:start(428)) - XceiverServerRatis 6d748945-2cb3-4aae-9aee-4a048f933dd9 is started using port 33292
2019-10-15 08:42:52,965 [Datanode State Machine Thread - 0] INFO  server.XceiverServerGrpc (XceiverServerGrpc.java:start(149)) - XceiverServerGrpc 6d748945-2cb3-4aae-9aee-4a048f933dd9 is started using port 33404
2019-10-15 08:42:53,016 [Datanode State Machine Thread - 0] INFO  ozoneimpl.OzoneContainer (OzoneContainer.java:start(213)) - Attempting to start container services.
2019-10-15 08:42:53,016 [Datanode State Machine Thread - 0] INFO  ozoneimpl.OzoneContainer (OzoneContainer.java:startContainerScrub(177)) - Background container scanner has been disabled.
2019-10-15 08:42:53,017 [Datanode State Machine Thread - 0] INFO  ratis.XceiverServerRatis (XceiverServerRatis.java:start(418)) - Starting XceiverServerRatis a157920a-90c8-4f06-9961-45c06f377a82 at port 0
2019-10-15 08:42:53,022 [Datanode State Machine Thread - 0] INFO  impl.RaftServerProxy (RaftServerProxy.java:lambda$start$3(299)) - a157920a-90c8-4f06-9961-45c06f377a82: start RPC server
2019-10-15 08:42:53,023 [Datanode State Machine Thread - 0] INFO  server.GrpcService (GrpcService.java:startImpl(158)) - a157920a-90c8-4f06-9961-45c06f377a82: GrpcService started, listening on 0.0.0.0/0.0.0.0:45973
2019-10-15 08:42:53,023 [Datanode State Machine Thread - 0] INFO  ratis.XceiverServerRatis (XceiverServerRatis.java:start(428)) - XceiverServerRatis a157920a-90c8-4f06-9961-45c06f377a82 is started using port 45973
2019-10-15 08:42:53,024 [Datanode State Machine Thread - 0] INFO  server.XceiverServerGrpc (XceiverServerGrpc.java:start(149)) - XceiverServerGrpc a157920a-90c8-4f06-9961-45c06f377a82 is started using port 37559
2019-10-15 08:42:53,083 [Datanode State Machine Thread - 0] INFO  ozoneimpl.OzoneContainer (OzoneContainer.java:start(213)) - Attempting to start container services.
2019-10-15 08:42:53,084 [Datanode State Machine Thread - 0] INFO  ozoneimpl.OzoneContainer (OzoneContainer.java:startContainerScrub(177)) - Background container scanner has been disabled.
2019-10-15 08:42:53,084 [Datanode State Machine Thread - 0] INFO  ratis.XceiverServerRatis (XceiverServerRatis.java:start(418)) - Starting XceiverServerRatis 54862fcb-67c7-42a5-84bb-0e71c50d9a51 at port 0
2019-10-15 08:42:53,090 [Datanode State Machine Thread - 0] INFO  impl.RaftServerProxy (RaftServerProxy.java:lambda$start$3(299)) - 54862fcb-67c7-42a5-84bb-0e71c50d9a51: start RPC server
2019-10-15 08:42:53,093 [Datanode State Machine Thread - 0] INFO  server.GrpcService (GrpcService.java:startImpl(158)) - 54862fcb-67c7-42a5-84bb-0e71c50d9a51: GrpcService started, listening on 0.0.0.0/0.0.0.0:41983
2019-10-15 08:42:53,094 [Datanode State Machine Thread - 0] INFO  ratis.XceiverServerRatis (XceiverServerRatis.java:start(428)) - XceiverServerRatis 54862fcb-67c7-42a5-84bb-0e71c50d9a51 is started using port 41983
2019-10-15 08:42:53,094 [Datanode State Machine Thread - 0] INFO  server.XceiverServerGrpc (XceiverServerGrpc.java:start(149)) - XceiverServerGrpc 54862fcb-67c7-42a5-84bb-0e71c50d9a51 is started using port 46337
2019-10-15 08:42:53,150 [Datanode State Machine Thread - 0] INFO  ozoneimpl.OzoneContainer (OzoneContainer.java:start(213)) - Attempting to start container services.
2019-10-15 08:42:53,151 [Datanode State Machine Thread - 0] INFO  ozoneimpl.OzoneContainer (OzoneContainer.java:startContainerScrub(177)) - Background container scanner has been disabled.
2019-10-15 08:42:53,151 [Datanode State Machine Thread - 0] INFO  ratis.XceiverServerRatis (XceiverServerRatis.java:start(418)) - Starting XceiverServerRatis 4c00b829-f7eb-437b-9af3-99601f151fac at port 0
2019-10-15 08:42:53,157 [Datanode State Machine Thread - 0] INFO  impl.RaftServerProxy (RaftServerProxy.java:lambda$start$3(299)) - 4c00b829-f7eb-437b-9af3-99601f151fac: start RPC server
2019-10-15 08:42:53,160 [Datanode State Machine Thread - 0] INFO  server.GrpcService (GrpcService.java:startImpl(158)) - 4c00b829-f7eb-437b-9af3-99601f151fac: GrpcService started, listening on 0.0.0.0/0.0.0.0:39950
2019-10-15 08:42:53,160 [Datanode State Machine Thread - 0] INFO  ratis.XceiverServerRatis (XceiverServerRatis.java:start(428)) - XceiverServerRatis 4c00b829-f7eb-437b-9af3-99601f151fac is started using port 39950
2019-10-15 08:42:53,161 [Datanode State Machine Thread - 0] INFO  server.XceiverServerGrpc (XceiverServerGrpc.java:start(149)) - XceiverServerGrpc 4c00b829-f7eb-437b-9af3-99601f151fac is started using port 46311
2019-10-15 08:42:53,217 [Datanode State Machine Thread - 0] INFO  ozoneimpl.OzoneContainer (OzoneContainer.java:start(213)) - Attempting to start container services.
2019-10-15 08:42:53,218 [Datanode State Machine Thread - 0] INFO  ozoneimpl.OzoneContainer (OzoneContainer.java:startContainerScrub(177)) - Background container scanner has been disabled.
2019-10-15 08:42:53,218 [Datanode State Machine Thread - 0] INFO  ratis.XceiverServerRatis (XceiverServerRatis.java:start(418)) - Starting XceiverServerRatis f6d552c9-f983-4597-b4d0-1b438ea21ad8 at port 0
2019-10-15 08:42:53,224 [Datanode State Machine Thread - 0] INFO  impl.RaftServerProxy (RaftServerProxy.java:lambda$start$3(299)) - f6d552c9-f983-4597-b4d0-1b438ea21ad8: start RPC server
2019-10-15 08:42:53,224 [Datanode State Machine Thread - 0] INFO  server.GrpcService (GrpcService.java:startImpl(158)) - f6d552c9-f983-4597-b4d0-1b438ea21ad8: GrpcService started, listening on 0.0.0.0/0.0.0.0:37602
2019-10-15 08:42:53,224 [Datanode State Machine Thread - 0] INFO  ratis.XceiverServerRatis (XceiverServerRatis.java:start(428)) - XceiverServerRatis f6d552c9-f983-4597-b4d0-1b438ea21ad8 is started using port 37602
2019-10-15 08:42:53,225 [Datanode State Machine Thread - 0] INFO  server.XceiverServerGrpc (XceiverServerGrpc.java:start(149)) - XceiverServerGrpc f6d552c9-f983-4597-b4d0-1b438ea21ad8 is started using port 43456
2019-10-15 08:42:53,269 [main] INFO  ozone.MiniOzoneClusterImpl (MiniOzoneClusterImpl.java:lambda$waitForClusterToBeReady$0(147)) - Waiting for cluster to be ready. Got 0 of 7 DN Heartbeats.
2019-10-15 08:42:53,301 [Datanode State Machine Thread - 0] INFO  ozoneimpl.OzoneContainer (OzoneContainer.java:start(213)) - Attempting to start container services.
2019-10-15 08:42:53,301 [Datanode State Machine Thread - 0] INFO  ozoneimpl.OzoneContainer (OzoneContainer.java:startContainerScrub(177)) - Background container scanner has been disabled.
2019-10-15 08:42:53,301 [Datanode State Machine Thread - 0] INFO  ratis.XceiverServerRatis (XceiverServerRatis.java:start(418)) - Starting XceiverServerRatis fce1772e-bc8b-45e5-be45-8c8cf120d735 at port 0
2019-10-15 08:42:53,308 [Datanode State Machine Thread - 0] INFO  impl.RaftServerProxy (RaftServerProxy.java:lambda$start$3(299)) - fce1772e-bc8b-45e5-be45-8c8cf120d735: start RPC server
2019-10-15 08:42:53,308 [Datanode State Machine Thread - 0] INFO  server.GrpcService (GrpcService.java:startImpl(158)) - fce1772e-bc8b-45e5-be45-8c8cf120d735: GrpcService started, listening on 0.0.0.0/0.0.0.0:32893
2019-10-15 08:42:53,308 [Datanode State Machine Thread - 0] INFO  ratis.XceiverServerRatis (XceiverServerRatis.java:start(428)) - XceiverServerRatis fce1772e-bc8b-45e5-be45-8c8cf120d735 is started using port 32893
2019-10-15 08:42:53,309 [Datanode State Machine Thread - 0] INFO  server.XceiverServerGrpc (XceiverServerGrpc.java:start(149)) - XceiverServerGrpc fce1772e-bc8b-45e5-be45-8c8cf120d735 is started using port 36428
2019-10-15 08:42:54,270 [main] INFO  ozone.MiniOzoneClusterImpl (MiniOzoneClusterImpl.java:lambda$waitForClusterToBeReady$0(147)) - Waiting for cluster to be ready. Got 0 of 7 DN Heartbeats.
2019-10-15 08:42:54,875 [IPC Server handler 2 on 38824] INFO  net.NetworkTopology (NetworkTopologyImpl.java:add(111)) - Added a new node: /default-rack/77143d31-7a05-49d3-8166-c63e8419bc63
2019-10-15 08:42:54,878 [IPC Server handler 2 on 38824] INFO  node.SCMNodeManager (SCMNodeManager.java:register(268)) - Registered Data node : 77143d31-7a05-49d3-8166-c63e8419bc63{ip: 192.168.164.209, host: pr-hdds-1569-hdnwc-3336613964, networkLocation: /default-rack, certSerialId: null}
2019-10-15 08:42:54,879 [EventQueue-NodeRegistrationContainerReportForDataNodeSafeModeRule] INFO  safemode.SCMSafeModeManager (DataNodeSafeModeRule.java:process(71)) - SCM in safe mode. 1 DataNodes registered, 1 required.
2019-10-15 08:42:54,883 [EventQueue-NodeRegistrationContainerReportForDataNodeSafeModeRule] INFO  safemode.SCMSafeModeManager (SCMSafeModeManager.java:validateSafeModeExitRules(177)) - ScmSafeModeManager, all rules are successfully validated
2019-10-15 08:42:54,883 [EventQueue-NodeRegistrationContainerReportForDataNodeSafeModeRule] INFO  safemode.SCMSafeModeManager (SCMSafeModeManager.java:exitSafeMode(193)) - SCM exiting safe mode.
2019-10-15 08:42:54,898 [grpc-default-executor-1] INFO  impl.RaftServerProxy (RaftServerProxy.java:addNew(89)) - 77143d31-7a05-49d3-8166-c63e8419bc63: addNew group-AA8E42070791:[77143d31-7a05-49d3-8166-c63e8419bc63:192.168.164.209:44002] returns group-AA8E42070791:java.util.concurrent.CompletableFuture@57b516db[Not completed]
2019-10-15 08:42:54,900 [pool-383-thread-1] INFO  impl.RaftServerImpl (RaftServerImpl.java:<init>(95)) - 77143d31-7a05-49d3-8166-c63e8419bc63: new RaftServerImpl for group-AA8E42070791:[77143d31-7a05-49d3-8166-c63e8419bc63:192.168.164.209:44002] with ContainerStateMachine:uninitialized
2019-10-15 08:42:54,900 [pool-383-thread-1] INFO  server.RaftServerConfigKeys (ConfUtils.java:logGet(43)) - raft.server.rpc.timeout.min = 5s (custom)
2019-10-15 08:42:54,901 [pool-383-thread-1] INFO  server.RaftServerConfigKeys (ConfUtils.java:logGet(43)) - raft.server.rpc.timeout.max = 5200ms (custom)
2019-10-15 08:42:54,901 [pool-383-thread-1] INFO  server.RaftServerConfigKeys (ConfUtils.java:logGet(43)) - raft.server.rpcslowness.timeout = 120s (custom)
2019-10-15 08:42:54,901 [pool-383-thread-1] INFO  server.RaftServerConfigKeys (ConfUtils.java:logGet(43)) - raft.server.sleep.deviation.threshold = 300 (default)
2019-10-15 08:42:54,901 [pool-383-thread-1] INFO  server.RaftServerConfigKeys (ConfUtils.java:logGet(43)) - raft.server.log.appender.install.snapshot.enabled = false (custom)
2019-10-15 08:42:54,901 [pool-383-thread-1] INFO  impl.RaftServerImpl (ServerState.java:<init>(103)) - 77143d31-7a05-49d3-8166-c63e8419bc63@group-AA8E42070791: ConfigurationManager, init=-1: [77143d31-7a05-49d3-8166-c63e8419bc63:192.168.164.209:44002], old=null, confs=<EMPTY_MAP>
2019-10-15 08:42:54,901 [pool-383-thread-1] INFO  server.RaftServerConfigKeys (ConfUtils.java:logGet(43)) - raft.server.storage.dir = [/workdir/hadoop-ozone/integration-test/target/test-dir/MiniOzoneClusterImpl-d07e3086-68e0-4340-b24d-43dfb7c1e85c/datanode-0/data/ratis] (custom)
2019-10-15 08:42:54,902 [pool-383-thread-1] INFO  server.RaftServerConfigKeys (ConfUtils.java:logGet(43)) - raft.server.log.corruption.policy = EXCEPTION (default)
2019-10-15 08:42:54,902 [pool-383-thread-1] INFO  storage.RaftStorageDirectory (RaftStorageDirectory.java:analyzeStorage(246)) - The storage directory /workdir/hadoop-ozone/integration-test/target/test-dir/MiniOzoneClusterImpl-d07e3086-68e0-4340-b24d-43dfb7c1e85c/datanode-0/data/ratis/175c9fde-80be-4786-87a5-aa8e42070791 does not exist. Creating ...
2019-10-15 08:42:54,930 [IPC Server handler 5 on 38824] INFO  net.NetworkTopology (NetworkTopologyImpl.java:add(111)) - Added a new node: /default-rack/6d748945-2cb3-4aae-9aee-4a048f933dd9
2019-10-15 08:42:54,931 [IPC Server handler 5 on 38824] INFO  node.SCMNodeManager (SCMNodeManager.java:register(268)) - Registered Data node : 6d748945-2cb3-4aae-9aee-4a048f933dd9{ip: 192.168.164.209, host: pr-hdds-1569-hdnwc-3336613964, networkLocation: /default-rack, certSerialId: null}
2019-10-15 08:42:54,935 [pool-383-thread-1] INFO  storage.RaftStorageDirectory (RaftStorageDirectory.java:tryLock(328)) - Lock on /workdir/hadoop-ozone/integration-test/target/test-dir/MiniOzoneClusterImpl-d07e3086-68e0-4340-b24d-43dfb7c1e85c/datanode-0/data/ratis/175c9fde-80be-4786-87a5-aa8e42070791/in_use.lock acquired by nodename 17889@pr-hdds-1569-hdnwc-3336613964
2019-10-15 08:42:54,960 [pool-383-thread-1] INFO  storage.RaftStorage (RaftStorage.java:format(84)) - Storage directory /workdir/hadoop-ozone/integration-test/target/test-dir/MiniOzoneClusterImpl-d07e3086-68e0-4340-b24d-43dfb7c1e85c/datanode-0/data/ratis/175c9fde-80be-4786-87a5-aa8e42070791 has been successfully formatted.
2019-10-15 08:42:54,960 [pool-383-thread-1] INFO  ratis.ContainerStateMachine (ContainerStateMachine.java:loadSnapshot(231)) - group-AA8E42070791: The snapshot info is null. Setting the last applied indexto:(t:0, i:~)
2019-10-15 08:42:54,961 [pool-383-thread-1] INFO  server.RaftServerConfigKeys (ConfUtils.java:logGet(43)) - raft.server.notification.no-leader.timeout = 120s (custom)
2019-10-15 08:42:54,961 [pool-383-thread-1] INFO  server.RaftServerConfigKeys (ConfUtils.java:logGet(43)) - raft.server.log.use.memory = false (default)
2019-10-15 08:42:54,961 [pool-383-thread-1] INFO  server.RaftServerConfigKeys (ConfUtils.java:logGet(43)) - raft.server.log.purge.gap = 1000000 (custom)
2019-10-15 08:42:54,961 [pool-383-thread-1] INFO  server.RaftServerConfigKeys (ConfUtils.java:logGet(43)) - raft.server.log.appender.buffer.byte-limit = 33554432 (custom)
2019-10-15 08:42:54,961 [pool-383-thread-1] INFO  server.RaftServerConfigKeys (ConfUtils.java:logGet(43)) - raft.server.log.segment.size.max = 1048576 (custom)
2019-10-15 08:42:54,963 [pool-383-thread-1] INFO  server.RaftServerConfigKeys (ConfUtils.java:logGet(43)) - raft.server.log.segment.cache.num.max = 2 (custom)
2019-10-15 08:42:54,963 [pool-383-thread-1] INFO  segmented.SegmentedRaftLogWorker (SegmentedRaftLogWorker.java:<init>(173)) - new 77143d31-7a05-49d3-8166-c63e8419bc63@group-AA8E42070791-SegmentedRaftLogWorker for RaftStorage:Storage Directory /workdir/hadoop-ozone/integration-test/target/test-dir/MiniOzoneClusterImpl-d07e3086-68e0-4340-b24d-43dfb7c1e85c/datanode-0/data/ratis/175c9fde-80be-4786-87a5-aa8e42070791
2019-10-15 08:42:54,963 [pool-383-thread-1] INFO  server.RaftServerConfigKeys (ConfUtils.java:logGet(43)) - raft.server.log.queue.byte-limit = 2147483647 (custom)
2019-10-15 08:42:54,963 [pool-383-thread-1] INFO  server.RaftServerConfigKeys (ConfUtils.java:logGet(43)) - raft.server.log.queue.element-limit = 1024 (custom)
2019-10-15 08:42:54,963 [pool-383-thread-1] INFO  server.RaftServerConfigKeys (ConfUtils.java:logGet(43)) - raft.server.log.segment.size.max = 1048576 (custom)
2019-10-15 08:42:54,963 [pool-383-thread-1] INFO  server.RaftServerConfigKeys (ConfUtils.java:logGet(43)) - raft.server.log.preallocated.size = 16384 (custom)
2019-10-15 08:42:54,963 [pool-383-thread-1] INFO  server.RaftServerConfigKeys (ConfUtils.java:logGet(43)) - raft.server.log.write.buffer.size = 33554432 (custom)
2019-10-15 08:42:54,963 [pool-383-thread-1] INFO  server.RaftServerConfigKeys (ConfUtils.java:logGet(43)) - raft.server.log.force.sync.num = 128 (default)
2019-10-15 08:42:54,963 [pool-383-thread-1] INFO  server.RaftServerConfigKeys (ConfUtils.java:logGet(43)) - raft.server.log.statemachine.data.sync = true (default)
2019-10-15 08:42:54,963 [pool-383-thread-1] INFO  server.RaftServerConfigKeys (ConfUtils.java:logGet(43)) - raft.server.log.statemachine.data.sync.timeout = 10s (default)
2019-10-15 08:42:54,963 [pool-383-thread-1] INFO  server.RaftServerConfigKeys (ConfUtils.java:logGet(43)) - raft.server.log.statemachine.data.sync.timeout.retry = -1 (default)
2019-10-15 08:42:54,964 [pool-383-thread-1] INFO  server.RaftServerConfigKeys (ConfUtils.java:logGet(43)) - raft.server.log.statemachine.data.caching.enabled = true (custom)
2019-10-15 08:42:54,964 [pool-383-thread-1] INFO  segmented.SegmentedRaftLogWorker (SegmentedRaftLogWorker.java:lambda$new$0(128)) - 77143d31-7a05-49d3-8166-c63e8419bc63@group-AA8E42070791-SegmentedRaftLogWorker: flushIndex: setUnconditionally 0 -> -1
2019-10-15 08:42:54,964 [pool-383-thread-1] INFO  server.RaftServerConfigKeys (ConfUtils.java:logGet(43)) - raft.server.snapshot.auto.trigger.enabled = true (custom)
2019-10-15 08:42:54,964 [pool-383-thread-1] INFO  server.RaftServerConfigKeys (ConfUtils.java:logGet(43)) - raft.server.snapshot.auto.trigger.threshold = 10000 (custom)
2019-10-15 08:42:54,964 [pool-383-thread-1] INFO  server.RaftServerConfigKeys (ConfUtils.java:logGet(43)) - raft.server.snapshot.retention.file.num = 5 (custom)
2019-10-15 08:42:54,965 [pool-383-thread-1] INFO  server.RaftServerConfigKeys (ConfUtils.java:logGet(43)) - raft.server.retrycache.expirytime = 600000ms (custom)
2019-10-15 08:42:54,966 [pool-383-thread-1] INFO  impl.RaftServerImpl (RaftServerImpl.java:start(181)) - 77143d31-7a05-49d3-8166-c63e8419bc63@group-AA8E42070791: start as a follower, conf=-1: [77143d31-7a05-49d3-8166-c63e8419bc63:192.168.164.209:44002], old=null
2019-10-15 08:42:54,966 [pool-383-thread-1] INFO  impl.RaftServerImpl (RaftServerImpl.java:setRole(170)) - 77143d31-7a05-49d3-8166-c63e8419bc63@group-AA8E42070791: changes role from      null to FOLLOWER at term 0 for startAsFollower
2019-10-15 08:42:54,966 [pool-383-thread-1] INFO  impl.RoleInfo (RoleInfo.java:updateAndGet(143)) - 77143d31-7a05-49d3-8166-c63e8419bc63: start FollowerState
2019-10-15 08:42:54,966 [pool-383-thread-1] INFO  util.JmxRegister (JmxRegister.java:tryRegister(44)) - Successfully registered JMX Bean with object name Ratis:service=RaftServer,group=group-AA8E42070791,id=77143d31-7a05-49d3-8166-c63e8419bc63
2019-10-15 08:42:54,970 [RatisPipelineUtilsThread] INFO  pipeline.PipelineStateManager (PipelineStateManager.java:addPipeline(56)) - Created pipeline Pipeline[ Id: 175c9fde-80be-4786-87a5-aa8e42070791, Nodes: 77143d31-7a05-49d3-8166-c63e8419bc63{ip: 192.168.164.209, host: pr-hdds-1569-hdnwc-3336613964, networkLocation: /default-rack, certSerialId: null}, Type:RATIS, Factor:ONE, State:OPEN]
2019-10-15 08:42:54,981 [grpc-default-executor-1] INFO  impl.RaftServerProxy (RaftServerProxy.java:addNew(89)) - 6d748945-2cb3-4aae-9aee-4a048f933dd9: addNew group-89F3ED93C2FF:[6d748945-2cb3-4aae-9aee-4a048f933dd9:192.168.164.209:33292] returns group-89F3ED93C2FF:java.util.concurrent.CompletableFuture@767ff144[Not completed]
2019-10-15 08:42:54,982 [pool-393-thread-1] INFO  impl.RaftServerImpl (RaftServerImpl.java:<init>(95)) - 6d748945-2cb3-4aae-9aee-4a048f933dd9: new RaftServerImpl for group-89F3ED93C2FF:[6d748945-2cb3-4aae-9aee-4a048f933dd9:192.168.164.209:33292] with ContainerStateMachine:uninitialized
2019-10-15 08:42:54,982 [pool-393-thread-1] INFO  server.RaftServerConfigKeys (ConfUtils.java:logGet(43)) - raft.server.rpc.timeout.min = 5s (custom)
2019-10-15 08:42:54,982 [pool-393-thread-1] INFO  server.RaftServerConfigKeys (ConfUtils.java:logGet(43)) - raft.server.rpc.timeout.max = 5200ms (custom)
2019-10-15 08:42:54,982 [pool-393-thread-1] INFO  server.RaftServerConfigKeys (ConfUtils.java:logGet(43)) - raft.server.rpcslowness.timeout = 120s (custom)
2019-10-15 08:42:54,982 [pool-393-thread-1] INFO  server.RaftServerConfigKeys (ConfUtils.java:logGet(43)) - raft.server.sleep.deviation.threshold = 300 (default)
2019-10-15 08:42:54,982 [pool-393-thread-1] INFO  server.RaftServerConfigKeys (ConfUtils.java:logGet(43)) - raft.server.log.appender.install.snapshot.enabled = false (custom)
2019-10-15 08:42:54,982 [pool-393-thread-1] INFO  impl.RaftServerImpl (ServerState.java:<init>(103)) - 6d748945-2cb3-4aae-9aee-4a048f933dd9@group-89F3ED93C2FF: ConfigurationManager, init=-1: [6d748945-2cb3-4aae-9aee-4a048f933dd9:192.168.164.209:33292], old=null, confs=<EMPTY_MAP>
2019-10-15 08:42:54,982 [pool-393-thread-1] INFO  server.RaftServerConfigKeys (ConfUtils.java:logGet(43)) - raft.server.storage.dir = [/workdir/hadoop-ozone/integration-test/target/test-dir/MiniOzoneClusterImpl-d07e3086-68e0-4340-b24d-43dfb7c1e85c/datanode-1/data/ratis] (custom)
2019-10-15 08:42:54,983 [pool-393-thread-1] INFO  server.RaftServerConfigKeys (ConfUtils.java:logGet(43)) - raft.server.log.corruption.policy = EXCEPTION (default)
2019-10-15 08:42:54,983 [pool-393-thread-1] INFO  storage.RaftStorageDirectory (RaftStorageDirectory.java:analyzeStorage(246)) - The storage directory /workdir/hadoop-ozone/integration-test/target/test-dir/MiniOzoneClusterImpl-d07e3086-68e0-4340-b24d-43dfb7c1e85c/datanode-1/data/ratis/67a3f7b0-3cfe-4fee-95c5-89f3ed93c2ff does not exist. Creating ...
2019-10-15 08:42:54,988 [IPC Server handler 0 on 38824] INFO  net.NetworkTopology (NetworkTopologyImpl.java:add(111)) - Added a new node: /default-rack/a157920a-90c8-4f06-9961-45c06f377a82
2019-10-15 08:42:54,988 [IPC Server handler 0 on 38824] INFO  node.SCMNodeManager (SCMNodeManager.java:register(268)) - Registered Data node : a157920a-90c8-4f06-9961-45c06f377a82{ip: 192.168.164.209, host: pr-hdds-1569-hdnwc-3336613964, networkLocation: /default-rack, certSerialId: null}
2019-10-15 08:42:55,011 [pool-393-thread-1] INFO  storage.RaftStorageDirectory (RaftStorageDirectory.java:tryLock(328)) - Lock on /workdir/hadoop-ozone/integration-test/target/test-dir/MiniOzoneClusterImpl-d07e3086-68e0-4340-b24d-43dfb7c1e85c/datanode-1/data/ratis/67a3f7b0-3cfe-4fee-95c5-89f3ed93c2ff/in_use.lock acquired by nodename 17889@pr-hdds-1569-hdnwc-3336613964
2019-10-15 08:42:55,036 [pool-393-thread-1] INFO  storage.RaftStorage (RaftStorage.java:format(84)) - Storage directory /workdir/hadoop-ozone/integration-test/target/test-dir/MiniOzoneClusterImpl-d07e3086-68e0-4340-b24d-43dfb7c1e85c/datanode-1/data/ratis/67a3f7b0-3cfe-4fee-95c5-89f3ed93c2ff has been successfully formatted.
2019-10-15 08:42:55,036 [pool-393-thread-1] INFO  ratis.ContainerStateMachine (ContainerStateMachine.java:loadSnapshot(231)) - group-89F3ED93C2FF: The snapshot info is null. Setting the last applied indexto:(t:0, i:~)
2019-10-15 08:42:55,036 [pool-393-thread-1] INFO  server.RaftServerConfigKeys (ConfUtils.java:logGet(43)) - raft.server.notification.no-leader.timeout = 120s (custom)
2019-10-15 08:42:55,037 [pool-393-thread-1] INFO  server.RaftServerConfigKeys (ConfUtils.java:logGet(43)) - raft.server.log.use.memory = false (default)
2019-10-15 08:42:55,037 [pool-393-thread-1] INFO  server.RaftServerConfigKeys (ConfUtils.java:logGet(43)) - raft.server.log.purge.gap = 1000000 (custom)
2019-10-15 08:42:55,037 [pool-393-thread-1] INFO  server.RaftServerConfigKeys (ConfUtils.java:logGet(43)) - raft.server.log.appender.buffer.byte-limit = 33554432 (custom)
2019-10-15 08:42:55,037 [pool-393-thread-1] INFO  server.RaftServerConfigKeys (ConfUtils.java:logGet(43)) - raft.server.log.segment.size.max = 1048576 (custom)
2019-10-15 08:42:55,038 [pool-393-thread-1] INFO  server.RaftServerConfigKeys (ConfUtils.java:logGet(43)) - raft.server.log.segment.cache.num.max = 2 (custom)
2019-10-15 08:42:55,038 [pool-393-thread-1] INFO  segmented.SegmentedRaftLogWorker (SegmentedRaftLogWorker.java:<init>(173)) - new 6d748945-2cb3-4aae-9aee-4a048f933dd9@group-89F3ED93C2FF-SegmentedRaftLogWorker for RaftStorage:Storage Directory /workdir/hadoop-ozone/integration-test/target/test-dir/MiniOzoneClusterImpl-d07e3086-68e0-4340-b24d-43dfb7c1e85c/datanode-1/data/ratis/67a3f7b0-3cfe-4fee-95c5-89f3ed93c2ff
2019-10-15 08:42:55,038 [pool-393-thread-1] INFO  server.RaftServerConfigKeys (ConfUtils.java:logGet(43)) - raft.server.log.queue.byte-limit = 2147483647 (custom)
2019-10-15 08:42:55,038 [pool-393-thread-1] INFO  server.RaftServerConfigKeys (ConfUtils.java:logGet(43)) - raft.server.log.queue.element-limit = 1024 (custom)
2019-10-15 08:42:55,039 [pool-393-thread-1] INFO  server.RaftServerConfigKeys (ConfUtils.java:logGet(43)) - raft.server.log.segment.size.max = 1048576 (custom)
2019-10-15 08:42:55,039 [pool-393-thread-1] INFO  server.RaftServerConfigKeys (ConfUtils.java:logGet(43)) - raft.server.log.preallocated.size = 16384 (custom)
2019-10-15 08:42:55,039 [pool-393-thread-1] INFO  server.RaftServerConfigKeys (ConfUtils.java:logGet(43)) - raft.server.log.write.buffer.size = 33554432 (custom)
2019-10-15 08:42:55,039 [pool-393-thread-1] INFO  server.RaftServerConfigKeys (ConfUtils.java:logGet(43)) - raft.server.log.force.sync.num = 128 (default)
2019-10-15 08:42:55,039 [pool-393-thread-1] INFO  server.RaftServerConfigKeys (ConfUtils.java:logGet(43)) - raft.server.log.statemachine.data.sync = true (default)
2019-10-15 08:42:55,039 [pool-393-thread-1] INFO  server.RaftServerConfigKeys (ConfUtils.java:logGet(43)) - raft.server.log.statemachine.data.sync.timeout = 10s (default)
2019-10-15 08:42:55,039 [pool-393-thread-1] INFO  server.RaftServerConfigKeys (ConfUtils.java:logGet(43)) - raft.server.log.statemachine.data.sync.timeout.retry = -1 (default)
2019-10-15 08:42:55,039 [pool-393-thread-1] INFO  server.RaftServerConfigKeys (ConfUtils.java:logGet(43)) - raft.server.log.statemachine.data.caching.enabled = true (custom)
2019-10-15 08:42:55,040 [pool-393-thread-1] INFO  segmented.SegmentedRaftLogWorker (SegmentedRaftLogWorker.java:lambda$new$0(128)) - 6d748945-2cb3-4aae-9aee-4a048f933dd9@group-89F3ED93C2FF-SegmentedRaftLogWorker: flushIndex: setUnconditionally 0 -> -1
2019-10-15 08:42:55,040 [pool-393-thread-1] INFO  server.RaftServerConfigKeys (ConfUtils.java:logGet(43)) - raft.server.snapshot.auto.trigger.enabled = true (custom)
2019-10-15 08:42:55,040 [pool-393-thread-1] INFO  server.RaftServerConfigKeys (ConfUtils.java:logGet(43)) - raft.server.snapshot.auto.trigger.threshold = 10000 (custom)
2019-10-15 08:42:55,040 [pool-393-thread-1] INFO  server.RaftServerConfigKeys (ConfUtils.java:logGet(43)) - raft.server.snapshot.retention.file.num = 5 (custom)
2019-10-15 08:42:55,040 [pool-393-thread-1] INFO  server.RaftServerConfigKeys (ConfUtils.java:logGet(43)) - raft.server.retrycache.expirytime = 600000ms (custom)
2019-10-15 08:42:55,042 [pool-393-thread-1] INFO  impl.RaftServerImpl (RaftServerImpl.java:start(181)) - 6d748945-2cb3-4aae-9aee-4a048f933dd9@group-89F3ED93C2FF: start as a follower, conf=-1: [6d748945-2cb3-4aae-9aee-4a048f933dd9:192.168.164.209:33292], old=null
2019-10-15 08:42:55,042 [pool-393-thread-1] INFO  impl.RaftServerImpl (RaftServerImpl.java:setRole(170)) - 6d748945-2cb3-4aae-9aee-4a048f933dd9@group-89F3ED93C2FF: changes role from      null to FOLLOWER at term 0 for startAsFollower
2019-10-15 08:42:55,042 [pool-393-thread-1] INFO  impl.RoleInfo (RoleInfo.java:updateAndGet(143)) - 6d748945-2cb3-4aae-9aee-4a048f933dd9: start FollowerState
2019-10-15 08:42:55,042 [pool-393-thread-1] INFO  util.JmxRegister (JmxRegister.java:tryRegister(44)) - Successfully registered JMX Bean with object name Ratis:service=RaftServer,group=group-89F3ED93C2FF,id=6d748945-2cb3-4aae-9aee-4a048f933dd9
2019-10-15 08:42:55,045 [RatisPipelineUtilsThread] INFO  pipeline.PipelineStateManager (PipelineStateManager.java:addPipeline(56)) - Created pipeline Pipeline[ Id: 67a3f7b0-3cfe-4fee-95c5-89f3ed93c2ff, Nodes: 6d748945-2cb3-4aae-9aee-4a048f933dd9{ip: 192.168.164.209, host: pr-hdds-1569-hdnwc-3336613964, networkLocation: /default-rack, certSerialId: null}, Type:RATIS, Factor:ONE, State:OPEN]
2019-10-15 08:42:55,052 [grpc-default-executor-1] INFO  impl.RaftServerProxy (RaftServerProxy.java:addNew(89)) - a157920a-90c8-4f06-9961-45c06f377a82: addNew group-AE91C73DDC69:[a157920a-90c8-4f06-9961-45c06f377a82:192.168.164.209:45973] returns group-AE91C73DDC69:java.util.concurrent.CompletableFuture@2440d83[Not completed]
2019-10-15 08:42:55,053 [pool-403-thread-1] INFO  impl.RaftServerImpl (RaftServerImpl.java:<init>(95)) - a157920a-90c8-4f06-9961-45c06f377a82: new RaftServerImpl for group-AE91C73DDC69:[a157920a-90c8-4f06-9961-45c06f377a82:192.168.164.209:45973] with ContainerStateMachine:uninitialized
2019-10-15 08:42:55,053 [pool-403-thread-1] INFO  server.RaftServerConfigKeys (ConfUtils.java:logGet(43)) - raft.server.rpc.timeout.min = 5s (custom)
2019-10-15 08:42:55,054 [pool-403-thread-1] INFO  server.RaftServerConfigKeys (ConfUtils.java:logGet(43)) - raft.server.rpc.timeout.max = 5200ms (custom)
2019-10-15 08:42:55,054 [pool-403-thread-1] INFO  server.RaftServerConfigKeys (ConfUtils.java:logGet(43)) - raft.server.rpcslowness.timeout = 120s (custom)
2019-10-15 08:42:55,054 [pool-403-thread-1] INFO  server.RaftServerConfigKeys (ConfUtils.java:logGet(43)) - raft.server.sleep.deviation.threshold = 300 (default)
2019-10-15 08:42:55,054 [pool-403-thread-1] INFO  server.RaftServerConfigKeys (ConfUtils.java:logGet(43)) - raft.server.log.appender.install.snapshot.enabled = false (custom)
2019-10-15 08:42:55,054 [pool-403-thread-1] INFO  impl.RaftServerImpl (ServerState.java:<init>(103)) - a157920a-90c8-4f06-9961-45c06f377a82@group-AE91C73DDC69: ConfigurationManager, init=-1: [a157920a-90c8-4f06-9961-45c06f377a82:192.168.164.209:45973], old=null, confs=<EMPTY_MAP>
2019-10-15 08:42:55,054 [pool-403-thread-1] INFO  server.RaftServerConfigKeys (ConfUtils.java:logGet(43)) - raft.server.storage.dir = [/workdir/hadoop-ozone/integration-test/target/test-dir/MiniOzoneClusterImpl-d07e3086-68e0-4340-b24d-43dfb7c1e85c/datanode-2/data/ratis] (custom)
2019-10-15 08:42:55,054 [pool-403-thread-1] INFO  server.RaftServerConfigKeys (ConfUtils.java:logGet(43)) - raft.server.log.corruption.policy = EXCEPTION (default)
2019-10-15 08:42:55,054 [pool-403-thread-1] INFO  storage.RaftStorageDirectory (RaftStorageDirectory.java:analyzeStorage(246)) - The storage directory /workdir/hadoop-ozone/integration-test/target/test-dir/MiniOzoneClusterImpl-d07e3086-68e0-4340-b24d-43dfb7c1e85c/datanode-2/data/ratis/af169f4f-0e37-4dd1-a0a0-ae91c73ddc69 does not exist. Creating ...
2019-10-15 08:42:55,058 [IPC Server handler 6 on 38824] INFO  net.NetworkTopology (NetworkTopologyImpl.java:add(111)) - Added a new node: /default-rack/54862fcb-67c7-42a5-84bb-0e71c50d9a51
2019-10-15 08:42:55,058 [IPC Server handler 6 on 38824] INFO  node.SCMNodeManager (SCMNodeManager.java:register(268)) - Registered Data node : 54862fcb-67c7-42a5-84bb-0e71c50d9a51{ip: 192.168.164.209, host: pr-hdds-1569-hdnwc-3336613964, networkLocation: /default-rack, certSerialId: null}
2019-10-15 08:42:55,078 [pool-403-thread-1] INFO  storage.RaftStorageDirectory (RaftStorageDirectory.java:tryLock(328)) - Lock on /workdir/hadoop-ozone/integration-test/target/test-dir/MiniOzoneClusterImpl-d07e3086-68e0-4340-b24d-43dfb7c1e85c/datanode-2/data/ratis/af169f4f-0e37-4dd1-a0a0-ae91c73ddc69/in_use.lock acquired by nodename 17889@pr-hdds-1569-hdnwc-3336613964
2019-10-15 08:42:55,104 [pool-403-thread-1] INFO  storage.RaftStorage (RaftStorage.java:format(84)) - Storage directory /workdir/hadoop-ozone/integration-test/target/test-dir/MiniOzoneClusterImpl-d07e3086-68e0-4340-b24d-43dfb7c1e85c/datanode-2/data/ratis/af169f4f-0e37-4dd1-a0a0-ae91c73ddc69 has been successfully formatted.
2019-10-15 08:42:55,104 [pool-403-thread-1] INFO  ratis.ContainerStateMachine (ContainerStateMachine.java:loadSnapshot(231)) - group-AE91C73DDC69: The snapshot info is null. Setting the last applied indexto:(t:0, i:~)
2019-10-15 08:42:55,104 [pool-403-thread-1] INFO  server.RaftServerConfigKeys (ConfUtils.java:logGet(43)) - raft.server.notification.no-leader.timeout = 120s (custom)
2019-10-15 08:42:55,104 [pool-403-thread-1] INFO  server.RaftServerConfigKeys (ConfUtils.java:logGet(43)) - raft.server.log.use.memory = false (default)
2019-10-15 08:42:55,104 [pool-403-thread-1] INFO  server.RaftServerConfigKeys (ConfUtils.java:logGet(43)) - raft.server.log.purge.gap = 1000000 (custom)
2019-10-15 08:42:55,104 [pool-403-thread-1] INFO  server.RaftServerConfigKeys (ConfUtils.java:logGet(43)) - raft.server.log.appender.buffer.byte-limit = 33554432 (custom)
2019-10-15 08:42:55,104 [pool-403-thread-1] INFO  server.RaftServerConfigKeys (ConfUtils.java:logGet(43)) - raft.server.log.segment.size.max = 1048576 (custom)
2019-10-15 08:42:55,106 [pool-403-thread-1] INFO  server.RaftServerConfigKeys (ConfUtils.java:logGet(43)) - raft.server.log.segment.cache.num.max = 2 (custom)
2019-10-15 08:42:55,106 [pool-403-thread-1] INFO  segmented.SegmentedRaftLogWorker (SegmentedRaftLogWorker.java:<init>(173)) - new a157920a-90c8-4f06-9961-45c06f377a82@group-AE91C73DDC69-SegmentedRaftLogWorker for RaftStorage:Storage Directory /workdir/hadoop-ozone/integration-test/target/test-dir/MiniOzoneClusterImpl-d07e3086-68e0-4340-b24d-43dfb7c1e85c/datanode-2/data/ratis/af169f4f-0e37-4dd1-a0a0-ae91c73ddc69
2019-10-15 08:42:55,106 [pool-403-thread-1] INFO  server.RaftServerConfigKeys (ConfUtils.java:logGet(43)) - raft.server.log.queue.byte-limit = 2147483647 (custom)
2019-10-15 08:42:55,106 [pool-403-thread-1] INFO  server.RaftServerConfigKeys (ConfUtils.java:logGet(43)) - raft.server.log.queue.element-limit = 1024 (custom)
2019-10-15 08:42:55,106 [pool-403-thread-1] INFO  server.RaftServerConfigKeys (ConfUtils.java:logGet(43)) - raft.server.log.segment.size.max = 1048576 (custom)
2019-10-15 08:42:55,106 [pool-403-thread-1] INFO  server.RaftServerConfigKeys (ConfUtils.java:logGet(43)) - raft.server.log.preallocated.size = 16384 (custom)
2019-10-15 08:42:55,106 [pool-403-thread-1] INFO  server.RaftServerConfigKeys (ConfUtils.java:logGet(43)) - raft.server.log.write.buffer.size = 33554432 (custom)
2019-10-15 08:42:55,106 [pool-403-thread-1] INFO  server.RaftServerConfigKeys (ConfUtils.java:logGet(43)) - raft.server.log.force.sync.num = 128 (default)
2019-10-15 08:42:55,106 [pool-403-thread-1] INFO  server.RaftServerConfigKeys (ConfUtils.java:logGet(43)) - raft.server.log.statemachine.data.sync = true (default)
2019-10-15 08:42:55,107 [pool-403-thread-1] INFO  server.RaftServerConfigKeys (ConfUtils.java:logGet(43)) - raft.server.log.statemachine.data.sync.timeout = 10s (default)
2019-10-15 08:42:55,107 [pool-403-thread-1] INFO  server.RaftServerConfigKeys (ConfUtils.java:logGet(43)) - raft.server.log.statemachine.data.sync.timeout.retry = -1 (default)
2019-10-15 08:42:55,107 [pool-403-thread-1] INFO  server.RaftServerConfigKeys (ConfUtils.java:logGet(43)) - raft.server.log.statemachine.data.caching.enabled = true (custom)
2019-10-15 08:42:55,107 [pool-403-thread-1] INFO  segmented.SegmentedRaftLogWorker (SegmentedRaftLogWorker.java:lambda$new$0(128)) - a157920a-90c8-4f06-9961-45c06f377a82@group-AE91C73DDC69-SegmentedRaftLogWorker: flushIndex: setUnconditionally 0 -> -1
2019-10-15 08:42:55,107 [pool-403-thread-1] INFO  server.RaftServerConfigKeys (ConfUtils.java:logGet(43)) - raft.server.snapshot.auto.trigger.enabled = true (custom)
2019-10-15 08:42:55,108 [pool-403-thread-1] INFO  server.RaftServerConfigKeys (ConfUtils.java:logGet(43)) - raft.server.snapshot.auto.trigger.threshold = 10000 (custom)
2019-10-15 08:42:55,108 [pool-403-thread-1] INFO  server.RaftServerConfigKeys (ConfUtils.java:logGet(43)) - raft.server.snapshot.retention.file.num = 5 (custom)
2019-10-15 08:42:55,108 [pool-403-thread-1] INFO  server.RaftServerConfigKeys (ConfUtils.java:logGet(43)) - raft.server.retrycache.expirytime = 600000ms (custom)
2019-10-15 08:42:55,109 [pool-403-thread-1] INFO  impl.RaftServerImpl (RaftServerImpl.java:start(181)) - a157920a-90c8-4f06-9961-45c06f377a82@group-AE91C73DDC69: start as a follower, conf=-1: [a157920a-90c8-4f06-9961-45c06f377a82:192.168.164.209:45973], old=null
2019-10-15 08:42:55,109 [pool-403-thread-1] INFO  impl.RaftServerImpl (RaftServerImpl.java:setRole(170)) - a157920a-90c8-4f06-9961-45c06f377a82@group-AE91C73DDC69: changes role from      null to FOLLOWER at term 0 for startAsFollower
2019-10-15 08:42:55,109 [pool-403-thread-1] INFO  impl.RoleInfo (RoleInfo.java:updateAndGet(143)) - a157920a-90c8-4f06-9961-45c06f377a82: start FollowerState
2019-10-15 08:42:55,110 [pool-403-thread-1] INFO  util.JmxRegister (JmxRegister.java:tryRegister(44)) - Successfully registered JMX Bean with object name Ratis:service=RaftServer,group=group-AE91C73DDC69,id=a157920a-90c8-4f06-9961-45c06f377a82
2019-10-15 08:42:55,113 [RatisPipelineUtilsThread] INFO  pipeline.PipelineStateManager (PipelineStateManager.java:addPipeline(56)) - Created pipeline Pipeline[ Id: af169f4f-0e37-4dd1-a0a0-ae91c73ddc69, Nodes: a157920a-90c8-4f06-9961-45c06f377a82{ip: 192.168.164.209, host: pr-hdds-1569-hdnwc-3336613964, networkLocation: /default-rack, certSerialId: null}, Type:RATIS, Factor:ONE, State:OPEN]
2019-10-15 08:42:55,119 [grpc-default-executor-1] INFO  impl.RaftServerProxy (RaftServerProxy.java:addNew(89)) - 54862fcb-67c7-42a5-84bb-0e71c50d9a51: addNew group-52F28571328D:[54862fcb-67c7-42a5-84bb-0e71c50d9a51:192.168.164.209:41983] returns group-52F28571328D:java.util.concurrent.CompletableFuture@198d0b22[Not completed]
2019-10-15 08:42:55,120 [pool-413-thread-1] INFO  impl.RaftServerImpl (RaftServerImpl.java:<init>(95)) - 54862fcb-67c7-42a5-84bb-0e71c50d9a51: new RaftServerImpl for group-52F28571328D:[54862fcb-67c7-42a5-84bb-0e71c50d9a51:192.168.164.209:41983] with ContainerStateMachine:uninitialized
2019-10-15 08:42:55,120 [pool-413-thread-1] INFO  server.RaftServerConfigKeys (ConfUtils.java:logGet(43)) - raft.server.rpc.timeout.min = 5s (custom)
2019-10-15 08:42:55,121 [pool-413-thread-1] INFO  server.RaftServerConfigKeys (ConfUtils.java:logGet(43)) - raft.server.rpc.timeout.max = 5200ms (custom)
2019-10-15 08:42:55,121 [pool-413-thread-1] INFO  server.RaftServerConfigKeys (ConfUtils.java:logGet(43)) - raft.server.rpcslowness.timeout = 120s (custom)
2019-10-15 08:42:55,121 [pool-413-thread-1] INFO  server.RaftServerConfigKeys (ConfUtils.java:logGet(43)) - raft.server.sleep.deviation.threshold = 300 (default)
2019-10-15 08:42:55,121 [pool-413-thread-1] INFO  server.RaftServerConfigKeys (ConfUtils.java:logGet(43)) - raft.server.log.appender.install.snapshot.enabled = false (custom)
2019-10-15 08:42:55,121 [pool-413-thread-1] INFO  impl.RaftServerImpl (ServerState.java:<init>(103)) - 54862fcb-67c7-42a5-84bb-0e71c50d9a51@group-52F28571328D: ConfigurationManager, init=-1: [54862fcb-67c7-42a5-84bb-0e71c50d9a51:192.168.164.209:41983], old=null, confs=<EMPTY_MAP>
2019-10-15 08:42:55,121 [pool-413-thread-1] INFO  server.RaftServerConfigKeys (ConfUtils.java:logGet(43)) - raft.server.storage.dir = [/workdir/hadoop-ozone/integration-test/target/test-dir/MiniOzoneClusterImpl-d07e3086-68e0-4340-b24d-43dfb7c1e85c/datanode-3/data/ratis] (custom)
2019-10-15 08:42:55,121 [pool-413-thread-1] INFO  server.RaftServerConfigKeys (ConfUtils.java:logGet(43)) - raft.server.log.corruption.policy = EXCEPTION (default)
2019-10-15 08:42:55,121 [pool-413-thread-1] INFO  storage.RaftStorageDirectory (RaftStorageDirectory.java:analyzeStorage(246)) - The storage directory /workdir/hadoop-ozone/integration-test/target/test-dir/MiniOzoneClusterImpl-d07e3086-68e0-4340-b24d-43dfb7c1e85c/datanode-3/data/ratis/c82f6e17-4f67-47dc-a088-52f28571328d does not exist. Creating ...
2019-10-15 08:42:55,124 [IPC Server handler 4 on 38824] INFO  net.NetworkTopology (NetworkTopologyImpl.java:add(111)) - Added a new node: /default-rack/4c00b829-f7eb-437b-9af3-99601f151fac
2019-10-15 08:42:55,124 [IPC Server handler 4 on 38824] INFO  node.SCMNodeManager (SCMNodeManager.java:register(268)) - Registered Data node : 4c00b829-f7eb-437b-9af3-99601f151fac{ip: 192.168.164.209, host: pr-hdds-1569-hdnwc-3336613964, networkLocation: /default-rack, certSerialId: null}
2019-10-15 08:42:55,146 [pool-413-thread-1] INFO  storage.RaftStorageDirectory (RaftStorageDirectory.java:tryLock(328)) - Lock on /workdir/hadoop-ozone/integration-test/target/test-dir/MiniOzoneClusterImpl-d07e3086-68e0-4340-b24d-43dfb7c1e85c/datanode-3/data/ratis/c82f6e17-4f67-47dc-a088-52f28571328d/in_use.lock acquired by nodename 17889@pr-hdds-1569-hdnwc-3336613964
2019-10-15 08:42:55,171 [pool-413-thread-1] INFO  storage.RaftStorage (RaftStorage.java:format(84)) - Storage directory /workdir/hadoop-ozone/integration-test/target/test-dir/MiniOzoneClusterImpl-d07e3086-68e0-4340-b24d-43dfb7c1e85c/datanode-3/data/ratis/c82f6e17-4f67-47dc-a088-52f28571328d has been successfully formatted.
2019-10-15 08:42:55,171 [pool-413-thread-1] INFO  ratis.ContainerStateMachine (ContainerStateMachine.java:loadSnapshot(231)) - group-52F28571328D: The snapshot info is null. Setting the last applied indexto:(t:0, i:~)
2019-10-15 08:42:55,172 [pool-413-thread-1] INFO  server.RaftServerConfigKeys (ConfUtils.java:logGet(43)) - raft.server.notification.no-leader.timeout = 120s (custom)
2019-10-15 08:42:55,172 [pool-413-thread-1] INFO  server.RaftServerConfigKeys (ConfUtils.java:logGet(43)) - raft.server.log.use.memory = false (default)
2019-10-15 08:42:55,172 [pool-413-thread-1] INFO  server.RaftServerConfigKeys (ConfUtils.java:logGet(43)) - raft.server.log.purge.gap = 1000000 (custom)
2019-10-15 08:42:55,172 [pool-413-thread-1] INFO  server.RaftServerConfigKeys (ConfUtils.java:logGet(43)) - raft.server.log.appender.buffer.byte-limit = 33554432 (custom)
2019-10-15 08:42:55,172 [pool-413-thread-1] INFO  server.RaftServerConfigKeys (ConfUtils.java:logGet(43)) - raft.server.log.segment.size.max = 1048576 (custom)
2019-10-15 08:42:55,175 [pool-413-thread-1] INFO  server.RaftServerConfigKeys (ConfUtils.java:logGet(43)) - raft.server.log.segment.cache.num.max = 2 (custom)
2019-10-15 08:42:55,175 [pool-413-thread-1] INFO  segmented.SegmentedRaftLogWorker (SegmentedRaftLogWorker.java:<init>(173)) - new 54862fcb-67c7-42a5-84bb-0e71c50d9a51@group-52F28571328D-SegmentedRaftLogWorker for RaftStorage:Storage Directory /workdir/hadoop-ozone/integration-test/target/test-dir/MiniOzoneClusterImpl-d07e3086-68e0-4340-b24d-43dfb7c1e85c/datanode-3/data/ratis/c82f6e17-4f67-47dc-a088-52f28571328d
2019-10-15 08:42:55,175 [pool-413-thread-1] INFO  server.RaftServerConfigKeys (ConfUtils.java:logGet(43)) - raft.server.log.queue.byte-limit = 2147483647 (custom)
2019-10-15 08:42:55,175 [pool-413-thread-1] INFO  server.RaftServerConfigKeys (ConfUtils.java:logGet(43)) - raft.server.log.queue.element-limit = 1024 (custom)
2019-10-15 08:42:55,175 [pool-413-thread-1] INFO  server.RaftServerConfigKeys (ConfUtils.java:logGet(43)) - raft.server.log.segment.size.max = 1048576 (custom)
2019-10-15 08:42:55,176 [pool-413-thread-1] INFO  server.RaftServerConfigKeys (ConfUtils.java:logGet(43)) - raft.server.log.preallocated.size = 16384 (custom)
2019-10-15 08:42:55,176 [pool-413-thread-1] INFO  server.RaftServerConfigKeys (ConfUtils.java:logGet(43)) - raft.server.log.write.buffer.size = 33554432 (custom)
2019-10-15 08:42:55,176 [pool-413-thread-1] INFO  server.RaftServerConfigKeys (ConfUtils.java:logGet(43)) - raft.server.log.force.sync.num = 128 (default)
2019-10-15 08:42:55,176 [pool-413-thread-1] INFO  server.RaftServerConfigKeys (ConfUtils.java:logGet(43)) - raft.server.log.statemachine.data.sync = true (default)
2019-10-15 08:42:55,176 [pool-413-thread-1] INFO  server.RaftServerConfigKeys (ConfUtils.java:logGet(43)) - raft.server.log.statemachine.data.sync.timeout = 10s (default)
2019-10-15 08:42:55,177 [pool-413-thread-1] INFO  server.RaftServerConfigKeys (ConfUtils.java:logGet(43)) - raft.server.log.statemachine.data.sync.timeout.retry = -1 (default)
2019-10-15 08:42:55,177 [pool-413-thread-1] INFO  server.RaftServerConfigKeys (ConfUtils.java:logGet(43)) - raft.server.log.statemachine.data.caching.enabled = true (custom)
2019-10-15 08:42:55,177 [pool-413-thread-1] INFO  segmented.SegmentedRaftLogWorker (SegmentedRaftLogWorker.java:lambda$new$0(128)) - 54862fcb-67c7-42a5-84bb-0e71c50d9a51@group-52F28571328D-SegmentedRaftLogWorker: flushIndex: setUnconditionally 0 -> -1
2019-10-15 08:42:55,178 [pool-413-thread-1] INFO  server.RaftServerConfigKeys (ConfUtils.java:logGet(43)) - raft.server.snapshot.auto.trigger.enabled = true (custom)
2019-10-15 08:42:55,178 [pool-413-thread-1] INFO  server.RaftServerConfigKeys (ConfUtils.java:logGet(43)) - raft.server.snapshot.auto.trigger.threshold = 10000 (custom)
2019-10-15 08:42:55,178 [pool-413-thread-1] INFO  server.RaftServerConfigKeys (ConfUtils.java:logGet(43)) - raft.server.snapshot.retention.file.num = 5 (custom)
2019-10-15 08:42:55,178 [pool-413-thread-1] INFO  server.RaftServerConfigKeys (ConfUtils.java:logGet(43)) - raft.server.retrycache.expirytime = 600000ms (custom)
2019-10-15 08:42:55,180 [pool-413-thread-1] INFO  impl.RaftServerImpl (RaftServerImpl.java:start(181)) - 54862fcb-67c7-42a5-84bb-0e71c50d9a51@group-52F28571328D: start as a follower, conf=-1: [54862fcb-67c7-42a5-84bb-0e71c50d9a51:192.168.164.209:41983], old=null
2019-10-15 08:42:55,181 [pool-413-thread-1] INFO  impl.RaftServerImpl (RaftServerImpl.java:setRole(170)) - 54862fcb-67c7-42a5-84bb-0e71c50d9a51@group-52F28571328D: changes role from      null to FOLLOWER at term 0 for startAsFollower
2019-10-15 08:42:55,181 [pool-413-thread-1] INFO  impl.RoleInfo (RoleInfo.java:updateAndGet(143)) - 54862fcb-67c7-42a5-84bb-0e71c50d9a51: start FollowerState
2019-10-15 08:42:55,181 [pool-413-thread-1] INFO  util.JmxRegister (JmxRegister.java:tryRegister(44)) - Successfully registered JMX Bean with object name Ratis:service=RaftServer,group=group-52F28571328D,id=54862fcb-67c7-42a5-84bb-0e71c50d9a51
2019-10-15 08:42:55,185 [RatisPipelineUtilsThread] INFO  pipeline.PipelineStateManager (PipelineStateManager.java:addPipeline(56)) - Created pipeline Pipeline[ Id: c82f6e17-4f67-47dc-a088-52f28571328d, Nodes: 54862fcb-67c7-42a5-84bb-0e71c50d9a51{ip: 192.168.164.209, host: pr-hdds-1569-hdnwc-3336613964, networkLocation: /default-rack, certSerialId: null}, Type:RATIS, Factor:ONE, State:OPEN]
2019-10-15 08:42:55,192 [grpc-default-executor-1] INFO  impl.RaftServerProxy (RaftServerProxy.java:addNew(89)) - 4c00b829-f7eb-437b-9af3-99601f151fac: addNew group-BB4FED18CA4B:[4c00b829-f7eb-437b-9af3-99601f151fac:192.168.164.209:39950] returns group-BB4FED18CA4B:java.util.concurrent.CompletableFuture@110b9675[Not completed]
2019-10-15 08:42:55,193 [IPC Server handler 7 on 38824] INFO  net.NetworkTopology (NetworkTopologyImpl.java:add(111)) - Added a new node: /default-rack/f6d552c9-f983-4597-b4d0-1b438ea21ad8
2019-10-15 08:42:55,193 [IPC Server handler 7 on 38824] INFO  node.SCMNodeManager (SCMNodeManager.java:register(268)) - Registered Data node : f6d552c9-f983-4597-b4d0-1b438ea21ad8{ip: 192.168.164.209, host: pr-hdds-1569-hdnwc-3336613964, networkLocation: /default-rack, certSerialId: null}
2019-10-15 08:42:55,193 [pool-423-thread-1] INFO  impl.RaftServerImpl (RaftServerImpl.java:<init>(95)) - 4c00b829-f7eb-437b-9af3-99601f151fac: new RaftServerImpl for group-BB4FED18CA4B:[4c00b829-f7eb-437b-9af3-99601f151fac:192.168.164.209:39950] with ContainerStateMachine:uninitialized
2019-10-15 08:42:55,193 [pool-423-thread-1] INFO  server.RaftServerConfigKeys (ConfUtils.java:logGet(43)) - raft.server.rpc.timeout.min = 5s (custom)
2019-10-15 08:42:55,194 [pool-423-thread-1] INFO  server.RaftServerConfigKeys (ConfUtils.java:logGet(43)) - raft.server.rpc.timeout.max = 5200ms (custom)
2019-10-15 08:42:55,194 [pool-423-thread-1] INFO  server.RaftServerConfigKeys (ConfUtils.java:logGet(43)) - raft.server.rpcslowness.timeout = 120s (custom)
2019-10-15 08:42:55,194 [pool-423-thread-1] INFO  server.RaftServerConfigKeys (ConfUtils.java:logGet(43)) - raft.server.sleep.deviation.threshold = 300 (default)
2019-10-15 08:42:55,194 [pool-423-thread-1] INFO  server.RaftServerConfigKeys (ConfUtils.java:logGet(43)) - raft.server.log.appender.install.snapshot.enabled = false (custom)
2019-10-15 08:42:55,194 [pool-423-thread-1] INFO  impl.RaftServerImpl (ServerState.java:<init>(103)) - 4c00b829-f7eb-437b-9af3-99601f151fac@group-BB4FED18CA4B: ConfigurationManager, init=-1: [4c00b829-f7eb-437b-9af3-99601f151fac:192.168.164.209:39950], old=null, confs=<EMPTY_MAP>
2019-10-15 08:42:55,194 [pool-423-thread-1] INFO  server.RaftServerConfigKeys (ConfUtils.java:logGet(43)) - raft.server.storage.dir = [/workdir/hadoop-ozone/integration-test/target/test-dir/MiniOzoneClusterImpl-d07e3086-68e0-4340-b24d-43dfb7c1e85c/datanode-4/data/ratis] (custom)
2019-10-15 08:42:55,194 [pool-423-thread-1] INFO  server.RaftServerConfigKeys (ConfUtils.java:logGet(43)) - raft.server.log.corruption.policy = EXCEPTION (default)
2019-10-15 08:42:55,195 [pool-423-thread-1] INFO  storage.RaftStorageDirectory (RaftStorageDirectory.java:analyzeStorage(246)) - The storage directory /workdir/hadoop-ozone/integration-test/target/test-dir/MiniOzoneClusterImpl-d07e3086-68e0-4340-b24d-43dfb7c1e85c/datanode-4/data/ratis/30bc49bf-1a8c-4787-b7b0-bb4fed18ca4b does not exist. Creating ...
2019-10-15 08:42:55,221 [pool-423-thread-1] INFO  storage.RaftStorageDirectory (RaftStorageDirectory.java:tryLock(328)) - Lock on /workdir/hadoop-ozone/integration-test/target/test-dir/MiniOzoneClusterImpl-d07e3086-68e0-4340-b24d-43dfb7c1e85c/datanode-4/data/ratis/30bc49bf-1a8c-4787-b7b0-bb4fed18ca4b/in_use.lock acquired by nodename 17889@pr-hdds-1569-hdnwc-3336613964
2019-10-15 08:42:55,238 [pool-423-thread-1] INFO  storage.RaftStorage (RaftStorage.java:format(84)) - Storage directory /workdir/hadoop-ozone/integration-test/target/test-dir/MiniOzoneClusterImpl-d07e3086-68e0-4340-b24d-43dfb7c1e85c/datanode-4/data/ratis/30bc49bf-1a8c-4787-b7b0-bb4fed18ca4b has been successfully formatted.
2019-10-15 08:42:55,239 [pool-423-thread-1] INFO  ratis.ContainerStateMachine (ContainerStateMachine.java:loadSnapshot(231)) - group-BB4FED18CA4B: The snapshot info is null. Setting the last applied indexto:(t:0, i:~)
2019-10-15 08:42:55,239 [pool-423-thread-1] INFO  server.RaftServerConfigKeys (ConfUtils.java:logGet(43)) - raft.server.notification.no-leader.timeout = 120s (custom)
2019-10-15 08:42:55,239 [pool-423-thread-1] INFO  server.RaftServerConfigKeys (ConfUtils.java:logGet(43)) - raft.server.log.use.memory = false (default)
2019-10-15 08:42:55,239 [pool-423-thread-1] INFO  server.RaftServerConfigKeys (ConfUtils.java:logGet(43)) - raft.server.log.purge.gap = 1000000 (custom)
2019-10-15 08:42:55,239 [pool-423-thread-1] INFO  server.RaftServerConfigKeys (ConfUtils.java:logGet(43)) - raft.server.log.appender.buffer.byte-limit = 33554432 (custom)
2019-10-15 08:42:55,239 [pool-423-thread-1] INFO  server.RaftServerConfigKeys (ConfUtils.java:logGet(43)) - raft.server.log.segment.size.max = 1048576 (custom)
2019-10-15 08:42:55,240 [pool-423-thread-1] INFO  server.RaftServerConfigKeys (ConfUtils.java:logGet(43)) - raft.server.log.segment.cache.num.max = 2 (custom)
2019-10-15 08:42:55,241 [pool-423-thread-1] INFO  segmented.SegmentedRaftLogWorker (SegmentedRaftLogWorker.java:<init>(173)) - new 4c00b829-f7eb-437b-9af3-99601f151fac@group-BB4FED18CA4B-SegmentedRaftLogWorker for RaftStorage:Storage Directory /workdir/hadoop-ozone/integration-test/target/test-dir/MiniOzoneClusterImpl-d07e3086-68e0-4340-b24d-43dfb7c1e85c/datanode-4/data/ratis/30bc49bf-1a8c-4787-b7b0-bb4fed18ca4b
2019-10-15 08:42:55,241 [pool-423-thread-1] INFO  server.RaftServerConfigKeys (ConfUtils.java:logGet(43)) - raft.server.log.queue.byte-limit = 2147483647 (custom)
2019-10-15 08:42:55,241 [pool-423-thread-1] INFO  server.RaftServerConfigKeys (ConfUtils.java:logGet(43)) - raft.server.log.queue.element-limit = 1024 (custom)
2019-10-15 08:42:55,241 [pool-423-thread-1] INFO  server.RaftServerConfigKeys (ConfUtils.java:logGet(43)) - raft.server.log.segment.size.max = 1048576 (custom)
2019-10-15 08:42:55,241 [pool-423-thread-1] INFO  server.RaftServerConfigKeys (ConfUtils.java:logGet(43)) - raft.server.log.preallocated.size = 16384 (custom)
2019-10-15 08:42:55,241 [pool-423-thread-1] INFO  server.RaftServerConfigKeys (ConfUtils.java:logGet(43)) - raft.server.log.write.buffer.size = 33554432 (custom)
2019-10-15 08:42:55,241 [pool-423-thread-1] INFO  server.RaftServerConfigKeys (ConfUtils.java:logGet(43)) - raft.server.log.force.sync.num = 128 (default)
2019-10-15 08:42:55,241 [pool-423-thread-1] INFO  server.RaftServerConfigKeys (ConfUtils.java:logGet(43)) - raft.server.log.statemachine.data.sync = true (default)
2019-10-15 08:42:55,241 [pool-423-thread-1] INFO  server.RaftServerConfigKeys (ConfUtils.java:logGet(43)) - raft.server.log.statemachine.data.sync.timeout = 10s (default)
2019-10-15 08:42:55,241 [pool-423-thread-1] INFO  server.RaftServerConfigKeys (ConfUtils.java:logGet(43)) - raft.server.log.statemachine.data.sync.timeout.retry = -1 (default)
2019-10-15 08:42:55,242 [pool-423-thread-1] INFO  server.RaftServerConfigKeys (ConfUtils.java:logGet(43)) - raft.server.log.statemachine.data.caching.enabled = true (custom)
2019-10-15 08:42:55,242 [pool-423-thread-1] INFO  segmented.SegmentedRaftLogWorker (SegmentedRaftLogWorker.java:lambda$new$0(128)) - 4c00b829-f7eb-437b-9af3-99601f151fac@group-BB4FED18CA4B-SegmentedRaftLogWorker: flushIndex: setUnconditionally 0 -> -1
2019-10-15 08:42:55,242 [pool-423-thread-1] INFO  server.RaftServerConfigKeys (ConfUtils.java:logGet(43)) - raft.server.snapshot.auto.trigger.enabled = true (custom)
2019-10-15 08:42:55,242 [pool-423-thread-1] INFO  server.RaftServerConfigKeys (ConfUtils.java:logGet(43)) - raft.server.snapshot.auto.trigger.threshold = 10000 (custom)
2019-10-15 08:42:55,242 [pool-423-thread-1] INFO  server.RaftServerConfigKeys (ConfUtils.java:logGet(43)) - raft.server.snapshot.retention.file.num = 5 (custom)
2019-10-15 08:42:55,242 [pool-423-thread-1] INFO  server.RaftServerConfigKeys (ConfUtils.java:logGet(43)) - raft.server.retrycache.expirytime = 600000ms (custom)
2019-10-15 08:42:55,244 [pool-423-thread-1] INFO  impl.RaftServerImpl (RaftServerImpl.java:start(181)) - 4c00b829-f7eb-437b-9af3-99601f151fac@group-BB4FED18CA4B: start as a follower, conf=-1: [4c00b829-f7eb-437b-9af3-99601f151fac:192.168.164.209:39950], old=null
2019-10-15 08:42:55,244 [pool-423-thread-1] INFO  impl.RaftServerImpl (RaftServerImpl.java:setRole(170)) - 4c00b829-f7eb-437b-9af3-99601f151fac@group-BB4FED18CA4B: changes role from      null to FOLLOWER at term 0 for startAsFollower
2019-10-15 08:42:55,244 [pool-423-thread-1] INFO  impl.RoleInfo (RoleInfo.java:updateAndGet(143)) - 4c00b829-f7eb-437b-9af3-99601f151fac: start FollowerState
2019-10-15 08:42:55,244 [pool-423-thread-1] INFO  util.JmxRegister (JmxRegister.java:tryRegister(44)) - Successfully registered JMX Bean with object name Ratis:service=RaftServer,group=group-BB4FED18CA4B,id=4c00b829-f7eb-437b-9af3-99601f151fac
2019-10-15 08:42:55,247 [RatisPipelineUtilsThread] INFO  pipeline.PipelineStateManager (PipelineStateManager.java:addPipeline(56)) - Created pipeline Pipeline[ Id: 30bc49bf-1a8c-4787-b7b0-bb4fed18ca4b, Nodes: 4c00b829-f7eb-437b-9af3-99601f151fac{ip: 192.168.164.209, host: pr-hdds-1569-hdnwc-3336613964, networkLocation: /default-rack, certSerialId: null}, Type:RATIS, Factor:ONE, State:OPEN]
2019-10-15 08:42:55,254 [grpc-default-executor-1] INFO  impl.RaftServerProxy (RaftServerProxy.java:addNew(89)) - f6d552c9-f983-4597-b4d0-1b438ea21ad8: addNew group-9079E3571B99:[f6d552c9-f983-4597-b4d0-1b438ea21ad8:192.168.164.209:37602] returns group-9079E3571B99:java.util.concurrent.CompletableFuture@6f7e10cb[Not completed]
2019-10-15 08:42:55,255 [pool-433-thread-1] INFO  impl.RaftServerImpl (RaftServerImpl.java:<init>(95)) - f6d552c9-f983-4597-b4d0-1b438ea21ad8: new RaftServerImpl for group-9079E3571B99:[f6d552c9-f983-4597-b4d0-1b438ea21ad8:192.168.164.209:37602] with ContainerStateMachine:uninitialized
2019-10-15 08:42:55,255 [pool-433-thread-1] INFO  server.RaftServerConfigKeys (ConfUtils.java:logGet(43)) - raft.server.rpc.timeout.min = 5s (custom)
2019-10-15 08:42:55,255 [pool-433-thread-1] INFO  server.RaftServerConfigKeys (ConfUtils.java:logGet(43)) - raft.server.rpc.timeout.max = 5200ms (custom)
2019-10-15 08:42:55,255 [pool-433-thread-1] INFO  server.RaftServerConfigKeys (ConfUtils.java:logGet(43)) - raft.server.rpcslowness.timeout = 120s (custom)
2019-10-15 08:42:55,256 [pool-433-thread-1] INFO  server.RaftServerConfigKeys (ConfUtils.java:logGet(43)) - raft.server.sleep.deviation.threshold = 300 (default)
2019-10-15 08:42:55,256 [pool-433-thread-1] INFO  server.RaftServerConfigKeys (ConfUtils.java:logGet(43)) - raft.server.log.appender.install.snapshot.enabled = false (custom)
2019-10-15 08:42:55,256 [pool-433-thread-1] INFO  impl.RaftServerImpl (ServerState.java:<init>(103)) - f6d552c9-f983-4597-b4d0-1b438ea21ad8@group-9079E3571B99: ConfigurationManager, init=-1: [f6d552c9-f983-4597-b4d0-1b438ea21ad8:192.168.164.209:37602], old=null, confs=<EMPTY_MAP>
2019-10-15 08:42:55,256 [pool-433-thread-1] INFO  server.RaftServerConfigKeys (ConfUtils.java:logGet(43)) - raft.server.storage.dir = [/workdir/hadoop-ozone/integration-test/target/test-dir/MiniOzoneClusterImpl-d07e3086-68e0-4340-b24d-43dfb7c1e85c/datanode-5/data/ratis] (custom)
2019-10-15 08:42:55,256 [pool-433-thread-1] INFO  server.RaftServerConfigKeys (ConfUtils.java:logGet(43)) - raft.server.log.corruption.policy = EXCEPTION (default)
2019-10-15 08:42:55,257 [pool-433-thread-1] INFO  storage.RaftStorageDirectory (RaftStorageDirectory.java:analyzeStorage(246)) - The storage directory /workdir/hadoop-ozone/integration-test/target/test-dir/MiniOzoneClusterImpl-d07e3086-68e0-4340-b24d-43dfb7c1e85c/datanode-5/data/ratis/03ec6bc2-5391-493f-9913-9079e3571b99 does not exist. Creating ...
2019-10-15 08:42:55,270 [main] INFO  ozone.MiniOzoneClusterImpl (MiniOzoneClusterImpl.java:lambda$waitForClusterToBeReady$0(147)) - Waiting for cluster to be ready. Got 6 of 7 DN Heartbeats.
2019-10-15 08:42:55,271 [IPC Server handler 1 on 38824] INFO  net.NetworkTopology (NetworkTopologyImpl.java:add(111)) - Added a new node: /default-rack/fce1772e-bc8b-45e5-be45-8c8cf120d735
2019-10-15 08:42:55,271 [IPC Server handler 1 on 38824] INFO  node.SCMNodeManager (SCMNodeManager.java:register(268)) - Registered Data node : fce1772e-bc8b-45e5-be45-8c8cf120d735{ip: 192.168.164.209, host: pr-hdds-1569-hdnwc-3336613964, networkLocation: /default-rack, certSerialId: null}
2019-10-15 08:42:55,280 [pool-433-thread-1] INFO  storage.RaftStorageDirectory (RaftStorageDirectory.java:tryLock(328)) - Lock on /workdir/hadoop-ozone/integration-test/target/test-dir/MiniOzoneClusterImpl-d07e3086-68e0-4340-b24d-43dfb7c1e85c/datanode-5/data/ratis/03ec6bc2-5391-493f-9913-9079e3571b99/in_use.lock acquired by nodename 17889@pr-hdds-1569-hdnwc-3336613964
2019-10-15 08:42:55,306 [pool-433-thread-1] INFO  storage.RaftStorage (RaftStorage.java:format(84)) - Storage directory /workdir/hadoop-ozone/integration-test/target/test-dir/MiniOzoneClusterImpl-d07e3086-68e0-4340-b24d-43dfb7c1e85c/datanode-5/data/ratis/03ec6bc2-5391-493f-9913-9079e3571b99 has been successfully formatted.
2019-10-15 08:42:55,306 [pool-433-thread-1] INFO  ratis.ContainerStateMachine (ContainerStateMachine.java:loadSnapshot(231)) - group-9079E3571B99: The snapshot info is null. Setting the last applied indexto:(t:0, i:~)
2019-10-15 08:42:55,306 [pool-433-thread-1] INFO  server.RaftServerConfigKeys (ConfUtils.java:logGet(43)) - raft.server.notification.no-leader.timeout = 120s (custom)
2019-10-15 08:42:55,306 [pool-433-thread-1] INFO  server.RaftServerConfigKeys (ConfUtils.java:logGet(43)) - raft.server.log.use.memory = false (default)
2019-10-15 08:42:55,307 [pool-433-thread-1] INFO  server.RaftServerConfigKeys (ConfUtils.java:logGet(43)) - raft.server.log.purge.gap = 1000000 (custom)
2019-10-15 08:42:55,307 [pool-433-thread-1] INFO  server.RaftServerConfigKeys (ConfUtils.java:logGet(43)) - raft.server.log.appender.buffer.byte-limit = 33554432 (custom)
2019-10-15 08:42:55,307 [pool-433-thread-1] INFO  server.RaftServerConfigKeys (ConfUtils.java:logGet(43)) - raft.server.log.segment.size.max = 1048576 (custom)
2019-10-15 08:42:55,308 [pool-433-thread-1] INFO  server.RaftServerConfigKeys (ConfUtils.java:logGet(43)) - raft.server.log.segment.cache.num.max = 2 (custom)
2019-10-15 08:42:55,309 [pool-433-thread-1] INFO  segmented.SegmentedRaftLogWorker (SegmentedRaftLogWorker.java:<init>(173)) - new f6d552c9-f983-4597-b4d0-1b438ea21ad8@group-9079E3571B99-SegmentedRaftLogWorker for RaftStorage:Storage Directory /workdir/hadoop-ozone/integration-test/target/test-dir/MiniOzoneClusterImpl-d07e3086-68e0-4340-b24d-43dfb7c1e85c/datanode-5/data/ratis/03ec6bc2-5391-493f-9913-9079e3571b99
2019-10-15 08:42:55,309 [pool-433-thread-1] INFO  server.RaftServerConfigKeys (ConfUtils.java:logGet(43)) - raft.server.log.queue.byte-limit = 2147483647 (custom)
2019-10-15 08:42:55,309 [pool-433-thread-1] INFO  server.RaftServerConfigKeys (ConfUtils.java:logGet(43)) - raft.server.log.queue.element-limit = 1024 (custom)
2019-10-15 08:42:55,309 [pool-433-thread-1] INFO  server.RaftServerConfigKeys (ConfUtils.java:logGet(43)) - raft.server.log.segment.size.max = 1048576 (custom)
2019-10-15 08:42:55,309 [pool-433-thread-1] INFO  server.RaftServerConfigKeys (ConfUtils.java:logGet(43)) - raft.server.log.preallocated.size = 16384 (custom)
2019-10-15 08:42:55,309 [pool-433-thread-1] INFO  server.RaftServerConfigKeys (ConfUtils.java:logGet(43)) - raft.server.log.write.buffer.size = 33554432 (custom)
2019-10-15 08:42:55,309 [pool-433-thread-1] INFO  server.RaftServerConfigKeys (ConfUtils.java:logGet(43)) - raft.server.log.force.sync.num = 128 (default)
2019-10-15 08:42:55,309 [pool-433-thread-1] INFO  server.RaftServerConfigKeys (ConfUtils.java:logGet(43)) - raft.server.log.statemachine.data.sync = true (default)
2019-10-15 08:42:55,310 [pool-433-thread-1] INFO  server.RaftServerConfigKeys (ConfUtils.java:logGet(43)) - raft.server.log.statemachine.data.sync.timeout = 10s (default)
2019-10-15 08:42:55,310 [pool-433-thread-1] INFO  server.RaftServerConfigKeys (ConfUtils.java:logGet(43)) - raft.server.log.statemachine.data.sync.timeout.retry = -1 (default)
2019-10-15 08:42:55,310 [pool-433-thread-1] INFO  server.RaftServerConfigKeys (ConfUtils.java:logGet(43)) - raft.server.log.statemachine.data.caching.enabled = true (custom)
2019-10-15 08:42:55,310 [pool-433-thread-1] INFO  segmented.SegmentedRaftLogWorker (SegmentedRaftLogWorker.java:lambda$new$0(128)) - f6d552c9-f983-4597-b4d0-1b438ea21ad8@group-9079E3571B99-SegmentedRaftLogWorker: flushIndex: setUnconditionally 0 -> -1
2019-10-15 08:42:55,311 [pool-433-thread-1] INFO  server.RaftServerConfigKeys (ConfUtils.java:logGet(43)) - raft.server.snapshot.auto.trigger.enabled = true (custom)
2019-10-15 08:42:55,311 [pool-433-thread-1] INFO  server.RaftServerConfigKeys (ConfUtils.java:logGet(43)) - raft.server.snapshot.auto.trigger.threshold = 10000 (custom)
2019-10-15 08:42:55,311 [pool-433-thread-1] INFO  server.RaftServerConfigKeys (ConfUtils.java:logGet(43)) - raft.server.snapshot.retention.file.num = 5 (custom)
2019-10-15 08:42:55,311 [pool-433-thread-1] INFO  server.RaftServerConfigKeys (ConfUtils.java:logGet(43)) - raft.server.retrycache.expirytime = 600000ms (custom)
2019-10-15 08:42:55,312 [pool-433-thread-1] INFO  impl.RaftServerImpl (RaftServerImpl.java:start(181)) - f6d552c9-f983-4597-b4d0-1b438ea21ad8@group-9079E3571B99: start as a follower, conf=-1: [f6d552c9-f983-4597-b4d0-1b438ea21ad8:192.168.164.209:37602], old=null
2019-10-15 08:42:55,313 [pool-433-thread-1] INFO  impl.RaftServerImpl (RaftServerImpl.java:setRole(170)) - f6d552c9-f983-4597-b4d0-1b438ea21ad8@group-9079E3571B99: changes role from      null to FOLLOWER at term 0 for startAsFollower
2019-10-15 08:42:55,313 [pool-433-thread-1] INFO  impl.RoleInfo (RoleInfo.java:updateAndGet(143)) - f6d552c9-f983-4597-b4d0-1b438ea21ad8: start FollowerState
2019-10-15 08:42:55,313 [pool-433-thread-1] INFO  util.JmxRegister (JmxRegister.java:tryRegister(44)) - Successfully registered JMX Bean with object name Ratis:service=RaftServer,group=group-9079E3571B99,id=f6d552c9-f983-4597-b4d0-1b438ea21ad8
2019-10-15 08:42:55,322 [RatisPipelineUtilsThread] INFO  pipeline.PipelineStateManager (PipelineStateManager.java:addPipeline(56)) - Created pipeline Pipeline[ Id: 03ec6bc2-5391-493f-9913-9079e3571b99, Nodes: f6d552c9-f983-4597-b4d0-1b438ea21ad8{ip: 192.168.164.209, host: pr-hdds-1569-hdnwc-3336613964, networkLocation: /default-rack, certSerialId: null}, Type:RATIS, Factor:ONE, State:OPEN]
2019-10-15 08:42:55,334 [grpc-default-executor-1] INFO  impl.RaftServerProxy (RaftServerProxy.java:addNew(89)) - fce1772e-bc8b-45e5-be45-8c8cf120d735: addNew group-45061EDE738C:[fce1772e-bc8b-45e5-be45-8c8cf120d735:192.168.164.209:32893] returns group-45061EDE738C:java.util.concurrent.CompletableFuture@6db9366c[Not completed]
2019-10-15 08:42:55,336 [pool-443-thread-1] INFO  impl.RaftServerImpl (RaftServerImpl.java:<init>(95)) - fce1772e-bc8b-45e5-be45-8c8cf120d735: new RaftServerImpl for group-45061EDE738C:[fce1772e-bc8b-45e5-be45-8c8cf120d735:192.168.164.209:32893] with ContainerStateMachine:uninitialized
2019-10-15 08:42:55,336 [pool-443-thread-1] INFO  server.RaftServerConfigKeys (ConfUtils.java:logGet(43)) - raft.server.rpc.timeout.min = 5s (custom)
2019-10-15 08:42:55,336 [pool-443-thread-1] INFO  server.RaftServerConfigKeys (ConfUtils.java:logGet(43)) - raft.server.rpc.timeout.max = 5200ms (custom)
2019-10-15 08:42:55,336 [pool-443-thread-1] INFO  server.RaftServerConfigKeys (ConfUtils.java:logGet(43)) - raft.server.rpcslowness.timeout = 120s (custom)
2019-10-15 08:42:55,337 [pool-443-thread-1] INFO  server.RaftServerConfigKeys (ConfUtils.java:logGet(43)) - raft.server.sleep.deviation.threshold = 300 (default)
2019-10-15 08:42:55,337 [pool-443-thread-1] INFO  server.RaftServerConfigKeys (ConfUtils.java:logGet(43)) - raft.server.log.appender.install.snapshot.enabled = false (custom)
2019-10-15 08:42:55,337 [pool-443-thread-1] INFO  impl.RaftServerImpl (ServerState.java:<init>(103)) - fce1772e-bc8b-45e5-be45-8c8cf120d735@group-45061EDE738C: ConfigurationManager, init=-1: [fce1772e-bc8b-45e5-be45-8c8cf120d735:192.168.164.209:32893], old=null, confs=<EMPTY_MAP>
2019-10-15 08:42:55,337 [pool-443-thread-1] INFO  server.RaftServerConfigKeys (ConfUtils.java:logGet(43)) - raft.server.storage.dir = [/workdir/hadoop-ozone/integration-test/target/test-dir/MiniOzoneClusterImpl-d07e3086-68e0-4340-b24d-43dfb7c1e85c/datanode-6/data/ratis] (custom)
2019-10-15 08:42:55,338 [pool-443-thread-1] INFO  server.RaftServerConfigKeys (ConfUtils.java:logGet(43)) - raft.server.log.corruption.policy = EXCEPTION (default)
2019-10-15 08:42:55,338 [pool-443-thread-1] INFO  storage.RaftStorageDirectory (RaftStorageDirectory.java:analyzeStorage(246)) - The storage directory /workdir/hadoop-ozone/integration-test/target/test-dir/MiniOzoneClusterImpl-d07e3086-68e0-4340-b24d-43dfb7c1e85c/datanode-6/data/ratis/2ff9c8a1-1b25-4c75-ba1f-45061ede738c does not exist. Creating ...
2019-10-15 08:42:55,366 [pool-443-thread-1] INFO  storage.RaftStorageDirectory (RaftStorageDirectory.java:tryLock(328)) - Lock on /workdir/hadoop-ozone/integration-test/target/test-dir/MiniOzoneClusterImpl-d07e3086-68e0-4340-b24d-43dfb7c1e85c/datanode-6/data/ratis/2ff9c8a1-1b25-4c75-ba1f-45061ede738c/in_use.lock acquired by nodename 17889@pr-hdds-1569-hdnwc-3336613964
2019-10-15 08:42:55,391 [pool-443-thread-1] INFO  storage.RaftStorage (RaftStorage.java:format(84)) - Storage directory /workdir/hadoop-ozone/integration-test/target/test-dir/MiniOzoneClusterImpl-d07e3086-68e0-4340-b24d-43dfb7c1e85c/datanode-6/data/ratis/2ff9c8a1-1b25-4c75-ba1f-45061ede738c has been successfully formatted.
2019-10-15 08:42:55,391 [pool-443-thread-1] INFO  ratis.ContainerStateMachine (ContainerStateMachine.java:loadSnapshot(231)) - group-45061EDE738C: The snapshot info is null. Setting the last applied indexto:(t:0, i:~)
2019-10-15 08:42:55,391 [pool-443-thread-1] INFO  server.RaftServerConfigKeys (ConfUtils.java:logGet(43)) - raft.server.notification.no-leader.timeout = 120s (custom)
2019-10-15 08:42:55,392 [pool-443-thread-1] INFO  server.RaftServerConfigKeys (ConfUtils.java:logGet(43)) - raft.server.log.use.memory = false (default)
2019-10-15 08:42:55,392 [pool-443-thread-1] INFO  server.RaftServerConfigKeys (ConfUtils.java:logGet(43)) - raft.server.log.purge.gap = 1000000 (custom)
2019-10-15 08:42:55,392 [pool-443-thread-1] INFO  server.RaftServerConfigKeys (ConfUtils.java:logGet(43)) - raft.server.log.appender.buffer.byte-limit = 33554432 (custom)
2019-10-15 08:42:55,392 [pool-443-thread-1] INFO  server.RaftServerConfigKeys (ConfUtils.java:logGet(43)) - raft.server.log.segment.size.max = 1048576 (custom)
2019-10-15 08:42:55,394 [pool-443-thread-1] INFO  server.RaftServerConfigKeys (ConfUtils.java:logGet(43)) - raft.server.log.segment.cache.num.max = 2 (custom)
2019-10-15 08:42:55,394 [pool-443-thread-1] INFO  segmented.SegmentedRaftLogWorker (SegmentedRaftLogWorker.java:<init>(173)) - new fce1772e-bc8b-45e5-be45-8c8cf120d735@group-45061EDE738C-SegmentedRaftLogWorker for RaftStorage:Storage Directory /workdir/hadoop-ozone/integration-test/target/test-dir/MiniOzoneClusterImpl-d07e3086-68e0-4340-b24d-43dfb7c1e85c/datanode-6/data/ratis/2ff9c8a1-1b25-4c75-ba1f-45061ede738c
2019-10-15 08:42:55,394 [pool-443-thread-1] INFO  server.RaftServerConfigKeys (ConfUtils.java:logGet(43)) - raft.server.log.queue.byte-limit = 2147483647 (custom)
2019-10-15 08:42:55,394 [pool-443-thread-1] INFO  server.RaftServerConfigKeys (ConfUtils.java:logGet(43)) - raft.server.log.queue.element-limit = 1024 (custom)
2019-10-15 08:42:55,394 [pool-443-thread-1] INFO  server.RaftServerConfigKeys (ConfUtils.java:logGet(43)) - raft.server.log.segment.size.max = 1048576 (custom)
2019-10-15 08:42:55,394 [pool-443-thread-1] INFO  server.RaftServerConfigKeys (ConfUtils.java:logGet(43)) - raft.server.log.preallocated.size = 16384 (custom)
2019-10-15 08:42:55,394 [pool-443-thread-1] INFO  server.RaftServerConfigKeys (ConfUtils.java:logGet(43)) - raft.server.log.write.buffer.size = 33554432 (custom)
2019-10-15 08:42:55,394 [pool-443-thread-1] INFO  server.RaftServerConfigKeys (ConfUtils.java:logGet(43)) - raft.server.log.force.sync.num = 128 (default)
2019-10-15 08:42:55,394 [pool-443-thread-1] INFO  server.RaftServerConfigKeys (ConfUtils.java:logGet(43)) - raft.server.log.statemachine.data.sync = true (default)
2019-10-15 08:42:55,395 [pool-443-thread-1] INFO  server.RaftServerConfigKeys (ConfUtils.java:logGet(43)) - raft.server.log.statemachine.data.sync.timeout = 10s (default)
2019-10-15 08:42:55,395 [pool-443-thread-1] INFO  server.RaftServerConfigKeys (ConfUtils.java:logGet(43)) - raft.server.log.statemachine.data.sync.timeout.retry = -1 (default)
2019-10-15 08:42:55,395 [pool-443-thread-1] INFO  server.RaftServerConfigKeys (ConfUtils.java:logGet(43)) - raft.server.log.statemachine.data.caching.enabled = true (custom)
2019-10-15 08:42:55,395 [pool-443-thread-1] INFO  segmented.SegmentedRaftLogWorker (SegmentedRaftLogWorker.java:lambda$new$0(128)) - fce1772e-bc8b-45e5-be45-8c8cf120d735@group-45061EDE738C-SegmentedRaftLogWorker: flushIndex: setUnconditionally 0 -> -1
2019-10-15 08:42:55,396 [pool-443-thread-1] INFO  server.RaftServerConfigKeys (ConfUtils.java:logGet(43)) - raft.server.snapshot.auto.trigger.enabled = true (custom)
2019-10-15 08:42:55,396 [pool-443-thread-1] INFO  server.RaftServerConfigKeys (ConfUtils.java:logGet(43)) - raft.server.snapshot.auto.trigger.threshold = 10000 (custom)
2019-10-15 08:42:55,396 [pool-443-thread-1] INFO  server.RaftServerConfigKeys (ConfUtils.java:logGet(43)) - raft.server.snapshot.retention.file.num = 5 (custom)
2019-10-15 08:42:55,396 [pool-443-thread-1] INFO  server.RaftServerConfigKeys (ConfUtils.java:logGet(43)) - raft.server.retrycache.expirytime = 600000ms (custom)
2019-10-15 08:42:55,397 [pool-443-thread-1] INFO  impl.RaftServerImpl (RaftServerImpl.java:start(181)) - fce1772e-bc8b-45e5-be45-8c8cf120d735@group-45061EDE738C: start as a follower, conf=-1: [fce1772e-bc8b-45e5-be45-8c8cf120d735:192.168.164.209:32893], old=null
2019-10-15 08:42:55,397 [pool-443-thread-1] INFO  impl.RaftServerImpl (RaftServerImpl.java:setRole(170)) - fce1772e-bc8b-45e5-be45-8c8cf120d735@group-45061EDE738C: changes role from      null to FOLLOWER at term 0 for startAsFollower
2019-10-15 08:42:55,397 [pool-443-thread-1] INFO  impl.RoleInfo (RoleInfo.java:updateAndGet(143)) - fce1772e-bc8b-45e5-be45-8c8cf120d735: start FollowerState
2019-10-15 08:42:55,398 [pool-443-thread-1] INFO  util.JmxRegister (JmxRegister.java:tryRegister(44)) - Successfully registered JMX Bean with object name Ratis:service=RaftServer,group=group-45061EDE738C,id=fce1772e-bc8b-45e5-be45-8c8cf120d735
2019-10-15 08:42:55,401 [RatisPipelineUtilsThread] INFO  pipeline.PipelineStateManager (PipelineStateManager.java:addPipeline(56)) - Created pipeline Pipeline[ Id: 2ff9c8a1-1b25-4c75-ba1f-45061ede738c, Nodes: fce1772e-bc8b-45e5-be45-8c8cf120d735{ip: 192.168.164.209, host: pr-hdds-1569-hdnwc-3336613964, networkLocation: /default-rack, certSerialId: null}, Type:RATIS, Factor:ONE, State:OPEN]
2019-10-15 08:42:55,402 [RatisPipelineUtilsThread] ERROR pipeline.SCMPipelineManager (SCMPipelineManager.java:createPipeline(193)) - Pipeline creation failed.
org.apache.hadoop.hdds.scm.exceptions.SCMException: Cannot create pipeline of factor 1 using 0 nodes. Used 7 nodes. Healthy nodes 7
	at org.apache.hadoop.hdds.scm.pipeline.RatisPipelineProvider.pickNodesNeverUsed(RatisPipelineProvider.java:116)
	at org.apache.hadoop.hdds.scm.pipeline.RatisPipelineProvider.create(RatisPipelineProvider.java:128)
	at org.apache.hadoop.hdds.scm.pipeline.PipelineFactory.create(PipelineFactory.java:58)
	at org.apache.hadoop.hdds.scm.pipeline.SCMPipelineManager.createPipeline(SCMPipelineManager.java:183)
	at org.apache.hadoop.hdds.scm.pipeline.BackgroundPipelineCreator.createPipelines(BackgroundPipelineCreator.java:100)
	at java.util.concurrent.Executors$RunnableAdapter.call(Executors.java:511)
	at java.util.concurrent.FutureTask.run(FutureTask.java:266)
	at java.util.concurrent.ScheduledThreadPoolExecutor$ScheduledFutureTask.access$201(ScheduledThreadPoolExecutor.java:180)
	at java.util.concurrent.ScheduledThreadPoolExecutor$ScheduledFutureTask.run(ScheduledThreadPoolExecutor.java:293)
	at java.util.concurrent.ThreadPoolExecutor.runWorker(ThreadPoolExecutor.java:1149)
	at java.util.concurrent.ThreadPoolExecutor$Worker.run(ThreadPoolExecutor.java:624)
	at java.lang.Thread.run(Thread.java:748)
2019-10-15 08:42:55,414 [grpc-default-executor-1] INFO  impl.RaftServerProxy (RaftServerProxy.java:addNew(89)) - f6d552c9-f983-4597-b4d0-1b438ea21ad8: addNew group-439AAE1CF691:[f6d552c9-f983-4597-b4d0-1b438ea21ad8:192.168.164.209:37602, 77143d31-7a05-49d3-8166-c63e8419bc63:192.168.164.209:44002, 4c00b829-f7eb-437b-9af3-99601f151fac:192.168.164.209:39950] returns group-439AAE1CF691:java.util.concurrent.CompletableFuture@5e055928[Not completed]
2019-10-15 08:42:55,414 [grpc-default-executor-2] INFO  impl.RaftServerProxy (RaftServerProxy.java:addNew(89)) - 4c00b829-f7eb-437b-9af3-99601f151fac: addNew group-439AAE1CF691:[f6d552c9-f983-4597-b4d0-1b438ea21ad8:192.168.164.209:37602, 77143d31-7a05-49d3-8166-c63e8419bc63:192.168.164.209:44002, 4c00b829-f7eb-437b-9af3-99601f151fac:192.168.164.209:39950] returns group-439AAE1CF691:java.util.concurrent.CompletableFuture@bc1a2d3[Not completed]
2019-10-15 08:42:55,414 [grpc-default-executor-7] INFO  impl.RaftServerProxy (RaftServerProxy.java:addNew(89)) - 77143d31-7a05-49d3-8166-c63e8419bc63: addNew group-439AAE1CF691:[f6d552c9-f983-4597-b4d0-1b438ea21ad8:192.168.164.209:37602, 77143d31-7a05-49d3-8166-c63e8419bc63:192.168.164.209:44002, 4c00b829-f7eb-437b-9af3-99601f151fac:192.168.164.209:39950] returns group-439AAE1CF691:java.util.concurrent.CompletableFuture@6d6ab3cf[Not completed]
2019-10-15 08:42:55,415 [pool-383-thread-1] INFO  impl.RaftServerImpl (RaftServerImpl.java:<init>(95)) - 77143d31-7a05-49d3-8166-c63e8419bc63: new RaftServerImpl for group-439AAE1CF691:[f6d552c9-f983-4597-b4d0-1b438ea21ad8:192.168.164.209:37602, 77143d31-7a05-49d3-8166-c63e8419bc63:192.168.164.209:44002, 4c00b829-f7eb-437b-9af3-99601f151fac:192.168.164.209:39950] with ContainerStateMachine:uninitialized
2019-10-15 08:42:55,415 [pool-383-thread-1] INFO  server.RaftServerConfigKeys (ConfUtils.java:logGet(43)) - raft.server.rpc.timeout.min = 5s (custom)
2019-10-15 08:42:55,415 [pool-383-thread-1] INFO  server.RaftServerConfigKeys (ConfUtils.java:logGet(43)) - raft.server.rpc.timeout.max = 5200ms (custom)
2019-10-15 08:42:55,416 [pool-383-thread-1] INFO  server.RaftServerConfigKeys (ConfUtils.java:logGet(43)) - raft.server.rpcslowness.timeout = 120s (custom)
2019-10-15 08:42:55,416 [pool-423-thread-1] INFO  impl.RaftServerImpl (RaftServerImpl.java:<init>(95)) - 4c00b829-f7eb-437b-9af3-99601f151fac: new RaftServerImpl for group-439AAE1CF691:[f6d552c9-f983-4597-b4d0-1b438ea21ad8:192.168.164.209:37602, 77143d31-7a05-49d3-8166-c63e8419bc63:192.168.164.209:44002, 4c00b829-f7eb-437b-9af3-99601f151fac:192.168.164.209:39950] with ContainerStateMachine:uninitialized
2019-10-15 08:42:55,416 [pool-383-thread-1] INFO  server.RaftServerConfigKeys (ConfUtils.java:logGet(43)) - raft.server.sleep.deviation.threshold = 300 (default)
2019-10-15 08:42:55,416 [pool-423-thread-1] INFO  server.RaftServerConfigKeys (ConfUtils.java:logGet(43)) - raft.server.rpc.timeout.min = 5s (custom)
2019-10-15 08:42:55,416 [pool-433-thread-1] INFO  impl.RaftServerImpl (RaftServerImpl.java:<init>(95)) - f6d552c9-f983-4597-b4d0-1b438ea21ad8: new RaftServerImpl for group-439AAE1CF691:[f6d552c9-f983-4597-b4d0-1b438ea21ad8:192.168.164.209:37602, 77143d31-7a05-49d3-8166-c63e8419bc63:192.168.164.209:44002, 4c00b829-f7eb-437b-9af3-99601f151fac:192.168.164.209:39950] with ContainerStateMachine:uninitialized
2019-10-15 08:42:55,416 [pool-383-thread-1] INFO  server.RaftServerConfigKeys (ConfUtils.java:logGet(43)) - raft.server.log.appender.install.snapshot.enabled = false (custom)
2019-10-15 08:42:55,416 [pool-433-thread-1] INFO  server.RaftServerConfigKeys (ConfUtils.java:logGet(43)) - raft.server.rpc.timeout.min = 5s (custom)
2019-10-15 08:42:55,416 [pool-423-thread-1] INFO  server.RaftServerConfigKeys (ConfUtils.java:logGet(43)) - raft.server.rpc.timeout.max = 5200ms (custom)
2019-10-15 08:42:55,416 [pool-433-thread-1] INFO  server.RaftServerConfigKeys (ConfUtils.java:logGet(43)) - raft.server.rpc.timeout.max = 5200ms (custom)
2019-10-15 08:42:55,416 [pool-383-thread-1] INFO  impl.RaftServerImpl (ServerState.java:<init>(103)) - 77143d31-7a05-49d3-8166-c63e8419bc63@group-439AAE1CF691: ConfigurationManager, init=-1: [f6d552c9-f983-4597-b4d0-1b438ea21ad8:192.168.164.209:37602, 77143d31-7a05-49d3-8166-c63e8419bc63:192.168.164.209:44002, 4c00b829-f7eb-437b-9af3-99601f151fac:192.168.164.209:39950], old=null, confs=<EMPTY_MAP>
2019-10-15 08:42:55,417 [pool-433-thread-1] INFO  server.RaftServerConfigKeys (ConfUtils.java:logGet(43)) - raft.server.rpcslowness.timeout = 120s (custom)
2019-10-15 08:42:55,417 [pool-423-thread-1] INFO  server.RaftServerConfigKeys (ConfUtils.java:logGet(43)) - raft.server.rpcslowness.timeout = 120s (custom)
2019-10-15 08:42:55,417 [pool-433-thread-1] INFO  server.RaftServerConfigKeys (ConfUtils.java:logGet(43)) - raft.server.sleep.deviation.threshold = 300 (default)
2019-10-15 08:42:55,417 [pool-383-thread-1] INFO  server.RaftServerConfigKeys (ConfUtils.java:logGet(43)) - raft.server.storage.dir = [/workdir/hadoop-ozone/integration-test/target/test-dir/MiniOzoneClusterImpl-d07e3086-68e0-4340-b24d-43dfb7c1e85c/datanode-0/data/ratis] (custom)
2019-10-15 08:42:55,417 [pool-433-thread-1] INFO  server.RaftServerConfigKeys (ConfUtils.java:logGet(43)) - raft.server.log.appender.install.snapshot.enabled = false (custom)
2019-10-15 08:42:55,417 [pool-423-thread-1] INFO  server.RaftServerConfigKeys (ConfUtils.java:logGet(43)) - raft.server.sleep.deviation.threshold = 300 (default)
2019-10-15 08:42:55,417 [pool-383-thread-1] INFO  server.RaftServerConfigKeys (ConfUtils.java:logGet(43)) - raft.server.log.corruption.policy = EXCEPTION (default)
2019-10-15 08:42:55,417 [pool-433-thread-1] INFO  impl.RaftServerImpl (ServerState.java:<init>(103)) - f6d552c9-f983-4597-b4d0-1b438ea21ad8@group-439AAE1CF691: ConfigurationManager, init=-1: [f6d552c9-f983-4597-b4d0-1b438ea21ad8:192.168.164.209:37602, 77143d31-7a05-49d3-8166-c63e8419bc63:192.168.164.209:44002, 4c00b829-f7eb-437b-9af3-99601f151fac:192.168.164.209:39950], old=null, confs=<EMPTY_MAP>
2019-10-15 08:42:55,417 [pool-423-thread-1] INFO  server.RaftServerConfigKeys (ConfUtils.java:logGet(43)) - raft.server.log.appender.install.snapshot.enabled = false (custom)
2019-10-15 08:42:55,418 [pool-433-thread-1] INFO  server.RaftServerConfigKeys (ConfUtils.java:logGet(43)) - raft.server.storage.dir = [/workdir/hadoop-ozone/integration-test/target/test-dir/MiniOzoneClusterImpl-d07e3086-68e0-4340-b24d-43dfb7c1e85c/datanode-5/data/ratis] (custom)
2019-10-15 08:42:55,418 [pool-383-thread-1] INFO  storage.RaftStorageDirectory (RaftStorageDirectory.java:analyzeStorage(246)) - The storage directory /workdir/hadoop-ozone/integration-test/target/test-dir/MiniOzoneClusterImpl-d07e3086-68e0-4340-b24d-43dfb7c1e85c/datanode-0/data/ratis/0893dc23-fc59-4672-9695-439aae1cf691 does not exist. Creating ...
2019-10-15 08:42:55,418 [pool-433-thread-1] INFO  server.RaftServerConfigKeys (ConfUtils.java:logGet(43)) - raft.server.log.corruption.policy = EXCEPTION (default)
2019-10-15 08:42:55,418 [pool-423-thread-1] INFO  impl.RaftServerImpl (ServerState.java:<init>(103)) - 4c00b829-f7eb-437b-9af3-99601f151fac@group-439AAE1CF691: ConfigurationManager, init=-1: [f6d552c9-f983-4597-b4d0-1b438ea21ad8:192.168.164.209:37602, 77143d31-7a05-49d3-8166-c63e8419bc63:192.168.164.209:44002, 4c00b829-f7eb-437b-9af3-99601f151fac:192.168.164.209:39950], old=null, confs=<EMPTY_MAP>
2019-10-15 08:42:55,418 [pool-433-thread-1] INFO  storage.RaftStorageDirectory (RaftStorageDirectory.java:analyzeStorage(246)) - The storage directory /workdir/hadoop-ozone/integration-test/target/test-dir/MiniOzoneClusterImpl-d07e3086-68e0-4340-b24d-43dfb7c1e85c/datanode-5/data/ratis/0893dc23-fc59-4672-9695-439aae1cf691 does not exist. Creating ...
2019-10-15 08:42:55,418 [pool-423-thread-1] INFO  server.RaftServerConfigKeys (ConfUtils.java:logGet(43)) - raft.server.storage.dir = [/workdir/hadoop-ozone/integration-test/target/test-dir/MiniOzoneClusterImpl-d07e3086-68e0-4340-b24d-43dfb7c1e85c/datanode-4/data/ratis] (custom)
2019-10-15 08:42:55,419 [pool-423-thread-1] INFO  server.RaftServerConfigKeys (ConfUtils.java:logGet(43)) - raft.server.log.corruption.policy = EXCEPTION (default)
2019-10-15 08:42:55,419 [pool-423-thread-1] INFO  storage.RaftStorageDirectory (RaftStorageDirectory.java:analyzeStorage(246)) - The storage directory /workdir/hadoop-ozone/integration-test/target/test-dir/MiniOzoneClusterImpl-d07e3086-68e0-4340-b24d-43dfb7c1e85c/datanode-4/data/ratis/0893dc23-fc59-4672-9695-439aae1cf691 does not exist. Creating ...
2019-10-15 08:42:55,442 [pool-433-thread-1] INFO  storage.RaftStorageDirectory (RaftStorageDirectory.java:tryLock(328)) - Lock on /workdir/hadoop-ozone/integration-test/target/test-dir/MiniOzoneClusterImpl-d07e3086-68e0-4340-b24d-43dfb7c1e85c/datanode-5/data/ratis/0893dc23-fc59-4672-9695-439aae1cf691/in_use.lock acquired by nodename 17889@pr-hdds-1569-hdnwc-3336613964
2019-10-15 08:42:55,442 [pool-383-thread-1] INFO  storage.RaftStorageDirectory (RaftStorageDirectory.java:tryLock(328)) - Lock on /workdir/hadoop-ozone/integration-test/target/test-dir/MiniOzoneClusterImpl-d07e3086-68e0-4340-b24d-43dfb7c1e85c/datanode-0/data/ratis/0893dc23-fc59-4672-9695-439aae1cf691/in_use.lock acquired by nodename 17889@pr-hdds-1569-hdnwc-3336613964
2019-10-15 08:42:55,442 [pool-423-thread-1] INFO  storage.RaftStorageDirectory (RaftStorageDirectory.java:tryLock(328)) - Lock on /workdir/hadoop-ozone/integration-test/target/test-dir/MiniOzoneClusterImpl-d07e3086-68e0-4340-b24d-43dfb7c1e85c/datanode-4/data/ratis/0893dc23-fc59-4672-9695-439aae1cf691/in_use.lock acquired by nodename 17889@pr-hdds-1569-hdnwc-3336613964
2019-10-15 08:42:55,467 [pool-433-thread-1] INFO  storage.RaftStorage (RaftStorage.java:format(84)) - Storage directory /workdir/hadoop-ozone/integration-test/target/test-dir/MiniOzoneClusterImpl-d07e3086-68e0-4340-b24d-43dfb7c1e85c/datanode-5/data/ratis/0893dc23-fc59-4672-9695-439aae1cf691 has been successfully formatted.
2019-10-15 08:42:55,467 [pool-423-thread-1] INFO  storage.RaftStorage (RaftStorage.java:format(84)) - Storage directory /workdir/hadoop-ozone/integration-test/target/test-dir/MiniOzoneClusterImpl-d07e3086-68e0-4340-b24d-43dfb7c1e85c/datanode-4/data/ratis/0893dc23-fc59-4672-9695-439aae1cf691 has been successfully formatted.
2019-10-15 08:42:55,467 [pool-383-thread-1] INFO  storage.RaftStorage (RaftStorage.java:format(84)) - Storage directory /workdir/hadoop-ozone/integration-test/target/test-dir/MiniOzoneClusterImpl-d07e3086-68e0-4340-b24d-43dfb7c1e85c/datanode-0/data/ratis/0893dc23-fc59-4672-9695-439aae1cf691 has been successfully formatted.
2019-10-15 08:42:55,468 [pool-423-thread-1] INFO  ratis.ContainerStateMachine (ContainerStateMachine.java:loadSnapshot(231)) - group-439AAE1CF691: The snapshot info is null. Setting the last applied indexto:(t:0, i:~)
2019-10-15 08:42:55,468 [pool-433-thread-1] INFO  ratis.ContainerStateMachine (ContainerStateMachine.java:loadSnapshot(231)) - group-439AAE1CF691: The snapshot info is null. Setting the last applied indexto:(t:0, i:~)
2019-10-15 08:42:55,468 [pool-423-thread-1] INFO  server.RaftServerConfigKeys (ConfUtils.java:logGet(43)) - raft.server.notification.no-leader.timeout = 120s (custom)
2019-10-15 08:42:55,468 [pool-383-thread-1] INFO  ratis.ContainerStateMachine (ContainerStateMachine.java:loadSnapshot(231)) - group-439AAE1CF691: The snapshot info is null. Setting the last applied indexto:(t:0, i:~)
2019-10-15 08:42:55,468 [pool-423-thread-1] INFO  server.RaftServerConfigKeys (ConfUtils.java:logGet(43)) - raft.server.log.use.memory = false (default)
2019-10-15 08:42:55,468 [pool-433-thread-1] INFO  server.RaftServerConfigKeys (ConfUtils.java:logGet(43)) - raft.server.notification.no-leader.timeout = 120s (custom)
2019-10-15 08:42:55,469 [pool-423-thread-1] INFO  server.RaftServerConfigKeys (ConfUtils.java:logGet(43)) - raft.server.log.purge.gap = 1000000 (custom)
2019-10-15 08:42:55,469 [pool-383-thread-1] INFO  server.RaftServerConfigKeys (ConfUtils.java:logGet(43)) - raft.server.notification.no-leader.timeout = 120s (custom)
2019-10-15 08:42:55,469 [pool-423-thread-1] INFO  server.RaftServerConfigKeys (ConfUtils.java:logGet(43)) - raft.server.log.appender.buffer.byte-limit = 33554432 (custom)
2019-10-15 08:42:55,469 [pool-433-thread-1] INFO  server.RaftServerConfigKeys (ConfUtils.java:logGet(43)) - raft.server.log.use.memory = false (default)
2019-10-15 08:42:55,469 [pool-423-thread-1] INFO  server.RaftServerConfigKeys (ConfUtils.java:logGet(43)) - raft.server.log.segment.size.max = 1048576 (custom)
2019-10-15 08:42:55,469 [pool-383-thread-1] INFO  server.RaftServerConfigKeys (ConfUtils.java:logGet(43)) - raft.server.log.use.memory = false (default)
2019-10-15 08:42:55,470 [pool-423-thread-1] INFO  server.RaftServerConfigKeys (ConfUtils.java:logGet(43)) - raft.server.log.segment.cache.num.max = 2 (custom)
2019-10-15 08:42:55,469 [pool-433-thread-1] INFO  server.RaftServerConfigKeys (ConfUtils.java:logGet(43)) - raft.server.log.purge.gap = 1000000 (custom)
2019-10-15 08:42:55,470 [pool-423-thread-1] INFO  segmented.SegmentedRaftLogWorker (SegmentedRaftLogWorker.java:<init>(173)) - new 4c00b829-f7eb-437b-9af3-99601f151fac@group-439AAE1CF691-SegmentedRaftLogWorker for RaftStorage:Storage Directory /workdir/hadoop-ozone/integration-test/target/test-dir/MiniOzoneClusterImpl-d07e3086-68e0-4340-b24d-43dfb7c1e85c/datanode-4/data/ratis/0893dc23-fc59-4672-9695-439aae1cf691
2019-10-15 08:42:55,470 [pool-383-thread-1] INFO  server.RaftServerConfigKeys (ConfUtils.java:logGet(43)) - raft.server.log.purge.gap = 1000000 (custom)
2019-10-15 08:42:55,470 [pool-423-thread-1] INFO  server.RaftServerConfigKeys (ConfUtils.java:logGet(43)) - raft.server.log.queue.byte-limit = 2147483647 (custom)
2019-10-15 08:42:55,470 [pool-433-thread-1] INFO  server.RaftServerConfigKeys (ConfUtils.java:logGet(43)) - raft.server.log.appender.buffer.byte-limit = 33554432 (custom)
2019-10-15 08:42:55,471 [pool-423-thread-1] INFO  server.RaftServerConfigKeys (ConfUtils.java:logGet(43)) - raft.server.log.queue.element-limit = 1024 (custom)
2019-10-15 08:42:55,470 [pool-383-thread-1] INFO  server.RaftServerConfigKeys (ConfUtils.java:logGet(43)) - raft.server.log.appender.buffer.byte-limit = 33554432 (custom)
2019-10-15 08:42:55,471 [pool-423-thread-1] INFO  server.RaftServerConfigKeys (ConfUtils.java:logGet(43)) - raft.server.log.segment.size.max = 1048576 (custom)
2019-10-15 08:42:55,471 [pool-433-thread-1] INFO  server.RaftServerConfigKeys (ConfUtils.java:logGet(43)) - raft.server.log.segment.size.max = 1048576 (custom)
2019-10-15 08:42:55,471 [pool-423-thread-1] INFO  server.RaftServerConfigKeys (ConfUtils.java:logGet(43)) - raft.server.log.preallocated.size = 16384 (custom)
2019-10-15 08:42:55,472 [pool-423-thread-1] INFO  server.RaftServerConfigKeys (ConfUtils.java:logGet(43)) - raft.server.log.write.buffer.size = 33554432 (custom)
2019-10-15 08:42:55,471 [pool-383-thread-1] INFO  server.RaftServerConfigKeys (ConfUtils.java:logGet(43)) - raft.server.log.segment.size.max = 1048576 (custom)
2019-10-15 08:42:55,472 [pool-423-thread-1] INFO  server.RaftServerConfigKeys (ConfUtils.java:logGet(43)) - raft.server.log.force.sync.num = 128 (default)
2019-10-15 08:42:55,471 [pool-433-thread-1] INFO  server.RaftServerConfigKeys (ConfUtils.java:logGet(43)) - raft.server.log.segment.cache.num.max = 2 (custom)
2019-10-15 08:42:55,472 [pool-423-thread-1] INFO  server.RaftServerConfigKeys (ConfUtils.java:logGet(43)) - raft.server.log.statemachine.data.sync = true (default)
2019-10-15 08:42:55,472 [pool-383-thread-1] INFO  server.RaftServerConfigKeys (ConfUtils.java:logGet(43)) - raft.server.log.segment.cache.num.max = 2 (custom)
2019-10-15 08:42:55,473 [pool-423-thread-1] INFO  server.RaftServerConfigKeys (ConfUtils.java:logGet(43)) - raft.server.log.statemachine.data.sync.timeout = 10s (default)
2019-10-15 08:42:55,472 [pool-433-thread-1] INFO  segmented.SegmentedRaftLogWorker (SegmentedRaftLogWorker.java:<init>(173)) - new f6d552c9-f983-4597-b4d0-1b438ea21ad8@group-439AAE1CF691-SegmentedRaftLogWorker for RaftStorage:Storage Directory /workdir/hadoop-ozone/integration-test/target/test-dir/MiniOzoneClusterImpl-d07e3086-68e0-4340-b24d-43dfb7c1e85c/datanode-5/data/ratis/0893dc23-fc59-4672-9695-439aae1cf691
2019-10-15 08:42:55,473 [pool-423-thread-1] INFO  server.RaftServerConfigKeys (ConfUtils.java:logGet(43)) - raft.server.log.statemachine.data.sync.timeout.retry = -1 (default)
2019-10-15 08:42:55,473 [pool-383-thread-1] INFO  segmented.SegmentedRaftLogWorker (SegmentedRaftLogWorker.java:<init>(173)) - new 77143d31-7a05-49d3-8166-c63e8419bc63@group-439AAE1CF691-SegmentedRaftLogWorker for RaftStorage:Storage Directory /workdir/hadoop-ozone/integration-test/target/test-dir/MiniOzoneClusterImpl-d07e3086-68e0-4340-b24d-43dfb7c1e85c/datanode-0/data/ratis/0893dc23-fc59-4672-9695-439aae1cf691
2019-10-15 08:42:55,473 [pool-423-thread-1] INFO  server.RaftServerConfigKeys (ConfUtils.java:logGet(43)) - raft.server.log.statemachine.data.caching.enabled = true (custom)
2019-10-15 08:42:55,473 [pool-433-thread-1] INFO  server.RaftServerConfigKeys (ConfUtils.java:logGet(43)) - raft.server.log.queue.byte-limit = 2147483647 (custom)
2019-10-15 08:42:55,474 [pool-433-thread-1] INFO  server.RaftServerConfigKeys (ConfUtils.java:logGet(43)) - raft.server.log.queue.element-limit = 1024 (custom)
2019-10-15 08:42:55,474 [pool-383-thread-1] INFO  server.RaftServerConfigKeys (ConfUtils.java:logGet(43)) - raft.server.log.queue.byte-limit = 2147483647 (custom)
2019-10-15 08:42:55,474 [pool-433-thread-1] INFO  server.RaftServerConfigKeys (ConfUtils.java:logGet(43)) - raft.server.log.segment.size.max = 1048576 (custom)
2019-10-15 08:42:55,474 [pool-423-thread-1] INFO  segmented.SegmentedRaftLogWorker (SegmentedRaftLogWorker.java:lambda$new$0(128)) - 4c00b829-f7eb-437b-9af3-99601f151fac@group-439AAE1CF691-SegmentedRaftLogWorker: flushIndex: setUnconditionally 0 -> -1
2019-10-15 08:42:55,474 [pool-433-thread-1] INFO  server.RaftServerConfigKeys (ConfUtils.java:logGet(43)) - raft.server.log.preallocated.size = 16384 (custom)
2019-10-15 08:42:55,475 [pool-433-thread-1] INFO  server.RaftServerConfigKeys (ConfUtils.java:logGet(43)) - raft.server.log.write.buffer.size = 33554432 (custom)
2019-10-15 08:42:55,474 [pool-383-thread-1] INFO  server.RaftServerConfigKeys (ConfUtils.java:logGet(43)) - raft.server.log.queue.element-limit = 1024 (custom)
2019-10-15 08:42:55,475 [pool-433-thread-1] INFO  server.RaftServerConfigKeys (ConfUtils.java:logGet(43)) - raft.server.log.force.sync.num = 128 (default)
2019-10-15 08:42:55,475 [pool-433-thread-1] INFO  server.RaftServerConfigKeys (ConfUtils.java:logGet(43)) - raft.server.log.statemachine.data.sync = true (default)
2019-10-15 08:42:55,475 [pool-423-thread-1] INFO  server.RaftServerConfigKeys (ConfUtils.java:logGet(43)) - raft.server.snapshot.auto.trigger.enabled = true (custom)
2019-10-15 08:42:55,475 [pool-433-thread-1] INFO  server.RaftServerConfigKeys (ConfUtils.java:logGet(43)) - raft.server.log.statemachine.data.sync.timeout = 10s (default)
2019-10-15 08:42:55,476 [pool-433-thread-1] INFO  server.RaftServerConfigKeys (ConfUtils.java:logGet(43)) - raft.server.log.statemachine.data.sync.timeout.retry = -1 (default)
2019-10-15 08:42:55,475 [pool-383-thread-1] INFO  server.RaftServerConfigKeys (ConfUtils.java:logGet(43)) - raft.server.log.segment.size.max = 1048576 (custom)
2019-10-15 08:42:55,476 [pool-433-thread-1] INFO  server.RaftServerConfigKeys (ConfUtils.java:logGet(43)) - raft.server.log.statemachine.data.caching.enabled = true (custom)
2019-10-15 08:42:55,475 [pool-423-thread-1] INFO  server.RaftServerConfigKeys (ConfUtils.java:logGet(43)) - raft.server.snapshot.auto.trigger.threshold = 10000 (custom)
2019-10-15 08:42:55,476 [pool-433-thread-1] INFO  segmented.SegmentedRaftLogWorker (SegmentedRaftLogWorker.java:lambda$new$0(128)) - f6d552c9-f983-4597-b4d0-1b438ea21ad8@group-439AAE1CF691-SegmentedRaftLogWorker: flushIndex: setUnconditionally 0 -> -1
2019-10-15 08:42:55,476 [pool-383-thread-1] INFO  server.RaftServerConfigKeys (ConfUtils.java:logGet(43)) - raft.server.log.preallocated.size = 16384 (custom)
2019-10-15 08:42:55,476 [pool-423-thread-1] INFO  server.RaftServerConfigKeys (ConfUtils.java:logGet(43)) - raft.server.snapshot.retention.file.num = 5 (custom)
2019-10-15 08:42:55,476 [pool-383-thread-1] INFO  server.RaftServerConfigKeys (ConfUtils.java:logGet(43)) - raft.server.log.write.buffer.size = 33554432 (custom)
2019-10-15 08:42:55,476 [pool-433-thread-1] INFO  server.RaftServerConfigKeys (ConfUtils.java:logGet(43)) - raft.server.snapshot.auto.trigger.enabled = true (custom)
2019-10-15 08:42:55,477 [pool-383-thread-1] INFO  server.RaftServerConfigKeys (ConfUtils.java:logGet(43)) - raft.server.log.force.sync.num = 128 (default)
2019-10-15 08:42:55,477 [pool-423-thread-1] INFO  server.RaftServerConfigKeys (ConfUtils.java:logGet(43)) - raft.server.retrycache.expirytime = 600000ms (custom)
2019-10-15 08:42:55,477 [pool-383-thread-1] INFO  server.RaftServerConfigKeys (ConfUtils.java:logGet(43)) - raft.server.log.statemachine.data.sync = true (default)
2019-10-15 08:42:55,477 [pool-433-thread-1] INFO  server.RaftServerConfigKeys (ConfUtils.java:logGet(43)) - raft.server.snapshot.auto.trigger.threshold = 10000 (custom)
2019-10-15 08:42:55,477 [pool-383-thread-1] INFO  server.RaftServerConfigKeys (ConfUtils.java:logGet(43)) - raft.server.log.statemachine.data.sync.timeout = 10s (default)
2019-10-15 08:42:55,477 [pool-433-thread-1] INFO  server.RaftServerConfigKeys (ConfUtils.java:logGet(43)) - raft.server.snapshot.retention.file.num = 5 (custom)
2019-10-15 08:42:55,478 [pool-383-thread-1] INFO  server.RaftServerConfigKeys (ConfUtils.java:logGet(43)) - raft.server.log.statemachine.data.sync.timeout.retry = -1 (default)
2019-10-15 08:42:55,478 [pool-433-thread-1] INFO  server.RaftServerConfigKeys (ConfUtils.java:logGet(43)) - raft.server.retrycache.expirytime = 600000ms (custom)
2019-10-15 08:42:55,478 [pool-383-thread-1] INFO  server.RaftServerConfigKeys (ConfUtils.java:logGet(43)) - raft.server.log.statemachine.data.caching.enabled = true (custom)
2019-10-15 08:42:55,478 [pool-383-thread-1] INFO  segmented.SegmentedRaftLogWorker (SegmentedRaftLogWorker.java:lambda$new$0(128)) - 77143d31-7a05-49d3-8166-c63e8419bc63@group-439AAE1CF691-SegmentedRaftLogWorker: flushIndex: setUnconditionally 0 -> -1
2019-10-15 08:42:55,479 [pool-383-thread-1] INFO  server.RaftServerConfigKeys (ConfUtils.java:logGet(43)) - raft.server.snapshot.auto.trigger.enabled = true (custom)
2019-10-15 08:42:55,479 [pool-383-thread-1] INFO  server.RaftServerConfigKeys (ConfUtils.java:logGet(43)) - raft.server.snapshot.auto.trigger.threshold = 10000 (custom)
2019-10-15 08:42:55,479 [pool-383-thread-1] INFO  server.RaftServerConfigKeys (ConfUtils.java:logGet(43)) - raft.server.snapshot.retention.file.num = 5 (custom)
2019-10-15 08:42:55,479 [pool-383-thread-1] INFO  server.RaftServerConfigKeys (ConfUtils.java:logGet(43)) - raft.server.retrycache.expirytime = 600000ms (custom)
2019-10-15 08:42:55,479 [pool-423-thread-1] INFO  impl.RaftServerImpl (RaftServerImpl.java:start(181)) - 4c00b829-f7eb-437b-9af3-99601f151fac@group-439AAE1CF691: start as a follower, conf=-1: [f6d552c9-f983-4597-b4d0-1b438ea21ad8:192.168.164.209:37602, 77143d31-7a05-49d3-8166-c63e8419bc63:192.168.164.209:44002, 4c00b829-f7eb-437b-9af3-99601f151fac:192.168.164.209:39950], old=null
2019-10-15 08:42:55,479 [pool-423-thread-1] INFO  impl.RaftServerImpl (RaftServerImpl.java:setRole(170)) - 4c00b829-f7eb-437b-9af3-99601f151fac@group-439AAE1CF691: changes role from      null to FOLLOWER at term 0 for startAsFollower
2019-10-15 08:42:55,480 [pool-423-thread-1] INFO  impl.RoleInfo (RoleInfo.java:updateAndGet(143)) - 4c00b829-f7eb-437b-9af3-99601f151fac: start FollowerState
2019-10-15 08:42:55,480 [pool-433-thread-1] INFO  impl.RaftServerImpl (RaftServerImpl.java:start(181)) - f6d552c9-f983-4597-b4d0-1b438ea21ad8@group-439AAE1CF691: start as a follower, conf=-1: [f6d552c9-f983-4597-b4d0-1b438ea21ad8:192.168.164.209:37602, 77143d31-7a05-49d3-8166-c63e8419bc63:192.168.164.209:44002, 4c00b829-f7eb-437b-9af3-99601f151fac:192.168.164.209:39950], old=null
2019-10-15 08:42:55,480 [pool-433-thread-1] INFO  impl.RaftServerImpl (RaftServerImpl.java:setRole(170)) - f6d552c9-f983-4597-b4d0-1b438ea21ad8@group-439AAE1CF691: changes role from      null to FOLLOWER at term 0 for startAsFollower
2019-10-15 08:42:55,480 [pool-423-thread-1] INFO  util.JmxRegister (JmxRegister.java:tryRegister(44)) - Successfully registered JMX Bean with object name Ratis:service=RaftServer,group=group-439AAE1CF691,id=4c00b829-f7eb-437b-9af3-99601f151fac
2019-10-15 08:42:55,480 [pool-433-thread-1] INFO  impl.RoleInfo (RoleInfo.java:updateAndGet(143)) - f6d552c9-f983-4597-b4d0-1b438ea21ad8: start FollowerState
2019-10-15 08:42:55,481 [pool-433-thread-1] INFO  util.JmxRegister (JmxRegister.java:tryRegister(44)) - Successfully registered JMX Bean with object name Ratis:service=RaftServer,group=group-439AAE1CF691,id=f6d552c9-f983-4597-b4d0-1b438ea21ad8
2019-10-15 08:42:55,481 [pool-383-thread-1] INFO  impl.RaftServerImpl (RaftServerImpl.java:start(181)) - 77143d31-7a05-49d3-8166-c63e8419bc63@group-439AAE1CF691: start as a follower, conf=-1: [f6d552c9-f983-4597-b4d0-1b438ea21ad8:192.168.164.209:37602, 77143d31-7a05-49d3-8166-c63e8419bc63:192.168.164.209:44002, 4c00b829-f7eb-437b-9af3-99601f151fac:192.168.164.209:39950], old=null
2019-10-15 08:42:55,482 [pool-383-thread-1] INFO  impl.RaftServerImpl (RaftServerImpl.java:setRole(170)) - 77143d31-7a05-49d3-8166-c63e8419bc63@group-439AAE1CF691: changes role from      null to FOLLOWER at term 0 for startAsFollower
2019-10-15 08:42:55,482 [pool-383-thread-1] INFO  impl.RoleInfo (RoleInfo.java:updateAndGet(143)) - 77143d31-7a05-49d3-8166-c63e8419bc63: start FollowerState
2019-10-15 08:42:55,482 [pool-383-thread-1] INFO  util.JmxRegister (JmxRegister.java:tryRegister(44)) - Successfully registered JMX Bean with object name Ratis:service=RaftServer,group=group-439AAE1CF691,id=77143d31-7a05-49d3-8166-c63e8419bc63
2019-10-15 08:42:55,487 [RatisPipelineUtilsThread] INFO  pipeline.PipelineStateManager (PipelineStateManager.java:addPipeline(56)) - Created pipeline Pipeline[ Id: 0893dc23-fc59-4672-9695-439aae1cf691, Nodes: 77143d31-7a05-49d3-8166-c63e8419bc63{ip: 192.168.164.209, host: pr-hdds-1569-hdnwc-3336613964, networkLocation: /default-rack, certSerialId: null}f6d552c9-f983-4597-b4d0-1b438ea21ad8{ip: 192.168.164.209, host: pr-hdds-1569-hdnwc-3336613964, networkLocation: /default-rack, certSerialId: null}4c00b829-f7eb-437b-9af3-99601f151fac{ip: 192.168.164.209, host: pr-hdds-1569-hdnwc-3336613964, networkLocation: /default-rack, certSerialId: null}, Type:RATIS, Factor:THREE, State:OPEN]
2019-10-15 08:42:55,494 [grpc-default-executor-1] INFO  impl.RaftServerProxy (RaftServerProxy.java:addNew(89)) - 4c00b829-f7eb-437b-9af3-99601f151fac: addNew group-05F17421E830:[f6d552c9-f983-4597-b4d0-1b438ea21ad8:192.168.164.209:37602, 77143d31-7a05-49d3-8166-c63e8419bc63:192.168.164.209:44002, 4c00b829-f7eb-437b-9af3-99601f151fac:192.168.164.209:39950] returns group-05F17421E830:java.util.concurrent.CompletableFuture@7c29de94[Not completed]
2019-10-15 08:42:55,494 [grpc-default-executor-7] INFO  impl.RaftServerProxy (RaftServerProxy.java:addNew(89)) - 77143d31-7a05-49d3-8166-c63e8419bc63: addNew group-05F17421E830:[f6d552c9-f983-4597-b4d0-1b438ea21ad8:192.168.164.209:37602, 77143d31-7a05-49d3-8166-c63e8419bc63:192.168.164.209:44002, 4c00b829-f7eb-437b-9af3-99601f151fac:192.168.164.209:39950] returns group-05F17421E830:java.util.concurrent.CompletableFuture@143aac20[Not completed]
2019-10-15 08:42:55,494 [grpc-default-executor-2] INFO  impl.RaftServerProxy (RaftServerProxy.java:addNew(89)) - f6d552c9-f983-4597-b4d0-1b438ea21ad8: addNew group-05F17421E830:[f6d552c9-f983-4597-b4d0-1b438ea21ad8:192.168.164.209:37602, 77143d31-7a05-49d3-8166-c63e8419bc63:192.168.164.209:44002, 4c00b829-f7eb-437b-9af3-99601f151fac:192.168.164.209:39950] returns group-05F17421E830:java.util.concurrent.CompletableFuture@70cf83c7[Not completed]
2019-10-15 08:42:55,495 [pool-423-thread-1] INFO  impl.RaftServerImpl (RaftServerImpl.java:<init>(95)) - 4c00b829-f7eb-437b-9af3-99601f151fac: new RaftServerImpl for group-05F17421E830:[f6d552c9-f983-4597-b4d0-1b438ea21ad8:192.168.164.209:37602, 77143d31-7a05-49d3-8166-c63e8419bc63:192.168.164.209:44002, 4c00b829-f7eb-437b-9af3-99601f151fac:192.168.164.209:39950] with ContainerStateMachine:uninitialized
2019-10-15 08:42:55,495 [pool-423-thread-1] INFO  server.RaftServerConfigKeys (ConfUtils.java:logGet(43)) - raft.server.rpc.timeout.min = 5s (custom)
2019-10-15 08:42:55,495 [pool-423-thread-1] INFO  server.RaftServerConfigKeys (ConfUtils.java:logGet(43)) - raft.server.rpc.timeout.max = 5200ms (custom)
2019-10-15 08:42:55,495 [pool-423-thread-1] INFO  server.RaftServerConfigKeys (ConfUtils.java:logGet(43)) - raft.server.rpcslowness.timeout = 120s (custom)
2019-10-15 08:42:55,495 [pool-423-thread-1] INFO  server.RaftServerConfigKeys (ConfUtils.java:logGet(43)) - raft.server.sleep.deviation.threshold = 300 (default)
2019-10-15 08:42:55,495 [pool-423-thread-1] INFO  server.RaftServerConfigKeys (ConfUtils.java:logGet(43)) - raft.server.log.appender.install.snapshot.enabled = false (custom)
2019-10-15 08:42:55,495 [pool-433-thread-1] INFO  impl.RaftServerImpl (RaftServerImpl.java:<init>(95)) - f6d552c9-f983-4597-b4d0-1b438ea21ad8: new RaftServerImpl for group-05F17421E830:[f6d552c9-f983-4597-b4d0-1b438ea21ad8:192.168.164.209:37602, 77143d31-7a05-49d3-8166-c63e8419bc63:192.168.164.209:44002, 4c00b829-f7eb-437b-9af3-99601f151fac:192.168.164.209:39950] with ContainerStateMachine:uninitialized
2019-10-15 08:42:55,495 [pool-423-thread-1] INFO  impl.RaftServerImpl (ServerState.java:<init>(103)) - 4c00b829-f7eb-437b-9af3-99601f151fac@group-05F17421E830: ConfigurationManager, init=-1: [f6d552c9-f983-4597-b4d0-1b438ea21ad8:192.168.164.209:37602, 77143d31-7a05-49d3-8166-c63e8419bc63:192.168.164.209:44002, 4c00b829-f7eb-437b-9af3-99601f151fac:192.168.164.209:39950], old=null, confs=<EMPTY_MAP>
2019-10-15 08:42:55,495 [pool-433-thread-1] INFO  server.RaftServerConfigKeys (ConfUtils.java:logGet(43)) - raft.server.rpc.timeout.min = 5s (custom)
2019-10-15 08:42:55,495 [pool-423-thread-1] INFO  server.RaftServerConfigKeys (ConfUtils.java:logGet(43)) - raft.server.storage.dir = [/workdir/hadoop-ozone/integration-test/target/test-dir/MiniOzoneClusterImpl-d07e3086-68e0-4340-b24d-43dfb7c1e85c/datanode-4/data/ratis] (custom)
2019-10-15 08:42:55,496 [pool-433-thread-1] INFO  server.RaftServerConfigKeys (ConfUtils.java:logGet(43)) - raft.server.rpc.timeout.max = 5200ms (custom)
2019-10-15 08:42:55,496 [pool-423-thread-1] INFO  server.RaftServerConfigKeys (ConfUtils.java:logGet(43)) - raft.server.log.corruption.policy = EXCEPTION (default)
2019-10-15 08:42:55,496 [pool-383-thread-1] INFO  impl.RaftServerImpl (RaftServerImpl.java:<init>(95)) - 77143d31-7a05-49d3-8166-c63e8419bc63: new RaftServerImpl for group-05F17421E830:[f6d552c9-f983-4597-b4d0-1b438ea21ad8:192.168.164.209:37602, 77143d31-7a05-49d3-8166-c63e8419bc63:192.168.164.209:44002, 4c00b829-f7eb-437b-9af3-99601f151fac:192.168.164.209:39950] with ContainerStateMachine:uninitialized
2019-10-15 08:42:55,496 [pool-423-thread-1] INFO  storage.RaftStorageDirectory (RaftStorageDirectory.java:analyzeStorage(246)) - The storage directory /workdir/hadoop-ozone/integration-test/target/test-dir/MiniOzoneClusterImpl-d07e3086-68e0-4340-b24d-43dfb7c1e85c/datanode-4/data/ratis/a7a65855-40ac-4a65-9f8c-05f17421e830 does not exist. Creating ...
2019-10-15 08:42:55,496 [pool-433-thread-1] INFO  server.RaftServerConfigKeys (ConfUtils.java:logGet(43)) - raft.server.rpcslowness.timeout = 120s (custom)
2019-10-15 08:42:55,496 [pool-383-thread-1] INFO  server.RaftServerConfigKeys (ConfUtils.java:logGet(43)) - raft.server.rpc.timeout.min = 5s (custom)
2019-10-15 08:42:55,496 [pool-433-thread-1] INFO  server.RaftServerConfigKeys (ConfUtils.java:logGet(43)) - raft.server.sleep.deviation.threshold = 300 (default)
2019-10-15 08:42:55,496 [pool-383-thread-1] INFO  server.RaftServerConfigKeys (ConfUtils.java:logGet(43)) - raft.server.rpc.timeout.max = 5200ms (custom)
2019-10-15 08:42:55,496 [pool-433-thread-1] INFO  server.RaftServerConfigKeys (ConfUtils.java:logGet(43)) - raft.server.log.appender.install.snapshot.enabled = false (custom)
2019-10-15 08:42:55,497 [pool-383-thread-1] INFO  server.RaftServerConfigKeys (ConfUtils.java:logGet(43)) - raft.server.rpcslowness.timeout = 120s (custom)
2019-10-15 08:42:55,497 [pool-433-thread-1] INFO  impl.RaftServerImpl (ServerState.java:<init>(103)) - f6d552c9-f983-4597-b4d0-1b438ea21ad8@group-05F17421E830: ConfigurationManager, init=-1: [f6d552c9-f983-4597-b4d0-1b438ea21ad8:192.168.164.209:37602, 77143d31-7a05-49d3-8166-c63e8419bc63:192.168.164.209:44002, 4c00b829-f7eb-437b-9af3-99601f151fac:192.168.164.209:39950], old=null, confs=<EMPTY_MAP>
2019-10-15 08:42:55,497 [pool-383-thread-1] INFO  server.RaftServerConfigKeys (ConfUtils.java:logGet(43)) - raft.server.sleep.deviation.threshold = 300 (default)
2019-10-15 08:42:55,497 [pool-433-thread-1] INFO  server.RaftServerConfigKeys (ConfUtils.java:logGet(43)) - raft.server.storage.dir = [/workdir/hadoop-ozone/integration-test/target/test-dir/MiniOzoneClusterImpl-d07e3086-68e0-4340-b24d-43dfb7c1e85c/datanode-5/data/ratis] (custom)
2019-10-15 08:42:55,497 [pool-383-thread-1] INFO  server.RaftServerConfigKeys (ConfUtils.java:logGet(43)) - raft.server.log.appender.install.snapshot.enabled = false (custom)
2019-10-15 08:42:55,497 [pool-383-thread-1] INFO  impl.RaftServerImpl (ServerState.java:<init>(103)) - 77143d31-7a05-49d3-8166-c63e8419bc63@group-05F17421E830: ConfigurationManager, init=-1: [f6d552c9-f983-4597-b4d0-1b438ea21ad8:192.168.164.209:37602, 77143d31-7a05-49d3-8166-c63e8419bc63:192.168.164.209:44002, 4c00b829-f7eb-437b-9af3-99601f151fac:192.168.164.209:39950], old=null, confs=<EMPTY_MAP>
2019-10-15 08:42:55,497 [pool-433-thread-1] INFO  server.RaftServerConfigKeys (ConfUtils.java:logGet(43)) - raft.server.log.corruption.policy = EXCEPTION (default)
2019-10-15 08:42:55,497 [pool-383-thread-1] INFO  server.RaftServerConfigKeys (ConfUtils.java:logGet(43)) - raft.server.storage.dir = [/workdir/hadoop-ozone/integration-test/target/test-dir/MiniOzoneClusterImpl-d07e3086-68e0-4340-b24d-43dfb7c1e85c/datanode-0/data/ratis] (custom)
2019-10-15 08:42:55,498 [pool-433-thread-1] INFO  storage.RaftStorageDirectory (RaftStorageDirectory.java:analyzeStorage(246)) - The storage directory /workdir/hadoop-ozone/integration-test/target/test-dir/MiniOzoneClusterImpl-d07e3086-68e0-4340-b24d-43dfb7c1e85c/datanode-5/data/ratis/a7a65855-40ac-4a65-9f8c-05f17421e830 does not exist. Creating ...
2019-10-15 08:42:55,498 [pool-383-thread-1] INFO  server.RaftServerConfigKeys (ConfUtils.java:logGet(43)) - raft.server.log.corruption.policy = EXCEPTION (default)
2019-10-15 08:42:55,498 [pool-383-thread-1] INFO  storage.RaftStorageDirectory (RaftStorageDirectory.java:analyzeStorage(246)) - The storage directory /workdir/hadoop-ozone/integration-test/target/test-dir/MiniOzoneClusterImpl-d07e3086-68e0-4340-b24d-43dfb7c1e85c/datanode-0/data/ratis/a7a65855-40ac-4a65-9f8c-05f17421e830 does not exist. Creating ...
2019-10-15 08:42:55,518 [pool-423-thread-1] INFO  storage.RaftStorageDirectory (RaftStorageDirectory.java:tryLock(328)) - Lock on /workdir/hadoop-ozone/integration-test/target/test-dir/MiniOzoneClusterImpl-d07e3086-68e0-4340-b24d-43dfb7c1e85c/datanode-4/data/ratis/a7a65855-40ac-4a65-9f8c-05f17421e830/in_use.lock acquired by nodename 17889@pr-hdds-1569-hdnwc-3336613964
2019-10-15 08:42:55,518 [pool-433-thread-1] INFO  storage.RaftStorageDirectory (RaftStorageDirectory.java:tryLock(328)) - Lock on /workdir/hadoop-ozone/integration-test/target/test-dir/MiniOzoneClusterImpl-d07e3086-68e0-4340-b24d-43dfb7c1e85c/datanode-5/data/ratis/a7a65855-40ac-4a65-9f8c-05f17421e830/in_use.lock acquired by nodename 17889@pr-hdds-1569-hdnwc-3336613964
2019-10-15 08:42:55,518 [pool-383-thread-1] INFO  storage.RaftStorageDirectory (RaftStorageDirectory.java:tryLock(328)) - Lock on /workdir/hadoop-ozone/integration-test/target/test-dir/MiniOzoneClusterImpl-d07e3086-68e0-4340-b24d-43dfb7c1e85c/datanode-0/data/ratis/a7a65855-40ac-4a65-9f8c-05f17421e830/in_use.lock acquired by nodename 17889@pr-hdds-1569-hdnwc-3336613964
2019-10-15 08:42:55,544 [pool-423-thread-1] INFO  storage.RaftStorage (RaftStorage.java:format(84)) - Storage directory /workdir/hadoop-ozone/integration-test/target/test-dir/MiniOzoneClusterImpl-d07e3086-68e0-4340-b24d-43dfb7c1e85c/datanode-4/data/ratis/a7a65855-40ac-4a65-9f8c-05f17421e830 has been successfully formatted.
2019-10-15 08:42:55,544 [pool-433-thread-1] INFO  storage.RaftStorage (RaftStorage.java:format(84)) - Storage directory /workdir/hadoop-ozone/integration-test/target/test-dir/MiniOzoneClusterImpl-d07e3086-68e0-4340-b24d-43dfb7c1e85c/datanode-5/data/ratis/a7a65855-40ac-4a65-9f8c-05f17421e830 has been successfully formatted.
2019-10-15 08:42:55,544 [pool-383-thread-1] INFO  storage.RaftStorage (RaftStorage.java:format(84)) - Storage directory /workdir/hadoop-ozone/integration-test/target/test-dir/MiniOzoneClusterImpl-d07e3086-68e0-4340-b24d-43dfb7c1e85c/datanode-0/data/ratis/a7a65855-40ac-4a65-9f8c-05f17421e830 has been successfully formatted.
2019-10-15 08:42:55,544 [pool-433-thread-1] INFO  ratis.ContainerStateMachine (ContainerStateMachine.java:loadSnapshot(231)) - group-05F17421E830: The snapshot info is null. Setting the last applied indexto:(t:0, i:~)
2019-10-15 08:42:55,544 [pool-423-thread-1] INFO  ratis.ContainerStateMachine (ContainerStateMachine.java:loadSnapshot(231)) - group-05F17421E830: The snapshot info is null. Setting the last applied indexto:(t:0, i:~)
2019-10-15 08:42:55,544 [pool-433-thread-1] INFO  server.RaftServerConfigKeys (ConfUtils.java:logGet(43)) - raft.server.notification.no-leader.timeout = 120s (custom)
2019-10-15 08:42:55,544 [pool-383-thread-1] INFO  ratis.ContainerStateMachine (ContainerStateMachine.java:loadSnapshot(231)) - group-05F17421E830: The snapshot info is null. Setting the last applied indexto:(t:0, i:~)
2019-10-15 08:42:55,545 [pool-433-thread-1] INFO  server.RaftServerConfigKeys (ConfUtils.java:logGet(43)) - raft.server.log.use.memory = false (default)
2019-10-15 08:42:55,544 [pool-423-thread-1] INFO  server.RaftServerConfigKeys (ConfUtils.java:logGet(43)) - raft.server.notification.no-leader.timeout = 120s (custom)
2019-10-15 08:42:55,545 [pool-433-thread-1] INFO  server.RaftServerConfigKeys (ConfUtils.java:logGet(43)) - raft.server.log.purge.gap = 1000000 (custom)
2019-10-15 08:42:55,545 [pool-383-thread-1] INFO  server.RaftServerConfigKeys (ConfUtils.java:logGet(43)) - raft.server.notification.no-leader.timeout = 120s (custom)
2019-10-15 08:42:55,545 [pool-433-thread-1] INFO  server.RaftServerConfigKeys (ConfUtils.java:logGet(43)) - raft.server.log.appender.buffer.byte-limit = 33554432 (custom)
2019-10-15 08:42:55,545 [pool-423-thread-1] INFO  server.RaftServerConfigKeys (ConfUtils.java:logGet(43)) - raft.server.log.use.memory = false (default)
2019-10-15 08:42:55,545 [pool-433-thread-1] INFO  server.RaftServerConfigKeys (ConfUtils.java:logGet(43)) - raft.server.log.segment.size.max = 1048576 (custom)
2019-10-15 08:42:55,545 [pool-383-thread-1] INFO  server.RaftServerConfigKeys (ConfUtils.java:logGet(43)) - raft.server.log.use.memory = false (default)
2019-10-15 08:42:55,546 [pool-433-thread-1] INFO  server.RaftServerConfigKeys (ConfUtils.java:logGet(43)) - raft.server.log.segment.cache.num.max = 2 (custom)
2019-10-15 08:42:55,545 [pool-423-thread-1] INFO  server.RaftServerConfigKeys (ConfUtils.java:logGet(43)) - raft.server.log.purge.gap = 1000000 (custom)
2019-10-15 08:42:55,546 [pool-433-thread-1] INFO  segmented.SegmentedRaftLogWorker (SegmentedRaftLogWorker.java:<init>(173)) - new f6d552c9-f983-4597-b4d0-1b438ea21ad8@group-05F17421E830-SegmentedRaftLogWorker for RaftStorage:Storage Directory /workdir/hadoop-ozone/integration-test/target/test-dir/MiniOzoneClusterImpl-d07e3086-68e0-4340-b24d-43dfb7c1e85c/datanode-5/data/ratis/a7a65855-40ac-4a65-9f8c-05f17421e830
2019-10-15 08:42:55,546 [pool-383-thread-1] INFO  server.RaftServerConfigKeys (ConfUtils.java:logGet(43)) - raft.server.log.purge.gap = 1000000 (custom)
2019-10-15 08:42:55,546 [pool-433-thread-1] INFO  server.RaftServerConfigKeys (ConfUtils.java:logGet(43)) - raft.server.log.queue.byte-limit = 2147483647 (custom)
2019-10-15 08:42:55,546 [pool-423-thread-1] INFO  server.RaftServerConfigKeys (ConfUtils.java:logGet(43)) - raft.server.log.appender.buffer.byte-limit = 33554432 (custom)
2019-10-15 08:42:55,546 [pool-433-thread-1] INFO  server.RaftServerConfigKeys (ConfUtils.java:logGet(43)) - raft.server.log.queue.element-limit = 1024 (custom)
2019-10-15 08:42:55,546 [pool-383-thread-1] INFO  server.RaftServerConfigKeys (ConfUtils.java:logGet(43)) - raft.server.log.appender.buffer.byte-limit = 33554432 (custom)
2019-10-15 08:42:55,547 [pool-433-thread-1] INFO  server.RaftServerConfigKeys (ConfUtils.java:logGet(43)) - raft.server.log.segment.size.max = 1048576 (custom)
2019-10-15 08:42:55,547 [pool-433-thread-1] INFO  server.RaftServerConfigKeys (ConfUtils.java:logGet(43)) - raft.server.log.preallocated.size = 16384 (custom)
2019-10-15 08:42:55,547 [pool-423-thread-1] INFO  server.RaftServerConfigKeys (ConfUtils.java:logGet(43)) - raft.server.log.segment.size.max = 1048576 (custom)
2019-10-15 08:42:55,547 [pool-433-thread-1] INFO  server.RaftServerConfigKeys (ConfUtils.java:logGet(43)) - raft.server.log.write.buffer.size = 33554432 (custom)
2019-10-15 08:42:55,547 [pool-383-thread-1] INFO  server.RaftServerConfigKeys (ConfUtils.java:logGet(43)) - raft.server.log.segment.size.max = 1048576 (custom)
2019-10-15 08:42:55,547 [pool-433-thread-1] INFO  server.RaftServerConfigKeys (ConfUtils.java:logGet(43)) - raft.server.log.force.sync.num = 128 (default)
2019-10-15 08:42:55,547 [pool-423-thread-1] INFO  server.RaftServerConfigKeys (ConfUtils.java:logGet(43)) - raft.server.log.segment.cache.num.max = 2 (custom)
2019-10-15 08:42:55,548 [pool-433-thread-1] INFO  server.RaftServerConfigKeys (ConfUtils.java:logGet(43)) - raft.server.log.statemachine.data.sync = true (default)
2019-10-15 08:42:55,548 [pool-383-thread-1] INFO  server.RaftServerConfigKeys (ConfUtils.java:logGet(43)) - raft.server.log.segment.cache.num.max = 2 (custom)
2019-10-15 08:42:55,548 [pool-433-thread-1] INFO  server.RaftServerConfigKeys (ConfUtils.java:logGet(43)) - raft.server.log.statemachine.data.sync.timeout = 10s (default)
2019-10-15 08:42:55,548 [pool-423-thread-1] INFO  segmented.SegmentedRaftLogWorker (SegmentedRaftLogWorker.java:<init>(173)) - new 4c00b829-f7eb-437b-9af3-99601f151fac@group-05F17421E830-SegmentedRaftLogWorker for RaftStorage:Storage Directory /workdir/hadoop-ozone/integration-test/target/test-dir/MiniOzoneClusterImpl-d07e3086-68e0-4340-b24d-43dfb7c1e85c/datanode-4/data/ratis/a7a65855-40ac-4a65-9f8c-05f17421e830
2019-10-15 08:42:55,548 [pool-433-thread-1] INFO  server.RaftServerConfigKeys (ConfUtils.java:logGet(43)) - raft.server.log.statemachine.data.sync.timeout.retry = -1 (default)
2019-10-15 08:42:55,548 [pool-383-thread-1] INFO  segmented.SegmentedRaftLogWorker (SegmentedRaftLogWorker.java:<init>(173)) - new 77143d31-7a05-49d3-8166-c63e8419bc63@group-05F17421E830-SegmentedRaftLogWorker for RaftStorage:Storage Directory /workdir/hadoop-ozone/integration-test/target/test-dir/MiniOzoneClusterImpl-d07e3086-68e0-4340-b24d-43dfb7c1e85c/datanode-0/data/ratis/a7a65855-40ac-4a65-9f8c-05f17421e830
2019-10-15 08:42:55,549 [pool-433-thread-1] INFO  server.RaftServerConfigKeys (ConfUtils.java:logGet(43)) - raft.server.log.statemachine.data.caching.enabled = true (custom)
2019-10-15 08:42:55,548 [pool-423-thread-1] INFO  server.RaftServerConfigKeys (ConfUtils.java:logGet(43)) - raft.server.log.queue.byte-limit = 2147483647 (custom)
2019-10-15 08:42:55,549 [pool-383-thread-1] INFO  server.RaftServerConfigKeys (ConfUtils.java:logGet(43)) - raft.server.log.queue.byte-limit = 2147483647 (custom)
2019-10-15 08:42:55,549 [pool-433-thread-1] INFO  segmented.SegmentedRaftLogWorker (SegmentedRaftLogWorker.java:lambda$new$0(128)) - f6d552c9-f983-4597-b4d0-1b438ea21ad8@group-05F17421E830-SegmentedRaftLogWorker: flushIndex: setUnconditionally 0 -> -1
2019-10-15 08:42:55,549 [pool-423-thread-1] INFO  server.RaftServerConfigKeys (ConfUtils.java:logGet(43)) - raft.server.log.queue.element-limit = 1024 (custom)
2019-10-15 08:42:55,549 [pool-383-thread-1] INFO  server.RaftServerConfigKeys (ConfUtils.java:logGet(43)) - raft.server.log.queue.element-limit = 1024 (custom)
2019-10-15 08:42:55,549 [pool-433-thread-1] INFO  server.RaftServerConfigKeys (ConfUtils.java:logGet(43)) - raft.server.snapshot.auto.trigger.enabled = true (custom)
2019-10-15 08:42:55,549 [pool-423-thread-1] INFO  server.RaftServerConfigKeys (ConfUtils.java:logGet(43)) - raft.server.log.segment.size.max = 1048576 (custom)
2019-10-15 08:42:55,550 [pool-433-thread-1] INFO  server.RaftServerConfigKeys (ConfUtils.java:logGet(43)) - raft.server.snapshot.auto.trigger.threshold = 10000 (custom)
2019-10-15 08:42:55,549 [pool-383-thread-1] INFO  server.RaftServerConfigKeys (ConfUtils.java:logGet(43)) - raft.server.log.segment.size.max = 1048576 (custom)
2019-10-15 08:42:55,550 [pool-433-thread-1] INFO  server.RaftServerConfigKeys (ConfUtils.java:logGet(43)) - raft.server.snapshot.retention.file.num = 5 (custom)
2019-10-15 08:42:55,550 [pool-423-thread-1] INFO  server.RaftServerConfigKeys (ConfUtils.java:logGet(43)) - raft.server.log.preallocated.size = 16384 (custom)
2019-10-15 08:42:55,550 [pool-433-thread-1] INFO  server.RaftServerConfigKeys (ConfUtils.java:logGet(43)) - raft.server.retrycache.expirytime = 600000ms (custom)
2019-10-15 08:42:55,550 [pool-383-thread-1] INFO  server.RaftServerConfigKeys (ConfUtils.java:logGet(43)) - raft.server.log.preallocated.size = 16384 (custom)
2019-10-15 08:42:55,550 [pool-423-thread-1] INFO  server.RaftServerConfigKeys (ConfUtils.java:logGet(43)) - raft.server.log.write.buffer.size = 33554432 (custom)
2019-10-15 08:42:55,551 [pool-383-thread-1] INFO  server.RaftServerConfigKeys (ConfUtils.java:logGet(43)) - raft.server.log.write.buffer.size = 33554432 (custom)
2019-10-15 08:42:55,551 [pool-423-thread-1] INFO  server.RaftServerConfigKeys (ConfUtils.java:logGet(43)) - raft.server.log.force.sync.num = 128 (default)
2019-10-15 08:42:55,551 [pool-383-thread-1] INFO  server.RaftServerConfigKeys (ConfUtils.java:logGet(43)) - raft.server.log.force.sync.num = 128 (default)
2019-10-15 08:42:55,551 [pool-423-thread-1] INFO  server.RaftServerConfigKeys (ConfUtils.java:logGet(43)) - raft.server.log.statemachine.data.sync = true (default)
2019-10-15 08:42:55,551 [pool-383-thread-1] INFO  server.RaftServerConfigKeys (ConfUtils.java:logGet(43)) - raft.server.log.statemachine.data.sync = true (default)
2019-10-15 08:42:55,551 [pool-423-thread-1] INFO  server.RaftServerConfigKeys (ConfUtils.java:logGet(43)) - raft.server.log.statemachine.data.sync.timeout = 10s (default)
2019-10-15 08:42:55,551 [pool-383-thread-1] INFO  server.RaftServerConfigKeys (ConfUtils.java:logGet(43)) - raft.server.log.statemachine.data.sync.timeout = 10s (default)
2019-10-15 08:42:55,551 [pool-423-thread-1] INFO  server.RaftServerConfigKeys (ConfUtils.java:logGet(43)) - raft.server.log.statemachine.data.sync.timeout.retry = -1 (default)
2019-10-15 08:42:55,552 [pool-383-thread-1] INFO  server.RaftServerConfigKeys (ConfUtils.java:logGet(43)) - raft.server.log.statemachine.data.sync.timeout.retry = -1 (default)
2019-10-15 08:42:55,552 [pool-423-thread-1] INFO  server.RaftServerConfigKeys (ConfUtils.java:logGet(43)) - raft.server.log.statemachine.data.caching.enabled = true (custom)
2019-10-15 08:42:55,552 [pool-383-thread-1] INFO  server.RaftServerConfigKeys (ConfUtils.java:logGet(43)) - raft.server.log.statemachine.data.caching.enabled = true (custom)
2019-10-15 08:42:55,552 [pool-423-thread-1] INFO  segmented.SegmentedRaftLogWorker (SegmentedRaftLogWorker.java:lambda$new$0(128)) - 4c00b829-f7eb-437b-9af3-99601f151fac@group-05F17421E830-SegmentedRaftLogWorker: flushIndex: setUnconditionally 0 -> -1
2019-10-15 08:42:55,552 [pool-383-thread-1] INFO  segmented.SegmentedRaftLogWorker (SegmentedRaftLogWorker.java:lambda$new$0(128)) - 77143d31-7a05-49d3-8166-c63e8419bc63@group-05F17421E830-SegmentedRaftLogWorker: flushIndex: setUnconditionally 0 -> -1
2019-10-15 08:42:55,552 [pool-423-thread-1] INFO  server.RaftServerConfigKeys (ConfUtils.java:logGet(43)) - raft.server.snapshot.auto.trigger.enabled = true (custom)
2019-10-15 08:42:55,552 [pool-433-thread-1] INFO  impl.RaftServerImpl (RaftServerImpl.java:start(181)) - f6d552c9-f983-4597-b4d0-1b438ea21ad8@group-05F17421E830: start as a follower, conf=-1: [f6d552c9-f983-4597-b4d0-1b438ea21ad8:192.168.164.209:37602, 77143d31-7a05-49d3-8166-c63e8419bc63:192.168.164.209:44002, 4c00b829-f7eb-437b-9af3-99601f151fac:192.168.164.209:39950], old=null
2019-10-15 08:42:55,552 [pool-383-thread-1] INFO  server.RaftServerConfigKeys (ConfUtils.java:logGet(43)) - raft.server.snapshot.auto.trigger.enabled = true (custom)
2019-10-15 08:42:55,552 [pool-423-thread-1] INFO  server.RaftServerConfigKeys (ConfUtils.java:logGet(43)) - raft.server.snapshot.auto.trigger.threshold = 10000 (custom)
2019-10-15 08:42:55,553 [pool-383-thread-1] INFO  server.RaftServerConfigKeys (ConfUtils.java:logGet(43)) - raft.server.snapshot.auto.trigger.threshold = 10000 (custom)
2019-10-15 08:42:55,553 [pool-433-thread-1] INFO  impl.RaftServerImpl (RaftServerImpl.java:setRole(170)) - f6d552c9-f983-4597-b4d0-1b438ea21ad8@group-05F17421E830: changes role from      null to FOLLOWER at term 0 for startAsFollower
2019-10-15 08:42:55,553 [pool-383-thread-1] INFO  server.RaftServerConfigKeys (ConfUtils.java:logGet(43)) - raft.server.snapshot.retention.file.num = 5 (custom)
2019-10-15 08:42:55,553 [pool-423-thread-1] INFO  server.RaftServerConfigKeys (ConfUtils.java:logGet(43)) - raft.server.snapshot.retention.file.num = 5 (custom)
2019-10-15 08:42:55,553 [pool-383-thread-1] INFO  server.RaftServerConfigKeys (ConfUtils.java:logGet(43)) - raft.server.retrycache.expirytime = 600000ms (custom)
2019-10-15 08:42:55,553 [pool-433-thread-1] INFO  impl.RoleInfo (RoleInfo.java:updateAndGet(143)) - f6d552c9-f983-4597-b4d0-1b438ea21ad8: start FollowerState
2019-10-15 08:42:55,553 [pool-423-thread-1] INFO  server.RaftServerConfigKeys (ConfUtils.java:logGet(43)) - raft.server.retrycache.expirytime = 600000ms (custom)
2019-10-15 08:42:55,554 [pool-433-thread-1] INFO  util.JmxRegister (JmxRegister.java:tryRegister(44)) - Successfully registered JMX Bean with object name Ratis:service=RaftServer,group=group-05F17421E830,id=f6d552c9-f983-4597-b4d0-1b438ea21ad8
2019-10-15 08:42:55,557 [pool-383-thread-1] INFO  impl.RaftServerImpl (RaftServerImpl.java:start(181)) - 77143d31-7a05-49d3-8166-c63e8419bc63@group-05F17421E830: start as a follower, conf=-1: [f6d552c9-f983-4597-b4d0-1b438ea21ad8:192.168.164.209:37602, 77143d31-7a05-49d3-8166-c63e8419bc63:192.168.164.209:44002, 4c00b829-f7eb-437b-9af3-99601f151fac:192.168.164.209:39950], old=null
2019-10-15 08:42:55,557 [pool-423-thread-1] INFO  impl.RaftServerImpl (RaftServerImpl.java:start(181)) - 4c00b829-f7eb-437b-9af3-99601f151fac@group-05F17421E830: start as a follower, conf=-1: [f6d552c9-f983-4597-b4d0-1b438ea21ad8:192.168.164.209:37602, 77143d31-7a05-49d3-8166-c63e8419bc63:192.168.164.209:44002, 4c00b829-f7eb-437b-9af3-99601f151fac:192.168.164.209:39950], old=null
2019-10-15 08:42:55,557 [pool-383-thread-1] INFO  impl.RaftServerImpl (RaftServerImpl.java:setRole(170)) - 77143d31-7a05-49d3-8166-c63e8419bc63@group-05F17421E830: changes role from      null to FOLLOWER at term 0 for startAsFollower
2019-10-15 08:42:55,557 [pool-423-thread-1] INFO  impl.RaftServerImpl (RaftServerImpl.java:setRole(170)) - 4c00b829-f7eb-437b-9af3-99601f151fac@group-05F17421E830: changes role from      null to FOLLOWER at term 0 for startAsFollower
2019-10-15 08:42:55,558 [pool-383-thread-1] INFO  impl.RoleInfo (RoleInfo.java:updateAndGet(143)) - 77143d31-7a05-49d3-8166-c63e8419bc63: start FollowerState
2019-10-15 08:42:55,558 [pool-423-thread-1] INFO  impl.RoleInfo (RoleInfo.java:updateAndGet(143)) - 4c00b829-f7eb-437b-9af3-99601f151fac: start FollowerState
2019-10-15 08:42:55,558 [pool-383-thread-1] INFO  util.JmxRegister (JmxRegister.java:tryRegister(44)) - Successfully registered JMX Bean with object name Ratis:service=RaftServer,group=group-05F17421E830,id=77143d31-7a05-49d3-8166-c63e8419bc63
2019-10-15 08:42:55,558 [pool-423-thread-1] INFO  util.JmxRegister (JmxRegister.java:tryRegister(44)) - Successfully registered JMX Bean with object name Ratis:service=RaftServer,group=group-05F17421E830,id=4c00b829-f7eb-437b-9af3-99601f151fac
2019-10-15 08:42:55,563 [RatisPipelineUtilsThread] INFO  pipeline.PipelineStateManager (PipelineStateManager.java:addPipeline(56)) - Created pipeline Pipeline[ Id: a7a65855-40ac-4a65-9f8c-05f17421e830, Nodes: 4c00b829-f7eb-437b-9af3-99601f151fac{ip: 192.168.164.209, host: pr-hdds-1569-hdnwc-3336613964, networkLocation: /default-rack, certSerialId: null}f6d552c9-f983-4597-b4d0-1b438ea21ad8{ip: 192.168.164.209, host: pr-hdds-1569-hdnwc-3336613964, networkLocation: /default-rack, certSerialId: null}77143d31-7a05-49d3-8166-c63e8419bc63{ip: 192.168.164.209, host: pr-hdds-1569-hdnwc-3336613964, networkLocation: /default-rack, certSerialId: null}, Type:RATIS, Factor:THREE, State:OPEN]
2019-10-15 08:42:55,566 [grpc-default-executor-1] INFO  impl.RaftServerProxy (RaftServerProxy.java:addNew(89)) - f6d552c9-f983-4597-b4d0-1b438ea21ad8: addNew group-EDDC828829ED:[f6d552c9-f983-4597-b4d0-1b438ea21ad8:192.168.164.209:37602, 77143d31-7a05-49d3-8166-c63e8419bc63:192.168.164.209:44002, 4c00b829-f7eb-437b-9af3-99601f151fac:192.168.164.209:39950] returns group-EDDC828829ED:java.util.concurrent.CompletableFuture@1dc00dd[Not completed]
2019-10-15 08:42:55,566 [grpc-default-executor-2] INFO  impl.RaftServerProxy (RaftServerProxy.java:addNew(89)) - 4c00b829-f7eb-437b-9af3-99601f151fac: addNew group-EDDC828829ED:[f6d552c9-f983-4597-b4d0-1b438ea21ad8:192.168.164.209:37602, 77143d31-7a05-49d3-8166-c63e8419bc63:192.168.164.209:44002, 4c00b829-f7eb-437b-9af3-99601f151fac:192.168.164.209:39950] returns group-EDDC828829ED:java.util.concurrent.CompletableFuture@6ceb3df2[Not completed]
2019-10-15 08:42:55,566 [grpc-default-executor-7] INFO  impl.RaftServerProxy (RaftServerProxy.java:addNew(89)) - 77143d31-7a05-49d3-8166-c63e8419bc63: addNew group-EDDC828829ED:[f6d552c9-f983-4597-b4d0-1b438ea21ad8:192.168.164.209:37602, 77143d31-7a05-49d3-8166-c63e8419bc63:192.168.164.209:44002, 4c00b829-f7eb-437b-9af3-99601f151fac:192.168.164.209:39950] returns group-EDDC828829ED:java.util.concurrent.CompletableFuture@6f34d253[Not completed]
2019-10-15 08:42:55,571 [pool-423-thread-1] INFO  impl.RaftServerImpl (RaftServerImpl.java:<init>(95)) - 4c00b829-f7eb-437b-9af3-99601f151fac: new RaftServerImpl for group-EDDC828829ED:[f6d552c9-f983-4597-b4d0-1b438ea21ad8:192.168.164.209:37602, 77143d31-7a05-49d3-8166-c63e8419bc63:192.168.164.209:44002, 4c00b829-f7eb-437b-9af3-99601f151fac:192.168.164.209:39950] with ContainerStateMachine:uninitialized
2019-10-15 08:42:55,572 [pool-423-thread-1] INFO  server.RaftServerConfigKeys (ConfUtils.java:logGet(43)) - raft.server.rpc.timeout.min = 5s (custom)
2019-10-15 08:42:55,572 [pool-423-thread-1] INFO  server.RaftServerConfigKeys (ConfUtils.java:logGet(43)) - raft.server.rpc.timeout.max = 5200ms (custom)
2019-10-15 08:42:55,572 [pool-423-thread-1] INFO  server.RaftServerConfigKeys (ConfUtils.java:logGet(43)) - raft.server.rpcslowness.timeout = 120s (custom)
2019-10-15 08:42:55,572 [pool-383-thread-1] INFO  impl.RaftServerImpl (RaftServerImpl.java:<init>(95)) - 77143d31-7a05-49d3-8166-c63e8419bc63: new RaftServerImpl for group-EDDC828829ED:[f6d552c9-f983-4597-b4d0-1b438ea21ad8:192.168.164.209:37602, 77143d31-7a05-49d3-8166-c63e8419bc63:192.168.164.209:44002, 4c00b829-f7eb-437b-9af3-99601f151fac:192.168.164.209:39950] with ContainerStateMachine:uninitialized
2019-10-15 08:42:55,572 [pool-423-thread-1] INFO  server.RaftServerConfigKeys (ConfUtils.java:logGet(43)) - raft.server.sleep.deviation.threshold = 300 (default)
2019-10-15 08:42:55,572 [pool-383-thread-1] INFO  server.RaftServerConfigKeys (ConfUtils.java:logGet(43)) - raft.server.rpc.timeout.min = 5s (custom)
2019-10-15 08:42:55,572 [pool-423-thread-1] INFO  server.RaftServerConfigKeys (ConfUtils.java:logGet(43)) - raft.server.log.appender.install.snapshot.enabled = false (custom)
2019-10-15 08:42:55,572 [pool-383-thread-1] INFO  server.RaftServerConfigKeys (ConfUtils.java:logGet(43)) - raft.server.rpc.timeout.max = 5200ms (custom)
2019-10-15 08:42:55,572 [pool-423-thread-1] INFO  impl.RaftServerImpl (ServerState.java:<init>(103)) - 4c00b829-f7eb-437b-9af3-99601f151fac@group-EDDC828829ED: ConfigurationManager, init=-1: [f6d552c9-f983-4597-b4d0-1b438ea21ad8:192.168.164.209:37602, 77143d31-7a05-49d3-8166-c63e8419bc63:192.168.164.209:44002, 4c00b829-f7eb-437b-9af3-99601f151fac:192.168.164.209:39950], old=null, confs=<EMPTY_MAP>
2019-10-15 08:42:55,573 [pool-383-thread-1] INFO  server.RaftServerConfigKeys (ConfUtils.java:logGet(43)) - raft.server.rpcslowness.timeout = 120s (custom)
2019-10-15 08:42:55,573 [pool-423-thread-1] INFO  server.RaftServerConfigKeys (ConfUtils.java:logGet(43)) - raft.server.storage.dir = [/workdir/hadoop-ozone/integration-test/target/test-dir/MiniOzoneClusterImpl-d07e3086-68e0-4340-b24d-43dfb7c1e85c/datanode-4/data/ratis] (custom)
2019-10-15 08:42:55,573 [pool-383-thread-1] INFO  server.RaftServerConfigKeys (ConfUtils.java:logGet(43)) - raft.server.sleep.deviation.threshold = 300 (default)
2019-10-15 08:42:55,573 [pool-433-thread-1] INFO  impl.RaftServerImpl (RaftServerImpl.java:<init>(95)) - f6d552c9-f983-4597-b4d0-1b438ea21ad8: new RaftServerImpl for group-EDDC828829ED:[f6d552c9-f983-4597-b4d0-1b438ea21ad8:192.168.164.209:37602, 77143d31-7a05-49d3-8166-c63e8419bc63:192.168.164.209:44002, 4c00b829-f7eb-437b-9af3-99601f151fac:192.168.164.209:39950] with ContainerStateMachine:uninitialized
2019-10-15 08:42:55,573 [pool-423-thread-1] INFO  server.RaftServerConfigKeys (ConfUtils.java:logGet(43)) - raft.server.log.corruption.policy = EXCEPTION (default)
2019-10-15 08:42:55,573 [pool-383-thread-1] INFO  server.RaftServerConfigKeys (ConfUtils.java:logGet(43)) - raft.server.log.appender.install.snapshot.enabled = false (custom)
2019-10-15 08:42:55,573 [pool-423-thread-1] INFO  storage.RaftStorageDirectory (RaftStorageDirectory.java:analyzeStorage(246)) - The storage directory /workdir/hadoop-ozone/integration-test/target/test-dir/MiniOzoneClusterImpl-d07e3086-68e0-4340-b24d-43dfb7c1e85c/datanode-4/data/ratis/9f4baf63-d2da-4ae6-ac57-eddc828829ed does not exist. Creating ...
2019-10-15 08:42:55,573 [pool-433-thread-1] INFO  server.RaftServerConfigKeys (ConfUtils.java:logGet(43)) - raft.server.rpc.timeout.min = 5s (custom)
2019-10-15 08:42:55,573 [pool-383-thread-1] INFO  impl.RaftServerImpl (ServerState.java:<init>(103)) - 77143d31-7a05-49d3-8166-c63e8419bc63@group-EDDC828829ED: ConfigurationManager, init=-1: [f6d552c9-f983-4597-b4d0-1b438ea21ad8:192.168.164.209:37602, 77143d31-7a05-49d3-8166-c63e8419bc63:192.168.164.209:44002, 4c00b829-f7eb-437b-9af3-99601f151fac:192.168.164.209:39950], old=null, confs=<EMPTY_MAP>
2019-10-15 08:42:55,574 [pool-433-thread-1] INFO  server.RaftServerConfigKeys (ConfUtils.java:logGet(43)) - raft.server.rpc.timeout.max = 5200ms (custom)
2019-10-15 08:42:55,574 [pool-383-thread-1] INFO  server.RaftServerConfigKeys (ConfUtils.java:logGet(43)) - raft.server.storage.dir = [/workdir/hadoop-ozone/integration-test/target/test-dir/MiniOzoneClusterImpl-d07e3086-68e0-4340-b24d-43dfb7c1e85c/datanode-0/data/ratis] (custom)
2019-10-15 08:42:55,574 [pool-433-thread-1] INFO  server.RaftServerConfigKeys (ConfUtils.java:logGet(43)) - raft.server.rpcslowness.timeout = 120s (custom)
2019-10-15 08:42:55,574 [pool-433-thread-1] INFO  server.RaftServerConfigKeys (ConfUtils.java:logGet(43)) - raft.server.sleep.deviation.threshold = 300 (default)
2019-10-15 08:42:55,574 [pool-383-thread-1] INFO  server.RaftServerConfigKeys (ConfUtils.java:logGet(43)) - raft.server.log.corruption.policy = EXCEPTION (default)
2019-10-15 08:42:55,574 [pool-433-thread-1] INFO  server.RaftServerConfigKeys (ConfUtils.java:logGet(43)) - raft.server.log.appender.install.snapshot.enabled = false (custom)
2019-10-15 08:42:55,574 [pool-383-thread-1] INFO  storage.RaftStorageDirectory (RaftStorageDirectory.java:analyzeStorage(246)) - The storage directory /workdir/hadoop-ozone/integration-test/target/test-dir/MiniOzoneClusterImpl-d07e3086-68e0-4340-b24d-43dfb7c1e85c/datanode-0/data/ratis/9f4baf63-d2da-4ae6-ac57-eddc828829ed does not exist. Creating ...
2019-10-15 08:42:55,575 [pool-433-thread-1] INFO  impl.RaftServerImpl (ServerState.java:<init>(103)) - f6d552c9-f983-4597-b4d0-1b438ea21ad8@group-EDDC828829ED: ConfigurationManager, init=-1: [f6d552c9-f983-4597-b4d0-1b438ea21ad8:192.168.164.209:37602, 77143d31-7a05-49d3-8166-c63e8419bc63:192.168.164.209:44002, 4c00b829-f7eb-437b-9af3-99601f151fac:192.168.164.209:39950], old=null, confs=<EMPTY_MAP>
2019-10-15 08:42:55,575 [pool-433-thread-1] INFO  server.RaftServerConfigKeys (ConfUtils.java:logGet(43)) - raft.server.storage.dir = [/workdir/hadoop-ozone/integration-test/target/test-dir/MiniOzoneClusterImpl-d07e3086-68e0-4340-b24d-43dfb7c1e85c/datanode-5/data/ratis] (custom)
2019-10-15 08:42:55,575 [pool-433-thread-1] INFO  server.RaftServerConfigKeys (ConfUtils.java:logGet(43)) - raft.server.log.corruption.policy = EXCEPTION (default)
2019-10-15 08:42:55,575 [pool-433-thread-1] INFO  storage.RaftStorageDirectory (RaftStorageDirectory.java:analyzeStorage(246)) - The storage directory /workdir/hadoop-ozone/integration-test/target/test-dir/MiniOzoneClusterImpl-d07e3086-68e0-4340-b24d-43dfb7c1e85c/datanode-5/data/ratis/9f4baf63-d2da-4ae6-ac57-eddc828829ed does not exist. Creating ...
2019-10-15 08:42:55,603 [pool-423-thread-1] INFO  storage.RaftStorageDirectory (RaftStorageDirectory.java:tryLock(328)) - Lock on /workdir/hadoop-ozone/integration-test/target/test-dir/MiniOzoneClusterImpl-d07e3086-68e0-4340-b24d-43dfb7c1e85c/datanode-4/data/ratis/9f4baf63-d2da-4ae6-ac57-eddc828829ed/in_use.lock acquired by nodename 17889@pr-hdds-1569-hdnwc-3336613964
2019-10-15 08:42:55,603 [pool-383-thread-1] INFO  storage.RaftStorageDirectory (RaftStorageDirectory.java:tryLock(328)) - Lock on /workdir/hadoop-ozone/integration-test/target/test-dir/MiniOzoneClusterImpl-d07e3086-68e0-4340-b24d-43dfb7c1e85c/datanode-0/data/ratis/9f4baf63-d2da-4ae6-ac57-eddc828829ed/in_use.lock acquired by nodename 17889@pr-hdds-1569-hdnwc-3336613964
2019-10-15 08:42:55,603 [pool-433-thread-1] INFO  storage.RaftStorageDirectory (RaftStorageDirectory.java:tryLock(328)) - Lock on /workdir/hadoop-ozone/integration-test/target/test-dir/MiniOzoneClusterImpl-d07e3086-68e0-4340-b24d-43dfb7c1e85c/datanode-5/data/ratis/9f4baf63-d2da-4ae6-ac57-eddc828829ed/in_use.lock acquired by nodename 17889@pr-hdds-1569-hdnwc-3336613964
2019-10-15 08:42:55,628 [pool-423-thread-1] INFO  storage.RaftStorage (RaftStorage.java:format(84)) - Storage directory /workdir/hadoop-ozone/integration-test/target/test-dir/MiniOzoneClusterImpl-d07e3086-68e0-4340-b24d-43dfb7c1e85c/datanode-4/data/ratis/9f4baf63-d2da-4ae6-ac57-eddc828829ed has been successfully formatted.
2019-10-15 08:42:55,628 [pool-383-thread-1] INFO  storage.RaftStorage (RaftStorage.java:format(84)) - Storage directory /workdir/hadoop-ozone/integration-test/target/test-dir/MiniOzoneClusterImpl-d07e3086-68e0-4340-b24d-43dfb7c1e85c/datanode-0/data/ratis/9f4baf63-d2da-4ae6-ac57-eddc828829ed has been successfully formatted.
2019-10-15 08:42:55,628 [pool-433-thread-1] INFO  storage.RaftStorage (RaftStorage.java:format(84)) - Storage directory /workdir/hadoop-ozone/integration-test/target/test-dir/MiniOzoneClusterImpl-d07e3086-68e0-4340-b24d-43dfb7c1e85c/datanode-5/data/ratis/9f4baf63-d2da-4ae6-ac57-eddc828829ed has been successfully formatted.
2019-10-15 08:42:55,629 [pool-383-thread-1] INFO  ratis.ContainerStateMachine (ContainerStateMachine.java:loadSnapshot(231)) - group-EDDC828829ED: The snapshot info is null. Setting the last applied indexto:(t:0, i:~)
2019-10-15 08:42:55,629 [pool-423-thread-1] INFO  ratis.ContainerStateMachine (ContainerStateMachine.java:loadSnapshot(231)) - group-EDDC828829ED: The snapshot info is null. Setting the last applied indexto:(t:0, i:~)
2019-10-15 08:42:55,629 [pool-383-thread-1] INFO  server.RaftServerConfigKeys (ConfUtils.java:logGet(43)) - raft.server.notification.no-leader.timeout = 120s (custom)
2019-10-15 08:42:55,629 [pool-433-thread-1] INFO  ratis.ContainerStateMachine (ContainerStateMachine.java:loadSnapshot(231)) - group-EDDC828829ED: The snapshot info is null. Setting the last applied indexto:(t:0, i:~)
2019-10-15 08:42:55,629 [pool-383-thread-1] INFO  server.RaftServerConfigKeys (ConfUtils.java:logGet(43)) - raft.server.log.use.memory = false (default)
2019-10-15 08:42:55,629 [pool-423-thread-1] INFO  server.RaftServerConfigKeys (ConfUtils.java:logGet(43)) - raft.server.notification.no-leader.timeout = 120s (custom)
2019-10-15 08:42:55,630 [pool-383-thread-1] INFO  server.RaftServerConfigKeys (ConfUtils.java:logGet(43)) - raft.server.log.purge.gap = 1000000 (custom)
2019-10-15 08:42:55,629 [pool-433-thread-1] INFO  server.RaftServerConfigKeys (ConfUtils.java:logGet(43)) - raft.server.notification.no-leader.timeout = 120s (custom)
2019-10-15 08:42:55,630 [pool-383-thread-1] INFO  server.RaftServerConfigKeys (ConfUtils.java:logGet(43)) - raft.server.log.appender.buffer.byte-limit = 33554432 (custom)
2019-10-15 08:42:55,630 [pool-423-thread-1] INFO  server.RaftServerConfigKeys (ConfUtils.java:logGet(43)) - raft.server.log.use.memory = false (default)
2019-10-15 08:42:55,630 [pool-383-thread-1] INFO  server.RaftServerConfigKeys (ConfUtils.java:logGet(43)) - raft.server.log.segment.size.max = 1048576 (custom)
2019-10-15 08:42:55,630 [pool-433-thread-1] INFO  server.RaftServerConfigKeys (ConfUtils.java:logGet(43)) - raft.server.log.use.memory = false (default)
2019-10-15 08:42:55,630 [pool-383-thread-1] INFO  server.RaftServerConfigKeys (ConfUtils.java:logGet(43)) - raft.server.log.segment.cache.num.max = 2 (custom)
2019-10-15 08:42:55,630 [pool-423-thread-1] INFO  server.RaftServerConfigKeys (ConfUtils.java:logGet(43)) - raft.server.log.purge.gap = 1000000 (custom)
2019-10-15 08:42:55,631 [pool-383-thread-1] INFO  segmented.SegmentedRaftLogWorker (SegmentedRaftLogWorker.java:<init>(173)) - new 77143d31-7a05-49d3-8166-c63e8419bc63@group-EDDC828829ED-SegmentedRaftLogWorker for RaftStorage:Storage Directory /workdir/hadoop-ozone/integration-test/target/test-dir/MiniOzoneClusterImpl-d07e3086-68e0-4340-b24d-43dfb7c1e85c/datanode-0/data/ratis/9f4baf63-d2da-4ae6-ac57-eddc828829ed
2019-10-15 08:42:55,631 [pool-383-thread-1] INFO  server.RaftServerConfigKeys (ConfUtils.java:logGet(43)) - raft.server.log.queue.byte-limit = 2147483647 (custom)
2019-10-15 08:42:55,631 [pool-433-thread-1] INFO  server.RaftServerConfigKeys (ConfUtils.java:logGet(43)) - raft.server.log.purge.gap = 1000000 (custom)
2019-10-15 08:42:55,631 [pool-383-thread-1] INFO  server.RaftServerConfigKeys (ConfUtils.java:logGet(43)) - raft.server.log.queue.element-limit = 1024 (custom)
2019-10-15 08:42:55,631 [pool-423-thread-1] INFO  server.RaftServerConfigKeys (ConfUtils.java:logGet(43)) - raft.server.log.appender.buffer.byte-limit = 33554432 (custom)
2019-10-15 08:42:55,631 [pool-383-thread-1] INFO  server.RaftServerConfigKeys (ConfUtils.java:logGet(43)) - raft.server.log.segment.size.max = 1048576 (custom)
2019-10-15 08:42:55,632 [pool-383-thread-1] INFO  server.RaftServerConfigKeys (ConfUtils.java:logGet(43)) - raft.server.log.preallocated.size = 16384 (custom)
2019-10-15 08:42:55,631 [pool-433-thread-1] INFO  server.RaftServerConfigKeys (ConfUtils.java:logGet(43)) - raft.server.log.appender.buffer.byte-limit = 33554432 (custom)
2019-10-15 08:42:55,632 [pool-383-thread-1] INFO  server.RaftServerConfigKeys (ConfUtils.java:logGet(43)) - raft.server.log.write.buffer.size = 33554432 (custom)
2019-10-15 08:42:55,632 [pool-383-thread-1] INFO  server.RaftServerConfigKeys (ConfUtils.java:logGet(43)) - raft.server.log.force.sync.num = 128 (default)
2019-10-15 08:42:55,632 [pool-423-thread-1] INFO  server.RaftServerConfigKeys (ConfUtils.java:logGet(43)) - raft.server.log.segment.size.max = 1048576 (custom)
2019-10-15 08:42:55,632 [pool-383-thread-1] INFO  server.RaftServerConfigKeys (ConfUtils.java:logGet(43)) - raft.server.log.statemachine.data.sync = true (default)
2019-10-15 08:42:55,632 [pool-433-thread-1] INFO  server.RaftServerConfigKeys (ConfUtils.java:logGet(43)) - raft.server.log.segment.size.max = 1048576 (custom)
2019-10-15 08:42:55,633 [pool-383-thread-1] INFO  server.RaftServerConfigKeys (ConfUtils.java:logGet(43)) - raft.server.log.statemachine.data.sync.timeout = 10s (default)
2019-10-15 08:42:55,632 [pool-423-thread-1] INFO  server.RaftServerConfigKeys (ConfUtils.java:logGet(43)) - raft.server.log.segment.cache.num.max = 2 (custom)
2019-10-15 08:42:55,633 [pool-383-thread-1] INFO  server.RaftServerConfigKeys (ConfUtils.java:logGet(43)) - raft.server.log.statemachine.data.sync.timeout.retry = -1 (default)
2019-10-15 08:42:55,633 [pool-433-thread-1] INFO  server.RaftServerConfigKeys (ConfUtils.java:logGet(43)) - raft.server.log.segment.cache.num.max = 2 (custom)
2019-10-15 08:42:55,633 [pool-383-thread-1] INFO  server.RaftServerConfigKeys (ConfUtils.java:logGet(43)) - raft.server.log.statemachine.data.caching.enabled = true (custom)
2019-10-15 08:42:55,633 [pool-423-thread-1] INFO  segmented.SegmentedRaftLogWorker (SegmentedRaftLogWorker.java:<init>(173)) - new 4c00b829-f7eb-437b-9af3-99601f151fac@group-EDDC828829ED-SegmentedRaftLogWorker for RaftStorage:Storage Directory /workdir/hadoop-ozone/integration-test/target/test-dir/MiniOzoneClusterImpl-d07e3086-68e0-4340-b24d-43dfb7c1e85c/datanode-4/data/ratis/9f4baf63-d2da-4ae6-ac57-eddc828829ed
2019-10-15 08:42:55,634 [pool-383-thread-1] INFO  segmented.SegmentedRaftLogWorker (SegmentedRaftLogWorker.java:lambda$new$0(128)) - 77143d31-7a05-49d3-8166-c63e8419bc63@group-EDDC828829ED-SegmentedRaftLogWorker: flushIndex: setUnconditionally 0 -> -1
2019-10-15 08:42:55,633 [pool-433-thread-1] INFO  segmented.SegmentedRaftLogWorker (SegmentedRaftLogWorker.java:<init>(173)) - new f6d552c9-f983-4597-b4d0-1b438ea21ad8@group-EDDC828829ED-SegmentedRaftLogWorker for RaftStorage:Storage Directory /workdir/hadoop-ozone/integration-test/target/test-dir/MiniOzoneClusterImpl-d07e3086-68e0-4340-b24d-43dfb7c1e85c/datanode-5/data/ratis/9f4baf63-d2da-4ae6-ac57-eddc828829ed
2019-10-15 08:42:55,634 [pool-423-thread-1] INFO  server.RaftServerConfigKeys (ConfUtils.java:logGet(43)) - raft.server.log.queue.byte-limit = 2147483647 (custom)
2019-10-15 08:42:55,634 [pool-383-thread-1] INFO  server.RaftServerConfigKeys (ConfUtils.java:logGet(43)) - raft.server.snapshot.auto.trigger.enabled = true (custom)
2019-10-15 08:42:55,634 [pool-433-thread-1] INFO  server.RaftServerConfigKeys (ConfUtils.java:logGet(43)) - raft.server.log.queue.byte-limit = 2147483647 (custom)
2019-10-15 08:42:55,634 [pool-383-thread-1] INFO  server.RaftServerConfigKeys (ConfUtils.java:logGet(43)) - raft.server.snapshot.auto.trigger.threshold = 10000 (custom)
2019-10-15 08:42:55,634 [pool-423-thread-1] INFO  server.RaftServerConfigKeys (ConfUtils.java:logGet(43)) - raft.server.log.queue.element-limit = 1024 (custom)
2019-10-15 08:42:55,635 [pool-383-thread-1] INFO  server.RaftServerConfigKeys (ConfUtils.java:logGet(43)) - raft.server.snapshot.retention.file.num = 5 (custom)
2019-10-15 08:42:55,634 [pool-433-thread-1] INFO  server.RaftServerConfigKeys (ConfUtils.java:logGet(43)) - raft.server.log.queue.element-limit = 1024 (custom)
2019-10-15 08:42:55,635 [pool-383-thread-1] INFO  server.RaftServerConfigKeys (ConfUtils.java:logGet(43)) - raft.server.retrycache.expirytime = 600000ms (custom)
2019-10-15 08:42:55,635 [pool-423-thread-1] INFO  server.RaftServerConfigKeys (ConfUtils.java:logGet(43)) - raft.server.log.segment.size.max = 1048576 (custom)
2019-10-15 08:42:55,635 [pool-433-thread-1] INFO  server.RaftServerConfigKeys (ConfUtils.java:logGet(43)) - raft.server.log.segment.size.max = 1048576 (custom)
2019-10-15 08:42:55,635 [pool-423-thread-1] INFO  server.RaftServerConfigKeys (ConfUtils.java:logGet(43)) - raft.server.log.preallocated.size = 16384 (custom)
2019-10-15 08:42:55,635 [pool-433-thread-1] INFO  server.RaftServerConfigKeys (ConfUtils.java:logGet(43)) - raft.server.log.preallocated.size = 16384 (custom)
2019-10-15 08:42:55,636 [pool-423-thread-1] INFO  server.RaftServerConfigKeys (ConfUtils.java:logGet(43)) - raft.server.log.write.buffer.size = 33554432 (custom)
2019-10-15 08:42:55,636 [pool-433-thread-1] INFO  server.RaftServerConfigKeys (ConfUtils.java:logGet(43)) - raft.server.log.write.buffer.size = 33554432 (custom)
2019-10-15 08:42:55,636 [pool-423-thread-1] INFO  server.RaftServerConfigKeys (ConfUtils.java:logGet(43)) - raft.server.log.force.sync.num = 128 (default)
2019-10-15 08:42:55,636 [pool-433-thread-1] INFO  server.RaftServerConfigKeys (ConfUtils.java:logGet(43)) - raft.server.log.force.sync.num = 128 (default)
2019-10-15 08:42:55,636 [pool-423-thread-1] INFO  server.RaftServerConfigKeys (ConfUtils.java:logGet(43)) - raft.server.log.statemachine.data.sync = true (default)
2019-10-15 08:42:55,636 [pool-433-thread-1] INFO  server.RaftServerConfigKeys (ConfUtils.java:logGet(43)) - raft.server.log.statemachine.data.sync = true (default)
2019-10-15 08:42:55,636 [pool-423-thread-1] INFO  server.RaftServerConfigKeys (ConfUtils.java:logGet(43)) - raft.server.log.statemachine.data.sync.timeout = 10s (default)
2019-10-15 08:42:55,637 [pool-433-thread-1] INFO  server.RaftServerConfigKeys (ConfUtils.java:logGet(43)) - raft.server.log.statemachine.data.sync.timeout = 10s (default)
2019-10-15 08:42:55,637 [pool-383-thread-1] INFO  impl.RaftServerImpl (RaftServerImpl.java:start(181)) - 77143d31-7a05-49d3-8166-c63e8419bc63@group-EDDC828829ED: start as a follower, conf=-1: [f6d552c9-f983-4597-b4d0-1b438ea21ad8:192.168.164.209:37602, 77143d31-7a05-49d3-8166-c63e8419bc63:192.168.164.209:44002, 4c00b829-f7eb-437b-9af3-99601f151fac:192.168.164.209:39950], old=null
2019-10-15 08:42:55,637 [pool-423-thread-1] INFO  server.RaftServerConfigKeys (ConfUtils.java:logGet(43)) - raft.server.log.statemachine.data.sync.timeout.retry = -1 (default)
2019-10-15 08:42:55,637 [pool-383-thread-1] INFO  impl.RaftServerImpl (RaftServerImpl.java:setRole(170)) - 77143d31-7a05-49d3-8166-c63e8419bc63@group-EDDC828829ED: changes role from      null to FOLLOWER at term 0 for startAsFollower
2019-10-15 08:42:55,637 [pool-433-thread-1] INFO  server.RaftServerConfigKeys (ConfUtils.java:logGet(43)) - raft.server.log.statemachine.data.sync.timeout.retry = -1 (default)
2019-10-15 08:42:55,637 [pool-383-thread-1] INFO  impl.RoleInfo (RoleInfo.java:updateAndGet(143)) - 77143d31-7a05-49d3-8166-c63e8419bc63: start FollowerState
2019-10-15 08:42:55,637 [pool-423-thread-1] INFO  server.RaftServerConfigKeys (ConfUtils.java:logGet(43)) - raft.server.log.statemachine.data.caching.enabled = true (custom)
2019-10-15 08:42:55,637 [pool-433-thread-1] INFO  server.RaftServerConfigKeys (ConfUtils.java:logGet(43)) - raft.server.log.statemachine.data.caching.enabled = true (custom)
2019-10-15 08:42:55,638 [pool-383-thread-1] INFO  util.JmxRegister (JmxRegister.java:tryRegister(44)) - Successfully registered JMX Bean with object name Ratis:service=RaftServer,group=group-EDDC828829ED,id=77143d31-7a05-49d3-8166-c63e8419bc63
2019-10-15 08:42:55,638 [pool-423-thread-1] INFO  segmented.SegmentedRaftLogWorker (SegmentedRaftLogWorker.java:lambda$new$0(128)) - 4c00b829-f7eb-437b-9af3-99601f151fac@group-EDDC828829ED-SegmentedRaftLogWorker: flushIndex: setUnconditionally 0 -> -1
2019-10-15 08:42:55,638 [pool-433-thread-1] INFO  segmented.SegmentedRaftLogWorker (SegmentedRaftLogWorker.java:lambda$new$0(128)) - f6d552c9-f983-4597-b4d0-1b438ea21ad8@group-EDDC828829ED-SegmentedRaftLogWorker: flushIndex: setUnconditionally 0 -> -1
2019-10-15 08:42:55,638 [pool-423-thread-1] INFO  server.RaftServerConfigKeys (ConfUtils.java:logGet(43)) - raft.server.snapshot.auto.trigger.enabled = true (custom)
2019-10-15 08:42:55,638 [pool-433-thread-1] INFO  server.RaftServerConfigKeys (ConfUtils.java:logGet(43)) - raft.server.snapshot.auto.trigger.enabled = true (custom)
2019-10-15 08:42:55,639 [pool-423-thread-1] INFO  server.RaftServerConfigKeys (ConfUtils.java:logGet(43)) - raft.server.snapshot.auto.trigger.threshold = 10000 (custom)
2019-10-15 08:42:55,639 [pool-433-thread-1] INFO  server.RaftServerConfigKeys (ConfUtils.java:logGet(43)) - raft.server.snapshot.auto.trigger.threshold = 10000 (custom)
2019-10-15 08:42:55,639 [pool-423-thread-1] INFO  server.RaftServerConfigKeys (ConfUtils.java:logGet(43)) - raft.server.snapshot.retention.file.num = 5 (custom)
2019-10-15 08:42:55,639 [pool-433-thread-1] INFO  server.RaftServerConfigKeys (ConfUtils.java:logGet(43)) - raft.server.snapshot.retention.file.num = 5 (custom)
2019-10-15 08:42:55,639 [pool-423-thread-1] INFO  server.RaftServerConfigKeys (ConfUtils.java:logGet(43)) - raft.server.retrycache.expirytime = 600000ms (custom)
2019-10-15 08:42:55,639 [pool-433-thread-1] INFO  server.RaftServerConfigKeys (ConfUtils.java:logGet(43)) - raft.server.retrycache.expirytime = 600000ms (custom)
2019-10-15 08:42:55,642 [pool-423-thread-1] INFO  impl.RaftServerImpl (RaftServerImpl.java:start(181)) - 4c00b829-f7eb-437b-9af3-99601f151fac@group-EDDC828829ED: start as a follower, conf=-1: [f6d552c9-f983-4597-b4d0-1b438ea21ad8:192.168.164.209:37602, 77143d31-7a05-49d3-8166-c63e8419bc63:192.168.164.209:44002, 4c00b829-f7eb-437b-9af3-99601f151fac:192.168.164.209:39950], old=null
2019-10-15 08:42:55,642 [pool-423-thread-1] INFO  impl.RaftServerImpl (RaftServerImpl.java:setRole(170)) - 4c00b829-f7eb-437b-9af3-99601f151fac@group-EDDC828829ED: changes role from      null to FOLLOWER at term 0 for startAsFollower
2019-10-15 08:42:55,642 [pool-433-thread-1] INFO  impl.RaftServerImpl (RaftServerImpl.java:start(181)) - f6d552c9-f983-4597-b4d0-1b438ea21ad8@group-EDDC828829ED: start as a follower, conf=-1: [f6d552c9-f983-4597-b4d0-1b438ea21ad8:192.168.164.209:37602, 77143d31-7a05-49d3-8166-c63e8419bc63:192.168.164.209:44002, 4c00b829-f7eb-437b-9af3-99601f151fac:192.168.164.209:39950], old=null
2019-10-15 08:42:55,642 [pool-423-thread-1] INFO  impl.RoleInfo (RoleInfo.java:updateAndGet(143)) - 4c00b829-f7eb-437b-9af3-99601f151fac: start FollowerState
2019-10-15 08:42:55,643 [pool-433-thread-1] INFO  impl.RaftServerImpl (RaftServerImpl.java:setRole(170)) - f6d552c9-f983-4597-b4d0-1b438ea21ad8@group-EDDC828829ED: changes role from      null to FOLLOWER at term 0 for startAsFollower
2019-10-15 08:42:55,643 [pool-433-thread-1] INFO  impl.RoleInfo (RoleInfo.java:updateAndGet(143)) - f6d552c9-f983-4597-b4d0-1b438ea21ad8: start FollowerState
2019-10-15 08:42:55,643 [pool-423-thread-1] INFO  util.JmxRegister (JmxRegister.java:tryRegister(44)) - Successfully registered JMX Bean with object name Ratis:service=RaftServer,group=group-EDDC828829ED,id=4c00b829-f7eb-437b-9af3-99601f151fac
2019-10-15 08:42:55,643 [pool-433-thread-1] INFO  util.JmxRegister (JmxRegister.java:tryRegister(44)) - Successfully registered JMX Bean with object name Ratis:service=RaftServer,group=group-EDDC828829ED,id=f6d552c9-f983-4597-b4d0-1b438ea21ad8
2019-10-15 08:42:55,648 [RatisPipelineUtilsThread] INFO  pipeline.PipelineStateManager (PipelineStateManager.java:addPipeline(56)) - Created pipeline Pipeline[ Id: 9f4baf63-d2da-4ae6-ac57-eddc828829ed, Nodes: 4c00b829-f7eb-437b-9af3-99601f151fac{ip: 192.168.164.209, host: pr-hdds-1569-hdnwc-3336613964, networkLocation: /default-rack, certSerialId: null}77143d31-7a05-49d3-8166-c63e8419bc63{ip: 192.168.164.209, host: pr-hdds-1569-hdnwc-3336613964, networkLocation: /default-rack, certSerialId: null}f6d552c9-f983-4597-b4d0-1b438ea21ad8{ip: 192.168.164.209, host: pr-hdds-1569-hdnwc-3336613964, networkLocation: /default-rack, certSerialId: null}, Type:RATIS, Factor:THREE, State:OPEN]
2019-10-15 08:42:55,651 [grpc-default-executor-1] INFO  impl.RaftServerProxy (RaftServerProxy.java:addNew(89)) - 77143d31-7a05-49d3-8166-c63e8419bc63: addNew group-E14AC227B858:[f6d552c9-f983-4597-b4d0-1b438ea21ad8:192.168.164.209:37602, 77143d31-7a05-49d3-8166-c63e8419bc63:192.168.164.209:44002, 4c00b829-f7eb-437b-9af3-99601f151fac:192.168.164.209:39950] returns group-E14AC227B858:java.util.concurrent.CompletableFuture@11ccf434[Not completed]
2019-10-15 08:42:55,651 [grpc-default-executor-7] INFO  impl.RaftServerProxy (RaftServerProxy.java:addNew(89)) - f6d552c9-f983-4597-b4d0-1b438ea21ad8: addNew group-E14AC227B858:[f6d552c9-f983-4597-b4d0-1b438ea21ad8:192.168.164.209:37602, 77143d31-7a05-49d3-8166-c63e8419bc63:192.168.164.209:44002, 4c00b829-f7eb-437b-9af3-99601f151fac:192.168.164.209:39950] returns group-E14AC227B858:java.util.concurrent.CompletableFuture@6c4e620f[Not completed]
2019-10-15 08:42:55,651 [grpc-default-executor-2] INFO  impl.RaftServerProxy (RaftServerProxy.java:addNew(89)) - 4c00b829-f7eb-437b-9af3-99601f151fac: addNew group-E14AC227B858:[f6d552c9-f983-4597-b4d0-1b438ea21ad8:192.168.164.209:37602, 77143d31-7a05-49d3-8166-c63e8419bc63:192.168.164.209:44002, 4c00b829-f7eb-437b-9af3-99601f151fac:192.168.164.209:39950] returns group-E14AC227B858:java.util.concurrent.CompletableFuture@1b5fdf02[Not completed]
2019-10-15 08:42:55,652 [pool-383-thread-1] INFO  impl.RaftServerImpl (RaftServerImpl.java:<init>(95)) - 77143d31-7a05-49d3-8166-c63e8419bc63: new RaftServerImpl for group-E14AC227B858:[f6d552c9-f983-4597-b4d0-1b438ea21ad8:192.168.164.209:37602, 77143d31-7a05-49d3-8166-c63e8419bc63:192.168.164.209:44002, 4c00b829-f7eb-437b-9af3-99601f151fac:192.168.164.209:39950] with ContainerStateMachine:uninitialized
2019-10-15 08:42:55,652 [pool-383-thread-1] INFO  server.RaftServerConfigKeys (ConfUtils.java:logGet(43)) - raft.server.rpc.timeout.min = 5s (custom)
2019-10-15 08:42:55,652 [pool-383-thread-1] INFO  server.RaftServerConfigKeys (ConfUtils.java:logGet(43)) - raft.server.rpc.timeout.max = 5200ms (custom)
2019-10-15 08:42:55,653 [pool-383-thread-1] INFO  server.RaftServerConfigKeys (ConfUtils.java:logGet(43)) - raft.server.rpcslowness.timeout = 120s (custom)
2019-10-15 08:42:55,653 [pool-383-thread-1] INFO  server.RaftServerConfigKeys (ConfUtils.java:logGet(43)) - raft.server.sleep.deviation.threshold = 300 (default)
2019-10-15 08:42:55,653 [pool-383-thread-1] INFO  server.RaftServerConfigKeys (ConfUtils.java:logGet(43)) - raft.server.log.appender.install.snapshot.enabled = false (custom)
2019-10-15 08:42:55,653 [pool-383-thread-1] INFO  impl.RaftServerImpl (ServerState.java:<init>(103)) - 77143d31-7a05-49d3-8166-c63e8419bc63@group-E14AC227B858: ConfigurationManager, init=-1: [f6d552c9-f983-4597-b4d0-1b438ea21ad8:192.168.164.209:37602, 77143d31-7a05-49d3-8166-c63e8419bc63:192.168.164.209:44002, 4c00b829-f7eb-437b-9af3-99601f151fac:192.168.164.209:39950], old=null, confs=<EMPTY_MAP>
2019-10-15 08:42:55,653 [pool-383-thread-1] INFO  server.RaftServerConfigKeys (ConfUtils.java:logGet(43)) - raft.server.storage.dir = [/workdir/hadoop-ozone/integration-test/target/test-dir/MiniOzoneClusterImpl-d07e3086-68e0-4340-b24d-43dfb7c1e85c/datanode-0/data/ratis] (custom)
2019-10-15 08:42:55,653 [pool-433-thread-1] INFO  impl.RaftServerImpl (RaftServerImpl.java:<init>(95)) - f6d552c9-f983-4597-b4d0-1b438ea21ad8: new RaftServerImpl for group-E14AC227B858:[f6d552c9-f983-4597-b4d0-1b438ea21ad8:192.168.164.209:37602, 77143d31-7a05-49d3-8166-c63e8419bc63:192.168.164.209:44002, 4c00b829-f7eb-437b-9af3-99601f151fac:192.168.164.209:39950] with ContainerStateMachine:uninitialized
2019-10-15 08:42:55,653 [pool-383-thread-1] INFO  server.RaftServerConfigKeys (ConfUtils.java:logGet(43)) - raft.server.log.corruption.policy = EXCEPTION (default)
2019-10-15 08:42:55,653 [pool-433-thread-1] INFO  server.RaftServerConfigKeys (ConfUtils.java:logGet(43)) - raft.server.rpc.timeout.min = 5s (custom)
2019-10-15 08:42:55,654 [pool-383-thread-1] INFO  storage.RaftStorageDirectory (RaftStorageDirectory.java:analyzeStorage(246)) - The storage directory /workdir/hadoop-ozone/integration-test/target/test-dir/MiniOzoneClusterImpl-d07e3086-68e0-4340-b24d-43dfb7c1e85c/datanode-0/data/ratis/43a70d55-854f-47e5-a3d9-e14ac227b858 does not exist. Creating ...
2019-10-15 08:42:55,654 [pool-433-thread-1] INFO  server.RaftServerConfigKeys (ConfUtils.java:logGet(43)) - raft.server.rpc.timeout.max = 5200ms (custom)
2019-10-15 08:42:55,654 [pool-423-thread-1] INFO  impl.RaftServerImpl (RaftServerImpl.java:<init>(95)) - 4c00b829-f7eb-437b-9af3-99601f151fac: new RaftServerImpl for group-E14AC227B858:[f6d552c9-f983-4597-b4d0-1b438ea21ad8:192.168.164.209:37602, 77143d31-7a05-49d3-8166-c63e8419bc63:192.168.164.209:44002, 4c00b829-f7eb-437b-9af3-99601f151fac:192.168.164.209:39950] with ContainerStateMachine:uninitialized
2019-10-15 08:42:55,654 [pool-433-thread-1] INFO  server.RaftServerConfigKeys (ConfUtils.java:logGet(43)) - raft.server.rpcslowness.timeout = 120s (custom)
2019-10-15 08:42:55,654 [pool-423-thread-1] INFO  server.RaftServerConfigKeys (ConfUtils.java:logGet(43)) - raft.server.rpc.timeout.min = 5s (custom)
2019-10-15 08:42:55,654 [pool-433-thread-1] INFO  server.RaftServerConfigKeys (ConfUtils.java:logGet(43)) - raft.server.sleep.deviation.threshold = 300 (default)
2019-10-15 08:42:55,654 [pool-423-thread-1] INFO  server.RaftServerConfigKeys (ConfUtils.java:logGet(43)) - raft.server.rpc.timeout.max = 5200ms (custom)
2019-10-15 08:42:55,654 [pool-433-thread-1] INFO  server.RaftServerConfigKeys (ConfUtils.java:logGet(43)) - raft.server.log.appender.install.snapshot.enabled = false (custom)
2019-10-15 08:42:55,654 [pool-423-thread-1] INFO  server.RaftServerConfigKeys (ConfUtils.java:logGet(43)) - raft.server.rpcslowness.timeout = 120s (custom)
2019-10-15 08:42:55,655 [pool-433-thread-1] INFO  impl.RaftServerImpl (ServerState.java:<init>(103)) - f6d552c9-f983-4597-b4d0-1b438ea21ad8@group-E14AC227B858: ConfigurationManager, init=-1: [f6d552c9-f983-4597-b4d0-1b438ea21ad8:192.168.164.209:37602, 77143d31-7a05-49d3-8166-c63e8419bc63:192.168.164.209:44002, 4c00b829-f7eb-437b-9af3-99601f151fac:192.168.164.209:39950], old=null, confs=<EMPTY_MAP>
2019-10-15 08:42:55,655 [pool-423-thread-1] INFO  server.RaftServerConfigKeys (ConfUtils.java:logGet(43)) - raft.server.sleep.deviation.threshold = 300 (default)
2019-10-15 08:42:55,655 [pool-433-thread-1] INFO  server.RaftServerConfigKeys (ConfUtils.java:logGet(43)) - raft.server.storage.dir = [/workdir/hadoop-ozone/integration-test/target/test-dir/MiniOzoneClusterImpl-d07e3086-68e0-4340-b24d-43dfb7c1e85c/datanode-5/data/ratis] (custom)
2019-10-15 08:42:55,655 [pool-423-thread-1] INFO  server.RaftServerConfigKeys (ConfUtils.java:logGet(43)) - raft.server.log.appender.install.snapshot.enabled = false (custom)
2019-10-15 08:42:55,655 [pool-433-thread-1] INFO  server.RaftServerConfigKeys (ConfUtils.java:logGet(43)) - raft.server.log.corruption.policy = EXCEPTION (default)
2019-10-15 08:42:55,655 [pool-423-thread-1] INFO  impl.RaftServerImpl (ServerState.java:<init>(103)) - 4c00b829-f7eb-437b-9af3-99601f151fac@group-E14AC227B858: ConfigurationManager, init=-1: [f6d552c9-f983-4597-b4d0-1b438ea21ad8:192.168.164.209:37602, 77143d31-7a05-49d3-8166-c63e8419bc63:192.168.164.209:44002, 4c00b829-f7eb-437b-9af3-99601f151fac:192.168.164.209:39950], old=null, confs=<EMPTY_MAP>
2019-10-15 08:42:55,655 [pool-433-thread-1] INFO  storage.RaftStorageDirectory (RaftStorageDirectory.java:analyzeStorage(246)) - The storage directory /workdir/hadoop-ozone/integration-test/target/test-dir/MiniOzoneClusterImpl-d07e3086-68e0-4340-b24d-43dfb7c1e85c/datanode-5/data/ratis/43a70d55-854f-47e5-a3d9-e14ac227b858 does not exist. Creating ...
2019-10-15 08:42:55,655 [pool-423-thread-1] INFO  server.RaftServerConfigKeys (ConfUtils.java:logGet(43)) - raft.server.storage.dir = [/workdir/hadoop-ozone/integration-test/target/test-dir/MiniOzoneClusterImpl-d07e3086-68e0-4340-b24d-43dfb7c1e85c/datanode-4/data/ratis] (custom)
2019-10-15 08:42:55,656 [pool-423-thread-1] INFO  server.RaftServerConfigKeys (ConfUtils.java:logGet(43)) - raft.server.log.corruption.policy = EXCEPTION (default)
2019-10-15 08:42:55,656 [pool-423-thread-1] INFO  storage.RaftStorageDirectory (RaftStorageDirectory.java:analyzeStorage(246)) - The storage directory /workdir/hadoop-ozone/integration-test/target/test-dir/MiniOzoneClusterImpl-d07e3086-68e0-4340-b24d-43dfb7c1e85c/datanode-4/data/ratis/43a70d55-854f-47e5-a3d9-e14ac227b858 does not exist. Creating ...
2019-10-15 08:42:55,679 [pool-433-thread-1] INFO  storage.RaftStorageDirectory (RaftStorageDirectory.java:tryLock(328)) - Lock on /workdir/hadoop-ozone/integration-test/target/test-dir/MiniOzoneClusterImpl-d07e3086-68e0-4340-b24d-43dfb7c1e85c/datanode-5/data/ratis/43a70d55-854f-47e5-a3d9-e14ac227b858/in_use.lock acquired by nodename 17889@pr-hdds-1569-hdnwc-3336613964
2019-10-15 08:42:55,679 [pool-423-thread-1] INFO  storage.RaftStorageDirectory (RaftStorageDirectory.java:tryLock(328)) - Lock on /workdir/hadoop-ozone/integration-test/target/test-dir/MiniOzoneClusterImpl-d07e3086-68e0-4340-b24d-43dfb7c1e85c/datanode-4/data/ratis/43a70d55-854f-47e5-a3d9-e14ac227b858/in_use.lock acquired by nodename 17889@pr-hdds-1569-hdnwc-3336613964
2019-10-15 08:42:55,679 [pool-383-thread-1] INFO  storage.RaftStorageDirectory (RaftStorageDirectory.java:tryLock(328)) - Lock on /workdir/hadoop-ozone/integration-test/target/test-dir/MiniOzoneClusterImpl-d07e3086-68e0-4340-b24d-43dfb7c1e85c/datanode-0/data/ratis/43a70d55-854f-47e5-a3d9-e14ac227b858/in_use.lock acquired by nodename 17889@pr-hdds-1569-hdnwc-3336613964
2019-10-15 08:42:55,705 [pool-423-thread-1] INFO  storage.RaftStorage (RaftStorage.java:format(84)) - Storage directory /workdir/hadoop-ozone/integration-test/target/test-dir/MiniOzoneClusterImpl-d07e3086-68e0-4340-b24d-43dfb7c1e85c/datanode-4/data/ratis/43a70d55-854f-47e5-a3d9-e14ac227b858 has been successfully formatted.
2019-10-15 08:42:55,705 [pool-383-thread-1] INFO  storage.RaftStorage (RaftStorage.java:format(84)) - Storage directory /workdir/hadoop-ozone/integration-test/target/test-dir/MiniOzoneClusterImpl-d07e3086-68e0-4340-b24d-43dfb7c1e85c/datanode-0/data/ratis/43a70d55-854f-47e5-a3d9-e14ac227b858 has been successfully formatted.
2019-10-15 08:42:55,705 [pool-433-thread-1] INFO  storage.RaftStorage (RaftStorage.java:format(84)) - Storage directory /workdir/hadoop-ozone/integration-test/target/test-dir/MiniOzoneClusterImpl-d07e3086-68e0-4340-b24d-43dfb7c1e85c/datanode-5/data/ratis/43a70d55-854f-47e5-a3d9-e14ac227b858 has been successfully formatted.
2019-10-15 08:42:55,705 [pool-383-thread-1] INFO  ratis.ContainerStateMachine (ContainerStateMachine.java:loadSnapshot(231)) - group-E14AC227B858: The snapshot info is null. Setting the last applied indexto:(t:0, i:~)
2019-10-15 08:42:55,705 [pool-423-thread-1] INFO  ratis.ContainerStateMachine (ContainerStateMachine.java:loadSnapshot(231)) - group-E14AC227B858: The snapshot info is null. Setting the last applied indexto:(t:0, i:~)
2019-10-15 08:42:55,705 [pool-383-thread-1] INFO  server.RaftServerConfigKeys (ConfUtils.java:logGet(43)) - raft.server.notification.no-leader.timeout = 120s (custom)
2019-10-15 08:42:55,705 [pool-433-thread-1] INFO  ratis.ContainerStateMachine (ContainerStateMachine.java:loadSnapshot(231)) - group-E14AC227B858: The snapshot info is null. Setting the last applied indexto:(t:0, i:~)
2019-10-15 08:42:55,706 [pool-383-thread-1] INFO  server.RaftServerConfigKeys (ConfUtils.java:logGet(43)) - raft.server.log.use.memory = false (default)
2019-10-15 08:42:55,706 [pool-423-thread-1] INFO  server.RaftServerConfigKeys (ConfUtils.java:logGet(43)) - raft.server.notification.no-leader.timeout = 120s (custom)
2019-10-15 08:42:55,706 [pool-383-thread-1] INFO  server.RaftServerConfigKeys (ConfUtils.java:logGet(43)) - raft.server.log.purge.gap = 1000000 (custom)
2019-10-15 08:42:55,706 [pool-433-thread-1] INFO  server.RaftServerConfigKeys (ConfUtils.java:logGet(43)) - raft.server.notification.no-leader.timeout = 120s (custom)
2019-10-15 08:42:55,706 [pool-383-thread-1] INFO  server.RaftServerConfigKeys (ConfUtils.java:logGet(43)) - raft.server.log.appender.buffer.byte-limit = 33554432 (custom)
2019-10-15 08:42:55,707 [pool-383-thread-1] INFO  server.RaftServerConfigKeys (ConfUtils.java:logGet(43)) - raft.server.log.segment.size.max = 1048576 (custom)
2019-10-15 08:42:55,706 [pool-423-thread-1] INFO  server.RaftServerConfigKeys (ConfUtils.java:logGet(43)) - raft.server.log.use.memory = false (default)
2019-10-15 08:42:55,707 [pool-383-thread-1] INFO  server.RaftServerConfigKeys (ConfUtils.java:logGet(43)) - raft.server.log.segment.cache.num.max = 2 (custom)
2019-10-15 08:42:55,706 [pool-433-thread-1] INFO  server.RaftServerConfigKeys (ConfUtils.java:logGet(43)) - raft.server.log.use.memory = false (default)
2019-10-15 08:42:55,707 [pool-383-thread-1] INFO  segmented.SegmentedRaftLogWorker (SegmentedRaftLogWorker.java:<init>(173)) - new 77143d31-7a05-49d3-8166-c63e8419bc63@group-E14AC227B858-SegmentedRaftLogWorker for RaftStorage:Storage Directory /workdir/hadoop-ozone/integration-test/target/test-dir/MiniOzoneClusterImpl-d07e3086-68e0-4340-b24d-43dfb7c1e85c/datanode-0/data/ratis/43a70d55-854f-47e5-a3d9-e14ac227b858
2019-10-15 08:42:55,707 [pool-423-thread-1] INFO  server.RaftServerConfigKeys (ConfUtils.java:logGet(43)) - raft.server.log.purge.gap = 1000000 (custom)
2019-10-15 08:42:55,707 [pool-383-thread-1] INFO  server.RaftServerConfigKeys (ConfUtils.java:logGet(43)) - raft.server.log.queue.byte-limit = 2147483647 (custom)
2019-10-15 08:42:55,708 [pool-383-thread-1] INFO  server.RaftServerConfigKeys (ConfUtils.java:logGet(43)) - raft.server.log.queue.element-limit = 1024 (custom)
2019-10-15 08:42:55,707 [pool-433-thread-1] INFO  server.RaftServerConfigKeys (ConfUtils.java:logGet(43)) - raft.server.log.purge.gap = 1000000 (custom)
2019-10-15 08:42:55,708 [pool-383-thread-1] INFO  server.RaftServerConfigKeys (ConfUtils.java:logGet(43)) - raft.server.log.segment.size.max = 1048576 (custom)
2019-10-15 08:42:55,708 [pool-383-thread-1] INFO  server.RaftServerConfigKeys (ConfUtils.java:logGet(43)) - raft.server.log.preallocated.size = 16384 (custom)
2019-10-15 08:42:55,708 [pool-423-thread-1] INFO  server.RaftServerConfigKeys (ConfUtils.java:logGet(43)) - raft.server.log.appender.buffer.byte-limit = 33554432 (custom)
2019-10-15 08:42:55,708 [pool-383-thread-1] INFO  server.RaftServerConfigKeys (ConfUtils.java:logGet(43)) - raft.server.log.write.buffer.size = 33554432 (custom)
2019-10-15 08:42:55,709 [pool-383-thread-1] INFO  server.RaftServerConfigKeys (ConfUtils.java:logGet(43)) - raft.server.log.force.sync.num = 128 (default)
2019-10-15 08:42:55,708 [pool-433-thread-1] INFO  server.RaftServerConfigKeys (ConfUtils.java:logGet(43)) - raft.server.log.appender.buffer.byte-limit = 33554432 (custom)
2019-10-15 08:42:55,709 [pool-383-thread-1] INFO  server.RaftServerConfigKeys (ConfUtils.java:logGet(43)) - raft.server.log.statemachine.data.sync = true (default)
2019-10-15 08:42:55,708 [pool-423-thread-1] INFO  server.RaftServerConfigKeys (ConfUtils.java:logGet(43)) - raft.server.log.segment.size.max = 1048576 (custom)
2019-10-15 08:42:55,709 [pool-383-thread-1] INFO  server.RaftServerConfigKeys (ConfUtils.java:logGet(43)) - raft.server.log.statemachine.data.sync.timeout = 10s (default)
2019-10-15 08:42:55,709 [pool-433-thread-1] INFO  server.RaftServerConfigKeys (ConfUtils.java:logGet(43)) - raft.server.log.segment.size.max = 1048576 (custom)
2019-10-15 08:42:55,709 [pool-383-thread-1] INFO  server.RaftServerConfigKeys (ConfUtils.java:logGet(43)) - raft.server.log.statemachine.data.sync.timeout.retry = -1 (default)
2019-10-15 08:42:55,709 [pool-423-thread-1] INFO  server.RaftServerConfigKeys (ConfUtils.java:logGet(43)) - raft.server.log.segment.cache.num.max = 2 (custom)
2019-10-15 08:42:55,710 [pool-383-thread-1] INFO  server.RaftServerConfigKeys (ConfUtils.java:logGet(43)) - raft.server.log.statemachine.data.caching.enabled = true (custom)
2019-10-15 08:42:55,710 [pool-433-thread-1] INFO  server.RaftServerConfigKeys (ConfUtils.java:logGet(43)) - raft.server.log.segment.cache.num.max = 2 (custom)
2019-10-15 08:42:55,710 [pool-383-thread-1] INFO  segmented.SegmentedRaftLogWorker (SegmentedRaftLogWorker.java:lambda$new$0(128)) - 77143d31-7a05-49d3-8166-c63e8419bc63@group-E14AC227B858-SegmentedRaftLogWorker: flushIndex: setUnconditionally 0 -> -1
2019-10-15 08:42:55,710 [pool-423-thread-1] INFO  segmented.SegmentedRaftLogWorker (SegmentedRaftLogWorker.java:<init>(173)) - new 4c00b829-f7eb-437b-9af3-99601f151fac@group-E14AC227B858-SegmentedRaftLogWorker for RaftStorage:Storage Directory /workdir/hadoop-ozone/integration-test/target/test-dir/MiniOzoneClusterImpl-d07e3086-68e0-4340-b24d-43dfb7c1e85c/datanode-4/data/ratis/43a70d55-854f-47e5-a3d9-e14ac227b858
2019-10-15 08:42:55,710 [pool-433-thread-1] INFO  segmented.SegmentedRaftLogWorker (SegmentedRaftLogWorker.java:<init>(173)) - new f6d552c9-f983-4597-b4d0-1b438ea21ad8@group-E14AC227B858-SegmentedRaftLogWorker for RaftStorage:Storage Directory /workdir/hadoop-ozone/integration-test/target/test-dir/MiniOzoneClusterImpl-d07e3086-68e0-4340-b24d-43dfb7c1e85c/datanode-5/data/ratis/43a70d55-854f-47e5-a3d9-e14ac227b858
2019-10-15 08:42:55,711 [pool-383-thread-1] INFO  server.RaftServerConfigKeys (ConfUtils.java:logGet(43)) - raft.server.snapshot.auto.trigger.enabled = true (custom)
2019-10-15 08:42:55,711 [pool-423-thread-1] INFO  server.RaftServerConfigKeys (ConfUtils.java:logGet(43)) - raft.server.log.queue.byte-limit = 2147483647 (custom)
2019-10-15 08:42:55,711 [pool-383-thread-1] INFO  server.RaftServerConfigKeys (ConfUtils.java:logGet(43)) - raft.server.snapshot.auto.trigger.threshold = 10000 (custom)
2019-10-15 08:42:55,711 [pool-433-thread-1] INFO  server.RaftServerConfigKeys (ConfUtils.java:logGet(43)) - raft.server.log.queue.byte-limit = 2147483647 (custom)
2019-10-15 08:42:55,711 [pool-383-thread-1] INFO  server.RaftServerConfigKeys (ConfUtils.java:logGet(43)) - raft.server.snapshot.retention.file.num = 5 (custom)
2019-10-15 08:42:55,711 [pool-423-thread-1] INFO  server.RaftServerConfigKeys (ConfUtils.java:logGet(43)) - raft.server.log.queue.element-limit = 1024 (custom)
2019-10-15 08:42:55,711 [pool-383-thread-1] INFO  server.RaftServerConfigKeys (ConfUtils.java:logGet(43)) - raft.server.retrycache.expirytime = 600000ms (custom)
2019-10-15 08:42:55,711 [pool-433-thread-1] INFO  server.RaftServerConfigKeys (ConfUtils.java:logGet(43)) - raft.server.log.queue.element-limit = 1024 (custom)
2019-10-15 08:42:55,712 [pool-423-thread-1] INFO  server.RaftServerConfigKeys (ConfUtils.java:logGet(43)) - raft.server.log.segment.size.max = 1048576 (custom)
2019-10-15 08:42:55,712 [pool-433-thread-1] INFO  server.RaftServerConfigKeys (ConfUtils.java:logGet(43)) - raft.server.log.segment.size.max = 1048576 (custom)
2019-10-15 08:42:55,712 [pool-423-thread-1] INFO  server.RaftServerConfigKeys (ConfUtils.java:logGet(43)) - raft.server.log.preallocated.size = 16384 (custom)
2019-10-15 08:42:55,712 [pool-433-thread-1] INFO  server.RaftServerConfigKeys (ConfUtils.java:logGet(43)) - raft.server.log.preallocated.size = 16384 (custom)
2019-10-15 08:42:55,713 [pool-423-thread-1] INFO  server.RaftServerConfigKeys (ConfUtils.java:logGet(43)) - raft.server.log.write.buffer.size = 33554432 (custom)
2019-10-15 08:42:55,713 [pool-433-thread-1] INFO  server.RaftServerConfigKeys (ConfUtils.java:logGet(43)) - raft.server.log.write.buffer.size = 33554432 (custom)
2019-10-15 08:42:55,713 [pool-423-thread-1] INFO  server.RaftServerConfigKeys (ConfUtils.java:logGet(43)) - raft.server.log.force.sync.num = 128 (default)
2019-10-15 08:42:55,713 [pool-433-thread-1] INFO  server.RaftServerConfigKeys (ConfUtils.java:logGet(43)) - raft.server.log.force.sync.num = 128 (default)
2019-10-15 08:42:55,713 [pool-423-thread-1] INFO  server.RaftServerConfigKeys (ConfUtils.java:logGet(43)) - raft.server.log.statemachine.data.sync = true (default)
2019-10-15 08:42:55,713 [pool-433-thread-1] INFO  server.RaftServerConfigKeys (ConfUtils.java:logGet(43)) - raft.server.log.statemachine.data.sync = true (default)
2019-10-15 08:42:55,714 [pool-383-thread-1] INFO  impl.RaftServerImpl (RaftServerImpl.java:start(181)) - 77143d31-7a05-49d3-8166-c63e8419bc63@group-E14AC227B858: start as a follower, conf=-1: [f6d552c9-f983-4597-b4d0-1b438ea21ad8:192.168.164.209:37602, 77143d31-7a05-49d3-8166-c63e8419bc63:192.168.164.209:44002, 4c00b829-f7eb-437b-9af3-99601f151fac:192.168.164.209:39950], old=null
2019-10-15 08:42:55,714 [pool-423-thread-1] INFO  server.RaftServerConfigKeys (ConfUtils.java:logGet(43)) - raft.server.log.statemachine.data.sync.timeout = 10s (default)
2019-10-15 08:42:55,714 [pool-383-thread-1] INFO  impl.RaftServerImpl (RaftServerImpl.java:setRole(170)) - 77143d31-7a05-49d3-8166-c63e8419bc63@group-E14AC227B858: changes role from      null to FOLLOWER at term 0 for startAsFollower
2019-10-15 08:42:55,714 [pool-433-thread-1] INFO  server.RaftServerConfigKeys (ConfUtils.java:logGet(43)) - raft.server.log.statemachine.data.sync.timeout = 10s (default)
2019-10-15 08:42:55,714 [pool-383-thread-1] INFO  impl.RoleInfo (RoleInfo.java:updateAndGet(143)) - 77143d31-7a05-49d3-8166-c63e8419bc63: start FollowerState
2019-10-15 08:42:55,714 [pool-423-thread-1] INFO  server.RaftServerConfigKeys (ConfUtils.java:logGet(43)) - raft.server.log.statemachine.data.sync.timeout.retry = -1 (default)
2019-10-15 08:42:55,714 [pool-433-thread-1] INFO  server.RaftServerConfigKeys (ConfUtils.java:logGet(43)) - raft.server.log.statemachine.data.sync.timeout.retry = -1 (default)
2019-10-15 08:42:55,715 [pool-423-thread-1] INFO  server.RaftServerConfigKeys (ConfUtils.java:logGet(43)) - raft.server.log.statemachine.data.caching.enabled = true (custom)
2019-10-15 08:42:55,715 [pool-383-thread-1] INFO  util.JmxRegister (JmxRegister.java:tryRegister(44)) - Successfully registered JMX Bean with object name Ratis:service=RaftServer,group=group-E14AC227B858,id=77143d31-7a05-49d3-8166-c63e8419bc63
2019-10-15 08:42:55,715 [pool-433-thread-1] INFO  server.RaftServerConfigKeys (ConfUtils.java:logGet(43)) - raft.server.log.statemachine.data.caching.enabled = true (custom)
2019-10-15 08:42:55,715 [pool-423-thread-1] INFO  segmented.SegmentedRaftLogWorker (SegmentedRaftLogWorker.java:lambda$new$0(128)) - 4c00b829-f7eb-437b-9af3-99601f151fac@group-E14AC227B858-SegmentedRaftLogWorker: flushIndex: setUnconditionally 0 -> -1
2019-10-15 08:42:55,715 [pool-433-thread-1] INFO  segmented.SegmentedRaftLogWorker (SegmentedRaftLogWorker.java:lambda$new$0(128)) - f6d552c9-f983-4597-b4d0-1b438ea21ad8@group-E14AC227B858-SegmentedRaftLogWorker: flushIndex: setUnconditionally 0 -> -1
2019-10-15 08:42:55,716 [pool-423-thread-1] INFO  server.RaftServerConfigKeys (ConfUtils.java:logGet(43)) - raft.server.snapshot.auto.trigger.enabled = true (custom)
2019-10-15 08:42:55,716 [pool-433-thread-1] INFO  server.RaftServerConfigKeys (ConfUtils.java:logGet(43)) - raft.server.snapshot.auto.trigger.enabled = true (custom)
2019-10-15 08:42:55,716 [pool-423-thread-1] INFO  server.RaftServerConfigKeys (ConfUtils.java:logGet(43)) - raft.server.snapshot.auto.trigger.threshold = 10000 (custom)
2019-10-15 08:42:55,716 [pool-433-thread-1] INFO  server.RaftServerConfigKeys (ConfUtils.java:logGet(43)) - raft.server.snapshot.auto.trigger.threshold = 10000 (custom)
2019-10-15 08:42:55,716 [pool-423-thread-1] INFO  server.RaftServerConfigKeys (ConfUtils.java:logGet(43)) - raft.server.snapshot.retention.file.num = 5 (custom)
2019-10-15 08:42:55,716 [pool-433-thread-1] INFO  server.RaftServerConfigKeys (ConfUtils.java:logGet(43)) - raft.server.snapshot.retention.file.num = 5 (custom)
2019-10-15 08:42:55,717 [pool-423-thread-1] INFO  server.RaftServerConfigKeys (ConfUtils.java:logGet(43)) - raft.server.retrycache.expirytime = 600000ms (custom)
2019-10-15 08:42:55,717 [pool-433-thread-1] INFO  server.RaftServerConfigKeys (ConfUtils.java:logGet(43)) - raft.server.retrycache.expirytime = 600000ms (custom)
2019-10-15 08:42:55,719 [pool-423-thread-1] INFO  impl.RaftServerImpl (RaftServerImpl.java:start(181)) - 4c00b829-f7eb-437b-9af3-99601f151fac@group-E14AC227B858: start as a follower, conf=-1: [f6d552c9-f983-4597-b4d0-1b438ea21ad8:192.168.164.209:37602, 77143d31-7a05-49d3-8166-c63e8419bc63:192.168.164.209:44002, 4c00b829-f7eb-437b-9af3-99601f151fac:192.168.164.209:39950], old=null
2019-10-15 08:42:55,720 [pool-423-thread-1] INFO  impl.RaftServerImpl (RaftServerImpl.java:setRole(170)) - 4c00b829-f7eb-437b-9af3-99601f151fac@group-E14AC227B858: changes role from      null to FOLLOWER at term 0 for startAsFollower
2019-10-15 08:42:55,720 [pool-433-thread-1] INFO  impl.RaftServerImpl (RaftServerImpl.java:start(181)) - f6d552c9-f983-4597-b4d0-1b438ea21ad8@group-E14AC227B858: start as a follower, conf=-1: [f6d552c9-f983-4597-b4d0-1b438ea21ad8:192.168.164.209:37602, 77143d31-7a05-49d3-8166-c63e8419bc63:192.168.164.209:44002, 4c00b829-f7eb-437b-9af3-99601f151fac:192.168.164.209:39950], old=null
2019-10-15 08:42:55,720 [pool-423-thread-1] INFO  impl.RoleInfo (RoleInfo.java:updateAndGet(143)) - 4c00b829-f7eb-437b-9af3-99601f151fac: start FollowerState
2019-10-15 08:42:55,720 [pool-433-thread-1] INFO  impl.RaftServerImpl (RaftServerImpl.java:setRole(170)) - f6d552c9-f983-4597-b4d0-1b438ea21ad8@group-E14AC227B858: changes role from      null to FOLLOWER at term 0 for startAsFollower
2019-10-15 08:42:55,720 [pool-433-thread-1] INFO  impl.RoleInfo (RoleInfo.java:updateAndGet(143)) - f6d552c9-f983-4597-b4d0-1b438ea21ad8: start FollowerState
2019-10-15 08:42:55,720 [pool-423-thread-1] INFO  util.JmxRegister (JmxRegister.java:tryRegister(44)) - Successfully registered JMX Bean with object name Ratis:service=RaftServer,group=group-E14AC227B858,id=4c00b829-f7eb-437b-9af3-99601f151fac
2019-10-15 08:42:55,721 [pool-433-thread-1] INFO  util.JmxRegister (JmxRegister.java:tryRegister(44)) - Successfully registered JMX Bean with object name Ratis:service=RaftServer,group=group-E14AC227B858,id=f6d552c9-f983-4597-b4d0-1b438ea21ad8
2019-10-15 08:42:55,725 [RatisPipelineUtilsThread] INFO  pipeline.PipelineStateManager (PipelineStateManager.java:addPipeline(56)) - Created pipeline Pipeline[ Id: 43a70d55-854f-47e5-a3d9-e14ac227b858, Nodes: 77143d31-7a05-49d3-8166-c63e8419bc63{ip: 192.168.164.209, host: pr-hdds-1569-hdnwc-3336613964, networkLocation: /default-rack, certSerialId: null}4c00b829-f7eb-437b-9af3-99601f151fac{ip: 192.168.164.209, host: pr-hdds-1569-hdnwc-3336613964, networkLocation: /default-rack, certSerialId: null}f6d552c9-f983-4597-b4d0-1b438ea21ad8{ip: 192.168.164.209, host: pr-hdds-1569-hdnwc-3336613964, networkLocation: /default-rack, certSerialId: null}, Type:RATIS, Factor:THREE, State:OPEN]
2019-10-15 08:42:55,726 [RatisPipelineUtilsThread] INFO  pipeline.PipelinePlacementPolicy (PipelinePlacementPolicy.java:meetCriteria(104)) - Pipeline Placement: can't place more pipeline on heavy datanode： 77143d31-7a05-49d3-8166-c63e8419bc63 Heaviness: 5 limit: 5
2019-10-15 08:42:55,726 [RatisPipelineUtilsThread] INFO  pipeline.PipelinePlacementPolicy (PipelinePlacementPolicy.java:meetCriteria(104)) - Pipeline Placement: can't place more pipeline on heavy datanode： f6d552c9-f983-4597-b4d0-1b438ea21ad8 Heaviness: 5 limit: 5
2019-10-15 08:42:55,726 [RatisPipelineUtilsThread] INFO  pipeline.PipelinePlacementPolicy (PipelinePlacementPolicy.java:meetCriteria(104)) - Pipeline Placement: can't place more pipeline on heavy datanode： 4c00b829-f7eb-437b-9af3-99601f151fac Heaviness: 5 limit: 5
2019-10-15 08:42:55,737 [grpc-default-executor-1] INFO  impl.RaftServerProxy (RaftServerProxy.java:addNew(89)) - a157920a-90c8-4f06-9961-45c06f377a82: addNew group-616068D7E973:[54862fcb-67c7-42a5-84bb-0e71c50d9a51:192.168.164.209:41983, 6d748945-2cb3-4aae-9aee-4a048f933dd9:192.168.164.209:33292, a157920a-90c8-4f06-9961-45c06f377a82:192.168.164.209:45973] returns group-616068D7E973:java.util.concurrent.CompletableFuture@231aa9e7[Not completed]
2019-10-15 08:42:55,737 [grpc-default-executor-2] INFO  impl.RaftServerProxy (RaftServerProxy.java:addNew(89)) - 6d748945-2cb3-4aae-9aee-4a048f933dd9: addNew group-616068D7E973:[54862fcb-67c7-42a5-84bb-0e71c50d9a51:192.168.164.209:41983, 6d748945-2cb3-4aae-9aee-4a048f933dd9:192.168.164.209:33292, a157920a-90c8-4f06-9961-45c06f377a82:192.168.164.209:45973] returns group-616068D7E973:java.util.concurrent.CompletableFuture@12820ca1[Not completed]
2019-10-15 08:42:55,738 [grpc-default-executor-2] INFO  impl.RaftServerProxy (RaftServerProxy.java:addNew(89)) - 54862fcb-67c7-42a5-84bb-0e71c50d9a51: addNew group-616068D7E973:[54862fcb-67c7-42a5-84bb-0e71c50d9a51:192.168.164.209:41983, 6d748945-2cb3-4aae-9aee-4a048f933dd9:192.168.164.209:33292, a157920a-90c8-4f06-9961-45c06f377a82:192.168.164.209:45973] returns group-616068D7E973:java.util.concurrent.CompletableFuture@103e7738[Not completed]
2019-10-15 08:42:55,739 [pool-403-thread-1] INFO  impl.RaftServerImpl (RaftServerImpl.java:<init>(95)) - a157920a-90c8-4f06-9961-45c06f377a82: new RaftServerImpl for group-616068D7E973:[54862fcb-67c7-42a5-84bb-0e71c50d9a51:192.168.164.209:41983, 6d748945-2cb3-4aae-9aee-4a048f933dd9:192.168.164.209:33292, a157920a-90c8-4f06-9961-45c06f377a82:192.168.164.209:45973] with ContainerStateMachine:uninitialized
2019-10-15 08:42:55,739 [pool-403-thread-1] INFO  server.RaftServerConfigKeys (ConfUtils.java:logGet(43)) - raft.server.rpc.timeout.min = 5s (custom)
2019-10-15 08:42:55,739 [pool-403-thread-1] INFO  server.RaftServerConfigKeys (ConfUtils.java:logGet(43)) - raft.server.rpc.timeout.max = 5200ms (custom)
2019-10-15 08:42:55,739 [pool-403-thread-1] INFO  server.RaftServerConfigKeys (ConfUtils.java:logGet(43)) - raft.server.rpcslowness.timeout = 120s (custom)
2019-10-15 08:42:55,739 [pool-403-thread-1] INFO  server.RaftServerConfigKeys (ConfUtils.java:logGet(43)) - raft.server.sleep.deviation.threshold = 300 (default)
2019-10-15 08:42:55,739 [pool-413-thread-1] INFO  impl.RaftServerImpl (RaftServerImpl.java:<init>(95)) - 54862fcb-67c7-42a5-84bb-0e71c50d9a51: new RaftServerImpl for group-616068D7E973:[54862fcb-67c7-42a5-84bb-0e71c50d9a51:192.168.164.209:41983, 6d748945-2cb3-4aae-9aee-4a048f933dd9:192.168.164.209:33292, a157920a-90c8-4f06-9961-45c06f377a82:192.168.164.209:45973] with ContainerStateMachine:uninitialized
2019-10-15 08:42:55,739 [pool-403-thread-1] INFO  server.RaftServerConfigKeys (ConfUtils.java:logGet(43)) - raft.server.log.appender.install.snapshot.enabled = false (custom)
2019-10-15 08:42:55,740 [pool-413-thread-1] INFO  server.RaftServerConfigKeys (ConfUtils.java:logGet(43)) - raft.server.rpc.timeout.min = 5s (custom)
2019-10-15 08:42:55,740 [pool-403-thread-1] INFO  impl.RaftServerImpl (ServerState.java:<init>(103)) - a157920a-90c8-4f06-9961-45c06f377a82@group-616068D7E973: ConfigurationManager, init=-1: [54862fcb-67c7-42a5-84bb-0e71c50d9a51:192.168.164.209:41983, 6d748945-2cb3-4aae-9aee-4a048f933dd9:192.168.164.209:33292, a157920a-90c8-4f06-9961-45c06f377a82:192.168.164.209:45973], old=null, confs=<EMPTY_MAP>
2019-10-15 08:42:55,740 [pool-413-thread-1] INFO  server.RaftServerConfigKeys (ConfUtils.java:logGet(43)) - raft.server.rpc.timeout.max = 5200ms (custom)
2019-10-15 08:42:55,740 [pool-403-thread-1] INFO  server.RaftServerConfigKeys (ConfUtils.java:logGet(43)) - raft.server.storage.dir = [/workdir/hadoop-ozone/integration-test/target/test-dir/MiniOzoneClusterImpl-d07e3086-68e0-4340-b24d-43dfb7c1e85c/datanode-2/data/ratis] (custom)
2019-10-15 08:42:55,740 [pool-393-thread-1] INFO  impl.RaftServerImpl (RaftServerImpl.java:<init>(95)) - 6d748945-2cb3-4aae-9aee-4a048f933dd9: new RaftServerImpl for group-616068D7E973:[54862fcb-67c7-42a5-84bb-0e71c50d9a51:192.168.164.209:41983, 6d748945-2cb3-4aae-9aee-4a048f933dd9:192.168.164.209:33292, a157920a-90c8-4f06-9961-45c06f377a82:192.168.164.209:45973] with ContainerStateMachine:uninitialized
2019-10-15 08:42:55,740 [pool-413-thread-1] INFO  server.RaftServerConfigKeys (ConfUtils.java:logGet(43)) - raft.server.rpcslowness.timeout = 120s (custom)
2019-10-15 08:42:55,740 [pool-393-thread-1] INFO  server.RaftServerConfigKeys (ConfUtils.java:logGet(43)) - raft.server.rpc.timeout.min = 5s (custom)
2019-10-15 08:42:55,740 [pool-403-thread-1] INFO  server.RaftServerConfigKeys (ConfUtils.java:logGet(43)) - raft.server.log.corruption.policy = EXCEPTION (default)
2019-10-15 08:42:55,741 [pool-393-thread-1] INFO  server.RaftServerConfigKeys (ConfUtils.java:logGet(43)) - raft.server.rpc.timeout.max = 5200ms (custom)
2019-10-15 08:42:55,741 [pool-413-thread-1] INFO  server.RaftServerConfigKeys (ConfUtils.java:logGet(43)) - raft.server.sleep.deviation.threshold = 300 (default)
2019-10-15 08:42:55,741 [pool-393-thread-1] INFO  server.RaftServerConfigKeys (ConfUtils.java:logGet(43)) - raft.server.rpcslowness.timeout = 120s (custom)
2019-10-15 08:42:55,741 [pool-403-thread-1] INFO  storage.RaftStorageDirectory (RaftStorageDirectory.java:analyzeStorage(246)) - The storage directory /workdir/hadoop-ozone/integration-test/target/test-dir/MiniOzoneClusterImpl-d07e3086-68e0-4340-b24d-43dfb7c1e85c/datanode-2/data/ratis/318d487e-66f4-44fb-a6dd-616068d7e973 does not exist. Creating ...
2019-10-15 08:42:55,741 [pool-393-thread-1] INFO  server.RaftServerConfigKeys (ConfUtils.java:logGet(43)) - raft.server.sleep.deviation.threshold = 300 (default)
2019-10-15 08:42:55,742 [pool-393-thread-1] INFO  server.RaftServerConfigKeys (ConfUtils.java:logGet(43)) - raft.server.log.appender.install.snapshot.enabled = false (custom)
2019-10-15 08:42:55,741 [pool-413-thread-1] INFO  server.RaftServerConfigKeys (ConfUtils.java:logGet(43)) - raft.server.log.appender.install.snapshot.enabled = false (custom)
2019-10-15 08:42:55,742 [pool-393-thread-1] INFO  impl.RaftServerImpl (ServerState.java:<init>(103)) - 6d748945-2cb3-4aae-9aee-4a048f933dd9@group-616068D7E973: ConfigurationManager, init=-1: [54862fcb-67c7-42a5-84bb-0e71c50d9a51:192.168.164.209:41983, 6d748945-2cb3-4aae-9aee-4a048f933dd9:192.168.164.209:33292, a157920a-90c8-4f06-9961-45c06f377a82:192.168.164.209:45973], old=null, confs=<EMPTY_MAP>
2019-10-15 08:42:55,742 [pool-413-thread-1] INFO  impl.RaftServerImpl (ServerState.java:<init>(103)) - 54862fcb-67c7-42a5-84bb-0e71c50d9a51@group-616068D7E973: ConfigurationManager, init=-1: [54862fcb-67c7-42a5-84bb-0e71c50d9a51:192.168.164.209:41983, 6d748945-2cb3-4aae-9aee-4a048f933dd9:192.168.164.209:33292, a157920a-90c8-4f06-9961-45c06f377a82:192.168.164.209:45973], old=null, confs=<EMPTY_MAP>
2019-10-15 08:42:55,742 [pool-393-thread-1] INFO  server.RaftServerConfigKeys (ConfUtils.java:logGet(43)) - raft.server.storage.dir = [/workdir/hadoop-ozone/integration-test/target/test-dir/MiniOzoneClusterImpl-d07e3086-68e0-4340-b24d-43dfb7c1e85c/datanode-1/data/ratis] (custom)
2019-10-15 08:42:55,742 [pool-413-thread-1] INFO  server.RaftServerConfigKeys (ConfUtils.java:logGet(43)) - raft.server.storage.dir = [/workdir/hadoop-ozone/integration-test/target/test-dir/MiniOzoneClusterImpl-d07e3086-68e0-4340-b24d-43dfb7c1e85c/datanode-3/data/ratis] (custom)
2019-10-15 08:42:55,742 [pool-393-thread-1] INFO  server.RaftServerConfigKeys (ConfUtils.java:logGet(43)) - raft.server.log.corruption.policy = EXCEPTION (default)
2019-10-15 08:42:55,742 [pool-413-thread-1] INFO  server.RaftServerConfigKeys (ConfUtils.java:logGet(43)) - raft.server.log.corruption.policy = EXCEPTION (default)
2019-10-15 08:42:55,743 [pool-393-thread-1] INFO  storage.RaftStorageDirectory (RaftStorageDirectory.java:analyzeStorage(246)) - The storage directory /workdir/hadoop-ozone/integration-test/target/test-dir/MiniOzoneClusterImpl-d07e3086-68e0-4340-b24d-43dfb7c1e85c/datanode-1/data/ratis/318d487e-66f4-44fb-a6dd-616068d7e973 does not exist. Creating ...
2019-10-15 08:42:55,743 [pool-413-thread-1] INFO  storage.RaftStorageDirectory (RaftStorageDirectory.java:analyzeStorage(246)) - The storage directory /workdir/hadoop-ozone/integration-test/target/test-dir/MiniOzoneClusterImpl-d07e3086-68e0-4340-b24d-43dfb7c1e85c/datanode-3/data/ratis/318d487e-66f4-44fb-a6dd-616068d7e973 does not exist. Creating ...
2019-10-15 08:42:55,764 [pool-403-thread-1] INFO  storage.RaftStorageDirectory (RaftStorageDirectory.java:tryLock(328)) - Lock on /workdir/hadoop-ozone/integration-test/target/test-dir/MiniOzoneClusterImpl-d07e3086-68e0-4340-b24d-43dfb7c1e85c/datanode-2/data/ratis/318d487e-66f4-44fb-a6dd-616068d7e973/in_use.lock acquired by nodename 17889@pr-hdds-1569-hdnwc-3336613964
2019-10-15 08:42:55,764 [pool-393-thread-1] INFO  storage.RaftStorageDirectory (RaftStorageDirectory.java:tryLock(328)) - Lock on /workdir/hadoop-ozone/integration-test/target/test-dir/MiniOzoneClusterImpl-d07e3086-68e0-4340-b24d-43dfb7c1e85c/datanode-1/data/ratis/318d487e-66f4-44fb-a6dd-616068d7e973/in_use.lock acquired by nodename 17889@pr-hdds-1569-hdnwc-3336613964
2019-10-15 08:42:55,764 [pool-413-thread-1] INFO  storage.RaftStorageDirectory (RaftStorageDirectory.java:tryLock(328)) - Lock on /workdir/hadoop-ozone/integration-test/target/test-dir/MiniOzoneClusterImpl-d07e3086-68e0-4340-b24d-43dfb7c1e85c/datanode-3/data/ratis/318d487e-66f4-44fb-a6dd-616068d7e973/in_use.lock acquired by nodename 17889@pr-hdds-1569-hdnwc-3336613964
2019-10-15 08:42:55,789 [pool-413-thread-1] INFO  storage.RaftStorage (RaftStorage.java:format(84)) - Storage directory /workdir/hadoop-ozone/integration-test/target/test-dir/MiniOzoneClusterImpl-d07e3086-68e0-4340-b24d-43dfb7c1e85c/datanode-3/data/ratis/318d487e-66f4-44fb-a6dd-616068d7e973 has been successfully formatted.
2019-10-15 08:42:55,789 [pool-393-thread-1] INFO  storage.RaftStorage (RaftStorage.java:format(84)) - Storage directory /workdir/hadoop-ozone/integration-test/target/test-dir/MiniOzoneClusterImpl-d07e3086-68e0-4340-b24d-43dfb7c1e85c/datanode-1/data/ratis/318d487e-66f4-44fb-a6dd-616068d7e973 has been successfully formatted.
2019-10-15 08:42:55,789 [pool-403-thread-1] INFO  storage.RaftStorage (RaftStorage.java:format(84)) - Storage directory /workdir/hadoop-ozone/integration-test/target/test-dir/MiniOzoneClusterImpl-d07e3086-68e0-4340-b24d-43dfb7c1e85c/datanode-2/data/ratis/318d487e-66f4-44fb-a6dd-616068d7e973 has been successfully formatted.
2019-10-15 08:42:55,790 [pool-393-thread-1] INFO  ratis.ContainerStateMachine (ContainerStateMachine.java:loadSnapshot(231)) - group-616068D7E973: The snapshot info is null. Setting the last applied indexto:(t:0, i:~)
2019-10-15 08:42:55,790 [pool-413-thread-1] INFO  ratis.ContainerStateMachine (ContainerStateMachine.java:loadSnapshot(231)) - group-616068D7E973: The snapshot info is null. Setting the last applied indexto:(t:0, i:~)
2019-10-15 08:42:55,790 [pool-393-thread-1] INFO  server.RaftServerConfigKeys (ConfUtils.java:logGet(43)) - raft.server.notification.no-leader.timeout = 120s (custom)
2019-10-15 08:42:55,790 [pool-403-thread-1] INFO  ratis.ContainerStateMachine (ContainerStateMachine.java:loadSnapshot(231)) - group-616068D7E973: The snapshot info is null. Setting the last applied indexto:(t:0, i:~)
2019-10-15 08:42:55,790 [pool-393-thread-1] INFO  server.RaftServerConfigKeys (ConfUtils.java:logGet(43)) - raft.server.log.use.memory = false (default)
2019-10-15 08:42:55,790 [pool-413-thread-1] INFO  server.RaftServerConfigKeys (ConfUtils.java:logGet(43)) - raft.server.notification.no-leader.timeout = 120s (custom)
2019-10-15 08:42:55,791 [pool-393-thread-1] INFO  server.RaftServerConfigKeys (ConfUtils.java:logGet(43)) - raft.server.log.purge.gap = 1000000 (custom)
2019-10-15 08:42:55,790 [pool-403-thread-1] INFO  server.RaftServerConfigKeys (ConfUtils.java:logGet(43)) - raft.server.notification.no-leader.timeout = 120s (custom)
2019-10-15 08:42:55,791 [pool-393-thread-1] INFO  server.RaftServerConfigKeys (ConfUtils.java:logGet(43)) - raft.server.log.appender.buffer.byte-limit = 33554432 (custom)
2019-10-15 08:42:55,791 [pool-413-thread-1] INFO  server.RaftServerConfigKeys (ConfUtils.java:logGet(43)) - raft.server.log.use.memory = false (default)
2019-10-15 08:42:55,791 [pool-393-thread-1] INFO  server.RaftServerConfigKeys (ConfUtils.java:logGet(43)) - raft.server.log.segment.size.max = 1048576 (custom)
2019-10-15 08:42:55,791 [pool-403-thread-1] INFO  server.RaftServerConfigKeys (ConfUtils.java:logGet(43)) - raft.server.log.use.memory = false (default)
2019-10-15 08:42:55,791 [pool-393-thread-1] INFO  server.RaftServerConfigKeys (ConfUtils.java:logGet(43)) - raft.server.log.segment.cache.num.max = 2 (custom)
2019-10-15 08:42:55,791 [pool-413-thread-1] INFO  server.RaftServerConfigKeys (ConfUtils.java:logGet(43)) - raft.server.log.purge.gap = 1000000 (custom)
2019-10-15 08:42:55,792 [pool-393-thread-1] INFO  segmented.SegmentedRaftLogWorker (SegmentedRaftLogWorker.java:<init>(173)) - new 6d748945-2cb3-4aae-9aee-4a048f933dd9@group-616068D7E973-SegmentedRaftLogWorker for RaftStorage:Storage Directory /workdir/hadoop-ozone/integration-test/target/test-dir/MiniOzoneClusterImpl-d07e3086-68e0-4340-b24d-43dfb7c1e85c/datanode-1/data/ratis/318d487e-66f4-44fb-a6dd-616068d7e973
2019-10-15 08:42:55,792 [pool-403-thread-1] INFO  server.RaftServerConfigKeys (ConfUtils.java:logGet(43)) - raft.server.log.purge.gap = 1000000 (custom)
2019-10-15 08:42:55,792 [pool-393-thread-1] INFO  server.RaftServerConfigKeys (ConfUtils.java:logGet(43)) - raft.server.log.queue.byte-limit = 2147483647 (custom)
2019-10-15 08:42:55,792 [pool-413-thread-1] INFO  server.RaftServerConfigKeys (ConfUtils.java:logGet(43)) - raft.server.log.appender.buffer.byte-limit = 33554432 (custom)
2019-10-15 08:42:55,792 [pool-393-thread-1] INFO  server.RaftServerConfigKeys (ConfUtils.java:logGet(43)) - raft.server.log.queue.element-limit = 1024 (custom)
2019-10-15 08:42:55,792 [pool-403-thread-1] INFO  server.RaftServerConfigKeys (ConfUtils.java:logGet(43)) - raft.server.log.appender.buffer.byte-limit = 33554432 (custom)
2019-10-15 08:42:55,793 [pool-393-thread-1] INFO  server.RaftServerConfigKeys (ConfUtils.java:logGet(43)) - raft.server.log.segment.size.max = 1048576 (custom)
2019-10-15 08:42:55,792 [pool-413-thread-1] INFO  server.RaftServerConfigKeys (ConfUtils.java:logGet(43)) - raft.server.log.segment.size.max = 1048576 (custom)
2019-10-15 08:42:55,793 [pool-393-thread-1] INFO  server.RaftServerConfigKeys (ConfUtils.java:logGet(43)) - raft.server.log.preallocated.size = 16384 (custom)
2019-10-15 08:42:55,793 [pool-403-thread-1] INFO  server.RaftServerConfigKeys (ConfUtils.java:logGet(43)) - raft.server.log.segment.size.max = 1048576 (custom)
2019-10-15 08:42:55,793 [pool-393-thread-1] INFO  server.RaftServerConfigKeys (ConfUtils.java:logGet(43)) - raft.server.log.write.buffer.size = 33554432 (custom)
2019-10-15 08:42:55,793 [pool-413-thread-1] INFO  server.RaftServerConfigKeys (ConfUtils.java:logGet(43)) - raft.server.log.segment.cache.num.max = 2 (custom)
2019-10-15 08:42:55,793 [pool-393-thread-1] INFO  server.RaftServerConfigKeys (ConfUtils.java:logGet(43)) - raft.server.log.force.sync.num = 128 (default)
2019-10-15 08:42:55,793 [pool-403-thread-1] INFO  server.RaftServerConfigKeys (ConfUtils.java:logGet(43)) - raft.server.log.segment.cache.num.max = 2 (custom)
2019-10-15 08:42:55,794 [pool-393-thread-1] INFO  server.RaftServerConfigKeys (ConfUtils.java:logGet(43)) - raft.server.log.statemachine.data.sync = true (default)
2019-10-15 08:42:55,793 [pool-413-thread-1] INFO  segmented.SegmentedRaftLogWorker (SegmentedRaftLogWorker.java:<init>(173)) - new 54862fcb-67c7-42a5-84bb-0e71c50d9a51@group-616068D7E973-SegmentedRaftLogWorker for RaftStorage:Storage Directory /workdir/hadoop-ozone/integration-test/target/test-dir/MiniOzoneClusterImpl-d07e3086-68e0-4340-b24d-43dfb7c1e85c/datanode-3/data/ratis/318d487e-66f4-44fb-a6dd-616068d7e973
2019-10-15 08:42:55,794 [pool-393-thread-1] INFO  server.RaftServerConfigKeys (ConfUtils.java:logGet(43)) - raft.server.log.statemachine.data.sync.timeout = 10s (default)
2019-10-15 08:42:55,794 [pool-403-thread-1] INFO  segmented.SegmentedRaftLogWorker (SegmentedRaftLogWorker.java:<init>(173)) - new a157920a-90c8-4f06-9961-45c06f377a82@group-616068D7E973-SegmentedRaftLogWorker for RaftStorage:Storage Directory /workdir/hadoop-ozone/integration-test/target/test-dir/MiniOzoneClusterImpl-d07e3086-68e0-4340-b24d-43dfb7c1e85c/datanode-2/data/ratis/318d487e-66f4-44fb-a6dd-616068d7e973
2019-10-15 08:42:55,794 [pool-393-thread-1] INFO  server.RaftServerConfigKeys (ConfUtils.java:logGet(43)) - raft.server.log.statemachine.data.sync.timeout.retry = -1 (default)
2019-10-15 08:42:55,794 [pool-413-thread-1] INFO  server.RaftServerConfigKeys (ConfUtils.java:logGet(43)) - raft.server.log.queue.byte-limit = 2147483647 (custom)
2019-10-15 08:42:55,795 [pool-393-thread-1] INFO  server.RaftServerConfigKeys (ConfUtils.java:logGet(43)) - raft.server.log.statemachine.data.caching.enabled = true (custom)
2019-10-15 08:42:55,794 [pool-403-thread-1] INFO  server.RaftServerConfigKeys (ConfUtils.java:logGet(43)) - raft.server.log.queue.byte-limit = 2147483647 (custom)
2019-10-15 08:42:55,795 [pool-413-thread-1] INFO  server.RaftServerConfigKeys (ConfUtils.java:logGet(43)) - raft.server.log.queue.element-limit = 1024 (custom)
2019-10-15 08:42:55,795 [pool-393-thread-1] INFO  segmented.SegmentedRaftLogWorker (SegmentedRaftLogWorker.java:lambda$new$0(128)) - 6d748945-2cb3-4aae-9aee-4a048f933dd9@group-616068D7E973-SegmentedRaftLogWorker: flushIndex: setUnconditionally 0 -> -1
2019-10-15 08:42:55,795 [pool-403-thread-1] INFO  server.RaftServerConfigKeys (ConfUtils.java:logGet(43)) - raft.server.log.queue.element-limit = 1024 (custom)
2019-10-15 08:42:55,795 [pool-413-thread-1] INFO  server.RaftServerConfigKeys (ConfUtils.java:logGet(43)) - raft.server.log.segment.size.max = 1048576 (custom)
2019-10-15 08:42:55,795 [pool-403-thread-1] INFO  server.RaftServerConfigKeys (ConfUtils.java:logGet(43)) - raft.server.log.segment.size.max = 1048576 (custom)
2019-10-15 08:42:55,795 [pool-393-thread-1] INFO  server.RaftServerConfigKeys (ConfUtils.java:logGet(43)) - raft.server.snapshot.auto.trigger.enabled = true (custom)
2019-10-15 08:42:55,796 [pool-403-thread-1] INFO  server.RaftServerConfigKeys (ConfUtils.java:logGet(43)) - raft.server.log.preallocated.size = 16384 (custom)
2019-10-15 08:42:55,795 [pool-413-thread-1] INFO  server.RaftServerConfigKeys (ConfUtils.java:logGet(43)) - raft.server.log.preallocated.size = 16384 (custom)
2019-10-15 08:42:55,796 [pool-403-thread-1] INFO  server.RaftServerConfigKeys (ConfUtils.java:logGet(43)) - raft.server.log.write.buffer.size = 33554432 (custom)
2019-10-15 08:42:55,796 [pool-393-thread-1] INFO  server.RaftServerConfigKeys (ConfUtils.java:logGet(43)) - raft.server.snapshot.auto.trigger.threshold = 10000 (custom)
2019-10-15 08:42:55,796 [pool-403-thread-1] INFO  server.RaftServerConfigKeys (ConfUtils.java:logGet(43)) - raft.server.log.force.sync.num = 128 (default)
2019-10-15 08:42:55,796 [pool-413-thread-1] INFO  server.RaftServerConfigKeys (ConfUtils.java:logGet(43)) - raft.server.log.write.buffer.size = 33554432 (custom)
2019-10-15 08:42:55,796 [pool-403-thread-1] INFO  server.RaftServerConfigKeys (ConfUtils.java:logGet(43)) - raft.server.log.statemachine.data.sync = true (default)
2019-10-15 08:42:55,796 [pool-393-thread-1] INFO  server.RaftServerConfigKeys (ConfUtils.java:logGet(43)) - raft.server.snapshot.retention.file.num = 5 (custom)
2019-10-15 08:42:55,797 [pool-403-thread-1] INFO  server.RaftServerConfigKeys (ConfUtils.java:logGet(43)) - raft.server.log.statemachine.data.sync.timeout = 10s (default)
2019-10-15 08:42:55,796 [pool-413-thread-1] INFO  server.RaftServerConfigKeys (ConfUtils.java:logGet(43)) - raft.server.log.force.sync.num = 128 (default)
2019-10-15 08:42:55,797 [pool-403-thread-1] INFO  server.RaftServerConfigKeys (ConfUtils.java:logGet(43)) - raft.server.log.statemachine.data.sync.timeout.retry = -1 (default)
2019-10-15 08:42:55,797 [pool-393-thread-1] INFO  server.RaftServerConfigKeys (ConfUtils.java:logGet(43)) - raft.server.retrycache.expirytime = 600000ms (custom)
2019-10-15 08:42:55,797 [pool-403-thread-1] INFO  server.RaftServerConfigKeys (ConfUtils.java:logGet(43)) - raft.server.log.statemachine.data.caching.enabled = true (custom)
2019-10-15 08:42:55,797 [pool-413-thread-1] INFO  server.RaftServerConfigKeys (ConfUtils.java:logGet(43)) - raft.server.log.statemachine.data.sync = true (default)
2019-10-15 08:42:55,798 [pool-403-thread-1] INFO  segmented.SegmentedRaftLogWorker (SegmentedRaftLogWorker.java:lambda$new$0(128)) - a157920a-90c8-4f06-9961-45c06f377a82@group-616068D7E973-SegmentedRaftLogWorker: flushIndex: setUnconditionally 0 -> -1
2019-10-15 08:42:55,798 [pool-413-thread-1] INFO  server.RaftServerConfigKeys (ConfUtils.java:logGet(43)) - raft.server.log.statemachine.data.sync.timeout = 10s (default)
2019-10-15 08:42:55,798 [pool-413-thread-1] INFO  server.RaftServerConfigKeys (ConfUtils.java:logGet(43)) - raft.server.log.statemachine.data.sync.timeout.retry = -1 (default)
2019-10-15 08:42:55,798 [pool-403-thread-1] INFO  server.RaftServerConfigKeys (ConfUtils.java:logGet(43)) - raft.server.snapshot.auto.trigger.enabled = true (custom)
2019-10-15 08:42:55,798 [pool-413-thread-1] INFO  server.RaftServerConfigKeys (ConfUtils.java:logGet(43)) - raft.server.log.statemachine.data.caching.enabled = true (custom)
2019-10-15 08:42:55,798 [pool-403-thread-1] INFO  server.RaftServerConfigKeys (ConfUtils.java:logGet(43)) - raft.server.snapshot.auto.trigger.threshold = 10000 (custom)
2019-10-15 08:42:55,799 [pool-413-thread-1] INFO  segmented.SegmentedRaftLogWorker (SegmentedRaftLogWorker.java:lambda$new$0(128)) - 54862fcb-67c7-42a5-84bb-0e71c50d9a51@group-616068D7E973-SegmentedRaftLogWorker: flushIndex: setUnconditionally 0 -> -1
2019-10-15 08:42:55,799 [pool-403-thread-1] INFO  server.RaftServerConfigKeys (ConfUtils.java:logGet(43)) - raft.server.snapshot.retention.file.num = 5 (custom)
2019-10-15 08:42:55,799 [pool-413-thread-1] INFO  server.RaftServerConfigKeys (ConfUtils.java:logGet(43)) - raft.server.snapshot.auto.trigger.enabled = true (custom)
2019-10-15 08:42:55,799 [pool-403-thread-1] INFO  server.RaftServerConfigKeys (ConfUtils.java:logGet(43)) - raft.server.retrycache.expirytime = 600000ms (custom)
2019-10-15 08:42:55,799 [pool-413-thread-1] INFO  server.RaftServerConfigKeys (ConfUtils.java:logGet(43)) - raft.server.snapshot.auto.trigger.threshold = 10000 (custom)
2019-10-15 08:42:55,799 [pool-413-thread-1] INFO  server.RaftServerConfigKeys (ConfUtils.java:logGet(43)) - raft.server.snapshot.retention.file.num = 5 (custom)
2019-10-15 08:42:55,799 [pool-393-thread-1] INFO  impl.RaftServerImpl (RaftServerImpl.java:start(181)) - 6d748945-2cb3-4aae-9aee-4a048f933dd9@group-616068D7E973: start as a follower, conf=-1: [54862fcb-67c7-42a5-84bb-0e71c50d9a51:192.168.164.209:41983, 6d748945-2cb3-4aae-9aee-4a048f933dd9:192.168.164.209:33292, a157920a-90c8-4f06-9961-45c06f377a82:192.168.164.209:45973], old=null
2019-10-15 08:42:55,800 [pool-413-thread-1] INFO  server.RaftServerConfigKeys (ConfUtils.java:logGet(43)) - raft.server.retrycache.expirytime = 600000ms (custom)
2019-10-15 08:42:55,800 [pool-393-thread-1] INFO  impl.RaftServerImpl (RaftServerImpl.java:setRole(170)) - 6d748945-2cb3-4aae-9aee-4a048f933dd9@group-616068D7E973: changes role from      null to FOLLOWER at term 0 for startAsFollower
2019-10-15 08:42:55,800 [pool-393-thread-1] INFO  impl.RoleInfo (RoleInfo.java:updateAndGet(143)) - 6d748945-2cb3-4aae-9aee-4a048f933dd9: start FollowerState
2019-10-15 08:42:55,824 [pool-393-thread-1] INFO  util.JmxRegister (JmxRegister.java:tryRegister(44)) - Successfully registered JMX Bean with object name Ratis:service=RaftServer,group=group-616068D7E973,id=6d748945-2cb3-4aae-9aee-4a048f933dd9
2019-10-15 08:42:55,827 [pool-403-thread-1] INFO  impl.RaftServerImpl (RaftServerImpl.java:start(181)) - a157920a-90c8-4f06-9961-45c06f377a82@group-616068D7E973: start as a follower, conf=-1: [54862fcb-67c7-42a5-84bb-0e71c50d9a51:192.168.164.209:41983, 6d748945-2cb3-4aae-9aee-4a048f933dd9:192.168.164.209:33292, a157920a-90c8-4f06-9961-45c06f377a82:192.168.164.209:45973], old=null
2019-10-15 08:42:55,827 [pool-403-thread-1] INFO  impl.RaftServerImpl (RaftServerImpl.java:setRole(170)) - a157920a-90c8-4f06-9961-45c06f377a82@group-616068D7E973: changes role from      null to FOLLOWER at term 0 for startAsFollower
2019-10-15 08:42:55,828 [pool-403-thread-1] INFO  impl.RoleInfo (RoleInfo.java:updateAndGet(143)) - a157920a-90c8-4f06-9961-45c06f377a82: start FollowerState
2019-10-15 08:42:55,828 [pool-403-thread-1] INFO  util.JmxRegister (JmxRegister.java:tryRegister(44)) - Successfully registered JMX Bean with object name Ratis:service=RaftServer,group=group-616068D7E973,id=a157920a-90c8-4f06-9961-45c06f377a82
2019-10-15 08:42:55,829 [pool-413-thread-1] INFO  impl.RaftServerImpl (RaftServerImpl.java:start(181)) - 54862fcb-67c7-42a5-84bb-0e71c50d9a51@group-616068D7E973: start as a follower, conf=-1: [54862fcb-67c7-42a5-84bb-0e71c50d9a51:192.168.164.209:41983, 6d748945-2cb3-4aae-9aee-4a048f933dd9:192.168.164.209:33292, a157920a-90c8-4f06-9961-45c06f377a82:192.168.164.209:45973], old=null
2019-10-15 08:42:55,829 [pool-413-thread-1] INFO  impl.RaftServerImpl (RaftServerImpl.java:setRole(170)) - 54862fcb-67c7-42a5-84bb-0e71c50d9a51@group-616068D7E973: changes role from      null to FOLLOWER at term 0 for startAsFollower
2019-10-15 08:42:55,840 [pool-413-thread-1] INFO  impl.RoleInfo (RoleInfo.java:updateAndGet(143)) - 54862fcb-67c7-42a5-84bb-0e71c50d9a51: start FollowerState
2019-10-15 08:42:55,840 [pool-413-thread-1] INFO  util.JmxRegister (JmxRegister.java:tryRegister(44)) - Successfully registered JMX Bean with object name Ratis:service=RaftServer,group=group-616068D7E973,id=54862fcb-67c7-42a5-84bb-0e71c50d9a51
2019-10-15 08:42:55,845 [RatisPipelineUtilsThread] INFO  pipeline.PipelineStateManager (PipelineStateManager.java:addPipeline(56)) - Created pipeline Pipeline[ Id: 318d487e-66f4-44fb-a6dd-616068d7e973, Nodes: 6d748945-2cb3-4aae-9aee-4a048f933dd9{ip: 192.168.164.209, host: pr-hdds-1569-hdnwc-3336613964, networkLocation: /default-rack, certSerialId: null}a157920a-90c8-4f06-9961-45c06f377a82{ip: 192.168.164.209, host: pr-hdds-1569-hdnwc-3336613964, networkLocation: /default-rack, certSerialId: null}54862fcb-67c7-42a5-84bb-0e71c50d9a51{ip: 192.168.164.209, host: pr-hdds-1569-hdnwc-3336613964, networkLocation: /default-rack, certSerialId: null}, Type:RATIS, Factor:THREE, State:OPEN]
2019-10-15 08:42:55,845 [RatisPipelineUtilsThread] INFO  pipeline.PipelinePlacementPolicy (PipelinePlacementPolicy.java:meetCriteria(104)) - Pipeline Placement: can't place more pipeline on heavy datanode： 77143d31-7a05-49d3-8166-c63e8419bc63 Heaviness: 5 limit: 5
2019-10-15 08:42:55,845 [RatisPipelineUtilsThread] INFO  pipeline.PipelinePlacementPolicy (PipelinePlacementPolicy.java:meetCriteria(104)) - Pipeline Placement: can't place more pipeline on heavy datanode： f6d552c9-f983-4597-b4d0-1b438ea21ad8 Heaviness: 5 limit: 5
2019-10-15 08:42:55,846 [RatisPipelineUtilsThread] INFO  pipeline.PipelinePlacementPolicy (PipelinePlacementPolicy.java:meetCriteria(104)) - Pipeline Placement: can't place more pipeline on heavy datanode： 4c00b829-f7eb-437b-9af3-99601f151fac Heaviness: 5 limit: 5
2019-10-15 08:42:55,855 [grpc-default-executor-7] INFO  impl.RaftServerProxy (RaftServerProxy.java:addNew(89)) - a157920a-90c8-4f06-9961-45c06f377a82: addNew group-9F44ED21C98E:[54862fcb-67c7-42a5-84bb-0e71c50d9a51:192.168.164.209:41983, 6d748945-2cb3-4aae-9aee-4a048f933dd9:192.168.164.209:33292, a157920a-90c8-4f06-9961-45c06f377a82:192.168.164.209:45973] returns group-9F44ED21C98E:java.util.concurrent.CompletableFuture@3ca8754c[Not completed]
2019-10-15 08:42:55,855 [grpc-default-executor-2] INFO  impl.RaftServerProxy (RaftServerProxy.java:addNew(89)) - 6d748945-2cb3-4aae-9aee-4a048f933dd9: addNew group-9F44ED21C98E:[54862fcb-67c7-42a5-84bb-0e71c50d9a51:192.168.164.209:41983, 6d748945-2cb3-4aae-9aee-4a048f933dd9:192.168.164.209:33292, a157920a-90c8-4f06-9961-45c06f377a82:192.168.164.209:45973] returns group-9F44ED21C98E:java.util.concurrent.CompletableFuture@4ffd5924[Not completed]
2019-10-15 08:42:55,855 [grpc-default-executor-1] INFO  impl.RaftServerProxy (RaftServerProxy.java:addNew(89)) - 54862fcb-67c7-42a5-84bb-0e71c50d9a51: addNew group-9F44ED21C98E:[54862fcb-67c7-42a5-84bb-0e71c50d9a51:192.168.164.209:41983, 6d748945-2cb3-4aae-9aee-4a048f933dd9:192.168.164.209:33292, a157920a-90c8-4f06-9961-45c06f377a82:192.168.164.209:45973] returns group-9F44ED21C98E:java.util.concurrent.CompletableFuture@6c062a1e[Not completed]
2019-10-15 08:42:55,856 [pool-413-thread-1] INFO  impl.RaftServerImpl (RaftServerImpl.java:<init>(95)) - 54862fcb-67c7-42a5-84bb-0e71c50d9a51: new RaftServerImpl for group-9F44ED21C98E:[54862fcb-67c7-42a5-84bb-0e71c50d9a51:192.168.164.209:41983, 6d748945-2cb3-4aae-9aee-4a048f933dd9:192.168.164.209:33292, a157920a-90c8-4f06-9961-45c06f377a82:192.168.164.209:45973] with ContainerStateMachine:uninitialized
2019-10-15 08:42:55,856 [pool-413-thread-1] INFO  server.RaftServerConfigKeys (ConfUtils.java:logGet(43)) - raft.server.rpc.timeout.min = 5s (custom)
2019-10-15 08:42:55,856 [pool-413-thread-1] INFO  server.RaftServerConfigKeys (ConfUtils.java:logGet(43)) - raft.server.rpc.timeout.max = 5200ms (custom)
2019-10-15 08:42:55,856 [pool-413-thread-1] INFO  server.RaftServerConfigKeys (ConfUtils.java:logGet(43)) - raft.server.rpcslowness.timeout = 120s (custom)
2019-10-15 08:42:55,856 [pool-393-thread-1] INFO  impl.RaftServerImpl (RaftServerImpl.java:<init>(95)) - 6d748945-2cb3-4aae-9aee-4a048f933dd9: new RaftServerImpl for group-9F44ED21C98E:[54862fcb-67c7-42a5-84bb-0e71c50d9a51:192.168.164.209:41983, 6d748945-2cb3-4aae-9aee-4a048f933dd9:192.168.164.209:33292, a157920a-90c8-4f06-9961-45c06f377a82:192.168.164.209:45973] with ContainerStateMachine:uninitialized
2019-10-15 08:42:55,857 [pool-413-thread-1] INFO  server.RaftServerConfigKeys (ConfUtils.java:logGet(43)) - raft.server.sleep.deviation.threshold = 300 (default)
2019-10-15 08:42:55,857 [pool-393-thread-1] INFO  server.RaftServerConfigKeys (ConfUtils.java:logGet(43)) - raft.server.rpc.timeout.min = 5s (custom)
2019-10-15 08:42:55,857 [pool-413-thread-1] INFO  server.RaftServerConfigKeys (ConfUtils.java:logGet(43)) - raft.server.log.appender.install.snapshot.enabled = false (custom)
2019-10-15 08:42:55,857 [pool-393-thread-1] INFO  server.RaftServerConfigKeys (ConfUtils.java:logGet(43)) - raft.server.rpc.timeout.max = 5200ms (custom)
2019-10-15 08:42:55,857 [pool-413-thread-1] INFO  impl.RaftServerImpl (ServerState.java:<init>(103)) - 54862fcb-67c7-42a5-84bb-0e71c50d9a51@group-9F44ED21C98E: ConfigurationManager, init=-1: [54862fcb-67c7-42a5-84bb-0e71c50d9a51:192.168.164.209:41983, 6d748945-2cb3-4aae-9aee-4a048f933dd9:192.168.164.209:33292, a157920a-90c8-4f06-9961-45c06f377a82:192.168.164.209:45973], old=null, confs=<EMPTY_MAP>
2019-10-15 08:42:55,857 [pool-403-thread-1] INFO  impl.RaftServerImpl (RaftServerImpl.java:<init>(95)) - a157920a-90c8-4f06-9961-45c06f377a82: new RaftServerImpl for group-9F44ED21C98E:[54862fcb-67c7-42a5-84bb-0e71c50d9a51:192.168.164.209:41983, 6d748945-2cb3-4aae-9aee-4a048f933dd9:192.168.164.209:33292, a157920a-90c8-4f06-9961-45c06f377a82:192.168.164.209:45973] with ContainerStateMachine:uninitialized
2019-10-15 08:42:55,857 [pool-413-thread-1] INFO  server.RaftServerConfigKeys (ConfUtils.java:logGet(43)) - raft.server.storage.dir = [/workdir/hadoop-ozone/integration-test/target/test-dir/MiniOzoneClusterImpl-d07e3086-68e0-4340-b24d-43dfb7c1e85c/datanode-3/data/ratis] (custom)
2019-10-15 08:42:55,857 [pool-393-thread-1] INFO  server.RaftServerConfigKeys (ConfUtils.java:logGet(43)) - raft.server.rpcslowness.timeout = 120s (custom)
2019-10-15 08:42:55,857 [pool-403-thread-1] INFO  server.RaftServerConfigKeys (ConfUtils.java:logGet(43)) - raft.server.rpc.timeout.min = 5s (custom)
2019-10-15 08:42:55,858 [pool-413-thread-1] INFO  server.RaftServerConfigKeys (ConfUtils.java:logGet(43)) - raft.server.log.corruption.policy = EXCEPTION (default)
2019-10-15 08:42:55,858 [pool-393-thread-1] INFO  server.RaftServerConfigKeys (ConfUtils.java:logGet(43)) - raft.server.sleep.deviation.threshold = 300 (default)
2019-10-15 08:42:55,858 [pool-413-thread-1] INFO  storage.RaftStorageDirectory (RaftStorageDirectory.java:analyzeStorage(246)) - The storage directory /workdir/hadoop-ozone/integration-test/target/test-dir/MiniOzoneClusterImpl-d07e3086-68e0-4340-b24d-43dfb7c1e85c/datanode-3/data/ratis/00df409e-d2bf-40fd-80bf-9f44ed21c98e does not exist. Creating ...
2019-10-15 08:42:55,858 [pool-403-thread-1] INFO  server.RaftServerConfigKeys (ConfUtils.java:logGet(43)) - raft.server.rpc.timeout.max = 5200ms (custom)
2019-10-15 08:42:55,858 [pool-393-thread-1] INFO  server.RaftServerConfigKeys (ConfUtils.java:logGet(43)) - raft.server.log.appender.install.snapshot.enabled = false (custom)
2019-10-15 08:42:55,858 [pool-403-thread-1] INFO  server.RaftServerConfigKeys (ConfUtils.java:logGet(43)) - raft.server.rpcslowness.timeout = 120s (custom)
2019-10-15 08:42:55,858 [pool-393-thread-1] INFO  impl.RaftServerImpl (ServerState.java:<init>(103)) - 6d748945-2cb3-4aae-9aee-4a048f933dd9@group-9F44ED21C98E: ConfigurationManager, init=-1: [54862fcb-67c7-42a5-84bb-0e71c50d9a51:192.168.164.209:41983, 6d748945-2cb3-4aae-9aee-4a048f933dd9:192.168.164.209:33292, a157920a-90c8-4f06-9961-45c06f377a82:192.168.164.209:45973], old=null, confs=<EMPTY_MAP>
2019-10-15 08:42:55,858 [pool-403-thread-1] INFO  server.RaftServerConfigKeys (ConfUtils.java:logGet(43)) - raft.server.sleep.deviation.threshold = 300 (default)
2019-10-15 08:42:55,858 [pool-393-thread-1] INFO  server.RaftServerConfigKeys (ConfUtils.java:logGet(43)) - raft.server.storage.dir = [/workdir/hadoop-ozone/integration-test/target/test-dir/MiniOzoneClusterImpl-d07e3086-68e0-4340-b24d-43dfb7c1e85c/datanode-1/data/ratis] (custom)
2019-10-15 08:42:55,858 [pool-403-thread-1] INFO  server.RaftServerConfigKeys (ConfUtils.java:logGet(43)) - raft.server.log.appender.install.snapshot.enabled = false (custom)
2019-10-15 08:42:55,859 [pool-403-thread-1] INFO  impl.RaftServerImpl (ServerState.java:<init>(103)) - a157920a-90c8-4f06-9961-45c06f377a82@group-9F44ED21C98E: ConfigurationManager, init=-1: [54862fcb-67c7-42a5-84bb-0e71c50d9a51:192.168.164.209:41983, 6d748945-2cb3-4aae-9aee-4a048f933dd9:192.168.164.209:33292, a157920a-90c8-4f06-9961-45c06f377a82:192.168.164.209:45973], old=null, confs=<EMPTY_MAP>
2019-10-15 08:42:55,859 [pool-393-thread-1] INFO  server.RaftServerConfigKeys (ConfUtils.java:logGet(43)) - raft.server.log.corruption.policy = EXCEPTION (default)
2019-10-15 08:42:55,859 [pool-403-thread-1] INFO  server.RaftServerConfigKeys (ConfUtils.java:logGet(43)) - raft.server.storage.dir = [/workdir/hadoop-ozone/integration-test/target/test-dir/MiniOzoneClusterImpl-d07e3086-68e0-4340-b24d-43dfb7c1e85c/datanode-2/data/ratis] (custom)
2019-10-15 08:42:55,859 [pool-393-thread-1] INFO  storage.RaftStorageDirectory (RaftStorageDirectory.java:analyzeStorage(246)) - The storage directory /workdir/hadoop-ozone/integration-test/target/test-dir/MiniOzoneClusterImpl-d07e3086-68e0-4340-b24d-43dfb7c1e85c/datanode-1/data/ratis/00df409e-d2bf-40fd-80bf-9f44ed21c98e does not exist. Creating ...
2019-10-15 08:42:55,859 [pool-403-thread-1] INFO  server.RaftServerConfigKeys (ConfUtils.java:logGet(43)) - raft.server.log.corruption.policy = EXCEPTION (default)
2019-10-15 08:42:55,859 [pool-403-thread-1] INFO  storage.RaftStorageDirectory (RaftStorageDirectory.java:analyzeStorage(246)) - The storage directory /workdir/hadoop-ozone/integration-test/target/test-dir/MiniOzoneClusterImpl-d07e3086-68e0-4340-b24d-43dfb7c1e85c/datanode-2/data/ratis/00df409e-d2bf-40fd-80bf-9f44ed21c98e does not exist. Creating ...
2019-10-15 08:42:55,882 [pool-393-thread-1] INFO  storage.RaftStorageDirectory (RaftStorageDirectory.java:tryLock(328)) - Lock on /workdir/hadoop-ozone/integration-test/target/test-dir/MiniOzoneClusterImpl-d07e3086-68e0-4340-b24d-43dfb7c1e85c/datanode-1/data/ratis/00df409e-d2bf-40fd-80bf-9f44ed21c98e/in_use.lock acquired by nodename 17889@pr-hdds-1569-hdnwc-3336613964
2019-10-15 08:42:55,882 [pool-413-thread-1] INFO  storage.RaftStorageDirectory (RaftStorageDirectory.java:tryLock(328)) - Lock on /workdir/hadoop-ozone/integration-test/target/test-dir/MiniOzoneClusterImpl-d07e3086-68e0-4340-b24d-43dfb7c1e85c/datanode-3/data/ratis/00df409e-d2bf-40fd-80bf-9f44ed21c98e/in_use.lock acquired by nodename 17889@pr-hdds-1569-hdnwc-3336613964
2019-10-15 08:42:55,882 [pool-403-thread-1] INFO  storage.RaftStorageDirectory (RaftStorageDirectory.java:tryLock(328)) - Lock on /workdir/hadoop-ozone/integration-test/target/test-dir/MiniOzoneClusterImpl-d07e3086-68e0-4340-b24d-43dfb7c1e85c/datanode-2/data/ratis/00df409e-d2bf-40fd-80bf-9f44ed21c98e/in_use.lock acquired by nodename 17889@pr-hdds-1569-hdnwc-3336613964
2019-10-15 08:42:55,907 [pool-393-thread-1] INFO  storage.RaftStorage (RaftStorage.java:format(84)) - Storage directory /workdir/hadoop-ozone/integration-test/target/test-dir/MiniOzoneClusterImpl-d07e3086-68e0-4340-b24d-43dfb7c1e85c/datanode-1/data/ratis/00df409e-d2bf-40fd-80bf-9f44ed21c98e has been successfully formatted.
2019-10-15 08:42:55,907 [pool-413-thread-1] INFO  storage.RaftStorage (RaftStorage.java:format(84)) - Storage directory /workdir/hadoop-ozone/integration-test/target/test-dir/MiniOzoneClusterImpl-d07e3086-68e0-4340-b24d-43dfb7c1e85c/datanode-3/data/ratis/00df409e-d2bf-40fd-80bf-9f44ed21c98e has been successfully formatted.
2019-10-15 08:42:55,907 [pool-403-thread-1] INFO  storage.RaftStorage (RaftStorage.java:format(84)) - Storage directory /workdir/hadoop-ozone/integration-test/target/test-dir/MiniOzoneClusterImpl-d07e3086-68e0-4340-b24d-43dfb7c1e85c/datanode-2/data/ratis/00df409e-d2bf-40fd-80bf-9f44ed21c98e has been successfully formatted.
2019-10-15 08:42:55,908 [pool-413-thread-1] INFO  ratis.ContainerStateMachine (ContainerStateMachine.java:loadSnapshot(231)) - group-9F44ED21C98E: The snapshot info is null. Setting the last applied indexto:(t:0, i:~)
2019-10-15 08:42:55,908 [pool-393-thread-1] INFO  ratis.ContainerStateMachine (ContainerStateMachine.java:loadSnapshot(231)) - group-9F44ED21C98E: The snapshot info is null. Setting the last applied indexto:(t:0, i:~)
2019-10-15 08:42:55,908 [pool-413-thread-1] INFO  server.RaftServerConfigKeys (ConfUtils.java:logGet(43)) - raft.server.notification.no-leader.timeout = 120s (custom)
2019-10-15 08:42:55,908 [pool-403-thread-1] INFO  ratis.ContainerStateMachine (ContainerStateMachine.java:loadSnapshot(231)) - group-9F44ED21C98E: The snapshot info is null. Setting the last applied indexto:(t:0, i:~)
2019-10-15 08:42:55,908 [pool-413-thread-1] INFO  server.RaftServerConfigKeys (ConfUtils.java:logGet(43)) - raft.server.log.use.memory = false (default)
2019-10-15 08:42:55,908 [pool-393-thread-1] INFO  server.RaftServerConfigKeys (ConfUtils.java:logGet(43)) - raft.server.notification.no-leader.timeout = 120s (custom)
2019-10-15 08:42:55,909 [pool-413-thread-1] INFO  server.RaftServerConfigKeys (ConfUtils.java:logGet(43)) - raft.server.log.purge.gap = 1000000 (custom)
2019-10-15 08:42:55,908 [pool-403-thread-1] INFO  server.RaftServerConfigKeys (ConfUtils.java:logGet(43)) - raft.server.notification.no-leader.timeout = 120s (custom)
2019-10-15 08:42:55,909 [pool-413-thread-1] INFO  server.RaftServerConfigKeys (ConfUtils.java:logGet(43)) - raft.server.log.appender.buffer.byte-limit = 33554432 (custom)
2019-10-15 08:42:55,909 [pool-393-thread-1] INFO  server.RaftServerConfigKeys (ConfUtils.java:logGet(43)) - raft.server.log.use.memory = false (default)
2019-10-15 08:42:55,909 [pool-413-thread-1] INFO  server.RaftServerConfigKeys (ConfUtils.java:logGet(43)) - raft.server.log.segment.size.max = 1048576 (custom)
2019-10-15 08:42:55,909 [pool-403-thread-1] INFO  server.RaftServerConfigKeys (ConfUtils.java:logGet(43)) - raft.server.log.use.memory = false (default)
2019-10-15 08:42:55,910 [pool-413-thread-1] INFO  server.RaftServerConfigKeys (ConfUtils.java:logGet(43)) - raft.server.log.segment.cache.num.max = 2 (custom)
2019-10-15 08:42:55,909 [pool-393-thread-1] INFO  server.RaftServerConfigKeys (ConfUtils.java:logGet(43)) - raft.server.log.purge.gap = 1000000 (custom)
2019-10-15 08:42:55,910 [pool-413-thread-1] INFO  segmented.SegmentedRaftLogWorker (SegmentedRaftLogWorker.java:<init>(173)) - new 54862fcb-67c7-42a5-84bb-0e71c50d9a51@group-9F44ED21C98E-SegmentedRaftLogWorker for RaftStorage:Storage Directory /workdir/hadoop-ozone/integration-test/target/test-dir/MiniOzoneClusterImpl-d07e3086-68e0-4340-b24d-43dfb7c1e85c/datanode-3/data/ratis/00df409e-d2bf-40fd-80bf-9f44ed21c98e
2019-10-15 08:42:55,910 [pool-403-thread-1] INFO  server.RaftServerConfigKeys (ConfUtils.java:logGet(43)) - raft.server.log.purge.gap = 1000000 (custom)
2019-10-15 08:42:55,910 [pool-413-thread-1] INFO  server.RaftServerConfigKeys (ConfUtils.java:logGet(43)) - raft.server.log.queue.byte-limit = 2147483647 (custom)
2019-10-15 08:42:55,910 [pool-393-thread-1] INFO  server.RaftServerConfigKeys (ConfUtils.java:logGet(43)) - raft.server.log.appender.buffer.byte-limit = 33554432 (custom)
2019-10-15 08:42:55,910 [pool-413-thread-1] INFO  server.RaftServerConfigKeys (ConfUtils.java:logGet(43)) - raft.server.log.queue.element-limit = 1024 (custom)
2019-10-15 08:42:55,910 [pool-403-thread-1] INFO  server.RaftServerConfigKeys (ConfUtils.java:logGet(43)) - raft.server.log.appender.buffer.byte-limit = 33554432 (custom)
2019-10-15 08:42:55,911 [pool-413-thread-1] INFO  server.RaftServerConfigKeys (ConfUtils.java:logGet(43)) - raft.server.log.segment.size.max = 1048576 (custom)
2019-10-15 08:42:55,911 [pool-413-thread-1] INFO  server.RaftServerConfigKeys (ConfUtils.java:logGet(43)) - raft.server.log.preallocated.size = 16384 (custom)
2019-10-15 08:42:55,911 [pool-393-thread-1] INFO  server.RaftServerConfigKeys (ConfUtils.java:logGet(43)) - raft.server.log.segment.size.max = 1048576 (custom)
2019-10-15 08:42:55,911 [pool-413-thread-1] INFO  server.RaftServerConfigKeys (ConfUtils.java:logGet(43)) - raft.server.log.write.buffer.size = 33554432 (custom)
2019-10-15 08:42:55,912 [pool-413-thread-1] INFO  server.RaftServerConfigKeys (ConfUtils.java:logGet(43)) - raft.server.log.force.sync.num = 128 (default)
2019-10-15 08:42:55,911 [pool-403-thread-1] INFO  server.RaftServerConfigKeys (ConfUtils.java:logGet(43)) - raft.server.log.segment.size.max = 1048576 (custom)
2019-10-15 08:42:55,912 [pool-413-thread-1] INFO  server.RaftServerConfigKeys (ConfUtils.java:logGet(43)) - raft.server.log.statemachine.data.sync = true (default)
2019-10-15 08:42:55,911 [pool-393-thread-1] INFO  server.RaftServerConfigKeys (ConfUtils.java:logGet(43)) - raft.server.log.segment.cache.num.max = 2 (custom)
2019-10-15 08:42:55,912 [pool-413-thread-1] INFO  server.RaftServerConfigKeys (ConfUtils.java:logGet(43)) - raft.server.log.statemachine.data.sync.timeout = 10s (default)
2019-10-15 08:42:55,912 [pool-403-thread-1] INFO  server.RaftServerConfigKeys (ConfUtils.java:logGet(43)) - raft.server.log.segment.cache.num.max = 2 (custom)
2019-10-15 08:42:55,912 [pool-413-thread-1] INFO  server.RaftServerConfigKeys (ConfUtils.java:logGet(43)) - raft.server.log.statemachine.data.sync.timeout.retry = -1 (default)
2019-10-15 08:42:55,912 [pool-393-thread-1] INFO  segmented.SegmentedRaftLogWorker (SegmentedRaftLogWorker.java:<init>(173)) - new 6d748945-2cb3-4aae-9aee-4a048f933dd9@group-9F44ED21C98E-SegmentedRaftLogWorker for RaftStorage:Storage Directory /workdir/hadoop-ozone/integration-test/target/test-dir/MiniOzoneClusterImpl-d07e3086-68e0-4340-b24d-43dfb7c1e85c/datanode-1/data/ratis/00df409e-d2bf-40fd-80bf-9f44ed21c98e
2019-10-15 08:42:55,913 [pool-403-thread-1] INFO  segmented.SegmentedRaftLogWorker (SegmentedRaftLogWorker.java:<init>(173)) - new a157920a-90c8-4f06-9961-45c06f377a82@group-9F44ED21C98E-SegmentedRaftLogWorker for RaftStorage:Storage Directory /workdir/hadoop-ozone/integration-test/target/test-dir/MiniOzoneClusterImpl-d07e3086-68e0-4340-b24d-43dfb7c1e85c/datanode-2/data/ratis/00df409e-d2bf-40fd-80bf-9f44ed21c98e
2019-10-15 08:42:55,913 [pool-413-thread-1] INFO  server.RaftServerConfigKeys (ConfUtils.java:logGet(43)) - raft.server.log.statemachine.data.caching.enabled = true (custom)
2019-10-15 08:42:55,913 [pool-393-thread-1] INFO  server.RaftServerConfigKeys (ConfUtils.java:logGet(43)) - raft.server.log.queue.byte-limit = 2147483647 (custom)
2019-10-15 08:42:55,913 [pool-403-thread-1] INFO  server.RaftServerConfigKeys (ConfUtils.java:logGet(43)) - raft.server.log.queue.byte-limit = 2147483647 (custom)
2019-10-15 08:42:55,913 [pool-413-thread-1] INFO  segmented.SegmentedRaftLogWorker (SegmentedRaftLogWorker.java:lambda$new$0(128)) - 54862fcb-67c7-42a5-84bb-0e71c50d9a51@group-9F44ED21C98E-SegmentedRaftLogWorker: flushIndex: setUnconditionally 0 -> -1
2019-10-15 08:42:55,913 [pool-393-thread-1] INFO  server.RaftServerConfigKeys (ConfUtils.java:logGet(43)) - raft.server.log.queue.element-limit = 1024 (custom)
2019-10-15 08:42:55,913 [pool-403-thread-1] INFO  server.RaftServerConfigKeys (ConfUtils.java:logGet(43)) - raft.server.log.queue.element-limit = 1024 (custom)
2019-10-15 08:42:55,914 [pool-413-thread-1] INFO  server.RaftServerConfigKeys (ConfUtils.java:logGet(43)) - raft.server.snapshot.auto.trigger.enabled = true (custom)
2019-10-15 08:42:55,914 [pool-393-thread-1] INFO  server.RaftServerConfigKeys (ConfUtils.java:logGet(43)) - raft.server.log.segment.size.max = 1048576 (custom)
2019-10-15 08:42:55,914 [pool-413-thread-1] INFO  server.RaftServerConfigKeys (ConfUtils.java:logGet(43)) - raft.server.snapshot.auto.trigger.threshold = 10000 (custom)
2019-10-15 08:42:55,914 [pool-403-thread-1] INFO  server.RaftServerConfigKeys (ConfUtils.java:logGet(43)) - raft.server.log.segment.size.max = 1048576 (custom)
2019-10-15 08:42:55,914 [pool-413-thread-1] INFO  server.RaftServerConfigKeys (ConfUtils.java:logGet(43)) - raft.server.snapshot.retention.file.num = 5 (custom)
2019-10-15 08:42:55,914 [pool-393-thread-1] INFO  server.RaftServerConfigKeys (ConfUtils.java:logGet(43)) - raft.server.log.preallocated.size = 16384 (custom)
2019-10-15 08:42:55,915 [pool-413-thread-1] INFO  server.RaftServerConfigKeys (ConfUtils.java:logGet(43)) - raft.server.retrycache.expirytime = 600000ms (custom)
2019-10-15 08:42:55,914 [pool-403-thread-1] INFO  server.RaftServerConfigKeys (ConfUtils.java:logGet(43)) - raft.server.log.preallocated.size = 16384 (custom)
2019-10-15 08:42:55,915 [pool-393-thread-1] INFO  server.RaftServerConfigKeys (ConfUtils.java:logGet(43)) - raft.server.log.write.buffer.size = 33554432 (custom)
2019-10-15 08:42:55,915 [pool-403-thread-1] INFO  server.RaftServerConfigKeys (ConfUtils.java:logGet(43)) - raft.server.log.write.buffer.size = 33554432 (custom)
2019-10-15 08:42:55,915 [pool-393-thread-1] INFO  server.RaftServerConfigKeys (ConfUtils.java:logGet(43)) - raft.server.log.force.sync.num = 128 (default)
2019-10-15 08:42:55,915 [pool-403-thread-1] INFO  server.RaftServerConfigKeys (ConfUtils.java:logGet(43)) - raft.server.log.force.sync.num = 128 (default)
2019-10-15 08:42:55,916 [pool-393-thread-1] INFO  server.RaftServerConfigKeys (ConfUtils.java:logGet(43)) - raft.server.log.statemachine.data.sync = true (default)
2019-10-15 08:42:55,916 [pool-403-thread-1] INFO  server.RaftServerConfigKeys (ConfUtils.java:logGet(43)) - raft.server.log.statemachine.data.sync = true (default)
2019-10-15 08:42:55,916 [pool-393-thread-1] INFO  server.RaftServerConfigKeys (ConfUtils.java:logGet(43)) - raft.server.log.statemachine.data.sync.timeout = 10s (default)
2019-10-15 08:42:55,916 [pool-403-thread-1] INFO  server.RaftServerConfigKeys (ConfUtils.java:logGet(43)) - raft.server.log.statemachine.data.sync.timeout = 10s (default)
2019-10-15 08:42:55,916 [pool-393-thread-1] INFO  server.RaftServerConfigKeys (ConfUtils.java:logGet(43)) - raft.server.log.statemachine.data.sync.timeout.retry = -1 (default)
2019-10-15 08:42:55,916 [pool-403-thread-1] INFO  server.RaftServerConfigKeys (ConfUtils.java:logGet(43)) - raft.server.log.statemachine.data.sync.timeout.retry = -1 (default)
2019-10-15 08:42:55,917 [pool-393-thread-1] INFO  server.RaftServerConfigKeys (ConfUtils.java:logGet(43)) - raft.server.log.statemachine.data.caching.enabled = true (custom)
2019-10-15 08:42:55,917 [pool-403-thread-1] INFO  server.RaftServerConfigKeys (ConfUtils.java:logGet(43)) - raft.server.log.statemachine.data.caching.enabled = true (custom)
2019-10-15 08:42:55,917 [pool-393-thread-1] INFO  segmented.SegmentedRaftLogWorker (SegmentedRaftLogWorker.java:lambda$new$0(128)) - 6d748945-2cb3-4aae-9aee-4a048f933dd9@group-9F44ED21C98E-SegmentedRaftLogWorker: flushIndex: setUnconditionally 0 -> -1
2019-10-15 08:42:55,917 [pool-403-thread-1] INFO  segmented.SegmentedRaftLogWorker (SegmentedRaftLogWorker.java:lambda$new$0(128)) - a157920a-90c8-4f06-9961-45c06f377a82@group-9F44ED21C98E-SegmentedRaftLogWorker: flushIndex: setUnconditionally 0 -> -1
2019-10-15 08:42:55,917 [pool-413-thread-1] INFO  impl.RaftServerImpl (RaftServerImpl.java:start(181)) - 54862fcb-67c7-42a5-84bb-0e71c50d9a51@group-9F44ED21C98E: start as a follower, conf=-1: [54862fcb-67c7-42a5-84bb-0e71c50d9a51:192.168.164.209:41983, 6d748945-2cb3-4aae-9aee-4a048f933dd9:192.168.164.209:33292, a157920a-90c8-4f06-9961-45c06f377a82:192.168.164.209:45973], old=null
2019-10-15 08:42:55,917 [pool-393-thread-1] INFO  server.RaftServerConfigKeys (ConfUtils.java:logGet(43)) - raft.server.snapshot.auto.trigger.enabled = true (custom)
2019-10-15 08:42:55,918 [pool-403-thread-1] INFO  server.RaftServerConfigKeys (ConfUtils.java:logGet(43)) - raft.server.snapshot.auto.trigger.enabled = true (custom)
2019-10-15 08:42:55,917 [pool-413-thread-1] INFO  impl.RaftServerImpl (RaftServerImpl.java:setRole(170)) - 54862fcb-67c7-42a5-84bb-0e71c50d9a51@group-9F44ED21C98E: changes role from      null to FOLLOWER at term 0 for startAsFollower
2019-10-15 08:42:55,918 [pool-403-thread-1] INFO  server.RaftServerConfigKeys (ConfUtils.java:logGet(43)) - raft.server.snapshot.auto.trigger.threshold = 10000 (custom)
2019-10-15 08:42:55,918 [pool-393-thread-1] INFO  server.RaftServerConfigKeys (ConfUtils.java:logGet(43)) - raft.server.snapshot.auto.trigger.threshold = 10000 (custom)
2019-10-15 08:42:55,918 [pool-403-thread-1] INFO  server.RaftServerConfigKeys (ConfUtils.java:logGet(43)) - raft.server.snapshot.retention.file.num = 5 (custom)
2019-10-15 08:42:55,918 [pool-413-thread-1] INFO  impl.RoleInfo (RoleInfo.java:updateAndGet(143)) - 54862fcb-67c7-42a5-84bb-0e71c50d9a51: start FollowerState
2019-10-15 08:42:55,918 [pool-403-thread-1] INFO  server.RaftServerConfigKeys (ConfUtils.java:logGet(43)) - raft.server.retrycache.expirytime = 600000ms (custom)
2019-10-15 08:42:55,918 [pool-393-thread-1] INFO  server.RaftServerConfigKeys (ConfUtils.java:logGet(43)) - raft.server.snapshot.retention.file.num = 5 (custom)
2019-10-15 08:42:55,919 [pool-393-thread-1] INFO  server.RaftServerConfigKeys (ConfUtils.java:logGet(43)) - raft.server.retrycache.expirytime = 600000ms (custom)
2019-10-15 08:42:55,919 [pool-413-thread-1] INFO  util.JmxRegister (JmxRegister.java:tryRegister(44)) - Successfully registered JMX Bean with object name Ratis:service=RaftServer,group=group-9F44ED21C98E,id=54862fcb-67c7-42a5-84bb-0e71c50d9a51
2019-10-15 08:42:55,923 [pool-403-thread-1] INFO  impl.RaftServerImpl (RaftServerImpl.java:start(181)) - a157920a-90c8-4f06-9961-45c06f377a82@group-9F44ED21C98E: start as a follower, conf=-1: [54862fcb-67c7-42a5-84bb-0e71c50d9a51:192.168.164.209:41983, 6d748945-2cb3-4aae-9aee-4a048f933dd9:192.168.164.209:33292, a157920a-90c8-4f06-9961-45c06f377a82:192.168.164.209:45973], old=null
2019-10-15 08:42:55,923 [pool-403-thread-1] INFO  impl.RaftServerImpl (RaftServerImpl.java:setRole(170)) - a157920a-90c8-4f06-9961-45c06f377a82@group-9F44ED21C98E: changes role from      null to FOLLOWER at term 0 for startAsFollower
2019-10-15 08:42:55,923 [pool-393-thread-1] INFO  impl.RaftServerImpl (RaftServerImpl.java:start(181)) - 6d748945-2cb3-4aae-9aee-4a048f933dd9@group-9F44ED21C98E: start as a follower, conf=-1: [54862fcb-67c7-42a5-84bb-0e71c50d9a51:192.168.164.209:41983, 6d748945-2cb3-4aae-9aee-4a048f933dd9:192.168.164.209:33292, a157920a-90c8-4f06-9961-45c06f377a82:192.168.164.209:45973], old=null
2019-10-15 08:42:55,923 [pool-403-thread-1] INFO  impl.RoleInfo (RoleInfo.java:updateAndGet(143)) - a157920a-90c8-4f06-9961-45c06f377a82: start FollowerState
2019-10-15 08:42:55,924 [pool-393-thread-1] INFO  impl.RaftServerImpl (RaftServerImpl.java:setRole(170)) - 6d748945-2cb3-4aae-9aee-4a048f933dd9@group-9F44ED21C98E: changes role from      null to FOLLOWER at term 0 for startAsFollower
2019-10-15 08:42:55,924 [pool-393-thread-1] INFO  impl.RoleInfo (RoleInfo.java:updateAndGet(143)) - 6d748945-2cb3-4aae-9aee-4a048f933dd9: start FollowerState
2019-10-15 08:42:55,924 [pool-403-thread-1] INFO  util.JmxRegister (JmxRegister.java:tryRegister(44)) - Successfully registered JMX Bean with object name Ratis:service=RaftServer,group=group-9F44ED21C98E,id=a157920a-90c8-4f06-9961-45c06f377a82
2019-10-15 08:42:55,924 [pool-393-thread-1] INFO  util.JmxRegister (JmxRegister.java:tryRegister(44)) - Successfully registered JMX Bean with object name Ratis:service=RaftServer,group=group-9F44ED21C98E,id=6d748945-2cb3-4aae-9aee-4a048f933dd9
2019-10-15 08:42:55,930 [RatisPipelineUtilsThread] INFO  pipeline.PipelineStateManager (PipelineStateManager.java:addPipeline(56)) - Created pipeline Pipeline[ Id: 00df409e-d2bf-40fd-80bf-9f44ed21c98e, Nodes: 6d748945-2cb3-4aae-9aee-4a048f933dd9{ip: 192.168.164.209, host: pr-hdds-1569-hdnwc-3336613964, networkLocation: /default-rack, certSerialId: null}a157920a-90c8-4f06-9961-45c06f377a82{ip: 192.168.164.209, host: pr-hdds-1569-hdnwc-3336613964, networkLocation: /default-rack, certSerialId: null}54862fcb-67c7-42a5-84bb-0e71c50d9a51{ip: 192.168.164.209, host: pr-hdds-1569-hdnwc-3336613964, networkLocation: /default-rack, certSerialId: null}, Type:RATIS, Factor:THREE, State:OPEN]
2019-10-15 08:42:55,930 [RatisPipelineUtilsThread] INFO  pipeline.PipelinePlacementPolicy (PipelinePlacementPolicy.java:meetCriteria(104)) - Pipeline Placement: can't place more pipeline on heavy datanode： 77143d31-7a05-49d3-8166-c63e8419bc63 Heaviness: 5 limit: 5
2019-10-15 08:42:55,931 [RatisPipelineUtilsThread] INFO  pipeline.PipelinePlacementPolicy (PipelinePlacementPolicy.java:meetCriteria(104)) - Pipeline Placement: can't place more pipeline on heavy datanode： f6d552c9-f983-4597-b4d0-1b438ea21ad8 Heaviness: 5 limit: 5
2019-10-15 08:42:55,931 [RatisPipelineUtilsThread] INFO  pipeline.PipelinePlacementPolicy (PipelinePlacementPolicy.java:meetCriteria(104)) - Pipeline Placement: can't place more pipeline on heavy datanode： 4c00b829-f7eb-437b-9af3-99601f151fac Heaviness: 5 limit: 5
2019-10-15 08:42:55,939 [grpc-default-executor-7] INFO  impl.RaftServerProxy (RaftServerProxy.java:addNew(89)) - 6d748945-2cb3-4aae-9aee-4a048f933dd9: addNew group-11DEA2C33FA8:[54862fcb-67c7-42a5-84bb-0e71c50d9a51:192.168.164.209:41983, 6d748945-2cb3-4aae-9aee-4a048f933dd9:192.168.164.209:33292, a157920a-90c8-4f06-9961-45c06f377a82:192.168.164.209:45973] returns group-11DEA2C33FA8:java.util.concurrent.CompletableFuture@3be907d[Not completed]
2019-10-15 08:42:55,939 [grpc-default-executor-2] INFO  impl.RaftServerProxy (RaftServerProxy.java:addNew(89)) - 54862fcb-67c7-42a5-84bb-0e71c50d9a51: addNew group-11DEA2C33FA8:[54862fcb-67c7-42a5-84bb-0e71c50d9a51:192.168.164.209:41983, 6d748945-2cb3-4aae-9aee-4a048f933dd9:192.168.164.209:33292, a157920a-90c8-4f06-9961-45c06f377a82:192.168.164.209:45973] returns group-11DEA2C33FA8:java.util.concurrent.CompletableFuture@2efc9a42[Not completed]
2019-10-15 08:42:55,939 [grpc-default-executor-1] INFO  impl.RaftServerProxy (RaftServerProxy.java:addNew(89)) - a157920a-90c8-4f06-9961-45c06f377a82: addNew group-11DEA2C33FA8:[54862fcb-67c7-42a5-84bb-0e71c50d9a51:192.168.164.209:41983, 6d748945-2cb3-4aae-9aee-4a048f933dd9:192.168.164.209:33292, a157920a-90c8-4f06-9961-45c06f377a82:192.168.164.209:45973] returns group-11DEA2C33FA8:java.util.concurrent.CompletableFuture@54d67903[Not completed]
2019-10-15 08:42:55,940 [pool-393-thread-1] INFO  impl.RaftServerImpl (RaftServerImpl.java:<init>(95)) - 6d748945-2cb3-4aae-9aee-4a048f933dd9: new RaftServerImpl for group-11DEA2C33FA8:[54862fcb-67c7-42a5-84bb-0e71c50d9a51:192.168.164.209:41983, 6d748945-2cb3-4aae-9aee-4a048f933dd9:192.168.164.209:33292, a157920a-90c8-4f06-9961-45c06f377a82:192.168.164.209:45973] with ContainerStateMachine:uninitialized
2019-10-15 08:42:55,941 [pool-393-thread-1] INFO  server.RaftServerConfigKeys (ConfUtils.java:logGet(43)) - raft.server.rpc.timeout.min = 5s (custom)
2019-10-15 08:42:55,941 [pool-393-thread-1] INFO  server.RaftServerConfigKeys (ConfUtils.java:logGet(43)) - raft.server.rpc.timeout.max = 5200ms (custom)
2019-10-15 08:42:55,941 [pool-393-thread-1] INFO  server.RaftServerConfigKeys (ConfUtils.java:logGet(43)) - raft.server.rpcslowness.timeout = 120s (custom)
2019-10-15 08:42:55,941 [pool-393-thread-1] INFO  server.RaftServerConfigKeys (ConfUtils.java:logGet(43)) - raft.server.sleep.deviation.threshold = 300 (default)
2019-10-15 08:42:55,941 [pool-393-thread-1] INFO  server.RaftServerConfigKeys (ConfUtils.java:logGet(43)) - raft.server.log.appender.install.snapshot.enabled = false (custom)
2019-10-15 08:42:55,941 [pool-403-thread-1] INFO  impl.RaftServerImpl (RaftServerImpl.java:<init>(95)) - a157920a-90c8-4f06-9961-45c06f377a82: new RaftServerImpl for group-11DEA2C33FA8:[54862fcb-67c7-42a5-84bb-0e71c50d9a51:192.168.164.209:41983, 6d748945-2cb3-4aae-9aee-4a048f933dd9:192.168.164.209:33292, a157920a-90c8-4f06-9961-45c06f377a82:192.168.164.209:45973] with ContainerStateMachine:uninitialized
2019-10-15 08:42:55,941 [pool-393-thread-1] INFO  impl.RaftServerImpl (ServerState.java:<init>(103)) - 6d748945-2cb3-4aae-9aee-4a048f933dd9@group-11DEA2C33FA8: ConfigurationManager, init=-1: [54862fcb-67c7-42a5-84bb-0e71c50d9a51:192.168.164.209:41983, 6d748945-2cb3-4aae-9aee-4a048f933dd9:192.168.164.209:33292, a157920a-90c8-4f06-9961-45c06f377a82:192.168.164.209:45973], old=null, confs=<EMPTY_MAP>
2019-10-15 08:42:55,942 [pool-403-thread-1] INFO  server.RaftServerConfigKeys (ConfUtils.java:logGet(43)) - raft.server.rpc.timeout.min = 5s (custom)
2019-10-15 08:42:55,942 [pool-413-thread-1] INFO  impl.RaftServerImpl (RaftServerImpl.java:<init>(95)) - 54862fcb-67c7-42a5-84bb-0e71c50d9a51: new RaftServerImpl for group-11DEA2C33FA8:[54862fcb-67c7-42a5-84bb-0e71c50d9a51:192.168.164.209:41983, 6d748945-2cb3-4aae-9aee-4a048f933dd9:192.168.164.209:33292, a157920a-90c8-4f06-9961-45c06f377a82:192.168.164.209:45973] with ContainerStateMachine:uninitialized
2019-10-15 08:42:55,942 [pool-393-thread-1] INFO  server.RaftServerConfigKeys (ConfUtils.java:logGet(43)) - raft.server.storage.dir = [/workdir/hadoop-ozone/integration-test/target/test-dir/MiniOzoneClusterImpl-d07e3086-68e0-4340-b24d-43dfb7c1e85c/datanode-1/data/ratis] (custom)
2019-10-15 08:42:55,942 [pool-413-thread-1] INFO  server.RaftServerConfigKeys (ConfUtils.java:logGet(43)) - raft.server.rpc.timeout.min = 5s (custom)
2019-10-15 08:42:55,942 [pool-403-thread-1] INFO  server.RaftServerConfigKeys (ConfUtils.java:logGet(43)) - raft.server.rpc.timeout.max = 5200ms (custom)
2019-10-15 08:42:55,942 [pool-393-thread-1] INFO  server.RaftServerConfigKeys (ConfUtils.java:logGet(43)) - raft.server.log.corruption.policy = EXCEPTION (default)
2019-10-15 08:42:55,942 [pool-413-thread-1] INFO  server.RaftServerConfigKeys (ConfUtils.java:logGet(43)) - raft.server.rpc.timeout.max = 5200ms (custom)
2019-10-15 08:42:55,942 [pool-403-thread-1] INFO  server.RaftServerConfigKeys (ConfUtils.java:logGet(43)) - raft.server.rpcslowness.timeout = 120s (custom)
2019-10-15 08:42:55,943 [pool-413-thread-1] INFO  server.RaftServerConfigKeys (ConfUtils.java:logGet(43)) - raft.server.rpcslowness.timeout = 120s (custom)
2019-10-15 08:42:55,943 [pool-393-thread-1] INFO  storage.RaftStorageDirectory (RaftStorageDirectory.java:analyzeStorage(246)) - The storage directory /workdir/hadoop-ozone/integration-test/target/test-dir/MiniOzoneClusterImpl-d07e3086-68e0-4340-b24d-43dfb7c1e85c/datanode-1/data/ratis/7f6beef7-241e-4e83-8aa7-11dea2c33fa8 does not exist. Creating ...
2019-10-15 08:42:55,943 [pool-413-thread-1] INFO  server.RaftServerConfigKeys (ConfUtils.java:logGet(43)) - raft.server.sleep.deviation.threshold = 300 (default)
2019-10-15 08:42:55,943 [pool-403-thread-1] INFO  server.RaftServerConfigKeys (ConfUtils.java:logGet(43)) - raft.server.sleep.deviation.threshold = 300 (default)
2019-10-15 08:42:55,943 [pool-413-thread-1] INFO  server.RaftServerConfigKeys (ConfUtils.java:logGet(43)) - raft.server.log.appender.install.snapshot.enabled = false (custom)
2019-10-15 08:42:55,943 [pool-403-thread-1] INFO  server.RaftServerConfigKeys (ConfUtils.java:logGet(43)) - raft.server.log.appender.install.snapshot.enabled = false (custom)
2019-10-15 08:42:55,943 [pool-413-thread-1] INFO  impl.RaftServerImpl (ServerState.java:<init>(103)) - 54862fcb-67c7-42a5-84bb-0e71c50d9a51@group-11DEA2C33FA8: ConfigurationManager, init=-1: [54862fcb-67c7-42a5-84bb-0e71c50d9a51:192.168.164.209:41983, 6d748945-2cb3-4aae-9aee-4a048f933dd9:192.168.164.209:33292, a157920a-90c8-4f06-9961-45c06f377a82:192.168.164.209:45973], old=null, confs=<EMPTY_MAP>
2019-10-15 08:42:55,944 [pool-403-thread-1] INFO  impl.RaftServerImpl (ServerState.java:<init>(103)) - a157920a-90c8-4f06-9961-45c06f377a82@group-11DEA2C33FA8: ConfigurationManager, init=-1: [54862fcb-67c7-42a5-84bb-0e71c50d9a51:192.168.164.209:41983, 6d748945-2cb3-4aae-9aee-4a048f933dd9:192.168.164.209:33292, a157920a-90c8-4f06-9961-45c06f377a82:192.168.164.209:45973], old=null, confs=<EMPTY_MAP>
2019-10-15 08:42:55,944 [pool-413-thread-1] INFO  server.RaftServerConfigKeys (ConfUtils.java:logGet(43)) - raft.server.storage.dir = [/workdir/hadoop-ozone/integration-test/target/test-dir/MiniOzoneClusterImpl-d07e3086-68e0-4340-b24d-43dfb7c1e85c/datanode-3/data/ratis] (custom)
2019-10-15 08:42:55,944 [pool-403-thread-1] INFO  server.RaftServerConfigKeys (ConfUtils.java:logGet(43)) - raft.server.storage.dir = [/workdir/hadoop-ozone/integration-test/target/test-dir/MiniOzoneClusterImpl-d07e3086-68e0-4340-b24d-43dfb7c1e85c/datanode-2/data/ratis] (custom)
2019-10-15 08:42:55,944 [pool-413-thread-1] INFO  server.RaftServerConfigKeys (ConfUtils.java:logGet(43)) - raft.server.log.corruption.policy = EXCEPTION (default)
2019-10-15 08:42:55,944 [pool-403-thread-1] INFO  server.RaftServerConfigKeys (ConfUtils.java:logGet(43)) - raft.server.log.corruption.policy = EXCEPTION (default)
2019-10-15 08:42:55,944 [pool-413-thread-1] INFO  storage.RaftStorageDirectory (RaftStorageDirectory.java:analyzeStorage(246)) - The storage directory /workdir/hadoop-ozone/integration-test/target/test-dir/MiniOzoneClusterImpl-d07e3086-68e0-4340-b24d-43dfb7c1e85c/datanode-3/data/ratis/7f6beef7-241e-4e83-8aa7-11dea2c33fa8 does not exist. Creating ...
2019-10-15 08:42:55,944 [pool-403-thread-1] INFO  storage.RaftStorageDirectory (RaftStorageDirectory.java:analyzeStorage(246)) - The storage directory /workdir/hadoop-ozone/integration-test/target/test-dir/MiniOzoneClusterImpl-d07e3086-68e0-4340-b24d-43dfb7c1e85c/datanode-2/data/ratis/7f6beef7-241e-4e83-8aa7-11dea2c33fa8 does not exist. Creating ...
2019-10-15 08:42:55,967 [pool-413-thread-1] INFO  storage.RaftStorageDirectory (RaftStorageDirectory.java:tryLock(328)) - Lock on /workdir/hadoop-ozone/integration-test/target/test-dir/MiniOzoneClusterImpl-d07e3086-68e0-4340-b24d-43dfb7c1e85c/datanode-3/data/ratis/7f6beef7-241e-4e83-8aa7-11dea2c33fa8/in_use.lock acquired by nodename 17889@pr-hdds-1569-hdnwc-3336613964
2019-10-15 08:42:55,968 [pool-393-thread-1] INFO  storage.RaftStorageDirectory (RaftStorageDirectory.java:tryLock(328)) - Lock on /workdir/hadoop-ozone/integration-test/target/test-dir/MiniOzoneClusterImpl-d07e3086-68e0-4340-b24d-43dfb7c1e85c/datanode-1/data/ratis/7f6beef7-241e-4e83-8aa7-11dea2c33fa8/in_use.lock acquired by nodename 17889@pr-hdds-1569-hdnwc-3336613964
2019-10-15 08:42:55,967 [pool-403-thread-1] INFO  storage.RaftStorageDirectory (RaftStorageDirectory.java:tryLock(328)) - Lock on /workdir/hadoop-ozone/integration-test/target/test-dir/MiniOzoneClusterImpl-d07e3086-68e0-4340-b24d-43dfb7c1e85c/datanode-2/data/ratis/7f6beef7-241e-4e83-8aa7-11dea2c33fa8/in_use.lock acquired by nodename 17889@pr-hdds-1569-hdnwc-3336613964
2019-10-15 08:42:55,993 [pool-393-thread-1] INFO  storage.RaftStorage (RaftStorage.java:format(84)) - Storage directory /workdir/hadoop-ozone/integration-test/target/test-dir/MiniOzoneClusterImpl-d07e3086-68e0-4340-b24d-43dfb7c1e85c/datanode-1/data/ratis/7f6beef7-241e-4e83-8aa7-11dea2c33fa8 has been successfully formatted.
2019-10-15 08:42:55,993 [pool-413-thread-1] INFO  storage.RaftStorage (RaftStorage.java:format(84)) - Storage directory /workdir/hadoop-ozone/integration-test/target/test-dir/MiniOzoneClusterImpl-d07e3086-68e0-4340-b24d-43dfb7c1e85c/datanode-3/data/ratis/7f6beef7-241e-4e83-8aa7-11dea2c33fa8 has been successfully formatted.
2019-10-15 08:42:55,993 [pool-403-thread-1] INFO  storage.RaftStorage (RaftStorage.java:format(84)) - Storage directory /workdir/hadoop-ozone/integration-test/target/test-dir/MiniOzoneClusterImpl-d07e3086-68e0-4340-b24d-43dfb7c1e85c/datanode-2/data/ratis/7f6beef7-241e-4e83-8aa7-11dea2c33fa8 has been successfully formatted.
2019-10-15 08:42:55,993 [pool-393-thread-1] INFO  ratis.ContainerStateMachine (ContainerStateMachine.java:loadSnapshot(231)) - group-11DEA2C33FA8: The snapshot info is null. Setting the last applied indexto:(t:0, i:~)
2019-10-15 08:42:55,993 [pool-403-thread-1] INFO  ratis.ContainerStateMachine (ContainerStateMachine.java:loadSnapshot(231)) - group-11DEA2C33FA8: The snapshot info is null. Setting the last applied indexto:(t:0, i:~)
2019-10-15 08:42:55,993 [pool-413-thread-1] INFO  ratis.ContainerStateMachine (ContainerStateMachine.java:loadSnapshot(231)) - group-11DEA2C33FA8: The snapshot info is null. Setting the last applied indexto:(t:0, i:~)
2019-10-15 08:42:55,994 [pool-403-thread-1] INFO  server.RaftServerConfigKeys (ConfUtils.java:logGet(43)) - raft.server.notification.no-leader.timeout = 120s (custom)
2019-10-15 08:42:55,993 [pool-393-thread-1] INFO  server.RaftServerConfigKeys (ConfUtils.java:logGet(43)) - raft.server.notification.no-leader.timeout = 120s (custom)
2019-10-15 08:42:55,994 [pool-403-thread-1] INFO  server.RaftServerConfigKeys (ConfUtils.java:logGet(43)) - raft.server.log.use.memory = false (default)
2019-10-15 08:42:55,994 [pool-413-thread-1] INFO  server.RaftServerConfigKeys (ConfUtils.java:logGet(43)) - raft.server.notification.no-leader.timeout = 120s (custom)
2019-10-15 08:42:55,994 [pool-403-thread-1] INFO  server.RaftServerConfigKeys (ConfUtils.java:logGet(43)) - raft.server.log.purge.gap = 1000000 (custom)
2019-10-15 08:42:55,994 [pool-393-thread-1] INFO  server.RaftServerConfigKeys (ConfUtils.java:logGet(43)) - raft.server.log.use.memory = false (default)
2019-10-15 08:42:55,994 [pool-403-thread-1] INFO  server.RaftServerConfigKeys (ConfUtils.java:logGet(43)) - raft.server.log.appender.buffer.byte-limit = 33554432 (custom)
2019-10-15 08:42:55,994 [pool-413-thread-1] INFO  server.RaftServerConfigKeys (ConfUtils.java:logGet(43)) - raft.server.log.use.memory = false (default)
2019-10-15 08:42:55,994 [pool-403-thread-1] INFO  server.RaftServerConfigKeys (ConfUtils.java:logGet(43)) - raft.server.log.segment.size.max = 1048576 (custom)
2019-10-15 08:42:55,994 [pool-393-thread-1] INFO  server.RaftServerConfigKeys (ConfUtils.java:logGet(43)) - raft.server.log.purge.gap = 1000000 (custom)
2019-10-15 08:42:55,994 [pool-403-thread-1] INFO  server.RaftServerConfigKeys (ConfUtils.java:logGet(43)) - raft.server.log.segment.cache.num.max = 2 (custom)
2019-10-15 08:42:55,994 [pool-413-thread-1] INFO  server.RaftServerConfigKeys (ConfUtils.java:logGet(43)) - raft.server.log.purge.gap = 1000000 (custom)
2019-10-15 08:42:55,995 [pool-403-thread-1] INFO  segmented.SegmentedRaftLogWorker (SegmentedRaftLogWorker.java:<init>(173)) - new a157920a-90c8-4f06-9961-45c06f377a82@group-11DEA2C33FA8-SegmentedRaftLogWorker for RaftStorage:Storage Directory /workdir/hadoop-ozone/integration-test/target/test-dir/MiniOzoneClusterImpl-d07e3086-68e0-4340-b24d-43dfb7c1e85c/datanode-2/data/ratis/7f6beef7-241e-4e83-8aa7-11dea2c33fa8
2019-10-15 08:42:55,994 [pool-393-thread-1] INFO  server.RaftServerConfigKeys (ConfUtils.java:logGet(43)) - raft.server.log.appender.buffer.byte-limit = 33554432 (custom)
2019-10-15 08:42:55,995 [pool-403-thread-1] INFO  server.RaftServerConfigKeys (ConfUtils.java:logGet(43)) - raft.server.log.queue.byte-limit = 2147483647 (custom)
2019-10-15 08:42:55,995 [pool-413-thread-1] INFO  server.RaftServerConfigKeys (ConfUtils.java:logGet(43)) - raft.server.log.appender.buffer.byte-limit = 33554432 (custom)
2019-10-15 08:42:55,995 [pool-403-thread-1] INFO  server.RaftServerConfigKeys (ConfUtils.java:logGet(43)) - raft.server.log.queue.element-limit = 1024 (custom)
2019-10-15 08:42:55,995 [pool-393-thread-1] INFO  server.RaftServerConfigKeys (ConfUtils.java:logGet(43)) - raft.server.log.segment.size.max = 1048576 (custom)
2019-10-15 08:42:55,995 [pool-403-thread-1] INFO  server.RaftServerConfigKeys (ConfUtils.java:logGet(43)) - raft.server.log.segment.size.max = 1048576 (custom)
2019-10-15 08:42:55,995 [pool-413-thread-1] INFO  server.RaftServerConfigKeys (ConfUtils.java:logGet(43)) - raft.server.log.segment.size.max = 1048576 (custom)
2019-10-15 08:42:55,995 [pool-403-thread-1] INFO  server.RaftServerConfigKeys (ConfUtils.java:logGet(43)) - raft.server.log.preallocated.size = 16384 (custom)
2019-10-15 08:42:55,995 [pool-393-thread-1] INFO  server.RaftServerConfigKeys (ConfUtils.java:logGet(43)) - raft.server.log.segment.cache.num.max = 2 (custom)
2019-10-15 08:42:55,995 [pool-403-thread-1] INFO  server.RaftServerConfigKeys (ConfUtils.java:logGet(43)) - raft.server.log.write.buffer.size = 33554432 (custom)
2019-10-15 08:42:55,995 [pool-413-thread-1] INFO  server.RaftServerConfigKeys (ConfUtils.java:logGet(43)) - raft.server.log.segment.cache.num.max = 2 (custom)
2019-10-15 08:42:55,995 [pool-403-thread-1] INFO  server.RaftServerConfigKeys (ConfUtils.java:logGet(43)) - raft.server.log.force.sync.num = 128 (default)
2019-10-15 08:42:55,995 [pool-393-thread-1] INFO  segmented.SegmentedRaftLogWorker (SegmentedRaftLogWorker.java:<init>(173)) - new 6d748945-2cb3-4aae-9aee-4a048f933dd9@group-11DEA2C33FA8-SegmentedRaftLogWorker for RaftStorage:Storage Directory /workdir/hadoop-ozone/integration-test/target/test-dir/MiniOzoneClusterImpl-d07e3086-68e0-4340-b24d-43dfb7c1e85c/datanode-1/data/ratis/7f6beef7-241e-4e83-8aa7-11dea2c33fa8
2019-10-15 08:42:55,996 [pool-403-thread-1] INFO  server.RaftServerConfigKeys (ConfUtils.java:logGet(43)) - raft.server.log.statemachine.data.sync = true (default)
2019-10-15 08:42:55,996 [pool-413-thread-1] INFO  segmented.SegmentedRaftLogWorker (SegmentedRaftLogWorker.java:<init>(173)) - new 54862fcb-67c7-42a5-84bb-0e71c50d9a51@group-11DEA2C33FA8-SegmentedRaftLogWorker for RaftStorage:Storage Directory /workdir/hadoop-ozone/integration-test/target/test-dir/MiniOzoneClusterImpl-d07e3086-68e0-4340-b24d-43dfb7c1e85c/datanode-3/data/ratis/7f6beef7-241e-4e83-8aa7-11dea2c33fa8
2019-10-15 08:42:55,996 [pool-403-thread-1] INFO  server.RaftServerConfigKeys (ConfUtils.java:logGet(43)) - raft.server.log.statemachine.data.sync.timeout = 10s (default)
2019-10-15 08:42:55,996 [pool-393-thread-1] INFO  server.RaftServerConfigKeys (ConfUtils.java:logGet(43)) - raft.server.log.queue.byte-limit = 2147483647 (custom)
2019-10-15 08:42:55,996 [pool-403-thread-1] INFO  server.RaftServerConfigKeys (ConfUtils.java:logGet(43)) - raft.server.log.statemachine.data.sync.timeout.retry = -1 (default)
2019-10-15 08:42:55,996 [pool-413-thread-1] INFO  server.RaftServerConfigKeys (ConfUtils.java:logGet(43)) - raft.server.log.queue.byte-limit = 2147483647 (custom)
2019-10-15 08:42:55,996 [pool-403-thread-1] INFO  server.RaftServerConfigKeys (ConfUtils.java:logGet(43)) - raft.server.log.statemachine.data.caching.enabled = true (custom)
2019-10-15 08:42:55,996 [pool-393-thread-1] INFO  server.RaftServerConfigKeys (ConfUtils.java:logGet(43)) - raft.server.log.queue.element-limit = 1024 (custom)
2019-10-15 08:42:55,996 [pool-413-thread-1] INFO  server.RaftServerConfigKeys (ConfUtils.java:logGet(43)) - raft.server.log.queue.element-limit = 1024 (custom)
2019-10-15 08:42:55,996 [pool-403-thread-1] INFO  segmented.SegmentedRaftLogWorker (SegmentedRaftLogWorker.java:lambda$new$0(128)) - a157920a-90c8-4f06-9961-45c06f377a82@group-11DEA2C33FA8-SegmentedRaftLogWorker: flushIndex: setUnconditionally 0 -> -1
2019-10-15 08:42:55,996 [pool-393-thread-1] INFO  server.RaftServerConfigKeys (ConfUtils.java:logGet(43)) - raft.server.log.segment.size.max = 1048576 (custom)
2019-10-15 08:42:55,997 [pool-413-thread-1] INFO  server.RaftServerConfigKeys (ConfUtils.java:logGet(43)) - raft.server.log.segment.size.max = 1048576 (custom)
2019-10-15 08:42:55,997 [pool-403-thread-1] INFO  server.RaftServerConfigKeys (ConfUtils.java:logGet(43)) - raft.server.snapshot.auto.trigger.enabled = true (custom)
2019-10-15 08:42:55,997 [pool-393-thread-1] INFO  server.RaftServerConfigKeys (ConfUtils.java:logGet(43)) - raft.server.log.preallocated.size = 16384 (custom)
2019-10-15 08:42:55,997 [pool-403-thread-1] INFO  server.RaftServerConfigKeys (ConfUtils.java:logGet(43)) - raft.server.snapshot.auto.trigger.threshold = 10000 (custom)
2019-10-15 08:42:55,997 [pool-413-thread-1] INFO  server.RaftServerConfigKeys (ConfUtils.java:logGet(43)) - raft.server.log.preallocated.size = 16384 (custom)
2019-10-15 08:42:55,997 [pool-403-thread-1] INFO  server.RaftServerConfigKeys (ConfUtils.java:logGet(43)) - raft.server.snapshot.retention.file.num = 5 (custom)
2019-10-15 08:42:55,997 [pool-393-thread-1] INFO  server.RaftServerConfigKeys (ConfUtils.java:logGet(43)) - raft.server.log.write.buffer.size = 33554432 (custom)
2019-10-15 08:42:55,997 [pool-403-thread-1] INFO  server.RaftServerConfigKeys (ConfUtils.java:logGet(43)) - raft.server.retrycache.expirytime = 600000ms (custom)
2019-10-15 08:42:55,997 [pool-413-thread-1] INFO  server.RaftServerConfigKeys (ConfUtils.java:logGet(43)) - raft.server.log.write.buffer.size = 33554432 (custom)
2019-10-15 08:42:55,997 [pool-393-thread-1] INFO  server.RaftServerConfigKeys (ConfUtils.java:logGet(43)) - raft.server.log.force.sync.num = 128 (default)
2019-10-15 08:42:55,997 [pool-413-thread-1] INFO  server.RaftServerConfigKeys (ConfUtils.java:logGet(43)) - raft.server.log.force.sync.num = 128 (default)
2019-10-15 08:42:55,998 [pool-393-thread-1] INFO  server.RaftServerConfigKeys (ConfUtils.java:logGet(43)) - raft.server.log.statemachine.data.sync = true (default)
2019-10-15 08:42:55,998 [pool-413-thread-1] INFO  server.RaftServerConfigKeys (ConfUtils.java:logGet(43)) - raft.server.log.statemachine.data.sync = true (default)
2019-10-15 08:42:55,998 [pool-393-thread-1] INFO  server.RaftServerConfigKeys (ConfUtils.java:logGet(43)) - raft.server.log.statemachine.data.sync.timeout = 10s (default)
2019-10-15 08:42:55,998 [pool-413-thread-1] INFO  server.RaftServerConfigKeys (ConfUtils.java:logGet(43)) - raft.server.log.statemachine.data.sync.timeout = 10s (default)
2019-10-15 08:42:55,998 [pool-393-thread-1] INFO  server.RaftServerConfigKeys (ConfUtils.java:logGet(43)) - raft.server.log.statemachine.data.sync.timeout.retry = -1 (default)
2019-10-15 08:42:55,998 [pool-413-thread-1] INFO  server.RaftServerConfigKeys (ConfUtils.java:logGet(43)) - raft.server.log.statemachine.data.sync.timeout.retry = -1 (default)
2019-10-15 08:42:55,998 [pool-393-thread-1] INFO  server.RaftServerConfigKeys (ConfUtils.java:logGet(43)) - raft.server.log.statemachine.data.caching.enabled = true (custom)
2019-10-15 08:42:55,998 [pool-413-thread-1] INFO  server.RaftServerConfigKeys (ConfUtils.java:logGet(43)) - raft.server.log.statemachine.data.caching.enabled = true (custom)
2019-10-15 08:42:55,999 [pool-393-thread-1] INFO  segmented.SegmentedRaftLogWorker (SegmentedRaftLogWorker.java:lambda$new$0(128)) - 6d748945-2cb3-4aae-9aee-4a048f933dd9@group-11DEA2C33FA8-SegmentedRaftLogWorker: flushIndex: setUnconditionally 0 -> -1
2019-10-15 08:42:55,999 [pool-413-thread-1] INFO  segmented.SegmentedRaftLogWorker (SegmentedRaftLogWorker.java:lambda$new$0(128)) - 54862fcb-67c7-42a5-84bb-0e71c50d9a51@group-11DEA2C33FA8-SegmentedRaftLogWorker: flushIndex: setUnconditionally 0 -> -1
2019-10-15 08:42:55,999 [pool-393-thread-1] INFO  server.RaftServerConfigKeys (ConfUtils.java:logGet(43)) - raft.server.snapshot.auto.trigger.enabled = true (custom)
2019-10-15 08:42:55,999 [pool-413-thread-1] INFO  server.RaftServerConfigKeys (ConfUtils.java:logGet(43)) - raft.server.snapshot.auto.trigger.enabled = true (custom)
2019-10-15 08:42:55,999 [pool-403-thread-1] INFO  impl.RaftServerImpl (RaftServerImpl.java:start(181)) - a157920a-90c8-4f06-9961-45c06f377a82@group-11DEA2C33FA8: start as a follower, conf=-1: [54862fcb-67c7-42a5-84bb-0e71c50d9a51:192.168.164.209:41983, 6d748945-2cb3-4aae-9aee-4a048f933dd9:192.168.164.209:33292, a157920a-90c8-4f06-9961-45c06f377a82:192.168.164.209:45973], old=null
2019-10-15 08:42:55,999 [pool-413-thread-1] INFO  server.RaftServerConfigKeys (ConfUtils.java:logGet(43)) - raft.server.snapshot.auto.trigger.threshold = 10000 (custom)
2019-10-15 08:42:55,999 [pool-393-thread-1] INFO  server.RaftServerConfigKeys (ConfUtils.java:logGet(43)) - raft.server.snapshot.auto.trigger.threshold = 10000 (custom)
2019-10-15 08:42:55,999 [pool-413-thread-1] INFO  server.RaftServerConfigKeys (ConfUtils.java:logGet(43)) - raft.server.snapshot.retention.file.num = 5 (custom)
2019-10-15 08:42:55,999 [pool-403-thread-1] INFO  impl.RaftServerImpl (RaftServerImpl.java:setRole(170)) - a157920a-90c8-4f06-9961-45c06f377a82@group-11DEA2C33FA8: changes role from      null to FOLLOWER at term 0 for startAsFollower
2019-10-15 08:42:55,999 [pool-413-thread-1] INFO  server.RaftServerConfigKeys (ConfUtils.java:logGet(43)) - raft.server.retrycache.expirytime = 600000ms (custom)
2019-10-15 08:42:55,999 [pool-393-thread-1] INFO  server.RaftServerConfigKeys (ConfUtils.java:logGet(43)) - raft.server.snapshot.retention.file.num = 5 (custom)
2019-10-15 08:42:56,000 [pool-403-thread-1] INFO  impl.RoleInfo (RoleInfo.java:updateAndGet(143)) - a157920a-90c8-4f06-9961-45c06f377a82: start FollowerState
2019-10-15 08:42:56,000 [pool-393-thread-1] INFO  server.RaftServerConfigKeys (ConfUtils.java:logGet(43)) - raft.server.retrycache.expirytime = 600000ms (custom)
2019-10-15 08:42:56,000 [pool-403-thread-1] INFO  util.JmxRegister (JmxRegister.java:tryRegister(44)) - Successfully registered JMX Bean with object name Ratis:service=RaftServer,group=group-11DEA2C33FA8,id=a157920a-90c8-4f06-9961-45c06f377a82
2019-10-15 08:42:56,002 [pool-413-thread-1] INFO  impl.RaftServerImpl (RaftServerImpl.java:start(181)) - 54862fcb-67c7-42a5-84bb-0e71c50d9a51@group-11DEA2C33FA8: start as a follower, conf=-1: [54862fcb-67c7-42a5-84bb-0e71c50d9a51:192.168.164.209:41983, 6d748945-2cb3-4aae-9aee-4a048f933dd9:192.168.164.209:33292, a157920a-90c8-4f06-9961-45c06f377a82:192.168.164.209:45973], old=null
2019-10-15 08:42:56,002 [pool-413-thread-1] INFO  impl.RaftServerImpl (RaftServerImpl.java:setRole(170)) - 54862fcb-67c7-42a5-84bb-0e71c50d9a51@group-11DEA2C33FA8: changes role from      null to FOLLOWER at term 0 for startAsFollower
2019-10-15 08:42:56,002 [pool-413-thread-1] INFO  impl.RoleInfo (RoleInfo.java:updateAndGet(143)) - 54862fcb-67c7-42a5-84bb-0e71c50d9a51: start FollowerState
2019-10-15 08:42:56,003 [pool-413-thread-1] INFO  util.JmxRegister (JmxRegister.java:tryRegister(44)) - Successfully registered JMX Bean with object name Ratis:service=RaftServer,group=group-11DEA2C33FA8,id=54862fcb-67c7-42a5-84bb-0e71c50d9a51
2019-10-15 08:42:56,003 [pool-393-thread-1] INFO  impl.RaftServerImpl (RaftServerImpl.java:start(181)) - 6d748945-2cb3-4aae-9aee-4a048f933dd9@group-11DEA2C33FA8: start as a follower, conf=-1: [54862fcb-67c7-42a5-84bb-0e71c50d9a51:192.168.164.209:41983, 6d748945-2cb3-4aae-9aee-4a048f933dd9:192.168.164.209:33292, a157920a-90c8-4f06-9961-45c06f377a82:192.168.164.209:45973], old=null
2019-10-15 08:42:56,003 [pool-393-thread-1] INFO  impl.RaftServerImpl (RaftServerImpl.java:setRole(170)) - 6d748945-2cb3-4aae-9aee-4a048f933dd9@group-11DEA2C33FA8: changes role from      null to FOLLOWER at term 0 for startAsFollower
2019-10-15 08:42:56,003 [pool-393-thread-1] INFO  impl.RoleInfo (RoleInfo.java:updateAndGet(143)) - 6d748945-2cb3-4aae-9aee-4a048f933dd9: start FollowerState
2019-10-15 08:42:56,003 [pool-393-thread-1] INFO  util.JmxRegister (JmxRegister.java:tryRegister(44)) - Successfully registered JMX Bean with object name Ratis:service=RaftServer,group=group-11DEA2C33FA8,id=6d748945-2cb3-4aae-9aee-4a048f933dd9
2019-10-15 08:42:56,009 [RatisPipelineUtilsThread] INFO  pipeline.PipelineStateManager (PipelineStateManager.java:addPipeline(56)) - Created pipeline Pipeline[ Id: 7f6beef7-241e-4e83-8aa7-11dea2c33fa8, Nodes: 6d748945-2cb3-4aae-9aee-4a048f933dd9{ip: 192.168.164.209, host: pr-hdds-1569-hdnwc-3336613964, networkLocation: /default-rack, certSerialId: null}54862fcb-67c7-42a5-84bb-0e71c50d9a51{ip: 192.168.164.209, host: pr-hdds-1569-hdnwc-3336613964, networkLocation: /default-rack, certSerialId: null}a157920a-90c8-4f06-9961-45c06f377a82{ip: 192.168.164.209, host: pr-hdds-1569-hdnwc-3336613964, networkLocation: /default-rack, certSerialId: null}, Type:RATIS, Factor:THREE, State:OPEN]
2019-10-15 08:42:56,010 [RatisPipelineUtilsThread] INFO  pipeline.PipelinePlacementPolicy (PipelinePlacementPolicy.java:meetCriteria(104)) - Pipeline Placement: can't place more pipeline on heavy datanode： 77143d31-7a05-49d3-8166-c63e8419bc63 Heaviness: 5 limit: 5
2019-10-15 08:42:56,010 [RatisPipelineUtilsThread] INFO  pipeline.PipelinePlacementPolicy (PipelinePlacementPolicy.java:meetCriteria(104)) - Pipeline Placement: can't place more pipeline on heavy datanode： f6d552c9-f983-4597-b4d0-1b438ea21ad8 Heaviness: 5 limit: 5
2019-10-15 08:42:56,010 [RatisPipelineUtilsThread] INFO  pipeline.PipelinePlacementPolicy (PipelinePlacementPolicy.java:meetCriteria(104)) - Pipeline Placement: can't place more pipeline on heavy datanode： 4c00b829-f7eb-437b-9af3-99601f151fac Heaviness: 5 limit: 5
2019-10-15 08:42:56,017 [grpc-default-executor-1] INFO  impl.RaftServerProxy (RaftServerProxy.java:addNew(89)) - 6d748945-2cb3-4aae-9aee-4a048f933dd9: addNew group-2C40FEDD16B2:[54862fcb-67c7-42a5-84bb-0e71c50d9a51:192.168.164.209:41983, 6d748945-2cb3-4aae-9aee-4a048f933dd9:192.168.164.209:33292, a157920a-90c8-4f06-9961-45c06f377a82:192.168.164.209:45973] returns group-2C40FEDD16B2:java.util.concurrent.CompletableFuture@7bb38f4f[Not completed]
2019-10-15 08:42:56,018 [pool-393-thread-1] INFO  impl.RaftServerImpl (RaftServerImpl.java:<init>(95)) - 6d748945-2cb3-4aae-9aee-4a048f933dd9: new RaftServerImpl for group-2C40FEDD16B2:[54862fcb-67c7-42a5-84bb-0e71c50d9a51:192.168.164.209:41983, 6d748945-2cb3-4aae-9aee-4a048f933dd9:192.168.164.209:33292, a157920a-90c8-4f06-9961-45c06f377a82:192.168.164.209:45973] with ContainerStateMachine:uninitialized
2019-10-15 08:42:56,018 [pool-393-thread-1] INFO  server.RaftServerConfigKeys (ConfUtils.java:logGet(43)) - raft.server.rpc.timeout.min = 5s (custom)
2019-10-15 08:42:56,018 [pool-393-thread-1] INFO  server.RaftServerConfigKeys (ConfUtils.java:logGet(43)) - raft.server.rpc.timeout.max = 5200ms (custom)
2019-10-15 08:42:56,019 [grpc-default-executor-1] INFO  impl.RaftServerProxy (RaftServerProxy.java:addNew(89)) - a157920a-90c8-4f06-9961-45c06f377a82: addNew group-2C40FEDD16B2:[54862fcb-67c7-42a5-84bb-0e71c50d9a51:192.168.164.209:41983, 6d748945-2cb3-4aae-9aee-4a048f933dd9:192.168.164.209:33292, a157920a-90c8-4f06-9961-45c06f377a82:192.168.164.209:45973] returns group-2C40FEDD16B2:java.util.concurrent.CompletableFuture@74004df3[Not completed]
2019-10-15 08:42:56,019 [grpc-default-executor-2] INFO  impl.RaftServerProxy (RaftServerProxy.java:addNew(89)) - 54862fcb-67c7-42a5-84bb-0e71c50d9a51: addNew group-2C40FEDD16B2:[54862fcb-67c7-42a5-84bb-0e71c50d9a51:192.168.164.209:41983, 6d748945-2cb3-4aae-9aee-4a048f933dd9:192.168.164.209:33292, a157920a-90c8-4f06-9961-45c06f377a82:192.168.164.209:45973] returns group-2C40FEDD16B2:java.util.concurrent.CompletableFuture@1eebcbd0[Not completed]
2019-10-15 08:42:56,019 [pool-393-thread-1] INFO  server.RaftServerConfigKeys (ConfUtils.java:logGet(43)) - raft.server.rpcslowness.timeout = 120s (custom)
2019-10-15 08:42:56,019 [pool-393-thread-1] INFO  server.RaftServerConfigKeys (ConfUtils.java:logGet(43)) - raft.server.sleep.deviation.threshold = 300 (default)
2019-10-15 08:42:56,019 [pool-393-thread-1] INFO  server.RaftServerConfigKeys (ConfUtils.java:logGet(43)) - raft.server.log.appender.install.snapshot.enabled = false (custom)
2019-10-15 08:42:56,019 [pool-393-thread-1] INFO  impl.RaftServerImpl (ServerState.java:<init>(103)) - 6d748945-2cb3-4aae-9aee-4a048f933dd9@group-2C40FEDD16B2: ConfigurationManager, init=-1: [54862fcb-67c7-42a5-84bb-0e71c50d9a51:192.168.164.209:41983, 6d748945-2cb3-4aae-9aee-4a048f933dd9:192.168.164.209:33292, a157920a-90c8-4f06-9961-45c06f377a82:192.168.164.209:45973], old=null, confs=<EMPTY_MAP>
2019-10-15 08:42:56,019 [pool-393-thread-1] INFO  server.RaftServerConfigKeys (ConfUtils.java:logGet(43)) - raft.server.storage.dir = [/workdir/hadoop-ozone/integration-test/target/test-dir/MiniOzoneClusterImpl-d07e3086-68e0-4340-b24d-43dfb7c1e85c/datanode-1/data/ratis] (custom)
2019-10-15 08:42:56,019 [pool-403-thread-1] INFO  impl.RaftServerImpl (RaftServerImpl.java:<init>(95)) - a157920a-90c8-4f06-9961-45c06f377a82: new RaftServerImpl for group-2C40FEDD16B2:[54862fcb-67c7-42a5-84bb-0e71c50d9a51:192.168.164.209:41983, 6d748945-2cb3-4aae-9aee-4a048f933dd9:192.168.164.209:33292, a157920a-90c8-4f06-9961-45c06f377a82:192.168.164.209:45973] with ContainerStateMachine:uninitialized
2019-10-15 08:42:56,020 [pool-393-thread-1] INFO  server.RaftServerConfigKeys (ConfUtils.java:logGet(43)) - raft.server.log.corruption.policy = EXCEPTION (default)
2019-10-15 08:42:56,020 [pool-403-thread-1] INFO  server.RaftServerConfigKeys (ConfUtils.java:logGet(43)) - raft.server.rpc.timeout.min = 5s (custom)
2019-10-15 08:42:56,020 [pool-393-thread-1] INFO  storage.RaftStorageDirectory (RaftStorageDirectory.java:analyzeStorage(246)) - The storage directory /workdir/hadoop-ozone/integration-test/target/test-dir/MiniOzoneClusterImpl-d07e3086-68e0-4340-b24d-43dfb7c1e85c/datanode-1/data/ratis/81d94f64-6889-41f7-a810-2c40fedd16b2 does not exist. Creating ...
2019-10-15 08:42:56,020 [pool-403-thread-1] INFO  server.RaftServerConfigKeys (ConfUtils.java:logGet(43)) - raft.server.rpc.timeout.max = 5200ms (custom)
2019-10-15 08:42:56,020 [pool-403-thread-1] INFO  server.RaftServerConfigKeys (ConfUtils.java:logGet(43)) - raft.server.rpcslowness.timeout = 120s (custom)
2019-10-15 08:42:56,020 [pool-413-thread-1] INFO  impl.RaftServerImpl (RaftServerImpl.java:<init>(95)) - 54862fcb-67c7-42a5-84bb-0e71c50d9a51: new RaftServerImpl for group-2C40FEDD16B2:[54862fcb-67c7-42a5-84bb-0e71c50d9a51:192.168.164.209:41983, 6d748945-2cb3-4aae-9aee-4a048f933dd9:192.168.164.209:33292, a157920a-90c8-4f06-9961-45c06f377a82:192.168.164.209:45973] with ContainerStateMachine:uninitialized
2019-10-15 08:42:56,020 [pool-403-thread-1] INFO  server.RaftServerConfigKeys (ConfUtils.java:logGet(43)) - raft.server.sleep.deviation.threshold = 300 (default)
2019-10-15 08:42:56,020 [pool-413-thread-1] INFO  server.RaftServerConfigKeys (ConfUtils.java:logGet(43)) - raft.server.rpc.timeout.min = 5s (custom)
2019-10-15 08:42:56,020 [pool-403-thread-1] INFO  server.RaftServerConfigKeys (ConfUtils.java:logGet(43)) - raft.server.log.appender.install.snapshot.enabled = false (custom)
2019-10-15 08:42:56,021 [pool-413-thread-1] INFO  server.RaftServerConfigKeys (ConfUtils.java:logGet(43)) - raft.server.rpc.timeout.max = 5200ms (custom)
2019-10-15 08:42:56,021 [pool-403-thread-1] INFO  impl.RaftServerImpl (ServerState.java:<init>(103)) - a157920a-90c8-4f06-9961-45c06f377a82@group-2C40FEDD16B2: ConfigurationManager, init=-1: [54862fcb-67c7-42a5-84bb-0e71c50d9a51:192.168.164.209:41983, 6d748945-2cb3-4aae-9aee-4a048f933dd9:192.168.164.209:33292, a157920a-90c8-4f06-9961-45c06f377a82:192.168.164.209:45973], old=null, confs=<EMPTY_MAP>
2019-10-15 08:42:56,021 [pool-413-thread-1] INFO  server.RaftServerConfigKeys (ConfUtils.java:logGet(43)) - raft.server.rpcslowness.timeout = 120s (custom)
2019-10-15 08:42:56,021 [pool-403-thread-1] INFO  server.RaftServerConfigKeys (ConfUtils.java:logGet(43)) - raft.server.storage.dir = [/workdir/hadoop-ozone/integration-test/target/test-dir/MiniOzoneClusterImpl-d07e3086-68e0-4340-b24d-43dfb7c1e85c/datanode-2/data/ratis] (custom)
2019-10-15 08:42:56,021 [pool-413-thread-1] INFO  server.RaftServerConfigKeys (ConfUtils.java:logGet(43)) - raft.server.sleep.deviation.threshold = 300 (default)
2019-10-15 08:42:56,021 [pool-413-thread-1] INFO  server.RaftServerConfigKeys (ConfUtils.java:logGet(43)) - raft.server.log.appender.install.snapshot.enabled = false (custom)
2019-10-15 08:42:56,021 [pool-403-thread-1] INFO  server.RaftServerConfigKeys (ConfUtils.java:logGet(43)) - raft.server.log.corruption.policy = EXCEPTION (default)
2019-10-15 08:42:56,021 [pool-413-thread-1] INFO  impl.RaftServerImpl (ServerState.java:<init>(103)) - 54862fcb-67c7-42a5-84bb-0e71c50d9a51@group-2C40FEDD16B2: ConfigurationManager, init=-1: [54862fcb-67c7-42a5-84bb-0e71c50d9a51:192.168.164.209:41983, 6d748945-2cb3-4aae-9aee-4a048f933dd9:192.168.164.209:33292, a157920a-90c8-4f06-9961-45c06f377a82:192.168.164.209:45973], old=null, confs=<EMPTY_MAP>
2019-10-15 08:42:56,021 [pool-403-thread-1] INFO  storage.RaftStorageDirectory (RaftStorageDirectory.java:analyzeStorage(246)) - The storage directory /workdir/hadoop-ozone/integration-test/target/test-dir/MiniOzoneClusterImpl-d07e3086-68e0-4340-b24d-43dfb7c1e85c/datanode-2/data/ratis/81d94f64-6889-41f7-a810-2c40fedd16b2 does not exist. Creating ...
2019-10-15 08:42:56,021 [pool-413-thread-1] INFO  server.RaftServerConfigKeys (ConfUtils.java:logGet(43)) - raft.server.storage.dir = [/workdir/hadoop-ozone/integration-test/target/test-dir/MiniOzoneClusterImpl-d07e3086-68e0-4340-b24d-43dfb7c1e85c/datanode-3/data/ratis] (custom)
2019-10-15 08:42:56,022 [pool-413-thread-1] INFO  server.RaftServerConfigKeys (ConfUtils.java:logGet(43)) - raft.server.log.corruption.policy = EXCEPTION (default)
2019-10-15 08:42:56,022 [pool-413-thread-1] INFO  storage.RaftStorageDirectory (RaftStorageDirectory.java:analyzeStorage(246)) - The storage directory /workdir/hadoop-ozone/integration-test/target/test-dir/MiniOzoneClusterImpl-d07e3086-68e0-4340-b24d-43dfb7c1e85c/datanode-3/data/ratis/81d94f64-6889-41f7-a810-2c40fedd16b2 does not exist. Creating ...
2019-10-15 08:42:56,060 [pool-403-thread-1] INFO  storage.RaftStorageDirectory (RaftStorageDirectory.java:tryLock(328)) - Lock on /workdir/hadoop-ozone/integration-test/target/test-dir/MiniOzoneClusterImpl-d07e3086-68e0-4340-b24d-43dfb7c1e85c/datanode-2/data/ratis/81d94f64-6889-41f7-a810-2c40fedd16b2/in_use.lock acquired by nodename 17889@pr-hdds-1569-hdnwc-3336613964
2019-10-15 08:42:56,060 [pool-413-thread-1] INFO  storage.RaftStorageDirectory (RaftStorageDirectory.java:tryLock(328)) - Lock on /workdir/hadoop-ozone/integration-test/target/test-dir/MiniOzoneClusterImpl-d07e3086-68e0-4340-b24d-43dfb7c1e85c/datanode-3/data/ratis/81d94f64-6889-41f7-a810-2c40fedd16b2/in_use.lock acquired by nodename 17889@pr-hdds-1569-hdnwc-3336613964
2019-10-15 08:42:56,060 [pool-393-thread-1] INFO  storage.RaftStorageDirectory (RaftStorageDirectory.java:tryLock(328)) - Lock on /workdir/hadoop-ozone/integration-test/target/test-dir/MiniOzoneClusterImpl-d07e3086-68e0-4340-b24d-43dfb7c1e85c/datanode-1/data/ratis/81d94f64-6889-41f7-a810-2c40fedd16b2/in_use.lock acquired by nodename 17889@pr-hdds-1569-hdnwc-3336613964
2019-10-15 08:42:56,086 [pool-403-thread-1] INFO  storage.RaftStorage (RaftStorage.java:format(84)) - Storage directory /workdir/hadoop-ozone/integration-test/target/test-dir/MiniOzoneClusterImpl-d07e3086-68e0-4340-b24d-43dfb7c1e85c/datanode-2/data/ratis/81d94f64-6889-41f7-a810-2c40fedd16b2 has been successfully formatted.
2019-10-15 08:42:56,086 [pool-393-thread-1] INFO  storage.RaftStorage (RaftStorage.java:format(84)) - Storage directory /workdir/hadoop-ozone/integration-test/target/test-dir/MiniOzoneClusterImpl-d07e3086-68e0-4340-b24d-43dfb7c1e85c/datanode-1/data/ratis/81d94f64-6889-41f7-a810-2c40fedd16b2 has been successfully formatted.
2019-10-15 08:42:56,086 [pool-413-thread-1] INFO  storage.RaftStorage (RaftStorage.java:format(84)) - Storage directory /workdir/hadoop-ozone/integration-test/target/test-dir/MiniOzoneClusterImpl-d07e3086-68e0-4340-b24d-43dfb7c1e85c/datanode-3/data/ratis/81d94f64-6889-41f7-a810-2c40fedd16b2 has been successfully formatted.
2019-10-15 08:42:56,086 [pool-393-thread-1] INFO  ratis.ContainerStateMachine (ContainerStateMachine.java:loadSnapshot(231)) - group-2C40FEDD16B2: The snapshot info is null. Setting the last applied indexto:(t:0, i:~)
2019-10-15 08:42:56,086 [pool-403-thread-1] INFO  ratis.ContainerStateMachine (ContainerStateMachine.java:loadSnapshot(231)) - group-2C40FEDD16B2: The snapshot info is null. Setting the last applied indexto:(t:0, i:~)
2019-10-15 08:42:56,087 [pool-393-thread-1] INFO  server.RaftServerConfigKeys (ConfUtils.java:logGet(43)) - raft.server.notification.no-leader.timeout = 120s (custom)
2019-10-15 08:42:56,087 [pool-413-thread-1] INFO  ratis.ContainerStateMachine (ContainerStateMachine.java:loadSnapshot(231)) - group-2C40FEDD16B2: The snapshot info is null. Setting the last applied indexto:(t:0, i:~)
2019-10-15 08:42:56,087 [pool-393-thread-1] INFO  server.RaftServerConfigKeys (ConfUtils.java:logGet(43)) - raft.server.log.use.memory = false (default)
2019-10-15 08:42:56,087 [pool-403-thread-1] INFO  server.RaftServerConfigKeys (ConfUtils.java:logGet(43)) - raft.server.notification.no-leader.timeout = 120s (custom)
2019-10-15 08:42:56,087 [pool-393-thread-1] INFO  server.RaftServerConfigKeys (ConfUtils.java:logGet(43)) - raft.server.log.purge.gap = 1000000 (custom)
2019-10-15 08:42:56,087 [pool-413-thread-1] INFO  server.RaftServerConfigKeys (ConfUtils.java:logGet(43)) - raft.server.notification.no-leader.timeout = 120s (custom)
2019-10-15 08:42:56,087 [pool-393-thread-1] INFO  server.RaftServerConfigKeys (ConfUtils.java:logGet(43)) - raft.server.log.appender.buffer.byte-limit = 33554432 (custom)
2019-10-15 08:42:56,087 [pool-403-thread-1] INFO  server.RaftServerConfigKeys (ConfUtils.java:logGet(43)) - raft.server.log.use.memory = false (default)
2019-10-15 08:42:56,088 [pool-393-thread-1] INFO  server.RaftServerConfigKeys (ConfUtils.java:logGet(43)) - raft.server.log.segment.size.max = 1048576 (custom)
2019-10-15 08:42:56,088 [pool-413-thread-1] INFO  server.RaftServerConfigKeys (ConfUtils.java:logGet(43)) - raft.server.log.use.memory = false (default)
2019-10-15 08:42:56,088 [pool-393-thread-1] INFO  server.RaftServerConfigKeys (ConfUtils.java:logGet(43)) - raft.server.log.segment.cache.num.max = 2 (custom)
2019-10-15 08:42:56,088 [pool-403-thread-1] INFO  server.RaftServerConfigKeys (ConfUtils.java:logGet(43)) - raft.server.log.purge.gap = 1000000 (custom)
2019-10-15 08:42:56,088 [pool-393-thread-1] INFO  segmented.SegmentedRaftLogWorker (SegmentedRaftLogWorker.java:<init>(173)) - new 6d748945-2cb3-4aae-9aee-4a048f933dd9@group-2C40FEDD16B2-SegmentedRaftLogWorker for RaftStorage:Storage Directory /workdir/hadoop-ozone/integration-test/target/test-dir/MiniOzoneClusterImpl-d07e3086-68e0-4340-b24d-43dfb7c1e85c/datanode-1/data/ratis/81d94f64-6889-41f7-a810-2c40fedd16b2
2019-10-15 08:42:56,088 [pool-413-thread-1] INFO  server.RaftServerConfigKeys (ConfUtils.java:logGet(43)) - raft.server.log.purge.gap = 1000000 (custom)
2019-10-15 08:42:56,089 [pool-393-thread-1] INFO  server.RaftServerConfigKeys (ConfUtils.java:logGet(43)) - raft.server.log.queue.byte-limit = 2147483647 (custom)
2019-10-15 08:42:56,088 [pool-403-thread-1] INFO  server.RaftServerConfigKeys (ConfUtils.java:logGet(43)) - raft.server.log.appender.buffer.byte-limit = 33554432 (custom)
2019-10-15 08:42:56,089 [pool-393-thread-1] INFO  server.RaftServerConfigKeys (ConfUtils.java:logGet(43)) - raft.server.log.queue.element-limit = 1024 (custom)
2019-10-15 08:42:56,089 [pool-413-thread-1] INFO  server.RaftServerConfigKeys (ConfUtils.java:logGet(43)) - raft.server.log.appender.buffer.byte-limit = 33554432 (custom)
2019-10-15 08:42:56,089 [pool-393-thread-1] INFO  server.RaftServerConfigKeys (ConfUtils.java:logGet(43)) - raft.server.log.segment.size.max = 1048576 (custom)
2019-10-15 08:42:56,089 [pool-403-thread-1] INFO  server.RaftServerConfigKeys (ConfUtils.java:logGet(43)) - raft.server.log.segment.size.max = 1048576 (custom)
2019-10-15 08:42:56,089 [pool-393-thread-1] INFO  server.RaftServerConfigKeys (ConfUtils.java:logGet(43)) - raft.server.log.preallocated.size = 16384 (custom)
2019-10-15 08:42:56,089 [pool-413-thread-1] INFO  server.RaftServerConfigKeys (ConfUtils.java:logGet(43)) - raft.server.log.segment.size.max = 1048576 (custom)
2019-10-15 08:42:56,090 [pool-393-thread-1] INFO  server.RaftServerConfigKeys (ConfUtils.java:logGet(43)) - raft.server.log.write.buffer.size = 33554432 (custom)
2019-10-15 08:42:56,090 [pool-403-thread-1] INFO  server.RaftServerConfigKeys (ConfUtils.java:logGet(43)) - raft.server.log.segment.cache.num.max = 2 (custom)
2019-10-15 08:42:56,090 [pool-393-thread-1] INFO  server.RaftServerConfigKeys (ConfUtils.java:logGet(43)) - raft.server.log.force.sync.num = 128 (default)
2019-10-15 08:42:56,090 [pool-413-thread-1] INFO  server.RaftServerConfigKeys (ConfUtils.java:logGet(43)) - raft.server.log.segment.cache.num.max = 2 (custom)
2019-10-15 08:42:56,090 [pool-393-thread-1] INFO  server.RaftServerConfigKeys (ConfUtils.java:logGet(43)) - raft.server.log.statemachine.data.sync = true (default)
2019-10-15 08:42:56,090 [pool-403-thread-1] INFO  segmented.SegmentedRaftLogWorker (SegmentedRaftLogWorker.java:<init>(173)) - new a157920a-90c8-4f06-9961-45c06f377a82@group-2C40FEDD16B2-SegmentedRaftLogWorker for RaftStorage:Storage Directory /workdir/hadoop-ozone/integration-test/target/test-dir/MiniOzoneClusterImpl-d07e3086-68e0-4340-b24d-43dfb7c1e85c/datanode-2/data/ratis/81d94f64-6889-41f7-a810-2c40fedd16b2
2019-10-15 08:42:56,090 [pool-393-thread-1] INFO  server.RaftServerConfigKeys (ConfUtils.java:logGet(43)) - raft.server.log.statemachine.data.sync.timeout = 10s (default)
2019-10-15 08:42:56,090 [pool-413-thread-1] INFO  segmented.SegmentedRaftLogWorker (SegmentedRaftLogWorker.java:<init>(173)) - new 54862fcb-67c7-42a5-84bb-0e71c50d9a51@group-2C40FEDD16B2-SegmentedRaftLogWorker for RaftStorage:Storage Directory /workdir/hadoop-ozone/integration-test/target/test-dir/MiniOzoneClusterImpl-d07e3086-68e0-4340-b24d-43dfb7c1e85c/datanode-3/data/ratis/81d94f64-6889-41f7-a810-2c40fedd16b2
2019-10-15 08:42:56,091 [pool-393-thread-1] INFO  server.RaftServerConfigKeys (ConfUtils.java:logGet(43)) - raft.server.log.statemachine.data.sync.timeout.retry = -1 (default)
2019-10-15 08:42:56,091 [pool-403-thread-1] INFO  server.RaftServerConfigKeys (ConfUtils.java:logGet(43)) - raft.server.log.queue.byte-limit = 2147483647 (custom)
2019-10-15 08:42:56,091 [pool-393-thread-1] INFO  server.RaftServerConfigKeys (ConfUtils.java:logGet(43)) - raft.server.log.statemachine.data.caching.enabled = true (custom)
2019-10-15 08:42:56,091 [pool-413-thread-1] INFO  server.RaftServerConfigKeys (ConfUtils.java:logGet(43)) - raft.server.log.queue.byte-limit = 2147483647 (custom)
2019-10-15 08:42:56,091 [pool-403-thread-1] INFO  server.RaftServerConfigKeys (ConfUtils.java:logGet(43)) - raft.server.log.queue.element-limit = 1024 (custom)
2019-10-15 08:42:56,091 [pool-393-thread-1] INFO  segmented.SegmentedRaftLogWorker (SegmentedRaftLogWorker.java:lambda$new$0(128)) - 6d748945-2cb3-4aae-9aee-4a048f933dd9@group-2C40FEDD16B2-SegmentedRaftLogWorker: flushIndex: setUnconditionally 0 -> -1
2019-10-15 08:42:56,091 [pool-413-thread-1] INFO  server.RaftServerConfigKeys (ConfUtils.java:logGet(43)) - raft.server.log.queue.element-limit = 1024 (custom)
2019-10-15 08:42:56,091 [pool-403-thread-1] INFO  server.RaftServerConfigKeys (ConfUtils.java:logGet(43)) - raft.server.log.segment.size.max = 1048576 (custom)
2019-10-15 08:42:56,092 [pool-393-thread-1] INFO  server.RaftServerConfigKeys (ConfUtils.java:logGet(43)) - raft.server.snapshot.auto.trigger.enabled = true (custom)
2019-10-15 08:42:56,092 [pool-413-thread-1] INFO  server.RaftServerConfigKeys (ConfUtils.java:logGet(43)) - raft.server.log.segment.size.max = 1048576 (custom)
2019-10-15 08:42:56,092 [pool-393-thread-1] INFO  server.RaftServerConfigKeys (ConfUtils.java:logGet(43)) - raft.server.snapshot.auto.trigger.threshold = 10000 (custom)
2019-10-15 08:42:56,092 [pool-403-thread-1] INFO  server.RaftServerConfigKeys (ConfUtils.java:logGet(43)) - raft.server.log.preallocated.size = 16384 (custom)
2019-10-15 08:42:56,092 [pool-393-thread-1] INFO  server.RaftServerConfigKeys (ConfUtils.java:logGet(43)) - raft.server.snapshot.retention.file.num = 5 (custom)
2019-10-15 08:42:56,092 [pool-413-thread-1] INFO  server.RaftServerConfigKeys (ConfUtils.java:logGet(43)) - raft.server.log.preallocated.size = 16384 (custom)
2019-10-15 08:42:56,093 [pool-393-thread-1] INFO  server.RaftServerConfigKeys (ConfUtils.java:logGet(43)) - raft.server.retrycache.expirytime = 600000ms (custom)
2019-10-15 08:42:56,092 [pool-403-thread-1] INFO  server.RaftServerConfigKeys (ConfUtils.java:logGet(43)) - raft.server.log.write.buffer.size = 33554432 (custom)
2019-10-15 08:42:56,093 [pool-413-thread-1] INFO  server.RaftServerConfigKeys (ConfUtils.java:logGet(43)) - raft.server.log.write.buffer.size = 33554432 (custom)
2019-10-15 08:42:56,093 [pool-403-thread-1] INFO  server.RaftServerConfigKeys (ConfUtils.java:logGet(43)) - raft.server.log.force.sync.num = 128 (default)
2019-10-15 08:42:56,093 [pool-413-thread-1] INFO  server.RaftServerConfigKeys (ConfUtils.java:logGet(43)) - raft.server.log.force.sync.num = 128 (default)
2019-10-15 08:42:56,093 [pool-403-thread-1] INFO  server.RaftServerConfigKeys (ConfUtils.java:logGet(43)) - raft.server.log.statemachine.data.sync = true (default)
2019-10-15 08:42:56,093 [pool-413-thread-1] INFO  server.RaftServerConfigKeys (ConfUtils.java:logGet(43)) - raft.server.log.statemachine.data.sync = true (default)
2019-10-15 08:42:56,093 [pool-403-thread-1] INFO  server.RaftServerConfigKeys (ConfUtils.java:logGet(43)) - raft.server.log.statemachine.data.sync.timeout = 10s (default)
2019-10-15 08:42:56,094 [pool-413-thread-1] INFO  server.RaftServerConfigKeys (ConfUtils.java:logGet(43)) - raft.server.log.statemachine.data.sync.timeout = 10s (default)
2019-10-15 08:42:56,094 [pool-403-thread-1] INFO  server.RaftServerConfigKeys (ConfUtils.java:logGet(43)) - raft.server.log.statemachine.data.sync.timeout.retry = -1 (default)
2019-10-15 08:42:56,094 [pool-413-thread-1] INFO  server.RaftServerConfigKeys (ConfUtils.java:logGet(43)) - raft.server.log.statemachine.data.sync.timeout.retry = -1 (default)
2019-10-15 08:42:56,094 [pool-403-thread-1] INFO  server.RaftServerConfigKeys (ConfUtils.java:logGet(43)) - raft.server.log.statemachine.data.caching.enabled = true (custom)
2019-10-15 08:42:56,094 [pool-413-thread-1] INFO  server.RaftServerConfigKeys (ConfUtils.java:logGet(43)) - raft.server.log.statemachine.data.caching.enabled = true (custom)
2019-10-15 08:42:56,094 [pool-403-thread-1] INFO  segmented.SegmentedRaftLogWorker (SegmentedRaftLogWorker.java:lambda$new$0(128)) - a157920a-90c8-4f06-9961-45c06f377a82@group-2C40FEDD16B2-SegmentedRaftLogWorker: flushIndex: setUnconditionally 0 -> -1
2019-10-15 08:42:56,094 [pool-413-thread-1] INFO  segmented.SegmentedRaftLogWorker (SegmentedRaftLogWorker.java:lambda$new$0(128)) - 54862fcb-67c7-42a5-84bb-0e71c50d9a51@group-2C40FEDD16B2-SegmentedRaftLogWorker: flushIndex: setUnconditionally 0 -> -1
2019-10-15 08:42:56,094 [pool-393-thread-1] INFO  impl.RaftServerImpl (RaftServerImpl.java:start(181)) - 6d748945-2cb3-4aae-9aee-4a048f933dd9@group-2C40FEDD16B2: start as a follower, conf=-1: [54862fcb-67c7-42a5-84bb-0e71c50d9a51:192.168.164.209:41983, 6d748945-2cb3-4aae-9aee-4a048f933dd9:192.168.164.209:33292, a157920a-90c8-4f06-9961-45c06f377a82:192.168.164.209:45973], old=null
2019-10-15 08:42:56,095 [pool-403-thread-1] INFO  server.RaftServerConfigKeys (ConfUtils.java:logGet(43)) - raft.server.snapshot.auto.trigger.enabled = true (custom)
2019-10-15 08:42:56,095 [pool-413-thread-1] INFO  server.RaftServerConfigKeys (ConfUtils.java:logGet(43)) - raft.server.snapshot.auto.trigger.enabled = true (custom)
2019-10-15 08:42:56,095 [pool-393-thread-1] INFO  impl.RaftServerImpl (RaftServerImpl.java:setRole(170)) - 6d748945-2cb3-4aae-9aee-4a048f933dd9@group-2C40FEDD16B2: changes role from      null to FOLLOWER at term 0 for startAsFollower
2019-10-15 08:42:56,095 [pool-413-thread-1] INFO  server.RaftServerConfigKeys (ConfUtils.java:logGet(43)) - raft.server.snapshot.auto.trigger.threshold = 10000 (custom)
2019-10-15 08:42:56,095 [pool-403-thread-1] INFO  server.RaftServerConfigKeys (ConfUtils.java:logGet(43)) - raft.server.snapshot.auto.trigger.threshold = 10000 (custom)
2019-10-15 08:42:56,095 [pool-413-thread-1] INFO  server.RaftServerConfigKeys (ConfUtils.java:logGet(43)) - raft.server.snapshot.retention.file.num = 5 (custom)
2019-10-15 08:42:56,095 [pool-393-thread-1] INFO  impl.RoleInfo (RoleInfo.java:updateAndGet(143)) - 6d748945-2cb3-4aae-9aee-4a048f933dd9: start FollowerState
2019-10-15 08:42:56,095 [pool-413-thread-1] INFO  server.RaftServerConfigKeys (ConfUtils.java:logGet(43)) - raft.server.retrycache.expirytime = 600000ms (custom)
2019-10-15 08:42:56,095 [pool-403-thread-1] INFO  server.RaftServerConfigKeys (ConfUtils.java:logGet(43)) - raft.server.snapshot.retention.file.num = 5 (custom)
2019-10-15 08:42:56,096 [pool-393-thread-1] INFO  util.JmxRegister (JmxRegister.java:tryRegister(44)) - Successfully registered JMX Bean with object name Ratis:service=RaftServer,group=group-2C40FEDD16B2,id=6d748945-2cb3-4aae-9aee-4a048f933dd9
2019-10-15 08:42:56,096 [pool-403-thread-1] INFO  server.RaftServerConfigKeys (ConfUtils.java:logGet(43)) - raft.server.retrycache.expirytime = 600000ms (custom)
2019-10-15 08:42:56,099 [pool-413-thread-1] INFO  impl.RaftServerImpl (RaftServerImpl.java:start(181)) - 54862fcb-67c7-42a5-84bb-0e71c50d9a51@group-2C40FEDD16B2: start as a follower, conf=-1: [54862fcb-67c7-42a5-84bb-0e71c50d9a51:192.168.164.209:41983, 6d748945-2cb3-4aae-9aee-4a048f933dd9:192.168.164.209:33292, a157920a-90c8-4f06-9961-45c06f377a82:192.168.164.209:45973], old=null
2019-10-15 08:42:56,100 [pool-413-thread-1] INFO  impl.RaftServerImpl (RaftServerImpl.java:setRole(170)) - 54862fcb-67c7-42a5-84bb-0e71c50d9a51@group-2C40FEDD16B2: changes role from      null to FOLLOWER at term 0 for startAsFollower
2019-10-15 08:42:56,100 [pool-403-thread-1] INFO  impl.RaftServerImpl (RaftServerImpl.java:start(181)) - a157920a-90c8-4f06-9961-45c06f377a82@group-2C40FEDD16B2: start as a follower, conf=-1: [54862fcb-67c7-42a5-84bb-0e71c50d9a51:192.168.164.209:41983, 6d748945-2cb3-4aae-9aee-4a048f933dd9:192.168.164.209:33292, a157920a-90c8-4f06-9961-45c06f377a82:192.168.164.209:45973], old=null
2019-10-15 08:42:56,100 [pool-413-thread-1] INFO  impl.RoleInfo (RoleInfo.java:updateAndGet(143)) - 54862fcb-67c7-42a5-84bb-0e71c50d9a51: start FollowerState
2019-10-15 08:42:56,100 [pool-403-thread-1] INFO  impl.RaftServerImpl (RaftServerImpl.java:setRole(170)) - a157920a-90c8-4f06-9961-45c06f377a82@group-2C40FEDD16B2: changes role from      null to FOLLOWER at term 0 for startAsFollower
2019-10-15 08:42:56,100 [pool-403-thread-1] INFO  impl.RoleInfo (RoleInfo.java:updateAndGet(143)) - a157920a-90c8-4f06-9961-45c06f377a82: start FollowerState
2019-10-15 08:42:56,100 [pool-413-thread-1] INFO  util.JmxRegister (JmxRegister.java:tryRegister(44)) - Successfully registered JMX Bean with object name Ratis:service=RaftServer,group=group-2C40FEDD16B2,id=54862fcb-67c7-42a5-84bb-0e71c50d9a51
2019-10-15 08:42:56,100 [pool-403-thread-1] INFO  util.JmxRegister (JmxRegister.java:tryRegister(44)) - Successfully registered JMX Bean with object name Ratis:service=RaftServer,group=group-2C40FEDD16B2,id=a157920a-90c8-4f06-9961-45c06f377a82
2019-10-15 08:42:56,105 [RatisPipelineUtilsThread] INFO  pipeline.PipelineStateManager (PipelineStateManager.java:addPipeline(56)) - Created pipeline Pipeline[ Id: 81d94f64-6889-41f7-a810-2c40fedd16b2, Nodes: a157920a-90c8-4f06-9961-45c06f377a82{ip: 192.168.164.209, host: pr-hdds-1569-hdnwc-3336613964, networkLocation: /default-rack, certSerialId: null}54862fcb-67c7-42a5-84bb-0e71c50d9a51{ip: 192.168.164.209, host: pr-hdds-1569-hdnwc-3336613964, networkLocation: /default-rack, certSerialId: null}6d748945-2cb3-4aae-9aee-4a048f933dd9{ip: 192.168.164.209, host: pr-hdds-1569-hdnwc-3336613964, networkLocation: /default-rack, certSerialId: null}, Type:RATIS, Factor:THREE, State:OPEN]
2019-10-15 08:42:56,106 [RatisPipelineUtilsThread] INFO  pipeline.PipelinePlacementPolicy (PipelinePlacementPolicy.java:meetCriteria(104)) - Pipeline Placement: can't place more pipeline on heavy datanode： 77143d31-7a05-49d3-8166-c63e8419bc63 Heaviness: 5 limit: 5
2019-10-15 08:42:56,106 [RatisPipelineUtilsThread] INFO  pipeline.PipelinePlacementPolicy (PipelinePlacementPolicy.java:meetCriteria(104)) - Pipeline Placement: can't place more pipeline on heavy datanode： f6d552c9-f983-4597-b4d0-1b438ea21ad8 Heaviness: 5 limit: 5
2019-10-15 08:42:56,106 [RatisPipelineUtilsThread] INFO  pipeline.PipelinePlacementPolicy (PipelinePlacementPolicy.java:meetCriteria(104)) - Pipeline Placement: can't place more pipeline on heavy datanode： 4c00b829-f7eb-437b-9af3-99601f151fac Heaviness: 5 limit: 5
2019-10-15 08:42:56,106 [RatisPipelineUtilsThread] INFO  pipeline.PipelinePlacementPolicy (PipelinePlacementPolicy.java:meetCriteria(104)) - Pipeline Placement: can't place more pipeline on heavy datanode： a157920a-90c8-4f06-9961-45c06f377a82 Heaviness: 5 limit: 5
2019-10-15 08:42:56,106 [RatisPipelineUtilsThread] INFO  pipeline.PipelinePlacementPolicy (PipelinePlacementPolicy.java:meetCriteria(104)) - Pipeline Placement: can't place more pipeline on heavy datanode： 54862fcb-67c7-42a5-84bb-0e71c50d9a51 Heaviness: 5 limit: 5
2019-10-15 08:42:56,106 [RatisPipelineUtilsThread] INFO  pipeline.PipelinePlacementPolicy (PipelinePlacementPolicy.java:meetCriteria(104)) - Pipeline Placement: can't place more pipeline on heavy datanode： 6d748945-2cb3-4aae-9aee-4a048f933dd9 Heaviness: 5 limit: 5
2019-10-15 08:42:56,107 [RatisPipelineUtilsThread] ERROR pipeline.PipelinePlacementPolicy (PipelinePlacementPolicy.java:filterViableNodes(162)) - Unable to find enough nodes that meet the criteria that cannot engage in more than 5 pipelines. Nodes required: 3 Found: 1, healthy nodes count in NodeManager: 7.
2019-10-15 08:42:56,107 [RatisPipelineUtilsThread] ERROR pipeline.SCMPipelineManager (SCMPipelineManager.java:createPipeline(193)) - Pipeline creation failed.
org.apache.hadoop.hdds.scm.exceptions.SCMException: Unable to find enough nodes that meet the criteria that cannot engage in more than 5 pipelines. Nodes required: 3 Found: 1, healthy nodes count in NodeManager: 7.
	at org.apache.hadoop.hdds.scm.pipeline.PipelinePlacementPolicy.filterViableNodes(PipelinePlacementPolicy.java:163)
	at org.apache.hadoop.hdds.scm.pipeline.PipelinePlacementPolicy.chooseDatanodes(PipelinePlacementPolicy.java:186)
	at org.apache.hadoop.hdds.scm.pipeline.RatisPipelineProvider.create(RatisPipelineProvider.java:131)
	at org.apache.hadoop.hdds.scm.pipeline.PipelineFactory.create(PipelineFactory.java:58)
	at org.apache.hadoop.hdds.scm.pipeline.SCMPipelineManager.createPipeline(SCMPipelineManager.java:183)
	at org.apache.hadoop.hdds.scm.pipeline.BackgroundPipelineCreator.createPipelines(BackgroundPipelineCreator.java:100)
	at java.util.concurrent.Executors$RunnableAdapter.call(Executors.java:511)
	at java.util.concurrent.FutureTask.run(FutureTask.java:266)
	at java.util.concurrent.ScheduledThreadPoolExecutor$ScheduledFutureTask.access$201(ScheduledThreadPoolExecutor.java:180)
	at java.util.concurrent.ScheduledThreadPoolExecutor$ScheduledFutureTask.run(ScheduledThreadPoolExecutor.java:293)
	at java.util.concurrent.ThreadPoolExecutor.runWorker(ThreadPoolExecutor.java:1149)
	at java.util.concurrent.ThreadPoolExecutor$Worker.run(ThreadPoolExecutor.java:624)
	at java.lang.Thread.run(Thread.java:748)
2019-10-15 08:42:56,107 [RatisPipelineUtilsThread] INFO  pipeline.PipelinePlacementPolicy (PipelinePlacementPolicy.java:meetCriteria(104)) - Pipeline Placement: can't place more pipeline on heavy datanode： 77143d31-7a05-49d3-8166-c63e8419bc63 Heaviness: 5 limit: 5
2019-10-15 08:42:56,108 [RatisPipelineUtilsThread] INFO  pipeline.PipelinePlacementPolicy (PipelinePlacementPolicy.java:meetCriteria(104)) - Pipeline Placement: can't place more pipeline on heavy datanode： f6d552c9-f983-4597-b4d0-1b438ea21ad8 Heaviness: 5 limit: 5
2019-10-15 08:42:56,108 [RatisPipelineUtilsThread] INFO  pipeline.PipelinePlacementPolicy (PipelinePlacementPolicy.java:meetCriteria(104)) - Pipeline Placement: can't place more pipeline on heavy datanode： 4c00b829-f7eb-437b-9af3-99601f151fac Heaviness: 5 limit: 5
2019-10-15 08:42:56,108 [RatisPipelineUtilsThread] INFO  pipeline.PipelinePlacementPolicy (PipelinePlacementPolicy.java:meetCriteria(104)) - Pipeline Placement: can't place more pipeline on heavy datanode： a157920a-90c8-4f06-9961-45c06f377a82 Heaviness: 5 limit: 5
2019-10-15 08:42:56,108 [RatisPipelineUtilsThread] INFO  pipeline.PipelinePlacementPolicy (PipelinePlacementPolicy.java:meetCriteria(104)) - Pipeline Placement: can't place more pipeline on heavy datanode： 54862fcb-67c7-42a5-84bb-0e71c50d9a51 Heaviness: 5 limit: 5
2019-10-15 08:42:56,108 [RatisPipelineUtilsThread] INFO  pipeline.PipelinePlacementPolicy (PipelinePlacementPolicy.java:meetCriteria(104)) - Pipeline Placement: can't place more pipeline on heavy datanode： 6d748945-2cb3-4aae-9aee-4a048f933dd9 Heaviness: 5 limit: 5
2019-10-15 08:42:56,109 [RatisPipelineUtilsThread] ERROR pipeline.PipelinePlacementPolicy (PipelinePlacementPolicy.java:filterViableNodes(162)) - Unable to find enough nodes that meet the criteria that cannot engage in more than 5 pipelines. Nodes required: 3 Found: 1, healthy nodes count in NodeManager: 7.
2019-10-15 08:42:56,109 [RatisPipelineUtilsThread] ERROR pipeline.SCMPipelineManager (SCMPipelineManager.java:createPipeline(193)) - Pipeline creation failed.
org.apache.hadoop.hdds.scm.exceptions.SCMException: Unable to find enough nodes that meet the criteria that cannot engage in more than 5 pipelines. Nodes required: 3 Found: 1, healthy nodes count in NodeManager: 7.
	at org.apache.hadoop.hdds.scm.pipeline.PipelinePlacementPolicy.filterViableNodes(PipelinePlacementPolicy.java:163)
	at org.apache.hadoop.hdds.scm.pipeline.PipelinePlacementPolicy.chooseDatanodes(PipelinePlacementPolicy.java:186)
	at org.apache.hadoop.hdds.scm.pipeline.RatisPipelineProvider.create(RatisPipelineProvider.java:131)
	at org.apache.hadoop.hdds.scm.pipeline.PipelineFactory.create(PipelineFactory.java:58)
	at org.apache.hadoop.hdds.scm.pipeline.SCMPipelineManager.createPipeline(SCMPipelineManager.java:183)
	at org.apache.hadoop.hdds.scm.pipeline.BackgroundPipelineCreator.createPipelines(BackgroundPipelineCreator.java:100)
	at org.apache.hadoop.hdds.scm.pipeline.BackgroundPipelineCreator.lambda$startFixedIntervalPipelineCreator$0(BackgroundPipelineCreator.java:70)
	at java.util.concurrent.Executors$RunnableAdapter.call(Executors.java:511)
	at java.util.concurrent.FutureTask.runAndReset(FutureTask.java:308)
	at java.util.concurrent.ScheduledThreadPoolExecutor$ScheduledFutureTask.access$301(ScheduledThreadPoolExecutor.java:180)
	at java.util.concurrent.ScheduledThreadPoolExecutor$ScheduledFutureTask.run(ScheduledThreadPoolExecutor.java:294)
	at java.util.concurrent.ThreadPoolExecutor.runWorker(ThreadPoolExecutor.java:1149)
	at java.util.concurrent.ThreadPoolExecutor$Worker.run(ThreadPoolExecutor.java:624)
	at java.lang.Thread.run(Thread.java:748)
2019-10-15 08:42:56,271 [main] INFO  ozone.MiniOzoneClusterImpl (MiniOzoneClusterImpl.java:lambda$waitForClusterToBeReady$0(147)) - Cluster is ready. Got 7 of 7 DN Heartbeats.
2019-10-15 08:42:56,311 [main] INFO  rpc.RpcClient (RpcClient.java:createVolume(272)) - Creating Volume: watchforcommithandlingtest, with jenkins1000 as owner.
2019-10-15 08:42:56,315 [IPC Server handler 8 on 40569] INFO  volume.OMVolumeCreateRequest (OMVolumeCreateRequest.java:validateAndUpdateCache(193)) - created volume:watchforcommithandlingtest for user:jenkins1000
2019-10-15 08:42:56,328 [main] INFO  rpc.RpcClient (RpcClient.java:createBucket(411)) - Creating Bucket: watchforcommithandlingtest/watchforcommithandlingtest, with Versioning false and Storage Type set to DISK and Encryption set to false 
2019-10-15 08:42:56,333 [main] INFO  ozone.MiniOzoneClusterImpl (MiniOzoneClusterImpl.java:getStorageContainerLocationClient(234)) - Creating StorageContainerLocationProtocol RPC client with address /0.0.0.0:35361
2019-10-15 08:42:56,334 [IPC Server handler 3 on 35361] INFO  pipeline.PipelinePlacementPolicy (PipelinePlacementPolicy.java:meetCriteria(104)) - Pipeline Placement: can't place more pipeline on heavy datanode： 77143d31-7a05-49d3-8166-c63e8419bc63 Heaviness: 5 limit: 5
2019-10-15 08:42:56,334 [IPC Server handler 3 on 35361] INFO  pipeline.PipelinePlacementPolicy (PipelinePlacementPolicy.java:meetCriteria(104)) - Pipeline Placement: can't place more pipeline on heavy datanode： f6d552c9-f983-4597-b4d0-1b438ea21ad8 Heaviness: 5 limit: 5
2019-10-15 08:42:56,334 [IPC Server handler 3 on 35361] INFO  pipeline.PipelinePlacementPolicy (PipelinePlacementPolicy.java:meetCriteria(104)) - Pipeline Placement: can't place more pipeline on heavy datanode： 4c00b829-f7eb-437b-9af3-99601f151fac Heaviness: 5 limit: 5
2019-10-15 08:42:56,334 [IPC Server handler 3 on 35361] INFO  pipeline.PipelinePlacementPolicy (PipelinePlacementPolicy.java:meetCriteria(104)) - Pipeline Placement: can't place more pipeline on heavy datanode： a157920a-90c8-4f06-9961-45c06f377a82 Heaviness: 5 limit: 5
2019-10-15 08:42:56,335 [IPC Server handler 3 on 35361] INFO  pipeline.PipelinePlacementPolicy (PipelinePlacementPolicy.java:meetCriteria(104)) - Pipeline Placement: can't place more pipeline on heavy datanode： 54862fcb-67c7-42a5-84bb-0e71c50d9a51 Heaviness: 5 limit: 5
2019-10-15 08:42:56,335 [IPC Server handler 3 on 35361] INFO  pipeline.PipelinePlacementPolicy (PipelinePlacementPolicy.java:meetCriteria(104)) - Pipeline Placement: can't place more pipeline on heavy datanode： 6d748945-2cb3-4aae-9aee-4a048f933dd9 Heaviness: 5 limit: 5
2019-10-15 08:42:56,335 [IPC Server handler 3 on 35361] ERROR pipeline.PipelinePlacementPolicy (PipelinePlacementPolicy.java:filterViableNodes(162)) - Unable to find enough nodes that meet the criteria that cannot engage in more than 5 pipelines. Nodes required: 3 Found: 1, healthy nodes count in NodeManager: 7.
2019-10-15 08:42:56,335 [IPC Server handler 3 on 35361] ERROR pipeline.SCMPipelineManager (SCMPipelineManager.java:createPipeline(193)) - Pipeline creation failed.
org.apache.hadoop.hdds.scm.exceptions.SCMException: Unable to find enough nodes that meet the criteria that cannot engage in more than 5 pipelines. Nodes required: 3 Found: 1, healthy nodes count in NodeManager: 7.
	at org.apache.hadoop.hdds.scm.pipeline.PipelinePlacementPolicy.filterViableNodes(PipelinePlacementPolicy.java:163)
	at org.apache.hadoop.hdds.scm.pipeline.PipelinePlacementPolicy.chooseDatanodes(PipelinePlacementPolicy.java:186)
	at org.apache.hadoop.hdds.scm.pipeline.RatisPipelineProvider.create(RatisPipelineProvider.java:131)
	at org.apache.hadoop.hdds.scm.pipeline.PipelineFactory.create(PipelineFactory.java:58)
	at org.apache.hadoop.hdds.scm.pipeline.SCMPipelineManager.createPipeline(SCMPipelineManager.java:183)
	at org.apache.hadoop.hdds.scm.container.ContainerStateManager.allocateContainer(ContainerStateManager.java:255)
	at org.apache.hadoop.hdds.scm.container.SCMContainerManager.allocateContainer(SCMContainerManager.java:255)
	at org.apache.hadoop.hdds.scm.server.SCMClientProtocolServer.allocateContainer(SCMClientProtocolServer.java:195)
	at org.apache.hadoop.hdds.scm.protocol.StorageContainerLocationProtocolServerSideTranslatorPB.allocateContainer(StorageContainerLocationProtocolServerSideTranslatorPB.java:230)
	at org.apache.hadoop.hdds.scm.protocol.StorageContainerLocationProtocolServerSideTranslatorPB.processRequest(StorageContainerLocationProtocolServerSideTranslatorPB.java:125)
	at org.apache.hadoop.hdds.server.OzoneProtocolMessageDispatcher.processRequest(OzoneProtocolMessageDispatcher.java:72)
	at org.apache.hadoop.hdds.scm.protocol.StorageContainerLocationProtocolServerSideTranslatorPB.submitRequest(StorageContainerLocationProtocolServerSideTranslatorPB.java:112)
	at org.apache.hadoop.hdds.protocol.proto.StorageContainerLocationProtocolProtos$StorageContainerLocationProtocolService$2.callBlockingMethod(StorageContainerLocationProtocolProtos.java:30454)
	at org.apache.hadoop.ipc.ProtobufRpcEngine$Server$ProtoBufRpcInvoker.call(ProtobufRpcEngine.java:524)
	at org.apache.hadoop.ipc.RPC$Server.call(RPC.java:1025)
	at org.apache.hadoop.ipc.Server$RpcCall.run(Server.java:876)
	at org.apache.hadoop.ipc.Server$RpcCall.run(Server.java:822)
	at java.security.AccessController.doPrivileged(Native Method)
	at javax.security.auth.Subject.doAs(Subject.java:422)
	at org.apache.hadoop.security.UserGroupInformation.doAs(UserGroupInformation.java:1730)
	at org.apache.hadoop.ipc.Server$Handler.run(Server.java:2682)
2019-10-15 08:42:57,885 [Thread-4335] INFO  container.ReplicationManager (ReplicationManager.java:start(163)) - Starting Replication Monitor Thread.
2019-10-15 08:42:57,890 [ReplicationMonitor] INFO  container.ReplicationManager (ReplicationManager.java:run(226)) - Replication Monitor Thread took 1 milliseconds for processing 1 containers.
2019-10-15 08:43:00,000 [Thread-4337] INFO  impl.FollowerState (FollowerState.java:run(108)) - 77143d31-7a05-49d3-8166-c63e8419bc63@group-AA8E42070791-FollowerState: change to CANDIDATE, lastRpcTime:5034ms, electionTimeout:5034ms
2019-10-15 08:43:00,001 [Thread-4337] INFO  impl.RoleInfo (RoleInfo.java:shutdownFollowerState(121)) - 77143d31-7a05-49d3-8166-c63e8419bc63: shutdown FollowerState
2019-10-15 08:43:00,001 [Thread-4337] INFO  impl.RaftServerImpl (RaftServerImpl.java:setRole(170)) - 77143d31-7a05-49d3-8166-c63e8419bc63@group-AA8E42070791: changes role from  FOLLOWER to CANDIDATE at term 0 for changeToCandidate
2019-10-15 08:43:00,001 [Thread-4337] INFO  impl.RoleInfo (RoleInfo.java:updateAndGet(143)) - 77143d31-7a05-49d3-8166-c63e8419bc63: start LeaderElection
2019-10-15 08:43:00,045 [77143d31-7a05-49d3-8166-c63e8419bc63@group-AA8E42070791-LeaderElection204] INFO  impl.LeaderElection (LeaderElection.java:askForVotes(178)) - 77143d31-7a05-49d3-8166-c63e8419bc63@group-AA8E42070791-LeaderElection204: begin an election at term 1 for -1: [77143d31-7a05-49d3-8166-c63e8419bc63:192.168.164.209:44002], old=null
2019-10-15 08:43:00,045 [77143d31-7a05-49d3-8166-c63e8419bc63@group-AA8E42070791-LeaderElection204] INFO  impl.RoleInfo (RoleInfo.java:shutdownLeaderElection(134)) - 77143d31-7a05-49d3-8166-c63e8419bc63: shutdown LeaderElection
2019-10-15 08:43:00,045 [77143d31-7a05-49d3-8166-c63e8419bc63@group-AA8E42070791-LeaderElection204] INFO  impl.RaftServerImpl (RaftServerImpl.java:setRole(170)) - 77143d31-7a05-49d3-8166-c63e8419bc63@group-AA8E42070791: changes role from CANDIDATE to LEADER at term 1 for changeToLeader
2019-10-15 08:43:00,046 [77143d31-7a05-49d3-8166-c63e8419bc63@group-AA8E42070791-LeaderElection204] INFO  impl.RaftServerImpl (ServerState.java:setLeader(255)) - 77143d31-7a05-49d3-8166-c63e8419bc63@group-AA8E42070791: change Leader from null to 77143d31-7a05-49d3-8166-c63e8419bc63 at term 1 for becomeLeader, leader elected after 5084ms
2019-10-15 08:43:00,046 [77143d31-7a05-49d3-8166-c63e8419bc63@group-AA8E42070791-LeaderElection204] INFO  server.RaftServerConfigKeys (ConfUtils.java:logGet(43)) - raft.server.staging.catchup.gap = 1000 (default)
2019-10-15 08:43:00,046 [77143d31-7a05-49d3-8166-c63e8419bc63@group-AA8E42070791-LeaderElection204] INFO  server.RaftServerConfigKeys (ConfUtils.java:logGet(43)) - raft.server.rpc.sleep.time = 25ms (default)
2019-10-15 08:43:00,046 [77143d31-7a05-49d3-8166-c63e8419bc63@group-AA8E42070791-LeaderElection204] INFO  server.RaftServerConfigKeys (ConfUtils.java:logGet(43)) - raft.server.write.element-limit = 4096 (default)
2019-10-15 08:43:00,047 [77143d31-7a05-49d3-8166-c63e8419bc63@group-AA8E42070791-LeaderElection204] INFO  server.RaftServerConfigKeys (ConfUtils.java:logGet(43)) - raft.server.watch.timeout = 10s (default)
2019-10-15 08:43:00,047 [77143d31-7a05-49d3-8166-c63e8419bc63@group-AA8E42070791-LeaderElection204] INFO  server.RaftServerConfigKeys (ConfUtils.java:logGet(43)) - raft.server.watch.timeout.denomination = 1s (default)
2019-10-15 08:43:00,047 [77143d31-7a05-49d3-8166-c63e8419bc63@group-AA8E42070791-LeaderElection204] INFO  server.RaftServerConfigKeys (ConfUtils.java:logGet(43)) - raft.server.watch.element-limit = 65536 (default)
2019-10-15 08:43:00,049 [77143d31-7a05-49d3-8166-c63e8419bc63@group-AA8E42070791-LeaderElection204] INFO  impl.RoleInfo (RoleInfo.java:updateAndGet(143)) - 77143d31-7a05-49d3-8166-c63e8419bc63: start LeaderState
2019-10-15 08:43:00,050 [77143d31-7a05-49d3-8166-c63e8419bc63@group-AA8E42070791-LeaderElection204] INFO  segmented.SegmentedRaftLogWorker (SegmentedRaftLogWorker.java:startLogSegment(385)) - 77143d31-7a05-49d3-8166-c63e8419bc63@group-AA8E42070791-SegmentedRaftLogWorker: Starting segment from index:0
2019-10-15 08:43:00,051 [77143d31-7a05-49d3-8166-c63e8419bc63@group-AA8E42070791-LeaderElection204] INFO  impl.RaftServerImpl (ServerState.java:setRaftConf(356)) - 77143d31-7a05-49d3-8166-c63e8419bc63@group-AA8E42070791: set configuration 0: [77143d31-7a05-49d3-8166-c63e8419bc63:192.168.164.209:44002], old=null at 0
2019-10-15 08:43:00,112 [77143d31-7a05-49d3-8166-c63e8419bc63@group-AA8E42070791-SegmentedRaftLogWorker] INFO  segmented.SegmentedRaftLogWorker (SegmentedRaftLogWorker.java:execute(574)) - 77143d31-7a05-49d3-8166-c63e8419bc63@group-AA8E42070791-SegmentedRaftLogWorker: created new log segment /workdir/hadoop-ozone/integration-test/target/test-dir/MiniOzoneClusterImpl-d07e3086-68e0-4340-b24d-43dfb7c1e85c/datanode-0/data/ratis/175c9fde-80be-4786-87a5-aa8e42070791/current/log_inprogress_0
2019-10-15 08:43:00,141 [Thread-4340] INFO  impl.FollowerState (FollowerState.java:run(108)) - 6d748945-2cb3-4aae-9aee-4a048f933dd9@group-89F3ED93C2FF-FollowerState: change to CANDIDATE, lastRpcTime:5099ms, electionTimeout:5099ms
2019-10-15 08:43:00,141 [Thread-4340] INFO  impl.RoleInfo (RoleInfo.java:shutdownFollowerState(121)) - 6d748945-2cb3-4aae-9aee-4a048f933dd9: shutdown FollowerState
2019-10-15 08:43:00,142 [Thread-4340] INFO  impl.RaftServerImpl (RaftServerImpl.java:setRole(170)) - 6d748945-2cb3-4aae-9aee-4a048f933dd9@group-89F3ED93C2FF: changes role from  FOLLOWER to CANDIDATE at term 0 for changeToCandidate
2019-10-15 08:43:00,142 [Thread-4340] INFO  impl.RoleInfo (RoleInfo.java:updateAndGet(143)) - 6d748945-2cb3-4aae-9aee-4a048f933dd9: start LeaderElection
2019-10-15 08:43:00,171 [6d748945-2cb3-4aae-9aee-4a048f933dd9@group-89F3ED93C2FF-LeaderElection205] INFO  impl.LeaderElection (LeaderElection.java:askForVotes(178)) - 6d748945-2cb3-4aae-9aee-4a048f933dd9@group-89F3ED93C2FF-LeaderElection205: begin an election at term 1 for -1: [6d748945-2cb3-4aae-9aee-4a048f933dd9:192.168.164.209:33292], old=null
2019-10-15 08:43:00,171 [6d748945-2cb3-4aae-9aee-4a048f933dd9@group-89F3ED93C2FF-LeaderElection205] INFO  impl.RoleInfo (RoleInfo.java:shutdownLeaderElection(134)) - 6d748945-2cb3-4aae-9aee-4a048f933dd9: shutdown LeaderElection
2019-10-15 08:43:00,171 [6d748945-2cb3-4aae-9aee-4a048f933dd9@group-89F3ED93C2FF-LeaderElection205] INFO  impl.RaftServerImpl (RaftServerImpl.java:setRole(170)) - 6d748945-2cb3-4aae-9aee-4a048f933dd9@group-89F3ED93C2FF: changes role from CANDIDATE to LEADER at term 1 for changeToLeader
2019-10-15 08:43:00,171 [6d748945-2cb3-4aae-9aee-4a048f933dd9@group-89F3ED93C2FF-LeaderElection205] INFO  impl.RaftServerImpl (ServerState.java:setLeader(255)) - 6d748945-2cb3-4aae-9aee-4a048f933dd9@group-89F3ED93C2FF: change Leader from null to 6d748945-2cb3-4aae-9aee-4a048f933dd9 at term 1 for becomeLeader, leader elected after 5134ms
2019-10-15 08:43:00,171 [6d748945-2cb3-4aae-9aee-4a048f933dd9@group-89F3ED93C2FF-LeaderElection205] INFO  server.RaftServerConfigKeys (ConfUtils.java:logGet(43)) - raft.server.staging.catchup.gap = 1000 (default)
2019-10-15 08:43:00,171 [6d748945-2cb3-4aae-9aee-4a048f933dd9@group-89F3ED93C2FF-LeaderElection205] INFO  server.RaftServerConfigKeys (ConfUtils.java:logGet(43)) - raft.server.rpc.sleep.time = 25ms (default)
2019-10-15 08:43:00,171 [6d748945-2cb3-4aae-9aee-4a048f933dd9@group-89F3ED93C2FF-LeaderElection205] INFO  server.RaftServerConfigKeys (ConfUtils.java:logGet(43)) - raft.server.write.element-limit = 4096 (default)
2019-10-15 08:43:00,171 [6d748945-2cb3-4aae-9aee-4a048f933dd9@group-89F3ED93C2FF-LeaderElection205] INFO  server.RaftServerConfigKeys (ConfUtils.java:logGet(43)) - raft.server.watch.timeout = 10s (default)
2019-10-15 08:43:00,171 [6d748945-2cb3-4aae-9aee-4a048f933dd9@group-89F3ED93C2FF-LeaderElection205] INFO  server.RaftServerConfigKeys (ConfUtils.java:logGet(43)) - raft.server.watch.timeout.denomination = 1s (default)
2019-10-15 08:43:00,171 [6d748945-2cb3-4aae-9aee-4a048f933dd9@group-89F3ED93C2FF-LeaderElection205] INFO  server.RaftServerConfigKeys (ConfUtils.java:logGet(43)) - raft.server.watch.element-limit = 65536 (default)
2019-10-15 08:43:00,173 [6d748945-2cb3-4aae-9aee-4a048f933dd9@group-89F3ED93C2FF-LeaderElection205] INFO  impl.RoleInfo (RoleInfo.java:updateAndGet(143)) - 6d748945-2cb3-4aae-9aee-4a048f933dd9: start LeaderState
2019-10-15 08:43:00,173 [6d748945-2cb3-4aae-9aee-4a048f933dd9@group-89F3ED93C2FF-LeaderElection205] INFO  segmented.SegmentedRaftLogWorker (SegmentedRaftLogWorker.java:startLogSegment(385)) - 6d748945-2cb3-4aae-9aee-4a048f933dd9@group-89F3ED93C2FF-SegmentedRaftLogWorker: Starting segment from index:0
2019-10-15 08:43:00,173 [6d748945-2cb3-4aae-9aee-4a048f933dd9@group-89F3ED93C2FF-LeaderElection205] INFO  impl.RaftServerImpl (ServerState.java:setRaftConf(356)) - 6d748945-2cb3-4aae-9aee-4a048f933dd9@group-89F3ED93C2FF: set configuration 0: [6d748945-2cb3-4aae-9aee-4a048f933dd9:192.168.164.209:33292], old=null at 0
2019-10-15 08:43:00,229 [6d748945-2cb3-4aae-9aee-4a048f933dd9@group-89F3ED93C2FF-SegmentedRaftLogWorker] INFO  segmented.SegmentedRaftLogWorker (SegmentedRaftLogWorker.java:execute(574)) - 6d748945-2cb3-4aae-9aee-4a048f933dd9@group-89F3ED93C2FF-SegmentedRaftLogWorker: created new log segment /workdir/hadoop-ozone/integration-test/target/test-dir/MiniOzoneClusterImpl-d07e3086-68e0-4340-b24d-43dfb7c1e85c/datanode-1/data/ratis/67a3f7b0-3cfe-4fee-95c5-89f3ed93c2ff/current/log_inprogress_0
2019-10-15 08:43:00,244 [Thread-4343] INFO  impl.FollowerState (FollowerState.java:run(108)) - a157920a-90c8-4f06-9961-45c06f377a82@group-AE91C73DDC69-FollowerState: change to CANDIDATE, lastRpcTime:5134ms, electionTimeout:5134ms
2019-10-15 08:43:00,244 [Thread-4343] INFO  impl.RoleInfo (RoleInfo.java:shutdownFollowerState(121)) - a157920a-90c8-4f06-9961-45c06f377a82: shutdown FollowerState
2019-10-15 08:43:00,244 [Thread-4343] INFO  impl.RaftServerImpl (RaftServerImpl.java:setRole(170)) - a157920a-90c8-4f06-9961-45c06f377a82@group-AE91C73DDC69: changes role from  FOLLOWER to CANDIDATE at term 0 for changeToCandidate
2019-10-15 08:43:00,244 [Thread-4343] INFO  impl.RoleInfo (RoleInfo.java:updateAndGet(143)) - a157920a-90c8-4f06-9961-45c06f377a82: start LeaderElection
2019-10-15 08:43:00,276 [Thread-4349] INFO  impl.FollowerState (FollowerState.java:run(108)) - 4c00b829-f7eb-437b-9af3-99601f151fac@group-BB4FED18CA4B-FollowerState: change to CANDIDATE, lastRpcTime:5032ms, electionTimeout:5032ms
2019-10-15 08:43:00,277 [Thread-4349] INFO  impl.RoleInfo (RoleInfo.java:shutdownFollowerState(121)) - 4c00b829-f7eb-437b-9af3-99601f151fac: shutdown FollowerState
2019-10-15 08:43:00,277 [Thread-4349] INFO  impl.RaftServerImpl (RaftServerImpl.java:setRole(170)) - 4c00b829-f7eb-437b-9af3-99601f151fac@group-BB4FED18CA4B: changes role from  FOLLOWER to CANDIDATE at term 0 for changeToCandidate
2019-10-15 08:43:00,277 [Thread-4349] INFO  impl.RoleInfo (RoleInfo.java:updateAndGet(143)) - 4c00b829-f7eb-437b-9af3-99601f151fac: start LeaderElection
2019-10-15 08:43:00,284 [a157920a-90c8-4f06-9961-45c06f377a82@group-AE91C73DDC69-LeaderElection206] INFO  impl.LeaderElection (LeaderElection.java:askForVotes(178)) - a157920a-90c8-4f06-9961-45c06f377a82@group-AE91C73DDC69-LeaderElection206: begin an election at term 1 for -1: [a157920a-90c8-4f06-9961-45c06f377a82:192.168.164.209:45973], old=null
2019-10-15 08:43:00,284 [a157920a-90c8-4f06-9961-45c06f377a82@group-AE91C73DDC69-LeaderElection206] INFO  impl.RoleInfo (RoleInfo.java:shutdownLeaderElection(134)) - a157920a-90c8-4f06-9961-45c06f377a82: shutdown LeaderElection
2019-10-15 08:43:00,284 [a157920a-90c8-4f06-9961-45c06f377a82@group-AE91C73DDC69-LeaderElection206] INFO  impl.RaftServerImpl (RaftServerImpl.java:setRole(170)) - a157920a-90c8-4f06-9961-45c06f377a82@group-AE91C73DDC69: changes role from CANDIDATE to LEADER at term 1 for changeToLeader
2019-10-15 08:43:00,284 [a157920a-90c8-4f06-9961-45c06f377a82@group-AE91C73DDC69-LeaderElection206] INFO  impl.RaftServerImpl (ServerState.java:setLeader(255)) - a157920a-90c8-4f06-9961-45c06f377a82@group-AE91C73DDC69: change Leader from null to a157920a-90c8-4f06-9961-45c06f377a82 at term 1 for becomeLeader, leader elected after 5180ms
2019-10-15 08:43:00,285 [a157920a-90c8-4f06-9961-45c06f377a82@group-AE91C73DDC69-LeaderElection206] INFO  server.RaftServerConfigKeys (ConfUtils.java:logGet(43)) - raft.server.staging.catchup.gap = 1000 (default)
2019-10-15 08:43:00,285 [a157920a-90c8-4f06-9961-45c06f377a82@group-AE91C73DDC69-LeaderElection206] INFO  server.RaftServerConfigKeys (ConfUtils.java:logGet(43)) - raft.server.rpc.sleep.time = 25ms (default)
2019-10-15 08:43:00,285 [a157920a-90c8-4f06-9961-45c06f377a82@group-AE91C73DDC69-LeaderElection206] INFO  server.RaftServerConfigKeys (ConfUtils.java:logGet(43)) - raft.server.write.element-limit = 4096 (default)
2019-10-15 08:43:00,285 [a157920a-90c8-4f06-9961-45c06f377a82@group-AE91C73DDC69-LeaderElection206] INFO  server.RaftServerConfigKeys (ConfUtils.java:logGet(43)) - raft.server.watch.timeout = 10s (default)
2019-10-15 08:43:00,285 [a157920a-90c8-4f06-9961-45c06f377a82@group-AE91C73DDC69-LeaderElection206] INFO  server.RaftServerConfigKeys (ConfUtils.java:logGet(43)) - raft.server.watch.timeout.denomination = 1s (default)
2019-10-15 08:43:00,285 [a157920a-90c8-4f06-9961-45c06f377a82@group-AE91C73DDC69-LeaderElection206] INFO  server.RaftServerConfigKeys (ConfUtils.java:logGet(43)) - raft.server.watch.element-limit = 65536 (default)
2019-10-15 08:43:00,287 [a157920a-90c8-4f06-9961-45c06f377a82@group-AE91C73DDC69-LeaderElection206] INFO  impl.RoleInfo (RoleInfo.java:updateAndGet(143)) - a157920a-90c8-4f06-9961-45c06f377a82: start LeaderState
2019-10-15 08:43:00,287 [a157920a-90c8-4f06-9961-45c06f377a82@group-AE91C73DDC69-LeaderElection206] INFO  segmented.SegmentedRaftLogWorker (SegmentedRaftLogWorker.java:startLogSegment(385)) - a157920a-90c8-4f06-9961-45c06f377a82@group-AE91C73DDC69-SegmentedRaftLogWorker: Starting segment from index:0
2019-10-15 08:43:00,287 [a157920a-90c8-4f06-9961-45c06f377a82@group-AE91C73DDC69-LeaderElection206] INFO  impl.RaftServerImpl (ServerState.java:setRaftConf(356)) - a157920a-90c8-4f06-9961-45c06f377a82@group-AE91C73DDC69: set configuration 0: [a157920a-90c8-4f06-9961-45c06f377a82:192.168.164.209:45973], old=null at 0
2019-10-15 08:43:00,292 [Thread-4346] INFO  impl.FollowerState (FollowerState.java:run(108)) - 54862fcb-67c7-42a5-84bb-0e71c50d9a51@group-52F28571328D-FollowerState: change to CANDIDATE, lastRpcTime:5111ms, electionTimeout:5111ms
2019-10-15 08:43:00,292 [Thread-4346] INFO  impl.RoleInfo (RoleInfo.java:shutdownFollowerState(121)) - 54862fcb-67c7-42a5-84bb-0e71c50d9a51: shutdown FollowerState
2019-10-15 08:43:00,293 [Thread-4346] INFO  impl.RaftServerImpl (RaftServerImpl.java:setRole(170)) - 54862fcb-67c7-42a5-84bb-0e71c50d9a51@group-52F28571328D: changes role from  FOLLOWER to CANDIDATE at term 0 for changeToCandidate
2019-10-15 08:43:00,293 [Thread-4346] INFO  impl.RoleInfo (RoleInfo.java:updateAndGet(143)) - 54862fcb-67c7-42a5-84bb-0e71c50d9a51: start LeaderElection
2019-10-15 08:43:00,331 [4c00b829-f7eb-437b-9af3-99601f151fac@group-BB4FED18CA4B-LeaderElection207] INFO  impl.LeaderElection (LeaderElection.java:askForVotes(178)) - 4c00b829-f7eb-437b-9af3-99601f151fac@group-BB4FED18CA4B-LeaderElection207: begin an election at term 1 for -1: [4c00b829-f7eb-437b-9af3-99601f151fac:192.168.164.209:39950], old=null
2019-10-15 08:43:00,331 [4c00b829-f7eb-437b-9af3-99601f151fac@group-BB4FED18CA4B-LeaderElection207] INFO  impl.RoleInfo (RoleInfo.java:shutdownLeaderElection(134)) - 4c00b829-f7eb-437b-9af3-99601f151fac: shutdown LeaderElection
2019-10-15 08:43:00,331 [4c00b829-f7eb-437b-9af3-99601f151fac@group-BB4FED18CA4B-LeaderElection207] INFO  impl.RaftServerImpl (RaftServerImpl.java:setRole(170)) - 4c00b829-f7eb-437b-9af3-99601f151fac@group-BB4FED18CA4B: changes role from CANDIDATE to LEADER at term 1 for changeToLeader
2019-10-15 08:43:00,331 [4c00b829-f7eb-437b-9af3-99601f151fac@group-BB4FED18CA4B-LeaderElection207] INFO  impl.RaftServerImpl (ServerState.java:setLeader(255)) - 4c00b829-f7eb-437b-9af3-99601f151fac@group-BB4FED18CA4B: change Leader from null to 4c00b829-f7eb-437b-9af3-99601f151fac at term 1 for becomeLeader, leader elected after 5092ms
2019-10-15 08:43:00,331 [4c00b829-f7eb-437b-9af3-99601f151fac@group-BB4FED18CA4B-LeaderElection207] INFO  server.RaftServerConfigKeys (ConfUtils.java:logGet(43)) - raft.server.staging.catchup.gap = 1000 (default)
2019-10-15 08:43:00,331 [4c00b829-f7eb-437b-9af3-99601f151fac@group-BB4FED18CA4B-LeaderElection207] INFO  server.RaftServerConfigKeys (ConfUtils.java:logGet(43)) - raft.server.rpc.sleep.time = 25ms (default)
2019-10-15 08:43:00,331 [4c00b829-f7eb-437b-9af3-99601f151fac@group-BB4FED18CA4B-LeaderElection207] INFO  server.RaftServerConfigKeys (ConfUtils.java:logGet(43)) - raft.server.write.element-limit = 4096 (default)
2019-10-15 08:43:00,331 [4c00b829-f7eb-437b-9af3-99601f151fac@group-BB4FED18CA4B-LeaderElection207] INFO  server.RaftServerConfigKeys (ConfUtils.java:logGet(43)) - raft.server.watch.timeout = 10s (default)
2019-10-15 08:43:00,331 [4c00b829-f7eb-437b-9af3-99601f151fac@group-BB4FED18CA4B-LeaderElection207] INFO  server.RaftServerConfigKeys (ConfUtils.java:logGet(43)) - raft.server.watch.timeout.denomination = 1s (default)
2019-10-15 08:43:00,331 [4c00b829-f7eb-437b-9af3-99601f151fac@group-BB4FED18CA4B-LeaderElection207] INFO  server.RaftServerConfigKeys (ConfUtils.java:logGet(43)) - raft.server.watch.element-limit = 65536 (default)
2019-10-15 08:43:00,332 [4c00b829-f7eb-437b-9af3-99601f151fac@group-BB4FED18CA4B-LeaderElection207] INFO  impl.RoleInfo (RoleInfo.java:updateAndGet(143)) - 4c00b829-f7eb-437b-9af3-99601f151fac: start LeaderState
2019-10-15 08:43:00,333 [4c00b829-f7eb-437b-9af3-99601f151fac@group-BB4FED18CA4B-LeaderElection207] INFO  segmented.SegmentedRaftLogWorker (SegmentedRaftLogWorker.java:startLogSegment(385)) - 4c00b829-f7eb-437b-9af3-99601f151fac@group-BB4FED18CA4B-SegmentedRaftLogWorker: Starting segment from index:0
2019-10-15 08:43:00,333 [4c00b829-f7eb-437b-9af3-99601f151fac@group-BB4FED18CA4B-LeaderElection207] INFO  impl.RaftServerImpl (ServerState.java:setRaftConf(356)) - 4c00b829-f7eb-437b-9af3-99601f151fac@group-BB4FED18CA4B: set configuration 0: [4c00b829-f7eb-437b-9af3-99601f151fac:192.168.164.209:39950], old=null at 0
2019-10-15 08:43:00,355 [a157920a-90c8-4f06-9961-45c06f377a82@group-AE91C73DDC69-SegmentedRaftLogWorker] INFO  segmented.SegmentedRaftLogWorker (SegmentedRaftLogWorker.java:execute(574)) - a157920a-90c8-4f06-9961-45c06f377a82@group-AE91C73DDC69-SegmentedRaftLogWorker: created new log segment /workdir/hadoop-ozone/integration-test/target/test-dir/MiniOzoneClusterImpl-d07e3086-68e0-4340-b24d-43dfb7c1e85c/datanode-2/data/ratis/af169f4f-0e37-4dd1-a0a0-ae91c73ddc69/current/log_inprogress_0
2019-10-15 08:43:00,355 [54862fcb-67c7-42a5-84bb-0e71c50d9a51@group-52F28571328D-LeaderElection208] INFO  impl.LeaderElection (LeaderElection.java:askForVotes(178)) - 54862fcb-67c7-42a5-84bb-0e71c50d9a51@group-52F28571328D-LeaderElection208: begin an election at term 1 for -1: [54862fcb-67c7-42a5-84bb-0e71c50d9a51:192.168.164.209:41983], old=null
2019-10-15 08:43:00,356 [54862fcb-67c7-42a5-84bb-0e71c50d9a51@group-52F28571328D-LeaderElection208] INFO  impl.RoleInfo (RoleInfo.java:shutdownLeaderElection(134)) - 54862fcb-67c7-42a5-84bb-0e71c50d9a51: shutdown LeaderElection
2019-10-15 08:43:00,356 [54862fcb-67c7-42a5-84bb-0e71c50d9a51@group-52F28571328D-LeaderElection208] INFO  impl.RaftServerImpl (RaftServerImpl.java:setRole(170)) - 54862fcb-67c7-42a5-84bb-0e71c50d9a51@group-52F28571328D: changes role from CANDIDATE to LEADER at term 1 for changeToLeader
2019-10-15 08:43:00,356 [54862fcb-67c7-42a5-84bb-0e71c50d9a51@group-52F28571328D-LeaderElection208] INFO  impl.RaftServerImpl (ServerState.java:setLeader(255)) - 54862fcb-67c7-42a5-84bb-0e71c50d9a51@group-52F28571328D: change Leader from null to 54862fcb-67c7-42a5-84bb-0e71c50d9a51 at term 1 for becomeLeader, leader elected after 5184ms
2019-10-15 08:43:00,356 [54862fcb-67c7-42a5-84bb-0e71c50d9a51@group-52F28571328D-LeaderElection208] INFO  server.RaftServerConfigKeys (ConfUtils.java:logGet(43)) - raft.server.staging.catchup.gap = 1000 (default)
2019-10-15 08:43:00,356 [54862fcb-67c7-42a5-84bb-0e71c50d9a51@group-52F28571328D-LeaderElection208] INFO  server.RaftServerConfigKeys (ConfUtils.java:logGet(43)) - raft.server.rpc.sleep.time = 25ms (default)
2019-10-15 08:43:00,356 [54862fcb-67c7-42a5-84bb-0e71c50d9a51@group-52F28571328D-LeaderElection208] INFO  server.RaftServerConfigKeys (ConfUtils.java:logGet(43)) - raft.server.write.element-limit = 4096 (default)
2019-10-15 08:43:00,356 [54862fcb-67c7-42a5-84bb-0e71c50d9a51@group-52F28571328D-LeaderElection208] INFO  server.RaftServerConfigKeys (ConfUtils.java:logGet(43)) - raft.server.watch.timeout = 10s (default)
2019-10-15 08:43:00,356 [54862fcb-67c7-42a5-84bb-0e71c50d9a51@group-52F28571328D-LeaderElection208] INFO  server.RaftServerConfigKeys (ConfUtils.java:logGet(43)) - raft.server.watch.timeout.denomination = 1s (default)
2019-10-15 08:43:00,356 [54862fcb-67c7-42a5-84bb-0e71c50d9a51@group-52F28571328D-LeaderElection208] INFO  server.RaftServerConfigKeys (ConfUtils.java:logGet(43)) - raft.server.watch.element-limit = 65536 (default)
2019-10-15 08:43:00,357 [54862fcb-67c7-42a5-84bb-0e71c50d9a51@group-52F28571328D-LeaderElection208] INFO  impl.RoleInfo (RoleInfo.java:updateAndGet(143)) - 54862fcb-67c7-42a5-84bb-0e71c50d9a51: start LeaderState
2019-10-15 08:43:00,358 [54862fcb-67c7-42a5-84bb-0e71c50d9a51@group-52F28571328D-LeaderElection208] INFO  segmented.SegmentedRaftLogWorker (SegmentedRaftLogWorker.java:startLogSegment(385)) - 54862fcb-67c7-42a5-84bb-0e71c50d9a51@group-52F28571328D-SegmentedRaftLogWorker: Starting segment from index:0
2019-10-15 08:43:00,358 [54862fcb-67c7-42a5-84bb-0e71c50d9a51@group-52F28571328D-LeaderElection208] INFO  impl.RaftServerImpl (ServerState.java:setRaftConf(356)) - 54862fcb-67c7-42a5-84bb-0e71c50d9a51@group-52F28571328D: set configuration 0: [54862fcb-67c7-42a5-84bb-0e71c50d9a51:192.168.164.209:41983], old=null at 0
2019-10-15 08:43:00,381 [4c00b829-f7eb-437b-9af3-99601f151fac@group-BB4FED18CA4B-SegmentedRaftLogWorker] INFO  segmented.SegmentedRaftLogWorker (SegmentedRaftLogWorker.java:execute(574)) - 4c00b829-f7eb-437b-9af3-99601f151fac@group-BB4FED18CA4B-SegmentedRaftLogWorker: created new log segment /workdir/hadoop-ozone/integration-test/target/test-dir/MiniOzoneClusterImpl-d07e3086-68e0-4340-b24d-43dfb7c1e85c/datanode-4/data/ratis/30bc49bf-1a8c-4787-b7b0-bb4fed18ca4b/current/log_inprogress_0
2019-10-15 08:43:00,406 [54862fcb-67c7-42a5-84bb-0e71c50d9a51@group-52F28571328D-SegmentedRaftLogWorker] INFO  segmented.SegmentedRaftLogWorker (SegmentedRaftLogWorker.java:execute(574)) - 54862fcb-67c7-42a5-84bb-0e71c50d9a51@group-52F28571328D-SegmentedRaftLogWorker: created new log segment /workdir/hadoop-ozone/integration-test/target/test-dir/MiniOzoneClusterImpl-d07e3086-68e0-4340-b24d-43dfb7c1e85c/datanode-3/data/ratis/c82f6e17-4f67-47dc-a088-52f28571328d/current/log_inprogress_0
2019-10-15 08:43:00,449 [Thread-4352] INFO  impl.FollowerState (FollowerState.java:run(108)) - f6d552c9-f983-4597-b4d0-1b438ea21ad8@group-9079E3571B99-FollowerState: change to CANDIDATE, lastRpcTime:5136ms, electionTimeout:5136ms
2019-10-15 08:43:00,449 [Thread-4352] INFO  impl.RoleInfo (RoleInfo.java:shutdownFollowerState(121)) - f6d552c9-f983-4597-b4d0-1b438ea21ad8: shutdown FollowerState
2019-10-15 08:43:00,450 [Thread-4352] INFO  impl.RaftServerImpl (RaftServerImpl.java:setRole(170)) - f6d552c9-f983-4597-b4d0-1b438ea21ad8@group-9079E3571B99: changes role from  FOLLOWER to CANDIDATE at term 0 for changeToCandidate
2019-10-15 08:43:00,450 [Thread-4352] INFO  impl.RoleInfo (RoleInfo.java:updateAndGet(143)) - f6d552c9-f983-4597-b4d0-1b438ea21ad8: start LeaderElection
2019-10-15 08:43:00,481 [f6d552c9-f983-4597-b4d0-1b438ea21ad8@group-9079E3571B99-LeaderElection209] INFO  impl.LeaderElection (LeaderElection.java:askForVotes(178)) - f6d552c9-f983-4597-b4d0-1b438ea21ad8@group-9079E3571B99-LeaderElection209: begin an election at term 1 for -1: [f6d552c9-f983-4597-b4d0-1b438ea21ad8:192.168.164.209:37602], old=null
2019-10-15 08:43:00,482 [f6d552c9-f983-4597-b4d0-1b438ea21ad8@group-9079E3571B99-LeaderElection209] INFO  impl.RoleInfo (RoleInfo.java:shutdownLeaderElection(134)) - f6d552c9-f983-4597-b4d0-1b438ea21ad8: shutdown LeaderElection
2019-10-15 08:43:00,482 [f6d552c9-f983-4597-b4d0-1b438ea21ad8@group-9079E3571B99-LeaderElection209] INFO  impl.RaftServerImpl (RaftServerImpl.java:setRole(170)) - f6d552c9-f983-4597-b4d0-1b438ea21ad8@group-9079E3571B99: changes role from CANDIDATE to LEADER at term 1 for changeToLeader
2019-10-15 08:43:00,482 [f6d552c9-f983-4597-b4d0-1b438ea21ad8@group-9079E3571B99-LeaderElection209] INFO  impl.RaftServerImpl (ServerState.java:setLeader(255)) - f6d552c9-f983-4597-b4d0-1b438ea21ad8@group-9079E3571B99: change Leader from null to f6d552c9-f983-4597-b4d0-1b438ea21ad8 at term 1 for becomeLeader, leader elected after 5175ms
2019-10-15 08:43:00,482 [f6d552c9-f983-4597-b4d0-1b438ea21ad8@group-9079E3571B99-LeaderElection209] INFO  server.RaftServerConfigKeys (ConfUtils.java:logGet(43)) - raft.server.staging.catchup.gap = 1000 (default)
2019-10-15 08:43:00,482 [f6d552c9-f983-4597-b4d0-1b438ea21ad8@group-9079E3571B99-LeaderElection209] INFO  server.RaftServerConfigKeys (ConfUtils.java:logGet(43)) - raft.server.rpc.sleep.time = 25ms (default)
2019-10-15 08:43:00,482 [f6d552c9-f983-4597-b4d0-1b438ea21ad8@group-9079E3571B99-LeaderElection209] INFO  server.RaftServerConfigKeys (ConfUtils.java:logGet(43)) - raft.server.write.element-limit = 4096 (default)
2019-10-15 08:43:00,483 [f6d552c9-f983-4597-b4d0-1b438ea21ad8@group-9079E3571B99-LeaderElection209] INFO  server.RaftServerConfigKeys (ConfUtils.java:logGet(43)) - raft.server.watch.timeout = 10s (default)
2019-10-15 08:43:00,483 [f6d552c9-f983-4597-b4d0-1b438ea21ad8@group-9079E3571B99-LeaderElection209] INFO  server.RaftServerConfigKeys (ConfUtils.java:logGet(43)) - raft.server.watch.timeout.denomination = 1s (default)
2019-10-15 08:43:00,483 [f6d552c9-f983-4597-b4d0-1b438ea21ad8@group-9079E3571B99-LeaderElection209] INFO  server.RaftServerConfigKeys (ConfUtils.java:logGet(43)) - raft.server.watch.element-limit = 65536 (default)
2019-10-15 08:43:00,485 [f6d552c9-f983-4597-b4d0-1b438ea21ad8@group-9079E3571B99-LeaderElection209] INFO  impl.RoleInfo (RoleInfo.java:updateAndGet(143)) - f6d552c9-f983-4597-b4d0-1b438ea21ad8: start LeaderState
2019-10-15 08:43:00,485 [f6d552c9-f983-4597-b4d0-1b438ea21ad8@group-9079E3571B99-LeaderElection209] INFO  segmented.SegmentedRaftLogWorker (SegmentedRaftLogWorker.java:startLogSegment(385)) - f6d552c9-f983-4597-b4d0-1b438ea21ad8@group-9079E3571B99-SegmentedRaftLogWorker: Starting segment from index:0
2019-10-15 08:43:00,485 [f6d552c9-f983-4597-b4d0-1b438ea21ad8@group-9079E3571B99-LeaderElection209] INFO  impl.RaftServerImpl (ServerState.java:setRaftConf(356)) - f6d552c9-f983-4597-b4d0-1b438ea21ad8@group-9079E3571B99: set configuration 0: [f6d552c9-f983-4597-b4d0-1b438ea21ad8:192.168.164.209:37602], old=null at 0
2019-10-15 08:43:00,532 [f6d552c9-f983-4597-b4d0-1b438ea21ad8@group-9079E3571B99-SegmentedRaftLogWorker] INFO  segmented.SegmentedRaftLogWorker (SegmentedRaftLogWorker.java:execute(574)) - f6d552c9-f983-4597-b4d0-1b438ea21ad8@group-9079E3571B99-SegmentedRaftLogWorker: created new log segment /workdir/hadoop-ozone/integration-test/target/test-dir/MiniOzoneClusterImpl-d07e3086-68e0-4340-b24d-43dfb7c1e85c/datanode-5/data/ratis/03ec6bc2-5391-493f-9913-9079e3571b99/current/log_inprogress_0
2019-10-15 08:43:00,549 [Thread-4355] INFO  impl.FollowerState (FollowerState.java:run(108)) - fce1772e-bc8b-45e5-be45-8c8cf120d735@group-45061EDE738C-FollowerState: change to CANDIDATE, lastRpcTime:5151ms, electionTimeout:5151ms
2019-10-15 08:43:00,549 [Thread-4355] INFO  impl.RoleInfo (RoleInfo.java:shutdownFollowerState(121)) - fce1772e-bc8b-45e5-be45-8c8cf120d735: shutdown FollowerState
2019-10-15 08:43:00,549 [Thread-4355] INFO  impl.RaftServerImpl (RaftServerImpl.java:setRole(170)) - fce1772e-bc8b-45e5-be45-8c8cf120d735@group-45061EDE738C: changes role from  FOLLOWER to CANDIDATE at term 0 for changeToCandidate
2019-10-15 08:43:00,550 [Thread-4355] INFO  impl.RoleInfo (RoleInfo.java:updateAndGet(143)) - fce1772e-bc8b-45e5-be45-8c8cf120d735: start LeaderElection
2019-10-15 08:43:00,556 [Thread-4362] INFO  impl.FollowerState (FollowerState.java:run(108)) - 77143d31-7a05-49d3-8166-c63e8419bc63@group-439AAE1CF691-FollowerState: change to CANDIDATE, lastRpcTime:5074ms, electionTimeout:5074ms
2019-10-15 08:43:00,556 [Thread-4362] INFO  impl.RoleInfo (RoleInfo.java:shutdownFollowerState(121)) - 77143d31-7a05-49d3-8166-c63e8419bc63: shutdown FollowerState
2019-10-15 08:43:00,557 [Thread-4362] INFO  impl.RaftServerImpl (RaftServerImpl.java:setRole(170)) - 77143d31-7a05-49d3-8166-c63e8419bc63@group-439AAE1CF691: changes role from  FOLLOWER to CANDIDATE at term 0 for changeToCandidate
2019-10-15 08:43:00,557 [Thread-4362] INFO  impl.RoleInfo (RoleInfo.java:updateAndGet(143)) - 77143d31-7a05-49d3-8166-c63e8419bc63: start LeaderElection
2019-10-15 08:43:00,582 [fce1772e-bc8b-45e5-be45-8c8cf120d735@group-45061EDE738C-LeaderElection210] INFO  impl.LeaderElection (LeaderElection.java:askForVotes(178)) - fce1772e-bc8b-45e5-be45-8c8cf120d735@group-45061EDE738C-LeaderElection210: begin an election at term 1 for -1: [fce1772e-bc8b-45e5-be45-8c8cf120d735:192.168.164.209:32893], old=null
2019-10-15 08:43:00,582 [77143d31-7a05-49d3-8166-c63e8419bc63@group-439AAE1CF691-LeaderElection211] INFO  impl.LeaderElection (LeaderElection.java:askForVotes(178)) - 77143d31-7a05-49d3-8166-c63e8419bc63@group-439AAE1CF691-LeaderElection211: begin an election at term 1 for -1: [f6d552c9-f983-4597-b4d0-1b438ea21ad8:192.168.164.209:37602, 77143d31-7a05-49d3-8166-c63e8419bc63:192.168.164.209:44002, 4c00b829-f7eb-437b-9af3-99601f151fac:192.168.164.209:39950], old=null
2019-10-15 08:43:00,582 [fce1772e-bc8b-45e5-be45-8c8cf120d735@group-45061EDE738C-LeaderElection210] INFO  impl.RoleInfo (RoleInfo.java:shutdownLeaderElection(134)) - fce1772e-bc8b-45e5-be45-8c8cf120d735: shutdown LeaderElection
2019-10-15 08:43:00,583 [fce1772e-bc8b-45e5-be45-8c8cf120d735@group-45061EDE738C-LeaderElection210] INFO  impl.RaftServerImpl (RaftServerImpl.java:setRole(170)) - fce1772e-bc8b-45e5-be45-8c8cf120d735@group-45061EDE738C: changes role from CANDIDATE to LEADER at term 1 for changeToLeader
2019-10-15 08:43:00,583 [fce1772e-bc8b-45e5-be45-8c8cf120d735@group-45061EDE738C-LeaderElection210] INFO  impl.RaftServerImpl (ServerState.java:setLeader(255)) - fce1772e-bc8b-45e5-be45-8c8cf120d735@group-45061EDE738C: change Leader from null to fce1772e-bc8b-45e5-be45-8c8cf120d735 at term 1 for becomeLeader, leader elected after 5191ms
2019-10-15 08:43:00,583 [fce1772e-bc8b-45e5-be45-8c8cf120d735@group-45061EDE738C-LeaderElection210] INFO  server.RaftServerConfigKeys (ConfUtils.java:logGet(43)) - raft.server.staging.catchup.gap = 1000 (default)
2019-10-15 08:43:00,583 [fce1772e-bc8b-45e5-be45-8c8cf120d735@group-45061EDE738C-LeaderElection210] INFO  server.RaftServerConfigKeys (ConfUtils.java:logGet(43)) - raft.server.rpc.sleep.time = 25ms (default)
2019-10-15 08:43:00,583 [fce1772e-bc8b-45e5-be45-8c8cf120d735@group-45061EDE738C-LeaderElection210] INFO  server.RaftServerConfigKeys (ConfUtils.java:logGet(43)) - raft.server.write.element-limit = 4096 (default)
2019-10-15 08:43:00,583 [fce1772e-bc8b-45e5-be45-8c8cf120d735@group-45061EDE738C-LeaderElection210] INFO  server.RaftServerConfigKeys (ConfUtils.java:logGet(43)) - raft.server.watch.timeout = 10s (default)
2019-10-15 08:43:00,584 [fce1772e-bc8b-45e5-be45-8c8cf120d735@group-45061EDE738C-LeaderElection210] INFO  server.RaftServerConfigKeys (ConfUtils.java:logGet(43)) - raft.server.watch.timeout.denomination = 1s (default)
2019-10-15 08:43:00,584 [fce1772e-bc8b-45e5-be45-8c8cf120d735@group-45061EDE738C-LeaderElection210] INFO  server.RaftServerConfigKeys (ConfUtils.java:logGet(43)) - raft.server.watch.element-limit = 65536 (default)
2019-10-15 08:43:00,586 [fce1772e-bc8b-45e5-be45-8c8cf120d735@group-45061EDE738C-LeaderElection210] INFO  impl.RoleInfo (RoleInfo.java:updateAndGet(143)) - fce1772e-bc8b-45e5-be45-8c8cf120d735: start LeaderState
2019-10-15 08:43:00,586 [grpc-default-executor-1] INFO  impl.RaftServerImpl (RaftServerImpl.java:setRole(170)) - 4c00b829-f7eb-437b-9af3-99601f151fac@group-439AAE1CF691: changes role from  FOLLOWER to FOLLOWER at term 1 for recognizeCandidate:77143d31-7a05-49d3-8166-c63e8419bc63
2019-10-15 08:43:00,586 [grpc-default-executor-2] INFO  impl.RaftServerImpl (RaftServerImpl.java:setRole(170)) - f6d552c9-f983-4597-b4d0-1b438ea21ad8@group-439AAE1CF691: changes role from  FOLLOWER to FOLLOWER at term 1 for recognizeCandidate:77143d31-7a05-49d3-8166-c63e8419bc63
2019-10-15 08:43:00,586 [grpc-default-executor-2] INFO  impl.RoleInfo (RoleInfo.java:shutdownFollowerState(121)) - f6d552c9-f983-4597-b4d0-1b438ea21ad8: shutdown FollowerState
2019-10-15 08:43:00,586 [fce1772e-bc8b-45e5-be45-8c8cf120d735@group-45061EDE738C-LeaderElection210] INFO  segmented.SegmentedRaftLogWorker (SegmentedRaftLogWorker.java:startLogSegment(385)) - fce1772e-bc8b-45e5-be45-8c8cf120d735@group-45061EDE738C-SegmentedRaftLogWorker: Starting segment from index:0
2019-10-15 08:43:00,587 [Thread-4361] INFO  impl.FollowerState (FollowerState.java:run(117)) - f6d552c9-f983-4597-b4d0-1b438ea21ad8@group-439AAE1CF691-FollowerState was interrupted: java.lang.InterruptedException: sleep interrupted
2019-10-15 08:43:00,587 [grpc-default-executor-2] INFO  impl.RoleInfo (RoleInfo.java:updateAndGet(143)) - f6d552c9-f983-4597-b4d0-1b438ea21ad8: start FollowerState
2019-10-15 08:43:00,586 [grpc-default-executor-1] INFO  impl.RoleInfo (RoleInfo.java:shutdownFollowerState(121)) - 4c00b829-f7eb-437b-9af3-99601f151fac: shutdown FollowerState
2019-10-15 08:43:00,587 [fce1772e-bc8b-45e5-be45-8c8cf120d735@group-45061EDE738C-LeaderElection210] INFO  impl.RaftServerImpl (ServerState.java:setRaftConf(356)) - fce1772e-bc8b-45e5-be45-8c8cf120d735@group-45061EDE738C: set configuration 0: [fce1772e-bc8b-45e5-be45-8c8cf120d735:192.168.164.209:32893], old=null at 0
2019-10-15 08:43:00,589 [grpc-default-executor-1] INFO  impl.RoleInfo (RoleInfo.java:updateAndGet(143)) - 4c00b829-f7eb-437b-9af3-99601f151fac: start FollowerState
2019-10-15 08:43:00,593 [Thread-4371] INFO  impl.FollowerState (FollowerState.java:run(108)) - 4c00b829-f7eb-437b-9af3-99601f151fac@group-05F17421E830-FollowerState: change to CANDIDATE, lastRpcTime:5034ms, electionTimeout:5034ms
2019-10-15 08:43:00,593 [Thread-4371] INFO  impl.RoleInfo (RoleInfo.java:shutdownFollowerState(121)) - 4c00b829-f7eb-437b-9af3-99601f151fac: shutdown FollowerState
2019-10-15 08:43:00,593 [Thread-4371] INFO  impl.RaftServerImpl (RaftServerImpl.java:setRole(170)) - 4c00b829-f7eb-437b-9af3-99601f151fac@group-05F17421E830: changes role from  FOLLOWER to CANDIDATE at term 0 for changeToCandidate
2019-10-15 08:43:00,593 [Thread-4371] INFO  impl.RoleInfo (RoleInfo.java:updateAndGet(143)) - 4c00b829-f7eb-437b-9af3-99601f151fac: start LeaderElection
2019-10-15 08:43:00,625 [77143d31-7a05-49d3-8166-c63e8419bc63@group-439AAE1CF691-LeaderElection211] INFO  impl.LeaderElection (LeaderElection.java:logAndReturn(56)) - 77143d31-7a05-49d3-8166-c63e8419bc63@group-439AAE1CF691-LeaderElection211: Election PASSED; received 1 response(s) [77143d31-7a05-49d3-8166-c63e8419bc63<-4c00b829-f7eb-437b-9af3-99601f151fac#0:OK-t1] and 0 exception(s); 77143d31-7a05-49d3-8166-c63e8419bc63@group-439AAE1CF691:t1, leader=null, voted=77143d31-7a05-49d3-8166-c63e8419bc63, raftlog=77143d31-7a05-49d3-8166-c63e8419bc63@group-439AAE1CF691-SegmentedRaftLog:OPENED:c-1,f-1,i0, conf=-1: [f6d552c9-f983-4597-b4d0-1b438ea21ad8:192.168.164.209:37602, 77143d31-7a05-49d3-8166-c63e8419bc63:192.168.164.209:44002, 4c00b829-f7eb-437b-9af3-99601f151fac:192.168.164.209:39950], old=null
2019-10-15 08:43:00,625 [77143d31-7a05-49d3-8166-c63e8419bc63@group-439AAE1CF691-LeaderElection211] INFO  impl.RoleInfo (RoleInfo.java:shutdownLeaderElection(134)) - 77143d31-7a05-49d3-8166-c63e8419bc63: shutdown LeaderElection
2019-10-15 08:43:00,625 [77143d31-7a05-49d3-8166-c63e8419bc63@group-439AAE1CF691-LeaderElection211] INFO  impl.RaftServerImpl (RaftServerImpl.java:setRole(170)) - 77143d31-7a05-49d3-8166-c63e8419bc63@group-439AAE1CF691: changes role from CANDIDATE to LEADER at term 1 for changeToLeader
2019-10-15 08:43:00,625 [77143d31-7a05-49d3-8166-c63e8419bc63@group-439AAE1CF691-LeaderElection211] INFO  impl.RaftServerImpl (ServerState.java:setLeader(255)) - 77143d31-7a05-49d3-8166-c63e8419bc63@group-439AAE1CF691: change Leader from null to 77143d31-7a05-49d3-8166-c63e8419bc63 at term 1 for becomeLeader, leader elected after 5156ms
2019-10-15 08:43:00,626 [77143d31-7a05-49d3-8166-c63e8419bc63@group-439AAE1CF691-LeaderElection211] INFO  server.RaftServerConfigKeys (ConfUtils.java:logGet(43)) - raft.server.staging.catchup.gap = 1000 (default)
2019-10-15 08:43:00,626 [77143d31-7a05-49d3-8166-c63e8419bc63@group-439AAE1CF691-LeaderElection211] INFO  server.RaftServerConfigKeys (ConfUtils.java:logGet(43)) - raft.server.rpc.sleep.time = 25ms (default)
2019-10-15 08:43:00,626 [77143d31-7a05-49d3-8166-c63e8419bc63@group-439AAE1CF691-LeaderElection211] INFO  server.RaftServerConfigKeys (ConfUtils.java:logGet(43)) - raft.server.write.element-limit = 4096 (default)
2019-10-15 08:43:00,626 [77143d31-7a05-49d3-8166-c63e8419bc63@group-439AAE1CF691-LeaderElection211] INFO  server.RaftServerConfigKeys (ConfUtils.java:logGet(43)) - raft.server.watch.timeout = 10s (default)
2019-10-15 08:43:00,626 [77143d31-7a05-49d3-8166-c63e8419bc63@group-439AAE1CF691-LeaderElection211] INFO  server.RaftServerConfigKeys (ConfUtils.java:logGet(43)) - raft.server.watch.timeout.denomination = 1s (default)
2019-10-15 08:43:00,626 [77143d31-7a05-49d3-8166-c63e8419bc63@group-439AAE1CF691-LeaderElection211] INFO  server.RaftServerConfigKeys (ConfUtils.java:logGet(43)) - raft.server.watch.element-limit = 65536 (default)
2019-10-15 08:43:00,628 [77143d31-7a05-49d3-8166-c63e8419bc63@group-439AAE1CF691-LeaderElection211] INFO  server.RaftServerConfigKeys (ConfUtils.java:logGet(43)) - raft.server.log.appender.snapshot.chunk.size.max = 16MB (=16777216) (default)
2019-10-15 08:43:00,629 [77143d31-7a05-49d3-8166-c63e8419bc63@group-439AAE1CF691-LeaderElection211] INFO  server.RaftServerConfigKeys (ConfUtils.java:logGet(43)) - raft.server.log.appender.buffer.byte-limit = 33554432 (custom)
2019-10-15 08:43:00,629 [77143d31-7a05-49d3-8166-c63e8419bc63@group-439AAE1CF691-LeaderElection211] INFO  server.RaftServerConfigKeys (ConfUtils.java:logGet(43)) - raft.server.log.appender.buffer.element-limit = 1 (custom)
2019-10-15 08:43:00,629 [77143d31-7a05-49d3-8166-c63e8419bc63@group-439AAE1CF691-LeaderElection211] INFO  grpc.GrpcConfigKeys$Server (ConfUtils.java:logGet(43)) - raft.grpc.server.leader.outstanding.appends.max = 128 (default)
2019-10-15 08:43:00,630 [77143d31-7a05-49d3-8166-c63e8419bc63@group-439AAE1CF691-LeaderElection211] INFO  server.RaftServerConfigKeys (ConfUtils.java:logGet(43)) - raft.server.rpc.request.timeout = 3000ms (default)
2019-10-15 08:43:00,630 [77143d31-7a05-49d3-8166-c63e8419bc63@group-439AAE1CF691-LeaderElection211] INFO  server.RaftServerConfigKeys (ConfUtils.java:logGet(43)) - raft.server.log.appender.install.snapshot.enabled = false (custom)
2019-10-15 08:43:00,630 [77143d31-7a05-49d3-8166-c63e8419bc63@group-439AAE1CF691-LeaderElection211] INFO  server.RaftServerConfigKeys (ConfUtils.java:logGet(43)) - raft.server.log.appender.snapshot.chunk.size.max = 16MB (=16777216) (default)
2019-10-15 08:43:00,630 [77143d31-7a05-49d3-8166-c63e8419bc63@group-439AAE1CF691-LeaderElection211] INFO  server.RaftServerConfigKeys (ConfUtils.java:logGet(43)) - raft.server.log.appender.buffer.byte-limit = 33554432 (custom)
2019-10-15 08:43:00,630 [77143d31-7a05-49d3-8166-c63e8419bc63@group-439AAE1CF691-LeaderElection211] INFO  server.RaftServerConfigKeys (ConfUtils.java:logGet(43)) - raft.server.log.appender.buffer.element-limit = 1 (custom)
2019-10-15 08:43:00,631 [77143d31-7a05-49d3-8166-c63e8419bc63@group-439AAE1CF691-LeaderElection211] INFO  grpc.GrpcConfigKeys$Server (ConfUtils.java:logGet(43)) - raft.grpc.server.leader.outstanding.appends.max = 128 (default)
2019-10-15 08:43:00,631 [77143d31-7a05-49d3-8166-c63e8419bc63@group-439AAE1CF691-LeaderElection211] INFO  server.RaftServerConfigKeys (ConfUtils.java:logGet(43)) - raft.server.rpc.request.timeout = 3000ms (default)
2019-10-15 08:43:00,631 [77143d31-7a05-49d3-8166-c63e8419bc63@group-439AAE1CF691-LeaderElection211] INFO  server.RaftServerConfigKeys (ConfUtils.java:logGet(43)) - raft.server.log.appender.install.snapshot.enabled = false (custom)
2019-10-15 08:43:00,632 [77143d31-7a05-49d3-8166-c63e8419bc63@group-439AAE1CF691-LeaderElection211] INFO  impl.RoleInfo (RoleInfo.java:updateAndGet(143)) - 77143d31-7a05-49d3-8166-c63e8419bc63: start LeaderState
2019-10-15 08:43:00,632 [77143d31-7a05-49d3-8166-c63e8419bc63@group-439AAE1CF691-LeaderElection211] INFO  segmented.SegmentedRaftLogWorker (SegmentedRaftLogWorker.java:startLogSegment(385)) - 77143d31-7a05-49d3-8166-c63e8419bc63@group-439AAE1CF691-SegmentedRaftLogWorker: Starting segment from index:0
2019-10-15 08:43:00,633 [77143d31-7a05-49d3-8166-c63e8419bc63@group-439AAE1CF691-LeaderElection211] INFO  impl.RaftServerImpl (ServerState.java:setRaftConf(356)) - 77143d31-7a05-49d3-8166-c63e8419bc63@group-439AAE1CF691: set configuration 0: [f6d552c9-f983-4597-b4d0-1b438ea21ad8:192.168.164.209:37602, 77143d31-7a05-49d3-8166-c63e8419bc63:192.168.164.209:44002, 4c00b829-f7eb-437b-9af3-99601f151fac:192.168.164.209:39950], old=null at 0
2019-10-15 08:43:00,634 [grpc-default-executor-1] INFO  impl.RaftServerImpl (ServerState.java:setLeader(255)) - 4c00b829-f7eb-437b-9af3-99601f151fac@group-439AAE1CF691: change Leader from null to 77143d31-7a05-49d3-8166-c63e8419bc63 at term 1 for appendEntries, leader elected after 5165ms
2019-10-15 08:43:00,634 [grpc-default-executor-2] INFO  impl.RaftServerImpl (ServerState.java:setLeader(255)) - f6d552c9-f983-4597-b4d0-1b438ea21ad8@group-439AAE1CF691: change Leader from null to 77143d31-7a05-49d3-8166-c63e8419bc63 at term 1 for appendEntries, leader elected after 5165ms
2019-10-15 08:43:00,669 [Thread-4370] INFO  impl.FollowerState (FollowerState.java:run(108)) - 77143d31-7a05-49d3-8166-c63e8419bc63@group-05F17421E830-FollowerState: change to CANDIDATE, lastRpcTime:5111ms, electionTimeout:5104ms
2019-10-15 08:43:00,669 [Thread-4381] INFO  impl.FollowerState (FollowerState.java:run(108)) - f6d552c9-f983-4597-b4d0-1b438ea21ad8@group-EDDC828829ED-FollowerState: change to CANDIDATE, lastRpcTime:5025ms, electionTimeout:5010ms
2019-10-15 08:43:00,669 [Thread-4370] INFO  impl.RoleInfo (RoleInfo.java:shutdownFollowerState(121)) - 77143d31-7a05-49d3-8166-c63e8419bc63: shutdown FollowerState
2019-10-15 08:43:00,669 [Thread-4381] INFO  impl.RoleInfo (RoleInfo.java:shutdownFollowerState(121)) - f6d552c9-f983-4597-b4d0-1b438ea21ad8: shutdown FollowerState
2019-10-15 08:43:00,669 [fce1772e-bc8b-45e5-be45-8c8cf120d735@group-45061EDE738C-SegmentedRaftLogWorker] INFO  segmented.SegmentedRaftLogWorker (SegmentedRaftLogWorker.java:execute(574)) - fce1772e-bc8b-45e5-be45-8c8cf120d735@group-45061EDE738C-SegmentedRaftLogWorker: created new log segment /workdir/hadoop-ozone/integration-test/target/test-dir/MiniOzoneClusterImpl-d07e3086-68e0-4340-b24d-43dfb7c1e85c/datanode-6/data/ratis/2ff9c8a1-1b25-4c75-ba1f-45061ede738c/current/log_inprogress_0
2019-10-15 08:43:00,669 [Thread-4381] INFO  impl.RaftServerImpl (RaftServerImpl.java:setRole(170)) - f6d552c9-f983-4597-b4d0-1b438ea21ad8@group-EDDC828829ED: changes role from  FOLLOWER to CANDIDATE at term 0 for changeToCandidate
2019-10-15 08:43:00,669 [4c00b829-f7eb-437b-9af3-99601f151fac@group-05F17421E830-LeaderElection212] INFO  impl.LeaderElection (LeaderElection.java:askForVotes(178)) - 4c00b829-f7eb-437b-9af3-99601f151fac@group-05F17421E830-LeaderElection212: begin an election at term 1 for -1: [f6d552c9-f983-4597-b4d0-1b438ea21ad8:192.168.164.209:37602, 77143d31-7a05-49d3-8166-c63e8419bc63:192.168.164.209:44002, 4c00b829-f7eb-437b-9af3-99601f151fac:192.168.164.209:39950], old=null
2019-10-15 08:43:00,669 [Thread-4370] INFO  impl.RaftServerImpl (RaftServerImpl.java:setRole(170)) - 77143d31-7a05-49d3-8166-c63e8419bc63@group-05F17421E830: changes role from  FOLLOWER to CANDIDATE at term 0 for changeToCandidate
2019-10-15 08:43:00,669 [Thread-4367] INFO  impl.FollowerState (FollowerState.java:run(108)) - f6d552c9-f983-4597-b4d0-1b438ea21ad8@group-05F17421E830-FollowerState: change to CANDIDATE, lastRpcTime:5116ms, electionTimeout:5087ms
2019-10-15 08:43:00,670 [Thread-4370] INFO  impl.RoleInfo (RoleInfo.java:updateAndGet(143)) - 77143d31-7a05-49d3-8166-c63e8419bc63: start LeaderElection
2019-10-15 08:43:00,670 [Thread-4381] INFO  impl.RoleInfo (RoleInfo.java:updateAndGet(143)) - f6d552c9-f983-4597-b4d0-1b438ea21ad8: start LeaderElection
2019-10-15 08:43:00,670 [grpc-default-executor-1] INFO  impl.RaftServerImpl (ServerState.java:setRaftConf(356)) - f6d552c9-f983-4597-b4d0-1b438ea21ad8@group-439AAE1CF691: set configuration 0: [f6d552c9-f983-4597-b4d0-1b438ea21ad8:192.168.164.209:37602, 77143d31-7a05-49d3-8166-c63e8419bc63:192.168.164.209:44002, 4c00b829-f7eb-437b-9af3-99601f151fac:192.168.164.209:39950], old=null at 0
2019-10-15 08:43:00,670 [Thread-4367] INFO  impl.RoleInfo (RoleInfo.java:shutdownFollowerState(121)) - f6d552c9-f983-4597-b4d0-1b438ea21ad8: shutdown FollowerState
2019-10-15 08:43:00,671 [grpc-default-executor-2] INFO  impl.RaftServerImpl (ServerState.java:setRaftConf(356)) - 4c00b829-f7eb-437b-9af3-99601f151fac@group-439AAE1CF691: set configuration 0: [f6d552c9-f983-4597-b4d0-1b438ea21ad8:192.168.164.209:37602, 77143d31-7a05-49d3-8166-c63e8419bc63:192.168.164.209:44002, 4c00b829-f7eb-437b-9af3-99601f151fac:192.168.164.209:39950], old=null at 0
2019-10-15 08:43:00,671 [grpc-default-executor-1] INFO  segmented.SegmentedRaftLogWorker (SegmentedRaftLogWorker.java:startLogSegment(385)) - f6d552c9-f983-4597-b4d0-1b438ea21ad8@group-439AAE1CF691-SegmentedRaftLogWorker: Starting segment from index:0
2019-10-15 08:43:00,681 [grpc-default-executor-2] INFO  segmented.SegmentedRaftLogWorker (SegmentedRaftLogWorker.java:startLogSegment(385)) - 4c00b829-f7eb-437b-9af3-99601f151fac@group-439AAE1CF691-SegmentedRaftLogWorker: Starting segment from index:0
2019-10-15 08:43:00,681 [Thread-4376] INFO  impl.FollowerState (FollowerState.java:run(108)) - 77143d31-7a05-49d3-8166-c63e8419bc63@group-EDDC828829ED-FollowerState: change to CANDIDATE, lastRpcTime:5044ms, electionTimeout:5038ms
2019-10-15 08:43:00,671 [Thread-4367] INFO  impl.RaftServerImpl (RaftServerImpl.java:setRole(170)) - f6d552c9-f983-4597-b4d0-1b438ea21ad8@group-05F17421E830: changes role from  FOLLOWER to CANDIDATE at term 0 for changeToCandidate
2019-10-15 08:43:00,682 [Thread-4376] INFO  impl.RoleInfo (RoleInfo.java:shutdownFollowerState(121)) - 77143d31-7a05-49d3-8166-c63e8419bc63: shutdown FollowerState
2019-10-15 08:43:00,682 [Thread-4367] INFO  impl.RoleInfo (RoleInfo.java:updateAndGet(143)) - f6d552c9-f983-4597-b4d0-1b438ea21ad8: start LeaderElection
2019-10-15 08:43:00,682 [Thread-4376] INFO  impl.RaftServerImpl (RaftServerImpl.java:setRole(170)) - 77143d31-7a05-49d3-8166-c63e8419bc63@group-EDDC828829ED: changes role from  FOLLOWER to CANDIDATE at term 0 for changeToCandidate
2019-10-15 08:43:00,682 [Thread-4376] INFO  impl.RoleInfo (RoleInfo.java:updateAndGet(143)) - 77143d31-7a05-49d3-8166-c63e8419bc63: start LeaderElection
2019-10-15 08:43:00,693 [77143d31-7a05-49d3-8166-c63e8419bc63@group-439AAE1CF691-SegmentedRaftLogWorker] INFO  segmented.SegmentedRaftLogWorker (SegmentedRaftLogWorker.java:execute(574)) - 77143d31-7a05-49d3-8166-c63e8419bc63@group-439AAE1CF691-SegmentedRaftLogWorker: created new log segment /workdir/hadoop-ozone/integration-test/target/test-dir/MiniOzoneClusterImpl-d07e3086-68e0-4340-b24d-43dfb7c1e85c/datanode-0/data/ratis/0893dc23-fc59-4672-9695-439aae1cf691/current/log_inprogress_0
2019-10-15 08:43:00,710 [f6d552c9-f983-4597-b4d0-1b438ea21ad8@group-05F17421E830-LeaderElection215] INFO  impl.LeaderElection (LeaderElection.java:askForVotes(178)) - f6d552c9-f983-4597-b4d0-1b438ea21ad8@group-05F17421E830-LeaderElection215: begin an election at term 1 for -1: [f6d552c9-f983-4597-b4d0-1b438ea21ad8:192.168.164.209:37602, 77143d31-7a05-49d3-8166-c63e8419bc63:192.168.164.209:44002, 4c00b829-f7eb-437b-9af3-99601f151fac:192.168.164.209:39950], old=null
2019-10-15 08:43:00,711 [77143d31-7a05-49d3-8166-c63e8419bc63@group-05F17421E830-LeaderElection214] INFO  impl.LeaderElection (LeaderElection.java:askForVotes(178)) - 77143d31-7a05-49d3-8166-c63e8419bc63@group-05F17421E830-LeaderElection214: begin an election at term 1 for -1: [f6d552c9-f983-4597-b4d0-1b438ea21ad8:192.168.164.209:37602, 77143d31-7a05-49d3-8166-c63e8419bc63:192.168.164.209:44002, 4c00b829-f7eb-437b-9af3-99601f151fac:192.168.164.209:39950], old=null
2019-10-15 08:43:00,711 [77143d31-7a05-49d3-8166-c63e8419bc63@group-EDDC828829ED-LeaderElection216] INFO  impl.LeaderElection (LeaderElection.java:askForVotes(178)) - 77143d31-7a05-49d3-8166-c63e8419bc63@group-EDDC828829ED-LeaderElection216: begin an election at term 1 for -1: [f6d552c9-f983-4597-b4d0-1b438ea21ad8:192.168.164.209:37602, 77143d31-7a05-49d3-8166-c63e8419bc63:192.168.164.209:44002, 4c00b829-f7eb-437b-9af3-99601f151fac:192.168.164.209:39950], old=null
2019-10-15 08:43:00,711 [f6d552c9-f983-4597-b4d0-1b438ea21ad8@group-EDDC828829ED-LeaderElection213] INFO  impl.LeaderElection (LeaderElection.java:askForVotes(178)) - f6d552c9-f983-4597-b4d0-1b438ea21ad8@group-EDDC828829ED-LeaderElection213: begin an election at term 1 for -1: [f6d552c9-f983-4597-b4d0-1b438ea21ad8:192.168.164.209:37602, 77143d31-7a05-49d3-8166-c63e8419bc63:192.168.164.209:44002, 4c00b829-f7eb-437b-9af3-99601f151fac:192.168.164.209:39950], old=null
2019-10-15 08:43:00,712 [4c00b829-f7eb-437b-9af3-99601f151fac@group-05F17421E830-LeaderElection212] INFO  impl.LeaderElection (LeaderElection.java:logAndReturn(56)) - 4c00b829-f7eb-437b-9af3-99601f151fac@group-05F17421E830-LeaderElection212: Election REJECTED; received 2 response(s) [4c00b829-f7eb-437b-9af3-99601f151fac<-f6d552c9-f983-4597-b4d0-1b438ea21ad8#0:FAIL-t1, 4c00b829-f7eb-437b-9af3-99601f151fac<-77143d31-7a05-49d3-8166-c63e8419bc63#0:FAIL-t1] and 0 exception(s); 4c00b829-f7eb-437b-9af3-99601f151fac@group-05F17421E830:t1, leader=null, voted=4c00b829-f7eb-437b-9af3-99601f151fac, raftlog=4c00b829-f7eb-437b-9af3-99601f151fac@group-05F17421E830-SegmentedRaftLog:OPENED:c-1,f-1,i0, conf=-1: [f6d552c9-f983-4597-b4d0-1b438ea21ad8:192.168.164.209:37602, 77143d31-7a05-49d3-8166-c63e8419bc63:192.168.164.209:44002, 4c00b829-f7eb-437b-9af3-99601f151fac:192.168.164.209:39950], old=null
2019-10-15 08:43:00,712 [4c00b829-f7eb-437b-9af3-99601f151fac@group-05F17421E830-LeaderElection212] INFO  impl.RaftServerImpl (RaftServerImpl.java:setRole(170)) - 4c00b829-f7eb-437b-9af3-99601f151fac@group-05F17421E830: changes role from CANDIDATE to FOLLOWER at term 1 for DISCOVERED_A_NEW_TERM
2019-10-15 08:43:00,713 [4c00b829-f7eb-437b-9af3-99601f151fac@group-05F17421E830-LeaderElection212] INFO  impl.RoleInfo (RoleInfo.java:shutdownLeaderElection(134)) - 4c00b829-f7eb-437b-9af3-99601f151fac: shutdown LeaderElection
2019-10-15 08:43:00,713 [4c00b829-f7eb-437b-9af3-99601f151fac@group-05F17421E830-LeaderElection212] INFO  impl.RoleInfo (RoleInfo.java:updateAndGet(143)) - 4c00b829-f7eb-437b-9af3-99601f151fac: start FollowerState
2019-10-15 08:43:00,727 [grpc-default-executor-6] INFO  impl.RaftServerImpl (RaftServerImpl.java:setRole(170)) - 4c00b829-f7eb-437b-9af3-99601f151fac@group-EDDC828829ED: changes role from  FOLLOWER to FOLLOWER at term 1 for recognizeCandidate:77143d31-7a05-49d3-8166-c63e8419bc63
2019-10-15 08:43:00,727 [grpc-default-executor-6] INFO  impl.RoleInfo (RoleInfo.java:shutdownFollowerState(121)) - 4c00b829-f7eb-437b-9af3-99601f151fac: shutdown FollowerState
2019-10-15 08:43:00,727 [grpc-default-executor-6] INFO  impl.RoleInfo (RoleInfo.java:updateAndGet(143)) - 4c00b829-f7eb-437b-9af3-99601f151fac: start FollowerState
2019-10-15 08:43:00,727 [Thread-4380] INFO  impl.FollowerState (FollowerState.java:run(117)) - 4c00b829-f7eb-437b-9af3-99601f151fac@group-EDDC828829ED-FollowerState was interrupted: java.lang.InterruptedException: sleep interrupted
2019-10-15 08:43:00,728 [77143d31-7a05-49d3-8166-c63e8419bc63@group-05F17421E830-LeaderElection214] INFO  impl.LeaderElection (LeaderElection.java:logAndReturn(56)) - 77143d31-7a05-49d3-8166-c63e8419bc63@group-05F17421E830-LeaderElection214: Election REJECTED; received 2 response(s) [77143d31-7a05-49d3-8166-c63e8419bc63<-f6d552c9-f983-4597-b4d0-1b438ea21ad8#0:FAIL-t1, 77143d31-7a05-49d3-8166-c63e8419bc63<-4c00b829-f7eb-437b-9af3-99601f151fac#0:FAIL-t1] and 0 exception(s); 77143d31-7a05-49d3-8166-c63e8419bc63@group-05F17421E830:t1, leader=null, voted=77143d31-7a05-49d3-8166-c63e8419bc63, raftlog=77143d31-7a05-49d3-8166-c63e8419bc63@group-05F17421E830-SegmentedRaftLog:OPENED:c-1,f-1,i0, conf=-1: [f6d552c9-f983-4597-b4d0-1b438ea21ad8:192.168.164.209:37602, 77143d31-7a05-49d3-8166-c63e8419bc63:192.168.164.209:44002, 4c00b829-f7eb-437b-9af3-99601f151fac:192.168.164.209:39950], old=null
2019-10-15 08:43:00,730 [77143d31-7a05-49d3-8166-c63e8419bc63@group-05F17421E830-LeaderElection214] INFO  impl.RaftServerImpl (RaftServerImpl.java:setRole(170)) - 77143d31-7a05-49d3-8166-c63e8419bc63@group-05F17421E830: changes role from CANDIDATE to FOLLOWER at term 1 for DISCOVERED_A_NEW_TERM
2019-10-15 08:43:00,731 [77143d31-7a05-49d3-8166-c63e8419bc63@group-05F17421E830-LeaderElection214] INFO  impl.RoleInfo (RoleInfo.java:shutdownLeaderElection(134)) - 77143d31-7a05-49d3-8166-c63e8419bc63: shutdown LeaderElection
2019-10-15 08:43:00,731 [77143d31-7a05-49d3-8166-c63e8419bc63@group-05F17421E830-LeaderElection214] INFO  impl.RoleInfo (RoleInfo.java:updateAndGet(143)) - 77143d31-7a05-49d3-8166-c63e8419bc63: start FollowerState
2019-10-15 08:43:00,732 [f6d552c9-f983-4597-b4d0-1b438ea21ad8@group-05F17421E830-LeaderElection215] INFO  impl.LeaderElection (LeaderElection.java:logAndReturn(56)) - f6d552c9-f983-4597-b4d0-1b438ea21ad8@group-05F17421E830-LeaderElection215: Election REJECTED; received 2 response(s) [f6d552c9-f983-4597-b4d0-1b438ea21ad8<-77143d31-7a05-49d3-8166-c63e8419bc63#0:FAIL-t1, f6d552c9-f983-4597-b4d0-1b438ea21ad8<-4c00b829-f7eb-437b-9af3-99601f151fac#0:FAIL-t1] and 0 exception(s); f6d552c9-f983-4597-b4d0-1b438ea21ad8@group-05F17421E830:t1, leader=null, voted=f6d552c9-f983-4597-b4d0-1b438ea21ad8, raftlog=f6d552c9-f983-4597-b4d0-1b438ea21ad8@group-05F17421E830-SegmentedRaftLog:OPENED:c-1,f-1,i0, conf=-1: [f6d552c9-f983-4597-b4d0-1b438ea21ad8:192.168.164.209:37602, 77143d31-7a05-49d3-8166-c63e8419bc63:192.168.164.209:44002, 4c00b829-f7eb-437b-9af3-99601f151fac:192.168.164.209:39950], old=null
2019-10-15 08:43:00,732 [f6d552c9-f983-4597-b4d0-1b438ea21ad8@group-05F17421E830-LeaderElection215] INFO  impl.RaftServerImpl (RaftServerImpl.java:setRole(170)) - f6d552c9-f983-4597-b4d0-1b438ea21ad8@group-05F17421E830: changes role from CANDIDATE to FOLLOWER at term 1 for DISCOVERED_A_NEW_TERM
2019-10-15 08:43:00,732 [f6d552c9-f983-4597-b4d0-1b438ea21ad8@group-05F17421E830-LeaderElection215] INFO  impl.RoleInfo (RoleInfo.java:shutdownLeaderElection(134)) - f6d552c9-f983-4597-b4d0-1b438ea21ad8: shutdown LeaderElection
2019-10-15 08:43:00,732 [f6d552c9-f983-4597-b4d0-1b438ea21ad8@group-05F17421E830-LeaderElection215] INFO  impl.RoleInfo (RoleInfo.java:updateAndGet(143)) - f6d552c9-f983-4597-b4d0-1b438ea21ad8: start FollowerState
2019-10-15 08:43:00,753 [4c00b829-f7eb-437b-9af3-99601f151fac@group-439AAE1CF691-SegmentedRaftLogWorker] INFO  segmented.SegmentedRaftLogWorker (SegmentedRaftLogWorker.java:execute(574)) - 4c00b829-f7eb-437b-9af3-99601f151fac@group-439AAE1CF691-SegmentedRaftLogWorker: created new log segment /workdir/hadoop-ozone/integration-test/target/test-dir/MiniOzoneClusterImpl-d07e3086-68e0-4340-b24d-43dfb7c1e85c/datanode-4/data/ratis/0893dc23-fc59-4672-9695-439aae1cf691/current/log_inprogress_0
2019-10-15 08:43:00,753 [f6d552c9-f983-4597-b4d0-1b438ea21ad8@group-439AAE1CF691-SegmentedRaftLogWorker] INFO  segmented.SegmentedRaftLogWorker (SegmentedRaftLogWorker.java:execute(574)) - f6d552c9-f983-4597-b4d0-1b438ea21ad8@group-439AAE1CF691-SegmentedRaftLogWorker: created new log segment /workdir/hadoop-ozone/integration-test/target/test-dir/MiniOzoneClusterImpl-d07e3086-68e0-4340-b24d-43dfb7c1e85c/datanode-5/data/ratis/0893dc23-fc59-4672-9695-439aae1cf691/current/log_inprogress_0
2019-10-15 08:43:00,753 [77143d31-7a05-49d3-8166-c63e8419bc63@group-EDDC828829ED-LeaderElection216] INFO  impl.LeaderElection (LeaderElection.java:logAndReturn(56)) - 77143d31-7a05-49d3-8166-c63e8419bc63@group-EDDC828829ED-LeaderElection216: Election PASSED; received 2 response(s) [77143d31-7a05-49d3-8166-c63e8419bc63<-f6d552c9-f983-4597-b4d0-1b438ea21ad8#0:FAIL-t1, 77143d31-7a05-49d3-8166-c63e8419bc63<-4c00b829-f7eb-437b-9af3-99601f151fac#0:OK-t1] and 0 exception(s); 77143d31-7a05-49d3-8166-c63e8419bc63@group-EDDC828829ED:t1, leader=null, voted=77143d31-7a05-49d3-8166-c63e8419bc63, raftlog=77143d31-7a05-49d3-8166-c63e8419bc63@group-EDDC828829ED-SegmentedRaftLog:OPENED:c-1,f-1,i0, conf=-1: [f6d552c9-f983-4597-b4d0-1b438ea21ad8:192.168.164.209:37602, 77143d31-7a05-49d3-8166-c63e8419bc63:192.168.164.209:44002, 4c00b829-f7eb-437b-9af3-99601f151fac:192.168.164.209:39950], old=null
2019-10-15 08:43:00,753 [77143d31-7a05-49d3-8166-c63e8419bc63@group-EDDC828829ED-LeaderElection216] INFO  impl.RoleInfo (RoleInfo.java:shutdownLeaderElection(134)) - 77143d31-7a05-49d3-8166-c63e8419bc63: shutdown LeaderElection
2019-10-15 08:43:00,753 [f6d552c9-f983-4597-b4d0-1b438ea21ad8@group-EDDC828829ED-LeaderElection213] INFO  impl.LeaderElection (LeaderElection.java:logAndReturn(56)) - f6d552c9-f983-4597-b4d0-1b438ea21ad8@group-EDDC828829ED-LeaderElection213: Election REJECTED; received 2 response(s) [f6d552c9-f983-4597-b4d0-1b438ea21ad8<-77143d31-7a05-49d3-8166-c63e8419bc63#0:FAIL-t1, f6d552c9-f983-4597-b4d0-1b438ea21ad8<-4c00b829-f7eb-437b-9af3-99601f151fac#0:FAIL-t1] and 0 exception(s); f6d552c9-f983-4597-b4d0-1b438ea21ad8@group-EDDC828829ED:t1, leader=null, voted=f6d552c9-f983-4597-b4d0-1b438ea21ad8, raftlog=f6d552c9-f983-4597-b4d0-1b438ea21ad8@group-EDDC828829ED-SegmentedRaftLog:OPENED:c-1,f-1,i0, conf=-1: [f6d552c9-f983-4597-b4d0-1b438ea21ad8:192.168.164.209:37602, 77143d31-7a05-49d3-8166-c63e8419bc63:192.168.164.209:44002, 4c00b829-f7eb-437b-9af3-99601f151fac:192.168.164.209:39950], old=null
2019-10-15 08:43:00,754 [77143d31-7a05-49d3-8166-c63e8419bc63@group-EDDC828829ED-LeaderElection216] INFO  impl.RaftServerImpl (RaftServerImpl.java:setRole(170)) - 77143d31-7a05-49d3-8166-c63e8419bc63@group-EDDC828829ED: changes role from CANDIDATE to LEADER at term 1 for changeToLeader
2019-10-15 08:43:00,754 [f6d552c9-f983-4597-b4d0-1b438ea21ad8@group-EDDC828829ED-LeaderElection213] INFO  impl.RaftServerImpl (RaftServerImpl.java:setRole(170)) - f6d552c9-f983-4597-b4d0-1b438ea21ad8@group-EDDC828829ED: changes role from CANDIDATE to FOLLOWER at term 1 for DISCOVERED_A_NEW_TERM
2019-10-15 08:43:00,754 [77143d31-7a05-49d3-8166-c63e8419bc63@group-EDDC828829ED-LeaderElection216] INFO  impl.RaftServerImpl (ServerState.java:setLeader(255)) - 77143d31-7a05-49d3-8166-c63e8419bc63@group-EDDC828829ED: change Leader from null to 77143d31-7a05-49d3-8166-c63e8419bc63 at term 1 for becomeLeader, leader elected after 5124ms
2019-10-15 08:43:00,754 [f6d552c9-f983-4597-b4d0-1b438ea21ad8@group-EDDC828829ED-LeaderElection213] INFO  impl.RoleInfo (RoleInfo.java:shutdownLeaderElection(134)) - f6d552c9-f983-4597-b4d0-1b438ea21ad8: shutdown LeaderElection
2019-10-15 08:43:00,754 [77143d31-7a05-49d3-8166-c63e8419bc63@group-EDDC828829ED-LeaderElection216] INFO  server.RaftServerConfigKeys (ConfUtils.java:logGet(43)) - raft.server.staging.catchup.gap = 1000 (default)
2019-10-15 08:43:00,754 [f6d552c9-f983-4597-b4d0-1b438ea21ad8@group-EDDC828829ED-LeaderElection213] INFO  impl.RoleInfo (RoleInfo.java:updateAndGet(143)) - f6d552c9-f983-4597-b4d0-1b438ea21ad8: start FollowerState
2019-10-15 08:43:00,754 [77143d31-7a05-49d3-8166-c63e8419bc63@group-EDDC828829ED-LeaderElection216] INFO  server.RaftServerConfigKeys (ConfUtils.java:logGet(43)) - raft.server.rpc.sleep.time = 25ms (default)
2019-10-15 08:43:00,754 [77143d31-7a05-49d3-8166-c63e8419bc63@group-EDDC828829ED-LeaderElection216] INFO  server.RaftServerConfigKeys (ConfUtils.java:logGet(43)) - raft.server.write.element-limit = 4096 (default)
2019-10-15 08:43:00,755 [77143d31-7a05-49d3-8166-c63e8419bc63@group-EDDC828829ED-LeaderElection216] INFO  server.RaftServerConfigKeys (ConfUtils.java:logGet(43)) - raft.server.watch.timeout = 10s (default)
2019-10-15 08:43:00,755 [77143d31-7a05-49d3-8166-c63e8419bc63@group-EDDC828829ED-LeaderElection216] INFO  server.RaftServerConfigKeys (ConfUtils.java:logGet(43)) - raft.server.watch.timeout.denomination = 1s (default)
2019-10-15 08:43:00,755 [77143d31-7a05-49d3-8166-c63e8419bc63@group-EDDC828829ED-LeaderElection216] INFO  server.RaftServerConfigKeys (ConfUtils.java:logGet(43)) - raft.server.watch.element-limit = 65536 (default)
2019-10-15 08:43:00,756 [77143d31-7a05-49d3-8166-c63e8419bc63@group-EDDC828829ED-LeaderElection216] INFO  server.RaftServerConfigKeys (ConfUtils.java:logGet(43)) - raft.server.log.appender.snapshot.chunk.size.max = 16MB (=16777216) (default)
2019-10-15 08:43:00,756 [77143d31-7a05-49d3-8166-c63e8419bc63@group-EDDC828829ED-LeaderElection216] INFO  server.RaftServerConfigKeys (ConfUtils.java:logGet(43)) - raft.server.log.appender.buffer.byte-limit = 33554432 (custom)
2019-10-15 08:43:00,756 [77143d31-7a05-49d3-8166-c63e8419bc63@group-EDDC828829ED-LeaderElection216] INFO  server.RaftServerConfigKeys (ConfUtils.java:logGet(43)) - raft.server.log.appender.buffer.element-limit = 1 (custom)
2019-10-15 08:43:00,756 [77143d31-7a05-49d3-8166-c63e8419bc63@group-EDDC828829ED-LeaderElection216] INFO  grpc.GrpcConfigKeys$Server (ConfUtils.java:logGet(43)) - raft.grpc.server.leader.outstanding.appends.max = 128 (default)
2019-10-15 08:43:00,757 [77143d31-7a05-49d3-8166-c63e8419bc63@group-EDDC828829ED-LeaderElection216] INFO  server.RaftServerConfigKeys (ConfUtils.java:logGet(43)) - raft.server.rpc.request.timeout = 3000ms (default)
2019-10-15 08:43:00,757 [77143d31-7a05-49d3-8166-c63e8419bc63@group-EDDC828829ED-LeaderElection216] INFO  server.RaftServerConfigKeys (ConfUtils.java:logGet(43)) - raft.server.log.appender.install.snapshot.enabled = false (custom)
2019-10-15 08:43:00,757 [77143d31-7a05-49d3-8166-c63e8419bc63@group-EDDC828829ED-LeaderElection216] INFO  server.RaftServerConfigKeys (ConfUtils.java:logGet(43)) - raft.server.log.appender.snapshot.chunk.size.max = 16MB (=16777216) (default)
2019-10-15 08:43:00,757 [77143d31-7a05-49d3-8166-c63e8419bc63@group-EDDC828829ED-LeaderElection216] INFO  server.RaftServerConfigKeys (ConfUtils.java:logGet(43)) - raft.server.log.appender.buffer.byte-limit = 33554432 (custom)
2019-10-15 08:43:00,757 [77143d31-7a05-49d3-8166-c63e8419bc63@group-EDDC828829ED-LeaderElection216] INFO  server.RaftServerConfigKeys (ConfUtils.java:logGet(43)) - raft.server.log.appender.buffer.element-limit = 1 (custom)
2019-10-15 08:43:00,757 [77143d31-7a05-49d3-8166-c63e8419bc63@group-EDDC828829ED-LeaderElection216] INFO  grpc.GrpcConfigKeys$Server (ConfUtils.java:logGet(43)) - raft.grpc.server.leader.outstanding.appends.max = 128 (default)
2019-10-15 08:43:00,757 [77143d31-7a05-49d3-8166-c63e8419bc63@group-EDDC828829ED-LeaderElection216] INFO  server.RaftServerConfigKeys (ConfUtils.java:logGet(43)) - raft.server.rpc.request.timeout = 3000ms (default)
2019-10-15 08:43:00,757 [77143d31-7a05-49d3-8166-c63e8419bc63@group-EDDC828829ED-LeaderElection216] INFO  server.RaftServerConfigKeys (ConfUtils.java:logGet(43)) - raft.server.log.appender.install.snapshot.enabled = false (custom)
2019-10-15 08:43:00,758 [77143d31-7a05-49d3-8166-c63e8419bc63@group-EDDC828829ED-LeaderElection216] INFO  impl.RoleInfo (RoleInfo.java:updateAndGet(143)) - 77143d31-7a05-49d3-8166-c63e8419bc63: start LeaderState
2019-10-15 08:43:00,758 [77143d31-7a05-49d3-8166-c63e8419bc63@group-EDDC828829ED-LeaderElection216] INFO  segmented.SegmentedRaftLogWorker (SegmentedRaftLogWorker.java:startLogSegment(385)) - 77143d31-7a05-49d3-8166-c63e8419bc63@group-EDDC828829ED-SegmentedRaftLogWorker: Starting segment from index:0
2019-10-15 08:43:00,758 [Thread-4390] INFO  impl.FollowerState (FollowerState.java:run(108)) - f6d552c9-f983-4597-b4d0-1b438ea21ad8@group-E14AC227B858-FollowerState: change to CANDIDATE, lastRpcTime:5037ms, electionTimeout:5037ms
2019-10-15 08:43:00,758 [Thread-4390] INFO  impl.RoleInfo (RoleInfo.java:shutdownFollowerState(121)) - f6d552c9-f983-4597-b4d0-1b438ea21ad8: shutdown FollowerState
2019-10-15 08:43:00,758 [Thread-4390] INFO  impl.RaftServerImpl (RaftServerImpl.java:setRole(170)) - f6d552c9-f983-4597-b4d0-1b438ea21ad8@group-E14AC227B858: changes role from  FOLLOWER to CANDIDATE at term 0 for changeToCandidate
2019-10-15 08:43:00,758 [77143d31-7a05-49d3-8166-c63e8419bc63@group-EDDC828829ED-LeaderElection216] INFO  impl.RaftServerImpl (ServerState.java:setRaftConf(356)) - 77143d31-7a05-49d3-8166-c63e8419bc63@group-EDDC828829ED: set configuration 0: [f6d552c9-f983-4597-b4d0-1b438ea21ad8:192.168.164.209:37602, 77143d31-7a05-49d3-8166-c63e8419bc63:192.168.164.209:44002, 4c00b829-f7eb-437b-9af3-99601f151fac:192.168.164.209:39950], old=null at 0
2019-10-15 08:43:00,758 [Thread-4390] INFO  impl.RoleInfo (RoleInfo.java:updateAndGet(143)) - f6d552c9-f983-4597-b4d0-1b438ea21ad8: start LeaderElection
2019-10-15 08:43:00,759 [grpc-default-executor-6] INFO  impl.RaftServerImpl (ServerState.java:setLeader(255)) - f6d552c9-f983-4597-b4d0-1b438ea21ad8@group-EDDC828829ED: change Leader from null to 77143d31-7a05-49d3-8166-c63e8419bc63 at term 1 for appendEntries, leader elected after 5129ms
2019-10-15 08:43:00,789 [grpc-default-executor-1] INFO  impl.RaftServerImpl (ServerState.java:setLeader(255)) - 4c00b829-f7eb-437b-9af3-99601f151fac@group-EDDC828829ED: change Leader from null to 77143d31-7a05-49d3-8166-c63e8419bc63 at term 1 for appendEntries, leader elected after 5159ms
2019-10-15 08:43:00,791 [grpc-default-executor-7] INFO  impl.RaftServerImpl (ServerState.java:setRaftConf(356)) - 4c00b829-f7eb-437b-9af3-99601f151fac@group-EDDC828829ED: set configuration 0: [f6d552c9-f983-4597-b4d0-1b438ea21ad8:192.168.164.209:37602, 77143d31-7a05-49d3-8166-c63e8419bc63:192.168.164.209:44002, 4c00b829-f7eb-437b-9af3-99601f151fac:192.168.164.209:39950], old=null at 0
2019-10-15 08:43:00,791 [grpc-default-executor-7] INFO  segmented.SegmentedRaftLogWorker (SegmentedRaftLogWorker.java:startLogSegment(385)) - 4c00b829-f7eb-437b-9af3-99601f151fac@group-EDDC828829ED-SegmentedRaftLogWorker: Starting segment from index:0
2019-10-15 08:43:00,791 [grpc-default-executor-6] INFO  impl.RaftServerImpl (ServerState.java:setRaftConf(356)) - f6d552c9-f983-4597-b4d0-1b438ea21ad8@group-EDDC828829ED: set configuration 0: [f6d552c9-f983-4597-b4d0-1b438ea21ad8:192.168.164.209:37602, 77143d31-7a05-49d3-8166-c63e8419bc63:192.168.164.209:44002, 4c00b829-f7eb-437b-9af3-99601f151fac:192.168.164.209:39950], old=null at 0
2019-10-15 08:43:00,791 [grpc-default-executor-6] INFO  segmented.SegmentedRaftLogWorker (SegmentedRaftLogWorker.java:startLogSegment(385)) - f6d552c9-f983-4597-b4d0-1b438ea21ad8@group-EDDC828829ED-SegmentedRaftLogWorker: Starting segment from index:0
2019-10-15 08:43:00,809 [Thread-4385] INFO  impl.FollowerState (FollowerState.java:run(108)) - 77143d31-7a05-49d3-8166-c63e8419bc63@group-E14AC227B858-FollowerState: change to CANDIDATE, lastRpcTime:5094ms, electionTimeout:5094ms
2019-10-15 08:43:00,809 [Thread-4385] INFO  impl.RoleInfo (RoleInfo.java:shutdownFollowerState(121)) - 77143d31-7a05-49d3-8166-c63e8419bc63: shutdown FollowerState
2019-10-15 08:43:00,809 [Thread-4385] INFO  impl.RaftServerImpl (RaftServerImpl.java:setRole(170)) - 77143d31-7a05-49d3-8166-c63e8419bc63@group-E14AC227B858: changes role from  FOLLOWER to CANDIDATE at term 0 for changeToCandidate
2019-10-15 08:43:00,809 [Thread-4385] INFO  impl.RoleInfo (RoleInfo.java:updateAndGet(143)) - 77143d31-7a05-49d3-8166-c63e8419bc63: start LeaderElection
2019-10-15 08:43:00,832 [77143d31-7a05-49d3-8166-c63e8419bc63@group-EDDC828829ED-SegmentedRaftLogWorker] INFO  segmented.SegmentedRaftLogWorker (SegmentedRaftLogWorker.java:execute(574)) - 77143d31-7a05-49d3-8166-c63e8419bc63@group-EDDC828829ED-SegmentedRaftLogWorker: created new log segment /workdir/hadoop-ozone/integration-test/target/test-dir/MiniOzoneClusterImpl-d07e3086-68e0-4340-b24d-43dfb7c1e85c/datanode-0/data/ratis/9f4baf63-d2da-4ae6-ac57-eddc828829ed/current/log_inprogress_0
2019-10-15 08:43:00,832 [f6d552c9-f983-4597-b4d0-1b438ea21ad8@group-E14AC227B858-LeaderElection217] INFO  impl.LeaderElection (LeaderElection.java:askForVotes(178)) - f6d552c9-f983-4597-b4d0-1b438ea21ad8@group-E14AC227B858-LeaderElection217: begin an election at term 1 for -1: [f6d552c9-f983-4597-b4d0-1b438ea21ad8:192.168.164.209:37602, 77143d31-7a05-49d3-8166-c63e8419bc63:192.168.164.209:44002, 4c00b829-f7eb-437b-9af3-99601f151fac:192.168.164.209:39950], old=null
2019-10-15 08:43:00,837 [grpc-default-executor-7] INFO  impl.RaftServerImpl (RaftServerImpl.java:setRole(170)) - 4c00b829-f7eb-437b-9af3-99601f151fac@group-E14AC227B858: changes role from  FOLLOWER to FOLLOWER at term 1 for recognizeCandidate:f6d552c9-f983-4597-b4d0-1b438ea21ad8
2019-10-15 08:43:00,838 [grpc-default-executor-7] INFO  impl.RoleInfo (RoleInfo.java:shutdownFollowerState(121)) - 4c00b829-f7eb-437b-9af3-99601f151fac: shutdown FollowerState
2019-10-15 08:43:00,838 [grpc-default-executor-7] INFO  impl.RoleInfo (RoleInfo.java:updateAndGet(143)) - 4c00b829-f7eb-437b-9af3-99601f151fac: start FollowerState
2019-10-15 08:43:00,838 [Thread-4389] INFO  impl.FollowerState (FollowerState.java:run(117)) - 4c00b829-f7eb-437b-9af3-99601f151fac@group-E14AC227B858-FollowerState was interrupted: java.lang.InterruptedException: sleep interrupted
2019-10-15 08:43:00,849 [Thread-4396] INFO  impl.FollowerState (FollowerState.java:run(108)) - 6d748945-2cb3-4aae-9aee-4a048f933dd9@group-616068D7E973-FollowerState: change to CANDIDATE, lastRpcTime:5048ms, electionTimeout:5048ms
2019-10-15 08:43:00,849 [Thread-4396] INFO  impl.RoleInfo (RoleInfo.java:shutdownFollowerState(121)) - 6d748945-2cb3-4aae-9aee-4a048f933dd9: shutdown FollowerState
2019-10-15 08:43:00,849 [Thread-4396] INFO  impl.RaftServerImpl (RaftServerImpl.java:setRole(170)) - 6d748945-2cb3-4aae-9aee-4a048f933dd9@group-616068D7E973: changes role from  FOLLOWER to CANDIDATE at term 0 for changeToCandidate
2019-10-15 08:43:00,849 [Thread-4396] INFO  impl.RoleInfo (RoleInfo.java:updateAndGet(143)) - 6d748945-2cb3-4aae-9aee-4a048f933dd9: start LeaderElection
2019-10-15 08:43:00,863 [f6d552c9-f983-4597-b4d0-1b438ea21ad8@group-EDDC828829ED-SegmentedRaftLogWorker] INFO  segmented.SegmentedRaftLogWorker (SegmentedRaftLogWorker.java:execute(574)) - f6d552c9-f983-4597-b4d0-1b438ea21ad8@group-EDDC828829ED-SegmentedRaftLogWorker: created new log segment /workdir/hadoop-ozone/integration-test/target/test-dir/MiniOzoneClusterImpl-d07e3086-68e0-4340-b24d-43dfb7c1e85c/datanode-5/data/ratis/9f4baf63-d2da-4ae6-ac57-eddc828829ed/current/log_inprogress_0
2019-10-15 08:43:00,863 [77143d31-7a05-49d3-8166-c63e8419bc63@group-E14AC227B858-LeaderElection218] INFO  impl.LeaderElection (LeaderElection.java:askForVotes(178)) - 77143d31-7a05-49d3-8166-c63e8419bc63@group-E14AC227B858-LeaderElection218: begin an election at term 1 for -1: [f6d552c9-f983-4597-b4d0-1b438ea21ad8:192.168.164.209:37602, 77143d31-7a05-49d3-8166-c63e8419bc63:192.168.164.209:44002, 4c00b829-f7eb-437b-9af3-99601f151fac:192.168.164.209:39950], old=null
2019-10-15 08:43:00,863 [4c00b829-f7eb-437b-9af3-99601f151fac@group-EDDC828829ED-SegmentedRaftLogWorker] INFO  segmented.SegmentedRaftLogWorker (SegmentedRaftLogWorker.java:execute(574)) - 4c00b829-f7eb-437b-9af3-99601f151fac@group-EDDC828829ED-SegmentedRaftLogWorker: created new log segment /workdir/hadoop-ozone/integration-test/target/test-dir/MiniOzoneClusterImpl-d07e3086-68e0-4340-b24d-43dfb7c1e85c/datanode-4/data/ratis/9f4baf63-d2da-4ae6-ac57-eddc828829ed/current/log_inprogress_0
2019-10-15 08:43:00,863 [f6d552c9-f983-4597-b4d0-1b438ea21ad8@group-E14AC227B858-LeaderElection217] INFO  impl.LeaderElection (LeaderElection.java:logAndReturn(56)) - f6d552c9-f983-4597-b4d0-1b438ea21ad8@group-E14AC227B858-LeaderElection217: Election PASSED; received 1 response(s) [f6d552c9-f983-4597-b4d0-1b438ea21ad8<-4c00b829-f7eb-437b-9af3-99601f151fac#0:OK-t1] and 0 exception(s); f6d552c9-f983-4597-b4d0-1b438ea21ad8@group-E14AC227B858:t1, leader=null, voted=f6d552c9-f983-4597-b4d0-1b438ea21ad8, raftlog=f6d552c9-f983-4597-b4d0-1b438ea21ad8@group-E14AC227B858-SegmentedRaftLog:OPENED:c-1,f-1,i0, conf=-1: [f6d552c9-f983-4597-b4d0-1b438ea21ad8:192.168.164.209:37602, 77143d31-7a05-49d3-8166-c63e8419bc63:192.168.164.209:44002, 4c00b829-f7eb-437b-9af3-99601f151fac:192.168.164.209:39950], old=null
2019-10-15 08:43:00,864 [f6d552c9-f983-4597-b4d0-1b438ea21ad8@group-E14AC227B858-LeaderElection217] INFO  impl.RoleInfo (RoleInfo.java:shutdownLeaderElection(134)) - f6d552c9-f983-4597-b4d0-1b438ea21ad8: shutdown LeaderElection
2019-10-15 08:43:00,864 [f6d552c9-f983-4597-b4d0-1b438ea21ad8@group-E14AC227B858-LeaderElection217] INFO  impl.RaftServerImpl (RaftServerImpl.java:setRole(170)) - f6d552c9-f983-4597-b4d0-1b438ea21ad8@group-E14AC227B858: changes role from CANDIDATE to LEADER at term 1 for changeToLeader
2019-10-15 08:43:00,864 [f6d552c9-f983-4597-b4d0-1b438ea21ad8@group-E14AC227B858-LeaderElection217] INFO  impl.RaftServerImpl (ServerState.java:setLeader(255)) - f6d552c9-f983-4597-b4d0-1b438ea21ad8@group-E14AC227B858: change Leader from null to f6d552c9-f983-4597-b4d0-1b438ea21ad8 at term 1 for becomeLeader, leader elected after 5157ms
2019-10-15 08:43:00,864 [f6d552c9-f983-4597-b4d0-1b438ea21ad8@group-E14AC227B858-LeaderElection217] INFO  server.RaftServerConfigKeys (ConfUtils.java:logGet(43)) - raft.server.staging.catchup.gap = 1000 (default)
2019-10-15 08:43:00,864 [f6d552c9-f983-4597-b4d0-1b438ea21ad8@group-E14AC227B858-LeaderElection217] INFO  server.RaftServerConfigKeys (ConfUtils.java:logGet(43)) - raft.server.rpc.sleep.time = 25ms (default)
2019-10-15 08:43:00,864 [f6d552c9-f983-4597-b4d0-1b438ea21ad8@group-E14AC227B858-LeaderElection217] INFO  server.RaftServerConfigKeys (ConfUtils.java:logGet(43)) - raft.server.write.element-limit = 4096 (default)
2019-10-15 08:43:00,864 [f6d552c9-f983-4597-b4d0-1b438ea21ad8@group-E14AC227B858-LeaderElection217] INFO  server.RaftServerConfigKeys (ConfUtils.java:logGet(43)) - raft.server.watch.timeout = 10s (default)
2019-10-15 08:43:00,864 [f6d552c9-f983-4597-b4d0-1b438ea21ad8@group-E14AC227B858-LeaderElection217] INFO  server.RaftServerConfigKeys (ConfUtils.java:logGet(43)) - raft.server.watch.timeout.denomination = 1s (default)
2019-10-15 08:43:00,865 [f6d552c9-f983-4597-b4d0-1b438ea21ad8@group-E14AC227B858-LeaderElection217] INFO  server.RaftServerConfigKeys (ConfUtils.java:logGet(43)) - raft.server.watch.element-limit = 65536 (default)
2019-10-15 08:43:00,866 [f6d552c9-f983-4597-b4d0-1b438ea21ad8@group-E14AC227B858-LeaderElection217] INFO  server.RaftServerConfigKeys (ConfUtils.java:logGet(43)) - raft.server.log.appender.snapshot.chunk.size.max = 16MB (=16777216) (default)
2019-10-15 08:43:00,866 [f6d552c9-f983-4597-b4d0-1b438ea21ad8@group-E14AC227B858-LeaderElection217] INFO  server.RaftServerConfigKeys (ConfUtils.java:logGet(43)) - raft.server.log.appender.buffer.byte-limit = 33554432 (custom)
2019-10-15 08:43:00,866 [f6d552c9-f983-4597-b4d0-1b438ea21ad8@group-E14AC227B858-LeaderElection217] INFO  server.RaftServerConfigKeys (ConfUtils.java:logGet(43)) - raft.server.log.appender.buffer.element-limit = 1 (custom)
2019-10-15 08:43:00,867 [f6d552c9-f983-4597-b4d0-1b438ea21ad8@group-E14AC227B858-LeaderElection217] INFO  grpc.GrpcConfigKeys$Server (ConfUtils.java:logGet(43)) - raft.grpc.server.leader.outstanding.appends.max = 128 (default)
2019-10-15 08:43:00,867 [f6d552c9-f983-4597-b4d0-1b438ea21ad8@group-E14AC227B858-LeaderElection217] INFO  server.RaftServerConfigKeys (ConfUtils.java:logGet(43)) - raft.server.rpc.request.timeout = 3000ms (default)
2019-10-15 08:43:00,867 [f6d552c9-f983-4597-b4d0-1b438ea21ad8@group-E14AC227B858-LeaderElection217] INFO  server.RaftServerConfigKeys (ConfUtils.java:logGet(43)) - raft.server.log.appender.install.snapshot.enabled = false (custom)
2019-10-15 08:43:00,867 [f6d552c9-f983-4597-b4d0-1b438ea21ad8@group-E14AC227B858-LeaderElection217] INFO  server.RaftServerConfigKeys (ConfUtils.java:logGet(43)) - raft.server.log.appender.snapshot.chunk.size.max = 16MB (=16777216) (default)
2019-10-15 08:43:00,867 [f6d552c9-f983-4597-b4d0-1b438ea21ad8@group-E14AC227B858-LeaderElection217] INFO  server.RaftServerConfigKeys (ConfUtils.java:logGet(43)) - raft.server.log.appender.buffer.byte-limit = 33554432 (custom)
2019-10-15 08:43:00,867 [f6d552c9-f983-4597-b4d0-1b438ea21ad8@group-E14AC227B858-LeaderElection217] INFO  server.RaftServerConfigKeys (ConfUtils.java:logGet(43)) - raft.server.log.appender.buffer.element-limit = 1 (custom)
2019-10-15 08:43:00,867 [f6d552c9-f983-4597-b4d0-1b438ea21ad8@group-E14AC227B858-LeaderElection217] INFO  grpc.GrpcConfigKeys$Server (ConfUtils.java:logGet(43)) - raft.grpc.server.leader.outstanding.appends.max = 128 (default)
2019-10-15 08:43:00,867 [f6d552c9-f983-4597-b4d0-1b438ea21ad8@group-E14AC227B858-LeaderElection217] INFO  server.RaftServerConfigKeys (ConfUtils.java:logGet(43)) - raft.server.rpc.request.timeout = 3000ms (default)
2019-10-15 08:43:00,868 [f6d552c9-f983-4597-b4d0-1b438ea21ad8@group-E14AC227B858-LeaderElection217] INFO  server.RaftServerConfigKeys (ConfUtils.java:logGet(43)) - raft.server.log.appender.install.snapshot.enabled = false (custom)
2019-10-15 08:43:00,868 [f6d552c9-f983-4597-b4d0-1b438ea21ad8@group-E14AC227B858-LeaderElection217] INFO  impl.RoleInfo (RoleInfo.java:updateAndGet(143)) - f6d552c9-f983-4597-b4d0-1b438ea21ad8: start LeaderState
2019-10-15 08:43:00,868 [f6d552c9-f983-4597-b4d0-1b438ea21ad8@group-E14AC227B858-LeaderElection217] INFO  segmented.SegmentedRaftLogWorker (SegmentedRaftLogWorker.java:startLogSegment(385)) - f6d552c9-f983-4597-b4d0-1b438ea21ad8@group-E14AC227B858-SegmentedRaftLogWorker: Starting segment from index:0
2019-10-15 08:43:00,868 [f6d552c9-f983-4597-b4d0-1b438ea21ad8@group-E14AC227B858-LeaderElection217] INFO  impl.RaftServerImpl (ServerState.java:setRaftConf(356)) - f6d552c9-f983-4597-b4d0-1b438ea21ad8@group-E14AC227B858: set configuration 0: [f6d552c9-f983-4597-b4d0-1b438ea21ad8:192.168.164.209:37602, 77143d31-7a05-49d3-8166-c63e8419bc63:192.168.164.209:44002, 4c00b829-f7eb-437b-9af3-99601f151fac:192.168.164.209:39950], old=null at 0
2019-10-15 08:43:00,869 [grpc-default-executor-6] INFO  impl.RaftServerImpl (RaftServerImpl.java:requestVote(754)) - f6d552c9-f983-4597-b4d0-1b438ea21ad8@group-E14AC227B858-   LEADER: Withhold vote from candidate 77143d31-7a05-49d3-8166-c63e8419bc63 with term 1. State: leader=f6d552c9-f983-4597-b4d0-1b438ea21ad8, term=1, lastRpcElapsed=null
2019-10-15 08:43:00,869 [grpc-default-executor-6] INFO  impl.RaftServerImpl (RaftServerImpl.java:setRole(170)) - 77143d31-7a05-49d3-8166-c63e8419bc63@group-E14AC227B858: changes role from CANDIDATE to FOLLOWER at term 1 for appendEntries
2019-10-15 08:43:00,869 [grpc-default-executor-6] INFO  impl.RoleInfo (RoleInfo.java:shutdownLeaderElection(134)) - 77143d31-7a05-49d3-8166-c63e8419bc63: shutdown LeaderElection
2019-10-15 08:43:00,869 [77143d31-7a05-49d3-8166-c63e8419bc63@group-E14AC227B858-LeaderElection218] INFO  impl.LeaderElection (LeaderElection.java:logAndReturn(56)) - 77143d31-7a05-49d3-8166-c63e8419bc63@group-E14AC227B858-LeaderElection218: Election REJECTED; received 2 response(s) [77143d31-7a05-49d3-8166-c63e8419bc63<-f6d552c9-f983-4597-b4d0-1b438ea21ad8#0:FAIL-t1, 77143d31-7a05-49d3-8166-c63e8419bc63<-4c00b829-f7eb-437b-9af3-99601f151fac#0:FAIL-t1] and 0 exception(s); 77143d31-7a05-49d3-8166-c63e8419bc63@group-E14AC227B858:t1, leader=null, voted=77143d31-7a05-49d3-8166-c63e8419bc63, raftlog=77143d31-7a05-49d3-8166-c63e8419bc63@group-E14AC227B858-SegmentedRaftLog:OPENED:c-1,f-1,i0, conf=-1: [f6d552c9-f983-4597-b4d0-1b438ea21ad8:192.168.164.209:37602, 77143d31-7a05-49d3-8166-c63e8419bc63:192.168.164.209:44002, 4c00b829-f7eb-437b-9af3-99601f151fac:192.168.164.209:39950], old=null
2019-10-15 08:43:00,870 [grpc-default-executor-6] INFO  impl.RoleInfo (RoleInfo.java:updateAndGet(143)) - 77143d31-7a05-49d3-8166-c63e8419bc63: start FollowerState
2019-10-15 08:43:00,870 [grpc-default-executor-7] INFO  impl.RaftServerImpl (ServerState.java:setLeader(255)) - 4c00b829-f7eb-437b-9af3-99601f151fac@group-E14AC227B858: change Leader from null to f6d552c9-f983-4597-b4d0-1b438ea21ad8 at term 1 for appendEntries, leader elected after 5164ms
2019-10-15 08:43:00,870 [grpc-default-executor-6] INFO  impl.RaftServerImpl (ServerState.java:setLeader(255)) - 77143d31-7a05-49d3-8166-c63e8419bc63@group-E14AC227B858: change Leader from null to f6d552c9-f983-4597-b4d0-1b438ea21ad8 at term 1 for appendEntries, leader elected after 5164ms
2019-10-15 08:43:00,913 [6d748945-2cb3-4aae-9aee-4a048f933dd9@group-616068D7E973-LeaderElection219] INFO  impl.LeaderElection (LeaderElection.java:askForVotes(178)) - 6d748945-2cb3-4aae-9aee-4a048f933dd9@group-616068D7E973-LeaderElection219: begin an election at term 1 for -1: [54862fcb-67c7-42a5-84bb-0e71c50d9a51:192.168.164.209:41983, 6d748945-2cb3-4aae-9aee-4a048f933dd9:192.168.164.209:33292, a157920a-90c8-4f06-9961-45c06f377a82:192.168.164.209:45973], old=null
2019-10-15 08:43:00,917 [grpc-default-executor-7] INFO  impl.RaftServerImpl (ServerState.java:setRaftConf(356)) - 4c00b829-f7eb-437b-9af3-99601f151fac@group-E14AC227B858: set configuration 0: [f6d552c9-f983-4597-b4d0-1b438ea21ad8:192.168.164.209:37602, 77143d31-7a05-49d3-8166-c63e8419bc63:192.168.164.209:44002, 4c00b829-f7eb-437b-9af3-99601f151fac:192.168.164.209:39950], old=null at 0
2019-10-15 08:43:00,918 [grpc-default-executor-7] INFO  segmented.SegmentedRaftLogWorker (SegmentedRaftLogWorker.java:startLogSegment(385)) - 4c00b829-f7eb-437b-9af3-99601f151fac@group-E14AC227B858-SegmentedRaftLogWorker: Starting segment from index:0
2019-10-15 08:43:00,920 [grpc-default-executor-7] INFO  impl.RaftServerImpl (ServerState.java:setRaftConf(356)) - 77143d31-7a05-49d3-8166-c63e8419bc63@group-E14AC227B858: set configuration 0: [f6d552c9-f983-4597-b4d0-1b438ea21ad8:192.168.164.209:37602, 77143d31-7a05-49d3-8166-c63e8419bc63:192.168.164.209:44002, 4c00b829-f7eb-437b-9af3-99601f151fac:192.168.164.209:39950], old=null at 0
2019-10-15 08:43:00,920 [grpc-default-executor-7] INFO  segmented.SegmentedRaftLogWorker (SegmentedRaftLogWorker.java:startLogSegment(385)) - 77143d31-7a05-49d3-8166-c63e8419bc63@group-E14AC227B858-SegmentedRaftLogWorker: Starting segment from index:0
2019-10-15 08:43:00,920 [grpc-default-executor-6] INFO  impl.RaftServerImpl (RaftServerImpl.java:setRole(170)) - 54862fcb-67c7-42a5-84bb-0e71c50d9a51@group-616068D7E973: changes role from  FOLLOWER to FOLLOWER at term 1 for recognizeCandidate:6d748945-2cb3-4aae-9aee-4a048f933dd9
2019-10-15 08:43:00,920 [grpc-default-executor-6] INFO  impl.RoleInfo (RoleInfo.java:shutdownFollowerState(121)) - 54862fcb-67c7-42a5-84bb-0e71c50d9a51: shutdown FollowerState
2019-10-15 08:43:00,921 [grpc-default-executor-6] INFO  impl.RoleInfo (RoleInfo.java:updateAndGet(143)) - 54862fcb-67c7-42a5-84bb-0e71c50d9a51: start FollowerState
2019-10-15 08:43:00,921 [grpc-default-executor-7] INFO  impl.RaftServerImpl (RaftServerImpl.java:setRole(170)) - a157920a-90c8-4f06-9961-45c06f377a82@group-616068D7E973: changes role from  FOLLOWER to FOLLOWER at term 1 for recognizeCandidate:6d748945-2cb3-4aae-9aee-4a048f933dd9
2019-10-15 08:43:00,921 [Thread-4399] INFO  impl.FollowerState (FollowerState.java:run(117)) - 54862fcb-67c7-42a5-84bb-0e71c50d9a51@group-616068D7E973-FollowerState was interrupted: java.lang.InterruptedException: sleep interrupted
2019-10-15 08:43:00,921 [grpc-default-executor-7] INFO  impl.RoleInfo (RoleInfo.java:shutdownFollowerState(121)) - a157920a-90c8-4f06-9961-45c06f377a82: shutdown FollowerState
2019-10-15 08:43:00,921 [grpc-default-executor-7] INFO  impl.RoleInfo (RoleInfo.java:updateAndGet(143)) - a157920a-90c8-4f06-9961-45c06f377a82: start FollowerState
2019-10-15 08:43:00,921 [Thread-4397] INFO  impl.FollowerState (FollowerState.java:run(117)) - a157920a-90c8-4f06-9961-45c06f377a82@group-616068D7E973-FollowerState was interrupted: java.lang.InterruptedException: sleep interrupted
2019-10-15 08:43:00,938 [f6d552c9-f983-4597-b4d0-1b438ea21ad8@group-E14AC227B858-SegmentedRaftLogWorker] INFO  segmented.SegmentedRaftLogWorker (SegmentedRaftLogWorker.java:execute(574)) - f6d552c9-f983-4597-b4d0-1b438ea21ad8@group-E14AC227B858-SegmentedRaftLogWorker: created new log segment /workdir/hadoop-ozone/integration-test/target/test-dir/MiniOzoneClusterImpl-d07e3086-68e0-4340-b24d-43dfb7c1e85c/datanode-5/data/ratis/43a70d55-854f-47e5-a3d9-e14ac227b858/current/log_inprogress_0
2019-10-15 08:43:00,939 [6d748945-2cb3-4aae-9aee-4a048f933dd9@group-616068D7E973-LeaderElection219] INFO  impl.LeaderElection (LeaderElection.java:logAndReturn(56)) - 6d748945-2cb3-4aae-9aee-4a048f933dd9@group-616068D7E973-LeaderElection219: Election PASSED; received 1 response(s) [6d748945-2cb3-4aae-9aee-4a048f933dd9<-54862fcb-67c7-42a5-84bb-0e71c50d9a51#0:OK-t1] and 0 exception(s); 6d748945-2cb3-4aae-9aee-4a048f933dd9@group-616068D7E973:t1, leader=null, voted=6d748945-2cb3-4aae-9aee-4a048f933dd9, raftlog=6d748945-2cb3-4aae-9aee-4a048f933dd9@group-616068D7E973-SegmentedRaftLog:OPENED:c-1,f-1,i0, conf=-1: [54862fcb-67c7-42a5-84bb-0e71c50d9a51:192.168.164.209:41983, 6d748945-2cb3-4aae-9aee-4a048f933dd9:192.168.164.209:33292, a157920a-90c8-4f06-9961-45c06f377a82:192.168.164.209:45973], old=null
2019-10-15 08:43:00,939 [6d748945-2cb3-4aae-9aee-4a048f933dd9@group-616068D7E973-LeaderElection219] INFO  impl.RoleInfo (RoleInfo.java:shutdownLeaderElection(134)) - 6d748945-2cb3-4aae-9aee-4a048f933dd9: shutdown LeaderElection
2019-10-15 08:43:00,940 [6d748945-2cb3-4aae-9aee-4a048f933dd9@group-616068D7E973-LeaderElection219] INFO  impl.RaftServerImpl (RaftServerImpl.java:setRole(170)) - 6d748945-2cb3-4aae-9aee-4a048f933dd9@group-616068D7E973: changes role from CANDIDATE to LEADER at term 1 for changeToLeader
2019-10-15 08:43:00,940 [6d748945-2cb3-4aae-9aee-4a048f933dd9@group-616068D7E973-LeaderElection219] INFO  impl.RaftServerImpl (ServerState.java:setLeader(255)) - 6d748945-2cb3-4aae-9aee-4a048f933dd9@group-616068D7E973: change Leader from null to 6d748945-2cb3-4aae-9aee-4a048f933dd9 at term 1 for becomeLeader, leader elected after 5149ms
2019-10-15 08:43:00,940 [6d748945-2cb3-4aae-9aee-4a048f933dd9@group-616068D7E973-LeaderElection219] INFO  server.RaftServerConfigKeys (ConfUtils.java:logGet(43)) - raft.server.staging.catchup.gap = 1000 (default)
2019-10-15 08:43:00,940 [6d748945-2cb3-4aae-9aee-4a048f933dd9@group-616068D7E973-LeaderElection219] INFO  server.RaftServerConfigKeys (ConfUtils.java:logGet(43)) - raft.server.rpc.sleep.time = 25ms (default)
2019-10-15 08:43:00,940 [6d748945-2cb3-4aae-9aee-4a048f933dd9@group-616068D7E973-LeaderElection219] INFO  server.RaftServerConfigKeys (ConfUtils.java:logGet(43)) - raft.server.write.element-limit = 4096 (default)
2019-10-15 08:43:00,940 [6d748945-2cb3-4aae-9aee-4a048f933dd9@group-616068D7E973-LeaderElection219] INFO  server.RaftServerConfigKeys (ConfUtils.java:logGet(43)) - raft.server.watch.timeout = 10s (default)
2019-10-15 08:43:00,941 [6d748945-2cb3-4aae-9aee-4a048f933dd9@group-616068D7E973-LeaderElection219] INFO  server.RaftServerConfigKeys (ConfUtils.java:logGet(43)) - raft.server.watch.timeout.denomination = 1s (default)
2019-10-15 08:43:00,941 [6d748945-2cb3-4aae-9aee-4a048f933dd9@group-616068D7E973-LeaderElection219] INFO  server.RaftServerConfigKeys (ConfUtils.java:logGet(43)) - raft.server.watch.element-limit = 65536 (default)
2019-10-15 08:43:00,943 [6d748945-2cb3-4aae-9aee-4a048f933dd9@group-616068D7E973-LeaderElection219] INFO  server.RaftServerConfigKeys (ConfUtils.java:logGet(43)) - raft.server.log.appender.snapshot.chunk.size.max = 16MB (=16777216) (default)
2019-10-15 08:43:00,944 [6d748945-2cb3-4aae-9aee-4a048f933dd9@group-616068D7E973-LeaderElection219] INFO  server.RaftServerConfigKeys (ConfUtils.java:logGet(43)) - raft.server.log.appender.buffer.byte-limit = 33554432 (custom)
2019-10-15 08:43:00,944 [6d748945-2cb3-4aae-9aee-4a048f933dd9@group-616068D7E973-LeaderElection219] INFO  server.RaftServerConfigKeys (ConfUtils.java:logGet(43)) - raft.server.log.appender.buffer.element-limit = 1 (custom)
2019-10-15 08:43:00,944 [6d748945-2cb3-4aae-9aee-4a048f933dd9@group-616068D7E973-LeaderElection219] INFO  grpc.GrpcConfigKeys$Server (ConfUtils.java:logGet(43)) - raft.grpc.server.leader.outstanding.appends.max = 128 (default)
2019-10-15 08:43:00,944 [6d748945-2cb3-4aae-9aee-4a048f933dd9@group-616068D7E973-LeaderElection219] INFO  server.RaftServerConfigKeys (ConfUtils.java:logGet(43)) - raft.server.rpc.request.timeout = 3000ms (default)
2019-10-15 08:43:00,944 [6d748945-2cb3-4aae-9aee-4a048f933dd9@group-616068D7E973-LeaderElection219] INFO  server.RaftServerConfigKeys (ConfUtils.java:logGet(43)) - raft.server.log.appender.install.snapshot.enabled = false (custom)
2019-10-15 08:43:00,945 [6d748945-2cb3-4aae-9aee-4a048f933dd9@group-616068D7E973-LeaderElection219] INFO  server.RaftServerConfigKeys (ConfUtils.java:logGet(43)) - raft.server.log.appender.snapshot.chunk.size.max = 16MB (=16777216) (default)
2019-10-15 08:43:00,945 [6d748945-2cb3-4aae-9aee-4a048f933dd9@group-616068D7E973-LeaderElection219] INFO  server.RaftServerConfigKeys (ConfUtils.java:logGet(43)) - raft.server.log.appender.buffer.byte-limit = 33554432 (custom)
2019-10-15 08:43:00,945 [6d748945-2cb3-4aae-9aee-4a048f933dd9@group-616068D7E973-LeaderElection219] INFO  server.RaftServerConfigKeys (ConfUtils.java:logGet(43)) - raft.server.log.appender.buffer.element-limit = 1 (custom)
2019-10-15 08:43:00,945 [6d748945-2cb3-4aae-9aee-4a048f933dd9@group-616068D7E973-LeaderElection219] INFO  grpc.GrpcConfigKeys$Server (ConfUtils.java:logGet(43)) - raft.grpc.server.leader.outstanding.appends.max = 128 (default)
2019-10-15 08:43:00,945 [6d748945-2cb3-4aae-9aee-4a048f933dd9@group-616068D7E973-LeaderElection219] INFO  server.RaftServerConfigKeys (ConfUtils.java:logGet(43)) - raft.server.rpc.request.timeout = 3000ms (default)
2019-10-15 08:43:00,945 [6d748945-2cb3-4aae-9aee-4a048f933dd9@group-616068D7E973-LeaderElection219] INFO  server.RaftServerConfigKeys (ConfUtils.java:logGet(43)) - raft.server.log.appender.install.snapshot.enabled = false (custom)
2019-10-15 08:43:00,946 [6d748945-2cb3-4aae-9aee-4a048f933dd9@group-616068D7E973-LeaderElection219] INFO  impl.RoleInfo (RoleInfo.java:updateAndGet(143)) - 6d748945-2cb3-4aae-9aee-4a048f933dd9: start LeaderState
2019-10-15 08:43:00,946 [6d748945-2cb3-4aae-9aee-4a048f933dd9@group-616068D7E973-LeaderElection219] INFO  segmented.SegmentedRaftLogWorker (SegmentedRaftLogWorker.java:startLogSegment(385)) - 6d748945-2cb3-4aae-9aee-4a048f933dd9@group-616068D7E973-SegmentedRaftLogWorker: Starting segment from index:0
2019-10-15 08:43:00,947 [6d748945-2cb3-4aae-9aee-4a048f933dd9@group-616068D7E973-LeaderElection219] INFO  impl.RaftServerImpl (ServerState.java:setRaftConf(356)) - 6d748945-2cb3-4aae-9aee-4a048f933dd9@group-616068D7E973: set configuration 0: [54862fcb-67c7-42a5-84bb-0e71c50d9a51:192.168.164.209:41983, 6d748945-2cb3-4aae-9aee-4a048f933dd9:192.168.164.209:33292, a157920a-90c8-4f06-9961-45c06f377a82:192.168.164.209:45973], old=null at 0
2019-10-15 08:43:00,987 [grpc-default-executor-7] INFO  impl.RaftServerImpl (ServerState.java:setLeader(255)) - a157920a-90c8-4f06-9961-45c06f377a82@group-616068D7E973: change Leader from null to 6d748945-2cb3-4aae-9aee-4a048f933dd9 at term 1 for appendEntries, leader elected after 5196ms
2019-10-15 08:43:00,988 [grpc-default-executor-6] INFO  impl.RaftServerImpl (ServerState.java:setLeader(255)) - 54862fcb-67c7-42a5-84bb-0e71c50d9a51@group-616068D7E973: change Leader from null to 6d748945-2cb3-4aae-9aee-4a048f933dd9 at term 1 for appendEntries, leader elected after 5197ms
2019-10-15 08:43:00,999 [grpc-default-executor-6] INFO  impl.RaftServerImpl (ServerState.java:setRaftConf(356)) - a157920a-90c8-4f06-9961-45c06f377a82@group-616068D7E973: set configuration 0: [54862fcb-67c7-42a5-84bb-0e71c50d9a51:192.168.164.209:41983, 6d748945-2cb3-4aae-9aee-4a048f933dd9:192.168.164.209:33292, a157920a-90c8-4f06-9961-45c06f377a82:192.168.164.209:45973], old=null at 0
2019-10-15 08:43:01,000 [grpc-default-executor-6] INFO  segmented.SegmentedRaftLogWorker (SegmentedRaftLogWorker.java:startLogSegment(385)) - a157920a-90c8-4f06-9961-45c06f377a82@group-616068D7E973-SegmentedRaftLogWorker: Starting segment from index:0
2019-10-15 08:43:01,003 [grpc-default-executor-7] INFO  impl.RaftServerImpl (ServerState.java:setRaftConf(356)) - 54862fcb-67c7-42a5-84bb-0e71c50d9a51@group-616068D7E973: set configuration 0: [54862fcb-67c7-42a5-84bb-0e71c50d9a51:192.168.164.209:41983, 6d748945-2cb3-4aae-9aee-4a048f933dd9:192.168.164.209:33292, a157920a-90c8-4f06-9961-45c06f377a82:192.168.164.209:45973], old=null at 0
2019-10-15 08:43:01,003 [grpc-default-executor-7] INFO  segmented.SegmentedRaftLogWorker (SegmentedRaftLogWorker.java:startLogSegment(385)) - 54862fcb-67c7-42a5-84bb-0e71c50d9a51@group-616068D7E973-SegmentedRaftLogWorker: Starting segment from index:0
2019-10-15 08:43:01,005 [Thread-4406] INFO  impl.FollowerState (FollowerState.java:run(108)) - a157920a-90c8-4f06-9961-45c06f377a82@group-9F44ED21C98E-FollowerState: change to CANDIDATE, lastRpcTime:5081ms, electionTimeout:5081ms
2019-10-15 08:43:01,005 [Thread-4406] INFO  impl.RoleInfo (RoleInfo.java:shutdownFollowerState(121)) - a157920a-90c8-4f06-9961-45c06f377a82: shutdown FollowerState
2019-10-15 08:43:01,006 [Thread-4406] INFO  impl.RaftServerImpl (RaftServerImpl.java:setRole(170)) - a157920a-90c8-4f06-9961-45c06f377a82@group-9F44ED21C98E: changes role from  FOLLOWER to CANDIDATE at term 0 for changeToCandidate
2019-10-15 08:43:01,006 [Thread-4406] INFO  impl.RoleInfo (RoleInfo.java:updateAndGet(143)) - a157920a-90c8-4f06-9961-45c06f377a82: start LeaderElection
2019-10-15 08:43:01,044 [Thread-4403] INFO  impl.FollowerState (FollowerState.java:run(108)) - 54862fcb-67c7-42a5-84bb-0e71c50d9a51@group-9F44ED21C98E-FollowerState: change to CANDIDATE, lastRpcTime:5125ms, electionTimeout:5120ms
2019-10-15 08:43:01,044 [Thread-4403] INFO  impl.RoleInfo (RoleInfo.java:shutdownFollowerState(121)) - 54862fcb-67c7-42a5-84bb-0e71c50d9a51: shutdown FollowerState
2019-10-15 08:43:01,044 [Thread-4403] INFO  impl.RaftServerImpl (RaftServerImpl.java:setRole(170)) - 54862fcb-67c7-42a5-84bb-0e71c50d9a51@group-9F44ED21C98E: changes role from  FOLLOWER to CANDIDATE at term 0 for changeToCandidate
2019-10-15 08:43:01,044 [Thread-4403] INFO  impl.RoleInfo (RoleInfo.java:updateAndGet(143)) - 54862fcb-67c7-42a5-84bb-0e71c50d9a51: start LeaderElection
2019-10-15 08:43:01,044 [6d748945-2cb3-4aae-9aee-4a048f933dd9@group-616068D7E973-SegmentedRaftLogWorker] INFO  segmented.SegmentedRaftLogWorker (SegmentedRaftLogWorker.java:execute(574)) - 6d748945-2cb3-4aae-9aee-4a048f933dd9@group-616068D7E973-SegmentedRaftLogWorker: created new log segment /workdir/hadoop-ozone/integration-test/target/test-dir/MiniOzoneClusterImpl-d07e3086-68e0-4340-b24d-43dfb7c1e85c/datanode-1/data/ratis/318d487e-66f4-44fb-a6dd-616068d7e973/current/log_inprogress_0
2019-10-15 08:43:01,044 [4c00b829-f7eb-437b-9af3-99601f151fac@group-E14AC227B858-SegmentedRaftLogWorker] INFO  segmented.SegmentedRaftLogWorker (SegmentedRaftLogWorker.java:execute(574)) - 4c00b829-f7eb-437b-9af3-99601f151fac@group-E14AC227B858-SegmentedRaftLogWorker: created new log segment /workdir/hadoop-ozone/integration-test/target/test-dir/MiniOzoneClusterImpl-d07e3086-68e0-4340-b24d-43dfb7c1e85c/datanode-4/data/ratis/43a70d55-854f-47e5-a3d9-e14ac227b858/current/log_inprogress_0
2019-10-15 08:43:01,044 [77143d31-7a05-49d3-8166-c63e8419bc63@group-E14AC227B858-SegmentedRaftLogWorker] INFO  segmented.SegmentedRaftLogWorker (SegmentedRaftLogWorker.java:execute(574)) - 77143d31-7a05-49d3-8166-c63e8419bc63@group-E14AC227B858-SegmentedRaftLogWorker: created new log segment /workdir/hadoop-ozone/integration-test/target/test-dir/MiniOzoneClusterImpl-d07e3086-68e0-4340-b24d-43dfb7c1e85c/datanode-0/data/ratis/43a70d55-854f-47e5-a3d9-e14ac227b858/current/log_inprogress_0
2019-10-15 08:43:01,045 [Thread-4408] INFO  impl.FollowerState (FollowerState.java:run(108)) - 6d748945-2cb3-4aae-9aee-4a048f933dd9@group-9F44ED21C98E-FollowerState: change to CANDIDATE, lastRpcTime:5120ms, electionTimeout:5086ms
2019-10-15 08:43:01,048 [Thread-4408] INFO  impl.RoleInfo (RoleInfo.java:shutdownFollowerState(121)) - 6d748945-2cb3-4aae-9aee-4a048f933dd9: shutdown FollowerState
2019-10-15 08:43:01,048 [Thread-4408] INFO  impl.RaftServerImpl (RaftServerImpl.java:setRole(170)) - 6d748945-2cb3-4aae-9aee-4a048f933dd9@group-9F44ED21C98E: changes role from  FOLLOWER to CANDIDATE at term 0 for changeToCandidate
2019-10-15 08:43:01,048 [Thread-4408] INFO  impl.RoleInfo (RoleInfo.java:updateAndGet(143)) - 6d748945-2cb3-4aae-9aee-4a048f933dd9: start LeaderElection
2019-10-15 08:43:01,052 [Thread-4416] INFO  impl.FollowerState (FollowerState.java:run(108)) - 6d748945-2cb3-4aae-9aee-4a048f933dd9@group-11DEA2C33FA8-FollowerState: change to CANDIDATE, lastRpcTime:5049ms, electionTimeout:5047ms
2019-10-15 08:43:01,052 [Thread-4416] INFO  impl.RoleInfo (RoleInfo.java:shutdownFollowerState(121)) - 6d748945-2cb3-4aae-9aee-4a048f933dd9: shutdown FollowerState
2019-10-15 08:43:01,052 [Thread-4416] INFO  impl.RaftServerImpl (RaftServerImpl.java:setRole(170)) - 6d748945-2cb3-4aae-9aee-4a048f933dd9@group-11DEA2C33FA8: changes role from  FOLLOWER to CANDIDATE at term 0 for changeToCandidate
2019-10-15 08:43:01,052 [Thread-4416] INFO  impl.RoleInfo (RoleInfo.java:updateAndGet(143)) - 6d748945-2cb3-4aae-9aee-4a048f933dd9: start LeaderElection
2019-10-15 08:43:01,072 [Thread-4413] INFO  impl.FollowerState (FollowerState.java:run(108)) - a157920a-90c8-4f06-9961-45c06f377a82@group-11DEA2C33FA8-FollowerState: change to CANDIDATE, lastRpcTime:5072ms, electionTimeout:5072ms
2019-10-15 08:43:01,072 [Thread-4413] INFO  impl.RoleInfo (RoleInfo.java:shutdownFollowerState(121)) - a157920a-90c8-4f06-9961-45c06f377a82: shutdown FollowerState
2019-10-15 08:43:01,073 [54862fcb-67c7-42a5-84bb-0e71c50d9a51@group-616068D7E973-SegmentedRaftLogWorker] INFO  segmented.SegmentedRaftLogWorker (SegmentedRaftLogWorker.java:execute(574)) - 54862fcb-67c7-42a5-84bb-0e71c50d9a51@group-616068D7E973-SegmentedRaftLogWorker: created new log segment /workdir/hadoop-ozone/integration-test/target/test-dir/MiniOzoneClusterImpl-d07e3086-68e0-4340-b24d-43dfb7c1e85c/datanode-3/data/ratis/318d487e-66f4-44fb-a6dd-616068d7e973/current/log_inprogress_0
2019-10-15 08:43:01,073 [6d748945-2cb3-4aae-9aee-4a048f933dd9@group-9F44ED21C98E-LeaderElection222] INFO  impl.LeaderElection (LeaderElection.java:askForVotes(178)) - 6d748945-2cb3-4aae-9aee-4a048f933dd9@group-9F44ED21C98E-LeaderElection222: begin an election at term 1 for -1: [54862fcb-67c7-42a5-84bb-0e71c50d9a51:192.168.164.209:41983, 6d748945-2cb3-4aae-9aee-4a048f933dd9:192.168.164.209:33292, a157920a-90c8-4f06-9961-45c06f377a82:192.168.164.209:45973], old=null
2019-10-15 08:43:01,073 [Thread-4413] INFO  impl.RaftServerImpl (RaftServerImpl.java:setRole(170)) - a157920a-90c8-4f06-9961-45c06f377a82@group-11DEA2C33FA8: changes role from  FOLLOWER to CANDIDATE at term 0 for changeToCandidate
2019-10-15 08:43:01,073 [a157920a-90c8-4f06-9961-45c06f377a82@group-616068D7E973-SegmentedRaftLogWorker] INFO  segmented.SegmentedRaftLogWorker (SegmentedRaftLogWorker.java:execute(574)) - a157920a-90c8-4f06-9961-45c06f377a82@group-616068D7E973-SegmentedRaftLogWorker: created new log segment /workdir/hadoop-ozone/integration-test/target/test-dir/MiniOzoneClusterImpl-d07e3086-68e0-4340-b24d-43dfb7c1e85c/datanode-2/data/ratis/318d487e-66f4-44fb-a6dd-616068d7e973/current/log_inprogress_0
2019-10-15 08:43:01,073 [Thread-4413] INFO  impl.RoleInfo (RoleInfo.java:updateAndGet(143)) - a157920a-90c8-4f06-9961-45c06f377a82: start LeaderElection
2019-10-15 08:43:01,073 [a157920a-90c8-4f06-9961-45c06f377a82@group-9F44ED21C98E-LeaderElection220] INFO  impl.LeaderElection (LeaderElection.java:askForVotes(178)) - a157920a-90c8-4f06-9961-45c06f377a82@group-9F44ED21C98E-LeaderElection220: begin an election at term 1 for -1: [54862fcb-67c7-42a5-84bb-0e71c50d9a51:192.168.164.209:41983, 6d748945-2cb3-4aae-9aee-4a048f933dd9:192.168.164.209:33292, a157920a-90c8-4f06-9961-45c06f377a82:192.168.164.209:45973], old=null
2019-10-15 08:43:01,073 [54862fcb-67c7-42a5-84bb-0e71c50d9a51@group-9F44ED21C98E-LeaderElection221] INFO  impl.LeaderElection (LeaderElection.java:askForVotes(178)) - 54862fcb-67c7-42a5-84bb-0e71c50d9a51@group-9F44ED21C98E-LeaderElection221: begin an election at term 1 for -1: [54862fcb-67c7-42a5-84bb-0e71c50d9a51:192.168.164.209:41983, 6d748945-2cb3-4aae-9aee-4a048f933dd9:192.168.164.209:33292, a157920a-90c8-4f06-9961-45c06f377a82:192.168.164.209:45973], old=null
2019-10-15 08:43:01,088 [6d748945-2cb3-4aae-9aee-4a048f933dd9@group-9F44ED21C98E-LeaderElection222] INFO  impl.LeaderElection (LeaderElection.java:logAndReturn(56)) - 6d748945-2cb3-4aae-9aee-4a048f933dd9@group-9F44ED21C98E-LeaderElection222: Election REJECTED; received 2 response(s) [6d748945-2cb3-4aae-9aee-4a048f933dd9<-54862fcb-67c7-42a5-84bb-0e71c50d9a51#0:FAIL-t1, 6d748945-2cb3-4aae-9aee-4a048f933dd9<-a157920a-90c8-4f06-9961-45c06f377a82#0:FAIL-t1] and 0 exception(s); 6d748945-2cb3-4aae-9aee-4a048f933dd9@group-9F44ED21C98E:t1, leader=null, voted=6d748945-2cb3-4aae-9aee-4a048f933dd9, raftlog=6d748945-2cb3-4aae-9aee-4a048f933dd9@group-9F44ED21C98E-SegmentedRaftLog:OPENED:c-1,f-1,i0, conf=-1: [54862fcb-67c7-42a5-84bb-0e71c50d9a51:192.168.164.209:41983, 6d748945-2cb3-4aae-9aee-4a048f933dd9:192.168.164.209:33292, a157920a-90c8-4f06-9961-45c06f377a82:192.168.164.209:45973], old=null
2019-10-15 08:43:01,088 [6d748945-2cb3-4aae-9aee-4a048f933dd9@group-9F44ED21C98E-LeaderElection222] INFO  impl.RaftServerImpl (RaftServerImpl.java:setRole(170)) - 6d748945-2cb3-4aae-9aee-4a048f933dd9@group-9F44ED21C98E: changes role from CANDIDATE to FOLLOWER at term 1 for DISCOVERED_A_NEW_TERM
2019-10-15 08:43:01,088 [6d748945-2cb3-4aae-9aee-4a048f933dd9@group-9F44ED21C98E-LeaderElection222] INFO  impl.RoleInfo (RoleInfo.java:shutdownLeaderElection(134)) - 6d748945-2cb3-4aae-9aee-4a048f933dd9: shutdown LeaderElection
2019-10-15 08:43:01,088 [6d748945-2cb3-4aae-9aee-4a048f933dd9@group-9F44ED21C98E-LeaderElection222] INFO  impl.RoleInfo (RoleInfo.java:updateAndGet(143)) - 6d748945-2cb3-4aae-9aee-4a048f933dd9: start FollowerState
2019-10-15 08:43:01,092 [6d748945-2cb3-4aae-9aee-4a048f933dd9@group-11DEA2C33FA8-LeaderElection223] INFO  impl.LeaderElection (LeaderElection.java:askForVotes(178)) - 6d748945-2cb3-4aae-9aee-4a048f933dd9@group-11DEA2C33FA8-LeaderElection223: begin an election at term 1 for -1: [54862fcb-67c7-42a5-84bb-0e71c50d9a51:192.168.164.209:41983, 6d748945-2cb3-4aae-9aee-4a048f933dd9:192.168.164.209:33292, a157920a-90c8-4f06-9961-45c06f377a82:192.168.164.209:45973], old=null
2019-10-15 08:43:01,092 [a157920a-90c8-4f06-9961-45c06f377a82@group-9F44ED21C98E-LeaderElection220] INFO  impl.LeaderElection (LeaderElection.java:logAndReturn(56)) - a157920a-90c8-4f06-9961-45c06f377a82@group-9F44ED21C98E-LeaderElection220: Election REJECTED; received 2 response(s) [a157920a-90c8-4f06-9961-45c06f377a82<-54862fcb-67c7-42a5-84bb-0e71c50d9a51#0:FAIL-t1, a157920a-90c8-4f06-9961-45c06f377a82<-6d748945-2cb3-4aae-9aee-4a048f933dd9#0:FAIL-t1] and 0 exception(s); a157920a-90c8-4f06-9961-45c06f377a82@group-9F44ED21C98E:t1, leader=null, voted=a157920a-90c8-4f06-9961-45c06f377a82, raftlog=a157920a-90c8-4f06-9961-45c06f377a82@group-9F44ED21C98E-SegmentedRaftLog:OPENED:c-1,f-1,i0, conf=-1: [54862fcb-67c7-42a5-84bb-0e71c50d9a51:192.168.164.209:41983, 6d748945-2cb3-4aae-9aee-4a048f933dd9:192.168.164.209:33292, a157920a-90c8-4f06-9961-45c06f377a82:192.168.164.209:45973], old=null
2019-10-15 08:43:01,092 [54862fcb-67c7-42a5-84bb-0e71c50d9a51@group-9F44ED21C98E-LeaderElection221] INFO  impl.LeaderElection (LeaderElection.java:logAndReturn(56)) - 54862fcb-67c7-42a5-84bb-0e71c50d9a51@group-9F44ED21C98E-LeaderElection221: Election REJECTED; received 2 response(s) [54862fcb-67c7-42a5-84bb-0e71c50d9a51<-6d748945-2cb3-4aae-9aee-4a048f933dd9#0:FAIL-t1, 54862fcb-67c7-42a5-84bb-0e71c50d9a51<-a157920a-90c8-4f06-9961-45c06f377a82#0:FAIL-t1] and 0 exception(s); 54862fcb-67c7-42a5-84bb-0e71c50d9a51@group-9F44ED21C98E:t1, leader=null, voted=54862fcb-67c7-42a5-84bb-0e71c50d9a51, raftlog=54862fcb-67c7-42a5-84bb-0e71c50d9a51@group-9F44ED21C98E-SegmentedRaftLog:OPENED:c-1,f-1,i0, conf=-1: [54862fcb-67c7-42a5-84bb-0e71c50d9a51:192.168.164.209:41983, 6d748945-2cb3-4aae-9aee-4a048f933dd9:192.168.164.209:33292, a157920a-90c8-4f06-9961-45c06f377a82:192.168.164.209:45973], old=null
2019-10-15 08:43:01,092 [a157920a-90c8-4f06-9961-45c06f377a82@group-9F44ED21C98E-LeaderElection220] INFO  impl.RaftServerImpl (RaftServerImpl.java:setRole(170)) - a157920a-90c8-4f06-9961-45c06f377a82@group-9F44ED21C98E: changes role from CANDIDATE to FOLLOWER at term 1 for DISCOVERED_A_NEW_TERM
2019-10-15 08:43:01,093 [54862fcb-67c7-42a5-84bb-0e71c50d9a51@group-9F44ED21C98E-LeaderElection221] INFO  impl.RaftServerImpl (RaftServerImpl.java:setRole(170)) - 54862fcb-67c7-42a5-84bb-0e71c50d9a51@group-9F44ED21C98E: changes role from CANDIDATE to FOLLOWER at term 1 for DISCOVERED_A_NEW_TERM
2019-10-15 08:43:01,093 [a157920a-90c8-4f06-9961-45c06f377a82@group-9F44ED21C98E-LeaderElection220] INFO  impl.RoleInfo (RoleInfo.java:shutdownLeaderElection(134)) - a157920a-90c8-4f06-9961-45c06f377a82: shutdown LeaderElection
2019-10-15 08:43:01,093 [54862fcb-67c7-42a5-84bb-0e71c50d9a51@group-9F44ED21C98E-LeaderElection221] INFO  impl.RoleInfo (RoleInfo.java:shutdownLeaderElection(134)) - 54862fcb-67c7-42a5-84bb-0e71c50d9a51: shutdown LeaderElection
2019-10-15 08:43:01,093 [a157920a-90c8-4f06-9961-45c06f377a82@group-9F44ED21C98E-LeaderElection220] INFO  impl.RoleInfo (RoleInfo.java:updateAndGet(143)) - a157920a-90c8-4f06-9961-45c06f377a82: start FollowerState
2019-10-15 08:43:01,093 [54862fcb-67c7-42a5-84bb-0e71c50d9a51@group-9F44ED21C98E-LeaderElection221] INFO  impl.RoleInfo (RoleInfo.java:updateAndGet(143)) - 54862fcb-67c7-42a5-84bb-0e71c50d9a51: start FollowerState
2019-10-15 08:43:01,094 [grpc-default-executor-6] INFO  impl.RaftServerImpl (RaftServerImpl.java:setRole(170)) - 54862fcb-67c7-42a5-84bb-0e71c50d9a51@group-11DEA2C33FA8: changes role from  FOLLOWER to FOLLOWER at term 1 for recognizeCandidate:6d748945-2cb3-4aae-9aee-4a048f933dd9
2019-10-15 08:43:01,094 [grpc-default-executor-6] INFO  impl.RoleInfo (RoleInfo.java:shutdownFollowerState(121)) - 54862fcb-67c7-42a5-84bb-0e71c50d9a51: shutdown FollowerState
2019-10-15 08:43:01,094 [grpc-default-executor-6] INFO  impl.RoleInfo (RoleInfo.java:updateAndGet(143)) - 54862fcb-67c7-42a5-84bb-0e71c50d9a51: start FollowerState
2019-10-15 08:43:01,094 [Thread-4415] INFO  impl.FollowerState (FollowerState.java:run(117)) - 54862fcb-67c7-42a5-84bb-0e71c50d9a51@group-11DEA2C33FA8-FollowerState was interrupted: java.lang.InterruptedException: sleep interrupted
2019-10-15 08:43:01,107 [a157920a-90c8-4f06-9961-45c06f377a82@group-11DEA2C33FA8-LeaderElection224] INFO  impl.LeaderElection (LeaderElection.java:askForVotes(178)) - a157920a-90c8-4f06-9961-45c06f377a82@group-11DEA2C33FA8-LeaderElection224: begin an election at term 1 for -1: [54862fcb-67c7-42a5-84bb-0e71c50d9a51:192.168.164.209:41983, 6d748945-2cb3-4aae-9aee-4a048f933dd9:192.168.164.209:33292, a157920a-90c8-4f06-9961-45c06f377a82:192.168.164.209:45973], old=null
2019-10-15 08:43:01,127 [a157920a-90c8-4f06-9961-45c06f377a82@group-11DEA2C33FA8-LeaderElection224] INFO  impl.LeaderElection (LeaderElection.java:logAndReturn(56)) - a157920a-90c8-4f06-9961-45c06f377a82@group-11DEA2C33FA8-LeaderElection224: Election REJECTED; received 2 response(s) [a157920a-90c8-4f06-9961-45c06f377a82<-54862fcb-67c7-42a5-84bb-0e71c50d9a51#0:FAIL-t1, a157920a-90c8-4f06-9961-45c06f377a82<-6d748945-2cb3-4aae-9aee-4a048f933dd9#0:FAIL-t1] and 0 exception(s); a157920a-90c8-4f06-9961-45c06f377a82@group-11DEA2C33FA8:t1, leader=null, voted=a157920a-90c8-4f06-9961-45c06f377a82, raftlog=a157920a-90c8-4f06-9961-45c06f377a82@group-11DEA2C33FA8-SegmentedRaftLog:OPENED:c-1,f-1,i0, conf=-1: [54862fcb-67c7-42a5-84bb-0e71c50d9a51:192.168.164.209:41983, 6d748945-2cb3-4aae-9aee-4a048f933dd9:192.168.164.209:33292, a157920a-90c8-4f06-9961-45c06f377a82:192.168.164.209:45973], old=null
2019-10-15 08:43:01,127 [a157920a-90c8-4f06-9961-45c06f377a82@group-11DEA2C33FA8-LeaderElection224] INFO  impl.RaftServerImpl (RaftServerImpl.java:setRole(170)) - a157920a-90c8-4f06-9961-45c06f377a82@group-11DEA2C33FA8: changes role from CANDIDATE to FOLLOWER at term 1 for DISCOVERED_A_NEW_TERM
2019-10-15 08:43:01,127 [a157920a-90c8-4f06-9961-45c06f377a82@group-11DEA2C33FA8-LeaderElection224] INFO  impl.RoleInfo (RoleInfo.java:shutdownLeaderElection(134)) - a157920a-90c8-4f06-9961-45c06f377a82: shutdown LeaderElection
2019-10-15 08:43:01,127 [6d748945-2cb3-4aae-9aee-4a048f933dd9@group-11DEA2C33FA8-LeaderElection223] INFO  impl.LeaderElection (LeaderElection.java:logAndReturn(56)) - 6d748945-2cb3-4aae-9aee-4a048f933dd9@group-11DEA2C33FA8-LeaderElection223: Election PASSED; received 2 response(s) [6d748945-2cb3-4aae-9aee-4a048f933dd9<-54862fcb-67c7-42a5-84bb-0e71c50d9a51#0:OK-t1, 6d748945-2cb3-4aae-9aee-4a048f933dd9<-a157920a-90c8-4f06-9961-45c06f377a82#0:FAIL-t1] and 0 exception(s); 6d748945-2cb3-4aae-9aee-4a048f933dd9@group-11DEA2C33FA8:t1, leader=null, voted=6d748945-2cb3-4aae-9aee-4a048f933dd9, raftlog=6d748945-2cb3-4aae-9aee-4a048f933dd9@group-11DEA2C33FA8-SegmentedRaftLog:OPENED:c-1,f-1,i0, conf=-1: [54862fcb-67c7-42a5-84bb-0e71c50d9a51:192.168.164.209:41983, 6d748945-2cb3-4aae-9aee-4a048f933dd9:192.168.164.209:33292, a157920a-90c8-4f06-9961-45c06f377a82:192.168.164.209:45973], old=null
2019-10-15 08:43:01,127 [a157920a-90c8-4f06-9961-45c06f377a82@group-11DEA2C33FA8-LeaderElection224] INFO  impl.RoleInfo (RoleInfo.java:updateAndGet(143)) - a157920a-90c8-4f06-9961-45c06f377a82: start FollowerState
2019-10-15 08:43:01,127 [6d748945-2cb3-4aae-9aee-4a048f933dd9@group-11DEA2C33FA8-LeaderElection223] INFO  impl.RoleInfo (RoleInfo.java:shutdownLeaderElection(134)) - 6d748945-2cb3-4aae-9aee-4a048f933dd9: shutdown LeaderElection
2019-10-15 08:43:01,128 [6d748945-2cb3-4aae-9aee-4a048f933dd9@group-11DEA2C33FA8-LeaderElection223] INFO  impl.RaftServerImpl (RaftServerImpl.java:setRole(170)) - 6d748945-2cb3-4aae-9aee-4a048f933dd9@group-11DEA2C33FA8: changes role from CANDIDATE to LEADER at term 1 for changeToLeader
2019-10-15 08:43:01,128 [6d748945-2cb3-4aae-9aee-4a048f933dd9@group-11DEA2C33FA8-LeaderElection223] INFO  impl.RaftServerImpl (ServerState.java:setLeader(255)) - 6d748945-2cb3-4aae-9aee-4a048f933dd9@group-11DEA2C33FA8: change Leader from null to 6d748945-2cb3-4aae-9aee-4a048f933dd9 at term 1 for becomeLeader, leader elected after 5134ms
2019-10-15 08:43:01,128 [6d748945-2cb3-4aae-9aee-4a048f933dd9@group-11DEA2C33FA8-LeaderElection223] INFO  server.RaftServerConfigKeys (ConfUtils.java:logGet(43)) - raft.server.staging.catchup.gap = 1000 (default)
2019-10-15 08:43:01,128 [6d748945-2cb3-4aae-9aee-4a048f933dd9@group-11DEA2C33FA8-LeaderElection223] INFO  server.RaftServerConfigKeys (ConfUtils.java:logGet(43)) - raft.server.rpc.sleep.time = 25ms (default)
2019-10-15 08:43:01,128 [6d748945-2cb3-4aae-9aee-4a048f933dd9@group-11DEA2C33FA8-LeaderElection223] INFO  server.RaftServerConfigKeys (ConfUtils.java:logGet(43)) - raft.server.write.element-limit = 4096 (default)
2019-10-15 08:43:01,128 [6d748945-2cb3-4aae-9aee-4a048f933dd9@group-11DEA2C33FA8-LeaderElection223] INFO  server.RaftServerConfigKeys (ConfUtils.java:logGet(43)) - raft.server.watch.timeout = 10s (default)
2019-10-15 08:43:01,128 [6d748945-2cb3-4aae-9aee-4a048f933dd9@group-11DEA2C33FA8-LeaderElection223] INFO  server.RaftServerConfigKeys (ConfUtils.java:logGet(43)) - raft.server.watch.timeout.denomination = 1s (default)
2019-10-15 08:43:01,129 [6d748945-2cb3-4aae-9aee-4a048f933dd9@group-11DEA2C33FA8-LeaderElection223] INFO  server.RaftServerConfigKeys (ConfUtils.java:logGet(43)) - raft.server.watch.element-limit = 65536 (default)
2019-10-15 08:43:01,129 [Thread-4421] INFO  impl.FollowerState (FollowerState.java:run(108)) - 6d748945-2cb3-4aae-9aee-4a048f933dd9@group-2C40FEDD16B2-FollowerState: change to CANDIDATE, lastRpcTime:5033ms, electionTimeout:5033ms
2019-10-15 08:43:01,129 [Thread-4421] INFO  impl.RoleInfo (RoleInfo.java:shutdownFollowerState(121)) - 6d748945-2cb3-4aae-9aee-4a048f933dd9: shutdown FollowerState
2019-10-15 08:43:01,129 [Thread-4421] INFO  impl.RaftServerImpl (RaftServerImpl.java:setRole(170)) - 6d748945-2cb3-4aae-9aee-4a048f933dd9@group-2C40FEDD16B2: changes role from  FOLLOWER to CANDIDATE at term 0 for changeToCandidate
2019-10-15 08:43:01,130 [Thread-4421] INFO  impl.RoleInfo (RoleInfo.java:updateAndGet(143)) - 6d748945-2cb3-4aae-9aee-4a048f933dd9: start LeaderElection
2019-10-15 08:43:01,133 [6d748945-2cb3-4aae-9aee-4a048f933dd9@group-11DEA2C33FA8-LeaderElection223] INFO  server.RaftServerConfigKeys (ConfUtils.java:logGet(43)) - raft.server.log.appender.snapshot.chunk.size.max = 16MB (=16777216) (default)
2019-10-15 08:43:01,133 [6d748945-2cb3-4aae-9aee-4a048f933dd9@group-11DEA2C33FA8-LeaderElection223] INFO  server.RaftServerConfigKeys (ConfUtils.java:logGet(43)) - raft.server.log.appender.buffer.byte-limit = 33554432 (custom)
2019-10-15 08:43:01,133 [6d748945-2cb3-4aae-9aee-4a048f933dd9@group-11DEA2C33FA8-LeaderElection223] INFO  server.RaftServerConfigKeys (ConfUtils.java:logGet(43)) - raft.server.log.appender.buffer.element-limit = 1 (custom)
2019-10-15 08:43:01,133 [6d748945-2cb3-4aae-9aee-4a048f933dd9@group-11DEA2C33FA8-LeaderElection223] INFO  grpc.GrpcConfigKeys$Server (ConfUtils.java:logGet(43)) - raft.grpc.server.leader.outstanding.appends.max = 128 (default)
2019-10-15 08:43:01,133 [6d748945-2cb3-4aae-9aee-4a048f933dd9@group-11DEA2C33FA8-LeaderElection223] INFO  server.RaftServerConfigKeys (ConfUtils.java:logGet(43)) - raft.server.rpc.request.timeout = 3000ms (default)
2019-10-15 08:43:01,134 [6d748945-2cb3-4aae-9aee-4a048f933dd9@group-11DEA2C33FA8-LeaderElection223] INFO  server.RaftServerConfigKeys (ConfUtils.java:logGet(43)) - raft.server.log.appender.install.snapshot.enabled = false (custom)
2019-10-15 08:43:01,134 [6d748945-2cb3-4aae-9aee-4a048f933dd9@group-11DEA2C33FA8-LeaderElection223] INFO  server.RaftServerConfigKeys (ConfUtils.java:logGet(43)) - raft.server.log.appender.snapshot.chunk.size.max = 16MB (=16777216) (default)
2019-10-15 08:43:01,134 [6d748945-2cb3-4aae-9aee-4a048f933dd9@group-11DEA2C33FA8-LeaderElection223] INFO  server.RaftServerConfigKeys (ConfUtils.java:logGet(43)) - raft.server.log.appender.buffer.byte-limit = 33554432 (custom)
2019-10-15 08:43:01,134 [6d748945-2cb3-4aae-9aee-4a048f933dd9@group-11DEA2C33FA8-LeaderElection223] INFO  server.RaftServerConfigKeys (ConfUtils.java:logGet(43)) - raft.server.log.appender.buffer.element-limit = 1 (custom)
2019-10-15 08:43:01,134 [6d748945-2cb3-4aae-9aee-4a048f933dd9@group-11DEA2C33FA8-LeaderElection223] INFO  grpc.GrpcConfigKeys$Server (ConfUtils.java:logGet(43)) - raft.grpc.server.leader.outstanding.appends.max = 128 (default)
2019-10-15 08:43:01,134 [6d748945-2cb3-4aae-9aee-4a048f933dd9@group-11DEA2C33FA8-LeaderElection223] INFO  server.RaftServerConfigKeys (ConfUtils.java:logGet(43)) - raft.server.rpc.request.timeout = 3000ms (default)
2019-10-15 08:43:01,135 [6d748945-2cb3-4aae-9aee-4a048f933dd9@group-11DEA2C33FA8-LeaderElection223] INFO  server.RaftServerConfigKeys (ConfUtils.java:logGet(43)) - raft.server.log.appender.install.snapshot.enabled = false (custom)
2019-10-15 08:43:01,135 [6d748945-2cb3-4aae-9aee-4a048f933dd9@group-11DEA2C33FA8-LeaderElection223] INFO  impl.RoleInfo (RoleInfo.java:updateAndGet(143)) - 6d748945-2cb3-4aae-9aee-4a048f933dd9: start LeaderState
2019-10-15 08:43:01,135 [6d748945-2cb3-4aae-9aee-4a048f933dd9@group-11DEA2C33FA8-LeaderElection223] INFO  segmented.SegmentedRaftLogWorker (SegmentedRaftLogWorker.java:startLogSegment(385)) - 6d748945-2cb3-4aae-9aee-4a048f933dd9@group-11DEA2C33FA8-SegmentedRaftLogWorker: Starting segment from index:0
2019-10-15 08:43:01,136 [6d748945-2cb3-4aae-9aee-4a048f933dd9@group-11DEA2C33FA8-LeaderElection223] INFO  impl.RaftServerImpl (ServerState.java:setRaftConf(356)) - 6d748945-2cb3-4aae-9aee-4a048f933dd9@group-11DEA2C33FA8: set configuration 0: [54862fcb-67c7-42a5-84bb-0e71c50d9a51:192.168.164.209:41983, 6d748945-2cb3-4aae-9aee-4a048f933dd9:192.168.164.209:33292, a157920a-90c8-4f06-9961-45c06f377a82:192.168.164.209:45973], old=null at 0
2019-10-15 08:43:01,136 [grpc-default-executor-2] INFO  impl.RaftServerImpl (ServerState.java:setLeader(255)) - 54862fcb-67c7-42a5-84bb-0e71c50d9a51@group-11DEA2C33FA8: change Leader from null to 6d748945-2cb3-4aae-9aee-4a048f933dd9 at term 1 for appendEntries, leader elected after 5142ms
2019-10-15 08:43:01,137 [grpc-default-executor-6] INFO  impl.RaftServerImpl (ServerState.java:setLeader(255)) - a157920a-90c8-4f06-9961-45c06f377a82@group-11DEA2C33FA8: change Leader from null to 6d748945-2cb3-4aae-9aee-4a048f933dd9 at term 1 for appendEntries, leader elected after 5143ms
2019-10-15 08:43:01,138 [grpc-default-executor-2] INFO  impl.RaftServerImpl (ServerState.java:setRaftConf(356)) - 54862fcb-67c7-42a5-84bb-0e71c50d9a51@group-11DEA2C33FA8: set configuration 0: [54862fcb-67c7-42a5-84bb-0e71c50d9a51:192.168.164.209:41983, 6d748945-2cb3-4aae-9aee-4a048f933dd9:192.168.164.209:33292, a157920a-90c8-4f06-9961-45c06f377a82:192.168.164.209:45973], old=null at 0
2019-10-15 08:43:01,138 [grpc-default-executor-6] INFO  impl.RaftServerImpl (ServerState.java:setRaftConf(356)) - a157920a-90c8-4f06-9961-45c06f377a82@group-11DEA2C33FA8: set configuration 0: [54862fcb-67c7-42a5-84bb-0e71c50d9a51:192.168.164.209:41983, 6d748945-2cb3-4aae-9aee-4a048f933dd9:192.168.164.209:33292, a157920a-90c8-4f06-9961-45c06f377a82:192.168.164.209:45973], old=null at 0
2019-10-15 08:43:01,138 [grpc-default-executor-2] INFO  segmented.SegmentedRaftLogWorker (SegmentedRaftLogWorker.java:startLogSegment(385)) - 54862fcb-67c7-42a5-84bb-0e71c50d9a51@group-11DEA2C33FA8-SegmentedRaftLogWorker: Starting segment from index:0
2019-10-15 08:43:01,139 [grpc-default-executor-6] INFO  segmented.SegmentedRaftLogWorker (SegmentedRaftLogWorker.java:startLogSegment(385)) - a157920a-90c8-4f06-9961-45c06f377a82@group-11DEA2C33FA8-SegmentedRaftLogWorker: Starting segment from index:0
2019-10-15 08:43:01,158 [6d748945-2cb3-4aae-9aee-4a048f933dd9@group-2C40FEDD16B2-LeaderElection225] INFO  impl.LeaderElection (LeaderElection.java:askForVotes(178)) - 6d748945-2cb3-4aae-9aee-4a048f933dd9@group-2C40FEDD16B2-LeaderElection225: begin an election at term 1 for -1: [54862fcb-67c7-42a5-84bb-0e71c50d9a51:192.168.164.209:41983, 6d748945-2cb3-4aae-9aee-4a048f933dd9:192.168.164.209:33292, a157920a-90c8-4f06-9961-45c06f377a82:192.168.164.209:45973], old=null
2019-10-15 08:43:01,160 [grpc-default-executor-6] INFO  impl.RaftServerImpl (RaftServerImpl.java:setRole(170)) - 54862fcb-67c7-42a5-84bb-0e71c50d9a51@group-2C40FEDD16B2: changes role from  FOLLOWER to FOLLOWER at term 1 for recognizeCandidate:6d748945-2cb3-4aae-9aee-4a048f933dd9
2019-10-15 08:43:01,160 [grpc-default-executor-6] INFO  impl.RoleInfo (RoleInfo.java:shutdownFollowerState(121)) - 54862fcb-67c7-42a5-84bb-0e71c50d9a51: shutdown FollowerState
2019-10-15 08:43:01,160 [grpc-default-executor-2] INFO  impl.RaftServerImpl (RaftServerImpl.java:setRole(170)) - a157920a-90c8-4f06-9961-45c06f377a82@group-2C40FEDD16B2: changes role from  FOLLOWER to FOLLOWER at term 1 for recognizeCandidate:6d748945-2cb3-4aae-9aee-4a048f933dd9
2019-10-15 08:43:01,160 [grpc-default-executor-2] INFO  impl.RoleInfo (RoleInfo.java:shutdownFollowerState(121)) - a157920a-90c8-4f06-9961-45c06f377a82: shutdown FollowerState
2019-10-15 08:43:01,160 [Thread-4424] INFO  impl.FollowerState (FollowerState.java:run(117)) - 54862fcb-67c7-42a5-84bb-0e71c50d9a51@group-2C40FEDD16B2-FollowerState was interrupted: java.lang.InterruptedException: sleep interrupted
2019-10-15 08:43:01,160 [grpc-default-executor-6] INFO  impl.RoleInfo (RoleInfo.java:updateAndGet(143)) - 54862fcb-67c7-42a5-84bb-0e71c50d9a51: start FollowerState
2019-10-15 08:43:01,161 [Thread-4426] INFO  impl.FollowerState (FollowerState.java:run(117)) - a157920a-90c8-4f06-9961-45c06f377a82@group-2C40FEDD16B2-FollowerState was interrupted: java.lang.InterruptedException: sleep interrupted
2019-10-15 08:43:01,160 [grpc-default-executor-2] INFO  impl.RoleInfo (RoleInfo.java:updateAndGet(143)) - a157920a-90c8-4f06-9961-45c06f377a82: start FollowerState
2019-10-15 08:43:01,183 [6d748945-2cb3-4aae-9aee-4a048f933dd9@group-11DEA2C33FA8-SegmentedRaftLogWorker] INFO  segmented.SegmentedRaftLogWorker (SegmentedRaftLogWorker.java:execute(574)) - 6d748945-2cb3-4aae-9aee-4a048f933dd9@group-11DEA2C33FA8-SegmentedRaftLogWorker: created new log segment /workdir/hadoop-ozone/integration-test/target/test-dir/MiniOzoneClusterImpl-d07e3086-68e0-4340-b24d-43dfb7c1e85c/datanode-1/data/ratis/7f6beef7-241e-4e83-8aa7-11dea2c33fa8/current/log_inprogress_0
2019-10-15 08:43:01,184 [6d748945-2cb3-4aae-9aee-4a048f933dd9@group-2C40FEDD16B2-LeaderElection225] INFO  impl.LeaderElection (LeaderElection.java:logAndReturn(56)) - 6d748945-2cb3-4aae-9aee-4a048f933dd9@group-2C40FEDD16B2-LeaderElection225: Election PASSED; received 1 response(s) [6d748945-2cb3-4aae-9aee-4a048f933dd9<-54862fcb-67c7-42a5-84bb-0e71c50d9a51#0:OK-t1] and 0 exception(s); 6d748945-2cb3-4aae-9aee-4a048f933dd9@group-2C40FEDD16B2:t1, leader=null, voted=6d748945-2cb3-4aae-9aee-4a048f933dd9, raftlog=6d748945-2cb3-4aae-9aee-4a048f933dd9@group-2C40FEDD16B2-SegmentedRaftLog:OPENED:c-1,f-1,i0, conf=-1: [54862fcb-67c7-42a5-84bb-0e71c50d9a51:192.168.164.209:41983, 6d748945-2cb3-4aae-9aee-4a048f933dd9:192.168.164.209:33292, a157920a-90c8-4f06-9961-45c06f377a82:192.168.164.209:45973], old=null
2019-10-15 08:43:01,184 [6d748945-2cb3-4aae-9aee-4a048f933dd9@group-2C40FEDD16B2-LeaderElection225] INFO  impl.RoleInfo (RoleInfo.java:shutdownLeaderElection(134)) - 6d748945-2cb3-4aae-9aee-4a048f933dd9: shutdown LeaderElection
2019-10-15 08:43:01,184 [6d748945-2cb3-4aae-9aee-4a048f933dd9@group-2C40FEDD16B2-LeaderElection225] INFO  impl.RaftServerImpl (RaftServerImpl.java:setRole(170)) - 6d748945-2cb3-4aae-9aee-4a048f933dd9@group-2C40FEDD16B2: changes role from CANDIDATE to LEADER at term 1 for changeToLeader
2019-10-15 08:43:01,184 [6d748945-2cb3-4aae-9aee-4a048f933dd9@group-2C40FEDD16B2-LeaderElection225] INFO  impl.RaftServerImpl (ServerState.java:setLeader(255)) - 6d748945-2cb3-4aae-9aee-4a048f933dd9@group-2C40FEDD16B2: change Leader from null to 6d748945-2cb3-4aae-9aee-4a048f933dd9 at term 1 for becomeLeader, leader elected after 5097ms
2019-10-15 08:43:01,184 [6d748945-2cb3-4aae-9aee-4a048f933dd9@group-2C40FEDD16B2-LeaderElection225] INFO  server.RaftServerConfigKeys (ConfUtils.java:logGet(43)) - raft.server.staging.catchup.gap = 1000 (default)
2019-10-15 08:43:01,185 [6d748945-2cb3-4aae-9aee-4a048f933dd9@group-2C40FEDD16B2-LeaderElection225] INFO  server.RaftServerConfigKeys (ConfUtils.java:logGet(43)) - raft.server.rpc.sleep.time = 25ms (default)
2019-10-15 08:43:01,185 [6d748945-2cb3-4aae-9aee-4a048f933dd9@group-2C40FEDD16B2-LeaderElection225] INFO  server.RaftServerConfigKeys (ConfUtils.java:logGet(43)) - raft.server.write.element-limit = 4096 (default)
2019-10-15 08:43:01,185 [6d748945-2cb3-4aae-9aee-4a048f933dd9@group-2C40FEDD16B2-LeaderElection225] INFO  server.RaftServerConfigKeys (ConfUtils.java:logGet(43)) - raft.server.watch.timeout = 10s (default)
2019-10-15 08:43:01,185 [6d748945-2cb3-4aae-9aee-4a048f933dd9@group-2C40FEDD16B2-LeaderElection225] INFO  server.RaftServerConfigKeys (ConfUtils.java:logGet(43)) - raft.server.watch.timeout.denomination = 1s (default)
2019-10-15 08:43:01,185 [6d748945-2cb3-4aae-9aee-4a048f933dd9@group-2C40FEDD16B2-LeaderElection225] INFO  server.RaftServerConfigKeys (ConfUtils.java:logGet(43)) - raft.server.watch.element-limit = 65536 (default)
2019-10-15 08:43:01,186 [6d748945-2cb3-4aae-9aee-4a048f933dd9@group-2C40FEDD16B2-LeaderElection225] INFO  server.RaftServerConfigKeys (ConfUtils.java:logGet(43)) - raft.server.log.appender.snapshot.chunk.size.max = 16MB (=16777216) (default)
2019-10-15 08:43:01,187 [6d748945-2cb3-4aae-9aee-4a048f933dd9@group-2C40FEDD16B2-LeaderElection225] INFO  server.RaftServerConfigKeys (ConfUtils.java:logGet(43)) - raft.server.log.appender.buffer.byte-limit = 33554432 (custom)
2019-10-15 08:43:01,187 [6d748945-2cb3-4aae-9aee-4a048f933dd9@group-2C40FEDD16B2-LeaderElection225] INFO  server.RaftServerConfigKeys (ConfUtils.java:logGet(43)) - raft.server.log.appender.buffer.element-limit = 1 (custom)
2019-10-15 08:43:01,187 [6d748945-2cb3-4aae-9aee-4a048f933dd9@group-2C40FEDD16B2-LeaderElection225] INFO  grpc.GrpcConfigKeys$Server (ConfUtils.java:logGet(43)) - raft.grpc.server.leader.outstanding.appends.max = 128 (default)
2019-10-15 08:43:01,187 [6d748945-2cb3-4aae-9aee-4a048f933dd9@group-2C40FEDD16B2-LeaderElection225] INFO  server.RaftServerConfigKeys (ConfUtils.java:logGet(43)) - raft.server.rpc.request.timeout = 3000ms (default)
2019-10-15 08:43:01,187 [6d748945-2cb3-4aae-9aee-4a048f933dd9@group-2C40FEDD16B2-LeaderElection225] INFO  server.RaftServerConfigKeys (ConfUtils.java:logGet(43)) - raft.server.log.appender.install.snapshot.enabled = false (custom)
2019-10-15 08:43:01,187 [6d748945-2cb3-4aae-9aee-4a048f933dd9@group-2C40FEDD16B2-LeaderElection225] INFO  server.RaftServerConfigKeys (ConfUtils.java:logGet(43)) - raft.server.log.appender.snapshot.chunk.size.max = 16MB (=16777216) (default)
2019-10-15 08:43:01,188 [6d748945-2cb3-4aae-9aee-4a048f933dd9@group-2C40FEDD16B2-LeaderElection225] INFO  server.RaftServerConfigKeys (ConfUtils.java:logGet(43)) - raft.server.log.appender.buffer.byte-limit = 33554432 (custom)
2019-10-15 08:43:01,188 [6d748945-2cb3-4aae-9aee-4a048f933dd9@group-2C40FEDD16B2-LeaderElection225] INFO  server.RaftServerConfigKeys (ConfUtils.java:logGet(43)) - raft.server.log.appender.buffer.element-limit = 1 (custom)
2019-10-15 08:43:01,188 [6d748945-2cb3-4aae-9aee-4a048f933dd9@group-2C40FEDD16B2-LeaderElection225] INFO  grpc.GrpcConfigKeys$Server (ConfUtils.java:logGet(43)) - raft.grpc.server.leader.outstanding.appends.max = 128 (default)
2019-10-15 08:43:01,188 [6d748945-2cb3-4aae-9aee-4a048f933dd9@group-2C40FEDD16B2-LeaderElection225] INFO  server.RaftServerConfigKeys (ConfUtils.java:logGet(43)) - raft.server.rpc.request.timeout = 3000ms (default)
2019-10-15 08:43:01,188 [6d748945-2cb3-4aae-9aee-4a048f933dd9@group-2C40FEDD16B2-LeaderElection225] INFO  server.RaftServerConfigKeys (ConfUtils.java:logGet(43)) - raft.server.log.appender.install.snapshot.enabled = false (custom)
2019-10-15 08:43:01,188 [6d748945-2cb3-4aae-9aee-4a048f933dd9@group-2C40FEDD16B2-LeaderElection225] INFO  impl.RoleInfo (RoleInfo.java:updateAndGet(143)) - 6d748945-2cb3-4aae-9aee-4a048f933dd9: start LeaderState
2019-10-15 08:43:01,188 [6d748945-2cb3-4aae-9aee-4a048f933dd9@group-2C40FEDD16B2-LeaderElection225] INFO  segmented.SegmentedRaftLogWorker (SegmentedRaftLogWorker.java:startLogSegment(385)) - 6d748945-2cb3-4aae-9aee-4a048f933dd9@group-2C40FEDD16B2-SegmentedRaftLogWorker: Starting segment from index:0
2019-10-15 08:43:01,189 [6d748945-2cb3-4aae-9aee-4a048f933dd9@group-2C40FEDD16B2-LeaderElection225] INFO  impl.RaftServerImpl (ServerState.java:setRaftConf(356)) - 6d748945-2cb3-4aae-9aee-4a048f933dd9@group-2C40FEDD16B2: set configuration 0: [54862fcb-67c7-42a5-84bb-0e71c50d9a51:192.168.164.209:41983, 6d748945-2cb3-4aae-9aee-4a048f933dd9:192.168.164.209:33292, a157920a-90c8-4f06-9961-45c06f377a82:192.168.164.209:45973], old=null at 0
2019-10-15 08:43:01,234 [grpc-default-executor-2] INFO  impl.RaftServerImpl (ServerState.java:setLeader(255)) - 54862fcb-67c7-42a5-84bb-0e71c50d9a51@group-2C40FEDD16B2: change Leader from null to 6d748945-2cb3-4aae-9aee-4a048f933dd9 at term 1 for appendEntries, leader elected after 5144ms
2019-10-15 08:43:01,235 [a157920a-90c8-4f06-9961-45c06f377a82@group-11DEA2C33FA8-SegmentedRaftLogWorker] INFO  segmented.SegmentedRaftLogWorker (SegmentedRaftLogWorker.java:execute(574)) - a157920a-90c8-4f06-9961-45c06f377a82@group-11DEA2C33FA8-SegmentedRaftLogWorker: created new log segment /workdir/hadoop-ozone/integration-test/target/test-dir/MiniOzoneClusterImpl-d07e3086-68e0-4340-b24d-43dfb7c1e85c/datanode-2/data/ratis/7f6beef7-241e-4e83-8aa7-11dea2c33fa8/current/log_inprogress_0
2019-10-15 08:43:01,235 [54862fcb-67c7-42a5-84bb-0e71c50d9a51@group-11DEA2C33FA8-SegmentedRaftLogWorker] INFO  segmented.SegmentedRaftLogWorker (SegmentedRaftLogWorker.java:execute(574)) - 54862fcb-67c7-42a5-84bb-0e71c50d9a51@group-11DEA2C33FA8-SegmentedRaftLogWorker: created new log segment /workdir/hadoop-ozone/integration-test/target/test-dir/MiniOzoneClusterImpl-d07e3086-68e0-4340-b24d-43dfb7c1e85c/datanode-3/data/ratis/7f6beef7-241e-4e83-8aa7-11dea2c33fa8/current/log_inprogress_0
2019-10-15 08:43:01,241 [grpc-default-executor-6] INFO  impl.RaftServerImpl (ServerState.java:setLeader(255)) - a157920a-90c8-4f06-9961-45c06f377a82@group-2C40FEDD16B2: change Leader from null to 6d748945-2cb3-4aae-9aee-4a048f933dd9 at term 1 for appendEntries, leader elected after 5151ms
2019-10-15 08:43:01,243 [grpc-default-executor-6] INFO  impl.RaftServerImpl (ServerState.java:setRaftConf(356)) - 54862fcb-67c7-42a5-84bb-0e71c50d9a51@group-2C40FEDD16B2: set configuration 0: [54862fcb-67c7-42a5-84bb-0e71c50d9a51:192.168.164.209:41983, 6d748945-2cb3-4aae-9aee-4a048f933dd9:192.168.164.209:33292, a157920a-90c8-4f06-9961-45c06f377a82:192.168.164.209:45973], old=null at 0
2019-10-15 08:43:01,243 [grpc-default-executor-6] INFO  segmented.SegmentedRaftLogWorker (SegmentedRaftLogWorker.java:startLogSegment(385)) - 54862fcb-67c7-42a5-84bb-0e71c50d9a51@group-2C40FEDD16B2-SegmentedRaftLogWorker: Starting segment from index:0
2019-10-15 08:43:01,243 [grpc-default-executor-2] INFO  impl.RaftServerImpl (ServerState.java:setRaftConf(356)) - a157920a-90c8-4f06-9961-45c06f377a82@group-2C40FEDD16B2: set configuration 0: [54862fcb-67c7-42a5-84bb-0e71c50d9a51:192.168.164.209:41983, 6d748945-2cb3-4aae-9aee-4a048f933dd9:192.168.164.209:33292, a157920a-90c8-4f06-9961-45c06f377a82:192.168.164.209:45973], old=null at 0
2019-10-15 08:43:01,243 [grpc-default-executor-2] INFO  segmented.SegmentedRaftLogWorker (SegmentedRaftLogWorker.java:startLogSegment(385)) - a157920a-90c8-4f06-9961-45c06f377a82@group-2C40FEDD16B2-SegmentedRaftLogWorker: Starting segment from index:0
2019-10-15 08:43:01,259 [6d748945-2cb3-4aae-9aee-4a048f933dd9@group-2C40FEDD16B2-SegmentedRaftLogWorker] INFO  segmented.SegmentedRaftLogWorker (SegmentedRaftLogWorker.java:execute(574)) - 6d748945-2cb3-4aae-9aee-4a048f933dd9@group-2C40FEDD16B2-SegmentedRaftLogWorker: created new log segment /workdir/hadoop-ozone/integration-test/target/test-dir/MiniOzoneClusterImpl-d07e3086-68e0-4340-b24d-43dfb7c1e85c/datanode-1/data/ratis/81d94f64-6889-41f7-a810-2c40fedd16b2/current/log_inprogress_0
2019-10-15 08:43:01,293 [54862fcb-67c7-42a5-84bb-0e71c50d9a51@group-2C40FEDD16B2-SegmentedRaftLogWorker] INFO  segmented.SegmentedRaftLogWorker (SegmentedRaftLogWorker.java:execute(574)) - 54862fcb-67c7-42a5-84bb-0e71c50d9a51@group-2C40FEDD16B2-SegmentedRaftLogWorker: created new log segment /workdir/hadoop-ozone/integration-test/target/test-dir/MiniOzoneClusterImpl-d07e3086-68e0-4340-b24d-43dfb7c1e85c/datanode-3/data/ratis/81d94f64-6889-41f7-a810-2c40fedd16b2/current/log_inprogress_0
2019-10-15 08:43:01,293 [a157920a-90c8-4f06-9961-45c06f377a82@group-2C40FEDD16B2-SegmentedRaftLogWorker] INFO  segmented.SegmentedRaftLogWorker (SegmentedRaftLogWorker.java:execute(574)) - a157920a-90c8-4f06-9961-45c06f377a82@group-2C40FEDD16B2-SegmentedRaftLogWorker: created new log segment /workdir/hadoop-ozone/integration-test/target/test-dir/MiniOzoneClusterImpl-d07e3086-68e0-4340-b24d-43dfb7c1e85c/datanode-2/data/ratis/81d94f64-6889-41f7-a810-2c40fedd16b2/current/log_inprogress_0
2019-10-15 08:43:02,635 [Datanode State Machine Thread - 0] INFO  statemachine.DatanodeStateMachine (DatanodeStateMachine.java:lambda$startDaemon$0(350)) - Ozone container server started.
2019-10-15 08:43:05,832 [Thread-4486] INFO  impl.FollowerState (FollowerState.java:run(108)) - 77143d31-7a05-49d3-8166-c63e8419bc63@group-05F17421E830-FollowerState: change to CANDIDATE, lastRpcTime:5101ms, electionTimeout:5101ms
2019-10-15 08:43:05,834 [Thread-4486] INFO  impl.RoleInfo (RoleInfo.java:shutdownFollowerState(121)) - 77143d31-7a05-49d3-8166-c63e8419bc63: shutdown FollowerState
2019-10-15 08:43:05,834 [Thread-4486] INFO  impl.RaftServerImpl (RaftServerImpl.java:setRole(170)) - 77143d31-7a05-49d3-8166-c63e8419bc63@group-05F17421E830: changes role from  FOLLOWER to CANDIDATE at term 1 for changeToCandidate
2019-10-15 08:43:05,835 [Thread-4486] INFO  impl.RoleInfo (RoleInfo.java:updateAndGet(143)) - 77143d31-7a05-49d3-8166-c63e8419bc63: start LeaderElection
2019-10-15 08:43:05,851 [Thread-4484] INFO  impl.FollowerState (FollowerState.java:run(108)) - 4c00b829-f7eb-437b-9af3-99601f151fac@group-05F17421E830-FollowerState: change to CANDIDATE, lastRpcTime:5137ms, electionTimeout:5137ms
2019-10-15 08:43:05,851 [Thread-4484] INFO  impl.RoleInfo (RoleInfo.java:shutdownFollowerState(121)) - 4c00b829-f7eb-437b-9af3-99601f151fac: shutdown FollowerState
2019-10-15 08:43:05,851 [Thread-4484] INFO  impl.RaftServerImpl (RaftServerImpl.java:setRole(170)) - 4c00b829-f7eb-437b-9af3-99601f151fac@group-05F17421E830: changes role from  FOLLOWER to CANDIDATE at term 1 for changeToCandidate
2019-10-15 08:43:05,851 [Thread-4484] INFO  impl.RoleInfo (RoleInfo.java:updateAndGet(143)) - 4c00b829-f7eb-437b-9af3-99601f151fac: start LeaderElection
2019-10-15 08:43:05,861 [77143d31-7a05-49d3-8166-c63e8419bc63@group-05F17421E830-LeaderElection226] INFO  impl.LeaderElection (LeaderElection.java:askForVotes(178)) - 77143d31-7a05-49d3-8166-c63e8419bc63@group-05F17421E830-LeaderElection226: begin an election at term 2 for -1: [f6d552c9-f983-4597-b4d0-1b438ea21ad8:192.168.164.209:37602, 77143d31-7a05-49d3-8166-c63e8419bc63:192.168.164.209:44002, 4c00b829-f7eb-437b-9af3-99601f151fac:192.168.164.209:39950], old=null
2019-10-15 08:43:05,869 [grpc-default-executor-2] INFO  impl.RaftServerImpl (RaftServerImpl.java:setRole(170)) - f6d552c9-f983-4597-b4d0-1b438ea21ad8@group-05F17421E830: changes role from  FOLLOWER to FOLLOWER at term 2 for recognizeCandidate:77143d31-7a05-49d3-8166-c63e8419bc63
2019-10-15 08:43:05,869 [grpc-default-executor-2] INFO  impl.RoleInfo (RoleInfo.java:shutdownFollowerState(121)) - f6d552c9-f983-4597-b4d0-1b438ea21ad8: shutdown FollowerState
2019-10-15 08:43:05,869 [grpc-default-executor-2] INFO  impl.RoleInfo (RoleInfo.java:updateAndGet(143)) - f6d552c9-f983-4597-b4d0-1b438ea21ad8: start FollowerState
2019-10-15 08:43:05,870 [Thread-4487] INFO  impl.FollowerState (FollowerState.java:run(117)) - f6d552c9-f983-4597-b4d0-1b438ea21ad8@group-05F17421E830-FollowerState was interrupted: java.lang.InterruptedException: sleep interrupted
2019-10-15 08:43:05,874 [4c00b829-f7eb-437b-9af3-99601f151fac@group-05F17421E830-LeaderElection227] INFO  impl.LeaderElection (LeaderElection.java:askForVotes(178)) - 4c00b829-f7eb-437b-9af3-99601f151fac@group-05F17421E830-LeaderElection227: begin an election at term 2 for -1: [f6d552c9-f983-4597-b4d0-1b438ea21ad8:192.168.164.209:37602, 77143d31-7a05-49d3-8166-c63e8419bc63:192.168.164.209:44002, 4c00b829-f7eb-437b-9af3-99601f151fac:192.168.164.209:39950], old=null
2019-10-15 08:43:05,891 [4c00b829-f7eb-437b-9af3-99601f151fac@group-05F17421E830-LeaderElection227] INFO  impl.LeaderElection (LeaderElection.java:logAndReturn(56)) - 4c00b829-f7eb-437b-9af3-99601f151fac@group-05F17421E830-LeaderElection227: Election REJECTED; received 2 response(s) [4c00b829-f7eb-437b-9af3-99601f151fac<-f6d552c9-f983-4597-b4d0-1b438ea21ad8#0:FAIL-t2, 4c00b829-f7eb-437b-9af3-99601f151fac<-77143d31-7a05-49d3-8166-c63e8419bc63#0:FAIL-t2] and 0 exception(s); 4c00b829-f7eb-437b-9af3-99601f151fac@group-05F17421E830:t2, leader=null, voted=4c00b829-f7eb-437b-9af3-99601f151fac, raftlog=4c00b829-f7eb-437b-9af3-99601f151fac@group-05F17421E830-SegmentedRaftLog:OPENED:c-1,f-1,i0, conf=-1: [f6d552c9-f983-4597-b4d0-1b438ea21ad8:192.168.164.209:37602, 77143d31-7a05-49d3-8166-c63e8419bc63:192.168.164.209:44002, 4c00b829-f7eb-437b-9af3-99601f151fac:192.168.164.209:39950], old=null
2019-10-15 08:43:05,891 [77143d31-7a05-49d3-8166-c63e8419bc63@group-05F17421E830-LeaderElection226] INFO  impl.LeaderElection (LeaderElection.java:logAndReturn(56)) - 77143d31-7a05-49d3-8166-c63e8419bc63@group-05F17421E830-LeaderElection226: Election PASSED; received 2 response(s) [77143d31-7a05-49d3-8166-c63e8419bc63<-f6d552c9-f983-4597-b4d0-1b438ea21ad8#0:OK-t2, 77143d31-7a05-49d3-8166-c63e8419bc63<-4c00b829-f7eb-437b-9af3-99601f151fac#0:FAIL-t2] and 0 exception(s); 77143d31-7a05-49d3-8166-c63e8419bc63@group-05F17421E830:t2, leader=null, voted=77143d31-7a05-49d3-8166-c63e8419bc63, raftlog=77143d31-7a05-49d3-8166-c63e8419bc63@group-05F17421E830-SegmentedRaftLog:OPENED:c-1,f-1,i0, conf=-1: [f6d552c9-f983-4597-b4d0-1b438ea21ad8:192.168.164.209:37602, 77143d31-7a05-49d3-8166-c63e8419bc63:192.168.164.209:44002, 4c00b829-f7eb-437b-9af3-99601f151fac:192.168.164.209:39950], old=null
2019-10-15 08:43:05,892 [77143d31-7a05-49d3-8166-c63e8419bc63@group-05F17421E830-LeaderElection226] INFO  impl.RoleInfo (RoleInfo.java:shutdownLeaderElection(134)) - 77143d31-7a05-49d3-8166-c63e8419bc63: shutdown LeaderElection
2019-10-15 08:43:05,892 [77143d31-7a05-49d3-8166-c63e8419bc63@group-05F17421E830-LeaderElection226] INFO  impl.RaftServerImpl (RaftServerImpl.java:setRole(170)) - 77143d31-7a05-49d3-8166-c63e8419bc63@group-05F17421E830: changes role from CANDIDATE to LEADER at term 2 for changeToLeader
2019-10-15 08:43:05,893 [77143d31-7a05-49d3-8166-c63e8419bc63@group-05F17421E830-LeaderElection226] INFO  impl.RaftServerImpl (ServerState.java:setLeader(255)) - 77143d31-7a05-49d3-8166-c63e8419bc63@group-05F17421E830: change Leader from null to 77143d31-7a05-49d3-8166-c63e8419bc63 at term 2 for becomeLeader, leader elected after 10347ms
2019-10-15 08:43:05,892 [4c00b829-f7eb-437b-9af3-99601f151fac@group-05F17421E830-LeaderElection227] INFO  impl.RaftServerImpl (RaftServerImpl.java:setRole(170)) - 4c00b829-f7eb-437b-9af3-99601f151fac@group-05F17421E830: changes role from CANDIDATE to FOLLOWER at term 2 for DISCOVERED_A_NEW_TERM
2019-10-15 08:43:05,894 [4c00b829-f7eb-437b-9af3-99601f151fac@group-05F17421E830-LeaderElection227] INFO  impl.RoleInfo (RoleInfo.java:shutdownLeaderElection(134)) - 4c00b829-f7eb-437b-9af3-99601f151fac: shutdown LeaderElection
2019-10-15 08:43:05,893 [77143d31-7a05-49d3-8166-c63e8419bc63@group-05F17421E830-LeaderElection226] INFO  server.RaftServerConfigKeys (ConfUtils.java:logGet(43)) - raft.server.staging.catchup.gap = 1000 (default)
2019-10-15 08:43:05,894 [4c00b829-f7eb-437b-9af3-99601f151fac@group-05F17421E830-LeaderElection227] INFO  impl.RoleInfo (RoleInfo.java:updateAndGet(143)) - 4c00b829-f7eb-437b-9af3-99601f151fac: start FollowerState
2019-10-15 08:43:05,894 [77143d31-7a05-49d3-8166-c63e8419bc63@group-05F17421E830-LeaderElection226] INFO  server.RaftServerConfigKeys (ConfUtils.java:logGet(43)) - raft.server.rpc.sleep.time = 25ms (default)
2019-10-15 08:43:05,895 [77143d31-7a05-49d3-8166-c63e8419bc63@group-05F17421E830-LeaderElection226] INFO  server.RaftServerConfigKeys (ConfUtils.java:logGet(43)) - raft.server.write.element-limit = 4096 (default)
2019-10-15 08:43:05,896 [77143d31-7a05-49d3-8166-c63e8419bc63@group-05F17421E830-LeaderElection226] INFO  server.RaftServerConfigKeys (ConfUtils.java:logGet(43)) - raft.server.watch.timeout = 10s (default)
2019-10-15 08:43:05,896 [77143d31-7a05-49d3-8166-c63e8419bc63@group-05F17421E830-LeaderElection226] INFO  server.RaftServerConfigKeys (ConfUtils.java:logGet(43)) - raft.server.watch.timeout.denomination = 1s (default)
2019-10-15 08:43:05,896 [77143d31-7a05-49d3-8166-c63e8419bc63@group-05F17421E830-LeaderElection226] INFO  server.RaftServerConfigKeys (ConfUtils.java:logGet(43)) - raft.server.watch.element-limit = 65536 (default)
2019-10-15 08:43:05,903 [77143d31-7a05-49d3-8166-c63e8419bc63@group-05F17421E830-LeaderElection226] INFO  server.RaftServerConfigKeys (ConfUtils.java:logGet(43)) - raft.server.log.appender.snapshot.chunk.size.max = 16MB (=16777216) (default)
2019-10-15 08:43:05,904 [77143d31-7a05-49d3-8166-c63e8419bc63@group-05F17421E830-LeaderElection226] INFO  server.RaftServerConfigKeys (ConfUtils.java:logGet(43)) - raft.server.log.appender.buffer.byte-limit = 33554432 (custom)
2019-10-15 08:43:05,904 [77143d31-7a05-49d3-8166-c63e8419bc63@group-05F17421E830-LeaderElection226] INFO  server.RaftServerConfigKeys (ConfUtils.java:logGet(43)) - raft.server.log.appender.buffer.element-limit = 1 (custom)
2019-10-15 08:43:05,904 [77143d31-7a05-49d3-8166-c63e8419bc63@group-05F17421E830-LeaderElection226] INFO  grpc.GrpcConfigKeys$Server (ConfUtils.java:logGet(43)) - raft.grpc.server.leader.outstanding.appends.max = 128 (default)
2019-10-15 08:43:05,904 [77143d31-7a05-49d3-8166-c63e8419bc63@group-05F17421E830-LeaderElection226] INFO  server.RaftServerConfigKeys (ConfUtils.java:logGet(43)) - raft.server.rpc.request.timeout = 3000ms (default)
2019-10-15 08:43:05,905 [77143d31-7a05-49d3-8166-c63e8419bc63@group-05F17421E830-LeaderElection226] INFO  server.RaftServerConfigKeys (ConfUtils.java:logGet(43)) - raft.server.log.appender.install.snapshot.enabled = false (custom)
2019-10-15 08:43:05,905 [77143d31-7a05-49d3-8166-c63e8419bc63@group-05F17421E830-LeaderElection226] INFO  server.RaftServerConfigKeys (ConfUtils.java:logGet(43)) - raft.server.log.appender.snapshot.chunk.size.max = 16MB (=16777216) (default)
2019-10-15 08:43:05,905 [77143d31-7a05-49d3-8166-c63e8419bc63@group-05F17421E830-LeaderElection226] INFO  server.RaftServerConfigKeys (ConfUtils.java:logGet(43)) - raft.server.log.appender.buffer.byte-limit = 33554432 (custom)
2019-10-15 08:43:05,905 [77143d31-7a05-49d3-8166-c63e8419bc63@group-05F17421E830-LeaderElection226] INFO  server.RaftServerConfigKeys (ConfUtils.java:logGet(43)) - raft.server.log.appender.buffer.element-limit = 1 (custom)
2019-10-15 08:43:05,905 [77143d31-7a05-49d3-8166-c63e8419bc63@group-05F17421E830-LeaderElection226] INFO  grpc.GrpcConfigKeys$Server (ConfUtils.java:logGet(43)) - raft.grpc.server.leader.outstanding.appends.max = 128 (default)
2019-10-15 08:43:05,905 [77143d31-7a05-49d3-8166-c63e8419bc63@group-05F17421E830-LeaderElection226] INFO  server.RaftServerConfigKeys (ConfUtils.java:logGet(43)) - raft.server.rpc.request.timeout = 3000ms (default)
2019-10-15 08:43:05,906 [77143d31-7a05-49d3-8166-c63e8419bc63@group-05F17421E830-LeaderElection226] INFO  server.RaftServerConfigKeys (ConfUtils.java:logGet(43)) - raft.server.log.appender.install.snapshot.enabled = false (custom)
2019-10-15 08:43:05,906 [77143d31-7a05-49d3-8166-c63e8419bc63@group-05F17421E830-LeaderElection226] INFO  impl.RoleInfo (RoleInfo.java:updateAndGet(143)) - 77143d31-7a05-49d3-8166-c63e8419bc63: start LeaderState
2019-10-15 08:43:05,907 [77143d31-7a05-49d3-8166-c63e8419bc63@group-05F17421E830-LeaderElection226] INFO  segmented.SegmentedRaftLogWorker (SegmentedRaftLogWorker.java:startLogSegment(385)) - 77143d31-7a05-49d3-8166-c63e8419bc63@group-05F17421E830-SegmentedRaftLogWorker: Starting segment from index:0
2019-10-15 08:43:05,934 [77143d31-7a05-49d3-8166-c63e8419bc63@group-05F17421E830-LeaderElection226] INFO  impl.RaftServerImpl (ServerState.java:setRaftConf(356)) - 77143d31-7a05-49d3-8166-c63e8419bc63@group-05F17421E830: set configuration 0: [f6d552c9-f983-4597-b4d0-1b438ea21ad8:192.168.164.209:37602, 77143d31-7a05-49d3-8166-c63e8419bc63:192.168.164.209:44002, 4c00b829-f7eb-437b-9af3-99601f151fac:192.168.164.209:39950], old=null at 0
2019-10-15 08:43:05,938 [grpc-default-executor-1] INFO  impl.RaftServerImpl (ServerState.java:setLeader(255)) - 4c00b829-f7eb-437b-9af3-99601f151fac@group-05F17421E830: change Leader from null to 77143d31-7a05-49d3-8166-c63e8419bc63 at term 2 for appendEntries, leader elected after 10393ms
2019-10-15 08:43:05,938 [grpc-default-executor-2] INFO  impl.RaftServerImpl (ServerState.java:setLeader(255)) - f6d552c9-f983-4597-b4d0-1b438ea21ad8@group-05F17421E830: change Leader from null to 77143d31-7a05-49d3-8166-c63e8419bc63 at term 2 for appendEntries, leader elected after 10393ms
2019-10-15 08:43:05,940 [grpc-default-executor-1] INFO  impl.RaftServerImpl (ServerState.java:setRaftConf(356)) - 4c00b829-f7eb-437b-9af3-99601f151fac@group-05F17421E830: set configuration 0: [f6d552c9-f983-4597-b4d0-1b438ea21ad8:192.168.164.209:37602, 77143d31-7a05-49d3-8166-c63e8419bc63:192.168.164.209:44002, 4c00b829-f7eb-437b-9af3-99601f151fac:192.168.164.209:39950], old=null at 0
2019-10-15 08:43:05,941 [grpc-default-executor-7] INFO  impl.RaftServerImpl (ServerState.java:setRaftConf(356)) - f6d552c9-f983-4597-b4d0-1b438ea21ad8@group-05F17421E830: set configuration 0: [f6d552c9-f983-4597-b4d0-1b438ea21ad8:192.168.164.209:37602, 77143d31-7a05-49d3-8166-c63e8419bc63:192.168.164.209:44002, 4c00b829-f7eb-437b-9af3-99601f151fac:192.168.164.209:39950], old=null at 0
2019-10-15 08:43:05,941 [grpc-default-executor-1] INFO  segmented.SegmentedRaftLogWorker (SegmentedRaftLogWorker.java:startLogSegment(385)) - 4c00b829-f7eb-437b-9af3-99601f151fac@group-05F17421E830-SegmentedRaftLogWorker: Starting segment from index:0
2019-10-15 08:43:05,941 [grpc-default-executor-7] INFO  segmented.SegmentedRaftLogWorker (SegmentedRaftLogWorker.java:startLogSegment(385)) - f6d552c9-f983-4597-b4d0-1b438ea21ad8@group-05F17421E830-SegmentedRaftLogWorker: Starting segment from index:0
2019-10-15 08:43:05,955 [77143d31-7a05-49d3-8166-c63e8419bc63@group-05F17421E830-SegmentedRaftLogWorker] INFO  segmented.SegmentedRaftLogWorker (SegmentedRaftLogWorker.java:execute(574)) - 77143d31-7a05-49d3-8166-c63e8419bc63@group-05F17421E830-SegmentedRaftLogWorker: created new log segment /workdir/hadoop-ozone/integration-test/target/test-dir/MiniOzoneClusterImpl-d07e3086-68e0-4340-b24d-43dfb7c1e85c/datanode-0/data/ratis/a7a65855-40ac-4a65-9f8c-05f17421e830/current/log_inprogress_0
2019-10-15 08:43:05,979 [f6d552c9-f983-4597-b4d0-1b438ea21ad8@group-05F17421E830-SegmentedRaftLogWorker] INFO  segmented.SegmentedRaftLogWorker (SegmentedRaftLogWorker.java:execute(574)) - f6d552c9-f983-4597-b4d0-1b438ea21ad8@group-05F17421E830-SegmentedRaftLogWorker: created new log segment /workdir/hadoop-ozone/integration-test/target/test-dir/MiniOzoneClusterImpl-d07e3086-68e0-4340-b24d-43dfb7c1e85c/datanode-5/data/ratis/a7a65855-40ac-4a65-9f8c-05f17421e830/current/log_inprogress_0
2019-10-15 08:43:05,990 [4c00b829-f7eb-437b-9af3-99601f151fac@group-05F17421E830-SegmentedRaftLogWorker] INFO  segmented.SegmentedRaftLogWorker (SegmentedRaftLogWorker.java:execute(574)) - 4c00b829-f7eb-437b-9af3-99601f151fac@group-05F17421E830-SegmentedRaftLogWorker: created new log segment /workdir/hadoop-ozone/integration-test/target/test-dir/MiniOzoneClusterImpl-d07e3086-68e0-4340-b24d-43dfb7c1e85c/datanode-4/data/ratis/a7a65855-40ac-4a65-9f8c-05f17421e830/current/log_inprogress_0
2019-10-15 08:43:06,134 [Thread-4545] INFO  impl.FollowerState (FollowerState.java:run(108)) - a157920a-90c8-4f06-9961-45c06f377a82@group-9F44ED21C98E-FollowerState: change to CANDIDATE, lastRpcTime:5040ms, electionTimeout:5040ms
2019-10-15 08:43:06,134 [Thread-4545] INFO  impl.RoleInfo (RoleInfo.java:shutdownFollowerState(121)) - a157920a-90c8-4f06-9961-45c06f377a82: shutdown FollowerState
2019-10-15 08:43:06,135 [Thread-4545] INFO  impl.RaftServerImpl (RaftServerImpl.java:setRole(170)) - a157920a-90c8-4f06-9961-45c06f377a82@group-9F44ED21C98E: changes role from  FOLLOWER to CANDIDATE at term 1 for changeToCandidate
2019-10-15 08:43:06,135 [Thread-4545] INFO  impl.RoleInfo (RoleInfo.java:updateAndGet(143)) - a157920a-90c8-4f06-9961-45c06f377a82: start LeaderElection
2019-10-15 08:43:06,158 [a157920a-90c8-4f06-9961-45c06f377a82@group-9F44ED21C98E-LeaderElection228] INFO  impl.LeaderElection (LeaderElection.java:askForVotes(178)) - a157920a-90c8-4f06-9961-45c06f377a82@group-9F44ED21C98E-LeaderElection228: begin an election at term 2 for -1: [54862fcb-67c7-42a5-84bb-0e71c50d9a51:192.168.164.209:41983, 6d748945-2cb3-4aae-9aee-4a048f933dd9:192.168.164.209:33292, a157920a-90c8-4f06-9961-45c06f377a82:192.168.164.209:45973], old=null
2019-10-15 08:43:06,161 [grpc-default-executor-7] INFO  impl.RaftServerImpl (RaftServerImpl.java:setRole(170)) - 54862fcb-67c7-42a5-84bb-0e71c50d9a51@group-9F44ED21C98E: changes role from  FOLLOWER to FOLLOWER at term 2 for recognizeCandidate:a157920a-90c8-4f06-9961-45c06f377a82
2019-10-15 08:43:06,161 [grpc-default-executor-1] INFO  impl.RaftServerImpl (RaftServerImpl.java:setRole(170)) - 6d748945-2cb3-4aae-9aee-4a048f933dd9@group-9F44ED21C98E: changes role from  FOLLOWER to FOLLOWER at term 2 for recognizeCandidate:a157920a-90c8-4f06-9961-45c06f377a82
2019-10-15 08:43:06,161 [grpc-default-executor-7] INFO  impl.RoleInfo (RoleInfo.java:shutdownFollowerState(121)) - 54862fcb-67c7-42a5-84bb-0e71c50d9a51: shutdown FollowerState
2019-10-15 08:43:06,161 [grpc-default-executor-1] INFO  impl.RoleInfo (RoleInfo.java:shutdownFollowerState(121)) - 6d748945-2cb3-4aae-9aee-4a048f933dd9: shutdown FollowerState
2019-10-15 08:43:06,162 [Thread-4546] INFO  impl.FollowerState (FollowerState.java:run(117)) - 54862fcb-67c7-42a5-84bb-0e71c50d9a51@group-9F44ED21C98E-FollowerState was interrupted: java.lang.InterruptedException: sleep interrupted
2019-10-15 08:43:06,161 [grpc-default-executor-7] INFO  impl.RoleInfo (RoleInfo.java:updateAndGet(143)) - 54862fcb-67c7-42a5-84bb-0e71c50d9a51: start FollowerState
2019-10-15 08:43:06,162 [Thread-4542] INFO  impl.FollowerState (FollowerState.java:run(117)) - 6d748945-2cb3-4aae-9aee-4a048f933dd9@group-9F44ED21C98E-FollowerState was interrupted: java.lang.InterruptedException: sleep interrupted
2019-10-15 08:43:06,162 [grpc-default-executor-1] INFO  impl.RoleInfo (RoleInfo.java:updateAndGet(143)) - 6d748945-2cb3-4aae-9aee-4a048f933dd9: start FollowerState
2019-10-15 08:43:06,187 [a157920a-90c8-4f06-9961-45c06f377a82@group-9F44ED21C98E-LeaderElection228] INFO  impl.LeaderElection (LeaderElection.java:logAndReturn(56)) - a157920a-90c8-4f06-9961-45c06f377a82@group-9F44ED21C98E-LeaderElection228: Election PASSED; received 1 response(s) [a157920a-90c8-4f06-9961-45c06f377a82<-54862fcb-67c7-42a5-84bb-0e71c50d9a51#0:OK-t2] and 0 exception(s); a157920a-90c8-4f06-9961-45c06f377a82@group-9F44ED21C98E:t2, leader=null, voted=a157920a-90c8-4f06-9961-45c06f377a82, raftlog=a157920a-90c8-4f06-9961-45c06f377a82@group-9F44ED21C98E-SegmentedRaftLog:OPENED:c-1,f-1,i0, conf=-1: [54862fcb-67c7-42a5-84bb-0e71c50d9a51:192.168.164.209:41983, 6d748945-2cb3-4aae-9aee-4a048f933dd9:192.168.164.209:33292, a157920a-90c8-4f06-9961-45c06f377a82:192.168.164.209:45973], old=null
2019-10-15 08:43:06,187 [a157920a-90c8-4f06-9961-45c06f377a82@group-9F44ED21C98E-LeaderElection228] INFO  impl.RoleInfo (RoleInfo.java:shutdownLeaderElection(134)) - a157920a-90c8-4f06-9961-45c06f377a82: shutdown LeaderElection
2019-10-15 08:43:06,187 [a157920a-90c8-4f06-9961-45c06f377a82@group-9F44ED21C98E-LeaderElection228] INFO  impl.RaftServerImpl (RaftServerImpl.java:setRole(170)) - a157920a-90c8-4f06-9961-45c06f377a82@group-9F44ED21C98E: changes role from CANDIDATE to LEADER at term 2 for changeToLeader
2019-10-15 08:43:06,187 [a157920a-90c8-4f06-9961-45c06f377a82@group-9F44ED21C98E-LeaderElection228] INFO  impl.RaftServerImpl (ServerState.java:setLeader(255)) - a157920a-90c8-4f06-9961-45c06f377a82@group-9F44ED21C98E: change Leader from null to a157920a-90c8-4f06-9961-45c06f377a82 at term 2 for becomeLeader, leader elected after 10278ms
2019-10-15 08:43:06,187 [a157920a-90c8-4f06-9961-45c06f377a82@group-9F44ED21C98E-LeaderElection228] INFO  server.RaftServerConfigKeys (ConfUtils.java:logGet(43)) - raft.server.staging.catchup.gap = 1000 (default)
2019-10-15 08:43:06,187 [a157920a-90c8-4f06-9961-45c06f377a82@group-9F44ED21C98E-LeaderElection228] INFO  server.RaftServerConfigKeys (ConfUtils.java:logGet(43)) - raft.server.rpc.sleep.time = 25ms (default)
2019-10-15 08:43:06,187 [a157920a-90c8-4f06-9961-45c06f377a82@group-9F44ED21C98E-LeaderElection228] INFO  server.RaftServerConfigKeys (ConfUtils.java:logGet(43)) - raft.server.write.element-limit = 4096 (default)
2019-10-15 08:43:06,187 [a157920a-90c8-4f06-9961-45c06f377a82@group-9F44ED21C98E-LeaderElection228] INFO  server.RaftServerConfigKeys (ConfUtils.java:logGet(43)) - raft.server.watch.timeout = 10s (default)
2019-10-15 08:43:06,187 [a157920a-90c8-4f06-9961-45c06f377a82@group-9F44ED21C98E-LeaderElection228] INFO  server.RaftServerConfigKeys (ConfUtils.java:logGet(43)) - raft.server.watch.timeout.denomination = 1s (default)
2019-10-15 08:43:06,187 [a157920a-90c8-4f06-9961-45c06f377a82@group-9F44ED21C98E-LeaderElection228] INFO  server.RaftServerConfigKeys (ConfUtils.java:logGet(43)) - raft.server.watch.element-limit = 65536 (default)
2019-10-15 08:43:06,189 [a157920a-90c8-4f06-9961-45c06f377a82@group-9F44ED21C98E-LeaderElection228] INFO  server.RaftServerConfigKeys (ConfUtils.java:logGet(43)) - raft.server.log.appender.snapshot.chunk.size.max = 16MB (=16777216) (default)
2019-10-15 08:43:06,189 [a157920a-90c8-4f06-9961-45c06f377a82@group-9F44ED21C98E-LeaderElection228] INFO  server.RaftServerConfigKeys (ConfUtils.java:logGet(43)) - raft.server.log.appender.buffer.byte-limit = 33554432 (custom)
2019-10-15 08:43:06,189 [a157920a-90c8-4f06-9961-45c06f377a82@group-9F44ED21C98E-LeaderElection228] INFO  server.RaftServerConfigKeys (ConfUtils.java:logGet(43)) - raft.server.log.appender.buffer.element-limit = 1 (custom)
2019-10-15 08:43:06,189 [a157920a-90c8-4f06-9961-45c06f377a82@group-9F44ED21C98E-LeaderElection228] INFO  grpc.GrpcConfigKeys$Server (ConfUtils.java:logGet(43)) - raft.grpc.server.leader.outstanding.appends.max = 128 (default)
2019-10-15 08:43:06,189 [a157920a-90c8-4f06-9961-45c06f377a82@group-9F44ED21C98E-LeaderElection228] INFO  server.RaftServerConfigKeys (ConfUtils.java:logGet(43)) - raft.server.rpc.request.timeout = 3000ms (default)
2019-10-15 08:43:06,189 [a157920a-90c8-4f06-9961-45c06f377a82@group-9F44ED21C98E-LeaderElection228] INFO  server.RaftServerConfigKeys (ConfUtils.java:logGet(43)) - raft.server.log.appender.install.snapshot.enabled = false (custom)
2019-10-15 08:43:06,189 [a157920a-90c8-4f06-9961-45c06f377a82@group-9F44ED21C98E-LeaderElection228] INFO  server.RaftServerConfigKeys (ConfUtils.java:logGet(43)) - raft.server.log.appender.snapshot.chunk.size.max = 16MB (=16777216) (default)
2019-10-15 08:43:06,190 [a157920a-90c8-4f06-9961-45c06f377a82@group-9F44ED21C98E-LeaderElection228] INFO  server.RaftServerConfigKeys (ConfUtils.java:logGet(43)) - raft.server.log.appender.buffer.byte-limit = 33554432 (custom)
2019-10-15 08:43:06,190 [a157920a-90c8-4f06-9961-45c06f377a82@group-9F44ED21C98E-LeaderElection228] INFO  server.RaftServerConfigKeys (ConfUtils.java:logGet(43)) - raft.server.log.appender.buffer.element-limit = 1 (custom)
2019-10-15 08:43:06,190 [a157920a-90c8-4f06-9961-45c06f377a82@group-9F44ED21C98E-LeaderElection228] INFO  grpc.GrpcConfigKeys$Server (ConfUtils.java:logGet(43)) - raft.grpc.server.leader.outstanding.appends.max = 128 (default)
2019-10-15 08:43:06,190 [a157920a-90c8-4f06-9961-45c06f377a82@group-9F44ED21C98E-LeaderElection228] INFO  server.RaftServerConfigKeys (ConfUtils.java:logGet(43)) - raft.server.rpc.request.timeout = 3000ms (default)
2019-10-15 08:43:06,190 [a157920a-90c8-4f06-9961-45c06f377a82@group-9F44ED21C98E-LeaderElection228] INFO  server.RaftServerConfigKeys (ConfUtils.java:logGet(43)) - raft.server.log.appender.install.snapshot.enabled = false (custom)
2019-10-15 08:43:06,190 [a157920a-90c8-4f06-9961-45c06f377a82@group-9F44ED21C98E-LeaderElection228] INFO  impl.RoleInfo (RoleInfo.java:updateAndGet(143)) - a157920a-90c8-4f06-9961-45c06f377a82: start LeaderState
2019-10-15 08:43:06,190 [a157920a-90c8-4f06-9961-45c06f377a82@group-9F44ED21C98E-LeaderElection228] INFO  segmented.SegmentedRaftLogWorker (SegmentedRaftLogWorker.java:startLogSegment(385)) - a157920a-90c8-4f06-9961-45c06f377a82@group-9F44ED21C98E-SegmentedRaftLogWorker: Starting segment from index:0
2019-10-15 08:43:06,191 [a157920a-90c8-4f06-9961-45c06f377a82@group-9F44ED21C98E-LeaderElection228] INFO  impl.RaftServerImpl (ServerState.java:setRaftConf(356)) - a157920a-90c8-4f06-9961-45c06f377a82@group-9F44ED21C98E: set configuration 0: [54862fcb-67c7-42a5-84bb-0e71c50d9a51:192.168.164.209:41983, 6d748945-2cb3-4aae-9aee-4a048f933dd9:192.168.164.209:33292, a157920a-90c8-4f06-9961-45c06f377a82:192.168.164.209:45973], old=null at 0
2019-10-15 08:43:06,192 [grpc-default-executor-1] INFO  impl.RaftServerImpl (ServerState.java:setLeader(255)) - 54862fcb-67c7-42a5-84bb-0e71c50d9a51@group-9F44ED21C98E: change Leader from null to a157920a-90c8-4f06-9961-45c06f377a82 at term 2 for appendEntries, leader elected after 10283ms
2019-10-15 08:43:06,192 [grpc-default-executor-7] INFO  impl.RaftServerImpl (ServerState.java:setLeader(255)) - 6d748945-2cb3-4aae-9aee-4a048f933dd9@group-9F44ED21C98E: change Leader from null to a157920a-90c8-4f06-9961-45c06f377a82 at term 2 for appendEntries, leader elected after 10283ms
2019-10-15 08:43:06,194 [grpc-default-executor-7] INFO  impl.RaftServerImpl (ServerState.java:setRaftConf(356)) - 54862fcb-67c7-42a5-84bb-0e71c50d9a51@group-9F44ED21C98E: set configuration 0: [54862fcb-67c7-42a5-84bb-0e71c50d9a51:192.168.164.209:41983, 6d748945-2cb3-4aae-9aee-4a048f933dd9:192.168.164.209:33292, a157920a-90c8-4f06-9961-45c06f377a82:192.168.164.209:45973], old=null at 0
2019-10-15 08:43:06,194 [grpc-default-executor-7] INFO  segmented.SegmentedRaftLogWorker (SegmentedRaftLogWorker.java:startLogSegment(385)) - 54862fcb-67c7-42a5-84bb-0e71c50d9a51@group-9F44ED21C98E-SegmentedRaftLogWorker: Starting segment from index:0
2019-10-15 08:43:06,194 [grpc-default-executor-1] INFO  impl.RaftServerImpl (ServerState.java:setRaftConf(356)) - 6d748945-2cb3-4aae-9aee-4a048f933dd9@group-9F44ED21C98E: set configuration 0: [54862fcb-67c7-42a5-84bb-0e71c50d9a51:192.168.164.209:41983, 6d748945-2cb3-4aae-9aee-4a048f933dd9:192.168.164.209:33292, a157920a-90c8-4f06-9961-45c06f377a82:192.168.164.209:45973], old=null at 0
2019-10-15 08:43:06,194 [grpc-default-executor-1] INFO  segmented.SegmentedRaftLogWorker (SegmentedRaftLogWorker.java:startLogSegment(385)) - 6d748945-2cb3-4aae-9aee-4a048f933dd9@group-9F44ED21C98E-SegmentedRaftLogWorker: Starting segment from index:0
2019-10-15 08:43:06,246 [6d748945-2cb3-4aae-9aee-4a048f933dd9@group-9F44ED21C98E-SegmentedRaftLogWorker] INFO  segmented.SegmentedRaftLogWorker (SegmentedRaftLogWorker.java:execute(574)) - 6d748945-2cb3-4aae-9aee-4a048f933dd9@group-9F44ED21C98E-SegmentedRaftLogWorker: created new log segment /workdir/hadoop-ozone/integration-test/target/test-dir/MiniOzoneClusterImpl-d07e3086-68e0-4340-b24d-43dfb7c1e85c/datanode-1/data/ratis/00df409e-d2bf-40fd-80bf-9f44ed21c98e/current/log_inprogress_0
2019-10-15 08:43:06,246 [54862fcb-67c7-42a5-84bb-0e71c50d9a51@group-9F44ED21C98E-SegmentedRaftLogWorker] INFO  segmented.SegmentedRaftLogWorker (SegmentedRaftLogWorker.java:execute(574)) - 54862fcb-67c7-42a5-84bb-0e71c50d9a51@group-9F44ED21C98E-SegmentedRaftLogWorker: created new log segment /workdir/hadoop-ozone/integration-test/target/test-dir/MiniOzoneClusterImpl-d07e3086-68e0-4340-b24d-43dfb7c1e85c/datanode-3/data/ratis/00df409e-d2bf-40fd-80bf-9f44ed21c98e/current/log_inprogress_0
2019-10-15 08:43:06,246 [a157920a-90c8-4f06-9961-45c06f377a82@group-9F44ED21C98E-SegmentedRaftLogWorker] INFO  segmented.SegmentedRaftLogWorker (SegmentedRaftLogWorker.java:execute(574)) - a157920a-90c8-4f06-9961-45c06f377a82@group-9F44ED21C98E-SegmentedRaftLogWorker: created new log segment /workdir/hadoop-ozone/integration-test/target/test-dir/MiniOzoneClusterImpl-d07e3086-68e0-4340-b24d-43dfb7c1e85c/datanode-2/data/ratis/00df409e-d2bf-40fd-80bf-9f44ed21c98e/current/log_inprogress_0
2019-10-15 08:43:06,641 [main] INFO  ozoneimpl.OzoneContainer (OzoneContainer.java:stop(227)) - Attempting to stop container services.
2019-10-15 08:43:06,641 [main] INFO  impl.RaftServerProxy (RaftServerProxy.java:lambda$close$4(314)) - 77143d31-7a05-49d3-8166-c63e8419bc63: close
2019-10-15 08:43:06,642 [main] INFO  impl.RaftServerImpl (RaftServerImpl.java:lambda$shutdown$3(247)) - 77143d31-7a05-49d3-8166-c63e8419bc63@group-E14AC227B858: shutdown
2019-10-15 08:43:06,643 [ForkJoinPool.commonPool-worker-0] INFO  impl.RaftServerImpl (RaftServerImpl.java:lambda$shutdown$3(247)) - 77143d31-7a05-49d3-8166-c63e8419bc63@group-439AAE1CF691: shutdown
2019-10-15 08:43:06,643 [main] INFO  util.JmxRegister (JmxRegister.java:unregister(73)) - Successfully un-registered JMX Bean with object name Ratis:service=RaftServer,group=group-E14AC227B858,id=77143d31-7a05-49d3-8166-c63e8419bc63
2019-10-15 08:43:06,643 [ForkJoinPool.commonPool-worker-0] INFO  util.JmxRegister (JmxRegister.java:unregister(73)) - Successfully un-registered JMX Bean with object name Ratis:service=RaftServer,group=group-439AAE1CF691,id=77143d31-7a05-49d3-8166-c63e8419bc63
2019-10-15 08:43:06,643 [main] INFO  impl.RoleInfo (RoleInfo.java:shutdownFollowerState(121)) - 77143d31-7a05-49d3-8166-c63e8419bc63: shutdown FollowerState
2019-10-15 08:43:06,644 [ForkJoinPool.commonPool-worker-0] INFO  impl.RoleInfo (RoleInfo.java:shutdownLeaderState(104)) - 77143d31-7a05-49d3-8166-c63e8419bc63: shutdown LeaderState
2019-10-15 08:43:06,644 [Thread-4511] INFO  impl.FollowerState (FollowerState.java:run(117)) - 77143d31-7a05-49d3-8166-c63e8419bc63@group-E14AC227B858-FollowerState was interrupted: java.lang.InterruptedException: sleep interrupted
2019-10-15 08:43:06,644 [main] INFO  impl.StateMachineUpdater (StateMachineUpdater.java:stopAndJoin(136)) - 77143d31-7a05-49d3-8166-c63e8419bc63@group-E14AC227B858-StateMachineUpdater: set stopIndex = 0
2019-10-15 08:43:06,653 [main] INFO  impl.RaftServerImpl (ServerState.java:close(387)) - 77143d31-7a05-49d3-8166-c63e8419bc63@group-E14AC227B858: closes. applyIndex: 0
2019-10-15 08:43:06,652 [org.apache.ratis.server.impl.LogAppender$AppenderDaemon$$Lambda$509/259173747@2480d5b] WARN  server.GrpcLogAppender (GrpcLogAppender.java:mayWait(143)) - 77143d31-7a05-49d3-8166-c63e8419bc63@group-439AAE1CF691->f6d552c9-f983-4597-b4d0-1b438ea21ad8-GrpcLogAppender: Wait interrupted by java.lang.InterruptedException
2019-10-15 08:43:06,652 [ForkJoinPool.commonPool-worker-0] INFO  impl.PendingRequests (PendingRequests.java:sendNotLeaderResponses(202)) - 77143d31-7a05-49d3-8166-c63e8419bc63@group-439AAE1CF691-PendingRequests: sendNotLeaderResponses
2019-10-15 08:43:06,652 [org.apache.ratis.server.impl.LogAppender$AppenderDaemon$$Lambda$509/259173747@58a56a64] WARN  server.GrpcLogAppender (GrpcLogAppender.java:mayWait(143)) - 77143d31-7a05-49d3-8166-c63e8419bc63@group-439AAE1CF691->4c00b829-f7eb-437b-9af3-99601f151fac-GrpcLogAppender: Wait interrupted by java.lang.InterruptedException
2019-10-15 08:43:06,653 [77143d31-7a05-49d3-8166-c63e8419bc63@group-E14AC227B858-SegmentedRaftLogWorker] INFO  segmented.SegmentedRaftLogWorker (SegmentedRaftLogWorker.java:run(316)) - 77143d31-7a05-49d3-8166-c63e8419bc63@group-E14AC227B858-SegmentedRaftLogWorker was interrupted, exiting. There are 0 tasks remaining in the queue.
2019-10-15 08:43:06,673 [grpc-default-executor-7] INFO  server.GrpcServerProtocolService (GrpcServerProtocolService.java:onCompleted(113)) - 4c00b829-f7eb-437b-9af3-99601f151fac: Completed APPEND_ENTRIES, lastRequest: 77143d31-7a05-49d3-8166-c63e8419bc63->4c00b829-f7eb-437b-9af3-99601f151fac#5-t1, previous=(t:1, i:2), leaderCommit=2, initializing? false, entries: <empty>
2019-10-15 08:43:06,673 [grpc-default-executor-1] INFO  server.GrpcServerProtocolService (GrpcServerProtocolService.java:onCompleted(113)) - f6d552c9-f983-4597-b4d0-1b438ea21ad8: Completed APPEND_ENTRIES, lastRequest: 77143d31-7a05-49d3-8166-c63e8419bc63->f6d552c9-f983-4597-b4d0-1b438ea21ad8#5-t1, previous=(t:1, i:2), leaderCommit=2, initializing? false, entries: <empty>
2019-10-15 08:43:06,673 [ForkJoinPool.commonPool-worker-0] INFO  impl.StateMachineUpdater (StateMachineUpdater.java:stopAndJoin(136)) - 77143d31-7a05-49d3-8166-c63e8419bc63@group-439AAE1CF691-StateMachineUpdater: set stopIndex = 2
2019-10-15 08:43:06,678 [grpc-default-executor-1] INFO  server.GrpcLogAppender (GrpcLogAppender.java:onCompleted(293)) - 77143d31-7a05-49d3-8166-c63e8419bc63@group-439AAE1CF691->f6d552c9-f983-4597-b4d0-1b438ea21ad8-AppendLogResponseHandler: follower responses appendEntries COMPLETED
2019-10-15 08:43:06,678 [main] INFO  segmented.SegmentedRaftLogWorker (SegmentedRaftLogWorker.java:close(224)) - 77143d31-7a05-49d3-8166-c63e8419bc63@group-E14AC227B858-SegmentedRaftLogWorker close()
2019-10-15 08:43:06,675 [77143d31-7a05-49d3-8166-c63e8419bc63@group-439AAE1CF691-StateMachineUpdater] INFO  ratis.ContainerStateMachine (ContainerStateMachine.java:takeSnapshot(294)) - group-439AAE1CF691: Taking a snapshot at:(t:1, i:2) file /workdir/hadoop-ozone/integration-test/target/test-dir/MiniOzoneClusterImpl-d07e3086-68e0-4340-b24d-43dfb7c1e85c/datanode-0/data/ratis/0893dc23-fc59-4672-9695-439aae1cf691/sm/snapshot.1_2
2019-10-15 08:43:06,675 [grpc-default-executor-2] INFO  server.GrpcLogAppender (GrpcLogAppender.java:onCompleted(293)) - 77143d31-7a05-49d3-8166-c63e8419bc63@group-439AAE1CF691->4c00b829-f7eb-437b-9af3-99601f151fac-AppendLogResponseHandler: follower responses appendEntries COMPLETED
2019-10-15 08:43:06,686 [main] INFO  impl.RaftServerImpl (RaftServerImpl.java:lambda$shutdown$3(247)) - 77143d31-7a05-49d3-8166-c63e8419bc63@group-05F17421E830: shutdown
2019-10-15 08:43:06,686 [main] INFO  util.JmxRegister (JmxRegister.java:unregister(73)) - Successfully un-registered JMX Bean with object name Ratis:service=RaftServer,group=group-05F17421E830,id=77143d31-7a05-49d3-8166-c63e8419bc63
2019-10-15 08:43:06,687 [main] INFO  impl.RoleInfo (RoleInfo.java:shutdownLeaderState(104)) - 77143d31-7a05-49d3-8166-c63e8419bc63: shutdown LeaderState
2019-10-15 08:43:06,711 [main] INFO  impl.PendingRequests (PendingRequests.java:sendNotLeaderResponses(202)) - 77143d31-7a05-49d3-8166-c63e8419bc63@group-05F17421E830-PendingRequests: sendNotLeaderResponses
2019-10-15 08:43:06,711 [77143d31-7a05-49d3-8166-c63e8419bc63@group-439AAE1CF691-StateMachineUpdater] INFO  ratis.ContainerStateMachine (ContainerStateMachine.java:takeSnapshot(305)) - group-439AAE1CF691: Finished taking a snapshot at:(t:1, i:2) file:/workdir/hadoop-ozone/integration-test/target/test-dir/MiniOzoneClusterImpl-d07e3086-68e0-4340-b24d-43dfb7c1e85c/datanode-0/data/ratis/0893dc23-fc59-4672-9695-439aae1cf691/sm/snapshot.1_2 time:37
2019-10-15 08:43:06,712 [org.apache.ratis.server.impl.LogAppender$AppenderDaemon$$Lambda$509/259173747@75a3c298] WARN  server.GrpcLogAppender (GrpcLogAppender.java:mayWait(143)) - 77143d31-7a05-49d3-8166-c63e8419bc63@group-05F17421E830->f6d552c9-f983-4597-b4d0-1b438ea21ad8-GrpcLogAppender: Wait interrupted by java.lang.InterruptedException
2019-10-15 08:43:06,711 [org.apache.ratis.server.impl.LogAppender$AppenderDaemon$$Lambda$509/259173747@685f845] WARN  server.GrpcLogAppender (GrpcLogAppender.java:mayWait(143)) - 77143d31-7a05-49d3-8166-c63e8419bc63@group-05F17421E830->4c00b829-f7eb-437b-9af3-99601f151fac-GrpcLogAppender: Wait interrupted by java.lang.InterruptedException
2019-10-15 08:43:06,712 [main] INFO  impl.StateMachineUpdater (StateMachineUpdater.java:stopAndJoin(136)) - 77143d31-7a05-49d3-8166-c63e8419bc63@group-05F17421E830-StateMachineUpdater: set stopIndex = 0
2019-10-15 08:43:06,713 [grpc-default-executor-7] INFO  server.GrpcServerProtocolService (GrpcServerProtocolService.java:onCompleted(113)) - f6d552c9-f983-4597-b4d0-1b438ea21ad8: Completed APPEND_ENTRIES, lastRequest: 77143d31-7a05-49d3-8166-c63e8419bc63->f6d552c9-f983-4597-b4d0-1b438ea21ad8#1-t2, previous=(t:0, i:0), leaderCommit=-1, initializing? false, entries: size=1, first=(t:2, i:0), CONFIGURATIONENTRY
2019-10-15 08:43:06,713 [77143d31-7a05-49d3-8166-c63e8419bc63@group-439AAE1CF691-StateMachineUpdater] INFO  impl.StateMachineUpdater (StateMachineUpdater.java:takeSnapshot(269)) - 77143d31-7a05-49d3-8166-c63e8419bc63@group-439AAE1CF691-StateMachineUpdater: Took a snapshot at index 2
2019-10-15 08:43:06,713 [main] INFO  impl.RaftServerImpl (ServerState.java:close(387)) - 77143d31-7a05-49d3-8166-c63e8419bc63@group-05F17421E830: closes. applyIndex: 0
2019-10-15 08:43:06,713 [grpc-default-executor-3] INFO  server.GrpcLogAppender (GrpcLogAppender.java:onCompleted(293)) - 77143d31-7a05-49d3-8166-c63e8419bc63@group-05F17421E830->f6d552c9-f983-4597-b4d0-1b438ea21ad8-AppendLogResponseHandler: follower responses appendEntries COMPLETED
2019-10-15 08:43:06,713 [77143d31-7a05-49d3-8166-c63e8419bc63@group-439AAE1CF691-StateMachineUpdater] INFO  impl.StateMachineUpdater (StateMachineUpdater.java:lambda$new$0(84)) - 77143d31-7a05-49d3-8166-c63e8419bc63@group-439AAE1CF691-StateMachineUpdater: snapshotIndex: updateIncreasingly -1 -> 2
2019-10-15 08:43:06,713 [grpc-default-executor-6] INFO  server.GrpcServerProtocolService (GrpcServerProtocolService.java:onCompleted(113)) - 4c00b829-f7eb-437b-9af3-99601f151fac: Completed APPEND_ENTRIES, lastRequest: 77143d31-7a05-49d3-8166-c63e8419bc63->4c00b829-f7eb-437b-9af3-99601f151fac#1-t2, previous=(t:0, i:0), leaderCommit=-1, initializing? false, entries: size=1, first=(t:2, i:0), CONFIGURATIONENTRY
2019-10-15 08:43:06,714 [77143d31-7a05-49d3-8166-c63e8419bc63@group-05F17421E830-SegmentedRaftLogWorker] INFO  segmented.SegmentedRaftLogWorker (SegmentedRaftLogWorker.java:run(316)) - 77143d31-7a05-49d3-8166-c63e8419bc63@group-05F17421E830-SegmentedRaftLogWorker was interrupted, exiting. There are 0 tasks remaining in the queue.
2019-10-15 08:43:06,718 [main] INFO  segmented.SegmentedRaftLogWorker (SegmentedRaftLogWorker.java:close(224)) - 77143d31-7a05-49d3-8166-c63e8419bc63@group-05F17421E830-SegmentedRaftLogWorker close()
2019-10-15 08:43:06,718 [ForkJoinPool.commonPool-worker-0] INFO  impl.RaftServerImpl (ServerState.java:close(387)) - 77143d31-7a05-49d3-8166-c63e8419bc63@group-439AAE1CF691: closes. applyIndex: 2
2019-10-15 08:43:06,724 [main] INFO  impl.RaftServerImpl (RaftServerImpl.java:lambda$shutdown$3(247)) - 77143d31-7a05-49d3-8166-c63e8419bc63@group-AA8E42070791: shutdown
2019-10-15 08:43:06,718 [grpc-default-executor-6] INFO  server.GrpcLogAppender (GrpcLogAppender.java:onCompleted(293)) - 77143d31-7a05-49d3-8166-c63e8419bc63@group-05F17421E830->4c00b829-f7eb-437b-9af3-99601f151fac-AppendLogResponseHandler: follower responses appendEntries COMPLETED
2019-10-15 08:43:06,724 [main] INFO  util.JmxRegister (JmxRegister.java:unregister(73)) - Successfully un-registered JMX Bean with object name Ratis:service=RaftServer,group=group-AA8E42070791,id=77143d31-7a05-49d3-8166-c63e8419bc63
2019-10-15 08:43:06,725 [main] INFO  impl.RoleInfo (RoleInfo.java:shutdownLeaderState(104)) - 77143d31-7a05-49d3-8166-c63e8419bc63: shutdown LeaderState
2019-10-15 08:43:06,724 [77143d31-7a05-49d3-8166-c63e8419bc63@group-439AAE1CF691-SegmentedRaftLogWorker] INFO  segmented.SegmentedRaftLogWorker (SegmentedRaftLogWorker.java:run(316)) - 77143d31-7a05-49d3-8166-c63e8419bc63@group-439AAE1CF691-SegmentedRaftLogWorker was interrupted, exiting. There are 0 tasks remaining in the queue.
2019-10-15 08:43:06,725 [main] INFO  impl.PendingRequests (PendingRequests.java:sendNotLeaderResponses(202)) - 77143d31-7a05-49d3-8166-c63e8419bc63@group-AA8E42070791-PendingRequests: sendNotLeaderResponses
2019-10-15 08:43:06,728 [ForkJoinPool.commonPool-worker-0] INFO  segmented.SegmentedRaftLogWorker (SegmentedRaftLogWorker.java:close(224)) - 77143d31-7a05-49d3-8166-c63e8419bc63@group-439AAE1CF691-SegmentedRaftLogWorker close()
2019-10-15 08:43:06,729 [main] INFO  impl.StateMachineUpdater (StateMachineUpdater.java:stopAndJoin(136)) - 77143d31-7a05-49d3-8166-c63e8419bc63@group-AA8E42070791-StateMachineUpdater: set stopIndex = 0
2019-10-15 08:43:06,735 [main] INFO  impl.RaftServerImpl (ServerState.java:close(387)) - 77143d31-7a05-49d3-8166-c63e8419bc63@group-AA8E42070791: closes. applyIndex: 0
2019-10-15 08:43:06,734 [ForkJoinPool.commonPool-worker-0] INFO  impl.RaftServerImpl (RaftServerImpl.java:lambda$shutdown$3(247)) - 77143d31-7a05-49d3-8166-c63e8419bc63@group-EDDC828829ED: shutdown
2019-10-15 08:43:06,735 [77143d31-7a05-49d3-8166-c63e8419bc63@group-AA8E42070791-SegmentedRaftLogWorker] INFO  segmented.SegmentedRaftLogWorker (SegmentedRaftLogWorker.java:run(316)) - 77143d31-7a05-49d3-8166-c63e8419bc63@group-AA8E42070791-SegmentedRaftLogWorker was interrupted, exiting. There are 0 tasks remaining in the queue.
2019-10-15 08:43:06,735 [ForkJoinPool.commonPool-worker-0] INFO  util.JmxRegister (JmxRegister.java:unregister(73)) - Successfully un-registered JMX Bean with object name Ratis:service=RaftServer,group=group-EDDC828829ED,id=77143d31-7a05-49d3-8166-c63e8419bc63
2019-10-15 08:43:06,738 [main] INFO  segmented.SegmentedRaftLogWorker (SegmentedRaftLogWorker.java:close(224)) - 77143d31-7a05-49d3-8166-c63e8419bc63@group-AA8E42070791-SegmentedRaftLogWorker close()
2019-10-15 08:43:06,739 [ForkJoinPool.commonPool-worker-0] INFO  impl.RoleInfo (RoleInfo.java:shutdownLeaderState(104)) - 77143d31-7a05-49d3-8166-c63e8419bc63: shutdown LeaderState
2019-10-15 08:43:06,745 [org.apache.ratis.server.impl.LogAppender$AppenderDaemon$$Lambda$509/259173747@38fc9e14] WARN  server.GrpcLogAppender (GrpcLogAppender.java:mayWait(143)) - 77143d31-7a05-49d3-8166-c63e8419bc63@group-EDDC828829ED->4c00b829-f7eb-437b-9af3-99601f151fac-GrpcLogAppender: Wait interrupted by java.lang.InterruptedException
2019-10-15 08:43:06,745 [org.apache.ratis.server.impl.LogAppender$AppenderDaemon$$Lambda$509/259173747@7b141a7d] WARN  server.GrpcLogAppender (GrpcLogAppender.java:mayWait(143)) - 77143d31-7a05-49d3-8166-c63e8419bc63@group-EDDC828829ED->f6d552c9-f983-4597-b4d0-1b438ea21ad8-GrpcLogAppender: Wait interrupted by java.lang.InterruptedException
2019-10-15 08:43:06,745 [ForkJoinPool.commonPool-worker-0] INFO  impl.PendingRequests (PendingRequests.java:sendNotLeaderResponses(202)) - 77143d31-7a05-49d3-8166-c63e8419bc63@group-EDDC828829ED-PendingRequests: sendNotLeaderResponses
2019-10-15 08:43:06,745 [grpc-default-executor-7] INFO  server.GrpcServerProtocolService (GrpcServerProtocolService.java:onCompleted(113)) - 4c00b829-f7eb-437b-9af3-99601f151fac: Completed APPEND_ENTRIES, lastRequest: 77143d31-7a05-49d3-8166-c63e8419bc63->4c00b829-f7eb-437b-9af3-99601f151fac#3-t1, previous=(t:1, i:0), leaderCommit=0, initializing? false, entries: <empty>
2019-10-15 08:43:06,745 [ForkJoinPool.commonPool-worker-0] INFO  impl.StateMachineUpdater (StateMachineUpdater.java:stopAndJoin(136)) - 77143d31-7a05-49d3-8166-c63e8419bc63@group-EDDC828829ED-StateMachineUpdater: set stopIndex = 0
2019-10-15 08:43:06,746 [grpc-default-executor-7] INFO  server.GrpcLogAppender (GrpcLogAppender.java:onCompleted(293)) - 77143d31-7a05-49d3-8166-c63e8419bc63@group-EDDC828829ED->4c00b829-f7eb-437b-9af3-99601f151fac-AppendLogResponseHandler: follower responses appendEntries COMPLETED
2019-10-15 08:43:06,746 [ForkJoinPool.commonPool-worker-0] INFO  impl.RaftServerImpl (ServerState.java:close(387)) - 77143d31-7a05-49d3-8166-c63e8419bc63@group-EDDC828829ED: closes. applyIndex: 0
2019-10-15 08:43:06,746 [grpc-default-executor-9] INFO  server.GrpcServerProtocolService (GrpcServerProtocolService.java:onCompleted(113)) - f6d552c9-f983-4597-b4d0-1b438ea21ad8: Completed APPEND_ENTRIES, lastRequest: 77143d31-7a05-49d3-8166-c63e8419bc63->f6d552c9-f983-4597-b4d0-1b438ea21ad8#3-t1, previous=(t:1, i:0), leaderCommit=0, initializing? false, entries: <empty>
2019-10-15 08:43:06,746 [77143d31-7a05-49d3-8166-c63e8419bc63@group-EDDC828829ED-SegmentedRaftLogWorker] INFO  segmented.SegmentedRaftLogWorker (SegmentedRaftLogWorker.java:run(316)) - 77143d31-7a05-49d3-8166-c63e8419bc63@group-EDDC828829ED-SegmentedRaftLogWorker was interrupted, exiting. There are 0 tasks remaining in the queue.
2019-10-15 08:43:06,749 [ForkJoinPool.commonPool-worker-0] INFO  segmented.SegmentedRaftLogWorker (SegmentedRaftLogWorker.java:close(224)) - 77143d31-7a05-49d3-8166-c63e8419bc63@group-EDDC828829ED-SegmentedRaftLogWorker close()
2019-10-15 08:43:06,749 [grpc-default-executor-9] INFO  server.GrpcLogAppender (GrpcLogAppender.java:onCompleted(293)) - 77143d31-7a05-49d3-8166-c63e8419bc63@group-EDDC828829ED->f6d552c9-f983-4597-b4d0-1b438ea21ad8-AppendLogResponseHandler: follower responses appendEntries COMPLETED
2019-10-15 08:43:06,753 [main] INFO  server.GrpcService (GrpcService.java:closeImpl(164)) - 77143d31-7a05-49d3-8166-c63e8419bc63: shutdown server with port 44002 now
2019-10-15 08:43:06,754 [grpc-default-executor-9] INFO  impl.FollowerInfo (FollowerInfo.java:lambda$new$0(51)) - 77143d31-7a05-49d3-8166-c63e8419bc63@group-EDDC828829ED->f6d552c9-f983-4597-b4d0-1b438ea21ad8: nextIndex: updateUnconditionally 1 -> 0
2019-10-15 08:43:06,753 [grpc-default-executor-1] INFO  impl.FollowerInfo (FollowerInfo.java:lambda$new$0(51)) - 77143d31-7a05-49d3-8166-c63e8419bc63@group-439AAE1CF691->f6d552c9-f983-4597-b4d0-1b438ea21ad8: nextIndex: updateUnconditionally 3 -> 2
2019-10-15 08:43:06,754 [grpc-default-executor-3] INFO  impl.FollowerInfo (FollowerInfo.java:lambda$new$0(51)) - 77143d31-7a05-49d3-8166-c63e8419bc63@group-05F17421E830->f6d552c9-f983-4597-b4d0-1b438ea21ad8: nextIndex: updateUnconditionally 1 -> 0
2019-10-15 08:43:06,754 [grpc-default-executor-2] INFO  impl.FollowerInfo (FollowerInfo.java:lambda$new$0(51)) - 77143d31-7a05-49d3-8166-c63e8419bc63@group-439AAE1CF691->4c00b829-f7eb-437b-9af3-99601f151fac: nextIndex: updateUnconditionally 3 -> 2
2019-10-15 08:43:06,754 [grpc-default-executor-6] INFO  impl.FollowerInfo (FollowerInfo.java:lambda$new$0(51)) - 77143d31-7a05-49d3-8166-c63e8419bc63@group-05F17421E830->4c00b829-f7eb-437b-9af3-99601f151fac: nextIndex: updateUnconditionally 1 -> 0
2019-10-15 08:43:06,754 [grpc-default-executor-7] INFO  impl.FollowerInfo (FollowerInfo.java:lambda$new$0(51)) - 77143d31-7a05-49d3-8166-c63e8419bc63@group-EDDC828829ED->4c00b829-f7eb-437b-9af3-99601f151fac: nextIndex: updateUnconditionally 1 -> 0
2019-10-15 08:43:06,755 [grpc-default-executor-10] WARN  server.GrpcServerProtocolService (LogUtils.java:warn(134)) - 77143d31-7a05-49d3-8166-c63e8419bc63: installSnapshot onError, lastRequest: f6d552c9-f983-4597-b4d0-1b438ea21ad8->77143d31-7a05-49d3-8166-c63e8419bc63#3-t1, previous=(t:1, i:0), leaderCommit=0, initializing? false, entries: <empty>: org.apache.ratis.thirdparty.io.grpc.StatusRuntimeException: CANCELLED: cancelled before receiving half close
2019-10-15 08:43:06,755 [grpc-default-executor-2] WARN  server.GrpcLogAppender (LogUtils.java:warn(134)) - f6d552c9-f983-4597-b4d0-1b438ea21ad8@group-E14AC227B858->77143d31-7a05-49d3-8166-c63e8419bc63-AppendLogResponseHandler: Failed appendEntries: org.apache.ratis.thirdparty.io.grpc.StatusRuntimeException: CANCELLED: HTTP/2 error code: CANCEL
Received Rst Stream
2019-10-15 08:43:06,755 [main] INFO  server.GrpcService (GrpcService.java:closeImpl(172)) - 77143d31-7a05-49d3-8166-c63e8419bc63: shutdown server with port 44002 successfully
2019-10-15 08:43:06,755 [grpc-default-executor-2] INFO  impl.FollowerInfo (FollowerInfo.java:lambda$new$0(51)) - f6d552c9-f983-4597-b4d0-1b438ea21ad8@group-E14AC227B858->77143d31-7a05-49d3-8166-c63e8419bc63: nextIndex: updateUnconditionally 1 -> 0
2019-10-15 08:43:06,757 [refreshUsed-/workdir/hadoop-ozone/integration-test/target/test-dir/MiniOzoneClusterImpl-d07e3086-68e0-4340-b24d-43dfb7c1e85c/datanode-0/data/containers] WARN  fs.CachingGetSpaceUsed (CachingGetSpaceUsed.java:run(183)) - Thread Interrupted waiting to refresh disk information: sleep interrupted
2019-10-15 08:43:06,778 [main] INFO  utils.BackgroundService (BackgroundService.java:shutdown(151)) - Shutting down service BlockDeletingService
2019-10-15 08:43:06,786 [main] INFO  statemachine.DatanodeStateMachine (DatanodeStateMachine.java:stopDaemon(395)) - Ozone container server stopped.
2019-10-15 08:43:06,789 [main] INFO  handler.ContextHandler (ContextHandler.java:doStop(910)) - Stopped o.e.j.w.WebAppContext@2dc39b53{/,null,UNAVAILABLE}{/hddsDatanode}
2019-10-15 08:43:06,790 [main] INFO  server.AbstractConnector (AbstractConnector.java:doStop(318)) - Stopped ServerConnector@45037e16{HTTP/1.1,[http/1.1]}{0.0.0.0:0}
2019-10-15 08:43:06,790 [main] INFO  handler.ContextHandler (ContextHandler.java:doStop(910)) - Stopped o.e.j.s.ServletContextHandler@6a567f7b{/static,jar:file:/home/user/.m2/repository/org/apache/hadoop/hadoop-hdds-container-service/0.5.0-SNAPSHOT/hadoop-hdds-container-service-0.5.0-SNAPSHOT.jar!/webapps/static,UNAVAILABLE}
2019-10-15 08:43:06,790 [main] INFO  handler.ContextHandler (ContextHandler.java:doStop(910)) - Stopped o.e.j.s.ServletContextHandler@5cfed0ba{/logs,file:///workdir/hadoop-ozone/integration-test/target/log,UNAVAILABLE}
2019-10-15 08:43:08,563 [grpc-default-executor-2] WARN  server.GrpcLogAppender (LogUtils.java:warn(134)) - f6d552c9-f983-4597-b4d0-1b438ea21ad8@group-E14AC227B858->77143d31-7a05-49d3-8166-c63e8419bc63-AppendLogResponseHandler: Failed appendEntries: org.apache.ratis.thirdparty.io.grpc.StatusRuntimeException: UNAVAILABLE: io exception
2019-10-15 08:43:08,563 [grpc-default-executor-2] INFO  impl.FollowerInfo (FollowerInfo.java:lambda$new$0(51)) - f6d552c9-f983-4597-b4d0-1b438ea21ad8@group-E14AC227B858->77143d31-7a05-49d3-8166-c63e8419bc63: nextIndex: updateUnconditionally 0 -> 0
2019-10-15 08:43:11,064 [grpc-default-executor-6] WARN  server.GrpcLogAppender (LogUtils.java:warn(134)) - f6d552c9-f983-4597-b4d0-1b438ea21ad8@group-E14AC227B858->77143d31-7a05-49d3-8166-c63e8419bc63-AppendLogResponseHandler: Failed appendEntries: org.apache.ratis.thirdparty.io.grpc.StatusRuntimeException: UNAVAILABLE: io exception
2019-10-15 08:43:11,065 [grpc-default-executor-6] INFO  impl.FollowerInfo (FollowerInfo.java:lambda$new$0(51)) - f6d552c9-f983-4597-b4d0-1b438ea21ad8@group-E14AC227B858->77143d31-7a05-49d3-8166-c63e8419bc63: nextIndex: updateUnconditionally 0 -> 0
2019-10-15 08:43:13,565 [grpc-default-executor-10] WARN  server.GrpcLogAppender (LogUtils.java:warn(134)) - f6d552c9-f983-4597-b4d0-1b438ea21ad8@group-E14AC227B858->77143d31-7a05-49d3-8166-c63e8419bc63-AppendLogResponseHandler: Failed appendEntries: org.apache.ratis.thirdparty.io.grpc.StatusRuntimeException: UNAVAILABLE: io exception
2019-10-15 08:43:13,566 [grpc-default-executor-10] INFO  impl.FollowerInfo (FollowerInfo.java:lambda$new$0(51)) - f6d552c9-f983-4597-b4d0-1b438ea21ad8@group-E14AC227B858->77143d31-7a05-49d3-8166-c63e8419bc63: nextIndex: updateUnconditionally 0 -> 0
2019-10-15 08:43:15,867 [Thread-4461] INFO  impl.FollowerState (FollowerState.java:run(108)) - 4c00b829-f7eb-437b-9af3-99601f151fac@group-439AAE1CF691-FollowerState: change to CANDIDATE, lastRpcTime:9403ms, electionTimeout:5083ms
2019-10-15 08:43:15,868 [Thread-4461] INFO  impl.RoleInfo (RoleInfo.java:shutdownFollowerState(121)) - 4c00b829-f7eb-437b-9af3-99601f151fac: shutdown FollowerState
2019-10-15 08:43:15,868 [Thread-4461] INFO  impl.RaftServerImpl (RaftServerImpl.java:setRole(170)) - 4c00b829-f7eb-437b-9af3-99601f151fac@group-439AAE1CF691: changes role from  FOLLOWER to CANDIDATE at term 1 for changeToCandidate
2019-10-15 08:43:15,868 [Thread-4461] INFO  impl.RoleInfo (RoleInfo.java:updateAndGet(143)) - 4c00b829-f7eb-437b-9af3-99601f151fac: start LeaderElection
2019-10-15 08:43:15,869 [4c00b829-f7eb-437b-9af3-99601f151fac@group-439AAE1CF691-LeaderElection229] INFO  impl.RaftServerImpl (ServerState.java:setLeader(255)) - 4c00b829-f7eb-437b-9af3-99601f151fac@group-439AAE1CF691: change Leader from 77143d31-7a05-49d3-8166-c63e8419bc63 to null at term 1 for initElection
2019-10-15 08:43:15,893 [4c00b829-f7eb-437b-9af3-99601f151fac@group-439AAE1CF691-LeaderElection229] INFO  impl.LeaderElection (LeaderElection.java:askForVotes(178)) - 4c00b829-f7eb-437b-9af3-99601f151fac@group-439AAE1CF691-LeaderElection229: begin an election at term 2 for 0: [f6d552c9-f983-4597-b4d0-1b438ea21ad8:192.168.164.209:37602, 77143d31-7a05-49d3-8166-c63e8419bc63:192.168.164.209:44002, 4c00b829-f7eb-437b-9af3-99601f151fac:192.168.164.209:39950], old=null
2019-10-15 08:43:15,897 [4c00b829-f7eb-437b-9af3-99601f151fac@group-439AAE1CF691-LeaderElection229] INFO  impl.LeaderElection (LogUtils.java:infoOrTrace(149)) - 4c00b829-f7eb-437b-9af3-99601f151fac@group-439AAE1CF691-LeaderElection229 got exception when requesting votes: {}
java.util.concurrent.ExecutionException: org.apache.ratis.thirdparty.io.grpc.StatusRuntimeException: UNAVAILABLE: io exception
	at java.util.concurrent.FutureTask.report(FutureTask.java:122)
	at java.util.concurrent.FutureTask.get(FutureTask.java:192)
	at org.apache.ratis.server.impl.LeaderElection.waitForResults(LeaderElection.java:259)
	at org.apache.ratis.server.impl.LeaderElection.askForVotes(LeaderElection.java:197)
	at org.apache.ratis.server.impl.LeaderElection.run(LeaderElection.java:133)
	at java.lang.Thread.run(Thread.java:748)
Caused by: org.apache.ratis.thirdparty.io.grpc.StatusRuntimeException: UNAVAILABLE: io exception
	at org.apache.ratis.thirdparty.io.grpc.stub.ClientCalls.toStatusRuntimeException(ClientCalls.java:233)
	at org.apache.ratis.thirdparty.io.grpc.stub.ClientCalls.getUnchecked(ClientCalls.java:214)
	at org.apache.ratis.thirdparty.io.grpc.stub.ClientCalls.blockingUnaryCall(ClientCalls.java:139)
	at org.apache.ratis.proto.grpc.RaftServerProtocolServiceGrpc$RaftServerProtocolServiceBlockingStub.requestVote(RaftServerProtocolServiceGrpc.java:265)
	at org.apache.ratis.grpc.server.GrpcServerProtocolClient.requestVote(GrpcServerProtocolClient.java:99)
	at org.apache.ratis.grpc.server.GrpcService.requestVote(GrpcService.java:204)
	at org.apache.ratis.server.impl.LeaderElection.lambda$submitRequests$1(LeaderElection.java:234)
	at java.util.concurrent.FutureTask.run(FutureTask.java:266)
	at java.util.concurrent.Executors$RunnableAdapter.call(Executors.java:511)
	at java.util.concurrent.FutureTask.run(FutureTask.java:266)
	at java.util.concurrent.ThreadPoolExecutor.runWorker(ThreadPoolExecutor.java:1149)
	at java.util.concurrent.ThreadPoolExecutor$Worker.run(ThreadPoolExecutor.java:624)
	... 1 more
Caused by: org.apache.ratis.thirdparty.io.netty.channel.AbstractChannel$AnnotatedConnectException: Connection refused: /192.168.164.209:44002
	at sun.nio.ch.SocketChannelImpl.checkConnect(Native Method)
	at sun.nio.ch.SocketChannelImpl.finishConnect(SocketChannelImpl.java:717)
	at org.apache.ratis.thirdparty.io.netty.channel.socket.nio.NioSocketChannel.doFinishConnect(NioSocketChannel.java:327)
	at org.apache.ratis.thirdparty.io.netty.channel.nio.AbstractNioChannel$AbstractNioUnsafe.finishConnect(AbstractNioChannel.java:340)
	at org.apache.ratis.thirdparty.io.netty.channel.nio.NioEventLoop.processSelectedKey(NioEventLoop.java:632)
	at org.apache.ratis.thirdparty.io.netty.channel.nio.NioEventLoop.processSelectedKeysOptimized(NioEventLoop.java:579)
	at org.apache.ratis.thirdparty.io.netty.channel.nio.NioEventLoop.processSelectedKeys(NioEventLoop.java:496)
	at org.apache.ratis.thirdparty.io.netty.channel.nio.NioEventLoop.run(NioEventLoop.java:458)
	at org.apache.ratis.thirdparty.io.netty.util.concurrent.SingleThreadEventExecutor$5.run(SingleThreadEventExecutor.java:897)
	at org.apache.ratis.thirdparty.io.netty.util.concurrent.FastThreadLocalRunnable.run(FastThreadLocalRunnable.java:30)
	... 1 more
Caused by: java.net.ConnectException: Connection refused
	... 11 more
2019-10-15 08:43:15,898 [grpc-default-executor-6] INFO  impl.RaftServerImpl (ServerState.java:setLeader(255)) - f6d552c9-f983-4597-b4d0-1b438ea21ad8@group-439AAE1CF691: change Leader from 77143d31-7a05-49d3-8166-c63e8419bc63 to null at term 2 for updateCurrentTerm
2019-10-15 08:43:15,899 [grpc-default-executor-6] INFO  impl.RaftServerImpl (RaftServerImpl.java:setRole(170)) - f6d552c9-f983-4597-b4d0-1b438ea21ad8@group-439AAE1CF691: changes role from  FOLLOWER to FOLLOWER at term 2 for recognizeCandidate:4c00b829-f7eb-437b-9af3-99601f151fac
2019-10-15 08:43:15,899 [grpc-default-executor-6] INFO  impl.RoleInfo (RoleInfo.java:shutdownFollowerState(121)) - f6d552c9-f983-4597-b4d0-1b438ea21ad8: shutdown FollowerState
2019-10-15 08:43:15,899 [grpc-default-executor-6] INFO  impl.RoleInfo (RoleInfo.java:updateAndGet(143)) - f6d552c9-f983-4597-b4d0-1b438ea21ad8: start FollowerState
2019-10-15 08:43:15,899 [Thread-4460] INFO  impl.FollowerState (FollowerState.java:run(117)) - f6d552c9-f983-4597-b4d0-1b438ea21ad8@group-439AAE1CF691-FollowerState was interrupted: java.lang.InterruptedException: sleep interrupted
2019-10-15 08:43:15,924 [4c00b829-f7eb-437b-9af3-99601f151fac@group-439AAE1CF691-LeaderElection229] INFO  impl.LeaderElection (LeaderElection.java:logAndReturn(56)) - 4c00b829-f7eb-437b-9af3-99601f151fac@group-439AAE1CF691-LeaderElection229: Election PASSED; received 1 response(s) [4c00b829-f7eb-437b-9af3-99601f151fac<-f6d552c9-f983-4597-b4d0-1b438ea21ad8#0:OK-t2] and 1 exception(s); 4c00b829-f7eb-437b-9af3-99601f151fac@group-439AAE1CF691:t2, leader=null, voted=4c00b829-f7eb-437b-9af3-99601f151fac, raftlog=4c00b829-f7eb-437b-9af3-99601f151fac@group-439AAE1CF691-SegmentedRaftLog:OPENED:c2,f2,i2, conf=0: [f6d552c9-f983-4597-b4d0-1b438ea21ad8:192.168.164.209:37602, 77143d31-7a05-49d3-8166-c63e8419bc63:192.168.164.209:44002, 4c00b829-f7eb-437b-9af3-99601f151fac:192.168.164.209:39950], old=null
2019-10-15 08:43:15,924 [4c00b829-f7eb-437b-9af3-99601f151fac@group-439AAE1CF691-LeaderElection229] INFO  impl.LeaderElection (LogUtils.java:infoOrTrace(149)) -   Exception 0: {}
java.util.concurrent.ExecutionException: org.apache.ratis.thirdparty.io.grpc.StatusRuntimeException: UNAVAILABLE: io exception
	at java.util.concurrent.FutureTask.report(FutureTask.java:122)
	at java.util.concurrent.FutureTask.get(FutureTask.java:192)
	at org.apache.ratis.server.impl.LeaderElection.waitForResults(LeaderElection.java:259)
	at org.apache.ratis.server.impl.LeaderElection.askForVotes(LeaderElection.java:197)
	at org.apache.ratis.server.impl.LeaderElection.run(LeaderElection.java:133)
	at java.lang.Thread.run(Thread.java:748)
Caused by: org.apache.ratis.thirdparty.io.grpc.StatusRuntimeException: UNAVAILABLE: io exception
	at org.apache.ratis.thirdparty.io.grpc.stub.ClientCalls.toStatusRuntimeException(ClientCalls.java:233)
	at org.apache.ratis.thirdparty.io.grpc.stub.ClientCalls.getUnchecked(ClientCalls.java:214)
	at org.apache.ratis.thirdparty.io.grpc.stub.ClientCalls.blockingUnaryCall(ClientCalls.java:139)
	at org.apache.ratis.proto.grpc.RaftServerProtocolServiceGrpc$RaftServerProtocolServiceBlockingStub.requestVote(RaftServerProtocolServiceGrpc.java:265)
	at org.apache.ratis.grpc.server.GrpcServerProtocolClient.requestVote(GrpcServerProtocolClient.java:99)
	at org.apache.ratis.grpc.server.GrpcService.requestVote(GrpcService.java:204)
	at org.apache.ratis.server.impl.LeaderElection.lambda$submitRequests$1(LeaderElection.java:234)
	at java.util.concurrent.FutureTask.run(FutureTask.java:266)
	at java.util.concurrent.Executors$RunnableAdapter.call(Executors.java:511)
	at java.util.concurrent.FutureTask.run(FutureTask.java:266)
	at java.util.concurrent.ThreadPoolExecutor.runWorker(ThreadPoolExecutor.java:1149)
	at java.util.concurrent.ThreadPoolExecutor$Worker.run(ThreadPoolExecutor.java:624)
	... 1 more
Caused by: org.apache.ratis.thirdparty.io.netty.channel.AbstractChannel$AnnotatedConnectException: Connection refused: /192.168.164.209:44002
	at sun.nio.ch.SocketChannelImpl.checkConnect(Native Method)
	at sun.nio.ch.SocketChannelImpl.finishConnect(SocketChannelImpl.java:717)
	at org.apache.ratis.thirdparty.io.netty.channel.socket.nio.NioSocketChannel.doFinishConnect(NioSocketChannel.java:327)
	at org.apache.ratis.thirdparty.io.netty.channel.nio.AbstractNioChannel$AbstractNioUnsafe.finishConnect(AbstractNioChannel.java:340)
	at org.apache.ratis.thirdparty.io.netty.channel.nio.NioEventLoop.processSelectedKey(NioEventLoop.java:632)
	at org.apache.ratis.thirdparty.io.netty.channel.nio.NioEventLoop.processSelectedKeysOptimized(NioEventLoop.java:579)
	at org.apache.ratis.thirdparty.io.netty.channel.nio.NioEventLoop.processSelectedKeys(NioEventLoop.java:496)
	at org.apache.ratis.thirdparty.io.netty.channel.nio.NioEventLoop.run(NioEventLoop.java:458)
	at org.apache.ratis.thirdparty.io.netty.util.concurrent.SingleThreadEventExecutor$5.run(SingleThreadEventExecutor.java:897)
	at org.apache.ratis.thirdparty.io.netty.util.concurrent.FastThreadLocalRunnable.run(FastThreadLocalRunnable.java:30)
	... 1 more
Caused by: java.net.ConnectException: Connection refused
	... 11 more
2019-10-15 08:43:15,925 [4c00b829-f7eb-437b-9af3-99601f151fac@group-439AAE1CF691-LeaderElection229] INFO  impl.RoleInfo (RoleInfo.java:shutdownLeaderElection(134)) - 4c00b829-f7eb-437b-9af3-99601f151fac: shutdown LeaderElection
2019-10-15 08:43:15,925 [4c00b829-f7eb-437b-9af3-99601f151fac@group-439AAE1CF691-LeaderElection229] INFO  impl.RaftServerImpl (RaftServerImpl.java:setRole(170)) - 4c00b829-f7eb-437b-9af3-99601f151fac@group-439AAE1CF691: changes role from CANDIDATE to LEADER at term 2 for changeToLeader
2019-10-15 08:43:15,925 [4c00b829-f7eb-437b-9af3-99601f151fac@group-439AAE1CF691-LeaderElection229] INFO  impl.RaftServerImpl (ServerState.java:setLeader(255)) - 4c00b829-f7eb-437b-9af3-99601f151fac@group-439AAE1CF691: change Leader from null to 4c00b829-f7eb-437b-9af3-99601f151fac at term 2 for becomeLeader, leader elected after 56ms
2019-10-15 08:43:15,925 [4c00b829-f7eb-437b-9af3-99601f151fac@group-439AAE1CF691-LeaderElection229] INFO  server.RaftServerConfigKeys (ConfUtils.java:logGet(43)) - raft.server.staging.catchup.gap = 1000 (default)
2019-10-15 08:43:15,925 [4c00b829-f7eb-437b-9af3-99601f151fac@group-439AAE1CF691-LeaderElection229] INFO  server.RaftServerConfigKeys (ConfUtils.java:logGet(43)) - raft.server.rpc.sleep.time = 25ms (default)
2019-10-15 08:43:15,926 [4c00b829-f7eb-437b-9af3-99601f151fac@group-439AAE1CF691-LeaderElection229] INFO  server.RaftServerConfigKeys (ConfUtils.java:logGet(43)) - raft.server.write.element-limit = 4096 (default)
2019-10-15 08:43:15,926 [4c00b829-f7eb-437b-9af3-99601f151fac@group-439AAE1CF691-LeaderElection229] INFO  server.RaftServerConfigKeys (ConfUtils.java:logGet(43)) - raft.server.watch.timeout = 10s (default)
2019-10-15 08:43:15,926 [4c00b829-f7eb-437b-9af3-99601f151fac@group-439AAE1CF691-LeaderElection229] INFO  server.RaftServerConfigKeys (ConfUtils.java:logGet(43)) - raft.server.watch.timeout.denomination = 1s (default)
2019-10-15 08:43:15,926 [4c00b829-f7eb-437b-9af3-99601f151fac@group-439AAE1CF691-LeaderElection229] INFO  server.RaftServerConfigKeys (ConfUtils.java:logGet(43)) - raft.server.watch.element-limit = 65536 (default)
2019-10-15 08:43:15,929 [4c00b829-f7eb-437b-9af3-99601f151fac@group-439AAE1CF691-LeaderElection229] INFO  server.RaftServerConfigKeys (ConfUtils.java:logGet(43)) - raft.server.log.appender.snapshot.chunk.size.max = 16MB (=16777216) (default)
2019-10-15 08:43:15,929 [4c00b829-f7eb-437b-9af3-99601f151fac@group-439AAE1CF691-LeaderElection229] INFO  server.RaftServerConfigKeys (ConfUtils.java:logGet(43)) - raft.server.log.appender.buffer.byte-limit = 33554432 (custom)
2019-10-15 08:43:15,930 [4c00b829-f7eb-437b-9af3-99601f151fac@group-439AAE1CF691-LeaderElection229] INFO  server.RaftServerConfigKeys (ConfUtils.java:logGet(43)) - raft.server.log.appender.buffer.element-limit = 1 (custom)
2019-10-15 08:43:15,930 [4c00b829-f7eb-437b-9af3-99601f151fac@group-439AAE1CF691-LeaderElection229] INFO  grpc.GrpcConfigKeys$Server (ConfUtils.java:logGet(43)) - raft.grpc.server.leader.outstanding.appends.max = 128 (default)
2019-10-15 08:43:15,930 [4c00b829-f7eb-437b-9af3-99601f151fac@group-439AAE1CF691-LeaderElection229] INFO  server.RaftServerConfigKeys (ConfUtils.java:logGet(43)) - raft.server.rpc.request.timeout = 3000ms (default)
2019-10-15 08:43:15,930 [4c00b829-f7eb-437b-9af3-99601f151fac@group-439AAE1CF691-LeaderElection229] INFO  server.RaftServerConfigKeys (ConfUtils.java:logGet(43)) - raft.server.log.appender.install.snapshot.enabled = false (custom)
2019-10-15 08:43:15,930 [4c00b829-f7eb-437b-9af3-99601f151fac@group-439AAE1CF691-LeaderElection229] INFO  server.RaftServerConfigKeys (ConfUtils.java:logGet(43)) - raft.server.log.appender.snapshot.chunk.size.max = 16MB (=16777216) (default)
2019-10-15 08:43:15,930 [4c00b829-f7eb-437b-9af3-99601f151fac@group-439AAE1CF691-LeaderElection229] INFO  server.RaftServerConfigKeys (ConfUtils.java:logGet(43)) - raft.server.log.appender.buffer.byte-limit = 33554432 (custom)
2019-10-15 08:43:15,931 [4c00b829-f7eb-437b-9af3-99601f151fac@group-439AAE1CF691-LeaderElection229] INFO  server.RaftServerConfigKeys (ConfUtils.java:logGet(43)) - raft.server.log.appender.buffer.element-limit = 1 (custom)
2019-10-15 08:43:15,931 [4c00b829-f7eb-437b-9af3-99601f151fac@group-439AAE1CF691-LeaderElection229] INFO  grpc.GrpcConfigKeys$Server (ConfUtils.java:logGet(43)) - raft.grpc.server.leader.outstanding.appends.max = 128 (default)
2019-10-15 08:43:15,931 [4c00b829-f7eb-437b-9af3-99601f151fac@group-439AAE1CF691-LeaderElection229] INFO  server.RaftServerConfigKeys (ConfUtils.java:logGet(43)) - raft.server.rpc.request.timeout = 3000ms (default)
2019-10-15 08:43:15,931 [4c00b829-f7eb-437b-9af3-99601f151fac@group-439AAE1CF691-LeaderElection229] INFO  server.RaftServerConfigKeys (ConfUtils.java:logGet(43)) - raft.server.log.appender.install.snapshot.enabled = false (custom)
2019-10-15 08:43:15,931 [4c00b829-f7eb-437b-9af3-99601f151fac@group-439AAE1CF691-LeaderElection229] INFO  impl.RoleInfo (RoleInfo.java:updateAndGet(143)) - 4c00b829-f7eb-437b-9af3-99601f151fac: start LeaderState
2019-10-15 08:43:15,932 [4c00b829-f7eb-437b-9af3-99601f151fac@group-439AAE1CF691-LeaderElection229] INFO  segmented.SegmentedRaftLogWorker (SegmentedRaftLogWorker.java:rollLogSegment(390)) - 4c00b829-f7eb-437b-9af3-99601f151fac@group-439AAE1CF691-SegmentedRaftLogWorker: Rolling segment log-0_2 to index:2
2019-10-15 08:43:15,934 [4c00b829-f7eb-437b-9af3-99601f151fac@group-439AAE1CF691-SegmentedRaftLogWorker] INFO  segmented.SegmentedRaftLogWorker (SegmentedRaftLogWorker.java:execute(531)) - 4c00b829-f7eb-437b-9af3-99601f151fac@group-439AAE1CF691-SegmentedRaftLogWorker: Rolled log segment from /workdir/hadoop-ozone/integration-test/target/test-dir/MiniOzoneClusterImpl-d07e3086-68e0-4340-b24d-43dfb7c1e85c/datanode-4/data/ratis/0893dc23-fc59-4672-9695-439aae1cf691/current/log_inprogress_0 to /workdir/hadoop-ozone/integration-test/target/test-dir/MiniOzoneClusterImpl-d07e3086-68e0-4340-b24d-43dfb7c1e85c/datanode-4/data/ratis/0893dc23-fc59-4672-9695-439aae1cf691/current/log_0-2
2019-10-15 08:43:15,934 [4c00b829-f7eb-437b-9af3-99601f151fac@group-439AAE1CF691-LeaderElection229] INFO  impl.RaftServerImpl (ServerState.java:setRaftConf(356)) - 4c00b829-f7eb-437b-9af3-99601f151fac@group-439AAE1CF691: set configuration 3: [f6d552c9-f983-4597-b4d0-1b438ea21ad8:192.168.164.209:37602, 77143d31-7a05-49d3-8166-c63e8419bc63:192.168.164.209:44002, 4c00b829-f7eb-437b-9af3-99601f151fac:192.168.164.209:39950], old=null at 3
2019-10-15 08:43:15,934 [grpc-default-executor-6] WARN  server.GrpcLogAppender (LogUtils.java:warn(134)) - 4c00b829-f7eb-437b-9af3-99601f151fac@group-439AAE1CF691->77143d31-7a05-49d3-8166-c63e8419bc63-AppendLogResponseHandler: Failed appendEntries: org.apache.ratis.thirdparty.io.grpc.StatusRuntimeException: UNAVAILABLE: io exception
2019-10-15 08:43:15,935 [grpc-default-executor-6] INFO  impl.FollowerInfo (FollowerInfo.java:lambda$new$0(51)) - 4c00b829-f7eb-437b-9af3-99601f151fac@group-439AAE1CF691->77143d31-7a05-49d3-8166-c63e8419bc63: nextIndex: updateUnconditionally 3 -> 1
2019-10-15 08:43:15,935 [grpc-default-executor-2] INFO  impl.RaftServerImpl (ServerState.java:setLeader(255)) - f6d552c9-f983-4597-b4d0-1b438ea21ad8@group-439AAE1CF691: change Leader from null to 4c00b829-f7eb-437b-9af3-99601f151fac at term 2 for appendEntries, leader elected after 37ms
2019-10-15 08:43:15,939 [grpc-default-executor-2] INFO  impl.RaftServerImpl (ServerState.java:setRaftConf(356)) - f6d552c9-f983-4597-b4d0-1b438ea21ad8@group-439AAE1CF691: set configuration 3: [f6d552c9-f983-4597-b4d0-1b438ea21ad8:192.168.164.209:37602, 77143d31-7a05-49d3-8166-c63e8419bc63:192.168.164.209:44002, 4c00b829-f7eb-437b-9af3-99601f151fac:192.168.164.209:39950], old=null at 3
2019-10-15 08:43:15,939 [grpc-default-executor-2] INFO  segmented.SegmentedRaftLogWorker (SegmentedRaftLogWorker.java:rollLogSegment(390)) - f6d552c9-f983-4597-b4d0-1b438ea21ad8@group-439AAE1CF691-SegmentedRaftLogWorker: Rolling segment log-0_2 to index:2
2019-10-15 08:43:15,940 [f6d552c9-f983-4597-b4d0-1b438ea21ad8@group-439AAE1CF691-SegmentedRaftLogWorker] INFO  segmented.SegmentedRaftLogWorker (SegmentedRaftLogWorker.java:execute(531)) - f6d552c9-f983-4597-b4d0-1b438ea21ad8@group-439AAE1CF691-SegmentedRaftLogWorker: Rolled log segment from /workdir/hadoop-ozone/integration-test/target/test-dir/MiniOzoneClusterImpl-d07e3086-68e0-4340-b24d-43dfb7c1e85c/datanode-5/data/ratis/0893dc23-fc59-4672-9695-439aae1cf691/current/log_inprogress_0 to /workdir/hadoop-ozone/integration-test/target/test-dir/MiniOzoneClusterImpl-d07e3086-68e0-4340-b24d-43dfb7c1e85c/datanode-5/data/ratis/0893dc23-fc59-4672-9695-439aae1cf691/current/log_0-2
2019-10-15 08:43:15,989 [f6d552c9-f983-4597-b4d0-1b438ea21ad8@group-439AAE1CF691-SegmentedRaftLogWorker] INFO  segmented.SegmentedRaftLogWorker (SegmentedRaftLogWorker.java:execute(574)) - f6d552c9-f983-4597-b4d0-1b438ea21ad8@group-439AAE1CF691-SegmentedRaftLogWorker: created new log segment /workdir/hadoop-ozone/integration-test/target/test-dir/MiniOzoneClusterImpl-d07e3086-68e0-4340-b24d-43dfb7c1e85c/datanode-5/data/ratis/0893dc23-fc59-4672-9695-439aae1cf691/current/log_inprogress_3
2019-10-15 08:43:15,989 [4c00b829-f7eb-437b-9af3-99601f151fac@group-439AAE1CF691-SegmentedRaftLogWorker] INFO  segmented.SegmentedRaftLogWorker (SegmentedRaftLogWorker.java:execute(574)) - 4c00b829-f7eb-437b-9af3-99601f151fac@group-439AAE1CF691-SegmentedRaftLogWorker: created new log segment /workdir/hadoop-ozone/integration-test/target/test-dir/MiniOzoneClusterImpl-d07e3086-68e0-4340-b24d-43dfb7c1e85c/datanode-4/data/ratis/0893dc23-fc59-4672-9695-439aae1cf691/current/log_inprogress_3
2019-10-15 08:43:15,998 [Thread-4605] INFO  impl.FollowerState (FollowerState.java:run(108)) - 4c00b829-f7eb-437b-9af3-99601f151fac@group-05F17421E830-FollowerState: change to CANDIDATE, lastRpcTime:10006ms, electionTimeout:5038ms
2019-10-15 08:43:15,998 [Thread-4605] INFO  impl.RoleInfo (RoleInfo.java:shutdownFollowerState(121)) - 4c00b829-f7eb-437b-9af3-99601f151fac: shutdown FollowerState
2019-10-15 08:43:15,999 [Thread-4605] INFO  impl.RaftServerImpl (RaftServerImpl.java:setRole(170)) - 4c00b829-f7eb-437b-9af3-99601f151fac@group-05F17421E830: changes role from  FOLLOWER to CANDIDATE at term 2 for changeToCandidate
2019-10-15 08:43:15,999 [Thread-4605] INFO  impl.RoleInfo (RoleInfo.java:updateAndGet(143)) - 4c00b829-f7eb-437b-9af3-99601f151fac: start LeaderElection
2019-10-15 08:43:15,999 [4c00b829-f7eb-437b-9af3-99601f151fac@group-05F17421E830-LeaderElection230] INFO  impl.RaftServerImpl (ServerState.java:setLeader(255)) - 4c00b829-f7eb-437b-9af3-99601f151fac@group-05F17421E830: change Leader from 77143d31-7a05-49d3-8166-c63e8419bc63 to null at term 2 for initElection
2019-10-15 08:43:16,006 [grpc-default-executor-10] WARN  server.GrpcLogAppender (LogUtils.java:warn(134)) - 4c00b829-f7eb-437b-9af3-99601f151fac@group-439AAE1CF691->77143d31-7a05-49d3-8166-c63e8419bc63-AppendLogResponseHandler: Failed appendEntries: org.apache.ratis.thirdparty.io.grpc.StatusRuntimeException: UNAVAILABLE: io exception
2019-10-15 08:43:16,006 [grpc-default-executor-10] INFO  impl.FollowerInfo (FollowerInfo.java:lambda$new$0(51)) - 4c00b829-f7eb-437b-9af3-99601f151fac@group-439AAE1CF691->77143d31-7a05-49d3-8166-c63e8419bc63: nextIndex: updateUnconditionally 2 -> 1
2019-10-15 08:43:16,012 [4c00b829-f7eb-437b-9af3-99601f151fac@group-05F17421E830-LeaderElection230] INFO  impl.LeaderElection (LeaderElection.java:askForVotes(178)) - 4c00b829-f7eb-437b-9af3-99601f151fac@group-05F17421E830-LeaderElection230: begin an election at term 3 for 0: [f6d552c9-f983-4597-b4d0-1b438ea21ad8:192.168.164.209:37602, 77143d31-7a05-49d3-8166-c63e8419bc63:192.168.164.209:44002, 4c00b829-f7eb-437b-9af3-99601f151fac:192.168.164.209:39950], old=null
2019-10-15 08:43:16,014 [4c00b829-f7eb-437b-9af3-99601f151fac@group-05F17421E830-LeaderElection230] INFO  impl.LeaderElection (LogUtils.java:infoOrTrace(149)) - 4c00b829-f7eb-437b-9af3-99601f151fac@group-05F17421E830-LeaderElection230 got exception when requesting votes: {}
java.util.concurrent.ExecutionException: org.apache.ratis.thirdparty.io.grpc.StatusRuntimeException: UNAVAILABLE: io exception
	at java.util.concurrent.FutureTask.report(FutureTask.java:122)
	at java.util.concurrent.FutureTask.get(FutureTask.java:192)
	at org.apache.ratis.server.impl.LeaderElection.waitForResults(LeaderElection.java:259)
	at org.apache.ratis.server.impl.LeaderElection.askForVotes(LeaderElection.java:197)
	at org.apache.ratis.server.impl.LeaderElection.run(LeaderElection.java:133)
	at java.lang.Thread.run(Thread.java:748)
Caused by: org.apache.ratis.thirdparty.io.grpc.StatusRuntimeException: UNAVAILABLE: io exception
	at org.apache.ratis.thirdparty.io.grpc.stub.ClientCalls.toStatusRuntimeException(ClientCalls.java:233)
	at org.apache.ratis.thirdparty.io.grpc.stub.ClientCalls.getUnchecked(ClientCalls.java:214)
	at org.apache.ratis.thirdparty.io.grpc.stub.ClientCalls.blockingUnaryCall(ClientCalls.java:139)
	at org.apache.ratis.proto.grpc.RaftServerProtocolServiceGrpc$RaftServerProtocolServiceBlockingStub.requestVote(RaftServerProtocolServiceGrpc.java:265)
	at org.apache.ratis.grpc.server.GrpcServerProtocolClient.requestVote(GrpcServerProtocolClient.java:99)
	at org.apache.ratis.grpc.server.GrpcService.requestVote(GrpcService.java:204)
	at org.apache.ratis.server.impl.LeaderElection.lambda$submitRequests$1(LeaderElection.java:234)
	at java.util.concurrent.FutureTask.run(FutureTask.java:266)
	at java.util.concurrent.Executors$RunnableAdapter.call(Executors.java:511)
	at java.util.concurrent.FutureTask.run(FutureTask.java:266)
	at java.util.concurrent.ThreadPoolExecutor.runWorker(ThreadPoolExecutor.java:1149)
	at java.util.concurrent.ThreadPoolExecutor$Worker.run(ThreadPoolExecutor.java:624)
	... 1 more
Caused by: org.apache.ratis.thirdparty.io.netty.channel.AbstractChannel$AnnotatedConnectException: Connection refused: /192.168.164.209:44002
	at sun.nio.ch.SocketChannelImpl.checkConnect(Native Method)
	at sun.nio.ch.SocketChannelImpl.finishConnect(SocketChannelImpl.java:717)
	at org.apache.ratis.thirdparty.io.netty.channel.socket.nio.NioSocketChannel.doFinishConnect(NioSocketChannel.java:327)
	at org.apache.ratis.thirdparty.io.netty.channel.nio.AbstractNioChannel$AbstractNioUnsafe.finishConnect(AbstractNioChannel.java:340)
	at org.apache.ratis.thirdparty.io.netty.channel.nio.NioEventLoop.processSelectedKey(NioEventLoop.java:632)
	at org.apache.ratis.thirdparty.io.netty.channel.nio.NioEventLoop.processSelectedKeysOptimized(NioEventLoop.java:579)
	at org.apache.ratis.thirdparty.io.netty.channel.nio.NioEventLoop.processSelectedKeys(NioEventLoop.java:496)
	at org.apache.ratis.thirdparty.io.netty.channel.nio.NioEventLoop.run(NioEventLoop.java:458)
	at org.apache.ratis.thirdparty.io.netty.util.concurrent.SingleThreadEventExecutor$5.run(SingleThreadEventExecutor.java:897)
	at org.apache.ratis.thirdparty.io.netty.util.concurrent.FastThreadLocalRunnable.run(FastThreadLocalRunnable.java:30)
	... 1 more
Caused by: java.net.ConnectException: Connection refused
	... 11 more
2019-10-15 08:43:16,014 [grpc-default-executor-10] INFO  impl.RaftServerImpl (ServerState.java:setLeader(255)) - f6d552c9-f983-4597-b4d0-1b438ea21ad8@group-05F17421E830: change Leader from 77143d31-7a05-49d3-8166-c63e8419bc63 to null at term 3 for updateCurrentTerm
2019-10-15 08:43:16,014 [grpc-default-executor-10] INFO  impl.RaftServerImpl (RaftServerImpl.java:setRole(170)) - f6d552c9-f983-4597-b4d0-1b438ea21ad8@group-05F17421E830: changes role from  FOLLOWER to FOLLOWER at term 3 for recognizeCandidate:4c00b829-f7eb-437b-9af3-99601f151fac
2019-10-15 08:43:16,014 [grpc-default-executor-10] INFO  impl.RoleInfo (RoleInfo.java:shutdownFollowerState(121)) - f6d552c9-f983-4597-b4d0-1b438ea21ad8: shutdown FollowerState
2019-10-15 08:43:16,014 [grpc-default-executor-10] INFO  impl.RoleInfo (RoleInfo.java:updateAndGet(143)) - f6d552c9-f983-4597-b4d0-1b438ea21ad8: start FollowerState
2019-10-15 08:43:16,015 [Thread-4602] INFO  impl.FollowerState (FollowerState.java:run(117)) - f6d552c9-f983-4597-b4d0-1b438ea21ad8@group-05F17421E830-FollowerState was interrupted: java.lang.InterruptedException: sleep interrupted
2019-10-15 08:43:16,026 [grpc-default-executor-6] WARN  server.GrpcLogAppender (LogUtils.java:warn(134)) - 4c00b829-f7eb-437b-9af3-99601f151fac@group-439AAE1CF691->77143d31-7a05-49d3-8166-c63e8419bc63-AppendLogResponseHandler: Failed appendEntries: org.apache.ratis.thirdparty.io.grpc.StatusRuntimeException: UNAVAILABLE: io exception
2019-10-15 08:43:16,026 [grpc-default-executor-6] INFO  impl.FollowerInfo (FollowerInfo.java:lambda$new$0(51)) - 4c00b829-f7eb-437b-9af3-99601f151fac@group-439AAE1CF691->77143d31-7a05-49d3-8166-c63e8419bc63: nextIndex: updateUnconditionally 2 -> 1
2019-10-15 08:43:16,035 [4c00b829-f7eb-437b-9af3-99601f151fac@group-05F17421E830-LeaderElection230] INFO  impl.LeaderElection (LeaderElection.java:logAndReturn(56)) - 4c00b829-f7eb-437b-9af3-99601f151fac@group-05F17421E830-LeaderElection230: Election PASSED; received 1 response(s) [4c00b829-f7eb-437b-9af3-99601f151fac<-f6d552c9-f983-4597-b4d0-1b438ea21ad8#0:OK-t3] and 1 exception(s); 4c00b829-f7eb-437b-9af3-99601f151fac@group-05F17421E830:t3, leader=null, voted=4c00b829-f7eb-437b-9af3-99601f151fac, raftlog=4c00b829-f7eb-437b-9af3-99601f151fac@group-05F17421E830-SegmentedRaftLog:OPENED:c-1,f0,i0, conf=0: [f6d552c9-f983-4597-b4d0-1b438ea21ad8:192.168.164.209:37602, 77143d31-7a05-49d3-8166-c63e8419bc63:192.168.164.209:44002, 4c00b829-f7eb-437b-9af3-99601f151fac:192.168.164.209:39950], old=null
2019-10-15 08:43:16,035 [4c00b829-f7eb-437b-9af3-99601f151fac@group-05F17421E830-LeaderElection230] INFO  impl.LeaderElection (LogUtils.java:infoOrTrace(149)) -   Exception 0: {}
java.util.concurrent.ExecutionException: org.apache.ratis.thirdparty.io.grpc.StatusRuntimeException: UNAVAILABLE: io exception
	at java.util.concurrent.FutureTask.report(FutureTask.java:122)
	at java.util.concurrent.FutureTask.get(FutureTask.java:192)
	at org.apache.ratis.server.impl.LeaderElection.waitForResults(LeaderElection.java:259)
	at org.apache.ratis.server.impl.LeaderElection.askForVotes(LeaderElection.java:197)
	at org.apache.ratis.server.impl.LeaderElection.run(LeaderElection.java:133)
	at java.lang.Thread.run(Thread.java:748)
Caused by: org.apache.ratis.thirdparty.io.grpc.StatusRuntimeException: UNAVAILABLE: io exception
	at org.apache.ratis.thirdparty.io.grpc.stub.ClientCalls.toStatusRuntimeException(ClientCalls.java:233)
	at org.apache.ratis.thirdparty.io.grpc.stub.ClientCalls.getUnchecked(ClientCalls.java:214)
	at org.apache.ratis.thirdparty.io.grpc.stub.ClientCalls.blockingUnaryCall(ClientCalls.java:139)
	at org.apache.ratis.proto.grpc.RaftServerProtocolServiceGrpc$RaftServerProtocolServiceBlockingStub.requestVote(RaftServerProtocolServiceGrpc.java:265)
	at org.apache.ratis.grpc.server.GrpcServerProtocolClient.requestVote(GrpcServerProtocolClient.java:99)
	at org.apache.ratis.grpc.server.GrpcService.requestVote(GrpcService.java:204)
	at org.apache.ratis.server.impl.LeaderElection.lambda$submitRequests$1(LeaderElection.java:234)
	at java.util.concurrent.FutureTask.run(FutureTask.java:266)
	at java.util.concurrent.Executors$RunnableAdapter.call(Executors.java:511)
	at java.util.concurrent.FutureTask.run(FutureTask.java:266)
	at java.util.concurrent.ThreadPoolExecutor.runWorker(ThreadPoolExecutor.java:1149)
	at java.util.concurrent.ThreadPoolExecutor$Worker.run(ThreadPoolExecutor.java:624)
	... 1 more
Caused by: org.apache.ratis.thirdparty.io.netty.channel.AbstractChannel$AnnotatedConnectException: Connection refused: /192.168.164.209:44002
	at sun.nio.ch.SocketChannelImpl.checkConnect(Native Method)
	at sun.nio.ch.SocketChannelImpl.finishConnect(SocketChannelImpl.java:717)
	at org.apache.ratis.thirdparty.io.netty.channel.socket.nio.NioSocketChannel.doFinishConnect(NioSocketChannel.java:327)
	at org.apache.ratis.thirdparty.io.netty.channel.nio.AbstractNioChannel$AbstractNioUnsafe.finishConnect(AbstractNioChannel.java:340)
	at org.apache.ratis.thirdparty.io.netty.channel.nio.NioEventLoop.processSelectedKey(NioEventLoop.java:632)
	at org.apache.ratis.thirdparty.io.netty.channel.nio.NioEventLoop.processSelectedKeysOptimized(NioEventLoop.java:579)
	at org.apache.ratis.thirdparty.io.netty.channel.nio.NioEventLoop.processSelectedKeys(NioEventLoop.java:496)
	at org.apache.ratis.thirdparty.io.netty.channel.nio.NioEventLoop.run(NioEventLoop.java:458)
	at org.apache.ratis.thirdparty.io.netty.util.concurrent.SingleThreadEventExecutor$5.run(SingleThreadEventExecutor.java:897)
	at org.apache.ratis.thirdparty.io.netty.util.concurrent.FastThreadLocalRunnable.run(FastThreadLocalRunnable.java:30)
	... 1 more
Caused by: java.net.ConnectException: Connection refused
	... 11 more
2019-10-15 08:43:16,035 [4c00b829-f7eb-437b-9af3-99601f151fac@group-05F17421E830-LeaderElection230] INFO  impl.RoleInfo (RoleInfo.java:shutdownLeaderElection(134)) - 4c00b829-f7eb-437b-9af3-99601f151fac: shutdown LeaderElection
2019-10-15 08:43:16,035 [4c00b829-f7eb-437b-9af3-99601f151fac@group-05F17421E830-LeaderElection230] INFO  impl.RaftServerImpl (RaftServerImpl.java:setRole(170)) - 4c00b829-f7eb-437b-9af3-99601f151fac@group-05F17421E830: changes role from CANDIDATE to LEADER at term 3 for changeToLeader
2019-10-15 08:43:16,035 [4c00b829-f7eb-437b-9af3-99601f151fac@group-05F17421E830-LeaderElection230] INFO  impl.RaftServerImpl (ServerState.java:setLeader(255)) - 4c00b829-f7eb-437b-9af3-99601f151fac@group-05F17421E830: change Leader from null to 4c00b829-f7eb-437b-9af3-99601f151fac at term 3 for becomeLeader, leader elected after 36ms
2019-10-15 08:43:16,036 [4c00b829-f7eb-437b-9af3-99601f151fac@group-05F17421E830-LeaderElection230] INFO  server.RaftServerConfigKeys (ConfUtils.java:logGet(43)) - raft.server.staging.catchup.gap = 1000 (default)
2019-10-15 08:43:16,036 [4c00b829-f7eb-437b-9af3-99601f151fac@group-05F17421E830-LeaderElection230] INFO  server.RaftServerConfigKeys (ConfUtils.java:logGet(43)) - raft.server.rpc.sleep.time = 25ms (default)
2019-10-15 08:43:16,036 [4c00b829-f7eb-437b-9af3-99601f151fac@group-05F17421E830-LeaderElection230] INFO  server.RaftServerConfigKeys (ConfUtils.java:logGet(43)) - raft.server.write.element-limit = 4096 (default)
2019-10-15 08:43:16,036 [4c00b829-f7eb-437b-9af3-99601f151fac@group-05F17421E830-LeaderElection230] INFO  server.RaftServerConfigKeys (ConfUtils.java:logGet(43)) - raft.server.watch.timeout = 10s (default)
2019-10-15 08:43:16,036 [4c00b829-f7eb-437b-9af3-99601f151fac@group-05F17421E830-LeaderElection230] INFO  server.RaftServerConfigKeys (ConfUtils.java:logGet(43)) - raft.server.watch.timeout.denomination = 1s (default)
2019-10-15 08:43:16,036 [4c00b829-f7eb-437b-9af3-99601f151fac@group-05F17421E830-LeaderElection230] INFO  server.RaftServerConfigKeys (ConfUtils.java:logGet(43)) - raft.server.watch.element-limit = 65536 (default)
2019-10-15 08:43:16,038 [4c00b829-f7eb-437b-9af3-99601f151fac@group-05F17421E830-LeaderElection230] INFO  server.RaftServerConfigKeys (ConfUtils.java:logGet(43)) - raft.server.log.appender.snapshot.chunk.size.max = 16MB (=16777216) (default)
2019-10-15 08:43:16,038 [4c00b829-f7eb-437b-9af3-99601f151fac@group-05F17421E830-LeaderElection230] INFO  server.RaftServerConfigKeys (ConfUtils.java:logGet(43)) - raft.server.log.appender.buffer.byte-limit = 33554432 (custom)
2019-10-15 08:43:16,038 [4c00b829-f7eb-437b-9af3-99601f151fac@group-05F17421E830-LeaderElection230] INFO  server.RaftServerConfigKeys (ConfUtils.java:logGet(43)) - raft.server.log.appender.buffer.element-limit = 1 (custom)
2019-10-15 08:43:16,038 [4c00b829-f7eb-437b-9af3-99601f151fac@group-05F17421E830-LeaderElection230] INFO  grpc.GrpcConfigKeys$Server (ConfUtils.java:logGet(43)) - raft.grpc.server.leader.outstanding.appends.max = 128 (default)
2019-10-15 08:43:16,038 [4c00b829-f7eb-437b-9af3-99601f151fac@group-05F17421E830-LeaderElection230] INFO  server.RaftServerConfigKeys (ConfUtils.java:logGet(43)) - raft.server.rpc.request.timeout = 3000ms (default)
2019-10-15 08:43:16,039 [4c00b829-f7eb-437b-9af3-99601f151fac@group-05F17421E830-LeaderElection230] INFO  server.RaftServerConfigKeys (ConfUtils.java:logGet(43)) - raft.server.log.appender.install.snapshot.enabled = false (custom)
2019-10-15 08:43:16,039 [4c00b829-f7eb-437b-9af3-99601f151fac@group-05F17421E830-LeaderElection230] INFO  server.RaftServerConfigKeys (ConfUtils.java:logGet(43)) - raft.server.log.appender.snapshot.chunk.size.max = 16MB (=16777216) (default)
2019-10-15 08:43:16,039 [4c00b829-f7eb-437b-9af3-99601f151fac@group-05F17421E830-LeaderElection230] INFO  server.RaftServerConfigKeys (ConfUtils.java:logGet(43)) - raft.server.log.appender.buffer.byte-limit = 33554432 (custom)
2019-10-15 08:43:16,039 [4c00b829-f7eb-437b-9af3-99601f151fac@group-05F17421E830-LeaderElection230] INFO  server.RaftServerConfigKeys (ConfUtils.java:logGet(43)) - raft.server.log.appender.buffer.element-limit = 1 (custom)
2019-10-15 08:43:16,039 [4c00b829-f7eb-437b-9af3-99601f151fac@group-05F17421E830-LeaderElection230] INFO  grpc.GrpcConfigKeys$Server (ConfUtils.java:logGet(43)) - raft.grpc.server.leader.outstanding.appends.max = 128 (default)
2019-10-15 08:43:16,039 [4c00b829-f7eb-437b-9af3-99601f151fac@group-05F17421E830-LeaderElection230] INFO  server.RaftServerConfigKeys (ConfUtils.java:logGet(43)) - raft.server.rpc.request.timeout = 3000ms (default)
2019-10-15 08:43:16,040 [4c00b829-f7eb-437b-9af3-99601f151fac@group-05F17421E830-LeaderElection230] INFO  server.RaftServerConfigKeys (ConfUtils.java:logGet(43)) - raft.server.log.appender.install.snapshot.enabled = false (custom)
2019-10-15 08:43:16,040 [4c00b829-f7eb-437b-9af3-99601f151fac@group-05F17421E830-LeaderElection230] INFO  impl.RoleInfo (RoleInfo.java:updateAndGet(143)) - 4c00b829-f7eb-437b-9af3-99601f151fac: start LeaderState
2019-10-15 08:43:16,040 [4c00b829-f7eb-437b-9af3-99601f151fac@group-05F17421E830-LeaderElection230] INFO  segmented.SegmentedRaftLogWorker (SegmentedRaftLogWorker.java:rollLogSegment(390)) - 4c00b829-f7eb-437b-9af3-99601f151fac@group-05F17421E830-SegmentedRaftLogWorker: Rolling segment log-0_0 to index:0
2019-10-15 08:43:16,041 [4c00b829-f7eb-437b-9af3-99601f151fac@group-05F17421E830-SegmentedRaftLogWorker] INFO  segmented.SegmentedRaftLogWorker (SegmentedRaftLogWorker.java:execute(531)) - 4c00b829-f7eb-437b-9af3-99601f151fac@group-05F17421E830-SegmentedRaftLogWorker: Rolled log segment from /workdir/hadoop-ozone/integration-test/target/test-dir/MiniOzoneClusterImpl-d07e3086-68e0-4340-b24d-43dfb7c1e85c/datanode-4/data/ratis/a7a65855-40ac-4a65-9f8c-05f17421e830/current/log_inprogress_0 to /workdir/hadoop-ozone/integration-test/target/test-dir/MiniOzoneClusterImpl-d07e3086-68e0-4340-b24d-43dfb7c1e85c/datanode-4/data/ratis/a7a65855-40ac-4a65-9f8c-05f17421e830/current/log_0-0
2019-10-15 08:43:16,041 [4c00b829-f7eb-437b-9af3-99601f151fac@group-05F17421E830-LeaderElection230] INFO  impl.RaftServerImpl (ServerState.java:setRaftConf(356)) - 4c00b829-f7eb-437b-9af3-99601f151fac@group-05F17421E830: set configuration 1: [f6d552c9-f983-4597-b4d0-1b438ea21ad8:192.168.164.209:37602, 77143d31-7a05-49d3-8166-c63e8419bc63:192.168.164.209:44002, 4c00b829-f7eb-437b-9af3-99601f151fac:192.168.164.209:39950], old=null at 1
2019-10-15 08:43:16,078 [Thread-4488] INFO  impl.FollowerState (FollowerState.java:run(108)) - f6d552c9-f983-4597-b4d0-1b438ea21ad8@group-EDDC828829ED-FollowerState: change to CANDIDATE, lastRpcTime:10139ms, electionTimeout:5138ms
2019-10-15 08:43:16,078 [Thread-4488] INFO  impl.RoleInfo (RoleInfo.java:shutdownFollowerState(121)) - f6d552c9-f983-4597-b4d0-1b438ea21ad8: shutdown FollowerState
2019-10-15 08:43:16,079 [Thread-4488] INFO  impl.RaftServerImpl (RaftServerImpl.java:setRole(170)) - f6d552c9-f983-4597-b4d0-1b438ea21ad8@group-EDDC828829ED: changes role from  FOLLOWER to CANDIDATE at term 1 for changeToCandidate
2019-10-15 08:43:16,079 [Thread-4488] INFO  impl.RoleInfo (RoleInfo.java:updateAndGet(143)) - f6d552c9-f983-4597-b4d0-1b438ea21ad8: start LeaderElection
2019-10-15 08:43:16,079 [grpc-default-executor-10] INFO  impl.RaftServerImpl (ServerState.java:setLeader(255)) - f6d552c9-f983-4597-b4d0-1b438ea21ad8@group-05F17421E830: change Leader from null to 4c00b829-f7eb-437b-9af3-99601f151fac at term 3 for appendEntries, leader elected after 65ms
2019-10-15 08:43:16,079 [grpc-default-executor-6] WARN  server.GrpcLogAppender (LogUtils.java:warn(134)) - 4c00b829-f7eb-437b-9af3-99601f151fac@group-05F17421E830->77143d31-7a05-49d3-8166-c63e8419bc63-AppendLogResponseHandler: Failed appendEntries: org.apache.ratis.thirdparty.io.grpc.StatusRuntimeException: UNAVAILABLE: io exception
2019-10-15 08:43:16,080 [f6d552c9-f983-4597-b4d0-1b438ea21ad8@group-EDDC828829ED-LeaderElection231] INFO  impl.RaftServerImpl (ServerState.java:setLeader(255)) - f6d552c9-f983-4597-b4d0-1b438ea21ad8@group-EDDC828829ED: change Leader from 77143d31-7a05-49d3-8166-c63e8419bc63 to null at term 1 for initElection
2019-10-15 08:43:16,080 [grpc-default-executor-6] INFO  impl.FollowerInfo (FollowerInfo.java:lambda$new$0(51)) - 4c00b829-f7eb-437b-9af3-99601f151fac@group-05F17421E830->77143d31-7a05-49d3-8166-c63e8419bc63: nextIndex: updateUnconditionally 1 -> 0
2019-10-15 08:43:16,080 [grpc-default-executor-2] WARN  server.GrpcLogAppender (LogUtils.java:warn(134)) - f6d552c9-f983-4597-b4d0-1b438ea21ad8@group-E14AC227B858->77143d31-7a05-49d3-8166-c63e8419bc63-AppendLogResponseHandler: Failed appendEntries: org.apache.ratis.thirdparty.io.grpc.StatusRuntimeException: UNAVAILABLE: io exception
2019-10-15 08:43:16,080 [grpc-default-executor-2] INFO  impl.FollowerInfo (FollowerInfo.java:lambda$new$0(51)) - f6d552c9-f983-4597-b4d0-1b438ea21ad8@group-E14AC227B858->77143d31-7a05-49d3-8166-c63e8419bc63: nextIndex: updateUnconditionally 0 -> 0
2019-10-15 08:43:16,081 [grpc-default-executor-2] INFO  impl.RaftServerImpl (ServerState.java:setRaftConf(356)) - f6d552c9-f983-4597-b4d0-1b438ea21ad8@group-05F17421E830: set configuration 1: [f6d552c9-f983-4597-b4d0-1b438ea21ad8:192.168.164.209:37602, 77143d31-7a05-49d3-8166-c63e8419bc63:192.168.164.209:44002, 4c00b829-f7eb-437b-9af3-99601f151fac:192.168.164.209:39950], old=null at 1
2019-10-15 08:43:16,082 [grpc-default-executor-2] INFO  segmented.SegmentedRaftLogWorker (SegmentedRaftLogWorker.java:rollLogSegment(390)) - f6d552c9-f983-4597-b4d0-1b438ea21ad8@group-05F17421E830-SegmentedRaftLogWorker: Rolling segment log-0_0 to index:0
2019-10-15 08:43:16,082 [f6d552c9-f983-4597-b4d0-1b438ea21ad8@group-05F17421E830-SegmentedRaftLogWorker] INFO  segmented.SegmentedRaftLogWorker (SegmentedRaftLogWorker.java:execute(531)) - f6d552c9-f983-4597-b4d0-1b438ea21ad8@group-05F17421E830-SegmentedRaftLogWorker: Rolled log segment from /workdir/hadoop-ozone/integration-test/target/test-dir/MiniOzoneClusterImpl-d07e3086-68e0-4340-b24d-43dfb7c1e85c/datanode-5/data/ratis/a7a65855-40ac-4a65-9f8c-05f17421e830/current/log_inprogress_0 to /workdir/hadoop-ozone/integration-test/target/test-dir/MiniOzoneClusterImpl-d07e3086-68e0-4340-b24d-43dfb7c1e85c/datanode-5/data/ratis/a7a65855-40ac-4a65-9f8c-05f17421e830/current/log_0-0
2019-10-15 08:43:16,100 [Thread-4485] INFO  impl.FollowerState (FollowerState.java:run(108)) - 4c00b829-f7eb-437b-9af3-99601f151fac@group-EDDC828829ED-FollowerState: change to CANDIDATE, lastRpcTime:10162ms, electionTimeout:5137ms
2019-10-15 08:43:16,100 [Thread-4485] INFO  impl.RoleInfo (RoleInfo.java:shutdownFollowerState(121)) - 4c00b829-f7eb-437b-9af3-99601f151fac: shutdown FollowerState
2019-10-15 08:43:16,100 [Thread-4485] INFO  impl.RaftServerImpl (RaftServerImpl.java:setRole(170)) - 4c00b829-f7eb-437b-9af3-99601f151fac@group-EDDC828829ED: changes role from  FOLLOWER to CANDIDATE at term 1 for changeToCandidate
2019-10-15 08:43:16,101 [Thread-4485] INFO  impl.RoleInfo (RoleInfo.java:updateAndGet(143)) - 4c00b829-f7eb-437b-9af3-99601f151fac: start LeaderElection
2019-10-15 08:43:16,101 [4c00b829-f7eb-437b-9af3-99601f151fac@group-05F17421E830-SegmentedRaftLogWorker] INFO  segmented.SegmentedRaftLogWorker (SegmentedRaftLogWorker.java:execute(574)) - 4c00b829-f7eb-437b-9af3-99601f151fac@group-05F17421E830-SegmentedRaftLogWorker: created new log segment /workdir/hadoop-ozone/integration-test/target/test-dir/MiniOzoneClusterImpl-d07e3086-68e0-4340-b24d-43dfb7c1e85c/datanode-4/data/ratis/a7a65855-40ac-4a65-9f8c-05f17421e830/current/log_inprogress_1
2019-10-15 08:43:16,101 [4c00b829-f7eb-437b-9af3-99601f151fac@group-EDDC828829ED-LeaderElection232] INFO  impl.RaftServerImpl (ServerState.java:setLeader(255)) - 4c00b829-f7eb-437b-9af3-99601f151fac@group-EDDC828829ED: change Leader from 77143d31-7a05-49d3-8166-c63e8419bc63 to null at term 1 for initElection
2019-10-15 08:43:16,101 [f6d552c9-f983-4597-b4d0-1b438ea21ad8@group-EDDC828829ED-LeaderElection231] INFO  impl.LeaderElection (LeaderElection.java:askForVotes(178)) - f6d552c9-f983-4597-b4d0-1b438ea21ad8@group-EDDC828829ED-LeaderElection231: begin an election at term 2 for 0: [f6d552c9-f983-4597-b4d0-1b438ea21ad8:192.168.164.209:37602, 77143d31-7a05-49d3-8166-c63e8419bc63:192.168.164.209:44002, 4c00b829-f7eb-437b-9af3-99601f151fac:192.168.164.209:39950], old=null
2019-10-15 08:43:16,103 [f6d552c9-f983-4597-b4d0-1b438ea21ad8@group-EDDC828829ED-LeaderElection231] INFO  impl.LeaderElection (LogUtils.java:infoOrTrace(149)) - f6d552c9-f983-4597-b4d0-1b438ea21ad8@group-EDDC828829ED-LeaderElection231 got exception when requesting votes: {}
java.util.concurrent.ExecutionException: org.apache.ratis.thirdparty.io.grpc.StatusRuntimeException: UNAVAILABLE: io exception
	at java.util.concurrent.FutureTask.report(FutureTask.java:122)
	at java.util.concurrent.FutureTask.get(FutureTask.java:192)
	at org.apache.ratis.server.impl.LeaderElection.waitForResults(LeaderElection.java:259)
	at org.apache.ratis.server.impl.LeaderElection.askForVotes(LeaderElection.java:197)
	at org.apache.ratis.server.impl.LeaderElection.run(LeaderElection.java:133)
	at java.lang.Thread.run(Thread.java:748)
Caused by: org.apache.ratis.thirdparty.io.grpc.StatusRuntimeException: UNAVAILABLE: io exception
	at org.apache.ratis.thirdparty.io.grpc.stub.ClientCalls.toStatusRuntimeException(ClientCalls.java:233)
	at org.apache.ratis.thirdparty.io.grpc.stub.ClientCalls.getUnchecked(ClientCalls.java:214)
	at org.apache.ratis.thirdparty.io.grpc.stub.ClientCalls.blockingUnaryCall(ClientCalls.java:139)
	at org.apache.ratis.proto.grpc.RaftServerProtocolServiceGrpc$RaftServerProtocolServiceBlockingStub.requestVote(RaftServerProtocolServiceGrpc.java:265)
	at org.apache.ratis.grpc.server.GrpcServerProtocolClient.requestVote(GrpcServerProtocolClient.java:99)
	at org.apache.ratis.grpc.server.GrpcService.requestVote(GrpcService.java:204)
	at org.apache.ratis.server.impl.LeaderElection.lambda$submitRequests$1(LeaderElection.java:234)
	at java.util.concurrent.FutureTask.run(FutureTask.java:266)
	at java.util.concurrent.Executors$RunnableAdapter.call(Executors.java:511)
	at java.util.concurrent.FutureTask.run(FutureTask.java:266)
	at java.util.concurrent.ThreadPoolExecutor.runWorker(ThreadPoolExecutor.java:1149)
	at java.util.concurrent.ThreadPoolExecutor$Worker.run(ThreadPoolExecutor.java:624)
	... 1 more
Caused by: org.apache.ratis.thirdparty.io.netty.channel.AbstractChannel$AnnotatedConnectException: Connection refused: /192.168.164.209:44002
	at sun.nio.ch.SocketChannelImpl.checkConnect(Native Method)
	at sun.nio.ch.SocketChannelImpl.finishConnect(SocketChannelImpl.java:717)
	at org.apache.ratis.thirdparty.io.netty.channel.socket.nio.NioSocketChannel.doFinishConnect(NioSocketChannel.java:327)
	at org.apache.ratis.thirdparty.io.netty.channel.nio.AbstractNioChannel$AbstractNioUnsafe.finishConnect(AbstractNioChannel.java:340)
	at org.apache.ratis.thirdparty.io.netty.channel.nio.NioEventLoop.processSelectedKey(NioEventLoop.java:632)
	at org.apache.ratis.thirdparty.io.netty.channel.nio.NioEventLoop.processSelectedKeysOptimized(NioEventLoop.java:579)
	at org.apache.ratis.thirdparty.io.netty.channel.nio.NioEventLoop.processSelectedKeys(NioEventLoop.java:496)
	at org.apache.ratis.thirdparty.io.netty.channel.nio.NioEventLoop.run(NioEventLoop.java:458)
	at org.apache.ratis.thirdparty.io.netty.util.concurrent.SingleThreadEventExecutor$5.run(SingleThreadEventExecutor.java:897)
	at org.apache.ratis.thirdparty.io.netty.util.concurrent.FastThreadLocalRunnable.run(FastThreadLocalRunnable.java:30)
	... 1 more
Caused by: java.net.ConnectException: Connection refused
	... 11 more
2019-10-15 08:43:16,125 [4c00b829-f7eb-437b-9af3-99601f151fac@group-EDDC828829ED-LeaderElection232] INFO  impl.LeaderElection (LeaderElection.java:askForVotes(178)) - 4c00b829-f7eb-437b-9af3-99601f151fac@group-EDDC828829ED-LeaderElection232: begin an election at term 2 for 0: [f6d552c9-f983-4597-b4d0-1b438ea21ad8:192.168.164.209:37602, 77143d31-7a05-49d3-8166-c63e8419bc63:192.168.164.209:44002, 4c00b829-f7eb-437b-9af3-99601f151fac:192.168.164.209:39950], old=null
2019-10-15 08:43:16,126 [f6d552c9-f983-4597-b4d0-1b438ea21ad8@group-EDDC828829ED-LeaderElection231] INFO  impl.LeaderElection (LeaderElection.java:logAndReturn(56)) - f6d552c9-f983-4597-b4d0-1b438ea21ad8@group-EDDC828829ED-LeaderElection231: Election REJECTED; received 1 response(s) [f6d552c9-f983-4597-b4d0-1b438ea21ad8<-4c00b829-f7eb-437b-9af3-99601f151fac#0:FAIL-t2] and 1 exception(s); f6d552c9-f983-4597-b4d0-1b438ea21ad8@group-EDDC828829ED:t2, leader=null, voted=f6d552c9-f983-4597-b4d0-1b438ea21ad8, raftlog=f6d552c9-f983-4597-b4d0-1b438ea21ad8@group-EDDC828829ED-SegmentedRaftLog:OPENED:c0,f0,i0, conf=0: [f6d552c9-f983-4597-b4d0-1b438ea21ad8:192.168.164.209:37602, 77143d31-7a05-49d3-8166-c63e8419bc63:192.168.164.209:44002, 4c00b829-f7eb-437b-9af3-99601f151fac:192.168.164.209:39950], old=null
2019-10-15 08:43:16,126 [f6d552c9-f983-4597-b4d0-1b438ea21ad8@group-EDDC828829ED-LeaderElection231] INFO  impl.LeaderElection (LogUtils.java:infoOrTrace(149)) -   Exception 0: {}
java.util.concurrent.ExecutionException: org.apache.ratis.thirdparty.io.grpc.StatusRuntimeException: UNAVAILABLE: io exception
	at java.util.concurrent.FutureTask.report(FutureTask.java:122)
	at java.util.concurrent.FutureTask.get(FutureTask.java:192)
	at org.apache.ratis.server.impl.LeaderElection.waitForResults(LeaderElection.java:259)
	at org.apache.ratis.server.impl.LeaderElection.askForVotes(LeaderElection.java:197)
	at org.apache.ratis.server.impl.LeaderElection.run(LeaderElection.java:133)
	at java.lang.Thread.run(Thread.java:748)
Caused by: org.apache.ratis.thirdparty.io.grpc.StatusRuntimeException: UNAVAILABLE: io exception
	at org.apache.ratis.thirdparty.io.grpc.stub.ClientCalls.toStatusRuntimeException(ClientCalls.java:233)
	at org.apache.ratis.thirdparty.io.grpc.stub.ClientCalls.getUnchecked(ClientCalls.java:214)
	at org.apache.ratis.thirdparty.io.grpc.stub.ClientCalls.blockingUnaryCall(ClientCalls.java:139)
	at org.apache.ratis.proto.grpc.RaftServerProtocolServiceGrpc$RaftServerProtocolServiceBlockingStub.requestVote(RaftServerProtocolServiceGrpc.java:265)
	at org.apache.ratis.grpc.server.GrpcServerProtocolClient.requestVote(GrpcServerProtocolClient.java:99)
	at org.apache.ratis.grpc.server.GrpcService.requestVote(GrpcService.java:204)
	at org.apache.ratis.server.impl.LeaderElection.lambda$submitRequests$1(LeaderElection.java:234)
	at java.util.concurrent.FutureTask.run(FutureTask.java:266)
	at java.util.concurrent.Executors$RunnableAdapter.call(Executors.java:511)
	at java.util.concurrent.FutureTask.run(FutureTask.java:266)
	at java.util.concurrent.ThreadPoolExecutor.runWorker(ThreadPoolExecutor.java:1149)
	at java.util.concurrent.ThreadPoolExecutor$Worker.run(ThreadPoolExecutor.java:624)
	... 1 more
Caused by: org.apache.ratis.thirdparty.io.netty.channel.AbstractChannel$AnnotatedConnectException: Connection refused: /192.168.164.209:44002
	at sun.nio.ch.SocketChannelImpl.checkConnect(Native Method)
	at sun.nio.ch.SocketChannelImpl.finishConnect(SocketChannelImpl.java:717)
	at org.apache.ratis.thirdparty.io.netty.channel.socket.nio.NioSocketChannel.doFinishConnect(NioSocketChannel.java:327)
	at org.apache.ratis.thirdparty.io.netty.channel.nio.AbstractNioChannel$AbstractNioUnsafe.finishConnect(AbstractNioChannel.java:340)
	at org.apache.ratis.thirdparty.io.netty.channel.nio.NioEventLoop.processSelectedKey(NioEventLoop.java:632)
	at org.apache.ratis.thirdparty.io.netty.channel.nio.NioEventLoop.processSelectedKeysOptimized(NioEventLoop.java:579)
	at org.apache.ratis.thirdparty.io.netty.channel.nio.NioEventLoop.processSelectedKeys(NioEventLoop.java:496)
	at org.apache.ratis.thirdparty.io.netty.channel.nio.NioEventLoop.run(NioEventLoop.java:458)
	at org.apache.ratis.thirdparty.io.netty.util.concurrent.SingleThreadEventExecutor$5.run(SingleThreadEventExecutor.java:897)
	at org.apache.ratis.thirdparty.io.netty.util.concurrent.FastThreadLocalRunnable.run(FastThreadLocalRunnable.java:30)
	... 1 more
Caused by: java.net.ConnectException: Connection refused
	... 11 more
2019-10-15 08:43:16,126 [f6d552c9-f983-4597-b4d0-1b438ea21ad8@group-EDDC828829ED-LeaderElection231] INFO  impl.RaftServerImpl (RaftServerImpl.java:setRole(170)) - f6d552c9-f983-4597-b4d0-1b438ea21ad8@group-EDDC828829ED: changes role from CANDIDATE to FOLLOWER at term 2 for DISCOVERED_A_NEW_TERM
2019-10-15 08:43:16,126 [f6d552c9-f983-4597-b4d0-1b438ea21ad8@group-EDDC828829ED-LeaderElection231] INFO  impl.RoleInfo (RoleInfo.java:shutdownLeaderElection(134)) - f6d552c9-f983-4597-b4d0-1b438ea21ad8: shutdown LeaderElection
2019-10-15 08:43:16,126 [f6d552c9-f983-4597-b4d0-1b438ea21ad8@group-EDDC828829ED-LeaderElection231] INFO  impl.RoleInfo (RoleInfo.java:updateAndGet(143)) - f6d552c9-f983-4597-b4d0-1b438ea21ad8: start FollowerState
2019-10-15 08:43:16,127 [4c00b829-f7eb-437b-9af3-99601f151fac@group-EDDC828829ED-LeaderElection232] INFO  impl.LeaderElection (LogUtils.java:infoOrTrace(149)) - 4c00b829-f7eb-437b-9af3-99601f151fac@group-EDDC828829ED-LeaderElection232 got exception when requesting votes: {}
java.util.concurrent.ExecutionException: org.apache.ratis.thirdparty.io.grpc.StatusRuntimeException: UNAVAILABLE: io exception
	at java.util.concurrent.FutureTask.report(FutureTask.java:122)
	at java.util.concurrent.FutureTask.get(FutureTask.java:192)
	at org.apache.ratis.server.impl.LeaderElection.waitForResults(LeaderElection.java:259)
	at org.apache.ratis.server.impl.LeaderElection.askForVotes(LeaderElection.java:197)
	at org.apache.ratis.server.impl.LeaderElection.run(LeaderElection.java:133)
	at java.lang.Thread.run(Thread.java:748)
Caused by: org.apache.ratis.thirdparty.io.grpc.StatusRuntimeException: UNAVAILABLE: io exception
	at org.apache.ratis.thirdparty.io.grpc.stub.ClientCalls.toStatusRuntimeException(ClientCalls.java:233)
	at org.apache.ratis.thirdparty.io.grpc.stub.ClientCalls.getUnchecked(ClientCalls.java:214)
	at org.apache.ratis.thirdparty.io.grpc.stub.ClientCalls.blockingUnaryCall(ClientCalls.java:139)
	at org.apache.ratis.proto.grpc.RaftServerProtocolServiceGrpc$RaftServerProtocolServiceBlockingStub.requestVote(RaftServerProtocolServiceGrpc.java:265)
	at org.apache.ratis.grpc.server.GrpcServerProtocolClient.requestVote(GrpcServerProtocolClient.java:99)
	at org.apache.ratis.grpc.server.GrpcService.requestVote(GrpcService.java:204)
	at org.apache.ratis.server.impl.LeaderElection.lambda$submitRequests$1(LeaderElection.java:234)
	at java.util.concurrent.FutureTask.run(FutureTask.java:266)
	at java.util.concurrent.Executors$RunnableAdapter.call(Executors.java:511)
	at java.util.concurrent.FutureTask.run(FutureTask.java:266)
	at java.util.concurrent.ThreadPoolExecutor.runWorker(ThreadPoolExecutor.java:1149)
	at java.util.concurrent.ThreadPoolExecutor$Worker.run(ThreadPoolExecutor.java:624)
	... 1 more
Caused by: org.apache.ratis.thirdparty.io.netty.channel.AbstractChannel$AnnotatedConnectException: Connection refused: /192.168.164.209:44002
	at sun.nio.ch.SocketChannelImpl.checkConnect(Native Method)
	at sun.nio.ch.SocketChannelImpl.finishConnect(SocketChannelImpl.java:717)
	at org.apache.ratis.thirdparty.io.netty.channel.socket.nio.NioSocketChannel.doFinishConnect(NioSocketChannel.java:327)
	at org.apache.ratis.thirdparty.io.netty.channel.nio.AbstractNioChannel$AbstractNioUnsafe.finishConnect(AbstractNioChannel.java:340)
	at org.apache.ratis.thirdparty.io.netty.channel.nio.NioEventLoop.processSelectedKey(NioEventLoop.java:632)
	at org.apache.ratis.thirdparty.io.netty.channel.nio.NioEventLoop.processSelectedKeysOptimized(NioEventLoop.java:579)
	at org.apache.ratis.thirdparty.io.netty.channel.nio.NioEventLoop.processSelectedKeys(NioEventLoop.java:496)
	at org.apache.ratis.thirdparty.io.netty.channel.nio.NioEventLoop.run(NioEventLoop.java:458)
	at org.apache.ratis.thirdparty.io.netty.util.concurrent.SingleThreadEventExecutor$5.run(SingleThreadEventExecutor.java:897)
	at org.apache.ratis.thirdparty.io.netty.util.concurrent.FastThreadLocalRunnable.run(FastThreadLocalRunnable.java:30)
	... 1 more
Caused by: java.net.ConnectException: Connection refused
	... 11 more
2019-10-15 08:43:16,127 [4c00b829-f7eb-437b-9af3-99601f151fac@group-EDDC828829ED-LeaderElection232] INFO  impl.LeaderElection (LeaderElection.java:logAndReturn(56)) - 4c00b829-f7eb-437b-9af3-99601f151fac@group-EDDC828829ED-LeaderElection232: Election REJECTED; received 1 response(s) [4c00b829-f7eb-437b-9af3-99601f151fac<-f6d552c9-f983-4597-b4d0-1b438ea21ad8#0:FAIL-t2] and 1 exception(s); 4c00b829-f7eb-437b-9af3-99601f151fac@group-EDDC828829ED:t2, leader=null, voted=4c00b829-f7eb-437b-9af3-99601f151fac, raftlog=4c00b829-f7eb-437b-9af3-99601f151fac@group-EDDC828829ED-SegmentedRaftLog:OPENED:c0,f0,i0, conf=0: [f6d552c9-f983-4597-b4d0-1b438ea21ad8:192.168.164.209:37602, 77143d31-7a05-49d3-8166-c63e8419bc63:192.168.164.209:44002, 4c00b829-f7eb-437b-9af3-99601f151fac:192.168.164.209:39950], old=null
2019-10-15 08:43:16,127 [4c00b829-f7eb-437b-9af3-99601f151fac@group-EDDC828829ED-LeaderElection232] INFO  impl.LeaderElection (LogUtils.java:infoOrTrace(149)) -   Exception 0: {}
java.util.concurrent.ExecutionException: org.apache.ratis.thirdparty.io.grpc.StatusRuntimeException: UNAVAILABLE: io exception
	at java.util.concurrent.FutureTask.report(FutureTask.java:122)
	at java.util.concurrent.FutureTask.get(FutureTask.java:192)
	at org.apache.ratis.server.impl.LeaderElection.waitForResults(LeaderElection.java:259)
	at org.apache.ratis.server.impl.LeaderElection.askForVotes(LeaderElection.java:197)
	at org.apache.ratis.server.impl.LeaderElection.run(LeaderElection.java:133)
	at java.lang.Thread.run(Thread.java:748)
Caused by: org.apache.ratis.thirdparty.io.grpc.StatusRuntimeException: UNAVAILABLE: io exception
	at org.apache.ratis.thirdparty.io.grpc.stub.ClientCalls.toStatusRuntimeException(ClientCalls.java:233)
	at org.apache.ratis.thirdparty.io.grpc.stub.ClientCalls.getUnchecked(ClientCalls.java:214)
	at org.apache.ratis.thirdparty.io.grpc.stub.ClientCalls.blockingUnaryCall(ClientCalls.java:139)
	at org.apache.ratis.proto.grpc.RaftServerProtocolServiceGrpc$RaftServerProtocolServiceBlockingStub.requestVote(RaftServerProtocolServiceGrpc.java:265)
	at org.apache.ratis.grpc.server.GrpcServerProtocolClient.requestVote(GrpcServerProtocolClient.java:99)
	at org.apache.ratis.grpc.server.GrpcService.requestVote(GrpcService.java:204)
	at org.apache.ratis.server.impl.LeaderElection.lambda$submitRequests$1(LeaderElection.java:234)
	at java.util.concurrent.FutureTask.run(FutureTask.java:266)
	at java.util.concurrent.Executors$RunnableAdapter.call(Executors.java:511)
	at java.util.concurrent.FutureTask.run(FutureTask.java:266)
	at java.util.concurrent.ThreadPoolExecutor.runWorker(ThreadPoolExecutor.java:1149)
	at java.util.concurrent.ThreadPoolExecutor$Worker.run(ThreadPoolExecutor.java:624)
	... 1 more
Caused by: org.apache.ratis.thirdparty.io.netty.channel.AbstractChannel$AnnotatedConnectException: Connection refused: /192.168.164.209:44002
	at sun.nio.ch.SocketChannelImpl.checkConnect(Native Method)
	at sun.nio.ch.SocketChannelImpl.finishConnect(SocketChannelImpl.java:717)
	at org.apache.ratis.thirdparty.io.netty.channel.socket.nio.NioSocketChannel.doFinishConnect(NioSocketChannel.java:327)
	at org.apache.ratis.thirdparty.io.netty.channel.nio.AbstractNioChannel$AbstractNioUnsafe.finishConnect(AbstractNioChannel.java:340)
	at org.apache.ratis.thirdparty.io.netty.channel.nio.NioEventLoop.processSelectedKey(NioEventLoop.java:632)
	at org.apache.ratis.thirdparty.io.netty.channel.nio.NioEventLoop.processSelectedKeysOptimized(NioEventLoop.java:579)
	at org.apache.ratis.thirdparty.io.netty.channel.nio.NioEventLoop.processSelectedKeys(NioEventLoop.java:496)
	at org.apache.ratis.thirdparty.io.netty.channel.nio.NioEventLoop.run(NioEventLoop.java:458)
	at org.apache.ratis.thirdparty.io.netty.util.concurrent.SingleThreadEventExecutor$5.run(SingleThreadEventExecutor.java:897)
	at org.apache.ratis.thirdparty.io.netty.util.concurrent.FastThreadLocalRunnable.run(FastThreadLocalRunnable.java:30)
	... 1 more
Caused by: java.net.ConnectException: Connection refused
	... 11 more
2019-10-15 08:43:16,128 [4c00b829-f7eb-437b-9af3-99601f151fac@group-EDDC828829ED-LeaderElection232] INFO  impl.RaftServerImpl (RaftServerImpl.java:setRole(170)) - 4c00b829-f7eb-437b-9af3-99601f151fac@group-EDDC828829ED: changes role from CANDIDATE to FOLLOWER at term 2 for DISCOVERED_A_NEW_TERM
2019-10-15 08:43:16,128 [4c00b829-f7eb-437b-9af3-99601f151fac@group-EDDC828829ED-LeaderElection232] INFO  impl.RoleInfo (RoleInfo.java:shutdownLeaderElection(134)) - 4c00b829-f7eb-437b-9af3-99601f151fac: shutdown LeaderElection
2019-10-15 08:43:16,128 [4c00b829-f7eb-437b-9af3-99601f151fac@group-EDDC828829ED-LeaderElection232] INFO  impl.RoleInfo (RoleInfo.java:updateAndGet(143)) - 4c00b829-f7eb-437b-9af3-99601f151fac: start FollowerState
2019-10-15 08:43:16,167 [f6d552c9-f983-4597-b4d0-1b438ea21ad8@group-05F17421E830-SegmentedRaftLogWorker] INFO  segmented.SegmentedRaftLogWorker (SegmentedRaftLogWorker.java:execute(574)) - f6d552c9-f983-4597-b4d0-1b438ea21ad8@group-05F17421E830-SegmentedRaftLogWorker: created new log segment /workdir/hadoop-ozone/integration-test/target/test-dir/MiniOzoneClusterImpl-d07e3086-68e0-4340-b24d-43dfb7c1e85c/datanode-5/data/ratis/a7a65855-40ac-4a65-9f8c-05f17421e830/current/log_inprogress_1
2019-10-15 08:43:16,179 [grpc-default-executor-2] WARN  server.GrpcLogAppender (LogUtils.java:warn(134)) - 4c00b829-f7eb-437b-9af3-99601f151fac@group-05F17421E830->77143d31-7a05-49d3-8166-c63e8419bc63-AppendLogResponseHandler: Failed appendEntries: org.apache.ratis.thirdparty.io.grpc.StatusRuntimeException: UNAVAILABLE: io exception
2019-10-15 08:43:16,179 [grpc-default-executor-2] INFO  impl.FollowerInfo (FollowerInfo.java:lambda$new$0(51)) - 4c00b829-f7eb-437b-9af3-99601f151fac@group-05F17421E830->77143d31-7a05-49d3-8166-c63e8419bc63: nextIndex: updateUnconditionally 1 -> 0
2019-10-15 08:43:16,192 [grpc-default-executor-2] WARN  server.GrpcLogAppender (LogUtils.java:warn(134)) - 4c00b829-f7eb-437b-9af3-99601f151fac@group-05F17421E830->77143d31-7a05-49d3-8166-c63e8419bc63-AppendLogResponseHandler: Failed appendEntries: org.apache.ratis.thirdparty.io.grpc.StatusRuntimeException: UNAVAILABLE: io exception
2019-10-15 08:43:16,192 [grpc-default-executor-2] INFO  impl.FollowerInfo (FollowerInfo.java:lambda$new$0(51)) - 4c00b829-f7eb-437b-9af3-99601f151fac@group-05F17421E830->77143d31-7a05-49d3-8166-c63e8419bc63: nextIndex: updateUnconditionally 1 -> 0
]]></system-out>
    <system-err><![CDATA[Oct 15, 2019 8:42:54 AM org.apache.ratis.thirdparty.io.grpc.internal.ManagedChannelOrphanWrapper$ManagedChannelReference cleanQueue
SEVERE: *~*~*~ Channel ManagedChannelImpl{logId=3426, target=192.168.164.209:41253} was not shutdown properly!!! ~*~*~*
    Make sure to call shutdown()/shutdownNow() and wait until awaitTermination() returns true.
java.lang.RuntimeException: ManagedChannel allocation site
	at org.apache.ratis.thirdparty.io.grpc.internal.ManagedChannelOrphanWrapper$ManagedChannelReference.<init>(ManagedChannelOrphanWrapper.java:103)
	at org.apache.ratis.thirdparty.io.grpc.internal.ManagedChannelOrphanWrapper.<init>(ManagedChannelOrphanWrapper.java:53)
	at org.apache.ratis.thirdparty.io.grpc.internal.ManagedChannelOrphanWrapper.<init>(ManagedChannelOrphanWrapper.java:44)
	at org.apache.ratis.thirdparty.io.grpc.internal.AbstractManagedChannelImplBuilder.build(AbstractManagedChannelImplBuilder.java:411)
	at org.apache.ratis.grpc.client.GrpcClientProtocolClient.<init>(GrpcClientProtocolClient.java:128)
	at org.apache.ratis.grpc.client.GrpcClientRpc.lambda$new$0(GrpcClientRpc.java:55)
	at org.apache.ratis.util.PeerProxyMap$PeerAndProxy.lambda$getProxy$0(PeerProxyMap.java:61)
	at org.apache.ratis.util.LifeCycle.startAndTransition(LifeCycle.java:202)
	at org.apache.ratis.util.PeerProxyMap$PeerAndProxy.getProxy(PeerProxyMap.java:60)
	at org.apache.ratis.util.PeerProxyMap.getProxy(PeerProxyMap.java:108)
	at org.apache.ratis.grpc.client.GrpcClientRpc.sendRequestAsync(GrpcClientRpc.java:66)
	at org.apache.ratis.client.impl.OrderedAsync.sendRequest(OrderedAsync.java:208)
	at org.apache.ratis.client.impl.OrderedAsync.sendRequestWithRetry(OrderedAsync.java:169)
	at org.apache.ratis.util.SlidingWindow$Client.sendOrDelayRequest(SlidingWindow.java:278)
	at org.apache.ratis.util.SlidingWindow$Client.retry(SlidingWindow.java:294)
	at org.apache.ratis.client.impl.OrderedAsync.lambda$scheduleWithTimeout$7(OrderedAsync.java:195)
	at org.apache.ratis.util.TimeoutScheduler.lambda$onTimeout$0(TimeoutScheduler.java:113)
	at org.apache.ratis.util.TimeoutScheduler.lambda$onTimeout$1(TimeoutScheduler.java:133)
	at org.apache.ratis.util.LogUtils.runAndLog(LogUtils.java:50)
	at org.apache.ratis.util.LogUtils$1.run(LogUtils.java:91)
	at java.util.concurrent.Executors$RunnableAdapter.call(Executors.java:511)
	at java.util.concurrent.FutureTask.run(FutureTask.java:266)
	at java.util.concurrent.ScheduledThreadPoolExecutor$ScheduledFutureTask.access$201(ScheduledThreadPoolExecutor.java:180)
	at java.util.concurrent.ScheduledThreadPoolExecutor$ScheduledFutureTask.run(ScheduledThreadPoolExecutor.java:293)
	at java.util.concurrent.ThreadPoolExecutor.runWorker(ThreadPoolExecutor.java:1149)
	at java.util.concurrent.ThreadPoolExecutor$Worker.run(ThreadPoolExecutor.java:624)
	at java.lang.Thread.run(Thread.java:748)

Oct 15, 2019 8:43:06 AM org.apache.ratis.thirdparty.io.grpc.internal.SerializingExecutor run
SEVERE: Exception while executing runnable org.apache.ratis.thirdparty.io.grpc.internal.ServerImpl$JumpToApplicationThreadServerStreamListener$1Closed@11be884b
org.apache.ratis.thirdparty.io.grpc.StatusRuntimeException: CANCELLED: call already cancelled
	at org.apache.ratis.thirdparty.io.grpc.Status.asRuntimeException(Status.java:517)
	at org.apache.ratis.thirdparty.io.grpc.stub.ServerCalls$ServerCallStreamObserverImpl.onCompleted(ServerCalls.java:356)
	at org.apache.ratis.grpc.server.GrpcServerProtocolService$ServerRequestStreamObserver.onError(GrpcServerProtocolService.java:121)
	at org.apache.ratis.thirdparty.io.grpc.stub.ServerCalls$StreamingServerCallHandler$StreamingServerCallListener.onCancel(ServerCalls.java:269)
	at org.apache.ratis.thirdparty.io.grpc.internal.ServerCallImpl$ServerStreamListenerImpl.closed(ServerCallImpl.java:293)
	at org.apache.ratis.thirdparty.io.grpc.internal.ServerImpl$JumpToApplicationThreadServerStreamListener$1Closed.runInContext(ServerImpl.java:741)
	at org.apache.ratis.thirdparty.io.grpc.internal.ContextRunnable.run(ContextRunnable.java:37)
	at org.apache.ratis.thirdparty.io.grpc.internal.SerializingExecutor.run(SerializingExecutor.java:123)
	at java.util.concurrent.ThreadPoolExecutor.runWorker(ThreadPoolExecutor.java:1149)
	at java.util.concurrent.ThreadPoolExecutor$Worker.run(ThreadPoolExecutor.java:624)
	at java.lang.Thread.run(Thread.java:748)

]]></system-err>
  </testcase>
</testsuite>