<?xml version="1.0" encoding="UTF-8"?>
<testsuite xmlns:xsi="http://www.w3.org/2001/XMLSchema-instance" xsi:noNamespaceSchemaLocation="https://maven.apache.org/surefire/maven-surefire-plugin/xsd/surefire-test-report.xsd" name="org.apache.hadoop.ozone.client.rpc.TestBlockOutputStreamWithFailures" time="747.592" tests="8" errors="0" skipped="0" failures="1">
  <properties>
    <property name="awt.toolkit" value="sun.awt.X11.XToolkit"/>
    <property name="file.encoding.pkg" value="sun.io"/>
    <property name="java.specification.version" value="1.8"/>
    <property name="sun.cpu.isalist" value=""/>
    <property name="sun.jnu.encoding" value="UTF-8"/>
    <property name="java.class.path" value="/workdir/hadoop-ozone/integration-test/target/test-classes:/workdir/hadoop-ozone/integration-test/target/classes:/home/user/.m2/repository/org/apache/hadoop/hadoop-ozone-common/0.5.0-SNAPSHOT/hadoop-ozone-common-0.5.0-SNAPSHOT.jar:/home/user/.m2/repository/org/apache/commons/commons-compress/1.4.1/commons-compress-1.4.1.jar:/home/user/.m2/repository/org/tukaani/xz/1.0/xz-1.0.jar:/home/user/.m2/repository/org/apache/hadoop/hadoop-common/3.2.0/hadoop-common-3.2.0.jar:/home/user/.m2/repository/org/apache/hadoop/hadoop-hdfs/3.2.0/hadoop-hdfs-3.2.0.jar:/home/user/.m2/repository/org/apache/hadoop/hadoop-hdfs-client/3.2.0/hadoop-hdfs-client-3.2.0.jar:/home/user/.m2/repository/com/fasterxml/jackson/core/jackson-annotations/2.9.9/jackson-annotations-2.9.9.jar:/home/user/.m2/repository/org/apache/hadoop/hadoop-hdds-common/0.5.0-SNAPSHOT/hadoop-hdds-common-0.5.0-SNAPSHOT.jar:/home/user/.m2/repository/javax/annotation/javax.annotation-api/1.2/javax.annotation-api-1.2.jar:/home/user/.m2/repository/org/apache/ratis/ratis-server/0.5.0-201fc85-SNAPSHOT/ratis-server-0.5.0-201fc85-SNAPSHOT.jar:/home/user/.m2/repository/org/apache/ratis/ratis-thirdparty-misc/0.2.0/ratis-thirdparty-misc-0.2.0.jar:/home/user/.m2/repository/org/apache/ratis/ratis-proto/0.5.0-201fc85-SNAPSHOT/ratis-proto-0.5.0-201fc85-SNAPSHOT.jar:/home/user/.m2/repository/org/apache/ratis/ratis-common/0.5.0-201fc85-SNAPSHOT/ratis-common-0.5.0-201fc85-SNAPSHOT.jar:/home/user/.m2/repository/org/apache/ratis/ratis-client/0.5.0-201fc85-SNAPSHOT/ratis-client-0.5.0-201fc85-SNAPSHOT.jar:/home/user/.m2/repository/org/apache/ratis/ratis-metrics/0.5.0-201fc85-SNAPSHOT/ratis-metrics-0.5.0-201fc85-SNAPSHOT.jar:/home/user/.m2/repository/com/github/joshelser/dropwizard-metrics-hadoop-metrics2-reporter/0.1.2/dropwizard-metrics-hadoop-metrics2-reporter-0.1.2.jar:/home/user/.m2/repository/io/dropwizard/metrics/metrics-jvm/3.2.5/metrics-jvm-3.2.5.jar:/home/user/.m2/repository/io/dropwizard/metrics/metrics-ganglia/3.2.5/metrics-ganglia-3.2.5.jar:/home/user/.m2/repository/info/ganglia/gmetric4j/gmetric4j/1.0.7/gmetric4j-1.0.7.jar:/home/user/.m2/repository/org/apache/ratis/ratis-netty/0.5.0-201fc85-SNAPSHOT/ratis-netty-0.5.0-201fc85-SNAPSHOT.jar:/home/user/.m2/repository/org/apache/ratis/ratis-grpc/0.5.0-201fc85-SNAPSHOT/ratis-grpc-0.5.0-201fc85-SNAPSHOT.jar:/home/user/.m2/repository/org/rocksdb/rocksdbjni/6.0.1/rocksdbjni-6.0.1.jar:/home/user/.m2/repository/org/apache/logging/log4j/log4j-api/2.11.0/log4j-api-2.11.0.jar:/home/user/.m2/repository/org/apache/logging/log4j/log4j-core/2.11.0/log4j-core-2.11.0.jar:/home/user/.m2/repository/com/lmax/disruptor/3.4.2/disruptor-3.4.2.jar:/home/user/.m2/repository/org/apache/commons/commons-pool2/2.6.0/commons-pool2-2.6.0.jar:/home/user/.m2/repository/org/bouncycastle/bcpkix-jdk15on/1.60/bcpkix-jdk15on-1.60.jar:/home/user/.m2/repository/commons-validator/commons-validator/1.6/commons-validator-1.6.jar:/home/user/.m2/repository/commons-digester/commons-digester/1.8.1/commons-digester-1.8.1.jar:/home/user/.m2/repository/io/jaegertracing/jaeger-client/0.34.0/jaeger-client-0.34.0.jar:/home/user/.m2/repository/io/jaegertracing/jaeger-thrift/0.34.0/jaeger-thrift-0.34.0.jar:/home/user/.m2/repository/org/apache/thrift/libthrift/0.12.0/libthrift-0.12.0.jar:/home/user/.m2/repository/com/squareup/okhttp3/okhttp/3.9.0/okhttp-3.9.0.jar:/home/user/.m2/repository/com/squareup/okio/okio/1.13.0/okio-1.13.0.jar:/home/user/.m2/repository/io/jaegertracing/jaeger-core/0.34.0/jaeger-core-0.34.0.jar:/home/user/.m2/repository/io/jaegertracing/jaeger-tracerresolver/0.34.0/jaeger-tracerresolver-0.34.0.jar:/home/user/.m2/repository/io/opentracing/contrib/opentracing-tracerresolver/0.1.5/opentracing-tracerresolver-0.1.5.jar:/home/user/.m2/repository/io/opentracing/opentracing-util/0.31.0/opentracing-util-0.31.0.jar:/home/user/.m2/repository/io/opentracing/opentracing-api/0.31.0/opentracing-api-0.31.0.jar:/home/user/.m2/repository/io/opentracing/opentracing-noop/0.31.0/opentracing-noop-0.31.0.jar:/home/user/.m2/repository/org/apache/hadoop/hadoop-hdds-server-framework/0.5.0-SNAPSHOT/hadoop-hdds-server-framework-0.5.0-SNAPSHOT.jar:/home/user/.m2/repository/org/apache/hadoop/hadoop-hdds-container-service/0.5.0-SNAPSHOT/hadoop-hdds-container-service-0.5.0-SNAPSHOT.jar:/home/user/.m2/repository/org/apache/hadoop/hadoop-hdds-client/0.5.0-SNAPSHOT/hadoop-hdds-client-0.5.0-SNAPSHOT.jar:/home/user/.m2/repository/org/apache/hadoop/hadoop-hdds-tools/0.5.0-SNAPSHOT/hadoop-hdds-tools-0.5.0-SNAPSHOT.jar:/home/user/.m2/repository/org/apache/hadoop/hadoop-hdds-server-scm/0.5.0-SNAPSHOT/hadoop-hdds-server-scm-0.5.0-SNAPSHOT.jar:/home/user/.m2/repository/org/apache/hadoop/hadoop-hdds-docs/0.5.0-SNAPSHOT/hadoop-hdds-docs-0.5.0-SNAPSHOT.jar:/home/user/.m2/repository/io/dropwizard/metrics/metrics-core/3.2.4/metrics-core-3.2.4.jar:/home/user/.m2/repository/org/hamcrest/hamcrest-all/1.3/hamcrest-all-1.3.jar:/home/user/.m2/repository/org/bouncycastle/bcprov-jdk15on/1.60/bcprov-jdk15on-1.60.jar:/home/user/.m2/repository/info/picocli/picocli/3.9.6/picocli-3.9.6.jar:/home/user/.m2/repository/com/google/protobuf/protobuf-java/2.5.0/protobuf-java-2.5.0.jar:/home/user/.m2/repository/com/google/guava/guava/11.0.2/guava-11.0.2.jar:/home/user/.m2/repository/org/apache/hadoop/hadoop-ozone-ozone-manager/0.5.0-SNAPSHOT/hadoop-ozone-ozone-manager-0.5.0-SNAPSHOT.jar:/home/user/.m2/repository/org/apache/hadoop/hadoop-minikdc/3.2.0/hadoop-minikdc-3.2.0.jar:/home/user/.m2/repository/commons-io/commons-io/2.5/commons-io-2.5.jar:/home/user/.m2/repository/org/apache/kerby/kerb-simplekdc/1.0.1/kerb-simplekdc-1.0.1.jar:/home/user/.m2/repository/org/apache/kerby/kerb-client/1.0.1/kerb-client-1.0.1.jar:/home/user/.m2/repository/org/apache/kerby/kerby-config/1.0.1/kerby-config-1.0.1.jar:/home/user/.m2/repository/org/apache/kerby/kerb-core/1.0.1/kerb-core-1.0.1.jar:/home/user/.m2/repository/org/apache/kerby/kerby-pkix/1.0.1/kerby-pkix-1.0.1.jar:/home/user/.m2/repository/org/apache/kerby/kerby-asn1/1.0.1/kerby-asn1-1.0.1.jar:/home/user/.m2/repository/org/apache/kerby/kerby-util/1.0.1/kerby-util-1.0.1.jar:/home/user/.m2/repository/org/apache/kerby/kerb-common/1.0.1/kerb-common-1.0.1.jar:/home/user/.m2/repository/org/apache/kerby/kerb-crypto/1.0.1/kerb-crypto-1.0.1.jar:/home/user/.m2/repository/org/apache/kerby/kerb-util/1.0.1/kerb-util-1.0.1.jar:/home/user/.m2/repository/org/apache/kerby/token-provider/1.0.1/token-provider-1.0.1.jar:/home/user/.m2/repository/org/apache/kerby/kerb-admin/1.0.1/kerb-admin-1.0.1.jar:/home/user/.m2/repository/org/apache/kerby/kerb-server/1.0.1/kerb-server-1.0.1.jar:/home/user/.m2/repository/org/apache/kerby/kerb-identity/1.0.1/kerb-identity-1.0.1.jar:/home/user/.m2/repository/org/apache/kerby/kerby-xdr/1.0.1/kerby-xdr-1.0.1.jar:/home/user/.m2/repository/org/slf4j/slf4j-log4j12/1.7.25/slf4j-log4j12-1.7.25.jar:/home/user/.m2/repository/org/apache/hadoop/hadoop-ozone-s3gateway/0.5.0-SNAPSHOT/hadoop-ozone-s3gateway-0.5.0-SNAPSHOT.jar:/home/user/.m2/repository/org/jboss/weld/servlet/weld-servlet/2.4.7.Final/weld-servlet-2.4.7.Final.jar:/home/user/.m2/repository/org/glassfish/jersey/containers/jersey-container-servlet-core/2.27/jersey-container-servlet-core-2.27.jar:/home/user/.m2/repository/org/glassfish/hk2/external/javax.inject/2.5.0-b42/javax.inject-2.5.0-b42.jar:/home/user/.m2/repository/org/glassfish/jersey/core/jersey-common/2.27/jersey-common-2.27.jar:/home/user/.m2/repository/org/glassfish/hk2/osgi-resource-locator/1.0.1/osgi-resource-locator-1.0.1.jar:/home/user/.m2/repository/javax/ws/rs/javax.ws.rs-api/2.1/javax.ws.rs-api-2.1.jar:/home/user/.m2/repository/org/glassfish/jersey/ext/cdi/jersey-cdi1x/2.27/jersey-cdi1x-2.27.jar:/home/user/.m2/repository/org/glassfish/jersey/inject/jersey-hk2/2.27/jersey-hk2-2.27.jar:/home/user/.m2/repository/org/glassfish/hk2/hk2-locator/2.5.0-b42/hk2-locator-2.5.0-b42.jar:/home/user/.m2/repository/org/javassist/javassist/3.22.0-CR2/javassist-3.22.0-CR2.jar:/home/user/.m2/repository/org/glassfish/hk2/hk2-api/2.5.0/hk2-api-2.5.0.jar:/home/user/.m2/repository/org/glassfish/hk2/external/jakarta.inject/2.5.0/jakarta.inject-2.5.0.jar:/home/user/.m2/repository/org/glassfish/hk2/hk2-utils/2.5.0/hk2-utils-2.5.0.jar:/home/user/.m2/repository/jakarta/annotation/jakarta.annotation-api/1.3.4/jakarta.annotation-api-1.3.4.jar:/home/user/.m2/repository/org/glassfish/hk2/external/aopalliance-repackaged/2.5.0/aopalliance-repackaged-2.5.0.jar:/home/user/.m2/repository/com/fasterxml/jackson/dataformat/jackson-dataformat-xml/2.9.0/jackson-dataformat-xml-2.9.0.jar:/home/user/.m2/repository/com/fasterxml/jackson/core/jackson-core/2.9.9/jackson-core-2.9.9.jar:/home/user/.m2/repository/com/fasterxml/jackson/module/jackson-module-jaxb-annotations/2.9.9/jackson-module-jaxb-annotations-2.9.9.jar:/home/user/.m2/repository/javax/enterprise/cdi-api/1.2/cdi-api-1.2.jar:/home/user/.m2/repository/javax/el/javax.el-api/3.0.0/javax.el-api-3.0.0.jar:/home/user/.m2/repository/javax/interceptor/javax.interceptor-api/1.2/javax.interceptor-api-1.2.jar:/home/user/.m2/repository/javax/inject/javax.inject/1/javax.inject-1.jar:/home/user/.m2/repository/com/sun/xml/bind/jaxb-impl/2.3.0.1/jaxb-impl-2.3.0.1.jar:/home/user/.m2/repository/com/sun/xml/bind/jaxb-core/2.3.0.1/jaxb-core-2.3.0.1.jar:/home/user/.m2/repository/javax/xml/bind/jaxb-api/2.3.0/jaxb-api-2.3.0.jar:/home/user/.m2/repository/javax/activation/activation/1.1.1/activation-1.1.1.jar:/home/user/.m2/repository/org/apache/hadoop/hadoop-ozone-csi/0.5.0-SNAPSHOT/hadoop-ozone-csi-0.5.0-SNAPSHOT.jar:/home/user/.m2/repository/com/google/protobuf/protobuf-java-util/3.5.1/protobuf-java-util-3.5.1.jar:/home/user/.m2/repository/org/apache/hadoop/hadoop-hdds-config/0.5.0-SNAPSHOT/hadoop-hdds-config-0.5.0-SNAPSHOT.jar:/home/user/.m2/repository/io/grpc/grpc-netty/1.17.1/grpc-netty-1.17.1.jar:/home/user/.m2/repository/io/grpc/grpc-core/1.17.1/grpc-core-1.17.1.jar:/home/user/.m2/repository/io/grpc/grpc-context/1.17.1/grpc-context-1.17.1.jar:/home/user/.m2/repository/com/google/errorprone/error_prone_annotations/2.2.0/error_prone_annotations-2.2.0.jar:/home/user/.m2/repository/org/codehaus/mojo/animal-sniffer-annotations/1.17/animal-sniffer-annotations-1.17.jar:/home/user/.m2/repository/io/opencensus/opencensus-api/0.17.0/opencensus-api-0.17.0.jar:/home/user/.m2/repository/io/opencensus/opencensus-contrib-grpc-metrics/0.17.0/opencensus-contrib-grpc-metrics-0.17.0.jar:/home/user/.m2/repository/io/netty/netty-codec-http2/4.1.30.Final/netty-codec-http2-4.1.30.Final.jar:/home/user/.m2/repository/io/netty/netty-codec-http/4.1.30.Final/netty-codec-http-4.1.30.Final.jar:/home/user/.m2/repository/io/netty/netty-codec/4.1.30.Final/netty-codec-4.1.30.Final.jar:/home/user/.m2/repository/io/netty/netty-handler/4.1.30.Final/netty-handler-4.1.30.Final.jar:/home/user/.m2/repository/io/netty/netty-handler-proxy/4.1.30.Final/netty-handler-proxy-4.1.30.Final.jar:/home/user/.m2/repository/io/netty/netty-codec-socks/4.1.30.Final/netty-codec-socks-4.1.30.Final.jar:/home/user/.m2/repository/io/netty/netty-transport-native-epoll/4.1.30.Final/netty-transport-native-epoll-4.1.30.Final.jar:/home/user/.m2/repository/io/netty/netty-common/4.1.30.Final/netty-common-4.1.30.Final.jar:/home/user/.m2/repository/io/netty/netty-buffer/4.1.30.Final/netty-buffer-4.1.30.Final.jar:/home/user/.m2/repository/io/netty/netty-transport/4.1.30.Final/netty-transport-4.1.30.Final.jar:/home/user/.m2/repository/io/netty/netty-resolver/4.1.30.Final/netty-resolver-4.1.30.Final.jar:/home/user/.m2/repository/io/netty/netty-transport-native-unix-common/4.1.30.Final/netty-transport-native-unix-common-4.1.30.Final.jar:/home/user/.m2/repository/io/grpc/grpc-protobuf/1.17.1/grpc-protobuf-1.17.1.jar:/home/user/.m2/repository/com/google/api/grpc/proto-google-common-protos/1.0.0/proto-google-common-protos-1.0.0.jar:/home/user/.m2/repository/io/grpc/grpc-protobuf-lite/1.17.1/grpc-protobuf-lite-1.17.1.jar:/home/user/.m2/repository/io/grpc/grpc-stub/1.17.1/grpc-stub-1.17.1.jar:/home/user/.m2/repository/org/apache/hadoop/hadoop-ozone-recon/0.5.0-SNAPSHOT/hadoop-ozone-recon-0.5.0-SNAPSHOT.jar:/home/user/.m2/repository/org/apache/hadoop/hadoop-ozone-reconcodegen/0.5.0-SNAPSHOT/hadoop-ozone-reconcodegen-0.5.0-SNAPSHOT.jar:/home/user/.m2/repository/com/google/inject/extensions/guice-multibindings/4.0/guice-multibindings-4.0.jar:/home/user/.m2/repository/com/google/inject/guice/4.0/guice-4.0.jar:/home/user/.m2/repository/aopalliance/aopalliance/1.0/aopalliance-1.0.jar:/home/user/.m2/repository/com/google/inject/extensions/guice-servlet/4.0/guice-servlet-4.0.jar:/home/user/.m2/repository/org/glassfish/jersey/containers/jersey-container-servlet/2.27/jersey-container-servlet-2.27.jar:/home/user/.m2/repository/org/glassfish/hk2/guice-bridge/2.5.0/guice-bridge-2.5.0.jar:/home/user/.m2/repository/org/glassfish/jersey/core/jersey-server/2.27/jersey-server-2.27.jar:/home/user/.m2/repository/org/glassfish/jersey/core/jersey-client/2.27/jersey-client-2.27.jar:/home/user/.m2/repository/org/glassfish/jersey/media/jersey-media-jaxb/2.27/jersey-media-jaxb-2.27.jar:/home/user/.m2/repository/javax/validation/validation-api/1.1.0.Final/validation-api-1.1.0.Final.jar:/home/user/.m2/repository/org/glassfish/jersey/media/jersey-media-json-jackson/2.27/jersey-media-json-jackson-2.27.jar:/home/user/.m2/repository/org/glassfish/jersey/ext/jersey-entity-filtering/2.27/jersey-entity-filtering-2.27.jar:/home/user/.m2/repository/com/google/inject/extensions/guice-assistedinject/4.0/guice-assistedinject-4.0.jar:/home/user/.m2/repository/org/jooq/jooq/3.11.10/jooq-3.11.10.jar:/home/user/.m2/repository/org/jooq/jooq-meta/3.11.10/jooq-meta-3.11.10.jar:/home/user/.m2/repository/org/jooq/jooq-codegen/3.11.10/jooq-codegen-3.11.10.jar:/home/user/.m2/repository/com/jolbox/bonecp/0.8.0.RELEASE/bonecp-0.8.0.RELEASE.jar:/home/user/.m2/repository/org/xerial/sqlite-jdbc/3.25.2/sqlite-jdbc-3.25.2.jar:/home/user/.m2/repository/org/springframework/spring-jdbc/5.1.3.RELEASE/spring-jdbc-5.1.3.RELEASE.jar:/home/user/.m2/repository/org/springframework/spring-beans/5.1.3.RELEASE/spring-beans-5.1.3.RELEASE.jar:/home/user/.m2/repository/org/springframework/spring-core/5.1.3.RELEASE/spring-core-5.1.3.RELEASE.jar:/home/user/.m2/repository/org/springframework/spring-jcl/5.1.3.RELEASE/spring-jcl-5.1.3.RELEASE.jar:/home/user/.m2/repository/org/springframework/spring-tx/5.1.3.RELEASE/spring-tx-5.1.3.RELEASE.jar:/home/user/.m2/repository/org/apache/hadoop/hadoop-ozone-client/0.5.0-SNAPSHOT/hadoop-ozone-client-0.5.0-SNAPSHOT.jar:/home/user/.m2/repository/commons-lang/commons-lang/2.6/commons-lang-2.6.jar:/home/user/.m2/repository/org/apache/hadoop/hadoop-ozone-ozone-manager/0.5.0-SNAPSHOT/hadoop-ozone-ozone-manager-0.5.0-SNAPSHOT-tests.jar:/home/user/.m2/repository/junit/junit/4.11/junit-4.11.jar:/home/user/.m2/repository/org/hamcrest/hamcrest-core/1.3/hamcrest-core-1.3.jar:/home/user/.m2/repository/org/openjdk/jmh/jmh-core/1.19/jmh-core-1.19.jar:/home/user/.m2/repository/net/sf/jopt-simple/jopt-simple/4.6/jopt-simple-4.6.jar:/home/user/.m2/repository/org/apache/commons/commons-math3/3.1.1/commons-math3-3.1.1.jar:/home/user/.m2/repository/org/openjdk/jmh/jmh-generator-annprocess/1.19/jmh-generator-annprocess-1.19.jar:/home/user/.m2/repository/org/mockito/mockito-all/1.8.5/mockito-all-1.8.5.jar:/home/user/.m2/repository/org/apache/hadoop/hadoop-kms/3.2.0/hadoop-kms-3.2.0.jar:/home/user/.m2/repository/org/apache/hadoop/hadoop-auth/3.2.0/hadoop-auth-3.2.0.jar:/home/user/.m2/repository/com/nimbusds/nimbus-jose-jwt/4.41.1/nimbus-jose-jwt-4.41.1.jar:/home/user/.m2/repository/com/github/stephenc/jcip/jcip-annotations/1.0-1/jcip-annotations-1.0-1.jar:/home/user/.m2/repository/net/minidev/json-smart/2.3/json-smart-2.3.jar:/home/user/.m2/repository/net/minidev/accessors-smart/1.2/accessors-smart-1.2.jar:/home/user/.m2/repository/org/ow2/asm/asm/5.0.4/asm-5.0.4.jar:/home/user/.m2/repository/org/apache/curator/curator-framework/2.12.0/curator-framework-2.12.0.jar:/home/user/.m2/repository/com/sun/jersey/jersey-core/1.19/jersey-core-1.19.jar:/home/user/.m2/repository/javax/ws/rs/jsr311-api/1.1.1/jsr311-api-1.1.1.jar:/home/user/.m2/repository/com/sun/jersey/jersey-server/1.19/jersey-server-1.19.jar:/home/user/.m2/repository/javax/servlet/javax.servlet-api/3.1.0/javax.servlet-api-3.1.0.jar:/home/user/.m2/repository/org/eclipse/jetty/jetty-server/9.3.25.v20180904/jetty-server-9.3.25.v20180904.jar:/home/user/.m2/repository/org/eclipse/jetty/jetty-http/9.3.25.v20180904/jetty-http-9.3.25.v20180904.jar:/home/user/.m2/repository/org/eclipse/jetty/jetty-io/9.3.25.v20180904/jetty-io-9.3.25.v20180904.jar:/home/user/.m2/repository/org/eclipse/jetty/jetty-webapp/9.3.25.v20180904/jetty-webapp-9.3.25.v20180904.jar:/home/user/.m2/repository/org/eclipse/jetty/jetty-xml/9.3.25.v20180904/jetty-xml-9.3.25.v20180904.jar:/home/user/.m2/repository/log4j/log4j/1.2.17/log4j-1.2.17.jar:/home/user/.m2/repository/org/slf4j/slf4j-api/1.7.25/slf4j-api-1.7.25.jar:/home/user/.m2/repository/org/slf4j/jul-to-slf4j/1.7.25/jul-to-slf4j-1.7.25.jar:/home/user/.m2/repository/org/eclipse/jetty/jetty-util/9.3.25.v20180904/jetty-util-9.3.25.v20180904.jar:/home/user/.m2/repository/com/fasterxml/jackson/core/jackson-databind/2.9.9/jackson-databind-2.9.9.jar:/home/user/.m2/repository/org/apache/hadoop/hadoop-kms/3.2.0/hadoop-kms-3.2.0-tests.jar:/home/user/.m2/repository/org/apache/hadoop/hadoop-hdds-server-scm/0.5.0-SNAPSHOT/hadoop-hdds-server-scm-0.5.0-SNAPSHOT-tests.jar:/home/user/.m2/repository/org/apache/hadoop/hadoop-hdds-container-service/0.5.0-SNAPSHOT/hadoop-hdds-container-service-0.5.0-SNAPSHOT-tests.jar:/home/user/.m2/repository/org/yaml/snakeyaml/1.16/snakeyaml-1.16.jar:/home/user/.m2/repository/org/apache/hadoop/hadoop-common/3.2.0/hadoop-common-3.2.0-tests.jar:/home/user/.m2/repository/org/apache/hadoop/hadoop-annotations/3.2.0/hadoop-annotations-3.2.0.jar:/usr/lib/jvm/java-1.8-openjdk/jre/../lib/tools.jar:/home/user/.m2/repository/commons-cli/commons-cli/1.2/commons-cli-1.2.jar:/home/user/.m2/repository/org/apache/httpcomponents/httpclient/4.5.2/httpclient-4.5.2.jar:/home/user/.m2/repository/org/apache/httpcomponents/httpcore/4.4.4/httpcore-4.4.4.jar:/home/user/.m2/repository/commons-codec/commons-codec/1.11/commons-codec-1.11.jar:/home/user/.m2/repository/commons-net/commons-net/3.6/commons-net-3.6.jar:/home/user/.m2/repository/commons-collections/commons-collections/3.2.2/commons-collections-3.2.2.jar:/home/user/.m2/repository/org/eclipse/jetty/jetty-servlet/9.3.25.v20180904/jetty-servlet-9.3.25.v20180904.jar:/home/user/.m2/repository/org/eclipse/jetty/jetty-security/9.3.25.v20180904/jetty-security-9.3.25.v20180904.jar:/home/user/.m2/repository/javax/servlet/jsp/jsp-api/2.1/jsp-api-2.1.jar:/home/user/.m2/repository/com/sun/jersey/jersey-servlet/1.19/jersey-servlet-1.19.jar:/home/user/.m2/repository/com/sun/jersey/jersey-json/1.19/jersey-json-1.19.jar:/home/user/.m2/repository/org/codehaus/jettison/jettison/1.1/jettison-1.1.jar:/home/user/.m2/repository/org/codehaus/jackson/jackson-core-asl/1.9.13/jackson-core-asl-1.9.13.jar:/home/user/.m2/repository/org/codehaus/jackson/jackson-mapper-asl/1.9.13/jackson-mapper-asl-1.9.13.jar:/home/user/.m2/repository/org/codehaus/jackson/jackson-jaxrs/1.9.13/jackson-jaxrs-1.9.13.jar:/home/user/.m2/repository/org/codehaus/jackson/jackson-xc/1.9.13/jackson-xc-1.9.13.jar:/home/user/.m2/repository/commons-logging/commons-logging/1.1.3/commons-logging-1.1.3.jar:/home/user/.m2/repository/commons-beanutils/commons-beanutils/1.9.4/commons-beanutils-1.9.4.jar:/home/user/.m2/repository/org/apache/commons/commons-configuration2/2.1.1/commons-configuration2-2.1.1.jar:/home/user/.m2/repository/org/apache/commons/commons-lang3/3.7/commons-lang3-3.7.jar:/home/user/.m2/repository/org/apache/commons/commons-text/1.4/commons-text-1.4.jar:/home/user/.m2/repository/org/apache/avro/avro/1.7.7/avro-1.7.7.jar:/home/user/.m2/repository/com/thoughtworks/paranamer/paranamer/2.3/paranamer-2.3.jar:/home/user/.m2/repository/org/xerial/snappy/snappy-java/1.0.5/snappy-java-1.0.5.jar:/home/user/.m2/repository/com/google/re2j/re2j/1.1/re2j-1.1.jar:/home/user/.m2/repository/com/google/code/gson/gson/2.2.4/gson-2.2.4.jar:/home/user/.m2/repository/com/jcraft/jsch/0.1.54/jsch-0.1.54.jar:/home/user/.m2/repository/org/apache/curator/curator-client/2.12.0/curator-client-2.12.0.jar:/home/user/.m2/repository/org/apache/curator/curator-recipes/2.12.0/curator-recipes-2.12.0.jar:/home/user/.m2/repository/com/google/code/findbugs/jsr305/3.0.0/jsr305-3.0.0.jar:/home/user/.m2/repository/org/apache/htrace/htrace-core4/4.1.0-incubating/htrace-core4-4.1.0-incubating.jar:/home/user/.m2/repository/org/apache/zookeeper/zookeeper/3.4.13/zookeeper-3.4.13.jar:/home/user/.m2/repository/jline/jline/0.9.94/jline-0.9.94.jar:/home/user/.m2/repository/org/apache/yetus/audience-annotations/0.5.0/audience-annotations-0.5.0.jar:/home/user/.m2/repository/org/codehaus/woodstox/stax2-api/3.1.4/stax2-api-3.1.4.jar:/home/user/.m2/repository/com/fasterxml/woodstox/woodstox-core/5.0.3/woodstox-core-5.0.3.jar:/home/user/.m2/repository/dnsjava/dnsjava/2.1.7/dnsjava-2.1.7.jar:/home/user/.m2/repository/org/apache/hadoop/hadoop-hdfs/3.2.0/hadoop-hdfs-3.2.0-tests.jar:/home/user/.m2/repository/org/eclipse/jetty/jetty-util-ajax/9.3.25.v20180904/jetty-util-ajax-9.3.25.v20180904.jar:/home/user/.m2/repository/commons-daemon/commons-daemon/1.0.13/commons-daemon-1.0.13.jar:/home/user/.m2/repository/io/netty/netty/3.10.5.Final/netty-3.10.5.Final.jar:/home/user/.m2/repository/io/netty/netty-all/4.0.52.Final/netty-all-4.0.52.Final.jar:/home/user/.m2/repository/org/fusesource/leveldbjni/leveldbjni-all/1.8/leveldbjni-all-1.8.jar:"/>
    <property name="java.vm.vendor" value="IcedTea"/>
    <property name="sun.arch.data.model" value="64"/>
    <property name="test.build.dir" value="/workdir/hadoop-ozone/integration-test/target/test-dir"/>
    <property name="test.cache.data" value=""/>
    <property name="java.vendor.url" value="https://icedtea.classpath.org"/>
    <property name="user.timezone" value=""/>
    <property name="java.vm.specification.version" value="1.8"/>
    <property name="os.name" value="Linux"/>
    <property name="test.build.data" value="/workdir/hadoop-ozone/integration-test/target/test-dir"/>
    <property name="user.country" value="US"/>
    <property name="sun.java.launcher" value="SUN_STANDARD"/>
    <property name="sun.boot.library.path" value="/usr/lib/jvm/java-1.8-openjdk/jre/lib/amd64"/>
    <property name="sun.java.command" value="/workdir/hadoop-ozone/integration-test/target/surefire/surefirebooter4136779770352019721.jar /workdir/hadoop-ozone/integration-test/target/surefire 2019-10-10T18-38-44_219-jvmRun1 surefire1359493676858406365tmp surefire_228640124454427497927tmp"/>
    <property name="test" value="!TestMiniChaosOzoneCluster"/>
    <property name="surefire.test.class.path" value="/workdir/hadoop-ozone/integration-test/target/test-classes:/workdir/hadoop-ozone/integration-test/target/classes:/home/user/.m2/repository/org/apache/hadoop/hadoop-ozone-common/0.5.0-SNAPSHOT/hadoop-ozone-common-0.5.0-SNAPSHOT.jar:/home/user/.m2/repository/org/apache/commons/commons-compress/1.4.1/commons-compress-1.4.1.jar:/home/user/.m2/repository/org/tukaani/xz/1.0/xz-1.0.jar:/home/user/.m2/repository/org/apache/hadoop/hadoop-common/3.2.0/hadoop-common-3.2.0.jar:/home/user/.m2/repository/org/apache/hadoop/hadoop-hdfs/3.2.0/hadoop-hdfs-3.2.0.jar:/home/user/.m2/repository/org/apache/hadoop/hadoop-hdfs-client/3.2.0/hadoop-hdfs-client-3.2.0.jar:/home/user/.m2/repository/com/fasterxml/jackson/core/jackson-annotations/2.9.9/jackson-annotations-2.9.9.jar:/home/user/.m2/repository/org/apache/hadoop/hadoop-hdds-common/0.5.0-SNAPSHOT/hadoop-hdds-common-0.5.0-SNAPSHOT.jar:/home/user/.m2/repository/javax/annotation/javax.annotation-api/1.2/javax.annotation-api-1.2.jar:/home/user/.m2/repository/org/apache/ratis/ratis-server/0.5.0-201fc85-SNAPSHOT/ratis-server-0.5.0-201fc85-SNAPSHOT.jar:/home/user/.m2/repository/org/apache/ratis/ratis-thirdparty-misc/0.2.0/ratis-thirdparty-misc-0.2.0.jar:/home/user/.m2/repository/org/apache/ratis/ratis-proto/0.5.0-201fc85-SNAPSHOT/ratis-proto-0.5.0-201fc85-SNAPSHOT.jar:/home/user/.m2/repository/org/apache/ratis/ratis-common/0.5.0-201fc85-SNAPSHOT/ratis-common-0.5.0-201fc85-SNAPSHOT.jar:/home/user/.m2/repository/org/apache/ratis/ratis-client/0.5.0-201fc85-SNAPSHOT/ratis-client-0.5.0-201fc85-SNAPSHOT.jar:/home/user/.m2/repository/org/apache/ratis/ratis-metrics/0.5.0-201fc85-SNAPSHOT/ratis-metrics-0.5.0-201fc85-SNAPSHOT.jar:/home/user/.m2/repository/com/github/joshelser/dropwizard-metrics-hadoop-metrics2-reporter/0.1.2/dropwizard-metrics-hadoop-metrics2-reporter-0.1.2.jar:/home/user/.m2/repository/io/dropwizard/metrics/metrics-jvm/3.2.5/metrics-jvm-3.2.5.jar:/home/user/.m2/repository/io/dropwizard/metrics/metrics-ganglia/3.2.5/metrics-ganglia-3.2.5.jar:/home/user/.m2/repository/info/ganglia/gmetric4j/gmetric4j/1.0.7/gmetric4j-1.0.7.jar:/home/user/.m2/repository/org/apache/ratis/ratis-netty/0.5.0-201fc85-SNAPSHOT/ratis-netty-0.5.0-201fc85-SNAPSHOT.jar:/home/user/.m2/repository/org/apache/ratis/ratis-grpc/0.5.0-201fc85-SNAPSHOT/ratis-grpc-0.5.0-201fc85-SNAPSHOT.jar:/home/user/.m2/repository/org/rocksdb/rocksdbjni/6.0.1/rocksdbjni-6.0.1.jar:/home/user/.m2/repository/org/apache/logging/log4j/log4j-api/2.11.0/log4j-api-2.11.0.jar:/home/user/.m2/repository/org/apache/logging/log4j/log4j-core/2.11.0/log4j-core-2.11.0.jar:/home/user/.m2/repository/com/lmax/disruptor/3.4.2/disruptor-3.4.2.jar:/home/user/.m2/repository/org/apache/commons/commons-pool2/2.6.0/commons-pool2-2.6.0.jar:/home/user/.m2/repository/org/bouncycastle/bcpkix-jdk15on/1.60/bcpkix-jdk15on-1.60.jar:/home/user/.m2/repository/commons-validator/commons-validator/1.6/commons-validator-1.6.jar:/home/user/.m2/repository/commons-digester/commons-digester/1.8.1/commons-digester-1.8.1.jar:/home/user/.m2/repository/io/jaegertracing/jaeger-client/0.34.0/jaeger-client-0.34.0.jar:/home/user/.m2/repository/io/jaegertracing/jaeger-thrift/0.34.0/jaeger-thrift-0.34.0.jar:/home/user/.m2/repository/org/apache/thrift/libthrift/0.12.0/libthrift-0.12.0.jar:/home/user/.m2/repository/com/squareup/okhttp3/okhttp/3.9.0/okhttp-3.9.0.jar:/home/user/.m2/repository/com/squareup/okio/okio/1.13.0/okio-1.13.0.jar:/home/user/.m2/repository/io/jaegertracing/jaeger-core/0.34.0/jaeger-core-0.34.0.jar:/home/user/.m2/repository/io/jaegertracing/jaeger-tracerresolver/0.34.0/jaeger-tracerresolver-0.34.0.jar:/home/user/.m2/repository/io/opentracing/contrib/opentracing-tracerresolver/0.1.5/opentracing-tracerresolver-0.1.5.jar:/home/user/.m2/repository/io/opentracing/opentracing-util/0.31.0/opentracing-util-0.31.0.jar:/home/user/.m2/repository/io/opentracing/opentracing-api/0.31.0/opentracing-api-0.31.0.jar:/home/user/.m2/repository/io/opentracing/opentracing-noop/0.31.0/opentracing-noop-0.31.0.jar:/home/user/.m2/repository/org/apache/hadoop/hadoop-hdds-server-framework/0.5.0-SNAPSHOT/hadoop-hdds-server-framework-0.5.0-SNAPSHOT.jar:/home/user/.m2/repository/org/apache/hadoop/hadoop-hdds-container-service/0.5.0-SNAPSHOT/hadoop-hdds-container-service-0.5.0-SNAPSHOT.jar:/home/user/.m2/repository/org/apache/hadoop/hadoop-hdds-client/0.5.0-SNAPSHOT/hadoop-hdds-client-0.5.0-SNAPSHOT.jar:/home/user/.m2/repository/org/apache/hadoop/hadoop-hdds-tools/0.5.0-SNAPSHOT/hadoop-hdds-tools-0.5.0-SNAPSHOT.jar:/home/user/.m2/repository/org/apache/hadoop/hadoop-hdds-server-scm/0.5.0-SNAPSHOT/hadoop-hdds-server-scm-0.5.0-SNAPSHOT.jar:/home/user/.m2/repository/org/apache/hadoop/hadoop-hdds-docs/0.5.0-SNAPSHOT/hadoop-hdds-docs-0.5.0-SNAPSHOT.jar:/home/user/.m2/repository/io/dropwizard/metrics/metrics-core/3.2.4/metrics-core-3.2.4.jar:/home/user/.m2/repository/org/hamcrest/hamcrest-all/1.3/hamcrest-all-1.3.jar:/home/user/.m2/repository/org/bouncycastle/bcprov-jdk15on/1.60/bcprov-jdk15on-1.60.jar:/home/user/.m2/repository/info/picocli/picocli/3.9.6/picocli-3.9.6.jar:/home/user/.m2/repository/com/google/protobuf/protobuf-java/2.5.0/protobuf-java-2.5.0.jar:/home/user/.m2/repository/com/google/guava/guava/11.0.2/guava-11.0.2.jar:/home/user/.m2/repository/org/apache/hadoop/hadoop-ozone-ozone-manager/0.5.0-SNAPSHOT/hadoop-ozone-ozone-manager-0.5.0-SNAPSHOT.jar:/home/user/.m2/repository/org/apache/hadoop/hadoop-minikdc/3.2.0/hadoop-minikdc-3.2.0.jar:/home/user/.m2/repository/commons-io/commons-io/2.5/commons-io-2.5.jar:/home/user/.m2/repository/org/apache/kerby/kerb-simplekdc/1.0.1/kerb-simplekdc-1.0.1.jar:/home/user/.m2/repository/org/apache/kerby/kerb-client/1.0.1/kerb-client-1.0.1.jar:/home/user/.m2/repository/org/apache/kerby/kerby-config/1.0.1/kerby-config-1.0.1.jar:/home/user/.m2/repository/org/apache/kerby/kerb-core/1.0.1/kerb-core-1.0.1.jar:/home/user/.m2/repository/org/apache/kerby/kerby-pkix/1.0.1/kerby-pkix-1.0.1.jar:/home/user/.m2/repository/org/apache/kerby/kerby-asn1/1.0.1/kerby-asn1-1.0.1.jar:/home/user/.m2/repository/org/apache/kerby/kerby-util/1.0.1/kerby-util-1.0.1.jar:/home/user/.m2/repository/org/apache/kerby/kerb-common/1.0.1/kerb-common-1.0.1.jar:/home/user/.m2/repository/org/apache/kerby/kerb-crypto/1.0.1/kerb-crypto-1.0.1.jar:/home/user/.m2/repository/org/apache/kerby/kerb-util/1.0.1/kerb-util-1.0.1.jar:/home/user/.m2/repository/org/apache/kerby/token-provider/1.0.1/token-provider-1.0.1.jar:/home/user/.m2/repository/org/apache/kerby/kerb-admin/1.0.1/kerb-admin-1.0.1.jar:/home/user/.m2/repository/org/apache/kerby/kerb-server/1.0.1/kerb-server-1.0.1.jar:/home/user/.m2/repository/org/apache/kerby/kerb-identity/1.0.1/kerb-identity-1.0.1.jar:/home/user/.m2/repository/org/apache/kerby/kerby-xdr/1.0.1/kerby-xdr-1.0.1.jar:/home/user/.m2/repository/org/slf4j/slf4j-log4j12/1.7.25/slf4j-log4j12-1.7.25.jar:/home/user/.m2/repository/org/apache/hadoop/hadoop-ozone-s3gateway/0.5.0-SNAPSHOT/hadoop-ozone-s3gateway-0.5.0-SNAPSHOT.jar:/home/user/.m2/repository/org/jboss/weld/servlet/weld-servlet/2.4.7.Final/weld-servlet-2.4.7.Final.jar:/home/user/.m2/repository/org/glassfish/jersey/containers/jersey-container-servlet-core/2.27/jersey-container-servlet-core-2.27.jar:/home/user/.m2/repository/org/glassfish/hk2/external/javax.inject/2.5.0-b42/javax.inject-2.5.0-b42.jar:/home/user/.m2/repository/org/glassfish/jersey/core/jersey-common/2.27/jersey-common-2.27.jar:/home/user/.m2/repository/org/glassfish/hk2/osgi-resource-locator/1.0.1/osgi-resource-locator-1.0.1.jar:/home/user/.m2/repository/javax/ws/rs/javax.ws.rs-api/2.1/javax.ws.rs-api-2.1.jar:/home/user/.m2/repository/org/glassfish/jersey/ext/cdi/jersey-cdi1x/2.27/jersey-cdi1x-2.27.jar:/home/user/.m2/repository/org/glassfish/jersey/inject/jersey-hk2/2.27/jersey-hk2-2.27.jar:/home/user/.m2/repository/org/glassfish/hk2/hk2-locator/2.5.0-b42/hk2-locator-2.5.0-b42.jar:/home/user/.m2/repository/org/javassist/javassist/3.22.0-CR2/javassist-3.22.0-CR2.jar:/home/user/.m2/repository/org/glassfish/hk2/hk2-api/2.5.0/hk2-api-2.5.0.jar:/home/user/.m2/repository/org/glassfish/hk2/external/jakarta.inject/2.5.0/jakarta.inject-2.5.0.jar:/home/user/.m2/repository/org/glassfish/hk2/hk2-utils/2.5.0/hk2-utils-2.5.0.jar:/home/user/.m2/repository/jakarta/annotation/jakarta.annotation-api/1.3.4/jakarta.annotation-api-1.3.4.jar:/home/user/.m2/repository/org/glassfish/hk2/external/aopalliance-repackaged/2.5.0/aopalliance-repackaged-2.5.0.jar:/home/user/.m2/repository/com/fasterxml/jackson/dataformat/jackson-dataformat-xml/2.9.0/jackson-dataformat-xml-2.9.0.jar:/home/user/.m2/repository/com/fasterxml/jackson/core/jackson-core/2.9.9/jackson-core-2.9.9.jar:/home/user/.m2/repository/com/fasterxml/jackson/module/jackson-module-jaxb-annotations/2.9.9/jackson-module-jaxb-annotations-2.9.9.jar:/home/user/.m2/repository/javax/enterprise/cdi-api/1.2/cdi-api-1.2.jar:/home/user/.m2/repository/javax/el/javax.el-api/3.0.0/javax.el-api-3.0.0.jar:/home/user/.m2/repository/javax/interceptor/javax.interceptor-api/1.2/javax.interceptor-api-1.2.jar:/home/user/.m2/repository/javax/inject/javax.inject/1/javax.inject-1.jar:/home/user/.m2/repository/com/sun/xml/bind/jaxb-impl/2.3.0.1/jaxb-impl-2.3.0.1.jar:/home/user/.m2/repository/com/sun/xml/bind/jaxb-core/2.3.0.1/jaxb-core-2.3.0.1.jar:/home/user/.m2/repository/javax/xml/bind/jaxb-api/2.3.0/jaxb-api-2.3.0.jar:/home/user/.m2/repository/javax/activation/activation/1.1.1/activation-1.1.1.jar:/home/user/.m2/repository/org/apache/hadoop/hadoop-ozone-csi/0.5.0-SNAPSHOT/hadoop-ozone-csi-0.5.0-SNAPSHOT.jar:/home/user/.m2/repository/com/google/protobuf/protobuf-java-util/3.5.1/protobuf-java-util-3.5.1.jar:/home/user/.m2/repository/org/apache/hadoop/hadoop-hdds-config/0.5.0-SNAPSHOT/hadoop-hdds-config-0.5.0-SNAPSHOT.jar:/home/user/.m2/repository/io/grpc/grpc-netty/1.17.1/grpc-netty-1.17.1.jar:/home/user/.m2/repository/io/grpc/grpc-core/1.17.1/grpc-core-1.17.1.jar:/home/user/.m2/repository/io/grpc/grpc-context/1.17.1/grpc-context-1.17.1.jar:/home/user/.m2/repository/com/google/errorprone/error_prone_annotations/2.2.0/error_prone_annotations-2.2.0.jar:/home/user/.m2/repository/org/codehaus/mojo/animal-sniffer-annotations/1.17/animal-sniffer-annotations-1.17.jar:/home/user/.m2/repository/io/opencensus/opencensus-api/0.17.0/opencensus-api-0.17.0.jar:/home/user/.m2/repository/io/opencensus/opencensus-contrib-grpc-metrics/0.17.0/opencensus-contrib-grpc-metrics-0.17.0.jar:/home/user/.m2/repository/io/netty/netty-codec-http2/4.1.30.Final/netty-codec-http2-4.1.30.Final.jar:/home/user/.m2/repository/io/netty/netty-codec-http/4.1.30.Final/netty-codec-http-4.1.30.Final.jar:/home/user/.m2/repository/io/netty/netty-codec/4.1.30.Final/netty-codec-4.1.30.Final.jar:/home/user/.m2/repository/io/netty/netty-handler/4.1.30.Final/netty-handler-4.1.30.Final.jar:/home/user/.m2/repository/io/netty/netty-handler-proxy/4.1.30.Final/netty-handler-proxy-4.1.30.Final.jar:/home/user/.m2/repository/io/netty/netty-codec-socks/4.1.30.Final/netty-codec-socks-4.1.30.Final.jar:/home/user/.m2/repository/io/netty/netty-transport-native-epoll/4.1.30.Final/netty-transport-native-epoll-4.1.30.Final.jar:/home/user/.m2/repository/io/netty/netty-common/4.1.30.Final/netty-common-4.1.30.Final.jar:/home/user/.m2/repository/io/netty/netty-buffer/4.1.30.Final/netty-buffer-4.1.30.Final.jar:/home/user/.m2/repository/io/netty/netty-transport/4.1.30.Final/netty-transport-4.1.30.Final.jar:/home/user/.m2/repository/io/netty/netty-resolver/4.1.30.Final/netty-resolver-4.1.30.Final.jar:/home/user/.m2/repository/io/netty/netty-transport-native-unix-common/4.1.30.Final/netty-transport-native-unix-common-4.1.30.Final.jar:/home/user/.m2/repository/io/grpc/grpc-protobuf/1.17.1/grpc-protobuf-1.17.1.jar:/home/user/.m2/repository/com/google/api/grpc/proto-google-common-protos/1.0.0/proto-google-common-protos-1.0.0.jar:/home/user/.m2/repository/io/grpc/grpc-protobuf-lite/1.17.1/grpc-protobuf-lite-1.17.1.jar:/home/user/.m2/repository/io/grpc/grpc-stub/1.17.1/grpc-stub-1.17.1.jar:/home/user/.m2/repository/org/apache/hadoop/hadoop-ozone-recon/0.5.0-SNAPSHOT/hadoop-ozone-recon-0.5.0-SNAPSHOT.jar:/home/user/.m2/repository/org/apache/hadoop/hadoop-ozone-reconcodegen/0.5.0-SNAPSHOT/hadoop-ozone-reconcodegen-0.5.0-SNAPSHOT.jar:/home/user/.m2/repository/com/google/inject/extensions/guice-multibindings/4.0/guice-multibindings-4.0.jar:/home/user/.m2/repository/com/google/inject/guice/4.0/guice-4.0.jar:/home/user/.m2/repository/aopalliance/aopalliance/1.0/aopalliance-1.0.jar:/home/user/.m2/repository/com/google/inject/extensions/guice-servlet/4.0/guice-servlet-4.0.jar:/home/user/.m2/repository/org/glassfish/jersey/containers/jersey-container-servlet/2.27/jersey-container-servlet-2.27.jar:/home/user/.m2/repository/org/glassfish/hk2/guice-bridge/2.5.0/guice-bridge-2.5.0.jar:/home/user/.m2/repository/org/glassfish/jersey/core/jersey-server/2.27/jersey-server-2.27.jar:/home/user/.m2/repository/org/glassfish/jersey/core/jersey-client/2.27/jersey-client-2.27.jar:/home/user/.m2/repository/org/glassfish/jersey/media/jersey-media-jaxb/2.27/jersey-media-jaxb-2.27.jar:/home/user/.m2/repository/javax/validation/validation-api/1.1.0.Final/validation-api-1.1.0.Final.jar:/home/user/.m2/repository/org/glassfish/jersey/media/jersey-media-json-jackson/2.27/jersey-media-json-jackson-2.27.jar:/home/user/.m2/repository/org/glassfish/jersey/ext/jersey-entity-filtering/2.27/jersey-entity-filtering-2.27.jar:/home/user/.m2/repository/com/google/inject/extensions/guice-assistedinject/4.0/guice-assistedinject-4.0.jar:/home/user/.m2/repository/org/jooq/jooq/3.11.10/jooq-3.11.10.jar:/home/user/.m2/repository/org/jooq/jooq-meta/3.11.10/jooq-meta-3.11.10.jar:/home/user/.m2/repository/org/jooq/jooq-codegen/3.11.10/jooq-codegen-3.11.10.jar:/home/user/.m2/repository/com/jolbox/bonecp/0.8.0.RELEASE/bonecp-0.8.0.RELEASE.jar:/home/user/.m2/repository/org/xerial/sqlite-jdbc/3.25.2/sqlite-jdbc-3.25.2.jar:/home/user/.m2/repository/org/springframework/spring-jdbc/5.1.3.RELEASE/spring-jdbc-5.1.3.RELEASE.jar:/home/user/.m2/repository/org/springframework/spring-beans/5.1.3.RELEASE/spring-beans-5.1.3.RELEASE.jar:/home/user/.m2/repository/org/springframework/spring-core/5.1.3.RELEASE/spring-core-5.1.3.RELEASE.jar:/home/user/.m2/repository/org/springframework/spring-jcl/5.1.3.RELEASE/spring-jcl-5.1.3.RELEASE.jar:/home/user/.m2/repository/org/springframework/spring-tx/5.1.3.RELEASE/spring-tx-5.1.3.RELEASE.jar:/home/user/.m2/repository/org/apache/hadoop/hadoop-ozone-client/0.5.0-SNAPSHOT/hadoop-ozone-client-0.5.0-SNAPSHOT.jar:/home/user/.m2/repository/commons-lang/commons-lang/2.6/commons-lang-2.6.jar:/home/user/.m2/repository/org/apache/hadoop/hadoop-ozone-ozone-manager/0.5.0-SNAPSHOT/hadoop-ozone-ozone-manager-0.5.0-SNAPSHOT-tests.jar:/home/user/.m2/repository/junit/junit/4.11/junit-4.11.jar:/home/user/.m2/repository/org/hamcrest/hamcrest-core/1.3/hamcrest-core-1.3.jar:/home/user/.m2/repository/org/openjdk/jmh/jmh-core/1.19/jmh-core-1.19.jar:/home/user/.m2/repository/net/sf/jopt-simple/jopt-simple/4.6/jopt-simple-4.6.jar:/home/user/.m2/repository/org/apache/commons/commons-math3/3.1.1/commons-math3-3.1.1.jar:/home/user/.m2/repository/org/openjdk/jmh/jmh-generator-annprocess/1.19/jmh-generator-annprocess-1.19.jar:/home/user/.m2/repository/org/mockito/mockito-all/1.8.5/mockito-all-1.8.5.jar:/home/user/.m2/repository/org/apache/hadoop/hadoop-kms/3.2.0/hadoop-kms-3.2.0.jar:/home/user/.m2/repository/org/apache/hadoop/hadoop-auth/3.2.0/hadoop-auth-3.2.0.jar:/home/user/.m2/repository/com/nimbusds/nimbus-jose-jwt/4.41.1/nimbus-jose-jwt-4.41.1.jar:/home/user/.m2/repository/com/github/stephenc/jcip/jcip-annotations/1.0-1/jcip-annotations-1.0-1.jar:/home/user/.m2/repository/net/minidev/json-smart/2.3/json-smart-2.3.jar:/home/user/.m2/repository/net/minidev/accessors-smart/1.2/accessors-smart-1.2.jar:/home/user/.m2/repository/org/ow2/asm/asm/5.0.4/asm-5.0.4.jar:/home/user/.m2/repository/org/apache/curator/curator-framework/2.12.0/curator-framework-2.12.0.jar:/home/user/.m2/repository/com/sun/jersey/jersey-core/1.19/jersey-core-1.19.jar:/home/user/.m2/repository/javax/ws/rs/jsr311-api/1.1.1/jsr311-api-1.1.1.jar:/home/user/.m2/repository/com/sun/jersey/jersey-server/1.19/jersey-server-1.19.jar:/home/user/.m2/repository/javax/servlet/javax.servlet-api/3.1.0/javax.servlet-api-3.1.0.jar:/home/user/.m2/repository/org/eclipse/jetty/jetty-server/9.3.25.v20180904/jetty-server-9.3.25.v20180904.jar:/home/user/.m2/repository/org/eclipse/jetty/jetty-http/9.3.25.v20180904/jetty-http-9.3.25.v20180904.jar:/home/user/.m2/repository/org/eclipse/jetty/jetty-io/9.3.25.v20180904/jetty-io-9.3.25.v20180904.jar:/home/user/.m2/repository/org/eclipse/jetty/jetty-webapp/9.3.25.v20180904/jetty-webapp-9.3.25.v20180904.jar:/home/user/.m2/repository/org/eclipse/jetty/jetty-xml/9.3.25.v20180904/jetty-xml-9.3.25.v20180904.jar:/home/user/.m2/repository/log4j/log4j/1.2.17/log4j-1.2.17.jar:/home/user/.m2/repository/org/slf4j/slf4j-api/1.7.25/slf4j-api-1.7.25.jar:/home/user/.m2/repository/org/slf4j/jul-to-slf4j/1.7.25/jul-to-slf4j-1.7.25.jar:/home/user/.m2/repository/org/eclipse/jetty/jetty-util/9.3.25.v20180904/jetty-util-9.3.25.v20180904.jar:/home/user/.m2/repository/com/fasterxml/jackson/core/jackson-databind/2.9.9/jackson-databind-2.9.9.jar:/home/user/.m2/repository/org/apache/hadoop/hadoop-kms/3.2.0/hadoop-kms-3.2.0-tests.jar:/home/user/.m2/repository/org/apache/hadoop/hadoop-hdds-server-scm/0.5.0-SNAPSHOT/hadoop-hdds-server-scm-0.5.0-SNAPSHOT-tests.jar:/home/user/.m2/repository/org/apache/hadoop/hadoop-hdds-container-service/0.5.0-SNAPSHOT/hadoop-hdds-container-service-0.5.0-SNAPSHOT-tests.jar:/home/user/.m2/repository/org/yaml/snakeyaml/1.16/snakeyaml-1.16.jar:/home/user/.m2/repository/org/apache/hadoop/hadoop-common/3.2.0/hadoop-common-3.2.0-tests.jar:/home/user/.m2/repository/org/apache/hadoop/hadoop-annotations/3.2.0/hadoop-annotations-3.2.0.jar:/usr/lib/jvm/java-1.8-openjdk/jre/../lib/tools.jar:/home/user/.m2/repository/commons-cli/commons-cli/1.2/commons-cli-1.2.jar:/home/user/.m2/repository/org/apache/httpcomponents/httpclient/4.5.2/httpclient-4.5.2.jar:/home/user/.m2/repository/org/apache/httpcomponents/httpcore/4.4.4/httpcore-4.4.4.jar:/home/user/.m2/repository/commons-codec/commons-codec/1.11/commons-codec-1.11.jar:/home/user/.m2/repository/commons-net/commons-net/3.6/commons-net-3.6.jar:/home/user/.m2/repository/commons-collections/commons-collections/3.2.2/commons-collections-3.2.2.jar:/home/user/.m2/repository/org/eclipse/jetty/jetty-servlet/9.3.25.v20180904/jetty-servlet-9.3.25.v20180904.jar:/home/user/.m2/repository/org/eclipse/jetty/jetty-security/9.3.25.v20180904/jetty-security-9.3.25.v20180904.jar:/home/user/.m2/repository/javax/servlet/jsp/jsp-api/2.1/jsp-api-2.1.jar:/home/user/.m2/repository/com/sun/jersey/jersey-servlet/1.19/jersey-servlet-1.19.jar:/home/user/.m2/repository/com/sun/jersey/jersey-json/1.19/jersey-json-1.19.jar:/home/user/.m2/repository/org/codehaus/jettison/jettison/1.1/jettison-1.1.jar:/home/user/.m2/repository/org/codehaus/jackson/jackson-core-asl/1.9.13/jackson-core-asl-1.9.13.jar:/home/user/.m2/repository/org/codehaus/jackson/jackson-mapper-asl/1.9.13/jackson-mapper-asl-1.9.13.jar:/home/user/.m2/repository/org/codehaus/jackson/jackson-jaxrs/1.9.13/jackson-jaxrs-1.9.13.jar:/home/user/.m2/repository/org/codehaus/jackson/jackson-xc/1.9.13/jackson-xc-1.9.13.jar:/home/user/.m2/repository/commons-logging/commons-logging/1.1.3/commons-logging-1.1.3.jar:/home/user/.m2/repository/commons-beanutils/commons-beanutils/1.9.4/commons-beanutils-1.9.4.jar:/home/user/.m2/repository/org/apache/commons/commons-configuration2/2.1.1/commons-configuration2-2.1.1.jar:/home/user/.m2/repository/org/apache/commons/commons-lang3/3.7/commons-lang3-3.7.jar:/home/user/.m2/repository/org/apache/commons/commons-text/1.4/commons-text-1.4.jar:/home/user/.m2/repository/org/apache/avro/avro/1.7.7/avro-1.7.7.jar:/home/user/.m2/repository/com/thoughtworks/paranamer/paranamer/2.3/paranamer-2.3.jar:/home/user/.m2/repository/org/xerial/snappy/snappy-java/1.0.5/snappy-java-1.0.5.jar:/home/user/.m2/repository/com/google/re2j/re2j/1.1/re2j-1.1.jar:/home/user/.m2/repository/com/google/code/gson/gson/2.2.4/gson-2.2.4.jar:/home/user/.m2/repository/com/jcraft/jsch/0.1.54/jsch-0.1.54.jar:/home/user/.m2/repository/org/apache/curator/curator-client/2.12.0/curator-client-2.12.0.jar:/home/user/.m2/repository/org/apache/curator/curator-recipes/2.12.0/curator-recipes-2.12.0.jar:/home/user/.m2/repository/com/google/code/findbugs/jsr305/3.0.0/jsr305-3.0.0.jar:/home/user/.m2/repository/org/apache/htrace/htrace-core4/4.1.0-incubating/htrace-core4-4.1.0-incubating.jar:/home/user/.m2/repository/org/apache/zookeeper/zookeeper/3.4.13/zookeeper-3.4.13.jar:/home/user/.m2/repository/jline/jline/0.9.94/jline-0.9.94.jar:/home/user/.m2/repository/org/apache/yetus/audience-annotations/0.5.0/audience-annotations-0.5.0.jar:/home/user/.m2/repository/org/codehaus/woodstox/stax2-api/3.1.4/stax2-api-3.1.4.jar:/home/user/.m2/repository/com/fasterxml/woodstox/woodstox-core/5.0.3/woodstox-core-5.0.3.jar:/home/user/.m2/repository/dnsjava/dnsjava/2.1.7/dnsjava-2.1.7.jar:/home/user/.m2/repository/org/apache/hadoop/hadoop-hdfs/3.2.0/hadoop-hdfs-3.2.0-tests.jar:/home/user/.m2/repository/org/eclipse/jetty/jetty-util-ajax/9.3.25.v20180904/jetty-util-ajax-9.3.25.v20180904.jar:/home/user/.m2/repository/commons-daemon/commons-daemon/1.0.13/commons-daemon-1.0.13.jar:/home/user/.m2/repository/io/netty/netty/3.10.5.Final/netty-3.10.5.Final.jar:/home/user/.m2/repository/io/netty/netty-all/4.0.52.Final/netty-all-4.0.52.Final.jar:/home/user/.m2/repository/org/fusesource/leveldbjni/leveldbjni-all/1.8/leveldbjni-all-1.8.jar:"/>
    <property name="sun.cpu.endian" value="little"/>
    <property name="user.home" value="/home/user"/>
    <property name="user.language" value="en"/>
    <property name="java.specification.vendor" value="Oracle Corporation"/>
    <property name="java.home" value="/usr/lib/jvm/java-1.8-openjdk/jre"/>
    <property name="java.security.krb5.conf" value="/workdir/hadoop-ozone/integration-test/target/test-classes/krb5.conf"/>
    <property name="basedir" value="/workdir/hadoop-ozone/integration-test"/>
    <property name="file.separator" value="/"/>
    <property name="line.separator" value="&#10;"/>
    <property name="java.vm.specification.vendor" value="Oracle Corporation"/>
    <property name="java.specification.name" value="Java Platform API Specification"/>
    <property name="java.awt.graphicsenv" value="sun.awt.X11GraphicsEnvironment"/>
    <property name="surefire.real.class.path" value="/workdir/hadoop-ozone/integration-test/target/surefire/surefirebooter4136779770352019721.jar"/>
    <property name="hadoop.log.dir" value="/workdir/hadoop-ozone/integration-test/target/log"/>
    <property name="sun.boot.class.path" value="/usr/lib/jvm/java-1.8-openjdk/jre/lib/resources.jar:/usr/lib/jvm/java-1.8-openjdk/jre/lib/rt.jar:/usr/lib/jvm/java-1.8-openjdk/jre/lib/sunrsasign.jar:/usr/lib/jvm/java-1.8-openjdk/jre/lib/jsse.jar:/usr/lib/jvm/java-1.8-openjdk/jre/lib/jce.jar:/usr/lib/jvm/java-1.8-openjdk/jre/lib/charsets.jar:/usr/lib/jvm/java-1.8-openjdk/jre/lib/jfr.jar:/usr/lib/jvm/java-1.8-openjdk/jre/classes"/>
    <property name="sun.management.compiler" value="HotSpot 64-Bit Tiered Compilers"/>
    <property name="java.runtime.version" value="1.8.0_212-b04"/>
    <property name="java.net.preferIPv4Stack" value="true"/>
    <property name="user.name" value="jenkins1000"/>
    <property name="path.separator" value=":"/>
    <property name="java.security.egd" value="file:///dev/urandom"/>
    <property name="os.version" value="3.10.0-957.12.2.el7.x86_64"/>
    <property name="java.endorsed.dirs" value="/usr/lib/jvm/java-1.8-openjdk/jre/lib/endorsed"/>
    <property name="java.runtime.name" value="OpenJDK Runtime Environment"/>
    <property name="file.encoding" value="UTF-8"/>
    <property name="java.vm.name" value="OpenJDK 64-Bit Server VM"/>
    <property name="test.build.webapps" value=""/>
    <property name="localRepository" value="/home/user/.m2/repository"/>
    <property name="java.vendor.url.bug" value="https://icedtea.classpath.org/bugzilla"/>
    <property name="java.io.tmpdir" value="/tmp"/>
    <property name="require.test.libhadoop" value=""/>
    <property name="java.version" value="1.8.0_212"/>
    <property name="user.dir" value="/workdir/hadoop-ozone/integration-test"/>
    <property name="os.arch" value="amd64"/>
    <property name="java.vm.specification.name" value="Java Virtual Machine Specification"/>
    <property name="test.build.classes" value="/workdir/hadoop-ozone/integration-test/target/test-classes"/>
    <property name="java.awt.printerjob" value="sun.print.PSPrinterJob"/>
    <property name="sun.os.patch.level" value="unknown"/>
    <property name="hadoop.tmp.dir" value="/workdir/hadoop-ozone/integration-test/target/tmp"/>
    <property name="java.library.path" value="/usr/lib/jvm/java-1.8-openjdk/jre/lib/amd64/server:/usr/lib/jvm/java-1.8-openjdk/jre/lib/amd64:/usr/lib/jvm/java-1.8-openjdk/jre/../lib/amd64:/workdir/hadoop-ozone/integration-test/target/native/target/usr/local/lib:/workdir/hadoop-ozone/integration-test/../../hadoop-common-project/hadoop-common/target/native/target/usr/local/lib:/usr/java/packages/lib/amd64:/usr/lib64:/lib64:/lib:/usr/lib"/>
    <property name="java.vm.info" value="mixed mode"/>
    <property name="java.vendor" value="IcedTea"/>
    <property name="java.vm.version" value="25.212-b04"/>
    <property name="java.ext.dirs" value="/usr/lib/jvm/java-1.8-openjdk/jre/lib/ext:/usr/java/packages/lib/ext"/>
    <property name="sun.io.unicode.encoding" value="UnicodeLittle"/>
    <property name="java.class.version" value="52.0"/>
  </properties>
  <testcase name="test2DatanodesFailure" classname="org.apache.hadoop.ozone.client.rpc.TestBlockOutputStreamWithFailures" time="119.501"/>
  <testcase name="testDatanodeFailureWithPreAllocation" classname="org.apache.hadoop.ozone.client.rpc.TestBlockOutputStreamWithFailures" time="223.171"/>
  <testcase name="testDatanodeFailureWithSingleNodeRatis" classname="org.apache.hadoop.ozone.client.rpc.TestBlockOutputStreamWithFailures" time="222.609"/>
  <testcase name="testWatchForCommitWithSingleNodeRatis" classname="org.apache.hadoop.ozone.client.rpc.TestBlockOutputStreamWithFailures" time="35.668"/>
  <testcase name="testWatchForCommitDatanodeFailure" classname="org.apache.hadoop.ozone.client.rpc.TestBlockOutputStreamWithFailures" time="42.528">
    <failure message="expected:&lt;2&gt; but was:&lt;3&gt;" type="java.lang.AssertionError"><![CDATA[java.lang.AssertionError: expected:<2> but was:<3>
	at org.junit.Assert.fail(Assert.java:88)
	at org.junit.Assert.failNotEquals(Assert.java:743)
	at org.junit.Assert.assertEquals(Assert.java:118)
	at org.junit.Assert.assertEquals(Assert.java:555)
	at org.junit.Assert.assertEquals(Assert.java:542)
	at org.apache.hadoop.ozone.client.rpc.TestBlockOutputStreamWithFailures.testWatchForCommitDatanodeFailure(TestBlockOutputStreamWithFailures.java:366)
	at sun.reflect.NativeMethodAccessorImpl.invoke0(Native Method)
	at sun.reflect.NativeMethodAccessorImpl.invoke(NativeMethodAccessorImpl.java:62)
	at sun.reflect.DelegatingMethodAccessorImpl.invoke(DelegatingMethodAccessorImpl.java:43)
	at java.lang.reflect.Method.invoke(Method.java:498)
	at org.junit.runners.model.FrameworkMethod$1.runReflectiveCall(FrameworkMethod.java:47)
	at org.junit.internal.runners.model.ReflectiveCallable.run(ReflectiveCallable.java:12)
	at org.junit.runners.model.FrameworkMethod.invokeExplosively(FrameworkMethod.java:44)
	at org.junit.internal.runners.statements.InvokeMethod.evaluate(InvokeMethod.java:17)
	at org.junit.internal.runners.statements.RunBefores.evaluate(RunBefores.java:26)
	at org.junit.internal.runners.statements.RunAfters.evaluate(RunAfters.java:27)
	at org.junit.runners.ParentRunner.runLeaf(ParentRunner.java:271)
	at org.junit.runners.BlockJUnit4ClassRunner.runChild(BlockJUnit4ClassRunner.java:70)
	at org.junit.runners.BlockJUnit4ClassRunner.runChild(BlockJUnit4ClassRunner.java:50)
	at org.junit.runners.ParentRunner$3.run(ParentRunner.java:238)
	at org.junit.runners.ParentRunner$1.schedule(ParentRunner.java:63)
	at org.junit.runners.ParentRunner.runChildren(ParentRunner.java:236)
	at org.junit.runners.ParentRunner.access$000(ParentRunner.java:53)
	at org.junit.runners.ParentRunner$2.evaluate(ParentRunner.java:229)
	at org.junit.runners.ParentRunner.run(ParentRunner.java:309)
	at org.apache.maven.surefire.junit4.JUnit4Provider.execute(JUnit4Provider.java:365)
	at org.apache.maven.surefire.junit4.JUnit4Provider.executeWithRerun(JUnit4Provider.java:273)
	at org.apache.maven.surefire.junit4.JUnit4Provider.executeTestSet(JUnit4Provider.java:238)
	at org.apache.maven.surefire.junit4.JUnit4Provider.invoke(JUnit4Provider.java:159)
	at org.apache.maven.surefire.booter.ForkedBooter.invokeProviderInSameClassLoader(ForkedBooter.java:384)
	at org.apache.maven.surefire.booter.ForkedBooter.runSuitesInProcess(ForkedBooter.java:345)
	at org.apache.maven.surefire.booter.ForkedBooter.execute(ForkedBooter.java:126)
	at org.apache.maven.surefire.booter.ForkedBooter.main(ForkedBooter.java:418)
]]></failure>
    <system-out><![CDATA[2019-10-10 19:09:07,297 [main] WARN  server.ServerUtils (ServerUtils.java:getScmDbDir(145)) - ozone.scm.db.dirs is not configured. We recommend adding this setting. Falling back to ozone.metadata.dirs instead.
2019-10-10 19:09:07,313 [main] WARN  server.ServerUtils (ServerUtils.java:getScmDbDir(145)) - ozone.scm.db.dirs is not configured. We recommend adding this setting. Falling back to ozone.metadata.dirs instead.
2019-10-10 19:09:07,314 [main] WARN  server.ServerUtils (ServerUtils.java:getScmDbDir(145)) - ozone.scm.db.dirs is not configured. We recommend adding this setting. Falling back to ozone.metadata.dirs instead.
2019-10-10 19:09:07,314 [main] INFO  db.DBStoreBuilder (DBStoreBuilder.java:addTable(117)) - using custom profile for table: deletedBlocks
2019-10-10 19:09:07,315 [main] INFO  db.DBStoreBuilder (DBStoreBuilder.java:processTables(168)) - Using default column profile:DBProfile.DISK for Table:deletedBlocks
2019-10-10 19:09:07,315 [main] INFO  db.DBStoreBuilder (DBStoreBuilder.java:addTable(117)) - using custom profile for table: validCerts
2019-10-10 19:09:07,315 [main] INFO  db.DBStoreBuilder (DBStoreBuilder.java:processTables(168)) - Using default column profile:DBProfile.DISK for Table:validCerts
2019-10-10 19:09:07,315 [main] INFO  db.DBStoreBuilder (DBStoreBuilder.java:addTable(117)) - using custom profile for table: revokedCerts
2019-10-10 19:09:07,315 [main] INFO  db.DBStoreBuilder (DBStoreBuilder.java:processTables(168)) - Using default column profile:DBProfile.DISK for Table:revokedCerts
2019-10-10 19:09:07,316 [main] INFO  db.DBStoreBuilder (DBStoreBuilder.java:addTable(117)) - using custom profile for table: default
2019-10-10 19:09:07,316 [main] INFO  db.DBStoreBuilder (DBStoreBuilder.java:processTables(174)) - Using default column profile:DBProfile.DISK for Table:default
2019-10-10 19:09:07,316 [main] INFO  db.DBStoreBuilder (DBStoreBuilder.java:getDbProfile(205)) - Using default options. DBProfile.DISK
2019-10-10 19:09:07,507 [main] INFO  net.NodeSchemaLoader (NodeSchemaLoader.java:loadSchemaFromFile(125)) - Loading file from sun.misc.CompoundEnumeration@41aebbb4
2019-10-10 19:09:07,507 [main] INFO  net.NodeSchemaLoader (NodeSchemaLoader.java:loadSchema(171)) - Loading network topology layer schema file
2019-10-10 19:09:07,512 [main] INFO  node.SCMNodeManager (SCMNodeManager.java:<init>(116)) - Entering startup safe mode.
2019-10-10 19:09:07,513 [main] INFO  algorithms.ContainerPlacementPolicyFactory (ContainerPlacementPolicyFactory.java:getPolicy(57)) - Create container placement policy of type org.apache.hadoop.hdds.scm.container.placement.algorithms.SCMContainerPlacementRandom
2019-10-10 19:09:07,514 [main] WARN  server.ServerUtils (ServerUtils.java:getScmDbDir(145)) - ozone.scm.db.dirs is not configured. We recommend adding this setting. Falling back to ozone.metadata.dirs instead.
2019-10-10 19:09:07,569 [main] INFO  pipeline.SCMPipelineManager (SCMPipelineManager.java:initializePipelineState(132)) - No pipeline exists in current db
2019-10-10 19:09:07,569 [main] WARN  server.ServerUtils (ServerUtils.java:getScmDbDir(145)) - ozone.scm.db.dirs is not configured. We recommend adding this setting. Falling back to ozone.metadata.dirs instead.
2019-10-10 19:09:07,633 [main] WARN  events.EventQueue (EventQueue.java:fireEvent(183)) - No event handler registered for event TypedEvent{payloadType=SafeModeStatus, name='SafeModeStatus'}
2019-10-10 19:09:07,634 [main] INFO  ipc.CallQueueManager (CallQueueManager.java:<init>(84)) - Using callQueue: class java.util.concurrent.LinkedBlockingQueue, queueCapacity: 2000, scheduler: class org.apache.hadoop.ipc.DefaultRpcScheduler, ipcBackoff: false.
2019-10-10 19:09:07,635 [Socket Reader #1 for port 39090] INFO  ipc.Server (Server.java:run(1074)) - Starting Socket Reader #1 for port 39090
2019-10-10 19:09:07,638 [main] INFO  ipc.CallQueueManager (CallQueueManager.java:<init>(84)) - Using callQueue: class java.util.concurrent.LinkedBlockingQueue, queueCapacity: 2000, scheduler: class org.apache.hadoop.ipc.DefaultRpcScheduler, ipcBackoff: false.
2019-10-10 19:09:07,639 [Socket Reader #1 for port 45156] INFO  ipc.Server (Server.java:run(1074)) - Starting Socket Reader #1 for port 45156
2019-10-10 19:09:07,641 [main] INFO  ipc.CallQueueManager (CallQueueManager.java:<init>(84)) - Using callQueue: class java.util.concurrent.LinkedBlockingQueue, queueCapacity: 2000, scheduler: class org.apache.hadoop.ipc.DefaultRpcScheduler, ipcBackoff: false.
2019-10-10 19:09:07,642 [Socket Reader #1 for port 41420] INFO  ipc.Server (Server.java:run(1074)) - Starting Socket Reader #1 for port 41420
2019-10-10 19:09:07,645 [main] INFO  hdfs.DFSUtil (DFSUtil.java:httpServerTemplateForNNAndJN(1641)) - Starting Web-server for scm at: http://0.0.0.0:0
2019-10-10 19:09:07,647 [main] INFO  server.AuthenticationFilter (AuthenticationFilter.java:constructSecretProvider(240)) - Unable to initialize FileSignerSecretProvider, falling back to use random secrets.
2019-10-10 19:09:07,648 [main] WARN  http.HttpRequestLog (HttpRequestLog.java:getRequestLog(97)) - Jetty request log can only be enabled using Log4j
2019-10-10 19:09:07,650 [main] INFO  http.HttpServer2 (HttpServer2.java:addGlobalFilter(975)) - Added global filter 'safety' (class=org.apache.hadoop.http.HttpServer2$QuotingInputFilter)
2019-10-10 19:09:07,651 [main] INFO  http.HttpServer2 (HttpServer2.java:addFilter(948)) - Added filter static_user_filter (class=org.apache.hadoop.http.lib.StaticUserWebFilter$StaticUserFilter) to context scm
2019-10-10 19:09:07,651 [main] INFO  http.HttpServer2 (HttpServer2.java:addFilter(958)) - Added filter static_user_filter (class=org.apache.hadoop.http.lib.StaticUserWebFilter$StaticUserFilter) to context logs
2019-10-10 19:09:07,652 [main] INFO  http.HttpServer2 (HttpServer2.java:addFilter(958)) - Added filter static_user_filter (class=org.apache.hadoop.http.lib.StaticUserWebFilter$StaticUserFilter) to context static
2019-10-10 19:09:07,654 [main] INFO  server.StorageContainerManager (StorageContainerManager.java:start(772)) - StorageContainerLocationProtocol RPC server is listening at /0.0.0.0:41420
2019-10-10 19:09:07,656 [main] WARN  impl.MetricsConfig (MetricsConfig.java:loadFirst(134)) - Cannot locate configuration: tried hadoop-metrics2-storagecontainermanager.properties,hadoop-metrics2.properties
2019-10-10 19:09:07,657 [main] INFO  impl.MetricsSystemImpl (MetricsSystemImpl.java:startTimer(374)) - Scheduled Metric snapshot period at 10 second(s).
2019-10-10 19:09:07,658 [main] INFO  impl.MetricsSystemImpl (MetricsSystemImpl.java:start(191)) - StorageContainerManager metrics system started
2019-10-10 19:09:07,780 [main] WARN  impl.MetricsSystemImpl (MetricsSystemImpl.java:register(276)) - Sink prometheus already exists!
2019-10-10 19:09:07,827 [main] INFO  server.SCMClientProtocolServer (SCMClientProtocolServer.java:start(159)) - RPC server for Client  is listening at /0.0.0.0:41420
2019-10-10 19:09:07,828 [IPC Server Responder] INFO  ipc.Server (Server.java:run(1314)) - IPC Server Responder: starting
2019-10-10 19:09:07,830 [IPC Server listener on 41420] INFO  ipc.Server (Server.java:run(1153)) - IPC Server listener on 41420: starting
2019-10-10 19:09:07,833 [main] INFO  server.StorageContainerManager (StorageContainerManager.java:start(782)) - ScmBlockLocationProtocol RPC server is listening at /0.0.0.0:45156
2019-10-10 19:09:07,833 [main] INFO  server.SCMBlockProtocolServer (SCMBlockProtocolServer.java:start(146)) - RPC server for Block Protocol is listening at /0.0.0.0:45156
2019-10-10 19:09:07,833 [IPC Server listener on 45156] INFO  ipc.Server (Server.java:run(1153)) - IPC Server listener on 45156: starting
2019-10-10 19:09:07,833 [IPC Server Responder] INFO  ipc.Server (Server.java:run(1314)) - IPC Server Responder: starting
2019-10-10 19:09:07,837 [main] INFO  server.StorageContainerManager (StorageContainerManager.java:start(786)) - ScmDatanodeProtocl RPC server is listening at /0.0.0.0:39090
2019-10-10 19:09:07,837 [main] INFO  server.SCMDatanodeProtocolServer (SCMDatanodeProtocolServer.java:start(169)) - RPC server for DataNodes is listening at /0.0.0.0:39090
2019-10-10 19:09:07,838 [IPC Server Responder] INFO  ipc.Server (Server.java:run(1314)) - IPC Server Responder: starting
2019-10-10 19:09:07,838 [IPC Server listener on 39090] INFO  ipc.Server (Server.java:run(1153)) - IPC Server listener on 39090: starting
2019-10-10 19:09:07,842 [main] INFO  http.HttpServer2 (HttpServer2.java:bindListener(1191)) - Jetty bound to port 40619
2019-10-10 19:09:07,842 [main] INFO  server.Server (Server.java:doStart(351)) - jetty-9.3.25.v20180904, build timestamp: 2018-09-04T21:11:46Z, git hash: 3ce520221d0240229c862b122d2b06c12a625732
2019-10-10 19:09:07,843 [main] INFO  handler.ContextHandler (ContextHandler.java:doStart(781)) - Started o.e.j.s.ServletContextHandler@2bd8f7db{/logs,file:///workdir/hadoop-ozone/integration-test/target/log,AVAILABLE}
2019-10-10 19:09:07,844 [main] INFO  handler.ContextHandler (ContextHandler.java:doStart(781)) - Started o.e.j.s.ServletContextHandler@30abf79c{/static,file:///workdir/hadoop-ozone/integration-test/target/test-classes/webapps/static,AVAILABLE}
2019-10-10 19:09:07,847 [main] INFO  handler.ContextHandler (ContextHandler.java:doStart(781)) - Started o.e.j.w.WebAppContext@7d37ee0c{/,file:///workdir/hadoop-ozone/integration-test/target/test-classes/webapps/scm/,AVAILABLE}{/scm}
2019-10-10 19:09:07,848 [main] INFO  server.AbstractConnector (AbstractConnector.java:doStart(278)) - Started ServerConnector@5a7b309b{HTTP/1.1,[http/1.1]}{0.0.0.0:40619}
2019-10-10 19:09:07,849 [main] INFO  server.Server (Server.java:doStart(419)) - Started @602175ms
2019-10-10 19:09:07,849 [main] WARN  impl.MetricsSystemImpl (MetricsSystemImpl.java:register(276)) - Sink prometheus already exists!
2019-10-10 19:09:07,849 [main] INFO  server.BaseHttpServer (BaseHttpServer.java:updateConnectorAddress(215)) - HTTP server of SCM is listening at http://0.0.0.0:40619
2019-10-10 19:09:07,850 [main] WARN  server.ServerUtils (ServerUtils.java:getDBPath(222)) - ozone.om.db.dirs is not configured. We recommend adding this setting. Falling back to ozone.metadata.dirs instead.
2019-10-10 19:09:07,850 [org.apache.hadoop.util.JvmPauseMonitor$Monitor@7739aac4] INFO  util.JvmPauseMonitor (JvmPauseMonitor.java:run(188)) - Starting JVM pause monitor
2019-10-10 19:09:07,864 [main] INFO  ha.OMHANodeDetails (OMHANodeDetails.java:loadOMHAConfig(190)) - Configuration either no ozone.om.address set. Falling back to the default OM address /127.0.0.1:0
2019-10-10 19:09:07,864 [main] INFO  ha.OMHANodeDetails (OMHANodeDetails.java:getOMNodeDetails(220)) - OM Service ID is not set. Setting it to the default ID: omServiceIdDefault
2019-10-10 19:09:07,864 [main] WARN  server.ServerUtils (ServerUtils.java:getDBPath(222)) - ozone.om.db.dirs is not configured. We recommend adding this setting. Falling back to ozone.metadata.dirs instead.
2019-10-10 19:09:07,864 [main] WARN  server.ServerUtils (ServerUtils.java:getDBPath(222)) - ozone.om.db.dirs is not configured. We recommend adding this setting. Falling back to ozone.metadata.dirs instead.
2019-10-10 19:09:07,871 [main] WARN  server.ServerUtils (ServerUtils.java:getDBPath(222)) - ozone.om.db.dirs is not configured. We recommend adding this setting. Falling back to ozone.metadata.dirs instead.
2019-10-10 19:09:07,871 [main] INFO  db.DBStoreBuilder (DBStoreBuilder.java:addTable(117)) - using custom profile for table: userTable
2019-10-10 19:09:07,871 [main] INFO  db.DBStoreBuilder (DBStoreBuilder.java:processTables(168)) - Using default column profile:DBProfile.DISK for Table:userTable
2019-10-10 19:09:07,871 [main] INFO  db.DBStoreBuilder (DBStoreBuilder.java:addTable(117)) - using custom profile for table: volumeTable
2019-10-10 19:09:07,871 [main] INFO  db.DBStoreBuilder (DBStoreBuilder.java:processTables(168)) - Using default column profile:DBProfile.DISK for Table:volumeTable
2019-10-10 19:09:07,872 [main] INFO  db.DBStoreBuilder (DBStoreBuilder.java:addTable(117)) - using custom profile for table: bucketTable
2019-10-10 19:09:07,872 [main] INFO  db.DBStoreBuilder (DBStoreBuilder.java:processTables(168)) - Using default column profile:DBProfile.DISK for Table:bucketTable
2019-10-10 19:09:07,872 [main] INFO  db.DBStoreBuilder (DBStoreBuilder.java:addTable(117)) - using custom profile for table: keyTable
2019-10-10 19:09:07,872 [main] INFO  db.DBStoreBuilder (DBStoreBuilder.java:processTables(168)) - Using default column profile:DBProfile.DISK for Table:keyTable
2019-10-10 19:09:07,872 [main] INFO  db.DBStoreBuilder (DBStoreBuilder.java:addTable(117)) - using custom profile for table: deletedTable
2019-10-10 19:09:07,872 [main] INFO  db.DBStoreBuilder (DBStoreBuilder.java:processTables(168)) - Using default column profile:DBProfile.DISK for Table:deletedTable
2019-10-10 19:09:07,872 [main] INFO  db.DBStoreBuilder (DBStoreBuilder.java:addTable(117)) - using custom profile for table: openKeyTable
2019-10-10 19:09:07,873 [main] INFO  db.DBStoreBuilder (DBStoreBuilder.java:processTables(168)) - Using default column profile:DBProfile.DISK for Table:openKeyTable
2019-10-10 19:09:07,873 [main] INFO  db.DBStoreBuilder (DBStoreBuilder.java:addTable(117)) - using custom profile for table: s3Table
2019-10-10 19:09:07,873 [main] INFO  db.DBStoreBuilder (DBStoreBuilder.java:processTables(168)) - Using default column profile:DBProfile.DISK for Table:s3Table
2019-10-10 19:09:07,873 [main] INFO  db.DBStoreBuilder (DBStoreBuilder.java:addTable(117)) - using custom profile for table: multipartInfoTable
2019-10-10 19:09:07,873 [main] INFO  db.DBStoreBuilder (DBStoreBuilder.java:processTables(168)) - Using default column profile:DBProfile.DISK for Table:multipartInfoTable
2019-10-10 19:09:07,873 [main] INFO  db.DBStoreBuilder (DBStoreBuilder.java:addTable(117)) - using custom profile for table: dTokenTable
2019-10-10 19:09:07,873 [main] INFO  db.DBStoreBuilder (DBStoreBuilder.java:processTables(168)) - Using default column profile:DBProfile.DISK for Table:dTokenTable
2019-10-10 19:09:07,874 [main] INFO  db.DBStoreBuilder (DBStoreBuilder.java:addTable(117)) - using custom profile for table: s3SecretTable
2019-10-10 19:09:07,874 [main] INFO  db.DBStoreBuilder (DBStoreBuilder.java:processTables(168)) - Using default column profile:DBProfile.DISK for Table:s3SecretTable
2019-10-10 19:09:07,874 [main] INFO  db.DBStoreBuilder (DBStoreBuilder.java:addTable(117)) - using custom profile for table: prefixTable
2019-10-10 19:09:07,874 [main] INFO  db.DBStoreBuilder (DBStoreBuilder.java:processTables(168)) - Using default column profile:DBProfile.DISK for Table:prefixTable
2019-10-10 19:09:07,874 [main] INFO  db.DBStoreBuilder (DBStoreBuilder.java:addTable(117)) - using custom profile for table: default
2019-10-10 19:09:07,874 [main] INFO  db.DBStoreBuilder (DBStoreBuilder.java:processTables(174)) - Using default column profile:DBProfile.DISK for Table:default
2019-10-10 19:09:07,874 [main] INFO  db.DBStoreBuilder (DBStoreBuilder.java:getDbProfile(205)) - Using default options. DBProfile.DISK
2019-10-10 19:09:08,314 [main] INFO  ipc.CallQueueManager (CallQueueManager.java:<init>(84)) - Using callQueue: class java.util.concurrent.LinkedBlockingQueue, queueCapacity: 2000, scheduler: class org.apache.hadoop.ipc.DefaultRpcScheduler, ipcBackoff: false.
2019-10-10 19:09:08,315 [Socket Reader #1 for port 43081] INFO  ipc.Server (Server.java:run(1074)) - Starting Socket Reader #1 for port 43081
2019-10-10 19:09:08,333 [main] INFO  om.OzoneManager (OzoneManager.java:start(1069)) - OzoneManager RPC server is listening at localhost/127.0.0.1:43081
2019-10-10 19:09:08,333 [main] INFO  impl.MetricsSystemImpl (MetricsSystemImpl.java:init(158)) - OzoneManager metrics system started (again)
2019-10-10 19:09:08,336 [IPC Server Responder] INFO  ipc.Server (Server.java:run(1314)) - IPC Server Responder: starting
2019-10-10 19:09:08,337 [IPC Server listener on 43081] INFO  ipc.Server (Server.java:run(1153)) - IPC Server listener on 43081: starting
2019-10-10 19:09:08,343 [main] INFO  hdfs.DFSUtil (DFSUtil.java:httpServerTemplateForNNAndJN(1641)) - Starting Web-server for ozoneManager at: http://0.0.0.0:0
2019-10-10 19:09:08,345 [main] INFO  server.AuthenticationFilter (AuthenticationFilter.java:constructSecretProvider(240)) - Unable to initialize FileSignerSecretProvider, falling back to use random secrets.
2019-10-10 19:09:08,346 [main] WARN  http.HttpRequestLog (HttpRequestLog.java:getRequestLog(97)) - Jetty request log can only be enabled using Log4j
2019-10-10 19:09:08,348 [main] INFO  http.HttpServer2 (HttpServer2.java:addGlobalFilter(975)) - Added global filter 'safety' (class=org.apache.hadoop.http.HttpServer2$QuotingInputFilter)
2019-10-10 19:09:08,349 [main] INFO  http.HttpServer2 (HttpServer2.java:addFilter(948)) - Added filter static_user_filter (class=org.apache.hadoop.http.lib.StaticUserWebFilter$StaticUserFilter) to context ozoneManager
2019-10-10 19:09:08,350 [main] INFO  http.HttpServer2 (HttpServer2.java:addFilter(958)) - Added filter static_user_filter (class=org.apache.hadoop.http.lib.StaticUserWebFilter$StaticUserFilter) to context static
2019-10-10 19:09:08,350 [main] INFO  http.HttpServer2 (HttpServer2.java:addFilter(958)) - Added filter static_user_filter (class=org.apache.hadoop.http.lib.StaticUserWebFilter$StaticUserFilter) to context logs
2019-10-10 19:09:08,351 [main] INFO  http.HttpServer2 (HttpServer2.java:bindListener(1191)) - Jetty bound to port 34990
2019-10-10 19:09:08,351 [main] INFO  server.Server (Server.java:doStart(351)) - jetty-9.3.25.v20180904, build timestamp: 2018-09-04T21:11:46Z, git hash: 3ce520221d0240229c862b122d2b06c12a625732
2019-10-10 19:09:08,353 [main] INFO  handler.ContextHandler (ContextHandler.java:doStart(781)) - Started o.e.j.s.ServletContextHandler@71d55b7e{/logs,file:///workdir/hadoop-ozone/integration-test/target/log,AVAILABLE}
2019-10-10 19:09:08,354 [main] INFO  handler.ContextHandler (ContextHandler.java:doStart(781)) - Started o.e.j.s.ServletContextHandler@28ee882c{/static,file:///workdir/hadoop-ozone/integration-test/target/test-classes/webapps/static,AVAILABLE}
2019-10-10 19:09:08,359 [main] INFO  handler.ContextHandler (ContextHandler.java:doStart(781)) - Started o.e.j.w.WebAppContext@47fcefb3{/,file:///workdir/hadoop-ozone/integration-test/target/test-classes/webapps/ozoneManager/,AVAILABLE}{/ozoneManager}
2019-10-10 19:09:08,359 [main] INFO  server.AbstractConnector (AbstractConnector.java:doStart(278)) - Started ServerConnector@236c098{HTTP/1.1,[http/1.1]}{0.0.0.0:34990}
2019-10-10 19:09:08,361 [main] INFO  server.Server (Server.java:doStart(419)) - Started @602688ms
2019-10-10 19:09:08,361 [main] WARN  impl.MetricsSystemImpl (MetricsSystemImpl.java:register(276)) - Sink prometheus already exists!
2019-10-10 19:09:08,362 [main] INFO  server.BaseHttpServer (BaseHttpServer.java:updateConnectorAddress(215)) - HTTP server of OZONEMANAGER is listening at http://0.0.0.0:34990
2019-10-10 19:09:08,380 [main] INFO  impl.MetricsSystemImpl (MetricsSystemImpl.java:init(158)) - HddsDatanode metrics system started (again)
2019-10-10 19:09:08,385 [main] INFO  ozone.HddsDatanodeService (HddsDatanodeService.java:start(184)) - HddsDatanodeService host:pr-hdds-2194-9vxpc-1955504311 ip:192.168.5.175
2019-10-10 19:09:08,392 [main] INFO  volume.HddsVolume (HddsVolume.java:<init>(176)) - Creating Volume: /workdir/hadoop-ozone/integration-test/target/test-dir/MiniOzoneClusterImpl-1a4c3d35-b2f5-4839-a9b3-d09690a86701/datanode-0/data/containers/hdds of  storage type : DISK and capacity : 1482555576320
2019-10-10 19:09:08,392 [main] INFO  volume.VolumeSet (VolumeSet.java:initializeVolumeSet(170)) - Added Volume : /workdir/hadoop-ozone/integration-test/target/test-dir/MiniOzoneClusterImpl-1a4c3d35-b2f5-4839-a9b3-d09690a86701/datanode-0/data/containers/hdds to VolumeSet
2019-10-10 19:09:08,392 [main] INFO  volume.ThrottledAsyncChecker (ThrottledAsyncChecker.java:schedule(141)) - Scheduling a check for org.apache.hadoop.ozone.container.common.volume.HddsVolume@794240e2
2019-10-10 19:09:08,393 [main] INFO  volume.HddsVolumeChecker (HddsVolumeChecker.java:checkAllVolumes(204)) - Scheduled health check for volume org.apache.hadoop.ozone.container.common.volume.HddsVolume@794240e2
2019-10-10 19:09:08,410 [main] INFO  impl.RaftServerProxy (ConfUtils.java:logGet(43)) - raft.rpc.type = GRPC (default)
2019-10-10 19:09:08,410 [main] INFO  grpc.GrpcFactory (GrpcFactory.java:checkPooledByteBufAllocatorUseCacheForAllThreads(45)) - PERFORMANCE WARNING: useCacheForAllThreads is true that may cause Netty to create a lot garbage objects and, as a result, trigger GC.
	It is recommended to disable useCacheForAllThreads by setting -Dorg.apache.ratis.thirdparty.io.netty.allocator.useCacheForAllThreads=false in command line.
2019-10-10 19:09:08,410 [main] INFO  grpc.GrpcConfigKeys$Server (ConfUtils.java:logGet(43)) - raft.grpc.server.port = 0 (default)
2019-10-10 19:09:08,410 [main] INFO  server.GrpcService (ConfUtils.java:logGet(43)) - raft.grpc.message.size.max = 33570816 (custom)
2019-10-10 19:09:08,411 [main] INFO  server.RaftServerConfigKeys (ConfUtils.java:logGet(43)) - raft.server.log.appender.buffer.byte-limit = 33554432 (custom)
2019-10-10 19:09:08,411 [main] INFO  server.GrpcService (ConfUtils.java:logGet(43)) - raft.grpc.flow.control.window = 1MB (=1048576) (default)
2019-10-10 19:09:08,411 [main] INFO  server.RaftServerConfigKeys (ConfUtils.java:logGet(43)) - raft.server.rpc.request.timeout = 3000ms (default)
2019-10-10 19:09:08,412 [main] INFO  server.RaftServerConfigKeys (ConfUtils.java:logGet(43)) - raft.server.storage.dir = [/workdir/hadoop-ozone/integration-test/target/test-dir/MiniOzoneClusterImpl-1a4c3d35-b2f5-4839-a9b3-d09690a86701/datanode-0/data/ratis] (custom)
2019-10-10 19:09:08,413 [main] INFO  hdfs.DFSUtil (DFSUtil.java:httpServerTemplateForNNAndJN(1641)) - Starting Web-server for hddsDatanode at: http://0.0.0.0:0
2019-10-10 19:09:08,414 [main] INFO  server.AuthenticationFilter (AuthenticationFilter.java:constructSecretProvider(240)) - Unable to initialize FileSignerSecretProvider, falling back to use random secrets.
2019-10-10 19:09:08,415 [main] WARN  http.HttpRequestLog (HttpRequestLog.java:getRequestLog(97)) - Jetty request log can only be enabled using Log4j
2019-10-10 19:09:08,416 [main] INFO  http.HttpServer2 (HttpServer2.java:addGlobalFilter(975)) - Added global filter 'safety' (class=org.apache.hadoop.http.HttpServer2$QuotingInputFilter)
2019-10-10 19:09:08,417 [main] INFO  http.HttpServer2 (HttpServer2.java:addFilter(948)) - Added filter static_user_filter (class=org.apache.hadoop.http.lib.StaticUserWebFilter$StaticUserFilter) to context hddsDatanode
2019-10-10 19:09:08,417 [main] INFO  http.HttpServer2 (HttpServer2.java:addFilter(958)) - Added filter static_user_filter (class=org.apache.hadoop.http.lib.StaticUserWebFilter$StaticUserFilter) to context logs
2019-10-10 19:09:08,417 [main] INFO  http.HttpServer2 (HttpServer2.java:addFilter(958)) - Added filter static_user_filter (class=org.apache.hadoop.http.lib.StaticUserWebFilter$StaticUserFilter) to context static
2019-10-10 19:09:08,418 [main] INFO  http.HttpServer2 (HttpServer2.java:bindListener(1191)) - Jetty bound to port 42874
2019-10-10 19:09:08,418 [main] INFO  server.Server (Server.java:doStart(351)) - jetty-9.3.25.v20180904, build timestamp: 2018-09-04T21:11:46Z, git hash: 3ce520221d0240229c862b122d2b06c12a625732
2019-10-10 19:09:08,419 [main] INFO  handler.ContextHandler (ContextHandler.java:doStart(781)) - Started o.e.j.s.ServletContextHandler@2e952845{/logs,file:///workdir/hadoop-ozone/integration-test/target/log,AVAILABLE}
2019-10-10 19:09:08,420 [main] INFO  handler.ContextHandler (ContextHandler.java:doStart(781)) - Started o.e.j.s.ServletContextHandler@6fbf5db2{/static,jar:file:/home/user/.m2/repository/org/apache/hadoop/hadoop-hdds-container-service/0.5.0-SNAPSHOT/hadoop-hdds-container-service-0.5.0-SNAPSHOT.jar!/webapps/static,AVAILABLE}
2019-10-10 19:09:08,451 [main] INFO  handler.ContextHandler (ContextHandler.java:doStart(781)) - Started o.e.j.w.WebAppContext@7d133fb7{/,file:///tmp/jetty-0.0.0.0-42874-hddsDatanode-_-any-3818475330578054962.dir/webapp/,AVAILABLE}{/hddsDatanode}
2019-10-10 19:09:08,451 [main] INFO  server.AbstractConnector (AbstractConnector.java:doStart(278)) - Started ServerConnector@40bd0f8{HTTP/1.1,[http/1.1]}{0.0.0.0:42874}
2019-10-10 19:09:08,453 [main] INFO  server.Server (Server.java:doStart(419)) - Started @602779ms
2019-10-10 19:09:08,453 [main] WARN  impl.MetricsSystemImpl (MetricsSystemImpl.java:register(276)) - Sink prometheus already exists!
2019-10-10 19:09:08,453 [main] INFO  server.BaseHttpServer (BaseHttpServer.java:updateConnectorAddress(215)) - HTTP server of HDDSDATANODE is listening at http://0.0.0.0:42874
2019-10-10 19:09:08,454 [main] INFO  impl.MetricsSystemImpl (MetricsSystemImpl.java:init(158)) - HddsDatanode metrics system started (again)
2019-10-10 19:09:08,458 [org.apache.hadoop.util.JvmPauseMonitor$Monitor@1a708b6a] INFO  util.JvmPauseMonitor (JvmPauseMonitor.java:run(188)) - Starting JVM pause monitor
2019-10-10 19:09:08,458 [main] INFO  ozone.HddsDatanodeService (HddsDatanodeService.java:start(184)) - HddsDatanodeService host:pr-hdds-2194-9vxpc-1955504311 ip:192.168.5.175
2019-10-10 19:09:08,460 [Datanode State Machine Thread - 0] INFO  datanode.InitDatanodeState (InitDatanodeState.java:persistContainerDatanodeDetails(140)) - DatanodeDetails is persisted to /workdir/hadoop-ozone/integration-test/target/test-dir/MiniOzoneClusterImpl-1a4c3d35-b2f5-4839-a9b3-d09690a86701/datanode-0/meta/datanode.id
2019-10-10 19:09:08,464 [main] INFO  volume.HddsVolume (HddsVolume.java:<init>(176)) - Creating Volume: /workdir/hadoop-ozone/integration-test/target/test-dir/MiniOzoneClusterImpl-1a4c3d35-b2f5-4839-a9b3-d09690a86701/datanode-1/data/containers/hdds of  storage type : DISK and capacity : 1482555576320
2019-10-10 19:09:08,464 [main] INFO  volume.VolumeSet (VolumeSet.java:initializeVolumeSet(170)) - Added Volume : /workdir/hadoop-ozone/integration-test/target/test-dir/MiniOzoneClusterImpl-1a4c3d35-b2f5-4839-a9b3-d09690a86701/datanode-1/data/containers/hdds to VolumeSet
2019-10-10 19:09:08,464 [main] INFO  volume.ThrottledAsyncChecker (ThrottledAsyncChecker.java:schedule(141)) - Scheduling a check for org.apache.hadoop.ozone.container.common.volume.HddsVolume@6885ed19
2019-10-10 19:09:08,465 [main] INFO  volume.HddsVolumeChecker (HddsVolumeChecker.java:checkAllVolumes(204)) - Scheduled health check for volume org.apache.hadoop.ozone.container.common.volume.HddsVolume@6885ed19
2019-10-10 19:09:08,477 [main] INFO  impl.RaftServerProxy (ConfUtils.java:logGet(43)) - raft.rpc.type = GRPC (default)
2019-10-10 19:09:08,477 [main] INFO  grpc.GrpcFactory (GrpcFactory.java:checkPooledByteBufAllocatorUseCacheForAllThreads(45)) - PERFORMANCE WARNING: useCacheForAllThreads is true that may cause Netty to create a lot garbage objects and, as a result, trigger GC.
	It is recommended to disable useCacheForAllThreads by setting -Dorg.apache.ratis.thirdparty.io.netty.allocator.useCacheForAllThreads=false in command line.
2019-10-10 19:09:08,477 [main] INFO  grpc.GrpcConfigKeys$Server (ConfUtils.java:logGet(43)) - raft.grpc.server.port = 0 (default)
2019-10-10 19:09:08,477 [main] INFO  server.GrpcService (ConfUtils.java:logGet(43)) - raft.grpc.message.size.max = 33570816 (custom)
2019-10-10 19:09:08,477 [main] INFO  server.RaftServerConfigKeys (ConfUtils.java:logGet(43)) - raft.server.log.appender.buffer.byte-limit = 33554432 (custom)
2019-10-10 19:09:08,477 [main] INFO  server.GrpcService (ConfUtils.java:logGet(43)) - raft.grpc.flow.control.window = 1MB (=1048576) (default)
2019-10-10 19:09:08,478 [main] INFO  server.RaftServerConfigKeys (ConfUtils.java:logGet(43)) - raft.server.rpc.request.timeout = 3000ms (default)
2019-10-10 19:09:08,478 [main] INFO  server.RaftServerConfigKeys (ConfUtils.java:logGet(43)) - raft.server.storage.dir = [/workdir/hadoop-ozone/integration-test/target/test-dir/MiniOzoneClusterImpl-1a4c3d35-b2f5-4839-a9b3-d09690a86701/datanode-1/data/ratis] (custom)
2019-10-10 19:09:08,479 [main] INFO  hdfs.DFSUtil (DFSUtil.java:httpServerTemplateForNNAndJN(1641)) - Starting Web-server for hddsDatanode at: http://0.0.0.0:0
2019-10-10 19:09:08,480 [main] INFO  server.AuthenticationFilter (AuthenticationFilter.java:constructSecretProvider(240)) - Unable to initialize FileSignerSecretProvider, falling back to use random secrets.
2019-10-10 19:09:08,480 [main] WARN  http.HttpRequestLog (HttpRequestLog.java:getRequestLog(97)) - Jetty request log can only be enabled using Log4j
2019-10-10 19:09:08,482 [main] INFO  http.HttpServer2 (HttpServer2.java:addGlobalFilter(975)) - Added global filter 'safety' (class=org.apache.hadoop.http.HttpServer2$QuotingInputFilter)
2019-10-10 19:09:08,482 [main] INFO  http.HttpServer2 (HttpServer2.java:addFilter(948)) - Added filter static_user_filter (class=org.apache.hadoop.http.lib.StaticUserWebFilter$StaticUserFilter) to context hddsDatanode
2019-10-10 19:09:08,482 [main] INFO  http.HttpServer2 (HttpServer2.java:addFilter(958)) - Added filter static_user_filter (class=org.apache.hadoop.http.lib.StaticUserWebFilter$StaticUserFilter) to context static
2019-10-10 19:09:08,482 [main] INFO  http.HttpServer2 (HttpServer2.java:addFilter(958)) - Added filter static_user_filter (class=org.apache.hadoop.http.lib.StaticUserWebFilter$StaticUserFilter) to context logs
2019-10-10 19:09:08,483 [main] INFO  http.HttpServer2 (HttpServer2.java:bindListener(1191)) - Jetty bound to port 38496
2019-10-10 19:09:08,483 [main] INFO  server.Server (Server.java:doStart(351)) - jetty-9.3.25.v20180904, build timestamp: 2018-09-04T21:11:46Z, git hash: 3ce520221d0240229c862b122d2b06c12a625732
2019-10-10 19:09:08,484 [main] INFO  handler.ContextHandler (ContextHandler.java:doStart(781)) - Started o.e.j.s.ServletContextHandler@45c80312{/logs,file:///workdir/hadoop-ozone/integration-test/target/log,AVAILABLE}
2019-10-10 19:09:08,485 [main] INFO  handler.ContextHandler (ContextHandler.java:doStart(781)) - Started o.e.j.s.ServletContextHandler@377dfb8d{/static,jar:file:/home/user/.m2/repository/org/apache/hadoop/hadoop-hdds-container-service/0.5.0-SNAPSHOT/hadoop-hdds-container-service-0.5.0-SNAPSHOT.jar!/webapps/static,AVAILABLE}
2019-10-10 19:09:08,512 [main] INFO  handler.ContextHandler (ContextHandler.java:doStart(781)) - Started o.e.j.w.WebAppContext@55a0f011{/,file:///tmp/jetty-0.0.0.0-38496-hddsDatanode-_-any-6289980281964568225.dir/webapp/,AVAILABLE}{/hddsDatanode}
2019-10-10 19:09:08,512 [main] INFO  server.AbstractConnector (AbstractConnector.java:doStart(278)) - Started ServerConnector@7ea42c82{HTTP/1.1,[http/1.1]}{0.0.0.0:38496}
2019-10-10 19:09:08,513 [main] INFO  server.Server (Server.java:doStart(419)) - Started @602840ms
2019-10-10 19:09:08,514 [main] WARN  impl.MetricsSystemImpl (MetricsSystemImpl.java:register(276)) - Sink prometheus already exists!
2019-10-10 19:09:08,514 [main] INFO  server.BaseHttpServer (BaseHttpServer.java:updateConnectorAddress(215)) - HTTP server of HDDSDATANODE is listening at http://0.0.0.0:38496
2019-10-10 19:09:08,514 [main] INFO  impl.MetricsSystemImpl (MetricsSystemImpl.java:init(158)) - HddsDatanode metrics system started (again)
2019-10-10 19:09:08,519 [org.apache.hadoop.util.JvmPauseMonitor$Monitor@812d25b] INFO  util.JvmPauseMonitor (JvmPauseMonitor.java:run(188)) - Starting JVM pause monitor
2019-10-10 19:09:08,519 [main] INFO  ozone.HddsDatanodeService (HddsDatanodeService.java:start(184)) - HddsDatanodeService host:pr-hdds-2194-9vxpc-1955504311 ip:192.168.5.175
2019-10-10 19:09:08,520 [Datanode State Machine Thread - 0] INFO  datanode.InitDatanodeState (InitDatanodeState.java:persistContainerDatanodeDetails(140)) - DatanodeDetails is persisted to /workdir/hadoop-ozone/integration-test/target/test-dir/MiniOzoneClusterImpl-1a4c3d35-b2f5-4839-a9b3-d09690a86701/datanode-1/meta/datanode.id
2019-10-10 19:09:08,524 [main] INFO  volume.HddsVolume (HddsVolume.java:<init>(176)) - Creating Volume: /workdir/hadoop-ozone/integration-test/target/test-dir/MiniOzoneClusterImpl-1a4c3d35-b2f5-4839-a9b3-d09690a86701/datanode-2/data/containers/hdds of  storage type : DISK and capacity : 1482555576320
2019-10-10 19:09:08,525 [main] INFO  volume.VolumeSet (VolumeSet.java:initializeVolumeSet(170)) - Added Volume : /workdir/hadoop-ozone/integration-test/target/test-dir/MiniOzoneClusterImpl-1a4c3d35-b2f5-4839-a9b3-d09690a86701/datanode-2/data/containers/hdds to VolumeSet
2019-10-10 19:09:08,525 [main] INFO  volume.ThrottledAsyncChecker (ThrottledAsyncChecker.java:schedule(141)) - Scheduling a check for org.apache.hadoop.ozone.container.common.volume.HddsVolume@147cc940
2019-10-10 19:09:08,525 [main] INFO  volume.HddsVolumeChecker (HddsVolumeChecker.java:checkAllVolumes(204)) - Scheduled health check for volume org.apache.hadoop.ozone.container.common.volume.HddsVolume@147cc940
2019-10-10 19:09:08,538 [main] INFO  impl.RaftServerProxy (ConfUtils.java:logGet(43)) - raft.rpc.type = GRPC (default)
2019-10-10 19:09:08,538 [main] INFO  grpc.GrpcFactory (GrpcFactory.java:checkPooledByteBufAllocatorUseCacheForAllThreads(45)) - PERFORMANCE WARNING: useCacheForAllThreads is true that may cause Netty to create a lot garbage objects and, as a result, trigger GC.
	It is recommended to disable useCacheForAllThreads by setting -Dorg.apache.ratis.thirdparty.io.netty.allocator.useCacheForAllThreads=false in command line.
2019-10-10 19:09:08,538 [main] INFO  grpc.GrpcConfigKeys$Server (ConfUtils.java:logGet(43)) - raft.grpc.server.port = 0 (default)
2019-10-10 19:09:08,538 [main] INFO  server.GrpcService (ConfUtils.java:logGet(43)) - raft.grpc.message.size.max = 33570816 (custom)
2019-10-10 19:09:08,539 [main] INFO  server.RaftServerConfigKeys (ConfUtils.java:logGet(43)) - raft.server.log.appender.buffer.byte-limit = 33554432 (custom)
2019-10-10 19:09:08,539 [main] INFO  server.GrpcService (ConfUtils.java:logGet(43)) - raft.grpc.flow.control.window = 1MB (=1048576) (default)
2019-10-10 19:09:08,539 [main] INFO  server.RaftServerConfigKeys (ConfUtils.java:logGet(43)) - raft.server.rpc.request.timeout = 3000ms (default)
2019-10-10 19:09:08,539 [main] INFO  server.RaftServerConfigKeys (ConfUtils.java:logGet(43)) - raft.server.storage.dir = [/workdir/hadoop-ozone/integration-test/target/test-dir/MiniOzoneClusterImpl-1a4c3d35-b2f5-4839-a9b3-d09690a86701/datanode-2/data/ratis] (custom)
2019-10-10 19:09:08,540 [main] INFO  hdfs.DFSUtil (DFSUtil.java:httpServerTemplateForNNAndJN(1641)) - Starting Web-server for hddsDatanode at: http://0.0.0.0:0
2019-10-10 19:09:08,541 [main] INFO  server.AuthenticationFilter (AuthenticationFilter.java:constructSecretProvider(240)) - Unable to initialize FileSignerSecretProvider, falling back to use random secrets.
2019-10-10 19:09:08,541 [main] WARN  http.HttpRequestLog (HttpRequestLog.java:getRequestLog(97)) - Jetty request log can only be enabled using Log4j
2019-10-10 19:09:08,543 [main] INFO  http.HttpServer2 (HttpServer2.java:addGlobalFilter(975)) - Added global filter 'safety' (class=org.apache.hadoop.http.HttpServer2$QuotingInputFilter)
2019-10-10 19:09:08,543 [main] INFO  http.HttpServer2 (HttpServer2.java:addFilter(948)) - Added filter static_user_filter (class=org.apache.hadoop.http.lib.StaticUserWebFilter$StaticUserFilter) to context hddsDatanode
2019-10-10 19:09:08,543 [main] INFO  http.HttpServer2 (HttpServer2.java:addFilter(958)) - Added filter static_user_filter (class=org.apache.hadoop.http.lib.StaticUserWebFilter$StaticUserFilter) to context static
2019-10-10 19:09:08,543 [main] INFO  http.HttpServer2 (HttpServer2.java:addFilter(958)) - Added filter static_user_filter (class=org.apache.hadoop.http.lib.StaticUserWebFilter$StaticUserFilter) to context logs
2019-10-10 19:09:08,544 [main] INFO  http.HttpServer2 (HttpServer2.java:bindListener(1191)) - Jetty bound to port 44187
2019-10-10 19:09:08,544 [main] INFO  server.Server (Server.java:doStart(351)) - jetty-9.3.25.v20180904, build timestamp: 2018-09-04T21:11:46Z, git hash: 3ce520221d0240229c862b122d2b06c12a625732
2019-10-10 19:09:08,545 [main] INFO  handler.ContextHandler (ContextHandler.java:doStart(781)) - Started o.e.j.s.ServletContextHandler@255d9277{/logs,file:///workdir/hadoop-ozone/integration-test/target/log,AVAILABLE}
2019-10-10 19:09:08,546 [main] INFO  handler.ContextHandler (ContextHandler.java:doStart(781)) - Started o.e.j.s.ServletContextHandler@7e191fda{/static,jar:file:/home/user/.m2/repository/org/apache/hadoop/hadoop-hdds-container-service/0.5.0-SNAPSHOT/hadoop-hdds-container-service-0.5.0-SNAPSHOT.jar!/webapps/static,AVAILABLE}
2019-10-10 19:09:08,573 [main] INFO  handler.ContextHandler (ContextHandler.java:doStart(781)) - Started o.e.j.w.WebAppContext@9b367c8{/,file:///tmp/jetty-0.0.0.0-44187-hddsDatanode-_-any-7769141926084932311.dir/webapp/,AVAILABLE}{/hddsDatanode}
2019-10-10 19:09:08,574 [main] INFO  server.AbstractConnector (AbstractConnector.java:doStart(278)) - Started ServerConnector@34c62fdf{HTTP/1.1,[http/1.1]}{0.0.0.0:44187}
2019-10-10 19:09:08,575 [main] INFO  server.Server (Server.java:doStart(419)) - Started @602902ms
2019-10-10 19:09:08,575 [main] WARN  impl.MetricsSystemImpl (MetricsSystemImpl.java:register(276)) - Sink prometheus already exists!
2019-10-10 19:09:08,576 [main] INFO  server.BaseHttpServer (BaseHttpServer.java:updateConnectorAddress(215)) - HTTP server of HDDSDATANODE is listening at http://0.0.0.0:44187
2019-10-10 19:09:08,576 [main] INFO  impl.MetricsSystemImpl (MetricsSystemImpl.java:init(158)) - HddsDatanode metrics system started (again)
2019-10-10 19:09:08,580 [org.apache.hadoop.util.JvmPauseMonitor$Monitor@5981c0b0] INFO  util.JvmPauseMonitor (JvmPauseMonitor.java:run(188)) - Starting JVM pause monitor
2019-10-10 19:09:08,581 [main] INFO  ozone.HddsDatanodeService (HddsDatanodeService.java:start(184)) - HddsDatanodeService host:pr-hdds-2194-9vxpc-1955504311 ip:192.168.5.175
2019-10-10 19:09:08,582 [Datanode State Machine Thread - 0] INFO  datanode.InitDatanodeState (InitDatanodeState.java:persistContainerDatanodeDetails(140)) - DatanodeDetails is persisted to /workdir/hadoop-ozone/integration-test/target/test-dir/MiniOzoneClusterImpl-1a4c3d35-b2f5-4839-a9b3-d09690a86701/datanode-2/meta/datanode.id
2019-10-10 19:09:08,586 [main] INFO  volume.HddsVolume (HddsVolume.java:<init>(176)) - Creating Volume: /workdir/hadoop-ozone/integration-test/target/test-dir/MiniOzoneClusterImpl-1a4c3d35-b2f5-4839-a9b3-d09690a86701/datanode-3/data/containers/hdds of  storage type : DISK and capacity : 1482555576320
2019-10-10 19:09:08,587 [main] INFO  volume.VolumeSet (VolumeSet.java:initializeVolumeSet(170)) - Added Volume : /workdir/hadoop-ozone/integration-test/target/test-dir/MiniOzoneClusterImpl-1a4c3d35-b2f5-4839-a9b3-d09690a86701/datanode-3/data/containers/hdds to VolumeSet
2019-10-10 19:09:08,587 [main] INFO  volume.ThrottledAsyncChecker (ThrottledAsyncChecker.java:schedule(141)) - Scheduling a check for org.apache.hadoop.ozone.container.common.volume.HddsVolume@1e56bc9b
2019-10-10 19:09:08,587 [main] INFO  volume.HddsVolumeChecker (HddsVolumeChecker.java:checkAllVolumes(204)) - Scheduled health check for volume org.apache.hadoop.ozone.container.common.volume.HddsVolume@1e56bc9b
2019-10-10 19:09:08,599 [main] INFO  impl.RaftServerProxy (ConfUtils.java:logGet(43)) - raft.rpc.type = GRPC (default)
2019-10-10 19:09:08,599 [main] INFO  grpc.GrpcFactory (GrpcFactory.java:checkPooledByteBufAllocatorUseCacheForAllThreads(45)) - PERFORMANCE WARNING: useCacheForAllThreads is true that may cause Netty to create a lot garbage objects and, as a result, trigger GC.
	It is recommended to disable useCacheForAllThreads by setting -Dorg.apache.ratis.thirdparty.io.netty.allocator.useCacheForAllThreads=false in command line.
2019-10-10 19:09:08,600 [main] INFO  grpc.GrpcConfigKeys$Server (ConfUtils.java:logGet(43)) - raft.grpc.server.port = 0 (default)
2019-10-10 19:09:08,600 [main] INFO  server.GrpcService (ConfUtils.java:logGet(43)) - raft.grpc.message.size.max = 33570816 (custom)
2019-10-10 19:09:08,600 [main] INFO  server.RaftServerConfigKeys (ConfUtils.java:logGet(43)) - raft.server.log.appender.buffer.byte-limit = 33554432 (custom)
2019-10-10 19:09:08,600 [main] INFO  server.GrpcService (ConfUtils.java:logGet(43)) - raft.grpc.flow.control.window = 1MB (=1048576) (default)
2019-10-10 19:09:08,600 [main] INFO  server.RaftServerConfigKeys (ConfUtils.java:logGet(43)) - raft.server.rpc.request.timeout = 3000ms (default)
2019-10-10 19:09:08,601 [main] INFO  server.RaftServerConfigKeys (ConfUtils.java:logGet(43)) - raft.server.storage.dir = [/workdir/hadoop-ozone/integration-test/target/test-dir/MiniOzoneClusterImpl-1a4c3d35-b2f5-4839-a9b3-d09690a86701/datanode-3/data/ratis] (custom)
2019-10-10 19:09:08,602 [main] INFO  hdfs.DFSUtil (DFSUtil.java:httpServerTemplateForNNAndJN(1641)) - Starting Web-server for hddsDatanode at: http://0.0.0.0:0
2019-10-10 19:09:08,603 [main] INFO  server.AuthenticationFilter (AuthenticationFilter.java:constructSecretProvider(240)) - Unable to initialize FileSignerSecretProvider, falling back to use random secrets.
2019-10-10 19:09:08,603 [main] WARN  http.HttpRequestLog (HttpRequestLog.java:getRequestLog(97)) - Jetty request log can only be enabled using Log4j
2019-10-10 19:09:08,604 [main] INFO  http.HttpServer2 (HttpServer2.java:addGlobalFilter(975)) - Added global filter 'safety' (class=org.apache.hadoop.http.HttpServer2$QuotingInputFilter)
2019-10-10 19:09:08,604 [main] INFO  http.HttpServer2 (HttpServer2.java:addFilter(948)) - Added filter static_user_filter (class=org.apache.hadoop.http.lib.StaticUserWebFilter$StaticUserFilter) to context hddsDatanode
2019-10-10 19:09:08,605 [main] INFO  http.HttpServer2 (HttpServer2.java:addFilter(958)) - Added filter static_user_filter (class=org.apache.hadoop.http.lib.StaticUserWebFilter$StaticUserFilter) to context static
2019-10-10 19:09:08,605 [main] INFO  http.HttpServer2 (HttpServer2.java:addFilter(958)) - Added filter static_user_filter (class=org.apache.hadoop.http.lib.StaticUserWebFilter$StaticUserFilter) to context logs
2019-10-10 19:09:08,605 [main] INFO  http.HttpServer2 (HttpServer2.java:bindListener(1191)) - Jetty bound to port 38247
2019-10-10 19:09:08,605 [main] INFO  server.Server (Server.java:doStart(351)) - jetty-9.3.25.v20180904, build timestamp: 2018-09-04T21:11:46Z, git hash: 3ce520221d0240229c862b122d2b06c12a625732
2019-10-10 19:09:08,607 [main] INFO  handler.ContextHandler (ContextHandler.java:doStart(781)) - Started o.e.j.s.ServletContextHandler@33e3bd2e{/logs,file:///workdir/hadoop-ozone/integration-test/target/log,AVAILABLE}
2019-10-10 19:09:08,607 [main] INFO  handler.ContextHandler (ContextHandler.java:doStart(781)) - Started o.e.j.s.ServletContextHandler@30508066{/static,jar:file:/home/user/.m2/repository/org/apache/hadoop/hadoop-hdds-container-service/0.5.0-SNAPSHOT/hadoop-hdds-container-service-0.5.0-SNAPSHOT.jar!/webapps/static,AVAILABLE}
2019-10-10 19:09:08,634 [main] INFO  handler.ContextHandler (ContextHandler.java:doStart(781)) - Started o.e.j.w.WebAppContext@37ca3ca8{/,file:///tmp/jetty-0.0.0.0-38247-hddsDatanode-_-any-47583832524378256.dir/webapp/,AVAILABLE}{/hddsDatanode}
2019-10-10 19:09:08,635 [main] INFO  server.AbstractConnector (AbstractConnector.java:doStart(278)) - Started ServerConnector@191ec193{HTTP/1.1,[http/1.1]}{0.0.0.0:38247}
2019-10-10 19:09:08,636 [main] INFO  server.Server (Server.java:doStart(419)) - Started @602963ms
2019-10-10 19:09:08,636 [main] WARN  impl.MetricsSystemImpl (MetricsSystemImpl.java:register(276)) - Sink prometheus already exists!
2019-10-10 19:09:08,637 [main] INFO  server.BaseHttpServer (BaseHttpServer.java:updateConnectorAddress(215)) - HTTP server of HDDSDATANODE is listening at http://0.0.0.0:38247
2019-10-10 19:09:08,637 [main] INFO  impl.MetricsSystemImpl (MetricsSystemImpl.java:init(158)) - HddsDatanode metrics system started (again)
2019-10-10 19:09:08,642 [org.apache.hadoop.util.JvmPauseMonitor$Monitor@109818a7] INFO  util.JvmPauseMonitor (JvmPauseMonitor.java:run(188)) - Starting JVM pause monitor
2019-10-10 19:09:08,642 [main] INFO  ozone.HddsDatanodeService (HddsDatanodeService.java:start(184)) - HddsDatanodeService host:pr-hdds-2194-9vxpc-1955504311 ip:192.168.5.175
2019-10-10 19:09:08,643 [Datanode State Machine Thread - 0] INFO  datanode.InitDatanodeState (InitDatanodeState.java:persistContainerDatanodeDetails(140)) - DatanodeDetails is persisted to /workdir/hadoop-ozone/integration-test/target/test-dir/MiniOzoneClusterImpl-1a4c3d35-b2f5-4839-a9b3-d09690a86701/datanode-3/meta/datanode.id
2019-10-10 19:09:08,648 [main] INFO  volume.HddsVolume (HddsVolume.java:<init>(176)) - Creating Volume: /workdir/hadoop-ozone/integration-test/target/test-dir/MiniOzoneClusterImpl-1a4c3d35-b2f5-4839-a9b3-d09690a86701/datanode-4/data/containers/hdds of  storage type : DISK and capacity : 1482555576320
2019-10-10 19:09:08,648 [main] INFO  volume.VolumeSet (VolumeSet.java:initializeVolumeSet(170)) - Added Volume : /workdir/hadoop-ozone/integration-test/target/test-dir/MiniOzoneClusterImpl-1a4c3d35-b2f5-4839-a9b3-d09690a86701/datanode-4/data/containers/hdds to VolumeSet
2019-10-10 19:09:08,649 [main] INFO  volume.ThrottledAsyncChecker (ThrottledAsyncChecker.java:schedule(141)) - Scheduling a check for org.apache.hadoop.ozone.container.common.volume.HddsVolume@53016b11
2019-10-10 19:09:08,649 [main] INFO  volume.HddsVolumeChecker (HddsVolumeChecker.java:checkAllVolumes(204)) - Scheduled health check for volume org.apache.hadoop.ozone.container.common.volume.HddsVolume@53016b11
2019-10-10 19:09:08,662 [main] INFO  impl.RaftServerProxy (ConfUtils.java:logGet(43)) - raft.rpc.type = GRPC (default)
2019-10-10 19:09:08,662 [main] INFO  grpc.GrpcFactory (GrpcFactory.java:checkPooledByteBufAllocatorUseCacheForAllThreads(45)) - PERFORMANCE WARNING: useCacheForAllThreads is true that may cause Netty to create a lot garbage objects and, as a result, trigger GC.
	It is recommended to disable useCacheForAllThreads by setting -Dorg.apache.ratis.thirdparty.io.netty.allocator.useCacheForAllThreads=false in command line.
2019-10-10 19:09:08,663 [main] INFO  grpc.GrpcConfigKeys$Server (ConfUtils.java:logGet(43)) - raft.grpc.server.port = 0 (default)
2019-10-10 19:09:08,663 [main] INFO  server.GrpcService (ConfUtils.java:logGet(43)) - raft.grpc.message.size.max = 33570816 (custom)
2019-10-10 19:09:08,663 [main] INFO  server.RaftServerConfigKeys (ConfUtils.java:logGet(43)) - raft.server.log.appender.buffer.byte-limit = 33554432 (custom)
2019-10-10 19:09:08,663 [main] INFO  server.GrpcService (ConfUtils.java:logGet(43)) - raft.grpc.flow.control.window = 1MB (=1048576) (default)
2019-10-10 19:09:08,663 [main] INFO  server.RaftServerConfigKeys (ConfUtils.java:logGet(43)) - raft.server.rpc.request.timeout = 3000ms (default)
2019-10-10 19:09:08,664 [main] INFO  server.RaftServerConfigKeys (ConfUtils.java:logGet(43)) - raft.server.storage.dir = [/workdir/hadoop-ozone/integration-test/target/test-dir/MiniOzoneClusterImpl-1a4c3d35-b2f5-4839-a9b3-d09690a86701/datanode-4/data/ratis] (custom)
2019-10-10 19:09:08,664 [main] INFO  hdfs.DFSUtil (DFSUtil.java:httpServerTemplateForNNAndJN(1641)) - Starting Web-server for hddsDatanode at: http://0.0.0.0:0
2019-10-10 19:09:08,665 [main] INFO  server.AuthenticationFilter (AuthenticationFilter.java:constructSecretProvider(240)) - Unable to initialize FileSignerSecretProvider, falling back to use random secrets.
2019-10-10 19:09:08,666 [main] WARN  http.HttpRequestLog (HttpRequestLog.java:getRequestLog(97)) - Jetty request log can only be enabled using Log4j
2019-10-10 19:09:08,667 [main] INFO  http.HttpServer2 (HttpServer2.java:addGlobalFilter(975)) - Added global filter 'safety' (class=org.apache.hadoop.http.HttpServer2$QuotingInputFilter)
2019-10-10 19:09:08,667 [main] INFO  http.HttpServer2 (HttpServer2.java:addFilter(948)) - Added filter static_user_filter (class=org.apache.hadoop.http.lib.StaticUserWebFilter$StaticUserFilter) to context hddsDatanode
2019-10-10 19:09:08,667 [main] INFO  http.HttpServer2 (HttpServer2.java:addFilter(958)) - Added filter static_user_filter (class=org.apache.hadoop.http.lib.StaticUserWebFilter$StaticUserFilter) to context static
2019-10-10 19:09:08,668 [main] INFO  http.HttpServer2 (HttpServer2.java:addFilter(958)) - Added filter static_user_filter (class=org.apache.hadoop.http.lib.StaticUserWebFilter$StaticUserFilter) to context logs
2019-10-10 19:09:08,668 [main] INFO  http.HttpServer2 (HttpServer2.java:bindListener(1191)) - Jetty bound to port 41313
2019-10-10 19:09:08,668 [main] INFO  server.Server (Server.java:doStart(351)) - jetty-9.3.25.v20180904, build timestamp: 2018-09-04T21:11:46Z, git hash: 3ce520221d0240229c862b122d2b06c12a625732
2019-10-10 19:09:08,670 [main] INFO  handler.ContextHandler (ContextHandler.java:doStart(781)) - Started o.e.j.s.ServletContextHandler@19fbc594{/logs,file:///workdir/hadoop-ozone/integration-test/target/log,AVAILABLE}
2019-10-10 19:09:08,670 [main] INFO  handler.ContextHandler (ContextHandler.java:doStart(781)) - Started o.e.j.s.ServletContextHandler@774d8276{/static,jar:file:/home/user/.m2/repository/org/apache/hadoop/hadoop-hdds-container-service/0.5.0-SNAPSHOT/hadoop-hdds-container-service-0.5.0-SNAPSHOT.jar!/webapps/static,AVAILABLE}
2019-10-10 19:09:08,698 [main] INFO  handler.ContextHandler (ContextHandler.java:doStart(781)) - Started o.e.j.w.WebAppContext@25ce435{/,file:///tmp/jetty-0.0.0.0-41313-hddsDatanode-_-any-1148701516234948724.dir/webapp/,AVAILABLE}{/hddsDatanode}
2019-10-10 19:09:08,698 [main] INFO  server.AbstractConnector (AbstractConnector.java:doStart(278)) - Started ServerConnector@7ea71fc2{HTTP/1.1,[http/1.1]}{0.0.0.0:41313}
2019-10-10 19:09:08,699 [main] INFO  server.Server (Server.java:doStart(419)) - Started @603025ms
2019-10-10 19:09:08,699 [main] WARN  impl.MetricsSystemImpl (MetricsSystemImpl.java:register(276)) - Sink prometheus already exists!
2019-10-10 19:09:08,700 [main] INFO  server.BaseHttpServer (BaseHttpServer.java:updateConnectorAddress(215)) - HTTP server of HDDSDATANODE is listening at http://0.0.0.0:41313
2019-10-10 19:09:08,700 [main] INFO  impl.MetricsSystemImpl (MetricsSystemImpl.java:init(158)) - HddsDatanode metrics system started (again)
2019-10-10 19:09:08,705 [org.apache.hadoop.util.JvmPauseMonitor$Monitor@421c81b5] INFO  util.JvmPauseMonitor (JvmPauseMonitor.java:run(188)) - Starting JVM pause monitor
2019-10-10 19:09:08,706 [main] INFO  ozone.HddsDatanodeService (HddsDatanodeService.java:start(184)) - HddsDatanodeService host:pr-hdds-2194-9vxpc-1955504311 ip:192.168.5.175
2019-10-10 19:09:08,707 [Datanode State Machine Thread - 0] INFO  datanode.InitDatanodeState (InitDatanodeState.java:persistContainerDatanodeDetails(140)) - DatanodeDetails is persisted to /workdir/hadoop-ozone/integration-test/target/test-dir/MiniOzoneClusterImpl-1a4c3d35-b2f5-4839-a9b3-d09690a86701/datanode-4/meta/datanode.id
2019-10-10 19:09:08,712 [main] INFO  volume.HddsVolume (HddsVolume.java:<init>(176)) - Creating Volume: /workdir/hadoop-ozone/integration-test/target/test-dir/MiniOzoneClusterImpl-1a4c3d35-b2f5-4839-a9b3-d09690a86701/datanode-5/data/containers/hdds of  storage type : DISK and capacity : 1482555576320
2019-10-10 19:09:08,712 [main] INFO  volume.VolumeSet (VolumeSet.java:initializeVolumeSet(170)) - Added Volume : /workdir/hadoop-ozone/integration-test/target/test-dir/MiniOzoneClusterImpl-1a4c3d35-b2f5-4839-a9b3-d09690a86701/datanode-5/data/containers/hdds to VolumeSet
2019-10-10 19:09:08,712 [main] INFO  volume.ThrottledAsyncChecker (ThrottledAsyncChecker.java:schedule(141)) - Scheduling a check for org.apache.hadoop.ozone.container.common.volume.HddsVolume@71166348
2019-10-10 19:09:08,712 [main] INFO  volume.HddsVolumeChecker (HddsVolumeChecker.java:checkAllVolumes(204)) - Scheduled health check for volume org.apache.hadoop.ozone.container.common.volume.HddsVolume@71166348
2019-10-10 19:09:08,724 [main] INFO  impl.RaftServerProxy (ConfUtils.java:logGet(43)) - raft.rpc.type = GRPC (default)
2019-10-10 19:09:08,724 [main] INFO  grpc.GrpcFactory (GrpcFactory.java:checkPooledByteBufAllocatorUseCacheForAllThreads(45)) - PERFORMANCE WARNING: useCacheForAllThreads is true that may cause Netty to create a lot garbage objects and, as a result, trigger GC.
	It is recommended to disable useCacheForAllThreads by setting -Dorg.apache.ratis.thirdparty.io.netty.allocator.useCacheForAllThreads=false in command line.
2019-10-10 19:09:08,724 [main] INFO  grpc.GrpcConfigKeys$Server (ConfUtils.java:logGet(43)) - raft.grpc.server.port = 0 (default)
2019-10-10 19:09:08,725 [main] INFO  server.GrpcService (ConfUtils.java:logGet(43)) - raft.grpc.message.size.max = 33570816 (custom)
2019-10-10 19:09:08,725 [main] INFO  server.RaftServerConfigKeys (ConfUtils.java:logGet(43)) - raft.server.log.appender.buffer.byte-limit = 33554432 (custom)
2019-10-10 19:09:08,725 [main] INFO  server.GrpcService (ConfUtils.java:logGet(43)) - raft.grpc.flow.control.window = 1MB (=1048576) (default)
2019-10-10 19:09:08,725 [main] INFO  server.RaftServerConfigKeys (ConfUtils.java:logGet(43)) - raft.server.rpc.request.timeout = 3000ms (default)
2019-10-10 19:09:08,725 [main] INFO  server.RaftServerConfigKeys (ConfUtils.java:logGet(43)) - raft.server.storage.dir = [/workdir/hadoop-ozone/integration-test/target/test-dir/MiniOzoneClusterImpl-1a4c3d35-b2f5-4839-a9b3-d09690a86701/datanode-5/data/ratis] (custom)
2019-10-10 19:09:08,726 [main] INFO  hdfs.DFSUtil (DFSUtil.java:httpServerTemplateForNNAndJN(1641)) - Starting Web-server for hddsDatanode at: http://0.0.0.0:0
2019-10-10 19:09:08,727 [main] INFO  server.AuthenticationFilter (AuthenticationFilter.java:constructSecretProvider(240)) - Unable to initialize FileSignerSecretProvider, falling back to use random secrets.
2019-10-10 19:09:08,728 [main] WARN  http.HttpRequestLog (HttpRequestLog.java:getRequestLog(97)) - Jetty request log can only be enabled using Log4j
2019-10-10 19:09:08,729 [main] INFO  http.HttpServer2 (HttpServer2.java:addGlobalFilter(975)) - Added global filter 'safety' (class=org.apache.hadoop.http.HttpServer2$QuotingInputFilter)
2019-10-10 19:09:08,729 [main] INFO  http.HttpServer2 (HttpServer2.java:addFilter(948)) - Added filter static_user_filter (class=org.apache.hadoop.http.lib.StaticUserWebFilter$StaticUserFilter) to context hddsDatanode
2019-10-10 19:09:08,729 [main] INFO  http.HttpServer2 (HttpServer2.java:addFilter(958)) - Added filter static_user_filter (class=org.apache.hadoop.http.lib.StaticUserWebFilter$StaticUserFilter) to context logs
2019-10-10 19:09:08,730 [main] INFO  http.HttpServer2 (HttpServer2.java:addFilter(958)) - Added filter static_user_filter (class=org.apache.hadoop.http.lib.StaticUserWebFilter$StaticUserFilter) to context static
2019-10-10 19:09:08,730 [main] INFO  http.HttpServer2 (HttpServer2.java:bindListener(1191)) - Jetty bound to port 45485
2019-10-10 19:09:08,730 [main] INFO  server.Server (Server.java:doStart(351)) - jetty-9.3.25.v20180904, build timestamp: 2018-09-04T21:11:46Z, git hash: 3ce520221d0240229c862b122d2b06c12a625732
2019-10-10 19:09:08,732 [main] INFO  handler.ContextHandler (ContextHandler.java:doStart(781)) - Started o.e.j.s.ServletContextHandler@7ac5b4c{/logs,file:///workdir/hadoop-ozone/integration-test/target/log,AVAILABLE}
2019-10-10 19:09:08,732 [main] INFO  handler.ContextHandler (ContextHandler.java:doStart(781)) - Started o.e.j.s.ServletContextHandler@55d8c2c4{/static,jar:file:/home/user/.m2/repository/org/apache/hadoop/hadoop-hdds-container-service/0.5.0-SNAPSHOT/hadoop-hdds-container-service-0.5.0-SNAPSHOT.jar!/webapps/static,AVAILABLE}
2019-10-10 19:09:08,759 [main] INFO  handler.ContextHandler (ContextHandler.java:doStart(781)) - Started o.e.j.w.WebAppContext@42d9e8d2{/,file:///tmp/jetty-0.0.0.0-45485-hddsDatanode-_-any-480912019525408842.dir/webapp/,AVAILABLE}{/hddsDatanode}
2019-10-10 19:09:08,760 [main] INFO  server.AbstractConnector (AbstractConnector.java:doStart(278)) - Started ServerConnector@4b93dd6a{HTTP/1.1,[http/1.1]}{0.0.0.0:45485}
2019-10-10 19:09:08,761 [main] INFO  server.Server (Server.java:doStart(419)) - Started @603088ms
2019-10-10 19:09:08,761 [main] WARN  impl.MetricsSystemImpl (MetricsSystemImpl.java:register(276)) - Sink prometheus already exists!
2019-10-10 19:09:08,762 [main] INFO  server.BaseHttpServer (BaseHttpServer.java:updateConnectorAddress(215)) - HTTP server of HDDSDATANODE is listening at http://0.0.0.0:45485
2019-10-10 19:09:08,762 [main] INFO  impl.MetricsSystemImpl (MetricsSystemImpl.java:init(158)) - HddsDatanode metrics system started (again)
2019-10-10 19:09:08,767 [org.apache.hadoop.util.JvmPauseMonitor$Monitor@2d84cd2] INFO  util.JvmPauseMonitor (JvmPauseMonitor.java:run(188)) - Starting JVM pause monitor
2019-10-10 19:09:08,768 [main] INFO  ozone.HddsDatanodeService (HddsDatanodeService.java:start(184)) - HddsDatanodeService host:pr-hdds-2194-9vxpc-1955504311 ip:192.168.5.175
2019-10-10 19:09:08,769 [Datanode State Machine Thread - 0] INFO  datanode.InitDatanodeState (InitDatanodeState.java:persistContainerDatanodeDetails(140)) - DatanodeDetails is persisted to /workdir/hadoop-ozone/integration-test/target/test-dir/MiniOzoneClusterImpl-1a4c3d35-b2f5-4839-a9b3-d09690a86701/datanode-5/meta/datanode.id
2019-10-10 19:09:08,773 [main] INFO  volume.HddsVolume (HddsVolume.java:<init>(176)) - Creating Volume: /workdir/hadoop-ozone/integration-test/target/test-dir/MiniOzoneClusterImpl-1a4c3d35-b2f5-4839-a9b3-d09690a86701/datanode-6/data/containers/hdds of  storage type : DISK and capacity : 1482555576320
2019-10-10 19:09:08,774 [main] INFO  volume.VolumeSet (VolumeSet.java:initializeVolumeSet(170)) - Added Volume : /workdir/hadoop-ozone/integration-test/target/test-dir/MiniOzoneClusterImpl-1a4c3d35-b2f5-4839-a9b3-d09690a86701/datanode-6/data/containers/hdds to VolumeSet
2019-10-10 19:09:08,774 [main] INFO  volume.ThrottledAsyncChecker (ThrottledAsyncChecker.java:schedule(141)) - Scheduling a check for org.apache.hadoop.ozone.container.common.volume.HddsVolume@787d1f9c
2019-10-10 19:09:08,774 [main] INFO  volume.HddsVolumeChecker (HddsVolumeChecker.java:checkAllVolumes(204)) - Scheduled health check for volume org.apache.hadoop.ozone.container.common.volume.HddsVolume@787d1f9c
2019-10-10 19:09:08,786 [main] INFO  impl.RaftServerProxy (ConfUtils.java:logGet(43)) - raft.rpc.type = GRPC (default)
2019-10-10 19:09:08,786 [main] INFO  grpc.GrpcFactory (GrpcFactory.java:checkPooledByteBufAllocatorUseCacheForAllThreads(45)) - PERFORMANCE WARNING: useCacheForAllThreads is true that may cause Netty to create a lot garbage objects and, as a result, trigger GC.
	It is recommended to disable useCacheForAllThreads by setting -Dorg.apache.ratis.thirdparty.io.netty.allocator.useCacheForAllThreads=false in command line.
2019-10-10 19:09:08,786 [main] INFO  grpc.GrpcConfigKeys$Server (ConfUtils.java:logGet(43)) - raft.grpc.server.port = 0 (default)
2019-10-10 19:09:08,786 [main] INFO  server.GrpcService (ConfUtils.java:logGet(43)) - raft.grpc.message.size.max = 33570816 (custom)
2019-10-10 19:09:08,787 [main] INFO  server.RaftServerConfigKeys (ConfUtils.java:logGet(43)) - raft.server.log.appender.buffer.byte-limit = 33554432 (custom)
2019-10-10 19:09:08,787 [main] INFO  server.GrpcService (ConfUtils.java:logGet(43)) - raft.grpc.flow.control.window = 1MB (=1048576) (default)
2019-10-10 19:09:08,787 [main] INFO  server.RaftServerConfigKeys (ConfUtils.java:logGet(43)) - raft.server.rpc.request.timeout = 3000ms (default)
2019-10-10 19:09:08,787 [main] INFO  server.RaftServerConfigKeys (ConfUtils.java:logGet(43)) - raft.server.storage.dir = [/workdir/hadoop-ozone/integration-test/target/test-dir/MiniOzoneClusterImpl-1a4c3d35-b2f5-4839-a9b3-d09690a86701/datanode-6/data/ratis] (custom)
2019-10-10 19:09:08,788 [main] INFO  hdfs.DFSUtil (DFSUtil.java:httpServerTemplateForNNAndJN(1641)) - Starting Web-server for hddsDatanode at: http://0.0.0.0:0
2019-10-10 19:09:08,789 [main] INFO  server.AuthenticationFilter (AuthenticationFilter.java:constructSecretProvider(240)) - Unable to initialize FileSignerSecretProvider, falling back to use random secrets.
2019-10-10 19:09:08,790 [main] WARN  http.HttpRequestLog (HttpRequestLog.java:getRequestLog(97)) - Jetty request log can only be enabled using Log4j
2019-10-10 19:09:08,791 [main] INFO  http.HttpServer2 (HttpServer2.java:addGlobalFilter(975)) - Added global filter 'safety' (class=org.apache.hadoop.http.HttpServer2$QuotingInputFilter)
2019-10-10 19:09:08,791 [main] INFO  http.HttpServer2 (HttpServer2.java:addFilter(948)) - Added filter static_user_filter (class=org.apache.hadoop.http.lib.StaticUserWebFilter$StaticUserFilter) to context hddsDatanode
2019-10-10 19:09:08,791 [main] INFO  http.HttpServer2 (HttpServer2.java:addFilter(958)) - Added filter static_user_filter (class=org.apache.hadoop.http.lib.StaticUserWebFilter$StaticUserFilter) to context logs
2019-10-10 19:09:08,791 [main] INFO  http.HttpServer2 (HttpServer2.java:addFilter(958)) - Added filter static_user_filter (class=org.apache.hadoop.http.lib.StaticUserWebFilter$StaticUserFilter) to context static
2019-10-10 19:09:08,792 [main] INFO  http.HttpServer2 (HttpServer2.java:bindListener(1191)) - Jetty bound to port 44899
2019-10-10 19:09:08,792 [main] INFO  server.Server (Server.java:doStart(351)) - jetty-9.3.25.v20180904, build timestamp: 2018-09-04T21:11:46Z, git hash: 3ce520221d0240229c862b122d2b06c12a625732
2019-10-10 19:09:08,794 [main] INFO  handler.ContextHandler (ContextHandler.java:doStart(781)) - Started o.e.j.s.ServletContextHandler@3d1c933{/logs,file:///workdir/hadoop-ozone/integration-test/target/log,AVAILABLE}
2019-10-10 19:09:08,794 [main] INFO  handler.ContextHandler (ContextHandler.java:doStart(781)) - Started o.e.j.s.ServletContextHandler@626c569b{/static,jar:file:/home/user/.m2/repository/org/apache/hadoop/hadoop-hdds-container-service/0.5.0-SNAPSHOT/hadoop-hdds-container-service-0.5.0-SNAPSHOT.jar!/webapps/static,AVAILABLE}
2019-10-10 19:09:08,821 [main] INFO  handler.ContextHandler (ContextHandler.java:doStart(781)) - Started o.e.j.w.WebAppContext@1068176{/,file:///tmp/jetty-0.0.0.0-44899-hddsDatanode-_-any-4359959587958670911.dir/webapp/,AVAILABLE}{/hddsDatanode}
2019-10-10 19:09:08,822 [main] INFO  server.AbstractConnector (AbstractConnector.java:doStart(278)) - Started ServerConnector@5bf4764d{HTTP/1.1,[http/1.1]}{0.0.0.0:44899}
2019-10-10 19:09:08,826 [main] INFO  server.Server (Server.java:doStart(419)) - Started @603153ms
2019-10-10 19:09:08,826 [main] WARN  impl.MetricsSystemImpl (MetricsSystemImpl.java:register(276)) - Sink prometheus already exists!
2019-10-10 19:09:08,827 [main] INFO  server.BaseHttpServer (BaseHttpServer.java:updateConnectorAddress(215)) - HTTP server of HDDSDATANODE is listening at http://0.0.0.0:44899
2019-10-10 19:09:08,827 [main] INFO  ozone.MiniOzoneClusterImpl (MiniOzoneClusterImpl.java:lambda$waitForClusterToBeReady$0(147)) - Waiting for cluster to be ready. Got 0 of 7 DN Heartbeats.
2019-10-10 19:09:08,828 [org.apache.hadoop.util.JvmPauseMonitor$Monitor@25f2ca34] INFO  util.JvmPauseMonitor (JvmPauseMonitor.java:run(188)) - Starting JVM pause monitor
2019-10-10 19:09:08,830 [Datanode State Machine Thread - 0] INFO  datanode.InitDatanodeState (InitDatanodeState.java:persistContainerDatanodeDetails(140)) - DatanodeDetails is persisted to /workdir/hadoop-ozone/integration-test/target/test-dir/MiniOzoneClusterImpl-1a4c3d35-b2f5-4839-a9b3-d09690a86701/datanode-6/meta/datanode.id
2019-10-10 19:09:09,828 [main] INFO  ozone.MiniOzoneClusterImpl (MiniOzoneClusterImpl.java:lambda$waitForClusterToBeReady$0(147)) - Waiting for cluster to be ready. Got 0 of 7 DN Heartbeats.
2019-10-10 19:09:10,488 [Datanode State Machine Thread - 0] INFO  ozoneimpl.OzoneContainer (OzoneContainer.java:start(213)) - Attempting to start container services.
2019-10-10 19:09:10,489 [Datanode State Machine Thread - 0] INFO  ozoneimpl.OzoneContainer (OzoneContainer.java:startContainerScrub(177)) - Background container scanner has been disabled.
2019-10-10 19:09:10,489 [Datanode State Machine Thread - 0] INFO  ratis.XceiverServerRatis (XceiverServerRatis.java:start(418)) - Starting XceiverServerRatis 4f42c1de-08dc-47d1-8f12-e71e73c4c998 at port 0
2019-10-10 19:09:10,496 [Datanode State Machine Thread - 0] INFO  impl.RaftServerProxy (RaftServerProxy.java:lambda$start$3(299)) - 4f42c1de-08dc-47d1-8f12-e71e73c4c998: start RPC server
2019-10-10 19:09:10,500 [Datanode State Machine Thread - 0] INFO  server.GrpcService (GrpcService.java:startImpl(158)) - 4f42c1de-08dc-47d1-8f12-e71e73c4c998: GrpcService started, listening on 0.0.0.0/0.0.0.0:42446
2019-10-10 19:09:10,500 [Datanode State Machine Thread - 0] INFO  ratis.XceiverServerRatis (XceiverServerRatis.java:start(428)) - XceiverServerRatis 4f42c1de-08dc-47d1-8f12-e71e73c4c998 is started using port 42446
2019-10-10 19:09:10,500 [Datanode State Machine Thread - 0] INFO  server.XceiverServerGrpc (XceiverServerGrpc.java:start(149)) - XceiverServerGrpc 4f42c1de-08dc-47d1-8f12-e71e73c4c998 is started using port 34025
2019-10-10 19:09:10,534 [Datanode State Machine Thread - 0] INFO  ozoneimpl.OzoneContainer (OzoneContainer.java:start(213)) - Attempting to start container services.
2019-10-10 19:09:10,534 [Datanode State Machine Thread - 0] INFO  ozoneimpl.OzoneContainer (OzoneContainer.java:startContainerScrub(177)) - Background container scanner has been disabled.
2019-10-10 19:09:10,534 [Datanode State Machine Thread - 0] INFO  ratis.XceiverServerRatis (XceiverServerRatis.java:start(418)) - Starting XceiverServerRatis 82412393-0d0f-42e5-b60a-35225ce55bb0 at port 0
2019-10-10 19:09:10,540 [Datanode State Machine Thread - 0] INFO  impl.RaftServerProxy (RaftServerProxy.java:lambda$start$3(299)) - 82412393-0d0f-42e5-b60a-35225ce55bb0: start RPC server
2019-10-10 19:09:10,543 [Datanode State Machine Thread - 0] INFO  server.GrpcService (GrpcService.java:startImpl(158)) - 82412393-0d0f-42e5-b60a-35225ce55bb0: GrpcService started, listening on 0.0.0.0/0.0.0.0:38227
2019-10-10 19:09:10,543 [Datanode State Machine Thread - 0] INFO  ratis.XceiverServerRatis (XceiverServerRatis.java:start(428)) - XceiverServerRatis 82412393-0d0f-42e5-b60a-35225ce55bb0 is started using port 38227
2019-10-10 19:09:10,543 [Datanode State Machine Thread - 0] INFO  server.XceiverServerGrpc (XceiverServerGrpc.java:start(149)) - XceiverServerGrpc 82412393-0d0f-42e5-b60a-35225ce55bb0 is started using port 34913
2019-10-10 19:09:10,594 [Datanode State Machine Thread - 0] INFO  ozoneimpl.OzoneContainer (OzoneContainer.java:start(213)) - Attempting to start container services.
2019-10-10 19:09:10,595 [Datanode State Machine Thread - 0] INFO  ozoneimpl.OzoneContainer (OzoneContainer.java:startContainerScrub(177)) - Background container scanner has been disabled.
2019-10-10 19:09:10,595 [Datanode State Machine Thread - 0] INFO  ratis.XceiverServerRatis (XceiverServerRatis.java:start(418)) - Starting XceiverServerRatis 9c8b8b19-eb4d-4234-9c4a-07b0a2e8cc23 at port 0
2019-10-10 19:09:10,602 [Datanode State Machine Thread - 0] INFO  impl.RaftServerProxy (RaftServerProxy.java:lambda$start$3(299)) - 9c8b8b19-eb4d-4234-9c4a-07b0a2e8cc23: start RPC server
2019-10-10 19:09:10,605 [Datanode State Machine Thread - 0] INFO  server.GrpcService (GrpcService.java:startImpl(158)) - 9c8b8b19-eb4d-4234-9c4a-07b0a2e8cc23: GrpcService started, listening on 0.0.0.0/0.0.0.0:42846
2019-10-10 19:09:10,605 [Datanode State Machine Thread - 0] INFO  ratis.XceiverServerRatis (XceiverServerRatis.java:start(428)) - XceiverServerRatis 9c8b8b19-eb4d-4234-9c4a-07b0a2e8cc23 is started using port 42846
2019-10-10 19:09:10,606 [Datanode State Machine Thread - 0] INFO  server.XceiverServerGrpc (XceiverServerGrpc.java:start(149)) - XceiverServerGrpc 9c8b8b19-eb4d-4234-9c4a-07b0a2e8cc23 is started using port 44866
2019-10-10 19:09:10,654 [Datanode State Machine Thread - 0] INFO  ozoneimpl.OzoneContainer (OzoneContainer.java:start(213)) - Attempting to start container services.
2019-10-10 19:09:10,654 [Datanode State Machine Thread - 0] INFO  ozoneimpl.OzoneContainer (OzoneContainer.java:startContainerScrub(177)) - Background container scanner has been disabled.
2019-10-10 19:09:10,654 [Datanode State Machine Thread - 0] INFO  ratis.XceiverServerRatis (XceiverServerRatis.java:start(418)) - Starting XceiverServerRatis 3f4b2446-6fc6-4450-8672-6922a5bd7ca8 at port 0
2019-10-10 19:09:10,660 [Datanode State Machine Thread - 0] INFO  impl.RaftServerProxy (RaftServerProxy.java:lambda$start$3(299)) - 3f4b2446-6fc6-4450-8672-6922a5bd7ca8: start RPC server
2019-10-10 19:09:10,662 [Datanode State Machine Thread - 0] INFO  server.GrpcService (GrpcService.java:startImpl(158)) - 3f4b2446-6fc6-4450-8672-6922a5bd7ca8: GrpcService started, listening on 0.0.0.0/0.0.0.0:33568
2019-10-10 19:09:10,662 [Datanode State Machine Thread - 0] INFO  ratis.XceiverServerRatis (XceiverServerRatis.java:start(428)) - XceiverServerRatis 3f4b2446-6fc6-4450-8672-6922a5bd7ca8 is started using port 33568
2019-10-10 19:09:10,663 [Datanode State Machine Thread - 0] INFO  server.XceiverServerGrpc (XceiverServerGrpc.java:start(149)) - XceiverServerGrpc 3f4b2446-6fc6-4450-8672-6922a5bd7ca8 is started using port 33934
2019-10-10 19:09:10,717 [Datanode State Machine Thread - 0] INFO  ozoneimpl.OzoneContainer (OzoneContainer.java:start(213)) - Attempting to start container services.
2019-10-10 19:09:10,717 [Datanode State Machine Thread - 0] INFO  ozoneimpl.OzoneContainer (OzoneContainer.java:startContainerScrub(177)) - Background container scanner has been disabled.
2019-10-10 19:09:10,717 [Datanode State Machine Thread - 0] INFO  ratis.XceiverServerRatis (XceiverServerRatis.java:start(418)) - Starting XceiverServerRatis eb79673d-e71c-46b0-ba54-28d995f39114 at port 0
2019-10-10 19:09:10,723 [Datanode State Machine Thread - 0] INFO  impl.RaftServerProxy (RaftServerProxy.java:lambda$start$3(299)) - eb79673d-e71c-46b0-ba54-28d995f39114: start RPC server
2019-10-10 19:09:10,724 [Datanode State Machine Thread - 0] INFO  server.GrpcService (GrpcService.java:startImpl(158)) - eb79673d-e71c-46b0-ba54-28d995f39114: GrpcService started, listening on 0.0.0.0/0.0.0.0:36889
2019-10-10 19:09:10,724 [Datanode State Machine Thread - 0] INFO  ratis.XceiverServerRatis (XceiverServerRatis.java:start(428)) - XceiverServerRatis eb79673d-e71c-46b0-ba54-28d995f39114 is started using port 36889
2019-10-10 19:09:10,724 [Datanode State Machine Thread - 0] INFO  server.XceiverServerGrpc (XceiverServerGrpc.java:start(149)) - XceiverServerGrpc eb79673d-e71c-46b0-ba54-28d995f39114 is started using port 40940
2019-10-10 19:09:10,779 [Datanode State Machine Thread - 0] INFO  ozoneimpl.OzoneContainer (OzoneContainer.java:start(213)) - Attempting to start container services.
2019-10-10 19:09:10,780 [Datanode State Machine Thread - 0] INFO  ozoneimpl.OzoneContainer (OzoneContainer.java:startContainerScrub(177)) - Background container scanner has been disabled.
2019-10-10 19:09:10,780 [Datanode State Machine Thread - 0] INFO  ratis.XceiverServerRatis (XceiverServerRatis.java:start(418)) - Starting XceiverServerRatis 7050c371-8b6f-464e-a857-eb7b31a47658 at port 0
2019-10-10 19:09:10,786 [Datanode State Machine Thread - 0] INFO  impl.RaftServerProxy (RaftServerProxy.java:lambda$start$3(299)) - 7050c371-8b6f-464e-a857-eb7b31a47658: start RPC server
2019-10-10 19:09:10,787 [Datanode State Machine Thread - 0] INFO  server.GrpcService (GrpcService.java:startImpl(158)) - 7050c371-8b6f-464e-a857-eb7b31a47658: GrpcService started, listening on 0.0.0.0/0.0.0.0:44511
2019-10-10 19:09:10,787 [Datanode State Machine Thread - 0] INFO  ratis.XceiverServerRatis (XceiverServerRatis.java:start(428)) - XceiverServerRatis 7050c371-8b6f-464e-a857-eb7b31a47658 is started using port 44511
2019-10-10 19:09:10,790 [Datanode State Machine Thread - 0] INFO  server.XceiverServerGrpc (XceiverServerGrpc.java:start(149)) - XceiverServerGrpc 7050c371-8b6f-464e-a857-eb7b31a47658 is started using port 34556
2019-10-10 19:09:10,828 [main] INFO  ozone.MiniOzoneClusterImpl (MiniOzoneClusterImpl.java:lambda$waitForClusterToBeReady$0(147)) - Waiting for cluster to be ready. Got 0 of 7 DN Heartbeats.
2019-10-10 19:09:10,857 [Datanode State Machine Thread - 0] INFO  ozoneimpl.OzoneContainer (OzoneContainer.java:start(213)) - Attempting to start container services.
2019-10-10 19:09:10,857 [Datanode State Machine Thread - 0] INFO  ozoneimpl.OzoneContainer (OzoneContainer.java:startContainerScrub(177)) - Background container scanner has been disabled.
2019-10-10 19:09:10,857 [Datanode State Machine Thread - 0] INFO  ratis.XceiverServerRatis (XceiverServerRatis.java:start(418)) - Starting XceiverServerRatis 43522fc3-cf3d-4b88-b622-585a8cbbeb1f at port 0
2019-10-10 19:09:10,864 [Datanode State Machine Thread - 0] INFO  impl.RaftServerProxy (RaftServerProxy.java:lambda$start$3(299)) - 43522fc3-cf3d-4b88-b622-585a8cbbeb1f: start RPC server
2019-10-10 19:09:10,864 [Datanode State Machine Thread - 0] INFO  server.GrpcService (GrpcService.java:startImpl(158)) - 43522fc3-cf3d-4b88-b622-585a8cbbeb1f: GrpcService started, listening on 0.0.0.0/0.0.0.0:38082
2019-10-10 19:09:10,865 [Datanode State Machine Thread - 0] INFO  ratis.XceiverServerRatis (XceiverServerRatis.java:start(428)) - XceiverServerRatis 43522fc3-cf3d-4b88-b622-585a8cbbeb1f is started using port 38082
2019-10-10 19:09:10,865 [Datanode State Machine Thread - 0] INFO  server.XceiverServerGrpc (XceiverServerGrpc.java:start(149)) - XceiverServerGrpc 43522fc3-cf3d-4b88-b622-585a8cbbeb1f is started using port 46788
2019-10-10 19:09:11,829 [main] INFO  ozone.MiniOzoneClusterImpl (MiniOzoneClusterImpl.java:lambda$waitForClusterToBeReady$0(147)) - Waiting for cluster to be ready. Got 0 of 7 DN Heartbeats.
2019-10-10 19:09:12,465 [IPC Server handler 0 on 39090] INFO  net.NetworkTopology (NetworkTopologyImpl.java:add(111)) - Added a new node: /default-rack/4f42c1de-08dc-47d1-8f12-e71e73c4c998
2019-10-10 19:09:12,467 [IPC Server handler 0 on 39090] INFO  node.SCMNodeManager (SCMNodeManager.java:register(268)) - Registered Data node : 4f42c1de-08dc-47d1-8f12-e71e73c4c998{ip: 192.168.5.175, host: pr-hdds-2194-9vxpc-1955504311, networkLocation: /default-rack, certSerialId: null}
2019-10-10 19:09:12,468 [EventQueue-NodeRegistrationContainerReportForDataNodeSafeModeRule] INFO  safemode.SCMSafeModeManager (DataNodeSafeModeRule.java:process(71)) - SCM in safe mode. 1 DataNodes registered, 1 required.
2019-10-10 19:09:12,471 [EventQueue-NodeRegistrationContainerReportForDataNodeSafeModeRule] INFO  safemode.SCMSafeModeManager (SCMSafeModeManager.java:validateSafeModeExitRules(177)) - ScmSafeModeManager, all rules are successfully validated
2019-10-10 19:09:12,471 [EventQueue-NodeRegistrationContainerReportForDataNodeSafeModeRule] INFO  safemode.SCMSafeModeManager (SCMSafeModeManager.java:exitSafeMode(193)) - SCM exiting safe mode.
2019-10-10 19:09:12,484 [grpc-default-executor-12] INFO  impl.RaftServerProxy (RaftServerProxy.java:addNew(89)) - 4f42c1de-08dc-47d1-8f12-e71e73c4c998: addNew group-6E3AC8DEAF57:[4f42c1de-08dc-47d1-8f12-e71e73c4c998:192.168.5.175:42446] returns group-6E3AC8DEAF57:java.util.concurrent.CompletableFuture@2725d0f4[Not completed]
2019-10-10 19:09:12,487 [pool-409-thread-1] INFO  impl.RaftServerImpl (RaftServerImpl.java:<init>(95)) - 4f42c1de-08dc-47d1-8f12-e71e73c4c998: new RaftServerImpl for group-6E3AC8DEAF57:[4f42c1de-08dc-47d1-8f12-e71e73c4c998:192.168.5.175:42446] with ContainerStateMachine:uninitialized
2019-10-10 19:09:12,487 [pool-409-thread-1] INFO  server.RaftServerConfigKeys (ConfUtils.java:logGet(43)) - raft.server.rpc.timeout.min = 5s (custom)
2019-10-10 19:09:12,488 [pool-409-thread-1] INFO  server.RaftServerConfigKeys (ConfUtils.java:logGet(43)) - raft.server.rpc.timeout.max = 5200ms (custom)
2019-10-10 19:09:12,488 [pool-409-thread-1] INFO  server.RaftServerConfigKeys (ConfUtils.java:logGet(43)) - raft.server.rpcslowness.timeout = 120s (custom)
2019-10-10 19:09:12,488 [pool-409-thread-1] INFO  server.RaftServerConfigKeys (ConfUtils.java:logGet(43)) - raft.server.sleep.deviation.threshold = 300 (default)
2019-10-10 19:09:12,488 [pool-409-thread-1] INFO  server.RaftServerConfigKeys (ConfUtils.java:logGet(43)) - raft.server.log.appender.install.snapshot.enabled = false (custom)
2019-10-10 19:09:12,488 [pool-409-thread-1] INFO  impl.RaftServerImpl (ServerState.java:<init>(103)) - 4f42c1de-08dc-47d1-8f12-e71e73c4c998@group-6E3AC8DEAF57: ConfigurationManager, init=-1: [4f42c1de-08dc-47d1-8f12-e71e73c4c998:192.168.5.175:42446], old=null, confs=<EMPTY_MAP>
2019-10-10 19:09:12,488 [pool-409-thread-1] INFO  server.RaftServerConfigKeys (ConfUtils.java:logGet(43)) - raft.server.storage.dir = [/workdir/hadoop-ozone/integration-test/target/test-dir/MiniOzoneClusterImpl-1a4c3d35-b2f5-4839-a9b3-d09690a86701/datanode-0/data/ratis] (custom)
2019-10-10 19:09:12,489 [pool-409-thread-1] INFO  server.RaftServerConfigKeys (ConfUtils.java:logGet(43)) - raft.server.log.corruption.policy = EXCEPTION (default)
2019-10-10 19:09:12,489 [pool-409-thread-1] INFO  storage.RaftStorageDirectory (RaftStorageDirectory.java:analyzeStorage(246)) - The storage directory /workdir/hadoop-ozone/integration-test/target/test-dir/MiniOzoneClusterImpl-1a4c3d35-b2f5-4839-a9b3-d09690a86701/datanode-0/data/ratis/506b4f2b-330d-4b03-853b-6e3ac8deaf57 does not exist. Creating ...
2019-10-10 19:09:12,502 [pool-409-thread-1] INFO  storage.RaftStorageDirectory (RaftStorageDirectory.java:tryLock(328)) - Lock on /workdir/hadoop-ozone/integration-test/target/test-dir/MiniOzoneClusterImpl-1a4c3d35-b2f5-4839-a9b3-d09690a86701/datanode-0/data/ratis/506b4f2b-330d-4b03-853b-6e3ac8deaf57/in_use.lock acquired by nodename 31683@pr-hdds-2194-9vxpc-1955504311
2019-10-10 19:09:12,515 [pool-409-thread-1] INFO  storage.RaftStorage (RaftStorage.java:format(84)) - Storage directory /workdir/hadoop-ozone/integration-test/target/test-dir/MiniOzoneClusterImpl-1a4c3d35-b2f5-4839-a9b3-d09690a86701/datanode-0/data/ratis/506b4f2b-330d-4b03-853b-6e3ac8deaf57 has been successfully formatted.
2019-10-10 19:09:12,515 [pool-409-thread-1] INFO  ratis.ContainerStateMachine (ContainerStateMachine.java:loadSnapshot(231)) - group-6E3AC8DEAF57: The snapshot info is null. Setting the last applied indexto:(t:0, i:~)
2019-10-10 19:09:12,516 [pool-409-thread-1] INFO  server.RaftServerConfigKeys (ConfUtils.java:logGet(43)) - raft.server.notification.no-leader.timeout = 120s (custom)
2019-10-10 19:09:12,516 [pool-409-thread-1] INFO  server.RaftServerConfigKeys (ConfUtils.java:logGet(43)) - raft.server.log.use.memory = false (default)
2019-10-10 19:09:12,516 [pool-409-thread-1] INFO  server.RaftServerConfigKeys (ConfUtils.java:logGet(43)) - raft.server.log.purge.gap = 1000000 (custom)
2019-10-10 19:09:12,516 [pool-409-thread-1] INFO  server.RaftServerConfigKeys (ConfUtils.java:logGet(43)) - raft.server.log.appender.buffer.byte-limit = 33554432 (custom)
2019-10-10 19:09:12,516 [pool-409-thread-1] INFO  server.RaftServerConfigKeys (ConfUtils.java:logGet(43)) - raft.server.log.segment.size.max = 1048576 (custom)
2019-10-10 19:09:12,518 [pool-409-thread-1] INFO  server.RaftServerConfigKeys (ConfUtils.java:logGet(43)) - raft.server.log.segment.cache.num.max = 2 (custom)
2019-10-10 19:09:12,519 [pool-409-thread-1] INFO  segmented.SegmentedRaftLogWorker (SegmentedRaftLogWorker.java:<init>(173)) - new 4f42c1de-08dc-47d1-8f12-e71e73c4c998@group-6E3AC8DEAF57-SegmentedRaftLogWorker for RaftStorage:Storage Directory /workdir/hadoop-ozone/integration-test/target/test-dir/MiniOzoneClusterImpl-1a4c3d35-b2f5-4839-a9b3-d09690a86701/datanode-0/data/ratis/506b4f2b-330d-4b03-853b-6e3ac8deaf57
2019-10-10 19:09:12,519 [pool-409-thread-1] INFO  server.RaftServerConfigKeys (ConfUtils.java:logGet(43)) - raft.server.log.queue.byte-limit = 2147483647 (custom)
2019-10-10 19:09:12,519 [pool-409-thread-1] INFO  server.RaftServerConfigKeys (ConfUtils.java:logGet(43)) - raft.server.log.queue.element-limit = 1024 (custom)
2019-10-10 19:09:12,519 [pool-409-thread-1] INFO  server.RaftServerConfigKeys (ConfUtils.java:logGet(43)) - raft.server.log.segment.size.max = 1048576 (custom)
2019-10-10 19:09:12,519 [pool-409-thread-1] INFO  server.RaftServerConfigKeys (ConfUtils.java:logGet(43)) - raft.server.log.preallocated.size = 16384 (custom)
2019-10-10 19:09:12,519 [pool-409-thread-1] INFO  server.RaftServerConfigKeys (ConfUtils.java:logGet(43)) - raft.server.log.write.buffer.size = 33554432 (custom)
2019-10-10 19:09:12,519 [pool-409-thread-1] INFO  server.RaftServerConfigKeys (ConfUtils.java:logGet(43)) - raft.server.log.force.sync.num = 128 (default)
2019-10-10 19:09:12,520 [pool-409-thread-1] INFO  server.RaftServerConfigKeys (ConfUtils.java:logGet(43)) - raft.server.log.statemachine.data.sync = true (default)
2019-10-10 19:09:12,520 [IPC Server handler 2 on 39090] INFO  net.NetworkTopology (NetworkTopologyImpl.java:add(111)) - Added a new node: /default-rack/82412393-0d0f-42e5-b60a-35225ce55bb0
2019-10-10 19:09:12,520 [pool-409-thread-1] INFO  server.RaftServerConfigKeys (ConfUtils.java:logGet(43)) - raft.server.log.statemachine.data.sync.timeout = 10s (default)
2019-10-10 19:09:12,520 [IPC Server handler 2 on 39090] INFO  node.SCMNodeManager (SCMNodeManager.java:register(268)) - Registered Data node : 82412393-0d0f-42e5-b60a-35225ce55bb0{ip: 192.168.5.175, host: pr-hdds-2194-9vxpc-1955504311, networkLocation: /default-rack, certSerialId: null}
2019-10-10 19:09:12,520 [pool-409-thread-1] INFO  server.RaftServerConfigKeys (ConfUtils.java:logGet(43)) - raft.server.log.statemachine.data.sync.timeout.retry = -1 (default)
2019-10-10 19:09:12,521 [pool-409-thread-1] INFO  server.RaftServerConfigKeys (ConfUtils.java:logGet(43)) - raft.server.log.statemachine.data.caching.enabled = true (custom)
2019-10-10 19:09:12,521 [pool-409-thread-1] INFO  segmented.SegmentedRaftLogWorker (SegmentedRaftLogWorker.java:lambda$new$0(128)) - 4f42c1de-08dc-47d1-8f12-e71e73c4c998@group-6E3AC8DEAF57-SegmentedRaftLogWorker: flushIndex: setUnconditionally 0 -> -1
2019-10-10 19:09:12,522 [pool-409-thread-1] INFO  server.RaftServerConfigKeys (ConfUtils.java:logGet(43)) - raft.server.snapshot.auto.trigger.enabled = true (custom)
2019-10-10 19:09:12,522 [pool-409-thread-1] INFO  server.RaftServerConfigKeys (ConfUtils.java:logGet(43)) - raft.server.snapshot.auto.trigger.threshold = 10000 (custom)
2019-10-10 19:09:12,522 [pool-409-thread-1] INFO  server.RaftServerConfigKeys (ConfUtils.java:logGet(43)) - raft.server.snapshot.retention.file.num = 5 (custom)
2019-10-10 19:09:12,522 [pool-409-thread-1] INFO  server.RaftServerConfigKeys (ConfUtils.java:logGet(43)) - raft.server.retrycache.expirytime = 600000ms (custom)
2019-10-10 19:09:12,524 [pool-409-thread-1] INFO  impl.RaftServerImpl (RaftServerImpl.java:start(181)) - 4f42c1de-08dc-47d1-8f12-e71e73c4c998@group-6E3AC8DEAF57: start as a follower, conf=-1: [4f42c1de-08dc-47d1-8f12-e71e73c4c998:192.168.5.175:42446], old=null
2019-10-10 19:09:12,524 [pool-409-thread-1] INFO  impl.RaftServerImpl (RaftServerImpl.java:setRole(170)) - 4f42c1de-08dc-47d1-8f12-e71e73c4c998@group-6E3AC8DEAF57: changes role from      null to FOLLOWER at term 0 for startAsFollower
2019-10-10 19:09:12,524 [pool-409-thread-1] INFO  impl.RoleInfo (RoleInfo.java:updateAndGet(143)) - 4f42c1de-08dc-47d1-8f12-e71e73c4c998: start FollowerState
2019-10-10 19:09:12,525 [pool-409-thread-1] INFO  util.JmxRegister (JmxRegister.java:tryRegister(44)) - Successfully registered JMX Bean with object name Ratis:service=RaftServer,group=group-6E3AC8DEAF57,id=4f42c1de-08dc-47d1-8f12-e71e73c4c998
2019-10-10 19:09:12,533 [RatisPipelineUtilsThread] INFO  pipeline.PipelineStateManager (PipelineStateManager.java:addPipeline(56)) - Created pipeline Pipeline[ Id: 506b4f2b-330d-4b03-853b-6e3ac8deaf57, Nodes: 4f42c1de-08dc-47d1-8f12-e71e73c4c998{ip: 192.168.5.175, host: pr-hdds-2194-9vxpc-1955504311, networkLocation: /default-rack, certSerialId: null}, Type:RATIS, Factor:ONE, State:OPEN]
2019-10-10 19:09:12,539 [grpc-default-executor-12] INFO  impl.RaftServerProxy (RaftServerProxy.java:addNew(89)) - 82412393-0d0f-42e5-b60a-35225ce55bb0: addNew group-0BA7846E56E2:[82412393-0d0f-42e5-b60a-35225ce55bb0:192.168.5.175:38227] returns group-0BA7846E56E2:java.util.concurrent.CompletableFuture@1ba3cad3[Not completed]
2019-10-10 19:09:12,540 [pool-419-thread-1] INFO  impl.RaftServerImpl (RaftServerImpl.java:<init>(95)) - 82412393-0d0f-42e5-b60a-35225ce55bb0: new RaftServerImpl for group-0BA7846E56E2:[82412393-0d0f-42e5-b60a-35225ce55bb0:192.168.5.175:38227] with ContainerStateMachine:uninitialized
2019-10-10 19:09:12,541 [pool-419-thread-1] INFO  server.RaftServerConfigKeys (ConfUtils.java:logGet(43)) - raft.server.rpc.timeout.min = 5s (custom)
2019-10-10 19:09:12,541 [pool-419-thread-1] INFO  server.RaftServerConfigKeys (ConfUtils.java:logGet(43)) - raft.server.rpc.timeout.max = 5200ms (custom)
2019-10-10 19:09:12,541 [pool-419-thread-1] INFO  server.RaftServerConfigKeys (ConfUtils.java:logGet(43)) - raft.server.rpcslowness.timeout = 120s (custom)
2019-10-10 19:09:12,541 [pool-419-thread-1] INFO  server.RaftServerConfigKeys (ConfUtils.java:logGet(43)) - raft.server.sleep.deviation.threshold = 300 (default)
2019-10-10 19:09:12,541 [pool-419-thread-1] INFO  server.RaftServerConfigKeys (ConfUtils.java:logGet(43)) - raft.server.log.appender.install.snapshot.enabled = false (custom)
2019-10-10 19:09:12,541 [pool-419-thread-1] INFO  impl.RaftServerImpl (ServerState.java:<init>(103)) - 82412393-0d0f-42e5-b60a-35225ce55bb0@group-0BA7846E56E2: ConfigurationManager, init=-1: [82412393-0d0f-42e5-b60a-35225ce55bb0:192.168.5.175:38227], old=null, confs=<EMPTY_MAP>
2019-10-10 19:09:12,541 [pool-419-thread-1] INFO  server.RaftServerConfigKeys (ConfUtils.java:logGet(43)) - raft.server.storage.dir = [/workdir/hadoop-ozone/integration-test/target/test-dir/MiniOzoneClusterImpl-1a4c3d35-b2f5-4839-a9b3-d09690a86701/datanode-1/data/ratis] (custom)
2019-10-10 19:09:12,541 [pool-419-thread-1] INFO  server.RaftServerConfigKeys (ConfUtils.java:logGet(43)) - raft.server.log.corruption.policy = EXCEPTION (default)
2019-10-10 19:09:12,542 [pool-419-thread-1] INFO  storage.RaftStorageDirectory (RaftStorageDirectory.java:analyzeStorage(246)) - The storage directory /workdir/hadoop-ozone/integration-test/target/test-dir/MiniOzoneClusterImpl-1a4c3d35-b2f5-4839-a9b3-d09690a86701/datanode-1/data/ratis/1ccd3e97-8ad2-436b-9125-0ba7846e56e2 does not exist. Creating ...
2019-10-10 19:09:12,555 [pool-419-thread-1] INFO  storage.RaftStorageDirectory (RaftStorageDirectory.java:tryLock(328)) - Lock on /workdir/hadoop-ozone/integration-test/target/test-dir/MiniOzoneClusterImpl-1a4c3d35-b2f5-4839-a9b3-d09690a86701/datanode-1/data/ratis/1ccd3e97-8ad2-436b-9125-0ba7846e56e2/in_use.lock acquired by nodename 31683@pr-hdds-2194-9vxpc-1955504311
2019-10-10 19:09:12,568 [pool-419-thread-1] INFO  storage.RaftStorage (RaftStorage.java:format(84)) - Storage directory /workdir/hadoop-ozone/integration-test/target/test-dir/MiniOzoneClusterImpl-1a4c3d35-b2f5-4839-a9b3-d09690a86701/datanode-1/data/ratis/1ccd3e97-8ad2-436b-9125-0ba7846e56e2 has been successfully formatted.
2019-10-10 19:09:12,568 [pool-419-thread-1] INFO  ratis.ContainerStateMachine (ContainerStateMachine.java:loadSnapshot(231)) - group-0BA7846E56E2: The snapshot info is null. Setting the last applied indexto:(t:0, i:~)
2019-10-10 19:09:12,568 [pool-419-thread-1] INFO  server.RaftServerConfigKeys (ConfUtils.java:logGet(43)) - raft.server.notification.no-leader.timeout = 120s (custom)
2019-10-10 19:09:12,568 [pool-419-thread-1] INFO  server.RaftServerConfigKeys (ConfUtils.java:logGet(43)) - raft.server.log.use.memory = false (default)
2019-10-10 19:09:12,568 [pool-419-thread-1] INFO  server.RaftServerConfigKeys (ConfUtils.java:logGet(43)) - raft.server.log.purge.gap = 1000000 (custom)
2019-10-10 19:09:12,568 [pool-419-thread-1] INFO  server.RaftServerConfigKeys (ConfUtils.java:logGet(43)) - raft.server.log.appender.buffer.byte-limit = 33554432 (custom)
2019-10-10 19:09:12,569 [pool-419-thread-1] INFO  server.RaftServerConfigKeys (ConfUtils.java:logGet(43)) - raft.server.log.segment.size.max = 1048576 (custom)
2019-10-10 19:09:12,570 [pool-419-thread-1] INFO  server.RaftServerConfigKeys (ConfUtils.java:logGet(43)) - raft.server.log.segment.cache.num.max = 2 (custom)
2019-10-10 19:09:12,570 [pool-419-thread-1] INFO  segmented.SegmentedRaftLogWorker (SegmentedRaftLogWorker.java:<init>(173)) - new 82412393-0d0f-42e5-b60a-35225ce55bb0@group-0BA7846E56E2-SegmentedRaftLogWorker for RaftStorage:Storage Directory /workdir/hadoop-ozone/integration-test/target/test-dir/MiniOzoneClusterImpl-1a4c3d35-b2f5-4839-a9b3-d09690a86701/datanode-1/data/ratis/1ccd3e97-8ad2-436b-9125-0ba7846e56e2
2019-10-10 19:09:12,570 [pool-419-thread-1] INFO  server.RaftServerConfigKeys (ConfUtils.java:logGet(43)) - raft.server.log.queue.byte-limit = 2147483647 (custom)
2019-10-10 19:09:12,570 [pool-419-thread-1] INFO  server.RaftServerConfigKeys (ConfUtils.java:logGet(43)) - raft.server.log.queue.element-limit = 1024 (custom)
2019-10-10 19:09:12,571 [pool-419-thread-1] INFO  server.RaftServerConfigKeys (ConfUtils.java:logGet(43)) - raft.server.log.segment.size.max = 1048576 (custom)
2019-10-10 19:09:12,571 [pool-419-thread-1] INFO  server.RaftServerConfigKeys (ConfUtils.java:logGet(43)) - raft.server.log.preallocated.size = 16384 (custom)
2019-10-10 19:09:12,571 [pool-419-thread-1] INFO  server.RaftServerConfigKeys (ConfUtils.java:logGet(43)) - raft.server.log.write.buffer.size = 33554432 (custom)
2019-10-10 19:09:12,571 [pool-419-thread-1] INFO  server.RaftServerConfigKeys (ConfUtils.java:logGet(43)) - raft.server.log.force.sync.num = 128 (default)
2019-10-10 19:09:12,571 [pool-419-thread-1] INFO  server.RaftServerConfigKeys (ConfUtils.java:logGet(43)) - raft.server.log.statemachine.data.sync = true (default)
2019-10-10 19:09:12,571 [pool-419-thread-1] INFO  server.RaftServerConfigKeys (ConfUtils.java:logGet(43)) - raft.server.log.statemachine.data.sync.timeout = 10s (default)
2019-10-10 19:09:12,571 [pool-419-thread-1] INFO  server.RaftServerConfigKeys (ConfUtils.java:logGet(43)) - raft.server.log.statemachine.data.sync.timeout.retry = -1 (default)
2019-10-10 19:09:12,572 [pool-419-thread-1] INFO  server.RaftServerConfigKeys (ConfUtils.java:logGet(43)) - raft.server.log.statemachine.data.caching.enabled = true (custom)
2019-10-10 19:09:12,572 [pool-419-thread-1] INFO  segmented.SegmentedRaftLogWorker (SegmentedRaftLogWorker.java:lambda$new$0(128)) - 82412393-0d0f-42e5-b60a-35225ce55bb0@group-0BA7846E56E2-SegmentedRaftLogWorker: flushIndex: setUnconditionally 0 -> -1
2019-10-10 19:09:12,572 [pool-419-thread-1] INFO  server.RaftServerConfigKeys (ConfUtils.java:logGet(43)) - raft.server.snapshot.auto.trigger.enabled = true (custom)
2019-10-10 19:09:12,572 [pool-419-thread-1] INFO  server.RaftServerConfigKeys (ConfUtils.java:logGet(43)) - raft.server.snapshot.auto.trigger.threshold = 10000 (custom)
2019-10-10 19:09:12,572 [pool-419-thread-1] INFO  server.RaftServerConfigKeys (ConfUtils.java:logGet(43)) - raft.server.snapshot.retention.file.num = 5 (custom)
2019-10-10 19:09:12,572 [pool-419-thread-1] INFO  server.RaftServerConfigKeys (ConfUtils.java:logGet(43)) - raft.server.retrycache.expirytime = 600000ms (custom)
2019-10-10 19:09:12,574 [pool-419-thread-1] INFO  impl.RaftServerImpl (RaftServerImpl.java:start(181)) - 82412393-0d0f-42e5-b60a-35225ce55bb0@group-0BA7846E56E2: start as a follower, conf=-1: [82412393-0d0f-42e5-b60a-35225ce55bb0:192.168.5.175:38227], old=null
2019-10-10 19:09:12,574 [pool-419-thread-1] INFO  impl.RaftServerImpl (RaftServerImpl.java:setRole(170)) - 82412393-0d0f-42e5-b60a-35225ce55bb0@group-0BA7846E56E2: changes role from      null to FOLLOWER at term 0 for startAsFollower
2019-10-10 19:09:12,574 [pool-419-thread-1] INFO  impl.RoleInfo (RoleInfo.java:updateAndGet(143)) - 82412393-0d0f-42e5-b60a-35225ce55bb0: start FollowerState
2019-10-10 19:09:12,574 [pool-419-thread-1] INFO  util.JmxRegister (JmxRegister.java:tryRegister(44)) - Successfully registered JMX Bean with object name Ratis:service=RaftServer,group=group-0BA7846E56E2,id=82412393-0d0f-42e5-b60a-35225ce55bb0
2019-10-10 19:09:12,580 [RatisPipelineUtilsThread] INFO  pipeline.PipelineStateManager (PipelineStateManager.java:addPipeline(56)) - Created pipeline Pipeline[ Id: 1ccd3e97-8ad2-436b-9125-0ba7846e56e2, Nodes: 82412393-0d0f-42e5-b60a-35225ce55bb0{ip: 192.168.5.175, host: pr-hdds-2194-9vxpc-1955504311, networkLocation: /default-rack, certSerialId: null}, Type:RATIS, Factor:ONE, State:OPEN]
2019-10-10 19:09:12,584 [IPC Server handler 5 on 39090] INFO  net.NetworkTopology (NetworkTopologyImpl.java:add(111)) - Added a new node: /default-rack/9c8b8b19-eb4d-4234-9c4a-07b0a2e8cc23
2019-10-10 19:09:12,600 [IPC Server handler 5 on 39090] INFO  node.SCMNodeManager (SCMNodeManager.java:register(268)) - Registered Data node : 9c8b8b19-eb4d-4234-9c4a-07b0a2e8cc23{ip: 192.168.5.175, host: pr-hdds-2194-9vxpc-1955504311, networkLocation: /default-rack, certSerialId: null}
2019-10-10 19:09:12,606 [grpc-default-executor-12] INFO  impl.RaftServerProxy (RaftServerProxy.java:addNew(89)) - 9c8b8b19-eb4d-4234-9c4a-07b0a2e8cc23: addNew group-40E0EA978F9F:[9c8b8b19-eb4d-4234-9c4a-07b0a2e8cc23:192.168.5.175:42846] returns group-40E0EA978F9F:java.util.concurrent.CompletableFuture@729825fe[Not completed]
2019-10-10 19:09:12,607 [pool-429-thread-1] INFO  impl.RaftServerImpl (RaftServerImpl.java:<init>(95)) - 9c8b8b19-eb4d-4234-9c4a-07b0a2e8cc23: new RaftServerImpl for group-40E0EA978F9F:[9c8b8b19-eb4d-4234-9c4a-07b0a2e8cc23:192.168.5.175:42846] with ContainerStateMachine:uninitialized
2019-10-10 19:09:12,607 [pool-429-thread-1] INFO  server.RaftServerConfigKeys (ConfUtils.java:logGet(43)) - raft.server.rpc.timeout.min = 5s (custom)
2019-10-10 19:09:12,607 [pool-429-thread-1] INFO  server.RaftServerConfigKeys (ConfUtils.java:logGet(43)) - raft.server.rpc.timeout.max = 5200ms (custom)
2019-10-10 19:09:12,607 [pool-429-thread-1] INFO  server.RaftServerConfigKeys (ConfUtils.java:logGet(43)) - raft.server.rpcslowness.timeout = 120s (custom)
2019-10-10 19:09:12,608 [pool-429-thread-1] INFO  server.RaftServerConfigKeys (ConfUtils.java:logGet(43)) - raft.server.sleep.deviation.threshold = 300 (default)
2019-10-10 19:09:12,608 [pool-429-thread-1] INFO  server.RaftServerConfigKeys (ConfUtils.java:logGet(43)) - raft.server.log.appender.install.snapshot.enabled = false (custom)
2019-10-10 19:09:12,608 [pool-429-thread-1] INFO  impl.RaftServerImpl (ServerState.java:<init>(103)) - 9c8b8b19-eb4d-4234-9c4a-07b0a2e8cc23@group-40E0EA978F9F: ConfigurationManager, init=-1: [9c8b8b19-eb4d-4234-9c4a-07b0a2e8cc23:192.168.5.175:42846], old=null, confs=<EMPTY_MAP>
2019-10-10 19:09:12,608 [pool-429-thread-1] INFO  server.RaftServerConfigKeys (ConfUtils.java:logGet(43)) - raft.server.storage.dir = [/workdir/hadoop-ozone/integration-test/target/test-dir/MiniOzoneClusterImpl-1a4c3d35-b2f5-4839-a9b3-d09690a86701/datanode-2/data/ratis] (custom)
2019-10-10 19:09:12,608 [pool-429-thread-1] INFO  server.RaftServerConfigKeys (ConfUtils.java:logGet(43)) - raft.server.log.corruption.policy = EXCEPTION (default)
2019-10-10 19:09:12,608 [pool-429-thread-1] INFO  storage.RaftStorageDirectory (RaftStorageDirectory.java:analyzeStorage(246)) - The storage directory /workdir/hadoop-ozone/integration-test/target/test-dir/MiniOzoneClusterImpl-1a4c3d35-b2f5-4839-a9b3-d09690a86701/datanode-2/data/ratis/0f32404e-4910-4866-8b27-40e0ea978f9f does not exist. Creating ...
2019-10-10 19:09:12,621 [pool-429-thread-1] INFO  storage.RaftStorageDirectory (RaftStorageDirectory.java:tryLock(328)) - Lock on /workdir/hadoop-ozone/integration-test/target/test-dir/MiniOzoneClusterImpl-1a4c3d35-b2f5-4839-a9b3-d09690a86701/datanode-2/data/ratis/0f32404e-4910-4866-8b27-40e0ea978f9f/in_use.lock acquired by nodename 31683@pr-hdds-2194-9vxpc-1955504311
2019-10-10 19:09:12,633 [pool-429-thread-1] INFO  storage.RaftStorage (RaftStorage.java:format(84)) - Storage directory /workdir/hadoop-ozone/integration-test/target/test-dir/MiniOzoneClusterImpl-1a4c3d35-b2f5-4839-a9b3-d09690a86701/datanode-2/data/ratis/0f32404e-4910-4866-8b27-40e0ea978f9f has been successfully formatted.
2019-10-10 19:09:12,633 [pool-429-thread-1] INFO  ratis.ContainerStateMachine (ContainerStateMachine.java:loadSnapshot(231)) - group-40E0EA978F9F: The snapshot info is null. Setting the last applied indexto:(t:0, i:~)
2019-10-10 19:09:12,634 [pool-429-thread-1] INFO  server.RaftServerConfigKeys (ConfUtils.java:logGet(43)) - raft.server.notification.no-leader.timeout = 120s (custom)
2019-10-10 19:09:12,634 [pool-429-thread-1] INFO  server.RaftServerConfigKeys (ConfUtils.java:logGet(43)) - raft.server.log.use.memory = false (default)
2019-10-10 19:09:12,634 [pool-429-thread-1] INFO  server.RaftServerConfigKeys (ConfUtils.java:logGet(43)) - raft.server.log.purge.gap = 1000000 (custom)
2019-10-10 19:09:12,634 [pool-429-thread-1] INFO  server.RaftServerConfigKeys (ConfUtils.java:logGet(43)) - raft.server.log.appender.buffer.byte-limit = 33554432 (custom)
2019-10-10 19:09:12,634 [pool-429-thread-1] INFO  server.RaftServerConfigKeys (ConfUtils.java:logGet(43)) - raft.server.log.segment.size.max = 1048576 (custom)
2019-10-10 19:09:12,635 [pool-429-thread-1] INFO  server.RaftServerConfigKeys (ConfUtils.java:logGet(43)) - raft.server.log.segment.cache.num.max = 2 (custom)
2019-10-10 19:09:12,635 [pool-429-thread-1] INFO  segmented.SegmentedRaftLogWorker (SegmentedRaftLogWorker.java:<init>(173)) - new 9c8b8b19-eb4d-4234-9c4a-07b0a2e8cc23@group-40E0EA978F9F-SegmentedRaftLogWorker for RaftStorage:Storage Directory /workdir/hadoop-ozone/integration-test/target/test-dir/MiniOzoneClusterImpl-1a4c3d35-b2f5-4839-a9b3-d09690a86701/datanode-2/data/ratis/0f32404e-4910-4866-8b27-40e0ea978f9f
2019-10-10 19:09:12,636 [pool-429-thread-1] INFO  server.RaftServerConfigKeys (ConfUtils.java:logGet(43)) - raft.server.log.queue.byte-limit = 2147483647 (custom)
2019-10-10 19:09:12,636 [pool-429-thread-1] INFO  server.RaftServerConfigKeys (ConfUtils.java:logGet(43)) - raft.server.log.queue.element-limit = 1024 (custom)
2019-10-10 19:09:12,636 [pool-429-thread-1] INFO  server.RaftServerConfigKeys (ConfUtils.java:logGet(43)) - raft.server.log.segment.size.max = 1048576 (custom)
2019-10-10 19:09:12,636 [pool-429-thread-1] INFO  server.RaftServerConfigKeys (ConfUtils.java:logGet(43)) - raft.server.log.preallocated.size = 16384 (custom)
2019-10-10 19:09:12,636 [pool-429-thread-1] INFO  server.RaftServerConfigKeys (ConfUtils.java:logGet(43)) - raft.server.log.write.buffer.size = 33554432 (custom)
2019-10-10 19:09:12,636 [pool-429-thread-1] INFO  server.RaftServerConfigKeys (ConfUtils.java:logGet(43)) - raft.server.log.force.sync.num = 128 (default)
2019-10-10 19:09:12,636 [pool-429-thread-1] INFO  server.RaftServerConfigKeys (ConfUtils.java:logGet(43)) - raft.server.log.statemachine.data.sync = true (default)
2019-10-10 19:09:12,636 [pool-429-thread-1] INFO  server.RaftServerConfigKeys (ConfUtils.java:logGet(43)) - raft.server.log.statemachine.data.sync.timeout = 10s (default)
2019-10-10 19:09:12,636 [pool-429-thread-1] INFO  server.RaftServerConfigKeys (ConfUtils.java:logGet(43)) - raft.server.log.statemachine.data.sync.timeout.retry = -1 (default)
2019-10-10 19:09:12,637 [pool-429-thread-1] INFO  server.RaftServerConfigKeys (ConfUtils.java:logGet(43)) - raft.server.log.statemachine.data.caching.enabled = true (custom)
2019-10-10 19:09:12,637 [pool-429-thread-1] INFO  segmented.SegmentedRaftLogWorker (SegmentedRaftLogWorker.java:lambda$new$0(128)) - 9c8b8b19-eb4d-4234-9c4a-07b0a2e8cc23@group-40E0EA978F9F-SegmentedRaftLogWorker: flushIndex: setUnconditionally 0 -> -1
2019-10-10 19:09:12,637 [pool-429-thread-1] INFO  server.RaftServerConfigKeys (ConfUtils.java:logGet(43)) - raft.server.snapshot.auto.trigger.enabled = true (custom)
2019-10-10 19:09:12,637 [pool-429-thread-1] INFO  server.RaftServerConfigKeys (ConfUtils.java:logGet(43)) - raft.server.snapshot.auto.trigger.threshold = 10000 (custom)
2019-10-10 19:09:12,637 [pool-429-thread-1] INFO  server.RaftServerConfigKeys (ConfUtils.java:logGet(43)) - raft.server.snapshot.retention.file.num = 5 (custom)
2019-10-10 19:09:12,638 [pool-429-thread-1] INFO  server.RaftServerConfigKeys (ConfUtils.java:logGet(43)) - raft.server.retrycache.expirytime = 600000ms (custom)
2019-10-10 19:09:12,639 [pool-429-thread-1] INFO  impl.RaftServerImpl (RaftServerImpl.java:start(181)) - 9c8b8b19-eb4d-4234-9c4a-07b0a2e8cc23@group-40E0EA978F9F: start as a follower, conf=-1: [9c8b8b19-eb4d-4234-9c4a-07b0a2e8cc23:192.168.5.175:42846], old=null
2019-10-10 19:09:12,639 [pool-429-thread-1] INFO  impl.RaftServerImpl (RaftServerImpl.java:setRole(170)) - 9c8b8b19-eb4d-4234-9c4a-07b0a2e8cc23@group-40E0EA978F9F: changes role from      null to FOLLOWER at term 0 for startAsFollower
2019-10-10 19:09:12,639 [pool-429-thread-1] INFO  impl.RoleInfo (RoleInfo.java:updateAndGet(143)) - 9c8b8b19-eb4d-4234-9c4a-07b0a2e8cc23: start FollowerState
2019-10-10 19:09:12,639 [pool-429-thread-1] INFO  util.JmxRegister (JmxRegister.java:tryRegister(44)) - Successfully registered JMX Bean with object name Ratis:service=RaftServer,group=group-40E0EA978F9F,id=9c8b8b19-eb4d-4234-9c4a-07b0a2e8cc23
2019-10-10 19:09:12,646 [IPC Server handler 4 on 39090] INFO  net.NetworkTopology (NetworkTopologyImpl.java:add(111)) - Added a new node: /default-rack/3f4b2446-6fc6-4450-8672-6922a5bd7ca8
2019-10-10 19:09:12,646 [IPC Server handler 4 on 39090] INFO  node.SCMNodeManager (SCMNodeManager.java:register(268)) - Registered Data node : 3f4b2446-6fc6-4450-8672-6922a5bd7ca8{ip: 192.168.5.175, host: pr-hdds-2194-9vxpc-1955504311, networkLocation: /default-rack, certSerialId: null}
2019-10-10 19:09:12,646 [RatisPipelineUtilsThread] INFO  pipeline.PipelineStateManager (PipelineStateManager.java:addPipeline(56)) - Created pipeline Pipeline[ Id: 0f32404e-4910-4866-8b27-40e0ea978f9f, Nodes: 9c8b8b19-eb4d-4234-9c4a-07b0a2e8cc23{ip: 192.168.5.175, host: pr-hdds-2194-9vxpc-1955504311, networkLocation: /default-rack, certSerialId: null}, Type:RATIS, Factor:ONE, State:OPEN]
2019-10-10 19:09:12,654 [grpc-default-executor-12] INFO  impl.RaftServerProxy (RaftServerProxy.java:addNew(89)) - 3f4b2446-6fc6-4450-8672-6922a5bd7ca8: addNew group-D7B798EAEC25:[3f4b2446-6fc6-4450-8672-6922a5bd7ca8:192.168.5.175:33568] returns group-D7B798EAEC25:java.util.concurrent.CompletableFuture@3b754aec[Not completed]
2019-10-10 19:09:12,656 [pool-439-thread-1] INFO  impl.RaftServerImpl (RaftServerImpl.java:<init>(95)) - 3f4b2446-6fc6-4450-8672-6922a5bd7ca8: new RaftServerImpl for group-D7B798EAEC25:[3f4b2446-6fc6-4450-8672-6922a5bd7ca8:192.168.5.175:33568] with ContainerStateMachine:uninitialized
2019-10-10 19:09:12,656 [pool-439-thread-1] INFO  server.RaftServerConfigKeys (ConfUtils.java:logGet(43)) - raft.server.rpc.timeout.min = 5s (custom)
2019-10-10 19:09:12,656 [pool-439-thread-1] INFO  server.RaftServerConfigKeys (ConfUtils.java:logGet(43)) - raft.server.rpc.timeout.max = 5200ms (custom)
2019-10-10 19:09:12,656 [pool-439-thread-1] INFO  server.RaftServerConfigKeys (ConfUtils.java:logGet(43)) - raft.server.rpcslowness.timeout = 120s (custom)
2019-10-10 19:09:12,656 [pool-439-thread-1] INFO  server.RaftServerConfigKeys (ConfUtils.java:logGet(43)) - raft.server.sleep.deviation.threshold = 300 (default)
2019-10-10 19:09:12,656 [pool-439-thread-1] INFO  server.RaftServerConfigKeys (ConfUtils.java:logGet(43)) - raft.server.log.appender.install.snapshot.enabled = false (custom)
2019-10-10 19:09:12,656 [pool-439-thread-1] INFO  impl.RaftServerImpl (ServerState.java:<init>(103)) - 3f4b2446-6fc6-4450-8672-6922a5bd7ca8@group-D7B798EAEC25: ConfigurationManager, init=-1: [3f4b2446-6fc6-4450-8672-6922a5bd7ca8:192.168.5.175:33568], old=null, confs=<EMPTY_MAP>
2019-10-10 19:09:12,657 [pool-439-thread-1] INFO  server.RaftServerConfigKeys (ConfUtils.java:logGet(43)) - raft.server.storage.dir = [/workdir/hadoop-ozone/integration-test/target/test-dir/MiniOzoneClusterImpl-1a4c3d35-b2f5-4839-a9b3-d09690a86701/datanode-3/data/ratis] (custom)
2019-10-10 19:09:12,657 [pool-439-thread-1] INFO  server.RaftServerConfigKeys (ConfUtils.java:logGet(43)) - raft.server.log.corruption.policy = EXCEPTION (default)
2019-10-10 19:09:12,657 [pool-439-thread-1] INFO  storage.RaftStorageDirectory (RaftStorageDirectory.java:analyzeStorage(246)) - The storage directory /workdir/hadoop-ozone/integration-test/target/test-dir/MiniOzoneClusterImpl-1a4c3d35-b2f5-4839-a9b3-d09690a86701/datanode-3/data/ratis/9d2a29a3-be0d-4d51-a3d6-d7b798eaec25 does not exist. Creating ...
2019-10-10 19:09:12,670 [pool-439-thread-1] INFO  storage.RaftStorageDirectory (RaftStorageDirectory.java:tryLock(328)) - Lock on /workdir/hadoop-ozone/integration-test/target/test-dir/MiniOzoneClusterImpl-1a4c3d35-b2f5-4839-a9b3-d09690a86701/datanode-3/data/ratis/9d2a29a3-be0d-4d51-a3d6-d7b798eaec25/in_use.lock acquired by nodename 31683@pr-hdds-2194-9vxpc-1955504311
2019-10-10 19:09:12,682 [pool-439-thread-1] INFO  storage.RaftStorage (RaftStorage.java:format(84)) - Storage directory /workdir/hadoop-ozone/integration-test/target/test-dir/MiniOzoneClusterImpl-1a4c3d35-b2f5-4839-a9b3-d09690a86701/datanode-3/data/ratis/9d2a29a3-be0d-4d51-a3d6-d7b798eaec25 has been successfully formatted.
2019-10-10 19:09:12,682 [pool-439-thread-1] INFO  ratis.ContainerStateMachine (ContainerStateMachine.java:loadSnapshot(231)) - group-D7B798EAEC25: The snapshot info is null. Setting the last applied indexto:(t:0, i:~)
2019-10-10 19:09:12,683 [pool-439-thread-1] INFO  server.RaftServerConfigKeys (ConfUtils.java:logGet(43)) - raft.server.notification.no-leader.timeout = 120s (custom)
2019-10-10 19:09:12,683 [pool-439-thread-1] INFO  server.RaftServerConfigKeys (ConfUtils.java:logGet(43)) - raft.server.log.use.memory = false (default)
2019-10-10 19:09:12,683 [pool-439-thread-1] INFO  server.RaftServerConfigKeys (ConfUtils.java:logGet(43)) - raft.server.log.purge.gap = 1000000 (custom)
2019-10-10 19:09:12,683 [pool-439-thread-1] INFO  server.RaftServerConfigKeys (ConfUtils.java:logGet(43)) - raft.server.log.appender.buffer.byte-limit = 33554432 (custom)
2019-10-10 19:09:12,683 [pool-439-thread-1] INFO  server.RaftServerConfigKeys (ConfUtils.java:logGet(43)) - raft.server.log.segment.size.max = 1048576 (custom)
2019-10-10 19:09:12,685 [pool-439-thread-1] INFO  server.RaftServerConfigKeys (ConfUtils.java:logGet(43)) - raft.server.log.segment.cache.num.max = 2 (custom)
2019-10-10 19:09:12,685 [pool-439-thread-1] INFO  segmented.SegmentedRaftLogWorker (SegmentedRaftLogWorker.java:<init>(173)) - new 3f4b2446-6fc6-4450-8672-6922a5bd7ca8@group-D7B798EAEC25-SegmentedRaftLogWorker for RaftStorage:Storage Directory /workdir/hadoop-ozone/integration-test/target/test-dir/MiniOzoneClusterImpl-1a4c3d35-b2f5-4839-a9b3-d09690a86701/datanode-3/data/ratis/9d2a29a3-be0d-4d51-a3d6-d7b798eaec25
2019-10-10 19:09:12,685 [pool-439-thread-1] INFO  server.RaftServerConfigKeys (ConfUtils.java:logGet(43)) - raft.server.log.queue.byte-limit = 2147483647 (custom)
2019-10-10 19:09:12,685 [pool-439-thread-1] INFO  server.RaftServerConfigKeys (ConfUtils.java:logGet(43)) - raft.server.log.queue.element-limit = 1024 (custom)
2019-10-10 19:09:12,685 [pool-439-thread-1] INFO  server.RaftServerConfigKeys (ConfUtils.java:logGet(43)) - raft.server.log.segment.size.max = 1048576 (custom)
2019-10-10 19:09:12,686 [pool-439-thread-1] INFO  server.RaftServerConfigKeys (ConfUtils.java:logGet(43)) - raft.server.log.preallocated.size = 16384 (custom)
2019-10-10 19:09:12,686 [pool-439-thread-1] INFO  server.RaftServerConfigKeys (ConfUtils.java:logGet(43)) - raft.server.log.write.buffer.size = 33554432 (custom)
2019-10-10 19:09:12,686 [pool-439-thread-1] INFO  server.RaftServerConfigKeys (ConfUtils.java:logGet(43)) - raft.server.log.force.sync.num = 128 (default)
2019-10-10 19:09:12,686 [pool-439-thread-1] INFO  server.RaftServerConfigKeys (ConfUtils.java:logGet(43)) - raft.server.log.statemachine.data.sync = true (default)
2019-10-10 19:09:12,686 [pool-439-thread-1] INFO  server.RaftServerConfigKeys (ConfUtils.java:logGet(43)) - raft.server.log.statemachine.data.sync.timeout = 10s (default)
2019-10-10 19:09:12,686 [pool-439-thread-1] INFO  server.RaftServerConfigKeys (ConfUtils.java:logGet(43)) - raft.server.log.statemachine.data.sync.timeout.retry = -1 (default)
2019-10-10 19:09:12,686 [pool-439-thread-1] INFO  server.RaftServerConfigKeys (ConfUtils.java:logGet(43)) - raft.server.log.statemachine.data.caching.enabled = true (custom)
2019-10-10 19:09:12,687 [pool-439-thread-1] INFO  segmented.SegmentedRaftLogWorker (SegmentedRaftLogWorker.java:lambda$new$0(128)) - 3f4b2446-6fc6-4450-8672-6922a5bd7ca8@group-D7B798EAEC25-SegmentedRaftLogWorker: flushIndex: setUnconditionally 0 -> -1
2019-10-10 19:09:12,687 [pool-439-thread-1] INFO  server.RaftServerConfigKeys (ConfUtils.java:logGet(43)) - raft.server.snapshot.auto.trigger.enabled = true (custom)
2019-10-10 19:09:12,687 [pool-439-thread-1] INFO  server.RaftServerConfigKeys (ConfUtils.java:logGet(43)) - raft.server.snapshot.auto.trigger.threshold = 10000 (custom)
2019-10-10 19:09:12,687 [pool-439-thread-1] INFO  server.RaftServerConfigKeys (ConfUtils.java:logGet(43)) - raft.server.snapshot.retention.file.num = 5 (custom)
2019-10-10 19:09:12,687 [pool-439-thread-1] INFO  server.RaftServerConfigKeys (ConfUtils.java:logGet(43)) - raft.server.retrycache.expirytime = 600000ms (custom)
2019-10-10 19:09:12,689 [pool-439-thread-1] INFO  impl.RaftServerImpl (RaftServerImpl.java:start(181)) - 3f4b2446-6fc6-4450-8672-6922a5bd7ca8@group-D7B798EAEC25: start as a follower, conf=-1: [3f4b2446-6fc6-4450-8672-6922a5bd7ca8:192.168.5.175:33568], old=null
2019-10-10 19:09:12,689 [pool-439-thread-1] INFO  impl.RaftServerImpl (RaftServerImpl.java:setRole(170)) - 3f4b2446-6fc6-4450-8672-6922a5bd7ca8@group-D7B798EAEC25: changes role from      null to FOLLOWER at term 0 for startAsFollower
2019-10-10 19:09:12,689 [pool-439-thread-1] INFO  impl.RoleInfo (RoleInfo.java:updateAndGet(143)) - 3f4b2446-6fc6-4450-8672-6922a5bd7ca8: start FollowerState
2019-10-10 19:09:12,699 [pool-439-thread-1] INFO  util.JmxRegister (JmxRegister.java:tryRegister(44)) - Successfully registered JMX Bean with object name Ratis:service=RaftServer,group=group-D7B798EAEC25,id=3f4b2446-6fc6-4450-8672-6922a5bd7ca8
2019-10-10 19:09:12,712 [IPC Server handler 6 on 39090] INFO  net.NetworkTopology (NetworkTopologyImpl.java:add(111)) - Added a new node: /default-rack/eb79673d-e71c-46b0-ba54-28d995f39114
2019-10-10 19:09:12,713 [IPC Server handler 6 on 39090] INFO  node.SCMNodeManager (SCMNodeManager.java:register(268)) - Registered Data node : eb79673d-e71c-46b0-ba54-28d995f39114{ip: 192.168.5.175, host: pr-hdds-2194-9vxpc-1955504311, networkLocation: /default-rack, certSerialId: null}
2019-10-10 19:09:12,713 [RatisPipelineUtilsThread] INFO  pipeline.PipelineStateManager (PipelineStateManager.java:addPipeline(56)) - Created pipeline Pipeline[ Id: 9d2a29a3-be0d-4d51-a3d6-d7b798eaec25, Nodes: 3f4b2446-6fc6-4450-8672-6922a5bd7ca8{ip: 192.168.5.175, host: pr-hdds-2194-9vxpc-1955504311, networkLocation: /default-rack, certSerialId: null}, Type:RATIS, Factor:ONE, State:OPEN]
2019-10-10 19:09:12,721 [grpc-default-executor-12] INFO  impl.RaftServerProxy (RaftServerProxy.java:addNew(89)) - eb79673d-e71c-46b0-ba54-28d995f39114: addNew group-C660B89B8E85:[eb79673d-e71c-46b0-ba54-28d995f39114:192.168.5.175:36889] returns group-C660B89B8E85:java.util.concurrent.CompletableFuture@40dce827[Not completed]
2019-10-10 19:09:12,722 [pool-449-thread-1] INFO  impl.RaftServerImpl (RaftServerImpl.java:<init>(95)) - eb79673d-e71c-46b0-ba54-28d995f39114: new RaftServerImpl for group-C660B89B8E85:[eb79673d-e71c-46b0-ba54-28d995f39114:192.168.5.175:36889] with ContainerStateMachine:uninitialized
2019-10-10 19:09:12,722 [pool-449-thread-1] INFO  server.RaftServerConfigKeys (ConfUtils.java:logGet(43)) - raft.server.rpc.timeout.min = 5s (custom)
2019-10-10 19:09:12,722 [pool-449-thread-1] INFO  server.RaftServerConfigKeys (ConfUtils.java:logGet(43)) - raft.server.rpc.timeout.max = 5200ms (custom)
2019-10-10 19:09:12,722 [pool-449-thread-1] INFO  server.RaftServerConfigKeys (ConfUtils.java:logGet(43)) - raft.server.rpcslowness.timeout = 120s (custom)
2019-10-10 19:09:12,722 [pool-449-thread-1] INFO  server.RaftServerConfigKeys (ConfUtils.java:logGet(43)) - raft.server.sleep.deviation.threshold = 300 (default)
2019-10-10 19:09:12,722 [pool-449-thread-1] INFO  server.RaftServerConfigKeys (ConfUtils.java:logGet(43)) - raft.server.log.appender.install.snapshot.enabled = false (custom)
2019-10-10 19:09:12,722 [pool-449-thread-1] INFO  impl.RaftServerImpl (ServerState.java:<init>(103)) - eb79673d-e71c-46b0-ba54-28d995f39114@group-C660B89B8E85: ConfigurationManager, init=-1: [eb79673d-e71c-46b0-ba54-28d995f39114:192.168.5.175:36889], old=null, confs=<EMPTY_MAP>
2019-10-10 19:09:12,723 [pool-449-thread-1] INFO  server.RaftServerConfigKeys (ConfUtils.java:logGet(43)) - raft.server.storage.dir = [/workdir/hadoop-ozone/integration-test/target/test-dir/MiniOzoneClusterImpl-1a4c3d35-b2f5-4839-a9b3-d09690a86701/datanode-4/data/ratis] (custom)
2019-10-10 19:09:12,723 [pool-449-thread-1] INFO  server.RaftServerConfigKeys (ConfUtils.java:logGet(43)) - raft.server.log.corruption.policy = EXCEPTION (default)
2019-10-10 19:09:12,723 [pool-449-thread-1] INFO  storage.RaftStorageDirectory (RaftStorageDirectory.java:analyzeStorage(246)) - The storage directory /workdir/hadoop-ozone/integration-test/target/test-dir/MiniOzoneClusterImpl-1a4c3d35-b2f5-4839-a9b3-d09690a86701/datanode-4/data/ratis/16e1be6e-aff6-421c-a799-c660b89b8e85 does not exist. Creating ...
2019-10-10 19:09:12,735 [pool-449-thread-1] INFO  storage.RaftStorageDirectory (RaftStorageDirectory.java:tryLock(328)) - Lock on /workdir/hadoop-ozone/integration-test/target/test-dir/MiniOzoneClusterImpl-1a4c3d35-b2f5-4839-a9b3-d09690a86701/datanode-4/data/ratis/16e1be6e-aff6-421c-a799-c660b89b8e85/in_use.lock acquired by nodename 31683@pr-hdds-2194-9vxpc-1955504311
2019-10-10 19:09:12,748 [pool-449-thread-1] INFO  storage.RaftStorage (RaftStorage.java:format(84)) - Storage directory /workdir/hadoop-ozone/integration-test/target/test-dir/MiniOzoneClusterImpl-1a4c3d35-b2f5-4839-a9b3-d09690a86701/datanode-4/data/ratis/16e1be6e-aff6-421c-a799-c660b89b8e85 has been successfully formatted.
2019-10-10 19:09:12,748 [pool-449-thread-1] INFO  ratis.ContainerStateMachine (ContainerStateMachine.java:loadSnapshot(231)) - group-C660B89B8E85: The snapshot info is null. Setting the last applied indexto:(t:0, i:~)
2019-10-10 19:09:12,748 [pool-449-thread-1] INFO  server.RaftServerConfigKeys (ConfUtils.java:logGet(43)) - raft.server.notification.no-leader.timeout = 120s (custom)
2019-10-10 19:09:12,748 [pool-449-thread-1] INFO  server.RaftServerConfigKeys (ConfUtils.java:logGet(43)) - raft.server.log.use.memory = false (default)
2019-10-10 19:09:12,749 [pool-449-thread-1] INFO  server.RaftServerConfigKeys (ConfUtils.java:logGet(43)) - raft.server.log.purge.gap = 1000000 (custom)
2019-10-10 19:09:12,749 [pool-449-thread-1] INFO  server.RaftServerConfigKeys (ConfUtils.java:logGet(43)) - raft.server.log.appender.buffer.byte-limit = 33554432 (custom)
2019-10-10 19:09:12,749 [pool-449-thread-1] INFO  server.RaftServerConfigKeys (ConfUtils.java:logGet(43)) - raft.server.log.segment.size.max = 1048576 (custom)
2019-10-10 19:09:12,750 [pool-449-thread-1] INFO  server.RaftServerConfigKeys (ConfUtils.java:logGet(43)) - raft.server.log.segment.cache.num.max = 2 (custom)
2019-10-10 19:09:12,751 [pool-449-thread-1] INFO  segmented.SegmentedRaftLogWorker (SegmentedRaftLogWorker.java:<init>(173)) - new eb79673d-e71c-46b0-ba54-28d995f39114@group-C660B89B8E85-SegmentedRaftLogWorker for RaftStorage:Storage Directory /workdir/hadoop-ozone/integration-test/target/test-dir/MiniOzoneClusterImpl-1a4c3d35-b2f5-4839-a9b3-d09690a86701/datanode-4/data/ratis/16e1be6e-aff6-421c-a799-c660b89b8e85
2019-10-10 19:09:12,751 [pool-449-thread-1] INFO  server.RaftServerConfigKeys (ConfUtils.java:logGet(43)) - raft.server.log.queue.byte-limit = 2147483647 (custom)
2019-10-10 19:09:12,751 [pool-449-thread-1] INFO  server.RaftServerConfigKeys (ConfUtils.java:logGet(43)) - raft.server.log.queue.element-limit = 1024 (custom)
2019-10-10 19:09:12,751 [pool-449-thread-1] INFO  server.RaftServerConfigKeys (ConfUtils.java:logGet(43)) - raft.server.log.segment.size.max = 1048576 (custom)
2019-10-10 19:09:12,751 [pool-449-thread-1] INFO  server.RaftServerConfigKeys (ConfUtils.java:logGet(43)) - raft.server.log.preallocated.size = 16384 (custom)
2019-10-10 19:09:12,751 [pool-449-thread-1] INFO  server.RaftServerConfigKeys (ConfUtils.java:logGet(43)) - raft.server.log.write.buffer.size = 33554432 (custom)
2019-10-10 19:09:12,751 [pool-449-thread-1] INFO  server.RaftServerConfigKeys (ConfUtils.java:logGet(43)) - raft.server.log.force.sync.num = 128 (default)
2019-10-10 19:09:12,751 [pool-449-thread-1] INFO  server.RaftServerConfigKeys (ConfUtils.java:logGet(43)) - raft.server.log.statemachine.data.sync = true (default)
2019-10-10 19:09:12,752 [pool-449-thread-1] INFO  server.RaftServerConfigKeys (ConfUtils.java:logGet(43)) - raft.server.log.statemachine.data.sync.timeout = 10s (default)
2019-10-10 19:09:12,752 [pool-449-thread-1] INFO  server.RaftServerConfigKeys (ConfUtils.java:logGet(43)) - raft.server.log.statemachine.data.sync.timeout.retry = -1 (default)
2019-10-10 19:09:12,752 [pool-449-thread-1] INFO  server.RaftServerConfigKeys (ConfUtils.java:logGet(43)) - raft.server.log.statemachine.data.caching.enabled = true (custom)
2019-10-10 19:09:12,752 [pool-449-thread-1] INFO  segmented.SegmentedRaftLogWorker (SegmentedRaftLogWorker.java:lambda$new$0(128)) - eb79673d-e71c-46b0-ba54-28d995f39114@group-C660B89B8E85-SegmentedRaftLogWorker: flushIndex: setUnconditionally 0 -> -1
2019-10-10 19:09:12,753 [pool-449-thread-1] INFO  server.RaftServerConfigKeys (ConfUtils.java:logGet(43)) - raft.server.snapshot.auto.trigger.enabled = true (custom)
2019-10-10 19:09:12,753 [pool-449-thread-1] INFO  server.RaftServerConfigKeys (ConfUtils.java:logGet(43)) - raft.server.snapshot.auto.trigger.threshold = 10000 (custom)
2019-10-10 19:09:12,753 [pool-449-thread-1] INFO  server.RaftServerConfigKeys (ConfUtils.java:logGet(43)) - raft.server.snapshot.retention.file.num = 5 (custom)
2019-10-10 19:09:12,753 [pool-449-thread-1] INFO  server.RaftServerConfigKeys (ConfUtils.java:logGet(43)) - raft.server.retrycache.expirytime = 600000ms (custom)
2019-10-10 19:09:12,754 [pool-449-thread-1] INFO  impl.RaftServerImpl (RaftServerImpl.java:start(181)) - eb79673d-e71c-46b0-ba54-28d995f39114@group-C660B89B8E85: start as a follower, conf=-1: [eb79673d-e71c-46b0-ba54-28d995f39114:192.168.5.175:36889], old=null
2019-10-10 19:09:12,754 [pool-449-thread-1] INFO  impl.RaftServerImpl (RaftServerImpl.java:setRole(170)) - eb79673d-e71c-46b0-ba54-28d995f39114@group-C660B89B8E85: changes role from      null to FOLLOWER at term 0 for startAsFollower
2019-10-10 19:09:12,755 [pool-449-thread-1] INFO  impl.RoleInfo (RoleInfo.java:updateAndGet(143)) - eb79673d-e71c-46b0-ba54-28d995f39114: start FollowerState
2019-10-10 19:09:12,755 [pool-449-thread-1] INFO  util.JmxRegister (JmxRegister.java:tryRegister(44)) - Successfully registered JMX Bean with object name Ratis:service=RaftServer,group=group-C660B89B8E85,id=eb79673d-e71c-46b0-ba54-28d995f39114
2019-10-10 19:09:12,761 [RatisPipelineUtilsThread] INFO  pipeline.PipelineStateManager (PipelineStateManager.java:addPipeline(56)) - Created pipeline Pipeline[ Id: 16e1be6e-aff6-421c-a799-c660b89b8e85, Nodes: eb79673d-e71c-46b0-ba54-28d995f39114{ip: 192.168.5.175, host: pr-hdds-2194-9vxpc-1955504311, networkLocation: /default-rack, certSerialId: null}, Type:RATIS, Factor:ONE, State:OPEN]
2019-10-10 19:09:12,771 [IPC Server handler 7 on 39090] INFO  net.NetworkTopology (NetworkTopologyImpl.java:add(111)) - Added a new node: /default-rack/7050c371-8b6f-464e-a857-eb7b31a47658
2019-10-10 19:09:12,771 [IPC Server handler 7 on 39090] INFO  node.SCMNodeManager (SCMNodeManager.java:register(268)) - Registered Data node : 7050c371-8b6f-464e-a857-eb7b31a47658{ip: 192.168.5.175, host: pr-hdds-2194-9vxpc-1955504311, networkLocation: /default-rack, certSerialId: null}
2019-10-10 19:09:12,771 [grpc-default-executor-5] INFO  impl.RaftServerProxy (RaftServerProxy.java:addNew(89)) - eb79673d-e71c-46b0-ba54-28d995f39114: addNew group-13FE80F271D6:[4f42c1de-08dc-47d1-8f12-e71e73c4c998:192.168.5.175:42446, 82412393-0d0f-42e5-b60a-35225ce55bb0:192.168.5.175:38227, eb79673d-e71c-46b0-ba54-28d995f39114:192.168.5.175:36889] returns group-13FE80F271D6:java.util.concurrent.CompletableFuture@19e1bc88[Not completed]
2019-10-10 19:09:12,772 [grpc-default-executor-5] INFO  impl.RaftServerProxy (RaftServerProxy.java:addNew(89)) - 4f42c1de-08dc-47d1-8f12-e71e73c4c998: addNew group-13FE80F271D6:[4f42c1de-08dc-47d1-8f12-e71e73c4c998:192.168.5.175:42446, 82412393-0d0f-42e5-b60a-35225ce55bb0:192.168.5.175:38227, eb79673d-e71c-46b0-ba54-28d995f39114:192.168.5.175:36889] returns group-13FE80F271D6:java.util.concurrent.CompletableFuture@55a2cb4e[Not completed]
2019-10-10 19:09:12,772 [pool-449-thread-1] INFO  impl.RaftServerImpl (RaftServerImpl.java:<init>(95)) - eb79673d-e71c-46b0-ba54-28d995f39114: new RaftServerImpl for group-13FE80F271D6:[4f42c1de-08dc-47d1-8f12-e71e73c4c998:192.168.5.175:42446, 82412393-0d0f-42e5-b60a-35225ce55bb0:192.168.5.175:38227, eb79673d-e71c-46b0-ba54-28d995f39114:192.168.5.175:36889] with ContainerStateMachine:uninitialized
2019-10-10 19:09:12,772 [pool-449-thread-1] INFO  server.RaftServerConfigKeys (ConfUtils.java:logGet(43)) - raft.server.rpc.timeout.min = 5s (custom)
2019-10-10 19:09:12,773 [pool-449-thread-1] INFO  server.RaftServerConfigKeys (ConfUtils.java:logGet(43)) - raft.server.rpc.timeout.max = 5200ms (custom)
2019-10-10 19:09:12,773 [pool-449-thread-1] INFO  server.RaftServerConfigKeys (ConfUtils.java:logGet(43)) - raft.server.rpcslowness.timeout = 120s (custom)
2019-10-10 19:09:12,773 [pool-449-thread-1] INFO  server.RaftServerConfigKeys (ConfUtils.java:logGet(43)) - raft.server.sleep.deviation.threshold = 300 (default)
2019-10-10 19:09:12,773 [pool-449-thread-1] INFO  server.RaftServerConfigKeys (ConfUtils.java:logGet(43)) - raft.server.log.appender.install.snapshot.enabled = false (custom)
2019-10-10 19:09:12,773 [pool-449-thread-1] INFO  impl.RaftServerImpl (ServerState.java:<init>(103)) - eb79673d-e71c-46b0-ba54-28d995f39114@group-13FE80F271D6: ConfigurationManager, init=-1: [4f42c1de-08dc-47d1-8f12-e71e73c4c998:192.168.5.175:42446, 82412393-0d0f-42e5-b60a-35225ce55bb0:192.168.5.175:38227, eb79673d-e71c-46b0-ba54-28d995f39114:192.168.5.175:36889], old=null, confs=<EMPTY_MAP>
2019-10-10 19:09:12,773 [pool-449-thread-1] INFO  server.RaftServerConfigKeys (ConfUtils.java:logGet(43)) - raft.server.storage.dir = [/workdir/hadoop-ozone/integration-test/target/test-dir/MiniOzoneClusterImpl-1a4c3d35-b2f5-4839-a9b3-d09690a86701/datanode-4/data/ratis] (custom)
2019-10-10 19:09:12,773 [grpc-default-executor-5] INFO  impl.RaftServerProxy (RaftServerProxy.java:addNew(89)) - 82412393-0d0f-42e5-b60a-35225ce55bb0: addNew group-13FE80F271D6:[4f42c1de-08dc-47d1-8f12-e71e73c4c998:192.168.5.175:42446, 82412393-0d0f-42e5-b60a-35225ce55bb0:192.168.5.175:38227, eb79673d-e71c-46b0-ba54-28d995f39114:192.168.5.175:36889] returns group-13FE80F271D6:java.util.concurrent.CompletableFuture@6fe37c7[Not completed]
2019-10-10 19:09:12,773 [pool-409-thread-1] INFO  impl.RaftServerImpl (RaftServerImpl.java:<init>(95)) - 4f42c1de-08dc-47d1-8f12-e71e73c4c998: new RaftServerImpl for group-13FE80F271D6:[4f42c1de-08dc-47d1-8f12-e71e73c4c998:192.168.5.175:42446, 82412393-0d0f-42e5-b60a-35225ce55bb0:192.168.5.175:38227, eb79673d-e71c-46b0-ba54-28d995f39114:192.168.5.175:36889] with ContainerStateMachine:uninitialized
2019-10-10 19:09:12,773 [pool-449-thread-1] INFO  server.RaftServerConfigKeys (ConfUtils.java:logGet(43)) - raft.server.log.corruption.policy = EXCEPTION (default)
2019-10-10 19:09:12,774 [pool-409-thread-1] INFO  server.RaftServerConfigKeys (ConfUtils.java:logGet(43)) - raft.server.rpc.timeout.min = 5s (custom)
2019-10-10 19:09:12,774 [pool-449-thread-1] INFO  storage.RaftStorageDirectory (RaftStorageDirectory.java:analyzeStorage(246)) - The storage directory /workdir/hadoop-ozone/integration-test/target/test-dir/MiniOzoneClusterImpl-1a4c3d35-b2f5-4839-a9b3-d09690a86701/datanode-4/data/ratis/84a809c1-8ac7-41a4-ab74-13fe80f271d6 does not exist. Creating ...
2019-10-10 19:09:12,774 [pool-409-thread-1] INFO  server.RaftServerConfigKeys (ConfUtils.java:logGet(43)) - raft.server.rpc.timeout.max = 5200ms (custom)
2019-10-10 19:09:12,774 [pool-409-thread-1] INFO  server.RaftServerConfigKeys (ConfUtils.java:logGet(43)) - raft.server.rpcslowness.timeout = 120s (custom)
2019-10-10 19:09:12,774 [pool-409-thread-1] INFO  server.RaftServerConfigKeys (ConfUtils.java:logGet(43)) - raft.server.sleep.deviation.threshold = 300 (default)
2019-10-10 19:09:12,774 [pool-409-thread-1] INFO  server.RaftServerConfigKeys (ConfUtils.java:logGet(43)) - raft.server.log.appender.install.snapshot.enabled = false (custom)
2019-10-10 19:09:12,774 [pool-419-thread-1] INFO  impl.RaftServerImpl (RaftServerImpl.java:<init>(95)) - 82412393-0d0f-42e5-b60a-35225ce55bb0: new RaftServerImpl for group-13FE80F271D6:[4f42c1de-08dc-47d1-8f12-e71e73c4c998:192.168.5.175:42446, 82412393-0d0f-42e5-b60a-35225ce55bb0:192.168.5.175:38227, eb79673d-e71c-46b0-ba54-28d995f39114:192.168.5.175:36889] with ContainerStateMachine:uninitialized
2019-10-10 19:09:12,775 [pool-409-thread-1] INFO  impl.RaftServerImpl (ServerState.java:<init>(103)) - 4f42c1de-08dc-47d1-8f12-e71e73c4c998@group-13FE80F271D6: ConfigurationManager, init=-1: [4f42c1de-08dc-47d1-8f12-e71e73c4c998:192.168.5.175:42446, 82412393-0d0f-42e5-b60a-35225ce55bb0:192.168.5.175:38227, eb79673d-e71c-46b0-ba54-28d995f39114:192.168.5.175:36889], old=null, confs=<EMPTY_MAP>
2019-10-10 19:09:12,775 [pool-419-thread-1] INFO  server.RaftServerConfigKeys (ConfUtils.java:logGet(43)) - raft.server.rpc.timeout.min = 5s (custom)
2019-10-10 19:09:12,775 [pool-409-thread-1] INFO  server.RaftServerConfigKeys (ConfUtils.java:logGet(43)) - raft.server.storage.dir = [/workdir/hadoop-ozone/integration-test/target/test-dir/MiniOzoneClusterImpl-1a4c3d35-b2f5-4839-a9b3-d09690a86701/datanode-0/data/ratis] (custom)
2019-10-10 19:09:12,775 [pool-419-thread-1] INFO  server.RaftServerConfigKeys (ConfUtils.java:logGet(43)) - raft.server.rpc.timeout.max = 5200ms (custom)
2019-10-10 19:09:12,775 [pool-419-thread-1] INFO  server.RaftServerConfigKeys (ConfUtils.java:logGet(43)) - raft.server.rpcslowness.timeout = 120s (custom)
2019-10-10 19:09:12,775 [pool-409-thread-1] INFO  server.RaftServerConfigKeys (ConfUtils.java:logGet(43)) - raft.server.log.corruption.policy = EXCEPTION (default)
2019-10-10 19:09:12,775 [pool-419-thread-1] INFO  server.RaftServerConfigKeys (ConfUtils.java:logGet(43)) - raft.server.sleep.deviation.threshold = 300 (default)
2019-10-10 19:09:12,775 [pool-409-thread-1] INFO  storage.RaftStorageDirectory (RaftStorageDirectory.java:analyzeStorage(246)) - The storage directory /workdir/hadoop-ozone/integration-test/target/test-dir/MiniOzoneClusterImpl-1a4c3d35-b2f5-4839-a9b3-d09690a86701/datanode-0/data/ratis/84a809c1-8ac7-41a4-ab74-13fe80f271d6 does not exist. Creating ...
2019-10-10 19:09:12,776 [pool-419-thread-1] INFO  server.RaftServerConfigKeys (ConfUtils.java:logGet(43)) - raft.server.log.appender.install.snapshot.enabled = false (custom)
2019-10-10 19:09:12,776 [pool-419-thread-1] INFO  impl.RaftServerImpl (ServerState.java:<init>(103)) - 82412393-0d0f-42e5-b60a-35225ce55bb0@group-13FE80F271D6: ConfigurationManager, init=-1: [4f42c1de-08dc-47d1-8f12-e71e73c4c998:192.168.5.175:42446, 82412393-0d0f-42e5-b60a-35225ce55bb0:192.168.5.175:38227, eb79673d-e71c-46b0-ba54-28d995f39114:192.168.5.175:36889], old=null, confs=<EMPTY_MAP>
2019-10-10 19:09:12,776 [pool-419-thread-1] INFO  server.RaftServerConfigKeys (ConfUtils.java:logGet(43)) - raft.server.storage.dir = [/workdir/hadoop-ozone/integration-test/target/test-dir/MiniOzoneClusterImpl-1a4c3d35-b2f5-4839-a9b3-d09690a86701/datanode-1/data/ratis] (custom)
2019-10-10 19:09:12,776 [pool-419-thread-1] INFO  server.RaftServerConfigKeys (ConfUtils.java:logGet(43)) - raft.server.log.corruption.policy = EXCEPTION (default)
2019-10-10 19:09:12,776 [pool-449-thread-1] INFO  storage.RaftStorageDirectory (RaftStorageDirectory.java:tryLock(328)) - Lock on /workdir/hadoop-ozone/integration-test/target/test-dir/MiniOzoneClusterImpl-1a4c3d35-b2f5-4839-a9b3-d09690a86701/datanode-4/data/ratis/84a809c1-8ac7-41a4-ab74-13fe80f271d6/in_use.lock acquired by nodename 31683@pr-hdds-2194-9vxpc-1955504311
2019-10-10 19:09:12,776 [pool-419-thread-1] INFO  storage.RaftStorageDirectory (RaftStorageDirectory.java:analyzeStorage(246)) - The storage directory /workdir/hadoop-ozone/integration-test/target/test-dir/MiniOzoneClusterImpl-1a4c3d35-b2f5-4839-a9b3-d09690a86701/datanode-1/data/ratis/84a809c1-8ac7-41a4-ab74-13fe80f271d6 does not exist. Creating ...
2019-10-10 19:09:12,779 [pool-409-thread-1] INFO  storage.RaftStorageDirectory (RaftStorageDirectory.java:tryLock(328)) - Lock on /workdir/hadoop-ozone/integration-test/target/test-dir/MiniOzoneClusterImpl-1a4c3d35-b2f5-4839-a9b3-d09690a86701/datanode-0/data/ratis/84a809c1-8ac7-41a4-ab74-13fe80f271d6/in_use.lock acquired by nodename 31683@pr-hdds-2194-9vxpc-1955504311
2019-10-10 19:09:12,780 [pool-419-thread-1] INFO  storage.RaftStorageDirectory (RaftStorageDirectory.java:tryLock(328)) - Lock on /workdir/hadoop-ozone/integration-test/target/test-dir/MiniOzoneClusterImpl-1a4c3d35-b2f5-4839-a9b3-d09690a86701/datanode-1/data/ratis/84a809c1-8ac7-41a4-ab74-13fe80f271d6/in_use.lock acquired by nodename 31683@pr-hdds-2194-9vxpc-1955504311
2019-10-10 19:09:12,780 [pool-449-thread-1] INFO  storage.RaftStorage (RaftStorage.java:format(84)) - Storage directory /workdir/hadoop-ozone/integration-test/target/test-dir/MiniOzoneClusterImpl-1a4c3d35-b2f5-4839-a9b3-d09690a86701/datanode-4/data/ratis/84a809c1-8ac7-41a4-ab74-13fe80f271d6 has been successfully formatted.
2019-10-10 19:09:12,781 [pool-449-thread-1] INFO  ratis.ContainerStateMachine (ContainerStateMachine.java:loadSnapshot(231)) - group-13FE80F271D6: The snapshot info is null. Setting the last applied indexto:(t:0, i:~)
2019-10-10 19:09:12,781 [pool-449-thread-1] INFO  server.RaftServerConfigKeys (ConfUtils.java:logGet(43)) - raft.server.notification.no-leader.timeout = 120s (custom)
2019-10-10 19:09:12,781 [pool-449-thread-1] INFO  server.RaftServerConfigKeys (ConfUtils.java:logGet(43)) - raft.server.log.use.memory = false (default)
2019-10-10 19:09:12,781 [pool-449-thread-1] INFO  server.RaftServerConfigKeys (ConfUtils.java:logGet(43)) - raft.server.log.purge.gap = 1000000 (custom)
2019-10-10 19:09:12,782 [pool-449-thread-1] INFO  server.RaftServerConfigKeys (ConfUtils.java:logGet(43)) - raft.server.log.appender.buffer.byte-limit = 33554432 (custom)
2019-10-10 19:09:12,782 [pool-449-thread-1] INFO  server.RaftServerConfigKeys (ConfUtils.java:logGet(43)) - raft.server.log.segment.size.max = 1048576 (custom)
2019-10-10 19:09:12,782 [pool-449-thread-1] INFO  server.RaftServerConfigKeys (ConfUtils.java:logGet(43)) - raft.server.log.segment.cache.num.max = 2 (custom)
2019-10-10 19:09:12,782 [pool-449-thread-1] INFO  segmented.SegmentedRaftLogWorker (SegmentedRaftLogWorker.java:<init>(173)) - new eb79673d-e71c-46b0-ba54-28d995f39114@group-13FE80F271D6-SegmentedRaftLogWorker for RaftStorage:Storage Directory /workdir/hadoop-ozone/integration-test/target/test-dir/MiniOzoneClusterImpl-1a4c3d35-b2f5-4839-a9b3-d09690a86701/datanode-4/data/ratis/84a809c1-8ac7-41a4-ab74-13fe80f271d6
2019-10-10 19:09:12,782 [pool-449-thread-1] INFO  server.RaftServerConfigKeys (ConfUtils.java:logGet(43)) - raft.server.log.queue.byte-limit = 2147483647 (custom)
2019-10-10 19:09:12,782 [pool-449-thread-1] INFO  server.RaftServerConfigKeys (ConfUtils.java:logGet(43)) - raft.server.log.queue.element-limit = 1024 (custom)
2019-10-10 19:09:12,783 [pool-449-thread-1] INFO  server.RaftServerConfigKeys (ConfUtils.java:logGet(43)) - raft.server.log.segment.size.max = 1048576 (custom)
2019-10-10 19:09:12,783 [pool-449-thread-1] INFO  server.RaftServerConfigKeys (ConfUtils.java:logGet(43)) - raft.server.log.preallocated.size = 16384 (custom)
2019-10-10 19:09:12,783 [pool-449-thread-1] INFO  server.RaftServerConfigKeys (ConfUtils.java:logGet(43)) - raft.server.log.write.buffer.size = 33554432 (custom)
2019-10-10 19:09:12,783 [pool-449-thread-1] INFO  server.RaftServerConfigKeys (ConfUtils.java:logGet(43)) - raft.server.log.force.sync.num = 128 (default)
2019-10-10 19:09:12,783 [pool-449-thread-1] INFO  server.RaftServerConfigKeys (ConfUtils.java:logGet(43)) - raft.server.log.statemachine.data.sync = true (default)
2019-10-10 19:09:12,783 [pool-449-thread-1] INFO  server.RaftServerConfigKeys (ConfUtils.java:logGet(43)) - raft.server.log.statemachine.data.sync.timeout = 10s (default)
2019-10-10 19:09:12,783 [pool-449-thread-1] INFO  server.RaftServerConfigKeys (ConfUtils.java:logGet(43)) - raft.server.log.statemachine.data.sync.timeout.retry = -1 (default)
2019-10-10 19:09:12,784 [pool-449-thread-1] INFO  server.RaftServerConfigKeys (ConfUtils.java:logGet(43)) - raft.server.log.statemachine.data.caching.enabled = true (custom)
2019-10-10 19:09:12,784 [pool-409-thread-1] INFO  storage.RaftStorage (RaftStorage.java:format(84)) - Storage directory /workdir/hadoop-ozone/integration-test/target/test-dir/MiniOzoneClusterImpl-1a4c3d35-b2f5-4839-a9b3-d09690a86701/datanode-0/data/ratis/84a809c1-8ac7-41a4-ab74-13fe80f271d6 has been successfully formatted.
2019-10-10 19:09:12,784 [pool-409-thread-1] INFO  ratis.ContainerStateMachine (ContainerStateMachine.java:loadSnapshot(231)) - group-13FE80F271D6: The snapshot info is null. Setting the last applied indexto:(t:0, i:~)
2019-10-10 19:09:12,784 [pool-449-thread-1] INFO  segmented.SegmentedRaftLogWorker (SegmentedRaftLogWorker.java:lambda$new$0(128)) - eb79673d-e71c-46b0-ba54-28d995f39114@group-13FE80F271D6-SegmentedRaftLogWorker: flushIndex: setUnconditionally 0 -> -1
2019-10-10 19:09:12,784 [pool-409-thread-1] INFO  server.RaftServerConfigKeys (ConfUtils.java:logGet(43)) - raft.server.notification.no-leader.timeout = 120s (custom)
2019-10-10 19:09:12,784 [pool-409-thread-1] INFO  server.RaftServerConfigKeys (ConfUtils.java:logGet(43)) - raft.server.log.use.memory = false (default)
2019-10-10 19:09:12,784 [pool-449-thread-1] INFO  server.RaftServerConfigKeys (ConfUtils.java:logGet(43)) - raft.server.snapshot.auto.trigger.enabled = true (custom)
2019-10-10 19:09:12,785 [pool-409-thread-1] INFO  server.RaftServerConfigKeys (ConfUtils.java:logGet(43)) - raft.server.log.purge.gap = 1000000 (custom)
2019-10-10 19:09:12,785 [pool-449-thread-1] INFO  server.RaftServerConfigKeys (ConfUtils.java:logGet(43)) - raft.server.snapshot.auto.trigger.threshold = 10000 (custom)
2019-10-10 19:09:12,785 [pool-409-thread-1] INFO  server.RaftServerConfigKeys (ConfUtils.java:logGet(43)) - raft.server.log.appender.buffer.byte-limit = 33554432 (custom)
2019-10-10 19:09:12,785 [pool-449-thread-1] INFO  server.RaftServerConfigKeys (ConfUtils.java:logGet(43)) - raft.server.snapshot.retention.file.num = 5 (custom)
2019-10-10 19:09:12,785 [pool-409-thread-1] INFO  server.RaftServerConfigKeys (ConfUtils.java:logGet(43)) - raft.server.log.segment.size.max = 1048576 (custom)
2019-10-10 19:09:12,785 [pool-449-thread-1] INFO  server.RaftServerConfigKeys (ConfUtils.java:logGet(43)) - raft.server.retrycache.expirytime = 600000ms (custom)
2019-10-10 19:09:12,785 [pool-409-thread-1] INFO  server.RaftServerConfigKeys (ConfUtils.java:logGet(43)) - raft.server.log.segment.cache.num.max = 2 (custom)
2019-10-10 19:09:12,785 [pool-409-thread-1] INFO  segmented.SegmentedRaftLogWorker (SegmentedRaftLogWorker.java:<init>(173)) - new 4f42c1de-08dc-47d1-8f12-e71e73c4c998@group-13FE80F271D6-SegmentedRaftLogWorker for RaftStorage:Storage Directory /workdir/hadoop-ozone/integration-test/target/test-dir/MiniOzoneClusterImpl-1a4c3d35-b2f5-4839-a9b3-d09690a86701/datanode-0/data/ratis/84a809c1-8ac7-41a4-ab74-13fe80f271d6
2019-10-10 19:09:12,786 [pool-409-thread-1] INFO  server.RaftServerConfigKeys (ConfUtils.java:logGet(43)) - raft.server.log.queue.byte-limit = 2147483647 (custom)
2019-10-10 19:09:12,786 [pool-409-thread-1] INFO  server.RaftServerConfigKeys (ConfUtils.java:logGet(43)) - raft.server.log.queue.element-limit = 1024 (custom)
2019-10-10 19:09:12,786 [pool-409-thread-1] INFO  server.RaftServerConfigKeys (ConfUtils.java:logGet(43)) - raft.server.log.segment.size.max = 1048576 (custom)
2019-10-10 19:09:12,786 [pool-409-thread-1] INFO  server.RaftServerConfigKeys (ConfUtils.java:logGet(43)) - raft.server.log.preallocated.size = 16384 (custom)
2019-10-10 19:09:12,786 [pool-409-thread-1] INFO  server.RaftServerConfigKeys (ConfUtils.java:logGet(43)) - raft.server.log.write.buffer.size = 33554432 (custom)
2019-10-10 19:09:12,786 [pool-419-thread-1] INFO  storage.RaftStorage (RaftStorage.java:format(84)) - Storage directory /workdir/hadoop-ozone/integration-test/target/test-dir/MiniOzoneClusterImpl-1a4c3d35-b2f5-4839-a9b3-d09690a86701/datanode-1/data/ratis/84a809c1-8ac7-41a4-ab74-13fe80f271d6 has been successfully formatted.
2019-10-10 19:09:12,786 [pool-409-thread-1] INFO  server.RaftServerConfigKeys (ConfUtils.java:logGet(43)) - raft.server.log.force.sync.num = 128 (default)
2019-10-10 19:09:12,786 [pool-409-thread-1] INFO  server.RaftServerConfigKeys (ConfUtils.java:logGet(43)) - raft.server.log.statemachine.data.sync = true (default)
2019-10-10 19:09:12,786 [pool-419-thread-1] INFO  ratis.ContainerStateMachine (ContainerStateMachine.java:loadSnapshot(231)) - group-13FE80F271D6: The snapshot info is null. Setting the last applied indexto:(t:0, i:~)
2019-10-10 19:09:12,786 [pool-409-thread-1] INFO  server.RaftServerConfigKeys (ConfUtils.java:logGet(43)) - raft.server.log.statemachine.data.sync.timeout = 10s (default)
2019-10-10 19:09:12,787 [pool-419-thread-1] INFO  server.RaftServerConfigKeys (ConfUtils.java:logGet(43)) - raft.server.notification.no-leader.timeout = 120s (custom)
2019-10-10 19:09:12,787 [pool-409-thread-1] INFO  server.RaftServerConfigKeys (ConfUtils.java:logGet(43)) - raft.server.log.statemachine.data.sync.timeout.retry = -1 (default)
2019-10-10 19:09:12,787 [pool-419-thread-1] INFO  server.RaftServerConfigKeys (ConfUtils.java:logGet(43)) - raft.server.log.use.memory = false (default)
2019-10-10 19:09:12,787 [pool-409-thread-1] INFO  server.RaftServerConfigKeys (ConfUtils.java:logGet(43)) - raft.server.log.statemachine.data.caching.enabled = true (custom)
2019-10-10 19:09:12,787 [pool-419-thread-1] INFO  server.RaftServerConfigKeys (ConfUtils.java:logGet(43)) - raft.server.log.purge.gap = 1000000 (custom)
2019-10-10 19:09:12,787 [pool-449-thread-1] INFO  impl.RaftServerImpl (RaftServerImpl.java:start(181)) - eb79673d-e71c-46b0-ba54-28d995f39114@group-13FE80F271D6: start as a follower, conf=-1: [4f42c1de-08dc-47d1-8f12-e71e73c4c998:192.168.5.175:42446, 82412393-0d0f-42e5-b60a-35225ce55bb0:192.168.5.175:38227, eb79673d-e71c-46b0-ba54-28d995f39114:192.168.5.175:36889], old=null
2019-10-10 19:09:12,787 [pool-409-thread-1] INFO  segmented.SegmentedRaftLogWorker (SegmentedRaftLogWorker.java:lambda$new$0(128)) - 4f42c1de-08dc-47d1-8f12-e71e73c4c998@group-13FE80F271D6-SegmentedRaftLogWorker: flushIndex: setUnconditionally 0 -> -1
2019-10-10 19:09:12,787 [pool-449-thread-1] INFO  impl.RaftServerImpl (RaftServerImpl.java:setRole(170)) - eb79673d-e71c-46b0-ba54-28d995f39114@group-13FE80F271D6: changes role from      null to FOLLOWER at term 0 for startAsFollower
2019-10-10 19:09:12,787 [pool-419-thread-1] INFO  server.RaftServerConfigKeys (ConfUtils.java:logGet(43)) - raft.server.log.appender.buffer.byte-limit = 33554432 (custom)
2019-10-10 19:09:12,788 [pool-449-thread-1] INFO  impl.RoleInfo (RoleInfo.java:updateAndGet(143)) - eb79673d-e71c-46b0-ba54-28d995f39114: start FollowerState
2019-10-10 19:09:12,788 [pool-409-thread-1] INFO  server.RaftServerConfigKeys (ConfUtils.java:logGet(43)) - raft.server.snapshot.auto.trigger.enabled = true (custom)
2019-10-10 19:09:12,788 [pool-419-thread-1] INFO  server.RaftServerConfigKeys (ConfUtils.java:logGet(43)) - raft.server.log.segment.size.max = 1048576 (custom)
2019-10-10 19:09:12,788 [pool-449-thread-1] INFO  util.JmxRegister (JmxRegister.java:tryRegister(44)) - Successfully registered JMX Bean with object name Ratis:service=RaftServer,group=group-13FE80F271D6,id=eb79673d-e71c-46b0-ba54-28d995f39114
2019-10-10 19:09:12,788 [pool-409-thread-1] INFO  server.RaftServerConfigKeys (ConfUtils.java:logGet(43)) - raft.server.snapshot.auto.trigger.threshold = 10000 (custom)
2019-10-10 19:09:12,788 [pool-419-thread-1] INFO  server.RaftServerConfigKeys (ConfUtils.java:logGet(43)) - raft.server.log.segment.cache.num.max = 2 (custom)
2019-10-10 19:09:12,788 [pool-409-thread-1] INFO  server.RaftServerConfigKeys (ConfUtils.java:logGet(43)) - raft.server.snapshot.retention.file.num = 5 (custom)
2019-10-10 19:09:12,789 [pool-419-thread-1] INFO  segmented.SegmentedRaftLogWorker (SegmentedRaftLogWorker.java:<init>(173)) - new 82412393-0d0f-42e5-b60a-35225ce55bb0@group-13FE80F271D6-SegmentedRaftLogWorker for RaftStorage:Storage Directory /workdir/hadoop-ozone/integration-test/target/test-dir/MiniOzoneClusterImpl-1a4c3d35-b2f5-4839-a9b3-d09690a86701/datanode-1/data/ratis/84a809c1-8ac7-41a4-ab74-13fe80f271d6
2019-10-10 19:09:12,789 [pool-409-thread-1] INFO  server.RaftServerConfigKeys (ConfUtils.java:logGet(43)) - raft.server.retrycache.expirytime = 600000ms (custom)
2019-10-10 19:09:12,789 [pool-419-thread-1] INFO  server.RaftServerConfigKeys (ConfUtils.java:logGet(43)) - raft.server.log.queue.byte-limit = 2147483647 (custom)
2019-10-10 19:09:12,789 [pool-419-thread-1] INFO  server.RaftServerConfigKeys (ConfUtils.java:logGet(43)) - raft.server.log.queue.element-limit = 1024 (custom)
2019-10-10 19:09:12,789 [pool-419-thread-1] INFO  server.RaftServerConfigKeys (ConfUtils.java:logGet(43)) - raft.server.log.segment.size.max = 1048576 (custom)
2019-10-10 19:09:12,789 [pool-419-thread-1] INFO  server.RaftServerConfigKeys (ConfUtils.java:logGet(43)) - raft.server.log.preallocated.size = 16384 (custom)
2019-10-10 19:09:12,790 [pool-419-thread-1] INFO  server.RaftServerConfigKeys (ConfUtils.java:logGet(43)) - raft.server.log.write.buffer.size = 33554432 (custom)
2019-10-10 19:09:12,790 [pool-419-thread-1] INFO  server.RaftServerConfigKeys (ConfUtils.java:logGet(43)) - raft.server.log.force.sync.num = 128 (default)
2019-10-10 19:09:12,790 [pool-419-thread-1] INFO  server.RaftServerConfigKeys (ConfUtils.java:logGet(43)) - raft.server.log.statemachine.data.sync = true (default)
2019-10-10 19:09:12,790 [pool-419-thread-1] INFO  server.RaftServerConfigKeys (ConfUtils.java:logGet(43)) - raft.server.log.statemachine.data.sync.timeout = 10s (default)
2019-10-10 19:09:12,790 [pool-419-thread-1] INFO  server.RaftServerConfigKeys (ConfUtils.java:logGet(43)) - raft.server.log.statemachine.data.sync.timeout.retry = -1 (default)
2019-10-10 19:09:12,790 [pool-419-thread-1] INFO  server.RaftServerConfigKeys (ConfUtils.java:logGet(43)) - raft.server.log.statemachine.data.caching.enabled = true (custom)
2019-10-10 19:09:12,790 [pool-419-thread-1] INFO  segmented.SegmentedRaftLogWorker (SegmentedRaftLogWorker.java:lambda$new$0(128)) - 82412393-0d0f-42e5-b60a-35225ce55bb0@group-13FE80F271D6-SegmentedRaftLogWorker: flushIndex: setUnconditionally 0 -> -1
2019-10-10 19:09:12,791 [pool-409-thread-1] INFO  impl.RaftServerImpl (RaftServerImpl.java:start(181)) - 4f42c1de-08dc-47d1-8f12-e71e73c4c998@group-13FE80F271D6: start as a follower, conf=-1: [4f42c1de-08dc-47d1-8f12-e71e73c4c998:192.168.5.175:42446, 82412393-0d0f-42e5-b60a-35225ce55bb0:192.168.5.175:38227, eb79673d-e71c-46b0-ba54-28d995f39114:192.168.5.175:36889], old=null
2019-10-10 19:09:12,791 [pool-419-thread-1] INFO  server.RaftServerConfigKeys (ConfUtils.java:logGet(43)) - raft.server.snapshot.auto.trigger.enabled = true (custom)
2019-10-10 19:09:12,791 [pool-409-thread-1] INFO  impl.RaftServerImpl (RaftServerImpl.java:setRole(170)) - 4f42c1de-08dc-47d1-8f12-e71e73c4c998@group-13FE80F271D6: changes role from      null to FOLLOWER at term 0 for startAsFollower
2019-10-10 19:09:12,791 [pool-419-thread-1] INFO  server.RaftServerConfigKeys (ConfUtils.java:logGet(43)) - raft.server.snapshot.auto.trigger.threshold = 10000 (custom)
2019-10-10 19:09:12,791 [pool-409-thread-1] INFO  impl.RoleInfo (RoleInfo.java:updateAndGet(143)) - 4f42c1de-08dc-47d1-8f12-e71e73c4c998: start FollowerState
2019-10-10 19:09:12,791 [pool-419-thread-1] INFO  server.RaftServerConfigKeys (ConfUtils.java:logGet(43)) - raft.server.snapshot.retention.file.num = 5 (custom)
2019-10-10 19:09:12,792 [pool-419-thread-1] INFO  server.RaftServerConfigKeys (ConfUtils.java:logGet(43)) - raft.server.retrycache.expirytime = 600000ms (custom)
2019-10-10 19:09:12,792 [pool-409-thread-1] INFO  util.JmxRegister (JmxRegister.java:tryRegister(44)) - Successfully registered JMX Bean with object name Ratis:service=RaftServer,group=group-13FE80F271D6,id=4f42c1de-08dc-47d1-8f12-e71e73c4c998
2019-10-10 19:09:12,797 [pool-419-thread-1] INFO  impl.RaftServerImpl (RaftServerImpl.java:start(181)) - 82412393-0d0f-42e5-b60a-35225ce55bb0@group-13FE80F271D6: start as a follower, conf=-1: [4f42c1de-08dc-47d1-8f12-e71e73c4c998:192.168.5.175:42446, 82412393-0d0f-42e5-b60a-35225ce55bb0:192.168.5.175:38227, eb79673d-e71c-46b0-ba54-28d995f39114:192.168.5.175:36889], old=null
2019-10-10 19:09:12,797 [pool-419-thread-1] INFO  impl.RaftServerImpl (RaftServerImpl.java:setRole(170)) - 82412393-0d0f-42e5-b60a-35225ce55bb0@group-13FE80F271D6: changes role from      null to FOLLOWER at term 0 for startAsFollower
2019-10-10 19:09:12,797 [pool-419-thread-1] INFO  impl.RoleInfo (RoleInfo.java:updateAndGet(143)) - 82412393-0d0f-42e5-b60a-35225ce55bb0: start FollowerState
2019-10-10 19:09:12,798 [pool-419-thread-1] INFO  util.JmxRegister (JmxRegister.java:tryRegister(44)) - Successfully registered JMX Bean with object name Ratis:service=RaftServer,group=group-13FE80F271D6,id=82412393-0d0f-42e5-b60a-35225ce55bb0
2019-10-10 19:09:12,804 [RatisPipelineUtilsThread] INFO  pipeline.PipelineStateManager (PipelineStateManager.java:addPipeline(56)) - Created pipeline Pipeline[ Id: 84a809c1-8ac7-41a4-ab74-13fe80f271d6, Nodes: 4f42c1de-08dc-47d1-8f12-e71e73c4c998{ip: 192.168.5.175, host: pr-hdds-2194-9vxpc-1955504311, networkLocation: /default-rack, certSerialId: null}eb79673d-e71c-46b0-ba54-28d995f39114{ip: 192.168.5.175, host: pr-hdds-2194-9vxpc-1955504311, networkLocation: /default-rack, certSerialId: null}82412393-0d0f-42e5-b60a-35225ce55bb0{ip: 192.168.5.175, host: pr-hdds-2194-9vxpc-1955504311, networkLocation: /default-rack, certSerialId: null}, Type:RATIS, Factor:THREE, State:OPEN]
2019-10-10 19:09:12,812 [grpc-default-executor-5] INFO  impl.RaftServerProxy (RaftServerProxy.java:addNew(89)) - 3f4b2446-6fc6-4450-8672-6922a5bd7ca8: addNew group-D3E77EB3CDFA:[9c8b8b19-eb4d-4234-9c4a-07b0a2e8cc23:192.168.5.175:42846, 3f4b2446-6fc6-4450-8672-6922a5bd7ca8:192.168.5.175:33568, 7050c371-8b6f-464e-a857-eb7b31a47658:192.168.5.175:44511] returns group-D3E77EB3CDFA:java.util.concurrent.CompletableFuture@44b7712b[Not completed]
2019-10-10 19:09:12,812 [grpc-default-executor-12] INFO  impl.RaftServerProxy (RaftServerProxy.java:addNew(89)) - 9c8b8b19-eb4d-4234-9c4a-07b0a2e8cc23: addNew group-D3E77EB3CDFA:[9c8b8b19-eb4d-4234-9c4a-07b0a2e8cc23:192.168.5.175:42846, 3f4b2446-6fc6-4450-8672-6922a5bd7ca8:192.168.5.175:33568, 7050c371-8b6f-464e-a857-eb7b31a47658:192.168.5.175:44511] returns group-D3E77EB3CDFA:java.util.concurrent.CompletableFuture@3517f091[Not completed]
2019-10-10 19:09:12,815 [grpc-default-executor-10] INFO  impl.RaftServerProxy (RaftServerProxy.java:addNew(89)) - 7050c371-8b6f-464e-a857-eb7b31a47658: addNew group-D3E77EB3CDFA:[9c8b8b19-eb4d-4234-9c4a-07b0a2e8cc23:192.168.5.175:42846, 3f4b2446-6fc6-4450-8672-6922a5bd7ca8:192.168.5.175:33568, 7050c371-8b6f-464e-a857-eb7b31a47658:192.168.5.175:44511] returns group-D3E77EB3CDFA:java.util.concurrent.CompletableFuture@69e8b67f[Not completed]
2019-10-10 19:09:12,815 [pool-439-thread-1] INFO  impl.RaftServerImpl (RaftServerImpl.java:<init>(95)) - 3f4b2446-6fc6-4450-8672-6922a5bd7ca8: new RaftServerImpl for group-D3E77EB3CDFA:[9c8b8b19-eb4d-4234-9c4a-07b0a2e8cc23:192.168.5.175:42846, 3f4b2446-6fc6-4450-8672-6922a5bd7ca8:192.168.5.175:33568, 7050c371-8b6f-464e-a857-eb7b31a47658:192.168.5.175:44511] with ContainerStateMachine:uninitialized
2019-10-10 19:09:12,815 [pool-439-thread-1] INFO  server.RaftServerConfigKeys (ConfUtils.java:logGet(43)) - raft.server.rpc.timeout.min = 5s (custom)
2019-10-10 19:09:12,815 [pool-439-thread-1] INFO  server.RaftServerConfigKeys (ConfUtils.java:logGet(43)) - raft.server.rpc.timeout.max = 5200ms (custom)
2019-10-10 19:09:12,815 [pool-439-thread-1] INFO  server.RaftServerConfigKeys (ConfUtils.java:logGet(43)) - raft.server.rpcslowness.timeout = 120s (custom)
2019-10-10 19:09:12,815 [pool-439-thread-1] INFO  server.RaftServerConfigKeys (ConfUtils.java:logGet(43)) - raft.server.sleep.deviation.threshold = 300 (default)
2019-10-10 19:09:12,816 [pool-439-thread-1] INFO  server.RaftServerConfigKeys (ConfUtils.java:logGet(43)) - raft.server.log.appender.install.snapshot.enabled = false (custom)
2019-10-10 19:09:12,816 [pool-439-thread-1] INFO  impl.RaftServerImpl (ServerState.java:<init>(103)) - 3f4b2446-6fc6-4450-8672-6922a5bd7ca8@group-D3E77EB3CDFA: ConfigurationManager, init=-1: [9c8b8b19-eb4d-4234-9c4a-07b0a2e8cc23:192.168.5.175:42846, 3f4b2446-6fc6-4450-8672-6922a5bd7ca8:192.168.5.175:33568, 7050c371-8b6f-464e-a857-eb7b31a47658:192.168.5.175:44511], old=null, confs=<EMPTY_MAP>
2019-10-10 19:09:12,816 [pool-439-thread-1] INFO  server.RaftServerConfigKeys (ConfUtils.java:logGet(43)) - raft.server.storage.dir = [/workdir/hadoop-ozone/integration-test/target/test-dir/MiniOzoneClusterImpl-1a4c3d35-b2f5-4839-a9b3-d09690a86701/datanode-3/data/ratis] (custom)
2019-10-10 19:09:12,816 [pool-439-thread-1] INFO  server.RaftServerConfigKeys (ConfUtils.java:logGet(43)) - raft.server.log.corruption.policy = EXCEPTION (default)
2019-10-10 19:09:12,816 [pool-429-thread-1] INFO  impl.RaftServerImpl (RaftServerImpl.java:<init>(95)) - 9c8b8b19-eb4d-4234-9c4a-07b0a2e8cc23: new RaftServerImpl for group-D3E77EB3CDFA:[9c8b8b19-eb4d-4234-9c4a-07b0a2e8cc23:192.168.5.175:42846, 3f4b2446-6fc6-4450-8672-6922a5bd7ca8:192.168.5.175:33568, 7050c371-8b6f-464e-a857-eb7b31a47658:192.168.5.175:44511] with ContainerStateMachine:uninitialized
2019-10-10 19:09:12,816 [pool-439-thread-1] INFO  storage.RaftStorageDirectory (RaftStorageDirectory.java:analyzeStorage(246)) - The storage directory /workdir/hadoop-ozone/integration-test/target/test-dir/MiniOzoneClusterImpl-1a4c3d35-b2f5-4839-a9b3-d09690a86701/datanode-3/data/ratis/50789d5d-994d-42d2-a5a2-d3e77eb3cdfa does not exist. Creating ...
2019-10-10 19:09:12,816 [pool-429-thread-1] INFO  server.RaftServerConfigKeys (ConfUtils.java:logGet(43)) - raft.server.rpc.timeout.min = 5s (custom)
2019-10-10 19:09:12,816 [pool-429-thread-1] INFO  server.RaftServerConfigKeys (ConfUtils.java:logGet(43)) - raft.server.rpc.timeout.max = 5200ms (custom)
2019-10-10 19:09:12,817 [pool-459-thread-1] INFO  impl.RaftServerImpl (RaftServerImpl.java:<init>(95)) - 7050c371-8b6f-464e-a857-eb7b31a47658: new RaftServerImpl for group-D3E77EB3CDFA:[9c8b8b19-eb4d-4234-9c4a-07b0a2e8cc23:192.168.5.175:42846, 3f4b2446-6fc6-4450-8672-6922a5bd7ca8:192.168.5.175:33568, 7050c371-8b6f-464e-a857-eb7b31a47658:192.168.5.175:44511] with ContainerStateMachine:uninitialized
2019-10-10 19:09:12,817 [pool-429-thread-1] INFO  server.RaftServerConfigKeys (ConfUtils.java:logGet(43)) - raft.server.rpcslowness.timeout = 120s (custom)
2019-10-10 19:09:12,817 [pool-459-thread-1] INFO  server.RaftServerConfigKeys (ConfUtils.java:logGet(43)) - raft.server.rpc.timeout.min = 5s (custom)
2019-10-10 19:09:12,817 [pool-429-thread-1] INFO  server.RaftServerConfigKeys (ConfUtils.java:logGet(43)) - raft.server.sleep.deviation.threshold = 300 (default)
2019-10-10 19:09:12,817 [pool-459-thread-1] INFO  server.RaftServerConfigKeys (ConfUtils.java:logGet(43)) - raft.server.rpc.timeout.max = 5200ms (custom)
2019-10-10 19:09:12,817 [pool-429-thread-1] INFO  server.RaftServerConfigKeys (ConfUtils.java:logGet(43)) - raft.server.log.appender.install.snapshot.enabled = false (custom)
2019-10-10 19:09:12,817 [pool-459-thread-1] INFO  server.RaftServerConfigKeys (ConfUtils.java:logGet(43)) - raft.server.rpcslowness.timeout = 120s (custom)
2019-10-10 19:09:12,818 [pool-429-thread-1] INFO  impl.RaftServerImpl (ServerState.java:<init>(103)) - 9c8b8b19-eb4d-4234-9c4a-07b0a2e8cc23@group-D3E77EB3CDFA: ConfigurationManager, init=-1: [9c8b8b19-eb4d-4234-9c4a-07b0a2e8cc23:192.168.5.175:42846, 3f4b2446-6fc6-4450-8672-6922a5bd7ca8:192.168.5.175:33568, 7050c371-8b6f-464e-a857-eb7b31a47658:192.168.5.175:44511], old=null, confs=<EMPTY_MAP>
2019-10-10 19:09:12,818 [pool-459-thread-1] INFO  server.RaftServerConfigKeys (ConfUtils.java:logGet(43)) - raft.server.sleep.deviation.threshold = 300 (default)
2019-10-10 19:09:12,818 [pool-429-thread-1] INFO  server.RaftServerConfigKeys (ConfUtils.java:logGet(43)) - raft.server.storage.dir = [/workdir/hadoop-ozone/integration-test/target/test-dir/MiniOzoneClusterImpl-1a4c3d35-b2f5-4839-a9b3-d09690a86701/datanode-2/data/ratis] (custom)
2019-10-10 19:09:12,818 [pool-459-thread-1] INFO  server.RaftServerConfigKeys (ConfUtils.java:logGet(43)) - raft.server.log.appender.install.snapshot.enabled = false (custom)
2019-10-10 19:09:12,818 [pool-429-thread-1] INFO  server.RaftServerConfigKeys (ConfUtils.java:logGet(43)) - raft.server.log.corruption.policy = EXCEPTION (default)
2019-10-10 19:09:12,818 [pool-459-thread-1] INFO  impl.RaftServerImpl (ServerState.java:<init>(103)) - 7050c371-8b6f-464e-a857-eb7b31a47658@group-D3E77EB3CDFA: ConfigurationManager, init=-1: [9c8b8b19-eb4d-4234-9c4a-07b0a2e8cc23:192.168.5.175:42846, 3f4b2446-6fc6-4450-8672-6922a5bd7ca8:192.168.5.175:33568, 7050c371-8b6f-464e-a857-eb7b31a47658:192.168.5.175:44511], old=null, confs=<EMPTY_MAP>
2019-10-10 19:09:12,818 [pool-429-thread-1] INFO  storage.RaftStorageDirectory (RaftStorageDirectory.java:analyzeStorage(246)) - The storage directory /workdir/hadoop-ozone/integration-test/target/test-dir/MiniOzoneClusterImpl-1a4c3d35-b2f5-4839-a9b3-d09690a86701/datanode-2/data/ratis/50789d5d-994d-42d2-a5a2-d3e77eb3cdfa does not exist. Creating ...
2019-10-10 19:09:12,819 [pool-459-thread-1] INFO  server.RaftServerConfigKeys (ConfUtils.java:logGet(43)) - raft.server.storage.dir = [/workdir/hadoop-ozone/integration-test/target/test-dir/MiniOzoneClusterImpl-1a4c3d35-b2f5-4839-a9b3-d09690a86701/datanode-5/data/ratis] (custom)
2019-10-10 19:09:12,819 [pool-459-thread-1] INFO  server.RaftServerConfigKeys (ConfUtils.java:logGet(43)) - raft.server.log.corruption.policy = EXCEPTION (default)
2019-10-10 19:09:12,819 [pool-459-thread-1] INFO  storage.RaftStorageDirectory (RaftStorageDirectory.java:analyzeStorage(246)) - The storage directory /workdir/hadoop-ozone/integration-test/target/test-dir/MiniOzoneClusterImpl-1a4c3d35-b2f5-4839-a9b3-d09690a86701/datanode-5/data/ratis/50789d5d-994d-42d2-a5a2-d3e77eb3cdfa does not exist. Creating ...
2019-10-10 19:09:12,829 [main] INFO  ozone.MiniOzoneClusterImpl (MiniOzoneClusterImpl.java:lambda$waitForClusterToBeReady$0(147)) - Waiting for cluster to be ready. Got 6 of 7 DN Heartbeats.
2019-10-10 19:09:12,829 [IPC Server handler 1 on 39090] INFO  net.NetworkTopology (NetworkTopologyImpl.java:add(111)) - Added a new node: /default-rack/43522fc3-cf3d-4b88-b622-585a8cbbeb1f
2019-10-10 19:09:12,830 [IPC Server handler 1 on 39090] INFO  node.SCMNodeManager (SCMNodeManager.java:register(268)) - Registered Data node : 43522fc3-cf3d-4b88-b622-585a8cbbeb1f{ip: 192.168.5.175, host: pr-hdds-2194-9vxpc-1955504311, networkLocation: /default-rack, certSerialId: null}
2019-10-10 19:09:12,833 [pool-459-thread-1] INFO  storage.RaftStorageDirectory (RaftStorageDirectory.java:tryLock(328)) - Lock on /workdir/hadoop-ozone/integration-test/target/test-dir/MiniOzoneClusterImpl-1a4c3d35-b2f5-4839-a9b3-d09690a86701/datanode-5/data/ratis/50789d5d-994d-42d2-a5a2-d3e77eb3cdfa/in_use.lock acquired by nodename 31683@pr-hdds-2194-9vxpc-1955504311
2019-10-10 19:09:12,835 [pool-439-thread-1] INFO  storage.RaftStorageDirectory (RaftStorageDirectory.java:tryLock(328)) - Lock on /workdir/hadoop-ozone/integration-test/target/test-dir/MiniOzoneClusterImpl-1a4c3d35-b2f5-4839-a9b3-d09690a86701/datanode-3/data/ratis/50789d5d-994d-42d2-a5a2-d3e77eb3cdfa/in_use.lock acquired by nodename 31683@pr-hdds-2194-9vxpc-1955504311
2019-10-10 19:09:12,840 [pool-429-thread-1] INFO  storage.RaftStorageDirectory (RaftStorageDirectory.java:tryLock(328)) - Lock on /workdir/hadoop-ozone/integration-test/target/test-dir/MiniOzoneClusterImpl-1a4c3d35-b2f5-4839-a9b3-d09690a86701/datanode-2/data/ratis/50789d5d-994d-42d2-a5a2-d3e77eb3cdfa/in_use.lock acquired by nodename 31683@pr-hdds-2194-9vxpc-1955504311
2019-10-10 19:09:12,861 [pool-439-thread-1] INFO  storage.RaftStorage (RaftStorage.java:format(84)) - Storage directory /workdir/hadoop-ozone/integration-test/target/test-dir/MiniOzoneClusterImpl-1a4c3d35-b2f5-4839-a9b3-d09690a86701/datanode-3/data/ratis/50789d5d-994d-42d2-a5a2-d3e77eb3cdfa has been successfully formatted.
2019-10-10 19:09:12,861 [pool-429-thread-1] INFO  storage.RaftStorage (RaftStorage.java:format(84)) - Storage directory /workdir/hadoop-ozone/integration-test/target/test-dir/MiniOzoneClusterImpl-1a4c3d35-b2f5-4839-a9b3-d09690a86701/datanode-2/data/ratis/50789d5d-994d-42d2-a5a2-d3e77eb3cdfa has been successfully formatted.
2019-10-10 19:09:12,861 [pool-459-thread-1] INFO  storage.RaftStorage (RaftStorage.java:format(84)) - Storage directory /workdir/hadoop-ozone/integration-test/target/test-dir/MiniOzoneClusterImpl-1a4c3d35-b2f5-4839-a9b3-d09690a86701/datanode-5/data/ratis/50789d5d-994d-42d2-a5a2-d3e77eb3cdfa has been successfully formatted.
2019-10-10 19:09:12,862 [pool-429-thread-1] INFO  ratis.ContainerStateMachine (ContainerStateMachine.java:loadSnapshot(231)) - group-D3E77EB3CDFA: The snapshot info is null. Setting the last applied indexto:(t:0, i:~)
2019-10-10 19:09:12,861 [pool-439-thread-1] INFO  ratis.ContainerStateMachine (ContainerStateMachine.java:loadSnapshot(231)) - group-D3E77EB3CDFA: The snapshot info is null. Setting the last applied indexto:(t:0, i:~)
2019-10-10 19:09:12,862 [pool-459-thread-1] INFO  ratis.ContainerStateMachine (ContainerStateMachine.java:loadSnapshot(231)) - group-D3E77EB3CDFA: The snapshot info is null. Setting the last applied indexto:(t:0, i:~)
2019-10-10 19:09:12,862 [pool-429-thread-1] INFO  server.RaftServerConfigKeys (ConfUtils.java:logGet(43)) - raft.server.notification.no-leader.timeout = 120s (custom)
2019-10-10 19:09:12,862 [pool-459-thread-1] INFO  server.RaftServerConfigKeys (ConfUtils.java:logGet(43)) - raft.server.notification.no-leader.timeout = 120s (custom)
2019-10-10 19:09:12,862 [pool-439-thread-1] INFO  server.RaftServerConfigKeys (ConfUtils.java:logGet(43)) - raft.server.notification.no-leader.timeout = 120s (custom)
2019-10-10 19:09:12,862 [pool-459-thread-1] INFO  server.RaftServerConfigKeys (ConfUtils.java:logGet(43)) - raft.server.log.use.memory = false (default)
2019-10-10 19:09:12,862 [pool-429-thread-1] INFO  server.RaftServerConfigKeys (ConfUtils.java:logGet(43)) - raft.server.log.use.memory = false (default)
2019-10-10 19:09:12,863 [pool-459-thread-1] INFO  server.RaftServerConfigKeys (ConfUtils.java:logGet(43)) - raft.server.log.purge.gap = 1000000 (custom)
2019-10-10 19:09:12,862 [pool-439-thread-1] INFO  server.RaftServerConfigKeys (ConfUtils.java:logGet(43)) - raft.server.log.use.memory = false (default)
2019-10-10 19:09:12,863 [pool-459-thread-1] INFO  server.RaftServerConfigKeys (ConfUtils.java:logGet(43)) - raft.server.log.appender.buffer.byte-limit = 33554432 (custom)
2019-10-10 19:09:12,863 [pool-429-thread-1] INFO  server.RaftServerConfigKeys (ConfUtils.java:logGet(43)) - raft.server.log.purge.gap = 1000000 (custom)
2019-10-10 19:09:12,863 [pool-459-thread-1] INFO  server.RaftServerConfigKeys (ConfUtils.java:logGet(43)) - raft.server.log.segment.size.max = 1048576 (custom)
2019-10-10 19:09:12,863 [pool-439-thread-1] INFO  server.RaftServerConfigKeys (ConfUtils.java:logGet(43)) - raft.server.log.purge.gap = 1000000 (custom)
2019-10-10 19:09:12,863 [pool-429-thread-1] INFO  server.RaftServerConfigKeys (ConfUtils.java:logGet(43)) - raft.server.log.appender.buffer.byte-limit = 33554432 (custom)
2019-10-10 19:09:12,864 [pool-439-thread-1] INFO  server.RaftServerConfigKeys (ConfUtils.java:logGet(43)) - raft.server.log.appender.buffer.byte-limit = 33554432 (custom)
2019-10-10 19:09:12,864 [pool-429-thread-1] INFO  server.RaftServerConfigKeys (ConfUtils.java:logGet(43)) - raft.server.log.segment.size.max = 1048576 (custom)
2019-10-10 19:09:12,864 [pool-439-thread-1] INFO  server.RaftServerConfigKeys (ConfUtils.java:logGet(43)) - raft.server.log.segment.size.max = 1048576 (custom)
2019-10-10 19:09:12,864 [pool-429-thread-1] INFO  server.RaftServerConfigKeys (ConfUtils.java:logGet(43)) - raft.server.log.segment.cache.num.max = 2 (custom)
2019-10-10 19:09:12,864 [pool-439-thread-1] INFO  server.RaftServerConfigKeys (ConfUtils.java:logGet(43)) - raft.server.log.segment.cache.num.max = 2 (custom)
2019-10-10 19:09:12,864 [pool-429-thread-1] INFO  segmented.SegmentedRaftLogWorker (SegmentedRaftLogWorker.java:<init>(173)) - new 9c8b8b19-eb4d-4234-9c4a-07b0a2e8cc23@group-D3E77EB3CDFA-SegmentedRaftLogWorker for RaftStorage:Storage Directory /workdir/hadoop-ozone/integration-test/target/test-dir/MiniOzoneClusterImpl-1a4c3d35-b2f5-4839-a9b3-d09690a86701/datanode-2/data/ratis/50789d5d-994d-42d2-a5a2-d3e77eb3cdfa
2019-10-10 19:09:12,864 [pool-439-thread-1] INFO  segmented.SegmentedRaftLogWorker (SegmentedRaftLogWorker.java:<init>(173)) - new 3f4b2446-6fc6-4450-8672-6922a5bd7ca8@group-D3E77EB3CDFA-SegmentedRaftLogWorker for RaftStorage:Storage Directory /workdir/hadoop-ozone/integration-test/target/test-dir/MiniOzoneClusterImpl-1a4c3d35-b2f5-4839-a9b3-d09690a86701/datanode-3/data/ratis/50789d5d-994d-42d2-a5a2-d3e77eb3cdfa
2019-10-10 19:09:12,865 [pool-429-thread-1] INFO  server.RaftServerConfigKeys (ConfUtils.java:logGet(43)) - raft.server.log.queue.byte-limit = 2147483647 (custom)
2019-10-10 19:09:12,865 [pool-439-thread-1] INFO  server.RaftServerConfigKeys (ConfUtils.java:logGet(43)) - raft.server.log.queue.byte-limit = 2147483647 (custom)
2019-10-10 19:09:12,865 [pool-429-thread-1] INFO  server.RaftServerConfigKeys (ConfUtils.java:logGet(43)) - raft.server.log.queue.element-limit = 1024 (custom)
2019-10-10 19:09:12,865 [pool-439-thread-1] INFO  server.RaftServerConfigKeys (ConfUtils.java:logGet(43)) - raft.server.log.queue.element-limit = 1024 (custom)
2019-10-10 19:09:12,865 [pool-429-thread-1] INFO  server.RaftServerConfigKeys (ConfUtils.java:logGet(43)) - raft.server.log.segment.size.max = 1048576 (custom)
2019-10-10 19:09:12,865 [pool-439-thread-1] INFO  server.RaftServerConfigKeys (ConfUtils.java:logGet(43)) - raft.server.log.segment.size.max = 1048576 (custom)
2019-10-10 19:09:12,865 [pool-429-thread-1] INFO  server.RaftServerConfigKeys (ConfUtils.java:logGet(43)) - raft.server.log.preallocated.size = 16384 (custom)
2019-10-10 19:09:12,865 [pool-439-thread-1] INFO  server.RaftServerConfigKeys (ConfUtils.java:logGet(43)) - raft.server.log.preallocated.size = 16384 (custom)
2019-10-10 19:09:12,865 [pool-459-thread-1] INFO  server.RaftServerConfigKeys (ConfUtils.java:logGet(43)) - raft.server.log.segment.cache.num.max = 2 (custom)
2019-10-10 19:09:12,866 [pool-439-thread-1] INFO  server.RaftServerConfigKeys (ConfUtils.java:logGet(43)) - raft.server.log.write.buffer.size = 33554432 (custom)
2019-10-10 19:09:12,866 [pool-439-thread-1] INFO  server.RaftServerConfigKeys (ConfUtils.java:logGet(43)) - raft.server.log.force.sync.num = 128 (default)
2019-10-10 19:09:12,866 [pool-429-thread-1] INFO  server.RaftServerConfigKeys (ConfUtils.java:logGet(43)) - raft.server.log.write.buffer.size = 33554432 (custom)
2019-10-10 19:09:12,866 [pool-439-thread-1] INFO  server.RaftServerConfigKeys (ConfUtils.java:logGet(43)) - raft.server.log.statemachine.data.sync = true (default)
2019-10-10 19:09:12,866 [pool-459-thread-1] INFO  segmented.SegmentedRaftLogWorker (SegmentedRaftLogWorker.java:<init>(173)) - new 7050c371-8b6f-464e-a857-eb7b31a47658@group-D3E77EB3CDFA-SegmentedRaftLogWorker for RaftStorage:Storage Directory /workdir/hadoop-ozone/integration-test/target/test-dir/MiniOzoneClusterImpl-1a4c3d35-b2f5-4839-a9b3-d09690a86701/datanode-5/data/ratis/50789d5d-994d-42d2-a5a2-d3e77eb3cdfa
2019-10-10 19:09:12,866 [pool-439-thread-1] INFO  server.RaftServerConfigKeys (ConfUtils.java:logGet(43)) - raft.server.log.statemachine.data.sync.timeout = 10s (default)
2019-10-10 19:09:12,866 [pool-429-thread-1] INFO  server.RaftServerConfigKeys (ConfUtils.java:logGet(43)) - raft.server.log.force.sync.num = 128 (default)
2019-10-10 19:09:12,867 [pool-439-thread-1] INFO  server.RaftServerConfigKeys (ConfUtils.java:logGet(43)) - raft.server.log.statemachine.data.sync.timeout.retry = -1 (default)
2019-10-10 19:09:12,867 [pool-459-thread-1] INFO  server.RaftServerConfigKeys (ConfUtils.java:logGet(43)) - raft.server.log.queue.byte-limit = 2147483647 (custom)
2019-10-10 19:09:12,867 [pool-439-thread-1] INFO  server.RaftServerConfigKeys (ConfUtils.java:logGet(43)) - raft.server.log.statemachine.data.caching.enabled = true (custom)
2019-10-10 19:09:12,867 [pool-429-thread-1] INFO  server.RaftServerConfigKeys (ConfUtils.java:logGet(43)) - raft.server.log.statemachine.data.sync = true (default)
2019-10-10 19:09:12,867 [pool-459-thread-1] INFO  server.RaftServerConfigKeys (ConfUtils.java:logGet(43)) - raft.server.log.queue.element-limit = 1024 (custom)
2019-10-10 19:09:12,867 [pool-439-thread-1] INFO  segmented.SegmentedRaftLogWorker (SegmentedRaftLogWorker.java:lambda$new$0(128)) - 3f4b2446-6fc6-4450-8672-6922a5bd7ca8@group-D3E77EB3CDFA-SegmentedRaftLogWorker: flushIndex: setUnconditionally 0 -> -1
2019-10-10 19:09:12,867 [pool-429-thread-1] INFO  server.RaftServerConfigKeys (ConfUtils.java:logGet(43)) - raft.server.log.statemachine.data.sync.timeout = 10s (default)
2019-10-10 19:09:12,868 [pool-459-thread-1] INFO  server.RaftServerConfigKeys (ConfUtils.java:logGet(43)) - raft.server.log.segment.size.max = 1048576 (custom)
2019-10-10 19:09:12,868 [pool-439-thread-1] INFO  server.RaftServerConfigKeys (ConfUtils.java:logGet(43)) - raft.server.snapshot.auto.trigger.enabled = true (custom)
2019-10-10 19:09:12,868 [pool-429-thread-1] INFO  server.RaftServerConfigKeys (ConfUtils.java:logGet(43)) - raft.server.log.statemachine.data.sync.timeout.retry = -1 (default)
2019-10-10 19:09:12,868 [pool-439-thread-1] INFO  server.RaftServerConfigKeys (ConfUtils.java:logGet(43)) - raft.server.snapshot.auto.trigger.threshold = 10000 (custom)
2019-10-10 19:09:12,868 [pool-459-thread-1] INFO  server.RaftServerConfigKeys (ConfUtils.java:logGet(43)) - raft.server.log.preallocated.size = 16384 (custom)
2019-10-10 19:09:12,868 [pool-439-thread-1] INFO  server.RaftServerConfigKeys (ConfUtils.java:logGet(43)) - raft.server.snapshot.retention.file.num = 5 (custom)
2019-10-10 19:09:12,868 [pool-429-thread-1] INFO  server.RaftServerConfigKeys (ConfUtils.java:logGet(43)) - raft.server.log.statemachine.data.caching.enabled = true (custom)
2019-10-10 19:09:12,869 [pool-439-thread-1] INFO  server.RaftServerConfigKeys (ConfUtils.java:logGet(43)) - raft.server.retrycache.expirytime = 600000ms (custom)
2019-10-10 19:09:12,869 [pool-459-thread-1] INFO  server.RaftServerConfigKeys (ConfUtils.java:logGet(43)) - raft.server.log.write.buffer.size = 33554432 (custom)
2019-10-10 19:09:12,869 [pool-429-thread-1] INFO  segmented.SegmentedRaftLogWorker (SegmentedRaftLogWorker.java:lambda$new$0(128)) - 9c8b8b19-eb4d-4234-9c4a-07b0a2e8cc23@group-D3E77EB3CDFA-SegmentedRaftLogWorker: flushIndex: setUnconditionally 0 -> -1
2019-10-10 19:09:12,869 [pool-459-thread-1] INFO  server.RaftServerConfigKeys (ConfUtils.java:logGet(43)) - raft.server.log.force.sync.num = 128 (default)
2019-10-10 19:09:12,869 [pool-429-thread-1] INFO  server.RaftServerConfigKeys (ConfUtils.java:logGet(43)) - raft.server.snapshot.auto.trigger.enabled = true (custom)
2019-10-10 19:09:12,869 [pool-459-thread-1] INFO  server.RaftServerConfigKeys (ConfUtils.java:logGet(43)) - raft.server.log.statemachine.data.sync = true (default)
2019-10-10 19:09:12,869 [pool-429-thread-1] INFO  server.RaftServerConfigKeys (ConfUtils.java:logGet(43)) - raft.server.snapshot.auto.trigger.threshold = 10000 (custom)
2019-10-10 19:09:12,870 [pool-459-thread-1] INFO  server.RaftServerConfigKeys (ConfUtils.java:logGet(43)) - raft.server.log.statemachine.data.sync.timeout = 10s (default)
2019-10-10 19:09:12,870 [pool-429-thread-1] INFO  server.RaftServerConfigKeys (ConfUtils.java:logGet(43)) - raft.server.snapshot.retention.file.num = 5 (custom)
2019-10-10 19:09:12,870 [pool-459-thread-1] INFO  server.RaftServerConfigKeys (ConfUtils.java:logGet(43)) - raft.server.log.statemachine.data.sync.timeout.retry = -1 (default)
2019-10-10 19:09:12,870 [pool-429-thread-1] INFO  server.RaftServerConfigKeys (ConfUtils.java:logGet(43)) - raft.server.retrycache.expirytime = 600000ms (custom)
2019-10-10 19:09:12,870 [pool-459-thread-1] INFO  server.RaftServerConfigKeys (ConfUtils.java:logGet(43)) - raft.server.log.statemachine.data.caching.enabled = true (custom)
2019-10-10 19:09:12,871 [pool-459-thread-1] INFO  segmented.SegmentedRaftLogWorker (SegmentedRaftLogWorker.java:lambda$new$0(128)) - 7050c371-8b6f-464e-a857-eb7b31a47658@group-D3E77EB3CDFA-SegmentedRaftLogWorker: flushIndex: setUnconditionally 0 -> -1
2019-10-10 19:09:12,871 [pool-459-thread-1] INFO  server.RaftServerConfigKeys (ConfUtils.java:logGet(43)) - raft.server.snapshot.auto.trigger.enabled = true (custom)
2019-10-10 19:09:12,871 [pool-439-thread-1] INFO  impl.RaftServerImpl (RaftServerImpl.java:start(181)) - 3f4b2446-6fc6-4450-8672-6922a5bd7ca8@group-D3E77EB3CDFA: start as a follower, conf=-1: [9c8b8b19-eb4d-4234-9c4a-07b0a2e8cc23:192.168.5.175:42846, 3f4b2446-6fc6-4450-8672-6922a5bd7ca8:192.168.5.175:33568, 7050c371-8b6f-464e-a857-eb7b31a47658:192.168.5.175:44511], old=null
2019-10-10 19:09:12,871 [pool-459-thread-1] INFO  server.RaftServerConfigKeys (ConfUtils.java:logGet(43)) - raft.server.snapshot.auto.trigger.threshold = 10000 (custom)
2019-10-10 19:09:12,871 [pool-439-thread-1] INFO  impl.RaftServerImpl (RaftServerImpl.java:setRole(170)) - 3f4b2446-6fc6-4450-8672-6922a5bd7ca8@group-D3E77EB3CDFA: changes role from      null to FOLLOWER at term 0 for startAsFollower
2019-10-10 19:09:12,871 [pool-459-thread-1] INFO  server.RaftServerConfigKeys (ConfUtils.java:logGet(43)) - raft.server.snapshot.retention.file.num = 5 (custom)
2019-10-10 19:09:12,872 [pool-439-thread-1] INFO  impl.RoleInfo (RoleInfo.java:updateAndGet(143)) - 3f4b2446-6fc6-4450-8672-6922a5bd7ca8: start FollowerState
2019-10-10 19:09:12,872 [pool-429-thread-1] INFO  impl.RaftServerImpl (RaftServerImpl.java:start(181)) - 9c8b8b19-eb4d-4234-9c4a-07b0a2e8cc23@group-D3E77EB3CDFA: start as a follower, conf=-1: [9c8b8b19-eb4d-4234-9c4a-07b0a2e8cc23:192.168.5.175:42846, 3f4b2446-6fc6-4450-8672-6922a5bd7ca8:192.168.5.175:33568, 7050c371-8b6f-464e-a857-eb7b31a47658:192.168.5.175:44511], old=null
2019-10-10 19:09:12,872 [pool-459-thread-1] INFO  server.RaftServerConfigKeys (ConfUtils.java:logGet(43)) - raft.server.retrycache.expirytime = 600000ms (custom)
2019-10-10 19:09:12,872 [pool-429-thread-1] INFO  impl.RaftServerImpl (RaftServerImpl.java:setRole(170)) - 9c8b8b19-eb4d-4234-9c4a-07b0a2e8cc23@group-D3E77EB3CDFA: changes role from      null to FOLLOWER at term 0 for startAsFollower
2019-10-10 19:09:12,872 [pool-439-thread-1] INFO  util.JmxRegister (JmxRegister.java:tryRegister(44)) - Successfully registered JMX Bean with object name Ratis:service=RaftServer,group=group-D3E77EB3CDFA,id=3f4b2446-6fc6-4450-8672-6922a5bd7ca8
2019-10-10 19:09:12,872 [pool-429-thread-1] INFO  impl.RoleInfo (RoleInfo.java:updateAndGet(143)) - 9c8b8b19-eb4d-4234-9c4a-07b0a2e8cc23: start FollowerState
2019-10-10 19:09:12,873 [pool-429-thread-1] INFO  util.JmxRegister (JmxRegister.java:tryRegister(44)) - Successfully registered JMX Bean with object name Ratis:service=RaftServer,group=group-D3E77EB3CDFA,id=9c8b8b19-eb4d-4234-9c4a-07b0a2e8cc23
2019-10-10 19:09:12,875 [pool-459-thread-1] INFO  impl.RaftServerImpl (RaftServerImpl.java:start(181)) - 7050c371-8b6f-464e-a857-eb7b31a47658@group-D3E77EB3CDFA: start as a follower, conf=-1: [9c8b8b19-eb4d-4234-9c4a-07b0a2e8cc23:192.168.5.175:42846, 3f4b2446-6fc6-4450-8672-6922a5bd7ca8:192.168.5.175:33568, 7050c371-8b6f-464e-a857-eb7b31a47658:192.168.5.175:44511], old=null
2019-10-10 19:09:12,875 [pool-459-thread-1] INFO  impl.RaftServerImpl (RaftServerImpl.java:setRole(170)) - 7050c371-8b6f-464e-a857-eb7b31a47658@group-D3E77EB3CDFA: changes role from      null to FOLLOWER at term 0 for startAsFollower
2019-10-10 19:09:12,875 [pool-459-thread-1] INFO  impl.RoleInfo (RoleInfo.java:updateAndGet(143)) - 7050c371-8b6f-464e-a857-eb7b31a47658: start FollowerState
2019-10-10 19:09:12,876 [pool-459-thread-1] INFO  util.JmxRegister (JmxRegister.java:tryRegister(44)) - Successfully registered JMX Bean with object name Ratis:service=RaftServer,group=group-D3E77EB3CDFA,id=7050c371-8b6f-464e-a857-eb7b31a47658
2019-10-10 19:09:12,885 [RatisPipelineUtilsThread] INFO  pipeline.PipelineStateManager (PipelineStateManager.java:addPipeline(56)) - Created pipeline Pipeline[ Id: 50789d5d-994d-42d2-a5a2-d3e77eb3cdfa, Nodes: 7050c371-8b6f-464e-a857-eb7b31a47658{ip: 192.168.5.175, host: pr-hdds-2194-9vxpc-1955504311, networkLocation: /default-rack, certSerialId: null}9c8b8b19-eb4d-4234-9c4a-07b0a2e8cc23{ip: 192.168.5.175, host: pr-hdds-2194-9vxpc-1955504311, networkLocation: /default-rack, certSerialId: null}3f4b2446-6fc6-4450-8672-6922a5bd7ca8{ip: 192.168.5.175, host: pr-hdds-2194-9vxpc-1955504311, networkLocation: /default-rack, certSerialId: null}, Type:RATIS, Factor:THREE, State:OPEN]
2019-10-10 19:09:13,830 [main] INFO  ozone.MiniOzoneClusterImpl (MiniOzoneClusterImpl.java:lambda$waitForClusterToBeReady$0(147)) - Cluster is ready. Got 7 of 7 DN Heartbeats.
2019-10-10 19:09:13,863 [main] INFO  rpc.RpcClient (RpcClient.java:createVolume(272)) - Creating Volume: testblockoutputstream, with jenkins1000 as owner.
2019-10-10 19:09:13,868 [IPC Server handler 1 on 43081] INFO  volume.OMVolumeCreateRequest (OMVolumeCreateRequest.java:validateAndUpdateCache(193)) - created volume:testblockoutputstream for user:jenkins1000
2019-10-10 19:09:13,889 [main] INFO  rpc.RpcClient (RpcClient.java:createBucket(411)) - Creating Bucket: testblockoutputstream/testblockoutputstream, with Versioning false and Storage Type set to DISK and Encryption set to false 
2019-10-10 19:09:15,473 [Thread-3125] INFO  container.ReplicationManager (ReplicationManager.java:start(162)) - Starting Replication Monitor Thread.
2019-10-10 19:09:15,478 [ReplicationMonitor] INFO  container.ReplicationManager (ReplicationManager.java:run(225)) - Replication Monitor Thread took 0 milliseconds for processing 1 containers.
2019-10-10 19:09:17,612 [Thread-3127] INFO  impl.FollowerState (FollowerState.java:run(108)) - 4f42c1de-08dc-47d1-8f12-e71e73c4c998@group-6E3AC8DEAF57-FollowerState: change to CANDIDATE, lastRpcTime:5087ms, electionTimeout:5087ms
2019-10-10 19:09:17,613 [Thread-3127] INFO  impl.RoleInfo (RoleInfo.java:shutdownFollowerState(121)) - 4f42c1de-08dc-47d1-8f12-e71e73c4c998: shutdown FollowerState
2019-10-10 19:09:17,613 [Thread-3127] INFO  impl.RaftServerImpl (RaftServerImpl.java:setRole(170)) - 4f42c1de-08dc-47d1-8f12-e71e73c4c998@group-6E3AC8DEAF57: changes role from  FOLLOWER to CANDIDATE at term 0 for changeToCandidate
2019-10-10 19:09:17,613 [Thread-3127] INFO  impl.RoleInfo (RoleInfo.java:updateAndGet(143)) - 4f42c1de-08dc-47d1-8f12-e71e73c4c998: start LeaderElection
2019-10-10 19:09:17,614 [Thread-3130] INFO  impl.FollowerState (FollowerState.java:run(108)) - 82412393-0d0f-42e5-b60a-35225ce55bb0@group-0BA7846E56E2-FollowerState: change to CANDIDATE, lastRpcTime:5039ms, electionTimeout:5039ms
2019-10-10 19:09:17,644 [Thread-3130] INFO  impl.RoleInfo (RoleInfo.java:shutdownFollowerState(121)) - 82412393-0d0f-42e5-b60a-35225ce55bb0: shutdown FollowerState
2019-10-10 19:09:17,644 [Thread-3130] INFO  impl.RaftServerImpl (RaftServerImpl.java:setRole(170)) - 82412393-0d0f-42e5-b60a-35225ce55bb0@group-0BA7846E56E2: changes role from  FOLLOWER to CANDIDATE at term 0 for changeToCandidate
2019-10-10 19:09:17,644 [Thread-3130] INFO  impl.RoleInfo (RoleInfo.java:updateAndGet(143)) - 82412393-0d0f-42e5-b60a-35225ce55bb0: start LeaderElection
2019-10-10 19:09:17,658 [82412393-0d0f-42e5-b60a-35225ce55bb0@group-0BA7846E56E2-LeaderElection80] INFO  impl.LeaderElection (LeaderElection.java:askForVotes(178)) - 82412393-0d0f-42e5-b60a-35225ce55bb0@group-0BA7846E56E2-LeaderElection80: begin an election at term 1 for -1: [82412393-0d0f-42e5-b60a-35225ce55bb0:192.168.5.175:38227], old=null
2019-10-10 19:09:17,658 [4f42c1de-08dc-47d1-8f12-e71e73c4c998@group-6E3AC8DEAF57-LeaderElection79] INFO  impl.LeaderElection (LeaderElection.java:askForVotes(178)) - 4f42c1de-08dc-47d1-8f12-e71e73c4c998@group-6E3AC8DEAF57-LeaderElection79: begin an election at term 1 for -1: [4f42c1de-08dc-47d1-8f12-e71e73c4c998:192.168.5.175:42446], old=null
2019-10-10 19:09:17,658 [82412393-0d0f-42e5-b60a-35225ce55bb0@group-0BA7846E56E2-LeaderElection80] INFO  impl.RoleInfo (RoleInfo.java:shutdownLeaderElection(134)) - 82412393-0d0f-42e5-b60a-35225ce55bb0: shutdown LeaderElection
2019-10-10 19:09:17,658 [4f42c1de-08dc-47d1-8f12-e71e73c4c998@group-6E3AC8DEAF57-LeaderElection79] INFO  impl.RoleInfo (RoleInfo.java:shutdownLeaderElection(134)) - 4f42c1de-08dc-47d1-8f12-e71e73c4c998: shutdown LeaderElection
2019-10-10 19:09:17,658 [82412393-0d0f-42e5-b60a-35225ce55bb0@group-0BA7846E56E2-LeaderElection80] INFO  impl.RaftServerImpl (RaftServerImpl.java:setRole(170)) - 82412393-0d0f-42e5-b60a-35225ce55bb0@group-0BA7846E56E2: changes role from CANDIDATE to LEADER at term 1 for changeToLeader
2019-10-10 19:09:17,658 [4f42c1de-08dc-47d1-8f12-e71e73c4c998@group-6E3AC8DEAF57-LeaderElection79] INFO  impl.RaftServerImpl (RaftServerImpl.java:setRole(170)) - 4f42c1de-08dc-47d1-8f12-e71e73c4c998@group-6E3AC8DEAF57: changes role from CANDIDATE to LEADER at term 1 for changeToLeader
2019-10-10 19:09:17,658 [82412393-0d0f-42e5-b60a-35225ce55bb0@group-0BA7846E56E2-LeaderElection80] INFO  impl.RaftServerImpl (ServerState.java:setLeader(255)) - 82412393-0d0f-42e5-b60a-35225ce55bb0@group-0BA7846E56E2: change Leader from null to 82412393-0d0f-42e5-b60a-35225ce55bb0 at term 1 for becomeLeader, leader elected after 5090ms
2019-10-10 19:09:17,659 [4f42c1de-08dc-47d1-8f12-e71e73c4c998@group-6E3AC8DEAF57-LeaderElection79] INFO  impl.RaftServerImpl (ServerState.java:setLeader(255)) - 4f42c1de-08dc-47d1-8f12-e71e73c4c998@group-6E3AC8DEAF57: change Leader from null to 4f42c1de-08dc-47d1-8f12-e71e73c4c998 at term 1 for becomeLeader, leader elected after 5142ms
2019-10-10 19:09:17,659 [82412393-0d0f-42e5-b60a-35225ce55bb0@group-0BA7846E56E2-LeaderElection80] INFO  server.RaftServerConfigKeys (ConfUtils.java:logGet(43)) - raft.server.staging.catchup.gap = 1000 (default)
2019-10-10 19:09:17,659 [4f42c1de-08dc-47d1-8f12-e71e73c4c998@group-6E3AC8DEAF57-LeaderElection79] INFO  server.RaftServerConfigKeys (ConfUtils.java:logGet(43)) - raft.server.staging.catchup.gap = 1000 (default)
2019-10-10 19:09:17,659 [82412393-0d0f-42e5-b60a-35225ce55bb0@group-0BA7846E56E2-LeaderElection80] INFO  server.RaftServerConfigKeys (ConfUtils.java:logGet(43)) - raft.server.rpc.sleep.time = 25ms (default)
2019-10-10 19:09:17,659 [4f42c1de-08dc-47d1-8f12-e71e73c4c998@group-6E3AC8DEAF57-LeaderElection79] INFO  server.RaftServerConfigKeys (ConfUtils.java:logGet(43)) - raft.server.rpc.sleep.time = 25ms (default)
2019-10-10 19:09:17,660 [82412393-0d0f-42e5-b60a-35225ce55bb0@group-0BA7846E56E2-LeaderElection80] INFO  server.RaftServerConfigKeys (ConfUtils.java:logGet(43)) - raft.server.write.element-limit = 4096 (default)
2019-10-10 19:09:17,660 [4f42c1de-08dc-47d1-8f12-e71e73c4c998@group-6E3AC8DEAF57-LeaderElection79] INFO  server.RaftServerConfigKeys (ConfUtils.java:logGet(43)) - raft.server.write.element-limit = 4096 (default)
2019-10-10 19:09:17,660 [82412393-0d0f-42e5-b60a-35225ce55bb0@group-0BA7846E56E2-LeaderElection80] INFO  server.RaftServerConfigKeys (ConfUtils.java:logGet(43)) - raft.server.watch.timeout = 10s (default)
2019-10-10 19:09:17,660 [4f42c1de-08dc-47d1-8f12-e71e73c4c998@group-6E3AC8DEAF57-LeaderElection79] INFO  server.RaftServerConfigKeys (ConfUtils.java:logGet(43)) - raft.server.watch.timeout = 10s (default)
2019-10-10 19:09:17,660 [82412393-0d0f-42e5-b60a-35225ce55bb0@group-0BA7846E56E2-LeaderElection80] INFO  server.RaftServerConfigKeys (ConfUtils.java:logGet(43)) - raft.server.watch.timeout.denomination = 1s (default)
2019-10-10 19:09:17,660 [4f42c1de-08dc-47d1-8f12-e71e73c4c998@group-6E3AC8DEAF57-LeaderElection79] INFO  server.RaftServerConfigKeys (ConfUtils.java:logGet(43)) - raft.server.watch.timeout.denomination = 1s (default)
2019-10-10 19:09:17,660 [82412393-0d0f-42e5-b60a-35225ce55bb0@group-0BA7846E56E2-LeaderElection80] INFO  server.RaftServerConfigKeys (ConfUtils.java:logGet(43)) - raft.server.watch.element-limit = 65536 (default)
2019-10-10 19:09:17,661 [4f42c1de-08dc-47d1-8f12-e71e73c4c998@group-6E3AC8DEAF57-LeaderElection79] INFO  server.RaftServerConfigKeys (ConfUtils.java:logGet(43)) - raft.server.watch.element-limit = 65536 (default)
2019-10-10 19:09:17,665 [4f42c1de-08dc-47d1-8f12-e71e73c4c998@group-6E3AC8DEAF57-LeaderElection79] INFO  impl.RoleInfo (RoleInfo.java:updateAndGet(143)) - 4f42c1de-08dc-47d1-8f12-e71e73c4c998: start LeaderState
2019-10-10 19:09:17,665 [82412393-0d0f-42e5-b60a-35225ce55bb0@group-0BA7846E56E2-LeaderElection80] INFO  impl.RoleInfo (RoleInfo.java:updateAndGet(143)) - 82412393-0d0f-42e5-b60a-35225ce55bb0: start LeaderState
2019-10-10 19:09:17,665 [4f42c1de-08dc-47d1-8f12-e71e73c4c998@group-6E3AC8DEAF57-LeaderElection79] INFO  segmented.SegmentedRaftLogWorker (SegmentedRaftLogWorker.java:startLogSegment(385)) - 4f42c1de-08dc-47d1-8f12-e71e73c4c998@group-6E3AC8DEAF57-SegmentedRaftLogWorker: Starting segment from index:0
2019-10-10 19:09:17,665 [82412393-0d0f-42e5-b60a-35225ce55bb0@group-0BA7846E56E2-LeaderElection80] INFO  segmented.SegmentedRaftLogWorker (SegmentedRaftLogWorker.java:startLogSegment(385)) - 82412393-0d0f-42e5-b60a-35225ce55bb0@group-0BA7846E56E2-SegmentedRaftLogWorker: Starting segment from index:0
2019-10-10 19:09:17,667 [82412393-0d0f-42e5-b60a-35225ce55bb0@group-0BA7846E56E2-LeaderElection80] INFO  impl.RaftServerImpl (ServerState.java:setRaftConf(356)) - 82412393-0d0f-42e5-b60a-35225ce55bb0@group-0BA7846E56E2: set configuration 0: [82412393-0d0f-42e5-b60a-35225ce55bb0:192.168.5.175:38227], old=null at 0
2019-10-10 19:09:17,667 [4f42c1de-08dc-47d1-8f12-e71e73c4c998@group-6E3AC8DEAF57-LeaderElection79] INFO  impl.RaftServerImpl (ServerState.java:setRaftConf(356)) - 4f42c1de-08dc-47d1-8f12-e71e73c4c998@group-6E3AC8DEAF57: set configuration 0: [4f42c1de-08dc-47d1-8f12-e71e73c4c998:192.168.5.175:42446], old=null at 0
2019-10-10 19:09:17,718 [4f42c1de-08dc-47d1-8f12-e71e73c4c998@group-6E3AC8DEAF57-SegmentedRaftLogWorker] INFO  segmented.SegmentedRaftLogWorker (SegmentedRaftLogWorker.java:execute(574)) - 4f42c1de-08dc-47d1-8f12-e71e73c4c998@group-6E3AC8DEAF57-SegmentedRaftLogWorker: created new log segment /workdir/hadoop-ozone/integration-test/target/test-dir/MiniOzoneClusterImpl-1a4c3d35-b2f5-4839-a9b3-d09690a86701/datanode-0/data/ratis/506b4f2b-330d-4b03-853b-6e3ac8deaf57/current/log_inprogress_0
2019-10-10 19:09:17,718 [82412393-0d0f-42e5-b60a-35225ce55bb0@group-0BA7846E56E2-SegmentedRaftLogWorker] INFO  segmented.SegmentedRaftLogWorker (SegmentedRaftLogWorker.java:execute(574)) - 82412393-0d0f-42e5-b60a-35225ce55bb0@group-0BA7846E56E2-SegmentedRaftLogWorker: created new log segment /workdir/hadoop-ozone/integration-test/target/test-dir/MiniOzoneClusterImpl-1a4c3d35-b2f5-4839-a9b3-d09690a86701/datanode-1/data/ratis/1ccd3e97-8ad2-436b-9125-0ba7846e56e2/current/log_inprogress_0
2019-10-10 19:09:17,728 [Thread-3136] INFO  impl.FollowerState (FollowerState.java:run(108)) - 3f4b2446-6fc6-4450-8672-6922a5bd7ca8@group-D7B798EAEC25-FollowerState: change to CANDIDATE, lastRpcTime:5038ms, electionTimeout:5038ms
2019-10-10 19:09:17,728 [Thread-3136] INFO  impl.RoleInfo (RoleInfo.java:shutdownFollowerState(121)) - 3f4b2446-6fc6-4450-8672-6922a5bd7ca8: shutdown FollowerState
2019-10-10 19:09:17,728 [Thread-3136] INFO  impl.RaftServerImpl (RaftServerImpl.java:setRole(170)) - 3f4b2446-6fc6-4450-8672-6922a5bd7ca8@group-D7B798EAEC25: changes role from  FOLLOWER to CANDIDATE at term 0 for changeToCandidate
2019-10-10 19:09:17,728 [Thread-3136] INFO  impl.RoleInfo (RoleInfo.java:updateAndGet(143)) - 3f4b2446-6fc6-4450-8672-6922a5bd7ca8: start LeaderElection
2019-10-10 19:09:17,748 [3f4b2446-6fc6-4450-8672-6922a5bd7ca8@group-D7B798EAEC25-LeaderElection81] INFO  impl.LeaderElection (LeaderElection.java:askForVotes(178)) - 3f4b2446-6fc6-4450-8672-6922a5bd7ca8@group-D7B798EAEC25-LeaderElection81: begin an election at term 1 for -1: [3f4b2446-6fc6-4450-8672-6922a5bd7ca8:192.168.5.175:33568], old=null
2019-10-10 19:09:17,748 [3f4b2446-6fc6-4450-8672-6922a5bd7ca8@group-D7B798EAEC25-LeaderElection81] INFO  impl.RoleInfo (RoleInfo.java:shutdownLeaderElection(134)) - 3f4b2446-6fc6-4450-8672-6922a5bd7ca8: shutdown LeaderElection
2019-10-10 19:09:17,748 [3f4b2446-6fc6-4450-8672-6922a5bd7ca8@group-D7B798EAEC25-LeaderElection81] INFO  impl.RaftServerImpl (RaftServerImpl.java:setRole(170)) - 3f4b2446-6fc6-4450-8672-6922a5bd7ca8@group-D7B798EAEC25: changes role from CANDIDATE to LEADER at term 1 for changeToLeader
2019-10-10 19:09:17,748 [3f4b2446-6fc6-4450-8672-6922a5bd7ca8@group-D7B798EAEC25-LeaderElection81] INFO  impl.RaftServerImpl (ServerState.java:setLeader(255)) - 3f4b2446-6fc6-4450-8672-6922a5bd7ca8@group-D7B798EAEC25: change Leader from null to 3f4b2446-6fc6-4450-8672-6922a5bd7ca8 at term 1 for becomeLeader, leader elected after 5065ms
2019-10-10 19:09:17,748 [3f4b2446-6fc6-4450-8672-6922a5bd7ca8@group-D7B798EAEC25-LeaderElection81] INFO  server.RaftServerConfigKeys (ConfUtils.java:logGet(43)) - raft.server.staging.catchup.gap = 1000 (default)
2019-10-10 19:09:17,748 [3f4b2446-6fc6-4450-8672-6922a5bd7ca8@group-D7B798EAEC25-LeaderElection81] INFO  server.RaftServerConfigKeys (ConfUtils.java:logGet(43)) - raft.server.rpc.sleep.time = 25ms (default)
2019-10-10 19:09:17,749 [3f4b2446-6fc6-4450-8672-6922a5bd7ca8@group-D7B798EAEC25-LeaderElection81] INFO  server.RaftServerConfigKeys (ConfUtils.java:logGet(43)) - raft.server.write.element-limit = 4096 (default)
2019-10-10 19:09:17,749 [3f4b2446-6fc6-4450-8672-6922a5bd7ca8@group-D7B798EAEC25-LeaderElection81] INFO  server.RaftServerConfigKeys (ConfUtils.java:logGet(43)) - raft.server.watch.timeout = 10s (default)
2019-10-10 19:09:17,749 [3f4b2446-6fc6-4450-8672-6922a5bd7ca8@group-D7B798EAEC25-LeaderElection81] INFO  server.RaftServerConfigKeys (ConfUtils.java:logGet(43)) - raft.server.watch.timeout.denomination = 1s (default)
2019-10-10 19:09:17,749 [3f4b2446-6fc6-4450-8672-6922a5bd7ca8@group-D7B798EAEC25-LeaderElection81] INFO  server.RaftServerConfigKeys (ConfUtils.java:logGet(43)) - raft.server.watch.element-limit = 65536 (default)
2019-10-10 19:09:17,751 [3f4b2446-6fc6-4450-8672-6922a5bd7ca8@group-D7B798EAEC25-LeaderElection81] INFO  impl.RoleInfo (RoleInfo.java:updateAndGet(143)) - 3f4b2446-6fc6-4450-8672-6922a5bd7ca8: start LeaderState
2019-10-10 19:09:17,751 [3f4b2446-6fc6-4450-8672-6922a5bd7ca8@group-D7B798EAEC25-LeaderElection81] INFO  segmented.SegmentedRaftLogWorker (SegmentedRaftLogWorker.java:startLogSegment(385)) - 3f4b2446-6fc6-4450-8672-6922a5bd7ca8@group-D7B798EAEC25-SegmentedRaftLogWorker: Starting segment from index:0
2019-10-10 19:09:17,752 [3f4b2446-6fc6-4450-8672-6922a5bd7ca8@group-D7B798EAEC25-LeaderElection81] INFO  impl.RaftServerImpl (ServerState.java:setRaftConf(356)) - 3f4b2446-6fc6-4450-8672-6922a5bd7ca8@group-D7B798EAEC25: set configuration 0: [3f4b2446-6fc6-4450-8672-6922a5bd7ca8:192.168.5.175:33568], old=null at 0
2019-10-10 19:09:17,758 [Thread-3133] INFO  impl.FollowerState (FollowerState.java:run(108)) - 9c8b8b19-eb4d-4234-9c4a-07b0a2e8cc23@group-40E0EA978F9F-FollowerState: change to CANDIDATE, lastRpcTime:5118ms, electionTimeout:5118ms
2019-10-10 19:09:17,758 [Thread-3133] INFO  impl.RoleInfo (RoleInfo.java:shutdownFollowerState(121)) - 9c8b8b19-eb4d-4234-9c4a-07b0a2e8cc23: shutdown FollowerState
2019-10-10 19:09:17,758 [Thread-3133] INFO  impl.RaftServerImpl (RaftServerImpl.java:setRole(170)) - 9c8b8b19-eb4d-4234-9c4a-07b0a2e8cc23@group-40E0EA978F9F: changes role from  FOLLOWER to CANDIDATE at term 0 for changeToCandidate
2019-10-10 19:09:17,758 [Thread-3133] INFO  impl.RoleInfo (RoleInfo.java:updateAndGet(143)) - 9c8b8b19-eb4d-4234-9c4a-07b0a2e8cc23: start LeaderElection
2019-10-10 19:09:17,793 [3f4b2446-6fc6-4450-8672-6922a5bd7ca8@group-D7B798EAEC25-SegmentedRaftLogWorker] INFO  segmented.SegmentedRaftLogWorker (SegmentedRaftLogWorker.java:execute(574)) - 3f4b2446-6fc6-4450-8672-6922a5bd7ca8@group-D7B798EAEC25-SegmentedRaftLogWorker: created new log segment /workdir/hadoop-ozone/integration-test/target/test-dir/MiniOzoneClusterImpl-1a4c3d35-b2f5-4839-a9b3-d09690a86701/datanode-3/data/ratis/9d2a29a3-be0d-4d51-a3d6-d7b798eaec25/current/log_inprogress_0
2019-10-10 19:09:17,793 [9c8b8b19-eb4d-4234-9c4a-07b0a2e8cc23@group-40E0EA978F9F-LeaderElection82] INFO  impl.LeaderElection (LeaderElection.java:askForVotes(178)) - 9c8b8b19-eb4d-4234-9c4a-07b0a2e8cc23@group-40E0EA978F9F-LeaderElection82: begin an election at term 1 for -1: [9c8b8b19-eb4d-4234-9c4a-07b0a2e8cc23:192.168.5.175:42846], old=null
2019-10-10 19:09:17,794 [9c8b8b19-eb4d-4234-9c4a-07b0a2e8cc23@group-40E0EA978F9F-LeaderElection82] INFO  impl.RoleInfo (RoleInfo.java:shutdownLeaderElection(134)) - 9c8b8b19-eb4d-4234-9c4a-07b0a2e8cc23: shutdown LeaderElection
2019-10-10 19:09:17,794 [9c8b8b19-eb4d-4234-9c4a-07b0a2e8cc23@group-40E0EA978F9F-LeaderElection82] INFO  impl.RaftServerImpl (RaftServerImpl.java:setRole(170)) - 9c8b8b19-eb4d-4234-9c4a-07b0a2e8cc23@group-40E0EA978F9F: changes role from CANDIDATE to LEADER at term 1 for changeToLeader
2019-10-10 19:09:17,794 [9c8b8b19-eb4d-4234-9c4a-07b0a2e8cc23@group-40E0EA978F9F-LeaderElection82] INFO  impl.RaftServerImpl (ServerState.java:setLeader(255)) - 9c8b8b19-eb4d-4234-9c4a-07b0a2e8cc23@group-40E0EA978F9F: change Leader from null to 9c8b8b19-eb4d-4234-9c4a-07b0a2e8cc23 at term 1 for becomeLeader, leader elected after 5160ms
2019-10-10 19:09:17,794 [9c8b8b19-eb4d-4234-9c4a-07b0a2e8cc23@group-40E0EA978F9F-LeaderElection82] INFO  server.RaftServerConfigKeys (ConfUtils.java:logGet(43)) - raft.server.staging.catchup.gap = 1000 (default)
2019-10-10 19:09:17,794 [9c8b8b19-eb4d-4234-9c4a-07b0a2e8cc23@group-40E0EA978F9F-LeaderElection82] INFO  server.RaftServerConfigKeys (ConfUtils.java:logGet(43)) - raft.server.rpc.sleep.time = 25ms (default)
2019-10-10 19:09:17,794 [9c8b8b19-eb4d-4234-9c4a-07b0a2e8cc23@group-40E0EA978F9F-LeaderElection82] INFO  server.RaftServerConfigKeys (ConfUtils.java:logGet(43)) - raft.server.write.element-limit = 4096 (default)
2019-10-10 19:09:17,795 [9c8b8b19-eb4d-4234-9c4a-07b0a2e8cc23@group-40E0EA978F9F-LeaderElection82] INFO  server.RaftServerConfigKeys (ConfUtils.java:logGet(43)) - raft.server.watch.timeout = 10s (default)
2019-10-10 19:09:17,795 [9c8b8b19-eb4d-4234-9c4a-07b0a2e8cc23@group-40E0EA978F9F-LeaderElection82] INFO  server.RaftServerConfigKeys (ConfUtils.java:logGet(43)) - raft.server.watch.timeout.denomination = 1s (default)
2019-10-10 19:09:17,795 [9c8b8b19-eb4d-4234-9c4a-07b0a2e8cc23@group-40E0EA978F9F-LeaderElection82] INFO  server.RaftServerConfigKeys (ConfUtils.java:logGet(43)) - raft.server.watch.element-limit = 65536 (default)
2019-10-10 19:09:17,797 [9c8b8b19-eb4d-4234-9c4a-07b0a2e8cc23@group-40E0EA978F9F-LeaderElection82] INFO  impl.RoleInfo (RoleInfo.java:updateAndGet(143)) - 9c8b8b19-eb4d-4234-9c4a-07b0a2e8cc23: start LeaderState
2019-10-10 19:09:17,797 [9c8b8b19-eb4d-4234-9c4a-07b0a2e8cc23@group-40E0EA978F9F-LeaderElection82] INFO  segmented.SegmentedRaftLogWorker (SegmentedRaftLogWorker.java:startLogSegment(385)) - 9c8b8b19-eb4d-4234-9c4a-07b0a2e8cc23@group-40E0EA978F9F-SegmentedRaftLogWorker: Starting segment from index:0
2019-10-10 19:09:17,798 [9c8b8b19-eb4d-4234-9c4a-07b0a2e8cc23@group-40E0EA978F9F-LeaderElection82] INFO  impl.RaftServerImpl (ServerState.java:setRaftConf(356)) - 9c8b8b19-eb4d-4234-9c4a-07b0a2e8cc23@group-40E0EA978F9F: set configuration 0: [9c8b8b19-eb4d-4234-9c4a-07b0a2e8cc23:192.168.5.175:42846], old=null at 0
2019-10-10 19:09:17,843 [Thread-3139] INFO  impl.FollowerState (FollowerState.java:run(108)) - eb79673d-e71c-46b0-ba54-28d995f39114@group-C660B89B8E85-FollowerState: change to CANDIDATE, lastRpcTime:5088ms, electionTimeout:5088ms
2019-10-10 19:09:17,843 [Thread-3139] INFO  impl.RoleInfo (RoleInfo.java:shutdownFollowerState(121)) - eb79673d-e71c-46b0-ba54-28d995f39114: shutdown FollowerState
2019-10-10 19:09:17,843 [Thread-3139] INFO  impl.RaftServerImpl (RaftServerImpl.java:setRole(170)) - eb79673d-e71c-46b0-ba54-28d995f39114@group-C660B89B8E85: changes role from  FOLLOWER to CANDIDATE at term 0 for changeToCandidate
2019-10-10 19:09:17,844 [Thread-3139] INFO  impl.RoleInfo (RoleInfo.java:updateAndGet(143)) - eb79673d-e71c-46b0-ba54-28d995f39114: start LeaderElection
2019-10-10 19:09:17,847 [9c8b8b19-eb4d-4234-9c4a-07b0a2e8cc23@group-40E0EA978F9F-SegmentedRaftLogWorker] INFO  segmented.SegmentedRaftLogWorker (SegmentedRaftLogWorker.java:execute(574)) - 9c8b8b19-eb4d-4234-9c4a-07b0a2e8cc23@group-40E0EA978F9F-SegmentedRaftLogWorker: created new log segment /workdir/hadoop-ozone/integration-test/target/test-dir/MiniOzoneClusterImpl-1a4c3d35-b2f5-4839-a9b3-d09690a86701/datanode-2/data/ratis/0f32404e-4910-4866-8b27-40e0ea978f9f/current/log_inprogress_0
2019-10-10 19:09:17,862 [eb79673d-e71c-46b0-ba54-28d995f39114@group-C660B89B8E85-LeaderElection83] INFO  impl.LeaderElection (LeaderElection.java:askForVotes(178)) - eb79673d-e71c-46b0-ba54-28d995f39114@group-C660B89B8E85-LeaderElection83: begin an election at term 1 for -1: [eb79673d-e71c-46b0-ba54-28d995f39114:192.168.5.175:36889], old=null
2019-10-10 19:09:17,862 [eb79673d-e71c-46b0-ba54-28d995f39114@group-C660B89B8E85-LeaderElection83] INFO  impl.RoleInfo (RoleInfo.java:shutdownLeaderElection(134)) - eb79673d-e71c-46b0-ba54-28d995f39114: shutdown LeaderElection
2019-10-10 19:09:17,862 [eb79673d-e71c-46b0-ba54-28d995f39114@group-C660B89B8E85-LeaderElection83] INFO  impl.RaftServerImpl (RaftServerImpl.java:setRole(170)) - eb79673d-e71c-46b0-ba54-28d995f39114@group-C660B89B8E85: changes role from CANDIDATE to LEADER at term 1 for changeToLeader
2019-10-10 19:09:17,862 [eb79673d-e71c-46b0-ba54-28d995f39114@group-C660B89B8E85-LeaderElection83] INFO  impl.RaftServerImpl (ServerState.java:setLeader(255)) - eb79673d-e71c-46b0-ba54-28d995f39114@group-C660B89B8E85: change Leader from null to eb79673d-e71c-46b0-ba54-28d995f39114 at term 1 for becomeLeader, leader elected after 5113ms
2019-10-10 19:09:17,862 [eb79673d-e71c-46b0-ba54-28d995f39114@group-C660B89B8E85-LeaderElection83] INFO  server.RaftServerConfigKeys (ConfUtils.java:logGet(43)) - raft.server.staging.catchup.gap = 1000 (default)
2019-10-10 19:09:17,862 [eb79673d-e71c-46b0-ba54-28d995f39114@group-C660B89B8E85-LeaderElection83] INFO  server.RaftServerConfigKeys (ConfUtils.java:logGet(43)) - raft.server.rpc.sleep.time = 25ms (default)
2019-10-10 19:09:17,863 [eb79673d-e71c-46b0-ba54-28d995f39114@group-C660B89B8E85-LeaderElection83] INFO  server.RaftServerConfigKeys (ConfUtils.java:logGet(43)) - raft.server.write.element-limit = 4096 (default)
2019-10-10 19:09:17,863 [eb79673d-e71c-46b0-ba54-28d995f39114@group-C660B89B8E85-LeaderElection83] INFO  server.RaftServerConfigKeys (ConfUtils.java:logGet(43)) - raft.server.watch.timeout = 10s (default)
2019-10-10 19:09:17,863 [eb79673d-e71c-46b0-ba54-28d995f39114@group-C660B89B8E85-LeaderElection83] INFO  server.RaftServerConfigKeys (ConfUtils.java:logGet(43)) - raft.server.watch.timeout.denomination = 1s (default)
2019-10-10 19:09:17,863 [eb79673d-e71c-46b0-ba54-28d995f39114@group-C660B89B8E85-LeaderElection83] INFO  server.RaftServerConfigKeys (ConfUtils.java:logGet(43)) - raft.server.watch.element-limit = 65536 (default)
2019-10-10 19:09:17,865 [eb79673d-e71c-46b0-ba54-28d995f39114@group-C660B89B8E85-LeaderElection83] INFO  impl.RoleInfo (RoleInfo.java:updateAndGet(143)) - eb79673d-e71c-46b0-ba54-28d995f39114: start LeaderState
2019-10-10 19:09:17,865 [eb79673d-e71c-46b0-ba54-28d995f39114@group-C660B89B8E85-LeaderElection83] INFO  segmented.SegmentedRaftLogWorker (SegmentedRaftLogWorker.java:startLogSegment(385)) - eb79673d-e71c-46b0-ba54-28d995f39114@group-C660B89B8E85-SegmentedRaftLogWorker: Starting segment from index:0
2019-10-10 19:09:17,866 [eb79673d-e71c-46b0-ba54-28d995f39114@group-C660B89B8E85-LeaderElection83] INFO  impl.RaftServerImpl (ServerState.java:setRaftConf(356)) - eb79673d-e71c-46b0-ba54-28d995f39114@group-C660B89B8E85: set configuration 0: [eb79673d-e71c-46b0-ba54-28d995f39114:192.168.5.175:36889], old=null at 0
2019-10-10 19:09:17,907 [Thread-3142] INFO  impl.FollowerState (FollowerState.java:run(108)) - eb79673d-e71c-46b0-ba54-28d995f39114@group-13FE80F271D6-FollowerState: change to CANDIDATE, lastRpcTime:5119ms, electionTimeout:5119ms
2019-10-10 19:09:17,908 [Thread-3142] INFO  impl.RoleInfo (RoleInfo.java:shutdownFollowerState(121)) - eb79673d-e71c-46b0-ba54-28d995f39114: shutdown FollowerState
2019-10-10 19:09:17,908 [Thread-3142] INFO  impl.RaftServerImpl (RaftServerImpl.java:setRole(170)) - eb79673d-e71c-46b0-ba54-28d995f39114@group-13FE80F271D6: changes role from  FOLLOWER to CANDIDATE at term 0 for changeToCandidate
2019-10-10 19:09:17,908 [Thread-3142] INFO  impl.RoleInfo (RoleInfo.java:updateAndGet(143)) - eb79673d-e71c-46b0-ba54-28d995f39114: start LeaderElection
2019-10-10 19:09:17,923 [Thread-3148] INFO  impl.FollowerState (FollowerState.java:run(108)) - 82412393-0d0f-42e5-b60a-35225ce55bb0@group-13FE80F271D6-FollowerState: change to CANDIDATE, lastRpcTime:5125ms, electionTimeout:5111ms
2019-10-10 19:09:17,923 [Thread-3148] INFO  impl.RoleInfo (RoleInfo.java:shutdownFollowerState(121)) - 82412393-0d0f-42e5-b60a-35225ce55bb0: shutdown FollowerState
2019-10-10 19:09:17,924 [Thread-3148] INFO  impl.RaftServerImpl (RaftServerImpl.java:setRole(170)) - 82412393-0d0f-42e5-b60a-35225ce55bb0@group-13FE80F271D6: changes role from  FOLLOWER to CANDIDATE at term 0 for changeToCandidate
2019-10-10 19:09:17,924 [Thread-3148] INFO  impl.RoleInfo (RoleInfo.java:updateAndGet(143)) - 82412393-0d0f-42e5-b60a-35225ce55bb0: start LeaderElection
2019-10-10 19:09:17,924 [eb79673d-e71c-46b0-ba54-28d995f39114@group-C660B89B8E85-SegmentedRaftLogWorker] INFO  segmented.SegmentedRaftLogWorker (SegmentedRaftLogWorker.java:execute(574)) - eb79673d-e71c-46b0-ba54-28d995f39114@group-C660B89B8E85-SegmentedRaftLogWorker: created new log segment /workdir/hadoop-ozone/integration-test/target/test-dir/MiniOzoneClusterImpl-1a4c3d35-b2f5-4839-a9b3-d09690a86701/datanode-4/data/ratis/16e1be6e-aff6-421c-a799-c660b89b8e85/current/log_inprogress_0
2019-10-10 19:09:17,927 [eb79673d-e71c-46b0-ba54-28d995f39114@group-13FE80F271D6-LeaderElection84] INFO  impl.LeaderElection (LeaderElection.java:askForVotes(178)) - eb79673d-e71c-46b0-ba54-28d995f39114@group-13FE80F271D6-LeaderElection84: begin an election at term 1 for -1: [4f42c1de-08dc-47d1-8f12-e71e73c4c998:192.168.5.175:42446, 82412393-0d0f-42e5-b60a-35225ce55bb0:192.168.5.175:38227, eb79673d-e71c-46b0-ba54-28d995f39114:192.168.5.175:36889], old=null
2019-10-10 19:09:17,938 [grpc-default-executor-10] INFO  impl.RaftServerImpl (RaftServerImpl.java:setRole(170)) - 4f42c1de-08dc-47d1-8f12-e71e73c4c998@group-13FE80F271D6: changes role from  FOLLOWER to FOLLOWER at term 1 for recognizeCandidate:eb79673d-e71c-46b0-ba54-28d995f39114
2019-10-10 19:09:17,938 [grpc-default-executor-10] INFO  impl.RoleInfo (RoleInfo.java:shutdownFollowerState(121)) - 4f42c1de-08dc-47d1-8f12-e71e73c4c998: shutdown FollowerState
2019-10-10 19:09:17,938 [grpc-default-executor-10] INFO  impl.RoleInfo (RoleInfo.java:updateAndGet(143)) - 4f42c1de-08dc-47d1-8f12-e71e73c4c998: start FollowerState
2019-10-10 19:09:17,938 [Thread-3145] INFO  impl.FollowerState (FollowerState.java:run(117)) - 4f42c1de-08dc-47d1-8f12-e71e73c4c998@group-13FE80F271D6-FollowerState was interrupted: java.lang.InterruptedException: sleep interrupted
2019-10-10 19:09:17,944 [82412393-0d0f-42e5-b60a-35225ce55bb0@group-13FE80F271D6-LeaderElection85] INFO  impl.LeaderElection (LeaderElection.java:askForVotes(178)) - 82412393-0d0f-42e5-b60a-35225ce55bb0@group-13FE80F271D6-LeaderElection85: begin an election at term 1 for -1: [4f42c1de-08dc-47d1-8f12-e71e73c4c998:192.168.5.175:42446, 82412393-0d0f-42e5-b60a-35225ce55bb0:192.168.5.175:38227, eb79673d-e71c-46b0-ba54-28d995f39114:192.168.5.175:36889], old=null
2019-10-10 19:09:17,957 [eb79673d-e71c-46b0-ba54-28d995f39114@group-13FE80F271D6-LeaderElection84] INFO  impl.LeaderElection (LeaderElection.java:logAndReturn(56)) - eb79673d-e71c-46b0-ba54-28d995f39114@group-13FE80F271D6-LeaderElection84: Election PASSED; received 2 response(s) [eb79673d-e71c-46b0-ba54-28d995f39114<-4f42c1de-08dc-47d1-8f12-e71e73c4c998#0:OK-t1, eb79673d-e71c-46b0-ba54-28d995f39114<-82412393-0d0f-42e5-b60a-35225ce55bb0#0:FAIL-t1] and 0 exception(s); eb79673d-e71c-46b0-ba54-28d995f39114@group-13FE80F271D6:t1, leader=null, voted=eb79673d-e71c-46b0-ba54-28d995f39114, raftlog=eb79673d-e71c-46b0-ba54-28d995f39114@group-13FE80F271D6-SegmentedRaftLog:OPENED:c-1,f-1,i0, conf=-1: [4f42c1de-08dc-47d1-8f12-e71e73c4c998:192.168.5.175:42446, 82412393-0d0f-42e5-b60a-35225ce55bb0:192.168.5.175:38227, eb79673d-e71c-46b0-ba54-28d995f39114:192.168.5.175:36889], old=null
2019-10-10 19:09:17,957 [eb79673d-e71c-46b0-ba54-28d995f39114@group-13FE80F271D6-LeaderElection84] INFO  impl.RoleInfo (RoleInfo.java:shutdownLeaderElection(134)) - eb79673d-e71c-46b0-ba54-28d995f39114: shutdown LeaderElection
2019-10-10 19:09:17,957 [eb79673d-e71c-46b0-ba54-28d995f39114@group-13FE80F271D6-LeaderElection84] INFO  impl.RaftServerImpl (RaftServerImpl.java:setRole(170)) - eb79673d-e71c-46b0-ba54-28d995f39114@group-13FE80F271D6: changes role from CANDIDATE to LEADER at term 1 for changeToLeader
2019-10-10 19:09:17,960 [eb79673d-e71c-46b0-ba54-28d995f39114@group-13FE80F271D6-LeaderElection84] INFO  impl.RaftServerImpl (ServerState.java:setLeader(255)) - eb79673d-e71c-46b0-ba54-28d995f39114@group-13FE80F271D6: change Leader from null to eb79673d-e71c-46b0-ba54-28d995f39114 at term 1 for becomeLeader, leader elected after 5178ms
2019-10-10 19:09:17,963 [eb79673d-e71c-46b0-ba54-28d995f39114@group-13FE80F271D6-LeaderElection84] INFO  server.RaftServerConfigKeys (ConfUtils.java:logGet(43)) - raft.server.staging.catchup.gap = 1000 (default)
2019-10-10 19:09:17,963 [eb79673d-e71c-46b0-ba54-28d995f39114@group-13FE80F271D6-LeaderElection84] INFO  server.RaftServerConfigKeys (ConfUtils.java:logGet(43)) - raft.server.rpc.sleep.time = 25ms (default)
2019-10-10 19:09:17,963 [eb79673d-e71c-46b0-ba54-28d995f39114@group-13FE80F271D6-LeaderElection84] INFO  server.RaftServerConfigKeys (ConfUtils.java:logGet(43)) - raft.server.write.element-limit = 4096 (default)
2019-10-10 19:09:17,963 [eb79673d-e71c-46b0-ba54-28d995f39114@group-13FE80F271D6-LeaderElection84] INFO  server.RaftServerConfigKeys (ConfUtils.java:logGet(43)) - raft.server.watch.timeout = 10s (default)
2019-10-10 19:09:17,963 [eb79673d-e71c-46b0-ba54-28d995f39114@group-13FE80F271D6-LeaderElection84] INFO  server.RaftServerConfigKeys (ConfUtils.java:logGet(43)) - raft.server.watch.timeout.denomination = 1s (default)
2019-10-10 19:09:17,964 [eb79673d-e71c-46b0-ba54-28d995f39114@group-13FE80F271D6-LeaderElection84] INFO  server.RaftServerConfigKeys (ConfUtils.java:logGet(43)) - raft.server.watch.element-limit = 65536 (default)
2019-10-10 19:09:17,966 [eb79673d-e71c-46b0-ba54-28d995f39114@group-13FE80F271D6-LeaderElection84] INFO  server.RaftServerConfigKeys (ConfUtils.java:logGet(43)) - raft.server.log.appender.snapshot.chunk.size.max = 16MB (=16777216) (default)
2019-10-10 19:09:17,966 [eb79673d-e71c-46b0-ba54-28d995f39114@group-13FE80F271D6-LeaderElection84] INFO  server.RaftServerConfigKeys (ConfUtils.java:logGet(43)) - raft.server.log.appender.buffer.byte-limit = 33554432 (custom)
2019-10-10 19:09:17,966 [eb79673d-e71c-46b0-ba54-28d995f39114@group-13FE80F271D6-LeaderElection84] INFO  server.RaftServerConfigKeys (ConfUtils.java:logGet(43)) - raft.server.log.appender.buffer.element-limit = 1 (custom)
2019-10-10 19:09:17,966 [eb79673d-e71c-46b0-ba54-28d995f39114@group-13FE80F271D6-LeaderElection84] INFO  grpc.GrpcConfigKeys$Server (ConfUtils.java:logGet(43)) - raft.grpc.server.leader.outstanding.appends.max = 128 (default)
2019-10-10 19:09:17,967 [eb79673d-e71c-46b0-ba54-28d995f39114@group-13FE80F271D6-LeaderElection84] INFO  server.RaftServerConfigKeys (ConfUtils.java:logGet(43)) - raft.server.rpc.request.timeout = 3000ms (default)
2019-10-10 19:09:17,967 [eb79673d-e71c-46b0-ba54-28d995f39114@group-13FE80F271D6-LeaderElection84] INFO  server.RaftServerConfigKeys (ConfUtils.java:logGet(43)) - raft.server.log.appender.install.snapshot.enabled = false (custom)
2019-10-10 19:09:17,967 [eb79673d-e71c-46b0-ba54-28d995f39114@group-13FE80F271D6-LeaderElection84] INFO  server.RaftServerConfigKeys (ConfUtils.java:logGet(43)) - raft.server.log.appender.snapshot.chunk.size.max = 16MB (=16777216) (default)
2019-10-10 19:09:17,967 [eb79673d-e71c-46b0-ba54-28d995f39114@group-13FE80F271D6-LeaderElection84] INFO  server.RaftServerConfigKeys (ConfUtils.java:logGet(43)) - raft.server.log.appender.buffer.byte-limit = 33554432 (custom)
2019-10-10 19:09:17,967 [eb79673d-e71c-46b0-ba54-28d995f39114@group-13FE80F271D6-LeaderElection84] INFO  server.RaftServerConfigKeys (ConfUtils.java:logGet(43)) - raft.server.log.appender.buffer.element-limit = 1 (custom)
2019-10-10 19:09:17,968 [eb79673d-e71c-46b0-ba54-28d995f39114@group-13FE80F271D6-LeaderElection84] INFO  grpc.GrpcConfigKeys$Server (ConfUtils.java:logGet(43)) - raft.grpc.server.leader.outstanding.appends.max = 128 (default)
2019-10-10 19:09:17,968 [eb79673d-e71c-46b0-ba54-28d995f39114@group-13FE80F271D6-LeaderElection84] INFO  server.RaftServerConfigKeys (ConfUtils.java:logGet(43)) - raft.server.rpc.request.timeout = 3000ms (default)
2019-10-10 19:09:17,968 [eb79673d-e71c-46b0-ba54-28d995f39114@group-13FE80F271D6-LeaderElection84] INFO  server.RaftServerConfigKeys (ConfUtils.java:logGet(43)) - raft.server.log.appender.install.snapshot.enabled = false (custom)
2019-10-10 19:09:17,968 [eb79673d-e71c-46b0-ba54-28d995f39114@group-13FE80F271D6-LeaderElection84] INFO  impl.RoleInfo (RoleInfo.java:updateAndGet(143)) - eb79673d-e71c-46b0-ba54-28d995f39114: start LeaderState
2019-10-10 19:09:17,968 [eb79673d-e71c-46b0-ba54-28d995f39114@group-13FE80F271D6-LeaderElection84] INFO  segmented.SegmentedRaftLogWorker (SegmentedRaftLogWorker.java:startLogSegment(385)) - eb79673d-e71c-46b0-ba54-28d995f39114@group-13FE80F271D6-SegmentedRaftLogWorker: Starting segment from index:0
2019-10-10 19:09:17,969 [eb79673d-e71c-46b0-ba54-28d995f39114@group-13FE80F271D6-LeaderElection84] INFO  impl.RaftServerImpl (ServerState.java:setRaftConf(356)) - eb79673d-e71c-46b0-ba54-28d995f39114@group-13FE80F271D6: set configuration 0: [4f42c1de-08dc-47d1-8f12-e71e73c4c998:192.168.5.175:42446, 82412393-0d0f-42e5-b60a-35225ce55bb0:192.168.5.175:38227, eb79673d-e71c-46b0-ba54-28d995f39114:192.168.5.175:36889], old=null at 0
2019-10-10 19:09:17,999 [grpc-default-executor-5] INFO  impl.RaftServerImpl (RaftServerImpl.java:requestVote(754)) - eb79673d-e71c-46b0-ba54-28d995f39114@group-13FE80F271D6-   LEADER: Withhold vote from candidate 82412393-0d0f-42e5-b60a-35225ce55bb0 with term 1. State: leader=eb79673d-e71c-46b0-ba54-28d995f39114, term=1, lastRpcElapsed=null
2019-10-10 19:09:17,999 [Thread-3155] INFO  impl.FollowerState (FollowerState.java:run(108)) - 7050c371-8b6f-464e-a857-eb7b31a47658@group-D3E77EB3CDFA-FollowerState: change to CANDIDATE, lastRpcTime:5123ms, electionTimeout:5123ms
2019-10-10 19:09:18,001 [Thread-3154] INFO  impl.FollowerState (FollowerState.java:run(108)) - 9c8b8b19-eb4d-4234-9c4a-07b0a2e8cc23@group-D3E77EB3CDFA-FollowerState: change to CANDIDATE, lastRpcTime:5129ms, electionTimeout:5111ms
2019-10-10 19:09:18,004 [Thread-3154] INFO  impl.RoleInfo (RoleInfo.java:shutdownFollowerState(121)) - 9c8b8b19-eb4d-4234-9c4a-07b0a2e8cc23: shutdown FollowerState
2019-10-10 19:09:18,004 [Thread-3155] INFO  impl.RoleInfo (RoleInfo.java:shutdownFollowerState(121)) - 7050c371-8b6f-464e-a857-eb7b31a47658: shutdown FollowerState
2019-10-10 19:09:18,004 [Thread-3154] INFO  impl.RaftServerImpl (RaftServerImpl.java:setRole(170)) - 9c8b8b19-eb4d-4234-9c4a-07b0a2e8cc23@group-D3E77EB3CDFA: changes role from  FOLLOWER to CANDIDATE at term 0 for changeToCandidate
2019-10-10 19:09:18,004 [Thread-3155] INFO  impl.RaftServerImpl (RaftServerImpl.java:setRole(170)) - 7050c371-8b6f-464e-a857-eb7b31a47658@group-D3E77EB3CDFA: changes role from  FOLLOWER to CANDIDATE at term 0 for changeToCandidate
2019-10-10 19:09:18,004 [82412393-0d0f-42e5-b60a-35225ce55bb0@group-13FE80F271D6-LeaderElection85] INFO  impl.LeaderElection (LeaderElection.java:logAndReturn(56)) - 82412393-0d0f-42e5-b60a-35225ce55bb0@group-13FE80F271D6-LeaderElection85: Election REJECTED; received 2 response(s) [82412393-0d0f-42e5-b60a-35225ce55bb0<-4f42c1de-08dc-47d1-8f12-e71e73c4c998#0:FAIL-t1, 82412393-0d0f-42e5-b60a-35225ce55bb0<-eb79673d-e71c-46b0-ba54-28d995f39114#0:FAIL-t1] and 0 exception(s); 82412393-0d0f-42e5-b60a-35225ce55bb0@group-13FE80F271D6:t1, leader=null, voted=82412393-0d0f-42e5-b60a-35225ce55bb0, raftlog=82412393-0d0f-42e5-b60a-35225ce55bb0@group-13FE80F271D6-SegmentedRaftLog:OPENED:c-1,f-1,i0, conf=-1: [4f42c1de-08dc-47d1-8f12-e71e73c4c998:192.168.5.175:42446, 82412393-0d0f-42e5-b60a-35225ce55bb0:192.168.5.175:38227, eb79673d-e71c-46b0-ba54-28d995f39114:192.168.5.175:36889], old=null
2019-10-10 19:09:18,005 [82412393-0d0f-42e5-b60a-35225ce55bb0@group-13FE80F271D6-LeaderElection85] INFO  impl.RaftServerImpl (RaftServerImpl.java:setRole(170)) - 82412393-0d0f-42e5-b60a-35225ce55bb0@group-13FE80F271D6: changes role from CANDIDATE to FOLLOWER at term 1 for DISCOVERED_A_NEW_TERM
2019-10-10 19:09:18,005 [82412393-0d0f-42e5-b60a-35225ce55bb0@group-13FE80F271D6-LeaderElection85] INFO  impl.RoleInfo (RoleInfo.java:shutdownLeaderElection(134)) - 82412393-0d0f-42e5-b60a-35225ce55bb0: shutdown LeaderElection
2019-10-10 19:09:18,005 [Thread-3154] INFO  impl.RoleInfo (RoleInfo.java:updateAndGet(143)) - 9c8b8b19-eb4d-4234-9c4a-07b0a2e8cc23: start LeaderElection
2019-10-10 19:09:18,005 [Thread-3155] INFO  impl.RoleInfo (RoleInfo.java:updateAndGet(143)) - 7050c371-8b6f-464e-a857-eb7b31a47658: start LeaderElection
2019-10-10 19:09:18,008 [82412393-0d0f-42e5-b60a-35225ce55bb0@group-13FE80F271D6-LeaderElection85] INFO  impl.RoleInfo (RoleInfo.java:updateAndGet(143)) - 82412393-0d0f-42e5-b60a-35225ce55bb0: start FollowerState
2019-10-10 19:09:18,009 [grpc-default-executor-12] INFO  impl.RaftServerImpl (ServerState.java:setLeader(255)) - 82412393-0d0f-42e5-b60a-35225ce55bb0@group-13FE80F271D6: change Leader from null to eb79673d-e71c-46b0-ba54-28d995f39114 at term 1 for appendEntries, leader elected after 5222ms
2019-10-10 19:09:18,016 [grpc-default-executor-10] INFO  impl.RaftServerImpl (ServerState.java:setLeader(255)) - 4f42c1de-08dc-47d1-8f12-e71e73c4c998@group-13FE80F271D6: change Leader from null to eb79673d-e71c-46b0-ba54-28d995f39114 at term 1 for appendEntries, leader elected after 5231ms
2019-10-10 19:09:18,019 [Thread-3152] INFO  impl.FollowerState (FollowerState.java:run(108)) - 3f4b2446-6fc6-4450-8672-6922a5bd7ca8@group-D3E77EB3CDFA-FollowerState: change to CANDIDATE, lastRpcTime:5147ms, electionTimeout:5146ms
2019-10-10 19:09:18,019 [Thread-3152] INFO  impl.RoleInfo (RoleInfo.java:shutdownFollowerState(121)) - 3f4b2446-6fc6-4450-8672-6922a5bd7ca8: shutdown FollowerState
2019-10-10 19:09:18,019 [Thread-3152] INFO  impl.RaftServerImpl (RaftServerImpl.java:setRole(170)) - 3f4b2446-6fc6-4450-8672-6922a5bd7ca8@group-D3E77EB3CDFA: changes role from  FOLLOWER to CANDIDATE at term 0 for changeToCandidate
2019-10-10 19:09:18,020 [Thread-3152] INFO  impl.RoleInfo (RoleInfo.java:updateAndGet(143)) - 3f4b2446-6fc6-4450-8672-6922a5bd7ca8: start LeaderElection
2019-10-10 19:09:18,032 [eb79673d-e71c-46b0-ba54-28d995f39114@group-13FE80F271D6-SegmentedRaftLogWorker] INFO  segmented.SegmentedRaftLogWorker (SegmentedRaftLogWorker.java:execute(574)) - eb79673d-e71c-46b0-ba54-28d995f39114@group-13FE80F271D6-SegmentedRaftLogWorker: created new log segment /workdir/hadoop-ozone/integration-test/target/test-dir/MiniOzoneClusterImpl-1a4c3d35-b2f5-4839-a9b3-d09690a86701/datanode-4/data/ratis/84a809c1-8ac7-41a4-ab74-13fe80f271d6/current/log_inprogress_0
2019-10-10 19:09:18,032 [9c8b8b19-eb4d-4234-9c4a-07b0a2e8cc23@group-D3E77EB3CDFA-LeaderElection86] INFO  impl.LeaderElection (LeaderElection.java:askForVotes(178)) - 9c8b8b19-eb4d-4234-9c4a-07b0a2e8cc23@group-D3E77EB3CDFA-LeaderElection86: begin an election at term 1 for -1: [9c8b8b19-eb4d-4234-9c4a-07b0a2e8cc23:192.168.5.175:42846, 3f4b2446-6fc6-4450-8672-6922a5bd7ca8:192.168.5.175:33568, 7050c371-8b6f-464e-a857-eb7b31a47658:192.168.5.175:44511], old=null
2019-10-10 19:09:18,033 [7050c371-8b6f-464e-a857-eb7b31a47658@group-D3E77EB3CDFA-LeaderElection87] INFO  impl.LeaderElection (LeaderElection.java:askForVotes(178)) - 7050c371-8b6f-464e-a857-eb7b31a47658@group-D3E77EB3CDFA-LeaderElection87: begin an election at term 1 for -1: [9c8b8b19-eb4d-4234-9c4a-07b0a2e8cc23:192.168.5.175:42846, 3f4b2446-6fc6-4450-8672-6922a5bd7ca8:192.168.5.175:33568, 7050c371-8b6f-464e-a857-eb7b31a47658:192.168.5.175:44511], old=null
2019-10-10 19:09:18,043 [grpc-default-executor-7] INFO  impl.RaftServerImpl (ServerState.java:setRaftConf(356)) - 4f42c1de-08dc-47d1-8f12-e71e73c4c998@group-13FE80F271D6: set configuration 0: [4f42c1de-08dc-47d1-8f12-e71e73c4c998:192.168.5.175:42446, 82412393-0d0f-42e5-b60a-35225ce55bb0:192.168.5.175:38227, eb79673d-e71c-46b0-ba54-28d995f39114:192.168.5.175:36889], old=null at 0
2019-10-10 19:09:18,043 [grpc-default-executor-9] INFO  impl.RaftServerImpl (ServerState.java:setRaftConf(356)) - 82412393-0d0f-42e5-b60a-35225ce55bb0@group-13FE80F271D6: set configuration 0: [4f42c1de-08dc-47d1-8f12-e71e73c4c998:192.168.5.175:42446, 82412393-0d0f-42e5-b60a-35225ce55bb0:192.168.5.175:38227, eb79673d-e71c-46b0-ba54-28d995f39114:192.168.5.175:36889], old=null at 0
2019-10-10 19:09:18,043 [grpc-default-executor-7] INFO  segmented.SegmentedRaftLogWorker (SegmentedRaftLogWorker.java:startLogSegment(385)) - 4f42c1de-08dc-47d1-8f12-e71e73c4c998@group-13FE80F271D6-SegmentedRaftLogWorker: Starting segment from index:0
2019-10-10 19:09:18,043 [grpc-default-executor-9] INFO  segmented.SegmentedRaftLogWorker (SegmentedRaftLogWorker.java:startLogSegment(385)) - 82412393-0d0f-42e5-b60a-35225ce55bb0@group-13FE80F271D6-SegmentedRaftLogWorker: Starting segment from index:0
2019-10-10 19:09:18,049 [3f4b2446-6fc6-4450-8672-6922a5bd7ca8@group-D3E77EB3CDFA-LeaderElection88] INFO  impl.LeaderElection (LeaderElection.java:askForVotes(178)) - 3f4b2446-6fc6-4450-8672-6922a5bd7ca8@group-D3E77EB3CDFA-LeaderElection88: begin an election at term 1 for -1: [9c8b8b19-eb4d-4234-9c4a-07b0a2e8cc23:192.168.5.175:42846, 3f4b2446-6fc6-4450-8672-6922a5bd7ca8:192.168.5.175:33568, 7050c371-8b6f-464e-a857-eb7b31a47658:192.168.5.175:44511], old=null
2019-10-10 19:09:18,102 [9c8b8b19-eb4d-4234-9c4a-07b0a2e8cc23@group-D3E77EB3CDFA-LeaderElection86] INFO  impl.LeaderElection (LeaderElection.java:logAndReturn(56)) - 9c8b8b19-eb4d-4234-9c4a-07b0a2e8cc23@group-D3E77EB3CDFA-LeaderElection86: Election REJECTED; received 2 response(s) [9c8b8b19-eb4d-4234-9c4a-07b0a2e8cc23<-3f4b2446-6fc6-4450-8672-6922a5bd7ca8#0:FAIL-t1, 9c8b8b19-eb4d-4234-9c4a-07b0a2e8cc23<-7050c371-8b6f-464e-a857-eb7b31a47658#0:FAIL-t1] and 0 exception(s); 9c8b8b19-eb4d-4234-9c4a-07b0a2e8cc23@group-D3E77EB3CDFA:t1, leader=null, voted=9c8b8b19-eb4d-4234-9c4a-07b0a2e8cc23, raftlog=9c8b8b19-eb4d-4234-9c4a-07b0a2e8cc23@group-D3E77EB3CDFA-SegmentedRaftLog:OPENED:c-1,f-1,i0, conf=-1: [9c8b8b19-eb4d-4234-9c4a-07b0a2e8cc23:192.168.5.175:42846, 3f4b2446-6fc6-4450-8672-6922a5bd7ca8:192.168.5.175:33568, 7050c371-8b6f-464e-a857-eb7b31a47658:192.168.5.175:44511], old=null
2019-10-10 19:09:18,102 [9c8b8b19-eb4d-4234-9c4a-07b0a2e8cc23@group-D3E77EB3CDFA-LeaderElection86] INFO  impl.RaftServerImpl (RaftServerImpl.java:setRole(170)) - 9c8b8b19-eb4d-4234-9c4a-07b0a2e8cc23@group-D3E77EB3CDFA: changes role from CANDIDATE to FOLLOWER at term 1 for DISCOVERED_A_NEW_TERM
2019-10-10 19:09:18,102 [7050c371-8b6f-464e-a857-eb7b31a47658@group-D3E77EB3CDFA-LeaderElection87] INFO  impl.LeaderElection (LeaderElection.java:logAndReturn(56)) - 7050c371-8b6f-464e-a857-eb7b31a47658@group-D3E77EB3CDFA-LeaderElection87: Election REJECTED; received 2 response(s) [7050c371-8b6f-464e-a857-eb7b31a47658<-9c8b8b19-eb4d-4234-9c4a-07b0a2e8cc23#0:FAIL-t1, 7050c371-8b6f-464e-a857-eb7b31a47658<-3f4b2446-6fc6-4450-8672-6922a5bd7ca8#0:FAIL-t1] and 0 exception(s); 7050c371-8b6f-464e-a857-eb7b31a47658@group-D3E77EB3CDFA:t1, leader=null, voted=7050c371-8b6f-464e-a857-eb7b31a47658, raftlog=7050c371-8b6f-464e-a857-eb7b31a47658@group-D3E77EB3CDFA-SegmentedRaftLog:OPENED:c-1,f-1,i0, conf=-1: [9c8b8b19-eb4d-4234-9c4a-07b0a2e8cc23:192.168.5.175:42846, 3f4b2446-6fc6-4450-8672-6922a5bd7ca8:192.168.5.175:33568, 7050c371-8b6f-464e-a857-eb7b31a47658:192.168.5.175:44511], old=null
2019-10-10 19:09:18,102 [9c8b8b19-eb4d-4234-9c4a-07b0a2e8cc23@group-D3E77EB3CDFA-LeaderElection86] INFO  impl.RoleInfo (RoleInfo.java:shutdownLeaderElection(134)) - 9c8b8b19-eb4d-4234-9c4a-07b0a2e8cc23: shutdown LeaderElection
2019-10-10 19:09:18,106 [7050c371-8b6f-464e-a857-eb7b31a47658@group-D3E77EB3CDFA-LeaderElection87] INFO  impl.RaftServerImpl (RaftServerImpl.java:setRole(170)) - 7050c371-8b6f-464e-a857-eb7b31a47658@group-D3E77EB3CDFA: changes role from CANDIDATE to FOLLOWER at term 1 for DISCOVERED_A_NEW_TERM
2019-10-10 19:09:18,106 [4f42c1de-08dc-47d1-8f12-e71e73c4c998@group-13FE80F271D6-SegmentedRaftLogWorker] INFO  segmented.SegmentedRaftLogWorker (SegmentedRaftLogWorker.java:execute(574)) - 4f42c1de-08dc-47d1-8f12-e71e73c4c998@group-13FE80F271D6-SegmentedRaftLogWorker: created new log segment /workdir/hadoop-ozone/integration-test/target/test-dir/MiniOzoneClusterImpl-1a4c3d35-b2f5-4839-a9b3-d09690a86701/datanode-0/data/ratis/84a809c1-8ac7-41a4-ab74-13fe80f271d6/current/log_inprogress_0
2019-10-10 19:09:18,106 [82412393-0d0f-42e5-b60a-35225ce55bb0@group-13FE80F271D6-SegmentedRaftLogWorker] INFO  segmented.SegmentedRaftLogWorker (SegmentedRaftLogWorker.java:execute(574)) - 82412393-0d0f-42e5-b60a-35225ce55bb0@group-13FE80F271D6-SegmentedRaftLogWorker: created new log segment /workdir/hadoop-ozone/integration-test/target/test-dir/MiniOzoneClusterImpl-1a4c3d35-b2f5-4839-a9b3-d09690a86701/datanode-1/data/ratis/84a809c1-8ac7-41a4-ab74-13fe80f271d6/current/log_inprogress_0
2019-10-10 19:09:18,109 [7050c371-8b6f-464e-a857-eb7b31a47658@group-D3E77EB3CDFA-LeaderElection87] INFO  impl.RoleInfo (RoleInfo.java:shutdownLeaderElection(134)) - 7050c371-8b6f-464e-a857-eb7b31a47658: shutdown LeaderElection
2019-10-10 19:09:18,106 [9c8b8b19-eb4d-4234-9c4a-07b0a2e8cc23@group-D3E77EB3CDFA-LeaderElection86] INFO  impl.RoleInfo (RoleInfo.java:updateAndGet(143)) - 9c8b8b19-eb4d-4234-9c4a-07b0a2e8cc23: start FollowerState
2019-10-10 19:09:18,110 [7050c371-8b6f-464e-a857-eb7b31a47658@group-D3E77EB3CDFA-LeaderElection87] INFO  impl.RoleInfo (RoleInfo.java:updateAndGet(143)) - 7050c371-8b6f-464e-a857-eb7b31a47658: start FollowerState
2019-10-10 19:09:18,118 [3f4b2446-6fc6-4450-8672-6922a5bd7ca8@group-D3E77EB3CDFA-LeaderElection88] INFO  impl.LeaderElection (LeaderElection.java:logAndReturn(56)) - 3f4b2446-6fc6-4450-8672-6922a5bd7ca8@group-D3E77EB3CDFA-LeaderElection88: Election REJECTED; received 2 response(s) [3f4b2446-6fc6-4450-8672-6922a5bd7ca8<-9c8b8b19-eb4d-4234-9c4a-07b0a2e8cc23#0:FAIL-t1, 3f4b2446-6fc6-4450-8672-6922a5bd7ca8<-7050c371-8b6f-464e-a857-eb7b31a47658#0:FAIL-t1] and 0 exception(s); 3f4b2446-6fc6-4450-8672-6922a5bd7ca8@group-D3E77EB3CDFA:t1, leader=null, voted=3f4b2446-6fc6-4450-8672-6922a5bd7ca8, raftlog=3f4b2446-6fc6-4450-8672-6922a5bd7ca8@group-D3E77EB3CDFA-SegmentedRaftLog:OPENED:c-1,f-1,i0, conf=-1: [9c8b8b19-eb4d-4234-9c4a-07b0a2e8cc23:192.168.5.175:42846, 3f4b2446-6fc6-4450-8672-6922a5bd7ca8:192.168.5.175:33568, 7050c371-8b6f-464e-a857-eb7b31a47658:192.168.5.175:44511], old=null
2019-10-10 19:09:18,118 [3f4b2446-6fc6-4450-8672-6922a5bd7ca8@group-D3E77EB3CDFA-LeaderElection88] INFO  impl.RaftServerImpl (RaftServerImpl.java:setRole(170)) - 3f4b2446-6fc6-4450-8672-6922a5bd7ca8@group-D3E77EB3CDFA: changes role from CANDIDATE to FOLLOWER at term 1 for DISCOVERED_A_NEW_TERM
2019-10-10 19:09:18,119 [3f4b2446-6fc6-4450-8672-6922a5bd7ca8@group-D3E77EB3CDFA-LeaderElection88] INFO  impl.RoleInfo (RoleInfo.java:shutdownLeaderElection(134)) - 3f4b2446-6fc6-4450-8672-6922a5bd7ca8: shutdown LeaderElection
2019-10-10 19:09:18,119 [3f4b2446-6fc6-4450-8672-6922a5bd7ca8@group-D3E77EB3CDFA-LeaderElection88] INFO  impl.RoleInfo (RoleInfo.java:updateAndGet(143)) - 3f4b2446-6fc6-4450-8672-6922a5bd7ca8: start FollowerState
2019-10-10 19:09:23,160 [Thread-3208] INFO  impl.FollowerState (FollowerState.java:run(108)) - 7050c371-8b6f-464e-a857-eb7b31a47658@group-D3E77EB3CDFA-FollowerState: change to CANDIDATE, lastRpcTime:5049ms, electionTimeout:5049ms
2019-10-10 19:09:23,163 [Thread-3208] INFO  impl.RoleInfo (RoleInfo.java:shutdownFollowerState(121)) - 7050c371-8b6f-464e-a857-eb7b31a47658: shutdown FollowerState
2019-10-10 19:09:23,164 [Thread-3208] INFO  impl.RaftServerImpl (RaftServerImpl.java:setRole(170)) - 7050c371-8b6f-464e-a857-eb7b31a47658@group-D3E77EB3CDFA: changes role from  FOLLOWER to CANDIDATE at term 1 for changeToCandidate
2019-10-10 19:09:23,164 [Thread-3208] INFO  impl.RoleInfo (RoleInfo.java:updateAndGet(143)) - 7050c371-8b6f-464e-a857-eb7b31a47658: start LeaderElection
2019-10-10 19:09:23,181 [7050c371-8b6f-464e-a857-eb7b31a47658@group-D3E77EB3CDFA-LeaderElection89] INFO  impl.LeaderElection (LeaderElection.java:askForVotes(178)) - 7050c371-8b6f-464e-a857-eb7b31a47658@group-D3E77EB3CDFA-LeaderElection89: begin an election at term 2 for -1: [9c8b8b19-eb4d-4234-9c4a-07b0a2e8cc23:192.168.5.175:42846, 3f4b2446-6fc6-4450-8672-6922a5bd7ca8:192.168.5.175:33568, 7050c371-8b6f-464e-a857-eb7b31a47658:192.168.5.175:44511], old=null
2019-10-10 19:09:23,183 [grpc-default-executor-9] INFO  impl.RaftServerImpl (RaftServerImpl.java:setRole(170)) - 9c8b8b19-eb4d-4234-9c4a-07b0a2e8cc23@group-D3E77EB3CDFA: changes role from  FOLLOWER to FOLLOWER at term 2 for recognizeCandidate:7050c371-8b6f-464e-a857-eb7b31a47658
2019-10-10 19:09:23,183 [grpc-default-executor-11] INFO  impl.RaftServerImpl (RaftServerImpl.java:setRole(170)) - 3f4b2446-6fc6-4450-8672-6922a5bd7ca8@group-D3E77EB3CDFA: changes role from  FOLLOWER to FOLLOWER at term 2 for recognizeCandidate:7050c371-8b6f-464e-a857-eb7b31a47658
2019-10-10 19:09:23,184 [grpc-default-executor-9] INFO  impl.RoleInfo (RoleInfo.java:shutdownFollowerState(121)) - 9c8b8b19-eb4d-4234-9c4a-07b0a2e8cc23: shutdown FollowerState
2019-10-10 19:09:23,184 [grpc-default-executor-11] INFO  impl.RoleInfo (RoleInfo.java:shutdownFollowerState(121)) - 3f4b2446-6fc6-4450-8672-6922a5bd7ca8: shutdown FollowerState
2019-10-10 19:09:23,184 [grpc-default-executor-9] INFO  impl.RoleInfo (RoleInfo.java:updateAndGet(143)) - 9c8b8b19-eb4d-4234-9c4a-07b0a2e8cc23: start FollowerState
2019-10-10 19:09:23,184 [Thread-3209] INFO  impl.FollowerState (FollowerState.java:run(117)) - 3f4b2446-6fc6-4450-8672-6922a5bd7ca8@group-D3E77EB3CDFA-FollowerState was interrupted: java.lang.InterruptedException: sleep interrupted
2019-10-10 19:09:23,184 [grpc-default-executor-11] INFO  impl.RoleInfo (RoleInfo.java:updateAndGet(143)) - 3f4b2446-6fc6-4450-8672-6922a5bd7ca8: start FollowerState
2019-10-10 19:09:23,184 [Thread-3207] INFO  impl.FollowerState (FollowerState.java:run(117)) - 9c8b8b19-eb4d-4234-9c4a-07b0a2e8cc23@group-D3E77EB3CDFA-FollowerState was interrupted: java.lang.InterruptedException: sleep interrupted
2019-10-10 19:09:23,216 [7050c371-8b6f-464e-a857-eb7b31a47658@group-D3E77EB3CDFA-LeaderElection89] INFO  impl.LeaderElection (LeaderElection.java:logAndReturn(56)) - 7050c371-8b6f-464e-a857-eb7b31a47658@group-D3E77EB3CDFA-LeaderElection89: Election PASSED; received 1 response(s) [7050c371-8b6f-464e-a857-eb7b31a47658<-9c8b8b19-eb4d-4234-9c4a-07b0a2e8cc23#0:OK-t2] and 0 exception(s); 7050c371-8b6f-464e-a857-eb7b31a47658@group-D3E77EB3CDFA:t2, leader=null, voted=7050c371-8b6f-464e-a857-eb7b31a47658, raftlog=7050c371-8b6f-464e-a857-eb7b31a47658@group-D3E77EB3CDFA-SegmentedRaftLog:OPENED:c-1,f-1,i0, conf=-1: [9c8b8b19-eb4d-4234-9c4a-07b0a2e8cc23:192.168.5.175:42846, 3f4b2446-6fc6-4450-8672-6922a5bd7ca8:192.168.5.175:33568, 7050c371-8b6f-464e-a857-eb7b31a47658:192.168.5.175:44511], old=null
2019-10-10 19:09:23,216 [7050c371-8b6f-464e-a857-eb7b31a47658@group-D3E77EB3CDFA-LeaderElection89] INFO  impl.RoleInfo (RoleInfo.java:shutdownLeaderElection(134)) - 7050c371-8b6f-464e-a857-eb7b31a47658: shutdown LeaderElection
2019-10-10 19:09:23,216 [7050c371-8b6f-464e-a857-eb7b31a47658@group-D3E77EB3CDFA-LeaderElection89] INFO  impl.RaftServerImpl (RaftServerImpl.java:setRole(170)) - 7050c371-8b6f-464e-a857-eb7b31a47658@group-D3E77EB3CDFA: changes role from CANDIDATE to LEADER at term 2 for changeToLeader
2019-10-10 19:09:23,217 [7050c371-8b6f-464e-a857-eb7b31a47658@group-D3E77EB3CDFA-LeaderElection89] INFO  impl.RaftServerImpl (ServerState.java:setLeader(255)) - 7050c371-8b6f-464e-a857-eb7b31a47658@group-D3E77EB3CDFA: change Leader from null to 7050c371-8b6f-464e-a857-eb7b31a47658 at term 2 for becomeLeader, leader elected after 10354ms
2019-10-10 19:09:23,217 [7050c371-8b6f-464e-a857-eb7b31a47658@group-D3E77EB3CDFA-LeaderElection89] INFO  server.RaftServerConfigKeys (ConfUtils.java:logGet(43)) - raft.server.staging.catchup.gap = 1000 (default)
2019-10-10 19:09:23,217 [7050c371-8b6f-464e-a857-eb7b31a47658@group-D3E77EB3CDFA-LeaderElection89] INFO  server.RaftServerConfigKeys (ConfUtils.java:logGet(43)) - raft.server.rpc.sleep.time = 25ms (default)
2019-10-10 19:09:23,217 [7050c371-8b6f-464e-a857-eb7b31a47658@group-D3E77EB3CDFA-LeaderElection89] INFO  server.RaftServerConfigKeys (ConfUtils.java:logGet(43)) - raft.server.write.element-limit = 4096 (default)
2019-10-10 19:09:23,217 [7050c371-8b6f-464e-a857-eb7b31a47658@group-D3E77EB3CDFA-LeaderElection89] INFO  server.RaftServerConfigKeys (ConfUtils.java:logGet(43)) - raft.server.watch.timeout = 10s (default)
2019-10-10 19:09:23,218 [7050c371-8b6f-464e-a857-eb7b31a47658@group-D3E77EB3CDFA-LeaderElection89] INFO  server.RaftServerConfigKeys (ConfUtils.java:logGet(43)) - raft.server.watch.timeout.denomination = 1s (default)
2019-10-10 19:09:23,218 [7050c371-8b6f-464e-a857-eb7b31a47658@group-D3E77EB3CDFA-LeaderElection89] INFO  server.RaftServerConfigKeys (ConfUtils.java:logGet(43)) - raft.server.watch.element-limit = 65536 (default)
2019-10-10 19:09:23,221 [7050c371-8b6f-464e-a857-eb7b31a47658@group-D3E77EB3CDFA-LeaderElection89] INFO  server.RaftServerConfigKeys (ConfUtils.java:logGet(43)) - raft.server.log.appender.snapshot.chunk.size.max = 16MB (=16777216) (default)
2019-10-10 19:09:23,221 [7050c371-8b6f-464e-a857-eb7b31a47658@group-D3E77EB3CDFA-LeaderElection89] INFO  server.RaftServerConfigKeys (ConfUtils.java:logGet(43)) - raft.server.log.appender.buffer.byte-limit = 33554432 (custom)
2019-10-10 19:09:23,221 [7050c371-8b6f-464e-a857-eb7b31a47658@group-D3E77EB3CDFA-LeaderElection89] INFO  server.RaftServerConfigKeys (ConfUtils.java:logGet(43)) - raft.server.log.appender.buffer.element-limit = 1 (custom)
2019-10-10 19:09:23,222 [7050c371-8b6f-464e-a857-eb7b31a47658@group-D3E77EB3CDFA-LeaderElection89] INFO  grpc.GrpcConfigKeys$Server (ConfUtils.java:logGet(43)) - raft.grpc.server.leader.outstanding.appends.max = 128 (default)
2019-10-10 19:09:23,222 [7050c371-8b6f-464e-a857-eb7b31a47658@group-D3E77EB3CDFA-LeaderElection89] INFO  server.RaftServerConfigKeys (ConfUtils.java:logGet(43)) - raft.server.rpc.request.timeout = 3000ms (default)
2019-10-10 19:09:23,222 [7050c371-8b6f-464e-a857-eb7b31a47658@group-D3E77EB3CDFA-LeaderElection89] INFO  server.RaftServerConfigKeys (ConfUtils.java:logGet(43)) - raft.server.log.appender.install.snapshot.enabled = false (custom)
2019-10-10 19:09:23,222 [7050c371-8b6f-464e-a857-eb7b31a47658@group-D3E77EB3CDFA-LeaderElection89] INFO  server.RaftServerConfigKeys (ConfUtils.java:logGet(43)) - raft.server.log.appender.snapshot.chunk.size.max = 16MB (=16777216) (default)
2019-10-10 19:09:23,222 [7050c371-8b6f-464e-a857-eb7b31a47658@group-D3E77EB3CDFA-LeaderElection89] INFO  server.RaftServerConfigKeys (ConfUtils.java:logGet(43)) - raft.server.log.appender.buffer.byte-limit = 33554432 (custom)
2019-10-10 19:09:23,223 [7050c371-8b6f-464e-a857-eb7b31a47658@group-D3E77EB3CDFA-LeaderElection89] INFO  server.RaftServerConfigKeys (ConfUtils.java:logGet(43)) - raft.server.log.appender.buffer.element-limit = 1 (custom)
2019-10-10 19:09:23,223 [7050c371-8b6f-464e-a857-eb7b31a47658@group-D3E77EB3CDFA-LeaderElection89] INFO  grpc.GrpcConfigKeys$Server (ConfUtils.java:logGet(43)) - raft.grpc.server.leader.outstanding.appends.max = 128 (default)
2019-10-10 19:09:23,223 [7050c371-8b6f-464e-a857-eb7b31a47658@group-D3E77EB3CDFA-LeaderElection89] INFO  server.RaftServerConfigKeys (ConfUtils.java:logGet(43)) - raft.server.rpc.request.timeout = 3000ms (default)
2019-10-10 19:09:23,223 [7050c371-8b6f-464e-a857-eb7b31a47658@group-D3E77EB3CDFA-LeaderElection89] INFO  server.RaftServerConfigKeys (ConfUtils.java:logGet(43)) - raft.server.log.appender.install.snapshot.enabled = false (custom)
2019-10-10 19:09:23,223 [7050c371-8b6f-464e-a857-eb7b31a47658@group-D3E77EB3CDFA-LeaderElection89] INFO  impl.RoleInfo (RoleInfo.java:updateAndGet(143)) - 7050c371-8b6f-464e-a857-eb7b31a47658: start LeaderState
2019-10-10 19:09:23,224 [7050c371-8b6f-464e-a857-eb7b31a47658@group-D3E77EB3CDFA-LeaderElection89] INFO  segmented.SegmentedRaftLogWorker (SegmentedRaftLogWorker.java:startLogSegment(385)) - 7050c371-8b6f-464e-a857-eb7b31a47658@group-D3E77EB3CDFA-SegmentedRaftLogWorker: Starting segment from index:0
2019-10-10 19:09:23,225 [7050c371-8b6f-464e-a857-eb7b31a47658@group-D3E77EB3CDFA-LeaderElection89] INFO  impl.RaftServerImpl (ServerState.java:setRaftConf(356)) - 7050c371-8b6f-464e-a857-eb7b31a47658@group-D3E77EB3CDFA: set configuration 0: [9c8b8b19-eb4d-4234-9c4a-07b0a2e8cc23:192.168.5.175:42846, 3f4b2446-6fc6-4450-8672-6922a5bd7ca8:192.168.5.175:33568, 7050c371-8b6f-464e-a857-eb7b31a47658:192.168.5.175:44511], old=null at 0
2019-10-10 19:09:23,260 [grpc-default-executor-11] INFO  impl.RaftServerImpl (ServerState.java:setLeader(255)) - 3f4b2446-6fc6-4450-8672-6922a5bd7ca8@group-D3E77EB3CDFA: change Leader from null to 7050c371-8b6f-464e-a857-eb7b31a47658 at term 2 for appendEntries, leader elected after 10398ms
2019-10-10 19:09:23,261 [grpc-default-executor-9] INFO  impl.RaftServerImpl (ServerState.java:setLeader(255)) - 9c8b8b19-eb4d-4234-9c4a-07b0a2e8cc23@group-D3E77EB3CDFA: change Leader from null to 7050c371-8b6f-464e-a857-eb7b31a47658 at term 2 for appendEntries, leader elected after 10398ms
2019-10-10 19:09:23,266 [grpc-default-executor-9] INFO  impl.RaftServerImpl (ServerState.java:setRaftConf(356)) - 3f4b2446-6fc6-4450-8672-6922a5bd7ca8@group-D3E77EB3CDFA: set configuration 0: [9c8b8b19-eb4d-4234-9c4a-07b0a2e8cc23:192.168.5.175:42846, 3f4b2446-6fc6-4450-8672-6922a5bd7ca8:192.168.5.175:33568, 7050c371-8b6f-464e-a857-eb7b31a47658:192.168.5.175:44511], old=null at 0
2019-10-10 19:09:23,266 [grpc-default-executor-11] INFO  impl.RaftServerImpl (ServerState.java:setRaftConf(356)) - 9c8b8b19-eb4d-4234-9c4a-07b0a2e8cc23@group-D3E77EB3CDFA: set configuration 0: [9c8b8b19-eb4d-4234-9c4a-07b0a2e8cc23:192.168.5.175:42846, 3f4b2446-6fc6-4450-8672-6922a5bd7ca8:192.168.5.175:33568, 7050c371-8b6f-464e-a857-eb7b31a47658:192.168.5.175:44511], old=null at 0
2019-10-10 19:09:23,266 [grpc-default-executor-9] INFO  segmented.SegmentedRaftLogWorker (SegmentedRaftLogWorker.java:startLogSegment(385)) - 3f4b2446-6fc6-4450-8672-6922a5bd7ca8@group-D3E77EB3CDFA-SegmentedRaftLogWorker: Starting segment from index:0
2019-10-10 19:09:23,266 [grpc-default-executor-11] INFO  segmented.SegmentedRaftLogWorker (SegmentedRaftLogWorker.java:startLogSegment(385)) - 9c8b8b19-eb4d-4234-9c4a-07b0a2e8cc23@group-D3E77EB3CDFA-SegmentedRaftLogWorker: Starting segment from index:0
2019-10-10 19:09:23,284 [7050c371-8b6f-464e-a857-eb7b31a47658@group-D3E77EB3CDFA-SegmentedRaftLogWorker] INFO  segmented.SegmentedRaftLogWorker (SegmentedRaftLogWorker.java:execute(574)) - 7050c371-8b6f-464e-a857-eb7b31a47658@group-D3E77EB3CDFA-SegmentedRaftLogWorker: created new log segment /workdir/hadoop-ozone/integration-test/target/test-dir/MiniOzoneClusterImpl-1a4c3d35-b2f5-4839-a9b3-d09690a86701/datanode-5/data/ratis/50789d5d-994d-42d2-a5a2-d3e77eb3cdfa/current/log_inprogress_0
2019-10-10 19:09:23,313 [3f4b2446-6fc6-4450-8672-6922a5bd7ca8@group-D3E77EB3CDFA-SegmentedRaftLogWorker] INFO  segmented.SegmentedRaftLogWorker (SegmentedRaftLogWorker.java:execute(574)) - 3f4b2446-6fc6-4450-8672-6922a5bd7ca8@group-D3E77EB3CDFA-SegmentedRaftLogWorker: created new log segment /workdir/hadoop-ozone/integration-test/target/test-dir/MiniOzoneClusterImpl-1a4c3d35-b2f5-4839-a9b3-d09690a86701/datanode-3/data/ratis/50789d5d-994d-42d2-a5a2-d3e77eb3cdfa/current/log_inprogress_0
2019-10-10 19:09:23,313 [9c8b8b19-eb4d-4234-9c4a-07b0a2e8cc23@group-D3E77EB3CDFA-SegmentedRaftLogWorker] INFO  segmented.SegmentedRaftLogWorker (SegmentedRaftLogWorker.java:execute(574)) - 9c8b8b19-eb4d-4234-9c4a-07b0a2e8cc23@group-D3E77EB3CDFA-SegmentedRaftLogWorker: created new log segment /workdir/hadoop-ozone/integration-test/target/test-dir/MiniOzoneClusterImpl-1a4c3d35-b2f5-4839-a9b3-d09690a86701/datanode-2/data/ratis/50789d5d-994d-42d2-a5a2-d3e77eb3cdfa/current/log_inprogress_0
2019-10-10 19:09:25,300 [Datanode State Machine Thread - 0] INFO  statemachine.DatanodeStateMachine (DatanodeStateMachine.java:lambda$startDaemon$0(350)) - Ozone container server started.
2019-10-10 19:09:29,367 [EventQueue-StaleNodeForStaleNodeHandler] INFO  node.StaleNodeHandler (StaleNodeHandler.java:onMessage(58)) - Datanode 7050c371-8b6f-464e-a857-eb7b31a47658{ip: 192.168.5.175, host: pr-hdds-2194-9vxpc-1955504311, networkLocation: /default-rack, certSerialId: null} moved to stale state. Finalizing its pipelines [PipelineID=50789d5d-994d-42d2-a5a2-d3e77eb3cdfa]
2019-10-10 19:09:29,368 [EventQueue-StaleNodeForStaleNodeHandler] INFO  pipeline.SCMPipelineManager (SCMPipelineManager.java:finalizeAndDestroyPipeline(315)) - destroying pipeline:Pipeline[ Id: 50789d5d-994d-42d2-a5a2-d3e77eb3cdfa, Nodes: 7050c371-8b6f-464e-a857-eb7b31a47658{ip: 192.168.5.175, host: pr-hdds-2194-9vxpc-1955504311, networkLocation: /default-rack, certSerialId: null}9c8b8b19-eb4d-4234-9c4a-07b0a2e8cc23{ip: 192.168.5.175, host: pr-hdds-2194-9vxpc-1955504311, networkLocation: /default-rack, certSerialId: null}3f4b2446-6fc6-4450-8672-6922a5bd7ca8{ip: 192.168.5.175, host: pr-hdds-2194-9vxpc-1955504311, networkLocation: /default-rack, certSerialId: null}, Type:RATIS, Factor:THREE, State:OPEN]
2019-10-10 19:09:29,368 [EventQueue-StaleNodeForStaleNodeHandler] INFO  pipeline.PipelineStateManager (PipelineStateManager.java:finalizePipeline(123)) - Pipeline Pipeline[ Id: 50789d5d-994d-42d2-a5a2-d3e77eb3cdfa, Nodes: 7050c371-8b6f-464e-a857-eb7b31a47658{ip: 192.168.5.175, host: pr-hdds-2194-9vxpc-1955504311, networkLocation: /default-rack, certSerialId: null}9c8b8b19-eb4d-4234-9c4a-07b0a2e8cc23{ip: 192.168.5.175, host: pr-hdds-2194-9vxpc-1955504311, networkLocation: /default-rack, certSerialId: null}3f4b2446-6fc6-4450-8672-6922a5bd7ca8{ip: 192.168.5.175, host: pr-hdds-2194-9vxpc-1955504311, networkLocation: /default-rack, certSerialId: null}, Type:RATIS, Factor:THREE, State:CLOSED] moved to CLOSED state
2019-10-10 19:09:29,369 [EventQueue-CloseContainerForCloseContainerEventHandler] INFO  container.CloseContainerEventHandler (CloseContainerEventHandler.java:onMessage(61)) - Close container Event triggered for container : #1
2019-10-10 19:09:29,593 [main] INFO  ozoneimpl.OzoneContainer (OzoneContainer.java:stop(227)) - Attempting to stop container services.
2019-10-10 19:09:29,599 [main] INFO  impl.RaftServerProxy (RaftServerProxy.java:lambda$close$4(314)) - 7050c371-8b6f-464e-a857-eb7b31a47658: close
2019-10-10 19:09:29,600 [main] INFO  impl.RaftServerImpl (RaftServerImpl.java:lambda$shutdown$3(247)) - 7050c371-8b6f-464e-a857-eb7b31a47658@group-D3E77EB3CDFA: shutdown
2019-10-10 19:09:29,600 [main] INFO  util.JmxRegister (JmxRegister.java:unregister(73)) - Successfully un-registered JMX Bean with object name Ratis:service=RaftServer,group=group-D3E77EB3CDFA,id=7050c371-8b6f-464e-a857-eb7b31a47658
2019-10-10 19:09:29,600 [main] INFO  impl.RoleInfo (RoleInfo.java:shutdownLeaderState(104)) - 7050c371-8b6f-464e-a857-eb7b31a47658: shutdown LeaderState
2019-10-10 19:09:29,607 [main] INFO  impl.PendingRequests (PendingRequests.java:sendNotLeaderResponses(202)) - 7050c371-8b6f-464e-a857-eb7b31a47658@group-D3E77EB3CDFA-PendingRequests: sendNotLeaderResponses
2019-10-10 19:09:29,607 [org.apache.ratis.server.impl.LogAppender$AppenderDaemon$$Lambda$543/194541040@398d00b4] WARN  server.GrpcLogAppender (GrpcLogAppender.java:mayWait(143)) - 7050c371-8b6f-464e-a857-eb7b31a47658@group-D3E77EB3CDFA->9c8b8b19-eb4d-4234-9c4a-07b0a2e8cc23-GrpcLogAppender: Wait interrupted by java.lang.InterruptedException
2019-10-10 19:09:29,607 [org.apache.ratis.server.impl.LogAppender$AppenderDaemon$$Lambda$543/194541040@70e2c3c6] WARN  server.GrpcLogAppender (GrpcLogAppender.java:mayWait(143)) - 7050c371-8b6f-464e-a857-eb7b31a47658@group-D3E77EB3CDFA->3f4b2446-6fc6-4450-8672-6922a5bd7ca8-GrpcLogAppender: Wait interrupted by java.lang.InterruptedException
2019-10-10 19:09:29,614 [main] INFO  impl.StateMachineUpdater (StateMachineUpdater.java:stopAndJoin(136)) - 7050c371-8b6f-464e-a857-eb7b31a47658@group-D3E77EB3CDFA-StateMachineUpdater: set stopIndex = 14
2019-10-10 19:09:29,614 [grpc-default-executor-10] INFO  server.GrpcServerProtocolService (GrpcServerProtocolService.java:onCompleted(113)) - 9c8b8b19-eb4d-4234-9c4a-07b0a2e8cc23: Completed APPEND_ENTRIES, lastRequest: 7050c371-8b6f-464e-a857-eb7b31a47658->9c8b8b19-eb4d-4234-9c4a-07b0a2e8cc23#16-t2, previous=(t:2, i:14), leaderCommit=14, initializing? false, entries: <empty>
2019-10-10 19:09:29,614 [grpc-default-executor-11] INFO  server.GrpcServerProtocolService (GrpcServerProtocolService.java:onCompleted(113)) - 3f4b2446-6fc6-4450-8672-6922a5bd7ca8: Completed APPEND_ENTRIES, lastRequest: 7050c371-8b6f-464e-a857-eb7b31a47658->3f4b2446-6fc6-4450-8672-6922a5bd7ca8#16-t2, previous=(t:2, i:14), leaderCommit=14, initializing? false, entries: <empty>
2019-10-10 19:09:29,614 [7050c371-8b6f-464e-a857-eb7b31a47658@group-D3E77EB3CDFA-StateMachineUpdater] INFO  ratis.ContainerStateMachine (ContainerStateMachine.java:takeSnapshot(294)) - group-D3E77EB3CDFA: Taking a snapshot at:(t:2, i:12) file /workdir/hadoop-ozone/integration-test/target/test-dir/MiniOzoneClusterImpl-1a4c3d35-b2f5-4839-a9b3-d09690a86701/datanode-5/data/ratis/50789d5d-994d-42d2-a5a2-d3e77eb3cdfa/sm/snapshot.2_12
2019-10-10 19:09:29,615 [grpc-default-executor-11] INFO  server.GrpcLogAppender (GrpcLogAppender.java:onCompleted(293)) - 7050c371-8b6f-464e-a857-eb7b31a47658@group-D3E77EB3CDFA->9c8b8b19-eb4d-4234-9c4a-07b0a2e8cc23-AppendLogResponseHandler: follower responses appendEntries COMPLETED
2019-10-10 19:09:29,615 [grpc-default-executor-10] INFO  server.GrpcLogAppender (GrpcLogAppender.java:onCompleted(293)) - 7050c371-8b6f-464e-a857-eb7b31a47658@group-D3E77EB3CDFA->3f4b2446-6fc6-4450-8672-6922a5bd7ca8-AppendLogResponseHandler: follower responses appendEntries COMPLETED
2019-10-10 19:09:29,616 [grpc-default-executor-11] INFO  impl.FollowerInfo (FollowerInfo.java:lambda$new$0(51)) - 7050c371-8b6f-464e-a857-eb7b31a47658@group-D3E77EB3CDFA->9c8b8b19-eb4d-4234-9c4a-07b0a2e8cc23: nextIndex: updateUnconditionally 15 -> 14
2019-10-10 19:09:29,616 [grpc-default-executor-10] INFO  impl.FollowerInfo (FollowerInfo.java:lambda$new$0(51)) - 7050c371-8b6f-464e-a857-eb7b31a47658@group-D3E77EB3CDFA->3f4b2446-6fc6-4450-8672-6922a5bd7ca8: nextIndex: updateUnconditionally 15 -> 14
2019-10-10 19:09:29,640 [7050c371-8b6f-464e-a857-eb7b31a47658@group-D3E77EB3CDFA-StateMachineUpdater] INFO  ratis.ContainerStateMachine (ContainerStateMachine.java:takeSnapshot(305)) - group-D3E77EB3CDFA: Finished taking a snapshot at:(t:2, i:12) file:/workdir/hadoop-ozone/integration-test/target/test-dir/MiniOzoneClusterImpl-1a4c3d35-b2f5-4839-a9b3-d09690a86701/datanode-5/data/ratis/50789d5d-994d-42d2-a5a2-d3e77eb3cdfa/sm/snapshot.2_12 time:26
2019-10-10 19:09:29,641 [7050c371-8b6f-464e-a857-eb7b31a47658@group-D3E77EB3CDFA-StateMachineUpdater] INFO  impl.StateMachineUpdater (StateMachineUpdater.java:takeSnapshot(269)) - 7050c371-8b6f-464e-a857-eb7b31a47658@group-D3E77EB3CDFA-StateMachineUpdater: Took a snapshot at index 12
2019-10-10 19:09:29,641 [7050c371-8b6f-464e-a857-eb7b31a47658@group-D3E77EB3CDFA-StateMachineUpdater] INFO  impl.StateMachineUpdater (StateMachineUpdater.java:lambda$new$0(84)) - 7050c371-8b6f-464e-a857-eb7b31a47658@group-D3E77EB3CDFA-StateMachineUpdater: snapshotIndex: updateIncreasingly -1 -> 12
2019-10-10 19:09:29,641 [7050c371-8b6f-464e-a857-eb7b31a47658@group-D3E77EB3CDFA-StateMachineUpdater] INFO  ratis.ContainerStateMachine (ContainerStateMachine.java:takeSnapshot(294)) - group-D3E77EB3CDFA: Taking a snapshot at:(t:2, i:12) file /workdir/hadoop-ozone/integration-test/target/test-dir/MiniOzoneClusterImpl-1a4c3d35-b2f5-4839-a9b3-d09690a86701/datanode-5/data/ratis/50789d5d-994d-42d2-a5a2-d3e77eb3cdfa/sm/snapshot.2_12
2019-10-10 19:09:29,654 [7050c371-8b6f-464e-a857-eb7b31a47658@group-D3E77EB3CDFA-StateMachineUpdater] INFO  ratis.ContainerStateMachine (ContainerStateMachine.java:takeSnapshot(305)) - group-D3E77EB3CDFA: Finished taking a snapshot at:(t:2, i:12) file:/workdir/hadoop-ozone/integration-test/target/test-dir/MiniOzoneClusterImpl-1a4c3d35-b2f5-4839-a9b3-d09690a86701/datanode-5/data/ratis/50789d5d-994d-42d2-a5a2-d3e77eb3cdfa/sm/snapshot.2_12 time:12
2019-10-10 19:09:29,654 [7050c371-8b6f-464e-a857-eb7b31a47658@group-D3E77EB3CDFA-StateMachineUpdater] INFO  impl.StateMachineUpdater (StateMachineUpdater.java:takeSnapshot(269)) - 7050c371-8b6f-464e-a857-eb7b31a47658@group-D3E77EB3CDFA-StateMachineUpdater: Took a snapshot at index 12
2019-10-10 19:09:29,654 [7050c371-8b6f-464e-a857-eb7b31a47658@group-D3E77EB3CDFA-StateMachineUpdater] INFO  impl.StateMachineUpdater (StateMachineUpdater.java:lambda$new$0(84)) - 7050c371-8b6f-464e-a857-eb7b31a47658@group-D3E77EB3CDFA-StateMachineUpdater: snapshotIndex: updateIncreasingly 12 -> 12
2019-10-10 19:09:29,654 [main] INFO  impl.RaftServerImpl (ServerState.java:close(387)) - 7050c371-8b6f-464e-a857-eb7b31a47658@group-D3E77EB3CDFA: closes. applyIndex: 14
2019-10-10 19:09:29,656 [7050c371-8b6f-464e-a857-eb7b31a47658@group-D3E77EB3CDFA-SegmentedRaftLogWorker] INFO  segmented.SegmentedRaftLogWorker (SegmentedRaftLogWorker.java:run(316)) - 7050c371-8b6f-464e-a857-eb7b31a47658@group-D3E77EB3CDFA-SegmentedRaftLogWorker was interrupted, exiting. There are 0 tasks remaining in the queue.
2019-10-10 19:09:29,660 [main] INFO  segmented.SegmentedRaftLogWorker (SegmentedRaftLogWorker.java:close(224)) - 7050c371-8b6f-464e-a857-eb7b31a47658@group-D3E77EB3CDFA-SegmentedRaftLogWorker close()
2019-10-10 19:09:29,667 [main] INFO  server.GrpcService (GrpcService.java:closeImpl(164)) - 7050c371-8b6f-464e-a857-eb7b31a47658: shutdown server with port 44511 now
2019-10-10 19:09:29,668 [grpc-default-executor-11] WARN  client.GrpcClientProtocolService (LogUtils.java:warn(134)) - 3-UnorderedRequestStreamObserver3: onError: org.apache.ratis.thirdparty.io.grpc.StatusRuntimeException: CANCELLED: cancelled before receiving half close
2019-10-10 19:09:29,668 [main] INFO  server.GrpcService (GrpcService.java:closeImpl(172)) - 7050c371-8b6f-464e-a857-eb7b31a47658: shutdown server with port 44511 successfully
2019-10-10 19:09:29,672 [refreshUsed-/workdir/hadoop-ozone/integration-test/target/test-dir/MiniOzoneClusterImpl-1a4c3d35-b2f5-4839-a9b3-d09690a86701/datanode-5/data/containers] WARN  fs.CachingGetSpaceUsed (CachingGetSpaceUsed.java:run(183)) - Thread Interrupted waiting to refresh disk information: sleep interrupted
2019-10-10 19:09:29,695 [main] INFO  utils.BackgroundService (BackgroundService.java:shutdown(151)) - Shutting down service BlockDeletingService
2019-10-10 19:09:29,706 [main] INFO  statemachine.DatanodeStateMachine (DatanodeStateMachine.java:stopDaemon(395)) - Ozone container server stopped.
2019-10-10 19:09:29,708 [main] INFO  handler.ContextHandler (ContextHandler.java:doStop(910)) - Stopped o.e.j.w.WebAppContext@42d9e8d2{/,null,UNAVAILABLE}{/hddsDatanode}
2019-10-10 19:09:29,709 [main] INFO  server.AbstractConnector (AbstractConnector.java:doStop(318)) - Stopped ServerConnector@4b93dd6a{HTTP/1.1,[http/1.1]}{0.0.0.0:0}
2019-10-10 19:09:29,710 [main] INFO  handler.ContextHandler (ContextHandler.java:doStop(910)) - Stopped o.e.j.s.ServletContextHandler@55d8c2c4{/static,jar:file:/home/user/.m2/repository/org/apache/hadoop/hadoop-hdds-container-service/0.5.0-SNAPSHOT/hadoop-hdds-container-service-0.5.0-SNAPSHOT.jar!/webapps/static,UNAVAILABLE}
2019-10-10 19:09:29,710 [main] INFO  handler.ContextHandler (ContextHandler.java:doStop(910)) - Stopped o.e.j.s.ServletContextHandler@7ac5b4c{/logs,file:///workdir/hadoop-ozone/integration-test/target/log,UNAVAILABLE}
2019-10-10 19:09:33,274 [Thread-3230] INFO  impl.FollowerState (FollowerState.java:run(108)) - 3f4b2446-6fc6-4450-8672-6922a5bd7ca8@group-D3E77EB3CDFA-FollowerState: change to CANDIDATE, lastRpcTime:6170ms, electionTimeout:5014ms
2019-10-10 19:09:33,275 [Thread-3230] INFO  impl.RoleInfo (RoleInfo.java:shutdownFollowerState(121)) - 3f4b2446-6fc6-4450-8672-6922a5bd7ca8: shutdown FollowerState
2019-10-10 19:09:33,275 [Thread-3230] INFO  impl.RaftServerImpl (RaftServerImpl.java:setRole(170)) - 3f4b2446-6fc6-4450-8672-6922a5bd7ca8@group-D3E77EB3CDFA: changes role from  FOLLOWER to CANDIDATE at term 2 for changeToCandidate
2019-10-10 19:09:33,275 [Thread-3230] INFO  impl.RoleInfo (RoleInfo.java:updateAndGet(143)) - 3f4b2446-6fc6-4450-8672-6922a5bd7ca8: start LeaderElection
2019-10-10 19:09:33,285 [3f4b2446-6fc6-4450-8672-6922a5bd7ca8@group-D3E77EB3CDFA-LeaderElection90] INFO  impl.RaftServerImpl (ServerState.java:setLeader(255)) - 3f4b2446-6fc6-4450-8672-6922a5bd7ca8@group-D3E77EB3CDFA: change Leader from 7050c371-8b6f-464e-a857-eb7b31a47658 to null at term 2 for initElection
2019-10-10 19:09:33,307 [3f4b2446-6fc6-4450-8672-6922a5bd7ca8@group-D3E77EB3CDFA-LeaderElection90] INFO  impl.LeaderElection (LeaderElection.java:askForVotes(178)) - 3f4b2446-6fc6-4450-8672-6922a5bd7ca8@group-D3E77EB3CDFA-LeaderElection90: begin an election at term 3 for 0: [9c8b8b19-eb4d-4234-9c4a-07b0a2e8cc23:192.168.5.175:42846, 3f4b2446-6fc6-4450-8672-6922a5bd7ca8:192.168.5.175:33568, 7050c371-8b6f-464e-a857-eb7b31a47658:192.168.5.175:44511], old=null
2019-10-10 19:09:33,311 [3f4b2446-6fc6-4450-8672-6922a5bd7ca8@group-D3E77EB3CDFA-LeaderElection90] INFO  impl.LeaderElection (LogUtils.java:infoOrTrace(149)) - 3f4b2446-6fc6-4450-8672-6922a5bd7ca8@group-D3E77EB3CDFA-LeaderElection90 got exception when requesting votes: {}
java.util.concurrent.ExecutionException: org.apache.ratis.thirdparty.io.grpc.StatusRuntimeException: UNAVAILABLE: io exception
	at java.util.concurrent.FutureTask.report(FutureTask.java:122)
	at java.util.concurrent.FutureTask.get(FutureTask.java:192)
	at org.apache.ratis.server.impl.LeaderElection.waitForResults(LeaderElection.java:259)
	at org.apache.ratis.server.impl.LeaderElection.askForVotes(LeaderElection.java:197)
	at org.apache.ratis.server.impl.LeaderElection.run(LeaderElection.java:133)
	at java.lang.Thread.run(Thread.java:748)
Caused by: org.apache.ratis.thirdparty.io.grpc.StatusRuntimeException: UNAVAILABLE: io exception
	at org.apache.ratis.thirdparty.io.grpc.stub.ClientCalls.toStatusRuntimeException(ClientCalls.java:233)
	at org.apache.ratis.thirdparty.io.grpc.stub.ClientCalls.getUnchecked(ClientCalls.java:214)
	at org.apache.ratis.thirdparty.io.grpc.stub.ClientCalls.blockingUnaryCall(ClientCalls.java:139)
	at org.apache.ratis.proto.grpc.RaftServerProtocolServiceGrpc$RaftServerProtocolServiceBlockingStub.requestVote(RaftServerProtocolServiceGrpc.java:265)
	at org.apache.ratis.grpc.server.GrpcServerProtocolClient.requestVote(GrpcServerProtocolClient.java:99)
	at org.apache.ratis.grpc.server.GrpcService.requestVote(GrpcService.java:204)
	at org.apache.ratis.server.impl.LeaderElection.lambda$submitRequests$1(LeaderElection.java:234)
	at java.util.concurrent.FutureTask.run(FutureTask.java:266)
	at java.util.concurrent.Executors$RunnableAdapter.call(Executors.java:511)
	at java.util.concurrent.FutureTask.run(FutureTask.java:266)
	at java.util.concurrent.ThreadPoolExecutor.runWorker(ThreadPoolExecutor.java:1149)
	at java.util.concurrent.ThreadPoolExecutor$Worker.run(ThreadPoolExecutor.java:624)
	... 1 more
Caused by: org.apache.ratis.thirdparty.io.netty.channel.AbstractChannel$AnnotatedConnectException: Connection refused: /192.168.5.175:44511
	at sun.nio.ch.SocketChannelImpl.checkConnect(Native Method)
	at sun.nio.ch.SocketChannelImpl.finishConnect(SocketChannelImpl.java:717)
	at org.apache.ratis.thirdparty.io.netty.channel.socket.nio.NioSocketChannel.doFinishConnect(NioSocketChannel.java:327)
	at org.apache.ratis.thirdparty.io.netty.channel.nio.AbstractNioChannel$AbstractNioUnsafe.finishConnect(AbstractNioChannel.java:340)
	at org.apache.ratis.thirdparty.io.netty.channel.nio.NioEventLoop.processSelectedKey(NioEventLoop.java:632)
	at org.apache.ratis.thirdparty.io.netty.channel.nio.NioEventLoop.processSelectedKeysOptimized(NioEventLoop.java:579)
	at org.apache.ratis.thirdparty.io.netty.channel.nio.NioEventLoop.processSelectedKeys(NioEventLoop.java:496)
	at org.apache.ratis.thirdparty.io.netty.channel.nio.NioEventLoop.run(NioEventLoop.java:458)
	at org.apache.ratis.thirdparty.io.netty.util.concurrent.SingleThreadEventExecutor$5.run(SingleThreadEventExecutor.java:897)
	at org.apache.ratis.thirdparty.io.netty.util.concurrent.FastThreadLocalRunnable.run(FastThreadLocalRunnable.java:30)
	... 1 more
Caused by: java.net.ConnectException: Connection refused
	... 11 more
2019-10-10 19:09:33,311 [grpc-default-executor-9] INFO  impl.RaftServerImpl (ServerState.java:setLeader(255)) - 9c8b8b19-eb4d-4234-9c4a-07b0a2e8cc23@group-D3E77EB3CDFA: change Leader from 7050c371-8b6f-464e-a857-eb7b31a47658 to null at term 3 for updateCurrentTerm
2019-10-10 19:09:33,315 [grpc-default-executor-9] INFO  impl.RaftServerImpl (RaftServerImpl.java:setRole(170)) - 9c8b8b19-eb4d-4234-9c4a-07b0a2e8cc23@group-D3E77EB3CDFA: changes role from  FOLLOWER to FOLLOWER at term 3 for recognizeCandidate:3f4b2446-6fc6-4450-8672-6922a5bd7ca8
2019-10-10 19:09:33,315 [grpc-default-executor-9] INFO  impl.RoleInfo (RoleInfo.java:shutdownFollowerState(121)) - 9c8b8b19-eb4d-4234-9c4a-07b0a2e8cc23: shutdown FollowerState
2019-10-10 19:09:33,316 [grpc-default-executor-9] INFO  impl.RoleInfo (RoleInfo.java:updateAndGet(143)) - 9c8b8b19-eb4d-4234-9c4a-07b0a2e8cc23: start FollowerState
2019-10-10 19:09:33,316 [Thread-3229] INFO  impl.FollowerState (FollowerState.java:run(117)) - 9c8b8b19-eb4d-4234-9c4a-07b0a2e8cc23@group-D3E77EB3CDFA-FollowerState was interrupted: java.lang.InterruptedException: sleep interrupted
2019-10-10 19:09:33,332 [3f4b2446-6fc6-4450-8672-6922a5bd7ca8@group-D3E77EB3CDFA-LeaderElection90] INFO  impl.LeaderElection (LeaderElection.java:logAndReturn(56)) - 3f4b2446-6fc6-4450-8672-6922a5bd7ca8@group-D3E77EB3CDFA-LeaderElection90: Election PASSED; received 1 response(s) [3f4b2446-6fc6-4450-8672-6922a5bd7ca8<-9c8b8b19-eb4d-4234-9c4a-07b0a2e8cc23#0:OK-t3] and 1 exception(s); 3f4b2446-6fc6-4450-8672-6922a5bd7ca8@group-D3E77EB3CDFA:t3, leader=null, voted=3f4b2446-6fc6-4450-8672-6922a5bd7ca8, raftlog=3f4b2446-6fc6-4450-8672-6922a5bd7ca8@group-D3E77EB3CDFA-SegmentedRaftLog:OPENED:c14,f14,i14, conf=0: [9c8b8b19-eb4d-4234-9c4a-07b0a2e8cc23:192.168.5.175:42846, 3f4b2446-6fc6-4450-8672-6922a5bd7ca8:192.168.5.175:33568, 7050c371-8b6f-464e-a857-eb7b31a47658:192.168.5.175:44511], old=null
2019-10-10 19:09:33,332 [3f4b2446-6fc6-4450-8672-6922a5bd7ca8@group-D3E77EB3CDFA-LeaderElection90] INFO  impl.LeaderElection (LogUtils.java:infoOrTrace(149)) -   Exception 0: {}
java.util.concurrent.ExecutionException: org.apache.ratis.thirdparty.io.grpc.StatusRuntimeException: UNAVAILABLE: io exception
	at java.util.concurrent.FutureTask.report(FutureTask.java:122)
	at java.util.concurrent.FutureTask.get(FutureTask.java:192)
	at org.apache.ratis.server.impl.LeaderElection.waitForResults(LeaderElection.java:259)
	at org.apache.ratis.server.impl.LeaderElection.askForVotes(LeaderElection.java:197)
	at org.apache.ratis.server.impl.LeaderElection.run(LeaderElection.java:133)
	at java.lang.Thread.run(Thread.java:748)
Caused by: org.apache.ratis.thirdparty.io.grpc.StatusRuntimeException: UNAVAILABLE: io exception
	at org.apache.ratis.thirdparty.io.grpc.stub.ClientCalls.toStatusRuntimeException(ClientCalls.java:233)
	at org.apache.ratis.thirdparty.io.grpc.stub.ClientCalls.getUnchecked(ClientCalls.java:214)
	at org.apache.ratis.thirdparty.io.grpc.stub.ClientCalls.blockingUnaryCall(ClientCalls.java:139)
	at org.apache.ratis.proto.grpc.RaftServerProtocolServiceGrpc$RaftServerProtocolServiceBlockingStub.requestVote(RaftServerProtocolServiceGrpc.java:265)
	at org.apache.ratis.grpc.server.GrpcServerProtocolClient.requestVote(GrpcServerProtocolClient.java:99)
	at org.apache.ratis.grpc.server.GrpcService.requestVote(GrpcService.java:204)
	at org.apache.ratis.server.impl.LeaderElection.lambda$submitRequests$1(LeaderElection.java:234)
	at java.util.concurrent.FutureTask.run(FutureTask.java:266)
	at java.util.concurrent.Executors$RunnableAdapter.call(Executors.java:511)
	at java.util.concurrent.FutureTask.run(FutureTask.java:266)
	at java.util.concurrent.ThreadPoolExecutor.runWorker(ThreadPoolExecutor.java:1149)
	at java.util.concurrent.ThreadPoolExecutor$Worker.run(ThreadPoolExecutor.java:624)
	... 1 more
Caused by: org.apache.ratis.thirdparty.io.netty.channel.AbstractChannel$AnnotatedConnectException: Connection refused: /192.168.5.175:44511
	at sun.nio.ch.SocketChannelImpl.checkConnect(Native Method)
	at sun.nio.ch.SocketChannelImpl.finishConnect(SocketChannelImpl.java:717)
	at org.apache.ratis.thirdparty.io.netty.channel.socket.nio.NioSocketChannel.doFinishConnect(NioSocketChannel.java:327)
	at org.apache.ratis.thirdparty.io.netty.channel.nio.AbstractNioChannel$AbstractNioUnsafe.finishConnect(AbstractNioChannel.java:340)
	at org.apache.ratis.thirdparty.io.netty.channel.nio.NioEventLoop.processSelectedKey(NioEventLoop.java:632)
	at org.apache.ratis.thirdparty.io.netty.channel.nio.NioEventLoop.processSelectedKeysOptimized(NioEventLoop.java:579)
	at org.apache.ratis.thirdparty.io.netty.channel.nio.NioEventLoop.processSelectedKeys(NioEventLoop.java:496)
	at org.apache.ratis.thirdparty.io.netty.channel.nio.NioEventLoop.run(NioEventLoop.java:458)
	at org.apache.ratis.thirdparty.io.netty.util.concurrent.SingleThreadEventExecutor$5.run(SingleThreadEventExecutor.java:897)
	at org.apache.ratis.thirdparty.io.netty.util.concurrent.FastThreadLocalRunnable.run(FastThreadLocalRunnable.java:30)
	... 1 more
Caused by: java.net.ConnectException: Connection refused
	... 11 more
2019-10-10 19:09:33,333 [3f4b2446-6fc6-4450-8672-6922a5bd7ca8@group-D3E77EB3CDFA-LeaderElection90] INFO  impl.RoleInfo (RoleInfo.java:shutdownLeaderElection(134)) - 3f4b2446-6fc6-4450-8672-6922a5bd7ca8: shutdown LeaderElection
2019-10-10 19:09:33,333 [3f4b2446-6fc6-4450-8672-6922a5bd7ca8@group-D3E77EB3CDFA-LeaderElection90] INFO  impl.RaftServerImpl (RaftServerImpl.java:setRole(170)) - 3f4b2446-6fc6-4450-8672-6922a5bd7ca8@group-D3E77EB3CDFA: changes role from CANDIDATE to LEADER at term 3 for changeToLeader
2019-10-10 19:09:33,333 [3f4b2446-6fc6-4450-8672-6922a5bd7ca8@group-D3E77EB3CDFA-LeaderElection90] INFO  impl.RaftServerImpl (ServerState.java:setLeader(255)) - 3f4b2446-6fc6-4450-8672-6922a5bd7ca8@group-D3E77EB3CDFA: change Leader from null to 3f4b2446-6fc6-4450-8672-6922a5bd7ca8 at term 3 for becomeLeader, leader elected after 48ms
2019-10-10 19:09:33,333 [3f4b2446-6fc6-4450-8672-6922a5bd7ca8@group-D3E77EB3CDFA-LeaderElection90] INFO  server.RaftServerConfigKeys (ConfUtils.java:logGet(43)) - raft.server.staging.catchup.gap = 1000 (default)
2019-10-10 19:09:33,334 [3f4b2446-6fc6-4450-8672-6922a5bd7ca8@group-D3E77EB3CDFA-LeaderElection90] INFO  server.RaftServerConfigKeys (ConfUtils.java:logGet(43)) - raft.server.rpc.sleep.time = 25ms (default)
2019-10-10 19:09:33,334 [3f4b2446-6fc6-4450-8672-6922a5bd7ca8@group-D3E77EB3CDFA-LeaderElection90] INFO  server.RaftServerConfigKeys (ConfUtils.java:logGet(43)) - raft.server.write.element-limit = 4096 (default)
2019-10-10 19:09:33,334 [3f4b2446-6fc6-4450-8672-6922a5bd7ca8@group-D3E77EB3CDFA-LeaderElection90] INFO  server.RaftServerConfigKeys (ConfUtils.java:logGet(43)) - raft.server.watch.timeout = 10s (default)
2019-10-10 19:09:33,334 [3f4b2446-6fc6-4450-8672-6922a5bd7ca8@group-D3E77EB3CDFA-LeaderElection90] INFO  server.RaftServerConfigKeys (ConfUtils.java:logGet(43)) - raft.server.watch.timeout.denomination = 1s (default)
2019-10-10 19:09:33,335 [3f4b2446-6fc6-4450-8672-6922a5bd7ca8@group-D3E77EB3CDFA-LeaderElection90] INFO  server.RaftServerConfigKeys (ConfUtils.java:logGet(43)) - raft.server.watch.element-limit = 65536 (default)
2019-10-10 19:09:33,339 [3f4b2446-6fc6-4450-8672-6922a5bd7ca8@group-D3E77EB3CDFA-LeaderElection90] INFO  server.RaftServerConfigKeys (ConfUtils.java:logGet(43)) - raft.server.log.appender.snapshot.chunk.size.max = 16MB (=16777216) (default)
2019-10-10 19:09:33,340 [3f4b2446-6fc6-4450-8672-6922a5bd7ca8@group-D3E77EB3CDFA-LeaderElection90] INFO  server.RaftServerConfigKeys (ConfUtils.java:logGet(43)) - raft.server.log.appender.buffer.byte-limit = 33554432 (custom)
2019-10-10 19:09:33,340 [3f4b2446-6fc6-4450-8672-6922a5bd7ca8@group-D3E77EB3CDFA-LeaderElection90] INFO  server.RaftServerConfigKeys (ConfUtils.java:logGet(43)) - raft.server.log.appender.buffer.element-limit = 1 (custom)
2019-10-10 19:09:33,340 [3f4b2446-6fc6-4450-8672-6922a5bd7ca8@group-D3E77EB3CDFA-LeaderElection90] INFO  grpc.GrpcConfigKeys$Server (ConfUtils.java:logGet(43)) - raft.grpc.server.leader.outstanding.appends.max = 128 (default)
2019-10-10 19:09:33,340 [3f4b2446-6fc6-4450-8672-6922a5bd7ca8@group-D3E77EB3CDFA-LeaderElection90] INFO  server.RaftServerConfigKeys (ConfUtils.java:logGet(43)) - raft.server.rpc.request.timeout = 3000ms (default)
2019-10-10 19:09:33,341 [3f4b2446-6fc6-4450-8672-6922a5bd7ca8@group-D3E77EB3CDFA-LeaderElection90] INFO  server.RaftServerConfigKeys (ConfUtils.java:logGet(43)) - raft.server.log.appender.install.snapshot.enabled = false (custom)
2019-10-10 19:09:33,341 [3f4b2446-6fc6-4450-8672-6922a5bd7ca8@group-D3E77EB3CDFA-LeaderElection90] INFO  server.RaftServerConfigKeys (ConfUtils.java:logGet(43)) - raft.server.log.appender.snapshot.chunk.size.max = 16MB (=16777216) (default)
2019-10-10 19:09:33,341 [3f4b2446-6fc6-4450-8672-6922a5bd7ca8@group-D3E77EB3CDFA-LeaderElection90] INFO  server.RaftServerConfigKeys (ConfUtils.java:logGet(43)) - raft.server.log.appender.buffer.byte-limit = 33554432 (custom)
2019-10-10 19:09:33,341 [3f4b2446-6fc6-4450-8672-6922a5bd7ca8@group-D3E77EB3CDFA-LeaderElection90] INFO  server.RaftServerConfigKeys (ConfUtils.java:logGet(43)) - raft.server.log.appender.buffer.element-limit = 1 (custom)
2019-10-10 19:09:33,342 [3f4b2446-6fc6-4450-8672-6922a5bd7ca8@group-D3E77EB3CDFA-LeaderElection90] INFO  grpc.GrpcConfigKeys$Server (ConfUtils.java:logGet(43)) - raft.grpc.server.leader.outstanding.appends.max = 128 (default)
2019-10-10 19:09:33,342 [3f4b2446-6fc6-4450-8672-6922a5bd7ca8@group-D3E77EB3CDFA-LeaderElection90] INFO  server.RaftServerConfigKeys (ConfUtils.java:logGet(43)) - raft.server.rpc.request.timeout = 3000ms (default)
2019-10-10 19:09:33,342 [3f4b2446-6fc6-4450-8672-6922a5bd7ca8@group-D3E77EB3CDFA-LeaderElection90] INFO  server.RaftServerConfigKeys (ConfUtils.java:logGet(43)) - raft.server.log.appender.install.snapshot.enabled = false (custom)
2019-10-10 19:09:33,342 [3f4b2446-6fc6-4450-8672-6922a5bd7ca8@group-D3E77EB3CDFA-LeaderElection90] INFO  impl.RoleInfo (RoleInfo.java:updateAndGet(143)) - 3f4b2446-6fc6-4450-8672-6922a5bd7ca8: start LeaderState
2019-10-10 19:09:33,343 [3f4b2446-6fc6-4450-8672-6922a5bd7ca8@group-D3E77EB3CDFA-LeaderElection90] INFO  segmented.SegmentedRaftLogWorker (SegmentedRaftLogWorker.java:rollLogSegment(390)) - 3f4b2446-6fc6-4450-8672-6922a5bd7ca8@group-D3E77EB3CDFA-SegmentedRaftLogWorker: Rolling segment log-0_14 to index:14
2019-10-10 19:09:33,344 [3f4b2446-6fc6-4450-8672-6922a5bd7ca8@group-D3E77EB3CDFA-SegmentedRaftLogWorker] INFO  segmented.SegmentedRaftLogWorker (SegmentedRaftLogWorker.java:execute(531)) - 3f4b2446-6fc6-4450-8672-6922a5bd7ca8@group-D3E77EB3CDFA-SegmentedRaftLogWorker: Rolled log segment from /workdir/hadoop-ozone/integration-test/target/test-dir/MiniOzoneClusterImpl-1a4c3d35-b2f5-4839-a9b3-d09690a86701/datanode-3/data/ratis/50789d5d-994d-42d2-a5a2-d3e77eb3cdfa/current/log_inprogress_0 to /workdir/hadoop-ozone/integration-test/target/test-dir/MiniOzoneClusterImpl-1a4c3d35-b2f5-4839-a9b3-d09690a86701/datanode-3/data/ratis/50789d5d-994d-42d2-a5a2-d3e77eb3cdfa/current/log_0-14
2019-10-10 19:09:33,347 [3f4b2446-6fc6-4450-8672-6922a5bd7ca8@group-D3E77EB3CDFA-LeaderElection90] INFO  impl.RaftServerImpl (ServerState.java:setRaftConf(356)) - 3f4b2446-6fc6-4450-8672-6922a5bd7ca8@group-D3E77EB3CDFA: set configuration 15: [9c8b8b19-eb4d-4234-9c4a-07b0a2e8cc23:192.168.5.175:42846, 3f4b2446-6fc6-4450-8672-6922a5bd7ca8:192.168.5.175:33568, 7050c371-8b6f-464e-a857-eb7b31a47658:192.168.5.175:44511], old=null at 15
2019-10-10 19:09:33,348 [grpc-default-executor-9] WARN  server.GrpcLogAppender (LogUtils.java:warn(134)) - 3f4b2446-6fc6-4450-8672-6922a5bd7ca8@group-D3E77EB3CDFA->7050c371-8b6f-464e-a857-eb7b31a47658-AppendLogResponseHandler: Failed appendEntries: org.apache.ratis.thirdparty.io.grpc.StatusRuntimeException: UNAVAILABLE: io exception
2019-10-10 19:09:33,386 [grpc-default-executor-12] INFO  impl.RaftServerImpl (ServerState.java:setLeader(255)) - 9c8b8b19-eb4d-4234-9c4a-07b0a2e8cc23@group-D3E77EB3CDFA: change Leader from null to 3f4b2446-6fc6-4450-8672-6922a5bd7ca8 at term 3 for appendEntries, leader elected after 74ms
2019-10-10 19:09:33,386 [grpc-default-executor-9] INFO  impl.FollowerInfo (FollowerInfo.java:lambda$new$0(51)) - 3f4b2446-6fc6-4450-8672-6922a5bd7ca8@group-D3E77EB3CDFA->7050c371-8b6f-464e-a857-eb7b31a47658: nextIndex: updateUnconditionally 15 -> 1
2019-10-10 19:09:33,389 [grpc-default-executor-9] INFO  impl.RaftServerImpl (ServerState.java:setRaftConf(356)) - 9c8b8b19-eb4d-4234-9c4a-07b0a2e8cc23@group-D3E77EB3CDFA: set configuration 15: [9c8b8b19-eb4d-4234-9c4a-07b0a2e8cc23:192.168.5.175:42846, 3f4b2446-6fc6-4450-8672-6922a5bd7ca8:192.168.5.175:33568, 7050c371-8b6f-464e-a857-eb7b31a47658:192.168.5.175:44511], old=null at 15
2019-10-10 19:09:33,390 [grpc-default-executor-9] INFO  segmented.SegmentedRaftLogWorker (SegmentedRaftLogWorker.java:rollLogSegment(390)) - 9c8b8b19-eb4d-4234-9c4a-07b0a2e8cc23@group-D3E77EB3CDFA-SegmentedRaftLogWorker: Rolling segment log-0_14 to index:14
2019-10-10 19:09:33,391 [9c8b8b19-eb4d-4234-9c4a-07b0a2e8cc23@group-D3E77EB3CDFA-SegmentedRaftLogWorker] INFO  segmented.SegmentedRaftLogWorker (SegmentedRaftLogWorker.java:execute(531)) - 9c8b8b19-eb4d-4234-9c4a-07b0a2e8cc23@group-D3E77EB3CDFA-SegmentedRaftLogWorker: Rolled log segment from /workdir/hadoop-ozone/integration-test/target/test-dir/MiniOzoneClusterImpl-1a4c3d35-b2f5-4839-a9b3-d09690a86701/datanode-2/data/ratis/50789d5d-994d-42d2-a5a2-d3e77eb3cdfa/current/log_inprogress_0 to /workdir/hadoop-ozone/integration-test/target/test-dir/MiniOzoneClusterImpl-1a4c3d35-b2f5-4839-a9b3-d09690a86701/datanode-2/data/ratis/50789d5d-994d-42d2-a5a2-d3e77eb3cdfa/current/log_0-14
2019-10-10 19:09:33,408 [3f4b2446-6fc6-4450-8672-6922a5bd7ca8@group-D3E77EB3CDFA-SegmentedRaftLogWorker] INFO  segmented.SegmentedRaftLogWorker (SegmentedRaftLogWorker.java:execute(574)) - 3f4b2446-6fc6-4450-8672-6922a5bd7ca8@group-D3E77EB3CDFA-SegmentedRaftLogWorker: created new log segment /workdir/hadoop-ozone/integration-test/target/test-dir/MiniOzoneClusterImpl-1a4c3d35-b2f5-4839-a9b3-d09690a86701/datanode-3/data/ratis/50789d5d-994d-42d2-a5a2-d3e77eb3cdfa/current/log_inprogress_15
2019-10-10 19:09:33,433 [9c8b8b19-eb4d-4234-9c4a-07b0a2e8cc23@group-D3E77EB3CDFA-SegmentedRaftLogWorker] INFO  segmented.SegmentedRaftLogWorker (SegmentedRaftLogWorker.java:execute(574)) - 9c8b8b19-eb4d-4234-9c4a-07b0a2e8cc23@group-D3E77EB3CDFA-SegmentedRaftLogWorker: created new log segment /workdir/hadoop-ozone/integration-test/target/test-dir/MiniOzoneClusterImpl-1a4c3d35-b2f5-4839-a9b3-d09690a86701/datanode-2/data/ratis/50789d5d-994d-42d2-a5a2-d3e77eb3cdfa/current/log_inprogress_15
2019-10-10 19:09:33,460 [grpc-default-executor-11] WARN  server.GrpcLogAppender (LogUtils.java:warn(134)) - 3f4b2446-6fc6-4450-8672-6922a5bd7ca8@group-D3E77EB3CDFA->7050c371-8b6f-464e-a857-eb7b31a47658-AppendLogResponseHandler: Failed appendEntries: org.apache.ratis.thirdparty.io.grpc.StatusRuntimeException: UNAVAILABLE: io exception
2019-10-10 19:09:33,461 [grpc-default-executor-11] INFO  impl.FollowerInfo (FollowerInfo.java:lambda$new$0(51)) - 3f4b2446-6fc6-4450-8672-6922a5bd7ca8@group-D3E77EB3CDFA->7050c371-8b6f-464e-a857-eb7b31a47658: nextIndex: updateUnconditionally 2 -> 1
2019-10-10 19:09:33,462 [grpc-default-executor-11] WARN  server.GrpcLogAppender (LogUtils.java:warn(134)) - 3f4b2446-6fc6-4450-8672-6922a5bd7ca8@group-D3E77EB3CDFA->7050c371-8b6f-464e-a857-eb7b31a47658-AppendLogResponseHandler: Failed appendEntries: org.apache.ratis.thirdparty.io.grpc.StatusRuntimeException: UNAVAILABLE: io exception
2019-10-10 19:09:33,463 [grpc-default-executor-11] INFO  impl.FollowerInfo (FollowerInfo.java:lambda$new$0(51)) - 3f4b2446-6fc6-4450-8672-6922a5bd7ca8@group-D3E77EB3CDFA->7050c371-8b6f-464e-a857-eb7b31a47658: nextIndex: updateUnconditionally 2 -> 1
19:09:33.791 [grpc-default-executor-11] ERROR DNAudit - user=null | ip=null | op=WRITE_CHUNK {blockData=conID: 1 locID: 102939659724455949 bcsId: 12} | ret=FAILURE
org.apache.hadoop.hdds.scm.container.common.helpers.ContainerNotOpenException: Container 1 in CLOSING state
	at org.apache.hadoop.ozone.container.common.impl.HddsDispatcher.validateContainerCommand(HddsDispatcher.java:436) ~[hadoop-hdds-container-service-0.5.0-SNAPSHOT.jar:?]
	at org.apache.hadoop.ozone.container.common.transport.server.ratis.ContainerStateMachine.startTransaction(ContainerStateMachine.java:320) ~[hadoop-hdds-container-service-0.5.0-SNAPSHOT.jar:?]
	at org.apache.ratis.server.impl.RaftServerImpl.submitClientRequestAsync(RaftServerImpl.java:569) ~[ratis-server-0.5.0-201fc85-SNAPSHOT.jar:0.5.0-201fc85-SNAPSHOT]
	at org.apache.ratis.server.impl.RaftServerProxy.lambda$submitClientRequestAsync$7(RaftServerProxy.java:333) ~[ratis-server-0.5.0-201fc85-SNAPSHOT.jar:0.5.0-201fc85-SNAPSHOT]
	at org.apache.ratis.server.impl.RaftServerProxy.lambda$null$5(RaftServerProxy.java:328) ~[ratis-server-0.5.0-201fc85-SNAPSHOT.jar:0.5.0-201fc85-SNAPSHOT]
	at org.apache.ratis.util.JavaUtils.callAsUnchecked(JavaUtils.java:109) ~[ratis-common-0.5.0-201fc85-SNAPSHOT.jar:0.5.0-201fc85-SNAPSHOT]
	at org.apache.ratis.server.impl.RaftServerProxy.lambda$submitRequest$6(RaftServerProxy.java:328) ~[ratis-server-0.5.0-201fc85-SNAPSHOT.jar:0.5.0-201fc85-SNAPSHOT]
	at java.util.concurrent.CompletableFuture.uniComposeStage(CompletableFuture.java:981) ~[?:1.8.0_212]
	at java.util.concurrent.CompletableFuture.thenCompose(CompletableFuture.java:2124) ~[?:1.8.0_212]
	at org.apache.ratis.server.impl.RaftServerProxy.submitRequest(RaftServerProxy.java:327) ~[ratis-server-0.5.0-201fc85-SNAPSHOT.jar:0.5.0-201fc85-SNAPSHOT]
	at org.apache.ratis.server.impl.RaftServerProxy.submitClientRequestAsync(RaftServerProxy.java:333) ~[ratis-server-0.5.0-201fc85-SNAPSHOT.jar:0.5.0-201fc85-SNAPSHOT]
	at org.apache.ratis.grpc.client.GrpcClientProtocolService$RequestStreamObserver.processClientRequest(GrpcClientProtocolService.java:220) ~[ratis-grpc-0.5.0-201fc85-SNAPSHOT.jar:0.5.0-201fc85-SNAPSHOT]
	at org.apache.ratis.grpc.client.GrpcClientProtocolService$OrderedRequestStreamObserver.processClientRequest(GrpcClientProtocolService.java:326) ~[ratis-grpc-0.5.0-201fc85-SNAPSHOT.jar:0.5.0-201fc85-SNAPSHOT]
	at org.apache.ratis.util.SlidingWindow$Server.processRequestsFromHead(SlidingWindow.java:429) [ratis-common-0.5.0-201fc85-SNAPSHOT.jar:0.5.0-201fc85-SNAPSHOT]
	at org.apache.ratis.util.SlidingWindow$Server.receivedRequest(SlidingWindow.java:421) [ratis-common-0.5.0-201fc85-SNAPSHOT.jar:0.5.0-201fc85-SNAPSHOT]
	at org.apache.ratis.grpc.client.GrpcClientProtocolService$OrderedRequestStreamObserver.processClientRequest(GrpcClientProtocolService.java:345) [ratis-grpc-0.5.0-201fc85-SNAPSHOT.jar:0.5.0-201fc85-SNAPSHOT]
	at org.apache.ratis.grpc.client.GrpcClientProtocolService$RequestStreamObserver.onNext(GrpcClientProtocolService.java:240) [ratis-grpc-0.5.0-201fc85-SNAPSHOT.jar:0.5.0-201fc85-SNAPSHOT]
	at org.apache.ratis.grpc.client.GrpcClientProtocolService$RequestStreamObserver.onNext(GrpcClientProtocolService.java:168) [ratis-grpc-0.5.0-201fc85-SNAPSHOT.jar:0.5.0-201fc85-SNAPSHOT]
	at org.apache.ratis.thirdparty.io.grpc.stub.ServerCalls$StreamingServerCallHandler$StreamingServerCallListener.onMessage(ServerCalls.java:248) [ratis-thirdparty-misc-0.2.0.jar:0.2.0]
	at org.apache.ratis.thirdparty.io.grpc.internal.ServerCallImpl$ServerStreamListenerImpl.messagesAvailable(ServerCallImpl.java:263) [ratis-thirdparty-misc-0.2.0.jar:0.2.0]
	at org.apache.ratis.thirdparty.io.grpc.internal.ServerImpl$JumpToApplicationThreadServerStreamListener$1MessagesAvailable.runInContext(ServerImpl.java:686) [ratis-thirdparty-misc-0.2.0.jar:0.2.0]
	at org.apache.ratis.thirdparty.io.grpc.internal.ContextRunnable.run(ContextRunnable.java:37) [ratis-thirdparty-misc-0.2.0.jar:0.2.0]
	at org.apache.ratis.thirdparty.io.grpc.internal.SerializingExecutor.run(SerializingExecutor.java:123) [ratis-thirdparty-misc-0.2.0.jar:0.2.0]
	at java.util.concurrent.ThreadPoolExecutor.runWorker(ThreadPoolExecutor.java:1149) [?:1.8.0_212]
	at java.util.concurrent.ThreadPoolExecutor$Worker.run(ThreadPoolExecutor.java:624) [?:1.8.0_212]
	at java.lang.Thread.run(Thread.java:748) [?:1.8.0_212]
19:09:33.808 [grpc-default-executor-9] ERROR DNAudit - user=null | ip=null | op=WRITE_CHUNK {blockData=conID: 1 locID: 102939659724455949 bcsId: 12} | ret=FAILURE
org.apache.hadoop.hdds.scm.container.common.helpers.ContainerNotOpenException: Container 1 in CLOSING state
	at org.apache.hadoop.ozone.container.common.impl.HddsDispatcher.validateContainerCommand(HddsDispatcher.java:436) ~[hadoop-hdds-container-service-0.5.0-SNAPSHOT.jar:?]
	at org.apache.hadoop.ozone.container.common.transport.server.ratis.ContainerStateMachine.startTransaction(ContainerStateMachine.java:320) ~[hadoop-hdds-container-service-0.5.0-SNAPSHOT.jar:?]
	at org.apache.ratis.server.impl.RaftServerImpl.submitClientRequestAsync(RaftServerImpl.java:569) ~[ratis-server-0.5.0-201fc85-SNAPSHOT.jar:0.5.0-201fc85-SNAPSHOT]
	at org.apache.ratis.server.impl.RaftServerProxy.lambda$submitClientRequestAsync$7(RaftServerProxy.java:333) ~[ratis-server-0.5.0-201fc85-SNAPSHOT.jar:0.5.0-201fc85-SNAPSHOT]
	at org.apache.ratis.server.impl.RaftServerProxy.lambda$null$5(RaftServerProxy.java:328) ~[ratis-server-0.5.0-201fc85-SNAPSHOT.jar:0.5.0-201fc85-SNAPSHOT]
	at org.apache.ratis.util.JavaUtils.callAsUnchecked(JavaUtils.java:109) ~[ratis-common-0.5.0-201fc85-SNAPSHOT.jar:0.5.0-201fc85-SNAPSHOT]
	at org.apache.ratis.server.impl.RaftServerProxy.lambda$submitRequest$6(RaftServerProxy.java:328) ~[ratis-server-0.5.0-201fc85-SNAPSHOT.jar:0.5.0-201fc85-SNAPSHOT]
	at java.util.concurrent.CompletableFuture.uniComposeStage(CompletableFuture.java:981) ~[?:1.8.0_212]
	at java.util.concurrent.CompletableFuture.thenCompose(CompletableFuture.java:2124) ~[?:1.8.0_212]
	at org.apache.ratis.server.impl.RaftServerProxy.submitRequest(RaftServerProxy.java:327) ~[ratis-server-0.5.0-201fc85-SNAPSHOT.jar:0.5.0-201fc85-SNAPSHOT]
	at org.apache.ratis.server.impl.RaftServerProxy.submitClientRequestAsync(RaftServerProxy.java:333) ~[ratis-server-0.5.0-201fc85-SNAPSHOT.jar:0.5.0-201fc85-SNAPSHOT]
	at org.apache.ratis.grpc.client.GrpcClientProtocolService$RequestStreamObserver.processClientRequest(GrpcClientProtocolService.java:220) ~[ratis-grpc-0.5.0-201fc85-SNAPSHOT.jar:0.5.0-201fc85-SNAPSHOT]
	at org.apache.ratis.grpc.client.GrpcClientProtocolService$OrderedRequestStreamObserver.processClientRequest(GrpcClientProtocolService.java:326) ~[ratis-grpc-0.5.0-201fc85-SNAPSHOT.jar:0.5.0-201fc85-SNAPSHOT]
	at org.apache.ratis.util.SlidingWindow$Server.processRequestsFromHead(SlidingWindow.java:429) [ratis-common-0.5.0-201fc85-SNAPSHOT.jar:0.5.0-201fc85-SNAPSHOT]
	at org.apache.ratis.util.SlidingWindow$Server.receivedRequest(SlidingWindow.java:421) [ratis-common-0.5.0-201fc85-SNAPSHOT.jar:0.5.0-201fc85-SNAPSHOT]
	at org.apache.ratis.grpc.client.GrpcClientProtocolService$OrderedRequestStreamObserver.processClientRequest(GrpcClientProtocolService.java:345) [ratis-grpc-0.5.0-201fc85-SNAPSHOT.jar:0.5.0-201fc85-SNAPSHOT]
	at org.apache.ratis.grpc.client.GrpcClientProtocolService$RequestStreamObserver.onNext(GrpcClientProtocolService.java:240) [ratis-grpc-0.5.0-201fc85-SNAPSHOT.jar:0.5.0-201fc85-SNAPSHOT]
	at org.apache.ratis.grpc.client.GrpcClientProtocolService$RequestStreamObserver.onNext(GrpcClientProtocolService.java:168) [ratis-grpc-0.5.0-201fc85-SNAPSHOT.jar:0.5.0-201fc85-SNAPSHOT]
	at org.apache.ratis.thirdparty.io.grpc.stub.ServerCalls$StreamingServerCallHandler$StreamingServerCallListener.onMessage(ServerCalls.java:248) [ratis-thirdparty-misc-0.2.0.jar:0.2.0]
	at org.apache.ratis.thirdparty.io.grpc.internal.ServerCallImpl$ServerStreamListenerImpl.messagesAvailable(ServerCallImpl.java:263) [ratis-thirdparty-misc-0.2.0.jar:0.2.0]
	at org.apache.ratis.thirdparty.io.grpc.internal.ServerImpl$JumpToApplicationThreadServerStreamListener$1MessagesAvailable.runInContext(ServerImpl.java:686) [ratis-thirdparty-misc-0.2.0.jar:0.2.0]
	at org.apache.ratis.thirdparty.io.grpc.internal.ContextRunnable.run(ContextRunnable.java:37) [ratis-thirdparty-misc-0.2.0.jar:0.2.0]
	at org.apache.ratis.thirdparty.io.grpc.internal.SerializingExecutor.run(SerializingExecutor.java:123) [ratis-thirdparty-misc-0.2.0.jar:0.2.0]
	at java.util.concurrent.ThreadPoolExecutor.runWorker(ThreadPoolExecutor.java:1149) [?:1.8.0_212]
	at java.util.concurrent.ThreadPoolExecutor$Worker.run(ThreadPoolExecutor.java:624) [?:1.8.0_212]
	at java.lang.Thread.run(Thread.java:748) [?:1.8.0_212]
19:09:33.821 [grpc-default-executor-9] ERROR DNAudit - user=null | ip=null | op=PUT_BLOCK {blockData=[blockId=conID: 1 locID: 102939659724455949 bcsId: 0,size=650]} | ret=FAILURE
org.apache.hadoop.hdds.scm.container.common.helpers.ContainerNotOpenException: Container 1 in CLOSING state
	at org.apache.hadoop.ozone.container.common.impl.HddsDispatcher.validateContainerCommand(HddsDispatcher.java:436) ~[hadoop-hdds-container-service-0.5.0-SNAPSHOT.jar:?]
	at org.apache.hadoop.ozone.container.common.transport.server.ratis.ContainerStateMachine.startTransaction(ContainerStateMachine.java:320) ~[hadoop-hdds-container-service-0.5.0-SNAPSHOT.jar:?]
	at org.apache.ratis.server.impl.RaftServerImpl.submitClientRequestAsync(RaftServerImpl.java:569) ~[ratis-server-0.5.0-201fc85-SNAPSHOT.jar:0.5.0-201fc85-SNAPSHOT]
	at org.apache.ratis.server.impl.RaftServerProxy.lambda$submitClientRequestAsync$7(RaftServerProxy.java:333) ~[ratis-server-0.5.0-201fc85-SNAPSHOT.jar:0.5.0-201fc85-SNAPSHOT]
	at org.apache.ratis.server.impl.RaftServerProxy.lambda$null$5(RaftServerProxy.java:328) ~[ratis-server-0.5.0-201fc85-SNAPSHOT.jar:0.5.0-201fc85-SNAPSHOT]
	at org.apache.ratis.util.JavaUtils.callAsUnchecked(JavaUtils.java:109) ~[ratis-common-0.5.0-201fc85-SNAPSHOT.jar:0.5.0-201fc85-SNAPSHOT]
	at org.apache.ratis.server.impl.RaftServerProxy.lambda$submitRequest$6(RaftServerProxy.java:328) ~[ratis-server-0.5.0-201fc85-SNAPSHOT.jar:0.5.0-201fc85-SNAPSHOT]
	at java.util.concurrent.CompletableFuture.uniComposeStage(CompletableFuture.java:981) ~[?:1.8.0_212]
	at java.util.concurrent.CompletableFuture.thenCompose(CompletableFuture.java:2124) ~[?:1.8.0_212]
	at org.apache.ratis.server.impl.RaftServerProxy.submitRequest(RaftServerProxy.java:327) ~[ratis-server-0.5.0-201fc85-SNAPSHOT.jar:0.5.0-201fc85-SNAPSHOT]
	at org.apache.ratis.server.impl.RaftServerProxy.submitClientRequestAsync(RaftServerProxy.java:333) ~[ratis-server-0.5.0-201fc85-SNAPSHOT.jar:0.5.0-201fc85-SNAPSHOT]
	at org.apache.ratis.grpc.client.GrpcClientProtocolService$RequestStreamObserver.processClientRequest(GrpcClientProtocolService.java:220) ~[ratis-grpc-0.5.0-201fc85-SNAPSHOT.jar:0.5.0-201fc85-SNAPSHOT]
	at org.apache.ratis.grpc.client.GrpcClientProtocolService$OrderedRequestStreamObserver.processClientRequest(GrpcClientProtocolService.java:326) ~[ratis-grpc-0.5.0-201fc85-SNAPSHOT.jar:0.5.0-201fc85-SNAPSHOT]
	at org.apache.ratis.util.SlidingWindow$Server.processRequestsFromHead(SlidingWindow.java:429) [ratis-common-0.5.0-201fc85-SNAPSHOT.jar:0.5.0-201fc85-SNAPSHOT]
	at org.apache.ratis.util.SlidingWindow$Server.receivedRequest(SlidingWindow.java:421) [ratis-common-0.5.0-201fc85-SNAPSHOT.jar:0.5.0-201fc85-SNAPSHOT]
	at org.apache.ratis.grpc.client.GrpcClientProtocolService$OrderedRequestStreamObserver.processClientRequest(GrpcClientProtocolService.java:345) [ratis-grpc-0.5.0-201fc85-SNAPSHOT.jar:0.5.0-201fc85-SNAPSHOT]
	at org.apache.ratis.grpc.client.GrpcClientProtocolService$RequestStreamObserver.onNext(GrpcClientProtocolService.java:240) [ratis-grpc-0.5.0-201fc85-SNAPSHOT.jar:0.5.0-201fc85-SNAPSHOT]
	at org.apache.ratis.grpc.client.GrpcClientProtocolService$RequestStreamObserver.onNext(GrpcClientProtocolService.java:168) [ratis-grpc-0.5.0-201fc85-SNAPSHOT.jar:0.5.0-201fc85-SNAPSHOT]
	at org.apache.ratis.thirdparty.io.grpc.stub.ServerCalls$StreamingServerCallHandler$StreamingServerCallListener.onMessage(ServerCalls.java:248) [ratis-thirdparty-misc-0.2.0.jar:0.2.0]
	at org.apache.ratis.thirdparty.io.grpc.internal.ServerCallImpl$ServerStreamListenerImpl.messagesAvailable(ServerCallImpl.java:263) [ratis-thirdparty-misc-0.2.0.jar:0.2.0]
	at org.apache.ratis.thirdparty.io.grpc.internal.ServerImpl$JumpToApplicationThreadServerStreamListener$1MessagesAvailable.runInContext(ServerImpl.java:686) [ratis-thirdparty-misc-0.2.0.jar:0.2.0]
	at org.apache.ratis.thirdparty.io.grpc.internal.ContextRunnable.run(ContextRunnable.java:37) [ratis-thirdparty-misc-0.2.0.jar:0.2.0]
	at org.apache.ratis.thirdparty.io.grpc.internal.SerializingExecutor.run(SerializingExecutor.java:123) [ratis-thirdparty-misc-0.2.0.jar:0.2.0]
	at java.util.concurrent.ThreadPoolExecutor.runWorker(ThreadPoolExecutor.java:1149) [?:1.8.0_212]
	at java.util.concurrent.ThreadPoolExecutor$Worker.run(ThreadPoolExecutor.java:624) [?:1.8.0_212]
	at java.lang.Thread.run(Thread.java:748) [?:1.8.0_212]
19:09:33.822 [grpc-default-executor-9] ERROR DNAudit - user=null | ip=null | op=WRITE_CHUNK {blockData=conID: 1 locID: 102939659724455949 bcsId: 12} | ret=FAILURE
org.apache.hadoop.hdds.scm.container.common.helpers.ContainerNotOpenException: Container 1 in CLOSING state
	at org.apache.hadoop.ozone.container.common.impl.HddsDispatcher.validateContainerCommand(HddsDispatcher.java:436) ~[hadoop-hdds-container-service-0.5.0-SNAPSHOT.jar:?]
	at org.apache.hadoop.ozone.container.common.transport.server.ratis.ContainerStateMachine.startTransaction(ContainerStateMachine.java:320) ~[hadoop-hdds-container-service-0.5.0-SNAPSHOT.jar:?]
	at org.apache.ratis.server.impl.RaftServerImpl.submitClientRequestAsync(RaftServerImpl.java:569) ~[ratis-server-0.5.0-201fc85-SNAPSHOT.jar:0.5.0-201fc85-SNAPSHOT]
	at org.apache.ratis.server.impl.RaftServerProxy.lambda$submitClientRequestAsync$7(RaftServerProxy.java:333) ~[ratis-server-0.5.0-201fc85-SNAPSHOT.jar:0.5.0-201fc85-SNAPSHOT]
	at org.apache.ratis.server.impl.RaftServerProxy.lambda$null$5(RaftServerProxy.java:328) ~[ratis-server-0.5.0-201fc85-SNAPSHOT.jar:0.5.0-201fc85-SNAPSHOT]
	at org.apache.ratis.util.JavaUtils.callAsUnchecked(JavaUtils.java:109) ~[ratis-common-0.5.0-201fc85-SNAPSHOT.jar:0.5.0-201fc85-SNAPSHOT]
	at org.apache.ratis.server.impl.RaftServerProxy.lambda$submitRequest$6(RaftServerProxy.java:328) ~[ratis-server-0.5.0-201fc85-SNAPSHOT.jar:0.5.0-201fc85-SNAPSHOT]
	at java.util.concurrent.CompletableFuture.uniComposeStage(CompletableFuture.java:981) ~[?:1.8.0_212]
	at java.util.concurrent.CompletableFuture.thenCompose(CompletableFuture.java:2124) ~[?:1.8.0_212]
	at org.apache.ratis.server.impl.RaftServerProxy.submitRequest(RaftServerProxy.java:327) ~[ratis-server-0.5.0-201fc85-SNAPSHOT.jar:0.5.0-201fc85-SNAPSHOT]
	at org.apache.ratis.server.impl.RaftServerProxy.submitClientRequestAsync(RaftServerProxy.java:333) ~[ratis-server-0.5.0-201fc85-SNAPSHOT.jar:0.5.0-201fc85-SNAPSHOT]
	at org.apache.ratis.grpc.client.GrpcClientProtocolService$RequestStreamObserver.processClientRequest(GrpcClientProtocolService.java:220) ~[ratis-grpc-0.5.0-201fc85-SNAPSHOT.jar:0.5.0-201fc85-SNAPSHOT]
	at org.apache.ratis.grpc.client.GrpcClientProtocolService$OrderedRequestStreamObserver.processClientRequest(GrpcClientProtocolService.java:326) ~[ratis-grpc-0.5.0-201fc85-SNAPSHOT.jar:0.5.0-201fc85-SNAPSHOT]
	at org.apache.ratis.util.SlidingWindow$Server.processRequestsFromHead(SlidingWindow.java:429) [ratis-common-0.5.0-201fc85-SNAPSHOT.jar:0.5.0-201fc85-SNAPSHOT]
	at org.apache.ratis.util.SlidingWindow$Server.receivedRequest(SlidingWindow.java:421) [ratis-common-0.5.0-201fc85-SNAPSHOT.jar:0.5.0-201fc85-SNAPSHOT]
	at org.apache.ratis.grpc.client.GrpcClientProtocolService$OrderedRequestStreamObserver.processClientRequest(GrpcClientProtocolService.java:345) [ratis-grpc-0.5.0-201fc85-SNAPSHOT.jar:0.5.0-201fc85-SNAPSHOT]
	at org.apache.ratis.grpc.client.GrpcClientProtocolService$RequestStreamObserver.onNext(GrpcClientProtocolService.java:240) [ratis-grpc-0.5.0-201fc85-SNAPSHOT.jar:0.5.0-201fc85-SNAPSHOT]
	at org.apache.ratis.grpc.client.GrpcClientProtocolService$RequestStreamObserver.onNext(GrpcClientProtocolService.java:168) [ratis-grpc-0.5.0-201fc85-SNAPSHOT.jar:0.5.0-201fc85-SNAPSHOT]
	at org.apache.ratis.thirdparty.io.grpc.stub.ServerCalls$StreamingServerCallHandler$StreamingServerCallListener.onMessage(ServerCalls.java:248) [ratis-thirdparty-misc-0.2.0.jar:0.2.0]
	at org.apache.ratis.thirdparty.io.grpc.internal.ServerCallImpl$ServerStreamListenerImpl.messagesAvailable(ServerCallImpl.java:263) [ratis-thirdparty-misc-0.2.0.jar:0.2.0]
	at org.apache.ratis.thirdparty.io.grpc.internal.ServerImpl$JumpToApplicationThreadServerStreamListener$1MessagesAvailable.runInContext(ServerImpl.java:686) [ratis-thirdparty-misc-0.2.0.jar:0.2.0]
	at org.apache.ratis.thirdparty.io.grpc.internal.ContextRunnable.run(ContextRunnable.java:37) [ratis-thirdparty-misc-0.2.0.jar:0.2.0]
	at org.apache.ratis.thirdparty.io.grpc.internal.SerializingExecutor.run(SerializingExecutor.java:123) [ratis-thirdparty-misc-0.2.0.jar:0.2.0]
	at java.util.concurrent.ThreadPoolExecutor.runWorker(ThreadPoolExecutor.java:1149) [?:1.8.0_212]
	at java.util.concurrent.ThreadPoolExecutor$Worker.run(ThreadPoolExecutor.java:624) [?:1.8.0_212]
	at java.lang.Thread.run(Thread.java:748) [?:1.8.0_212]
19:09:33.835 [grpc-default-executor-9] ERROR DNAudit - user=null | ip=null | op=WRITE_CHUNK {blockData=conID: 1 locID: 102939659724455949 bcsId: 12} | ret=FAILURE
org.apache.hadoop.hdds.scm.container.common.helpers.ContainerNotOpenException: Container 1 in CLOSING state
	at org.apache.hadoop.ozone.container.common.impl.HddsDispatcher.validateContainerCommand(HddsDispatcher.java:436) ~[hadoop-hdds-container-service-0.5.0-SNAPSHOT.jar:?]
	at org.apache.hadoop.ozone.container.common.transport.server.ratis.ContainerStateMachine.startTransaction(ContainerStateMachine.java:320) ~[hadoop-hdds-container-service-0.5.0-SNAPSHOT.jar:?]
	at org.apache.ratis.server.impl.RaftServerImpl.submitClientRequestAsync(RaftServerImpl.java:569) ~[ratis-server-0.5.0-201fc85-SNAPSHOT.jar:0.5.0-201fc85-SNAPSHOT]
	at org.apache.ratis.server.impl.RaftServerProxy.lambda$submitClientRequestAsync$7(RaftServerProxy.java:333) ~[ratis-server-0.5.0-201fc85-SNAPSHOT.jar:0.5.0-201fc85-SNAPSHOT]
	at org.apache.ratis.server.impl.RaftServerProxy.lambda$null$5(RaftServerProxy.java:328) ~[ratis-server-0.5.0-201fc85-SNAPSHOT.jar:0.5.0-201fc85-SNAPSHOT]
	at org.apache.ratis.util.JavaUtils.callAsUnchecked(JavaUtils.java:109) ~[ratis-common-0.5.0-201fc85-SNAPSHOT.jar:0.5.0-201fc85-SNAPSHOT]
	at org.apache.ratis.server.impl.RaftServerProxy.lambda$submitRequest$6(RaftServerProxy.java:328) ~[ratis-server-0.5.0-201fc85-SNAPSHOT.jar:0.5.0-201fc85-SNAPSHOT]
	at java.util.concurrent.CompletableFuture.uniComposeStage(CompletableFuture.java:981) ~[?:1.8.0_212]
	at java.util.concurrent.CompletableFuture.thenCompose(CompletableFuture.java:2124) ~[?:1.8.0_212]
	at org.apache.ratis.server.impl.RaftServerProxy.submitRequest(RaftServerProxy.java:327) ~[ratis-server-0.5.0-201fc85-SNAPSHOT.jar:0.5.0-201fc85-SNAPSHOT]
	at org.apache.ratis.server.impl.RaftServerProxy.submitClientRequestAsync(RaftServerProxy.java:333) ~[ratis-server-0.5.0-201fc85-SNAPSHOT.jar:0.5.0-201fc85-SNAPSHOT]
	at org.apache.ratis.grpc.client.GrpcClientProtocolService$RequestStreamObserver.processClientRequest(GrpcClientProtocolService.java:220) ~[ratis-grpc-0.5.0-201fc85-SNAPSHOT.jar:0.5.0-201fc85-SNAPSHOT]
	at org.apache.ratis.grpc.client.GrpcClientProtocolService$OrderedRequestStreamObserver.processClientRequest(GrpcClientProtocolService.java:326) ~[ratis-grpc-0.5.0-201fc85-SNAPSHOT.jar:0.5.0-201fc85-SNAPSHOT]
	at org.apache.ratis.util.SlidingWindow$Server.processRequestsFromHead(SlidingWindow.java:429) [ratis-common-0.5.0-201fc85-SNAPSHOT.jar:0.5.0-201fc85-SNAPSHOT]
	at org.apache.ratis.util.SlidingWindow$Server.receivedRequest(SlidingWindow.java:421) [ratis-common-0.5.0-201fc85-SNAPSHOT.jar:0.5.0-201fc85-SNAPSHOT]
	at org.apache.ratis.grpc.client.GrpcClientProtocolService$OrderedRequestStreamObserver.processClientRequest(GrpcClientProtocolService.java:345) [ratis-grpc-0.5.0-201fc85-SNAPSHOT.jar:0.5.0-201fc85-SNAPSHOT]
	at org.apache.ratis.grpc.client.GrpcClientProtocolService$RequestStreamObserver.onNext(GrpcClientProtocolService.java:240) [ratis-grpc-0.5.0-201fc85-SNAPSHOT.jar:0.5.0-201fc85-SNAPSHOT]
	at org.apache.ratis.grpc.client.GrpcClientProtocolService$RequestStreamObserver.onNext(GrpcClientProtocolService.java:168) [ratis-grpc-0.5.0-201fc85-SNAPSHOT.jar:0.5.0-201fc85-SNAPSHOT]
	at org.apache.ratis.thirdparty.io.grpc.stub.ServerCalls$StreamingServerCallHandler$StreamingServerCallListener.onMessage(ServerCalls.java:248) [ratis-thirdparty-misc-0.2.0.jar:0.2.0]
	at org.apache.ratis.thirdparty.io.grpc.internal.ServerCallImpl$ServerStreamListenerImpl.messagesAvailable(ServerCallImpl.java:263) [ratis-thirdparty-misc-0.2.0.jar:0.2.0]
	at org.apache.ratis.thirdparty.io.grpc.internal.ServerImpl$JumpToApplicationThreadServerStreamListener$1MessagesAvailable.runInContext(ServerImpl.java:686) [ratis-thirdparty-misc-0.2.0.jar:0.2.0]
	at org.apache.ratis.thirdparty.io.grpc.internal.ContextRunnable.run(ContextRunnable.java:37) [ratis-thirdparty-misc-0.2.0.jar:0.2.0]
	at org.apache.ratis.thirdparty.io.grpc.internal.SerializingExecutor.run(SerializingExecutor.java:123) [ratis-thirdparty-misc-0.2.0.jar:0.2.0]
	at java.util.concurrent.ThreadPoolExecutor.runWorker(ThreadPoolExecutor.java:1149) [?:1.8.0_212]
	at java.util.concurrent.ThreadPoolExecutor$Worker.run(ThreadPoolExecutor.java:624) [?:1.8.0_212]
	at java.lang.Thread.run(Thread.java:748) [?:1.8.0_212]
19:09:33.837 [grpc-default-executor-9] ERROR DNAudit - user=null | ip=null | op=PUT_BLOCK {blockData=[blockId=conID: 1 locID: 102939659724455949 bcsId: 0,size=800]} | ret=FAILURE
org.apache.hadoop.hdds.scm.container.common.helpers.ContainerNotOpenException: Container 1 in CLOSING state
	at org.apache.hadoop.ozone.container.common.impl.HddsDispatcher.validateContainerCommand(HddsDispatcher.java:436) ~[hadoop-hdds-container-service-0.5.0-SNAPSHOT.jar:?]
	at org.apache.hadoop.ozone.container.common.transport.server.ratis.ContainerStateMachine.startTransaction(ContainerStateMachine.java:320) ~[hadoop-hdds-container-service-0.5.0-SNAPSHOT.jar:?]
	at org.apache.ratis.server.impl.RaftServerImpl.submitClientRequestAsync(RaftServerImpl.java:569) ~[ratis-server-0.5.0-201fc85-SNAPSHOT.jar:0.5.0-201fc85-SNAPSHOT]
	at org.apache.ratis.server.impl.RaftServerProxy.lambda$submitClientRequestAsync$7(RaftServerProxy.java:333) ~[ratis-server-0.5.0-201fc85-SNAPSHOT.jar:0.5.0-201fc85-SNAPSHOT]
	at org.apache.ratis.server.impl.RaftServerProxy.lambda$null$5(RaftServerProxy.java:328) ~[ratis-server-0.5.0-201fc85-SNAPSHOT.jar:0.5.0-201fc85-SNAPSHOT]
	at org.apache.ratis.util.JavaUtils.callAsUnchecked(JavaUtils.java:109) ~[ratis-common-0.5.0-201fc85-SNAPSHOT.jar:0.5.0-201fc85-SNAPSHOT]
	at org.apache.ratis.server.impl.RaftServerProxy.lambda$submitRequest$6(RaftServerProxy.java:328) ~[ratis-server-0.5.0-201fc85-SNAPSHOT.jar:0.5.0-201fc85-SNAPSHOT]
	at java.util.concurrent.CompletableFuture.uniComposeStage(CompletableFuture.java:981) ~[?:1.8.0_212]
	at java.util.concurrent.CompletableFuture.thenCompose(CompletableFuture.java:2124) ~[?:1.8.0_212]
	at org.apache.ratis.server.impl.RaftServerProxy.submitRequest(RaftServerProxy.java:327) ~[ratis-server-0.5.0-201fc85-SNAPSHOT.jar:0.5.0-201fc85-SNAPSHOT]
	at org.apache.ratis.server.impl.RaftServerProxy.submitClientRequestAsync(RaftServerProxy.java:333) ~[ratis-server-0.5.0-201fc85-SNAPSHOT.jar:0.5.0-201fc85-SNAPSHOT]
	at org.apache.ratis.grpc.client.GrpcClientProtocolService$RequestStreamObserver.processClientRequest(GrpcClientProtocolService.java:220) ~[ratis-grpc-0.5.0-201fc85-SNAPSHOT.jar:0.5.0-201fc85-SNAPSHOT]
	at org.apache.ratis.grpc.client.GrpcClientProtocolService$OrderedRequestStreamObserver.processClientRequest(GrpcClientProtocolService.java:326) ~[ratis-grpc-0.5.0-201fc85-SNAPSHOT.jar:0.5.0-201fc85-SNAPSHOT]
	at org.apache.ratis.util.SlidingWindow$Server.processRequestsFromHead(SlidingWindow.java:429) [ratis-common-0.5.0-201fc85-SNAPSHOT.jar:0.5.0-201fc85-SNAPSHOT]
	at org.apache.ratis.util.SlidingWindow$Server.receivedRequest(SlidingWindow.java:421) [ratis-common-0.5.0-201fc85-SNAPSHOT.jar:0.5.0-201fc85-SNAPSHOT]
	at org.apache.ratis.grpc.client.GrpcClientProtocolService$OrderedRequestStreamObserver.processClientRequest(GrpcClientProtocolService.java:345) [ratis-grpc-0.5.0-201fc85-SNAPSHOT.jar:0.5.0-201fc85-SNAPSHOT]
	at org.apache.ratis.grpc.client.GrpcClientProtocolService$RequestStreamObserver.onNext(GrpcClientProtocolService.java:240) [ratis-grpc-0.5.0-201fc85-SNAPSHOT.jar:0.5.0-201fc85-SNAPSHOT]
	at org.apache.ratis.grpc.client.GrpcClientProtocolService$RequestStreamObserver.onNext(GrpcClientProtocolService.java:168) [ratis-grpc-0.5.0-201fc85-SNAPSHOT.jar:0.5.0-201fc85-SNAPSHOT]
	at org.apache.ratis.thirdparty.io.grpc.stub.ServerCalls$StreamingServerCallHandler$StreamingServerCallListener.onMessage(ServerCalls.java:248) [ratis-thirdparty-misc-0.2.0.jar:0.2.0]
	at org.apache.ratis.thirdparty.io.grpc.internal.ServerCallImpl$ServerStreamListenerImpl.messagesAvailable(ServerCallImpl.java:263) [ratis-thirdparty-misc-0.2.0.jar:0.2.0]
	at org.apache.ratis.thirdparty.io.grpc.internal.ServerImpl$JumpToApplicationThreadServerStreamListener$1MessagesAvailable.runInContext(ServerImpl.java:686) [ratis-thirdparty-misc-0.2.0.jar:0.2.0]
	at org.apache.ratis.thirdparty.io.grpc.internal.ContextRunnable.run(ContextRunnable.java:37) [ratis-thirdparty-misc-0.2.0.jar:0.2.0]
	at org.apache.ratis.thirdparty.io.grpc.internal.SerializingExecutor.run(SerializingExecutor.java:123) [ratis-thirdparty-misc-0.2.0.jar:0.2.0]
	at java.util.concurrent.ThreadPoolExecutor.runWorker(ThreadPoolExecutor.java:1149) [?:1.8.0_212]
	at java.util.concurrent.ThreadPoolExecutor$Worker.run(ThreadPoolExecutor.java:624) [?:1.8.0_212]
	at java.lang.Thread.run(Thread.java:748) [?:1.8.0_212]
2019-10-10 19:09:34,267 [main] INFO  ozone.MiniOzoneClusterImpl (MiniOzoneClusterImpl.java:shutdown(314)) - Shutting down the Mini Ozone Cluster
2019-10-10 19:09:34,268 [main] INFO  ozone.MiniOzoneClusterImpl (MiniOzoneClusterImpl.java:stop(330)) - Stopping the Mini Ozone Cluster
2019-10-10 19:09:34,268 [main] INFO  ozone.MiniOzoneClusterImpl (MiniOzoneClusterImpl.java:stopOM(400)) - Stopping the OzoneManager
2019-10-10 19:09:34,268 [main] INFO  ipc.Server (Server.java:stop(3082)) - Stopping server on 43081
2019-10-10 19:09:34,279 [main] INFO  ratis.OzoneManagerDoubleBuffer (OzoneManagerDoubleBuffer.java:stop(248)) - Stopping OMDoubleBuffer flush thread
2019-10-10 19:09:34,281 [IPC Server Responder] INFO  ipc.Server (Server.java:run(1319)) - Stopping IPC Server Responder
2019-10-10 19:09:34,281 [IPC Server listener on 43081] INFO  ipc.Server (Server.java:run(1185)) - Stopping IPC Server listener on 43081
2019-10-10 19:09:34,287 [OMDoubleBufferFlushThread] INFO  ratis.OzoneManagerDoubleBuffer (OzoneManagerDoubleBuffer.java:flushTransactions(191)) - OMDoubleBuffer flush thread OMDoubleBufferFlushThread is interrupted and will exit. OMDoubleBufferFlushThread
2019-10-10 19:09:34,294 [main] INFO  utils.BackgroundService (BackgroundService.java:shutdown(151)) - Shutting down service KeyDeletingService
2019-10-10 19:09:34,302 [main] INFO  handler.ContextHandler (ContextHandler.java:doStop(910)) - Stopped o.e.j.w.WebAppContext@47fcefb3{/,null,UNAVAILABLE}{/ozoneManager}
2019-10-10 19:09:34,303 [main] INFO  server.AbstractConnector (AbstractConnector.java:doStop(318)) - Stopped ServerConnector@236c098{HTTP/1.1,[http/1.1]}{0.0.0.0:0}
2019-10-10 19:09:34,303 [main] INFO  handler.ContextHandler (ContextHandler.java:doStop(910)) - Stopped o.e.j.s.ServletContextHandler@28ee882c{/static,file:///workdir/hadoop-ozone/integration-test/target/test-classes/webapps/static,UNAVAILABLE}
2019-10-10 19:09:34,304 [main] INFO  handler.ContextHandler (ContextHandler.java:doStop(910)) - Stopped o.e.j.s.ServletContextHandler@71d55b7e{/logs,file:///workdir/hadoop-ozone/integration-test/target/log,UNAVAILABLE}
2019-10-10 19:09:34,305 [main] INFO  ozone.MiniOzoneClusterImpl (MiniOzoneClusterImpl.java:stopDatanodes(377)) - Stopping the HddsDatanodes
2019-10-10 19:09:35,040 [Datanode State Machine Thread - 0] INFO  statemachine.DatanodeStateMachine (DatanodeStateMachine.java:lambda$startDaemon$0(350)) - Ozone container server started.
2019-10-10 19:09:35,040 [Datanode State Machine Thread - 0] INFO  statemachine.DatanodeStateMachine (DatanodeStateMachine.java:lambda$startDaemon$0(350)) - Ozone container server started.
2019-10-10 19:09:35,963 [grpc-default-executor-12] WARN  server.GrpcLogAppender (LogUtils.java:warn(134)) - 3f4b2446-6fc6-4450-8672-6922a5bd7ca8@group-D3E77EB3CDFA->7050c371-8b6f-464e-a857-eb7b31a47658-AppendLogResponseHandler: Failed appendEntries: org.apache.ratis.thirdparty.io.grpc.StatusRuntimeException: UNAVAILABLE: io exception
2019-10-10 19:09:35,964 [grpc-default-executor-12] INFO  impl.FollowerInfo (FollowerInfo.java:lambda$new$0(51)) - 3f4b2446-6fc6-4450-8672-6922a5bd7ca8@group-D3E77EB3CDFA->7050c371-8b6f-464e-a857-eb7b31a47658: nextIndex: updateUnconditionally 1 -> 0
2019-10-10 19:09:38,469 [grpc-default-executor-9] WARN  server.GrpcLogAppender (LogUtils.java:warn(134)) - 3f4b2446-6fc6-4450-8672-6922a5bd7ca8@group-D3E77EB3CDFA->7050c371-8b6f-464e-a857-eb7b31a47658-AppendLogResponseHandler: Failed appendEntries: org.apache.ratis.thirdparty.io.grpc.StatusRuntimeException: UNAVAILABLE: io exception
2019-10-10 19:09:38,471 [grpc-default-executor-9] INFO  impl.FollowerInfo (FollowerInfo.java:lambda$new$0(51)) - 3f4b2446-6fc6-4450-8672-6922a5bd7ca8@group-D3E77EB3CDFA->7050c371-8b6f-464e-a857-eb7b31a47658: nextIndex: updateUnconditionally 0 -> 0
2019-10-10 19:09:39,098 [EventQueue-StaleNodeForStaleNodeHandler] INFO  node.StaleNodeHandler (StaleNodeHandler.java:onMessage(58)) - Datanode eb79673d-e71c-46b0-ba54-28d995f39114{ip: 192.168.5.175, host: pr-hdds-2194-9vxpc-1955504311, networkLocation: /default-rack, certSerialId: null} moved to stale state. Finalizing its pipelines [PipelineID=16e1be6e-aff6-421c-a799-c660b89b8e85, PipelineID=84a809c1-8ac7-41a4-ab74-13fe80f271d6]
2019-10-10 19:09:39,099 [EventQueue-StaleNodeForStaleNodeHandler] INFO  pipeline.SCMPipelineManager (SCMPipelineManager.java:finalizeAndDestroyPipeline(315)) - destroying pipeline:Pipeline[ Id: 16e1be6e-aff6-421c-a799-c660b89b8e85, Nodes: eb79673d-e71c-46b0-ba54-28d995f39114{ip: 192.168.5.175, host: pr-hdds-2194-9vxpc-1955504311, networkLocation: /default-rack, certSerialId: null}, Type:RATIS, Factor:ONE, State:OPEN]
2019-10-10 19:09:39,099 [EventQueue-StaleNodeForStaleNodeHandler] INFO  pipeline.PipelineStateManager (PipelineStateManager.java:finalizePipeline(123)) - Pipeline Pipeline[ Id: 16e1be6e-aff6-421c-a799-c660b89b8e85, Nodes: eb79673d-e71c-46b0-ba54-28d995f39114{ip: 192.168.5.175, host: pr-hdds-2194-9vxpc-1955504311, networkLocation: /default-rack, certSerialId: null}, Type:RATIS, Factor:ONE, State:CLOSED] moved to CLOSED state
2019-10-10 19:09:39,100 [EventQueue-StaleNodeForStaleNodeHandler] INFO  pipeline.SCMPipelineManager (SCMPipelineManager.java:finalizeAndDestroyPipeline(315)) - destroying pipeline:Pipeline[ Id: 84a809c1-8ac7-41a4-ab74-13fe80f271d6, Nodes: 4f42c1de-08dc-47d1-8f12-e71e73c4c998{ip: 192.168.5.175, host: pr-hdds-2194-9vxpc-1955504311, networkLocation: /default-rack, certSerialId: null}eb79673d-e71c-46b0-ba54-28d995f39114{ip: 192.168.5.175, host: pr-hdds-2194-9vxpc-1955504311, networkLocation: /default-rack, certSerialId: null}82412393-0d0f-42e5-b60a-35225ce55bb0{ip: 192.168.5.175, host: pr-hdds-2194-9vxpc-1955504311, networkLocation: /default-rack, certSerialId: null}, Type:RATIS, Factor:THREE, State:OPEN]
2019-10-10 19:09:39,100 [EventQueue-StaleNodeForStaleNodeHandler] INFO  pipeline.PipelineStateManager (PipelineStateManager.java:finalizePipeline(123)) - Pipeline Pipeline[ Id: 84a809c1-8ac7-41a4-ab74-13fe80f271d6, Nodes: 4f42c1de-08dc-47d1-8f12-e71e73c4c998{ip: 192.168.5.175, host: pr-hdds-2194-9vxpc-1955504311, networkLocation: /default-rack, certSerialId: null}eb79673d-e71c-46b0-ba54-28d995f39114{ip: 192.168.5.175, host: pr-hdds-2194-9vxpc-1955504311, networkLocation: /default-rack, certSerialId: null}82412393-0d0f-42e5-b60a-35225ce55bb0{ip: 192.168.5.175, host: pr-hdds-2194-9vxpc-1955504311, networkLocation: /default-rack, certSerialId: null}, Type:RATIS, Factor:THREE, State:CLOSED] moved to CLOSED state
2019-10-10 19:09:39,101 [EventQueue-StaleNodeForStaleNodeHandler] INFO  node.StaleNodeHandler (StaleNodeHandler.java:onMessage(58)) - Datanode 82412393-0d0f-42e5-b60a-35225ce55bb0{ip: 192.168.5.175, host: pr-hdds-2194-9vxpc-1955504311, networkLocation: /default-rack, certSerialId: null} moved to stale state. Finalizing its pipelines [PipelineID=84a809c1-8ac7-41a4-ab74-13fe80f271d6, PipelineID=1ccd3e97-8ad2-436b-9125-0ba7846e56e2]
2019-10-10 19:09:39,101 [EventQueue-CloseContainerForCloseContainerEventHandler] INFO  container.CloseContainerEventHandler (CloseContainerEventHandler.java:onMessage(61)) - Close container Event triggered for container : #2
2019-10-10 19:09:39,101 [EventQueue-StaleNodeForStaleNodeHandler] INFO  pipeline.SCMPipelineManager (SCMPipelineManager.java:finalizeAndDestroyPipeline(315)) - destroying pipeline:Pipeline[ Id: 84a809c1-8ac7-41a4-ab74-13fe80f271d6, Nodes: 4f42c1de-08dc-47d1-8f12-e71e73c4c998{ip: 192.168.5.175, host: pr-hdds-2194-9vxpc-1955504311, networkLocation: /default-rack, certSerialId: null}eb79673d-e71c-46b0-ba54-28d995f39114{ip: 192.168.5.175, host: pr-hdds-2194-9vxpc-1955504311, networkLocation: /default-rack, certSerialId: null}82412393-0d0f-42e5-b60a-35225ce55bb0{ip: 192.168.5.175, host: pr-hdds-2194-9vxpc-1955504311, networkLocation: /default-rack, certSerialId: null}, Type:RATIS, Factor:THREE, State:CLOSED]
2019-10-10 19:09:39,107 [EventQueue-StaleNodeForStaleNodeHandler] INFO  pipeline.SCMPipelineManager (SCMPipelineManager.java:finalizeAndDestroyPipeline(315)) - destroying pipeline:Pipeline[ Id: 1ccd3e97-8ad2-436b-9125-0ba7846e56e2, Nodes: 82412393-0d0f-42e5-b60a-35225ce55bb0{ip: 192.168.5.175, host: pr-hdds-2194-9vxpc-1955504311, networkLocation: /default-rack, certSerialId: null}, Type:RATIS, Factor:ONE, State:OPEN]
2019-10-10 19:09:39,107 [EventQueue-StaleNodeForStaleNodeHandler] INFO  pipeline.PipelineStateManager (PipelineStateManager.java:finalizePipeline(123)) - Pipeline Pipeline[ Id: 1ccd3e97-8ad2-436b-9125-0ba7846e56e2, Nodes: 82412393-0d0f-42e5-b60a-35225ce55bb0{ip: 192.168.5.175, host: pr-hdds-2194-9vxpc-1955504311, networkLocation: /default-rack, certSerialId: null}, Type:RATIS, Factor:ONE, State:CLOSED] moved to CLOSED state
2019-10-10 19:09:39,107 [EventQueue-CloseContainerForCloseContainerEventHandler] INFO  container.CloseContainerEventHandler (CloseContainerEventHandler.java:onMessage(61)) - Close container Event triggered for container : #2
2019-10-10 19:09:39,307 [main] INFO  ozoneimpl.OzoneContainer (OzoneContainer.java:stop(227)) - Attempting to stop container services.
2019-10-10 19:09:39,307 [ForkJoinPool.commonPool-worker-0] INFO  ozoneimpl.OzoneContainer (OzoneContainer.java:stop(227)) - Attempting to stop container services.
2019-10-10 19:09:39,308 [main] INFO  impl.RaftServerProxy (RaftServerProxy.java:lambda$close$4(314)) - eb79673d-e71c-46b0-ba54-28d995f39114: close
2019-10-10 19:09:39,308 [ForkJoinPool.commonPool-worker-0] INFO  impl.RaftServerProxy (RaftServerProxy.java:lambda$close$4(314)) - 82412393-0d0f-42e5-b60a-35225ce55bb0: close
2019-10-10 19:09:39,308 [main] INFO  impl.RaftServerImpl (RaftServerImpl.java:lambda$shutdown$3(247)) - eb79673d-e71c-46b0-ba54-28d995f39114@group-C660B89B8E85: shutdown
2019-10-10 19:09:39,308 [ForkJoinPool.commonPool-worker-0] INFO  impl.RaftServerImpl (RaftServerImpl.java:lambda$shutdown$3(247)) - 82412393-0d0f-42e5-b60a-35225ce55bb0@group-13FE80F271D6: shutdown
2019-10-10 19:09:39,309 [main] INFO  util.JmxRegister (JmxRegister.java:unregister(73)) - Successfully un-registered JMX Bean with object name Ratis:service=RaftServer,group=group-C660B89B8E85,id=eb79673d-e71c-46b0-ba54-28d995f39114
2019-10-10 19:09:39,309 [ForkJoinPool.commonPool-worker-0] INFO  util.JmxRegister (JmxRegister.java:unregister(73)) - Successfully un-registered JMX Bean with object name Ratis:service=RaftServer,group=group-13FE80F271D6,id=82412393-0d0f-42e5-b60a-35225ce55bb0
2019-10-10 19:09:39,309 [main] INFO  impl.RoleInfo (RoleInfo.java:shutdownLeaderState(104)) - eb79673d-e71c-46b0-ba54-28d995f39114: shutdown LeaderState
2019-10-10 19:09:39,309 [ForkJoinPool.commonPool-worker-0] INFO  impl.RoleInfo (RoleInfo.java:shutdownFollowerState(121)) - 82412393-0d0f-42e5-b60a-35225ce55bb0: shutdown FollowerState
2019-10-10 19:09:39,310 [main] INFO  impl.PendingRequests (PendingRequests.java:sendNotLeaderResponses(202)) - eb79673d-e71c-46b0-ba54-28d995f39114@group-C660B89B8E85-PendingRequests: sendNotLeaderResponses
2019-10-10 19:09:39,310 [Thread-3195] INFO  impl.FollowerState (FollowerState.java:run(117)) - 82412393-0d0f-42e5-b60a-35225ce55bb0@group-13FE80F271D6-FollowerState was interrupted: java.lang.InterruptedException: sleep interrupted
2019-10-10 19:09:39,310 [ForkJoinPool.commonPool-worker-0] INFO  impl.StateMachineUpdater (StateMachineUpdater.java:stopAndJoin(136)) - 82412393-0d0f-42e5-b60a-35225ce55bb0@group-13FE80F271D6-StateMachineUpdater: set stopIndex = 16
2019-10-10 19:09:39,313 [main] INFO  impl.StateMachineUpdater (StateMachineUpdater.java:stopAndJoin(136)) - eb79673d-e71c-46b0-ba54-28d995f39114@group-C660B89B8E85-StateMachineUpdater: set stopIndex = 0
2019-10-10 19:09:39,310 [82412393-0d0f-42e5-b60a-35225ce55bb0@group-13FE80F271D6-StateMachineUpdater] INFO  ratis.ContainerStateMachine (ContainerStateMachine.java:takeSnapshot(294)) - group-13FE80F271D6: Taking a snapshot at:(t:1, i:14) file /workdir/hadoop-ozone/integration-test/target/test-dir/MiniOzoneClusterImpl-1a4c3d35-b2f5-4839-a9b3-d09690a86701/datanode-1/data/ratis/84a809c1-8ac7-41a4-ab74-13fe80f271d6/sm/snapshot.1_14
2019-10-10 19:09:39,314 [main] INFO  impl.RaftServerImpl (ServerState.java:close(387)) - eb79673d-e71c-46b0-ba54-28d995f39114@group-C660B89B8E85: closes. applyIndex: 0
2019-10-10 19:09:39,315 [eb79673d-e71c-46b0-ba54-28d995f39114@group-C660B89B8E85-SegmentedRaftLogWorker] INFO  segmented.SegmentedRaftLogWorker (SegmentedRaftLogWorker.java:run(316)) - eb79673d-e71c-46b0-ba54-28d995f39114@group-C660B89B8E85-SegmentedRaftLogWorker was interrupted, exiting. There are 0 tasks remaining in the queue.
2019-10-10 19:09:39,326 [main] INFO  segmented.SegmentedRaftLogWorker (SegmentedRaftLogWorker.java:close(224)) - eb79673d-e71c-46b0-ba54-28d995f39114@group-C660B89B8E85-SegmentedRaftLogWorker close()
2019-10-10 19:09:39,330 [main] INFO  impl.RaftServerImpl (RaftServerImpl.java:lambda$shutdown$3(247)) - eb79673d-e71c-46b0-ba54-28d995f39114@group-13FE80F271D6: shutdown
2019-10-10 19:09:39,331 [main] INFO  util.JmxRegister (JmxRegister.java:unregister(73)) - Successfully un-registered JMX Bean with object name Ratis:service=RaftServer,group=group-13FE80F271D6,id=eb79673d-e71c-46b0-ba54-28d995f39114
2019-10-10 19:09:39,331 [main] INFO  impl.RoleInfo (RoleInfo.java:shutdownLeaderState(104)) - eb79673d-e71c-46b0-ba54-28d995f39114: shutdown LeaderState
2019-10-10 19:09:39,335 [main] INFO  impl.PendingRequests (PendingRequests.java:sendNotLeaderResponses(202)) - eb79673d-e71c-46b0-ba54-28d995f39114@group-13FE80F271D6-PendingRequests: sendNotLeaderResponses
2019-10-10 19:09:39,335 [org.apache.ratis.server.impl.LogAppender$AppenderDaemon$$Lambda$543/194541040@7c27036a] WARN  server.GrpcLogAppender (GrpcLogAppender.java:mayWait(143)) - eb79673d-e71c-46b0-ba54-28d995f39114@group-13FE80F271D6->4f42c1de-08dc-47d1-8f12-e71e73c4c998-GrpcLogAppender: Wait interrupted by java.lang.InterruptedException
2019-10-10 19:09:39,335 [org.apache.ratis.server.impl.LogAppender$AppenderDaemon$$Lambda$543/194541040@20ac6a95] WARN  server.GrpcLogAppender (GrpcLogAppender.java:mayWait(143)) - eb79673d-e71c-46b0-ba54-28d995f39114@group-13FE80F271D6->82412393-0d0f-42e5-b60a-35225ce55bb0-GrpcLogAppender: Wait interrupted by java.lang.InterruptedException
2019-10-10 19:09:39,345 [82412393-0d0f-42e5-b60a-35225ce55bb0@group-13FE80F271D6-StateMachineUpdater] INFO  ratis.ContainerStateMachine (ContainerStateMachine.java:takeSnapshot(305)) - group-13FE80F271D6: Finished taking a snapshot at:(t:1, i:14) file:/workdir/hadoop-ozone/integration-test/target/test-dir/MiniOzoneClusterImpl-1a4c3d35-b2f5-4839-a9b3-d09690a86701/datanode-1/data/ratis/84a809c1-8ac7-41a4-ab74-13fe80f271d6/sm/snapshot.1_14 time:34
2019-10-10 19:09:39,345 [main] INFO  impl.StateMachineUpdater (StateMachineUpdater.java:stopAndJoin(136)) - eb79673d-e71c-46b0-ba54-28d995f39114@group-13FE80F271D6-StateMachineUpdater: set stopIndex = 16
2019-10-10 19:09:39,346 [grpc-default-executor-12] INFO  server.GrpcServerProtocolService (GrpcServerProtocolService.java:onCompleted(113)) - 4f42c1de-08dc-47d1-8f12-e71e73c4c998: Completed APPEND_ENTRIES, lastRequest: eb79673d-e71c-46b0-ba54-28d995f39114->4f42c1de-08dc-47d1-8f12-e71e73c4c998#25-t1, previous=(t:1, i:16), leaderCommit=16, initializing? false, entries: <empty>
2019-10-10 19:09:39,346 [grpc-default-executor-11] INFO  server.GrpcServerProtocolService (GrpcServerProtocolService.java:onCompleted(113)) - 82412393-0d0f-42e5-b60a-35225ce55bb0: Completed APPEND_ENTRIES, lastRequest: eb79673d-e71c-46b0-ba54-28d995f39114->82412393-0d0f-42e5-b60a-35225ce55bb0#25-t1, previous=(t:1, i:16), leaderCommit=16, initializing? false, entries: <empty>
2019-10-10 19:09:39,345 [eb79673d-e71c-46b0-ba54-28d995f39114@group-13FE80F271D6-StateMachineUpdater] INFO  ratis.ContainerStateMachine (ContainerStateMachine.java:takeSnapshot(294)) - group-13FE80F271D6: Taking a snapshot at:(t:1, i:14) file /workdir/hadoop-ozone/integration-test/target/test-dir/MiniOzoneClusterImpl-1a4c3d35-b2f5-4839-a9b3-d09690a86701/datanode-4/data/ratis/84a809c1-8ac7-41a4-ab74-13fe80f271d6/sm/snapshot.1_14
2019-10-10 19:09:39,345 [82412393-0d0f-42e5-b60a-35225ce55bb0@group-13FE80F271D6-StateMachineUpdater] INFO  impl.StateMachineUpdater (StateMachineUpdater.java:takeSnapshot(269)) - 82412393-0d0f-42e5-b60a-35225ce55bb0@group-13FE80F271D6-StateMachineUpdater: Took a snapshot at index 14
2019-10-10 19:09:39,346 [grpc-default-executor-12] INFO  server.GrpcLogAppender (GrpcLogAppender.java:onCompleted(293)) - eb79673d-e71c-46b0-ba54-28d995f39114@group-13FE80F271D6->82412393-0d0f-42e5-b60a-35225ce55bb0-AppendLogResponseHandler: follower responses appendEntries COMPLETED
2019-10-10 19:09:39,346 [grpc-default-executor-11] INFO  server.GrpcLogAppender (GrpcLogAppender.java:onCompleted(293)) - eb79673d-e71c-46b0-ba54-28d995f39114@group-13FE80F271D6->4f42c1de-08dc-47d1-8f12-e71e73c4c998-AppendLogResponseHandler: follower responses appendEntries COMPLETED
2019-10-10 19:09:39,346 [82412393-0d0f-42e5-b60a-35225ce55bb0@group-13FE80F271D6-StateMachineUpdater] INFO  impl.StateMachineUpdater (StateMachineUpdater.java:lambda$new$0(84)) - 82412393-0d0f-42e5-b60a-35225ce55bb0@group-13FE80F271D6-StateMachineUpdater: snapshotIndex: updateIncreasingly -1 -> 14
2019-10-10 19:09:39,347 [grpc-default-executor-12] INFO  impl.FollowerInfo (FollowerInfo.java:lambda$new$0(51)) - eb79673d-e71c-46b0-ba54-28d995f39114@group-13FE80F271D6->82412393-0d0f-42e5-b60a-35225ce55bb0: nextIndex: updateUnconditionally 17 -> 16
2019-10-10 19:09:39,348 [82412393-0d0f-42e5-b60a-35225ce55bb0@group-13FE80F271D6-StateMachineUpdater] INFO  ratis.ContainerStateMachine (ContainerStateMachine.java:takeSnapshot(294)) - group-13FE80F271D6: Taking a snapshot at:(t:1, i:14) file /workdir/hadoop-ozone/integration-test/target/test-dir/MiniOzoneClusterImpl-1a4c3d35-b2f5-4839-a9b3-d09690a86701/datanode-1/data/ratis/84a809c1-8ac7-41a4-ab74-13fe80f271d6/sm/snapshot.1_14
2019-10-10 19:09:39,348 [grpc-default-executor-11] INFO  impl.FollowerInfo (FollowerInfo.java:lambda$new$0(51)) - eb79673d-e71c-46b0-ba54-28d995f39114@group-13FE80F271D6->4f42c1de-08dc-47d1-8f12-e71e73c4c998: nextIndex: updateUnconditionally 17 -> 16
2019-10-10 19:09:39,370 [82412393-0d0f-42e5-b60a-35225ce55bb0@group-13FE80F271D6-StateMachineUpdater] INFO  ratis.ContainerStateMachine (ContainerStateMachine.java:takeSnapshot(305)) - group-13FE80F271D6: Finished taking a snapshot at:(t:1, i:14) file:/workdir/hadoop-ozone/integration-test/target/test-dir/MiniOzoneClusterImpl-1a4c3d35-b2f5-4839-a9b3-d09690a86701/datanode-1/data/ratis/84a809c1-8ac7-41a4-ab74-13fe80f271d6/sm/snapshot.1_14 time:23
2019-10-10 19:09:39,370 [eb79673d-e71c-46b0-ba54-28d995f39114@group-13FE80F271D6-StateMachineUpdater] INFO  ratis.ContainerStateMachine (ContainerStateMachine.java:takeSnapshot(305)) - group-13FE80F271D6: Finished taking a snapshot at:(t:1, i:14) file:/workdir/hadoop-ozone/integration-test/target/test-dir/MiniOzoneClusterImpl-1a4c3d35-b2f5-4839-a9b3-d09690a86701/datanode-4/data/ratis/84a809c1-8ac7-41a4-ab74-13fe80f271d6/sm/snapshot.1_14 time:25
2019-10-10 19:09:39,371 [82412393-0d0f-42e5-b60a-35225ce55bb0@group-13FE80F271D6-StateMachineUpdater] INFO  impl.StateMachineUpdater (StateMachineUpdater.java:takeSnapshot(269)) - 82412393-0d0f-42e5-b60a-35225ce55bb0@group-13FE80F271D6-StateMachineUpdater: Took a snapshot at index 14
2019-10-10 19:09:39,371 [82412393-0d0f-42e5-b60a-35225ce55bb0@group-13FE80F271D6-StateMachineUpdater] INFO  impl.StateMachineUpdater (StateMachineUpdater.java:lambda$new$0(84)) - 82412393-0d0f-42e5-b60a-35225ce55bb0@group-13FE80F271D6-StateMachineUpdater: snapshotIndex: updateIncreasingly 14 -> 14
2019-10-10 19:09:39,371 [eb79673d-e71c-46b0-ba54-28d995f39114@group-13FE80F271D6-StateMachineUpdater] INFO  impl.StateMachineUpdater (StateMachineUpdater.java:takeSnapshot(269)) - eb79673d-e71c-46b0-ba54-28d995f39114@group-13FE80F271D6-StateMachineUpdater: Took a snapshot at index 14
2019-10-10 19:09:39,371 [eb79673d-e71c-46b0-ba54-28d995f39114@group-13FE80F271D6-StateMachineUpdater] INFO  impl.StateMachineUpdater (StateMachineUpdater.java:lambda$new$0(84)) - eb79673d-e71c-46b0-ba54-28d995f39114@group-13FE80F271D6-StateMachineUpdater: snapshotIndex: updateIncreasingly -1 -> 14
2019-10-10 19:09:39,371 [ForkJoinPool.commonPool-worker-0] INFO  impl.RaftServerImpl (ServerState.java:close(387)) - 82412393-0d0f-42e5-b60a-35225ce55bb0@group-13FE80F271D6: closes. applyIndex: 16
2019-10-10 19:09:39,371 [eb79673d-e71c-46b0-ba54-28d995f39114@group-13FE80F271D6-StateMachineUpdater] INFO  ratis.ContainerStateMachine (ContainerStateMachine.java:takeSnapshot(294)) - group-13FE80F271D6: Taking a snapshot at:(t:1, i:14) file /workdir/hadoop-ozone/integration-test/target/test-dir/MiniOzoneClusterImpl-1a4c3d35-b2f5-4839-a9b3-d09690a86701/datanode-4/data/ratis/84a809c1-8ac7-41a4-ab74-13fe80f271d6/sm/snapshot.1_14
2019-10-10 19:09:39,372 [82412393-0d0f-42e5-b60a-35225ce55bb0@group-13FE80F271D6-SegmentedRaftLogWorker] INFO  segmented.SegmentedRaftLogWorker (SegmentedRaftLogWorker.java:run(316)) - 82412393-0d0f-42e5-b60a-35225ce55bb0@group-13FE80F271D6-SegmentedRaftLogWorker was interrupted, exiting. There are 0 tasks remaining in the queue.
2019-10-10 19:09:39,375 [ForkJoinPool.commonPool-worker-0] INFO  segmented.SegmentedRaftLogWorker (SegmentedRaftLogWorker.java:close(224)) - 82412393-0d0f-42e5-b60a-35225ce55bb0@group-13FE80F271D6-SegmentedRaftLogWorker close()
2019-10-10 19:09:39,381 [ForkJoinPool.commonPool-worker-0] INFO  impl.RaftServerImpl (RaftServerImpl.java:lambda$shutdown$3(247)) - 82412393-0d0f-42e5-b60a-35225ce55bb0@group-0BA7846E56E2: shutdown
2019-10-10 19:09:39,381 [ForkJoinPool.commonPool-worker-0] INFO  util.JmxRegister (JmxRegister.java:unregister(73)) - Successfully un-registered JMX Bean with object name Ratis:service=RaftServer,group=group-0BA7846E56E2,id=82412393-0d0f-42e5-b60a-35225ce55bb0
2019-10-10 19:09:39,381 [ForkJoinPool.commonPool-worker-0] INFO  impl.RoleInfo (RoleInfo.java:shutdownLeaderState(104)) - 82412393-0d0f-42e5-b60a-35225ce55bb0: shutdown LeaderState
2019-10-10 19:09:39,381 [ForkJoinPool.commonPool-worker-0] INFO  impl.PendingRequests (PendingRequests.java:sendNotLeaderResponses(202)) - 82412393-0d0f-42e5-b60a-35225ce55bb0@group-0BA7846E56E2-PendingRequests: sendNotLeaderResponses
2019-10-10 19:09:39,382 [ForkJoinPool.commonPool-worker-0] INFO  impl.StateMachineUpdater (StateMachineUpdater.java:stopAndJoin(136)) - 82412393-0d0f-42e5-b60a-35225ce55bb0@group-0BA7846E56E2-StateMachineUpdater: set stopIndex = 0
2019-10-10 19:09:39,382 [ForkJoinPool.commonPool-worker-0] INFO  impl.RaftServerImpl (ServerState.java:close(387)) - 82412393-0d0f-42e5-b60a-35225ce55bb0@group-0BA7846E56E2: closes. applyIndex: 0
2019-10-10 19:09:39,383 [82412393-0d0f-42e5-b60a-35225ce55bb0@group-0BA7846E56E2-SegmentedRaftLogWorker] INFO  segmented.SegmentedRaftLogWorker (SegmentedRaftLogWorker.java:run(316)) - 82412393-0d0f-42e5-b60a-35225ce55bb0@group-0BA7846E56E2-SegmentedRaftLogWorker was interrupted, exiting. There are 0 tasks remaining in the queue.
2019-10-10 19:09:39,386 [ForkJoinPool.commonPool-worker-0] INFO  segmented.SegmentedRaftLogWorker (SegmentedRaftLogWorker.java:close(224)) - 82412393-0d0f-42e5-b60a-35225ce55bb0@group-0BA7846E56E2-SegmentedRaftLogWorker close()
2019-10-10 19:09:39,390 [ForkJoinPool.commonPool-worker-0] INFO  server.GrpcService (GrpcService.java:closeImpl(164)) - 82412393-0d0f-42e5-b60a-35225ce55bb0: shutdown server with port 38227 now
2019-10-10 19:09:39,393 [ForkJoinPool.commonPool-worker-0] INFO  server.GrpcService (GrpcService.java:closeImpl(172)) - 82412393-0d0f-42e5-b60a-35225ce55bb0: shutdown server with port 38227 successfully
2019-10-10 19:09:39,395 [refreshUsed-/workdir/hadoop-ozone/integration-test/target/test-dir/MiniOzoneClusterImpl-1a4c3d35-b2f5-4839-a9b3-d09690a86701/datanode-1/data/containers] WARN  fs.CachingGetSpaceUsed (CachingGetSpaceUsed.java:run(183)) - Thread Interrupted waiting to refresh disk information: sleep interrupted
2019-10-10 19:09:39,396 [eb79673d-e71c-46b0-ba54-28d995f39114@group-13FE80F271D6-StateMachineUpdater] INFO  ratis.ContainerStateMachine (ContainerStateMachine.java:takeSnapshot(305)) - group-13FE80F271D6: Finished taking a snapshot at:(t:1, i:14) file:/workdir/hadoop-ozone/integration-test/target/test-dir/MiniOzoneClusterImpl-1a4c3d35-b2f5-4839-a9b3-d09690a86701/datanode-4/data/ratis/84a809c1-8ac7-41a4-ab74-13fe80f271d6/sm/snapshot.1_14 time:25
2019-10-10 19:09:39,397 [eb79673d-e71c-46b0-ba54-28d995f39114@group-13FE80F271D6-StateMachineUpdater] INFO  impl.StateMachineUpdater (StateMachineUpdater.java:takeSnapshot(269)) - eb79673d-e71c-46b0-ba54-28d995f39114@group-13FE80F271D6-StateMachineUpdater: Took a snapshot at index 14
2019-10-10 19:09:39,397 [eb79673d-e71c-46b0-ba54-28d995f39114@group-13FE80F271D6-StateMachineUpdater] INFO  impl.StateMachineUpdater (StateMachineUpdater.java:lambda$new$0(84)) - eb79673d-e71c-46b0-ba54-28d995f39114@group-13FE80F271D6-StateMachineUpdater: snapshotIndex: updateIncreasingly 14 -> 14
2019-10-10 19:09:39,398 [main] INFO  impl.RaftServerImpl (ServerState.java:close(387)) - eb79673d-e71c-46b0-ba54-28d995f39114@group-13FE80F271D6: closes. applyIndex: 16
2019-10-10 19:09:39,399 [eb79673d-e71c-46b0-ba54-28d995f39114@group-13FE80F271D6-SegmentedRaftLogWorker] INFO  segmented.SegmentedRaftLogWorker (SegmentedRaftLogWorker.java:run(316)) - eb79673d-e71c-46b0-ba54-28d995f39114@group-13FE80F271D6-SegmentedRaftLogWorker was interrupted, exiting. There are 0 tasks remaining in the queue.
2019-10-10 19:09:39,401 [main] INFO  segmented.SegmentedRaftLogWorker (SegmentedRaftLogWorker.java:close(224)) - eb79673d-e71c-46b0-ba54-28d995f39114@group-13FE80F271D6-SegmentedRaftLogWorker close()
2019-10-10 19:09:39,404 [main] INFO  server.GrpcService (GrpcService.java:closeImpl(164)) - eb79673d-e71c-46b0-ba54-28d995f39114: shutdown server with port 36889 now
2019-10-10 19:09:39,405 [grpc-default-executor-12] WARN  client.GrpcClientProtocolService (LogUtils.java:warn(134)) - 1-UnorderedRequestStreamObserver1: onError: org.apache.ratis.thirdparty.io.grpc.StatusRuntimeException: CANCELLED: cancelled before receiving half close
2019-10-10 19:09:39,405 [main] INFO  server.GrpcService (GrpcService.java:closeImpl(172)) - eb79673d-e71c-46b0-ba54-28d995f39114: shutdown server with port 36889 successfully
2019-10-10 19:09:39,409 [refreshUsed-/workdir/hadoop-ozone/integration-test/target/test-dir/MiniOzoneClusterImpl-1a4c3d35-b2f5-4839-a9b3-d09690a86701/datanode-4/data/containers] WARN  fs.CachingGetSpaceUsed (CachingGetSpaceUsed.java:run(183)) - Thread Interrupted waiting to refresh disk information: sleep interrupted
2019-10-10 19:09:39,422 [ForkJoinPool.commonPool-worker-0] INFO  utils.BackgroundService (BackgroundService.java:shutdown(151)) - Shutting down service BlockDeletingService
2019-10-10 19:09:39,426 [ForkJoinPool.commonPool-worker-0] INFO  statemachine.DatanodeStateMachine (DatanodeStateMachine.java:stopDaemon(395)) - Ozone container server stopped.
2019-10-10 19:09:39,433 [main] INFO  utils.BackgroundService (BackgroundService.java:shutdown(151)) - Shutting down service BlockDeletingService
2019-10-10 19:09:39,440 [ForkJoinPool.commonPool-worker-0] INFO  handler.ContextHandler (ContextHandler.java:doStop(910)) - Stopped o.e.j.w.WebAppContext@55a0f011{/,null,UNAVAILABLE}{/hddsDatanode}
2019-10-10 19:09:39,441 [main] INFO  statemachine.DatanodeStateMachine (DatanodeStateMachine.java:stopDaemon(395)) - Ozone container server stopped.
2019-10-10 19:09:39,442 [ForkJoinPool.commonPool-worker-0] INFO  server.AbstractConnector (AbstractConnector.java:doStop(318)) - Stopped ServerConnector@7ea42c82{HTTP/1.1,[http/1.1]}{0.0.0.0:0}
2019-10-10 19:09:39,444 [ForkJoinPool.commonPool-worker-0] INFO  handler.ContextHandler (ContextHandler.java:doStop(910)) - Stopped o.e.j.s.ServletContextHandler@377dfb8d{/static,jar:file:/home/user/.m2/repository/org/apache/hadoop/hadoop-hdds-container-service/0.5.0-SNAPSHOT/hadoop-hdds-container-service-0.5.0-SNAPSHOT.jar!/webapps/static,UNAVAILABLE}
2019-10-10 19:09:39,445 [main] INFO  handler.ContextHandler (ContextHandler.java:doStop(910)) - Stopped o.e.j.w.WebAppContext@25ce435{/,null,UNAVAILABLE}{/hddsDatanode}
2019-10-10 19:09:39,446 [ForkJoinPool.commonPool-worker-0] INFO  handler.ContextHandler (ContextHandler.java:doStop(910)) - Stopped o.e.j.s.ServletContextHandler@45c80312{/logs,file:///workdir/hadoop-ozone/integration-test/target/log,UNAVAILABLE}
2019-10-10 19:09:39,447 [main] INFO  server.AbstractConnector (AbstractConnector.java:doStop(318)) - Stopped ServerConnector@7ea71fc2{HTTP/1.1,[http/1.1]}{0.0.0.0:0}
2019-10-10 19:09:39,447 [main] INFO  handler.ContextHandler (ContextHandler.java:doStop(910)) - Stopped o.e.j.s.ServletContextHandler@774d8276{/static,jar:file:/home/user/.m2/repository/org/apache/hadoop/hadoop-hdds-container-service/0.5.0-SNAPSHOT/hadoop-hdds-container-service-0.5.0-SNAPSHOT.jar!/webapps/static,UNAVAILABLE}
2019-10-10 19:09:39,447 [main] INFO  handler.ContextHandler (ContextHandler.java:doStop(910)) - Stopped o.e.j.s.ServletContextHandler@19fbc594{/logs,file:///workdir/hadoop-ozone/integration-test/target/log,UNAVAILABLE}
2019-10-10 19:09:40,330 [Datanode State Machine Thread - 0] INFO  statemachine.DatanodeStateMachine (DatanodeStateMachine.java:lambda$startDaemon$0(350)) - Ozone container server started.
2019-10-10 19:09:40,330 [Datanode State Machine Thread - 0] INFO  statemachine.DatanodeStateMachine (DatanodeStateMachine.java:lambda$startDaemon$0(350)) - Ozone container server started.
2019-10-10 19:09:40,967 [grpc-default-executor-11] WARN  server.GrpcLogAppender (LogUtils.java:warn(134)) - 3f4b2446-6fc6-4450-8672-6922a5bd7ca8@group-D3E77EB3CDFA->7050c371-8b6f-464e-a857-eb7b31a47658-AppendLogResponseHandler: Failed appendEntries: org.apache.ratis.thirdparty.io.grpc.StatusRuntimeException: UNAVAILABLE: io exception
2019-10-10 19:09:40,968 [grpc-default-executor-11] INFO  impl.FollowerInfo (FollowerInfo.java:lambda$new$0(51)) - 3f4b2446-6fc6-4450-8672-6922a5bd7ca8@group-D3E77EB3CDFA->7050c371-8b6f-464e-a857-eb7b31a47658: nextIndex: updateUnconditionally 0 -> 0
2019-10-10 19:09:43,479 [grpc-default-executor-11] WARN  server.GrpcLogAppender (LogUtils.java:warn(134)) - 3f4b2446-6fc6-4450-8672-6922a5bd7ca8@group-D3E77EB3CDFA->7050c371-8b6f-464e-a857-eb7b31a47658-AppendLogResponseHandler: Failed appendEntries: org.apache.ratis.thirdparty.io.grpc.StatusRuntimeException: UNAVAILABLE: io exception
2019-10-10 19:09:43,480 [grpc-default-executor-11] INFO  impl.FollowerInfo (FollowerInfo.java:lambda$new$0(51)) - 3f4b2446-6fc6-4450-8672-6922a5bd7ca8@group-D3E77EB3CDFA->7050c371-8b6f-464e-a857-eb7b31a47658: nextIndex: updateUnconditionally 0 -> 0
2019-10-10 19:09:44,405 [EventQueue-StaleNodeForStaleNodeHandler] INFO  node.StaleNodeHandler (StaleNodeHandler.java:onMessage(58)) - Datanode 9c8b8b19-eb4d-4234-9c4a-07b0a2e8cc23{ip: 192.168.5.175, host: pr-hdds-2194-9vxpc-1955504311, networkLocation: /default-rack, certSerialId: null} moved to stale state. Finalizing its pipelines [PipelineID=0f32404e-4910-4866-8b27-40e0ea978f9f, PipelineID=50789d5d-994d-42d2-a5a2-d3e77eb3cdfa]
2019-10-10 19:09:44,406 [EventQueue-StaleNodeForStaleNodeHandler] INFO  pipeline.SCMPipelineManager (SCMPipelineManager.java:finalizeAndDestroyPipeline(315)) - destroying pipeline:Pipeline[ Id: 0f32404e-4910-4866-8b27-40e0ea978f9f, Nodes: 9c8b8b19-eb4d-4234-9c4a-07b0a2e8cc23{ip: 192.168.5.175, host: pr-hdds-2194-9vxpc-1955504311, networkLocation: /default-rack, certSerialId: null}, Type:RATIS, Factor:ONE, State:OPEN]
2019-10-10 19:09:44,407 [EventQueue-StaleNodeForStaleNodeHandler] INFO  pipeline.PipelineStateManager (PipelineStateManager.java:finalizePipeline(123)) - Pipeline Pipeline[ Id: 0f32404e-4910-4866-8b27-40e0ea978f9f, Nodes: 9c8b8b19-eb4d-4234-9c4a-07b0a2e8cc23{ip: 192.168.5.175, host: pr-hdds-2194-9vxpc-1955504311, networkLocation: /default-rack, certSerialId: null}, Type:RATIS, Factor:ONE, State:CLOSED] moved to CLOSED state
2019-10-10 19:09:44,408 [EventQueue-StaleNodeForStaleNodeHandler] INFO  pipeline.SCMPipelineManager (SCMPipelineManager.java:finalizeAndDestroyPipeline(315)) - destroying pipeline:Pipeline[ Id: 50789d5d-994d-42d2-a5a2-d3e77eb3cdfa, Nodes: 7050c371-8b6f-464e-a857-eb7b31a47658{ip: 192.168.5.175, host: pr-hdds-2194-9vxpc-1955504311, networkLocation: /default-rack, certSerialId: null}9c8b8b19-eb4d-4234-9c4a-07b0a2e8cc23{ip: 192.168.5.175, host: pr-hdds-2194-9vxpc-1955504311, networkLocation: /default-rack, certSerialId: null}3f4b2446-6fc6-4450-8672-6922a5bd7ca8{ip: 192.168.5.175, host: pr-hdds-2194-9vxpc-1955504311, networkLocation: /default-rack, certSerialId: null}, Type:RATIS, Factor:THREE, State:CLOSED]
2019-10-10 19:09:44,408 [EventQueue-StaleNodeForStaleNodeHandler] INFO  node.StaleNodeHandler (StaleNodeHandler.java:onMessage(58)) - Datanode 3f4b2446-6fc6-4450-8672-6922a5bd7ca8{ip: 192.168.5.175, host: pr-hdds-2194-9vxpc-1955504311, networkLocation: /default-rack, certSerialId: null} moved to stale state. Finalizing its pipelines [PipelineID=50789d5d-994d-42d2-a5a2-d3e77eb3cdfa, PipelineID=9d2a29a3-be0d-4d51-a3d6-d7b798eaec25]
2019-10-10 19:09:44,408 [EventQueue-StaleNodeForStaleNodeHandler] INFO  pipeline.SCMPipelineManager (SCMPipelineManager.java:finalizeAndDestroyPipeline(315)) - destroying pipeline:Pipeline[ Id: 50789d5d-994d-42d2-a5a2-d3e77eb3cdfa, Nodes: 7050c371-8b6f-464e-a857-eb7b31a47658{ip: 192.168.5.175, host: pr-hdds-2194-9vxpc-1955504311, networkLocation: /default-rack, certSerialId: null}9c8b8b19-eb4d-4234-9c4a-07b0a2e8cc23{ip: 192.168.5.175, host: pr-hdds-2194-9vxpc-1955504311, networkLocation: /default-rack, certSerialId: null}3f4b2446-6fc6-4450-8672-6922a5bd7ca8{ip: 192.168.5.175, host: pr-hdds-2194-9vxpc-1955504311, networkLocation: /default-rack, certSerialId: null}, Type:RATIS, Factor:THREE, State:CLOSED]
2019-10-10 19:09:44,408 [EventQueue-StaleNodeForStaleNodeHandler] INFO  pipeline.SCMPipelineManager (SCMPipelineManager.java:finalizeAndDestroyPipeline(315)) - destroying pipeline:Pipeline[ Id: 9d2a29a3-be0d-4d51-a3d6-d7b798eaec25, Nodes: 3f4b2446-6fc6-4450-8672-6922a5bd7ca8{ip: 192.168.5.175, host: pr-hdds-2194-9vxpc-1955504311, networkLocation: /default-rack, certSerialId: null}, Type:RATIS, Factor:ONE, State:OPEN]
2019-10-10 19:09:44,409 [EventQueue-StaleNodeForStaleNodeHandler] INFO  pipeline.PipelineStateManager (PipelineStateManager.java:finalizePipeline(123)) - Pipeline Pipeline[ Id: 9d2a29a3-be0d-4d51-a3d6-d7b798eaec25, Nodes: 3f4b2446-6fc6-4450-8672-6922a5bd7ca8{ip: 192.168.5.175, host: pr-hdds-2194-9vxpc-1955504311, networkLocation: /default-rack, certSerialId: null}, Type:RATIS, Factor:ONE, State:CLOSED] moved to CLOSED state
2019-10-10 19:09:44,448 [ForkJoinPool.commonPool-worker-0] INFO  ozoneimpl.OzoneContainer (OzoneContainer.java:stop(227)) - Attempting to stop container services.
2019-10-10 19:09:44,453 [main] INFO  ozoneimpl.OzoneContainer (OzoneContainer.java:stop(227)) - Attempting to stop container services.
2019-10-10 19:09:44,454 [ForkJoinPool.commonPool-worker-0] INFO  impl.RaftServerProxy (RaftServerProxy.java:lambda$close$4(314)) - 9c8b8b19-eb4d-4234-9c4a-07b0a2e8cc23: close
2019-10-10 19:09:44,455 [main] INFO  impl.RaftServerProxy (RaftServerProxy.java:lambda$close$4(314)) - 3f4b2446-6fc6-4450-8672-6922a5bd7ca8: close
2019-10-10 19:09:44,456 [ForkJoinPool.commonPool-worker-0] INFO  impl.RaftServerImpl (RaftServerImpl.java:lambda$shutdown$3(247)) - 9c8b8b19-eb4d-4234-9c4a-07b0a2e8cc23@group-40E0EA978F9F: shutdown
2019-10-10 19:09:44,456 [main] INFO  impl.RaftServerImpl (RaftServerImpl.java:lambda$shutdown$3(247)) - 3f4b2446-6fc6-4450-8672-6922a5bd7ca8@group-D3E77EB3CDFA: shutdown
2019-10-10 19:09:44,456 [ForkJoinPool.commonPool-worker-0] INFO  util.JmxRegister (JmxRegister.java:unregister(73)) - Successfully un-registered JMX Bean with object name Ratis:service=RaftServer,group=group-40E0EA978F9F,id=9c8b8b19-eb4d-4234-9c4a-07b0a2e8cc23
2019-10-10 19:09:44,457 [main] INFO  util.JmxRegister (JmxRegister.java:unregister(73)) - Successfully un-registered JMX Bean with object name Ratis:service=RaftServer,group=group-D3E77EB3CDFA,id=3f4b2446-6fc6-4450-8672-6922a5bd7ca8
2019-10-10 19:09:44,457 [ForkJoinPool.commonPool-worker-0] INFO  impl.RoleInfo (RoleInfo.java:shutdownLeaderState(104)) - 9c8b8b19-eb4d-4234-9c4a-07b0a2e8cc23: shutdown LeaderState
2019-10-10 19:09:44,458 [main] INFO  impl.RoleInfo (RoleInfo.java:shutdownLeaderState(104)) - 3f4b2446-6fc6-4450-8672-6922a5bd7ca8: shutdown LeaderState
2019-10-10 19:09:44,458 [ForkJoinPool.commonPool-worker-0] INFO  impl.PendingRequests (PendingRequests.java:sendNotLeaderResponses(202)) - 9c8b8b19-eb4d-4234-9c4a-07b0a2e8cc23@group-40E0EA978F9F-PendingRequests: sendNotLeaderResponses
2019-10-10 19:09:44,461 [org.apache.ratis.server.impl.LogAppender$AppenderDaemon$$Lambda$543/194541040@1fba098d] WARN  server.GrpcLogAppender (GrpcLogAppender.java:mayWait(143)) - 3f4b2446-6fc6-4450-8672-6922a5bd7ca8@group-D3E77EB3CDFA->7050c371-8b6f-464e-a857-eb7b31a47658-GrpcLogAppender: Wait interrupted by java.lang.InterruptedException
2019-10-10 19:09:44,461 [main] INFO  impl.PendingRequests (PendingRequests.java:sendNotLeaderResponses(202)) - 3f4b2446-6fc6-4450-8672-6922a5bd7ca8@group-D3E77EB3CDFA-PendingRequests: sendNotLeaderResponses
2019-10-10 19:09:44,462 [ForkJoinPool.commonPool-worker-0] INFO  impl.StateMachineUpdater (StateMachineUpdater.java:stopAndJoin(136)) - 9c8b8b19-eb4d-4234-9c4a-07b0a2e8cc23@group-40E0EA978F9F-StateMachineUpdater: set stopIndex = 0
2019-10-10 19:09:44,461 [org.apache.ratis.server.impl.LogAppender$AppenderDaemon$$Lambda$543/194541040@71855523] WARN  server.GrpcLogAppender (GrpcLogAppender.java:mayWait(143)) - 3f4b2446-6fc6-4450-8672-6922a5bd7ca8@group-D3E77EB3CDFA->9c8b8b19-eb4d-4234-9c4a-07b0a2e8cc23-GrpcLogAppender: Wait interrupted by java.lang.InterruptedException
2019-10-10 19:09:44,463 [ForkJoinPool.commonPool-worker-0] INFO  impl.RaftServerImpl (ServerState.java:close(387)) - 9c8b8b19-eb4d-4234-9c4a-07b0a2e8cc23@group-40E0EA978F9F: closes. applyIndex: 0
2019-10-10 19:09:44,463 [9c8b8b19-eb4d-4234-9c4a-07b0a2e8cc23@group-40E0EA978F9F-SegmentedRaftLogWorker] INFO  segmented.SegmentedRaftLogWorker (SegmentedRaftLogWorker.java:run(316)) - 9c8b8b19-eb4d-4234-9c4a-07b0a2e8cc23@group-40E0EA978F9F-SegmentedRaftLogWorker was interrupted, exiting. There are 0 tasks remaining in the queue.
2019-10-10 19:09:44,465 [ForkJoinPool.commonPool-worker-0] INFO  segmented.SegmentedRaftLogWorker (SegmentedRaftLogWorker.java:close(224)) - 9c8b8b19-eb4d-4234-9c4a-07b0a2e8cc23@group-40E0EA978F9F-SegmentedRaftLogWorker close()
2019-10-10 19:09:44,465 [main] INFO  impl.StateMachineUpdater (StateMachineUpdater.java:stopAndJoin(136)) - 3f4b2446-6fc6-4450-8672-6922a5bd7ca8@group-D3E77EB3CDFA-StateMachineUpdater: set stopIndex = 16
2019-10-10 19:09:44,469 [3f4b2446-6fc6-4450-8672-6922a5bd7ca8@group-D3E77EB3CDFA-StateMachineUpdater] INFO  ratis.ContainerStateMachine (ContainerStateMachine.java:takeSnapshot(294)) - group-D3E77EB3CDFA: Taking a snapshot at:(t:2, i:12) file /workdir/hadoop-ozone/integration-test/target/test-dir/MiniOzoneClusterImpl-1a4c3d35-b2f5-4839-a9b3-d09690a86701/datanode-3/data/ratis/50789d5d-994d-42d2-a5a2-d3e77eb3cdfa/sm/snapshot.2_12
2019-10-10 19:09:44,468 [ForkJoinPool.commonPool-worker-0] INFO  impl.RaftServerImpl (RaftServerImpl.java:lambda$shutdown$3(247)) - 9c8b8b19-eb4d-4234-9c4a-07b0a2e8cc23@group-D3E77EB3CDFA: shutdown
2019-10-10 19:09:44,469 [ForkJoinPool.commonPool-worker-0] INFO  util.JmxRegister (JmxRegister.java:unregister(73)) - Successfully un-registered JMX Bean with object name Ratis:service=RaftServer,group=group-D3E77EB3CDFA,id=9c8b8b19-eb4d-4234-9c4a-07b0a2e8cc23
2019-10-10 19:09:44,470 [grpc-default-executor-12] INFO  server.GrpcServerProtocolService (GrpcServerProtocolService.java:onCompleted(113)) - 9c8b8b19-eb4d-4234-9c4a-07b0a2e8cc23: Completed APPEND_ENTRIES, lastRequest: 3f4b2446-6fc6-4450-8672-6922a5bd7ca8->9c8b8b19-eb4d-4234-9c4a-07b0a2e8cc23#6-t3, previous=(t:3, i:16), leaderCommit=16, initializing? false, entries: <empty>
2019-10-10 19:09:44,470 [ForkJoinPool.commonPool-worker-0] INFO  impl.RoleInfo (RoleInfo.java:shutdownFollowerState(121)) - 9c8b8b19-eb4d-4234-9c4a-07b0a2e8cc23: shutdown FollowerState
2019-10-10 19:09:44,470 [ForkJoinPool.commonPool-worker-0] INFO  impl.StateMachineUpdater (StateMachineUpdater.java:stopAndJoin(136)) - 9c8b8b19-eb4d-4234-9c4a-07b0a2e8cc23@group-D3E77EB3CDFA-StateMachineUpdater: set stopIndex = 16
2019-10-10 19:09:44,470 [grpc-default-executor-12] INFO  server.GrpcLogAppender (GrpcLogAppender.java:onCompleted(293)) - 3f4b2446-6fc6-4450-8672-6922a5bd7ca8@group-D3E77EB3CDFA->9c8b8b19-eb4d-4234-9c4a-07b0a2e8cc23-AppendLogResponseHandler: follower responses appendEntries COMPLETED
2019-10-10 19:09:44,471 [Thread-3311] INFO  impl.FollowerState (FollowerState.java:run(117)) - 9c8b8b19-eb4d-4234-9c4a-07b0a2e8cc23@group-D3E77EB3CDFA-FollowerState was interrupted: java.lang.InterruptedException: sleep interrupted
2019-10-10 19:09:44,470 [9c8b8b19-eb4d-4234-9c4a-07b0a2e8cc23@group-D3E77EB3CDFA-StateMachineUpdater] INFO  ratis.ContainerStateMachine (ContainerStateMachine.java:takeSnapshot(294)) - group-D3E77EB3CDFA: Taking a snapshot at:(t:2, i:12) file /workdir/hadoop-ozone/integration-test/target/test-dir/MiniOzoneClusterImpl-1a4c3d35-b2f5-4839-a9b3-d09690a86701/datanode-2/data/ratis/50789d5d-994d-42d2-a5a2-d3e77eb3cdfa/sm/snapshot.2_12
2019-10-10 19:09:44,473 [grpc-default-executor-12] INFO  impl.FollowerInfo (FollowerInfo.java:lambda$new$0(51)) - 3f4b2446-6fc6-4450-8672-6922a5bd7ca8@group-D3E77EB3CDFA->9c8b8b19-eb4d-4234-9c4a-07b0a2e8cc23: nextIndex: updateUnconditionally 17 -> 16
2019-10-10 19:09:44,495 [3f4b2446-6fc6-4450-8672-6922a5bd7ca8@group-D3E77EB3CDFA-StateMachineUpdater] INFO  ratis.ContainerStateMachine (ContainerStateMachine.java:takeSnapshot(305)) - group-D3E77EB3CDFA: Finished taking a snapshot at:(t:2, i:12) file:/workdir/hadoop-ozone/integration-test/target/test-dir/MiniOzoneClusterImpl-1a4c3d35-b2f5-4839-a9b3-d09690a86701/datanode-3/data/ratis/50789d5d-994d-42d2-a5a2-d3e77eb3cdfa/sm/snapshot.2_12 time:30
2019-10-10 19:09:44,495 [9c8b8b19-eb4d-4234-9c4a-07b0a2e8cc23@group-D3E77EB3CDFA-StateMachineUpdater] INFO  ratis.ContainerStateMachine (ContainerStateMachine.java:takeSnapshot(305)) - group-D3E77EB3CDFA: Finished taking a snapshot at:(t:2, i:12) file:/workdir/hadoop-ozone/integration-test/target/test-dir/MiniOzoneClusterImpl-1a4c3d35-b2f5-4839-a9b3-d09690a86701/datanode-2/data/ratis/50789d5d-994d-42d2-a5a2-d3e77eb3cdfa/sm/snapshot.2_12 time:25
2019-10-10 19:09:44,496 [3f4b2446-6fc6-4450-8672-6922a5bd7ca8@group-D3E77EB3CDFA-StateMachineUpdater] INFO  impl.StateMachineUpdater (StateMachineUpdater.java:takeSnapshot(269)) - 3f4b2446-6fc6-4450-8672-6922a5bd7ca8@group-D3E77EB3CDFA-StateMachineUpdater: Took a snapshot at index 12
2019-10-10 19:09:44,496 [9c8b8b19-eb4d-4234-9c4a-07b0a2e8cc23@group-D3E77EB3CDFA-StateMachineUpdater] INFO  impl.StateMachineUpdater (StateMachineUpdater.java:takeSnapshot(269)) - 9c8b8b19-eb4d-4234-9c4a-07b0a2e8cc23@group-D3E77EB3CDFA-StateMachineUpdater: Took a snapshot at index 12
2019-10-10 19:09:44,496 [3f4b2446-6fc6-4450-8672-6922a5bd7ca8@group-D3E77EB3CDFA-StateMachineUpdater] INFO  impl.StateMachineUpdater (StateMachineUpdater.java:lambda$new$0(84)) - 3f4b2446-6fc6-4450-8672-6922a5bd7ca8@group-D3E77EB3CDFA-StateMachineUpdater: snapshotIndex: updateIncreasingly -1 -> 12
2019-10-10 19:09:44,496 [9c8b8b19-eb4d-4234-9c4a-07b0a2e8cc23@group-D3E77EB3CDFA-StateMachineUpdater] INFO  impl.StateMachineUpdater (StateMachineUpdater.java:lambda$new$0(84)) - 9c8b8b19-eb4d-4234-9c4a-07b0a2e8cc23@group-D3E77EB3CDFA-StateMachineUpdater: snapshotIndex: updateIncreasingly -1 -> 12
2019-10-10 19:09:44,496 [3f4b2446-6fc6-4450-8672-6922a5bd7ca8@group-D3E77EB3CDFA-StateMachineUpdater] INFO  ratis.ContainerStateMachine (ContainerStateMachine.java:takeSnapshot(294)) - group-D3E77EB3CDFA: Taking a snapshot at:(t:2, i:12) file /workdir/hadoop-ozone/integration-test/target/test-dir/MiniOzoneClusterImpl-1a4c3d35-b2f5-4839-a9b3-d09690a86701/datanode-3/data/ratis/50789d5d-994d-42d2-a5a2-d3e77eb3cdfa/sm/snapshot.2_12
2019-10-10 19:09:44,496 [9c8b8b19-eb4d-4234-9c4a-07b0a2e8cc23@group-D3E77EB3CDFA-StateMachineUpdater] INFO  ratis.ContainerStateMachine (ContainerStateMachine.java:takeSnapshot(294)) - group-D3E77EB3CDFA: Taking a snapshot at:(t:2, i:12) file /workdir/hadoop-ozone/integration-test/target/test-dir/MiniOzoneClusterImpl-1a4c3d35-b2f5-4839-a9b3-d09690a86701/datanode-2/data/ratis/50789d5d-994d-42d2-a5a2-d3e77eb3cdfa/sm/snapshot.2_12
2019-10-10 19:09:44,509 [9c8b8b19-eb4d-4234-9c4a-07b0a2e8cc23@group-D3E77EB3CDFA-StateMachineUpdater] INFO  ratis.ContainerStateMachine (ContainerStateMachine.java:takeSnapshot(305)) - group-D3E77EB3CDFA: Finished taking a snapshot at:(t:2, i:12) file:/workdir/hadoop-ozone/integration-test/target/test-dir/MiniOzoneClusterImpl-1a4c3d35-b2f5-4839-a9b3-d09690a86701/datanode-2/data/ratis/50789d5d-994d-42d2-a5a2-d3e77eb3cdfa/sm/snapshot.2_12 time:13
2019-10-10 19:09:44,509 [3f4b2446-6fc6-4450-8672-6922a5bd7ca8@group-D3E77EB3CDFA-StateMachineUpdater] INFO  ratis.ContainerStateMachine (ContainerStateMachine.java:takeSnapshot(305)) - group-D3E77EB3CDFA: Finished taking a snapshot at:(t:2, i:12) file:/workdir/hadoop-ozone/integration-test/target/test-dir/MiniOzoneClusterImpl-1a4c3d35-b2f5-4839-a9b3-d09690a86701/datanode-3/data/ratis/50789d5d-994d-42d2-a5a2-d3e77eb3cdfa/sm/snapshot.2_12 time:13
2019-10-10 19:09:44,509 [9c8b8b19-eb4d-4234-9c4a-07b0a2e8cc23@group-D3E77EB3CDFA-StateMachineUpdater] INFO  impl.StateMachineUpdater (StateMachineUpdater.java:takeSnapshot(269)) - 9c8b8b19-eb4d-4234-9c4a-07b0a2e8cc23@group-D3E77EB3CDFA-StateMachineUpdater: Took a snapshot at index 12
2019-10-10 19:09:44,509 [9c8b8b19-eb4d-4234-9c4a-07b0a2e8cc23@group-D3E77EB3CDFA-StateMachineUpdater] INFO  impl.StateMachineUpdater (StateMachineUpdater.java:lambda$new$0(84)) - 9c8b8b19-eb4d-4234-9c4a-07b0a2e8cc23@group-D3E77EB3CDFA-StateMachineUpdater: snapshotIndex: updateIncreasingly 12 -> 12
2019-10-10 19:09:44,509 [3f4b2446-6fc6-4450-8672-6922a5bd7ca8@group-D3E77EB3CDFA-StateMachineUpdater] INFO  impl.StateMachineUpdater (StateMachineUpdater.java:takeSnapshot(269)) - 3f4b2446-6fc6-4450-8672-6922a5bd7ca8@group-D3E77EB3CDFA-StateMachineUpdater: Took a snapshot at index 12
2019-10-10 19:09:44,509 [3f4b2446-6fc6-4450-8672-6922a5bd7ca8@group-D3E77EB3CDFA-StateMachineUpdater] INFO  impl.StateMachineUpdater (StateMachineUpdater.java:lambda$new$0(84)) - 3f4b2446-6fc6-4450-8672-6922a5bd7ca8@group-D3E77EB3CDFA-StateMachineUpdater: snapshotIndex: updateIncreasingly 12 -> 12
2019-10-10 19:09:44,509 [ForkJoinPool.commonPool-worker-0] INFO  impl.RaftServerImpl (ServerState.java:close(387)) - 9c8b8b19-eb4d-4234-9c4a-07b0a2e8cc23@group-D3E77EB3CDFA: closes. applyIndex: 16
2019-10-10 19:09:44,510 [main] INFO  impl.RaftServerImpl (ServerState.java:close(387)) - 3f4b2446-6fc6-4450-8672-6922a5bd7ca8@group-D3E77EB3CDFA: closes. applyIndex: 16
2019-10-10 19:09:44,510 [9c8b8b19-eb4d-4234-9c4a-07b0a2e8cc23@group-D3E77EB3CDFA-SegmentedRaftLogWorker] INFO  segmented.SegmentedRaftLogWorker (SegmentedRaftLogWorker.java:run(316)) - 9c8b8b19-eb4d-4234-9c4a-07b0a2e8cc23@group-D3E77EB3CDFA-SegmentedRaftLogWorker was interrupted, exiting. There are 0 tasks remaining in the queue.
2019-10-10 19:09:44,512 [3f4b2446-6fc6-4450-8672-6922a5bd7ca8@group-D3E77EB3CDFA-SegmentedRaftLogWorker] INFO  segmented.SegmentedRaftLogWorker (SegmentedRaftLogWorker.java:run(316)) - 3f4b2446-6fc6-4450-8672-6922a5bd7ca8@group-D3E77EB3CDFA-SegmentedRaftLogWorker was interrupted, exiting. There are 0 tasks remaining in the queue.
2019-10-10 19:09:44,512 [ForkJoinPool.commonPool-worker-0] INFO  segmented.SegmentedRaftLogWorker (SegmentedRaftLogWorker.java:close(224)) - 9c8b8b19-eb4d-4234-9c4a-07b0a2e8cc23@group-D3E77EB3CDFA-SegmentedRaftLogWorker close()
2019-10-10 19:09:44,513 [main] INFO  segmented.SegmentedRaftLogWorker (SegmentedRaftLogWorker.java:close(224)) - 3f4b2446-6fc6-4450-8672-6922a5bd7ca8@group-D3E77EB3CDFA-SegmentedRaftLogWorker close()
2019-10-10 19:09:44,516 [ForkJoinPool.commonPool-worker-0] INFO  server.GrpcService (GrpcService.java:closeImpl(164)) - 9c8b8b19-eb4d-4234-9c4a-07b0a2e8cc23: shutdown server with port 42846 now
2019-10-10 19:09:44,519 [main] INFO  impl.RaftServerImpl (RaftServerImpl.java:lambda$shutdown$3(247)) - 3f4b2446-6fc6-4450-8672-6922a5bd7ca8@group-D7B798EAEC25: shutdown
2019-10-10 19:09:44,519 [main] INFO  util.JmxRegister (JmxRegister.java:unregister(73)) - Successfully un-registered JMX Bean with object name Ratis:service=RaftServer,group=group-D7B798EAEC25,id=3f4b2446-6fc6-4450-8672-6922a5bd7ca8
2019-10-10 19:09:44,519 [ForkJoinPool.commonPool-worker-0] INFO  server.GrpcService (GrpcService.java:closeImpl(172)) - 9c8b8b19-eb4d-4234-9c4a-07b0a2e8cc23: shutdown server with port 42846 successfully
2019-10-10 19:09:44,520 [main] INFO  impl.RoleInfo (RoleInfo.java:shutdownLeaderState(104)) - 3f4b2446-6fc6-4450-8672-6922a5bd7ca8: shutdown LeaderState
2019-10-10 19:09:44,520 [main] INFO  impl.PendingRequests (PendingRequests.java:sendNotLeaderResponses(202)) - 3f4b2446-6fc6-4450-8672-6922a5bd7ca8@group-D7B798EAEC25-PendingRequests: sendNotLeaderResponses
2019-10-10 19:09:44,521 [main] INFO  impl.StateMachineUpdater (StateMachineUpdater.java:stopAndJoin(136)) - 3f4b2446-6fc6-4450-8672-6922a5bd7ca8@group-D7B798EAEC25-StateMachineUpdater: set stopIndex = 0
2019-10-10 19:09:44,521 [main] INFO  impl.RaftServerImpl (ServerState.java:close(387)) - 3f4b2446-6fc6-4450-8672-6922a5bd7ca8@group-D7B798EAEC25: closes. applyIndex: 0
2019-10-10 19:09:44,522 [3f4b2446-6fc6-4450-8672-6922a5bd7ca8@group-D7B798EAEC25-SegmentedRaftLogWorker] INFO  segmented.SegmentedRaftLogWorker (SegmentedRaftLogWorker.java:run(316)) - 3f4b2446-6fc6-4450-8672-6922a5bd7ca8@group-D7B798EAEC25-SegmentedRaftLogWorker was interrupted, exiting. There are 0 tasks remaining in the queue.
2019-10-10 19:09:44,524 [main] INFO  segmented.SegmentedRaftLogWorker (SegmentedRaftLogWorker.java:close(224)) - 3f4b2446-6fc6-4450-8672-6922a5bd7ca8@group-D7B798EAEC25-SegmentedRaftLogWorker close()
2019-10-10 19:09:44,527 [main] INFO  server.GrpcService (GrpcService.java:closeImpl(164)) - 3f4b2446-6fc6-4450-8672-6922a5bd7ca8: shutdown server with port 33568 now
2019-10-10 19:09:44,529 [refreshUsed-/workdir/hadoop-ozone/integration-test/target/test-dir/MiniOzoneClusterImpl-1a4c3d35-b2f5-4839-a9b3-d09690a86701/datanode-2/data/containers] WARN  fs.CachingGetSpaceUsed (CachingGetSpaceUsed.java:run(183)) - Thread Interrupted waiting to refresh disk information: sleep interrupted
2019-10-10 19:09:44,530 [main] INFO  server.GrpcService (GrpcService.java:closeImpl(172)) - 3f4b2446-6fc6-4450-8672-6922a5bd7ca8: shutdown server with port 33568 successfully
2019-10-10 19:09:44,531 [refreshUsed-/workdir/hadoop-ozone/integration-test/target/test-dir/MiniOzoneClusterImpl-1a4c3d35-b2f5-4839-a9b3-d09690a86701/datanode-3/data/containers] WARN  fs.CachingGetSpaceUsed (CachingGetSpaceUsed.java:run(183)) - Thread Interrupted waiting to refresh disk information: sleep interrupted
2019-10-10 19:09:44,544 [main] INFO  utils.BackgroundService (BackgroundService.java:shutdown(151)) - Shutting down service BlockDeletingService
2019-10-10 19:09:44,548 [main] INFO  statemachine.DatanodeStateMachine (DatanodeStateMachine.java:stopDaemon(395)) - Ozone container server stopped.
2019-10-10 19:09:44,549 [ForkJoinPool.commonPool-worker-0] INFO  utils.BackgroundService (BackgroundService.java:shutdown(151)) - Shutting down service BlockDeletingService
2019-10-10 19:09:44,553 [ForkJoinPool.commonPool-worker-0] INFO  statemachine.DatanodeStateMachine (DatanodeStateMachine.java:stopDaemon(395)) - Ozone container server stopped.
2019-10-10 19:09:44,556 [main] INFO  handler.ContextHandler (ContextHandler.java:doStop(910)) - Stopped o.e.j.w.WebAppContext@37ca3ca8{/,null,UNAVAILABLE}{/hddsDatanode}
2019-10-10 19:09:44,557 [ForkJoinPool.commonPool-worker-0] INFO  handler.ContextHandler (ContextHandler.java:doStop(910)) - Stopped o.e.j.w.WebAppContext@9b367c8{/,null,UNAVAILABLE}{/hddsDatanode}
2019-10-10 19:09:44,558 [main] INFO  server.AbstractConnector (AbstractConnector.java:doStop(318)) - Stopped ServerConnector@191ec193{HTTP/1.1,[http/1.1]}{0.0.0.0:0}
2019-10-10 19:09:44,558 [ForkJoinPool.commonPool-worker-0] INFO  server.AbstractConnector (AbstractConnector.java:doStop(318)) - Stopped ServerConnector@34c62fdf{HTTP/1.1,[http/1.1]}{0.0.0.0:0}
2019-10-10 19:09:44,558 [main] INFO  handler.ContextHandler (ContextHandler.java:doStop(910)) - Stopped o.e.j.s.ServletContextHandler@30508066{/static,jar:file:/home/user/.m2/repository/org/apache/hadoop/hadoop-hdds-container-service/0.5.0-SNAPSHOT/hadoop-hdds-container-service-0.5.0-SNAPSHOT.jar!/webapps/static,UNAVAILABLE}
2019-10-10 19:09:44,560 [ForkJoinPool.commonPool-worker-0] INFO  handler.ContextHandler (ContextHandler.java:doStop(910)) - Stopped o.e.j.s.ServletContextHandler@7e191fda{/static,jar:file:/home/user/.m2/repository/org/apache/hadoop/hadoop-hdds-container-service/0.5.0-SNAPSHOT/hadoop-hdds-container-service-0.5.0-SNAPSHOT.jar!/webapps/static,UNAVAILABLE}
2019-10-10 19:09:44,561 [main] INFO  handler.ContextHandler (ContextHandler.java:doStop(910)) - Stopped o.e.j.s.ServletContextHandler@33e3bd2e{/logs,file:///workdir/hadoop-ozone/integration-test/target/log,UNAVAILABLE}
2019-10-10 19:09:44,562 [ForkJoinPool.commonPool-worker-0] INFO  handler.ContextHandler (ContextHandler.java:doStop(910)) - Stopped o.e.j.s.ServletContextHandler@255d9277{/logs,file:///workdir/hadoop-ozone/integration-test/target/log,UNAVAILABLE}
2019-10-10 19:09:44,846 [Datanode State Machine Thread - 0] INFO  statemachine.DatanodeStateMachine (DatanodeStateMachine.java:lambda$startDaemon$0(350)) - Ozone container server started.
2019-10-10 19:09:45,066 [Datanode State Machine Thread - 0] INFO  statemachine.DatanodeStateMachine (DatanodeStateMachine.java:lambda$startDaemon$0(350)) - Ozone container server started.
2019-10-10 19:09:48,780 [Thread-3185] INFO  impl.FollowerState (FollowerState.java:run(108)) - 4f42c1de-08dc-47d1-8f12-e71e73c4c998@group-13FE80F271D6-FollowerState: change to CANDIDATE, lastRpcTime:9513ms, electionTimeout:5169ms
2019-10-10 19:09:48,783 [Thread-3185] INFO  impl.RoleInfo (RoleInfo.java:shutdownFollowerState(121)) - 4f42c1de-08dc-47d1-8f12-e71e73c4c998: shutdown FollowerState
2019-10-10 19:09:48,784 [Thread-3185] INFO  impl.RaftServerImpl (RaftServerImpl.java:setRole(170)) - 4f42c1de-08dc-47d1-8f12-e71e73c4c998@group-13FE80F271D6: changes role from  FOLLOWER to CANDIDATE at term 1 for changeToCandidate
2019-10-10 19:09:48,785 [Thread-3185] INFO  impl.RoleInfo (RoleInfo.java:updateAndGet(143)) - 4f42c1de-08dc-47d1-8f12-e71e73c4c998: start LeaderElection
2019-10-10 19:09:48,793 [4f42c1de-08dc-47d1-8f12-e71e73c4c998@group-13FE80F271D6-LeaderElection91] INFO  impl.RaftServerImpl (ServerState.java:setLeader(255)) - 4f42c1de-08dc-47d1-8f12-e71e73c4c998@group-13FE80F271D6: change Leader from eb79673d-e71c-46b0-ba54-28d995f39114 to null at term 1 for initElection
2019-10-10 19:09:48,821 [4f42c1de-08dc-47d1-8f12-e71e73c4c998@group-13FE80F271D6-LeaderElection91] INFO  impl.LeaderElection (LeaderElection.java:askForVotes(178)) - 4f42c1de-08dc-47d1-8f12-e71e73c4c998@group-13FE80F271D6-LeaderElection91: begin an election at term 2 for 0: [4f42c1de-08dc-47d1-8f12-e71e73c4c998:192.168.5.175:42446, 82412393-0d0f-42e5-b60a-35225ce55bb0:192.168.5.175:38227, eb79673d-e71c-46b0-ba54-28d995f39114:192.168.5.175:36889], old=null
2019-10-10 19:09:48,831 [4f42c1de-08dc-47d1-8f12-e71e73c4c998@group-13FE80F271D6-LeaderElection91] INFO  impl.LeaderElection (LogUtils.java:infoOrTrace(149)) - 4f42c1de-08dc-47d1-8f12-e71e73c4c998@group-13FE80F271D6-LeaderElection91 got exception when requesting votes: {}
java.util.concurrent.ExecutionException: org.apache.ratis.thirdparty.io.grpc.StatusRuntimeException: UNAVAILABLE: io exception
	at java.util.concurrent.FutureTask.report(FutureTask.java:122)
	at java.util.concurrent.FutureTask.get(FutureTask.java:192)
	at org.apache.ratis.server.impl.LeaderElection.waitForResults(LeaderElection.java:259)
	at org.apache.ratis.server.impl.LeaderElection.askForVotes(LeaderElection.java:197)
	at org.apache.ratis.server.impl.LeaderElection.run(LeaderElection.java:133)
	at java.lang.Thread.run(Thread.java:748)
Caused by: org.apache.ratis.thirdparty.io.grpc.StatusRuntimeException: UNAVAILABLE: io exception
	at org.apache.ratis.thirdparty.io.grpc.stub.ClientCalls.toStatusRuntimeException(ClientCalls.java:233)
	at org.apache.ratis.thirdparty.io.grpc.stub.ClientCalls.getUnchecked(ClientCalls.java:214)
	at org.apache.ratis.thirdparty.io.grpc.stub.ClientCalls.blockingUnaryCall(ClientCalls.java:139)
	at org.apache.ratis.proto.grpc.RaftServerProtocolServiceGrpc$RaftServerProtocolServiceBlockingStub.requestVote(RaftServerProtocolServiceGrpc.java:265)
	at org.apache.ratis.grpc.server.GrpcServerProtocolClient.requestVote(GrpcServerProtocolClient.java:99)
	at org.apache.ratis.grpc.server.GrpcService.requestVote(GrpcService.java:204)
	at org.apache.ratis.server.impl.LeaderElection.lambda$submitRequests$1(LeaderElection.java:234)
	at java.util.concurrent.FutureTask.run(FutureTask.java:266)
	at java.util.concurrent.Executors$RunnableAdapter.call(Executors.java:511)
	at java.util.concurrent.FutureTask.run(FutureTask.java:266)
	at java.util.concurrent.ThreadPoolExecutor.runWorker(ThreadPoolExecutor.java:1149)
	at java.util.concurrent.ThreadPoolExecutor$Worker.run(ThreadPoolExecutor.java:624)
	... 1 more
Caused by: org.apache.ratis.thirdparty.io.netty.channel.AbstractChannel$AnnotatedConnectException: Connection refused: /192.168.5.175:36889
	at sun.nio.ch.SocketChannelImpl.checkConnect(Native Method)
	at sun.nio.ch.SocketChannelImpl.finishConnect(SocketChannelImpl.java:717)
	at org.apache.ratis.thirdparty.io.netty.channel.socket.nio.NioSocketChannel.doFinishConnect(NioSocketChannel.java:327)
	at org.apache.ratis.thirdparty.io.netty.channel.nio.AbstractNioChannel$AbstractNioUnsafe.finishConnect(AbstractNioChannel.java:340)
	at org.apache.ratis.thirdparty.io.netty.channel.nio.NioEventLoop.processSelectedKey(NioEventLoop.java:632)
	at org.apache.ratis.thirdparty.io.netty.channel.nio.NioEventLoop.processSelectedKeysOptimized(NioEventLoop.java:579)
	at org.apache.ratis.thirdparty.io.netty.channel.nio.NioEventLoop.processSelectedKeys(NioEventLoop.java:496)
	at org.apache.ratis.thirdparty.io.netty.channel.nio.NioEventLoop.run(NioEventLoop.java:458)
	at org.apache.ratis.thirdparty.io.netty.util.concurrent.SingleThreadEventExecutor$5.run(SingleThreadEventExecutor.java:897)
	at org.apache.ratis.thirdparty.io.netty.util.concurrent.FastThreadLocalRunnable.run(FastThreadLocalRunnable.java:30)
	... 1 more
Caused by: java.net.ConnectException: Connection refused
	... 11 more
2019-10-10 19:09:48,835 [4f42c1de-08dc-47d1-8f12-e71e73c4c998@group-13FE80F271D6-LeaderElection91] INFO  impl.LeaderElection (LogUtils.java:infoOrTrace(149)) - 4f42c1de-08dc-47d1-8f12-e71e73c4c998@group-13FE80F271D6-LeaderElection91 got exception when requesting votes: {}
java.util.concurrent.ExecutionException: org.apache.ratis.thirdparty.io.grpc.StatusRuntimeException: UNAVAILABLE: io exception
	at java.util.concurrent.FutureTask.report(FutureTask.java:122)
	at java.util.concurrent.FutureTask.get(FutureTask.java:192)
	at org.apache.ratis.server.impl.LeaderElection.waitForResults(LeaderElection.java:259)
	at org.apache.ratis.server.impl.LeaderElection.askForVotes(LeaderElection.java:197)
	at org.apache.ratis.server.impl.LeaderElection.run(LeaderElection.java:133)
	at java.lang.Thread.run(Thread.java:748)
Caused by: org.apache.ratis.thirdparty.io.grpc.StatusRuntimeException: UNAVAILABLE: io exception
	at org.apache.ratis.thirdparty.io.grpc.stub.ClientCalls.toStatusRuntimeException(ClientCalls.java:233)
	at org.apache.ratis.thirdparty.io.grpc.stub.ClientCalls.getUnchecked(ClientCalls.java:214)
	at org.apache.ratis.thirdparty.io.grpc.stub.ClientCalls.blockingUnaryCall(ClientCalls.java:139)
	at org.apache.ratis.proto.grpc.RaftServerProtocolServiceGrpc$RaftServerProtocolServiceBlockingStub.requestVote(RaftServerProtocolServiceGrpc.java:265)
	at org.apache.ratis.grpc.server.GrpcServerProtocolClient.requestVote(GrpcServerProtocolClient.java:99)
	at org.apache.ratis.grpc.server.GrpcService.requestVote(GrpcService.java:204)
	at org.apache.ratis.server.impl.LeaderElection.lambda$submitRequests$1(LeaderElection.java:234)
	at java.util.concurrent.FutureTask.run(FutureTask.java:266)
	at java.util.concurrent.Executors$RunnableAdapter.call(Executors.java:511)
	at java.util.concurrent.FutureTask.run(FutureTask.java:266)
	at java.util.concurrent.ThreadPoolExecutor.runWorker(ThreadPoolExecutor.java:1149)
	at java.util.concurrent.ThreadPoolExecutor$Worker.run(ThreadPoolExecutor.java:624)
	... 1 more
Caused by: org.apache.ratis.thirdparty.io.netty.channel.AbstractChannel$AnnotatedConnectException: Connection refused: /192.168.5.175:38227
	at sun.nio.ch.SocketChannelImpl.checkConnect(Native Method)
	at sun.nio.ch.SocketChannelImpl.finishConnect(SocketChannelImpl.java:717)
	at org.apache.ratis.thirdparty.io.netty.channel.socket.nio.NioSocketChannel.doFinishConnect(NioSocketChannel.java:327)
	at org.apache.ratis.thirdparty.io.netty.channel.nio.AbstractNioChannel$AbstractNioUnsafe.finishConnect(AbstractNioChannel.java:340)
	at org.apache.ratis.thirdparty.io.netty.channel.nio.NioEventLoop.processSelectedKey(NioEventLoop.java:632)
	at org.apache.ratis.thirdparty.io.netty.channel.nio.NioEventLoop.processSelectedKeysOptimized(NioEventLoop.java:579)
	at org.apache.ratis.thirdparty.io.netty.channel.nio.NioEventLoop.processSelectedKeys(NioEventLoop.java:496)
	at org.apache.ratis.thirdparty.io.netty.channel.nio.NioEventLoop.run(NioEventLoop.java:458)
	at org.apache.ratis.thirdparty.io.netty.util.concurrent.SingleThreadEventExecutor$5.run(SingleThreadEventExecutor.java:897)
	at org.apache.ratis.thirdparty.io.netty.util.concurrent.FastThreadLocalRunnable.run(FastThreadLocalRunnable.java:30)
	... 1 more
Caused by: java.net.ConnectException: Connection refused
	... 11 more
2019-10-10 19:09:48,838 [4f42c1de-08dc-47d1-8f12-e71e73c4c998@group-13FE80F271D6-LeaderElection91] INFO  impl.LeaderElection (LeaderElection.java:logAndReturn(56)) - 4f42c1de-08dc-47d1-8f12-e71e73c4c998@group-13FE80F271D6-LeaderElection91: Election REJECTED; received 0 response(s) [] and 2 exception(s); 4f42c1de-08dc-47d1-8f12-e71e73c4c998@group-13FE80F271D6:t2, leader=null, voted=4f42c1de-08dc-47d1-8f12-e71e73c4c998, raftlog=4f42c1de-08dc-47d1-8f12-e71e73c4c998@group-13FE80F271D6-SegmentedRaftLog:OPENED:c16,f16,i16, conf=0: [4f42c1de-08dc-47d1-8f12-e71e73c4c998:192.168.5.175:42446, 82412393-0d0f-42e5-b60a-35225ce55bb0:192.168.5.175:38227, eb79673d-e71c-46b0-ba54-28d995f39114:192.168.5.175:36889], old=null
2019-10-10 19:09:48,838 [4f42c1de-08dc-47d1-8f12-e71e73c4c998@group-13FE80F271D6-LeaderElection91] INFO  impl.LeaderElection (LogUtils.java:infoOrTrace(149)) -   Exception 0: {}
java.util.concurrent.ExecutionException: org.apache.ratis.thirdparty.io.grpc.StatusRuntimeException: UNAVAILABLE: io exception
	at java.util.concurrent.FutureTask.report(FutureTask.java:122)
	at java.util.concurrent.FutureTask.get(FutureTask.java:192)
	at org.apache.ratis.server.impl.LeaderElection.waitForResults(LeaderElection.java:259)
	at org.apache.ratis.server.impl.LeaderElection.askForVotes(LeaderElection.java:197)
	at org.apache.ratis.server.impl.LeaderElection.run(LeaderElection.java:133)
	at java.lang.Thread.run(Thread.java:748)
Caused by: org.apache.ratis.thirdparty.io.grpc.StatusRuntimeException: UNAVAILABLE: io exception
	at org.apache.ratis.thirdparty.io.grpc.stub.ClientCalls.toStatusRuntimeException(ClientCalls.java:233)
	at org.apache.ratis.thirdparty.io.grpc.stub.ClientCalls.getUnchecked(ClientCalls.java:214)
	at org.apache.ratis.thirdparty.io.grpc.stub.ClientCalls.blockingUnaryCall(ClientCalls.java:139)
	at org.apache.ratis.proto.grpc.RaftServerProtocolServiceGrpc$RaftServerProtocolServiceBlockingStub.requestVote(RaftServerProtocolServiceGrpc.java:265)
	at org.apache.ratis.grpc.server.GrpcServerProtocolClient.requestVote(GrpcServerProtocolClient.java:99)
	at org.apache.ratis.grpc.server.GrpcService.requestVote(GrpcService.java:204)
	at org.apache.ratis.server.impl.LeaderElection.lambda$submitRequests$1(LeaderElection.java:234)
	at java.util.concurrent.FutureTask.run(FutureTask.java:266)
	at java.util.concurrent.Executors$RunnableAdapter.call(Executors.java:511)
	at java.util.concurrent.FutureTask.run(FutureTask.java:266)
	at java.util.concurrent.ThreadPoolExecutor.runWorker(ThreadPoolExecutor.java:1149)
	at java.util.concurrent.ThreadPoolExecutor$Worker.run(ThreadPoolExecutor.java:624)
	... 1 more
Caused by: org.apache.ratis.thirdparty.io.netty.channel.AbstractChannel$AnnotatedConnectException: Connection refused: /192.168.5.175:36889
	at sun.nio.ch.SocketChannelImpl.checkConnect(Native Method)
	at sun.nio.ch.SocketChannelImpl.finishConnect(SocketChannelImpl.java:717)
	at org.apache.ratis.thirdparty.io.netty.channel.socket.nio.NioSocketChannel.doFinishConnect(NioSocketChannel.java:327)
	at org.apache.ratis.thirdparty.io.netty.channel.nio.AbstractNioChannel$AbstractNioUnsafe.finishConnect(AbstractNioChannel.java:340)
	at org.apache.ratis.thirdparty.io.netty.channel.nio.NioEventLoop.processSelectedKey(NioEventLoop.java:632)
	at org.apache.ratis.thirdparty.io.netty.channel.nio.NioEventLoop.processSelectedKeysOptimized(NioEventLoop.java:579)
	at org.apache.ratis.thirdparty.io.netty.channel.nio.NioEventLoop.processSelectedKeys(NioEventLoop.java:496)
	at org.apache.ratis.thirdparty.io.netty.channel.nio.NioEventLoop.run(NioEventLoop.java:458)
	at org.apache.ratis.thirdparty.io.netty.util.concurrent.SingleThreadEventExecutor$5.run(SingleThreadEventExecutor.java:897)
	at org.apache.ratis.thirdparty.io.netty.util.concurrent.FastThreadLocalRunnable.run(FastThreadLocalRunnable.java:30)
	... 1 more
Caused by: java.net.ConnectException: Connection refused
	... 11 more
2019-10-10 19:09:48,839 [4f42c1de-08dc-47d1-8f12-e71e73c4c998@group-13FE80F271D6-LeaderElection91] INFO  impl.LeaderElection (LogUtils.java:infoOrTrace(149)) -   Exception 1: {}
java.util.concurrent.ExecutionException: org.apache.ratis.thirdparty.io.grpc.StatusRuntimeException: UNAVAILABLE: io exception
	at java.util.concurrent.FutureTask.report(FutureTask.java:122)
	at java.util.concurrent.FutureTask.get(FutureTask.java:192)
	at org.apache.ratis.server.impl.LeaderElection.waitForResults(LeaderElection.java:259)
	at org.apache.ratis.server.impl.LeaderElection.askForVotes(LeaderElection.java:197)
	at org.apache.ratis.server.impl.LeaderElection.run(LeaderElection.java:133)
	at java.lang.Thread.run(Thread.java:748)
Caused by: org.apache.ratis.thirdparty.io.grpc.StatusRuntimeException: UNAVAILABLE: io exception
	at org.apache.ratis.thirdparty.io.grpc.stub.ClientCalls.toStatusRuntimeException(ClientCalls.java:233)
	at org.apache.ratis.thirdparty.io.grpc.stub.ClientCalls.getUnchecked(ClientCalls.java:214)
	at org.apache.ratis.thirdparty.io.grpc.stub.ClientCalls.blockingUnaryCall(ClientCalls.java:139)
	at org.apache.ratis.proto.grpc.RaftServerProtocolServiceGrpc$RaftServerProtocolServiceBlockingStub.requestVote(RaftServerProtocolServiceGrpc.java:265)
	at org.apache.ratis.grpc.server.GrpcServerProtocolClient.requestVote(GrpcServerProtocolClient.java:99)
	at org.apache.ratis.grpc.server.GrpcService.requestVote(GrpcService.java:204)
	at org.apache.ratis.server.impl.LeaderElection.lambda$submitRequests$1(LeaderElection.java:234)
	at java.util.concurrent.FutureTask.run(FutureTask.java:266)
	at java.util.concurrent.Executors$RunnableAdapter.call(Executors.java:511)
	at java.util.concurrent.FutureTask.run(FutureTask.java:266)
	at java.util.concurrent.ThreadPoolExecutor.runWorker(ThreadPoolExecutor.java:1149)
	at java.util.concurrent.ThreadPoolExecutor$Worker.run(ThreadPoolExecutor.java:624)
	... 1 more
Caused by: org.apache.ratis.thirdparty.io.netty.channel.AbstractChannel$AnnotatedConnectException: Connection refused: /192.168.5.175:38227
	at sun.nio.ch.SocketChannelImpl.checkConnect(Native Method)
	at sun.nio.ch.SocketChannelImpl.finishConnect(SocketChannelImpl.java:717)
	at org.apache.ratis.thirdparty.io.netty.channel.socket.nio.NioSocketChannel.doFinishConnect(NioSocketChannel.java:327)
	at org.apache.ratis.thirdparty.io.netty.channel.nio.AbstractNioChannel$AbstractNioUnsafe.finishConnect(AbstractNioChannel.java:340)
	at org.apache.ratis.thirdparty.io.netty.channel.nio.NioEventLoop.processSelectedKey(NioEventLoop.java:632)
	at org.apache.ratis.thirdparty.io.netty.channel.nio.NioEventLoop.processSelectedKeysOptimized(NioEventLoop.java:579)
	at org.apache.ratis.thirdparty.io.netty.channel.nio.NioEventLoop.processSelectedKeys(NioEventLoop.java:496)
	at org.apache.ratis.thirdparty.io.netty.channel.nio.NioEventLoop.run(NioEventLoop.java:458)
	at org.apache.ratis.thirdparty.io.netty.util.concurrent.SingleThreadEventExecutor$5.run(SingleThreadEventExecutor.java:897)
	at org.apache.ratis.thirdparty.io.netty.util.concurrent.FastThreadLocalRunnable.run(FastThreadLocalRunnable.java:30)
	... 1 more
Caused by: java.net.ConnectException: Connection refused
	... 11 more
2019-10-10 19:09:48,839 [4f42c1de-08dc-47d1-8f12-e71e73c4c998@group-13FE80F271D6-LeaderElection91] INFO  impl.RaftServerImpl (RaftServerImpl.java:setRole(170)) - 4f42c1de-08dc-47d1-8f12-e71e73c4c998@group-13FE80F271D6: changes role from CANDIDATE to FOLLOWER at term 2 for DISCOVERED_A_NEW_TERM
2019-10-10 19:09:48,840 [4f42c1de-08dc-47d1-8f12-e71e73c4c998@group-13FE80F271D6-LeaderElection91] INFO  impl.RoleInfo (RoleInfo.java:shutdownLeaderElection(134)) - 4f42c1de-08dc-47d1-8f12-e71e73c4c998: shutdown LeaderElection
2019-10-10 19:09:48,840 [4f42c1de-08dc-47d1-8f12-e71e73c4c998@group-13FE80F271D6-LeaderElection91] INFO  impl.RoleInfo (RoleInfo.java:updateAndGet(143)) - 4f42c1de-08dc-47d1-8f12-e71e73c4c998: start FollowerState
2019-10-10 19:09:48,910 [EventQueue-StaleNodeForStaleNodeHandler] INFO  node.StaleNodeHandler (StaleNodeHandler.java:onMessage(58)) - Datanode 43522fc3-cf3d-4b88-b622-585a8cbbeb1f{ip: 192.168.5.175, host: pr-hdds-2194-9vxpc-1955504311, networkLocation: /default-rack, certSerialId: null} moved to stale state. Finalizing its pipelines []
2019-10-10 19:09:49,111 [EventQueue-StaleNodeForStaleNodeHandler] INFO  node.StaleNodeHandler (StaleNodeHandler.java:onMessage(58)) - Datanode 4f42c1de-08dc-47d1-8f12-e71e73c4c998{ip: 192.168.5.175, host: pr-hdds-2194-9vxpc-1955504311, networkLocation: /default-rack, certSerialId: null} moved to stale state. Finalizing its pipelines [PipelineID=84a809c1-8ac7-41a4-ab74-13fe80f271d6, PipelineID=506b4f2b-330d-4b03-853b-6e3ac8deaf57]
2019-10-10 19:09:49,111 [EventQueue-StaleNodeForStaleNodeHandler] INFO  pipeline.SCMPipelineManager (SCMPipelineManager.java:finalizeAndDestroyPipeline(315)) - destroying pipeline:Pipeline[ Id: 84a809c1-8ac7-41a4-ab74-13fe80f271d6, Nodes: 4f42c1de-08dc-47d1-8f12-e71e73c4c998{ip: 192.168.5.175, host: pr-hdds-2194-9vxpc-1955504311, networkLocation: /default-rack, certSerialId: null}eb79673d-e71c-46b0-ba54-28d995f39114{ip: 192.168.5.175, host: pr-hdds-2194-9vxpc-1955504311, networkLocation: /default-rack, certSerialId: null}82412393-0d0f-42e5-b60a-35225ce55bb0{ip: 192.168.5.175, host: pr-hdds-2194-9vxpc-1955504311, networkLocation: /default-rack, certSerialId: null}, Type:RATIS, Factor:THREE, State:CLOSED]
2019-10-10 19:09:49,112 [EventQueue-StaleNodeForStaleNodeHandler] INFO  pipeline.SCMPipelineManager (SCMPipelineManager.java:finalizeAndDestroyPipeline(315)) - destroying pipeline:Pipeline[ Id: 506b4f2b-330d-4b03-853b-6e3ac8deaf57, Nodes: 4f42c1de-08dc-47d1-8f12-e71e73c4c998{ip: 192.168.5.175, host: pr-hdds-2194-9vxpc-1955504311, networkLocation: /default-rack, certSerialId: null}, Type:RATIS, Factor:ONE, State:OPEN]
2019-10-10 19:09:49,112 [EventQueue-StaleNodeForStaleNodeHandler] INFO  pipeline.PipelineStateManager (PipelineStateManager.java:finalizePipeline(123)) - Pipeline Pipeline[ Id: 506b4f2b-330d-4b03-853b-6e3ac8deaf57, Nodes: 4f42c1de-08dc-47d1-8f12-e71e73c4c998{ip: 192.168.5.175, host: pr-hdds-2194-9vxpc-1955504311, networkLocation: /default-rack, certSerialId: null}, Type:RATIS, Factor:ONE, State:CLOSED] moved to CLOSED state
2019-10-10 19:09:49,565 [main] INFO  ozoneimpl.OzoneContainer (OzoneContainer.java:stop(227)) - Attempting to stop container services.
2019-10-10 19:09:49,568 [ForkJoinPool.commonPool-worker-0] INFO  ozoneimpl.OzoneContainer (OzoneContainer.java:stop(227)) - Attempting to stop container services.
2019-10-10 19:09:49,569 [main] INFO  impl.RaftServerProxy (RaftServerProxy.java:lambda$close$4(314)) - 43522fc3-cf3d-4b88-b622-585a8cbbeb1f: close
2019-10-10 19:09:49,571 [ForkJoinPool.commonPool-worker-0] INFO  impl.RaftServerProxy (RaftServerProxy.java:lambda$close$4(314)) - 4f42c1de-08dc-47d1-8f12-e71e73c4c998: close
2019-10-10 19:09:49,571 [main] INFO  server.GrpcService (GrpcService.java:closeImpl(164)) - 43522fc3-cf3d-4b88-b622-585a8cbbeb1f: shutdown server with port 38082 now
2019-10-10 19:09:49,571 [ForkJoinPool.commonPool-worker-0] INFO  impl.RaftServerImpl (RaftServerImpl.java:lambda$shutdown$3(247)) - 4f42c1de-08dc-47d1-8f12-e71e73c4c998@group-13FE80F271D6: shutdown
2019-10-10 19:09:49,572 [ForkJoinPool.commonPool-worker-0] INFO  util.JmxRegister (JmxRegister.java:unregister(73)) - Successfully un-registered JMX Bean with object name Ratis:service=RaftServer,group=group-13FE80F271D6,id=4f42c1de-08dc-47d1-8f12-e71e73c4c998
2019-10-10 19:09:49,572 [main] INFO  server.GrpcService (GrpcService.java:closeImpl(172)) - 43522fc3-cf3d-4b88-b622-585a8cbbeb1f: shutdown server with port 38082 successfully
2019-10-10 19:09:49,572 [ForkJoinPool.commonPool-worker-0] INFO  impl.RoleInfo (RoleInfo.java:shutdownFollowerState(121)) - 4f42c1de-08dc-47d1-8f12-e71e73c4c998: shutdown FollowerState
2019-10-10 19:09:49,573 [ForkJoinPool.commonPool-worker-0] INFO  impl.StateMachineUpdater (StateMachineUpdater.java:stopAndJoin(136)) - 4f42c1de-08dc-47d1-8f12-e71e73c4c998@group-13FE80F271D6-StateMachineUpdater: set stopIndex = 16
2019-10-10 19:09:49,574 [4f42c1de-08dc-47d1-8f12-e71e73c4c998@group-13FE80F271D6-StateMachineUpdater] INFO  ratis.ContainerStateMachine (ContainerStateMachine.java:takeSnapshot(294)) - group-13FE80F271D6: Taking a snapshot at:(t:1, i:14) file /workdir/hadoop-ozone/integration-test/target/test-dir/MiniOzoneClusterImpl-1a4c3d35-b2f5-4839-a9b3-d09690a86701/datanode-0/data/ratis/84a809c1-8ac7-41a4-ab74-13fe80f271d6/sm/snapshot.1_14
2019-10-10 19:09:49,574 [Thread-3392] INFO  impl.FollowerState (FollowerState.java:run(117)) - 4f42c1de-08dc-47d1-8f12-e71e73c4c998@group-13FE80F271D6-FollowerState was interrupted: java.lang.InterruptedException: sleep interrupted
2019-10-10 19:09:49,596 [refreshUsed-/workdir/hadoop-ozone/integration-test/target/test-dir/MiniOzoneClusterImpl-1a4c3d35-b2f5-4839-a9b3-d09690a86701/datanode-6/data/containers] WARN  fs.CachingGetSpaceUsed (CachingGetSpaceUsed.java:run(183)) - Thread Interrupted waiting to refresh disk information: sleep interrupted
2019-10-10 19:09:49,606 [4f42c1de-08dc-47d1-8f12-e71e73c4c998@group-13FE80F271D6-StateMachineUpdater] INFO  ratis.ContainerStateMachine (ContainerStateMachine.java:takeSnapshot(305)) - group-13FE80F271D6: Finished taking a snapshot at:(t:1, i:14) file:/workdir/hadoop-ozone/integration-test/target/test-dir/MiniOzoneClusterImpl-1a4c3d35-b2f5-4839-a9b3-d09690a86701/datanode-0/data/ratis/84a809c1-8ac7-41a4-ab74-13fe80f271d6/sm/snapshot.1_14 time:33
2019-10-10 19:09:49,607 [4f42c1de-08dc-47d1-8f12-e71e73c4c998@group-13FE80F271D6-StateMachineUpdater] INFO  impl.StateMachineUpdater (StateMachineUpdater.java:takeSnapshot(269)) - 4f42c1de-08dc-47d1-8f12-e71e73c4c998@group-13FE80F271D6-StateMachineUpdater: Took a snapshot at index 14
2019-10-10 19:09:49,607 [4f42c1de-08dc-47d1-8f12-e71e73c4c998@group-13FE80F271D6-StateMachineUpdater] INFO  impl.StateMachineUpdater (StateMachineUpdater.java:lambda$new$0(84)) - 4f42c1de-08dc-47d1-8f12-e71e73c4c998@group-13FE80F271D6-StateMachineUpdater: snapshotIndex: updateIncreasingly -1 -> 14
2019-10-10 19:09:49,608 [4f42c1de-08dc-47d1-8f12-e71e73c4c998@group-13FE80F271D6-StateMachineUpdater] INFO  ratis.ContainerStateMachine (ContainerStateMachine.java:takeSnapshot(294)) - group-13FE80F271D6: Taking a snapshot at:(t:1, i:14) file /workdir/hadoop-ozone/integration-test/target/test-dir/MiniOzoneClusterImpl-1a4c3d35-b2f5-4839-a9b3-d09690a86701/datanode-0/data/ratis/84a809c1-8ac7-41a4-ab74-13fe80f271d6/sm/snapshot.1_14
2019-10-10 19:09:49,610 [main] INFO  utils.BackgroundService (BackgroundService.java:shutdown(151)) - Shutting down service BlockDeletingService
2019-10-10 19:09:49,616 [main] INFO  statemachine.DatanodeStateMachine (DatanodeStateMachine.java:stopDaemon(395)) - Ozone container server stopped.
2019-10-10 19:09:49,618 [main] INFO  handler.ContextHandler (ContextHandler.java:doStop(910)) - Stopped o.e.j.w.WebAppContext@1068176{/,null,UNAVAILABLE}{/hddsDatanode}
2019-10-10 19:09:49,621 [4f42c1de-08dc-47d1-8f12-e71e73c4c998@group-13FE80F271D6-StateMachineUpdater] INFO  ratis.ContainerStateMachine (ContainerStateMachine.java:takeSnapshot(305)) - group-13FE80F271D6: Finished taking a snapshot at:(t:1, i:14) file:/workdir/hadoop-ozone/integration-test/target/test-dir/MiniOzoneClusterImpl-1a4c3d35-b2f5-4839-a9b3-d09690a86701/datanode-0/data/ratis/84a809c1-8ac7-41a4-ab74-13fe80f271d6/sm/snapshot.1_14 time:12
2019-10-10 19:09:49,621 [main] INFO  server.AbstractConnector (AbstractConnector.java:doStop(318)) - Stopped ServerConnector@5bf4764d{HTTP/1.1,[http/1.1]}{0.0.0.0:0}
2019-10-10 19:09:49,621 [4f42c1de-08dc-47d1-8f12-e71e73c4c998@group-13FE80F271D6-StateMachineUpdater] INFO  impl.StateMachineUpdater (StateMachineUpdater.java:takeSnapshot(269)) - 4f42c1de-08dc-47d1-8f12-e71e73c4c998@group-13FE80F271D6-StateMachineUpdater: Took a snapshot at index 14
2019-10-10 19:09:49,621 [4f42c1de-08dc-47d1-8f12-e71e73c4c998@group-13FE80F271D6-StateMachineUpdater] INFO  impl.StateMachineUpdater (StateMachineUpdater.java:lambda$new$0(84)) - 4f42c1de-08dc-47d1-8f12-e71e73c4c998@group-13FE80F271D6-StateMachineUpdater: snapshotIndex: updateIncreasingly 14 -> 14
2019-10-10 19:09:49,621 [main] INFO  handler.ContextHandler (ContextHandler.java:doStop(910)) - Stopped o.e.j.s.ServletContextHandler@626c569b{/static,jar:file:/home/user/.m2/repository/org/apache/hadoop/hadoop-hdds-container-service/0.5.0-SNAPSHOT/hadoop-hdds-container-service-0.5.0-SNAPSHOT.jar!/webapps/static,UNAVAILABLE}
2019-10-10 19:09:49,621 [ForkJoinPool.commonPool-worker-0] INFO  impl.RaftServerImpl (ServerState.java:close(387)) - 4f42c1de-08dc-47d1-8f12-e71e73c4c998@group-13FE80F271D6: closes. applyIndex: 16
2019-10-10 19:09:49,622 [main] INFO  handler.ContextHandler (ContextHandler.java:doStop(910)) - Stopped o.e.j.s.ServletContextHandler@3d1c933{/logs,file:///workdir/hadoop-ozone/integration-test/target/log,UNAVAILABLE}
2019-10-10 19:09:49,622 [4f42c1de-08dc-47d1-8f12-e71e73c4c998@group-13FE80F271D6-SegmentedRaftLogWorker] INFO  segmented.SegmentedRaftLogWorker (SegmentedRaftLogWorker.java:run(316)) - 4f42c1de-08dc-47d1-8f12-e71e73c4c998@group-13FE80F271D6-SegmentedRaftLogWorker was interrupted, exiting. There are 0 tasks remaining in the queue.
2019-10-10 19:09:49,624 [ForkJoinPool.commonPool-worker-0] INFO  segmented.SegmentedRaftLogWorker (SegmentedRaftLogWorker.java:close(224)) - 4f42c1de-08dc-47d1-8f12-e71e73c4c998@group-13FE80F271D6-SegmentedRaftLogWorker close()
2019-10-10 19:09:49,631 [ForkJoinPool.commonPool-worker-0] INFO  impl.RaftServerImpl (RaftServerImpl.java:lambda$shutdown$3(247)) - 4f42c1de-08dc-47d1-8f12-e71e73c4c998@group-6E3AC8DEAF57: shutdown
2019-10-10 19:09:49,632 [ForkJoinPool.commonPool-worker-0] INFO  util.JmxRegister (JmxRegister.java:unregister(73)) - Successfully un-registered JMX Bean with object name Ratis:service=RaftServer,group=group-6E3AC8DEAF57,id=4f42c1de-08dc-47d1-8f12-e71e73c4c998
2019-10-10 19:09:49,632 [ForkJoinPool.commonPool-worker-0] INFO  impl.RoleInfo (RoleInfo.java:shutdownLeaderState(104)) - 4f42c1de-08dc-47d1-8f12-e71e73c4c998: shutdown LeaderState
2019-10-10 19:09:49,632 [ForkJoinPool.commonPool-worker-0] INFO  impl.PendingRequests (PendingRequests.java:sendNotLeaderResponses(202)) - 4f42c1de-08dc-47d1-8f12-e71e73c4c998@group-6E3AC8DEAF57-PendingRequests: sendNotLeaderResponses
2019-10-10 19:09:49,633 [ForkJoinPool.commonPool-worker-0] INFO  impl.StateMachineUpdater (StateMachineUpdater.java:stopAndJoin(136)) - 4f42c1de-08dc-47d1-8f12-e71e73c4c998@group-6E3AC8DEAF57-StateMachineUpdater: set stopIndex = 0
2019-10-10 19:09:49,633 [ForkJoinPool.commonPool-worker-0] INFO  impl.RaftServerImpl (ServerState.java:close(387)) - 4f42c1de-08dc-47d1-8f12-e71e73c4c998@group-6E3AC8DEAF57: closes. applyIndex: 0
2019-10-10 19:09:49,633 [4f42c1de-08dc-47d1-8f12-e71e73c4c998@group-6E3AC8DEAF57-SegmentedRaftLogWorker] INFO  segmented.SegmentedRaftLogWorker (SegmentedRaftLogWorker.java:run(316)) - 4f42c1de-08dc-47d1-8f12-e71e73c4c998@group-6E3AC8DEAF57-SegmentedRaftLogWorker was interrupted, exiting. There are 0 tasks remaining in the queue.
2019-10-10 19:09:49,634 [ForkJoinPool.commonPool-worker-0] INFO  segmented.SegmentedRaftLogWorker (SegmentedRaftLogWorker.java:close(224)) - 4f42c1de-08dc-47d1-8f12-e71e73c4c998@group-6E3AC8DEAF57-SegmentedRaftLogWorker close()
2019-10-10 19:09:49,635 [ForkJoinPool.commonPool-worker-0] INFO  server.GrpcService (GrpcService.java:closeImpl(164)) - 4f42c1de-08dc-47d1-8f12-e71e73c4c998: shutdown server with port 42446 now
2019-10-10 19:09:49,636 [ForkJoinPool.commonPool-worker-0] INFO  server.GrpcService (GrpcService.java:closeImpl(172)) - 4f42c1de-08dc-47d1-8f12-e71e73c4c998: shutdown server with port 42446 successfully
2019-10-10 19:09:49,639 [refreshUsed-/workdir/hadoop-ozone/integration-test/target/test-dir/MiniOzoneClusterImpl-1a4c3d35-b2f5-4839-a9b3-d09690a86701/datanode-0/data/containers] WARN  fs.CachingGetSpaceUsed (CachingGetSpaceUsed.java:run(183)) - Thread Interrupted waiting to refresh disk information: sleep interrupted
2019-10-10 19:09:49,654 [ForkJoinPool.commonPool-worker-0] INFO  utils.BackgroundService (BackgroundService.java:shutdown(151)) - Shutting down service BlockDeletingService
2019-10-10 19:09:49,658 [ForkJoinPool.commonPool-worker-0] INFO  statemachine.DatanodeStateMachine (DatanodeStateMachine.java:stopDaemon(395)) - Ozone container server stopped.
2019-10-10 19:09:49,662 [ForkJoinPool.commonPool-worker-0] INFO  handler.ContextHandler (ContextHandler.java:doStop(910)) - Stopped o.e.j.w.WebAppContext@7d133fb7{/,null,UNAVAILABLE}{/hddsDatanode}
2019-10-10 19:09:49,662 [ForkJoinPool.commonPool-worker-0] INFO  server.AbstractConnector (AbstractConnector.java:doStop(318)) - Stopped ServerConnector@40bd0f8{HTTP/1.1,[http/1.1]}{0.0.0.0:0}
2019-10-10 19:09:49,664 [ForkJoinPool.commonPool-worker-0] INFO  handler.ContextHandler (ContextHandler.java:doStop(910)) - Stopped o.e.j.s.ServletContextHandler@6fbf5db2{/static,jar:file:/home/user/.m2/repository/org/apache/hadoop/hadoop-hdds-container-service/0.5.0-SNAPSHOT/hadoop-hdds-container-service-0.5.0-SNAPSHOT.jar!/webapps/static,UNAVAILABLE}
2019-10-10 19:09:49,665 [ForkJoinPool.commonPool-worker-0] INFO  handler.ContextHandler (ContextHandler.java:doStop(910)) - Stopped o.e.j.s.ServletContextHandler@2e952845{/logs,file:///workdir/hadoop-ozone/integration-test/target/log,UNAVAILABLE}
2019-10-10 19:09:49,666 [main] INFO  ozone.MiniOzoneClusterImpl (MiniOzoneClusterImpl.java:stopSCM(392)) - Stopping the StorageContainerManager
2019-10-10 19:09:49,666 [main] INFO  server.StorageContainerManager (StorageContainerManager.java:stop(810)) - Stopping Replication Manager Service.
2019-10-10 19:09:49,666 [main] INFO  container.ReplicationManager (ReplicationManager.java:stop(203)) - Stopping Replication Monitor Thread.
2019-10-10 19:09:49,666 [main] INFO  server.StorageContainerManager (StorageContainerManager.java:stop(817)) - Stopping Lease Manager of the command watchers
2019-10-10 19:09:49,667 [main] INFO  server.StorageContainerManager (StorageContainerManager.java:stop(824)) - Stopping datanode service RPC server
2019-10-10 19:09:49,667 [main] INFO  server.SCMDatanodeProtocolServer (SCMDatanodeProtocolServer.java:stop(346)) - Stopping the RPC server for DataNodes
2019-10-10 19:09:49,667 [main] INFO  ipc.Server (Server.java:stop(3082)) - Stopping server on 39090
2019-10-10 19:09:49,671 [IPC Server listener on 39090] INFO  ipc.Server (Server.java:run(1185)) - Stopping IPC Server listener on 39090
2019-10-10 19:09:49,671 [IPC Server Responder] INFO  ipc.Server (Server.java:run(1319)) - Stopping IPC Server Responder
2019-10-10 19:09:49,715 [SCM Heartbeat Processing Thread - 0] WARN  node.NodeStateManager (NodeStateManager.java:scheduleNextHealthCheck(646)) - Current Thread is interrupted, shutting down HB processing thread for Node Manager.
2019-10-10 19:09:49,715 [main] INFO  server.StorageContainerManager (StorageContainerManager.java:stop(832)) - Stopping block service RPC server
2019-10-10 19:09:49,716 [main] INFO  server.SCMBlockProtocolServer (SCMBlockProtocolServer.java:stop(155)) - Stopping the RPC server for Block Protocol
2019-10-10 19:09:49,716 [main] INFO  ipc.Server (Server.java:stop(3082)) - Stopping server on 45156
2019-10-10 19:09:49,719 [IPC Server listener on 45156] INFO  ipc.Server (Server.java:run(1185)) - Stopping IPC Server listener on 45156
2019-10-10 19:09:49,719 [main] INFO  server.StorageContainerManager (StorageContainerManager.java:stop(839)) - Stopping the StorageContainerLocationProtocol RPC server
2019-10-10 19:09:49,720 [IPC Server Responder] INFO  ipc.Server (Server.java:run(1319)) - Stopping IPC Server Responder
2019-10-10 19:09:49,721 [main] INFO  server.SCMClientProtocolServer (SCMClientProtocolServer.java:stop(168)) - Stopping the RPC server for Client Protocol
2019-10-10 19:09:49,721 [main] INFO  ipc.Server (Server.java:stop(3082)) - Stopping server on 41420
2019-10-10 19:09:49,723 [IPC Server listener on 41420] INFO  ipc.Server (Server.java:run(1185)) - Stopping IPC Server listener on 41420
2019-10-10 19:09:49,723 [main] INFO  server.StorageContainerManager (StorageContainerManager.java:stop(846)) - Stopping Storage Container Manager HTTP server.
2019-10-10 19:09:49,723 [IPC Server Responder] INFO  ipc.Server (Server.java:run(1319)) - Stopping IPC Server Responder
2019-10-10 19:09:49,725 [main] INFO  handler.ContextHandler (ContextHandler.java:doStop(910)) - Stopped o.e.j.w.WebAppContext@7d37ee0c{/,null,UNAVAILABLE}{/scm}
2019-10-10 19:09:49,726 [main] INFO  server.AbstractConnector (AbstractConnector.java:doStop(318)) - Stopped ServerConnector@5a7b309b{HTTP/1.1,[http/1.1]}{0.0.0.0:0}
2019-10-10 19:09:49,726 [main] INFO  handler.ContextHandler (ContextHandler.java:doStop(910)) - Stopped o.e.j.s.ServletContextHandler@30abf79c{/static,file:///workdir/hadoop-ozone/integration-test/target/test-classes/webapps/static,UNAVAILABLE}
2019-10-10 19:09:49,727 [main] INFO  handler.ContextHandler (ContextHandler.java:doStop(910)) - Stopped o.e.j.s.ServletContextHandler@2bd8f7db{/logs,file:///workdir/hadoop-ozone/integration-test/target/log,UNAVAILABLE}
2019-10-10 19:09:49,728 [main] INFO  server.StorageContainerManager (StorageContainerManager.java:stop(857)) - Stopping Block Manager Service.
2019-10-10 19:09:49,728 [main] INFO  utils.BackgroundService (BackgroundService.java:shutdown(151)) - Shutting down service SCMBlockDeletingService
2019-10-10 19:09:49,728 [main] INFO  utils.BackgroundService (BackgroundService.java:shutdown(151)) - Shutting down service SCMBlockDeletingService
2019-10-10 19:09:49,729 [main] INFO  server.StorageContainerManager (StorageContainerManager.java:stop(879)) - Stopping SCM Event Queue.
2019-10-10 19:09:49,733 [main] INFO  impl.MetricsSystemImpl (MetricsSystemImpl.java:stop(210)) - Stopping HddsDatanode metrics system...
2019-10-10 19:09:49,768 [main] INFO  impl.MetricsSystemImpl (MetricsSystemImpl.java:stop(216)) - HddsDatanode metrics system stopped.
]]></system-out>
  </testcase>
  <testcase name="testFailureWithPrimeSizedData" classname="org.apache.hadoop.ozone.client.rpc.TestBlockOutputStreamWithFailures" time="33.575"/>
  <testcase name="testWatchForCommitWithCloseContainerException" classname="org.apache.hadoop.ozone.client.rpc.TestBlockOutputStreamWithFailures" time="33.526"/>
  <testcase name="testExceptionDuringClose" classname="org.apache.hadoop.ozone.client.rpc.TestBlockOutputStreamWithFailures" time="36.768"/>
</testsuite>