<?xml version="1.0" encoding="UTF-8"?>
<testsuite xmlns:xsi="http://www.w3.org/2001/XMLSchema-instance" xsi:noNamespaceSchemaLocation="https://maven.apache.org/surefire/maven-surefire-plugin/xsd/surefire-test-report.xsd" name="org.apache.hadoop.ozone.client.rpc.TestWatchForCommit" time="230.297" tests="5" errors="1" skipped="0" failures="1">
  <properties>
    <property name="awt.toolkit" value="sun.awt.X11.XToolkit"/>
    <property name="file.encoding.pkg" value="sun.io"/>
    <property name="java.specification.version" value="1.8"/>
    <property name="sun.cpu.isalist" value=""/>
    <property name="sun.jnu.encoding" value="UTF-8"/>
    <property name="java.class.path" value="/workdir/hadoop-ozone/integration-test/target/test-classes:/workdir/hadoop-ozone/integration-test/target/classes:/home/user/.m2/repository/org/apache/hadoop/hadoop-ozone-common/0.5.0-SNAPSHOT/hadoop-ozone-common-0.5.0-SNAPSHOT.jar:/home/user/.m2/repository/org/apache/commons/commons-compress/1.4.1/commons-compress-1.4.1.jar:/home/user/.m2/repository/org/tukaani/xz/1.0/xz-1.0.jar:/home/user/.m2/repository/org/apache/hadoop/hadoop-common/3.2.0/hadoop-common-3.2.0.jar:/home/user/.m2/repository/org/apache/hadoop/hadoop-hdfs/3.2.0/hadoop-hdfs-3.2.0.jar:/home/user/.m2/repository/org/apache/hadoop/hadoop-hdfs-client/3.2.0/hadoop-hdfs-client-3.2.0.jar:/home/user/.m2/repository/com/fasterxml/jackson/core/jackson-annotations/2.9.9/jackson-annotations-2.9.9.jar:/home/user/.m2/repository/org/apache/hadoop/hadoop-hdds-common/0.5.0-SNAPSHOT/hadoop-hdds-common-0.5.0-SNAPSHOT.jar:/home/user/.m2/repository/javax/annotation/javax.annotation-api/1.2/javax.annotation-api-1.2.jar:/home/user/.m2/repository/org/apache/ratis/ratis-server/0.5.0-201fc85-SNAPSHOT/ratis-server-0.5.0-201fc85-SNAPSHOT.jar:/home/user/.m2/repository/org/apache/ratis/ratis-thirdparty-misc/0.2.0/ratis-thirdparty-misc-0.2.0.jar:/home/user/.m2/repository/org/apache/ratis/ratis-proto/0.5.0-201fc85-SNAPSHOT/ratis-proto-0.5.0-201fc85-SNAPSHOT.jar:/home/user/.m2/repository/org/apache/ratis/ratis-common/0.5.0-201fc85-SNAPSHOT/ratis-common-0.5.0-201fc85-SNAPSHOT.jar:/home/user/.m2/repository/org/apache/ratis/ratis-client/0.5.0-201fc85-SNAPSHOT/ratis-client-0.5.0-201fc85-SNAPSHOT.jar:/home/user/.m2/repository/org/apache/ratis/ratis-metrics/0.5.0-201fc85-SNAPSHOT/ratis-metrics-0.5.0-201fc85-SNAPSHOT.jar:/home/user/.m2/repository/com/github/joshelser/dropwizard-metrics-hadoop-metrics2-reporter/0.1.2/dropwizard-metrics-hadoop-metrics2-reporter-0.1.2.jar:/home/user/.m2/repository/io/dropwizard/metrics/metrics-jvm/3.2.5/metrics-jvm-3.2.5.jar:/home/user/.m2/repository/io/dropwizard/metrics/metrics-ganglia/3.2.5/metrics-ganglia-3.2.5.jar:/home/user/.m2/repository/info/ganglia/gmetric4j/gmetric4j/1.0.7/gmetric4j-1.0.7.jar:/home/user/.m2/repository/org/apache/ratis/ratis-netty/0.5.0-201fc85-SNAPSHOT/ratis-netty-0.5.0-201fc85-SNAPSHOT.jar:/home/user/.m2/repository/org/apache/ratis/ratis-grpc/0.5.0-201fc85-SNAPSHOT/ratis-grpc-0.5.0-201fc85-SNAPSHOT.jar:/home/user/.m2/repository/org/rocksdb/rocksdbjni/6.0.1/rocksdbjni-6.0.1.jar:/home/user/.m2/repository/org/apache/logging/log4j/log4j-api/2.11.0/log4j-api-2.11.0.jar:/home/user/.m2/repository/org/apache/logging/log4j/log4j-core/2.11.0/log4j-core-2.11.0.jar:/home/user/.m2/repository/com/lmax/disruptor/3.4.2/disruptor-3.4.2.jar:/home/user/.m2/repository/org/apache/commons/commons-pool2/2.6.0/commons-pool2-2.6.0.jar:/home/user/.m2/repository/org/bouncycastle/bcpkix-jdk15on/1.60/bcpkix-jdk15on-1.60.jar:/home/user/.m2/repository/commons-validator/commons-validator/1.6/commons-validator-1.6.jar:/home/user/.m2/repository/commons-digester/commons-digester/1.8.1/commons-digester-1.8.1.jar:/home/user/.m2/repository/io/jaegertracing/jaeger-client/0.34.0/jaeger-client-0.34.0.jar:/home/user/.m2/repository/io/jaegertracing/jaeger-thrift/0.34.0/jaeger-thrift-0.34.0.jar:/home/user/.m2/repository/org/apache/thrift/libthrift/0.12.0/libthrift-0.12.0.jar:/home/user/.m2/repository/com/squareup/okhttp3/okhttp/3.9.0/okhttp-3.9.0.jar:/home/user/.m2/repository/com/squareup/okio/okio/1.13.0/okio-1.13.0.jar:/home/user/.m2/repository/io/jaegertracing/jaeger-core/0.34.0/jaeger-core-0.34.0.jar:/home/user/.m2/repository/io/jaegertracing/jaeger-tracerresolver/0.34.0/jaeger-tracerresolver-0.34.0.jar:/home/user/.m2/repository/io/opentracing/contrib/opentracing-tracerresolver/0.1.5/opentracing-tracerresolver-0.1.5.jar:/home/user/.m2/repository/io/opentracing/opentracing-util/0.31.0/opentracing-util-0.31.0.jar:/home/user/.m2/repository/io/opentracing/opentracing-api/0.31.0/opentracing-api-0.31.0.jar:/home/user/.m2/repository/io/opentracing/opentracing-noop/0.31.0/opentracing-noop-0.31.0.jar:/home/user/.m2/repository/org/apache/hadoop/hadoop-hdds-server-framework/0.5.0-SNAPSHOT/hadoop-hdds-server-framework-0.5.0-SNAPSHOT.jar:/home/user/.m2/repository/org/apache/hadoop/hadoop-hdds-container-service/0.5.0-SNAPSHOT/hadoop-hdds-container-service-0.5.0-SNAPSHOT.jar:/home/user/.m2/repository/org/apache/hadoop/hadoop-hdds-client/0.5.0-SNAPSHOT/hadoop-hdds-client-0.5.0-SNAPSHOT.jar:/home/user/.m2/repository/org/apache/hadoop/hadoop-hdds-tools/0.5.0-SNAPSHOT/hadoop-hdds-tools-0.5.0-SNAPSHOT.jar:/home/user/.m2/repository/org/apache/hadoop/hadoop-hdds-server-scm/0.5.0-SNAPSHOT/hadoop-hdds-server-scm-0.5.0-SNAPSHOT.jar:/home/user/.m2/repository/org/apache/hadoop/hadoop-hdds-docs/0.5.0-SNAPSHOT/hadoop-hdds-docs-0.5.0-SNAPSHOT.jar:/home/user/.m2/repository/io/dropwizard/metrics/metrics-core/3.2.4/metrics-core-3.2.4.jar:/home/user/.m2/repository/org/hamcrest/hamcrest-all/1.3/hamcrest-all-1.3.jar:/home/user/.m2/repository/org/bouncycastle/bcprov-jdk15on/1.60/bcprov-jdk15on-1.60.jar:/home/user/.m2/repository/info/picocli/picocli/3.9.6/picocli-3.9.6.jar:/home/user/.m2/repository/com/google/protobuf/protobuf-java/2.5.0/protobuf-java-2.5.0.jar:/home/user/.m2/repository/com/google/guava/guava/11.0.2/guava-11.0.2.jar:/home/user/.m2/repository/org/apache/hadoop/hadoop-ozone-ozone-manager/0.5.0-SNAPSHOT/hadoop-ozone-ozone-manager-0.5.0-SNAPSHOT.jar:/home/user/.m2/repository/org/apache/hadoop/hadoop-minikdc/3.2.0/hadoop-minikdc-3.2.0.jar:/home/user/.m2/repository/commons-io/commons-io/2.5/commons-io-2.5.jar:/home/user/.m2/repository/org/apache/kerby/kerb-simplekdc/1.0.1/kerb-simplekdc-1.0.1.jar:/home/user/.m2/repository/org/apache/kerby/kerb-client/1.0.1/kerb-client-1.0.1.jar:/home/user/.m2/repository/org/apache/kerby/kerby-config/1.0.1/kerby-config-1.0.1.jar:/home/user/.m2/repository/org/apache/kerby/kerb-core/1.0.1/kerb-core-1.0.1.jar:/home/user/.m2/repository/org/apache/kerby/kerby-pkix/1.0.1/kerby-pkix-1.0.1.jar:/home/user/.m2/repository/org/apache/kerby/kerby-asn1/1.0.1/kerby-asn1-1.0.1.jar:/home/user/.m2/repository/org/apache/kerby/kerby-util/1.0.1/kerby-util-1.0.1.jar:/home/user/.m2/repository/org/apache/kerby/kerb-common/1.0.1/kerb-common-1.0.1.jar:/home/user/.m2/repository/org/apache/kerby/kerb-crypto/1.0.1/kerb-crypto-1.0.1.jar:/home/user/.m2/repository/org/apache/kerby/kerb-util/1.0.1/kerb-util-1.0.1.jar:/home/user/.m2/repository/org/apache/kerby/token-provider/1.0.1/token-provider-1.0.1.jar:/home/user/.m2/repository/org/apache/kerby/kerb-admin/1.0.1/kerb-admin-1.0.1.jar:/home/user/.m2/repository/org/apache/kerby/kerb-server/1.0.1/kerb-server-1.0.1.jar:/home/user/.m2/repository/org/apache/kerby/kerb-identity/1.0.1/kerb-identity-1.0.1.jar:/home/user/.m2/repository/org/apache/kerby/kerby-xdr/1.0.1/kerby-xdr-1.0.1.jar:/home/user/.m2/repository/org/slf4j/slf4j-log4j12/1.7.25/slf4j-log4j12-1.7.25.jar:/home/user/.m2/repository/org/apache/hadoop/hadoop-ozone-s3gateway/0.5.0-SNAPSHOT/hadoop-ozone-s3gateway-0.5.0-SNAPSHOT.jar:/home/user/.m2/repository/org/jboss/weld/servlet/weld-servlet/2.4.7.Final/weld-servlet-2.4.7.Final.jar:/home/user/.m2/repository/org/glassfish/jersey/containers/jersey-container-servlet-core/2.27/jersey-container-servlet-core-2.27.jar:/home/user/.m2/repository/org/glassfish/hk2/external/javax.inject/2.5.0-b42/javax.inject-2.5.0-b42.jar:/home/user/.m2/repository/org/glassfish/jersey/core/jersey-common/2.27/jersey-common-2.27.jar:/home/user/.m2/repository/org/glassfish/hk2/osgi-resource-locator/1.0.1/osgi-resource-locator-1.0.1.jar:/home/user/.m2/repository/javax/ws/rs/javax.ws.rs-api/2.1/javax.ws.rs-api-2.1.jar:/home/user/.m2/repository/org/glassfish/jersey/ext/cdi/jersey-cdi1x/2.27/jersey-cdi1x-2.27.jar:/home/user/.m2/repository/org/glassfish/jersey/inject/jersey-hk2/2.27/jersey-hk2-2.27.jar:/home/user/.m2/repository/org/glassfish/hk2/hk2-locator/2.5.0-b42/hk2-locator-2.5.0-b42.jar:/home/user/.m2/repository/org/javassist/javassist/3.22.0-CR2/javassist-3.22.0-CR2.jar:/home/user/.m2/repository/org/glassfish/hk2/hk2-api/2.5.0/hk2-api-2.5.0.jar:/home/user/.m2/repository/org/glassfish/hk2/external/jakarta.inject/2.5.0/jakarta.inject-2.5.0.jar:/home/user/.m2/repository/org/glassfish/hk2/hk2-utils/2.5.0/hk2-utils-2.5.0.jar:/home/user/.m2/repository/jakarta/annotation/jakarta.annotation-api/1.3.4/jakarta.annotation-api-1.3.4.jar:/home/user/.m2/repository/org/glassfish/hk2/external/aopalliance-repackaged/2.5.0/aopalliance-repackaged-2.5.0.jar:/home/user/.m2/repository/com/fasterxml/jackson/dataformat/jackson-dataformat-xml/2.9.0/jackson-dataformat-xml-2.9.0.jar:/home/user/.m2/repository/com/fasterxml/jackson/core/jackson-core/2.9.9/jackson-core-2.9.9.jar:/home/user/.m2/repository/com/fasterxml/jackson/module/jackson-module-jaxb-annotations/2.9.9/jackson-module-jaxb-annotations-2.9.9.jar:/home/user/.m2/repository/javax/enterprise/cdi-api/1.2/cdi-api-1.2.jar:/home/user/.m2/repository/javax/el/javax.el-api/3.0.0/javax.el-api-3.0.0.jar:/home/user/.m2/repository/javax/interceptor/javax.interceptor-api/1.2/javax.interceptor-api-1.2.jar:/home/user/.m2/repository/javax/inject/javax.inject/1/javax.inject-1.jar:/home/user/.m2/repository/com/sun/xml/bind/jaxb-impl/2.3.0.1/jaxb-impl-2.3.0.1.jar:/home/user/.m2/repository/com/sun/xml/bind/jaxb-core/2.3.0.1/jaxb-core-2.3.0.1.jar:/home/user/.m2/repository/javax/xml/bind/jaxb-api/2.3.0/jaxb-api-2.3.0.jar:/home/user/.m2/repository/javax/activation/activation/1.1.1/activation-1.1.1.jar:/home/user/.m2/repository/org/apache/hadoop/hadoop-ozone-csi/0.5.0-SNAPSHOT/hadoop-ozone-csi-0.5.0-SNAPSHOT.jar:/home/user/.m2/repository/com/google/protobuf/protobuf-java-util/3.5.1/protobuf-java-util-3.5.1.jar:/home/user/.m2/repository/org/apache/hadoop/hadoop-hdds-config/0.5.0-SNAPSHOT/hadoop-hdds-config-0.5.0-SNAPSHOT.jar:/home/user/.m2/repository/io/grpc/grpc-netty/1.17.1/grpc-netty-1.17.1.jar:/home/user/.m2/repository/io/grpc/grpc-core/1.17.1/grpc-core-1.17.1.jar:/home/user/.m2/repository/io/grpc/grpc-context/1.17.1/grpc-context-1.17.1.jar:/home/user/.m2/repository/com/google/errorprone/error_prone_annotations/2.2.0/error_prone_annotations-2.2.0.jar:/home/user/.m2/repository/org/codehaus/mojo/animal-sniffer-annotations/1.17/animal-sniffer-annotations-1.17.jar:/home/user/.m2/repository/io/opencensus/opencensus-api/0.17.0/opencensus-api-0.17.0.jar:/home/user/.m2/repository/io/opencensus/opencensus-contrib-grpc-metrics/0.17.0/opencensus-contrib-grpc-metrics-0.17.0.jar:/home/user/.m2/repository/io/netty/netty-codec-http2/4.1.30.Final/netty-codec-http2-4.1.30.Final.jar:/home/user/.m2/repository/io/netty/netty-codec-http/4.1.30.Final/netty-codec-http-4.1.30.Final.jar:/home/user/.m2/repository/io/netty/netty-codec/4.1.30.Final/netty-codec-4.1.30.Final.jar:/home/user/.m2/repository/io/netty/netty-handler/4.1.30.Final/netty-handler-4.1.30.Final.jar:/home/user/.m2/repository/io/netty/netty-handler-proxy/4.1.30.Final/netty-handler-proxy-4.1.30.Final.jar:/home/user/.m2/repository/io/netty/netty-codec-socks/4.1.30.Final/netty-codec-socks-4.1.30.Final.jar:/home/user/.m2/repository/io/netty/netty-transport-native-epoll/4.1.30.Final/netty-transport-native-epoll-4.1.30.Final.jar:/home/user/.m2/repository/io/netty/netty-common/4.1.30.Final/netty-common-4.1.30.Final.jar:/home/user/.m2/repository/io/netty/netty-buffer/4.1.30.Final/netty-buffer-4.1.30.Final.jar:/home/user/.m2/repository/io/netty/netty-transport/4.1.30.Final/netty-transport-4.1.30.Final.jar:/home/user/.m2/repository/io/netty/netty-resolver/4.1.30.Final/netty-resolver-4.1.30.Final.jar:/home/user/.m2/repository/io/netty/netty-transport-native-unix-common/4.1.30.Final/netty-transport-native-unix-common-4.1.30.Final.jar:/home/user/.m2/repository/io/grpc/grpc-protobuf/1.17.1/grpc-protobuf-1.17.1.jar:/home/user/.m2/repository/com/google/api/grpc/proto-google-common-protos/1.0.0/proto-google-common-protos-1.0.0.jar:/home/user/.m2/repository/io/grpc/grpc-protobuf-lite/1.17.1/grpc-protobuf-lite-1.17.1.jar:/home/user/.m2/repository/io/grpc/grpc-stub/1.17.1/grpc-stub-1.17.1.jar:/home/user/.m2/repository/org/apache/hadoop/hadoop-ozone-recon/0.5.0-SNAPSHOT/hadoop-ozone-recon-0.5.0-SNAPSHOT.jar:/home/user/.m2/repository/org/apache/hadoop/hadoop-ozone-reconcodegen/0.5.0-SNAPSHOT/hadoop-ozone-reconcodegen-0.5.0-SNAPSHOT.jar:/home/user/.m2/repository/com/google/inject/extensions/guice-multibindings/4.0/guice-multibindings-4.0.jar:/home/user/.m2/repository/com/google/inject/guice/4.0/guice-4.0.jar:/home/user/.m2/repository/aopalliance/aopalliance/1.0/aopalliance-1.0.jar:/home/user/.m2/repository/com/google/inject/extensions/guice-servlet/4.0/guice-servlet-4.0.jar:/home/user/.m2/repository/org/glassfish/jersey/containers/jersey-container-servlet/2.27/jersey-container-servlet-2.27.jar:/home/user/.m2/repository/org/glassfish/hk2/guice-bridge/2.5.0/guice-bridge-2.5.0.jar:/home/user/.m2/repository/org/glassfish/jersey/core/jersey-server/2.27/jersey-server-2.27.jar:/home/user/.m2/repository/org/glassfish/jersey/core/jersey-client/2.27/jersey-client-2.27.jar:/home/user/.m2/repository/org/glassfish/jersey/media/jersey-media-jaxb/2.27/jersey-media-jaxb-2.27.jar:/home/user/.m2/repository/javax/validation/validation-api/1.1.0.Final/validation-api-1.1.0.Final.jar:/home/user/.m2/repository/org/glassfish/jersey/media/jersey-media-json-jackson/2.27/jersey-media-json-jackson-2.27.jar:/home/user/.m2/repository/org/glassfish/jersey/ext/jersey-entity-filtering/2.27/jersey-entity-filtering-2.27.jar:/home/user/.m2/repository/com/google/inject/extensions/guice-assistedinject/4.0/guice-assistedinject-4.0.jar:/home/user/.m2/repository/org/jooq/jooq/3.11.10/jooq-3.11.10.jar:/home/user/.m2/repository/org/jooq/jooq-meta/3.11.10/jooq-meta-3.11.10.jar:/home/user/.m2/repository/org/jooq/jooq-codegen/3.11.10/jooq-codegen-3.11.10.jar:/home/user/.m2/repository/com/jolbox/bonecp/0.8.0.RELEASE/bonecp-0.8.0.RELEASE.jar:/home/user/.m2/repository/org/xerial/sqlite-jdbc/3.25.2/sqlite-jdbc-3.25.2.jar:/home/user/.m2/repository/org/springframework/spring-jdbc/5.1.3.RELEASE/spring-jdbc-5.1.3.RELEASE.jar:/home/user/.m2/repository/org/springframework/spring-beans/5.1.3.RELEASE/spring-beans-5.1.3.RELEASE.jar:/home/user/.m2/repository/org/springframework/spring-core/5.1.3.RELEASE/spring-core-5.1.3.RELEASE.jar:/home/user/.m2/repository/org/springframework/spring-jcl/5.1.3.RELEASE/spring-jcl-5.1.3.RELEASE.jar:/home/user/.m2/repository/org/springframework/spring-tx/5.1.3.RELEASE/spring-tx-5.1.3.RELEASE.jar:/home/user/.m2/repository/org/apache/hadoop/hadoop-ozone-client/0.5.0-SNAPSHOT/hadoop-ozone-client-0.5.0-SNAPSHOT.jar:/home/user/.m2/repository/commons-lang/commons-lang/2.6/commons-lang-2.6.jar:/home/user/.m2/repository/org/apache/hadoop/hadoop-ozone-ozone-manager/0.5.0-SNAPSHOT/hadoop-ozone-ozone-manager-0.5.0-SNAPSHOT-tests.jar:/home/user/.m2/repository/junit/junit/4.11/junit-4.11.jar:/home/user/.m2/repository/org/hamcrest/hamcrest-core/1.3/hamcrest-core-1.3.jar:/home/user/.m2/repository/org/openjdk/jmh/jmh-core/1.19/jmh-core-1.19.jar:/home/user/.m2/repository/net/sf/jopt-simple/jopt-simple/4.6/jopt-simple-4.6.jar:/home/user/.m2/repository/org/apache/commons/commons-math3/3.1.1/commons-math3-3.1.1.jar:/home/user/.m2/repository/org/openjdk/jmh/jmh-generator-annprocess/1.19/jmh-generator-annprocess-1.19.jar:/home/user/.m2/repository/org/mockito/mockito-all/1.8.5/mockito-all-1.8.5.jar:/home/user/.m2/repository/org/apache/hadoop/hadoop-kms/3.2.0/hadoop-kms-3.2.0.jar:/home/user/.m2/repository/org/apache/hadoop/hadoop-auth/3.2.0/hadoop-auth-3.2.0.jar:/home/user/.m2/repository/com/nimbusds/nimbus-jose-jwt/4.41.1/nimbus-jose-jwt-4.41.1.jar:/home/user/.m2/repository/com/github/stephenc/jcip/jcip-annotations/1.0-1/jcip-annotations-1.0-1.jar:/home/user/.m2/repository/net/minidev/json-smart/2.3/json-smart-2.3.jar:/home/user/.m2/repository/net/minidev/accessors-smart/1.2/accessors-smart-1.2.jar:/home/user/.m2/repository/org/ow2/asm/asm/5.0.4/asm-5.0.4.jar:/home/user/.m2/repository/org/apache/curator/curator-framework/2.12.0/curator-framework-2.12.0.jar:/home/user/.m2/repository/com/sun/jersey/jersey-core/1.19/jersey-core-1.19.jar:/home/user/.m2/repository/javax/ws/rs/jsr311-api/1.1.1/jsr311-api-1.1.1.jar:/home/user/.m2/repository/com/sun/jersey/jersey-server/1.19/jersey-server-1.19.jar:/home/user/.m2/repository/javax/servlet/javax.servlet-api/3.1.0/javax.servlet-api-3.1.0.jar:/home/user/.m2/repository/org/eclipse/jetty/jetty-server/9.3.25.v20180904/jetty-server-9.3.25.v20180904.jar:/home/user/.m2/repository/org/eclipse/jetty/jetty-http/9.3.25.v20180904/jetty-http-9.3.25.v20180904.jar:/home/user/.m2/repository/org/eclipse/jetty/jetty-io/9.3.25.v20180904/jetty-io-9.3.25.v20180904.jar:/home/user/.m2/repository/org/eclipse/jetty/jetty-webapp/9.3.25.v20180904/jetty-webapp-9.3.25.v20180904.jar:/home/user/.m2/repository/org/eclipse/jetty/jetty-xml/9.3.25.v20180904/jetty-xml-9.3.25.v20180904.jar:/home/user/.m2/repository/log4j/log4j/1.2.17/log4j-1.2.17.jar:/home/user/.m2/repository/org/slf4j/slf4j-api/1.7.25/slf4j-api-1.7.25.jar:/home/user/.m2/repository/org/slf4j/jul-to-slf4j/1.7.25/jul-to-slf4j-1.7.25.jar:/home/user/.m2/repository/org/eclipse/jetty/jetty-util/9.3.25.v20180904/jetty-util-9.3.25.v20180904.jar:/home/user/.m2/repository/com/fasterxml/jackson/core/jackson-databind/2.9.9/jackson-databind-2.9.9.jar:/home/user/.m2/repository/org/apache/hadoop/hadoop-kms/3.2.0/hadoop-kms-3.2.0-tests.jar:/home/user/.m2/repository/org/apache/hadoop/hadoop-hdds-server-scm/0.5.0-SNAPSHOT/hadoop-hdds-server-scm-0.5.0-SNAPSHOT-tests.jar:/home/user/.m2/repository/org/apache/hadoop/hadoop-hdds-container-service/0.5.0-SNAPSHOT/hadoop-hdds-container-service-0.5.0-SNAPSHOT-tests.jar:/home/user/.m2/repository/org/yaml/snakeyaml/1.16/snakeyaml-1.16.jar:/home/user/.m2/repository/org/apache/hadoop/hadoop-common/3.2.0/hadoop-common-3.2.0-tests.jar:/home/user/.m2/repository/org/apache/hadoop/hadoop-annotations/3.2.0/hadoop-annotations-3.2.0.jar:/usr/lib/jvm/java-1.8-openjdk/jre/../lib/tools.jar:/home/user/.m2/repository/commons-cli/commons-cli/1.2/commons-cli-1.2.jar:/home/user/.m2/repository/org/apache/httpcomponents/httpclient/4.5.2/httpclient-4.5.2.jar:/home/user/.m2/repository/org/apache/httpcomponents/httpcore/4.4.4/httpcore-4.4.4.jar:/home/user/.m2/repository/commons-codec/commons-codec/1.11/commons-codec-1.11.jar:/home/user/.m2/repository/commons-net/commons-net/3.6/commons-net-3.6.jar:/home/user/.m2/repository/commons-collections/commons-collections/3.2.2/commons-collections-3.2.2.jar:/home/user/.m2/repository/org/eclipse/jetty/jetty-servlet/9.3.25.v20180904/jetty-servlet-9.3.25.v20180904.jar:/home/user/.m2/repository/org/eclipse/jetty/jetty-security/9.3.25.v20180904/jetty-security-9.3.25.v20180904.jar:/home/user/.m2/repository/javax/servlet/jsp/jsp-api/2.1/jsp-api-2.1.jar:/home/user/.m2/repository/com/sun/jersey/jersey-servlet/1.19/jersey-servlet-1.19.jar:/home/user/.m2/repository/com/sun/jersey/jersey-json/1.19/jersey-json-1.19.jar:/home/user/.m2/repository/org/codehaus/jettison/jettison/1.1/jettison-1.1.jar:/home/user/.m2/repository/org/codehaus/jackson/jackson-core-asl/1.9.13/jackson-core-asl-1.9.13.jar:/home/user/.m2/repository/org/codehaus/jackson/jackson-mapper-asl/1.9.13/jackson-mapper-asl-1.9.13.jar:/home/user/.m2/repository/org/codehaus/jackson/jackson-jaxrs/1.9.13/jackson-jaxrs-1.9.13.jar:/home/user/.m2/repository/org/codehaus/jackson/jackson-xc/1.9.13/jackson-xc-1.9.13.jar:/home/user/.m2/repository/commons-logging/commons-logging/1.1.3/commons-logging-1.1.3.jar:/home/user/.m2/repository/commons-beanutils/commons-beanutils/1.9.4/commons-beanutils-1.9.4.jar:/home/user/.m2/repository/org/apache/commons/commons-configuration2/2.1.1/commons-configuration2-2.1.1.jar:/home/user/.m2/repository/org/apache/commons/commons-lang3/3.7/commons-lang3-3.7.jar:/home/user/.m2/repository/org/apache/commons/commons-text/1.4/commons-text-1.4.jar:/home/user/.m2/repository/org/apache/avro/avro/1.7.7/avro-1.7.7.jar:/home/user/.m2/repository/com/thoughtworks/paranamer/paranamer/2.3/paranamer-2.3.jar:/home/user/.m2/repository/org/xerial/snappy/snappy-java/1.0.5/snappy-java-1.0.5.jar:/home/user/.m2/repository/com/google/re2j/re2j/1.1/re2j-1.1.jar:/home/user/.m2/repository/com/google/code/gson/gson/2.2.4/gson-2.2.4.jar:/home/user/.m2/repository/com/jcraft/jsch/0.1.54/jsch-0.1.54.jar:/home/user/.m2/repository/org/apache/curator/curator-client/2.12.0/curator-client-2.12.0.jar:/home/user/.m2/repository/org/apache/curator/curator-recipes/2.12.0/curator-recipes-2.12.0.jar:/home/user/.m2/repository/com/google/code/findbugs/jsr305/3.0.0/jsr305-3.0.0.jar:/home/user/.m2/repository/org/apache/htrace/htrace-core4/4.1.0-incubating/htrace-core4-4.1.0-incubating.jar:/home/user/.m2/repository/org/apache/zookeeper/zookeeper/3.4.13/zookeeper-3.4.13.jar:/home/user/.m2/repository/jline/jline/0.9.94/jline-0.9.94.jar:/home/user/.m2/repository/org/apache/yetus/audience-annotations/0.5.0/audience-annotations-0.5.0.jar:/home/user/.m2/repository/org/codehaus/woodstox/stax2-api/3.1.4/stax2-api-3.1.4.jar:/home/user/.m2/repository/com/fasterxml/woodstox/woodstox-core/5.0.3/woodstox-core-5.0.3.jar:/home/user/.m2/repository/dnsjava/dnsjava/2.1.7/dnsjava-2.1.7.jar:/home/user/.m2/repository/org/apache/hadoop/hadoop-hdfs/3.2.0/hadoop-hdfs-3.2.0-tests.jar:/home/user/.m2/repository/org/eclipse/jetty/jetty-util-ajax/9.3.25.v20180904/jetty-util-ajax-9.3.25.v20180904.jar:/home/user/.m2/repository/commons-daemon/commons-daemon/1.0.13/commons-daemon-1.0.13.jar:/home/user/.m2/repository/io/netty/netty/3.10.5.Final/netty-3.10.5.Final.jar:/home/user/.m2/repository/io/netty/netty-all/4.0.52.Final/netty-all-4.0.52.Final.jar:/home/user/.m2/repository/org/fusesource/leveldbjni/leveldbjni-all/1.8/leveldbjni-all-1.8.jar:"/>
    <property name="java.vm.vendor" value="IcedTea"/>
    <property name="sun.arch.data.model" value="64"/>
    <property name="test.build.dir" value="/workdir/hadoop-ozone/integration-test/target/test-dir"/>
    <property name="test.cache.data" value=""/>
    <property name="java.vendor.url" value="https://icedtea.classpath.org"/>
    <property name="user.timezone" value=""/>
    <property name="java.vm.specification.version" value="1.8"/>
    <property name="os.name" value="Linux"/>
    <property name="test.build.data" value="/workdir/hadoop-ozone/integration-test/target/test-dir"/>
    <property name="user.country" value="US"/>
    <property name="sun.java.launcher" value="SUN_STANDARD"/>
    <property name="sun.boot.library.path" value="/usr/lib/jvm/java-1.8-openjdk/jre/lib/amd64"/>
    <property name="sun.java.command" value="/workdir/hadoop-ozone/integration-test/target/surefire/surefirebooter1811966761599915648.jar /workdir/hadoop-ozone/integration-test/target/surefire 2019-10-10T18-38-44_219-jvmRun1 surefire4951114928822050996tmp surefire_207534564669436240825tmp"/>
    <property name="test" value="!TestMiniChaosOzoneCluster"/>
    <property name="surefire.test.class.path" value="/workdir/hadoop-ozone/integration-test/target/test-classes:/workdir/hadoop-ozone/integration-test/target/classes:/home/user/.m2/repository/org/apache/hadoop/hadoop-ozone-common/0.5.0-SNAPSHOT/hadoop-ozone-common-0.5.0-SNAPSHOT.jar:/home/user/.m2/repository/org/apache/commons/commons-compress/1.4.1/commons-compress-1.4.1.jar:/home/user/.m2/repository/org/tukaani/xz/1.0/xz-1.0.jar:/home/user/.m2/repository/org/apache/hadoop/hadoop-common/3.2.0/hadoop-common-3.2.0.jar:/home/user/.m2/repository/org/apache/hadoop/hadoop-hdfs/3.2.0/hadoop-hdfs-3.2.0.jar:/home/user/.m2/repository/org/apache/hadoop/hadoop-hdfs-client/3.2.0/hadoop-hdfs-client-3.2.0.jar:/home/user/.m2/repository/com/fasterxml/jackson/core/jackson-annotations/2.9.9/jackson-annotations-2.9.9.jar:/home/user/.m2/repository/org/apache/hadoop/hadoop-hdds-common/0.5.0-SNAPSHOT/hadoop-hdds-common-0.5.0-SNAPSHOT.jar:/home/user/.m2/repository/javax/annotation/javax.annotation-api/1.2/javax.annotation-api-1.2.jar:/home/user/.m2/repository/org/apache/ratis/ratis-server/0.5.0-201fc85-SNAPSHOT/ratis-server-0.5.0-201fc85-SNAPSHOT.jar:/home/user/.m2/repository/org/apache/ratis/ratis-thirdparty-misc/0.2.0/ratis-thirdparty-misc-0.2.0.jar:/home/user/.m2/repository/org/apache/ratis/ratis-proto/0.5.0-201fc85-SNAPSHOT/ratis-proto-0.5.0-201fc85-SNAPSHOT.jar:/home/user/.m2/repository/org/apache/ratis/ratis-common/0.5.0-201fc85-SNAPSHOT/ratis-common-0.5.0-201fc85-SNAPSHOT.jar:/home/user/.m2/repository/org/apache/ratis/ratis-client/0.5.0-201fc85-SNAPSHOT/ratis-client-0.5.0-201fc85-SNAPSHOT.jar:/home/user/.m2/repository/org/apache/ratis/ratis-metrics/0.5.0-201fc85-SNAPSHOT/ratis-metrics-0.5.0-201fc85-SNAPSHOT.jar:/home/user/.m2/repository/com/github/joshelser/dropwizard-metrics-hadoop-metrics2-reporter/0.1.2/dropwizard-metrics-hadoop-metrics2-reporter-0.1.2.jar:/home/user/.m2/repository/io/dropwizard/metrics/metrics-jvm/3.2.5/metrics-jvm-3.2.5.jar:/home/user/.m2/repository/io/dropwizard/metrics/metrics-ganglia/3.2.5/metrics-ganglia-3.2.5.jar:/home/user/.m2/repository/info/ganglia/gmetric4j/gmetric4j/1.0.7/gmetric4j-1.0.7.jar:/home/user/.m2/repository/org/apache/ratis/ratis-netty/0.5.0-201fc85-SNAPSHOT/ratis-netty-0.5.0-201fc85-SNAPSHOT.jar:/home/user/.m2/repository/org/apache/ratis/ratis-grpc/0.5.0-201fc85-SNAPSHOT/ratis-grpc-0.5.0-201fc85-SNAPSHOT.jar:/home/user/.m2/repository/org/rocksdb/rocksdbjni/6.0.1/rocksdbjni-6.0.1.jar:/home/user/.m2/repository/org/apache/logging/log4j/log4j-api/2.11.0/log4j-api-2.11.0.jar:/home/user/.m2/repository/org/apache/logging/log4j/log4j-core/2.11.0/log4j-core-2.11.0.jar:/home/user/.m2/repository/com/lmax/disruptor/3.4.2/disruptor-3.4.2.jar:/home/user/.m2/repository/org/apache/commons/commons-pool2/2.6.0/commons-pool2-2.6.0.jar:/home/user/.m2/repository/org/bouncycastle/bcpkix-jdk15on/1.60/bcpkix-jdk15on-1.60.jar:/home/user/.m2/repository/commons-validator/commons-validator/1.6/commons-validator-1.6.jar:/home/user/.m2/repository/commons-digester/commons-digester/1.8.1/commons-digester-1.8.1.jar:/home/user/.m2/repository/io/jaegertracing/jaeger-client/0.34.0/jaeger-client-0.34.0.jar:/home/user/.m2/repository/io/jaegertracing/jaeger-thrift/0.34.0/jaeger-thrift-0.34.0.jar:/home/user/.m2/repository/org/apache/thrift/libthrift/0.12.0/libthrift-0.12.0.jar:/home/user/.m2/repository/com/squareup/okhttp3/okhttp/3.9.0/okhttp-3.9.0.jar:/home/user/.m2/repository/com/squareup/okio/okio/1.13.0/okio-1.13.0.jar:/home/user/.m2/repository/io/jaegertracing/jaeger-core/0.34.0/jaeger-core-0.34.0.jar:/home/user/.m2/repository/io/jaegertracing/jaeger-tracerresolver/0.34.0/jaeger-tracerresolver-0.34.0.jar:/home/user/.m2/repository/io/opentracing/contrib/opentracing-tracerresolver/0.1.5/opentracing-tracerresolver-0.1.5.jar:/home/user/.m2/repository/io/opentracing/opentracing-util/0.31.0/opentracing-util-0.31.0.jar:/home/user/.m2/repository/io/opentracing/opentracing-api/0.31.0/opentracing-api-0.31.0.jar:/home/user/.m2/repository/io/opentracing/opentracing-noop/0.31.0/opentracing-noop-0.31.0.jar:/home/user/.m2/repository/org/apache/hadoop/hadoop-hdds-server-framework/0.5.0-SNAPSHOT/hadoop-hdds-server-framework-0.5.0-SNAPSHOT.jar:/home/user/.m2/repository/org/apache/hadoop/hadoop-hdds-container-service/0.5.0-SNAPSHOT/hadoop-hdds-container-service-0.5.0-SNAPSHOT.jar:/home/user/.m2/repository/org/apache/hadoop/hadoop-hdds-client/0.5.0-SNAPSHOT/hadoop-hdds-client-0.5.0-SNAPSHOT.jar:/home/user/.m2/repository/org/apache/hadoop/hadoop-hdds-tools/0.5.0-SNAPSHOT/hadoop-hdds-tools-0.5.0-SNAPSHOT.jar:/home/user/.m2/repository/org/apache/hadoop/hadoop-hdds-server-scm/0.5.0-SNAPSHOT/hadoop-hdds-server-scm-0.5.0-SNAPSHOT.jar:/home/user/.m2/repository/org/apache/hadoop/hadoop-hdds-docs/0.5.0-SNAPSHOT/hadoop-hdds-docs-0.5.0-SNAPSHOT.jar:/home/user/.m2/repository/io/dropwizard/metrics/metrics-core/3.2.4/metrics-core-3.2.4.jar:/home/user/.m2/repository/org/hamcrest/hamcrest-all/1.3/hamcrest-all-1.3.jar:/home/user/.m2/repository/org/bouncycastle/bcprov-jdk15on/1.60/bcprov-jdk15on-1.60.jar:/home/user/.m2/repository/info/picocli/picocli/3.9.6/picocli-3.9.6.jar:/home/user/.m2/repository/com/google/protobuf/protobuf-java/2.5.0/protobuf-java-2.5.0.jar:/home/user/.m2/repository/com/google/guava/guava/11.0.2/guava-11.0.2.jar:/home/user/.m2/repository/org/apache/hadoop/hadoop-ozone-ozone-manager/0.5.0-SNAPSHOT/hadoop-ozone-ozone-manager-0.5.0-SNAPSHOT.jar:/home/user/.m2/repository/org/apache/hadoop/hadoop-minikdc/3.2.0/hadoop-minikdc-3.2.0.jar:/home/user/.m2/repository/commons-io/commons-io/2.5/commons-io-2.5.jar:/home/user/.m2/repository/org/apache/kerby/kerb-simplekdc/1.0.1/kerb-simplekdc-1.0.1.jar:/home/user/.m2/repository/org/apache/kerby/kerb-client/1.0.1/kerb-client-1.0.1.jar:/home/user/.m2/repository/org/apache/kerby/kerby-config/1.0.1/kerby-config-1.0.1.jar:/home/user/.m2/repository/org/apache/kerby/kerb-core/1.0.1/kerb-core-1.0.1.jar:/home/user/.m2/repository/org/apache/kerby/kerby-pkix/1.0.1/kerby-pkix-1.0.1.jar:/home/user/.m2/repository/org/apache/kerby/kerby-asn1/1.0.1/kerby-asn1-1.0.1.jar:/home/user/.m2/repository/org/apache/kerby/kerby-util/1.0.1/kerby-util-1.0.1.jar:/home/user/.m2/repository/org/apache/kerby/kerb-common/1.0.1/kerb-common-1.0.1.jar:/home/user/.m2/repository/org/apache/kerby/kerb-crypto/1.0.1/kerb-crypto-1.0.1.jar:/home/user/.m2/repository/org/apache/kerby/kerb-util/1.0.1/kerb-util-1.0.1.jar:/home/user/.m2/repository/org/apache/kerby/token-provider/1.0.1/token-provider-1.0.1.jar:/home/user/.m2/repository/org/apache/kerby/kerb-admin/1.0.1/kerb-admin-1.0.1.jar:/home/user/.m2/repository/org/apache/kerby/kerb-server/1.0.1/kerb-server-1.0.1.jar:/home/user/.m2/repository/org/apache/kerby/kerb-identity/1.0.1/kerb-identity-1.0.1.jar:/home/user/.m2/repository/org/apache/kerby/kerby-xdr/1.0.1/kerby-xdr-1.0.1.jar:/home/user/.m2/repository/org/slf4j/slf4j-log4j12/1.7.25/slf4j-log4j12-1.7.25.jar:/home/user/.m2/repository/org/apache/hadoop/hadoop-ozone-s3gateway/0.5.0-SNAPSHOT/hadoop-ozone-s3gateway-0.5.0-SNAPSHOT.jar:/home/user/.m2/repository/org/jboss/weld/servlet/weld-servlet/2.4.7.Final/weld-servlet-2.4.7.Final.jar:/home/user/.m2/repository/org/glassfish/jersey/containers/jersey-container-servlet-core/2.27/jersey-container-servlet-core-2.27.jar:/home/user/.m2/repository/org/glassfish/hk2/external/javax.inject/2.5.0-b42/javax.inject-2.5.0-b42.jar:/home/user/.m2/repository/org/glassfish/jersey/core/jersey-common/2.27/jersey-common-2.27.jar:/home/user/.m2/repository/org/glassfish/hk2/osgi-resource-locator/1.0.1/osgi-resource-locator-1.0.1.jar:/home/user/.m2/repository/javax/ws/rs/javax.ws.rs-api/2.1/javax.ws.rs-api-2.1.jar:/home/user/.m2/repository/org/glassfish/jersey/ext/cdi/jersey-cdi1x/2.27/jersey-cdi1x-2.27.jar:/home/user/.m2/repository/org/glassfish/jersey/inject/jersey-hk2/2.27/jersey-hk2-2.27.jar:/home/user/.m2/repository/org/glassfish/hk2/hk2-locator/2.5.0-b42/hk2-locator-2.5.0-b42.jar:/home/user/.m2/repository/org/javassist/javassist/3.22.0-CR2/javassist-3.22.0-CR2.jar:/home/user/.m2/repository/org/glassfish/hk2/hk2-api/2.5.0/hk2-api-2.5.0.jar:/home/user/.m2/repository/org/glassfish/hk2/external/jakarta.inject/2.5.0/jakarta.inject-2.5.0.jar:/home/user/.m2/repository/org/glassfish/hk2/hk2-utils/2.5.0/hk2-utils-2.5.0.jar:/home/user/.m2/repository/jakarta/annotation/jakarta.annotation-api/1.3.4/jakarta.annotation-api-1.3.4.jar:/home/user/.m2/repository/org/glassfish/hk2/external/aopalliance-repackaged/2.5.0/aopalliance-repackaged-2.5.0.jar:/home/user/.m2/repository/com/fasterxml/jackson/dataformat/jackson-dataformat-xml/2.9.0/jackson-dataformat-xml-2.9.0.jar:/home/user/.m2/repository/com/fasterxml/jackson/core/jackson-core/2.9.9/jackson-core-2.9.9.jar:/home/user/.m2/repository/com/fasterxml/jackson/module/jackson-module-jaxb-annotations/2.9.9/jackson-module-jaxb-annotations-2.9.9.jar:/home/user/.m2/repository/javax/enterprise/cdi-api/1.2/cdi-api-1.2.jar:/home/user/.m2/repository/javax/el/javax.el-api/3.0.0/javax.el-api-3.0.0.jar:/home/user/.m2/repository/javax/interceptor/javax.interceptor-api/1.2/javax.interceptor-api-1.2.jar:/home/user/.m2/repository/javax/inject/javax.inject/1/javax.inject-1.jar:/home/user/.m2/repository/com/sun/xml/bind/jaxb-impl/2.3.0.1/jaxb-impl-2.3.0.1.jar:/home/user/.m2/repository/com/sun/xml/bind/jaxb-core/2.3.0.1/jaxb-core-2.3.0.1.jar:/home/user/.m2/repository/javax/xml/bind/jaxb-api/2.3.0/jaxb-api-2.3.0.jar:/home/user/.m2/repository/javax/activation/activation/1.1.1/activation-1.1.1.jar:/home/user/.m2/repository/org/apache/hadoop/hadoop-ozone-csi/0.5.0-SNAPSHOT/hadoop-ozone-csi-0.5.0-SNAPSHOT.jar:/home/user/.m2/repository/com/google/protobuf/protobuf-java-util/3.5.1/protobuf-java-util-3.5.1.jar:/home/user/.m2/repository/org/apache/hadoop/hadoop-hdds-config/0.5.0-SNAPSHOT/hadoop-hdds-config-0.5.0-SNAPSHOT.jar:/home/user/.m2/repository/io/grpc/grpc-netty/1.17.1/grpc-netty-1.17.1.jar:/home/user/.m2/repository/io/grpc/grpc-core/1.17.1/grpc-core-1.17.1.jar:/home/user/.m2/repository/io/grpc/grpc-context/1.17.1/grpc-context-1.17.1.jar:/home/user/.m2/repository/com/google/errorprone/error_prone_annotations/2.2.0/error_prone_annotations-2.2.0.jar:/home/user/.m2/repository/org/codehaus/mojo/animal-sniffer-annotations/1.17/animal-sniffer-annotations-1.17.jar:/home/user/.m2/repository/io/opencensus/opencensus-api/0.17.0/opencensus-api-0.17.0.jar:/home/user/.m2/repository/io/opencensus/opencensus-contrib-grpc-metrics/0.17.0/opencensus-contrib-grpc-metrics-0.17.0.jar:/home/user/.m2/repository/io/netty/netty-codec-http2/4.1.30.Final/netty-codec-http2-4.1.30.Final.jar:/home/user/.m2/repository/io/netty/netty-codec-http/4.1.30.Final/netty-codec-http-4.1.30.Final.jar:/home/user/.m2/repository/io/netty/netty-codec/4.1.30.Final/netty-codec-4.1.30.Final.jar:/home/user/.m2/repository/io/netty/netty-handler/4.1.30.Final/netty-handler-4.1.30.Final.jar:/home/user/.m2/repository/io/netty/netty-handler-proxy/4.1.30.Final/netty-handler-proxy-4.1.30.Final.jar:/home/user/.m2/repository/io/netty/netty-codec-socks/4.1.30.Final/netty-codec-socks-4.1.30.Final.jar:/home/user/.m2/repository/io/netty/netty-transport-native-epoll/4.1.30.Final/netty-transport-native-epoll-4.1.30.Final.jar:/home/user/.m2/repository/io/netty/netty-common/4.1.30.Final/netty-common-4.1.30.Final.jar:/home/user/.m2/repository/io/netty/netty-buffer/4.1.30.Final/netty-buffer-4.1.30.Final.jar:/home/user/.m2/repository/io/netty/netty-transport/4.1.30.Final/netty-transport-4.1.30.Final.jar:/home/user/.m2/repository/io/netty/netty-resolver/4.1.30.Final/netty-resolver-4.1.30.Final.jar:/home/user/.m2/repository/io/netty/netty-transport-native-unix-common/4.1.30.Final/netty-transport-native-unix-common-4.1.30.Final.jar:/home/user/.m2/repository/io/grpc/grpc-protobuf/1.17.1/grpc-protobuf-1.17.1.jar:/home/user/.m2/repository/com/google/api/grpc/proto-google-common-protos/1.0.0/proto-google-common-protos-1.0.0.jar:/home/user/.m2/repository/io/grpc/grpc-protobuf-lite/1.17.1/grpc-protobuf-lite-1.17.1.jar:/home/user/.m2/repository/io/grpc/grpc-stub/1.17.1/grpc-stub-1.17.1.jar:/home/user/.m2/repository/org/apache/hadoop/hadoop-ozone-recon/0.5.0-SNAPSHOT/hadoop-ozone-recon-0.5.0-SNAPSHOT.jar:/home/user/.m2/repository/org/apache/hadoop/hadoop-ozone-reconcodegen/0.5.0-SNAPSHOT/hadoop-ozone-reconcodegen-0.5.0-SNAPSHOT.jar:/home/user/.m2/repository/com/google/inject/extensions/guice-multibindings/4.0/guice-multibindings-4.0.jar:/home/user/.m2/repository/com/google/inject/guice/4.0/guice-4.0.jar:/home/user/.m2/repository/aopalliance/aopalliance/1.0/aopalliance-1.0.jar:/home/user/.m2/repository/com/google/inject/extensions/guice-servlet/4.0/guice-servlet-4.0.jar:/home/user/.m2/repository/org/glassfish/jersey/containers/jersey-container-servlet/2.27/jersey-container-servlet-2.27.jar:/home/user/.m2/repository/org/glassfish/hk2/guice-bridge/2.5.0/guice-bridge-2.5.0.jar:/home/user/.m2/repository/org/glassfish/jersey/core/jersey-server/2.27/jersey-server-2.27.jar:/home/user/.m2/repository/org/glassfish/jersey/core/jersey-client/2.27/jersey-client-2.27.jar:/home/user/.m2/repository/org/glassfish/jersey/media/jersey-media-jaxb/2.27/jersey-media-jaxb-2.27.jar:/home/user/.m2/repository/javax/validation/validation-api/1.1.0.Final/validation-api-1.1.0.Final.jar:/home/user/.m2/repository/org/glassfish/jersey/media/jersey-media-json-jackson/2.27/jersey-media-json-jackson-2.27.jar:/home/user/.m2/repository/org/glassfish/jersey/ext/jersey-entity-filtering/2.27/jersey-entity-filtering-2.27.jar:/home/user/.m2/repository/com/google/inject/extensions/guice-assistedinject/4.0/guice-assistedinject-4.0.jar:/home/user/.m2/repository/org/jooq/jooq/3.11.10/jooq-3.11.10.jar:/home/user/.m2/repository/org/jooq/jooq-meta/3.11.10/jooq-meta-3.11.10.jar:/home/user/.m2/repository/org/jooq/jooq-codegen/3.11.10/jooq-codegen-3.11.10.jar:/home/user/.m2/repository/com/jolbox/bonecp/0.8.0.RELEASE/bonecp-0.8.0.RELEASE.jar:/home/user/.m2/repository/org/xerial/sqlite-jdbc/3.25.2/sqlite-jdbc-3.25.2.jar:/home/user/.m2/repository/org/springframework/spring-jdbc/5.1.3.RELEASE/spring-jdbc-5.1.3.RELEASE.jar:/home/user/.m2/repository/org/springframework/spring-beans/5.1.3.RELEASE/spring-beans-5.1.3.RELEASE.jar:/home/user/.m2/repository/org/springframework/spring-core/5.1.3.RELEASE/spring-core-5.1.3.RELEASE.jar:/home/user/.m2/repository/org/springframework/spring-jcl/5.1.3.RELEASE/spring-jcl-5.1.3.RELEASE.jar:/home/user/.m2/repository/org/springframework/spring-tx/5.1.3.RELEASE/spring-tx-5.1.3.RELEASE.jar:/home/user/.m2/repository/org/apache/hadoop/hadoop-ozone-client/0.5.0-SNAPSHOT/hadoop-ozone-client-0.5.0-SNAPSHOT.jar:/home/user/.m2/repository/commons-lang/commons-lang/2.6/commons-lang-2.6.jar:/home/user/.m2/repository/org/apache/hadoop/hadoop-ozone-ozone-manager/0.5.0-SNAPSHOT/hadoop-ozone-ozone-manager-0.5.0-SNAPSHOT-tests.jar:/home/user/.m2/repository/junit/junit/4.11/junit-4.11.jar:/home/user/.m2/repository/org/hamcrest/hamcrest-core/1.3/hamcrest-core-1.3.jar:/home/user/.m2/repository/org/openjdk/jmh/jmh-core/1.19/jmh-core-1.19.jar:/home/user/.m2/repository/net/sf/jopt-simple/jopt-simple/4.6/jopt-simple-4.6.jar:/home/user/.m2/repository/org/apache/commons/commons-math3/3.1.1/commons-math3-3.1.1.jar:/home/user/.m2/repository/org/openjdk/jmh/jmh-generator-annprocess/1.19/jmh-generator-annprocess-1.19.jar:/home/user/.m2/repository/org/mockito/mockito-all/1.8.5/mockito-all-1.8.5.jar:/home/user/.m2/repository/org/apache/hadoop/hadoop-kms/3.2.0/hadoop-kms-3.2.0.jar:/home/user/.m2/repository/org/apache/hadoop/hadoop-auth/3.2.0/hadoop-auth-3.2.0.jar:/home/user/.m2/repository/com/nimbusds/nimbus-jose-jwt/4.41.1/nimbus-jose-jwt-4.41.1.jar:/home/user/.m2/repository/com/github/stephenc/jcip/jcip-annotations/1.0-1/jcip-annotations-1.0-1.jar:/home/user/.m2/repository/net/minidev/json-smart/2.3/json-smart-2.3.jar:/home/user/.m2/repository/net/minidev/accessors-smart/1.2/accessors-smart-1.2.jar:/home/user/.m2/repository/org/ow2/asm/asm/5.0.4/asm-5.0.4.jar:/home/user/.m2/repository/org/apache/curator/curator-framework/2.12.0/curator-framework-2.12.0.jar:/home/user/.m2/repository/com/sun/jersey/jersey-core/1.19/jersey-core-1.19.jar:/home/user/.m2/repository/javax/ws/rs/jsr311-api/1.1.1/jsr311-api-1.1.1.jar:/home/user/.m2/repository/com/sun/jersey/jersey-server/1.19/jersey-server-1.19.jar:/home/user/.m2/repository/javax/servlet/javax.servlet-api/3.1.0/javax.servlet-api-3.1.0.jar:/home/user/.m2/repository/org/eclipse/jetty/jetty-server/9.3.25.v20180904/jetty-server-9.3.25.v20180904.jar:/home/user/.m2/repository/org/eclipse/jetty/jetty-http/9.3.25.v20180904/jetty-http-9.3.25.v20180904.jar:/home/user/.m2/repository/org/eclipse/jetty/jetty-io/9.3.25.v20180904/jetty-io-9.3.25.v20180904.jar:/home/user/.m2/repository/org/eclipse/jetty/jetty-webapp/9.3.25.v20180904/jetty-webapp-9.3.25.v20180904.jar:/home/user/.m2/repository/org/eclipse/jetty/jetty-xml/9.3.25.v20180904/jetty-xml-9.3.25.v20180904.jar:/home/user/.m2/repository/log4j/log4j/1.2.17/log4j-1.2.17.jar:/home/user/.m2/repository/org/slf4j/slf4j-api/1.7.25/slf4j-api-1.7.25.jar:/home/user/.m2/repository/org/slf4j/jul-to-slf4j/1.7.25/jul-to-slf4j-1.7.25.jar:/home/user/.m2/repository/org/eclipse/jetty/jetty-util/9.3.25.v20180904/jetty-util-9.3.25.v20180904.jar:/home/user/.m2/repository/com/fasterxml/jackson/core/jackson-databind/2.9.9/jackson-databind-2.9.9.jar:/home/user/.m2/repository/org/apache/hadoop/hadoop-kms/3.2.0/hadoop-kms-3.2.0-tests.jar:/home/user/.m2/repository/org/apache/hadoop/hadoop-hdds-server-scm/0.5.0-SNAPSHOT/hadoop-hdds-server-scm-0.5.0-SNAPSHOT-tests.jar:/home/user/.m2/repository/org/apache/hadoop/hadoop-hdds-container-service/0.5.0-SNAPSHOT/hadoop-hdds-container-service-0.5.0-SNAPSHOT-tests.jar:/home/user/.m2/repository/org/yaml/snakeyaml/1.16/snakeyaml-1.16.jar:/home/user/.m2/repository/org/apache/hadoop/hadoop-common/3.2.0/hadoop-common-3.2.0-tests.jar:/home/user/.m2/repository/org/apache/hadoop/hadoop-annotations/3.2.0/hadoop-annotations-3.2.0.jar:/usr/lib/jvm/java-1.8-openjdk/jre/../lib/tools.jar:/home/user/.m2/repository/commons-cli/commons-cli/1.2/commons-cli-1.2.jar:/home/user/.m2/repository/org/apache/httpcomponents/httpclient/4.5.2/httpclient-4.5.2.jar:/home/user/.m2/repository/org/apache/httpcomponents/httpcore/4.4.4/httpcore-4.4.4.jar:/home/user/.m2/repository/commons-codec/commons-codec/1.11/commons-codec-1.11.jar:/home/user/.m2/repository/commons-net/commons-net/3.6/commons-net-3.6.jar:/home/user/.m2/repository/commons-collections/commons-collections/3.2.2/commons-collections-3.2.2.jar:/home/user/.m2/repository/org/eclipse/jetty/jetty-servlet/9.3.25.v20180904/jetty-servlet-9.3.25.v20180904.jar:/home/user/.m2/repository/org/eclipse/jetty/jetty-security/9.3.25.v20180904/jetty-security-9.3.25.v20180904.jar:/home/user/.m2/repository/javax/servlet/jsp/jsp-api/2.1/jsp-api-2.1.jar:/home/user/.m2/repository/com/sun/jersey/jersey-servlet/1.19/jersey-servlet-1.19.jar:/home/user/.m2/repository/com/sun/jersey/jersey-json/1.19/jersey-json-1.19.jar:/home/user/.m2/repository/org/codehaus/jettison/jettison/1.1/jettison-1.1.jar:/home/user/.m2/repository/org/codehaus/jackson/jackson-core-asl/1.9.13/jackson-core-asl-1.9.13.jar:/home/user/.m2/repository/org/codehaus/jackson/jackson-mapper-asl/1.9.13/jackson-mapper-asl-1.9.13.jar:/home/user/.m2/repository/org/codehaus/jackson/jackson-jaxrs/1.9.13/jackson-jaxrs-1.9.13.jar:/home/user/.m2/repository/org/codehaus/jackson/jackson-xc/1.9.13/jackson-xc-1.9.13.jar:/home/user/.m2/repository/commons-logging/commons-logging/1.1.3/commons-logging-1.1.3.jar:/home/user/.m2/repository/commons-beanutils/commons-beanutils/1.9.4/commons-beanutils-1.9.4.jar:/home/user/.m2/repository/org/apache/commons/commons-configuration2/2.1.1/commons-configuration2-2.1.1.jar:/home/user/.m2/repository/org/apache/commons/commons-lang3/3.7/commons-lang3-3.7.jar:/home/user/.m2/repository/org/apache/commons/commons-text/1.4/commons-text-1.4.jar:/home/user/.m2/repository/org/apache/avro/avro/1.7.7/avro-1.7.7.jar:/home/user/.m2/repository/com/thoughtworks/paranamer/paranamer/2.3/paranamer-2.3.jar:/home/user/.m2/repository/org/xerial/snappy/snappy-java/1.0.5/snappy-java-1.0.5.jar:/home/user/.m2/repository/com/google/re2j/re2j/1.1/re2j-1.1.jar:/home/user/.m2/repository/com/google/code/gson/gson/2.2.4/gson-2.2.4.jar:/home/user/.m2/repository/com/jcraft/jsch/0.1.54/jsch-0.1.54.jar:/home/user/.m2/repository/org/apache/curator/curator-client/2.12.0/curator-client-2.12.0.jar:/home/user/.m2/repository/org/apache/curator/curator-recipes/2.12.0/curator-recipes-2.12.0.jar:/home/user/.m2/repository/com/google/code/findbugs/jsr305/3.0.0/jsr305-3.0.0.jar:/home/user/.m2/repository/org/apache/htrace/htrace-core4/4.1.0-incubating/htrace-core4-4.1.0-incubating.jar:/home/user/.m2/repository/org/apache/zookeeper/zookeeper/3.4.13/zookeeper-3.4.13.jar:/home/user/.m2/repository/jline/jline/0.9.94/jline-0.9.94.jar:/home/user/.m2/repository/org/apache/yetus/audience-annotations/0.5.0/audience-annotations-0.5.0.jar:/home/user/.m2/repository/org/codehaus/woodstox/stax2-api/3.1.4/stax2-api-3.1.4.jar:/home/user/.m2/repository/com/fasterxml/woodstox/woodstox-core/5.0.3/woodstox-core-5.0.3.jar:/home/user/.m2/repository/dnsjava/dnsjava/2.1.7/dnsjava-2.1.7.jar:/home/user/.m2/repository/org/apache/hadoop/hadoop-hdfs/3.2.0/hadoop-hdfs-3.2.0-tests.jar:/home/user/.m2/repository/org/eclipse/jetty/jetty-util-ajax/9.3.25.v20180904/jetty-util-ajax-9.3.25.v20180904.jar:/home/user/.m2/repository/commons-daemon/commons-daemon/1.0.13/commons-daemon-1.0.13.jar:/home/user/.m2/repository/io/netty/netty/3.10.5.Final/netty-3.10.5.Final.jar:/home/user/.m2/repository/io/netty/netty-all/4.0.52.Final/netty-all-4.0.52.Final.jar:/home/user/.m2/repository/org/fusesource/leveldbjni/leveldbjni-all/1.8/leveldbjni-all-1.8.jar:"/>
    <property name="sun.cpu.endian" value="little"/>
    <property name="user.home" value="/home/user"/>
    <property name="user.language" value="en"/>
    <property name="java.specification.vendor" value="Oracle Corporation"/>
    <property name="java.home" value="/usr/lib/jvm/java-1.8-openjdk/jre"/>
    <property name="java.security.krb5.conf" value="/workdir/hadoop-ozone/integration-test/target/test-classes/krb5.conf"/>
    <property name="basedir" value="/workdir/hadoop-ozone/integration-test"/>
    <property name="file.separator" value="/"/>
    <property name="line.separator" value="&#10;"/>
    <property name="java.vm.specification.vendor" value="Oracle Corporation"/>
    <property name="java.specification.name" value="Java Platform API Specification"/>
    <property name="java.awt.graphicsenv" value="sun.awt.X11GraphicsEnvironment"/>
    <property name="surefire.real.class.path" value="/workdir/hadoop-ozone/integration-test/target/surefire/surefirebooter1811966761599915648.jar"/>
    <property name="hadoop.log.dir" value="/workdir/hadoop-ozone/integration-test/target/log"/>
    <property name="sun.boot.class.path" value="/usr/lib/jvm/java-1.8-openjdk/jre/lib/resources.jar:/usr/lib/jvm/java-1.8-openjdk/jre/lib/rt.jar:/usr/lib/jvm/java-1.8-openjdk/jre/lib/sunrsasign.jar:/usr/lib/jvm/java-1.8-openjdk/jre/lib/jsse.jar:/usr/lib/jvm/java-1.8-openjdk/jre/lib/jce.jar:/usr/lib/jvm/java-1.8-openjdk/jre/lib/charsets.jar:/usr/lib/jvm/java-1.8-openjdk/jre/lib/jfr.jar:/usr/lib/jvm/java-1.8-openjdk/jre/classes"/>
    <property name="sun.management.compiler" value="HotSpot 64-Bit Tiered Compilers"/>
    <property name="java.runtime.version" value="1.8.0_212-b04"/>
    <property name="java.net.preferIPv4Stack" value="true"/>
    <property name="user.name" value="jenkins1000"/>
    <property name="path.separator" value=":"/>
    <property name="java.security.egd" value="file:///dev/urandom"/>
    <property name="os.version" value="3.10.0-957.12.2.el7.x86_64"/>
    <property name="java.endorsed.dirs" value="/usr/lib/jvm/java-1.8-openjdk/jre/lib/endorsed"/>
    <property name="java.runtime.name" value="OpenJDK Runtime Environment"/>
    <property name="file.encoding" value="UTF-8"/>
    <property name="java.vm.name" value="OpenJDK 64-Bit Server VM"/>
    <property name="test.build.webapps" value=""/>
    <property name="localRepository" value="/home/user/.m2/repository"/>
    <property name="java.vendor.url.bug" value="https://icedtea.classpath.org/bugzilla"/>
    <property name="java.io.tmpdir" value="/tmp"/>
    <property name="require.test.libhadoop" value=""/>
    <property name="java.version" value="1.8.0_212"/>
    <property name="user.dir" value="/workdir/hadoop-ozone/integration-test"/>
    <property name="os.arch" value="amd64"/>
    <property name="java.vm.specification.name" value="Java Virtual Machine Specification"/>
    <property name="test.build.classes" value="/workdir/hadoop-ozone/integration-test/target/test-classes"/>
    <property name="java.awt.printerjob" value="sun.print.PSPrinterJob"/>
    <property name="sun.os.patch.level" value="unknown"/>
    <property name="hadoop.tmp.dir" value="/workdir/hadoop-ozone/integration-test/target/tmp"/>
    <property name="java.library.path" value="/usr/lib/jvm/java-1.8-openjdk/jre/lib/amd64/server:/usr/lib/jvm/java-1.8-openjdk/jre/lib/amd64:/usr/lib/jvm/java-1.8-openjdk/jre/../lib/amd64:/workdir/hadoop-ozone/integration-test/target/native/target/usr/local/lib:/workdir/hadoop-ozone/integration-test/../../hadoop-common-project/hadoop-common/target/native/target/usr/local/lib:/usr/java/packages/lib/amd64:/usr/lib64:/lib64:/lib:/usr/lib"/>
    <property name="java.vm.info" value="mixed mode"/>
    <property name="java.vendor" value="IcedTea"/>
    <property name="java.vm.version" value="25.212-b04"/>
    <property name="java.ext.dirs" value="/usr/lib/jvm/java-1.8-openjdk/jre/lib/ext:/usr/java/packages/lib/ext"/>
    <property name="sun.io.unicode.encoding" value="UnicodeLittle"/>
    <property name="java.class.version" value="52.0"/>
  </properties>
  <testcase name="testWatchForCommitWithKeyWrite" classname="org.apache.hadoop.ozone.client.rpc.TestWatchForCommit" time="60.403"/>
  <testcase name="testWatchForCommitWithSmallerTimeoutValue" classname="org.apache.hadoop.ozone.client.rpc.TestWatchForCommit" time="42.784"/>
  <testcase name="testWatchForCommitForRetryfailure" classname="org.apache.hadoop.ozone.client.rpc.TestWatchForCommit" time="61.255">
    <failure type="java.lang.AssertionError">java.lang.AssertionError
	at org.junit.Assert.fail(Assert.java:86)
	at org.junit.Assert.assertTrue(Assert.java:41)
	at org.junit.Assert.assertTrue(Assert.java:52)
	at org.apache.hadoop.ozone.client.rpc.TestWatchForCommit.testWatchForCommitForRetryfailure(TestWatchForCommit.java:348)
	at sun.reflect.NativeMethodAccessorImpl.invoke0(Native Method)
	at sun.reflect.NativeMethodAccessorImpl.invoke(NativeMethodAccessorImpl.java:62)
	at sun.reflect.DelegatingMethodAccessorImpl.invoke(DelegatingMethodAccessorImpl.java:43)
	at java.lang.reflect.Method.invoke(Method.java:498)
	at org.junit.runners.model.FrameworkMethod$1.runReflectiveCall(FrameworkMethod.java:47)
	at org.junit.internal.runners.model.ReflectiveCallable.run(ReflectiveCallable.java:12)
	at org.junit.runners.model.FrameworkMethod.invokeExplosively(FrameworkMethod.java:44)
	at org.junit.internal.runners.statements.InvokeMethod.evaluate(InvokeMethod.java:17)
	at org.junit.runners.ParentRunner.runLeaf(ParentRunner.java:271)
	at org.junit.runners.BlockJUnit4ClassRunner.runChild(BlockJUnit4ClassRunner.java:70)
	at org.junit.runners.BlockJUnit4ClassRunner.runChild(BlockJUnit4ClassRunner.java:50)
	at org.junit.runners.ParentRunner$3.run(ParentRunner.java:238)
	at org.junit.runners.ParentRunner$1.schedule(ParentRunner.java:63)
	at org.junit.runners.ParentRunner.runChildren(ParentRunner.java:236)
	at org.junit.runners.ParentRunner.access$000(ParentRunner.java:53)
	at org.junit.runners.ParentRunner$2.evaluate(ParentRunner.java:229)
	at org.junit.runners.ParentRunner.run(ParentRunner.java:309)
	at org.apache.maven.surefire.junit4.JUnit4Provider.execute(JUnit4Provider.java:365)
	at org.apache.maven.surefire.junit4.JUnit4Provider.executeWithRerun(JUnit4Provider.java:273)
	at org.apache.maven.surefire.junit4.JUnit4Provider.executeTestSet(JUnit4Provider.java:238)
	at org.apache.maven.surefire.junit4.JUnit4Provider.invoke(JUnit4Provider.java:159)
	at org.apache.maven.surefire.booter.ForkedBooter.invokeProviderInSameClassLoader(ForkedBooter.java:384)
	at org.apache.maven.surefire.booter.ForkedBooter.runSuitesInProcess(ForkedBooter.java:345)
	at org.apache.maven.surefire.booter.ForkedBooter.execute(ForkedBooter.java:126)
	at org.apache.maven.surefire.booter.ForkedBooter.main(ForkedBooter.java:418)
</failure>
    <system-out><![CDATA[2019-10-10 18:55:57,937 [main] WARN  server.ServerUtils (ServerUtils.java:getScmDbDir(145)) - ozone.scm.db.dirs is not configured. We recommend adding this setting. Falling back to ozone.metadata.dirs instead.
2019-10-10 18:55:57,952 [main] WARN  server.ServerUtils (ServerUtils.java:getScmDbDir(145)) - ozone.scm.db.dirs is not configured. We recommend adding this setting. Falling back to ozone.metadata.dirs instead.
2019-10-10 18:55:57,953 [main] WARN  server.ServerUtils (ServerUtils.java:getScmDbDir(145)) - ozone.scm.db.dirs is not configured. We recommend adding this setting. Falling back to ozone.metadata.dirs instead.
2019-10-10 18:55:57,953 [main] INFO  db.DBStoreBuilder (DBStoreBuilder.java:addTable(117)) - using custom profile for table: deletedBlocks
2019-10-10 18:55:57,954 [main] INFO  db.DBStoreBuilder (DBStoreBuilder.java:processTables(168)) - Using default column profile:DBProfile.DISK for Table:deletedBlocks
2019-10-10 18:55:57,954 [main] INFO  db.DBStoreBuilder (DBStoreBuilder.java:addTable(117)) - using custom profile for table: validCerts
2019-10-10 18:55:57,954 [main] INFO  db.DBStoreBuilder (DBStoreBuilder.java:processTables(168)) - Using default column profile:DBProfile.DISK for Table:validCerts
2019-10-10 18:55:57,954 [main] INFO  db.DBStoreBuilder (DBStoreBuilder.java:addTable(117)) - using custom profile for table: revokedCerts
2019-10-10 18:55:57,955 [main] INFO  db.DBStoreBuilder (DBStoreBuilder.java:processTables(168)) - Using default column profile:DBProfile.DISK for Table:revokedCerts
2019-10-10 18:55:57,955 [main] INFO  db.DBStoreBuilder (DBStoreBuilder.java:addTable(117)) - using custom profile for table: default
2019-10-10 18:55:57,955 [main] INFO  db.DBStoreBuilder (DBStoreBuilder.java:processTables(174)) - Using default column profile:DBProfile.DISK for Table:default
2019-10-10 18:55:57,956 [main] INFO  db.DBStoreBuilder (DBStoreBuilder.java:getDbProfile(205)) - Using default options. DBProfile.DISK
2019-10-10 18:55:58,103 [main] INFO  net.NodeSchemaLoader (NodeSchemaLoader.java:loadSchemaFromFile(125)) - Loading file from sun.misc.CompoundEnumeration@4346808
2019-10-10 18:55:58,104 [main] INFO  net.NodeSchemaLoader (NodeSchemaLoader.java:loadSchema(171)) - Loading network topology layer schema file
2019-10-10 18:55:58,110 [main] WARN  server.ServerUtils (ServerUtils.java:sanitizeUserArgs(70)) - ozone.scm.stale.node.interval value = 300000 is larger than max = 100000 based on the key value of ozone.scm.heartbeat.thread.interval, reset to the max value 100000.
2019-10-10 18:55:58,110 [main] WARN  server.ServerUtils (ServerUtils.java:sanitizeUserArgs(70)) - ozone.scm.stale.node.interval value = 300000 is larger than max = 100000 based on the key value of ozone.scm.heartbeat.thread.interval, reset to the max value 100000.
2019-10-10 18:55:58,110 [main] INFO  node.SCMNodeManager (SCMNodeManager.java:<init>(116)) - Entering startup safe mode.
2019-10-10 18:55:58,111 [main] INFO  algorithms.ContainerPlacementPolicyFactory (ContainerPlacementPolicyFactory.java:getPolicy(57)) - Create container placement policy of type org.apache.hadoop.hdds.scm.container.placement.algorithms.SCMContainerPlacementRandom
2019-10-10 18:55:58,111 [main] WARN  server.ServerUtils (ServerUtils.java:getScmDbDir(145)) - ozone.scm.db.dirs is not configured. We recommend adding this setting. Falling back to ozone.metadata.dirs instead.
2019-10-10 18:55:58,147 [main] INFO  pipeline.SCMPipelineManager (SCMPipelineManager.java:initializePipelineState(132)) - No pipeline exists in current db
2019-10-10 18:55:58,148 [main] WARN  server.ServerUtils (ServerUtils.java:getScmDbDir(145)) - ozone.scm.db.dirs is not configured. We recommend adding this setting. Falling back to ozone.metadata.dirs instead.
2019-10-10 18:55:58,183 [main] WARN  events.EventQueue (EventQueue.java:fireEvent(183)) - No event handler registered for event TypedEvent{payloadType=SafeModeStatus, name='SafeModeStatus'}
2019-10-10 18:55:58,183 [main] INFO  ipc.CallQueueManager (CallQueueManager.java:<init>(84)) - Using callQueue: class java.util.concurrent.LinkedBlockingQueue, queueCapacity: 2000, scheduler: class org.apache.hadoop.ipc.DefaultRpcScheduler, ipcBackoff: false.
2019-10-10 18:55:58,184 [Socket Reader #1 for port 41478] INFO  ipc.Server (Server.java:run(1074)) - Starting Socket Reader #1 for port 41478
2019-10-10 18:55:58,186 [main] INFO  ipc.CallQueueManager (CallQueueManager.java:<init>(84)) - Using callQueue: class java.util.concurrent.LinkedBlockingQueue, queueCapacity: 2000, scheduler: class org.apache.hadoop.ipc.DefaultRpcScheduler, ipcBackoff: false.
2019-10-10 18:55:58,187 [Socket Reader #1 for port 36700] INFO  ipc.Server (Server.java:run(1074)) - Starting Socket Reader #1 for port 36700
2019-10-10 18:55:58,188 [main] INFO  ipc.CallQueueManager (CallQueueManager.java:<init>(84)) - Using callQueue: class java.util.concurrent.LinkedBlockingQueue, queueCapacity: 2000, scheduler: class org.apache.hadoop.ipc.DefaultRpcScheduler, ipcBackoff: false.
2019-10-10 18:55:58,189 [Socket Reader #1 for port 37017] INFO  ipc.Server (Server.java:run(1074)) - Starting Socket Reader #1 for port 37017
2019-10-10 18:55:58,191 [main] INFO  hdfs.DFSUtil (DFSUtil.java:httpServerTemplateForNNAndJN(1641)) - Starting Web-server for scm at: http://0.0.0.0:0
2019-10-10 18:55:58,193 [main] INFO  server.AuthenticationFilter (AuthenticationFilter.java:constructSecretProvider(240)) - Unable to initialize FileSignerSecretProvider, falling back to use random secrets.
2019-10-10 18:55:58,194 [main] WARN  http.HttpRequestLog (HttpRequestLog.java:getRequestLog(97)) - Jetty request log can only be enabled using Log4j
2019-10-10 18:55:58,196 [main] INFO  http.HttpServer2 (HttpServer2.java:addGlobalFilter(975)) - Added global filter 'safety' (class=org.apache.hadoop.http.HttpServer2$QuotingInputFilter)
2019-10-10 18:55:58,197 [main] INFO  http.HttpServer2 (HttpServer2.java:addFilter(948)) - Added filter static_user_filter (class=org.apache.hadoop.http.lib.StaticUserWebFilter$StaticUserFilter) to context scm
2019-10-10 18:55:58,197 [main] INFO  http.HttpServer2 (HttpServer2.java:addFilter(958)) - Added filter static_user_filter (class=org.apache.hadoop.http.lib.StaticUserWebFilter$StaticUserFilter) to context static
2019-10-10 18:55:58,197 [main] INFO  http.HttpServer2 (HttpServer2.java:addFilter(958)) - Added filter static_user_filter (class=org.apache.hadoop.http.lib.StaticUserWebFilter$StaticUserFilter) to context logs
2019-10-10 18:55:58,200 [main] INFO  server.StorageContainerManager (StorageContainerManager.java:start(772)) - StorageContainerLocationProtocol RPC server is listening at /0.0.0.0:37017
2019-10-10 18:55:58,203 [main] WARN  impl.MetricsConfig (MetricsConfig.java:loadFirst(134)) - Cannot locate configuration: tried hadoop-metrics2-storagecontainermanager.properties,hadoop-metrics2.properties
2019-10-10 18:55:58,204 [main] INFO  impl.MetricsSystemImpl (MetricsSystemImpl.java:startTimer(374)) - Scheduled Metric snapshot period at 10 second(s).
2019-10-10 18:55:58,204 [main] INFO  impl.MetricsSystemImpl (MetricsSystemImpl.java:start(191)) - StorageContainerManager metrics system started
2019-10-10 18:55:58,259 [main] WARN  impl.MetricsSystemImpl (MetricsSystemImpl.java:register(276)) - Sink prometheus already exists!
2019-10-10 18:55:58,263 [main] INFO  lib.Interns (Interns.java:removeEldestEntry(50)) - Metrics intern cache overflow at 2011 for MetricsSystem={MetricsSystem=MetricsInfoImpl{name=MetricsSystem, description=MetricsSystem}, MetricsSystem record=MetricsInfoImpl{name=MetricsSystem, description=MetricsSystem record}}
2019-10-10 18:55:58,317 [main] INFO  server.SCMClientProtocolServer (SCMClientProtocolServer.java:start(159)) - RPC server for Client  is listening at /0.0.0.0:37017
2019-10-10 18:55:58,317 [IPC Server Responder] INFO  ipc.Server (Server.java:run(1314)) - IPC Server Responder: starting
2019-10-10 18:55:58,318 [IPC Server listener on 37017] INFO  ipc.Server (Server.java:run(1153)) - IPC Server listener on 37017: starting
2019-10-10 18:55:58,321 [main] INFO  server.StorageContainerManager (StorageContainerManager.java:start(782)) - ScmBlockLocationProtocol RPC server is listening at /0.0.0.0:36700
2019-10-10 18:55:58,322 [main] INFO  server.SCMBlockProtocolServer (SCMBlockProtocolServer.java:start(146)) - RPC server for Block Protocol is listening at /0.0.0.0:36700
2019-10-10 18:55:58,322 [IPC Server Responder] INFO  ipc.Server (Server.java:run(1314)) - IPC Server Responder: starting
2019-10-10 18:55:58,322 [IPC Server listener on 36700] INFO  ipc.Server (Server.java:run(1153)) - IPC Server listener on 36700: starting
2019-10-10 18:55:58,326 [main] INFO  server.StorageContainerManager (StorageContainerManager.java:start(786)) - ScmDatanodeProtocl RPC server is listening at /0.0.0.0:41478
2019-10-10 18:55:58,327 [main] INFO  server.SCMDatanodeProtocolServer (SCMDatanodeProtocolServer.java:start(169)) - RPC server for DataNodes is listening at /0.0.0.0:41478
2019-10-10 18:55:58,327 [IPC Server Responder] INFO  ipc.Server (Server.java:run(1314)) - IPC Server Responder: starting
2019-10-10 18:55:58,327 [IPC Server listener on 41478] INFO  ipc.Server (Server.java:run(1153)) - IPC Server listener on 41478: starting
2019-10-10 18:55:58,331 [main] INFO  http.HttpServer2 (HttpServer2.java:bindListener(1191)) - Jetty bound to port 37403
2019-10-10 18:55:58,331 [main] INFO  server.Server (Server.java:doStart(351)) - jetty-9.3.25.v20180904, build timestamp: 2018-09-04T21:11:46Z, git hash: 3ce520221d0240229c862b122d2b06c12a625732
2019-10-10 18:55:58,333 [main] INFO  handler.ContextHandler (ContextHandler.java:doStart(781)) - Started o.e.j.s.ServletContextHandler@16da476c{/logs,file:///workdir/hadoop-ozone/integration-test/target/log,AVAILABLE}
2019-10-10 18:55:58,334 [main] INFO  handler.ContextHandler (ContextHandler.java:doStart(781)) - Started o.e.j.s.ServletContextHandler@51f18e31{/static,file:///workdir/hadoop-ozone/integration-test/target/test-classes/webapps/static,AVAILABLE}
2019-10-10 18:55:58,338 [main] INFO  handler.ContextHandler (ContextHandler.java:doStart(781)) - Started o.e.j.w.WebAppContext@54336976{/,file:///workdir/hadoop-ozone/integration-test/target/test-classes/webapps/scm/,AVAILABLE}{/scm}
2019-10-10 18:55:58,338 [main] INFO  server.AbstractConnector (AbstractConnector.java:doStart(278)) - Started ServerConnector@f25f48a{HTTP/1.1,[http/1.1]}{0.0.0.0:37403}
2019-10-10 18:55:58,339 [main] INFO  server.Server (Server.java:doStart(419)) - Started @104030ms
2019-10-10 18:55:58,339 [main] WARN  impl.MetricsSystemImpl (MetricsSystemImpl.java:register(276)) - Sink prometheus already exists!
2019-10-10 18:55:58,340 [main] INFO  server.BaseHttpServer (BaseHttpServer.java:updateConnectorAddress(215)) - HTTP server of SCM is listening at http://0.0.0.0:37403
2019-10-10 18:55:58,341 [main] WARN  server.ServerUtils (ServerUtils.java:getDBPath(222)) - ozone.om.db.dirs is not configured. We recommend adding this setting. Falling back to ozone.metadata.dirs instead.
2019-10-10 18:55:58,341 [org.apache.hadoop.util.JvmPauseMonitor$Monitor@3b2e5c0d] INFO  util.JvmPauseMonitor (JvmPauseMonitor.java:run(188)) - Starting JVM pause monitor
2019-10-10 18:55:58,354 [main] INFO  ha.OMHANodeDetails (OMHANodeDetails.java:loadOMHAConfig(190)) - Configuration either no ozone.om.address set. Falling back to the default OM address /127.0.0.1:0
2019-10-10 18:55:58,355 [main] INFO  ha.OMHANodeDetails (OMHANodeDetails.java:getOMNodeDetails(220)) - OM Service ID is not set. Setting it to the default ID: omServiceIdDefault
2019-10-10 18:55:58,355 [main] WARN  server.ServerUtils (ServerUtils.java:getDBPath(222)) - ozone.om.db.dirs is not configured. We recommend adding this setting. Falling back to ozone.metadata.dirs instead.
2019-10-10 18:55:58,355 [main] WARN  server.ServerUtils (ServerUtils.java:getDBPath(222)) - ozone.om.db.dirs is not configured. We recommend adding this setting. Falling back to ozone.metadata.dirs instead.
2019-10-10 18:55:58,363 [main] WARN  server.ServerUtils (ServerUtils.java:getDBPath(222)) - ozone.om.db.dirs is not configured. We recommend adding this setting. Falling back to ozone.metadata.dirs instead.
2019-10-10 18:55:58,364 [main] INFO  db.DBStoreBuilder (DBStoreBuilder.java:addTable(117)) - using custom profile for table: userTable
2019-10-10 18:55:58,364 [main] INFO  db.DBStoreBuilder (DBStoreBuilder.java:processTables(168)) - Using default column profile:DBProfile.DISK for Table:userTable
2019-10-10 18:55:58,364 [main] INFO  db.DBStoreBuilder (DBStoreBuilder.java:addTable(117)) - using custom profile for table: volumeTable
2019-10-10 18:55:58,365 [main] INFO  db.DBStoreBuilder (DBStoreBuilder.java:processTables(168)) - Using default column profile:DBProfile.DISK for Table:volumeTable
2019-10-10 18:55:58,365 [main] INFO  db.DBStoreBuilder (DBStoreBuilder.java:addTable(117)) - using custom profile for table: bucketTable
2019-10-10 18:55:58,365 [main] INFO  db.DBStoreBuilder (DBStoreBuilder.java:processTables(168)) - Using default column profile:DBProfile.DISK for Table:bucketTable
2019-10-10 18:55:58,365 [main] INFO  db.DBStoreBuilder (DBStoreBuilder.java:addTable(117)) - using custom profile for table: keyTable
2019-10-10 18:55:58,365 [main] INFO  db.DBStoreBuilder (DBStoreBuilder.java:processTables(168)) - Using default column profile:DBProfile.DISK for Table:keyTable
2019-10-10 18:55:58,365 [main] INFO  db.DBStoreBuilder (DBStoreBuilder.java:addTable(117)) - using custom profile for table: deletedTable
2019-10-10 18:55:58,366 [main] INFO  db.DBStoreBuilder (DBStoreBuilder.java:processTables(168)) - Using default column profile:DBProfile.DISK for Table:deletedTable
2019-10-10 18:55:58,366 [main] INFO  db.DBStoreBuilder (DBStoreBuilder.java:addTable(117)) - using custom profile for table: openKeyTable
2019-10-10 18:55:58,366 [main] INFO  db.DBStoreBuilder (DBStoreBuilder.java:processTables(168)) - Using default column profile:DBProfile.DISK for Table:openKeyTable
2019-10-10 18:55:58,366 [main] INFO  db.DBStoreBuilder (DBStoreBuilder.java:addTable(117)) - using custom profile for table: s3Table
2019-10-10 18:55:58,366 [main] INFO  db.DBStoreBuilder (DBStoreBuilder.java:processTables(168)) - Using default column profile:DBProfile.DISK for Table:s3Table
2019-10-10 18:55:58,367 [main] INFO  db.DBStoreBuilder (DBStoreBuilder.java:addTable(117)) - using custom profile for table: multipartInfoTable
2019-10-10 18:55:58,367 [main] INFO  db.DBStoreBuilder (DBStoreBuilder.java:processTables(168)) - Using default column profile:DBProfile.DISK for Table:multipartInfoTable
2019-10-10 18:55:58,367 [main] INFO  db.DBStoreBuilder (DBStoreBuilder.java:addTable(117)) - using custom profile for table: dTokenTable
2019-10-10 18:55:58,367 [main] INFO  db.DBStoreBuilder (DBStoreBuilder.java:processTables(168)) - Using default column profile:DBProfile.DISK for Table:dTokenTable
2019-10-10 18:55:58,367 [main] INFO  db.DBStoreBuilder (DBStoreBuilder.java:addTable(117)) - using custom profile for table: s3SecretTable
2019-10-10 18:55:58,367 [main] INFO  db.DBStoreBuilder (DBStoreBuilder.java:processTables(168)) - Using default column profile:DBProfile.DISK for Table:s3SecretTable
2019-10-10 18:55:58,368 [main] INFO  db.DBStoreBuilder (DBStoreBuilder.java:addTable(117)) - using custom profile for table: prefixTable
2019-10-10 18:55:58,368 [main] INFO  db.DBStoreBuilder (DBStoreBuilder.java:processTables(168)) - Using default column profile:DBProfile.DISK for Table:prefixTable
2019-10-10 18:55:58,368 [main] INFO  db.DBStoreBuilder (DBStoreBuilder.java:addTable(117)) - using custom profile for table: default
2019-10-10 18:55:58,368 [main] INFO  db.DBStoreBuilder (DBStoreBuilder.java:processTables(174)) - Using default column profile:DBProfile.DISK for Table:default
2019-10-10 18:55:58,368 [main] INFO  db.DBStoreBuilder (DBStoreBuilder.java:getDbProfile(205)) - Using default options. DBProfile.DISK
2019-10-10 18:55:58,864 [main] INFO  ipc.CallQueueManager (CallQueueManager.java:<init>(84)) - Using callQueue: class java.util.concurrent.LinkedBlockingQueue, queueCapacity: 2000, scheduler: class org.apache.hadoop.ipc.DefaultRpcScheduler, ipcBackoff: false.
2019-10-10 18:55:58,865 [Socket Reader #1 for port 39841] INFO  ipc.Server (Server.java:run(1074)) - Starting Socket Reader #1 for port 39841
2019-10-10 18:55:58,879 [main] INFO  om.OzoneManager (OzoneManager.java:start(1069)) - OzoneManager RPC server is listening at localhost/127.0.0.1:39841
2019-10-10 18:55:58,879 [main] INFO  impl.MetricsSystemImpl (MetricsSystemImpl.java:init(158)) - OzoneManager metrics system started (again)
2019-10-10 18:55:58,880 [IPC Server Responder] INFO  ipc.Server (Server.java:run(1314)) - IPC Server Responder: starting
2019-10-10 18:55:58,880 [IPC Server listener on 39841] INFO  ipc.Server (Server.java:run(1153)) - IPC Server listener on 39841: starting
2019-10-10 18:55:58,886 [main] INFO  hdfs.DFSUtil (DFSUtil.java:httpServerTemplateForNNAndJN(1641)) - Starting Web-server for ozoneManager at: http://0.0.0.0:0
2019-10-10 18:55:58,887 [main] INFO  server.AuthenticationFilter (AuthenticationFilter.java:constructSecretProvider(240)) - Unable to initialize FileSignerSecretProvider, falling back to use random secrets.
2019-10-10 18:55:58,887 [main] WARN  http.HttpRequestLog (HttpRequestLog.java:getRequestLog(97)) - Jetty request log can only be enabled using Log4j
2019-10-10 18:55:58,889 [main] INFO  http.HttpServer2 (HttpServer2.java:addGlobalFilter(975)) - Added global filter 'safety' (class=org.apache.hadoop.http.HttpServer2$QuotingInputFilter)
2019-10-10 18:55:58,889 [main] INFO  http.HttpServer2 (HttpServer2.java:addFilter(948)) - Added filter static_user_filter (class=org.apache.hadoop.http.lib.StaticUserWebFilter$StaticUserFilter) to context ozoneManager
2019-10-10 18:55:58,889 [main] INFO  http.HttpServer2 (HttpServer2.java:addFilter(958)) - Added filter static_user_filter (class=org.apache.hadoop.http.lib.StaticUserWebFilter$StaticUserFilter) to context static
2019-10-10 18:55:58,889 [main] INFO  http.HttpServer2 (HttpServer2.java:addFilter(958)) - Added filter static_user_filter (class=org.apache.hadoop.http.lib.StaticUserWebFilter$StaticUserFilter) to context logs
2019-10-10 18:55:58,890 [main] INFO  http.HttpServer2 (HttpServer2.java:bindListener(1191)) - Jetty bound to port 35841
2019-10-10 18:55:58,890 [main] INFO  server.Server (Server.java:doStart(351)) - jetty-9.3.25.v20180904, build timestamp: 2018-09-04T21:11:46Z, git hash: 3ce520221d0240229c862b122d2b06c12a625732
2019-10-10 18:55:58,892 [main] INFO  handler.ContextHandler (ContextHandler.java:doStart(781)) - Started o.e.j.s.ServletContextHandler@3513c84c{/logs,file:///workdir/hadoop-ozone/integration-test/target/log,AVAILABLE}
2019-10-10 18:55:58,892 [main] INFO  handler.ContextHandler (ContextHandler.java:doStart(781)) - Started o.e.j.s.ServletContextHandler@7bc6935c{/static,file:///workdir/hadoop-ozone/integration-test/target/test-classes/webapps/static,AVAILABLE}
2019-10-10 18:55:58,896 [main] INFO  handler.ContextHandler (ContextHandler.java:doStart(781)) - Started o.e.j.w.WebAppContext@38291795{/,file:///workdir/hadoop-ozone/integration-test/target/test-classes/webapps/ozoneManager/,AVAILABLE}{/ozoneManager}
2019-10-10 18:55:58,896 [main] INFO  server.AbstractConnector (AbstractConnector.java:doStart(278)) - Started ServerConnector@234c5e41{HTTP/1.1,[http/1.1]}{0.0.0.0:35841}
2019-10-10 18:55:58,897 [main] INFO  server.Server (Server.java:doStart(419)) - Started @104588ms
2019-10-10 18:55:58,897 [main] WARN  impl.MetricsSystemImpl (MetricsSystemImpl.java:register(276)) - Sink prometheus already exists!
2019-10-10 18:55:58,898 [main] INFO  server.BaseHttpServer (BaseHttpServer.java:updateConnectorAddress(215)) - HTTP server of OZONEMANAGER is listening at http://0.0.0.0:35841
2019-10-10 18:55:58,912 [main] INFO  impl.MetricsSystemImpl (MetricsSystemImpl.java:init(158)) - HddsDatanode metrics system started (again)
2019-10-10 18:55:58,915 [main] INFO  ozone.HddsDatanodeService (HddsDatanodeService.java:start(184)) - HddsDatanodeService host:pr-hdds-2194-9vxpc-1955504311 ip:192.168.5.175
2019-10-10 18:55:58,920 [main] INFO  volume.HddsVolume (HddsVolume.java:<init>(176)) - Creating Volume: /workdir/hadoop-ozone/integration-test/target/test-dir/MiniOzoneClusterImpl-3e93a460-8f12-4994-956c-622a6d5fe63d/datanode-0/data/containers/hdds of  storage type : DISK and capacity : 1482555576320
2019-10-10 18:55:58,921 [main] INFO  volume.VolumeSet (VolumeSet.java:initializeVolumeSet(170)) - Added Volume : /workdir/hadoop-ozone/integration-test/target/test-dir/MiniOzoneClusterImpl-3e93a460-8f12-4994-956c-622a6d5fe63d/datanode-0/data/containers/hdds to VolumeSet
2019-10-10 18:55:58,921 [main] INFO  volume.ThrottledAsyncChecker (ThrottledAsyncChecker.java:schedule(141)) - Scheduling a check for org.apache.hadoop.ozone.container.common.volume.HddsVolume@5974b7e8
2019-10-10 18:55:58,921 [main] INFO  volume.HddsVolumeChecker (HddsVolumeChecker.java:checkAllVolumes(204)) - Scheduled health check for volume org.apache.hadoop.ozone.container.common.volume.HddsVolume@5974b7e8
2019-10-10 18:55:58,934 [main] INFO  impl.RaftServerProxy (ConfUtils.java:logGet(43)) - raft.rpc.type = GRPC (default)
2019-10-10 18:55:58,934 [main] INFO  grpc.GrpcFactory (GrpcFactory.java:checkPooledByteBufAllocatorUseCacheForAllThreads(45)) - PERFORMANCE WARNING: useCacheForAllThreads is true that may cause Netty to create a lot garbage objects and, as a result, trigger GC.
	It is recommended to disable useCacheForAllThreads by setting -Dorg.apache.ratis.thirdparty.io.netty.allocator.useCacheForAllThreads=false in command line.
2019-10-10 18:55:58,934 [main] INFO  grpc.GrpcConfigKeys$Server (ConfUtils.java:logGet(43)) - raft.grpc.server.port = 0 (default)
2019-10-10 18:55:58,935 [main] INFO  server.GrpcService (ConfUtils.java:logGet(43)) - raft.grpc.message.size.max = 33570816 (custom)
2019-10-10 18:55:58,935 [main] INFO  server.RaftServerConfigKeys (ConfUtils.java:logGet(43)) - raft.server.log.appender.buffer.byte-limit = 33554432 (custom)
2019-10-10 18:55:58,935 [main] INFO  server.GrpcService (ConfUtils.java:logGet(43)) - raft.grpc.flow.control.window = 1MB (=1048576) (default)
2019-10-10 18:55:58,935 [main] INFO  server.RaftServerConfigKeys (ConfUtils.java:logGet(43)) - raft.server.rpc.request.timeout = 3000ms (default)
2019-10-10 18:55:58,936 [main] INFO  server.RaftServerConfigKeys (ConfUtils.java:logGet(43)) - raft.server.storage.dir = [/workdir/hadoop-ozone/integration-test/target/test-dir/MiniOzoneClusterImpl-3e93a460-8f12-4994-956c-622a6d5fe63d/datanode-0/data/ratis] (custom)
2019-10-10 18:55:58,937 [main] INFO  hdfs.DFSUtil (DFSUtil.java:httpServerTemplateForNNAndJN(1641)) - Starting Web-server for hddsDatanode at: http://0.0.0.0:0
2019-10-10 18:55:58,940 [main] INFO  server.AuthenticationFilter (AuthenticationFilter.java:constructSecretProvider(240)) - Unable to initialize FileSignerSecretProvider, falling back to use random secrets.
2019-10-10 18:55:58,941 [main] WARN  http.HttpRequestLog (HttpRequestLog.java:getRequestLog(97)) - Jetty request log can only be enabled using Log4j
2019-10-10 18:55:58,942 [main] INFO  http.HttpServer2 (HttpServer2.java:addGlobalFilter(975)) - Added global filter 'safety' (class=org.apache.hadoop.http.HttpServer2$QuotingInputFilter)
2019-10-10 18:55:58,942 [main] INFO  http.HttpServer2 (HttpServer2.java:addFilter(948)) - Added filter static_user_filter (class=org.apache.hadoop.http.lib.StaticUserWebFilter$StaticUserFilter) to context hddsDatanode
2019-10-10 18:55:58,942 [main] INFO  http.HttpServer2 (HttpServer2.java:addFilter(958)) - Added filter static_user_filter (class=org.apache.hadoop.http.lib.StaticUserWebFilter$StaticUserFilter) to context logs
2019-10-10 18:55:58,943 [main] INFO  http.HttpServer2 (HttpServer2.java:addFilter(958)) - Added filter static_user_filter (class=org.apache.hadoop.http.lib.StaticUserWebFilter$StaticUserFilter) to context static
2019-10-10 18:55:58,943 [main] INFO  http.HttpServer2 (HttpServer2.java:bindListener(1191)) - Jetty bound to port 38641
2019-10-10 18:55:58,943 [main] INFO  server.Server (Server.java:doStart(351)) - jetty-9.3.25.v20180904, build timestamp: 2018-09-04T21:11:46Z, git hash: 3ce520221d0240229c862b122d2b06c12a625732
2019-10-10 18:55:58,945 [main] INFO  handler.ContextHandler (ContextHandler.java:doStart(781)) - Started o.e.j.s.ServletContextHandler@7e15f4d4{/logs,file:///workdir/hadoop-ozone/integration-test/target/log,AVAILABLE}
2019-10-10 18:55:58,946 [main] INFO  handler.ContextHandler (ContextHandler.java:doStart(781)) - Started o.e.j.s.ServletContextHandler@4eaf7902{/static,jar:file:/home/user/.m2/repository/org/apache/hadoop/hadoop-hdds-container-service/0.5.0-SNAPSHOT/hadoop-hdds-container-service-0.5.0-SNAPSHOT.jar!/webapps/static,AVAILABLE}
2019-10-10 18:55:58,974 [main] INFO  handler.ContextHandler (ContextHandler.java:doStart(781)) - Started o.e.j.w.WebAppContext@494c8f29{/,file:///tmp/jetty-0.0.0.0-38641-hddsDatanode-_-any-2616745564385760105.dir/webapp/,AVAILABLE}{/hddsDatanode}
2019-10-10 18:55:58,975 [main] INFO  server.AbstractConnector (AbstractConnector.java:doStart(278)) - Started ServerConnector@4f379769{HTTP/1.1,[http/1.1]}{0.0.0.0:38641}
2019-10-10 18:55:58,977 [main] INFO  server.Server (Server.java:doStart(419)) - Started @104668ms
2019-10-10 18:55:58,977 [main] WARN  impl.MetricsSystemImpl (MetricsSystemImpl.java:register(276)) - Sink prometheus already exists!
2019-10-10 18:55:58,978 [main] INFO  server.BaseHttpServer (BaseHttpServer.java:updateConnectorAddress(215)) - HTTP server of HDDSDATANODE is listening at http://0.0.0.0:38641
2019-10-10 18:55:58,978 [main] INFO  impl.MetricsSystemImpl (MetricsSystemImpl.java:init(158)) - HddsDatanode metrics system started (again)
2019-10-10 18:55:58,980 [org.apache.hadoop.util.JvmPauseMonitor$Monitor@33855312] INFO  util.JvmPauseMonitor (JvmPauseMonitor.java:run(188)) - Starting JVM pause monitor
2019-10-10 18:55:58,981 [main] INFO  ozone.HddsDatanodeService (HddsDatanodeService.java:start(184)) - HddsDatanodeService host:pr-hdds-2194-9vxpc-1955504311 ip:192.168.5.175
2019-10-10 18:55:58,983 [Datanode State Machine Thread - 0] INFO  datanode.InitDatanodeState (InitDatanodeState.java:persistContainerDatanodeDetails(140)) - DatanodeDetails is persisted to /workdir/hadoop-ozone/integration-test/target/test-dir/MiniOzoneClusterImpl-3e93a460-8f12-4994-956c-622a6d5fe63d/datanode-0/meta/datanode.id
2019-10-10 18:55:58,986 [main] INFO  volume.HddsVolume (HddsVolume.java:<init>(176)) - Creating Volume: /workdir/hadoop-ozone/integration-test/target/test-dir/MiniOzoneClusterImpl-3e93a460-8f12-4994-956c-622a6d5fe63d/datanode-1/data/containers/hdds of  storage type : DISK and capacity : 1482555576320
2019-10-10 18:55:58,987 [main] INFO  volume.VolumeSet (VolumeSet.java:initializeVolumeSet(170)) - Added Volume : /workdir/hadoop-ozone/integration-test/target/test-dir/MiniOzoneClusterImpl-3e93a460-8f12-4994-956c-622a6d5fe63d/datanode-1/data/containers/hdds to VolumeSet
2019-10-10 18:55:58,987 [main] INFO  volume.ThrottledAsyncChecker (ThrottledAsyncChecker.java:schedule(141)) - Scheduling a check for org.apache.hadoop.ozone.container.common.volume.HddsVolume@72906e
2019-10-10 18:55:58,987 [main] INFO  volume.HddsVolumeChecker (HddsVolumeChecker.java:checkAllVolumes(204)) - Scheduled health check for volume org.apache.hadoop.ozone.container.common.volume.HddsVolume@72906e
2019-10-10 18:55:59,000 [main] INFO  impl.RaftServerProxy (ConfUtils.java:logGet(43)) - raft.rpc.type = GRPC (default)
2019-10-10 18:55:59,001 [main] INFO  grpc.GrpcFactory (GrpcFactory.java:checkPooledByteBufAllocatorUseCacheForAllThreads(45)) - PERFORMANCE WARNING: useCacheForAllThreads is true that may cause Netty to create a lot garbage objects and, as a result, trigger GC.
	It is recommended to disable useCacheForAllThreads by setting -Dorg.apache.ratis.thirdparty.io.netty.allocator.useCacheForAllThreads=false in command line.
2019-10-10 18:55:59,001 [main] INFO  grpc.GrpcConfigKeys$Server (ConfUtils.java:logGet(43)) - raft.grpc.server.port = 0 (default)
2019-10-10 18:55:59,001 [main] INFO  server.GrpcService (ConfUtils.java:logGet(43)) - raft.grpc.message.size.max = 33570816 (custom)
2019-10-10 18:55:59,001 [main] INFO  server.RaftServerConfigKeys (ConfUtils.java:logGet(43)) - raft.server.log.appender.buffer.byte-limit = 33554432 (custom)
2019-10-10 18:55:59,001 [main] INFO  server.GrpcService (ConfUtils.java:logGet(43)) - raft.grpc.flow.control.window = 1MB (=1048576) (default)
2019-10-10 18:55:59,001 [main] INFO  server.RaftServerConfigKeys (ConfUtils.java:logGet(43)) - raft.server.rpc.request.timeout = 3000ms (default)
2019-10-10 18:55:59,002 [main] INFO  server.RaftServerConfigKeys (ConfUtils.java:logGet(43)) - raft.server.storage.dir = [/workdir/hadoop-ozone/integration-test/target/test-dir/MiniOzoneClusterImpl-3e93a460-8f12-4994-956c-622a6d5fe63d/datanode-1/data/ratis] (custom)
2019-10-10 18:55:59,004 [main] INFO  hdfs.DFSUtil (DFSUtil.java:httpServerTemplateForNNAndJN(1641)) - Starting Web-server for hddsDatanode at: http://0.0.0.0:0
2019-10-10 18:55:59,005 [main] INFO  server.AuthenticationFilter (AuthenticationFilter.java:constructSecretProvider(240)) - Unable to initialize FileSignerSecretProvider, falling back to use random secrets.
2019-10-10 18:55:59,005 [main] WARN  http.HttpRequestLog (HttpRequestLog.java:getRequestLog(97)) - Jetty request log can only be enabled using Log4j
2019-10-10 18:55:59,007 [main] INFO  http.HttpServer2 (HttpServer2.java:addGlobalFilter(975)) - Added global filter 'safety' (class=org.apache.hadoop.http.HttpServer2$QuotingInputFilter)
2019-10-10 18:55:59,007 [main] INFO  http.HttpServer2 (HttpServer2.java:addFilter(948)) - Added filter static_user_filter (class=org.apache.hadoop.http.lib.StaticUserWebFilter$StaticUserFilter) to context hddsDatanode
2019-10-10 18:55:59,007 [main] INFO  http.HttpServer2 (HttpServer2.java:addFilter(958)) - Added filter static_user_filter (class=org.apache.hadoop.http.lib.StaticUserWebFilter$StaticUserFilter) to context logs
2019-10-10 18:55:59,007 [main] INFO  http.HttpServer2 (HttpServer2.java:addFilter(958)) - Added filter static_user_filter (class=org.apache.hadoop.http.lib.StaticUserWebFilter$StaticUserFilter) to context static
2019-10-10 18:55:59,008 [main] INFO  http.HttpServer2 (HttpServer2.java:bindListener(1191)) - Jetty bound to port 37931
2019-10-10 18:55:59,008 [main] INFO  server.Server (Server.java:doStart(351)) - jetty-9.3.25.v20180904, build timestamp: 2018-09-04T21:11:46Z, git hash: 3ce520221d0240229c862b122d2b06c12a625732
2019-10-10 18:55:59,010 [main] INFO  handler.ContextHandler (ContextHandler.java:doStart(781)) - Started o.e.j.s.ServletContextHandler@6b1b19cf{/logs,file:///workdir/hadoop-ozone/integration-test/target/log,AVAILABLE}
2019-10-10 18:55:59,010 [main] INFO  handler.ContextHandler (ContextHandler.java:doStart(781)) - Started o.e.j.s.ServletContextHandler@76d7881e{/static,jar:file:/home/user/.m2/repository/org/apache/hadoop/hadoop-hdds-container-service/0.5.0-SNAPSHOT/hadoop-hdds-container-service-0.5.0-SNAPSHOT.jar!/webapps/static,AVAILABLE}
2019-10-10 18:55:59,038 [main] INFO  handler.ContextHandler (ContextHandler.java:doStart(781)) - Started o.e.j.w.WebAppContext@709f0202{/,file:///tmp/jetty-0.0.0.0-37931-hddsDatanode-_-any-6342116398475447679.dir/webapp/,AVAILABLE}{/hddsDatanode}
2019-10-10 18:55:59,039 [main] INFO  server.AbstractConnector (AbstractConnector.java:doStart(278)) - Started ServerConnector@654e6a90{HTTP/1.1,[http/1.1]}{0.0.0.0:37931}
2019-10-10 18:55:59,040 [main] INFO  server.Server (Server.java:doStart(419)) - Started @104731ms
2019-10-10 18:55:59,040 [main] WARN  impl.MetricsSystemImpl (MetricsSystemImpl.java:register(276)) - Sink prometheus already exists!
2019-10-10 18:55:59,040 [main] INFO  server.BaseHttpServer (BaseHttpServer.java:updateConnectorAddress(215)) - HTTP server of HDDSDATANODE is listening at http://0.0.0.0:37931
2019-10-10 18:55:59,041 [main] INFO  impl.MetricsSystemImpl (MetricsSystemImpl.java:init(158)) - HddsDatanode metrics system started (again)
2019-10-10 18:55:59,043 [org.apache.hadoop.util.JvmPauseMonitor$Monitor@7607bfc6] INFO  util.JvmPauseMonitor (JvmPauseMonitor.java:run(188)) - Starting JVM pause monitor
2019-10-10 18:55:59,044 [main] INFO  ozone.HddsDatanodeService (HddsDatanodeService.java:start(184)) - HddsDatanodeService host:pr-hdds-2194-9vxpc-1955504311 ip:192.168.5.175
2019-10-10 18:55:59,045 [Datanode State Machine Thread - 0] INFO  datanode.InitDatanodeState (InitDatanodeState.java:persistContainerDatanodeDetails(140)) - DatanodeDetails is persisted to /workdir/hadoop-ozone/integration-test/target/test-dir/MiniOzoneClusterImpl-3e93a460-8f12-4994-956c-622a6d5fe63d/datanode-1/meta/datanode.id
2019-10-10 18:55:59,048 [main] INFO  volume.HddsVolume (HddsVolume.java:<init>(176)) - Creating Volume: /workdir/hadoop-ozone/integration-test/target/test-dir/MiniOzoneClusterImpl-3e93a460-8f12-4994-956c-622a6d5fe63d/datanode-2/data/containers/hdds of  storage type : DISK and capacity : 1482555576320
2019-10-10 18:55:59,049 [main] INFO  volume.VolumeSet (VolumeSet.java:initializeVolumeSet(170)) - Added Volume : /workdir/hadoop-ozone/integration-test/target/test-dir/MiniOzoneClusterImpl-3e93a460-8f12-4994-956c-622a6d5fe63d/datanode-2/data/containers/hdds to VolumeSet
2019-10-10 18:55:59,049 [main] INFO  volume.ThrottledAsyncChecker (ThrottledAsyncChecker.java:schedule(141)) - Scheduling a check for org.apache.hadoop.ozone.container.common.volume.HddsVolume@526e8108
2019-10-10 18:55:59,049 [main] INFO  volume.HddsVolumeChecker (HddsVolumeChecker.java:checkAllVolumes(204)) - Scheduled health check for volume org.apache.hadoop.ozone.container.common.volume.HddsVolume@526e8108
2019-10-10 18:55:59,061 [main] INFO  impl.RaftServerProxy (ConfUtils.java:logGet(43)) - raft.rpc.type = GRPC (default)
2019-10-10 18:55:59,061 [main] INFO  grpc.GrpcFactory (GrpcFactory.java:checkPooledByteBufAllocatorUseCacheForAllThreads(45)) - PERFORMANCE WARNING: useCacheForAllThreads is true that may cause Netty to create a lot garbage objects and, as a result, trigger GC.
	It is recommended to disable useCacheForAllThreads by setting -Dorg.apache.ratis.thirdparty.io.netty.allocator.useCacheForAllThreads=false in command line.
2019-10-10 18:55:59,061 [main] INFO  grpc.GrpcConfigKeys$Server (ConfUtils.java:logGet(43)) - raft.grpc.server.port = 0 (default)
2019-10-10 18:55:59,062 [main] INFO  server.GrpcService (ConfUtils.java:logGet(43)) - raft.grpc.message.size.max = 33570816 (custom)
2019-10-10 18:55:59,062 [main] INFO  server.RaftServerConfigKeys (ConfUtils.java:logGet(43)) - raft.server.log.appender.buffer.byte-limit = 33554432 (custom)
2019-10-10 18:55:59,062 [main] INFO  server.GrpcService (ConfUtils.java:logGet(43)) - raft.grpc.flow.control.window = 1MB (=1048576) (default)
2019-10-10 18:55:59,062 [main] INFO  server.RaftServerConfigKeys (ConfUtils.java:logGet(43)) - raft.server.rpc.request.timeout = 3000ms (default)
2019-10-10 18:55:59,062 [main] INFO  server.RaftServerConfigKeys (ConfUtils.java:logGet(43)) - raft.server.storage.dir = [/workdir/hadoop-ozone/integration-test/target/test-dir/MiniOzoneClusterImpl-3e93a460-8f12-4994-956c-622a6d5fe63d/datanode-2/data/ratis] (custom)
2019-10-10 18:55:59,064 [main] INFO  hdfs.DFSUtil (DFSUtil.java:httpServerTemplateForNNAndJN(1641)) - Starting Web-server for hddsDatanode at: http://0.0.0.0:0
2019-10-10 18:55:59,065 [main] INFO  server.AuthenticationFilter (AuthenticationFilter.java:constructSecretProvider(240)) - Unable to initialize FileSignerSecretProvider, falling back to use random secrets.
2019-10-10 18:55:59,065 [main] WARN  http.HttpRequestLog (HttpRequestLog.java:getRequestLog(97)) - Jetty request log can only be enabled using Log4j
2019-10-10 18:55:59,066 [main] INFO  http.HttpServer2 (HttpServer2.java:addGlobalFilter(975)) - Added global filter 'safety' (class=org.apache.hadoop.http.HttpServer2$QuotingInputFilter)
2019-10-10 18:55:59,067 [main] INFO  http.HttpServer2 (HttpServer2.java:addFilter(948)) - Added filter static_user_filter (class=org.apache.hadoop.http.lib.StaticUserWebFilter$StaticUserFilter) to context hddsDatanode
2019-10-10 18:55:59,067 [main] INFO  http.HttpServer2 (HttpServer2.java:addFilter(958)) - Added filter static_user_filter (class=org.apache.hadoop.http.lib.StaticUserWebFilter$StaticUserFilter) to context logs
2019-10-10 18:55:59,067 [main] INFO  http.HttpServer2 (HttpServer2.java:addFilter(958)) - Added filter static_user_filter (class=org.apache.hadoop.http.lib.StaticUserWebFilter$StaticUserFilter) to context static
2019-10-10 18:55:59,067 [main] INFO  http.HttpServer2 (HttpServer2.java:bindListener(1191)) - Jetty bound to port 38248
2019-10-10 18:55:59,068 [main] INFO  server.Server (Server.java:doStart(351)) - jetty-9.3.25.v20180904, build timestamp: 2018-09-04T21:11:46Z, git hash: 3ce520221d0240229c862b122d2b06c12a625732
2019-10-10 18:55:59,069 [main] INFO  handler.ContextHandler (ContextHandler.java:doStart(781)) - Started o.e.j.s.ServletContextHandler@66fbc5e7{/logs,file:///workdir/hadoop-ozone/integration-test/target/log,AVAILABLE}
2019-10-10 18:55:59,069 [main] INFO  handler.ContextHandler (ContextHandler.java:doStart(781)) - Started o.e.j.s.ServletContextHandler@52559a69{/static,jar:file:/home/user/.m2/repository/org/apache/hadoop/hadoop-hdds-container-service/0.5.0-SNAPSHOT/hadoop-hdds-container-service-0.5.0-SNAPSHOT.jar!/webapps/static,AVAILABLE}
2019-10-10 18:55:59,115 [main] INFO  handler.ContextHandler (ContextHandler.java:doStart(781)) - Started o.e.j.w.WebAppContext@15fb4566{/,file:///tmp/jetty-0.0.0.0-38248-hddsDatanode-_-any-5082305197852850548.dir/webapp/,AVAILABLE}{/hddsDatanode}
2019-10-10 18:55:59,116 [main] INFO  server.AbstractConnector (AbstractConnector.java:doStart(278)) - Started ServerConnector@25ffd826{HTTP/1.1,[http/1.1]}{0.0.0.0:38248}
2019-10-10 18:55:59,118 [main] INFO  server.Server (Server.java:doStart(419)) - Started @104809ms
2019-10-10 18:55:59,118 [main] WARN  impl.MetricsSystemImpl (MetricsSystemImpl.java:register(276)) - Sink prometheus already exists!
2019-10-10 18:55:59,119 [main] INFO  server.BaseHttpServer (BaseHttpServer.java:updateConnectorAddress(215)) - HTTP server of HDDSDATANODE is listening at http://0.0.0.0:38248
2019-10-10 18:55:59,119 [main] INFO  impl.MetricsSystemImpl (MetricsSystemImpl.java:init(158)) - HddsDatanode metrics system started (again)
2019-10-10 18:55:59,123 [org.apache.hadoop.util.JvmPauseMonitor$Monitor@7827d052] INFO  util.JvmPauseMonitor (JvmPauseMonitor.java:run(188)) - Starting JVM pause monitor
2019-10-10 18:55:59,123 [main] INFO  ozone.HddsDatanodeService (HddsDatanodeService.java:start(184)) - HddsDatanodeService host:pr-hdds-2194-9vxpc-1955504311 ip:192.168.5.175
2019-10-10 18:55:59,124 [Datanode State Machine Thread - 0] INFO  datanode.InitDatanodeState (InitDatanodeState.java:persistContainerDatanodeDetails(140)) - DatanodeDetails is persisted to /workdir/hadoop-ozone/integration-test/target/test-dir/MiniOzoneClusterImpl-3e93a460-8f12-4994-956c-622a6d5fe63d/datanode-2/meta/datanode.id
2019-10-10 18:55:59,130 [main] INFO  volume.HddsVolume (HddsVolume.java:<init>(176)) - Creating Volume: /workdir/hadoop-ozone/integration-test/target/test-dir/MiniOzoneClusterImpl-3e93a460-8f12-4994-956c-622a6d5fe63d/datanode-3/data/containers/hdds of  storage type : DISK and capacity : 1482555576320
2019-10-10 18:55:59,130 [main] INFO  volume.VolumeSet (VolumeSet.java:initializeVolumeSet(170)) - Added Volume : /workdir/hadoop-ozone/integration-test/target/test-dir/MiniOzoneClusterImpl-3e93a460-8f12-4994-956c-622a6d5fe63d/datanode-3/data/containers/hdds to VolumeSet
2019-10-10 18:55:59,130 [main] INFO  volume.ThrottledAsyncChecker (ThrottledAsyncChecker.java:schedule(141)) - Scheduling a check for org.apache.hadoop.ozone.container.common.volume.HddsVolume@773014d3
2019-10-10 18:55:59,131 [main] INFO  volume.HddsVolumeChecker (HddsVolumeChecker.java:checkAllVolumes(204)) - Scheduled health check for volume org.apache.hadoop.ozone.container.common.volume.HddsVolume@773014d3
2019-10-10 18:55:59,147 [main] INFO  impl.RaftServerProxy (ConfUtils.java:logGet(43)) - raft.rpc.type = GRPC (default)
2019-10-10 18:55:59,147 [main] INFO  grpc.GrpcFactory (GrpcFactory.java:checkPooledByteBufAllocatorUseCacheForAllThreads(45)) - PERFORMANCE WARNING: useCacheForAllThreads is true that may cause Netty to create a lot garbage objects and, as a result, trigger GC.
	It is recommended to disable useCacheForAllThreads by setting -Dorg.apache.ratis.thirdparty.io.netty.allocator.useCacheForAllThreads=false in command line.
2019-10-10 18:55:59,147 [main] INFO  grpc.GrpcConfigKeys$Server (ConfUtils.java:logGet(43)) - raft.grpc.server.port = 0 (default)
2019-10-10 18:55:59,147 [main] INFO  server.GrpcService (ConfUtils.java:logGet(43)) - raft.grpc.message.size.max = 33570816 (custom)
2019-10-10 18:55:59,148 [main] INFO  server.RaftServerConfigKeys (ConfUtils.java:logGet(43)) - raft.server.log.appender.buffer.byte-limit = 33554432 (custom)
2019-10-10 18:55:59,148 [main] INFO  server.GrpcService (ConfUtils.java:logGet(43)) - raft.grpc.flow.control.window = 1MB (=1048576) (default)
2019-10-10 18:55:59,148 [main] INFO  server.RaftServerConfigKeys (ConfUtils.java:logGet(43)) - raft.server.rpc.request.timeout = 3000ms (default)
2019-10-10 18:55:59,149 [main] INFO  server.RaftServerConfigKeys (ConfUtils.java:logGet(43)) - raft.server.storage.dir = [/workdir/hadoop-ozone/integration-test/target/test-dir/MiniOzoneClusterImpl-3e93a460-8f12-4994-956c-622a6d5fe63d/datanode-3/data/ratis] (custom)
2019-10-10 18:55:59,150 [main] INFO  hdfs.DFSUtil (DFSUtil.java:httpServerTemplateForNNAndJN(1641)) - Starting Web-server for hddsDatanode at: http://0.0.0.0:0
2019-10-10 18:55:59,151 [main] INFO  server.AuthenticationFilter (AuthenticationFilter.java:constructSecretProvider(240)) - Unable to initialize FileSignerSecretProvider, falling back to use random secrets.
2019-10-10 18:55:59,152 [main] WARN  http.HttpRequestLog (HttpRequestLog.java:getRequestLog(97)) - Jetty request log can only be enabled using Log4j
2019-10-10 18:55:59,153 [main] INFO  http.HttpServer2 (HttpServer2.java:addGlobalFilter(975)) - Added global filter 'safety' (class=org.apache.hadoop.http.HttpServer2$QuotingInputFilter)
2019-10-10 18:55:59,154 [main] INFO  http.HttpServer2 (HttpServer2.java:addFilter(948)) - Added filter static_user_filter (class=org.apache.hadoop.http.lib.StaticUserWebFilter$StaticUserFilter) to context hddsDatanode
2019-10-10 18:55:59,154 [main] INFO  http.HttpServer2 (HttpServer2.java:addFilter(958)) - Added filter static_user_filter (class=org.apache.hadoop.http.lib.StaticUserWebFilter$StaticUserFilter) to context static
2019-10-10 18:55:59,154 [main] INFO  http.HttpServer2 (HttpServer2.java:addFilter(958)) - Added filter static_user_filter (class=org.apache.hadoop.http.lib.StaticUserWebFilter$StaticUserFilter) to context logs
2019-10-10 18:55:59,155 [main] INFO  http.HttpServer2 (HttpServer2.java:bindListener(1191)) - Jetty bound to port 34826
2019-10-10 18:55:59,155 [main] INFO  server.Server (Server.java:doStart(351)) - jetty-9.3.25.v20180904, build timestamp: 2018-09-04T21:11:46Z, git hash: 3ce520221d0240229c862b122d2b06c12a625732
2019-10-10 18:55:59,157 [main] INFO  handler.ContextHandler (ContextHandler.java:doStart(781)) - Started o.e.j.s.ServletContextHandler@5974b233{/logs,file:///workdir/hadoop-ozone/integration-test/target/log,AVAILABLE}
2019-10-10 18:55:59,158 [main] INFO  handler.ContextHandler (ContextHandler.java:doStart(781)) - Started o.e.j.s.ServletContextHandler@69de5bed{/static,jar:file:/home/user/.m2/repository/org/apache/hadoop/hadoop-hdds-container-service/0.5.0-SNAPSHOT/hadoop-hdds-container-service-0.5.0-SNAPSHOT.jar!/webapps/static,AVAILABLE}
2019-10-10 18:55:59,187 [main] INFO  handler.ContextHandler (ContextHandler.java:doStart(781)) - Started o.e.j.w.WebAppContext@abad89c{/,file:///tmp/jetty-0.0.0.0-34826-hddsDatanode-_-any-3575780702143289115.dir/webapp/,AVAILABLE}{/hddsDatanode}
2019-10-10 18:55:59,187 [main] INFO  server.AbstractConnector (AbstractConnector.java:doStart(278)) - Started ServerConnector@602f8f94{HTTP/1.1,[http/1.1]}{0.0.0.0:34826}
2019-10-10 18:55:59,188 [main] INFO  server.Server (Server.java:doStart(419)) - Started @104879ms
2019-10-10 18:55:59,189 [main] WARN  impl.MetricsSystemImpl (MetricsSystemImpl.java:register(276)) - Sink prometheus already exists!
2019-10-10 18:55:59,189 [main] INFO  server.BaseHttpServer (BaseHttpServer.java:updateConnectorAddress(215)) - HTTP server of HDDSDATANODE is listening at http://0.0.0.0:34826
2019-10-10 18:55:59,189 [main] INFO  impl.MetricsSystemImpl (MetricsSystemImpl.java:init(158)) - HddsDatanode metrics system started (again)
2019-10-10 18:55:59,193 [org.apache.hadoop.util.JvmPauseMonitor$Monitor@78d4d553] INFO  util.JvmPauseMonitor (JvmPauseMonitor.java:run(188)) - Starting JVM pause monitor
2019-10-10 18:55:59,193 [main] INFO  ozone.HddsDatanodeService (HddsDatanodeService.java:start(184)) - HddsDatanodeService host:pr-hdds-2194-9vxpc-1955504311 ip:192.168.5.175
2019-10-10 18:55:59,194 [Datanode State Machine Thread - 0] INFO  datanode.InitDatanodeState (InitDatanodeState.java:persistContainerDatanodeDetails(140)) - DatanodeDetails is persisted to /workdir/hadoop-ozone/integration-test/target/test-dir/MiniOzoneClusterImpl-3e93a460-8f12-4994-956c-622a6d5fe63d/datanode-3/meta/datanode.id
2019-10-10 18:55:59,204 [main] INFO  volume.HddsVolume (HddsVolume.java:<init>(176)) - Creating Volume: /workdir/hadoop-ozone/integration-test/target/test-dir/MiniOzoneClusterImpl-3e93a460-8f12-4994-956c-622a6d5fe63d/datanode-4/data/containers/hdds of  storage type : DISK and capacity : 1482555576320
2019-10-10 18:55:59,204 [main] INFO  volume.VolumeSet (VolumeSet.java:initializeVolumeSet(170)) - Added Volume : /workdir/hadoop-ozone/integration-test/target/test-dir/MiniOzoneClusterImpl-3e93a460-8f12-4994-956c-622a6d5fe63d/datanode-4/data/containers/hdds to VolumeSet
2019-10-10 18:55:59,204 [main] INFO  volume.ThrottledAsyncChecker (ThrottledAsyncChecker.java:schedule(141)) - Scheduling a check for org.apache.hadoop.ozone.container.common.volume.HddsVolume@576b7c74
2019-10-10 18:55:59,205 [main] INFO  volume.HddsVolumeChecker (HddsVolumeChecker.java:checkAllVolumes(204)) - Scheduled health check for volume org.apache.hadoop.ozone.container.common.volume.HddsVolume@576b7c74
2019-10-10 18:55:59,217 [main] INFO  impl.RaftServerProxy (ConfUtils.java:logGet(43)) - raft.rpc.type = GRPC (default)
2019-10-10 18:55:59,217 [main] INFO  grpc.GrpcFactory (GrpcFactory.java:checkPooledByteBufAllocatorUseCacheForAllThreads(45)) - PERFORMANCE WARNING: useCacheForAllThreads is true that may cause Netty to create a lot garbage objects and, as a result, trigger GC.
	It is recommended to disable useCacheForAllThreads by setting -Dorg.apache.ratis.thirdparty.io.netty.allocator.useCacheForAllThreads=false in command line.
2019-10-10 18:55:59,218 [main] INFO  grpc.GrpcConfigKeys$Server (ConfUtils.java:logGet(43)) - raft.grpc.server.port = 0 (default)
2019-10-10 18:55:59,218 [main] INFO  server.GrpcService (ConfUtils.java:logGet(43)) - raft.grpc.message.size.max = 33570816 (custom)
2019-10-10 18:55:59,218 [main] INFO  server.RaftServerConfigKeys (ConfUtils.java:logGet(43)) - raft.server.log.appender.buffer.byte-limit = 33554432 (custom)
2019-10-10 18:55:59,218 [main] INFO  server.GrpcService (ConfUtils.java:logGet(43)) - raft.grpc.flow.control.window = 1MB (=1048576) (default)
2019-10-10 18:55:59,218 [main] INFO  server.RaftServerConfigKeys (ConfUtils.java:logGet(43)) - raft.server.rpc.request.timeout = 3000ms (default)
2019-10-10 18:55:59,219 [main] INFO  server.RaftServerConfigKeys (ConfUtils.java:logGet(43)) - raft.server.storage.dir = [/workdir/hadoop-ozone/integration-test/target/test-dir/MiniOzoneClusterImpl-3e93a460-8f12-4994-956c-622a6d5fe63d/datanode-4/data/ratis] (custom)
2019-10-10 18:55:59,220 [main] INFO  hdfs.DFSUtil (DFSUtil.java:httpServerTemplateForNNAndJN(1641)) - Starting Web-server for hddsDatanode at: http://0.0.0.0:0
2019-10-10 18:55:59,221 [main] INFO  server.AuthenticationFilter (AuthenticationFilter.java:constructSecretProvider(240)) - Unable to initialize FileSignerSecretProvider, falling back to use random secrets.
2019-10-10 18:55:59,221 [main] WARN  http.HttpRequestLog (HttpRequestLog.java:getRequestLog(97)) - Jetty request log can only be enabled using Log4j
2019-10-10 18:55:59,223 [main] INFO  http.HttpServer2 (HttpServer2.java:addGlobalFilter(975)) - Added global filter 'safety' (class=org.apache.hadoop.http.HttpServer2$QuotingInputFilter)
2019-10-10 18:55:59,223 [main] INFO  http.HttpServer2 (HttpServer2.java:addFilter(948)) - Added filter static_user_filter (class=org.apache.hadoop.http.lib.StaticUserWebFilter$StaticUserFilter) to context hddsDatanode
2019-10-10 18:55:59,223 [main] INFO  http.HttpServer2 (HttpServer2.java:addFilter(958)) - Added filter static_user_filter (class=org.apache.hadoop.http.lib.StaticUserWebFilter$StaticUserFilter) to context logs
2019-10-10 18:55:59,223 [main] INFO  http.HttpServer2 (HttpServer2.java:addFilter(958)) - Added filter static_user_filter (class=org.apache.hadoop.http.lib.StaticUserWebFilter$StaticUserFilter) to context static
2019-10-10 18:55:59,224 [main] INFO  http.HttpServer2 (HttpServer2.java:bindListener(1191)) - Jetty bound to port 40478
2019-10-10 18:55:59,224 [main] INFO  server.Server (Server.java:doStart(351)) - jetty-9.3.25.v20180904, build timestamp: 2018-09-04T21:11:46Z, git hash: 3ce520221d0240229c862b122d2b06c12a625732
2019-10-10 18:55:59,226 [main] INFO  handler.ContextHandler (ContextHandler.java:doStart(781)) - Started o.e.j.s.ServletContextHandler@4c6a4ffd{/logs,file:///workdir/hadoop-ozone/integration-test/target/log,AVAILABLE}
2019-10-10 18:55:59,226 [main] INFO  handler.ContextHandler (ContextHandler.java:doStart(781)) - Started o.e.j.s.ServletContextHandler@3f1a9a53{/static,jar:file:/home/user/.m2/repository/org/apache/hadoop/hadoop-hdds-container-service/0.5.0-SNAPSHOT/hadoop-hdds-container-service-0.5.0-SNAPSHOT.jar!/webapps/static,AVAILABLE}
2019-10-10 18:55:59,254 [main] INFO  handler.ContextHandler (ContextHandler.java:doStart(781)) - Started o.e.j.w.WebAppContext@1f9d4b0e{/,file:///tmp/jetty-0.0.0.0-40478-hddsDatanode-_-any-175714010132192980.dir/webapp/,AVAILABLE}{/hddsDatanode}
2019-10-10 18:55:59,254 [main] INFO  server.AbstractConnector (AbstractConnector.java:doStart(278)) - Started ServerConnector@1e8fb66f{HTTP/1.1,[http/1.1]}{0.0.0.0:40478}
2019-10-10 18:55:59,256 [main] INFO  server.Server (Server.java:doStart(419)) - Started @104947ms
2019-10-10 18:55:59,256 [main] WARN  impl.MetricsSystemImpl (MetricsSystemImpl.java:register(276)) - Sink prometheus already exists!
2019-10-10 18:55:59,256 [main] INFO  server.BaseHttpServer (BaseHttpServer.java:updateConnectorAddress(215)) - HTTP server of HDDSDATANODE is listening at http://0.0.0.0:40478
2019-10-10 18:55:59,257 [main] INFO  impl.MetricsSystemImpl (MetricsSystemImpl.java:init(158)) - HddsDatanode metrics system started (again)
2019-10-10 18:55:59,260 [org.apache.hadoop.util.JvmPauseMonitor$Monitor@7ce0d589] INFO  util.JvmPauseMonitor (JvmPauseMonitor.java:run(188)) - Starting JVM pause monitor
2019-10-10 18:55:59,260 [main] INFO  ozone.HddsDatanodeService (HddsDatanodeService.java:start(184)) - HddsDatanodeService host:pr-hdds-2194-9vxpc-1955504311 ip:192.168.5.175
2019-10-10 18:55:59,262 [Datanode State Machine Thread - 0] INFO  datanode.InitDatanodeState (InitDatanodeState.java:persistContainerDatanodeDetails(140)) - DatanodeDetails is persisted to /workdir/hadoop-ozone/integration-test/target/test-dir/MiniOzoneClusterImpl-3e93a460-8f12-4994-956c-622a6d5fe63d/datanode-4/meta/datanode.id
2019-10-10 18:55:59,266 [main] INFO  volume.HddsVolume (HddsVolume.java:<init>(176)) - Creating Volume: /workdir/hadoop-ozone/integration-test/target/test-dir/MiniOzoneClusterImpl-3e93a460-8f12-4994-956c-622a6d5fe63d/datanode-5/data/containers/hdds of  storage type : DISK and capacity : 1482555576320
2019-10-10 18:55:59,267 [main] INFO  volume.VolumeSet (VolumeSet.java:initializeVolumeSet(170)) - Added Volume : /workdir/hadoop-ozone/integration-test/target/test-dir/MiniOzoneClusterImpl-3e93a460-8f12-4994-956c-622a6d5fe63d/datanode-5/data/containers/hdds to VolumeSet
2019-10-10 18:55:59,267 [main] INFO  volume.ThrottledAsyncChecker (ThrottledAsyncChecker.java:schedule(141)) - Scheduling a check for org.apache.hadoop.ozone.container.common.volume.HddsVolume@59fc6d05
2019-10-10 18:55:59,267 [main] INFO  volume.HddsVolumeChecker (HddsVolumeChecker.java:checkAllVolumes(204)) - Scheduled health check for volume org.apache.hadoop.ozone.container.common.volume.HddsVolume@59fc6d05
2019-10-10 18:55:59,280 [main] INFO  impl.RaftServerProxy (ConfUtils.java:logGet(43)) - raft.rpc.type = GRPC (default)
2019-10-10 18:55:59,280 [main] INFO  grpc.GrpcFactory (GrpcFactory.java:checkPooledByteBufAllocatorUseCacheForAllThreads(45)) - PERFORMANCE WARNING: useCacheForAllThreads is true that may cause Netty to create a lot garbage objects and, as a result, trigger GC.
	It is recommended to disable useCacheForAllThreads by setting -Dorg.apache.ratis.thirdparty.io.netty.allocator.useCacheForAllThreads=false in command line.
2019-10-10 18:55:59,280 [main] INFO  grpc.GrpcConfigKeys$Server (ConfUtils.java:logGet(43)) - raft.grpc.server.port = 0 (default)
2019-10-10 18:55:59,280 [main] INFO  server.GrpcService (ConfUtils.java:logGet(43)) - raft.grpc.message.size.max = 33570816 (custom)
2019-10-10 18:55:59,280 [main] INFO  server.RaftServerConfigKeys (ConfUtils.java:logGet(43)) - raft.server.log.appender.buffer.byte-limit = 33554432 (custom)
2019-10-10 18:55:59,281 [main] INFO  server.GrpcService (ConfUtils.java:logGet(43)) - raft.grpc.flow.control.window = 1MB (=1048576) (default)
2019-10-10 18:55:59,281 [main] INFO  server.RaftServerConfigKeys (ConfUtils.java:logGet(43)) - raft.server.rpc.request.timeout = 3000ms (default)
2019-10-10 18:55:59,281 [main] INFO  server.RaftServerConfigKeys (ConfUtils.java:logGet(43)) - raft.server.storage.dir = [/workdir/hadoop-ozone/integration-test/target/test-dir/MiniOzoneClusterImpl-3e93a460-8f12-4994-956c-622a6d5fe63d/datanode-5/data/ratis] (custom)
2019-10-10 18:55:59,282 [main] INFO  hdfs.DFSUtil (DFSUtil.java:httpServerTemplateForNNAndJN(1641)) - Starting Web-server for hddsDatanode at: http://0.0.0.0:0
2019-10-10 18:55:59,283 [main] INFO  server.AuthenticationFilter (AuthenticationFilter.java:constructSecretProvider(240)) - Unable to initialize FileSignerSecretProvider, falling back to use random secrets.
2019-10-10 18:55:59,284 [main] WARN  http.HttpRequestLog (HttpRequestLog.java:getRequestLog(97)) - Jetty request log can only be enabled using Log4j
2019-10-10 18:55:59,285 [main] INFO  http.HttpServer2 (HttpServer2.java:addGlobalFilter(975)) - Added global filter 'safety' (class=org.apache.hadoop.http.HttpServer2$QuotingInputFilter)
2019-10-10 18:55:59,285 [main] INFO  http.HttpServer2 (HttpServer2.java:addFilter(948)) - Added filter static_user_filter (class=org.apache.hadoop.http.lib.StaticUserWebFilter$StaticUserFilter) to context hddsDatanode
2019-10-10 18:55:59,285 [main] INFO  http.HttpServer2 (HttpServer2.java:addFilter(958)) - Added filter static_user_filter (class=org.apache.hadoop.http.lib.StaticUserWebFilter$StaticUserFilter) to context logs
2019-10-10 18:55:59,286 [main] INFO  http.HttpServer2 (HttpServer2.java:addFilter(958)) - Added filter static_user_filter (class=org.apache.hadoop.http.lib.StaticUserWebFilter$StaticUserFilter) to context static
2019-10-10 18:55:59,286 [main] INFO  http.HttpServer2 (HttpServer2.java:bindListener(1191)) - Jetty bound to port 33594
2019-10-10 18:55:59,286 [main] INFO  server.Server (Server.java:doStart(351)) - jetty-9.3.25.v20180904, build timestamp: 2018-09-04T21:11:46Z, git hash: 3ce520221d0240229c862b122d2b06c12a625732
2019-10-10 18:55:59,288 [main] INFO  handler.ContextHandler (ContextHandler.java:doStart(781)) - Started o.e.j.s.ServletContextHandler@6b357eb6{/logs,file:///workdir/hadoop-ozone/integration-test/target/log,AVAILABLE}
2019-10-10 18:55:59,288 [main] INFO  handler.ContextHandler (ContextHandler.java:doStart(781)) - Started o.e.j.s.ServletContextHandler@7c1a8f0f{/static,jar:file:/home/user/.m2/repository/org/apache/hadoop/hadoop-hdds-container-service/0.5.0-SNAPSHOT/hadoop-hdds-container-service-0.5.0-SNAPSHOT.jar!/webapps/static,AVAILABLE}
2019-10-10 18:55:59,316 [main] INFO  handler.ContextHandler (ContextHandler.java:doStart(781)) - Started o.e.j.w.WebAppContext@7d8cf9ac{/,file:///tmp/jetty-0.0.0.0-33594-hddsDatanode-_-any-9103774766921923085.dir/webapp/,AVAILABLE}{/hddsDatanode}
2019-10-10 18:55:59,317 [main] INFO  server.AbstractConnector (AbstractConnector.java:doStart(278)) - Started ServerConnector@5f0bab7e{HTTP/1.1,[http/1.1]}{0.0.0.0:33594}
2019-10-10 18:55:59,318 [main] INFO  server.Server (Server.java:doStart(419)) - Started @105010ms
2019-10-10 18:55:59,319 [main] WARN  impl.MetricsSystemImpl (MetricsSystemImpl.java:register(276)) - Sink prometheus already exists!
2019-10-10 18:55:59,319 [main] INFO  server.BaseHttpServer (BaseHttpServer.java:updateConnectorAddress(215)) - HTTP server of HDDSDATANODE is listening at http://0.0.0.0:33594
2019-10-10 18:55:59,320 [main] INFO  impl.MetricsSystemImpl (MetricsSystemImpl.java:init(158)) - HddsDatanode metrics system started (again)
2019-10-10 18:55:59,324 [org.apache.hadoop.util.JvmPauseMonitor$Monitor@3c26212c] INFO  util.JvmPauseMonitor (JvmPauseMonitor.java:run(188)) - Starting JVM pause monitor
2019-10-10 18:55:59,324 [main] INFO  ozone.HddsDatanodeService (HddsDatanodeService.java:start(184)) - HddsDatanodeService host:pr-hdds-2194-9vxpc-1955504311 ip:192.168.5.175
2019-10-10 18:55:59,326 [Datanode State Machine Thread - 0] INFO  datanode.InitDatanodeState (InitDatanodeState.java:persistContainerDatanodeDetails(140)) - DatanodeDetails is persisted to /workdir/hadoop-ozone/integration-test/target/test-dir/MiniOzoneClusterImpl-3e93a460-8f12-4994-956c-622a6d5fe63d/datanode-5/meta/datanode.id
2019-10-10 18:55:59,331 [main] INFO  volume.HddsVolume (HddsVolume.java:<init>(176)) - Creating Volume: /workdir/hadoop-ozone/integration-test/target/test-dir/MiniOzoneClusterImpl-3e93a460-8f12-4994-956c-622a6d5fe63d/datanode-6/data/containers/hdds of  storage type : DISK and capacity : 1482555576320
2019-10-10 18:55:59,332 [main] INFO  volume.VolumeSet (VolumeSet.java:initializeVolumeSet(170)) - Added Volume : /workdir/hadoop-ozone/integration-test/target/test-dir/MiniOzoneClusterImpl-3e93a460-8f12-4994-956c-622a6d5fe63d/datanode-6/data/containers/hdds to VolumeSet
2019-10-10 18:55:59,332 [main] INFO  volume.ThrottledAsyncChecker (ThrottledAsyncChecker.java:schedule(141)) - Scheduling a check for org.apache.hadoop.ozone.container.common.volume.HddsVolume@575cabf0
2019-10-10 18:55:59,332 [main] INFO  volume.HddsVolumeChecker (HddsVolumeChecker.java:checkAllVolumes(204)) - Scheduled health check for volume org.apache.hadoop.ozone.container.common.volume.HddsVolume@575cabf0
2019-10-10 18:55:59,346 [main] INFO  impl.RaftServerProxy (ConfUtils.java:logGet(43)) - raft.rpc.type = GRPC (default)
2019-10-10 18:55:59,346 [main] INFO  grpc.GrpcFactory (GrpcFactory.java:checkPooledByteBufAllocatorUseCacheForAllThreads(45)) - PERFORMANCE WARNING: useCacheForAllThreads is true that may cause Netty to create a lot garbage objects and, as a result, trigger GC.
	It is recommended to disable useCacheForAllThreads by setting -Dorg.apache.ratis.thirdparty.io.netty.allocator.useCacheForAllThreads=false in command line.
2019-10-10 18:55:59,346 [main] INFO  grpc.GrpcConfigKeys$Server (ConfUtils.java:logGet(43)) - raft.grpc.server.port = 0 (default)
2019-10-10 18:55:59,346 [main] INFO  server.GrpcService (ConfUtils.java:logGet(43)) - raft.grpc.message.size.max = 33570816 (custom)
2019-10-10 18:55:59,346 [main] INFO  server.RaftServerConfigKeys (ConfUtils.java:logGet(43)) - raft.server.log.appender.buffer.byte-limit = 33554432 (custom)
2019-10-10 18:55:59,347 [main] INFO  server.GrpcService (ConfUtils.java:logGet(43)) - raft.grpc.flow.control.window = 1MB (=1048576) (default)
2019-10-10 18:55:59,347 [main] INFO  server.RaftServerConfigKeys (ConfUtils.java:logGet(43)) - raft.server.rpc.request.timeout = 3000ms (default)
2019-10-10 18:55:59,347 [main] INFO  server.RaftServerConfigKeys (ConfUtils.java:logGet(43)) - raft.server.storage.dir = [/workdir/hadoop-ozone/integration-test/target/test-dir/MiniOzoneClusterImpl-3e93a460-8f12-4994-956c-622a6d5fe63d/datanode-6/data/ratis] (custom)
2019-10-10 18:55:59,348 [main] INFO  hdfs.DFSUtil (DFSUtil.java:httpServerTemplateForNNAndJN(1641)) - Starting Web-server for hddsDatanode at: http://0.0.0.0:0
2019-10-10 18:55:59,350 [main] INFO  server.AuthenticationFilter (AuthenticationFilter.java:constructSecretProvider(240)) - Unable to initialize FileSignerSecretProvider, falling back to use random secrets.
2019-10-10 18:55:59,350 [main] WARN  http.HttpRequestLog (HttpRequestLog.java:getRequestLog(97)) - Jetty request log can only be enabled using Log4j
2019-10-10 18:55:59,351 [main] INFO  http.HttpServer2 (HttpServer2.java:addGlobalFilter(975)) - Added global filter 'safety' (class=org.apache.hadoop.http.HttpServer2$QuotingInputFilter)
2019-10-10 18:55:59,352 [main] INFO  http.HttpServer2 (HttpServer2.java:addFilter(948)) - Added filter static_user_filter (class=org.apache.hadoop.http.lib.StaticUserWebFilter$StaticUserFilter) to context hddsDatanode
2019-10-10 18:55:59,352 [main] INFO  http.HttpServer2 (HttpServer2.java:addFilter(958)) - Added filter static_user_filter (class=org.apache.hadoop.http.lib.StaticUserWebFilter$StaticUserFilter) to context static
2019-10-10 18:55:59,352 [main] INFO  http.HttpServer2 (HttpServer2.java:addFilter(958)) - Added filter static_user_filter (class=org.apache.hadoop.http.lib.StaticUserWebFilter$StaticUserFilter) to context logs
2019-10-10 18:55:59,353 [main] INFO  http.HttpServer2 (HttpServer2.java:bindListener(1191)) - Jetty bound to port 35351
2019-10-10 18:55:59,353 [main] INFO  server.Server (Server.java:doStart(351)) - jetty-9.3.25.v20180904, build timestamp: 2018-09-04T21:11:46Z, git hash: 3ce520221d0240229c862b122d2b06c12a625732
2019-10-10 18:55:59,354 [main] INFO  handler.ContextHandler (ContextHandler.java:doStart(781)) - Started o.e.j.s.ServletContextHandler@f238e4f{/logs,file:///workdir/hadoop-ozone/integration-test/target/log,AVAILABLE}
2019-10-10 18:55:59,355 [main] INFO  handler.ContextHandler (ContextHandler.java:doStart(781)) - Started o.e.j.s.ServletContextHandler@75fe1619{/static,jar:file:/home/user/.m2/repository/org/apache/hadoop/hadoop-hdds-container-service/0.5.0-SNAPSHOT/hadoop-hdds-container-service-0.5.0-SNAPSHOT.jar!/webapps/static,AVAILABLE}
2019-10-10 18:55:59,387 [main] INFO  handler.ContextHandler (ContextHandler.java:doStart(781)) - Started o.e.j.w.WebAppContext@d13960e{/,file:///tmp/jetty-0.0.0.0-35351-hddsDatanode-_-any-8268874756349406222.dir/webapp/,AVAILABLE}{/hddsDatanode}
2019-10-10 18:55:59,388 [main] INFO  server.AbstractConnector (AbstractConnector.java:doStart(278)) - Started ServerConnector@27f3f512{HTTP/1.1,[http/1.1]}{0.0.0.0:35351}
2019-10-10 18:55:59,392 [main] INFO  server.Server (Server.java:doStart(419)) - Started @105083ms
2019-10-10 18:55:59,392 [main] WARN  impl.MetricsSystemImpl (MetricsSystemImpl.java:register(276)) - Sink prometheus already exists!
2019-10-10 18:55:59,393 [main] INFO  server.BaseHttpServer (BaseHttpServer.java:updateConnectorAddress(215)) - HTTP server of HDDSDATANODE is listening at http://0.0.0.0:35351
2019-10-10 18:55:59,394 [main] INFO  ozone.MiniOzoneClusterImpl (MiniOzoneClusterImpl.java:lambda$waitForClusterToBeReady$0(147)) - Waiting for cluster to be ready. Got 0 of 7 DN Heartbeats.
2019-10-10 18:55:59,395 [org.apache.hadoop.util.JvmPauseMonitor$Monitor@652906d4] INFO  util.JvmPauseMonitor (JvmPauseMonitor.java:run(188)) - Starting JVM pause monitor
2019-10-10 18:55:59,396 [Datanode State Machine Thread - 0] INFO  datanode.InitDatanodeState (InitDatanodeState.java:persistContainerDatanodeDetails(140)) - DatanodeDetails is persisted to /workdir/hadoop-ozone/integration-test/target/test-dir/MiniOzoneClusterImpl-3e93a460-8f12-4994-956c-622a6d5fe63d/datanode-6/meta/datanode.id
2019-10-10 18:56:00,394 [main] INFO  ozone.MiniOzoneClusterImpl (MiniOzoneClusterImpl.java:lambda$waitForClusterToBeReady$0(147)) - Waiting for cluster to be ready. Got 0 of 7 DN Heartbeats.
2019-10-10 18:56:01,010 [Datanode State Machine Thread - 0] INFO  ozoneimpl.OzoneContainer (OzoneContainer.java:start(213)) - Attempting to start container services.
2019-10-10 18:56:01,010 [Datanode State Machine Thread - 0] INFO  ozoneimpl.OzoneContainer (OzoneContainer.java:startContainerScrub(177)) - Background container scanner has been disabled.
2019-10-10 18:56:01,011 [Datanode State Machine Thread - 0] INFO  ratis.XceiverServerRatis (XceiverServerRatis.java:start(418)) - Starting XceiverServerRatis 75b5220e-e7c8-4312-8c4b-73d9cd51c490 at port 0
2019-10-10 18:56:01,020 [Datanode State Machine Thread - 0] INFO  impl.RaftServerProxy (RaftServerProxy.java:lambda$start$3(299)) - 75b5220e-e7c8-4312-8c4b-73d9cd51c490: start RPC server
2019-10-10 18:56:01,023 [Datanode State Machine Thread - 0] INFO  server.GrpcService (GrpcService.java:startImpl(158)) - 75b5220e-e7c8-4312-8c4b-73d9cd51c490: GrpcService started, listening on 0.0.0.0/0.0.0.0:40451
2019-10-10 18:56:01,023 [Datanode State Machine Thread - 0] INFO  ratis.XceiverServerRatis (XceiverServerRatis.java:start(428)) - XceiverServerRatis 75b5220e-e7c8-4312-8c4b-73d9cd51c490 is started using port 40451
2019-10-10 18:56:01,026 [Datanode State Machine Thread - 0] INFO  server.XceiverServerGrpc (XceiverServerGrpc.java:start(149)) - XceiverServerGrpc 75b5220e-e7c8-4312-8c4b-73d9cd51c490 is started using port 40798
2019-10-10 18:56:01,061 [Datanode State Machine Thread - 0] INFO  ozoneimpl.OzoneContainer (OzoneContainer.java:start(213)) - Attempting to start container services.
2019-10-10 18:56:01,061 [Datanode State Machine Thread - 0] INFO  ozoneimpl.OzoneContainer (OzoneContainer.java:startContainerScrub(177)) - Background container scanner has been disabled.
2019-10-10 18:56:01,061 [Datanode State Machine Thread - 0] INFO  ratis.XceiverServerRatis (XceiverServerRatis.java:start(418)) - Starting XceiverServerRatis eeda6462-8660-4cf3-b39a-3e2831ed42ce at port 0
2019-10-10 18:56:01,069 [Datanode State Machine Thread - 0] INFO  impl.RaftServerProxy (RaftServerProxy.java:lambda$start$3(299)) - eeda6462-8660-4cf3-b39a-3e2831ed42ce: start RPC server
2019-10-10 18:56:01,071 [Datanode State Machine Thread - 0] INFO  server.GrpcService (GrpcService.java:startImpl(158)) - eeda6462-8660-4cf3-b39a-3e2831ed42ce: GrpcService started, listening on 0.0.0.0/0.0.0.0:40980
2019-10-10 18:56:01,071 [Datanode State Machine Thread - 0] INFO  ratis.XceiverServerRatis (XceiverServerRatis.java:start(428)) - XceiverServerRatis eeda6462-8660-4cf3-b39a-3e2831ed42ce is started using port 40980
2019-10-10 18:56:01,071 [Datanode State Machine Thread - 0] INFO  server.XceiverServerGrpc (XceiverServerGrpc.java:start(149)) - XceiverServerGrpc eeda6462-8660-4cf3-b39a-3e2831ed42ce is started using port 38542
2019-10-10 18:56:01,137 [Datanode State Machine Thread - 0] INFO  ozoneimpl.OzoneContainer (OzoneContainer.java:start(213)) - Attempting to start container services.
2019-10-10 18:56:01,140 [Datanode State Machine Thread - 0] INFO  ozoneimpl.OzoneContainer (OzoneContainer.java:startContainerScrub(177)) - Background container scanner has been disabled.
2019-10-10 18:56:01,140 [Datanode State Machine Thread - 0] INFO  ratis.XceiverServerRatis (XceiverServerRatis.java:start(418)) - Starting XceiverServerRatis e1741d25-1160-415c-8281-fbf7b32058a7 at port 0
2019-10-10 18:56:01,148 [Datanode State Machine Thread - 0] INFO  impl.RaftServerProxy (RaftServerProxy.java:lambda$start$3(299)) - e1741d25-1160-415c-8281-fbf7b32058a7: start RPC server
2019-10-10 18:56:01,149 [Datanode State Machine Thread - 0] INFO  server.GrpcService (GrpcService.java:startImpl(158)) - e1741d25-1160-415c-8281-fbf7b32058a7: GrpcService started, listening on 0.0.0.0/0.0.0.0:37750
2019-10-10 18:56:01,149 [Datanode State Machine Thread - 0] INFO  ratis.XceiverServerRatis (XceiverServerRatis.java:start(428)) - XceiverServerRatis e1741d25-1160-415c-8281-fbf7b32058a7 is started using port 37750
2019-10-10 18:56:01,149 [Datanode State Machine Thread - 0] INFO  server.XceiverServerGrpc (XceiverServerGrpc.java:start(149)) - XceiverServerGrpc e1741d25-1160-415c-8281-fbf7b32058a7 is started using port 42868
2019-10-10 18:56:01,207 [Datanode State Machine Thread - 0] INFO  ozoneimpl.OzoneContainer (OzoneContainer.java:start(213)) - Attempting to start container services.
2019-10-10 18:56:01,207 [Datanode State Machine Thread - 0] INFO  ozoneimpl.OzoneContainer (OzoneContainer.java:startContainerScrub(177)) - Background container scanner has been disabled.
2019-10-10 18:56:01,207 [Datanode State Machine Thread - 0] INFO  ratis.XceiverServerRatis (XceiverServerRatis.java:start(418)) - Starting XceiverServerRatis 12a9a7aa-6562-40ed-85de-9a2aa2bb6d39 at port 0
2019-10-10 18:56:01,215 [Datanode State Machine Thread - 0] INFO  impl.RaftServerProxy (RaftServerProxy.java:lambda$start$3(299)) - 12a9a7aa-6562-40ed-85de-9a2aa2bb6d39: start RPC server
2019-10-10 18:56:01,217 [Datanode State Machine Thread - 0] INFO  server.GrpcService (GrpcService.java:startImpl(158)) - 12a9a7aa-6562-40ed-85de-9a2aa2bb6d39: GrpcService started, listening on 0.0.0.0/0.0.0.0:41015
2019-10-10 18:56:01,218 [Datanode State Machine Thread - 0] INFO  ratis.XceiverServerRatis (XceiverServerRatis.java:start(428)) - XceiverServerRatis 12a9a7aa-6562-40ed-85de-9a2aa2bb6d39 is started using port 41015
2019-10-10 18:56:01,218 [Datanode State Machine Thread - 0] INFO  server.XceiverServerGrpc (XceiverServerGrpc.java:start(149)) - XceiverServerGrpc 12a9a7aa-6562-40ed-85de-9a2aa2bb6d39 is started using port 37203
2019-10-10 18:56:01,275 [Datanode State Machine Thread - 0] INFO  ozoneimpl.OzoneContainer (OzoneContainer.java:start(213)) - Attempting to start container services.
2019-10-10 18:56:01,275 [Datanode State Machine Thread - 0] INFO  ozoneimpl.OzoneContainer (OzoneContainer.java:startContainerScrub(177)) - Background container scanner has been disabled.
2019-10-10 18:56:01,275 [Datanode State Machine Thread - 0] INFO  ratis.XceiverServerRatis (XceiverServerRatis.java:start(418)) - Starting XceiverServerRatis f92015c6-2a92-4b2a-8d10-eea158f9d1c8 at port 0
2019-10-10 18:56:01,283 [Datanode State Machine Thread - 0] INFO  impl.RaftServerProxy (RaftServerProxy.java:lambda$start$3(299)) - f92015c6-2a92-4b2a-8d10-eea158f9d1c8: start RPC server
2019-10-10 18:56:01,285 [Datanode State Machine Thread - 0] INFO  server.GrpcService (GrpcService.java:startImpl(158)) - f92015c6-2a92-4b2a-8d10-eea158f9d1c8: GrpcService started, listening on 0.0.0.0/0.0.0.0:34057
2019-10-10 18:56:01,286 [Datanode State Machine Thread - 0] INFO  ratis.XceiverServerRatis (XceiverServerRatis.java:start(428)) - XceiverServerRatis f92015c6-2a92-4b2a-8d10-eea158f9d1c8 is started using port 34057
2019-10-10 18:56:01,286 [Datanode State Machine Thread - 0] INFO  server.XceiverServerGrpc (XceiverServerGrpc.java:start(149)) - XceiverServerGrpc f92015c6-2a92-4b2a-8d10-eea158f9d1c8 is started using port 45456
2019-10-10 18:56:01,338 [Datanode State Machine Thread - 0] INFO  ozoneimpl.OzoneContainer (OzoneContainer.java:start(213)) - Attempting to start container services.
2019-10-10 18:56:01,338 [Datanode State Machine Thread - 0] INFO  ozoneimpl.OzoneContainer (OzoneContainer.java:startContainerScrub(177)) - Background container scanner has been disabled.
2019-10-10 18:56:01,338 [Datanode State Machine Thread - 0] INFO  ratis.XceiverServerRatis (XceiverServerRatis.java:start(418)) - Starting XceiverServerRatis 30601949-714b-403e-8c0a-795b84baf849 at port 0
2019-10-10 18:56:01,345 [Datanode State Machine Thread - 0] INFO  impl.RaftServerProxy (RaftServerProxy.java:lambda$start$3(299)) - 30601949-714b-403e-8c0a-795b84baf849: start RPC server
2019-10-10 18:56:01,348 [Datanode State Machine Thread - 0] INFO  server.GrpcService (GrpcService.java:startImpl(158)) - 30601949-714b-403e-8c0a-795b84baf849: GrpcService started, listening on 0.0.0.0/0.0.0.0:34303
2019-10-10 18:56:01,348 [Datanode State Machine Thread - 0] INFO  ratis.XceiverServerRatis (XceiverServerRatis.java:start(428)) - XceiverServerRatis 30601949-714b-403e-8c0a-795b84baf849 is started using port 34303
2019-10-10 18:56:01,351 [Datanode State Machine Thread - 0] INFO  server.XceiverServerGrpc (XceiverServerGrpc.java:start(149)) - XceiverServerGrpc 30601949-714b-403e-8c0a-795b84baf849 is started using port 46321
2019-10-10 18:56:01,395 [main] INFO  ozone.MiniOzoneClusterImpl (MiniOzoneClusterImpl.java:lambda$waitForClusterToBeReady$0(147)) - Waiting for cluster to be ready. Got 0 of 7 DN Heartbeats.
2019-10-10 18:56:01,410 [Datanode State Machine Thread - 0] INFO  ozoneimpl.OzoneContainer (OzoneContainer.java:start(213)) - Attempting to start container services.
2019-10-10 18:56:01,410 [Datanode State Machine Thread - 0] INFO  ozoneimpl.OzoneContainer (OzoneContainer.java:startContainerScrub(177)) - Background container scanner has been disabled.
2019-10-10 18:56:01,410 [Datanode State Machine Thread - 0] INFO  ratis.XceiverServerRatis (XceiverServerRatis.java:start(418)) - Starting XceiverServerRatis db419bda-c1f6-4c3d-b128-b7d03ff314b2 at port 0
2019-10-10 18:56:01,418 [Datanode State Machine Thread - 0] INFO  impl.RaftServerProxy (RaftServerProxy.java:lambda$start$3(299)) - db419bda-c1f6-4c3d-b128-b7d03ff314b2: start RPC server
2019-10-10 18:56:01,430 [Datanode State Machine Thread - 0] INFO  server.GrpcService (GrpcService.java:startImpl(158)) - db419bda-c1f6-4c3d-b128-b7d03ff314b2: GrpcService started, listening on 0.0.0.0/0.0.0.0:44119
2019-10-10 18:56:01,430 [Datanode State Machine Thread - 0] INFO  ratis.XceiverServerRatis (XceiverServerRatis.java:start(428)) - XceiverServerRatis db419bda-c1f6-4c3d-b128-b7d03ff314b2 is started using port 44119
2019-10-10 18:56:01,431 [Datanode State Machine Thread - 0] INFO  server.XceiverServerGrpc (XceiverServerGrpc.java:start(149)) - XceiverServerGrpc db419bda-c1f6-4c3d-b128-b7d03ff314b2 is started using port 43315
2019-10-10 18:56:02,395 [main] INFO  ozone.MiniOzoneClusterImpl (MiniOzoneClusterImpl.java:lambda$waitForClusterToBeReady$0(147)) - Waiting for cluster to be ready. Got 0 of 7 DN Heartbeats.
2019-10-10 18:56:02,992 [IPC Server handler 5 on 41478] INFO  net.NetworkTopology (NetworkTopologyImpl.java:add(111)) - Added a new node: /default-rack/75b5220e-e7c8-4312-8c4b-73d9cd51c490
2019-10-10 18:56:02,995 [IPC Server handler 5 on 41478] INFO  node.SCMNodeManager (SCMNodeManager.java:register(268)) - Registered Data node : 75b5220e-e7c8-4312-8c4b-73d9cd51c490{ip: 192.168.5.175, host: pr-hdds-2194-9vxpc-1955504311, networkLocation: /default-rack, certSerialId: null}
2019-10-10 18:56:02,996 [EventQueue-NodeRegistrationContainerReportForDataNodeSafeModeRule] INFO  safemode.SCMSafeModeManager (DataNodeSafeModeRule.java:process(71)) - SCM in safe mode. 1 DataNodes registered, 1 required.
2019-10-10 18:56:02,999 [EventQueue-NodeRegistrationContainerReportForDataNodeSafeModeRule] INFO  safemode.SCMSafeModeManager (SCMSafeModeManager.java:validateSafeModeExitRules(177)) - ScmSafeModeManager, all rules are successfully validated
2019-10-10 18:56:02,999 [EventQueue-NodeRegistrationContainerReportForDataNodeSafeModeRule] INFO  safemode.SCMSafeModeManager (SCMSafeModeManager.java:exitSafeMode(193)) - SCM exiting safe mode.
2019-10-10 18:56:03,019 [grpc-default-executor-5] INFO  impl.RaftServerProxy (RaftServerProxy.java:addNew(89)) - 75b5220e-e7c8-4312-8c4b-73d9cd51c490: addNew group-EEC2B73A2C96:[75b5220e-e7c8-4312-8c4b-73d9cd51c490:192.168.5.175:40451] returns group-EEC2B73A2C96:java.util.concurrent.CompletableFuture@3b53e42b[Not completed]
2019-10-10 18:56:03,024 [pool-207-thread-1] INFO  impl.RaftServerImpl (RaftServerImpl.java:<init>(95)) - 75b5220e-e7c8-4312-8c4b-73d9cd51c490: new RaftServerImpl for group-EEC2B73A2C96:[75b5220e-e7c8-4312-8c4b-73d9cd51c490:192.168.5.175:40451] with ContainerStateMachine:uninitialized
2019-10-10 18:56:03,024 [pool-207-thread-1] INFO  server.RaftServerConfigKeys (ConfUtils.java:logGet(43)) - raft.server.rpc.timeout.min = 5s (custom)
2019-10-10 18:56:03,025 [pool-207-thread-1] INFO  server.RaftServerConfigKeys (ConfUtils.java:logGet(43)) - raft.server.rpc.timeout.max = 5200ms (custom)
2019-10-10 18:56:03,025 [pool-207-thread-1] INFO  server.RaftServerConfigKeys (ConfUtils.java:logGet(43)) - raft.server.rpcslowness.timeout = 120s (custom)
2019-10-10 18:56:03,025 [pool-207-thread-1] INFO  server.RaftServerConfigKeys (ConfUtils.java:logGet(43)) - raft.server.sleep.deviation.threshold = 300 (default)
2019-10-10 18:56:03,025 [pool-207-thread-1] INFO  server.RaftServerConfigKeys (ConfUtils.java:logGet(43)) - raft.server.log.appender.install.snapshot.enabled = false (custom)
2019-10-10 18:56:03,025 [pool-207-thread-1] INFO  impl.RaftServerImpl (ServerState.java:<init>(103)) - 75b5220e-e7c8-4312-8c4b-73d9cd51c490@group-EEC2B73A2C96: ConfigurationManager, init=-1: [75b5220e-e7c8-4312-8c4b-73d9cd51c490:192.168.5.175:40451], old=null, confs=<EMPTY_MAP>
2019-10-10 18:56:03,026 [pool-207-thread-1] INFO  server.RaftServerConfigKeys (ConfUtils.java:logGet(43)) - raft.server.storage.dir = [/workdir/hadoop-ozone/integration-test/target/test-dir/MiniOzoneClusterImpl-3e93a460-8f12-4994-956c-622a6d5fe63d/datanode-0/data/ratis] (custom)
2019-10-10 18:56:03,026 [pool-207-thread-1] INFO  server.RaftServerConfigKeys (ConfUtils.java:logGet(43)) - raft.server.log.corruption.policy = EXCEPTION (default)
2019-10-10 18:56:03,027 [pool-207-thread-1] INFO  storage.RaftStorageDirectory (RaftStorageDirectory.java:analyzeStorage(246)) - The storage directory /workdir/hadoop-ozone/integration-test/target/test-dir/MiniOzoneClusterImpl-3e93a460-8f12-4994-956c-622a6d5fe63d/datanode-0/data/ratis/0c06c982-68ab-4482-b025-eec2b73a2c96 does not exist. Creating ...
2019-10-10 18:56:03,044 [pool-207-thread-1] INFO  storage.RaftStorageDirectory (RaftStorageDirectory.java:tryLock(328)) - Lock on /workdir/hadoop-ozone/integration-test/target/test-dir/MiniOzoneClusterImpl-3e93a460-8f12-4994-956c-622a6d5fe63d/datanode-0/data/ratis/0c06c982-68ab-4482-b025-eec2b73a2c96/in_use.lock acquired by nodename 23760@pr-hdds-2194-9vxpc-1955504311
2019-10-10 18:56:03,045 [IPC Server handler 2 on 41478] INFO  net.NetworkTopology (NetworkTopologyImpl.java:add(111)) - Added a new node: /default-rack/eeda6462-8660-4cf3-b39a-3e2831ed42ce
2019-10-10 18:56:03,046 [IPC Server handler 2 on 41478] INFO  node.SCMNodeManager (SCMNodeManager.java:register(268)) - Registered Data node : eeda6462-8660-4cf3-b39a-3e2831ed42ce{ip: 192.168.5.175, host: pr-hdds-2194-9vxpc-1955504311, networkLocation: /default-rack, certSerialId: null}
2019-10-10 18:56:03,058 [pool-207-thread-1] INFO  storage.RaftStorage (RaftStorage.java:format(84)) - Storage directory /workdir/hadoop-ozone/integration-test/target/test-dir/MiniOzoneClusterImpl-3e93a460-8f12-4994-956c-622a6d5fe63d/datanode-0/data/ratis/0c06c982-68ab-4482-b025-eec2b73a2c96 has been successfully formatted.
2019-10-10 18:56:03,059 [pool-207-thread-1] INFO  ratis.ContainerStateMachine (ContainerStateMachine.java:loadSnapshot(231)) - group-EEC2B73A2C96: The snapshot info is null. Setting the last applied indexto:(t:0, i:~)
2019-10-10 18:56:03,059 [pool-207-thread-1] INFO  server.RaftServerConfigKeys (ConfUtils.java:logGet(43)) - raft.server.notification.no-leader.timeout = 120s (custom)
2019-10-10 18:56:03,059 [pool-207-thread-1] INFO  server.RaftServerConfigKeys (ConfUtils.java:logGet(43)) - raft.server.log.use.memory = false (default)
2019-10-10 18:56:03,059 [pool-207-thread-1] INFO  server.RaftServerConfigKeys (ConfUtils.java:logGet(43)) - raft.server.log.purge.gap = 1000000 (custom)
2019-10-10 18:56:03,059 [pool-207-thread-1] INFO  server.RaftServerConfigKeys (ConfUtils.java:logGet(43)) - raft.server.log.appender.buffer.byte-limit = 33554432 (custom)
2019-10-10 18:56:03,060 [pool-207-thread-1] INFO  server.RaftServerConfigKeys (ConfUtils.java:logGet(43)) - raft.server.log.segment.size.max = 1048576 (custom)
2019-10-10 18:56:03,064 [pool-207-thread-1] INFO  server.RaftServerConfigKeys (ConfUtils.java:logGet(43)) - raft.server.log.segment.cache.num.max = 2 (custom)
2019-10-10 18:56:03,064 [pool-207-thread-1] INFO  segmented.SegmentedRaftLogWorker (SegmentedRaftLogWorker.java:<init>(173)) - new 75b5220e-e7c8-4312-8c4b-73d9cd51c490@group-EEC2B73A2C96-SegmentedRaftLogWorker for RaftStorage:Storage Directory /workdir/hadoop-ozone/integration-test/target/test-dir/MiniOzoneClusterImpl-3e93a460-8f12-4994-956c-622a6d5fe63d/datanode-0/data/ratis/0c06c982-68ab-4482-b025-eec2b73a2c96
2019-10-10 18:56:03,064 [pool-207-thread-1] INFO  server.RaftServerConfigKeys (ConfUtils.java:logGet(43)) - raft.server.log.queue.byte-limit = 2147483647 (custom)
2019-10-10 18:56:03,064 [pool-207-thread-1] INFO  server.RaftServerConfigKeys (ConfUtils.java:logGet(43)) - raft.server.log.queue.element-limit = 1024 (custom)
2019-10-10 18:56:03,065 [pool-207-thread-1] INFO  server.RaftServerConfigKeys (ConfUtils.java:logGet(43)) - raft.server.log.segment.size.max = 1048576 (custom)
2019-10-10 18:56:03,065 [pool-207-thread-1] INFO  server.RaftServerConfigKeys (ConfUtils.java:logGet(43)) - raft.server.log.preallocated.size = 16384 (custom)
2019-10-10 18:56:03,065 [pool-207-thread-1] INFO  server.RaftServerConfigKeys (ConfUtils.java:logGet(43)) - raft.server.log.write.buffer.size = 33554432 (custom)
2019-10-10 18:56:03,065 [pool-207-thread-1] INFO  server.RaftServerConfigKeys (ConfUtils.java:logGet(43)) - raft.server.log.force.sync.num = 128 (default)
2019-10-10 18:56:03,065 [pool-207-thread-1] INFO  server.RaftServerConfigKeys (ConfUtils.java:logGet(43)) - raft.server.log.statemachine.data.sync = true (default)
2019-10-10 18:56:03,065 [pool-207-thread-1] INFO  server.RaftServerConfigKeys (ConfUtils.java:logGet(43)) - raft.server.log.statemachine.data.sync.timeout = 10s (default)
2019-10-10 18:56:03,066 [pool-207-thread-1] INFO  server.RaftServerConfigKeys (ConfUtils.java:logGet(43)) - raft.server.log.statemachine.data.sync.timeout.retry = -1 (default)
2019-10-10 18:56:03,066 [pool-207-thread-1] INFO  server.RaftServerConfigKeys (ConfUtils.java:logGet(43)) - raft.server.log.statemachine.data.caching.enabled = true (custom)
2019-10-10 18:56:03,067 [pool-207-thread-1] INFO  segmented.SegmentedRaftLogWorker (SegmentedRaftLogWorker.java:lambda$new$0(128)) - 75b5220e-e7c8-4312-8c4b-73d9cd51c490@group-EEC2B73A2C96-SegmentedRaftLogWorker: flushIndex: setUnconditionally 0 -> -1
2019-10-10 18:56:03,067 [pool-207-thread-1] INFO  server.RaftServerConfigKeys (ConfUtils.java:logGet(43)) - raft.server.snapshot.auto.trigger.enabled = true (custom)
2019-10-10 18:56:03,068 [pool-207-thread-1] INFO  server.RaftServerConfigKeys (ConfUtils.java:logGet(43)) - raft.server.snapshot.auto.trigger.threshold = 10000 (custom)
2019-10-10 18:56:03,068 [pool-207-thread-1] INFO  server.RaftServerConfigKeys (ConfUtils.java:logGet(43)) - raft.server.snapshot.retention.file.num = 5 (custom)
2019-10-10 18:56:03,068 [pool-207-thread-1] INFO  server.RaftServerConfigKeys (ConfUtils.java:logGet(43)) - raft.server.retrycache.expirytime = 600000ms (custom)
2019-10-10 18:56:03,071 [pool-207-thread-1] INFO  impl.RaftServerImpl (RaftServerImpl.java:start(181)) - 75b5220e-e7c8-4312-8c4b-73d9cd51c490@group-EEC2B73A2C96: start as a follower, conf=-1: [75b5220e-e7c8-4312-8c4b-73d9cd51c490:192.168.5.175:40451], old=null
2019-10-10 18:56:03,071 [pool-207-thread-1] INFO  impl.RaftServerImpl (RaftServerImpl.java:setRole(170)) - 75b5220e-e7c8-4312-8c4b-73d9cd51c490@group-EEC2B73A2C96: changes role from      null to FOLLOWER at term 0 for startAsFollower
2019-10-10 18:56:03,072 [pool-207-thread-1] INFO  impl.RoleInfo (RoleInfo.java:updateAndGet(143)) - 75b5220e-e7c8-4312-8c4b-73d9cd51c490: start FollowerState
2019-10-10 18:56:03,072 [pool-207-thread-1] INFO  util.JmxRegister (JmxRegister.java:tryRegister(44)) - Successfully registered JMX Bean with object name Ratis:service=RaftServer,group=group-EEC2B73A2C96,id=75b5220e-e7c8-4312-8c4b-73d9cd51c490
2019-10-10 18:56:03,082 [RatisPipelineUtilsThread] INFO  pipeline.PipelineStateManager (PipelineStateManager.java:addPipeline(56)) - Created pipeline Pipeline[ Id: 0c06c982-68ab-4482-b025-eec2b73a2c96, Nodes: 75b5220e-e7c8-4312-8c4b-73d9cd51c490{ip: 192.168.5.175, host: pr-hdds-2194-9vxpc-1955504311, networkLocation: /default-rack, certSerialId: null}, Type:RATIS, Factor:ONE, State:OPEN]
2019-10-10 18:56:03,101 [grpc-default-executor-5] INFO  impl.RaftServerProxy (RaftServerProxy.java:addNew(89)) - eeda6462-8660-4cf3-b39a-3e2831ed42ce: addNew group-09C48FB1B100:[eeda6462-8660-4cf3-b39a-3e2831ed42ce:192.168.5.175:40980] returns group-09C48FB1B100:java.util.concurrent.CompletableFuture@b650081[Not completed]
2019-10-10 18:56:03,102 [pool-217-thread-1] INFO  impl.RaftServerImpl (RaftServerImpl.java:<init>(95)) - eeda6462-8660-4cf3-b39a-3e2831ed42ce: new RaftServerImpl for group-09C48FB1B100:[eeda6462-8660-4cf3-b39a-3e2831ed42ce:192.168.5.175:40980] with ContainerStateMachine:uninitialized
2019-10-10 18:56:03,102 [pool-217-thread-1] INFO  server.RaftServerConfigKeys (ConfUtils.java:logGet(43)) - raft.server.rpc.timeout.min = 5s (custom)
2019-10-10 18:56:03,103 [pool-217-thread-1] INFO  server.RaftServerConfigKeys (ConfUtils.java:logGet(43)) - raft.server.rpc.timeout.max = 5200ms (custom)
2019-10-10 18:56:03,103 [pool-217-thread-1] INFO  server.RaftServerConfigKeys (ConfUtils.java:logGet(43)) - raft.server.rpcslowness.timeout = 120s (custom)
2019-10-10 18:56:03,103 [pool-217-thread-1] INFO  server.RaftServerConfigKeys (ConfUtils.java:logGet(43)) - raft.server.sleep.deviation.threshold = 300 (default)
2019-10-10 18:56:03,103 [pool-217-thread-1] INFO  server.RaftServerConfigKeys (ConfUtils.java:logGet(43)) - raft.server.log.appender.install.snapshot.enabled = false (custom)
2019-10-10 18:56:03,103 [pool-217-thread-1] INFO  impl.RaftServerImpl (ServerState.java:<init>(103)) - eeda6462-8660-4cf3-b39a-3e2831ed42ce@group-09C48FB1B100: ConfigurationManager, init=-1: [eeda6462-8660-4cf3-b39a-3e2831ed42ce:192.168.5.175:40980], old=null, confs=<EMPTY_MAP>
2019-10-10 18:56:03,104 [pool-217-thread-1] INFO  server.RaftServerConfigKeys (ConfUtils.java:logGet(43)) - raft.server.storage.dir = [/workdir/hadoop-ozone/integration-test/target/test-dir/MiniOzoneClusterImpl-3e93a460-8f12-4994-956c-622a6d5fe63d/datanode-1/data/ratis] (custom)
2019-10-10 18:56:03,104 [pool-217-thread-1] INFO  server.RaftServerConfigKeys (ConfUtils.java:logGet(43)) - raft.server.log.corruption.policy = EXCEPTION (default)
2019-10-10 18:56:03,104 [pool-217-thread-1] INFO  storage.RaftStorageDirectory (RaftStorageDirectory.java:analyzeStorage(246)) - The storage directory /workdir/hadoop-ozone/integration-test/target/test-dir/MiniOzoneClusterImpl-3e93a460-8f12-4994-956c-622a6d5fe63d/datanode-1/data/ratis/e23afe83-0834-4fd5-959c-09c48fb1b100 does not exist. Creating ...
2019-10-10 18:56:03,117 [pool-217-thread-1] INFO  storage.RaftStorageDirectory (RaftStorageDirectory.java:tryLock(328)) - Lock on /workdir/hadoop-ozone/integration-test/target/test-dir/MiniOzoneClusterImpl-3e93a460-8f12-4994-956c-622a6d5fe63d/datanode-1/data/ratis/e23afe83-0834-4fd5-959c-09c48fb1b100/in_use.lock acquired by nodename 23760@pr-hdds-2194-9vxpc-1955504311
2019-10-10 18:56:03,123 [IPC Server handler 3 on 41478] INFO  net.NetworkTopology (NetworkTopologyImpl.java:add(111)) - Added a new node: /default-rack/e1741d25-1160-415c-8281-fbf7b32058a7
2019-10-10 18:56:03,124 [IPC Server handler 3 on 41478] INFO  node.SCMNodeManager (SCMNodeManager.java:register(268)) - Registered Data node : e1741d25-1160-415c-8281-fbf7b32058a7{ip: 192.168.5.175, host: pr-hdds-2194-9vxpc-1955504311, networkLocation: /default-rack, certSerialId: null}
2019-10-10 18:56:03,130 [pool-217-thread-1] INFO  storage.RaftStorage (RaftStorage.java:format(84)) - Storage directory /workdir/hadoop-ozone/integration-test/target/test-dir/MiniOzoneClusterImpl-3e93a460-8f12-4994-956c-622a6d5fe63d/datanode-1/data/ratis/e23afe83-0834-4fd5-959c-09c48fb1b100 has been successfully formatted.
2019-10-10 18:56:03,131 [pool-217-thread-1] INFO  ratis.ContainerStateMachine (ContainerStateMachine.java:loadSnapshot(231)) - group-09C48FB1B100: The snapshot info is null. Setting the last applied indexto:(t:0, i:~)
2019-10-10 18:56:03,131 [pool-217-thread-1] INFO  server.RaftServerConfigKeys (ConfUtils.java:logGet(43)) - raft.server.notification.no-leader.timeout = 120s (custom)
2019-10-10 18:56:03,131 [pool-217-thread-1] INFO  server.RaftServerConfigKeys (ConfUtils.java:logGet(43)) - raft.server.log.use.memory = false (default)
2019-10-10 18:56:03,131 [pool-217-thread-1] INFO  server.RaftServerConfigKeys (ConfUtils.java:logGet(43)) - raft.server.log.purge.gap = 1000000 (custom)
2019-10-10 18:56:03,131 [pool-217-thread-1] INFO  server.RaftServerConfigKeys (ConfUtils.java:logGet(43)) - raft.server.log.appender.buffer.byte-limit = 33554432 (custom)
2019-10-10 18:56:03,131 [pool-217-thread-1] INFO  server.RaftServerConfigKeys (ConfUtils.java:logGet(43)) - raft.server.log.segment.size.max = 1048576 (custom)
2019-10-10 18:56:03,133 [pool-217-thread-1] INFO  server.RaftServerConfigKeys (ConfUtils.java:logGet(43)) - raft.server.log.segment.cache.num.max = 2 (custom)
2019-10-10 18:56:03,133 [pool-217-thread-1] INFO  segmented.SegmentedRaftLogWorker (SegmentedRaftLogWorker.java:<init>(173)) - new eeda6462-8660-4cf3-b39a-3e2831ed42ce@group-09C48FB1B100-SegmentedRaftLogWorker for RaftStorage:Storage Directory /workdir/hadoop-ozone/integration-test/target/test-dir/MiniOzoneClusterImpl-3e93a460-8f12-4994-956c-622a6d5fe63d/datanode-1/data/ratis/e23afe83-0834-4fd5-959c-09c48fb1b100
2019-10-10 18:56:03,134 [pool-217-thread-1] INFO  server.RaftServerConfigKeys (ConfUtils.java:logGet(43)) - raft.server.log.queue.byte-limit = 2147483647 (custom)
2019-10-10 18:56:03,134 [pool-217-thread-1] INFO  server.RaftServerConfigKeys (ConfUtils.java:logGet(43)) - raft.server.log.queue.element-limit = 1024 (custom)
2019-10-10 18:56:03,134 [pool-217-thread-1] INFO  server.RaftServerConfigKeys (ConfUtils.java:logGet(43)) - raft.server.log.segment.size.max = 1048576 (custom)
2019-10-10 18:56:03,134 [pool-217-thread-1] INFO  server.RaftServerConfigKeys (ConfUtils.java:logGet(43)) - raft.server.log.preallocated.size = 16384 (custom)
2019-10-10 18:56:03,134 [pool-217-thread-1] INFO  server.RaftServerConfigKeys (ConfUtils.java:logGet(43)) - raft.server.log.write.buffer.size = 33554432 (custom)
2019-10-10 18:56:03,134 [pool-217-thread-1] INFO  server.RaftServerConfigKeys (ConfUtils.java:logGet(43)) - raft.server.log.force.sync.num = 128 (default)
2019-10-10 18:56:03,134 [pool-217-thread-1] INFO  server.RaftServerConfigKeys (ConfUtils.java:logGet(43)) - raft.server.log.statemachine.data.sync = true (default)
2019-10-10 18:56:03,134 [pool-217-thread-1] INFO  server.RaftServerConfigKeys (ConfUtils.java:logGet(43)) - raft.server.log.statemachine.data.sync.timeout = 10s (default)
2019-10-10 18:56:03,134 [pool-217-thread-1] INFO  server.RaftServerConfigKeys (ConfUtils.java:logGet(43)) - raft.server.log.statemachine.data.sync.timeout.retry = -1 (default)
2019-10-10 18:56:03,135 [pool-217-thread-1] INFO  server.RaftServerConfigKeys (ConfUtils.java:logGet(43)) - raft.server.log.statemachine.data.caching.enabled = true (custom)
2019-10-10 18:56:03,136 [pool-217-thread-1] INFO  segmented.SegmentedRaftLogWorker (SegmentedRaftLogWorker.java:lambda$new$0(128)) - eeda6462-8660-4cf3-b39a-3e2831ed42ce@group-09C48FB1B100-SegmentedRaftLogWorker: flushIndex: setUnconditionally 0 -> -1
2019-10-10 18:56:03,136 [pool-217-thread-1] INFO  server.RaftServerConfigKeys (ConfUtils.java:logGet(43)) - raft.server.snapshot.auto.trigger.enabled = true (custom)
2019-10-10 18:56:03,136 [pool-217-thread-1] INFO  server.RaftServerConfigKeys (ConfUtils.java:logGet(43)) - raft.server.snapshot.auto.trigger.threshold = 10000 (custom)
2019-10-10 18:56:03,136 [pool-217-thread-1] INFO  server.RaftServerConfigKeys (ConfUtils.java:logGet(43)) - raft.server.snapshot.retention.file.num = 5 (custom)
2019-10-10 18:56:03,137 [pool-217-thread-1] INFO  server.RaftServerConfigKeys (ConfUtils.java:logGet(43)) - raft.server.retrycache.expirytime = 600000ms (custom)
2019-10-10 18:56:03,139 [pool-217-thread-1] INFO  impl.RaftServerImpl (RaftServerImpl.java:start(181)) - eeda6462-8660-4cf3-b39a-3e2831ed42ce@group-09C48FB1B100: start as a follower, conf=-1: [eeda6462-8660-4cf3-b39a-3e2831ed42ce:192.168.5.175:40980], old=null
2019-10-10 18:56:03,140 [pool-217-thread-1] INFO  impl.RaftServerImpl (RaftServerImpl.java:setRole(170)) - eeda6462-8660-4cf3-b39a-3e2831ed42ce@group-09C48FB1B100: changes role from      null to FOLLOWER at term 0 for startAsFollower
2019-10-10 18:56:03,140 [pool-217-thread-1] INFO  impl.RoleInfo (RoleInfo.java:updateAndGet(143)) - eeda6462-8660-4cf3-b39a-3e2831ed42ce: start FollowerState
2019-10-10 18:56:03,140 [pool-217-thread-1] INFO  util.JmxRegister (JmxRegister.java:tryRegister(44)) - Successfully registered JMX Bean with object name Ratis:service=RaftServer,group=group-09C48FB1B100,id=eeda6462-8660-4cf3-b39a-3e2831ed42ce
2019-10-10 18:56:03,149 [RatisPipelineUtilsThread] INFO  pipeline.PipelineStateManager (PipelineStateManager.java:addPipeline(56)) - Created pipeline Pipeline[ Id: e23afe83-0834-4fd5-959c-09c48fb1b100, Nodes: eeda6462-8660-4cf3-b39a-3e2831ed42ce{ip: 192.168.5.175, host: pr-hdds-2194-9vxpc-1955504311, networkLocation: /default-rack, certSerialId: null}, Type:RATIS, Factor:ONE, State:OPEN]
2019-10-10 18:56:03,159 [grpc-default-executor-5] INFO  impl.RaftServerProxy (RaftServerProxy.java:addNew(89)) - e1741d25-1160-415c-8281-fbf7b32058a7: addNew group-317644267A05:[e1741d25-1160-415c-8281-fbf7b32058a7:192.168.5.175:37750] returns group-317644267A05:java.util.concurrent.CompletableFuture@406db5c5[Not completed]
2019-10-10 18:56:03,161 [pool-227-thread-1] INFO  impl.RaftServerImpl (RaftServerImpl.java:<init>(95)) - e1741d25-1160-415c-8281-fbf7b32058a7: new RaftServerImpl for group-317644267A05:[e1741d25-1160-415c-8281-fbf7b32058a7:192.168.5.175:37750] with ContainerStateMachine:uninitialized
2019-10-10 18:56:03,161 [pool-227-thread-1] INFO  server.RaftServerConfigKeys (ConfUtils.java:logGet(43)) - raft.server.rpc.timeout.min = 5s (custom)
2019-10-10 18:56:03,161 [pool-227-thread-1] INFO  server.RaftServerConfigKeys (ConfUtils.java:logGet(43)) - raft.server.rpc.timeout.max = 5200ms (custom)
2019-10-10 18:56:03,161 [pool-227-thread-1] INFO  server.RaftServerConfigKeys (ConfUtils.java:logGet(43)) - raft.server.rpcslowness.timeout = 120s (custom)
2019-10-10 18:56:03,161 [pool-227-thread-1] INFO  server.RaftServerConfigKeys (ConfUtils.java:logGet(43)) - raft.server.sleep.deviation.threshold = 300 (default)
2019-10-10 18:56:03,161 [pool-227-thread-1] INFO  server.RaftServerConfigKeys (ConfUtils.java:logGet(43)) - raft.server.log.appender.install.snapshot.enabled = false (custom)
2019-10-10 18:56:03,161 [pool-227-thread-1] INFO  impl.RaftServerImpl (ServerState.java:<init>(103)) - e1741d25-1160-415c-8281-fbf7b32058a7@group-317644267A05: ConfigurationManager, init=-1: [e1741d25-1160-415c-8281-fbf7b32058a7:192.168.5.175:37750], old=null, confs=<EMPTY_MAP>
2019-10-10 18:56:03,162 [pool-227-thread-1] INFO  server.RaftServerConfigKeys (ConfUtils.java:logGet(43)) - raft.server.storage.dir = [/workdir/hadoop-ozone/integration-test/target/test-dir/MiniOzoneClusterImpl-3e93a460-8f12-4994-956c-622a6d5fe63d/datanode-2/data/ratis] (custom)
2019-10-10 18:56:03,162 [pool-227-thread-1] INFO  server.RaftServerConfigKeys (ConfUtils.java:logGet(43)) - raft.server.log.corruption.policy = EXCEPTION (default)
2019-10-10 18:56:03,162 [pool-227-thread-1] INFO  storage.RaftStorageDirectory (RaftStorageDirectory.java:analyzeStorage(246)) - The storage directory /workdir/hadoop-ozone/integration-test/target/test-dir/MiniOzoneClusterImpl-3e93a460-8f12-4994-956c-622a6d5fe63d/datanode-2/data/ratis/813af561-c4ff-4e31-b29b-317644267a05 does not exist. Creating ...
2019-10-10 18:56:03,175 [pool-227-thread-1] INFO  storage.RaftStorageDirectory (RaftStorageDirectory.java:tryLock(328)) - Lock on /workdir/hadoop-ozone/integration-test/target/test-dir/MiniOzoneClusterImpl-3e93a460-8f12-4994-956c-622a6d5fe63d/datanode-2/data/ratis/813af561-c4ff-4e31-b29b-317644267a05/in_use.lock acquired by nodename 23760@pr-hdds-2194-9vxpc-1955504311
2019-10-10 18:56:03,188 [pool-227-thread-1] INFO  storage.RaftStorage (RaftStorage.java:format(84)) - Storage directory /workdir/hadoop-ozone/integration-test/target/test-dir/MiniOzoneClusterImpl-3e93a460-8f12-4994-956c-622a6d5fe63d/datanode-2/data/ratis/813af561-c4ff-4e31-b29b-317644267a05 has been successfully formatted.
2019-10-10 18:56:03,188 [pool-227-thread-1] INFO  ratis.ContainerStateMachine (ContainerStateMachine.java:loadSnapshot(231)) - group-317644267A05: The snapshot info is null. Setting the last applied indexto:(t:0, i:~)
2019-10-10 18:56:03,188 [pool-227-thread-1] INFO  server.RaftServerConfigKeys (ConfUtils.java:logGet(43)) - raft.server.notification.no-leader.timeout = 120s (custom)
2019-10-10 18:56:03,188 [pool-227-thread-1] INFO  server.RaftServerConfigKeys (ConfUtils.java:logGet(43)) - raft.server.log.use.memory = false (default)
2019-10-10 18:56:03,188 [pool-227-thread-1] INFO  server.RaftServerConfigKeys (ConfUtils.java:logGet(43)) - raft.server.log.purge.gap = 1000000 (custom)
2019-10-10 18:56:03,188 [pool-227-thread-1] INFO  server.RaftServerConfigKeys (ConfUtils.java:logGet(43)) - raft.server.log.appender.buffer.byte-limit = 33554432 (custom)
2019-10-10 18:56:03,189 [pool-227-thread-1] INFO  server.RaftServerConfigKeys (ConfUtils.java:logGet(43)) - raft.server.log.segment.size.max = 1048576 (custom)
2019-10-10 18:56:03,191 [pool-227-thread-1] INFO  server.RaftServerConfigKeys (ConfUtils.java:logGet(43)) - raft.server.log.segment.cache.num.max = 2 (custom)
2019-10-10 18:56:03,191 [pool-227-thread-1] INFO  segmented.SegmentedRaftLogWorker (SegmentedRaftLogWorker.java:<init>(173)) - new e1741d25-1160-415c-8281-fbf7b32058a7@group-317644267A05-SegmentedRaftLogWorker for RaftStorage:Storage Directory /workdir/hadoop-ozone/integration-test/target/test-dir/MiniOzoneClusterImpl-3e93a460-8f12-4994-956c-622a6d5fe63d/datanode-2/data/ratis/813af561-c4ff-4e31-b29b-317644267a05
2019-10-10 18:56:03,191 [pool-227-thread-1] INFO  server.RaftServerConfigKeys (ConfUtils.java:logGet(43)) - raft.server.log.queue.byte-limit = 2147483647 (custom)
2019-10-10 18:56:03,191 [pool-227-thread-1] INFO  server.RaftServerConfigKeys (ConfUtils.java:logGet(43)) - raft.server.log.queue.element-limit = 1024 (custom)
2019-10-10 18:56:03,191 [pool-227-thread-1] INFO  server.RaftServerConfigKeys (ConfUtils.java:logGet(43)) - raft.server.log.segment.size.max = 1048576 (custom)
2019-10-10 18:56:03,191 [pool-227-thread-1] INFO  server.RaftServerConfigKeys (ConfUtils.java:logGet(43)) - raft.server.log.preallocated.size = 16384 (custom)
2019-10-10 18:56:03,191 [pool-227-thread-1] INFO  server.RaftServerConfigKeys (ConfUtils.java:logGet(43)) - raft.server.log.write.buffer.size = 33554432 (custom)
2019-10-10 18:56:03,192 [pool-227-thread-1] INFO  server.RaftServerConfigKeys (ConfUtils.java:logGet(43)) - raft.server.log.force.sync.num = 128 (default)
2019-10-10 18:56:03,192 [pool-227-thread-1] INFO  server.RaftServerConfigKeys (ConfUtils.java:logGet(43)) - raft.server.log.statemachine.data.sync = true (default)
2019-10-10 18:56:03,192 [pool-227-thread-1] INFO  server.RaftServerConfigKeys (ConfUtils.java:logGet(43)) - raft.server.log.statemachine.data.sync.timeout = 10s (default)
2019-10-10 18:56:03,192 [pool-227-thread-1] INFO  server.RaftServerConfigKeys (ConfUtils.java:logGet(43)) - raft.server.log.statemachine.data.sync.timeout.retry = -1 (default)
2019-10-10 18:56:03,192 [pool-227-thread-1] INFO  server.RaftServerConfigKeys (ConfUtils.java:logGet(43)) - raft.server.log.statemachine.data.caching.enabled = true (custom)
2019-10-10 18:56:03,193 [pool-227-thread-1] INFO  segmented.SegmentedRaftLogWorker (SegmentedRaftLogWorker.java:lambda$new$0(128)) - e1741d25-1160-415c-8281-fbf7b32058a7@group-317644267A05-SegmentedRaftLogWorker: flushIndex: setUnconditionally 0 -> -1
2019-10-10 18:56:03,193 [pool-227-thread-1] INFO  server.RaftServerConfigKeys (ConfUtils.java:logGet(43)) - raft.server.snapshot.auto.trigger.enabled = true (custom)
2019-10-10 18:56:03,193 [pool-227-thread-1] INFO  server.RaftServerConfigKeys (ConfUtils.java:logGet(43)) - raft.server.snapshot.auto.trigger.threshold = 10000 (custom)
2019-10-10 18:56:03,193 [pool-227-thread-1] INFO  server.RaftServerConfigKeys (ConfUtils.java:logGet(43)) - raft.server.snapshot.retention.file.num = 5 (custom)
2019-10-10 18:56:03,194 [pool-227-thread-1] INFO  server.RaftServerConfigKeys (ConfUtils.java:logGet(43)) - raft.server.retrycache.expirytime = 600000ms (custom)
2019-10-10 18:56:03,195 [IPC Server handler 16 on 41478] INFO  net.NetworkTopology (NetworkTopologyImpl.java:add(111)) - Added a new node: /default-rack/12a9a7aa-6562-40ed-85de-9a2aa2bb6d39
2019-10-10 18:56:03,195 [IPC Server handler 16 on 41478] INFO  node.SCMNodeManager (SCMNodeManager.java:register(268)) - Registered Data node : 12a9a7aa-6562-40ed-85de-9a2aa2bb6d39{ip: 192.168.5.175, host: pr-hdds-2194-9vxpc-1955504311, networkLocation: /default-rack, certSerialId: null}
2019-10-10 18:56:03,196 [pool-227-thread-1] INFO  impl.RaftServerImpl (RaftServerImpl.java:start(181)) - e1741d25-1160-415c-8281-fbf7b32058a7@group-317644267A05: start as a follower, conf=-1: [e1741d25-1160-415c-8281-fbf7b32058a7:192.168.5.175:37750], old=null
2019-10-10 18:56:03,196 [pool-227-thread-1] INFO  impl.RaftServerImpl (RaftServerImpl.java:setRole(170)) - e1741d25-1160-415c-8281-fbf7b32058a7@group-317644267A05: changes role from      null to FOLLOWER at term 0 for startAsFollower
2019-10-10 18:56:03,196 [pool-227-thread-1] INFO  impl.RoleInfo (RoleInfo.java:updateAndGet(143)) - e1741d25-1160-415c-8281-fbf7b32058a7: start FollowerState
2019-10-10 18:56:03,196 [pool-227-thread-1] INFO  util.JmxRegister (JmxRegister.java:tryRegister(44)) - Successfully registered JMX Bean with object name Ratis:service=RaftServer,group=group-317644267A05,id=e1741d25-1160-415c-8281-fbf7b32058a7
2019-10-10 18:56:03,204 [RatisPipelineUtilsThread] INFO  pipeline.PipelineStateManager (PipelineStateManager.java:addPipeline(56)) - Created pipeline Pipeline[ Id: 813af561-c4ff-4e31-b29b-317644267a05, Nodes: e1741d25-1160-415c-8281-fbf7b32058a7{ip: 192.168.5.175, host: pr-hdds-2194-9vxpc-1955504311, networkLocation: /default-rack, certSerialId: null}, Type:RATIS, Factor:ONE, State:OPEN]
2019-10-10 18:56:03,214 [grpc-default-executor-5] INFO  impl.RaftServerProxy (RaftServerProxy.java:addNew(89)) - 12a9a7aa-6562-40ed-85de-9a2aa2bb6d39: addNew group-541CD1EC78F9:[12a9a7aa-6562-40ed-85de-9a2aa2bb6d39:192.168.5.175:41015] returns group-541CD1EC78F9:java.util.concurrent.CompletableFuture@7af9f707[Not completed]
2019-10-10 18:56:03,215 [pool-237-thread-1] INFO  impl.RaftServerImpl (RaftServerImpl.java:<init>(95)) - 12a9a7aa-6562-40ed-85de-9a2aa2bb6d39: new RaftServerImpl for group-541CD1EC78F9:[12a9a7aa-6562-40ed-85de-9a2aa2bb6d39:192.168.5.175:41015] with ContainerStateMachine:uninitialized
2019-10-10 18:56:03,215 [pool-237-thread-1] INFO  server.RaftServerConfigKeys (ConfUtils.java:logGet(43)) - raft.server.rpc.timeout.min = 5s (custom)
2019-10-10 18:56:03,215 [pool-237-thread-1] INFO  server.RaftServerConfigKeys (ConfUtils.java:logGet(43)) - raft.server.rpc.timeout.max = 5200ms (custom)
2019-10-10 18:56:03,216 [pool-237-thread-1] INFO  server.RaftServerConfigKeys (ConfUtils.java:logGet(43)) - raft.server.rpcslowness.timeout = 120s (custom)
2019-10-10 18:56:03,216 [pool-237-thread-1] INFO  server.RaftServerConfigKeys (ConfUtils.java:logGet(43)) - raft.server.sleep.deviation.threshold = 300 (default)
2019-10-10 18:56:03,216 [pool-237-thread-1] INFO  server.RaftServerConfigKeys (ConfUtils.java:logGet(43)) - raft.server.log.appender.install.snapshot.enabled = false (custom)
2019-10-10 18:56:03,216 [pool-237-thread-1] INFO  impl.RaftServerImpl (ServerState.java:<init>(103)) - 12a9a7aa-6562-40ed-85de-9a2aa2bb6d39@group-541CD1EC78F9: ConfigurationManager, init=-1: [12a9a7aa-6562-40ed-85de-9a2aa2bb6d39:192.168.5.175:41015], old=null, confs=<EMPTY_MAP>
2019-10-10 18:56:03,216 [pool-237-thread-1] INFO  server.RaftServerConfigKeys (ConfUtils.java:logGet(43)) - raft.server.storage.dir = [/workdir/hadoop-ozone/integration-test/target/test-dir/MiniOzoneClusterImpl-3e93a460-8f12-4994-956c-622a6d5fe63d/datanode-3/data/ratis] (custom)
2019-10-10 18:56:03,217 [pool-237-thread-1] INFO  server.RaftServerConfigKeys (ConfUtils.java:logGet(43)) - raft.server.log.corruption.policy = EXCEPTION (default)
2019-10-10 18:56:03,217 [pool-237-thread-1] INFO  storage.RaftStorageDirectory (RaftStorageDirectory.java:analyzeStorage(246)) - The storage directory /workdir/hadoop-ozone/integration-test/target/test-dir/MiniOzoneClusterImpl-3e93a460-8f12-4994-956c-622a6d5fe63d/datanode-3/data/ratis/698e0691-9822-4ebf-a882-541cd1ec78f9 does not exist. Creating ...
2019-10-10 18:56:03,229 [pool-237-thread-1] INFO  storage.RaftStorageDirectory (RaftStorageDirectory.java:tryLock(328)) - Lock on /workdir/hadoop-ozone/integration-test/target/test-dir/MiniOzoneClusterImpl-3e93a460-8f12-4994-956c-622a6d5fe63d/datanode-3/data/ratis/698e0691-9822-4ebf-a882-541cd1ec78f9/in_use.lock acquired by nodename 23760@pr-hdds-2194-9vxpc-1955504311
2019-10-10 18:56:03,240 [pool-237-thread-1] INFO  storage.RaftStorage (RaftStorage.java:format(84)) - Storage directory /workdir/hadoop-ozone/integration-test/target/test-dir/MiniOzoneClusterImpl-3e93a460-8f12-4994-956c-622a6d5fe63d/datanode-3/data/ratis/698e0691-9822-4ebf-a882-541cd1ec78f9 has been successfully formatted.
2019-10-10 18:56:03,240 [pool-237-thread-1] INFO  ratis.ContainerStateMachine (ContainerStateMachine.java:loadSnapshot(231)) - group-541CD1EC78F9: The snapshot info is null. Setting the last applied indexto:(t:0, i:~)
2019-10-10 18:56:03,240 [pool-237-thread-1] INFO  server.RaftServerConfigKeys (ConfUtils.java:logGet(43)) - raft.server.notification.no-leader.timeout = 120s (custom)
2019-10-10 18:56:03,241 [pool-237-thread-1] INFO  server.RaftServerConfigKeys (ConfUtils.java:logGet(43)) - raft.server.log.use.memory = false (default)
2019-10-10 18:56:03,241 [pool-237-thread-1] INFO  server.RaftServerConfigKeys (ConfUtils.java:logGet(43)) - raft.server.log.purge.gap = 1000000 (custom)
2019-10-10 18:56:03,241 [pool-237-thread-1] INFO  server.RaftServerConfigKeys (ConfUtils.java:logGet(43)) - raft.server.log.appender.buffer.byte-limit = 33554432 (custom)
2019-10-10 18:56:03,241 [pool-237-thread-1] INFO  server.RaftServerConfigKeys (ConfUtils.java:logGet(43)) - raft.server.log.segment.size.max = 1048576 (custom)
2019-10-10 18:56:03,244 [pool-237-thread-1] INFO  server.RaftServerConfigKeys (ConfUtils.java:logGet(43)) - raft.server.log.segment.cache.num.max = 2 (custom)
2019-10-10 18:56:03,244 [pool-237-thread-1] INFO  segmented.SegmentedRaftLogWorker (SegmentedRaftLogWorker.java:<init>(173)) - new 12a9a7aa-6562-40ed-85de-9a2aa2bb6d39@group-541CD1EC78F9-SegmentedRaftLogWorker for RaftStorage:Storage Directory /workdir/hadoop-ozone/integration-test/target/test-dir/MiniOzoneClusterImpl-3e93a460-8f12-4994-956c-622a6d5fe63d/datanode-3/data/ratis/698e0691-9822-4ebf-a882-541cd1ec78f9
2019-10-10 18:56:03,244 [pool-237-thread-1] INFO  server.RaftServerConfigKeys (ConfUtils.java:logGet(43)) - raft.server.log.queue.byte-limit = 2147483647 (custom)
2019-10-10 18:56:03,244 [pool-237-thread-1] INFO  server.RaftServerConfigKeys (ConfUtils.java:logGet(43)) - raft.server.log.queue.element-limit = 1024 (custom)
2019-10-10 18:56:03,244 [pool-237-thread-1] INFO  server.RaftServerConfigKeys (ConfUtils.java:logGet(43)) - raft.server.log.segment.size.max = 1048576 (custom)
2019-10-10 18:56:03,245 [pool-237-thread-1] INFO  server.RaftServerConfigKeys (ConfUtils.java:logGet(43)) - raft.server.log.preallocated.size = 16384 (custom)
2019-10-10 18:56:03,245 [pool-237-thread-1] INFO  server.RaftServerConfigKeys (ConfUtils.java:logGet(43)) - raft.server.log.write.buffer.size = 33554432 (custom)
2019-10-10 18:56:03,245 [pool-237-thread-1] INFO  server.RaftServerConfigKeys (ConfUtils.java:logGet(43)) - raft.server.log.force.sync.num = 128 (default)
2019-10-10 18:56:03,245 [pool-237-thread-1] INFO  server.RaftServerConfigKeys (ConfUtils.java:logGet(43)) - raft.server.log.statemachine.data.sync = true (default)
2019-10-10 18:56:03,245 [pool-237-thread-1] INFO  server.RaftServerConfigKeys (ConfUtils.java:logGet(43)) - raft.server.log.statemachine.data.sync.timeout = 10s (default)
2019-10-10 18:56:03,245 [pool-237-thread-1] INFO  server.RaftServerConfigKeys (ConfUtils.java:logGet(43)) - raft.server.log.statemachine.data.sync.timeout.retry = -1 (default)
2019-10-10 18:56:03,246 [pool-237-thread-1] INFO  server.RaftServerConfigKeys (ConfUtils.java:logGet(43)) - raft.server.log.statemachine.data.caching.enabled = true (custom)
2019-10-10 18:56:03,246 [pool-237-thread-1] INFO  segmented.SegmentedRaftLogWorker (SegmentedRaftLogWorker.java:lambda$new$0(128)) - 12a9a7aa-6562-40ed-85de-9a2aa2bb6d39@group-541CD1EC78F9-SegmentedRaftLogWorker: flushIndex: setUnconditionally 0 -> -1
2019-10-10 18:56:03,246 [pool-237-thread-1] INFO  server.RaftServerConfigKeys (ConfUtils.java:logGet(43)) - raft.server.snapshot.auto.trigger.enabled = true (custom)
2019-10-10 18:56:03,247 [pool-237-thread-1] INFO  server.RaftServerConfigKeys (ConfUtils.java:logGet(43)) - raft.server.snapshot.auto.trigger.threshold = 10000 (custom)
2019-10-10 18:56:03,247 [pool-237-thread-1] INFO  server.RaftServerConfigKeys (ConfUtils.java:logGet(43)) - raft.server.snapshot.retention.file.num = 5 (custom)
2019-10-10 18:56:03,247 [pool-237-thread-1] INFO  server.RaftServerConfigKeys (ConfUtils.java:logGet(43)) - raft.server.retrycache.expirytime = 600000ms (custom)
2019-10-10 18:56:03,249 [pool-237-thread-1] INFO  impl.RaftServerImpl (RaftServerImpl.java:start(181)) - 12a9a7aa-6562-40ed-85de-9a2aa2bb6d39@group-541CD1EC78F9: start as a follower, conf=-1: [12a9a7aa-6562-40ed-85de-9a2aa2bb6d39:192.168.5.175:41015], old=null
2019-10-10 18:56:03,250 [pool-237-thread-1] INFO  impl.RaftServerImpl (RaftServerImpl.java:setRole(170)) - 12a9a7aa-6562-40ed-85de-9a2aa2bb6d39@group-541CD1EC78F9: changes role from      null to FOLLOWER at term 0 for startAsFollower
2019-10-10 18:56:03,250 [pool-237-thread-1] INFO  impl.RoleInfo (RoleInfo.java:updateAndGet(143)) - 12a9a7aa-6562-40ed-85de-9a2aa2bb6d39: start FollowerState
2019-10-10 18:56:03,250 [pool-237-thread-1] INFO  util.JmxRegister (JmxRegister.java:tryRegister(44)) - Successfully registered JMX Bean with object name Ratis:service=RaftServer,group=group-541CD1EC78F9,id=12a9a7aa-6562-40ed-85de-9a2aa2bb6d39
2019-10-10 18:56:03,257 [RatisPipelineUtilsThread] INFO  pipeline.PipelineStateManager (PipelineStateManager.java:addPipeline(56)) - Created pipeline Pipeline[ Id: 698e0691-9822-4ebf-a882-541cd1ec78f9, Nodes: 12a9a7aa-6562-40ed-85de-9a2aa2bb6d39{ip: 192.168.5.175, host: pr-hdds-2194-9vxpc-1955504311, networkLocation: /default-rack, certSerialId: null}, Type:RATIS, Factor:ONE, State:OPEN]
2019-10-10 18:56:03,264 [IPC Server handler 15 on 41478] INFO  net.NetworkTopology (NetworkTopologyImpl.java:add(111)) - Added a new node: /default-rack/f92015c6-2a92-4b2a-8d10-eea158f9d1c8
2019-10-10 18:56:03,264 [IPC Server handler 15 on 41478] INFO  node.SCMNodeManager (SCMNodeManager.java:register(268)) - Registered Data node : f92015c6-2a92-4b2a-8d10-eea158f9d1c8{ip: 192.168.5.175, host: pr-hdds-2194-9vxpc-1955504311, networkLocation: /default-rack, certSerialId: null}
2019-10-10 18:56:03,276 [grpc-default-executor-3] INFO  impl.RaftServerProxy (RaftServerProxy.java:addNew(89)) - eeda6462-8660-4cf3-b39a-3e2831ed42ce: addNew group-B0BE3D968BF3:[75b5220e-e7c8-4312-8c4b-73d9cd51c490:192.168.5.175:40451, 12a9a7aa-6562-40ed-85de-9a2aa2bb6d39:192.168.5.175:41015, eeda6462-8660-4cf3-b39a-3e2831ed42ce:192.168.5.175:40980] returns group-B0BE3D968BF3:java.util.concurrent.CompletableFuture@6c8d55c8[Not completed]
2019-10-10 18:56:03,276 [grpc-default-executor-5] INFO  impl.RaftServerProxy (RaftServerProxy.java:addNew(89)) - 12a9a7aa-6562-40ed-85de-9a2aa2bb6d39: addNew group-B0BE3D968BF3:[75b5220e-e7c8-4312-8c4b-73d9cd51c490:192.168.5.175:40451, 12a9a7aa-6562-40ed-85de-9a2aa2bb6d39:192.168.5.175:41015, eeda6462-8660-4cf3-b39a-3e2831ed42ce:192.168.5.175:40980] returns group-B0BE3D968BF3:java.util.concurrent.CompletableFuture@4a87fd7f[Not completed]
2019-10-10 18:56:03,276 [grpc-default-executor-1] INFO  impl.RaftServerProxy (RaftServerProxy.java:addNew(89)) - 75b5220e-e7c8-4312-8c4b-73d9cd51c490: addNew group-B0BE3D968BF3:[75b5220e-e7c8-4312-8c4b-73d9cd51c490:192.168.5.175:40451, 12a9a7aa-6562-40ed-85de-9a2aa2bb6d39:192.168.5.175:41015, eeda6462-8660-4cf3-b39a-3e2831ed42ce:192.168.5.175:40980] returns group-B0BE3D968BF3:java.util.concurrent.CompletableFuture@585d70ca[Not completed]
2019-10-10 18:56:03,277 [pool-217-thread-1] INFO  impl.RaftServerImpl (RaftServerImpl.java:<init>(95)) - eeda6462-8660-4cf3-b39a-3e2831ed42ce: new RaftServerImpl for group-B0BE3D968BF3:[75b5220e-e7c8-4312-8c4b-73d9cd51c490:192.168.5.175:40451, 12a9a7aa-6562-40ed-85de-9a2aa2bb6d39:192.168.5.175:41015, eeda6462-8660-4cf3-b39a-3e2831ed42ce:192.168.5.175:40980] with ContainerStateMachine:uninitialized
2019-10-10 18:56:03,277 [pool-217-thread-1] INFO  server.RaftServerConfigKeys (ConfUtils.java:logGet(43)) - raft.server.rpc.timeout.min = 5s (custom)
2019-10-10 18:56:03,278 [pool-217-thread-1] INFO  server.RaftServerConfigKeys (ConfUtils.java:logGet(43)) - raft.server.rpc.timeout.max = 5200ms (custom)
2019-10-10 18:56:03,278 [pool-217-thread-1] INFO  server.RaftServerConfigKeys (ConfUtils.java:logGet(43)) - raft.server.rpcslowness.timeout = 120s (custom)
2019-10-10 18:56:03,278 [pool-217-thread-1] INFO  server.RaftServerConfigKeys (ConfUtils.java:logGet(43)) - raft.server.sleep.deviation.threshold = 300 (default)
2019-10-10 18:56:03,278 [pool-237-thread-1] INFO  impl.RaftServerImpl (RaftServerImpl.java:<init>(95)) - 12a9a7aa-6562-40ed-85de-9a2aa2bb6d39: new RaftServerImpl for group-B0BE3D968BF3:[75b5220e-e7c8-4312-8c4b-73d9cd51c490:192.168.5.175:40451, 12a9a7aa-6562-40ed-85de-9a2aa2bb6d39:192.168.5.175:41015, eeda6462-8660-4cf3-b39a-3e2831ed42ce:192.168.5.175:40980] with ContainerStateMachine:uninitialized
2019-10-10 18:56:03,278 [pool-217-thread-1] INFO  server.RaftServerConfigKeys (ConfUtils.java:logGet(43)) - raft.server.log.appender.install.snapshot.enabled = false (custom)
2019-10-10 18:56:03,278 [pool-237-thread-1] INFO  server.RaftServerConfigKeys (ConfUtils.java:logGet(43)) - raft.server.rpc.timeout.min = 5s (custom)
2019-10-10 18:56:03,278 [pool-217-thread-1] INFO  impl.RaftServerImpl (ServerState.java:<init>(103)) - eeda6462-8660-4cf3-b39a-3e2831ed42ce@group-B0BE3D968BF3: ConfigurationManager, init=-1: [75b5220e-e7c8-4312-8c4b-73d9cd51c490:192.168.5.175:40451, 12a9a7aa-6562-40ed-85de-9a2aa2bb6d39:192.168.5.175:41015, eeda6462-8660-4cf3-b39a-3e2831ed42ce:192.168.5.175:40980], old=null, confs=<EMPTY_MAP>
2019-10-10 18:56:03,278 [pool-237-thread-1] INFO  server.RaftServerConfigKeys (ConfUtils.java:logGet(43)) - raft.server.rpc.timeout.max = 5200ms (custom)
2019-10-10 18:56:03,279 [pool-217-thread-1] INFO  server.RaftServerConfigKeys (ConfUtils.java:logGet(43)) - raft.server.storage.dir = [/workdir/hadoop-ozone/integration-test/target/test-dir/MiniOzoneClusterImpl-3e93a460-8f12-4994-956c-622a6d5fe63d/datanode-1/data/ratis] (custom)
2019-10-10 18:56:03,279 [pool-237-thread-1] INFO  server.RaftServerConfigKeys (ConfUtils.java:logGet(43)) - raft.server.rpcslowness.timeout = 120s (custom)
2019-10-10 18:56:03,279 [pool-237-thread-1] INFO  server.RaftServerConfigKeys (ConfUtils.java:logGet(43)) - raft.server.sleep.deviation.threshold = 300 (default)
2019-10-10 18:56:03,279 [pool-217-thread-1] INFO  server.RaftServerConfigKeys (ConfUtils.java:logGet(43)) - raft.server.log.corruption.policy = EXCEPTION (default)
2019-10-10 18:56:03,279 [pool-237-thread-1] INFO  server.RaftServerConfigKeys (ConfUtils.java:logGet(43)) - raft.server.log.appender.install.snapshot.enabled = false (custom)
2019-10-10 18:56:03,279 [pool-217-thread-1] INFO  storage.RaftStorageDirectory (RaftStorageDirectory.java:analyzeStorage(246)) - The storage directory /workdir/hadoop-ozone/integration-test/target/test-dir/MiniOzoneClusterImpl-3e93a460-8f12-4994-956c-622a6d5fe63d/datanode-1/data/ratis/8b0aef95-5b9c-492e-98c4-b0be3d968bf3 does not exist. Creating ...
2019-10-10 18:56:03,279 [pool-207-thread-1] INFO  impl.RaftServerImpl (RaftServerImpl.java:<init>(95)) - 75b5220e-e7c8-4312-8c4b-73d9cd51c490: new RaftServerImpl for group-B0BE3D968BF3:[75b5220e-e7c8-4312-8c4b-73d9cd51c490:192.168.5.175:40451, 12a9a7aa-6562-40ed-85de-9a2aa2bb6d39:192.168.5.175:41015, eeda6462-8660-4cf3-b39a-3e2831ed42ce:192.168.5.175:40980] with ContainerStateMachine:uninitialized
2019-10-10 18:56:03,279 [pool-237-thread-1] INFO  impl.RaftServerImpl (ServerState.java:<init>(103)) - 12a9a7aa-6562-40ed-85de-9a2aa2bb6d39@group-B0BE3D968BF3: ConfigurationManager, init=-1: [75b5220e-e7c8-4312-8c4b-73d9cd51c490:192.168.5.175:40451, 12a9a7aa-6562-40ed-85de-9a2aa2bb6d39:192.168.5.175:41015, eeda6462-8660-4cf3-b39a-3e2831ed42ce:192.168.5.175:40980], old=null, confs=<EMPTY_MAP>
2019-10-10 18:56:03,280 [pool-207-thread-1] INFO  server.RaftServerConfigKeys (ConfUtils.java:logGet(43)) - raft.server.rpc.timeout.min = 5s (custom)
2019-10-10 18:56:03,280 [pool-237-thread-1] INFO  server.RaftServerConfigKeys (ConfUtils.java:logGet(43)) - raft.server.storage.dir = [/workdir/hadoop-ozone/integration-test/target/test-dir/MiniOzoneClusterImpl-3e93a460-8f12-4994-956c-622a6d5fe63d/datanode-3/data/ratis] (custom)
2019-10-10 18:56:03,280 [pool-207-thread-1] INFO  server.RaftServerConfigKeys (ConfUtils.java:logGet(43)) - raft.server.rpc.timeout.max = 5200ms (custom)
2019-10-10 18:56:03,280 [pool-237-thread-1] INFO  server.RaftServerConfigKeys (ConfUtils.java:logGet(43)) - raft.server.log.corruption.policy = EXCEPTION (default)
2019-10-10 18:56:03,280 [pool-207-thread-1] INFO  server.RaftServerConfigKeys (ConfUtils.java:logGet(43)) - raft.server.rpcslowness.timeout = 120s (custom)
2019-10-10 18:56:03,280 [pool-237-thread-1] INFO  storage.RaftStorageDirectory (RaftStorageDirectory.java:analyzeStorage(246)) - The storage directory /workdir/hadoop-ozone/integration-test/target/test-dir/MiniOzoneClusterImpl-3e93a460-8f12-4994-956c-622a6d5fe63d/datanode-3/data/ratis/8b0aef95-5b9c-492e-98c4-b0be3d968bf3 does not exist. Creating ...
2019-10-10 18:56:03,281 [pool-207-thread-1] INFO  server.RaftServerConfigKeys (ConfUtils.java:logGet(43)) - raft.server.sleep.deviation.threshold = 300 (default)
2019-10-10 18:56:03,281 [pool-207-thread-1] INFO  server.RaftServerConfigKeys (ConfUtils.java:logGet(43)) - raft.server.log.appender.install.snapshot.enabled = false (custom)
2019-10-10 18:56:03,281 [pool-207-thread-1] INFO  impl.RaftServerImpl (ServerState.java:<init>(103)) - 75b5220e-e7c8-4312-8c4b-73d9cd51c490@group-B0BE3D968BF3: ConfigurationManager, init=-1: [75b5220e-e7c8-4312-8c4b-73d9cd51c490:192.168.5.175:40451, 12a9a7aa-6562-40ed-85de-9a2aa2bb6d39:192.168.5.175:41015, eeda6462-8660-4cf3-b39a-3e2831ed42ce:192.168.5.175:40980], old=null, confs=<EMPTY_MAP>
2019-10-10 18:56:03,281 [pool-207-thread-1] INFO  server.RaftServerConfigKeys (ConfUtils.java:logGet(43)) - raft.server.storage.dir = [/workdir/hadoop-ozone/integration-test/target/test-dir/MiniOzoneClusterImpl-3e93a460-8f12-4994-956c-622a6d5fe63d/datanode-0/data/ratis] (custom)
2019-10-10 18:56:03,282 [pool-207-thread-1] INFO  server.RaftServerConfigKeys (ConfUtils.java:logGet(43)) - raft.server.log.corruption.policy = EXCEPTION (default)
2019-10-10 18:56:03,282 [pool-207-thread-1] INFO  storage.RaftStorageDirectory (RaftStorageDirectory.java:analyzeStorage(246)) - The storage directory /workdir/hadoop-ozone/integration-test/target/test-dir/MiniOzoneClusterImpl-3e93a460-8f12-4994-956c-622a6d5fe63d/datanode-0/data/ratis/8b0aef95-5b9c-492e-98c4-b0be3d968bf3 does not exist. Creating ...
2019-10-10 18:56:03,291 [pool-217-thread-1] INFO  storage.RaftStorageDirectory (RaftStorageDirectory.java:tryLock(328)) - Lock on /workdir/hadoop-ozone/integration-test/target/test-dir/MiniOzoneClusterImpl-3e93a460-8f12-4994-956c-622a6d5fe63d/datanode-1/data/ratis/8b0aef95-5b9c-492e-98c4-b0be3d968bf3/in_use.lock acquired by nodename 23760@pr-hdds-2194-9vxpc-1955504311
2019-10-10 18:56:03,291 [pool-207-thread-1] INFO  storage.RaftStorageDirectory (RaftStorageDirectory.java:tryLock(328)) - Lock on /workdir/hadoop-ozone/integration-test/target/test-dir/MiniOzoneClusterImpl-3e93a460-8f12-4994-956c-622a6d5fe63d/datanode-0/data/ratis/8b0aef95-5b9c-492e-98c4-b0be3d968bf3/in_use.lock acquired by nodename 23760@pr-hdds-2194-9vxpc-1955504311
2019-10-10 18:56:03,291 [pool-237-thread-1] INFO  storage.RaftStorageDirectory (RaftStorageDirectory.java:tryLock(328)) - Lock on /workdir/hadoop-ozone/integration-test/target/test-dir/MiniOzoneClusterImpl-3e93a460-8f12-4994-956c-622a6d5fe63d/datanode-3/data/ratis/8b0aef95-5b9c-492e-98c4-b0be3d968bf3/in_use.lock acquired by nodename 23760@pr-hdds-2194-9vxpc-1955504311
2019-10-10 18:56:03,305 [pool-207-thread-1] INFO  storage.RaftStorage (RaftStorage.java:format(84)) - Storage directory /workdir/hadoop-ozone/integration-test/target/test-dir/MiniOzoneClusterImpl-3e93a460-8f12-4994-956c-622a6d5fe63d/datanode-0/data/ratis/8b0aef95-5b9c-492e-98c4-b0be3d968bf3 has been successfully formatted.
2019-10-10 18:56:03,305 [pool-217-thread-1] INFO  storage.RaftStorage (RaftStorage.java:format(84)) - Storage directory /workdir/hadoop-ozone/integration-test/target/test-dir/MiniOzoneClusterImpl-3e93a460-8f12-4994-956c-622a6d5fe63d/datanode-1/data/ratis/8b0aef95-5b9c-492e-98c4-b0be3d968bf3 has been successfully formatted.
2019-10-10 18:56:03,305 [pool-237-thread-1] INFO  storage.RaftStorage (RaftStorage.java:format(84)) - Storage directory /workdir/hadoop-ozone/integration-test/target/test-dir/MiniOzoneClusterImpl-3e93a460-8f12-4994-956c-622a6d5fe63d/datanode-3/data/ratis/8b0aef95-5b9c-492e-98c4-b0be3d968bf3 has been successfully formatted.
2019-10-10 18:56:03,305 [pool-217-thread-1] INFO  ratis.ContainerStateMachine (ContainerStateMachine.java:loadSnapshot(231)) - group-B0BE3D968BF3: The snapshot info is null. Setting the last applied indexto:(t:0, i:~)
2019-10-10 18:56:03,305 [pool-207-thread-1] INFO  ratis.ContainerStateMachine (ContainerStateMachine.java:loadSnapshot(231)) - group-B0BE3D968BF3: The snapshot info is null. Setting the last applied indexto:(t:0, i:~)
2019-10-10 18:56:03,305 [pool-237-thread-1] INFO  ratis.ContainerStateMachine (ContainerStateMachine.java:loadSnapshot(231)) - group-B0BE3D968BF3: The snapshot info is null. Setting the last applied indexto:(t:0, i:~)
2019-10-10 18:56:03,305 [pool-217-thread-1] INFO  server.RaftServerConfigKeys (ConfUtils.java:logGet(43)) - raft.server.notification.no-leader.timeout = 120s (custom)
2019-10-10 18:56:03,306 [pool-237-thread-1] INFO  server.RaftServerConfigKeys (ConfUtils.java:logGet(43)) - raft.server.notification.no-leader.timeout = 120s (custom)
2019-10-10 18:56:03,305 [pool-207-thread-1] INFO  server.RaftServerConfigKeys (ConfUtils.java:logGet(43)) - raft.server.notification.no-leader.timeout = 120s (custom)
2019-10-10 18:56:03,306 [pool-237-thread-1] INFO  server.RaftServerConfigKeys (ConfUtils.java:logGet(43)) - raft.server.log.use.memory = false (default)
2019-10-10 18:56:03,306 [pool-217-thread-1] INFO  server.RaftServerConfigKeys (ConfUtils.java:logGet(43)) - raft.server.log.use.memory = false (default)
2019-10-10 18:56:03,306 [pool-237-thread-1] INFO  server.RaftServerConfigKeys (ConfUtils.java:logGet(43)) - raft.server.log.purge.gap = 1000000 (custom)
2019-10-10 18:56:03,306 [pool-207-thread-1] INFO  server.RaftServerConfigKeys (ConfUtils.java:logGet(43)) - raft.server.log.use.memory = false (default)
2019-10-10 18:56:03,306 [pool-237-thread-1] INFO  server.RaftServerConfigKeys (ConfUtils.java:logGet(43)) - raft.server.log.appender.buffer.byte-limit = 33554432 (custom)
2019-10-10 18:56:03,306 [pool-217-thread-1] INFO  server.RaftServerConfigKeys (ConfUtils.java:logGet(43)) - raft.server.log.purge.gap = 1000000 (custom)
2019-10-10 18:56:03,307 [pool-237-thread-1] INFO  server.RaftServerConfigKeys (ConfUtils.java:logGet(43)) - raft.server.log.segment.size.max = 1048576 (custom)
2019-10-10 18:56:03,307 [pool-207-thread-1] INFO  server.RaftServerConfigKeys (ConfUtils.java:logGet(43)) - raft.server.log.purge.gap = 1000000 (custom)
2019-10-10 18:56:03,307 [pool-237-thread-1] INFO  server.RaftServerConfigKeys (ConfUtils.java:logGet(43)) - raft.server.log.segment.cache.num.max = 2 (custom)
2019-10-10 18:56:03,307 [pool-217-thread-1] INFO  server.RaftServerConfigKeys (ConfUtils.java:logGet(43)) - raft.server.log.appender.buffer.byte-limit = 33554432 (custom)
2019-10-10 18:56:03,307 [pool-237-thread-1] INFO  segmented.SegmentedRaftLogWorker (SegmentedRaftLogWorker.java:<init>(173)) - new 12a9a7aa-6562-40ed-85de-9a2aa2bb6d39@group-B0BE3D968BF3-SegmentedRaftLogWorker for RaftStorage:Storage Directory /workdir/hadoop-ozone/integration-test/target/test-dir/MiniOzoneClusterImpl-3e93a460-8f12-4994-956c-622a6d5fe63d/datanode-3/data/ratis/8b0aef95-5b9c-492e-98c4-b0be3d968bf3
2019-10-10 18:56:03,307 [pool-207-thread-1] INFO  server.RaftServerConfigKeys (ConfUtils.java:logGet(43)) - raft.server.log.appender.buffer.byte-limit = 33554432 (custom)
2019-10-10 18:56:03,308 [pool-237-thread-1] INFO  server.RaftServerConfigKeys (ConfUtils.java:logGet(43)) - raft.server.log.queue.byte-limit = 2147483647 (custom)
2019-10-10 18:56:03,308 [pool-217-thread-1] INFO  server.RaftServerConfigKeys (ConfUtils.java:logGet(43)) - raft.server.log.segment.size.max = 1048576 (custom)
2019-10-10 18:56:03,308 [pool-237-thread-1] INFO  server.RaftServerConfigKeys (ConfUtils.java:logGet(43)) - raft.server.log.queue.element-limit = 1024 (custom)
2019-10-10 18:56:03,308 [pool-207-thread-1] INFO  server.RaftServerConfigKeys (ConfUtils.java:logGet(43)) - raft.server.log.segment.size.max = 1048576 (custom)
2019-10-10 18:56:03,308 [pool-237-thread-1] INFO  server.RaftServerConfigKeys (ConfUtils.java:logGet(43)) - raft.server.log.segment.size.max = 1048576 (custom)
2019-10-10 18:56:03,308 [pool-217-thread-1] INFO  server.RaftServerConfigKeys (ConfUtils.java:logGet(43)) - raft.server.log.segment.cache.num.max = 2 (custom)
2019-10-10 18:56:03,309 [pool-237-thread-1] INFO  server.RaftServerConfigKeys (ConfUtils.java:logGet(43)) - raft.server.log.preallocated.size = 16384 (custom)
2019-10-10 18:56:03,308 [pool-207-thread-1] INFO  server.RaftServerConfigKeys (ConfUtils.java:logGet(43)) - raft.server.log.segment.cache.num.max = 2 (custom)
2019-10-10 18:56:03,309 [pool-237-thread-1] INFO  server.RaftServerConfigKeys (ConfUtils.java:logGet(43)) - raft.server.log.write.buffer.size = 33554432 (custom)
2019-10-10 18:56:03,309 [pool-217-thread-1] INFO  segmented.SegmentedRaftLogWorker (SegmentedRaftLogWorker.java:<init>(173)) - new eeda6462-8660-4cf3-b39a-3e2831ed42ce@group-B0BE3D968BF3-SegmentedRaftLogWorker for RaftStorage:Storage Directory /workdir/hadoop-ozone/integration-test/target/test-dir/MiniOzoneClusterImpl-3e93a460-8f12-4994-956c-622a6d5fe63d/datanode-1/data/ratis/8b0aef95-5b9c-492e-98c4-b0be3d968bf3
2019-10-10 18:56:03,309 [pool-237-thread-1] INFO  server.RaftServerConfigKeys (ConfUtils.java:logGet(43)) - raft.server.log.force.sync.num = 128 (default)
2019-10-10 18:56:03,309 [pool-237-thread-1] INFO  server.RaftServerConfigKeys (ConfUtils.java:logGet(43)) - raft.server.log.statemachine.data.sync = true (default)
2019-10-10 18:56:03,309 [pool-207-thread-1] INFO  segmented.SegmentedRaftLogWorker (SegmentedRaftLogWorker.java:<init>(173)) - new 75b5220e-e7c8-4312-8c4b-73d9cd51c490@group-B0BE3D968BF3-SegmentedRaftLogWorker for RaftStorage:Storage Directory /workdir/hadoop-ozone/integration-test/target/test-dir/MiniOzoneClusterImpl-3e93a460-8f12-4994-956c-622a6d5fe63d/datanode-0/data/ratis/8b0aef95-5b9c-492e-98c4-b0be3d968bf3
2019-10-10 18:56:03,310 [pool-237-thread-1] INFO  server.RaftServerConfigKeys (ConfUtils.java:logGet(43)) - raft.server.log.statemachine.data.sync.timeout = 10s (default)
2019-10-10 18:56:03,309 [pool-217-thread-1] INFO  server.RaftServerConfigKeys (ConfUtils.java:logGet(43)) - raft.server.log.queue.byte-limit = 2147483647 (custom)
2019-10-10 18:56:03,310 [pool-237-thread-1] INFO  server.RaftServerConfigKeys (ConfUtils.java:logGet(43)) - raft.server.log.statemachine.data.sync.timeout.retry = -1 (default)
2019-10-10 18:56:03,310 [pool-207-thread-1] INFO  server.RaftServerConfigKeys (ConfUtils.java:logGet(43)) - raft.server.log.queue.byte-limit = 2147483647 (custom)
2019-10-10 18:56:03,310 [pool-237-thread-1] INFO  server.RaftServerConfigKeys (ConfUtils.java:logGet(43)) - raft.server.log.statemachine.data.caching.enabled = true (custom)
2019-10-10 18:56:03,310 [pool-217-thread-1] INFO  server.RaftServerConfigKeys (ConfUtils.java:logGet(43)) - raft.server.log.queue.element-limit = 1024 (custom)
2019-10-10 18:56:03,310 [pool-207-thread-1] INFO  server.RaftServerConfigKeys (ConfUtils.java:logGet(43)) - raft.server.log.queue.element-limit = 1024 (custom)
2019-10-10 18:56:03,311 [pool-237-thread-1] INFO  segmented.SegmentedRaftLogWorker (SegmentedRaftLogWorker.java:lambda$new$0(128)) - 12a9a7aa-6562-40ed-85de-9a2aa2bb6d39@group-B0BE3D968BF3-SegmentedRaftLogWorker: flushIndex: setUnconditionally 0 -> -1
2019-10-10 18:56:03,311 [pool-217-thread-1] INFO  server.RaftServerConfigKeys (ConfUtils.java:logGet(43)) - raft.server.log.segment.size.max = 1048576 (custom)
2019-10-10 18:56:03,311 [pool-207-thread-1] INFO  server.RaftServerConfigKeys (ConfUtils.java:logGet(43)) - raft.server.log.segment.size.max = 1048576 (custom)
2019-10-10 18:56:03,311 [pool-237-thread-1] INFO  server.RaftServerConfigKeys (ConfUtils.java:logGet(43)) - raft.server.snapshot.auto.trigger.enabled = true (custom)
2019-10-10 18:56:03,311 [pool-217-thread-1] INFO  server.RaftServerConfigKeys (ConfUtils.java:logGet(43)) - raft.server.log.preallocated.size = 16384 (custom)
2019-10-10 18:56:03,311 [pool-237-thread-1] INFO  server.RaftServerConfigKeys (ConfUtils.java:logGet(43)) - raft.server.snapshot.auto.trigger.threshold = 10000 (custom)
2019-10-10 18:56:03,311 [pool-207-thread-1] INFO  server.RaftServerConfigKeys (ConfUtils.java:logGet(43)) - raft.server.log.preallocated.size = 16384 (custom)
2019-10-10 18:56:03,311 [pool-237-thread-1] INFO  server.RaftServerConfigKeys (ConfUtils.java:logGet(43)) - raft.server.snapshot.retention.file.num = 5 (custom)
2019-10-10 18:56:03,311 [pool-217-thread-1] INFO  server.RaftServerConfigKeys (ConfUtils.java:logGet(43)) - raft.server.log.write.buffer.size = 33554432 (custom)
2019-10-10 18:56:03,312 [pool-237-thread-1] INFO  server.RaftServerConfigKeys (ConfUtils.java:logGet(43)) - raft.server.retrycache.expirytime = 600000ms (custom)
2019-10-10 18:56:03,312 [pool-207-thread-1] INFO  server.RaftServerConfigKeys (ConfUtils.java:logGet(43)) - raft.server.log.write.buffer.size = 33554432 (custom)
2019-10-10 18:56:03,312 [pool-217-thread-1] INFO  server.RaftServerConfigKeys (ConfUtils.java:logGet(43)) - raft.server.log.force.sync.num = 128 (default)
2019-10-10 18:56:03,312 [pool-207-thread-1] INFO  server.RaftServerConfigKeys (ConfUtils.java:logGet(43)) - raft.server.log.force.sync.num = 128 (default)
2019-10-10 18:56:03,312 [pool-217-thread-1] INFO  server.RaftServerConfigKeys (ConfUtils.java:logGet(43)) - raft.server.log.statemachine.data.sync = true (default)
2019-10-10 18:56:03,312 [pool-207-thread-1] INFO  server.RaftServerConfigKeys (ConfUtils.java:logGet(43)) - raft.server.log.statemachine.data.sync = true (default)
2019-10-10 18:56:03,313 [pool-217-thread-1] INFO  server.RaftServerConfigKeys (ConfUtils.java:logGet(43)) - raft.server.log.statemachine.data.sync.timeout = 10s (default)
2019-10-10 18:56:03,313 [pool-207-thread-1] INFO  server.RaftServerConfigKeys (ConfUtils.java:logGet(43)) - raft.server.log.statemachine.data.sync.timeout = 10s (default)
2019-10-10 18:56:03,313 [pool-217-thread-1] INFO  server.RaftServerConfigKeys (ConfUtils.java:logGet(43)) - raft.server.log.statemachine.data.sync.timeout.retry = -1 (default)
2019-10-10 18:56:03,313 [pool-207-thread-1] INFO  server.RaftServerConfigKeys (ConfUtils.java:logGet(43)) - raft.server.log.statemachine.data.sync.timeout.retry = -1 (default)
2019-10-10 18:56:03,313 [pool-217-thread-1] INFO  server.RaftServerConfigKeys (ConfUtils.java:logGet(43)) - raft.server.log.statemachine.data.caching.enabled = true (custom)
2019-10-10 18:56:03,313 [pool-207-thread-1] INFO  server.RaftServerConfigKeys (ConfUtils.java:logGet(43)) - raft.server.log.statemachine.data.caching.enabled = true (custom)
2019-10-10 18:56:03,313 [pool-217-thread-1] INFO  segmented.SegmentedRaftLogWorker (SegmentedRaftLogWorker.java:lambda$new$0(128)) - eeda6462-8660-4cf3-b39a-3e2831ed42ce@group-B0BE3D968BF3-SegmentedRaftLogWorker: flushIndex: setUnconditionally 0 -> -1
2019-10-10 18:56:03,313 [pool-207-thread-1] INFO  segmented.SegmentedRaftLogWorker (SegmentedRaftLogWorker.java:lambda$new$0(128)) - 75b5220e-e7c8-4312-8c4b-73d9cd51c490@group-B0BE3D968BF3-SegmentedRaftLogWorker: flushIndex: setUnconditionally 0 -> -1
2019-10-10 18:56:03,314 [pool-217-thread-1] INFO  server.RaftServerConfigKeys (ConfUtils.java:logGet(43)) - raft.server.snapshot.auto.trigger.enabled = true (custom)
2019-10-10 18:56:03,314 [pool-217-thread-1] INFO  server.RaftServerConfigKeys (ConfUtils.java:logGet(43)) - raft.server.snapshot.auto.trigger.threshold = 10000 (custom)
2019-10-10 18:56:03,314 [pool-207-thread-1] INFO  server.RaftServerConfigKeys (ConfUtils.java:logGet(43)) - raft.server.snapshot.auto.trigger.enabled = true (custom)
2019-10-10 18:56:03,314 [pool-217-thread-1] INFO  server.RaftServerConfigKeys (ConfUtils.java:logGet(43)) - raft.server.snapshot.retention.file.num = 5 (custom)
2019-10-10 18:56:03,314 [pool-207-thread-1] INFO  server.RaftServerConfigKeys (ConfUtils.java:logGet(43)) - raft.server.snapshot.auto.trigger.threshold = 10000 (custom)
2019-10-10 18:56:03,314 [pool-217-thread-1] INFO  server.RaftServerConfigKeys (ConfUtils.java:logGet(43)) - raft.server.retrycache.expirytime = 600000ms (custom)
2019-10-10 18:56:03,314 [pool-207-thread-1] INFO  server.RaftServerConfigKeys (ConfUtils.java:logGet(43)) - raft.server.snapshot.retention.file.num = 5 (custom)
2019-10-10 18:56:03,315 [pool-207-thread-1] INFO  server.RaftServerConfigKeys (ConfUtils.java:logGet(43)) - raft.server.retrycache.expirytime = 600000ms (custom)
2019-10-10 18:56:03,315 [pool-237-thread-1] INFO  impl.RaftServerImpl (RaftServerImpl.java:start(181)) - 12a9a7aa-6562-40ed-85de-9a2aa2bb6d39@group-B0BE3D968BF3: start as a follower, conf=-1: [75b5220e-e7c8-4312-8c4b-73d9cd51c490:192.168.5.175:40451, 12a9a7aa-6562-40ed-85de-9a2aa2bb6d39:192.168.5.175:41015, eeda6462-8660-4cf3-b39a-3e2831ed42ce:192.168.5.175:40980], old=null
2019-10-10 18:56:03,315 [pool-237-thread-1] INFO  impl.RaftServerImpl (RaftServerImpl.java:setRole(170)) - 12a9a7aa-6562-40ed-85de-9a2aa2bb6d39@group-B0BE3D968BF3: changes role from      null to FOLLOWER at term 0 for startAsFollower
2019-10-10 18:56:03,315 [pool-237-thread-1] INFO  impl.RoleInfo (RoleInfo.java:updateAndGet(143)) - 12a9a7aa-6562-40ed-85de-9a2aa2bb6d39: start FollowerState
2019-10-10 18:56:03,316 [pool-237-thread-1] INFO  util.JmxRegister (JmxRegister.java:tryRegister(44)) - Successfully registered JMX Bean with object name Ratis:service=RaftServer,group=group-B0BE3D968BF3,id=12a9a7aa-6562-40ed-85de-9a2aa2bb6d39
2019-10-10 18:56:03,317 [pool-217-thread-1] INFO  impl.RaftServerImpl (RaftServerImpl.java:start(181)) - eeda6462-8660-4cf3-b39a-3e2831ed42ce@group-B0BE3D968BF3: start as a follower, conf=-1: [75b5220e-e7c8-4312-8c4b-73d9cd51c490:192.168.5.175:40451, 12a9a7aa-6562-40ed-85de-9a2aa2bb6d39:192.168.5.175:41015, eeda6462-8660-4cf3-b39a-3e2831ed42ce:192.168.5.175:40980], old=null
2019-10-10 18:56:03,318 [pool-217-thread-1] INFO  impl.RaftServerImpl (RaftServerImpl.java:setRole(170)) - eeda6462-8660-4cf3-b39a-3e2831ed42ce@group-B0BE3D968BF3: changes role from      null to FOLLOWER at term 0 for startAsFollower
2019-10-10 18:56:03,318 [pool-207-thread-1] INFO  impl.RaftServerImpl (RaftServerImpl.java:start(181)) - 75b5220e-e7c8-4312-8c4b-73d9cd51c490@group-B0BE3D968BF3: start as a follower, conf=-1: [75b5220e-e7c8-4312-8c4b-73d9cd51c490:192.168.5.175:40451, 12a9a7aa-6562-40ed-85de-9a2aa2bb6d39:192.168.5.175:41015, eeda6462-8660-4cf3-b39a-3e2831ed42ce:192.168.5.175:40980], old=null
2019-10-10 18:56:03,318 [pool-217-thread-1] INFO  impl.RoleInfo (RoleInfo.java:updateAndGet(143)) - eeda6462-8660-4cf3-b39a-3e2831ed42ce: start FollowerState
2019-10-10 18:56:03,318 [pool-207-thread-1] INFO  impl.RaftServerImpl (RaftServerImpl.java:setRole(170)) - 75b5220e-e7c8-4312-8c4b-73d9cd51c490@group-B0BE3D968BF3: changes role from      null to FOLLOWER at term 0 for startAsFollower
2019-10-10 18:56:03,318 [pool-207-thread-1] INFO  impl.RoleInfo (RoleInfo.java:updateAndGet(143)) - 75b5220e-e7c8-4312-8c4b-73d9cd51c490: start FollowerState
2019-10-10 18:56:03,318 [pool-217-thread-1] INFO  util.JmxRegister (JmxRegister.java:tryRegister(44)) - Successfully registered JMX Bean with object name Ratis:service=RaftServer,group=group-B0BE3D968BF3,id=eeda6462-8660-4cf3-b39a-3e2831ed42ce
2019-10-10 18:56:03,318 [pool-207-thread-1] INFO  util.JmxRegister (JmxRegister.java:tryRegister(44)) - Successfully registered JMX Bean with object name Ratis:service=RaftServer,group=group-B0BE3D968BF3,id=75b5220e-e7c8-4312-8c4b-73d9cd51c490
2019-10-10 18:56:03,325 [IPC Server handler 13 on 41478] INFO  net.NetworkTopology (NetworkTopologyImpl.java:add(111)) - Added a new node: /default-rack/30601949-714b-403e-8c0a-795b84baf849
2019-10-10 18:56:03,326 [IPC Server handler 13 on 41478] INFO  node.SCMNodeManager (SCMNodeManager.java:register(268)) - Registered Data node : 30601949-714b-403e-8c0a-795b84baf849{ip: 192.168.5.175, host: pr-hdds-2194-9vxpc-1955504311, networkLocation: /default-rack, certSerialId: null}
2019-10-10 18:56:03,332 [RatisPipelineUtilsThread] INFO  pipeline.PipelineStateManager (PipelineStateManager.java:addPipeline(56)) - Created pipeline Pipeline[ Id: 8b0aef95-5b9c-492e-98c4-b0be3d968bf3, Nodes: 75b5220e-e7c8-4312-8c4b-73d9cd51c490{ip: 192.168.5.175, host: pr-hdds-2194-9vxpc-1955504311, networkLocation: /default-rack, certSerialId: null}eeda6462-8660-4cf3-b39a-3e2831ed42ce{ip: 192.168.5.175, host: pr-hdds-2194-9vxpc-1955504311, networkLocation: /default-rack, certSerialId: null}12a9a7aa-6562-40ed-85de-9a2aa2bb6d39{ip: 192.168.5.175, host: pr-hdds-2194-9vxpc-1955504311, networkLocation: /default-rack, certSerialId: null}, Type:RATIS, Factor:THREE, State:OPEN]
2019-10-10 18:56:03,351 [grpc-default-executor-3] INFO  impl.RaftServerProxy (RaftServerProxy.java:addNew(89)) - 30601949-714b-403e-8c0a-795b84baf849: addNew group-6F0D31378E7D:[e1741d25-1160-415c-8281-fbf7b32058a7:192.168.5.175:37750, f92015c6-2a92-4b2a-8d10-eea158f9d1c8:192.168.5.175:34057, 30601949-714b-403e-8c0a-795b84baf849:192.168.5.175:34303] returns group-6F0D31378E7D:java.util.concurrent.CompletableFuture@cee0026[Not completed]
2019-10-10 18:56:03,351 [grpc-default-executor-5] INFO  impl.RaftServerProxy (RaftServerProxy.java:addNew(89)) - f92015c6-2a92-4b2a-8d10-eea158f9d1c8: addNew group-6F0D31378E7D:[e1741d25-1160-415c-8281-fbf7b32058a7:192.168.5.175:37750, f92015c6-2a92-4b2a-8d10-eea158f9d1c8:192.168.5.175:34057, 30601949-714b-403e-8c0a-795b84baf849:192.168.5.175:34303] returns group-6F0D31378E7D:java.util.concurrent.CompletableFuture@77f046b9[Not completed]
2019-10-10 18:56:03,351 [grpc-default-executor-1] INFO  impl.RaftServerProxy (RaftServerProxy.java:addNew(89)) - e1741d25-1160-415c-8281-fbf7b32058a7: addNew group-6F0D31378E7D:[e1741d25-1160-415c-8281-fbf7b32058a7:192.168.5.175:37750, f92015c6-2a92-4b2a-8d10-eea158f9d1c8:192.168.5.175:34057, 30601949-714b-403e-8c0a-795b84baf849:192.168.5.175:34303] returns group-6F0D31378E7D:java.util.concurrent.CompletableFuture@aea27c0[Not completed]
2019-10-10 18:56:03,359 [pool-227-thread-1] INFO  impl.RaftServerImpl (RaftServerImpl.java:<init>(95)) - e1741d25-1160-415c-8281-fbf7b32058a7: new RaftServerImpl for group-6F0D31378E7D:[e1741d25-1160-415c-8281-fbf7b32058a7:192.168.5.175:37750, f92015c6-2a92-4b2a-8d10-eea158f9d1c8:192.168.5.175:34057, 30601949-714b-403e-8c0a-795b84baf849:192.168.5.175:34303] with ContainerStateMachine:uninitialized
2019-10-10 18:56:03,359 [pool-227-thread-1] INFO  server.RaftServerConfigKeys (ConfUtils.java:logGet(43)) - raft.server.rpc.timeout.min = 5s (custom)
2019-10-10 18:56:03,360 [pool-227-thread-1] INFO  server.RaftServerConfigKeys (ConfUtils.java:logGet(43)) - raft.server.rpc.timeout.max = 5200ms (custom)
2019-10-10 18:56:03,360 [pool-227-thread-1] INFO  server.RaftServerConfigKeys (ConfUtils.java:logGet(43)) - raft.server.rpcslowness.timeout = 120s (custom)
2019-10-10 18:56:03,360 [pool-227-thread-1] INFO  server.RaftServerConfigKeys (ConfUtils.java:logGet(43)) - raft.server.sleep.deviation.threshold = 300 (default)
2019-10-10 18:56:03,360 [pool-227-thread-1] INFO  server.RaftServerConfigKeys (ConfUtils.java:logGet(43)) - raft.server.log.appender.install.snapshot.enabled = false (custom)
2019-10-10 18:56:03,360 [pool-227-thread-1] INFO  impl.RaftServerImpl (ServerState.java:<init>(103)) - e1741d25-1160-415c-8281-fbf7b32058a7@group-6F0D31378E7D: ConfigurationManager, init=-1: [e1741d25-1160-415c-8281-fbf7b32058a7:192.168.5.175:37750, f92015c6-2a92-4b2a-8d10-eea158f9d1c8:192.168.5.175:34057, 30601949-714b-403e-8c0a-795b84baf849:192.168.5.175:34303], old=null, confs=<EMPTY_MAP>
2019-10-10 18:56:03,360 [pool-227-thread-1] INFO  server.RaftServerConfigKeys (ConfUtils.java:logGet(43)) - raft.server.storage.dir = [/workdir/hadoop-ozone/integration-test/target/test-dir/MiniOzoneClusterImpl-3e93a460-8f12-4994-956c-622a6d5fe63d/datanode-2/data/ratis] (custom)
2019-10-10 18:56:03,360 [pool-257-thread-1] INFO  impl.RaftServerImpl (RaftServerImpl.java:<init>(95)) - 30601949-714b-403e-8c0a-795b84baf849: new RaftServerImpl for group-6F0D31378E7D:[e1741d25-1160-415c-8281-fbf7b32058a7:192.168.5.175:37750, f92015c6-2a92-4b2a-8d10-eea158f9d1c8:192.168.5.175:34057, 30601949-714b-403e-8c0a-795b84baf849:192.168.5.175:34303] with ContainerStateMachine:uninitialized
2019-10-10 18:56:03,360 [pool-227-thread-1] INFO  server.RaftServerConfigKeys (ConfUtils.java:logGet(43)) - raft.server.log.corruption.policy = EXCEPTION (default)
2019-10-10 18:56:03,361 [pool-257-thread-1] INFO  server.RaftServerConfigKeys (ConfUtils.java:logGet(43)) - raft.server.rpc.timeout.min = 5s (custom)
2019-10-10 18:56:03,361 [pool-247-thread-1] INFO  impl.RaftServerImpl (RaftServerImpl.java:<init>(95)) - f92015c6-2a92-4b2a-8d10-eea158f9d1c8: new RaftServerImpl for group-6F0D31378E7D:[e1741d25-1160-415c-8281-fbf7b32058a7:192.168.5.175:37750, f92015c6-2a92-4b2a-8d10-eea158f9d1c8:192.168.5.175:34057, 30601949-714b-403e-8c0a-795b84baf849:192.168.5.175:34303] with ContainerStateMachine:uninitialized
2019-10-10 18:56:03,361 [pool-227-thread-1] INFO  storage.RaftStorageDirectory (RaftStorageDirectory.java:analyzeStorage(246)) - The storage directory /workdir/hadoop-ozone/integration-test/target/test-dir/MiniOzoneClusterImpl-3e93a460-8f12-4994-956c-622a6d5fe63d/datanode-2/data/ratis/3296a74d-7e12-4233-804b-6f0d31378e7d does not exist. Creating ...
2019-10-10 18:56:03,361 [pool-247-thread-1] INFO  server.RaftServerConfigKeys (ConfUtils.java:logGet(43)) - raft.server.rpc.timeout.min = 5s (custom)
2019-10-10 18:56:03,361 [pool-257-thread-1] INFO  server.RaftServerConfigKeys (ConfUtils.java:logGet(43)) - raft.server.rpc.timeout.max = 5200ms (custom)
2019-10-10 18:56:03,361 [pool-247-thread-1] INFO  server.RaftServerConfigKeys (ConfUtils.java:logGet(43)) - raft.server.rpc.timeout.max = 5200ms (custom)
2019-10-10 18:56:03,361 [pool-257-thread-1] INFO  server.RaftServerConfigKeys (ConfUtils.java:logGet(43)) - raft.server.rpcslowness.timeout = 120s (custom)
2019-10-10 18:56:03,361 [pool-247-thread-1] INFO  server.RaftServerConfigKeys (ConfUtils.java:logGet(43)) - raft.server.rpcslowness.timeout = 120s (custom)
2019-10-10 18:56:03,361 [pool-257-thread-1] INFO  server.RaftServerConfigKeys (ConfUtils.java:logGet(43)) - raft.server.sleep.deviation.threshold = 300 (default)
2019-10-10 18:56:03,361 [pool-247-thread-1] INFO  server.RaftServerConfigKeys (ConfUtils.java:logGet(43)) - raft.server.sleep.deviation.threshold = 300 (default)
2019-10-10 18:56:03,362 [pool-257-thread-1] INFO  server.RaftServerConfigKeys (ConfUtils.java:logGet(43)) - raft.server.log.appender.install.snapshot.enabled = false (custom)
2019-10-10 18:56:03,362 [pool-247-thread-1] INFO  server.RaftServerConfigKeys (ConfUtils.java:logGet(43)) - raft.server.log.appender.install.snapshot.enabled = false (custom)
2019-10-10 18:56:03,362 [pool-257-thread-1] INFO  impl.RaftServerImpl (ServerState.java:<init>(103)) - 30601949-714b-403e-8c0a-795b84baf849@group-6F0D31378E7D: ConfigurationManager, init=-1: [e1741d25-1160-415c-8281-fbf7b32058a7:192.168.5.175:37750, f92015c6-2a92-4b2a-8d10-eea158f9d1c8:192.168.5.175:34057, 30601949-714b-403e-8c0a-795b84baf849:192.168.5.175:34303], old=null, confs=<EMPTY_MAP>
2019-10-10 18:56:03,362 [pool-247-thread-1] INFO  impl.RaftServerImpl (ServerState.java:<init>(103)) - f92015c6-2a92-4b2a-8d10-eea158f9d1c8@group-6F0D31378E7D: ConfigurationManager, init=-1: [e1741d25-1160-415c-8281-fbf7b32058a7:192.168.5.175:37750, f92015c6-2a92-4b2a-8d10-eea158f9d1c8:192.168.5.175:34057, 30601949-714b-403e-8c0a-795b84baf849:192.168.5.175:34303], old=null, confs=<EMPTY_MAP>
2019-10-10 18:56:03,362 [pool-257-thread-1] INFO  server.RaftServerConfigKeys (ConfUtils.java:logGet(43)) - raft.server.storage.dir = [/workdir/hadoop-ozone/integration-test/target/test-dir/MiniOzoneClusterImpl-3e93a460-8f12-4994-956c-622a6d5fe63d/datanode-5/data/ratis] (custom)
2019-10-10 18:56:03,362 [pool-247-thread-1] INFO  server.RaftServerConfigKeys (ConfUtils.java:logGet(43)) - raft.server.storage.dir = [/workdir/hadoop-ozone/integration-test/target/test-dir/MiniOzoneClusterImpl-3e93a460-8f12-4994-956c-622a6d5fe63d/datanode-4/data/ratis] (custom)
2019-10-10 18:56:03,362 [pool-257-thread-1] INFO  server.RaftServerConfigKeys (ConfUtils.java:logGet(43)) - raft.server.log.corruption.policy = EXCEPTION (default)
2019-10-10 18:56:03,362 [pool-247-thread-1] INFO  server.RaftServerConfigKeys (ConfUtils.java:logGet(43)) - raft.server.log.corruption.policy = EXCEPTION (default)
2019-10-10 18:56:03,363 [pool-257-thread-1] INFO  storage.RaftStorageDirectory (RaftStorageDirectory.java:analyzeStorage(246)) - The storage directory /workdir/hadoop-ozone/integration-test/target/test-dir/MiniOzoneClusterImpl-3e93a460-8f12-4994-956c-622a6d5fe63d/datanode-5/data/ratis/3296a74d-7e12-4233-804b-6f0d31378e7d does not exist. Creating ...
2019-10-10 18:56:03,363 [pool-247-thread-1] INFO  storage.RaftStorageDirectory (RaftStorageDirectory.java:analyzeStorage(246)) - The storage directory /workdir/hadoop-ozone/integration-test/target/test-dir/MiniOzoneClusterImpl-3e93a460-8f12-4994-956c-622a6d5fe63d/datanode-4/data/ratis/3296a74d-7e12-4233-804b-6f0d31378e7d does not exist. Creating ...
2019-10-10 18:56:03,375 [pool-247-thread-1] INFO  storage.RaftStorageDirectory (RaftStorageDirectory.java:tryLock(328)) - Lock on /workdir/hadoop-ozone/integration-test/target/test-dir/MiniOzoneClusterImpl-3e93a460-8f12-4994-956c-622a6d5fe63d/datanode-4/data/ratis/3296a74d-7e12-4233-804b-6f0d31378e7d/in_use.lock acquired by nodename 23760@pr-hdds-2194-9vxpc-1955504311
2019-10-10 18:56:03,375 [pool-257-thread-1] INFO  storage.RaftStorageDirectory (RaftStorageDirectory.java:tryLock(328)) - Lock on /workdir/hadoop-ozone/integration-test/target/test-dir/MiniOzoneClusterImpl-3e93a460-8f12-4994-956c-622a6d5fe63d/datanode-5/data/ratis/3296a74d-7e12-4233-804b-6f0d31378e7d/in_use.lock acquired by nodename 23760@pr-hdds-2194-9vxpc-1955504311
2019-10-10 18:56:03,375 [pool-227-thread-1] INFO  storage.RaftStorageDirectory (RaftStorageDirectory.java:tryLock(328)) - Lock on /workdir/hadoop-ozone/integration-test/target/test-dir/MiniOzoneClusterImpl-3e93a460-8f12-4994-956c-622a6d5fe63d/datanode-2/data/ratis/3296a74d-7e12-4233-804b-6f0d31378e7d/in_use.lock acquired by nodename 23760@pr-hdds-2194-9vxpc-1955504311
2019-10-10 18:56:03,388 [pool-227-thread-1] INFO  storage.RaftStorage (RaftStorage.java:format(84)) - Storage directory /workdir/hadoop-ozone/integration-test/target/test-dir/MiniOzoneClusterImpl-3e93a460-8f12-4994-956c-622a6d5fe63d/datanode-2/data/ratis/3296a74d-7e12-4233-804b-6f0d31378e7d has been successfully formatted.
2019-10-10 18:56:03,388 [pool-257-thread-1] INFO  storage.RaftStorage (RaftStorage.java:format(84)) - Storage directory /workdir/hadoop-ozone/integration-test/target/test-dir/MiniOzoneClusterImpl-3e93a460-8f12-4994-956c-622a6d5fe63d/datanode-5/data/ratis/3296a74d-7e12-4233-804b-6f0d31378e7d has been successfully formatted.
2019-10-10 18:56:03,388 [pool-247-thread-1] INFO  storage.RaftStorage (RaftStorage.java:format(84)) - Storage directory /workdir/hadoop-ozone/integration-test/target/test-dir/MiniOzoneClusterImpl-3e93a460-8f12-4994-956c-622a6d5fe63d/datanode-4/data/ratis/3296a74d-7e12-4233-804b-6f0d31378e7d has been successfully formatted.
2019-10-10 18:56:03,389 [pool-257-thread-1] INFO  ratis.ContainerStateMachine (ContainerStateMachine.java:loadSnapshot(231)) - group-6F0D31378E7D: The snapshot info is null. Setting the last applied indexto:(t:0, i:~)
2019-10-10 18:56:03,389 [pool-227-thread-1] INFO  ratis.ContainerStateMachine (ContainerStateMachine.java:loadSnapshot(231)) - group-6F0D31378E7D: The snapshot info is null. Setting the last applied indexto:(t:0, i:~)
2019-10-10 18:56:03,389 [pool-247-thread-1] INFO  ratis.ContainerStateMachine (ContainerStateMachine.java:loadSnapshot(231)) - group-6F0D31378E7D: The snapshot info is null. Setting the last applied indexto:(t:0, i:~)
2019-10-10 18:56:03,389 [pool-257-thread-1] INFO  server.RaftServerConfigKeys (ConfUtils.java:logGet(43)) - raft.server.notification.no-leader.timeout = 120s (custom)
2019-10-10 18:56:03,389 [pool-247-thread-1] INFO  server.RaftServerConfigKeys (ConfUtils.java:logGet(43)) - raft.server.notification.no-leader.timeout = 120s (custom)
2019-10-10 18:56:03,389 [pool-227-thread-1] INFO  server.RaftServerConfigKeys (ConfUtils.java:logGet(43)) - raft.server.notification.no-leader.timeout = 120s (custom)
2019-10-10 18:56:03,389 [pool-247-thread-1] INFO  server.RaftServerConfigKeys (ConfUtils.java:logGet(43)) - raft.server.log.use.memory = false (default)
2019-10-10 18:56:03,389 [pool-257-thread-1] INFO  server.RaftServerConfigKeys (ConfUtils.java:logGet(43)) - raft.server.log.use.memory = false (default)
2019-10-10 18:56:03,390 [pool-247-thread-1] INFO  server.RaftServerConfigKeys (ConfUtils.java:logGet(43)) - raft.server.log.purge.gap = 1000000 (custom)
2019-10-10 18:56:03,390 [pool-227-thread-1] INFO  server.RaftServerConfigKeys (ConfUtils.java:logGet(43)) - raft.server.log.use.memory = false (default)
2019-10-10 18:56:03,390 [pool-247-thread-1] INFO  server.RaftServerConfigKeys (ConfUtils.java:logGet(43)) - raft.server.log.appender.buffer.byte-limit = 33554432 (custom)
2019-10-10 18:56:03,390 [pool-257-thread-1] INFO  server.RaftServerConfigKeys (ConfUtils.java:logGet(43)) - raft.server.log.purge.gap = 1000000 (custom)
2019-10-10 18:56:03,390 [pool-247-thread-1] INFO  server.RaftServerConfigKeys (ConfUtils.java:logGet(43)) - raft.server.log.segment.size.max = 1048576 (custom)
2019-10-10 18:56:03,390 [pool-227-thread-1] INFO  server.RaftServerConfigKeys (ConfUtils.java:logGet(43)) - raft.server.log.purge.gap = 1000000 (custom)
2019-10-10 18:56:03,390 [pool-257-thread-1] INFO  server.RaftServerConfigKeys (ConfUtils.java:logGet(43)) - raft.server.log.appender.buffer.byte-limit = 33554432 (custom)
2019-10-10 18:56:03,391 [pool-227-thread-1] INFO  server.RaftServerConfigKeys (ConfUtils.java:logGet(43)) - raft.server.log.appender.buffer.byte-limit = 33554432 (custom)
2019-10-10 18:56:03,391 [pool-257-thread-1] INFO  server.RaftServerConfigKeys (ConfUtils.java:logGet(43)) - raft.server.log.segment.size.max = 1048576 (custom)
2019-10-10 18:56:03,391 [pool-227-thread-1] INFO  server.RaftServerConfigKeys (ConfUtils.java:logGet(43)) - raft.server.log.segment.size.max = 1048576 (custom)
2019-10-10 18:56:03,391 [pool-227-thread-1] INFO  server.RaftServerConfigKeys (ConfUtils.java:logGet(43)) - raft.server.log.segment.cache.num.max = 2 (custom)
2019-10-10 18:56:03,391 [pool-227-thread-1] INFO  segmented.SegmentedRaftLogWorker (SegmentedRaftLogWorker.java:<init>(173)) - new e1741d25-1160-415c-8281-fbf7b32058a7@group-6F0D31378E7D-SegmentedRaftLogWorker for RaftStorage:Storage Directory /workdir/hadoop-ozone/integration-test/target/test-dir/MiniOzoneClusterImpl-3e93a460-8f12-4994-956c-622a6d5fe63d/datanode-2/data/ratis/3296a74d-7e12-4233-804b-6f0d31378e7d
2019-10-10 18:56:03,391 [pool-227-thread-1] INFO  server.RaftServerConfigKeys (ConfUtils.java:logGet(43)) - raft.server.log.queue.byte-limit = 2147483647 (custom)
2019-10-10 18:56:03,392 [pool-227-thread-1] INFO  server.RaftServerConfigKeys (ConfUtils.java:logGet(43)) - raft.server.log.queue.element-limit = 1024 (custom)
2019-10-10 18:56:03,392 [pool-227-thread-1] INFO  server.RaftServerConfigKeys (ConfUtils.java:logGet(43)) - raft.server.log.segment.size.max = 1048576 (custom)
2019-10-10 18:56:03,392 [pool-227-thread-1] INFO  server.RaftServerConfigKeys (ConfUtils.java:logGet(43)) - raft.server.log.preallocated.size = 16384 (custom)
2019-10-10 18:56:03,392 [pool-227-thread-1] INFO  server.RaftServerConfigKeys (ConfUtils.java:logGet(43)) - raft.server.log.write.buffer.size = 33554432 (custom)
2019-10-10 18:56:03,392 [pool-227-thread-1] INFO  server.RaftServerConfigKeys (ConfUtils.java:logGet(43)) - raft.server.log.force.sync.num = 128 (default)
2019-10-10 18:56:03,392 [pool-227-thread-1] INFO  server.RaftServerConfigKeys (ConfUtils.java:logGet(43)) - raft.server.log.statemachine.data.sync = true (default)
2019-10-10 18:56:03,393 [pool-227-thread-1] INFO  server.RaftServerConfigKeys (ConfUtils.java:logGet(43)) - raft.server.log.statemachine.data.sync.timeout = 10s (default)
2019-10-10 18:56:03,393 [pool-227-thread-1] INFO  server.RaftServerConfigKeys (ConfUtils.java:logGet(43)) - raft.server.log.statemachine.data.sync.timeout.retry = -1 (default)
2019-10-10 18:56:03,393 [pool-227-thread-1] INFO  server.RaftServerConfigKeys (ConfUtils.java:logGet(43)) - raft.server.log.statemachine.data.caching.enabled = true (custom)
2019-10-10 18:56:03,393 [pool-227-thread-1] INFO  segmented.SegmentedRaftLogWorker (SegmentedRaftLogWorker.java:lambda$new$0(128)) - e1741d25-1160-415c-8281-fbf7b32058a7@group-6F0D31378E7D-SegmentedRaftLogWorker: flushIndex: setUnconditionally 0 -> -1
2019-10-10 18:56:03,393 [pool-227-thread-1] INFO  server.RaftServerConfigKeys (ConfUtils.java:logGet(43)) - raft.server.snapshot.auto.trigger.enabled = true (custom)
2019-10-10 18:56:03,393 [pool-227-thread-1] INFO  server.RaftServerConfigKeys (ConfUtils.java:logGet(43)) - raft.server.snapshot.auto.trigger.threshold = 10000 (custom)
2019-10-10 18:56:03,393 [pool-227-thread-1] INFO  server.RaftServerConfigKeys (ConfUtils.java:logGet(43)) - raft.server.snapshot.retention.file.num = 5 (custom)
2019-10-10 18:56:03,394 [pool-227-thread-1] INFO  server.RaftServerConfigKeys (ConfUtils.java:logGet(43)) - raft.server.retrycache.expirytime = 600000ms (custom)
2019-10-10 18:56:03,394 [pool-247-thread-1] INFO  server.RaftServerConfigKeys (ConfUtils.java:logGet(43)) - raft.server.log.segment.cache.num.max = 2 (custom)
2019-10-10 18:56:03,394 [pool-257-thread-1] INFO  server.RaftServerConfigKeys (ConfUtils.java:logGet(43)) - raft.server.log.segment.cache.num.max = 2 (custom)
2019-10-10 18:56:03,394 [pool-247-thread-1] INFO  segmented.SegmentedRaftLogWorker (SegmentedRaftLogWorker.java:<init>(173)) - new f92015c6-2a92-4b2a-8d10-eea158f9d1c8@group-6F0D31378E7D-SegmentedRaftLogWorker for RaftStorage:Storage Directory /workdir/hadoop-ozone/integration-test/target/test-dir/MiniOzoneClusterImpl-3e93a460-8f12-4994-956c-622a6d5fe63d/datanode-4/data/ratis/3296a74d-7e12-4233-804b-6f0d31378e7d
2019-10-10 18:56:03,394 [pool-257-thread-1] INFO  segmented.SegmentedRaftLogWorker (SegmentedRaftLogWorker.java:<init>(173)) - new 30601949-714b-403e-8c0a-795b84baf849@group-6F0D31378E7D-SegmentedRaftLogWorker for RaftStorage:Storage Directory /workdir/hadoop-ozone/integration-test/target/test-dir/MiniOzoneClusterImpl-3e93a460-8f12-4994-956c-622a6d5fe63d/datanode-5/data/ratis/3296a74d-7e12-4233-804b-6f0d31378e7d
2019-10-10 18:56:03,394 [pool-247-thread-1] INFO  server.RaftServerConfigKeys (ConfUtils.java:logGet(43)) - raft.server.log.queue.byte-limit = 2147483647 (custom)
2019-10-10 18:56:03,394 [pool-257-thread-1] INFO  server.RaftServerConfigKeys (ConfUtils.java:logGet(43)) - raft.server.log.queue.byte-limit = 2147483647 (custom)
2019-10-10 18:56:03,394 [pool-247-thread-1] INFO  server.RaftServerConfigKeys (ConfUtils.java:logGet(43)) - raft.server.log.queue.element-limit = 1024 (custom)
2019-10-10 18:56:03,395 [pool-257-thread-1] INFO  server.RaftServerConfigKeys (ConfUtils.java:logGet(43)) - raft.server.log.queue.element-limit = 1024 (custom)
2019-10-10 18:56:03,395 [pool-247-thread-1] INFO  server.RaftServerConfigKeys (ConfUtils.java:logGet(43)) - raft.server.log.segment.size.max = 1048576 (custom)
2019-10-10 18:56:03,395 [pool-257-thread-1] INFO  server.RaftServerConfigKeys (ConfUtils.java:logGet(43)) - raft.server.log.segment.size.max = 1048576 (custom)
2019-10-10 18:56:03,395 [pool-227-thread-1] INFO  impl.RaftServerImpl (RaftServerImpl.java:start(181)) - e1741d25-1160-415c-8281-fbf7b32058a7@group-6F0D31378E7D: start as a follower, conf=-1: [e1741d25-1160-415c-8281-fbf7b32058a7:192.168.5.175:37750, f92015c6-2a92-4b2a-8d10-eea158f9d1c8:192.168.5.175:34057, 30601949-714b-403e-8c0a-795b84baf849:192.168.5.175:34303], old=null
2019-10-10 18:56:03,395 [pool-247-thread-1] INFO  server.RaftServerConfigKeys (ConfUtils.java:logGet(43)) - raft.server.log.preallocated.size = 16384 (custom)
2019-10-10 18:56:03,395 [pool-227-thread-1] INFO  impl.RaftServerImpl (RaftServerImpl.java:setRole(170)) - e1741d25-1160-415c-8281-fbf7b32058a7@group-6F0D31378E7D: changes role from      null to FOLLOWER at term 0 for startAsFollower
2019-10-10 18:56:03,395 [pool-257-thread-1] INFO  server.RaftServerConfigKeys (ConfUtils.java:logGet(43)) - raft.server.log.preallocated.size = 16384 (custom)
2019-10-10 18:56:03,396 [pool-227-thread-1] INFO  impl.RoleInfo (RoleInfo.java:updateAndGet(143)) - e1741d25-1160-415c-8281-fbf7b32058a7: start FollowerState
2019-10-10 18:56:03,395 [pool-247-thread-1] INFO  server.RaftServerConfigKeys (ConfUtils.java:logGet(43)) - raft.server.log.write.buffer.size = 33554432 (custom)
2019-10-10 18:56:03,396 [pool-257-thread-1] INFO  server.RaftServerConfigKeys (ConfUtils.java:logGet(43)) - raft.server.log.write.buffer.size = 33554432 (custom)
2019-10-10 18:56:03,396 [pool-227-thread-1] INFO  util.JmxRegister (JmxRegister.java:tryRegister(44)) - Successfully registered JMX Bean with object name Ratis:service=RaftServer,group=group-6F0D31378E7D,id=e1741d25-1160-415c-8281-fbf7b32058a7
2019-10-10 18:56:03,396 [pool-247-thread-1] INFO  server.RaftServerConfigKeys (ConfUtils.java:logGet(43)) - raft.server.log.force.sync.num = 128 (default)
2019-10-10 18:56:03,396 [pool-257-thread-1] INFO  server.RaftServerConfigKeys (ConfUtils.java:logGet(43)) - raft.server.log.force.sync.num = 128 (default)
2019-10-10 18:56:03,396 [IPC Server handler 0 on 41478] INFO  net.NetworkTopology (NetworkTopologyImpl.java:add(111)) - Added a new node: /default-rack/db419bda-c1f6-4c3d-b128-b7d03ff314b2
2019-10-10 18:56:03,396 [pool-247-thread-1] INFO  server.RaftServerConfigKeys (ConfUtils.java:logGet(43)) - raft.server.log.statemachine.data.sync = true (default)
2019-10-10 18:56:03,397 [IPC Server handler 0 on 41478] INFO  node.SCMNodeManager (SCMNodeManager.java:register(268)) - Registered Data node : db419bda-c1f6-4c3d-b128-b7d03ff314b2{ip: 192.168.5.175, host: pr-hdds-2194-9vxpc-1955504311, networkLocation: /default-rack, certSerialId: null}
2019-10-10 18:56:03,397 [main] INFO  ozone.MiniOzoneClusterImpl (MiniOzoneClusterImpl.java:lambda$waitForClusterToBeReady$0(147)) - Cluster is ready. Got 7 of 7 DN Heartbeats.
2019-10-10 18:56:03,396 [pool-257-thread-1] INFO  server.RaftServerConfigKeys (ConfUtils.java:logGet(43)) - raft.server.log.statemachine.data.sync = true (default)
2019-10-10 18:56:03,397 [pool-247-thread-1] INFO  server.RaftServerConfigKeys (ConfUtils.java:logGet(43)) - raft.server.log.statemachine.data.sync.timeout = 10s (default)
2019-10-10 18:56:03,398 [pool-257-thread-1] INFO  server.RaftServerConfigKeys (ConfUtils.java:logGet(43)) - raft.server.log.statemachine.data.sync.timeout = 10s (default)
2019-10-10 18:56:03,398 [pool-247-thread-1] INFO  server.RaftServerConfigKeys (ConfUtils.java:logGet(43)) - raft.server.log.statemachine.data.sync.timeout.retry = -1 (default)
2019-10-10 18:56:03,398 [pool-257-thread-1] INFO  server.RaftServerConfigKeys (ConfUtils.java:logGet(43)) - raft.server.log.statemachine.data.sync.timeout.retry = -1 (default)
2019-10-10 18:56:03,399 [pool-247-thread-1] INFO  server.RaftServerConfigKeys (ConfUtils.java:logGet(43)) - raft.server.log.statemachine.data.caching.enabled = true (custom)
2019-10-10 18:56:03,399 [pool-257-thread-1] INFO  server.RaftServerConfigKeys (ConfUtils.java:logGet(43)) - raft.server.log.statemachine.data.caching.enabled = true (custom)
2019-10-10 18:56:03,400 [pool-247-thread-1] INFO  segmented.SegmentedRaftLogWorker (SegmentedRaftLogWorker.java:lambda$new$0(128)) - f92015c6-2a92-4b2a-8d10-eea158f9d1c8@group-6F0D31378E7D-SegmentedRaftLogWorker: flushIndex: setUnconditionally 0 -> -1
2019-10-10 18:56:03,400 [pool-257-thread-1] INFO  segmented.SegmentedRaftLogWorker (SegmentedRaftLogWorker.java:lambda$new$0(128)) - 30601949-714b-403e-8c0a-795b84baf849@group-6F0D31378E7D-SegmentedRaftLogWorker: flushIndex: setUnconditionally 0 -> -1
2019-10-10 18:56:03,400 [pool-247-thread-1] INFO  server.RaftServerConfigKeys (ConfUtils.java:logGet(43)) - raft.server.snapshot.auto.trigger.enabled = true (custom)
2019-10-10 18:56:03,402 [pool-247-thread-1] INFO  server.RaftServerConfigKeys (ConfUtils.java:logGet(43)) - raft.server.snapshot.auto.trigger.threshold = 10000 (custom)
2019-10-10 18:56:03,402 [pool-257-thread-1] INFO  server.RaftServerConfigKeys (ConfUtils.java:logGet(43)) - raft.server.snapshot.auto.trigger.enabled = true (custom)
2019-10-10 18:56:03,402 [pool-247-thread-1] INFO  server.RaftServerConfigKeys (ConfUtils.java:logGet(43)) - raft.server.snapshot.retention.file.num = 5 (custom)
2019-10-10 18:56:03,403 [pool-257-thread-1] INFO  server.RaftServerConfigKeys (ConfUtils.java:logGet(43)) - raft.server.snapshot.auto.trigger.threshold = 10000 (custom)
2019-10-10 18:56:03,403 [pool-247-thread-1] INFO  server.RaftServerConfigKeys (ConfUtils.java:logGet(43)) - raft.server.retrycache.expirytime = 600000ms (custom)
2019-10-10 18:56:03,403 [pool-257-thread-1] INFO  server.RaftServerConfigKeys (ConfUtils.java:logGet(43)) - raft.server.snapshot.retention.file.num = 5 (custom)
2019-10-10 18:56:03,403 [pool-257-thread-1] INFO  server.RaftServerConfigKeys (ConfUtils.java:logGet(43)) - raft.server.retrycache.expirytime = 600000ms (custom)
2019-10-10 18:56:03,410 [pool-247-thread-1] INFO  impl.RaftServerImpl (RaftServerImpl.java:start(181)) - f92015c6-2a92-4b2a-8d10-eea158f9d1c8@group-6F0D31378E7D: start as a follower, conf=-1: [e1741d25-1160-415c-8281-fbf7b32058a7:192.168.5.175:37750, f92015c6-2a92-4b2a-8d10-eea158f9d1c8:192.168.5.175:34057, 30601949-714b-403e-8c0a-795b84baf849:192.168.5.175:34303], old=null
2019-10-10 18:56:03,410 [pool-257-thread-1] INFO  impl.RaftServerImpl (RaftServerImpl.java:start(181)) - 30601949-714b-403e-8c0a-795b84baf849@group-6F0D31378E7D: start as a follower, conf=-1: [e1741d25-1160-415c-8281-fbf7b32058a7:192.168.5.175:37750, f92015c6-2a92-4b2a-8d10-eea158f9d1c8:192.168.5.175:34057, 30601949-714b-403e-8c0a-795b84baf849:192.168.5.175:34303], old=null
2019-10-10 18:56:03,412 [pool-247-thread-1] INFO  impl.RaftServerImpl (RaftServerImpl.java:setRole(170)) - f92015c6-2a92-4b2a-8d10-eea158f9d1c8@group-6F0D31378E7D: changes role from      null to FOLLOWER at term 0 for startAsFollower
2019-10-10 18:56:03,412 [pool-257-thread-1] INFO  impl.RaftServerImpl (RaftServerImpl.java:setRole(170)) - 30601949-714b-403e-8c0a-795b84baf849@group-6F0D31378E7D: changes role from      null to FOLLOWER at term 0 for startAsFollower
2019-10-10 18:56:03,412 [pool-247-thread-1] INFO  impl.RoleInfo (RoleInfo.java:updateAndGet(143)) - f92015c6-2a92-4b2a-8d10-eea158f9d1c8: start FollowerState
2019-10-10 18:56:03,412 [pool-257-thread-1] INFO  impl.RoleInfo (RoleInfo.java:updateAndGet(143)) - 30601949-714b-403e-8c0a-795b84baf849: start FollowerState
2019-10-10 18:56:03,412 [pool-247-thread-1] INFO  util.JmxRegister (JmxRegister.java:tryRegister(44)) - Successfully registered JMX Bean with object name Ratis:service=RaftServer,group=group-6F0D31378E7D,id=f92015c6-2a92-4b2a-8d10-eea158f9d1c8
2019-10-10 18:56:03,416 [pool-257-thread-1] INFO  util.JmxRegister (JmxRegister.java:tryRegister(44)) - Successfully registered JMX Bean with object name Ratis:service=RaftServer,group=group-6F0D31378E7D,id=30601949-714b-403e-8c0a-795b84baf849
2019-10-10 18:56:03,438 [main] INFO  rpc.RpcClient (RpcClient.java:createVolume(272)) - Creating Volume: watchforcommithandlingtest, with jenkins1000 as owner.
2019-10-10 18:56:03,440 [RatisPipelineUtilsThread] INFO  pipeline.PipelineStateManager (PipelineStateManager.java:addPipeline(56)) - Created pipeline Pipeline[ Id: 3296a74d-7e12-4233-804b-6f0d31378e7d, Nodes: e1741d25-1160-415c-8281-fbf7b32058a7{ip: 192.168.5.175, host: pr-hdds-2194-9vxpc-1955504311, networkLocation: /default-rack, certSerialId: null}f92015c6-2a92-4b2a-8d10-eea158f9d1c8{ip: 192.168.5.175, host: pr-hdds-2194-9vxpc-1955504311, networkLocation: /default-rack, certSerialId: null}30601949-714b-403e-8c0a-795b84baf849{ip: 192.168.5.175, host: pr-hdds-2194-9vxpc-1955504311, networkLocation: /default-rack, certSerialId: null}, Type:RATIS, Factor:THREE, State:OPEN]
2019-10-10 18:56:03,443 [IPC Server handler 3 on 39841] INFO  volume.OMVolumeCreateRequest (OMVolumeCreateRequest.java:validateAndUpdateCache(193)) - created volume:watchforcommithandlingtest for user:jenkins1000
2019-10-10 18:56:03,455 [main] INFO  rpc.RpcClient (RpcClient.java:createBucket(411)) - Creating Bucket: watchforcommithandlingtest/watchforcommithandlingtest, with Versioning false and Storage Type set to DISK and Encryption set to false 
2019-10-10 18:56:03,463 [grpc-default-executor-1] INFO  impl.RaftServerProxy (RaftServerProxy.java:addNew(89)) - db419bda-c1f6-4c3d-b128-b7d03ff314b2: addNew group-B2A39C9A3F5C:[db419bda-c1f6-4c3d-b128-b7d03ff314b2:192.168.5.175:44119] returns group-B2A39C9A3F5C:java.util.concurrent.CompletableFuture@5057671e[Not completed]
2019-10-10 18:56:03,463 [main] INFO  ozone.MiniOzoneClusterImpl (MiniOzoneClusterImpl.java:getStorageContainerLocationClient(234)) - Creating StorageContainerLocationProtocol RPC client with address /0.0.0.0:37017
2019-10-10 18:56:03,464 [pool-267-thread-1] INFO  impl.RaftServerImpl (RaftServerImpl.java:<init>(95)) - db419bda-c1f6-4c3d-b128-b7d03ff314b2: new RaftServerImpl for group-B2A39C9A3F5C:[db419bda-c1f6-4c3d-b128-b7d03ff314b2:192.168.5.175:44119] with ContainerStateMachine:uninitialized
2019-10-10 18:56:03,464 [pool-267-thread-1] INFO  server.RaftServerConfigKeys (ConfUtils.java:logGet(43)) - raft.server.rpc.timeout.min = 5s (custom)
2019-10-10 18:56:03,464 [pool-267-thread-1] INFO  server.RaftServerConfigKeys (ConfUtils.java:logGet(43)) - raft.server.rpc.timeout.max = 5200ms (custom)
2019-10-10 18:56:03,464 [pool-267-thread-1] INFO  server.RaftServerConfigKeys (ConfUtils.java:logGet(43)) - raft.server.rpcslowness.timeout = 120s (custom)
2019-10-10 18:56:03,464 [pool-267-thread-1] INFO  server.RaftServerConfigKeys (ConfUtils.java:logGet(43)) - raft.server.sleep.deviation.threshold = 300 (default)
2019-10-10 18:56:03,464 [pool-267-thread-1] INFO  server.RaftServerConfigKeys (ConfUtils.java:logGet(43)) - raft.server.log.appender.install.snapshot.enabled = false (custom)
2019-10-10 18:56:03,464 [pool-267-thread-1] INFO  impl.RaftServerImpl (ServerState.java:<init>(103)) - db419bda-c1f6-4c3d-b128-b7d03ff314b2@group-B2A39C9A3F5C: ConfigurationManager, init=-1: [db419bda-c1f6-4c3d-b128-b7d03ff314b2:192.168.5.175:44119], old=null, confs=<EMPTY_MAP>
2019-10-10 18:56:03,464 [pool-267-thread-1] INFO  server.RaftServerConfigKeys (ConfUtils.java:logGet(43)) - raft.server.storage.dir = [/workdir/hadoop-ozone/integration-test/target/test-dir/MiniOzoneClusterImpl-3e93a460-8f12-4994-956c-622a6d5fe63d/datanode-6/data/ratis] (custom)
2019-10-10 18:56:03,465 [pool-267-thread-1] INFO  server.RaftServerConfigKeys (ConfUtils.java:logGet(43)) - raft.server.log.corruption.policy = EXCEPTION (default)
2019-10-10 18:56:03,465 [pool-267-thread-1] INFO  storage.RaftStorageDirectory (RaftStorageDirectory.java:analyzeStorage(246)) - The storage directory /workdir/hadoop-ozone/integration-test/target/test-dir/MiniOzoneClusterImpl-3e93a460-8f12-4994-956c-622a6d5fe63d/datanode-6/data/ratis/80d52d78-d066-4157-8017-b2a39c9a3f5c does not exist. Creating ...
2019-10-10 18:56:03,478 [pool-267-thread-1] INFO  storage.RaftStorageDirectory (RaftStorageDirectory.java:tryLock(328)) - Lock on /workdir/hadoop-ozone/integration-test/target/test-dir/MiniOzoneClusterImpl-3e93a460-8f12-4994-956c-622a6d5fe63d/datanode-6/data/ratis/80d52d78-d066-4157-8017-b2a39c9a3f5c/in_use.lock acquired by nodename 23760@pr-hdds-2194-9vxpc-1955504311
2019-10-10 18:56:03,490 [pool-267-thread-1] INFO  storage.RaftStorage (RaftStorage.java:format(84)) - Storage directory /workdir/hadoop-ozone/integration-test/target/test-dir/MiniOzoneClusterImpl-3e93a460-8f12-4994-956c-622a6d5fe63d/datanode-6/data/ratis/80d52d78-d066-4157-8017-b2a39c9a3f5c has been successfully formatted.
2019-10-10 18:56:03,490 [pool-267-thread-1] INFO  ratis.ContainerStateMachine (ContainerStateMachine.java:loadSnapshot(231)) - group-B2A39C9A3F5C: The snapshot info is null. Setting the last applied indexto:(t:0, i:~)
2019-10-10 18:56:03,490 [pool-267-thread-1] INFO  server.RaftServerConfigKeys (ConfUtils.java:logGet(43)) - raft.server.notification.no-leader.timeout = 120s (custom)
2019-10-10 18:56:03,491 [pool-267-thread-1] INFO  server.RaftServerConfigKeys (ConfUtils.java:logGet(43)) - raft.server.log.use.memory = false (default)
2019-10-10 18:56:03,491 [pool-267-thread-1] INFO  server.RaftServerConfigKeys (ConfUtils.java:logGet(43)) - raft.server.log.purge.gap = 1000000 (custom)
2019-10-10 18:56:03,491 [pool-267-thread-1] INFO  server.RaftServerConfigKeys (ConfUtils.java:logGet(43)) - raft.server.log.appender.buffer.byte-limit = 33554432 (custom)
2019-10-10 18:56:03,491 [pool-267-thread-1] INFO  server.RaftServerConfigKeys (ConfUtils.java:logGet(43)) - raft.server.log.segment.size.max = 1048576 (custom)
2019-10-10 18:56:03,492 [pool-267-thread-1] INFO  server.RaftServerConfigKeys (ConfUtils.java:logGet(43)) - raft.server.log.segment.cache.num.max = 2 (custom)
2019-10-10 18:56:03,493 [pool-267-thread-1] INFO  segmented.SegmentedRaftLogWorker (SegmentedRaftLogWorker.java:<init>(173)) - new db419bda-c1f6-4c3d-b128-b7d03ff314b2@group-B2A39C9A3F5C-SegmentedRaftLogWorker for RaftStorage:Storage Directory /workdir/hadoop-ozone/integration-test/target/test-dir/MiniOzoneClusterImpl-3e93a460-8f12-4994-956c-622a6d5fe63d/datanode-6/data/ratis/80d52d78-d066-4157-8017-b2a39c9a3f5c
2019-10-10 18:56:03,493 [pool-267-thread-1] INFO  server.RaftServerConfigKeys (ConfUtils.java:logGet(43)) - raft.server.log.queue.byte-limit = 2147483647 (custom)
2019-10-10 18:56:03,493 [pool-267-thread-1] INFO  server.RaftServerConfigKeys (ConfUtils.java:logGet(43)) - raft.server.log.queue.element-limit = 1024 (custom)
2019-10-10 18:56:03,493 [pool-267-thread-1] INFO  server.RaftServerConfigKeys (ConfUtils.java:logGet(43)) - raft.server.log.segment.size.max = 1048576 (custom)
2019-10-10 18:56:03,493 [pool-267-thread-1] INFO  server.RaftServerConfigKeys (ConfUtils.java:logGet(43)) - raft.server.log.preallocated.size = 16384 (custom)
2019-10-10 18:56:03,493 [pool-267-thread-1] INFO  server.RaftServerConfigKeys (ConfUtils.java:logGet(43)) - raft.server.log.write.buffer.size = 33554432 (custom)
2019-10-10 18:56:03,493 [pool-267-thread-1] INFO  server.RaftServerConfigKeys (ConfUtils.java:logGet(43)) - raft.server.log.force.sync.num = 128 (default)
2019-10-10 18:56:03,493 [pool-267-thread-1] INFO  server.RaftServerConfigKeys (ConfUtils.java:logGet(43)) - raft.server.log.statemachine.data.sync = true (default)
2019-10-10 18:56:03,493 [pool-267-thread-1] INFO  server.RaftServerConfigKeys (ConfUtils.java:logGet(43)) - raft.server.log.statemachine.data.sync.timeout = 10s (default)
2019-10-10 18:56:03,493 [pool-267-thread-1] INFO  server.RaftServerConfigKeys (ConfUtils.java:logGet(43)) - raft.server.log.statemachine.data.sync.timeout.retry = -1 (default)
2019-10-10 18:56:03,494 [pool-267-thread-1] INFO  server.RaftServerConfigKeys (ConfUtils.java:logGet(43)) - raft.server.log.statemachine.data.caching.enabled = true (custom)
2019-10-10 18:56:03,494 [pool-267-thread-1] INFO  segmented.SegmentedRaftLogWorker (SegmentedRaftLogWorker.java:lambda$new$0(128)) - db419bda-c1f6-4c3d-b128-b7d03ff314b2@group-B2A39C9A3F5C-SegmentedRaftLogWorker: flushIndex: setUnconditionally 0 -> -1
2019-10-10 18:56:03,494 [pool-267-thread-1] INFO  server.RaftServerConfigKeys (ConfUtils.java:logGet(43)) - raft.server.snapshot.auto.trigger.enabled = true (custom)
2019-10-10 18:56:03,494 [pool-267-thread-1] INFO  server.RaftServerConfigKeys (ConfUtils.java:logGet(43)) - raft.server.snapshot.auto.trigger.threshold = 10000 (custom)
2019-10-10 18:56:03,494 [pool-267-thread-1] INFO  server.RaftServerConfigKeys (ConfUtils.java:logGet(43)) - raft.server.snapshot.retention.file.num = 5 (custom)
2019-10-10 18:56:03,495 [pool-267-thread-1] INFO  server.RaftServerConfigKeys (ConfUtils.java:logGet(43)) - raft.server.retrycache.expirytime = 600000ms (custom)
2019-10-10 18:56:03,496 [pool-267-thread-1] INFO  impl.RaftServerImpl (RaftServerImpl.java:start(181)) - db419bda-c1f6-4c3d-b128-b7d03ff314b2@group-B2A39C9A3F5C: start as a follower, conf=-1: [db419bda-c1f6-4c3d-b128-b7d03ff314b2:192.168.5.175:44119], old=null
2019-10-10 18:56:03,496 [pool-267-thread-1] INFO  impl.RaftServerImpl (RaftServerImpl.java:setRole(170)) - db419bda-c1f6-4c3d-b128-b7d03ff314b2@group-B2A39C9A3F5C: changes role from      null to FOLLOWER at term 0 for startAsFollower
2019-10-10 18:56:03,496 [pool-267-thread-1] INFO  impl.RoleInfo (RoleInfo.java:updateAndGet(143)) - db419bda-c1f6-4c3d-b128-b7d03ff314b2: start FollowerState
2019-10-10 18:56:03,497 [pool-267-thread-1] INFO  util.JmxRegister (JmxRegister.java:tryRegister(44)) - Successfully registered JMX Bean with object name Ratis:service=RaftServer,group=group-B2A39C9A3F5C,id=db419bda-c1f6-4c3d-b128-b7d03ff314b2
2019-10-10 18:56:03,503 [RatisPipelineUtilsThread] INFO  pipeline.PipelineStateManager (PipelineStateManager.java:addPipeline(56)) - Created pipeline Pipeline[ Id: 80d52d78-d066-4157-8017-b2a39c9a3f5c, Nodes: db419bda-c1f6-4c3d-b128-b7d03ff314b2{ip: 192.168.5.175, host: pr-hdds-2194-9vxpc-1955504311, networkLocation: /default-rack, certSerialId: null}, Type:RATIS, Factor:ONE, State:OPEN]
2019-10-10 18:56:03,514 [grpc-default-executor-1] INFO  impl.RaftServerProxy (RaftServerProxy.java:addNew(89)) - f92015c6-2a92-4b2a-8d10-eea158f9d1c8: addNew group-8EC6B9034A6A:[f92015c6-2a92-4b2a-8d10-eea158f9d1c8:192.168.5.175:34057] returns group-8EC6B9034A6A:java.util.concurrent.CompletableFuture@6982cb55[Not completed]
2019-10-10 18:56:03,515 [pool-247-thread-1] INFO  impl.RaftServerImpl (RaftServerImpl.java:<init>(95)) - f92015c6-2a92-4b2a-8d10-eea158f9d1c8: new RaftServerImpl for group-8EC6B9034A6A:[f92015c6-2a92-4b2a-8d10-eea158f9d1c8:192.168.5.175:34057] with ContainerStateMachine:uninitialized
2019-10-10 18:56:03,515 [pool-247-thread-1] INFO  server.RaftServerConfigKeys (ConfUtils.java:logGet(43)) - raft.server.rpc.timeout.min = 5s (custom)
2019-10-10 18:56:03,515 [pool-247-thread-1] INFO  server.RaftServerConfigKeys (ConfUtils.java:logGet(43)) - raft.server.rpc.timeout.max = 5200ms (custom)
2019-10-10 18:56:03,516 [pool-247-thread-1] INFO  server.RaftServerConfigKeys (ConfUtils.java:logGet(43)) - raft.server.rpcslowness.timeout = 120s (custom)
2019-10-10 18:56:03,516 [pool-247-thread-1] INFO  server.RaftServerConfigKeys (ConfUtils.java:logGet(43)) - raft.server.sleep.deviation.threshold = 300 (default)
2019-10-10 18:56:03,516 [pool-247-thread-1] INFO  server.RaftServerConfigKeys (ConfUtils.java:logGet(43)) - raft.server.log.appender.install.snapshot.enabled = false (custom)
2019-10-10 18:56:03,516 [pool-247-thread-1] INFO  impl.RaftServerImpl (ServerState.java:<init>(103)) - f92015c6-2a92-4b2a-8d10-eea158f9d1c8@group-8EC6B9034A6A: ConfigurationManager, init=-1: [f92015c6-2a92-4b2a-8d10-eea158f9d1c8:192.168.5.175:34057], old=null, confs=<EMPTY_MAP>
2019-10-10 18:56:03,516 [pool-247-thread-1] INFO  server.RaftServerConfigKeys (ConfUtils.java:logGet(43)) - raft.server.storage.dir = [/workdir/hadoop-ozone/integration-test/target/test-dir/MiniOzoneClusterImpl-3e93a460-8f12-4994-956c-622a6d5fe63d/datanode-4/data/ratis] (custom)
2019-10-10 18:56:03,517 [pool-247-thread-1] INFO  server.RaftServerConfigKeys (ConfUtils.java:logGet(43)) - raft.server.log.corruption.policy = EXCEPTION (default)
2019-10-10 18:56:03,517 [pool-247-thread-1] INFO  storage.RaftStorageDirectory (RaftStorageDirectory.java:analyzeStorage(246)) - The storage directory /workdir/hadoop-ozone/integration-test/target/test-dir/MiniOzoneClusterImpl-3e93a460-8f12-4994-956c-622a6d5fe63d/datanode-4/data/ratis/b976e6ce-2674-4d5e-bde0-8ec6b9034a6a does not exist. Creating ...
2019-10-10 18:56:03,530 [pool-247-thread-1] INFO  storage.RaftStorageDirectory (RaftStorageDirectory.java:tryLock(328)) - Lock on /workdir/hadoop-ozone/integration-test/target/test-dir/MiniOzoneClusterImpl-3e93a460-8f12-4994-956c-622a6d5fe63d/datanode-4/data/ratis/b976e6ce-2674-4d5e-bde0-8ec6b9034a6a/in_use.lock acquired by nodename 23760@pr-hdds-2194-9vxpc-1955504311
2019-10-10 18:56:03,543 [pool-247-thread-1] INFO  storage.RaftStorage (RaftStorage.java:format(84)) - Storage directory /workdir/hadoop-ozone/integration-test/target/test-dir/MiniOzoneClusterImpl-3e93a460-8f12-4994-956c-622a6d5fe63d/datanode-4/data/ratis/b976e6ce-2674-4d5e-bde0-8ec6b9034a6a has been successfully formatted.
2019-10-10 18:56:03,544 [pool-247-thread-1] INFO  ratis.ContainerStateMachine (ContainerStateMachine.java:loadSnapshot(231)) - group-8EC6B9034A6A: The snapshot info is null. Setting the last applied indexto:(t:0, i:~)
2019-10-10 18:56:03,544 [pool-247-thread-1] INFO  server.RaftServerConfigKeys (ConfUtils.java:logGet(43)) - raft.server.notification.no-leader.timeout = 120s (custom)
2019-10-10 18:56:03,544 [pool-247-thread-1] INFO  server.RaftServerConfigKeys (ConfUtils.java:logGet(43)) - raft.server.log.use.memory = false (default)
2019-10-10 18:56:03,544 [pool-247-thread-1] INFO  server.RaftServerConfigKeys (ConfUtils.java:logGet(43)) - raft.server.log.purge.gap = 1000000 (custom)
2019-10-10 18:56:03,544 [pool-247-thread-1] INFO  server.RaftServerConfigKeys (ConfUtils.java:logGet(43)) - raft.server.log.appender.buffer.byte-limit = 33554432 (custom)
2019-10-10 18:56:03,545 [pool-247-thread-1] INFO  server.RaftServerConfigKeys (ConfUtils.java:logGet(43)) - raft.server.log.segment.size.max = 1048576 (custom)
2019-10-10 18:56:03,545 [pool-247-thread-1] INFO  server.RaftServerConfigKeys (ConfUtils.java:logGet(43)) - raft.server.log.segment.cache.num.max = 2 (custom)
2019-10-10 18:56:03,545 [pool-247-thread-1] INFO  segmented.SegmentedRaftLogWorker (SegmentedRaftLogWorker.java:<init>(173)) - new f92015c6-2a92-4b2a-8d10-eea158f9d1c8@group-8EC6B9034A6A-SegmentedRaftLogWorker for RaftStorage:Storage Directory /workdir/hadoop-ozone/integration-test/target/test-dir/MiniOzoneClusterImpl-3e93a460-8f12-4994-956c-622a6d5fe63d/datanode-4/data/ratis/b976e6ce-2674-4d5e-bde0-8ec6b9034a6a
2019-10-10 18:56:03,545 [pool-247-thread-1] INFO  server.RaftServerConfigKeys (ConfUtils.java:logGet(43)) - raft.server.log.queue.byte-limit = 2147483647 (custom)
2019-10-10 18:56:03,545 [pool-247-thread-1] INFO  server.RaftServerConfigKeys (ConfUtils.java:logGet(43)) - raft.server.log.queue.element-limit = 1024 (custom)
2019-10-10 18:56:03,545 [pool-247-thread-1] INFO  server.RaftServerConfigKeys (ConfUtils.java:logGet(43)) - raft.server.log.segment.size.max = 1048576 (custom)
2019-10-10 18:56:03,546 [pool-247-thread-1] INFO  server.RaftServerConfigKeys (ConfUtils.java:logGet(43)) - raft.server.log.preallocated.size = 16384 (custom)
2019-10-10 18:56:03,546 [pool-247-thread-1] INFO  server.RaftServerConfigKeys (ConfUtils.java:logGet(43)) - raft.server.log.write.buffer.size = 33554432 (custom)
2019-10-10 18:56:03,546 [pool-247-thread-1] INFO  server.RaftServerConfigKeys (ConfUtils.java:logGet(43)) - raft.server.log.force.sync.num = 128 (default)
2019-10-10 18:56:03,546 [pool-247-thread-1] INFO  server.RaftServerConfigKeys (ConfUtils.java:logGet(43)) - raft.server.log.statemachine.data.sync = true (default)
2019-10-10 18:56:03,546 [pool-247-thread-1] INFO  server.RaftServerConfigKeys (ConfUtils.java:logGet(43)) - raft.server.log.statemachine.data.sync.timeout = 10s (default)
2019-10-10 18:56:03,546 [pool-247-thread-1] INFO  server.RaftServerConfigKeys (ConfUtils.java:logGet(43)) - raft.server.log.statemachine.data.sync.timeout.retry = -1 (default)
2019-10-10 18:56:03,546 [pool-247-thread-1] INFO  server.RaftServerConfigKeys (ConfUtils.java:logGet(43)) - raft.server.log.statemachine.data.caching.enabled = true (custom)
2019-10-10 18:56:03,547 [pool-247-thread-1] INFO  segmented.SegmentedRaftLogWorker (SegmentedRaftLogWorker.java:lambda$new$0(128)) - f92015c6-2a92-4b2a-8d10-eea158f9d1c8@group-8EC6B9034A6A-SegmentedRaftLogWorker: flushIndex: setUnconditionally 0 -> -1
2019-10-10 18:56:03,547 [pool-247-thread-1] INFO  server.RaftServerConfigKeys (ConfUtils.java:logGet(43)) - raft.server.snapshot.auto.trigger.enabled = true (custom)
2019-10-10 18:56:03,547 [pool-247-thread-1] INFO  server.RaftServerConfigKeys (ConfUtils.java:logGet(43)) - raft.server.snapshot.auto.trigger.threshold = 10000 (custom)
2019-10-10 18:56:03,548 [pool-247-thread-1] INFO  server.RaftServerConfigKeys (ConfUtils.java:logGet(43)) - raft.server.snapshot.retention.file.num = 5 (custom)
2019-10-10 18:56:03,548 [pool-247-thread-1] INFO  server.RaftServerConfigKeys (ConfUtils.java:logGet(43)) - raft.server.retrycache.expirytime = 600000ms (custom)
2019-10-10 18:56:03,550 [pool-247-thread-1] INFO  impl.RaftServerImpl (RaftServerImpl.java:start(181)) - f92015c6-2a92-4b2a-8d10-eea158f9d1c8@group-8EC6B9034A6A: start as a follower, conf=-1: [f92015c6-2a92-4b2a-8d10-eea158f9d1c8:192.168.5.175:34057], old=null
2019-10-10 18:56:03,550 [pool-247-thread-1] INFO  impl.RaftServerImpl (RaftServerImpl.java:setRole(170)) - f92015c6-2a92-4b2a-8d10-eea158f9d1c8@group-8EC6B9034A6A: changes role from      null to FOLLOWER at term 0 for startAsFollower
2019-10-10 18:56:03,551 [pool-247-thread-1] INFO  impl.RoleInfo (RoleInfo.java:updateAndGet(143)) - f92015c6-2a92-4b2a-8d10-eea158f9d1c8: start FollowerState
2019-10-10 18:56:03,551 [pool-247-thread-1] INFO  util.JmxRegister (JmxRegister.java:tryRegister(44)) - Successfully registered JMX Bean with object name Ratis:service=RaftServer,group=group-8EC6B9034A6A,id=f92015c6-2a92-4b2a-8d10-eea158f9d1c8
2019-10-10 18:56:03,559 [RatisPipelineUtilsThread] INFO  pipeline.PipelineStateManager (PipelineStateManager.java:addPipeline(56)) - Created pipeline Pipeline[ Id: b976e6ce-2674-4d5e-bde0-8ec6b9034a6a, Nodes: f92015c6-2a92-4b2a-8d10-eea158f9d1c8{ip: 192.168.5.175, host: pr-hdds-2194-9vxpc-1955504311, networkLocation: /default-rack, certSerialId: null}, Type:RATIS, Factor:ONE, State:OPEN]
2019-10-10 18:56:03,571 [grpc-default-executor-1] INFO  impl.RaftServerProxy (RaftServerProxy.java:addNew(89)) - 30601949-714b-403e-8c0a-795b84baf849: addNew group-74EEA89712BA:[30601949-714b-403e-8c0a-795b84baf849:192.168.5.175:34303] returns group-74EEA89712BA:java.util.concurrent.CompletableFuture@1492fda8[Not completed]
2019-10-10 18:56:03,572 [pool-257-thread-1] INFO  impl.RaftServerImpl (RaftServerImpl.java:<init>(95)) - 30601949-714b-403e-8c0a-795b84baf849: new RaftServerImpl for group-74EEA89712BA:[30601949-714b-403e-8c0a-795b84baf849:192.168.5.175:34303] with ContainerStateMachine:uninitialized
2019-10-10 18:56:03,573 [pool-257-thread-1] INFO  server.RaftServerConfigKeys (ConfUtils.java:logGet(43)) - raft.server.rpc.timeout.min = 5s (custom)
2019-10-10 18:56:03,573 [pool-257-thread-1] INFO  server.RaftServerConfigKeys (ConfUtils.java:logGet(43)) - raft.server.rpc.timeout.max = 5200ms (custom)
2019-10-10 18:56:03,573 [pool-257-thread-1] INFO  server.RaftServerConfigKeys (ConfUtils.java:logGet(43)) - raft.server.rpcslowness.timeout = 120s (custom)
2019-10-10 18:56:03,573 [pool-257-thread-1] INFO  server.RaftServerConfigKeys (ConfUtils.java:logGet(43)) - raft.server.sleep.deviation.threshold = 300 (default)
2019-10-10 18:56:03,573 [pool-257-thread-1] INFO  server.RaftServerConfigKeys (ConfUtils.java:logGet(43)) - raft.server.log.appender.install.snapshot.enabled = false (custom)
2019-10-10 18:56:03,573 [pool-257-thread-1] INFO  impl.RaftServerImpl (ServerState.java:<init>(103)) - 30601949-714b-403e-8c0a-795b84baf849@group-74EEA89712BA: ConfigurationManager, init=-1: [30601949-714b-403e-8c0a-795b84baf849:192.168.5.175:34303], old=null, confs=<EMPTY_MAP>
2019-10-10 18:56:03,574 [pool-257-thread-1] INFO  server.RaftServerConfigKeys (ConfUtils.java:logGet(43)) - raft.server.storage.dir = [/workdir/hadoop-ozone/integration-test/target/test-dir/MiniOzoneClusterImpl-3e93a460-8f12-4994-956c-622a6d5fe63d/datanode-5/data/ratis] (custom)
2019-10-10 18:56:03,574 [pool-257-thread-1] INFO  server.RaftServerConfigKeys (ConfUtils.java:logGet(43)) - raft.server.log.corruption.policy = EXCEPTION (default)
2019-10-10 18:56:03,574 [pool-257-thread-1] INFO  storage.RaftStorageDirectory (RaftStorageDirectory.java:analyzeStorage(246)) - The storage directory /workdir/hadoop-ozone/integration-test/target/test-dir/MiniOzoneClusterImpl-3e93a460-8f12-4994-956c-622a6d5fe63d/datanode-5/data/ratis/cb4b0620-45ca-4eb5-ae5e-74eea89712ba does not exist. Creating ...
2019-10-10 18:56:03,587 [pool-257-thread-1] INFO  storage.RaftStorageDirectory (RaftStorageDirectory.java:tryLock(328)) - Lock on /workdir/hadoop-ozone/integration-test/target/test-dir/MiniOzoneClusterImpl-3e93a460-8f12-4994-956c-622a6d5fe63d/datanode-5/data/ratis/cb4b0620-45ca-4eb5-ae5e-74eea89712ba/in_use.lock acquired by nodename 23760@pr-hdds-2194-9vxpc-1955504311
2019-10-10 18:56:03,604 [pool-257-thread-1] INFO  storage.RaftStorage (RaftStorage.java:format(84)) - Storage directory /workdir/hadoop-ozone/integration-test/target/test-dir/MiniOzoneClusterImpl-3e93a460-8f12-4994-956c-622a6d5fe63d/datanode-5/data/ratis/cb4b0620-45ca-4eb5-ae5e-74eea89712ba has been successfully formatted.
2019-10-10 18:56:03,604 [pool-257-thread-1] INFO  ratis.ContainerStateMachine (ContainerStateMachine.java:loadSnapshot(231)) - group-74EEA89712BA: The snapshot info is null. Setting the last applied indexto:(t:0, i:~)
2019-10-10 18:56:03,604 [pool-257-thread-1] INFO  server.RaftServerConfigKeys (ConfUtils.java:logGet(43)) - raft.server.notification.no-leader.timeout = 120s (custom)
2019-10-10 18:56:03,605 [pool-257-thread-1] INFO  server.RaftServerConfigKeys (ConfUtils.java:logGet(43)) - raft.server.log.use.memory = false (default)
2019-10-10 18:56:03,605 [pool-257-thread-1] INFO  server.RaftServerConfigKeys (ConfUtils.java:logGet(43)) - raft.server.log.purge.gap = 1000000 (custom)
2019-10-10 18:56:03,605 [pool-257-thread-1] INFO  server.RaftServerConfigKeys (ConfUtils.java:logGet(43)) - raft.server.log.appender.buffer.byte-limit = 33554432 (custom)
2019-10-10 18:56:03,605 [pool-257-thread-1] INFO  server.RaftServerConfigKeys (ConfUtils.java:logGet(43)) - raft.server.log.segment.size.max = 1048576 (custom)
2019-10-10 18:56:03,605 [pool-257-thread-1] INFO  server.RaftServerConfigKeys (ConfUtils.java:logGet(43)) - raft.server.log.segment.cache.num.max = 2 (custom)
2019-10-10 18:56:03,605 [pool-257-thread-1] INFO  segmented.SegmentedRaftLogWorker (SegmentedRaftLogWorker.java:<init>(173)) - new 30601949-714b-403e-8c0a-795b84baf849@group-74EEA89712BA-SegmentedRaftLogWorker for RaftStorage:Storage Directory /workdir/hadoop-ozone/integration-test/target/test-dir/MiniOzoneClusterImpl-3e93a460-8f12-4994-956c-622a6d5fe63d/datanode-5/data/ratis/cb4b0620-45ca-4eb5-ae5e-74eea89712ba
2019-10-10 18:56:03,606 [pool-257-thread-1] INFO  server.RaftServerConfigKeys (ConfUtils.java:logGet(43)) - raft.server.log.queue.byte-limit = 2147483647 (custom)
2019-10-10 18:56:03,606 [pool-257-thread-1] INFO  server.RaftServerConfigKeys (ConfUtils.java:logGet(43)) - raft.server.log.queue.element-limit = 1024 (custom)
2019-10-10 18:56:03,606 [pool-257-thread-1] INFO  server.RaftServerConfigKeys (ConfUtils.java:logGet(43)) - raft.server.log.segment.size.max = 1048576 (custom)
2019-10-10 18:56:03,606 [pool-257-thread-1] INFO  server.RaftServerConfigKeys (ConfUtils.java:logGet(43)) - raft.server.log.preallocated.size = 16384 (custom)
2019-10-10 18:56:03,606 [pool-257-thread-1] INFO  server.RaftServerConfigKeys (ConfUtils.java:logGet(43)) - raft.server.log.write.buffer.size = 33554432 (custom)
2019-10-10 18:56:03,606 [pool-257-thread-1] INFO  server.RaftServerConfigKeys (ConfUtils.java:logGet(43)) - raft.server.log.force.sync.num = 128 (default)
2019-10-10 18:56:03,606 [pool-257-thread-1] INFO  server.RaftServerConfigKeys (ConfUtils.java:logGet(43)) - raft.server.log.statemachine.data.sync = true (default)
2019-10-10 18:56:03,607 [pool-257-thread-1] INFO  server.RaftServerConfigKeys (ConfUtils.java:logGet(43)) - raft.server.log.statemachine.data.sync.timeout = 10s (default)
2019-10-10 18:56:03,607 [pool-257-thread-1] INFO  server.RaftServerConfigKeys (ConfUtils.java:logGet(43)) - raft.server.log.statemachine.data.sync.timeout.retry = -1 (default)
2019-10-10 18:56:03,607 [pool-257-thread-1] INFO  server.RaftServerConfigKeys (ConfUtils.java:logGet(43)) - raft.server.log.statemachine.data.caching.enabled = true (custom)
2019-10-10 18:56:03,607 [pool-257-thread-1] INFO  segmented.SegmentedRaftLogWorker (SegmentedRaftLogWorker.java:lambda$new$0(128)) - 30601949-714b-403e-8c0a-795b84baf849@group-74EEA89712BA-SegmentedRaftLogWorker: flushIndex: setUnconditionally 0 -> -1
2019-10-10 18:56:03,608 [pool-257-thread-1] INFO  server.RaftServerConfigKeys (ConfUtils.java:logGet(43)) - raft.server.snapshot.auto.trigger.enabled = true (custom)
2019-10-10 18:56:03,608 [pool-257-thread-1] INFO  server.RaftServerConfigKeys (ConfUtils.java:logGet(43)) - raft.server.snapshot.auto.trigger.threshold = 10000 (custom)
2019-10-10 18:56:03,608 [pool-257-thread-1] INFO  server.RaftServerConfigKeys (ConfUtils.java:logGet(43)) - raft.server.snapshot.retention.file.num = 5 (custom)
2019-10-10 18:56:03,608 [pool-257-thread-1] INFO  server.RaftServerConfigKeys (ConfUtils.java:logGet(43)) - raft.server.retrycache.expirytime = 600000ms (custom)
2019-10-10 18:56:03,611 [pool-257-thread-1] INFO  impl.RaftServerImpl (RaftServerImpl.java:start(181)) - 30601949-714b-403e-8c0a-795b84baf849@group-74EEA89712BA: start as a follower, conf=-1: [30601949-714b-403e-8c0a-795b84baf849:192.168.5.175:34303], old=null
2019-10-10 18:56:03,611 [pool-257-thread-1] INFO  impl.RaftServerImpl (RaftServerImpl.java:setRole(170)) - 30601949-714b-403e-8c0a-795b84baf849@group-74EEA89712BA: changes role from      null to FOLLOWER at term 0 for startAsFollower
2019-10-10 18:56:03,611 [pool-257-thread-1] INFO  impl.RoleInfo (RoleInfo.java:updateAndGet(143)) - 30601949-714b-403e-8c0a-795b84baf849: start FollowerState
2019-10-10 18:56:03,611 [pool-257-thread-1] INFO  util.JmxRegister (JmxRegister.java:tryRegister(44)) - Successfully registered JMX Bean with object name Ratis:service=RaftServer,group=group-74EEA89712BA,id=30601949-714b-403e-8c0a-795b84baf849
2019-10-10 18:56:03,619 [RatisPipelineUtilsThread] INFO  pipeline.PipelineStateManager (PipelineStateManager.java:addPipeline(56)) - Created pipeline Pipeline[ Id: cb4b0620-45ca-4eb5-ae5e-74eea89712ba, Nodes: 30601949-714b-403e-8c0a-795b84baf849{ip: 192.168.5.175, host: pr-hdds-2194-9vxpc-1955504311, networkLocation: /default-rack, certSerialId: null}, Type:RATIS, Factor:ONE, State:OPEN]
2019-10-10 18:56:06,002 [Thread-1444] INFO  container.ReplicationManager (ReplicationManager.java:start(162)) - Starting Replication Monitor Thread.
2019-10-10 18:56:06,007 [ReplicationMonitor] INFO  container.ReplicationManager (ReplicationManager.java:run(225)) - Replication Monitor Thread took 0 milliseconds for processing 1 containers.
2019-10-10 18:56:08,084 [Thread-1446] INFO  impl.FollowerState (FollowerState.java:run(108)) - 75b5220e-e7c8-4312-8c4b-73d9cd51c490@group-EEC2B73A2C96-FollowerState: change to CANDIDATE, lastRpcTime:5011ms, electionTimeout:5011ms
2019-10-10 18:56:08,086 [Thread-1446] INFO  impl.RoleInfo (RoleInfo.java:shutdownFollowerState(121)) - 75b5220e-e7c8-4312-8c4b-73d9cd51c490: shutdown FollowerState
2019-10-10 18:56:08,086 [Thread-1446] INFO  impl.RaftServerImpl (RaftServerImpl.java:setRole(170)) - 75b5220e-e7c8-4312-8c4b-73d9cd51c490@group-EEC2B73A2C96: changes role from  FOLLOWER to CANDIDATE at term 0 for changeToCandidate
2019-10-10 18:56:08,086 [Thread-1446] INFO  impl.RoleInfo (RoleInfo.java:updateAndGet(143)) - 75b5220e-e7c8-4312-8c4b-73d9cd51c490: start LeaderElection
2019-10-10 18:56:08,111 [75b5220e-e7c8-4312-8c4b-73d9cd51c490@group-EEC2B73A2C96-LeaderElection51] INFO  impl.LeaderElection (LeaderElection.java:askForVotes(178)) - 75b5220e-e7c8-4312-8c4b-73d9cd51c490@group-EEC2B73A2C96-LeaderElection51: begin an election at term 1 for -1: [75b5220e-e7c8-4312-8c4b-73d9cd51c490:192.168.5.175:40451], old=null
2019-10-10 18:56:08,111 [75b5220e-e7c8-4312-8c4b-73d9cd51c490@group-EEC2B73A2C96-LeaderElection51] INFO  impl.RoleInfo (RoleInfo.java:shutdownLeaderElection(134)) - 75b5220e-e7c8-4312-8c4b-73d9cd51c490: shutdown LeaderElection
2019-10-10 18:56:08,111 [75b5220e-e7c8-4312-8c4b-73d9cd51c490@group-EEC2B73A2C96-LeaderElection51] INFO  impl.RaftServerImpl (RaftServerImpl.java:setRole(170)) - 75b5220e-e7c8-4312-8c4b-73d9cd51c490@group-EEC2B73A2C96: changes role from CANDIDATE to LEADER at term 1 for changeToLeader
2019-10-10 18:56:08,111 [75b5220e-e7c8-4312-8c4b-73d9cd51c490@group-EEC2B73A2C96-LeaderElection51] INFO  impl.RaftServerImpl (ServerState.java:setLeader(255)) - 75b5220e-e7c8-4312-8c4b-73d9cd51c490@group-EEC2B73A2C96: change Leader from null to 75b5220e-e7c8-4312-8c4b-73d9cd51c490 at term 1 for becomeLeader, leader elected after 5052ms
2019-10-10 18:56:08,112 [75b5220e-e7c8-4312-8c4b-73d9cd51c490@group-EEC2B73A2C96-LeaderElection51] INFO  server.RaftServerConfigKeys (ConfUtils.java:logGet(43)) - raft.server.staging.catchup.gap = 1000 (default)
2019-10-10 18:56:08,112 [75b5220e-e7c8-4312-8c4b-73d9cd51c490@group-EEC2B73A2C96-LeaderElection51] INFO  server.RaftServerConfigKeys (ConfUtils.java:logGet(43)) - raft.server.rpc.sleep.time = 25ms (default)
2019-10-10 18:56:08,112 [75b5220e-e7c8-4312-8c4b-73d9cd51c490@group-EEC2B73A2C96-LeaderElection51] INFO  server.RaftServerConfigKeys (ConfUtils.java:logGet(43)) - raft.server.write.element-limit = 4096 (default)
2019-10-10 18:56:08,113 [75b5220e-e7c8-4312-8c4b-73d9cd51c490@group-EEC2B73A2C96-LeaderElection51] INFO  server.RaftServerConfigKeys (ConfUtils.java:logGet(43)) - raft.server.watch.timeout = 10s (default)
2019-10-10 18:56:08,113 [75b5220e-e7c8-4312-8c4b-73d9cd51c490@group-EEC2B73A2C96-LeaderElection51] INFO  server.RaftServerConfigKeys (ConfUtils.java:logGet(43)) - raft.server.watch.timeout.denomination = 1s (default)
2019-10-10 18:56:08,113 [75b5220e-e7c8-4312-8c4b-73d9cd51c490@group-EEC2B73A2C96-LeaderElection51] INFO  server.RaftServerConfigKeys (ConfUtils.java:logGet(43)) - raft.server.watch.element-limit = 65536 (default)
2019-10-10 18:56:08,117 [75b5220e-e7c8-4312-8c4b-73d9cd51c490@group-EEC2B73A2C96-LeaderElection51] INFO  impl.RoleInfo (RoleInfo.java:updateAndGet(143)) - 75b5220e-e7c8-4312-8c4b-73d9cd51c490: start LeaderState
2019-10-10 18:56:08,118 [75b5220e-e7c8-4312-8c4b-73d9cd51c490@group-EEC2B73A2C96-LeaderElection51] INFO  segmented.SegmentedRaftLogWorker (SegmentedRaftLogWorker.java:startLogSegment(385)) - 75b5220e-e7c8-4312-8c4b-73d9cd51c490@group-EEC2B73A2C96-SegmentedRaftLogWorker: Starting segment from index:0
2019-10-10 18:56:08,119 [75b5220e-e7c8-4312-8c4b-73d9cd51c490@group-EEC2B73A2C96-LeaderElection51] INFO  impl.RaftServerImpl (ServerState.java:setRaftConf(356)) - 75b5220e-e7c8-4312-8c4b-73d9cd51c490@group-EEC2B73A2C96: set configuration 0: [75b5220e-e7c8-4312-8c4b-73d9cd51c490:192.168.5.175:40451], old=null at 0
2019-10-10 18:56:08,167 [75b5220e-e7c8-4312-8c4b-73d9cd51c490@group-EEC2B73A2C96-SegmentedRaftLogWorker] INFO  segmented.SegmentedRaftLogWorker (SegmentedRaftLogWorker.java:execute(574)) - 75b5220e-e7c8-4312-8c4b-73d9cd51c490@group-EEC2B73A2C96-SegmentedRaftLogWorker: created new log segment /workdir/hadoop-ozone/integration-test/target/test-dir/MiniOzoneClusterImpl-3e93a460-8f12-4994-956c-622a6d5fe63d/datanode-0/data/ratis/0c06c982-68ab-4482-b025-eec2b73a2c96/current/log_inprogress_0
2019-10-10 18:56:08,238 [Thread-1449] INFO  impl.FollowerState (FollowerState.java:run(108)) - eeda6462-8660-4cf3-b39a-3e2831ed42ce@group-09C48FB1B100-FollowerState: change to CANDIDATE, lastRpcTime:5097ms, electionTimeout:5097ms
2019-10-10 18:56:08,238 [Thread-1449] INFO  impl.RoleInfo (RoleInfo.java:shutdownFollowerState(121)) - eeda6462-8660-4cf3-b39a-3e2831ed42ce: shutdown FollowerState
2019-10-10 18:56:08,238 [Thread-1449] INFO  impl.RaftServerImpl (RaftServerImpl.java:setRole(170)) - eeda6462-8660-4cf3-b39a-3e2831ed42ce@group-09C48FB1B100: changes role from  FOLLOWER to CANDIDATE at term 0 for changeToCandidate
2019-10-10 18:56:08,238 [Thread-1449] INFO  impl.RoleInfo (RoleInfo.java:updateAndGet(143)) - eeda6462-8660-4cf3-b39a-3e2831ed42ce: start LeaderElection
2019-10-10 18:56:08,260 [eeda6462-8660-4cf3-b39a-3e2831ed42ce@group-09C48FB1B100-LeaderElection52] INFO  impl.LeaderElection (LeaderElection.java:askForVotes(178)) - eeda6462-8660-4cf3-b39a-3e2831ed42ce@group-09C48FB1B100-LeaderElection52: begin an election at term 1 for -1: [eeda6462-8660-4cf3-b39a-3e2831ed42ce:192.168.5.175:40980], old=null
2019-10-10 18:56:08,261 [eeda6462-8660-4cf3-b39a-3e2831ed42ce@group-09C48FB1B100-LeaderElection52] INFO  impl.RoleInfo (RoleInfo.java:shutdownLeaderElection(134)) - eeda6462-8660-4cf3-b39a-3e2831ed42ce: shutdown LeaderElection
2019-10-10 18:56:08,261 [eeda6462-8660-4cf3-b39a-3e2831ed42ce@group-09C48FB1B100-LeaderElection52] INFO  impl.RaftServerImpl (RaftServerImpl.java:setRole(170)) - eeda6462-8660-4cf3-b39a-3e2831ed42ce@group-09C48FB1B100: changes role from CANDIDATE to LEADER at term 1 for changeToLeader
2019-10-10 18:56:08,261 [eeda6462-8660-4cf3-b39a-3e2831ed42ce@group-09C48FB1B100-LeaderElection52] INFO  impl.RaftServerImpl (ServerState.java:setLeader(255)) - eeda6462-8660-4cf3-b39a-3e2831ed42ce@group-09C48FB1B100: change Leader from null to eeda6462-8660-4cf3-b39a-3e2831ed42ce at term 1 for becomeLeader, leader elected after 5130ms
2019-10-10 18:56:08,261 [eeda6462-8660-4cf3-b39a-3e2831ed42ce@group-09C48FB1B100-LeaderElection52] INFO  server.RaftServerConfigKeys (ConfUtils.java:logGet(43)) - raft.server.staging.catchup.gap = 1000 (default)
2019-10-10 18:56:08,261 [eeda6462-8660-4cf3-b39a-3e2831ed42ce@group-09C48FB1B100-LeaderElection52] INFO  server.RaftServerConfigKeys (ConfUtils.java:logGet(43)) - raft.server.rpc.sleep.time = 25ms (default)
2019-10-10 18:56:08,262 [eeda6462-8660-4cf3-b39a-3e2831ed42ce@group-09C48FB1B100-LeaderElection52] INFO  server.RaftServerConfigKeys (ConfUtils.java:logGet(43)) - raft.server.write.element-limit = 4096 (default)
2019-10-10 18:56:08,262 [eeda6462-8660-4cf3-b39a-3e2831ed42ce@group-09C48FB1B100-LeaderElection52] INFO  server.RaftServerConfigKeys (ConfUtils.java:logGet(43)) - raft.server.watch.timeout = 10s (default)
2019-10-10 18:56:08,262 [eeda6462-8660-4cf3-b39a-3e2831ed42ce@group-09C48FB1B100-LeaderElection52] INFO  server.RaftServerConfigKeys (ConfUtils.java:logGet(43)) - raft.server.watch.timeout.denomination = 1s (default)
2019-10-10 18:56:08,262 [eeda6462-8660-4cf3-b39a-3e2831ed42ce@group-09C48FB1B100-LeaderElection52] INFO  server.RaftServerConfigKeys (ConfUtils.java:logGet(43)) - raft.server.watch.element-limit = 65536 (default)
2019-10-10 18:56:08,265 [eeda6462-8660-4cf3-b39a-3e2831ed42ce@group-09C48FB1B100-LeaderElection52] INFO  impl.RoleInfo (RoleInfo.java:updateAndGet(143)) - eeda6462-8660-4cf3-b39a-3e2831ed42ce: start LeaderState
2019-10-10 18:56:08,265 [eeda6462-8660-4cf3-b39a-3e2831ed42ce@group-09C48FB1B100-LeaderElection52] INFO  segmented.SegmentedRaftLogWorker (SegmentedRaftLogWorker.java:startLogSegment(385)) - eeda6462-8660-4cf3-b39a-3e2831ed42ce@group-09C48FB1B100-SegmentedRaftLogWorker: Starting segment from index:0
2019-10-10 18:56:08,266 [eeda6462-8660-4cf3-b39a-3e2831ed42ce@group-09C48FB1B100-LeaderElection52] INFO  impl.RaftServerImpl (ServerState.java:setRaftConf(356)) - eeda6462-8660-4cf3-b39a-3e2831ed42ce@group-09C48FB1B100: set configuration 0: [eeda6462-8660-4cf3-b39a-3e2831ed42ce:192.168.5.175:40980], old=null at 0
2019-10-10 18:56:08,312 [eeda6462-8660-4cf3-b39a-3e2831ed42ce@group-09C48FB1B100-SegmentedRaftLogWorker] INFO  segmented.SegmentedRaftLogWorker (SegmentedRaftLogWorker.java:execute(574)) - eeda6462-8660-4cf3-b39a-3e2831ed42ce@group-09C48FB1B100-SegmentedRaftLogWorker: created new log segment /workdir/hadoop-ozone/integration-test/target/test-dir/MiniOzoneClusterImpl-3e93a460-8f12-4994-956c-622a6d5fe63d/datanode-1/data/ratis/e23afe83-0834-4fd5-959c-09c48fb1b100/current/log_inprogress_0
2019-10-10 18:56:08,348 [Thread-1460] INFO  impl.FollowerState (FollowerState.java:run(108)) - 12a9a7aa-6562-40ed-85de-9a2aa2bb6d39@group-B0BE3D968BF3-FollowerState: change to CANDIDATE, lastRpcTime:5032ms, electionTimeout:5032ms
2019-10-10 18:56:08,348 [Thread-1460] INFO  impl.RoleInfo (RoleInfo.java:shutdownFollowerState(121)) - 12a9a7aa-6562-40ed-85de-9a2aa2bb6d39: shutdown FollowerState
2019-10-10 18:56:08,348 [Thread-1460] INFO  impl.RaftServerImpl (RaftServerImpl.java:setRole(170)) - 12a9a7aa-6562-40ed-85de-9a2aa2bb6d39@group-B0BE3D968BF3: changes role from  FOLLOWER to CANDIDATE at term 0 for changeToCandidate
2019-10-10 18:56:08,348 [Thread-1460] INFO  impl.RoleInfo (RoleInfo.java:updateAndGet(143)) - 12a9a7aa-6562-40ed-85de-9a2aa2bb6d39: start LeaderElection
2019-10-10 18:56:08,364 [Thread-1452] INFO  impl.FollowerState (FollowerState.java:run(108)) - e1741d25-1160-415c-8281-fbf7b32058a7@group-317644267A05-FollowerState: change to CANDIDATE, lastRpcTime:5167ms, electionTimeout:5167ms
2019-10-10 18:56:08,364 [Thread-1452] INFO  impl.RoleInfo (RoleInfo.java:shutdownFollowerState(121)) - e1741d25-1160-415c-8281-fbf7b32058a7: shutdown FollowerState
2019-10-10 18:56:08,364 [Thread-1452] INFO  impl.RaftServerImpl (RaftServerImpl.java:setRole(170)) - e1741d25-1160-415c-8281-fbf7b32058a7@group-317644267A05: changes role from  FOLLOWER to CANDIDATE at term 0 for changeToCandidate
2019-10-10 18:56:08,364 [Thread-1452] INFO  impl.RoleInfo (RoleInfo.java:updateAndGet(143)) - e1741d25-1160-415c-8281-fbf7b32058a7: start LeaderElection
2019-10-10 18:56:08,367 [12a9a7aa-6562-40ed-85de-9a2aa2bb6d39@group-B0BE3D968BF3-LeaderElection53] INFO  impl.LeaderElection (LeaderElection.java:askForVotes(178)) - 12a9a7aa-6562-40ed-85de-9a2aa2bb6d39@group-B0BE3D968BF3-LeaderElection53: begin an election at term 1 for -1: [75b5220e-e7c8-4312-8c4b-73d9cd51c490:192.168.5.175:40451, 12a9a7aa-6562-40ed-85de-9a2aa2bb6d39:192.168.5.175:41015, eeda6462-8660-4cf3-b39a-3e2831ed42ce:192.168.5.175:40980], old=null
2019-10-10 18:56:08,373 [Thread-1462] INFO  impl.FollowerState (FollowerState.java:run(108)) - 75b5220e-e7c8-4312-8c4b-73d9cd51c490@group-B0BE3D968BF3-FollowerState: change to CANDIDATE, lastRpcTime:5051ms, electionTimeout:5050ms
2019-10-10 18:56:08,373 [Thread-1462] INFO  impl.RoleInfo (RoleInfo.java:shutdownFollowerState(121)) - 75b5220e-e7c8-4312-8c4b-73d9cd51c490: shutdown FollowerState
2019-10-10 18:56:08,373 [Thread-1462] INFO  impl.RaftServerImpl (RaftServerImpl.java:setRole(170)) - 75b5220e-e7c8-4312-8c4b-73d9cd51c490@group-B0BE3D968BF3: changes role from  FOLLOWER to CANDIDATE at term 0 for changeToCandidate
2019-10-10 18:56:08,373 [Thread-1462] INFO  impl.RoleInfo (RoleInfo.java:updateAndGet(143)) - 75b5220e-e7c8-4312-8c4b-73d9cd51c490: start LeaderElection
2019-10-10 18:56:08,386 [e1741d25-1160-415c-8281-fbf7b32058a7@group-317644267A05-LeaderElection54] INFO  impl.LeaderElection (LeaderElection.java:askForVotes(178)) - e1741d25-1160-415c-8281-fbf7b32058a7@group-317644267A05-LeaderElection54: begin an election at term 1 for -1: [e1741d25-1160-415c-8281-fbf7b32058a7:192.168.5.175:37750], old=null
2019-10-10 18:56:08,386 [75b5220e-e7c8-4312-8c4b-73d9cd51c490@group-B0BE3D968BF3-LeaderElection55] INFO  impl.LeaderElection (LeaderElection.java:askForVotes(178)) - 75b5220e-e7c8-4312-8c4b-73d9cd51c490@group-B0BE3D968BF3-LeaderElection55: begin an election at term 1 for -1: [75b5220e-e7c8-4312-8c4b-73d9cd51c490:192.168.5.175:40451, 12a9a7aa-6562-40ed-85de-9a2aa2bb6d39:192.168.5.175:41015, eeda6462-8660-4cf3-b39a-3e2831ed42ce:192.168.5.175:40980], old=null
2019-10-10 18:56:08,387 [e1741d25-1160-415c-8281-fbf7b32058a7@group-317644267A05-LeaderElection54] INFO  impl.RoleInfo (RoleInfo.java:shutdownLeaderElection(134)) - e1741d25-1160-415c-8281-fbf7b32058a7: shutdown LeaderElection
2019-10-10 18:56:08,387 [e1741d25-1160-415c-8281-fbf7b32058a7@group-317644267A05-LeaderElection54] INFO  impl.RaftServerImpl (RaftServerImpl.java:setRole(170)) - e1741d25-1160-415c-8281-fbf7b32058a7@group-317644267A05: changes role from CANDIDATE to LEADER at term 1 for changeToLeader
2019-10-10 18:56:08,387 [e1741d25-1160-415c-8281-fbf7b32058a7@group-317644267A05-LeaderElection54] INFO  impl.RaftServerImpl (ServerState.java:setLeader(255)) - e1741d25-1160-415c-8281-fbf7b32058a7@group-317644267A05: change Leader from null to e1741d25-1160-415c-8281-fbf7b32058a7 at term 1 for becomeLeader, leader elected after 5199ms
2019-10-10 18:56:08,387 [e1741d25-1160-415c-8281-fbf7b32058a7@group-317644267A05-LeaderElection54] INFO  server.RaftServerConfigKeys (ConfUtils.java:logGet(43)) - raft.server.staging.catchup.gap = 1000 (default)
2019-10-10 18:56:08,388 [e1741d25-1160-415c-8281-fbf7b32058a7@group-317644267A05-LeaderElection54] INFO  server.RaftServerConfigKeys (ConfUtils.java:logGet(43)) - raft.server.rpc.sleep.time = 25ms (default)
2019-10-10 18:56:08,398 [grpc-default-executor-5] INFO  impl.RaftServerImpl (RaftServerImpl.java:setRole(170)) - eeda6462-8660-4cf3-b39a-3e2831ed42ce@group-B0BE3D968BF3: changes role from  FOLLOWER to FOLLOWER at term 1 for recognizeCandidate:12a9a7aa-6562-40ed-85de-9a2aa2bb6d39
2019-10-10 18:56:08,402 [grpc-default-executor-5] INFO  impl.RoleInfo (RoleInfo.java:shutdownFollowerState(121)) - eeda6462-8660-4cf3-b39a-3e2831ed42ce: shutdown FollowerState
2019-10-10 18:56:08,402 [e1741d25-1160-415c-8281-fbf7b32058a7@group-317644267A05-LeaderElection54] INFO  server.RaftServerConfigKeys (ConfUtils.java:logGet(43)) - raft.server.write.element-limit = 4096 (default)
2019-10-10 18:56:08,402 [grpc-default-executor-5] INFO  impl.RoleInfo (RoleInfo.java:updateAndGet(143)) - eeda6462-8660-4cf3-b39a-3e2831ed42ce: start FollowerState
2019-10-10 18:56:08,402 [e1741d25-1160-415c-8281-fbf7b32058a7@group-317644267A05-LeaderElection54] INFO  server.RaftServerConfigKeys (ConfUtils.java:logGet(43)) - raft.server.watch.timeout = 10s (default)
2019-10-10 18:56:08,402 [Thread-1461] INFO  impl.FollowerState (FollowerState.java:run(117)) - eeda6462-8660-4cf3-b39a-3e2831ed42ce@group-B0BE3D968BF3-FollowerState was interrupted: java.lang.InterruptedException: sleep interrupted
2019-10-10 18:56:08,403 [e1741d25-1160-415c-8281-fbf7b32058a7@group-317644267A05-LeaderElection54] INFO  server.RaftServerConfigKeys (ConfUtils.java:logGet(43)) - raft.server.watch.timeout.denomination = 1s (default)
2019-10-10 18:56:08,407 [e1741d25-1160-415c-8281-fbf7b32058a7@group-317644267A05-LeaderElection54] INFO  server.RaftServerConfigKeys (ConfUtils.java:logGet(43)) - raft.server.watch.element-limit = 65536 (default)
2019-10-10 18:56:08,416 [e1741d25-1160-415c-8281-fbf7b32058a7@group-317644267A05-LeaderElection54] INFO  impl.RoleInfo (RoleInfo.java:updateAndGet(143)) - e1741d25-1160-415c-8281-fbf7b32058a7: start LeaderState
2019-10-10 18:56:08,419 [e1741d25-1160-415c-8281-fbf7b32058a7@group-317644267A05-LeaderElection54] INFO  segmented.SegmentedRaftLogWorker (SegmentedRaftLogWorker.java:startLogSegment(385)) - e1741d25-1160-415c-8281-fbf7b32058a7@group-317644267A05-SegmentedRaftLogWorker: Starting segment from index:0
2019-10-10 18:56:08,423 [e1741d25-1160-415c-8281-fbf7b32058a7@group-317644267A05-LeaderElection54] INFO  impl.RaftServerImpl (ServerState.java:setRaftConf(356)) - e1741d25-1160-415c-8281-fbf7b32058a7@group-317644267A05: set configuration 0: [e1741d25-1160-415c-8281-fbf7b32058a7:192.168.5.175:37750], old=null at 0
2019-10-10 18:56:08,454 [Thread-1455] INFO  impl.FollowerState (FollowerState.java:run(108)) - 12a9a7aa-6562-40ed-85de-9a2aa2bb6d39@group-541CD1EC78F9-FollowerState: change to CANDIDATE, lastRpcTime:5204ms, electionTimeout:5187ms
2019-10-10 18:56:08,454 [Thread-1455] INFO  impl.RoleInfo (RoleInfo.java:shutdownFollowerState(121)) - 12a9a7aa-6562-40ed-85de-9a2aa2bb6d39: shutdown FollowerState
2019-10-10 18:56:08,454 [Thread-1455] INFO  impl.RaftServerImpl (RaftServerImpl.java:setRole(170)) - 12a9a7aa-6562-40ed-85de-9a2aa2bb6d39@group-541CD1EC78F9: changes role from  FOLLOWER to CANDIDATE at term 0 for changeToCandidate
2019-10-10 18:56:08,458 [12a9a7aa-6562-40ed-85de-9a2aa2bb6d39@group-B0BE3D968BF3-LeaderElection53] INFO  impl.LeaderElection (LeaderElection.java:logAndReturn(56)) - 12a9a7aa-6562-40ed-85de-9a2aa2bb6d39@group-B0BE3D968BF3-LeaderElection53: Election PASSED; received 2 response(s) [12a9a7aa-6562-40ed-85de-9a2aa2bb6d39<-75b5220e-e7c8-4312-8c4b-73d9cd51c490#0:FAIL-t1, 12a9a7aa-6562-40ed-85de-9a2aa2bb6d39<-eeda6462-8660-4cf3-b39a-3e2831ed42ce#0:OK-t1] and 0 exception(s); 12a9a7aa-6562-40ed-85de-9a2aa2bb6d39@group-B0BE3D968BF3:t1, leader=null, voted=12a9a7aa-6562-40ed-85de-9a2aa2bb6d39, raftlog=12a9a7aa-6562-40ed-85de-9a2aa2bb6d39@group-B0BE3D968BF3-SegmentedRaftLog:OPENED:c-1,f-1,i0, conf=-1: [75b5220e-e7c8-4312-8c4b-73d9cd51c490:192.168.5.175:40451, 12a9a7aa-6562-40ed-85de-9a2aa2bb6d39:192.168.5.175:41015, eeda6462-8660-4cf3-b39a-3e2831ed42ce:192.168.5.175:40980], old=null
2019-10-10 18:56:08,458 [12a9a7aa-6562-40ed-85de-9a2aa2bb6d39@group-B0BE3D968BF3-LeaderElection53] INFO  impl.RoleInfo (RoleInfo.java:shutdownLeaderElection(134)) - 12a9a7aa-6562-40ed-85de-9a2aa2bb6d39: shutdown LeaderElection
2019-10-10 18:56:08,458 [Thread-1455] INFO  impl.RoleInfo (RoleInfo.java:updateAndGet(143)) - 12a9a7aa-6562-40ed-85de-9a2aa2bb6d39: start LeaderElection
2019-10-10 18:56:08,465 [12a9a7aa-6562-40ed-85de-9a2aa2bb6d39@group-B0BE3D968BF3-LeaderElection53] INFO  impl.RaftServerImpl (RaftServerImpl.java:setRole(170)) - 12a9a7aa-6562-40ed-85de-9a2aa2bb6d39@group-B0BE3D968BF3: changes role from CANDIDATE to LEADER at term 1 for changeToLeader
2019-10-10 18:56:08,465 [12a9a7aa-6562-40ed-85de-9a2aa2bb6d39@group-B0BE3D968BF3-LeaderElection53] INFO  impl.RaftServerImpl (ServerState.java:setLeader(255)) - 12a9a7aa-6562-40ed-85de-9a2aa2bb6d39@group-B0BE3D968BF3: change Leader from null to 12a9a7aa-6562-40ed-85de-9a2aa2bb6d39 at term 1 for becomeLeader, leader elected after 5159ms
2019-10-10 18:56:08,465 [12a9a7aa-6562-40ed-85de-9a2aa2bb6d39@group-B0BE3D968BF3-LeaderElection53] INFO  server.RaftServerConfigKeys (ConfUtils.java:logGet(43)) - raft.server.staging.catchup.gap = 1000 (default)
2019-10-10 18:56:08,471 [75b5220e-e7c8-4312-8c4b-73d9cd51c490@group-B0BE3D968BF3-LeaderElection55] INFO  impl.LeaderElection (LeaderElection.java:logAndReturn(56)) - 75b5220e-e7c8-4312-8c4b-73d9cd51c490@group-B0BE3D968BF3-LeaderElection55: Election REJECTED; received 2 response(s) [75b5220e-e7c8-4312-8c4b-73d9cd51c490<-12a9a7aa-6562-40ed-85de-9a2aa2bb6d39#0:FAIL-t1, 75b5220e-e7c8-4312-8c4b-73d9cd51c490<-eeda6462-8660-4cf3-b39a-3e2831ed42ce#0:FAIL-t1] and 0 exception(s); 75b5220e-e7c8-4312-8c4b-73d9cd51c490@group-B0BE3D968BF3:t1, leader=null, voted=75b5220e-e7c8-4312-8c4b-73d9cd51c490, raftlog=75b5220e-e7c8-4312-8c4b-73d9cd51c490@group-B0BE3D968BF3-SegmentedRaftLog:OPENED:c-1,f-1,i0, conf=-1: [75b5220e-e7c8-4312-8c4b-73d9cd51c490:192.168.5.175:40451, 12a9a7aa-6562-40ed-85de-9a2aa2bb6d39:192.168.5.175:41015, eeda6462-8660-4cf3-b39a-3e2831ed42ce:192.168.5.175:40980], old=null
2019-10-10 18:56:08,471 [Thread-1473] INFO  impl.FollowerState (FollowerState.java:run(108)) - f92015c6-2a92-4b2a-8d10-eea158f9d1c8@group-6F0D31378E7D-FollowerState: change to CANDIDATE, lastRpcTime:5053ms, electionTimeout:5049ms
2019-10-10 18:56:08,471 [12a9a7aa-6562-40ed-85de-9a2aa2bb6d39@group-B0BE3D968BF3-LeaderElection53] INFO  server.RaftServerConfigKeys (ConfUtils.java:logGet(43)) - raft.server.rpc.sleep.time = 25ms (default)
2019-10-10 18:56:08,474 [Thread-1473] INFO  impl.RoleInfo (RoleInfo.java:shutdownFollowerState(121)) - f92015c6-2a92-4b2a-8d10-eea158f9d1c8: shutdown FollowerState
2019-10-10 18:56:08,474 [12a9a7aa-6562-40ed-85de-9a2aa2bb6d39@group-B0BE3D968BF3-LeaderElection53] INFO  server.RaftServerConfigKeys (ConfUtils.java:logGet(43)) - raft.server.write.element-limit = 4096 (default)
2019-10-10 18:56:08,471 [75b5220e-e7c8-4312-8c4b-73d9cd51c490@group-B0BE3D968BF3-LeaderElection55] INFO  impl.RaftServerImpl (RaftServerImpl.java:setRole(170)) - 75b5220e-e7c8-4312-8c4b-73d9cd51c490@group-B0BE3D968BF3: changes role from CANDIDATE to FOLLOWER at term 1 for DISCOVERED_A_NEW_TERM
2019-10-10 18:56:08,475 [75b5220e-e7c8-4312-8c4b-73d9cd51c490@group-B0BE3D968BF3-LeaderElection55] INFO  impl.RoleInfo (RoleInfo.java:shutdownLeaderElection(134)) - 75b5220e-e7c8-4312-8c4b-73d9cd51c490: shutdown LeaderElection
2019-10-10 18:56:08,471 [e1741d25-1160-415c-8281-fbf7b32058a7@group-317644267A05-SegmentedRaftLogWorker] INFO  segmented.SegmentedRaftLogWorker (SegmentedRaftLogWorker.java:execute(574)) - e1741d25-1160-415c-8281-fbf7b32058a7@group-317644267A05-SegmentedRaftLogWorker: created new log segment /workdir/hadoop-ozone/integration-test/target/test-dir/MiniOzoneClusterImpl-3e93a460-8f12-4994-956c-622a6d5fe63d/datanode-2/data/ratis/813af561-c4ff-4e31-b29b-317644267a05/current/log_inprogress_0
2019-10-10 18:56:08,471 [Thread-1467] INFO  impl.FollowerState (FollowerState.java:run(108)) - e1741d25-1160-415c-8281-fbf7b32058a7@group-6F0D31378E7D-FollowerState: change to CANDIDATE, lastRpcTime:5075ms, electionTimeout:5074ms
2019-10-10 18:56:08,475 [75b5220e-e7c8-4312-8c4b-73d9cd51c490@group-B0BE3D968BF3-LeaderElection55] INFO  impl.RoleInfo (RoleInfo.java:updateAndGet(143)) - 75b5220e-e7c8-4312-8c4b-73d9cd51c490: start FollowerState
2019-10-10 18:56:08,475 [12a9a7aa-6562-40ed-85de-9a2aa2bb6d39@group-B0BE3D968BF3-LeaderElection53] INFO  server.RaftServerConfigKeys (ConfUtils.java:logGet(43)) - raft.server.watch.timeout = 10s (default)
2019-10-10 18:56:08,474 [Thread-1473] INFO  impl.RaftServerImpl (RaftServerImpl.java:setRole(170)) - f92015c6-2a92-4b2a-8d10-eea158f9d1c8@group-6F0D31378E7D: changes role from  FOLLOWER to CANDIDATE at term 0 for changeToCandidate
2019-10-10 18:56:08,476 [12a9a7aa-6562-40ed-85de-9a2aa2bb6d39@group-B0BE3D968BF3-LeaderElection53] INFO  server.RaftServerConfigKeys (ConfUtils.java:logGet(43)) - raft.server.watch.timeout.denomination = 1s (default)
2019-10-10 18:56:08,476 [12a9a7aa-6562-40ed-85de-9a2aa2bb6d39@group-B0BE3D968BF3-LeaderElection53] INFO  server.RaftServerConfigKeys (ConfUtils.java:logGet(43)) - raft.server.watch.element-limit = 65536 (default)
2019-10-10 18:56:08,475 [Thread-1467] INFO  impl.RoleInfo (RoleInfo.java:shutdownFollowerState(121)) - e1741d25-1160-415c-8281-fbf7b32058a7: shutdown FollowerState
2019-10-10 18:56:08,476 [Thread-1473] INFO  impl.RoleInfo (RoleInfo.java:updateAndGet(143)) - f92015c6-2a92-4b2a-8d10-eea158f9d1c8: start LeaderElection
2019-10-10 18:56:08,476 [Thread-1467] INFO  impl.RaftServerImpl (RaftServerImpl.java:setRole(170)) - e1741d25-1160-415c-8281-fbf7b32058a7@group-6F0D31378E7D: changes role from  FOLLOWER to CANDIDATE at term 0 for changeToCandidate
2019-10-10 18:56:08,477 [Thread-1467] INFO  impl.RoleInfo (RoleInfo.java:updateAndGet(143)) - e1741d25-1160-415c-8281-fbf7b32058a7: start LeaderElection
2019-10-10 18:56:08,490 [12a9a7aa-6562-40ed-85de-9a2aa2bb6d39@group-541CD1EC78F9-LeaderElection56] INFO  impl.LeaderElection (LeaderElection.java:askForVotes(178)) - 12a9a7aa-6562-40ed-85de-9a2aa2bb6d39@group-541CD1EC78F9-LeaderElection56: begin an election at term 1 for -1: [12a9a7aa-6562-40ed-85de-9a2aa2bb6d39:192.168.5.175:41015], old=null
2019-10-10 18:56:08,490 [12a9a7aa-6562-40ed-85de-9a2aa2bb6d39@group-541CD1EC78F9-LeaderElection56] INFO  impl.RoleInfo (RoleInfo.java:shutdownLeaderElection(134)) - 12a9a7aa-6562-40ed-85de-9a2aa2bb6d39: shutdown LeaderElection
2019-10-10 18:56:08,490 [12a9a7aa-6562-40ed-85de-9a2aa2bb6d39@group-541CD1EC78F9-LeaderElection56] INFO  impl.RaftServerImpl (RaftServerImpl.java:setRole(170)) - 12a9a7aa-6562-40ed-85de-9a2aa2bb6d39@group-541CD1EC78F9: changes role from CANDIDATE to LEADER at term 1 for changeToLeader
2019-10-10 18:56:08,490 [12a9a7aa-6562-40ed-85de-9a2aa2bb6d39@group-541CD1EC78F9-LeaderElection56] INFO  impl.RaftServerImpl (ServerState.java:setLeader(255)) - 12a9a7aa-6562-40ed-85de-9a2aa2bb6d39@group-541CD1EC78F9: change Leader from null to 12a9a7aa-6562-40ed-85de-9a2aa2bb6d39 at term 1 for becomeLeader, leader elected after 5249ms
2019-10-10 18:56:08,491 [12a9a7aa-6562-40ed-85de-9a2aa2bb6d39@group-541CD1EC78F9-LeaderElection56] INFO  server.RaftServerConfigKeys (ConfUtils.java:logGet(43)) - raft.server.staging.catchup.gap = 1000 (default)
2019-10-10 18:56:08,491 [12a9a7aa-6562-40ed-85de-9a2aa2bb6d39@group-541CD1EC78F9-LeaderElection56] INFO  server.RaftServerConfigKeys (ConfUtils.java:logGet(43)) - raft.server.rpc.sleep.time = 25ms (default)
2019-10-10 18:56:08,491 [12a9a7aa-6562-40ed-85de-9a2aa2bb6d39@group-541CD1EC78F9-LeaderElection56] INFO  server.RaftServerConfigKeys (ConfUtils.java:logGet(43)) - raft.server.write.element-limit = 4096 (default)
2019-10-10 18:56:08,491 [12a9a7aa-6562-40ed-85de-9a2aa2bb6d39@group-541CD1EC78F9-LeaderElection56] INFO  server.RaftServerConfigKeys (ConfUtils.java:logGet(43)) - raft.server.watch.timeout = 10s (default)
2019-10-10 18:56:08,491 [12a9a7aa-6562-40ed-85de-9a2aa2bb6d39@group-541CD1EC78F9-LeaderElection56] INFO  server.RaftServerConfigKeys (ConfUtils.java:logGet(43)) - raft.server.watch.timeout.denomination = 1s (default)
2019-10-10 18:56:08,491 [12a9a7aa-6562-40ed-85de-9a2aa2bb6d39@group-541CD1EC78F9-LeaderElection56] INFO  server.RaftServerConfigKeys (ConfUtils.java:logGet(43)) - raft.server.watch.element-limit = 65536 (default)
2019-10-10 18:56:08,492 [12a9a7aa-6562-40ed-85de-9a2aa2bb6d39@group-B0BE3D968BF3-LeaderElection53] INFO  server.RaftServerConfigKeys (ConfUtils.java:logGet(43)) - raft.server.log.appender.snapshot.chunk.size.max = 16MB (=16777216) (default)
2019-10-10 18:56:08,492 [12a9a7aa-6562-40ed-85de-9a2aa2bb6d39@group-B0BE3D968BF3-LeaderElection53] INFO  server.RaftServerConfigKeys (ConfUtils.java:logGet(43)) - raft.server.log.appender.buffer.byte-limit = 33554432 (custom)
2019-10-10 18:56:08,492 [12a9a7aa-6562-40ed-85de-9a2aa2bb6d39@group-B0BE3D968BF3-LeaderElection53] INFO  server.RaftServerConfigKeys (ConfUtils.java:logGet(43)) - raft.server.log.appender.buffer.element-limit = 1 (custom)
2019-10-10 18:56:08,493 [12a9a7aa-6562-40ed-85de-9a2aa2bb6d39@group-B0BE3D968BF3-LeaderElection53] INFO  grpc.GrpcConfigKeys$Server (ConfUtils.java:logGet(43)) - raft.grpc.server.leader.outstanding.appends.max = 128 (default)
2019-10-10 18:56:08,493 [12a9a7aa-6562-40ed-85de-9a2aa2bb6d39@group-B0BE3D968BF3-LeaderElection53] INFO  server.RaftServerConfigKeys (ConfUtils.java:logGet(43)) - raft.server.rpc.request.timeout = 3000ms (default)
2019-10-10 18:56:08,493 [12a9a7aa-6562-40ed-85de-9a2aa2bb6d39@group-B0BE3D968BF3-LeaderElection53] INFO  server.RaftServerConfigKeys (ConfUtils.java:logGet(43)) - raft.server.log.appender.install.snapshot.enabled = false (custom)
2019-10-10 18:56:08,493 [12a9a7aa-6562-40ed-85de-9a2aa2bb6d39@group-B0BE3D968BF3-LeaderElection53] INFO  server.RaftServerConfigKeys (ConfUtils.java:logGet(43)) - raft.server.log.appender.snapshot.chunk.size.max = 16MB (=16777216) (default)
2019-10-10 18:56:08,494 [12a9a7aa-6562-40ed-85de-9a2aa2bb6d39@group-B0BE3D968BF3-LeaderElection53] INFO  server.RaftServerConfigKeys (ConfUtils.java:logGet(43)) - raft.server.log.appender.buffer.byte-limit = 33554432 (custom)
2019-10-10 18:56:08,494 [12a9a7aa-6562-40ed-85de-9a2aa2bb6d39@group-B0BE3D968BF3-LeaderElection53] INFO  server.RaftServerConfigKeys (ConfUtils.java:logGet(43)) - raft.server.log.appender.buffer.element-limit = 1 (custom)
2019-10-10 18:56:08,494 [12a9a7aa-6562-40ed-85de-9a2aa2bb6d39@group-B0BE3D968BF3-LeaderElection53] INFO  grpc.GrpcConfigKeys$Server (ConfUtils.java:logGet(43)) - raft.grpc.server.leader.outstanding.appends.max = 128 (default)
2019-10-10 18:56:08,494 [12a9a7aa-6562-40ed-85de-9a2aa2bb6d39@group-B0BE3D968BF3-LeaderElection53] INFO  server.RaftServerConfigKeys (ConfUtils.java:logGet(43)) - raft.server.rpc.request.timeout = 3000ms (default)
2019-10-10 18:56:08,495 [12a9a7aa-6562-40ed-85de-9a2aa2bb6d39@group-B0BE3D968BF3-LeaderElection53] INFO  server.RaftServerConfigKeys (ConfUtils.java:logGet(43)) - raft.server.log.appender.install.snapshot.enabled = false (custom)
2019-10-10 18:56:08,495 [12a9a7aa-6562-40ed-85de-9a2aa2bb6d39@group-541CD1EC78F9-LeaderElection56] INFO  impl.RoleInfo (RoleInfo.java:updateAndGet(143)) - 12a9a7aa-6562-40ed-85de-9a2aa2bb6d39: start LeaderState
2019-10-10 18:56:08,495 [12a9a7aa-6562-40ed-85de-9a2aa2bb6d39@group-B0BE3D968BF3-LeaderElection53] INFO  impl.RoleInfo (RoleInfo.java:updateAndGet(143)) - 12a9a7aa-6562-40ed-85de-9a2aa2bb6d39: start LeaderState
2019-10-10 18:56:08,495 [12a9a7aa-6562-40ed-85de-9a2aa2bb6d39@group-541CD1EC78F9-LeaderElection56] INFO  segmented.SegmentedRaftLogWorker (SegmentedRaftLogWorker.java:startLogSegment(385)) - 12a9a7aa-6562-40ed-85de-9a2aa2bb6d39@group-541CD1EC78F9-SegmentedRaftLogWorker: Starting segment from index:0
2019-10-10 18:56:08,495 [12a9a7aa-6562-40ed-85de-9a2aa2bb6d39@group-B0BE3D968BF3-LeaderElection53] INFO  segmented.SegmentedRaftLogWorker (SegmentedRaftLogWorker.java:startLogSegment(385)) - 12a9a7aa-6562-40ed-85de-9a2aa2bb6d39@group-B0BE3D968BF3-SegmentedRaftLogWorker: Starting segment from index:0
2019-10-10 18:56:08,496 [12a9a7aa-6562-40ed-85de-9a2aa2bb6d39@group-541CD1EC78F9-LeaderElection56] INFO  impl.RaftServerImpl (ServerState.java:setRaftConf(356)) - 12a9a7aa-6562-40ed-85de-9a2aa2bb6d39@group-541CD1EC78F9: set configuration 0: [12a9a7aa-6562-40ed-85de-9a2aa2bb6d39:192.168.5.175:41015], old=null at 0
2019-10-10 18:56:08,497 [12a9a7aa-6562-40ed-85de-9a2aa2bb6d39@group-B0BE3D968BF3-LeaderElection53] INFO  impl.RaftServerImpl (ServerState.java:setRaftConf(356)) - 12a9a7aa-6562-40ed-85de-9a2aa2bb6d39@group-B0BE3D968BF3: set configuration 0: [75b5220e-e7c8-4312-8c4b-73d9cd51c490:192.168.5.175:40451, 12a9a7aa-6562-40ed-85de-9a2aa2bb6d39:192.168.5.175:41015, eeda6462-8660-4cf3-b39a-3e2831ed42ce:192.168.5.175:40980], old=null at 0
2019-10-10 18:56:08,541 [e1741d25-1160-415c-8281-fbf7b32058a7@group-6F0D31378E7D-LeaderElection58] INFO  impl.LeaderElection (LeaderElection.java:askForVotes(178)) - e1741d25-1160-415c-8281-fbf7b32058a7@group-6F0D31378E7D-LeaderElection58: begin an election at term 1 for -1: [e1741d25-1160-415c-8281-fbf7b32058a7:192.168.5.175:37750, f92015c6-2a92-4b2a-8d10-eea158f9d1c8:192.168.5.175:34057, 30601949-714b-403e-8c0a-795b84baf849:192.168.5.175:34303], old=null
2019-10-10 18:56:08,541 [f92015c6-2a92-4b2a-8d10-eea158f9d1c8@group-6F0D31378E7D-LeaderElection57] INFO  impl.LeaderElection (LeaderElection.java:askForVotes(178)) - f92015c6-2a92-4b2a-8d10-eea158f9d1c8@group-6F0D31378E7D-LeaderElection57: begin an election at term 1 for -1: [e1741d25-1160-415c-8281-fbf7b32058a7:192.168.5.175:37750, f92015c6-2a92-4b2a-8d10-eea158f9d1c8:192.168.5.175:34057, 30601949-714b-403e-8c0a-795b84baf849:192.168.5.175:34303], old=null
2019-10-10 18:56:08,541 [Thread-1474] INFO  impl.FollowerState (FollowerState.java:run(108)) - 30601949-714b-403e-8c0a-795b84baf849@group-6F0D31378E7D-FollowerState: change to CANDIDATE, lastRpcTime:5129ms, electionTimeout:5086ms
2019-10-10 18:56:08,542 [Thread-1474] INFO  impl.RoleInfo (RoleInfo.java:shutdownFollowerState(121)) - 30601949-714b-403e-8c0a-795b84baf849: shutdown FollowerState
2019-10-10 18:56:08,543 [Thread-1474] INFO  impl.RaftServerImpl (RaftServerImpl.java:setRole(170)) - 30601949-714b-403e-8c0a-795b84baf849@group-6F0D31378E7D: changes role from  FOLLOWER to CANDIDATE at term 0 for changeToCandidate
2019-10-10 18:56:08,543 [Thread-1474] INFO  impl.RoleInfo (RoleInfo.java:updateAndGet(143)) - 30601949-714b-403e-8c0a-795b84baf849: start LeaderElection
2019-10-10 18:56:08,553 [12a9a7aa-6562-40ed-85de-9a2aa2bb6d39@group-541CD1EC78F9-SegmentedRaftLogWorker] INFO  segmented.SegmentedRaftLogWorker (SegmentedRaftLogWorker.java:execute(574)) - 12a9a7aa-6562-40ed-85de-9a2aa2bb6d39@group-541CD1EC78F9-SegmentedRaftLogWorker: created new log segment /workdir/hadoop-ozone/integration-test/target/test-dir/MiniOzoneClusterImpl-3e93a460-8f12-4994-956c-622a6d5fe63d/datanode-3/data/ratis/698e0691-9822-4ebf-a882-541cd1ec78f9/current/log_inprogress_0
2019-10-10 18:56:08,554 [12a9a7aa-6562-40ed-85de-9a2aa2bb6d39@group-B0BE3D968BF3-SegmentedRaftLogWorker] INFO  segmented.SegmentedRaftLogWorker (SegmentedRaftLogWorker.java:execute(574)) - 12a9a7aa-6562-40ed-85de-9a2aa2bb6d39@group-B0BE3D968BF3-SegmentedRaftLogWorker: created new log segment /workdir/hadoop-ozone/integration-test/target/test-dir/MiniOzoneClusterImpl-3e93a460-8f12-4994-956c-622a6d5fe63d/datanode-3/data/ratis/8b0aef95-5b9c-492e-98c4-b0be3d968bf3/current/log_inprogress_0
2019-10-10 18:56:08,555 [grpc-default-executor-7] INFO  impl.RaftServerImpl (ServerState.java:setLeader(255)) - eeda6462-8660-4cf3-b39a-3e2831ed42ce@group-B0BE3D968BF3: change Leader from null to 12a9a7aa-6562-40ed-85de-9a2aa2bb6d39 at term 1 for appendEntries, leader elected after 5250ms
2019-10-10 18:56:08,556 [grpc-default-executor-5] INFO  impl.RaftServerImpl (ServerState.java:setLeader(255)) - 75b5220e-e7c8-4312-8c4b-73d9cd51c490@group-B0BE3D968BF3: change Leader from null to 12a9a7aa-6562-40ed-85de-9a2aa2bb6d39 at term 1 for appendEntries, leader elected after 5250ms
2019-10-10 18:56:08,560 [grpc-default-executor-5] INFO  impl.RaftServerImpl (ServerState.java:setRaftConf(356)) - eeda6462-8660-4cf3-b39a-3e2831ed42ce@group-B0BE3D968BF3: set configuration 0: [75b5220e-e7c8-4312-8c4b-73d9cd51c490:192.168.5.175:40451, 12a9a7aa-6562-40ed-85de-9a2aa2bb6d39:192.168.5.175:41015, eeda6462-8660-4cf3-b39a-3e2831ed42ce:192.168.5.175:40980], old=null at 0
2019-10-10 18:56:08,561 [grpc-default-executor-7] INFO  impl.RaftServerImpl (ServerState.java:setRaftConf(356)) - 75b5220e-e7c8-4312-8c4b-73d9cd51c490@group-B0BE3D968BF3: set configuration 0: [75b5220e-e7c8-4312-8c4b-73d9cd51c490:192.168.5.175:40451, 12a9a7aa-6562-40ed-85de-9a2aa2bb6d39:192.168.5.175:41015, eeda6462-8660-4cf3-b39a-3e2831ed42ce:192.168.5.175:40980], old=null at 0
2019-10-10 18:56:08,561 [grpc-default-executor-5] INFO  segmented.SegmentedRaftLogWorker (SegmentedRaftLogWorker.java:startLogSegment(385)) - eeda6462-8660-4cf3-b39a-3e2831ed42ce@group-B0BE3D968BF3-SegmentedRaftLogWorker: Starting segment from index:0
2019-10-10 18:56:08,561 [grpc-default-executor-7] INFO  segmented.SegmentedRaftLogWorker (SegmentedRaftLogWorker.java:startLogSegment(385)) - 75b5220e-e7c8-4312-8c4b-73d9cd51c490@group-B0BE3D968BF3-SegmentedRaftLogWorker: Starting segment from index:0
2019-10-10 18:56:08,568 [30601949-714b-403e-8c0a-795b84baf849@group-6F0D31378E7D-LeaderElection59] INFO  impl.LeaderElection (LeaderElection.java:askForVotes(178)) - 30601949-714b-403e-8c0a-795b84baf849@group-6F0D31378E7D-LeaderElection59: begin an election at term 1 for -1: [e1741d25-1160-415c-8281-fbf7b32058a7:192.168.5.175:37750, f92015c6-2a92-4b2a-8d10-eea158f9d1c8:192.168.5.175:34057, 30601949-714b-403e-8c0a-795b84baf849:192.168.5.175:34303], old=null
2019-10-10 18:56:08,613 [Thread-1481] INFO  impl.FollowerState (FollowerState.java:run(108)) - f92015c6-2a92-4b2a-8d10-eea158f9d1c8@group-8EC6B9034A6A-FollowerState: change to CANDIDATE, lastRpcTime:5062ms, electionTimeout:5043ms
2019-10-10 18:56:08,614 [Thread-1481] INFO  impl.RoleInfo (RoleInfo.java:shutdownFollowerState(121)) - f92015c6-2a92-4b2a-8d10-eea158f9d1c8: shutdown FollowerState
2019-10-10 18:56:08,617 [Thread-1481] INFO  impl.RaftServerImpl (RaftServerImpl.java:setRole(170)) - f92015c6-2a92-4b2a-8d10-eea158f9d1c8@group-8EC6B9034A6A: changes role from  FOLLOWER to CANDIDATE at term 0 for changeToCandidate
2019-10-10 18:56:08,618 [Thread-1481] INFO  impl.RoleInfo (RoleInfo.java:updateAndGet(143)) - f92015c6-2a92-4b2a-8d10-eea158f9d1c8: start LeaderElection
2019-10-10 18:56:08,626 [75b5220e-e7c8-4312-8c4b-73d9cd51c490@group-B0BE3D968BF3-SegmentedRaftLogWorker] INFO  segmented.SegmentedRaftLogWorker (SegmentedRaftLogWorker.java:execute(574)) - 75b5220e-e7c8-4312-8c4b-73d9cd51c490@group-B0BE3D968BF3-SegmentedRaftLogWorker: created new log segment /workdir/hadoop-ozone/integration-test/target/test-dir/MiniOzoneClusterImpl-3e93a460-8f12-4994-956c-622a6d5fe63d/datanode-0/data/ratis/8b0aef95-5b9c-492e-98c4-b0be3d968bf3/current/log_inprogress_0
2019-10-10 18:56:08,626 [eeda6462-8660-4cf3-b39a-3e2831ed42ce@group-B0BE3D968BF3-SegmentedRaftLogWorker] INFO  segmented.SegmentedRaftLogWorker (SegmentedRaftLogWorker.java:execute(574)) - eeda6462-8660-4cf3-b39a-3e2831ed42ce@group-B0BE3D968BF3-SegmentedRaftLogWorker: created new log segment /workdir/hadoop-ozone/integration-test/target/test-dir/MiniOzoneClusterImpl-3e93a460-8f12-4994-956c-622a6d5fe63d/datanode-1/data/ratis/8b0aef95-5b9c-492e-98c4-b0be3d968bf3/current/log_inprogress_0
2019-10-10 18:56:08,630 [e1741d25-1160-415c-8281-fbf7b32058a7@group-6F0D31378E7D-LeaderElection58] INFO  impl.LeaderElection (LeaderElection.java:logAndReturn(56)) - e1741d25-1160-415c-8281-fbf7b32058a7@group-6F0D31378E7D-LeaderElection58: Election REJECTED; received 2 response(s) [e1741d25-1160-415c-8281-fbf7b32058a7<-f92015c6-2a92-4b2a-8d10-eea158f9d1c8#0:FAIL-t1, e1741d25-1160-415c-8281-fbf7b32058a7<-30601949-714b-403e-8c0a-795b84baf849#0:FAIL-t1] and 0 exception(s); e1741d25-1160-415c-8281-fbf7b32058a7@group-6F0D31378E7D:t1, leader=null, voted=e1741d25-1160-415c-8281-fbf7b32058a7, raftlog=e1741d25-1160-415c-8281-fbf7b32058a7@group-6F0D31378E7D-SegmentedRaftLog:OPENED:c-1,f-1,i0, conf=-1: [e1741d25-1160-415c-8281-fbf7b32058a7:192.168.5.175:37750, f92015c6-2a92-4b2a-8d10-eea158f9d1c8:192.168.5.175:34057, 30601949-714b-403e-8c0a-795b84baf849:192.168.5.175:34303], old=null
2019-10-10 18:56:08,630 [e1741d25-1160-415c-8281-fbf7b32058a7@group-6F0D31378E7D-LeaderElection58] INFO  impl.RaftServerImpl (RaftServerImpl.java:setRole(170)) - e1741d25-1160-415c-8281-fbf7b32058a7@group-6F0D31378E7D: changes role from CANDIDATE to FOLLOWER at term 1 for DISCOVERED_A_NEW_TERM
2019-10-10 18:56:08,630 [e1741d25-1160-415c-8281-fbf7b32058a7@group-6F0D31378E7D-LeaderElection58] INFO  impl.RoleInfo (RoleInfo.java:shutdownLeaderElection(134)) - e1741d25-1160-415c-8281-fbf7b32058a7: shutdown LeaderElection
2019-10-10 18:56:08,633 [e1741d25-1160-415c-8281-fbf7b32058a7@group-6F0D31378E7D-LeaderElection58] INFO  impl.RoleInfo (RoleInfo.java:updateAndGet(143)) - e1741d25-1160-415c-8281-fbf7b32058a7: start FollowerState
2019-10-10 18:56:08,636 [f92015c6-2a92-4b2a-8d10-eea158f9d1c8@group-6F0D31378E7D-LeaderElection57] INFO  impl.LeaderElection (LeaderElection.java:logAndReturn(56)) - f92015c6-2a92-4b2a-8d10-eea158f9d1c8@group-6F0D31378E7D-LeaderElection57: Election REJECTED; received 2 response(s) [f92015c6-2a92-4b2a-8d10-eea158f9d1c8<-e1741d25-1160-415c-8281-fbf7b32058a7#0:FAIL-t1, f92015c6-2a92-4b2a-8d10-eea158f9d1c8<-30601949-714b-403e-8c0a-795b84baf849#0:FAIL-t1] and 0 exception(s); f92015c6-2a92-4b2a-8d10-eea158f9d1c8@group-6F0D31378E7D:t1, leader=null, voted=f92015c6-2a92-4b2a-8d10-eea158f9d1c8, raftlog=f92015c6-2a92-4b2a-8d10-eea158f9d1c8@group-6F0D31378E7D-SegmentedRaftLog:OPENED:c-1,f-1,i0, conf=-1: [e1741d25-1160-415c-8281-fbf7b32058a7:192.168.5.175:37750, f92015c6-2a92-4b2a-8d10-eea158f9d1c8:192.168.5.175:34057, 30601949-714b-403e-8c0a-795b84baf849:192.168.5.175:34303], old=null
2019-10-10 18:56:08,639 [f92015c6-2a92-4b2a-8d10-eea158f9d1c8@group-6F0D31378E7D-LeaderElection57] INFO  impl.RaftServerImpl (RaftServerImpl.java:setRole(170)) - f92015c6-2a92-4b2a-8d10-eea158f9d1c8@group-6F0D31378E7D: changes role from CANDIDATE to FOLLOWER at term 1 for DISCOVERED_A_NEW_TERM
2019-10-10 18:56:08,639 [f92015c6-2a92-4b2a-8d10-eea158f9d1c8@group-6F0D31378E7D-LeaderElection57] INFO  impl.RoleInfo (RoleInfo.java:shutdownLeaderElection(134)) - f92015c6-2a92-4b2a-8d10-eea158f9d1c8: shutdown LeaderElection
2019-10-10 18:56:08,639 [f92015c6-2a92-4b2a-8d10-eea158f9d1c8@group-6F0D31378E7D-LeaderElection57] INFO  impl.RoleInfo (RoleInfo.java:updateAndGet(143)) - f92015c6-2a92-4b2a-8d10-eea158f9d1c8: start FollowerState
2019-10-10 18:56:08,645 [f92015c6-2a92-4b2a-8d10-eea158f9d1c8@group-8EC6B9034A6A-LeaderElection60] INFO  impl.LeaderElection (LeaderElection.java:askForVotes(178)) - f92015c6-2a92-4b2a-8d10-eea158f9d1c8@group-8EC6B9034A6A-LeaderElection60: begin an election at term 1 for -1: [f92015c6-2a92-4b2a-8d10-eea158f9d1c8:192.168.5.175:34057], old=null
2019-10-10 18:56:08,647 [f92015c6-2a92-4b2a-8d10-eea158f9d1c8@group-8EC6B9034A6A-LeaderElection60] INFO  impl.RoleInfo (RoleInfo.java:shutdownLeaderElection(134)) - f92015c6-2a92-4b2a-8d10-eea158f9d1c8: shutdown LeaderElection
2019-10-10 18:56:08,648 [f92015c6-2a92-4b2a-8d10-eea158f9d1c8@group-8EC6B9034A6A-LeaderElection60] INFO  impl.RaftServerImpl (RaftServerImpl.java:setRole(170)) - f92015c6-2a92-4b2a-8d10-eea158f9d1c8@group-8EC6B9034A6A: changes role from CANDIDATE to LEADER at term 1 for changeToLeader
2019-10-10 18:56:08,648 [f92015c6-2a92-4b2a-8d10-eea158f9d1c8@group-8EC6B9034A6A-LeaderElection60] INFO  impl.RaftServerImpl (ServerState.java:setLeader(255)) - f92015c6-2a92-4b2a-8d10-eea158f9d1c8@group-8EC6B9034A6A: change Leader from null to f92015c6-2a92-4b2a-8d10-eea158f9d1c8 at term 1 for becomeLeader, leader elected after 5103ms
2019-10-10 18:56:08,648 [f92015c6-2a92-4b2a-8d10-eea158f9d1c8@group-8EC6B9034A6A-LeaderElection60] INFO  server.RaftServerConfigKeys (ConfUtils.java:logGet(43)) - raft.server.staging.catchup.gap = 1000 (default)
2019-10-10 18:56:08,651 [f92015c6-2a92-4b2a-8d10-eea158f9d1c8@group-8EC6B9034A6A-LeaderElection60] INFO  server.RaftServerConfigKeys (ConfUtils.java:logGet(43)) - raft.server.rpc.sleep.time = 25ms (default)
2019-10-10 18:56:08,654 [f92015c6-2a92-4b2a-8d10-eea158f9d1c8@group-8EC6B9034A6A-LeaderElection60] INFO  server.RaftServerConfigKeys (ConfUtils.java:logGet(43)) - raft.server.write.element-limit = 4096 (default)
2019-10-10 18:56:08,654 [f92015c6-2a92-4b2a-8d10-eea158f9d1c8@group-8EC6B9034A6A-LeaderElection60] INFO  server.RaftServerConfigKeys (ConfUtils.java:logGet(43)) - raft.server.watch.timeout = 10s (default)
2019-10-10 18:56:08,654 [30601949-714b-403e-8c0a-795b84baf849@group-6F0D31378E7D-LeaderElection59] INFO  impl.LeaderElection (LeaderElection.java:logAndReturn(56)) - 30601949-714b-403e-8c0a-795b84baf849@group-6F0D31378E7D-LeaderElection59: Election REJECTED; received 2 response(s) [30601949-714b-403e-8c0a-795b84baf849<-e1741d25-1160-415c-8281-fbf7b32058a7#0:FAIL-t1, 30601949-714b-403e-8c0a-795b84baf849<-f92015c6-2a92-4b2a-8d10-eea158f9d1c8#0:FAIL-t1] and 0 exception(s); 30601949-714b-403e-8c0a-795b84baf849@group-6F0D31378E7D:t1, leader=null, voted=30601949-714b-403e-8c0a-795b84baf849, raftlog=30601949-714b-403e-8c0a-795b84baf849@group-6F0D31378E7D-SegmentedRaftLog:OPENED:c-1,f-1,i0, conf=-1: [e1741d25-1160-415c-8281-fbf7b32058a7:192.168.5.175:37750, f92015c6-2a92-4b2a-8d10-eea158f9d1c8:192.168.5.175:34057, 30601949-714b-403e-8c0a-795b84baf849:192.168.5.175:34303], old=null
2019-10-10 18:56:08,655 [f92015c6-2a92-4b2a-8d10-eea158f9d1c8@group-8EC6B9034A6A-LeaderElection60] INFO  server.RaftServerConfigKeys (ConfUtils.java:logGet(43)) - raft.server.watch.timeout.denomination = 1s (default)
2019-10-10 18:56:08,655 [30601949-714b-403e-8c0a-795b84baf849@group-6F0D31378E7D-LeaderElection59] INFO  impl.RaftServerImpl (RaftServerImpl.java:setRole(170)) - 30601949-714b-403e-8c0a-795b84baf849@group-6F0D31378E7D: changes role from CANDIDATE to FOLLOWER at term 1 for DISCOVERED_A_NEW_TERM
2019-10-10 18:56:08,657 [30601949-714b-403e-8c0a-795b84baf849@group-6F0D31378E7D-LeaderElection59] INFO  impl.RoleInfo (RoleInfo.java:shutdownLeaderElection(134)) - 30601949-714b-403e-8c0a-795b84baf849: shutdown LeaderElection
2019-10-10 18:56:08,655 [f92015c6-2a92-4b2a-8d10-eea158f9d1c8@group-8EC6B9034A6A-LeaderElection60] INFO  server.RaftServerConfigKeys (ConfUtils.java:logGet(43)) - raft.server.watch.element-limit = 65536 (default)
2019-10-10 18:56:08,658 [30601949-714b-403e-8c0a-795b84baf849@group-6F0D31378E7D-LeaderElection59] INFO  impl.RoleInfo (RoleInfo.java:updateAndGet(143)) - 30601949-714b-403e-8c0a-795b84baf849: start FollowerState
2019-10-10 18:56:08,661 [f92015c6-2a92-4b2a-8d10-eea158f9d1c8@group-8EC6B9034A6A-LeaderElection60] INFO  impl.RoleInfo (RoleInfo.java:updateAndGet(143)) - f92015c6-2a92-4b2a-8d10-eea158f9d1c8: start LeaderState
2019-10-10 18:56:08,661 [f92015c6-2a92-4b2a-8d10-eea158f9d1c8@group-8EC6B9034A6A-LeaderElection60] INFO  segmented.SegmentedRaftLogWorker (SegmentedRaftLogWorker.java:startLogSegment(385)) - f92015c6-2a92-4b2a-8d10-eea158f9d1c8@group-8EC6B9034A6A-SegmentedRaftLogWorker: Starting segment from index:0
2019-10-10 18:56:08,662 [f92015c6-2a92-4b2a-8d10-eea158f9d1c8@group-8EC6B9034A6A-LeaderElection60] INFO  impl.RaftServerImpl (ServerState.java:setRaftConf(356)) - f92015c6-2a92-4b2a-8d10-eea158f9d1c8@group-8EC6B9034A6A: set configuration 0: [f92015c6-2a92-4b2a-8d10-eea158f9d1c8:192.168.5.175:34057], old=null at 0
2019-10-10 18:56:08,689 [Thread-1478] INFO  impl.FollowerState (FollowerState.java:run(108)) - db419bda-c1f6-4c3d-b128-b7d03ff314b2@group-B2A39C9A3F5C-FollowerState: change to CANDIDATE, lastRpcTime:5192ms, electionTimeout:5192ms
2019-10-10 18:56:08,689 [Thread-1478] INFO  impl.RoleInfo (RoleInfo.java:shutdownFollowerState(121)) - db419bda-c1f6-4c3d-b128-b7d03ff314b2: shutdown FollowerState
2019-10-10 18:56:08,689 [Thread-1478] INFO  impl.RaftServerImpl (RaftServerImpl.java:setRole(170)) - db419bda-c1f6-4c3d-b128-b7d03ff314b2@group-B2A39C9A3F5C: changes role from  FOLLOWER to CANDIDATE at term 0 for changeToCandidate
2019-10-10 18:56:08,689 [Thread-1478] INFO  impl.RoleInfo (RoleInfo.java:updateAndGet(143)) - db419bda-c1f6-4c3d-b128-b7d03ff314b2: start LeaderElection
2019-10-10 18:56:08,721 [f92015c6-2a92-4b2a-8d10-eea158f9d1c8@group-8EC6B9034A6A-SegmentedRaftLogWorker] INFO  segmented.SegmentedRaftLogWorker (SegmentedRaftLogWorker.java:execute(574)) - f92015c6-2a92-4b2a-8d10-eea158f9d1c8@group-8EC6B9034A6A-SegmentedRaftLogWorker: created new log segment /workdir/hadoop-ozone/integration-test/target/test-dir/MiniOzoneClusterImpl-3e93a460-8f12-4994-956c-622a6d5fe63d/datanode-4/data/ratis/b976e6ce-2674-4d5e-bde0-8ec6b9034a6a/current/log_inprogress_0
2019-10-10 18:56:08,721 [db419bda-c1f6-4c3d-b128-b7d03ff314b2@group-B2A39C9A3F5C-LeaderElection61] INFO  impl.LeaderElection (LeaderElection.java:askForVotes(178)) - db419bda-c1f6-4c3d-b128-b7d03ff314b2@group-B2A39C9A3F5C-LeaderElection61: begin an election at term 1 for -1: [db419bda-c1f6-4c3d-b128-b7d03ff314b2:192.168.5.175:44119], old=null
2019-10-10 18:56:08,721 [db419bda-c1f6-4c3d-b128-b7d03ff314b2@group-B2A39C9A3F5C-LeaderElection61] INFO  impl.RoleInfo (RoleInfo.java:shutdownLeaderElection(134)) - db419bda-c1f6-4c3d-b128-b7d03ff314b2: shutdown LeaderElection
2019-10-10 18:56:08,721 [db419bda-c1f6-4c3d-b128-b7d03ff314b2@group-B2A39C9A3F5C-LeaderElection61] INFO  impl.RaftServerImpl (RaftServerImpl.java:setRole(170)) - db419bda-c1f6-4c3d-b128-b7d03ff314b2@group-B2A39C9A3F5C: changes role from CANDIDATE to LEADER at term 1 for changeToLeader
2019-10-10 18:56:08,722 [db419bda-c1f6-4c3d-b128-b7d03ff314b2@group-B2A39C9A3F5C-LeaderElection61] INFO  impl.RaftServerImpl (ServerState.java:setLeader(255)) - db419bda-c1f6-4c3d-b128-b7d03ff314b2@group-B2A39C9A3F5C: change Leader from null to db419bda-c1f6-4c3d-b128-b7d03ff314b2 at term 1 for becomeLeader, leader elected after 5231ms
2019-10-10 18:56:08,722 [db419bda-c1f6-4c3d-b128-b7d03ff314b2@group-B2A39C9A3F5C-LeaderElection61] INFO  server.RaftServerConfigKeys (ConfUtils.java:logGet(43)) - raft.server.staging.catchup.gap = 1000 (default)
2019-10-10 18:56:08,722 [db419bda-c1f6-4c3d-b128-b7d03ff314b2@group-B2A39C9A3F5C-LeaderElection61] INFO  server.RaftServerConfigKeys (ConfUtils.java:logGet(43)) - raft.server.rpc.sleep.time = 25ms (default)
2019-10-10 18:56:08,722 [db419bda-c1f6-4c3d-b128-b7d03ff314b2@group-B2A39C9A3F5C-LeaderElection61] INFO  server.RaftServerConfigKeys (ConfUtils.java:logGet(43)) - raft.server.write.element-limit = 4096 (default)
2019-10-10 18:56:08,723 [db419bda-c1f6-4c3d-b128-b7d03ff314b2@group-B2A39C9A3F5C-LeaderElection61] INFO  server.RaftServerConfigKeys (ConfUtils.java:logGet(43)) - raft.server.watch.timeout = 10s (default)
2019-10-10 18:56:08,723 [db419bda-c1f6-4c3d-b128-b7d03ff314b2@group-B2A39C9A3F5C-LeaderElection61] INFO  server.RaftServerConfigKeys (ConfUtils.java:logGet(43)) - raft.server.watch.timeout.denomination = 1s (default)
2019-10-10 18:56:08,723 [db419bda-c1f6-4c3d-b128-b7d03ff314b2@group-B2A39C9A3F5C-LeaderElection61] INFO  server.RaftServerConfigKeys (ConfUtils.java:logGet(43)) - raft.server.watch.element-limit = 65536 (default)
2019-10-10 18:56:08,726 [db419bda-c1f6-4c3d-b128-b7d03ff314b2@group-B2A39C9A3F5C-LeaderElection61] INFO  impl.RoleInfo (RoleInfo.java:updateAndGet(143)) - db419bda-c1f6-4c3d-b128-b7d03ff314b2: start LeaderState
2019-10-10 18:56:08,726 [db419bda-c1f6-4c3d-b128-b7d03ff314b2@group-B2A39C9A3F5C-LeaderElection61] INFO  segmented.SegmentedRaftLogWorker (SegmentedRaftLogWorker.java:startLogSegment(385)) - db419bda-c1f6-4c3d-b128-b7d03ff314b2@group-B2A39C9A3F5C-SegmentedRaftLogWorker: Starting segment from index:0
2019-10-10 18:56:08,727 [db419bda-c1f6-4c3d-b128-b7d03ff314b2@group-B2A39C9A3F5C-LeaderElection61] INFO  impl.RaftServerImpl (ServerState.java:setRaftConf(356)) - db419bda-c1f6-4c3d-b128-b7d03ff314b2@group-B2A39C9A3F5C: set configuration 0: [db419bda-c1f6-4c3d-b128-b7d03ff314b2:192.168.5.175:44119], old=null at 0
2019-10-10 18:56:08,771 [db419bda-c1f6-4c3d-b128-b7d03ff314b2@group-B2A39C9A3F5C-SegmentedRaftLogWorker] INFO  segmented.SegmentedRaftLogWorker (SegmentedRaftLogWorker.java:execute(574)) - db419bda-c1f6-4c3d-b128-b7d03ff314b2@group-B2A39C9A3F5C-SegmentedRaftLogWorker: created new log segment /workdir/hadoop-ozone/integration-test/target/test-dir/MiniOzoneClusterImpl-3e93a460-8f12-4994-956c-622a6d5fe63d/datanode-6/data/ratis/80d52d78-d066-4157-8017-b2a39c9a3f5c/current/log_inprogress_0
2019-10-10 18:56:08,797 [Thread-1484] INFO  impl.FollowerState (FollowerState.java:run(108)) - 30601949-714b-403e-8c0a-795b84baf849@group-74EEA89712BA-FollowerState: change to CANDIDATE, lastRpcTime:5186ms, electionTimeout:5186ms
2019-10-10 18:56:08,798 [Thread-1484] INFO  impl.RoleInfo (RoleInfo.java:shutdownFollowerState(121)) - 30601949-714b-403e-8c0a-795b84baf849: shutdown FollowerState
2019-10-10 18:56:08,798 [Thread-1484] INFO  impl.RaftServerImpl (RaftServerImpl.java:setRole(170)) - 30601949-714b-403e-8c0a-795b84baf849@group-74EEA89712BA: changes role from  FOLLOWER to CANDIDATE at term 0 for changeToCandidate
2019-10-10 18:56:08,798 [Thread-1484] INFO  impl.RoleInfo (RoleInfo.java:updateAndGet(143)) - 30601949-714b-403e-8c0a-795b84baf849: start LeaderElection
2019-10-10 18:56:08,823 [30601949-714b-403e-8c0a-795b84baf849@group-74EEA89712BA-LeaderElection62] INFO  impl.LeaderElection (LeaderElection.java:askForVotes(178)) - 30601949-714b-403e-8c0a-795b84baf849@group-74EEA89712BA-LeaderElection62: begin an election at term 1 for -1: [30601949-714b-403e-8c0a-795b84baf849:192.168.5.175:34303], old=null
2019-10-10 18:56:08,824 [30601949-714b-403e-8c0a-795b84baf849@group-74EEA89712BA-LeaderElection62] INFO  impl.RoleInfo (RoleInfo.java:shutdownLeaderElection(134)) - 30601949-714b-403e-8c0a-795b84baf849: shutdown LeaderElection
2019-10-10 18:56:08,824 [30601949-714b-403e-8c0a-795b84baf849@group-74EEA89712BA-LeaderElection62] INFO  impl.RaftServerImpl (RaftServerImpl.java:setRole(170)) - 30601949-714b-403e-8c0a-795b84baf849@group-74EEA89712BA: changes role from CANDIDATE to LEADER at term 1 for changeToLeader
2019-10-10 18:56:08,824 [30601949-714b-403e-8c0a-795b84baf849@group-74EEA89712BA-LeaderElection62] INFO  impl.RaftServerImpl (ServerState.java:setLeader(255)) - 30601949-714b-403e-8c0a-795b84baf849@group-74EEA89712BA: change Leader from null to 30601949-714b-403e-8c0a-795b84baf849 at term 1 for becomeLeader, leader elected after 5219ms
2019-10-10 18:56:08,824 [30601949-714b-403e-8c0a-795b84baf849@group-74EEA89712BA-LeaderElection62] INFO  server.RaftServerConfigKeys (ConfUtils.java:logGet(43)) - raft.server.staging.catchup.gap = 1000 (default)
2019-10-10 18:56:08,824 [30601949-714b-403e-8c0a-795b84baf849@group-74EEA89712BA-LeaderElection62] INFO  server.RaftServerConfigKeys (ConfUtils.java:logGet(43)) - raft.server.rpc.sleep.time = 25ms (default)
2019-10-10 18:56:08,828 [30601949-714b-403e-8c0a-795b84baf849@group-74EEA89712BA-LeaderElection62] INFO  server.RaftServerConfigKeys (ConfUtils.java:logGet(43)) - raft.server.write.element-limit = 4096 (default)
2019-10-10 18:56:08,831 [30601949-714b-403e-8c0a-795b84baf849@group-74EEA89712BA-LeaderElection62] INFO  server.RaftServerConfigKeys (ConfUtils.java:logGet(43)) - raft.server.watch.timeout = 10s (default)
2019-10-10 18:56:08,831 [30601949-714b-403e-8c0a-795b84baf849@group-74EEA89712BA-LeaderElection62] INFO  server.RaftServerConfigKeys (ConfUtils.java:logGet(43)) - raft.server.watch.timeout.denomination = 1s (default)
2019-10-10 18:56:08,831 [30601949-714b-403e-8c0a-795b84baf849@group-74EEA89712BA-LeaderElection62] INFO  server.RaftServerConfigKeys (ConfUtils.java:logGet(43)) - raft.server.watch.element-limit = 65536 (default)
2019-10-10 18:56:08,834 [30601949-714b-403e-8c0a-795b84baf849@group-74EEA89712BA-LeaderElection62] INFO  impl.RoleInfo (RoleInfo.java:updateAndGet(143)) - 30601949-714b-403e-8c0a-795b84baf849: start LeaderState
2019-10-10 18:56:08,834 [30601949-714b-403e-8c0a-795b84baf849@group-74EEA89712BA-LeaderElection62] INFO  segmented.SegmentedRaftLogWorker (SegmentedRaftLogWorker.java:startLogSegment(385)) - 30601949-714b-403e-8c0a-795b84baf849@group-74EEA89712BA-SegmentedRaftLogWorker: Starting segment from index:0
2019-10-10 18:56:08,835 [30601949-714b-403e-8c0a-795b84baf849@group-74EEA89712BA-LeaderElection62] INFO  impl.RaftServerImpl (ServerState.java:setRaftConf(356)) - 30601949-714b-403e-8c0a-795b84baf849@group-74EEA89712BA: set configuration 0: [30601949-714b-403e-8c0a-795b84baf849:192.168.5.175:34303], old=null at 0
2019-10-10 18:56:08,875 [30601949-714b-403e-8c0a-795b84baf849@group-74EEA89712BA-SegmentedRaftLogWorker] INFO  segmented.SegmentedRaftLogWorker (SegmentedRaftLogWorker.java:execute(574)) - 30601949-714b-403e-8c0a-795b84baf849@group-74EEA89712BA-SegmentedRaftLogWorker: created new log segment /workdir/hadoop-ozone/integration-test/target/test-dir/MiniOzoneClusterImpl-3e93a460-8f12-4994-956c-622a6d5fe63d/datanode-5/data/ratis/cb4b0620-45ca-4eb5-ae5e-74eea89712ba/current/log_inprogress_0
2019-10-10 18:56:08,976 [Datanode State Machine Thread - 0] INFO  statemachine.DatanodeStateMachine (DatanodeStateMachine.java:lambda$startDaemon$0(350)) - Ozone container server started.
2019-10-10 18:56:13,702 [Thread-1532] INFO  impl.FollowerState (FollowerState.java:run(108)) - f92015c6-2a92-4b2a-8d10-eea158f9d1c8@group-6F0D31378E7D-FollowerState: change to CANDIDATE, lastRpcTime:5062ms, electionTimeout:5062ms
2019-10-10 18:56:13,703 [Thread-1532] INFO  impl.RoleInfo (RoleInfo.java:shutdownFollowerState(121)) - f92015c6-2a92-4b2a-8d10-eea158f9d1c8: shutdown FollowerState
2019-10-10 18:56:13,703 [Thread-1532] INFO  impl.RaftServerImpl (RaftServerImpl.java:setRole(170)) - f92015c6-2a92-4b2a-8d10-eea158f9d1c8@group-6F0D31378E7D: changes role from  FOLLOWER to CANDIDATE at term 1 for changeToCandidate
2019-10-10 18:56:13,703 [Thread-1532] INFO  impl.RoleInfo (RoleInfo.java:updateAndGet(143)) - f92015c6-2a92-4b2a-8d10-eea158f9d1c8: start LeaderElection
2019-10-10 18:56:13,720 [f92015c6-2a92-4b2a-8d10-eea158f9d1c8@group-6F0D31378E7D-LeaderElection63] INFO  impl.LeaderElection (LeaderElection.java:askForVotes(178)) - f92015c6-2a92-4b2a-8d10-eea158f9d1c8@group-6F0D31378E7D-LeaderElection63: begin an election at term 2 for -1: [e1741d25-1160-415c-8281-fbf7b32058a7:192.168.5.175:37750, f92015c6-2a92-4b2a-8d10-eea158f9d1c8:192.168.5.175:34057, 30601949-714b-403e-8c0a-795b84baf849:192.168.5.175:34303], old=null
2019-10-10 18:56:13,728 [grpc-default-executor-5] INFO  impl.RaftServerImpl (RaftServerImpl.java:setRole(170)) - 30601949-714b-403e-8c0a-795b84baf849@group-6F0D31378E7D: changes role from  FOLLOWER to FOLLOWER at term 2 for recognizeCandidate:f92015c6-2a92-4b2a-8d10-eea158f9d1c8
2019-10-10 18:56:13,728 [grpc-default-executor-7] INFO  impl.RaftServerImpl (RaftServerImpl.java:setRole(170)) - e1741d25-1160-415c-8281-fbf7b32058a7@group-6F0D31378E7D: changes role from  FOLLOWER to FOLLOWER at term 2 for recognizeCandidate:f92015c6-2a92-4b2a-8d10-eea158f9d1c8
2019-10-10 18:56:13,729 [grpc-default-executor-5] INFO  impl.RoleInfo (RoleInfo.java:shutdownFollowerState(121)) - 30601949-714b-403e-8c0a-795b84baf849: shutdown FollowerState
2019-10-10 18:56:13,729 [grpc-default-executor-7] INFO  impl.RoleInfo (RoleInfo.java:shutdownFollowerState(121)) - e1741d25-1160-415c-8281-fbf7b32058a7: shutdown FollowerState
2019-10-10 18:56:13,729 [Thread-1536] INFO  impl.FollowerState (FollowerState.java:run(117)) - 30601949-714b-403e-8c0a-795b84baf849@group-6F0D31378E7D-FollowerState was interrupted: java.lang.InterruptedException: sleep interrupted
2019-10-10 18:56:13,729 [Thread-1531] INFO  impl.FollowerState (FollowerState.java:run(117)) - e1741d25-1160-415c-8281-fbf7b32058a7@group-6F0D31378E7D-FollowerState was interrupted: java.lang.InterruptedException: sleep interrupted
2019-10-10 18:56:13,729 [grpc-default-executor-7] INFO  impl.RoleInfo (RoleInfo.java:updateAndGet(143)) - e1741d25-1160-415c-8281-fbf7b32058a7: start FollowerState
2019-10-10 18:56:13,729 [grpc-default-executor-5] INFO  impl.RoleInfo (RoleInfo.java:updateAndGet(143)) - 30601949-714b-403e-8c0a-795b84baf849: start FollowerState
2019-10-10 18:56:13,751 [f92015c6-2a92-4b2a-8d10-eea158f9d1c8@group-6F0D31378E7D-LeaderElection63] INFO  impl.LeaderElection (LeaderElection.java:logAndReturn(56)) - f92015c6-2a92-4b2a-8d10-eea158f9d1c8@group-6F0D31378E7D-LeaderElection63: Election PASSED; received 1 response(s) [f92015c6-2a92-4b2a-8d10-eea158f9d1c8<-30601949-714b-403e-8c0a-795b84baf849#0:OK-t2] and 0 exception(s); f92015c6-2a92-4b2a-8d10-eea158f9d1c8@group-6F0D31378E7D:t2, leader=null, voted=f92015c6-2a92-4b2a-8d10-eea158f9d1c8, raftlog=f92015c6-2a92-4b2a-8d10-eea158f9d1c8@group-6F0D31378E7D-SegmentedRaftLog:OPENED:c-1,f-1,i0, conf=-1: [e1741d25-1160-415c-8281-fbf7b32058a7:192.168.5.175:37750, f92015c6-2a92-4b2a-8d10-eea158f9d1c8:192.168.5.175:34057, 30601949-714b-403e-8c0a-795b84baf849:192.168.5.175:34303], old=null
2019-10-10 18:56:13,751 [f92015c6-2a92-4b2a-8d10-eea158f9d1c8@group-6F0D31378E7D-LeaderElection63] INFO  impl.RoleInfo (RoleInfo.java:shutdownLeaderElection(134)) - f92015c6-2a92-4b2a-8d10-eea158f9d1c8: shutdown LeaderElection
2019-10-10 18:56:13,751 [f92015c6-2a92-4b2a-8d10-eea158f9d1c8@group-6F0D31378E7D-LeaderElection63] INFO  impl.RaftServerImpl (RaftServerImpl.java:setRole(170)) - f92015c6-2a92-4b2a-8d10-eea158f9d1c8@group-6F0D31378E7D: changes role from CANDIDATE to LEADER at term 2 for changeToLeader
2019-10-10 18:56:13,751 [f92015c6-2a92-4b2a-8d10-eea158f9d1c8@group-6F0D31378E7D-LeaderElection63] INFO  impl.RaftServerImpl (ServerState.java:setLeader(255)) - f92015c6-2a92-4b2a-8d10-eea158f9d1c8@group-6F0D31378E7D: change Leader from null to f92015c6-2a92-4b2a-8d10-eea158f9d1c8 at term 2 for becomeLeader, leader elected after 10362ms
2019-10-10 18:56:13,752 [f92015c6-2a92-4b2a-8d10-eea158f9d1c8@group-6F0D31378E7D-LeaderElection63] INFO  server.RaftServerConfigKeys (ConfUtils.java:logGet(43)) - raft.server.staging.catchup.gap = 1000 (default)
2019-10-10 18:56:13,752 [f92015c6-2a92-4b2a-8d10-eea158f9d1c8@group-6F0D31378E7D-LeaderElection63] INFO  server.RaftServerConfigKeys (ConfUtils.java:logGet(43)) - raft.server.rpc.sleep.time = 25ms (default)
2019-10-10 18:56:13,752 [f92015c6-2a92-4b2a-8d10-eea158f9d1c8@group-6F0D31378E7D-LeaderElection63] INFO  server.RaftServerConfigKeys (ConfUtils.java:logGet(43)) - raft.server.write.element-limit = 4096 (default)
2019-10-10 18:56:13,752 [f92015c6-2a92-4b2a-8d10-eea158f9d1c8@group-6F0D31378E7D-LeaderElection63] INFO  server.RaftServerConfigKeys (ConfUtils.java:logGet(43)) - raft.server.watch.timeout = 10s (default)
2019-10-10 18:56:13,753 [f92015c6-2a92-4b2a-8d10-eea158f9d1c8@group-6F0D31378E7D-LeaderElection63] INFO  server.RaftServerConfigKeys (ConfUtils.java:logGet(43)) - raft.server.watch.timeout.denomination = 1s (default)
2019-10-10 18:56:13,753 [f92015c6-2a92-4b2a-8d10-eea158f9d1c8@group-6F0D31378E7D-LeaderElection63] INFO  server.RaftServerConfigKeys (ConfUtils.java:logGet(43)) - raft.server.watch.element-limit = 65536 (default)
2019-10-10 18:56:13,756 [f92015c6-2a92-4b2a-8d10-eea158f9d1c8@group-6F0D31378E7D-LeaderElection63] INFO  server.RaftServerConfigKeys (ConfUtils.java:logGet(43)) - raft.server.log.appender.snapshot.chunk.size.max = 16MB (=16777216) (default)
2019-10-10 18:56:13,757 [f92015c6-2a92-4b2a-8d10-eea158f9d1c8@group-6F0D31378E7D-LeaderElection63] INFO  server.RaftServerConfigKeys (ConfUtils.java:logGet(43)) - raft.server.log.appender.buffer.byte-limit = 33554432 (custom)
2019-10-10 18:56:13,757 [f92015c6-2a92-4b2a-8d10-eea158f9d1c8@group-6F0D31378E7D-LeaderElection63] INFO  server.RaftServerConfigKeys (ConfUtils.java:logGet(43)) - raft.server.log.appender.buffer.element-limit = 1 (custom)
2019-10-10 18:56:13,757 [f92015c6-2a92-4b2a-8d10-eea158f9d1c8@group-6F0D31378E7D-LeaderElection63] INFO  grpc.GrpcConfigKeys$Server (ConfUtils.java:logGet(43)) - raft.grpc.server.leader.outstanding.appends.max = 128 (default)
2019-10-10 18:56:13,757 [f92015c6-2a92-4b2a-8d10-eea158f9d1c8@group-6F0D31378E7D-LeaderElection63] INFO  server.RaftServerConfigKeys (ConfUtils.java:logGet(43)) - raft.server.rpc.request.timeout = 3000ms (default)
2019-10-10 18:56:13,758 [f92015c6-2a92-4b2a-8d10-eea158f9d1c8@group-6F0D31378E7D-LeaderElection63] INFO  server.RaftServerConfigKeys (ConfUtils.java:logGet(43)) - raft.server.log.appender.install.snapshot.enabled = false (custom)
2019-10-10 18:56:13,758 [f92015c6-2a92-4b2a-8d10-eea158f9d1c8@group-6F0D31378E7D-LeaderElection63] INFO  server.RaftServerConfigKeys (ConfUtils.java:logGet(43)) - raft.server.log.appender.snapshot.chunk.size.max = 16MB (=16777216) (default)
2019-10-10 18:56:13,758 [f92015c6-2a92-4b2a-8d10-eea158f9d1c8@group-6F0D31378E7D-LeaderElection63] INFO  server.RaftServerConfigKeys (ConfUtils.java:logGet(43)) - raft.server.log.appender.buffer.byte-limit = 33554432 (custom)
2019-10-10 18:56:13,758 [f92015c6-2a92-4b2a-8d10-eea158f9d1c8@group-6F0D31378E7D-LeaderElection63] INFO  server.RaftServerConfigKeys (ConfUtils.java:logGet(43)) - raft.server.log.appender.buffer.element-limit = 1 (custom)
2019-10-10 18:56:13,758 [f92015c6-2a92-4b2a-8d10-eea158f9d1c8@group-6F0D31378E7D-LeaderElection63] INFO  grpc.GrpcConfigKeys$Server (ConfUtils.java:logGet(43)) - raft.grpc.server.leader.outstanding.appends.max = 128 (default)
2019-10-10 18:56:13,759 [f92015c6-2a92-4b2a-8d10-eea158f9d1c8@group-6F0D31378E7D-LeaderElection63] INFO  server.RaftServerConfigKeys (ConfUtils.java:logGet(43)) - raft.server.rpc.request.timeout = 3000ms (default)
2019-10-10 18:56:13,759 [f92015c6-2a92-4b2a-8d10-eea158f9d1c8@group-6F0D31378E7D-LeaderElection63] INFO  server.RaftServerConfigKeys (ConfUtils.java:logGet(43)) - raft.server.log.appender.install.snapshot.enabled = false (custom)
2019-10-10 18:56:13,759 [f92015c6-2a92-4b2a-8d10-eea158f9d1c8@group-6F0D31378E7D-LeaderElection63] INFO  impl.RoleInfo (RoleInfo.java:updateAndGet(143)) - f92015c6-2a92-4b2a-8d10-eea158f9d1c8: start LeaderState
2019-10-10 18:56:13,759 [f92015c6-2a92-4b2a-8d10-eea158f9d1c8@group-6F0D31378E7D-LeaderElection63] INFO  segmented.SegmentedRaftLogWorker (SegmentedRaftLogWorker.java:startLogSegment(385)) - f92015c6-2a92-4b2a-8d10-eea158f9d1c8@group-6F0D31378E7D-SegmentedRaftLogWorker: Starting segment from index:0
2019-10-10 18:56:13,761 [f92015c6-2a92-4b2a-8d10-eea158f9d1c8@group-6F0D31378E7D-LeaderElection63] INFO  impl.RaftServerImpl (ServerState.java:setRaftConf(356)) - f92015c6-2a92-4b2a-8d10-eea158f9d1c8@group-6F0D31378E7D: set configuration 0: [e1741d25-1160-415c-8281-fbf7b32058a7:192.168.5.175:37750, f92015c6-2a92-4b2a-8d10-eea158f9d1c8:192.168.5.175:34057, 30601949-714b-403e-8c0a-795b84baf849:192.168.5.175:34303], old=null at 0
2019-10-10 18:56:13,763 [grpc-default-executor-7] INFO  impl.RaftServerImpl (ServerState.java:setLeader(255)) - e1741d25-1160-415c-8281-fbf7b32058a7@group-6F0D31378E7D: change Leader from null to f92015c6-2a92-4b2a-8d10-eea158f9d1c8 at term 2 for appendEntries, leader elected after 10373ms
2019-10-10 18:56:13,798 [grpc-default-executor-5] INFO  impl.RaftServerImpl (ServerState.java:setLeader(255)) - 30601949-714b-403e-8c0a-795b84baf849@group-6F0D31378E7D: change Leader from null to f92015c6-2a92-4b2a-8d10-eea158f9d1c8 at term 2 for appendEntries, leader elected after 10408ms
2019-10-10 18:56:13,800 [grpc-default-executor-5] INFO  impl.RaftServerImpl (ServerState.java:setRaftConf(356)) - e1741d25-1160-415c-8281-fbf7b32058a7@group-6F0D31378E7D: set configuration 0: [e1741d25-1160-415c-8281-fbf7b32058a7:192.168.5.175:37750, f92015c6-2a92-4b2a-8d10-eea158f9d1c8:192.168.5.175:34057, 30601949-714b-403e-8c0a-795b84baf849:192.168.5.175:34303], old=null at 0
2019-10-10 18:56:13,800 [grpc-default-executor-5] INFO  segmented.SegmentedRaftLogWorker (SegmentedRaftLogWorker.java:startLogSegment(385)) - e1741d25-1160-415c-8281-fbf7b32058a7@group-6F0D31378E7D-SegmentedRaftLogWorker: Starting segment from index:0
2019-10-10 18:56:13,801 [grpc-default-executor-7] INFO  impl.RaftServerImpl (ServerState.java:setRaftConf(356)) - 30601949-714b-403e-8c0a-795b84baf849@group-6F0D31378E7D: set configuration 0: [e1741d25-1160-415c-8281-fbf7b32058a7:192.168.5.175:37750, f92015c6-2a92-4b2a-8d10-eea158f9d1c8:192.168.5.175:34057, 30601949-714b-403e-8c0a-795b84baf849:192.168.5.175:34303], old=null at 0
2019-10-10 18:56:13,801 [grpc-default-executor-7] INFO  segmented.SegmentedRaftLogWorker (SegmentedRaftLogWorker.java:startLogSegment(385)) - 30601949-714b-403e-8c0a-795b84baf849@group-6F0D31378E7D-SegmentedRaftLogWorker: Starting segment from index:0
2019-10-10 18:56:13,810 [f92015c6-2a92-4b2a-8d10-eea158f9d1c8@group-6F0D31378E7D-SegmentedRaftLogWorker] INFO  segmented.SegmentedRaftLogWorker (SegmentedRaftLogWorker.java:execute(574)) - f92015c6-2a92-4b2a-8d10-eea158f9d1c8@group-6F0D31378E7D-SegmentedRaftLogWorker: created new log segment /workdir/hadoop-ozone/integration-test/target/test-dir/MiniOzoneClusterImpl-3e93a460-8f12-4994-956c-622a6d5fe63d/datanode-4/data/ratis/3296a74d-7e12-4233-804b-6f0d31378e7d/current/log_inprogress_0
2019-10-10 18:56:13,840 [e1741d25-1160-415c-8281-fbf7b32058a7@group-6F0D31378E7D-SegmentedRaftLogWorker] INFO  segmented.SegmentedRaftLogWorker (SegmentedRaftLogWorker.java:execute(574)) - e1741d25-1160-415c-8281-fbf7b32058a7@group-6F0D31378E7D-SegmentedRaftLogWorker: created new log segment /workdir/hadoop-ozone/integration-test/target/test-dir/MiniOzoneClusterImpl-3e93a460-8f12-4994-956c-622a6d5fe63d/datanode-2/data/ratis/3296a74d-7e12-4233-804b-6f0d31378e7d/current/log_inprogress_0
2019-10-10 18:56:13,840 [30601949-714b-403e-8c0a-795b84baf849@group-6F0D31378E7D-SegmentedRaftLogWorker] INFO  segmented.SegmentedRaftLogWorker (SegmentedRaftLogWorker.java:execute(574)) - 30601949-714b-403e-8c0a-795b84baf849@group-6F0D31378E7D-SegmentedRaftLogWorker: created new log segment /workdir/hadoop-ozone/integration-test/target/test-dir/MiniOzoneClusterImpl-3e93a460-8f12-4994-956c-622a6d5fe63d/datanode-5/data/ratis/3296a74d-7e12-4233-804b-6f0d31378e7d/current/log_inprogress_0
2019-10-10 18:56:13,959 [main] INFO  ozoneimpl.OzoneContainer (OzoneContainer.java:stop(227)) - Attempting to stop container services.
2019-10-10 18:56:13,960 [main] INFO  impl.RaftServerProxy (RaftServerProxy.java:lambda$close$4(314)) - 75b5220e-e7c8-4312-8c4b-73d9cd51c490: close
2019-10-10 18:56:13,961 [main] INFO  impl.RaftServerImpl (RaftServerImpl.java:lambda$shutdown$3(247)) - 75b5220e-e7c8-4312-8c4b-73d9cd51c490@group-B0BE3D968BF3: shutdown
2019-10-10 18:56:13,962 [main] INFO  util.JmxRegister (JmxRegister.java:unregister(73)) - Successfully un-registered JMX Bean with object name Ratis:service=RaftServer,group=group-B0BE3D968BF3,id=75b5220e-e7c8-4312-8c4b-73d9cd51c490
2019-10-10 18:56:13,962 [main] INFO  impl.RoleInfo (RoleInfo.java:shutdownFollowerState(121)) - 75b5220e-e7c8-4312-8c4b-73d9cd51c490: shutdown FollowerState
2019-10-10 18:56:13,962 [main] INFO  impl.StateMachineUpdater (StateMachineUpdater.java:stopAndJoin(136)) - 75b5220e-e7c8-4312-8c4b-73d9cd51c490@group-B0BE3D968BF3-StateMachineUpdater: set stopIndex = 2
2019-10-10 18:56:13,963 [75b5220e-e7c8-4312-8c4b-73d9cd51c490@group-B0BE3D968BF3-StateMachineUpdater] INFO  ratis.ContainerStateMachine (ContainerStateMachine.java:takeSnapshot(294)) - group-B0BE3D968BF3: Taking a snapshot at:(t:1, i:1) file /workdir/hadoop-ozone/integration-test/target/test-dir/MiniOzoneClusterImpl-3e93a460-8f12-4994-956c-622a6d5fe63d/datanode-0/data/ratis/8b0aef95-5b9c-492e-98c4-b0be3d968bf3/sm/snapshot.1_1
2019-10-10 18:56:13,963 [Thread-1513] INFO  impl.FollowerState (FollowerState.java:run(117)) - 75b5220e-e7c8-4312-8c4b-73d9cd51c490@group-B0BE3D968BF3-FollowerState was interrupted: java.lang.InterruptedException: sleep interrupted
2019-10-10 18:56:13,979 [75b5220e-e7c8-4312-8c4b-73d9cd51c490@group-B0BE3D968BF3-StateMachineUpdater] INFO  ratis.ContainerStateMachine (ContainerStateMachine.java:takeSnapshot(305)) - group-B0BE3D968BF3: Finished taking a snapshot at:(t:1, i:1) file:/workdir/hadoop-ozone/integration-test/target/test-dir/MiniOzoneClusterImpl-3e93a460-8f12-4994-956c-622a6d5fe63d/datanode-0/data/ratis/8b0aef95-5b9c-492e-98c4-b0be3d968bf3/sm/snapshot.1_1 time:17
2019-10-10 18:56:13,980 [75b5220e-e7c8-4312-8c4b-73d9cd51c490@group-B0BE3D968BF3-StateMachineUpdater] INFO  impl.StateMachineUpdater (StateMachineUpdater.java:takeSnapshot(269)) - 75b5220e-e7c8-4312-8c4b-73d9cd51c490@group-B0BE3D968BF3-StateMachineUpdater: Took a snapshot at index 1
2019-10-10 18:56:13,980 [75b5220e-e7c8-4312-8c4b-73d9cd51c490@group-B0BE3D968BF3-StateMachineUpdater] INFO  impl.StateMachineUpdater (StateMachineUpdater.java:lambda$new$0(84)) - 75b5220e-e7c8-4312-8c4b-73d9cd51c490@group-B0BE3D968BF3-StateMachineUpdater: snapshotIndex: updateIncreasingly -1 -> 1
2019-10-10 18:56:13,980 [75b5220e-e7c8-4312-8c4b-73d9cd51c490@group-B0BE3D968BF3-StateMachineUpdater] INFO  ratis.ContainerStateMachine (ContainerStateMachine.java:takeSnapshot(294)) - group-B0BE3D968BF3: Taking a snapshot at:(t:1, i:1) file /workdir/hadoop-ozone/integration-test/target/test-dir/MiniOzoneClusterImpl-3e93a460-8f12-4994-956c-622a6d5fe63d/datanode-0/data/ratis/8b0aef95-5b9c-492e-98c4-b0be3d968bf3/sm/snapshot.1_1
2019-10-10 18:56:13,995 [75b5220e-e7c8-4312-8c4b-73d9cd51c490@group-B0BE3D968BF3-StateMachineUpdater] INFO  ratis.ContainerStateMachine (ContainerStateMachine.java:takeSnapshot(305)) - group-B0BE3D968BF3: Finished taking a snapshot at:(t:1, i:1) file:/workdir/hadoop-ozone/integration-test/target/test-dir/MiniOzoneClusterImpl-3e93a460-8f12-4994-956c-622a6d5fe63d/datanode-0/data/ratis/8b0aef95-5b9c-492e-98c4-b0be3d968bf3/sm/snapshot.1_1 time:15
2019-10-10 18:56:13,996 [75b5220e-e7c8-4312-8c4b-73d9cd51c490@group-B0BE3D968BF3-StateMachineUpdater] INFO  impl.StateMachineUpdater (StateMachineUpdater.java:takeSnapshot(269)) - 75b5220e-e7c8-4312-8c4b-73d9cd51c490@group-B0BE3D968BF3-StateMachineUpdater: Took a snapshot at index 1
2019-10-10 18:56:13,996 [75b5220e-e7c8-4312-8c4b-73d9cd51c490@group-B0BE3D968BF3-StateMachineUpdater] INFO  impl.StateMachineUpdater (StateMachineUpdater.java:lambda$new$0(84)) - 75b5220e-e7c8-4312-8c4b-73d9cd51c490@group-B0BE3D968BF3-StateMachineUpdater: snapshotIndex: updateIncreasingly 1 -> 1
2019-10-10 18:56:13,996 [main] INFO  impl.RaftServerImpl (ServerState.java:close(387)) - 75b5220e-e7c8-4312-8c4b-73d9cd51c490@group-B0BE3D968BF3: closes. applyIndex: 2
2019-10-10 18:56:13,997 [75b5220e-e7c8-4312-8c4b-73d9cd51c490@group-B0BE3D968BF3-SegmentedRaftLogWorker] INFO  segmented.SegmentedRaftLogWorker (SegmentedRaftLogWorker.java:run(316)) - 75b5220e-e7c8-4312-8c4b-73d9cd51c490@group-B0BE3D968BF3-SegmentedRaftLogWorker was interrupted, exiting. There are 0 tasks remaining in the queue.
2019-10-10 18:56:13,999 [main] INFO  segmented.SegmentedRaftLogWorker (SegmentedRaftLogWorker.java:close(224)) - 75b5220e-e7c8-4312-8c4b-73d9cd51c490@group-B0BE3D968BF3-SegmentedRaftLogWorker close()
2019-10-10 18:56:14,002 [main] INFO  impl.RaftServerImpl (RaftServerImpl.java:lambda$shutdown$3(247)) - 75b5220e-e7c8-4312-8c4b-73d9cd51c490@group-EEC2B73A2C96: shutdown
2019-10-10 18:56:14,002 [main] INFO  util.JmxRegister (JmxRegister.java:unregister(73)) - Successfully un-registered JMX Bean with object name Ratis:service=RaftServer,group=group-EEC2B73A2C96,id=75b5220e-e7c8-4312-8c4b-73d9cd51c490
2019-10-10 18:56:14,003 [main] INFO  impl.RoleInfo (RoleInfo.java:shutdownLeaderState(104)) - 75b5220e-e7c8-4312-8c4b-73d9cd51c490: shutdown LeaderState
2019-10-10 18:56:14,003 [main] INFO  impl.PendingRequests (PendingRequests.java:sendNotLeaderResponses(202)) - 75b5220e-e7c8-4312-8c4b-73d9cd51c490@group-EEC2B73A2C96-PendingRequests: sendNotLeaderResponses
2019-10-10 18:56:14,003 [main] INFO  impl.StateMachineUpdater (StateMachineUpdater.java:stopAndJoin(136)) - 75b5220e-e7c8-4312-8c4b-73d9cd51c490@group-EEC2B73A2C96-StateMachineUpdater: set stopIndex = 0
2019-10-10 18:56:14,004 [main] INFO  impl.RaftServerImpl (ServerState.java:close(387)) - 75b5220e-e7c8-4312-8c4b-73d9cd51c490@group-EEC2B73A2C96: closes. applyIndex: 0
2019-10-10 18:56:14,004 [75b5220e-e7c8-4312-8c4b-73d9cd51c490@group-EEC2B73A2C96-SegmentedRaftLogWorker] INFO  segmented.SegmentedRaftLogWorker (SegmentedRaftLogWorker.java:run(316)) - 75b5220e-e7c8-4312-8c4b-73d9cd51c490@group-EEC2B73A2C96-SegmentedRaftLogWorker was interrupted, exiting. There are 0 tasks remaining in the queue.
2019-10-10 18:56:14,007 [main] INFO  segmented.SegmentedRaftLogWorker (SegmentedRaftLogWorker.java:close(224)) - 75b5220e-e7c8-4312-8c4b-73d9cd51c490@group-EEC2B73A2C96-SegmentedRaftLogWorker close()
2019-10-10 18:56:14,012 [main] INFO  server.GrpcService (GrpcService.java:closeImpl(164)) - 75b5220e-e7c8-4312-8c4b-73d9cd51c490: shutdown server with port 40451 now
2019-10-10 18:56:14,015 [grpc-default-executor-5] WARN  server.GrpcServerProtocolService (LogUtils.java:warn(134)) - 75b5220e-e7c8-4312-8c4b-73d9cd51c490: installSnapshot onError, lastRequest: 12a9a7aa-6562-40ed-85de-9a2aa2bb6d39->75b5220e-e7c8-4312-8c4b-73d9cd51c490#5-t1, previous=(t:1, i:2), leaderCommit=2, initializing? false, entries: <empty>: org.apache.ratis.thirdparty.io.grpc.StatusRuntimeException: CANCELLED: cancelled before receiving half close
2019-10-10 18:56:14,016 [grpc-default-executor-7] WARN  server.GrpcLogAppender (LogUtils.java:warn(134)) - 12a9a7aa-6562-40ed-85de-9a2aa2bb6d39@group-B0BE3D968BF3->75b5220e-e7c8-4312-8c4b-73d9cd51c490-AppendLogResponseHandler: Failed appendEntries: org.apache.ratis.thirdparty.io.grpc.StatusRuntimeException: CANCELLED: HTTP/2 error code: CANCEL
Received Rst Stream
2019-10-10 18:56:14,016 [main] INFO  server.GrpcService (GrpcService.java:closeImpl(172)) - 75b5220e-e7c8-4312-8c4b-73d9cd51c490: shutdown server with port 40451 successfully
2019-10-10 18:56:14,016 [grpc-default-executor-7] INFO  impl.FollowerInfo (FollowerInfo.java:lambda$new$0(51)) - 12a9a7aa-6562-40ed-85de-9a2aa2bb6d39@group-B0BE3D968BF3->75b5220e-e7c8-4312-8c4b-73d9cd51c490: nextIndex: updateUnconditionally 3 -> 2
2019-10-10 18:56:14,018 [refreshUsed-/workdir/hadoop-ozone/integration-test/target/test-dir/MiniOzoneClusterImpl-3e93a460-8f12-4994-956c-622a6d5fe63d/datanode-0/data/containers] WARN  fs.CachingGetSpaceUsed (CachingGetSpaceUsed.java:run(183)) - Thread Interrupted waiting to refresh disk information: sleep interrupted
2019-10-10 18:56:14,037 [main] INFO  utils.BackgroundService (BackgroundService.java:shutdown(151)) - Shutting down service BlockDeletingService
2019-10-10 18:56:14,052 [main] INFO  statemachine.DatanodeStateMachine (DatanodeStateMachine.java:stopDaemon(395)) - Ozone container server stopped.
2019-10-10 18:56:14,054 [main] INFO  handler.ContextHandler (ContextHandler.java:doStop(910)) - Stopped o.e.j.w.WebAppContext@494c8f29{/,null,UNAVAILABLE}{/hddsDatanode}
2019-10-10 18:56:14,057 [main] INFO  server.AbstractConnector (AbstractConnector.java:doStop(318)) - Stopped ServerConnector@4f379769{HTTP/1.1,[http/1.1]}{0.0.0.0:0}
2019-10-10 18:56:14,058 [main] INFO  handler.ContextHandler (ContextHandler.java:doStop(910)) - Stopped o.e.j.s.ServletContextHandler@4eaf7902{/static,jar:file:/home/user/.m2/repository/org/apache/hadoop/hadoop-hdds-container-service/0.5.0-SNAPSHOT/hadoop-hdds-container-service-0.5.0-SNAPSHOT.jar!/webapps/static,UNAVAILABLE}
2019-10-10 18:56:14,058 [main] INFO  handler.ContextHandler (ContextHandler.java:doStop(910)) - Stopped o.e.j.s.ServletContextHandler@7e15f4d4{/logs,file:///workdir/hadoop-ozone/integration-test/target/log,UNAVAILABLE}
2019-10-10 18:56:14,972 [Datanode State Machine Thread - 0] INFO  statemachine.DatanodeStateMachine (DatanodeStateMachine.java:lambda$startDaemon$0(350)) - Ozone container server started.
2019-10-10 18:56:16,375 [grpc-default-executor-1] WARN  server.GrpcLogAppender (LogUtils.java:warn(134)) - 12a9a7aa-6562-40ed-85de-9a2aa2bb6d39@group-B0BE3D968BF3->75b5220e-e7c8-4312-8c4b-73d9cd51c490-AppendLogResponseHandler: Failed appendEntries: org.apache.ratis.thirdparty.io.grpc.StatusRuntimeException: UNAVAILABLE: io exception
2019-10-10 18:56:16,376 [grpc-default-executor-1] INFO  impl.FollowerInfo (FollowerInfo.java:lambda$new$0(51)) - 12a9a7aa-6562-40ed-85de-9a2aa2bb6d39@group-B0BE3D968BF3->75b5220e-e7c8-4312-8c4b-73d9cd51c490: nextIndex: updateUnconditionally 2 -> 1
2019-10-10 18:56:18,876 [grpc-default-executor-7] WARN  server.GrpcLogAppender (LogUtils.java:warn(134)) - 12a9a7aa-6562-40ed-85de-9a2aa2bb6d39@group-B0BE3D968BF3->75b5220e-e7c8-4312-8c4b-73d9cd51c490-AppendLogResponseHandler: Failed appendEntries: org.apache.ratis.thirdparty.io.grpc.StatusRuntimeException: UNAVAILABLE: io exception
2019-10-10 18:56:18,876 [grpc-default-executor-7] INFO  impl.FollowerInfo (FollowerInfo.java:lambda$new$0(51)) - 12a9a7aa-6562-40ed-85de-9a2aa2bb6d39@group-B0BE3D968BF3->75b5220e-e7c8-4312-8c4b-73d9cd51c490: nextIndex: updateUnconditionally 1 -> 0
2019-10-10 18:56:19,061 [main] INFO  ozoneimpl.OzoneContainer (OzoneContainer.java:stop(227)) - Attempting to stop container services.
2019-10-10 18:56:19,062 [main] INFO  impl.RaftServerProxy (RaftServerProxy.java:lambda$close$4(314)) - eeda6462-8660-4cf3-b39a-3e2831ed42ce: close
2019-10-10 18:56:19,063 [main] INFO  impl.RaftServerImpl (RaftServerImpl.java:lambda$shutdown$3(247)) - eeda6462-8660-4cf3-b39a-3e2831ed42ce@group-09C48FB1B100: shutdown
2019-10-10 18:56:19,064 [main] INFO  util.JmxRegister (JmxRegister.java:unregister(73)) - Successfully un-registered JMX Bean with object name Ratis:service=RaftServer,group=group-09C48FB1B100,id=eeda6462-8660-4cf3-b39a-3e2831ed42ce
2019-10-10 18:56:19,064 [main] INFO  impl.RoleInfo (RoleInfo.java:shutdownLeaderState(104)) - eeda6462-8660-4cf3-b39a-3e2831ed42ce: shutdown LeaderState
2019-10-10 18:56:19,064 [main] INFO  impl.PendingRequests (PendingRequests.java:sendNotLeaderResponses(202)) - eeda6462-8660-4cf3-b39a-3e2831ed42ce@group-09C48FB1B100-PendingRequests: sendNotLeaderResponses
2019-10-10 18:56:19,065 [main] INFO  impl.StateMachineUpdater (StateMachineUpdater.java:stopAndJoin(136)) - eeda6462-8660-4cf3-b39a-3e2831ed42ce@group-09C48FB1B100-StateMachineUpdater: set stopIndex = 0
2019-10-10 18:56:19,065 [main] INFO  impl.RaftServerImpl (ServerState.java:close(387)) - eeda6462-8660-4cf3-b39a-3e2831ed42ce@group-09C48FB1B100: closes. applyIndex: 0
2019-10-10 18:56:19,066 [eeda6462-8660-4cf3-b39a-3e2831ed42ce@group-09C48FB1B100-SegmentedRaftLogWorker] INFO  segmented.SegmentedRaftLogWorker (SegmentedRaftLogWorker.java:run(316)) - eeda6462-8660-4cf3-b39a-3e2831ed42ce@group-09C48FB1B100-SegmentedRaftLogWorker was interrupted, exiting. There are 0 tasks remaining in the queue.
2019-10-10 18:56:19,072 [main] INFO  segmented.SegmentedRaftLogWorker (SegmentedRaftLogWorker.java:close(224)) - eeda6462-8660-4cf3-b39a-3e2831ed42ce@group-09C48FB1B100-SegmentedRaftLogWorker close()
2019-10-10 18:56:19,078 [main] INFO  impl.RaftServerImpl (RaftServerImpl.java:lambda$shutdown$3(247)) - eeda6462-8660-4cf3-b39a-3e2831ed42ce@group-B0BE3D968BF3: shutdown
2019-10-10 18:56:19,078 [main] INFO  util.JmxRegister (JmxRegister.java:unregister(73)) - Successfully un-registered JMX Bean with object name Ratis:service=RaftServer,group=group-B0BE3D968BF3,id=eeda6462-8660-4cf3-b39a-3e2831ed42ce
2019-10-10 18:56:19,078 [main] INFO  impl.RoleInfo (RoleInfo.java:shutdownFollowerState(121)) - eeda6462-8660-4cf3-b39a-3e2831ed42ce: shutdown FollowerState
2019-10-10 18:56:19,079 [main] INFO  impl.StateMachineUpdater (StateMachineUpdater.java:stopAndJoin(136)) - eeda6462-8660-4cf3-b39a-3e2831ed42ce@group-B0BE3D968BF3-StateMachineUpdater: set stopIndex = 2
2019-10-10 18:56:19,079 [eeda6462-8660-4cf3-b39a-3e2831ed42ce@group-B0BE3D968BF3-StateMachineUpdater] INFO  ratis.ContainerStateMachine (ContainerStateMachine.java:takeSnapshot(294)) - group-B0BE3D968BF3: Taking a snapshot at:(t:1, i:1) file /workdir/hadoop-ozone/integration-test/target/test-dir/MiniOzoneClusterImpl-3e93a460-8f12-4994-956c-622a6d5fe63d/datanode-1/data/ratis/8b0aef95-5b9c-492e-98c4-b0be3d968bf3/sm/snapshot.1_1
2019-10-10 18:56:19,079 [Thread-1510] INFO  impl.FollowerState (FollowerState.java:run(117)) - eeda6462-8660-4cf3-b39a-3e2831ed42ce@group-B0BE3D968BF3-FollowerState was interrupted: java.lang.InterruptedException: sleep interrupted
2019-10-10 18:56:19,086 [eeda6462-8660-4cf3-b39a-3e2831ed42ce@group-B0BE3D968BF3-StateMachineUpdater] INFO  ratis.ContainerStateMachine (ContainerStateMachine.java:takeSnapshot(305)) - group-B0BE3D968BF3: Finished taking a snapshot at:(t:1, i:1) file:/workdir/hadoop-ozone/integration-test/target/test-dir/MiniOzoneClusterImpl-3e93a460-8f12-4994-956c-622a6d5fe63d/datanode-1/data/ratis/8b0aef95-5b9c-492e-98c4-b0be3d968bf3/sm/snapshot.1_1 time:7
2019-10-10 18:56:19,087 [eeda6462-8660-4cf3-b39a-3e2831ed42ce@group-B0BE3D968BF3-StateMachineUpdater] INFO  impl.StateMachineUpdater (StateMachineUpdater.java:takeSnapshot(269)) - eeda6462-8660-4cf3-b39a-3e2831ed42ce@group-B0BE3D968BF3-StateMachineUpdater: Took a snapshot at index 1
2019-10-10 18:56:19,087 [eeda6462-8660-4cf3-b39a-3e2831ed42ce@group-B0BE3D968BF3-StateMachineUpdater] INFO  impl.StateMachineUpdater (StateMachineUpdater.java:lambda$new$0(84)) - eeda6462-8660-4cf3-b39a-3e2831ed42ce@group-B0BE3D968BF3-StateMachineUpdater: snapshotIndex: updateIncreasingly -1 -> 1
2019-10-10 18:56:19,087 [eeda6462-8660-4cf3-b39a-3e2831ed42ce@group-B0BE3D968BF3-StateMachineUpdater] INFO  ratis.ContainerStateMachine (ContainerStateMachine.java:takeSnapshot(294)) - group-B0BE3D968BF3: Taking a snapshot at:(t:1, i:1) file /workdir/hadoop-ozone/integration-test/target/test-dir/MiniOzoneClusterImpl-3e93a460-8f12-4994-956c-622a6d5fe63d/datanode-1/data/ratis/8b0aef95-5b9c-492e-98c4-b0be3d968bf3/sm/snapshot.1_1
2019-10-10 18:56:19,099 [eeda6462-8660-4cf3-b39a-3e2831ed42ce@group-B0BE3D968BF3-StateMachineUpdater] INFO  ratis.ContainerStateMachine (ContainerStateMachine.java:takeSnapshot(305)) - group-B0BE3D968BF3: Finished taking a snapshot at:(t:1, i:1) file:/workdir/hadoop-ozone/integration-test/target/test-dir/MiniOzoneClusterImpl-3e93a460-8f12-4994-956c-622a6d5fe63d/datanode-1/data/ratis/8b0aef95-5b9c-492e-98c4-b0be3d968bf3/sm/snapshot.1_1 time:12
2019-10-10 18:56:19,099 [eeda6462-8660-4cf3-b39a-3e2831ed42ce@group-B0BE3D968BF3-StateMachineUpdater] INFO  impl.StateMachineUpdater (StateMachineUpdater.java:takeSnapshot(269)) - eeda6462-8660-4cf3-b39a-3e2831ed42ce@group-B0BE3D968BF3-StateMachineUpdater: Took a snapshot at index 1
2019-10-10 18:56:19,099 [eeda6462-8660-4cf3-b39a-3e2831ed42ce@group-B0BE3D968BF3-StateMachineUpdater] INFO  impl.StateMachineUpdater (StateMachineUpdater.java:lambda$new$0(84)) - eeda6462-8660-4cf3-b39a-3e2831ed42ce@group-B0BE3D968BF3-StateMachineUpdater: snapshotIndex: updateIncreasingly 1 -> 1
2019-10-10 18:56:19,100 [main] INFO  impl.RaftServerImpl (ServerState.java:close(387)) - eeda6462-8660-4cf3-b39a-3e2831ed42ce@group-B0BE3D968BF3: closes. applyIndex: 2
2019-10-10 18:56:19,100 [eeda6462-8660-4cf3-b39a-3e2831ed42ce@group-B0BE3D968BF3-SegmentedRaftLogWorker] INFO  segmented.SegmentedRaftLogWorker (SegmentedRaftLogWorker.java:run(316)) - eeda6462-8660-4cf3-b39a-3e2831ed42ce@group-B0BE3D968BF3-SegmentedRaftLogWorker was interrupted, exiting. There are 0 tasks remaining in the queue.
2019-10-10 18:56:19,103 [main] INFO  segmented.SegmentedRaftLogWorker (SegmentedRaftLogWorker.java:close(224)) - eeda6462-8660-4cf3-b39a-3e2831ed42ce@group-B0BE3D968BF3-SegmentedRaftLogWorker close()
2019-10-10 18:56:19,108 [main] INFO  server.GrpcService (GrpcService.java:closeImpl(164)) - eeda6462-8660-4cf3-b39a-3e2831ed42ce: shutdown server with port 40980 now
2019-10-10 18:56:19,111 [grpc-default-executor-1] WARN  server.GrpcServerProtocolService (LogUtils.java:warn(134)) - eeda6462-8660-4cf3-b39a-3e2831ed42ce: installSnapshot onError, lastRequest: 12a9a7aa-6562-40ed-85de-9a2aa2bb6d39->eeda6462-8660-4cf3-b39a-3e2831ed42ce#7-t1, previous=(t:1, i:2), leaderCommit=2, initializing? false, entries: <empty>: org.apache.ratis.thirdparty.io.grpc.StatusRuntimeException: CANCELLED: cancelled before receiving half close
2019-10-10 18:56:19,111 [main] INFO  server.GrpcService (GrpcService.java:closeImpl(172)) - eeda6462-8660-4cf3-b39a-3e2831ed42ce: shutdown server with port 40980 successfully
2019-10-10 18:56:19,115 [grpc-default-executor-5] WARN  server.GrpcLogAppender (LogUtils.java:warn(134)) - 12a9a7aa-6562-40ed-85de-9a2aa2bb6d39@group-B0BE3D968BF3->eeda6462-8660-4cf3-b39a-3e2831ed42ce-AppendLogResponseHandler: Failed appendEntries: org.apache.ratis.thirdparty.io.grpc.StatusRuntimeException: CANCELLED: HTTP/2 error code: CANCEL
Received Rst Stream
2019-10-10 18:56:19,119 [grpc-default-executor-5] INFO  impl.FollowerInfo (FollowerInfo.java:lambda$new$0(51)) - 12a9a7aa-6562-40ed-85de-9a2aa2bb6d39@group-B0BE3D968BF3->eeda6462-8660-4cf3-b39a-3e2831ed42ce: nextIndex: updateUnconditionally 3 -> 2
2019-10-10 18:56:19,119 [refreshUsed-/workdir/hadoop-ozone/integration-test/target/test-dir/MiniOzoneClusterImpl-3e93a460-8f12-4994-956c-622a6d5fe63d/datanode-1/data/containers] WARN  fs.CachingGetSpaceUsed (CachingGetSpaceUsed.java:run(183)) - Thread Interrupted waiting to refresh disk information: sleep interrupted
2019-10-10 18:56:19,139 [main] INFO  utils.BackgroundService (BackgroundService.java:shutdown(151)) - Shutting down service BlockDeletingService
2019-10-10 18:56:19,143 [main] INFO  statemachine.DatanodeStateMachine (DatanodeStateMachine.java:stopDaemon(395)) - Ozone container server stopped.
2019-10-10 18:56:19,144 [main] INFO  handler.ContextHandler (ContextHandler.java:doStop(910)) - Stopped o.e.j.w.WebAppContext@709f0202{/,null,UNAVAILABLE}{/hddsDatanode}
2019-10-10 18:56:19,145 [main] INFO  server.AbstractConnector (AbstractConnector.java:doStop(318)) - Stopped ServerConnector@654e6a90{HTTP/1.1,[http/1.1]}{0.0.0.0:0}
2019-10-10 18:56:19,145 [main] INFO  handler.ContextHandler (ContextHandler.java:doStop(910)) - Stopped o.e.j.s.ServletContextHandler@76d7881e{/static,jar:file:/home/user/.m2/repository/org/apache/hadoop/hadoop-hdds-container-service/0.5.0-SNAPSHOT/hadoop-hdds-container-service-0.5.0-SNAPSHOT.jar!/webapps/static,UNAVAILABLE}
2019-10-10 18:56:19,146 [main] INFO  handler.ContextHandler (ContextHandler.java:doStop(910)) - Stopped o.e.j.s.ServletContextHandler@6b1b19cf{/logs,file:///workdir/hadoop-ozone/integration-test/target/log,UNAVAILABLE}
2019-10-10 18:56:21,377 [grpc-default-executor-7] WARN  server.GrpcLogAppender (LogUtils.java:warn(134)) - 12a9a7aa-6562-40ed-85de-9a2aa2bb6d39@group-B0BE3D968BF3->75b5220e-e7c8-4312-8c4b-73d9cd51c490-AppendLogResponseHandler: Failed appendEntries: org.apache.ratis.thirdparty.io.grpc.StatusRuntimeException: UNAVAILABLE: io exception
2019-10-10 18:56:21,378 [grpc-default-executor-7] INFO  impl.FollowerInfo (FollowerInfo.java:lambda$new$0(51)) - 12a9a7aa-6562-40ed-85de-9a2aa2bb6d39@group-B0BE3D968BF3->75b5220e-e7c8-4312-8c4b-73d9cd51c490: nextIndex: updateUnconditionally 0 -> 0
2019-10-10 18:56:21,380 [grpc-default-executor-1] WARN  server.GrpcLogAppender (LogUtils.java:warn(134)) - 12a9a7aa-6562-40ed-85de-9a2aa2bb6d39@group-B0BE3D968BF3->eeda6462-8660-4cf3-b39a-3e2831ed42ce-AppendLogResponseHandler: Failed appendEntries: org.apache.ratis.thirdparty.io.grpc.StatusRuntimeException: UNAVAILABLE: io exception
2019-10-10 18:56:21,381 [grpc-default-executor-1] INFO  impl.FollowerInfo (FollowerInfo.java:lambda$new$0(51)) - 12a9a7aa-6562-40ed-85de-9a2aa2bb6d39@group-B0BE3D968BF3->eeda6462-8660-4cf3-b39a-3e2831ed42ce: nextIndex: updateUnconditionally 2 -> 1
2019-10-10 18:56:23,882 [grpc-default-executor-1] WARN  server.GrpcLogAppender (LogUtils.java:warn(134)) - 12a9a7aa-6562-40ed-85de-9a2aa2bb6d39@group-B0BE3D968BF3->eeda6462-8660-4cf3-b39a-3e2831ed42ce-AppendLogResponseHandler: Failed appendEntries: org.apache.ratis.thirdparty.io.grpc.StatusRuntimeException: UNAVAILABLE: io exception
2019-10-10 18:56:23,882 [grpc-default-executor-3] WARN  server.GrpcLogAppender (LogUtils.java:warn(134)) - 12a9a7aa-6562-40ed-85de-9a2aa2bb6d39@group-B0BE3D968BF3->75b5220e-e7c8-4312-8c4b-73d9cd51c490-AppendLogResponseHandler: Failed appendEntries: org.apache.ratis.thirdparty.io.grpc.StatusRuntimeException: UNAVAILABLE: io exception
2019-10-10 18:56:23,884 [grpc-default-executor-1] INFO  impl.FollowerInfo (FollowerInfo.java:lambda$new$0(51)) - 12a9a7aa-6562-40ed-85de-9a2aa2bb6d39@group-B0BE3D968BF3->eeda6462-8660-4cf3-b39a-3e2831ed42ce: nextIndex: updateUnconditionally 1 -> 0
2019-10-10 18:56:23,884 [grpc-default-executor-3] INFO  impl.FollowerInfo (FollowerInfo.java:lambda$new$0(51)) - 12a9a7aa-6562-40ed-85de-9a2aa2bb6d39@group-B0BE3D968BF3->75b5220e-e7c8-4312-8c4b-73d9cd51c490: nextIndex: updateUnconditionally 0 -> 0
2019-10-10 18:56:26,383 [grpc-default-executor-5] WARN  server.GrpcLogAppender (LogUtils.java:warn(134)) - 12a9a7aa-6562-40ed-85de-9a2aa2bb6d39@group-B0BE3D968BF3->eeda6462-8660-4cf3-b39a-3e2831ed42ce-AppendLogResponseHandler: Failed appendEntries: org.apache.ratis.thirdparty.io.grpc.StatusRuntimeException: UNAVAILABLE: io exception
2019-10-10 18:56:26,383 [grpc-default-executor-1] WARN  server.GrpcLogAppender (LogUtils.java:warn(134)) - 12a9a7aa-6562-40ed-85de-9a2aa2bb6d39@group-B0BE3D968BF3->75b5220e-e7c8-4312-8c4b-73d9cd51c490-AppendLogResponseHandler: Failed appendEntries: org.apache.ratis.thirdparty.io.grpc.StatusRuntimeException: UNAVAILABLE: io exception
2019-10-10 18:56:26,384 [grpc-default-executor-5] INFO  impl.FollowerInfo (FollowerInfo.java:lambda$new$0(51)) - 12a9a7aa-6562-40ed-85de-9a2aa2bb6d39@group-B0BE3D968BF3->eeda6462-8660-4cf3-b39a-3e2831ed42ce: nextIndex: updateUnconditionally 0 -> 0
2019-10-10 18:56:26,384 [grpc-default-executor-1] INFO  impl.FollowerInfo (FollowerInfo.java:lambda$new$0(51)) - 12a9a7aa-6562-40ed-85de-9a2aa2bb6d39@group-B0BE3D968BF3->75b5220e-e7c8-4312-8c4b-73d9cd51c490: nextIndex: updateUnconditionally 0 -> 0
2019-10-10 18:56:28,883 [grpc-default-executor-5] WARN  server.GrpcLogAppender (LogUtils.java:warn(134)) - 12a9a7aa-6562-40ed-85de-9a2aa2bb6d39@group-B0BE3D968BF3->75b5220e-e7c8-4312-8c4b-73d9cd51c490-AppendLogResponseHandler: Failed appendEntries: org.apache.ratis.thirdparty.io.grpc.StatusRuntimeException: UNAVAILABLE: io exception
2019-10-10 18:56:28,883 [grpc-default-executor-6] WARN  server.GrpcLogAppender (LogUtils.java:warn(134)) - 12a9a7aa-6562-40ed-85de-9a2aa2bb6d39@group-B0BE3D968BF3->eeda6462-8660-4cf3-b39a-3e2831ed42ce-AppendLogResponseHandler: Failed appendEntries: org.apache.ratis.thirdparty.io.grpc.StatusRuntimeException: UNAVAILABLE: io exception
2019-10-10 18:56:28,884 [grpc-default-executor-5] INFO  impl.FollowerInfo (FollowerInfo.java:lambda$new$0(51)) - 12a9a7aa-6562-40ed-85de-9a2aa2bb6d39@group-B0BE3D968BF3->75b5220e-e7c8-4312-8c4b-73d9cd51c490: nextIndex: updateUnconditionally 0 -> 0
2019-10-10 18:56:28,884 [grpc-default-executor-6] INFO  impl.FollowerInfo (FollowerInfo.java:lambda$new$0(51)) - 12a9a7aa-6562-40ed-85de-9a2aa2bb6d39@group-B0BE3D968BF3->eeda6462-8660-4cf3-b39a-3e2831ed42ce: nextIndex: updateUnconditionally 0 -> 0
2019-10-10 18:56:29,867 [Thread-1591] INFO  client.GrpcClientProtocolService (GrpcClientProtocolService.java:lambda$processClientRequest$0(278)) - Failed RaftClientRequest:client-BE5279E43264->12a9a7aa-6562-40ed-85de-9a2aa2bb6d39@group-B0BE3D968BF3, cid=67, seq=0, Watch-ALL_COMMITTED(26), Message:<EMPTY>, reply=RaftClientReply:client-BE5279E43264->12a9a7aa-6562-40ed-85de-9a2aa2bb6d39@group-B0BE3D968BF3, cid=67, FAILED org.apache.ratis.protocol.NotReplicatedException: Request with call Id 67 and log index 26 is not yet replicated to ALL_COMMITTED, logIndex=26, commits[12a9a7aa-6562-40ed-85de-9a2aa2bb6d39:c2, 75b5220e-e7c8-4312-8c4b-73d9cd51c490:c2, eeda6462-8660-4cf3-b39a-3e2831ed42ce:c2]
2019-10-10 18:56:31,384 [grpc-default-executor-3] WARN  server.GrpcLogAppender (LogUtils.java:warn(134)) - 12a9a7aa-6562-40ed-85de-9a2aa2bb6d39@group-B0BE3D968BF3->eeda6462-8660-4cf3-b39a-3e2831ed42ce-AppendLogResponseHandler: Failed appendEntries: org.apache.ratis.thirdparty.io.grpc.StatusRuntimeException: UNAVAILABLE: io exception
2019-10-10 18:56:31,384 [grpc-default-executor-5] WARN  server.GrpcLogAppender (LogUtils.java:warn(134)) - 12a9a7aa-6562-40ed-85de-9a2aa2bb6d39@group-B0BE3D968BF3->75b5220e-e7c8-4312-8c4b-73d9cd51c490-AppendLogResponseHandler: Failed appendEntries: org.apache.ratis.thirdparty.io.grpc.StatusRuntimeException: UNAVAILABLE: io exception
2019-10-10 18:56:31,391 [grpc-default-executor-3] INFO  impl.FollowerInfo (FollowerInfo.java:lambda$new$0(51)) - 12a9a7aa-6562-40ed-85de-9a2aa2bb6d39@group-B0BE3D968BF3->eeda6462-8660-4cf3-b39a-3e2831ed42ce: nextIndex: updateUnconditionally 0 -> 0
2019-10-10 18:56:31,391 [grpc-default-executor-5] INFO  impl.FollowerInfo (FollowerInfo.java:lambda$new$0(51)) - 12a9a7aa-6562-40ed-85de-9a2aa2bb6d39@group-B0BE3D968BF3->75b5220e-e7c8-4312-8c4b-73d9cd51c490: nextIndex: updateUnconditionally 0 -> 0
2019-10-10 18:56:33,887 [grpc-default-executor-3] WARN  server.GrpcLogAppender (LogUtils.java:warn(134)) - 12a9a7aa-6562-40ed-85de-9a2aa2bb6d39@group-B0BE3D968BF3->75b5220e-e7c8-4312-8c4b-73d9cd51c490-AppendLogResponseHandler: Failed appendEntries: org.apache.ratis.thirdparty.io.grpc.StatusRuntimeException: UNAVAILABLE: io exception
2019-10-10 18:56:33,887 [grpc-default-executor-5] WARN  server.GrpcLogAppender (LogUtils.java:warn(134)) - 12a9a7aa-6562-40ed-85de-9a2aa2bb6d39@group-B0BE3D968BF3->eeda6462-8660-4cf3-b39a-3e2831ed42ce-AppendLogResponseHandler: Failed appendEntries: org.apache.ratis.thirdparty.io.grpc.StatusRuntimeException: UNAVAILABLE: io exception
2019-10-10 18:56:33,888 [grpc-default-executor-3] INFO  impl.FollowerInfo (FollowerInfo.java:lambda$new$0(51)) - 12a9a7aa-6562-40ed-85de-9a2aa2bb6d39@group-B0BE3D968BF3->75b5220e-e7c8-4312-8c4b-73d9cd51c490: nextIndex: updateUnconditionally 0 -> 0
2019-10-10 18:56:33,888 [grpc-default-executor-5] INFO  impl.FollowerInfo (FollowerInfo.java:lambda$new$0(51)) - 12a9a7aa-6562-40ed-85de-9a2aa2bb6d39@group-B0BE3D968BF3->eeda6462-8660-4cf3-b39a-3e2831ed42ce: nextIndex: updateUnconditionally 0 -> 0
2019-10-10 18:56:36,392 [grpc-default-executor-7] WARN  server.GrpcLogAppender (LogUtils.java:warn(134)) - 12a9a7aa-6562-40ed-85de-9a2aa2bb6d39@group-B0BE3D968BF3->75b5220e-e7c8-4312-8c4b-73d9cd51c490-AppendLogResponseHandler: Failed appendEntries: org.apache.ratis.thirdparty.io.grpc.StatusRuntimeException: UNAVAILABLE: io exception
2019-10-10 18:56:36,392 [grpc-default-executor-8] WARN  server.GrpcLogAppender (LogUtils.java:warn(134)) - 12a9a7aa-6562-40ed-85de-9a2aa2bb6d39@group-B0BE3D968BF3->eeda6462-8660-4cf3-b39a-3e2831ed42ce-AppendLogResponseHandler: Failed appendEntries: org.apache.ratis.thirdparty.io.grpc.StatusRuntimeException: UNAVAILABLE: io exception
2019-10-10 18:56:36,393 [grpc-default-executor-7] INFO  impl.FollowerInfo (FollowerInfo.java:lambda$new$0(51)) - 12a9a7aa-6562-40ed-85de-9a2aa2bb6d39@group-B0BE3D968BF3->75b5220e-e7c8-4312-8c4b-73d9cd51c490: nextIndex: updateUnconditionally 0 -> 0
2019-10-10 18:56:36,393 [grpc-default-executor-8] INFO  impl.FollowerInfo (FollowerInfo.java:lambda$new$0(51)) - 12a9a7aa-6562-40ed-85de-9a2aa2bb6d39@group-B0BE3D968BF3->eeda6462-8660-4cf3-b39a-3e2831ed42ce: nextIndex: updateUnconditionally 0 -> 0
2019-10-10 18:56:38,896 [grpc-default-executor-5] WARN  server.GrpcLogAppender (LogUtils.java:warn(134)) - 12a9a7aa-6562-40ed-85de-9a2aa2bb6d39@group-B0BE3D968BF3->75b5220e-e7c8-4312-8c4b-73d9cd51c490-AppendLogResponseHandler: Failed appendEntries: org.apache.ratis.thirdparty.io.grpc.StatusRuntimeException: UNAVAILABLE: io exception
2019-10-10 18:56:38,896 [grpc-default-executor-8] WARN  server.GrpcLogAppender (LogUtils.java:warn(134)) - 12a9a7aa-6562-40ed-85de-9a2aa2bb6d39@group-B0BE3D968BF3->eeda6462-8660-4cf3-b39a-3e2831ed42ce-AppendLogResponseHandler: Failed appendEntries: org.apache.ratis.thirdparty.io.grpc.StatusRuntimeException: UNAVAILABLE: io exception
2019-10-10 18:56:38,898 [grpc-default-executor-5] INFO  impl.FollowerInfo (FollowerInfo.java:lambda$new$0(51)) - 12a9a7aa-6562-40ed-85de-9a2aa2bb6d39@group-B0BE3D968BF3->75b5220e-e7c8-4312-8c4b-73d9cd51c490: nextIndex: updateUnconditionally 0 -> 0
2019-10-10 18:56:38,898 [grpc-default-executor-8] INFO  impl.FollowerInfo (FollowerInfo.java:lambda$new$0(51)) - 12a9a7aa-6562-40ed-85de-9a2aa2bb6d39@group-B0BE3D968BF3->eeda6462-8660-4cf3-b39a-3e2831ed42ce: nextIndex: updateUnconditionally 0 -> 0
2019-10-10 18:56:39,148 [main] WARN  scm.XceiverClientRatis (XceiverClientRatis.java:watchForCommit(277)) - 3 way commit failed on pipeline Pipeline[ Id: 8b0aef95-5b9c-492e-98c4-b0be3d968bf3, Nodes: 75b5220e-e7c8-4312-8c4b-73d9cd51c490{ip: 192.168.5.175, host: pr-hdds-2194-9vxpc-1955504311, networkLocation: /default-rack, certSerialId: null}eeda6462-8660-4cf3-b39a-3e2831ed42ce{ip: 192.168.5.175, host: pr-hdds-2194-9vxpc-1955504311, networkLocation: /default-rack, certSerialId: null}12a9a7aa-6562-40ed-85de-9a2aa2bb6d39{ip: 192.168.5.175, host: pr-hdds-2194-9vxpc-1955504311, networkLocation: /default-rack, certSerialId: null}, Type:RATIS, Factor:THREE, State:OPEN]
java.util.concurrent.TimeoutException
	at java.util.concurrent.CompletableFuture.timedGet(CompletableFuture.java:1771)
	at java.util.concurrent.CompletableFuture.get(CompletableFuture.java:1915)
	at org.apache.hadoop.hdds.scm.XceiverClientRatis.watchForCommit(XceiverClientRatis.java:274)
	at org.apache.hadoop.ozone.client.rpc.TestWatchForCommit.testWatchForCommitForRetryfailure(TestWatchForCommit.java:345)
	at sun.reflect.NativeMethodAccessorImpl.invoke0(Native Method)
	at sun.reflect.NativeMethodAccessorImpl.invoke(NativeMethodAccessorImpl.java:62)
	at sun.reflect.DelegatingMethodAccessorImpl.invoke(DelegatingMethodAccessorImpl.java:43)
	at java.lang.reflect.Method.invoke(Method.java:498)
	at org.junit.runners.model.FrameworkMethod$1.runReflectiveCall(FrameworkMethod.java:47)
	at org.junit.internal.runners.model.ReflectiveCallable.run(ReflectiveCallable.java:12)
	at org.junit.runners.model.FrameworkMethod.invokeExplosively(FrameworkMethod.java:44)
	at org.junit.internal.runners.statements.InvokeMethod.evaluate(InvokeMethod.java:17)
	at org.junit.runners.ParentRunner.runLeaf(ParentRunner.java:271)
	at org.junit.runners.BlockJUnit4ClassRunner.runChild(BlockJUnit4ClassRunner.java:70)
	at org.junit.runners.BlockJUnit4ClassRunner.runChild(BlockJUnit4ClassRunner.java:50)
	at org.junit.runners.ParentRunner$3.run(ParentRunner.java:238)
	at org.junit.runners.ParentRunner$1.schedule(ParentRunner.java:63)
	at org.junit.runners.ParentRunner.runChildren(ParentRunner.java:236)
	at org.junit.runners.ParentRunner.access$000(ParentRunner.java:53)
	at org.junit.runners.ParentRunner$2.evaluate(ParentRunner.java:229)
	at org.junit.runners.ParentRunner.run(ParentRunner.java:309)
	at org.apache.maven.surefire.junit4.JUnit4Provider.execute(JUnit4Provider.java:365)
	at org.apache.maven.surefire.junit4.JUnit4Provider.executeWithRerun(JUnit4Provider.java:273)
	at org.apache.maven.surefire.junit4.JUnit4Provider.executeTestSet(JUnit4Provider.java:238)
	at org.apache.maven.surefire.junit4.JUnit4Provider.invoke(JUnit4Provider.java:159)
	at org.apache.maven.surefire.booter.ForkedBooter.invokeProviderInSameClassLoader(ForkedBooter.java:384)
	at org.apache.maven.surefire.booter.ForkedBooter.runSuitesInProcess(ForkedBooter.java:345)
	at org.apache.maven.surefire.booter.ForkedBooter.execute(ForkedBooter.java:126)
	at org.apache.maven.surefire.booter.ForkedBooter.main(ForkedBooter.java:418)
2019-10-10 18:56:40,858 [Thread-1607] INFO  client.GrpcClientProtocolService (GrpcClientProtocolService.java:lambda$processClientRequest$0(278)) - Failed RaftClientRequest:client-BE5279E43264->12a9a7aa-6562-40ed-85de-9a2aa2bb6d39@group-B0BE3D968BF3, cid=67, seq=0, Watch-ALL_COMMITTED(26), Message:<EMPTY>, reply=RaftClientReply:client-BE5279E43264->12a9a7aa-6562-40ed-85de-9a2aa2bb6d39@group-B0BE3D968BF3, cid=67, FAILED org.apache.ratis.protocol.NotReplicatedException: Request with call Id 67 and log index 26 is not yet replicated to ALL_COMMITTED, logIndex=26, commits[12a9a7aa-6562-40ed-85de-9a2aa2bb6d39:c2, 75b5220e-e7c8-4312-8c4b-73d9cd51c490:c2, eeda6462-8660-4cf3-b39a-3e2831ed42ce:c2]
2019-10-10 18:56:41,397 [grpc-default-executor-3] WARN  server.GrpcLogAppender (LogUtils.java:warn(134)) - 12a9a7aa-6562-40ed-85de-9a2aa2bb6d39@group-B0BE3D968BF3->75b5220e-e7c8-4312-8c4b-73d9cd51c490-AppendLogResponseHandler: Failed appendEntries: org.apache.ratis.thirdparty.io.grpc.StatusRuntimeException: UNAVAILABLE: io exception
2019-10-10 18:56:41,397 [grpc-default-executor-7] WARN  server.GrpcLogAppender (LogUtils.java:warn(134)) - 12a9a7aa-6562-40ed-85de-9a2aa2bb6d39@group-B0BE3D968BF3->eeda6462-8660-4cf3-b39a-3e2831ed42ce-AppendLogResponseHandler: Failed appendEntries: org.apache.ratis.thirdparty.io.grpc.StatusRuntimeException: UNAVAILABLE: io exception
2019-10-10 18:56:41,403 [grpc-default-executor-3] INFO  impl.FollowerInfo (FollowerInfo.java:lambda$new$0(51)) - 12a9a7aa-6562-40ed-85de-9a2aa2bb6d39@group-B0BE3D968BF3->75b5220e-e7c8-4312-8c4b-73d9cd51c490: nextIndex: updateUnconditionally 0 -> 0
2019-10-10 18:56:41,403 [grpc-default-executor-7] INFO  impl.FollowerInfo (FollowerInfo.java:lambda$new$0(51)) - 12a9a7aa-6562-40ed-85de-9a2aa2bb6d39@group-B0BE3D968BF3->eeda6462-8660-4cf3-b39a-3e2831ed42ce: nextIndex: updateUnconditionally 0 -> 0
2019-10-10 18:56:43,901 [grpc-default-executor-5] WARN  server.GrpcLogAppender (LogUtils.java:warn(134)) - 12a9a7aa-6562-40ed-85de-9a2aa2bb6d39@group-B0BE3D968BF3->75b5220e-e7c8-4312-8c4b-73d9cd51c490-AppendLogResponseHandler: Failed appendEntries: org.apache.ratis.thirdparty.io.grpc.StatusRuntimeException: UNAVAILABLE: io exception
2019-10-10 18:56:43,901 [grpc-default-executor-3] WARN  server.GrpcLogAppender (LogUtils.java:warn(134)) - 12a9a7aa-6562-40ed-85de-9a2aa2bb6d39@group-B0BE3D968BF3->eeda6462-8660-4cf3-b39a-3e2831ed42ce-AppendLogResponseHandler: Failed appendEntries: org.apache.ratis.thirdparty.io.grpc.StatusRuntimeException: UNAVAILABLE: io exception
2019-10-10 18:56:43,902 [grpc-default-executor-5] INFO  impl.FollowerInfo (FollowerInfo.java:lambda$new$0(51)) - 12a9a7aa-6562-40ed-85de-9a2aa2bb6d39@group-B0BE3D968BF3->75b5220e-e7c8-4312-8c4b-73d9cd51c490: nextIndex: updateUnconditionally 0 -> 0
2019-10-10 18:56:43,902 [grpc-default-executor-3] INFO  impl.FollowerInfo (FollowerInfo.java:lambda$new$0(51)) - 12a9a7aa-6562-40ed-85de-9a2aa2bb6d39@group-B0BE3D968BF3->eeda6462-8660-4cf3-b39a-3e2831ed42ce: nextIndex: updateUnconditionally 0 -> 0
2019-10-10 18:56:46,406 [grpc-default-executor-5] WARN  server.GrpcLogAppender (LogUtils.java:warn(134)) - 12a9a7aa-6562-40ed-85de-9a2aa2bb6d39@group-B0BE3D968BF3->eeda6462-8660-4cf3-b39a-3e2831ed42ce-AppendLogResponseHandler: Failed appendEntries: org.apache.ratis.thirdparty.io.grpc.StatusRuntimeException: UNAVAILABLE: io exception
2019-10-10 18:56:46,406 [grpc-default-executor-3] WARN  server.GrpcLogAppender (LogUtils.java:warn(134)) - 12a9a7aa-6562-40ed-85de-9a2aa2bb6d39@group-B0BE3D968BF3->75b5220e-e7c8-4312-8c4b-73d9cd51c490-AppendLogResponseHandler: Failed appendEntries: org.apache.ratis.thirdparty.io.grpc.StatusRuntimeException: UNAVAILABLE: io exception
2019-10-10 18:56:46,409 [grpc-default-executor-5] INFO  impl.FollowerInfo (FollowerInfo.java:lambda$new$0(51)) - 12a9a7aa-6562-40ed-85de-9a2aa2bb6d39@group-B0BE3D968BF3->eeda6462-8660-4cf3-b39a-3e2831ed42ce: nextIndex: updateUnconditionally 0 -> 0
2019-10-10 18:56:46,409 [grpc-default-executor-3] INFO  impl.FollowerInfo (FollowerInfo.java:lambda$new$0(51)) - 12a9a7aa-6562-40ed-85de-9a2aa2bb6d39@group-B0BE3D968BF3->75b5220e-e7c8-4312-8c4b-73d9cd51c490: nextIndex: updateUnconditionally 0 -> 0
2019-10-10 18:56:48,912 [grpc-default-executor-8] WARN  server.GrpcLogAppender (LogUtils.java:warn(134)) - 12a9a7aa-6562-40ed-85de-9a2aa2bb6d39@group-B0BE3D968BF3->75b5220e-e7c8-4312-8c4b-73d9cd51c490-AppendLogResponseHandler: Failed appendEntries: org.apache.ratis.thirdparty.io.grpc.StatusRuntimeException: UNAVAILABLE: io exception
2019-10-10 18:56:48,912 [grpc-default-executor-5] WARN  server.GrpcLogAppender (LogUtils.java:warn(134)) - 12a9a7aa-6562-40ed-85de-9a2aa2bb6d39@group-B0BE3D968BF3->eeda6462-8660-4cf3-b39a-3e2831ed42ce-AppendLogResponseHandler: Failed appendEntries: org.apache.ratis.thirdparty.io.grpc.StatusRuntimeException: UNAVAILABLE: io exception
2019-10-10 18:56:48,913 [grpc-default-executor-8] INFO  impl.FollowerInfo (FollowerInfo.java:lambda$new$0(51)) - 12a9a7aa-6562-40ed-85de-9a2aa2bb6d39@group-B0BE3D968BF3->75b5220e-e7c8-4312-8c4b-73d9cd51c490: nextIndex: updateUnconditionally 0 -> 0
2019-10-10 18:56:48,913 [grpc-default-executor-5] INFO  impl.FollowerInfo (FollowerInfo.java:lambda$new$0(51)) - 12a9a7aa-6562-40ed-85de-9a2aa2bb6d39@group-B0BE3D968BF3->eeda6462-8660-4cf3-b39a-3e2831ed42ce: nextIndex: updateUnconditionally 0 -> 0
2019-10-10 18:56:50,857 [Thread-1623] INFO  client.GrpcClientProtocolService (GrpcClientProtocolService.java:lambda$processClientRequest$0(278)) - Failed RaftClientRequest:client-BE5279E43264->12a9a7aa-6562-40ed-85de-9a2aa2bb6d39@group-B0BE3D968BF3, cid=68, seq=0, Watch-MAJORITY_COMMITTED(26), Message:<EMPTY>, reply=RaftClientReply:client-BE5279E43264->12a9a7aa-6562-40ed-85de-9a2aa2bb6d39@group-B0BE3D968BF3, cid=68, FAILED org.apache.ratis.protocol.NotReplicatedException: Request with call Id 68 and log index 26 is not yet replicated to MAJORITY_COMMITTED, logIndex=26, commits[12a9a7aa-6562-40ed-85de-9a2aa2bb6d39:c2, 75b5220e-e7c8-4312-8c4b-73d9cd51c490:c2, eeda6462-8660-4cf3-b39a-3e2831ed42ce:c2]
2019-10-10 18:56:50,857 [Thread-1622] INFO  client.GrpcClientProtocolService (GrpcClientProtocolService.java:lambda$processClientRequest$0(278)) - Failed RaftClientRequest:client-BE5279E43264->12a9a7aa-6562-40ed-85de-9a2aa2bb6d39@group-B0BE3D968BF3, cid=67, seq=0, Watch-ALL_COMMITTED(26), Message:<EMPTY>, reply=RaftClientReply:client-BE5279E43264->12a9a7aa-6562-40ed-85de-9a2aa2bb6d39@group-B0BE3D968BF3, cid=67, FAILED org.apache.ratis.protocol.NotReplicatedException: Request with call Id 67 and log index 26 is not yet replicated to ALL_COMMITTED, logIndex=26, commits[12a9a7aa-6562-40ed-85de-9a2aa2bb6d39:c2, 75b5220e-e7c8-4312-8c4b-73d9cd51c490:c2, eeda6462-8660-4cf3-b39a-3e2831ed42ce:c2]
2019-10-10 18:56:51,409 [grpc-default-executor-7] WARN  server.GrpcLogAppender (LogUtils.java:warn(134)) - 12a9a7aa-6562-40ed-85de-9a2aa2bb6d39@group-B0BE3D968BF3->eeda6462-8660-4cf3-b39a-3e2831ed42ce-AppendLogResponseHandler: Failed appendEntries: org.apache.ratis.thirdparty.io.grpc.StatusRuntimeException: UNAVAILABLE: io exception
2019-10-10 18:56:51,409 [grpc-default-executor-5] WARN  server.GrpcLogAppender (LogUtils.java:warn(134)) - 12a9a7aa-6562-40ed-85de-9a2aa2bb6d39@group-B0BE3D968BF3->75b5220e-e7c8-4312-8c4b-73d9cd51c490-AppendLogResponseHandler: Failed appendEntries: org.apache.ratis.thirdparty.io.grpc.StatusRuntimeException: UNAVAILABLE: io exception
2019-10-10 18:56:51,419 [grpc-default-executor-7] INFO  impl.FollowerInfo (FollowerInfo.java:lambda$new$0(51)) - 12a9a7aa-6562-40ed-85de-9a2aa2bb6d39@group-B0BE3D968BF3->eeda6462-8660-4cf3-b39a-3e2831ed42ce: nextIndex: updateUnconditionally 0 -> 0
2019-10-10 18:56:51,419 [grpc-default-executor-5] INFO  impl.FollowerInfo (FollowerInfo.java:lambda$new$0(51)) - 12a9a7aa-6562-40ed-85de-9a2aa2bb6d39@group-B0BE3D968BF3->75b5220e-e7c8-4312-8c4b-73d9cd51c490: nextIndex: updateUnconditionally 0 -> 0
2019-10-10 18:56:53,913 [grpc-default-executor-7] WARN  server.GrpcLogAppender (LogUtils.java:warn(134)) - 12a9a7aa-6562-40ed-85de-9a2aa2bb6d39@group-B0BE3D968BF3->75b5220e-e7c8-4312-8c4b-73d9cd51c490-AppendLogResponseHandler: Failed appendEntries: org.apache.ratis.thirdparty.io.grpc.StatusRuntimeException: UNAVAILABLE: io exception
2019-10-10 18:56:53,913 [grpc-default-executor-5] WARN  server.GrpcLogAppender (LogUtils.java:warn(134)) - 12a9a7aa-6562-40ed-85de-9a2aa2bb6d39@group-B0BE3D968BF3->eeda6462-8660-4cf3-b39a-3e2831ed42ce-AppendLogResponseHandler: Failed appendEntries: org.apache.ratis.thirdparty.io.grpc.StatusRuntimeException: UNAVAILABLE: io exception
2019-10-10 18:56:53,915 [grpc-default-executor-5] INFO  impl.FollowerInfo (FollowerInfo.java:lambda$new$0(51)) - 12a9a7aa-6562-40ed-85de-9a2aa2bb6d39@group-B0BE3D968BF3->eeda6462-8660-4cf3-b39a-3e2831ed42ce: nextIndex: updateUnconditionally 0 -> 0
2019-10-10 18:56:53,915 [grpc-default-executor-7] INFO  impl.FollowerInfo (FollowerInfo.java:lambda$new$0(51)) - 12a9a7aa-6562-40ed-85de-9a2aa2bb6d39@group-B0BE3D968BF3->75b5220e-e7c8-4312-8c4b-73d9cd51c490: nextIndex: updateUnconditionally 0 -> 0
2019-10-10 18:56:56,419 [grpc-default-executor-7] WARN  server.GrpcLogAppender (LogUtils.java:warn(134)) - 12a9a7aa-6562-40ed-85de-9a2aa2bb6d39@group-B0BE3D968BF3->75b5220e-e7c8-4312-8c4b-73d9cd51c490-AppendLogResponseHandler: Failed appendEntries: org.apache.ratis.thirdparty.io.grpc.StatusRuntimeException: UNAVAILABLE: io exception
2019-10-10 18:56:56,419 [grpc-default-executor-5] WARN  server.GrpcLogAppender (LogUtils.java:warn(134)) - 12a9a7aa-6562-40ed-85de-9a2aa2bb6d39@group-B0BE3D968BF3->eeda6462-8660-4cf3-b39a-3e2831ed42ce-AppendLogResponseHandler: Failed appendEntries: org.apache.ratis.thirdparty.io.grpc.StatusRuntimeException: UNAVAILABLE: io exception
2019-10-10 18:56:56,421 [grpc-default-executor-5] INFO  impl.FollowerInfo (FollowerInfo.java:lambda$new$0(51)) - 12a9a7aa-6562-40ed-85de-9a2aa2bb6d39@group-B0BE3D968BF3->eeda6462-8660-4cf3-b39a-3e2831ed42ce: nextIndex: updateUnconditionally 0 -> 0
2019-10-10 18:56:56,421 [grpc-default-executor-7] INFO  impl.FollowerInfo (FollowerInfo.java:lambda$new$0(51)) - 12a9a7aa-6562-40ed-85de-9a2aa2bb6d39@group-B0BE3D968BF3->75b5220e-e7c8-4312-8c4b-73d9cd51c490: nextIndex: updateUnconditionally 0 -> 0
2019-10-10 18:56:58,924 [grpc-default-executor-1] WARN  server.GrpcLogAppender (LogUtils.java:warn(134)) - 12a9a7aa-6562-40ed-85de-9a2aa2bb6d39@group-B0BE3D968BF3->75b5220e-e7c8-4312-8c4b-73d9cd51c490-AppendLogResponseHandler: Failed appendEntries: org.apache.ratis.thirdparty.io.grpc.StatusRuntimeException: UNAVAILABLE: io exception
2019-10-10 18:56:58,924 [grpc-default-executor-6] WARN  server.GrpcLogAppender (LogUtils.java:warn(134)) - 12a9a7aa-6562-40ed-85de-9a2aa2bb6d39@group-B0BE3D968BF3->eeda6462-8660-4cf3-b39a-3e2831ed42ce-AppendLogResponseHandler: Failed appendEntries: org.apache.ratis.thirdparty.io.grpc.StatusRuntimeException: UNAVAILABLE: io exception
2019-10-10 18:56:58,925 [grpc-default-executor-1] INFO  impl.FollowerInfo (FollowerInfo.java:lambda$new$0(51)) - 12a9a7aa-6562-40ed-85de-9a2aa2bb6d39@group-B0BE3D968BF3->75b5220e-e7c8-4312-8c4b-73d9cd51c490: nextIndex: updateUnconditionally 0 -> 0
2019-10-10 18:56:58,925 [grpc-default-executor-6] INFO  impl.FollowerInfo (FollowerInfo.java:lambda$new$0(51)) - 12a9a7aa-6562-40ed-85de-9a2aa2bb6d39@group-B0BE3D968BF3->eeda6462-8660-4cf3-b39a-3e2831ed42ce: nextIndex: updateUnconditionally 0 -> 0
]]></system-out>
    <system-err><![CDATA[Oct 10, 2019 6:56:14 PM org.apache.ratis.thirdparty.io.grpc.internal.SerializingExecutor run
SEVERE: Exception while executing runnable org.apache.ratis.thirdparty.io.grpc.internal.ServerImpl$JumpToApplicationThreadServerStreamListener$1Closed@60c5ba5
org.apache.ratis.thirdparty.io.grpc.StatusRuntimeException: CANCELLED: call already cancelled
	at org.apache.ratis.thirdparty.io.grpc.Status.asRuntimeException(Status.java:517)
	at org.apache.ratis.thirdparty.io.grpc.stub.ServerCalls$ServerCallStreamObserverImpl.onCompleted(ServerCalls.java:356)
	at org.apache.ratis.grpc.server.GrpcServerProtocolService$ServerRequestStreamObserver.onError(GrpcServerProtocolService.java:121)
	at org.apache.ratis.thirdparty.io.grpc.stub.ServerCalls$StreamingServerCallHandler$StreamingServerCallListener.onCancel(ServerCalls.java:269)
	at org.apache.ratis.thirdparty.io.grpc.internal.ServerCallImpl$ServerStreamListenerImpl.closed(ServerCallImpl.java:293)
	at org.apache.ratis.thirdparty.io.grpc.internal.ServerImpl$JumpToApplicationThreadServerStreamListener$1Closed.runInContext(ServerImpl.java:741)
	at org.apache.ratis.thirdparty.io.grpc.internal.ContextRunnable.run(ContextRunnable.java:37)
	at org.apache.ratis.thirdparty.io.grpc.internal.SerializingExecutor.run(SerializingExecutor.java:123)
	at java.util.concurrent.ThreadPoolExecutor.runWorker(ThreadPoolExecutor.java:1149)
	at java.util.concurrent.ThreadPoolExecutor$Worker.run(ThreadPoolExecutor.java:624)
	at java.lang.Thread.run(Thread.java:748)

Oct 10, 2019 6:56:19 PM org.apache.ratis.thirdparty.io.grpc.internal.SerializingExecutor run
SEVERE: Exception while executing runnable org.apache.ratis.thirdparty.io.grpc.internal.ServerImpl$JumpToApplicationThreadServerStreamListener$1Closed@36b3dc35
org.apache.ratis.thirdparty.io.grpc.StatusRuntimeException: CANCELLED: call already cancelled
	at org.apache.ratis.thirdparty.io.grpc.Status.asRuntimeException(Status.java:517)
	at org.apache.ratis.thirdparty.io.grpc.stub.ServerCalls$ServerCallStreamObserverImpl.onCompleted(ServerCalls.java:356)
	at org.apache.ratis.grpc.server.GrpcServerProtocolService$ServerRequestStreamObserver.onError(GrpcServerProtocolService.java:121)
	at org.apache.ratis.thirdparty.io.grpc.stub.ServerCalls$StreamingServerCallHandler$StreamingServerCallListener.onCancel(ServerCalls.java:269)
	at org.apache.ratis.thirdparty.io.grpc.internal.ServerCallImpl$ServerStreamListenerImpl.closed(ServerCallImpl.java:293)
	at org.apache.ratis.thirdparty.io.grpc.internal.ServerImpl$JumpToApplicationThreadServerStreamListener$1Closed.runInContext(ServerImpl.java:741)
	at org.apache.ratis.thirdparty.io.grpc.internal.ContextRunnable.run(ContextRunnable.java:37)
	at org.apache.ratis.thirdparty.io.grpc.internal.SerializingExecutor.run(SerializingExecutor.java:123)
	at java.util.concurrent.ThreadPoolExecutor.runWorker(ThreadPoolExecutor.java:1149)
	at java.util.concurrent.ThreadPoolExecutor$Worker.run(ThreadPoolExecutor.java:624)
	at java.lang.Thread.run(Thread.java:748)

]]></system-err>
  </testcase>
  <testcase name="testWatchForCommitForGroupMismatchException" classname="org.apache.hadoop.ozone.client.rpc.TestWatchForCommit" time="32.458"/>
  <testcase name="test2WayCommitForTimeoutException" classname="org.apache.hadoop.ozone.client.rpc.TestWatchForCommit" time="33.329">
    <error type="java.util.concurrent.TimeoutException">java.util.concurrent.TimeoutException
	at java.util.concurrent.CompletableFuture.timedGet(CompletableFuture.java:1771)
	at java.util.concurrent.CompletableFuture.get(CompletableFuture.java:1915)
	at org.apache.hadoop.hdds.scm.XceiverClientRatis.watchForCommit(XceiverClientRatis.java:283)
	at org.apache.hadoop.ozone.client.rpc.TestWatchForCommit.test2WayCommitForTimeoutException(TestWatchForCommit.java:391)
	at sun.reflect.NativeMethodAccessorImpl.invoke0(Native Method)
	at sun.reflect.NativeMethodAccessorImpl.invoke(NativeMethodAccessorImpl.java:62)
	at sun.reflect.DelegatingMethodAccessorImpl.invoke(DelegatingMethodAccessorImpl.java:43)
	at java.lang.reflect.Method.invoke(Method.java:498)
	at org.junit.runners.model.FrameworkMethod$1.runReflectiveCall(FrameworkMethod.java:47)
	at org.junit.internal.runners.model.ReflectiveCallable.run(ReflectiveCallable.java:12)
	at org.junit.runners.model.FrameworkMethod.invokeExplosively(FrameworkMethod.java:44)
	at org.junit.internal.runners.statements.InvokeMethod.evaluate(InvokeMethod.java:17)
	at org.junit.runners.ParentRunner.runLeaf(ParentRunner.java:271)
	at org.junit.runners.BlockJUnit4ClassRunner.runChild(BlockJUnit4ClassRunner.java:70)
	at org.junit.runners.BlockJUnit4ClassRunner.runChild(BlockJUnit4ClassRunner.java:50)
	at org.junit.runners.ParentRunner$3.run(ParentRunner.java:238)
	at org.junit.runners.ParentRunner$1.schedule(ParentRunner.java:63)
	at org.junit.runners.ParentRunner.runChildren(ParentRunner.java:236)
	at org.junit.runners.ParentRunner.access$000(ParentRunner.java:53)
	at org.junit.runners.ParentRunner$2.evaluate(ParentRunner.java:229)
	at org.junit.runners.ParentRunner.run(ParentRunner.java:309)
	at org.apache.maven.surefire.junit4.JUnit4Provider.execute(JUnit4Provider.java:365)
	at org.apache.maven.surefire.junit4.JUnit4Provider.executeWithRerun(JUnit4Provider.java:273)
	at org.apache.maven.surefire.junit4.JUnit4Provider.executeTestSet(JUnit4Provider.java:238)
	at org.apache.maven.surefire.junit4.JUnit4Provider.invoke(JUnit4Provider.java:159)
	at org.apache.maven.surefire.booter.ForkedBooter.invokeProviderInSameClassLoader(ForkedBooter.java:384)
	at org.apache.maven.surefire.booter.ForkedBooter.runSuitesInProcess(ForkedBooter.java:345)
	at org.apache.maven.surefire.booter.ForkedBooter.execute(ForkedBooter.java:126)
	at org.apache.maven.surefire.booter.ForkedBooter.main(ForkedBooter.java:418)
</error>
    <system-out><![CDATA[2019-10-10 18:57:31,654 [main] WARN  server.ServerUtils (ServerUtils.java:getScmDbDir(145)) - ozone.scm.db.dirs is not configured. We recommend adding this setting. Falling back to ozone.metadata.dirs instead.
2019-10-10 18:57:31,669 [main] WARN  server.ServerUtils (ServerUtils.java:getScmDbDir(145)) - ozone.scm.db.dirs is not configured. We recommend adding this setting. Falling back to ozone.metadata.dirs instead.
2019-10-10 18:57:31,670 [main] WARN  server.ServerUtils (ServerUtils.java:getScmDbDir(145)) - ozone.scm.db.dirs is not configured. We recommend adding this setting. Falling back to ozone.metadata.dirs instead.
2019-10-10 18:57:31,671 [main] INFO  db.DBStoreBuilder (DBStoreBuilder.java:addTable(117)) - using custom profile for table: deletedBlocks
2019-10-10 18:57:31,671 [main] INFO  db.DBStoreBuilder (DBStoreBuilder.java:processTables(168)) - Using default column profile:DBProfile.DISK for Table:deletedBlocks
2019-10-10 18:57:31,671 [main] INFO  db.DBStoreBuilder (DBStoreBuilder.java:addTable(117)) - using custom profile for table: validCerts
2019-10-10 18:57:31,671 [main] INFO  db.DBStoreBuilder (DBStoreBuilder.java:processTables(168)) - Using default column profile:DBProfile.DISK for Table:validCerts
2019-10-10 18:57:31,672 [main] INFO  db.DBStoreBuilder (DBStoreBuilder.java:addTable(117)) - using custom profile for table: revokedCerts
2019-10-10 18:57:31,672 [main] INFO  db.DBStoreBuilder (DBStoreBuilder.java:processTables(168)) - Using default column profile:DBProfile.DISK for Table:revokedCerts
2019-10-10 18:57:31,672 [main] INFO  db.DBStoreBuilder (DBStoreBuilder.java:addTable(117)) - using custom profile for table: default
2019-10-10 18:57:31,673 [main] INFO  db.DBStoreBuilder (DBStoreBuilder.java:processTables(174)) - Using default column profile:DBProfile.DISK for Table:default
2019-10-10 18:57:31,673 [main] INFO  db.DBStoreBuilder (DBStoreBuilder.java:getDbProfile(205)) - Using default options. DBProfile.DISK
2019-10-10 18:57:31,831 [main] INFO  net.NodeSchemaLoader (NodeSchemaLoader.java:loadSchemaFromFile(125)) - Loading file from sun.misc.CompoundEnumeration@7b14c61
2019-10-10 18:57:31,831 [main] INFO  net.NodeSchemaLoader (NodeSchemaLoader.java:loadSchema(171)) - Loading network topology layer schema file
2019-10-10 18:57:31,836 [main] WARN  server.ServerUtils (ServerUtils.java:sanitizeUserArgs(70)) - ozone.scm.stale.node.interval value = 300000 is larger than max = 100000 based on the key value of ozone.scm.heartbeat.thread.interval, reset to the max value 100000.
2019-10-10 18:57:31,837 [main] WARN  server.ServerUtils (ServerUtils.java:sanitizeUserArgs(70)) - ozone.scm.stale.node.interval value = 300000 is larger than max = 100000 based on the key value of ozone.scm.heartbeat.thread.interval, reset to the max value 100000.
2019-10-10 18:57:31,837 [main] INFO  node.SCMNodeManager (SCMNodeManager.java:<init>(116)) - Entering startup safe mode.
2019-10-10 18:57:31,838 [main] INFO  algorithms.ContainerPlacementPolicyFactory (ContainerPlacementPolicyFactory.java:getPolicy(57)) - Create container placement policy of type org.apache.hadoop.hdds.scm.container.placement.algorithms.SCMContainerPlacementRandom
2019-10-10 18:57:31,838 [main] WARN  server.ServerUtils (ServerUtils.java:getScmDbDir(145)) - ozone.scm.db.dirs is not configured. We recommend adding this setting. Falling back to ozone.metadata.dirs instead.
2019-10-10 18:57:31,891 [main] INFO  pipeline.SCMPipelineManager (SCMPipelineManager.java:initializePipelineState(132)) - No pipeline exists in current db
2019-10-10 18:57:31,891 [main] WARN  server.ServerUtils (ServerUtils.java:getScmDbDir(145)) - ozone.scm.db.dirs is not configured. We recommend adding this setting. Falling back to ozone.metadata.dirs instead.
2019-10-10 18:57:31,943 [main] WARN  events.EventQueue (EventQueue.java:fireEvent(183)) - No event handler registered for event TypedEvent{payloadType=SafeModeStatus, name='SafeModeStatus'}
2019-10-10 18:57:31,944 [main] INFO  ipc.CallQueueManager (CallQueueManager.java:<init>(84)) - Using callQueue: class java.util.concurrent.LinkedBlockingQueue, queueCapacity: 2000, scheduler: class org.apache.hadoop.ipc.DefaultRpcScheduler, ipcBackoff: false.
2019-10-10 18:57:31,946 [Socket Reader #1 for port 33521] INFO  ipc.Server (Server.java:run(1074)) - Starting Socket Reader #1 for port 33521
2019-10-10 18:57:31,950 [main] INFO  ipc.CallQueueManager (CallQueueManager.java:<init>(84)) - Using callQueue: class java.util.concurrent.LinkedBlockingQueue, queueCapacity: 2000, scheduler: class org.apache.hadoop.ipc.DefaultRpcScheduler, ipcBackoff: false.
2019-10-10 18:57:31,951 [Socket Reader #1 for port 39727] INFO  ipc.Server (Server.java:run(1074)) - Starting Socket Reader #1 for port 39727
2019-10-10 18:57:31,954 [main] INFO  ipc.CallQueueManager (CallQueueManager.java:<init>(84)) - Using callQueue: class java.util.concurrent.LinkedBlockingQueue, queueCapacity: 2000, scheduler: class org.apache.hadoop.ipc.DefaultRpcScheduler, ipcBackoff: false.
2019-10-10 18:57:31,955 [Socket Reader #1 for port 35940] INFO  ipc.Server (Server.java:run(1074)) - Starting Socket Reader #1 for port 35940
2019-10-10 18:57:31,960 [main] INFO  hdfs.DFSUtil (DFSUtil.java:httpServerTemplateForNNAndJN(1641)) - Starting Web-server for scm at: http://0.0.0.0:0
2019-10-10 18:57:31,962 [main] INFO  server.AuthenticationFilter (AuthenticationFilter.java:constructSecretProvider(240)) - Unable to initialize FileSignerSecretProvider, falling back to use random secrets.
2019-10-10 18:57:31,963 [main] WARN  http.HttpRequestLog (HttpRequestLog.java:getRequestLog(97)) - Jetty request log can only be enabled using Log4j
2019-10-10 18:57:31,966 [main] INFO  http.HttpServer2 (HttpServer2.java:addGlobalFilter(975)) - Added global filter 'safety' (class=org.apache.hadoop.http.HttpServer2$QuotingInputFilter)
2019-10-10 18:57:31,967 [main] INFO  http.HttpServer2 (HttpServer2.java:addFilter(948)) - Added filter static_user_filter (class=org.apache.hadoop.http.lib.StaticUserWebFilter$StaticUserFilter) to context scm
2019-10-10 18:57:31,967 [main] INFO  http.HttpServer2 (HttpServer2.java:addFilter(958)) - Added filter static_user_filter (class=org.apache.hadoop.http.lib.StaticUserWebFilter$StaticUserFilter) to context static
2019-10-10 18:57:31,967 [main] INFO  http.HttpServer2 (HttpServer2.java:addFilter(958)) - Added filter static_user_filter (class=org.apache.hadoop.http.lib.StaticUserWebFilter$StaticUserFilter) to context logs
2019-10-10 18:57:31,970 [main] INFO  server.StorageContainerManager (StorageContainerManager.java:start(772)) - StorageContainerLocationProtocol RPC server is listening at /0.0.0.0:35940
2019-10-10 18:57:31,974 [main] WARN  impl.MetricsConfig (MetricsConfig.java:loadFirst(134)) - Cannot locate configuration: tried hadoop-metrics2-storagecontainermanager.properties,hadoop-metrics2.properties
2019-10-10 18:57:31,975 [main] INFO  impl.MetricsSystemImpl (MetricsSystemImpl.java:startTimer(374)) - Scheduled Metric snapshot period at 10 second(s).
2019-10-10 18:57:31,975 [main] INFO  impl.MetricsSystemImpl (MetricsSystemImpl.java:start(191)) - StorageContainerManager metrics system started
2019-10-10 18:57:32,362 [main] WARN  impl.MetricsSystemImpl (MetricsSystemImpl.java:register(276)) - Sink prometheus already exists!
2019-10-10 18:57:32,640 [main] INFO  server.SCMClientProtocolServer (SCMClientProtocolServer.java:start(159)) - RPC server for Client  is listening at /0.0.0.0:35940
2019-10-10 18:57:32,641 [IPC Server Responder] INFO  ipc.Server (Server.java:run(1314)) - IPC Server Responder: starting
2019-10-10 18:57:32,641 [IPC Server listener on 35940] INFO  ipc.Server (Server.java:run(1153)) - IPC Server listener on 35940: starting
2019-10-10 18:57:32,652 [main] INFO  server.StorageContainerManager (StorageContainerManager.java:start(782)) - ScmBlockLocationProtocol RPC server is listening at /0.0.0.0:39727
2019-10-10 18:57:32,652 [main] INFO  server.SCMBlockProtocolServer (SCMBlockProtocolServer.java:start(146)) - RPC server for Block Protocol is listening at /0.0.0.0:39727
2019-10-10 18:57:32,653 [IPC Server Responder] INFO  ipc.Server (Server.java:run(1314)) - IPC Server Responder: starting
2019-10-10 18:57:32,653 [IPC Server listener on 39727] INFO  ipc.Server (Server.java:run(1153)) - IPC Server listener on 39727: starting
2019-10-10 18:57:32,669 [main] INFO  server.StorageContainerManager (StorageContainerManager.java:start(786)) - ScmDatanodeProtocl RPC server is listening at /0.0.0.0:33521
2019-10-10 18:57:32,669 [main] INFO  server.SCMDatanodeProtocolServer (SCMDatanodeProtocolServer.java:start(169)) - RPC server for DataNodes is listening at /0.0.0.0:33521
2019-10-10 18:57:32,670 [IPC Server Responder] INFO  ipc.Server (Server.java:run(1314)) - IPC Server Responder: starting
2019-10-10 18:57:32,670 [IPC Server listener on 33521] INFO  ipc.Server (Server.java:run(1153)) - IPC Server listener on 33521: starting
2019-10-10 18:57:32,676 [main] INFO  http.HttpServer2 (HttpServer2.java:bindListener(1191)) - Jetty bound to port 37528
2019-10-10 18:57:32,676 [main] INFO  server.Server (Server.java:doStart(351)) - jetty-9.3.25.v20180904, build timestamp: 2018-09-04T21:11:46Z, git hash: 3ce520221d0240229c862b122d2b06c12a625732
2019-10-10 18:57:32,678 [main] INFO  handler.ContextHandler (ContextHandler.java:doStart(781)) - Started o.e.j.s.ServletContextHandler@7d3691e1{/logs,file:///workdir/hadoop-ozone/integration-test/target/log,AVAILABLE}
2019-10-10 18:57:32,679 [main] INFO  handler.ContextHandler (ContextHandler.java:doStart(781)) - Started o.e.j.s.ServletContextHandler@44bc2449{/static,file:///workdir/hadoop-ozone/integration-test/target/test-classes/webapps/static,AVAILABLE}
2019-10-10 18:57:32,682 [main] INFO  handler.ContextHandler (ContextHandler.java:doStart(781)) - Started o.e.j.w.WebAppContext@58f254b1{/,file:///workdir/hadoop-ozone/integration-test/target/test-classes/webapps/scm/,AVAILABLE}{/scm}
2019-10-10 18:57:32,683 [main] INFO  server.AbstractConnector (AbstractConnector.java:doStart(278)) - Started ServerConnector@46b2dcc5{HTTP/1.1,[http/1.1]}{0.0.0.0:37528}
2019-10-10 18:57:32,685 [main] INFO  server.Server (Server.java:doStart(419)) - Started @198376ms
2019-10-10 18:57:32,685 [main] WARN  impl.MetricsSystemImpl (MetricsSystemImpl.java:register(276)) - Sink prometheus already exists!
2019-10-10 18:57:32,686 [main] INFO  server.BaseHttpServer (BaseHttpServer.java:updateConnectorAddress(215)) - HTTP server of SCM is listening at http://0.0.0.0:37528
2019-10-10 18:57:32,687 [main] WARN  server.ServerUtils (ServerUtils.java:getDBPath(222)) - ozone.om.db.dirs is not configured. We recommend adding this setting. Falling back to ozone.metadata.dirs instead.
2019-10-10 18:57:32,689 [org.apache.hadoop.util.JvmPauseMonitor$Monitor@706f6d26] INFO  util.JvmPauseMonitor (JvmPauseMonitor.java:run(188)) - Starting JVM pause monitor
2019-10-10 18:57:32,703 [main] INFO  ha.OMHANodeDetails (OMHANodeDetails.java:loadOMHAConfig(190)) - Configuration either no ozone.om.address set. Falling back to the default OM address /127.0.0.1:0
2019-10-10 18:57:32,703 [main] INFO  ha.OMHANodeDetails (OMHANodeDetails.java:getOMNodeDetails(220)) - OM Service ID is not set. Setting it to the default ID: omServiceIdDefault
2019-10-10 18:57:32,703 [main] WARN  server.ServerUtils (ServerUtils.java:getDBPath(222)) - ozone.om.db.dirs is not configured. We recommend adding this setting. Falling back to ozone.metadata.dirs instead.
2019-10-10 18:57:32,704 [main] WARN  server.ServerUtils (ServerUtils.java:getDBPath(222)) - ozone.om.db.dirs is not configured. We recommend adding this setting. Falling back to ozone.metadata.dirs instead.
2019-10-10 18:57:32,716 [main] WARN  server.ServerUtils (ServerUtils.java:getDBPath(222)) - ozone.om.db.dirs is not configured. We recommend adding this setting. Falling back to ozone.metadata.dirs instead.
2019-10-10 18:57:32,717 [main] INFO  db.DBStoreBuilder (DBStoreBuilder.java:addTable(117)) - using custom profile for table: userTable
2019-10-10 18:57:32,717 [main] INFO  db.DBStoreBuilder (DBStoreBuilder.java:processTables(168)) - Using default column profile:DBProfile.DISK for Table:userTable
2019-10-10 18:57:32,717 [main] INFO  db.DBStoreBuilder (DBStoreBuilder.java:addTable(117)) - using custom profile for table: volumeTable
2019-10-10 18:57:32,717 [main] INFO  db.DBStoreBuilder (DBStoreBuilder.java:processTables(168)) - Using default column profile:DBProfile.DISK for Table:volumeTable
2019-10-10 18:57:32,718 [main] INFO  db.DBStoreBuilder (DBStoreBuilder.java:addTable(117)) - using custom profile for table: bucketTable
2019-10-10 18:57:32,718 [main] INFO  db.DBStoreBuilder (DBStoreBuilder.java:processTables(168)) - Using default column profile:DBProfile.DISK for Table:bucketTable
2019-10-10 18:57:32,718 [main] INFO  db.DBStoreBuilder (DBStoreBuilder.java:addTable(117)) - using custom profile for table: keyTable
2019-10-10 18:57:32,718 [main] INFO  db.DBStoreBuilder (DBStoreBuilder.java:processTables(168)) - Using default column profile:DBProfile.DISK for Table:keyTable
2019-10-10 18:57:32,718 [main] INFO  db.DBStoreBuilder (DBStoreBuilder.java:addTable(117)) - using custom profile for table: deletedTable
2019-10-10 18:57:32,718 [main] INFO  db.DBStoreBuilder (DBStoreBuilder.java:processTables(168)) - Using default column profile:DBProfile.DISK for Table:deletedTable
2019-10-10 18:57:32,719 [main] INFO  db.DBStoreBuilder (DBStoreBuilder.java:addTable(117)) - using custom profile for table: openKeyTable
2019-10-10 18:57:32,719 [main] INFO  db.DBStoreBuilder (DBStoreBuilder.java:processTables(168)) - Using default column profile:DBProfile.DISK for Table:openKeyTable
2019-10-10 18:57:32,719 [main] INFO  db.DBStoreBuilder (DBStoreBuilder.java:addTable(117)) - using custom profile for table: s3Table
2019-10-10 18:57:32,719 [main] INFO  db.DBStoreBuilder (DBStoreBuilder.java:processTables(168)) - Using default column profile:DBProfile.DISK for Table:s3Table
2019-10-10 18:57:32,719 [main] INFO  db.DBStoreBuilder (DBStoreBuilder.java:addTable(117)) - using custom profile for table: multipartInfoTable
2019-10-10 18:57:32,720 [main] INFO  db.DBStoreBuilder (DBStoreBuilder.java:processTables(168)) - Using default column profile:DBProfile.DISK for Table:multipartInfoTable
2019-10-10 18:57:32,720 [main] INFO  db.DBStoreBuilder (DBStoreBuilder.java:addTable(117)) - using custom profile for table: dTokenTable
2019-10-10 18:57:32,720 [main] INFO  db.DBStoreBuilder (DBStoreBuilder.java:processTables(168)) - Using default column profile:DBProfile.DISK for Table:dTokenTable
2019-10-10 18:57:32,720 [main] INFO  db.DBStoreBuilder (DBStoreBuilder.java:addTable(117)) - using custom profile for table: s3SecretTable
2019-10-10 18:57:32,720 [main] INFO  db.DBStoreBuilder (DBStoreBuilder.java:processTables(168)) - Using default column profile:DBProfile.DISK for Table:s3SecretTable
2019-10-10 18:57:32,721 [main] INFO  db.DBStoreBuilder (DBStoreBuilder.java:addTable(117)) - using custom profile for table: prefixTable
2019-10-10 18:57:32,721 [main] INFO  db.DBStoreBuilder (DBStoreBuilder.java:processTables(168)) - Using default column profile:DBProfile.DISK for Table:prefixTable
2019-10-10 18:57:32,721 [main] INFO  db.DBStoreBuilder (DBStoreBuilder.java:addTable(117)) - using custom profile for table: default
2019-10-10 18:57:32,721 [main] INFO  db.DBStoreBuilder (DBStoreBuilder.java:processTables(174)) - Using default column profile:DBProfile.DISK for Table:default
2019-10-10 18:57:32,721 [main] INFO  db.DBStoreBuilder (DBStoreBuilder.java:getDbProfile(205)) - Using default options. DBProfile.DISK
2019-10-10 18:57:33,185 [main] INFO  ipc.CallQueueManager (CallQueueManager.java:<init>(84)) - Using callQueue: class java.util.concurrent.LinkedBlockingQueue, queueCapacity: 2000, scheduler: class org.apache.hadoop.ipc.DefaultRpcScheduler, ipcBackoff: false.
2019-10-10 18:57:33,186 [Socket Reader #1 for port 33008] INFO  ipc.Server (Server.java:run(1074)) - Starting Socket Reader #1 for port 33008
2019-10-10 18:57:33,203 [main] INFO  om.OzoneManager (OzoneManager.java:start(1069)) - OzoneManager RPC server is listening at localhost/127.0.0.1:33008
2019-10-10 18:57:33,203 [main] INFO  impl.MetricsSystemImpl (MetricsSystemImpl.java:init(158)) - OzoneManager metrics system started (again)
2019-10-10 18:57:33,204 [IPC Server Responder] INFO  ipc.Server (Server.java:run(1314)) - IPC Server Responder: starting
2019-10-10 18:57:33,207 [IPC Server listener on 33008] INFO  ipc.Server (Server.java:run(1153)) - IPC Server listener on 33008: starting
2019-10-10 18:57:33,216 [main] INFO  hdfs.DFSUtil (DFSUtil.java:httpServerTemplateForNNAndJN(1641)) - Starting Web-server for ozoneManager at: http://0.0.0.0:0
2019-10-10 18:57:33,217 [main] INFO  server.AuthenticationFilter (AuthenticationFilter.java:constructSecretProvider(240)) - Unable to initialize FileSignerSecretProvider, falling back to use random secrets.
2019-10-10 18:57:33,218 [main] WARN  http.HttpRequestLog (HttpRequestLog.java:getRequestLog(97)) - Jetty request log can only be enabled using Log4j
2019-10-10 18:57:33,220 [main] INFO  http.HttpServer2 (HttpServer2.java:addGlobalFilter(975)) - Added global filter 'safety' (class=org.apache.hadoop.http.HttpServer2$QuotingInputFilter)
2019-10-10 18:57:33,220 [main] INFO  http.HttpServer2 (HttpServer2.java:addFilter(948)) - Added filter static_user_filter (class=org.apache.hadoop.http.lib.StaticUserWebFilter$StaticUserFilter) to context ozoneManager
2019-10-10 18:57:33,220 [main] INFO  http.HttpServer2 (HttpServer2.java:addFilter(958)) - Added filter static_user_filter (class=org.apache.hadoop.http.lib.StaticUserWebFilter$StaticUserFilter) to context static
2019-10-10 18:57:33,220 [main] INFO  http.HttpServer2 (HttpServer2.java:addFilter(958)) - Added filter static_user_filter (class=org.apache.hadoop.http.lib.StaticUserWebFilter$StaticUserFilter) to context logs
2019-10-10 18:57:33,221 [main] INFO  http.HttpServer2 (HttpServer2.java:bindListener(1191)) - Jetty bound to port 34295
2019-10-10 18:57:33,221 [main] INFO  server.Server (Server.java:doStart(351)) - jetty-9.3.25.v20180904, build timestamp: 2018-09-04T21:11:46Z, git hash: 3ce520221d0240229c862b122d2b06c12a625732
2019-10-10 18:57:33,223 [main] INFO  handler.ContextHandler (ContextHandler.java:doStart(781)) - Started o.e.j.s.ServletContextHandler@73a6cc79{/logs,file:///workdir/hadoop-ozone/integration-test/target/log,AVAILABLE}
2019-10-10 18:57:33,223 [main] INFO  handler.ContextHandler (ContextHandler.java:doStart(781)) - Started o.e.j.s.ServletContextHandler@153d6d74{/static,file:///workdir/hadoop-ozone/integration-test/target/test-classes/webapps/static,AVAILABLE}
2019-10-10 18:57:33,227 [main] INFO  handler.ContextHandler (ContextHandler.java:doStart(781)) - Started o.e.j.w.WebAppContext@6aa7e176{/,file:///workdir/hadoop-ozone/integration-test/target/test-classes/webapps/ozoneManager/,AVAILABLE}{/ozoneManager}
2019-10-10 18:57:33,227 [main] INFO  server.AbstractConnector (AbstractConnector.java:doStart(278)) - Started ServerConnector@52abed9d{HTTP/1.1,[http/1.1]}{0.0.0.0:34295}
2019-10-10 18:57:33,230 [main] INFO  server.Server (Server.java:doStart(419)) - Started @198921ms
2019-10-10 18:57:33,230 [main] WARN  impl.MetricsSystemImpl (MetricsSystemImpl.java:register(276)) - Sink prometheus already exists!
2019-10-10 18:57:33,231 [main] INFO  server.BaseHttpServer (BaseHttpServer.java:updateConnectorAddress(215)) - HTTP server of OZONEMANAGER is listening at http://0.0.0.0:34295
2019-10-10 18:57:33,245 [main] INFO  impl.MetricsSystemImpl (MetricsSystemImpl.java:init(158)) - HddsDatanode metrics system started (again)
2019-10-10 18:57:33,261 [main] INFO  ozone.HddsDatanodeService (HddsDatanodeService.java:start(184)) - HddsDatanodeService host:pr-hdds-2194-9vxpc-1955504311 ip:192.168.5.175
2019-10-10 18:57:33,272 [main] INFO  volume.HddsVolume (HddsVolume.java:<init>(176)) - Creating Volume: /workdir/hadoop-ozone/integration-test/target/test-dir/MiniOzoneClusterImpl-a1795259-24d0-4aef-a737-5c87c65197ee/datanode-0/data/containers/hdds of  storage type : DISK and capacity : 1482555576320
2019-10-10 18:57:33,272 [main] INFO  volume.VolumeSet (VolumeSet.java:initializeVolumeSet(170)) - Added Volume : /workdir/hadoop-ozone/integration-test/target/test-dir/MiniOzoneClusterImpl-a1795259-24d0-4aef-a737-5c87c65197ee/datanode-0/data/containers/hdds to VolumeSet
2019-10-10 18:57:33,273 [main] INFO  volume.ThrottledAsyncChecker (ThrottledAsyncChecker.java:schedule(141)) - Scheduling a check for org.apache.hadoop.ozone.container.common.volume.HddsVolume@6f38f084
2019-10-10 18:57:33,273 [main] INFO  volume.HddsVolumeChecker (HddsVolumeChecker.java:checkAllVolumes(204)) - Scheduled health check for volume org.apache.hadoop.ozone.container.common.volume.HddsVolume@6f38f084
2019-10-10 18:57:33,290 [main] INFO  impl.RaftServerProxy (ConfUtils.java:logGet(43)) - raft.rpc.type = GRPC (default)
2019-10-10 18:57:33,290 [main] INFO  grpc.GrpcFactory (GrpcFactory.java:checkPooledByteBufAllocatorUseCacheForAllThreads(45)) - PERFORMANCE WARNING: useCacheForAllThreads is true that may cause Netty to create a lot garbage objects and, as a result, trigger GC.
	It is recommended to disable useCacheForAllThreads by setting -Dorg.apache.ratis.thirdparty.io.netty.allocator.useCacheForAllThreads=false in command line.
2019-10-10 18:57:33,290 [main] INFO  grpc.GrpcConfigKeys$Server (ConfUtils.java:logGet(43)) - raft.grpc.server.port = 0 (default)
2019-10-10 18:57:33,291 [main] INFO  server.GrpcService (ConfUtils.java:logGet(43)) - raft.grpc.message.size.max = 33570816 (custom)
2019-10-10 18:57:33,291 [main] INFO  server.RaftServerConfigKeys (ConfUtils.java:logGet(43)) - raft.server.log.appender.buffer.byte-limit = 33554432 (custom)
2019-10-10 18:57:33,291 [main] INFO  server.GrpcService (ConfUtils.java:logGet(43)) - raft.grpc.flow.control.window = 1MB (=1048576) (default)
2019-10-10 18:57:33,291 [main] INFO  server.RaftServerConfigKeys (ConfUtils.java:logGet(43)) - raft.server.rpc.request.timeout = 3000ms (default)
2019-10-10 18:57:33,292 [main] INFO  server.RaftServerConfigKeys (ConfUtils.java:logGet(43)) - raft.server.storage.dir = [/workdir/hadoop-ozone/integration-test/target/test-dir/MiniOzoneClusterImpl-a1795259-24d0-4aef-a737-5c87c65197ee/datanode-0/data/ratis] (custom)
2019-10-10 18:57:33,293 [main] INFO  hdfs.DFSUtil (DFSUtil.java:httpServerTemplateForNNAndJN(1641)) - Starting Web-server for hddsDatanode at: http://0.0.0.0:0
2019-10-10 18:57:33,294 [main] INFO  server.AuthenticationFilter (AuthenticationFilter.java:constructSecretProvider(240)) - Unable to initialize FileSignerSecretProvider, falling back to use random secrets.
2019-10-10 18:57:33,294 [main] WARN  http.HttpRequestLog (HttpRequestLog.java:getRequestLog(97)) - Jetty request log can only be enabled using Log4j
2019-10-10 18:57:33,296 [main] INFO  http.HttpServer2 (HttpServer2.java:addGlobalFilter(975)) - Added global filter 'safety' (class=org.apache.hadoop.http.HttpServer2$QuotingInputFilter)
2019-10-10 18:57:33,296 [main] INFO  http.HttpServer2 (HttpServer2.java:addFilter(948)) - Added filter static_user_filter (class=org.apache.hadoop.http.lib.StaticUserWebFilter$StaticUserFilter) to context hddsDatanode
2019-10-10 18:57:33,297 [main] INFO  http.HttpServer2 (HttpServer2.java:addFilter(958)) - Added filter static_user_filter (class=org.apache.hadoop.http.lib.StaticUserWebFilter$StaticUserFilter) to context static
2019-10-10 18:57:33,297 [main] INFO  http.HttpServer2 (HttpServer2.java:addFilter(958)) - Added filter static_user_filter (class=org.apache.hadoop.http.lib.StaticUserWebFilter$StaticUserFilter) to context logs
2019-10-10 18:57:33,297 [main] INFO  http.HttpServer2 (HttpServer2.java:bindListener(1191)) - Jetty bound to port 38719
2019-10-10 18:57:33,298 [main] INFO  server.Server (Server.java:doStart(351)) - jetty-9.3.25.v20180904, build timestamp: 2018-09-04T21:11:46Z, git hash: 3ce520221d0240229c862b122d2b06c12a625732
2019-10-10 18:57:33,299 [main] INFO  handler.ContextHandler (ContextHandler.java:doStart(781)) - Started o.e.j.s.ServletContextHandler@3d104c9b{/logs,file:///workdir/hadoop-ozone/integration-test/target/log,AVAILABLE}
2019-10-10 18:57:33,300 [main] INFO  handler.ContextHandler (ContextHandler.java:doStart(781)) - Started o.e.j.s.ServletContextHandler@6da54910{/static,jar:file:/home/user/.m2/repository/org/apache/hadoop/hadoop-hdds-container-service/0.5.0-SNAPSHOT/hadoop-hdds-container-service-0.5.0-SNAPSHOT.jar!/webapps/static,AVAILABLE}
2019-10-10 18:57:33,329 [main] INFO  handler.ContextHandler (ContextHandler.java:doStart(781)) - Started o.e.j.w.WebAppContext@615db358{/,file:///tmp/jetty-0.0.0.0-38719-hddsDatanode-_-any-26256866175130467.dir/webapp/,AVAILABLE}{/hddsDatanode}
2019-10-10 18:57:33,329 [main] INFO  server.AbstractConnector (AbstractConnector.java:doStart(278)) - Started ServerConnector@256bb5be{HTTP/1.1,[http/1.1]}{0.0.0.0:38719}
2019-10-10 18:57:33,333 [main] INFO  server.Server (Server.java:doStart(419)) - Started @199024ms
2019-10-10 18:57:33,333 [main] WARN  impl.MetricsSystemImpl (MetricsSystemImpl.java:register(276)) - Sink prometheus already exists!
2019-10-10 18:57:33,334 [main] INFO  server.BaseHttpServer (BaseHttpServer.java:updateConnectorAddress(215)) - HTTP server of HDDSDATANODE is listening at http://0.0.0.0:38719
2019-10-10 18:57:33,334 [main] INFO  impl.MetricsSystemImpl (MetricsSystemImpl.java:init(158)) - HddsDatanode metrics system started (again)
2019-10-10 18:57:33,350 [org.apache.hadoop.util.JvmPauseMonitor$Monitor@1acab509] INFO  util.JvmPauseMonitor (JvmPauseMonitor.java:run(188)) - Starting JVM pause monitor
2019-10-10 18:57:33,352 [Datanode State Machine Thread - 0] INFO  datanode.InitDatanodeState (InitDatanodeState.java:persistContainerDatanodeDetails(140)) - DatanodeDetails is persisted to /workdir/hadoop-ozone/integration-test/target/test-dir/MiniOzoneClusterImpl-a1795259-24d0-4aef-a737-5c87c65197ee/datanode-0/meta/datanode.id
2019-10-10 18:57:33,353 [main] INFO  ozone.HddsDatanodeService (HddsDatanodeService.java:start(184)) - HddsDatanodeService host:pr-hdds-2194-9vxpc-1955504311 ip:192.168.5.175
2019-10-10 18:57:33,364 [main] INFO  volume.HddsVolume (HddsVolume.java:<init>(176)) - Creating Volume: /workdir/hadoop-ozone/integration-test/target/test-dir/MiniOzoneClusterImpl-a1795259-24d0-4aef-a737-5c87c65197ee/datanode-1/data/containers/hdds of  storage type : DISK and capacity : 1482555576320
2019-10-10 18:57:33,364 [main] INFO  volume.VolumeSet (VolumeSet.java:initializeVolumeSet(170)) - Added Volume : /workdir/hadoop-ozone/integration-test/target/test-dir/MiniOzoneClusterImpl-a1795259-24d0-4aef-a737-5c87c65197ee/datanode-1/data/containers/hdds to VolumeSet
2019-10-10 18:57:33,364 [main] INFO  volume.ThrottledAsyncChecker (ThrottledAsyncChecker.java:schedule(141)) - Scheduling a check for org.apache.hadoop.ozone.container.common.volume.HddsVolume@67b61834
2019-10-10 18:57:33,365 [main] INFO  volume.HddsVolumeChecker (HddsVolumeChecker.java:checkAllVolumes(204)) - Scheduled health check for volume org.apache.hadoop.ozone.container.common.volume.HddsVolume@67b61834
2019-10-10 18:57:33,388 [main] INFO  impl.RaftServerProxy (ConfUtils.java:logGet(43)) - raft.rpc.type = GRPC (default)
2019-10-10 18:57:33,388 [main] INFO  grpc.GrpcFactory (GrpcFactory.java:checkPooledByteBufAllocatorUseCacheForAllThreads(45)) - PERFORMANCE WARNING: useCacheForAllThreads is true that may cause Netty to create a lot garbage objects and, as a result, trigger GC.
	It is recommended to disable useCacheForAllThreads by setting -Dorg.apache.ratis.thirdparty.io.netty.allocator.useCacheForAllThreads=false in command line.
2019-10-10 18:57:33,389 [main] INFO  grpc.GrpcConfigKeys$Server (ConfUtils.java:logGet(43)) - raft.grpc.server.port = 0 (default)
2019-10-10 18:57:33,389 [main] INFO  server.GrpcService (ConfUtils.java:logGet(43)) - raft.grpc.message.size.max = 33570816 (custom)
2019-10-10 18:57:33,389 [main] INFO  server.RaftServerConfigKeys (ConfUtils.java:logGet(43)) - raft.server.log.appender.buffer.byte-limit = 33554432 (custom)
2019-10-10 18:57:33,389 [main] INFO  server.GrpcService (ConfUtils.java:logGet(43)) - raft.grpc.flow.control.window = 1MB (=1048576) (default)
2019-10-10 18:57:33,389 [main] INFO  server.RaftServerConfigKeys (ConfUtils.java:logGet(43)) - raft.server.rpc.request.timeout = 3000ms (default)
2019-10-10 18:57:33,390 [main] INFO  server.RaftServerConfigKeys (ConfUtils.java:logGet(43)) - raft.server.storage.dir = [/workdir/hadoop-ozone/integration-test/target/test-dir/MiniOzoneClusterImpl-a1795259-24d0-4aef-a737-5c87c65197ee/datanode-1/data/ratis] (custom)
2019-10-10 18:57:33,391 [main] INFO  hdfs.DFSUtil (DFSUtil.java:httpServerTemplateForNNAndJN(1641)) - Starting Web-server for hddsDatanode at: http://0.0.0.0:0
2019-10-10 18:57:33,393 [main] INFO  server.AuthenticationFilter (AuthenticationFilter.java:constructSecretProvider(240)) - Unable to initialize FileSignerSecretProvider, falling back to use random secrets.
2019-10-10 18:57:33,393 [main] WARN  http.HttpRequestLog (HttpRequestLog.java:getRequestLog(97)) - Jetty request log can only be enabled using Log4j
2019-10-10 18:57:33,395 [main] INFO  http.HttpServer2 (HttpServer2.java:addGlobalFilter(975)) - Added global filter 'safety' (class=org.apache.hadoop.http.HttpServer2$QuotingInputFilter)
2019-10-10 18:57:33,396 [main] INFO  http.HttpServer2 (HttpServer2.java:addFilter(948)) - Added filter static_user_filter (class=org.apache.hadoop.http.lib.StaticUserWebFilter$StaticUserFilter) to context hddsDatanode
2019-10-10 18:57:33,396 [main] INFO  http.HttpServer2 (HttpServer2.java:addFilter(958)) - Added filter static_user_filter (class=org.apache.hadoop.http.lib.StaticUserWebFilter$StaticUserFilter) to context static
2019-10-10 18:57:33,396 [main] INFO  http.HttpServer2 (HttpServer2.java:addFilter(958)) - Added filter static_user_filter (class=org.apache.hadoop.http.lib.StaticUserWebFilter$StaticUserFilter) to context logs
2019-10-10 18:57:33,397 [main] INFO  http.HttpServer2 (HttpServer2.java:bindListener(1191)) - Jetty bound to port 41414
2019-10-10 18:57:33,397 [main] INFO  server.Server (Server.java:doStart(351)) - jetty-9.3.25.v20180904, build timestamp: 2018-09-04T21:11:46Z, git hash: 3ce520221d0240229c862b122d2b06c12a625732
2019-10-10 18:57:33,399 [main] INFO  handler.ContextHandler (ContextHandler.java:doStart(781)) - Started o.e.j.s.ServletContextHandler@34c7232c{/logs,file:///workdir/hadoop-ozone/integration-test/target/log,AVAILABLE}
2019-10-10 18:57:33,400 [main] INFO  handler.ContextHandler (ContextHandler.java:doStart(781)) - Started o.e.j.s.ServletContextHandler@8b13d91{/static,jar:file:/home/user/.m2/repository/org/apache/hadoop/hadoop-hdds-container-service/0.5.0-SNAPSHOT/hadoop-hdds-container-service-0.5.0-SNAPSHOT.jar!/webapps/static,AVAILABLE}
2019-10-10 18:57:33,434 [main] INFO  handler.ContextHandler (ContextHandler.java:doStart(781)) - Started o.e.j.w.WebAppContext@1595d2b2{/,file:///tmp/jetty-0.0.0.0-41414-hddsDatanode-_-any-4815811069706148414.dir/webapp/,AVAILABLE}{/hddsDatanode}
2019-10-10 18:57:33,435 [main] INFO  server.AbstractConnector (AbstractConnector.java:doStart(278)) - Started ServerConnector@20349058{HTTP/1.1,[http/1.1]}{0.0.0.0:41414}
2019-10-10 18:57:33,437 [main] INFO  server.Server (Server.java:doStart(419)) - Started @199128ms
2019-10-10 18:57:33,437 [main] WARN  impl.MetricsSystemImpl (MetricsSystemImpl.java:register(276)) - Sink prometheus already exists!
2019-10-10 18:57:33,438 [main] INFO  server.BaseHttpServer (BaseHttpServer.java:updateConnectorAddress(215)) - HTTP server of HDDSDATANODE is listening at http://0.0.0.0:41414
2019-10-10 18:57:33,438 [main] INFO  impl.MetricsSystemImpl (MetricsSystemImpl.java:init(158)) - HddsDatanode metrics system started (again)
2019-10-10 18:57:33,456 [org.apache.hadoop.util.JvmPauseMonitor$Monitor@5f3d7e2b] INFO  util.JvmPauseMonitor (JvmPauseMonitor.java:run(188)) - Starting JVM pause monitor
2019-10-10 18:57:33,458 [Datanode State Machine Thread - 0] INFO  datanode.InitDatanodeState (InitDatanodeState.java:persistContainerDatanodeDetails(140)) - DatanodeDetails is persisted to /workdir/hadoop-ozone/integration-test/target/test-dir/MiniOzoneClusterImpl-a1795259-24d0-4aef-a737-5c87c65197ee/datanode-1/meta/datanode.id
2019-10-10 18:57:33,458 [main] INFO  ozone.HddsDatanodeService (HddsDatanodeService.java:start(184)) - HddsDatanodeService host:pr-hdds-2194-9vxpc-1955504311 ip:192.168.5.175
2019-10-10 18:57:33,466 [main] INFO  volume.HddsVolume (HddsVolume.java:<init>(176)) - Creating Volume: /workdir/hadoop-ozone/integration-test/target/test-dir/MiniOzoneClusterImpl-a1795259-24d0-4aef-a737-5c87c65197ee/datanode-2/data/containers/hdds of  storage type : DISK and capacity : 1482555576320
2019-10-10 18:57:33,467 [main] INFO  volume.VolumeSet (VolumeSet.java:initializeVolumeSet(170)) - Added Volume : /workdir/hadoop-ozone/integration-test/target/test-dir/MiniOzoneClusterImpl-a1795259-24d0-4aef-a737-5c87c65197ee/datanode-2/data/containers/hdds to VolumeSet
2019-10-10 18:57:33,467 [main] INFO  volume.ThrottledAsyncChecker (ThrottledAsyncChecker.java:schedule(141)) - Scheduling a check for org.apache.hadoop.ozone.container.common.volume.HddsVolume@74f280bd
2019-10-10 18:57:33,467 [main] INFO  volume.HddsVolumeChecker (HddsVolumeChecker.java:checkAllVolumes(204)) - Scheduled health check for volume org.apache.hadoop.ozone.container.common.volume.HddsVolume@74f280bd
2019-10-10 18:57:33,484 [main] INFO  impl.RaftServerProxy (ConfUtils.java:logGet(43)) - raft.rpc.type = GRPC (default)
2019-10-10 18:57:33,484 [main] INFO  grpc.GrpcFactory (GrpcFactory.java:checkPooledByteBufAllocatorUseCacheForAllThreads(45)) - PERFORMANCE WARNING: useCacheForAllThreads is true that may cause Netty to create a lot garbage objects and, as a result, trigger GC.
	It is recommended to disable useCacheForAllThreads by setting -Dorg.apache.ratis.thirdparty.io.netty.allocator.useCacheForAllThreads=false in command line.
2019-10-10 18:57:33,484 [main] INFO  grpc.GrpcConfigKeys$Server (ConfUtils.java:logGet(43)) - raft.grpc.server.port = 0 (default)
2019-10-10 18:57:33,484 [main] INFO  server.GrpcService (ConfUtils.java:logGet(43)) - raft.grpc.message.size.max = 33570816 (custom)
2019-10-10 18:57:33,485 [main] INFO  server.RaftServerConfigKeys (ConfUtils.java:logGet(43)) - raft.server.log.appender.buffer.byte-limit = 33554432 (custom)
2019-10-10 18:57:33,485 [main] INFO  server.GrpcService (ConfUtils.java:logGet(43)) - raft.grpc.flow.control.window = 1MB (=1048576) (default)
2019-10-10 18:57:33,485 [main] INFO  server.RaftServerConfigKeys (ConfUtils.java:logGet(43)) - raft.server.rpc.request.timeout = 3000ms (default)
2019-10-10 18:57:33,485 [main] INFO  server.RaftServerConfigKeys (ConfUtils.java:logGet(43)) - raft.server.storage.dir = [/workdir/hadoop-ozone/integration-test/target/test-dir/MiniOzoneClusterImpl-a1795259-24d0-4aef-a737-5c87c65197ee/datanode-2/data/ratis] (custom)
2019-10-10 18:57:33,487 [main] INFO  hdfs.DFSUtil (DFSUtil.java:httpServerTemplateForNNAndJN(1641)) - Starting Web-server for hddsDatanode at: http://0.0.0.0:0
2019-10-10 18:57:33,488 [main] INFO  server.AuthenticationFilter (AuthenticationFilter.java:constructSecretProvider(240)) - Unable to initialize FileSignerSecretProvider, falling back to use random secrets.
2019-10-10 18:57:33,488 [main] WARN  http.HttpRequestLog (HttpRequestLog.java:getRequestLog(97)) - Jetty request log can only be enabled using Log4j
2019-10-10 18:57:33,490 [main] INFO  http.HttpServer2 (HttpServer2.java:addGlobalFilter(975)) - Added global filter 'safety' (class=org.apache.hadoop.http.HttpServer2$QuotingInputFilter)
2019-10-10 18:57:33,490 [main] INFO  http.HttpServer2 (HttpServer2.java:addFilter(948)) - Added filter static_user_filter (class=org.apache.hadoop.http.lib.StaticUserWebFilter$StaticUserFilter) to context hddsDatanode
2019-10-10 18:57:33,490 [main] INFO  http.HttpServer2 (HttpServer2.java:addFilter(958)) - Added filter static_user_filter (class=org.apache.hadoop.http.lib.StaticUserWebFilter$StaticUserFilter) to context static
2019-10-10 18:57:33,491 [main] INFO  http.HttpServer2 (HttpServer2.java:addFilter(958)) - Added filter static_user_filter (class=org.apache.hadoop.http.lib.StaticUserWebFilter$StaticUserFilter) to context logs
2019-10-10 18:57:33,491 [main] INFO  http.HttpServer2 (HttpServer2.java:bindListener(1191)) - Jetty bound to port 36829
2019-10-10 18:57:33,491 [main] INFO  server.Server (Server.java:doStart(351)) - jetty-9.3.25.v20180904, build timestamp: 2018-09-04T21:11:46Z, git hash: 3ce520221d0240229c862b122d2b06c12a625732
2019-10-10 18:57:33,493 [main] INFO  handler.ContextHandler (ContextHandler.java:doStart(781)) - Started o.e.j.s.ServletContextHandler@53d6e959{/logs,file:///workdir/hadoop-ozone/integration-test/target/log,AVAILABLE}
2019-10-10 18:57:33,494 [main] INFO  handler.ContextHandler (ContextHandler.java:doStart(781)) - Started o.e.j.s.ServletContextHandler@69a40b3c{/static,jar:file:/home/user/.m2/repository/org/apache/hadoop/hadoop-hdds-container-service/0.5.0-SNAPSHOT/hadoop-hdds-container-service-0.5.0-SNAPSHOT.jar!/webapps/static,AVAILABLE}
2019-10-10 18:57:33,522 [main] INFO  handler.ContextHandler (ContextHandler.java:doStart(781)) - Started o.e.j.w.WebAppContext@fddd7ae{/,file:///tmp/jetty-0.0.0.0-36829-hddsDatanode-_-any-6010507693513857808.dir/webapp/,AVAILABLE}{/hddsDatanode}
2019-10-10 18:57:33,522 [main] INFO  server.AbstractConnector (AbstractConnector.java:doStart(278)) - Started ServerConnector@3f6cce7f{HTTP/1.1,[http/1.1]}{0.0.0.0:36829}
2019-10-10 18:57:33,527 [main] INFO  server.Server (Server.java:doStart(419)) - Started @199218ms
2019-10-10 18:57:33,527 [main] WARN  impl.MetricsSystemImpl (MetricsSystemImpl.java:register(276)) - Sink prometheus already exists!
2019-10-10 18:57:33,528 [main] INFO  server.BaseHttpServer (BaseHttpServer.java:updateConnectorAddress(215)) - HTTP server of HDDSDATANODE is listening at http://0.0.0.0:36829
2019-10-10 18:57:33,528 [main] INFO  impl.MetricsSystemImpl (MetricsSystemImpl.java:init(158)) - HddsDatanode metrics system started (again)
2019-10-10 18:57:33,546 [org.apache.hadoop.util.JvmPauseMonitor$Monitor@17100ef1] INFO  util.JvmPauseMonitor (JvmPauseMonitor.java:run(188)) - Starting JVM pause monitor
2019-10-10 18:57:33,548 [Datanode State Machine Thread - 0] INFO  datanode.InitDatanodeState (InitDatanodeState.java:persistContainerDatanodeDetails(140)) - DatanodeDetails is persisted to /workdir/hadoop-ozone/integration-test/target/test-dir/MiniOzoneClusterImpl-a1795259-24d0-4aef-a737-5c87c65197ee/datanode-2/meta/datanode.id
2019-10-10 18:57:33,548 [main] INFO  ozone.HddsDatanodeService (HddsDatanodeService.java:start(184)) - HddsDatanodeService host:pr-hdds-2194-9vxpc-1955504311 ip:192.168.5.175
2019-10-10 18:57:33,558 [main] INFO  volume.HddsVolume (HddsVolume.java:<init>(176)) - Creating Volume: /workdir/hadoop-ozone/integration-test/target/test-dir/MiniOzoneClusterImpl-a1795259-24d0-4aef-a737-5c87c65197ee/datanode-3/data/containers/hdds of  storage type : DISK and capacity : 1482555576320
2019-10-10 18:57:33,559 [main] INFO  volume.VolumeSet (VolumeSet.java:initializeVolumeSet(170)) - Added Volume : /workdir/hadoop-ozone/integration-test/target/test-dir/MiniOzoneClusterImpl-a1795259-24d0-4aef-a737-5c87c65197ee/datanode-3/data/containers/hdds to VolumeSet
2019-10-10 18:57:33,559 [main] INFO  volume.ThrottledAsyncChecker (ThrottledAsyncChecker.java:schedule(141)) - Scheduling a check for org.apache.hadoop.ozone.container.common.volume.HddsVolume@6b1321b7
2019-10-10 18:57:33,559 [main] INFO  volume.HddsVolumeChecker (HddsVolumeChecker.java:checkAllVolumes(204)) - Scheduled health check for volume org.apache.hadoop.ozone.container.common.volume.HddsVolume@6b1321b7
2019-10-10 18:57:33,576 [main] INFO  impl.RaftServerProxy (ConfUtils.java:logGet(43)) - raft.rpc.type = GRPC (default)
2019-10-10 18:57:33,576 [main] INFO  grpc.GrpcFactory (GrpcFactory.java:checkPooledByteBufAllocatorUseCacheForAllThreads(45)) - PERFORMANCE WARNING: useCacheForAllThreads is true that may cause Netty to create a lot garbage objects and, as a result, trigger GC.
	It is recommended to disable useCacheForAllThreads by setting -Dorg.apache.ratis.thirdparty.io.netty.allocator.useCacheForAllThreads=false in command line.
2019-10-10 18:57:33,576 [main] INFO  grpc.GrpcConfigKeys$Server (ConfUtils.java:logGet(43)) - raft.grpc.server.port = 0 (default)
2019-10-10 18:57:33,576 [main] INFO  server.GrpcService (ConfUtils.java:logGet(43)) - raft.grpc.message.size.max = 33570816 (custom)
2019-10-10 18:57:33,576 [main] INFO  server.RaftServerConfigKeys (ConfUtils.java:logGet(43)) - raft.server.log.appender.buffer.byte-limit = 33554432 (custom)
2019-10-10 18:57:33,577 [main] INFO  server.GrpcService (ConfUtils.java:logGet(43)) - raft.grpc.flow.control.window = 1MB (=1048576) (default)
2019-10-10 18:57:33,577 [main] INFO  server.RaftServerConfigKeys (ConfUtils.java:logGet(43)) - raft.server.rpc.request.timeout = 3000ms (default)
2019-10-10 18:57:33,577 [main] INFO  server.RaftServerConfigKeys (ConfUtils.java:logGet(43)) - raft.server.storage.dir = [/workdir/hadoop-ozone/integration-test/target/test-dir/MiniOzoneClusterImpl-a1795259-24d0-4aef-a737-5c87c65197ee/datanode-3/data/ratis] (custom)
2019-10-10 18:57:33,578 [main] INFO  hdfs.DFSUtil (DFSUtil.java:httpServerTemplateForNNAndJN(1641)) - Starting Web-server for hddsDatanode at: http://0.0.0.0:0
2019-10-10 18:57:33,580 [main] INFO  server.AuthenticationFilter (AuthenticationFilter.java:constructSecretProvider(240)) - Unable to initialize FileSignerSecretProvider, falling back to use random secrets.
2019-10-10 18:57:33,580 [main] WARN  http.HttpRequestLog (HttpRequestLog.java:getRequestLog(97)) - Jetty request log can only be enabled using Log4j
2019-10-10 18:57:33,581 [main] INFO  http.HttpServer2 (HttpServer2.java:addGlobalFilter(975)) - Added global filter 'safety' (class=org.apache.hadoop.http.HttpServer2$QuotingInputFilter)
2019-10-10 18:57:33,582 [main] INFO  http.HttpServer2 (HttpServer2.java:addFilter(948)) - Added filter static_user_filter (class=org.apache.hadoop.http.lib.StaticUserWebFilter$StaticUserFilter) to context hddsDatanode
2019-10-10 18:57:33,582 [main] INFO  http.HttpServer2 (HttpServer2.java:addFilter(958)) - Added filter static_user_filter (class=org.apache.hadoop.http.lib.StaticUserWebFilter$StaticUserFilter) to context logs
2019-10-10 18:57:33,582 [main] INFO  http.HttpServer2 (HttpServer2.java:addFilter(958)) - Added filter static_user_filter (class=org.apache.hadoop.http.lib.StaticUserWebFilter$StaticUserFilter) to context static
2019-10-10 18:57:33,583 [main] INFO  http.HttpServer2 (HttpServer2.java:bindListener(1191)) - Jetty bound to port 45879
2019-10-10 18:57:33,583 [main] INFO  server.Server (Server.java:doStart(351)) - jetty-9.3.25.v20180904, build timestamp: 2018-09-04T21:11:46Z, git hash: 3ce520221d0240229c862b122d2b06c12a625732
2019-10-10 18:57:33,585 [main] INFO  handler.ContextHandler (ContextHandler.java:doStart(781)) - Started o.e.j.s.ServletContextHandler@5a2ae1ab{/logs,file:///workdir/hadoop-ozone/integration-test/target/log,AVAILABLE}
2019-10-10 18:57:33,585 [main] INFO  handler.ContextHandler (ContextHandler.java:doStart(781)) - Started o.e.j.s.ServletContextHandler@7d59e968{/static,jar:file:/home/user/.m2/repository/org/apache/hadoop/hadoop-hdds-container-service/0.5.0-SNAPSHOT/hadoop-hdds-container-service-0.5.0-SNAPSHOT.jar!/webapps/static,AVAILABLE}
2019-10-10 18:57:33,614 [main] INFO  handler.ContextHandler (ContextHandler.java:doStart(781)) - Started o.e.j.w.WebAppContext@2407a36c{/,file:///tmp/jetty-0.0.0.0-45879-hddsDatanode-_-any-1498894037448529526.dir/webapp/,AVAILABLE}{/hddsDatanode}
2019-10-10 18:57:33,614 [main] INFO  server.AbstractConnector (AbstractConnector.java:doStart(278)) - Started ServerConnector@5ec9eefa{HTTP/1.1,[http/1.1]}{0.0.0.0:45879}
2019-10-10 18:57:33,619 [main] INFO  server.Server (Server.java:doStart(419)) - Started @199310ms
2019-10-10 18:57:33,619 [main] WARN  impl.MetricsSystemImpl (MetricsSystemImpl.java:register(276)) - Sink prometheus already exists!
2019-10-10 18:57:33,620 [main] INFO  server.BaseHttpServer (BaseHttpServer.java:updateConnectorAddress(215)) - HTTP server of HDDSDATANODE is listening at http://0.0.0.0:45879
2019-10-10 18:57:33,620 [main] INFO  impl.MetricsSystemImpl (MetricsSystemImpl.java:init(158)) - HddsDatanode metrics system started (again)
2019-10-10 18:57:33,639 [org.apache.hadoop.util.JvmPauseMonitor$Monitor@7ad6845e] INFO  util.JvmPauseMonitor (JvmPauseMonitor.java:run(188)) - Starting JVM pause monitor
2019-10-10 18:57:33,641 [Datanode State Machine Thread - 0] INFO  datanode.InitDatanodeState (InitDatanodeState.java:persistContainerDatanodeDetails(140)) - DatanodeDetails is persisted to /workdir/hadoop-ozone/integration-test/target/test-dir/MiniOzoneClusterImpl-a1795259-24d0-4aef-a737-5c87c65197ee/datanode-3/meta/datanode.id
2019-10-10 18:57:33,641 [main] INFO  ozone.HddsDatanodeService (HddsDatanodeService.java:start(184)) - HddsDatanodeService host:pr-hdds-2194-9vxpc-1955504311 ip:192.168.5.175
2019-10-10 18:57:33,657 [main] INFO  volume.HddsVolume (HddsVolume.java:<init>(176)) - Creating Volume: /workdir/hadoop-ozone/integration-test/target/test-dir/MiniOzoneClusterImpl-a1795259-24d0-4aef-a737-5c87c65197ee/datanode-4/data/containers/hdds of  storage type : DISK and capacity : 1482555576320
2019-10-10 18:57:33,658 [main] INFO  volume.VolumeSet (VolumeSet.java:initializeVolumeSet(170)) - Added Volume : /workdir/hadoop-ozone/integration-test/target/test-dir/MiniOzoneClusterImpl-a1795259-24d0-4aef-a737-5c87c65197ee/datanode-4/data/containers/hdds to VolumeSet
2019-10-10 18:57:33,658 [main] INFO  volume.ThrottledAsyncChecker (ThrottledAsyncChecker.java:schedule(141)) - Scheduling a check for org.apache.hadoop.ozone.container.common.volume.HddsVolume@b022551
2019-10-10 18:57:33,658 [main] INFO  volume.HddsVolumeChecker (HddsVolumeChecker.java:checkAllVolumes(204)) - Scheduled health check for volume org.apache.hadoop.ozone.container.common.volume.HddsVolume@b022551
2019-10-10 18:57:33,674 [main] INFO  impl.RaftServerProxy (ConfUtils.java:logGet(43)) - raft.rpc.type = GRPC (default)
2019-10-10 18:57:33,674 [main] INFO  grpc.GrpcFactory (GrpcFactory.java:checkPooledByteBufAllocatorUseCacheForAllThreads(45)) - PERFORMANCE WARNING: useCacheForAllThreads is true that may cause Netty to create a lot garbage objects and, as a result, trigger GC.
	It is recommended to disable useCacheForAllThreads by setting -Dorg.apache.ratis.thirdparty.io.netty.allocator.useCacheForAllThreads=false in command line.
2019-10-10 18:57:33,675 [main] INFO  grpc.GrpcConfigKeys$Server (ConfUtils.java:logGet(43)) - raft.grpc.server.port = 0 (default)
2019-10-10 18:57:33,675 [main] INFO  server.GrpcService (ConfUtils.java:logGet(43)) - raft.grpc.message.size.max = 33570816 (custom)
2019-10-10 18:57:33,675 [main] INFO  server.RaftServerConfigKeys (ConfUtils.java:logGet(43)) - raft.server.log.appender.buffer.byte-limit = 33554432 (custom)
2019-10-10 18:57:33,675 [main] INFO  server.GrpcService (ConfUtils.java:logGet(43)) - raft.grpc.flow.control.window = 1MB (=1048576) (default)
2019-10-10 18:57:33,675 [main] INFO  server.RaftServerConfigKeys (ConfUtils.java:logGet(43)) - raft.server.rpc.request.timeout = 3000ms (default)
2019-10-10 18:57:33,676 [main] INFO  server.RaftServerConfigKeys (ConfUtils.java:logGet(43)) - raft.server.storage.dir = [/workdir/hadoop-ozone/integration-test/target/test-dir/MiniOzoneClusterImpl-a1795259-24d0-4aef-a737-5c87c65197ee/datanode-4/data/ratis] (custom)
2019-10-10 18:57:33,677 [main] INFO  hdfs.DFSUtil (DFSUtil.java:httpServerTemplateForNNAndJN(1641)) - Starting Web-server for hddsDatanode at: http://0.0.0.0:0
2019-10-10 18:57:33,678 [main] INFO  server.AuthenticationFilter (AuthenticationFilter.java:constructSecretProvider(240)) - Unable to initialize FileSignerSecretProvider, falling back to use random secrets.
2019-10-10 18:57:33,679 [main] WARN  http.HttpRequestLog (HttpRequestLog.java:getRequestLog(97)) - Jetty request log can only be enabled using Log4j
2019-10-10 18:57:33,680 [main] INFO  http.HttpServer2 (HttpServer2.java:addGlobalFilter(975)) - Added global filter 'safety' (class=org.apache.hadoop.http.HttpServer2$QuotingInputFilter)
2019-10-10 18:57:33,681 [main] INFO  http.HttpServer2 (HttpServer2.java:addFilter(948)) - Added filter static_user_filter (class=org.apache.hadoop.http.lib.StaticUserWebFilter$StaticUserFilter) to context hddsDatanode
2019-10-10 18:57:33,681 [main] INFO  http.HttpServer2 (HttpServer2.java:addFilter(958)) - Added filter static_user_filter (class=org.apache.hadoop.http.lib.StaticUserWebFilter$StaticUserFilter) to context static
2019-10-10 18:57:33,681 [main] INFO  http.HttpServer2 (HttpServer2.java:addFilter(958)) - Added filter static_user_filter (class=org.apache.hadoop.http.lib.StaticUserWebFilter$StaticUserFilter) to context logs
2019-10-10 18:57:33,681 [main] INFO  http.HttpServer2 (HttpServer2.java:bindListener(1191)) - Jetty bound to port 39455
2019-10-10 18:57:33,682 [main] INFO  server.Server (Server.java:doStart(351)) - jetty-9.3.25.v20180904, build timestamp: 2018-09-04T21:11:46Z, git hash: 3ce520221d0240229c862b122d2b06c12a625732
2019-10-10 18:57:33,683 [main] INFO  handler.ContextHandler (ContextHandler.java:doStart(781)) - Started o.e.j.s.ServletContextHandler@32ae8f27{/logs,file:///workdir/hadoop-ozone/integration-test/target/log,AVAILABLE}
2019-10-10 18:57:33,684 [main] INFO  handler.ContextHandler (ContextHandler.java:doStart(781)) - Started o.e.j.s.ServletContextHandler@5b8853{/static,jar:file:/home/user/.m2/repository/org/apache/hadoop/hadoop-hdds-container-service/0.5.0-SNAPSHOT/hadoop-hdds-container-service-0.5.0-SNAPSHOT.jar!/webapps/static,AVAILABLE}
2019-10-10 18:57:33,712 [main] INFO  handler.ContextHandler (ContextHandler.java:doStart(781)) - Started o.e.j.w.WebAppContext@6b867ee7{/,file:///tmp/jetty-0.0.0.0-39455-hddsDatanode-_-any-2344723955016232425.dir/webapp/,AVAILABLE}{/hddsDatanode}
2019-10-10 18:57:33,712 [main] INFO  server.AbstractConnector (AbstractConnector.java:doStart(278)) - Started ServerConnector@3dec3f87{HTTP/1.1,[http/1.1]}{0.0.0.0:39455}
2019-10-10 18:57:33,716 [main] INFO  server.Server (Server.java:doStart(419)) - Started @199407ms
2019-10-10 18:57:33,716 [main] WARN  impl.MetricsSystemImpl (MetricsSystemImpl.java:register(276)) - Sink prometheus already exists!
2019-10-10 18:57:33,716 [main] INFO  server.BaseHttpServer (BaseHttpServer.java:updateConnectorAddress(215)) - HTTP server of HDDSDATANODE is listening at http://0.0.0.0:39455
2019-10-10 18:57:33,717 [main] INFO  impl.MetricsSystemImpl (MetricsSystemImpl.java:init(158)) - HddsDatanode metrics system started (again)
2019-10-10 18:57:33,737 [org.apache.hadoop.util.JvmPauseMonitor$Monitor@36d37b6e] INFO  util.JvmPauseMonitor (JvmPauseMonitor.java:run(188)) - Starting JVM pause monitor
2019-10-10 18:57:33,739 [Datanode State Machine Thread - 0] INFO  datanode.InitDatanodeState (InitDatanodeState.java:persistContainerDatanodeDetails(140)) - DatanodeDetails is persisted to /workdir/hadoop-ozone/integration-test/target/test-dir/MiniOzoneClusterImpl-a1795259-24d0-4aef-a737-5c87c65197ee/datanode-4/meta/datanode.id
2019-10-10 18:57:33,739 [main] INFO  ozone.HddsDatanodeService (HddsDatanodeService.java:start(184)) - HddsDatanodeService host:pr-hdds-2194-9vxpc-1955504311 ip:192.168.5.175
2019-10-10 18:57:33,749 [main] INFO  volume.HddsVolume (HddsVolume.java:<init>(176)) - Creating Volume: /workdir/hadoop-ozone/integration-test/target/test-dir/MiniOzoneClusterImpl-a1795259-24d0-4aef-a737-5c87c65197ee/datanode-5/data/containers/hdds of  storage type : DISK and capacity : 1482555576320
2019-10-10 18:57:33,749 [main] INFO  volume.VolumeSet (VolumeSet.java:initializeVolumeSet(170)) - Added Volume : /workdir/hadoop-ozone/integration-test/target/test-dir/MiniOzoneClusterImpl-a1795259-24d0-4aef-a737-5c87c65197ee/datanode-5/data/containers/hdds to VolumeSet
2019-10-10 18:57:33,749 [main] INFO  volume.ThrottledAsyncChecker (ThrottledAsyncChecker.java:schedule(141)) - Scheduling a check for org.apache.hadoop.ozone.container.common.volume.HddsVolume@5012c571
2019-10-10 18:57:33,749 [main] INFO  volume.HddsVolumeChecker (HddsVolumeChecker.java:checkAllVolumes(204)) - Scheduled health check for volume org.apache.hadoop.ozone.container.common.volume.HddsVolume@5012c571
2019-10-10 18:57:33,765 [main] INFO  impl.RaftServerProxy (ConfUtils.java:logGet(43)) - raft.rpc.type = GRPC (default)
2019-10-10 18:57:33,765 [main] INFO  grpc.GrpcFactory (GrpcFactory.java:checkPooledByteBufAllocatorUseCacheForAllThreads(45)) - PERFORMANCE WARNING: useCacheForAllThreads is true that may cause Netty to create a lot garbage objects and, as a result, trigger GC.
	It is recommended to disable useCacheForAllThreads by setting -Dorg.apache.ratis.thirdparty.io.netty.allocator.useCacheForAllThreads=false in command line.
2019-10-10 18:57:33,765 [main] INFO  grpc.GrpcConfigKeys$Server (ConfUtils.java:logGet(43)) - raft.grpc.server.port = 0 (default)
2019-10-10 18:57:33,766 [main] INFO  server.GrpcService (ConfUtils.java:logGet(43)) - raft.grpc.message.size.max = 33570816 (custom)
2019-10-10 18:57:33,766 [main] INFO  server.RaftServerConfigKeys (ConfUtils.java:logGet(43)) - raft.server.log.appender.buffer.byte-limit = 33554432 (custom)
2019-10-10 18:57:33,766 [main] INFO  server.GrpcService (ConfUtils.java:logGet(43)) - raft.grpc.flow.control.window = 1MB (=1048576) (default)
2019-10-10 18:57:33,766 [main] INFO  server.RaftServerConfigKeys (ConfUtils.java:logGet(43)) - raft.server.rpc.request.timeout = 3000ms (default)
2019-10-10 18:57:33,766 [main] INFO  server.RaftServerConfigKeys (ConfUtils.java:logGet(43)) - raft.server.storage.dir = [/workdir/hadoop-ozone/integration-test/target/test-dir/MiniOzoneClusterImpl-a1795259-24d0-4aef-a737-5c87c65197ee/datanode-5/data/ratis] (custom)
2019-10-10 18:57:33,768 [main] INFO  hdfs.DFSUtil (DFSUtil.java:httpServerTemplateForNNAndJN(1641)) - Starting Web-server for hddsDatanode at: http://0.0.0.0:0
2019-10-10 18:57:33,769 [main] INFO  server.AuthenticationFilter (AuthenticationFilter.java:constructSecretProvider(240)) - Unable to initialize FileSignerSecretProvider, falling back to use random secrets.
2019-10-10 18:57:33,769 [main] WARN  http.HttpRequestLog (HttpRequestLog.java:getRequestLog(97)) - Jetty request log can only be enabled using Log4j
2019-10-10 18:57:33,771 [main] INFO  http.HttpServer2 (HttpServer2.java:addGlobalFilter(975)) - Added global filter 'safety' (class=org.apache.hadoop.http.HttpServer2$QuotingInputFilter)
2019-10-10 18:57:33,771 [main] INFO  http.HttpServer2 (HttpServer2.java:addFilter(948)) - Added filter static_user_filter (class=org.apache.hadoop.http.lib.StaticUserWebFilter$StaticUserFilter) to context hddsDatanode
2019-10-10 18:57:33,771 [main] INFO  http.HttpServer2 (HttpServer2.java:addFilter(958)) - Added filter static_user_filter (class=org.apache.hadoop.http.lib.StaticUserWebFilter$StaticUserFilter) to context static
2019-10-10 18:57:33,771 [main] INFO  http.HttpServer2 (HttpServer2.java:addFilter(958)) - Added filter static_user_filter (class=org.apache.hadoop.http.lib.StaticUserWebFilter$StaticUserFilter) to context logs
2019-10-10 18:57:33,772 [main] INFO  http.HttpServer2 (HttpServer2.java:bindListener(1191)) - Jetty bound to port 44631
2019-10-10 18:57:33,772 [main] INFO  server.Server (Server.java:doStart(351)) - jetty-9.3.25.v20180904, build timestamp: 2018-09-04T21:11:46Z, git hash: 3ce520221d0240229c862b122d2b06c12a625732
2019-10-10 18:57:33,774 [main] INFO  handler.ContextHandler (ContextHandler.java:doStart(781)) - Started o.e.j.s.ServletContextHandler@58d4238e{/logs,file:///workdir/hadoop-ozone/integration-test/target/log,AVAILABLE}
2019-10-10 18:57:33,774 [main] INFO  handler.ContextHandler (ContextHandler.java:doStart(781)) - Started o.e.j.s.ServletContextHandler@36478bce{/static,jar:file:/home/user/.m2/repository/org/apache/hadoop/hadoop-hdds-container-service/0.5.0-SNAPSHOT/hadoop-hdds-container-service-0.5.0-SNAPSHOT.jar!/webapps/static,AVAILABLE}
2019-10-10 18:57:33,802 [main] INFO  handler.ContextHandler (ContextHandler.java:doStart(781)) - Started o.e.j.w.WebAppContext@571a663c{/,file:///tmp/jetty-0.0.0.0-44631-hddsDatanode-_-any-5956195375394616293.dir/webapp/,AVAILABLE}{/hddsDatanode}
2019-10-10 18:57:33,802 [main] INFO  server.AbstractConnector (AbstractConnector.java:doStart(278)) - Started ServerConnector@3a788fe0{HTTP/1.1,[http/1.1]}{0.0.0.0:44631}
2019-10-10 18:57:33,805 [main] INFO  server.Server (Server.java:doStart(419)) - Started @199496ms
2019-10-10 18:57:33,805 [main] WARN  impl.MetricsSystemImpl (MetricsSystemImpl.java:register(276)) - Sink prometheus already exists!
2019-10-10 18:57:33,806 [main] INFO  server.BaseHttpServer (BaseHttpServer.java:updateConnectorAddress(215)) - HTTP server of HDDSDATANODE is listening at http://0.0.0.0:44631
2019-10-10 18:57:33,806 [main] INFO  impl.MetricsSystemImpl (MetricsSystemImpl.java:init(158)) - HddsDatanode metrics system started (again)
2019-10-10 18:57:33,828 [org.apache.hadoop.util.JvmPauseMonitor$Monitor@669fb426] INFO  util.JvmPauseMonitor (JvmPauseMonitor.java:run(188)) - Starting JVM pause monitor
2019-10-10 18:57:33,829 [Datanode State Machine Thread - 0] INFO  datanode.InitDatanodeState (InitDatanodeState.java:persistContainerDatanodeDetails(140)) - DatanodeDetails is persisted to /workdir/hadoop-ozone/integration-test/target/test-dir/MiniOzoneClusterImpl-a1795259-24d0-4aef-a737-5c87c65197ee/datanode-5/meta/datanode.id
2019-10-10 18:57:33,830 [main] INFO  ozone.HddsDatanodeService (HddsDatanodeService.java:start(184)) - HddsDatanodeService host:pr-hdds-2194-9vxpc-1955504311 ip:192.168.5.175
2019-10-10 18:57:33,843 [main] INFO  volume.HddsVolume (HddsVolume.java:<init>(176)) - Creating Volume: /workdir/hadoop-ozone/integration-test/target/test-dir/MiniOzoneClusterImpl-a1795259-24d0-4aef-a737-5c87c65197ee/datanode-6/data/containers/hdds of  storage type : DISK and capacity : 1482555576320
2019-10-10 18:57:33,843 [main] INFO  volume.VolumeSet (VolumeSet.java:initializeVolumeSet(170)) - Added Volume : /workdir/hadoop-ozone/integration-test/target/test-dir/MiniOzoneClusterImpl-a1795259-24d0-4aef-a737-5c87c65197ee/datanode-6/data/containers/hdds to VolumeSet
2019-10-10 18:57:33,843 [main] INFO  volume.ThrottledAsyncChecker (ThrottledAsyncChecker.java:schedule(141)) - Scheduling a check for org.apache.hadoop.ozone.container.common.volume.HddsVolume@2f0ccb34
2019-10-10 18:57:33,844 [main] INFO  volume.HddsVolumeChecker (HddsVolumeChecker.java:checkAllVolumes(204)) - Scheduled health check for volume org.apache.hadoop.ozone.container.common.volume.HddsVolume@2f0ccb34
2019-10-10 18:57:33,862 [main] INFO  impl.RaftServerProxy (ConfUtils.java:logGet(43)) - raft.rpc.type = GRPC (default)
2019-10-10 18:57:33,863 [main] INFO  grpc.GrpcFactory (GrpcFactory.java:checkPooledByteBufAllocatorUseCacheForAllThreads(45)) - PERFORMANCE WARNING: useCacheForAllThreads is true that may cause Netty to create a lot garbage objects and, as a result, trigger GC.
	It is recommended to disable useCacheForAllThreads by setting -Dorg.apache.ratis.thirdparty.io.netty.allocator.useCacheForAllThreads=false in command line.
2019-10-10 18:57:33,863 [main] INFO  grpc.GrpcConfigKeys$Server (ConfUtils.java:logGet(43)) - raft.grpc.server.port = 0 (default)
2019-10-10 18:57:33,863 [main] INFO  server.GrpcService (ConfUtils.java:logGet(43)) - raft.grpc.message.size.max = 33570816 (custom)
2019-10-10 18:57:33,864 [main] INFO  server.RaftServerConfigKeys (ConfUtils.java:logGet(43)) - raft.server.log.appender.buffer.byte-limit = 33554432 (custom)
2019-10-10 18:57:33,864 [main] INFO  server.GrpcService (ConfUtils.java:logGet(43)) - raft.grpc.flow.control.window = 1MB (=1048576) (default)
2019-10-10 18:57:33,864 [main] INFO  server.RaftServerConfigKeys (ConfUtils.java:logGet(43)) - raft.server.rpc.request.timeout = 3000ms (default)
2019-10-10 18:57:33,865 [main] INFO  server.RaftServerConfigKeys (ConfUtils.java:logGet(43)) - raft.server.storage.dir = [/workdir/hadoop-ozone/integration-test/target/test-dir/MiniOzoneClusterImpl-a1795259-24d0-4aef-a737-5c87c65197ee/datanode-6/data/ratis] (custom)
2019-10-10 18:57:33,866 [main] INFO  hdfs.DFSUtil (DFSUtil.java:httpServerTemplateForNNAndJN(1641)) - Starting Web-server for hddsDatanode at: http://0.0.0.0:0
2019-10-10 18:57:33,867 [main] INFO  server.AuthenticationFilter (AuthenticationFilter.java:constructSecretProvider(240)) - Unable to initialize FileSignerSecretProvider, falling back to use random secrets.
2019-10-10 18:57:33,868 [main] WARN  http.HttpRequestLog (HttpRequestLog.java:getRequestLog(97)) - Jetty request log can only be enabled using Log4j
2019-10-10 18:57:33,869 [main] INFO  http.HttpServer2 (HttpServer2.java:addGlobalFilter(975)) - Added global filter 'safety' (class=org.apache.hadoop.http.HttpServer2$QuotingInputFilter)
2019-10-10 18:57:33,869 [main] INFO  http.HttpServer2 (HttpServer2.java:addFilter(948)) - Added filter static_user_filter (class=org.apache.hadoop.http.lib.StaticUserWebFilter$StaticUserFilter) to context hddsDatanode
2019-10-10 18:57:33,870 [main] INFO  http.HttpServer2 (HttpServer2.java:addFilter(958)) - Added filter static_user_filter (class=org.apache.hadoop.http.lib.StaticUserWebFilter$StaticUserFilter) to context logs
2019-10-10 18:57:33,870 [main] INFO  http.HttpServer2 (HttpServer2.java:addFilter(958)) - Added filter static_user_filter (class=org.apache.hadoop.http.lib.StaticUserWebFilter$StaticUserFilter) to context static
2019-10-10 18:57:33,870 [main] INFO  http.HttpServer2 (HttpServer2.java:bindListener(1191)) - Jetty bound to port 36082
2019-10-10 18:57:33,870 [main] INFO  server.Server (Server.java:doStart(351)) - jetty-9.3.25.v20180904, build timestamp: 2018-09-04T21:11:46Z, git hash: 3ce520221d0240229c862b122d2b06c12a625732
2019-10-10 18:57:33,872 [main] INFO  handler.ContextHandler (ContextHandler.java:doStart(781)) - Started o.e.j.s.ServletContextHandler@58a3d521{/logs,file:///workdir/hadoop-ozone/integration-test/target/log,AVAILABLE}
2019-10-10 18:57:33,872 [main] INFO  handler.ContextHandler (ContextHandler.java:doStart(781)) - Started o.e.j.s.ServletContextHandler@7f4a1cac{/static,jar:file:/home/user/.m2/repository/org/apache/hadoop/hadoop-hdds-container-service/0.5.0-SNAPSHOT/hadoop-hdds-container-service-0.5.0-SNAPSHOT.jar!/webapps/static,AVAILABLE}
2019-10-10 18:57:33,934 [main] INFO  handler.ContextHandler (ContextHandler.java:doStart(781)) - Started o.e.j.w.WebAppContext@33324c05{/,file:///tmp/jetty-0.0.0.0-36082-hddsDatanode-_-any-6974768919682581038.dir/webapp/,AVAILABLE}{/hddsDatanode}
2019-10-10 18:57:33,935 [main] INFO  server.AbstractConnector (AbstractConnector.java:doStart(278)) - Started ServerConnector@37d3e140{HTTP/1.1,[http/1.1]}{0.0.0.0:36082}
2019-10-10 18:57:33,938 [main] INFO  server.Server (Server.java:doStart(419)) - Started @199629ms
2019-10-10 18:57:33,939 [main] WARN  impl.MetricsSystemImpl (MetricsSystemImpl.java:register(276)) - Sink prometheus already exists!
2019-10-10 18:57:33,939 [main] INFO  server.BaseHttpServer (BaseHttpServer.java:updateConnectorAddress(215)) - HTTP server of HDDSDATANODE is listening at http://0.0.0.0:36082
2019-10-10 18:57:33,940 [main] INFO  ozone.MiniOzoneClusterImpl (MiniOzoneClusterImpl.java:lambda$waitForClusterToBeReady$0(147)) - Waiting for cluster to be ready. Got 0 of 7 DN Heartbeats.
2019-10-10 18:57:33,941 [org.apache.hadoop.util.JvmPauseMonitor$Monitor@779e0b1e] INFO  util.JvmPauseMonitor (JvmPauseMonitor.java:run(188)) - Starting JVM pause monitor
2019-10-10 18:57:33,942 [Datanode State Machine Thread - 0] INFO  datanode.InitDatanodeState (InitDatanodeState.java:persistContainerDatanodeDetails(140)) - DatanodeDetails is persisted to /workdir/hadoop-ozone/integration-test/target/test-dir/MiniOzoneClusterImpl-a1795259-24d0-4aef-a737-5c87c65197ee/datanode-6/meta/datanode.id
2019-10-10 18:57:33,990 [grpc-default-executor-8] WARN  server.GrpcLogAppender (LogUtils.java:warn(134)) - 12a9a7aa-6562-40ed-85de-9a2aa2bb6d39@group-B0BE3D968BF3->75b5220e-e7c8-4312-8c4b-73d9cd51c490-AppendLogResponseHandler: Failed appendEntries: org.apache.ratis.thirdparty.io.grpc.StatusRuntimeException: UNAVAILABLE: io exception
2019-10-10 18:57:33,991 [grpc-default-executor-8] INFO  impl.FollowerInfo (FollowerInfo.java:lambda$new$0(51)) - 12a9a7aa-6562-40ed-85de-9a2aa2bb6d39@group-B0BE3D968BF3->75b5220e-e7c8-4312-8c4b-73d9cd51c490: nextIndex: updateUnconditionally 0 -> 0
2019-10-10 18:57:34,044 [grpc-default-executor-1] WARN  server.GrpcLogAppender (LogUtils.java:warn(134)) - 12a9a7aa-6562-40ed-85de-9a2aa2bb6d39@group-B0BE3D968BF3->eeda6462-8660-4cf3-b39a-3e2831ed42ce-AppendLogResponseHandler: Failed appendEntries: org.apache.ratis.thirdparty.io.grpc.StatusRuntimeException: UNAVAILABLE: io exception
2019-10-10 18:57:34,044 [grpc-default-executor-1] INFO  impl.FollowerInfo (FollowerInfo.java:lambda$new$0(51)) - 12a9a7aa-6562-40ed-85de-9a2aa2bb6d39@group-B0BE3D968BF3->eeda6462-8660-4cf3-b39a-3e2831ed42ce: nextIndex: updateUnconditionally 0 -> 0
2019-10-10 18:57:34,945 [main] INFO  ozone.MiniOzoneClusterImpl (MiniOzoneClusterImpl.java:lambda$waitForClusterToBeReady$0(147)) - Waiting for cluster to be ready. Got 0 of 7 DN Heartbeats.
2019-10-10 18:57:35,424 [Datanode State Machine Thread - 0] INFO  ozoneimpl.OzoneContainer (OzoneContainer.java:start(213)) - Attempting to start container services.
2019-10-10 18:57:35,424 [Datanode State Machine Thread - 0] INFO  ozoneimpl.OzoneContainer (OzoneContainer.java:startContainerScrub(177)) - Background container scanner has been disabled.
2019-10-10 18:57:35,424 [Datanode State Machine Thread - 0] INFO  ratis.XceiverServerRatis (XceiverServerRatis.java:start(418)) - Starting XceiverServerRatis 843fc1ff-de1b-43cb-8950-fd116d4d559a at port 0
2019-10-10 18:57:35,430 [Datanode State Machine Thread - 0] INFO  impl.RaftServerProxy (RaftServerProxy.java:lambda$start$3(299)) - 843fc1ff-de1b-43cb-8950-fd116d4d559a: start RPC server
2019-10-10 18:57:35,431 [Datanode State Machine Thread - 0] INFO  server.GrpcService (GrpcService.java:startImpl(158)) - 843fc1ff-de1b-43cb-8950-fd116d4d559a: GrpcService started, listening on 0.0.0.0/0.0.0.0:45815
2019-10-10 18:57:35,431 [Datanode State Machine Thread - 0] INFO  ratis.XceiverServerRatis (XceiverServerRatis.java:start(428)) - XceiverServerRatis 843fc1ff-de1b-43cb-8950-fd116d4d559a is started using port 45815
2019-10-10 18:57:35,432 [Datanode State Machine Thread - 0] INFO  server.XceiverServerGrpc (XceiverServerGrpc.java:start(149)) - XceiverServerGrpc 843fc1ff-de1b-43cb-8950-fd116d4d559a is started using port 42506
2019-10-10 18:57:35,477 [Datanode State Machine Thread - 0] INFO  ozoneimpl.OzoneContainer (OzoneContainer.java:start(213)) - Attempting to start container services.
2019-10-10 18:57:35,477 [Datanode State Machine Thread - 0] INFO  ozoneimpl.OzoneContainer (OzoneContainer.java:startContainerScrub(177)) - Background container scanner has been disabled.
2019-10-10 18:57:35,477 [Datanode State Machine Thread - 0] INFO  ratis.XceiverServerRatis (XceiverServerRatis.java:start(418)) - Starting XceiverServerRatis 265b844d-cb6b-4ae0-ac03-f38a312a4086 at port 0
2019-10-10 18:57:35,484 [Datanode State Machine Thread - 0] INFO  impl.RaftServerProxy (RaftServerProxy.java:lambda$start$3(299)) - 265b844d-cb6b-4ae0-ac03-f38a312a4086: start RPC server
2019-10-10 18:57:35,488 [Datanode State Machine Thread - 0] INFO  server.GrpcService (GrpcService.java:startImpl(158)) - 265b844d-cb6b-4ae0-ac03-f38a312a4086: GrpcService started, listening on 0.0.0.0/0.0.0.0:42998
2019-10-10 18:57:35,488 [Datanode State Machine Thread - 0] INFO  ratis.XceiverServerRatis (XceiverServerRatis.java:start(428)) - XceiverServerRatis 265b844d-cb6b-4ae0-ac03-f38a312a4086 is started using port 42998
2019-10-10 18:57:35,489 [Datanode State Machine Thread - 0] INFO  server.XceiverServerGrpc (XceiverServerGrpc.java:start(149)) - XceiverServerGrpc 265b844d-cb6b-4ae0-ac03-f38a312a4086 is started using port 43886
2019-10-10 18:57:35,559 [Datanode State Machine Thread - 0] INFO  ozoneimpl.OzoneContainer (OzoneContainer.java:start(213)) - Attempting to start container services.
2019-10-10 18:57:35,559 [Datanode State Machine Thread - 0] INFO  ozoneimpl.OzoneContainer (OzoneContainer.java:startContainerScrub(177)) - Background container scanner has been disabled.
2019-10-10 18:57:35,559 [Datanode State Machine Thread - 0] INFO  ratis.XceiverServerRatis (XceiverServerRatis.java:start(418)) - Starting XceiverServerRatis a1a4984a-d14b-4502-b8a5-379a579f780f at port 0
2019-10-10 18:57:35,566 [Datanode State Machine Thread - 0] INFO  impl.RaftServerProxy (RaftServerProxy.java:lambda$start$3(299)) - a1a4984a-d14b-4502-b8a5-379a579f780f: start RPC server
2019-10-10 18:57:35,571 [Datanode State Machine Thread - 0] INFO  server.GrpcService (GrpcService.java:startImpl(158)) - a1a4984a-d14b-4502-b8a5-379a579f780f: GrpcService started, listening on 0.0.0.0/0.0.0.0:36734
2019-10-10 18:57:35,572 [Datanode State Machine Thread - 0] INFO  ratis.XceiverServerRatis (XceiverServerRatis.java:start(428)) - XceiverServerRatis a1a4984a-d14b-4502-b8a5-379a579f780f is started using port 36734
2019-10-10 18:57:35,572 [Datanode State Machine Thread - 0] INFO  server.XceiverServerGrpc (XceiverServerGrpc.java:start(149)) - XceiverServerGrpc a1a4984a-d14b-4502-b8a5-379a579f780f is started using port 44646
2019-10-10 18:57:35,653 [Datanode State Machine Thread - 0] INFO  ozoneimpl.OzoneContainer (OzoneContainer.java:start(213)) - Attempting to start container services.
2019-10-10 18:57:35,653 [Datanode State Machine Thread - 0] INFO  ozoneimpl.OzoneContainer (OzoneContainer.java:startContainerScrub(177)) - Background container scanner has been disabled.
2019-10-10 18:57:35,653 [Datanode State Machine Thread - 0] INFO  ratis.XceiverServerRatis (XceiverServerRatis.java:start(418)) - Starting XceiverServerRatis 96039e4c-b643-44e2-8bb7-eb5cb505a59e at port 0
2019-10-10 18:57:35,662 [Datanode State Machine Thread - 0] INFO  impl.RaftServerProxy (RaftServerProxy.java:lambda$start$3(299)) - 96039e4c-b643-44e2-8bb7-eb5cb505a59e: start RPC server
2019-10-10 18:57:35,666 [Datanode State Machine Thread - 0] INFO  server.GrpcService (GrpcService.java:startImpl(158)) - 96039e4c-b643-44e2-8bb7-eb5cb505a59e: GrpcService started, listening on 0.0.0.0/0.0.0.0:43054
2019-10-10 18:57:35,666 [Datanode State Machine Thread - 0] INFO  ratis.XceiverServerRatis (XceiverServerRatis.java:start(428)) - XceiverServerRatis 96039e4c-b643-44e2-8bb7-eb5cb505a59e is started using port 43054
2019-10-10 18:57:35,666 [Datanode State Machine Thread - 0] INFO  server.XceiverServerGrpc (XceiverServerGrpc.java:start(149)) - XceiverServerGrpc 96039e4c-b643-44e2-8bb7-eb5cb505a59e is started using port 35182
2019-10-10 18:57:35,751 [Datanode State Machine Thread - 0] INFO  ozoneimpl.OzoneContainer (OzoneContainer.java:start(213)) - Attempting to start container services.
2019-10-10 18:57:35,752 [Datanode State Machine Thread - 0] INFO  ozoneimpl.OzoneContainer (OzoneContainer.java:startContainerScrub(177)) - Background container scanner has been disabled.
2019-10-10 18:57:35,752 [Datanode State Machine Thread - 0] INFO  ratis.XceiverServerRatis (XceiverServerRatis.java:start(418)) - Starting XceiverServerRatis 4d15a676-2e55-4ffc-9d84-56193ea1e648 at port 0
2019-10-10 18:57:35,758 [Datanode State Machine Thread - 0] INFO  impl.RaftServerProxy (RaftServerProxy.java:lambda$start$3(299)) - 4d15a676-2e55-4ffc-9d84-56193ea1e648: start RPC server
2019-10-10 18:57:35,759 [Datanode State Machine Thread - 0] INFO  server.GrpcService (GrpcService.java:startImpl(158)) - 4d15a676-2e55-4ffc-9d84-56193ea1e648: GrpcService started, listening on 0.0.0.0/0.0.0.0:43520
2019-10-10 18:57:35,759 [Datanode State Machine Thread - 0] INFO  ratis.XceiverServerRatis (XceiverServerRatis.java:start(428)) - XceiverServerRatis 4d15a676-2e55-4ffc-9d84-56193ea1e648 is started using port 43520
2019-10-10 18:57:35,759 [Datanode State Machine Thread - 0] INFO  server.XceiverServerGrpc (XceiverServerGrpc.java:start(149)) - XceiverServerGrpc 4d15a676-2e55-4ffc-9d84-56193ea1e648 is started using port 43320
2019-10-10 18:57:35,841 [Datanode State Machine Thread - 0] INFO  ozoneimpl.OzoneContainer (OzoneContainer.java:start(213)) - Attempting to start container services.
2019-10-10 18:57:35,841 [Datanode State Machine Thread - 0] INFO  ozoneimpl.OzoneContainer (OzoneContainer.java:startContainerScrub(177)) - Background container scanner has been disabled.
2019-10-10 18:57:35,842 [Datanode State Machine Thread - 0] INFO  ratis.XceiverServerRatis (XceiverServerRatis.java:start(418)) - Starting XceiverServerRatis 2c850ad2-3c80-494d-b8a3-74731983b04b at port 0
2019-10-10 18:57:35,848 [Datanode State Machine Thread - 0] INFO  impl.RaftServerProxy (RaftServerProxy.java:lambda$start$3(299)) - 2c850ad2-3c80-494d-b8a3-74731983b04b: start RPC server
2019-10-10 18:57:35,852 [Datanode State Machine Thread - 0] INFO  server.GrpcService (GrpcService.java:startImpl(158)) - 2c850ad2-3c80-494d-b8a3-74731983b04b: GrpcService started, listening on 0.0.0.0/0.0.0.0:35527
2019-10-10 18:57:35,853 [Datanode State Machine Thread - 0] INFO  ratis.XceiverServerRatis (XceiverServerRatis.java:start(428)) - XceiverServerRatis 2c850ad2-3c80-494d-b8a3-74731983b04b is started using port 35527
2019-10-10 18:57:35,853 [Datanode State Machine Thread - 0] INFO  server.XceiverServerGrpc (XceiverServerGrpc.java:start(149)) - XceiverServerGrpc 2c850ad2-3c80-494d-b8a3-74731983b04b is started using port 36946
2019-10-10 18:57:35,858 [Thread-2320] INFO  client.GrpcClientProtocolService (GrpcClientProtocolService.java:lambda$processClientRequest$0(278)) - Failed RaftClientRequest:client-BE5279E43264->12a9a7aa-6562-40ed-85de-9a2aa2bb6d39@group-B0BE3D968BF3, cid=67, seq=0, Watch-ALL_COMMITTED(26), Message:<EMPTY>, reply=RaftClientReply:client-BE5279E43264->12a9a7aa-6562-40ed-85de-9a2aa2bb6d39@group-B0BE3D968BF3, cid=67, FAILED org.apache.ratis.protocol.NotReplicatedException: Request with call Id 67 and log index 26 is not yet replicated to ALL_COMMITTED, logIndex=26, commits[12a9a7aa-6562-40ed-85de-9a2aa2bb6d39:c2, 75b5220e-e7c8-4312-8c4b-73d9cd51c490:c2, eeda6462-8660-4cf3-b39a-3e2831ed42ce:c2]
2019-10-10 18:57:35,858 [Thread-2321] INFO  client.GrpcClientProtocolService (GrpcClientProtocolService.java:lambda$processClientRequest$0(278)) - Failed RaftClientRequest:client-BE5279E43264->12a9a7aa-6562-40ed-85de-9a2aa2bb6d39@group-B0BE3D968BF3, cid=68, seq=0, Watch-MAJORITY_COMMITTED(26), Message:<EMPTY>, reply=RaftClientReply:client-BE5279E43264->12a9a7aa-6562-40ed-85de-9a2aa2bb6d39@group-B0BE3D968BF3, cid=68, FAILED org.apache.ratis.protocol.NotReplicatedException: Request with call Id 68 and log index 26 is not yet replicated to MAJORITY_COMMITTED, logIndex=26, commits[12a9a7aa-6562-40ed-85de-9a2aa2bb6d39:c2, 75b5220e-e7c8-4312-8c4b-73d9cd51c490:c2, eeda6462-8660-4cf3-b39a-3e2831ed42ce:c2]
2019-10-10 18:57:35,946 [main] INFO  ozone.MiniOzoneClusterImpl (MiniOzoneClusterImpl.java:lambda$waitForClusterToBeReady$0(147)) - Waiting for cluster to be ready. Got 0 of 7 DN Heartbeats.
2019-10-10 18:57:35,955 [Datanode State Machine Thread - 0] INFO  ozoneimpl.OzoneContainer (OzoneContainer.java:start(213)) - Attempting to start container services.
2019-10-10 18:57:35,959 [Datanode State Machine Thread - 0] INFO  ozoneimpl.OzoneContainer (OzoneContainer.java:startContainerScrub(177)) - Background container scanner has been disabled.
2019-10-10 18:57:35,959 [Datanode State Machine Thread - 0] INFO  ratis.XceiverServerRatis (XceiverServerRatis.java:start(418)) - Starting XceiverServerRatis f798c517-30f8-4ccb-868e-644ee6f0fea2 at port 0
2019-10-10 18:57:35,967 [Datanode State Machine Thread - 0] INFO  impl.RaftServerProxy (RaftServerProxy.java:lambda$start$3(299)) - f798c517-30f8-4ccb-868e-644ee6f0fea2: start RPC server
2019-10-10 18:57:35,971 [Datanode State Machine Thread - 0] INFO  server.GrpcService (GrpcService.java:startImpl(158)) - f798c517-30f8-4ccb-868e-644ee6f0fea2: GrpcService started, listening on 0.0.0.0/0.0.0.0:43456
2019-10-10 18:57:35,971 [Datanode State Machine Thread - 0] INFO  ratis.XceiverServerRatis (XceiverServerRatis.java:start(428)) - XceiverServerRatis f798c517-30f8-4ccb-868e-644ee6f0fea2 is started using port 43456
2019-10-10 18:57:35,990 [Datanode State Machine Thread - 0] INFO  server.XceiverServerGrpc (XceiverServerGrpc.java:start(149)) - XceiverServerGrpc f798c517-30f8-4ccb-868e-644ee6f0fea2 is started using port 43242
2019-10-10 18:57:36,492 [grpc-default-executor-3] WARN  server.GrpcLogAppender (LogUtils.java:warn(134)) - 12a9a7aa-6562-40ed-85de-9a2aa2bb6d39@group-B0BE3D968BF3->75b5220e-e7c8-4312-8c4b-73d9cd51c490-AppendLogResponseHandler: Failed appendEntries: org.apache.ratis.thirdparty.io.grpc.StatusRuntimeException: UNAVAILABLE: io exception
2019-10-10 18:57:36,492 [grpc-default-executor-3] INFO  impl.FollowerInfo (FollowerInfo.java:lambda$new$0(51)) - 12a9a7aa-6562-40ed-85de-9a2aa2bb6d39@group-B0BE3D968BF3->75b5220e-e7c8-4312-8c4b-73d9cd51c490: nextIndex: updateUnconditionally 0 -> 0
2019-10-10 18:57:36,544 [grpc-default-executor-3] WARN  server.GrpcLogAppender (LogUtils.java:warn(134)) - 12a9a7aa-6562-40ed-85de-9a2aa2bb6d39@group-B0BE3D968BF3->eeda6462-8660-4cf3-b39a-3e2831ed42ce-AppendLogResponseHandler: Failed appendEntries: org.apache.ratis.thirdparty.io.grpc.StatusRuntimeException: UNAVAILABLE: io exception
2019-10-10 18:57:36,544 [grpc-default-executor-3] INFO  impl.FollowerInfo (FollowerInfo.java:lambda$new$0(51)) - 12a9a7aa-6562-40ed-85de-9a2aa2bb6d39@group-B0BE3D968BF3->eeda6462-8660-4cf3-b39a-3e2831ed42ce: nextIndex: updateUnconditionally 0 -> 0
2019-10-10 18:57:36,950 [main] INFO  ozone.MiniOzoneClusterImpl (MiniOzoneClusterImpl.java:lambda$waitForClusterToBeReady$0(147)) - Waiting for cluster to be ready. Got 0 of 7 DN Heartbeats.
2019-10-10 18:57:37,358 [IPC Server handler 3 on 33521] INFO  net.NetworkTopology (NetworkTopologyImpl.java:add(111)) - Added a new node: /default-rack/843fc1ff-de1b-43cb-8950-fd116d4d559a
2019-10-10 18:57:37,358 [IPC Server handler 3 on 33521] INFO  node.SCMNodeManager (SCMNodeManager.java:register(268)) - Registered Data node : 843fc1ff-de1b-43cb-8950-fd116d4d559a{ip: 192.168.5.175, host: pr-hdds-2194-9vxpc-1955504311, networkLocation: /default-rack, certSerialId: null}
2019-10-10 18:57:37,363 [EventQueue-NodeRegistrationContainerReportForDataNodeSafeModeRule] INFO  safemode.SCMSafeModeManager (DataNodeSafeModeRule.java:process(71)) - SCM in safe mode. 1 DataNodes registered, 1 required.
2019-10-10 18:57:37,367 [EventQueue-NodeRegistrationContainerReportForDataNodeSafeModeRule] INFO  safemode.SCMSafeModeManager (SCMSafeModeManager.java:validateSafeModeExitRules(177)) - ScmSafeModeManager, all rules are successfully validated
2019-10-10 18:57:37,367 [EventQueue-NodeRegistrationContainerReportForDataNodeSafeModeRule] INFO  safemode.SCMSafeModeManager (SCMSafeModeManager.java:exitSafeMode(193)) - SCM exiting safe mode.
2019-10-10 18:57:37,381 [grpc-default-executor-3] INFO  impl.RaftServerProxy (RaftServerProxy.java:addNew(89)) - 843fc1ff-de1b-43cb-8950-fd116d4d559a: addNew group-2B6893DBC2F1:[843fc1ff-de1b-43cb-8950-fd116d4d559a:192.168.5.175:45815] returns group-2B6893DBC2F1:java.util.concurrent.CompletableFuture@2f11e43a[Not completed]
2019-10-10 18:57:37,383 [pool-383-thread-1] INFO  impl.RaftServerImpl (RaftServerImpl.java:<init>(95)) - 843fc1ff-de1b-43cb-8950-fd116d4d559a: new RaftServerImpl for group-2B6893DBC2F1:[843fc1ff-de1b-43cb-8950-fd116d4d559a:192.168.5.175:45815] with ContainerStateMachine:uninitialized
2019-10-10 18:57:37,384 [pool-383-thread-1] INFO  server.RaftServerConfigKeys (ConfUtils.java:logGet(43)) - raft.server.rpc.timeout.min = 5s (custom)
2019-10-10 18:57:37,384 [pool-383-thread-1] INFO  server.RaftServerConfigKeys (ConfUtils.java:logGet(43)) - raft.server.rpc.timeout.max = 5200ms (custom)
2019-10-10 18:57:37,384 [pool-383-thread-1] INFO  server.RaftServerConfigKeys (ConfUtils.java:logGet(43)) - raft.server.rpcslowness.timeout = 120s (custom)
2019-10-10 18:57:37,384 [pool-383-thread-1] INFO  server.RaftServerConfigKeys (ConfUtils.java:logGet(43)) - raft.server.sleep.deviation.threshold = 300 (default)
2019-10-10 18:57:37,384 [pool-383-thread-1] INFO  server.RaftServerConfigKeys (ConfUtils.java:logGet(43)) - raft.server.log.appender.install.snapshot.enabled = false (custom)
2019-10-10 18:57:37,385 [pool-383-thread-1] INFO  impl.RaftServerImpl (ServerState.java:<init>(103)) - 843fc1ff-de1b-43cb-8950-fd116d4d559a@group-2B6893DBC2F1: ConfigurationManager, init=-1: [843fc1ff-de1b-43cb-8950-fd116d4d559a:192.168.5.175:45815], old=null, confs=<EMPTY_MAP>
2019-10-10 18:57:37,385 [pool-383-thread-1] INFO  server.RaftServerConfigKeys (ConfUtils.java:logGet(43)) - raft.server.storage.dir = [/workdir/hadoop-ozone/integration-test/target/test-dir/MiniOzoneClusterImpl-a1795259-24d0-4aef-a737-5c87c65197ee/datanode-0/data/ratis] (custom)
2019-10-10 18:57:37,385 [pool-383-thread-1] INFO  server.RaftServerConfigKeys (ConfUtils.java:logGet(43)) - raft.server.log.corruption.policy = EXCEPTION (default)
2019-10-10 18:57:37,386 [pool-383-thread-1] INFO  storage.RaftStorageDirectory (RaftStorageDirectory.java:analyzeStorage(246)) - The storage directory /workdir/hadoop-ozone/integration-test/target/test-dir/MiniOzoneClusterImpl-a1795259-24d0-4aef-a737-5c87c65197ee/datanode-0/data/ratis/3c68b09b-b2e2-4659-a00a-2b6893dbc2f1 does not exist. Creating ...
2019-10-10 18:57:37,398 [pool-383-thread-1] INFO  storage.RaftStorageDirectory (RaftStorageDirectory.java:tryLock(328)) - Lock on /workdir/hadoop-ozone/integration-test/target/test-dir/MiniOzoneClusterImpl-a1795259-24d0-4aef-a737-5c87c65197ee/datanode-0/data/ratis/3c68b09b-b2e2-4659-a00a-2b6893dbc2f1/in_use.lock acquired by nodename 23760@pr-hdds-2194-9vxpc-1955504311
2019-10-10 18:57:37,411 [pool-383-thread-1] INFO  storage.RaftStorage (RaftStorage.java:format(84)) - Storage directory /workdir/hadoop-ozone/integration-test/target/test-dir/MiniOzoneClusterImpl-a1795259-24d0-4aef-a737-5c87c65197ee/datanode-0/data/ratis/3c68b09b-b2e2-4659-a00a-2b6893dbc2f1 has been successfully formatted.
2019-10-10 18:57:37,412 [pool-383-thread-1] INFO  ratis.ContainerStateMachine (ContainerStateMachine.java:loadSnapshot(231)) - group-2B6893DBC2F1: The snapshot info is null. Setting the last applied indexto:(t:0, i:~)
2019-10-10 18:57:37,412 [pool-383-thread-1] INFO  server.RaftServerConfigKeys (ConfUtils.java:logGet(43)) - raft.server.notification.no-leader.timeout = 120s (custom)
2019-10-10 18:57:37,412 [pool-383-thread-1] INFO  server.RaftServerConfigKeys (ConfUtils.java:logGet(43)) - raft.server.log.use.memory = false (default)
2019-10-10 18:57:37,412 [pool-383-thread-1] INFO  server.RaftServerConfigKeys (ConfUtils.java:logGet(43)) - raft.server.log.purge.gap = 1000000 (custom)
2019-10-10 18:57:37,412 [pool-383-thread-1] INFO  server.RaftServerConfigKeys (ConfUtils.java:logGet(43)) - raft.server.log.appender.buffer.byte-limit = 33554432 (custom)
2019-10-10 18:57:37,413 [pool-383-thread-1] INFO  server.RaftServerConfigKeys (ConfUtils.java:logGet(43)) - raft.server.log.segment.size.max = 1048576 (custom)
2019-10-10 18:57:37,415 [pool-383-thread-1] INFO  server.RaftServerConfigKeys (ConfUtils.java:logGet(43)) - raft.server.log.segment.cache.num.max = 2 (custom)
2019-10-10 18:57:37,415 [pool-383-thread-1] INFO  segmented.SegmentedRaftLogWorker (SegmentedRaftLogWorker.java:<init>(173)) - new 843fc1ff-de1b-43cb-8950-fd116d4d559a@group-2B6893DBC2F1-SegmentedRaftLogWorker for RaftStorage:Storage Directory /workdir/hadoop-ozone/integration-test/target/test-dir/MiniOzoneClusterImpl-a1795259-24d0-4aef-a737-5c87c65197ee/datanode-0/data/ratis/3c68b09b-b2e2-4659-a00a-2b6893dbc2f1
2019-10-10 18:57:37,415 [pool-383-thread-1] INFO  server.RaftServerConfigKeys (ConfUtils.java:logGet(43)) - raft.server.log.queue.byte-limit = 2147483647 (custom)
2019-10-10 18:57:37,416 [pool-383-thread-1] INFO  server.RaftServerConfigKeys (ConfUtils.java:logGet(43)) - raft.server.log.queue.element-limit = 1024 (custom)
2019-10-10 18:57:37,416 [pool-383-thread-1] INFO  server.RaftServerConfigKeys (ConfUtils.java:logGet(43)) - raft.server.log.segment.size.max = 1048576 (custom)
2019-10-10 18:57:37,416 [pool-383-thread-1] INFO  server.RaftServerConfigKeys (ConfUtils.java:logGet(43)) - raft.server.log.preallocated.size = 16384 (custom)
2019-10-10 18:57:37,416 [pool-383-thread-1] INFO  server.RaftServerConfigKeys (ConfUtils.java:logGet(43)) - raft.server.log.write.buffer.size = 33554432 (custom)
2019-10-10 18:57:37,416 [pool-383-thread-1] INFO  server.RaftServerConfigKeys (ConfUtils.java:logGet(43)) - raft.server.log.force.sync.num = 128 (default)
2019-10-10 18:57:37,416 [pool-383-thread-1] INFO  server.RaftServerConfigKeys (ConfUtils.java:logGet(43)) - raft.server.log.statemachine.data.sync = true (default)
2019-10-10 18:57:37,417 [pool-383-thread-1] INFO  server.RaftServerConfigKeys (ConfUtils.java:logGet(43)) - raft.server.log.statemachine.data.sync.timeout = 10s (default)
2019-10-10 18:57:37,417 [pool-383-thread-1] INFO  server.RaftServerConfigKeys (ConfUtils.java:logGet(43)) - raft.server.log.statemachine.data.sync.timeout.retry = -1 (default)
2019-10-10 18:57:37,417 [pool-383-thread-1] INFO  server.RaftServerConfigKeys (ConfUtils.java:logGet(43)) - raft.server.log.statemachine.data.caching.enabled = true (custom)
2019-10-10 18:57:37,418 [pool-383-thread-1] INFO  segmented.SegmentedRaftLogWorker (SegmentedRaftLogWorker.java:lambda$new$0(128)) - 843fc1ff-de1b-43cb-8950-fd116d4d559a@group-2B6893DBC2F1-SegmentedRaftLogWorker: flushIndex: setUnconditionally 0 -> -1
2019-10-10 18:57:37,418 [pool-383-thread-1] INFO  server.RaftServerConfigKeys (ConfUtils.java:logGet(43)) - raft.server.snapshot.auto.trigger.enabled = true (custom)
2019-10-10 18:57:37,418 [pool-383-thread-1] INFO  server.RaftServerConfigKeys (ConfUtils.java:logGet(43)) - raft.server.snapshot.auto.trigger.threshold = 10000 (custom)
2019-10-10 18:57:37,418 [pool-383-thread-1] INFO  server.RaftServerConfigKeys (ConfUtils.java:logGet(43)) - raft.server.snapshot.retention.file.num = 5 (custom)
2019-10-10 18:57:37,418 [pool-383-thread-1] INFO  server.RaftServerConfigKeys (ConfUtils.java:logGet(43)) - raft.server.retrycache.expirytime = 600000ms (custom)
2019-10-10 18:57:37,421 [pool-383-thread-1] INFO  impl.RaftServerImpl (RaftServerImpl.java:start(181)) - 843fc1ff-de1b-43cb-8950-fd116d4d559a@group-2B6893DBC2F1: start as a follower, conf=-1: [843fc1ff-de1b-43cb-8950-fd116d4d559a:192.168.5.175:45815], old=null
2019-10-10 18:57:37,421 [pool-383-thread-1] INFO  impl.RaftServerImpl (RaftServerImpl.java:setRole(170)) - 843fc1ff-de1b-43cb-8950-fd116d4d559a@group-2B6893DBC2F1: changes role from      null to FOLLOWER at term 0 for startAsFollower
2019-10-10 18:57:37,421 [pool-383-thread-1] INFO  impl.RoleInfo (RoleInfo.java:updateAndGet(143)) - 843fc1ff-de1b-43cb-8950-fd116d4d559a: start FollowerState
2019-10-10 18:57:37,421 [pool-383-thread-1] INFO  util.JmxRegister (JmxRegister.java:tryRegister(44)) - Successfully registered JMX Bean with object name Ratis:service=RaftServer,group=group-2B6893DBC2F1,id=843fc1ff-de1b-43cb-8950-fd116d4d559a
2019-10-10 18:57:37,431 [RatisPipelineUtilsThread] INFO  pipeline.PipelineStateManager (PipelineStateManager.java:addPipeline(56)) - Created pipeline Pipeline[ Id: 3c68b09b-b2e2-4659-a00a-2b6893dbc2f1, Nodes: 843fc1ff-de1b-43cb-8950-fd116d4d559a{ip: 192.168.5.175, host: pr-hdds-2194-9vxpc-1955504311, networkLocation: /default-rack, certSerialId: null}, Type:RATIS, Factor:ONE, State:OPEN]
2019-10-10 18:57:37,457 [IPC Server handler 1 on 33521] INFO  net.NetworkTopology (NetworkTopologyImpl.java:add(111)) - Added a new node: /default-rack/265b844d-cb6b-4ae0-ac03-f38a312a4086
2019-10-10 18:57:37,458 [IPC Server handler 1 on 33521] INFO  node.SCMNodeManager (SCMNodeManager.java:register(268)) - Registered Data node : 265b844d-cb6b-4ae0-ac03-f38a312a4086{ip: 192.168.5.175, host: pr-hdds-2194-9vxpc-1955504311, networkLocation: /default-rack, certSerialId: null}
2019-10-10 18:57:37,471 [grpc-default-executor-3] INFO  impl.RaftServerProxy (RaftServerProxy.java:addNew(89)) - 265b844d-cb6b-4ae0-ac03-f38a312a4086: addNew group-E390E69A05BE:[265b844d-cb6b-4ae0-ac03-f38a312a4086:192.168.5.175:42998] returns group-E390E69A05BE:java.util.concurrent.CompletableFuture@2a8fb51a[Not completed]
2019-10-10 18:57:37,473 [pool-393-thread-1] INFO  impl.RaftServerImpl (RaftServerImpl.java:<init>(95)) - 265b844d-cb6b-4ae0-ac03-f38a312a4086: new RaftServerImpl for group-E390E69A05BE:[265b844d-cb6b-4ae0-ac03-f38a312a4086:192.168.5.175:42998] with ContainerStateMachine:uninitialized
2019-10-10 18:57:37,473 [pool-393-thread-1] INFO  server.RaftServerConfigKeys (ConfUtils.java:logGet(43)) - raft.server.rpc.timeout.min = 5s (custom)
2019-10-10 18:57:37,473 [pool-393-thread-1] INFO  server.RaftServerConfigKeys (ConfUtils.java:logGet(43)) - raft.server.rpc.timeout.max = 5200ms (custom)
2019-10-10 18:57:37,473 [pool-393-thread-1] INFO  server.RaftServerConfigKeys (ConfUtils.java:logGet(43)) - raft.server.rpcslowness.timeout = 120s (custom)
2019-10-10 18:57:37,473 [pool-393-thread-1] INFO  server.RaftServerConfigKeys (ConfUtils.java:logGet(43)) - raft.server.sleep.deviation.threshold = 300 (default)
2019-10-10 18:57:37,473 [pool-393-thread-1] INFO  server.RaftServerConfigKeys (ConfUtils.java:logGet(43)) - raft.server.log.appender.install.snapshot.enabled = false (custom)
2019-10-10 18:57:37,473 [pool-393-thread-1] INFO  impl.RaftServerImpl (ServerState.java:<init>(103)) - 265b844d-cb6b-4ae0-ac03-f38a312a4086@group-E390E69A05BE: ConfigurationManager, init=-1: [265b844d-cb6b-4ae0-ac03-f38a312a4086:192.168.5.175:42998], old=null, confs=<EMPTY_MAP>
2019-10-10 18:57:37,474 [pool-393-thread-1] INFO  server.RaftServerConfigKeys (ConfUtils.java:logGet(43)) - raft.server.storage.dir = [/workdir/hadoop-ozone/integration-test/target/test-dir/MiniOzoneClusterImpl-a1795259-24d0-4aef-a737-5c87c65197ee/datanode-1/data/ratis] (custom)
2019-10-10 18:57:37,474 [pool-393-thread-1] INFO  server.RaftServerConfigKeys (ConfUtils.java:logGet(43)) - raft.server.log.corruption.policy = EXCEPTION (default)
2019-10-10 18:57:37,474 [pool-393-thread-1] INFO  storage.RaftStorageDirectory (RaftStorageDirectory.java:analyzeStorage(246)) - The storage directory /workdir/hadoop-ozone/integration-test/target/test-dir/MiniOzoneClusterImpl-a1795259-24d0-4aef-a737-5c87c65197ee/datanode-1/data/ratis/2ee8b2b8-566c-42d0-a630-e390e69a05be does not exist. Creating ...
2019-10-10 18:57:37,487 [pool-393-thread-1] INFO  storage.RaftStorageDirectory (RaftStorageDirectory.java:tryLock(328)) - Lock on /workdir/hadoop-ozone/integration-test/target/test-dir/MiniOzoneClusterImpl-a1795259-24d0-4aef-a737-5c87c65197ee/datanode-1/data/ratis/2ee8b2b8-566c-42d0-a630-e390e69a05be/in_use.lock acquired by nodename 23760@pr-hdds-2194-9vxpc-1955504311
2019-10-10 18:57:37,490 [pool-393-thread-1] INFO  storage.RaftStorage (RaftStorage.java:format(84)) - Storage directory /workdir/hadoop-ozone/integration-test/target/test-dir/MiniOzoneClusterImpl-a1795259-24d0-4aef-a737-5c87c65197ee/datanode-1/data/ratis/2ee8b2b8-566c-42d0-a630-e390e69a05be has been successfully formatted.
2019-10-10 18:57:37,490 [pool-393-thread-1] INFO  ratis.ContainerStateMachine (ContainerStateMachine.java:loadSnapshot(231)) - group-E390E69A05BE: The snapshot info is null. Setting the last applied indexto:(t:0, i:~)
2019-10-10 18:57:37,490 [pool-393-thread-1] INFO  server.RaftServerConfigKeys (ConfUtils.java:logGet(43)) - raft.server.notification.no-leader.timeout = 120s (custom)
2019-10-10 18:57:37,490 [pool-393-thread-1] INFO  server.RaftServerConfigKeys (ConfUtils.java:logGet(43)) - raft.server.log.use.memory = false (default)
2019-10-10 18:57:37,490 [pool-393-thread-1] INFO  server.RaftServerConfigKeys (ConfUtils.java:logGet(43)) - raft.server.log.purge.gap = 1000000 (custom)
2019-10-10 18:57:37,491 [pool-393-thread-1] INFO  server.RaftServerConfigKeys (ConfUtils.java:logGet(43)) - raft.server.log.appender.buffer.byte-limit = 33554432 (custom)
2019-10-10 18:57:37,491 [pool-393-thread-1] INFO  server.RaftServerConfigKeys (ConfUtils.java:logGet(43)) - raft.server.log.segment.size.max = 1048576 (custom)
2019-10-10 18:57:37,492 [pool-393-thread-1] INFO  server.RaftServerConfigKeys (ConfUtils.java:logGet(43)) - raft.server.log.segment.cache.num.max = 2 (custom)
2019-10-10 18:57:37,492 [pool-393-thread-1] INFO  segmented.SegmentedRaftLogWorker (SegmentedRaftLogWorker.java:<init>(173)) - new 265b844d-cb6b-4ae0-ac03-f38a312a4086@group-E390E69A05BE-SegmentedRaftLogWorker for RaftStorage:Storage Directory /workdir/hadoop-ozone/integration-test/target/test-dir/MiniOzoneClusterImpl-a1795259-24d0-4aef-a737-5c87c65197ee/datanode-1/data/ratis/2ee8b2b8-566c-42d0-a630-e390e69a05be
2019-10-10 18:57:37,493 [pool-393-thread-1] INFO  server.RaftServerConfigKeys (ConfUtils.java:logGet(43)) - raft.server.log.queue.byte-limit = 2147483647 (custom)
2019-10-10 18:57:37,493 [pool-393-thread-1] INFO  server.RaftServerConfigKeys (ConfUtils.java:logGet(43)) - raft.server.log.queue.element-limit = 1024 (custom)
2019-10-10 18:57:37,493 [pool-393-thread-1] INFO  server.RaftServerConfigKeys (ConfUtils.java:logGet(43)) - raft.server.log.segment.size.max = 1048576 (custom)
2019-10-10 18:57:37,493 [pool-393-thread-1] INFO  server.RaftServerConfigKeys (ConfUtils.java:logGet(43)) - raft.server.log.preallocated.size = 16384 (custom)
2019-10-10 18:57:37,493 [pool-393-thread-1] INFO  server.RaftServerConfigKeys (ConfUtils.java:logGet(43)) - raft.server.log.write.buffer.size = 33554432 (custom)
2019-10-10 18:57:37,493 [pool-393-thread-1] INFO  server.RaftServerConfigKeys (ConfUtils.java:logGet(43)) - raft.server.log.force.sync.num = 128 (default)
2019-10-10 18:57:37,493 [pool-393-thread-1] INFO  server.RaftServerConfigKeys (ConfUtils.java:logGet(43)) - raft.server.log.statemachine.data.sync = true (default)
2019-10-10 18:57:37,493 [pool-393-thread-1] INFO  server.RaftServerConfigKeys (ConfUtils.java:logGet(43)) - raft.server.log.statemachine.data.sync.timeout = 10s (default)
2019-10-10 18:57:37,494 [pool-393-thread-1] INFO  server.RaftServerConfigKeys (ConfUtils.java:logGet(43)) - raft.server.log.statemachine.data.sync.timeout.retry = -1 (default)
2019-10-10 18:57:37,494 [pool-393-thread-1] INFO  server.RaftServerConfigKeys (ConfUtils.java:logGet(43)) - raft.server.log.statemachine.data.caching.enabled = true (custom)
2019-10-10 18:57:37,494 [pool-393-thread-1] INFO  segmented.SegmentedRaftLogWorker (SegmentedRaftLogWorker.java:lambda$new$0(128)) - 265b844d-cb6b-4ae0-ac03-f38a312a4086@group-E390E69A05BE-SegmentedRaftLogWorker: flushIndex: setUnconditionally 0 -> -1
2019-10-10 18:57:37,494 [pool-393-thread-1] INFO  server.RaftServerConfigKeys (ConfUtils.java:logGet(43)) - raft.server.snapshot.auto.trigger.enabled = true (custom)
2019-10-10 18:57:37,495 [pool-393-thread-1] INFO  server.RaftServerConfigKeys (ConfUtils.java:logGet(43)) - raft.server.snapshot.auto.trigger.threshold = 10000 (custom)
2019-10-10 18:57:37,495 [pool-393-thread-1] INFO  server.RaftServerConfigKeys (ConfUtils.java:logGet(43)) - raft.server.snapshot.retention.file.num = 5 (custom)
2019-10-10 18:57:37,495 [pool-393-thread-1] INFO  server.RaftServerConfigKeys (ConfUtils.java:logGet(43)) - raft.server.retrycache.expirytime = 600000ms (custom)
2019-10-10 18:57:37,496 [pool-393-thread-1] INFO  impl.RaftServerImpl (RaftServerImpl.java:start(181)) - 265b844d-cb6b-4ae0-ac03-f38a312a4086@group-E390E69A05BE: start as a follower, conf=-1: [265b844d-cb6b-4ae0-ac03-f38a312a4086:192.168.5.175:42998], old=null
2019-10-10 18:57:37,496 [pool-393-thread-1] INFO  impl.RaftServerImpl (RaftServerImpl.java:setRole(170)) - 265b844d-cb6b-4ae0-ac03-f38a312a4086@group-E390E69A05BE: changes role from      null to FOLLOWER at term 0 for startAsFollower
2019-10-10 18:57:37,497 [pool-393-thread-1] INFO  impl.RoleInfo (RoleInfo.java:updateAndGet(143)) - 265b844d-cb6b-4ae0-ac03-f38a312a4086: start FollowerState
2019-10-10 18:57:37,497 [pool-393-thread-1] INFO  util.JmxRegister (JmxRegister.java:tryRegister(44)) - Successfully registered JMX Bean with object name Ratis:service=RaftServer,group=group-E390E69A05BE,id=265b844d-cb6b-4ae0-ac03-f38a312a4086
2019-10-10 18:57:37,505 [RatisPipelineUtilsThread] INFO  pipeline.PipelineStateManager (PipelineStateManager.java:addPipeline(56)) - Created pipeline Pipeline[ Id: 2ee8b2b8-566c-42d0-a630-e390e69a05be, Nodes: 265b844d-cb6b-4ae0-ac03-f38a312a4086{ip: 192.168.5.175, host: pr-hdds-2194-9vxpc-1955504311, networkLocation: /default-rack, certSerialId: null}, Type:RATIS, Factor:ONE, State:OPEN]
2019-10-10 18:57:37,547 [IPC Server handler 5 on 33521] INFO  net.NetworkTopology (NetworkTopologyImpl.java:add(111)) - Added a new node: /default-rack/a1a4984a-d14b-4502-b8a5-379a579f780f
2019-10-10 18:57:37,547 [IPC Server handler 5 on 33521] INFO  node.SCMNodeManager (SCMNodeManager.java:register(268)) - Registered Data node : a1a4984a-d14b-4502-b8a5-379a579f780f{ip: 192.168.5.175, host: pr-hdds-2194-9vxpc-1955504311, networkLocation: /default-rack, certSerialId: null}
2019-10-10 18:57:37,558 [grpc-default-executor-3] INFO  impl.RaftServerProxy (RaftServerProxy.java:addNew(89)) - a1a4984a-d14b-4502-b8a5-379a579f780f: addNew group-9A38ABCD7161:[a1a4984a-d14b-4502-b8a5-379a579f780f:192.168.5.175:36734] returns group-9A38ABCD7161:java.util.concurrent.CompletableFuture@6205f68b[Not completed]
2019-10-10 18:57:37,561 [pool-403-thread-1] INFO  impl.RaftServerImpl (RaftServerImpl.java:<init>(95)) - a1a4984a-d14b-4502-b8a5-379a579f780f: new RaftServerImpl for group-9A38ABCD7161:[a1a4984a-d14b-4502-b8a5-379a579f780f:192.168.5.175:36734] with ContainerStateMachine:uninitialized
2019-10-10 18:57:37,561 [pool-403-thread-1] INFO  server.RaftServerConfigKeys (ConfUtils.java:logGet(43)) - raft.server.rpc.timeout.min = 5s (custom)
2019-10-10 18:57:37,561 [pool-403-thread-1] INFO  server.RaftServerConfigKeys (ConfUtils.java:logGet(43)) - raft.server.rpc.timeout.max = 5200ms (custom)
2019-10-10 18:57:37,562 [pool-403-thread-1] INFO  server.RaftServerConfigKeys (ConfUtils.java:logGet(43)) - raft.server.rpcslowness.timeout = 120s (custom)
2019-10-10 18:57:37,562 [pool-403-thread-1] INFO  server.RaftServerConfigKeys (ConfUtils.java:logGet(43)) - raft.server.sleep.deviation.threshold = 300 (default)
2019-10-10 18:57:37,562 [pool-403-thread-1] INFO  server.RaftServerConfigKeys (ConfUtils.java:logGet(43)) - raft.server.log.appender.install.snapshot.enabled = false (custom)
2019-10-10 18:57:37,562 [pool-403-thread-1] INFO  impl.RaftServerImpl (ServerState.java:<init>(103)) - a1a4984a-d14b-4502-b8a5-379a579f780f@group-9A38ABCD7161: ConfigurationManager, init=-1: [a1a4984a-d14b-4502-b8a5-379a579f780f:192.168.5.175:36734], old=null, confs=<EMPTY_MAP>
2019-10-10 18:57:37,563 [pool-403-thread-1] INFO  server.RaftServerConfigKeys (ConfUtils.java:logGet(43)) - raft.server.storage.dir = [/workdir/hadoop-ozone/integration-test/target/test-dir/MiniOzoneClusterImpl-a1795259-24d0-4aef-a737-5c87c65197ee/datanode-2/data/ratis] (custom)
2019-10-10 18:57:37,563 [pool-403-thread-1] INFO  server.RaftServerConfigKeys (ConfUtils.java:logGet(43)) - raft.server.log.corruption.policy = EXCEPTION (default)
2019-10-10 18:57:37,563 [pool-403-thread-1] INFO  storage.RaftStorageDirectory (RaftStorageDirectory.java:analyzeStorage(246)) - The storage directory /workdir/hadoop-ozone/integration-test/target/test-dir/MiniOzoneClusterImpl-a1795259-24d0-4aef-a737-5c87c65197ee/datanode-2/data/ratis/efd4b99f-07ce-44cf-9890-9a38abcd7161 does not exist. Creating ...
2019-10-10 18:57:37,575 [pool-403-thread-1] INFO  storage.RaftStorageDirectory (RaftStorageDirectory.java:tryLock(328)) - Lock on /workdir/hadoop-ozone/integration-test/target/test-dir/MiniOzoneClusterImpl-a1795259-24d0-4aef-a737-5c87c65197ee/datanode-2/data/ratis/efd4b99f-07ce-44cf-9890-9a38abcd7161/in_use.lock acquired by nodename 23760@pr-hdds-2194-9vxpc-1955504311
2019-10-10 18:57:37,578 [pool-403-thread-1] INFO  storage.RaftStorage (RaftStorage.java:format(84)) - Storage directory /workdir/hadoop-ozone/integration-test/target/test-dir/MiniOzoneClusterImpl-a1795259-24d0-4aef-a737-5c87c65197ee/datanode-2/data/ratis/efd4b99f-07ce-44cf-9890-9a38abcd7161 has been successfully formatted.
2019-10-10 18:57:37,579 [pool-403-thread-1] INFO  ratis.ContainerStateMachine (ContainerStateMachine.java:loadSnapshot(231)) - group-9A38ABCD7161: The snapshot info is null. Setting the last applied indexto:(t:0, i:~)
2019-10-10 18:57:37,579 [pool-403-thread-1] INFO  server.RaftServerConfigKeys (ConfUtils.java:logGet(43)) - raft.server.notification.no-leader.timeout = 120s (custom)
2019-10-10 18:57:37,579 [pool-403-thread-1] INFO  server.RaftServerConfigKeys (ConfUtils.java:logGet(43)) - raft.server.log.use.memory = false (default)
2019-10-10 18:57:37,579 [pool-403-thread-1] INFO  server.RaftServerConfigKeys (ConfUtils.java:logGet(43)) - raft.server.log.purge.gap = 1000000 (custom)
2019-10-10 18:57:37,580 [pool-403-thread-1] INFO  server.RaftServerConfigKeys (ConfUtils.java:logGet(43)) - raft.server.log.appender.buffer.byte-limit = 33554432 (custom)
2019-10-10 18:57:37,580 [pool-403-thread-1] INFO  server.RaftServerConfigKeys (ConfUtils.java:logGet(43)) - raft.server.log.segment.size.max = 1048576 (custom)
2019-10-10 18:57:37,582 [pool-403-thread-1] INFO  server.RaftServerConfigKeys (ConfUtils.java:logGet(43)) - raft.server.log.segment.cache.num.max = 2 (custom)
2019-10-10 18:57:37,583 [pool-403-thread-1] INFO  segmented.SegmentedRaftLogWorker (SegmentedRaftLogWorker.java:<init>(173)) - new a1a4984a-d14b-4502-b8a5-379a579f780f@group-9A38ABCD7161-SegmentedRaftLogWorker for RaftStorage:Storage Directory /workdir/hadoop-ozone/integration-test/target/test-dir/MiniOzoneClusterImpl-a1795259-24d0-4aef-a737-5c87c65197ee/datanode-2/data/ratis/efd4b99f-07ce-44cf-9890-9a38abcd7161
2019-10-10 18:57:37,583 [pool-403-thread-1] INFO  server.RaftServerConfigKeys (ConfUtils.java:logGet(43)) - raft.server.log.queue.byte-limit = 2147483647 (custom)
2019-10-10 18:57:37,583 [pool-403-thread-1] INFO  server.RaftServerConfigKeys (ConfUtils.java:logGet(43)) - raft.server.log.queue.element-limit = 1024 (custom)
2019-10-10 18:57:37,583 [pool-403-thread-1] INFO  server.RaftServerConfigKeys (ConfUtils.java:logGet(43)) - raft.server.log.segment.size.max = 1048576 (custom)
2019-10-10 18:57:37,583 [pool-403-thread-1] INFO  server.RaftServerConfigKeys (ConfUtils.java:logGet(43)) - raft.server.log.preallocated.size = 16384 (custom)
2019-10-10 18:57:37,584 [pool-403-thread-1] INFO  server.RaftServerConfigKeys (ConfUtils.java:logGet(43)) - raft.server.log.write.buffer.size = 33554432 (custom)
2019-10-10 18:57:37,584 [pool-403-thread-1] INFO  server.RaftServerConfigKeys (ConfUtils.java:logGet(43)) - raft.server.log.force.sync.num = 128 (default)
2019-10-10 18:57:37,584 [pool-403-thread-1] INFO  server.RaftServerConfigKeys (ConfUtils.java:logGet(43)) - raft.server.log.statemachine.data.sync = true (default)
2019-10-10 18:57:37,584 [pool-403-thread-1] INFO  server.RaftServerConfigKeys (ConfUtils.java:logGet(43)) - raft.server.log.statemachine.data.sync.timeout = 10s (default)
2019-10-10 18:57:37,584 [pool-403-thread-1] INFO  server.RaftServerConfigKeys (ConfUtils.java:logGet(43)) - raft.server.log.statemachine.data.sync.timeout.retry = -1 (default)
2019-10-10 18:57:37,585 [pool-403-thread-1] INFO  server.RaftServerConfigKeys (ConfUtils.java:logGet(43)) - raft.server.log.statemachine.data.caching.enabled = true (custom)
2019-10-10 18:57:37,585 [pool-403-thread-1] INFO  segmented.SegmentedRaftLogWorker (SegmentedRaftLogWorker.java:lambda$new$0(128)) - a1a4984a-d14b-4502-b8a5-379a579f780f@group-9A38ABCD7161-SegmentedRaftLogWorker: flushIndex: setUnconditionally 0 -> -1
2019-10-10 18:57:37,586 [pool-403-thread-1] INFO  server.RaftServerConfigKeys (ConfUtils.java:logGet(43)) - raft.server.snapshot.auto.trigger.enabled = true (custom)
2019-10-10 18:57:37,586 [pool-403-thread-1] INFO  server.RaftServerConfigKeys (ConfUtils.java:logGet(43)) - raft.server.snapshot.auto.trigger.threshold = 10000 (custom)
2019-10-10 18:57:37,586 [pool-403-thread-1] INFO  server.RaftServerConfigKeys (ConfUtils.java:logGet(43)) - raft.server.snapshot.retention.file.num = 5 (custom)
2019-10-10 18:57:37,586 [pool-403-thread-1] INFO  server.RaftServerConfigKeys (ConfUtils.java:logGet(43)) - raft.server.retrycache.expirytime = 600000ms (custom)
2019-10-10 18:57:37,589 [pool-403-thread-1] INFO  impl.RaftServerImpl (RaftServerImpl.java:start(181)) - a1a4984a-d14b-4502-b8a5-379a579f780f@group-9A38ABCD7161: start as a follower, conf=-1: [a1a4984a-d14b-4502-b8a5-379a579f780f:192.168.5.175:36734], old=null
2019-10-10 18:57:37,589 [pool-403-thread-1] INFO  impl.RaftServerImpl (RaftServerImpl.java:setRole(170)) - a1a4984a-d14b-4502-b8a5-379a579f780f@group-9A38ABCD7161: changes role from      null to FOLLOWER at term 0 for startAsFollower
2019-10-10 18:57:37,589 [pool-403-thread-1] INFO  impl.RoleInfo (RoleInfo.java:updateAndGet(143)) - a1a4984a-d14b-4502-b8a5-379a579f780f: start FollowerState
2019-10-10 18:57:37,590 [pool-403-thread-1] INFO  util.JmxRegister (JmxRegister.java:tryRegister(44)) - Successfully registered JMX Bean with object name Ratis:service=RaftServer,group=group-9A38ABCD7161,id=a1a4984a-d14b-4502-b8a5-379a579f780f
2019-10-10 18:57:37,600 [RatisPipelineUtilsThread] INFO  pipeline.PipelineStateManager (PipelineStateManager.java:addPipeline(56)) - Created pipeline Pipeline[ Id: efd4b99f-07ce-44cf-9890-9a38abcd7161, Nodes: a1a4984a-d14b-4502-b8a5-379a579f780f{ip: 192.168.5.175, host: pr-hdds-2194-9vxpc-1955504311, networkLocation: /default-rack, certSerialId: null}, Type:RATIS, Factor:ONE, State:OPEN]
2019-10-10 18:57:37,619 [grpc-default-executor-8] INFO  impl.RaftServerProxy (RaftServerProxy.java:addNew(89)) - 265b844d-cb6b-4ae0-ac03-f38a312a4086: addNew group-FB20B86FE1F5:[843fc1ff-de1b-43cb-8950-fd116d4d559a:192.168.5.175:45815, a1a4984a-d14b-4502-b8a5-379a579f780f:192.168.5.175:36734, 265b844d-cb6b-4ae0-ac03-f38a312a4086:192.168.5.175:42998] returns group-FB20B86FE1F5:java.util.concurrent.CompletableFuture@12574d98[Not completed]
2019-10-10 18:57:37,624 [grpc-default-executor-3] INFO  impl.RaftServerProxy (RaftServerProxy.java:addNew(89)) - a1a4984a-d14b-4502-b8a5-379a579f780f: addNew group-FB20B86FE1F5:[843fc1ff-de1b-43cb-8950-fd116d4d559a:192.168.5.175:45815, a1a4984a-d14b-4502-b8a5-379a579f780f:192.168.5.175:36734, 265b844d-cb6b-4ae0-ac03-f38a312a4086:192.168.5.175:42998] returns group-FB20B86FE1F5:java.util.concurrent.CompletableFuture@423f9fc3[Not completed]
2019-10-10 18:57:37,629 [grpc-default-executor-3] INFO  impl.RaftServerProxy (RaftServerProxy.java:addNew(89)) - 843fc1ff-de1b-43cb-8950-fd116d4d559a: addNew group-FB20B86FE1F5:[843fc1ff-de1b-43cb-8950-fd116d4d559a:192.168.5.175:45815, a1a4984a-d14b-4502-b8a5-379a579f780f:192.168.5.175:36734, 265b844d-cb6b-4ae0-ac03-f38a312a4086:192.168.5.175:42998] returns group-FB20B86FE1F5:java.util.concurrent.CompletableFuture@18779fa2[Not completed]
2019-10-10 18:57:37,629 [pool-393-thread-1] INFO  impl.RaftServerImpl (RaftServerImpl.java:<init>(95)) - 265b844d-cb6b-4ae0-ac03-f38a312a4086: new RaftServerImpl for group-FB20B86FE1F5:[843fc1ff-de1b-43cb-8950-fd116d4d559a:192.168.5.175:45815, a1a4984a-d14b-4502-b8a5-379a579f780f:192.168.5.175:36734, 265b844d-cb6b-4ae0-ac03-f38a312a4086:192.168.5.175:42998] with ContainerStateMachine:uninitialized
2019-10-10 18:57:37,629 [pool-393-thread-1] INFO  server.RaftServerConfigKeys (ConfUtils.java:logGet(43)) - raft.server.rpc.timeout.min = 5s (custom)
2019-10-10 18:57:37,629 [pool-393-thread-1] INFO  server.RaftServerConfigKeys (ConfUtils.java:logGet(43)) - raft.server.rpc.timeout.max = 5200ms (custom)
2019-10-10 18:57:37,629 [pool-393-thread-1] INFO  server.RaftServerConfigKeys (ConfUtils.java:logGet(43)) - raft.server.rpcslowness.timeout = 120s (custom)
2019-10-10 18:57:37,630 [pool-393-thread-1] INFO  server.RaftServerConfigKeys (ConfUtils.java:logGet(43)) - raft.server.sleep.deviation.threshold = 300 (default)
2019-10-10 18:57:37,630 [pool-393-thread-1] INFO  server.RaftServerConfigKeys (ConfUtils.java:logGet(43)) - raft.server.log.appender.install.snapshot.enabled = false (custom)
2019-10-10 18:57:37,630 [pool-393-thread-1] INFO  impl.RaftServerImpl (ServerState.java:<init>(103)) - 265b844d-cb6b-4ae0-ac03-f38a312a4086@group-FB20B86FE1F5: ConfigurationManager, init=-1: [843fc1ff-de1b-43cb-8950-fd116d4d559a:192.168.5.175:45815, a1a4984a-d14b-4502-b8a5-379a579f780f:192.168.5.175:36734, 265b844d-cb6b-4ae0-ac03-f38a312a4086:192.168.5.175:42998], old=null, confs=<EMPTY_MAP>
2019-10-10 18:57:37,630 [pool-393-thread-1] INFO  server.RaftServerConfigKeys (ConfUtils.java:logGet(43)) - raft.server.storage.dir = [/workdir/hadoop-ozone/integration-test/target/test-dir/MiniOzoneClusterImpl-a1795259-24d0-4aef-a737-5c87c65197ee/datanode-1/data/ratis] (custom)
2019-10-10 18:57:37,630 [pool-393-thread-1] INFO  server.RaftServerConfigKeys (ConfUtils.java:logGet(43)) - raft.server.log.corruption.policy = EXCEPTION (default)
2019-10-10 18:57:37,630 [pool-393-thread-1] INFO  storage.RaftStorageDirectory (RaftStorageDirectory.java:analyzeStorage(246)) - The storage directory /workdir/hadoop-ozone/integration-test/target/test-dir/MiniOzoneClusterImpl-a1795259-24d0-4aef-a737-5c87c65197ee/datanode-1/data/ratis/52b96314-6f8c-43c2-b6f9-fb20b86fe1f5 does not exist. Creating ...
2019-10-10 18:57:37,631 [pool-403-thread-1] INFO  impl.RaftServerImpl (RaftServerImpl.java:<init>(95)) - a1a4984a-d14b-4502-b8a5-379a579f780f: new RaftServerImpl for group-FB20B86FE1F5:[843fc1ff-de1b-43cb-8950-fd116d4d559a:192.168.5.175:45815, a1a4984a-d14b-4502-b8a5-379a579f780f:192.168.5.175:36734, 265b844d-cb6b-4ae0-ac03-f38a312a4086:192.168.5.175:42998] with ContainerStateMachine:uninitialized
2019-10-10 18:57:37,631 [pool-403-thread-1] INFO  server.RaftServerConfigKeys (ConfUtils.java:logGet(43)) - raft.server.rpc.timeout.min = 5s (custom)
2019-10-10 18:57:37,631 [pool-403-thread-1] INFO  server.RaftServerConfigKeys (ConfUtils.java:logGet(43)) - raft.server.rpc.timeout.max = 5200ms (custom)
2019-10-10 18:57:37,631 [pool-403-thread-1] INFO  server.RaftServerConfigKeys (ConfUtils.java:logGet(43)) - raft.server.rpcslowness.timeout = 120s (custom)
2019-10-10 18:57:37,631 [pool-403-thread-1] INFO  server.RaftServerConfigKeys (ConfUtils.java:logGet(43)) - raft.server.sleep.deviation.threshold = 300 (default)
2019-10-10 18:57:37,632 [pool-403-thread-1] INFO  server.RaftServerConfigKeys (ConfUtils.java:logGet(43)) - raft.server.log.appender.install.snapshot.enabled = false (custom)
2019-10-10 18:57:37,632 [pool-383-thread-1] INFO  impl.RaftServerImpl (RaftServerImpl.java:<init>(95)) - 843fc1ff-de1b-43cb-8950-fd116d4d559a: new RaftServerImpl for group-FB20B86FE1F5:[843fc1ff-de1b-43cb-8950-fd116d4d559a:192.168.5.175:45815, a1a4984a-d14b-4502-b8a5-379a579f780f:192.168.5.175:36734, 265b844d-cb6b-4ae0-ac03-f38a312a4086:192.168.5.175:42998] with ContainerStateMachine:uninitialized
2019-10-10 18:57:37,632 [pool-403-thread-1] INFO  impl.RaftServerImpl (ServerState.java:<init>(103)) - a1a4984a-d14b-4502-b8a5-379a579f780f@group-FB20B86FE1F5: ConfigurationManager, init=-1: [843fc1ff-de1b-43cb-8950-fd116d4d559a:192.168.5.175:45815, a1a4984a-d14b-4502-b8a5-379a579f780f:192.168.5.175:36734, 265b844d-cb6b-4ae0-ac03-f38a312a4086:192.168.5.175:42998], old=null, confs=<EMPTY_MAP>
2019-10-10 18:57:37,632 [pool-383-thread-1] INFO  server.RaftServerConfigKeys (ConfUtils.java:logGet(43)) - raft.server.rpc.timeout.min = 5s (custom)
2019-10-10 18:57:37,632 [pool-403-thread-1] INFO  server.RaftServerConfigKeys (ConfUtils.java:logGet(43)) - raft.server.storage.dir = [/workdir/hadoop-ozone/integration-test/target/test-dir/MiniOzoneClusterImpl-a1795259-24d0-4aef-a737-5c87c65197ee/datanode-2/data/ratis] (custom)
2019-10-10 18:57:37,632 [pool-383-thread-1] INFO  server.RaftServerConfigKeys (ConfUtils.java:logGet(43)) - raft.server.rpc.timeout.max = 5200ms (custom)
2019-10-10 18:57:37,632 [pool-383-thread-1] INFO  server.RaftServerConfigKeys (ConfUtils.java:logGet(43)) - raft.server.rpcslowness.timeout = 120s (custom)
2019-10-10 18:57:37,632 [pool-403-thread-1] INFO  server.RaftServerConfigKeys (ConfUtils.java:logGet(43)) - raft.server.log.corruption.policy = EXCEPTION (default)
2019-10-10 18:57:37,633 [pool-383-thread-1] INFO  server.RaftServerConfigKeys (ConfUtils.java:logGet(43)) - raft.server.sleep.deviation.threshold = 300 (default)
2019-10-10 18:57:37,633 [pool-403-thread-1] INFO  storage.RaftStorageDirectory (RaftStorageDirectory.java:analyzeStorage(246)) - The storage directory /workdir/hadoop-ozone/integration-test/target/test-dir/MiniOzoneClusterImpl-a1795259-24d0-4aef-a737-5c87c65197ee/datanode-2/data/ratis/52b96314-6f8c-43c2-b6f9-fb20b86fe1f5 does not exist. Creating ...
2019-10-10 18:57:37,633 [pool-383-thread-1] INFO  server.RaftServerConfigKeys (ConfUtils.java:logGet(43)) - raft.server.log.appender.install.snapshot.enabled = false (custom)
2019-10-10 18:57:37,633 [pool-383-thread-1] INFO  impl.RaftServerImpl (ServerState.java:<init>(103)) - 843fc1ff-de1b-43cb-8950-fd116d4d559a@group-FB20B86FE1F5: ConfigurationManager, init=-1: [843fc1ff-de1b-43cb-8950-fd116d4d559a:192.168.5.175:45815, a1a4984a-d14b-4502-b8a5-379a579f780f:192.168.5.175:36734, 265b844d-cb6b-4ae0-ac03-f38a312a4086:192.168.5.175:42998], old=null, confs=<EMPTY_MAP>
2019-10-10 18:57:37,633 [pool-383-thread-1] INFO  server.RaftServerConfigKeys (ConfUtils.java:logGet(43)) - raft.server.storage.dir = [/workdir/hadoop-ozone/integration-test/target/test-dir/MiniOzoneClusterImpl-a1795259-24d0-4aef-a737-5c87c65197ee/datanode-0/data/ratis] (custom)
2019-10-10 18:57:37,634 [pool-383-thread-1] INFO  server.RaftServerConfigKeys (ConfUtils.java:logGet(43)) - raft.server.log.corruption.policy = EXCEPTION (default)
2019-10-10 18:57:37,634 [pool-383-thread-1] INFO  storage.RaftStorageDirectory (RaftStorageDirectory.java:analyzeStorage(246)) - The storage directory /workdir/hadoop-ozone/integration-test/target/test-dir/MiniOzoneClusterImpl-a1795259-24d0-4aef-a737-5c87c65197ee/datanode-0/data/ratis/52b96314-6f8c-43c2-b6f9-fb20b86fe1f5 does not exist. Creating ...
2019-10-10 18:57:37,640 [IPC Server handler 7 on 33521] INFO  net.NetworkTopology (NetworkTopologyImpl.java:add(111)) - Added a new node: /default-rack/96039e4c-b643-44e2-8bb7-eb5cb505a59e
2019-10-10 18:57:37,640 [IPC Server handler 7 on 33521] INFO  node.SCMNodeManager (SCMNodeManager.java:register(268)) - Registered Data node : 96039e4c-b643-44e2-8bb7-eb5cb505a59e{ip: 192.168.5.175, host: pr-hdds-2194-9vxpc-1955504311, networkLocation: /default-rack, certSerialId: null}
2019-10-10 18:57:37,643 [pool-393-thread-1] INFO  storage.RaftStorageDirectory (RaftStorageDirectory.java:tryLock(328)) - Lock on /workdir/hadoop-ozone/integration-test/target/test-dir/MiniOzoneClusterImpl-a1795259-24d0-4aef-a737-5c87c65197ee/datanode-1/data/ratis/52b96314-6f8c-43c2-b6f9-fb20b86fe1f5/in_use.lock acquired by nodename 23760@pr-hdds-2194-9vxpc-1955504311
2019-10-10 18:57:37,643 [pool-383-thread-1] INFO  storage.RaftStorageDirectory (RaftStorageDirectory.java:tryLock(328)) - Lock on /workdir/hadoop-ozone/integration-test/target/test-dir/MiniOzoneClusterImpl-a1795259-24d0-4aef-a737-5c87c65197ee/datanode-0/data/ratis/52b96314-6f8c-43c2-b6f9-fb20b86fe1f5/in_use.lock acquired by nodename 23760@pr-hdds-2194-9vxpc-1955504311
2019-10-10 18:57:37,643 [pool-403-thread-1] INFO  storage.RaftStorageDirectory (RaftStorageDirectory.java:tryLock(328)) - Lock on /workdir/hadoop-ozone/integration-test/target/test-dir/MiniOzoneClusterImpl-a1795259-24d0-4aef-a737-5c87c65197ee/datanode-2/data/ratis/52b96314-6f8c-43c2-b6f9-fb20b86fe1f5/in_use.lock acquired by nodename 23760@pr-hdds-2194-9vxpc-1955504311
2019-10-10 18:57:37,648 [pool-403-thread-1] INFO  storage.RaftStorage (RaftStorage.java:format(84)) - Storage directory /workdir/hadoop-ozone/integration-test/target/test-dir/MiniOzoneClusterImpl-a1795259-24d0-4aef-a737-5c87c65197ee/datanode-2/data/ratis/52b96314-6f8c-43c2-b6f9-fb20b86fe1f5 has been successfully formatted.
2019-10-10 18:57:37,648 [pool-383-thread-1] INFO  storage.RaftStorage (RaftStorage.java:format(84)) - Storage directory /workdir/hadoop-ozone/integration-test/target/test-dir/MiniOzoneClusterImpl-a1795259-24d0-4aef-a737-5c87c65197ee/datanode-0/data/ratis/52b96314-6f8c-43c2-b6f9-fb20b86fe1f5 has been successfully formatted.
2019-10-10 18:57:37,648 [pool-393-thread-1] INFO  storage.RaftStorage (RaftStorage.java:format(84)) - Storage directory /workdir/hadoop-ozone/integration-test/target/test-dir/MiniOzoneClusterImpl-a1795259-24d0-4aef-a737-5c87c65197ee/datanode-1/data/ratis/52b96314-6f8c-43c2-b6f9-fb20b86fe1f5 has been successfully formatted.
2019-10-10 18:57:37,648 [pool-383-thread-1] INFO  ratis.ContainerStateMachine (ContainerStateMachine.java:loadSnapshot(231)) - group-FB20B86FE1F5: The snapshot info is null. Setting the last applied indexto:(t:0, i:~)
2019-10-10 18:57:37,648 [pool-403-thread-1] INFO  ratis.ContainerStateMachine (ContainerStateMachine.java:loadSnapshot(231)) - group-FB20B86FE1F5: The snapshot info is null. Setting the last applied indexto:(t:0, i:~)
2019-10-10 18:57:37,649 [pool-383-thread-1] INFO  server.RaftServerConfigKeys (ConfUtils.java:logGet(43)) - raft.server.notification.no-leader.timeout = 120s (custom)
2019-10-10 18:57:37,649 [pool-383-thread-1] INFO  server.RaftServerConfigKeys (ConfUtils.java:logGet(43)) - raft.server.log.use.memory = false (default)
2019-10-10 18:57:37,649 [pool-393-thread-1] INFO  ratis.ContainerStateMachine (ContainerStateMachine.java:loadSnapshot(231)) - group-FB20B86FE1F5: The snapshot info is null. Setting the last applied indexto:(t:0, i:~)
2019-10-10 18:57:37,649 [pool-383-thread-1] INFO  server.RaftServerConfigKeys (ConfUtils.java:logGet(43)) - raft.server.log.purge.gap = 1000000 (custom)
2019-10-10 18:57:37,649 [pool-403-thread-1] INFO  server.RaftServerConfigKeys (ConfUtils.java:logGet(43)) - raft.server.notification.no-leader.timeout = 120s (custom)
2019-10-10 18:57:37,650 [pool-383-thread-1] INFO  server.RaftServerConfigKeys (ConfUtils.java:logGet(43)) - raft.server.log.appender.buffer.byte-limit = 33554432 (custom)
2019-10-10 18:57:37,649 [pool-393-thread-1] INFO  server.RaftServerConfigKeys (ConfUtils.java:logGet(43)) - raft.server.notification.no-leader.timeout = 120s (custom)
2019-10-10 18:57:37,650 [pool-383-thread-1] INFO  server.RaftServerConfigKeys (ConfUtils.java:logGet(43)) - raft.server.log.segment.size.max = 1048576 (custom)
2019-10-10 18:57:37,650 [pool-403-thread-1] INFO  server.RaftServerConfigKeys (ConfUtils.java:logGet(43)) - raft.server.log.use.memory = false (default)
2019-10-10 18:57:37,650 [pool-383-thread-1] INFO  server.RaftServerConfigKeys (ConfUtils.java:logGet(43)) - raft.server.log.segment.cache.num.max = 2 (custom)
2019-10-10 18:57:37,650 [pool-393-thread-1] INFO  server.RaftServerConfigKeys (ConfUtils.java:logGet(43)) - raft.server.log.use.memory = false (default)
2019-10-10 18:57:37,650 [pool-383-thread-1] INFO  segmented.SegmentedRaftLogWorker (SegmentedRaftLogWorker.java:<init>(173)) - new 843fc1ff-de1b-43cb-8950-fd116d4d559a@group-FB20B86FE1F5-SegmentedRaftLogWorker for RaftStorage:Storage Directory /workdir/hadoop-ozone/integration-test/target/test-dir/MiniOzoneClusterImpl-a1795259-24d0-4aef-a737-5c87c65197ee/datanode-0/data/ratis/52b96314-6f8c-43c2-b6f9-fb20b86fe1f5
2019-10-10 18:57:37,650 [pool-403-thread-1] INFO  server.RaftServerConfigKeys (ConfUtils.java:logGet(43)) - raft.server.log.purge.gap = 1000000 (custom)
2019-10-10 18:57:37,651 [pool-383-thread-1] INFO  server.RaftServerConfigKeys (ConfUtils.java:logGet(43)) - raft.server.log.queue.byte-limit = 2147483647 (custom)
2019-10-10 18:57:37,651 [pool-383-thread-1] INFO  server.RaftServerConfigKeys (ConfUtils.java:logGet(43)) - raft.server.log.queue.element-limit = 1024 (custom)
2019-10-10 18:57:37,651 [pool-393-thread-1] INFO  server.RaftServerConfigKeys (ConfUtils.java:logGet(43)) - raft.server.log.purge.gap = 1000000 (custom)
2019-10-10 18:57:37,651 [pool-383-thread-1] INFO  server.RaftServerConfigKeys (ConfUtils.java:logGet(43)) - raft.server.log.segment.size.max = 1048576 (custom)
2019-10-10 18:57:37,651 [pool-403-thread-1] INFO  server.RaftServerConfigKeys (ConfUtils.java:logGet(43)) - raft.server.log.appender.buffer.byte-limit = 33554432 (custom)
2019-10-10 18:57:37,651 [pool-383-thread-1] INFO  server.RaftServerConfigKeys (ConfUtils.java:logGet(43)) - raft.server.log.preallocated.size = 16384 (custom)
2019-10-10 18:57:37,651 [pool-393-thread-1] INFO  server.RaftServerConfigKeys (ConfUtils.java:logGet(43)) - raft.server.log.appender.buffer.byte-limit = 33554432 (custom)
2019-10-10 18:57:37,652 [pool-383-thread-1] INFO  server.RaftServerConfigKeys (ConfUtils.java:logGet(43)) - raft.server.log.write.buffer.size = 33554432 (custom)
2019-10-10 18:57:37,652 [pool-383-thread-1] INFO  server.RaftServerConfigKeys (ConfUtils.java:logGet(43)) - raft.server.log.force.sync.num = 128 (default)
2019-10-10 18:57:37,652 [pool-403-thread-1] INFO  server.RaftServerConfigKeys (ConfUtils.java:logGet(43)) - raft.server.log.segment.size.max = 1048576 (custom)
2019-10-10 18:57:37,652 [pool-383-thread-1] INFO  server.RaftServerConfigKeys (ConfUtils.java:logGet(43)) - raft.server.log.statemachine.data.sync = true (default)
2019-10-10 18:57:37,653 [pool-383-thread-1] INFO  server.RaftServerConfigKeys (ConfUtils.java:logGet(43)) - raft.server.log.statemachine.data.sync.timeout = 10s (default)
2019-10-10 18:57:37,652 [pool-393-thread-1] INFO  server.RaftServerConfigKeys (ConfUtils.java:logGet(43)) - raft.server.log.segment.size.max = 1048576 (custom)
2019-10-10 18:57:37,653 [pool-383-thread-1] INFO  server.RaftServerConfigKeys (ConfUtils.java:logGet(43)) - raft.server.log.statemachine.data.sync.timeout.retry = -1 (default)
2019-10-10 18:57:37,652 [pool-403-thread-1] INFO  server.RaftServerConfigKeys (ConfUtils.java:logGet(43)) - raft.server.log.segment.cache.num.max = 2 (custom)
2019-10-10 18:57:37,653 [pool-383-thread-1] INFO  server.RaftServerConfigKeys (ConfUtils.java:logGet(43)) - raft.server.log.statemachine.data.caching.enabled = true (custom)
2019-10-10 18:57:37,653 [pool-393-thread-1] INFO  server.RaftServerConfigKeys (ConfUtils.java:logGet(43)) - raft.server.log.segment.cache.num.max = 2 (custom)
2019-10-10 18:57:37,653 [pool-403-thread-1] INFO  segmented.SegmentedRaftLogWorker (SegmentedRaftLogWorker.java:<init>(173)) - new a1a4984a-d14b-4502-b8a5-379a579f780f@group-FB20B86FE1F5-SegmentedRaftLogWorker for RaftStorage:Storage Directory /workdir/hadoop-ozone/integration-test/target/test-dir/MiniOzoneClusterImpl-a1795259-24d0-4aef-a737-5c87c65197ee/datanode-2/data/ratis/52b96314-6f8c-43c2-b6f9-fb20b86fe1f5
2019-10-10 18:57:37,654 [pool-383-thread-1] INFO  segmented.SegmentedRaftLogWorker (SegmentedRaftLogWorker.java:lambda$new$0(128)) - 843fc1ff-de1b-43cb-8950-fd116d4d559a@group-FB20B86FE1F5-SegmentedRaftLogWorker: flushIndex: setUnconditionally 0 -> -1
2019-10-10 18:57:37,654 [pool-393-thread-1] INFO  segmented.SegmentedRaftLogWorker (SegmentedRaftLogWorker.java:<init>(173)) - new 265b844d-cb6b-4ae0-ac03-f38a312a4086@group-FB20B86FE1F5-SegmentedRaftLogWorker for RaftStorage:Storage Directory /workdir/hadoop-ozone/integration-test/target/test-dir/MiniOzoneClusterImpl-a1795259-24d0-4aef-a737-5c87c65197ee/datanode-1/data/ratis/52b96314-6f8c-43c2-b6f9-fb20b86fe1f5
2019-10-10 18:57:37,654 [pool-403-thread-1] INFO  server.RaftServerConfigKeys (ConfUtils.java:logGet(43)) - raft.server.log.queue.byte-limit = 2147483647 (custom)
2019-10-10 18:57:37,654 [pool-383-thread-1] INFO  server.RaftServerConfigKeys (ConfUtils.java:logGet(43)) - raft.server.snapshot.auto.trigger.enabled = true (custom)
2019-10-10 18:57:37,654 [pool-393-thread-1] INFO  server.RaftServerConfigKeys (ConfUtils.java:logGet(43)) - raft.server.log.queue.byte-limit = 2147483647 (custom)
2019-10-10 18:57:37,654 [pool-383-thread-1] INFO  server.RaftServerConfigKeys (ConfUtils.java:logGet(43)) - raft.server.snapshot.auto.trigger.threshold = 10000 (custom)
2019-10-10 18:57:37,654 [pool-403-thread-1] INFO  server.RaftServerConfigKeys (ConfUtils.java:logGet(43)) - raft.server.log.queue.element-limit = 1024 (custom)
2019-10-10 18:57:37,655 [pool-383-thread-1] INFO  server.RaftServerConfigKeys (ConfUtils.java:logGet(43)) - raft.server.snapshot.retention.file.num = 5 (custom)
2019-10-10 18:57:37,654 [pool-393-thread-1] INFO  server.RaftServerConfigKeys (ConfUtils.java:logGet(43)) - raft.server.log.queue.element-limit = 1024 (custom)
2019-10-10 18:57:37,655 [pool-383-thread-1] INFO  server.RaftServerConfigKeys (ConfUtils.java:logGet(43)) - raft.server.retrycache.expirytime = 600000ms (custom)
2019-10-10 18:57:37,655 [pool-403-thread-1] INFO  server.RaftServerConfigKeys (ConfUtils.java:logGet(43)) - raft.server.log.segment.size.max = 1048576 (custom)
2019-10-10 18:57:37,655 [pool-393-thread-1] INFO  server.RaftServerConfigKeys (ConfUtils.java:logGet(43)) - raft.server.log.segment.size.max = 1048576 (custom)
2019-10-10 18:57:37,655 [pool-403-thread-1] INFO  server.RaftServerConfigKeys (ConfUtils.java:logGet(43)) - raft.server.log.preallocated.size = 16384 (custom)
2019-10-10 18:57:37,655 [pool-393-thread-1] INFO  server.RaftServerConfigKeys (ConfUtils.java:logGet(43)) - raft.server.log.preallocated.size = 16384 (custom)
2019-10-10 18:57:37,656 [pool-403-thread-1] INFO  server.RaftServerConfigKeys (ConfUtils.java:logGet(43)) - raft.server.log.write.buffer.size = 33554432 (custom)
2019-10-10 18:57:37,656 [pool-393-thread-1] INFO  server.RaftServerConfigKeys (ConfUtils.java:logGet(43)) - raft.server.log.write.buffer.size = 33554432 (custom)
2019-10-10 18:57:37,656 [pool-403-thread-1] INFO  server.RaftServerConfigKeys (ConfUtils.java:logGet(43)) - raft.server.log.force.sync.num = 128 (default)
2019-10-10 18:57:37,656 [pool-393-thread-1] INFO  server.RaftServerConfigKeys (ConfUtils.java:logGet(43)) - raft.server.log.force.sync.num = 128 (default)
2019-10-10 18:57:37,656 [pool-403-thread-1] INFO  server.RaftServerConfigKeys (ConfUtils.java:logGet(43)) - raft.server.log.statemachine.data.sync = true (default)
2019-10-10 18:57:37,656 [pool-393-thread-1] INFO  server.RaftServerConfigKeys (ConfUtils.java:logGet(43)) - raft.server.log.statemachine.data.sync = true (default)
2019-10-10 18:57:37,656 [pool-403-thread-1] INFO  server.RaftServerConfigKeys (ConfUtils.java:logGet(43)) - raft.server.log.statemachine.data.sync.timeout = 10s (default)
2019-10-10 18:57:37,657 [pool-393-thread-1] INFO  server.RaftServerConfigKeys (ConfUtils.java:logGet(43)) - raft.server.log.statemachine.data.sync.timeout = 10s (default)
2019-10-10 18:57:37,657 [pool-403-thread-1] INFO  server.RaftServerConfigKeys (ConfUtils.java:logGet(43)) - raft.server.log.statemachine.data.sync.timeout.retry = -1 (default)
2019-10-10 18:57:37,657 [pool-393-thread-1] INFO  server.RaftServerConfigKeys (ConfUtils.java:logGet(43)) - raft.server.log.statemachine.data.sync.timeout.retry = -1 (default)
2019-10-10 18:57:37,657 [pool-383-thread-1] INFO  impl.RaftServerImpl (RaftServerImpl.java:start(181)) - 843fc1ff-de1b-43cb-8950-fd116d4d559a@group-FB20B86FE1F5: start as a follower, conf=-1: [843fc1ff-de1b-43cb-8950-fd116d4d559a:192.168.5.175:45815, a1a4984a-d14b-4502-b8a5-379a579f780f:192.168.5.175:36734, 265b844d-cb6b-4ae0-ac03-f38a312a4086:192.168.5.175:42998], old=null
2019-10-10 18:57:37,657 [pool-403-thread-1] INFO  server.RaftServerConfigKeys (ConfUtils.java:logGet(43)) - raft.server.log.statemachine.data.caching.enabled = true (custom)
2019-10-10 18:57:37,657 [pool-383-thread-1] INFO  impl.RaftServerImpl (RaftServerImpl.java:setRole(170)) - 843fc1ff-de1b-43cb-8950-fd116d4d559a@group-FB20B86FE1F5: changes role from      null to FOLLOWER at term 0 for startAsFollower
2019-10-10 18:57:37,657 [pool-393-thread-1] INFO  server.RaftServerConfigKeys (ConfUtils.java:logGet(43)) - raft.server.log.statemachine.data.caching.enabled = true (custom)
2019-10-10 18:57:37,658 [pool-383-thread-1] INFO  impl.RoleInfo (RoleInfo.java:updateAndGet(143)) - 843fc1ff-de1b-43cb-8950-fd116d4d559a: start FollowerState
2019-10-10 18:57:37,658 [pool-403-thread-1] INFO  segmented.SegmentedRaftLogWorker (SegmentedRaftLogWorker.java:lambda$new$0(128)) - a1a4984a-d14b-4502-b8a5-379a579f780f@group-FB20B86FE1F5-SegmentedRaftLogWorker: flushIndex: setUnconditionally 0 -> -1
2019-10-10 18:57:37,658 [pool-393-thread-1] INFO  segmented.SegmentedRaftLogWorker (SegmentedRaftLogWorker.java:lambda$new$0(128)) - 265b844d-cb6b-4ae0-ac03-f38a312a4086@group-FB20B86FE1F5-SegmentedRaftLogWorker: flushIndex: setUnconditionally 0 -> -1
2019-10-10 18:57:37,658 [pool-383-thread-1] INFO  util.JmxRegister (JmxRegister.java:tryRegister(44)) - Successfully registered JMX Bean with object name Ratis:service=RaftServer,group=group-FB20B86FE1F5,id=843fc1ff-de1b-43cb-8950-fd116d4d559a
2019-10-10 18:57:37,658 [pool-403-thread-1] INFO  server.RaftServerConfigKeys (ConfUtils.java:logGet(43)) - raft.server.snapshot.auto.trigger.enabled = true (custom)
2019-10-10 18:57:37,658 [pool-393-thread-1] INFO  server.RaftServerConfigKeys (ConfUtils.java:logGet(43)) - raft.server.snapshot.auto.trigger.enabled = true (custom)
2019-10-10 18:57:37,658 [pool-403-thread-1] INFO  server.RaftServerConfigKeys (ConfUtils.java:logGet(43)) - raft.server.snapshot.auto.trigger.threshold = 10000 (custom)
2019-10-10 18:57:37,659 [pool-393-thread-1] INFO  server.RaftServerConfigKeys (ConfUtils.java:logGet(43)) - raft.server.snapshot.auto.trigger.threshold = 10000 (custom)
2019-10-10 18:57:37,659 [pool-403-thread-1] INFO  server.RaftServerConfigKeys (ConfUtils.java:logGet(43)) - raft.server.snapshot.retention.file.num = 5 (custom)
2019-10-10 18:57:37,659 [pool-393-thread-1] INFO  server.RaftServerConfigKeys (ConfUtils.java:logGet(43)) - raft.server.snapshot.retention.file.num = 5 (custom)
2019-10-10 18:57:37,659 [pool-403-thread-1] INFO  server.RaftServerConfigKeys (ConfUtils.java:logGet(43)) - raft.server.retrycache.expirytime = 600000ms (custom)
2019-10-10 18:57:37,659 [pool-393-thread-1] INFO  server.RaftServerConfigKeys (ConfUtils.java:logGet(43)) - raft.server.retrycache.expirytime = 600000ms (custom)
2019-10-10 18:57:37,668 [pool-403-thread-1] INFO  impl.RaftServerImpl (RaftServerImpl.java:start(181)) - a1a4984a-d14b-4502-b8a5-379a579f780f@group-FB20B86FE1F5: start as a follower, conf=-1: [843fc1ff-de1b-43cb-8950-fd116d4d559a:192.168.5.175:45815, a1a4984a-d14b-4502-b8a5-379a579f780f:192.168.5.175:36734, 265b844d-cb6b-4ae0-ac03-f38a312a4086:192.168.5.175:42998], old=null
2019-10-10 18:57:37,668 [pool-393-thread-1] INFO  impl.RaftServerImpl (RaftServerImpl.java:start(181)) - 265b844d-cb6b-4ae0-ac03-f38a312a4086@group-FB20B86FE1F5: start as a follower, conf=-1: [843fc1ff-de1b-43cb-8950-fd116d4d559a:192.168.5.175:45815, a1a4984a-d14b-4502-b8a5-379a579f780f:192.168.5.175:36734, 265b844d-cb6b-4ae0-ac03-f38a312a4086:192.168.5.175:42998], old=null
2019-10-10 18:57:37,668 [pool-403-thread-1] INFO  impl.RaftServerImpl (RaftServerImpl.java:setRole(170)) - a1a4984a-d14b-4502-b8a5-379a579f780f@group-FB20B86FE1F5: changes role from      null to FOLLOWER at term 0 for startAsFollower
2019-10-10 18:57:37,668 [pool-393-thread-1] INFO  impl.RaftServerImpl (RaftServerImpl.java:setRole(170)) - 265b844d-cb6b-4ae0-ac03-f38a312a4086@group-FB20B86FE1F5: changes role from      null to FOLLOWER at term 0 for startAsFollower
2019-10-10 18:57:37,668 [pool-403-thread-1] INFO  impl.RoleInfo (RoleInfo.java:updateAndGet(143)) - a1a4984a-d14b-4502-b8a5-379a579f780f: start FollowerState
2019-10-10 18:57:37,668 [pool-393-thread-1] INFO  impl.RoleInfo (RoleInfo.java:updateAndGet(143)) - 265b844d-cb6b-4ae0-ac03-f38a312a4086: start FollowerState
2019-10-10 18:57:37,668 [pool-403-thread-1] INFO  util.JmxRegister (JmxRegister.java:tryRegister(44)) - Successfully registered JMX Bean with object name Ratis:service=RaftServer,group=group-FB20B86FE1F5,id=a1a4984a-d14b-4502-b8a5-379a579f780f
2019-10-10 18:57:37,669 [pool-393-thread-1] INFO  util.JmxRegister (JmxRegister.java:tryRegister(44)) - Successfully registered JMX Bean with object name Ratis:service=RaftServer,group=group-FB20B86FE1F5,id=265b844d-cb6b-4ae0-ac03-f38a312a4086
2019-10-10 18:57:37,683 [RatisPipelineUtilsThread] INFO  pipeline.PipelineStateManager (PipelineStateManager.java:addPipeline(56)) - Created pipeline Pipeline[ Id: 52b96314-6f8c-43c2-b6f9-fb20b86fe1f5, Nodes: 843fc1ff-de1b-43cb-8950-fd116d4d559a{ip: 192.168.5.175, host: pr-hdds-2194-9vxpc-1955504311, networkLocation: /default-rack, certSerialId: null}265b844d-cb6b-4ae0-ac03-f38a312a4086{ip: 192.168.5.175, host: pr-hdds-2194-9vxpc-1955504311, networkLocation: /default-rack, certSerialId: null}a1a4984a-d14b-4502-b8a5-379a579f780f{ip: 192.168.5.175, host: pr-hdds-2194-9vxpc-1955504311, networkLocation: /default-rack, certSerialId: null}, Type:RATIS, Factor:THREE, State:OPEN]
2019-10-10 18:57:37,738 [IPC Server handler 0 on 33521] INFO  net.NetworkTopology (NetworkTopologyImpl.java:add(111)) - Added a new node: /default-rack/4d15a676-2e55-4ffc-9d84-56193ea1e648
2019-10-10 18:57:37,738 [IPC Server handler 0 on 33521] INFO  node.SCMNodeManager (SCMNodeManager.java:register(268)) - Registered Data node : 4d15a676-2e55-4ffc-9d84-56193ea1e648{ip: 192.168.5.175, host: pr-hdds-2194-9vxpc-1955504311, networkLocation: /default-rack, certSerialId: null}
2019-10-10 18:57:37,751 [grpc-default-executor-3] INFO  impl.RaftServerProxy (RaftServerProxy.java:addNew(89)) - 96039e4c-b643-44e2-8bb7-eb5cb505a59e: addNew group-EDDE15DB90B5:[96039e4c-b643-44e2-8bb7-eb5cb505a59e:192.168.5.175:43054] returns group-EDDE15DB90B5:java.util.concurrent.CompletableFuture@735c6e74[Not completed]
2019-10-10 18:57:37,756 [pool-413-thread-1] INFO  impl.RaftServerImpl (RaftServerImpl.java:<init>(95)) - 96039e4c-b643-44e2-8bb7-eb5cb505a59e: new RaftServerImpl for group-EDDE15DB90B5:[96039e4c-b643-44e2-8bb7-eb5cb505a59e:192.168.5.175:43054] with ContainerStateMachine:uninitialized
2019-10-10 18:57:37,756 [pool-413-thread-1] INFO  server.RaftServerConfigKeys (ConfUtils.java:logGet(43)) - raft.server.rpc.timeout.min = 5s (custom)
2019-10-10 18:57:37,756 [pool-413-thread-1] INFO  server.RaftServerConfigKeys (ConfUtils.java:logGet(43)) - raft.server.rpc.timeout.max = 5200ms (custom)
2019-10-10 18:57:37,756 [pool-413-thread-1] INFO  server.RaftServerConfigKeys (ConfUtils.java:logGet(43)) - raft.server.rpcslowness.timeout = 120s (custom)
2019-10-10 18:57:37,757 [pool-413-thread-1] INFO  server.RaftServerConfigKeys (ConfUtils.java:logGet(43)) - raft.server.sleep.deviation.threshold = 300 (default)
2019-10-10 18:57:37,757 [pool-413-thread-1] INFO  server.RaftServerConfigKeys (ConfUtils.java:logGet(43)) - raft.server.log.appender.install.snapshot.enabled = false (custom)
2019-10-10 18:57:37,757 [pool-413-thread-1] INFO  impl.RaftServerImpl (ServerState.java:<init>(103)) - 96039e4c-b643-44e2-8bb7-eb5cb505a59e@group-EDDE15DB90B5: ConfigurationManager, init=-1: [96039e4c-b643-44e2-8bb7-eb5cb505a59e:192.168.5.175:43054], old=null, confs=<EMPTY_MAP>
2019-10-10 18:57:37,757 [pool-413-thread-1] INFO  server.RaftServerConfigKeys (ConfUtils.java:logGet(43)) - raft.server.storage.dir = [/workdir/hadoop-ozone/integration-test/target/test-dir/MiniOzoneClusterImpl-a1795259-24d0-4aef-a737-5c87c65197ee/datanode-3/data/ratis] (custom)
2019-10-10 18:57:37,757 [pool-413-thread-1] INFO  server.RaftServerConfigKeys (ConfUtils.java:logGet(43)) - raft.server.log.corruption.policy = EXCEPTION (default)
2019-10-10 18:57:37,758 [pool-413-thread-1] INFO  storage.RaftStorageDirectory (RaftStorageDirectory.java:analyzeStorage(246)) - The storage directory /workdir/hadoop-ozone/integration-test/target/test-dir/MiniOzoneClusterImpl-a1795259-24d0-4aef-a737-5c87c65197ee/datanode-3/data/ratis/3deb0244-9c63-436d-8092-edde15db90b5 does not exist. Creating ...
2019-10-10 18:57:37,770 [pool-413-thread-1] INFO  storage.RaftStorageDirectory (RaftStorageDirectory.java:tryLock(328)) - Lock on /workdir/hadoop-ozone/integration-test/target/test-dir/MiniOzoneClusterImpl-a1795259-24d0-4aef-a737-5c87c65197ee/datanode-3/data/ratis/3deb0244-9c63-436d-8092-edde15db90b5/in_use.lock acquired by nodename 23760@pr-hdds-2194-9vxpc-1955504311
2019-10-10 18:57:37,783 [pool-413-thread-1] INFO  storage.RaftStorage (RaftStorage.java:format(84)) - Storage directory /workdir/hadoop-ozone/integration-test/target/test-dir/MiniOzoneClusterImpl-a1795259-24d0-4aef-a737-5c87c65197ee/datanode-3/data/ratis/3deb0244-9c63-436d-8092-edde15db90b5 has been successfully formatted.
2019-10-10 18:57:37,784 [pool-413-thread-1] INFO  ratis.ContainerStateMachine (ContainerStateMachine.java:loadSnapshot(231)) - group-EDDE15DB90B5: The snapshot info is null. Setting the last applied indexto:(t:0, i:~)
2019-10-10 18:57:37,784 [pool-413-thread-1] INFO  server.RaftServerConfigKeys (ConfUtils.java:logGet(43)) - raft.server.notification.no-leader.timeout = 120s (custom)
2019-10-10 18:57:37,784 [pool-413-thread-1] INFO  server.RaftServerConfigKeys (ConfUtils.java:logGet(43)) - raft.server.log.use.memory = false (default)
2019-10-10 18:57:37,784 [pool-413-thread-1] INFO  server.RaftServerConfigKeys (ConfUtils.java:logGet(43)) - raft.server.log.purge.gap = 1000000 (custom)
2019-10-10 18:57:37,784 [pool-413-thread-1] INFO  server.RaftServerConfigKeys (ConfUtils.java:logGet(43)) - raft.server.log.appender.buffer.byte-limit = 33554432 (custom)
2019-10-10 18:57:37,785 [pool-413-thread-1] INFO  server.RaftServerConfigKeys (ConfUtils.java:logGet(43)) - raft.server.log.segment.size.max = 1048576 (custom)
2019-10-10 18:57:37,786 [pool-413-thread-1] INFO  server.RaftServerConfigKeys (ConfUtils.java:logGet(43)) - raft.server.log.segment.cache.num.max = 2 (custom)
2019-10-10 18:57:37,786 [pool-413-thread-1] INFO  segmented.SegmentedRaftLogWorker (SegmentedRaftLogWorker.java:<init>(173)) - new 96039e4c-b643-44e2-8bb7-eb5cb505a59e@group-EDDE15DB90B5-SegmentedRaftLogWorker for RaftStorage:Storage Directory /workdir/hadoop-ozone/integration-test/target/test-dir/MiniOzoneClusterImpl-a1795259-24d0-4aef-a737-5c87c65197ee/datanode-3/data/ratis/3deb0244-9c63-436d-8092-edde15db90b5
2019-10-10 18:57:37,786 [pool-413-thread-1] INFO  server.RaftServerConfigKeys (ConfUtils.java:logGet(43)) - raft.server.log.queue.byte-limit = 2147483647 (custom)
2019-10-10 18:57:37,787 [pool-413-thread-1] INFO  server.RaftServerConfigKeys (ConfUtils.java:logGet(43)) - raft.server.log.queue.element-limit = 1024 (custom)
2019-10-10 18:57:37,787 [pool-413-thread-1] INFO  server.RaftServerConfigKeys (ConfUtils.java:logGet(43)) - raft.server.log.segment.size.max = 1048576 (custom)
2019-10-10 18:57:37,787 [pool-413-thread-1] INFO  server.RaftServerConfigKeys (ConfUtils.java:logGet(43)) - raft.server.log.preallocated.size = 16384 (custom)
2019-10-10 18:57:37,787 [pool-413-thread-1] INFO  server.RaftServerConfigKeys (ConfUtils.java:logGet(43)) - raft.server.log.write.buffer.size = 33554432 (custom)
2019-10-10 18:57:37,787 [pool-413-thread-1] INFO  server.RaftServerConfigKeys (ConfUtils.java:logGet(43)) - raft.server.log.force.sync.num = 128 (default)
2019-10-10 18:57:37,787 [pool-413-thread-1] INFO  server.RaftServerConfigKeys (ConfUtils.java:logGet(43)) - raft.server.log.statemachine.data.sync = true (default)
2019-10-10 18:57:37,787 [pool-413-thread-1] INFO  server.RaftServerConfigKeys (ConfUtils.java:logGet(43)) - raft.server.log.statemachine.data.sync.timeout = 10s (default)
2019-10-10 18:57:37,787 [pool-413-thread-1] INFO  server.RaftServerConfigKeys (ConfUtils.java:logGet(43)) - raft.server.log.statemachine.data.sync.timeout.retry = -1 (default)
2019-10-10 18:57:37,788 [pool-413-thread-1] INFO  server.RaftServerConfigKeys (ConfUtils.java:logGet(43)) - raft.server.log.statemachine.data.caching.enabled = true (custom)
2019-10-10 18:57:37,788 [pool-413-thread-1] INFO  segmented.SegmentedRaftLogWorker (SegmentedRaftLogWorker.java:lambda$new$0(128)) - 96039e4c-b643-44e2-8bb7-eb5cb505a59e@group-EDDE15DB90B5-SegmentedRaftLogWorker: flushIndex: setUnconditionally 0 -> -1
2019-10-10 18:57:37,788 [pool-413-thread-1] INFO  server.RaftServerConfigKeys (ConfUtils.java:logGet(43)) - raft.server.snapshot.auto.trigger.enabled = true (custom)
2019-10-10 18:57:37,788 [pool-413-thread-1] INFO  server.RaftServerConfigKeys (ConfUtils.java:logGet(43)) - raft.server.snapshot.auto.trigger.threshold = 10000 (custom)
2019-10-10 18:57:37,789 [pool-413-thread-1] INFO  server.RaftServerConfigKeys (ConfUtils.java:logGet(43)) - raft.server.snapshot.retention.file.num = 5 (custom)
2019-10-10 18:57:37,789 [pool-413-thread-1] INFO  server.RaftServerConfigKeys (ConfUtils.java:logGet(43)) - raft.server.retrycache.expirytime = 600000ms (custom)
2019-10-10 18:57:37,791 [pool-413-thread-1] INFO  impl.RaftServerImpl (RaftServerImpl.java:start(181)) - 96039e4c-b643-44e2-8bb7-eb5cb505a59e@group-EDDE15DB90B5: start as a follower, conf=-1: [96039e4c-b643-44e2-8bb7-eb5cb505a59e:192.168.5.175:43054], old=null
2019-10-10 18:57:37,791 [pool-413-thread-1] INFO  impl.RaftServerImpl (RaftServerImpl.java:setRole(170)) - 96039e4c-b643-44e2-8bb7-eb5cb505a59e@group-EDDE15DB90B5: changes role from      null to FOLLOWER at term 0 for startAsFollower
2019-10-10 18:57:37,791 [pool-413-thread-1] INFO  impl.RoleInfo (RoleInfo.java:updateAndGet(143)) - 96039e4c-b643-44e2-8bb7-eb5cb505a59e: start FollowerState
2019-10-10 18:57:37,791 [pool-413-thread-1] INFO  util.JmxRegister (JmxRegister.java:tryRegister(44)) - Successfully registered JMX Bean with object name Ratis:service=RaftServer,group=group-EDDE15DB90B5,id=96039e4c-b643-44e2-8bb7-eb5cb505a59e
2019-10-10 18:57:37,800 [RatisPipelineUtilsThread] INFO  pipeline.PipelineStateManager (PipelineStateManager.java:addPipeline(56)) - Created pipeline Pipeline[ Id: 3deb0244-9c63-436d-8092-edde15db90b5, Nodes: 96039e4c-b643-44e2-8bb7-eb5cb505a59e{ip: 192.168.5.175, host: pr-hdds-2194-9vxpc-1955504311, networkLocation: /default-rack, certSerialId: null}, Type:RATIS, Factor:ONE, State:OPEN]
2019-10-10 18:57:37,810 [grpc-default-executor-3] INFO  impl.RaftServerProxy (RaftServerProxy.java:addNew(89)) - 4d15a676-2e55-4ffc-9d84-56193ea1e648: addNew group-A1C9FE889130:[4d15a676-2e55-4ffc-9d84-56193ea1e648:192.168.5.175:43520] returns group-A1C9FE889130:java.util.concurrent.CompletableFuture@a971656[Not completed]
2019-10-10 18:57:37,811 [pool-423-thread-1] INFO  impl.RaftServerImpl (RaftServerImpl.java:<init>(95)) - 4d15a676-2e55-4ffc-9d84-56193ea1e648: new RaftServerImpl for group-A1C9FE889130:[4d15a676-2e55-4ffc-9d84-56193ea1e648:192.168.5.175:43520] with ContainerStateMachine:uninitialized
2019-10-10 18:57:37,811 [pool-423-thread-1] INFO  server.RaftServerConfigKeys (ConfUtils.java:logGet(43)) - raft.server.rpc.timeout.min = 5s (custom)
2019-10-10 18:57:37,812 [pool-423-thread-1] INFO  server.RaftServerConfigKeys (ConfUtils.java:logGet(43)) - raft.server.rpc.timeout.max = 5200ms (custom)
2019-10-10 18:57:37,812 [pool-423-thread-1] INFO  server.RaftServerConfigKeys (ConfUtils.java:logGet(43)) - raft.server.rpcslowness.timeout = 120s (custom)
2019-10-10 18:57:37,812 [pool-423-thread-1] INFO  server.RaftServerConfigKeys (ConfUtils.java:logGet(43)) - raft.server.sleep.deviation.threshold = 300 (default)
2019-10-10 18:57:37,812 [pool-423-thread-1] INFO  server.RaftServerConfigKeys (ConfUtils.java:logGet(43)) - raft.server.log.appender.install.snapshot.enabled = false (custom)
2019-10-10 18:57:37,812 [pool-423-thread-1] INFO  impl.RaftServerImpl (ServerState.java:<init>(103)) - 4d15a676-2e55-4ffc-9d84-56193ea1e648@group-A1C9FE889130: ConfigurationManager, init=-1: [4d15a676-2e55-4ffc-9d84-56193ea1e648:192.168.5.175:43520], old=null, confs=<EMPTY_MAP>
2019-10-10 18:57:37,812 [pool-423-thread-1] INFO  server.RaftServerConfigKeys (ConfUtils.java:logGet(43)) - raft.server.storage.dir = [/workdir/hadoop-ozone/integration-test/target/test-dir/MiniOzoneClusterImpl-a1795259-24d0-4aef-a737-5c87c65197ee/datanode-4/data/ratis] (custom)
2019-10-10 18:57:37,813 [pool-423-thread-1] INFO  server.RaftServerConfigKeys (ConfUtils.java:logGet(43)) - raft.server.log.corruption.policy = EXCEPTION (default)
2019-10-10 18:57:37,813 [pool-423-thread-1] INFO  storage.RaftStorageDirectory (RaftStorageDirectory.java:analyzeStorage(246)) - The storage directory /workdir/hadoop-ozone/integration-test/target/test-dir/MiniOzoneClusterImpl-a1795259-24d0-4aef-a737-5c87c65197ee/datanode-4/data/ratis/86fb1cb6-2a8b-4a59-abc4-a1c9fe889130 does not exist. Creating ...
2019-10-10 18:57:37,826 [pool-423-thread-1] INFO  storage.RaftStorageDirectory (RaftStorageDirectory.java:tryLock(328)) - Lock on /workdir/hadoop-ozone/integration-test/target/test-dir/MiniOzoneClusterImpl-a1795259-24d0-4aef-a737-5c87c65197ee/datanode-4/data/ratis/86fb1cb6-2a8b-4a59-abc4-a1c9fe889130/in_use.lock acquired by nodename 23760@pr-hdds-2194-9vxpc-1955504311
2019-10-10 18:57:37,828 [IPC Server handler 2 on 33521] INFO  net.NetworkTopology (NetworkTopologyImpl.java:add(111)) - Added a new node: /default-rack/2c850ad2-3c80-494d-b8a3-74731983b04b
2019-10-10 18:57:37,829 [IPC Server handler 2 on 33521] INFO  node.SCMNodeManager (SCMNodeManager.java:register(268)) - Registered Data node : 2c850ad2-3c80-494d-b8a3-74731983b04b{ip: 192.168.5.175, host: pr-hdds-2194-9vxpc-1955504311, networkLocation: /default-rack, certSerialId: null}
2019-10-10 18:57:37,839 [pool-423-thread-1] INFO  storage.RaftStorage (RaftStorage.java:format(84)) - Storage directory /workdir/hadoop-ozone/integration-test/target/test-dir/MiniOzoneClusterImpl-a1795259-24d0-4aef-a737-5c87c65197ee/datanode-4/data/ratis/86fb1cb6-2a8b-4a59-abc4-a1c9fe889130 has been successfully formatted.
2019-10-10 18:57:37,839 [pool-423-thread-1] INFO  ratis.ContainerStateMachine (ContainerStateMachine.java:loadSnapshot(231)) - group-A1C9FE889130: The snapshot info is null. Setting the last applied indexto:(t:0, i:~)
2019-10-10 18:57:37,839 [pool-423-thread-1] INFO  server.RaftServerConfigKeys (ConfUtils.java:logGet(43)) - raft.server.notification.no-leader.timeout = 120s (custom)
2019-10-10 18:57:37,839 [pool-423-thread-1] INFO  server.RaftServerConfigKeys (ConfUtils.java:logGet(43)) - raft.server.log.use.memory = false (default)
2019-10-10 18:57:37,839 [pool-423-thread-1] INFO  server.RaftServerConfigKeys (ConfUtils.java:logGet(43)) - raft.server.log.purge.gap = 1000000 (custom)
2019-10-10 18:57:37,839 [pool-423-thread-1] INFO  server.RaftServerConfigKeys (ConfUtils.java:logGet(43)) - raft.server.log.appender.buffer.byte-limit = 33554432 (custom)
2019-10-10 18:57:37,840 [pool-423-thread-1] INFO  server.RaftServerConfigKeys (ConfUtils.java:logGet(43)) - raft.server.log.segment.size.max = 1048576 (custom)
2019-10-10 18:57:37,841 [pool-423-thread-1] INFO  server.RaftServerConfigKeys (ConfUtils.java:logGet(43)) - raft.server.log.segment.cache.num.max = 2 (custom)
2019-10-10 18:57:37,842 [pool-423-thread-1] INFO  segmented.SegmentedRaftLogWorker (SegmentedRaftLogWorker.java:<init>(173)) - new 4d15a676-2e55-4ffc-9d84-56193ea1e648@group-A1C9FE889130-SegmentedRaftLogWorker for RaftStorage:Storage Directory /workdir/hadoop-ozone/integration-test/target/test-dir/MiniOzoneClusterImpl-a1795259-24d0-4aef-a737-5c87c65197ee/datanode-4/data/ratis/86fb1cb6-2a8b-4a59-abc4-a1c9fe889130
2019-10-10 18:57:37,842 [pool-423-thread-1] INFO  server.RaftServerConfigKeys (ConfUtils.java:logGet(43)) - raft.server.log.queue.byte-limit = 2147483647 (custom)
2019-10-10 18:57:37,842 [pool-423-thread-1] INFO  server.RaftServerConfigKeys (ConfUtils.java:logGet(43)) - raft.server.log.queue.element-limit = 1024 (custom)
2019-10-10 18:57:37,842 [pool-423-thread-1] INFO  server.RaftServerConfigKeys (ConfUtils.java:logGet(43)) - raft.server.log.segment.size.max = 1048576 (custom)
2019-10-10 18:57:37,842 [pool-423-thread-1] INFO  server.RaftServerConfigKeys (ConfUtils.java:logGet(43)) - raft.server.log.preallocated.size = 16384 (custom)
2019-10-10 18:57:37,842 [pool-423-thread-1] INFO  server.RaftServerConfigKeys (ConfUtils.java:logGet(43)) - raft.server.log.write.buffer.size = 33554432 (custom)
2019-10-10 18:57:37,842 [pool-423-thread-1] INFO  server.RaftServerConfigKeys (ConfUtils.java:logGet(43)) - raft.server.log.force.sync.num = 128 (default)
2019-10-10 18:57:37,843 [pool-423-thread-1] INFO  server.RaftServerConfigKeys (ConfUtils.java:logGet(43)) - raft.server.log.statemachine.data.sync = true (default)
2019-10-10 18:57:37,843 [pool-423-thread-1] INFO  server.RaftServerConfigKeys (ConfUtils.java:logGet(43)) - raft.server.log.statemachine.data.sync.timeout = 10s (default)
2019-10-10 18:57:37,843 [pool-423-thread-1] INFO  server.RaftServerConfigKeys (ConfUtils.java:logGet(43)) - raft.server.log.statemachine.data.sync.timeout.retry = -1 (default)
2019-10-10 18:57:37,843 [pool-423-thread-1] INFO  server.RaftServerConfigKeys (ConfUtils.java:logGet(43)) - raft.server.log.statemachine.data.caching.enabled = true (custom)
2019-10-10 18:57:37,843 [pool-423-thread-1] INFO  segmented.SegmentedRaftLogWorker (SegmentedRaftLogWorker.java:lambda$new$0(128)) - 4d15a676-2e55-4ffc-9d84-56193ea1e648@group-A1C9FE889130-SegmentedRaftLogWorker: flushIndex: setUnconditionally 0 -> -1
2019-10-10 18:57:37,844 [pool-423-thread-1] INFO  server.RaftServerConfigKeys (ConfUtils.java:logGet(43)) - raft.server.snapshot.auto.trigger.enabled = true (custom)
2019-10-10 18:57:37,844 [pool-423-thread-1] INFO  server.RaftServerConfigKeys (ConfUtils.java:logGet(43)) - raft.server.snapshot.auto.trigger.threshold = 10000 (custom)
2019-10-10 18:57:37,844 [pool-423-thread-1] INFO  server.RaftServerConfigKeys (ConfUtils.java:logGet(43)) - raft.server.snapshot.retention.file.num = 5 (custom)
2019-10-10 18:57:37,844 [pool-423-thread-1] INFO  server.RaftServerConfigKeys (ConfUtils.java:logGet(43)) - raft.server.retrycache.expirytime = 600000ms (custom)
2019-10-10 18:57:37,846 [pool-423-thread-1] INFO  impl.RaftServerImpl (RaftServerImpl.java:start(181)) - 4d15a676-2e55-4ffc-9d84-56193ea1e648@group-A1C9FE889130: start as a follower, conf=-1: [4d15a676-2e55-4ffc-9d84-56193ea1e648:192.168.5.175:43520], old=null
2019-10-10 18:57:37,846 [pool-423-thread-1] INFO  impl.RaftServerImpl (RaftServerImpl.java:setRole(170)) - 4d15a676-2e55-4ffc-9d84-56193ea1e648@group-A1C9FE889130: changes role from      null to FOLLOWER at term 0 for startAsFollower
2019-10-10 18:57:37,846 [pool-423-thread-1] INFO  impl.RoleInfo (RoleInfo.java:updateAndGet(143)) - 4d15a676-2e55-4ffc-9d84-56193ea1e648: start FollowerState
2019-10-10 18:57:37,847 [pool-423-thread-1] INFO  util.JmxRegister (JmxRegister.java:tryRegister(44)) - Successfully registered JMX Bean with object name Ratis:service=RaftServer,group=group-A1C9FE889130,id=4d15a676-2e55-4ffc-9d84-56193ea1e648
2019-10-10 18:57:37,857 [RatisPipelineUtilsThread] INFO  pipeline.PipelineStateManager (PipelineStateManager.java:addPipeline(56)) - Created pipeline Pipeline[ Id: 86fb1cb6-2a8b-4a59-abc4-a1c9fe889130, Nodes: 4d15a676-2e55-4ffc-9d84-56193ea1e648{ip: 192.168.5.175, host: pr-hdds-2194-9vxpc-1955504311, networkLocation: /default-rack, certSerialId: null}, Type:RATIS, Factor:ONE, State:OPEN]
2019-10-10 18:57:37,872 [grpc-default-executor-3] INFO  impl.RaftServerProxy (RaftServerProxy.java:addNew(89)) - 2c850ad2-3c80-494d-b8a3-74731983b04b: addNew group-2B61C082EC69:[2c850ad2-3c80-494d-b8a3-74731983b04b:192.168.5.175:35527] returns group-2B61C082EC69:java.util.concurrent.CompletableFuture@65fc6327[Not completed]
2019-10-10 18:57:37,873 [pool-433-thread-1] INFO  impl.RaftServerImpl (RaftServerImpl.java:<init>(95)) - 2c850ad2-3c80-494d-b8a3-74731983b04b: new RaftServerImpl for group-2B61C082EC69:[2c850ad2-3c80-494d-b8a3-74731983b04b:192.168.5.175:35527] with ContainerStateMachine:uninitialized
2019-10-10 18:57:37,873 [pool-433-thread-1] INFO  server.RaftServerConfigKeys (ConfUtils.java:logGet(43)) - raft.server.rpc.timeout.min = 5s (custom)
2019-10-10 18:57:37,874 [pool-433-thread-1] INFO  server.RaftServerConfigKeys (ConfUtils.java:logGet(43)) - raft.server.rpc.timeout.max = 5200ms (custom)
2019-10-10 18:57:37,874 [pool-433-thread-1] INFO  server.RaftServerConfigKeys (ConfUtils.java:logGet(43)) - raft.server.rpcslowness.timeout = 120s (custom)
2019-10-10 18:57:37,874 [pool-433-thread-1] INFO  server.RaftServerConfigKeys (ConfUtils.java:logGet(43)) - raft.server.sleep.deviation.threshold = 300 (default)
2019-10-10 18:57:37,874 [pool-433-thread-1] INFO  server.RaftServerConfigKeys (ConfUtils.java:logGet(43)) - raft.server.log.appender.install.snapshot.enabled = false (custom)
2019-10-10 18:57:37,874 [pool-433-thread-1] INFO  impl.RaftServerImpl (ServerState.java:<init>(103)) - 2c850ad2-3c80-494d-b8a3-74731983b04b@group-2B61C082EC69: ConfigurationManager, init=-1: [2c850ad2-3c80-494d-b8a3-74731983b04b:192.168.5.175:35527], old=null, confs=<EMPTY_MAP>
2019-10-10 18:57:37,874 [pool-433-thread-1] INFO  server.RaftServerConfigKeys (ConfUtils.java:logGet(43)) - raft.server.storage.dir = [/workdir/hadoop-ozone/integration-test/target/test-dir/MiniOzoneClusterImpl-a1795259-24d0-4aef-a737-5c87c65197ee/datanode-5/data/ratis] (custom)
2019-10-10 18:57:37,875 [pool-433-thread-1] INFO  server.RaftServerConfigKeys (ConfUtils.java:logGet(43)) - raft.server.log.corruption.policy = EXCEPTION (default)
2019-10-10 18:57:37,875 [pool-433-thread-1] INFO  storage.RaftStorageDirectory (RaftStorageDirectory.java:analyzeStorage(246)) - The storage directory /workdir/hadoop-ozone/integration-test/target/test-dir/MiniOzoneClusterImpl-a1795259-24d0-4aef-a737-5c87c65197ee/datanode-5/data/ratis/6b2610d4-a0de-46cb-ba07-2b61c082ec69 does not exist. Creating ...
2019-10-10 18:57:37,887 [pool-433-thread-1] INFO  storage.RaftStorageDirectory (RaftStorageDirectory.java:tryLock(328)) - Lock on /workdir/hadoop-ozone/integration-test/target/test-dir/MiniOzoneClusterImpl-a1795259-24d0-4aef-a737-5c87c65197ee/datanode-5/data/ratis/6b2610d4-a0de-46cb-ba07-2b61c082ec69/in_use.lock acquired by nodename 23760@pr-hdds-2194-9vxpc-1955504311
2019-10-10 18:57:37,900 [pool-433-thread-1] INFO  storage.RaftStorage (RaftStorage.java:format(84)) - Storage directory /workdir/hadoop-ozone/integration-test/target/test-dir/MiniOzoneClusterImpl-a1795259-24d0-4aef-a737-5c87c65197ee/datanode-5/data/ratis/6b2610d4-a0de-46cb-ba07-2b61c082ec69 has been successfully formatted.
2019-10-10 18:57:37,900 [pool-433-thread-1] INFO  ratis.ContainerStateMachine (ContainerStateMachine.java:loadSnapshot(231)) - group-2B61C082EC69: The snapshot info is null. Setting the last applied indexto:(t:0, i:~)
2019-10-10 18:57:37,900 [pool-433-thread-1] INFO  server.RaftServerConfigKeys (ConfUtils.java:logGet(43)) - raft.server.notification.no-leader.timeout = 120s (custom)
2019-10-10 18:57:37,901 [pool-433-thread-1] INFO  server.RaftServerConfigKeys (ConfUtils.java:logGet(43)) - raft.server.log.use.memory = false (default)
2019-10-10 18:57:37,901 [pool-433-thread-1] INFO  server.RaftServerConfigKeys (ConfUtils.java:logGet(43)) - raft.server.log.purge.gap = 1000000 (custom)
2019-10-10 18:57:37,901 [pool-433-thread-1] INFO  server.RaftServerConfigKeys (ConfUtils.java:logGet(43)) - raft.server.log.appender.buffer.byte-limit = 33554432 (custom)
2019-10-10 18:57:37,901 [pool-433-thread-1] INFO  server.RaftServerConfigKeys (ConfUtils.java:logGet(43)) - raft.server.log.segment.size.max = 1048576 (custom)
2019-10-10 18:57:37,903 [pool-433-thread-1] INFO  server.RaftServerConfigKeys (ConfUtils.java:logGet(43)) - raft.server.log.segment.cache.num.max = 2 (custom)
2019-10-10 18:57:37,903 [pool-433-thread-1] INFO  segmented.SegmentedRaftLogWorker (SegmentedRaftLogWorker.java:<init>(173)) - new 2c850ad2-3c80-494d-b8a3-74731983b04b@group-2B61C082EC69-SegmentedRaftLogWorker for RaftStorage:Storage Directory /workdir/hadoop-ozone/integration-test/target/test-dir/MiniOzoneClusterImpl-a1795259-24d0-4aef-a737-5c87c65197ee/datanode-5/data/ratis/6b2610d4-a0de-46cb-ba07-2b61c082ec69
2019-10-10 18:57:37,903 [pool-433-thread-1] INFO  server.RaftServerConfigKeys (ConfUtils.java:logGet(43)) - raft.server.log.queue.byte-limit = 2147483647 (custom)
2019-10-10 18:57:37,903 [pool-433-thread-1] INFO  server.RaftServerConfigKeys (ConfUtils.java:logGet(43)) - raft.server.log.queue.element-limit = 1024 (custom)
2019-10-10 18:57:37,903 [pool-433-thread-1] INFO  server.RaftServerConfigKeys (ConfUtils.java:logGet(43)) - raft.server.log.segment.size.max = 1048576 (custom)
2019-10-10 18:57:37,904 [pool-433-thread-1] INFO  server.RaftServerConfigKeys (ConfUtils.java:logGet(43)) - raft.server.log.preallocated.size = 16384 (custom)
2019-10-10 18:57:37,904 [pool-433-thread-1] INFO  server.RaftServerConfigKeys (ConfUtils.java:logGet(43)) - raft.server.log.write.buffer.size = 33554432 (custom)
2019-10-10 18:57:37,904 [pool-433-thread-1] INFO  server.RaftServerConfigKeys (ConfUtils.java:logGet(43)) - raft.server.log.force.sync.num = 128 (default)
2019-10-10 18:57:37,904 [pool-433-thread-1] INFO  server.RaftServerConfigKeys (ConfUtils.java:logGet(43)) - raft.server.log.statemachine.data.sync = true (default)
2019-10-10 18:57:37,904 [pool-433-thread-1] INFO  server.RaftServerConfigKeys (ConfUtils.java:logGet(43)) - raft.server.log.statemachine.data.sync.timeout = 10s (default)
2019-10-10 18:57:37,904 [pool-433-thread-1] INFO  server.RaftServerConfigKeys (ConfUtils.java:logGet(43)) - raft.server.log.statemachine.data.sync.timeout.retry = -1 (default)
2019-10-10 18:57:37,905 [pool-433-thread-1] INFO  server.RaftServerConfigKeys (ConfUtils.java:logGet(43)) - raft.server.log.statemachine.data.caching.enabled = true (custom)
2019-10-10 18:57:37,905 [pool-433-thread-1] INFO  segmented.SegmentedRaftLogWorker (SegmentedRaftLogWorker.java:lambda$new$0(128)) - 2c850ad2-3c80-494d-b8a3-74731983b04b@group-2B61C082EC69-SegmentedRaftLogWorker: flushIndex: setUnconditionally 0 -> -1
2019-10-10 18:57:37,905 [pool-433-thread-1] INFO  server.RaftServerConfigKeys (ConfUtils.java:logGet(43)) - raft.server.snapshot.auto.trigger.enabled = true (custom)
2019-10-10 18:57:37,906 [pool-433-thread-1] INFO  server.RaftServerConfigKeys (ConfUtils.java:logGet(43)) - raft.server.snapshot.auto.trigger.threshold = 10000 (custom)
2019-10-10 18:57:37,906 [pool-433-thread-1] INFO  server.RaftServerConfigKeys (ConfUtils.java:logGet(43)) - raft.server.snapshot.retention.file.num = 5 (custom)
2019-10-10 18:57:37,906 [pool-433-thread-1] INFO  server.RaftServerConfigKeys (ConfUtils.java:logGet(43)) - raft.server.retrycache.expirytime = 600000ms (custom)
2019-10-10 18:57:37,908 [pool-433-thread-1] INFO  impl.RaftServerImpl (RaftServerImpl.java:start(181)) - 2c850ad2-3c80-494d-b8a3-74731983b04b@group-2B61C082EC69: start as a follower, conf=-1: [2c850ad2-3c80-494d-b8a3-74731983b04b:192.168.5.175:35527], old=null
2019-10-10 18:57:37,908 [pool-433-thread-1] INFO  impl.RaftServerImpl (RaftServerImpl.java:setRole(170)) - 2c850ad2-3c80-494d-b8a3-74731983b04b@group-2B61C082EC69: changes role from      null to FOLLOWER at term 0 for startAsFollower
2019-10-10 18:57:37,908 [pool-433-thread-1] INFO  impl.RoleInfo (RoleInfo.java:updateAndGet(143)) - 2c850ad2-3c80-494d-b8a3-74731983b04b: start FollowerState
2019-10-10 18:57:37,908 [pool-433-thread-1] INFO  util.JmxRegister (JmxRegister.java:tryRegister(44)) - Successfully registered JMX Bean with object name Ratis:service=RaftServer,group=group-2B61C082EC69,id=2c850ad2-3c80-494d-b8a3-74731983b04b
2019-10-10 18:57:37,918 [RatisPipelineUtilsThread] INFO  pipeline.PipelineStateManager (PipelineStateManager.java:addPipeline(56)) - Created pipeline Pipeline[ Id: 6b2610d4-a0de-46cb-ba07-2b61c082ec69, Nodes: 2c850ad2-3c80-494d-b8a3-74731983b04b{ip: 192.168.5.175, host: pr-hdds-2194-9vxpc-1955504311, networkLocation: /default-rack, certSerialId: null}, Type:RATIS, Factor:ONE, State:OPEN]
2019-10-10 18:57:37,939 [grpc-default-executor-8] INFO  impl.RaftServerProxy (RaftServerProxy.java:addNew(89)) - 4d15a676-2e55-4ffc-9d84-56193ea1e648: addNew group-AA5086519D57:[4d15a676-2e55-4ffc-9d84-56193ea1e648:192.168.5.175:43520, 2c850ad2-3c80-494d-b8a3-74731983b04b:192.168.5.175:35527, 96039e4c-b643-44e2-8bb7-eb5cb505a59e:192.168.5.175:43054] returns group-AA5086519D57:java.util.concurrent.CompletableFuture@2f7fe44a[Not completed]
2019-10-10 18:57:37,939 [grpc-default-executor-3] INFO  impl.RaftServerProxy (RaftServerProxy.java:addNew(89)) - 2c850ad2-3c80-494d-b8a3-74731983b04b: addNew group-AA5086519D57:[4d15a676-2e55-4ffc-9d84-56193ea1e648:192.168.5.175:43520, 2c850ad2-3c80-494d-b8a3-74731983b04b:192.168.5.175:35527, 96039e4c-b643-44e2-8bb7-eb5cb505a59e:192.168.5.175:43054] returns group-AA5086519D57:java.util.concurrent.CompletableFuture@aab6d3d[Not completed]
2019-10-10 18:57:37,939 [grpc-default-executor-1] INFO  impl.RaftServerProxy (RaftServerProxy.java:addNew(89)) - 96039e4c-b643-44e2-8bb7-eb5cb505a59e: addNew group-AA5086519D57:[4d15a676-2e55-4ffc-9d84-56193ea1e648:192.168.5.175:43520, 2c850ad2-3c80-494d-b8a3-74731983b04b:192.168.5.175:35527, 96039e4c-b643-44e2-8bb7-eb5cb505a59e:192.168.5.175:43054] returns group-AA5086519D57:java.util.concurrent.CompletableFuture@50999549[Not completed]
2019-10-10 18:57:37,941 [pool-413-thread-1] INFO  impl.RaftServerImpl (RaftServerImpl.java:<init>(95)) - 96039e4c-b643-44e2-8bb7-eb5cb505a59e: new RaftServerImpl for group-AA5086519D57:[4d15a676-2e55-4ffc-9d84-56193ea1e648:192.168.5.175:43520, 2c850ad2-3c80-494d-b8a3-74731983b04b:192.168.5.175:35527, 96039e4c-b643-44e2-8bb7-eb5cb505a59e:192.168.5.175:43054] with ContainerStateMachine:uninitialized
2019-10-10 18:57:37,941 [pool-413-thread-1] INFO  server.RaftServerConfigKeys (ConfUtils.java:logGet(43)) - raft.server.rpc.timeout.min = 5s (custom)
2019-10-10 18:57:37,941 [pool-413-thread-1] INFO  server.RaftServerConfigKeys (ConfUtils.java:logGet(43)) - raft.server.rpc.timeout.max = 5200ms (custom)
2019-10-10 18:57:37,941 [pool-413-thread-1] INFO  server.RaftServerConfigKeys (ConfUtils.java:logGet(43)) - raft.server.rpcslowness.timeout = 120s (custom)
2019-10-10 18:57:37,941 [pool-413-thread-1] INFO  server.RaftServerConfigKeys (ConfUtils.java:logGet(43)) - raft.server.sleep.deviation.threshold = 300 (default)
2019-10-10 18:57:37,941 [pool-413-thread-1] INFO  server.RaftServerConfigKeys (ConfUtils.java:logGet(43)) - raft.server.log.appender.install.snapshot.enabled = false (custom)
2019-10-10 18:57:37,941 [pool-423-thread-1] INFO  impl.RaftServerImpl (RaftServerImpl.java:<init>(95)) - 4d15a676-2e55-4ffc-9d84-56193ea1e648: new RaftServerImpl for group-AA5086519D57:[4d15a676-2e55-4ffc-9d84-56193ea1e648:192.168.5.175:43520, 2c850ad2-3c80-494d-b8a3-74731983b04b:192.168.5.175:35527, 96039e4c-b643-44e2-8bb7-eb5cb505a59e:192.168.5.175:43054] with ContainerStateMachine:uninitialized
2019-10-10 18:57:37,941 [pool-413-thread-1] INFO  impl.RaftServerImpl (ServerState.java:<init>(103)) - 96039e4c-b643-44e2-8bb7-eb5cb505a59e@group-AA5086519D57: ConfigurationManager, init=-1: [4d15a676-2e55-4ffc-9d84-56193ea1e648:192.168.5.175:43520, 2c850ad2-3c80-494d-b8a3-74731983b04b:192.168.5.175:35527, 96039e4c-b643-44e2-8bb7-eb5cb505a59e:192.168.5.175:43054], old=null, confs=<EMPTY_MAP>
2019-10-10 18:57:37,941 [pool-423-thread-1] INFO  server.RaftServerConfigKeys (ConfUtils.java:logGet(43)) - raft.server.rpc.timeout.min = 5s (custom)
2019-10-10 18:57:37,942 [pool-413-thread-1] INFO  server.RaftServerConfigKeys (ConfUtils.java:logGet(43)) - raft.server.storage.dir = [/workdir/hadoop-ozone/integration-test/target/test-dir/MiniOzoneClusterImpl-a1795259-24d0-4aef-a737-5c87c65197ee/datanode-3/data/ratis] (custom)
2019-10-10 18:57:37,942 [pool-423-thread-1] INFO  server.RaftServerConfigKeys (ConfUtils.java:logGet(43)) - raft.server.rpc.timeout.max = 5200ms (custom)
2019-10-10 18:57:37,942 [pool-413-thread-1] INFO  server.RaftServerConfigKeys (ConfUtils.java:logGet(43)) - raft.server.log.corruption.policy = EXCEPTION (default)
2019-10-10 18:57:37,942 [IPC Server handler 4 on 33521] INFO  net.NetworkTopology (NetworkTopologyImpl.java:add(111)) - Added a new node: /default-rack/f798c517-30f8-4ccb-868e-644ee6f0fea2
2019-10-10 18:57:37,942 [pool-423-thread-1] INFO  server.RaftServerConfigKeys (ConfUtils.java:logGet(43)) - raft.server.rpcslowness.timeout = 120s (custom)
2019-10-10 18:57:37,942 [IPC Server handler 4 on 33521] INFO  node.SCMNodeManager (SCMNodeManager.java:register(268)) - Registered Data node : f798c517-30f8-4ccb-868e-644ee6f0fea2{ip: 192.168.5.175, host: pr-hdds-2194-9vxpc-1955504311, networkLocation: /default-rack, certSerialId: null}
2019-10-10 18:57:37,942 [pool-413-thread-1] INFO  storage.RaftStorageDirectory (RaftStorageDirectory.java:analyzeStorage(246)) - The storage directory /workdir/hadoop-ozone/integration-test/target/test-dir/MiniOzoneClusterImpl-a1795259-24d0-4aef-a737-5c87c65197ee/datanode-3/data/ratis/d7d55629-5931-45cd-b76a-aa5086519d57 does not exist. Creating ...
2019-10-10 18:57:37,942 [pool-433-thread-1] INFO  impl.RaftServerImpl (RaftServerImpl.java:<init>(95)) - 2c850ad2-3c80-494d-b8a3-74731983b04b: new RaftServerImpl for group-AA5086519D57:[4d15a676-2e55-4ffc-9d84-56193ea1e648:192.168.5.175:43520, 2c850ad2-3c80-494d-b8a3-74731983b04b:192.168.5.175:35527, 96039e4c-b643-44e2-8bb7-eb5cb505a59e:192.168.5.175:43054] with ContainerStateMachine:uninitialized
2019-10-10 18:57:37,942 [pool-423-thread-1] INFO  server.RaftServerConfigKeys (ConfUtils.java:logGet(43)) - raft.server.sleep.deviation.threshold = 300 (default)
2019-10-10 18:57:37,943 [pool-433-thread-1] INFO  server.RaftServerConfigKeys (ConfUtils.java:logGet(43)) - raft.server.rpc.timeout.min = 5s (custom)
2019-10-10 18:57:37,943 [pool-423-thread-1] INFO  server.RaftServerConfigKeys (ConfUtils.java:logGet(43)) - raft.server.log.appender.install.snapshot.enabled = false (custom)
2019-10-10 18:57:37,943 [pool-433-thread-1] INFO  server.RaftServerConfigKeys (ConfUtils.java:logGet(43)) - raft.server.rpc.timeout.max = 5200ms (custom)
2019-10-10 18:57:37,943 [pool-423-thread-1] INFO  impl.RaftServerImpl (ServerState.java:<init>(103)) - 4d15a676-2e55-4ffc-9d84-56193ea1e648@group-AA5086519D57: ConfigurationManager, init=-1: [4d15a676-2e55-4ffc-9d84-56193ea1e648:192.168.5.175:43520, 2c850ad2-3c80-494d-b8a3-74731983b04b:192.168.5.175:35527, 96039e4c-b643-44e2-8bb7-eb5cb505a59e:192.168.5.175:43054], old=null, confs=<EMPTY_MAP>
2019-10-10 18:57:37,943 [pool-433-thread-1] INFO  server.RaftServerConfigKeys (ConfUtils.java:logGet(43)) - raft.server.rpcslowness.timeout = 120s (custom)
2019-10-10 18:57:37,944 [pool-423-thread-1] INFO  server.RaftServerConfigKeys (ConfUtils.java:logGet(43)) - raft.server.storage.dir = [/workdir/hadoop-ozone/integration-test/target/test-dir/MiniOzoneClusterImpl-a1795259-24d0-4aef-a737-5c87c65197ee/datanode-4/data/ratis] (custom)
2019-10-10 18:57:37,944 [pool-433-thread-1] INFO  server.RaftServerConfigKeys (ConfUtils.java:logGet(43)) - raft.server.sleep.deviation.threshold = 300 (default)
2019-10-10 18:57:37,944 [pool-433-thread-1] INFO  server.RaftServerConfigKeys (ConfUtils.java:logGet(43)) - raft.server.log.appender.install.snapshot.enabled = false (custom)
2019-10-10 18:57:37,944 [pool-423-thread-1] INFO  server.RaftServerConfigKeys (ConfUtils.java:logGet(43)) - raft.server.log.corruption.policy = EXCEPTION (default)
2019-10-10 18:57:37,944 [pool-433-thread-1] INFO  impl.RaftServerImpl (ServerState.java:<init>(103)) - 2c850ad2-3c80-494d-b8a3-74731983b04b@group-AA5086519D57: ConfigurationManager, init=-1: [4d15a676-2e55-4ffc-9d84-56193ea1e648:192.168.5.175:43520, 2c850ad2-3c80-494d-b8a3-74731983b04b:192.168.5.175:35527, 96039e4c-b643-44e2-8bb7-eb5cb505a59e:192.168.5.175:43054], old=null, confs=<EMPTY_MAP>
2019-10-10 18:57:37,944 [pool-423-thread-1] INFO  storage.RaftStorageDirectory (RaftStorageDirectory.java:analyzeStorage(246)) - The storage directory /workdir/hadoop-ozone/integration-test/target/test-dir/MiniOzoneClusterImpl-a1795259-24d0-4aef-a737-5c87c65197ee/datanode-4/data/ratis/d7d55629-5931-45cd-b76a-aa5086519d57 does not exist. Creating ...
2019-10-10 18:57:37,944 [pool-433-thread-1] INFO  server.RaftServerConfigKeys (ConfUtils.java:logGet(43)) - raft.server.storage.dir = [/workdir/hadoop-ozone/integration-test/target/test-dir/MiniOzoneClusterImpl-a1795259-24d0-4aef-a737-5c87c65197ee/datanode-5/data/ratis] (custom)
2019-10-10 18:57:37,945 [pool-433-thread-1] INFO  server.RaftServerConfigKeys (ConfUtils.java:logGet(43)) - raft.server.log.corruption.policy = EXCEPTION (default)
2019-10-10 18:57:37,945 [pool-433-thread-1] INFO  storage.RaftStorageDirectory (RaftStorageDirectory.java:analyzeStorage(246)) - The storage directory /workdir/hadoop-ozone/integration-test/target/test-dir/MiniOzoneClusterImpl-a1795259-24d0-4aef-a737-5c87c65197ee/datanode-5/data/ratis/d7d55629-5931-45cd-b76a-aa5086519d57 does not exist. Creating ...
2019-10-10 18:57:37,951 [main] INFO  ozone.MiniOzoneClusterImpl (MiniOzoneClusterImpl.java:lambda$waitForClusterToBeReady$0(147)) - Cluster is ready. Got 7 of 7 DN Heartbeats.
2019-10-10 18:57:37,957 [pool-423-thread-1] INFO  storage.RaftStorageDirectory (RaftStorageDirectory.java:tryLock(328)) - Lock on /workdir/hadoop-ozone/integration-test/target/test-dir/MiniOzoneClusterImpl-a1795259-24d0-4aef-a737-5c87c65197ee/datanode-4/data/ratis/d7d55629-5931-45cd-b76a-aa5086519d57/in_use.lock acquired by nodename 23760@pr-hdds-2194-9vxpc-1955504311
2019-10-10 18:57:37,960 [pool-413-thread-1] INFO  storage.RaftStorageDirectory (RaftStorageDirectory.java:tryLock(328)) - Lock on /workdir/hadoop-ozone/integration-test/target/test-dir/MiniOzoneClusterImpl-a1795259-24d0-4aef-a737-5c87c65197ee/datanode-3/data/ratis/d7d55629-5931-45cd-b76a-aa5086519d57/in_use.lock acquired by nodename 23760@pr-hdds-2194-9vxpc-1955504311
2019-10-10 18:57:37,960 [pool-433-thread-1] INFO  storage.RaftStorageDirectory (RaftStorageDirectory.java:tryLock(328)) - Lock on /workdir/hadoop-ozone/integration-test/target/test-dir/MiniOzoneClusterImpl-a1795259-24d0-4aef-a737-5c87c65197ee/datanode-5/data/ratis/d7d55629-5931-45cd-b76a-aa5086519d57/in_use.lock acquired by nodename 23760@pr-hdds-2194-9vxpc-1955504311
2019-10-10 18:57:37,984 [pool-423-thread-1] INFO  storage.RaftStorage (RaftStorage.java:format(84)) - Storage directory /workdir/hadoop-ozone/integration-test/target/test-dir/MiniOzoneClusterImpl-a1795259-24d0-4aef-a737-5c87c65197ee/datanode-4/data/ratis/d7d55629-5931-45cd-b76a-aa5086519d57 has been successfully formatted.
2019-10-10 18:57:37,992 [pool-433-thread-1] INFO  storage.RaftStorage (RaftStorage.java:format(84)) - Storage directory /workdir/hadoop-ozone/integration-test/target/test-dir/MiniOzoneClusterImpl-a1795259-24d0-4aef-a737-5c87c65197ee/datanode-5/data/ratis/d7d55629-5931-45cd-b76a-aa5086519d57 has been successfully formatted.
2019-10-10 18:57:37,992 [pool-423-thread-1] INFO  ratis.ContainerStateMachine (ContainerStateMachine.java:loadSnapshot(231)) - group-AA5086519D57: The snapshot info is null. Setting the last applied indexto:(t:0, i:~)
2019-10-10 18:57:37,992 [pool-413-thread-1] INFO  storage.RaftStorage (RaftStorage.java:format(84)) - Storage directory /workdir/hadoop-ozone/integration-test/target/test-dir/MiniOzoneClusterImpl-a1795259-24d0-4aef-a737-5c87c65197ee/datanode-3/data/ratis/d7d55629-5931-45cd-b76a-aa5086519d57 has been successfully formatted.
2019-10-10 18:57:37,992 [pool-423-thread-1] INFO  server.RaftServerConfigKeys (ConfUtils.java:logGet(43)) - raft.server.notification.no-leader.timeout = 120s (custom)
2019-10-10 18:57:37,992 [pool-413-thread-1] INFO  ratis.ContainerStateMachine (ContainerStateMachine.java:loadSnapshot(231)) - group-AA5086519D57: The snapshot info is null. Setting the last applied indexto:(t:0, i:~)
2019-10-10 18:57:37,992 [pool-433-thread-1] INFO  ratis.ContainerStateMachine (ContainerStateMachine.java:loadSnapshot(231)) - group-AA5086519D57: The snapshot info is null. Setting the last applied indexto:(t:0, i:~)
2019-10-10 18:57:37,992 [pool-413-thread-1] INFO  server.RaftServerConfigKeys (ConfUtils.java:logGet(43)) - raft.server.notification.no-leader.timeout = 120s (custom)
2019-10-10 18:57:37,992 [pool-423-thread-1] INFO  server.RaftServerConfigKeys (ConfUtils.java:logGet(43)) - raft.server.log.use.memory = false (default)
2019-10-10 18:57:37,993 [pool-413-thread-1] INFO  server.RaftServerConfigKeys (ConfUtils.java:logGet(43)) - raft.server.log.use.memory = false (default)
2019-10-10 18:57:37,993 [pool-433-thread-1] INFO  server.RaftServerConfigKeys (ConfUtils.java:logGet(43)) - raft.server.notification.no-leader.timeout = 120s (custom)
2019-10-10 18:57:37,998 [pool-413-thread-1] INFO  server.RaftServerConfigKeys (ConfUtils.java:logGet(43)) - raft.server.log.purge.gap = 1000000 (custom)
2019-10-10 18:57:37,998 [pool-423-thread-1] INFO  server.RaftServerConfigKeys (ConfUtils.java:logGet(43)) - raft.server.log.purge.gap = 1000000 (custom)
2019-10-10 18:57:37,999 [pool-413-thread-1] INFO  server.RaftServerConfigKeys (ConfUtils.java:logGet(43)) - raft.server.log.appender.buffer.byte-limit = 33554432 (custom)
2019-10-10 18:57:37,998 [pool-433-thread-1] INFO  server.RaftServerConfigKeys (ConfUtils.java:logGet(43)) - raft.server.log.use.memory = false (default)
2019-10-10 18:57:37,999 [pool-413-thread-1] INFO  server.RaftServerConfigKeys (ConfUtils.java:logGet(43)) - raft.server.log.segment.size.max = 1048576 (custom)
2019-10-10 18:57:37,999 [pool-423-thread-1] INFO  server.RaftServerConfigKeys (ConfUtils.java:logGet(43)) - raft.server.log.appender.buffer.byte-limit = 33554432 (custom)
2019-10-10 18:57:37,999 [pool-413-thread-1] INFO  server.RaftServerConfigKeys (ConfUtils.java:logGet(43)) - raft.server.log.segment.cache.num.max = 2 (custom)
2019-10-10 18:57:37,999 [pool-433-thread-1] INFO  server.RaftServerConfigKeys (ConfUtils.java:logGet(43)) - raft.server.log.purge.gap = 1000000 (custom)
2019-10-10 18:57:38,000 [pool-413-thread-1] INFO  segmented.SegmentedRaftLogWorker (SegmentedRaftLogWorker.java:<init>(173)) - new 96039e4c-b643-44e2-8bb7-eb5cb505a59e@group-AA5086519D57-SegmentedRaftLogWorker for RaftStorage:Storage Directory /workdir/hadoop-ozone/integration-test/target/test-dir/MiniOzoneClusterImpl-a1795259-24d0-4aef-a737-5c87c65197ee/datanode-3/data/ratis/d7d55629-5931-45cd-b76a-aa5086519d57
2019-10-10 18:57:37,999 [pool-423-thread-1] INFO  server.RaftServerConfigKeys (ConfUtils.java:logGet(43)) - raft.server.log.segment.size.max = 1048576 (custom)
2019-10-10 18:57:38,000 [pool-413-thread-1] INFO  server.RaftServerConfigKeys (ConfUtils.java:logGet(43)) - raft.server.log.queue.byte-limit = 2147483647 (custom)
2019-10-10 18:57:38,000 [pool-413-thread-1] INFO  server.RaftServerConfigKeys (ConfUtils.java:logGet(43)) - raft.server.log.queue.element-limit = 1024 (custom)
2019-10-10 18:57:38,000 [pool-433-thread-1] INFO  server.RaftServerConfigKeys (ConfUtils.java:logGet(43)) - raft.server.log.appender.buffer.byte-limit = 33554432 (custom)
2019-10-10 18:57:38,000 [pool-413-thread-1] INFO  server.RaftServerConfigKeys (ConfUtils.java:logGet(43)) - raft.server.log.segment.size.max = 1048576 (custom)
2019-10-10 18:57:38,000 [pool-413-thread-1] INFO  server.RaftServerConfigKeys (ConfUtils.java:logGet(43)) - raft.server.log.preallocated.size = 16384 (custom)
2019-10-10 18:57:38,000 [pool-423-thread-1] INFO  server.RaftServerConfigKeys (ConfUtils.java:logGet(43)) - raft.server.log.segment.cache.num.max = 2 (custom)
2019-10-10 18:57:38,001 [pool-413-thread-1] INFO  server.RaftServerConfigKeys (ConfUtils.java:logGet(43)) - raft.server.log.write.buffer.size = 33554432 (custom)
2019-10-10 18:57:38,000 [pool-433-thread-1] INFO  server.RaftServerConfigKeys (ConfUtils.java:logGet(43)) - raft.server.log.segment.size.max = 1048576 (custom)
2019-10-10 18:57:38,001 [pool-413-thread-1] INFO  server.RaftServerConfigKeys (ConfUtils.java:logGet(43)) - raft.server.log.force.sync.num = 128 (default)
2019-10-10 18:57:38,001 [pool-423-thread-1] INFO  segmented.SegmentedRaftLogWorker (SegmentedRaftLogWorker.java:<init>(173)) - new 4d15a676-2e55-4ffc-9d84-56193ea1e648@group-AA5086519D57-SegmentedRaftLogWorker for RaftStorage:Storage Directory /workdir/hadoop-ozone/integration-test/target/test-dir/MiniOzoneClusterImpl-a1795259-24d0-4aef-a737-5c87c65197ee/datanode-4/data/ratis/d7d55629-5931-45cd-b76a-aa5086519d57
2019-10-10 18:57:38,001 [pool-413-thread-1] INFO  server.RaftServerConfigKeys (ConfUtils.java:logGet(43)) - raft.server.log.statemachine.data.sync = true (default)
2019-10-10 18:57:38,001 [pool-433-thread-1] INFO  server.RaftServerConfigKeys (ConfUtils.java:logGet(43)) - raft.server.log.segment.cache.num.max = 2 (custom)
2019-10-10 18:57:38,001 [pool-413-thread-1] INFO  server.RaftServerConfigKeys (ConfUtils.java:logGet(43)) - raft.server.log.statemachine.data.sync.timeout = 10s (default)
2019-10-10 18:57:38,001 [pool-423-thread-1] INFO  server.RaftServerConfigKeys (ConfUtils.java:logGet(43)) - raft.server.log.queue.byte-limit = 2147483647 (custom)
2019-10-10 18:57:38,001 [pool-413-thread-1] INFO  server.RaftServerConfigKeys (ConfUtils.java:logGet(43)) - raft.server.log.statemachine.data.sync.timeout.retry = -1 (default)
2019-10-10 18:57:38,001 [pool-433-thread-1] INFO  segmented.SegmentedRaftLogWorker (SegmentedRaftLogWorker.java:<init>(173)) - new 2c850ad2-3c80-494d-b8a3-74731983b04b@group-AA5086519D57-SegmentedRaftLogWorker for RaftStorage:Storage Directory /workdir/hadoop-ozone/integration-test/target/test-dir/MiniOzoneClusterImpl-a1795259-24d0-4aef-a737-5c87c65197ee/datanode-5/data/ratis/d7d55629-5931-45cd-b76a-aa5086519d57
2019-10-10 18:57:38,004 [pool-413-thread-1] INFO  server.RaftServerConfigKeys (ConfUtils.java:logGet(43)) - raft.server.log.statemachine.data.caching.enabled = true (custom)
2019-10-10 18:57:38,002 [pool-423-thread-1] INFO  server.RaftServerConfigKeys (ConfUtils.java:logGet(43)) - raft.server.log.queue.element-limit = 1024 (custom)
2019-10-10 18:57:38,004 [pool-433-thread-1] INFO  server.RaftServerConfigKeys (ConfUtils.java:logGet(43)) - raft.server.log.queue.byte-limit = 2147483647 (custom)
2019-10-10 18:57:38,009 [pool-423-thread-1] INFO  server.RaftServerConfigKeys (ConfUtils.java:logGet(43)) - raft.server.log.segment.size.max = 1048576 (custom)
2019-10-10 18:57:38,009 [pool-413-thread-1] INFO  segmented.SegmentedRaftLogWorker (SegmentedRaftLogWorker.java:lambda$new$0(128)) - 96039e4c-b643-44e2-8bb7-eb5cb505a59e@group-AA5086519D57-SegmentedRaftLogWorker: flushIndex: setUnconditionally 0 -> -1
2019-10-10 18:57:38,010 [pool-423-thread-1] INFO  server.RaftServerConfigKeys (ConfUtils.java:logGet(43)) - raft.server.log.preallocated.size = 16384 (custom)
2019-10-10 18:57:38,010 [pool-433-thread-1] INFO  server.RaftServerConfigKeys (ConfUtils.java:logGet(43)) - raft.server.log.queue.element-limit = 1024 (custom)
2019-10-10 18:57:38,010 [pool-413-thread-1] INFO  server.RaftServerConfigKeys (ConfUtils.java:logGet(43)) - raft.server.snapshot.auto.trigger.enabled = true (custom)
2019-10-10 18:57:38,010 [pool-423-thread-1] INFO  server.RaftServerConfigKeys (ConfUtils.java:logGet(43)) - raft.server.log.write.buffer.size = 33554432 (custom)
2019-10-10 18:57:38,010 [pool-413-thread-1] INFO  server.RaftServerConfigKeys (ConfUtils.java:logGet(43)) - raft.server.snapshot.auto.trigger.threshold = 10000 (custom)
2019-10-10 18:57:38,010 [pool-433-thread-1] INFO  server.RaftServerConfigKeys (ConfUtils.java:logGet(43)) - raft.server.log.segment.size.max = 1048576 (custom)
2019-10-10 18:57:38,011 [pool-413-thread-1] INFO  server.RaftServerConfigKeys (ConfUtils.java:logGet(43)) - raft.server.snapshot.retention.file.num = 5 (custom)
2019-10-10 18:57:38,011 [pool-423-thread-1] INFO  server.RaftServerConfigKeys (ConfUtils.java:logGet(43)) - raft.server.log.force.sync.num = 128 (default)
2019-10-10 18:57:38,011 [pool-413-thread-1] INFO  server.RaftServerConfigKeys (ConfUtils.java:logGet(43)) - raft.server.retrycache.expirytime = 600000ms (custom)
2019-10-10 18:57:38,011 [main] INFO  rpc.RpcClient (RpcClient.java:createVolume(272)) - Creating Volume: watchforcommithandlingtest, with jenkins1000 as owner.
2019-10-10 18:57:38,011 [pool-433-thread-1] INFO  server.RaftServerConfigKeys (ConfUtils.java:logGet(43)) - raft.server.log.preallocated.size = 16384 (custom)
2019-10-10 18:57:38,012 [pool-433-thread-1] INFO  server.RaftServerConfigKeys (ConfUtils.java:logGet(43)) - raft.server.log.write.buffer.size = 33554432 (custom)
2019-10-10 18:57:38,011 [pool-423-thread-1] INFO  server.RaftServerConfigKeys (ConfUtils.java:logGet(43)) - raft.server.log.statemachine.data.sync = true (default)
2019-10-10 18:57:38,012 [pool-433-thread-1] INFO  server.RaftServerConfigKeys (ConfUtils.java:logGet(43)) - raft.server.log.force.sync.num = 128 (default)
2019-10-10 18:57:38,012 [pool-423-thread-1] INFO  server.RaftServerConfigKeys (ConfUtils.java:logGet(43)) - raft.server.log.statemachine.data.sync.timeout = 10s (default)
2019-10-10 18:57:38,012 [pool-433-thread-1] INFO  server.RaftServerConfigKeys (ConfUtils.java:logGet(43)) - raft.server.log.statemachine.data.sync = true (default)
2019-10-10 18:57:38,012 [pool-423-thread-1] INFO  server.RaftServerConfigKeys (ConfUtils.java:logGet(43)) - raft.server.log.statemachine.data.sync.timeout.retry = -1 (default)
2019-10-10 18:57:38,012 [pool-433-thread-1] INFO  server.RaftServerConfigKeys (ConfUtils.java:logGet(43)) - raft.server.log.statemachine.data.sync.timeout = 10s (default)
2019-10-10 18:57:38,013 [pool-423-thread-1] INFO  server.RaftServerConfigKeys (ConfUtils.java:logGet(43)) - raft.server.log.statemachine.data.caching.enabled = true (custom)
2019-10-10 18:57:38,013 [pool-433-thread-1] INFO  server.RaftServerConfigKeys (ConfUtils.java:logGet(43)) - raft.server.log.statemachine.data.sync.timeout.retry = -1 (default)
2019-10-10 18:57:38,013 [pool-423-thread-1] INFO  segmented.SegmentedRaftLogWorker (SegmentedRaftLogWorker.java:lambda$new$0(128)) - 4d15a676-2e55-4ffc-9d84-56193ea1e648@group-AA5086519D57-SegmentedRaftLogWorker: flushIndex: setUnconditionally 0 -> -1
2019-10-10 18:57:38,013 [pool-433-thread-1] INFO  server.RaftServerConfigKeys (ConfUtils.java:logGet(43)) - raft.server.log.statemachine.data.caching.enabled = true (custom)
2019-10-10 18:57:38,013 [pool-413-thread-1] INFO  impl.RaftServerImpl (RaftServerImpl.java:start(181)) - 96039e4c-b643-44e2-8bb7-eb5cb505a59e@group-AA5086519D57: start as a follower, conf=-1: [4d15a676-2e55-4ffc-9d84-56193ea1e648:192.168.5.175:43520, 2c850ad2-3c80-494d-b8a3-74731983b04b:192.168.5.175:35527, 96039e4c-b643-44e2-8bb7-eb5cb505a59e:192.168.5.175:43054], old=null
2019-10-10 18:57:38,013 [pool-423-thread-1] INFO  server.RaftServerConfigKeys (ConfUtils.java:logGet(43)) - raft.server.snapshot.auto.trigger.enabled = true (custom)
2019-10-10 18:57:38,013 [pool-433-thread-1] INFO  segmented.SegmentedRaftLogWorker (SegmentedRaftLogWorker.java:lambda$new$0(128)) - 2c850ad2-3c80-494d-b8a3-74731983b04b@group-AA5086519D57-SegmentedRaftLogWorker: flushIndex: setUnconditionally 0 -> -1
2019-10-10 18:57:38,013 [pool-413-thread-1] INFO  impl.RaftServerImpl (RaftServerImpl.java:setRole(170)) - 96039e4c-b643-44e2-8bb7-eb5cb505a59e@group-AA5086519D57: changes role from      null to FOLLOWER at term 0 for startAsFollower
2019-10-10 18:57:38,013 [pool-423-thread-1] INFO  server.RaftServerConfigKeys (ConfUtils.java:logGet(43)) - raft.server.snapshot.auto.trigger.threshold = 10000 (custom)
2019-10-10 18:57:38,014 [pool-413-thread-1] INFO  impl.RoleInfo (RoleInfo.java:updateAndGet(143)) - 96039e4c-b643-44e2-8bb7-eb5cb505a59e: start FollowerState
2019-10-10 18:57:38,014 [pool-423-thread-1] INFO  server.RaftServerConfigKeys (ConfUtils.java:logGet(43)) - raft.server.snapshot.retention.file.num = 5 (custom)
2019-10-10 18:57:38,014 [pool-433-thread-1] INFO  server.RaftServerConfigKeys (ConfUtils.java:logGet(43)) - raft.server.snapshot.auto.trigger.enabled = true (custom)
2019-10-10 18:57:38,014 [pool-413-thread-1] INFO  util.JmxRegister (JmxRegister.java:tryRegister(44)) - Successfully registered JMX Bean with object name Ratis:service=RaftServer,group=group-AA5086519D57,id=96039e4c-b643-44e2-8bb7-eb5cb505a59e
2019-10-10 18:57:38,014 [pool-423-thread-1] INFO  server.RaftServerConfigKeys (ConfUtils.java:logGet(43)) - raft.server.retrycache.expirytime = 600000ms (custom)
2019-10-10 18:57:38,014 [pool-433-thread-1] INFO  server.RaftServerConfigKeys (ConfUtils.java:logGet(43)) - raft.server.snapshot.auto.trigger.threshold = 10000 (custom)
2019-10-10 18:57:38,015 [pool-433-thread-1] INFO  server.RaftServerConfigKeys (ConfUtils.java:logGet(43)) - raft.server.snapshot.retention.file.num = 5 (custom)
2019-10-10 18:57:38,015 [IPC Server handler 3 on 33008] INFO  volume.OMVolumeCreateRequest (OMVolumeCreateRequest.java:validateAndUpdateCache(193)) - created volume:watchforcommithandlingtest for user:jenkins1000
2019-10-10 18:57:38,015 [pool-433-thread-1] INFO  server.RaftServerConfigKeys (ConfUtils.java:logGet(43)) - raft.server.retrycache.expirytime = 600000ms (custom)
2019-10-10 18:57:38,018 [pool-423-thread-1] INFO  impl.RaftServerImpl (RaftServerImpl.java:start(181)) - 4d15a676-2e55-4ffc-9d84-56193ea1e648@group-AA5086519D57: start as a follower, conf=-1: [4d15a676-2e55-4ffc-9d84-56193ea1e648:192.168.5.175:43520, 2c850ad2-3c80-494d-b8a3-74731983b04b:192.168.5.175:35527, 96039e4c-b643-44e2-8bb7-eb5cb505a59e:192.168.5.175:43054], old=null
2019-10-10 18:57:38,018 [pool-423-thread-1] INFO  impl.RaftServerImpl (RaftServerImpl.java:setRole(170)) - 4d15a676-2e55-4ffc-9d84-56193ea1e648@group-AA5086519D57: changes role from      null to FOLLOWER at term 0 for startAsFollower
2019-10-10 18:57:38,018 [pool-423-thread-1] INFO  impl.RoleInfo (RoleInfo.java:updateAndGet(143)) - 4d15a676-2e55-4ffc-9d84-56193ea1e648: start FollowerState
2019-10-10 18:57:38,021 [pool-423-thread-1] INFO  util.JmxRegister (JmxRegister.java:tryRegister(44)) - Successfully registered JMX Bean with object name Ratis:service=RaftServer,group=group-AA5086519D57,id=4d15a676-2e55-4ffc-9d84-56193ea1e648
2019-10-10 18:57:38,021 [pool-433-thread-1] INFO  impl.RaftServerImpl (RaftServerImpl.java:start(181)) - 2c850ad2-3c80-494d-b8a3-74731983b04b@group-AA5086519D57: start as a follower, conf=-1: [4d15a676-2e55-4ffc-9d84-56193ea1e648:192.168.5.175:43520, 2c850ad2-3c80-494d-b8a3-74731983b04b:192.168.5.175:35527, 96039e4c-b643-44e2-8bb7-eb5cb505a59e:192.168.5.175:43054], old=null
2019-10-10 18:57:38,022 [pool-433-thread-1] INFO  impl.RaftServerImpl (RaftServerImpl.java:setRole(170)) - 2c850ad2-3c80-494d-b8a3-74731983b04b@group-AA5086519D57: changes role from      null to FOLLOWER at term 0 for startAsFollower
2019-10-10 18:57:38,022 [pool-433-thread-1] INFO  impl.RoleInfo (RoleInfo.java:updateAndGet(143)) - 2c850ad2-3c80-494d-b8a3-74731983b04b: start FollowerState
2019-10-10 18:57:38,022 [pool-433-thread-1] INFO  util.JmxRegister (JmxRegister.java:tryRegister(44)) - Successfully registered JMX Bean with object name Ratis:service=RaftServer,group=group-AA5086519D57,id=2c850ad2-3c80-494d-b8a3-74731983b04b
2019-10-10 18:57:38,039 [main] INFO  rpc.RpcClient (RpcClient.java:createBucket(411)) - Creating Bucket: watchforcommithandlingtest/watchforcommithandlingtest, with Versioning false and Storage Type set to DISK and Encryption set to false 
2019-10-10 18:57:38,047 [main] INFO  ozone.MiniOzoneClusterImpl (MiniOzoneClusterImpl.java:getStorageContainerLocationClient(234)) - Creating StorageContainerLocationProtocol RPC client with address /0.0.0.0:35940
2019-10-10 18:57:38,047 [RatisPipelineUtilsThread] INFO  pipeline.PipelineStateManager (PipelineStateManager.java:addPipeline(56)) - Created pipeline Pipeline[ Id: d7d55629-5931-45cd-b76a-aa5086519d57, Nodes: 2c850ad2-3c80-494d-b8a3-74731983b04b{ip: 192.168.5.175, host: pr-hdds-2194-9vxpc-1955504311, networkLocation: /default-rack, certSerialId: null}96039e4c-b643-44e2-8bb7-eb5cb505a59e{ip: 192.168.5.175, host: pr-hdds-2194-9vxpc-1955504311, networkLocation: /default-rack, certSerialId: null}4d15a676-2e55-4ffc-9d84-56193ea1e648{ip: 192.168.5.175, host: pr-hdds-2194-9vxpc-1955504311, networkLocation: /default-rack, certSerialId: null}, Type:RATIS, Factor:THREE, State:OPEN]
2019-10-10 18:57:38,993 [grpc-default-executor-8] WARN  server.GrpcLogAppender (LogUtils.java:warn(134)) - 12a9a7aa-6562-40ed-85de-9a2aa2bb6d39@group-B0BE3D968BF3->75b5220e-e7c8-4312-8c4b-73d9cd51c490-AppendLogResponseHandler: Failed appendEntries: org.apache.ratis.thirdparty.io.grpc.StatusRuntimeException: UNAVAILABLE: io exception
2019-10-10 18:57:38,993 [grpc-default-executor-8] INFO  impl.FollowerInfo (FollowerInfo.java:lambda$new$0(51)) - 12a9a7aa-6562-40ed-85de-9a2aa2bb6d39@group-B0BE3D968BF3->75b5220e-e7c8-4312-8c4b-73d9cd51c490: nextIndex: updateUnconditionally 0 -> 0
2019-10-10 18:57:39,044 [grpc-default-executor-8] WARN  server.GrpcLogAppender (LogUtils.java:warn(134)) - 12a9a7aa-6562-40ed-85de-9a2aa2bb6d39@group-B0BE3D968BF3->eeda6462-8660-4cf3-b39a-3e2831ed42ce-AppendLogResponseHandler: Failed appendEntries: org.apache.ratis.thirdparty.io.grpc.StatusRuntimeException: UNAVAILABLE: io exception
2019-10-10 18:57:39,045 [grpc-default-executor-8] INFO  impl.FollowerInfo (FollowerInfo.java:lambda$new$0(51)) - 12a9a7aa-6562-40ed-85de-9a2aa2bb6d39@group-B0BE3D968BF3->eeda6462-8660-4cf3-b39a-3e2831ed42ce: nextIndex: updateUnconditionally 0 -> 0
2019-10-10 18:57:40,369 [Thread-2334] INFO  container.ReplicationManager (ReplicationManager.java:start(162)) - Starting Replication Monitor Thread.
2019-10-10 18:57:40,380 [ReplicationMonitor] INFO  container.ReplicationManager (ReplicationManager.java:run(225)) - Replication Monitor Thread took 0 milliseconds for processing 1 containers.
2019-10-10 18:57:41,493 [grpc-default-executor-3] WARN  server.GrpcLogAppender (LogUtils.java:warn(134)) - 12a9a7aa-6562-40ed-85de-9a2aa2bb6d39@group-B0BE3D968BF3->75b5220e-e7c8-4312-8c4b-73d9cd51c490-AppendLogResponseHandler: Failed appendEntries: org.apache.ratis.thirdparty.io.grpc.StatusRuntimeException: UNAVAILABLE: io exception
2019-10-10 18:57:41,494 [grpc-default-executor-3] INFO  impl.FollowerInfo (FollowerInfo.java:lambda$new$0(51)) - 12a9a7aa-6562-40ed-85de-9a2aa2bb6d39@group-B0BE3D968BF3->75b5220e-e7c8-4312-8c4b-73d9cd51c490: nextIndex: updateUnconditionally 0 -> 0
2019-10-10 18:57:41,545 [grpc-default-executor-8] WARN  server.GrpcLogAppender (LogUtils.java:warn(134)) - 12a9a7aa-6562-40ed-85de-9a2aa2bb6d39@group-B0BE3D968BF3->eeda6462-8660-4cf3-b39a-3e2831ed42ce-AppendLogResponseHandler: Failed appendEntries: org.apache.ratis.thirdparty.io.grpc.StatusRuntimeException: UNAVAILABLE: io exception
2019-10-10 18:57:41,545 [grpc-default-executor-8] INFO  impl.FollowerInfo (FollowerInfo.java:lambda$new$0(51)) - 12a9a7aa-6562-40ed-85de-9a2aa2bb6d39@group-B0BE3D968BF3->eeda6462-8660-4cf3-b39a-3e2831ed42ce: nextIndex: updateUnconditionally 0 -> 0
2019-10-10 18:57:42,556 [Thread-2336] INFO  impl.FollowerState (FollowerState.java:run(108)) - 843fc1ff-de1b-43cb-8950-fd116d4d559a@group-2B6893DBC2F1-FollowerState: change to CANDIDATE, lastRpcTime:5135ms, electionTimeout:5135ms
2019-10-10 18:57:42,557 [Thread-2336] INFO  impl.RoleInfo (RoleInfo.java:shutdownFollowerState(121)) - 843fc1ff-de1b-43cb-8950-fd116d4d559a: shutdown FollowerState
2019-10-10 18:57:42,557 [Thread-2336] INFO  impl.RaftServerImpl (RaftServerImpl.java:setRole(170)) - 843fc1ff-de1b-43cb-8950-fd116d4d559a@group-2B6893DBC2F1: changes role from  FOLLOWER to CANDIDATE at term 0 for changeToCandidate
2019-10-10 18:57:42,557 [Thread-2336] INFO  impl.RoleInfo (RoleInfo.java:updateAndGet(143)) - 843fc1ff-de1b-43cb-8950-fd116d4d559a: start LeaderElection
2019-10-10 18:57:42,582 [843fc1ff-de1b-43cb-8950-fd116d4d559a@group-2B6893DBC2F1-LeaderElection78] INFO  impl.LeaderElection (LeaderElection.java:askForVotes(178)) - 843fc1ff-de1b-43cb-8950-fd116d4d559a@group-2B6893DBC2F1-LeaderElection78: begin an election at term 1 for -1: [843fc1ff-de1b-43cb-8950-fd116d4d559a:192.168.5.175:45815], old=null
2019-10-10 18:57:42,583 [843fc1ff-de1b-43cb-8950-fd116d4d559a@group-2B6893DBC2F1-LeaderElection78] INFO  impl.RoleInfo (RoleInfo.java:shutdownLeaderElection(134)) - 843fc1ff-de1b-43cb-8950-fd116d4d559a: shutdown LeaderElection
2019-10-10 18:57:42,583 [843fc1ff-de1b-43cb-8950-fd116d4d559a@group-2B6893DBC2F1-LeaderElection78] INFO  impl.RaftServerImpl (RaftServerImpl.java:setRole(170)) - 843fc1ff-de1b-43cb-8950-fd116d4d559a@group-2B6893DBC2F1: changes role from CANDIDATE to LEADER at term 1 for changeToLeader
2019-10-10 18:57:42,583 [843fc1ff-de1b-43cb-8950-fd116d4d559a@group-2B6893DBC2F1-LeaderElection78] INFO  impl.RaftServerImpl (ServerState.java:setLeader(255)) - 843fc1ff-de1b-43cb-8950-fd116d4d559a@group-2B6893DBC2F1: change Leader from null to 843fc1ff-de1b-43cb-8950-fd116d4d559a at term 1 for becomeLeader, leader elected after 5171ms
2019-10-10 18:57:42,583 [843fc1ff-de1b-43cb-8950-fd116d4d559a@group-2B6893DBC2F1-LeaderElection78] INFO  server.RaftServerConfigKeys (ConfUtils.java:logGet(43)) - raft.server.staging.catchup.gap = 1000 (default)
2019-10-10 18:57:42,583 [843fc1ff-de1b-43cb-8950-fd116d4d559a@group-2B6893DBC2F1-LeaderElection78] INFO  server.RaftServerConfigKeys (ConfUtils.java:logGet(43)) - raft.server.rpc.sleep.time = 25ms (default)
2019-10-10 18:57:42,584 [843fc1ff-de1b-43cb-8950-fd116d4d559a@group-2B6893DBC2F1-LeaderElection78] INFO  server.RaftServerConfigKeys (ConfUtils.java:logGet(43)) - raft.server.write.element-limit = 4096 (default)
2019-10-10 18:57:42,584 [843fc1ff-de1b-43cb-8950-fd116d4d559a@group-2B6893DBC2F1-LeaderElection78] INFO  server.RaftServerConfigKeys (ConfUtils.java:logGet(43)) - raft.server.watch.timeout = 10s (default)
2019-10-10 18:57:42,584 [843fc1ff-de1b-43cb-8950-fd116d4d559a@group-2B6893DBC2F1-LeaderElection78] INFO  server.RaftServerConfigKeys (ConfUtils.java:logGet(43)) - raft.server.watch.timeout.denomination = 1s (default)
2019-10-10 18:57:42,584 [843fc1ff-de1b-43cb-8950-fd116d4d559a@group-2B6893DBC2F1-LeaderElection78] INFO  server.RaftServerConfigKeys (ConfUtils.java:logGet(43)) - raft.server.watch.element-limit = 65536 (default)
2019-10-10 18:57:42,586 [843fc1ff-de1b-43cb-8950-fd116d4d559a@group-2B6893DBC2F1-LeaderElection78] INFO  impl.RoleInfo (RoleInfo.java:updateAndGet(143)) - 843fc1ff-de1b-43cb-8950-fd116d4d559a: start LeaderState
2019-10-10 18:57:42,587 [843fc1ff-de1b-43cb-8950-fd116d4d559a@group-2B6893DBC2F1-LeaderElection78] INFO  segmented.SegmentedRaftLogWorker (SegmentedRaftLogWorker.java:startLogSegment(385)) - 843fc1ff-de1b-43cb-8950-fd116d4d559a@group-2B6893DBC2F1-SegmentedRaftLogWorker: Starting segment from index:0
2019-10-10 18:57:42,587 [843fc1ff-de1b-43cb-8950-fd116d4d559a@group-2B6893DBC2F1-LeaderElection78] INFO  impl.RaftServerImpl (ServerState.java:setRaftConf(356)) - 843fc1ff-de1b-43cb-8950-fd116d4d559a@group-2B6893DBC2F1: set configuration 0: [843fc1ff-de1b-43cb-8950-fd116d4d559a:192.168.5.175:45815], old=null at 0
2019-10-10 18:57:42,632 [843fc1ff-de1b-43cb-8950-fd116d4d559a@group-2B6893DBC2F1-SegmentedRaftLogWorker] INFO  segmented.SegmentedRaftLogWorker (SegmentedRaftLogWorker.java:execute(574)) - 843fc1ff-de1b-43cb-8950-fd116d4d559a@group-2B6893DBC2F1-SegmentedRaftLogWorker: created new log segment /workdir/hadoop-ozone/integration-test/target/test-dir/MiniOzoneClusterImpl-a1795259-24d0-4aef-a737-5c87c65197ee/datanode-0/data/ratis/3c68b09b-b2e2-4659-a00a-2b6893dbc2f1/current/log_inprogress_0
2019-10-10 18:57:42,654 [Thread-2342] INFO  impl.FollowerState (FollowerState.java:run(108)) - a1a4984a-d14b-4502-b8a5-379a579f780f@group-9A38ABCD7161-FollowerState: change to CANDIDATE, lastRpcTime:5064ms, electionTimeout:5064ms
2019-10-10 18:57:42,654 [Thread-2342] INFO  impl.RoleInfo (RoleInfo.java:shutdownFollowerState(121)) - a1a4984a-d14b-4502-b8a5-379a579f780f: shutdown FollowerState
2019-10-10 18:57:42,654 [Thread-2342] INFO  impl.RaftServerImpl (RaftServerImpl.java:setRole(170)) - a1a4984a-d14b-4502-b8a5-379a579f780f@group-9A38ABCD7161: changes role from  FOLLOWER to CANDIDATE at term 0 for changeToCandidate
2019-10-10 18:57:42,654 [Thread-2342] INFO  impl.RoleInfo (RoleInfo.java:updateAndGet(143)) - a1a4984a-d14b-4502-b8a5-379a579f780f: start LeaderElection
2019-10-10 18:57:42,673 [Thread-2339] INFO  impl.FollowerState (FollowerState.java:run(108)) - 265b844d-cb6b-4ae0-ac03-f38a312a4086@group-E390E69A05BE-FollowerState: change to CANDIDATE, lastRpcTime:5176ms, electionTimeout:5176ms
2019-10-10 18:57:42,673 [Thread-2339] INFO  impl.RoleInfo (RoleInfo.java:shutdownFollowerState(121)) - 265b844d-cb6b-4ae0-ac03-f38a312a4086: shutdown FollowerState
2019-10-10 18:57:42,673 [Thread-2339] INFO  impl.RaftServerImpl (RaftServerImpl.java:setRole(170)) - 265b844d-cb6b-4ae0-ac03-f38a312a4086@group-E390E69A05BE: changes role from  FOLLOWER to CANDIDATE at term 0 for changeToCandidate
2019-10-10 18:57:42,674 [Thread-2339] INFO  impl.RoleInfo (RoleInfo.java:updateAndGet(143)) - 265b844d-cb6b-4ae0-ac03-f38a312a4086: start LeaderElection
2019-10-10 18:57:42,677 [a1a4984a-d14b-4502-b8a5-379a579f780f@group-9A38ABCD7161-LeaderElection79] INFO  impl.LeaderElection (LeaderElection.java:askForVotes(178)) - a1a4984a-d14b-4502-b8a5-379a579f780f@group-9A38ABCD7161-LeaderElection79: begin an election at term 1 for -1: [a1a4984a-d14b-4502-b8a5-379a579f780f:192.168.5.175:36734], old=null
2019-10-10 18:57:42,680 [a1a4984a-d14b-4502-b8a5-379a579f780f@group-9A38ABCD7161-LeaderElection79] INFO  impl.RoleInfo (RoleInfo.java:shutdownLeaderElection(134)) - a1a4984a-d14b-4502-b8a5-379a579f780f: shutdown LeaderElection
2019-10-10 18:57:42,680 [a1a4984a-d14b-4502-b8a5-379a579f780f@group-9A38ABCD7161-LeaderElection79] INFO  impl.RaftServerImpl (RaftServerImpl.java:setRole(170)) - a1a4984a-d14b-4502-b8a5-379a579f780f@group-9A38ABCD7161: changes role from CANDIDATE to LEADER at term 1 for changeToLeader
2019-10-10 18:57:42,680 [a1a4984a-d14b-4502-b8a5-379a579f780f@group-9A38ABCD7161-LeaderElection79] INFO  impl.RaftServerImpl (ServerState.java:setLeader(255)) - a1a4984a-d14b-4502-b8a5-379a579f780f@group-9A38ABCD7161: change Leader from null to a1a4984a-d14b-4502-b8a5-379a579f780f at term 1 for becomeLeader, leader elected after 5101ms
2019-10-10 18:57:42,681 [a1a4984a-d14b-4502-b8a5-379a579f780f@group-9A38ABCD7161-LeaderElection79] INFO  server.RaftServerConfigKeys (ConfUtils.java:logGet(43)) - raft.server.staging.catchup.gap = 1000 (default)
2019-10-10 18:57:42,681 [a1a4984a-d14b-4502-b8a5-379a579f780f@group-9A38ABCD7161-LeaderElection79] INFO  server.RaftServerConfigKeys (ConfUtils.java:logGet(43)) - raft.server.rpc.sleep.time = 25ms (default)
2019-10-10 18:57:42,681 [a1a4984a-d14b-4502-b8a5-379a579f780f@group-9A38ABCD7161-LeaderElection79] INFO  server.RaftServerConfigKeys (ConfUtils.java:logGet(43)) - raft.server.write.element-limit = 4096 (default)
2019-10-10 18:57:42,681 [a1a4984a-d14b-4502-b8a5-379a579f780f@group-9A38ABCD7161-LeaderElection79] INFO  server.RaftServerConfigKeys (ConfUtils.java:logGet(43)) - raft.server.watch.timeout = 10s (default)
2019-10-10 18:57:42,681 [a1a4984a-d14b-4502-b8a5-379a579f780f@group-9A38ABCD7161-LeaderElection79] INFO  server.RaftServerConfigKeys (ConfUtils.java:logGet(43)) - raft.server.watch.timeout.denomination = 1s (default)
2019-10-10 18:57:42,681 [a1a4984a-d14b-4502-b8a5-379a579f780f@group-9A38ABCD7161-LeaderElection79] INFO  server.RaftServerConfigKeys (ConfUtils.java:logGet(43)) - raft.server.watch.element-limit = 65536 (default)
2019-10-10 18:57:42,683 [a1a4984a-d14b-4502-b8a5-379a579f780f@group-9A38ABCD7161-LeaderElection79] INFO  impl.RoleInfo (RoleInfo.java:updateAndGet(143)) - a1a4984a-d14b-4502-b8a5-379a579f780f: start LeaderState
2019-10-10 18:57:42,683 [a1a4984a-d14b-4502-b8a5-379a579f780f@group-9A38ABCD7161-LeaderElection79] INFO  segmented.SegmentedRaftLogWorker (SegmentedRaftLogWorker.java:startLogSegment(385)) - a1a4984a-d14b-4502-b8a5-379a579f780f@group-9A38ABCD7161-SegmentedRaftLogWorker: Starting segment from index:0
2019-10-10 18:57:42,683 [a1a4984a-d14b-4502-b8a5-379a579f780f@group-9A38ABCD7161-LeaderElection79] INFO  impl.RaftServerImpl (ServerState.java:setRaftConf(356)) - a1a4984a-d14b-4502-b8a5-379a579f780f@group-9A38ABCD7161: set configuration 0: [a1a4984a-d14b-4502-b8a5-379a579f780f:192.168.5.175:36734], old=null at 0
2019-10-10 18:57:42,693 [265b844d-cb6b-4ae0-ac03-f38a312a4086@group-E390E69A05BE-LeaderElection80] INFO  impl.LeaderElection (LeaderElection.java:askForVotes(178)) - 265b844d-cb6b-4ae0-ac03-f38a312a4086@group-E390E69A05BE-LeaderElection80: begin an election at term 1 for -1: [265b844d-cb6b-4ae0-ac03-f38a312a4086:192.168.5.175:42998], old=null
2019-10-10 18:57:42,693 [265b844d-cb6b-4ae0-ac03-f38a312a4086@group-E390E69A05BE-LeaderElection80] INFO  impl.RoleInfo (RoleInfo.java:shutdownLeaderElection(134)) - 265b844d-cb6b-4ae0-ac03-f38a312a4086: shutdown LeaderElection
2019-10-10 18:57:42,693 [265b844d-cb6b-4ae0-ac03-f38a312a4086@group-E390E69A05BE-LeaderElection80] INFO  impl.RaftServerImpl (RaftServerImpl.java:setRole(170)) - 265b844d-cb6b-4ae0-ac03-f38a312a4086@group-E390E69A05BE: changes role from CANDIDATE to LEADER at term 1 for changeToLeader
2019-10-10 18:57:42,694 [265b844d-cb6b-4ae0-ac03-f38a312a4086@group-E390E69A05BE-LeaderElection80] INFO  impl.RaftServerImpl (ServerState.java:setLeader(255)) - 265b844d-cb6b-4ae0-ac03-f38a312a4086@group-E390E69A05BE: change Leader from null to 265b844d-cb6b-4ae0-ac03-f38a312a4086 at term 1 for becomeLeader, leader elected after 5203ms
2019-10-10 18:57:42,694 [265b844d-cb6b-4ae0-ac03-f38a312a4086@group-E390E69A05BE-LeaderElection80] INFO  server.RaftServerConfigKeys (ConfUtils.java:logGet(43)) - raft.server.staging.catchup.gap = 1000 (default)
2019-10-10 18:57:42,694 [265b844d-cb6b-4ae0-ac03-f38a312a4086@group-E390E69A05BE-LeaderElection80] INFO  server.RaftServerConfigKeys (ConfUtils.java:logGet(43)) - raft.server.rpc.sleep.time = 25ms (default)
2019-10-10 18:57:42,694 [265b844d-cb6b-4ae0-ac03-f38a312a4086@group-E390E69A05BE-LeaderElection80] INFO  server.RaftServerConfigKeys (ConfUtils.java:logGet(43)) - raft.server.write.element-limit = 4096 (default)
2019-10-10 18:57:42,694 [265b844d-cb6b-4ae0-ac03-f38a312a4086@group-E390E69A05BE-LeaderElection80] INFO  server.RaftServerConfigKeys (ConfUtils.java:logGet(43)) - raft.server.watch.timeout = 10s (default)
2019-10-10 18:57:42,694 [265b844d-cb6b-4ae0-ac03-f38a312a4086@group-E390E69A05BE-LeaderElection80] INFO  server.RaftServerConfigKeys (ConfUtils.java:logGet(43)) - raft.server.watch.timeout.denomination = 1s (default)
2019-10-10 18:57:42,694 [265b844d-cb6b-4ae0-ac03-f38a312a4086@group-E390E69A05BE-LeaderElection80] INFO  server.RaftServerConfigKeys (ConfUtils.java:logGet(43)) - raft.server.watch.element-limit = 65536 (default)
2019-10-10 18:57:42,697 [265b844d-cb6b-4ae0-ac03-f38a312a4086@group-E390E69A05BE-LeaderElection80] INFO  impl.RoleInfo (RoleInfo.java:updateAndGet(143)) - 265b844d-cb6b-4ae0-ac03-f38a312a4086: start LeaderState
2019-10-10 18:57:42,697 [265b844d-cb6b-4ae0-ac03-f38a312a4086@group-E390E69A05BE-LeaderElection80] INFO  segmented.SegmentedRaftLogWorker (SegmentedRaftLogWorker.java:startLogSegment(385)) - 265b844d-cb6b-4ae0-ac03-f38a312a4086@group-E390E69A05BE-SegmentedRaftLogWorker: Starting segment from index:0
2019-10-10 18:57:42,697 [265b844d-cb6b-4ae0-ac03-f38a312a4086@group-E390E69A05BE-LeaderElection80] INFO  impl.RaftServerImpl (ServerState.java:setRaftConf(356)) - 265b844d-cb6b-4ae0-ac03-f38a312a4086@group-E390E69A05BE: set configuration 0: [265b844d-cb6b-4ae0-ac03-f38a312a4086:192.168.5.175:42998], old=null at 0
2019-10-10 18:57:42,719 [a1a4984a-d14b-4502-b8a5-379a579f780f@group-9A38ABCD7161-SegmentedRaftLogWorker] INFO  segmented.SegmentedRaftLogWorker (SegmentedRaftLogWorker.java:execute(574)) - a1a4984a-d14b-4502-b8a5-379a579f780f@group-9A38ABCD7161-SegmentedRaftLogWorker: created new log segment /workdir/hadoop-ozone/integration-test/target/test-dir/MiniOzoneClusterImpl-a1795259-24d0-4aef-a737-5c87c65197ee/datanode-2/data/ratis/efd4b99f-07ce-44cf-9890-9a38abcd7161/current/log_inprogress_0
2019-10-10 18:57:42,745 [Thread-2349] INFO  impl.FollowerState (FollowerState.java:run(108)) - a1a4984a-d14b-4502-b8a5-379a579f780f@group-FB20B86FE1F5-FollowerState: change to CANDIDATE, lastRpcTime:5076ms, electionTimeout:5076ms
2019-10-10 18:57:42,745 [Thread-2349] INFO  impl.RoleInfo (RoleInfo.java:shutdownFollowerState(121)) - a1a4984a-d14b-4502-b8a5-379a579f780f: shutdown FollowerState
2019-10-10 18:57:42,745 [Thread-2349] INFO  impl.RaftServerImpl (RaftServerImpl.java:setRole(170)) - a1a4984a-d14b-4502-b8a5-379a579f780f@group-FB20B86FE1F5: changes role from  FOLLOWER to CANDIDATE at term 0 for changeToCandidate
2019-10-10 18:57:42,745 [Thread-2349] INFO  impl.RoleInfo (RoleInfo.java:updateAndGet(143)) - a1a4984a-d14b-4502-b8a5-379a579f780f: start LeaderElection
2019-10-10 18:57:42,752 [265b844d-cb6b-4ae0-ac03-f38a312a4086@group-E390E69A05BE-SegmentedRaftLogWorker] INFO  segmented.SegmentedRaftLogWorker (SegmentedRaftLogWorker.java:execute(574)) - 265b844d-cb6b-4ae0-ac03-f38a312a4086@group-E390E69A05BE-SegmentedRaftLogWorker: created new log segment /workdir/hadoop-ozone/integration-test/target/test-dir/MiniOzoneClusterImpl-a1795259-24d0-4aef-a737-5c87c65197ee/datanode-1/data/ratis/2ee8b2b8-566c-42d0-a630-e390e69a05be/current/log_inprogress_0
2019-10-10 18:57:42,752 [Thread-2345] INFO  impl.FollowerState (FollowerState.java:run(108)) - 843fc1ff-de1b-43cb-8950-fd116d4d559a@group-FB20B86FE1F5-FollowerState: change to CANDIDATE, lastRpcTime:5093ms, electionTimeout:5091ms
2019-10-10 18:57:42,759 [Thread-2345] INFO  impl.RoleInfo (RoleInfo.java:shutdownFollowerState(121)) - 843fc1ff-de1b-43cb-8950-fd116d4d559a: shutdown FollowerState
2019-10-10 18:57:42,759 [Thread-2345] INFO  impl.RaftServerImpl (RaftServerImpl.java:setRole(170)) - 843fc1ff-de1b-43cb-8950-fd116d4d559a@group-FB20B86FE1F5: changes role from  FOLLOWER to CANDIDATE at term 0 for changeToCandidate
2019-10-10 18:57:42,759 [Thread-2345] INFO  impl.RoleInfo (RoleInfo.java:updateAndGet(143)) - 843fc1ff-de1b-43cb-8950-fd116d4d559a: start LeaderElection
2019-10-10 18:57:42,772 [843fc1ff-de1b-43cb-8950-fd116d4d559a@group-FB20B86FE1F5-LeaderElection82] INFO  impl.LeaderElection (LeaderElection.java:askForVotes(178)) - 843fc1ff-de1b-43cb-8950-fd116d4d559a@group-FB20B86FE1F5-LeaderElection82: begin an election at term 1 for -1: [843fc1ff-de1b-43cb-8950-fd116d4d559a:192.168.5.175:45815, a1a4984a-d14b-4502-b8a5-379a579f780f:192.168.5.175:36734, 265b844d-cb6b-4ae0-ac03-f38a312a4086:192.168.5.175:42998], old=null
2019-10-10 18:57:42,772 [a1a4984a-d14b-4502-b8a5-379a579f780f@group-FB20B86FE1F5-LeaderElection81] INFO  impl.LeaderElection (LeaderElection.java:askForVotes(178)) - a1a4984a-d14b-4502-b8a5-379a579f780f@group-FB20B86FE1F5-LeaderElection81: begin an election at term 1 for -1: [843fc1ff-de1b-43cb-8950-fd116d4d559a:192.168.5.175:45815, a1a4984a-d14b-4502-b8a5-379a579f780f:192.168.5.175:36734, 265b844d-cb6b-4ae0-ac03-f38a312a4086:192.168.5.175:42998], old=null
2019-10-10 18:57:42,780 [grpc-default-executor-3] INFO  impl.RaftServerImpl (RaftServerImpl.java:setRole(170)) - 265b844d-cb6b-4ae0-ac03-f38a312a4086@group-FB20B86FE1F5: changes role from  FOLLOWER to FOLLOWER at term 1 for recognizeCandidate:843fc1ff-de1b-43cb-8950-fd116d4d559a
2019-10-10 18:57:42,784 [grpc-default-executor-3] INFO  impl.RoleInfo (RoleInfo.java:shutdownFollowerState(121)) - 265b844d-cb6b-4ae0-ac03-f38a312a4086: shutdown FollowerState
2019-10-10 18:57:42,784 [grpc-default-executor-3] INFO  impl.RoleInfo (RoleInfo.java:updateAndGet(143)) - 265b844d-cb6b-4ae0-ac03-f38a312a4086: start FollowerState
2019-10-10 18:57:42,849 [a1a4984a-d14b-4502-b8a5-379a579f780f@group-FB20B86FE1F5-LeaderElection81] INFO  impl.LeaderElection (LeaderElection.java:logAndReturn(56)) - a1a4984a-d14b-4502-b8a5-379a579f780f@group-FB20B86FE1F5-LeaderElection81: Election REJECTED; received 2 response(s) [a1a4984a-d14b-4502-b8a5-379a579f780f<-843fc1ff-de1b-43cb-8950-fd116d4d559a#0:FAIL-t1, a1a4984a-d14b-4502-b8a5-379a579f780f<-265b844d-cb6b-4ae0-ac03-f38a312a4086#0:FAIL-t1] and 0 exception(s); a1a4984a-d14b-4502-b8a5-379a579f780f@group-FB20B86FE1F5:t1, leader=null, voted=a1a4984a-d14b-4502-b8a5-379a579f780f, raftlog=a1a4984a-d14b-4502-b8a5-379a579f780f@group-FB20B86FE1F5-SegmentedRaftLog:OPENED:c-1,f-1,i0, conf=-1: [843fc1ff-de1b-43cb-8950-fd116d4d559a:192.168.5.175:45815, a1a4984a-d14b-4502-b8a5-379a579f780f:192.168.5.175:36734, 265b844d-cb6b-4ae0-ac03-f38a312a4086:192.168.5.175:42998], old=null
2019-10-10 18:57:42,849 [843fc1ff-de1b-43cb-8950-fd116d4d559a@group-FB20B86FE1F5-LeaderElection82] INFO  impl.LeaderElection (LeaderElection.java:logAndReturn(56)) - 843fc1ff-de1b-43cb-8950-fd116d4d559a@group-FB20B86FE1F5-LeaderElection82: Election PASSED; received 2 response(s) [843fc1ff-de1b-43cb-8950-fd116d4d559a<-a1a4984a-d14b-4502-b8a5-379a579f780f#0:FAIL-t1, 843fc1ff-de1b-43cb-8950-fd116d4d559a<-265b844d-cb6b-4ae0-ac03-f38a312a4086#0:OK-t1] and 0 exception(s); 843fc1ff-de1b-43cb-8950-fd116d4d559a@group-FB20B86FE1F5:t1, leader=null, voted=843fc1ff-de1b-43cb-8950-fd116d4d559a, raftlog=843fc1ff-de1b-43cb-8950-fd116d4d559a@group-FB20B86FE1F5-SegmentedRaftLog:OPENED:c-1,f-1,i0, conf=-1: [843fc1ff-de1b-43cb-8950-fd116d4d559a:192.168.5.175:45815, a1a4984a-d14b-4502-b8a5-379a579f780f:192.168.5.175:36734, 265b844d-cb6b-4ae0-ac03-f38a312a4086:192.168.5.175:42998], old=null
2019-10-10 18:57:42,849 [a1a4984a-d14b-4502-b8a5-379a579f780f@group-FB20B86FE1F5-LeaderElection81] INFO  impl.RaftServerImpl (RaftServerImpl.java:setRole(170)) - a1a4984a-d14b-4502-b8a5-379a579f780f@group-FB20B86FE1F5: changes role from CANDIDATE to FOLLOWER at term 1 for DISCOVERED_A_NEW_TERM
2019-10-10 18:57:42,849 [843fc1ff-de1b-43cb-8950-fd116d4d559a@group-FB20B86FE1F5-LeaderElection82] INFO  impl.RoleInfo (RoleInfo.java:shutdownLeaderElection(134)) - 843fc1ff-de1b-43cb-8950-fd116d4d559a: shutdown LeaderElection
2019-10-10 18:57:42,853 [a1a4984a-d14b-4502-b8a5-379a579f780f@group-FB20B86FE1F5-LeaderElection81] INFO  impl.RoleInfo (RoleInfo.java:shutdownLeaderElection(134)) - a1a4984a-d14b-4502-b8a5-379a579f780f: shutdown LeaderElection
2019-10-10 18:57:42,856 [843fc1ff-de1b-43cb-8950-fd116d4d559a@group-FB20B86FE1F5-LeaderElection82] INFO  impl.RaftServerImpl (RaftServerImpl.java:setRole(170)) - 843fc1ff-de1b-43cb-8950-fd116d4d559a@group-FB20B86FE1F5: changes role from CANDIDATE to LEADER at term 1 for changeToLeader
2019-10-10 18:57:42,856 [a1a4984a-d14b-4502-b8a5-379a579f780f@group-FB20B86FE1F5-LeaderElection81] INFO  impl.RoleInfo (RoleInfo.java:updateAndGet(143)) - a1a4984a-d14b-4502-b8a5-379a579f780f: start FollowerState
2019-10-10 18:57:42,856 [843fc1ff-de1b-43cb-8950-fd116d4d559a@group-FB20B86FE1F5-LeaderElection82] INFO  impl.RaftServerImpl (ServerState.java:setLeader(255)) - 843fc1ff-de1b-43cb-8950-fd116d4d559a@group-FB20B86FE1F5: change Leader from null to 843fc1ff-de1b-43cb-8950-fd116d4d559a at term 1 for becomeLeader, leader elected after 5207ms
2019-10-10 18:57:42,857 [843fc1ff-de1b-43cb-8950-fd116d4d559a@group-FB20B86FE1F5-LeaderElection82] INFO  server.RaftServerConfigKeys (ConfUtils.java:logGet(43)) - raft.server.staging.catchup.gap = 1000 (default)
2019-10-10 18:57:42,857 [843fc1ff-de1b-43cb-8950-fd116d4d559a@group-FB20B86FE1F5-LeaderElection82] INFO  server.RaftServerConfigKeys (ConfUtils.java:logGet(43)) - raft.server.rpc.sleep.time = 25ms (default)
2019-10-10 18:57:42,857 [843fc1ff-de1b-43cb-8950-fd116d4d559a@group-FB20B86FE1F5-LeaderElection82] INFO  server.RaftServerConfigKeys (ConfUtils.java:logGet(43)) - raft.server.write.element-limit = 4096 (default)
2019-10-10 18:57:42,857 [843fc1ff-de1b-43cb-8950-fd116d4d559a@group-FB20B86FE1F5-LeaderElection82] INFO  server.RaftServerConfigKeys (ConfUtils.java:logGet(43)) - raft.server.watch.timeout = 10s (default)
2019-10-10 18:57:42,857 [843fc1ff-de1b-43cb-8950-fd116d4d559a@group-FB20B86FE1F5-LeaderElection82] INFO  server.RaftServerConfigKeys (ConfUtils.java:logGet(43)) - raft.server.watch.timeout.denomination = 1s (default)
2019-10-10 18:57:42,857 [843fc1ff-de1b-43cb-8950-fd116d4d559a@group-FB20B86FE1F5-LeaderElection82] INFO  server.RaftServerConfigKeys (ConfUtils.java:logGet(43)) - raft.server.watch.element-limit = 65536 (default)
2019-10-10 18:57:42,859 [843fc1ff-de1b-43cb-8950-fd116d4d559a@group-FB20B86FE1F5-LeaderElection82] INFO  server.RaftServerConfigKeys (ConfUtils.java:logGet(43)) - raft.server.log.appender.snapshot.chunk.size.max = 16MB (=16777216) (default)
2019-10-10 18:57:42,859 [843fc1ff-de1b-43cb-8950-fd116d4d559a@group-FB20B86FE1F5-LeaderElection82] INFO  server.RaftServerConfigKeys (ConfUtils.java:logGet(43)) - raft.server.log.appender.buffer.byte-limit = 33554432 (custom)
2019-10-10 18:57:42,859 [843fc1ff-de1b-43cb-8950-fd116d4d559a@group-FB20B86FE1F5-LeaderElection82] INFO  server.RaftServerConfigKeys (ConfUtils.java:logGet(43)) - raft.server.log.appender.buffer.element-limit = 1 (custom)
2019-10-10 18:57:42,859 [843fc1ff-de1b-43cb-8950-fd116d4d559a@group-FB20B86FE1F5-LeaderElection82] INFO  grpc.GrpcConfigKeys$Server (ConfUtils.java:logGet(43)) - raft.grpc.server.leader.outstanding.appends.max = 128 (default)
2019-10-10 18:57:42,859 [843fc1ff-de1b-43cb-8950-fd116d4d559a@group-FB20B86FE1F5-LeaderElection82] INFO  server.RaftServerConfigKeys (ConfUtils.java:logGet(43)) - raft.server.rpc.request.timeout = 3000ms (default)
2019-10-10 18:57:42,860 [843fc1ff-de1b-43cb-8950-fd116d4d559a@group-FB20B86FE1F5-LeaderElection82] INFO  server.RaftServerConfigKeys (ConfUtils.java:logGet(43)) - raft.server.log.appender.install.snapshot.enabled = false (custom)
2019-10-10 18:57:42,860 [843fc1ff-de1b-43cb-8950-fd116d4d559a@group-FB20B86FE1F5-LeaderElection82] INFO  server.RaftServerConfigKeys (ConfUtils.java:logGet(43)) - raft.server.log.appender.snapshot.chunk.size.max = 16MB (=16777216) (default)
2019-10-10 18:57:42,860 [843fc1ff-de1b-43cb-8950-fd116d4d559a@group-FB20B86FE1F5-LeaderElection82] INFO  server.RaftServerConfigKeys (ConfUtils.java:logGet(43)) - raft.server.log.appender.buffer.byte-limit = 33554432 (custom)
2019-10-10 18:57:42,860 [843fc1ff-de1b-43cb-8950-fd116d4d559a@group-FB20B86FE1F5-LeaderElection82] INFO  server.RaftServerConfigKeys (ConfUtils.java:logGet(43)) - raft.server.log.appender.buffer.element-limit = 1 (custom)
2019-10-10 18:57:42,860 [843fc1ff-de1b-43cb-8950-fd116d4d559a@group-FB20B86FE1F5-LeaderElection82] INFO  grpc.GrpcConfigKeys$Server (ConfUtils.java:logGet(43)) - raft.grpc.server.leader.outstanding.appends.max = 128 (default)
2019-10-10 18:57:42,860 [843fc1ff-de1b-43cb-8950-fd116d4d559a@group-FB20B86FE1F5-LeaderElection82] INFO  server.RaftServerConfigKeys (ConfUtils.java:logGet(43)) - raft.server.rpc.request.timeout = 3000ms (default)
2019-10-10 18:57:42,860 [843fc1ff-de1b-43cb-8950-fd116d4d559a@group-FB20B86FE1F5-LeaderElection82] INFO  server.RaftServerConfigKeys (ConfUtils.java:logGet(43)) - raft.server.log.appender.install.snapshot.enabled = false (custom)
2019-10-10 18:57:42,861 [843fc1ff-de1b-43cb-8950-fd116d4d559a@group-FB20B86FE1F5-LeaderElection82] INFO  impl.RoleInfo (RoleInfo.java:updateAndGet(143)) - 843fc1ff-de1b-43cb-8950-fd116d4d559a: start LeaderState
2019-10-10 18:57:42,861 [843fc1ff-de1b-43cb-8950-fd116d4d559a@group-FB20B86FE1F5-LeaderElection82] INFO  segmented.SegmentedRaftLogWorker (SegmentedRaftLogWorker.java:startLogSegment(385)) - 843fc1ff-de1b-43cb-8950-fd116d4d559a@group-FB20B86FE1F5-SegmentedRaftLogWorker: Starting segment from index:0
2019-10-10 18:57:42,863 [843fc1ff-de1b-43cb-8950-fd116d4d559a@group-FB20B86FE1F5-LeaderElection82] INFO  impl.RaftServerImpl (ServerState.java:setRaftConf(356)) - 843fc1ff-de1b-43cb-8950-fd116d4d559a@group-FB20B86FE1F5: set configuration 0: [843fc1ff-de1b-43cb-8950-fd116d4d559a:192.168.5.175:45815, a1a4984a-d14b-4502-b8a5-379a579f780f:192.168.5.175:36734, 265b844d-cb6b-4ae0-ac03-f38a312a4086:192.168.5.175:42998], old=null at 0
2019-10-10 18:57:42,863 [grpc-default-executor-1] INFO  impl.RaftServerImpl (ServerState.java:setLeader(255)) - a1a4984a-d14b-4502-b8a5-379a579f780f@group-FB20B86FE1F5: change Leader from null to 843fc1ff-de1b-43cb-8950-fd116d4d559a at term 1 for appendEntries, leader elected after 5214ms
2019-10-10 18:57:42,864 [grpc-default-executor-1] INFO  impl.RaftServerImpl (ServerState.java:setLeader(255)) - 265b844d-cb6b-4ae0-ac03-f38a312a4086@group-FB20B86FE1F5: change Leader from null to 843fc1ff-de1b-43cb-8950-fd116d4d559a at term 1 for appendEntries, leader elected after 5214ms
2019-10-10 18:57:42,866 [grpc-default-executor-1] INFO  impl.RaftServerImpl (ServerState.java:setRaftConf(356)) - a1a4984a-d14b-4502-b8a5-379a579f780f@group-FB20B86FE1F5: set configuration 0: [843fc1ff-de1b-43cb-8950-fd116d4d559a:192.168.5.175:45815, a1a4984a-d14b-4502-b8a5-379a579f780f:192.168.5.175:36734, 265b844d-cb6b-4ae0-ac03-f38a312a4086:192.168.5.175:42998], old=null at 0
2019-10-10 18:57:42,866 [grpc-default-executor-1] INFO  segmented.SegmentedRaftLogWorker (SegmentedRaftLogWorker.java:startLogSegment(385)) - a1a4984a-d14b-4502-b8a5-379a579f780f@group-FB20B86FE1F5-SegmentedRaftLogWorker: Starting segment from index:0
2019-10-10 18:57:42,867 [grpc-default-executor-3] INFO  impl.RaftServerImpl (ServerState.java:setRaftConf(356)) - 265b844d-cb6b-4ae0-ac03-f38a312a4086@group-FB20B86FE1F5: set configuration 0: [843fc1ff-de1b-43cb-8950-fd116d4d559a:192.168.5.175:45815, a1a4984a-d14b-4502-b8a5-379a579f780f:192.168.5.175:36734, 265b844d-cb6b-4ae0-ac03-f38a312a4086:192.168.5.175:42998], old=null at 0
2019-10-10 18:57:42,867 [grpc-default-executor-3] INFO  segmented.SegmentedRaftLogWorker (SegmentedRaftLogWorker.java:startLogSegment(385)) - 265b844d-cb6b-4ae0-ac03-f38a312a4086@group-FB20B86FE1F5-SegmentedRaftLogWorker: Starting segment from index:0
2019-10-10 18:57:42,882 [Thread-2357] INFO  impl.FollowerState (FollowerState.java:run(108)) - 4d15a676-2e55-4ffc-9d84-56193ea1e648@group-A1C9FE889130-FollowerState: change to CANDIDATE, lastRpcTime:5035ms, electionTimeout:5035ms
2019-10-10 18:57:42,882 [Thread-2357] INFO  impl.RoleInfo (RoleInfo.java:shutdownFollowerState(121)) - 4d15a676-2e55-4ffc-9d84-56193ea1e648: shutdown FollowerState
2019-10-10 18:57:42,882 [Thread-2357] INFO  impl.RaftServerImpl (RaftServerImpl.java:setRole(170)) - 4d15a676-2e55-4ffc-9d84-56193ea1e648@group-A1C9FE889130: changes role from  FOLLOWER to CANDIDATE at term 0 for changeToCandidate
2019-10-10 18:57:42,882 [Thread-2357] INFO  impl.RoleInfo (RoleInfo.java:updateAndGet(143)) - 4d15a676-2e55-4ffc-9d84-56193ea1e648: start LeaderElection
2019-10-10 18:57:42,914 [843fc1ff-de1b-43cb-8950-fd116d4d559a@group-FB20B86FE1F5-SegmentedRaftLogWorker] INFO  segmented.SegmentedRaftLogWorker (SegmentedRaftLogWorker.java:execute(574)) - 843fc1ff-de1b-43cb-8950-fd116d4d559a@group-FB20B86FE1F5-SegmentedRaftLogWorker: created new log segment /workdir/hadoop-ozone/integration-test/target/test-dir/MiniOzoneClusterImpl-a1795259-24d0-4aef-a737-5c87c65197ee/datanode-0/data/ratis/52b96314-6f8c-43c2-b6f9-fb20b86fe1f5/current/log_inprogress_0
2019-10-10 18:57:42,915 [4d15a676-2e55-4ffc-9d84-56193ea1e648@group-A1C9FE889130-LeaderElection83] INFO  impl.LeaderElection (LeaderElection.java:askForVotes(178)) - 4d15a676-2e55-4ffc-9d84-56193ea1e648@group-A1C9FE889130-LeaderElection83: begin an election at term 1 for -1: [4d15a676-2e55-4ffc-9d84-56193ea1e648:192.168.5.175:43520], old=null
2019-10-10 18:57:42,914 [a1a4984a-d14b-4502-b8a5-379a579f780f@group-FB20B86FE1F5-SegmentedRaftLogWorker] INFO  segmented.SegmentedRaftLogWorker (SegmentedRaftLogWorker.java:execute(574)) - a1a4984a-d14b-4502-b8a5-379a579f780f@group-FB20B86FE1F5-SegmentedRaftLogWorker: created new log segment /workdir/hadoop-ozone/integration-test/target/test-dir/MiniOzoneClusterImpl-a1795259-24d0-4aef-a737-5c87c65197ee/datanode-2/data/ratis/52b96314-6f8c-43c2-b6f9-fb20b86fe1f5/current/log_inprogress_0
2019-10-10 18:57:42,914 [265b844d-cb6b-4ae0-ac03-f38a312a4086@group-FB20B86FE1F5-SegmentedRaftLogWorker] INFO  segmented.SegmentedRaftLogWorker (SegmentedRaftLogWorker.java:execute(574)) - 265b844d-cb6b-4ae0-ac03-f38a312a4086@group-FB20B86FE1F5-SegmentedRaftLogWorker: created new log segment /workdir/hadoop-ozone/integration-test/target/test-dir/MiniOzoneClusterImpl-a1795259-24d0-4aef-a737-5c87c65197ee/datanode-1/data/ratis/52b96314-6f8c-43c2-b6f9-fb20b86fe1f5/current/log_inprogress_0
2019-10-10 18:57:42,915 [4d15a676-2e55-4ffc-9d84-56193ea1e648@group-A1C9FE889130-LeaderElection83] INFO  impl.RoleInfo (RoleInfo.java:shutdownLeaderElection(134)) - 4d15a676-2e55-4ffc-9d84-56193ea1e648: shutdown LeaderElection
2019-10-10 18:57:42,915 [4d15a676-2e55-4ffc-9d84-56193ea1e648@group-A1C9FE889130-LeaderElection83] INFO  impl.RaftServerImpl (RaftServerImpl.java:setRole(170)) - 4d15a676-2e55-4ffc-9d84-56193ea1e648@group-A1C9FE889130: changes role from CANDIDATE to LEADER at term 1 for changeToLeader
2019-10-10 18:57:42,915 [4d15a676-2e55-4ffc-9d84-56193ea1e648@group-A1C9FE889130-LeaderElection83] INFO  impl.RaftServerImpl (ServerState.java:setLeader(255)) - 4d15a676-2e55-4ffc-9d84-56193ea1e648@group-A1C9FE889130: change Leader from null to 4d15a676-2e55-4ffc-9d84-56193ea1e648 at term 1 for becomeLeader, leader elected after 5076ms
2019-10-10 18:57:42,916 [4d15a676-2e55-4ffc-9d84-56193ea1e648@group-A1C9FE889130-LeaderElection83] INFO  server.RaftServerConfigKeys (ConfUtils.java:logGet(43)) - raft.server.staging.catchup.gap = 1000 (default)
2019-10-10 18:57:42,916 [4d15a676-2e55-4ffc-9d84-56193ea1e648@group-A1C9FE889130-LeaderElection83] INFO  server.RaftServerConfigKeys (ConfUtils.java:logGet(43)) - raft.server.rpc.sleep.time = 25ms (default)
2019-10-10 18:57:42,916 [4d15a676-2e55-4ffc-9d84-56193ea1e648@group-A1C9FE889130-LeaderElection83] INFO  server.RaftServerConfigKeys (ConfUtils.java:logGet(43)) - raft.server.write.element-limit = 4096 (default)
2019-10-10 18:57:42,916 [4d15a676-2e55-4ffc-9d84-56193ea1e648@group-A1C9FE889130-LeaderElection83] INFO  server.RaftServerConfigKeys (ConfUtils.java:logGet(43)) - raft.server.watch.timeout = 10s (default)
2019-10-10 18:57:42,917 [4d15a676-2e55-4ffc-9d84-56193ea1e648@group-A1C9FE889130-LeaderElection83] INFO  server.RaftServerConfigKeys (ConfUtils.java:logGet(43)) - raft.server.watch.timeout.denomination = 1s (default)
2019-10-10 18:57:42,917 [4d15a676-2e55-4ffc-9d84-56193ea1e648@group-A1C9FE889130-LeaderElection83] INFO  server.RaftServerConfigKeys (ConfUtils.java:logGet(43)) - raft.server.watch.element-limit = 65536 (default)
2019-10-10 18:57:42,919 [4d15a676-2e55-4ffc-9d84-56193ea1e648@group-A1C9FE889130-LeaderElection83] INFO  impl.RoleInfo (RoleInfo.java:updateAndGet(143)) - 4d15a676-2e55-4ffc-9d84-56193ea1e648: start LeaderState
2019-10-10 18:57:42,920 [4d15a676-2e55-4ffc-9d84-56193ea1e648@group-A1C9FE889130-LeaderElection83] INFO  segmented.SegmentedRaftLogWorker (SegmentedRaftLogWorker.java:startLogSegment(385)) - 4d15a676-2e55-4ffc-9d84-56193ea1e648@group-A1C9FE889130-SegmentedRaftLogWorker: Starting segment from index:0
2019-10-10 18:57:42,921 [4d15a676-2e55-4ffc-9d84-56193ea1e648@group-A1C9FE889130-LeaderElection83] INFO  impl.RaftServerImpl (ServerState.java:setRaftConf(356)) - 4d15a676-2e55-4ffc-9d84-56193ea1e648@group-A1C9FE889130: set configuration 0: [4d15a676-2e55-4ffc-9d84-56193ea1e648:192.168.5.175:43520], old=null at 0
2019-10-10 18:57:42,948 [Thread-2354] INFO  impl.FollowerState (FollowerState.java:run(108)) - 96039e4c-b643-44e2-8bb7-eb5cb505a59e@group-EDDE15DB90B5-FollowerState: change to CANDIDATE, lastRpcTime:5157ms, electionTimeout:5157ms
2019-10-10 18:57:42,949 [Thread-2354] INFO  impl.RoleInfo (RoleInfo.java:shutdownFollowerState(121)) - 96039e4c-b643-44e2-8bb7-eb5cb505a59e: shutdown FollowerState
2019-10-10 18:57:42,949 [Thread-2354] INFO  impl.RaftServerImpl (RaftServerImpl.java:setRole(170)) - 96039e4c-b643-44e2-8bb7-eb5cb505a59e@group-EDDE15DB90B5: changes role from  FOLLOWER to CANDIDATE at term 0 for changeToCandidate
2019-10-10 18:57:42,949 [Thread-2354] INFO  impl.RoleInfo (RoleInfo.java:updateAndGet(143)) - 96039e4c-b643-44e2-8bb7-eb5cb505a59e: start LeaderElection
2019-10-10 18:57:42,964 [4d15a676-2e55-4ffc-9d84-56193ea1e648@group-A1C9FE889130-SegmentedRaftLogWorker] INFO  segmented.SegmentedRaftLogWorker (SegmentedRaftLogWorker.java:execute(574)) - 4d15a676-2e55-4ffc-9d84-56193ea1e648@group-A1C9FE889130-SegmentedRaftLogWorker: created new log segment /workdir/hadoop-ozone/integration-test/target/test-dir/MiniOzoneClusterImpl-a1795259-24d0-4aef-a737-5c87c65197ee/datanode-4/data/ratis/86fb1cb6-2a8b-4a59-abc4-a1c9fe889130/current/log_inprogress_0
2019-10-10 18:57:42,977 [96039e4c-b643-44e2-8bb7-eb5cb505a59e@group-EDDE15DB90B5-LeaderElection84] INFO  impl.LeaderElection (LeaderElection.java:askForVotes(178)) - 96039e4c-b643-44e2-8bb7-eb5cb505a59e@group-EDDE15DB90B5-LeaderElection84: begin an election at term 1 for -1: [96039e4c-b643-44e2-8bb7-eb5cb505a59e:192.168.5.175:43054], old=null
2019-10-10 18:57:42,977 [96039e4c-b643-44e2-8bb7-eb5cb505a59e@group-EDDE15DB90B5-LeaderElection84] INFO  impl.RoleInfo (RoleInfo.java:shutdownLeaderElection(134)) - 96039e4c-b643-44e2-8bb7-eb5cb505a59e: shutdown LeaderElection
2019-10-10 18:57:42,977 [96039e4c-b643-44e2-8bb7-eb5cb505a59e@group-EDDE15DB90B5-LeaderElection84] INFO  impl.RaftServerImpl (RaftServerImpl.java:setRole(170)) - 96039e4c-b643-44e2-8bb7-eb5cb505a59e@group-EDDE15DB90B5: changes role from CANDIDATE to LEADER at term 1 for changeToLeader
2019-10-10 18:57:42,977 [96039e4c-b643-44e2-8bb7-eb5cb505a59e@group-EDDE15DB90B5-LeaderElection84] INFO  impl.RaftServerImpl (ServerState.java:setLeader(255)) - 96039e4c-b643-44e2-8bb7-eb5cb505a59e@group-EDDE15DB90B5: change Leader from null to 96039e4c-b643-44e2-8bb7-eb5cb505a59e at term 1 for becomeLeader, leader elected after 5192ms
2019-10-10 18:57:42,977 [96039e4c-b643-44e2-8bb7-eb5cb505a59e@group-EDDE15DB90B5-LeaderElection84] INFO  server.RaftServerConfigKeys (ConfUtils.java:logGet(43)) - raft.server.staging.catchup.gap = 1000 (default)
2019-10-10 18:57:42,977 [96039e4c-b643-44e2-8bb7-eb5cb505a59e@group-EDDE15DB90B5-LeaderElection84] INFO  server.RaftServerConfigKeys (ConfUtils.java:logGet(43)) - raft.server.rpc.sleep.time = 25ms (default)
2019-10-10 18:57:42,977 [96039e4c-b643-44e2-8bb7-eb5cb505a59e@group-EDDE15DB90B5-LeaderElection84] INFO  server.RaftServerConfigKeys (ConfUtils.java:logGet(43)) - raft.server.write.element-limit = 4096 (default)
2019-10-10 18:57:42,978 [96039e4c-b643-44e2-8bb7-eb5cb505a59e@group-EDDE15DB90B5-LeaderElection84] INFO  server.RaftServerConfigKeys (ConfUtils.java:logGet(43)) - raft.server.watch.timeout = 10s (default)
2019-10-10 18:57:42,978 [96039e4c-b643-44e2-8bb7-eb5cb505a59e@group-EDDE15DB90B5-LeaderElection84] INFO  server.RaftServerConfigKeys (ConfUtils.java:logGet(43)) - raft.server.watch.timeout.denomination = 1s (default)
2019-10-10 18:57:42,978 [96039e4c-b643-44e2-8bb7-eb5cb505a59e@group-EDDE15DB90B5-LeaderElection84] INFO  server.RaftServerConfigKeys (ConfUtils.java:logGet(43)) - raft.server.watch.element-limit = 65536 (default)
2019-10-10 18:57:42,980 [96039e4c-b643-44e2-8bb7-eb5cb505a59e@group-EDDE15DB90B5-LeaderElection84] INFO  impl.RoleInfo (RoleInfo.java:updateAndGet(143)) - 96039e4c-b643-44e2-8bb7-eb5cb505a59e: start LeaderState
2019-10-10 18:57:42,981 [96039e4c-b643-44e2-8bb7-eb5cb505a59e@group-EDDE15DB90B5-LeaderElection84] INFO  segmented.SegmentedRaftLogWorker (SegmentedRaftLogWorker.java:startLogSegment(385)) - 96039e4c-b643-44e2-8bb7-eb5cb505a59e@group-EDDE15DB90B5-SegmentedRaftLogWorker: Starting segment from index:0
2019-10-10 18:57:42,981 [96039e4c-b643-44e2-8bb7-eb5cb505a59e@group-EDDE15DB90B5-LeaderElection84] INFO  impl.RaftServerImpl (ServerState.java:setRaftConf(356)) - 96039e4c-b643-44e2-8bb7-eb5cb505a59e@group-EDDE15DB90B5: set configuration 0: [96039e4c-b643-44e2-8bb7-eb5cb505a59e:192.168.5.175:43054], old=null at 0
2019-10-10 18:57:43,023 [96039e4c-b643-44e2-8bb7-eb5cb505a59e@group-EDDE15DB90B5-SegmentedRaftLogWorker] INFO  segmented.SegmentedRaftLogWorker (SegmentedRaftLogWorker.java:execute(574)) - 96039e4c-b643-44e2-8bb7-eb5cb505a59e@group-EDDE15DB90B5-SegmentedRaftLogWorker: created new log segment /workdir/hadoop-ozone/integration-test/target/test-dir/MiniOzoneClusterImpl-a1795259-24d0-4aef-a737-5c87c65197ee/datanode-3/data/ratis/3deb0244-9c63-436d-8092-edde15db90b5/current/log_inprogress_0
2019-10-10 18:57:43,036 [Thread-2360] INFO  impl.FollowerState (FollowerState.java:run(108)) - 2c850ad2-3c80-494d-b8a3-74731983b04b@group-2B61C082EC69-FollowerState: change to CANDIDATE, lastRpcTime:5128ms, electionTimeout:5128ms
2019-10-10 18:57:43,036 [Thread-2360] INFO  impl.RoleInfo (RoleInfo.java:shutdownFollowerState(121)) - 2c850ad2-3c80-494d-b8a3-74731983b04b: shutdown FollowerState
2019-10-10 18:57:43,037 [Thread-2360] INFO  impl.RaftServerImpl (RaftServerImpl.java:setRole(170)) - 2c850ad2-3c80-494d-b8a3-74731983b04b@group-2B61C082EC69: changes role from  FOLLOWER to CANDIDATE at term 0 for changeToCandidate
2019-10-10 18:57:43,037 [Thread-2360] INFO  impl.RoleInfo (RoleInfo.java:updateAndGet(143)) - 2c850ad2-3c80-494d-b8a3-74731983b04b: start LeaderElection
2019-10-10 18:57:43,066 [2c850ad2-3c80-494d-b8a3-74731983b04b@group-2B61C082EC69-LeaderElection85] INFO  impl.LeaderElection (LeaderElection.java:askForVotes(178)) - 2c850ad2-3c80-494d-b8a3-74731983b04b@group-2B61C082EC69-LeaderElection85: begin an election at term 1 for -1: [2c850ad2-3c80-494d-b8a3-74731983b04b:192.168.5.175:35527], old=null
2019-10-10 18:57:43,066 [2c850ad2-3c80-494d-b8a3-74731983b04b@group-2B61C082EC69-LeaderElection85] INFO  impl.RoleInfo (RoleInfo.java:shutdownLeaderElection(134)) - 2c850ad2-3c80-494d-b8a3-74731983b04b: shutdown LeaderElection
2019-10-10 18:57:43,067 [2c850ad2-3c80-494d-b8a3-74731983b04b@group-2B61C082EC69-LeaderElection85] INFO  impl.RaftServerImpl (RaftServerImpl.java:setRole(170)) - 2c850ad2-3c80-494d-b8a3-74731983b04b@group-2B61C082EC69: changes role from CANDIDATE to LEADER at term 1 for changeToLeader
2019-10-10 18:57:43,067 [2c850ad2-3c80-494d-b8a3-74731983b04b@group-2B61C082EC69-LeaderElection85] INFO  impl.RaftServerImpl (ServerState.java:setLeader(255)) - 2c850ad2-3c80-494d-b8a3-74731983b04b@group-2B61C082EC69: change Leader from null to 2c850ad2-3c80-494d-b8a3-74731983b04b at term 1 for becomeLeader, leader elected after 5166ms
2019-10-10 18:57:43,067 [2c850ad2-3c80-494d-b8a3-74731983b04b@group-2B61C082EC69-LeaderElection85] INFO  server.RaftServerConfigKeys (ConfUtils.java:logGet(43)) - raft.server.staging.catchup.gap = 1000 (default)
2019-10-10 18:57:43,067 [2c850ad2-3c80-494d-b8a3-74731983b04b@group-2B61C082EC69-LeaderElection85] INFO  server.RaftServerConfigKeys (ConfUtils.java:logGet(43)) - raft.server.rpc.sleep.time = 25ms (default)
2019-10-10 18:57:43,067 [2c850ad2-3c80-494d-b8a3-74731983b04b@group-2B61C082EC69-LeaderElection85] INFO  server.RaftServerConfigKeys (ConfUtils.java:logGet(43)) - raft.server.write.element-limit = 4096 (default)
2019-10-10 18:57:43,067 [2c850ad2-3c80-494d-b8a3-74731983b04b@group-2B61C082EC69-LeaderElection85] INFO  server.RaftServerConfigKeys (ConfUtils.java:logGet(43)) - raft.server.watch.timeout = 10s (default)
2019-10-10 18:57:43,068 [2c850ad2-3c80-494d-b8a3-74731983b04b@group-2B61C082EC69-LeaderElection85] INFO  server.RaftServerConfigKeys (ConfUtils.java:logGet(43)) - raft.server.watch.timeout.denomination = 1s (default)
2019-10-10 18:57:43,068 [2c850ad2-3c80-494d-b8a3-74731983b04b@group-2B61C082EC69-LeaderElection85] INFO  server.RaftServerConfigKeys (ConfUtils.java:logGet(43)) - raft.server.watch.element-limit = 65536 (default)
2019-10-10 18:57:43,068 [Thread-2365] INFO  impl.FollowerState (FollowerState.java:run(108)) - 96039e4c-b643-44e2-8bb7-eb5cb505a59e@group-AA5086519D57-FollowerState: change to CANDIDATE, lastRpcTime:5054ms, electionTimeout:5054ms
2019-10-10 18:57:43,069 [Thread-2365] INFO  impl.RoleInfo (RoleInfo.java:shutdownFollowerState(121)) - 96039e4c-b643-44e2-8bb7-eb5cb505a59e: shutdown FollowerState
2019-10-10 18:57:43,069 [Thread-2365] INFO  impl.RaftServerImpl (RaftServerImpl.java:setRole(170)) - 96039e4c-b643-44e2-8bb7-eb5cb505a59e@group-AA5086519D57: changes role from  FOLLOWER to CANDIDATE at term 0 for changeToCandidate
2019-10-10 18:57:43,069 [Thread-2365] INFO  impl.RoleInfo (RoleInfo.java:updateAndGet(143)) - 96039e4c-b643-44e2-8bb7-eb5cb505a59e: start LeaderElection
2019-10-10 18:57:43,083 [2c850ad2-3c80-494d-b8a3-74731983b04b@group-2B61C082EC69-LeaderElection85] INFO  impl.RoleInfo (RoleInfo.java:updateAndGet(143)) - 2c850ad2-3c80-494d-b8a3-74731983b04b: start LeaderState
2019-10-10 18:57:43,083 [2c850ad2-3c80-494d-b8a3-74731983b04b@group-2B61C082EC69-LeaderElection85] INFO  segmented.SegmentedRaftLogWorker (SegmentedRaftLogWorker.java:startLogSegment(385)) - 2c850ad2-3c80-494d-b8a3-74731983b04b@group-2B61C082EC69-SegmentedRaftLogWorker: Starting segment from index:0
2019-10-10 18:57:43,083 [2c850ad2-3c80-494d-b8a3-74731983b04b@group-2B61C082EC69-LeaderElection85] INFO  impl.RaftServerImpl (ServerState.java:setRaftConf(356)) - 2c850ad2-3c80-494d-b8a3-74731983b04b@group-2B61C082EC69: set configuration 0: [2c850ad2-3c80-494d-b8a3-74731983b04b:192.168.5.175:35527], old=null at 0
2019-10-10 18:57:43,095 [96039e4c-b643-44e2-8bb7-eb5cb505a59e@group-AA5086519D57-LeaderElection86] INFO  impl.LeaderElection (LeaderElection.java:askForVotes(178)) - 96039e4c-b643-44e2-8bb7-eb5cb505a59e@group-AA5086519D57-LeaderElection86: begin an election at term 1 for -1: [4d15a676-2e55-4ffc-9d84-56193ea1e648:192.168.5.175:43520, 2c850ad2-3c80-494d-b8a3-74731983b04b:192.168.5.175:35527, 96039e4c-b643-44e2-8bb7-eb5cb505a59e:192.168.5.175:43054], old=null
2019-10-10 18:57:43,122 [Thread-2370] INFO  impl.FollowerState (FollowerState.java:run(108)) - 2c850ad2-3c80-494d-b8a3-74731983b04b@group-AA5086519D57-FollowerState: change to CANDIDATE, lastRpcTime:5100ms, electionTimeout:5079ms
2019-10-10 18:57:43,122 [Thread-2370] INFO  impl.RoleInfo (RoleInfo.java:shutdownFollowerState(121)) - 2c850ad2-3c80-494d-b8a3-74731983b04b: shutdown FollowerState
2019-10-10 18:57:43,122 [Thread-2370] INFO  impl.RaftServerImpl (RaftServerImpl.java:setRole(170)) - 2c850ad2-3c80-494d-b8a3-74731983b04b@group-AA5086519D57: changes role from  FOLLOWER to CANDIDATE at term 0 for changeToCandidate
2019-10-10 18:57:43,122 [Thread-2370] INFO  impl.RoleInfo (RoleInfo.java:updateAndGet(143)) - 2c850ad2-3c80-494d-b8a3-74731983b04b: start LeaderElection
2019-10-10 18:57:43,134 [2c850ad2-3c80-494d-b8a3-74731983b04b@group-2B61C082EC69-SegmentedRaftLogWorker] INFO  segmented.SegmentedRaftLogWorker (SegmentedRaftLogWorker.java:execute(574)) - 2c850ad2-3c80-494d-b8a3-74731983b04b@group-2B61C082EC69-SegmentedRaftLogWorker: created new log segment /workdir/hadoop-ozone/integration-test/target/test-dir/MiniOzoneClusterImpl-a1795259-24d0-4aef-a737-5c87c65197ee/datanode-5/data/ratis/6b2610d4-a0de-46cb-ba07-2b61c082ec69/current/log_inprogress_0
2019-10-10 18:57:43,139 [grpc-default-executor-3] INFO  impl.RaftServerImpl (RaftServerImpl.java:setRole(170)) - 4d15a676-2e55-4ffc-9d84-56193ea1e648@group-AA5086519D57: changes role from  FOLLOWER to FOLLOWER at term 1 for recognizeCandidate:96039e4c-b643-44e2-8bb7-eb5cb505a59e
2019-10-10 18:57:43,139 [2c850ad2-3c80-494d-b8a3-74731983b04b@group-AA5086519D57-LeaderElection87] INFO  impl.LeaderElection (LeaderElection.java:askForVotes(178)) - 2c850ad2-3c80-494d-b8a3-74731983b04b@group-AA5086519D57-LeaderElection87: begin an election at term 1 for -1: [4d15a676-2e55-4ffc-9d84-56193ea1e648:192.168.5.175:43520, 2c850ad2-3c80-494d-b8a3-74731983b04b:192.168.5.175:35527, 96039e4c-b643-44e2-8bb7-eb5cb505a59e:192.168.5.175:43054], old=null
2019-10-10 18:57:43,139 [grpc-default-executor-3] INFO  impl.RoleInfo (RoleInfo.java:shutdownFollowerState(121)) - 4d15a676-2e55-4ffc-9d84-56193ea1e648: shutdown FollowerState
2019-10-10 18:57:43,140 [Thread-2369] INFO  impl.FollowerState (FollowerState.java:run(117)) - 4d15a676-2e55-4ffc-9d84-56193ea1e648@group-AA5086519D57-FollowerState was interrupted: java.lang.InterruptedException: sleep interrupted
2019-10-10 18:57:43,144 [grpc-default-executor-3] INFO  impl.RoleInfo (RoleInfo.java:updateAndGet(143)) - 4d15a676-2e55-4ffc-9d84-56193ea1e648: start FollowerState
2019-10-10 18:57:43,170 [96039e4c-b643-44e2-8bb7-eb5cb505a59e@group-AA5086519D57-LeaderElection86] INFO  impl.LeaderElection (LeaderElection.java:logAndReturn(56)) - 96039e4c-b643-44e2-8bb7-eb5cb505a59e@group-AA5086519D57-LeaderElection86: Election PASSED; received 2 response(s) [96039e4c-b643-44e2-8bb7-eb5cb505a59e<-4d15a676-2e55-4ffc-9d84-56193ea1e648#0:OK-t1, 96039e4c-b643-44e2-8bb7-eb5cb505a59e<-2c850ad2-3c80-494d-b8a3-74731983b04b#0:FAIL-t1] and 0 exception(s); 96039e4c-b643-44e2-8bb7-eb5cb505a59e@group-AA5086519D57:t1, leader=null, voted=96039e4c-b643-44e2-8bb7-eb5cb505a59e, raftlog=96039e4c-b643-44e2-8bb7-eb5cb505a59e@group-AA5086519D57-SegmentedRaftLog:OPENED:c-1,f-1,i0, conf=-1: [4d15a676-2e55-4ffc-9d84-56193ea1e648:192.168.5.175:43520, 2c850ad2-3c80-494d-b8a3-74731983b04b:192.168.5.175:35527, 96039e4c-b643-44e2-8bb7-eb5cb505a59e:192.168.5.175:43054], old=null
2019-10-10 18:57:43,170 [2c850ad2-3c80-494d-b8a3-74731983b04b@group-AA5086519D57-LeaderElection87] INFO  impl.LeaderElection (LeaderElection.java:logAndReturn(56)) - 2c850ad2-3c80-494d-b8a3-74731983b04b@group-AA5086519D57-LeaderElection87: Election REJECTED; received 2 response(s) [2c850ad2-3c80-494d-b8a3-74731983b04b<-4d15a676-2e55-4ffc-9d84-56193ea1e648#0:FAIL-t1, 2c850ad2-3c80-494d-b8a3-74731983b04b<-96039e4c-b643-44e2-8bb7-eb5cb505a59e#0:FAIL-t1] and 0 exception(s); 2c850ad2-3c80-494d-b8a3-74731983b04b@group-AA5086519D57:t1, leader=null, voted=2c850ad2-3c80-494d-b8a3-74731983b04b, raftlog=2c850ad2-3c80-494d-b8a3-74731983b04b@group-AA5086519D57-SegmentedRaftLog:OPENED:c-1,f-1,i0, conf=-1: [4d15a676-2e55-4ffc-9d84-56193ea1e648:192.168.5.175:43520, 2c850ad2-3c80-494d-b8a3-74731983b04b:192.168.5.175:35527, 96039e4c-b643-44e2-8bb7-eb5cb505a59e:192.168.5.175:43054], old=null
2019-10-10 18:57:43,170 [96039e4c-b643-44e2-8bb7-eb5cb505a59e@group-AA5086519D57-LeaderElection86] INFO  impl.RoleInfo (RoleInfo.java:shutdownLeaderElection(134)) - 96039e4c-b643-44e2-8bb7-eb5cb505a59e: shutdown LeaderElection
2019-10-10 18:57:43,174 [2c850ad2-3c80-494d-b8a3-74731983b04b@group-AA5086519D57-LeaderElection87] INFO  impl.RaftServerImpl (RaftServerImpl.java:setRole(170)) - 2c850ad2-3c80-494d-b8a3-74731983b04b@group-AA5086519D57: changes role from CANDIDATE to FOLLOWER at term 1 for DISCOVERED_A_NEW_TERM
2019-10-10 18:57:43,174 [96039e4c-b643-44e2-8bb7-eb5cb505a59e@group-AA5086519D57-LeaderElection86] INFO  impl.RaftServerImpl (RaftServerImpl.java:setRole(170)) - 96039e4c-b643-44e2-8bb7-eb5cb505a59e@group-AA5086519D57: changes role from CANDIDATE to LEADER at term 1 for changeToLeader
2019-10-10 18:57:43,178 [2c850ad2-3c80-494d-b8a3-74731983b04b@group-AA5086519D57-LeaderElection87] INFO  impl.RoleInfo (RoleInfo.java:shutdownLeaderElection(134)) - 2c850ad2-3c80-494d-b8a3-74731983b04b: shutdown LeaderElection
2019-10-10 18:57:43,178 [96039e4c-b643-44e2-8bb7-eb5cb505a59e@group-AA5086519D57-LeaderElection86] INFO  impl.RaftServerImpl (ServerState.java:setLeader(255)) - 96039e4c-b643-44e2-8bb7-eb5cb505a59e@group-AA5086519D57: change Leader from null to 96039e4c-b643-44e2-8bb7-eb5cb505a59e at term 1 for becomeLeader, leader elected after 5185ms
2019-10-10 18:57:43,178 [2c850ad2-3c80-494d-b8a3-74731983b04b@group-AA5086519D57-LeaderElection87] INFO  impl.RoleInfo (RoleInfo.java:updateAndGet(143)) - 2c850ad2-3c80-494d-b8a3-74731983b04b: start FollowerState
2019-10-10 18:57:43,178 [96039e4c-b643-44e2-8bb7-eb5cb505a59e@group-AA5086519D57-LeaderElection86] INFO  server.RaftServerConfigKeys (ConfUtils.java:logGet(43)) - raft.server.staging.catchup.gap = 1000 (default)
2019-10-10 18:57:43,179 [96039e4c-b643-44e2-8bb7-eb5cb505a59e@group-AA5086519D57-LeaderElection86] INFO  server.RaftServerConfigKeys (ConfUtils.java:logGet(43)) - raft.server.rpc.sleep.time = 25ms (default)
2019-10-10 18:57:43,179 [96039e4c-b643-44e2-8bb7-eb5cb505a59e@group-AA5086519D57-LeaderElection86] INFO  server.RaftServerConfigKeys (ConfUtils.java:logGet(43)) - raft.server.write.element-limit = 4096 (default)
2019-10-10 18:57:43,179 [96039e4c-b643-44e2-8bb7-eb5cb505a59e@group-AA5086519D57-LeaderElection86] INFO  server.RaftServerConfigKeys (ConfUtils.java:logGet(43)) - raft.server.watch.timeout = 10s (default)
2019-10-10 18:57:43,179 [96039e4c-b643-44e2-8bb7-eb5cb505a59e@group-AA5086519D57-LeaderElection86] INFO  server.RaftServerConfigKeys (ConfUtils.java:logGet(43)) - raft.server.watch.timeout.denomination = 1s (default)
2019-10-10 18:57:43,179 [96039e4c-b643-44e2-8bb7-eb5cb505a59e@group-AA5086519D57-LeaderElection86] INFO  server.RaftServerConfigKeys (ConfUtils.java:logGet(43)) - raft.server.watch.element-limit = 65536 (default)
2019-10-10 18:57:43,181 [96039e4c-b643-44e2-8bb7-eb5cb505a59e@group-AA5086519D57-LeaderElection86] INFO  server.RaftServerConfigKeys (ConfUtils.java:logGet(43)) - raft.server.log.appender.snapshot.chunk.size.max = 16MB (=16777216) (default)
2019-10-10 18:57:43,181 [96039e4c-b643-44e2-8bb7-eb5cb505a59e@group-AA5086519D57-LeaderElection86] INFO  server.RaftServerConfigKeys (ConfUtils.java:logGet(43)) - raft.server.log.appender.buffer.byte-limit = 33554432 (custom)
2019-10-10 18:57:43,181 [96039e4c-b643-44e2-8bb7-eb5cb505a59e@group-AA5086519D57-LeaderElection86] INFO  server.RaftServerConfigKeys (ConfUtils.java:logGet(43)) - raft.server.log.appender.buffer.element-limit = 1 (custom)
2019-10-10 18:57:43,182 [96039e4c-b643-44e2-8bb7-eb5cb505a59e@group-AA5086519D57-LeaderElection86] INFO  grpc.GrpcConfigKeys$Server (ConfUtils.java:logGet(43)) - raft.grpc.server.leader.outstanding.appends.max = 128 (default)
2019-10-10 18:57:43,182 [96039e4c-b643-44e2-8bb7-eb5cb505a59e@group-AA5086519D57-LeaderElection86] INFO  server.RaftServerConfigKeys (ConfUtils.java:logGet(43)) - raft.server.rpc.request.timeout = 3000ms (default)
2019-10-10 18:57:43,182 [96039e4c-b643-44e2-8bb7-eb5cb505a59e@group-AA5086519D57-LeaderElection86] INFO  server.RaftServerConfigKeys (ConfUtils.java:logGet(43)) - raft.server.log.appender.install.snapshot.enabled = false (custom)
2019-10-10 18:57:43,182 [96039e4c-b643-44e2-8bb7-eb5cb505a59e@group-AA5086519D57-LeaderElection86] INFO  server.RaftServerConfigKeys (ConfUtils.java:logGet(43)) - raft.server.log.appender.snapshot.chunk.size.max = 16MB (=16777216) (default)
2019-10-10 18:57:43,182 [96039e4c-b643-44e2-8bb7-eb5cb505a59e@group-AA5086519D57-LeaderElection86] INFO  server.RaftServerConfigKeys (ConfUtils.java:logGet(43)) - raft.server.log.appender.buffer.byte-limit = 33554432 (custom)
2019-10-10 18:57:43,183 [96039e4c-b643-44e2-8bb7-eb5cb505a59e@group-AA5086519D57-LeaderElection86] INFO  server.RaftServerConfigKeys (ConfUtils.java:logGet(43)) - raft.server.log.appender.buffer.element-limit = 1 (custom)
2019-10-10 18:57:43,183 [96039e4c-b643-44e2-8bb7-eb5cb505a59e@group-AA5086519D57-LeaderElection86] INFO  grpc.GrpcConfigKeys$Server (ConfUtils.java:logGet(43)) - raft.grpc.server.leader.outstanding.appends.max = 128 (default)
2019-10-10 18:57:43,183 [96039e4c-b643-44e2-8bb7-eb5cb505a59e@group-AA5086519D57-LeaderElection86] INFO  server.RaftServerConfigKeys (ConfUtils.java:logGet(43)) - raft.server.rpc.request.timeout = 3000ms (default)
2019-10-10 18:57:43,183 [96039e4c-b643-44e2-8bb7-eb5cb505a59e@group-AA5086519D57-LeaderElection86] INFO  server.RaftServerConfigKeys (ConfUtils.java:logGet(43)) - raft.server.log.appender.install.snapshot.enabled = false (custom)
2019-10-10 18:57:43,183 [96039e4c-b643-44e2-8bb7-eb5cb505a59e@group-AA5086519D57-LeaderElection86] INFO  impl.RoleInfo (RoleInfo.java:updateAndGet(143)) - 96039e4c-b643-44e2-8bb7-eb5cb505a59e: start LeaderState
2019-10-10 18:57:43,184 [96039e4c-b643-44e2-8bb7-eb5cb505a59e@group-AA5086519D57-LeaderElection86] INFO  segmented.SegmentedRaftLogWorker (SegmentedRaftLogWorker.java:startLogSegment(385)) - 96039e4c-b643-44e2-8bb7-eb5cb505a59e@group-AA5086519D57-SegmentedRaftLogWorker: Starting segment from index:0
2019-10-10 18:57:43,185 [96039e4c-b643-44e2-8bb7-eb5cb505a59e@group-AA5086519D57-LeaderElection86] INFO  impl.RaftServerImpl (ServerState.java:setRaftConf(356)) - 96039e4c-b643-44e2-8bb7-eb5cb505a59e@group-AA5086519D57: set configuration 0: [4d15a676-2e55-4ffc-9d84-56193ea1e648:192.168.5.175:43520, 2c850ad2-3c80-494d-b8a3-74731983b04b:192.168.5.175:35527, 96039e4c-b643-44e2-8bb7-eb5cb505a59e:192.168.5.175:43054], old=null at 0
2019-10-10 18:57:43,186 [grpc-default-executor-1] INFO  impl.RaftServerImpl (ServerState.java:setLeader(255)) - 2c850ad2-3c80-494d-b8a3-74731983b04b@group-AA5086519D57: change Leader from null to 96039e4c-b643-44e2-8bb7-eb5cb505a59e at term 1 for appendEntries, leader elected after 5192ms
2019-10-10 18:57:43,186 [grpc-default-executor-3] INFO  impl.RaftServerImpl (ServerState.java:setLeader(255)) - 4d15a676-2e55-4ffc-9d84-56193ea1e648@group-AA5086519D57: change Leader from null to 96039e4c-b643-44e2-8bb7-eb5cb505a59e at term 1 for appendEntries, leader elected after 5194ms
2019-10-10 18:57:43,188 [grpc-default-executor-1] INFO  impl.RaftServerImpl (ServerState.java:setRaftConf(356)) - 2c850ad2-3c80-494d-b8a3-74731983b04b@group-AA5086519D57: set configuration 0: [4d15a676-2e55-4ffc-9d84-56193ea1e648:192.168.5.175:43520, 2c850ad2-3c80-494d-b8a3-74731983b04b:192.168.5.175:35527, 96039e4c-b643-44e2-8bb7-eb5cb505a59e:192.168.5.175:43054], old=null at 0
2019-10-10 18:57:43,188 [grpc-default-executor-1] INFO  segmented.SegmentedRaftLogWorker (SegmentedRaftLogWorker.java:startLogSegment(385)) - 2c850ad2-3c80-494d-b8a3-74731983b04b@group-AA5086519D57-SegmentedRaftLogWorker: Starting segment from index:0
2019-10-10 18:57:43,188 [grpc-default-executor-3] INFO  impl.RaftServerImpl (ServerState.java:setRaftConf(356)) - 4d15a676-2e55-4ffc-9d84-56193ea1e648@group-AA5086519D57: set configuration 0: [4d15a676-2e55-4ffc-9d84-56193ea1e648:192.168.5.175:43520, 2c850ad2-3c80-494d-b8a3-74731983b04b:192.168.5.175:35527, 96039e4c-b643-44e2-8bb7-eb5cb505a59e:192.168.5.175:43054], old=null at 0
2019-10-10 18:57:43,188 [grpc-default-executor-3] INFO  segmented.SegmentedRaftLogWorker (SegmentedRaftLogWorker.java:startLogSegment(385)) - 4d15a676-2e55-4ffc-9d84-56193ea1e648@group-AA5086519D57-SegmentedRaftLogWorker: Starting segment from index:0
2019-10-10 18:57:43,240 [4d15a676-2e55-4ffc-9d84-56193ea1e648@group-AA5086519D57-SegmentedRaftLogWorker] INFO  segmented.SegmentedRaftLogWorker (SegmentedRaftLogWorker.java:execute(574)) - 4d15a676-2e55-4ffc-9d84-56193ea1e648@group-AA5086519D57-SegmentedRaftLogWorker: created new log segment /workdir/hadoop-ozone/integration-test/target/test-dir/MiniOzoneClusterImpl-a1795259-24d0-4aef-a737-5c87c65197ee/datanode-4/data/ratis/d7d55629-5931-45cd-b76a-aa5086519d57/current/log_inprogress_0
2019-10-10 18:57:43,240 [2c850ad2-3c80-494d-b8a3-74731983b04b@group-AA5086519D57-SegmentedRaftLogWorker] INFO  segmented.SegmentedRaftLogWorker (SegmentedRaftLogWorker.java:execute(574)) - 2c850ad2-3c80-494d-b8a3-74731983b04b@group-AA5086519D57-SegmentedRaftLogWorker: created new log segment /workdir/hadoop-ozone/integration-test/target/test-dir/MiniOzoneClusterImpl-a1795259-24d0-4aef-a737-5c87c65197ee/datanode-5/data/ratis/d7d55629-5931-45cd-b76a-aa5086519d57/current/log_inprogress_0
2019-10-10 18:57:43,240 [96039e4c-b643-44e2-8bb7-eb5cb505a59e@group-AA5086519D57-SegmentedRaftLogWorker] INFO  segmented.SegmentedRaftLogWorker (SegmentedRaftLogWorker.java:execute(574)) - 96039e4c-b643-44e2-8bb7-eb5cb505a59e@group-AA5086519D57-SegmentedRaftLogWorker: created new log segment /workdir/hadoop-ozone/integration-test/target/test-dir/MiniOzoneClusterImpl-a1795259-24d0-4aef-a737-5c87c65197ee/datanode-3/data/ratis/d7d55629-5931-45cd-b76a-aa5086519d57/current/log_inprogress_0
2019-10-10 18:57:43,993 [grpc-default-executor-3] WARN  server.GrpcLogAppender (LogUtils.java:warn(134)) - 12a9a7aa-6562-40ed-85de-9a2aa2bb6d39@group-B0BE3D968BF3->75b5220e-e7c8-4312-8c4b-73d9cd51c490-AppendLogResponseHandler: Failed appendEntries: org.apache.ratis.thirdparty.io.grpc.StatusRuntimeException: UNAVAILABLE: io exception
2019-10-10 18:57:43,994 [grpc-default-executor-3] INFO  impl.FollowerInfo (FollowerInfo.java:lambda$new$0(51)) - 12a9a7aa-6562-40ed-85de-9a2aa2bb6d39@group-B0BE3D968BF3->75b5220e-e7c8-4312-8c4b-73d9cd51c490: nextIndex: updateUnconditionally 0 -> 0
2019-10-10 18:57:44,045 [grpc-default-executor-3] WARN  server.GrpcLogAppender (LogUtils.java:warn(134)) - 12a9a7aa-6562-40ed-85de-9a2aa2bb6d39@group-B0BE3D968BF3->eeda6462-8660-4cf3-b39a-3e2831ed42ce-AppendLogResponseHandler: Failed appendEntries: org.apache.ratis.thirdparty.io.grpc.StatusRuntimeException: UNAVAILABLE: io exception
2019-10-10 18:57:44,046 [grpc-default-executor-3] INFO  impl.FollowerInfo (FollowerInfo.java:lambda$new$0(51)) - 12a9a7aa-6562-40ed-85de-9a2aa2bb6d39@group-B0BE3D968BF3->eeda6462-8660-4cf3-b39a-3e2831ed42ce: nextIndex: updateUnconditionally 0 -> 0
2019-10-10 18:57:46,495 [grpc-default-executor-1] WARN  server.GrpcLogAppender (LogUtils.java:warn(134)) - 12a9a7aa-6562-40ed-85de-9a2aa2bb6d39@group-B0BE3D968BF3->75b5220e-e7c8-4312-8c4b-73d9cd51c490-AppendLogResponseHandler: Failed appendEntries: org.apache.ratis.thirdparty.io.grpc.StatusRuntimeException: UNAVAILABLE: io exception
2019-10-10 18:57:46,495 [grpc-default-executor-1] INFO  impl.FollowerInfo (FollowerInfo.java:lambda$new$0(51)) - 12a9a7aa-6562-40ed-85de-9a2aa2bb6d39@group-B0BE3D968BF3->75b5220e-e7c8-4312-8c4b-73d9cd51c490: nextIndex: updateUnconditionally 0 -> 0
2019-10-10 18:57:46,546 [grpc-default-executor-7] WARN  server.GrpcLogAppender (LogUtils.java:warn(134)) - 12a9a7aa-6562-40ed-85de-9a2aa2bb6d39@group-B0BE3D968BF3->eeda6462-8660-4cf3-b39a-3e2831ed42ce-AppendLogResponseHandler: Failed appendEntries: org.apache.ratis.thirdparty.io.grpc.StatusRuntimeException: UNAVAILABLE: io exception
2019-10-10 18:57:46,546 [grpc-default-executor-7] INFO  impl.FollowerInfo (FollowerInfo.java:lambda$new$0(51)) - 12a9a7aa-6562-40ed-85de-9a2aa2bb6d39@group-B0BE3D968BF3->eeda6462-8660-4cf3-b39a-3e2831ed42ce: nextIndex: updateUnconditionally 0 -> 0
2019-10-10 18:57:46,857 [Thread-2458] INFO  client.GrpcClientProtocolService (GrpcClientProtocolService.java:lambda$processClientRequest$0(278)) - Failed RaftClientRequest:client-BE5279E43264->12a9a7aa-6562-40ed-85de-9a2aa2bb6d39@group-B0BE3D968BF3, cid=68, seq=0, Watch-MAJORITY_COMMITTED(26), Message:<EMPTY>, reply=RaftClientReply:client-BE5279E43264->12a9a7aa-6562-40ed-85de-9a2aa2bb6d39@group-B0BE3D968BF3, cid=68, FAILED org.apache.ratis.protocol.NotReplicatedException: Request with call Id 68 and log index 26 is not yet replicated to MAJORITY_COMMITTED, logIndex=26, commits[12a9a7aa-6562-40ed-85de-9a2aa2bb6d39:c2, 75b5220e-e7c8-4312-8c4b-73d9cd51c490:c2, eeda6462-8660-4cf3-b39a-3e2831ed42ce:c2]
2019-10-10 18:57:48,064 [EventQueue-StaleNodeForStaleNodeHandler] INFO  node.StaleNodeHandler (StaleNodeHandler.java:onMessage(58)) - Datanode 75b5220e-e7c8-4312-8c4b-73d9cd51c490{ip: 192.168.5.175, host: pr-hdds-2194-9vxpc-1955504311, networkLocation: /default-rack, certSerialId: null} moved to stale state. Finalizing its pipelines [PipelineID=8b0aef95-5b9c-492e-98c4-b0be3d968bf3, PipelineID=0c06c982-68ab-4482-b025-eec2b73a2c96]
2019-10-10 18:57:48,065 [EventQueue-StaleNodeForStaleNodeHandler] INFO  pipeline.SCMPipelineManager (SCMPipelineManager.java:finalizeAndDestroyPipeline(315)) - destroying pipeline:Pipeline[ Id: 8b0aef95-5b9c-492e-98c4-b0be3d968bf3, Nodes: 75b5220e-e7c8-4312-8c4b-73d9cd51c490{ip: 192.168.5.175, host: pr-hdds-2194-9vxpc-1955504311, networkLocation: /default-rack, certSerialId: null}eeda6462-8660-4cf3-b39a-3e2831ed42ce{ip: 192.168.5.175, host: pr-hdds-2194-9vxpc-1955504311, networkLocation: /default-rack, certSerialId: null}12a9a7aa-6562-40ed-85de-9a2aa2bb6d39{ip: 192.168.5.175, host: pr-hdds-2194-9vxpc-1955504311, networkLocation: /default-rack, certSerialId: null}, Type:RATIS, Factor:THREE, State:OPEN]
2019-10-10 18:57:48,066 [EventQueue-StaleNodeForStaleNodeHandler] INFO  pipeline.PipelineStateManager (PipelineStateManager.java:finalizePipeline(123)) - Pipeline Pipeline[ Id: 8b0aef95-5b9c-492e-98c4-b0be3d968bf3, Nodes: 75b5220e-e7c8-4312-8c4b-73d9cd51c490{ip: 192.168.5.175, host: pr-hdds-2194-9vxpc-1955504311, networkLocation: /default-rack, certSerialId: null}eeda6462-8660-4cf3-b39a-3e2831ed42ce{ip: 192.168.5.175, host: pr-hdds-2194-9vxpc-1955504311, networkLocation: /default-rack, certSerialId: null}12a9a7aa-6562-40ed-85de-9a2aa2bb6d39{ip: 192.168.5.175, host: pr-hdds-2194-9vxpc-1955504311, networkLocation: /default-rack, certSerialId: null}, Type:RATIS, Factor:THREE, State:CLOSED] moved to CLOSED state
2019-10-10 18:57:48,067 [EventQueue-CloseContainerForCloseContainerEventHandler] INFO  container.CloseContainerEventHandler (CloseContainerEventHandler.java:onMessage(61)) - Close container Event triggered for container : #1
2019-10-10 18:57:48,084 [EventQueue-StaleNodeForStaleNodeHandler] INFO  pipeline.SCMPipelineManager (SCMPipelineManager.java:finalizeAndDestroyPipeline(315)) - destroying pipeline:Pipeline[ Id: 0c06c982-68ab-4482-b025-eec2b73a2c96, Nodes: 75b5220e-e7c8-4312-8c4b-73d9cd51c490{ip: 192.168.5.175, host: pr-hdds-2194-9vxpc-1955504311, networkLocation: /default-rack, certSerialId: null}, Type:RATIS, Factor:ONE, State:OPEN]
2019-10-10 18:57:48,088 [EventQueue-StaleNodeForStaleNodeHandler] INFO  pipeline.PipelineStateManager (PipelineStateManager.java:finalizePipeline(123)) - Pipeline Pipeline[ Id: 0c06c982-68ab-4482-b025-eec2b73a2c96, Nodes: 75b5220e-e7c8-4312-8c4b-73d9cd51c490{ip: 192.168.5.175, host: pr-hdds-2194-9vxpc-1955504311, networkLocation: /default-rack, certSerialId: null}, Type:RATIS, Factor:ONE, State:CLOSED] moved to CLOSED state
2019-10-10 18:57:48,356 [Datanode State Machine Thread - 0] INFO  statemachine.DatanodeStateMachine (DatanodeStateMachine.java:lambda$startDaemon$0(350)) - Ozone container server started.
2019-10-10 18:57:48,358 [main] INFO  ozoneimpl.OzoneContainer (OzoneContainer.java:stop(227)) - Attempting to stop container services.
2019-10-10 18:57:48,359 [main] INFO  impl.RaftServerProxy (RaftServerProxy.java:lambda$close$4(314)) - 843fc1ff-de1b-43cb-8950-fd116d4d559a: close
2019-10-10 18:57:48,360 [main] INFO  impl.RaftServerImpl (RaftServerImpl.java:lambda$shutdown$3(247)) - 843fc1ff-de1b-43cb-8950-fd116d4d559a@group-2B6893DBC2F1: shutdown
2019-10-10 18:57:48,360 [main] INFO  util.JmxRegister (JmxRegister.java:unregister(73)) - Successfully un-registered JMX Bean with object name Ratis:service=RaftServer,group=group-2B6893DBC2F1,id=843fc1ff-de1b-43cb-8950-fd116d4d559a
2019-10-10 18:57:48,360 [main] INFO  impl.RoleInfo (RoleInfo.java:shutdownLeaderState(104)) - 843fc1ff-de1b-43cb-8950-fd116d4d559a: shutdown LeaderState
2019-10-10 18:57:48,361 [main] INFO  impl.PendingRequests (PendingRequests.java:sendNotLeaderResponses(202)) - 843fc1ff-de1b-43cb-8950-fd116d4d559a@group-2B6893DBC2F1-PendingRequests: sendNotLeaderResponses
2019-10-10 18:57:48,362 [main] INFO  impl.StateMachineUpdater (StateMachineUpdater.java:stopAndJoin(136)) - 843fc1ff-de1b-43cb-8950-fd116d4d559a@group-2B6893DBC2F1-StateMachineUpdater: set stopIndex = 0
2019-10-10 18:57:48,362 [main] INFO  impl.RaftServerImpl (ServerState.java:close(387)) - 843fc1ff-de1b-43cb-8950-fd116d4d559a@group-2B6893DBC2F1: closes. applyIndex: 0
2019-10-10 18:57:48,363 [843fc1ff-de1b-43cb-8950-fd116d4d559a@group-2B6893DBC2F1-SegmentedRaftLogWorker] INFO  segmented.SegmentedRaftLogWorker (SegmentedRaftLogWorker.java:run(316)) - 843fc1ff-de1b-43cb-8950-fd116d4d559a@group-2B6893DBC2F1-SegmentedRaftLogWorker was interrupted, exiting. There are 0 tasks remaining in the queue.
2019-10-10 18:57:48,367 [main] INFO  segmented.SegmentedRaftLogWorker (SegmentedRaftLogWorker.java:close(224)) - 843fc1ff-de1b-43cb-8950-fd116d4d559a@group-2B6893DBC2F1-SegmentedRaftLogWorker close()
2019-10-10 18:57:48,371 [main] INFO  impl.RaftServerImpl (RaftServerImpl.java:lambda$shutdown$3(247)) - 843fc1ff-de1b-43cb-8950-fd116d4d559a@group-FB20B86FE1F5: shutdown
2019-10-10 18:57:48,372 [main] INFO  util.JmxRegister (JmxRegister.java:unregister(73)) - Successfully un-registered JMX Bean with object name Ratis:service=RaftServer,group=group-FB20B86FE1F5,id=843fc1ff-de1b-43cb-8950-fd116d4d559a
2019-10-10 18:57:48,372 [main] INFO  impl.RoleInfo (RoleInfo.java:shutdownLeaderState(104)) - 843fc1ff-de1b-43cb-8950-fd116d4d559a: shutdown LeaderState
2019-10-10 18:57:48,377 [main] INFO  impl.PendingRequests (PendingRequests.java:sendNotLeaderResponses(202)) - 843fc1ff-de1b-43cb-8950-fd116d4d559a@group-FB20B86FE1F5-PendingRequests: sendNotLeaderResponses
2019-10-10 18:57:48,377 [org.apache.ratis.server.impl.LogAppender$AppenderDaemon$$Lambda$554/1415405778@622c799c] WARN  server.GrpcLogAppender (GrpcLogAppender.java:mayWait(143)) - 843fc1ff-de1b-43cb-8950-fd116d4d559a@group-FB20B86FE1F5->a1a4984a-d14b-4502-b8a5-379a579f780f-GrpcLogAppender: Wait interrupted by java.lang.InterruptedException
2019-10-10 18:57:48,377 [org.apache.ratis.server.impl.LogAppender$AppenderDaemon$$Lambda$554/1415405778@7b209044] WARN  server.GrpcLogAppender (GrpcLogAppender.java:mayWait(143)) - 843fc1ff-de1b-43cb-8950-fd116d4d559a@group-FB20B86FE1F5->265b844d-cb6b-4ae0-ac03-f38a312a4086-GrpcLogAppender: Wait interrupted by java.lang.InterruptedException
2019-10-10 18:57:48,388 [843fc1ff-de1b-43cb-8950-fd116d4d559a@group-FB20B86FE1F5-StateMachineUpdater] INFO  ratis.ContainerStateMachine (ContainerStateMachine.java:takeSnapshot(294)) - group-FB20B86FE1F5: Taking a snapshot at:(t:1, i:2) file /workdir/hadoop-ozone/integration-test/target/test-dir/MiniOzoneClusterImpl-a1795259-24d0-4aef-a737-5c87c65197ee/datanode-0/data/ratis/52b96314-6f8c-43c2-b6f9-fb20b86fe1f5/sm/snapshot.1_2
2019-10-10 18:57:48,388 [main] INFO  impl.StateMachineUpdater (StateMachineUpdater.java:stopAndJoin(136)) - 843fc1ff-de1b-43cb-8950-fd116d4d559a@group-FB20B86FE1F5-StateMachineUpdater: set stopIndex = 2
2019-10-10 18:57:48,388 [grpc-default-executor-1] INFO  server.GrpcServerProtocolService (GrpcServerProtocolService.java:onCompleted(113)) - a1a4984a-d14b-4502-b8a5-379a579f780f: Completed APPEND_ENTRIES, lastRequest: 843fc1ff-de1b-43cb-8950-fd116d4d559a->a1a4984a-d14b-4502-b8a5-379a579f780f#5-t1, previous=(t:1, i:2), leaderCommit=2, initializing? false, entries: <empty>
2019-10-10 18:57:48,389 [grpc-default-executor-7] INFO  server.GrpcServerProtocolService (GrpcServerProtocolService.java:onCompleted(113)) - 265b844d-cb6b-4ae0-ac03-f38a312a4086: Completed APPEND_ENTRIES, lastRequest: 843fc1ff-de1b-43cb-8950-fd116d4d559a->265b844d-cb6b-4ae0-ac03-f38a312a4086#5-t1, previous=(t:1, i:2), leaderCommit=2, initializing? false, entries: <empty>
2019-10-10 18:57:48,389 [grpc-default-executor-7] INFO  server.GrpcLogAppender (GrpcLogAppender.java:onCompleted(293)) - 843fc1ff-de1b-43cb-8950-fd116d4d559a@group-FB20B86FE1F5->a1a4984a-d14b-4502-b8a5-379a579f780f-AppendLogResponseHandler: follower responses appendEntries COMPLETED
2019-10-10 18:57:48,389 [grpc-default-executor-1] INFO  server.GrpcLogAppender (GrpcLogAppender.java:onCompleted(293)) - 843fc1ff-de1b-43cb-8950-fd116d4d559a@group-FB20B86FE1F5->265b844d-cb6b-4ae0-ac03-f38a312a4086-AppendLogResponseHandler: follower responses appendEntries COMPLETED
2019-10-10 18:57:48,390 [grpc-default-executor-7] INFO  impl.FollowerInfo (FollowerInfo.java:lambda$new$0(51)) - 843fc1ff-de1b-43cb-8950-fd116d4d559a@group-FB20B86FE1F5->a1a4984a-d14b-4502-b8a5-379a579f780f: nextIndex: updateUnconditionally 3 -> 2
2019-10-10 18:57:48,390 [grpc-default-executor-1] INFO  impl.FollowerInfo (FollowerInfo.java:lambda$new$0(51)) - 843fc1ff-de1b-43cb-8950-fd116d4d559a@group-FB20B86FE1F5->265b844d-cb6b-4ae0-ac03-f38a312a4086: nextIndex: updateUnconditionally 3 -> 2
2019-10-10 18:57:48,402 [843fc1ff-de1b-43cb-8950-fd116d4d559a@group-FB20B86FE1F5-StateMachineUpdater] INFO  ratis.ContainerStateMachine (ContainerStateMachine.java:takeSnapshot(305)) - group-FB20B86FE1F5: Finished taking a snapshot at:(t:1, i:2) file:/workdir/hadoop-ozone/integration-test/target/test-dir/MiniOzoneClusterImpl-a1795259-24d0-4aef-a737-5c87c65197ee/datanode-0/data/ratis/52b96314-6f8c-43c2-b6f9-fb20b86fe1f5/sm/snapshot.1_2 time:14
2019-10-10 18:57:48,402 [843fc1ff-de1b-43cb-8950-fd116d4d559a@group-FB20B86FE1F5-StateMachineUpdater] INFO  impl.StateMachineUpdater (StateMachineUpdater.java:takeSnapshot(269)) - 843fc1ff-de1b-43cb-8950-fd116d4d559a@group-FB20B86FE1F5-StateMachineUpdater: Took a snapshot at index 2
2019-10-10 18:57:48,403 [843fc1ff-de1b-43cb-8950-fd116d4d559a@group-FB20B86FE1F5-StateMachineUpdater] INFO  impl.StateMachineUpdater (StateMachineUpdater.java:lambda$new$0(84)) - 843fc1ff-de1b-43cb-8950-fd116d4d559a@group-FB20B86FE1F5-StateMachineUpdater: snapshotIndex: updateIncreasingly -1 -> 2
2019-10-10 18:57:48,403 [main] INFO  impl.RaftServerImpl (ServerState.java:close(387)) - 843fc1ff-de1b-43cb-8950-fd116d4d559a@group-FB20B86FE1F5: closes. applyIndex: 2
2019-10-10 18:57:48,404 [843fc1ff-de1b-43cb-8950-fd116d4d559a@group-FB20B86FE1F5-SegmentedRaftLogWorker] INFO  segmented.SegmentedRaftLogWorker (SegmentedRaftLogWorker.java:run(316)) - 843fc1ff-de1b-43cb-8950-fd116d4d559a@group-FB20B86FE1F5-SegmentedRaftLogWorker was interrupted, exiting. There are 0 tasks remaining in the queue.
2019-10-10 18:57:48,406 [main] INFO  segmented.SegmentedRaftLogWorker (SegmentedRaftLogWorker.java:close(224)) - 843fc1ff-de1b-43cb-8950-fd116d4d559a@group-FB20B86FE1F5-SegmentedRaftLogWorker close()
2019-10-10 18:57:48,412 [main] INFO  server.GrpcService (GrpcService.java:closeImpl(164)) - 843fc1ff-de1b-43cb-8950-fd116d4d559a: shutdown server with port 45815 now
2019-10-10 18:57:48,413 [main] INFO  server.GrpcService (GrpcService.java:closeImpl(172)) - 843fc1ff-de1b-43cb-8950-fd116d4d559a: shutdown server with port 45815 successfully
2019-10-10 18:57:48,415 [refreshUsed-/workdir/hadoop-ozone/integration-test/target/test-dir/MiniOzoneClusterImpl-a1795259-24d0-4aef-a737-5c87c65197ee/datanode-0/data/containers] WARN  fs.CachingGetSpaceUsed (CachingGetSpaceUsed.java:run(183)) - Thread Interrupted waiting to refresh disk information: sleep interrupted
2019-10-10 18:57:48,436 [main] INFO  utils.BackgroundService (BackgroundService.java:shutdown(151)) - Shutting down service BlockDeletingService
2019-10-10 18:57:48,444 [main] INFO  statemachine.DatanodeStateMachine (DatanodeStateMachine.java:stopDaemon(395)) - Ozone container server stopped.
2019-10-10 18:57:48,448 [main] INFO  handler.ContextHandler (ContextHandler.java:doStop(910)) - Stopped o.e.j.w.WebAppContext@615db358{/,null,UNAVAILABLE}{/hddsDatanode}
2019-10-10 18:57:48,449 [main] INFO  server.AbstractConnector (AbstractConnector.java:doStop(318)) - Stopped ServerConnector@256bb5be{HTTP/1.1,[http/1.1]}{0.0.0.0:0}
2019-10-10 18:57:48,449 [main] INFO  handler.ContextHandler (ContextHandler.java:doStop(910)) - Stopped o.e.j.s.ServletContextHandler@6da54910{/static,jar:file:/home/user/.m2/repository/org/apache/hadoop/hadoop-hdds-container-service/0.5.0-SNAPSHOT/hadoop-hdds-container-service-0.5.0-SNAPSHOT.jar!/webapps/static,UNAVAILABLE}
2019-10-10 18:57:48,450 [main] INFO  handler.ContextHandler (ContextHandler.java:doStop(910)) - Stopped o.e.j.s.ServletContextHandler@3d104c9b{/logs,file:///workdir/hadoop-ozone/integration-test/target/log,UNAVAILABLE}
2019-10-10 18:57:48,996 [grpc-default-executor-3] WARN  server.GrpcLogAppender (LogUtils.java:warn(134)) - 12a9a7aa-6562-40ed-85de-9a2aa2bb6d39@group-B0BE3D968BF3->75b5220e-e7c8-4312-8c4b-73d9cd51c490-AppendLogResponseHandler: Failed appendEntries: org.apache.ratis.thirdparty.io.grpc.StatusRuntimeException: UNAVAILABLE: io exception
2019-10-10 18:57:48,997 [grpc-default-executor-3] INFO  impl.FollowerInfo (FollowerInfo.java:lambda$new$0(51)) - 12a9a7aa-6562-40ed-85de-9a2aa2bb6d39@group-B0BE3D968BF3->75b5220e-e7c8-4312-8c4b-73d9cd51c490: nextIndex: updateUnconditionally 0 -> 0
2019-10-10 18:57:49,046 [grpc-default-executor-3] WARN  server.GrpcLogAppender (LogUtils.java:warn(134)) - 12a9a7aa-6562-40ed-85de-9a2aa2bb6d39@group-B0BE3D968BF3->eeda6462-8660-4cf3-b39a-3e2831ed42ce-AppendLogResponseHandler: Failed appendEntries: org.apache.ratis.thirdparty.io.grpc.StatusRuntimeException: UNAVAILABLE: io exception
2019-10-10 18:57:49,047 [grpc-default-executor-3] INFO  impl.FollowerInfo (FollowerInfo.java:lambda$new$0(51)) - 12a9a7aa-6562-40ed-85de-9a2aa2bb6d39@group-B0BE3D968BF3->eeda6462-8660-4cf3-b39a-3e2831ed42ce: nextIndex: updateUnconditionally 0 -> 0
2019-10-10 18:57:49,992 [grpc-default-executor-6] WARN  server.GrpcLogAppender (LogUtils.java:warn(134)) - 12a9a7aa-6562-40ed-85de-9a2aa2bb6d39@group-B0BE3D968BF3->75b5220e-e7c8-4312-8c4b-73d9cd51c490-AppendLogResponseHandler: Failed appendEntries: org.apache.ratis.thirdparty.io.grpc.StatusRuntimeException: UNAVAILABLE: io exception
2019-10-10 18:57:49,992 [grpc-default-executor-7] WARN  server.GrpcLogAppender (LogUtils.java:warn(134)) - 12a9a7aa-6562-40ed-85de-9a2aa2bb6d39@group-B0BE3D968BF3->eeda6462-8660-4cf3-b39a-3e2831ed42ce-AppendLogResponseHandler: Failed appendEntries: org.apache.ratis.thirdparty.io.grpc.StatusRuntimeException: UNAVAILABLE: io exception
2019-10-10 18:57:49,993 [grpc-default-executor-6] INFO  impl.FollowerInfo (FollowerInfo.java:lambda$new$0(51)) - 12a9a7aa-6562-40ed-85de-9a2aa2bb6d39@group-B0BE3D968BF3->75b5220e-e7c8-4312-8c4b-73d9cd51c490: nextIndex: updateUnconditionally 1 -> 0
2019-10-10 18:57:49,993 [grpc-default-executor-7] INFO  impl.FollowerInfo (FollowerInfo.java:lambda$new$0(51)) - 12a9a7aa-6562-40ed-85de-9a2aa2bb6d39@group-B0BE3D968BF3->eeda6462-8660-4cf3-b39a-3e2831ed42ce: nextIndex: updateUnconditionally 1 -> 0
2019-10-10 18:57:52,497 [grpc-default-executor-6] WARN  server.GrpcLogAppender (LogUtils.java:warn(134)) - 12a9a7aa-6562-40ed-85de-9a2aa2bb6d39@group-B0BE3D968BF3->eeda6462-8660-4cf3-b39a-3e2831ed42ce-AppendLogResponseHandler: Failed appendEntries: org.apache.ratis.thirdparty.io.grpc.StatusRuntimeException: UNAVAILABLE: io exception
2019-10-10 18:57:52,497 [grpc-default-executor-3] WARN  server.GrpcLogAppender (LogUtils.java:warn(134)) - 12a9a7aa-6562-40ed-85de-9a2aa2bb6d39@group-B0BE3D968BF3->75b5220e-e7c8-4312-8c4b-73d9cd51c490-AppendLogResponseHandler: Failed appendEntries: org.apache.ratis.thirdparty.io.grpc.StatusRuntimeException: UNAVAILABLE: io exception
2019-10-10 18:57:52,498 [grpc-default-executor-6] INFO  impl.FollowerInfo (FollowerInfo.java:lambda$new$0(51)) - 12a9a7aa-6562-40ed-85de-9a2aa2bb6d39@group-B0BE3D968BF3->eeda6462-8660-4cf3-b39a-3e2831ed42ce: nextIndex: updateUnconditionally 0 -> 0
2019-10-10 18:57:52,498 [grpc-default-executor-3] INFO  impl.FollowerInfo (FollowerInfo.java:lambda$new$0(51)) - 12a9a7aa-6562-40ed-85de-9a2aa2bb6d39@group-B0BE3D968BF3->75b5220e-e7c8-4312-8c4b-73d9cd51c490: nextIndex: updateUnconditionally 0 -> 0
2019-10-10 18:57:53,977 [EventQueue-StaleNodeForStaleNodeHandler] INFO  node.StaleNodeHandler (StaleNodeHandler.java:onMessage(58)) - Datanode eeda6462-8660-4cf3-b39a-3e2831ed42ce{ip: 192.168.5.175, host: pr-hdds-2194-9vxpc-1955504311, networkLocation: /default-rack, certSerialId: null} moved to stale state. Finalizing its pipelines [PipelineID=e23afe83-0834-4fd5-959c-09c48fb1b100, PipelineID=8b0aef95-5b9c-492e-98c4-b0be3d968bf3]
2019-10-10 18:57:53,978 [EventQueue-StaleNodeForStaleNodeHandler] INFO  pipeline.SCMPipelineManager (SCMPipelineManager.java:finalizeAndDestroyPipeline(315)) - destroying pipeline:Pipeline[ Id: e23afe83-0834-4fd5-959c-09c48fb1b100, Nodes: eeda6462-8660-4cf3-b39a-3e2831ed42ce{ip: 192.168.5.175, host: pr-hdds-2194-9vxpc-1955504311, networkLocation: /default-rack, certSerialId: null}, Type:RATIS, Factor:ONE, State:OPEN]
2019-10-10 18:57:53,978 [EventQueue-StaleNodeForStaleNodeHandler] INFO  pipeline.PipelineStateManager (PipelineStateManager.java:finalizePipeline(123)) - Pipeline Pipeline[ Id: e23afe83-0834-4fd5-959c-09c48fb1b100, Nodes: eeda6462-8660-4cf3-b39a-3e2831ed42ce{ip: 192.168.5.175, host: pr-hdds-2194-9vxpc-1955504311, networkLocation: /default-rack, certSerialId: null}, Type:RATIS, Factor:ONE, State:CLOSED] moved to CLOSED state
2019-10-10 18:57:53,978 [EventQueue-StaleNodeForStaleNodeHandler] INFO  pipeline.SCMPipelineManager (SCMPipelineManager.java:finalizeAndDestroyPipeline(315)) - destroying pipeline:Pipeline[ Id: 8b0aef95-5b9c-492e-98c4-b0be3d968bf3, Nodes: 75b5220e-e7c8-4312-8c4b-73d9cd51c490{ip: 192.168.5.175, host: pr-hdds-2194-9vxpc-1955504311, networkLocation: /default-rack, certSerialId: null}eeda6462-8660-4cf3-b39a-3e2831ed42ce{ip: 192.168.5.175, host: pr-hdds-2194-9vxpc-1955504311, networkLocation: /default-rack, certSerialId: null}12a9a7aa-6562-40ed-85de-9a2aa2bb6d39{ip: 192.168.5.175, host: pr-hdds-2194-9vxpc-1955504311, networkLocation: /default-rack, certSerialId: null}, Type:RATIS, Factor:THREE, State:CLOSED]
2019-10-10 18:57:54,999 [grpc-default-executor-7] WARN  server.GrpcLogAppender (LogUtils.java:warn(134)) - 12a9a7aa-6562-40ed-85de-9a2aa2bb6d39@group-B0BE3D968BF3->eeda6462-8660-4cf3-b39a-3e2831ed42ce-AppendLogResponseHandler: Failed appendEntries: org.apache.ratis.thirdparty.io.grpc.StatusRuntimeException: UNAVAILABLE: io exception
2019-10-10 18:57:54,999 [grpc-default-executor-3] WARN  server.GrpcLogAppender (LogUtils.java:warn(134)) - 12a9a7aa-6562-40ed-85de-9a2aa2bb6d39@group-B0BE3D968BF3->75b5220e-e7c8-4312-8c4b-73d9cd51c490-AppendLogResponseHandler: Failed appendEntries: org.apache.ratis.thirdparty.io.grpc.StatusRuntimeException: UNAVAILABLE: io exception
2019-10-10 18:57:55,007 [grpc-default-executor-7] INFO  impl.FollowerInfo (FollowerInfo.java:lambda$new$0(51)) - 12a9a7aa-6562-40ed-85de-9a2aa2bb6d39@group-B0BE3D968BF3->eeda6462-8660-4cf3-b39a-3e2831ed42ce: nextIndex: updateUnconditionally 0 -> 0
2019-10-10 18:57:55,007 [grpc-default-executor-3] INFO  impl.FollowerInfo (FollowerInfo.java:lambda$new$0(51)) - 12a9a7aa-6562-40ed-85de-9a2aa2bb6d39@group-B0BE3D968BF3->75b5220e-e7c8-4312-8c4b-73d9cd51c490: nextIndex: updateUnconditionally 0 -> 0
2019-10-10 18:57:57,498 [grpc-default-executor-8] WARN  server.GrpcLogAppender (LogUtils.java:warn(134)) - 12a9a7aa-6562-40ed-85de-9a2aa2bb6d39@group-B0BE3D968BF3->75b5220e-e7c8-4312-8c4b-73d9cd51c490-AppendLogResponseHandler: Failed appendEntries: org.apache.ratis.thirdparty.io.grpc.StatusRuntimeException: UNAVAILABLE: io exception
2019-10-10 18:57:57,498 [grpc-default-executor-6] WARN  server.GrpcLogAppender (LogUtils.java:warn(134)) - 12a9a7aa-6562-40ed-85de-9a2aa2bb6d39@group-B0BE3D968BF3->eeda6462-8660-4cf3-b39a-3e2831ed42ce-AppendLogResponseHandler: Failed appendEntries: org.apache.ratis.thirdparty.io.grpc.StatusRuntimeException: UNAVAILABLE: io exception
2019-10-10 18:57:57,498 [grpc-default-executor-8] INFO  impl.FollowerInfo (FollowerInfo.java:lambda$new$0(51)) - 12a9a7aa-6562-40ed-85de-9a2aa2bb6d39@group-B0BE3D968BF3->75b5220e-e7c8-4312-8c4b-73d9cd51c490: nextIndex: updateUnconditionally 0 -> 0
2019-10-10 18:57:57,498 [grpc-default-executor-6] INFO  impl.FollowerInfo (FollowerInfo.java:lambda$new$0(51)) - 12a9a7aa-6562-40ed-85de-9a2aa2bb6d39@group-B0BE3D968BF3->eeda6462-8660-4cf3-b39a-3e2831ed42ce: nextIndex: updateUnconditionally 0 -> 0
2019-10-10 18:57:58,141 [Thread-2403] INFO  impl.FollowerState (FollowerState.java:run(108)) - a1a4984a-d14b-4502-b8a5-379a579f780f@group-FB20B86FE1F5-FollowerState: change to CANDIDATE, lastRpcTime:9863ms, electionTimeout:5032ms
2019-10-10 18:57:58,142 [Thread-2403] INFO  impl.RoleInfo (RoleInfo.java:shutdownFollowerState(121)) - a1a4984a-d14b-4502-b8a5-379a579f780f: shutdown FollowerState
2019-10-10 18:57:58,142 [Thread-2403] INFO  impl.RaftServerImpl (RaftServerImpl.java:setRole(170)) - a1a4984a-d14b-4502-b8a5-379a579f780f@group-FB20B86FE1F5: changes role from  FOLLOWER to CANDIDATE at term 1 for changeToCandidate
2019-10-10 18:57:58,142 [Thread-2403] INFO  impl.RoleInfo (RoleInfo.java:updateAndGet(143)) - a1a4984a-d14b-4502-b8a5-379a579f780f: start LeaderElection
2019-10-10 18:57:58,148 [a1a4984a-d14b-4502-b8a5-379a579f780f@group-FB20B86FE1F5-LeaderElection88] INFO  impl.RaftServerImpl (ServerState.java:setLeader(255)) - a1a4984a-d14b-4502-b8a5-379a579f780f@group-FB20B86FE1F5: change Leader from 843fc1ff-de1b-43cb-8950-fd116d4d559a to null at term 1 for initElection
2019-10-10 18:57:58,162 [a1a4984a-d14b-4502-b8a5-379a579f780f@group-FB20B86FE1F5-LeaderElection88] INFO  impl.LeaderElection (LeaderElection.java:askForVotes(178)) - a1a4984a-d14b-4502-b8a5-379a579f780f@group-FB20B86FE1F5-LeaderElection88: begin an election at term 2 for 0: [843fc1ff-de1b-43cb-8950-fd116d4d559a:192.168.5.175:45815, a1a4984a-d14b-4502-b8a5-379a579f780f:192.168.5.175:36734, 265b844d-cb6b-4ae0-ac03-f38a312a4086:192.168.5.175:42998], old=null
2019-10-10 18:57:58,165 [a1a4984a-d14b-4502-b8a5-379a579f780f@group-FB20B86FE1F5-LeaderElection88] INFO  impl.LeaderElection (LogUtils.java:infoOrTrace(149)) - a1a4984a-d14b-4502-b8a5-379a579f780f@group-FB20B86FE1F5-LeaderElection88 got exception when requesting votes: {}
java.util.concurrent.ExecutionException: org.apache.ratis.thirdparty.io.grpc.StatusRuntimeException: UNAVAILABLE: io exception
	at java.util.concurrent.FutureTask.report(FutureTask.java:122)
	at java.util.concurrent.FutureTask.get(FutureTask.java:192)
	at org.apache.ratis.server.impl.LeaderElection.waitForResults(LeaderElection.java:259)
	at org.apache.ratis.server.impl.LeaderElection.askForVotes(LeaderElection.java:197)
	at org.apache.ratis.server.impl.LeaderElection.run(LeaderElection.java:133)
	at java.lang.Thread.run(Thread.java:748)
Caused by: org.apache.ratis.thirdparty.io.grpc.StatusRuntimeException: UNAVAILABLE: io exception
	at org.apache.ratis.thirdparty.io.grpc.stub.ClientCalls.toStatusRuntimeException(ClientCalls.java:233)
	at org.apache.ratis.thirdparty.io.grpc.stub.ClientCalls.getUnchecked(ClientCalls.java:214)
	at org.apache.ratis.thirdparty.io.grpc.stub.ClientCalls.blockingUnaryCall(ClientCalls.java:139)
	at org.apache.ratis.proto.grpc.RaftServerProtocolServiceGrpc$RaftServerProtocolServiceBlockingStub.requestVote(RaftServerProtocolServiceGrpc.java:265)
	at org.apache.ratis.grpc.server.GrpcServerProtocolClient.requestVote(GrpcServerProtocolClient.java:99)
	at org.apache.ratis.grpc.server.GrpcService.requestVote(GrpcService.java:204)
	at org.apache.ratis.server.impl.LeaderElection.lambda$submitRequests$1(LeaderElection.java:234)
	at java.util.concurrent.FutureTask.run(FutureTask.java:266)
	at java.util.concurrent.Executors$RunnableAdapter.call(Executors.java:511)
	at java.util.concurrent.FutureTask.run(FutureTask.java:266)
	at java.util.concurrent.ThreadPoolExecutor.runWorker(ThreadPoolExecutor.java:1149)
	at java.util.concurrent.ThreadPoolExecutor$Worker.run(ThreadPoolExecutor.java:624)
	... 1 more
Caused by: org.apache.ratis.thirdparty.io.netty.channel.AbstractChannel$AnnotatedConnectException: Connection refused: /192.168.5.175:45815
	at sun.nio.ch.SocketChannelImpl.checkConnect(Native Method)
	at sun.nio.ch.SocketChannelImpl.finishConnect(SocketChannelImpl.java:717)
	at org.apache.ratis.thirdparty.io.netty.channel.socket.nio.NioSocketChannel.doFinishConnect(NioSocketChannel.java:327)
	at org.apache.ratis.thirdparty.io.netty.channel.nio.AbstractNioChannel$AbstractNioUnsafe.finishConnect(AbstractNioChannel.java:340)
	at org.apache.ratis.thirdparty.io.netty.channel.nio.NioEventLoop.processSelectedKey(NioEventLoop.java:632)
	at org.apache.ratis.thirdparty.io.netty.channel.nio.NioEventLoop.processSelectedKeysOptimized(NioEventLoop.java:579)
	at org.apache.ratis.thirdparty.io.netty.channel.nio.NioEventLoop.processSelectedKeys(NioEventLoop.java:496)
	at org.apache.ratis.thirdparty.io.netty.channel.nio.NioEventLoop.run(NioEventLoop.java:458)
	at org.apache.ratis.thirdparty.io.netty.util.concurrent.SingleThreadEventExecutor$5.run(SingleThreadEventExecutor.java:897)
	at org.apache.ratis.thirdparty.io.netty.util.concurrent.FastThreadLocalRunnable.run(FastThreadLocalRunnable.java:30)
	... 1 more
Caused by: java.net.ConnectException: Connection refused
	... 11 more
2019-10-10 18:57:58,165 [grpc-default-executor-7] INFO  impl.RaftServerImpl (ServerState.java:setLeader(255)) - 265b844d-cb6b-4ae0-ac03-f38a312a4086@group-FB20B86FE1F5: change Leader from 843fc1ff-de1b-43cb-8950-fd116d4d559a to null at term 2 for updateCurrentTerm
2019-10-10 18:57:58,166 [grpc-default-executor-7] INFO  impl.RaftServerImpl (RaftServerImpl.java:setRole(170)) - 265b844d-cb6b-4ae0-ac03-f38a312a4086@group-FB20B86FE1F5: changes role from  FOLLOWER to FOLLOWER at term 2 for recognizeCandidate:a1a4984a-d14b-4502-b8a5-379a579f780f
2019-10-10 18:57:58,166 [grpc-default-executor-7] INFO  impl.RoleInfo (RoleInfo.java:shutdownFollowerState(121)) - 265b844d-cb6b-4ae0-ac03-f38a312a4086: shutdown FollowerState
2019-10-10 18:57:58,166 [grpc-default-executor-7] INFO  impl.RoleInfo (RoleInfo.java:updateAndGet(143)) - 265b844d-cb6b-4ae0-ac03-f38a312a4086: start FollowerState
2019-10-10 18:57:58,167 [Thread-2402] INFO  impl.FollowerState (FollowerState.java:run(117)) - 265b844d-cb6b-4ae0-ac03-f38a312a4086@group-FB20B86FE1F5-FollowerState was interrupted: java.lang.InterruptedException: sleep interrupted
2019-10-10 18:57:58,186 [a1a4984a-d14b-4502-b8a5-379a579f780f@group-FB20B86FE1F5-LeaderElection88] INFO  impl.LeaderElection (LeaderElection.java:logAndReturn(56)) - a1a4984a-d14b-4502-b8a5-379a579f780f@group-FB20B86FE1F5-LeaderElection88: Election PASSED; received 1 response(s) [a1a4984a-d14b-4502-b8a5-379a579f780f<-265b844d-cb6b-4ae0-ac03-f38a312a4086#0:OK-t2] and 1 exception(s); a1a4984a-d14b-4502-b8a5-379a579f780f@group-FB20B86FE1F5:t2, leader=null, voted=a1a4984a-d14b-4502-b8a5-379a579f780f, raftlog=a1a4984a-d14b-4502-b8a5-379a579f780f@group-FB20B86FE1F5-SegmentedRaftLog:OPENED:c2,f2,i2, conf=0: [843fc1ff-de1b-43cb-8950-fd116d4d559a:192.168.5.175:45815, a1a4984a-d14b-4502-b8a5-379a579f780f:192.168.5.175:36734, 265b844d-cb6b-4ae0-ac03-f38a312a4086:192.168.5.175:42998], old=null
2019-10-10 18:57:58,186 [a1a4984a-d14b-4502-b8a5-379a579f780f@group-FB20B86FE1F5-LeaderElection88] INFO  impl.LeaderElection (LogUtils.java:infoOrTrace(149)) -   Exception 0: {}
java.util.concurrent.ExecutionException: org.apache.ratis.thirdparty.io.grpc.StatusRuntimeException: UNAVAILABLE: io exception
	at java.util.concurrent.FutureTask.report(FutureTask.java:122)
	at java.util.concurrent.FutureTask.get(FutureTask.java:192)
	at org.apache.ratis.server.impl.LeaderElection.waitForResults(LeaderElection.java:259)
	at org.apache.ratis.server.impl.LeaderElection.askForVotes(LeaderElection.java:197)
	at org.apache.ratis.server.impl.LeaderElection.run(LeaderElection.java:133)
	at java.lang.Thread.run(Thread.java:748)
Caused by: org.apache.ratis.thirdparty.io.grpc.StatusRuntimeException: UNAVAILABLE: io exception
	at org.apache.ratis.thirdparty.io.grpc.stub.ClientCalls.toStatusRuntimeException(ClientCalls.java:233)
	at org.apache.ratis.thirdparty.io.grpc.stub.ClientCalls.getUnchecked(ClientCalls.java:214)
	at org.apache.ratis.thirdparty.io.grpc.stub.ClientCalls.blockingUnaryCall(ClientCalls.java:139)
	at org.apache.ratis.proto.grpc.RaftServerProtocolServiceGrpc$RaftServerProtocolServiceBlockingStub.requestVote(RaftServerProtocolServiceGrpc.java:265)
	at org.apache.ratis.grpc.server.GrpcServerProtocolClient.requestVote(GrpcServerProtocolClient.java:99)
	at org.apache.ratis.grpc.server.GrpcService.requestVote(GrpcService.java:204)
	at org.apache.ratis.server.impl.LeaderElection.lambda$submitRequests$1(LeaderElection.java:234)
	at java.util.concurrent.FutureTask.run(FutureTask.java:266)
	at java.util.concurrent.Executors$RunnableAdapter.call(Executors.java:511)
	at java.util.concurrent.FutureTask.run(FutureTask.java:266)
	at java.util.concurrent.ThreadPoolExecutor.runWorker(ThreadPoolExecutor.java:1149)
	at java.util.concurrent.ThreadPoolExecutor$Worker.run(ThreadPoolExecutor.java:624)
	... 1 more
Caused by: org.apache.ratis.thirdparty.io.netty.channel.AbstractChannel$AnnotatedConnectException: Connection refused: /192.168.5.175:45815
	at sun.nio.ch.SocketChannelImpl.checkConnect(Native Method)
	at sun.nio.ch.SocketChannelImpl.finishConnect(SocketChannelImpl.java:717)
	at org.apache.ratis.thirdparty.io.netty.channel.socket.nio.NioSocketChannel.doFinishConnect(NioSocketChannel.java:327)
	at org.apache.ratis.thirdparty.io.netty.channel.nio.AbstractNioChannel$AbstractNioUnsafe.finishConnect(AbstractNioChannel.java:340)
	at org.apache.ratis.thirdparty.io.netty.channel.nio.NioEventLoop.processSelectedKey(NioEventLoop.java:632)
	at org.apache.ratis.thirdparty.io.netty.channel.nio.NioEventLoop.processSelectedKeysOptimized(NioEventLoop.java:579)
	at org.apache.ratis.thirdparty.io.netty.channel.nio.NioEventLoop.processSelectedKeys(NioEventLoop.java:496)
	at org.apache.ratis.thirdparty.io.netty.channel.nio.NioEventLoop.run(NioEventLoop.java:458)
	at org.apache.ratis.thirdparty.io.netty.util.concurrent.SingleThreadEventExecutor$5.run(SingleThreadEventExecutor.java:897)
	at org.apache.ratis.thirdparty.io.netty.util.concurrent.FastThreadLocalRunnable.run(FastThreadLocalRunnable.java:30)
	... 1 more
Caused by: java.net.ConnectException: Connection refused
	... 11 more
2019-10-10 18:57:58,186 [a1a4984a-d14b-4502-b8a5-379a579f780f@group-FB20B86FE1F5-LeaderElection88] INFO  impl.RoleInfo (RoleInfo.java:shutdownLeaderElection(134)) - a1a4984a-d14b-4502-b8a5-379a579f780f: shutdown LeaderElection
2019-10-10 18:57:58,186 [a1a4984a-d14b-4502-b8a5-379a579f780f@group-FB20B86FE1F5-LeaderElection88] INFO  impl.RaftServerImpl (RaftServerImpl.java:setRole(170)) - a1a4984a-d14b-4502-b8a5-379a579f780f@group-FB20B86FE1F5: changes role from CANDIDATE to LEADER at term 2 for changeToLeader
2019-10-10 18:57:58,187 [a1a4984a-d14b-4502-b8a5-379a579f780f@group-FB20B86FE1F5-LeaderElection88] INFO  impl.RaftServerImpl (ServerState.java:setLeader(255)) - a1a4984a-d14b-4502-b8a5-379a579f780f@group-FB20B86FE1F5: change Leader from null to a1a4984a-d14b-4502-b8a5-379a579f780f at term 2 for becomeLeader, leader elected after 38ms
2019-10-10 18:57:58,187 [a1a4984a-d14b-4502-b8a5-379a579f780f@group-FB20B86FE1F5-LeaderElection88] INFO  server.RaftServerConfigKeys (ConfUtils.java:logGet(43)) - raft.server.staging.catchup.gap = 1000 (default)
2019-10-10 18:57:58,187 [a1a4984a-d14b-4502-b8a5-379a579f780f@group-FB20B86FE1F5-LeaderElection88] INFO  server.RaftServerConfigKeys (ConfUtils.java:logGet(43)) - raft.server.rpc.sleep.time = 25ms (default)
2019-10-10 18:57:58,187 [a1a4984a-d14b-4502-b8a5-379a579f780f@group-FB20B86FE1F5-LeaderElection88] INFO  server.RaftServerConfigKeys (ConfUtils.java:logGet(43)) - raft.server.write.element-limit = 4096 (default)
2019-10-10 18:57:58,188 [a1a4984a-d14b-4502-b8a5-379a579f780f@group-FB20B86FE1F5-LeaderElection88] INFO  server.RaftServerConfigKeys (ConfUtils.java:logGet(43)) - raft.server.watch.timeout = 10s (default)
2019-10-10 18:57:58,188 [a1a4984a-d14b-4502-b8a5-379a579f780f@group-FB20B86FE1F5-LeaderElection88] INFO  server.RaftServerConfigKeys (ConfUtils.java:logGet(43)) - raft.server.watch.timeout.denomination = 1s (default)
2019-10-10 18:57:58,188 [a1a4984a-d14b-4502-b8a5-379a579f780f@group-FB20B86FE1F5-LeaderElection88] INFO  server.RaftServerConfigKeys (ConfUtils.java:logGet(43)) - raft.server.watch.element-limit = 65536 (default)
2019-10-10 18:57:58,191 [a1a4984a-d14b-4502-b8a5-379a579f780f@group-FB20B86FE1F5-LeaderElection88] INFO  server.RaftServerConfigKeys (ConfUtils.java:logGet(43)) - raft.server.log.appender.snapshot.chunk.size.max = 16MB (=16777216) (default)
2019-10-10 18:57:58,192 [a1a4984a-d14b-4502-b8a5-379a579f780f@group-FB20B86FE1F5-LeaderElection88] INFO  server.RaftServerConfigKeys (ConfUtils.java:logGet(43)) - raft.server.log.appender.buffer.byte-limit = 33554432 (custom)
2019-10-10 18:57:58,192 [a1a4984a-d14b-4502-b8a5-379a579f780f@group-FB20B86FE1F5-LeaderElection88] INFO  server.RaftServerConfigKeys (ConfUtils.java:logGet(43)) - raft.server.log.appender.buffer.element-limit = 1 (custom)
2019-10-10 18:57:58,192 [a1a4984a-d14b-4502-b8a5-379a579f780f@group-FB20B86FE1F5-LeaderElection88] INFO  grpc.GrpcConfigKeys$Server (ConfUtils.java:logGet(43)) - raft.grpc.server.leader.outstanding.appends.max = 128 (default)
2019-10-10 18:57:58,192 [a1a4984a-d14b-4502-b8a5-379a579f780f@group-FB20B86FE1F5-LeaderElection88] INFO  server.RaftServerConfigKeys (ConfUtils.java:logGet(43)) - raft.server.rpc.request.timeout = 3000ms (default)
2019-10-10 18:57:58,193 [a1a4984a-d14b-4502-b8a5-379a579f780f@group-FB20B86FE1F5-LeaderElection88] INFO  server.RaftServerConfigKeys (ConfUtils.java:logGet(43)) - raft.server.log.appender.install.snapshot.enabled = false (custom)
2019-10-10 18:57:58,193 [a1a4984a-d14b-4502-b8a5-379a579f780f@group-FB20B86FE1F5-LeaderElection88] INFO  server.RaftServerConfigKeys (ConfUtils.java:logGet(43)) - raft.server.log.appender.snapshot.chunk.size.max = 16MB (=16777216) (default)
2019-10-10 18:57:58,193 [a1a4984a-d14b-4502-b8a5-379a579f780f@group-FB20B86FE1F5-LeaderElection88] INFO  server.RaftServerConfigKeys (ConfUtils.java:logGet(43)) - raft.server.log.appender.buffer.byte-limit = 33554432 (custom)
2019-10-10 18:57:58,193 [a1a4984a-d14b-4502-b8a5-379a579f780f@group-FB20B86FE1F5-LeaderElection88] INFO  server.RaftServerConfigKeys (ConfUtils.java:logGet(43)) - raft.server.log.appender.buffer.element-limit = 1 (custom)
2019-10-10 18:57:58,193 [a1a4984a-d14b-4502-b8a5-379a579f780f@group-FB20B86FE1F5-LeaderElection88] INFO  grpc.GrpcConfigKeys$Server (ConfUtils.java:logGet(43)) - raft.grpc.server.leader.outstanding.appends.max = 128 (default)
2019-10-10 18:57:58,194 [a1a4984a-d14b-4502-b8a5-379a579f780f@group-FB20B86FE1F5-LeaderElection88] INFO  server.RaftServerConfigKeys (ConfUtils.java:logGet(43)) - raft.server.rpc.request.timeout = 3000ms (default)
2019-10-10 18:57:58,194 [a1a4984a-d14b-4502-b8a5-379a579f780f@group-FB20B86FE1F5-LeaderElection88] INFO  server.RaftServerConfigKeys (ConfUtils.java:logGet(43)) - raft.server.log.appender.install.snapshot.enabled = false (custom)
2019-10-10 18:57:58,194 [a1a4984a-d14b-4502-b8a5-379a579f780f@group-FB20B86FE1F5-LeaderElection88] INFO  impl.RoleInfo (RoleInfo.java:updateAndGet(143)) - a1a4984a-d14b-4502-b8a5-379a579f780f: start LeaderState
2019-10-10 18:57:58,194 [a1a4984a-d14b-4502-b8a5-379a579f780f@group-FB20B86FE1F5-LeaderElection88] INFO  segmented.SegmentedRaftLogWorker (SegmentedRaftLogWorker.java:rollLogSegment(390)) - a1a4984a-d14b-4502-b8a5-379a579f780f@group-FB20B86FE1F5-SegmentedRaftLogWorker: Rolling segment log-0_2 to index:2
2019-10-10 18:57:58,196 [a1a4984a-d14b-4502-b8a5-379a579f780f@group-FB20B86FE1F5-SegmentedRaftLogWorker] INFO  segmented.SegmentedRaftLogWorker (SegmentedRaftLogWorker.java:execute(531)) - a1a4984a-d14b-4502-b8a5-379a579f780f@group-FB20B86FE1F5-SegmentedRaftLogWorker: Rolled log segment from /workdir/hadoop-ozone/integration-test/target/test-dir/MiniOzoneClusterImpl-a1795259-24d0-4aef-a737-5c87c65197ee/datanode-2/data/ratis/52b96314-6f8c-43c2-b6f9-fb20b86fe1f5/current/log_inprogress_0 to /workdir/hadoop-ozone/integration-test/target/test-dir/MiniOzoneClusterImpl-a1795259-24d0-4aef-a737-5c87c65197ee/datanode-2/data/ratis/52b96314-6f8c-43c2-b6f9-fb20b86fe1f5/current/log_0-2
2019-10-10 18:57:58,196 [a1a4984a-d14b-4502-b8a5-379a579f780f@group-FB20B86FE1F5-LeaderElection88] INFO  impl.RaftServerImpl (ServerState.java:setRaftConf(356)) - a1a4984a-d14b-4502-b8a5-379a579f780f@group-FB20B86FE1F5: set configuration 3: [843fc1ff-de1b-43cb-8950-fd116d4d559a:192.168.5.175:45815, a1a4984a-d14b-4502-b8a5-379a579f780f:192.168.5.175:36734, 265b844d-cb6b-4ae0-ac03-f38a312a4086:192.168.5.175:42998], old=null at 3
2019-10-10 18:57:58,201 [grpc-default-executor-7] WARN  server.GrpcLogAppender (LogUtils.java:warn(134)) - a1a4984a-d14b-4502-b8a5-379a579f780f@group-FB20B86FE1F5->843fc1ff-de1b-43cb-8950-fd116d4d559a-AppendLogResponseHandler: Failed appendEntries: org.apache.ratis.thirdparty.io.grpc.StatusRuntimeException: UNAVAILABLE: io exception
2019-10-10 18:57:58,205 [grpc-default-executor-7] INFO  impl.FollowerInfo (FollowerInfo.java:lambda$new$0(51)) - a1a4984a-d14b-4502-b8a5-379a579f780f@group-FB20B86FE1F5->843fc1ff-de1b-43cb-8950-fd116d4d559a: nextIndex: updateUnconditionally 3 -> 1
2019-10-10 18:57:58,206 [grpc-default-executor-7] INFO  impl.RaftServerImpl (ServerState.java:setLeader(255)) - 265b844d-cb6b-4ae0-ac03-f38a312a4086@group-FB20B86FE1F5: change Leader from null to a1a4984a-d14b-4502-b8a5-379a579f780f at term 2 for appendEntries, leader elected after 40ms
2019-10-10 18:57:58,209 [grpc-default-executor-7] INFO  impl.RaftServerImpl (ServerState.java:setRaftConf(356)) - 265b844d-cb6b-4ae0-ac03-f38a312a4086@group-FB20B86FE1F5: set configuration 3: [843fc1ff-de1b-43cb-8950-fd116d4d559a:192.168.5.175:45815, a1a4984a-d14b-4502-b8a5-379a579f780f:192.168.5.175:36734, 265b844d-cb6b-4ae0-ac03-f38a312a4086:192.168.5.175:42998], old=null at 3
2019-10-10 18:57:58,209 [grpc-default-executor-7] INFO  segmented.SegmentedRaftLogWorker (SegmentedRaftLogWorker.java:rollLogSegment(390)) - 265b844d-cb6b-4ae0-ac03-f38a312a4086@group-FB20B86FE1F5-SegmentedRaftLogWorker: Rolling segment log-0_2 to index:2
2019-10-10 18:57:58,210 [265b844d-cb6b-4ae0-ac03-f38a312a4086@group-FB20B86FE1F5-SegmentedRaftLogWorker] INFO  segmented.SegmentedRaftLogWorker (SegmentedRaftLogWorker.java:execute(531)) - 265b844d-cb6b-4ae0-ac03-f38a312a4086@group-FB20B86FE1F5-SegmentedRaftLogWorker: Rolled log segment from /workdir/hadoop-ozone/integration-test/target/test-dir/MiniOzoneClusterImpl-a1795259-24d0-4aef-a737-5c87c65197ee/datanode-1/data/ratis/52b96314-6f8c-43c2-b6f9-fb20b86fe1f5/current/log_inprogress_0 to /workdir/hadoop-ozone/integration-test/target/test-dir/MiniOzoneClusterImpl-a1795259-24d0-4aef-a737-5c87c65197ee/datanode-1/data/ratis/52b96314-6f8c-43c2-b6f9-fb20b86fe1f5/current/log_0-2
2019-10-10 18:57:58,253 [a1a4984a-d14b-4502-b8a5-379a579f780f@group-FB20B86FE1F5-SegmentedRaftLogWorker] INFO  segmented.SegmentedRaftLogWorker (SegmentedRaftLogWorker.java:execute(574)) - a1a4984a-d14b-4502-b8a5-379a579f780f@group-FB20B86FE1F5-SegmentedRaftLogWorker: created new log segment /workdir/hadoop-ozone/integration-test/target/test-dir/MiniOzoneClusterImpl-a1795259-24d0-4aef-a737-5c87c65197ee/datanode-2/data/ratis/52b96314-6f8c-43c2-b6f9-fb20b86fe1f5/current/log_inprogress_3
2019-10-10 18:57:58,253 [265b844d-cb6b-4ae0-ac03-f38a312a4086@group-FB20B86FE1F5-SegmentedRaftLogWorker] INFO  segmented.SegmentedRaftLogWorker (SegmentedRaftLogWorker.java:execute(574)) - 265b844d-cb6b-4ae0-ac03-f38a312a4086@group-FB20B86FE1F5-SegmentedRaftLogWorker: created new log segment /workdir/hadoop-ozone/integration-test/target/test-dir/MiniOzoneClusterImpl-a1795259-24d0-4aef-a737-5c87c65197ee/datanode-1/data/ratis/52b96314-6f8c-43c2-b6f9-fb20b86fe1f5/current/log_inprogress_3
2019-10-10 18:57:58,279 [grpc-default-executor-6] WARN  server.GrpcLogAppender (LogUtils.java:warn(134)) - a1a4984a-d14b-4502-b8a5-379a579f780f@group-FB20B86FE1F5->843fc1ff-de1b-43cb-8950-fd116d4d559a-AppendLogResponseHandler: Failed appendEntries: org.apache.ratis.thirdparty.io.grpc.StatusRuntimeException: UNAVAILABLE: io exception
2019-10-10 18:57:58,279 [grpc-default-executor-6] INFO  impl.FollowerInfo (FollowerInfo.java:lambda$new$0(51)) - a1a4984a-d14b-4502-b8a5-379a579f780f@group-FB20B86FE1F5->843fc1ff-de1b-43cb-8950-fd116d4d559a: nextIndex: updateUnconditionally 2 -> 1
2019-10-10 18:57:58,294 [grpc-default-executor-3] WARN  server.GrpcLogAppender (LogUtils.java:warn(134)) - a1a4984a-d14b-4502-b8a5-379a579f780f@group-FB20B86FE1F5->843fc1ff-de1b-43cb-8950-fd116d4d559a-AppendLogResponseHandler: Failed appendEntries: org.apache.ratis.thirdparty.io.grpc.StatusRuntimeException: UNAVAILABLE: io exception
2019-10-10 18:57:58,294 [grpc-default-executor-3] INFO  impl.FollowerInfo (FollowerInfo.java:lambda$new$0(51)) - a1a4984a-d14b-4502-b8a5-379a579f780f@group-FB20B86FE1F5->843fc1ff-de1b-43cb-8950-fd116d4d559a: nextIndex: updateUnconditionally 2 -> 1
2019-10-10 18:57:58,738 [grpc-default-executor-6] WARN  server.GrpcLogAppender (LogUtils.java:warn(134)) - a1a4984a-d14b-4502-b8a5-379a579f780f@group-FB20B86FE1F5->843fc1ff-de1b-43cb-8950-fd116d4d559a-AppendLogResponseHandler: Failed appendEntries: org.apache.ratis.thirdparty.io.grpc.StatusRuntimeException: UNAVAILABLE: io exception
2019-10-10 18:57:58,738 [grpc-default-executor-6] INFO  impl.FollowerInfo (FollowerInfo.java:lambda$new$0(51)) - a1a4984a-d14b-4502-b8a5-379a579f780f@group-FB20B86FE1F5->843fc1ff-de1b-43cb-8950-fd116d4d559a: nextIndex: updateUnconditionally 2 -> 1
2019-10-10 18:57:58,755 [grpc-default-executor-8] WARN  server.GrpcLogAppender (LogUtils.java:warn(134)) - a1a4984a-d14b-4502-b8a5-379a579f780f@group-FB20B86FE1F5->843fc1ff-de1b-43cb-8950-fd116d4d559a-AppendLogResponseHandler: Failed appendEntries: org.apache.ratis.thirdparty.io.grpc.StatusRuntimeException: UNAVAILABLE: io exception
2019-10-10 18:57:58,755 [grpc-default-executor-8] INFO  impl.FollowerInfo (FollowerInfo.java:lambda$new$0(51)) - a1a4984a-d14b-4502-b8a5-379a579f780f@group-FB20B86FE1F5->843fc1ff-de1b-43cb-8950-fd116d4d559a: nextIndex: updateUnconditionally 2 -> 1
2019-10-10 18:57:58,767 [grpc-default-executor-8] WARN  server.GrpcLogAppender (LogUtils.java:warn(134)) - a1a4984a-d14b-4502-b8a5-379a579f780f@group-FB20B86FE1F5->843fc1ff-de1b-43cb-8950-fd116d4d559a-AppendLogResponseHandler: Failed appendEntries: org.apache.ratis.thirdparty.io.grpc.StatusRuntimeException: UNAVAILABLE: io exception
2019-10-10 18:57:58,767 [grpc-default-executor-8] INFO  impl.FollowerInfo (FollowerInfo.java:lambda$new$0(51)) - a1a4984a-d14b-4502-b8a5-379a579f780f@group-FB20B86FE1F5->843fc1ff-de1b-43cb-8950-fd116d4d559a: nextIndex: updateUnconditionally 2 -> 1
2019-10-10 18:57:58,768 [EventQueue-IncrementalContainerReportForIncrementalContainerReportHandler] WARN  container.IncrementalContainerReportHandler (AbstractContainerReportHandler.java:updateContainerState(145)) - Container #1 is in OPEN state, but the datanode a1a4984a-d14b-4502-b8a5-379a579f780f{ip: 192.168.5.175, host: pr-hdds-2194-9vxpc-1955504311, networkLocation: /default-rack, certSerialId: null} reports an CLOSING replica.
2019-10-10 18:57:58,770 [EventQueue-IncrementalContainerReportForIncrementalContainerReportHandler] WARN  container.IncrementalContainerReportHandler (AbstractContainerReportHandler.java:updateContainerState(145)) - Container #1 is in OPEN state, but the datanode 265b844d-cb6b-4ae0-ac03-f38a312a4086{ip: 192.168.5.175, host: pr-hdds-2194-9vxpc-1955504311, networkLocation: /default-rack, certSerialId: null} reports an CLOSING replica.
2019-10-10 18:57:58,828 [RatisApplyTransactionExecutor 1] INFO  interfaces.Container (KeyValueContainer.java:flushAndSyncDB(386)) - Container 1 is synced with bcsId 0.
2019-10-10 18:57:58,884 [RatisApplyTransactionExecutor 1] INFO  interfaces.Container (KeyValueContainer.java:flushAndSyncDB(386)) - Container 1 is synced with bcsId 0.
2019-10-10 18:57:58,896 [RatisApplyTransactionExecutor 1] INFO  interfaces.Container (KeyValueContainer.java:flushAndSyncDB(386)) - Container 1 is synced with bcsId 0.
2019-10-10 18:57:58,896 [RatisApplyTransactionExecutor 1] INFO  interfaces.Container (KeyValueContainer.java:flushAndSyncDB(386)) - Container 1 is synced with bcsId 0.
2019-10-10 18:57:58,897 [RatisApplyTransactionExecutor 1] INFO  interfaces.Container (KeyValueContainer.java:close(335)) - Container 1 is closed with bcsId 0.
2019-10-10 18:57:58,918 [EventQueue-IncrementalContainerReportForIncrementalContainerReportHandler] WARN  container.IncrementalContainerReportHandler (AbstractContainerReportHandler.java:updateContainerState(145)) - Container #1 is in OPEN state, but the datanode a1a4984a-d14b-4502-b8a5-379a579f780f{ip: 192.168.5.175, host: pr-hdds-2194-9vxpc-1955504311, networkLocation: /default-rack, certSerialId: null} reports an CLOSED replica.
2019-10-10 18:57:58,922 [RatisApplyTransactionExecutor 1] INFO  interfaces.Container (KeyValueContainer.java:close(335)) - Container 1 is closed with bcsId 0.
2019-10-10 18:57:58,926 [EventQueue-IncrementalContainerReportForIncrementalContainerReportHandler] WARN  container.IncrementalContainerReportHandler (AbstractContainerReportHandler.java:updateContainerState(145)) - Container #1 is in OPEN state, but the datanode 265b844d-cb6b-4ae0-ac03-f38a312a4086{ip: 192.168.5.175, host: pr-hdds-2194-9vxpc-1955504311, networkLocation: /default-rack, certSerialId: null} reports an CLOSED replica.
2019-10-10 18:57:59,998 [grpc-default-executor-1] WARN  server.GrpcLogAppender (LogUtils.java:warn(134)) - 12a9a7aa-6562-40ed-85de-9a2aa2bb6d39@group-B0BE3D968BF3->75b5220e-e7c8-4312-8c4b-73d9cd51c490-AppendLogResponseHandler: Failed appendEntries: org.apache.ratis.thirdparty.io.grpc.StatusRuntimeException: UNAVAILABLE: io exception
2019-10-10 18:57:59,998 [grpc-default-executor-5] WARN  server.GrpcLogAppender (LogUtils.java:warn(134)) - 12a9a7aa-6562-40ed-85de-9a2aa2bb6d39@group-B0BE3D968BF3->eeda6462-8660-4cf3-b39a-3e2831ed42ce-AppendLogResponseHandler: Failed appendEntries: org.apache.ratis.thirdparty.io.grpc.StatusRuntimeException: UNAVAILABLE: io exception
2019-10-10 18:57:59,999 [grpc-default-executor-1] INFO  impl.FollowerInfo (FollowerInfo.java:lambda$new$0(51)) - 12a9a7aa-6562-40ed-85de-9a2aa2bb6d39@group-B0BE3D968BF3->75b5220e-e7c8-4312-8c4b-73d9cd51c490: nextIndex: updateUnconditionally 0 -> 0
2019-10-10 18:57:59,999 [grpc-default-executor-5] INFO  impl.FollowerInfo (FollowerInfo.java:lambda$new$0(51)) - 12a9a7aa-6562-40ed-85de-9a2aa2bb6d39@group-B0BE3D968BF3->eeda6462-8660-4cf3-b39a-3e2831ed42ce: nextIndex: updateUnconditionally 0 -> 0
2019-10-10 18:58:01,268 [grpc-default-executor-8] WARN  server.GrpcLogAppender (LogUtils.java:warn(134)) - a1a4984a-d14b-4502-b8a5-379a579f780f@group-FB20B86FE1F5->843fc1ff-de1b-43cb-8950-fd116d4d559a-AppendLogResponseHandler: Failed appendEntries: org.apache.ratis.thirdparty.io.grpc.StatusRuntimeException: UNAVAILABLE: io exception
2019-10-10 18:58:01,269 [grpc-default-executor-8] INFO  impl.FollowerInfo (FollowerInfo.java:lambda$new$0(51)) - a1a4984a-d14b-4502-b8a5-379a579f780f@group-FB20B86FE1F5->843fc1ff-de1b-43cb-8950-fd116d4d559a: nextIndex: updateUnconditionally 1 -> 0
2019-10-10 18:58:01,926 [main] WARN  scm.XceiverClientRatis (XceiverClientRatis.java:watchForCommit(277)) - 3 way commit failed on pipeline Pipeline[ Id: 52b96314-6f8c-43c2-b6f9-fb20b86fe1f5, Nodes: 843fc1ff-de1b-43cb-8950-fd116d4d559a{ip: 192.168.5.175, host: pr-hdds-2194-9vxpc-1955504311, networkLocation: /default-rack, certSerialId: null}265b844d-cb6b-4ae0-ac03-f38a312a4086{ip: 192.168.5.175, host: pr-hdds-2194-9vxpc-1955504311, networkLocation: /default-rack, certSerialId: null}a1a4984a-d14b-4502-b8a5-379a579f780f{ip: 192.168.5.175, host: pr-hdds-2194-9vxpc-1955504311, networkLocation: /default-rack, certSerialId: null}, Type:RATIS, Factor:THREE, State:OPEN]
java.util.concurrent.TimeoutException
	at java.util.concurrent.CompletableFuture.timedGet(CompletableFuture.java:1771)
	at java.util.concurrent.CompletableFuture.get(CompletableFuture.java:1915)
	at org.apache.hadoop.hdds.scm.XceiverClientRatis.watchForCommit(XceiverClientRatis.java:274)
	at org.apache.hadoop.ozone.client.rpc.TestWatchForCommit.test2WayCommitForTimeoutException(TestWatchForCommit.java:391)
	at sun.reflect.NativeMethodAccessorImpl.invoke0(Native Method)
	at sun.reflect.NativeMethodAccessorImpl.invoke(NativeMethodAccessorImpl.java:62)
	at sun.reflect.DelegatingMethodAccessorImpl.invoke(DelegatingMethodAccessorImpl.java:43)
	at java.lang.reflect.Method.invoke(Method.java:498)
	at org.junit.runners.model.FrameworkMethod$1.runReflectiveCall(FrameworkMethod.java:47)
	at org.junit.internal.runners.model.ReflectiveCallable.run(ReflectiveCallable.java:12)
	at org.junit.runners.model.FrameworkMethod.invokeExplosively(FrameworkMethod.java:44)
	at org.junit.internal.runners.statements.InvokeMethod.evaluate(InvokeMethod.java:17)
	at org.junit.runners.ParentRunner.runLeaf(ParentRunner.java:271)
	at org.junit.runners.BlockJUnit4ClassRunner.runChild(BlockJUnit4ClassRunner.java:70)
	at org.junit.runners.BlockJUnit4ClassRunner.runChild(BlockJUnit4ClassRunner.java:50)
	at org.junit.runners.ParentRunner$3.run(ParentRunner.java:238)
	at org.junit.runners.ParentRunner$1.schedule(ParentRunner.java:63)
	at org.junit.runners.ParentRunner.runChildren(ParentRunner.java:236)
	at org.junit.runners.ParentRunner.access$000(ParentRunner.java:53)
	at org.junit.runners.ParentRunner$2.evaluate(ParentRunner.java:229)
	at org.junit.runners.ParentRunner.run(ParentRunner.java:309)
	at org.apache.maven.surefire.junit4.JUnit4Provider.execute(JUnit4Provider.java:365)
	at org.apache.maven.surefire.junit4.JUnit4Provider.executeWithRerun(JUnit4Provider.java:273)
	at org.apache.maven.surefire.junit4.JUnit4Provider.executeTestSet(JUnit4Provider.java:238)
	at org.apache.maven.surefire.junit4.JUnit4Provider.invoke(JUnit4Provider.java:159)
	at org.apache.maven.surefire.booter.ForkedBooter.invokeProviderInSameClassLoader(ForkedBooter.java:384)
	at org.apache.maven.surefire.booter.ForkedBooter.runSuitesInProcess(ForkedBooter.java:345)
	at org.apache.maven.surefire.booter.ForkedBooter.execute(ForkedBooter.java:126)
	at org.apache.maven.surefire.booter.ForkedBooter.main(ForkedBooter.java:418)
2019-10-10 18:58:02,499 [grpc-default-executor-5] WARN  server.GrpcLogAppender (LogUtils.java:warn(134)) - 12a9a7aa-6562-40ed-85de-9a2aa2bb6d39@group-B0BE3D968BF3->75b5220e-e7c8-4312-8c4b-73d9cd51c490-AppendLogResponseHandler: Failed appendEntries: org.apache.ratis.thirdparty.io.grpc.StatusRuntimeException: UNAVAILABLE: io exception
2019-10-10 18:58:02,499 [grpc-default-executor-3] WARN  server.GrpcLogAppender (LogUtils.java:warn(134)) - 12a9a7aa-6562-40ed-85de-9a2aa2bb6d39@group-B0BE3D968BF3->eeda6462-8660-4cf3-b39a-3e2831ed42ce-AppendLogResponseHandler: Failed appendEntries: org.apache.ratis.thirdparty.io.grpc.StatusRuntimeException: UNAVAILABLE: io exception
2019-10-10 18:58:02,510 [grpc-default-executor-5] INFO  impl.FollowerInfo (FollowerInfo.java:lambda$new$0(51)) - 12a9a7aa-6562-40ed-85de-9a2aa2bb6d39@group-B0BE3D968BF3->75b5220e-e7c8-4312-8c4b-73d9cd51c490: nextIndex: updateUnconditionally 0 -> 0
2019-10-10 18:58:02,510 [grpc-default-executor-3] INFO  impl.FollowerInfo (FollowerInfo.java:lambda$new$0(51)) - 12a9a7aa-6562-40ed-85de-9a2aa2bb6d39@group-B0BE3D968BF3->eeda6462-8660-4cf3-b39a-3e2831ed42ce: nextIndex: updateUnconditionally 0 -> 0
2019-10-10 18:58:03,769 [grpc-default-executor-6] WARN  server.GrpcLogAppender (LogUtils.java:warn(134)) - a1a4984a-d14b-4502-b8a5-379a579f780f@group-FB20B86FE1F5->843fc1ff-de1b-43cb-8950-fd116d4d559a-AppendLogResponseHandler: Failed appendEntries: org.apache.ratis.thirdparty.io.grpc.StatusRuntimeException: UNAVAILABLE: io exception
2019-10-10 18:58:03,769 [grpc-default-executor-6] INFO  impl.FollowerInfo (FollowerInfo.java:lambda$new$0(51)) - a1a4984a-d14b-4502-b8a5-379a579f780f@group-FB20B86FE1F5->843fc1ff-de1b-43cb-8950-fd116d4d559a: nextIndex: updateUnconditionally 0 -> 0
]]></system-out>
  </testcase>
</testsuite>