<?xml version="1.0" encoding="UTF-8"?>
<testsuite xmlns:xsi="http://www.w3.org/2001/XMLSchema-instance" xsi:noNamespaceSchemaLocation="https://maven.apache.org/surefire/maven-surefire-plugin/xsd/surefire-test-report.xsd" name="org.apache.hadoop.fs.ozone.contract.ITestOzoneContractOpen" time="389.574" tests="6" errors="2" skipped="0" failures="0">
  <properties>
    <property name="awt.toolkit" value="sun.awt.X11.XToolkit"/>
    <property name="file.encoding.pkg" value="sun.io"/>
    <property name="java.specification.version" value="1.8"/>
    <property name="sun.cpu.isalist" value=""/>
    <property name="sun.jnu.encoding" value="UTF-8"/>
    <property name="java.class.path" value="/workdir/hadoop-ozone/ozonefs/target/test-classes:/workdir/hadoop-ozone/ozonefs/target/classes:/home/user/.m2/repository/org/apache/hadoop/hadoop-common/3.2.0/hadoop-common-3.2.0.jar:/home/user/.m2/repository/org/apache/hadoop/hadoop-annotations/3.2.0/hadoop-annotations-3.2.0.jar:/usr/lib/jvm/java-1.8-openjdk/jre/../lib/tools.jar:/home/user/.m2/repository/com/google/guava/guava/11.0.2/guava-11.0.2.jar:/home/user/.m2/repository/commons-cli/commons-cli/1.2/commons-cli-1.2.jar:/home/user/.m2/repository/org/apache/commons/commons-math3/3.1.1/commons-math3-3.1.1.jar:/home/user/.m2/repository/commons-codec/commons-codec/1.11/commons-codec-1.11.jar:/home/user/.m2/repository/commons-io/commons-io/2.5/commons-io-2.5.jar:/home/user/.m2/repository/commons-net/commons-net/3.6/commons-net-3.6.jar:/home/user/.m2/repository/commons-collections/commons-collections/3.2.2/commons-collections-3.2.2.jar:/home/user/.m2/repository/javax/servlet/javax.servlet-api/3.1.0/javax.servlet-api-3.1.0.jar:/home/user/.m2/repository/org/eclipse/jetty/jetty-server/9.3.25.v20180904/jetty-server-9.3.25.v20180904.jar:/home/user/.m2/repository/org/eclipse/jetty/jetty-http/9.3.25.v20180904/jetty-http-9.3.25.v20180904.jar:/home/user/.m2/repository/org/eclipse/jetty/jetty-io/9.3.25.v20180904/jetty-io-9.3.25.v20180904.jar:/home/user/.m2/repository/org/eclipse/jetty/jetty-util/9.3.25.v20180904/jetty-util-9.3.25.v20180904.jar:/home/user/.m2/repository/org/eclipse/jetty/jetty-servlet/9.3.25.v20180904/jetty-servlet-9.3.25.v20180904.jar:/home/user/.m2/repository/org/eclipse/jetty/jetty-security/9.3.25.v20180904/jetty-security-9.3.25.v20180904.jar:/home/user/.m2/repository/org/eclipse/jetty/jetty-webapp/9.3.25.v20180904/jetty-webapp-9.3.25.v20180904.jar:/home/user/.m2/repository/org/eclipse/jetty/jetty-xml/9.3.25.v20180904/jetty-xml-9.3.25.v20180904.jar:/home/user/.m2/repository/javax/servlet/jsp/jsp-api/2.1/jsp-api-2.1.jar:/home/user/.m2/repository/com/sun/jersey/jersey-core/1.19/jersey-core-1.19.jar:/home/user/.m2/repository/javax/ws/rs/jsr311-api/1.1.1/jsr311-api-1.1.1.jar:/home/user/.m2/repository/com/sun/jersey/jersey-servlet/1.19/jersey-servlet-1.19.jar:/home/user/.m2/repository/com/sun/jersey/jersey-json/1.19/jersey-json-1.19.jar:/home/user/.m2/repository/org/codehaus/jettison/jettison/1.1/jettison-1.1.jar:/home/user/.m2/repository/com/sun/xml/bind/jaxb-impl/2.3.0.1/jaxb-impl-2.3.0.1.jar:/home/user/.m2/repository/org/codehaus/jackson/jackson-core-asl/1.9.13/jackson-core-asl-1.9.13.jar:/home/user/.m2/repository/org/codehaus/jackson/jackson-mapper-asl/1.9.13/jackson-mapper-asl-1.9.13.jar:/home/user/.m2/repository/org/codehaus/jackson/jackson-jaxrs/1.9.13/jackson-jaxrs-1.9.13.jar:/home/user/.m2/repository/org/codehaus/jackson/jackson-xc/1.9.13/jackson-xc-1.9.13.jar:/home/user/.m2/repository/com/sun/jersey/jersey-server/1.19/jersey-server-1.19.jar:/home/user/.m2/repository/commons-logging/commons-logging/1.1.3/commons-logging-1.1.3.jar:/home/user/.m2/repository/log4j/log4j/1.2.17/log4j-1.2.17.jar:/home/user/.m2/repository/commons-beanutils/commons-beanutils/1.9.4/commons-beanutils-1.9.4.jar:/home/user/.m2/repository/org/apache/commons/commons-configuration2/2.1.1/commons-configuration2-2.1.1.jar:/home/user/.m2/repository/org/apache/commons/commons-lang3/3.7/commons-lang3-3.7.jar:/home/user/.m2/repository/org/apache/commons/commons-text/1.4/commons-text-1.4.jar:/home/user/.m2/repository/org/slf4j/slf4j-api/1.7.25/slf4j-api-1.7.25.jar:/home/user/.m2/repository/org/slf4j/slf4j-log4j12/1.7.25/slf4j-log4j12-1.7.25.jar:/home/user/.m2/repository/org/apache/avro/avro/1.7.7/avro-1.7.7.jar:/home/user/.m2/repository/com/thoughtworks/paranamer/paranamer/2.3/paranamer-2.3.jar:/home/user/.m2/repository/org/xerial/snappy/snappy-java/1.0.5/snappy-java-1.0.5.jar:/home/user/.m2/repository/com/google/re2j/re2j/1.1/re2j-1.1.jar:/home/user/.m2/repository/com/google/protobuf/protobuf-java/2.5.0/protobuf-java-2.5.0.jar:/home/user/.m2/repository/com/google/code/gson/gson/2.2.4/gson-2.2.4.jar:/home/user/.m2/repository/org/apache/hadoop/hadoop-auth/3.2.0/hadoop-auth-3.2.0.jar:/home/user/.m2/repository/com/nimbusds/nimbus-jose-jwt/4.41.1/nimbus-jose-jwt-4.41.1.jar:/home/user/.m2/repository/com/github/stephenc/jcip/jcip-annotations/1.0-1/jcip-annotations-1.0-1.jar:/home/user/.m2/repository/net/minidev/json-smart/2.3/json-smart-2.3.jar:/home/user/.m2/repository/net/minidev/accessors-smart/1.2/accessors-smart-1.2.jar:/home/user/.m2/repository/org/apache/curator/curator-framework/2.12.0/curator-framework-2.12.0.jar:/home/user/.m2/repository/com/jcraft/jsch/0.1.54/jsch-0.1.54.jar:/home/user/.m2/repository/org/apache/curator/curator-client/2.12.0/curator-client-2.12.0.jar:/home/user/.m2/repository/org/apache/curator/curator-recipes/2.12.0/curator-recipes-2.12.0.jar:/home/user/.m2/repository/com/google/code/findbugs/jsr305/3.0.0/jsr305-3.0.0.jar:/home/user/.m2/repository/org/apache/htrace/htrace-core4/4.1.0-incubating/htrace-core4-4.1.0-incubating.jar:/home/user/.m2/repository/org/apache/zookeeper/zookeeper/3.4.13/zookeeper-3.4.13.jar:/home/user/.m2/repository/jline/jline/0.9.94/jline-0.9.94.jar:/home/user/.m2/repository/org/apache/yetus/audience-annotations/0.5.0/audience-annotations-0.5.0.jar:/home/user/.m2/repository/org/apache/commons/commons-compress/1.4.1/commons-compress-1.4.1.jar:/home/user/.m2/repository/org/tukaani/xz/1.0/xz-1.0.jar:/home/user/.m2/repository/org/apache/kerby/kerb-simplekdc/1.0.1/kerb-simplekdc-1.0.1.jar:/home/user/.m2/repository/org/apache/kerby/kerb-client/1.0.1/kerb-client-1.0.1.jar:/home/user/.m2/repository/org/apache/kerby/kerby-config/1.0.1/kerby-config-1.0.1.jar:/home/user/.m2/repository/org/apache/kerby/kerb-core/1.0.1/kerb-core-1.0.1.jar:/home/user/.m2/repository/org/apache/kerby/kerby-pkix/1.0.1/kerby-pkix-1.0.1.jar:/home/user/.m2/repository/org/apache/kerby/kerby-asn1/1.0.1/kerby-asn1-1.0.1.jar:/home/user/.m2/repository/org/apache/kerby/kerby-util/1.0.1/kerby-util-1.0.1.jar:/home/user/.m2/repository/org/apache/kerby/kerb-common/1.0.1/kerb-common-1.0.1.jar:/home/user/.m2/repository/org/apache/kerby/kerb-crypto/1.0.1/kerb-crypto-1.0.1.jar:/home/user/.m2/repository/org/apache/kerby/kerb-util/1.0.1/kerb-util-1.0.1.jar:/home/user/.m2/repository/org/apache/kerby/token-provider/1.0.1/token-provider-1.0.1.jar:/home/user/.m2/repository/org/apache/kerby/kerb-admin/1.0.1/kerb-admin-1.0.1.jar:/home/user/.m2/repository/org/apache/kerby/kerb-server/1.0.1/kerb-server-1.0.1.jar:/home/user/.m2/repository/org/apache/kerby/kerb-identity/1.0.1/kerb-identity-1.0.1.jar:/home/user/.m2/repository/org/apache/kerby/kerby-xdr/1.0.1/kerby-xdr-1.0.1.jar:/home/user/.m2/repository/com/fasterxml/jackson/core/jackson-databind/2.9.9/jackson-databind-2.9.9.jar:/home/user/.m2/repository/com/fasterxml/jackson/core/jackson-annotations/2.9.9/jackson-annotations-2.9.9.jar:/home/user/.m2/repository/com/fasterxml/jackson/core/jackson-core/2.9.9/jackson-core-2.9.9.jar:/home/user/.m2/repository/org/codehaus/woodstox/stax2-api/3.1.4/stax2-api-3.1.4.jar:/home/user/.m2/repository/com/fasterxml/woodstox/woodstox-core/5.0.3/woodstox-core-5.0.3.jar:/home/user/.m2/repository/dnsjava/dnsjava/2.1.7/dnsjava-2.1.7.jar:/home/user/.m2/repository/org/apache/hadoop/hadoop-hdfs/3.2.0/hadoop-hdfs-3.2.0.jar:/home/user/.m2/repository/org/eclipse/jetty/jetty-util-ajax/9.3.25.v20180904/jetty-util-ajax-9.3.25.v20180904.jar:/home/user/.m2/repository/commons-daemon/commons-daemon/1.0.13/commons-daemon-1.0.13.jar:/home/user/.m2/repository/io/netty/netty/3.10.5.Final/netty-3.10.5.Final.jar:/home/user/.m2/repository/io/netty/netty-all/4.0.52.Final/netty-all-4.0.52.Final.jar:/home/user/.m2/repository/org/fusesource/leveldbjni/leveldbjni-all/1.8/leveldbjni-all-1.8.jar:/home/user/.m2/repository/org/apache/hadoop/hadoop-hdds-common/0.5.0-SNAPSHOT/hadoop-hdds-common-0.5.0-SNAPSHOT.jar:/home/user/.m2/repository/org/apache/hadoop/hadoop-hdds-config/0.5.0-SNAPSHOT/hadoop-hdds-config-0.5.0-SNAPSHOT.jar:/home/user/.m2/repository/javax/annotation/javax.annotation-api/1.2/javax.annotation-api-1.2.jar:/home/user/.m2/repository/org/apache/ratis/ratis-server/0.5.0-201fc85-SNAPSHOT/ratis-server-0.5.0-201fc85-SNAPSHOT.jar:/home/user/.m2/repository/org/apache/ratis/ratis-thirdparty-misc/0.2.0/ratis-thirdparty-misc-0.2.0.jar:/home/user/.m2/repository/org/apache/ratis/ratis-proto/0.5.0-201fc85-SNAPSHOT/ratis-proto-0.5.0-201fc85-SNAPSHOT.jar:/home/user/.m2/repository/org/apache/ratis/ratis-common/0.5.0-201fc85-SNAPSHOT/ratis-common-0.5.0-201fc85-SNAPSHOT.jar:/home/user/.m2/repository/org/apache/ratis/ratis-client/0.5.0-201fc85-SNAPSHOT/ratis-client-0.5.0-201fc85-SNAPSHOT.jar:/home/user/.m2/repository/org/apache/ratis/ratis-metrics/0.5.0-201fc85-SNAPSHOT/ratis-metrics-0.5.0-201fc85-SNAPSHOT.jar:/home/user/.m2/repository/com/github/joshelser/dropwizard-metrics-hadoop-metrics2-reporter/0.1.2/dropwizard-metrics-hadoop-metrics2-reporter-0.1.2.jar:/home/user/.m2/repository/io/dropwizard/metrics/metrics-jvm/3.2.5/metrics-jvm-3.2.5.jar:/home/user/.m2/repository/io/dropwizard/metrics/metrics-ganglia/3.2.5/metrics-ganglia-3.2.5.jar:/home/user/.m2/repository/info/ganglia/gmetric4j/gmetric4j/1.0.7/gmetric4j-1.0.7.jar:/home/user/.m2/repository/org/apache/ratis/ratis-netty/0.5.0-201fc85-SNAPSHOT/ratis-netty-0.5.0-201fc85-SNAPSHOT.jar:/home/user/.m2/repository/org/apache/ratis/ratis-grpc/0.5.0-201fc85-SNAPSHOT/ratis-grpc-0.5.0-201fc85-SNAPSHOT.jar:/home/user/.m2/repository/org/rocksdb/rocksdbjni/6.0.1/rocksdbjni-6.0.1.jar:/home/user/.m2/repository/org/apache/logging/log4j/log4j-api/2.11.0/log4j-api-2.11.0.jar:/home/user/.m2/repository/org/apache/logging/log4j/log4j-core/2.11.0/log4j-core-2.11.0.jar:/home/user/.m2/repository/com/lmax/disruptor/3.4.2/disruptor-3.4.2.jar:/home/user/.m2/repository/org/apache/commons/commons-pool2/2.6.0/commons-pool2-2.6.0.jar:/home/user/.m2/repository/org/bouncycastle/bcpkix-jdk15on/1.60/bcpkix-jdk15on-1.60.jar:/home/user/.m2/repository/commons-validator/commons-validator/1.6/commons-validator-1.6.jar:/home/user/.m2/repository/commons-digester/commons-digester/1.8.1/commons-digester-1.8.1.jar:/home/user/.m2/repository/io/jaegertracing/jaeger-client/0.34.0/jaeger-client-0.34.0.jar:/home/user/.m2/repository/io/jaegertracing/jaeger-thrift/0.34.0/jaeger-thrift-0.34.0.jar:/home/user/.m2/repository/org/apache/thrift/libthrift/0.12.0/libthrift-0.12.0.jar:/home/user/.m2/repository/com/squareup/okhttp3/okhttp/3.9.0/okhttp-3.9.0.jar:/home/user/.m2/repository/com/squareup/okio/okio/1.13.0/okio-1.13.0.jar:/home/user/.m2/repository/io/jaegertracing/jaeger-core/0.34.0/jaeger-core-0.34.0.jar:/home/user/.m2/repository/io/jaegertracing/jaeger-tracerresolver/0.34.0/jaeger-tracerresolver-0.34.0.jar:/home/user/.m2/repository/io/opentracing/contrib/opentracing-tracerresolver/0.1.5/opentracing-tracerresolver-0.1.5.jar:/home/user/.m2/repository/io/opentracing/opentracing-util/0.31.0/opentracing-util-0.31.0.jar:/home/user/.m2/repository/io/opentracing/opentracing-api/0.31.0/opentracing-api-0.31.0.jar:/home/user/.m2/repository/io/opentracing/opentracing-noop/0.31.0/opentracing-noop-0.31.0.jar:/home/user/.m2/repository/org/yaml/snakeyaml/1.16/snakeyaml-1.16.jar:/home/user/.m2/repository/org/apache/hadoop/hadoop-hdfs-client/3.2.0/hadoop-hdfs-client-3.2.0.jar:/home/user/.m2/repository/info/picocli/picocli/3.9.6/picocli-3.9.6.jar:/home/user/.m2/repository/org/apache/hadoop/hadoop-hdds-server-scm/0.5.0-SNAPSHOT/hadoop-hdds-server-scm-0.5.0-SNAPSHOT.jar:/home/user/.m2/repository/org/apache/hadoop/hadoop-hdds-docs/0.5.0-SNAPSHOT/hadoop-hdds-docs-0.5.0-SNAPSHOT.jar:/home/user/.m2/repository/io/dropwizard/metrics/metrics-core/3.2.4/metrics-core-3.2.4.jar:/home/user/.m2/repository/org/hamcrest/hamcrest-all/1.3/hamcrest-all-1.3.jar:/home/user/.m2/repository/org/bouncycastle/bcprov-jdk15on/1.60/bcprov-jdk15on-1.60.jar:/home/user/.m2/repository/org/apache/hadoop/hadoop-hdds-server-framework/0.5.0-SNAPSHOT/hadoop-hdds-server-framework-0.5.0-SNAPSHOT.jar:/home/user/.m2/repository/org/apache/hadoop/hadoop-ozone-ozone-manager/0.5.0-SNAPSHOT/hadoop-ozone-ozone-manager-0.5.0-SNAPSHOT.jar:/home/user/.m2/repository/org/apache/hadoop/hadoop-hdds-container-service/0.5.0-SNAPSHOT/hadoop-hdds-container-service-0.5.0-SNAPSHOT.jar:/home/user/.m2/repository/org/apache/hadoop/hadoop-hdds-client/0.5.0-SNAPSHOT/hadoop-hdds-client-0.5.0-SNAPSHOT.jar:/home/user/.m2/repository/org/apache/hadoop/hadoop-ozone-common/0.5.0-SNAPSHOT/hadoop-ozone-common-0.5.0-SNAPSHOT.jar:/home/user/.m2/repository/org/apache/hadoop/hadoop-hdds-tools/0.5.0-SNAPSHOT/hadoop-hdds-tools-0.5.0-SNAPSHOT.jar:/home/user/.m2/repository/org/xerial/sqlite-jdbc/3.25.2/sqlite-jdbc-3.25.2.jar:/home/user/.m2/repository/org/apache/httpcomponents/httpclient/4.5.2/httpclient-4.5.2.jar:/home/user/.m2/repository/org/apache/httpcomponents/httpcore/4.4.4/httpcore-4.4.4.jar:/home/user/.m2/repository/com/github/spotbugs/spotbugs/3.1.12/spotbugs-3.1.12.jar:/home/user/.m2/repository/org/ow2/asm/asm/5.0.4/asm-5.0.4.jar:/home/user/.m2/repository/org/ow2/asm/asm-analysis/7.0/asm-analysis-7.0.jar:/home/user/.m2/repository/org/ow2/asm/asm-commons/7.0/asm-commons-7.0.jar:/home/user/.m2/repository/org/ow2/asm/asm-tree/7.0/asm-tree-7.0.jar:/home/user/.m2/repository/org/ow2/asm/asm-util/7.0/asm-util-7.0.jar:/home/user/.m2/repository/org/apache/bcel/bcel/6.3/bcel-6.3.jar:/home/user/.m2/repository/net/jcip/jcip-annotations/1.0/jcip-annotations-1.0.jar:/home/user/.m2/repository/org/dom4j/dom4j/2.1.1/dom4j-2.1.1.jar:/home/user/.m2/repository/jaxen/jaxen/1.1.6/jaxen-1.1.6.jar:/home/user/.m2/repository/commons-lang/commons-lang/2.6/commons-lang-2.6.jar:/home/user/.m2/repository/com/github/spotbugs/spotbugs-annotations/3.1.12/spotbugs-annotations-3.1.12.jar:/home/user/.m2/repository/org/apache/hadoop/hadoop-common/3.2.0/hadoop-common-3.2.0-tests.jar:/home/user/.m2/repository/org/apache/hadoop/hadoop-ozone-client/0.5.0-SNAPSHOT/hadoop-ozone-client-0.5.0-SNAPSHOT.jar:/home/user/.m2/repository/org/apache/hadoop/hadoop-hdfs/3.2.0/hadoop-hdfs-3.2.0-tests.jar:/workdir/hadoop-ozone/integration-test/target/test-classes:/home/user/.m2/repository/org/apache/hadoop/hadoop-ozone-s3gateway/0.5.0-SNAPSHOT/hadoop-ozone-s3gateway-0.5.0-SNAPSHOT.jar:/home/user/.m2/repository/org/jboss/weld/servlet/weld-servlet/2.4.7.Final/weld-servlet-2.4.7.Final.jar:/home/user/.m2/repository/org/glassfish/jersey/containers/jersey-container-servlet-core/2.27/jersey-container-servlet-core-2.27.jar:/home/user/.m2/repository/org/glassfish/hk2/external/javax.inject/2.5.0-b42/javax.inject-2.5.0-b42.jar:/home/user/.m2/repository/org/glassfish/jersey/core/jersey-common/2.27/jersey-common-2.27.jar:/home/user/.m2/repository/org/glassfish/hk2/osgi-resource-locator/1.0.1/osgi-resource-locator-1.0.1.jar:/home/user/.m2/repository/javax/ws/rs/javax.ws.rs-api/2.1/javax.ws.rs-api-2.1.jar:/home/user/.m2/repository/org/glassfish/jersey/ext/cdi/jersey-cdi1x/2.27/jersey-cdi1x-2.27.jar:/home/user/.m2/repository/org/glassfish/jersey/inject/jersey-hk2/2.27/jersey-hk2-2.27.jar:/home/user/.m2/repository/org/glassfish/hk2/hk2-locator/2.5.0-b42/hk2-locator-2.5.0-b42.jar:/home/user/.m2/repository/org/javassist/javassist/3.22.0-CR2/javassist-3.22.0-CR2.jar:/home/user/.m2/repository/org/glassfish/hk2/hk2-api/2.5.0/hk2-api-2.5.0.jar:/home/user/.m2/repository/org/glassfish/hk2/external/jakarta.inject/2.5.0/jakarta.inject-2.5.0.jar:/home/user/.m2/repository/org/glassfish/hk2/hk2-utils/2.5.0/hk2-utils-2.5.0.jar:/home/user/.m2/repository/jakarta/annotation/jakarta.annotation-api/1.3.4/jakarta.annotation-api-1.3.4.jar:/home/user/.m2/repository/org/glassfish/hk2/external/aopalliance-repackaged/2.5.0/aopalliance-repackaged-2.5.0.jar:/home/user/.m2/repository/com/fasterxml/jackson/dataformat/jackson-dataformat-xml/2.9.0/jackson-dataformat-xml-2.9.0.jar:/home/user/.m2/repository/com/fasterxml/jackson/module/jackson-module-jaxb-annotations/2.9.9/jackson-module-jaxb-annotations-2.9.9.jar:/home/user/.m2/repository/javax/enterprise/cdi-api/1.2/cdi-api-1.2.jar:/home/user/.m2/repository/javax/el/javax.el-api/3.0.0/javax.el-api-3.0.0.jar:/home/user/.m2/repository/javax/interceptor/javax.interceptor-api/1.2/javax.interceptor-api-1.2.jar:/home/user/.m2/repository/javax/inject/javax.inject/1/javax.inject-1.jar:/home/user/.m2/repository/com/sun/xml/bind/jaxb-core/2.3.0.1/jaxb-core-2.3.0.1.jar:/home/user/.m2/repository/javax/xml/bind/jaxb-api/2.3.0/jaxb-api-2.3.0.jar:/home/user/.m2/repository/javax/activation/activation/1.1.1/activation-1.1.1.jar:/home/user/.m2/repository/org/apache/hadoop/hadoop-ozone-csi/0.5.0-SNAPSHOT/hadoop-ozone-csi-0.5.0-SNAPSHOT.jar:/home/user/.m2/repository/com/google/protobuf/protobuf-java-util/3.5.1/protobuf-java-util-3.5.1.jar:/home/user/.m2/repository/io/grpc/grpc-netty/1.17.1/grpc-netty-1.17.1.jar:/home/user/.m2/repository/io/grpc/grpc-core/1.17.1/grpc-core-1.17.1.jar:/home/user/.m2/repository/io/grpc/grpc-context/1.17.1/grpc-context-1.17.1.jar:/home/user/.m2/repository/com/google/errorprone/error_prone_annotations/2.2.0/error_prone_annotations-2.2.0.jar:/home/user/.m2/repository/org/codehaus/mojo/animal-sniffer-annotations/1.17/animal-sniffer-annotations-1.17.jar:/home/user/.m2/repository/io/opencensus/opencensus-api/0.17.0/opencensus-api-0.17.0.jar:/home/user/.m2/repository/io/opencensus/opencensus-contrib-grpc-metrics/0.17.0/opencensus-contrib-grpc-metrics-0.17.0.jar:/home/user/.m2/repository/io/netty/netty-codec-http2/4.1.30.Final/netty-codec-http2-4.1.30.Final.jar:/home/user/.m2/repository/io/netty/netty-codec-http/4.1.30.Final/netty-codec-http-4.1.30.Final.jar:/home/user/.m2/repository/io/netty/netty-codec/4.1.30.Final/netty-codec-4.1.30.Final.jar:/home/user/.m2/repository/io/netty/netty-handler/4.1.30.Final/netty-handler-4.1.30.Final.jar:/home/user/.m2/repository/io/netty/netty-handler-proxy/4.1.30.Final/netty-handler-proxy-4.1.30.Final.jar:/home/user/.m2/repository/io/netty/netty-codec-socks/4.1.30.Final/netty-codec-socks-4.1.30.Final.jar:/home/user/.m2/repository/io/netty/netty-transport-native-epoll/4.1.30.Final/netty-transport-native-epoll-4.1.30.Final.jar:/home/user/.m2/repository/io/netty/netty-common/4.1.30.Final/netty-common-4.1.30.Final.jar:/home/user/.m2/repository/io/netty/netty-buffer/4.1.30.Final/netty-buffer-4.1.30.Final.jar:/home/user/.m2/repository/io/netty/netty-transport/4.1.30.Final/netty-transport-4.1.30.Final.jar:/home/user/.m2/repository/io/netty/netty-resolver/4.1.30.Final/netty-resolver-4.1.30.Final.jar:/home/user/.m2/repository/io/netty/netty-transport-native-unix-common/4.1.30.Final/netty-transport-native-unix-common-4.1.30.Final.jar:/home/user/.m2/repository/io/grpc/grpc-protobuf/1.17.1/grpc-protobuf-1.17.1.jar:/home/user/.m2/repository/com/google/api/grpc/proto-google-common-protos/1.0.0/proto-google-common-protos-1.0.0.jar:/home/user/.m2/repository/io/grpc/grpc-protobuf-lite/1.17.1/grpc-protobuf-lite-1.17.1.jar:/home/user/.m2/repository/io/grpc/grpc-stub/1.17.1/grpc-stub-1.17.1.jar:/home/user/.m2/repository/org/apache/hadoop/hadoop-ozone-recon/0.5.0-SNAPSHOT/hadoop-ozone-recon-0.5.0-SNAPSHOT.jar:/home/user/.m2/repository/org/apache/hadoop/hadoop-ozone-reconcodegen/0.5.0-SNAPSHOT/hadoop-ozone-reconcodegen-0.5.0-SNAPSHOT.jar:/home/user/.m2/repository/com/google/inject/extensions/guice-multibindings/4.0/guice-multibindings-4.0.jar:/home/user/.m2/repository/com/google/inject/guice/4.0/guice-4.0.jar:/home/user/.m2/repository/aopalliance/aopalliance/1.0/aopalliance-1.0.jar:/home/user/.m2/repository/org/glassfish/jersey/containers/jersey-container-servlet/2.27/jersey-container-servlet-2.27.jar:/home/user/.m2/repository/org/glassfish/hk2/guice-bridge/2.5.0/guice-bridge-2.5.0.jar:/home/user/.m2/repository/org/glassfish/jersey/core/jersey-server/2.27/jersey-server-2.27.jar:/home/user/.m2/repository/org/glassfish/jersey/core/jersey-client/2.27/jersey-client-2.27.jar:/home/user/.m2/repository/org/glassfish/jersey/media/jersey-media-jaxb/2.27/jersey-media-jaxb-2.27.jar:/home/user/.m2/repository/javax/validation/validation-api/1.1.0.Final/validation-api-1.1.0.Final.jar:/home/user/.m2/repository/org/glassfish/jersey/media/jersey-media-json-jackson/2.27/jersey-media-json-jackson-2.27.jar:/home/user/.m2/repository/org/glassfish/jersey/ext/jersey-entity-filtering/2.27/jersey-entity-filtering-2.27.jar:/home/user/.m2/repository/com/google/inject/extensions/guice-assistedinject/4.0/guice-assistedinject-4.0.jar:/home/user/.m2/repository/org/jooq/jooq/3.11.10/jooq-3.11.10.jar:/home/user/.m2/repository/org/jooq/jooq-meta/3.11.10/jooq-meta-3.11.10.jar:/home/user/.m2/repository/org/jooq/jooq-codegen/3.11.10/jooq-codegen-3.11.10.jar:/home/user/.m2/repository/com/jolbox/bonecp/0.8.0.RELEASE/bonecp-0.8.0.RELEASE.jar:/home/user/.m2/repository/org/springframework/spring-jdbc/5.1.3.RELEASE/spring-jdbc-5.1.3.RELEASE.jar:/home/user/.m2/repository/org/springframework/spring-beans/5.1.3.RELEASE/spring-beans-5.1.3.RELEASE.jar:/home/user/.m2/repository/org/springframework/spring-core/5.1.3.RELEASE/spring-core-5.1.3.RELEASE.jar:/home/user/.m2/repository/org/springframework/spring-jcl/5.1.3.RELEASE/spring-jcl-5.1.3.RELEASE.jar:/home/user/.m2/repository/org/springframework/spring-tx/5.1.3.RELEASE/spring-tx-5.1.3.RELEASE.jar:/home/user/.m2/repository/org/mockito/mockito-all/1.10.19/mockito-all-1.10.19.jar:/home/user/.m2/repository/junit/junit/4.11/junit-4.11.jar:/home/user/.m2/repository/org/hamcrest/hamcrest-core/1.3/hamcrest-core-1.3.jar:/home/user/.m2/repository/org/apache/hadoop/hadoop-distcp/3.2.0/hadoop-distcp-3.2.0.jar:/home/user/.m2/repository/org/apache/hadoop/hadoop-distcp/3.2.0/hadoop-distcp-3.2.0-tests.jar:/home/user/.m2/repository/org/apache/hadoop/hadoop-mapreduce-client-jobclient/3.2.0/hadoop-mapreduce-client-jobclient-3.2.0.jar:/home/user/.m2/repository/org/apache/hadoop/hadoop-mapreduce-client-common/3.2.0/hadoop-mapreduce-client-common-3.2.0.jar:/home/user/.m2/repository/org/apache/hadoop/hadoop-yarn-common/3.2.0/hadoop-yarn-common-3.2.0.jar:/home/user/.m2/repository/org/apache/hadoop/hadoop-yarn-api/3.2.0/hadoop-yarn-api-3.2.0.jar:/home/user/.m2/repository/com/sun/jersey/jersey-client/1.19/jersey-client-1.19.jar:/home/user/.m2/repository/com/sun/jersey/contribs/jersey-guice/1.19/jersey-guice-1.19.jar:/home/user/.m2/repository/com/fasterxml/jackson/jaxrs/jackson-jaxrs-json-provider/2.9.9/jackson-jaxrs-json-provider-2.9.9.jar:/home/user/.m2/repository/com/fasterxml/jackson/jaxrs/jackson-jaxrs-base/2.9.9/jackson-jaxrs-base-2.9.9.jar:/home/user/.m2/repository/org/apache/hadoop/hadoop-yarn-client/3.2.0/hadoop-yarn-client-3.2.0.jar:/home/user/.m2/repository/org/apache/hadoop/hadoop-mapreduce-client-core/3.2.0/hadoop-mapreduce-client-core-3.2.0.jar:/home/user/.m2/repository/com/google/inject/extensions/guice-servlet/4.0/guice-servlet-4.0.jar:/home/user/.m2/repository/org/powermock/powermock-module-junit4/1.6.5/powermock-module-junit4-1.6.5.jar:/home/user/.m2/repository/org/powermock/powermock-module-junit4-common/1.6.5/powermock-module-junit4-common-1.6.5.jar:/home/user/.m2/repository/org/powermock/powermock-core/1.6.5/powermock-core-1.6.5.jar:/home/user/.m2/repository/org/powermock/powermock-reflect/1.6.5/powermock-reflect-1.6.5.jar:/home/user/.m2/repository/org/powermock/powermock-api-mockito/1.6.5/powermock-api-mockito-1.6.5.jar:/home/user/.m2/repository/org/mockito/mockito-core/1.10.19/mockito-core-1.10.19.jar:/home/user/.m2/repository/org/objenesis/objenesis/1.0/objenesis-1.0.jar:/home/user/.m2/repository/org/powermock/powermock-api-mockito-common/1.6.5/powermock-api-mockito-common-1.6.5.jar:/home/user/.m2/repository/org/powermock/powermock-api-support/1.6.5/powermock-api-support-1.6.5.jar:"/>
    <property name="java.vm.vendor" value="IcedTea"/>
    <property name="sun.arch.data.model" value="64"/>
    <property name="test.build.dir" value="/workdir/hadoop-ozone/ozonefs/target/test-dir"/>
    <property name="test.cache.data" value=""/>
    <property name="java.vendor.url" value="https://icedtea.classpath.org"/>
    <property name="user.timezone" value=""/>
    <property name="java.vm.specification.version" value="1.8"/>
    <property name="os.name" value="Linux"/>
    <property name="test.build.data" value="/workdir/hadoop-ozone/ozonefs/target/test-dir"/>
    <property name="user.country" value="US"/>
    <property name="sun.java.launcher" value="SUN_STANDARD"/>
    <property name="sun.boot.library.path" value="/usr/lib/jvm/java-1.8-openjdk/jre/lib/amd64"/>
    <property name="sun.java.command" value="/workdir/hadoop-ozone/ozonefs/target/surefire/surefirebooter6187393508913036338.jar /workdir/hadoop-ozone/ozonefs/target/surefire 2019-10-02T03-31-44_944-jvmRun1 surefire30730646792726480tmp surefire_96355864215260567643tmp"/>
    <property name="test" value="!TestMiniChaosOzoneCluster"/>
    <property name="surefire.test.class.path" value="/workdir/hadoop-ozone/ozonefs/target/test-classes:/workdir/hadoop-ozone/ozonefs/target/classes:/home/user/.m2/repository/org/apache/hadoop/hadoop-common/3.2.0/hadoop-common-3.2.0.jar:/home/user/.m2/repository/org/apache/hadoop/hadoop-annotations/3.2.0/hadoop-annotations-3.2.0.jar:/usr/lib/jvm/java-1.8-openjdk/jre/../lib/tools.jar:/home/user/.m2/repository/com/google/guava/guava/11.0.2/guava-11.0.2.jar:/home/user/.m2/repository/commons-cli/commons-cli/1.2/commons-cli-1.2.jar:/home/user/.m2/repository/org/apache/commons/commons-math3/3.1.1/commons-math3-3.1.1.jar:/home/user/.m2/repository/commons-codec/commons-codec/1.11/commons-codec-1.11.jar:/home/user/.m2/repository/commons-io/commons-io/2.5/commons-io-2.5.jar:/home/user/.m2/repository/commons-net/commons-net/3.6/commons-net-3.6.jar:/home/user/.m2/repository/commons-collections/commons-collections/3.2.2/commons-collections-3.2.2.jar:/home/user/.m2/repository/javax/servlet/javax.servlet-api/3.1.0/javax.servlet-api-3.1.0.jar:/home/user/.m2/repository/org/eclipse/jetty/jetty-server/9.3.25.v20180904/jetty-server-9.3.25.v20180904.jar:/home/user/.m2/repository/org/eclipse/jetty/jetty-http/9.3.25.v20180904/jetty-http-9.3.25.v20180904.jar:/home/user/.m2/repository/org/eclipse/jetty/jetty-io/9.3.25.v20180904/jetty-io-9.3.25.v20180904.jar:/home/user/.m2/repository/org/eclipse/jetty/jetty-util/9.3.25.v20180904/jetty-util-9.3.25.v20180904.jar:/home/user/.m2/repository/org/eclipse/jetty/jetty-servlet/9.3.25.v20180904/jetty-servlet-9.3.25.v20180904.jar:/home/user/.m2/repository/org/eclipse/jetty/jetty-security/9.3.25.v20180904/jetty-security-9.3.25.v20180904.jar:/home/user/.m2/repository/org/eclipse/jetty/jetty-webapp/9.3.25.v20180904/jetty-webapp-9.3.25.v20180904.jar:/home/user/.m2/repository/org/eclipse/jetty/jetty-xml/9.3.25.v20180904/jetty-xml-9.3.25.v20180904.jar:/home/user/.m2/repository/javax/servlet/jsp/jsp-api/2.1/jsp-api-2.1.jar:/home/user/.m2/repository/com/sun/jersey/jersey-core/1.19/jersey-core-1.19.jar:/home/user/.m2/repository/javax/ws/rs/jsr311-api/1.1.1/jsr311-api-1.1.1.jar:/home/user/.m2/repository/com/sun/jersey/jersey-servlet/1.19/jersey-servlet-1.19.jar:/home/user/.m2/repository/com/sun/jersey/jersey-json/1.19/jersey-json-1.19.jar:/home/user/.m2/repository/org/codehaus/jettison/jettison/1.1/jettison-1.1.jar:/home/user/.m2/repository/com/sun/xml/bind/jaxb-impl/2.3.0.1/jaxb-impl-2.3.0.1.jar:/home/user/.m2/repository/org/codehaus/jackson/jackson-core-asl/1.9.13/jackson-core-asl-1.9.13.jar:/home/user/.m2/repository/org/codehaus/jackson/jackson-mapper-asl/1.9.13/jackson-mapper-asl-1.9.13.jar:/home/user/.m2/repository/org/codehaus/jackson/jackson-jaxrs/1.9.13/jackson-jaxrs-1.9.13.jar:/home/user/.m2/repository/org/codehaus/jackson/jackson-xc/1.9.13/jackson-xc-1.9.13.jar:/home/user/.m2/repository/com/sun/jersey/jersey-server/1.19/jersey-server-1.19.jar:/home/user/.m2/repository/commons-logging/commons-logging/1.1.3/commons-logging-1.1.3.jar:/home/user/.m2/repository/log4j/log4j/1.2.17/log4j-1.2.17.jar:/home/user/.m2/repository/commons-beanutils/commons-beanutils/1.9.4/commons-beanutils-1.9.4.jar:/home/user/.m2/repository/org/apache/commons/commons-configuration2/2.1.1/commons-configuration2-2.1.1.jar:/home/user/.m2/repository/org/apache/commons/commons-lang3/3.7/commons-lang3-3.7.jar:/home/user/.m2/repository/org/apache/commons/commons-text/1.4/commons-text-1.4.jar:/home/user/.m2/repository/org/slf4j/slf4j-api/1.7.25/slf4j-api-1.7.25.jar:/home/user/.m2/repository/org/slf4j/slf4j-log4j12/1.7.25/slf4j-log4j12-1.7.25.jar:/home/user/.m2/repository/org/apache/avro/avro/1.7.7/avro-1.7.7.jar:/home/user/.m2/repository/com/thoughtworks/paranamer/paranamer/2.3/paranamer-2.3.jar:/home/user/.m2/repository/org/xerial/snappy/snappy-java/1.0.5/snappy-java-1.0.5.jar:/home/user/.m2/repository/com/google/re2j/re2j/1.1/re2j-1.1.jar:/home/user/.m2/repository/com/google/protobuf/protobuf-java/2.5.0/protobuf-java-2.5.0.jar:/home/user/.m2/repository/com/google/code/gson/gson/2.2.4/gson-2.2.4.jar:/home/user/.m2/repository/org/apache/hadoop/hadoop-auth/3.2.0/hadoop-auth-3.2.0.jar:/home/user/.m2/repository/com/nimbusds/nimbus-jose-jwt/4.41.1/nimbus-jose-jwt-4.41.1.jar:/home/user/.m2/repository/com/github/stephenc/jcip/jcip-annotations/1.0-1/jcip-annotations-1.0-1.jar:/home/user/.m2/repository/net/minidev/json-smart/2.3/json-smart-2.3.jar:/home/user/.m2/repository/net/minidev/accessors-smart/1.2/accessors-smart-1.2.jar:/home/user/.m2/repository/org/apache/curator/curator-framework/2.12.0/curator-framework-2.12.0.jar:/home/user/.m2/repository/com/jcraft/jsch/0.1.54/jsch-0.1.54.jar:/home/user/.m2/repository/org/apache/curator/curator-client/2.12.0/curator-client-2.12.0.jar:/home/user/.m2/repository/org/apache/curator/curator-recipes/2.12.0/curator-recipes-2.12.0.jar:/home/user/.m2/repository/com/google/code/findbugs/jsr305/3.0.0/jsr305-3.0.0.jar:/home/user/.m2/repository/org/apache/htrace/htrace-core4/4.1.0-incubating/htrace-core4-4.1.0-incubating.jar:/home/user/.m2/repository/org/apache/zookeeper/zookeeper/3.4.13/zookeeper-3.4.13.jar:/home/user/.m2/repository/jline/jline/0.9.94/jline-0.9.94.jar:/home/user/.m2/repository/org/apache/yetus/audience-annotations/0.5.0/audience-annotations-0.5.0.jar:/home/user/.m2/repository/org/apache/commons/commons-compress/1.4.1/commons-compress-1.4.1.jar:/home/user/.m2/repository/org/tukaani/xz/1.0/xz-1.0.jar:/home/user/.m2/repository/org/apache/kerby/kerb-simplekdc/1.0.1/kerb-simplekdc-1.0.1.jar:/home/user/.m2/repository/org/apache/kerby/kerb-client/1.0.1/kerb-client-1.0.1.jar:/home/user/.m2/repository/org/apache/kerby/kerby-config/1.0.1/kerby-config-1.0.1.jar:/home/user/.m2/repository/org/apache/kerby/kerb-core/1.0.1/kerb-core-1.0.1.jar:/home/user/.m2/repository/org/apache/kerby/kerby-pkix/1.0.1/kerby-pkix-1.0.1.jar:/home/user/.m2/repository/org/apache/kerby/kerby-asn1/1.0.1/kerby-asn1-1.0.1.jar:/home/user/.m2/repository/org/apache/kerby/kerby-util/1.0.1/kerby-util-1.0.1.jar:/home/user/.m2/repository/org/apache/kerby/kerb-common/1.0.1/kerb-common-1.0.1.jar:/home/user/.m2/repository/org/apache/kerby/kerb-crypto/1.0.1/kerb-crypto-1.0.1.jar:/home/user/.m2/repository/org/apache/kerby/kerb-util/1.0.1/kerb-util-1.0.1.jar:/home/user/.m2/repository/org/apache/kerby/token-provider/1.0.1/token-provider-1.0.1.jar:/home/user/.m2/repository/org/apache/kerby/kerb-admin/1.0.1/kerb-admin-1.0.1.jar:/home/user/.m2/repository/org/apache/kerby/kerb-server/1.0.1/kerb-server-1.0.1.jar:/home/user/.m2/repository/org/apache/kerby/kerb-identity/1.0.1/kerb-identity-1.0.1.jar:/home/user/.m2/repository/org/apache/kerby/kerby-xdr/1.0.1/kerby-xdr-1.0.1.jar:/home/user/.m2/repository/com/fasterxml/jackson/core/jackson-databind/2.9.9/jackson-databind-2.9.9.jar:/home/user/.m2/repository/com/fasterxml/jackson/core/jackson-annotations/2.9.9/jackson-annotations-2.9.9.jar:/home/user/.m2/repository/com/fasterxml/jackson/core/jackson-core/2.9.9/jackson-core-2.9.9.jar:/home/user/.m2/repository/org/codehaus/woodstox/stax2-api/3.1.4/stax2-api-3.1.4.jar:/home/user/.m2/repository/com/fasterxml/woodstox/woodstox-core/5.0.3/woodstox-core-5.0.3.jar:/home/user/.m2/repository/dnsjava/dnsjava/2.1.7/dnsjava-2.1.7.jar:/home/user/.m2/repository/org/apache/hadoop/hadoop-hdfs/3.2.0/hadoop-hdfs-3.2.0.jar:/home/user/.m2/repository/org/eclipse/jetty/jetty-util-ajax/9.3.25.v20180904/jetty-util-ajax-9.3.25.v20180904.jar:/home/user/.m2/repository/commons-daemon/commons-daemon/1.0.13/commons-daemon-1.0.13.jar:/home/user/.m2/repository/io/netty/netty/3.10.5.Final/netty-3.10.5.Final.jar:/home/user/.m2/repository/io/netty/netty-all/4.0.52.Final/netty-all-4.0.52.Final.jar:/home/user/.m2/repository/org/fusesource/leveldbjni/leveldbjni-all/1.8/leveldbjni-all-1.8.jar:/home/user/.m2/repository/org/apache/hadoop/hadoop-hdds-common/0.5.0-SNAPSHOT/hadoop-hdds-common-0.5.0-SNAPSHOT.jar:/home/user/.m2/repository/org/apache/hadoop/hadoop-hdds-config/0.5.0-SNAPSHOT/hadoop-hdds-config-0.5.0-SNAPSHOT.jar:/home/user/.m2/repository/javax/annotation/javax.annotation-api/1.2/javax.annotation-api-1.2.jar:/home/user/.m2/repository/org/apache/ratis/ratis-server/0.5.0-201fc85-SNAPSHOT/ratis-server-0.5.0-201fc85-SNAPSHOT.jar:/home/user/.m2/repository/org/apache/ratis/ratis-thirdparty-misc/0.2.0/ratis-thirdparty-misc-0.2.0.jar:/home/user/.m2/repository/org/apache/ratis/ratis-proto/0.5.0-201fc85-SNAPSHOT/ratis-proto-0.5.0-201fc85-SNAPSHOT.jar:/home/user/.m2/repository/org/apache/ratis/ratis-common/0.5.0-201fc85-SNAPSHOT/ratis-common-0.5.0-201fc85-SNAPSHOT.jar:/home/user/.m2/repository/org/apache/ratis/ratis-client/0.5.0-201fc85-SNAPSHOT/ratis-client-0.5.0-201fc85-SNAPSHOT.jar:/home/user/.m2/repository/org/apache/ratis/ratis-metrics/0.5.0-201fc85-SNAPSHOT/ratis-metrics-0.5.0-201fc85-SNAPSHOT.jar:/home/user/.m2/repository/com/github/joshelser/dropwizard-metrics-hadoop-metrics2-reporter/0.1.2/dropwizard-metrics-hadoop-metrics2-reporter-0.1.2.jar:/home/user/.m2/repository/io/dropwizard/metrics/metrics-jvm/3.2.5/metrics-jvm-3.2.5.jar:/home/user/.m2/repository/io/dropwizard/metrics/metrics-ganglia/3.2.5/metrics-ganglia-3.2.5.jar:/home/user/.m2/repository/info/ganglia/gmetric4j/gmetric4j/1.0.7/gmetric4j-1.0.7.jar:/home/user/.m2/repository/org/apache/ratis/ratis-netty/0.5.0-201fc85-SNAPSHOT/ratis-netty-0.5.0-201fc85-SNAPSHOT.jar:/home/user/.m2/repository/org/apache/ratis/ratis-grpc/0.5.0-201fc85-SNAPSHOT/ratis-grpc-0.5.0-201fc85-SNAPSHOT.jar:/home/user/.m2/repository/org/rocksdb/rocksdbjni/6.0.1/rocksdbjni-6.0.1.jar:/home/user/.m2/repository/org/apache/logging/log4j/log4j-api/2.11.0/log4j-api-2.11.0.jar:/home/user/.m2/repository/org/apache/logging/log4j/log4j-core/2.11.0/log4j-core-2.11.0.jar:/home/user/.m2/repository/com/lmax/disruptor/3.4.2/disruptor-3.4.2.jar:/home/user/.m2/repository/org/apache/commons/commons-pool2/2.6.0/commons-pool2-2.6.0.jar:/home/user/.m2/repository/org/bouncycastle/bcpkix-jdk15on/1.60/bcpkix-jdk15on-1.60.jar:/home/user/.m2/repository/commons-validator/commons-validator/1.6/commons-validator-1.6.jar:/home/user/.m2/repository/commons-digester/commons-digester/1.8.1/commons-digester-1.8.1.jar:/home/user/.m2/repository/io/jaegertracing/jaeger-client/0.34.0/jaeger-client-0.34.0.jar:/home/user/.m2/repository/io/jaegertracing/jaeger-thrift/0.34.0/jaeger-thrift-0.34.0.jar:/home/user/.m2/repository/org/apache/thrift/libthrift/0.12.0/libthrift-0.12.0.jar:/home/user/.m2/repository/com/squareup/okhttp3/okhttp/3.9.0/okhttp-3.9.0.jar:/home/user/.m2/repository/com/squareup/okio/okio/1.13.0/okio-1.13.0.jar:/home/user/.m2/repository/io/jaegertracing/jaeger-core/0.34.0/jaeger-core-0.34.0.jar:/home/user/.m2/repository/io/jaegertracing/jaeger-tracerresolver/0.34.0/jaeger-tracerresolver-0.34.0.jar:/home/user/.m2/repository/io/opentracing/contrib/opentracing-tracerresolver/0.1.5/opentracing-tracerresolver-0.1.5.jar:/home/user/.m2/repository/io/opentracing/opentracing-util/0.31.0/opentracing-util-0.31.0.jar:/home/user/.m2/repository/io/opentracing/opentracing-api/0.31.0/opentracing-api-0.31.0.jar:/home/user/.m2/repository/io/opentracing/opentracing-noop/0.31.0/opentracing-noop-0.31.0.jar:/home/user/.m2/repository/org/yaml/snakeyaml/1.16/snakeyaml-1.16.jar:/home/user/.m2/repository/org/apache/hadoop/hadoop-hdfs-client/3.2.0/hadoop-hdfs-client-3.2.0.jar:/home/user/.m2/repository/info/picocli/picocli/3.9.6/picocli-3.9.6.jar:/home/user/.m2/repository/org/apache/hadoop/hadoop-hdds-server-scm/0.5.0-SNAPSHOT/hadoop-hdds-server-scm-0.5.0-SNAPSHOT.jar:/home/user/.m2/repository/org/apache/hadoop/hadoop-hdds-docs/0.5.0-SNAPSHOT/hadoop-hdds-docs-0.5.0-SNAPSHOT.jar:/home/user/.m2/repository/io/dropwizard/metrics/metrics-core/3.2.4/metrics-core-3.2.4.jar:/home/user/.m2/repository/org/hamcrest/hamcrest-all/1.3/hamcrest-all-1.3.jar:/home/user/.m2/repository/org/bouncycastle/bcprov-jdk15on/1.60/bcprov-jdk15on-1.60.jar:/home/user/.m2/repository/org/apache/hadoop/hadoop-hdds-server-framework/0.5.0-SNAPSHOT/hadoop-hdds-server-framework-0.5.0-SNAPSHOT.jar:/home/user/.m2/repository/org/apache/hadoop/hadoop-ozone-ozone-manager/0.5.0-SNAPSHOT/hadoop-ozone-ozone-manager-0.5.0-SNAPSHOT.jar:/home/user/.m2/repository/org/apache/hadoop/hadoop-hdds-container-service/0.5.0-SNAPSHOT/hadoop-hdds-container-service-0.5.0-SNAPSHOT.jar:/home/user/.m2/repository/org/apache/hadoop/hadoop-hdds-client/0.5.0-SNAPSHOT/hadoop-hdds-client-0.5.0-SNAPSHOT.jar:/home/user/.m2/repository/org/apache/hadoop/hadoop-ozone-common/0.5.0-SNAPSHOT/hadoop-ozone-common-0.5.0-SNAPSHOT.jar:/home/user/.m2/repository/org/apache/hadoop/hadoop-hdds-tools/0.5.0-SNAPSHOT/hadoop-hdds-tools-0.5.0-SNAPSHOT.jar:/home/user/.m2/repository/org/xerial/sqlite-jdbc/3.25.2/sqlite-jdbc-3.25.2.jar:/home/user/.m2/repository/org/apache/httpcomponents/httpclient/4.5.2/httpclient-4.5.2.jar:/home/user/.m2/repository/org/apache/httpcomponents/httpcore/4.4.4/httpcore-4.4.4.jar:/home/user/.m2/repository/com/github/spotbugs/spotbugs/3.1.12/spotbugs-3.1.12.jar:/home/user/.m2/repository/org/ow2/asm/asm/5.0.4/asm-5.0.4.jar:/home/user/.m2/repository/org/ow2/asm/asm-analysis/7.0/asm-analysis-7.0.jar:/home/user/.m2/repository/org/ow2/asm/asm-commons/7.0/asm-commons-7.0.jar:/home/user/.m2/repository/org/ow2/asm/asm-tree/7.0/asm-tree-7.0.jar:/home/user/.m2/repository/org/ow2/asm/asm-util/7.0/asm-util-7.0.jar:/home/user/.m2/repository/org/apache/bcel/bcel/6.3/bcel-6.3.jar:/home/user/.m2/repository/net/jcip/jcip-annotations/1.0/jcip-annotations-1.0.jar:/home/user/.m2/repository/org/dom4j/dom4j/2.1.1/dom4j-2.1.1.jar:/home/user/.m2/repository/jaxen/jaxen/1.1.6/jaxen-1.1.6.jar:/home/user/.m2/repository/commons-lang/commons-lang/2.6/commons-lang-2.6.jar:/home/user/.m2/repository/com/github/spotbugs/spotbugs-annotations/3.1.12/spotbugs-annotations-3.1.12.jar:/home/user/.m2/repository/org/apache/hadoop/hadoop-common/3.2.0/hadoop-common-3.2.0-tests.jar:/home/user/.m2/repository/org/apache/hadoop/hadoop-ozone-client/0.5.0-SNAPSHOT/hadoop-ozone-client-0.5.0-SNAPSHOT.jar:/home/user/.m2/repository/org/apache/hadoop/hadoop-hdfs/3.2.0/hadoop-hdfs-3.2.0-tests.jar:/workdir/hadoop-ozone/integration-test/target/test-classes:/home/user/.m2/repository/org/apache/hadoop/hadoop-ozone-s3gateway/0.5.0-SNAPSHOT/hadoop-ozone-s3gateway-0.5.0-SNAPSHOT.jar:/home/user/.m2/repository/org/jboss/weld/servlet/weld-servlet/2.4.7.Final/weld-servlet-2.4.7.Final.jar:/home/user/.m2/repository/org/glassfish/jersey/containers/jersey-container-servlet-core/2.27/jersey-container-servlet-core-2.27.jar:/home/user/.m2/repository/org/glassfish/hk2/external/javax.inject/2.5.0-b42/javax.inject-2.5.0-b42.jar:/home/user/.m2/repository/org/glassfish/jersey/core/jersey-common/2.27/jersey-common-2.27.jar:/home/user/.m2/repository/org/glassfish/hk2/osgi-resource-locator/1.0.1/osgi-resource-locator-1.0.1.jar:/home/user/.m2/repository/javax/ws/rs/javax.ws.rs-api/2.1/javax.ws.rs-api-2.1.jar:/home/user/.m2/repository/org/glassfish/jersey/ext/cdi/jersey-cdi1x/2.27/jersey-cdi1x-2.27.jar:/home/user/.m2/repository/org/glassfish/jersey/inject/jersey-hk2/2.27/jersey-hk2-2.27.jar:/home/user/.m2/repository/org/glassfish/hk2/hk2-locator/2.5.0-b42/hk2-locator-2.5.0-b42.jar:/home/user/.m2/repository/org/javassist/javassist/3.22.0-CR2/javassist-3.22.0-CR2.jar:/home/user/.m2/repository/org/glassfish/hk2/hk2-api/2.5.0/hk2-api-2.5.0.jar:/home/user/.m2/repository/org/glassfish/hk2/external/jakarta.inject/2.5.0/jakarta.inject-2.5.0.jar:/home/user/.m2/repository/org/glassfish/hk2/hk2-utils/2.5.0/hk2-utils-2.5.0.jar:/home/user/.m2/repository/jakarta/annotation/jakarta.annotation-api/1.3.4/jakarta.annotation-api-1.3.4.jar:/home/user/.m2/repository/org/glassfish/hk2/external/aopalliance-repackaged/2.5.0/aopalliance-repackaged-2.5.0.jar:/home/user/.m2/repository/com/fasterxml/jackson/dataformat/jackson-dataformat-xml/2.9.0/jackson-dataformat-xml-2.9.0.jar:/home/user/.m2/repository/com/fasterxml/jackson/module/jackson-module-jaxb-annotations/2.9.9/jackson-module-jaxb-annotations-2.9.9.jar:/home/user/.m2/repository/javax/enterprise/cdi-api/1.2/cdi-api-1.2.jar:/home/user/.m2/repository/javax/el/javax.el-api/3.0.0/javax.el-api-3.0.0.jar:/home/user/.m2/repository/javax/interceptor/javax.interceptor-api/1.2/javax.interceptor-api-1.2.jar:/home/user/.m2/repository/javax/inject/javax.inject/1/javax.inject-1.jar:/home/user/.m2/repository/com/sun/xml/bind/jaxb-core/2.3.0.1/jaxb-core-2.3.0.1.jar:/home/user/.m2/repository/javax/xml/bind/jaxb-api/2.3.0/jaxb-api-2.3.0.jar:/home/user/.m2/repository/javax/activation/activation/1.1.1/activation-1.1.1.jar:/home/user/.m2/repository/org/apache/hadoop/hadoop-ozone-csi/0.5.0-SNAPSHOT/hadoop-ozone-csi-0.5.0-SNAPSHOT.jar:/home/user/.m2/repository/com/google/protobuf/protobuf-java-util/3.5.1/protobuf-java-util-3.5.1.jar:/home/user/.m2/repository/io/grpc/grpc-netty/1.17.1/grpc-netty-1.17.1.jar:/home/user/.m2/repository/io/grpc/grpc-core/1.17.1/grpc-core-1.17.1.jar:/home/user/.m2/repository/io/grpc/grpc-context/1.17.1/grpc-context-1.17.1.jar:/home/user/.m2/repository/com/google/errorprone/error_prone_annotations/2.2.0/error_prone_annotations-2.2.0.jar:/home/user/.m2/repository/org/codehaus/mojo/animal-sniffer-annotations/1.17/animal-sniffer-annotations-1.17.jar:/home/user/.m2/repository/io/opencensus/opencensus-api/0.17.0/opencensus-api-0.17.0.jar:/home/user/.m2/repository/io/opencensus/opencensus-contrib-grpc-metrics/0.17.0/opencensus-contrib-grpc-metrics-0.17.0.jar:/home/user/.m2/repository/io/netty/netty-codec-http2/4.1.30.Final/netty-codec-http2-4.1.30.Final.jar:/home/user/.m2/repository/io/netty/netty-codec-http/4.1.30.Final/netty-codec-http-4.1.30.Final.jar:/home/user/.m2/repository/io/netty/netty-codec/4.1.30.Final/netty-codec-4.1.30.Final.jar:/home/user/.m2/repository/io/netty/netty-handler/4.1.30.Final/netty-handler-4.1.30.Final.jar:/home/user/.m2/repository/io/netty/netty-handler-proxy/4.1.30.Final/netty-handler-proxy-4.1.30.Final.jar:/home/user/.m2/repository/io/netty/netty-codec-socks/4.1.30.Final/netty-codec-socks-4.1.30.Final.jar:/home/user/.m2/repository/io/netty/netty-transport-native-epoll/4.1.30.Final/netty-transport-native-epoll-4.1.30.Final.jar:/home/user/.m2/repository/io/netty/netty-common/4.1.30.Final/netty-common-4.1.30.Final.jar:/home/user/.m2/repository/io/netty/netty-buffer/4.1.30.Final/netty-buffer-4.1.30.Final.jar:/home/user/.m2/repository/io/netty/netty-transport/4.1.30.Final/netty-transport-4.1.30.Final.jar:/home/user/.m2/repository/io/netty/netty-resolver/4.1.30.Final/netty-resolver-4.1.30.Final.jar:/home/user/.m2/repository/io/netty/netty-transport-native-unix-common/4.1.30.Final/netty-transport-native-unix-common-4.1.30.Final.jar:/home/user/.m2/repository/io/grpc/grpc-protobuf/1.17.1/grpc-protobuf-1.17.1.jar:/home/user/.m2/repository/com/google/api/grpc/proto-google-common-protos/1.0.0/proto-google-common-protos-1.0.0.jar:/home/user/.m2/repository/io/grpc/grpc-protobuf-lite/1.17.1/grpc-protobuf-lite-1.17.1.jar:/home/user/.m2/repository/io/grpc/grpc-stub/1.17.1/grpc-stub-1.17.1.jar:/home/user/.m2/repository/org/apache/hadoop/hadoop-ozone-recon/0.5.0-SNAPSHOT/hadoop-ozone-recon-0.5.0-SNAPSHOT.jar:/home/user/.m2/repository/org/apache/hadoop/hadoop-ozone-reconcodegen/0.5.0-SNAPSHOT/hadoop-ozone-reconcodegen-0.5.0-SNAPSHOT.jar:/home/user/.m2/repository/com/google/inject/extensions/guice-multibindings/4.0/guice-multibindings-4.0.jar:/home/user/.m2/repository/com/google/inject/guice/4.0/guice-4.0.jar:/home/user/.m2/repository/aopalliance/aopalliance/1.0/aopalliance-1.0.jar:/home/user/.m2/repository/org/glassfish/jersey/containers/jersey-container-servlet/2.27/jersey-container-servlet-2.27.jar:/home/user/.m2/repository/org/glassfish/hk2/guice-bridge/2.5.0/guice-bridge-2.5.0.jar:/home/user/.m2/repository/org/glassfish/jersey/core/jersey-server/2.27/jersey-server-2.27.jar:/home/user/.m2/repository/org/glassfish/jersey/core/jersey-client/2.27/jersey-client-2.27.jar:/home/user/.m2/repository/org/glassfish/jersey/media/jersey-media-jaxb/2.27/jersey-media-jaxb-2.27.jar:/home/user/.m2/repository/javax/validation/validation-api/1.1.0.Final/validation-api-1.1.0.Final.jar:/home/user/.m2/repository/org/glassfish/jersey/media/jersey-media-json-jackson/2.27/jersey-media-json-jackson-2.27.jar:/home/user/.m2/repository/org/glassfish/jersey/ext/jersey-entity-filtering/2.27/jersey-entity-filtering-2.27.jar:/home/user/.m2/repository/com/google/inject/extensions/guice-assistedinject/4.0/guice-assistedinject-4.0.jar:/home/user/.m2/repository/org/jooq/jooq/3.11.10/jooq-3.11.10.jar:/home/user/.m2/repository/org/jooq/jooq-meta/3.11.10/jooq-meta-3.11.10.jar:/home/user/.m2/repository/org/jooq/jooq-codegen/3.11.10/jooq-codegen-3.11.10.jar:/home/user/.m2/repository/com/jolbox/bonecp/0.8.0.RELEASE/bonecp-0.8.0.RELEASE.jar:/home/user/.m2/repository/org/springframework/spring-jdbc/5.1.3.RELEASE/spring-jdbc-5.1.3.RELEASE.jar:/home/user/.m2/repository/org/springframework/spring-beans/5.1.3.RELEASE/spring-beans-5.1.3.RELEASE.jar:/home/user/.m2/repository/org/springframework/spring-core/5.1.3.RELEASE/spring-core-5.1.3.RELEASE.jar:/home/user/.m2/repository/org/springframework/spring-jcl/5.1.3.RELEASE/spring-jcl-5.1.3.RELEASE.jar:/home/user/.m2/repository/org/springframework/spring-tx/5.1.3.RELEASE/spring-tx-5.1.3.RELEASE.jar:/home/user/.m2/repository/org/mockito/mockito-all/1.10.19/mockito-all-1.10.19.jar:/home/user/.m2/repository/junit/junit/4.11/junit-4.11.jar:/home/user/.m2/repository/org/hamcrest/hamcrest-core/1.3/hamcrest-core-1.3.jar:/home/user/.m2/repository/org/apache/hadoop/hadoop-distcp/3.2.0/hadoop-distcp-3.2.0.jar:/home/user/.m2/repository/org/apache/hadoop/hadoop-distcp/3.2.0/hadoop-distcp-3.2.0-tests.jar:/home/user/.m2/repository/org/apache/hadoop/hadoop-mapreduce-client-jobclient/3.2.0/hadoop-mapreduce-client-jobclient-3.2.0.jar:/home/user/.m2/repository/org/apache/hadoop/hadoop-mapreduce-client-common/3.2.0/hadoop-mapreduce-client-common-3.2.0.jar:/home/user/.m2/repository/org/apache/hadoop/hadoop-yarn-common/3.2.0/hadoop-yarn-common-3.2.0.jar:/home/user/.m2/repository/org/apache/hadoop/hadoop-yarn-api/3.2.0/hadoop-yarn-api-3.2.0.jar:/home/user/.m2/repository/com/sun/jersey/jersey-client/1.19/jersey-client-1.19.jar:/home/user/.m2/repository/com/sun/jersey/contribs/jersey-guice/1.19/jersey-guice-1.19.jar:/home/user/.m2/repository/com/fasterxml/jackson/jaxrs/jackson-jaxrs-json-provider/2.9.9/jackson-jaxrs-json-provider-2.9.9.jar:/home/user/.m2/repository/com/fasterxml/jackson/jaxrs/jackson-jaxrs-base/2.9.9/jackson-jaxrs-base-2.9.9.jar:/home/user/.m2/repository/org/apache/hadoop/hadoop-yarn-client/3.2.0/hadoop-yarn-client-3.2.0.jar:/home/user/.m2/repository/org/apache/hadoop/hadoop-mapreduce-client-core/3.2.0/hadoop-mapreduce-client-core-3.2.0.jar:/home/user/.m2/repository/com/google/inject/extensions/guice-servlet/4.0/guice-servlet-4.0.jar:/home/user/.m2/repository/org/powermock/powermock-module-junit4/1.6.5/powermock-module-junit4-1.6.5.jar:/home/user/.m2/repository/org/powermock/powermock-module-junit4-common/1.6.5/powermock-module-junit4-common-1.6.5.jar:/home/user/.m2/repository/org/powermock/powermock-core/1.6.5/powermock-core-1.6.5.jar:/home/user/.m2/repository/org/powermock/powermock-reflect/1.6.5/powermock-reflect-1.6.5.jar:/home/user/.m2/repository/org/powermock/powermock-api-mockito/1.6.5/powermock-api-mockito-1.6.5.jar:/home/user/.m2/repository/org/mockito/mockito-core/1.10.19/mockito-core-1.10.19.jar:/home/user/.m2/repository/org/objenesis/objenesis/1.0/objenesis-1.0.jar:/home/user/.m2/repository/org/powermock/powermock-api-mockito-common/1.6.5/powermock-api-mockito-common-1.6.5.jar:/home/user/.m2/repository/org/powermock/powermock-api-support/1.6.5/powermock-api-support-1.6.5.jar:"/>
    <property name="sun.cpu.endian" value="little"/>
    <property name="user.home" value="/home/user"/>
    <property name="user.language" value="en"/>
    <property name="java.specification.vendor" value="Oracle Corporation"/>
    <property name="java.home" value="/usr/lib/jvm/java-1.8-openjdk/jre"/>
    <property name="java.security.krb5.conf" value="/workdir/hadoop-ozone/ozonefs/target/test-classes/krb5.conf"/>
    <property name="basedir" value="/workdir/hadoop-ozone/ozonefs"/>
    <property name="file.separator" value="/"/>
    <property name="line.separator" value="&#10;"/>
    <property name="java.vm.specification.vendor" value="Oracle Corporation"/>
    <property name="java.specification.name" value="Java Platform API Specification"/>
    <property name="java.awt.graphicsenv" value="sun.awt.X11GraphicsEnvironment"/>
    <property name="surefire.real.class.path" value="/workdir/hadoop-ozone/ozonefs/target/surefire/surefirebooter6187393508913036338.jar"/>
    <property name="hadoop.log.dir" value="/workdir/hadoop-ozone/ozonefs/target/log"/>
    <property name="sun.boot.class.path" value="/usr/lib/jvm/java-1.8-openjdk/jre/lib/resources.jar:/usr/lib/jvm/java-1.8-openjdk/jre/lib/rt.jar:/usr/lib/jvm/java-1.8-openjdk/jre/lib/sunrsasign.jar:/usr/lib/jvm/java-1.8-openjdk/jre/lib/jsse.jar:/usr/lib/jvm/java-1.8-openjdk/jre/lib/jce.jar:/usr/lib/jvm/java-1.8-openjdk/jre/lib/charsets.jar:/usr/lib/jvm/java-1.8-openjdk/jre/lib/jfr.jar:/usr/lib/jvm/java-1.8-openjdk/jre/classes"/>
    <property name="sun.management.compiler" value="HotSpot 64-Bit Tiered Compilers"/>
    <property name="java.runtime.version" value="1.8.0_212-b04"/>
    <property name="java.net.preferIPv4Stack" value="true"/>
    <property name="user.name" value="jenkins1000"/>
    <property name="path.separator" value=":"/>
    <property name="java.security.egd" value="file:///dev/urandom"/>
    <property name="os.version" value="3.10.0-957.12.2.el7.x86_64"/>
    <property name="java.endorsed.dirs" value="/usr/lib/jvm/java-1.8-openjdk/jre/lib/endorsed"/>
    <property name="java.runtime.name" value="OpenJDK Runtime Environment"/>
    <property name="file.encoding" value="UTF-8"/>
    <property name="java.vm.name" value="OpenJDK 64-Bit Server VM"/>
    <property name="test.build.webapps" value=""/>
    <property name="localRepository" value="/home/user/.m2/repository"/>
    <property name="java.vendor.url.bug" value="https://icedtea.classpath.org/bugzilla"/>
    <property name="java.io.tmpdir" value="/tmp"/>
    <property name="require.test.libhadoop" value=""/>
    <property name="java.version" value="1.8.0_212"/>
    <property name="user.dir" value="/workdir/hadoop-ozone/ozonefs"/>
    <property name="os.arch" value="amd64"/>
    <property name="java.vm.specification.name" value="Java Virtual Machine Specification"/>
    <property name="test.build.classes" value="/workdir/hadoop-ozone/ozonefs/target/test-classes"/>
    <property name="java.awt.printerjob" value="sun.print.PSPrinterJob"/>
    <property name="sun.os.patch.level" value="unknown"/>
    <property name="hadoop.tmp.dir" value="/workdir/hadoop-ozone/ozonefs/target/tmp"/>
    <property name="java.library.path" value="/usr/lib/jvm/java-1.8-openjdk/jre/lib/amd64/server:/usr/lib/jvm/java-1.8-openjdk/jre/lib/amd64:/usr/lib/jvm/java-1.8-openjdk/jre/../lib/amd64:/workdir/hadoop-ozone/ozonefs/target/native/target/usr/local/lib:/workdir/hadoop-ozone/ozonefs/../../hadoop-common-project/hadoop-common/target/native/target/usr/local/lib:/usr/java/packages/lib/amd64:/usr/lib64:/lib64:/lib:/usr/lib"/>
    <property name="java.vm.info" value="mixed mode"/>
    <property name="java.vendor" value="IcedTea"/>
    <property name="java.vm.version" value="25.212-b04"/>
    <property name="java.ext.dirs" value="/usr/lib/jvm/java-1.8-openjdk/jre/lib/ext:/usr/java/packages/lib/ext"/>
    <property name="sun.io.unicode.encoding" value="UnicodeLittle"/>
    <property name="java.class.version" value="52.0"/>
  </properties>
  <testcase name="testOpenReadZeroByteFile" classname="org.apache.hadoop.fs.ozone.contract.ITestOzoneContractOpen" time="3.154"/>
  <testcase name="testFsIsEncrypted" classname="org.apache.hadoop.fs.ozone.contract.ITestOzoneContractOpen" time="0.136"/>
  <testcase name="testOpenReadDir" classname="org.apache.hadoop.fs.ozone.contract.ITestOzoneContractOpen" time="0.133"/>
  <testcase name="testOpenFileTwice" classname="org.apache.hadoop.fs.ozone.contract.ITestOzoneContractOpen" time="180.02">
    <error message="test timed out after 180000 milliseconds" type="java.lang.Exception">java.lang.Exception: test timed out after 180000 milliseconds
	at sun.misc.Unsafe.park(Native Method)
	at java.util.concurrent.locks.LockSupport.park(LockSupport.java:175)
	at java.util.concurrent.CompletableFuture$Signaller.block(CompletableFuture.java:1693)
	at java.util.concurrent.ForkJoinPool.managedBlock(ForkJoinPool.java:3323)
	at java.util.concurrent.CompletableFuture.waitingGet(CompletableFuture.java:1729)
	at java.util.concurrent.CompletableFuture.get(CompletableFuture.java:1895)
	at org.apache.hadoop.hdds.scm.storage.BlockOutputStream.waitOnFlushFutures(BlockOutputStream.java:515)
	at org.apache.hadoop.hdds.scm.storage.BlockOutputStream.handleFlush(BlockOutputStream.java:478)
	at org.apache.hadoop.hdds.scm.storage.BlockOutputStream.close(BlockOutputStream.java:493)
	at org.apache.hadoop.ozone.client.io.BlockOutputStreamEntry.close(BlockOutputStreamEntry.java:143)
	at org.apache.hadoop.ozone.client.io.KeyOutputStream.handleFlushOrClose(KeyOutputStream.java:435)
	at org.apache.hadoop.ozone.client.io.KeyOutputStream.close(KeyOutputStream.java:473)
	at org.apache.hadoop.fs.ozone.OzoneFSOutputStream.close(OzoneFSOutputStream.java:56)
	at org.apache.hadoop.fs.FSDataOutputStream$PositionCache.close(FSDataOutputStream.java:72)
	at org.apache.hadoop.fs.FSDataOutputStream.close(FSDataOutputStream.java:101)
	at org.apache.hadoop.fs.contract.ContractTestUtils.createFile(ContractTestUtils.java:638)
	at org.apache.hadoop.fs.contract.AbstractContractOpenTest.testOpenFileTwice(AbstractContractOpenTest.java:125)
	at sun.reflect.NativeMethodAccessorImpl.invoke0(Native Method)
	at sun.reflect.NativeMethodAccessorImpl.invoke(NativeMethodAccessorImpl.java:62)
	at sun.reflect.DelegatingMethodAccessorImpl.invoke(DelegatingMethodAccessorImpl.java:43)
	at java.lang.reflect.Method.invoke(Method.java:498)
	at org.junit.runners.model.FrameworkMethod$1.runReflectiveCall(FrameworkMethod.java:47)
	at org.junit.internal.runners.model.ReflectiveCallable.run(ReflectiveCallable.java:12)
	at org.junit.runners.model.FrameworkMethod.invokeExplosively(FrameworkMethod.java:44)
	at org.junit.internal.runners.statements.InvokeMethod.evaluate(InvokeMethod.java:17)
	at org.junit.internal.runners.statements.RunBefores.evaluate(RunBefores.java:26)
	at org.junit.internal.runners.statements.RunAfters.evaluate(RunAfters.java:27)
	at org.junit.rules.TestWatcher$1.evaluate(TestWatcher.java:55)
	at org.junit.internal.runners.statements.FailOnTimeout$StatementThread.run(FailOnTimeout.java:74)
</error>
    <system-out><![CDATA[2019-10-02 10:03:05,490 [Thread-247] INFO  rpc.RpcClient (RpcClient.java:createVolume(276)) - Creating Volume: volume49652, with user71624 as owner.
2019-10-02 10:03:05,492 [IPC Server handler 10 on 38903] INFO  volume.OMVolumeCreateRequest (OMVolumeCreateRequest.java:validateAndUpdateCache(194)) - created volume:volume49652 for user:user71624
2019-10-02 10:03:05,493 [Thread-247] INFO  rpc.RpcClient (RpcClient.java:createBucket(415)) - Creating Bucket: volume49652/bucket76120, with Versioning false and Storage Type set to DISK and Encryption set to false 
2019-10-02 10:03:05,541 [Thread-247] INFO  contract.AbstractFSContractTestBase (AbstractFSContractTestBase.java:setup(184)) - Test filesystem = o3fs://bucket76120.volume49652 implemented by OzoneFileSystem{URI=o3fs://bucket76120.volume49652, workingDir=o3fs://bucket76120.volume49652/user/jenkins1000, userName=jenkins1000, statistics=0 bytes read, 0 bytes written, 10 read ops, 0 large read ops, 7 write ops}
2019-10-02 10:03:05,545 [Thread-247] INFO  contract.AbstractFSContractTestBase (AbstractFSContractTestBase.java:describe(255)) - verify that two opened file streams are independent
2019-10-02 10:03:05,575 [Thread-247] INFO  impl.MetricsSystemImpl (MetricsSystemImpl.java:init(158)) - XceiverClientMetrics metrics system started (again)
2019-10-02 10:03:09,632 [Thread-223] INFO  impl.FollowerState (FollowerState.java:run(108)) - 5a36316c-6269-4ab0-8563-6514c3376d21@group-33AF00750C36-FollowerState: change to CANDIDATE, lastRpcTime:5014ms, electionTimeout:5008ms
2019-10-02 10:03:09,636 [Thread-223] INFO  impl.RoleInfo (RoleInfo.java:shutdownFollowerState(121)) - 5a36316c-6269-4ab0-8563-6514c3376d21: shutdown FollowerState
2019-10-02 10:03:09,636 [Thread-223] INFO  impl.RaftServerImpl (RaftServerImpl.java:setRole(170)) - 5a36316c-6269-4ab0-8563-6514c3376d21@group-33AF00750C36: changes role from  FOLLOWER to CANDIDATE at term 0 for changeToCandidate
2019-10-02 10:03:09,641 [Thread-223] INFO  impl.RoleInfo (RoleInfo.java:updateAndGet(143)) - 5a36316c-6269-4ab0-8563-6514c3376d21: start LeaderElection
2019-10-02 10:03:09,656 [5a36316c-6269-4ab0-8563-6514c3376d21@group-33AF00750C36-LeaderElection1] INFO  impl.LeaderElection (LeaderElection.java:askForVotes(178)) - 5a36316c-6269-4ab0-8563-6514c3376d21@group-33AF00750C36-LeaderElection1: begin an election at term 1 for -1: [f543130f-443f-4ba5-9d6e-59ecbb0ec00a:192.168.164.250:36191, 5a36316c-6269-4ab0-8563-6514c3376d21:192.168.164.250:32906, 49e61346-ce49-4850-8dcd-6024868ef21c:192.168.164.250:43655], old=null
2019-10-02 10:03:09,674 [Thread-220] INFO  impl.FollowerState (FollowerState.java:run(108)) - e9ae1ab6-f8c6-4f15-b4c5-852d7918e68e@group-67BFECD1CEA5-FollowerState: change to CANDIDATE, lastRpcTime:5056ms, electionTimeout:5051ms
2019-10-02 10:03:09,676 [Thread-220] INFO  impl.RoleInfo (RoleInfo.java:shutdownFollowerState(121)) - e9ae1ab6-f8c6-4f15-b4c5-852d7918e68e: shutdown FollowerState
2019-10-02 10:03:09,676 [Thread-220] INFO  impl.RaftServerImpl (RaftServerImpl.java:setRole(170)) - e9ae1ab6-f8c6-4f15-b4c5-852d7918e68e@group-67BFECD1CEA5: changes role from  FOLLOWER to CANDIDATE at term 0 for changeToCandidate
2019-10-02 10:03:09,677 [Thread-220] INFO  impl.RoleInfo (RoleInfo.java:updateAndGet(143)) - e9ae1ab6-f8c6-4f15-b4c5-852d7918e68e: start LeaderElection
2019-10-02 10:03:09,684 [Thread-222] INFO  impl.FollowerState (FollowerState.java:run(108)) - f543130f-443f-4ba5-9d6e-59ecbb0ec00a@group-33AF00750C36-FollowerState: change to CANDIDATE, lastRpcTime:5066ms, electionTimeout:5061ms
2019-10-02 10:03:09,684 [Thread-222] INFO  impl.RoleInfo (RoleInfo.java:shutdownFollowerState(121)) - f543130f-443f-4ba5-9d6e-59ecbb0ec00a: shutdown FollowerState
2019-10-02 10:03:09,684 [Thread-222] INFO  impl.RaftServerImpl (RaftServerImpl.java:setRole(170)) - f543130f-443f-4ba5-9d6e-59ecbb0ec00a@group-33AF00750C36: changes role from  FOLLOWER to CANDIDATE at term 0 for changeToCandidate
2019-10-02 10:03:09,685 [Thread-222] INFO  impl.RoleInfo (RoleInfo.java:updateAndGet(143)) - f543130f-443f-4ba5-9d6e-59ecbb0ec00a: start LeaderElection
2019-10-02 10:03:09,690 [e9ae1ab6-f8c6-4f15-b4c5-852d7918e68e@group-67BFECD1CEA5-LeaderElection2] INFO  impl.LeaderElection (LeaderElection.java:askForVotes(178)) - e9ae1ab6-f8c6-4f15-b4c5-852d7918e68e@group-67BFECD1CEA5-LeaderElection2: begin an election at term 1 for -1: [e9ae1ab6-f8c6-4f15-b4c5-852d7918e68e:192.168.164.250:37234], old=null
2019-10-02 10:03:09,705 [e9ae1ab6-f8c6-4f15-b4c5-852d7918e68e@group-67BFECD1CEA5-LeaderElection2] INFO  impl.RoleInfo (RoleInfo.java:shutdownLeaderElection(134)) - e9ae1ab6-f8c6-4f15-b4c5-852d7918e68e: shutdown LeaderElection
2019-10-02 10:03:09,705 [e9ae1ab6-f8c6-4f15-b4c5-852d7918e68e@group-67BFECD1CEA5-LeaderElection2] INFO  impl.RaftServerImpl (RaftServerImpl.java:setRole(170)) - e9ae1ab6-f8c6-4f15-b4c5-852d7918e68e@group-67BFECD1CEA5: changes role from CANDIDATE to LEADER at term 1 for changeToLeader
2019-10-02 10:03:09,706 [e9ae1ab6-f8c6-4f15-b4c5-852d7918e68e@group-67BFECD1CEA5-LeaderElection2] INFO  impl.RaftServerImpl (ServerState.java:setLeader(255)) - e9ae1ab6-f8c6-4f15-b4c5-852d7918e68e@group-67BFECD1CEA5: change Leader from null to e9ae1ab6-f8c6-4f15-b4c5-852d7918e68e at term 1 for becomeLeader, leader elected after 5529ms
2019-10-02 10:03:09,707 [f543130f-443f-4ba5-9d6e-59ecbb0ec00a@group-33AF00750C36-LeaderElection3] INFO  impl.LeaderElection (LeaderElection.java:askForVotes(178)) - f543130f-443f-4ba5-9d6e-59ecbb0ec00a@group-33AF00750C36-LeaderElection3: begin an election at term 1 for -1: [f543130f-443f-4ba5-9d6e-59ecbb0ec00a:192.168.164.250:36191, 5a36316c-6269-4ab0-8563-6514c3376d21:192.168.164.250:32906, 49e61346-ce49-4850-8dcd-6024868ef21c:192.168.164.250:43655], old=null
2019-10-02 10:03:09,719 [grpc-default-executor-1] INFO  impl.RaftServerImpl (RaftServerImpl.java:setRole(170)) - 49e61346-ce49-4850-8dcd-6024868ef21c@group-33AF00750C36: changes role from  FOLLOWER to FOLLOWER at term 1 for recognizeCandidate:5a36316c-6269-4ab0-8563-6514c3376d21
2019-10-02 10:03:09,719 [e9ae1ab6-f8c6-4f15-b4c5-852d7918e68e@group-67BFECD1CEA5-LeaderElection2] INFO  server.RaftServerConfigKeys (ConfUtils.java:logGet(43)) - raft.server.staging.catchup.gap = 1000 (default)
2019-10-02 10:03:09,719 [grpc-default-executor-1] INFO  impl.RoleInfo (RoleInfo.java:shutdownFollowerState(121)) - 49e61346-ce49-4850-8dcd-6024868ef21c: shutdown FollowerState
2019-10-02 10:03:09,719 [e9ae1ab6-f8c6-4f15-b4c5-852d7918e68e@group-67BFECD1CEA5-LeaderElection2] INFO  server.RaftServerConfigKeys (ConfUtils.java:logGet(43)) - raft.server.rpc.sleep.time = 25ms (default)
2019-10-02 10:03:09,719 [grpc-default-executor-1] INFO  impl.RoleInfo (RoleInfo.java:updateAndGet(143)) - 49e61346-ce49-4850-8dcd-6024868ef21c: start FollowerState
2019-10-02 10:03:09,720 [Thread-221] INFO  impl.FollowerState (FollowerState.java:run(117)) - 49e61346-ce49-4850-8dcd-6024868ef21c@group-33AF00750C36-FollowerState was interrupted: java.lang.InterruptedException: sleep interrupted
2019-10-02 10:03:09,738 [e9ae1ab6-f8c6-4f15-b4c5-852d7918e68e@group-67BFECD1CEA5-LeaderElection2] INFO  server.RaftServerConfigKeys (ConfUtils.java:logGet(43)) - raft.server.write.element-limit = 4096 (default)
2019-10-02 10:03:09,747 [e9ae1ab6-f8c6-4f15-b4c5-852d7918e68e@group-67BFECD1CEA5-LeaderElection2] INFO  server.RaftServerConfigKeys (ConfUtils.java:logGet(43)) - raft.server.watch.timeout = 10s (default)
2019-10-02 10:03:09,747 [e9ae1ab6-f8c6-4f15-b4c5-852d7918e68e@group-67BFECD1CEA5-LeaderElection2] INFO  server.RaftServerConfigKeys (ConfUtils.java:logGet(43)) - raft.server.watch.timeout.denomination = 1s (default)
2019-10-02 10:03:09,748 [e9ae1ab6-f8c6-4f15-b4c5-852d7918e68e@group-67BFECD1CEA5-LeaderElection2] INFO  server.RaftServerConfigKeys (ConfUtils.java:logGet(43)) - raft.server.watch.element-limit = 65536 (default)
2019-10-02 10:03:09,749 [5a36316c-6269-4ab0-8563-6514c3376d21@group-33AF00750C36-LeaderElection1] INFO  impl.LeaderElection (LeaderElection.java:logAndReturn(56)) - 5a36316c-6269-4ab0-8563-6514c3376d21@group-33AF00750C36-LeaderElection1: Election PASSED; received 2 response(s) [5a36316c-6269-4ab0-8563-6514c3376d21<-f543130f-443f-4ba5-9d6e-59ecbb0ec00a#0:FAIL-t1, 5a36316c-6269-4ab0-8563-6514c3376d21<-49e61346-ce49-4850-8dcd-6024868ef21c#0:OK-t1] and 0 exception(s); 5a36316c-6269-4ab0-8563-6514c3376d21@group-33AF00750C36:t1, leader=null, voted=5a36316c-6269-4ab0-8563-6514c3376d21, raftlog=5a36316c-6269-4ab0-8563-6514c3376d21@group-33AF00750C36-SegmentedRaftLog:OPENED:c-1,f-1,i0, conf=-1: [f543130f-443f-4ba5-9d6e-59ecbb0ec00a:192.168.164.250:36191, 5a36316c-6269-4ab0-8563-6514c3376d21:192.168.164.250:32906, 49e61346-ce49-4850-8dcd-6024868ef21c:192.168.164.250:43655], old=null
2019-10-02 10:03:09,749 [f543130f-443f-4ba5-9d6e-59ecbb0ec00a@group-33AF00750C36-LeaderElection3] INFO  impl.LeaderElection (LeaderElection.java:logAndReturn(56)) - f543130f-443f-4ba5-9d6e-59ecbb0ec00a@group-33AF00750C36-LeaderElection3: Election REJECTED; received 2 response(s) [f543130f-443f-4ba5-9d6e-59ecbb0ec00a<-5a36316c-6269-4ab0-8563-6514c3376d21#0:FAIL-t1, f543130f-443f-4ba5-9d6e-59ecbb0ec00a<-49e61346-ce49-4850-8dcd-6024868ef21c#0:FAIL-t1] and 0 exception(s); f543130f-443f-4ba5-9d6e-59ecbb0ec00a@group-33AF00750C36:t1, leader=null, voted=f543130f-443f-4ba5-9d6e-59ecbb0ec00a, raftlog=f543130f-443f-4ba5-9d6e-59ecbb0ec00a@group-33AF00750C36-SegmentedRaftLog:OPENED:c-1,f-1,i0, conf=-1: [f543130f-443f-4ba5-9d6e-59ecbb0ec00a:192.168.164.250:36191, 5a36316c-6269-4ab0-8563-6514c3376d21:192.168.164.250:32906, 49e61346-ce49-4850-8dcd-6024868ef21c:192.168.164.250:43655], old=null
2019-10-02 10:03:09,749 [5a36316c-6269-4ab0-8563-6514c3376d21@group-33AF00750C36-LeaderElection1] INFO  impl.RoleInfo (RoleInfo.java:shutdownLeaderElection(134)) - 5a36316c-6269-4ab0-8563-6514c3376d21: shutdown LeaderElection
2019-10-02 10:03:09,751 [f543130f-443f-4ba5-9d6e-59ecbb0ec00a@group-33AF00750C36-LeaderElection3] INFO  impl.RaftServerImpl (RaftServerImpl.java:setRole(170)) - f543130f-443f-4ba5-9d6e-59ecbb0ec00a@group-33AF00750C36: changes role from CANDIDATE to FOLLOWER at term 1 for DISCOVERED_A_NEW_TERM
2019-10-02 10:03:09,752 [5a36316c-6269-4ab0-8563-6514c3376d21@group-33AF00750C36-LeaderElection1] INFO  impl.RaftServerImpl (RaftServerImpl.java:setRole(170)) - 5a36316c-6269-4ab0-8563-6514c3376d21@group-33AF00750C36: changes role from CANDIDATE to LEADER at term 1 for changeToLeader
2019-10-02 10:03:09,754 [f543130f-443f-4ba5-9d6e-59ecbb0ec00a@group-33AF00750C36-LeaderElection3] INFO  impl.RoleInfo (RoleInfo.java:shutdownLeaderElection(134)) - f543130f-443f-4ba5-9d6e-59ecbb0ec00a: shutdown LeaderElection
2019-10-02 10:03:09,754 [5a36316c-6269-4ab0-8563-6514c3376d21@group-33AF00750C36-LeaderElection1] INFO  impl.RaftServerImpl (ServerState.java:setLeader(255)) - 5a36316c-6269-4ab0-8563-6514c3376d21@group-33AF00750C36: change Leader from null to 5a36316c-6269-4ab0-8563-6514c3376d21 at term 1 for becomeLeader, leader elected after 5551ms
2019-10-02 10:03:09,755 [f543130f-443f-4ba5-9d6e-59ecbb0ec00a@group-33AF00750C36-LeaderElection3] INFO  impl.RoleInfo (RoleInfo.java:updateAndGet(143)) - f543130f-443f-4ba5-9d6e-59ecbb0ec00a: start FollowerState
2019-10-02 10:03:09,756 [5a36316c-6269-4ab0-8563-6514c3376d21@group-33AF00750C36-LeaderElection1] INFO  server.RaftServerConfigKeys (ConfUtils.java:logGet(43)) - raft.server.staging.catchup.gap = 1000 (default)
2019-10-02 10:03:09,756 [5a36316c-6269-4ab0-8563-6514c3376d21@group-33AF00750C36-LeaderElection1] INFO  server.RaftServerConfigKeys (ConfUtils.java:logGet(43)) - raft.server.rpc.sleep.time = 25ms (default)
2019-10-02 10:03:09,758 [5a36316c-6269-4ab0-8563-6514c3376d21@group-33AF00750C36-LeaderElection1] INFO  server.RaftServerConfigKeys (ConfUtils.java:logGet(43)) - raft.server.write.element-limit = 4096 (default)
2019-10-02 10:03:09,758 [5a36316c-6269-4ab0-8563-6514c3376d21@group-33AF00750C36-LeaderElection1] INFO  server.RaftServerConfigKeys (ConfUtils.java:logGet(43)) - raft.server.watch.timeout = 10s (default)
2019-10-02 10:03:09,758 [5a36316c-6269-4ab0-8563-6514c3376d21@group-33AF00750C36-LeaderElection1] INFO  server.RaftServerConfigKeys (ConfUtils.java:logGet(43)) - raft.server.watch.timeout.denomination = 1s (default)
2019-10-02 10:03:09,758 [5a36316c-6269-4ab0-8563-6514c3376d21@group-33AF00750C36-LeaderElection1] INFO  server.RaftServerConfigKeys (ConfUtils.java:logGet(43)) - raft.server.watch.element-limit = 65536 (default)
2019-10-02 10:03:09,777 [e9ae1ab6-f8c6-4f15-b4c5-852d7918e68e@group-67BFECD1CEA5-LeaderElection2] INFO  impl.RoleInfo (RoleInfo.java:updateAndGet(143)) - e9ae1ab6-f8c6-4f15-b4c5-852d7918e68e: start LeaderState
2019-10-02 10:03:09,779 [5a36316c-6269-4ab0-8563-6514c3376d21@group-33AF00750C36-LeaderElection1] INFO  server.RaftServerConfigKeys (ConfUtils.java:logGet(43)) - raft.server.log.appender.snapshot.chunk.size.max = 16MB (=16777216) (default)
2019-10-02 10:03:09,780 [5a36316c-6269-4ab0-8563-6514c3376d21@group-33AF00750C36-LeaderElection1] INFO  server.RaftServerConfigKeys (ConfUtils.java:logGet(43)) - raft.server.log.appender.buffer.byte-limit = 33554432 (custom)
2019-10-02 10:03:09,780 [5a36316c-6269-4ab0-8563-6514c3376d21@group-33AF00750C36-LeaderElection1] INFO  server.RaftServerConfigKeys (ConfUtils.java:logGet(43)) - raft.server.log.appender.buffer.element-limit = 1 (custom)
2019-10-02 10:03:09,784 [5a36316c-6269-4ab0-8563-6514c3376d21@group-33AF00750C36-LeaderElection1] INFO  grpc.GrpcConfigKeys$Server (ConfUtils.java:logGet(43)) - raft.grpc.server.leader.outstanding.appends.max = 128 (default)
2019-10-02 10:03:09,785 [5a36316c-6269-4ab0-8563-6514c3376d21@group-33AF00750C36-LeaderElection1] INFO  server.RaftServerConfigKeys (ConfUtils.java:logGet(43)) - raft.server.rpc.request.timeout = 3000ms (default)
2019-10-02 10:03:09,785 [5a36316c-6269-4ab0-8563-6514c3376d21@group-33AF00750C36-LeaderElection1] INFO  server.RaftServerConfigKeys (ConfUtils.java:logGet(43)) - raft.server.log.appender.install.snapshot.enabled = false (custom)
2019-10-02 10:03:09,786 [5a36316c-6269-4ab0-8563-6514c3376d21@group-33AF00750C36-LeaderElection1] INFO  server.RaftServerConfigKeys (ConfUtils.java:logGet(43)) - raft.server.log.appender.snapshot.chunk.size.max = 16MB (=16777216) (default)
2019-10-02 10:03:09,786 [5a36316c-6269-4ab0-8563-6514c3376d21@group-33AF00750C36-LeaderElection1] INFO  server.RaftServerConfigKeys (ConfUtils.java:logGet(43)) - raft.server.log.appender.buffer.byte-limit = 33554432 (custom)
2019-10-02 10:03:09,786 [5a36316c-6269-4ab0-8563-6514c3376d21@group-33AF00750C36-LeaderElection1] INFO  server.RaftServerConfigKeys (ConfUtils.java:logGet(43)) - raft.server.log.appender.buffer.element-limit = 1 (custom)
2019-10-02 10:03:09,786 [5a36316c-6269-4ab0-8563-6514c3376d21@group-33AF00750C36-LeaderElection1] INFO  grpc.GrpcConfigKeys$Server (ConfUtils.java:logGet(43)) - raft.grpc.server.leader.outstanding.appends.max = 128 (default)
2019-10-02 10:03:09,786 [5a36316c-6269-4ab0-8563-6514c3376d21@group-33AF00750C36-LeaderElection1] INFO  server.RaftServerConfigKeys (ConfUtils.java:logGet(43)) - raft.server.rpc.request.timeout = 3000ms (default)
2019-10-02 10:03:09,787 [5a36316c-6269-4ab0-8563-6514c3376d21@group-33AF00750C36-LeaderElection1] INFO  server.RaftServerConfigKeys (ConfUtils.java:logGet(43)) - raft.server.log.appender.install.snapshot.enabled = false (custom)
2019-10-02 10:03:09,788 [5a36316c-6269-4ab0-8563-6514c3376d21@group-33AF00750C36-LeaderElection1] INFO  impl.RoleInfo (RoleInfo.java:updateAndGet(143)) - 5a36316c-6269-4ab0-8563-6514c3376d21: start LeaderState
2019-10-02 10:03:09,803 [e9ae1ab6-f8c6-4f15-b4c5-852d7918e68e@group-67BFECD1CEA5-LeaderElection2] INFO  segmented.SegmentedRaftLogWorker (SegmentedRaftLogWorker.java:startLogSegment(385)) - e9ae1ab6-f8c6-4f15-b4c5-852d7918e68e@group-67BFECD1CEA5-SegmentedRaftLogWorker: Starting segment from index:0
2019-10-02 10:03:09,803 [5a36316c-6269-4ab0-8563-6514c3376d21@group-33AF00750C36-LeaderElection1] INFO  segmented.SegmentedRaftLogWorker (SegmentedRaftLogWorker.java:startLogSegment(385)) - 5a36316c-6269-4ab0-8563-6514c3376d21@group-33AF00750C36-SegmentedRaftLogWorker: Starting segment from index:0
2019-10-02 10:03:09,819 [e9ae1ab6-f8c6-4f15-b4c5-852d7918e68e@group-67BFECD1CEA5-LeaderElection2] INFO  impl.RaftServerImpl (ServerState.java:setRaftConf(356)) - e9ae1ab6-f8c6-4f15-b4c5-852d7918e68e@group-67BFECD1CEA5: set configuration 0: [e9ae1ab6-f8c6-4f15-b4c5-852d7918e68e:192.168.164.250:37234], old=null at 0
2019-10-02 10:03:09,820 [5a36316c-6269-4ab0-8563-6514c3376d21@group-33AF00750C36-LeaderElection1] INFO  impl.RaftServerImpl (ServerState.java:setRaftConf(356)) - 5a36316c-6269-4ab0-8563-6514c3376d21@group-33AF00750C36: set configuration 0: [f543130f-443f-4ba5-9d6e-59ecbb0ec00a:192.168.164.250:36191, 5a36316c-6269-4ab0-8563-6514c3376d21:192.168.164.250:32906, 49e61346-ce49-4850-8dcd-6024868ef21c:192.168.164.250:43655], old=null at 0
2019-10-02 10:03:09,845 [grpc-default-executor-1] INFO  impl.RaftServerImpl (ServerState.java:setLeader(255)) - f543130f-443f-4ba5-9d6e-59ecbb0ec00a@group-33AF00750C36: change Leader from null to 5a36316c-6269-4ab0-8563-6514c3376d21 at term 1 for appendEntries, leader elected after 5640ms
2019-10-02 10:03:09,845 [grpc-default-executor-3] INFO  impl.RaftServerImpl (ServerState.java:setLeader(255)) - 49e61346-ce49-4850-8dcd-6024868ef21c@group-33AF00750C36: change Leader from null to 5a36316c-6269-4ab0-8563-6514c3376d21 at term 1 for appendEntries, leader elected after 5640ms
2019-10-02 10:03:09,872 [Thread-229] INFO  impl.FollowerState (FollowerState.java:run(108)) - f543130f-443f-4ba5-9d6e-59ecbb0ec00a@group-F7DB35ABA035-FollowerState: change to CANDIDATE, lastRpcTime:5102ms, electionTimeout:5101ms
2019-10-02 10:03:09,872 [Thread-229] INFO  impl.RoleInfo (RoleInfo.java:shutdownFollowerState(121)) - f543130f-443f-4ba5-9d6e-59ecbb0ec00a: shutdown FollowerState
2019-10-02 10:03:09,873 [Thread-229] INFO  impl.RaftServerImpl (RaftServerImpl.java:setRole(170)) - f543130f-443f-4ba5-9d6e-59ecbb0ec00a@group-F7DB35ABA035: changes role from  FOLLOWER to CANDIDATE at term 0 for changeToCandidate
2019-10-02 10:03:09,873 [Thread-229] INFO  impl.RoleInfo (RoleInfo.java:updateAndGet(143)) - f543130f-443f-4ba5-9d6e-59ecbb0ec00a: start LeaderElection
2019-10-02 10:03:09,883 [grpc-default-executor-3] INFO  impl.RaftServerImpl (ServerState.java:setRaftConf(356)) - 49e61346-ce49-4850-8dcd-6024868ef21c@group-33AF00750C36: set configuration 0: [f543130f-443f-4ba5-9d6e-59ecbb0ec00a:192.168.164.250:36191, 5a36316c-6269-4ab0-8563-6514c3376d21:192.168.164.250:32906, 49e61346-ce49-4850-8dcd-6024868ef21c:192.168.164.250:43655], old=null at 0
2019-10-02 10:03:09,883 [grpc-default-executor-1] INFO  impl.RaftServerImpl (ServerState.java:setRaftConf(356)) - f543130f-443f-4ba5-9d6e-59ecbb0ec00a@group-33AF00750C36: set configuration 0: [f543130f-443f-4ba5-9d6e-59ecbb0ec00a:192.168.164.250:36191, 5a36316c-6269-4ab0-8563-6514c3376d21:192.168.164.250:32906, 49e61346-ce49-4850-8dcd-6024868ef21c:192.168.164.250:43655], old=null at 0
2019-10-02 10:03:09,883 [grpc-default-executor-3] INFO  segmented.SegmentedRaftLogWorker (SegmentedRaftLogWorker.java:startLogSegment(385)) - 49e61346-ce49-4850-8dcd-6024868ef21c@group-33AF00750C36-SegmentedRaftLogWorker: Starting segment from index:0
2019-10-02 10:03:09,884 [grpc-default-executor-1] INFO  segmented.SegmentedRaftLogWorker (SegmentedRaftLogWorker.java:startLogSegment(385)) - f543130f-443f-4ba5-9d6e-59ecbb0ec00a@group-33AF00750C36-SegmentedRaftLogWorker: Starting segment from index:0
2019-10-02 10:03:09,888 [f543130f-443f-4ba5-9d6e-59ecbb0ec00a@group-F7DB35ABA035-LeaderElection4] INFO  impl.LeaderElection (LeaderElection.java:askForVotes(178)) - f543130f-443f-4ba5-9d6e-59ecbb0ec00a@group-F7DB35ABA035-LeaderElection4: begin an election at term 1 for -1: [f543130f-443f-4ba5-9d6e-59ecbb0ec00a:192.168.164.250:36191], old=null
2019-10-02 10:03:09,889 [f543130f-443f-4ba5-9d6e-59ecbb0ec00a@group-F7DB35ABA035-LeaderElection4] INFO  impl.RoleInfo (RoleInfo.java:shutdownLeaderElection(134)) - f543130f-443f-4ba5-9d6e-59ecbb0ec00a: shutdown LeaderElection
2019-10-02 10:03:09,889 [f543130f-443f-4ba5-9d6e-59ecbb0ec00a@group-F7DB35ABA035-LeaderElection4] INFO  impl.RaftServerImpl (RaftServerImpl.java:setRole(170)) - f543130f-443f-4ba5-9d6e-59ecbb0ec00a@group-F7DB35ABA035: changes role from CANDIDATE to LEADER at term 1 for changeToLeader
2019-10-02 10:03:09,889 [f543130f-443f-4ba5-9d6e-59ecbb0ec00a@group-F7DB35ABA035-LeaderElection4] INFO  impl.RaftServerImpl (ServerState.java:setLeader(255)) - f543130f-443f-4ba5-9d6e-59ecbb0ec00a@group-F7DB35ABA035: change Leader from null to f543130f-443f-4ba5-9d6e-59ecbb0ec00a at term 1 for becomeLeader, leader elected after 5126ms
2019-10-02 10:03:09,891 [f543130f-443f-4ba5-9d6e-59ecbb0ec00a@group-F7DB35ABA035-LeaderElection4] INFO  server.RaftServerConfigKeys (ConfUtils.java:logGet(43)) - raft.server.staging.catchup.gap = 1000 (default)
2019-10-02 10:03:09,891 [f543130f-443f-4ba5-9d6e-59ecbb0ec00a@group-F7DB35ABA035-LeaderElection4] INFO  server.RaftServerConfigKeys (ConfUtils.java:logGet(43)) - raft.server.rpc.sleep.time = 25ms (default)
2019-10-02 10:03:09,891 [f543130f-443f-4ba5-9d6e-59ecbb0ec00a@group-F7DB35ABA035-LeaderElection4] INFO  server.RaftServerConfigKeys (ConfUtils.java:logGet(43)) - raft.server.write.element-limit = 4096 (default)
2019-10-02 10:03:09,891 [f543130f-443f-4ba5-9d6e-59ecbb0ec00a@group-F7DB35ABA035-LeaderElection4] INFO  server.RaftServerConfigKeys (ConfUtils.java:logGet(43)) - raft.server.watch.timeout = 10s (default)
2019-10-02 10:03:09,891 [f543130f-443f-4ba5-9d6e-59ecbb0ec00a@group-F7DB35ABA035-LeaderElection4] INFO  server.RaftServerConfigKeys (ConfUtils.java:logGet(43)) - raft.server.watch.timeout.denomination = 1s (default)
2019-10-02 10:03:09,891 [f543130f-443f-4ba5-9d6e-59ecbb0ec00a@group-F7DB35ABA035-LeaderElection4] INFO  server.RaftServerConfigKeys (ConfUtils.java:logGet(43)) - raft.server.watch.element-limit = 65536 (default)
2019-10-02 10:03:09,893 [f543130f-443f-4ba5-9d6e-59ecbb0ec00a@group-F7DB35ABA035-LeaderElection4] INFO  impl.RoleInfo (RoleInfo.java:updateAndGet(143)) - f543130f-443f-4ba5-9d6e-59ecbb0ec00a: start LeaderState
2019-10-02 10:03:09,894 [f543130f-443f-4ba5-9d6e-59ecbb0ec00a@group-F7DB35ABA035-LeaderElection4] INFO  segmented.SegmentedRaftLogWorker (SegmentedRaftLogWorker.java:startLogSegment(385)) - f543130f-443f-4ba5-9d6e-59ecbb0ec00a@group-F7DB35ABA035-SegmentedRaftLogWorker: Starting segment from index:0
2019-10-02 10:03:09,894 [f543130f-443f-4ba5-9d6e-59ecbb0ec00a@group-F7DB35ABA035-LeaderElection4] INFO  impl.RaftServerImpl (ServerState.java:setRaftConf(356)) - f543130f-443f-4ba5-9d6e-59ecbb0ec00a@group-F7DB35ABA035: set configuration 0: [f543130f-443f-4ba5-9d6e-59ecbb0ec00a:192.168.164.250:36191], old=null at 0
2019-10-02 10:03:10,013 [Thread-232] INFO  impl.FollowerState (FollowerState.java:run(108)) - 5a36316c-6269-4ab0-8563-6514c3376d21@group-34C4C68EAB36-FollowerState: change to CANDIDATE, lastRpcTime:5176ms, electionTimeout:5176ms
2019-10-02 10:03:10,013 [Thread-232] INFO  impl.RoleInfo (RoleInfo.java:shutdownFollowerState(121)) - 5a36316c-6269-4ab0-8563-6514c3376d21: shutdown FollowerState
2019-10-02 10:03:10,013 [Thread-232] INFO  impl.RaftServerImpl (RaftServerImpl.java:setRole(170)) - 5a36316c-6269-4ab0-8563-6514c3376d21@group-34C4C68EAB36: changes role from  FOLLOWER to CANDIDATE at term 0 for changeToCandidate
2019-10-02 10:03:10,014 [Thread-232] INFO  impl.RoleInfo (RoleInfo.java:updateAndGet(143)) - 5a36316c-6269-4ab0-8563-6514c3376d21: start LeaderElection
2019-10-02 10:03:10,042 [5a36316c-6269-4ab0-8563-6514c3376d21@group-33AF00750C36-SegmentedRaftLogWorker] INFO  segmented.SegmentedRaftLogWorker (SegmentedRaftLogWorker.java:execute(574)) - 5a36316c-6269-4ab0-8563-6514c3376d21@group-33AF00750C36-SegmentedRaftLogWorker: created new log segment /workdir/hadoop-ozone/ozonefs/target/test-dir/MiniOzoneClusterImpl-a0bcfbd7-d664-4bc8-be8a-7389cc786fdd/datanode-1/data/ratis/8ccf886c-f7eb-40bd-be97-33af00750c36/current/log_inprogress_0
2019-10-02 10:03:10,042 [5a36316c-6269-4ab0-8563-6514c3376d21@group-34C4C68EAB36-LeaderElection5] INFO  impl.LeaderElection (LeaderElection.java:askForVotes(178)) - 5a36316c-6269-4ab0-8563-6514c3376d21@group-34C4C68EAB36-LeaderElection5: begin an election at term 1 for -1: [5a36316c-6269-4ab0-8563-6514c3376d21:192.168.164.250:32906], old=null
2019-10-02 10:03:10,042 [f543130f-443f-4ba5-9d6e-59ecbb0ec00a@group-F7DB35ABA035-SegmentedRaftLogWorker] INFO  segmented.SegmentedRaftLogWorker (SegmentedRaftLogWorker.java:execute(574)) - f543130f-443f-4ba5-9d6e-59ecbb0ec00a@group-F7DB35ABA035-SegmentedRaftLogWorker: created new log segment /workdir/hadoop-ozone/ozonefs/target/test-dir/MiniOzoneClusterImpl-a0bcfbd7-d664-4bc8-be8a-7389cc786fdd/datanode-3/data/ratis/a31f5bd4-65c2-4a6c-bdb1-f7db35aba035/current/log_inprogress_0
2019-10-02 10:03:10,042 [e9ae1ab6-f8c6-4f15-b4c5-852d7918e68e@group-67BFECD1CEA5-SegmentedRaftLogWorker] INFO  segmented.SegmentedRaftLogWorker (SegmentedRaftLogWorker.java:execute(574)) - e9ae1ab6-f8c6-4f15-b4c5-852d7918e68e@group-67BFECD1CEA5-SegmentedRaftLogWorker: created new log segment /workdir/hadoop-ozone/ozonefs/target/test-dir/MiniOzoneClusterImpl-a0bcfbd7-d664-4bc8-be8a-7389cc786fdd/datanode-0/data/ratis/310967a8-8b06-4fa8-a4da-67bfecd1cea5/current/log_inprogress_0
2019-10-02 10:03:10,042 [49e61346-ce49-4850-8dcd-6024868ef21c@group-33AF00750C36-SegmentedRaftLogWorker] INFO  segmented.SegmentedRaftLogWorker (SegmentedRaftLogWorker.java:execute(574)) - 49e61346-ce49-4850-8dcd-6024868ef21c@group-33AF00750C36-SegmentedRaftLogWorker: created new log segment /workdir/hadoop-ozone/ozonefs/target/test-dir/MiniOzoneClusterImpl-a0bcfbd7-d664-4bc8-be8a-7389cc786fdd/datanode-2/data/ratis/8ccf886c-f7eb-40bd-be97-33af00750c36/current/log_inprogress_0
2019-10-02 10:03:10,042 [f543130f-443f-4ba5-9d6e-59ecbb0ec00a@group-33AF00750C36-SegmentedRaftLogWorker] INFO  segmented.SegmentedRaftLogWorker (SegmentedRaftLogWorker.java:execute(574)) - f543130f-443f-4ba5-9d6e-59ecbb0ec00a@group-33AF00750C36-SegmentedRaftLogWorker: created new log segment /workdir/hadoop-ozone/ozonefs/target/test-dir/MiniOzoneClusterImpl-a0bcfbd7-d664-4bc8-be8a-7389cc786fdd/datanode-3/data/ratis/8ccf886c-f7eb-40bd-be97-33af00750c36/current/log_inprogress_0
2019-10-02 10:03:10,043 [5a36316c-6269-4ab0-8563-6514c3376d21@group-34C4C68EAB36-LeaderElection5] INFO  impl.RoleInfo (RoleInfo.java:shutdownLeaderElection(134)) - 5a36316c-6269-4ab0-8563-6514c3376d21: shutdown LeaderElection
2019-10-02 10:03:10,043 [5a36316c-6269-4ab0-8563-6514c3376d21@group-34C4C68EAB36-LeaderElection5] INFO  impl.RaftServerImpl (RaftServerImpl.java:setRole(170)) - 5a36316c-6269-4ab0-8563-6514c3376d21@group-34C4C68EAB36: changes role from CANDIDATE to LEADER at term 1 for changeToLeader
2019-10-02 10:03:10,044 [5a36316c-6269-4ab0-8563-6514c3376d21@group-34C4C68EAB36-LeaderElection5] INFO  impl.RaftServerImpl (ServerState.java:setLeader(255)) - 5a36316c-6269-4ab0-8563-6514c3376d21@group-34C4C68EAB36: change Leader from null to 5a36316c-6269-4ab0-8563-6514c3376d21 at term 1 for becomeLeader, leader elected after 5214ms
2019-10-02 10:03:10,044 [5a36316c-6269-4ab0-8563-6514c3376d21@group-34C4C68EAB36-LeaderElection5] INFO  server.RaftServerConfigKeys (ConfUtils.java:logGet(43)) - raft.server.staging.catchup.gap = 1000 (default)
2019-10-02 10:03:10,044 [5a36316c-6269-4ab0-8563-6514c3376d21@group-34C4C68EAB36-LeaderElection5] INFO  server.RaftServerConfigKeys (ConfUtils.java:logGet(43)) - raft.server.rpc.sleep.time = 25ms (default)
2019-10-02 10:03:10,044 [5a36316c-6269-4ab0-8563-6514c3376d21@group-34C4C68EAB36-LeaderElection5] INFO  server.RaftServerConfigKeys (ConfUtils.java:logGet(43)) - raft.server.write.element-limit = 4096 (default)
2019-10-02 10:03:10,044 [5a36316c-6269-4ab0-8563-6514c3376d21@group-34C4C68EAB36-LeaderElection5] INFO  server.RaftServerConfigKeys (ConfUtils.java:logGet(43)) - raft.server.watch.timeout = 10s (default)
2019-10-02 10:03:10,044 [5a36316c-6269-4ab0-8563-6514c3376d21@group-34C4C68EAB36-LeaderElection5] INFO  server.RaftServerConfigKeys (ConfUtils.java:logGet(43)) - raft.server.watch.timeout.denomination = 1s (default)
2019-10-02 10:03:10,045 [5a36316c-6269-4ab0-8563-6514c3376d21@group-34C4C68EAB36-LeaderElection5] INFO  server.RaftServerConfigKeys (ConfUtils.java:logGet(43)) - raft.server.watch.element-limit = 65536 (default)
2019-10-02 10:03:10,048 [5a36316c-6269-4ab0-8563-6514c3376d21@group-34C4C68EAB36-LeaderElection5] INFO  impl.RoleInfo (RoleInfo.java:updateAndGet(143)) - 5a36316c-6269-4ab0-8563-6514c3376d21: start LeaderState
2019-10-02 10:03:10,048 [5a36316c-6269-4ab0-8563-6514c3376d21@group-34C4C68EAB36-LeaderElection5] INFO  segmented.SegmentedRaftLogWorker (SegmentedRaftLogWorker.java:startLogSegment(385)) - 5a36316c-6269-4ab0-8563-6514c3376d21@group-34C4C68EAB36-SegmentedRaftLogWorker: Starting segment from index:0
2019-10-02 10:03:10,049 [5a36316c-6269-4ab0-8563-6514c3376d21@group-34C4C68EAB36-LeaderElection5] INFO  impl.RaftServerImpl (ServerState.java:setRaftConf(356)) - 5a36316c-6269-4ab0-8563-6514c3376d21@group-34C4C68EAB36: set configuration 0: [5a36316c-6269-4ab0-8563-6514c3376d21:192.168.164.250:32906], old=null at 0
2019-10-02 10:03:10,072 [Thread-241] INFO  impl.FollowerState (FollowerState.java:run(108)) - e5ba2070-ec4d-4dd3-a8d5-deb7e6e86a80@group-A5119790EF99-FollowerState: change to CANDIDATE, lastRpcTime:5037ms, electionTimeout:5028ms
2019-10-02 10:03:10,072 [Thread-235] INFO  impl.FollowerState (FollowerState.java:run(108)) - 49e61346-ce49-4850-8dcd-6024868ef21c@group-550E4EA58657-FollowerState: change to CANDIDATE, lastRpcTime:5174ms, electionTimeout:5158ms
2019-10-02 10:03:10,073 [Thread-241] INFO  impl.RoleInfo (RoleInfo.java:shutdownFollowerState(121)) - e5ba2070-ec4d-4dd3-a8d5-deb7e6e86a80: shutdown FollowerState
2019-10-02 10:03:10,073 [Thread-235] INFO  impl.RoleInfo (RoleInfo.java:shutdownFollowerState(121)) - 49e61346-ce49-4850-8dcd-6024868ef21c: shutdown FollowerState
2019-10-02 10:03:10,073 [Thread-241] INFO  impl.RaftServerImpl (RaftServerImpl.java:setRole(170)) - e5ba2070-ec4d-4dd3-a8d5-deb7e6e86a80@group-A5119790EF99: changes role from  FOLLOWER to CANDIDATE at term 0 for changeToCandidate
2019-10-02 10:03:10,073 [Thread-235] INFO  impl.RaftServerImpl (RaftServerImpl.java:setRole(170)) - 49e61346-ce49-4850-8dcd-6024868ef21c@group-550E4EA58657: changes role from  FOLLOWER to CANDIDATE at term 0 for changeToCandidate
2019-10-02 10:03:10,073 [Thread-241] INFO  impl.RoleInfo (RoleInfo.java:updateAndGet(143)) - e5ba2070-ec4d-4dd3-a8d5-deb7e6e86a80: start LeaderElection
2019-10-02 10:03:10,073 [Thread-235] INFO  impl.RoleInfo (RoleInfo.java:updateAndGet(143)) - 49e61346-ce49-4850-8dcd-6024868ef21c: start LeaderElection
2019-10-02 10:03:10,086 [5a36316c-6269-4ab0-8563-6514c3376d21@group-34C4C68EAB36-SegmentedRaftLogWorker] INFO  segmented.SegmentedRaftLogWorker (SegmentedRaftLogWorker.java:execute(574)) - 5a36316c-6269-4ab0-8563-6514c3376d21@group-34C4C68EAB36-SegmentedRaftLogWorker: created new log segment /workdir/hadoop-ozone/ozonefs/target/test-dir/MiniOzoneClusterImpl-a0bcfbd7-d664-4bc8-be8a-7389cc786fdd/datanode-1/data/ratis/096e8c53-b40b-42fc-8120-34c4c68eab36/current/log_inprogress_0
2019-10-02 10:03:10,086 [49e61346-ce49-4850-8dcd-6024868ef21c@group-550E4EA58657-LeaderElection7] INFO  impl.LeaderElection (LeaderElection.java:askForVotes(178)) - 49e61346-ce49-4850-8dcd-6024868ef21c@group-550E4EA58657-LeaderElection7: begin an election at term 1 for -1: [49e61346-ce49-4850-8dcd-6024868ef21c:192.168.164.250:43655], old=null
2019-10-02 10:03:10,086 [e5ba2070-ec4d-4dd3-a8d5-deb7e6e86a80@group-A5119790EF99-LeaderElection6] INFO  impl.LeaderElection (LeaderElection.java:askForVotes(178)) - e5ba2070-ec4d-4dd3-a8d5-deb7e6e86a80@group-A5119790EF99-LeaderElection6: begin an election at term 1 for -1: [e5ba2070-ec4d-4dd3-a8d5-deb7e6e86a80:192.168.164.250:34931], old=null
2019-10-02 10:03:10,086 [49e61346-ce49-4850-8dcd-6024868ef21c@group-550E4EA58657-LeaderElection7] INFO  impl.RoleInfo (RoleInfo.java:shutdownLeaderElection(134)) - 49e61346-ce49-4850-8dcd-6024868ef21c: shutdown LeaderElection
2019-10-02 10:03:10,086 [e5ba2070-ec4d-4dd3-a8d5-deb7e6e86a80@group-A5119790EF99-LeaderElection6] INFO  impl.RoleInfo (RoleInfo.java:shutdownLeaderElection(134)) - e5ba2070-ec4d-4dd3-a8d5-deb7e6e86a80: shutdown LeaderElection
2019-10-02 10:03:10,086 [49e61346-ce49-4850-8dcd-6024868ef21c@group-550E4EA58657-LeaderElection7] INFO  impl.RaftServerImpl (RaftServerImpl.java:setRole(170)) - 49e61346-ce49-4850-8dcd-6024868ef21c@group-550E4EA58657: changes role from CANDIDATE to LEADER at term 1 for changeToLeader
2019-10-02 10:03:10,086 [e5ba2070-ec4d-4dd3-a8d5-deb7e6e86a80@group-A5119790EF99-LeaderElection6] INFO  impl.RaftServerImpl (RaftServerImpl.java:setRole(170)) - e5ba2070-ec4d-4dd3-a8d5-deb7e6e86a80@group-A5119790EF99: changes role from CANDIDATE to LEADER at term 1 for changeToLeader
2019-10-02 10:03:10,086 [49e61346-ce49-4850-8dcd-6024868ef21c@group-550E4EA58657-LeaderElection7] INFO  impl.RaftServerImpl (ServerState.java:setLeader(255)) - 49e61346-ce49-4850-8dcd-6024868ef21c@group-550E4EA58657: change Leader from null to 49e61346-ce49-4850-8dcd-6024868ef21c at term 1 for becomeLeader, leader elected after 5196ms
2019-10-02 10:03:10,086 [e5ba2070-ec4d-4dd3-a8d5-deb7e6e86a80@group-A5119790EF99-LeaderElection6] INFO  impl.RaftServerImpl (ServerState.java:setLeader(255)) - e5ba2070-ec4d-4dd3-a8d5-deb7e6e86a80@group-A5119790EF99: change Leader from null to e5ba2070-ec4d-4dd3-a8d5-deb7e6e86a80 at term 1 for becomeLeader, leader elected after 5059ms
2019-10-02 10:03:10,088 [49e61346-ce49-4850-8dcd-6024868ef21c@group-550E4EA58657-LeaderElection7] INFO  server.RaftServerConfigKeys (ConfUtils.java:logGet(43)) - raft.server.staging.catchup.gap = 1000 (default)
2019-10-02 10:03:10,089 [e5ba2070-ec4d-4dd3-a8d5-deb7e6e86a80@group-A5119790EF99-LeaderElection6] INFO  server.RaftServerConfigKeys (ConfUtils.java:logGet(43)) - raft.server.staging.catchup.gap = 1000 (default)
2019-10-02 10:03:10,089 [49e61346-ce49-4850-8dcd-6024868ef21c@group-550E4EA58657-LeaderElection7] INFO  server.RaftServerConfigKeys (ConfUtils.java:logGet(43)) - raft.server.rpc.sleep.time = 25ms (default)
2019-10-02 10:03:10,089 [e5ba2070-ec4d-4dd3-a8d5-deb7e6e86a80@group-A5119790EF99-LeaderElection6] INFO  server.RaftServerConfigKeys (ConfUtils.java:logGet(43)) - raft.server.rpc.sleep.time = 25ms (default)
2019-10-02 10:03:10,090 [49e61346-ce49-4850-8dcd-6024868ef21c@group-550E4EA58657-LeaderElection7] INFO  server.RaftServerConfigKeys (ConfUtils.java:logGet(43)) - raft.server.write.element-limit = 4096 (default)
2019-10-02 10:03:10,090 [e5ba2070-ec4d-4dd3-a8d5-deb7e6e86a80@group-A5119790EF99-LeaderElection6] INFO  server.RaftServerConfigKeys (ConfUtils.java:logGet(43)) - raft.server.write.element-limit = 4096 (default)
2019-10-02 10:03:10,090 [49e61346-ce49-4850-8dcd-6024868ef21c@group-550E4EA58657-LeaderElection7] INFO  server.RaftServerConfigKeys (ConfUtils.java:logGet(43)) - raft.server.watch.timeout = 10s (default)
2019-10-02 10:03:10,090 [e5ba2070-ec4d-4dd3-a8d5-deb7e6e86a80@group-A5119790EF99-LeaderElection6] INFO  server.RaftServerConfigKeys (ConfUtils.java:logGet(43)) - raft.server.watch.timeout = 10s (default)
2019-10-02 10:03:10,090 [49e61346-ce49-4850-8dcd-6024868ef21c@group-550E4EA58657-LeaderElection7] INFO  server.RaftServerConfigKeys (ConfUtils.java:logGet(43)) - raft.server.watch.timeout.denomination = 1s (default)
2019-10-02 10:03:10,090 [e5ba2070-ec4d-4dd3-a8d5-deb7e6e86a80@group-A5119790EF99-LeaderElection6] INFO  server.RaftServerConfigKeys (ConfUtils.java:logGet(43)) - raft.server.watch.timeout.denomination = 1s (default)
2019-10-02 10:03:10,090 [49e61346-ce49-4850-8dcd-6024868ef21c@group-550E4EA58657-LeaderElection7] INFO  server.RaftServerConfigKeys (ConfUtils.java:logGet(43)) - raft.server.watch.element-limit = 65536 (default)
2019-10-02 10:03:10,090 [e5ba2070-ec4d-4dd3-a8d5-deb7e6e86a80@group-A5119790EF99-LeaderElection6] INFO  server.RaftServerConfigKeys (ConfUtils.java:logGet(43)) - raft.server.watch.element-limit = 65536 (default)
2019-10-02 10:03:10,094 [49e61346-ce49-4850-8dcd-6024868ef21c@group-550E4EA58657-LeaderElection7] INFO  impl.RoleInfo (RoleInfo.java:updateAndGet(143)) - 49e61346-ce49-4850-8dcd-6024868ef21c: start LeaderState
2019-10-02 10:03:10,095 [e5ba2070-ec4d-4dd3-a8d5-deb7e6e86a80@group-A5119790EF99-LeaderElection6] INFO  impl.RoleInfo (RoleInfo.java:updateAndGet(143)) - e5ba2070-ec4d-4dd3-a8d5-deb7e6e86a80: start LeaderState
2019-10-02 10:03:10,095 [49e61346-ce49-4850-8dcd-6024868ef21c@group-550E4EA58657-LeaderElection7] INFO  segmented.SegmentedRaftLogWorker (SegmentedRaftLogWorker.java:startLogSegment(385)) - 49e61346-ce49-4850-8dcd-6024868ef21c@group-550E4EA58657-SegmentedRaftLogWorker: Starting segment from index:0
2019-10-02 10:03:10,095 [e5ba2070-ec4d-4dd3-a8d5-deb7e6e86a80@group-A5119790EF99-LeaderElection6] INFO  segmented.SegmentedRaftLogWorker (SegmentedRaftLogWorker.java:startLogSegment(385)) - e5ba2070-ec4d-4dd3-a8d5-deb7e6e86a80@group-A5119790EF99-SegmentedRaftLogWorker: Starting segment from index:0
2019-10-02 10:03:10,095 [49e61346-ce49-4850-8dcd-6024868ef21c@group-550E4EA58657-LeaderElection7] INFO  impl.RaftServerImpl (ServerState.java:setRaftConf(356)) - 49e61346-ce49-4850-8dcd-6024868ef21c@group-550E4EA58657: set configuration 0: [49e61346-ce49-4850-8dcd-6024868ef21c:192.168.164.250:43655], old=null at 0
2019-10-02 10:03:10,123 [Thread-238] INFO  impl.FollowerState (FollowerState.java:run(108)) - e9ae1ab6-f8c6-4f15-b4c5-852d7918e68e@group-171D9DC41A97-FollowerState: change to CANDIDATE, lastRpcTime:5154ms, electionTimeout:5142ms
2019-10-02 10:03:10,123 [e5ba2070-ec4d-4dd3-a8d5-deb7e6e86a80@group-A5119790EF99-LeaderElection6] INFO  impl.RaftServerImpl (ServerState.java:setRaftConf(356)) - e5ba2070-ec4d-4dd3-a8d5-deb7e6e86a80@group-A5119790EF99: set configuration 0: [e5ba2070-ec4d-4dd3-a8d5-deb7e6e86a80:192.168.164.250:34931], old=null at 0
2019-10-02 10:03:10,123 [Thread-238] INFO  impl.RoleInfo (RoleInfo.java:shutdownFollowerState(121)) - e9ae1ab6-f8c6-4f15-b4c5-852d7918e68e: shutdown FollowerState
2019-10-02 10:03:10,144 [49e61346-ce49-4850-8dcd-6024868ef21c@group-550E4EA58657-SegmentedRaftLogWorker] INFO  segmented.SegmentedRaftLogWorker (SegmentedRaftLogWorker.java:execute(574)) - 49e61346-ce49-4850-8dcd-6024868ef21c@group-550E4EA58657-SegmentedRaftLogWorker: created new log segment /workdir/hadoop-ozone/ozonefs/target/test-dir/MiniOzoneClusterImpl-a0bcfbd7-d664-4bc8-be8a-7389cc786fdd/datanode-2/data/ratis/955c8203-bb56-4d99-8441-550e4ea58657/current/log_inprogress_0
2019-10-02 10:03:10,144 [Thread-238] INFO  impl.RaftServerImpl (RaftServerImpl.java:setRole(170)) - e9ae1ab6-f8c6-4f15-b4c5-852d7918e68e@group-171D9DC41A97: changes role from  FOLLOWER to CANDIDATE at term 0 for changeToCandidate
2019-10-02 10:03:10,144 [Thread-238] INFO  impl.RoleInfo (RoleInfo.java:updateAndGet(143)) - e9ae1ab6-f8c6-4f15-b4c5-852d7918e68e: start LeaderElection
2019-10-02 10:03:10,156 [e5ba2070-ec4d-4dd3-a8d5-deb7e6e86a80@group-A5119790EF99-SegmentedRaftLogWorker] INFO  segmented.SegmentedRaftLogWorker (SegmentedRaftLogWorker.java:execute(574)) - e5ba2070-ec4d-4dd3-a8d5-deb7e6e86a80@group-A5119790EF99-SegmentedRaftLogWorker: created new log segment /workdir/hadoop-ozone/ozonefs/target/test-dir/MiniOzoneClusterImpl-a0bcfbd7-d664-4bc8-be8a-7389cc786fdd/datanode-4/data/ratis/bb4a6756-a722-4327-b059-a5119790ef99/current/log_inprogress_0
2019-10-02 10:03:10,156 [e9ae1ab6-f8c6-4f15-b4c5-852d7918e68e@group-171D9DC41A97-LeaderElection8] INFO  impl.LeaderElection (LeaderElection.java:askForVotes(178)) - e9ae1ab6-f8c6-4f15-b4c5-852d7918e68e@group-171D9DC41A97-LeaderElection8: begin an election at term 1 for -1: [e9ae1ab6-f8c6-4f15-b4c5-852d7918e68e:192.168.164.250:37234], old=null
2019-10-02 10:03:10,157 [e9ae1ab6-f8c6-4f15-b4c5-852d7918e68e@group-171D9DC41A97-LeaderElection8] INFO  impl.RoleInfo (RoleInfo.java:shutdownLeaderElection(134)) - e9ae1ab6-f8c6-4f15-b4c5-852d7918e68e: shutdown LeaderElection
2019-10-02 10:03:10,157 [e9ae1ab6-f8c6-4f15-b4c5-852d7918e68e@group-171D9DC41A97-LeaderElection8] INFO  impl.RaftServerImpl (RaftServerImpl.java:setRole(170)) - e9ae1ab6-f8c6-4f15-b4c5-852d7918e68e@group-171D9DC41A97: changes role from CANDIDATE to LEADER at term 1 for changeToLeader
2019-10-02 10:03:10,157 [e9ae1ab6-f8c6-4f15-b4c5-852d7918e68e@group-171D9DC41A97-LeaderElection8] INFO  impl.RaftServerImpl (ServerState.java:setLeader(255)) - e9ae1ab6-f8c6-4f15-b4c5-852d7918e68e@group-171D9DC41A97: change Leader from null to e9ae1ab6-f8c6-4f15-b4c5-852d7918e68e at term 1 for becomeLeader, leader elected after 5196ms
2019-10-02 10:03:10,157 [e9ae1ab6-f8c6-4f15-b4c5-852d7918e68e@group-171D9DC41A97-LeaderElection8] INFO  server.RaftServerConfigKeys (ConfUtils.java:logGet(43)) - raft.server.staging.catchup.gap = 1000 (default)
2019-10-02 10:03:10,157 [e9ae1ab6-f8c6-4f15-b4c5-852d7918e68e@group-171D9DC41A97-LeaderElection8] INFO  server.RaftServerConfigKeys (ConfUtils.java:logGet(43)) - raft.server.rpc.sleep.time = 25ms (default)
2019-10-02 10:03:10,158 [e9ae1ab6-f8c6-4f15-b4c5-852d7918e68e@group-171D9DC41A97-LeaderElection8] INFO  server.RaftServerConfigKeys (ConfUtils.java:logGet(43)) - raft.server.write.element-limit = 4096 (default)
2019-10-02 10:03:10,158 [e9ae1ab6-f8c6-4f15-b4c5-852d7918e68e@group-171D9DC41A97-LeaderElection8] INFO  server.RaftServerConfigKeys (ConfUtils.java:logGet(43)) - raft.server.watch.timeout = 10s (default)
2019-10-02 10:03:10,158 [e9ae1ab6-f8c6-4f15-b4c5-852d7918e68e@group-171D9DC41A97-LeaderElection8] INFO  server.RaftServerConfigKeys (ConfUtils.java:logGet(43)) - raft.server.watch.timeout.denomination = 1s (default)
2019-10-02 10:03:10,158 [e9ae1ab6-f8c6-4f15-b4c5-852d7918e68e@group-171D9DC41A97-LeaderElection8] INFO  server.RaftServerConfigKeys (ConfUtils.java:logGet(43)) - raft.server.watch.element-limit = 65536 (default)
2019-10-02 10:03:10,162 [e9ae1ab6-f8c6-4f15-b4c5-852d7918e68e@group-171D9DC41A97-LeaderElection8] INFO  impl.RoleInfo (RoleInfo.java:updateAndGet(143)) - e9ae1ab6-f8c6-4f15-b4c5-852d7918e68e: start LeaderState
2019-10-02 10:03:10,162 [e9ae1ab6-f8c6-4f15-b4c5-852d7918e68e@group-171D9DC41A97-LeaderElection8] INFO  segmented.SegmentedRaftLogWorker (SegmentedRaftLogWorker.java:startLogSegment(385)) - e9ae1ab6-f8c6-4f15-b4c5-852d7918e68e@group-171D9DC41A97-SegmentedRaftLogWorker: Starting segment from index:0
2019-10-02 10:03:10,163 [e9ae1ab6-f8c6-4f15-b4c5-852d7918e68e@group-171D9DC41A97-LeaderElection8] INFO  impl.RaftServerImpl (ServerState.java:setRaftConf(356)) - e9ae1ab6-f8c6-4f15-b4c5-852d7918e68e@group-171D9DC41A97: set configuration 0: [e9ae1ab6-f8c6-4f15-b4c5-852d7918e68e:192.168.164.250:37234], old=null at 0
2019-10-02 10:03:10,204 [e9ae1ab6-f8c6-4f15-b4c5-852d7918e68e@group-171D9DC41A97-SegmentedRaftLogWorker] INFO  segmented.SegmentedRaftLogWorker (SegmentedRaftLogWorker.java:execute(574)) - e9ae1ab6-f8c6-4f15-b4c5-852d7918e68e@group-171D9DC41A97-SegmentedRaftLogWorker: created new log segment /workdir/hadoop-ozone/ozonefs/target/test-dir/MiniOzoneClusterImpl-a0bcfbd7-d664-4bc8-be8a-7389cc786fdd/datanode-0/data/ratis/c261a9a8-3d12-403a-b4ea-171d9dc41a97/current/log_inprogress_0
2019-10-02 10:03:12,070 [pool-36-thread-1] ERROR impl.ChunkManagerImpl (ChunkUtils.java:writeData(89)) - data array does not match the length specified. DataLen: 1024 Byte Array: 1179
2019-10-02 10:03:12,071 [pool-36-thread-1] INFO  keyvalue.KeyValueHandler (ContainerUtils.java:logAndReturnError(146)) - Operation: WriteChunk : Trace ID: 509b1ce93059f0e:509b1ce93059f0e:0:0 : Message: data array does not match the length specified. DataLen: 1024 Byte Array: 1179 : Result: INVALID_WRITE_SIZE
2019-10-02 10:03:12,087 [EventQueue-IncrementalContainerReportForIncrementalContainerReportHandler] WARN  container.IncrementalContainerReportHandler (AbstractContainerReportHandler.java:updateContainerState(143)) - Container #3 is in OPEN state, but the datanode 5a36316c-6269-4ab0-8563-6514c3376d21{ip: 192.168.164.250, host: pr-trunk-p5fv4-2201032288, networkLocation: /default-rack, certSerialId: null} reports an UNHEALTHY replica.
10:03:12.096 [pool-36-thread-1] ERROR DNAudit - user=null | ip=null | op=WRITE_CHUNK {blockData=conID: 3 locID: 102892213734670340 bcsId: 0} | ret=FAILURE
java.lang.Exception: data array does not match the length specified. DataLen: 1024 Byte Array: 1179
	at org.apache.hadoop.ozone.container.common.impl.HddsDispatcher.dispatchRequest(HddsDispatcher.java:330) ~[hadoop-hdds-container-service-0.5.0-SNAPSHOT.jar:?]
	at org.apache.hadoop.ozone.container.common.impl.HddsDispatcher.dispatch(HddsDispatcher.java:150) ~[hadoop-hdds-container-service-0.5.0-SNAPSHOT.jar:?]
	at org.apache.hadoop.ozone.container.common.transport.server.ratis.ContainerStateMachine.dispatchCommand(ContainerStateMachine.java:407) ~[hadoop-hdds-container-service-0.5.0-SNAPSHOT.jar:?]
	at org.apache.hadoop.ozone.container.common.transport.server.ratis.ContainerStateMachine.runCommand(ContainerStateMachine.java:415) ~[hadoop-hdds-container-service-0.5.0-SNAPSHOT.jar:?]
	at org.apache.hadoop.ozone.container.common.transport.server.ratis.ContainerStateMachine.lambda$handleWriteChunk$1(ContainerStateMachine.java:450) ~[hadoop-hdds-container-service-0.5.0-SNAPSHOT.jar:?]
	at java.util.concurrent.CompletableFuture$AsyncSupply.run(CompletableFuture.java:1590) [?:1.8.0_212]
	at java.util.concurrent.ThreadPoolExecutor.runWorker(ThreadPoolExecutor.java:1149) [?:1.8.0_212]
	at java.util.concurrent.ThreadPoolExecutor$Worker.run(ThreadPoolExecutor.java:624) [?:1.8.0_212]
	at java.lang.Thread.run(Thread.java:748) [?:1.8.0_212]
2019-10-02 10:03:12,097 [pool-36-thread-1] ERROR ratis.ContainerStateMachine (ContainerStateMachine.java:lambda$handleWriteChunk$2(470)) - group-33AF00750C36: writeChunk writeStateMachineData failed: blockIdcontainerID: 3
localID: 102892213734670340
blockCommitSequenceId: 0
 logIndex 1 chunkName 102892213734670340_chunk_1 Error message: data array does not match the length specified. DataLen: 1024 Byte Array: 1179 Container Result: INVALID_WRITE_SIZE
2019-10-02 10:03:12,109 [5a36316c-6269-4ab0-8563-6514c3376d21@group-33AF00750C36-SegmentedRaftLogWorker] ERROR ratis.XceiverServerRatis (XceiverServerRatis.java:triggerPipelineClose(581)) - pipeline Action CLOSE  on pipeline PipelineID=8ccf886c-f7eb-40bd-be97-33af00750c36.Reason : data array does not match the length specified. DataLen: 1024 Byte Array: 1179
2019-10-02 10:03:12,112 [5a36316c-6269-4ab0-8563-6514c3376d21@group-33AF00750C36-SegmentedRaftLogWorker] ERROR ratis.XceiverServerRatis (XceiverServerRatis.java:triggerPipelineClose(581)) - pipeline Action CLOSE  on pipeline PipelineID=8ccf886c-f7eb-40bd-be97-33af00750c36.Reason : Log already failed at index 1 for task WriteLog:1: (t:1, i:1), STATEMACHINELOGENTRY, client-DDDA3A36C897, cid=9
2019-10-02 10:03:12,114 [EventQueue-PipelineActionsForPipelineActionHandler] ERROR pipeline.PipelineActionHandler (PipelineActionHandler.java:onMessage(60)) - Received pipeline action CLOSE for Pipeline[ Id: 8ccf886c-f7eb-40bd-be97-33af00750c36, Nodes: f543130f-443f-4ba5-9d6e-59ecbb0ec00a{ip: 192.168.164.250, host: pr-trunk-p5fv4-2201032288, networkLocation: /default-rack, certSerialId: null}5a36316c-6269-4ab0-8563-6514c3376d21{ip: 192.168.164.250, host: pr-trunk-p5fv4-2201032288, networkLocation: /default-rack, certSerialId: null}49e61346-ce49-4850-8dcd-6024868ef21c{ip: 192.168.164.250, host: pr-trunk-p5fv4-2201032288, networkLocation: /default-rack, certSerialId: null}, Type:RATIS, Factor:THREE, State:OPEN] from datanode 5a36316c-6269-4ab0-8563-6514c3376d21{ip: 192.168.164.250, host: pr-trunk-p5fv4-2201032288, networkLocation: /default-rack, certSerialId: null}. Reason : data array does not match the length specified. DataLen: 1024 Byte Array: 1179
2019-10-02 10:03:12,114 [EventQueue-PipelineActionsForPipelineActionHandler] INFO  pipeline.SCMPipelineManager (SCMPipelineManager.java:finalizeAndDestroyPipeline(315)) - destroying pipeline:Pipeline[ Id: 8ccf886c-f7eb-40bd-be97-33af00750c36, Nodes: f543130f-443f-4ba5-9d6e-59ecbb0ec00a{ip: 192.168.164.250, host: pr-trunk-p5fv4-2201032288, networkLocation: /default-rack, certSerialId: null}5a36316c-6269-4ab0-8563-6514c3376d21{ip: 192.168.164.250, host: pr-trunk-p5fv4-2201032288, networkLocation: /default-rack, certSerialId: null}49e61346-ce49-4850-8dcd-6024868ef21c{ip: 192.168.164.250, host: pr-trunk-p5fv4-2201032288, networkLocation: /default-rack, certSerialId: null}, Type:RATIS, Factor:THREE, State:OPEN]
2019-10-02 10:03:12,116 [EventQueue-CloseContainerForCloseContainerEventHandler] INFO  container.CloseContainerEventHandler (CloseContainerEventHandler.java:onMessage(61)) - Close container Event triggered for container : #3
2019-10-02 10:03:12,117 [EventQueue-PipelineActionsForPipelineActionHandler] INFO  pipeline.PipelineStateManager (PipelineStateManager.java:finalizePipeline(123)) - Pipeline Pipeline[ Id: 8ccf886c-f7eb-40bd-be97-33af00750c36, Nodes: f543130f-443f-4ba5-9d6e-59ecbb0ec00a{ip: 192.168.164.250, host: pr-trunk-p5fv4-2201032288, networkLocation: /default-rack, certSerialId: null}5a36316c-6269-4ab0-8563-6514c3376d21{ip: 192.168.164.250, host: pr-trunk-p5fv4-2201032288, networkLocation: /default-rack, certSerialId: null}49e61346-ce49-4850-8dcd-6024868ef21c{ip: 192.168.164.250, host: pr-trunk-p5fv4-2201032288, networkLocation: /default-rack, certSerialId: null}, Type:RATIS, Factor:THREE, State:CLOSED] moved to CLOSED state
2019-10-02 10:03:12,120 [EventQueue-PipelineActionsForPipelineActionHandler] ERROR pipeline.PipelineActionHandler (PipelineActionHandler.java:onMessage(60)) - Received pipeline action CLOSE for Pipeline[ Id: 8ccf886c-f7eb-40bd-be97-33af00750c36, Nodes: f543130f-443f-4ba5-9d6e-59ecbb0ec00a{ip: 192.168.164.250, host: pr-trunk-p5fv4-2201032288, networkLocation: /default-rack, certSerialId: null}5a36316c-6269-4ab0-8563-6514c3376d21{ip: 192.168.164.250, host: pr-trunk-p5fv4-2201032288, networkLocation: /default-rack, certSerialId: null}49e61346-ce49-4850-8dcd-6024868ef21c{ip: 192.168.164.250, host: pr-trunk-p5fv4-2201032288, networkLocation: /default-rack, certSerialId: null}, Type:RATIS, Factor:THREE, State:CLOSED] from datanode 5a36316c-6269-4ab0-8563-6514c3376d21{ip: 192.168.164.250, host: pr-trunk-p5fv4-2201032288, networkLocation: /default-rack, certSerialId: null}. Reason : Log already failed at index 1 for task WriteLog:1: (t:1, i:1), STATEMACHINELOGENTRY, client-DDDA3A36C897, cid=9
2019-10-02 10:03:12,120 [EventQueue-PipelineActionsForPipelineActionHandler] INFO  pipeline.SCMPipelineManager (SCMPipelineManager.java:finalizeAndDestroyPipeline(315)) - destroying pipeline:Pipeline[ Id: 8ccf886c-f7eb-40bd-be97-33af00750c36, Nodes: f543130f-443f-4ba5-9d6e-59ecbb0ec00a{ip: 192.168.164.250, host: pr-trunk-p5fv4-2201032288, networkLocation: /default-rack, certSerialId: null}5a36316c-6269-4ab0-8563-6514c3376d21{ip: 192.168.164.250, host: pr-trunk-p5fv4-2201032288, networkLocation: /default-rack, certSerialId: null}49e61346-ce49-4850-8dcd-6024868ef21c{ip: 192.168.164.250, host: pr-trunk-p5fv4-2201032288, networkLocation: /default-rack, certSerialId: null}, Type:RATIS, Factor:THREE, State:CLOSED]
2019-10-02 10:03:12,122 [EventQueue-CloseContainerForCloseContainerEventHandler] INFO  container.CloseContainerEventHandler (CloseContainerEventHandler.java:onMessage(61)) - Close container Event triggered for container : #1
2019-10-02 10:03:12,123 [EventQueue-CloseContainerForCloseContainerEventHandler] INFO  container.CloseContainerEventHandler (CloseContainerEventHandler.java:onMessage(61)) - Close container Event triggered for container : #2
2019-10-02 10:03:12,123 [EventQueue-CloseContainerForCloseContainerEventHandler] INFO  container.CloseContainerEventHandler (CloseContainerEventHandler.java:onMessage(61)) - Close container Event triggered for container : #3
2019-10-02 10:03:12,123 [EventQueue-CloseContainerForCloseContainerEventHandler] INFO  container.CloseContainerEventHandler (CloseContainerEventHandler.java:onMessage(61)) - Close container Event triggered for container : #1
2019-10-02 10:03:12,124 [EventQueue-CloseContainerForCloseContainerEventHandler] INFO  container.CloseContainerEventHandler (CloseContainerEventHandler.java:onMessage(61)) - Close container Event triggered for container : #2
2019-10-02 10:03:13,731 [Command processor thread] ERROR commandhandler.CloseContainerCommandHandler (CloseContainerCommandHandler.java:handle(84)) - Container #1 does not exist in datanode. Container close failed.
2019-10-02 10:03:13,733 [Command processor thread] ERROR commandhandler.CloseContainerCommandHandler (CloseContainerCommandHandler.java:handle(84)) - Container #2 does not exist in datanode. Container close failed.
2019-10-02 10:03:13,733 [Command processor thread] ERROR commandhandler.CloseContainerCommandHandler (CloseContainerCommandHandler.java:handle(84)) - Container #1 does not exist in datanode. Container close failed.
2019-10-02 10:03:13,733 [Command processor thread] ERROR commandhandler.CloseContainerCommandHandler (CloseContainerCommandHandler.java:handle(84)) - Container #2 does not exist in datanode. Container close failed.
2019-10-02 10:03:13,957 [Command processor thread] ERROR commandhandler.CloseContainerCommandHandler (CloseContainerCommandHandler.java:handle(84)) - Container #1 does not exist in datanode. Container close failed.
2019-10-02 10:03:13,960 [Command processor thread] ERROR commandhandler.CloseContainerCommandHandler (CloseContainerCommandHandler.java:handle(84)) - Container #2 does not exist in datanode. Container close failed.
2019-10-02 10:03:13,960 [Command processor thread] ERROR commandhandler.CloseContainerCommandHandler (CloseContainerCommandHandler.java:handle(84)) - Container #1 does not exist in datanode. Container close failed.
2019-10-02 10:03:13,960 [Command processor thread] ERROR commandhandler.CloseContainerCommandHandler (CloseContainerCommandHandler.java:handle(84)) - Container #2 does not exist in datanode. Container close failed.
2019-10-02 10:03:14,103 [Command processor thread] ERROR commandhandler.CloseContainerCommandHandler (CloseContainerCommandHandler.java:handle(84)) - Container #1 does not exist in datanode. Container close failed.
2019-10-02 10:03:14,103 [Command processor thread] ERROR commandhandler.CloseContainerCommandHandler (CloseContainerCommandHandler.java:handle(84)) - Container #2 does not exist in datanode. Container close failed.
2019-10-02 10:03:14,104 [Command processor thread] ERROR commandhandler.CloseContainerCommandHandler (CloseContainerCommandHandler.java:handle(84)) - Container #1 does not exist in datanode. Container close failed.
2019-10-02 10:03:14,104 [Command processor thread] ERROR commandhandler.CloseContainerCommandHandler (CloseContainerCommandHandler.java:handle(84)) - Container #2 does not exist in datanode. Container close failed.
2019-10-02 10:03:14,907 [java.util.concurrent.ThreadPoolExecutor$Worker@e6dc2a1[State = -1, empty queue]] ERROR client.GrpcClientProtocolClient (GrpcClientProtocolClient.java:close(148)) - Unexpected exception while waiting for channel termination
java.lang.InterruptedException
	at java.util.concurrent.locks.AbstractQueuedSynchronizer.tryAcquireSharedNanos(AbstractQueuedSynchronizer.java:1326)
	at java.util.concurrent.CountDownLatch.await(CountDownLatch.java:277)
	at org.apache.ratis.thirdparty.io.grpc.internal.ManagedChannelImpl.awaitTermination(ManagedChannelImpl.java:763)
	at org.apache.ratis.thirdparty.io.grpc.internal.ForwardingManagedChannel.awaitTermination(ForwardingManagedChannel.java:57)
	at org.apache.ratis.thirdparty.io.grpc.internal.ManagedChannelOrphanWrapper.awaitTermination(ManagedChannelOrphanWrapper.java:70)
	at org.apache.ratis.grpc.client.GrpcClientProtocolClient.close(GrpcClientProtocolClient.java:146)
	at org.apache.ratis.util.PeerProxyMap$PeerAndProxy.lambda$close$1(PeerProxyMap.java:74)
	at org.apache.ratis.util.LifeCycle.lambda$checkStateAndClose$2(LifeCycle.java:231)
	at org.apache.ratis.util.LifeCycle.checkStateAndClose(LifeCycle.java:251)
	at org.apache.ratis.util.LifeCycle.checkStateAndClose(LifeCycle.java:229)
	at org.apache.ratis.util.PeerProxyMap$PeerAndProxy.close(PeerProxyMap.java:70)
	at org.apache.ratis.util.PeerProxyMap.resetProxy(PeerProxyMap.java:127)
	at org.apache.ratis.util.PeerProxyMap.handleException(PeerProxyMap.java:136)
	at org.apache.ratis.client.impl.RaftClientRpcWithProxy.handleException(RaftClientRpcWithProxy.java:47)
	at org.apache.ratis.client.impl.RaftClientImpl.handleIOException(RaftClientImpl.java:372)
	at org.apache.ratis.client.impl.OrderedAsync.lambda$sendRequest$10(OrderedAsync.java:236)
	at java.util.concurrent.CompletableFuture.uniExceptionally(CompletableFuture.java:870)
	at java.util.concurrent.CompletableFuture$UniExceptionally.tryFire(CompletableFuture.java:852)
	at java.util.concurrent.CompletableFuture.postComplete(CompletableFuture.java:474)
	at java.util.concurrent.CompletableFuture.completeExceptionally(CompletableFuture.java:1977)
	at org.apache.ratis.grpc.client.GrpcClientProtocolClient$AsyncStreamObservers.lambda$timeoutCheck$3(GrpcClientProtocolClient.java:324)
	at java.util.Optional.ifPresent(Optional.java:159)
	at org.apache.ratis.grpc.client.GrpcClientProtocolClient$AsyncStreamObservers.handleReplyFuture(GrpcClientProtocolClient.java:329)
	at org.apache.ratis.grpc.client.GrpcClientProtocolClient$AsyncStreamObservers.timeoutCheck(GrpcClientProtocolClient.java:324)
	at org.apache.ratis.grpc.client.GrpcClientProtocolClient$AsyncStreamObservers.lambda$onNext$1(GrpcClientProtocolClient.java:318)
	at org.apache.ratis.util.TimeoutScheduler.lambda$onTimeout$0(TimeoutScheduler.java:113)
	at org.apache.ratis.util.TimeoutScheduler.lambda$onTimeout$1(TimeoutScheduler.java:133)
	at org.apache.ratis.util.LogUtils.runAndLog(LogUtils.java:50)
	at org.apache.ratis.util.LogUtils$1.run(LogUtils.java:91)
	at java.util.concurrent.Executors$RunnableAdapter.call(Executors.java:511)
	at java.util.concurrent.FutureTask.run(FutureTask.java:266)
	at java.util.concurrent.ScheduledThreadPoolExecutor$ScheduledFutureTask.access$201(ScheduledThreadPoolExecutor.java:180)
	at java.util.concurrent.ScheduledThreadPoolExecutor$ScheduledFutureTask.run(ScheduledThreadPoolExecutor.java:293)
	at java.util.concurrent.ThreadPoolExecutor.runWorker(ThreadPoolExecutor.java:1149)
	at java.util.concurrent.ThreadPoolExecutor$Worker.run(ThreadPoolExecutor.java:624)
	at java.lang.Thread.run(Thread.java:748)
2019-10-02 10:03:14,910 [java.util.concurrent.ThreadPoolExecutor$Worker@e6dc2a1[State = -1, empty queue]] WARN  util.TimeoutScheduler (LogUtils.java:runAndLog(55)) - Failed to task #0: java.lang.NullPointerException
2019-10-02 10:03:18,945 [java.util.concurrent.ThreadPoolExecutor$Worker@14f922c0[State = -1, empty queue]] ERROR client.GrpcClientProtocolClient (GrpcClientProtocolClient.java:close(148)) - Unexpected exception while waiting for channel termination
java.lang.InterruptedException
	at java.util.concurrent.locks.AbstractQueuedSynchronizer.tryAcquireSharedNanos(AbstractQueuedSynchronizer.java:1326)
	at java.util.concurrent.CountDownLatch.await(CountDownLatch.java:277)
	at org.apache.ratis.thirdparty.io.grpc.internal.ManagedChannelImpl.awaitTermination(ManagedChannelImpl.java:763)
	at org.apache.ratis.thirdparty.io.grpc.internal.ForwardingManagedChannel.awaitTermination(ForwardingManagedChannel.java:57)
	at org.apache.ratis.thirdparty.io.grpc.internal.ManagedChannelOrphanWrapper.awaitTermination(ManagedChannelOrphanWrapper.java:70)
	at org.apache.ratis.grpc.client.GrpcClientProtocolClient.close(GrpcClientProtocolClient.java:146)
	at org.apache.ratis.util.PeerProxyMap$PeerAndProxy.lambda$close$1(PeerProxyMap.java:74)
	at org.apache.ratis.util.LifeCycle.lambda$checkStateAndClose$2(LifeCycle.java:231)
	at org.apache.ratis.util.LifeCycle.checkStateAndClose(LifeCycle.java:251)
	at org.apache.ratis.util.LifeCycle.checkStateAndClose(LifeCycle.java:229)
	at org.apache.ratis.util.PeerProxyMap$PeerAndProxy.close(PeerProxyMap.java:70)
	at org.apache.ratis.util.PeerProxyMap.resetProxy(PeerProxyMap.java:127)
	at org.apache.ratis.util.PeerProxyMap.handleException(PeerProxyMap.java:136)
	at org.apache.ratis.client.impl.RaftClientRpcWithProxy.handleException(RaftClientRpcWithProxy.java:47)
	at org.apache.ratis.client.impl.RaftClientImpl.handleIOException(RaftClientImpl.java:372)
	at org.apache.ratis.client.impl.OrderedAsync.lambda$sendRequest$10(OrderedAsync.java:236)
	at java.util.concurrent.CompletableFuture.uniExceptionally(CompletableFuture.java:870)
	at java.util.concurrent.CompletableFuture$UniExceptionally.tryFire(CompletableFuture.java:852)
	at java.util.concurrent.CompletableFuture.postComplete(CompletableFuture.java:474)
	at java.util.concurrent.CompletableFuture.completeExceptionally(CompletableFuture.java:1977)
	at org.apache.ratis.grpc.client.GrpcClientProtocolClient$AsyncStreamObservers.lambda$timeoutCheck$3(GrpcClientProtocolClient.java:324)
	at java.util.Optional.ifPresent(Optional.java:159)
	at org.apache.ratis.grpc.client.GrpcClientProtocolClient$AsyncStreamObservers.handleReplyFuture(GrpcClientProtocolClient.java:329)
	at org.apache.ratis.grpc.client.GrpcClientProtocolClient$AsyncStreamObservers.timeoutCheck(GrpcClientProtocolClient.java:324)
	at org.apache.ratis.grpc.client.GrpcClientProtocolClient$AsyncStreamObservers.lambda$onNext$1(GrpcClientProtocolClient.java:318)
	at org.apache.ratis.util.TimeoutScheduler.lambda$onTimeout$0(TimeoutScheduler.java:113)
	at org.apache.ratis.util.TimeoutScheduler.lambda$onTimeout$1(TimeoutScheduler.java:133)
	at org.apache.ratis.util.LogUtils.runAndLog(LogUtils.java:50)
	at org.apache.ratis.util.LogUtils$1.run(LogUtils.java:91)
	at java.util.concurrent.Executors$RunnableAdapter.call(Executors.java:511)
	at java.util.concurrent.FutureTask.run(FutureTask.java:266)
	at java.util.concurrent.ScheduledThreadPoolExecutor$ScheduledFutureTask.access$201(ScheduledThreadPoolExecutor.java:180)
	at java.util.concurrent.ScheduledThreadPoolExecutor$ScheduledFutureTask.run(ScheduledThreadPoolExecutor.java:293)
	at java.util.concurrent.ThreadPoolExecutor.runWorker(ThreadPoolExecutor.java:1149)
	at java.util.concurrent.ThreadPoolExecutor$Worker.run(ThreadPoolExecutor.java:624)
	at java.lang.Thread.run(Thread.java:748)
2019-10-02 10:03:18,947 [java.util.concurrent.ThreadPoolExecutor$Worker@14f922c0[State = -1, empty queue]] WARN  util.TimeoutScheduler (LogUtils.java:runAndLog(55)) - Failed to task #0: java.lang.NullPointerException
2019-10-02 10:03:22,986 [java.util.concurrent.ThreadPoolExecutor$Worker@54a1189f[State = -1, empty queue]] ERROR client.GrpcClientProtocolClient (GrpcClientProtocolClient.java:close(148)) - Unexpected exception while waiting for channel termination
java.lang.InterruptedException
	at java.util.concurrent.locks.AbstractQueuedSynchronizer.tryAcquireSharedNanos(AbstractQueuedSynchronizer.java:1326)
	at java.util.concurrent.CountDownLatch.await(CountDownLatch.java:277)
	at org.apache.ratis.thirdparty.io.grpc.internal.ManagedChannelImpl.awaitTermination(ManagedChannelImpl.java:763)
	at org.apache.ratis.thirdparty.io.grpc.internal.ForwardingManagedChannel.awaitTermination(ForwardingManagedChannel.java:57)
	at org.apache.ratis.thirdparty.io.grpc.internal.ManagedChannelOrphanWrapper.awaitTermination(ManagedChannelOrphanWrapper.java:70)
	at org.apache.ratis.grpc.client.GrpcClientProtocolClient.close(GrpcClientProtocolClient.java:146)
	at org.apache.ratis.util.PeerProxyMap$PeerAndProxy.lambda$close$1(PeerProxyMap.java:74)
	at org.apache.ratis.util.LifeCycle.lambda$checkStateAndClose$2(LifeCycle.java:231)
	at org.apache.ratis.util.LifeCycle.checkStateAndClose(LifeCycle.java:251)
	at org.apache.ratis.util.LifeCycle.checkStateAndClose(LifeCycle.java:229)
	at org.apache.ratis.util.PeerProxyMap$PeerAndProxy.close(PeerProxyMap.java:70)
	at org.apache.ratis.util.PeerProxyMap.resetProxy(PeerProxyMap.java:127)
	at org.apache.ratis.util.PeerProxyMap.handleException(PeerProxyMap.java:136)
	at org.apache.ratis.client.impl.RaftClientRpcWithProxy.handleException(RaftClientRpcWithProxy.java:47)
	at org.apache.ratis.client.impl.RaftClientImpl.handleIOException(RaftClientImpl.java:372)
	at org.apache.ratis.client.impl.OrderedAsync.lambda$sendRequest$10(OrderedAsync.java:236)
	at java.util.concurrent.CompletableFuture.uniExceptionally(CompletableFuture.java:870)
	at java.util.concurrent.CompletableFuture$UniExceptionally.tryFire(CompletableFuture.java:852)
	at java.util.concurrent.CompletableFuture.postComplete(CompletableFuture.java:474)
	at java.util.concurrent.CompletableFuture.completeExceptionally(CompletableFuture.java:1977)
	at org.apache.ratis.grpc.client.GrpcClientProtocolClient$AsyncStreamObservers.lambda$timeoutCheck$3(GrpcClientProtocolClient.java:324)
	at java.util.Optional.ifPresent(Optional.java:159)
	at org.apache.ratis.grpc.client.GrpcClientProtocolClient$AsyncStreamObservers.handleReplyFuture(GrpcClientProtocolClient.java:329)
	at org.apache.ratis.grpc.client.GrpcClientProtocolClient$AsyncStreamObservers.timeoutCheck(GrpcClientProtocolClient.java:324)
	at org.apache.ratis.grpc.client.GrpcClientProtocolClient$AsyncStreamObservers.lambda$onNext$1(GrpcClientProtocolClient.java:318)
	at org.apache.ratis.util.TimeoutScheduler.lambda$onTimeout$0(TimeoutScheduler.java:113)
	at org.apache.ratis.util.TimeoutScheduler.lambda$onTimeout$1(TimeoutScheduler.java:133)
	at org.apache.ratis.util.LogUtils.runAndLog(LogUtils.java:50)
	at org.apache.ratis.util.LogUtils$1.run(LogUtils.java:91)
	at java.util.concurrent.Executors$RunnableAdapter.call(Executors.java:511)
	at java.util.concurrent.FutureTask.run(FutureTask.java:266)
	at java.util.concurrent.ScheduledThreadPoolExecutor$ScheduledFutureTask.access$201(ScheduledThreadPoolExecutor.java:180)
	at java.util.concurrent.ScheduledThreadPoolExecutor$ScheduledFutureTask.run(ScheduledThreadPoolExecutor.java:293)
	at java.util.concurrent.ThreadPoolExecutor.runWorker(ThreadPoolExecutor.java:1149)
	at java.util.concurrent.ThreadPoolExecutor$Worker.run(ThreadPoolExecutor.java:624)
	at java.lang.Thread.run(Thread.java:748)
2019-10-02 10:03:22,989 [java.util.concurrent.ThreadPoolExecutor$Worker@54a1189f[State = -1, empty queue]] WARN  util.TimeoutScheduler (LogUtils.java:runAndLog(55)) - Failed to task #0: java.lang.NullPointerException
2019-10-02 10:03:27,024 [java.util.concurrent.ThreadPoolExecutor$Worker@46636acd[State = -1, empty queue]] ERROR client.GrpcClientProtocolClient (GrpcClientProtocolClient.java:close(148)) - Unexpected exception while waiting for channel termination
java.lang.InterruptedException
	at java.util.concurrent.locks.AbstractQueuedSynchronizer.tryAcquireSharedNanos(AbstractQueuedSynchronizer.java:1326)
	at java.util.concurrent.CountDownLatch.await(CountDownLatch.java:277)
	at org.apache.ratis.thirdparty.io.grpc.internal.ManagedChannelImpl.awaitTermination(ManagedChannelImpl.java:763)
	at org.apache.ratis.thirdparty.io.grpc.internal.ForwardingManagedChannel.awaitTermination(ForwardingManagedChannel.java:57)
	at org.apache.ratis.thirdparty.io.grpc.internal.ManagedChannelOrphanWrapper.awaitTermination(ManagedChannelOrphanWrapper.java:70)
	at org.apache.ratis.grpc.client.GrpcClientProtocolClient.close(GrpcClientProtocolClient.java:146)
	at org.apache.ratis.util.PeerProxyMap$PeerAndProxy.lambda$close$1(PeerProxyMap.java:74)
	at org.apache.ratis.util.LifeCycle.lambda$checkStateAndClose$2(LifeCycle.java:231)
	at org.apache.ratis.util.LifeCycle.checkStateAndClose(LifeCycle.java:251)
	at org.apache.ratis.util.LifeCycle.checkStateAndClose(LifeCycle.java:229)
	at org.apache.ratis.util.PeerProxyMap$PeerAndProxy.close(PeerProxyMap.java:70)
	at org.apache.ratis.util.PeerProxyMap.resetProxy(PeerProxyMap.java:127)
	at org.apache.ratis.util.PeerProxyMap.handleException(PeerProxyMap.java:136)
	at org.apache.ratis.client.impl.RaftClientRpcWithProxy.handleException(RaftClientRpcWithProxy.java:47)
	at org.apache.ratis.client.impl.RaftClientImpl.handleIOException(RaftClientImpl.java:372)
	at org.apache.ratis.client.impl.OrderedAsync.lambda$sendRequest$10(OrderedAsync.java:236)
	at java.util.concurrent.CompletableFuture.uniExceptionally(CompletableFuture.java:870)
	at java.util.concurrent.CompletableFuture$UniExceptionally.tryFire(CompletableFuture.java:852)
	at java.util.concurrent.CompletableFuture.postComplete(CompletableFuture.java:474)
	at java.util.concurrent.CompletableFuture.completeExceptionally(CompletableFuture.java:1977)
	at org.apache.ratis.grpc.client.GrpcClientProtocolClient$AsyncStreamObservers.lambda$timeoutCheck$3(GrpcClientProtocolClient.java:324)
	at java.util.Optional.ifPresent(Optional.java:159)
	at org.apache.ratis.grpc.client.GrpcClientProtocolClient$AsyncStreamObservers.handleReplyFuture(GrpcClientProtocolClient.java:329)
	at org.apache.ratis.grpc.client.GrpcClientProtocolClient$AsyncStreamObservers.timeoutCheck(GrpcClientProtocolClient.java:324)
	at org.apache.ratis.grpc.client.GrpcClientProtocolClient$AsyncStreamObservers.lambda$onNext$1(GrpcClientProtocolClient.java:318)
	at org.apache.ratis.util.TimeoutScheduler.lambda$onTimeout$0(TimeoutScheduler.java:113)
	at org.apache.ratis.util.TimeoutScheduler.lambda$onTimeout$1(TimeoutScheduler.java:133)
	at org.apache.ratis.util.LogUtils.runAndLog(LogUtils.java:50)
	at org.apache.ratis.util.LogUtils$1.run(LogUtils.java:91)
	at java.util.concurrent.Executors$RunnableAdapter.call(Executors.java:511)
	at java.util.concurrent.FutureTask.run(FutureTask.java:266)
	at java.util.concurrent.ScheduledThreadPoolExecutor$ScheduledFutureTask.access$201(ScheduledThreadPoolExecutor.java:180)
	at java.util.concurrent.ScheduledThreadPoolExecutor$ScheduledFutureTask.run(ScheduledThreadPoolExecutor.java:293)
	at java.util.concurrent.ThreadPoolExecutor.runWorker(ThreadPoolExecutor.java:1149)
	at java.util.concurrent.ThreadPoolExecutor$Worker.run(ThreadPoolExecutor.java:624)
	at java.lang.Thread.run(Thread.java:748)
2019-10-02 10:03:27,025 [java.util.concurrent.ThreadPoolExecutor$Worker@46636acd[State = -1, empty queue]] WARN  util.TimeoutScheduler (LogUtils.java:runAndLog(55)) - Failed to task #0: java.lang.NullPointerException
2019-10-02 10:03:31,059 [java.util.concurrent.ThreadPoolExecutor$Worker@7f5acaa0[State = -1, empty queue]] ERROR client.GrpcClientProtocolClient (GrpcClientProtocolClient.java:close(148)) - Unexpected exception while waiting for channel termination
java.lang.InterruptedException
	at java.util.concurrent.locks.AbstractQueuedSynchronizer.tryAcquireSharedNanos(AbstractQueuedSynchronizer.java:1326)
	at java.util.concurrent.CountDownLatch.await(CountDownLatch.java:277)
	at org.apache.ratis.thirdparty.io.grpc.internal.ManagedChannelImpl.awaitTermination(ManagedChannelImpl.java:763)
	at org.apache.ratis.thirdparty.io.grpc.internal.ForwardingManagedChannel.awaitTermination(ForwardingManagedChannel.java:57)
	at org.apache.ratis.thirdparty.io.grpc.internal.ManagedChannelOrphanWrapper.awaitTermination(ManagedChannelOrphanWrapper.java:70)
	at org.apache.ratis.grpc.client.GrpcClientProtocolClient.close(GrpcClientProtocolClient.java:146)
	at org.apache.ratis.util.PeerProxyMap$PeerAndProxy.lambda$close$1(PeerProxyMap.java:74)
	at org.apache.ratis.util.LifeCycle.lambda$checkStateAndClose$2(LifeCycle.java:231)
	at org.apache.ratis.util.LifeCycle.checkStateAndClose(LifeCycle.java:251)
	at org.apache.ratis.util.LifeCycle.checkStateAndClose(LifeCycle.java:229)
	at org.apache.ratis.util.PeerProxyMap$PeerAndProxy.close(PeerProxyMap.java:70)
	at org.apache.ratis.util.PeerProxyMap.resetProxy(PeerProxyMap.java:127)
	at org.apache.ratis.util.PeerProxyMap.handleException(PeerProxyMap.java:136)
	at org.apache.ratis.client.impl.RaftClientRpcWithProxy.handleException(RaftClientRpcWithProxy.java:47)
	at org.apache.ratis.client.impl.RaftClientImpl.handleIOException(RaftClientImpl.java:372)
	at org.apache.ratis.client.impl.OrderedAsync.lambda$sendRequest$10(OrderedAsync.java:236)
	at java.util.concurrent.CompletableFuture.uniExceptionally(CompletableFuture.java:870)
	at java.util.concurrent.CompletableFuture$UniExceptionally.tryFire(CompletableFuture.java:852)
	at java.util.concurrent.CompletableFuture.postComplete(CompletableFuture.java:474)
	at java.util.concurrent.CompletableFuture.completeExceptionally(CompletableFuture.java:1977)
	at org.apache.ratis.grpc.client.GrpcClientProtocolClient$AsyncStreamObservers.lambda$timeoutCheck$3(GrpcClientProtocolClient.java:324)
	at java.util.Optional.ifPresent(Optional.java:159)
	at org.apache.ratis.grpc.client.GrpcClientProtocolClient$AsyncStreamObservers.handleReplyFuture(GrpcClientProtocolClient.java:329)
	at org.apache.ratis.grpc.client.GrpcClientProtocolClient$AsyncStreamObservers.timeoutCheck(GrpcClientProtocolClient.java:324)
	at org.apache.ratis.grpc.client.GrpcClientProtocolClient$AsyncStreamObservers.lambda$onNext$1(GrpcClientProtocolClient.java:318)
	at org.apache.ratis.util.TimeoutScheduler.lambda$onTimeout$0(TimeoutScheduler.java:113)
	at org.apache.ratis.util.TimeoutScheduler.lambda$onTimeout$1(TimeoutScheduler.java:133)
	at org.apache.ratis.util.LogUtils.runAndLog(LogUtils.java:50)
	at org.apache.ratis.util.LogUtils$1.run(LogUtils.java:91)
	at java.util.concurrent.Executors$RunnableAdapter.call(Executors.java:511)
	at java.util.concurrent.FutureTask.run(FutureTask.java:266)
	at java.util.concurrent.ScheduledThreadPoolExecutor$ScheduledFutureTask.access$201(ScheduledThreadPoolExecutor.java:180)
	at java.util.concurrent.ScheduledThreadPoolExecutor$ScheduledFutureTask.run(ScheduledThreadPoolExecutor.java:293)
	at java.util.concurrent.ThreadPoolExecutor.runWorker(ThreadPoolExecutor.java:1149)
	at java.util.concurrent.ThreadPoolExecutor$Worker.run(ThreadPoolExecutor.java:624)
	at java.lang.Thread.run(Thread.java:748)
2019-10-02 10:03:31,063 [java.util.concurrent.ThreadPoolExecutor$Worker@7f5acaa0[State = -1, empty queue]] WARN  util.TimeoutScheduler (LogUtils.java:runAndLog(55)) - Failed to task #0: java.lang.NullPointerException
2019-10-02 10:03:35,103 [java.util.concurrent.ThreadPoolExecutor$Worker@16b51998[State = -1, empty queue]] ERROR client.GrpcClientProtocolClient (GrpcClientProtocolClient.java:close(148)) - Unexpected exception while waiting for channel termination
java.lang.InterruptedException
	at java.util.concurrent.locks.AbstractQueuedSynchronizer.tryAcquireSharedNanos(AbstractQueuedSynchronizer.java:1326)
	at java.util.concurrent.CountDownLatch.await(CountDownLatch.java:277)
	at org.apache.ratis.thirdparty.io.grpc.internal.ManagedChannelImpl.awaitTermination(ManagedChannelImpl.java:763)
	at org.apache.ratis.thirdparty.io.grpc.internal.ForwardingManagedChannel.awaitTermination(ForwardingManagedChannel.java:57)
	at org.apache.ratis.thirdparty.io.grpc.internal.ManagedChannelOrphanWrapper.awaitTermination(ManagedChannelOrphanWrapper.java:70)
	at org.apache.ratis.grpc.client.GrpcClientProtocolClient.close(GrpcClientProtocolClient.java:146)
	at org.apache.ratis.util.PeerProxyMap$PeerAndProxy.lambda$close$1(PeerProxyMap.java:74)
	at org.apache.ratis.util.LifeCycle.lambda$checkStateAndClose$2(LifeCycle.java:231)
	at org.apache.ratis.util.LifeCycle.checkStateAndClose(LifeCycle.java:251)
	at org.apache.ratis.util.LifeCycle.checkStateAndClose(LifeCycle.java:229)
	at org.apache.ratis.util.PeerProxyMap$PeerAndProxy.close(PeerProxyMap.java:70)
	at org.apache.ratis.util.PeerProxyMap.resetProxy(PeerProxyMap.java:127)
	at org.apache.ratis.util.PeerProxyMap.handleException(PeerProxyMap.java:136)
	at org.apache.ratis.client.impl.RaftClientRpcWithProxy.handleException(RaftClientRpcWithProxy.java:47)
	at org.apache.ratis.client.impl.RaftClientImpl.handleIOException(RaftClientImpl.java:372)
	at org.apache.ratis.client.impl.OrderedAsync.lambda$sendRequest$10(OrderedAsync.java:236)
	at java.util.concurrent.CompletableFuture.uniExceptionally(CompletableFuture.java:870)
	at java.util.concurrent.CompletableFuture$UniExceptionally.tryFire(CompletableFuture.java:852)
	at java.util.concurrent.CompletableFuture.postComplete(CompletableFuture.java:474)
	at java.util.concurrent.CompletableFuture.completeExceptionally(CompletableFuture.java:1977)
	at org.apache.ratis.grpc.client.GrpcClientProtocolClient$AsyncStreamObservers.lambda$timeoutCheck$3(GrpcClientProtocolClient.java:324)
	at java.util.Optional.ifPresent(Optional.java:159)
	at org.apache.ratis.grpc.client.GrpcClientProtocolClient$AsyncStreamObservers.handleReplyFuture(GrpcClientProtocolClient.java:329)
	at org.apache.ratis.grpc.client.GrpcClientProtocolClient$AsyncStreamObservers.timeoutCheck(GrpcClientProtocolClient.java:324)
	at org.apache.ratis.grpc.client.GrpcClientProtocolClient$AsyncStreamObservers.lambda$onNext$1(GrpcClientProtocolClient.java:318)
	at org.apache.ratis.util.TimeoutScheduler.lambda$onTimeout$0(TimeoutScheduler.java:113)
	at org.apache.ratis.util.TimeoutScheduler.lambda$onTimeout$1(TimeoutScheduler.java:133)
	at org.apache.ratis.util.LogUtils.runAndLog(LogUtils.java:50)
	at org.apache.ratis.util.LogUtils$1.run(LogUtils.java:91)
	at java.util.concurrent.Executors$RunnableAdapter.call(Executors.java:511)
	at java.util.concurrent.FutureTask.run(FutureTask.java:266)
	at java.util.concurrent.ScheduledThreadPoolExecutor$ScheduledFutureTask.access$201(ScheduledThreadPoolExecutor.java:180)
	at java.util.concurrent.ScheduledThreadPoolExecutor$ScheduledFutureTask.run(ScheduledThreadPoolExecutor.java:293)
	at java.util.concurrent.ThreadPoolExecutor.runWorker(ThreadPoolExecutor.java:1149)
	at java.util.concurrent.ThreadPoolExecutor$Worker.run(ThreadPoolExecutor.java:624)
	at java.lang.Thread.run(Thread.java:748)
2019-10-02 10:03:35,105 [java.util.concurrent.ThreadPoolExecutor$Worker@16b51998[State = -1, empty queue]] WARN  util.TimeoutScheduler (LogUtils.java:runAndLog(55)) - Failed to task #0: java.lang.NullPointerException
2019-10-02 10:03:39,154 [java.util.concurrent.ThreadPoolExecutor$Worker@79ef3e4f[State = -1, empty queue]] ERROR client.GrpcClientProtocolClient (GrpcClientProtocolClient.java:close(148)) - Unexpected exception while waiting for channel termination
java.lang.InterruptedException
	at java.util.concurrent.locks.AbstractQueuedSynchronizer.tryAcquireSharedNanos(AbstractQueuedSynchronizer.java:1326)
	at java.util.concurrent.CountDownLatch.await(CountDownLatch.java:277)
	at org.apache.ratis.thirdparty.io.grpc.internal.ManagedChannelImpl.awaitTermination(ManagedChannelImpl.java:763)
	at org.apache.ratis.thirdparty.io.grpc.internal.ForwardingManagedChannel.awaitTermination(ForwardingManagedChannel.java:57)
	at org.apache.ratis.thirdparty.io.grpc.internal.ManagedChannelOrphanWrapper.awaitTermination(ManagedChannelOrphanWrapper.java:70)
	at org.apache.ratis.grpc.client.GrpcClientProtocolClient.close(GrpcClientProtocolClient.java:146)
	at org.apache.ratis.util.PeerProxyMap$PeerAndProxy.lambda$close$1(PeerProxyMap.java:74)
	at org.apache.ratis.util.LifeCycle.lambda$checkStateAndClose$2(LifeCycle.java:231)
	at org.apache.ratis.util.LifeCycle.checkStateAndClose(LifeCycle.java:251)
	at org.apache.ratis.util.LifeCycle.checkStateAndClose(LifeCycle.java:229)
	at org.apache.ratis.util.PeerProxyMap$PeerAndProxy.close(PeerProxyMap.java:70)
	at org.apache.ratis.util.PeerProxyMap.resetProxy(PeerProxyMap.java:127)
	at org.apache.ratis.util.PeerProxyMap.handleException(PeerProxyMap.java:136)
	at org.apache.ratis.client.impl.RaftClientRpcWithProxy.handleException(RaftClientRpcWithProxy.java:47)
	at org.apache.ratis.client.impl.RaftClientImpl.handleIOException(RaftClientImpl.java:372)
	at org.apache.ratis.client.impl.OrderedAsync.lambda$sendRequest$10(OrderedAsync.java:236)
	at java.util.concurrent.CompletableFuture.uniExceptionally(CompletableFuture.java:870)
	at java.util.concurrent.CompletableFuture$UniExceptionally.tryFire(CompletableFuture.java:852)
	at java.util.concurrent.CompletableFuture.postComplete(CompletableFuture.java:474)
	at java.util.concurrent.CompletableFuture.completeExceptionally(CompletableFuture.java:1977)
	at org.apache.ratis.grpc.client.GrpcClientProtocolClient$AsyncStreamObservers.lambda$timeoutCheck$3(GrpcClientProtocolClient.java:324)
	at java.util.Optional.ifPresent(Optional.java:159)
	at org.apache.ratis.grpc.client.GrpcClientProtocolClient$AsyncStreamObservers.handleReplyFuture(GrpcClientProtocolClient.java:329)
	at org.apache.ratis.grpc.client.GrpcClientProtocolClient$AsyncStreamObservers.timeoutCheck(GrpcClientProtocolClient.java:324)
	at org.apache.ratis.grpc.client.GrpcClientProtocolClient$AsyncStreamObservers.lambda$onNext$1(GrpcClientProtocolClient.java:318)
	at org.apache.ratis.util.TimeoutScheduler.lambda$onTimeout$0(TimeoutScheduler.java:113)
	at org.apache.ratis.util.TimeoutScheduler.lambda$onTimeout$1(TimeoutScheduler.java:133)
	at org.apache.ratis.util.LogUtils.runAndLog(LogUtils.java:50)
	at org.apache.ratis.util.LogUtils$1.run(LogUtils.java:91)
	at java.util.concurrent.Executors$RunnableAdapter.call(Executors.java:511)
	at java.util.concurrent.FutureTask.run(FutureTask.java:266)
	at java.util.concurrent.ScheduledThreadPoolExecutor$ScheduledFutureTask.access$201(ScheduledThreadPoolExecutor.java:180)
	at java.util.concurrent.ScheduledThreadPoolExecutor$ScheduledFutureTask.run(ScheduledThreadPoolExecutor.java:293)
	at java.util.concurrent.ThreadPoolExecutor.runWorker(ThreadPoolExecutor.java:1149)
	at java.util.concurrent.ThreadPoolExecutor$Worker.run(ThreadPoolExecutor.java:624)
	at java.lang.Thread.run(Thread.java:748)
2019-10-02 10:03:39,155 [java.util.concurrent.ThreadPoolExecutor$Worker@79ef3e4f[State = -1, empty queue]] WARN  util.TimeoutScheduler (LogUtils.java:runAndLog(55)) - Failed to task #0: java.lang.NullPointerException
2019-10-02 10:03:43,203 [java.util.concurrent.ThreadPoolExecutor$Worker@4dde4a23[State = -1, empty queue]] ERROR client.GrpcClientProtocolClient (GrpcClientProtocolClient.java:close(148)) - Unexpected exception while waiting for channel termination
java.lang.InterruptedException
	at java.util.concurrent.locks.AbstractQueuedSynchronizer.tryAcquireSharedNanos(AbstractQueuedSynchronizer.java:1326)
	at java.util.concurrent.CountDownLatch.await(CountDownLatch.java:277)
	at org.apache.ratis.thirdparty.io.grpc.internal.ManagedChannelImpl.awaitTermination(ManagedChannelImpl.java:763)
	at org.apache.ratis.thirdparty.io.grpc.internal.ForwardingManagedChannel.awaitTermination(ForwardingManagedChannel.java:57)
	at org.apache.ratis.thirdparty.io.grpc.internal.ManagedChannelOrphanWrapper.awaitTermination(ManagedChannelOrphanWrapper.java:70)
	at org.apache.ratis.grpc.client.GrpcClientProtocolClient.close(GrpcClientProtocolClient.java:146)
	at org.apache.ratis.util.PeerProxyMap$PeerAndProxy.lambda$close$1(PeerProxyMap.java:74)
	at org.apache.ratis.util.LifeCycle.lambda$checkStateAndClose$2(LifeCycle.java:231)
	at org.apache.ratis.util.LifeCycle.checkStateAndClose(LifeCycle.java:251)
	at org.apache.ratis.util.LifeCycle.checkStateAndClose(LifeCycle.java:229)
	at org.apache.ratis.util.PeerProxyMap$PeerAndProxy.close(PeerProxyMap.java:70)
	at org.apache.ratis.util.PeerProxyMap.resetProxy(PeerProxyMap.java:127)
	at org.apache.ratis.util.PeerProxyMap.handleException(PeerProxyMap.java:136)
	at org.apache.ratis.client.impl.RaftClientRpcWithProxy.handleException(RaftClientRpcWithProxy.java:47)
	at org.apache.ratis.client.impl.RaftClientImpl.handleIOException(RaftClientImpl.java:372)
	at org.apache.ratis.client.impl.OrderedAsync.lambda$sendRequest$10(OrderedAsync.java:236)
	at java.util.concurrent.CompletableFuture.uniExceptionally(CompletableFuture.java:870)
	at java.util.concurrent.CompletableFuture$UniExceptionally.tryFire(CompletableFuture.java:852)
	at java.util.concurrent.CompletableFuture.postComplete(CompletableFuture.java:474)
	at java.util.concurrent.CompletableFuture.completeExceptionally(CompletableFuture.java:1977)
	at org.apache.ratis.grpc.client.GrpcClientProtocolClient$AsyncStreamObservers.lambda$timeoutCheck$3(GrpcClientProtocolClient.java:324)
	at java.util.Optional.ifPresent(Optional.java:159)
	at org.apache.ratis.grpc.client.GrpcClientProtocolClient$AsyncStreamObservers.handleReplyFuture(GrpcClientProtocolClient.java:329)
	at org.apache.ratis.grpc.client.GrpcClientProtocolClient$AsyncStreamObservers.timeoutCheck(GrpcClientProtocolClient.java:324)
	at org.apache.ratis.grpc.client.GrpcClientProtocolClient$AsyncStreamObservers.lambda$onNext$1(GrpcClientProtocolClient.java:318)
	at org.apache.ratis.util.TimeoutScheduler.lambda$onTimeout$0(TimeoutScheduler.java:113)
	at org.apache.ratis.util.TimeoutScheduler.lambda$onTimeout$1(TimeoutScheduler.java:133)
	at org.apache.ratis.util.LogUtils.runAndLog(LogUtils.java:50)
	at org.apache.ratis.util.LogUtils$1.run(LogUtils.java:91)
	at java.util.concurrent.Executors$RunnableAdapter.call(Executors.java:511)
	at java.util.concurrent.FutureTask.run(FutureTask.java:266)
	at java.util.concurrent.ScheduledThreadPoolExecutor$ScheduledFutureTask.access$201(ScheduledThreadPoolExecutor.java:180)
	at java.util.concurrent.ScheduledThreadPoolExecutor$ScheduledFutureTask.run(ScheduledThreadPoolExecutor.java:293)
	at java.util.concurrent.ThreadPoolExecutor.runWorker(ThreadPoolExecutor.java:1149)
	at java.util.concurrent.ThreadPoolExecutor$Worker.run(ThreadPoolExecutor.java:624)
	at java.lang.Thread.run(Thread.java:748)
2019-10-02 10:03:43,204 [java.util.concurrent.ThreadPoolExecutor$Worker@4dde4a23[State = -1, empty queue]] WARN  util.TimeoutScheduler (LogUtils.java:runAndLog(55)) - Failed to task #0: java.lang.NullPointerException
2019-10-02 10:03:47,255 [java.util.concurrent.ThreadPoolExecutor$Worker@b750aec[State = -1, empty queue]] ERROR client.GrpcClientProtocolClient (GrpcClientProtocolClient.java:close(148)) - Unexpected exception while waiting for channel termination
java.lang.InterruptedException
	at java.util.concurrent.locks.AbstractQueuedSynchronizer.tryAcquireSharedNanos(AbstractQueuedSynchronizer.java:1326)
	at java.util.concurrent.CountDownLatch.await(CountDownLatch.java:277)
	at org.apache.ratis.thirdparty.io.grpc.internal.ManagedChannelImpl.awaitTermination(ManagedChannelImpl.java:763)
	at org.apache.ratis.thirdparty.io.grpc.internal.ForwardingManagedChannel.awaitTermination(ForwardingManagedChannel.java:57)
	at org.apache.ratis.thirdparty.io.grpc.internal.ManagedChannelOrphanWrapper.awaitTermination(ManagedChannelOrphanWrapper.java:70)
	at org.apache.ratis.grpc.client.GrpcClientProtocolClient.close(GrpcClientProtocolClient.java:146)
	at org.apache.ratis.util.PeerProxyMap$PeerAndProxy.lambda$close$1(PeerProxyMap.java:74)
	at org.apache.ratis.util.LifeCycle.lambda$checkStateAndClose$2(LifeCycle.java:231)
	at org.apache.ratis.util.LifeCycle.checkStateAndClose(LifeCycle.java:251)
	at org.apache.ratis.util.LifeCycle.checkStateAndClose(LifeCycle.java:229)
	at org.apache.ratis.util.PeerProxyMap$PeerAndProxy.close(PeerProxyMap.java:70)
	at org.apache.ratis.util.PeerProxyMap.resetProxy(PeerProxyMap.java:127)
	at org.apache.ratis.util.PeerProxyMap.handleException(PeerProxyMap.java:136)
	at org.apache.ratis.client.impl.RaftClientRpcWithProxy.handleException(RaftClientRpcWithProxy.java:47)
	at org.apache.ratis.client.impl.RaftClientImpl.handleIOException(RaftClientImpl.java:372)
	at org.apache.ratis.client.impl.OrderedAsync.lambda$sendRequest$10(OrderedAsync.java:236)
	at java.util.concurrent.CompletableFuture.uniExceptionally(CompletableFuture.java:870)
	at java.util.concurrent.CompletableFuture$UniExceptionally.tryFire(CompletableFuture.java:852)
	at java.util.concurrent.CompletableFuture.postComplete(CompletableFuture.java:474)
	at java.util.concurrent.CompletableFuture.completeExceptionally(CompletableFuture.java:1977)
	at org.apache.ratis.grpc.client.GrpcClientProtocolClient$AsyncStreamObservers.lambda$timeoutCheck$3(GrpcClientProtocolClient.java:324)
	at java.util.Optional.ifPresent(Optional.java:159)
	at org.apache.ratis.grpc.client.GrpcClientProtocolClient$AsyncStreamObservers.handleReplyFuture(GrpcClientProtocolClient.java:329)
	at org.apache.ratis.grpc.client.GrpcClientProtocolClient$AsyncStreamObservers.timeoutCheck(GrpcClientProtocolClient.java:324)
	at org.apache.ratis.grpc.client.GrpcClientProtocolClient$AsyncStreamObservers.lambda$onNext$1(GrpcClientProtocolClient.java:318)
	at org.apache.ratis.util.TimeoutScheduler.lambda$onTimeout$0(TimeoutScheduler.java:113)
	at org.apache.ratis.util.TimeoutScheduler.lambda$onTimeout$1(TimeoutScheduler.java:133)
	at org.apache.ratis.util.LogUtils.runAndLog(LogUtils.java:50)
	at org.apache.ratis.util.LogUtils$1.run(LogUtils.java:91)
	at java.util.concurrent.Executors$RunnableAdapter.call(Executors.java:511)
	at java.util.concurrent.FutureTask.run(FutureTask.java:266)
	at java.util.concurrent.ScheduledThreadPoolExecutor$ScheduledFutureTask.access$201(ScheduledThreadPoolExecutor.java:180)
	at java.util.concurrent.ScheduledThreadPoolExecutor$ScheduledFutureTask.run(ScheduledThreadPoolExecutor.java:293)
	at java.util.concurrent.ThreadPoolExecutor.runWorker(ThreadPoolExecutor.java:1149)
	at java.util.concurrent.ThreadPoolExecutor$Worker.run(ThreadPoolExecutor.java:624)
	at java.lang.Thread.run(Thread.java:748)
2019-10-02 10:03:47,257 [java.util.concurrent.ThreadPoolExecutor$Worker@b750aec[State = -1, empty queue]] WARN  util.TimeoutScheduler (LogUtils.java:runAndLog(55)) - Failed to task #0: java.lang.NullPointerException
2019-10-02 10:03:51,305 [java.util.concurrent.ThreadPoolExecutor$Worker@24a9918f[State = -1, empty queue]] ERROR client.GrpcClientProtocolClient (GrpcClientProtocolClient.java:close(148)) - Unexpected exception while waiting for channel termination
java.lang.InterruptedException
	at java.util.concurrent.locks.AbstractQueuedSynchronizer.tryAcquireSharedNanos(AbstractQueuedSynchronizer.java:1326)
	at java.util.concurrent.CountDownLatch.await(CountDownLatch.java:277)
	at org.apache.ratis.thirdparty.io.grpc.internal.ManagedChannelImpl.awaitTermination(ManagedChannelImpl.java:763)
	at org.apache.ratis.thirdparty.io.grpc.internal.ForwardingManagedChannel.awaitTermination(ForwardingManagedChannel.java:57)
	at org.apache.ratis.thirdparty.io.grpc.internal.ManagedChannelOrphanWrapper.awaitTermination(ManagedChannelOrphanWrapper.java:70)
	at org.apache.ratis.grpc.client.GrpcClientProtocolClient.close(GrpcClientProtocolClient.java:146)
	at org.apache.ratis.util.PeerProxyMap$PeerAndProxy.lambda$close$1(PeerProxyMap.java:74)
	at org.apache.ratis.util.LifeCycle.lambda$checkStateAndClose$2(LifeCycle.java:231)
	at org.apache.ratis.util.LifeCycle.checkStateAndClose(LifeCycle.java:251)
	at org.apache.ratis.util.LifeCycle.checkStateAndClose(LifeCycle.java:229)
	at org.apache.ratis.util.PeerProxyMap$PeerAndProxy.close(PeerProxyMap.java:70)
	at org.apache.ratis.util.PeerProxyMap.resetProxy(PeerProxyMap.java:127)
	at org.apache.ratis.util.PeerProxyMap.handleException(PeerProxyMap.java:136)
	at org.apache.ratis.client.impl.RaftClientRpcWithProxy.handleException(RaftClientRpcWithProxy.java:47)
	at org.apache.ratis.client.impl.RaftClientImpl.handleIOException(RaftClientImpl.java:372)
	at org.apache.ratis.client.impl.OrderedAsync.lambda$sendRequest$10(OrderedAsync.java:236)
	at java.util.concurrent.CompletableFuture.uniExceptionally(CompletableFuture.java:870)
	at java.util.concurrent.CompletableFuture$UniExceptionally.tryFire(CompletableFuture.java:852)
	at java.util.concurrent.CompletableFuture.postComplete(CompletableFuture.java:474)
	at java.util.concurrent.CompletableFuture.completeExceptionally(CompletableFuture.java:1977)
	at org.apache.ratis.grpc.client.GrpcClientProtocolClient$AsyncStreamObservers.lambda$timeoutCheck$3(GrpcClientProtocolClient.java:324)
	at java.util.Optional.ifPresent(Optional.java:159)
	at org.apache.ratis.grpc.client.GrpcClientProtocolClient$AsyncStreamObservers.handleReplyFuture(GrpcClientProtocolClient.java:329)
	at org.apache.ratis.grpc.client.GrpcClientProtocolClient$AsyncStreamObservers.timeoutCheck(GrpcClientProtocolClient.java:324)
	at org.apache.ratis.grpc.client.GrpcClientProtocolClient$AsyncStreamObservers.lambda$onNext$1(GrpcClientProtocolClient.java:318)
	at org.apache.ratis.util.TimeoutScheduler.lambda$onTimeout$0(TimeoutScheduler.java:113)
	at org.apache.ratis.util.TimeoutScheduler.lambda$onTimeout$1(TimeoutScheduler.java:133)
	at org.apache.ratis.util.LogUtils.runAndLog(LogUtils.java:50)
	at org.apache.ratis.util.LogUtils$1.run(LogUtils.java:91)
	at java.util.concurrent.Executors$RunnableAdapter.call(Executors.java:511)
	at java.util.concurrent.FutureTask.run(FutureTask.java:266)
	at java.util.concurrent.ScheduledThreadPoolExecutor$ScheduledFutureTask.access$201(ScheduledThreadPoolExecutor.java:180)
	at java.util.concurrent.ScheduledThreadPoolExecutor$ScheduledFutureTask.run(ScheduledThreadPoolExecutor.java:293)
	at java.util.concurrent.ThreadPoolExecutor.runWorker(ThreadPoolExecutor.java:1149)
	at java.util.concurrent.ThreadPoolExecutor$Worker.run(ThreadPoolExecutor.java:624)
	at java.lang.Thread.run(Thread.java:748)
2019-10-02 10:03:51,309 [java.util.concurrent.ThreadPoolExecutor$Worker@24a9918f[State = -1, empty queue]] WARN  util.TimeoutScheduler (LogUtils.java:runAndLog(55)) - Failed to task #0: java.lang.NullPointerException
2019-10-02 10:03:55,343 [java.util.concurrent.ThreadPoolExecutor$Worker@60070805[State = -1, empty queue]] ERROR client.GrpcClientProtocolClient (GrpcClientProtocolClient.java:close(148)) - Unexpected exception while waiting for channel termination
java.lang.InterruptedException
	at java.util.concurrent.locks.AbstractQueuedSynchronizer.tryAcquireSharedNanos(AbstractQueuedSynchronizer.java:1326)
	at java.util.concurrent.CountDownLatch.await(CountDownLatch.java:277)
	at org.apache.ratis.thirdparty.io.grpc.internal.ManagedChannelImpl.awaitTermination(ManagedChannelImpl.java:763)
	at org.apache.ratis.thirdparty.io.grpc.internal.ForwardingManagedChannel.awaitTermination(ForwardingManagedChannel.java:57)
	at org.apache.ratis.thirdparty.io.grpc.internal.ManagedChannelOrphanWrapper.awaitTermination(ManagedChannelOrphanWrapper.java:70)
	at org.apache.ratis.grpc.client.GrpcClientProtocolClient.close(GrpcClientProtocolClient.java:146)
	at org.apache.ratis.util.PeerProxyMap$PeerAndProxy.lambda$close$1(PeerProxyMap.java:74)
	at org.apache.ratis.util.LifeCycle.lambda$checkStateAndClose$2(LifeCycle.java:231)
	at org.apache.ratis.util.LifeCycle.checkStateAndClose(LifeCycle.java:251)
	at org.apache.ratis.util.LifeCycle.checkStateAndClose(LifeCycle.java:229)
	at org.apache.ratis.util.PeerProxyMap$PeerAndProxy.close(PeerProxyMap.java:70)
	at org.apache.ratis.util.PeerProxyMap.resetProxy(PeerProxyMap.java:127)
	at org.apache.ratis.util.PeerProxyMap.handleException(PeerProxyMap.java:136)
	at org.apache.ratis.client.impl.RaftClientRpcWithProxy.handleException(RaftClientRpcWithProxy.java:47)
	at org.apache.ratis.client.impl.RaftClientImpl.handleIOException(RaftClientImpl.java:372)
	at org.apache.ratis.client.impl.OrderedAsync.lambda$sendRequest$10(OrderedAsync.java:236)
	at java.util.concurrent.CompletableFuture.uniExceptionally(CompletableFuture.java:870)
	at java.util.concurrent.CompletableFuture$UniExceptionally.tryFire(CompletableFuture.java:852)
	at java.util.concurrent.CompletableFuture.postComplete(CompletableFuture.java:474)
	at java.util.concurrent.CompletableFuture.completeExceptionally(CompletableFuture.java:1977)
	at org.apache.ratis.grpc.client.GrpcClientProtocolClient$AsyncStreamObservers.lambda$timeoutCheck$3(GrpcClientProtocolClient.java:324)
	at java.util.Optional.ifPresent(Optional.java:159)
	at org.apache.ratis.grpc.client.GrpcClientProtocolClient$AsyncStreamObservers.handleReplyFuture(GrpcClientProtocolClient.java:329)
	at org.apache.ratis.grpc.client.GrpcClientProtocolClient$AsyncStreamObservers.timeoutCheck(GrpcClientProtocolClient.java:324)
	at org.apache.ratis.grpc.client.GrpcClientProtocolClient$AsyncStreamObservers.lambda$onNext$1(GrpcClientProtocolClient.java:318)
	at org.apache.ratis.util.TimeoutScheduler.lambda$onTimeout$0(TimeoutScheduler.java:113)
	at org.apache.ratis.util.TimeoutScheduler.lambda$onTimeout$1(TimeoutScheduler.java:133)
	at org.apache.ratis.util.LogUtils.runAndLog(LogUtils.java:50)
	at org.apache.ratis.util.LogUtils$1.run(LogUtils.java:91)
	at java.util.concurrent.Executors$RunnableAdapter.call(Executors.java:511)
	at java.util.concurrent.FutureTask.run(FutureTask.java:266)
	at java.util.concurrent.ScheduledThreadPoolExecutor$ScheduledFutureTask.access$201(ScheduledThreadPoolExecutor.java:180)
	at java.util.concurrent.ScheduledThreadPoolExecutor$ScheduledFutureTask.run(ScheduledThreadPoolExecutor.java:293)
	at java.util.concurrent.ThreadPoolExecutor.runWorker(ThreadPoolExecutor.java:1149)
	at java.util.concurrent.ThreadPoolExecutor$Worker.run(ThreadPoolExecutor.java:624)
	at java.lang.Thread.run(Thread.java:748)
2019-10-02 10:03:55,347 [java.util.concurrent.ThreadPoolExecutor$Worker@60070805[State = -1, empty queue]] WARN  util.TimeoutScheduler (LogUtils.java:runAndLog(55)) - Failed to task #0: java.lang.NullPointerException
2019-10-02 10:03:59,381 [java.util.concurrent.ThreadPoolExecutor$Worker@4403f7a5[State = -1, empty queue]] ERROR client.GrpcClientProtocolClient (GrpcClientProtocolClient.java:close(148)) - Unexpected exception while waiting for channel termination
java.lang.InterruptedException
	at java.util.concurrent.locks.AbstractQueuedSynchronizer.tryAcquireSharedNanos(AbstractQueuedSynchronizer.java:1326)
	at java.util.concurrent.CountDownLatch.await(CountDownLatch.java:277)
	at org.apache.ratis.thirdparty.io.grpc.internal.ManagedChannelImpl.awaitTermination(ManagedChannelImpl.java:763)
	at org.apache.ratis.thirdparty.io.grpc.internal.ForwardingManagedChannel.awaitTermination(ForwardingManagedChannel.java:57)
	at org.apache.ratis.thirdparty.io.grpc.internal.ManagedChannelOrphanWrapper.awaitTermination(ManagedChannelOrphanWrapper.java:70)
	at org.apache.ratis.grpc.client.GrpcClientProtocolClient.close(GrpcClientProtocolClient.java:146)
	at org.apache.ratis.util.PeerProxyMap$PeerAndProxy.lambda$close$1(PeerProxyMap.java:74)
	at org.apache.ratis.util.LifeCycle.lambda$checkStateAndClose$2(LifeCycle.java:231)
	at org.apache.ratis.util.LifeCycle.checkStateAndClose(LifeCycle.java:251)
	at org.apache.ratis.util.LifeCycle.checkStateAndClose(LifeCycle.java:229)
	at org.apache.ratis.util.PeerProxyMap$PeerAndProxy.close(PeerProxyMap.java:70)
	at org.apache.ratis.util.PeerProxyMap.resetProxy(PeerProxyMap.java:127)
	at org.apache.ratis.util.PeerProxyMap.handleException(PeerProxyMap.java:136)
	at org.apache.ratis.client.impl.RaftClientRpcWithProxy.handleException(RaftClientRpcWithProxy.java:47)
	at org.apache.ratis.client.impl.RaftClientImpl.handleIOException(RaftClientImpl.java:372)
	at org.apache.ratis.client.impl.OrderedAsync.lambda$sendRequest$10(OrderedAsync.java:236)
	at java.util.concurrent.CompletableFuture.uniExceptionally(CompletableFuture.java:870)
	at java.util.concurrent.CompletableFuture$UniExceptionally.tryFire(CompletableFuture.java:852)
	at java.util.concurrent.CompletableFuture.postComplete(CompletableFuture.java:474)
	at java.util.concurrent.CompletableFuture.completeExceptionally(CompletableFuture.java:1977)
	at org.apache.ratis.grpc.client.GrpcClientProtocolClient$AsyncStreamObservers.lambda$timeoutCheck$3(GrpcClientProtocolClient.java:324)
	at java.util.Optional.ifPresent(Optional.java:159)
	at org.apache.ratis.grpc.client.GrpcClientProtocolClient$AsyncStreamObservers.handleReplyFuture(GrpcClientProtocolClient.java:329)
	at org.apache.ratis.grpc.client.GrpcClientProtocolClient$AsyncStreamObservers.timeoutCheck(GrpcClientProtocolClient.java:324)
	at org.apache.ratis.grpc.client.GrpcClientProtocolClient$AsyncStreamObservers.lambda$onNext$1(GrpcClientProtocolClient.java:318)
	at org.apache.ratis.util.TimeoutScheduler.lambda$onTimeout$0(TimeoutScheduler.java:113)
	at org.apache.ratis.util.TimeoutScheduler.lambda$onTimeout$1(TimeoutScheduler.java:133)
	at org.apache.ratis.util.LogUtils.runAndLog(LogUtils.java:50)
	at org.apache.ratis.util.LogUtils$1.run(LogUtils.java:91)
	at java.util.concurrent.Executors$RunnableAdapter.call(Executors.java:511)
	at java.util.concurrent.FutureTask.run(FutureTask.java:266)
	at java.util.concurrent.ScheduledThreadPoolExecutor$ScheduledFutureTask.access$201(ScheduledThreadPoolExecutor.java:180)
	at java.util.concurrent.ScheduledThreadPoolExecutor$ScheduledFutureTask.run(ScheduledThreadPoolExecutor.java:293)
	at java.util.concurrent.ThreadPoolExecutor.runWorker(ThreadPoolExecutor.java:1149)
	at java.util.concurrent.ThreadPoolExecutor$Worker.run(ThreadPoolExecutor.java:624)
	at java.lang.Thread.run(Thread.java:748)
2019-10-02 10:03:59,382 [java.util.concurrent.ThreadPoolExecutor$Worker@4403f7a5[State = -1, empty queue]] WARN  util.TimeoutScheduler (LogUtils.java:runAndLog(55)) - Failed to task #0: java.lang.NullPointerException
2019-10-02 10:04:03,425 [java.util.concurrent.ThreadPoolExecutor$Worker@55a40b7[State = -1, empty queue]] ERROR client.GrpcClientProtocolClient (GrpcClientProtocolClient.java:close(148)) - Unexpected exception while waiting for channel termination
java.lang.InterruptedException
	at java.util.concurrent.locks.AbstractQueuedSynchronizer.tryAcquireSharedNanos(AbstractQueuedSynchronizer.java:1326)
	at java.util.concurrent.CountDownLatch.await(CountDownLatch.java:277)
	at org.apache.ratis.thirdparty.io.grpc.internal.ManagedChannelImpl.awaitTermination(ManagedChannelImpl.java:763)
	at org.apache.ratis.thirdparty.io.grpc.internal.ForwardingManagedChannel.awaitTermination(ForwardingManagedChannel.java:57)
	at org.apache.ratis.thirdparty.io.grpc.internal.ManagedChannelOrphanWrapper.awaitTermination(ManagedChannelOrphanWrapper.java:70)
	at org.apache.ratis.grpc.client.GrpcClientProtocolClient.close(GrpcClientProtocolClient.java:146)
	at org.apache.ratis.util.PeerProxyMap$PeerAndProxy.lambda$close$1(PeerProxyMap.java:74)
	at org.apache.ratis.util.LifeCycle.lambda$checkStateAndClose$2(LifeCycle.java:231)
	at org.apache.ratis.util.LifeCycle.checkStateAndClose(LifeCycle.java:251)
	at org.apache.ratis.util.LifeCycle.checkStateAndClose(LifeCycle.java:229)
	at org.apache.ratis.util.PeerProxyMap$PeerAndProxy.close(PeerProxyMap.java:70)
	at org.apache.ratis.util.PeerProxyMap.resetProxy(PeerProxyMap.java:127)
	at org.apache.ratis.util.PeerProxyMap.handleException(PeerProxyMap.java:136)
	at org.apache.ratis.client.impl.RaftClientRpcWithProxy.handleException(RaftClientRpcWithProxy.java:47)
	at org.apache.ratis.client.impl.RaftClientImpl.handleIOException(RaftClientImpl.java:372)
	at org.apache.ratis.client.impl.OrderedAsync.lambda$sendRequest$10(OrderedAsync.java:236)
	at java.util.concurrent.CompletableFuture.uniExceptionally(CompletableFuture.java:870)
	at java.util.concurrent.CompletableFuture$UniExceptionally.tryFire(CompletableFuture.java:852)
	at java.util.concurrent.CompletableFuture.postComplete(CompletableFuture.java:474)
	at java.util.concurrent.CompletableFuture.completeExceptionally(CompletableFuture.java:1977)
	at org.apache.ratis.grpc.client.GrpcClientProtocolClient$AsyncStreamObservers.lambda$timeoutCheck$3(GrpcClientProtocolClient.java:324)
	at java.util.Optional.ifPresent(Optional.java:159)
	at org.apache.ratis.grpc.client.GrpcClientProtocolClient$AsyncStreamObservers.handleReplyFuture(GrpcClientProtocolClient.java:329)
	at org.apache.ratis.grpc.client.GrpcClientProtocolClient$AsyncStreamObservers.timeoutCheck(GrpcClientProtocolClient.java:324)
	at org.apache.ratis.grpc.client.GrpcClientProtocolClient$AsyncStreamObservers.lambda$onNext$1(GrpcClientProtocolClient.java:318)
	at org.apache.ratis.util.TimeoutScheduler.lambda$onTimeout$0(TimeoutScheduler.java:113)
	at org.apache.ratis.util.TimeoutScheduler.lambda$onTimeout$1(TimeoutScheduler.java:133)
	at org.apache.ratis.util.LogUtils.runAndLog(LogUtils.java:50)
	at org.apache.ratis.util.LogUtils$1.run(LogUtils.java:91)
	at java.util.concurrent.Executors$RunnableAdapter.call(Executors.java:511)
	at java.util.concurrent.FutureTask.run(FutureTask.java:266)
	at java.util.concurrent.ScheduledThreadPoolExecutor$ScheduledFutureTask.access$201(ScheduledThreadPoolExecutor.java:180)
	at java.util.concurrent.ScheduledThreadPoolExecutor$ScheduledFutureTask.run(ScheduledThreadPoolExecutor.java:293)
	at java.util.concurrent.ThreadPoolExecutor.runWorker(ThreadPoolExecutor.java:1149)
	at java.util.concurrent.ThreadPoolExecutor$Worker.run(ThreadPoolExecutor.java:624)
	at java.lang.Thread.run(Thread.java:748)
2019-10-02 10:04:03,428 [java.util.concurrent.ThreadPoolExecutor$Worker@55a40b7[State = -1, empty queue]] WARN  util.TimeoutScheduler (LogUtils.java:runAndLog(55)) - Failed to task #0: java.lang.NullPointerException
2019-10-02 10:04:07,460 [java.util.concurrent.ThreadPoolExecutor$Worker@7c6234fd[State = -1, empty queue]] ERROR client.GrpcClientProtocolClient (GrpcClientProtocolClient.java:close(148)) - Unexpected exception while waiting for channel termination
java.lang.InterruptedException
	at java.util.concurrent.locks.AbstractQueuedSynchronizer.tryAcquireSharedNanos(AbstractQueuedSynchronizer.java:1326)
	at java.util.concurrent.CountDownLatch.await(CountDownLatch.java:277)
	at org.apache.ratis.thirdparty.io.grpc.internal.ManagedChannelImpl.awaitTermination(ManagedChannelImpl.java:763)
	at org.apache.ratis.thirdparty.io.grpc.internal.ForwardingManagedChannel.awaitTermination(ForwardingManagedChannel.java:57)
	at org.apache.ratis.thirdparty.io.grpc.internal.ManagedChannelOrphanWrapper.awaitTermination(ManagedChannelOrphanWrapper.java:70)
	at org.apache.ratis.grpc.client.GrpcClientProtocolClient.close(GrpcClientProtocolClient.java:146)
	at org.apache.ratis.util.PeerProxyMap$PeerAndProxy.lambda$close$1(PeerProxyMap.java:74)
	at org.apache.ratis.util.LifeCycle.lambda$checkStateAndClose$2(LifeCycle.java:231)
	at org.apache.ratis.util.LifeCycle.checkStateAndClose(LifeCycle.java:251)
	at org.apache.ratis.util.LifeCycle.checkStateAndClose(LifeCycle.java:229)
	at org.apache.ratis.util.PeerProxyMap$PeerAndProxy.close(PeerProxyMap.java:70)
	at org.apache.ratis.util.PeerProxyMap.resetProxy(PeerProxyMap.java:127)
	at org.apache.ratis.util.PeerProxyMap.handleException(PeerProxyMap.java:136)
	at org.apache.ratis.client.impl.RaftClientRpcWithProxy.handleException(RaftClientRpcWithProxy.java:47)
	at org.apache.ratis.client.impl.RaftClientImpl.handleIOException(RaftClientImpl.java:372)
	at org.apache.ratis.client.impl.OrderedAsync.lambda$sendRequest$10(OrderedAsync.java:236)
	at java.util.concurrent.CompletableFuture.uniExceptionally(CompletableFuture.java:870)
	at java.util.concurrent.CompletableFuture$UniExceptionally.tryFire(CompletableFuture.java:852)
	at java.util.concurrent.CompletableFuture.postComplete(CompletableFuture.java:474)
	at java.util.concurrent.CompletableFuture.completeExceptionally(CompletableFuture.java:1977)
	at org.apache.ratis.grpc.client.GrpcClientProtocolClient$AsyncStreamObservers.lambda$timeoutCheck$3(GrpcClientProtocolClient.java:324)
	at java.util.Optional.ifPresent(Optional.java:159)
	at org.apache.ratis.grpc.client.GrpcClientProtocolClient$AsyncStreamObservers.handleReplyFuture(GrpcClientProtocolClient.java:329)
	at org.apache.ratis.grpc.client.GrpcClientProtocolClient$AsyncStreamObservers.timeoutCheck(GrpcClientProtocolClient.java:324)
	at org.apache.ratis.grpc.client.GrpcClientProtocolClient$AsyncStreamObservers.lambda$onNext$1(GrpcClientProtocolClient.java:318)
	at org.apache.ratis.util.TimeoutScheduler.lambda$onTimeout$0(TimeoutScheduler.java:113)
	at org.apache.ratis.util.TimeoutScheduler.lambda$onTimeout$1(TimeoutScheduler.java:133)
	at org.apache.ratis.util.LogUtils.runAndLog(LogUtils.java:50)
	at org.apache.ratis.util.LogUtils$1.run(LogUtils.java:91)
	at java.util.concurrent.Executors$RunnableAdapter.call(Executors.java:511)
	at java.util.concurrent.FutureTask.run(FutureTask.java:266)
	at java.util.concurrent.ScheduledThreadPoolExecutor$ScheduledFutureTask.access$201(ScheduledThreadPoolExecutor.java:180)
	at java.util.concurrent.ScheduledThreadPoolExecutor$ScheduledFutureTask.run(ScheduledThreadPoolExecutor.java:293)
	at java.util.concurrent.ThreadPoolExecutor.runWorker(ThreadPoolExecutor.java:1149)
	at java.util.concurrent.ThreadPoolExecutor$Worker.run(ThreadPoolExecutor.java:624)
	at java.lang.Thread.run(Thread.java:748)
2019-10-02 10:04:07,463 [java.util.concurrent.ThreadPoolExecutor$Worker@7c6234fd[State = -1, empty queue]] WARN  util.TimeoutScheduler (LogUtils.java:runAndLog(55)) - Failed to task #0: java.lang.NullPointerException
2019-10-02 10:04:11,514 [java.util.concurrent.ThreadPoolExecutor$Worker@7e2d27a8[State = -1, empty queue]] ERROR client.GrpcClientProtocolClient (GrpcClientProtocolClient.java:close(148)) - Unexpected exception while waiting for channel termination
java.lang.InterruptedException
	at java.util.concurrent.locks.AbstractQueuedSynchronizer.tryAcquireSharedNanos(AbstractQueuedSynchronizer.java:1326)
	at java.util.concurrent.CountDownLatch.await(CountDownLatch.java:277)
	at org.apache.ratis.thirdparty.io.grpc.internal.ManagedChannelImpl.awaitTermination(ManagedChannelImpl.java:763)
	at org.apache.ratis.thirdparty.io.grpc.internal.ForwardingManagedChannel.awaitTermination(ForwardingManagedChannel.java:57)
	at org.apache.ratis.thirdparty.io.grpc.internal.ManagedChannelOrphanWrapper.awaitTermination(ManagedChannelOrphanWrapper.java:70)
	at org.apache.ratis.grpc.client.GrpcClientProtocolClient.close(GrpcClientProtocolClient.java:146)
	at org.apache.ratis.util.PeerProxyMap$PeerAndProxy.lambda$close$1(PeerProxyMap.java:74)
	at org.apache.ratis.util.LifeCycle.lambda$checkStateAndClose$2(LifeCycle.java:231)
	at org.apache.ratis.util.LifeCycle.checkStateAndClose(LifeCycle.java:251)
	at org.apache.ratis.util.LifeCycle.checkStateAndClose(LifeCycle.java:229)
	at org.apache.ratis.util.PeerProxyMap$PeerAndProxy.close(PeerProxyMap.java:70)
	at org.apache.ratis.util.PeerProxyMap.resetProxy(PeerProxyMap.java:127)
	at org.apache.ratis.util.PeerProxyMap.handleException(PeerProxyMap.java:136)
	at org.apache.ratis.client.impl.RaftClientRpcWithProxy.handleException(RaftClientRpcWithProxy.java:47)
	at org.apache.ratis.client.impl.RaftClientImpl.handleIOException(RaftClientImpl.java:372)
	at org.apache.ratis.client.impl.OrderedAsync.lambda$sendRequest$10(OrderedAsync.java:236)
	at java.util.concurrent.CompletableFuture.uniExceptionally(CompletableFuture.java:870)
	at java.util.concurrent.CompletableFuture$UniExceptionally.tryFire(CompletableFuture.java:852)
	at java.util.concurrent.CompletableFuture.postComplete(CompletableFuture.java:474)
	at java.util.concurrent.CompletableFuture.completeExceptionally(CompletableFuture.java:1977)
	at org.apache.ratis.grpc.client.GrpcClientProtocolClient$AsyncStreamObservers.lambda$timeoutCheck$3(GrpcClientProtocolClient.java:324)
	at java.util.Optional.ifPresent(Optional.java:159)
	at org.apache.ratis.grpc.client.GrpcClientProtocolClient$AsyncStreamObservers.handleReplyFuture(GrpcClientProtocolClient.java:329)
	at org.apache.ratis.grpc.client.GrpcClientProtocolClient$AsyncStreamObservers.timeoutCheck(GrpcClientProtocolClient.java:324)
	at org.apache.ratis.grpc.client.GrpcClientProtocolClient$AsyncStreamObservers.lambda$onNext$1(GrpcClientProtocolClient.java:318)
	at org.apache.ratis.util.TimeoutScheduler.lambda$onTimeout$0(TimeoutScheduler.java:113)
	at org.apache.ratis.util.TimeoutScheduler.lambda$onTimeout$1(TimeoutScheduler.java:133)
	at org.apache.ratis.util.LogUtils.runAndLog(LogUtils.java:50)
	at org.apache.ratis.util.LogUtils$1.run(LogUtils.java:91)
	at java.util.concurrent.Executors$RunnableAdapter.call(Executors.java:511)
	at java.util.concurrent.FutureTask.run(FutureTask.java:266)
	at java.util.concurrent.ScheduledThreadPoolExecutor$ScheduledFutureTask.access$201(ScheduledThreadPoolExecutor.java:180)
	at java.util.concurrent.ScheduledThreadPoolExecutor$ScheduledFutureTask.run(ScheduledThreadPoolExecutor.java:293)
	at java.util.concurrent.ThreadPoolExecutor.runWorker(ThreadPoolExecutor.java:1149)
	at java.util.concurrent.ThreadPoolExecutor$Worker.run(ThreadPoolExecutor.java:624)
	at java.lang.Thread.run(Thread.java:748)
2019-10-02 10:04:11,518 [java.util.concurrent.ThreadPoolExecutor$Worker@7e2d27a8[State = -1, empty queue]] WARN  util.TimeoutScheduler (LogUtils.java:runAndLog(55)) - Failed to task #0: java.lang.NullPointerException
2019-10-02 10:04:15,564 [java.util.concurrent.ThreadPoolExecutor$Worker@3aaa5ce1[State = -1, empty queue]] ERROR client.GrpcClientProtocolClient (GrpcClientProtocolClient.java:close(148)) - Unexpected exception while waiting for channel termination
java.lang.InterruptedException
	at java.util.concurrent.locks.AbstractQueuedSynchronizer.tryAcquireSharedNanos(AbstractQueuedSynchronizer.java:1326)
	at java.util.concurrent.CountDownLatch.await(CountDownLatch.java:277)
	at org.apache.ratis.thirdparty.io.grpc.internal.ManagedChannelImpl.awaitTermination(ManagedChannelImpl.java:763)
	at org.apache.ratis.thirdparty.io.grpc.internal.ForwardingManagedChannel.awaitTermination(ForwardingManagedChannel.java:57)
	at org.apache.ratis.thirdparty.io.grpc.internal.ManagedChannelOrphanWrapper.awaitTermination(ManagedChannelOrphanWrapper.java:70)
	at org.apache.ratis.grpc.client.GrpcClientProtocolClient.close(GrpcClientProtocolClient.java:146)
	at org.apache.ratis.util.PeerProxyMap$PeerAndProxy.lambda$close$1(PeerProxyMap.java:74)
	at org.apache.ratis.util.LifeCycle.lambda$checkStateAndClose$2(LifeCycle.java:231)
	at org.apache.ratis.util.LifeCycle.checkStateAndClose(LifeCycle.java:251)
	at org.apache.ratis.util.LifeCycle.checkStateAndClose(LifeCycle.java:229)
	at org.apache.ratis.util.PeerProxyMap$PeerAndProxy.close(PeerProxyMap.java:70)
	at org.apache.ratis.util.PeerProxyMap.resetProxy(PeerProxyMap.java:127)
	at org.apache.ratis.util.PeerProxyMap.handleException(PeerProxyMap.java:136)
	at org.apache.ratis.client.impl.RaftClientRpcWithProxy.handleException(RaftClientRpcWithProxy.java:47)
	at org.apache.ratis.client.impl.RaftClientImpl.handleIOException(RaftClientImpl.java:372)
	at org.apache.ratis.client.impl.OrderedAsync.lambda$sendRequest$10(OrderedAsync.java:236)
	at java.util.concurrent.CompletableFuture.uniExceptionally(CompletableFuture.java:870)
	at java.util.concurrent.CompletableFuture$UniExceptionally.tryFire(CompletableFuture.java:852)
	at java.util.concurrent.CompletableFuture.postComplete(CompletableFuture.java:474)
	at java.util.concurrent.CompletableFuture.completeExceptionally(CompletableFuture.java:1977)
	at org.apache.ratis.grpc.client.GrpcClientProtocolClient$AsyncStreamObservers.lambda$timeoutCheck$3(GrpcClientProtocolClient.java:324)
	at java.util.Optional.ifPresent(Optional.java:159)
	at org.apache.ratis.grpc.client.GrpcClientProtocolClient$AsyncStreamObservers.handleReplyFuture(GrpcClientProtocolClient.java:329)
	at org.apache.ratis.grpc.client.GrpcClientProtocolClient$AsyncStreamObservers.timeoutCheck(GrpcClientProtocolClient.java:324)
	at org.apache.ratis.grpc.client.GrpcClientProtocolClient$AsyncStreamObservers.lambda$onNext$1(GrpcClientProtocolClient.java:318)
	at org.apache.ratis.util.TimeoutScheduler.lambda$onTimeout$0(TimeoutScheduler.java:113)
	at org.apache.ratis.util.TimeoutScheduler.lambda$onTimeout$1(TimeoutScheduler.java:133)
	at org.apache.ratis.util.LogUtils.runAndLog(LogUtils.java:50)
	at org.apache.ratis.util.LogUtils$1.run(LogUtils.java:91)
	at java.util.concurrent.Executors$RunnableAdapter.call(Executors.java:511)
	at java.util.concurrent.FutureTask.run(FutureTask.java:266)
	at java.util.concurrent.ScheduledThreadPoolExecutor$ScheduledFutureTask.access$201(ScheduledThreadPoolExecutor.java:180)
	at java.util.concurrent.ScheduledThreadPoolExecutor$ScheduledFutureTask.run(ScheduledThreadPoolExecutor.java:293)
	at java.util.concurrent.ThreadPoolExecutor.runWorker(ThreadPoolExecutor.java:1149)
	at java.util.concurrent.ThreadPoolExecutor$Worker.run(ThreadPoolExecutor.java:624)
	at java.lang.Thread.run(Thread.java:748)
2019-10-02 10:04:15,566 [java.util.concurrent.ThreadPoolExecutor$Worker@3aaa5ce1[State = -1, empty queue]] WARN  util.TimeoutScheduler (LogUtils.java:runAndLog(55)) - Failed to task #0: java.lang.NullPointerException
2019-10-02 10:04:18,139 [grpc-default-executor-3] INFO  impl.RaftServerProxy (RaftServerProxy.java:remove(95)) - f543130f-443f-4ba5-9d6e-59ecbb0ec00a: remove  FOLLOWER f543130f-443f-4ba5-9d6e-59ecbb0ec00a@group-33AF00750C36:t1, leader=5a36316c-6269-4ab0-8563-6514c3376d21, voted=f543130f-443f-4ba5-9d6e-59ecbb0ec00a, raftlog=f543130f-443f-4ba5-9d6e-59ecbb0ec00a@group-33AF00750C36-SegmentedRaftLog:OPENED:c0,f2,i2, conf=0: [f543130f-443f-4ba5-9d6e-59ecbb0ec00a:192.168.164.250:36191, 5a36316c-6269-4ab0-8563-6514c3376d21:192.168.164.250:32906, 49e61346-ce49-4850-8dcd-6024868ef21c:192.168.164.250:43655], old=null RUNNING
2019-10-02 10:04:18,142 [grpc-default-executor-3] INFO  impl.RaftServerImpl (RaftServerImpl.java:lambda$shutdown$3(247)) - f543130f-443f-4ba5-9d6e-59ecbb0ec00a@group-33AF00750C36: shutdown
2019-10-02 10:04:18,142 [grpc-default-executor-3] INFO  util.JmxRegister (JmxRegister.java:unregister(73)) - Successfully un-registered JMX Bean with object name Ratis:service=RaftServer,group=group-33AF00750C36,id=f543130f-443f-4ba5-9d6e-59ecbb0ec00a
2019-10-02 10:04:18,142 [grpc-default-executor-3] INFO  impl.RoleInfo (RoleInfo.java:shutdownFollowerState(121)) - f543130f-443f-4ba5-9d6e-59ecbb0ec00a: shutdown FollowerState
2019-10-02 10:04:18,143 [grpc-default-executor-3] INFO  impl.StateMachineUpdater (StateMachineUpdater.java:stopAndJoin(136)) - f543130f-443f-4ba5-9d6e-59ecbb0ec00a@group-33AF00750C36-StateMachineUpdater: set stopIndex = 0
2019-10-02 10:04:18,143 [Thread-267] INFO  impl.FollowerState (FollowerState.java:run(117)) - f543130f-443f-4ba5-9d6e-59ecbb0ec00a@group-33AF00750C36-FollowerState was interrupted: java.lang.InterruptedException: sleep interrupted
2019-10-02 10:04:18,147 [grpc-default-executor-3] INFO  impl.RaftServerImpl (ServerState.java:close(387)) - f543130f-443f-4ba5-9d6e-59ecbb0ec00a@group-33AF00750C36: closes. applyIndex: 0
2019-10-02 10:04:18,149 [f543130f-443f-4ba5-9d6e-59ecbb0ec00a@group-33AF00750C36-SegmentedRaftLogWorker] INFO  segmented.SegmentedRaftLogWorker (SegmentedRaftLogWorker.java:run(316)) - f543130f-443f-4ba5-9d6e-59ecbb0ec00a@group-33AF00750C36-SegmentedRaftLogWorker was interrupted, exiting. There are 0 tasks remaining in the queue.
2019-10-02 10:04:18,151 [grpc-default-executor-3] INFO  segmented.SegmentedRaftLogWorker (SegmentedRaftLogWorker.java:close(224)) - f543130f-443f-4ba5-9d6e-59ecbb0ec00a@group-33AF00750C36-SegmentedRaftLogWorker close()
2019-10-02 10:04:18,245 [grpc-default-executor-3] INFO  interfaces.Container (KeyValueContainer.java:flushAndSyncDB(386)) - Container 3 is synced with bcsId 0.
2019-10-02 10:04:18,245 [grpc-default-executor-3] INFO  interfaces.Container (KeyValueContainer.java:flushAndSyncDB(386)) - Container 3 is synced with bcsId 0.
2019-10-02 10:04:18,265 [EventQueue-IncrementalContainerReportForIncrementalContainerReportHandler] INFO  container.IncrementalContainerReportHandler (AbstractContainerReportHandler.java:updateContainerState(169)) - Moving container #3 to QUASI_CLOSED state, datanode f543130f-443f-4ba5-9d6e-59ecbb0ec00a{ip: 192.168.164.250, host: pr-trunk-p5fv4-2201032288, networkLocation: /default-rack, certSerialId: null} reported QUASI_CLOSED replica.
2019-10-02 10:04:18,273 [grpc-default-executor-3] INFO  impl.RaftServerProxy (RaftServerProxy.java:remove(95)) - 5a36316c-6269-4ab0-8563-6514c3376d21: remove    LEADER 5a36316c-6269-4ab0-8563-6514c3376d21@group-33AF00750C36:t1, leader=5a36316c-6269-4ab0-8563-6514c3376d21, voted=5a36316c-6269-4ab0-8563-6514c3376d21, raftlog=5a36316c-6269-4ab0-8563-6514c3376d21@group-33AF00750C36-SegmentedRaftLog:OPENED:c0,f0,i2, conf=0: [f543130f-443f-4ba5-9d6e-59ecbb0ec00a:192.168.164.250:36191, 5a36316c-6269-4ab0-8563-6514c3376d21:192.168.164.250:32906, 49e61346-ce49-4850-8dcd-6024868ef21c:192.168.164.250:43655], old=null RUNNING
2019-10-02 10:04:18,273 [grpc-default-executor-3] INFO  impl.RaftServerImpl (RaftServerImpl.java:lambda$shutdown$3(247)) - 5a36316c-6269-4ab0-8563-6514c3376d21@group-33AF00750C36: shutdown
2019-10-02 10:04:18,273 [grpc-default-executor-3] INFO  util.JmxRegister (JmxRegister.java:unregister(73)) - Successfully un-registered JMX Bean with object name Ratis:service=RaftServer,group=group-33AF00750C36,id=5a36316c-6269-4ab0-8563-6514c3376d21
2019-10-02 10:04:18,273 [grpc-default-executor-3] INFO  impl.RoleInfo (RoleInfo.java:shutdownLeaderState(104)) - 5a36316c-6269-4ab0-8563-6514c3376d21: shutdown LeaderState
2019-10-02 10:04:18,276 [grpc-default-executor-3] INFO  impl.PendingRequests (PendingRequests.java:sendNotLeaderResponses(202)) - 5a36316c-6269-4ab0-8563-6514c3376d21@group-33AF00750C36-PendingRequests: sendNotLeaderResponses
2019-10-02 10:04:18,276 [org.apache.ratis.server.impl.LogAppender$AppenderDaemon$$Lambda$595/118746732@792e93a3] WARN  server.GrpcLogAppender (GrpcLogAppender.java:mayWait(143)) - 5a36316c-6269-4ab0-8563-6514c3376d21@group-33AF00750C36->49e61346-ce49-4850-8dcd-6024868ef21c-GrpcLogAppender: Wait interrupted by java.lang.InterruptedException
2019-10-02 10:04:18,276 [org.apache.ratis.server.impl.LogAppender$AppenderDaemon$$Lambda$595/118746732@20b9fd4c] WARN  server.GrpcLogAppender (GrpcLogAppender.java:mayWait(143)) - 5a36316c-6269-4ab0-8563-6514c3376d21@group-33AF00750C36->f543130f-443f-4ba5-9d6e-59ecbb0ec00a-GrpcLogAppender: Wait interrupted by java.lang.InterruptedException
2019-10-02 10:04:18,280 [grpc-default-executor-1] INFO  server.GrpcServerProtocolService (GrpcServerProtocolService.java:onCompleted(113)) - f543130f-443f-4ba5-9d6e-59ecbb0ec00a: Completed APPEND_ENTRIES, lastRequest: 5a36316c-6269-4ab0-8563-6514c3376d21->f543130f-443f-4ba5-9d6e-59ecbb0ec00a#29-t1, previous=(t:1, i:2), leaderCommit=0, initializing? false, entries: <empty>
2019-10-02 10:04:18,280 [grpc-default-executor-4] INFO  server.GrpcServerProtocolService (GrpcServerProtocolService.java:onCompleted(113)) - 49e61346-ce49-4850-8dcd-6024868ef21c: Completed APPEND_ENTRIES, lastRequest: 5a36316c-6269-4ab0-8563-6514c3376d21->49e61346-ce49-4850-8dcd-6024868ef21c#29-t1, previous=(t:1, i:2), leaderCommit=0, initializing? false, entries: <empty>
2019-10-02 10:04:18,282 [grpc-default-executor-1] INFO  server.GrpcLogAppender (GrpcLogAppender.java:onCompleted(293)) - 5a36316c-6269-4ab0-8563-6514c3376d21@group-33AF00750C36->f543130f-443f-4ba5-9d6e-59ecbb0ec00a-AppendLogResponseHandler: follower responses appendEntries COMPLETED
2019-10-02 10:04:18,282 [grpc-default-executor-4] INFO  server.GrpcLogAppender (GrpcLogAppender.java:onCompleted(293)) - 5a36316c-6269-4ab0-8563-6514c3376d21@group-33AF00750C36->49e61346-ce49-4850-8dcd-6024868ef21c-AppendLogResponseHandler: follower responses appendEntries COMPLETED
2019-10-02 10:04:18,284 [grpc-default-executor-1] INFO  impl.FollowerInfo (FollowerInfo.java:lambda$new$0(51)) - 5a36316c-6269-4ab0-8563-6514c3376d21@group-33AF00750C36->f543130f-443f-4ba5-9d6e-59ecbb0ec00a: nextIndex: updateUnconditionally 3 -> 2
2019-10-02 10:04:18,285 [grpc-default-executor-3] INFO  impl.StateMachineUpdater (StateMachineUpdater.java:stopAndJoin(136)) - 5a36316c-6269-4ab0-8563-6514c3376d21@group-33AF00750C36-StateMachineUpdater: set stopIndex = 0
2019-10-02 10:04:18,284 [grpc-default-executor-4] INFO  impl.FollowerInfo (FollowerInfo.java:lambda$new$0(51)) - 5a36316c-6269-4ab0-8563-6514c3376d21@group-33AF00750C36->49e61346-ce49-4850-8dcd-6024868ef21c: nextIndex: updateUnconditionally 3 -> 2
2019-10-02 10:04:18,292 [grpc-default-executor-3] INFO  impl.RaftServerImpl (ServerState.java:close(387)) - 5a36316c-6269-4ab0-8563-6514c3376d21@group-33AF00750C36: closes. applyIndex: 0
2019-10-02 10:04:18,300 [5a36316c-6269-4ab0-8563-6514c3376d21@group-33AF00750C36-SegmentedRaftLogWorker] INFO  segmented.SegmentedRaftLogWorker (SegmentedRaftLogWorker.java:run(316)) - 5a36316c-6269-4ab0-8563-6514c3376d21@group-33AF00750C36-SegmentedRaftLogWorker was interrupted, exiting. There are 0 tasks remaining in the queue.
2019-10-02 10:04:18,309 [grpc-default-executor-3] INFO  segmented.SegmentedRaftLogWorker (SegmentedRaftLogWorker.java:close(224)) - 5a36316c-6269-4ab0-8563-6514c3376d21@group-33AF00750C36-SegmentedRaftLogWorker close()
2019-10-02 10:04:18,331 [grpc-default-executor-3] INFO  impl.RaftServerProxy (RaftServerProxy.java:remove(95)) - 49e61346-ce49-4850-8dcd-6024868ef21c: remove  FOLLOWER 49e61346-ce49-4850-8dcd-6024868ef21c@group-33AF00750C36:t1, leader=5a36316c-6269-4ab0-8563-6514c3376d21, voted=5a36316c-6269-4ab0-8563-6514c3376d21, raftlog=49e61346-ce49-4850-8dcd-6024868ef21c@group-33AF00750C36-SegmentedRaftLog:OPENED:c0,f2,i2, conf=0: [f543130f-443f-4ba5-9d6e-59ecbb0ec00a:192.168.164.250:36191, 5a36316c-6269-4ab0-8563-6514c3376d21:192.168.164.250:32906, 49e61346-ce49-4850-8dcd-6024868ef21c:192.168.164.250:43655], old=null RUNNING
2019-10-02 10:04:18,332 [grpc-default-executor-3] INFO  impl.RaftServerImpl (RaftServerImpl.java:lambda$shutdown$3(247)) - 49e61346-ce49-4850-8dcd-6024868ef21c@group-33AF00750C36: shutdown
2019-10-02 10:04:18,332 [grpc-default-executor-3] INFO  util.JmxRegister (JmxRegister.java:unregister(73)) - Successfully un-registered JMX Bean with object name Ratis:service=RaftServer,group=group-33AF00750C36,id=49e61346-ce49-4850-8dcd-6024868ef21c
2019-10-02 10:04:18,332 [grpc-default-executor-3] INFO  impl.RoleInfo (RoleInfo.java:shutdownFollowerState(121)) - 49e61346-ce49-4850-8dcd-6024868ef21c: shutdown FollowerState
2019-10-02 10:04:18,332 [grpc-default-executor-3] INFO  impl.StateMachineUpdater (StateMachineUpdater.java:stopAndJoin(136)) - 49e61346-ce49-4850-8dcd-6024868ef21c@group-33AF00750C36-StateMachineUpdater: set stopIndex = 0
2019-10-02 10:04:18,332 [Thread-265] INFO  impl.FollowerState (FollowerState.java:run(117)) - 49e61346-ce49-4850-8dcd-6024868ef21c@group-33AF00750C36-FollowerState was interrupted: java.lang.InterruptedException: sleep interrupted
2019-10-02 10:04:18,334 [grpc-default-executor-3] INFO  impl.RaftServerImpl (ServerState.java:close(387)) - 49e61346-ce49-4850-8dcd-6024868ef21c@group-33AF00750C36: closes. applyIndex: 0
2019-10-02 10:04:18,334 [49e61346-ce49-4850-8dcd-6024868ef21c@group-33AF00750C36-SegmentedRaftLogWorker] INFO  segmented.SegmentedRaftLogWorker (SegmentedRaftLogWorker.java:run(316)) - 49e61346-ce49-4850-8dcd-6024868ef21c@group-33AF00750C36-SegmentedRaftLogWorker was interrupted, exiting. There are 0 tasks remaining in the queue.
2019-10-02 10:04:18,336 [grpc-default-executor-3] INFO  segmented.SegmentedRaftLogWorker (SegmentedRaftLogWorker.java:close(224)) - 49e61346-ce49-4850-8dcd-6024868ef21c@group-33AF00750C36-SegmentedRaftLogWorker close()
2019-10-02 10:04:18,367 [grpc-default-executor-3] INFO  interfaces.Container (KeyValueContainer.java:flushAndSyncDB(386)) - Container 3 is synced with bcsId 0.
2019-10-02 10:04:18,367 [grpc-default-executor-3] INFO  interfaces.Container (KeyValueContainer.java:flushAndSyncDB(386)) - Container 3 is synced with bcsId 0.
2019-10-02 10:04:18,378 [RatisPipelineUtilsThread] INFO  pipeline.PipelineStateManager (PipelineStateManager.java:removePipeline(108)) - Pipeline Pipeline[ Id: 8ccf886c-f7eb-40bd-be97-33af00750c36, Nodes: f543130f-443f-4ba5-9d6e-59ecbb0ec00a{ip: 192.168.164.250, host: pr-trunk-p5fv4-2201032288, networkLocation: /default-rack, certSerialId: null}5a36316c-6269-4ab0-8563-6514c3376d21{ip: 192.168.164.250, host: pr-trunk-p5fv4-2201032288, networkLocation: /default-rack, certSerialId: null}49e61346-ce49-4850-8dcd-6024868ef21c{ip: 192.168.164.250, host: pr-trunk-p5fv4-2201032288, networkLocation: /default-rack, certSerialId: null}, Type:RATIS, Factor:THREE, State:CLOSED] removed from db
2019-10-02 10:04:18,384 [grpc-default-executor-3] INFO  impl.RaftServerProxy (RaftServerProxy.java:remove(95)) - f543130f-443f-4ba5-9d6e-59ecbb0ec00a: remove group-33AF00750C36:null
2019-10-02 10:04:18,423 [RatisPipelineUtilsThread] WARN  pipeline.RatisPipelineUtils (RatisPipelineUtils.java:destroyPipeline(67)) - Pipeline destroy failed for pipeline=PipelineID=8ccf886c-f7eb-40bd-be97-33af00750c36 dn=f543130f-443f-4ba5-9d6e-59ecbb0ec00a{ip: 192.168.164.250, host: pr-trunk-p5fv4-2201032288, networkLocation: /default-rack, certSerialId: null}
2019-10-02 10:04:18,431 [grpc-default-executor-3] INFO  impl.RaftServerProxy (RaftServerProxy.java:remove(95)) - 5a36316c-6269-4ab0-8563-6514c3376d21: remove group-33AF00750C36:null
2019-10-02 10:04:18,439 [RatisPipelineUtilsThread] WARN  pipeline.RatisPipelineUtils (RatisPipelineUtils.java:destroyPipeline(67)) - Pipeline destroy failed for pipeline=PipelineID=8ccf886c-f7eb-40bd-be97-33af00750c36 dn=5a36316c-6269-4ab0-8563-6514c3376d21{ip: 192.168.164.250, host: pr-trunk-p5fv4-2201032288, networkLocation: /default-rack, certSerialId: null}
2019-10-02 10:04:18,445 [grpc-default-executor-3] INFO  impl.RaftServerProxy (RaftServerProxy.java:remove(95)) - 49e61346-ce49-4850-8dcd-6024868ef21c: remove group-33AF00750C36:null
2019-10-02 10:04:18,452 [RatisPipelineUtilsThread] WARN  pipeline.RatisPipelineUtils (RatisPipelineUtils.java:destroyPipeline(67)) - Pipeline destroy failed for pipeline=PipelineID=8ccf886c-f7eb-40bd-be97-33af00750c36 dn=49e61346-ce49-4850-8dcd-6024868ef21c{ip: 192.168.164.250, host: pr-trunk-p5fv4-2201032288, networkLocation: /default-rack, certSerialId: null}
2019-10-02 10:04:18,452 [RatisPipelineUtilsThread] ERROR pipeline.SCMPipelineManager (Scheduler.java:lambda$schedule$1(70)) - Destroy pipeline failed for pipeline:Pipeline[ Id: 8ccf886c-f7eb-40bd-be97-33af00750c36, Nodes: f543130f-443f-4ba5-9d6e-59ecbb0ec00a{ip: 192.168.164.250, host: pr-trunk-p5fv4-2201032288, networkLocation: /default-rack, certSerialId: null}5a36316c-6269-4ab0-8563-6514c3376d21{ip: 192.168.164.250, host: pr-trunk-p5fv4-2201032288, networkLocation: /default-rack, certSerialId: null}49e61346-ce49-4850-8dcd-6024868ef21c{ip: 192.168.164.250, host: pr-trunk-p5fv4-2201032288, networkLocation: /default-rack, certSerialId: null}, Type:RATIS, Factor:THREE, State:CLOSED]
org.apache.hadoop.hdds.scm.pipeline.PipelineNotFoundException: PipelineID=8ccf886c-f7eb-40bd-be97-33af00750c36 not found
	at org.apache.hadoop.hdds.scm.pipeline.PipelineStateMap.getPipeline(PipelineStateMap.java:132)
	at org.apache.hadoop.hdds.scm.pipeline.PipelineStateMap.removePipeline(PipelineStateMap.java:322)
	at org.apache.hadoop.hdds.scm.pipeline.PipelineStateManager.removePipeline(PipelineStateManager.java:107)
	at org.apache.hadoop.hdds.scm.pipeline.SCMPipelineManager.removePipeline(SCMPipelineManager.java:427)
	at org.apache.hadoop.hdds.scm.pipeline.SCMPipelineManager.destroyPipeline(SCMPipelineManager.java:413)
	at org.apache.hadoop.hdds.scm.pipeline.SCMPipelineManager.lambda$finalizeAndDestroyPipeline$0(SCMPipelineManager.java:322)
	at org.apache.hadoop.hdds.utils.Scheduler.lambda$schedule$1(Scheduler.java:68)
	at java.util.concurrent.Executors$RunnableAdapter.call(Executors.java:511)
	at java.util.concurrent.FutureTask.run(FutureTask.java:266)
	at java.util.concurrent.ScheduledThreadPoolExecutor$ScheduledFutureTask.access$201(ScheduledThreadPoolExecutor.java:180)
	at java.util.concurrent.ScheduledThreadPoolExecutor$ScheduledFutureTask.run(ScheduledThreadPoolExecutor.java:293)
	at java.util.concurrent.ThreadPoolExecutor.runWorker(ThreadPoolExecutor.java:1149)
	at java.util.concurrent.ThreadPoolExecutor$Worker.run(ThreadPoolExecutor.java:624)
	at java.lang.Thread.run(Thread.java:748)
2019-10-02 10:04:18,464 [grpc-default-executor-3] INFO  impl.RaftServerProxy (RaftServerProxy.java:addNew(89)) - f543130f-443f-4ba5-9d6e-59ecbb0ec00a: addNew group-B6961D81FBEA:[f543130f-443f-4ba5-9d6e-59ecbb0ec00a:192.168.164.250:36191, 5a36316c-6269-4ab0-8563-6514c3376d21:192.168.164.250:32906, 49e61346-ce49-4850-8dcd-6024868ef21c:192.168.164.250:43655] returns group-B6961D81FBEA:java.util.concurrent.CompletableFuture@f749bdc[Not completed]
2019-10-02 10:04:18,464 [grpc-default-executor-7] INFO  impl.RaftServerProxy (RaftServerProxy.java:addNew(89)) - 49e61346-ce49-4850-8dcd-6024868ef21c: addNew group-B6961D81FBEA:[f543130f-443f-4ba5-9d6e-59ecbb0ec00a:192.168.164.250:36191, 5a36316c-6269-4ab0-8563-6514c3376d21:192.168.164.250:32906, 49e61346-ce49-4850-8dcd-6024868ef21c:192.168.164.250:43655] returns group-B6961D81FBEA:java.util.concurrent.CompletableFuture@3e485570[Not completed]
2019-10-02 10:04:18,464 [grpc-default-executor-6] INFO  impl.RaftServerProxy (RaftServerProxy.java:addNew(89)) - 5a36316c-6269-4ab0-8563-6514c3376d21: addNew group-B6961D81FBEA:[f543130f-443f-4ba5-9d6e-59ecbb0ec00a:192.168.164.250:36191, 5a36316c-6269-4ab0-8563-6514c3376d21:192.168.164.250:32906, 49e61346-ce49-4850-8dcd-6024868ef21c:192.168.164.250:43655] returns group-B6961D81FBEA:java.util.concurrent.CompletableFuture@5dba603a[Not completed]
2019-10-02 10:04:18,467 [pool-57-thread-1] INFO  impl.RaftServerImpl (RaftServerImpl.java:<init>(95)) - f543130f-443f-4ba5-9d6e-59ecbb0ec00a: new RaftServerImpl for group-B6961D81FBEA:[f543130f-443f-4ba5-9d6e-59ecbb0ec00a:192.168.164.250:36191, 5a36316c-6269-4ab0-8563-6514c3376d21:192.168.164.250:32906, 49e61346-ce49-4850-8dcd-6024868ef21c:192.168.164.250:43655] with ContainerStateMachine:uninitialized
2019-10-02 10:04:18,467 [pool-57-thread-1] INFO  server.RaftServerConfigKeys (ConfUtils.java:logGet(43)) - raft.server.rpc.timeout.min = 5s (custom)
2019-10-02 10:04:18,468 [pool-57-thread-1] INFO  server.RaftServerConfigKeys (ConfUtils.java:logGet(43)) - raft.server.rpc.timeout.max = 5200ms (custom)
2019-10-02 10:04:18,468 [pool-57-thread-1] INFO  server.RaftServerConfigKeys (ConfUtils.java:logGet(43)) - raft.server.rpcslowness.timeout = 120s (custom)
2019-10-02 10:04:18,468 [pool-57-thread-1] INFO  server.RaftServerConfigKeys (ConfUtils.java:logGet(43)) - raft.server.sleep.deviation.threshold = 300 (default)
2019-10-02 10:04:18,468 [pool-57-thread-1] INFO  server.RaftServerConfigKeys (ConfUtils.java:logGet(43)) - raft.server.log.appender.install.snapshot.enabled = false (custom)
2019-10-02 10:04:18,468 [pool-57-thread-1] INFO  impl.RaftServerImpl (ServerState.java:<init>(103)) - f543130f-443f-4ba5-9d6e-59ecbb0ec00a@group-B6961D81FBEA: ConfigurationManager, init=-1: [f543130f-443f-4ba5-9d6e-59ecbb0ec00a:192.168.164.250:36191, 5a36316c-6269-4ab0-8563-6514c3376d21:192.168.164.250:32906, 49e61346-ce49-4850-8dcd-6024868ef21c:192.168.164.250:43655], old=null, confs=<EMPTY_MAP>
2019-10-02 10:04:18,468 [pool-57-thread-1] INFO  server.RaftServerConfigKeys (ConfUtils.java:logGet(43)) - raft.server.storage.dir = [/workdir/hadoop-ozone/ozonefs/target/test-dir/MiniOzoneClusterImpl-a0bcfbd7-d664-4bc8-be8a-7389cc786fdd/datanode-3/data/ratis] (custom)
2019-10-02 10:04:18,469 [pool-37-thread-1] INFO  impl.RaftServerImpl (RaftServerImpl.java:<init>(95)) - 5a36316c-6269-4ab0-8563-6514c3376d21: new RaftServerImpl for group-B6961D81FBEA:[f543130f-443f-4ba5-9d6e-59ecbb0ec00a:192.168.164.250:36191, 5a36316c-6269-4ab0-8563-6514c3376d21:192.168.164.250:32906, 49e61346-ce49-4850-8dcd-6024868ef21c:192.168.164.250:43655] with ContainerStateMachine:uninitialized
2019-10-02 10:04:18,469 [pool-37-thread-1] INFO  server.RaftServerConfigKeys (ConfUtils.java:logGet(43)) - raft.server.rpc.timeout.min = 5s (custom)
2019-10-02 10:04:18,469 [pool-57-thread-1] INFO  server.RaftServerConfigKeys (ConfUtils.java:logGet(43)) - raft.server.log.corruption.policy = EXCEPTION (default)
2019-10-02 10:04:18,469 [pool-37-thread-1] INFO  server.RaftServerConfigKeys (ConfUtils.java:logGet(43)) - raft.server.rpc.timeout.max = 5200ms (custom)
2019-10-02 10:04:18,469 [pool-57-thread-1] INFO  storage.RaftStorageDirectory (RaftStorageDirectory.java:analyzeStorage(246)) - The storage directory /workdir/hadoop-ozone/ozonefs/target/test-dir/MiniOzoneClusterImpl-a0bcfbd7-d664-4bc8-be8a-7389cc786fdd/datanode-3/data/ratis/07cc1869-c225-4655-aa53-b6961d81fbea does not exist. Creating ...
2019-10-02 10:04:18,469 [pool-37-thread-1] INFO  server.RaftServerConfigKeys (ConfUtils.java:logGet(43)) - raft.server.rpcslowness.timeout = 120s (custom)
2019-10-02 10:04:18,469 [pool-37-thread-1] INFO  server.RaftServerConfigKeys (ConfUtils.java:logGet(43)) - raft.server.sleep.deviation.threshold = 300 (default)
2019-10-02 10:04:18,470 [pool-37-thread-1] INFO  server.RaftServerConfigKeys (ConfUtils.java:logGet(43)) - raft.server.log.appender.install.snapshot.enabled = false (custom)
2019-10-02 10:04:18,470 [pool-37-thread-1] INFO  impl.RaftServerImpl (ServerState.java:<init>(103)) - 5a36316c-6269-4ab0-8563-6514c3376d21@group-B6961D81FBEA: ConfigurationManager, init=-1: [f543130f-443f-4ba5-9d6e-59ecbb0ec00a:192.168.164.250:36191, 5a36316c-6269-4ab0-8563-6514c3376d21:192.168.164.250:32906, 49e61346-ce49-4850-8dcd-6024868ef21c:192.168.164.250:43655], old=null, confs=<EMPTY_MAP>
2019-10-02 10:04:18,470 [pool-47-thread-1] INFO  impl.RaftServerImpl (RaftServerImpl.java:<init>(95)) - 49e61346-ce49-4850-8dcd-6024868ef21c: new RaftServerImpl for group-B6961D81FBEA:[f543130f-443f-4ba5-9d6e-59ecbb0ec00a:192.168.164.250:36191, 5a36316c-6269-4ab0-8563-6514c3376d21:192.168.164.250:32906, 49e61346-ce49-4850-8dcd-6024868ef21c:192.168.164.250:43655] with ContainerStateMachine:uninitialized
2019-10-02 10:04:18,470 [pool-37-thread-1] INFO  server.RaftServerConfigKeys (ConfUtils.java:logGet(43)) - raft.server.storage.dir = [/workdir/hadoop-ozone/ozonefs/target/test-dir/MiniOzoneClusterImpl-a0bcfbd7-d664-4bc8-be8a-7389cc786fdd/datanode-1/data/ratis] (custom)
2019-10-02 10:04:18,470 [pool-47-thread-1] INFO  server.RaftServerConfigKeys (ConfUtils.java:logGet(43)) - raft.server.rpc.timeout.min = 5s (custom)
2019-10-02 10:04:18,470 [pool-47-thread-1] INFO  server.RaftServerConfigKeys (ConfUtils.java:logGet(43)) - raft.server.rpc.timeout.max = 5200ms (custom)
2019-10-02 10:04:18,470 [pool-37-thread-1] INFO  server.RaftServerConfigKeys (ConfUtils.java:logGet(43)) - raft.server.log.corruption.policy = EXCEPTION (default)
2019-10-02 10:04:18,470 [pool-47-thread-1] INFO  server.RaftServerConfigKeys (ConfUtils.java:logGet(43)) - raft.server.rpcslowness.timeout = 120s (custom)
2019-10-02 10:04:18,470 [pool-37-thread-1] INFO  storage.RaftStorageDirectory (RaftStorageDirectory.java:analyzeStorage(246)) - The storage directory /workdir/hadoop-ozone/ozonefs/target/test-dir/MiniOzoneClusterImpl-a0bcfbd7-d664-4bc8-be8a-7389cc786fdd/datanode-1/data/ratis/07cc1869-c225-4655-aa53-b6961d81fbea does not exist. Creating ...
2019-10-02 10:04:18,470 [pool-47-thread-1] INFO  server.RaftServerConfigKeys (ConfUtils.java:logGet(43)) - raft.server.sleep.deviation.threshold = 300 (default)
2019-10-02 10:04:18,471 [pool-47-thread-1] INFO  server.RaftServerConfigKeys (ConfUtils.java:logGet(43)) - raft.server.log.appender.install.snapshot.enabled = false (custom)
2019-10-02 10:04:18,471 [pool-47-thread-1] INFO  impl.RaftServerImpl (ServerState.java:<init>(103)) - 49e61346-ce49-4850-8dcd-6024868ef21c@group-B6961D81FBEA: ConfigurationManager, init=-1: [f543130f-443f-4ba5-9d6e-59ecbb0ec00a:192.168.164.250:36191, 5a36316c-6269-4ab0-8563-6514c3376d21:192.168.164.250:32906, 49e61346-ce49-4850-8dcd-6024868ef21c:192.168.164.250:43655], old=null, confs=<EMPTY_MAP>
2019-10-02 10:04:18,471 [pool-47-thread-1] INFO  server.RaftServerConfigKeys (ConfUtils.java:logGet(43)) - raft.server.storage.dir = [/workdir/hadoop-ozone/ozonefs/target/test-dir/MiniOzoneClusterImpl-a0bcfbd7-d664-4bc8-be8a-7389cc786fdd/datanode-2/data/ratis] (custom)
2019-10-02 10:04:18,471 [pool-47-thread-1] INFO  server.RaftServerConfigKeys (ConfUtils.java:logGet(43)) - raft.server.log.corruption.policy = EXCEPTION (default)
2019-10-02 10:04:18,471 [pool-47-thread-1] INFO  storage.RaftStorageDirectory (RaftStorageDirectory.java:analyzeStorage(246)) - The storage directory /workdir/hadoop-ozone/ozonefs/target/test-dir/MiniOzoneClusterImpl-a0bcfbd7-d664-4bc8-be8a-7389cc786fdd/datanode-2/data/ratis/07cc1869-c225-4655-aa53-b6961d81fbea does not exist. Creating ...
2019-10-02 10:04:18,483 [pool-37-thread-1] INFO  storage.RaftStorageDirectory (RaftStorageDirectory.java:tryLock(328)) - Lock on /workdir/hadoop-ozone/ozonefs/target/test-dir/MiniOzoneClusterImpl-a0bcfbd7-d664-4bc8-be8a-7389cc786fdd/datanode-1/data/ratis/07cc1869-c225-4655-aa53-b6961d81fbea/in_use.lock acquired by nodename 13808@pr-trunk-p5fv4-2201032288
2019-10-02 10:04:18,483 [pool-47-thread-1] INFO  storage.RaftStorageDirectory (RaftStorageDirectory.java:tryLock(328)) - Lock on /workdir/hadoop-ozone/ozonefs/target/test-dir/MiniOzoneClusterImpl-a0bcfbd7-d664-4bc8-be8a-7389cc786fdd/datanode-2/data/ratis/07cc1869-c225-4655-aa53-b6961d81fbea/in_use.lock acquired by nodename 13808@pr-trunk-p5fv4-2201032288
2019-10-02 10:04:18,483 [pool-57-thread-1] INFO  storage.RaftStorageDirectory (RaftStorageDirectory.java:tryLock(328)) - Lock on /workdir/hadoop-ozone/ozonefs/target/test-dir/MiniOzoneClusterImpl-a0bcfbd7-d664-4bc8-be8a-7389cc786fdd/datanode-3/data/ratis/07cc1869-c225-4655-aa53-b6961d81fbea/in_use.lock acquired by nodename 13808@pr-trunk-p5fv4-2201032288
2019-10-02 10:04:18,495 [pool-37-thread-1] INFO  storage.RaftStorage (RaftStorage.java:format(84)) - Storage directory /workdir/hadoop-ozone/ozonefs/target/test-dir/MiniOzoneClusterImpl-a0bcfbd7-d664-4bc8-be8a-7389cc786fdd/datanode-1/data/ratis/07cc1869-c225-4655-aa53-b6961d81fbea has been successfully formatted.
2019-10-02 10:04:18,495 [pool-47-thread-1] INFO  storage.RaftStorage (RaftStorage.java:format(84)) - Storage directory /workdir/hadoop-ozone/ozonefs/target/test-dir/MiniOzoneClusterImpl-a0bcfbd7-d664-4bc8-be8a-7389cc786fdd/datanode-2/data/ratis/07cc1869-c225-4655-aa53-b6961d81fbea has been successfully formatted.
2019-10-02 10:04:18,495 [pool-57-thread-1] INFO  storage.RaftStorage (RaftStorage.java:format(84)) - Storage directory /workdir/hadoop-ozone/ozonefs/target/test-dir/MiniOzoneClusterImpl-a0bcfbd7-d664-4bc8-be8a-7389cc786fdd/datanode-3/data/ratis/07cc1869-c225-4655-aa53-b6961d81fbea has been successfully formatted.
2019-10-02 10:04:18,495 [pool-47-thread-1] INFO  ratis.ContainerStateMachine (ContainerStateMachine.java:loadSnapshot(231)) - group-B6961D81FBEA: The snapshot info is null. Setting the last applied indexto:(t:0, i:~)
2019-10-02 10:04:18,495 [pool-37-thread-1] INFO  ratis.ContainerStateMachine (ContainerStateMachine.java:loadSnapshot(231)) - group-B6961D81FBEA: The snapshot info is null. Setting the last applied indexto:(t:0, i:~)
2019-10-02 10:04:18,495 [pool-57-thread-1] INFO  ratis.ContainerStateMachine (ContainerStateMachine.java:loadSnapshot(231)) - group-B6961D81FBEA: The snapshot info is null. Setting the last applied indexto:(t:0, i:~)
2019-10-02 10:04:18,495 [pool-47-thread-1] INFO  server.RaftServerConfigKeys (ConfUtils.java:logGet(43)) - raft.server.notification.no-leader.timeout = 120s (custom)
2019-10-02 10:04:18,495 [pool-37-thread-1] INFO  server.RaftServerConfigKeys (ConfUtils.java:logGet(43)) - raft.server.notification.no-leader.timeout = 120s (custom)
2019-10-02 10:04:18,496 [pool-47-thread-1] INFO  server.RaftServerConfigKeys (ConfUtils.java:logGet(43)) - raft.server.log.use.memory = false (default)
2019-10-02 10:04:18,496 [pool-57-thread-1] INFO  server.RaftServerConfigKeys (ConfUtils.java:logGet(43)) - raft.server.notification.no-leader.timeout = 120s (custom)
2019-10-02 10:04:18,496 [pool-47-thread-1] INFO  server.RaftServerConfigKeys (ConfUtils.java:logGet(43)) - raft.server.log.purge.gap = 1000000 (custom)
2019-10-02 10:04:18,496 [pool-37-thread-1] INFO  server.RaftServerConfigKeys (ConfUtils.java:logGet(43)) - raft.server.log.use.memory = false (default)
2019-10-02 10:04:18,496 [pool-47-thread-1] INFO  server.RaftServerConfigKeys (ConfUtils.java:logGet(43)) - raft.server.log.appender.buffer.byte-limit = 33554432 (custom)
2019-10-02 10:04:18,496 [pool-57-thread-1] INFO  server.RaftServerConfigKeys (ConfUtils.java:logGet(43)) - raft.server.log.use.memory = false (default)
2019-10-02 10:04:18,496 [pool-47-thread-1] INFO  server.RaftServerConfigKeys (ConfUtils.java:logGet(43)) - raft.server.log.segment.size.max = 1048576 (custom)
2019-10-02 10:04:18,496 [pool-37-thread-1] INFO  server.RaftServerConfigKeys (ConfUtils.java:logGet(43)) - raft.server.log.purge.gap = 1000000 (custom)
2019-10-02 10:04:18,497 [pool-47-thread-1] INFO  server.RaftServerConfigKeys (ConfUtils.java:logGet(43)) - raft.server.log.segment.cache.num.max = 2 (custom)
2019-10-02 10:04:18,496 [pool-57-thread-1] INFO  server.RaftServerConfigKeys (ConfUtils.java:logGet(43)) - raft.server.log.purge.gap = 1000000 (custom)
2019-10-02 10:04:18,497 [pool-47-thread-1] INFO  segmented.SegmentedRaftLogWorker (SegmentedRaftLogWorker.java:<init>(173)) - new 49e61346-ce49-4850-8dcd-6024868ef21c@group-B6961D81FBEA-SegmentedRaftLogWorker for RaftStorage:Storage Directory /workdir/hadoop-ozone/ozonefs/target/test-dir/MiniOzoneClusterImpl-a0bcfbd7-d664-4bc8-be8a-7389cc786fdd/datanode-2/data/ratis/07cc1869-c225-4655-aa53-b6961d81fbea
2019-10-02 10:04:18,497 [pool-37-thread-1] INFO  server.RaftServerConfigKeys (ConfUtils.java:logGet(43)) - raft.server.log.appender.buffer.byte-limit = 33554432 (custom)
2019-10-02 10:04:18,497 [pool-47-thread-1] INFO  server.RaftServerConfigKeys (ConfUtils.java:logGet(43)) - raft.server.log.queue.byte-limit = 2147483647 (custom)
2019-10-02 10:04:18,497 [pool-57-thread-1] INFO  server.RaftServerConfigKeys (ConfUtils.java:logGet(43)) - raft.server.log.appender.buffer.byte-limit = 33554432 (custom)
2019-10-02 10:04:18,497 [pool-47-thread-1] INFO  server.RaftServerConfigKeys (ConfUtils.java:logGet(43)) - raft.server.log.queue.element-limit = 1024 (custom)
2019-10-02 10:04:18,497 [pool-37-thread-1] INFO  server.RaftServerConfigKeys (ConfUtils.java:logGet(43)) - raft.server.log.segment.size.max = 1048576 (custom)
2019-10-02 10:04:18,497 [pool-47-thread-1] INFO  server.RaftServerConfigKeys (ConfUtils.java:logGet(43)) - raft.server.log.segment.size.max = 1048576 (custom)
2019-10-02 10:04:18,497 [pool-57-thread-1] INFO  server.RaftServerConfigKeys (ConfUtils.java:logGet(43)) - raft.server.log.segment.size.max = 1048576 (custom)
2019-10-02 10:04:18,498 [pool-47-thread-1] INFO  server.RaftServerConfigKeys (ConfUtils.java:logGet(43)) - raft.server.log.preallocated.size = 16384 (custom)
2019-10-02 10:04:18,498 [pool-37-thread-1] INFO  server.RaftServerConfigKeys (ConfUtils.java:logGet(43)) - raft.server.log.segment.cache.num.max = 2 (custom)
2019-10-02 10:04:18,498 [pool-47-thread-1] INFO  server.RaftServerConfigKeys (ConfUtils.java:logGet(43)) - raft.server.log.write.buffer.size = 33554432 (custom)
2019-10-02 10:04:18,498 [pool-57-thread-1] INFO  server.RaftServerConfigKeys (ConfUtils.java:logGet(43)) - raft.server.log.segment.cache.num.max = 2 (custom)
2019-10-02 10:04:18,498 [pool-47-thread-1] INFO  server.RaftServerConfigKeys (ConfUtils.java:logGet(43)) - raft.server.log.force.sync.num = 128 (default)
2019-10-02 10:04:18,498 [pool-37-thread-1] INFO  segmented.SegmentedRaftLogWorker (SegmentedRaftLogWorker.java:<init>(173)) - new 5a36316c-6269-4ab0-8563-6514c3376d21@group-B6961D81FBEA-SegmentedRaftLogWorker for RaftStorage:Storage Directory /workdir/hadoop-ozone/ozonefs/target/test-dir/MiniOzoneClusterImpl-a0bcfbd7-d664-4bc8-be8a-7389cc786fdd/datanode-1/data/ratis/07cc1869-c225-4655-aa53-b6961d81fbea
2019-10-02 10:04:18,498 [pool-47-thread-1] INFO  server.RaftServerConfigKeys (ConfUtils.java:logGet(43)) - raft.server.log.statemachine.data.sync = true (default)
2019-10-02 10:04:18,498 [pool-57-thread-1] INFO  segmented.SegmentedRaftLogWorker (SegmentedRaftLogWorker.java:<init>(173)) - new f543130f-443f-4ba5-9d6e-59ecbb0ec00a@group-B6961D81FBEA-SegmentedRaftLogWorker for RaftStorage:Storage Directory /workdir/hadoop-ozone/ozonefs/target/test-dir/MiniOzoneClusterImpl-a0bcfbd7-d664-4bc8-be8a-7389cc786fdd/datanode-3/data/ratis/07cc1869-c225-4655-aa53-b6961d81fbea
2019-10-02 10:04:18,498 [pool-47-thread-1] INFO  server.RaftServerConfigKeys (ConfUtils.java:logGet(43)) - raft.server.log.statemachine.data.sync.timeout = 10s (default)
2019-10-02 10:04:18,498 [pool-37-thread-1] INFO  server.RaftServerConfigKeys (ConfUtils.java:logGet(43)) - raft.server.log.queue.byte-limit = 2147483647 (custom)
2019-10-02 10:04:18,499 [pool-47-thread-1] INFO  server.RaftServerConfigKeys (ConfUtils.java:logGet(43)) - raft.server.log.statemachine.data.sync.timeout.retry = -1 (default)
2019-10-02 10:04:18,499 [pool-57-thread-1] INFO  server.RaftServerConfigKeys (ConfUtils.java:logGet(43)) - raft.server.log.queue.byte-limit = 2147483647 (custom)
2019-10-02 10:04:18,499 [pool-37-thread-1] INFO  server.RaftServerConfigKeys (ConfUtils.java:logGet(43)) - raft.server.log.queue.element-limit = 1024 (custom)
2019-10-02 10:04:18,499 [pool-47-thread-1] INFO  server.RaftServerConfigKeys (ConfUtils.java:logGet(43)) - raft.server.log.statemachine.data.caching.enabled = true (custom)
2019-10-02 10:04:18,499 [pool-57-thread-1] INFO  server.RaftServerConfigKeys (ConfUtils.java:logGet(43)) - raft.server.log.queue.element-limit = 1024 (custom)
2019-10-02 10:04:18,499 [pool-37-thread-1] INFO  server.RaftServerConfigKeys (ConfUtils.java:logGet(43)) - raft.server.log.segment.size.max = 1048576 (custom)
2019-10-02 10:04:18,499 [pool-57-thread-1] INFO  server.RaftServerConfigKeys (ConfUtils.java:logGet(43)) - raft.server.log.segment.size.max = 1048576 (custom)
2019-10-02 10:04:18,499 [pool-47-thread-1] INFO  segmented.SegmentedRaftLogWorker (SegmentedRaftLogWorker.java:lambda$new$0(128)) - 49e61346-ce49-4850-8dcd-6024868ef21c@group-B6961D81FBEA-SegmentedRaftLogWorker: flushIndex: setUnconditionally 0 -> -1
2019-10-02 10:04:18,499 [pool-57-thread-1] INFO  server.RaftServerConfigKeys (ConfUtils.java:logGet(43)) - raft.server.log.preallocated.size = 16384 (custom)
2019-10-02 10:04:18,499 [pool-37-thread-1] INFO  server.RaftServerConfigKeys (ConfUtils.java:logGet(43)) - raft.server.log.preallocated.size = 16384 (custom)
2019-10-02 10:04:18,500 [pool-57-thread-1] INFO  server.RaftServerConfigKeys (ConfUtils.java:logGet(43)) - raft.server.log.write.buffer.size = 33554432 (custom)
2019-10-02 10:04:18,500 [pool-37-thread-1] INFO  server.RaftServerConfigKeys (ConfUtils.java:logGet(43)) - raft.server.log.write.buffer.size = 33554432 (custom)
2019-10-02 10:04:18,500 [pool-47-thread-1] INFO  server.RaftServerConfigKeys (ConfUtils.java:logGet(43)) - raft.server.snapshot.auto.trigger.enabled = true (custom)
2019-10-02 10:04:18,500 [pool-37-thread-1] INFO  server.RaftServerConfigKeys (ConfUtils.java:logGet(43)) - raft.server.log.force.sync.num = 128 (default)
2019-10-02 10:04:18,500 [pool-57-thread-1] INFO  server.RaftServerConfigKeys (ConfUtils.java:logGet(43)) - raft.server.log.force.sync.num = 128 (default)
2019-10-02 10:04:18,500 [pool-37-thread-1] INFO  server.RaftServerConfigKeys (ConfUtils.java:logGet(43)) - raft.server.log.statemachine.data.sync = true (default)
2019-10-02 10:04:18,500 [pool-47-thread-1] INFO  server.RaftServerConfigKeys (ConfUtils.java:logGet(43)) - raft.server.snapshot.auto.trigger.threshold = 10000 (custom)
2019-10-02 10:04:18,500 [pool-37-thread-1] INFO  server.RaftServerConfigKeys (ConfUtils.java:logGet(43)) - raft.server.log.statemachine.data.sync.timeout = 10s (default)
2019-10-02 10:04:18,500 [pool-57-thread-1] INFO  server.RaftServerConfigKeys (ConfUtils.java:logGet(43)) - raft.server.log.statemachine.data.sync = true (default)
2019-10-02 10:04:18,501 [pool-37-thread-1] INFO  server.RaftServerConfigKeys (ConfUtils.java:logGet(43)) - raft.server.log.statemachine.data.sync.timeout.retry = -1 (default)
2019-10-02 10:04:18,500 [pool-47-thread-1] INFO  server.RaftServerConfigKeys (ConfUtils.java:logGet(43)) - raft.server.snapshot.retention.file.num = 5 (custom)
2019-10-02 10:04:18,501 [pool-37-thread-1] INFO  server.RaftServerConfigKeys (ConfUtils.java:logGet(43)) - raft.server.log.statemachine.data.caching.enabled = true (custom)
2019-10-02 10:04:18,501 [pool-57-thread-1] INFO  server.RaftServerConfigKeys (ConfUtils.java:logGet(43)) - raft.server.log.statemachine.data.sync.timeout = 10s (default)
2019-10-02 10:04:18,501 [pool-47-thread-1] INFO  server.RaftServerConfigKeys (ConfUtils.java:logGet(43)) - raft.server.retrycache.expirytime = 600000ms (custom)
2019-10-02 10:04:18,501 [pool-37-thread-1] INFO  segmented.SegmentedRaftLogWorker (SegmentedRaftLogWorker.java:lambda$new$0(128)) - 5a36316c-6269-4ab0-8563-6514c3376d21@group-B6961D81FBEA-SegmentedRaftLogWorker: flushIndex: setUnconditionally 0 -> -1
2019-10-02 10:04:18,501 [pool-57-thread-1] INFO  server.RaftServerConfigKeys (ConfUtils.java:logGet(43)) - raft.server.log.statemachine.data.sync.timeout.retry = -1 (default)
2019-10-02 10:04:18,502 [pool-37-thread-1] INFO  server.RaftServerConfigKeys (ConfUtils.java:logGet(43)) - raft.server.snapshot.auto.trigger.enabled = true (custom)
2019-10-02 10:04:18,502 [pool-57-thread-1] INFO  server.RaftServerConfigKeys (ConfUtils.java:logGet(43)) - raft.server.log.statemachine.data.caching.enabled = true (custom)
2019-10-02 10:04:18,502 [pool-37-thread-1] INFO  server.RaftServerConfigKeys (ConfUtils.java:logGet(43)) - raft.server.snapshot.auto.trigger.threshold = 10000 (custom)
2019-10-02 10:04:18,502 [pool-37-thread-1] INFO  server.RaftServerConfigKeys (ConfUtils.java:logGet(43)) - raft.server.snapshot.retention.file.num = 5 (custom)
2019-10-02 10:04:18,502 [pool-57-thread-1] INFO  segmented.SegmentedRaftLogWorker (SegmentedRaftLogWorker.java:lambda$new$0(128)) - f543130f-443f-4ba5-9d6e-59ecbb0ec00a@group-B6961D81FBEA-SegmentedRaftLogWorker: flushIndex: setUnconditionally 0 -> -1
2019-10-02 10:04:18,502 [pool-37-thread-1] INFO  server.RaftServerConfigKeys (ConfUtils.java:logGet(43)) - raft.server.retrycache.expirytime = 600000ms (custom)
2019-10-02 10:04:18,502 [pool-57-thread-1] INFO  server.RaftServerConfigKeys (ConfUtils.java:logGet(43)) - raft.server.snapshot.auto.trigger.enabled = true (custom)
2019-10-02 10:04:18,502 [pool-57-thread-1] INFO  server.RaftServerConfigKeys (ConfUtils.java:logGet(43)) - raft.server.snapshot.auto.trigger.threshold = 10000 (custom)
2019-10-02 10:04:18,503 [pool-57-thread-1] INFO  server.RaftServerConfigKeys (ConfUtils.java:logGet(43)) - raft.server.snapshot.retention.file.num = 5 (custom)
2019-10-02 10:04:18,503 [pool-57-thread-1] INFO  server.RaftServerConfigKeys (ConfUtils.java:logGet(43)) - raft.server.retrycache.expirytime = 600000ms (custom)
2019-10-02 10:04:18,506 [pool-37-thread-1] INFO  impl.RaftServerImpl (RaftServerImpl.java:start(181)) - 5a36316c-6269-4ab0-8563-6514c3376d21@group-B6961D81FBEA: start as a follower, conf=-1: [f543130f-443f-4ba5-9d6e-59ecbb0ec00a:192.168.164.250:36191, 5a36316c-6269-4ab0-8563-6514c3376d21:192.168.164.250:32906, 49e61346-ce49-4850-8dcd-6024868ef21c:192.168.164.250:43655], old=null
2019-10-02 10:04:18,506 [pool-47-thread-1] INFO  impl.RaftServerImpl (RaftServerImpl.java:start(181)) - 49e61346-ce49-4850-8dcd-6024868ef21c@group-B6961D81FBEA: start as a follower, conf=-1: [f543130f-443f-4ba5-9d6e-59ecbb0ec00a:192.168.164.250:36191, 5a36316c-6269-4ab0-8563-6514c3376d21:192.168.164.250:32906, 49e61346-ce49-4850-8dcd-6024868ef21c:192.168.164.250:43655], old=null
2019-10-02 10:04:18,506 [pool-37-thread-1] INFO  impl.RaftServerImpl (RaftServerImpl.java:setRole(170)) - 5a36316c-6269-4ab0-8563-6514c3376d21@group-B6961D81FBEA: changes role from      null to FOLLOWER at term 0 for startAsFollower
2019-10-02 10:04:18,506 [pool-47-thread-1] INFO  impl.RaftServerImpl (RaftServerImpl.java:setRole(170)) - 49e61346-ce49-4850-8dcd-6024868ef21c@group-B6961D81FBEA: changes role from      null to FOLLOWER at term 0 for startAsFollower
2019-10-02 10:04:18,506 [pool-37-thread-1] INFO  impl.RoleInfo (RoleInfo.java:updateAndGet(143)) - 5a36316c-6269-4ab0-8563-6514c3376d21: start FollowerState
2019-10-02 10:04:18,506 [pool-57-thread-1] INFO  impl.RaftServerImpl (RaftServerImpl.java:start(181)) - f543130f-443f-4ba5-9d6e-59ecbb0ec00a@group-B6961D81FBEA: start as a follower, conf=-1: [f543130f-443f-4ba5-9d6e-59ecbb0ec00a:192.168.164.250:36191, 5a36316c-6269-4ab0-8563-6514c3376d21:192.168.164.250:32906, 49e61346-ce49-4850-8dcd-6024868ef21c:192.168.164.250:43655], old=null
2019-10-02 10:04:18,506 [pool-47-thread-1] INFO  impl.RoleInfo (RoleInfo.java:updateAndGet(143)) - 49e61346-ce49-4850-8dcd-6024868ef21c: start FollowerState
2019-10-02 10:04:18,507 [pool-57-thread-1] INFO  impl.RaftServerImpl (RaftServerImpl.java:setRole(170)) - f543130f-443f-4ba5-9d6e-59ecbb0ec00a@group-B6961D81FBEA: changes role from      null to FOLLOWER at term 0 for startAsFollower
2019-10-02 10:04:18,507 [pool-37-thread-1] INFO  util.JmxRegister (JmxRegister.java:tryRegister(44)) - Successfully registered JMX Bean with object name Ratis:service=RaftServer,group=group-B6961D81FBEA,id=5a36316c-6269-4ab0-8563-6514c3376d21
2019-10-02 10:04:18,507 [pool-47-thread-1] INFO  util.JmxRegister (JmxRegister.java:tryRegister(44)) - Successfully registered JMX Bean with object name Ratis:service=RaftServer,group=group-B6961D81FBEA,id=49e61346-ce49-4850-8dcd-6024868ef21c
2019-10-02 10:04:18,507 [pool-57-thread-1] INFO  impl.RoleInfo (RoleInfo.java:updateAndGet(143)) - f543130f-443f-4ba5-9d6e-59ecbb0ec00a: start FollowerState
2019-10-02 10:04:18,507 [pool-57-thread-1] INFO  util.JmxRegister (JmxRegister.java:tryRegister(44)) - Successfully registered JMX Bean with object name Ratis:service=RaftServer,group=group-B6961D81FBEA,id=f543130f-443f-4ba5-9d6e-59ecbb0ec00a
2019-10-02 10:04:18,519 [RatisPipelineUtilsThread] INFO  pipeline.PipelineStateManager (PipelineStateManager.java:addPipeline(56)) - Created pipeline Pipeline[ Id: 07cc1869-c225-4655-aa53-b6961d81fbea, Nodes: f543130f-443f-4ba5-9d6e-59ecbb0ec00a{ip: 192.168.164.250, host: pr-trunk-p5fv4-2201032288, networkLocation: /default-rack, certSerialId: null}5a36316c-6269-4ab0-8563-6514c3376d21{ip: 192.168.164.250, host: pr-trunk-p5fv4-2201032288, networkLocation: /default-rack, certSerialId: null}49e61346-ce49-4850-8dcd-6024868ef21c{ip: 192.168.164.250, host: pr-trunk-p5fv4-2201032288, networkLocation: /default-rack, certSerialId: null}, Type:RATIS, Factor:THREE, State:OPEN]
2019-10-02 10:04:19,345 [Thread-247] WARN  io.KeyOutputStream (KeyOutputStream.java:handleException(274)) - Encountered exception java.io.IOException: Unexpected Storage Container Exception: java.util.concurrent.CompletionException: java.util.concurrent.CompletionException: org.apache.ratis.protocol.GroupMismatchException: f543130f-443f-4ba5-9d6e-59ecbb0ec00a: group-33AF00750C36 not found. on the pipeline Pipeline[ Id: 8ccf886c-f7eb-40bd-be97-33af00750c36, Nodes: f543130f-443f-4ba5-9d6e-59ecbb0ec00a{ip: 192.168.164.250, host: pr-trunk-p5fv4-2201032288, networkLocation: /default-rack, certSerialId: null}5a36316c-6269-4ab0-8563-6514c3376d21{ip: 192.168.164.250, host: pr-trunk-p5fv4-2201032288, networkLocation: /default-rack, certSerialId: null}49e61346-ce49-4850-8dcd-6024868ef21c{ip: 192.168.164.250, host: pr-trunk-p5fv4-2201032288, networkLocation: /default-rack, certSerialId: null}, Type:RATIS, Factor:THREE, State:OPEN]. The last committed block length is 0, uncommitted data length is 1024 retry count 0
2019-10-02 10:04:23,641 [Thread-419] INFO  impl.FollowerState (FollowerState.java:run(108)) - f543130f-443f-4ba5-9d6e-59ecbb0ec00a@group-B6961D81FBEA-FollowerState: change to CANDIDATE, lastRpcTime:5133ms, electionTimeout:5133ms
2019-10-02 10:04:23,643 [Thread-419] INFO  impl.RoleInfo (RoleInfo.java:shutdownFollowerState(121)) - f543130f-443f-4ba5-9d6e-59ecbb0ec00a: shutdown FollowerState
2019-10-02 10:04:23,644 [Thread-419] INFO  impl.RaftServerImpl (RaftServerImpl.java:setRole(170)) - f543130f-443f-4ba5-9d6e-59ecbb0ec00a@group-B6961D81FBEA: changes role from  FOLLOWER to CANDIDATE at term 0 for changeToCandidate
2019-10-02 10:04:23,649 [Thread-419] INFO  impl.RoleInfo (RoleInfo.java:updateAndGet(143)) - f543130f-443f-4ba5-9d6e-59ecbb0ec00a: start LeaderElection
2019-10-02 10:04:23,657 [Thread-417] INFO  impl.FollowerState (FollowerState.java:run(108)) - 5a36316c-6269-4ab0-8563-6514c3376d21@group-B6961D81FBEA-FollowerState: change to CANDIDATE, lastRpcTime:5150ms, electionTimeout:5150ms
2019-10-02 10:04:23,662 [Thread-417] INFO  impl.RoleInfo (RoleInfo.java:shutdownFollowerState(121)) - 5a36316c-6269-4ab0-8563-6514c3376d21: shutdown FollowerState
2019-10-02 10:04:23,663 [Thread-417] INFO  impl.RaftServerImpl (RaftServerImpl.java:setRole(170)) - 5a36316c-6269-4ab0-8563-6514c3376d21@group-B6961D81FBEA: changes role from  FOLLOWER to CANDIDATE at term 0 for changeToCandidate
2019-10-02 10:04:23,664 [Thread-417] INFO  impl.RoleInfo (RoleInfo.java:updateAndGet(143)) - 5a36316c-6269-4ab0-8563-6514c3376d21: start LeaderElection
2019-10-02 10:04:23,667 [f543130f-443f-4ba5-9d6e-59ecbb0ec00a@group-B6961D81FBEA-LeaderElection9] INFO  impl.LeaderElection (LeaderElection.java:askForVotes(178)) - f543130f-443f-4ba5-9d6e-59ecbb0ec00a@group-B6961D81FBEA-LeaderElection9: begin an election at term 1 for -1: [f543130f-443f-4ba5-9d6e-59ecbb0ec00a:192.168.164.250:36191, 5a36316c-6269-4ab0-8563-6514c3376d21:192.168.164.250:32906, 49e61346-ce49-4850-8dcd-6024868ef21c:192.168.164.250:43655], old=null
2019-10-02 10:04:23,672 [grpc-default-executor-3] INFO  impl.RaftServerImpl (RaftServerImpl.java:setRole(170)) - 49e61346-ce49-4850-8dcd-6024868ef21c@group-B6961D81FBEA: changes role from  FOLLOWER to FOLLOWER at term 1 for recognizeCandidate:f543130f-443f-4ba5-9d6e-59ecbb0ec00a
2019-10-02 10:04:23,672 [grpc-default-executor-3] INFO  impl.RoleInfo (RoleInfo.java:shutdownFollowerState(121)) - 49e61346-ce49-4850-8dcd-6024868ef21c: shutdown FollowerState
2019-10-02 10:04:23,672 [grpc-default-executor-3] INFO  impl.RoleInfo (RoleInfo.java:updateAndGet(143)) - 49e61346-ce49-4850-8dcd-6024868ef21c: start FollowerState
2019-10-02 10:04:23,673 [Thread-418] INFO  impl.FollowerState (FollowerState.java:run(117)) - 49e61346-ce49-4850-8dcd-6024868ef21c@group-B6961D81FBEA-FollowerState was interrupted: java.lang.InterruptedException: sleep interrupted
2019-10-02 10:04:23,680 [5a36316c-6269-4ab0-8563-6514c3376d21@group-B6961D81FBEA-LeaderElection10] INFO  impl.LeaderElection (LeaderElection.java:askForVotes(178)) - 5a36316c-6269-4ab0-8563-6514c3376d21@group-B6961D81FBEA-LeaderElection10: begin an election at term 1 for -1: [f543130f-443f-4ba5-9d6e-59ecbb0ec00a:192.168.164.250:36191, 5a36316c-6269-4ab0-8563-6514c3376d21:192.168.164.250:32906, 49e61346-ce49-4850-8dcd-6024868ef21c:192.168.164.250:43655], old=null
2019-10-02 10:04:23,697 [f543130f-443f-4ba5-9d6e-59ecbb0ec00a@group-B6961D81FBEA-LeaderElection9] INFO  impl.LeaderElection (LeaderElection.java:logAndReturn(56)) - f543130f-443f-4ba5-9d6e-59ecbb0ec00a@group-B6961D81FBEA-LeaderElection9: Election PASSED; received 1 response(s) [f543130f-443f-4ba5-9d6e-59ecbb0ec00a<-49e61346-ce49-4850-8dcd-6024868ef21c#0:OK-t1] and 0 exception(s); f543130f-443f-4ba5-9d6e-59ecbb0ec00a@group-B6961D81FBEA:t1, leader=null, voted=f543130f-443f-4ba5-9d6e-59ecbb0ec00a, raftlog=f543130f-443f-4ba5-9d6e-59ecbb0ec00a@group-B6961D81FBEA-SegmentedRaftLog:OPENED:c-1,f-1,i0, conf=-1: [f543130f-443f-4ba5-9d6e-59ecbb0ec00a:192.168.164.250:36191, 5a36316c-6269-4ab0-8563-6514c3376d21:192.168.164.250:32906, 49e61346-ce49-4850-8dcd-6024868ef21c:192.168.164.250:43655], old=null
2019-10-02 10:04:23,697 [f543130f-443f-4ba5-9d6e-59ecbb0ec00a@group-B6961D81FBEA-LeaderElection9] INFO  impl.RoleInfo (RoleInfo.java:shutdownLeaderElection(134)) - f543130f-443f-4ba5-9d6e-59ecbb0ec00a: shutdown LeaderElection
2019-10-02 10:04:23,699 [f543130f-443f-4ba5-9d6e-59ecbb0ec00a@group-B6961D81FBEA-LeaderElection9] INFO  impl.RaftServerImpl (RaftServerImpl.java:setRole(170)) - f543130f-443f-4ba5-9d6e-59ecbb0ec00a@group-B6961D81FBEA: changes role from CANDIDATE to LEADER at term 1 for changeToLeader
2019-10-02 10:04:23,700 [f543130f-443f-4ba5-9d6e-59ecbb0ec00a@group-B6961D81FBEA-LeaderElection9] INFO  impl.RaftServerImpl (ServerState.java:setLeader(255)) - f543130f-443f-4ba5-9d6e-59ecbb0ec00a@group-B6961D81FBEA: change Leader from null to f543130f-443f-4ba5-9d6e-59ecbb0ec00a at term 1 for becomeLeader, leader elected after 5203ms
2019-10-02 10:04:23,700 [f543130f-443f-4ba5-9d6e-59ecbb0ec00a@group-B6961D81FBEA-LeaderElection9] INFO  server.RaftServerConfigKeys (ConfUtils.java:logGet(43)) - raft.server.staging.catchup.gap = 1000 (default)
2019-10-02 10:04:23,700 [f543130f-443f-4ba5-9d6e-59ecbb0ec00a@group-B6961D81FBEA-LeaderElection9] INFO  server.RaftServerConfigKeys (ConfUtils.java:logGet(43)) - raft.server.rpc.sleep.time = 25ms (default)
2019-10-02 10:04:23,701 [f543130f-443f-4ba5-9d6e-59ecbb0ec00a@group-B6961D81FBEA-LeaderElection9] INFO  server.RaftServerConfigKeys (ConfUtils.java:logGet(43)) - raft.server.write.element-limit = 4096 (default)
2019-10-02 10:04:23,701 [f543130f-443f-4ba5-9d6e-59ecbb0ec00a@group-B6961D81FBEA-LeaderElection9] INFO  server.RaftServerConfigKeys (ConfUtils.java:logGet(43)) - raft.server.watch.timeout = 10s (default)
2019-10-02 10:04:23,702 [f543130f-443f-4ba5-9d6e-59ecbb0ec00a@group-B6961D81FBEA-LeaderElection9] INFO  server.RaftServerConfigKeys (ConfUtils.java:logGet(43)) - raft.server.watch.timeout.denomination = 1s (default)
2019-10-02 10:04:23,703 [f543130f-443f-4ba5-9d6e-59ecbb0ec00a@group-B6961D81FBEA-LeaderElection9] INFO  server.RaftServerConfigKeys (ConfUtils.java:logGet(43)) - raft.server.watch.element-limit = 65536 (default)
2019-10-02 10:04:23,714 [f543130f-443f-4ba5-9d6e-59ecbb0ec00a@group-B6961D81FBEA-LeaderElection9] INFO  server.RaftServerConfigKeys (ConfUtils.java:logGet(43)) - raft.server.log.appender.snapshot.chunk.size.max = 16MB (=16777216) (default)
2019-10-02 10:04:23,715 [f543130f-443f-4ba5-9d6e-59ecbb0ec00a@group-B6961D81FBEA-LeaderElection9] INFO  server.RaftServerConfigKeys (ConfUtils.java:logGet(43)) - raft.server.log.appender.buffer.byte-limit = 33554432 (custom)
2019-10-02 10:04:23,715 [f543130f-443f-4ba5-9d6e-59ecbb0ec00a@group-B6961D81FBEA-LeaderElection9] INFO  server.RaftServerConfigKeys (ConfUtils.java:logGet(43)) - raft.server.log.appender.buffer.element-limit = 1 (custom)
2019-10-02 10:04:23,716 [f543130f-443f-4ba5-9d6e-59ecbb0ec00a@group-B6961D81FBEA-LeaderElection9] INFO  grpc.GrpcConfigKeys$Server (ConfUtils.java:logGet(43)) - raft.grpc.server.leader.outstanding.appends.max = 128 (default)
2019-10-02 10:04:23,718 [f543130f-443f-4ba5-9d6e-59ecbb0ec00a@group-B6961D81FBEA-LeaderElection9] INFO  server.RaftServerConfigKeys (ConfUtils.java:logGet(43)) - raft.server.rpc.request.timeout = 3000ms (default)
2019-10-02 10:04:23,718 [f543130f-443f-4ba5-9d6e-59ecbb0ec00a@group-B6961D81FBEA-LeaderElection9] INFO  server.RaftServerConfigKeys (ConfUtils.java:logGet(43)) - raft.server.log.appender.install.snapshot.enabled = false (custom)
2019-10-02 10:04:23,719 [f543130f-443f-4ba5-9d6e-59ecbb0ec00a@group-B6961D81FBEA-LeaderElection9] INFO  server.RaftServerConfigKeys (ConfUtils.java:logGet(43)) - raft.server.log.appender.snapshot.chunk.size.max = 16MB (=16777216) (default)
2019-10-02 10:04:23,719 [f543130f-443f-4ba5-9d6e-59ecbb0ec00a@group-B6961D81FBEA-LeaderElection9] INFO  server.RaftServerConfigKeys (ConfUtils.java:logGet(43)) - raft.server.log.appender.buffer.byte-limit = 33554432 (custom)
2019-10-02 10:04:23,719 [f543130f-443f-4ba5-9d6e-59ecbb0ec00a@group-B6961D81FBEA-LeaderElection9] INFO  server.RaftServerConfigKeys (ConfUtils.java:logGet(43)) - raft.server.log.appender.buffer.element-limit = 1 (custom)
2019-10-02 10:04:23,720 [f543130f-443f-4ba5-9d6e-59ecbb0ec00a@group-B6961D81FBEA-LeaderElection9] INFO  grpc.GrpcConfigKeys$Server (ConfUtils.java:logGet(43)) - raft.grpc.server.leader.outstanding.appends.max = 128 (default)
2019-10-02 10:04:23,720 [f543130f-443f-4ba5-9d6e-59ecbb0ec00a@group-B6961D81FBEA-LeaderElection9] INFO  server.RaftServerConfigKeys (ConfUtils.java:logGet(43)) - raft.server.rpc.request.timeout = 3000ms (default)
2019-10-02 10:04:23,721 [f543130f-443f-4ba5-9d6e-59ecbb0ec00a@group-B6961D81FBEA-LeaderElection9] INFO  server.RaftServerConfigKeys (ConfUtils.java:logGet(43)) - raft.server.log.appender.install.snapshot.enabled = false (custom)
2019-10-02 10:04:23,721 [f543130f-443f-4ba5-9d6e-59ecbb0ec00a@group-B6961D81FBEA-LeaderElection9] INFO  impl.RoleInfo (RoleInfo.java:updateAndGet(143)) - f543130f-443f-4ba5-9d6e-59ecbb0ec00a: start LeaderState
2019-10-02 10:04:23,722 [f543130f-443f-4ba5-9d6e-59ecbb0ec00a@group-B6961D81FBEA-LeaderElection9] INFO  segmented.SegmentedRaftLogWorker (SegmentedRaftLogWorker.java:startLogSegment(385)) - f543130f-443f-4ba5-9d6e-59ecbb0ec00a@group-B6961D81FBEA-SegmentedRaftLogWorker: Starting segment from index:0
2019-10-02 10:04:23,723 [f543130f-443f-4ba5-9d6e-59ecbb0ec00a@group-B6961D81FBEA-LeaderElection9] INFO  impl.RaftServerImpl (ServerState.java:setRaftConf(356)) - f543130f-443f-4ba5-9d6e-59ecbb0ec00a@group-B6961D81FBEA: set configuration 0: [f543130f-443f-4ba5-9d6e-59ecbb0ec00a:192.168.164.250:36191, 5a36316c-6269-4ab0-8563-6514c3376d21:192.168.164.250:32906, 49e61346-ce49-4850-8dcd-6024868ef21c:192.168.164.250:43655], old=null at 0
2019-10-02 10:04:23,753 [grpc-default-executor-6] INFO  impl.RaftServerImpl (RaftServerImpl.java:requestVote(754)) - f543130f-443f-4ba5-9d6e-59ecbb0ec00a@group-B6961D81FBEA-   LEADER: Withhold vote from candidate 5a36316c-6269-4ab0-8563-6514c3376d21 with term 1. State: leader=f543130f-443f-4ba5-9d6e-59ecbb0ec00a, term=1, lastRpcElapsed=null
2019-10-02 10:04:23,758 [grpc-default-executor-6] INFO  impl.RaftServerImpl (ServerState.java:setLeader(255)) - 49e61346-ce49-4850-8dcd-6024868ef21c@group-B6961D81FBEA: change Leader from null to f543130f-443f-4ba5-9d6e-59ecbb0ec00a at term 1 for appendEntries, leader elected after 5261ms
2019-10-02 10:04:23,759 [grpc-default-executor-3] INFO  impl.RaftServerImpl (RaftServerImpl.java:setRole(170)) - 5a36316c-6269-4ab0-8563-6514c3376d21@group-B6961D81FBEA: changes role from CANDIDATE to FOLLOWER at term 1 for appendEntries
2019-10-02 10:04:23,759 [5a36316c-6269-4ab0-8563-6514c3376d21@group-B6961D81FBEA-LeaderElection10] INFO  impl.LeaderElection (LeaderElection.java:logAndReturn(56)) - 5a36316c-6269-4ab0-8563-6514c3376d21@group-B6961D81FBEA-LeaderElection10: Election REJECTED; received 2 response(s) [5a36316c-6269-4ab0-8563-6514c3376d21<-f543130f-443f-4ba5-9d6e-59ecbb0ec00a#0:FAIL-t1, 5a36316c-6269-4ab0-8563-6514c3376d21<-49e61346-ce49-4850-8dcd-6024868ef21c#0:FAIL-t1] and 0 exception(s); 5a36316c-6269-4ab0-8563-6514c3376d21@group-B6961D81FBEA:t1, leader=null, voted=5a36316c-6269-4ab0-8563-6514c3376d21, raftlog=5a36316c-6269-4ab0-8563-6514c3376d21@group-B6961D81FBEA-SegmentedRaftLog:OPENED:c-1,f-1,i0, conf=-1: [f543130f-443f-4ba5-9d6e-59ecbb0ec00a:192.168.164.250:36191, 5a36316c-6269-4ab0-8563-6514c3376d21:192.168.164.250:32906, 49e61346-ce49-4850-8dcd-6024868ef21c:192.168.164.250:43655], old=null
2019-10-02 10:04:23,759 [grpc-default-executor-3] INFO  impl.RoleInfo (RoleInfo.java:shutdownLeaderElection(134)) - 5a36316c-6269-4ab0-8563-6514c3376d21: shutdown LeaderElection
2019-10-02 10:04:23,761 [grpc-default-executor-3] INFO  impl.RoleInfo (RoleInfo.java:updateAndGet(143)) - 5a36316c-6269-4ab0-8563-6514c3376d21: start FollowerState
2019-10-02 10:04:23,761 [grpc-default-executor-3] INFO  impl.RaftServerImpl (ServerState.java:setLeader(255)) - 5a36316c-6269-4ab0-8563-6514c3376d21@group-B6961D81FBEA: change Leader from null to f543130f-443f-4ba5-9d6e-59ecbb0ec00a at term 1 for appendEntries, leader elected after 5265ms
2019-10-02 10:04:23,766 [f543130f-443f-4ba5-9d6e-59ecbb0ec00a@group-B6961D81FBEA-SegmentedRaftLogWorker] INFO  segmented.SegmentedRaftLogWorker (SegmentedRaftLogWorker.java:execute(574)) - f543130f-443f-4ba5-9d6e-59ecbb0ec00a@group-B6961D81FBEA-SegmentedRaftLogWorker: created new log segment /workdir/hadoop-ozone/ozonefs/target/test-dir/MiniOzoneClusterImpl-a0bcfbd7-d664-4bc8-be8a-7389cc786fdd/datanode-3/data/ratis/07cc1869-c225-4655-aa53-b6961d81fbea/current/log_inprogress_0
2019-10-02 10:04:23,778 [grpc-default-executor-3] INFO  impl.RaftServerImpl (ServerState.java:setRaftConf(356)) - 49e61346-ce49-4850-8dcd-6024868ef21c@group-B6961D81FBEA: set configuration 0: [f543130f-443f-4ba5-9d6e-59ecbb0ec00a:192.168.164.250:36191, 5a36316c-6269-4ab0-8563-6514c3376d21:192.168.164.250:32906, 49e61346-ce49-4850-8dcd-6024868ef21c:192.168.164.250:43655], old=null at 0
2019-10-02 10:04:23,778 [grpc-default-executor-6] INFO  impl.RaftServerImpl (ServerState.java:setRaftConf(356)) - 5a36316c-6269-4ab0-8563-6514c3376d21@group-B6961D81FBEA: set configuration 0: [f543130f-443f-4ba5-9d6e-59ecbb0ec00a:192.168.164.250:36191, 5a36316c-6269-4ab0-8563-6514c3376d21:192.168.164.250:32906, 49e61346-ce49-4850-8dcd-6024868ef21c:192.168.164.250:43655], old=null at 0
2019-10-02 10:04:23,780 [grpc-default-executor-3] INFO  segmented.SegmentedRaftLogWorker (SegmentedRaftLogWorker.java:startLogSegment(385)) - 49e61346-ce49-4850-8dcd-6024868ef21c@group-B6961D81FBEA-SegmentedRaftLogWorker: Starting segment from index:0
2019-10-02 10:04:23,781 [grpc-default-executor-6] INFO  segmented.SegmentedRaftLogWorker (SegmentedRaftLogWorker.java:startLogSegment(385)) - 5a36316c-6269-4ab0-8563-6514c3376d21@group-B6961D81FBEA-SegmentedRaftLogWorker: Starting segment from index:0
2019-10-02 10:04:23,918 [5a36316c-6269-4ab0-8563-6514c3376d21@group-B6961D81FBEA-SegmentedRaftLogWorker] INFO  segmented.SegmentedRaftLogWorker (SegmentedRaftLogWorker.java:execute(574)) - 5a36316c-6269-4ab0-8563-6514c3376d21@group-B6961D81FBEA-SegmentedRaftLogWorker: created new log segment /workdir/hadoop-ozone/ozonefs/target/test-dir/MiniOzoneClusterImpl-a0bcfbd7-d664-4bc8-be8a-7389cc786fdd/datanode-1/data/ratis/07cc1869-c225-4655-aa53-b6961d81fbea/current/log_inprogress_0
2019-10-02 10:04:23,921 [49e61346-ce49-4850-8dcd-6024868ef21c@group-B6961D81FBEA-SegmentedRaftLogWorker] INFO  segmented.SegmentedRaftLogWorker (SegmentedRaftLogWorker.java:execute(574)) - 49e61346-ce49-4850-8dcd-6024868ef21c@group-B6961D81FBEA-SegmentedRaftLogWorker: created new log segment /workdir/hadoop-ozone/ozonefs/target/test-dir/MiniOzoneClusterImpl-a0bcfbd7-d664-4bc8-be8a-7389cc786fdd/datanode-2/data/ratis/07cc1869-c225-4655-aa53-b6961d81fbea/current/log_inprogress_0
2019-10-02 10:04:24,615 [pool-56-thread-2] ERROR impl.ChunkManagerImpl (ChunkUtils.java:writeData(89)) - data array does not match the length specified. DataLen: 1024 Byte Array: 1181
2019-10-02 10:04:24,617 [pool-56-thread-2] INFO  keyvalue.KeyValueHandler (ContainerUtils.java:logAndReturnError(146)) - Operation: WriteChunk : Trace ID: ace4fa694ddf4b5b:ace4fa694ddf4b5b:0:0 : Message: data array does not match the length specified. DataLen: 1024 Byte Array: 1181 : Result: INVALID_WRITE_SIZE
10:04:24.633 [pool-56-thread-2] ERROR DNAudit - user=null | ip=null | op=WRITE_CHUNK {blockData=conID: 4 locID: 102892218572275718 bcsId: 0} | ret=FAILURE
java.lang.Exception: data array does not match the length specified. DataLen: 1024 Byte Array: 1181
	at org.apache.hadoop.ozone.container.common.impl.HddsDispatcher.dispatchRequest(HddsDispatcher.java:330) ~[hadoop-hdds-container-service-0.5.0-SNAPSHOT.jar:?]
	at org.apache.hadoop.ozone.container.common.impl.HddsDispatcher.dispatch(HddsDispatcher.java:150) ~[hadoop-hdds-container-service-0.5.0-SNAPSHOT.jar:?]
	at org.apache.hadoop.ozone.container.common.transport.server.ratis.ContainerStateMachine.dispatchCommand(ContainerStateMachine.java:407) ~[hadoop-hdds-container-service-0.5.0-SNAPSHOT.jar:?]
	at org.apache.hadoop.ozone.container.common.transport.server.ratis.ContainerStateMachine.runCommand(ContainerStateMachine.java:415) ~[hadoop-hdds-container-service-0.5.0-SNAPSHOT.jar:?]
	at org.apache.hadoop.ozone.container.common.transport.server.ratis.ContainerStateMachine.lambda$handleWriteChunk$1(ContainerStateMachine.java:450) ~[hadoop-hdds-container-service-0.5.0-SNAPSHOT.jar:?]
	at java.util.concurrent.CompletableFuture$AsyncSupply.run(CompletableFuture.java:1590) [?:1.8.0_212]
	at java.util.concurrent.ThreadPoolExecutor.runWorker(ThreadPoolExecutor.java:1149) [?:1.8.0_212]
	at java.util.concurrent.ThreadPoolExecutor$Worker.run(ThreadPoolExecutor.java:624) [?:1.8.0_212]
	at java.lang.Thread.run(Thread.java:748) [?:1.8.0_212]
2019-10-02 10:04:24,634 [EventQueue-IncrementalContainerReportForIncrementalContainerReportHandler] WARN  container.IncrementalContainerReportHandler (AbstractContainerReportHandler.java:updateContainerState(143)) - Container #4 is in OPEN state, but the datanode f543130f-443f-4ba5-9d6e-59ecbb0ec00a{ip: 192.168.164.250, host: pr-trunk-p5fv4-2201032288, networkLocation: /default-rack, certSerialId: null} reports an UNHEALTHY replica.
2019-10-02 10:04:24,634 [EventQueue-CloseContainerForCloseContainerEventHandler] INFO  container.CloseContainerEventHandler (CloseContainerEventHandler.java:onMessage(61)) - Close container Event triggered for container : #4
2019-10-02 10:04:24,634 [pool-56-thread-2] ERROR ratis.ContainerStateMachine (ContainerStateMachine.java:lambda$handleWriteChunk$2(470)) - group-B6961D81FBEA: writeChunk writeStateMachineData failed: blockIdcontainerID: 4
localID: 102892218572275718
blockCommitSequenceId: 0
 logIndex 1 chunkName 102892218572275718_chunk_1 Error message: data array does not match the length specified. DataLen: 1024 Byte Array: 1181 Container Result: INVALID_WRITE_SIZE
2019-10-02 10:04:24,636 [f543130f-443f-4ba5-9d6e-59ecbb0ec00a@group-B6961D81FBEA-SegmentedRaftLogWorker] ERROR ratis.XceiverServerRatis (XceiverServerRatis.java:triggerPipelineClose(581)) - pipeline Action CLOSE  on pipeline PipelineID=07cc1869-c225-4655-aa53-b6961d81fbea.Reason : data array does not match the length specified. DataLen: 1024 Byte Array: 1181
2019-10-02 10:04:24,636 [f543130f-443f-4ba5-9d6e-59ecbb0ec00a@group-B6961D81FBEA-SegmentedRaftLogWorker] ERROR ratis.XceiverServerRatis (XceiverServerRatis.java:triggerPipelineClose(581)) - pipeline Action CLOSE  on pipeline PipelineID=07cc1869-c225-4655-aa53-b6961d81fbea.Reason : Log already failed at index 1 for task WriteLog:1: (t:1, i:1), STATEMACHINELOGENTRY, client-F969BFF33624, cid=20
2019-10-02 10:04:24,637 [EventQueue-PipelineActionsForPipelineActionHandler] ERROR pipeline.PipelineActionHandler (PipelineActionHandler.java:onMessage(60)) - Received pipeline action CLOSE for Pipeline[ Id: 07cc1869-c225-4655-aa53-b6961d81fbea, Nodes: f543130f-443f-4ba5-9d6e-59ecbb0ec00a{ip: 192.168.164.250, host: pr-trunk-p5fv4-2201032288, networkLocation: /default-rack, certSerialId: null}5a36316c-6269-4ab0-8563-6514c3376d21{ip: 192.168.164.250, host: pr-trunk-p5fv4-2201032288, networkLocation: /default-rack, certSerialId: null}49e61346-ce49-4850-8dcd-6024868ef21c{ip: 192.168.164.250, host: pr-trunk-p5fv4-2201032288, networkLocation: /default-rack, certSerialId: null}, Type:RATIS, Factor:THREE, State:OPEN] from datanode f543130f-443f-4ba5-9d6e-59ecbb0ec00a{ip: 192.168.164.250, host: pr-trunk-p5fv4-2201032288, networkLocation: /default-rack, certSerialId: null}. Reason : data array does not match the length specified. DataLen: 1024 Byte Array: 1181
2019-10-02 10:04:24,637 [EventQueue-PipelineActionsForPipelineActionHandler] INFO  pipeline.SCMPipelineManager (SCMPipelineManager.java:finalizeAndDestroyPipeline(315)) - destroying pipeline:Pipeline[ Id: 07cc1869-c225-4655-aa53-b6961d81fbea, Nodes: f543130f-443f-4ba5-9d6e-59ecbb0ec00a{ip: 192.168.164.250, host: pr-trunk-p5fv4-2201032288, networkLocation: /default-rack, certSerialId: null}5a36316c-6269-4ab0-8563-6514c3376d21{ip: 192.168.164.250, host: pr-trunk-p5fv4-2201032288, networkLocation: /default-rack, certSerialId: null}49e61346-ce49-4850-8dcd-6024868ef21c{ip: 192.168.164.250, host: pr-trunk-p5fv4-2201032288, networkLocation: /default-rack, certSerialId: null}, Type:RATIS, Factor:THREE, State:OPEN]
2019-10-02 10:04:24,637 [EventQueue-PipelineActionsForPipelineActionHandler] INFO  pipeline.PipelineStateManager (PipelineStateManager.java:finalizePipeline(123)) - Pipeline Pipeline[ Id: 07cc1869-c225-4655-aa53-b6961d81fbea, Nodes: f543130f-443f-4ba5-9d6e-59ecbb0ec00a{ip: 192.168.164.250, host: pr-trunk-p5fv4-2201032288, networkLocation: /default-rack, certSerialId: null}5a36316c-6269-4ab0-8563-6514c3376d21{ip: 192.168.164.250, host: pr-trunk-p5fv4-2201032288, networkLocation: /default-rack, certSerialId: null}49e61346-ce49-4850-8dcd-6024868ef21c{ip: 192.168.164.250, host: pr-trunk-p5fv4-2201032288, networkLocation: /default-rack, certSerialId: null}, Type:RATIS, Factor:THREE, State:CLOSED] moved to CLOSED state
2019-10-02 10:04:24,638 [EventQueue-PipelineActionsForPipelineActionHandler] ERROR pipeline.PipelineActionHandler (PipelineActionHandler.java:onMessage(60)) - Received pipeline action CLOSE for Pipeline[ Id: 07cc1869-c225-4655-aa53-b6961d81fbea, Nodes: f543130f-443f-4ba5-9d6e-59ecbb0ec00a{ip: 192.168.164.250, host: pr-trunk-p5fv4-2201032288, networkLocation: /default-rack, certSerialId: null}5a36316c-6269-4ab0-8563-6514c3376d21{ip: 192.168.164.250, host: pr-trunk-p5fv4-2201032288, networkLocation: /default-rack, certSerialId: null}49e61346-ce49-4850-8dcd-6024868ef21c{ip: 192.168.164.250, host: pr-trunk-p5fv4-2201032288, networkLocation: /default-rack, certSerialId: null}, Type:RATIS, Factor:THREE, State:CLOSED] from datanode f543130f-443f-4ba5-9d6e-59ecbb0ec00a{ip: 192.168.164.250, host: pr-trunk-p5fv4-2201032288, networkLocation: /default-rack, certSerialId: null}. Reason : Log already failed at index 1 for task WriteLog:1: (t:1, i:1), STATEMACHINELOGENTRY, client-F969BFF33624, cid=20
2019-10-02 10:04:24,638 [EventQueue-PipelineActionsForPipelineActionHandler] INFO  pipeline.SCMPipelineManager (SCMPipelineManager.java:finalizeAndDestroyPipeline(315)) - destroying pipeline:Pipeline[ Id: 07cc1869-c225-4655-aa53-b6961d81fbea, Nodes: f543130f-443f-4ba5-9d6e-59ecbb0ec00a{ip: 192.168.164.250, host: pr-trunk-p5fv4-2201032288, networkLocation: /default-rack, certSerialId: null}5a36316c-6269-4ab0-8563-6514c3376d21{ip: 192.168.164.250, host: pr-trunk-p5fv4-2201032288, networkLocation: /default-rack, certSerialId: null}49e61346-ce49-4850-8dcd-6024868ef21c{ip: 192.168.164.250, host: pr-trunk-p5fv4-2201032288, networkLocation: /default-rack, certSerialId: null}, Type:RATIS, Factor:THREE, State:CLOSED]
2019-10-02 10:04:27,504 [java.util.concurrent.ThreadPoolExecutor$Worker@25ab4da0[State = -1, empty queue]] ERROR client.GrpcClientProtocolClient (GrpcClientProtocolClient.java:close(148)) - Unexpected exception while waiting for channel termination
java.lang.InterruptedException
	at java.util.concurrent.locks.AbstractQueuedSynchronizer.tryAcquireSharedNanos(AbstractQueuedSynchronizer.java:1326)
	at java.util.concurrent.CountDownLatch.await(CountDownLatch.java:277)
	at org.apache.ratis.thirdparty.io.grpc.internal.ManagedChannelImpl.awaitTermination(ManagedChannelImpl.java:763)
	at org.apache.ratis.thirdparty.io.grpc.internal.ForwardingManagedChannel.awaitTermination(ForwardingManagedChannel.java:57)
	at org.apache.ratis.thirdparty.io.grpc.internal.ManagedChannelOrphanWrapper.awaitTermination(ManagedChannelOrphanWrapper.java:70)
	at org.apache.ratis.grpc.client.GrpcClientProtocolClient.close(GrpcClientProtocolClient.java:146)
	at org.apache.ratis.util.PeerProxyMap$PeerAndProxy.lambda$close$1(PeerProxyMap.java:74)
	at org.apache.ratis.util.LifeCycle.lambda$checkStateAndClose$2(LifeCycle.java:231)
	at org.apache.ratis.util.LifeCycle.checkStateAndClose(LifeCycle.java:251)
	at org.apache.ratis.util.LifeCycle.checkStateAndClose(LifeCycle.java:229)
	at org.apache.ratis.util.PeerProxyMap$PeerAndProxy.close(PeerProxyMap.java:70)
	at org.apache.ratis.util.PeerProxyMap.resetProxy(PeerProxyMap.java:127)
	at org.apache.ratis.util.PeerProxyMap.handleException(PeerProxyMap.java:136)
	at org.apache.ratis.client.impl.RaftClientRpcWithProxy.handleException(RaftClientRpcWithProxy.java:47)
	at org.apache.ratis.client.impl.RaftClientImpl.handleIOException(RaftClientImpl.java:372)
	at org.apache.ratis.client.impl.OrderedAsync.lambda$sendRequest$10(OrderedAsync.java:236)
	at java.util.concurrent.CompletableFuture.uniExceptionally(CompletableFuture.java:870)
	at java.util.concurrent.CompletableFuture$UniExceptionally.tryFire(CompletableFuture.java:852)
	at java.util.concurrent.CompletableFuture.postComplete(CompletableFuture.java:474)
	at java.util.concurrent.CompletableFuture.completeExceptionally(CompletableFuture.java:1977)
	at org.apache.ratis.grpc.client.GrpcClientProtocolClient$AsyncStreamObservers.lambda$timeoutCheck$3(GrpcClientProtocolClient.java:324)
	at java.util.Optional.ifPresent(Optional.java:159)
	at org.apache.ratis.grpc.client.GrpcClientProtocolClient$AsyncStreamObservers.handleReplyFuture(GrpcClientProtocolClient.java:329)
	at org.apache.ratis.grpc.client.GrpcClientProtocolClient$AsyncStreamObservers.timeoutCheck(GrpcClientProtocolClient.java:324)
	at org.apache.ratis.grpc.client.GrpcClientProtocolClient$AsyncStreamObservers.lambda$onNext$1(GrpcClientProtocolClient.java:318)
	at org.apache.ratis.util.TimeoutScheduler.lambda$onTimeout$0(TimeoutScheduler.java:113)
	at org.apache.ratis.util.TimeoutScheduler.lambda$onTimeout$1(TimeoutScheduler.java:133)
	at org.apache.ratis.util.LogUtils.runAndLog(LogUtils.java:50)
	at org.apache.ratis.util.LogUtils$1.run(LogUtils.java:91)
	at java.util.concurrent.Executors$RunnableAdapter.call(Executors.java:511)
	at java.util.concurrent.FutureTask.run(FutureTask.java:266)
	at java.util.concurrent.ScheduledThreadPoolExecutor$ScheduledFutureTask.access$201(ScheduledThreadPoolExecutor.java:180)
	at java.util.concurrent.ScheduledThreadPoolExecutor$ScheduledFutureTask.run(ScheduledThreadPoolExecutor.java:293)
	at java.util.concurrent.ThreadPoolExecutor.runWorker(ThreadPoolExecutor.java:1149)
	at java.util.concurrent.ThreadPoolExecutor$Worker.run(ThreadPoolExecutor.java:624)
	at java.lang.Thread.run(Thread.java:748)
2019-10-02 10:04:27,506 [java.util.concurrent.ThreadPoolExecutor$Worker@25ab4da0[State = -1, empty queue]] WARN  util.TimeoutScheduler (LogUtils.java:runAndLog(55)) - Failed to task #0: java.lang.NullPointerException
2019-10-02 10:04:31,557 [java.util.concurrent.ThreadPoolExecutor$Worker@62f8a2e7[State = -1, empty queue]] ERROR client.GrpcClientProtocolClient (GrpcClientProtocolClient.java:close(148)) - Unexpected exception while waiting for channel termination
java.lang.InterruptedException
	at java.util.concurrent.locks.AbstractQueuedSynchronizer.tryAcquireSharedNanos(AbstractQueuedSynchronizer.java:1326)
	at java.util.concurrent.CountDownLatch.await(CountDownLatch.java:277)
	at org.apache.ratis.thirdparty.io.grpc.internal.ManagedChannelImpl.awaitTermination(ManagedChannelImpl.java:763)
	at org.apache.ratis.thirdparty.io.grpc.internal.ForwardingManagedChannel.awaitTermination(ForwardingManagedChannel.java:57)
	at org.apache.ratis.thirdparty.io.grpc.internal.ManagedChannelOrphanWrapper.awaitTermination(ManagedChannelOrphanWrapper.java:70)
	at org.apache.ratis.grpc.client.GrpcClientProtocolClient.close(GrpcClientProtocolClient.java:146)
	at org.apache.ratis.util.PeerProxyMap$PeerAndProxy.lambda$close$1(PeerProxyMap.java:74)
	at org.apache.ratis.util.LifeCycle.lambda$checkStateAndClose$2(LifeCycle.java:231)
	at org.apache.ratis.util.LifeCycle.checkStateAndClose(LifeCycle.java:251)
	at org.apache.ratis.util.LifeCycle.checkStateAndClose(LifeCycle.java:229)
	at org.apache.ratis.util.PeerProxyMap$PeerAndProxy.close(PeerProxyMap.java:70)
	at org.apache.ratis.util.PeerProxyMap.resetProxy(PeerProxyMap.java:127)
	at org.apache.ratis.util.PeerProxyMap.handleException(PeerProxyMap.java:136)
	at org.apache.ratis.client.impl.RaftClientRpcWithProxy.handleException(RaftClientRpcWithProxy.java:47)
	at org.apache.ratis.client.impl.RaftClientImpl.handleIOException(RaftClientImpl.java:372)
	at org.apache.ratis.client.impl.OrderedAsync.lambda$sendRequest$10(OrderedAsync.java:236)
	at java.util.concurrent.CompletableFuture.uniExceptionally(CompletableFuture.java:870)
	at java.util.concurrent.CompletableFuture$UniExceptionally.tryFire(CompletableFuture.java:852)
	at java.util.concurrent.CompletableFuture.postComplete(CompletableFuture.java:474)
	at java.util.concurrent.CompletableFuture.completeExceptionally(CompletableFuture.java:1977)
	at org.apache.ratis.grpc.client.GrpcClientProtocolClient$AsyncStreamObservers.lambda$timeoutCheck$3(GrpcClientProtocolClient.java:324)
	at java.util.Optional.ifPresent(Optional.java:159)
	at org.apache.ratis.grpc.client.GrpcClientProtocolClient$AsyncStreamObservers.handleReplyFuture(GrpcClientProtocolClient.java:329)
	at org.apache.ratis.grpc.client.GrpcClientProtocolClient$AsyncStreamObservers.timeoutCheck(GrpcClientProtocolClient.java:324)
	at org.apache.ratis.grpc.client.GrpcClientProtocolClient$AsyncStreamObservers.lambda$onNext$1(GrpcClientProtocolClient.java:318)
	at org.apache.ratis.util.TimeoutScheduler.lambda$onTimeout$0(TimeoutScheduler.java:113)
	at org.apache.ratis.util.TimeoutScheduler.lambda$onTimeout$1(TimeoutScheduler.java:133)
	at org.apache.ratis.util.LogUtils.runAndLog(LogUtils.java:50)
	at org.apache.ratis.util.LogUtils$1.run(LogUtils.java:91)
	at java.util.concurrent.Executors$RunnableAdapter.call(Executors.java:511)
	at java.util.concurrent.FutureTask.run(FutureTask.java:266)
	at java.util.concurrent.ScheduledThreadPoolExecutor$ScheduledFutureTask.access$201(ScheduledThreadPoolExecutor.java:180)
	at java.util.concurrent.ScheduledThreadPoolExecutor$ScheduledFutureTask.run(ScheduledThreadPoolExecutor.java:293)
	at java.util.concurrent.ThreadPoolExecutor.runWorker(ThreadPoolExecutor.java:1149)
	at java.util.concurrent.ThreadPoolExecutor$Worker.run(ThreadPoolExecutor.java:624)
	at java.lang.Thread.run(Thread.java:748)
2019-10-02 10:04:31,562 [java.util.concurrent.ThreadPoolExecutor$Worker@62f8a2e7[State = -1, empty queue]] WARN  util.TimeoutScheduler (LogUtils.java:runAndLog(55)) - Failed to task #0: java.lang.NullPointerException
2019-10-02 10:04:34,634 [grpc-default-executor-3] INFO  impl.RaftServerProxy (RaftServerProxy.java:remove(95)) - e9ae1ab6-f8c6-4f15-b4c5-852d7918e68e: remove    LEADER e9ae1ab6-f8c6-4f15-b4c5-852d7918e68e@group-67BFECD1CEA5:t1, leader=e9ae1ab6-f8c6-4f15-b4c5-852d7918e68e, voted=e9ae1ab6-f8c6-4f15-b4c5-852d7918e68e, raftlog=e9ae1ab6-f8c6-4f15-b4c5-852d7918e68e@group-67BFECD1CEA5-SegmentedRaftLog:OPENED:c0,f0,i0, conf=0: [e9ae1ab6-f8c6-4f15-b4c5-852d7918e68e:192.168.164.250:37234], old=null RUNNING
2019-10-02 10:04:34,635 [grpc-default-executor-3] INFO  impl.RaftServerImpl (RaftServerImpl.java:lambda$shutdown$3(247)) - e9ae1ab6-f8c6-4f15-b4c5-852d7918e68e@group-67BFECD1CEA5: shutdown
2019-10-02 10:04:34,635 [grpc-default-executor-3] INFO  util.JmxRegister (JmxRegister.java:unregister(73)) - Successfully un-registered JMX Bean with object name Ratis:service=RaftServer,group=group-67BFECD1CEA5,id=e9ae1ab6-f8c6-4f15-b4c5-852d7918e68e
2019-10-02 10:04:34,635 [grpc-default-executor-3] INFO  impl.RoleInfo (RoleInfo.java:shutdownLeaderState(104)) - e9ae1ab6-f8c6-4f15-b4c5-852d7918e68e: shutdown LeaderState
2019-10-02 10:04:34,635 [grpc-default-executor-3] INFO  impl.PendingRequests (PendingRequests.java:sendNotLeaderResponses(202)) - e9ae1ab6-f8c6-4f15-b4c5-852d7918e68e@group-67BFECD1CEA5-PendingRequests: sendNotLeaderResponses
2019-10-02 10:04:34,636 [grpc-default-executor-3] INFO  impl.StateMachineUpdater (StateMachineUpdater.java:stopAndJoin(136)) - e9ae1ab6-f8c6-4f15-b4c5-852d7918e68e@group-67BFECD1CEA5-StateMachineUpdater: set stopIndex = 0
2019-10-02 10:04:34,636 [grpc-default-executor-3] INFO  impl.RaftServerImpl (ServerState.java:close(387)) - e9ae1ab6-f8c6-4f15-b4c5-852d7918e68e@group-67BFECD1CEA5: closes. applyIndex: 0
2019-10-02 10:04:34,637 [e9ae1ab6-f8c6-4f15-b4c5-852d7918e68e@group-67BFECD1CEA5-SegmentedRaftLogWorker] INFO  segmented.SegmentedRaftLogWorker (SegmentedRaftLogWorker.java:run(316)) - e9ae1ab6-f8c6-4f15-b4c5-852d7918e68e@group-67BFECD1CEA5-SegmentedRaftLogWorker was interrupted, exiting. There are 0 tasks remaining in the queue.
2019-10-02 10:04:34,638 [grpc-default-executor-3] INFO  segmented.SegmentedRaftLogWorker (SegmentedRaftLogWorker.java:close(224)) - e9ae1ab6-f8c6-4f15-b4c5-852d7918e68e@group-67BFECD1CEA5-SegmentedRaftLogWorker close()
2019-10-02 10:04:35,602 [java.util.concurrent.ThreadPoolExecutor$Worker@7d06b097[State = -1, empty queue]] ERROR client.GrpcClientProtocolClient (GrpcClientProtocolClient.java:close(148)) - Unexpected exception while waiting for channel termination
java.lang.InterruptedException
	at java.util.concurrent.locks.AbstractQueuedSynchronizer.tryAcquireSharedNanos(AbstractQueuedSynchronizer.java:1326)
	at java.util.concurrent.CountDownLatch.await(CountDownLatch.java:277)
	at org.apache.ratis.thirdparty.io.grpc.internal.ManagedChannelImpl.awaitTermination(ManagedChannelImpl.java:763)
	at org.apache.ratis.thirdparty.io.grpc.internal.ForwardingManagedChannel.awaitTermination(ForwardingManagedChannel.java:57)
	at org.apache.ratis.thirdparty.io.grpc.internal.ManagedChannelOrphanWrapper.awaitTermination(ManagedChannelOrphanWrapper.java:70)
	at org.apache.ratis.grpc.client.GrpcClientProtocolClient.close(GrpcClientProtocolClient.java:146)
	at org.apache.ratis.util.PeerProxyMap$PeerAndProxy.lambda$close$1(PeerProxyMap.java:74)
	at org.apache.ratis.util.LifeCycle.lambda$checkStateAndClose$2(LifeCycle.java:231)
	at org.apache.ratis.util.LifeCycle.checkStateAndClose(LifeCycle.java:251)
	at org.apache.ratis.util.LifeCycle.checkStateAndClose(LifeCycle.java:229)
	at org.apache.ratis.util.PeerProxyMap$PeerAndProxy.close(PeerProxyMap.java:70)
	at org.apache.ratis.util.PeerProxyMap.resetProxy(PeerProxyMap.java:127)
	at org.apache.ratis.util.PeerProxyMap.handleException(PeerProxyMap.java:136)
	at org.apache.ratis.client.impl.RaftClientRpcWithProxy.handleException(RaftClientRpcWithProxy.java:47)
	at org.apache.ratis.client.impl.RaftClientImpl.handleIOException(RaftClientImpl.java:372)
	at org.apache.ratis.client.impl.OrderedAsync.lambda$sendRequest$10(OrderedAsync.java:236)
	at java.util.concurrent.CompletableFuture.uniExceptionally(CompletableFuture.java:870)
	at java.util.concurrent.CompletableFuture$UniExceptionally.tryFire(CompletableFuture.java:852)
	at java.util.concurrent.CompletableFuture.postComplete(CompletableFuture.java:474)
	at java.util.concurrent.CompletableFuture.completeExceptionally(CompletableFuture.java:1977)
	at org.apache.ratis.grpc.client.GrpcClientProtocolClient$AsyncStreamObservers.lambda$timeoutCheck$3(GrpcClientProtocolClient.java:324)
	at java.util.Optional.ifPresent(Optional.java:159)
	at org.apache.ratis.grpc.client.GrpcClientProtocolClient$AsyncStreamObservers.handleReplyFuture(GrpcClientProtocolClient.java:329)
	at org.apache.ratis.grpc.client.GrpcClientProtocolClient$AsyncStreamObservers.timeoutCheck(GrpcClientProtocolClient.java:324)
	at org.apache.ratis.grpc.client.GrpcClientProtocolClient$AsyncStreamObservers.lambda$onNext$1(GrpcClientProtocolClient.java:318)
	at org.apache.ratis.util.TimeoutScheduler.lambda$onTimeout$0(TimeoutScheduler.java:113)
	at org.apache.ratis.util.TimeoutScheduler.lambda$onTimeout$1(TimeoutScheduler.java:133)
	at org.apache.ratis.util.LogUtils.runAndLog(LogUtils.java:50)
	at org.apache.ratis.util.LogUtils$1.run(LogUtils.java:91)
	at java.util.concurrent.Executors$RunnableAdapter.call(Executors.java:511)
	at java.util.concurrent.FutureTask.run(FutureTask.java:266)
	at java.util.concurrent.ScheduledThreadPoolExecutor$ScheduledFutureTask.access$201(ScheduledThreadPoolExecutor.java:180)
	at java.util.concurrent.ScheduledThreadPoolExecutor$ScheduledFutureTask.run(ScheduledThreadPoolExecutor.java:293)
	at java.util.concurrent.ThreadPoolExecutor.runWorker(ThreadPoolExecutor.java:1149)
	at java.util.concurrent.ThreadPoolExecutor$Worker.run(ThreadPoolExecutor.java:624)
	at java.lang.Thread.run(Thread.java:748)
2019-10-02 10:04:35,604 [java.util.concurrent.ThreadPoolExecutor$Worker@7d06b097[State = -1, empty queue]] WARN  util.TimeoutScheduler (LogUtils.java:runAndLog(55)) - Failed to task #0: java.lang.NullPointerException
2019-10-02 10:04:39,663 [java.util.concurrent.ThreadPoolExecutor$Worker@5c1339a2[State = -1, empty queue]] ERROR client.GrpcClientProtocolClient (GrpcClientProtocolClient.java:close(148)) - Unexpected exception while waiting for channel termination
java.lang.InterruptedException
	at java.util.concurrent.locks.AbstractQueuedSynchronizer.tryAcquireSharedNanos(AbstractQueuedSynchronizer.java:1326)
	at java.util.concurrent.CountDownLatch.await(CountDownLatch.java:277)
	at org.apache.ratis.thirdparty.io.grpc.internal.ManagedChannelImpl.awaitTermination(ManagedChannelImpl.java:763)
	at org.apache.ratis.thirdparty.io.grpc.internal.ForwardingManagedChannel.awaitTermination(ForwardingManagedChannel.java:57)
	at org.apache.ratis.thirdparty.io.grpc.internal.ManagedChannelOrphanWrapper.awaitTermination(ManagedChannelOrphanWrapper.java:70)
	at org.apache.ratis.grpc.client.GrpcClientProtocolClient.close(GrpcClientProtocolClient.java:146)
	at org.apache.ratis.util.PeerProxyMap$PeerAndProxy.lambda$close$1(PeerProxyMap.java:74)
	at org.apache.ratis.util.LifeCycle.lambda$checkStateAndClose$2(LifeCycle.java:231)
	at org.apache.ratis.util.LifeCycle.checkStateAndClose(LifeCycle.java:251)
	at org.apache.ratis.util.LifeCycle.checkStateAndClose(LifeCycle.java:229)
	at org.apache.ratis.util.PeerProxyMap$PeerAndProxy.close(PeerProxyMap.java:70)
	at org.apache.ratis.util.PeerProxyMap.resetProxy(PeerProxyMap.java:127)
	at org.apache.ratis.util.PeerProxyMap.handleException(PeerProxyMap.java:136)
	at org.apache.ratis.client.impl.RaftClientRpcWithProxy.handleException(RaftClientRpcWithProxy.java:47)
	at org.apache.ratis.client.impl.RaftClientImpl.handleIOException(RaftClientImpl.java:372)
	at org.apache.ratis.client.impl.OrderedAsync.lambda$sendRequest$10(OrderedAsync.java:236)
	at java.util.concurrent.CompletableFuture.uniExceptionally(CompletableFuture.java:870)
	at java.util.concurrent.CompletableFuture$UniExceptionally.tryFire(CompletableFuture.java:852)
	at java.util.concurrent.CompletableFuture.postComplete(CompletableFuture.java:474)
	at java.util.concurrent.CompletableFuture.completeExceptionally(CompletableFuture.java:1977)
	at org.apache.ratis.grpc.client.GrpcClientProtocolClient$AsyncStreamObservers.lambda$timeoutCheck$3(GrpcClientProtocolClient.java:324)
	at java.util.Optional.ifPresent(Optional.java:159)
	at org.apache.ratis.grpc.client.GrpcClientProtocolClient$AsyncStreamObservers.handleReplyFuture(GrpcClientProtocolClient.java:329)
	at org.apache.ratis.grpc.client.GrpcClientProtocolClient$AsyncStreamObservers.timeoutCheck(GrpcClientProtocolClient.java:324)
	at org.apache.ratis.grpc.client.GrpcClientProtocolClient$AsyncStreamObservers.lambda$onNext$1(GrpcClientProtocolClient.java:318)
	at org.apache.ratis.util.TimeoutScheduler.lambda$onTimeout$0(TimeoutScheduler.java:113)
	at org.apache.ratis.util.TimeoutScheduler.lambda$onTimeout$1(TimeoutScheduler.java:133)
	at org.apache.ratis.util.LogUtils.runAndLog(LogUtils.java:50)
	at org.apache.ratis.util.LogUtils$1.run(LogUtils.java:91)
	at java.util.concurrent.Executors$RunnableAdapter.call(Executors.java:511)
	at java.util.concurrent.FutureTask.run(FutureTask.java:266)
	at java.util.concurrent.ScheduledThreadPoolExecutor$ScheduledFutureTask.access$201(ScheduledThreadPoolExecutor.java:180)
	at java.util.concurrent.ScheduledThreadPoolExecutor$ScheduledFutureTask.run(ScheduledThreadPoolExecutor.java:293)
	at java.util.concurrent.ThreadPoolExecutor.runWorker(ThreadPoolExecutor.java:1149)
	at java.util.concurrent.ThreadPoolExecutor$Worker.run(ThreadPoolExecutor.java:624)
	at java.lang.Thread.run(Thread.java:748)
2019-10-02 10:04:39,669 [java.util.concurrent.ThreadPoolExecutor$Worker@5c1339a2[State = -1, empty queue]] WARN  util.TimeoutScheduler (LogUtils.java:runAndLog(55)) - Failed to task #0: java.lang.NullPointerException
2019-10-02 10:04:43,719 [java.util.concurrent.ThreadPoolExecutor$Worker@129dfa15[State = -1, empty queue]] ERROR client.GrpcClientProtocolClient (GrpcClientProtocolClient.java:close(148)) - Unexpected exception while waiting for channel termination
java.lang.InterruptedException
	at java.util.concurrent.locks.AbstractQueuedSynchronizer.tryAcquireSharedNanos(AbstractQueuedSynchronizer.java:1326)
	at java.util.concurrent.CountDownLatch.await(CountDownLatch.java:277)
	at org.apache.ratis.thirdparty.io.grpc.internal.ManagedChannelImpl.awaitTermination(ManagedChannelImpl.java:763)
	at org.apache.ratis.thirdparty.io.grpc.internal.ForwardingManagedChannel.awaitTermination(ForwardingManagedChannel.java:57)
	at org.apache.ratis.thirdparty.io.grpc.internal.ManagedChannelOrphanWrapper.awaitTermination(ManagedChannelOrphanWrapper.java:70)
	at org.apache.ratis.grpc.client.GrpcClientProtocolClient.close(GrpcClientProtocolClient.java:146)
	at org.apache.ratis.util.PeerProxyMap$PeerAndProxy.lambda$close$1(PeerProxyMap.java:74)
	at org.apache.ratis.util.LifeCycle.lambda$checkStateAndClose$2(LifeCycle.java:231)
	at org.apache.ratis.util.LifeCycle.checkStateAndClose(LifeCycle.java:251)
	at org.apache.ratis.util.LifeCycle.checkStateAndClose(LifeCycle.java:229)
	at org.apache.ratis.util.PeerProxyMap$PeerAndProxy.close(PeerProxyMap.java:70)
	at org.apache.ratis.util.PeerProxyMap.resetProxy(PeerProxyMap.java:127)
	at org.apache.ratis.util.PeerProxyMap.handleException(PeerProxyMap.java:136)
	at org.apache.ratis.client.impl.RaftClientRpcWithProxy.handleException(RaftClientRpcWithProxy.java:47)
	at org.apache.ratis.client.impl.RaftClientImpl.handleIOException(RaftClientImpl.java:372)
	at org.apache.ratis.client.impl.OrderedAsync.lambda$sendRequest$10(OrderedAsync.java:236)
	at java.util.concurrent.CompletableFuture.uniExceptionally(CompletableFuture.java:870)
	at java.util.concurrent.CompletableFuture$UniExceptionally.tryFire(CompletableFuture.java:852)
	at java.util.concurrent.CompletableFuture.postComplete(CompletableFuture.java:474)
	at java.util.concurrent.CompletableFuture.completeExceptionally(CompletableFuture.java:1977)
	at org.apache.ratis.grpc.client.GrpcClientProtocolClient$AsyncStreamObservers.lambda$timeoutCheck$3(GrpcClientProtocolClient.java:324)
	at java.util.Optional.ifPresent(Optional.java:159)
	at org.apache.ratis.grpc.client.GrpcClientProtocolClient$AsyncStreamObservers.handleReplyFuture(GrpcClientProtocolClient.java:329)
	at org.apache.ratis.grpc.client.GrpcClientProtocolClient$AsyncStreamObservers.timeoutCheck(GrpcClientProtocolClient.java:324)
	at org.apache.ratis.grpc.client.GrpcClientProtocolClient$AsyncStreamObservers.lambda$onNext$1(GrpcClientProtocolClient.java:318)
	at org.apache.ratis.util.TimeoutScheduler.lambda$onTimeout$0(TimeoutScheduler.java:113)
	at org.apache.ratis.util.TimeoutScheduler.lambda$onTimeout$1(TimeoutScheduler.java:133)
	at org.apache.ratis.util.LogUtils.runAndLog(LogUtils.java:50)
	at org.apache.ratis.util.LogUtils$1.run(LogUtils.java:91)
	at java.util.concurrent.Executors$RunnableAdapter.call(Executors.java:511)
	at java.util.concurrent.FutureTask.run(FutureTask.java:266)
	at java.util.concurrent.ScheduledThreadPoolExecutor$ScheduledFutureTask.access$201(ScheduledThreadPoolExecutor.java:180)
	at java.util.concurrent.ScheduledThreadPoolExecutor$ScheduledFutureTask.run(ScheduledThreadPoolExecutor.java:293)
	at java.util.concurrent.ThreadPoolExecutor.runWorker(ThreadPoolExecutor.java:1149)
	at java.util.concurrent.ThreadPoolExecutor$Worker.run(ThreadPoolExecutor.java:624)
	at java.lang.Thread.run(Thread.java:748)
2019-10-02 10:04:43,721 [java.util.concurrent.ThreadPoolExecutor$Worker@129dfa15[State = -1, empty queue]] WARN  util.TimeoutScheduler (LogUtils.java:runAndLog(55)) - Failed to task #0: java.lang.NullPointerException
2019-10-02 10:04:47,750 [java.util.concurrent.ThreadPoolExecutor$Worker@7ad95cdc[State = -1, empty queue]] ERROR client.GrpcClientProtocolClient (GrpcClientProtocolClient.java:close(148)) - Unexpected exception while waiting for channel termination
java.lang.InterruptedException
	at java.util.concurrent.locks.AbstractQueuedSynchronizer.tryAcquireSharedNanos(AbstractQueuedSynchronizer.java:1326)
	at java.util.concurrent.CountDownLatch.await(CountDownLatch.java:277)
	at org.apache.ratis.thirdparty.io.grpc.internal.ManagedChannelImpl.awaitTermination(ManagedChannelImpl.java:763)
	at org.apache.ratis.thirdparty.io.grpc.internal.ForwardingManagedChannel.awaitTermination(ForwardingManagedChannel.java:57)
	at org.apache.ratis.thirdparty.io.grpc.internal.ManagedChannelOrphanWrapper.awaitTermination(ManagedChannelOrphanWrapper.java:70)
	at org.apache.ratis.grpc.client.GrpcClientProtocolClient.close(GrpcClientProtocolClient.java:146)
	at org.apache.ratis.util.PeerProxyMap$PeerAndProxy.lambda$close$1(PeerProxyMap.java:74)
	at org.apache.ratis.util.LifeCycle.lambda$checkStateAndClose$2(LifeCycle.java:231)
	at org.apache.ratis.util.LifeCycle.checkStateAndClose(LifeCycle.java:251)
	at org.apache.ratis.util.LifeCycle.checkStateAndClose(LifeCycle.java:229)
	at org.apache.ratis.util.PeerProxyMap$PeerAndProxy.close(PeerProxyMap.java:70)
	at org.apache.ratis.util.PeerProxyMap.resetProxy(PeerProxyMap.java:127)
	at org.apache.ratis.util.PeerProxyMap.handleException(PeerProxyMap.java:136)
	at org.apache.ratis.client.impl.RaftClientRpcWithProxy.handleException(RaftClientRpcWithProxy.java:47)
	at org.apache.ratis.client.impl.RaftClientImpl.handleIOException(RaftClientImpl.java:372)
	at org.apache.ratis.client.impl.OrderedAsync.lambda$sendRequest$10(OrderedAsync.java:236)
	at java.util.concurrent.CompletableFuture.uniExceptionally(CompletableFuture.java:870)
	at java.util.concurrent.CompletableFuture$UniExceptionally.tryFire(CompletableFuture.java:852)
	at java.util.concurrent.CompletableFuture.postComplete(CompletableFuture.java:474)
	at java.util.concurrent.CompletableFuture.completeExceptionally(CompletableFuture.java:1977)
	at org.apache.ratis.grpc.client.GrpcClientProtocolClient$AsyncStreamObservers.lambda$timeoutCheck$3(GrpcClientProtocolClient.java:324)
	at java.util.Optional.ifPresent(Optional.java:159)
	at org.apache.ratis.grpc.client.GrpcClientProtocolClient$AsyncStreamObservers.handleReplyFuture(GrpcClientProtocolClient.java:329)
	at org.apache.ratis.grpc.client.GrpcClientProtocolClient$AsyncStreamObservers.timeoutCheck(GrpcClientProtocolClient.java:324)
	at org.apache.ratis.grpc.client.GrpcClientProtocolClient$AsyncStreamObservers.lambda$onNext$1(GrpcClientProtocolClient.java:318)
	at org.apache.ratis.util.TimeoutScheduler.lambda$onTimeout$0(TimeoutScheduler.java:113)
	at org.apache.ratis.util.TimeoutScheduler.lambda$onTimeout$1(TimeoutScheduler.java:133)
	at org.apache.ratis.util.LogUtils.runAndLog(LogUtils.java:50)
	at org.apache.ratis.util.LogUtils$1.run(LogUtils.java:91)
	at java.util.concurrent.Executors$RunnableAdapter.call(Executors.java:511)
	at java.util.concurrent.FutureTask.run(FutureTask.java:266)
	at java.util.concurrent.ScheduledThreadPoolExecutor$ScheduledFutureTask.access$201(ScheduledThreadPoolExecutor.java:180)
	at java.util.concurrent.ScheduledThreadPoolExecutor$ScheduledFutureTask.run(ScheduledThreadPoolExecutor.java:293)
	at java.util.concurrent.ThreadPoolExecutor.runWorker(ThreadPoolExecutor.java:1149)
	at java.util.concurrent.ThreadPoolExecutor$Worker.run(ThreadPoolExecutor.java:624)
	at java.lang.Thread.run(Thread.java:748)
2019-10-02 10:04:47,751 [java.util.concurrent.ThreadPoolExecutor$Worker@7ad95cdc[State = -1, empty queue]] WARN  util.TimeoutScheduler (LogUtils.java:runAndLog(55)) - Failed to task #0: java.lang.NullPointerException
2019-10-02 10:04:51,784 [java.util.concurrent.ThreadPoolExecutor$Worker@4077070a[State = -1, empty queue]] ERROR client.GrpcClientProtocolClient (GrpcClientProtocolClient.java:close(148)) - Unexpected exception while waiting for channel termination
java.lang.InterruptedException
	at java.util.concurrent.locks.AbstractQueuedSynchronizer.tryAcquireSharedNanos(AbstractQueuedSynchronizer.java:1326)
	at java.util.concurrent.CountDownLatch.await(CountDownLatch.java:277)
	at org.apache.ratis.thirdparty.io.grpc.internal.ManagedChannelImpl.awaitTermination(ManagedChannelImpl.java:763)
	at org.apache.ratis.thirdparty.io.grpc.internal.ForwardingManagedChannel.awaitTermination(ForwardingManagedChannel.java:57)
	at org.apache.ratis.thirdparty.io.grpc.internal.ManagedChannelOrphanWrapper.awaitTermination(ManagedChannelOrphanWrapper.java:70)
	at org.apache.ratis.grpc.client.GrpcClientProtocolClient.close(GrpcClientProtocolClient.java:146)
	at org.apache.ratis.util.PeerProxyMap$PeerAndProxy.lambda$close$1(PeerProxyMap.java:74)
	at org.apache.ratis.util.LifeCycle.lambda$checkStateAndClose$2(LifeCycle.java:231)
	at org.apache.ratis.util.LifeCycle.checkStateAndClose(LifeCycle.java:251)
	at org.apache.ratis.util.LifeCycle.checkStateAndClose(LifeCycle.java:229)
	at org.apache.ratis.util.PeerProxyMap$PeerAndProxy.close(PeerProxyMap.java:70)
	at org.apache.ratis.util.PeerProxyMap.resetProxy(PeerProxyMap.java:127)
	at org.apache.ratis.util.PeerProxyMap.handleException(PeerProxyMap.java:136)
	at org.apache.ratis.client.impl.RaftClientRpcWithProxy.handleException(RaftClientRpcWithProxy.java:47)
	at org.apache.ratis.client.impl.RaftClientImpl.handleIOException(RaftClientImpl.java:372)
	at org.apache.ratis.client.impl.OrderedAsync.lambda$sendRequest$10(OrderedAsync.java:236)
	at java.util.concurrent.CompletableFuture.uniExceptionally(CompletableFuture.java:870)
	at java.util.concurrent.CompletableFuture$UniExceptionally.tryFire(CompletableFuture.java:852)
	at java.util.concurrent.CompletableFuture.postComplete(CompletableFuture.java:474)
	at java.util.concurrent.CompletableFuture.completeExceptionally(CompletableFuture.java:1977)
	at org.apache.ratis.grpc.client.GrpcClientProtocolClient$AsyncStreamObservers.lambda$timeoutCheck$3(GrpcClientProtocolClient.java:324)
	at java.util.Optional.ifPresent(Optional.java:159)
	at org.apache.ratis.grpc.client.GrpcClientProtocolClient$AsyncStreamObservers.handleReplyFuture(GrpcClientProtocolClient.java:329)
	at org.apache.ratis.grpc.client.GrpcClientProtocolClient$AsyncStreamObservers.timeoutCheck(GrpcClientProtocolClient.java:324)
	at org.apache.ratis.grpc.client.GrpcClientProtocolClient$AsyncStreamObservers.lambda$onNext$1(GrpcClientProtocolClient.java:318)
	at org.apache.ratis.util.TimeoutScheduler.lambda$onTimeout$0(TimeoutScheduler.java:113)
	at org.apache.ratis.util.TimeoutScheduler.lambda$onTimeout$1(TimeoutScheduler.java:133)
	at org.apache.ratis.util.LogUtils.runAndLog(LogUtils.java:50)
	at org.apache.ratis.util.LogUtils$1.run(LogUtils.java:91)
	at java.util.concurrent.Executors$RunnableAdapter.call(Executors.java:511)
	at java.util.concurrent.FutureTask.run(FutureTask.java:266)
	at java.util.concurrent.ScheduledThreadPoolExecutor$ScheduledFutureTask.access$201(ScheduledThreadPoolExecutor.java:180)
	at java.util.concurrent.ScheduledThreadPoolExecutor$ScheduledFutureTask.run(ScheduledThreadPoolExecutor.java:293)
	at java.util.concurrent.ThreadPoolExecutor.runWorker(ThreadPoolExecutor.java:1149)
	at java.util.concurrent.ThreadPoolExecutor$Worker.run(ThreadPoolExecutor.java:624)
	at java.lang.Thread.run(Thread.java:748)
2019-10-02 10:04:51,787 [java.util.concurrent.ThreadPoolExecutor$Worker@4077070a[State = -1, empty queue]] WARN  util.TimeoutScheduler (LogUtils.java:runAndLog(55)) - Failed to task #0: java.lang.NullPointerException
2019-10-02 10:04:55,823 [java.util.concurrent.ThreadPoolExecutor$Worker@2e1b61f[State = -1, empty queue]] ERROR client.GrpcClientProtocolClient (GrpcClientProtocolClient.java:close(148)) - Unexpected exception while waiting for channel termination
java.lang.InterruptedException
	at java.util.concurrent.locks.AbstractQueuedSynchronizer.tryAcquireSharedNanos(AbstractQueuedSynchronizer.java:1326)
	at java.util.concurrent.CountDownLatch.await(CountDownLatch.java:277)
	at org.apache.ratis.thirdparty.io.grpc.internal.ManagedChannelImpl.awaitTermination(ManagedChannelImpl.java:763)
	at org.apache.ratis.thirdparty.io.grpc.internal.ForwardingManagedChannel.awaitTermination(ForwardingManagedChannel.java:57)
	at org.apache.ratis.thirdparty.io.grpc.internal.ManagedChannelOrphanWrapper.awaitTermination(ManagedChannelOrphanWrapper.java:70)
	at org.apache.ratis.grpc.client.GrpcClientProtocolClient.close(GrpcClientProtocolClient.java:146)
	at org.apache.ratis.util.PeerProxyMap$PeerAndProxy.lambda$close$1(PeerProxyMap.java:74)
	at org.apache.ratis.util.LifeCycle.lambda$checkStateAndClose$2(LifeCycle.java:231)
	at org.apache.ratis.util.LifeCycle.checkStateAndClose(LifeCycle.java:251)
	at org.apache.ratis.util.LifeCycle.checkStateAndClose(LifeCycle.java:229)
	at org.apache.ratis.util.PeerProxyMap$PeerAndProxy.close(PeerProxyMap.java:70)
	at org.apache.ratis.util.PeerProxyMap.resetProxy(PeerProxyMap.java:127)
	at org.apache.ratis.util.PeerProxyMap.handleException(PeerProxyMap.java:136)
	at org.apache.ratis.client.impl.RaftClientRpcWithProxy.handleException(RaftClientRpcWithProxy.java:47)
	at org.apache.ratis.client.impl.RaftClientImpl.handleIOException(RaftClientImpl.java:372)
	at org.apache.ratis.client.impl.OrderedAsync.lambda$sendRequest$10(OrderedAsync.java:236)
	at java.util.concurrent.CompletableFuture.uniExceptionally(CompletableFuture.java:870)
	at java.util.concurrent.CompletableFuture$UniExceptionally.tryFire(CompletableFuture.java:852)
	at java.util.concurrent.CompletableFuture.postComplete(CompletableFuture.java:474)
	at java.util.concurrent.CompletableFuture.completeExceptionally(CompletableFuture.java:1977)
	at org.apache.ratis.grpc.client.GrpcClientProtocolClient$AsyncStreamObservers.lambda$timeoutCheck$3(GrpcClientProtocolClient.java:324)
	at java.util.Optional.ifPresent(Optional.java:159)
	at org.apache.ratis.grpc.client.GrpcClientProtocolClient$AsyncStreamObservers.handleReplyFuture(GrpcClientProtocolClient.java:329)
	at org.apache.ratis.grpc.client.GrpcClientProtocolClient$AsyncStreamObservers.timeoutCheck(GrpcClientProtocolClient.java:324)
	at org.apache.ratis.grpc.client.GrpcClientProtocolClient$AsyncStreamObservers.lambda$onNext$1(GrpcClientProtocolClient.java:318)
	at org.apache.ratis.util.TimeoutScheduler.lambda$onTimeout$0(TimeoutScheduler.java:113)
	at org.apache.ratis.util.TimeoutScheduler.lambda$onTimeout$1(TimeoutScheduler.java:133)
	at org.apache.ratis.util.LogUtils.runAndLog(LogUtils.java:50)
	at org.apache.ratis.util.LogUtils$1.run(LogUtils.java:91)
	at java.util.concurrent.Executors$RunnableAdapter.call(Executors.java:511)
	at java.util.concurrent.FutureTask.run(FutureTask.java:266)
	at java.util.concurrent.ScheduledThreadPoolExecutor$ScheduledFutureTask.access$201(ScheduledThreadPoolExecutor.java:180)
	at java.util.concurrent.ScheduledThreadPoolExecutor$ScheduledFutureTask.run(ScheduledThreadPoolExecutor.java:293)
	at java.util.concurrent.ThreadPoolExecutor.runWorker(ThreadPoolExecutor.java:1149)
	at java.util.concurrent.ThreadPoolExecutor$Worker.run(ThreadPoolExecutor.java:624)
	at java.lang.Thread.run(Thread.java:748)
2019-10-02 10:04:55,825 [java.util.concurrent.ThreadPoolExecutor$Worker@2e1b61f[State = -1, empty queue]] WARN  util.TimeoutScheduler (LogUtils.java:runAndLog(55)) - Failed to task #0: java.lang.NullPointerException
2019-10-02 10:04:59,858 [java.util.concurrent.ThreadPoolExecutor$Worker@5e0f163b[State = -1, empty queue]] ERROR client.GrpcClientProtocolClient (GrpcClientProtocolClient.java:close(148)) - Unexpected exception while waiting for channel termination
java.lang.InterruptedException
	at java.util.concurrent.locks.AbstractQueuedSynchronizer.tryAcquireSharedNanos(AbstractQueuedSynchronizer.java:1326)
	at java.util.concurrent.CountDownLatch.await(CountDownLatch.java:277)
	at org.apache.ratis.thirdparty.io.grpc.internal.ManagedChannelImpl.awaitTermination(ManagedChannelImpl.java:763)
	at org.apache.ratis.thirdparty.io.grpc.internal.ForwardingManagedChannel.awaitTermination(ForwardingManagedChannel.java:57)
	at org.apache.ratis.thirdparty.io.grpc.internal.ManagedChannelOrphanWrapper.awaitTermination(ManagedChannelOrphanWrapper.java:70)
	at org.apache.ratis.grpc.client.GrpcClientProtocolClient.close(GrpcClientProtocolClient.java:146)
	at org.apache.ratis.util.PeerProxyMap$PeerAndProxy.lambda$close$1(PeerProxyMap.java:74)
	at org.apache.ratis.util.LifeCycle.lambda$checkStateAndClose$2(LifeCycle.java:231)
	at org.apache.ratis.util.LifeCycle.checkStateAndClose(LifeCycle.java:251)
	at org.apache.ratis.util.LifeCycle.checkStateAndClose(LifeCycle.java:229)
	at org.apache.ratis.util.PeerProxyMap$PeerAndProxy.close(PeerProxyMap.java:70)
	at org.apache.ratis.util.PeerProxyMap.resetProxy(PeerProxyMap.java:127)
	at org.apache.ratis.util.PeerProxyMap.handleException(PeerProxyMap.java:136)
	at org.apache.ratis.client.impl.RaftClientRpcWithProxy.handleException(RaftClientRpcWithProxy.java:47)
	at org.apache.ratis.client.impl.RaftClientImpl.handleIOException(RaftClientImpl.java:372)
	at org.apache.ratis.client.impl.OrderedAsync.lambda$sendRequest$10(OrderedAsync.java:236)
	at java.util.concurrent.CompletableFuture.uniExceptionally(CompletableFuture.java:870)
	at java.util.concurrent.CompletableFuture$UniExceptionally.tryFire(CompletableFuture.java:852)
	at java.util.concurrent.CompletableFuture.postComplete(CompletableFuture.java:474)
	at java.util.concurrent.CompletableFuture.completeExceptionally(CompletableFuture.java:1977)
	at org.apache.ratis.grpc.client.GrpcClientProtocolClient$AsyncStreamObservers.lambda$timeoutCheck$3(GrpcClientProtocolClient.java:324)
	at java.util.Optional.ifPresent(Optional.java:159)
	at org.apache.ratis.grpc.client.GrpcClientProtocolClient$AsyncStreamObservers.handleReplyFuture(GrpcClientProtocolClient.java:329)
	at org.apache.ratis.grpc.client.GrpcClientProtocolClient$AsyncStreamObservers.timeoutCheck(GrpcClientProtocolClient.java:324)
	at org.apache.ratis.grpc.client.GrpcClientProtocolClient$AsyncStreamObservers.lambda$onNext$1(GrpcClientProtocolClient.java:318)
	at org.apache.ratis.util.TimeoutScheduler.lambda$onTimeout$0(TimeoutScheduler.java:113)
	at org.apache.ratis.util.TimeoutScheduler.lambda$onTimeout$1(TimeoutScheduler.java:133)
	at org.apache.ratis.util.LogUtils.runAndLog(LogUtils.java:50)
	at org.apache.ratis.util.LogUtils$1.run(LogUtils.java:91)
	at java.util.concurrent.Executors$RunnableAdapter.call(Executors.java:511)
	at java.util.concurrent.FutureTask.run(FutureTask.java:266)
	at java.util.concurrent.ScheduledThreadPoolExecutor$ScheduledFutureTask.access$201(ScheduledThreadPoolExecutor.java:180)
	at java.util.concurrent.ScheduledThreadPoolExecutor$ScheduledFutureTask.run(ScheduledThreadPoolExecutor.java:293)
	at java.util.concurrent.ThreadPoolExecutor.runWorker(ThreadPoolExecutor.java:1149)
	at java.util.concurrent.ThreadPoolExecutor$Worker.run(ThreadPoolExecutor.java:624)
	at java.lang.Thread.run(Thread.java:748)
2019-10-02 10:04:59,860 [java.util.concurrent.ThreadPoolExecutor$Worker@5e0f163b[State = -1, empty queue]] WARN  util.TimeoutScheduler (LogUtils.java:runAndLog(55)) - Failed to task #0: java.lang.NullPointerException
2019-10-02 10:05:03,895 [java.util.concurrent.ThreadPoolExecutor$Worker@66199514[State = -1, empty queue]] ERROR client.GrpcClientProtocolClient (GrpcClientProtocolClient.java:close(148)) - Unexpected exception while waiting for channel termination
java.lang.InterruptedException
	at java.util.concurrent.locks.AbstractQueuedSynchronizer.tryAcquireSharedNanos(AbstractQueuedSynchronizer.java:1326)
	at java.util.concurrent.CountDownLatch.await(CountDownLatch.java:277)
	at org.apache.ratis.thirdparty.io.grpc.internal.ManagedChannelImpl.awaitTermination(ManagedChannelImpl.java:763)
	at org.apache.ratis.thirdparty.io.grpc.internal.ForwardingManagedChannel.awaitTermination(ForwardingManagedChannel.java:57)
	at org.apache.ratis.thirdparty.io.grpc.internal.ManagedChannelOrphanWrapper.awaitTermination(ManagedChannelOrphanWrapper.java:70)
	at org.apache.ratis.grpc.client.GrpcClientProtocolClient.close(GrpcClientProtocolClient.java:146)
	at org.apache.ratis.util.PeerProxyMap$PeerAndProxy.lambda$close$1(PeerProxyMap.java:74)
	at org.apache.ratis.util.LifeCycle.lambda$checkStateAndClose$2(LifeCycle.java:231)
	at org.apache.ratis.util.LifeCycle.checkStateAndClose(LifeCycle.java:251)
	at org.apache.ratis.util.LifeCycle.checkStateAndClose(LifeCycle.java:229)
	at org.apache.ratis.util.PeerProxyMap$PeerAndProxy.close(PeerProxyMap.java:70)
	at org.apache.ratis.util.PeerProxyMap.resetProxy(PeerProxyMap.java:127)
	at org.apache.ratis.util.PeerProxyMap.handleException(PeerProxyMap.java:136)
	at org.apache.ratis.client.impl.RaftClientRpcWithProxy.handleException(RaftClientRpcWithProxy.java:47)
	at org.apache.ratis.client.impl.RaftClientImpl.handleIOException(RaftClientImpl.java:372)
	at org.apache.ratis.client.impl.OrderedAsync.lambda$sendRequest$10(OrderedAsync.java:236)
	at java.util.concurrent.CompletableFuture.uniExceptionally(CompletableFuture.java:870)
	at java.util.concurrent.CompletableFuture$UniExceptionally.tryFire(CompletableFuture.java:852)
	at java.util.concurrent.CompletableFuture.postComplete(CompletableFuture.java:474)
	at java.util.concurrent.CompletableFuture.completeExceptionally(CompletableFuture.java:1977)
	at org.apache.ratis.grpc.client.GrpcClientProtocolClient$AsyncStreamObservers.lambda$timeoutCheck$3(GrpcClientProtocolClient.java:324)
	at java.util.Optional.ifPresent(Optional.java:159)
	at org.apache.ratis.grpc.client.GrpcClientProtocolClient$AsyncStreamObservers.handleReplyFuture(GrpcClientProtocolClient.java:329)
	at org.apache.ratis.grpc.client.GrpcClientProtocolClient$AsyncStreamObservers.timeoutCheck(GrpcClientProtocolClient.java:324)
	at org.apache.ratis.grpc.client.GrpcClientProtocolClient$AsyncStreamObservers.lambda$onNext$1(GrpcClientProtocolClient.java:318)
	at org.apache.ratis.util.TimeoutScheduler.lambda$onTimeout$0(TimeoutScheduler.java:113)
	at org.apache.ratis.util.TimeoutScheduler.lambda$onTimeout$1(TimeoutScheduler.java:133)
	at org.apache.ratis.util.LogUtils.runAndLog(LogUtils.java:50)
	at org.apache.ratis.util.LogUtils$1.run(LogUtils.java:91)
	at java.util.concurrent.Executors$RunnableAdapter.call(Executors.java:511)
	at java.util.concurrent.FutureTask.run(FutureTask.java:266)
	at java.util.concurrent.ScheduledThreadPoolExecutor$ScheduledFutureTask.access$201(ScheduledThreadPoolExecutor.java:180)
	at java.util.concurrent.ScheduledThreadPoolExecutor$ScheduledFutureTask.run(ScheduledThreadPoolExecutor.java:293)
	at java.util.concurrent.ThreadPoolExecutor.runWorker(ThreadPoolExecutor.java:1149)
	at java.util.concurrent.ThreadPoolExecutor$Worker.run(ThreadPoolExecutor.java:624)
	at java.lang.Thread.run(Thread.java:748)
2019-10-02 10:05:03,896 [java.util.concurrent.ThreadPoolExecutor$Worker@66199514[State = -1, empty queue]] WARN  util.TimeoutScheduler (LogUtils.java:runAndLog(55)) - Failed to task #0: java.lang.NullPointerException
2019-10-02 10:05:05,062 [grpc-default-executor-6] INFO  impl.RaftServerProxy (RaftServerProxy.java:addNew(89)) - f543130f-443f-4ba5-9d6e-59ecbb0ec00a: addNew group-570035410B71:[f543130f-443f-4ba5-9d6e-59ecbb0ec00a:192.168.164.250:36191, 5a36316c-6269-4ab0-8563-6514c3376d21:192.168.164.250:32906, 49e61346-ce49-4850-8dcd-6024868ef21c:192.168.164.250:43655] returns group-570035410B71:java.util.concurrent.CompletableFuture@41edb512[Not completed]
2019-10-02 10:05:05,062 [grpc-default-executor-3] INFO  impl.RaftServerProxy (RaftServerProxy.java:addNew(89)) - 5a36316c-6269-4ab0-8563-6514c3376d21: addNew group-570035410B71:[f543130f-443f-4ba5-9d6e-59ecbb0ec00a:192.168.164.250:36191, 5a36316c-6269-4ab0-8563-6514c3376d21:192.168.164.250:32906, 49e61346-ce49-4850-8dcd-6024868ef21c:192.168.164.250:43655] returns group-570035410B71:java.util.concurrent.CompletableFuture@3f617b3b[Not completed]
2019-10-02 10:05:05,062 [grpc-default-executor-7] INFO  impl.RaftServerProxy (RaftServerProxy.java:addNew(89)) - 49e61346-ce49-4850-8dcd-6024868ef21c: addNew group-570035410B71:[f543130f-443f-4ba5-9d6e-59ecbb0ec00a:192.168.164.250:36191, 5a36316c-6269-4ab0-8563-6514c3376d21:192.168.164.250:32906, 49e61346-ce49-4850-8dcd-6024868ef21c:192.168.164.250:43655] returns group-570035410B71:java.util.concurrent.CompletableFuture@67fd7e22[Not completed]
2019-10-02 10:05:05,065 [pool-47-thread-1] INFO  impl.RaftServerImpl (RaftServerImpl.java:<init>(95)) - 49e61346-ce49-4850-8dcd-6024868ef21c: new RaftServerImpl for group-570035410B71:[f543130f-443f-4ba5-9d6e-59ecbb0ec00a:192.168.164.250:36191, 5a36316c-6269-4ab0-8563-6514c3376d21:192.168.164.250:32906, 49e61346-ce49-4850-8dcd-6024868ef21c:192.168.164.250:43655] with ContainerStateMachine:uninitialized
2019-10-02 10:05:05,065 [pool-47-thread-1] INFO  server.RaftServerConfigKeys (ConfUtils.java:logGet(43)) - raft.server.rpc.timeout.min = 5s (custom)
2019-10-02 10:05:05,065 [pool-47-thread-1] INFO  server.RaftServerConfigKeys (ConfUtils.java:logGet(43)) - raft.server.rpc.timeout.max = 5200ms (custom)
2019-10-02 10:05:05,065 [pool-47-thread-1] INFO  server.RaftServerConfigKeys (ConfUtils.java:logGet(43)) - raft.server.rpcslowness.timeout = 120s (custom)
2019-10-02 10:05:05,065 [pool-47-thread-1] INFO  server.RaftServerConfigKeys (ConfUtils.java:logGet(43)) - raft.server.sleep.deviation.threshold = 300 (default)
2019-10-02 10:05:05,065 [pool-57-thread-1] INFO  impl.RaftServerImpl (RaftServerImpl.java:<init>(95)) - f543130f-443f-4ba5-9d6e-59ecbb0ec00a: new RaftServerImpl for group-570035410B71:[f543130f-443f-4ba5-9d6e-59ecbb0ec00a:192.168.164.250:36191, 5a36316c-6269-4ab0-8563-6514c3376d21:192.168.164.250:32906, 49e61346-ce49-4850-8dcd-6024868ef21c:192.168.164.250:43655] with ContainerStateMachine:uninitialized
2019-10-02 10:05:05,065 [pool-47-thread-1] INFO  server.RaftServerConfigKeys (ConfUtils.java:logGet(43)) - raft.server.log.appender.install.snapshot.enabled = false (custom)
2019-10-02 10:05:05,066 [pool-57-thread-1] INFO  server.RaftServerConfigKeys (ConfUtils.java:logGet(43)) - raft.server.rpc.timeout.min = 5s (custom)
2019-10-02 10:05:05,066 [pool-47-thread-1] INFO  impl.RaftServerImpl (ServerState.java:<init>(103)) - 49e61346-ce49-4850-8dcd-6024868ef21c@group-570035410B71: ConfigurationManager, init=-1: [f543130f-443f-4ba5-9d6e-59ecbb0ec00a:192.168.164.250:36191, 5a36316c-6269-4ab0-8563-6514c3376d21:192.168.164.250:32906, 49e61346-ce49-4850-8dcd-6024868ef21c:192.168.164.250:43655], old=null, confs=<EMPTY_MAP>
2019-10-02 10:05:05,066 [pool-57-thread-1] INFO  server.RaftServerConfigKeys (ConfUtils.java:logGet(43)) - raft.server.rpc.timeout.max = 5200ms (custom)
2019-10-02 10:05:05,066 [pool-47-thread-1] INFO  server.RaftServerConfigKeys (ConfUtils.java:logGet(43)) - raft.server.storage.dir = [/workdir/hadoop-ozone/ozonefs/target/test-dir/MiniOzoneClusterImpl-a0bcfbd7-d664-4bc8-be8a-7389cc786fdd/datanode-2/data/ratis] (custom)
2019-10-02 10:05:05,066 [pool-57-thread-1] INFO  server.RaftServerConfigKeys (ConfUtils.java:logGet(43)) - raft.server.rpcslowness.timeout = 120s (custom)
2019-10-02 10:05:05,066 [pool-57-thread-1] INFO  server.RaftServerConfigKeys (ConfUtils.java:logGet(43)) - raft.server.sleep.deviation.threshold = 300 (default)
2019-10-02 10:05:05,067 [pool-57-thread-1] INFO  server.RaftServerConfigKeys (ConfUtils.java:logGet(43)) - raft.server.log.appender.install.snapshot.enabled = false (custom)
2019-10-02 10:05:05,067 [pool-37-thread-1] INFO  impl.RaftServerImpl (RaftServerImpl.java:<init>(95)) - 5a36316c-6269-4ab0-8563-6514c3376d21: new RaftServerImpl for group-570035410B71:[f543130f-443f-4ba5-9d6e-59ecbb0ec00a:192.168.164.250:36191, 5a36316c-6269-4ab0-8563-6514c3376d21:192.168.164.250:32906, 49e61346-ce49-4850-8dcd-6024868ef21c:192.168.164.250:43655] with ContainerStateMachine:uninitialized
2019-10-02 10:05:05,067 [pool-47-thread-1] INFO  server.RaftServerConfigKeys (ConfUtils.java:logGet(43)) - raft.server.log.corruption.policy = EXCEPTION (default)
2019-10-02 10:05:05,067 [pool-37-thread-1] INFO  server.RaftServerConfigKeys (ConfUtils.java:logGet(43)) - raft.server.rpc.timeout.min = 5s (custom)
2019-10-02 10:05:05,067 [pool-47-thread-1] INFO  storage.RaftStorageDirectory (RaftStorageDirectory.java:analyzeStorage(246)) - The storage directory /workdir/hadoop-ozone/ozonefs/target/test-dir/MiniOzoneClusterImpl-a0bcfbd7-d664-4bc8-be8a-7389cc786fdd/datanode-2/data/ratis/3c95dc4a-b39f-47ee-bd7d-570035410b71 does not exist. Creating ...
2019-10-02 10:05:05,067 [pool-57-thread-1] INFO  impl.RaftServerImpl (ServerState.java:<init>(103)) - f543130f-443f-4ba5-9d6e-59ecbb0ec00a@group-570035410B71: ConfigurationManager, init=-1: [f543130f-443f-4ba5-9d6e-59ecbb0ec00a:192.168.164.250:36191, 5a36316c-6269-4ab0-8563-6514c3376d21:192.168.164.250:32906, 49e61346-ce49-4850-8dcd-6024868ef21c:192.168.164.250:43655], old=null, confs=<EMPTY_MAP>
2019-10-02 10:05:05,067 [pool-37-thread-1] INFO  server.RaftServerConfigKeys (ConfUtils.java:logGet(43)) - raft.server.rpc.timeout.max = 5200ms (custom)
2019-10-02 10:05:05,067 [pool-57-thread-1] INFO  server.RaftServerConfigKeys (ConfUtils.java:logGet(43)) - raft.server.storage.dir = [/workdir/hadoop-ozone/ozonefs/target/test-dir/MiniOzoneClusterImpl-a0bcfbd7-d664-4bc8-be8a-7389cc786fdd/datanode-3/data/ratis] (custom)
2019-10-02 10:05:05,068 [pool-37-thread-1] INFO  server.RaftServerConfigKeys (ConfUtils.java:logGet(43)) - raft.server.rpcslowness.timeout = 120s (custom)
2019-10-02 10:05:05,068 [pool-37-thread-1] INFO  server.RaftServerConfigKeys (ConfUtils.java:logGet(43)) - raft.server.sleep.deviation.threshold = 300 (default)
2019-10-02 10:05:05,068 [pool-57-thread-1] INFO  server.RaftServerConfigKeys (ConfUtils.java:logGet(43)) - raft.server.log.corruption.policy = EXCEPTION (default)
2019-10-02 10:05:05,068 [pool-37-thread-1] INFO  server.RaftServerConfigKeys (ConfUtils.java:logGet(43)) - raft.server.log.appender.install.snapshot.enabled = false (custom)
2019-10-02 10:05:05,068 [pool-57-thread-1] INFO  storage.RaftStorageDirectory (RaftStorageDirectory.java:analyzeStorage(246)) - The storage directory /workdir/hadoop-ozone/ozonefs/target/test-dir/MiniOzoneClusterImpl-a0bcfbd7-d664-4bc8-be8a-7389cc786fdd/datanode-3/data/ratis/3c95dc4a-b39f-47ee-bd7d-570035410b71 does not exist. Creating ...
2019-10-02 10:05:05,068 [pool-37-thread-1] INFO  impl.RaftServerImpl (ServerState.java:<init>(103)) - 5a36316c-6269-4ab0-8563-6514c3376d21@group-570035410B71: ConfigurationManager, init=-1: [f543130f-443f-4ba5-9d6e-59ecbb0ec00a:192.168.164.250:36191, 5a36316c-6269-4ab0-8563-6514c3376d21:192.168.164.250:32906, 49e61346-ce49-4850-8dcd-6024868ef21c:192.168.164.250:43655], old=null, confs=<EMPTY_MAP>
2019-10-02 10:05:05,068 [pool-37-thread-1] INFO  server.RaftServerConfigKeys (ConfUtils.java:logGet(43)) - raft.server.storage.dir = [/workdir/hadoop-ozone/ozonefs/target/test-dir/MiniOzoneClusterImpl-a0bcfbd7-d664-4bc8-be8a-7389cc786fdd/datanode-1/data/ratis] (custom)
2019-10-02 10:05:05,069 [pool-37-thread-1] INFO  server.RaftServerConfigKeys (ConfUtils.java:logGet(43)) - raft.server.log.corruption.policy = EXCEPTION (default)
2019-10-02 10:05:05,069 [pool-37-thread-1] INFO  storage.RaftStorageDirectory (RaftStorageDirectory.java:analyzeStorage(246)) - The storage directory /workdir/hadoop-ozone/ozonefs/target/test-dir/MiniOzoneClusterImpl-a0bcfbd7-d664-4bc8-be8a-7389cc786fdd/datanode-1/data/ratis/3c95dc4a-b39f-47ee-bd7d-570035410b71 does not exist. Creating ...
2019-10-02 10:05:05,082 [pool-47-thread-1] INFO  storage.RaftStorageDirectory (RaftStorageDirectory.java:tryLock(328)) - Lock on /workdir/hadoop-ozone/ozonefs/target/test-dir/MiniOzoneClusterImpl-a0bcfbd7-d664-4bc8-be8a-7389cc786fdd/datanode-2/data/ratis/3c95dc4a-b39f-47ee-bd7d-570035410b71/in_use.lock acquired by nodename 13808@pr-trunk-p5fv4-2201032288
2019-10-02 10:05:05,082 [pool-57-thread-1] INFO  storage.RaftStorageDirectory (RaftStorageDirectory.java:tryLock(328)) - Lock on /workdir/hadoop-ozone/ozonefs/target/test-dir/MiniOzoneClusterImpl-a0bcfbd7-d664-4bc8-be8a-7389cc786fdd/datanode-3/data/ratis/3c95dc4a-b39f-47ee-bd7d-570035410b71/in_use.lock acquired by nodename 13808@pr-trunk-p5fv4-2201032288
2019-10-02 10:05:05,082 [pool-37-thread-1] INFO  storage.RaftStorageDirectory (RaftStorageDirectory.java:tryLock(328)) - Lock on /workdir/hadoop-ozone/ozonefs/target/test-dir/MiniOzoneClusterImpl-a0bcfbd7-d664-4bc8-be8a-7389cc786fdd/datanode-1/data/ratis/3c95dc4a-b39f-47ee-bd7d-570035410b71/in_use.lock acquired by nodename 13808@pr-trunk-p5fv4-2201032288
2019-10-02 10:05:05,102 [pool-47-thread-1] INFO  storage.RaftStorage (RaftStorage.java:format(84)) - Storage directory /workdir/hadoop-ozone/ozonefs/target/test-dir/MiniOzoneClusterImpl-a0bcfbd7-d664-4bc8-be8a-7389cc786fdd/datanode-2/data/ratis/3c95dc4a-b39f-47ee-bd7d-570035410b71 has been successfully formatted.
2019-10-02 10:05:05,102 [pool-57-thread-1] INFO  storage.RaftStorage (RaftStorage.java:format(84)) - Storage directory /workdir/hadoop-ozone/ozonefs/target/test-dir/MiniOzoneClusterImpl-a0bcfbd7-d664-4bc8-be8a-7389cc786fdd/datanode-3/data/ratis/3c95dc4a-b39f-47ee-bd7d-570035410b71 has been successfully formatted.
2019-10-02 10:05:05,102 [pool-37-thread-1] INFO  storage.RaftStorage (RaftStorage.java:format(84)) - Storage directory /workdir/hadoop-ozone/ozonefs/target/test-dir/MiniOzoneClusterImpl-a0bcfbd7-d664-4bc8-be8a-7389cc786fdd/datanode-1/data/ratis/3c95dc4a-b39f-47ee-bd7d-570035410b71 has been successfully formatted.
2019-10-02 10:05:05,102 [pool-57-thread-1] INFO  ratis.ContainerStateMachine (ContainerStateMachine.java:loadSnapshot(231)) - group-570035410B71: The snapshot info is null. Setting the last applied indexto:(t:0, i:~)
2019-10-02 10:05:05,102 [pool-47-thread-1] INFO  ratis.ContainerStateMachine (ContainerStateMachine.java:loadSnapshot(231)) - group-570035410B71: The snapshot info is null. Setting the last applied indexto:(t:0, i:~)
2019-10-02 10:05:05,102 [pool-57-thread-1] INFO  server.RaftServerConfigKeys (ConfUtils.java:logGet(43)) - raft.server.notification.no-leader.timeout = 120s (custom)
2019-10-02 10:05:05,102 [pool-37-thread-1] INFO  ratis.ContainerStateMachine (ContainerStateMachine.java:loadSnapshot(231)) - group-570035410B71: The snapshot info is null. Setting the last applied indexto:(t:0, i:~)
2019-10-02 10:05:05,103 [pool-57-thread-1] INFO  server.RaftServerConfigKeys (ConfUtils.java:logGet(43)) - raft.server.log.use.memory = false (default)
2019-10-02 10:05:05,102 [pool-47-thread-1] INFO  server.RaftServerConfigKeys (ConfUtils.java:logGet(43)) - raft.server.notification.no-leader.timeout = 120s (custom)
2019-10-02 10:05:05,103 [pool-57-thread-1] INFO  server.RaftServerConfigKeys (ConfUtils.java:logGet(43)) - raft.server.log.purge.gap = 1000000 (custom)
2019-10-02 10:05:05,103 [pool-37-thread-1] INFO  server.RaftServerConfigKeys (ConfUtils.java:logGet(43)) - raft.server.notification.no-leader.timeout = 120s (custom)
2019-10-02 10:05:05,103 [pool-57-thread-1] INFO  server.RaftServerConfigKeys (ConfUtils.java:logGet(43)) - raft.server.log.appender.buffer.byte-limit = 33554432 (custom)
2019-10-02 10:05:05,103 [pool-47-thread-1] INFO  server.RaftServerConfigKeys (ConfUtils.java:logGet(43)) - raft.server.log.use.memory = false (default)
2019-10-02 10:05:05,104 [pool-57-thread-1] INFO  server.RaftServerConfigKeys (ConfUtils.java:logGet(43)) - raft.server.log.segment.size.max = 1048576 (custom)
2019-10-02 10:05:05,103 [pool-37-thread-1] INFO  server.RaftServerConfigKeys (ConfUtils.java:logGet(43)) - raft.server.log.use.memory = false (default)
2019-10-02 10:05:05,104 [pool-47-thread-1] INFO  server.RaftServerConfigKeys (ConfUtils.java:logGet(43)) - raft.server.log.purge.gap = 1000000 (custom)
2019-10-02 10:05:05,104 [pool-37-thread-1] INFO  server.RaftServerConfigKeys (ConfUtils.java:logGet(43)) - raft.server.log.purge.gap = 1000000 (custom)
2019-10-02 10:05:05,104 [pool-57-thread-1] INFO  server.RaftServerConfigKeys (ConfUtils.java:logGet(43)) - raft.server.log.segment.cache.num.max = 2 (custom)
2019-10-02 10:05:05,104 [pool-37-thread-1] INFO  server.RaftServerConfigKeys (ConfUtils.java:logGet(43)) - raft.server.log.appender.buffer.byte-limit = 33554432 (custom)
2019-10-02 10:05:05,104 [pool-47-thread-1] INFO  server.RaftServerConfigKeys (ConfUtils.java:logGet(43)) - raft.server.log.appender.buffer.byte-limit = 33554432 (custom)
2019-10-02 10:05:05,104 [pool-37-thread-1] INFO  server.RaftServerConfigKeys (ConfUtils.java:logGet(43)) - raft.server.log.segment.size.max = 1048576 (custom)
2019-10-02 10:05:05,104 [pool-57-thread-1] INFO  segmented.SegmentedRaftLogWorker (SegmentedRaftLogWorker.java:<init>(173)) - new f543130f-443f-4ba5-9d6e-59ecbb0ec00a@group-570035410B71-SegmentedRaftLogWorker for RaftStorage:Storage Directory /workdir/hadoop-ozone/ozonefs/target/test-dir/MiniOzoneClusterImpl-a0bcfbd7-d664-4bc8-be8a-7389cc786fdd/datanode-3/data/ratis/3c95dc4a-b39f-47ee-bd7d-570035410b71
2019-10-02 10:05:05,105 [pool-37-thread-1] INFO  server.RaftServerConfigKeys (ConfUtils.java:logGet(43)) - raft.server.log.segment.cache.num.max = 2 (custom)
2019-10-02 10:05:05,105 [pool-47-thread-1] INFO  server.RaftServerConfigKeys (ConfUtils.java:logGet(43)) - raft.server.log.segment.size.max = 1048576 (custom)
2019-10-02 10:05:05,105 [pool-37-thread-1] INFO  segmented.SegmentedRaftLogWorker (SegmentedRaftLogWorker.java:<init>(173)) - new 5a36316c-6269-4ab0-8563-6514c3376d21@group-570035410B71-SegmentedRaftLogWorker for RaftStorage:Storage Directory /workdir/hadoop-ozone/ozonefs/target/test-dir/MiniOzoneClusterImpl-a0bcfbd7-d664-4bc8-be8a-7389cc786fdd/datanode-1/data/ratis/3c95dc4a-b39f-47ee-bd7d-570035410b71
2019-10-02 10:05:05,105 [pool-57-thread-1] INFO  server.RaftServerConfigKeys (ConfUtils.java:logGet(43)) - raft.server.log.queue.byte-limit = 2147483647 (custom)
2019-10-02 10:05:05,105 [pool-37-thread-1] INFO  server.RaftServerConfigKeys (ConfUtils.java:logGet(43)) - raft.server.log.queue.byte-limit = 2147483647 (custom)
2019-10-02 10:05:05,105 [pool-47-thread-1] INFO  server.RaftServerConfigKeys (ConfUtils.java:logGet(43)) - raft.server.log.segment.cache.num.max = 2 (custom)
2019-10-02 10:05:05,106 [pool-37-thread-1] INFO  server.RaftServerConfigKeys (ConfUtils.java:logGet(43)) - raft.server.log.queue.element-limit = 1024 (custom)
2019-10-02 10:05:05,105 [pool-57-thread-1] INFO  server.RaftServerConfigKeys (ConfUtils.java:logGet(43)) - raft.server.log.queue.element-limit = 1024 (custom)
2019-10-02 10:05:05,106 [pool-37-thread-1] INFO  server.RaftServerConfigKeys (ConfUtils.java:logGet(43)) - raft.server.log.segment.size.max = 1048576 (custom)
2019-10-02 10:05:05,106 [pool-47-thread-1] INFO  segmented.SegmentedRaftLogWorker (SegmentedRaftLogWorker.java:<init>(173)) - new 49e61346-ce49-4850-8dcd-6024868ef21c@group-570035410B71-SegmentedRaftLogWorker for RaftStorage:Storage Directory /workdir/hadoop-ozone/ozonefs/target/test-dir/MiniOzoneClusterImpl-a0bcfbd7-d664-4bc8-be8a-7389cc786fdd/datanode-2/data/ratis/3c95dc4a-b39f-47ee-bd7d-570035410b71
2019-10-02 10:05:05,106 [pool-37-thread-1] INFO  server.RaftServerConfigKeys (ConfUtils.java:logGet(43)) - raft.server.log.preallocated.size = 16384 (custom)
2019-10-02 10:05:05,106 [pool-57-thread-1] INFO  server.RaftServerConfigKeys (ConfUtils.java:logGet(43)) - raft.server.log.segment.size.max = 1048576 (custom)
2019-10-02 10:05:05,106 [pool-37-thread-1] INFO  server.RaftServerConfigKeys (ConfUtils.java:logGet(43)) - raft.server.log.write.buffer.size = 33554432 (custom)
2019-10-02 10:05:05,106 [pool-47-thread-1] INFO  server.RaftServerConfigKeys (ConfUtils.java:logGet(43)) - raft.server.log.queue.byte-limit = 2147483647 (custom)
2019-10-02 10:05:05,107 [pool-37-thread-1] INFO  server.RaftServerConfigKeys (ConfUtils.java:logGet(43)) - raft.server.log.force.sync.num = 128 (default)
2019-10-02 10:05:05,107 [pool-57-thread-1] INFO  server.RaftServerConfigKeys (ConfUtils.java:logGet(43)) - raft.server.log.preallocated.size = 16384 (custom)
2019-10-02 10:05:05,107 [pool-37-thread-1] INFO  server.RaftServerConfigKeys (ConfUtils.java:logGet(43)) - raft.server.log.statemachine.data.sync = true (default)
2019-10-02 10:05:05,107 [pool-47-thread-1] INFO  server.RaftServerConfigKeys (ConfUtils.java:logGet(43)) - raft.server.log.queue.element-limit = 1024 (custom)
2019-10-02 10:05:05,107 [pool-37-thread-1] INFO  server.RaftServerConfigKeys (ConfUtils.java:logGet(43)) - raft.server.log.statemachine.data.sync.timeout = 10s (default)
2019-10-02 10:05:05,107 [pool-57-thread-1] INFO  server.RaftServerConfigKeys (ConfUtils.java:logGet(43)) - raft.server.log.write.buffer.size = 33554432 (custom)
2019-10-02 10:05:05,108 [pool-37-thread-1] INFO  server.RaftServerConfigKeys (ConfUtils.java:logGet(43)) - raft.server.log.statemachine.data.sync.timeout.retry = -1 (default)
2019-10-02 10:05:05,107 [pool-47-thread-1] INFO  server.RaftServerConfigKeys (ConfUtils.java:logGet(43)) - raft.server.log.segment.size.max = 1048576 (custom)
2019-10-02 10:05:05,108 [pool-57-thread-1] INFO  server.RaftServerConfigKeys (ConfUtils.java:logGet(43)) - raft.server.log.force.sync.num = 128 (default)
2019-10-02 10:05:05,108 [pool-37-thread-1] INFO  server.RaftServerConfigKeys (ConfUtils.java:logGet(43)) - raft.server.log.statemachine.data.caching.enabled = true (custom)
2019-10-02 10:05:05,108 [pool-47-thread-1] INFO  server.RaftServerConfigKeys (ConfUtils.java:logGet(43)) - raft.server.log.preallocated.size = 16384 (custom)
2019-10-02 10:05:05,108 [pool-57-thread-1] INFO  server.RaftServerConfigKeys (ConfUtils.java:logGet(43)) - raft.server.log.statemachine.data.sync = true (default)
2019-10-02 10:05:05,108 [pool-47-thread-1] INFO  server.RaftServerConfigKeys (ConfUtils.java:logGet(43)) - raft.server.log.write.buffer.size = 33554432 (custom)
2019-10-02 10:05:05,109 [pool-37-thread-1] INFO  segmented.SegmentedRaftLogWorker (SegmentedRaftLogWorker.java:lambda$new$0(128)) - 5a36316c-6269-4ab0-8563-6514c3376d21@group-570035410B71-SegmentedRaftLogWorker: flushIndex: setUnconditionally 0 -> -1
2019-10-02 10:05:05,109 [pool-57-thread-1] INFO  server.RaftServerConfigKeys (ConfUtils.java:logGet(43)) - raft.server.log.statemachine.data.sync.timeout = 10s (default)
2019-10-02 10:05:05,109 [pool-47-thread-1] INFO  server.RaftServerConfigKeys (ConfUtils.java:logGet(43)) - raft.server.log.force.sync.num = 128 (default)
2019-10-02 10:05:05,109 [pool-57-thread-1] INFO  server.RaftServerConfigKeys (ConfUtils.java:logGet(43)) - raft.server.log.statemachine.data.sync.timeout.retry = -1 (default)
2019-10-02 10:05:05,109 [pool-37-thread-1] INFO  server.RaftServerConfigKeys (ConfUtils.java:logGet(43)) - raft.server.snapshot.auto.trigger.enabled = true (custom)
2019-10-02 10:05:05,109 [pool-47-thread-1] INFO  server.RaftServerConfigKeys (ConfUtils.java:logGet(43)) - raft.server.log.statemachine.data.sync = true (default)
2019-10-02 10:05:05,110 [pool-37-thread-1] INFO  server.RaftServerConfigKeys (ConfUtils.java:logGet(43)) - raft.server.snapshot.auto.trigger.threshold = 10000 (custom)
2019-10-02 10:05:05,109 [pool-57-thread-1] INFO  server.RaftServerConfigKeys (ConfUtils.java:logGet(43)) - raft.server.log.statemachine.data.caching.enabled = true (custom)
2019-10-02 10:05:05,110 [pool-37-thread-1] INFO  server.RaftServerConfigKeys (ConfUtils.java:logGet(43)) - raft.server.snapshot.retention.file.num = 5 (custom)
2019-10-02 10:05:05,110 [pool-47-thread-1] INFO  server.RaftServerConfigKeys (ConfUtils.java:logGet(43)) - raft.server.log.statemachine.data.sync.timeout = 10s (default)
2019-10-02 10:05:05,110 [pool-57-thread-1] INFO  segmented.SegmentedRaftLogWorker (SegmentedRaftLogWorker.java:lambda$new$0(128)) - f543130f-443f-4ba5-9d6e-59ecbb0ec00a@group-570035410B71-SegmentedRaftLogWorker: flushIndex: setUnconditionally 0 -> -1
2019-10-02 10:05:05,110 [pool-37-thread-1] INFO  server.RaftServerConfigKeys (ConfUtils.java:logGet(43)) - raft.server.retrycache.expirytime = 600000ms (custom)
2019-10-02 10:05:05,110 [pool-47-thread-1] INFO  server.RaftServerConfigKeys (ConfUtils.java:logGet(43)) - raft.server.log.statemachine.data.sync.timeout.retry = -1 (default)
2019-10-02 10:05:05,110 [pool-57-thread-1] INFO  server.RaftServerConfigKeys (ConfUtils.java:logGet(43)) - raft.server.snapshot.auto.trigger.enabled = true (custom)
2019-10-02 10:05:05,111 [pool-47-thread-1] INFO  server.RaftServerConfigKeys (ConfUtils.java:logGet(43)) - raft.server.log.statemachine.data.caching.enabled = true (custom)
2019-10-02 10:05:05,111 [pool-57-thread-1] INFO  server.RaftServerConfigKeys (ConfUtils.java:logGet(43)) - raft.server.snapshot.auto.trigger.threshold = 10000 (custom)
2019-10-02 10:05:05,111 [pool-57-thread-1] INFO  server.RaftServerConfigKeys (ConfUtils.java:logGet(43)) - raft.server.snapshot.retention.file.num = 5 (custom)
2019-10-02 10:05:05,111 [pool-47-thread-1] INFO  segmented.SegmentedRaftLogWorker (SegmentedRaftLogWorker.java:lambda$new$0(128)) - 49e61346-ce49-4850-8dcd-6024868ef21c@group-570035410B71-SegmentedRaftLogWorker: flushIndex: setUnconditionally 0 -> -1
2019-10-02 10:05:05,111 [pool-57-thread-1] INFO  server.RaftServerConfigKeys (ConfUtils.java:logGet(43)) - raft.server.retrycache.expirytime = 600000ms (custom)
2019-10-02 10:05:05,111 [pool-47-thread-1] INFO  server.RaftServerConfigKeys (ConfUtils.java:logGet(43)) - raft.server.snapshot.auto.trigger.enabled = true (custom)
2019-10-02 10:05:05,112 [pool-47-thread-1] INFO  server.RaftServerConfigKeys (ConfUtils.java:logGet(43)) - raft.server.snapshot.auto.trigger.threshold = 10000 (custom)
2019-10-02 10:05:05,112 [pool-47-thread-1] INFO  server.RaftServerConfigKeys (ConfUtils.java:logGet(43)) - raft.server.snapshot.retention.file.num = 5 (custom)
2019-10-02 10:05:05,112 [pool-47-thread-1] INFO  server.RaftServerConfigKeys (ConfUtils.java:logGet(43)) - raft.server.retrycache.expirytime = 600000ms (custom)
2019-10-02 10:05:05,116 [pool-57-thread-1] INFO  impl.RaftServerImpl (RaftServerImpl.java:start(181)) - f543130f-443f-4ba5-9d6e-59ecbb0ec00a@group-570035410B71: start as a follower, conf=-1: [f543130f-443f-4ba5-9d6e-59ecbb0ec00a:192.168.164.250:36191, 5a36316c-6269-4ab0-8563-6514c3376d21:192.168.164.250:32906, 49e61346-ce49-4850-8dcd-6024868ef21c:192.168.164.250:43655], old=null
2019-10-02 10:05:05,116 [pool-47-thread-1] INFO  impl.RaftServerImpl (RaftServerImpl.java:start(181)) - 49e61346-ce49-4850-8dcd-6024868ef21c@group-570035410B71: start as a follower, conf=-1: [f543130f-443f-4ba5-9d6e-59ecbb0ec00a:192.168.164.250:36191, 5a36316c-6269-4ab0-8563-6514c3376d21:192.168.164.250:32906, 49e61346-ce49-4850-8dcd-6024868ef21c:192.168.164.250:43655], old=null
2019-10-02 10:05:05,116 [pool-37-thread-1] INFO  impl.RaftServerImpl (RaftServerImpl.java:start(181)) - 5a36316c-6269-4ab0-8563-6514c3376d21@group-570035410B71: start as a follower, conf=-1: [f543130f-443f-4ba5-9d6e-59ecbb0ec00a:192.168.164.250:36191, 5a36316c-6269-4ab0-8563-6514c3376d21:192.168.164.250:32906, 49e61346-ce49-4850-8dcd-6024868ef21c:192.168.164.250:43655], old=null
2019-10-02 10:05:05,117 [pool-47-thread-1] INFO  impl.RaftServerImpl (RaftServerImpl.java:setRole(170)) - 49e61346-ce49-4850-8dcd-6024868ef21c@group-570035410B71: changes role from      null to FOLLOWER at term 0 for startAsFollower
2019-10-02 10:05:05,117 [pool-57-thread-1] INFO  impl.RaftServerImpl (RaftServerImpl.java:setRole(170)) - f543130f-443f-4ba5-9d6e-59ecbb0ec00a@group-570035410B71: changes role from      null to FOLLOWER at term 0 for startAsFollower
2019-10-02 10:05:05,117 [pool-47-thread-1] INFO  impl.RoleInfo (RoleInfo.java:updateAndGet(143)) - 49e61346-ce49-4850-8dcd-6024868ef21c: start FollowerState
2019-10-02 10:05:05,117 [pool-37-thread-1] INFO  impl.RaftServerImpl (RaftServerImpl.java:setRole(170)) - 5a36316c-6269-4ab0-8563-6514c3376d21@group-570035410B71: changes role from      null to FOLLOWER at term 0 for startAsFollower
2019-10-02 10:05:05,117 [pool-57-thread-1] INFO  impl.RoleInfo (RoleInfo.java:updateAndGet(143)) - f543130f-443f-4ba5-9d6e-59ecbb0ec00a: start FollowerState
2019-10-02 10:05:05,117 [pool-37-thread-1] INFO  impl.RoleInfo (RoleInfo.java:updateAndGet(143)) - 5a36316c-6269-4ab0-8563-6514c3376d21: start FollowerState
2019-10-02 10:05:05,117 [pool-47-thread-1] INFO  util.JmxRegister (JmxRegister.java:tryRegister(44)) - Successfully registered JMX Bean with object name Ratis:service=RaftServer,group=group-570035410B71,id=49e61346-ce49-4850-8dcd-6024868ef21c
2019-10-02 10:05:05,118 [pool-57-thread-1] INFO  util.JmxRegister (JmxRegister.java:tryRegister(44)) - Successfully registered JMX Bean with object name Ratis:service=RaftServer,group=group-570035410B71,id=f543130f-443f-4ba5-9d6e-59ecbb0ec00a
2019-10-02 10:05:05,118 [pool-37-thread-1] INFO  util.JmxRegister (JmxRegister.java:tryRegister(44)) - Successfully registered JMX Bean with object name Ratis:service=RaftServer,group=group-570035410B71,id=5a36316c-6269-4ab0-8563-6514c3376d21
2019-10-02 10:05:05,125 [RatisPipelineUtilsThread] INFO  pipeline.PipelineStateManager (PipelineStateManager.java:addPipeline(56)) - Created pipeline Pipeline[ Id: 3c95dc4a-b39f-47ee-bd7d-570035410b71, Nodes: f543130f-443f-4ba5-9d6e-59ecbb0ec00a{ip: 192.168.164.250, host: pr-trunk-p5fv4-2201032288, networkLocation: /default-rack, certSerialId: null}5a36316c-6269-4ab0-8563-6514c3376d21{ip: 192.168.164.250, host: pr-trunk-p5fv4-2201032288, networkLocation: /default-rack, certSerialId: null}49e61346-ce49-4850-8dcd-6024868ef21c{ip: 192.168.164.250, host: pr-trunk-p5fv4-2201032288, networkLocation: /default-rack, certSerialId: null}, Type:RATIS, Factor:THREE, State:OPEN]
2019-10-02 10:05:07,921 [java.util.concurrent.ThreadPoolExecutor$Worker@43908ea[State = -1, empty queue]] ERROR client.GrpcClientProtocolClient (GrpcClientProtocolClient.java:close(148)) - Unexpected exception while waiting for channel termination
java.lang.InterruptedException
	at java.util.concurrent.locks.AbstractQueuedSynchronizer.tryAcquireSharedNanos(AbstractQueuedSynchronizer.java:1326)
	at java.util.concurrent.CountDownLatch.await(CountDownLatch.java:277)
	at org.apache.ratis.thirdparty.io.grpc.internal.ManagedChannelImpl.awaitTermination(ManagedChannelImpl.java:763)
	at org.apache.ratis.thirdparty.io.grpc.internal.ForwardingManagedChannel.awaitTermination(ForwardingManagedChannel.java:57)
	at org.apache.ratis.thirdparty.io.grpc.internal.ManagedChannelOrphanWrapper.awaitTermination(ManagedChannelOrphanWrapper.java:70)
	at org.apache.ratis.grpc.client.GrpcClientProtocolClient.close(GrpcClientProtocolClient.java:146)
	at org.apache.ratis.util.PeerProxyMap$PeerAndProxy.lambda$close$1(PeerProxyMap.java:74)
	at org.apache.ratis.util.LifeCycle.lambda$checkStateAndClose$2(LifeCycle.java:231)
	at org.apache.ratis.util.LifeCycle.checkStateAndClose(LifeCycle.java:251)
	at org.apache.ratis.util.LifeCycle.checkStateAndClose(LifeCycle.java:229)
	at org.apache.ratis.util.PeerProxyMap$PeerAndProxy.close(PeerProxyMap.java:70)
	at org.apache.ratis.util.PeerProxyMap.resetProxy(PeerProxyMap.java:127)
	at org.apache.ratis.util.PeerProxyMap.handleException(PeerProxyMap.java:136)
	at org.apache.ratis.client.impl.RaftClientRpcWithProxy.handleException(RaftClientRpcWithProxy.java:47)
	at org.apache.ratis.client.impl.RaftClientImpl.handleIOException(RaftClientImpl.java:372)
	at org.apache.ratis.client.impl.OrderedAsync.lambda$sendRequest$10(OrderedAsync.java:236)
	at java.util.concurrent.CompletableFuture.uniExceptionally(CompletableFuture.java:870)
	at java.util.concurrent.CompletableFuture$UniExceptionally.tryFire(CompletableFuture.java:852)
	at java.util.concurrent.CompletableFuture.postComplete(CompletableFuture.java:474)
	at java.util.concurrent.CompletableFuture.completeExceptionally(CompletableFuture.java:1977)
	at org.apache.ratis.grpc.client.GrpcClientProtocolClient$AsyncStreamObservers.lambda$timeoutCheck$3(GrpcClientProtocolClient.java:324)
	at java.util.Optional.ifPresent(Optional.java:159)
	at org.apache.ratis.grpc.client.GrpcClientProtocolClient$AsyncStreamObservers.handleReplyFuture(GrpcClientProtocolClient.java:329)
	at org.apache.ratis.grpc.client.GrpcClientProtocolClient$AsyncStreamObservers.timeoutCheck(GrpcClientProtocolClient.java:324)
	at org.apache.ratis.grpc.client.GrpcClientProtocolClient$AsyncStreamObservers.lambda$onNext$1(GrpcClientProtocolClient.java:318)
	at org.apache.ratis.util.TimeoutScheduler.lambda$onTimeout$0(TimeoutScheduler.java:113)
	at org.apache.ratis.util.TimeoutScheduler.lambda$onTimeout$1(TimeoutScheduler.java:133)
	at org.apache.ratis.util.LogUtils.runAndLog(LogUtils.java:50)
	at org.apache.ratis.util.LogUtils$1.run(LogUtils.java:91)
	at java.util.concurrent.Executors$RunnableAdapter.call(Executors.java:511)
	at java.util.concurrent.FutureTask.run(FutureTask.java:266)
	at java.util.concurrent.ScheduledThreadPoolExecutor$ScheduledFutureTask.access$201(ScheduledThreadPoolExecutor.java:180)
	at java.util.concurrent.ScheduledThreadPoolExecutor$ScheduledFutureTask.run(ScheduledThreadPoolExecutor.java:293)
	at java.util.concurrent.ThreadPoolExecutor.runWorker(ThreadPoolExecutor.java:1149)
	at java.util.concurrent.ThreadPoolExecutor$Worker.run(ThreadPoolExecutor.java:624)
	at java.lang.Thread.run(Thread.java:748)
2019-10-02 10:05:07,924 [java.util.concurrent.ThreadPoolExecutor$Worker@43908ea[State = -1, empty queue]] WARN  util.TimeoutScheduler (LogUtils.java:runAndLog(55)) - Failed to task #0: java.lang.NullPointerException
2019-10-02 10:05:10,121 [Thread-530] INFO  impl.FollowerState (FollowerState.java:run(108)) - 49e61346-ce49-4850-8dcd-6024868ef21c@group-570035410B71-FollowerState: change to CANDIDATE, lastRpcTime:5003ms, electionTimeout:5003ms
2019-10-02 10:05:10,123 [Thread-530] INFO  impl.RoleInfo (RoleInfo.java:shutdownFollowerState(121)) - 49e61346-ce49-4850-8dcd-6024868ef21c: shutdown FollowerState
2019-10-02 10:05:10,123 [Thread-530] INFO  impl.RaftServerImpl (RaftServerImpl.java:setRole(170)) - 49e61346-ce49-4850-8dcd-6024868ef21c@group-570035410B71: changes role from  FOLLOWER to CANDIDATE at term 0 for changeToCandidate
2019-10-02 10:05:10,123 [Thread-530] INFO  impl.RoleInfo (RoleInfo.java:updateAndGet(143)) - 49e61346-ce49-4850-8dcd-6024868ef21c: start LeaderElection
2019-10-02 10:05:10,136 [Thread-532] INFO  impl.FollowerState (FollowerState.java:run(108)) - 5a36316c-6269-4ab0-8563-6514c3376d21@group-570035410B71-FollowerState: change to CANDIDATE, lastRpcTime:5018ms, electionTimeout:5018ms
2019-10-02 10:05:10,136 [Thread-532] INFO  impl.RoleInfo (RoleInfo.java:shutdownFollowerState(121)) - 5a36316c-6269-4ab0-8563-6514c3376d21: shutdown FollowerState
2019-10-02 10:05:10,136 [Thread-532] INFO  impl.RaftServerImpl (RaftServerImpl.java:setRole(170)) - 5a36316c-6269-4ab0-8563-6514c3376d21@group-570035410B71: changes role from  FOLLOWER to CANDIDATE at term 0 for changeToCandidate
2019-10-02 10:05:10,137 [Thread-532] INFO  impl.RoleInfo (RoleInfo.java:updateAndGet(143)) - 5a36316c-6269-4ab0-8563-6514c3376d21: start LeaderElection
2019-10-02 10:05:10,160 [49e61346-ce49-4850-8dcd-6024868ef21c@group-570035410B71-LeaderElection11] INFO  impl.LeaderElection (LeaderElection.java:askForVotes(178)) - 49e61346-ce49-4850-8dcd-6024868ef21c@group-570035410B71-LeaderElection11: begin an election at term 1 for -1: [f543130f-443f-4ba5-9d6e-59ecbb0ec00a:192.168.164.250:36191, 5a36316c-6269-4ab0-8563-6514c3376d21:192.168.164.250:32906, 49e61346-ce49-4850-8dcd-6024868ef21c:192.168.164.250:43655], old=null
2019-10-02 10:05:10,160 [5a36316c-6269-4ab0-8563-6514c3376d21@group-570035410B71-LeaderElection12] INFO  impl.LeaderElection (LeaderElection.java:askForVotes(178)) - 5a36316c-6269-4ab0-8563-6514c3376d21@group-570035410B71-LeaderElection12: begin an election at term 1 for -1: [f543130f-443f-4ba5-9d6e-59ecbb0ec00a:192.168.164.250:36191, 5a36316c-6269-4ab0-8563-6514c3376d21:192.168.164.250:32906, 49e61346-ce49-4850-8dcd-6024868ef21c:192.168.164.250:43655], old=null
2019-10-02 10:05:10,166 [grpc-default-executor-3] INFO  impl.RaftServerImpl (RaftServerImpl.java:setRole(170)) - f543130f-443f-4ba5-9d6e-59ecbb0ec00a@group-570035410B71: changes role from  FOLLOWER to FOLLOWER at term 1 for recognizeCandidate:5a36316c-6269-4ab0-8563-6514c3376d21
2019-10-02 10:05:10,166 [grpc-default-executor-3] INFO  impl.RoleInfo (RoleInfo.java:shutdownFollowerState(121)) - f543130f-443f-4ba5-9d6e-59ecbb0ec00a: shutdown FollowerState
2019-10-02 10:05:10,166 [grpc-default-executor-3] INFO  impl.RoleInfo (RoleInfo.java:updateAndGet(143)) - f543130f-443f-4ba5-9d6e-59ecbb0ec00a: start FollowerState
2019-10-02 10:05:10,166 [Thread-531] INFO  impl.FollowerState (FollowerState.java:run(117)) - f543130f-443f-4ba5-9d6e-59ecbb0ec00a@group-570035410B71-FollowerState was interrupted: java.lang.InterruptedException: sleep interrupted
2019-10-02 10:05:10,182 [5a36316c-6269-4ab0-8563-6514c3376d21@group-570035410B71-LeaderElection12] INFO  impl.LeaderElection (LeaderElection.java:logAndReturn(56)) - 5a36316c-6269-4ab0-8563-6514c3376d21@group-570035410B71-LeaderElection12: Election PASSED; received 2 response(s) [5a36316c-6269-4ab0-8563-6514c3376d21<-f543130f-443f-4ba5-9d6e-59ecbb0ec00a#0:OK-t1, 5a36316c-6269-4ab0-8563-6514c3376d21<-49e61346-ce49-4850-8dcd-6024868ef21c#0:FAIL-t1] and 0 exception(s); 5a36316c-6269-4ab0-8563-6514c3376d21@group-570035410B71:t1, leader=null, voted=5a36316c-6269-4ab0-8563-6514c3376d21, raftlog=5a36316c-6269-4ab0-8563-6514c3376d21@group-570035410B71-SegmentedRaftLog:OPENED:c-1,f-1,i0, conf=-1: [f543130f-443f-4ba5-9d6e-59ecbb0ec00a:192.168.164.250:36191, 5a36316c-6269-4ab0-8563-6514c3376d21:192.168.164.250:32906, 49e61346-ce49-4850-8dcd-6024868ef21c:192.168.164.250:43655], old=null
2019-10-02 10:05:10,182 [49e61346-ce49-4850-8dcd-6024868ef21c@group-570035410B71-LeaderElection11] INFO  impl.LeaderElection (LeaderElection.java:logAndReturn(56)) - 49e61346-ce49-4850-8dcd-6024868ef21c@group-570035410B71-LeaderElection11: Election REJECTED; received 2 response(s) [49e61346-ce49-4850-8dcd-6024868ef21c<-f543130f-443f-4ba5-9d6e-59ecbb0ec00a#0:FAIL-t1, 49e61346-ce49-4850-8dcd-6024868ef21c<-5a36316c-6269-4ab0-8563-6514c3376d21#0:FAIL-t1] and 0 exception(s); 49e61346-ce49-4850-8dcd-6024868ef21c@group-570035410B71:t1, leader=null, voted=49e61346-ce49-4850-8dcd-6024868ef21c, raftlog=49e61346-ce49-4850-8dcd-6024868ef21c@group-570035410B71-SegmentedRaftLog:OPENED:c-1,f-1,i0, conf=-1: [f543130f-443f-4ba5-9d6e-59ecbb0ec00a:192.168.164.250:36191, 5a36316c-6269-4ab0-8563-6514c3376d21:192.168.164.250:32906, 49e61346-ce49-4850-8dcd-6024868ef21c:192.168.164.250:43655], old=null
2019-10-02 10:05:10,182 [5a36316c-6269-4ab0-8563-6514c3376d21@group-570035410B71-LeaderElection12] INFO  impl.RoleInfo (RoleInfo.java:shutdownLeaderElection(134)) - 5a36316c-6269-4ab0-8563-6514c3376d21: shutdown LeaderElection
2019-10-02 10:05:10,183 [49e61346-ce49-4850-8dcd-6024868ef21c@group-570035410B71-LeaderElection11] INFO  impl.RaftServerImpl (RaftServerImpl.java:setRole(170)) - 49e61346-ce49-4850-8dcd-6024868ef21c@group-570035410B71: changes role from CANDIDATE to FOLLOWER at term 1 for DISCOVERED_A_NEW_TERM
2019-10-02 10:05:10,186 [5a36316c-6269-4ab0-8563-6514c3376d21@group-570035410B71-LeaderElection12] INFO  impl.RaftServerImpl (RaftServerImpl.java:setRole(170)) - 5a36316c-6269-4ab0-8563-6514c3376d21@group-570035410B71: changes role from CANDIDATE to LEADER at term 1 for changeToLeader
2019-10-02 10:05:10,186 [49e61346-ce49-4850-8dcd-6024868ef21c@group-570035410B71-LeaderElection11] INFO  impl.RoleInfo (RoleInfo.java:shutdownLeaderElection(134)) - 49e61346-ce49-4850-8dcd-6024868ef21c: shutdown LeaderElection
2019-10-02 10:05:10,186 [5a36316c-6269-4ab0-8563-6514c3376d21@group-570035410B71-LeaderElection12] INFO  impl.RaftServerImpl (ServerState.java:setLeader(255)) - 5a36316c-6269-4ab0-8563-6514c3376d21@group-570035410B71: change Leader from null to 5a36316c-6269-4ab0-8563-6514c3376d21 at term 1 for becomeLeader, leader elected after 5082ms
2019-10-02 10:05:10,186 [49e61346-ce49-4850-8dcd-6024868ef21c@group-570035410B71-LeaderElection11] INFO  impl.RoleInfo (RoleInfo.java:updateAndGet(143)) - 49e61346-ce49-4850-8dcd-6024868ef21c: start FollowerState
2019-10-02 10:05:10,186 [5a36316c-6269-4ab0-8563-6514c3376d21@group-570035410B71-LeaderElection12] INFO  server.RaftServerConfigKeys (ConfUtils.java:logGet(43)) - raft.server.staging.catchup.gap = 1000 (default)
2019-10-02 10:05:10,187 [5a36316c-6269-4ab0-8563-6514c3376d21@group-570035410B71-LeaderElection12] INFO  server.RaftServerConfigKeys (ConfUtils.java:logGet(43)) - raft.server.rpc.sleep.time = 25ms (default)
2019-10-02 10:05:10,187 [5a36316c-6269-4ab0-8563-6514c3376d21@group-570035410B71-LeaderElection12] INFO  server.RaftServerConfigKeys (ConfUtils.java:logGet(43)) - raft.server.write.element-limit = 4096 (default)
2019-10-02 10:05:10,188 [5a36316c-6269-4ab0-8563-6514c3376d21@group-570035410B71-LeaderElection12] INFO  server.RaftServerConfigKeys (ConfUtils.java:logGet(43)) - raft.server.watch.timeout = 10s (default)
2019-10-02 10:05:10,188 [5a36316c-6269-4ab0-8563-6514c3376d21@group-570035410B71-LeaderElection12] INFO  server.RaftServerConfigKeys (ConfUtils.java:logGet(43)) - raft.server.watch.timeout.denomination = 1s (default)
2019-10-02 10:05:10,188 [5a36316c-6269-4ab0-8563-6514c3376d21@group-570035410B71-LeaderElection12] INFO  server.RaftServerConfigKeys (ConfUtils.java:logGet(43)) - raft.server.watch.element-limit = 65536 (default)
2019-10-02 10:05:10,190 [5a36316c-6269-4ab0-8563-6514c3376d21@group-570035410B71-LeaderElection12] INFO  server.RaftServerConfigKeys (ConfUtils.java:logGet(43)) - raft.server.log.appender.snapshot.chunk.size.max = 16MB (=16777216) (default)
2019-10-02 10:05:10,190 [5a36316c-6269-4ab0-8563-6514c3376d21@group-570035410B71-LeaderElection12] INFO  server.RaftServerConfigKeys (ConfUtils.java:logGet(43)) - raft.server.log.appender.buffer.byte-limit = 33554432 (custom)
2019-10-02 10:05:10,190 [5a36316c-6269-4ab0-8563-6514c3376d21@group-570035410B71-LeaderElection12] INFO  server.RaftServerConfigKeys (ConfUtils.java:logGet(43)) - raft.server.log.appender.buffer.element-limit = 1 (custom)
2019-10-02 10:05:10,191 [5a36316c-6269-4ab0-8563-6514c3376d21@group-570035410B71-LeaderElection12] INFO  grpc.GrpcConfigKeys$Server (ConfUtils.java:logGet(43)) - raft.grpc.server.leader.outstanding.appends.max = 128 (default)
2019-10-02 10:05:10,191 [5a36316c-6269-4ab0-8563-6514c3376d21@group-570035410B71-LeaderElection12] INFO  server.RaftServerConfigKeys (ConfUtils.java:logGet(43)) - raft.server.rpc.request.timeout = 3000ms (default)
2019-10-02 10:05:10,191 [5a36316c-6269-4ab0-8563-6514c3376d21@group-570035410B71-LeaderElection12] INFO  server.RaftServerConfigKeys (ConfUtils.java:logGet(43)) - raft.server.log.appender.install.snapshot.enabled = false (custom)
2019-10-02 10:05:10,191 [5a36316c-6269-4ab0-8563-6514c3376d21@group-570035410B71-LeaderElection12] INFO  server.RaftServerConfigKeys (ConfUtils.java:logGet(43)) - raft.server.log.appender.snapshot.chunk.size.max = 16MB (=16777216) (default)
2019-10-02 10:05:10,191 [5a36316c-6269-4ab0-8563-6514c3376d21@group-570035410B71-LeaderElection12] INFO  server.RaftServerConfigKeys (ConfUtils.java:logGet(43)) - raft.server.log.appender.buffer.byte-limit = 33554432 (custom)
2019-10-02 10:05:10,191 [5a36316c-6269-4ab0-8563-6514c3376d21@group-570035410B71-LeaderElection12] INFO  server.RaftServerConfigKeys (ConfUtils.java:logGet(43)) - raft.server.log.appender.buffer.element-limit = 1 (custom)
2019-10-02 10:05:10,192 [5a36316c-6269-4ab0-8563-6514c3376d21@group-570035410B71-LeaderElection12] INFO  grpc.GrpcConfigKeys$Server (ConfUtils.java:logGet(43)) - raft.grpc.server.leader.outstanding.appends.max = 128 (default)
2019-10-02 10:05:10,192 [5a36316c-6269-4ab0-8563-6514c3376d21@group-570035410B71-LeaderElection12] INFO  server.RaftServerConfigKeys (ConfUtils.java:logGet(43)) - raft.server.rpc.request.timeout = 3000ms (default)
2019-10-02 10:05:10,192 [5a36316c-6269-4ab0-8563-6514c3376d21@group-570035410B71-LeaderElection12] INFO  server.RaftServerConfigKeys (ConfUtils.java:logGet(43)) - raft.server.log.appender.install.snapshot.enabled = false (custom)
2019-10-02 10:05:10,192 [5a36316c-6269-4ab0-8563-6514c3376d21@group-570035410B71-LeaderElection12] INFO  impl.RoleInfo (RoleInfo.java:updateAndGet(143)) - 5a36316c-6269-4ab0-8563-6514c3376d21: start LeaderState
2019-10-02 10:05:10,192 [5a36316c-6269-4ab0-8563-6514c3376d21@group-570035410B71-LeaderElection12] INFO  segmented.SegmentedRaftLogWorker (SegmentedRaftLogWorker.java:startLogSegment(385)) - 5a36316c-6269-4ab0-8563-6514c3376d21@group-570035410B71-SegmentedRaftLogWorker: Starting segment from index:0
2019-10-02 10:05:10,193 [5a36316c-6269-4ab0-8563-6514c3376d21@group-570035410B71-LeaderElection12] INFO  impl.RaftServerImpl (ServerState.java:setRaftConf(356)) - 5a36316c-6269-4ab0-8563-6514c3376d21@group-570035410B71: set configuration 0: [f543130f-443f-4ba5-9d6e-59ecbb0ec00a:192.168.164.250:36191, 5a36316c-6269-4ab0-8563-6514c3376d21:192.168.164.250:32906, 49e61346-ce49-4850-8dcd-6024868ef21c:192.168.164.250:43655], old=null at 0
2019-10-02 10:05:10,222 [grpc-default-executor-3] INFO  impl.RaftServerImpl (ServerState.java:setLeader(255)) - f543130f-443f-4ba5-9d6e-59ecbb0ec00a@group-570035410B71: change Leader from null to 5a36316c-6269-4ab0-8563-6514c3376d21 at term 1 for appendEntries, leader elected after 5119ms
2019-10-02 10:05:10,222 [grpc-default-executor-6] INFO  impl.RaftServerImpl (ServerState.java:setLeader(255)) - 49e61346-ce49-4850-8dcd-6024868ef21c@group-570035410B71: change Leader from null to 5a36316c-6269-4ab0-8563-6514c3376d21 at term 1 for appendEntries, leader elected after 5119ms
2019-10-02 10:05:10,225 [grpc-default-executor-6] INFO  impl.RaftServerImpl (ServerState.java:setRaftConf(356)) - f543130f-443f-4ba5-9d6e-59ecbb0ec00a@group-570035410B71: set configuration 0: [f543130f-443f-4ba5-9d6e-59ecbb0ec00a:192.168.164.250:36191, 5a36316c-6269-4ab0-8563-6514c3376d21:192.168.164.250:32906, 49e61346-ce49-4850-8dcd-6024868ef21c:192.168.164.250:43655], old=null at 0
2019-10-02 10:05:10,225 [grpc-default-executor-3] INFO  impl.RaftServerImpl (ServerState.java:setRaftConf(356)) - 49e61346-ce49-4850-8dcd-6024868ef21c@group-570035410B71: set configuration 0: [f543130f-443f-4ba5-9d6e-59ecbb0ec00a:192.168.164.250:36191, 5a36316c-6269-4ab0-8563-6514c3376d21:192.168.164.250:32906, 49e61346-ce49-4850-8dcd-6024868ef21c:192.168.164.250:43655], old=null at 0
2019-10-02 10:05:10,226 [grpc-default-executor-6] INFO  segmented.SegmentedRaftLogWorker (SegmentedRaftLogWorker.java:startLogSegment(385)) - f543130f-443f-4ba5-9d6e-59ecbb0ec00a@group-570035410B71-SegmentedRaftLogWorker: Starting segment from index:0
2019-10-02 10:05:10,226 [grpc-default-executor-3] INFO  segmented.SegmentedRaftLogWorker (SegmentedRaftLogWorker.java:startLogSegment(385)) - 49e61346-ce49-4850-8dcd-6024868ef21c@group-570035410B71-SegmentedRaftLogWorker: Starting segment from index:0
2019-10-02 10:05:10,232 [5a36316c-6269-4ab0-8563-6514c3376d21@group-570035410B71-SegmentedRaftLogWorker] INFO  segmented.SegmentedRaftLogWorker (SegmentedRaftLogWorker.java:execute(574)) - 5a36316c-6269-4ab0-8563-6514c3376d21@group-570035410B71-SegmentedRaftLogWorker: created new log segment /workdir/hadoop-ozone/ozonefs/target/test-dir/MiniOzoneClusterImpl-a0bcfbd7-d664-4bc8-be8a-7389cc786fdd/datanode-1/data/ratis/3c95dc4a-b39f-47ee-bd7d-570035410b71/current/log_inprogress_0
2019-10-02 10:05:10,263 [49e61346-ce49-4850-8dcd-6024868ef21c@group-570035410B71-SegmentedRaftLogWorker] INFO  segmented.SegmentedRaftLogWorker (SegmentedRaftLogWorker.java:execute(574)) - 49e61346-ce49-4850-8dcd-6024868ef21c@group-570035410B71-SegmentedRaftLogWorker: created new log segment /workdir/hadoop-ozone/ozonefs/target/test-dir/MiniOzoneClusterImpl-a0bcfbd7-d664-4bc8-be8a-7389cc786fdd/datanode-2/data/ratis/3c95dc4a-b39f-47ee-bd7d-570035410b71/current/log_inprogress_0
2019-10-02 10:05:10,263 [f543130f-443f-4ba5-9d6e-59ecbb0ec00a@group-570035410B71-SegmentedRaftLogWorker] INFO  segmented.SegmentedRaftLogWorker (SegmentedRaftLogWorker.java:execute(574)) - f543130f-443f-4ba5-9d6e-59ecbb0ec00a@group-570035410B71-SegmentedRaftLogWorker: created new log segment /workdir/hadoop-ozone/ozonefs/target/test-dir/MiniOzoneClusterImpl-a0bcfbd7-d664-4bc8-be8a-7389cc786fdd/datanode-3/data/ratis/3c95dc4a-b39f-47ee-bd7d-570035410b71/current/log_inprogress_0
2019-10-02 10:05:11,953 [java.util.concurrent.ThreadPoolExecutor$Worker@130e2f07[State = -1, empty queue]] ERROR client.GrpcClientProtocolClient (GrpcClientProtocolClient.java:close(148)) - Unexpected exception while waiting for channel termination
java.lang.InterruptedException
	at java.util.concurrent.locks.AbstractQueuedSynchronizer.tryAcquireSharedNanos(AbstractQueuedSynchronizer.java:1326)
	at java.util.concurrent.CountDownLatch.await(CountDownLatch.java:277)
	at org.apache.ratis.thirdparty.io.grpc.internal.ManagedChannelImpl.awaitTermination(ManagedChannelImpl.java:763)
	at org.apache.ratis.thirdparty.io.grpc.internal.ForwardingManagedChannel.awaitTermination(ForwardingManagedChannel.java:57)
	at org.apache.ratis.thirdparty.io.grpc.internal.ManagedChannelOrphanWrapper.awaitTermination(ManagedChannelOrphanWrapper.java:70)
	at org.apache.ratis.grpc.client.GrpcClientProtocolClient.close(GrpcClientProtocolClient.java:146)
	at org.apache.ratis.util.PeerProxyMap$PeerAndProxy.lambda$close$1(PeerProxyMap.java:74)
	at org.apache.ratis.util.LifeCycle.lambda$checkStateAndClose$2(LifeCycle.java:231)
	at org.apache.ratis.util.LifeCycle.checkStateAndClose(LifeCycle.java:251)
	at org.apache.ratis.util.LifeCycle.checkStateAndClose(LifeCycle.java:229)
	at org.apache.ratis.util.PeerProxyMap$PeerAndProxy.close(PeerProxyMap.java:70)
	at org.apache.ratis.util.PeerProxyMap.resetProxy(PeerProxyMap.java:127)
	at org.apache.ratis.util.PeerProxyMap.handleException(PeerProxyMap.java:136)
	at org.apache.ratis.client.impl.RaftClientRpcWithProxy.handleException(RaftClientRpcWithProxy.java:47)
	at org.apache.ratis.client.impl.RaftClientImpl.handleIOException(RaftClientImpl.java:372)
	at org.apache.ratis.client.impl.OrderedAsync.lambda$sendRequest$10(OrderedAsync.java:236)
	at java.util.concurrent.CompletableFuture.uniExceptionally(CompletableFuture.java:870)
	at java.util.concurrent.CompletableFuture$UniExceptionally.tryFire(CompletableFuture.java:852)
	at java.util.concurrent.CompletableFuture.postComplete(CompletableFuture.java:474)
	at java.util.concurrent.CompletableFuture.completeExceptionally(CompletableFuture.java:1977)
	at org.apache.ratis.grpc.client.GrpcClientProtocolClient$AsyncStreamObservers.lambda$timeoutCheck$3(GrpcClientProtocolClient.java:324)
	at java.util.Optional.ifPresent(Optional.java:159)
	at org.apache.ratis.grpc.client.GrpcClientProtocolClient$AsyncStreamObservers.handleReplyFuture(GrpcClientProtocolClient.java:329)
	at org.apache.ratis.grpc.client.GrpcClientProtocolClient$AsyncStreamObservers.timeoutCheck(GrpcClientProtocolClient.java:324)
	at org.apache.ratis.grpc.client.GrpcClientProtocolClient$AsyncStreamObservers.lambda$onNext$1(GrpcClientProtocolClient.java:318)
	at org.apache.ratis.util.TimeoutScheduler.lambda$onTimeout$0(TimeoutScheduler.java:113)
	at org.apache.ratis.util.TimeoutScheduler.lambda$onTimeout$1(TimeoutScheduler.java:133)
	at org.apache.ratis.util.LogUtils.runAndLog(LogUtils.java:50)
	at org.apache.ratis.util.LogUtils$1.run(LogUtils.java:91)
	at java.util.concurrent.Executors$RunnableAdapter.call(Executors.java:511)
	at java.util.concurrent.FutureTask.run(FutureTask.java:266)
	at java.util.concurrent.ScheduledThreadPoolExecutor$ScheduledFutureTask.access$201(ScheduledThreadPoolExecutor.java:180)
	at java.util.concurrent.ScheduledThreadPoolExecutor$ScheduledFutureTask.run(ScheduledThreadPoolExecutor.java:293)
	at java.util.concurrent.ThreadPoolExecutor.runWorker(ThreadPoolExecutor.java:1149)
	at java.util.concurrent.ThreadPoolExecutor$Worker.run(ThreadPoolExecutor.java:624)
	at java.lang.Thread.run(Thread.java:748)
2019-10-02 10:05:11,956 [java.util.concurrent.ThreadPoolExecutor$Worker@130e2f07[State = -1, empty queue]] WARN  util.TimeoutScheduler (LogUtils.java:runAndLog(55)) - Failed to task #0: java.lang.NullPointerException
2019-10-02 10:05:15,989 [java.util.concurrent.ThreadPoolExecutor$Worker@41f1c55e[State = -1, empty queue]] ERROR client.GrpcClientProtocolClient (GrpcClientProtocolClient.java:close(148)) - Unexpected exception while waiting for channel termination
java.lang.InterruptedException
	at java.util.concurrent.locks.AbstractQueuedSynchronizer.tryAcquireSharedNanos(AbstractQueuedSynchronizer.java:1326)
	at java.util.concurrent.CountDownLatch.await(CountDownLatch.java:277)
	at org.apache.ratis.thirdparty.io.grpc.internal.ManagedChannelImpl.awaitTermination(ManagedChannelImpl.java:763)
	at org.apache.ratis.thirdparty.io.grpc.internal.ForwardingManagedChannel.awaitTermination(ForwardingManagedChannel.java:57)
	at org.apache.ratis.thirdparty.io.grpc.internal.ManagedChannelOrphanWrapper.awaitTermination(ManagedChannelOrphanWrapper.java:70)
	at org.apache.ratis.grpc.client.GrpcClientProtocolClient.close(GrpcClientProtocolClient.java:146)
	at org.apache.ratis.util.PeerProxyMap$PeerAndProxy.lambda$close$1(PeerProxyMap.java:74)
	at org.apache.ratis.util.LifeCycle.lambda$checkStateAndClose$2(LifeCycle.java:231)
	at org.apache.ratis.util.LifeCycle.checkStateAndClose(LifeCycle.java:251)
	at org.apache.ratis.util.LifeCycle.checkStateAndClose(LifeCycle.java:229)
	at org.apache.ratis.util.PeerProxyMap$PeerAndProxy.close(PeerProxyMap.java:70)
	at org.apache.ratis.util.PeerProxyMap.resetProxy(PeerProxyMap.java:127)
	at org.apache.ratis.util.PeerProxyMap.handleException(PeerProxyMap.java:136)
	at org.apache.ratis.client.impl.RaftClientRpcWithProxy.handleException(RaftClientRpcWithProxy.java:47)
	at org.apache.ratis.client.impl.RaftClientImpl.handleIOException(RaftClientImpl.java:372)
	at org.apache.ratis.client.impl.OrderedAsync.lambda$sendRequest$10(OrderedAsync.java:236)
	at java.util.concurrent.CompletableFuture.uniExceptionally(CompletableFuture.java:870)
	at java.util.concurrent.CompletableFuture$UniExceptionally.tryFire(CompletableFuture.java:852)
	at java.util.concurrent.CompletableFuture.postComplete(CompletableFuture.java:474)
	at java.util.concurrent.CompletableFuture.completeExceptionally(CompletableFuture.java:1977)
	at org.apache.ratis.grpc.client.GrpcClientProtocolClient$AsyncStreamObservers.lambda$timeoutCheck$3(GrpcClientProtocolClient.java:324)
	at java.util.Optional.ifPresent(Optional.java:159)
	at org.apache.ratis.grpc.client.GrpcClientProtocolClient$AsyncStreamObservers.handleReplyFuture(GrpcClientProtocolClient.java:329)
	at org.apache.ratis.grpc.client.GrpcClientProtocolClient$AsyncStreamObservers.timeoutCheck(GrpcClientProtocolClient.java:324)
	at org.apache.ratis.grpc.client.GrpcClientProtocolClient$AsyncStreamObservers.lambda$onNext$1(GrpcClientProtocolClient.java:318)
	at org.apache.ratis.util.TimeoutScheduler.lambda$onTimeout$0(TimeoutScheduler.java:113)
	at org.apache.ratis.util.TimeoutScheduler.lambda$onTimeout$1(TimeoutScheduler.java:133)
	at org.apache.ratis.util.LogUtils.runAndLog(LogUtils.java:50)
	at org.apache.ratis.util.LogUtils$1.run(LogUtils.java:91)
	at java.util.concurrent.Executors$RunnableAdapter.call(Executors.java:511)
	at java.util.concurrent.FutureTask.run(FutureTask.java:266)
	at java.util.concurrent.ScheduledThreadPoolExecutor$ScheduledFutureTask.access$201(ScheduledThreadPoolExecutor.java:180)
	at java.util.concurrent.ScheduledThreadPoolExecutor$ScheduledFutureTask.run(ScheduledThreadPoolExecutor.java:293)
	at java.util.concurrent.ThreadPoolExecutor.runWorker(ThreadPoolExecutor.java:1149)
	at java.util.concurrent.ThreadPoolExecutor$Worker.run(ThreadPoolExecutor.java:624)
	at java.lang.Thread.run(Thread.java:748)
2019-10-02 10:05:15,992 [java.util.concurrent.ThreadPoolExecutor$Worker@41f1c55e[State = -1, empty queue]] WARN  util.TimeoutScheduler (LogUtils.java:runAndLog(55)) - Failed to task #0: java.lang.NullPointerException
2019-10-02 10:05:20,027 [java.util.concurrent.ThreadPoolExecutor$Worker@5d53673b[State = -1, empty queue]] ERROR client.GrpcClientProtocolClient (GrpcClientProtocolClient.java:close(148)) - Unexpected exception while waiting for channel termination
java.lang.InterruptedException
	at java.util.concurrent.locks.AbstractQueuedSynchronizer.tryAcquireSharedNanos(AbstractQueuedSynchronizer.java:1326)
	at java.util.concurrent.CountDownLatch.await(CountDownLatch.java:277)
	at org.apache.ratis.thirdparty.io.grpc.internal.ManagedChannelImpl.awaitTermination(ManagedChannelImpl.java:763)
	at org.apache.ratis.thirdparty.io.grpc.internal.ForwardingManagedChannel.awaitTermination(ForwardingManagedChannel.java:57)
	at org.apache.ratis.thirdparty.io.grpc.internal.ManagedChannelOrphanWrapper.awaitTermination(ManagedChannelOrphanWrapper.java:70)
	at org.apache.ratis.grpc.client.GrpcClientProtocolClient.close(GrpcClientProtocolClient.java:146)
	at org.apache.ratis.util.PeerProxyMap$PeerAndProxy.lambda$close$1(PeerProxyMap.java:74)
	at org.apache.ratis.util.LifeCycle.lambda$checkStateAndClose$2(LifeCycle.java:231)
	at org.apache.ratis.util.LifeCycle.checkStateAndClose(LifeCycle.java:251)
	at org.apache.ratis.util.LifeCycle.checkStateAndClose(LifeCycle.java:229)
	at org.apache.ratis.util.PeerProxyMap$PeerAndProxy.close(PeerProxyMap.java:70)
	at org.apache.ratis.util.PeerProxyMap.resetProxy(PeerProxyMap.java:127)
	at org.apache.ratis.util.PeerProxyMap.handleException(PeerProxyMap.java:136)
	at org.apache.ratis.client.impl.RaftClientRpcWithProxy.handleException(RaftClientRpcWithProxy.java:47)
	at org.apache.ratis.client.impl.RaftClientImpl.handleIOException(RaftClientImpl.java:372)
	at org.apache.ratis.client.impl.OrderedAsync.lambda$sendRequest$10(OrderedAsync.java:236)
	at java.util.concurrent.CompletableFuture.uniExceptionally(CompletableFuture.java:870)
	at java.util.concurrent.CompletableFuture$UniExceptionally.tryFire(CompletableFuture.java:852)
	at java.util.concurrent.CompletableFuture.postComplete(CompletableFuture.java:474)
	at java.util.concurrent.CompletableFuture.completeExceptionally(CompletableFuture.java:1977)
	at org.apache.ratis.grpc.client.GrpcClientProtocolClient$AsyncStreamObservers.lambda$timeoutCheck$3(GrpcClientProtocolClient.java:324)
	at java.util.Optional.ifPresent(Optional.java:159)
	at org.apache.ratis.grpc.client.GrpcClientProtocolClient$AsyncStreamObservers.handleReplyFuture(GrpcClientProtocolClient.java:329)
	at org.apache.ratis.grpc.client.GrpcClientProtocolClient$AsyncStreamObservers.timeoutCheck(GrpcClientProtocolClient.java:324)
	at org.apache.ratis.grpc.client.GrpcClientProtocolClient$AsyncStreamObservers.lambda$onNext$1(GrpcClientProtocolClient.java:318)
	at org.apache.ratis.util.TimeoutScheduler.lambda$onTimeout$0(TimeoutScheduler.java:113)
	at org.apache.ratis.util.TimeoutScheduler.lambda$onTimeout$1(TimeoutScheduler.java:133)
	at org.apache.ratis.util.LogUtils.runAndLog(LogUtils.java:50)
	at org.apache.ratis.util.LogUtils$1.run(LogUtils.java:91)
	at java.util.concurrent.Executors$RunnableAdapter.call(Executors.java:511)
	at java.util.concurrent.FutureTask.run(FutureTask.java:266)
	at java.util.concurrent.ScheduledThreadPoolExecutor$ScheduledFutureTask.access$201(ScheduledThreadPoolExecutor.java:180)
	at java.util.concurrent.ScheduledThreadPoolExecutor$ScheduledFutureTask.run(ScheduledThreadPoolExecutor.java:293)
	at java.util.concurrent.ThreadPoolExecutor.runWorker(ThreadPoolExecutor.java:1149)
	at java.util.concurrent.ThreadPoolExecutor$Worker.run(ThreadPoolExecutor.java:624)
	at java.lang.Thread.run(Thread.java:748)
2019-10-02 10:05:20,028 [java.util.concurrent.ThreadPoolExecutor$Worker@5d53673b[State = -1, empty queue]] WARN  util.TimeoutScheduler (LogUtils.java:runAndLog(55)) - Failed to task #0: java.lang.NullPointerException
2019-10-02 10:05:24,065 [java.util.concurrent.ThreadPoolExecutor$Worker@22caf3ee[State = -1, empty queue]] ERROR client.GrpcClientProtocolClient (GrpcClientProtocolClient.java:close(148)) - Unexpected exception while waiting for channel termination
java.lang.InterruptedException
	at java.util.concurrent.locks.AbstractQueuedSynchronizer.tryAcquireSharedNanos(AbstractQueuedSynchronizer.java:1326)
	at java.util.concurrent.CountDownLatch.await(CountDownLatch.java:277)
	at org.apache.ratis.thirdparty.io.grpc.internal.ManagedChannelImpl.awaitTermination(ManagedChannelImpl.java:763)
	at org.apache.ratis.thirdparty.io.grpc.internal.ForwardingManagedChannel.awaitTermination(ForwardingManagedChannel.java:57)
	at org.apache.ratis.thirdparty.io.grpc.internal.ManagedChannelOrphanWrapper.awaitTermination(ManagedChannelOrphanWrapper.java:70)
	at org.apache.ratis.grpc.client.GrpcClientProtocolClient.close(GrpcClientProtocolClient.java:146)
	at org.apache.ratis.util.PeerProxyMap$PeerAndProxy.lambda$close$1(PeerProxyMap.java:74)
	at org.apache.ratis.util.LifeCycle.lambda$checkStateAndClose$2(LifeCycle.java:231)
	at org.apache.ratis.util.LifeCycle.checkStateAndClose(LifeCycle.java:251)
	at org.apache.ratis.util.LifeCycle.checkStateAndClose(LifeCycle.java:229)
	at org.apache.ratis.util.PeerProxyMap$PeerAndProxy.close(PeerProxyMap.java:70)
	at org.apache.ratis.util.PeerProxyMap.resetProxy(PeerProxyMap.java:127)
	at org.apache.ratis.util.PeerProxyMap.handleException(PeerProxyMap.java:136)
	at org.apache.ratis.client.impl.RaftClientRpcWithProxy.handleException(RaftClientRpcWithProxy.java:47)
	at org.apache.ratis.client.impl.RaftClientImpl.handleIOException(RaftClientImpl.java:372)
	at org.apache.ratis.client.impl.OrderedAsync.lambda$sendRequest$10(OrderedAsync.java:236)
	at java.util.concurrent.CompletableFuture.uniExceptionally(CompletableFuture.java:870)
	at java.util.concurrent.CompletableFuture$UniExceptionally.tryFire(CompletableFuture.java:852)
	at java.util.concurrent.CompletableFuture.postComplete(CompletableFuture.java:474)
	at java.util.concurrent.CompletableFuture.completeExceptionally(CompletableFuture.java:1977)
	at org.apache.ratis.grpc.client.GrpcClientProtocolClient$AsyncStreamObservers.lambda$timeoutCheck$3(GrpcClientProtocolClient.java:324)
	at java.util.Optional.ifPresent(Optional.java:159)
	at org.apache.ratis.grpc.client.GrpcClientProtocolClient$AsyncStreamObservers.handleReplyFuture(GrpcClientProtocolClient.java:329)
	at org.apache.ratis.grpc.client.GrpcClientProtocolClient$AsyncStreamObservers.timeoutCheck(GrpcClientProtocolClient.java:324)
	at org.apache.ratis.grpc.client.GrpcClientProtocolClient$AsyncStreamObservers.lambda$onNext$1(GrpcClientProtocolClient.java:318)
	at org.apache.ratis.util.TimeoutScheduler.lambda$onTimeout$0(TimeoutScheduler.java:113)
	at org.apache.ratis.util.TimeoutScheduler.lambda$onTimeout$1(TimeoutScheduler.java:133)
	at org.apache.ratis.util.LogUtils.runAndLog(LogUtils.java:50)
	at org.apache.ratis.util.LogUtils$1.run(LogUtils.java:91)
	at java.util.concurrent.Executors$RunnableAdapter.call(Executors.java:511)
	at java.util.concurrent.FutureTask.run(FutureTask.java:266)
	at java.util.concurrent.ScheduledThreadPoolExecutor$ScheduledFutureTask.access$201(ScheduledThreadPoolExecutor.java:180)
	at java.util.concurrent.ScheduledThreadPoolExecutor$ScheduledFutureTask.run(ScheduledThreadPoolExecutor.java:293)
	at java.util.concurrent.ThreadPoolExecutor.runWorker(ThreadPoolExecutor.java:1149)
	at java.util.concurrent.ThreadPoolExecutor$Worker.run(ThreadPoolExecutor.java:624)
	at java.lang.Thread.run(Thread.java:748)
2019-10-02 10:05:24,067 [java.util.concurrent.ThreadPoolExecutor$Worker@22caf3ee[State = -1, empty queue]] WARN  util.TimeoutScheduler (LogUtils.java:runAndLog(55)) - Failed to task #0: java.lang.NullPointerException
2019-10-02 10:05:28,100 [java.util.concurrent.ThreadPoolExecutor$Worker@9faef9d[State = -1, empty queue]] ERROR client.GrpcClientProtocolClient (GrpcClientProtocolClient.java:close(148)) - Unexpected exception while waiting for channel termination
java.lang.InterruptedException
	at java.util.concurrent.locks.AbstractQueuedSynchronizer.tryAcquireSharedNanos(AbstractQueuedSynchronizer.java:1326)
	at java.util.concurrent.CountDownLatch.await(CountDownLatch.java:277)
	at org.apache.ratis.thirdparty.io.grpc.internal.ManagedChannelImpl.awaitTermination(ManagedChannelImpl.java:763)
	at org.apache.ratis.thirdparty.io.grpc.internal.ForwardingManagedChannel.awaitTermination(ForwardingManagedChannel.java:57)
	at org.apache.ratis.thirdparty.io.grpc.internal.ManagedChannelOrphanWrapper.awaitTermination(ManagedChannelOrphanWrapper.java:70)
	at org.apache.ratis.grpc.client.GrpcClientProtocolClient.close(GrpcClientProtocolClient.java:146)
	at org.apache.ratis.util.PeerProxyMap$PeerAndProxy.lambda$close$1(PeerProxyMap.java:74)
	at org.apache.ratis.util.LifeCycle.lambda$checkStateAndClose$2(LifeCycle.java:231)
	at org.apache.ratis.util.LifeCycle.checkStateAndClose(LifeCycle.java:251)
	at org.apache.ratis.util.LifeCycle.checkStateAndClose(LifeCycle.java:229)
	at org.apache.ratis.util.PeerProxyMap$PeerAndProxy.close(PeerProxyMap.java:70)
	at org.apache.ratis.util.PeerProxyMap.resetProxy(PeerProxyMap.java:127)
	at org.apache.ratis.util.PeerProxyMap.handleException(PeerProxyMap.java:136)
	at org.apache.ratis.client.impl.RaftClientRpcWithProxy.handleException(RaftClientRpcWithProxy.java:47)
	at org.apache.ratis.client.impl.RaftClientImpl.handleIOException(RaftClientImpl.java:372)
	at org.apache.ratis.client.impl.OrderedAsync.lambda$sendRequest$10(OrderedAsync.java:236)
	at java.util.concurrent.CompletableFuture.uniExceptionally(CompletableFuture.java:870)
	at java.util.concurrent.CompletableFuture$UniExceptionally.tryFire(CompletableFuture.java:852)
	at java.util.concurrent.CompletableFuture.postComplete(CompletableFuture.java:474)
	at java.util.concurrent.CompletableFuture.completeExceptionally(CompletableFuture.java:1977)
	at org.apache.ratis.grpc.client.GrpcClientProtocolClient$AsyncStreamObservers.lambda$timeoutCheck$3(GrpcClientProtocolClient.java:324)
	at java.util.Optional.ifPresent(Optional.java:159)
	at org.apache.ratis.grpc.client.GrpcClientProtocolClient$AsyncStreamObservers.handleReplyFuture(GrpcClientProtocolClient.java:329)
	at org.apache.ratis.grpc.client.GrpcClientProtocolClient$AsyncStreamObservers.timeoutCheck(GrpcClientProtocolClient.java:324)
	at org.apache.ratis.grpc.client.GrpcClientProtocolClient$AsyncStreamObservers.lambda$onNext$1(GrpcClientProtocolClient.java:318)
	at org.apache.ratis.util.TimeoutScheduler.lambda$onTimeout$0(TimeoutScheduler.java:113)
	at org.apache.ratis.util.TimeoutScheduler.lambda$onTimeout$1(TimeoutScheduler.java:133)
	at org.apache.ratis.util.LogUtils.runAndLog(LogUtils.java:50)
	at org.apache.ratis.util.LogUtils$1.run(LogUtils.java:91)
	at java.util.concurrent.Executors$RunnableAdapter.call(Executors.java:511)
	at java.util.concurrent.FutureTask.run(FutureTask.java:266)
	at java.util.concurrent.ScheduledThreadPoolExecutor$ScheduledFutureTask.access$201(ScheduledThreadPoolExecutor.java:180)
	at java.util.concurrent.ScheduledThreadPoolExecutor$ScheduledFutureTask.run(ScheduledThreadPoolExecutor.java:293)
	at java.util.concurrent.ThreadPoolExecutor.runWorker(ThreadPoolExecutor.java:1149)
	at java.util.concurrent.ThreadPoolExecutor$Worker.run(ThreadPoolExecutor.java:624)
	at java.lang.Thread.run(Thread.java:748)
2019-10-02 10:05:28,103 [java.util.concurrent.ThreadPoolExecutor$Worker@9faef9d[State = -1, empty queue]] WARN  util.TimeoutScheduler (LogUtils.java:runAndLog(55)) - Failed to task #0: java.lang.NullPointerException
2019-10-02 10:05:30,644 [grpc-default-executor-6] INFO  impl.RaftServerProxy (RaftServerProxy.java:remove(95)) - f543130f-443f-4ba5-9d6e-59ecbb0ec00a: remove    LEADER f543130f-443f-4ba5-9d6e-59ecbb0ec00a@group-B6961D81FBEA:t1, leader=f543130f-443f-4ba5-9d6e-59ecbb0ec00a, voted=f543130f-443f-4ba5-9d6e-59ecbb0ec00a, raftlog=f543130f-443f-4ba5-9d6e-59ecbb0ec00a@group-B6961D81FBEA-SegmentedRaftLog:OPENED:c0,f0,i2, conf=0: [f543130f-443f-4ba5-9d6e-59ecbb0ec00a:192.168.164.250:36191, 5a36316c-6269-4ab0-8563-6514c3376d21:192.168.164.250:32906, 49e61346-ce49-4850-8dcd-6024868ef21c:192.168.164.250:43655], old=null RUNNING
2019-10-02 10:05:30,645 [grpc-default-executor-6] INFO  impl.RaftServerImpl (RaftServerImpl.java:lambda$shutdown$3(247)) - f543130f-443f-4ba5-9d6e-59ecbb0ec00a@group-B6961D81FBEA: shutdown
2019-10-02 10:05:30,645 [grpc-default-executor-6] INFO  util.JmxRegister (JmxRegister.java:unregister(73)) - Successfully un-registered JMX Bean with object name Ratis:service=RaftServer,group=group-B6961D81FBEA,id=f543130f-443f-4ba5-9d6e-59ecbb0ec00a
2019-10-02 10:05:30,645 [grpc-default-executor-6] INFO  impl.RoleInfo (RoleInfo.java:shutdownLeaderState(104)) - f543130f-443f-4ba5-9d6e-59ecbb0ec00a: shutdown LeaderState
2019-10-02 10:05:30,649 [grpc-default-executor-6] INFO  impl.PendingRequests (PendingRequests.java:sendNotLeaderResponses(202)) - f543130f-443f-4ba5-9d6e-59ecbb0ec00a@group-B6961D81FBEA-PendingRequests: sendNotLeaderResponses
2019-10-02 10:05:30,651 [org.apache.ratis.server.impl.LogAppender$AppenderDaemon$$Lambda$595/118746732@2cff22df] WARN  server.GrpcLogAppender (GrpcLogAppender.java:mayWait(143)) - f543130f-443f-4ba5-9d6e-59ecbb0ec00a@group-B6961D81FBEA->5a36316c-6269-4ab0-8563-6514c3376d21-GrpcLogAppender: Wait interrupted by java.lang.InterruptedException
2019-10-02 10:05:30,651 [org.apache.ratis.server.impl.LogAppender$AppenderDaemon$$Lambda$595/118746732@61601fde] WARN  server.GrpcLogAppender (GrpcLogAppender.java:mayWait(143)) - f543130f-443f-4ba5-9d6e-59ecbb0ec00a@group-B6961D81FBEA->49e61346-ce49-4850-8dcd-6024868ef21c-GrpcLogAppender: Wait interrupted by java.lang.InterruptedException
2019-10-02 10:05:30,655 [grpc-default-executor-7] INFO  server.GrpcServerProtocolService (GrpcServerProtocolService.java:onCompleted(113)) - 49e61346-ce49-4850-8dcd-6024868ef21c: Completed APPEND_ENTRIES, lastRequest: f543130f-443f-4ba5-9d6e-59ecbb0ec00a->49e61346-ce49-4850-8dcd-6024868ef21c#29-t1, previous=(t:1, i:2), leaderCommit=0, initializing? false, entries: <empty>
2019-10-02 10:05:30,655 [grpc-default-executor-3] INFO  server.GrpcServerProtocolService (GrpcServerProtocolService.java:onCompleted(113)) - 5a36316c-6269-4ab0-8563-6514c3376d21: Completed APPEND_ENTRIES, lastRequest: f543130f-443f-4ba5-9d6e-59ecbb0ec00a->5a36316c-6269-4ab0-8563-6514c3376d21#29-t1, previous=(t:1, i:2), leaderCommit=0, initializing? false, entries: <empty>
2019-10-02 10:05:30,657 [grpc-default-executor-3] INFO  server.GrpcLogAppender (GrpcLogAppender.java:onCompleted(293)) - f543130f-443f-4ba5-9d6e-59ecbb0ec00a@group-B6961D81FBEA->5a36316c-6269-4ab0-8563-6514c3376d21-AppendLogResponseHandler: follower responses appendEntries COMPLETED
2019-10-02 10:05:30,657 [grpc-default-executor-6] INFO  impl.StateMachineUpdater (StateMachineUpdater.java:stopAndJoin(136)) - f543130f-443f-4ba5-9d6e-59ecbb0ec00a@group-B6961D81FBEA-StateMachineUpdater: set stopIndex = 0
2019-10-02 10:05:30,660 [grpc-default-executor-6] INFO  impl.RaftServerImpl (ServerState.java:close(387)) - f543130f-443f-4ba5-9d6e-59ecbb0ec00a@group-B6961D81FBEA: closes. applyIndex: 0
2019-10-02 10:05:30,660 [f543130f-443f-4ba5-9d6e-59ecbb0ec00a@group-B6961D81FBEA-SegmentedRaftLogWorker] INFO  segmented.SegmentedRaftLogWorker (SegmentedRaftLogWorker.java:run(316)) - f543130f-443f-4ba5-9d6e-59ecbb0ec00a@group-B6961D81FBEA-SegmentedRaftLogWorker was interrupted, exiting. There are 0 tasks remaining in the queue.
2019-10-02 10:05:30,662 [grpc-default-executor-6] INFO  segmented.SegmentedRaftLogWorker (SegmentedRaftLogWorker.java:close(224)) - f543130f-443f-4ba5-9d6e-59ecbb0ec00a@group-B6961D81FBEA-SegmentedRaftLogWorker close()
2019-10-02 10:05:30,662 [grpc-default-executor-3] INFO  impl.FollowerInfo (FollowerInfo.java:lambda$new$0(51)) - f543130f-443f-4ba5-9d6e-59ecbb0ec00a@group-B6961D81FBEA->5a36316c-6269-4ab0-8563-6514c3376d21: nextIndex: updateUnconditionally 3 -> 2
2019-10-02 10:05:30,665 [grpc-default-executor-7] INFO  server.GrpcLogAppender (GrpcLogAppender.java:onCompleted(293)) - f543130f-443f-4ba5-9d6e-59ecbb0ec00a@group-B6961D81FBEA->49e61346-ce49-4850-8dcd-6024868ef21c-AppendLogResponseHandler: follower responses appendEntries COMPLETED
2019-10-02 10:05:30,666 [grpc-default-executor-7] INFO  impl.FollowerInfo (FollowerInfo.java:lambda$new$0(51)) - f543130f-443f-4ba5-9d6e-59ecbb0ec00a@group-B6961D81FBEA->49e61346-ce49-4850-8dcd-6024868ef21c: nextIndex: updateUnconditionally 3 -> 2
2019-10-02 10:05:30,687 [grpc-default-executor-7] INFO  impl.RaftServerProxy (RaftServerProxy.java:remove(95)) - 5a36316c-6269-4ab0-8563-6514c3376d21: remove  FOLLOWER 5a36316c-6269-4ab0-8563-6514c3376d21@group-B6961D81FBEA:t1, leader=f543130f-443f-4ba5-9d6e-59ecbb0ec00a, voted=5a36316c-6269-4ab0-8563-6514c3376d21, raftlog=5a36316c-6269-4ab0-8563-6514c3376d21@group-B6961D81FBEA-SegmentedRaftLog:OPENED:c0,f2,i2, conf=0: [f543130f-443f-4ba5-9d6e-59ecbb0ec00a:192.168.164.250:36191, 5a36316c-6269-4ab0-8563-6514c3376d21:192.168.164.250:32906, 49e61346-ce49-4850-8dcd-6024868ef21c:192.168.164.250:43655], old=null RUNNING
2019-10-02 10:05:30,687 [grpc-default-executor-7] INFO  impl.RaftServerImpl (RaftServerImpl.java:lambda$shutdown$3(247)) - 5a36316c-6269-4ab0-8563-6514c3376d21@group-B6961D81FBEA: shutdown
2019-10-02 10:05:30,687 [grpc-default-executor-7] INFO  util.JmxRegister (JmxRegister.java:unregister(73)) - Successfully un-registered JMX Bean with object name Ratis:service=RaftServer,group=group-B6961D81FBEA,id=5a36316c-6269-4ab0-8563-6514c3376d21
2019-10-02 10:05:30,687 [grpc-default-executor-7] INFO  impl.RoleInfo (RoleInfo.java:shutdownFollowerState(121)) - 5a36316c-6269-4ab0-8563-6514c3376d21: shutdown FollowerState
2019-10-02 10:05:30,688 [grpc-default-executor-7] INFO  impl.StateMachineUpdater (StateMachineUpdater.java:stopAndJoin(136)) - 5a36316c-6269-4ab0-8563-6514c3376d21@group-B6961D81FBEA-StateMachineUpdater: set stopIndex = 0
2019-10-02 10:05:30,688 [Thread-450] INFO  impl.FollowerState (FollowerState.java:run(117)) - 5a36316c-6269-4ab0-8563-6514c3376d21@group-B6961D81FBEA-FollowerState was interrupted: java.lang.InterruptedException: sleep interrupted
2019-10-02 10:05:30,690 [grpc-default-executor-7] INFO  impl.RaftServerImpl (ServerState.java:close(387)) - 5a36316c-6269-4ab0-8563-6514c3376d21@group-B6961D81FBEA: closes. applyIndex: 0
2019-10-02 10:05:30,690 [5a36316c-6269-4ab0-8563-6514c3376d21@group-B6961D81FBEA-SegmentedRaftLogWorker] INFO  segmented.SegmentedRaftLogWorker (SegmentedRaftLogWorker.java:run(316)) - 5a36316c-6269-4ab0-8563-6514c3376d21@group-B6961D81FBEA-SegmentedRaftLogWorker was interrupted, exiting. There are 0 tasks remaining in the queue.
2019-10-02 10:05:30,692 [grpc-default-executor-7] INFO  segmented.SegmentedRaftLogWorker (SegmentedRaftLogWorker.java:close(224)) - 5a36316c-6269-4ab0-8563-6514c3376d21@group-B6961D81FBEA-SegmentedRaftLogWorker close()
2019-10-02 10:05:30,763 [grpc-default-executor-7] INFO  interfaces.Container (KeyValueContainer.java:flushAndSyncDB(386)) - Container 4 is synced with bcsId 0.
2019-10-02 10:05:30,765 [grpc-default-executor-7] INFO  interfaces.Container (KeyValueContainer.java:flushAndSyncDB(386)) - Container 4 is synced with bcsId 0.
2019-10-02 10:05:30,783 [EventQueue-IncrementalContainerReportForIncrementalContainerReportHandler] INFO  container.IncrementalContainerReportHandler (AbstractContainerReportHandler.java:updateContainerState(169)) - Moving container #4 to QUASI_CLOSED state, datanode 5a36316c-6269-4ab0-8563-6514c3376d21{ip: 192.168.164.250, host: pr-trunk-p5fv4-2201032288, networkLocation: /default-rack, certSerialId: null} reported QUASI_CLOSED replica.
2019-10-02 10:05:30,787 [grpc-default-executor-7] INFO  impl.RaftServerProxy (RaftServerProxy.java:remove(95)) - 49e61346-ce49-4850-8dcd-6024868ef21c: remove  FOLLOWER 49e61346-ce49-4850-8dcd-6024868ef21c@group-B6961D81FBEA:t1, leader=f543130f-443f-4ba5-9d6e-59ecbb0ec00a, voted=f543130f-443f-4ba5-9d6e-59ecbb0ec00a, raftlog=49e61346-ce49-4850-8dcd-6024868ef21c@group-B6961D81FBEA-SegmentedRaftLog:OPENED:c0,f2,i2, conf=0: [f543130f-443f-4ba5-9d6e-59ecbb0ec00a:192.168.164.250:36191, 5a36316c-6269-4ab0-8563-6514c3376d21:192.168.164.250:32906, 49e61346-ce49-4850-8dcd-6024868ef21c:192.168.164.250:43655], old=null RUNNING
2019-10-02 10:05:30,787 [grpc-default-executor-7] INFO  impl.RaftServerImpl (RaftServerImpl.java:lambda$shutdown$3(247)) - 49e61346-ce49-4850-8dcd-6024868ef21c@group-B6961D81FBEA: shutdown
2019-10-02 10:05:30,787 [grpc-default-executor-7] INFO  util.JmxRegister (JmxRegister.java:unregister(73)) - Successfully un-registered JMX Bean with object name Ratis:service=RaftServer,group=group-B6961D81FBEA,id=49e61346-ce49-4850-8dcd-6024868ef21c
2019-10-02 10:05:30,788 [grpc-default-executor-7] INFO  impl.RoleInfo (RoleInfo.java:shutdownFollowerState(121)) - 49e61346-ce49-4850-8dcd-6024868ef21c: shutdown FollowerState
2019-10-02 10:05:30,788 [grpc-default-executor-7] INFO  impl.StateMachineUpdater (StateMachineUpdater.java:stopAndJoin(136)) - 49e61346-ce49-4850-8dcd-6024868ef21c@group-B6961D81FBEA-StateMachineUpdater: set stopIndex = 0
2019-10-02 10:05:30,788 [Thread-441] INFO  impl.FollowerState (FollowerState.java:run(117)) - 49e61346-ce49-4850-8dcd-6024868ef21c@group-B6961D81FBEA-FollowerState was interrupted: java.lang.InterruptedException: sleep interrupted
2019-10-02 10:05:30,790 [grpc-default-executor-7] INFO  impl.RaftServerImpl (ServerState.java:close(387)) - 49e61346-ce49-4850-8dcd-6024868ef21c@group-B6961D81FBEA: closes. applyIndex: 0
2019-10-02 10:05:30,791 [49e61346-ce49-4850-8dcd-6024868ef21c@group-B6961D81FBEA-SegmentedRaftLogWorker] INFO  segmented.SegmentedRaftLogWorker (SegmentedRaftLogWorker.java:run(316)) - 49e61346-ce49-4850-8dcd-6024868ef21c@group-B6961D81FBEA-SegmentedRaftLogWorker was interrupted, exiting. There are 0 tasks remaining in the queue.
2019-10-02 10:05:30,792 [grpc-default-executor-7] INFO  segmented.SegmentedRaftLogWorker (SegmentedRaftLogWorker.java:close(224)) - 49e61346-ce49-4850-8dcd-6024868ef21c@group-B6961D81FBEA-SegmentedRaftLogWorker close()
2019-10-02 10:05:30,848 [grpc-default-executor-7] INFO  interfaces.Container (KeyValueContainer.java:flushAndSyncDB(386)) - Container 4 is synced with bcsId 0.
2019-10-02 10:05:30,848 [grpc-default-executor-7] INFO  interfaces.Container (KeyValueContainer.java:flushAndSyncDB(386)) - Container 4 is synced with bcsId 0.
2019-10-02 10:05:30,864 [RatisPipelineUtilsThread] INFO  pipeline.PipelineStateManager (PipelineStateManager.java:removePipeline(108)) - Pipeline Pipeline[ Id: 07cc1869-c225-4655-aa53-b6961d81fbea, Nodes: f543130f-443f-4ba5-9d6e-59ecbb0ec00a{ip: 192.168.164.250, host: pr-trunk-p5fv4-2201032288, networkLocation: /default-rack, certSerialId: null}5a36316c-6269-4ab0-8563-6514c3376d21{ip: 192.168.164.250, host: pr-trunk-p5fv4-2201032288, networkLocation: /default-rack, certSerialId: null}49e61346-ce49-4850-8dcd-6024868ef21c{ip: 192.168.164.250, host: pr-trunk-p5fv4-2201032288, networkLocation: /default-rack, certSerialId: null}, Type:RATIS, Factor:THREE, State:CLOSED] removed from db
2019-10-02 10:05:30,868 [grpc-default-executor-7] INFO  impl.RaftServerProxy (RaftServerProxy.java:remove(95)) - f543130f-443f-4ba5-9d6e-59ecbb0ec00a: remove group-B6961D81FBEA:null
2019-10-02 10:05:30,876 [RatisPipelineUtilsThread] WARN  pipeline.RatisPipelineUtils (RatisPipelineUtils.java:destroyPipeline(67)) - Pipeline destroy failed for pipeline=PipelineID=07cc1869-c225-4655-aa53-b6961d81fbea dn=f543130f-443f-4ba5-9d6e-59ecbb0ec00a{ip: 192.168.164.250, host: pr-trunk-p5fv4-2201032288, networkLocation: /default-rack, certSerialId: null}
2019-10-02 10:05:30,881 [grpc-default-executor-7] INFO  impl.RaftServerProxy (RaftServerProxy.java:remove(95)) - 5a36316c-6269-4ab0-8563-6514c3376d21: remove group-B6961D81FBEA:null
2019-10-02 10:05:30,888 [RatisPipelineUtilsThread] WARN  pipeline.RatisPipelineUtils (RatisPipelineUtils.java:destroyPipeline(67)) - Pipeline destroy failed for pipeline=PipelineID=07cc1869-c225-4655-aa53-b6961d81fbea dn=5a36316c-6269-4ab0-8563-6514c3376d21{ip: 192.168.164.250, host: pr-trunk-p5fv4-2201032288, networkLocation: /default-rack, certSerialId: null}
2019-10-02 10:05:30,892 [grpc-default-executor-7] INFO  impl.RaftServerProxy (RaftServerProxy.java:remove(95)) - 49e61346-ce49-4850-8dcd-6024868ef21c: remove group-B6961D81FBEA:null
2019-10-02 10:05:30,898 [RatisPipelineUtilsThread] WARN  pipeline.RatisPipelineUtils (RatisPipelineUtils.java:destroyPipeline(67)) - Pipeline destroy failed for pipeline=PipelineID=07cc1869-c225-4655-aa53-b6961d81fbea dn=49e61346-ce49-4850-8dcd-6024868ef21c{ip: 192.168.164.250, host: pr-trunk-p5fv4-2201032288, networkLocation: /default-rack, certSerialId: null}
2019-10-02 10:05:30,899 [RatisPipelineUtilsThread] ERROR pipeline.SCMPipelineManager (Scheduler.java:lambda$schedule$1(70)) - Destroy pipeline failed for pipeline:Pipeline[ Id: 07cc1869-c225-4655-aa53-b6961d81fbea, Nodes: f543130f-443f-4ba5-9d6e-59ecbb0ec00a{ip: 192.168.164.250, host: pr-trunk-p5fv4-2201032288, networkLocation: /default-rack, certSerialId: null}5a36316c-6269-4ab0-8563-6514c3376d21{ip: 192.168.164.250, host: pr-trunk-p5fv4-2201032288, networkLocation: /default-rack, certSerialId: null}49e61346-ce49-4850-8dcd-6024868ef21c{ip: 192.168.164.250, host: pr-trunk-p5fv4-2201032288, networkLocation: /default-rack, certSerialId: null}, Type:RATIS, Factor:THREE, State:CLOSED]
org.apache.hadoop.hdds.scm.pipeline.PipelineNotFoundException: PipelineID=07cc1869-c225-4655-aa53-b6961d81fbea not found
	at org.apache.hadoop.hdds.scm.pipeline.PipelineStateMap.getPipeline(PipelineStateMap.java:132)
	at org.apache.hadoop.hdds.scm.pipeline.PipelineStateMap.removePipeline(PipelineStateMap.java:322)
	at org.apache.hadoop.hdds.scm.pipeline.PipelineStateManager.removePipeline(PipelineStateManager.java:107)
	at org.apache.hadoop.hdds.scm.pipeline.SCMPipelineManager.removePipeline(SCMPipelineManager.java:427)
	at org.apache.hadoop.hdds.scm.pipeline.SCMPipelineManager.destroyPipeline(SCMPipelineManager.java:413)
	at org.apache.hadoop.hdds.scm.pipeline.SCMPipelineManager.lambda$finalizeAndDestroyPipeline$0(SCMPipelineManager.java:322)
	at org.apache.hadoop.hdds.utils.Scheduler.lambda$schedule$1(Scheduler.java:68)
	at java.util.concurrent.Executors$RunnableAdapter.call(Executors.java:511)
	at java.util.concurrent.FutureTask.run(FutureTask.java:266)
	at java.util.concurrent.ScheduledThreadPoolExecutor$ScheduledFutureTask.access$201(ScheduledThreadPoolExecutor.java:180)
	at java.util.concurrent.ScheduledThreadPoolExecutor$ScheduledFutureTask.run(ScheduledThreadPoolExecutor.java:293)
	at java.util.concurrent.ThreadPoolExecutor.runWorker(ThreadPoolExecutor.java:1149)
	at java.util.concurrent.ThreadPoolExecutor$Worker.run(ThreadPoolExecutor.java:624)
	at java.lang.Thread.run(Thread.java:748)
2019-10-02 10:05:31,695 [Thread-247] WARN  io.KeyOutputStream (KeyOutputStream.java:handleException(274)) - Encountered exception java.io.IOException: Unexpected Storage Container Exception: java.util.concurrent.CompletionException: java.util.concurrent.CompletionException: org.apache.ratis.protocol.GroupMismatchException: 49e61346-ce49-4850-8dcd-6024868ef21c: group-B6961D81FBEA not found. on the pipeline Pipeline[ Id: 07cc1869-c225-4655-aa53-b6961d81fbea, Nodes: f543130f-443f-4ba5-9d6e-59ecbb0ec00a{ip: 192.168.164.250, host: pr-trunk-p5fv4-2201032288, networkLocation: /default-rack, certSerialId: null}5a36316c-6269-4ab0-8563-6514c3376d21{ip: 192.168.164.250, host: pr-trunk-p5fv4-2201032288, networkLocation: /default-rack, certSerialId: null}49e61346-ce49-4850-8dcd-6024868ef21c{ip: 192.168.164.250, host: pr-trunk-p5fv4-2201032288, networkLocation: /default-rack, certSerialId: null}, Type:RATIS, Factor:THREE, State:OPEN]. The last committed block length is 0, uncommitted data length is 1024 retry count 0
2019-10-02 10:05:31,858 [pool-36-thread-5] ERROR impl.ChunkManagerImpl (ChunkUtils.java:writeData(89)) - data array does not match the length specified. DataLen: 1024 Byte Array: 1181
2019-10-02 10:05:31,861 [pool-36-thread-5] INFO  keyvalue.KeyValueHandler (ContainerUtils.java:logAndReturnError(146)) - Operation: WriteChunk : Trace ID: d78e64c6ee861e50:d78e64c6ee861e50:0:0 : Message: data array does not match the length specified. DataLen: 1024 Byte Array: 1181 : Result: INVALID_WRITE_SIZE
2019-10-02 10:05:31,872 [EventQueue-IncrementalContainerReportForIncrementalContainerReportHandler] WARN  container.IncrementalContainerReportHandler (AbstractContainerReportHandler.java:updateContainerState(143)) - Container #5 is in OPEN state, but the datanode 5a36316c-6269-4ab0-8563-6514c3376d21{ip: 192.168.164.250, host: pr-trunk-p5fv4-2201032288, networkLocation: /default-rack, certSerialId: null} reports an UNHEALTHY replica.
2019-10-02 10:05:31,872 [EventQueue-CloseContainerForCloseContainerEventHandler] INFO  container.CloseContainerEventHandler (CloseContainerEventHandler.java:onMessage(61)) - Close container Event triggered for container : #5
10:05:31.871 [pool-36-thread-5] ERROR DNAudit - user=null | ip=null | op=WRITE_CHUNK {blockData=conID: 5 locID: 102892223313805319 bcsId: 0} | ret=FAILURE
java.lang.Exception: data array does not match the length specified. DataLen: 1024 Byte Array: 1181
	at org.apache.hadoop.ozone.container.common.impl.HddsDispatcher.dispatchRequest(HddsDispatcher.java:330) ~[hadoop-hdds-container-service-0.5.0-SNAPSHOT.jar:?]
	at org.apache.hadoop.ozone.container.common.impl.HddsDispatcher.dispatch(HddsDispatcher.java:150) ~[hadoop-hdds-container-service-0.5.0-SNAPSHOT.jar:?]
	at org.apache.hadoop.ozone.container.common.transport.server.ratis.ContainerStateMachine.dispatchCommand(ContainerStateMachine.java:407) ~[hadoop-hdds-container-service-0.5.0-SNAPSHOT.jar:?]
	at org.apache.hadoop.ozone.container.common.transport.server.ratis.ContainerStateMachine.runCommand(ContainerStateMachine.java:415) ~[hadoop-hdds-container-service-0.5.0-SNAPSHOT.jar:?]
	at org.apache.hadoop.ozone.container.common.transport.server.ratis.ContainerStateMachine.lambda$handleWriteChunk$1(ContainerStateMachine.java:450) ~[hadoop-hdds-container-service-0.5.0-SNAPSHOT.jar:?]
	at java.util.concurrent.CompletableFuture$AsyncSupply.run(CompletableFuture.java:1590) [?:1.8.0_212]
	at java.util.concurrent.ThreadPoolExecutor.runWorker(ThreadPoolExecutor.java:1149) [?:1.8.0_212]
	at java.util.concurrent.ThreadPoolExecutor$Worker.run(ThreadPoolExecutor.java:624) [?:1.8.0_212]
	at java.lang.Thread.run(Thread.java:748) [?:1.8.0_212]
2019-10-02 10:05:31,874 [pool-36-thread-5] ERROR ratis.ContainerStateMachine (ContainerStateMachine.java:lambda$handleWriteChunk$2(470)) - group-570035410B71: writeChunk writeStateMachineData failed: blockIdcontainerID: 5
localID: 102892223313805319
blockCommitSequenceId: 0
 logIndex 1 chunkName 102892223313805319_chunk_1 Error message: data array does not match the length specified. DataLen: 1024 Byte Array: 1181 Container Result: INVALID_WRITE_SIZE
2019-10-02 10:05:31,874 [5a36316c-6269-4ab0-8563-6514c3376d21@group-570035410B71-SegmentedRaftLogWorker] ERROR ratis.XceiverServerRatis (XceiverServerRatis.java:triggerPipelineClose(581)) - pipeline Action CLOSE  on pipeline PipelineID=3c95dc4a-b39f-47ee-bd7d-570035410b71.Reason : data array does not match the length specified. DataLen: 1024 Byte Array: 1181
2019-10-02 10:05:31,875 [5a36316c-6269-4ab0-8563-6514c3376d21@group-570035410B71-SegmentedRaftLogWorker] ERROR ratis.XceiverServerRatis (XceiverServerRatis.java:triggerPipelineClose(581)) - pipeline Action CLOSE  on pipeline PipelineID=3c95dc4a-b39f-47ee-bd7d-570035410b71.Reason : Log already failed at index 1 for task WriteLog:1: (t:1, i:1), STATEMACHINELOGENTRY, client-D722729C3DE8, cid=32
2019-10-02 10:05:31,875 [EventQueue-PipelineActionsForPipelineActionHandler] ERROR pipeline.PipelineActionHandler (PipelineActionHandler.java:onMessage(60)) - Received pipeline action CLOSE for Pipeline[ Id: 3c95dc4a-b39f-47ee-bd7d-570035410b71, Nodes: f543130f-443f-4ba5-9d6e-59ecbb0ec00a{ip: 192.168.164.250, host: pr-trunk-p5fv4-2201032288, networkLocation: /default-rack, certSerialId: null}5a36316c-6269-4ab0-8563-6514c3376d21{ip: 192.168.164.250, host: pr-trunk-p5fv4-2201032288, networkLocation: /default-rack, certSerialId: null}49e61346-ce49-4850-8dcd-6024868ef21c{ip: 192.168.164.250, host: pr-trunk-p5fv4-2201032288, networkLocation: /default-rack, certSerialId: null}, Type:RATIS, Factor:THREE, State:OPEN] from datanode 5a36316c-6269-4ab0-8563-6514c3376d21{ip: 192.168.164.250, host: pr-trunk-p5fv4-2201032288, networkLocation: /default-rack, certSerialId: null}. Reason : data array does not match the length specified. DataLen: 1024 Byte Array: 1181
2019-10-02 10:05:31,875 [EventQueue-PipelineActionsForPipelineActionHandler] INFO  pipeline.SCMPipelineManager (SCMPipelineManager.java:finalizeAndDestroyPipeline(315)) - destroying pipeline:Pipeline[ Id: 3c95dc4a-b39f-47ee-bd7d-570035410b71, Nodes: f543130f-443f-4ba5-9d6e-59ecbb0ec00a{ip: 192.168.164.250, host: pr-trunk-p5fv4-2201032288, networkLocation: /default-rack, certSerialId: null}5a36316c-6269-4ab0-8563-6514c3376d21{ip: 192.168.164.250, host: pr-trunk-p5fv4-2201032288, networkLocation: /default-rack, certSerialId: null}49e61346-ce49-4850-8dcd-6024868ef21c{ip: 192.168.164.250, host: pr-trunk-p5fv4-2201032288, networkLocation: /default-rack, certSerialId: null}, Type:RATIS, Factor:THREE, State:OPEN]
2019-10-02 10:05:31,876 [EventQueue-PipelineActionsForPipelineActionHandler] INFO  pipeline.PipelineStateManager (PipelineStateManager.java:finalizePipeline(123)) - Pipeline Pipeline[ Id: 3c95dc4a-b39f-47ee-bd7d-570035410b71, Nodes: f543130f-443f-4ba5-9d6e-59ecbb0ec00a{ip: 192.168.164.250, host: pr-trunk-p5fv4-2201032288, networkLocation: /default-rack, certSerialId: null}5a36316c-6269-4ab0-8563-6514c3376d21{ip: 192.168.164.250, host: pr-trunk-p5fv4-2201032288, networkLocation: /default-rack, certSerialId: null}49e61346-ce49-4850-8dcd-6024868ef21c{ip: 192.168.164.250, host: pr-trunk-p5fv4-2201032288, networkLocation: /default-rack, certSerialId: null}, Type:RATIS, Factor:THREE, State:CLOSED] moved to CLOSED state
2019-10-02 10:05:31,876 [EventQueue-PipelineActionsForPipelineActionHandler] ERROR pipeline.PipelineActionHandler (PipelineActionHandler.java:onMessage(60)) - Received pipeline action CLOSE for Pipeline[ Id: 3c95dc4a-b39f-47ee-bd7d-570035410b71, Nodes: f543130f-443f-4ba5-9d6e-59ecbb0ec00a{ip: 192.168.164.250, host: pr-trunk-p5fv4-2201032288, networkLocation: /default-rack, certSerialId: null}5a36316c-6269-4ab0-8563-6514c3376d21{ip: 192.168.164.250, host: pr-trunk-p5fv4-2201032288, networkLocation: /default-rack, certSerialId: null}49e61346-ce49-4850-8dcd-6024868ef21c{ip: 192.168.164.250, host: pr-trunk-p5fv4-2201032288, networkLocation: /default-rack, certSerialId: null}, Type:RATIS, Factor:THREE, State:CLOSED] from datanode 5a36316c-6269-4ab0-8563-6514c3376d21{ip: 192.168.164.250, host: pr-trunk-p5fv4-2201032288, networkLocation: /default-rack, certSerialId: null}. Reason : Log already failed at index 1 for task WriteLog:1: (t:1, i:1), STATEMACHINELOGENTRY, client-D722729C3DE8, cid=32
2019-10-02 10:05:31,877 [EventQueue-PipelineActionsForPipelineActionHandler] INFO  pipeline.SCMPipelineManager (SCMPipelineManager.java:finalizeAndDestroyPipeline(315)) - destroying pipeline:Pipeline[ Id: 3c95dc4a-b39f-47ee-bd7d-570035410b71, Nodes: f543130f-443f-4ba5-9d6e-59ecbb0ec00a{ip: 192.168.164.250, host: pr-trunk-p5fv4-2201032288, networkLocation: /default-rack, certSerialId: null}5a36316c-6269-4ab0-8563-6514c3376d21{ip: 192.168.164.250, host: pr-trunk-p5fv4-2201032288, networkLocation: /default-rack, certSerialId: null}49e61346-ce49-4850-8dcd-6024868ef21c{ip: 192.168.164.250, host: pr-trunk-p5fv4-2201032288, networkLocation: /default-rack, certSerialId: null}, Type:RATIS, Factor:THREE, State:CLOSED]
2019-10-02 10:05:34,756 [java.util.concurrent.ThreadPoolExecutor$Worker@3dd26a1b[State = -1, empty queue]] ERROR client.GrpcClientProtocolClient (GrpcClientProtocolClient.java:close(148)) - Unexpected exception while waiting for channel termination
java.lang.InterruptedException
	at java.util.concurrent.locks.AbstractQueuedSynchronizer.tryAcquireSharedNanos(AbstractQueuedSynchronizer.java:1326)
	at java.util.concurrent.CountDownLatch.await(CountDownLatch.java:277)
	at org.apache.ratis.thirdparty.io.grpc.internal.ManagedChannelImpl.awaitTermination(ManagedChannelImpl.java:763)
	at org.apache.ratis.thirdparty.io.grpc.internal.ForwardingManagedChannel.awaitTermination(ForwardingManagedChannel.java:57)
	at org.apache.ratis.thirdparty.io.grpc.internal.ManagedChannelOrphanWrapper.awaitTermination(ManagedChannelOrphanWrapper.java:70)
	at org.apache.ratis.grpc.client.GrpcClientProtocolClient.close(GrpcClientProtocolClient.java:146)
	at org.apache.ratis.util.PeerProxyMap$PeerAndProxy.lambda$close$1(PeerProxyMap.java:74)
	at org.apache.ratis.util.LifeCycle.lambda$checkStateAndClose$2(LifeCycle.java:231)
	at org.apache.ratis.util.LifeCycle.checkStateAndClose(LifeCycle.java:251)
	at org.apache.ratis.util.LifeCycle.checkStateAndClose(LifeCycle.java:229)
	at org.apache.ratis.util.PeerProxyMap$PeerAndProxy.close(PeerProxyMap.java:70)
	at org.apache.ratis.util.PeerProxyMap.resetProxy(PeerProxyMap.java:127)
	at org.apache.ratis.util.PeerProxyMap.handleException(PeerProxyMap.java:136)
	at org.apache.ratis.client.impl.RaftClientRpcWithProxy.handleException(RaftClientRpcWithProxy.java:47)
	at org.apache.ratis.client.impl.RaftClientImpl.handleIOException(RaftClientImpl.java:372)
	at org.apache.ratis.client.impl.OrderedAsync.lambda$sendRequest$10(OrderedAsync.java:236)
	at java.util.concurrent.CompletableFuture.uniExceptionally(CompletableFuture.java:870)
	at java.util.concurrent.CompletableFuture$UniExceptionally.tryFire(CompletableFuture.java:852)
	at java.util.concurrent.CompletableFuture.postComplete(CompletableFuture.java:474)
	at java.util.concurrent.CompletableFuture.completeExceptionally(CompletableFuture.java:1977)
	at org.apache.ratis.grpc.client.GrpcClientProtocolClient$AsyncStreamObservers.lambda$timeoutCheck$3(GrpcClientProtocolClient.java:324)
	at java.util.Optional.ifPresent(Optional.java:159)
	at org.apache.ratis.grpc.client.GrpcClientProtocolClient$AsyncStreamObservers.handleReplyFuture(GrpcClientProtocolClient.java:329)
	at org.apache.ratis.grpc.client.GrpcClientProtocolClient$AsyncStreamObservers.timeoutCheck(GrpcClientProtocolClient.java:324)
	at org.apache.ratis.grpc.client.GrpcClientProtocolClient$AsyncStreamObservers.lambda$onNext$1(GrpcClientProtocolClient.java:318)
	at org.apache.ratis.util.TimeoutScheduler.lambda$onTimeout$0(TimeoutScheduler.java:113)
	at org.apache.ratis.util.TimeoutScheduler.lambda$onTimeout$1(TimeoutScheduler.java:133)
	at org.apache.ratis.util.LogUtils.runAndLog(LogUtils.java:50)
	at org.apache.ratis.util.LogUtils$1.run(LogUtils.java:91)
	at java.util.concurrent.Executors$RunnableAdapter.call(Executors.java:511)
	at java.util.concurrent.FutureTask.run(FutureTask.java:266)
	at java.util.concurrent.ScheduledThreadPoolExecutor$ScheduledFutureTask.access$201(ScheduledThreadPoolExecutor.java:180)
	at java.util.concurrent.ScheduledThreadPoolExecutor$ScheduledFutureTask.run(ScheduledThreadPoolExecutor.java:293)
	at java.util.concurrent.ThreadPoolExecutor.runWorker(ThreadPoolExecutor.java:1149)
	at java.util.concurrent.ThreadPoolExecutor$Worker.run(ThreadPoolExecutor.java:624)
	at java.lang.Thread.run(Thread.java:748)
2019-10-02 10:05:34,759 [java.util.concurrent.ThreadPoolExecutor$Worker@3dd26a1b[State = -1, empty queue]] WARN  util.TimeoutScheduler (LogUtils.java:runAndLog(55)) - Failed to task #0: java.lang.NullPointerException
2019-10-02 10:05:38,821 [java.util.concurrent.ThreadPoolExecutor$Worker@59b32c08[State = -1, empty queue]] ERROR client.GrpcClientProtocolClient (GrpcClientProtocolClient.java:close(148)) - Unexpected exception while waiting for channel termination
java.lang.InterruptedException
	at java.util.concurrent.locks.AbstractQueuedSynchronizer.tryAcquireSharedNanos(AbstractQueuedSynchronizer.java:1326)
	at java.util.concurrent.CountDownLatch.await(CountDownLatch.java:277)
	at org.apache.ratis.thirdparty.io.grpc.internal.ManagedChannelImpl.awaitTermination(ManagedChannelImpl.java:763)
	at org.apache.ratis.thirdparty.io.grpc.internal.ForwardingManagedChannel.awaitTermination(ForwardingManagedChannel.java:57)
	at org.apache.ratis.thirdparty.io.grpc.internal.ManagedChannelOrphanWrapper.awaitTermination(ManagedChannelOrphanWrapper.java:70)
	at org.apache.ratis.grpc.client.GrpcClientProtocolClient.close(GrpcClientProtocolClient.java:146)
	at org.apache.ratis.util.PeerProxyMap$PeerAndProxy.lambda$close$1(PeerProxyMap.java:74)
	at org.apache.ratis.util.LifeCycle.lambda$checkStateAndClose$2(LifeCycle.java:231)
	at org.apache.ratis.util.LifeCycle.checkStateAndClose(LifeCycle.java:251)
	at org.apache.ratis.util.LifeCycle.checkStateAndClose(LifeCycle.java:229)
	at org.apache.ratis.util.PeerProxyMap$PeerAndProxy.close(PeerProxyMap.java:70)
	at org.apache.ratis.util.PeerProxyMap.resetProxy(PeerProxyMap.java:127)
	at org.apache.ratis.util.PeerProxyMap.handleException(PeerProxyMap.java:136)
	at org.apache.ratis.client.impl.RaftClientRpcWithProxy.handleException(RaftClientRpcWithProxy.java:47)
	at org.apache.ratis.client.impl.RaftClientImpl.handleIOException(RaftClientImpl.java:372)
	at org.apache.ratis.client.impl.OrderedAsync.lambda$sendRequest$10(OrderedAsync.java:236)
	at java.util.concurrent.CompletableFuture.uniExceptionally(CompletableFuture.java:870)
	at java.util.concurrent.CompletableFuture$UniExceptionally.tryFire(CompletableFuture.java:852)
	at java.util.concurrent.CompletableFuture.postComplete(CompletableFuture.java:474)
	at java.util.concurrent.CompletableFuture.completeExceptionally(CompletableFuture.java:1977)
	at org.apache.ratis.grpc.client.GrpcClientProtocolClient$AsyncStreamObservers.lambda$timeoutCheck$3(GrpcClientProtocolClient.java:324)
	at java.util.Optional.ifPresent(Optional.java:159)
	at org.apache.ratis.grpc.client.GrpcClientProtocolClient$AsyncStreamObservers.handleReplyFuture(GrpcClientProtocolClient.java:329)
	at org.apache.ratis.grpc.client.GrpcClientProtocolClient$AsyncStreamObservers.timeoutCheck(GrpcClientProtocolClient.java:324)
	at org.apache.ratis.grpc.client.GrpcClientProtocolClient$AsyncStreamObservers.lambda$onNext$1(GrpcClientProtocolClient.java:318)
	at org.apache.ratis.util.TimeoutScheduler.lambda$onTimeout$0(TimeoutScheduler.java:113)
	at org.apache.ratis.util.TimeoutScheduler.lambda$onTimeout$1(TimeoutScheduler.java:133)
	at org.apache.ratis.util.LogUtils.runAndLog(LogUtils.java:50)
	at org.apache.ratis.util.LogUtils$1.run(LogUtils.java:91)
	at java.util.concurrent.Executors$RunnableAdapter.call(Executors.java:511)
	at java.util.concurrent.FutureTask.run(FutureTask.java:266)
	at java.util.concurrent.ScheduledThreadPoolExecutor$ScheduledFutureTask.access$201(ScheduledThreadPoolExecutor.java:180)
	at java.util.concurrent.ScheduledThreadPoolExecutor$ScheduledFutureTask.run(ScheduledThreadPoolExecutor.java:293)
	at java.util.concurrent.ThreadPoolExecutor.runWorker(ThreadPoolExecutor.java:1149)
	at java.util.concurrent.ThreadPoolExecutor$Worker.run(ThreadPoolExecutor.java:624)
	at java.lang.Thread.run(Thread.java:748)
2019-10-02 10:05:38,825 [java.util.concurrent.ThreadPoolExecutor$Worker@59b32c08[State = -1, empty queue]] WARN  util.TimeoutScheduler (LogUtils.java:runAndLog(55)) - Failed to task #0: java.lang.NullPointerException
2019-10-02 10:05:42,861 [java.util.concurrent.ThreadPoolExecutor$Worker@62f61aa3[State = -1, empty queue]] ERROR client.GrpcClientProtocolClient (GrpcClientProtocolClient.java:close(148)) - Unexpected exception while waiting for channel termination
java.lang.InterruptedException
	at java.util.concurrent.locks.AbstractQueuedSynchronizer.tryAcquireSharedNanos(AbstractQueuedSynchronizer.java:1326)
	at java.util.concurrent.CountDownLatch.await(CountDownLatch.java:277)
	at org.apache.ratis.thirdparty.io.grpc.internal.ManagedChannelImpl.awaitTermination(ManagedChannelImpl.java:763)
	at org.apache.ratis.thirdparty.io.grpc.internal.ForwardingManagedChannel.awaitTermination(ForwardingManagedChannel.java:57)
	at org.apache.ratis.thirdparty.io.grpc.internal.ManagedChannelOrphanWrapper.awaitTermination(ManagedChannelOrphanWrapper.java:70)
	at org.apache.ratis.grpc.client.GrpcClientProtocolClient.close(GrpcClientProtocolClient.java:146)
	at org.apache.ratis.util.PeerProxyMap$PeerAndProxy.lambda$close$1(PeerProxyMap.java:74)
	at org.apache.ratis.util.LifeCycle.lambda$checkStateAndClose$2(LifeCycle.java:231)
	at org.apache.ratis.util.LifeCycle.checkStateAndClose(LifeCycle.java:251)
	at org.apache.ratis.util.LifeCycle.checkStateAndClose(LifeCycle.java:229)
	at org.apache.ratis.util.PeerProxyMap$PeerAndProxy.close(PeerProxyMap.java:70)
	at org.apache.ratis.util.PeerProxyMap.resetProxy(PeerProxyMap.java:127)
	at org.apache.ratis.util.PeerProxyMap.handleException(PeerProxyMap.java:136)
	at org.apache.ratis.client.impl.RaftClientRpcWithProxy.handleException(RaftClientRpcWithProxy.java:47)
	at org.apache.ratis.client.impl.RaftClientImpl.handleIOException(RaftClientImpl.java:372)
	at org.apache.ratis.client.impl.OrderedAsync.lambda$sendRequest$10(OrderedAsync.java:236)
	at java.util.concurrent.CompletableFuture.uniExceptionally(CompletableFuture.java:870)
	at java.util.concurrent.CompletableFuture$UniExceptionally.tryFire(CompletableFuture.java:852)
	at java.util.concurrent.CompletableFuture.postComplete(CompletableFuture.java:474)
	at java.util.concurrent.CompletableFuture.completeExceptionally(CompletableFuture.java:1977)
	at org.apache.ratis.grpc.client.GrpcClientProtocolClient$AsyncStreamObservers.lambda$timeoutCheck$3(GrpcClientProtocolClient.java:324)
	at java.util.Optional.ifPresent(Optional.java:159)
	at org.apache.ratis.grpc.client.GrpcClientProtocolClient$AsyncStreamObservers.handleReplyFuture(GrpcClientProtocolClient.java:329)
	at org.apache.ratis.grpc.client.GrpcClientProtocolClient$AsyncStreamObservers.timeoutCheck(GrpcClientProtocolClient.java:324)
	at org.apache.ratis.grpc.client.GrpcClientProtocolClient$AsyncStreamObservers.lambda$onNext$1(GrpcClientProtocolClient.java:318)
	at org.apache.ratis.util.TimeoutScheduler.lambda$onTimeout$0(TimeoutScheduler.java:113)
	at org.apache.ratis.util.TimeoutScheduler.lambda$onTimeout$1(TimeoutScheduler.java:133)
	at org.apache.ratis.util.LogUtils.runAndLog(LogUtils.java:50)
	at org.apache.ratis.util.LogUtils$1.run(LogUtils.java:91)
	at java.util.concurrent.Executors$RunnableAdapter.call(Executors.java:511)
	at java.util.concurrent.FutureTask.run(FutureTask.java:266)
	at java.util.concurrent.ScheduledThreadPoolExecutor$ScheduledFutureTask.access$201(ScheduledThreadPoolExecutor.java:180)
	at java.util.concurrent.ScheduledThreadPoolExecutor$ScheduledFutureTask.run(ScheduledThreadPoolExecutor.java:293)
	at java.util.concurrent.ThreadPoolExecutor.runWorker(ThreadPoolExecutor.java:1149)
	at java.util.concurrent.ThreadPoolExecutor$Worker.run(ThreadPoolExecutor.java:624)
	at java.lang.Thread.run(Thread.java:748)
2019-10-02 10:05:42,864 [java.util.concurrent.ThreadPoolExecutor$Worker@62f61aa3[State = -1, empty queue]] WARN  util.TimeoutScheduler (LogUtils.java:runAndLog(55)) - Failed to task #0: java.lang.NullPointerException
2019-10-02 10:05:46,908 [java.util.concurrent.ThreadPoolExecutor$Worker@3dfc85b4[State = -1, empty queue]] ERROR client.GrpcClientProtocolClient (GrpcClientProtocolClient.java:close(148)) - Unexpected exception while waiting for channel termination
java.lang.InterruptedException
	at java.util.concurrent.locks.AbstractQueuedSynchronizer.tryAcquireSharedNanos(AbstractQueuedSynchronizer.java:1326)
	at java.util.concurrent.CountDownLatch.await(CountDownLatch.java:277)
	at org.apache.ratis.thirdparty.io.grpc.internal.ManagedChannelImpl.awaitTermination(ManagedChannelImpl.java:763)
	at org.apache.ratis.thirdparty.io.grpc.internal.ForwardingManagedChannel.awaitTermination(ForwardingManagedChannel.java:57)
	at org.apache.ratis.thirdparty.io.grpc.internal.ManagedChannelOrphanWrapper.awaitTermination(ManagedChannelOrphanWrapper.java:70)
	at org.apache.ratis.grpc.client.GrpcClientProtocolClient.close(GrpcClientProtocolClient.java:146)
	at org.apache.ratis.util.PeerProxyMap$PeerAndProxy.lambda$close$1(PeerProxyMap.java:74)
	at org.apache.ratis.util.LifeCycle.lambda$checkStateAndClose$2(LifeCycle.java:231)
	at org.apache.ratis.util.LifeCycle.checkStateAndClose(LifeCycle.java:251)
	at org.apache.ratis.util.LifeCycle.checkStateAndClose(LifeCycle.java:229)
	at org.apache.ratis.util.PeerProxyMap$PeerAndProxy.close(PeerProxyMap.java:70)
	at org.apache.ratis.util.PeerProxyMap.resetProxy(PeerProxyMap.java:127)
	at org.apache.ratis.util.PeerProxyMap.handleException(PeerProxyMap.java:136)
	at org.apache.ratis.client.impl.RaftClientRpcWithProxy.handleException(RaftClientRpcWithProxy.java:47)
	at org.apache.ratis.client.impl.RaftClientImpl.handleIOException(RaftClientImpl.java:372)
	at org.apache.ratis.client.impl.OrderedAsync.lambda$sendRequest$10(OrderedAsync.java:236)
	at java.util.concurrent.CompletableFuture.uniExceptionally(CompletableFuture.java:870)
	at java.util.concurrent.CompletableFuture$UniExceptionally.tryFire(CompletableFuture.java:852)
	at java.util.concurrent.CompletableFuture.postComplete(CompletableFuture.java:474)
	at java.util.concurrent.CompletableFuture.completeExceptionally(CompletableFuture.java:1977)
	at org.apache.ratis.grpc.client.GrpcClientProtocolClient$AsyncStreamObservers.lambda$timeoutCheck$3(GrpcClientProtocolClient.java:324)
	at java.util.Optional.ifPresent(Optional.java:159)
	at org.apache.ratis.grpc.client.GrpcClientProtocolClient$AsyncStreamObservers.handleReplyFuture(GrpcClientProtocolClient.java:329)
	at org.apache.ratis.grpc.client.GrpcClientProtocolClient$AsyncStreamObservers.timeoutCheck(GrpcClientProtocolClient.java:324)
	at org.apache.ratis.grpc.client.GrpcClientProtocolClient$AsyncStreamObservers.lambda$onNext$1(GrpcClientProtocolClient.java:318)
	at org.apache.ratis.util.TimeoutScheduler.lambda$onTimeout$0(TimeoutScheduler.java:113)
	at org.apache.ratis.util.TimeoutScheduler.lambda$onTimeout$1(TimeoutScheduler.java:133)
	at org.apache.ratis.util.LogUtils.runAndLog(LogUtils.java:50)
	at org.apache.ratis.util.LogUtils$1.run(LogUtils.java:91)
	at java.util.concurrent.Executors$RunnableAdapter.call(Executors.java:511)
	at java.util.concurrent.FutureTask.run(FutureTask.java:266)
	at java.util.concurrent.ScheduledThreadPoolExecutor$ScheduledFutureTask.access$201(ScheduledThreadPoolExecutor.java:180)
	at java.util.concurrent.ScheduledThreadPoolExecutor$ScheduledFutureTask.run(ScheduledThreadPoolExecutor.java:293)
	at java.util.concurrent.ThreadPoolExecutor.runWorker(ThreadPoolExecutor.java:1149)
	at java.util.concurrent.ThreadPoolExecutor$Worker.run(ThreadPoolExecutor.java:624)
	at java.lang.Thread.run(Thread.java:748)
2019-10-02 10:05:46,915 [java.util.concurrent.ThreadPoolExecutor$Worker@3dfc85b4[State = -1, empty queue]] WARN  util.TimeoutScheduler (LogUtils.java:runAndLog(55)) - Failed to task #0: java.lang.NullPointerException
2019-10-02 10:05:50,943 [java.util.concurrent.ThreadPoolExecutor$Worker@cc6d34a[State = -1, empty queue]] ERROR client.GrpcClientProtocolClient (GrpcClientProtocolClient.java:close(148)) - Unexpected exception while waiting for channel termination
java.lang.InterruptedException
	at java.util.concurrent.locks.AbstractQueuedSynchronizer.tryAcquireSharedNanos(AbstractQueuedSynchronizer.java:1326)
	at java.util.concurrent.CountDownLatch.await(CountDownLatch.java:277)
	at org.apache.ratis.thirdparty.io.grpc.internal.ManagedChannelImpl.awaitTermination(ManagedChannelImpl.java:763)
	at org.apache.ratis.thirdparty.io.grpc.internal.ForwardingManagedChannel.awaitTermination(ForwardingManagedChannel.java:57)
	at org.apache.ratis.thirdparty.io.grpc.internal.ManagedChannelOrphanWrapper.awaitTermination(ManagedChannelOrphanWrapper.java:70)
	at org.apache.ratis.grpc.client.GrpcClientProtocolClient.close(GrpcClientProtocolClient.java:146)
	at org.apache.ratis.util.PeerProxyMap$PeerAndProxy.lambda$close$1(PeerProxyMap.java:74)
	at org.apache.ratis.util.LifeCycle.lambda$checkStateAndClose$2(LifeCycle.java:231)
	at org.apache.ratis.util.LifeCycle.checkStateAndClose(LifeCycle.java:251)
	at org.apache.ratis.util.LifeCycle.checkStateAndClose(LifeCycle.java:229)
	at org.apache.ratis.util.PeerProxyMap$PeerAndProxy.close(PeerProxyMap.java:70)
	at org.apache.ratis.util.PeerProxyMap.resetProxy(PeerProxyMap.java:127)
	at org.apache.ratis.util.PeerProxyMap.handleException(PeerProxyMap.java:136)
	at org.apache.ratis.client.impl.RaftClientRpcWithProxy.handleException(RaftClientRpcWithProxy.java:47)
	at org.apache.ratis.client.impl.RaftClientImpl.handleIOException(RaftClientImpl.java:372)
	at org.apache.ratis.client.impl.OrderedAsync.lambda$sendRequest$10(OrderedAsync.java:236)
	at java.util.concurrent.CompletableFuture.uniExceptionally(CompletableFuture.java:870)
	at java.util.concurrent.CompletableFuture$UniExceptionally.tryFire(CompletableFuture.java:852)
	at java.util.concurrent.CompletableFuture.postComplete(CompletableFuture.java:474)
	at java.util.concurrent.CompletableFuture.completeExceptionally(CompletableFuture.java:1977)
	at org.apache.ratis.grpc.client.GrpcClientProtocolClient$AsyncStreamObservers.lambda$timeoutCheck$3(GrpcClientProtocolClient.java:324)
	at java.util.Optional.ifPresent(Optional.java:159)
	at org.apache.ratis.grpc.client.GrpcClientProtocolClient$AsyncStreamObservers.handleReplyFuture(GrpcClientProtocolClient.java:329)
	at org.apache.ratis.grpc.client.GrpcClientProtocolClient$AsyncStreamObservers.timeoutCheck(GrpcClientProtocolClient.java:324)
	at org.apache.ratis.grpc.client.GrpcClientProtocolClient$AsyncStreamObservers.lambda$onNext$1(GrpcClientProtocolClient.java:318)
	at org.apache.ratis.util.TimeoutScheduler.lambda$onTimeout$0(TimeoutScheduler.java:113)
	at org.apache.ratis.util.TimeoutScheduler.lambda$onTimeout$1(TimeoutScheduler.java:133)
	at org.apache.ratis.util.LogUtils.runAndLog(LogUtils.java:50)
	at org.apache.ratis.util.LogUtils$1.run(LogUtils.java:91)
	at java.util.concurrent.Executors$RunnableAdapter.call(Executors.java:511)
	at java.util.concurrent.FutureTask.run(FutureTask.java:266)
	at java.util.concurrent.ScheduledThreadPoolExecutor$ScheduledFutureTask.access$201(ScheduledThreadPoolExecutor.java:180)
	at java.util.concurrent.ScheduledThreadPoolExecutor$ScheduledFutureTask.run(ScheduledThreadPoolExecutor.java:293)
	at java.util.concurrent.ThreadPoolExecutor.runWorker(ThreadPoolExecutor.java:1149)
	at java.util.concurrent.ThreadPoolExecutor$Worker.run(ThreadPoolExecutor.java:624)
	at java.lang.Thread.run(Thread.java:748)
2019-10-02 10:05:50,944 [java.util.concurrent.ThreadPoolExecutor$Worker@cc6d34a[State = -1, empty queue]] WARN  util.TimeoutScheduler (LogUtils.java:runAndLog(55)) - Failed to task #0: java.lang.NullPointerException
2019-10-02 10:05:54,965 [java.util.concurrent.ThreadPoolExecutor$Worker@5b652a98[State = -1, empty queue]] ERROR client.GrpcClientProtocolClient (GrpcClientProtocolClient.java:close(148)) - Unexpected exception while waiting for channel termination
java.lang.InterruptedException
	at java.util.concurrent.locks.AbstractQueuedSynchronizer.tryAcquireSharedNanos(AbstractQueuedSynchronizer.java:1326)
	at java.util.concurrent.CountDownLatch.await(CountDownLatch.java:277)
	at org.apache.ratis.thirdparty.io.grpc.internal.ManagedChannelImpl.awaitTermination(ManagedChannelImpl.java:763)
	at org.apache.ratis.thirdparty.io.grpc.internal.ForwardingManagedChannel.awaitTermination(ForwardingManagedChannel.java:57)
	at org.apache.ratis.thirdparty.io.grpc.internal.ManagedChannelOrphanWrapper.awaitTermination(ManagedChannelOrphanWrapper.java:70)
	at org.apache.ratis.grpc.client.GrpcClientProtocolClient.close(GrpcClientProtocolClient.java:146)
	at org.apache.ratis.util.PeerProxyMap$PeerAndProxy.lambda$close$1(PeerProxyMap.java:74)
	at org.apache.ratis.util.LifeCycle.lambda$checkStateAndClose$2(LifeCycle.java:231)
	at org.apache.ratis.util.LifeCycle.checkStateAndClose(LifeCycle.java:251)
	at org.apache.ratis.util.LifeCycle.checkStateAndClose(LifeCycle.java:229)
	at org.apache.ratis.util.PeerProxyMap$PeerAndProxy.close(PeerProxyMap.java:70)
	at org.apache.ratis.util.PeerProxyMap.resetProxy(PeerProxyMap.java:127)
	at org.apache.ratis.util.PeerProxyMap.handleException(PeerProxyMap.java:136)
	at org.apache.ratis.client.impl.RaftClientRpcWithProxy.handleException(RaftClientRpcWithProxy.java:47)
	at org.apache.ratis.client.impl.RaftClientImpl.handleIOException(RaftClientImpl.java:372)
	at org.apache.ratis.client.impl.OrderedAsync.lambda$sendRequest$10(OrderedAsync.java:236)
	at java.util.concurrent.CompletableFuture.uniExceptionally(CompletableFuture.java:870)
	at java.util.concurrent.CompletableFuture$UniExceptionally.tryFire(CompletableFuture.java:852)
	at java.util.concurrent.CompletableFuture.postComplete(CompletableFuture.java:474)
	at java.util.concurrent.CompletableFuture.completeExceptionally(CompletableFuture.java:1977)
	at org.apache.ratis.grpc.client.GrpcClientProtocolClient$AsyncStreamObservers.lambda$timeoutCheck$3(GrpcClientProtocolClient.java:324)
	at java.util.Optional.ifPresent(Optional.java:159)
	at org.apache.ratis.grpc.client.GrpcClientProtocolClient$AsyncStreamObservers.handleReplyFuture(GrpcClientProtocolClient.java:329)
	at org.apache.ratis.grpc.client.GrpcClientProtocolClient$AsyncStreamObservers.timeoutCheck(GrpcClientProtocolClient.java:324)
	at org.apache.ratis.grpc.client.GrpcClientProtocolClient$AsyncStreamObservers.lambda$onNext$1(GrpcClientProtocolClient.java:318)
	at org.apache.ratis.util.TimeoutScheduler.lambda$onTimeout$0(TimeoutScheduler.java:113)
	at org.apache.ratis.util.TimeoutScheduler.lambda$onTimeout$1(TimeoutScheduler.java:133)
	at org.apache.ratis.util.LogUtils.runAndLog(LogUtils.java:50)
	at org.apache.ratis.util.LogUtils$1.run(LogUtils.java:91)
	at java.util.concurrent.Executors$RunnableAdapter.call(Executors.java:511)
	at java.util.concurrent.FutureTask.run(FutureTask.java:266)
	at java.util.concurrent.ScheduledThreadPoolExecutor$ScheduledFutureTask.access$201(ScheduledThreadPoolExecutor.java:180)
	at java.util.concurrent.ScheduledThreadPoolExecutor$ScheduledFutureTask.run(ScheduledThreadPoolExecutor.java:293)
	at java.util.concurrent.ThreadPoolExecutor.runWorker(ThreadPoolExecutor.java:1149)
	at java.util.concurrent.ThreadPoolExecutor$Worker.run(ThreadPoolExecutor.java:624)
	at java.lang.Thread.run(Thread.java:748)
2019-10-02 10:05:54,967 [java.util.concurrent.ThreadPoolExecutor$Worker@5b652a98[State = -1, empty queue]] WARN  util.TimeoutScheduler (LogUtils.java:runAndLog(55)) - Failed to task #0: java.lang.NullPointerException
2019-10-02 10:05:58,997 [java.util.concurrent.ThreadPoolExecutor$Worker@75258c3[State = -1, empty queue]] ERROR client.GrpcClientProtocolClient (GrpcClientProtocolClient.java:close(148)) - Unexpected exception while waiting for channel termination
java.lang.InterruptedException
	at java.util.concurrent.locks.AbstractQueuedSynchronizer.tryAcquireSharedNanos(AbstractQueuedSynchronizer.java:1326)
	at java.util.concurrent.CountDownLatch.await(CountDownLatch.java:277)
	at org.apache.ratis.thirdparty.io.grpc.internal.ManagedChannelImpl.awaitTermination(ManagedChannelImpl.java:763)
	at org.apache.ratis.thirdparty.io.grpc.internal.ForwardingManagedChannel.awaitTermination(ForwardingManagedChannel.java:57)
	at org.apache.ratis.thirdparty.io.grpc.internal.ManagedChannelOrphanWrapper.awaitTermination(ManagedChannelOrphanWrapper.java:70)
	at org.apache.ratis.grpc.client.GrpcClientProtocolClient.close(GrpcClientProtocolClient.java:146)
	at org.apache.ratis.util.PeerProxyMap$PeerAndProxy.lambda$close$1(PeerProxyMap.java:74)
	at org.apache.ratis.util.LifeCycle.lambda$checkStateAndClose$2(LifeCycle.java:231)
	at org.apache.ratis.util.LifeCycle.checkStateAndClose(LifeCycle.java:251)
	at org.apache.ratis.util.LifeCycle.checkStateAndClose(LifeCycle.java:229)
	at org.apache.ratis.util.PeerProxyMap$PeerAndProxy.close(PeerProxyMap.java:70)
	at org.apache.ratis.util.PeerProxyMap.resetProxy(PeerProxyMap.java:127)
	at org.apache.ratis.util.PeerProxyMap.handleException(PeerProxyMap.java:136)
	at org.apache.ratis.client.impl.RaftClientRpcWithProxy.handleException(RaftClientRpcWithProxy.java:47)
	at org.apache.ratis.client.impl.RaftClientImpl.handleIOException(RaftClientImpl.java:372)
	at org.apache.ratis.client.impl.OrderedAsync.lambda$sendRequest$10(OrderedAsync.java:236)
	at java.util.concurrent.CompletableFuture.uniExceptionally(CompletableFuture.java:870)
	at java.util.concurrent.CompletableFuture$UniExceptionally.tryFire(CompletableFuture.java:852)
	at java.util.concurrent.CompletableFuture.postComplete(CompletableFuture.java:474)
	at java.util.concurrent.CompletableFuture.completeExceptionally(CompletableFuture.java:1977)
	at org.apache.ratis.grpc.client.GrpcClientProtocolClient$AsyncStreamObservers.lambda$timeoutCheck$3(GrpcClientProtocolClient.java:324)
	at java.util.Optional.ifPresent(Optional.java:159)
	at org.apache.ratis.grpc.client.GrpcClientProtocolClient$AsyncStreamObservers.handleReplyFuture(GrpcClientProtocolClient.java:329)
	at org.apache.ratis.grpc.client.GrpcClientProtocolClient$AsyncStreamObservers.timeoutCheck(GrpcClientProtocolClient.java:324)
	at org.apache.ratis.grpc.client.GrpcClientProtocolClient$AsyncStreamObservers.lambda$onNext$1(GrpcClientProtocolClient.java:318)
	at org.apache.ratis.util.TimeoutScheduler.lambda$onTimeout$0(TimeoutScheduler.java:113)
	at org.apache.ratis.util.TimeoutScheduler.lambda$onTimeout$1(TimeoutScheduler.java:133)
	at org.apache.ratis.util.LogUtils.runAndLog(LogUtils.java:50)
	at org.apache.ratis.util.LogUtils$1.run(LogUtils.java:91)
	at java.util.concurrent.Executors$RunnableAdapter.call(Executors.java:511)
	at java.util.concurrent.FutureTask.run(FutureTask.java:266)
	at java.util.concurrent.ScheduledThreadPoolExecutor$ScheduledFutureTask.access$201(ScheduledThreadPoolExecutor.java:180)
	at java.util.concurrent.ScheduledThreadPoolExecutor$ScheduledFutureTask.run(ScheduledThreadPoolExecutor.java:293)
	at java.util.concurrent.ThreadPoolExecutor.runWorker(ThreadPoolExecutor.java:1149)
	at java.util.concurrent.ThreadPoolExecutor$Worker.run(ThreadPoolExecutor.java:624)
	at java.lang.Thread.run(Thread.java:748)
2019-10-02 10:05:58,999 [java.util.concurrent.ThreadPoolExecutor$Worker@75258c3[State = -1, empty queue]] WARN  util.TimeoutScheduler (LogUtils.java:runAndLog(55)) - Failed to task #0: java.lang.NullPointerException
2019-10-02 10:06:03,029 [java.util.concurrent.ThreadPoolExecutor$Worker@a2701c6[State = -1, empty queue]] ERROR client.GrpcClientProtocolClient (GrpcClientProtocolClient.java:close(148)) - Unexpected exception while waiting for channel termination
java.lang.InterruptedException
	at java.util.concurrent.locks.AbstractQueuedSynchronizer.tryAcquireSharedNanos(AbstractQueuedSynchronizer.java:1326)
	at java.util.concurrent.CountDownLatch.await(CountDownLatch.java:277)
	at org.apache.ratis.thirdparty.io.grpc.internal.ManagedChannelImpl.awaitTermination(ManagedChannelImpl.java:763)
	at org.apache.ratis.thirdparty.io.grpc.internal.ForwardingManagedChannel.awaitTermination(ForwardingManagedChannel.java:57)
	at org.apache.ratis.thirdparty.io.grpc.internal.ManagedChannelOrphanWrapper.awaitTermination(ManagedChannelOrphanWrapper.java:70)
	at org.apache.ratis.grpc.client.GrpcClientProtocolClient.close(GrpcClientProtocolClient.java:146)
	at org.apache.ratis.util.PeerProxyMap$PeerAndProxy.lambda$close$1(PeerProxyMap.java:74)
	at org.apache.ratis.util.LifeCycle.lambda$checkStateAndClose$2(LifeCycle.java:231)
	at org.apache.ratis.util.LifeCycle.checkStateAndClose(LifeCycle.java:251)
	at org.apache.ratis.util.LifeCycle.checkStateAndClose(LifeCycle.java:229)
	at org.apache.ratis.util.PeerProxyMap$PeerAndProxy.close(PeerProxyMap.java:70)
	at org.apache.ratis.util.PeerProxyMap.resetProxy(PeerProxyMap.java:127)
	at org.apache.ratis.util.PeerProxyMap.handleException(PeerProxyMap.java:136)
	at org.apache.ratis.client.impl.RaftClientRpcWithProxy.handleException(RaftClientRpcWithProxy.java:47)
	at org.apache.ratis.client.impl.RaftClientImpl.handleIOException(RaftClientImpl.java:372)
	at org.apache.ratis.client.impl.OrderedAsync.lambda$sendRequest$10(OrderedAsync.java:236)
	at java.util.concurrent.CompletableFuture.uniExceptionally(CompletableFuture.java:870)
	at java.util.concurrent.CompletableFuture$UniExceptionally.tryFire(CompletableFuture.java:852)
	at java.util.concurrent.CompletableFuture.postComplete(CompletableFuture.java:474)
	at java.util.concurrent.CompletableFuture.completeExceptionally(CompletableFuture.java:1977)
	at org.apache.ratis.grpc.client.GrpcClientProtocolClient$AsyncStreamObservers.lambda$timeoutCheck$3(GrpcClientProtocolClient.java:324)
	at java.util.Optional.ifPresent(Optional.java:159)
	at org.apache.ratis.grpc.client.GrpcClientProtocolClient$AsyncStreamObservers.handleReplyFuture(GrpcClientProtocolClient.java:329)
	at org.apache.ratis.grpc.client.GrpcClientProtocolClient$AsyncStreamObservers.timeoutCheck(GrpcClientProtocolClient.java:324)
	at org.apache.ratis.grpc.client.GrpcClientProtocolClient$AsyncStreamObservers.lambda$onNext$1(GrpcClientProtocolClient.java:318)
	at org.apache.ratis.util.TimeoutScheduler.lambda$onTimeout$0(TimeoutScheduler.java:113)
	at org.apache.ratis.util.TimeoutScheduler.lambda$onTimeout$1(TimeoutScheduler.java:133)
	at org.apache.ratis.util.LogUtils.runAndLog(LogUtils.java:50)
	at org.apache.ratis.util.LogUtils$1.run(LogUtils.java:91)
	at java.util.concurrent.Executors$RunnableAdapter.call(Executors.java:511)
	at java.util.concurrent.FutureTask.run(FutureTask.java:266)
	at java.util.concurrent.ScheduledThreadPoolExecutor$ScheduledFutureTask.access$201(ScheduledThreadPoolExecutor.java:180)
	at java.util.concurrent.ScheduledThreadPoolExecutor$ScheduledFutureTask.run(ScheduledThreadPoolExecutor.java:293)
	at java.util.concurrent.ThreadPoolExecutor.runWorker(ThreadPoolExecutor.java:1149)
	at java.util.concurrent.ThreadPoolExecutor$Worker.run(ThreadPoolExecutor.java:624)
	at java.lang.Thread.run(Thread.java:748)
2019-10-02 10:06:03,031 [java.util.concurrent.ThreadPoolExecutor$Worker@a2701c6[State = -1, empty queue]] WARN  util.TimeoutScheduler (LogUtils.java:runAndLog(55)) - Failed to task #0: java.lang.NullPointerException
]]></system-out>
    <system-err><![CDATA[Oct 02, 2019 10:05:30 AM org.apache.ratis.thirdparty.io.grpc.netty.NettyServerHandler onStreamError
WARNING: Stream Error
org.apache.ratis.thirdparty.io.netty.handler.codec.http2.Http2Exception$StreamException: Received DATA frame for an unknown stream 3
	at org.apache.ratis.thirdparty.io.netty.handler.codec.http2.Http2Exception.streamError(Http2Exception.java:129)
	at org.apache.ratis.thirdparty.io.netty.handler.codec.http2.DefaultHttp2ConnectionDecoder$FrameReadListener.shouldIgnoreHeadersOrDataFrame(DefaultHttp2ConnectionDecoder.java:531)
	at org.apache.ratis.thirdparty.io.netty.handler.codec.http2.DefaultHttp2ConnectionDecoder$FrameReadListener.onDataRead(DefaultHttp2ConnectionDecoder.java:183)
	at org.apache.ratis.thirdparty.io.netty.handler.codec.http2.Http2InboundFrameLogger$1.onDataRead(Http2InboundFrameLogger.java:48)
	at org.apache.ratis.thirdparty.io.netty.handler.codec.http2.DefaultHttp2FrameReader.readDataFrame(DefaultHttp2FrameReader.java:421)
	at org.apache.ratis.thirdparty.io.netty.handler.codec.http2.DefaultHttp2FrameReader.processPayloadState(DefaultHttp2FrameReader.java:251)
	at org.apache.ratis.thirdparty.io.netty.handler.codec.http2.DefaultHttp2FrameReader.readFrame(DefaultHttp2FrameReader.java:160)
	at org.apache.ratis.thirdparty.io.netty.handler.codec.http2.Http2InboundFrameLogger.readFrame(Http2InboundFrameLogger.java:41)
	at org.apache.ratis.thirdparty.io.netty.handler.codec.http2.DefaultHttp2ConnectionDecoder.decodeFrame(DefaultHttp2ConnectionDecoder.java:118)
	at org.apache.ratis.thirdparty.io.netty.handler.codec.http2.Http2ConnectionHandler$FrameDecoder.decode(Http2ConnectionHandler.java:390)
	at org.apache.ratis.thirdparty.io.netty.handler.codec.http2.Http2ConnectionHandler.decode(Http2ConnectionHandler.java:450)
	at org.apache.ratis.thirdparty.io.netty.handler.codec.ByteToMessageDecoder.decodeRemovalReentryProtection(ByteToMessageDecoder.java:502)
	at org.apache.ratis.thirdparty.io.netty.handler.codec.ByteToMessageDecoder.callDecode(ByteToMessageDecoder.java:441)
	at org.apache.ratis.thirdparty.io.netty.handler.codec.ByteToMessageDecoder.channelRead(ByteToMessageDecoder.java:278)
	at org.apache.ratis.thirdparty.io.netty.channel.AbstractChannelHandlerContext.invokeChannelRead(AbstractChannelHandlerContext.java:362)
	at org.apache.ratis.thirdparty.io.netty.channel.AbstractChannelHandlerContext.invokeChannelRead(AbstractChannelHandlerContext.java:348)
	at org.apache.ratis.thirdparty.io.netty.channel.AbstractChannelHandlerContext.fireChannelRead(AbstractChannelHandlerContext.java:340)
	at org.apache.ratis.thirdparty.io.netty.channel.DefaultChannelPipeline$HeadContext.channelRead(DefaultChannelPipeline.java:1434)
	at org.apache.ratis.thirdparty.io.netty.channel.AbstractChannelHandlerContext.invokeChannelRead(AbstractChannelHandlerContext.java:362)
	at org.apache.ratis.thirdparty.io.netty.channel.AbstractChannelHandlerContext.invokeChannelRead(AbstractChannelHandlerContext.java:348)
	at org.apache.ratis.thirdparty.io.netty.channel.DefaultChannelPipeline.fireChannelRead(DefaultChannelPipeline.java:965)
	at org.apache.ratis.thirdparty.io.netty.channel.nio.AbstractNioByteChannel$NioByteUnsafe.read(AbstractNioByteChannel.java:163)
	at org.apache.ratis.thirdparty.io.netty.channel.nio.NioEventLoop.processSelectedKey(NioEventLoop.java:644)
	at org.apache.ratis.thirdparty.io.netty.channel.nio.NioEventLoop.processSelectedKeysOptimized(NioEventLoop.java:579)
	at org.apache.ratis.thirdparty.io.netty.channel.nio.NioEventLoop.processSelectedKeys(NioEventLoop.java:496)
	at org.apache.ratis.thirdparty.io.netty.channel.nio.NioEventLoop.run(NioEventLoop.java:458)
	at org.apache.ratis.thirdparty.io.netty.util.concurrent.SingleThreadEventExecutor$5.run(SingleThreadEventExecutor.java:897)
	at org.apache.ratis.thirdparty.io.netty.util.concurrent.FastThreadLocalRunnable.run(FastThreadLocalRunnable.java:30)
	at java.lang.Thread.run(Thread.java:748)

]]></system-err>
  </testcase>
  <testcase name="testSequentialRead" classname="org.apache.hadoop.fs.ozone.contract.ITestOzoneContractOpen" time="180.005">
    <error message="test timed out after 180000 milliseconds" type="java.lang.Exception">java.lang.Exception: test timed out after 180000 milliseconds
	at sun.misc.Unsafe.park(Native Method)
	at java.util.concurrent.locks.LockSupport.park(LockSupport.java:175)
	at java.util.concurrent.CompletableFuture$Signaller.block(CompletableFuture.java:1693)
	at java.util.concurrent.ForkJoinPool.managedBlock(ForkJoinPool.java:3323)
	at java.util.concurrent.CompletableFuture.waitingGet(CompletableFuture.java:1729)
	at java.util.concurrent.CompletableFuture.get(CompletableFuture.java:1895)
	at org.apache.hadoop.hdds.scm.storage.BlockOutputStream.waitOnFlushFutures(BlockOutputStream.java:515)
	at org.apache.hadoop.hdds.scm.storage.BlockOutputStream.handleFlush(BlockOutputStream.java:478)
	at org.apache.hadoop.hdds.scm.storage.BlockOutputStream.close(BlockOutputStream.java:493)
	at org.apache.hadoop.ozone.client.io.BlockOutputStreamEntry.close(BlockOutputStreamEntry.java:143)
	at org.apache.hadoop.ozone.client.io.KeyOutputStream.handleFlushOrClose(KeyOutputStream.java:435)
	at org.apache.hadoop.ozone.client.io.KeyOutputStream.close(KeyOutputStream.java:473)
	at org.apache.hadoop.fs.ozone.OzoneFSOutputStream.close(OzoneFSOutputStream.java:56)
	at org.apache.hadoop.fs.FSDataOutputStream$PositionCache.close(FSDataOutputStream.java:72)
	at org.apache.hadoop.fs.FSDataOutputStream.close(FSDataOutputStream.java:101)
	at org.apache.hadoop.fs.contract.ContractTestUtils.createFile(ContractTestUtils.java:638)
	at org.apache.hadoop.fs.contract.AbstractContractOpenTest.testSequentialRead(AbstractContractOpenTest.java:153)
	at sun.reflect.NativeMethodAccessorImpl.invoke0(Native Method)
	at sun.reflect.NativeMethodAccessorImpl.invoke(NativeMethodAccessorImpl.java:62)
	at sun.reflect.DelegatingMethodAccessorImpl.invoke(DelegatingMethodAccessorImpl.java:43)
	at java.lang.reflect.Method.invoke(Method.java:498)
	at org.junit.runners.model.FrameworkMethod$1.runReflectiveCall(FrameworkMethod.java:47)
	at org.junit.internal.runners.model.ReflectiveCallable.run(ReflectiveCallable.java:12)
	at org.junit.runners.model.FrameworkMethod.invokeExplosively(FrameworkMethod.java:44)
	at org.junit.internal.runners.statements.InvokeMethod.evaluate(InvokeMethod.java:17)
	at org.junit.internal.runners.statements.RunBefores.evaluate(RunBefores.java:26)
	at org.junit.internal.runners.statements.RunAfters.evaluate(RunAfters.java:27)
	at org.junit.rules.TestWatcher$1.evaluate(TestWatcher.java:55)
	at org.junit.internal.runners.statements.FailOnTimeout$StatementThread.run(FailOnTimeout.java:74)
</error>
    <system-out><![CDATA[2019-10-02 10:06:05,543 [Thread-681] INFO  rpc.RpcClient (RpcClient.java:createVolume(276)) - Creating Volume: volume46226, with user52993 as owner.
2019-10-02 10:06:05,545 [IPC Server handler 1 on 38903] INFO  volume.OMVolumeCreateRequest (OMVolumeCreateRequest.java:validateAndUpdateCache(194)) - created volume:volume46226 for user:user52993
2019-10-02 10:06:05,547 [Thread-681] INFO  rpc.RpcClient (RpcClient.java:createBucket(415)) - Creating Bucket: volume46226/bucket07349, with Versioning false and Storage Type set to DISK and Encryption set to false 
2019-10-02 10:06:05,614 [Thread-681] INFO  contract.AbstractFSContractTestBase (AbstractFSContractTestBase.java:setup(184)) - Test filesystem = o3fs://bucket07349.volume46226 implemented by OzoneFileSystem{URI=o3fs://bucket07349.volume46226, workingDir=o3fs://bucket07349.volume46226/user/jenkins1000, userName=jenkins1000, statistics=0 bytes read, 1024 bytes written, 13 read ops, 0 large read ops, 9 write ops}
2019-10-02 10:06:05,617 [Thread-681] INFO  contract.AbstractFSContractTestBase (AbstractFSContractTestBase.java:describe(255)) - verify that sequential read() operations return values
2019-10-02 10:06:05,637 [grpc-default-executor-6] INFO  impl.RaftServerProxy (RaftServerProxy.java:addNew(89)) - f543130f-443f-4ba5-9d6e-59ecbb0ec00a: addNew group-1F62FD6818B9:[f543130f-443f-4ba5-9d6e-59ecbb0ec00a:192.168.164.250:36191, 5a36316c-6269-4ab0-8563-6514c3376d21:192.168.164.250:32906, 49e61346-ce49-4850-8dcd-6024868ef21c:192.168.164.250:43655] returns group-1F62FD6818B9:java.util.concurrent.CompletableFuture@3a177f53[Not completed]
2019-10-02 10:06:05,637 [grpc-default-executor-3] INFO  impl.RaftServerProxy (RaftServerProxy.java:addNew(89)) - 5a36316c-6269-4ab0-8563-6514c3376d21: addNew group-1F62FD6818B9:[f543130f-443f-4ba5-9d6e-59ecbb0ec00a:192.168.164.250:36191, 5a36316c-6269-4ab0-8563-6514c3376d21:192.168.164.250:32906, 49e61346-ce49-4850-8dcd-6024868ef21c:192.168.164.250:43655] returns group-1F62FD6818B9:java.util.concurrent.CompletableFuture@1be21d9b[Not completed]
2019-10-02 10:06:05,638 [grpc-default-executor-3] INFO  impl.RaftServerProxy (RaftServerProxy.java:addNew(89)) - 49e61346-ce49-4850-8dcd-6024868ef21c: addNew group-1F62FD6818B9:[f543130f-443f-4ba5-9d6e-59ecbb0ec00a:192.168.164.250:36191, 5a36316c-6269-4ab0-8563-6514c3376d21:192.168.164.250:32906, 49e61346-ce49-4850-8dcd-6024868ef21c:192.168.164.250:43655] returns group-1F62FD6818B9:java.util.concurrent.CompletableFuture@3c958723[Not completed]
2019-10-02 10:06:05,639 [pool-57-thread-1] INFO  impl.RaftServerImpl (RaftServerImpl.java:<init>(95)) - f543130f-443f-4ba5-9d6e-59ecbb0ec00a: new RaftServerImpl for group-1F62FD6818B9:[f543130f-443f-4ba5-9d6e-59ecbb0ec00a:192.168.164.250:36191, 5a36316c-6269-4ab0-8563-6514c3376d21:192.168.164.250:32906, 49e61346-ce49-4850-8dcd-6024868ef21c:192.168.164.250:43655] with ContainerStateMachine:uninitialized
2019-10-02 10:06:05,639 [pool-57-thread-1] INFO  server.RaftServerConfigKeys (ConfUtils.java:logGet(43)) - raft.server.rpc.timeout.min = 5s (custom)
2019-10-02 10:06:05,639 [pool-57-thread-1] INFO  server.RaftServerConfigKeys (ConfUtils.java:logGet(43)) - raft.server.rpc.timeout.max = 5200ms (custom)
2019-10-02 10:06:05,640 [pool-57-thread-1] INFO  server.RaftServerConfigKeys (ConfUtils.java:logGet(43)) - raft.server.rpcslowness.timeout = 120s (custom)
2019-10-02 10:06:05,640 [pool-57-thread-1] INFO  server.RaftServerConfigKeys (ConfUtils.java:logGet(43)) - raft.server.sleep.deviation.threshold = 300 (default)
2019-10-02 10:06:05,640 [pool-47-thread-1] INFO  impl.RaftServerImpl (RaftServerImpl.java:<init>(95)) - 49e61346-ce49-4850-8dcd-6024868ef21c: new RaftServerImpl for group-1F62FD6818B9:[f543130f-443f-4ba5-9d6e-59ecbb0ec00a:192.168.164.250:36191, 5a36316c-6269-4ab0-8563-6514c3376d21:192.168.164.250:32906, 49e61346-ce49-4850-8dcd-6024868ef21c:192.168.164.250:43655] with ContainerStateMachine:uninitialized
2019-10-02 10:06:05,640 [pool-57-thread-1] INFO  server.RaftServerConfigKeys (ConfUtils.java:logGet(43)) - raft.server.log.appender.install.snapshot.enabled = false (custom)
2019-10-02 10:06:05,640 [pool-47-thread-1] INFO  server.RaftServerConfigKeys (ConfUtils.java:logGet(43)) - raft.server.rpc.timeout.min = 5s (custom)
2019-10-02 10:06:05,640 [pool-57-thread-1] INFO  impl.RaftServerImpl (ServerState.java:<init>(103)) - f543130f-443f-4ba5-9d6e-59ecbb0ec00a@group-1F62FD6818B9: ConfigurationManager, init=-1: [f543130f-443f-4ba5-9d6e-59ecbb0ec00a:192.168.164.250:36191, 5a36316c-6269-4ab0-8563-6514c3376d21:192.168.164.250:32906, 49e61346-ce49-4850-8dcd-6024868ef21c:192.168.164.250:43655], old=null, confs=<EMPTY_MAP>
2019-10-02 10:06:05,640 [pool-47-thread-1] INFO  server.RaftServerConfigKeys (ConfUtils.java:logGet(43)) - raft.server.rpc.timeout.max = 5200ms (custom)
2019-10-02 10:06:05,640 [pool-57-thread-1] INFO  server.RaftServerConfigKeys (ConfUtils.java:logGet(43)) - raft.server.storage.dir = [/workdir/hadoop-ozone/ozonefs/target/test-dir/MiniOzoneClusterImpl-a0bcfbd7-d664-4bc8-be8a-7389cc786fdd/datanode-3/data/ratis] (custom)
2019-10-02 10:06:05,640 [pool-37-thread-1] INFO  impl.RaftServerImpl (RaftServerImpl.java:<init>(95)) - 5a36316c-6269-4ab0-8563-6514c3376d21: new RaftServerImpl for group-1F62FD6818B9:[f543130f-443f-4ba5-9d6e-59ecbb0ec00a:192.168.164.250:36191, 5a36316c-6269-4ab0-8563-6514c3376d21:192.168.164.250:32906, 49e61346-ce49-4850-8dcd-6024868ef21c:192.168.164.250:43655] with ContainerStateMachine:uninitialized
2019-10-02 10:06:05,640 [pool-47-thread-1] INFO  server.RaftServerConfigKeys (ConfUtils.java:logGet(43)) - raft.server.rpcslowness.timeout = 120s (custom)
2019-10-02 10:06:05,641 [pool-57-thread-1] INFO  server.RaftServerConfigKeys (ConfUtils.java:logGet(43)) - raft.server.log.corruption.policy = EXCEPTION (default)
2019-10-02 10:06:05,641 [pool-37-thread-1] INFO  server.RaftServerConfigKeys (ConfUtils.java:logGet(43)) - raft.server.rpc.timeout.min = 5s (custom)
2019-10-02 10:06:05,641 [pool-47-thread-1] INFO  server.RaftServerConfigKeys (ConfUtils.java:logGet(43)) - raft.server.sleep.deviation.threshold = 300 (default)
2019-10-02 10:06:05,641 [pool-37-thread-1] INFO  server.RaftServerConfigKeys (ConfUtils.java:logGet(43)) - raft.server.rpc.timeout.max = 5200ms (custom)
2019-10-02 10:06:05,641 [pool-57-thread-1] INFO  storage.RaftStorageDirectory (RaftStorageDirectory.java:analyzeStorage(246)) - The storage directory /workdir/hadoop-ozone/ozonefs/target/test-dir/MiniOzoneClusterImpl-a0bcfbd7-d664-4bc8-be8a-7389cc786fdd/datanode-3/data/ratis/20bdf111-68c5-4565-bb5d-1f62fd6818b9 does not exist. Creating ...
2019-10-02 10:06:05,641 [pool-37-thread-1] INFO  server.RaftServerConfigKeys (ConfUtils.java:logGet(43)) - raft.server.rpcslowness.timeout = 120s (custom)
2019-10-02 10:06:05,641 [pool-47-thread-1] INFO  server.RaftServerConfigKeys (ConfUtils.java:logGet(43)) - raft.server.log.appender.install.snapshot.enabled = false (custom)
2019-10-02 10:06:05,641 [pool-37-thread-1] INFO  server.RaftServerConfigKeys (ConfUtils.java:logGet(43)) - raft.server.sleep.deviation.threshold = 300 (default)
2019-10-02 10:06:05,642 [pool-47-thread-1] INFO  impl.RaftServerImpl (ServerState.java:<init>(103)) - 49e61346-ce49-4850-8dcd-6024868ef21c@group-1F62FD6818B9: ConfigurationManager, init=-1: [f543130f-443f-4ba5-9d6e-59ecbb0ec00a:192.168.164.250:36191, 5a36316c-6269-4ab0-8563-6514c3376d21:192.168.164.250:32906, 49e61346-ce49-4850-8dcd-6024868ef21c:192.168.164.250:43655], old=null, confs=<EMPTY_MAP>
2019-10-02 10:06:05,642 [pool-37-thread-1] INFO  server.RaftServerConfigKeys (ConfUtils.java:logGet(43)) - raft.server.log.appender.install.snapshot.enabled = false (custom)
2019-10-02 10:06:05,642 [pool-47-thread-1] INFO  server.RaftServerConfigKeys (ConfUtils.java:logGet(43)) - raft.server.storage.dir = [/workdir/hadoop-ozone/ozonefs/target/test-dir/MiniOzoneClusterImpl-a0bcfbd7-d664-4bc8-be8a-7389cc786fdd/datanode-2/data/ratis] (custom)
2019-10-02 10:06:05,642 [pool-37-thread-1] INFO  impl.RaftServerImpl (ServerState.java:<init>(103)) - 5a36316c-6269-4ab0-8563-6514c3376d21@group-1F62FD6818B9: ConfigurationManager, init=-1: [f543130f-443f-4ba5-9d6e-59ecbb0ec00a:192.168.164.250:36191, 5a36316c-6269-4ab0-8563-6514c3376d21:192.168.164.250:32906, 49e61346-ce49-4850-8dcd-6024868ef21c:192.168.164.250:43655], old=null, confs=<EMPTY_MAP>
2019-10-02 10:06:05,642 [pool-47-thread-1] INFO  server.RaftServerConfigKeys (ConfUtils.java:logGet(43)) - raft.server.log.corruption.policy = EXCEPTION (default)
2019-10-02 10:06:05,642 [pool-37-thread-1] INFO  server.RaftServerConfigKeys (ConfUtils.java:logGet(43)) - raft.server.storage.dir = [/workdir/hadoop-ozone/ozonefs/target/test-dir/MiniOzoneClusterImpl-a0bcfbd7-d664-4bc8-be8a-7389cc786fdd/datanode-1/data/ratis] (custom)
2019-10-02 10:06:05,642 [pool-47-thread-1] INFO  storage.RaftStorageDirectory (RaftStorageDirectory.java:analyzeStorage(246)) - The storage directory /workdir/hadoop-ozone/ozonefs/target/test-dir/MiniOzoneClusterImpl-a0bcfbd7-d664-4bc8-be8a-7389cc786fdd/datanode-2/data/ratis/20bdf111-68c5-4565-bb5d-1f62fd6818b9 does not exist. Creating ...
2019-10-02 10:06:05,643 [pool-37-thread-1] INFO  server.RaftServerConfigKeys (ConfUtils.java:logGet(43)) - raft.server.log.corruption.policy = EXCEPTION (default)
2019-10-02 10:06:05,643 [pool-37-thread-1] INFO  storage.RaftStorageDirectory (RaftStorageDirectory.java:analyzeStorage(246)) - The storage directory /workdir/hadoop-ozone/ozonefs/target/test-dir/MiniOzoneClusterImpl-a0bcfbd7-d664-4bc8-be8a-7389cc786fdd/datanode-1/data/ratis/20bdf111-68c5-4565-bb5d-1f62fd6818b9 does not exist. Creating ...
2019-10-02 10:06:05,666 [pool-57-thread-1] INFO  storage.RaftStorageDirectory (RaftStorageDirectory.java:tryLock(328)) - Lock on /workdir/hadoop-ozone/ozonefs/target/test-dir/MiniOzoneClusterImpl-a0bcfbd7-d664-4bc8-be8a-7389cc786fdd/datanode-3/data/ratis/20bdf111-68c5-4565-bb5d-1f62fd6818b9/in_use.lock acquired by nodename 13808@pr-trunk-p5fv4-2201032288
2019-10-02 10:06:05,666 [pool-37-thread-1] INFO  storage.RaftStorageDirectory (RaftStorageDirectory.java:tryLock(328)) - Lock on /workdir/hadoop-ozone/ozonefs/target/test-dir/MiniOzoneClusterImpl-a0bcfbd7-d664-4bc8-be8a-7389cc786fdd/datanode-1/data/ratis/20bdf111-68c5-4565-bb5d-1f62fd6818b9/in_use.lock acquired by nodename 13808@pr-trunk-p5fv4-2201032288
2019-10-02 10:06:05,666 [pool-47-thread-1] INFO  storage.RaftStorageDirectory (RaftStorageDirectory.java:tryLock(328)) - Lock on /workdir/hadoop-ozone/ozonefs/target/test-dir/MiniOzoneClusterImpl-a0bcfbd7-d664-4bc8-be8a-7389cc786fdd/datanode-2/data/ratis/20bdf111-68c5-4565-bb5d-1f62fd6818b9/in_use.lock acquired by nodename 13808@pr-trunk-p5fv4-2201032288
2019-10-02 10:06:05,674 [pool-57-thread-1] INFO  storage.RaftStorage (RaftStorage.java:format(84)) - Storage directory /workdir/hadoop-ozone/ozonefs/target/test-dir/MiniOzoneClusterImpl-a0bcfbd7-d664-4bc8-be8a-7389cc786fdd/datanode-3/data/ratis/20bdf111-68c5-4565-bb5d-1f62fd6818b9 has been successfully formatted.
2019-10-02 10:06:05,674 [pool-37-thread-1] INFO  storage.RaftStorage (RaftStorage.java:format(84)) - Storage directory /workdir/hadoop-ozone/ozonefs/target/test-dir/MiniOzoneClusterImpl-a0bcfbd7-d664-4bc8-be8a-7389cc786fdd/datanode-1/data/ratis/20bdf111-68c5-4565-bb5d-1f62fd6818b9 has been successfully formatted.
2019-10-02 10:06:05,674 [pool-47-thread-1] INFO  storage.RaftStorage (RaftStorage.java:format(84)) - Storage directory /workdir/hadoop-ozone/ozonefs/target/test-dir/MiniOzoneClusterImpl-a0bcfbd7-d664-4bc8-be8a-7389cc786fdd/datanode-2/data/ratis/20bdf111-68c5-4565-bb5d-1f62fd6818b9 has been successfully formatted.
2019-10-02 10:06:05,674 [pool-57-thread-1] INFO  ratis.ContainerStateMachine (ContainerStateMachine.java:loadSnapshot(231)) - group-1F62FD6818B9: The snapshot info is null. Setting the last applied indexto:(t:0, i:~)
2019-10-02 10:06:05,674 [pool-47-thread-1] INFO  ratis.ContainerStateMachine (ContainerStateMachine.java:loadSnapshot(231)) - group-1F62FD6818B9: The snapshot info is null. Setting the last applied indexto:(t:0, i:~)
2019-10-02 10:06:05,674 [pool-37-thread-1] INFO  ratis.ContainerStateMachine (ContainerStateMachine.java:loadSnapshot(231)) - group-1F62FD6818B9: The snapshot info is null. Setting the last applied indexto:(t:0, i:~)
2019-10-02 10:06:05,674 [pool-47-thread-1] INFO  server.RaftServerConfigKeys (ConfUtils.java:logGet(43)) - raft.server.notification.no-leader.timeout = 120s (custom)
2019-10-02 10:06:05,674 [pool-57-thread-1] INFO  server.RaftServerConfigKeys (ConfUtils.java:logGet(43)) - raft.server.notification.no-leader.timeout = 120s (custom)
2019-10-02 10:06:05,674 [pool-47-thread-1] INFO  server.RaftServerConfigKeys (ConfUtils.java:logGet(43)) - raft.server.log.use.memory = false (default)
2019-10-02 10:06:05,674 [pool-37-thread-1] INFO  server.RaftServerConfigKeys (ConfUtils.java:logGet(43)) - raft.server.notification.no-leader.timeout = 120s (custom)
2019-10-02 10:06:05,675 [pool-47-thread-1] INFO  server.RaftServerConfigKeys (ConfUtils.java:logGet(43)) - raft.server.log.purge.gap = 1000000 (custom)
2019-10-02 10:06:05,675 [pool-57-thread-1] INFO  server.RaftServerConfigKeys (ConfUtils.java:logGet(43)) - raft.server.log.use.memory = false (default)
2019-10-02 10:06:05,675 [pool-47-thread-1] INFO  server.RaftServerConfigKeys (ConfUtils.java:logGet(43)) - raft.server.log.appender.buffer.byte-limit = 33554432 (custom)
2019-10-02 10:06:05,675 [pool-37-thread-1] INFO  server.RaftServerConfigKeys (ConfUtils.java:logGet(43)) - raft.server.log.use.memory = false (default)
2019-10-02 10:06:05,675 [pool-47-thread-1] INFO  server.RaftServerConfigKeys (ConfUtils.java:logGet(43)) - raft.server.log.segment.size.max = 1048576 (custom)
2019-10-02 10:06:05,675 [pool-57-thread-1] INFO  server.RaftServerConfigKeys (ConfUtils.java:logGet(43)) - raft.server.log.purge.gap = 1000000 (custom)
2019-10-02 10:06:05,676 [pool-47-thread-1] INFO  server.RaftServerConfigKeys (ConfUtils.java:logGet(43)) - raft.server.log.segment.cache.num.max = 2 (custom)
2019-10-02 10:06:05,675 [pool-37-thread-1] INFO  server.RaftServerConfigKeys (ConfUtils.java:logGet(43)) - raft.server.log.purge.gap = 1000000 (custom)
2019-10-02 10:06:05,676 [pool-47-thread-1] INFO  segmented.SegmentedRaftLogWorker (SegmentedRaftLogWorker.java:<init>(173)) - new 49e61346-ce49-4850-8dcd-6024868ef21c@group-1F62FD6818B9-SegmentedRaftLogWorker for RaftStorage:Storage Directory /workdir/hadoop-ozone/ozonefs/target/test-dir/MiniOzoneClusterImpl-a0bcfbd7-d664-4bc8-be8a-7389cc786fdd/datanode-2/data/ratis/20bdf111-68c5-4565-bb5d-1f62fd6818b9
2019-10-02 10:06:05,676 [pool-57-thread-1] INFO  server.RaftServerConfigKeys (ConfUtils.java:logGet(43)) - raft.server.log.appender.buffer.byte-limit = 33554432 (custom)
2019-10-02 10:06:05,676 [pool-47-thread-1] INFO  server.RaftServerConfigKeys (ConfUtils.java:logGet(43)) - raft.server.log.queue.byte-limit = 2147483647 (custom)
2019-10-02 10:06:05,676 [pool-37-thread-1] INFO  server.RaftServerConfigKeys (ConfUtils.java:logGet(43)) - raft.server.log.appender.buffer.byte-limit = 33554432 (custom)
2019-10-02 10:06:05,676 [pool-47-thread-1] INFO  server.RaftServerConfigKeys (ConfUtils.java:logGet(43)) - raft.server.log.queue.element-limit = 1024 (custom)
2019-10-02 10:06:05,676 [pool-57-thread-1] INFO  server.RaftServerConfigKeys (ConfUtils.java:logGet(43)) - raft.server.log.segment.size.max = 1048576 (custom)
2019-10-02 10:06:05,677 [pool-47-thread-1] INFO  server.RaftServerConfigKeys (ConfUtils.java:logGet(43)) - raft.server.log.segment.size.max = 1048576 (custom)
2019-10-02 10:06:05,676 [pool-37-thread-1] INFO  server.RaftServerConfigKeys (ConfUtils.java:logGet(43)) - raft.server.log.segment.size.max = 1048576 (custom)
2019-10-02 10:06:05,677 [pool-47-thread-1] INFO  server.RaftServerConfigKeys (ConfUtils.java:logGet(43)) - raft.server.log.preallocated.size = 16384 (custom)
2019-10-02 10:06:05,677 [pool-57-thread-1] INFO  server.RaftServerConfigKeys (ConfUtils.java:logGet(43)) - raft.server.log.segment.cache.num.max = 2 (custom)
2019-10-02 10:06:05,677 [pool-57-thread-1] INFO  segmented.SegmentedRaftLogWorker (SegmentedRaftLogWorker.java:<init>(173)) - new f543130f-443f-4ba5-9d6e-59ecbb0ec00a@group-1F62FD6818B9-SegmentedRaftLogWorker for RaftStorage:Storage Directory /workdir/hadoop-ozone/ozonefs/target/test-dir/MiniOzoneClusterImpl-a0bcfbd7-d664-4bc8-be8a-7389cc786fdd/datanode-3/data/ratis/20bdf111-68c5-4565-bb5d-1f62fd6818b9
2019-10-02 10:06:05,678 [pool-57-thread-1] INFO  server.RaftServerConfigKeys (ConfUtils.java:logGet(43)) - raft.server.log.queue.byte-limit = 2147483647 (custom)
2019-10-02 10:06:05,678 [pool-57-thread-1] INFO  server.RaftServerConfigKeys (ConfUtils.java:logGet(43)) - raft.server.log.queue.element-limit = 1024 (custom)
2019-10-02 10:06:05,678 [pool-57-thread-1] INFO  server.RaftServerConfigKeys (ConfUtils.java:logGet(43)) - raft.server.log.segment.size.max = 1048576 (custom)
2019-10-02 10:06:05,678 [pool-57-thread-1] INFO  server.RaftServerConfigKeys (ConfUtils.java:logGet(43)) - raft.server.log.preallocated.size = 16384 (custom)
2019-10-02 10:06:05,678 [pool-57-thread-1] INFO  server.RaftServerConfigKeys (ConfUtils.java:logGet(43)) - raft.server.log.write.buffer.size = 33554432 (custom)
2019-10-02 10:06:05,678 [pool-57-thread-1] INFO  server.RaftServerConfigKeys (ConfUtils.java:logGet(43)) - raft.server.log.force.sync.num = 128 (default)
2019-10-02 10:06:05,679 [pool-57-thread-1] INFO  server.RaftServerConfigKeys (ConfUtils.java:logGet(43)) - raft.server.log.statemachine.data.sync = true (default)
2019-10-02 10:06:05,679 [pool-57-thread-1] INFO  server.RaftServerConfigKeys (ConfUtils.java:logGet(43)) - raft.server.log.statemachine.data.sync.timeout = 10s (default)
2019-10-02 10:06:05,679 [pool-57-thread-1] INFO  server.RaftServerConfigKeys (ConfUtils.java:logGet(43)) - raft.server.log.statemachine.data.sync.timeout.retry = -1 (default)
2019-10-02 10:06:05,679 [pool-57-thread-1] INFO  server.RaftServerConfigKeys (ConfUtils.java:logGet(43)) - raft.server.log.statemachine.data.caching.enabled = true (custom)
2019-10-02 10:06:05,680 [pool-57-thread-1] INFO  segmented.SegmentedRaftLogWorker (SegmentedRaftLogWorker.java:lambda$new$0(128)) - f543130f-443f-4ba5-9d6e-59ecbb0ec00a@group-1F62FD6818B9-SegmentedRaftLogWorker: flushIndex: setUnconditionally 0 -> -1
2019-10-02 10:06:05,677 [pool-47-thread-1] INFO  server.RaftServerConfigKeys (ConfUtils.java:logGet(43)) - raft.server.log.write.buffer.size = 33554432 (custom)
2019-10-02 10:06:05,677 [pool-37-thread-1] INFO  server.RaftServerConfigKeys (ConfUtils.java:logGet(43)) - raft.server.log.segment.cache.num.max = 2 (custom)
2019-10-02 10:06:05,680 [pool-57-thread-1] INFO  server.RaftServerConfigKeys (ConfUtils.java:logGet(43)) - raft.server.snapshot.auto.trigger.enabled = true (custom)
2019-10-02 10:06:05,681 [pool-57-thread-1] INFO  server.RaftServerConfigKeys (ConfUtils.java:logGet(43)) - raft.server.snapshot.auto.trigger.threshold = 10000 (custom)
2019-10-02 10:06:05,681 [pool-57-thread-1] INFO  server.RaftServerConfigKeys (ConfUtils.java:logGet(43)) - raft.server.snapshot.retention.file.num = 5 (custom)
2019-10-02 10:06:05,681 [pool-57-thread-1] INFO  server.RaftServerConfigKeys (ConfUtils.java:logGet(43)) - raft.server.retrycache.expirytime = 600000ms (custom)
2019-10-02 10:06:05,680 [pool-47-thread-1] INFO  server.RaftServerConfigKeys (ConfUtils.java:logGet(43)) - raft.server.log.force.sync.num = 128 (default)
2019-10-02 10:06:05,680 [pool-37-thread-1] INFO  segmented.SegmentedRaftLogWorker (SegmentedRaftLogWorker.java:<init>(173)) - new 5a36316c-6269-4ab0-8563-6514c3376d21@group-1F62FD6818B9-SegmentedRaftLogWorker for RaftStorage:Storage Directory /workdir/hadoop-ozone/ozonefs/target/test-dir/MiniOzoneClusterImpl-a0bcfbd7-d664-4bc8-be8a-7389cc786fdd/datanode-1/data/ratis/20bdf111-68c5-4565-bb5d-1f62fd6818b9
2019-10-02 10:06:05,682 [pool-47-thread-1] INFO  server.RaftServerConfigKeys (ConfUtils.java:logGet(43)) - raft.server.log.statemachine.data.sync = true (default)
2019-10-02 10:06:05,682 [pool-37-thread-1] INFO  server.RaftServerConfigKeys (ConfUtils.java:logGet(43)) - raft.server.log.queue.byte-limit = 2147483647 (custom)
2019-10-02 10:06:05,682 [pool-47-thread-1] INFO  server.RaftServerConfigKeys (ConfUtils.java:logGet(43)) - raft.server.log.statemachine.data.sync.timeout = 10s (default)
2019-10-02 10:06:05,683 [pool-37-thread-1] INFO  server.RaftServerConfigKeys (ConfUtils.java:logGet(43)) - raft.server.log.queue.element-limit = 1024 (custom)
2019-10-02 10:06:05,683 [pool-47-thread-1] INFO  server.RaftServerConfigKeys (ConfUtils.java:logGet(43)) - raft.server.log.statemachine.data.sync.timeout.retry = -1 (default)
2019-10-02 10:06:05,683 [pool-37-thread-1] INFO  server.RaftServerConfigKeys (ConfUtils.java:logGet(43)) - raft.server.log.segment.size.max = 1048576 (custom)
2019-10-02 10:06:05,683 [pool-47-thread-1] INFO  server.RaftServerConfigKeys (ConfUtils.java:logGet(43)) - raft.server.log.statemachine.data.caching.enabled = true (custom)
2019-10-02 10:06:05,683 [pool-37-thread-1] INFO  server.RaftServerConfigKeys (ConfUtils.java:logGet(43)) - raft.server.log.preallocated.size = 16384 (custom)
2019-10-02 10:06:05,684 [pool-47-thread-1] INFO  segmented.SegmentedRaftLogWorker (SegmentedRaftLogWorker.java:lambda$new$0(128)) - 49e61346-ce49-4850-8dcd-6024868ef21c@group-1F62FD6818B9-SegmentedRaftLogWorker: flushIndex: setUnconditionally 0 -> -1
2019-10-02 10:06:05,684 [pool-37-thread-1] INFO  server.RaftServerConfigKeys (ConfUtils.java:logGet(43)) - raft.server.log.write.buffer.size = 33554432 (custom)
2019-10-02 10:06:05,684 [pool-47-thread-1] INFO  server.RaftServerConfigKeys (ConfUtils.java:logGet(43)) - raft.server.snapshot.auto.trigger.enabled = true (custom)
2019-10-02 10:06:05,684 [pool-57-thread-1] INFO  impl.RaftServerImpl (RaftServerImpl.java:start(181)) - f543130f-443f-4ba5-9d6e-59ecbb0ec00a@group-1F62FD6818B9: start as a follower, conf=-1: [f543130f-443f-4ba5-9d6e-59ecbb0ec00a:192.168.164.250:36191, 5a36316c-6269-4ab0-8563-6514c3376d21:192.168.164.250:32906, 49e61346-ce49-4850-8dcd-6024868ef21c:192.168.164.250:43655], old=null
2019-10-02 10:06:05,684 [pool-47-thread-1] INFO  server.RaftServerConfigKeys (ConfUtils.java:logGet(43)) - raft.server.snapshot.auto.trigger.threshold = 10000 (custom)
2019-10-02 10:06:05,684 [pool-47-thread-1] INFO  server.RaftServerConfigKeys (ConfUtils.java:logGet(43)) - raft.server.snapshot.retention.file.num = 5 (custom)
2019-10-02 10:06:05,684 [pool-37-thread-1] INFO  server.RaftServerConfigKeys (ConfUtils.java:logGet(43)) - raft.server.log.force.sync.num = 128 (default)
2019-10-02 10:06:05,685 [pool-47-thread-1] INFO  server.RaftServerConfigKeys (ConfUtils.java:logGet(43)) - raft.server.retrycache.expirytime = 600000ms (custom)
2019-10-02 10:06:05,684 [pool-57-thread-1] INFO  impl.RaftServerImpl (RaftServerImpl.java:setRole(170)) - f543130f-443f-4ba5-9d6e-59ecbb0ec00a@group-1F62FD6818B9: changes role from      null to FOLLOWER at term 0 for startAsFollower
2019-10-02 10:06:05,685 [pool-37-thread-1] INFO  server.RaftServerConfigKeys (ConfUtils.java:logGet(43)) - raft.server.log.statemachine.data.sync = true (default)
2019-10-02 10:06:05,685 [pool-57-thread-1] INFO  impl.RoleInfo (RoleInfo.java:updateAndGet(143)) - f543130f-443f-4ba5-9d6e-59ecbb0ec00a: start FollowerState
2019-10-02 10:06:05,685 [pool-37-thread-1] INFO  server.RaftServerConfigKeys (ConfUtils.java:logGet(43)) - raft.server.log.statemachine.data.sync.timeout = 10s (default)
2019-10-02 10:06:05,686 [pool-37-thread-1] INFO  server.RaftServerConfigKeys (ConfUtils.java:logGet(43)) - raft.server.log.statemachine.data.sync.timeout.retry = -1 (default)
2019-10-02 10:06:05,686 [pool-57-thread-1] INFO  util.JmxRegister (JmxRegister.java:tryRegister(44)) - Successfully registered JMX Bean with object name Ratis:service=RaftServer,group=group-1F62FD6818B9,id=f543130f-443f-4ba5-9d6e-59ecbb0ec00a
2019-10-02 10:06:05,686 [pool-37-thread-1] INFO  server.RaftServerConfigKeys (ConfUtils.java:logGet(43)) - raft.server.log.statemachine.data.caching.enabled = true (custom)
2019-10-02 10:06:05,687 [pool-37-thread-1] INFO  segmented.SegmentedRaftLogWorker (SegmentedRaftLogWorker.java:lambda$new$0(128)) - 5a36316c-6269-4ab0-8563-6514c3376d21@group-1F62FD6818B9-SegmentedRaftLogWorker: flushIndex: setUnconditionally 0 -> -1
2019-10-02 10:06:05,687 [pool-37-thread-1] INFO  server.RaftServerConfigKeys (ConfUtils.java:logGet(43)) - raft.server.snapshot.auto.trigger.enabled = true (custom)
2019-10-02 10:06:05,687 [pool-37-thread-1] INFO  server.RaftServerConfigKeys (ConfUtils.java:logGet(43)) - raft.server.snapshot.auto.trigger.threshold = 10000 (custom)
2019-10-02 10:06:05,687 [pool-47-thread-1] INFO  impl.RaftServerImpl (RaftServerImpl.java:start(181)) - 49e61346-ce49-4850-8dcd-6024868ef21c@group-1F62FD6818B9: start as a follower, conf=-1: [f543130f-443f-4ba5-9d6e-59ecbb0ec00a:192.168.164.250:36191, 5a36316c-6269-4ab0-8563-6514c3376d21:192.168.164.250:32906, 49e61346-ce49-4850-8dcd-6024868ef21c:192.168.164.250:43655], old=null
2019-10-02 10:06:05,687 [pool-47-thread-1] INFO  impl.RaftServerImpl (RaftServerImpl.java:setRole(170)) - 49e61346-ce49-4850-8dcd-6024868ef21c@group-1F62FD6818B9: changes role from      null to FOLLOWER at term 0 for startAsFollower
2019-10-02 10:06:05,687 [pool-37-thread-1] INFO  server.RaftServerConfigKeys (ConfUtils.java:logGet(43)) - raft.server.snapshot.retention.file.num = 5 (custom)
2019-10-02 10:06:05,688 [pool-47-thread-1] INFO  impl.RoleInfo (RoleInfo.java:updateAndGet(143)) - 49e61346-ce49-4850-8dcd-6024868ef21c: start FollowerState
2019-10-02 10:06:05,688 [pool-37-thread-1] INFO  server.RaftServerConfigKeys (ConfUtils.java:logGet(43)) - raft.server.retrycache.expirytime = 600000ms (custom)
2019-10-02 10:06:05,688 [pool-47-thread-1] INFO  util.JmxRegister (JmxRegister.java:tryRegister(44)) - Successfully registered JMX Bean with object name Ratis:service=RaftServer,group=group-1F62FD6818B9,id=49e61346-ce49-4850-8dcd-6024868ef21c
2019-10-02 10:06:05,692 [pool-37-thread-1] INFO  impl.RaftServerImpl (RaftServerImpl.java:start(181)) - 5a36316c-6269-4ab0-8563-6514c3376d21@group-1F62FD6818B9: start as a follower, conf=-1: [f543130f-443f-4ba5-9d6e-59ecbb0ec00a:192.168.164.250:36191, 5a36316c-6269-4ab0-8563-6514c3376d21:192.168.164.250:32906, 49e61346-ce49-4850-8dcd-6024868ef21c:192.168.164.250:43655], old=null
2019-10-02 10:06:05,692 [pool-37-thread-1] INFO  impl.RaftServerImpl (RaftServerImpl.java:setRole(170)) - 5a36316c-6269-4ab0-8563-6514c3376d21@group-1F62FD6818B9: changes role from      null to FOLLOWER at term 0 for startAsFollower
2019-10-02 10:06:05,692 [pool-37-thread-1] INFO  impl.RoleInfo (RoleInfo.java:updateAndGet(143)) - 5a36316c-6269-4ab0-8563-6514c3376d21: start FollowerState
2019-10-02 10:06:05,692 [pool-37-thread-1] INFO  util.JmxRegister (JmxRegister.java:tryRegister(44)) - Successfully registered JMX Bean with object name Ratis:service=RaftServer,group=group-1F62FD6818B9,id=5a36316c-6269-4ab0-8563-6514c3376d21
2019-10-02 10:06:05,698 [IPC Server handler 11 on 37212] INFO  pipeline.PipelineStateManager (PipelineStateManager.java:addPipeline(56)) - Created pipeline Pipeline[ Id: 20bdf111-68c5-4565-bb5d-1f62fd6818b9, Nodes: f543130f-443f-4ba5-9d6e-59ecbb0ec00a{ip: 192.168.164.250, host: pr-trunk-p5fv4-2201032288, networkLocation: /default-rack, certSerialId: null}5a36316c-6269-4ab0-8563-6514c3376d21{ip: 192.168.164.250, host: pr-trunk-p5fv4-2201032288, networkLocation: /default-rack, certSerialId: null}49e61346-ce49-4850-8dcd-6024868ef21c{ip: 192.168.164.250, host: pr-trunk-p5fv4-2201032288, networkLocation: /default-rack, certSerialId: null}, Type:RATIS, Factor:THREE, State:OPEN]
2019-10-02 10:06:07,061 [java.util.concurrent.ThreadPoolExecutor$Worker@252a478c[State = -1, empty queue]] ERROR client.GrpcClientProtocolClient (GrpcClientProtocolClient.java:close(148)) - Unexpected exception while waiting for channel termination
java.lang.InterruptedException
	at java.util.concurrent.locks.AbstractQueuedSynchronizer.tryAcquireSharedNanos(AbstractQueuedSynchronizer.java:1326)
	at java.util.concurrent.CountDownLatch.await(CountDownLatch.java:277)
	at org.apache.ratis.thirdparty.io.grpc.internal.ManagedChannelImpl.awaitTermination(ManagedChannelImpl.java:763)
	at org.apache.ratis.thirdparty.io.grpc.internal.ForwardingManagedChannel.awaitTermination(ForwardingManagedChannel.java:57)
	at org.apache.ratis.thirdparty.io.grpc.internal.ManagedChannelOrphanWrapper.awaitTermination(ManagedChannelOrphanWrapper.java:70)
	at org.apache.ratis.grpc.client.GrpcClientProtocolClient.close(GrpcClientProtocolClient.java:146)
	at org.apache.ratis.util.PeerProxyMap$PeerAndProxy.lambda$close$1(PeerProxyMap.java:74)
	at org.apache.ratis.util.LifeCycle.lambda$checkStateAndClose$2(LifeCycle.java:231)
	at org.apache.ratis.util.LifeCycle.checkStateAndClose(LifeCycle.java:251)
	at org.apache.ratis.util.LifeCycle.checkStateAndClose(LifeCycle.java:229)
	at org.apache.ratis.util.PeerProxyMap$PeerAndProxy.close(PeerProxyMap.java:70)
	at org.apache.ratis.util.PeerProxyMap.resetProxy(PeerProxyMap.java:127)
	at org.apache.ratis.util.PeerProxyMap.handleException(PeerProxyMap.java:136)
	at org.apache.ratis.client.impl.RaftClientRpcWithProxy.handleException(RaftClientRpcWithProxy.java:47)
	at org.apache.ratis.client.impl.RaftClientImpl.handleIOException(RaftClientImpl.java:372)
	at org.apache.ratis.client.impl.OrderedAsync.lambda$sendRequest$10(OrderedAsync.java:236)
	at java.util.concurrent.CompletableFuture.uniExceptionally(CompletableFuture.java:870)
	at java.util.concurrent.CompletableFuture$UniExceptionally.tryFire(CompletableFuture.java:852)
	at java.util.concurrent.CompletableFuture.postComplete(CompletableFuture.java:474)
	at java.util.concurrent.CompletableFuture.completeExceptionally(CompletableFuture.java:1977)
	at org.apache.ratis.grpc.client.GrpcClientProtocolClient$AsyncStreamObservers.lambda$timeoutCheck$3(GrpcClientProtocolClient.java:324)
	at java.util.Optional.ifPresent(Optional.java:159)
	at org.apache.ratis.grpc.client.GrpcClientProtocolClient$AsyncStreamObservers.handleReplyFuture(GrpcClientProtocolClient.java:329)
	at org.apache.ratis.grpc.client.GrpcClientProtocolClient$AsyncStreamObservers.timeoutCheck(GrpcClientProtocolClient.java:324)
	at org.apache.ratis.grpc.client.GrpcClientProtocolClient$AsyncStreamObservers.lambda$onNext$1(GrpcClientProtocolClient.java:318)
	at org.apache.ratis.util.TimeoutScheduler.lambda$onTimeout$0(TimeoutScheduler.java:113)
	at org.apache.ratis.util.TimeoutScheduler.lambda$onTimeout$1(TimeoutScheduler.java:133)
	at org.apache.ratis.util.LogUtils.runAndLog(LogUtils.java:50)
	at org.apache.ratis.util.LogUtils$1.run(LogUtils.java:91)
	at java.util.concurrent.Executors$RunnableAdapter.call(Executors.java:511)
	at java.util.concurrent.FutureTask.run(FutureTask.java:266)
	at java.util.concurrent.ScheduledThreadPoolExecutor$ScheduledFutureTask.access$201(ScheduledThreadPoolExecutor.java:180)
	at java.util.concurrent.ScheduledThreadPoolExecutor$ScheduledFutureTask.run(ScheduledThreadPoolExecutor.java:293)
	at java.util.concurrent.ThreadPoolExecutor.runWorker(ThreadPoolExecutor.java:1149)
	at java.util.concurrent.ThreadPoolExecutor$Worker.run(ThreadPoolExecutor.java:624)
	at java.lang.Thread.run(Thread.java:748)
2019-10-02 10:06:07,062 [java.util.concurrent.ThreadPoolExecutor$Worker@252a478c[State = -1, empty queue]] WARN  util.TimeoutScheduler (LogUtils.java:runAndLog(55)) - Failed to task #0: java.lang.NullPointerException
2019-10-02 10:06:10,705 [Thread-687] INFO  impl.FollowerState (FollowerState.java:run(108)) - f543130f-443f-4ba5-9d6e-59ecbb0ec00a@group-1F62FD6818B9-FollowerState: change to CANDIDATE, lastRpcTime:5019ms, electionTimeout:5019ms
2019-10-02 10:06:10,709 [Thread-687] INFO  impl.RoleInfo (RoleInfo.java:shutdownFollowerState(121)) - f543130f-443f-4ba5-9d6e-59ecbb0ec00a: shutdown FollowerState
2019-10-02 10:06:10,709 [Thread-687] INFO  impl.RaftServerImpl (RaftServerImpl.java:setRole(170)) - f543130f-443f-4ba5-9d6e-59ecbb0ec00a@group-1F62FD6818B9: changes role from  FOLLOWER to CANDIDATE at term 0 for changeToCandidate
2019-10-02 10:06:10,709 [Thread-687] INFO  impl.RoleInfo (RoleInfo.java:updateAndGet(143)) - f543130f-443f-4ba5-9d6e-59ecbb0ec00a: start LeaderElection
2019-10-02 10:06:10,779 [f543130f-443f-4ba5-9d6e-59ecbb0ec00a@group-1F62FD6818B9-LeaderElection13] INFO  impl.LeaderElection (LeaderElection.java:askForVotes(178)) - f543130f-443f-4ba5-9d6e-59ecbb0ec00a@group-1F62FD6818B9-LeaderElection13: begin an election at term 1 for -1: [f543130f-443f-4ba5-9d6e-59ecbb0ec00a:192.168.164.250:36191, 5a36316c-6269-4ab0-8563-6514c3376d21:192.168.164.250:32906, 49e61346-ce49-4850-8dcd-6024868ef21c:192.168.164.250:43655], old=null
2019-10-02 10:06:10,783 [grpc-default-executor-3] INFO  impl.RaftServerImpl (RaftServerImpl.java:setRole(170)) - 5a36316c-6269-4ab0-8563-6514c3376d21@group-1F62FD6818B9: changes role from  FOLLOWER to FOLLOWER at term 1 for recognizeCandidate:f543130f-443f-4ba5-9d6e-59ecbb0ec00a
2019-10-02 10:06:10,783 [grpc-default-executor-6] INFO  impl.RaftServerImpl (RaftServerImpl.java:setRole(170)) - 49e61346-ce49-4850-8dcd-6024868ef21c@group-1F62FD6818B9: changes role from  FOLLOWER to FOLLOWER at term 1 for recognizeCandidate:f543130f-443f-4ba5-9d6e-59ecbb0ec00a
2019-10-02 10:06:10,784 [grpc-default-executor-3] INFO  impl.RoleInfo (RoleInfo.java:shutdownFollowerState(121)) - 5a36316c-6269-4ab0-8563-6514c3376d21: shutdown FollowerState
2019-10-02 10:06:10,784 [grpc-default-executor-6] INFO  impl.RoleInfo (RoleInfo.java:shutdownFollowerState(121)) - 49e61346-ce49-4850-8dcd-6024868ef21c: shutdown FollowerState
2019-10-02 10:06:10,784 [Thread-692] INFO  impl.FollowerState (FollowerState.java:run(117)) - 5a36316c-6269-4ab0-8563-6514c3376d21@group-1F62FD6818B9-FollowerState was interrupted: java.lang.InterruptedException: sleep interrupted
2019-10-02 10:06:10,784 [grpc-default-executor-3] INFO  impl.RoleInfo (RoleInfo.java:updateAndGet(143)) - 5a36316c-6269-4ab0-8563-6514c3376d21: start FollowerState
2019-10-02 10:06:10,784 [Thread-688] INFO  impl.FollowerState (FollowerState.java:run(117)) - 49e61346-ce49-4850-8dcd-6024868ef21c@group-1F62FD6818B9-FollowerState was interrupted: java.lang.InterruptedException: sleep interrupted
2019-10-02 10:06:10,784 [grpc-default-executor-6] INFO  impl.RoleInfo (RoleInfo.java:updateAndGet(143)) - 49e61346-ce49-4850-8dcd-6024868ef21c: start FollowerState
2019-10-02 10:06:10,791 [f543130f-443f-4ba5-9d6e-59ecbb0ec00a@group-1F62FD6818B9-LeaderElection13] INFO  impl.LeaderElection (LeaderElection.java:logAndReturn(56)) - f543130f-443f-4ba5-9d6e-59ecbb0ec00a@group-1F62FD6818B9-LeaderElection13: Election PASSED; received 1 response(s) [f543130f-443f-4ba5-9d6e-59ecbb0ec00a<-49e61346-ce49-4850-8dcd-6024868ef21c#0:OK-t1] and 0 exception(s); f543130f-443f-4ba5-9d6e-59ecbb0ec00a@group-1F62FD6818B9:t1, leader=null, voted=f543130f-443f-4ba5-9d6e-59ecbb0ec00a, raftlog=f543130f-443f-4ba5-9d6e-59ecbb0ec00a@group-1F62FD6818B9-SegmentedRaftLog:OPENED:c-1,f-1,i0, conf=-1: [f543130f-443f-4ba5-9d6e-59ecbb0ec00a:192.168.164.250:36191, 5a36316c-6269-4ab0-8563-6514c3376d21:192.168.164.250:32906, 49e61346-ce49-4850-8dcd-6024868ef21c:192.168.164.250:43655], old=null
2019-10-02 10:06:10,791 [f543130f-443f-4ba5-9d6e-59ecbb0ec00a@group-1F62FD6818B9-LeaderElection13] INFO  impl.RoleInfo (RoleInfo.java:shutdownLeaderElection(134)) - f543130f-443f-4ba5-9d6e-59ecbb0ec00a: shutdown LeaderElection
2019-10-02 10:06:10,793 [f543130f-443f-4ba5-9d6e-59ecbb0ec00a@group-1F62FD6818B9-LeaderElection13] INFO  impl.RaftServerImpl (RaftServerImpl.java:setRole(170)) - f543130f-443f-4ba5-9d6e-59ecbb0ec00a@group-1F62FD6818B9: changes role from CANDIDATE to LEADER at term 1 for changeToLeader
2019-10-02 10:06:10,794 [f543130f-443f-4ba5-9d6e-59ecbb0ec00a@group-1F62FD6818B9-LeaderElection13] INFO  impl.RaftServerImpl (ServerState.java:setLeader(255)) - f543130f-443f-4ba5-9d6e-59ecbb0ec00a@group-1F62FD6818B9: change Leader from null to f543130f-443f-4ba5-9d6e-59ecbb0ec00a at term 1 for becomeLeader, leader elected after 5119ms
2019-10-02 10:06:10,794 [f543130f-443f-4ba5-9d6e-59ecbb0ec00a@group-1F62FD6818B9-LeaderElection13] INFO  server.RaftServerConfigKeys (ConfUtils.java:logGet(43)) - raft.server.staging.catchup.gap = 1000 (default)
2019-10-02 10:06:10,794 [f543130f-443f-4ba5-9d6e-59ecbb0ec00a@group-1F62FD6818B9-LeaderElection13] INFO  server.RaftServerConfigKeys (ConfUtils.java:logGet(43)) - raft.server.rpc.sleep.time = 25ms (default)
2019-10-02 10:06:10,794 [f543130f-443f-4ba5-9d6e-59ecbb0ec00a@group-1F62FD6818B9-LeaderElection13] INFO  server.RaftServerConfigKeys (ConfUtils.java:logGet(43)) - raft.server.write.element-limit = 4096 (default)
2019-10-02 10:06:10,794 [f543130f-443f-4ba5-9d6e-59ecbb0ec00a@group-1F62FD6818B9-LeaderElection13] INFO  server.RaftServerConfigKeys (ConfUtils.java:logGet(43)) - raft.server.watch.timeout = 10s (default)
2019-10-02 10:06:10,794 [f543130f-443f-4ba5-9d6e-59ecbb0ec00a@group-1F62FD6818B9-LeaderElection13] INFO  server.RaftServerConfigKeys (ConfUtils.java:logGet(43)) - raft.server.watch.timeout.denomination = 1s (default)
2019-10-02 10:06:10,794 [f543130f-443f-4ba5-9d6e-59ecbb0ec00a@group-1F62FD6818B9-LeaderElection13] INFO  server.RaftServerConfigKeys (ConfUtils.java:logGet(43)) - raft.server.watch.element-limit = 65536 (default)
2019-10-02 10:06:10,797 [f543130f-443f-4ba5-9d6e-59ecbb0ec00a@group-1F62FD6818B9-LeaderElection13] INFO  server.RaftServerConfigKeys (ConfUtils.java:logGet(43)) - raft.server.log.appender.snapshot.chunk.size.max = 16MB (=16777216) (default)
2019-10-02 10:06:10,797 [f543130f-443f-4ba5-9d6e-59ecbb0ec00a@group-1F62FD6818B9-LeaderElection13] INFO  server.RaftServerConfigKeys (ConfUtils.java:logGet(43)) - raft.server.log.appender.buffer.byte-limit = 33554432 (custom)
2019-10-02 10:06:10,797 [f543130f-443f-4ba5-9d6e-59ecbb0ec00a@group-1F62FD6818B9-LeaderElection13] INFO  server.RaftServerConfigKeys (ConfUtils.java:logGet(43)) - raft.server.log.appender.buffer.element-limit = 1 (custom)
2019-10-02 10:06:10,798 [f543130f-443f-4ba5-9d6e-59ecbb0ec00a@group-1F62FD6818B9-LeaderElection13] INFO  grpc.GrpcConfigKeys$Server (ConfUtils.java:logGet(43)) - raft.grpc.server.leader.outstanding.appends.max = 128 (default)
2019-10-02 10:06:10,798 [f543130f-443f-4ba5-9d6e-59ecbb0ec00a@group-1F62FD6818B9-LeaderElection13] INFO  server.RaftServerConfigKeys (ConfUtils.java:logGet(43)) - raft.server.rpc.request.timeout = 3000ms (default)
2019-10-02 10:06:10,798 [f543130f-443f-4ba5-9d6e-59ecbb0ec00a@group-1F62FD6818B9-LeaderElection13] INFO  server.RaftServerConfigKeys (ConfUtils.java:logGet(43)) - raft.server.log.appender.install.snapshot.enabled = false (custom)
2019-10-02 10:06:10,798 [f543130f-443f-4ba5-9d6e-59ecbb0ec00a@group-1F62FD6818B9-LeaderElection13] INFO  server.RaftServerConfigKeys (ConfUtils.java:logGet(43)) - raft.server.log.appender.snapshot.chunk.size.max = 16MB (=16777216) (default)
2019-10-02 10:06:10,798 [f543130f-443f-4ba5-9d6e-59ecbb0ec00a@group-1F62FD6818B9-LeaderElection13] INFO  server.RaftServerConfigKeys (ConfUtils.java:logGet(43)) - raft.server.log.appender.buffer.byte-limit = 33554432 (custom)
2019-10-02 10:06:10,798 [f543130f-443f-4ba5-9d6e-59ecbb0ec00a@group-1F62FD6818B9-LeaderElection13] INFO  server.RaftServerConfigKeys (ConfUtils.java:logGet(43)) - raft.server.log.appender.buffer.element-limit = 1 (custom)
2019-10-02 10:06:10,799 [f543130f-443f-4ba5-9d6e-59ecbb0ec00a@group-1F62FD6818B9-LeaderElection13] INFO  grpc.GrpcConfigKeys$Server (ConfUtils.java:logGet(43)) - raft.grpc.server.leader.outstanding.appends.max = 128 (default)
2019-10-02 10:06:10,799 [f543130f-443f-4ba5-9d6e-59ecbb0ec00a@group-1F62FD6818B9-LeaderElection13] INFO  server.RaftServerConfigKeys (ConfUtils.java:logGet(43)) - raft.server.rpc.request.timeout = 3000ms (default)
2019-10-02 10:06:10,799 [f543130f-443f-4ba5-9d6e-59ecbb0ec00a@group-1F62FD6818B9-LeaderElection13] INFO  server.RaftServerConfigKeys (ConfUtils.java:logGet(43)) - raft.server.log.appender.install.snapshot.enabled = false (custom)
2019-10-02 10:06:10,799 [f543130f-443f-4ba5-9d6e-59ecbb0ec00a@group-1F62FD6818B9-LeaderElection13] INFO  impl.RoleInfo (RoleInfo.java:updateAndGet(143)) - f543130f-443f-4ba5-9d6e-59ecbb0ec00a: start LeaderState
2019-10-02 10:06:10,799 [f543130f-443f-4ba5-9d6e-59ecbb0ec00a@group-1F62FD6818B9-LeaderElection13] INFO  segmented.SegmentedRaftLogWorker (SegmentedRaftLogWorker.java:startLogSegment(385)) - f543130f-443f-4ba5-9d6e-59ecbb0ec00a@group-1F62FD6818B9-SegmentedRaftLogWorker: Starting segment from index:0
2019-10-02 10:06:10,800 [f543130f-443f-4ba5-9d6e-59ecbb0ec00a@group-1F62FD6818B9-LeaderElection13] INFO  impl.RaftServerImpl (ServerState.java:setRaftConf(356)) - f543130f-443f-4ba5-9d6e-59ecbb0ec00a@group-1F62FD6818B9: set configuration 0: [f543130f-443f-4ba5-9d6e-59ecbb0ec00a:192.168.164.250:36191, 5a36316c-6269-4ab0-8563-6514c3376d21:192.168.164.250:32906, 49e61346-ce49-4850-8dcd-6024868ef21c:192.168.164.250:43655], old=null at 0
2019-10-02 10:06:10,826 [grpc-default-executor-3] INFO  impl.RaftServerImpl (ServerState.java:setLeader(255)) - 5a36316c-6269-4ab0-8563-6514c3376d21@group-1F62FD6818B9: change Leader from null to f543130f-443f-4ba5-9d6e-59ecbb0ec00a at term 1 for appendEntries, leader elected after 5151ms
2019-10-02 10:06:10,828 [grpc-default-executor-6] INFO  impl.RaftServerImpl (ServerState.java:setLeader(255)) - 49e61346-ce49-4850-8dcd-6024868ef21c@group-1F62FD6818B9: change Leader from null to f543130f-443f-4ba5-9d6e-59ecbb0ec00a at term 1 for appendEntries, leader elected after 5153ms
2019-10-02 10:06:10,833 [grpc-default-executor-6] INFO  impl.RaftServerImpl (ServerState.java:setRaftConf(356)) - 5a36316c-6269-4ab0-8563-6514c3376d21@group-1F62FD6818B9: set configuration 0: [f543130f-443f-4ba5-9d6e-59ecbb0ec00a:192.168.164.250:36191, 5a36316c-6269-4ab0-8563-6514c3376d21:192.168.164.250:32906, 49e61346-ce49-4850-8dcd-6024868ef21c:192.168.164.250:43655], old=null at 0
2019-10-02 10:06:10,834 [grpc-default-executor-6] INFO  segmented.SegmentedRaftLogWorker (SegmentedRaftLogWorker.java:startLogSegment(385)) - 5a36316c-6269-4ab0-8563-6514c3376d21@group-1F62FD6818B9-SegmentedRaftLogWorker: Starting segment from index:0
2019-10-02 10:06:10,834 [grpc-default-executor-3] INFO  impl.RaftServerImpl (ServerState.java:setRaftConf(356)) - 49e61346-ce49-4850-8dcd-6024868ef21c@group-1F62FD6818B9: set configuration 0: [f543130f-443f-4ba5-9d6e-59ecbb0ec00a:192.168.164.250:36191, 5a36316c-6269-4ab0-8563-6514c3376d21:192.168.164.250:32906, 49e61346-ce49-4850-8dcd-6024868ef21c:192.168.164.250:43655], old=null at 0
2019-10-02 10:06:10,834 [grpc-default-executor-3] INFO  segmented.SegmentedRaftLogWorker (SegmentedRaftLogWorker.java:startLogSegment(385)) - 49e61346-ce49-4850-8dcd-6024868ef21c@group-1F62FD6818B9-SegmentedRaftLogWorker: Starting segment from index:0
2019-10-02 10:06:10,837 [f543130f-443f-4ba5-9d6e-59ecbb0ec00a@group-1F62FD6818B9-SegmentedRaftLogWorker] INFO  segmented.SegmentedRaftLogWorker (SegmentedRaftLogWorker.java:execute(574)) - f543130f-443f-4ba5-9d6e-59ecbb0ec00a@group-1F62FD6818B9-SegmentedRaftLogWorker: created new log segment /workdir/hadoop-ozone/ozonefs/target/test-dir/MiniOzoneClusterImpl-a0bcfbd7-d664-4bc8-be8a-7389cc786fdd/datanode-3/data/ratis/20bdf111-68c5-4565-bb5d-1f62fd6818b9/current/log_inprogress_0
2019-10-02 10:06:10,888 [5a36316c-6269-4ab0-8563-6514c3376d21@group-1F62FD6818B9-SegmentedRaftLogWorker] INFO  segmented.SegmentedRaftLogWorker (SegmentedRaftLogWorker.java:execute(574)) - 5a36316c-6269-4ab0-8563-6514c3376d21@group-1F62FD6818B9-SegmentedRaftLogWorker: created new log segment /workdir/hadoop-ozone/ozonefs/target/test-dir/MiniOzoneClusterImpl-a0bcfbd7-d664-4bc8-be8a-7389cc786fdd/datanode-1/data/ratis/20bdf111-68c5-4565-bb5d-1f62fd6818b9/current/log_inprogress_0
2019-10-02 10:06:10,888 [49e61346-ce49-4850-8dcd-6024868ef21c@group-1F62FD6818B9-SegmentedRaftLogWorker] INFO  segmented.SegmentedRaftLogWorker (SegmentedRaftLogWorker.java:execute(574)) - 49e61346-ce49-4850-8dcd-6024868ef21c@group-1F62FD6818B9-SegmentedRaftLogWorker: created new log segment /workdir/hadoop-ozone/ozonefs/target/test-dir/MiniOzoneClusterImpl-a0bcfbd7-d664-4bc8-be8a-7389cc786fdd/datanode-2/data/ratis/20bdf111-68c5-4565-bb5d-1f62fd6818b9/current/log_inprogress_0
2019-10-02 10:06:10,945 [pool-56-thread-6] ERROR impl.ChunkManagerImpl (ChunkUtils.java:writeData(89)) - data array does not match the length specified. DataLen: 4 Byte Array: 160
2019-10-02 10:06:10,945 [pool-56-thread-6] INFO  keyvalue.KeyValueHandler (ContainerUtils.java:logAndReturnError(146)) - Operation: WriteChunk : Trace ID: c776fa86779d8b52:c776fa86779d8b52:0:0 : Message: data array does not match the length specified. DataLen: 4 Byte Array: 160 : Result: INVALID_WRITE_SIZE
2019-10-02 10:06:10,959 [EventQueue-IncrementalContainerReportForIncrementalContainerReportHandler] WARN  container.IncrementalContainerReportHandler (AbstractContainerReportHandler.java:updateContainerState(143)) - Container #6 is in OPEN state, but the datanode f543130f-443f-4ba5-9d6e-59ecbb0ec00a{ip: 192.168.164.250, host: pr-trunk-p5fv4-2201032288, networkLocation: /default-rack, certSerialId: null} reports an UNHEALTHY replica.
2019-10-02 10:06:10,959 [EventQueue-CloseContainerForCloseContainerEventHandler] INFO  container.CloseContainerEventHandler (CloseContainerEventHandler.java:onMessage(61)) - Close container Event triggered for container : #6
10:06:10.959 [pool-56-thread-6] ERROR DNAudit - user=null | ip=null | op=WRITE_CHUNK {blockData=conID: 6 locID: 102892225540849672 bcsId: 0} | ret=FAILURE
java.lang.Exception: data array does not match the length specified. DataLen: 4 Byte Array: 160
	at org.apache.hadoop.ozone.container.common.impl.HddsDispatcher.dispatchRequest(HddsDispatcher.java:330) ~[hadoop-hdds-container-service-0.5.0-SNAPSHOT.jar:?]
	at org.apache.hadoop.ozone.container.common.impl.HddsDispatcher.dispatch(HddsDispatcher.java:150) ~[hadoop-hdds-container-service-0.5.0-SNAPSHOT.jar:?]
	at org.apache.hadoop.ozone.container.common.transport.server.ratis.ContainerStateMachine.dispatchCommand(ContainerStateMachine.java:407) ~[hadoop-hdds-container-service-0.5.0-SNAPSHOT.jar:?]
	at org.apache.hadoop.ozone.container.common.transport.server.ratis.ContainerStateMachine.runCommand(ContainerStateMachine.java:415) ~[hadoop-hdds-container-service-0.5.0-SNAPSHOT.jar:?]
	at org.apache.hadoop.ozone.container.common.transport.server.ratis.ContainerStateMachine.lambda$handleWriteChunk$1(ContainerStateMachine.java:450) ~[hadoop-hdds-container-service-0.5.0-SNAPSHOT.jar:?]
	at java.util.concurrent.CompletableFuture$AsyncSupply.run(CompletableFuture.java:1590) [?:1.8.0_212]
	at java.util.concurrent.ThreadPoolExecutor.runWorker(ThreadPoolExecutor.java:1149) [?:1.8.0_212]
	at java.util.concurrent.ThreadPoolExecutor$Worker.run(ThreadPoolExecutor.java:624) [?:1.8.0_212]
	at java.lang.Thread.run(Thread.java:748) [?:1.8.0_212]
2019-10-02 10:06:10,959 [pool-56-thread-6] ERROR ratis.ContainerStateMachine (ContainerStateMachine.java:lambda$handleWriteChunk$2(470)) - group-1F62FD6818B9: writeChunk writeStateMachineData failed: blockIdcontainerID: 6
localID: 102892225540849672
blockCommitSequenceId: 0
 logIndex 1 chunkName 102892225540849672_chunk_1 Error message: data array does not match the length specified. DataLen: 4 Byte Array: 160 Container Result: INVALID_WRITE_SIZE
2019-10-02 10:06:10,960 [f543130f-443f-4ba5-9d6e-59ecbb0ec00a@group-1F62FD6818B9-SegmentedRaftLogWorker] ERROR ratis.XceiverServerRatis (XceiverServerRatis.java:triggerPipelineClose(581)) - pipeline Action CLOSE  on pipeline PipelineID=20bdf111-68c5-4565-bb5d-1f62fd6818b9.Reason : data array does not match the length specified. DataLen: 4 Byte Array: 160
2019-10-02 10:06:10,960 [f543130f-443f-4ba5-9d6e-59ecbb0ec00a@group-1F62FD6818B9-SegmentedRaftLogWorker] ERROR ratis.XceiverServerRatis (XceiverServerRatis.java:triggerPipelineClose(581)) - pipeline Action CLOSE  on pipeline PipelineID=20bdf111-68c5-4565-bb5d-1f62fd6818b9.Reason : Log already failed at index 1 for task WriteLog:1: (t:1, i:1), STATEMACHINELOGENTRY, client-0281888E9C06, cid=37
2019-10-02 10:06:10,961 [EventQueue-PipelineActionsForPipelineActionHandler] ERROR pipeline.PipelineActionHandler (PipelineActionHandler.java:onMessage(60)) - Received pipeline action CLOSE for Pipeline[ Id: 20bdf111-68c5-4565-bb5d-1f62fd6818b9, Nodes: f543130f-443f-4ba5-9d6e-59ecbb0ec00a{ip: 192.168.164.250, host: pr-trunk-p5fv4-2201032288, networkLocation: /default-rack, certSerialId: null}5a36316c-6269-4ab0-8563-6514c3376d21{ip: 192.168.164.250, host: pr-trunk-p5fv4-2201032288, networkLocation: /default-rack, certSerialId: null}49e61346-ce49-4850-8dcd-6024868ef21c{ip: 192.168.164.250, host: pr-trunk-p5fv4-2201032288, networkLocation: /default-rack, certSerialId: null}, Type:RATIS, Factor:THREE, State:OPEN] from datanode f543130f-443f-4ba5-9d6e-59ecbb0ec00a{ip: 192.168.164.250, host: pr-trunk-p5fv4-2201032288, networkLocation: /default-rack, certSerialId: null}. Reason : data array does not match the length specified. DataLen: 4 Byte Array: 160
2019-10-02 10:06:10,961 [EventQueue-PipelineActionsForPipelineActionHandler] INFO  pipeline.SCMPipelineManager (SCMPipelineManager.java:finalizeAndDestroyPipeline(315)) - destroying pipeline:Pipeline[ Id: 20bdf111-68c5-4565-bb5d-1f62fd6818b9, Nodes: f543130f-443f-4ba5-9d6e-59ecbb0ec00a{ip: 192.168.164.250, host: pr-trunk-p5fv4-2201032288, networkLocation: /default-rack, certSerialId: null}5a36316c-6269-4ab0-8563-6514c3376d21{ip: 192.168.164.250, host: pr-trunk-p5fv4-2201032288, networkLocation: /default-rack, certSerialId: null}49e61346-ce49-4850-8dcd-6024868ef21c{ip: 192.168.164.250, host: pr-trunk-p5fv4-2201032288, networkLocation: /default-rack, certSerialId: null}, Type:RATIS, Factor:THREE, State:OPEN]
2019-10-02 10:06:10,961 [EventQueue-PipelineActionsForPipelineActionHandler] INFO  pipeline.PipelineStateManager (PipelineStateManager.java:finalizePipeline(123)) - Pipeline Pipeline[ Id: 20bdf111-68c5-4565-bb5d-1f62fd6818b9, Nodes: f543130f-443f-4ba5-9d6e-59ecbb0ec00a{ip: 192.168.164.250, host: pr-trunk-p5fv4-2201032288, networkLocation: /default-rack, certSerialId: null}5a36316c-6269-4ab0-8563-6514c3376d21{ip: 192.168.164.250, host: pr-trunk-p5fv4-2201032288, networkLocation: /default-rack, certSerialId: null}49e61346-ce49-4850-8dcd-6024868ef21c{ip: 192.168.164.250, host: pr-trunk-p5fv4-2201032288, networkLocation: /default-rack, certSerialId: null}, Type:RATIS, Factor:THREE, State:CLOSED] moved to CLOSED state
2019-10-02 10:06:10,962 [EventQueue-PipelineActionsForPipelineActionHandler] ERROR pipeline.PipelineActionHandler (PipelineActionHandler.java:onMessage(60)) - Received pipeline action CLOSE for Pipeline[ Id: 20bdf111-68c5-4565-bb5d-1f62fd6818b9, Nodes: f543130f-443f-4ba5-9d6e-59ecbb0ec00a{ip: 192.168.164.250, host: pr-trunk-p5fv4-2201032288, networkLocation: /default-rack, certSerialId: null}5a36316c-6269-4ab0-8563-6514c3376d21{ip: 192.168.164.250, host: pr-trunk-p5fv4-2201032288, networkLocation: /default-rack, certSerialId: null}49e61346-ce49-4850-8dcd-6024868ef21c{ip: 192.168.164.250, host: pr-trunk-p5fv4-2201032288, networkLocation: /default-rack, certSerialId: null}, Type:RATIS, Factor:THREE, State:CLOSED] from datanode f543130f-443f-4ba5-9d6e-59ecbb0ec00a{ip: 192.168.164.250, host: pr-trunk-p5fv4-2201032288, networkLocation: /default-rack, certSerialId: null}. Reason : Log already failed at index 1 for task WriteLog:1: (t:1, i:1), STATEMACHINELOGENTRY, client-0281888E9C06, cid=37
2019-10-02 10:06:10,962 [EventQueue-PipelineActionsForPipelineActionHandler] INFO  pipeline.SCMPipelineManager (SCMPipelineManager.java:finalizeAndDestroyPipeline(315)) - destroying pipeline:Pipeline[ Id: 20bdf111-68c5-4565-bb5d-1f62fd6818b9, Nodes: f543130f-443f-4ba5-9d6e-59ecbb0ec00a{ip: 192.168.164.250, host: pr-trunk-p5fv4-2201032288, networkLocation: /default-rack, certSerialId: null}5a36316c-6269-4ab0-8563-6514c3376d21{ip: 192.168.164.250, host: pr-trunk-p5fv4-2201032288, networkLocation: /default-rack, certSerialId: null}49e61346-ce49-4850-8dcd-6024868ef21c{ip: 192.168.164.250, host: pr-trunk-p5fv4-2201032288, networkLocation: /default-rack, certSerialId: null}, Type:RATIS, Factor:THREE, State:CLOSED]
2019-10-02 10:06:11,086 [java.util.concurrent.ThreadPoolExecutor$Worker@74cd7909[State = -1, empty queue]] ERROR client.GrpcClientProtocolClient (GrpcClientProtocolClient.java:close(148)) - Unexpected exception while waiting for channel termination
java.lang.InterruptedException
	at java.util.concurrent.locks.AbstractQueuedSynchronizer.tryAcquireSharedNanos(AbstractQueuedSynchronizer.java:1326)
	at java.util.concurrent.CountDownLatch.await(CountDownLatch.java:277)
	at org.apache.ratis.thirdparty.io.grpc.internal.ManagedChannelImpl.awaitTermination(ManagedChannelImpl.java:763)
	at org.apache.ratis.thirdparty.io.grpc.internal.ForwardingManagedChannel.awaitTermination(ForwardingManagedChannel.java:57)
	at org.apache.ratis.thirdparty.io.grpc.internal.ManagedChannelOrphanWrapper.awaitTermination(ManagedChannelOrphanWrapper.java:70)
	at org.apache.ratis.grpc.client.GrpcClientProtocolClient.close(GrpcClientProtocolClient.java:146)
	at org.apache.ratis.util.PeerProxyMap$PeerAndProxy.lambda$close$1(PeerProxyMap.java:74)
	at org.apache.ratis.util.LifeCycle.lambda$checkStateAndClose$2(LifeCycle.java:231)
	at org.apache.ratis.util.LifeCycle.checkStateAndClose(LifeCycle.java:251)
	at org.apache.ratis.util.LifeCycle.checkStateAndClose(LifeCycle.java:229)
	at org.apache.ratis.util.PeerProxyMap$PeerAndProxy.close(PeerProxyMap.java:70)
	at org.apache.ratis.util.PeerProxyMap.resetProxy(PeerProxyMap.java:127)
	at org.apache.ratis.util.PeerProxyMap.handleException(PeerProxyMap.java:136)
	at org.apache.ratis.client.impl.RaftClientRpcWithProxy.handleException(RaftClientRpcWithProxy.java:47)
	at org.apache.ratis.client.impl.RaftClientImpl.handleIOException(RaftClientImpl.java:372)
	at org.apache.ratis.client.impl.OrderedAsync.lambda$sendRequest$10(OrderedAsync.java:236)
	at java.util.concurrent.CompletableFuture.uniExceptionally(CompletableFuture.java:870)
	at java.util.concurrent.CompletableFuture$UniExceptionally.tryFire(CompletableFuture.java:852)
	at java.util.concurrent.CompletableFuture.postComplete(CompletableFuture.java:474)
	at java.util.concurrent.CompletableFuture.completeExceptionally(CompletableFuture.java:1977)
	at org.apache.ratis.grpc.client.GrpcClientProtocolClient$AsyncStreamObservers.lambda$timeoutCheck$3(GrpcClientProtocolClient.java:324)
	at java.util.Optional.ifPresent(Optional.java:159)
	at org.apache.ratis.grpc.client.GrpcClientProtocolClient$AsyncStreamObservers.handleReplyFuture(GrpcClientProtocolClient.java:329)
	at org.apache.ratis.grpc.client.GrpcClientProtocolClient$AsyncStreamObservers.timeoutCheck(GrpcClientProtocolClient.java:324)
	at org.apache.ratis.grpc.client.GrpcClientProtocolClient$AsyncStreamObservers.lambda$onNext$1(GrpcClientProtocolClient.java:318)
	at org.apache.ratis.util.TimeoutScheduler.lambda$onTimeout$0(TimeoutScheduler.java:113)
	at org.apache.ratis.util.TimeoutScheduler.lambda$onTimeout$1(TimeoutScheduler.java:133)
	at org.apache.ratis.util.LogUtils.runAndLog(LogUtils.java:50)
	at org.apache.ratis.util.LogUtils$1.run(LogUtils.java:91)
	at java.util.concurrent.Executors$RunnableAdapter.call(Executors.java:511)
	at java.util.concurrent.FutureTask.run(FutureTask.java:266)
	at java.util.concurrent.ScheduledThreadPoolExecutor$ScheduledFutureTask.access$201(ScheduledThreadPoolExecutor.java:180)
	at java.util.concurrent.ScheduledThreadPoolExecutor$ScheduledFutureTask.run(ScheduledThreadPoolExecutor.java:293)
	at java.util.concurrent.ThreadPoolExecutor.runWorker(ThreadPoolExecutor.java:1149)
	at java.util.concurrent.ThreadPoolExecutor$Worker.run(ThreadPoolExecutor.java:624)
	at java.lang.Thread.run(Thread.java:748)
2019-10-02 10:06:11,091 [java.util.concurrent.ThreadPoolExecutor$Worker@74cd7909[State = -1, empty queue]] WARN  util.TimeoutScheduler (LogUtils.java:runAndLog(55)) - Failed to task #0: java.lang.NullPointerException
2019-10-02 10:06:13,847 [java.util.concurrent.ThreadPoolExecutor$Worker@d1c64c7[State = -1, empty queue]] ERROR client.GrpcClientProtocolClient (GrpcClientProtocolClient.java:close(148)) - Unexpected exception while waiting for channel termination
java.lang.InterruptedException
	at java.util.concurrent.locks.AbstractQueuedSynchronizer.tryAcquireSharedNanos(AbstractQueuedSynchronizer.java:1326)
	at java.util.concurrent.CountDownLatch.await(CountDownLatch.java:277)
	at org.apache.ratis.thirdparty.io.grpc.internal.ManagedChannelImpl.awaitTermination(ManagedChannelImpl.java:763)
	at org.apache.ratis.thirdparty.io.grpc.internal.ForwardingManagedChannel.awaitTermination(ForwardingManagedChannel.java:57)
	at org.apache.ratis.thirdparty.io.grpc.internal.ManagedChannelOrphanWrapper.awaitTermination(ManagedChannelOrphanWrapper.java:70)
	at org.apache.ratis.grpc.client.GrpcClientProtocolClient.close(GrpcClientProtocolClient.java:146)
	at org.apache.ratis.util.PeerProxyMap$PeerAndProxy.lambda$close$1(PeerProxyMap.java:74)
	at org.apache.ratis.util.LifeCycle.lambda$checkStateAndClose$2(LifeCycle.java:231)
	at org.apache.ratis.util.LifeCycle.checkStateAndClose(LifeCycle.java:251)
	at org.apache.ratis.util.LifeCycle.checkStateAndClose(LifeCycle.java:229)
	at org.apache.ratis.util.PeerProxyMap$PeerAndProxy.close(PeerProxyMap.java:70)
	at org.apache.ratis.util.PeerProxyMap.resetProxy(PeerProxyMap.java:127)
	at org.apache.ratis.util.PeerProxyMap.handleException(PeerProxyMap.java:136)
	at org.apache.ratis.client.impl.RaftClientRpcWithProxy.handleException(RaftClientRpcWithProxy.java:47)
	at org.apache.ratis.client.impl.RaftClientImpl.handleIOException(RaftClientImpl.java:372)
	at org.apache.ratis.client.impl.OrderedAsync.lambda$sendRequest$10(OrderedAsync.java:236)
	at java.util.concurrent.CompletableFuture.uniExceptionally(CompletableFuture.java:870)
	at java.util.concurrent.CompletableFuture$UniExceptionally.tryFire(CompletableFuture.java:852)
	at java.util.concurrent.CompletableFuture.postComplete(CompletableFuture.java:474)
	at java.util.concurrent.CompletableFuture.completeExceptionally(CompletableFuture.java:1977)
	at org.apache.ratis.grpc.client.GrpcClientProtocolClient$AsyncStreamObservers.lambda$timeoutCheck$3(GrpcClientProtocolClient.java:324)
	at java.util.Optional.ifPresent(Optional.java:159)
	at org.apache.ratis.grpc.client.GrpcClientProtocolClient$AsyncStreamObservers.handleReplyFuture(GrpcClientProtocolClient.java:329)
	at org.apache.ratis.grpc.client.GrpcClientProtocolClient$AsyncStreamObservers.timeoutCheck(GrpcClientProtocolClient.java:324)
	at org.apache.ratis.grpc.client.GrpcClientProtocolClient$AsyncStreamObservers.lambda$onNext$1(GrpcClientProtocolClient.java:318)
	at org.apache.ratis.util.TimeoutScheduler.lambda$onTimeout$0(TimeoutScheduler.java:113)
	at org.apache.ratis.util.TimeoutScheduler.lambda$onTimeout$1(TimeoutScheduler.java:133)
	at org.apache.ratis.util.LogUtils.runAndLog(LogUtils.java:50)
	at org.apache.ratis.util.LogUtils$1.run(LogUtils.java:91)
	at java.util.concurrent.Executors$RunnableAdapter.call(Executors.java:511)
	at java.util.concurrent.FutureTask.run(FutureTask.java:266)
	at java.util.concurrent.ScheduledThreadPoolExecutor$ScheduledFutureTask.access$201(ScheduledThreadPoolExecutor.java:180)
	at java.util.concurrent.ScheduledThreadPoolExecutor$ScheduledFutureTask.run(ScheduledThreadPoolExecutor.java:293)
	at java.util.concurrent.ThreadPoolExecutor.runWorker(ThreadPoolExecutor.java:1149)
	at java.util.concurrent.ThreadPoolExecutor$Worker.run(ThreadPoolExecutor.java:624)
	at java.lang.Thread.run(Thread.java:748)
2019-10-02 10:06:13,850 [java.util.concurrent.ThreadPoolExecutor$Worker@d1c64c7[State = -1, empty queue]] WARN  util.TimeoutScheduler (LogUtils.java:runAndLog(55)) - Failed to task #0: java.lang.NullPointerException
2019-10-02 10:06:15,111 [java.util.concurrent.ThreadPoolExecutor$Worker@414e263e[State = -1, empty queue]] ERROR client.GrpcClientProtocolClient (GrpcClientProtocolClient.java:close(148)) - Unexpected exception while waiting for channel termination
java.lang.InterruptedException
	at java.util.concurrent.locks.AbstractQueuedSynchronizer.tryAcquireSharedNanos(AbstractQueuedSynchronizer.java:1326)
	at java.util.concurrent.CountDownLatch.await(CountDownLatch.java:277)
	at org.apache.ratis.thirdparty.io.grpc.internal.ManagedChannelImpl.awaitTermination(ManagedChannelImpl.java:763)
	at org.apache.ratis.thirdparty.io.grpc.internal.ForwardingManagedChannel.awaitTermination(ForwardingManagedChannel.java:57)
	at org.apache.ratis.thirdparty.io.grpc.internal.ManagedChannelOrphanWrapper.awaitTermination(ManagedChannelOrphanWrapper.java:70)
	at org.apache.ratis.grpc.client.GrpcClientProtocolClient.close(GrpcClientProtocolClient.java:146)
	at org.apache.ratis.util.PeerProxyMap$PeerAndProxy.lambda$close$1(PeerProxyMap.java:74)
	at org.apache.ratis.util.LifeCycle.lambda$checkStateAndClose$2(LifeCycle.java:231)
	at org.apache.ratis.util.LifeCycle.checkStateAndClose(LifeCycle.java:251)
	at org.apache.ratis.util.LifeCycle.checkStateAndClose(LifeCycle.java:229)
	at org.apache.ratis.util.PeerProxyMap$PeerAndProxy.close(PeerProxyMap.java:70)
	at org.apache.ratis.util.PeerProxyMap.resetProxy(PeerProxyMap.java:127)
	at org.apache.ratis.util.PeerProxyMap.handleException(PeerProxyMap.java:136)
	at org.apache.ratis.client.impl.RaftClientRpcWithProxy.handleException(RaftClientRpcWithProxy.java:47)
	at org.apache.ratis.client.impl.RaftClientImpl.handleIOException(RaftClientImpl.java:372)
	at org.apache.ratis.client.impl.OrderedAsync.lambda$sendRequest$10(OrderedAsync.java:236)
	at java.util.concurrent.CompletableFuture.uniExceptionally(CompletableFuture.java:870)
	at java.util.concurrent.CompletableFuture$UniExceptionally.tryFire(CompletableFuture.java:852)
	at java.util.concurrent.CompletableFuture.postComplete(CompletableFuture.java:474)
	at java.util.concurrent.CompletableFuture.completeExceptionally(CompletableFuture.java:1977)
	at org.apache.ratis.grpc.client.GrpcClientProtocolClient$AsyncStreamObservers.lambda$timeoutCheck$3(GrpcClientProtocolClient.java:324)
	at java.util.Optional.ifPresent(Optional.java:159)
	at org.apache.ratis.grpc.client.GrpcClientProtocolClient$AsyncStreamObservers.handleReplyFuture(GrpcClientProtocolClient.java:329)
	at org.apache.ratis.grpc.client.GrpcClientProtocolClient$AsyncStreamObservers.timeoutCheck(GrpcClientProtocolClient.java:324)
	at org.apache.ratis.grpc.client.GrpcClientProtocolClient$AsyncStreamObservers.lambda$onNext$1(GrpcClientProtocolClient.java:318)
	at org.apache.ratis.util.TimeoutScheduler.lambda$onTimeout$0(TimeoutScheduler.java:113)
	at org.apache.ratis.util.TimeoutScheduler.lambda$onTimeout$1(TimeoutScheduler.java:133)
	at org.apache.ratis.util.LogUtils.runAndLog(LogUtils.java:50)
	at org.apache.ratis.util.LogUtils$1.run(LogUtils.java:91)
	at java.util.concurrent.Executors$RunnableAdapter.call(Executors.java:511)
	at java.util.concurrent.FutureTask.run(FutureTask.java:266)
	at java.util.concurrent.ScheduledThreadPoolExecutor$ScheduledFutureTask.access$201(ScheduledThreadPoolExecutor.java:180)
	at java.util.concurrent.ScheduledThreadPoolExecutor$ScheduledFutureTask.run(ScheduledThreadPoolExecutor.java:293)
	at java.util.concurrent.ThreadPoolExecutor.runWorker(ThreadPoolExecutor.java:1149)
	at java.util.concurrent.ThreadPoolExecutor$Worker.run(ThreadPoolExecutor.java:624)
	at java.lang.Thread.run(Thread.java:748)
2019-10-02 10:06:15,112 [java.util.concurrent.ThreadPoolExecutor$Worker@414e263e[State = -1, empty queue]] WARN  util.TimeoutScheduler (LogUtils.java:runAndLog(55)) - Failed to task #0: java.lang.NullPointerException
2019-10-02 10:06:17,896 [java.util.concurrent.ThreadPoolExecutor$Worker@ab5c8c4[State = -1, empty queue]] ERROR client.GrpcClientProtocolClient (GrpcClientProtocolClient.java:close(148)) - Unexpected exception while waiting for channel termination
java.lang.InterruptedException
	at java.util.concurrent.locks.AbstractQueuedSynchronizer.tryAcquireSharedNanos(AbstractQueuedSynchronizer.java:1326)
	at java.util.concurrent.CountDownLatch.await(CountDownLatch.java:277)
	at org.apache.ratis.thirdparty.io.grpc.internal.ManagedChannelImpl.awaitTermination(ManagedChannelImpl.java:763)
	at org.apache.ratis.thirdparty.io.grpc.internal.ForwardingManagedChannel.awaitTermination(ForwardingManagedChannel.java:57)
	at org.apache.ratis.thirdparty.io.grpc.internal.ManagedChannelOrphanWrapper.awaitTermination(ManagedChannelOrphanWrapper.java:70)
	at org.apache.ratis.grpc.client.GrpcClientProtocolClient.close(GrpcClientProtocolClient.java:146)
	at org.apache.ratis.util.PeerProxyMap$PeerAndProxy.lambda$close$1(PeerProxyMap.java:74)
	at org.apache.ratis.util.LifeCycle.lambda$checkStateAndClose$2(LifeCycle.java:231)
	at org.apache.ratis.util.LifeCycle.checkStateAndClose(LifeCycle.java:251)
	at org.apache.ratis.util.LifeCycle.checkStateAndClose(LifeCycle.java:229)
	at org.apache.ratis.util.PeerProxyMap$PeerAndProxy.close(PeerProxyMap.java:70)
	at org.apache.ratis.util.PeerProxyMap.resetProxy(PeerProxyMap.java:127)
	at org.apache.ratis.util.PeerProxyMap.handleException(PeerProxyMap.java:136)
	at org.apache.ratis.client.impl.RaftClientRpcWithProxy.handleException(RaftClientRpcWithProxy.java:47)
	at org.apache.ratis.client.impl.RaftClientImpl.handleIOException(RaftClientImpl.java:372)
	at org.apache.ratis.client.impl.OrderedAsync.lambda$sendRequest$10(OrderedAsync.java:236)
	at java.util.concurrent.CompletableFuture.uniExceptionally(CompletableFuture.java:870)
	at java.util.concurrent.CompletableFuture$UniExceptionally.tryFire(CompletableFuture.java:852)
	at java.util.concurrent.CompletableFuture.postComplete(CompletableFuture.java:474)
	at java.util.concurrent.CompletableFuture.completeExceptionally(CompletableFuture.java:1977)
	at org.apache.ratis.grpc.client.GrpcClientProtocolClient$AsyncStreamObservers.lambda$timeoutCheck$3(GrpcClientProtocolClient.java:324)
	at java.util.Optional.ifPresent(Optional.java:159)
	at org.apache.ratis.grpc.client.GrpcClientProtocolClient$AsyncStreamObservers.handleReplyFuture(GrpcClientProtocolClient.java:329)
	at org.apache.ratis.grpc.client.GrpcClientProtocolClient$AsyncStreamObservers.timeoutCheck(GrpcClientProtocolClient.java:324)
	at org.apache.ratis.grpc.client.GrpcClientProtocolClient$AsyncStreamObservers.lambda$onNext$1(GrpcClientProtocolClient.java:318)
	at org.apache.ratis.util.TimeoutScheduler.lambda$onTimeout$0(TimeoutScheduler.java:113)
	at org.apache.ratis.util.TimeoutScheduler.lambda$onTimeout$1(TimeoutScheduler.java:133)
	at org.apache.ratis.util.LogUtils.runAndLog(LogUtils.java:50)
	at org.apache.ratis.util.LogUtils$1.run(LogUtils.java:91)
	at java.util.concurrent.Executors$RunnableAdapter.call(Executors.java:511)
	at java.util.concurrent.FutureTask.run(FutureTask.java:266)
	at java.util.concurrent.ScheduledThreadPoolExecutor$ScheduledFutureTask.access$201(ScheduledThreadPoolExecutor.java:180)
	at java.util.concurrent.ScheduledThreadPoolExecutor$ScheduledFutureTask.run(ScheduledThreadPoolExecutor.java:293)
	at java.util.concurrent.ThreadPoolExecutor.runWorker(ThreadPoolExecutor.java:1149)
	at java.util.concurrent.ThreadPoolExecutor$Worker.run(ThreadPoolExecutor.java:624)
	at java.lang.Thread.run(Thread.java:748)
2019-10-02 10:06:17,898 [java.util.concurrent.ThreadPoolExecutor$Worker@ab5c8c4[State = -1, empty queue]] WARN  util.TimeoutScheduler (LogUtils.java:runAndLog(55)) - Failed to task #0: java.lang.NullPointerException
2019-10-02 10:06:19,143 [java.util.concurrent.ThreadPoolExecutor$Worker@51a7aa06[State = -1, empty queue]] ERROR client.GrpcClientProtocolClient (GrpcClientProtocolClient.java:close(148)) - Unexpected exception while waiting for channel termination
java.lang.InterruptedException
	at java.util.concurrent.locks.AbstractQueuedSynchronizer.tryAcquireSharedNanos(AbstractQueuedSynchronizer.java:1326)
	at java.util.concurrent.CountDownLatch.await(CountDownLatch.java:277)
	at org.apache.ratis.thirdparty.io.grpc.internal.ManagedChannelImpl.awaitTermination(ManagedChannelImpl.java:763)
	at org.apache.ratis.thirdparty.io.grpc.internal.ForwardingManagedChannel.awaitTermination(ForwardingManagedChannel.java:57)
	at org.apache.ratis.thirdparty.io.grpc.internal.ManagedChannelOrphanWrapper.awaitTermination(ManagedChannelOrphanWrapper.java:70)
	at org.apache.ratis.grpc.client.GrpcClientProtocolClient.close(GrpcClientProtocolClient.java:146)
	at org.apache.ratis.util.PeerProxyMap$PeerAndProxy.lambda$close$1(PeerProxyMap.java:74)
	at org.apache.ratis.util.LifeCycle.lambda$checkStateAndClose$2(LifeCycle.java:231)
	at org.apache.ratis.util.LifeCycle.checkStateAndClose(LifeCycle.java:251)
	at org.apache.ratis.util.LifeCycle.checkStateAndClose(LifeCycle.java:229)
	at org.apache.ratis.util.PeerProxyMap$PeerAndProxy.close(PeerProxyMap.java:70)
	at org.apache.ratis.util.PeerProxyMap.resetProxy(PeerProxyMap.java:127)
	at org.apache.ratis.util.PeerProxyMap.handleException(PeerProxyMap.java:136)
	at org.apache.ratis.client.impl.RaftClientRpcWithProxy.handleException(RaftClientRpcWithProxy.java:47)
	at org.apache.ratis.client.impl.RaftClientImpl.handleIOException(RaftClientImpl.java:372)
	at org.apache.ratis.client.impl.OrderedAsync.lambda$sendRequest$10(OrderedAsync.java:236)
	at java.util.concurrent.CompletableFuture.uniExceptionally(CompletableFuture.java:870)
	at java.util.concurrent.CompletableFuture$UniExceptionally.tryFire(CompletableFuture.java:852)
	at java.util.concurrent.CompletableFuture.postComplete(CompletableFuture.java:474)
	at java.util.concurrent.CompletableFuture.completeExceptionally(CompletableFuture.java:1977)
	at org.apache.ratis.grpc.client.GrpcClientProtocolClient$AsyncStreamObservers.lambda$timeoutCheck$3(GrpcClientProtocolClient.java:324)
	at java.util.Optional.ifPresent(Optional.java:159)
	at org.apache.ratis.grpc.client.GrpcClientProtocolClient$AsyncStreamObservers.handleReplyFuture(GrpcClientProtocolClient.java:329)
	at org.apache.ratis.grpc.client.GrpcClientProtocolClient$AsyncStreamObservers.timeoutCheck(GrpcClientProtocolClient.java:324)
	at org.apache.ratis.grpc.client.GrpcClientProtocolClient$AsyncStreamObservers.lambda$onNext$1(GrpcClientProtocolClient.java:318)
	at org.apache.ratis.util.TimeoutScheduler.lambda$onTimeout$0(TimeoutScheduler.java:113)
	at org.apache.ratis.util.TimeoutScheduler.lambda$onTimeout$1(TimeoutScheduler.java:133)
	at org.apache.ratis.util.LogUtils.runAndLog(LogUtils.java:50)
	at org.apache.ratis.util.LogUtils$1.run(LogUtils.java:91)
	at java.util.concurrent.Executors$RunnableAdapter.call(Executors.java:511)
	at java.util.concurrent.FutureTask.run(FutureTask.java:266)
	at java.util.concurrent.ScheduledThreadPoolExecutor$ScheduledFutureTask.access$201(ScheduledThreadPoolExecutor.java:180)
	at java.util.concurrent.ScheduledThreadPoolExecutor$ScheduledFutureTask.run(ScheduledThreadPoolExecutor.java:293)
	at java.util.concurrent.ThreadPoolExecutor.runWorker(ThreadPoolExecutor.java:1149)
	at java.util.concurrent.ThreadPoolExecutor$Worker.run(ThreadPoolExecutor.java:624)
	at java.lang.Thread.run(Thread.java:748)
2019-10-02 10:06:19,156 [java.util.concurrent.ThreadPoolExecutor$Worker@51a7aa06[State = -1, empty queue]] WARN  util.TimeoutScheduler (LogUtils.java:runAndLog(55)) - Failed to task #0: java.lang.NullPointerException
2019-10-02 10:06:21,930 [java.util.concurrent.ThreadPoolExecutor$Worker@36084f04[State = -1, empty queue]] ERROR client.GrpcClientProtocolClient (GrpcClientProtocolClient.java:close(148)) - Unexpected exception while waiting for channel termination
java.lang.InterruptedException
	at java.util.concurrent.locks.AbstractQueuedSynchronizer.tryAcquireSharedNanos(AbstractQueuedSynchronizer.java:1326)
	at java.util.concurrent.CountDownLatch.await(CountDownLatch.java:277)
	at org.apache.ratis.thirdparty.io.grpc.internal.ManagedChannelImpl.awaitTermination(ManagedChannelImpl.java:763)
	at org.apache.ratis.thirdparty.io.grpc.internal.ForwardingManagedChannel.awaitTermination(ForwardingManagedChannel.java:57)
	at org.apache.ratis.thirdparty.io.grpc.internal.ManagedChannelOrphanWrapper.awaitTermination(ManagedChannelOrphanWrapper.java:70)
	at org.apache.ratis.grpc.client.GrpcClientProtocolClient.close(GrpcClientProtocolClient.java:146)
	at org.apache.ratis.util.PeerProxyMap$PeerAndProxy.lambda$close$1(PeerProxyMap.java:74)
	at org.apache.ratis.util.LifeCycle.lambda$checkStateAndClose$2(LifeCycle.java:231)
	at org.apache.ratis.util.LifeCycle.checkStateAndClose(LifeCycle.java:251)
	at org.apache.ratis.util.LifeCycle.checkStateAndClose(LifeCycle.java:229)
	at org.apache.ratis.util.PeerProxyMap$PeerAndProxy.close(PeerProxyMap.java:70)
	at org.apache.ratis.util.PeerProxyMap.resetProxy(PeerProxyMap.java:127)
	at org.apache.ratis.util.PeerProxyMap.handleException(PeerProxyMap.java:136)
	at org.apache.ratis.client.impl.RaftClientRpcWithProxy.handleException(RaftClientRpcWithProxy.java:47)
	at org.apache.ratis.client.impl.RaftClientImpl.handleIOException(RaftClientImpl.java:372)
	at org.apache.ratis.client.impl.OrderedAsync.lambda$sendRequest$10(OrderedAsync.java:236)
	at java.util.concurrent.CompletableFuture.uniExceptionally(CompletableFuture.java:870)
	at java.util.concurrent.CompletableFuture$UniExceptionally.tryFire(CompletableFuture.java:852)
	at java.util.concurrent.CompletableFuture.postComplete(CompletableFuture.java:474)
	at java.util.concurrent.CompletableFuture.completeExceptionally(CompletableFuture.java:1977)
	at org.apache.ratis.grpc.client.GrpcClientProtocolClient$AsyncStreamObservers.lambda$timeoutCheck$3(GrpcClientProtocolClient.java:324)
	at java.util.Optional.ifPresent(Optional.java:159)
	at org.apache.ratis.grpc.client.GrpcClientProtocolClient$AsyncStreamObservers.handleReplyFuture(GrpcClientProtocolClient.java:329)
	at org.apache.ratis.grpc.client.GrpcClientProtocolClient$AsyncStreamObservers.timeoutCheck(GrpcClientProtocolClient.java:324)
	at org.apache.ratis.grpc.client.GrpcClientProtocolClient$AsyncStreamObservers.lambda$onNext$1(GrpcClientProtocolClient.java:318)
	at org.apache.ratis.util.TimeoutScheduler.lambda$onTimeout$0(TimeoutScheduler.java:113)
	at org.apache.ratis.util.TimeoutScheduler.lambda$onTimeout$1(TimeoutScheduler.java:133)
	at org.apache.ratis.util.LogUtils.runAndLog(LogUtils.java:50)
	at org.apache.ratis.util.LogUtils$1.run(LogUtils.java:91)
	at java.util.concurrent.Executors$RunnableAdapter.call(Executors.java:511)
	at java.util.concurrent.FutureTask.run(FutureTask.java:266)
	at java.util.concurrent.ScheduledThreadPoolExecutor$ScheduledFutureTask.access$201(ScheduledThreadPoolExecutor.java:180)
	at java.util.concurrent.ScheduledThreadPoolExecutor$ScheduledFutureTask.run(ScheduledThreadPoolExecutor.java:293)
	at java.util.concurrent.ThreadPoolExecutor.runWorker(ThreadPoolExecutor.java:1149)
	at java.util.concurrent.ThreadPoolExecutor$Worker.run(ThreadPoolExecutor.java:624)
	at java.lang.Thread.run(Thread.java:748)
2019-10-02 10:06:21,932 [java.util.concurrent.ThreadPoolExecutor$Worker@36084f04[State = -1, empty queue]] WARN  util.TimeoutScheduler (LogUtils.java:runAndLog(55)) - Failed to task #0: java.lang.NullPointerException
2019-10-02 10:06:23,178 [java.util.concurrent.ThreadPoolExecutor$Worker@35d1cf41[State = -1, empty queue]] ERROR client.GrpcClientProtocolClient (GrpcClientProtocolClient.java:close(148)) - Unexpected exception while waiting for channel termination
java.lang.InterruptedException
	at java.util.concurrent.locks.AbstractQueuedSynchronizer.tryAcquireSharedNanos(AbstractQueuedSynchronizer.java:1326)
	at java.util.concurrent.CountDownLatch.await(CountDownLatch.java:277)
	at org.apache.ratis.thirdparty.io.grpc.internal.ManagedChannelImpl.awaitTermination(ManagedChannelImpl.java:763)
	at org.apache.ratis.thirdparty.io.grpc.internal.ForwardingManagedChannel.awaitTermination(ForwardingManagedChannel.java:57)
	at org.apache.ratis.thirdparty.io.grpc.internal.ManagedChannelOrphanWrapper.awaitTermination(ManagedChannelOrphanWrapper.java:70)
	at org.apache.ratis.grpc.client.GrpcClientProtocolClient.close(GrpcClientProtocolClient.java:146)
	at org.apache.ratis.util.PeerProxyMap$PeerAndProxy.lambda$close$1(PeerProxyMap.java:74)
	at org.apache.ratis.util.LifeCycle.lambda$checkStateAndClose$2(LifeCycle.java:231)
	at org.apache.ratis.util.LifeCycle.checkStateAndClose(LifeCycle.java:251)
	at org.apache.ratis.util.LifeCycle.checkStateAndClose(LifeCycle.java:229)
	at org.apache.ratis.util.PeerProxyMap$PeerAndProxy.close(PeerProxyMap.java:70)
	at org.apache.ratis.util.PeerProxyMap.resetProxy(PeerProxyMap.java:127)
	at org.apache.ratis.util.PeerProxyMap.handleException(PeerProxyMap.java:136)
	at org.apache.ratis.client.impl.RaftClientRpcWithProxy.handleException(RaftClientRpcWithProxy.java:47)
	at org.apache.ratis.client.impl.RaftClientImpl.handleIOException(RaftClientImpl.java:372)
	at org.apache.ratis.client.impl.OrderedAsync.lambda$sendRequest$10(OrderedAsync.java:236)
	at java.util.concurrent.CompletableFuture.uniExceptionally(CompletableFuture.java:870)
	at java.util.concurrent.CompletableFuture$UniExceptionally.tryFire(CompletableFuture.java:852)
	at java.util.concurrent.CompletableFuture.postComplete(CompletableFuture.java:474)
	at java.util.concurrent.CompletableFuture.completeExceptionally(CompletableFuture.java:1977)
	at org.apache.ratis.grpc.client.GrpcClientProtocolClient$AsyncStreamObservers.lambda$timeoutCheck$3(GrpcClientProtocolClient.java:324)
	at java.util.Optional.ifPresent(Optional.java:159)
	at org.apache.ratis.grpc.client.GrpcClientProtocolClient$AsyncStreamObservers.handleReplyFuture(GrpcClientProtocolClient.java:329)
	at org.apache.ratis.grpc.client.GrpcClientProtocolClient$AsyncStreamObservers.timeoutCheck(GrpcClientProtocolClient.java:324)
	at org.apache.ratis.grpc.client.GrpcClientProtocolClient$AsyncStreamObservers.lambda$onNext$1(GrpcClientProtocolClient.java:318)
	at org.apache.ratis.util.TimeoutScheduler.lambda$onTimeout$0(TimeoutScheduler.java:113)
	at org.apache.ratis.util.TimeoutScheduler.lambda$onTimeout$1(TimeoutScheduler.java:133)
	at org.apache.ratis.util.LogUtils.runAndLog(LogUtils.java:50)
	at org.apache.ratis.util.LogUtils$1.run(LogUtils.java:91)
	at java.util.concurrent.Executors$RunnableAdapter.call(Executors.java:511)
	at java.util.concurrent.FutureTask.run(FutureTask.java:266)
	at java.util.concurrent.ScheduledThreadPoolExecutor$ScheduledFutureTask.access$201(ScheduledThreadPoolExecutor.java:180)
	at java.util.concurrent.ScheduledThreadPoolExecutor$ScheduledFutureTask.run(ScheduledThreadPoolExecutor.java:293)
	at java.util.concurrent.ThreadPoolExecutor.runWorker(ThreadPoolExecutor.java:1149)
	at java.util.concurrent.ThreadPoolExecutor$Worker.run(ThreadPoolExecutor.java:624)
	at java.lang.Thread.run(Thread.java:748)
2019-10-02 10:06:23,179 [java.util.concurrent.ThreadPoolExecutor$Worker@35d1cf41[State = -1, empty queue]] WARN  util.TimeoutScheduler (LogUtils.java:runAndLog(55)) - Failed to task #0: java.lang.NullPointerException
2019-10-02 10:06:25,965 [java.util.concurrent.ThreadPoolExecutor$Worker@53bd581a[State = -1, empty queue]] ERROR client.GrpcClientProtocolClient (GrpcClientProtocolClient.java:close(148)) - Unexpected exception while waiting for channel termination
java.lang.InterruptedException
	at java.util.concurrent.locks.AbstractQueuedSynchronizer.tryAcquireSharedNanos(AbstractQueuedSynchronizer.java:1326)
	at java.util.concurrent.CountDownLatch.await(CountDownLatch.java:277)
	at org.apache.ratis.thirdparty.io.grpc.internal.ManagedChannelImpl.awaitTermination(ManagedChannelImpl.java:763)
	at org.apache.ratis.thirdparty.io.grpc.internal.ForwardingManagedChannel.awaitTermination(ForwardingManagedChannel.java:57)
	at org.apache.ratis.thirdparty.io.grpc.internal.ManagedChannelOrphanWrapper.awaitTermination(ManagedChannelOrphanWrapper.java:70)
	at org.apache.ratis.grpc.client.GrpcClientProtocolClient.close(GrpcClientProtocolClient.java:146)
	at org.apache.ratis.util.PeerProxyMap$PeerAndProxy.lambda$close$1(PeerProxyMap.java:74)
	at org.apache.ratis.util.LifeCycle.lambda$checkStateAndClose$2(LifeCycle.java:231)
	at org.apache.ratis.util.LifeCycle.checkStateAndClose(LifeCycle.java:251)
	at org.apache.ratis.util.LifeCycle.checkStateAndClose(LifeCycle.java:229)
	at org.apache.ratis.util.PeerProxyMap$PeerAndProxy.close(PeerProxyMap.java:70)
	at org.apache.ratis.util.PeerProxyMap.resetProxy(PeerProxyMap.java:127)
	at org.apache.ratis.util.PeerProxyMap.handleException(PeerProxyMap.java:136)
	at org.apache.ratis.client.impl.RaftClientRpcWithProxy.handleException(RaftClientRpcWithProxy.java:47)
	at org.apache.ratis.client.impl.RaftClientImpl.handleIOException(RaftClientImpl.java:372)
	at org.apache.ratis.client.impl.OrderedAsync.lambda$sendRequest$10(OrderedAsync.java:236)
	at java.util.concurrent.CompletableFuture.uniExceptionally(CompletableFuture.java:870)
	at java.util.concurrent.CompletableFuture$UniExceptionally.tryFire(CompletableFuture.java:852)
	at java.util.concurrent.CompletableFuture.postComplete(CompletableFuture.java:474)
	at java.util.concurrent.CompletableFuture.completeExceptionally(CompletableFuture.java:1977)
	at org.apache.ratis.grpc.client.GrpcClientProtocolClient$AsyncStreamObservers.lambda$timeoutCheck$3(GrpcClientProtocolClient.java:324)
	at java.util.Optional.ifPresent(Optional.java:159)
	at org.apache.ratis.grpc.client.GrpcClientProtocolClient$AsyncStreamObservers.handleReplyFuture(GrpcClientProtocolClient.java:329)
	at org.apache.ratis.grpc.client.GrpcClientProtocolClient$AsyncStreamObservers.timeoutCheck(GrpcClientProtocolClient.java:324)
	at org.apache.ratis.grpc.client.GrpcClientProtocolClient$AsyncStreamObservers.lambda$onNext$1(GrpcClientProtocolClient.java:318)
	at org.apache.ratis.util.TimeoutScheduler.lambda$onTimeout$0(TimeoutScheduler.java:113)
	at org.apache.ratis.util.TimeoutScheduler.lambda$onTimeout$1(TimeoutScheduler.java:133)
	at org.apache.ratis.util.LogUtils.runAndLog(LogUtils.java:50)
	at org.apache.ratis.util.LogUtils$1.run(LogUtils.java:91)
	at java.util.concurrent.Executors$RunnableAdapter.call(Executors.java:511)
	at java.util.concurrent.FutureTask.run(FutureTask.java:266)
	at java.util.concurrent.ScheduledThreadPoolExecutor$ScheduledFutureTask.access$201(ScheduledThreadPoolExecutor.java:180)
	at java.util.concurrent.ScheduledThreadPoolExecutor$ScheduledFutureTask.run(ScheduledThreadPoolExecutor.java:293)
	at java.util.concurrent.ThreadPoolExecutor.runWorker(ThreadPoolExecutor.java:1149)
	at java.util.concurrent.ThreadPoolExecutor$Worker.run(ThreadPoolExecutor.java:624)
	at java.lang.Thread.run(Thread.java:748)
2019-10-02 10:06:25,966 [java.util.concurrent.ThreadPoolExecutor$Worker@53bd581a[State = -1, empty queue]] WARN  util.TimeoutScheduler (LogUtils.java:runAndLog(55)) - Failed to task #0: java.lang.NullPointerException
2019-10-02 10:06:27,207 [java.util.concurrent.ThreadPoolExecutor$Worker@7aecba7b[State = -1, empty queue]] ERROR client.GrpcClientProtocolClient (GrpcClientProtocolClient.java:close(148)) - Unexpected exception while waiting for channel termination
java.lang.InterruptedException
	at java.util.concurrent.locks.AbstractQueuedSynchronizer.tryAcquireSharedNanos(AbstractQueuedSynchronizer.java:1326)
	at java.util.concurrent.CountDownLatch.await(CountDownLatch.java:277)
	at org.apache.ratis.thirdparty.io.grpc.internal.ManagedChannelImpl.awaitTermination(ManagedChannelImpl.java:763)
	at org.apache.ratis.thirdparty.io.grpc.internal.ForwardingManagedChannel.awaitTermination(ForwardingManagedChannel.java:57)
	at org.apache.ratis.thirdparty.io.grpc.internal.ManagedChannelOrphanWrapper.awaitTermination(ManagedChannelOrphanWrapper.java:70)
	at org.apache.ratis.grpc.client.GrpcClientProtocolClient.close(GrpcClientProtocolClient.java:146)
	at org.apache.ratis.util.PeerProxyMap$PeerAndProxy.lambda$close$1(PeerProxyMap.java:74)
	at org.apache.ratis.util.LifeCycle.lambda$checkStateAndClose$2(LifeCycle.java:231)
	at org.apache.ratis.util.LifeCycle.checkStateAndClose(LifeCycle.java:251)
	at org.apache.ratis.util.LifeCycle.checkStateAndClose(LifeCycle.java:229)
	at org.apache.ratis.util.PeerProxyMap$PeerAndProxy.close(PeerProxyMap.java:70)
	at org.apache.ratis.util.PeerProxyMap.resetProxy(PeerProxyMap.java:127)
	at org.apache.ratis.util.PeerProxyMap.handleException(PeerProxyMap.java:136)
	at org.apache.ratis.client.impl.RaftClientRpcWithProxy.handleException(RaftClientRpcWithProxy.java:47)
	at org.apache.ratis.client.impl.RaftClientImpl.handleIOException(RaftClientImpl.java:372)
	at org.apache.ratis.client.impl.OrderedAsync.lambda$sendRequest$10(OrderedAsync.java:236)
	at java.util.concurrent.CompletableFuture.uniExceptionally(CompletableFuture.java:870)
	at java.util.concurrent.CompletableFuture$UniExceptionally.tryFire(CompletableFuture.java:852)
	at java.util.concurrent.CompletableFuture.postComplete(CompletableFuture.java:474)
	at java.util.concurrent.CompletableFuture.completeExceptionally(CompletableFuture.java:1977)
	at org.apache.ratis.grpc.client.GrpcClientProtocolClient$AsyncStreamObservers.lambda$timeoutCheck$3(GrpcClientProtocolClient.java:324)
	at java.util.Optional.ifPresent(Optional.java:159)
	at org.apache.ratis.grpc.client.GrpcClientProtocolClient$AsyncStreamObservers.handleReplyFuture(GrpcClientProtocolClient.java:329)
	at org.apache.ratis.grpc.client.GrpcClientProtocolClient$AsyncStreamObservers.timeoutCheck(GrpcClientProtocolClient.java:324)
	at org.apache.ratis.grpc.client.GrpcClientProtocolClient$AsyncStreamObservers.lambda$onNext$1(GrpcClientProtocolClient.java:318)
	at org.apache.ratis.util.TimeoutScheduler.lambda$onTimeout$0(TimeoutScheduler.java:113)
	at org.apache.ratis.util.TimeoutScheduler.lambda$onTimeout$1(TimeoutScheduler.java:133)
	at org.apache.ratis.util.LogUtils.runAndLog(LogUtils.java:50)
	at org.apache.ratis.util.LogUtils$1.run(LogUtils.java:91)
	at java.util.concurrent.Executors$RunnableAdapter.call(Executors.java:511)
	at java.util.concurrent.FutureTask.run(FutureTask.java:266)
	at java.util.concurrent.ScheduledThreadPoolExecutor$ScheduledFutureTask.access$201(ScheduledThreadPoolExecutor.java:180)
	at java.util.concurrent.ScheduledThreadPoolExecutor$ScheduledFutureTask.run(ScheduledThreadPoolExecutor.java:293)
	at java.util.concurrent.ThreadPoolExecutor.runWorker(ThreadPoolExecutor.java:1149)
	at java.util.concurrent.ThreadPoolExecutor$Worker.run(ThreadPoolExecutor.java:624)
	at java.lang.Thread.run(Thread.java:748)
2019-10-02 10:06:27,208 [java.util.concurrent.ThreadPoolExecutor$Worker@7aecba7b[State = -1, empty queue]] WARN  util.TimeoutScheduler (LogUtils.java:runAndLog(55)) - Failed to task #0: java.lang.NullPointerException
2019-10-02 10:06:30,000 [java.util.concurrent.ThreadPoolExecutor$Worker@346cbf71[State = -1, empty queue]] ERROR client.GrpcClientProtocolClient (GrpcClientProtocolClient.java:close(148)) - Unexpected exception while waiting for channel termination
java.lang.InterruptedException
	at java.util.concurrent.locks.AbstractQueuedSynchronizer.tryAcquireSharedNanos(AbstractQueuedSynchronizer.java:1326)
	at java.util.concurrent.CountDownLatch.await(CountDownLatch.java:277)
	at org.apache.ratis.thirdparty.io.grpc.internal.ManagedChannelImpl.awaitTermination(ManagedChannelImpl.java:763)
	at org.apache.ratis.thirdparty.io.grpc.internal.ForwardingManagedChannel.awaitTermination(ForwardingManagedChannel.java:57)
	at org.apache.ratis.thirdparty.io.grpc.internal.ManagedChannelOrphanWrapper.awaitTermination(ManagedChannelOrphanWrapper.java:70)
	at org.apache.ratis.grpc.client.GrpcClientProtocolClient.close(GrpcClientProtocolClient.java:146)
	at org.apache.ratis.util.PeerProxyMap$PeerAndProxy.lambda$close$1(PeerProxyMap.java:74)
	at org.apache.ratis.util.LifeCycle.lambda$checkStateAndClose$2(LifeCycle.java:231)
	at org.apache.ratis.util.LifeCycle.checkStateAndClose(LifeCycle.java:251)
	at org.apache.ratis.util.LifeCycle.checkStateAndClose(LifeCycle.java:229)
	at org.apache.ratis.util.PeerProxyMap$PeerAndProxy.close(PeerProxyMap.java:70)
	at org.apache.ratis.util.PeerProxyMap.resetProxy(PeerProxyMap.java:127)
	at org.apache.ratis.util.PeerProxyMap.handleException(PeerProxyMap.java:136)
	at org.apache.ratis.client.impl.RaftClientRpcWithProxy.handleException(RaftClientRpcWithProxy.java:47)
	at org.apache.ratis.client.impl.RaftClientImpl.handleIOException(RaftClientImpl.java:372)
	at org.apache.ratis.client.impl.OrderedAsync.lambda$sendRequest$10(OrderedAsync.java:236)
	at java.util.concurrent.CompletableFuture.uniExceptionally(CompletableFuture.java:870)
	at java.util.concurrent.CompletableFuture$UniExceptionally.tryFire(CompletableFuture.java:852)
	at java.util.concurrent.CompletableFuture.postComplete(CompletableFuture.java:474)
	at java.util.concurrent.CompletableFuture.completeExceptionally(CompletableFuture.java:1977)
	at org.apache.ratis.grpc.client.GrpcClientProtocolClient$AsyncStreamObservers.lambda$timeoutCheck$3(GrpcClientProtocolClient.java:324)
	at java.util.Optional.ifPresent(Optional.java:159)
	at org.apache.ratis.grpc.client.GrpcClientProtocolClient$AsyncStreamObservers.handleReplyFuture(GrpcClientProtocolClient.java:329)
	at org.apache.ratis.grpc.client.GrpcClientProtocolClient$AsyncStreamObservers.timeoutCheck(GrpcClientProtocolClient.java:324)
	at org.apache.ratis.grpc.client.GrpcClientProtocolClient$AsyncStreamObservers.lambda$onNext$1(GrpcClientProtocolClient.java:318)
	at org.apache.ratis.util.TimeoutScheduler.lambda$onTimeout$0(TimeoutScheduler.java:113)
	at org.apache.ratis.util.TimeoutScheduler.lambda$onTimeout$1(TimeoutScheduler.java:133)
	at org.apache.ratis.util.LogUtils.runAndLog(LogUtils.java:50)
	at org.apache.ratis.util.LogUtils$1.run(LogUtils.java:91)
	at java.util.concurrent.Executors$RunnableAdapter.call(Executors.java:511)
	at java.util.concurrent.FutureTask.run(FutureTask.java:266)
	at java.util.concurrent.ScheduledThreadPoolExecutor$ScheduledFutureTask.access$201(ScheduledThreadPoolExecutor.java:180)
	at java.util.concurrent.ScheduledThreadPoolExecutor$ScheduledFutureTask.run(ScheduledThreadPoolExecutor.java:293)
	at java.util.concurrent.ThreadPoolExecutor.runWorker(ThreadPoolExecutor.java:1149)
	at java.util.concurrent.ThreadPoolExecutor$Worker.run(ThreadPoolExecutor.java:624)
	at java.lang.Thread.run(Thread.java:748)
2019-10-02 10:06:30,003 [java.util.concurrent.ThreadPoolExecutor$Worker@346cbf71[State = -1, empty queue]] WARN  util.TimeoutScheduler (LogUtils.java:runAndLog(55)) - Failed to task #0: java.lang.NullPointerException
2019-10-02 10:06:31,249 [java.util.concurrent.ThreadPoolExecutor$Worker@3126f29e[State = -1, empty queue]] ERROR client.GrpcClientProtocolClient (GrpcClientProtocolClient.java:close(148)) - Unexpected exception while waiting for channel termination
java.lang.InterruptedException
	at java.util.concurrent.locks.AbstractQueuedSynchronizer.tryAcquireSharedNanos(AbstractQueuedSynchronizer.java:1326)
	at java.util.concurrent.CountDownLatch.await(CountDownLatch.java:277)
	at org.apache.ratis.thirdparty.io.grpc.internal.ManagedChannelImpl.awaitTermination(ManagedChannelImpl.java:763)
	at org.apache.ratis.thirdparty.io.grpc.internal.ForwardingManagedChannel.awaitTermination(ForwardingManagedChannel.java:57)
	at org.apache.ratis.thirdparty.io.grpc.internal.ManagedChannelOrphanWrapper.awaitTermination(ManagedChannelOrphanWrapper.java:70)
	at org.apache.ratis.grpc.client.GrpcClientProtocolClient.close(GrpcClientProtocolClient.java:146)
	at org.apache.ratis.util.PeerProxyMap$PeerAndProxy.lambda$close$1(PeerProxyMap.java:74)
	at org.apache.ratis.util.LifeCycle.lambda$checkStateAndClose$2(LifeCycle.java:231)
	at org.apache.ratis.util.LifeCycle.checkStateAndClose(LifeCycle.java:251)
	at org.apache.ratis.util.LifeCycle.checkStateAndClose(LifeCycle.java:229)
	at org.apache.ratis.util.PeerProxyMap$PeerAndProxy.close(PeerProxyMap.java:70)
	at org.apache.ratis.util.PeerProxyMap.resetProxy(PeerProxyMap.java:127)
	at org.apache.ratis.util.PeerProxyMap.handleException(PeerProxyMap.java:136)
	at org.apache.ratis.client.impl.RaftClientRpcWithProxy.handleException(RaftClientRpcWithProxy.java:47)
	at org.apache.ratis.client.impl.RaftClientImpl.handleIOException(RaftClientImpl.java:372)
	at org.apache.ratis.client.impl.OrderedAsync.lambda$sendRequest$10(OrderedAsync.java:236)
	at java.util.concurrent.CompletableFuture.uniExceptionally(CompletableFuture.java:870)
	at java.util.concurrent.CompletableFuture$UniExceptionally.tryFire(CompletableFuture.java:852)
	at java.util.concurrent.CompletableFuture.postComplete(CompletableFuture.java:474)
	at java.util.concurrent.CompletableFuture.completeExceptionally(CompletableFuture.java:1977)
	at org.apache.ratis.grpc.client.GrpcClientProtocolClient$AsyncStreamObservers.lambda$timeoutCheck$3(GrpcClientProtocolClient.java:324)
	at java.util.Optional.ifPresent(Optional.java:159)
	at org.apache.ratis.grpc.client.GrpcClientProtocolClient$AsyncStreamObservers.handleReplyFuture(GrpcClientProtocolClient.java:329)
	at org.apache.ratis.grpc.client.GrpcClientProtocolClient$AsyncStreamObservers.timeoutCheck(GrpcClientProtocolClient.java:324)
	at org.apache.ratis.grpc.client.GrpcClientProtocolClient$AsyncStreamObservers.lambda$onNext$1(GrpcClientProtocolClient.java:318)
	at org.apache.ratis.util.TimeoutScheduler.lambda$onTimeout$0(TimeoutScheduler.java:113)
	at org.apache.ratis.util.TimeoutScheduler.lambda$onTimeout$1(TimeoutScheduler.java:133)
	at org.apache.ratis.util.LogUtils.runAndLog(LogUtils.java:50)
	at org.apache.ratis.util.LogUtils$1.run(LogUtils.java:91)
	at java.util.concurrent.Executors$RunnableAdapter.call(Executors.java:511)
	at java.util.concurrent.FutureTask.run(FutureTask.java:266)
	at java.util.concurrent.ScheduledThreadPoolExecutor$ScheduledFutureTask.access$201(ScheduledThreadPoolExecutor.java:180)
	at java.util.concurrent.ScheduledThreadPoolExecutor$ScheduledFutureTask.run(ScheduledThreadPoolExecutor.java:293)
	at java.util.concurrent.ThreadPoolExecutor.runWorker(ThreadPoolExecutor.java:1149)
	at java.util.concurrent.ThreadPoolExecutor$Worker.run(ThreadPoolExecutor.java:624)
	at java.lang.Thread.run(Thread.java:748)
2019-10-02 10:06:31,252 [java.util.concurrent.ThreadPoolExecutor$Worker@3126f29e[State = -1, empty queue]] WARN  util.TimeoutScheduler (LogUtils.java:runAndLog(55)) - Failed to task #0: java.lang.NullPointerException
2019-10-02 10:06:34,030 [java.util.concurrent.ThreadPoolExecutor$Worker@1f07dc84[State = -1, empty queue]] ERROR client.GrpcClientProtocolClient (GrpcClientProtocolClient.java:close(148)) - Unexpected exception while waiting for channel termination
java.lang.InterruptedException
	at java.util.concurrent.locks.AbstractQueuedSynchronizer.tryAcquireSharedNanos(AbstractQueuedSynchronizer.java:1326)
	at java.util.concurrent.CountDownLatch.await(CountDownLatch.java:277)
	at org.apache.ratis.thirdparty.io.grpc.internal.ManagedChannelImpl.awaitTermination(ManagedChannelImpl.java:763)
	at org.apache.ratis.thirdparty.io.grpc.internal.ForwardingManagedChannel.awaitTermination(ForwardingManagedChannel.java:57)
	at org.apache.ratis.thirdparty.io.grpc.internal.ManagedChannelOrphanWrapper.awaitTermination(ManagedChannelOrphanWrapper.java:70)
	at org.apache.ratis.grpc.client.GrpcClientProtocolClient.close(GrpcClientProtocolClient.java:146)
	at org.apache.ratis.util.PeerProxyMap$PeerAndProxy.lambda$close$1(PeerProxyMap.java:74)
	at org.apache.ratis.util.LifeCycle.lambda$checkStateAndClose$2(LifeCycle.java:231)
	at org.apache.ratis.util.LifeCycle.checkStateAndClose(LifeCycle.java:251)
	at org.apache.ratis.util.LifeCycle.checkStateAndClose(LifeCycle.java:229)
	at org.apache.ratis.util.PeerProxyMap$PeerAndProxy.close(PeerProxyMap.java:70)
	at org.apache.ratis.util.PeerProxyMap.resetProxy(PeerProxyMap.java:127)
	at org.apache.ratis.util.PeerProxyMap.handleException(PeerProxyMap.java:136)
	at org.apache.ratis.client.impl.RaftClientRpcWithProxy.handleException(RaftClientRpcWithProxy.java:47)
	at org.apache.ratis.client.impl.RaftClientImpl.handleIOException(RaftClientImpl.java:372)
	at org.apache.ratis.client.impl.OrderedAsync.lambda$sendRequest$10(OrderedAsync.java:236)
	at java.util.concurrent.CompletableFuture.uniExceptionally(CompletableFuture.java:870)
	at java.util.concurrent.CompletableFuture$UniExceptionally.tryFire(CompletableFuture.java:852)
	at java.util.concurrent.CompletableFuture.postComplete(CompletableFuture.java:474)
	at java.util.concurrent.CompletableFuture.completeExceptionally(CompletableFuture.java:1977)
	at org.apache.ratis.grpc.client.GrpcClientProtocolClient$AsyncStreamObservers.lambda$timeoutCheck$3(GrpcClientProtocolClient.java:324)
	at java.util.Optional.ifPresent(Optional.java:159)
	at org.apache.ratis.grpc.client.GrpcClientProtocolClient$AsyncStreamObservers.handleReplyFuture(GrpcClientProtocolClient.java:329)
	at org.apache.ratis.grpc.client.GrpcClientProtocolClient$AsyncStreamObservers.timeoutCheck(GrpcClientProtocolClient.java:324)
	at org.apache.ratis.grpc.client.GrpcClientProtocolClient$AsyncStreamObservers.lambda$onNext$1(GrpcClientProtocolClient.java:318)
	at org.apache.ratis.util.TimeoutScheduler.lambda$onTimeout$0(TimeoutScheduler.java:113)
	at org.apache.ratis.util.TimeoutScheduler.lambda$onTimeout$1(TimeoutScheduler.java:133)
	at org.apache.ratis.util.LogUtils.runAndLog(LogUtils.java:50)
	at org.apache.ratis.util.LogUtils$1.run(LogUtils.java:91)
	at java.util.concurrent.Executors$RunnableAdapter.call(Executors.java:511)
	at java.util.concurrent.FutureTask.run(FutureTask.java:266)
	at java.util.concurrent.ScheduledThreadPoolExecutor$ScheduledFutureTask.access$201(ScheduledThreadPoolExecutor.java:180)
	at java.util.concurrent.ScheduledThreadPoolExecutor$ScheduledFutureTask.run(ScheduledThreadPoolExecutor.java:293)
	at java.util.concurrent.ThreadPoolExecutor.runWorker(ThreadPoolExecutor.java:1149)
	at java.util.concurrent.ThreadPoolExecutor$Worker.run(ThreadPoolExecutor.java:624)
	at java.lang.Thread.run(Thread.java:748)
2019-10-02 10:06:34,032 [java.util.concurrent.ThreadPoolExecutor$Worker@1f07dc84[State = -1, empty queue]] WARN  util.TimeoutScheduler (LogUtils.java:runAndLog(55)) - Failed to task #0: java.lang.NullPointerException
2019-10-02 10:06:35,288 [java.util.concurrent.ThreadPoolExecutor$Worker@51c1eb2f[State = -1, empty queue]] ERROR client.GrpcClientProtocolClient (GrpcClientProtocolClient.java:close(148)) - Unexpected exception while waiting for channel termination
java.lang.InterruptedException
	at java.util.concurrent.locks.AbstractQueuedSynchronizer.tryAcquireSharedNanos(AbstractQueuedSynchronizer.java:1326)
	at java.util.concurrent.CountDownLatch.await(CountDownLatch.java:277)
	at org.apache.ratis.thirdparty.io.grpc.internal.ManagedChannelImpl.awaitTermination(ManagedChannelImpl.java:763)
	at org.apache.ratis.thirdparty.io.grpc.internal.ForwardingManagedChannel.awaitTermination(ForwardingManagedChannel.java:57)
	at org.apache.ratis.thirdparty.io.grpc.internal.ManagedChannelOrphanWrapper.awaitTermination(ManagedChannelOrphanWrapper.java:70)
	at org.apache.ratis.grpc.client.GrpcClientProtocolClient.close(GrpcClientProtocolClient.java:146)
	at org.apache.ratis.util.PeerProxyMap$PeerAndProxy.lambda$close$1(PeerProxyMap.java:74)
	at org.apache.ratis.util.LifeCycle.lambda$checkStateAndClose$2(LifeCycle.java:231)
	at org.apache.ratis.util.LifeCycle.checkStateAndClose(LifeCycle.java:251)
	at org.apache.ratis.util.LifeCycle.checkStateAndClose(LifeCycle.java:229)
	at org.apache.ratis.util.PeerProxyMap$PeerAndProxy.close(PeerProxyMap.java:70)
	at org.apache.ratis.util.PeerProxyMap.resetProxy(PeerProxyMap.java:127)
	at org.apache.ratis.util.PeerProxyMap.handleException(PeerProxyMap.java:136)
	at org.apache.ratis.client.impl.RaftClientRpcWithProxy.handleException(RaftClientRpcWithProxy.java:47)
	at org.apache.ratis.client.impl.RaftClientImpl.handleIOException(RaftClientImpl.java:372)
	at org.apache.ratis.client.impl.OrderedAsync.lambda$sendRequest$10(OrderedAsync.java:236)
	at java.util.concurrent.CompletableFuture.uniExceptionally(CompletableFuture.java:870)
	at java.util.concurrent.CompletableFuture$UniExceptionally.tryFire(CompletableFuture.java:852)
	at java.util.concurrent.CompletableFuture.postComplete(CompletableFuture.java:474)
	at java.util.concurrent.CompletableFuture.completeExceptionally(CompletableFuture.java:1977)
	at org.apache.ratis.grpc.client.GrpcClientProtocolClient$AsyncStreamObservers.lambda$timeoutCheck$3(GrpcClientProtocolClient.java:324)
	at java.util.Optional.ifPresent(Optional.java:159)
	at org.apache.ratis.grpc.client.GrpcClientProtocolClient$AsyncStreamObservers.handleReplyFuture(GrpcClientProtocolClient.java:329)
	at org.apache.ratis.grpc.client.GrpcClientProtocolClient$AsyncStreamObservers.timeoutCheck(GrpcClientProtocolClient.java:324)
	at org.apache.ratis.grpc.client.GrpcClientProtocolClient$AsyncStreamObservers.lambda$onNext$1(GrpcClientProtocolClient.java:318)
	at org.apache.ratis.util.TimeoutScheduler.lambda$onTimeout$0(TimeoutScheduler.java:113)
	at org.apache.ratis.util.TimeoutScheduler.lambda$onTimeout$1(TimeoutScheduler.java:133)
	at org.apache.ratis.util.LogUtils.runAndLog(LogUtils.java:50)
	at org.apache.ratis.util.LogUtils$1.run(LogUtils.java:91)
	at java.util.concurrent.Executors$RunnableAdapter.call(Executors.java:511)
	at java.util.concurrent.FutureTask.run(FutureTask.java:266)
	at java.util.concurrent.ScheduledThreadPoolExecutor$ScheduledFutureTask.access$201(ScheduledThreadPoolExecutor.java:180)
	at java.util.concurrent.ScheduledThreadPoolExecutor$ScheduledFutureTask.run(ScheduledThreadPoolExecutor.java:293)
	at java.util.concurrent.ThreadPoolExecutor.runWorker(ThreadPoolExecutor.java:1149)
	at java.util.concurrent.ThreadPoolExecutor$Worker.run(ThreadPoolExecutor.java:624)
	at java.lang.Thread.run(Thread.java:748)
2019-10-02 10:06:35,291 [java.util.concurrent.ThreadPoolExecutor$Worker@51c1eb2f[State = -1, empty queue]] WARN  util.TimeoutScheduler (LogUtils.java:runAndLog(55)) - Failed to task #0: java.lang.NullPointerException
2019-10-02 10:06:37,885 [grpc-default-executor-3] INFO  impl.RaftServerProxy (RaftServerProxy.java:remove(95)) - f543130f-443f-4ba5-9d6e-59ecbb0ec00a: remove  FOLLOWER f543130f-443f-4ba5-9d6e-59ecbb0ec00a@group-570035410B71:t1, leader=5a36316c-6269-4ab0-8563-6514c3376d21, voted=5a36316c-6269-4ab0-8563-6514c3376d21, raftlog=f543130f-443f-4ba5-9d6e-59ecbb0ec00a@group-570035410B71-SegmentedRaftLog:OPENED:c0,f2,i2, conf=0: [f543130f-443f-4ba5-9d6e-59ecbb0ec00a:192.168.164.250:36191, 5a36316c-6269-4ab0-8563-6514c3376d21:192.168.164.250:32906, 49e61346-ce49-4850-8dcd-6024868ef21c:192.168.164.250:43655], old=null RUNNING
2019-10-02 10:06:37,886 [grpc-default-executor-3] INFO  impl.RaftServerImpl (RaftServerImpl.java:lambda$shutdown$3(247)) - f543130f-443f-4ba5-9d6e-59ecbb0ec00a@group-570035410B71: shutdown
2019-10-02 10:06:37,887 [grpc-default-executor-3] INFO  util.JmxRegister (JmxRegister.java:unregister(73)) - Successfully un-registered JMX Bean with object name Ratis:service=RaftServer,group=group-570035410B71,id=f543130f-443f-4ba5-9d6e-59ecbb0ec00a
2019-10-02 10:06:37,887 [grpc-default-executor-3] INFO  impl.RoleInfo (RoleInfo.java:shutdownFollowerState(121)) - f543130f-443f-4ba5-9d6e-59ecbb0ec00a: shutdown FollowerState
2019-10-02 10:06:37,887 [grpc-default-executor-3] INFO  impl.StateMachineUpdater (StateMachineUpdater.java:stopAndJoin(136)) - f543130f-443f-4ba5-9d6e-59ecbb0ec00a@group-570035410B71-StateMachineUpdater: set stopIndex = 0
2019-10-02 10:06:37,887 [Thread-549] INFO  impl.FollowerState (FollowerState.java:run(117)) - f543130f-443f-4ba5-9d6e-59ecbb0ec00a@group-570035410B71-FollowerState was interrupted: java.lang.InterruptedException: sleep interrupted
2019-10-02 10:06:37,891 [grpc-default-executor-3] INFO  impl.RaftServerImpl (ServerState.java:close(387)) - f543130f-443f-4ba5-9d6e-59ecbb0ec00a@group-570035410B71: closes. applyIndex: 0
2019-10-02 10:06:37,892 [f543130f-443f-4ba5-9d6e-59ecbb0ec00a@group-570035410B71-SegmentedRaftLogWorker] INFO  segmented.SegmentedRaftLogWorker (SegmentedRaftLogWorker.java:run(316)) - f543130f-443f-4ba5-9d6e-59ecbb0ec00a@group-570035410B71-SegmentedRaftLogWorker was interrupted, exiting. There are 0 tasks remaining in the queue.
2019-10-02 10:06:37,893 [grpc-default-executor-3] INFO  segmented.SegmentedRaftLogWorker (SegmentedRaftLogWorker.java:close(224)) - f543130f-443f-4ba5-9d6e-59ecbb0ec00a@group-570035410B71-SegmentedRaftLogWorker close()
2019-10-02 10:06:37,990 [grpc-default-executor-3] INFO  interfaces.Container (KeyValueContainer.java:flushAndSyncDB(386)) - Container 5 is synced with bcsId 0.
2019-10-02 10:06:37,991 [grpc-default-executor-3] INFO  interfaces.Container (KeyValueContainer.java:flushAndSyncDB(386)) - Container 5 is synced with bcsId 0.
2019-10-02 10:06:38,009 [EventQueue-IncrementalContainerReportForIncrementalContainerReportHandler] INFO  container.IncrementalContainerReportHandler (AbstractContainerReportHandler.java:updateContainerState(169)) - Moving container #5 to QUASI_CLOSED state, datanode f543130f-443f-4ba5-9d6e-59ecbb0ec00a{ip: 192.168.164.250, host: pr-trunk-p5fv4-2201032288, networkLocation: /default-rack, certSerialId: null} reported QUASI_CLOSED replica.
2019-10-02 10:06:38,016 [grpc-default-executor-3] INFO  impl.RaftServerProxy (RaftServerProxy.java:remove(95)) - 5a36316c-6269-4ab0-8563-6514c3376d21: remove    LEADER 5a36316c-6269-4ab0-8563-6514c3376d21@group-570035410B71:t1, leader=5a36316c-6269-4ab0-8563-6514c3376d21, voted=5a36316c-6269-4ab0-8563-6514c3376d21, raftlog=5a36316c-6269-4ab0-8563-6514c3376d21@group-570035410B71-SegmentedRaftLog:OPENED:c0,f0,i2, conf=0: [f543130f-443f-4ba5-9d6e-59ecbb0ec00a:192.168.164.250:36191, 5a36316c-6269-4ab0-8563-6514c3376d21:192.168.164.250:32906, 49e61346-ce49-4850-8dcd-6024868ef21c:192.168.164.250:43655], old=null RUNNING
2019-10-02 10:06:38,016 [grpc-default-executor-3] INFO  impl.RaftServerImpl (RaftServerImpl.java:lambda$shutdown$3(247)) - 5a36316c-6269-4ab0-8563-6514c3376d21@group-570035410B71: shutdown
2019-10-02 10:06:38,016 [grpc-default-executor-3] INFO  util.JmxRegister (JmxRegister.java:unregister(73)) - Successfully un-registered JMX Bean with object name Ratis:service=RaftServer,group=group-570035410B71,id=5a36316c-6269-4ab0-8563-6514c3376d21
2019-10-02 10:06:38,017 [grpc-default-executor-3] INFO  impl.RoleInfo (RoleInfo.java:shutdownLeaderState(104)) - 5a36316c-6269-4ab0-8563-6514c3376d21: shutdown LeaderState
2019-10-02 10:06:38,020 [grpc-default-executor-3] INFO  impl.PendingRequests (PendingRequests.java:sendNotLeaderResponses(202)) - 5a36316c-6269-4ab0-8563-6514c3376d21@group-570035410B71-PendingRequests: sendNotLeaderResponses
2019-10-02 10:06:38,020 [org.apache.ratis.server.impl.LogAppender$AppenderDaemon$$Lambda$595/118746732@8430310] WARN  server.GrpcLogAppender (GrpcLogAppender.java:mayWait(143)) - 5a36316c-6269-4ab0-8563-6514c3376d21@group-570035410B71->49e61346-ce49-4850-8dcd-6024868ef21c-GrpcLogAppender: Wait interrupted by java.lang.InterruptedException
2019-10-02 10:06:38,020 [org.apache.ratis.server.impl.LogAppender$AppenderDaemon$$Lambda$595/118746732@17e21b82] WARN  server.GrpcLogAppender (GrpcLogAppender.java:mayWait(143)) - 5a36316c-6269-4ab0-8563-6514c3376d21@group-570035410B71->f543130f-443f-4ba5-9d6e-59ecbb0ec00a-GrpcLogAppender: Wait interrupted by java.lang.InterruptedException
2019-10-02 10:06:38,022 [grpc-default-executor-6] INFO  server.GrpcServerProtocolService (GrpcServerProtocolService.java:onCompleted(113)) - f543130f-443f-4ba5-9d6e-59ecbb0ec00a: Completed APPEND_ENTRIES, lastRequest: 5a36316c-6269-4ab0-8563-6514c3376d21->f543130f-443f-4ba5-9d6e-59ecbb0ec00a#37-t1, previous=(t:1, i:2), leaderCommit=0, initializing? false, entries: <empty>
2019-10-02 10:06:38,022 [grpc-default-executor-7] INFO  server.GrpcServerProtocolService (GrpcServerProtocolService.java:onCompleted(113)) - 49e61346-ce49-4850-8dcd-6024868ef21c: Completed APPEND_ENTRIES, lastRequest: 5a36316c-6269-4ab0-8563-6514c3376d21->49e61346-ce49-4850-8dcd-6024868ef21c#37-t1, previous=(t:1, i:2), leaderCommit=0, initializing? false, entries: <empty>
2019-10-02 10:06:38,024 [grpc-default-executor-3] INFO  impl.StateMachineUpdater (StateMachineUpdater.java:stopAndJoin(136)) - 5a36316c-6269-4ab0-8563-6514c3376d21@group-570035410B71-StateMachineUpdater: set stopIndex = 0
2019-10-02 10:06:38,024 [grpc-default-executor-7] INFO  server.GrpcLogAppender (GrpcLogAppender.java:onCompleted(293)) - 5a36316c-6269-4ab0-8563-6514c3376d21@group-570035410B71->49e61346-ce49-4850-8dcd-6024868ef21c-AppendLogResponseHandler: follower responses appendEntries COMPLETED
2019-10-02 10:06:38,024 [grpc-default-executor-3] INFO  impl.RaftServerImpl (ServerState.java:close(387)) - 5a36316c-6269-4ab0-8563-6514c3376d21@group-570035410B71: closes. applyIndex: 0
2019-10-02 10:06:38,025 [grpc-default-executor-11] INFO  server.GrpcLogAppender (GrpcLogAppender.java:onCompleted(293)) - 5a36316c-6269-4ab0-8563-6514c3376d21@group-570035410B71->f543130f-443f-4ba5-9d6e-59ecbb0ec00a-AppendLogResponseHandler: follower responses appendEntries COMPLETED
2019-10-02 10:06:38,025 [grpc-default-executor-7] INFO  impl.FollowerInfo (FollowerInfo.java:lambda$new$0(51)) - 5a36316c-6269-4ab0-8563-6514c3376d21@group-570035410B71->49e61346-ce49-4850-8dcd-6024868ef21c: nextIndex: updateUnconditionally 3 -> 2
2019-10-02 10:06:38,025 [5a36316c-6269-4ab0-8563-6514c3376d21@group-570035410B71-SegmentedRaftLogWorker] INFO  segmented.SegmentedRaftLogWorker (SegmentedRaftLogWorker.java:run(316)) - 5a36316c-6269-4ab0-8563-6514c3376d21@group-570035410B71-SegmentedRaftLogWorker was interrupted, exiting. There are 0 tasks remaining in the queue.
2019-10-02 10:06:38,028 [grpc-default-executor-3] INFO  segmented.SegmentedRaftLogWorker (SegmentedRaftLogWorker.java:close(224)) - 5a36316c-6269-4ab0-8563-6514c3376d21@group-570035410B71-SegmentedRaftLogWorker close()
2019-10-02 10:06:38,029 [grpc-default-executor-11] INFO  impl.FollowerInfo (FollowerInfo.java:lambda$new$0(51)) - 5a36316c-6269-4ab0-8563-6514c3376d21@group-570035410B71->f543130f-443f-4ba5-9d6e-59ecbb0ec00a: nextIndex: updateUnconditionally 3 -> 2
2019-10-02 10:06:38,045 [grpc-default-executor-11] INFO  impl.RaftServerProxy (RaftServerProxy.java:remove(95)) - 49e61346-ce49-4850-8dcd-6024868ef21c: remove  FOLLOWER 49e61346-ce49-4850-8dcd-6024868ef21c@group-570035410B71:t1, leader=5a36316c-6269-4ab0-8563-6514c3376d21, voted=49e61346-ce49-4850-8dcd-6024868ef21c, raftlog=49e61346-ce49-4850-8dcd-6024868ef21c@group-570035410B71-SegmentedRaftLog:OPENED:c0,f2,i2, conf=0: [f543130f-443f-4ba5-9d6e-59ecbb0ec00a:192.168.164.250:36191, 5a36316c-6269-4ab0-8563-6514c3376d21:192.168.164.250:32906, 49e61346-ce49-4850-8dcd-6024868ef21c:192.168.164.250:43655], old=null RUNNING
2019-10-02 10:06:38,045 [grpc-default-executor-11] INFO  impl.RaftServerImpl (RaftServerImpl.java:lambda$shutdown$3(247)) - 49e61346-ce49-4850-8dcd-6024868ef21c@group-570035410B71: shutdown
2019-10-02 10:06:38,046 [grpc-default-executor-11] INFO  util.JmxRegister (JmxRegister.java:unregister(73)) - Successfully un-registered JMX Bean with object name Ratis:service=RaftServer,group=group-570035410B71,id=49e61346-ce49-4850-8dcd-6024868ef21c
2019-10-02 10:06:38,046 [grpc-default-executor-11] INFO  impl.RoleInfo (RoleInfo.java:shutdownFollowerState(121)) - 49e61346-ce49-4850-8dcd-6024868ef21c: shutdown FollowerState
2019-10-02 10:06:38,046 [grpc-default-executor-11] INFO  impl.StateMachineUpdater (StateMachineUpdater.java:stopAndJoin(136)) - 49e61346-ce49-4850-8dcd-6024868ef21c@group-570035410B71-StateMachineUpdater: set stopIndex = 0
2019-10-02 10:06:38,046 [Thread-550] INFO  impl.FollowerState (FollowerState.java:run(117)) - 49e61346-ce49-4850-8dcd-6024868ef21c@group-570035410B71-FollowerState was interrupted: java.lang.InterruptedException: sleep interrupted
2019-10-02 10:06:38,048 [grpc-default-executor-11] INFO  impl.RaftServerImpl (ServerState.java:close(387)) - 49e61346-ce49-4850-8dcd-6024868ef21c@group-570035410B71: closes. applyIndex: 0
2019-10-02 10:06:38,048 [49e61346-ce49-4850-8dcd-6024868ef21c@group-570035410B71-SegmentedRaftLogWorker] INFO  segmented.SegmentedRaftLogWorker (SegmentedRaftLogWorker.java:run(316)) - 49e61346-ce49-4850-8dcd-6024868ef21c@group-570035410B71-SegmentedRaftLogWorker was interrupted, exiting. There are 0 tasks remaining in the queue.
2019-10-02 10:06:38,049 [grpc-default-executor-11] INFO  segmented.SegmentedRaftLogWorker (SegmentedRaftLogWorker.java:close(224)) - 49e61346-ce49-4850-8dcd-6024868ef21c@group-570035410B71-SegmentedRaftLogWorker close()
2019-10-02 10:06:38,064 [java.util.concurrent.ThreadPoolExecutor$Worker@4edabf36[State = -1, empty queue]] ERROR client.GrpcClientProtocolClient (GrpcClientProtocolClient.java:close(148)) - Unexpected exception while waiting for channel termination
java.lang.InterruptedException
	at java.util.concurrent.locks.AbstractQueuedSynchronizer.tryAcquireSharedNanos(AbstractQueuedSynchronizer.java:1326)
	at java.util.concurrent.CountDownLatch.await(CountDownLatch.java:277)
	at org.apache.ratis.thirdparty.io.grpc.internal.ManagedChannelImpl.awaitTermination(ManagedChannelImpl.java:763)
	at org.apache.ratis.thirdparty.io.grpc.internal.ForwardingManagedChannel.awaitTermination(ForwardingManagedChannel.java:57)
	at org.apache.ratis.thirdparty.io.grpc.internal.ManagedChannelOrphanWrapper.awaitTermination(ManagedChannelOrphanWrapper.java:70)
	at org.apache.ratis.grpc.client.GrpcClientProtocolClient.close(GrpcClientProtocolClient.java:146)
	at org.apache.ratis.util.PeerProxyMap$PeerAndProxy.lambda$close$1(PeerProxyMap.java:74)
	at org.apache.ratis.util.LifeCycle.lambda$checkStateAndClose$2(LifeCycle.java:231)
	at org.apache.ratis.util.LifeCycle.checkStateAndClose(LifeCycle.java:251)
	at org.apache.ratis.util.LifeCycle.checkStateAndClose(LifeCycle.java:229)
	at org.apache.ratis.util.PeerProxyMap$PeerAndProxy.close(PeerProxyMap.java:70)
	at org.apache.ratis.util.PeerProxyMap.resetProxy(PeerProxyMap.java:127)
	at org.apache.ratis.util.PeerProxyMap.handleException(PeerProxyMap.java:136)
	at org.apache.ratis.client.impl.RaftClientRpcWithProxy.handleException(RaftClientRpcWithProxy.java:47)
	at org.apache.ratis.client.impl.RaftClientImpl.handleIOException(RaftClientImpl.java:372)
	at org.apache.ratis.client.impl.OrderedAsync.lambda$sendRequest$10(OrderedAsync.java:236)
	at java.util.concurrent.CompletableFuture.uniExceptionally(CompletableFuture.java:870)
	at java.util.concurrent.CompletableFuture$UniExceptionally.tryFire(CompletableFuture.java:852)
	at java.util.concurrent.CompletableFuture.postComplete(CompletableFuture.java:474)
	at java.util.concurrent.CompletableFuture.completeExceptionally(CompletableFuture.java:1977)
	at org.apache.ratis.grpc.client.GrpcClientProtocolClient$AsyncStreamObservers.lambda$timeoutCheck$3(GrpcClientProtocolClient.java:324)
	at java.util.Optional.ifPresent(Optional.java:159)
	at org.apache.ratis.grpc.client.GrpcClientProtocolClient$AsyncStreamObservers.handleReplyFuture(GrpcClientProtocolClient.java:329)
	at org.apache.ratis.grpc.client.GrpcClientProtocolClient$AsyncStreamObservers.timeoutCheck(GrpcClientProtocolClient.java:324)
	at org.apache.ratis.grpc.client.GrpcClientProtocolClient$AsyncStreamObservers.lambda$onNext$1(GrpcClientProtocolClient.java:318)
	at org.apache.ratis.util.TimeoutScheduler.lambda$onTimeout$0(TimeoutScheduler.java:113)
	at org.apache.ratis.util.TimeoutScheduler.lambda$onTimeout$1(TimeoutScheduler.java:133)
	at org.apache.ratis.util.LogUtils.runAndLog(LogUtils.java:50)
	at org.apache.ratis.util.LogUtils$1.run(LogUtils.java:91)
	at java.util.concurrent.Executors$RunnableAdapter.call(Executors.java:511)
	at java.util.concurrent.FutureTask.run(FutureTask.java:266)
	at java.util.concurrent.ScheduledThreadPoolExecutor$ScheduledFutureTask.access$201(ScheduledThreadPoolExecutor.java:180)
	at java.util.concurrent.ScheduledThreadPoolExecutor$ScheduledFutureTask.run(ScheduledThreadPoolExecutor.java:293)
	at java.util.concurrent.ThreadPoolExecutor.runWorker(ThreadPoolExecutor.java:1149)
	at java.util.concurrent.ThreadPoolExecutor$Worker.run(ThreadPoolExecutor.java:624)
	at java.lang.Thread.run(Thread.java:748)
2019-10-02 10:06:38,064 [java.util.concurrent.ThreadPoolExecutor$Worker@4edabf36[State = -1, empty queue]] WARN  util.TimeoutScheduler (LogUtils.java:runAndLog(55)) - Failed to task #0: java.lang.NullPointerException
2019-10-02 10:06:38,116 [grpc-default-executor-11] INFO  interfaces.Container (KeyValueContainer.java:flushAndSyncDB(386)) - Container 5 is synced with bcsId 0.
2019-10-02 10:06:38,116 [grpc-default-executor-11] INFO  interfaces.Container (KeyValueContainer.java:flushAndSyncDB(386)) - Container 5 is synced with bcsId 0.
2019-10-02 10:06:38,122 [RatisPipelineUtilsThread] INFO  pipeline.PipelineStateManager (PipelineStateManager.java:removePipeline(108)) - Pipeline Pipeline[ Id: 3c95dc4a-b39f-47ee-bd7d-570035410b71, Nodes: f543130f-443f-4ba5-9d6e-59ecbb0ec00a{ip: 192.168.164.250, host: pr-trunk-p5fv4-2201032288, networkLocation: /default-rack, certSerialId: null}5a36316c-6269-4ab0-8563-6514c3376d21{ip: 192.168.164.250, host: pr-trunk-p5fv4-2201032288, networkLocation: /default-rack, certSerialId: null}49e61346-ce49-4850-8dcd-6024868ef21c{ip: 192.168.164.250, host: pr-trunk-p5fv4-2201032288, networkLocation: /default-rack, certSerialId: null}, Type:RATIS, Factor:THREE, State:CLOSED] removed from db
2019-10-02 10:06:38,125 [grpc-default-executor-11] INFO  impl.RaftServerProxy (RaftServerProxy.java:remove(95)) - f543130f-443f-4ba5-9d6e-59ecbb0ec00a: remove group-570035410B71:null
2019-10-02 10:06:38,131 [RatisPipelineUtilsThread] WARN  pipeline.RatisPipelineUtils (RatisPipelineUtils.java:destroyPipeline(67)) - Pipeline destroy failed for pipeline=PipelineID=3c95dc4a-b39f-47ee-bd7d-570035410b71 dn=f543130f-443f-4ba5-9d6e-59ecbb0ec00a{ip: 192.168.164.250, host: pr-trunk-p5fv4-2201032288, networkLocation: /default-rack, certSerialId: null}
2019-10-02 10:06:38,139 [grpc-default-executor-11] INFO  impl.RaftServerProxy (RaftServerProxy.java:remove(95)) - 5a36316c-6269-4ab0-8563-6514c3376d21: remove group-570035410B71:null
2019-10-02 10:06:38,145 [RatisPipelineUtilsThread] WARN  pipeline.RatisPipelineUtils (RatisPipelineUtils.java:destroyPipeline(67)) - Pipeline destroy failed for pipeline=PipelineID=3c95dc4a-b39f-47ee-bd7d-570035410b71 dn=5a36316c-6269-4ab0-8563-6514c3376d21{ip: 192.168.164.250, host: pr-trunk-p5fv4-2201032288, networkLocation: /default-rack, certSerialId: null}
2019-10-02 10:06:38,147 [grpc-default-executor-11] INFO  impl.RaftServerProxy (RaftServerProxy.java:remove(95)) - 49e61346-ce49-4850-8dcd-6024868ef21c: remove group-570035410B71:null
2019-10-02 10:06:38,151 [RatisPipelineUtilsThread] WARN  pipeline.RatisPipelineUtils (RatisPipelineUtils.java:destroyPipeline(67)) - Pipeline destroy failed for pipeline=PipelineID=3c95dc4a-b39f-47ee-bd7d-570035410b71 dn=49e61346-ce49-4850-8dcd-6024868ef21c{ip: 192.168.164.250, host: pr-trunk-p5fv4-2201032288, networkLocation: /default-rack, certSerialId: null}
2019-10-02 10:06:38,151 [RatisPipelineUtilsThread] ERROR pipeline.SCMPipelineManager (Scheduler.java:lambda$schedule$1(70)) - Destroy pipeline failed for pipeline:Pipeline[ Id: 3c95dc4a-b39f-47ee-bd7d-570035410b71, Nodes: f543130f-443f-4ba5-9d6e-59ecbb0ec00a{ip: 192.168.164.250, host: pr-trunk-p5fv4-2201032288, networkLocation: /default-rack, certSerialId: null}5a36316c-6269-4ab0-8563-6514c3376d21{ip: 192.168.164.250, host: pr-trunk-p5fv4-2201032288, networkLocation: /default-rack, certSerialId: null}49e61346-ce49-4850-8dcd-6024868ef21c{ip: 192.168.164.250, host: pr-trunk-p5fv4-2201032288, networkLocation: /default-rack, certSerialId: null}, Type:RATIS, Factor:THREE, State:CLOSED]
org.apache.hadoop.hdds.scm.pipeline.PipelineNotFoundException: PipelineID=3c95dc4a-b39f-47ee-bd7d-570035410b71 not found
	at org.apache.hadoop.hdds.scm.pipeline.PipelineStateMap.getPipeline(PipelineStateMap.java:132)
	at org.apache.hadoop.hdds.scm.pipeline.PipelineStateMap.removePipeline(PipelineStateMap.java:322)
	at org.apache.hadoop.hdds.scm.pipeline.PipelineStateManager.removePipeline(PipelineStateManager.java:107)
	at org.apache.hadoop.hdds.scm.pipeline.SCMPipelineManager.removePipeline(SCMPipelineManager.java:427)
	at org.apache.hadoop.hdds.scm.pipeline.SCMPipelineManager.destroyPipeline(SCMPipelineManager.java:413)
	at org.apache.hadoop.hdds.scm.pipeline.SCMPipelineManager.lambda$finalizeAndDestroyPipeline$0(SCMPipelineManager.java:322)
	at org.apache.hadoop.hdds.utils.Scheduler.lambda$schedule$1(Scheduler.java:68)
	at java.util.concurrent.Executors$RunnableAdapter.call(Executors.java:511)
	at java.util.concurrent.FutureTask.run(FutureTask.java:266)
	at java.util.concurrent.ScheduledThreadPoolExecutor$ScheduledFutureTask.access$201(ScheduledThreadPoolExecutor.java:180)
	at java.util.concurrent.ScheduledThreadPoolExecutor$ScheduledFutureTask.run(ScheduledThreadPoolExecutor.java:293)
	at java.util.concurrent.ThreadPoolExecutor.runWorker(ThreadPoolExecutor.java:1149)
	at java.util.concurrent.ThreadPoolExecutor$Worker.run(ThreadPoolExecutor.java:624)
	at java.lang.Thread.run(Thread.java:748)
2019-10-02 10:06:38,160 [grpc-default-executor-7] INFO  impl.RaftServerProxy (RaftServerProxy.java:addNew(89)) - 5a36316c-6269-4ab0-8563-6514c3376d21: addNew group-D3F651902B2E:[f543130f-443f-4ba5-9d6e-59ecbb0ec00a:192.168.164.250:36191, 5a36316c-6269-4ab0-8563-6514c3376d21:192.168.164.250:32906, 49e61346-ce49-4850-8dcd-6024868ef21c:192.168.164.250:43655] returns group-D3F651902B2E:java.util.concurrent.CompletableFuture@102d5fd1[Not completed]
2019-10-02 10:06:38,160 [grpc-default-executor-11] INFO  impl.RaftServerProxy (RaftServerProxy.java:addNew(89)) - 49e61346-ce49-4850-8dcd-6024868ef21c: addNew group-D3F651902B2E:[f543130f-443f-4ba5-9d6e-59ecbb0ec00a:192.168.164.250:36191, 5a36316c-6269-4ab0-8563-6514c3376d21:192.168.164.250:32906, 49e61346-ce49-4850-8dcd-6024868ef21c:192.168.164.250:43655] returns group-D3F651902B2E:java.util.concurrent.CompletableFuture@305f8877[Not completed]
2019-10-02 10:06:38,160 [grpc-default-executor-3] INFO  impl.RaftServerProxy (RaftServerProxy.java:addNew(89)) - f543130f-443f-4ba5-9d6e-59ecbb0ec00a: addNew group-D3F651902B2E:[f543130f-443f-4ba5-9d6e-59ecbb0ec00a:192.168.164.250:36191, 5a36316c-6269-4ab0-8563-6514c3376d21:192.168.164.250:32906, 49e61346-ce49-4850-8dcd-6024868ef21c:192.168.164.250:43655] returns group-D3F651902B2E:java.util.concurrent.CompletableFuture@5f6574ac[Not completed]
2019-10-02 10:06:38,164 [pool-37-thread-1] INFO  impl.RaftServerImpl (RaftServerImpl.java:<init>(95)) - 5a36316c-6269-4ab0-8563-6514c3376d21: new RaftServerImpl for group-D3F651902B2E:[f543130f-443f-4ba5-9d6e-59ecbb0ec00a:192.168.164.250:36191, 5a36316c-6269-4ab0-8563-6514c3376d21:192.168.164.250:32906, 49e61346-ce49-4850-8dcd-6024868ef21c:192.168.164.250:43655] with ContainerStateMachine:uninitialized
2019-10-02 10:06:38,164 [pool-37-thread-1] INFO  server.RaftServerConfigKeys (ConfUtils.java:logGet(43)) - raft.server.rpc.timeout.min = 5s (custom)
2019-10-02 10:06:38,164 [pool-37-thread-1] INFO  server.RaftServerConfigKeys (ConfUtils.java:logGet(43)) - raft.server.rpc.timeout.max = 5200ms (custom)
2019-10-02 10:06:38,164 [pool-37-thread-1] INFO  server.RaftServerConfigKeys (ConfUtils.java:logGet(43)) - raft.server.rpcslowness.timeout = 120s (custom)
2019-10-02 10:06:38,164 [pool-37-thread-1] INFO  server.RaftServerConfigKeys (ConfUtils.java:logGet(43)) - raft.server.sleep.deviation.threshold = 300 (default)
2019-10-02 10:06:38,165 [pool-37-thread-1] INFO  server.RaftServerConfigKeys (ConfUtils.java:logGet(43)) - raft.server.log.appender.install.snapshot.enabled = false (custom)
2019-10-02 10:06:38,165 [pool-37-thread-1] INFO  impl.RaftServerImpl (ServerState.java:<init>(103)) - 5a36316c-6269-4ab0-8563-6514c3376d21@group-D3F651902B2E: ConfigurationManager, init=-1: [f543130f-443f-4ba5-9d6e-59ecbb0ec00a:192.168.164.250:36191, 5a36316c-6269-4ab0-8563-6514c3376d21:192.168.164.250:32906, 49e61346-ce49-4850-8dcd-6024868ef21c:192.168.164.250:43655], old=null, confs=<EMPTY_MAP>
2019-10-02 10:06:38,165 [pool-37-thread-1] INFO  server.RaftServerConfigKeys (ConfUtils.java:logGet(43)) - raft.server.storage.dir = [/workdir/hadoop-ozone/ozonefs/target/test-dir/MiniOzoneClusterImpl-a0bcfbd7-d664-4bc8-be8a-7389cc786fdd/datanode-1/data/ratis] (custom)
2019-10-02 10:06:38,165 [pool-57-thread-1] INFO  impl.RaftServerImpl (RaftServerImpl.java:<init>(95)) - f543130f-443f-4ba5-9d6e-59ecbb0ec00a: new RaftServerImpl for group-D3F651902B2E:[f543130f-443f-4ba5-9d6e-59ecbb0ec00a:192.168.164.250:36191, 5a36316c-6269-4ab0-8563-6514c3376d21:192.168.164.250:32906, 49e61346-ce49-4850-8dcd-6024868ef21c:192.168.164.250:43655] with ContainerStateMachine:uninitialized
2019-10-02 10:06:38,165 [pool-57-thread-1] INFO  server.RaftServerConfigKeys (ConfUtils.java:logGet(43)) - raft.server.rpc.timeout.min = 5s (custom)
2019-10-02 10:06:38,165 [pool-57-thread-1] INFO  server.RaftServerConfigKeys (ConfUtils.java:logGet(43)) - raft.server.rpc.timeout.max = 5200ms (custom)
2019-10-02 10:06:38,165 [pool-37-thread-1] INFO  server.RaftServerConfigKeys (ConfUtils.java:logGet(43)) - raft.server.log.corruption.policy = EXCEPTION (default)
2019-10-02 10:06:38,165 [pool-57-thread-1] INFO  server.RaftServerConfigKeys (ConfUtils.java:logGet(43)) - raft.server.rpcslowness.timeout = 120s (custom)
2019-10-02 10:06:38,165 [pool-37-thread-1] INFO  storage.RaftStorageDirectory (RaftStorageDirectory.java:analyzeStorage(246)) - The storage directory /workdir/hadoop-ozone/ozonefs/target/test-dir/MiniOzoneClusterImpl-a0bcfbd7-d664-4bc8-be8a-7389cc786fdd/datanode-1/data/ratis/1490a740-0e3e-4252-920c-d3f651902b2e does not exist. Creating ...
2019-10-02 10:06:38,165 [pool-57-thread-1] INFO  server.RaftServerConfigKeys (ConfUtils.java:logGet(43)) - raft.server.sleep.deviation.threshold = 300 (default)
2019-10-02 10:06:38,166 [pool-57-thread-1] INFO  server.RaftServerConfigKeys (ConfUtils.java:logGet(43)) - raft.server.log.appender.install.snapshot.enabled = false (custom)
2019-10-02 10:06:38,166 [pool-47-thread-1] INFO  impl.RaftServerImpl (RaftServerImpl.java:<init>(95)) - 49e61346-ce49-4850-8dcd-6024868ef21c: new RaftServerImpl for group-D3F651902B2E:[f543130f-443f-4ba5-9d6e-59ecbb0ec00a:192.168.164.250:36191, 5a36316c-6269-4ab0-8563-6514c3376d21:192.168.164.250:32906, 49e61346-ce49-4850-8dcd-6024868ef21c:192.168.164.250:43655] with ContainerStateMachine:uninitialized
2019-10-02 10:06:38,166 [pool-57-thread-1] INFO  impl.RaftServerImpl (ServerState.java:<init>(103)) - f543130f-443f-4ba5-9d6e-59ecbb0ec00a@group-D3F651902B2E: ConfigurationManager, init=-1: [f543130f-443f-4ba5-9d6e-59ecbb0ec00a:192.168.164.250:36191, 5a36316c-6269-4ab0-8563-6514c3376d21:192.168.164.250:32906, 49e61346-ce49-4850-8dcd-6024868ef21c:192.168.164.250:43655], old=null, confs=<EMPTY_MAP>
2019-10-02 10:06:38,166 [pool-47-thread-1] INFO  server.RaftServerConfigKeys (ConfUtils.java:logGet(43)) - raft.server.rpc.timeout.min = 5s (custom)
2019-10-02 10:06:38,166 [pool-57-thread-1] INFO  server.RaftServerConfigKeys (ConfUtils.java:logGet(43)) - raft.server.storage.dir = [/workdir/hadoop-ozone/ozonefs/target/test-dir/MiniOzoneClusterImpl-a0bcfbd7-d664-4bc8-be8a-7389cc786fdd/datanode-3/data/ratis] (custom)
2019-10-02 10:06:38,166 [pool-47-thread-1] INFO  server.RaftServerConfigKeys (ConfUtils.java:logGet(43)) - raft.server.rpc.timeout.max = 5200ms (custom)
2019-10-02 10:06:38,166 [pool-57-thread-1] INFO  server.RaftServerConfigKeys (ConfUtils.java:logGet(43)) - raft.server.log.corruption.policy = EXCEPTION (default)
2019-10-02 10:06:38,166 [pool-47-thread-1] INFO  server.RaftServerConfigKeys (ConfUtils.java:logGet(43)) - raft.server.rpcslowness.timeout = 120s (custom)
2019-10-02 10:06:38,166 [pool-57-thread-1] INFO  storage.RaftStorageDirectory (RaftStorageDirectory.java:analyzeStorage(246)) - The storage directory /workdir/hadoop-ozone/ozonefs/target/test-dir/MiniOzoneClusterImpl-a0bcfbd7-d664-4bc8-be8a-7389cc786fdd/datanode-3/data/ratis/1490a740-0e3e-4252-920c-d3f651902b2e does not exist. Creating ...
2019-10-02 10:06:38,166 [pool-47-thread-1] INFO  server.RaftServerConfigKeys (ConfUtils.java:logGet(43)) - raft.server.sleep.deviation.threshold = 300 (default)
2019-10-02 10:06:38,167 [pool-47-thread-1] INFO  server.RaftServerConfigKeys (ConfUtils.java:logGet(43)) - raft.server.log.appender.install.snapshot.enabled = false (custom)
2019-10-02 10:06:38,167 [pool-47-thread-1] INFO  impl.RaftServerImpl (ServerState.java:<init>(103)) - 49e61346-ce49-4850-8dcd-6024868ef21c@group-D3F651902B2E: ConfigurationManager, init=-1: [f543130f-443f-4ba5-9d6e-59ecbb0ec00a:192.168.164.250:36191, 5a36316c-6269-4ab0-8563-6514c3376d21:192.168.164.250:32906, 49e61346-ce49-4850-8dcd-6024868ef21c:192.168.164.250:43655], old=null, confs=<EMPTY_MAP>
2019-10-02 10:06:38,167 [pool-47-thread-1] INFO  server.RaftServerConfigKeys (ConfUtils.java:logGet(43)) - raft.server.storage.dir = [/workdir/hadoop-ozone/ozonefs/target/test-dir/MiniOzoneClusterImpl-a0bcfbd7-d664-4bc8-be8a-7389cc786fdd/datanode-2/data/ratis] (custom)
2019-10-02 10:06:38,167 [pool-47-thread-1] INFO  server.RaftServerConfigKeys (ConfUtils.java:logGet(43)) - raft.server.log.corruption.policy = EXCEPTION (default)
2019-10-02 10:06:38,167 [pool-47-thread-1] INFO  storage.RaftStorageDirectory (RaftStorageDirectory.java:analyzeStorage(246)) - The storage directory /workdir/hadoop-ozone/ozonefs/target/test-dir/MiniOzoneClusterImpl-a0bcfbd7-d664-4bc8-be8a-7389cc786fdd/datanode-2/data/ratis/1490a740-0e3e-4252-920c-d3f651902b2e does not exist. Creating ...
2019-10-02 10:06:38,180 [pool-57-thread-1] INFO  storage.RaftStorageDirectory (RaftStorageDirectory.java:tryLock(328)) - Lock on /workdir/hadoop-ozone/ozonefs/target/test-dir/MiniOzoneClusterImpl-a0bcfbd7-d664-4bc8-be8a-7389cc786fdd/datanode-3/data/ratis/1490a740-0e3e-4252-920c-d3f651902b2e/in_use.lock acquired by nodename 13808@pr-trunk-p5fv4-2201032288
2019-10-02 10:06:38,180 [pool-37-thread-1] INFO  storage.RaftStorageDirectory (RaftStorageDirectory.java:tryLock(328)) - Lock on /workdir/hadoop-ozone/ozonefs/target/test-dir/MiniOzoneClusterImpl-a0bcfbd7-d664-4bc8-be8a-7389cc786fdd/datanode-1/data/ratis/1490a740-0e3e-4252-920c-d3f651902b2e/in_use.lock acquired by nodename 13808@pr-trunk-p5fv4-2201032288
2019-10-02 10:06:38,180 [pool-47-thread-1] INFO  storage.RaftStorageDirectory (RaftStorageDirectory.java:tryLock(328)) - Lock on /workdir/hadoop-ozone/ozonefs/target/test-dir/MiniOzoneClusterImpl-a0bcfbd7-d664-4bc8-be8a-7389cc786fdd/datanode-2/data/ratis/1490a740-0e3e-4252-920c-d3f651902b2e/in_use.lock acquired by nodename 13808@pr-trunk-p5fv4-2201032288
2019-10-02 10:06:38,198 [pool-47-thread-1] INFO  storage.RaftStorage (RaftStorage.java:format(84)) - Storage directory /workdir/hadoop-ozone/ozonefs/target/test-dir/MiniOzoneClusterImpl-a0bcfbd7-d664-4bc8-be8a-7389cc786fdd/datanode-2/data/ratis/1490a740-0e3e-4252-920c-d3f651902b2e has been successfully formatted.
2019-10-02 10:06:38,198 [pool-57-thread-1] INFO  storage.RaftStorage (RaftStorage.java:format(84)) - Storage directory /workdir/hadoop-ozone/ozonefs/target/test-dir/MiniOzoneClusterImpl-a0bcfbd7-d664-4bc8-be8a-7389cc786fdd/datanode-3/data/ratis/1490a740-0e3e-4252-920c-d3f651902b2e has been successfully formatted.
2019-10-02 10:06:38,198 [pool-37-thread-1] INFO  storage.RaftStorage (RaftStorage.java:format(84)) - Storage directory /workdir/hadoop-ozone/ozonefs/target/test-dir/MiniOzoneClusterImpl-a0bcfbd7-d664-4bc8-be8a-7389cc786fdd/datanode-1/data/ratis/1490a740-0e3e-4252-920c-d3f651902b2e has been successfully formatted.
2019-10-02 10:06:38,199 [pool-57-thread-1] INFO  ratis.ContainerStateMachine (ContainerStateMachine.java:loadSnapshot(231)) - group-D3F651902B2E: The snapshot info is null. Setting the last applied indexto:(t:0, i:~)
2019-10-02 10:06:38,199 [pool-47-thread-1] INFO  ratis.ContainerStateMachine (ContainerStateMachine.java:loadSnapshot(231)) - group-D3F651902B2E: The snapshot info is null. Setting the last applied indexto:(t:0, i:~)
2019-10-02 10:06:38,199 [pool-57-thread-1] INFO  server.RaftServerConfigKeys (ConfUtils.java:logGet(43)) - raft.server.notification.no-leader.timeout = 120s (custom)
2019-10-02 10:06:38,199 [pool-37-thread-1] INFO  ratis.ContainerStateMachine (ContainerStateMachine.java:loadSnapshot(231)) - group-D3F651902B2E: The snapshot info is null. Setting the last applied indexto:(t:0, i:~)
2019-10-02 10:06:38,199 [pool-57-thread-1] INFO  server.RaftServerConfigKeys (ConfUtils.java:logGet(43)) - raft.server.log.use.memory = false (default)
2019-10-02 10:06:38,199 [pool-47-thread-1] INFO  server.RaftServerConfigKeys (ConfUtils.java:logGet(43)) - raft.server.notification.no-leader.timeout = 120s (custom)
2019-10-02 10:06:38,199 [pool-57-thread-1] INFO  server.RaftServerConfigKeys (ConfUtils.java:logGet(43)) - raft.server.log.purge.gap = 1000000 (custom)
2019-10-02 10:06:38,199 [pool-37-thread-1] INFO  server.RaftServerConfigKeys (ConfUtils.java:logGet(43)) - raft.server.notification.no-leader.timeout = 120s (custom)
2019-10-02 10:06:38,199 [pool-57-thread-1] INFO  server.RaftServerConfigKeys (ConfUtils.java:logGet(43)) - raft.server.log.appender.buffer.byte-limit = 33554432 (custom)
2019-10-02 10:06:38,199 [pool-47-thread-1] INFO  server.RaftServerConfigKeys (ConfUtils.java:logGet(43)) - raft.server.log.use.memory = false (default)
2019-10-02 10:06:38,200 [pool-57-thread-1] INFO  server.RaftServerConfigKeys (ConfUtils.java:logGet(43)) - raft.server.log.segment.size.max = 1048576 (custom)
2019-10-02 10:06:38,199 [pool-37-thread-1] INFO  server.RaftServerConfigKeys (ConfUtils.java:logGet(43)) - raft.server.log.use.memory = false (default)
2019-10-02 10:06:38,200 [pool-47-thread-1] INFO  server.RaftServerConfigKeys (ConfUtils.java:logGet(43)) - raft.server.log.purge.gap = 1000000 (custom)
2019-10-02 10:06:38,200 [pool-37-thread-1] INFO  server.RaftServerConfigKeys (ConfUtils.java:logGet(43)) - raft.server.log.purge.gap = 1000000 (custom)
2019-10-02 10:06:38,200 [pool-57-thread-1] INFO  server.RaftServerConfigKeys (ConfUtils.java:logGet(43)) - raft.server.log.segment.cache.num.max = 2 (custom)
2019-10-02 10:06:38,200 [pool-37-thread-1] INFO  server.RaftServerConfigKeys (ConfUtils.java:logGet(43)) - raft.server.log.appender.buffer.byte-limit = 33554432 (custom)
2019-10-02 10:06:38,200 [pool-47-thread-1] INFO  server.RaftServerConfigKeys (ConfUtils.java:logGet(43)) - raft.server.log.appender.buffer.byte-limit = 33554432 (custom)
2019-10-02 10:06:38,200 [pool-37-thread-1] INFO  server.RaftServerConfigKeys (ConfUtils.java:logGet(43)) - raft.server.log.segment.size.max = 1048576 (custom)
2019-10-02 10:06:38,200 [pool-57-thread-1] INFO  segmented.SegmentedRaftLogWorker (SegmentedRaftLogWorker.java:<init>(173)) - new f543130f-443f-4ba5-9d6e-59ecbb0ec00a@group-D3F651902B2E-SegmentedRaftLogWorker for RaftStorage:Storage Directory /workdir/hadoop-ozone/ozonefs/target/test-dir/MiniOzoneClusterImpl-a0bcfbd7-d664-4bc8-be8a-7389cc786fdd/datanode-3/data/ratis/1490a740-0e3e-4252-920c-d3f651902b2e
2019-10-02 10:06:38,201 [pool-37-thread-1] INFO  server.RaftServerConfigKeys (ConfUtils.java:logGet(43)) - raft.server.log.segment.cache.num.max = 2 (custom)
2019-10-02 10:06:38,200 [pool-47-thread-1] INFO  server.RaftServerConfigKeys (ConfUtils.java:logGet(43)) - raft.server.log.segment.size.max = 1048576 (custom)
2019-10-02 10:06:38,201 [pool-37-thread-1] INFO  segmented.SegmentedRaftLogWorker (SegmentedRaftLogWorker.java:<init>(173)) - new 5a36316c-6269-4ab0-8563-6514c3376d21@group-D3F651902B2E-SegmentedRaftLogWorker for RaftStorage:Storage Directory /workdir/hadoop-ozone/ozonefs/target/test-dir/MiniOzoneClusterImpl-a0bcfbd7-d664-4bc8-be8a-7389cc786fdd/datanode-1/data/ratis/1490a740-0e3e-4252-920c-d3f651902b2e
2019-10-02 10:06:38,201 [pool-57-thread-1] INFO  server.RaftServerConfigKeys (ConfUtils.java:logGet(43)) - raft.server.log.queue.byte-limit = 2147483647 (custom)
2019-10-02 10:06:38,201 [pool-37-thread-1] INFO  server.RaftServerConfigKeys (ConfUtils.java:logGet(43)) - raft.server.log.queue.byte-limit = 2147483647 (custom)
2019-10-02 10:06:38,201 [pool-47-thread-1] INFO  server.RaftServerConfigKeys (ConfUtils.java:logGet(43)) - raft.server.log.segment.cache.num.max = 2 (custom)
2019-10-02 10:06:38,201 [pool-37-thread-1] INFO  server.RaftServerConfigKeys (ConfUtils.java:logGet(43)) - raft.server.log.queue.element-limit = 1024 (custom)
2019-10-02 10:06:38,201 [pool-57-thread-1] INFO  server.RaftServerConfigKeys (ConfUtils.java:logGet(43)) - raft.server.log.queue.element-limit = 1024 (custom)
2019-10-02 10:06:38,202 [pool-37-thread-1] INFO  server.RaftServerConfigKeys (ConfUtils.java:logGet(43)) - raft.server.log.segment.size.max = 1048576 (custom)
2019-10-02 10:06:38,201 [pool-47-thread-1] INFO  segmented.SegmentedRaftLogWorker (SegmentedRaftLogWorker.java:<init>(173)) - new 49e61346-ce49-4850-8dcd-6024868ef21c@group-D3F651902B2E-SegmentedRaftLogWorker for RaftStorage:Storage Directory /workdir/hadoop-ozone/ozonefs/target/test-dir/MiniOzoneClusterImpl-a0bcfbd7-d664-4bc8-be8a-7389cc786fdd/datanode-2/data/ratis/1490a740-0e3e-4252-920c-d3f651902b2e
2019-10-02 10:06:38,202 [pool-37-thread-1] INFO  server.RaftServerConfigKeys (ConfUtils.java:logGet(43)) - raft.server.log.preallocated.size = 16384 (custom)
2019-10-02 10:06:38,202 [pool-57-thread-1] INFO  server.RaftServerConfigKeys (ConfUtils.java:logGet(43)) - raft.server.log.segment.size.max = 1048576 (custom)
2019-10-02 10:06:38,202 [pool-37-thread-1] INFO  server.RaftServerConfigKeys (ConfUtils.java:logGet(43)) - raft.server.log.write.buffer.size = 33554432 (custom)
2019-10-02 10:06:38,202 [pool-47-thread-1] INFO  server.RaftServerConfigKeys (ConfUtils.java:logGet(43)) - raft.server.log.queue.byte-limit = 2147483647 (custom)
2019-10-02 10:06:38,202 [pool-37-thread-1] INFO  server.RaftServerConfigKeys (ConfUtils.java:logGet(43)) - raft.server.log.force.sync.num = 128 (default)
2019-10-02 10:06:38,202 [pool-57-thread-1] INFO  server.RaftServerConfigKeys (ConfUtils.java:logGet(43)) - raft.server.log.preallocated.size = 16384 (custom)
2019-10-02 10:06:38,203 [pool-37-thread-1] INFO  server.RaftServerConfigKeys (ConfUtils.java:logGet(43)) - raft.server.log.statemachine.data.sync = true (default)
2019-10-02 10:06:38,203 [pool-47-thread-1] INFO  server.RaftServerConfigKeys (ConfUtils.java:logGet(43)) - raft.server.log.queue.element-limit = 1024 (custom)
2019-10-02 10:06:38,203 [pool-37-thread-1] INFO  server.RaftServerConfigKeys (ConfUtils.java:logGet(43)) - raft.server.log.statemachine.data.sync.timeout = 10s (default)
2019-10-02 10:06:38,203 [pool-57-thread-1] INFO  server.RaftServerConfigKeys (ConfUtils.java:logGet(43)) - raft.server.log.write.buffer.size = 33554432 (custom)
2019-10-02 10:06:38,203 [pool-37-thread-1] INFO  server.RaftServerConfigKeys (ConfUtils.java:logGet(43)) - raft.server.log.statemachine.data.sync.timeout.retry = -1 (default)
2019-10-02 10:06:38,203 [pool-47-thread-1] INFO  server.RaftServerConfigKeys (ConfUtils.java:logGet(43)) - raft.server.log.segment.size.max = 1048576 (custom)
2019-10-02 10:06:38,203 [pool-37-thread-1] INFO  server.RaftServerConfigKeys (ConfUtils.java:logGet(43)) - raft.server.log.statemachine.data.caching.enabled = true (custom)
2019-10-02 10:06:38,203 [pool-57-thread-1] INFO  server.RaftServerConfigKeys (ConfUtils.java:logGet(43)) - raft.server.log.force.sync.num = 128 (default)
2019-10-02 10:06:38,203 [pool-47-thread-1] INFO  server.RaftServerConfigKeys (ConfUtils.java:logGet(43)) - raft.server.log.preallocated.size = 16384 (custom)
2019-10-02 10:06:38,204 [pool-57-thread-1] INFO  server.RaftServerConfigKeys (ConfUtils.java:logGet(43)) - raft.server.log.statemachine.data.sync = true (default)
2019-10-02 10:06:38,204 [pool-37-thread-1] INFO  segmented.SegmentedRaftLogWorker (SegmentedRaftLogWorker.java:lambda$new$0(128)) - 5a36316c-6269-4ab0-8563-6514c3376d21@group-D3F651902B2E-SegmentedRaftLogWorker: flushIndex: setUnconditionally 0 -> -1
2019-10-02 10:06:38,204 [pool-47-thread-1] INFO  server.RaftServerConfigKeys (ConfUtils.java:logGet(43)) - raft.server.log.write.buffer.size = 33554432 (custom)
2019-10-02 10:06:38,204 [pool-57-thread-1] INFO  server.RaftServerConfigKeys (ConfUtils.java:logGet(43)) - raft.server.log.statemachine.data.sync.timeout = 10s (default)
2019-10-02 10:06:38,204 [pool-37-thread-1] INFO  server.RaftServerConfigKeys (ConfUtils.java:logGet(43)) - raft.server.snapshot.auto.trigger.enabled = true (custom)
2019-10-02 10:06:38,204 [pool-47-thread-1] INFO  server.RaftServerConfigKeys (ConfUtils.java:logGet(43)) - raft.server.log.force.sync.num = 128 (default)
2019-10-02 10:06:38,204 [pool-37-thread-1] INFO  server.RaftServerConfigKeys (ConfUtils.java:logGet(43)) - raft.server.snapshot.auto.trigger.threshold = 10000 (custom)
2019-10-02 10:06:38,204 [pool-57-thread-1] INFO  server.RaftServerConfigKeys (ConfUtils.java:logGet(43)) - raft.server.log.statemachine.data.sync.timeout.retry = -1 (default)
2019-10-02 10:06:38,205 [pool-37-thread-1] INFO  server.RaftServerConfigKeys (ConfUtils.java:logGet(43)) - raft.server.snapshot.retention.file.num = 5 (custom)
2019-10-02 10:06:38,205 [pool-57-thread-1] INFO  server.RaftServerConfigKeys (ConfUtils.java:logGet(43)) - raft.server.log.statemachine.data.caching.enabled = true (custom)
2019-10-02 10:06:38,205 [pool-47-thread-1] INFO  server.RaftServerConfigKeys (ConfUtils.java:logGet(43)) - raft.server.log.statemachine.data.sync = true (default)
2019-10-02 10:06:38,205 [pool-37-thread-1] INFO  server.RaftServerConfigKeys (ConfUtils.java:logGet(43)) - raft.server.retrycache.expirytime = 600000ms (custom)
2019-10-02 10:06:38,205 [pool-57-thread-1] INFO  segmented.SegmentedRaftLogWorker (SegmentedRaftLogWorker.java:lambda$new$0(128)) - f543130f-443f-4ba5-9d6e-59ecbb0ec00a@group-D3F651902B2E-SegmentedRaftLogWorker: flushIndex: setUnconditionally 0 -> -1
2019-10-02 10:06:38,205 [pool-47-thread-1] INFO  server.RaftServerConfigKeys (ConfUtils.java:logGet(43)) - raft.server.log.statemachine.data.sync.timeout = 10s (default)
2019-10-02 10:06:38,205 [pool-57-thread-1] INFO  server.RaftServerConfigKeys (ConfUtils.java:logGet(43)) - raft.server.snapshot.auto.trigger.enabled = true (custom)
2019-10-02 10:06:38,206 [pool-47-thread-1] INFO  server.RaftServerConfigKeys (ConfUtils.java:logGet(43)) - raft.server.log.statemachine.data.sync.timeout.retry = -1 (default)
2019-10-02 10:06:38,206 [pool-57-thread-1] INFO  server.RaftServerConfigKeys (ConfUtils.java:logGet(43)) - raft.server.snapshot.auto.trigger.threshold = 10000 (custom)
2019-10-02 10:06:38,206 [pool-47-thread-1] INFO  server.RaftServerConfigKeys (ConfUtils.java:logGet(43)) - raft.server.log.statemachine.data.caching.enabled = true (custom)
2019-10-02 10:06:38,206 [pool-57-thread-1] INFO  server.RaftServerConfigKeys (ConfUtils.java:logGet(43)) - raft.server.snapshot.retention.file.num = 5 (custom)
2019-10-02 10:06:38,206 [pool-57-thread-1] INFO  server.RaftServerConfigKeys (ConfUtils.java:logGet(43)) - raft.server.retrycache.expirytime = 600000ms (custom)
2019-10-02 10:06:38,206 [pool-47-thread-1] INFO  segmented.SegmentedRaftLogWorker (SegmentedRaftLogWorker.java:lambda$new$0(128)) - 49e61346-ce49-4850-8dcd-6024868ef21c@group-D3F651902B2E-SegmentedRaftLogWorker: flushIndex: setUnconditionally 0 -> -1
2019-10-02 10:06:38,206 [pool-47-thread-1] INFO  server.RaftServerConfigKeys (ConfUtils.java:logGet(43)) - raft.server.snapshot.auto.trigger.enabled = true (custom)
2019-10-02 10:06:38,207 [pool-47-thread-1] INFO  server.RaftServerConfigKeys (ConfUtils.java:logGet(43)) - raft.server.snapshot.auto.trigger.threshold = 10000 (custom)
2019-10-02 10:06:38,207 [pool-47-thread-1] INFO  server.RaftServerConfigKeys (ConfUtils.java:logGet(43)) - raft.server.snapshot.retention.file.num = 5 (custom)
2019-10-02 10:06:38,207 [pool-47-thread-1] INFO  server.RaftServerConfigKeys (ConfUtils.java:logGet(43)) - raft.server.retrycache.expirytime = 600000ms (custom)
2019-10-02 10:06:38,209 [pool-37-thread-1] INFO  impl.RaftServerImpl (RaftServerImpl.java:start(181)) - 5a36316c-6269-4ab0-8563-6514c3376d21@group-D3F651902B2E: start as a follower, conf=-1: [f543130f-443f-4ba5-9d6e-59ecbb0ec00a:192.168.164.250:36191, 5a36316c-6269-4ab0-8563-6514c3376d21:192.168.164.250:32906, 49e61346-ce49-4850-8dcd-6024868ef21c:192.168.164.250:43655], old=null
2019-10-02 10:06:38,209 [pool-37-thread-1] INFO  impl.RaftServerImpl (RaftServerImpl.java:setRole(170)) - 5a36316c-6269-4ab0-8563-6514c3376d21@group-D3F651902B2E: changes role from      null to FOLLOWER at term 0 for startAsFollower
2019-10-02 10:06:38,209 [pool-37-thread-1] INFO  impl.RoleInfo (RoleInfo.java:updateAndGet(143)) - 5a36316c-6269-4ab0-8563-6514c3376d21: start FollowerState
2019-10-02 10:06:38,210 [pool-37-thread-1] INFO  util.JmxRegister (JmxRegister.java:tryRegister(44)) - Successfully registered JMX Bean with object name Ratis:service=RaftServer,group=group-D3F651902B2E,id=5a36316c-6269-4ab0-8563-6514c3376d21
2019-10-02 10:06:38,210 [pool-57-thread-1] INFO  impl.RaftServerImpl (RaftServerImpl.java:start(181)) - f543130f-443f-4ba5-9d6e-59ecbb0ec00a@group-D3F651902B2E: start as a follower, conf=-1: [f543130f-443f-4ba5-9d6e-59ecbb0ec00a:192.168.164.250:36191, 5a36316c-6269-4ab0-8563-6514c3376d21:192.168.164.250:32906, 49e61346-ce49-4850-8dcd-6024868ef21c:192.168.164.250:43655], old=null
2019-10-02 10:06:38,210 [pool-57-thread-1] INFO  impl.RaftServerImpl (RaftServerImpl.java:setRole(170)) - f543130f-443f-4ba5-9d6e-59ecbb0ec00a@group-D3F651902B2E: changes role from      null to FOLLOWER at term 0 for startAsFollower
2019-10-02 10:06:38,210 [pool-57-thread-1] INFO  impl.RoleInfo (RoleInfo.java:updateAndGet(143)) - f543130f-443f-4ba5-9d6e-59ecbb0ec00a: start FollowerState
2019-10-02 10:06:38,210 [pool-47-thread-1] INFO  impl.RaftServerImpl (RaftServerImpl.java:start(181)) - 49e61346-ce49-4850-8dcd-6024868ef21c@group-D3F651902B2E: start as a follower, conf=-1: [f543130f-443f-4ba5-9d6e-59ecbb0ec00a:192.168.164.250:36191, 5a36316c-6269-4ab0-8563-6514c3376d21:192.168.164.250:32906, 49e61346-ce49-4850-8dcd-6024868ef21c:192.168.164.250:43655], old=null
2019-10-02 10:06:38,210 [pool-47-thread-1] INFO  impl.RaftServerImpl (RaftServerImpl.java:setRole(170)) - 49e61346-ce49-4850-8dcd-6024868ef21c@group-D3F651902B2E: changes role from      null to FOLLOWER at term 0 for startAsFollower
2019-10-02 10:06:38,216 [pool-47-thread-1] INFO  impl.RoleInfo (RoleInfo.java:updateAndGet(143)) - 49e61346-ce49-4850-8dcd-6024868ef21c: start FollowerState
2019-10-02 10:06:38,216 [pool-57-thread-1] INFO  util.JmxRegister (JmxRegister.java:tryRegister(44)) - Successfully registered JMX Bean with object name Ratis:service=RaftServer,group=group-D3F651902B2E,id=f543130f-443f-4ba5-9d6e-59ecbb0ec00a
2019-10-02 10:06:38,216 [pool-47-thread-1] INFO  util.JmxRegister (JmxRegister.java:tryRegister(44)) - Successfully registered JMX Bean with object name Ratis:service=RaftServer,group=group-D3F651902B2E,id=49e61346-ce49-4850-8dcd-6024868ef21c
2019-10-02 10:06:38,225 [RatisPipelineUtilsThread] INFO  pipeline.PipelineStateManager (PipelineStateManager.java:addPipeline(56)) - Created pipeline Pipeline[ Id: 1490a740-0e3e-4252-920c-d3f651902b2e, Nodes: f543130f-443f-4ba5-9d6e-59ecbb0ec00a{ip: 192.168.164.250, host: pr-trunk-p5fv4-2201032288, networkLocation: /default-rack, certSerialId: null}5a36316c-6269-4ab0-8563-6514c3376d21{ip: 192.168.164.250, host: pr-trunk-p5fv4-2201032288, networkLocation: /default-rack, certSerialId: null}49e61346-ce49-4850-8dcd-6024868ef21c{ip: 192.168.164.250, host: pr-trunk-p5fv4-2201032288, networkLocation: /default-rack, certSerialId: null}, Type:RATIS, Factor:THREE, State:OPEN]
2019-10-02 10:06:42,089 [java.util.concurrent.ThreadPoolExecutor$Worker@68b5cba0[State = -1, empty queue]] ERROR client.GrpcClientProtocolClient (GrpcClientProtocolClient.java:close(148)) - Unexpected exception while waiting for channel termination
java.lang.InterruptedException
	at java.util.concurrent.locks.AbstractQueuedSynchronizer.tryAcquireSharedNanos(AbstractQueuedSynchronizer.java:1326)
	at java.util.concurrent.CountDownLatch.await(CountDownLatch.java:277)
	at org.apache.ratis.thirdparty.io.grpc.internal.ManagedChannelImpl.awaitTermination(ManagedChannelImpl.java:763)
	at org.apache.ratis.thirdparty.io.grpc.internal.ForwardingManagedChannel.awaitTermination(ForwardingManagedChannel.java:57)
	at org.apache.ratis.thirdparty.io.grpc.internal.ManagedChannelOrphanWrapper.awaitTermination(ManagedChannelOrphanWrapper.java:70)
	at org.apache.ratis.grpc.client.GrpcClientProtocolClient.close(GrpcClientProtocolClient.java:146)
	at org.apache.ratis.util.PeerProxyMap$PeerAndProxy.lambda$close$1(PeerProxyMap.java:74)
	at org.apache.ratis.util.LifeCycle.lambda$checkStateAndClose$2(LifeCycle.java:231)
	at org.apache.ratis.util.LifeCycle.checkStateAndClose(LifeCycle.java:251)
	at org.apache.ratis.util.LifeCycle.checkStateAndClose(LifeCycle.java:229)
	at org.apache.ratis.util.PeerProxyMap$PeerAndProxy.close(PeerProxyMap.java:70)
	at org.apache.ratis.util.PeerProxyMap.resetProxy(PeerProxyMap.java:127)
	at org.apache.ratis.util.PeerProxyMap.handleException(PeerProxyMap.java:136)
	at org.apache.ratis.client.impl.RaftClientRpcWithProxy.handleException(RaftClientRpcWithProxy.java:47)
	at org.apache.ratis.client.impl.RaftClientImpl.handleIOException(RaftClientImpl.java:372)
	at org.apache.ratis.client.impl.OrderedAsync.lambda$sendRequest$10(OrderedAsync.java:236)
	at java.util.concurrent.CompletableFuture.uniExceptionally(CompletableFuture.java:870)
	at java.util.concurrent.CompletableFuture$UniExceptionally.tryFire(CompletableFuture.java:852)
	at java.util.concurrent.CompletableFuture.postComplete(CompletableFuture.java:474)
	at java.util.concurrent.CompletableFuture.completeExceptionally(CompletableFuture.java:1977)
	at org.apache.ratis.grpc.client.GrpcClientProtocolClient$AsyncStreamObservers.lambda$timeoutCheck$3(GrpcClientProtocolClient.java:324)
	at java.util.Optional.ifPresent(Optional.java:159)
	at org.apache.ratis.grpc.client.GrpcClientProtocolClient$AsyncStreamObservers.handleReplyFuture(GrpcClientProtocolClient.java:329)
	at org.apache.ratis.grpc.client.GrpcClientProtocolClient$AsyncStreamObservers.timeoutCheck(GrpcClientProtocolClient.java:324)
	at org.apache.ratis.grpc.client.GrpcClientProtocolClient$AsyncStreamObservers.lambda$onNext$1(GrpcClientProtocolClient.java:318)
	at org.apache.ratis.util.TimeoutScheduler.lambda$onTimeout$0(TimeoutScheduler.java:113)
	at org.apache.ratis.util.TimeoutScheduler.lambda$onTimeout$1(TimeoutScheduler.java:133)
	at org.apache.ratis.util.LogUtils.runAndLog(LogUtils.java:50)
	at org.apache.ratis.util.LogUtils$1.run(LogUtils.java:91)
	at java.util.concurrent.Executors$RunnableAdapter.call(Executors.java:511)
	at java.util.concurrent.FutureTask.run(FutureTask.java:266)
	at java.util.concurrent.ScheduledThreadPoolExecutor$ScheduledFutureTask.access$201(ScheduledThreadPoolExecutor.java:180)
	at java.util.concurrent.ScheduledThreadPoolExecutor$ScheduledFutureTask.run(ScheduledThreadPoolExecutor.java:293)
	at java.util.concurrent.ThreadPoolExecutor.runWorker(ThreadPoolExecutor.java:1149)
	at java.util.concurrent.ThreadPoolExecutor$Worker.run(ThreadPoolExecutor.java:624)
	at java.lang.Thread.run(Thread.java:748)
2019-10-02 10:06:42,091 [java.util.concurrent.ThreadPoolExecutor$Worker@68b5cba0[State = -1, empty queue]] WARN  util.TimeoutScheduler (LogUtils.java:runAndLog(55)) - Failed to task #0: java.lang.NullPointerException
2019-10-02 10:06:43,263 [Thread-823] INFO  impl.FollowerState (FollowerState.java:run(108)) - f543130f-443f-4ba5-9d6e-59ecbb0ec00a@group-D3F651902B2E-FollowerState: change to CANDIDATE, lastRpcTime:5052ms, electionTimeout:5052ms
2019-10-02 10:06:43,266 [Thread-823] INFO  impl.RoleInfo (RoleInfo.java:shutdownFollowerState(121)) - f543130f-443f-4ba5-9d6e-59ecbb0ec00a: shutdown FollowerState
2019-10-02 10:06:43,266 [Thread-823] INFO  impl.RaftServerImpl (RaftServerImpl.java:setRole(170)) - f543130f-443f-4ba5-9d6e-59ecbb0ec00a@group-D3F651902B2E: changes role from  FOLLOWER to CANDIDATE at term 0 for changeToCandidate
2019-10-02 10:06:43,267 [Thread-823] INFO  impl.RoleInfo (RoleInfo.java:updateAndGet(143)) - f543130f-443f-4ba5-9d6e-59ecbb0ec00a: start LeaderElection
2019-10-02 10:06:43,270 [Thread-822] INFO  impl.FollowerState (FollowerState.java:run(108)) - 5a36316c-6269-4ab0-8563-6514c3376d21@group-D3F651902B2E-FollowerState: change to CANDIDATE, lastRpcTime:5060ms, electionTimeout:5060ms
2019-10-02 10:06:43,270 [Thread-822] INFO  impl.RoleInfo (RoleInfo.java:shutdownFollowerState(121)) - 5a36316c-6269-4ab0-8563-6514c3376d21: shutdown FollowerState
2019-10-02 10:06:43,270 [Thread-824] INFO  impl.FollowerState (FollowerState.java:run(108)) - 49e61346-ce49-4850-8dcd-6024868ef21c@group-D3F651902B2E-FollowerState: change to CANDIDATE, lastRpcTime:5054ms, electionTimeout:5054ms
2019-10-02 10:06:43,270 [Thread-822] INFO  impl.RaftServerImpl (RaftServerImpl.java:setRole(170)) - 5a36316c-6269-4ab0-8563-6514c3376d21@group-D3F651902B2E: changes role from  FOLLOWER to CANDIDATE at term 0 for changeToCandidate
2019-10-02 10:06:43,271 [Thread-822] INFO  impl.RoleInfo (RoleInfo.java:updateAndGet(143)) - 5a36316c-6269-4ab0-8563-6514c3376d21: start LeaderElection
2019-10-02 10:06:43,270 [Thread-824] INFO  impl.RoleInfo (RoleInfo.java:shutdownFollowerState(121)) - 49e61346-ce49-4850-8dcd-6024868ef21c: shutdown FollowerState
2019-10-02 10:06:43,286 [Thread-824] INFO  impl.RaftServerImpl (RaftServerImpl.java:setRole(170)) - 49e61346-ce49-4850-8dcd-6024868ef21c@group-D3F651902B2E: changes role from  FOLLOWER to CANDIDATE at term 0 for changeToCandidate
2019-10-02 10:06:43,286 [Thread-824] INFO  impl.RoleInfo (RoleInfo.java:updateAndGet(143)) - 49e61346-ce49-4850-8dcd-6024868ef21c: start LeaderElection
2019-10-02 10:06:43,304 [49e61346-ce49-4850-8dcd-6024868ef21c@group-D3F651902B2E-LeaderElection16] INFO  impl.LeaderElection (LeaderElection.java:askForVotes(178)) - 49e61346-ce49-4850-8dcd-6024868ef21c@group-D3F651902B2E-LeaderElection16: begin an election at term 1 for -1: [f543130f-443f-4ba5-9d6e-59ecbb0ec00a:192.168.164.250:36191, 5a36316c-6269-4ab0-8563-6514c3376d21:192.168.164.250:32906, 49e61346-ce49-4850-8dcd-6024868ef21c:192.168.164.250:43655], old=null
2019-10-02 10:06:43,304 [f543130f-443f-4ba5-9d6e-59ecbb0ec00a@group-D3F651902B2E-LeaderElection14] INFO  impl.LeaderElection (LeaderElection.java:askForVotes(178)) - f543130f-443f-4ba5-9d6e-59ecbb0ec00a@group-D3F651902B2E-LeaderElection14: begin an election at term 1 for -1: [f543130f-443f-4ba5-9d6e-59ecbb0ec00a:192.168.164.250:36191, 5a36316c-6269-4ab0-8563-6514c3376d21:192.168.164.250:32906, 49e61346-ce49-4850-8dcd-6024868ef21c:192.168.164.250:43655], old=null
2019-10-02 10:06:43,304 [5a36316c-6269-4ab0-8563-6514c3376d21@group-D3F651902B2E-LeaderElection15] INFO  impl.LeaderElection (LeaderElection.java:askForVotes(178)) - 5a36316c-6269-4ab0-8563-6514c3376d21@group-D3F651902B2E-LeaderElection15: begin an election at term 1 for -1: [f543130f-443f-4ba5-9d6e-59ecbb0ec00a:192.168.164.250:36191, 5a36316c-6269-4ab0-8563-6514c3376d21:192.168.164.250:32906, 49e61346-ce49-4850-8dcd-6024868ef21c:192.168.164.250:43655], old=null
2019-10-02 10:06:43,323 [f543130f-443f-4ba5-9d6e-59ecbb0ec00a@group-D3F651902B2E-LeaderElection14] INFO  impl.LeaderElection (LeaderElection.java:logAndReturn(56)) - f543130f-443f-4ba5-9d6e-59ecbb0ec00a@group-D3F651902B2E-LeaderElection14: Election REJECTED; received 2 response(s) [f543130f-443f-4ba5-9d6e-59ecbb0ec00a<-5a36316c-6269-4ab0-8563-6514c3376d21#0:FAIL-t1, f543130f-443f-4ba5-9d6e-59ecbb0ec00a<-49e61346-ce49-4850-8dcd-6024868ef21c#0:FAIL-t1] and 0 exception(s); f543130f-443f-4ba5-9d6e-59ecbb0ec00a@group-D3F651902B2E:t1, leader=null, voted=f543130f-443f-4ba5-9d6e-59ecbb0ec00a, raftlog=f543130f-443f-4ba5-9d6e-59ecbb0ec00a@group-D3F651902B2E-SegmentedRaftLog:OPENED:c-1,f-1,i0, conf=-1: [f543130f-443f-4ba5-9d6e-59ecbb0ec00a:192.168.164.250:36191, 5a36316c-6269-4ab0-8563-6514c3376d21:192.168.164.250:32906, 49e61346-ce49-4850-8dcd-6024868ef21c:192.168.164.250:43655], old=null
2019-10-02 10:06:43,324 [f543130f-443f-4ba5-9d6e-59ecbb0ec00a@group-D3F651902B2E-LeaderElection14] INFO  impl.RaftServerImpl (RaftServerImpl.java:setRole(170)) - f543130f-443f-4ba5-9d6e-59ecbb0ec00a@group-D3F651902B2E: changes role from CANDIDATE to FOLLOWER at term 1 for DISCOVERED_A_NEW_TERM
2019-10-02 10:06:43,324 [49e61346-ce49-4850-8dcd-6024868ef21c@group-D3F651902B2E-LeaderElection16] INFO  impl.LeaderElection (LeaderElection.java:logAndReturn(56)) - 49e61346-ce49-4850-8dcd-6024868ef21c@group-D3F651902B2E-LeaderElection16: Election REJECTED; received 2 response(s) [49e61346-ce49-4850-8dcd-6024868ef21c<-f543130f-443f-4ba5-9d6e-59ecbb0ec00a#0:FAIL-t1, 49e61346-ce49-4850-8dcd-6024868ef21c<-5a36316c-6269-4ab0-8563-6514c3376d21#0:FAIL-t1] and 0 exception(s); 49e61346-ce49-4850-8dcd-6024868ef21c@group-D3F651902B2E:t1, leader=null, voted=49e61346-ce49-4850-8dcd-6024868ef21c, raftlog=49e61346-ce49-4850-8dcd-6024868ef21c@group-D3F651902B2E-SegmentedRaftLog:OPENED:c-1,f-1,i0, conf=-1: [f543130f-443f-4ba5-9d6e-59ecbb0ec00a:192.168.164.250:36191, 5a36316c-6269-4ab0-8563-6514c3376d21:192.168.164.250:32906, 49e61346-ce49-4850-8dcd-6024868ef21c:192.168.164.250:43655], old=null
2019-10-02 10:06:43,324 [f543130f-443f-4ba5-9d6e-59ecbb0ec00a@group-D3F651902B2E-LeaderElection14] INFO  impl.RoleInfo (RoleInfo.java:shutdownLeaderElection(134)) - f543130f-443f-4ba5-9d6e-59ecbb0ec00a: shutdown LeaderElection
2019-10-02 10:06:43,326 [49e61346-ce49-4850-8dcd-6024868ef21c@group-D3F651902B2E-LeaderElection16] INFO  impl.RaftServerImpl (RaftServerImpl.java:setRole(170)) - 49e61346-ce49-4850-8dcd-6024868ef21c@group-D3F651902B2E: changes role from CANDIDATE to FOLLOWER at term 1 for DISCOVERED_A_NEW_TERM
2019-10-02 10:06:43,328 [49e61346-ce49-4850-8dcd-6024868ef21c@group-D3F651902B2E-LeaderElection16] INFO  impl.RoleInfo (RoleInfo.java:shutdownLeaderElection(134)) - 49e61346-ce49-4850-8dcd-6024868ef21c: shutdown LeaderElection
2019-10-02 10:06:43,328 [49e61346-ce49-4850-8dcd-6024868ef21c@group-D3F651902B2E-LeaderElection16] INFO  impl.RoleInfo (RoleInfo.java:updateAndGet(143)) - 49e61346-ce49-4850-8dcd-6024868ef21c: start FollowerState
2019-10-02 10:06:43,328 [5a36316c-6269-4ab0-8563-6514c3376d21@group-D3F651902B2E-LeaderElection15] INFO  impl.LeaderElection (LeaderElection.java:logAndReturn(56)) - 5a36316c-6269-4ab0-8563-6514c3376d21@group-D3F651902B2E-LeaderElection15: Election REJECTED; received 2 response(s) [5a36316c-6269-4ab0-8563-6514c3376d21<-f543130f-443f-4ba5-9d6e-59ecbb0ec00a#0:FAIL-t1, 5a36316c-6269-4ab0-8563-6514c3376d21<-49e61346-ce49-4850-8dcd-6024868ef21c#0:FAIL-t1] and 0 exception(s); 5a36316c-6269-4ab0-8563-6514c3376d21@group-D3F651902B2E:t1, leader=null, voted=5a36316c-6269-4ab0-8563-6514c3376d21, raftlog=5a36316c-6269-4ab0-8563-6514c3376d21@group-D3F651902B2E-SegmentedRaftLog:OPENED:c-1,f-1,i0, conf=-1: [f543130f-443f-4ba5-9d6e-59ecbb0ec00a:192.168.164.250:36191, 5a36316c-6269-4ab0-8563-6514c3376d21:192.168.164.250:32906, 49e61346-ce49-4850-8dcd-6024868ef21c:192.168.164.250:43655], old=null
2019-10-02 10:06:43,328 [f543130f-443f-4ba5-9d6e-59ecbb0ec00a@group-D3F651902B2E-LeaderElection14] INFO  impl.RoleInfo (RoleInfo.java:updateAndGet(143)) - f543130f-443f-4ba5-9d6e-59ecbb0ec00a: start FollowerState
2019-10-02 10:06:43,328 [5a36316c-6269-4ab0-8563-6514c3376d21@group-D3F651902B2E-LeaderElection15] INFO  impl.RaftServerImpl (RaftServerImpl.java:setRole(170)) - 5a36316c-6269-4ab0-8563-6514c3376d21@group-D3F651902B2E: changes role from CANDIDATE to FOLLOWER at term 1 for DISCOVERED_A_NEW_TERM
2019-10-02 10:06:43,330 [5a36316c-6269-4ab0-8563-6514c3376d21@group-D3F651902B2E-LeaderElection15] INFO  impl.RoleInfo (RoleInfo.java:shutdownLeaderElection(134)) - 5a36316c-6269-4ab0-8563-6514c3376d21: shutdown LeaderElection
2019-10-02 10:06:43,330 [5a36316c-6269-4ab0-8563-6514c3376d21@group-D3F651902B2E-LeaderElection15] INFO  impl.RoleInfo (RoleInfo.java:updateAndGet(143)) - 5a36316c-6269-4ab0-8563-6514c3376d21: start FollowerState
2019-10-02 10:06:46,125 [java.util.concurrent.ThreadPoolExecutor$Worker@583506a2[State = -1, empty queue]] ERROR client.GrpcClientProtocolClient (GrpcClientProtocolClient.java:close(148)) - Unexpected exception while waiting for channel termination
java.lang.InterruptedException
	at java.util.concurrent.locks.AbstractQueuedSynchronizer.tryAcquireSharedNanos(AbstractQueuedSynchronizer.java:1326)
	at java.util.concurrent.CountDownLatch.await(CountDownLatch.java:277)
	at org.apache.ratis.thirdparty.io.grpc.internal.ManagedChannelImpl.awaitTermination(ManagedChannelImpl.java:763)
	at org.apache.ratis.thirdparty.io.grpc.internal.ForwardingManagedChannel.awaitTermination(ForwardingManagedChannel.java:57)
	at org.apache.ratis.thirdparty.io.grpc.internal.ManagedChannelOrphanWrapper.awaitTermination(ManagedChannelOrphanWrapper.java:70)
	at org.apache.ratis.grpc.client.GrpcClientProtocolClient.close(GrpcClientProtocolClient.java:146)
	at org.apache.ratis.util.PeerProxyMap$PeerAndProxy.lambda$close$1(PeerProxyMap.java:74)
	at org.apache.ratis.util.LifeCycle.lambda$checkStateAndClose$2(LifeCycle.java:231)
	at org.apache.ratis.util.LifeCycle.checkStateAndClose(LifeCycle.java:251)
	at org.apache.ratis.util.LifeCycle.checkStateAndClose(LifeCycle.java:229)
	at org.apache.ratis.util.PeerProxyMap$PeerAndProxy.close(PeerProxyMap.java:70)
	at org.apache.ratis.util.PeerProxyMap.resetProxy(PeerProxyMap.java:127)
	at org.apache.ratis.util.PeerProxyMap.handleException(PeerProxyMap.java:136)
	at org.apache.ratis.client.impl.RaftClientRpcWithProxy.handleException(RaftClientRpcWithProxy.java:47)
	at org.apache.ratis.client.impl.RaftClientImpl.handleIOException(RaftClientImpl.java:372)
	at org.apache.ratis.client.impl.OrderedAsync.lambda$sendRequest$10(OrderedAsync.java:236)
	at java.util.concurrent.CompletableFuture.uniExceptionally(CompletableFuture.java:870)
	at java.util.concurrent.CompletableFuture$UniExceptionally.tryFire(CompletableFuture.java:852)
	at java.util.concurrent.CompletableFuture.postComplete(CompletableFuture.java:474)
	at java.util.concurrent.CompletableFuture.completeExceptionally(CompletableFuture.java:1977)
	at org.apache.ratis.grpc.client.GrpcClientProtocolClient$AsyncStreamObservers.lambda$timeoutCheck$3(GrpcClientProtocolClient.java:324)
	at java.util.Optional.ifPresent(Optional.java:159)
	at org.apache.ratis.grpc.client.GrpcClientProtocolClient$AsyncStreamObservers.handleReplyFuture(GrpcClientProtocolClient.java:329)
	at org.apache.ratis.grpc.client.GrpcClientProtocolClient$AsyncStreamObservers.timeoutCheck(GrpcClientProtocolClient.java:324)
	at org.apache.ratis.grpc.client.GrpcClientProtocolClient$AsyncStreamObservers.lambda$onNext$1(GrpcClientProtocolClient.java:318)
	at org.apache.ratis.util.TimeoutScheduler.lambda$onTimeout$0(TimeoutScheduler.java:113)
	at org.apache.ratis.util.TimeoutScheduler.lambda$onTimeout$1(TimeoutScheduler.java:133)
	at org.apache.ratis.util.LogUtils.runAndLog(LogUtils.java:50)
	at org.apache.ratis.util.LogUtils$1.run(LogUtils.java:91)
	at java.util.concurrent.Executors$RunnableAdapter.call(Executors.java:511)
	at java.util.concurrent.FutureTask.run(FutureTask.java:266)
	at java.util.concurrent.ScheduledThreadPoolExecutor$ScheduledFutureTask.access$201(ScheduledThreadPoolExecutor.java:180)
	at java.util.concurrent.ScheduledThreadPoolExecutor$ScheduledFutureTask.run(ScheduledThreadPoolExecutor.java:293)
	at java.util.concurrent.ThreadPoolExecutor.runWorker(ThreadPoolExecutor.java:1149)
	at java.util.concurrent.ThreadPoolExecutor$Worker.run(ThreadPoolExecutor.java:624)
	at java.lang.Thread.run(Thread.java:748)
2019-10-02 10:06:46,126 [java.util.concurrent.ThreadPoolExecutor$Worker@583506a2[State = -1, empty queue]] WARN  util.TimeoutScheduler (LogUtils.java:runAndLog(55)) - Failed to task #0: java.lang.NullPointerException
2019-10-02 10:06:48,438 [Thread-850] INFO  impl.FollowerState (FollowerState.java:run(108)) - 5a36316c-6269-4ab0-8563-6514c3376d21@group-D3F651902B2E-FollowerState: change to CANDIDATE, lastRpcTime:5108ms, electionTimeout:5107ms
2019-10-02 10:06:48,438 [Thread-850] INFO  impl.RoleInfo (RoleInfo.java:shutdownFollowerState(121)) - 5a36316c-6269-4ab0-8563-6514c3376d21: shutdown FollowerState
2019-10-02 10:06:48,439 [Thread-850] INFO  impl.RaftServerImpl (RaftServerImpl.java:setRole(170)) - 5a36316c-6269-4ab0-8563-6514c3376d21@group-D3F651902B2E: changes role from  FOLLOWER to CANDIDATE at term 1 for changeToCandidate
2019-10-02 10:06:48,439 [Thread-850] INFO  impl.RoleInfo (RoleInfo.java:updateAndGet(143)) - 5a36316c-6269-4ab0-8563-6514c3376d21: start LeaderElection
2019-10-02 10:06:48,444 [Thread-849] INFO  impl.FollowerState (FollowerState.java:run(108)) - 49e61346-ce49-4850-8dcd-6024868ef21c@group-D3F651902B2E-FollowerState: change to CANDIDATE, lastRpcTime:5115ms, electionTimeout:5115ms
2019-10-02 10:06:48,444 [Thread-849] INFO  impl.RoleInfo (RoleInfo.java:shutdownFollowerState(121)) - 49e61346-ce49-4850-8dcd-6024868ef21c: shutdown FollowerState
2019-10-02 10:06:48,444 [Thread-849] INFO  impl.RaftServerImpl (RaftServerImpl.java:setRole(170)) - 49e61346-ce49-4850-8dcd-6024868ef21c@group-D3F651902B2E: changes role from  FOLLOWER to CANDIDATE at term 1 for changeToCandidate
2019-10-02 10:06:48,444 [Thread-849] INFO  impl.RoleInfo (RoleInfo.java:updateAndGet(143)) - 49e61346-ce49-4850-8dcd-6024868ef21c: start LeaderElection
2019-10-02 10:06:48,467 [5a36316c-6269-4ab0-8563-6514c3376d21@group-D3F651902B2E-LeaderElection17] INFO  impl.LeaderElection (LeaderElection.java:askForVotes(178)) - 5a36316c-6269-4ab0-8563-6514c3376d21@group-D3F651902B2E-LeaderElection17: begin an election at term 2 for -1: [f543130f-443f-4ba5-9d6e-59ecbb0ec00a:192.168.164.250:36191, 5a36316c-6269-4ab0-8563-6514c3376d21:192.168.164.250:32906, 49e61346-ce49-4850-8dcd-6024868ef21c:192.168.164.250:43655], old=null
2019-10-02 10:06:48,467 [49e61346-ce49-4850-8dcd-6024868ef21c@group-D3F651902B2E-LeaderElection18] INFO  impl.LeaderElection (LeaderElection.java:askForVotes(178)) - 49e61346-ce49-4850-8dcd-6024868ef21c@group-D3F651902B2E-LeaderElection18: begin an election at term 2 for -1: [f543130f-443f-4ba5-9d6e-59ecbb0ec00a:192.168.164.250:36191, 5a36316c-6269-4ab0-8563-6514c3376d21:192.168.164.250:32906, 49e61346-ce49-4850-8dcd-6024868ef21c:192.168.164.250:43655], old=null
2019-10-02 10:06:48,471 [grpc-default-executor-3] INFO  impl.RaftServerImpl (RaftServerImpl.java:setRole(170)) - f543130f-443f-4ba5-9d6e-59ecbb0ec00a@group-D3F651902B2E: changes role from  FOLLOWER to FOLLOWER at term 2 for recognizeCandidate:49e61346-ce49-4850-8dcd-6024868ef21c
2019-10-02 10:06:48,471 [grpc-default-executor-3] INFO  impl.RoleInfo (RoleInfo.java:shutdownFollowerState(121)) - f543130f-443f-4ba5-9d6e-59ecbb0ec00a: shutdown FollowerState
2019-10-02 10:06:48,471 [grpc-default-executor-3] INFO  impl.RoleInfo (RoleInfo.java:updateAndGet(143)) - f543130f-443f-4ba5-9d6e-59ecbb0ec00a: start FollowerState
2019-10-02 10:06:48,472 [Thread-848] INFO  impl.FollowerState (FollowerState.java:run(117)) - f543130f-443f-4ba5-9d6e-59ecbb0ec00a@group-D3F651902B2E-FollowerState was interrupted: java.lang.InterruptedException: sleep interrupted
2019-10-02 10:06:48,489 [49e61346-ce49-4850-8dcd-6024868ef21c@group-D3F651902B2E-LeaderElection18] INFO  impl.LeaderElection (LeaderElection.java:logAndReturn(56)) - 49e61346-ce49-4850-8dcd-6024868ef21c@group-D3F651902B2E-LeaderElection18: Election PASSED; received 2 response(s) [49e61346-ce49-4850-8dcd-6024868ef21c<-f543130f-443f-4ba5-9d6e-59ecbb0ec00a#0:OK-t2, 49e61346-ce49-4850-8dcd-6024868ef21c<-5a36316c-6269-4ab0-8563-6514c3376d21#0:FAIL-t2] and 0 exception(s); 49e61346-ce49-4850-8dcd-6024868ef21c@group-D3F651902B2E:t2, leader=null, voted=49e61346-ce49-4850-8dcd-6024868ef21c, raftlog=49e61346-ce49-4850-8dcd-6024868ef21c@group-D3F651902B2E-SegmentedRaftLog:OPENED:c-1,f-1,i0, conf=-1: [f543130f-443f-4ba5-9d6e-59ecbb0ec00a:192.168.164.250:36191, 5a36316c-6269-4ab0-8563-6514c3376d21:192.168.164.250:32906, 49e61346-ce49-4850-8dcd-6024868ef21c:192.168.164.250:43655], old=null
2019-10-02 10:06:48,489 [5a36316c-6269-4ab0-8563-6514c3376d21@group-D3F651902B2E-LeaderElection17] INFO  impl.LeaderElection (LeaderElection.java:logAndReturn(56)) - 5a36316c-6269-4ab0-8563-6514c3376d21@group-D3F651902B2E-LeaderElection17: Election REJECTED; received 2 response(s) [5a36316c-6269-4ab0-8563-6514c3376d21<-f543130f-443f-4ba5-9d6e-59ecbb0ec00a#0:FAIL-t2, 5a36316c-6269-4ab0-8563-6514c3376d21<-49e61346-ce49-4850-8dcd-6024868ef21c#0:FAIL-t2] and 0 exception(s); 5a36316c-6269-4ab0-8563-6514c3376d21@group-D3F651902B2E:t2, leader=null, voted=5a36316c-6269-4ab0-8563-6514c3376d21, raftlog=5a36316c-6269-4ab0-8563-6514c3376d21@group-D3F651902B2E-SegmentedRaftLog:OPENED:c-1,f-1,i0, conf=-1: [f543130f-443f-4ba5-9d6e-59ecbb0ec00a:192.168.164.250:36191, 5a36316c-6269-4ab0-8563-6514c3376d21:192.168.164.250:32906, 49e61346-ce49-4850-8dcd-6024868ef21c:192.168.164.250:43655], old=null
2019-10-02 10:06:48,489 [49e61346-ce49-4850-8dcd-6024868ef21c@group-D3F651902B2E-LeaderElection18] INFO  impl.RoleInfo (RoleInfo.java:shutdownLeaderElection(134)) - 49e61346-ce49-4850-8dcd-6024868ef21c: shutdown LeaderElection
2019-10-02 10:06:48,491 [49e61346-ce49-4850-8dcd-6024868ef21c@group-D3F651902B2E-LeaderElection18] INFO  impl.RaftServerImpl (RaftServerImpl.java:setRole(170)) - 49e61346-ce49-4850-8dcd-6024868ef21c@group-D3F651902B2E: changes role from CANDIDATE to LEADER at term 2 for changeToLeader
2019-10-02 10:06:48,492 [5a36316c-6269-4ab0-8563-6514c3376d21@group-D3F651902B2E-LeaderElection17] INFO  impl.RaftServerImpl (RaftServerImpl.java:setRole(170)) - 5a36316c-6269-4ab0-8563-6514c3376d21@group-D3F651902B2E: changes role from CANDIDATE to FOLLOWER at term 2 for DISCOVERED_A_NEW_TERM
2019-10-02 10:06:48,493 [49e61346-ce49-4850-8dcd-6024868ef21c@group-D3F651902B2E-LeaderElection18] INFO  impl.RaftServerImpl (ServerState.java:setLeader(255)) - 49e61346-ce49-4850-8dcd-6024868ef21c@group-D3F651902B2E: change Leader from null to 49e61346-ce49-4850-8dcd-6024868ef21c at term 2 for becomeLeader, leader elected after 10292ms
2019-10-02 10:06:48,493 [5a36316c-6269-4ab0-8563-6514c3376d21@group-D3F651902B2E-LeaderElection17] INFO  impl.RoleInfo (RoleInfo.java:shutdownLeaderElection(134)) - 5a36316c-6269-4ab0-8563-6514c3376d21: shutdown LeaderElection
2019-10-02 10:06:48,493 [49e61346-ce49-4850-8dcd-6024868ef21c@group-D3F651902B2E-LeaderElection18] INFO  server.RaftServerConfigKeys (ConfUtils.java:logGet(43)) - raft.server.staging.catchup.gap = 1000 (default)
2019-10-02 10:06:48,494 [49e61346-ce49-4850-8dcd-6024868ef21c@group-D3F651902B2E-LeaderElection18] INFO  server.RaftServerConfigKeys (ConfUtils.java:logGet(43)) - raft.server.rpc.sleep.time = 25ms (default)
2019-10-02 10:06:48,493 [5a36316c-6269-4ab0-8563-6514c3376d21@group-D3F651902B2E-LeaderElection17] INFO  impl.RoleInfo (RoleInfo.java:updateAndGet(143)) - 5a36316c-6269-4ab0-8563-6514c3376d21: start FollowerState
2019-10-02 10:06:48,494 [49e61346-ce49-4850-8dcd-6024868ef21c@group-D3F651902B2E-LeaderElection18] INFO  server.RaftServerConfigKeys (ConfUtils.java:logGet(43)) - raft.server.write.element-limit = 4096 (default)
2019-10-02 10:06:48,494 [49e61346-ce49-4850-8dcd-6024868ef21c@group-D3F651902B2E-LeaderElection18] INFO  server.RaftServerConfigKeys (ConfUtils.java:logGet(43)) - raft.server.watch.timeout = 10s (default)
2019-10-02 10:06:48,494 [49e61346-ce49-4850-8dcd-6024868ef21c@group-D3F651902B2E-LeaderElection18] INFO  server.RaftServerConfigKeys (ConfUtils.java:logGet(43)) - raft.server.watch.timeout.denomination = 1s (default)
2019-10-02 10:06:48,494 [49e61346-ce49-4850-8dcd-6024868ef21c@group-D3F651902B2E-LeaderElection18] INFO  server.RaftServerConfigKeys (ConfUtils.java:logGet(43)) - raft.server.watch.element-limit = 65536 (default)
2019-10-02 10:06:48,496 [49e61346-ce49-4850-8dcd-6024868ef21c@group-D3F651902B2E-LeaderElection18] INFO  server.RaftServerConfigKeys (ConfUtils.java:logGet(43)) - raft.server.log.appender.snapshot.chunk.size.max = 16MB (=16777216) (default)
2019-10-02 10:06:48,496 [49e61346-ce49-4850-8dcd-6024868ef21c@group-D3F651902B2E-LeaderElection18] INFO  server.RaftServerConfigKeys (ConfUtils.java:logGet(43)) - raft.server.log.appender.buffer.byte-limit = 33554432 (custom)
2019-10-02 10:06:48,497 [49e61346-ce49-4850-8dcd-6024868ef21c@group-D3F651902B2E-LeaderElection18] INFO  server.RaftServerConfigKeys (ConfUtils.java:logGet(43)) - raft.server.log.appender.buffer.element-limit = 1 (custom)
2019-10-02 10:06:48,497 [49e61346-ce49-4850-8dcd-6024868ef21c@group-D3F651902B2E-LeaderElection18] INFO  grpc.GrpcConfigKeys$Server (ConfUtils.java:logGet(43)) - raft.grpc.server.leader.outstanding.appends.max = 128 (default)
2019-10-02 10:06:48,497 [49e61346-ce49-4850-8dcd-6024868ef21c@group-D3F651902B2E-LeaderElection18] INFO  server.RaftServerConfigKeys (ConfUtils.java:logGet(43)) - raft.server.rpc.request.timeout = 3000ms (default)
2019-10-02 10:06:48,497 [49e61346-ce49-4850-8dcd-6024868ef21c@group-D3F651902B2E-LeaderElection18] INFO  server.RaftServerConfigKeys (ConfUtils.java:logGet(43)) - raft.server.log.appender.install.snapshot.enabled = false (custom)
2019-10-02 10:06:48,497 [49e61346-ce49-4850-8dcd-6024868ef21c@group-D3F651902B2E-LeaderElection18] INFO  server.RaftServerConfigKeys (ConfUtils.java:logGet(43)) - raft.server.log.appender.snapshot.chunk.size.max = 16MB (=16777216) (default)
2019-10-02 10:06:48,497 [49e61346-ce49-4850-8dcd-6024868ef21c@group-D3F651902B2E-LeaderElection18] INFO  server.RaftServerConfigKeys (ConfUtils.java:logGet(43)) - raft.server.log.appender.buffer.byte-limit = 33554432 (custom)
2019-10-02 10:06:48,497 [49e61346-ce49-4850-8dcd-6024868ef21c@group-D3F651902B2E-LeaderElection18] INFO  server.RaftServerConfigKeys (ConfUtils.java:logGet(43)) - raft.server.log.appender.buffer.element-limit = 1 (custom)
2019-10-02 10:06:48,498 [49e61346-ce49-4850-8dcd-6024868ef21c@group-D3F651902B2E-LeaderElection18] INFO  grpc.GrpcConfigKeys$Server (ConfUtils.java:logGet(43)) - raft.grpc.server.leader.outstanding.appends.max = 128 (default)
2019-10-02 10:06:48,498 [49e61346-ce49-4850-8dcd-6024868ef21c@group-D3F651902B2E-LeaderElection18] INFO  server.RaftServerConfigKeys (ConfUtils.java:logGet(43)) - raft.server.rpc.request.timeout = 3000ms (default)
2019-10-02 10:06:48,498 [49e61346-ce49-4850-8dcd-6024868ef21c@group-D3F651902B2E-LeaderElection18] INFO  server.RaftServerConfigKeys (ConfUtils.java:logGet(43)) - raft.server.log.appender.install.snapshot.enabled = false (custom)
2019-10-02 10:06:48,498 [49e61346-ce49-4850-8dcd-6024868ef21c@group-D3F651902B2E-LeaderElection18] INFO  impl.RoleInfo (RoleInfo.java:updateAndGet(143)) - 49e61346-ce49-4850-8dcd-6024868ef21c: start LeaderState
2019-10-02 10:06:48,498 [49e61346-ce49-4850-8dcd-6024868ef21c@group-D3F651902B2E-LeaderElection18] INFO  segmented.SegmentedRaftLogWorker (SegmentedRaftLogWorker.java:startLogSegment(385)) - 49e61346-ce49-4850-8dcd-6024868ef21c@group-D3F651902B2E-SegmentedRaftLogWorker: Starting segment from index:0
2019-10-02 10:06:48,500 [49e61346-ce49-4850-8dcd-6024868ef21c@group-D3F651902B2E-LeaderElection18] INFO  impl.RaftServerImpl (ServerState.java:setRaftConf(356)) - 49e61346-ce49-4850-8dcd-6024868ef21c@group-D3F651902B2E: set configuration 0: [f543130f-443f-4ba5-9d6e-59ecbb0ec00a:192.168.164.250:36191, 5a36316c-6269-4ab0-8563-6514c3376d21:192.168.164.250:32906, 49e61346-ce49-4850-8dcd-6024868ef21c:192.168.164.250:43655], old=null at 0
2019-10-02 10:06:48,506 [grpc-default-executor-3] INFO  impl.RaftServerImpl (ServerState.java:setLeader(255)) - 5a36316c-6269-4ab0-8563-6514c3376d21@group-D3F651902B2E: change Leader from null to 49e61346-ce49-4850-8dcd-6024868ef21c at term 2 for appendEntries, leader elected after 10306ms
2019-10-02 10:06:48,506 [grpc-default-executor-7] INFO  impl.RaftServerImpl (ServerState.java:setLeader(255)) - f543130f-443f-4ba5-9d6e-59ecbb0ec00a@group-D3F651902B2E: change Leader from null to 49e61346-ce49-4850-8dcd-6024868ef21c at term 2 for appendEntries, leader elected after 10306ms
2019-10-02 10:06:48,508 [grpc-default-executor-3] INFO  impl.RaftServerImpl (ServerState.java:setRaftConf(356)) - f543130f-443f-4ba5-9d6e-59ecbb0ec00a@group-D3F651902B2E: set configuration 0: [f543130f-443f-4ba5-9d6e-59ecbb0ec00a:192.168.164.250:36191, 5a36316c-6269-4ab0-8563-6514c3376d21:192.168.164.250:32906, 49e61346-ce49-4850-8dcd-6024868ef21c:192.168.164.250:43655], old=null at 0
2019-10-02 10:06:48,509 [grpc-default-executor-7] INFO  impl.RaftServerImpl (ServerState.java:setRaftConf(356)) - 5a36316c-6269-4ab0-8563-6514c3376d21@group-D3F651902B2E: set configuration 0: [f543130f-443f-4ba5-9d6e-59ecbb0ec00a:192.168.164.250:36191, 5a36316c-6269-4ab0-8563-6514c3376d21:192.168.164.250:32906, 49e61346-ce49-4850-8dcd-6024868ef21c:192.168.164.250:43655], old=null at 0
2019-10-02 10:06:48,509 [grpc-default-executor-7] INFO  segmented.SegmentedRaftLogWorker (SegmentedRaftLogWorker.java:startLogSegment(385)) - 5a36316c-6269-4ab0-8563-6514c3376d21@group-D3F651902B2E-SegmentedRaftLogWorker: Starting segment from index:0
2019-10-02 10:06:48,509 [grpc-default-executor-3] INFO  segmented.SegmentedRaftLogWorker (SegmentedRaftLogWorker.java:startLogSegment(385)) - f543130f-443f-4ba5-9d6e-59ecbb0ec00a@group-D3F651902B2E-SegmentedRaftLogWorker: Starting segment from index:0
2019-10-02 10:06:48,544 [5a36316c-6269-4ab0-8563-6514c3376d21@group-D3F651902B2E-SegmentedRaftLogWorker] INFO  segmented.SegmentedRaftLogWorker (SegmentedRaftLogWorker.java:execute(574)) - 5a36316c-6269-4ab0-8563-6514c3376d21@group-D3F651902B2E-SegmentedRaftLogWorker: created new log segment /workdir/hadoop-ozone/ozonefs/target/test-dir/MiniOzoneClusterImpl-a0bcfbd7-d664-4bc8-be8a-7389cc786fdd/datanode-1/data/ratis/1490a740-0e3e-4252-920c-d3f651902b2e/current/log_inprogress_0
2019-10-02 10:06:48,544 [49e61346-ce49-4850-8dcd-6024868ef21c@group-D3F651902B2E-SegmentedRaftLogWorker] INFO  segmented.SegmentedRaftLogWorker (SegmentedRaftLogWorker.java:execute(574)) - 49e61346-ce49-4850-8dcd-6024868ef21c@group-D3F651902B2E-SegmentedRaftLogWorker: created new log segment /workdir/hadoop-ozone/ozonefs/target/test-dir/MiniOzoneClusterImpl-a0bcfbd7-d664-4bc8-be8a-7389cc786fdd/datanode-2/data/ratis/1490a740-0e3e-4252-920c-d3f651902b2e/current/log_inprogress_0
2019-10-02 10:06:48,544 [f543130f-443f-4ba5-9d6e-59ecbb0ec00a@group-D3F651902B2E-SegmentedRaftLogWorker] INFO  segmented.SegmentedRaftLogWorker (SegmentedRaftLogWorker.java:execute(574)) - f543130f-443f-4ba5-9d6e-59ecbb0ec00a@group-D3F651902B2E-SegmentedRaftLogWorker: created new log segment /workdir/hadoop-ozone/ozonefs/target/test-dir/MiniOzoneClusterImpl-a0bcfbd7-d664-4bc8-be8a-7389cc786fdd/datanode-3/data/ratis/1490a740-0e3e-4252-920c-d3f651902b2e/current/log_inprogress_0
2019-10-02 10:06:50,142 [java.util.concurrent.ThreadPoolExecutor$Worker@7576af35[State = -1, empty queue]] ERROR client.GrpcClientProtocolClient (GrpcClientProtocolClient.java:close(148)) - Unexpected exception while waiting for channel termination
java.lang.InterruptedException
	at java.util.concurrent.locks.AbstractQueuedSynchronizer.tryAcquireSharedNanos(AbstractQueuedSynchronizer.java:1326)
	at java.util.concurrent.CountDownLatch.await(CountDownLatch.java:277)
	at org.apache.ratis.thirdparty.io.grpc.internal.ManagedChannelImpl.awaitTermination(ManagedChannelImpl.java:763)
	at org.apache.ratis.thirdparty.io.grpc.internal.ForwardingManagedChannel.awaitTermination(ForwardingManagedChannel.java:57)
	at org.apache.ratis.thirdparty.io.grpc.internal.ManagedChannelOrphanWrapper.awaitTermination(ManagedChannelOrphanWrapper.java:70)
	at org.apache.ratis.grpc.client.GrpcClientProtocolClient.close(GrpcClientProtocolClient.java:146)
	at org.apache.ratis.util.PeerProxyMap$PeerAndProxy.lambda$close$1(PeerProxyMap.java:74)
	at org.apache.ratis.util.LifeCycle.lambda$checkStateAndClose$2(LifeCycle.java:231)
	at org.apache.ratis.util.LifeCycle.checkStateAndClose(LifeCycle.java:251)
	at org.apache.ratis.util.LifeCycle.checkStateAndClose(LifeCycle.java:229)
	at org.apache.ratis.util.PeerProxyMap$PeerAndProxy.close(PeerProxyMap.java:70)
	at org.apache.ratis.util.PeerProxyMap.resetProxy(PeerProxyMap.java:127)
	at org.apache.ratis.util.PeerProxyMap.handleException(PeerProxyMap.java:136)
	at org.apache.ratis.client.impl.RaftClientRpcWithProxy.handleException(RaftClientRpcWithProxy.java:47)
	at org.apache.ratis.client.impl.RaftClientImpl.handleIOException(RaftClientImpl.java:372)
	at org.apache.ratis.client.impl.OrderedAsync.lambda$sendRequest$10(OrderedAsync.java:236)
	at java.util.concurrent.CompletableFuture.uniExceptionally(CompletableFuture.java:870)
	at java.util.concurrent.CompletableFuture$UniExceptionally.tryFire(CompletableFuture.java:852)
	at java.util.concurrent.CompletableFuture.postComplete(CompletableFuture.java:474)
	at java.util.concurrent.CompletableFuture.completeExceptionally(CompletableFuture.java:1977)
	at org.apache.ratis.grpc.client.GrpcClientProtocolClient$AsyncStreamObservers.lambda$timeoutCheck$3(GrpcClientProtocolClient.java:324)
	at java.util.Optional.ifPresent(Optional.java:159)
	at org.apache.ratis.grpc.client.GrpcClientProtocolClient$AsyncStreamObservers.handleReplyFuture(GrpcClientProtocolClient.java:329)
	at org.apache.ratis.grpc.client.GrpcClientProtocolClient$AsyncStreamObservers.timeoutCheck(GrpcClientProtocolClient.java:324)
	at org.apache.ratis.grpc.client.GrpcClientProtocolClient$AsyncStreamObservers.lambda$onNext$1(GrpcClientProtocolClient.java:318)
	at org.apache.ratis.util.TimeoutScheduler.lambda$onTimeout$0(TimeoutScheduler.java:113)
	at org.apache.ratis.util.TimeoutScheduler.lambda$onTimeout$1(TimeoutScheduler.java:133)
	at org.apache.ratis.util.LogUtils.runAndLog(LogUtils.java:50)
	at org.apache.ratis.util.LogUtils$1.run(LogUtils.java:91)
	at java.util.concurrent.Executors$RunnableAdapter.call(Executors.java:511)
	at java.util.concurrent.FutureTask.run(FutureTask.java:266)
	at java.util.concurrent.ScheduledThreadPoolExecutor$ScheduledFutureTask.access$201(ScheduledThreadPoolExecutor.java:180)
	at java.util.concurrent.ScheduledThreadPoolExecutor$ScheduledFutureTask.run(ScheduledThreadPoolExecutor.java:293)
	at java.util.concurrent.ThreadPoolExecutor.runWorker(ThreadPoolExecutor.java:1149)
	at java.util.concurrent.ThreadPoolExecutor$Worker.run(ThreadPoolExecutor.java:624)
	at java.lang.Thread.run(Thread.java:748)
2019-10-02 10:06:50,143 [java.util.concurrent.ThreadPoolExecutor$Worker@7576af35[State = -1, empty queue]] WARN  util.TimeoutScheduler (LogUtils.java:runAndLog(55)) - Failed to task #0: java.lang.NullPointerException
2019-10-02 10:06:54,161 [java.util.concurrent.ThreadPoolExecutor$Worker@2360ea70[State = -1, empty queue]] ERROR client.GrpcClientProtocolClient (GrpcClientProtocolClient.java:close(148)) - Unexpected exception while waiting for channel termination
java.lang.InterruptedException
	at java.util.concurrent.locks.AbstractQueuedSynchronizer.tryAcquireSharedNanos(AbstractQueuedSynchronizer.java:1326)
	at java.util.concurrent.CountDownLatch.await(CountDownLatch.java:277)
	at org.apache.ratis.thirdparty.io.grpc.internal.ManagedChannelImpl.awaitTermination(ManagedChannelImpl.java:763)
	at org.apache.ratis.thirdparty.io.grpc.internal.ForwardingManagedChannel.awaitTermination(ForwardingManagedChannel.java:57)
	at org.apache.ratis.thirdparty.io.grpc.internal.ManagedChannelOrphanWrapper.awaitTermination(ManagedChannelOrphanWrapper.java:70)
	at org.apache.ratis.grpc.client.GrpcClientProtocolClient.close(GrpcClientProtocolClient.java:146)
	at org.apache.ratis.util.PeerProxyMap$PeerAndProxy.lambda$close$1(PeerProxyMap.java:74)
	at org.apache.ratis.util.LifeCycle.lambda$checkStateAndClose$2(LifeCycle.java:231)
	at org.apache.ratis.util.LifeCycle.checkStateAndClose(LifeCycle.java:251)
	at org.apache.ratis.util.LifeCycle.checkStateAndClose(LifeCycle.java:229)
	at org.apache.ratis.util.PeerProxyMap$PeerAndProxy.close(PeerProxyMap.java:70)
	at org.apache.ratis.util.PeerProxyMap.resetProxy(PeerProxyMap.java:127)
	at org.apache.ratis.util.PeerProxyMap.handleException(PeerProxyMap.java:136)
	at org.apache.ratis.client.impl.RaftClientRpcWithProxy.handleException(RaftClientRpcWithProxy.java:47)
	at org.apache.ratis.client.impl.RaftClientImpl.handleIOException(RaftClientImpl.java:372)
	at org.apache.ratis.client.impl.OrderedAsync.lambda$sendRequest$10(OrderedAsync.java:236)
	at java.util.concurrent.CompletableFuture.uniExceptionally(CompletableFuture.java:870)
	at java.util.concurrent.CompletableFuture$UniExceptionally.tryFire(CompletableFuture.java:852)
	at java.util.concurrent.CompletableFuture.postComplete(CompletableFuture.java:474)
	at java.util.concurrent.CompletableFuture.completeExceptionally(CompletableFuture.java:1977)
	at org.apache.ratis.grpc.client.GrpcClientProtocolClient$AsyncStreamObservers.lambda$timeoutCheck$3(GrpcClientProtocolClient.java:324)
	at java.util.Optional.ifPresent(Optional.java:159)
	at org.apache.ratis.grpc.client.GrpcClientProtocolClient$AsyncStreamObservers.handleReplyFuture(GrpcClientProtocolClient.java:329)
	at org.apache.ratis.grpc.client.GrpcClientProtocolClient$AsyncStreamObservers.timeoutCheck(GrpcClientProtocolClient.java:324)
	at org.apache.ratis.grpc.client.GrpcClientProtocolClient$AsyncStreamObservers.lambda$onNext$1(GrpcClientProtocolClient.java:318)
	at org.apache.ratis.util.TimeoutScheduler.lambda$onTimeout$0(TimeoutScheduler.java:113)
	at org.apache.ratis.util.TimeoutScheduler.lambda$onTimeout$1(TimeoutScheduler.java:133)
	at org.apache.ratis.util.LogUtils.runAndLog(LogUtils.java:50)
	at org.apache.ratis.util.LogUtils$1.run(LogUtils.java:91)
	at java.util.concurrent.Executors$RunnableAdapter.call(Executors.java:511)
	at java.util.concurrent.FutureTask.run(FutureTask.java:266)
	at java.util.concurrent.ScheduledThreadPoolExecutor$ScheduledFutureTask.access$201(ScheduledThreadPoolExecutor.java:180)
	at java.util.concurrent.ScheduledThreadPoolExecutor$ScheduledFutureTask.run(ScheduledThreadPoolExecutor.java:293)
	at java.util.concurrent.ThreadPoolExecutor.runWorker(ThreadPoolExecutor.java:1149)
	at java.util.concurrent.ThreadPoolExecutor$Worker.run(ThreadPoolExecutor.java:624)
	at java.lang.Thread.run(Thread.java:748)
2019-10-02 10:06:54,161 [java.util.concurrent.ThreadPoolExecutor$Worker@2360ea70[State = -1, empty queue]] WARN  util.TimeoutScheduler (LogUtils.java:runAndLog(55)) - Failed to task #0: java.lang.NullPointerException
2019-10-02 10:06:58,182 [java.util.concurrent.ThreadPoolExecutor$Worker@79d0aa61[State = -1, empty queue]] ERROR client.GrpcClientProtocolClient (GrpcClientProtocolClient.java:close(148)) - Unexpected exception while waiting for channel termination
java.lang.InterruptedException
	at java.util.concurrent.locks.AbstractQueuedSynchronizer.tryAcquireSharedNanos(AbstractQueuedSynchronizer.java:1326)
	at java.util.concurrent.CountDownLatch.await(CountDownLatch.java:277)
	at org.apache.ratis.thirdparty.io.grpc.internal.ManagedChannelImpl.awaitTermination(ManagedChannelImpl.java:763)
	at org.apache.ratis.thirdparty.io.grpc.internal.ForwardingManagedChannel.awaitTermination(ForwardingManagedChannel.java:57)
	at org.apache.ratis.thirdparty.io.grpc.internal.ManagedChannelOrphanWrapper.awaitTermination(ManagedChannelOrphanWrapper.java:70)
	at org.apache.ratis.grpc.client.GrpcClientProtocolClient.close(GrpcClientProtocolClient.java:146)
	at org.apache.ratis.util.PeerProxyMap$PeerAndProxy.lambda$close$1(PeerProxyMap.java:74)
	at org.apache.ratis.util.LifeCycle.lambda$checkStateAndClose$2(LifeCycle.java:231)
	at org.apache.ratis.util.LifeCycle.checkStateAndClose(LifeCycle.java:251)
	at org.apache.ratis.util.LifeCycle.checkStateAndClose(LifeCycle.java:229)
	at org.apache.ratis.util.PeerProxyMap$PeerAndProxy.close(PeerProxyMap.java:70)
	at org.apache.ratis.util.PeerProxyMap.resetProxy(PeerProxyMap.java:127)
	at org.apache.ratis.util.PeerProxyMap.handleException(PeerProxyMap.java:136)
	at org.apache.ratis.client.impl.RaftClientRpcWithProxy.handleException(RaftClientRpcWithProxy.java:47)
	at org.apache.ratis.client.impl.RaftClientImpl.handleIOException(RaftClientImpl.java:372)
	at org.apache.ratis.client.impl.OrderedAsync.lambda$sendRequest$10(OrderedAsync.java:236)
	at java.util.concurrent.CompletableFuture.uniExceptionally(CompletableFuture.java:870)
	at java.util.concurrent.CompletableFuture$UniExceptionally.tryFire(CompletableFuture.java:852)
	at java.util.concurrent.CompletableFuture.postComplete(CompletableFuture.java:474)
	at java.util.concurrent.CompletableFuture.completeExceptionally(CompletableFuture.java:1977)
	at org.apache.ratis.grpc.client.GrpcClientProtocolClient$AsyncStreamObservers.lambda$timeoutCheck$3(GrpcClientProtocolClient.java:324)
	at java.util.Optional.ifPresent(Optional.java:159)
	at org.apache.ratis.grpc.client.GrpcClientProtocolClient$AsyncStreamObservers.handleReplyFuture(GrpcClientProtocolClient.java:329)
	at org.apache.ratis.grpc.client.GrpcClientProtocolClient$AsyncStreamObservers.timeoutCheck(GrpcClientProtocolClient.java:324)
	at org.apache.ratis.grpc.client.GrpcClientProtocolClient$AsyncStreamObservers.lambda$onNext$1(GrpcClientProtocolClient.java:318)
	at org.apache.ratis.util.TimeoutScheduler.lambda$onTimeout$0(TimeoutScheduler.java:113)
	at org.apache.ratis.util.TimeoutScheduler.lambda$onTimeout$1(TimeoutScheduler.java:133)
	at org.apache.ratis.util.LogUtils.runAndLog(LogUtils.java:50)
	at org.apache.ratis.util.LogUtils$1.run(LogUtils.java:91)
	at java.util.concurrent.Executors$RunnableAdapter.call(Executors.java:511)
	at java.util.concurrent.FutureTask.run(FutureTask.java:266)
	at java.util.concurrent.ScheduledThreadPoolExecutor$ScheduledFutureTask.access$201(ScheduledThreadPoolExecutor.java:180)
	at java.util.concurrent.ScheduledThreadPoolExecutor$ScheduledFutureTask.run(ScheduledThreadPoolExecutor.java:293)
	at java.util.concurrent.ThreadPoolExecutor.runWorker(ThreadPoolExecutor.java:1149)
	at java.util.concurrent.ThreadPoolExecutor$Worker.run(ThreadPoolExecutor.java:624)
	at java.lang.Thread.run(Thread.java:748)
2019-10-02 10:06:58,184 [java.util.concurrent.ThreadPoolExecutor$Worker@79d0aa61[State = -1, empty queue]] WARN  util.TimeoutScheduler (LogUtils.java:runAndLog(55)) - Failed to task #0: java.lang.NullPointerException
2019-10-02 10:07:02,225 [java.util.concurrent.ThreadPoolExecutor$Worker@7fbe2d8d[State = -1, empty queue]] ERROR client.GrpcClientProtocolClient (GrpcClientProtocolClient.java:close(148)) - Unexpected exception while waiting for channel termination
java.lang.InterruptedException
	at java.util.concurrent.locks.AbstractQueuedSynchronizer.tryAcquireSharedNanos(AbstractQueuedSynchronizer.java:1326)
	at java.util.concurrent.CountDownLatch.await(CountDownLatch.java:277)
	at org.apache.ratis.thirdparty.io.grpc.internal.ManagedChannelImpl.awaitTermination(ManagedChannelImpl.java:763)
	at org.apache.ratis.thirdparty.io.grpc.internal.ForwardingManagedChannel.awaitTermination(ForwardingManagedChannel.java:57)
	at org.apache.ratis.thirdparty.io.grpc.internal.ManagedChannelOrphanWrapper.awaitTermination(ManagedChannelOrphanWrapper.java:70)
	at org.apache.ratis.grpc.client.GrpcClientProtocolClient.close(GrpcClientProtocolClient.java:146)
	at org.apache.ratis.util.PeerProxyMap$PeerAndProxy.lambda$close$1(PeerProxyMap.java:74)
	at org.apache.ratis.util.LifeCycle.lambda$checkStateAndClose$2(LifeCycle.java:231)
	at org.apache.ratis.util.LifeCycle.checkStateAndClose(LifeCycle.java:251)
	at org.apache.ratis.util.LifeCycle.checkStateAndClose(LifeCycle.java:229)
	at org.apache.ratis.util.PeerProxyMap$PeerAndProxy.close(PeerProxyMap.java:70)
	at org.apache.ratis.util.PeerProxyMap.resetProxy(PeerProxyMap.java:127)
	at org.apache.ratis.util.PeerProxyMap.handleException(PeerProxyMap.java:136)
	at org.apache.ratis.client.impl.RaftClientRpcWithProxy.handleException(RaftClientRpcWithProxy.java:47)
	at org.apache.ratis.client.impl.RaftClientImpl.handleIOException(RaftClientImpl.java:372)
	at org.apache.ratis.client.impl.OrderedAsync.lambda$sendRequest$10(OrderedAsync.java:236)
	at java.util.concurrent.CompletableFuture.uniExceptionally(CompletableFuture.java:870)
	at java.util.concurrent.CompletableFuture$UniExceptionally.tryFire(CompletableFuture.java:852)
	at java.util.concurrent.CompletableFuture.postComplete(CompletableFuture.java:474)
	at java.util.concurrent.CompletableFuture.completeExceptionally(CompletableFuture.java:1977)
	at org.apache.ratis.grpc.client.GrpcClientProtocolClient$AsyncStreamObservers.lambda$timeoutCheck$3(GrpcClientProtocolClient.java:324)
	at java.util.Optional.ifPresent(Optional.java:159)
	at org.apache.ratis.grpc.client.GrpcClientProtocolClient$AsyncStreamObservers.handleReplyFuture(GrpcClientProtocolClient.java:329)
	at org.apache.ratis.grpc.client.GrpcClientProtocolClient$AsyncStreamObservers.timeoutCheck(GrpcClientProtocolClient.java:324)
	at org.apache.ratis.grpc.client.GrpcClientProtocolClient$AsyncStreamObservers.lambda$onNext$1(GrpcClientProtocolClient.java:318)
	at org.apache.ratis.util.TimeoutScheduler.lambda$onTimeout$0(TimeoutScheduler.java:113)
	at org.apache.ratis.util.TimeoutScheduler.lambda$onTimeout$1(TimeoutScheduler.java:133)
	at org.apache.ratis.util.LogUtils.runAndLog(LogUtils.java:50)
	at org.apache.ratis.util.LogUtils$1.run(LogUtils.java:91)
	at java.util.concurrent.Executors$RunnableAdapter.call(Executors.java:511)
	at java.util.concurrent.FutureTask.run(FutureTask.java:266)
	at java.util.concurrent.ScheduledThreadPoolExecutor$ScheduledFutureTask.access$201(ScheduledThreadPoolExecutor.java:180)
	at java.util.concurrent.ScheduledThreadPoolExecutor$ScheduledFutureTask.run(ScheduledThreadPoolExecutor.java:293)
	at java.util.concurrent.ThreadPoolExecutor.runWorker(ThreadPoolExecutor.java:1149)
	at java.util.concurrent.ThreadPoolExecutor$Worker.run(ThreadPoolExecutor.java:624)
	at java.lang.Thread.run(Thread.java:748)
2019-10-02 10:07:02,227 [java.util.concurrent.ThreadPoolExecutor$Worker@7fbe2d8d[State = -1, empty queue]] WARN  util.TimeoutScheduler (LogUtils.java:runAndLog(55)) - Failed to task #0: java.lang.NullPointerException
2019-10-02 10:07:06,266 [java.util.concurrent.ThreadPoolExecutor$Worker@4331eb0d[State = -1, empty queue]] ERROR client.GrpcClientProtocolClient (GrpcClientProtocolClient.java:close(148)) - Unexpected exception while waiting for channel termination
java.lang.InterruptedException
	at java.util.concurrent.locks.AbstractQueuedSynchronizer.tryAcquireSharedNanos(AbstractQueuedSynchronizer.java:1326)
	at java.util.concurrent.CountDownLatch.await(CountDownLatch.java:277)
	at org.apache.ratis.thirdparty.io.grpc.internal.ManagedChannelImpl.awaitTermination(ManagedChannelImpl.java:763)
	at org.apache.ratis.thirdparty.io.grpc.internal.ForwardingManagedChannel.awaitTermination(ForwardingManagedChannel.java:57)
	at org.apache.ratis.thirdparty.io.grpc.internal.ManagedChannelOrphanWrapper.awaitTermination(ManagedChannelOrphanWrapper.java:70)
	at org.apache.ratis.grpc.client.GrpcClientProtocolClient.close(GrpcClientProtocolClient.java:146)
	at org.apache.ratis.util.PeerProxyMap$PeerAndProxy.lambda$close$1(PeerProxyMap.java:74)
	at org.apache.ratis.util.LifeCycle.lambda$checkStateAndClose$2(LifeCycle.java:231)
	at org.apache.ratis.util.LifeCycle.checkStateAndClose(LifeCycle.java:251)
	at org.apache.ratis.util.LifeCycle.checkStateAndClose(LifeCycle.java:229)
	at org.apache.ratis.util.PeerProxyMap$PeerAndProxy.close(PeerProxyMap.java:70)
	at org.apache.ratis.util.PeerProxyMap.resetProxy(PeerProxyMap.java:127)
	at org.apache.ratis.util.PeerProxyMap.handleException(PeerProxyMap.java:136)
	at org.apache.ratis.client.impl.RaftClientRpcWithProxy.handleException(RaftClientRpcWithProxy.java:47)
	at org.apache.ratis.client.impl.RaftClientImpl.handleIOException(RaftClientImpl.java:372)
	at org.apache.ratis.client.impl.OrderedAsync.lambda$sendRequest$10(OrderedAsync.java:236)
	at java.util.concurrent.CompletableFuture.uniExceptionally(CompletableFuture.java:870)
	at java.util.concurrent.CompletableFuture$UniExceptionally.tryFire(CompletableFuture.java:852)
	at java.util.concurrent.CompletableFuture.postComplete(CompletableFuture.java:474)
	at java.util.concurrent.CompletableFuture.completeExceptionally(CompletableFuture.java:1977)
	at org.apache.ratis.grpc.client.GrpcClientProtocolClient$AsyncStreamObservers.lambda$timeoutCheck$3(GrpcClientProtocolClient.java:324)
	at java.util.Optional.ifPresent(Optional.java:159)
	at org.apache.ratis.grpc.client.GrpcClientProtocolClient$AsyncStreamObservers.handleReplyFuture(GrpcClientProtocolClient.java:329)
	at org.apache.ratis.grpc.client.GrpcClientProtocolClient$AsyncStreamObservers.timeoutCheck(GrpcClientProtocolClient.java:324)
	at org.apache.ratis.grpc.client.GrpcClientProtocolClient$AsyncStreamObservers.lambda$onNext$1(GrpcClientProtocolClient.java:318)
	at org.apache.ratis.util.TimeoutScheduler.lambda$onTimeout$0(TimeoutScheduler.java:113)
	at org.apache.ratis.util.TimeoutScheduler.lambda$onTimeout$1(TimeoutScheduler.java:133)
	at org.apache.ratis.util.LogUtils.runAndLog(LogUtils.java:50)
	at org.apache.ratis.util.LogUtils$1.run(LogUtils.java:91)
	at java.util.concurrent.Executors$RunnableAdapter.call(Executors.java:511)
	at java.util.concurrent.FutureTask.run(FutureTask.java:266)
	at java.util.concurrent.ScheduledThreadPoolExecutor$ScheduledFutureTask.access$201(ScheduledThreadPoolExecutor.java:180)
	at java.util.concurrent.ScheduledThreadPoolExecutor$ScheduledFutureTask.run(ScheduledThreadPoolExecutor.java:293)
	at java.util.concurrent.ThreadPoolExecutor.runWorker(ThreadPoolExecutor.java:1149)
	at java.util.concurrent.ThreadPoolExecutor$Worker.run(ThreadPoolExecutor.java:624)
	at java.lang.Thread.run(Thread.java:748)
2019-10-02 10:07:06,269 [java.util.concurrent.ThreadPoolExecutor$Worker@4331eb0d[State = -1, empty queue]] WARN  util.TimeoutScheduler (LogUtils.java:runAndLog(55)) - Failed to task #0: java.lang.NullPointerException
2019-10-02 10:07:10,311 [java.util.concurrent.ThreadPoolExecutor$Worker@717cb83c[State = -1, empty queue]] ERROR client.GrpcClientProtocolClient (GrpcClientProtocolClient.java:close(148)) - Unexpected exception while waiting for channel termination
java.lang.InterruptedException
	at java.util.concurrent.locks.AbstractQueuedSynchronizer.tryAcquireSharedNanos(AbstractQueuedSynchronizer.java:1326)
	at java.util.concurrent.CountDownLatch.await(CountDownLatch.java:277)
	at org.apache.ratis.thirdparty.io.grpc.internal.ManagedChannelImpl.awaitTermination(ManagedChannelImpl.java:763)
	at org.apache.ratis.thirdparty.io.grpc.internal.ForwardingManagedChannel.awaitTermination(ForwardingManagedChannel.java:57)
	at org.apache.ratis.thirdparty.io.grpc.internal.ManagedChannelOrphanWrapper.awaitTermination(ManagedChannelOrphanWrapper.java:70)
	at org.apache.ratis.grpc.client.GrpcClientProtocolClient.close(GrpcClientProtocolClient.java:146)
	at org.apache.ratis.util.PeerProxyMap$PeerAndProxy.lambda$close$1(PeerProxyMap.java:74)
	at org.apache.ratis.util.LifeCycle.lambda$checkStateAndClose$2(LifeCycle.java:231)
	at org.apache.ratis.util.LifeCycle.checkStateAndClose(LifeCycle.java:251)
	at org.apache.ratis.util.LifeCycle.checkStateAndClose(LifeCycle.java:229)
	at org.apache.ratis.util.PeerProxyMap$PeerAndProxy.close(PeerProxyMap.java:70)
	at org.apache.ratis.util.PeerProxyMap.resetProxy(PeerProxyMap.java:127)
	at org.apache.ratis.util.PeerProxyMap.handleException(PeerProxyMap.java:136)
	at org.apache.ratis.client.impl.RaftClientRpcWithProxy.handleException(RaftClientRpcWithProxy.java:47)
	at org.apache.ratis.client.impl.RaftClientImpl.handleIOException(RaftClientImpl.java:372)
	at org.apache.ratis.client.impl.OrderedAsync.lambda$sendRequest$10(OrderedAsync.java:236)
	at java.util.concurrent.CompletableFuture.uniExceptionally(CompletableFuture.java:870)
	at java.util.concurrent.CompletableFuture$UniExceptionally.tryFire(CompletableFuture.java:852)
	at java.util.concurrent.CompletableFuture.postComplete(CompletableFuture.java:474)
	at java.util.concurrent.CompletableFuture.completeExceptionally(CompletableFuture.java:1977)
	at org.apache.ratis.grpc.client.GrpcClientProtocolClient$AsyncStreamObservers.lambda$timeoutCheck$3(GrpcClientProtocolClient.java:324)
	at java.util.Optional.ifPresent(Optional.java:159)
	at org.apache.ratis.grpc.client.GrpcClientProtocolClient$AsyncStreamObservers.handleReplyFuture(GrpcClientProtocolClient.java:329)
	at org.apache.ratis.grpc.client.GrpcClientProtocolClient$AsyncStreamObservers.timeoutCheck(GrpcClientProtocolClient.java:324)
	at org.apache.ratis.grpc.client.GrpcClientProtocolClient$AsyncStreamObservers.lambda$onNext$1(GrpcClientProtocolClient.java:318)
	at org.apache.ratis.util.TimeoutScheduler.lambda$onTimeout$0(TimeoutScheduler.java:113)
	at org.apache.ratis.util.TimeoutScheduler.lambda$onTimeout$1(TimeoutScheduler.java:133)
	at org.apache.ratis.util.LogUtils.runAndLog(LogUtils.java:50)
	at org.apache.ratis.util.LogUtils$1.run(LogUtils.java:91)
	at java.util.concurrent.Executors$RunnableAdapter.call(Executors.java:511)
	at java.util.concurrent.FutureTask.run(FutureTask.java:266)
	at java.util.concurrent.ScheduledThreadPoolExecutor$ScheduledFutureTask.access$201(ScheduledThreadPoolExecutor.java:180)
	at java.util.concurrent.ScheduledThreadPoolExecutor$ScheduledFutureTask.run(ScheduledThreadPoolExecutor.java:293)
	at java.util.concurrent.ThreadPoolExecutor.runWorker(ThreadPoolExecutor.java:1149)
	at java.util.concurrent.ThreadPoolExecutor$Worker.run(ThreadPoolExecutor.java:624)
	at java.lang.Thread.run(Thread.java:748)
2019-10-02 10:07:10,313 [java.util.concurrent.ThreadPoolExecutor$Worker@717cb83c[State = -1, empty queue]] WARN  util.TimeoutScheduler (LogUtils.java:runAndLog(55)) - Failed to task #0: java.lang.NullPointerException
2019-10-02 10:07:14,342 [java.util.concurrent.ThreadPoolExecutor$Worker@3027baa1[State = -1, empty queue]] ERROR client.GrpcClientProtocolClient (GrpcClientProtocolClient.java:close(148)) - Unexpected exception while waiting for channel termination
java.lang.InterruptedException
	at java.util.concurrent.locks.AbstractQueuedSynchronizer.tryAcquireSharedNanos(AbstractQueuedSynchronizer.java:1326)
	at java.util.concurrent.CountDownLatch.await(CountDownLatch.java:277)
	at org.apache.ratis.thirdparty.io.grpc.internal.ManagedChannelImpl.awaitTermination(ManagedChannelImpl.java:763)
	at org.apache.ratis.thirdparty.io.grpc.internal.ForwardingManagedChannel.awaitTermination(ForwardingManagedChannel.java:57)
	at org.apache.ratis.thirdparty.io.grpc.internal.ManagedChannelOrphanWrapper.awaitTermination(ManagedChannelOrphanWrapper.java:70)
	at org.apache.ratis.grpc.client.GrpcClientProtocolClient.close(GrpcClientProtocolClient.java:146)
	at org.apache.ratis.util.PeerProxyMap$PeerAndProxy.lambda$close$1(PeerProxyMap.java:74)
	at org.apache.ratis.util.LifeCycle.lambda$checkStateAndClose$2(LifeCycle.java:231)
	at org.apache.ratis.util.LifeCycle.checkStateAndClose(LifeCycle.java:251)
	at org.apache.ratis.util.LifeCycle.checkStateAndClose(LifeCycle.java:229)
	at org.apache.ratis.util.PeerProxyMap$PeerAndProxy.close(PeerProxyMap.java:70)
	at org.apache.ratis.util.PeerProxyMap.resetProxy(PeerProxyMap.java:127)
	at org.apache.ratis.util.PeerProxyMap.handleException(PeerProxyMap.java:136)
	at org.apache.ratis.client.impl.RaftClientRpcWithProxy.handleException(RaftClientRpcWithProxy.java:47)
	at org.apache.ratis.client.impl.RaftClientImpl.handleIOException(RaftClientImpl.java:372)
	at org.apache.ratis.client.impl.OrderedAsync.lambda$sendRequest$10(OrderedAsync.java:236)
	at java.util.concurrent.CompletableFuture.uniExceptionally(CompletableFuture.java:870)
	at java.util.concurrent.CompletableFuture$UniExceptionally.tryFire(CompletableFuture.java:852)
	at java.util.concurrent.CompletableFuture.postComplete(CompletableFuture.java:474)
	at java.util.concurrent.CompletableFuture.completeExceptionally(CompletableFuture.java:1977)
	at org.apache.ratis.grpc.client.GrpcClientProtocolClient$AsyncStreamObservers.lambda$timeoutCheck$3(GrpcClientProtocolClient.java:324)
	at java.util.Optional.ifPresent(Optional.java:159)
	at org.apache.ratis.grpc.client.GrpcClientProtocolClient$AsyncStreamObservers.handleReplyFuture(GrpcClientProtocolClient.java:329)
	at org.apache.ratis.grpc.client.GrpcClientProtocolClient$AsyncStreamObservers.timeoutCheck(GrpcClientProtocolClient.java:324)
	at org.apache.ratis.grpc.client.GrpcClientProtocolClient$AsyncStreamObservers.lambda$onNext$1(GrpcClientProtocolClient.java:318)
	at org.apache.ratis.util.TimeoutScheduler.lambda$onTimeout$0(TimeoutScheduler.java:113)
	at org.apache.ratis.util.TimeoutScheduler.lambda$onTimeout$1(TimeoutScheduler.java:133)
	at org.apache.ratis.util.LogUtils.runAndLog(LogUtils.java:50)
	at org.apache.ratis.util.LogUtils$1.run(LogUtils.java:91)
	at java.util.concurrent.Executors$RunnableAdapter.call(Executors.java:511)
	at java.util.concurrent.FutureTask.run(FutureTask.java:266)
	at java.util.concurrent.ScheduledThreadPoolExecutor$ScheduledFutureTask.access$201(ScheduledThreadPoolExecutor.java:180)
	at java.util.concurrent.ScheduledThreadPoolExecutor$ScheduledFutureTask.run(ScheduledThreadPoolExecutor.java:293)
	at java.util.concurrent.ThreadPoolExecutor.runWorker(ThreadPoolExecutor.java:1149)
	at java.util.concurrent.ThreadPoolExecutor$Worker.run(ThreadPoolExecutor.java:624)
	at java.lang.Thread.run(Thread.java:748)
2019-10-02 10:07:14,343 [java.util.concurrent.ThreadPoolExecutor$Worker@3027baa1[State = -1, empty queue]] WARN  util.TimeoutScheduler (LogUtils.java:runAndLog(55)) - Failed to task #0: java.lang.NullPointerException
2019-10-02 10:07:16,970 [grpc-default-executor-7] INFO  impl.RaftServerProxy (RaftServerProxy.java:remove(95)) - f543130f-443f-4ba5-9d6e-59ecbb0ec00a: remove    LEADER f543130f-443f-4ba5-9d6e-59ecbb0ec00a@group-1F62FD6818B9:t1, leader=f543130f-443f-4ba5-9d6e-59ecbb0ec00a, voted=f543130f-443f-4ba5-9d6e-59ecbb0ec00a, raftlog=f543130f-443f-4ba5-9d6e-59ecbb0ec00a@group-1F62FD6818B9-SegmentedRaftLog:OPENED:c0,f0,i2, conf=0: [f543130f-443f-4ba5-9d6e-59ecbb0ec00a:192.168.164.250:36191, 5a36316c-6269-4ab0-8563-6514c3376d21:192.168.164.250:32906, 49e61346-ce49-4850-8dcd-6024868ef21c:192.168.164.250:43655], old=null RUNNING
2019-10-02 10:07:16,971 [grpc-default-executor-7] INFO  impl.RaftServerImpl (RaftServerImpl.java:lambda$shutdown$3(247)) - f543130f-443f-4ba5-9d6e-59ecbb0ec00a@group-1F62FD6818B9: shutdown
2019-10-02 10:07:16,972 [grpc-default-executor-7] INFO  util.JmxRegister (JmxRegister.java:unregister(73)) - Successfully un-registered JMX Bean with object name Ratis:service=RaftServer,group=group-1F62FD6818B9,id=f543130f-443f-4ba5-9d6e-59ecbb0ec00a
2019-10-02 10:07:16,972 [grpc-default-executor-7] INFO  impl.RoleInfo (RoleInfo.java:shutdownLeaderState(104)) - f543130f-443f-4ba5-9d6e-59ecbb0ec00a: shutdown LeaderState
2019-10-02 10:07:16,977 [grpc-default-executor-7] INFO  impl.PendingRequests (PendingRequests.java:sendNotLeaderResponses(202)) - f543130f-443f-4ba5-9d6e-59ecbb0ec00a@group-1F62FD6818B9-PendingRequests: sendNotLeaderResponses
2019-10-02 10:07:16,977 [org.apache.ratis.server.impl.LogAppender$AppenderDaemon$$Lambda$595/118746732@186a30f5] WARN  server.GrpcLogAppender (GrpcLogAppender.java:mayWait(143)) - f543130f-443f-4ba5-9d6e-59ecbb0ec00a@group-1F62FD6818B9->49e61346-ce49-4850-8dcd-6024868ef21c-GrpcLogAppender: Wait interrupted by java.lang.InterruptedException
2019-10-02 10:07:16,977 [org.apache.ratis.server.impl.LogAppender$AppenderDaemon$$Lambda$595/118746732@47500ca9] WARN  server.GrpcLogAppender (GrpcLogAppender.java:mayWait(143)) - f543130f-443f-4ba5-9d6e-59ecbb0ec00a@group-1F62FD6818B9->5a36316c-6269-4ab0-8563-6514c3376d21-GrpcLogAppender: Wait interrupted by java.lang.InterruptedException
2019-10-02 10:07:16,980 [grpc-default-executor-3] INFO  server.GrpcServerProtocolService (GrpcServerProtocolService.java:onCompleted(113)) - 49e61346-ce49-4850-8dcd-6024868ef21c: Completed APPEND_ENTRIES, lastRequest: f543130f-443f-4ba5-9d6e-59ecbb0ec00a->49e61346-ce49-4850-8dcd-6024868ef21c#29-t1, previous=(t:1, i:2), leaderCommit=0, initializing? false, entries: <empty>
2019-10-02 10:07:16,982 [grpc-default-executor-6] INFO  server.GrpcServerProtocolService (GrpcServerProtocolService.java:onCompleted(113)) - 5a36316c-6269-4ab0-8563-6514c3376d21: Completed APPEND_ENTRIES, lastRequest: f543130f-443f-4ba5-9d6e-59ecbb0ec00a->5a36316c-6269-4ab0-8563-6514c3376d21#29-t1, previous=(t:1, i:2), leaderCommit=0, initializing? false, entries: <empty>
2019-10-02 10:07:16,982 [grpc-default-executor-7] INFO  impl.StateMachineUpdater (StateMachineUpdater.java:stopAndJoin(136)) - f543130f-443f-4ba5-9d6e-59ecbb0ec00a@group-1F62FD6818B9-StateMachineUpdater: set stopIndex = 0
2019-10-02 10:07:16,982 [grpc-default-executor-7] INFO  impl.RaftServerImpl (ServerState.java:close(387)) - f543130f-443f-4ba5-9d6e-59ecbb0ec00a@group-1F62FD6818B9: closes. applyIndex: 0
2019-10-02 10:07:16,983 [f543130f-443f-4ba5-9d6e-59ecbb0ec00a@group-1F62FD6818B9-SegmentedRaftLogWorker] INFO  segmented.SegmentedRaftLogWorker (SegmentedRaftLogWorker.java:run(316)) - f543130f-443f-4ba5-9d6e-59ecbb0ec00a@group-1F62FD6818B9-SegmentedRaftLogWorker was interrupted, exiting. There are 0 tasks remaining in the queue.
2019-10-02 10:07:16,983 [grpc-default-executor-6] INFO  server.GrpcLogAppender (GrpcLogAppender.java:onCompleted(293)) - f543130f-443f-4ba5-9d6e-59ecbb0ec00a@group-1F62FD6818B9->49e61346-ce49-4850-8dcd-6024868ef21c-AppendLogResponseHandler: follower responses appendEntries COMPLETED
2019-10-02 10:07:16,983 [grpc-default-executor-7] INFO  segmented.SegmentedRaftLogWorker (SegmentedRaftLogWorker.java:close(224)) - f543130f-443f-4ba5-9d6e-59ecbb0ec00a@group-1F62FD6818B9-SegmentedRaftLogWorker close()
2019-10-02 10:07:16,985 [grpc-default-executor-10] INFO  server.GrpcLogAppender (GrpcLogAppender.java:onCompleted(293)) - f543130f-443f-4ba5-9d6e-59ecbb0ec00a@group-1F62FD6818B9->5a36316c-6269-4ab0-8563-6514c3376d21-AppendLogResponseHandler: follower responses appendEntries COMPLETED
2019-10-02 10:07:16,988 [grpc-default-executor-6] INFO  impl.FollowerInfo (FollowerInfo.java:lambda$new$0(51)) - f543130f-443f-4ba5-9d6e-59ecbb0ec00a@group-1F62FD6818B9->49e61346-ce49-4850-8dcd-6024868ef21c: nextIndex: updateUnconditionally 3 -> 2
2019-10-02 10:07:16,989 [grpc-default-executor-10] INFO  impl.FollowerInfo (FollowerInfo.java:lambda$new$0(51)) - f543130f-443f-4ba5-9d6e-59ecbb0ec00a@group-1F62FD6818B9->5a36316c-6269-4ab0-8563-6514c3376d21: nextIndex: updateUnconditionally 3 -> 2
2019-10-02 10:07:16,994 [grpc-default-executor-10] INFO  impl.RaftServerProxy (RaftServerProxy.java:remove(95)) - 5a36316c-6269-4ab0-8563-6514c3376d21: remove  FOLLOWER 5a36316c-6269-4ab0-8563-6514c3376d21@group-1F62FD6818B9:t1, leader=f543130f-443f-4ba5-9d6e-59ecbb0ec00a, voted=f543130f-443f-4ba5-9d6e-59ecbb0ec00a, raftlog=5a36316c-6269-4ab0-8563-6514c3376d21@group-1F62FD6818B9-SegmentedRaftLog:OPENED:c0,f2,i2, conf=0: [f543130f-443f-4ba5-9d6e-59ecbb0ec00a:192.168.164.250:36191, 5a36316c-6269-4ab0-8563-6514c3376d21:192.168.164.250:32906, 49e61346-ce49-4850-8dcd-6024868ef21c:192.168.164.250:43655], old=null RUNNING
2019-10-02 10:07:16,994 [grpc-default-executor-10] INFO  impl.RaftServerImpl (RaftServerImpl.java:lambda$shutdown$3(247)) - 5a36316c-6269-4ab0-8563-6514c3376d21@group-1F62FD6818B9: shutdown
2019-10-02 10:07:16,994 [grpc-default-executor-10] INFO  util.JmxRegister (JmxRegister.java:unregister(73)) - Successfully un-registered JMX Bean with object name Ratis:service=RaftServer,group=group-1F62FD6818B9,id=5a36316c-6269-4ab0-8563-6514c3376d21
2019-10-02 10:07:16,995 [grpc-default-executor-10] INFO  impl.RoleInfo (RoleInfo.java:shutdownFollowerState(121)) - 5a36316c-6269-4ab0-8563-6514c3376d21: shutdown FollowerState
2019-10-02 10:07:16,995 [grpc-default-executor-10] INFO  impl.StateMachineUpdater (StateMachineUpdater.java:stopAndJoin(136)) - 5a36316c-6269-4ab0-8563-6514c3376d21@group-1F62FD6818B9-StateMachineUpdater: set stopIndex = 0
2019-10-02 10:07:16,995 [Thread-715] INFO  impl.FollowerState (FollowerState.java:run(117)) - 5a36316c-6269-4ab0-8563-6514c3376d21@group-1F62FD6818B9-FollowerState was interrupted: java.lang.InterruptedException: sleep interrupted
2019-10-02 10:07:16,997 [grpc-default-executor-10] INFO  impl.RaftServerImpl (ServerState.java:close(387)) - 5a36316c-6269-4ab0-8563-6514c3376d21@group-1F62FD6818B9: closes. applyIndex: 0
2019-10-02 10:07:16,998 [5a36316c-6269-4ab0-8563-6514c3376d21@group-1F62FD6818B9-SegmentedRaftLogWorker] INFO  segmented.SegmentedRaftLogWorker (SegmentedRaftLogWorker.java:run(316)) - 5a36316c-6269-4ab0-8563-6514c3376d21@group-1F62FD6818B9-SegmentedRaftLogWorker was interrupted, exiting. There are 0 tasks remaining in the queue.
2019-10-02 10:07:16,998 [grpc-default-executor-10] INFO  segmented.SegmentedRaftLogWorker (SegmentedRaftLogWorker.java:close(224)) - 5a36316c-6269-4ab0-8563-6514c3376d21@group-1F62FD6818B9-SegmentedRaftLogWorker close()
2019-10-02 10:07:17,096 [grpc-default-executor-10] INFO  interfaces.Container (KeyValueContainer.java:flushAndSyncDB(386)) - Container 6 is synced with bcsId 0.
2019-10-02 10:07:17,097 [grpc-default-executor-10] INFO  interfaces.Container (KeyValueContainer.java:flushAndSyncDB(386)) - Container 6 is synced with bcsId 0.
2019-10-02 10:07:17,114 [EventQueue-IncrementalContainerReportForIncrementalContainerReportHandler] INFO  container.IncrementalContainerReportHandler (AbstractContainerReportHandler.java:updateContainerState(169)) - Moving container #6 to QUASI_CLOSED state, datanode 5a36316c-6269-4ab0-8563-6514c3376d21{ip: 192.168.164.250, host: pr-trunk-p5fv4-2201032288, networkLocation: /default-rack, certSerialId: null} reported QUASI_CLOSED replica.
2019-10-02 10:07:17,118 [grpc-default-executor-10] INFO  impl.RaftServerProxy (RaftServerProxy.java:remove(95)) - 49e61346-ce49-4850-8dcd-6024868ef21c: remove  FOLLOWER 49e61346-ce49-4850-8dcd-6024868ef21c@group-1F62FD6818B9:t1, leader=f543130f-443f-4ba5-9d6e-59ecbb0ec00a, voted=f543130f-443f-4ba5-9d6e-59ecbb0ec00a, raftlog=49e61346-ce49-4850-8dcd-6024868ef21c@group-1F62FD6818B9-SegmentedRaftLog:OPENED:c0,f2,i2, conf=0: [f543130f-443f-4ba5-9d6e-59ecbb0ec00a:192.168.164.250:36191, 5a36316c-6269-4ab0-8563-6514c3376d21:192.168.164.250:32906, 49e61346-ce49-4850-8dcd-6024868ef21c:192.168.164.250:43655], old=null RUNNING
2019-10-02 10:07:17,118 [grpc-default-executor-10] INFO  impl.RaftServerImpl (RaftServerImpl.java:lambda$shutdown$3(247)) - 49e61346-ce49-4850-8dcd-6024868ef21c@group-1F62FD6818B9: shutdown
2019-10-02 10:07:17,118 [grpc-default-executor-10] INFO  util.JmxRegister (JmxRegister.java:unregister(73)) - Successfully un-registered JMX Bean with object name Ratis:service=RaftServer,group=group-1F62FD6818B9,id=49e61346-ce49-4850-8dcd-6024868ef21c
2019-10-02 10:07:17,118 [grpc-default-executor-10] INFO  impl.RoleInfo (RoleInfo.java:shutdownFollowerState(121)) - 49e61346-ce49-4850-8dcd-6024868ef21c: shutdown FollowerState
2019-10-02 10:07:17,119 [grpc-default-executor-10] INFO  impl.StateMachineUpdater (StateMachineUpdater.java:stopAndJoin(136)) - 49e61346-ce49-4850-8dcd-6024868ef21c@group-1F62FD6818B9-StateMachineUpdater: set stopIndex = 0
2019-10-02 10:07:17,119 [Thread-716] INFO  impl.FollowerState (FollowerState.java:run(117)) - 49e61346-ce49-4850-8dcd-6024868ef21c@group-1F62FD6818B9-FollowerState was interrupted: java.lang.InterruptedException: sleep interrupted
2019-10-02 10:07:17,121 [grpc-default-executor-10] INFO  impl.RaftServerImpl (ServerState.java:close(387)) - 49e61346-ce49-4850-8dcd-6024868ef21c@group-1F62FD6818B9: closes. applyIndex: 0
2019-10-02 10:07:17,122 [49e61346-ce49-4850-8dcd-6024868ef21c@group-1F62FD6818B9-SegmentedRaftLogWorker] INFO  segmented.SegmentedRaftLogWorker (SegmentedRaftLogWorker.java:run(316)) - 49e61346-ce49-4850-8dcd-6024868ef21c@group-1F62FD6818B9-SegmentedRaftLogWorker was interrupted, exiting. There are 0 tasks remaining in the queue.
2019-10-02 10:07:17,122 [grpc-default-executor-10] INFO  segmented.SegmentedRaftLogWorker (SegmentedRaftLogWorker.java:close(224)) - 49e61346-ce49-4850-8dcd-6024868ef21c@group-1F62FD6818B9-SegmentedRaftLogWorker close()
2019-10-02 10:07:17,181 [grpc-default-executor-10] INFO  interfaces.Container (KeyValueContainer.java:flushAndSyncDB(386)) - Container 6 is synced with bcsId 0.
2019-10-02 10:07:17,182 [grpc-default-executor-10] INFO  interfaces.Container (KeyValueContainer.java:flushAndSyncDB(386)) - Container 6 is synced with bcsId 0.
2019-10-02 10:07:17,199 [RatisPipelineUtilsThread] INFO  pipeline.PipelineStateManager (PipelineStateManager.java:removePipeline(108)) - Pipeline Pipeline[ Id: 20bdf111-68c5-4565-bb5d-1f62fd6818b9, Nodes: f543130f-443f-4ba5-9d6e-59ecbb0ec00a{ip: 192.168.164.250, host: pr-trunk-p5fv4-2201032288, networkLocation: /default-rack, certSerialId: null}5a36316c-6269-4ab0-8563-6514c3376d21{ip: 192.168.164.250, host: pr-trunk-p5fv4-2201032288, networkLocation: /default-rack, certSerialId: null}49e61346-ce49-4850-8dcd-6024868ef21c{ip: 192.168.164.250, host: pr-trunk-p5fv4-2201032288, networkLocation: /default-rack, certSerialId: null}, Type:RATIS, Factor:THREE, State:CLOSED] removed from db
2019-10-02 10:07:17,203 [grpc-default-executor-10] INFO  impl.RaftServerProxy (RaftServerProxy.java:remove(95)) - f543130f-443f-4ba5-9d6e-59ecbb0ec00a: remove group-1F62FD6818B9:null
2019-10-02 10:07:17,210 [RatisPipelineUtilsThread] WARN  pipeline.RatisPipelineUtils (RatisPipelineUtils.java:destroyPipeline(67)) - Pipeline destroy failed for pipeline=PipelineID=20bdf111-68c5-4565-bb5d-1f62fd6818b9 dn=f543130f-443f-4ba5-9d6e-59ecbb0ec00a{ip: 192.168.164.250, host: pr-trunk-p5fv4-2201032288, networkLocation: /default-rack, certSerialId: null}
2019-10-02 10:07:17,215 [grpc-default-executor-10] INFO  impl.RaftServerProxy (RaftServerProxy.java:remove(95)) - 5a36316c-6269-4ab0-8563-6514c3376d21: remove group-1F62FD6818B9:null
2019-10-02 10:07:17,219 [RatisPipelineUtilsThread] WARN  pipeline.RatisPipelineUtils (RatisPipelineUtils.java:destroyPipeline(67)) - Pipeline destroy failed for pipeline=PipelineID=20bdf111-68c5-4565-bb5d-1f62fd6818b9 dn=5a36316c-6269-4ab0-8563-6514c3376d21{ip: 192.168.164.250, host: pr-trunk-p5fv4-2201032288, networkLocation: /default-rack, certSerialId: null}
2019-10-02 10:07:17,222 [grpc-default-executor-10] INFO  impl.RaftServerProxy (RaftServerProxy.java:remove(95)) - 49e61346-ce49-4850-8dcd-6024868ef21c: remove group-1F62FD6818B9:null
2019-10-02 10:07:17,226 [RatisPipelineUtilsThread] WARN  pipeline.RatisPipelineUtils (RatisPipelineUtils.java:destroyPipeline(67)) - Pipeline destroy failed for pipeline=PipelineID=20bdf111-68c5-4565-bb5d-1f62fd6818b9 dn=49e61346-ce49-4850-8dcd-6024868ef21c{ip: 192.168.164.250, host: pr-trunk-p5fv4-2201032288, networkLocation: /default-rack, certSerialId: null}
2019-10-02 10:07:17,227 [RatisPipelineUtilsThread] ERROR pipeline.SCMPipelineManager (Scheduler.java:lambda$schedule$1(70)) - Destroy pipeline failed for pipeline:Pipeline[ Id: 20bdf111-68c5-4565-bb5d-1f62fd6818b9, Nodes: f543130f-443f-4ba5-9d6e-59ecbb0ec00a{ip: 192.168.164.250, host: pr-trunk-p5fv4-2201032288, networkLocation: /default-rack, certSerialId: null}5a36316c-6269-4ab0-8563-6514c3376d21{ip: 192.168.164.250, host: pr-trunk-p5fv4-2201032288, networkLocation: /default-rack, certSerialId: null}49e61346-ce49-4850-8dcd-6024868ef21c{ip: 192.168.164.250, host: pr-trunk-p5fv4-2201032288, networkLocation: /default-rack, certSerialId: null}, Type:RATIS, Factor:THREE, State:CLOSED]
org.apache.hadoop.hdds.scm.pipeline.PipelineNotFoundException: PipelineID=20bdf111-68c5-4565-bb5d-1f62fd6818b9 not found
	at org.apache.hadoop.hdds.scm.pipeline.PipelineStateMap.getPipeline(PipelineStateMap.java:132)
	at org.apache.hadoop.hdds.scm.pipeline.PipelineStateMap.removePipeline(PipelineStateMap.java:322)
	at org.apache.hadoop.hdds.scm.pipeline.PipelineStateManager.removePipeline(PipelineStateManager.java:107)
	at org.apache.hadoop.hdds.scm.pipeline.SCMPipelineManager.removePipeline(SCMPipelineManager.java:427)
	at org.apache.hadoop.hdds.scm.pipeline.SCMPipelineManager.destroyPipeline(SCMPipelineManager.java:413)
	at org.apache.hadoop.hdds.scm.pipeline.SCMPipelineManager.lambda$finalizeAndDestroyPipeline$0(SCMPipelineManager.java:322)
	at org.apache.hadoop.hdds.utils.Scheduler.lambda$schedule$1(Scheduler.java:68)
	at java.util.concurrent.Executors$RunnableAdapter.call(Executors.java:511)
	at java.util.concurrent.FutureTask.run(FutureTask.java:266)
	at java.util.concurrent.ScheduledThreadPoolExecutor$ScheduledFutureTask.access$201(ScheduledThreadPoolExecutor.java:180)
	at java.util.concurrent.ScheduledThreadPoolExecutor$ScheduledFutureTask.run(ScheduledThreadPoolExecutor.java:293)
	at java.util.concurrent.ThreadPoolExecutor.runWorker(ThreadPoolExecutor.java:1149)
	at java.util.concurrent.ThreadPoolExecutor$Worker.run(ThreadPoolExecutor.java:624)
	at java.lang.Thread.run(Thread.java:748)
2019-10-02 10:07:18,008 [Thread-681] WARN  io.KeyOutputStream (KeyOutputStream.java:handleException(274)) - Encountered exception java.io.IOException: Unexpected Storage Container Exception: java.util.concurrent.CompletionException: java.util.concurrent.CompletionException: org.apache.ratis.protocol.GroupMismatchException: 5a36316c-6269-4ab0-8563-6514c3376d21: group-1F62FD6818B9 not found. on the pipeline Pipeline[ Id: 20bdf111-68c5-4565-bb5d-1f62fd6818b9, Nodes: f543130f-443f-4ba5-9d6e-59ecbb0ec00a{ip: 192.168.164.250, host: pr-trunk-p5fv4-2201032288, networkLocation: /default-rack, certSerialId: null}5a36316c-6269-4ab0-8563-6514c3376d21{ip: 192.168.164.250, host: pr-trunk-p5fv4-2201032288, networkLocation: /default-rack, certSerialId: null}49e61346-ce49-4850-8dcd-6024868ef21c{ip: 192.168.164.250, host: pr-trunk-p5fv4-2201032288, networkLocation: /default-rack, certSerialId: null}, Type:RATIS, Factor:THREE, State:OPEN]. The last committed block length is 0, uncommitted data length is 4 retry count 0
2019-10-02 10:07:18,159 [pool-46-thread-6] ERROR impl.ChunkManagerImpl (ChunkUtils.java:writeData(89)) - data array does not match the length specified. DataLen: 4 Byte Array: 160
2019-10-02 10:07:18,161 [pool-46-thread-6] INFO  keyvalue.KeyValueHandler (ContainerUtils.java:logAndReturnError(146)) - Operation: WriteChunk : Trace ID: 1cb2c95c42615c43:1cb2c95c42615c43:0:0 : Message: data array does not match the length specified. DataLen: 4 Byte Array: 160 : Result: INVALID_WRITE_SIZE
2019-10-02 10:07:18,177 [EventQueue-IncrementalContainerReportForIncrementalContainerReportHandler] WARN  container.IncrementalContainerReportHandler (AbstractContainerReportHandler.java:updateContainerState(143)) - Container #7 is in OPEN state, but the datanode 49e61346-ce49-4850-8dcd-6024868ef21c{ip: 192.168.164.250, host: pr-trunk-p5fv4-2201032288, networkLocation: /default-rack, certSerialId: null} reports an UNHEALTHY replica.
2019-10-02 10:07:18,178 [EventQueue-CloseContainerForCloseContainerEventHandler] INFO  container.CloseContainerEventHandler (CloseContainerEventHandler.java:onMessage(61)) - Close container Event triggered for container : #7
10:07:18.175 [pool-46-thread-6] ERROR DNAudit - user=null | ip=null | op=WRITE_CHUNK {blockData=conID: 7 locID: 102892230280806410 bcsId: 0} | ret=FAILURE
java.lang.Exception: data array does not match the length specified. DataLen: 4 Byte Array: 160
	at org.apache.hadoop.ozone.container.common.impl.HddsDispatcher.dispatchRequest(HddsDispatcher.java:330) ~[hadoop-hdds-container-service-0.5.0-SNAPSHOT.jar:?]
	at org.apache.hadoop.ozone.container.common.impl.HddsDispatcher.dispatch(HddsDispatcher.java:150) ~[hadoop-hdds-container-service-0.5.0-SNAPSHOT.jar:?]
	at org.apache.hadoop.ozone.container.common.transport.server.ratis.ContainerStateMachine.dispatchCommand(ContainerStateMachine.java:407) ~[hadoop-hdds-container-service-0.5.0-SNAPSHOT.jar:?]
	at org.apache.hadoop.ozone.container.common.transport.server.ratis.ContainerStateMachine.runCommand(ContainerStateMachine.java:415) ~[hadoop-hdds-container-service-0.5.0-SNAPSHOT.jar:?]
	at org.apache.hadoop.ozone.container.common.transport.server.ratis.ContainerStateMachine.lambda$handleWriteChunk$1(ContainerStateMachine.java:450) ~[hadoop-hdds-container-service-0.5.0-SNAPSHOT.jar:?]
	at java.util.concurrent.CompletableFuture$AsyncSupply.run(CompletableFuture.java:1590) [?:1.8.0_212]
	at java.util.concurrent.ThreadPoolExecutor.runWorker(ThreadPoolExecutor.java:1149) [?:1.8.0_212]
	at java.util.concurrent.ThreadPoolExecutor$Worker.run(ThreadPoolExecutor.java:624) [?:1.8.0_212]
	at java.lang.Thread.run(Thread.java:748) [?:1.8.0_212]
2019-10-02 10:07:18,179 [pool-46-thread-6] ERROR ratis.ContainerStateMachine (ContainerStateMachine.java:lambda$handleWriteChunk$2(470)) - group-D3F651902B2E: writeChunk writeStateMachineData failed: blockIdcontainerID: 7
localID: 102892230280806410
blockCommitSequenceId: 0
 logIndex 1 chunkName 102892230280806410_chunk_1 Error message: data array does not match the length specified. DataLen: 4 Byte Array: 160 Container Result: INVALID_WRITE_SIZE
2019-10-02 10:07:18,180 [49e61346-ce49-4850-8dcd-6024868ef21c@group-D3F651902B2E-SegmentedRaftLogWorker] ERROR ratis.XceiverServerRatis (XceiverServerRatis.java:triggerPipelineClose(581)) - pipeline Action CLOSE  on pipeline PipelineID=1490a740-0e3e-4252-920c-d3f651902b2e.Reason : data array does not match the length specified. DataLen: 4 Byte Array: 160
2019-10-02 10:07:18,181 [49e61346-ce49-4850-8dcd-6024868ef21c@group-D3F651902B2E-SegmentedRaftLogWorker] ERROR ratis.XceiverServerRatis (XceiverServerRatis.java:triggerPipelineClose(581)) - pipeline Action CLOSE  on pipeline PipelineID=1490a740-0e3e-4252-920c-d3f651902b2e.Reason : Log already failed at index 1 for task WriteLog:1: (t:2, i:1), STATEMACHINELOGENTRY, client-45ACD2F40CEB, cid=54
2019-10-02 10:07:18,181 [EventQueue-PipelineActionsForPipelineActionHandler] ERROR pipeline.PipelineActionHandler (PipelineActionHandler.java:onMessage(60)) - Received pipeline action CLOSE for Pipeline[ Id: 1490a740-0e3e-4252-920c-d3f651902b2e, Nodes: f543130f-443f-4ba5-9d6e-59ecbb0ec00a{ip: 192.168.164.250, host: pr-trunk-p5fv4-2201032288, networkLocation: /default-rack, certSerialId: null}5a36316c-6269-4ab0-8563-6514c3376d21{ip: 192.168.164.250, host: pr-trunk-p5fv4-2201032288, networkLocation: /default-rack, certSerialId: null}49e61346-ce49-4850-8dcd-6024868ef21c{ip: 192.168.164.250, host: pr-trunk-p5fv4-2201032288, networkLocation: /default-rack, certSerialId: null}, Type:RATIS, Factor:THREE, State:OPEN] from datanode 49e61346-ce49-4850-8dcd-6024868ef21c{ip: 192.168.164.250, host: pr-trunk-p5fv4-2201032288, networkLocation: /default-rack, certSerialId: null}. Reason : data array does not match the length specified. DataLen: 4 Byte Array: 160
2019-10-02 10:07:18,181 [EventQueue-PipelineActionsForPipelineActionHandler] INFO  pipeline.SCMPipelineManager (SCMPipelineManager.java:finalizeAndDestroyPipeline(315)) - destroying pipeline:Pipeline[ Id: 1490a740-0e3e-4252-920c-d3f651902b2e, Nodes: f543130f-443f-4ba5-9d6e-59ecbb0ec00a{ip: 192.168.164.250, host: pr-trunk-p5fv4-2201032288, networkLocation: /default-rack, certSerialId: null}5a36316c-6269-4ab0-8563-6514c3376d21{ip: 192.168.164.250, host: pr-trunk-p5fv4-2201032288, networkLocation: /default-rack, certSerialId: null}49e61346-ce49-4850-8dcd-6024868ef21c{ip: 192.168.164.250, host: pr-trunk-p5fv4-2201032288, networkLocation: /default-rack, certSerialId: null}, Type:RATIS, Factor:THREE, State:OPEN]
2019-10-02 10:07:18,181 [EventQueue-PipelineActionsForPipelineActionHandler] INFO  pipeline.PipelineStateManager (PipelineStateManager.java:finalizePipeline(123)) - Pipeline Pipeline[ Id: 1490a740-0e3e-4252-920c-d3f651902b2e, Nodes: f543130f-443f-4ba5-9d6e-59ecbb0ec00a{ip: 192.168.164.250, host: pr-trunk-p5fv4-2201032288, networkLocation: /default-rack, certSerialId: null}5a36316c-6269-4ab0-8563-6514c3376d21{ip: 192.168.164.250, host: pr-trunk-p5fv4-2201032288, networkLocation: /default-rack, certSerialId: null}49e61346-ce49-4850-8dcd-6024868ef21c{ip: 192.168.164.250, host: pr-trunk-p5fv4-2201032288, networkLocation: /default-rack, certSerialId: null}, Type:RATIS, Factor:THREE, State:CLOSED] moved to CLOSED state
2019-10-02 10:07:18,182 [EventQueue-PipelineActionsForPipelineActionHandler] ERROR pipeline.PipelineActionHandler (PipelineActionHandler.java:onMessage(60)) - Received pipeline action CLOSE for Pipeline[ Id: 1490a740-0e3e-4252-920c-d3f651902b2e, Nodes: f543130f-443f-4ba5-9d6e-59ecbb0ec00a{ip: 192.168.164.250, host: pr-trunk-p5fv4-2201032288, networkLocation: /default-rack, certSerialId: null}5a36316c-6269-4ab0-8563-6514c3376d21{ip: 192.168.164.250, host: pr-trunk-p5fv4-2201032288, networkLocation: /default-rack, certSerialId: null}49e61346-ce49-4850-8dcd-6024868ef21c{ip: 192.168.164.250, host: pr-trunk-p5fv4-2201032288, networkLocation: /default-rack, certSerialId: null}, Type:RATIS, Factor:THREE, State:CLOSED] from datanode 49e61346-ce49-4850-8dcd-6024868ef21c{ip: 192.168.164.250, host: pr-trunk-p5fv4-2201032288, networkLocation: /default-rack, certSerialId: null}. Reason : Log already failed at index 1 for task WriteLog:1: (t:2, i:1), STATEMACHINELOGENTRY, client-45ACD2F40CEB, cid=54
2019-10-02 10:07:18,182 [EventQueue-PipelineActionsForPipelineActionHandler] INFO  pipeline.SCMPipelineManager (SCMPipelineManager.java:finalizeAndDestroyPipeline(315)) - destroying pipeline:Pipeline[ Id: 1490a740-0e3e-4252-920c-d3f651902b2e, Nodes: f543130f-443f-4ba5-9d6e-59ecbb0ec00a{ip: 192.168.164.250, host: pr-trunk-p5fv4-2201032288, networkLocation: /default-rack, certSerialId: null}5a36316c-6269-4ab0-8563-6514c3376d21{ip: 192.168.164.250, host: pr-trunk-p5fv4-2201032288, networkLocation: /default-rack, certSerialId: null}49e61346-ce49-4850-8dcd-6024868ef21c{ip: 192.168.164.250, host: pr-trunk-p5fv4-2201032288, networkLocation: /default-rack, certSerialId: null}, Type:RATIS, Factor:THREE, State:CLOSED]
2019-10-02 10:07:21,052 [java.util.concurrent.ThreadPoolExecutor$Worker@19804f43[State = -1, empty queue]] ERROR client.GrpcClientProtocolClient (GrpcClientProtocolClient.java:close(148)) - Unexpected exception while waiting for channel termination
java.lang.InterruptedException
	at java.util.concurrent.locks.AbstractQueuedSynchronizer.tryAcquireSharedNanos(AbstractQueuedSynchronizer.java:1326)
	at java.util.concurrent.CountDownLatch.await(CountDownLatch.java:277)
	at org.apache.ratis.thirdparty.io.grpc.internal.ManagedChannelImpl.awaitTermination(ManagedChannelImpl.java:763)
	at org.apache.ratis.thirdparty.io.grpc.internal.ForwardingManagedChannel.awaitTermination(ForwardingManagedChannel.java:57)
	at org.apache.ratis.thirdparty.io.grpc.internal.ManagedChannelOrphanWrapper.awaitTermination(ManagedChannelOrphanWrapper.java:70)
	at org.apache.ratis.grpc.client.GrpcClientProtocolClient.close(GrpcClientProtocolClient.java:146)
	at org.apache.ratis.util.PeerProxyMap$PeerAndProxy.lambda$close$1(PeerProxyMap.java:74)
	at org.apache.ratis.util.LifeCycle.lambda$checkStateAndClose$2(LifeCycle.java:231)
	at org.apache.ratis.util.LifeCycle.checkStateAndClose(LifeCycle.java:251)
	at org.apache.ratis.util.LifeCycle.checkStateAndClose(LifeCycle.java:229)
	at org.apache.ratis.util.PeerProxyMap$PeerAndProxy.close(PeerProxyMap.java:70)
	at org.apache.ratis.util.PeerProxyMap.resetProxy(PeerProxyMap.java:127)
	at org.apache.ratis.util.PeerProxyMap.handleException(PeerProxyMap.java:136)
	at org.apache.ratis.client.impl.RaftClientRpcWithProxy.handleException(RaftClientRpcWithProxy.java:47)
	at org.apache.ratis.client.impl.RaftClientImpl.handleIOException(RaftClientImpl.java:372)
	at org.apache.ratis.client.impl.OrderedAsync.lambda$sendRequest$10(OrderedAsync.java:236)
	at java.util.concurrent.CompletableFuture.uniExceptionally(CompletableFuture.java:870)
	at java.util.concurrent.CompletableFuture$UniExceptionally.tryFire(CompletableFuture.java:852)
	at java.util.concurrent.CompletableFuture.postComplete(CompletableFuture.java:474)
	at java.util.concurrent.CompletableFuture.completeExceptionally(CompletableFuture.java:1977)
	at org.apache.ratis.grpc.client.GrpcClientProtocolClient$AsyncStreamObservers.lambda$timeoutCheck$3(GrpcClientProtocolClient.java:324)
	at java.util.Optional.ifPresent(Optional.java:159)
	at org.apache.ratis.grpc.client.GrpcClientProtocolClient$AsyncStreamObservers.handleReplyFuture(GrpcClientProtocolClient.java:329)
	at org.apache.ratis.grpc.client.GrpcClientProtocolClient$AsyncStreamObservers.timeoutCheck(GrpcClientProtocolClient.java:324)
	at org.apache.ratis.grpc.client.GrpcClientProtocolClient$AsyncStreamObservers.lambda$onNext$1(GrpcClientProtocolClient.java:318)
	at org.apache.ratis.util.TimeoutScheduler.lambda$onTimeout$0(TimeoutScheduler.java:113)
	at org.apache.ratis.util.TimeoutScheduler.lambda$onTimeout$1(TimeoutScheduler.java:133)
	at org.apache.ratis.util.LogUtils.runAndLog(LogUtils.java:50)
	at org.apache.ratis.util.LogUtils$1.run(LogUtils.java:91)
	at java.util.concurrent.Executors$RunnableAdapter.call(Executors.java:511)
	at java.util.concurrent.FutureTask.run(FutureTask.java:266)
	at java.util.concurrent.ScheduledThreadPoolExecutor$ScheduledFutureTask.access$201(ScheduledThreadPoolExecutor.java:180)
	at java.util.concurrent.ScheduledThreadPoolExecutor$ScheduledFutureTask.run(ScheduledThreadPoolExecutor.java:293)
	at java.util.concurrent.ThreadPoolExecutor.runWorker(ThreadPoolExecutor.java:1149)
	at java.util.concurrent.ThreadPoolExecutor$Worker.run(ThreadPoolExecutor.java:624)
	at java.lang.Thread.run(Thread.java:748)
2019-10-02 10:07:21,060 [java.util.concurrent.ThreadPoolExecutor$Worker@19804f43[State = -1, empty queue]] WARN  util.TimeoutScheduler (LogUtils.java:runAndLog(55)) - Failed to task #0: java.lang.NullPointerException
2019-10-02 10:07:25,088 [java.util.concurrent.ThreadPoolExecutor$Worker@7de12d12[State = -1, empty queue]] ERROR client.GrpcClientProtocolClient (GrpcClientProtocolClient.java:close(148)) - Unexpected exception while waiting for channel termination
java.lang.InterruptedException
	at java.util.concurrent.locks.AbstractQueuedSynchronizer.tryAcquireSharedNanos(AbstractQueuedSynchronizer.java:1326)
	at java.util.concurrent.CountDownLatch.await(CountDownLatch.java:277)
	at org.apache.ratis.thirdparty.io.grpc.internal.ManagedChannelImpl.awaitTermination(ManagedChannelImpl.java:763)
	at org.apache.ratis.thirdparty.io.grpc.internal.ForwardingManagedChannel.awaitTermination(ForwardingManagedChannel.java:57)
	at org.apache.ratis.thirdparty.io.grpc.internal.ManagedChannelOrphanWrapper.awaitTermination(ManagedChannelOrphanWrapper.java:70)
	at org.apache.ratis.grpc.client.GrpcClientProtocolClient.close(GrpcClientProtocolClient.java:146)
	at org.apache.ratis.util.PeerProxyMap$PeerAndProxy.lambda$close$1(PeerProxyMap.java:74)
	at org.apache.ratis.util.LifeCycle.lambda$checkStateAndClose$2(LifeCycle.java:231)
	at org.apache.ratis.util.LifeCycle.checkStateAndClose(LifeCycle.java:251)
	at org.apache.ratis.util.LifeCycle.checkStateAndClose(LifeCycle.java:229)
	at org.apache.ratis.util.PeerProxyMap$PeerAndProxy.close(PeerProxyMap.java:70)
	at org.apache.ratis.util.PeerProxyMap.resetProxy(PeerProxyMap.java:127)
	at org.apache.ratis.util.PeerProxyMap.handleException(PeerProxyMap.java:136)
	at org.apache.ratis.client.impl.RaftClientRpcWithProxy.handleException(RaftClientRpcWithProxy.java:47)
	at org.apache.ratis.client.impl.RaftClientImpl.handleIOException(RaftClientImpl.java:372)
	at org.apache.ratis.client.impl.OrderedAsync.lambda$sendRequest$10(OrderedAsync.java:236)
	at java.util.concurrent.CompletableFuture.uniExceptionally(CompletableFuture.java:870)
	at java.util.concurrent.CompletableFuture$UniExceptionally.tryFire(CompletableFuture.java:852)
	at java.util.concurrent.CompletableFuture.postComplete(CompletableFuture.java:474)
	at java.util.concurrent.CompletableFuture.completeExceptionally(CompletableFuture.java:1977)
	at org.apache.ratis.grpc.client.GrpcClientProtocolClient$AsyncStreamObservers.lambda$timeoutCheck$3(GrpcClientProtocolClient.java:324)
	at java.util.Optional.ifPresent(Optional.java:159)
	at org.apache.ratis.grpc.client.GrpcClientProtocolClient$AsyncStreamObservers.handleReplyFuture(GrpcClientProtocolClient.java:329)
	at org.apache.ratis.grpc.client.GrpcClientProtocolClient$AsyncStreamObservers.timeoutCheck(GrpcClientProtocolClient.java:324)
	at org.apache.ratis.grpc.client.GrpcClientProtocolClient$AsyncStreamObservers.lambda$onNext$1(GrpcClientProtocolClient.java:318)
	at org.apache.ratis.util.TimeoutScheduler.lambda$onTimeout$0(TimeoutScheduler.java:113)
	at org.apache.ratis.util.TimeoutScheduler.lambda$onTimeout$1(TimeoutScheduler.java:133)
	at org.apache.ratis.util.LogUtils.runAndLog(LogUtils.java:50)
	at org.apache.ratis.util.LogUtils$1.run(LogUtils.java:91)
	at java.util.concurrent.Executors$RunnableAdapter.call(Executors.java:511)
	at java.util.concurrent.FutureTask.run(FutureTask.java:266)
	at java.util.concurrent.ScheduledThreadPoolExecutor$ScheduledFutureTask.access$201(ScheduledThreadPoolExecutor.java:180)
	at java.util.concurrent.ScheduledThreadPoolExecutor$ScheduledFutureTask.run(ScheduledThreadPoolExecutor.java:293)
	at java.util.concurrent.ThreadPoolExecutor.runWorker(ThreadPoolExecutor.java:1149)
	at java.util.concurrent.ThreadPoolExecutor$Worker.run(ThreadPoolExecutor.java:624)
	at java.lang.Thread.run(Thread.java:748)
2019-10-02 10:07:25,093 [java.util.concurrent.ThreadPoolExecutor$Worker@7de12d12[State = -1, empty queue]] WARN  util.TimeoutScheduler (LogUtils.java:runAndLog(55)) - Failed to task #0: java.lang.NullPointerException
2019-10-02 10:07:29,121 [java.util.concurrent.ThreadPoolExecutor$Worker@3d13fa65[State = -1, empty queue]] ERROR client.GrpcClientProtocolClient (GrpcClientProtocolClient.java:close(148)) - Unexpected exception while waiting for channel termination
java.lang.InterruptedException
	at java.util.concurrent.locks.AbstractQueuedSynchronizer.tryAcquireSharedNanos(AbstractQueuedSynchronizer.java:1326)
	at java.util.concurrent.CountDownLatch.await(CountDownLatch.java:277)
	at org.apache.ratis.thirdparty.io.grpc.internal.ManagedChannelImpl.awaitTermination(ManagedChannelImpl.java:763)
	at org.apache.ratis.thirdparty.io.grpc.internal.ForwardingManagedChannel.awaitTermination(ForwardingManagedChannel.java:57)
	at org.apache.ratis.thirdparty.io.grpc.internal.ManagedChannelOrphanWrapper.awaitTermination(ManagedChannelOrphanWrapper.java:70)
	at org.apache.ratis.grpc.client.GrpcClientProtocolClient.close(GrpcClientProtocolClient.java:146)
	at org.apache.ratis.util.PeerProxyMap$PeerAndProxy.lambda$close$1(PeerProxyMap.java:74)
	at org.apache.ratis.util.LifeCycle.lambda$checkStateAndClose$2(LifeCycle.java:231)
	at org.apache.ratis.util.LifeCycle.checkStateAndClose(LifeCycle.java:251)
	at org.apache.ratis.util.LifeCycle.checkStateAndClose(LifeCycle.java:229)
	at org.apache.ratis.util.PeerProxyMap$PeerAndProxy.close(PeerProxyMap.java:70)
	at org.apache.ratis.util.PeerProxyMap.resetProxy(PeerProxyMap.java:127)
	at org.apache.ratis.util.PeerProxyMap.handleException(PeerProxyMap.java:136)
	at org.apache.ratis.client.impl.RaftClientRpcWithProxy.handleException(RaftClientRpcWithProxy.java:47)
	at org.apache.ratis.client.impl.RaftClientImpl.handleIOException(RaftClientImpl.java:372)
	at org.apache.ratis.client.impl.OrderedAsync.lambda$sendRequest$10(OrderedAsync.java:236)
	at java.util.concurrent.CompletableFuture.uniExceptionally(CompletableFuture.java:870)
	at java.util.concurrent.CompletableFuture$UniExceptionally.tryFire(CompletableFuture.java:852)
	at java.util.concurrent.CompletableFuture.postComplete(CompletableFuture.java:474)
	at java.util.concurrent.CompletableFuture.completeExceptionally(CompletableFuture.java:1977)
	at org.apache.ratis.grpc.client.GrpcClientProtocolClient$AsyncStreamObservers.lambda$timeoutCheck$3(GrpcClientProtocolClient.java:324)
	at java.util.Optional.ifPresent(Optional.java:159)
	at org.apache.ratis.grpc.client.GrpcClientProtocolClient$AsyncStreamObservers.handleReplyFuture(GrpcClientProtocolClient.java:329)
	at org.apache.ratis.grpc.client.GrpcClientProtocolClient$AsyncStreamObservers.timeoutCheck(GrpcClientProtocolClient.java:324)
	at org.apache.ratis.grpc.client.GrpcClientProtocolClient$AsyncStreamObservers.lambda$onNext$1(GrpcClientProtocolClient.java:318)
	at org.apache.ratis.util.TimeoutScheduler.lambda$onTimeout$0(TimeoutScheduler.java:113)
	at org.apache.ratis.util.TimeoutScheduler.lambda$onTimeout$1(TimeoutScheduler.java:133)
	at org.apache.ratis.util.LogUtils.runAndLog(LogUtils.java:50)
	at org.apache.ratis.util.LogUtils$1.run(LogUtils.java:91)
	at java.util.concurrent.Executors$RunnableAdapter.call(Executors.java:511)
	at java.util.concurrent.FutureTask.run(FutureTask.java:266)
	at java.util.concurrent.ScheduledThreadPoolExecutor$ScheduledFutureTask.access$201(ScheduledThreadPoolExecutor.java:180)
	at java.util.concurrent.ScheduledThreadPoolExecutor$ScheduledFutureTask.run(ScheduledThreadPoolExecutor.java:293)
	at java.util.concurrent.ThreadPoolExecutor.runWorker(ThreadPoolExecutor.java:1149)
	at java.util.concurrent.ThreadPoolExecutor$Worker.run(ThreadPoolExecutor.java:624)
	at java.lang.Thread.run(Thread.java:748)
2019-10-02 10:07:29,126 [java.util.concurrent.ThreadPoolExecutor$Worker@3d13fa65[State = -1, empty queue]] WARN  util.TimeoutScheduler (LogUtils.java:runAndLog(55)) - Failed to task #0: java.lang.NullPointerException
2019-10-02 10:07:33,162 [java.util.concurrent.ThreadPoolExecutor$Worker@3b4bb6e5[State = -1, empty queue]] ERROR client.GrpcClientProtocolClient (GrpcClientProtocolClient.java:close(148)) - Unexpected exception while waiting for channel termination
java.lang.InterruptedException
	at java.util.concurrent.locks.AbstractQueuedSynchronizer.tryAcquireSharedNanos(AbstractQueuedSynchronizer.java:1326)
	at java.util.concurrent.CountDownLatch.await(CountDownLatch.java:277)
	at org.apache.ratis.thirdparty.io.grpc.internal.ManagedChannelImpl.awaitTermination(ManagedChannelImpl.java:763)
	at org.apache.ratis.thirdparty.io.grpc.internal.ForwardingManagedChannel.awaitTermination(ForwardingManagedChannel.java:57)
	at org.apache.ratis.thirdparty.io.grpc.internal.ManagedChannelOrphanWrapper.awaitTermination(ManagedChannelOrphanWrapper.java:70)
	at org.apache.ratis.grpc.client.GrpcClientProtocolClient.close(GrpcClientProtocolClient.java:146)
	at org.apache.ratis.util.PeerProxyMap$PeerAndProxy.lambda$close$1(PeerProxyMap.java:74)
	at org.apache.ratis.util.LifeCycle.lambda$checkStateAndClose$2(LifeCycle.java:231)
	at org.apache.ratis.util.LifeCycle.checkStateAndClose(LifeCycle.java:251)
	at org.apache.ratis.util.LifeCycle.checkStateAndClose(LifeCycle.java:229)
	at org.apache.ratis.util.PeerProxyMap$PeerAndProxy.close(PeerProxyMap.java:70)
	at org.apache.ratis.util.PeerProxyMap.resetProxy(PeerProxyMap.java:127)
	at org.apache.ratis.util.PeerProxyMap.handleException(PeerProxyMap.java:136)
	at org.apache.ratis.client.impl.RaftClientRpcWithProxy.handleException(RaftClientRpcWithProxy.java:47)
	at org.apache.ratis.client.impl.RaftClientImpl.handleIOException(RaftClientImpl.java:372)
	at org.apache.ratis.client.impl.OrderedAsync.lambda$sendRequest$10(OrderedAsync.java:236)
	at java.util.concurrent.CompletableFuture.uniExceptionally(CompletableFuture.java:870)
	at java.util.concurrent.CompletableFuture$UniExceptionally.tryFire(CompletableFuture.java:852)
	at java.util.concurrent.CompletableFuture.postComplete(CompletableFuture.java:474)
	at java.util.concurrent.CompletableFuture.completeExceptionally(CompletableFuture.java:1977)
	at org.apache.ratis.grpc.client.GrpcClientProtocolClient$AsyncStreamObservers.lambda$timeoutCheck$3(GrpcClientProtocolClient.java:324)
	at java.util.Optional.ifPresent(Optional.java:159)
	at org.apache.ratis.grpc.client.GrpcClientProtocolClient$AsyncStreamObservers.handleReplyFuture(GrpcClientProtocolClient.java:329)
	at org.apache.ratis.grpc.client.GrpcClientProtocolClient$AsyncStreamObservers.timeoutCheck(GrpcClientProtocolClient.java:324)
	at org.apache.ratis.grpc.client.GrpcClientProtocolClient$AsyncStreamObservers.lambda$onNext$1(GrpcClientProtocolClient.java:318)
	at org.apache.ratis.util.TimeoutScheduler.lambda$onTimeout$0(TimeoutScheduler.java:113)
	at org.apache.ratis.util.TimeoutScheduler.lambda$onTimeout$1(TimeoutScheduler.java:133)
	at org.apache.ratis.util.LogUtils.runAndLog(LogUtils.java:50)
	at org.apache.ratis.util.LogUtils$1.run(LogUtils.java:91)
	at java.util.concurrent.Executors$RunnableAdapter.call(Executors.java:511)
	at java.util.concurrent.FutureTask.run(FutureTask.java:266)
	at java.util.concurrent.ScheduledThreadPoolExecutor$ScheduledFutureTask.access$201(ScheduledThreadPoolExecutor.java:180)
	at java.util.concurrent.ScheduledThreadPoolExecutor$ScheduledFutureTask.run(ScheduledThreadPoolExecutor.java:293)
	at java.util.concurrent.ThreadPoolExecutor.runWorker(ThreadPoolExecutor.java:1149)
	at java.util.concurrent.ThreadPoolExecutor$Worker.run(ThreadPoolExecutor.java:624)
	at java.lang.Thread.run(Thread.java:748)
2019-10-02 10:07:33,169 [java.util.concurrent.ThreadPoolExecutor$Worker@3b4bb6e5[State = -1, empty queue]] WARN  util.TimeoutScheduler (LogUtils.java:runAndLog(55)) - Failed to task #0: java.lang.NullPointerException
2019-10-02 10:07:37,192 [java.util.concurrent.ThreadPoolExecutor$Worker@52435a21[State = -1, empty queue]] ERROR client.GrpcClientProtocolClient (GrpcClientProtocolClient.java:close(148)) - Unexpected exception while waiting for channel termination
java.lang.InterruptedException
	at java.util.concurrent.locks.AbstractQueuedSynchronizer.tryAcquireSharedNanos(AbstractQueuedSynchronizer.java:1326)
	at java.util.concurrent.CountDownLatch.await(CountDownLatch.java:277)
	at org.apache.ratis.thirdparty.io.grpc.internal.ManagedChannelImpl.awaitTermination(ManagedChannelImpl.java:763)
	at org.apache.ratis.thirdparty.io.grpc.internal.ForwardingManagedChannel.awaitTermination(ForwardingManagedChannel.java:57)
	at org.apache.ratis.thirdparty.io.grpc.internal.ManagedChannelOrphanWrapper.awaitTermination(ManagedChannelOrphanWrapper.java:70)
	at org.apache.ratis.grpc.client.GrpcClientProtocolClient.close(GrpcClientProtocolClient.java:146)
	at org.apache.ratis.util.PeerProxyMap$PeerAndProxy.lambda$close$1(PeerProxyMap.java:74)
	at org.apache.ratis.util.LifeCycle.lambda$checkStateAndClose$2(LifeCycle.java:231)
	at org.apache.ratis.util.LifeCycle.checkStateAndClose(LifeCycle.java:251)
	at org.apache.ratis.util.LifeCycle.checkStateAndClose(LifeCycle.java:229)
	at org.apache.ratis.util.PeerProxyMap$PeerAndProxy.close(PeerProxyMap.java:70)
	at org.apache.ratis.util.PeerProxyMap.resetProxy(PeerProxyMap.java:127)
	at org.apache.ratis.util.PeerProxyMap.handleException(PeerProxyMap.java:136)
	at org.apache.ratis.client.impl.RaftClientRpcWithProxy.handleException(RaftClientRpcWithProxy.java:47)
	at org.apache.ratis.client.impl.RaftClientImpl.handleIOException(RaftClientImpl.java:372)
	at org.apache.ratis.client.impl.OrderedAsync.lambda$sendRequest$10(OrderedAsync.java:236)
	at java.util.concurrent.CompletableFuture.uniExceptionally(CompletableFuture.java:870)
	at java.util.concurrent.CompletableFuture$UniExceptionally.tryFire(CompletableFuture.java:852)
	at java.util.concurrent.CompletableFuture.postComplete(CompletableFuture.java:474)
	at java.util.concurrent.CompletableFuture.completeExceptionally(CompletableFuture.java:1977)
	at org.apache.ratis.grpc.client.GrpcClientProtocolClient$AsyncStreamObservers.lambda$timeoutCheck$3(GrpcClientProtocolClient.java:324)
	at java.util.Optional.ifPresent(Optional.java:159)
	at org.apache.ratis.grpc.client.GrpcClientProtocolClient$AsyncStreamObservers.handleReplyFuture(GrpcClientProtocolClient.java:329)
	at org.apache.ratis.grpc.client.GrpcClientProtocolClient$AsyncStreamObservers.timeoutCheck(GrpcClientProtocolClient.java:324)
	at org.apache.ratis.grpc.client.GrpcClientProtocolClient$AsyncStreamObservers.lambda$onNext$1(GrpcClientProtocolClient.java:318)
	at org.apache.ratis.util.TimeoutScheduler.lambda$onTimeout$0(TimeoutScheduler.java:113)
	at org.apache.ratis.util.TimeoutScheduler.lambda$onTimeout$1(TimeoutScheduler.java:133)
	at org.apache.ratis.util.LogUtils.runAndLog(LogUtils.java:50)
	at org.apache.ratis.util.LogUtils$1.run(LogUtils.java:91)
	at java.util.concurrent.Executors$RunnableAdapter.call(Executors.java:511)
	at java.util.concurrent.FutureTask.run(FutureTask.java:266)
	at java.util.concurrent.ScheduledThreadPoolExecutor$ScheduledFutureTask.access$201(ScheduledThreadPoolExecutor.java:180)
	at java.util.concurrent.ScheduledThreadPoolExecutor$ScheduledFutureTask.run(ScheduledThreadPoolExecutor.java:293)
	at java.util.concurrent.ThreadPoolExecutor.runWorker(ThreadPoolExecutor.java:1149)
	at java.util.concurrent.ThreadPoolExecutor$Worker.run(ThreadPoolExecutor.java:624)
	at java.lang.Thread.run(Thread.java:748)
2019-10-02 10:07:37,194 [java.util.concurrent.ThreadPoolExecutor$Worker@52435a21[State = -1, empty queue]] WARN  util.TimeoutScheduler (LogUtils.java:runAndLog(55)) - Failed to task #0: java.lang.NullPointerException
2019-10-02 10:07:41,236 [java.util.concurrent.ThreadPoolExecutor$Worker@29a21ba8[State = -1, empty queue]] ERROR client.GrpcClientProtocolClient (GrpcClientProtocolClient.java:close(148)) - Unexpected exception while waiting for channel termination
java.lang.InterruptedException
	at java.util.concurrent.locks.AbstractQueuedSynchronizer.tryAcquireSharedNanos(AbstractQueuedSynchronizer.java:1326)
	at java.util.concurrent.CountDownLatch.await(CountDownLatch.java:277)
	at org.apache.ratis.thirdparty.io.grpc.internal.ManagedChannelImpl.awaitTermination(ManagedChannelImpl.java:763)
	at org.apache.ratis.thirdparty.io.grpc.internal.ForwardingManagedChannel.awaitTermination(ForwardingManagedChannel.java:57)
	at org.apache.ratis.thirdparty.io.grpc.internal.ManagedChannelOrphanWrapper.awaitTermination(ManagedChannelOrphanWrapper.java:70)
	at org.apache.ratis.grpc.client.GrpcClientProtocolClient.close(GrpcClientProtocolClient.java:146)
	at org.apache.ratis.util.PeerProxyMap$PeerAndProxy.lambda$close$1(PeerProxyMap.java:74)
	at org.apache.ratis.util.LifeCycle.lambda$checkStateAndClose$2(LifeCycle.java:231)
	at org.apache.ratis.util.LifeCycle.checkStateAndClose(LifeCycle.java:251)
	at org.apache.ratis.util.LifeCycle.checkStateAndClose(LifeCycle.java:229)
	at org.apache.ratis.util.PeerProxyMap$PeerAndProxy.close(PeerProxyMap.java:70)
	at org.apache.ratis.util.PeerProxyMap.resetProxy(PeerProxyMap.java:127)
	at org.apache.ratis.util.PeerProxyMap.handleException(PeerProxyMap.java:136)
	at org.apache.ratis.client.impl.RaftClientRpcWithProxy.handleException(RaftClientRpcWithProxy.java:47)
	at org.apache.ratis.client.impl.RaftClientImpl.handleIOException(RaftClientImpl.java:372)
	at org.apache.ratis.client.impl.OrderedAsync.lambda$sendRequest$10(OrderedAsync.java:236)
	at java.util.concurrent.CompletableFuture.uniExceptionally(CompletableFuture.java:870)
	at java.util.concurrent.CompletableFuture$UniExceptionally.tryFire(CompletableFuture.java:852)
	at java.util.concurrent.CompletableFuture.postComplete(CompletableFuture.java:474)
	at java.util.concurrent.CompletableFuture.completeExceptionally(CompletableFuture.java:1977)
	at org.apache.ratis.grpc.client.GrpcClientProtocolClient$AsyncStreamObservers.lambda$timeoutCheck$3(GrpcClientProtocolClient.java:324)
	at java.util.Optional.ifPresent(Optional.java:159)
	at org.apache.ratis.grpc.client.GrpcClientProtocolClient$AsyncStreamObservers.handleReplyFuture(GrpcClientProtocolClient.java:329)
	at org.apache.ratis.grpc.client.GrpcClientProtocolClient$AsyncStreamObservers.timeoutCheck(GrpcClientProtocolClient.java:324)
	at org.apache.ratis.grpc.client.GrpcClientProtocolClient$AsyncStreamObservers.lambda$onNext$1(GrpcClientProtocolClient.java:318)
	at org.apache.ratis.util.TimeoutScheduler.lambda$onTimeout$0(TimeoutScheduler.java:113)
	at org.apache.ratis.util.TimeoutScheduler.lambda$onTimeout$1(TimeoutScheduler.java:133)
	at org.apache.ratis.util.LogUtils.runAndLog(LogUtils.java:50)
	at org.apache.ratis.util.LogUtils$1.run(LogUtils.java:91)
	at java.util.concurrent.Executors$RunnableAdapter.call(Executors.java:511)
	at java.util.concurrent.FutureTask.run(FutureTask.java:266)
	at java.util.concurrent.ScheduledThreadPoolExecutor$ScheduledFutureTask.access$201(ScheduledThreadPoolExecutor.java:180)
	at java.util.concurrent.ScheduledThreadPoolExecutor$ScheduledFutureTask.run(ScheduledThreadPoolExecutor.java:293)
	at java.util.concurrent.ThreadPoolExecutor.runWorker(ThreadPoolExecutor.java:1149)
	at java.util.concurrent.ThreadPoolExecutor$Worker.run(ThreadPoolExecutor.java:624)
	at java.lang.Thread.run(Thread.java:748)
2019-10-02 10:07:41,241 [java.util.concurrent.ThreadPoolExecutor$Worker@29a21ba8[State = -1, empty queue]] WARN  util.TimeoutScheduler (LogUtils.java:runAndLog(55)) - Failed to task #0: java.lang.NullPointerException
2019-10-02 10:07:45,273 [java.util.concurrent.ThreadPoolExecutor$Worker@38f08b7a[State = -1, empty queue]] ERROR client.GrpcClientProtocolClient (GrpcClientProtocolClient.java:close(148)) - Unexpected exception while waiting for channel termination
java.lang.InterruptedException
	at java.util.concurrent.locks.AbstractQueuedSynchronizer.tryAcquireSharedNanos(AbstractQueuedSynchronizer.java:1326)
	at java.util.concurrent.CountDownLatch.await(CountDownLatch.java:277)
	at org.apache.ratis.thirdparty.io.grpc.internal.ManagedChannelImpl.awaitTermination(ManagedChannelImpl.java:763)
	at org.apache.ratis.thirdparty.io.grpc.internal.ForwardingManagedChannel.awaitTermination(ForwardingManagedChannel.java:57)
	at org.apache.ratis.thirdparty.io.grpc.internal.ManagedChannelOrphanWrapper.awaitTermination(ManagedChannelOrphanWrapper.java:70)
	at org.apache.ratis.grpc.client.GrpcClientProtocolClient.close(GrpcClientProtocolClient.java:146)
	at org.apache.ratis.util.PeerProxyMap$PeerAndProxy.lambda$close$1(PeerProxyMap.java:74)
	at org.apache.ratis.util.LifeCycle.lambda$checkStateAndClose$2(LifeCycle.java:231)
	at org.apache.ratis.util.LifeCycle.checkStateAndClose(LifeCycle.java:251)
	at org.apache.ratis.util.LifeCycle.checkStateAndClose(LifeCycle.java:229)
	at org.apache.ratis.util.PeerProxyMap$PeerAndProxy.close(PeerProxyMap.java:70)
	at org.apache.ratis.util.PeerProxyMap.resetProxy(PeerProxyMap.java:127)
	at org.apache.ratis.util.PeerProxyMap.handleException(PeerProxyMap.java:136)
	at org.apache.ratis.client.impl.RaftClientRpcWithProxy.handleException(RaftClientRpcWithProxy.java:47)
	at org.apache.ratis.client.impl.RaftClientImpl.handleIOException(RaftClientImpl.java:372)
	at org.apache.ratis.client.impl.OrderedAsync.lambda$sendRequest$10(OrderedAsync.java:236)
	at java.util.concurrent.CompletableFuture.uniExceptionally(CompletableFuture.java:870)
	at java.util.concurrent.CompletableFuture$UniExceptionally.tryFire(CompletableFuture.java:852)
	at java.util.concurrent.CompletableFuture.postComplete(CompletableFuture.java:474)
	at java.util.concurrent.CompletableFuture.completeExceptionally(CompletableFuture.java:1977)
	at org.apache.ratis.grpc.client.GrpcClientProtocolClient$AsyncStreamObservers.lambda$timeoutCheck$3(GrpcClientProtocolClient.java:324)
	at java.util.Optional.ifPresent(Optional.java:159)
	at org.apache.ratis.grpc.client.GrpcClientProtocolClient$AsyncStreamObservers.handleReplyFuture(GrpcClientProtocolClient.java:329)
	at org.apache.ratis.grpc.client.GrpcClientProtocolClient$AsyncStreamObservers.timeoutCheck(GrpcClientProtocolClient.java:324)
	at org.apache.ratis.grpc.client.GrpcClientProtocolClient$AsyncStreamObservers.lambda$onNext$1(GrpcClientProtocolClient.java:318)
	at org.apache.ratis.util.TimeoutScheduler.lambda$onTimeout$0(TimeoutScheduler.java:113)
	at org.apache.ratis.util.TimeoutScheduler.lambda$onTimeout$1(TimeoutScheduler.java:133)
	at org.apache.ratis.util.LogUtils.runAndLog(LogUtils.java:50)
	at org.apache.ratis.util.LogUtils$1.run(LogUtils.java:91)
	at java.util.concurrent.Executors$RunnableAdapter.call(Executors.java:511)
	at java.util.concurrent.FutureTask.run(FutureTask.java:266)
	at java.util.concurrent.ScheduledThreadPoolExecutor$ScheduledFutureTask.access$201(ScheduledThreadPoolExecutor.java:180)
	at java.util.concurrent.ScheduledThreadPoolExecutor$ScheduledFutureTask.run(ScheduledThreadPoolExecutor.java:293)
	at java.util.concurrent.ThreadPoolExecutor.runWorker(ThreadPoolExecutor.java:1149)
	at java.util.concurrent.ThreadPoolExecutor$Worker.run(ThreadPoolExecutor.java:624)
	at java.lang.Thread.run(Thread.java:748)
2019-10-02 10:07:45,276 [java.util.concurrent.ThreadPoolExecutor$Worker@38f08b7a[State = -1, empty queue]] WARN  util.TimeoutScheduler (LogUtils.java:runAndLog(55)) - Failed to task #0: java.lang.NullPointerException
2019-10-02 10:07:49,308 [java.util.concurrent.ThreadPoolExecutor$Worker@14003c82[State = -1, empty queue]] ERROR client.GrpcClientProtocolClient (GrpcClientProtocolClient.java:close(148)) - Unexpected exception while waiting for channel termination
java.lang.InterruptedException
	at java.util.concurrent.locks.AbstractQueuedSynchronizer.tryAcquireSharedNanos(AbstractQueuedSynchronizer.java:1326)
	at java.util.concurrent.CountDownLatch.await(CountDownLatch.java:277)
	at org.apache.ratis.thirdparty.io.grpc.internal.ManagedChannelImpl.awaitTermination(ManagedChannelImpl.java:763)
	at org.apache.ratis.thirdparty.io.grpc.internal.ForwardingManagedChannel.awaitTermination(ForwardingManagedChannel.java:57)
	at org.apache.ratis.thirdparty.io.grpc.internal.ManagedChannelOrphanWrapper.awaitTermination(ManagedChannelOrphanWrapper.java:70)
	at org.apache.ratis.grpc.client.GrpcClientProtocolClient.close(GrpcClientProtocolClient.java:146)
	at org.apache.ratis.util.PeerProxyMap$PeerAndProxy.lambda$close$1(PeerProxyMap.java:74)
	at org.apache.ratis.util.LifeCycle.lambda$checkStateAndClose$2(LifeCycle.java:231)
	at org.apache.ratis.util.LifeCycle.checkStateAndClose(LifeCycle.java:251)
	at org.apache.ratis.util.LifeCycle.checkStateAndClose(LifeCycle.java:229)
	at org.apache.ratis.util.PeerProxyMap$PeerAndProxy.close(PeerProxyMap.java:70)
	at org.apache.ratis.util.PeerProxyMap.resetProxy(PeerProxyMap.java:127)
	at org.apache.ratis.util.PeerProxyMap.handleException(PeerProxyMap.java:136)
	at org.apache.ratis.client.impl.RaftClientRpcWithProxy.handleException(RaftClientRpcWithProxy.java:47)
	at org.apache.ratis.client.impl.RaftClientImpl.handleIOException(RaftClientImpl.java:372)
	at org.apache.ratis.client.impl.OrderedAsync.lambda$sendRequest$10(OrderedAsync.java:236)
	at java.util.concurrent.CompletableFuture.uniExceptionally(CompletableFuture.java:870)
	at java.util.concurrent.CompletableFuture$UniExceptionally.tryFire(CompletableFuture.java:852)
	at java.util.concurrent.CompletableFuture.postComplete(CompletableFuture.java:474)
	at java.util.concurrent.CompletableFuture.completeExceptionally(CompletableFuture.java:1977)
	at org.apache.ratis.grpc.client.GrpcClientProtocolClient$AsyncStreamObservers.lambda$timeoutCheck$3(GrpcClientProtocolClient.java:324)
	at java.util.Optional.ifPresent(Optional.java:159)
	at org.apache.ratis.grpc.client.GrpcClientProtocolClient$AsyncStreamObservers.handleReplyFuture(GrpcClientProtocolClient.java:329)
	at org.apache.ratis.grpc.client.GrpcClientProtocolClient$AsyncStreamObservers.timeoutCheck(GrpcClientProtocolClient.java:324)
	at org.apache.ratis.grpc.client.GrpcClientProtocolClient$AsyncStreamObservers.lambda$onNext$1(GrpcClientProtocolClient.java:318)
	at org.apache.ratis.util.TimeoutScheduler.lambda$onTimeout$0(TimeoutScheduler.java:113)
	at org.apache.ratis.util.TimeoutScheduler.lambda$onTimeout$1(TimeoutScheduler.java:133)
	at org.apache.ratis.util.LogUtils.runAndLog(LogUtils.java:50)
	at org.apache.ratis.util.LogUtils$1.run(LogUtils.java:91)
	at java.util.concurrent.Executors$RunnableAdapter.call(Executors.java:511)
	at java.util.concurrent.FutureTask.run(FutureTask.java:266)
	at java.util.concurrent.ScheduledThreadPoolExecutor$ScheduledFutureTask.access$201(ScheduledThreadPoolExecutor.java:180)
	at java.util.concurrent.ScheduledThreadPoolExecutor$ScheduledFutureTask.run(ScheduledThreadPoolExecutor.java:293)
	at java.util.concurrent.ThreadPoolExecutor.runWorker(ThreadPoolExecutor.java:1149)
	at java.util.concurrent.ThreadPoolExecutor$Worker.run(ThreadPoolExecutor.java:624)
	at java.lang.Thread.run(Thread.java:748)
2019-10-02 10:07:49,309 [java.util.concurrent.ThreadPoolExecutor$Worker@14003c82[State = -1, empty queue]] WARN  util.TimeoutScheduler (LogUtils.java:runAndLog(55)) - Failed to task #0: java.lang.NullPointerException
2019-10-02 10:07:53,339 [java.util.concurrent.ThreadPoolExecutor$Worker@540a93ed[State = -1, empty queue]] ERROR client.GrpcClientProtocolClient (GrpcClientProtocolClient.java:close(148)) - Unexpected exception while waiting for channel termination
java.lang.InterruptedException
	at java.util.concurrent.locks.AbstractQueuedSynchronizer.tryAcquireSharedNanos(AbstractQueuedSynchronizer.java:1326)
	at java.util.concurrent.CountDownLatch.await(CountDownLatch.java:277)
	at org.apache.ratis.thirdparty.io.grpc.internal.ManagedChannelImpl.awaitTermination(ManagedChannelImpl.java:763)
	at org.apache.ratis.thirdparty.io.grpc.internal.ForwardingManagedChannel.awaitTermination(ForwardingManagedChannel.java:57)
	at org.apache.ratis.thirdparty.io.grpc.internal.ManagedChannelOrphanWrapper.awaitTermination(ManagedChannelOrphanWrapper.java:70)
	at org.apache.ratis.grpc.client.GrpcClientProtocolClient.close(GrpcClientProtocolClient.java:146)
	at org.apache.ratis.util.PeerProxyMap$PeerAndProxy.lambda$close$1(PeerProxyMap.java:74)
	at org.apache.ratis.util.LifeCycle.lambda$checkStateAndClose$2(LifeCycle.java:231)
	at org.apache.ratis.util.LifeCycle.checkStateAndClose(LifeCycle.java:251)
	at org.apache.ratis.util.LifeCycle.checkStateAndClose(LifeCycle.java:229)
	at org.apache.ratis.util.PeerProxyMap$PeerAndProxy.close(PeerProxyMap.java:70)
	at org.apache.ratis.util.PeerProxyMap.resetProxy(PeerProxyMap.java:127)
	at org.apache.ratis.util.PeerProxyMap.handleException(PeerProxyMap.java:136)
	at org.apache.ratis.client.impl.RaftClientRpcWithProxy.handleException(RaftClientRpcWithProxy.java:47)
	at org.apache.ratis.client.impl.RaftClientImpl.handleIOException(RaftClientImpl.java:372)
	at org.apache.ratis.client.impl.OrderedAsync.lambda$sendRequest$10(OrderedAsync.java:236)
	at java.util.concurrent.CompletableFuture.uniExceptionally(CompletableFuture.java:870)
	at java.util.concurrent.CompletableFuture$UniExceptionally.tryFire(CompletableFuture.java:852)
	at java.util.concurrent.CompletableFuture.postComplete(CompletableFuture.java:474)
	at java.util.concurrent.CompletableFuture.completeExceptionally(CompletableFuture.java:1977)
	at org.apache.ratis.grpc.client.GrpcClientProtocolClient$AsyncStreamObservers.lambda$timeoutCheck$3(GrpcClientProtocolClient.java:324)
	at java.util.Optional.ifPresent(Optional.java:159)
	at org.apache.ratis.grpc.client.GrpcClientProtocolClient$AsyncStreamObservers.handleReplyFuture(GrpcClientProtocolClient.java:329)
	at org.apache.ratis.grpc.client.GrpcClientProtocolClient$AsyncStreamObservers.timeoutCheck(GrpcClientProtocolClient.java:324)
	at org.apache.ratis.grpc.client.GrpcClientProtocolClient$AsyncStreamObservers.lambda$onNext$1(GrpcClientProtocolClient.java:318)
	at org.apache.ratis.util.TimeoutScheduler.lambda$onTimeout$0(TimeoutScheduler.java:113)
	at org.apache.ratis.util.TimeoutScheduler.lambda$onTimeout$1(TimeoutScheduler.java:133)
	at org.apache.ratis.util.LogUtils.runAndLog(LogUtils.java:50)
	at org.apache.ratis.util.LogUtils$1.run(LogUtils.java:91)
	at java.util.concurrent.Executors$RunnableAdapter.call(Executors.java:511)
	at java.util.concurrent.FutureTask.run(FutureTask.java:266)
	at java.util.concurrent.ScheduledThreadPoolExecutor$ScheduledFutureTask.access$201(ScheduledThreadPoolExecutor.java:180)
	at java.util.concurrent.ScheduledThreadPoolExecutor$ScheduledFutureTask.run(ScheduledThreadPoolExecutor.java:293)
	at java.util.concurrent.ThreadPoolExecutor.runWorker(ThreadPoolExecutor.java:1149)
	at java.util.concurrent.ThreadPoolExecutor$Worker.run(ThreadPoolExecutor.java:624)
	at java.lang.Thread.run(Thread.java:748)
2019-10-02 10:07:53,342 [java.util.concurrent.ThreadPoolExecutor$Worker@540a93ed[State = -1, empty queue]] WARN  util.TimeoutScheduler (LogUtils.java:runAndLog(55)) - Failed to task #0: java.lang.NullPointerException
2019-10-02 10:07:57,365 [java.util.concurrent.ThreadPoolExecutor$Worker@3c94a32e[State = -1, empty queue]] ERROR client.GrpcClientProtocolClient (GrpcClientProtocolClient.java:close(148)) - Unexpected exception while waiting for channel termination
java.lang.InterruptedException
	at java.util.concurrent.locks.AbstractQueuedSynchronizer.tryAcquireSharedNanos(AbstractQueuedSynchronizer.java:1326)
	at java.util.concurrent.CountDownLatch.await(CountDownLatch.java:277)
	at org.apache.ratis.thirdparty.io.grpc.internal.ManagedChannelImpl.awaitTermination(ManagedChannelImpl.java:763)
	at org.apache.ratis.thirdparty.io.grpc.internal.ForwardingManagedChannel.awaitTermination(ForwardingManagedChannel.java:57)
	at org.apache.ratis.thirdparty.io.grpc.internal.ManagedChannelOrphanWrapper.awaitTermination(ManagedChannelOrphanWrapper.java:70)
	at org.apache.ratis.grpc.client.GrpcClientProtocolClient.close(GrpcClientProtocolClient.java:146)
	at org.apache.ratis.util.PeerProxyMap$PeerAndProxy.lambda$close$1(PeerProxyMap.java:74)
	at org.apache.ratis.util.LifeCycle.lambda$checkStateAndClose$2(LifeCycle.java:231)
	at org.apache.ratis.util.LifeCycle.checkStateAndClose(LifeCycle.java:251)
	at org.apache.ratis.util.LifeCycle.checkStateAndClose(LifeCycle.java:229)
	at org.apache.ratis.util.PeerProxyMap$PeerAndProxy.close(PeerProxyMap.java:70)
	at org.apache.ratis.util.PeerProxyMap.resetProxy(PeerProxyMap.java:127)
	at org.apache.ratis.util.PeerProxyMap.handleException(PeerProxyMap.java:136)
	at org.apache.ratis.client.impl.RaftClientRpcWithProxy.handleException(RaftClientRpcWithProxy.java:47)
	at org.apache.ratis.client.impl.RaftClientImpl.handleIOException(RaftClientImpl.java:372)
	at org.apache.ratis.client.impl.OrderedAsync.lambda$sendRequest$10(OrderedAsync.java:236)
	at java.util.concurrent.CompletableFuture.uniExceptionally(CompletableFuture.java:870)
	at java.util.concurrent.CompletableFuture$UniExceptionally.tryFire(CompletableFuture.java:852)
	at java.util.concurrent.CompletableFuture.postComplete(CompletableFuture.java:474)
	at java.util.concurrent.CompletableFuture.completeExceptionally(CompletableFuture.java:1977)
	at org.apache.ratis.grpc.client.GrpcClientProtocolClient$AsyncStreamObservers.lambda$timeoutCheck$3(GrpcClientProtocolClient.java:324)
	at java.util.Optional.ifPresent(Optional.java:159)
	at org.apache.ratis.grpc.client.GrpcClientProtocolClient$AsyncStreamObservers.handleReplyFuture(GrpcClientProtocolClient.java:329)
	at org.apache.ratis.grpc.client.GrpcClientProtocolClient$AsyncStreamObservers.timeoutCheck(GrpcClientProtocolClient.java:324)
	at org.apache.ratis.grpc.client.GrpcClientProtocolClient$AsyncStreamObservers.lambda$onNext$1(GrpcClientProtocolClient.java:318)
	at org.apache.ratis.util.TimeoutScheduler.lambda$onTimeout$0(TimeoutScheduler.java:113)
	at org.apache.ratis.util.TimeoutScheduler.lambda$onTimeout$1(TimeoutScheduler.java:133)
	at org.apache.ratis.util.LogUtils.runAndLog(LogUtils.java:50)
	at org.apache.ratis.util.LogUtils$1.run(LogUtils.java:91)
	at java.util.concurrent.Executors$RunnableAdapter.call(Executors.java:511)
	at java.util.concurrent.FutureTask.run(FutureTask.java:266)
	at java.util.concurrent.ScheduledThreadPoolExecutor$ScheduledFutureTask.access$201(ScheduledThreadPoolExecutor.java:180)
	at java.util.concurrent.ScheduledThreadPoolExecutor$ScheduledFutureTask.run(ScheduledThreadPoolExecutor.java:293)
	at java.util.concurrent.ThreadPoolExecutor.runWorker(ThreadPoolExecutor.java:1149)
	at java.util.concurrent.ThreadPoolExecutor$Worker.run(ThreadPoolExecutor.java:624)
	at java.lang.Thread.run(Thread.java:748)
2019-10-02 10:07:57,368 [java.util.concurrent.ThreadPoolExecutor$Worker@3c94a32e[State = -1, empty queue]] WARN  util.TimeoutScheduler (LogUtils.java:runAndLog(55)) - Failed to task #0: java.lang.NullPointerException
2019-10-02 10:08:01,389 [java.util.concurrent.ThreadPoolExecutor$Worker@4505d77e[State = -1, empty queue]] ERROR client.GrpcClientProtocolClient (GrpcClientProtocolClient.java:close(148)) - Unexpected exception while waiting for channel termination
java.lang.InterruptedException
	at java.util.concurrent.locks.AbstractQueuedSynchronizer.tryAcquireSharedNanos(AbstractQueuedSynchronizer.java:1326)
	at java.util.concurrent.CountDownLatch.await(CountDownLatch.java:277)
	at org.apache.ratis.thirdparty.io.grpc.internal.ManagedChannelImpl.awaitTermination(ManagedChannelImpl.java:763)
	at org.apache.ratis.thirdparty.io.grpc.internal.ForwardingManagedChannel.awaitTermination(ForwardingManagedChannel.java:57)
	at org.apache.ratis.thirdparty.io.grpc.internal.ManagedChannelOrphanWrapper.awaitTermination(ManagedChannelOrphanWrapper.java:70)
	at org.apache.ratis.grpc.client.GrpcClientProtocolClient.close(GrpcClientProtocolClient.java:146)
	at org.apache.ratis.util.PeerProxyMap$PeerAndProxy.lambda$close$1(PeerProxyMap.java:74)
	at org.apache.ratis.util.LifeCycle.lambda$checkStateAndClose$2(LifeCycle.java:231)
	at org.apache.ratis.util.LifeCycle.checkStateAndClose(LifeCycle.java:251)
	at org.apache.ratis.util.LifeCycle.checkStateAndClose(LifeCycle.java:229)
	at org.apache.ratis.util.PeerProxyMap$PeerAndProxy.close(PeerProxyMap.java:70)
	at org.apache.ratis.util.PeerProxyMap.resetProxy(PeerProxyMap.java:127)
	at org.apache.ratis.util.PeerProxyMap.handleException(PeerProxyMap.java:136)
	at org.apache.ratis.client.impl.RaftClientRpcWithProxy.handleException(RaftClientRpcWithProxy.java:47)
	at org.apache.ratis.client.impl.RaftClientImpl.handleIOException(RaftClientImpl.java:372)
	at org.apache.ratis.client.impl.OrderedAsync.lambda$sendRequest$10(OrderedAsync.java:236)
	at java.util.concurrent.CompletableFuture.uniExceptionally(CompletableFuture.java:870)
	at java.util.concurrent.CompletableFuture$UniExceptionally.tryFire(CompletableFuture.java:852)
	at java.util.concurrent.CompletableFuture.postComplete(CompletableFuture.java:474)
	at java.util.concurrent.CompletableFuture.completeExceptionally(CompletableFuture.java:1977)
	at org.apache.ratis.grpc.client.GrpcClientProtocolClient$AsyncStreamObservers.lambda$timeoutCheck$3(GrpcClientProtocolClient.java:324)
	at java.util.Optional.ifPresent(Optional.java:159)
	at org.apache.ratis.grpc.client.GrpcClientProtocolClient$AsyncStreamObservers.handleReplyFuture(GrpcClientProtocolClient.java:329)
	at org.apache.ratis.grpc.client.GrpcClientProtocolClient$AsyncStreamObservers.timeoutCheck(GrpcClientProtocolClient.java:324)
	at org.apache.ratis.grpc.client.GrpcClientProtocolClient$AsyncStreamObservers.lambda$onNext$1(GrpcClientProtocolClient.java:318)
	at org.apache.ratis.util.TimeoutScheduler.lambda$onTimeout$0(TimeoutScheduler.java:113)
	at org.apache.ratis.util.TimeoutScheduler.lambda$onTimeout$1(TimeoutScheduler.java:133)
	at org.apache.ratis.util.LogUtils.runAndLog(LogUtils.java:50)
	at org.apache.ratis.util.LogUtils$1.run(LogUtils.java:91)
	at java.util.concurrent.Executors$RunnableAdapter.call(Executors.java:511)
	at java.util.concurrent.FutureTask.run(FutureTask.java:266)
	at java.util.concurrent.ScheduledThreadPoolExecutor$ScheduledFutureTask.access$201(ScheduledThreadPoolExecutor.java:180)
	at java.util.concurrent.ScheduledThreadPoolExecutor$ScheduledFutureTask.run(ScheduledThreadPoolExecutor.java:293)
	at java.util.concurrent.ThreadPoolExecutor.runWorker(ThreadPoolExecutor.java:1149)
	at java.util.concurrent.ThreadPoolExecutor$Worker.run(ThreadPoolExecutor.java:624)
	at java.lang.Thread.run(Thread.java:748)
2019-10-02 10:08:01,392 [java.util.concurrent.ThreadPoolExecutor$Worker@4505d77e[State = -1, empty queue]] WARN  util.TimeoutScheduler (LogUtils.java:runAndLog(55)) - Failed to task #0: java.lang.NullPointerException
2019-10-02 10:08:03,730 [ReplicationMonitor] INFO  container.ReplicationManager (ReplicationManager.java:forceCloseContainer(464)) - Force closing container #5 with BCSID 0, which is in QUASI_CLOSED state.
2019-10-02 10:08:03,732 [ReplicationMonitor] INFO  container.ReplicationManager (ReplicationManager.java:sendCloseCommand(659)) - Sending close container command for container #5 to datanode 49e61346-ce49-4850-8dcd-6024868ef21c{ip: 192.168.164.250, host: pr-trunk-p5fv4-2201032288, networkLocation: /default-rack, certSerialId: null}.
2019-10-02 10:08:03,733 [ReplicationMonitor] INFO  container.ReplicationManager (ReplicationManager.java:sendCloseCommand(659)) - Sending close container command for container #5 to datanode f543130f-443f-4ba5-9d6e-59ecbb0ec00a{ip: 192.168.164.250, host: pr-trunk-p5fv4-2201032288, networkLocation: /default-rack, certSerialId: null}.
2019-10-02 10:08:03,733 [ReplicationMonitor] INFO  container.ReplicationManager (ReplicationManager.java:forceCloseContainer(464)) - Force closing container #6 with BCSID 0, which is in QUASI_CLOSED state.
2019-10-02 10:08:03,733 [ReplicationMonitor] INFO  container.ReplicationManager (ReplicationManager.java:sendCloseCommand(659)) - Sending close container command for container #6 to datanode 49e61346-ce49-4850-8dcd-6024868ef21c{ip: 192.168.164.250, host: pr-trunk-p5fv4-2201032288, networkLocation: /default-rack, certSerialId: null}.
2019-10-02 10:08:03,733 [ReplicationMonitor] INFO  container.ReplicationManager (ReplicationManager.java:sendCloseCommand(659)) - Sending close container command for container #6 to datanode 5a36316c-6269-4ab0-8563-6514c3376d21{ip: 192.168.164.250, host: pr-trunk-p5fv4-2201032288, networkLocation: /default-rack, certSerialId: null}.
2019-10-02 10:08:03,734 [ReplicationMonitor] INFO  container.ReplicationManager (ReplicationManager.java:sendCloseCommand(659)) - Sending close container command for container #7 to datanode 5a36316c-6269-4ab0-8563-6514c3376d21{ip: 192.168.164.250, host: pr-trunk-p5fv4-2201032288, networkLocation: /default-rack, certSerialId: null}.
2019-10-02 10:08:03,734 [ReplicationMonitor] INFO  container.ReplicationManager (ReplicationManager.java:sendCloseCommand(659)) - Sending close container command for container #7 to datanode f543130f-443f-4ba5-9d6e-59ecbb0ec00a{ip: 192.168.164.250, host: pr-trunk-p5fv4-2201032288, networkLocation: /default-rack, certSerialId: null}.
2019-10-02 10:08:03,734 [ReplicationMonitor] INFO  container.ReplicationManager (ReplicationManager.java:sendCloseCommand(659)) - Sending close container command for container #7 to datanode 49e61346-ce49-4850-8dcd-6024868ef21c{ip: 192.168.164.250, host: pr-trunk-p5fv4-2201032288, networkLocation: /default-rack, certSerialId: null}.
2019-10-02 10:08:03,734 [ReplicationMonitor] INFO  container.ReplicationManager (ReplicationManager.java:forceCloseContainer(464)) - Force closing container #3 with BCSID 0, which is in QUASI_CLOSED state.
2019-10-02 10:08:03,735 [ReplicationMonitor] INFO  container.ReplicationManager (ReplicationManager.java:sendCloseCommand(659)) - Sending close container command for container #3 to datanode 49e61346-ce49-4850-8dcd-6024868ef21c{ip: 192.168.164.250, host: pr-trunk-p5fv4-2201032288, networkLocation: /default-rack, certSerialId: null}.
2019-10-02 10:08:03,735 [ReplicationMonitor] INFO  container.ReplicationManager (ReplicationManager.java:sendCloseCommand(659)) - Sending close container command for container #3 to datanode f543130f-443f-4ba5-9d6e-59ecbb0ec00a{ip: 192.168.164.250, host: pr-trunk-p5fv4-2201032288, networkLocation: /default-rack, certSerialId: null}.
2019-10-02 10:08:03,735 [ReplicationMonitor] INFO  container.ReplicationManager (ReplicationManager.java:forceCloseContainer(464)) - Force closing container #4 with BCSID 0, which is in QUASI_CLOSED state.
2019-10-02 10:08:03,735 [ReplicationMonitor] INFO  container.ReplicationManager (ReplicationManager.java:sendCloseCommand(659)) - Sending close container command for container #4 to datanode 49e61346-ce49-4850-8dcd-6024868ef21c{ip: 192.168.164.250, host: pr-trunk-p5fv4-2201032288, networkLocation: /default-rack, certSerialId: null}.
2019-10-02 10:08:03,735 [ReplicationMonitor] INFO  container.ReplicationManager (ReplicationManager.java:sendCloseCommand(659)) - Sending close container command for container #4 to datanode 5a36316c-6269-4ab0-8563-6514c3376d21{ip: 192.168.164.250, host: pr-trunk-p5fv4-2201032288, networkLocation: /default-rack, certSerialId: null}.
2019-10-02 10:08:03,735 [ReplicationMonitor] INFO  container.ReplicationManager (ReplicationManager.java:run(225)) - Replication Monitor Thread took 11 milliseconds for processing 7 containers.
2019-10-02 10:08:05,174 [Command processor thread] INFO  interfaces.Container (KeyValueContainer.java:flushAndSyncDB(386)) - Container 6 is synced with bcsId 0.
2019-10-02 10:08:05,175 [Command processor thread] INFO  interfaces.Container (KeyValueContainer.java:flushAndSyncDB(386)) - Container 6 is synced with bcsId 0.
2019-10-02 10:08:05,187 [Command processor thread] INFO  interfaces.Container (KeyValueContainer.java:flushAndSyncDB(386)) - Container 5 is synced with bcsId 0.
2019-10-02 10:08:05,187 [Command processor thread] INFO  interfaces.Container (KeyValueContainer.java:flushAndSyncDB(386)) - Container 5 is synced with bcsId 0.
2019-10-02 10:08:05,193 [Command processor thread] INFO  interfaces.Container (KeyValueContainer.java:close(335)) - Container 5 is closed with bcsId 0.
2019-10-02 10:08:05,193 [Command processor thread] INFO  interfaces.Container (KeyValueContainer.java:close(335)) - Container 6 is closed with bcsId 0.
2019-10-02 10:08:05,194 [Command processor thread] INFO  interfaces.Container (KeyValueContainer.java:flushAndSyncDB(386)) - Container 6 is synced with bcsId 0.
2019-10-02 10:08:05,194 [Command processor thread] INFO  interfaces.Container (KeyValueContainer.java:flushAndSyncDB(386)) - Container 6 is synced with bcsId 0.
2019-10-02 10:08:05,195 [EventQueue-IncrementalContainerReportForIncrementalContainerReportHandler] INFO  container.IncrementalContainerReportHandler (AbstractContainerReportHandler.java:updateContainerState(202)) - Moving container #5 to CLOSED state, datanode 49e61346-ce49-4850-8dcd-6024868ef21c{ip: 192.168.164.250, host: pr-trunk-p5fv4-2201032288, networkLocation: /default-rack, certSerialId: null} reported CLOSED replica.
2019-10-02 10:08:05,195 [Command processor thread] INFO  interfaces.Container (KeyValueContainer.java:flushAndSyncDB(386)) - Container 4 is synced with bcsId 0.
2019-10-02 10:08:05,196 [Command processor thread] INFO  interfaces.Container (KeyValueContainer.java:flushAndSyncDB(386)) - Container 4 is synced with bcsId 0.
2019-10-02 10:08:05,196 [EventQueue-IncrementalContainerReportForIncrementalContainerReportHandler] INFO  container.IncrementalContainerReportHandler (AbstractContainerReportHandler.java:updateContainerState(202)) - Moving container #6 to CLOSED state, datanode 5a36316c-6269-4ab0-8563-6514c3376d21{ip: 192.168.164.250, host: pr-trunk-p5fv4-2201032288, networkLocation: /default-rack, certSerialId: null} reported CLOSED replica.
2019-10-02 10:08:05,209 [Command processor thread] INFO  interfaces.Container (KeyValueContainer.java:close(335)) - Container 4 is closed with bcsId 0.
2019-10-02 10:08:05,209 [Command processor thread] INFO  interfaces.Container (KeyValueContainer.java:close(335)) - Container 6 is closed with bcsId 0.
2019-10-02 10:08:05,210 [Command processor thread] INFO  interfaces.Container (KeyValueContainer.java:flushAndSyncDB(386)) - Container 3 is synced with bcsId 0.
2019-10-02 10:08:05,210 [Command processor thread] INFO  interfaces.Container (KeyValueContainer.java:flushAndSyncDB(386)) - Container 3 is synced with bcsId 0.
2019-10-02 10:08:05,210 [EventQueue-IncrementalContainerReportForIncrementalContainerReportHandler] INFO  container.IncrementalContainerReportHandler (AbstractContainerReportHandler.java:updateContainerState(202)) - Moving container #4 to CLOSED state, datanode 5a36316c-6269-4ab0-8563-6514c3376d21{ip: 192.168.164.250, host: pr-trunk-p5fv4-2201032288, networkLocation: /default-rack, certSerialId: null} reported CLOSED replica.
2019-10-02 10:08:05,224 [Command processor thread] INFO  interfaces.Container (KeyValueContainer.java:close(335)) - Container 3 is closed with bcsId 0.
2019-10-02 10:08:05,224 [Command processor thread] INFO  interfaces.Container (KeyValueContainer.java:flushAndSyncDB(386)) - Container 4 is synced with bcsId 0.
2019-10-02 10:08:05,224 [Command processor thread] INFO  interfaces.Container (KeyValueContainer.java:flushAndSyncDB(386)) - Container 4 is synced with bcsId 0.
2019-10-02 10:08:05,225 [EventQueue-IncrementalContainerReportForIncrementalContainerReportHandler] INFO  container.IncrementalContainerReportHandler (AbstractContainerReportHandler.java:updateContainerState(202)) - Moving container #3 to CLOSED state, datanode 49e61346-ce49-4850-8dcd-6024868ef21c{ip: 192.168.164.250, host: pr-trunk-p5fv4-2201032288, networkLocation: /default-rack, certSerialId: null} reported CLOSED replica.
2019-10-02 10:08:05,238 [Command processor thread] INFO  interfaces.Container (KeyValueContainer.java:close(335)) - Container 4 is closed with bcsId 0.
2019-10-02 10:08:05,431 [java.util.concurrent.ThreadPoolExecutor$Worker@3994202c[State = -1, empty queue]] ERROR client.GrpcClientProtocolClient (GrpcClientProtocolClient.java:close(148)) - Unexpected exception while waiting for channel termination
java.lang.InterruptedException
	at java.util.concurrent.locks.AbstractQueuedSynchronizer.tryAcquireSharedNanos(AbstractQueuedSynchronizer.java:1326)
	at java.util.concurrent.CountDownLatch.await(CountDownLatch.java:277)
	at org.apache.ratis.thirdparty.io.grpc.internal.ManagedChannelImpl.awaitTermination(ManagedChannelImpl.java:763)
	at org.apache.ratis.thirdparty.io.grpc.internal.ForwardingManagedChannel.awaitTermination(ForwardingManagedChannel.java:57)
	at org.apache.ratis.thirdparty.io.grpc.internal.ManagedChannelOrphanWrapper.awaitTermination(ManagedChannelOrphanWrapper.java:70)
	at org.apache.ratis.grpc.client.GrpcClientProtocolClient.close(GrpcClientProtocolClient.java:146)
	at org.apache.ratis.util.PeerProxyMap$PeerAndProxy.lambda$close$1(PeerProxyMap.java:74)
	at org.apache.ratis.util.LifeCycle.lambda$checkStateAndClose$2(LifeCycle.java:231)
	at org.apache.ratis.util.LifeCycle.checkStateAndClose(LifeCycle.java:251)
	at org.apache.ratis.util.LifeCycle.checkStateAndClose(LifeCycle.java:229)
	at org.apache.ratis.util.PeerProxyMap$PeerAndProxy.close(PeerProxyMap.java:70)
	at org.apache.ratis.util.PeerProxyMap.resetProxy(PeerProxyMap.java:127)
	at org.apache.ratis.util.PeerProxyMap.handleException(PeerProxyMap.java:136)
	at org.apache.ratis.client.impl.RaftClientRpcWithProxy.handleException(RaftClientRpcWithProxy.java:47)
	at org.apache.ratis.client.impl.RaftClientImpl.handleIOException(RaftClientImpl.java:372)
	at org.apache.ratis.client.impl.OrderedAsync.lambda$sendRequest$10(OrderedAsync.java:236)
	at java.util.concurrent.CompletableFuture.uniExceptionally(CompletableFuture.java:870)
	at java.util.concurrent.CompletableFuture$UniExceptionally.tryFire(CompletableFuture.java:852)
	at java.util.concurrent.CompletableFuture.postComplete(CompletableFuture.java:474)
	at java.util.concurrent.CompletableFuture.completeExceptionally(CompletableFuture.java:1977)
	at org.apache.ratis.grpc.client.GrpcClientProtocolClient$AsyncStreamObservers.lambda$timeoutCheck$3(GrpcClientProtocolClient.java:324)
	at java.util.Optional.ifPresent(Optional.java:159)
	at org.apache.ratis.grpc.client.GrpcClientProtocolClient$AsyncStreamObservers.handleReplyFuture(GrpcClientProtocolClient.java:329)
	at org.apache.ratis.grpc.client.GrpcClientProtocolClient$AsyncStreamObservers.timeoutCheck(GrpcClientProtocolClient.java:324)
	at org.apache.ratis.grpc.client.GrpcClientProtocolClient$AsyncStreamObservers.lambda$onNext$1(GrpcClientProtocolClient.java:318)
	at org.apache.ratis.util.TimeoutScheduler.lambda$onTimeout$0(TimeoutScheduler.java:113)
	at org.apache.ratis.util.TimeoutScheduler.lambda$onTimeout$1(TimeoutScheduler.java:133)
	at org.apache.ratis.util.LogUtils.runAndLog(LogUtils.java:50)
	at org.apache.ratis.util.LogUtils$1.run(LogUtils.java:91)
	at java.util.concurrent.Executors$RunnableAdapter.call(Executors.java:511)
	at java.util.concurrent.FutureTask.run(FutureTask.java:266)
	at java.util.concurrent.ScheduledThreadPoolExecutor$ScheduledFutureTask.access$201(ScheduledThreadPoolExecutor.java:180)
	at java.util.concurrent.ScheduledThreadPoolExecutor$ScheduledFutureTask.run(ScheduledThreadPoolExecutor.java:293)
	at java.util.concurrent.ThreadPoolExecutor.runWorker(ThreadPoolExecutor.java:1149)
	at java.util.concurrent.ThreadPoolExecutor$Worker.run(ThreadPoolExecutor.java:624)
	at java.lang.Thread.run(Thread.java:748)
2019-10-02 10:08:05,445 [java.util.concurrent.ThreadPoolExecutor$Worker@3994202c[State = -1, empty queue]] WARN  util.TimeoutScheduler (LogUtils.java:runAndLog(55)) - Failed to task #0: java.lang.NullPointerException
2019-10-02 10:08:06,031 [Command processor thread] INFO  interfaces.Container (KeyValueContainer.java:flushAndSyncDB(386)) - Container 5 is synced with bcsId 0.
2019-10-02 10:08:06,033 [Command processor thread] INFO  interfaces.Container (KeyValueContainer.java:flushAndSyncDB(386)) - Container 5 is synced with bcsId 0.
2019-10-02 10:08:06,050 [Command processor thread] INFO  interfaces.Container (KeyValueContainer.java:close(335)) - Container 5 is closed with bcsId 0.
2019-10-02 10:08:06,052 [Command processor thread] INFO  interfaces.Container (KeyValueContainer.java:flushAndSyncDB(386)) - Container 3 is synced with bcsId 0.
2019-10-02 10:08:06,052 [Command processor thread] INFO  interfaces.Container (KeyValueContainer.java:flushAndSyncDB(386)) - Container 3 is synced with bcsId 0.
2019-10-02 10:08:06,063 [Command processor thread] INFO  interfaces.Container (KeyValueContainer.java:close(335)) - Container 3 is closed with bcsId 0.
2019-10-02 10:08:09,477 [java.util.concurrent.ThreadPoolExecutor$Worker@49113a5[State = -1, empty queue]] ERROR client.GrpcClientProtocolClient (GrpcClientProtocolClient.java:close(148)) - Unexpected exception while waiting for channel termination
java.lang.InterruptedException
	at java.util.concurrent.locks.AbstractQueuedSynchronizer.tryAcquireSharedNanos(AbstractQueuedSynchronizer.java:1326)
	at java.util.concurrent.CountDownLatch.await(CountDownLatch.java:277)
	at org.apache.ratis.thirdparty.io.grpc.internal.ManagedChannelImpl.awaitTermination(ManagedChannelImpl.java:763)
	at org.apache.ratis.thirdparty.io.grpc.internal.ForwardingManagedChannel.awaitTermination(ForwardingManagedChannel.java:57)
	at org.apache.ratis.thirdparty.io.grpc.internal.ManagedChannelOrphanWrapper.awaitTermination(ManagedChannelOrphanWrapper.java:70)
	at org.apache.ratis.grpc.client.GrpcClientProtocolClient.close(GrpcClientProtocolClient.java:146)
	at org.apache.ratis.util.PeerProxyMap$PeerAndProxy.lambda$close$1(PeerProxyMap.java:74)
	at org.apache.ratis.util.LifeCycle.lambda$checkStateAndClose$2(LifeCycle.java:231)
	at org.apache.ratis.util.LifeCycle.checkStateAndClose(LifeCycle.java:251)
	at org.apache.ratis.util.LifeCycle.checkStateAndClose(LifeCycle.java:229)
	at org.apache.ratis.util.PeerProxyMap$PeerAndProxy.close(PeerProxyMap.java:70)
	at org.apache.ratis.util.PeerProxyMap.resetProxy(PeerProxyMap.java:127)
	at org.apache.ratis.util.PeerProxyMap.handleException(PeerProxyMap.java:136)
	at org.apache.ratis.client.impl.RaftClientRpcWithProxy.handleException(RaftClientRpcWithProxy.java:47)
	at org.apache.ratis.client.impl.RaftClientImpl.handleIOException(RaftClientImpl.java:372)
	at org.apache.ratis.client.impl.OrderedAsync.lambda$sendRequest$10(OrderedAsync.java:236)
	at java.util.concurrent.CompletableFuture.uniExceptionally(CompletableFuture.java:870)
	at java.util.concurrent.CompletableFuture$UniExceptionally.tryFire(CompletableFuture.java:852)
	at java.util.concurrent.CompletableFuture.postComplete(CompletableFuture.java:474)
	at java.util.concurrent.CompletableFuture.completeExceptionally(CompletableFuture.java:1977)
	at org.apache.ratis.grpc.client.GrpcClientProtocolClient$AsyncStreamObservers.lambda$timeoutCheck$3(GrpcClientProtocolClient.java:324)
	at java.util.Optional.ifPresent(Optional.java:159)
	at org.apache.ratis.grpc.client.GrpcClientProtocolClient$AsyncStreamObservers.handleReplyFuture(GrpcClientProtocolClient.java:329)
	at org.apache.ratis.grpc.client.GrpcClientProtocolClient$AsyncStreamObservers.timeoutCheck(GrpcClientProtocolClient.java:324)
	at org.apache.ratis.grpc.client.GrpcClientProtocolClient$AsyncStreamObservers.lambda$onNext$1(GrpcClientProtocolClient.java:318)
	at org.apache.ratis.util.TimeoutScheduler.lambda$onTimeout$0(TimeoutScheduler.java:113)
	at org.apache.ratis.util.TimeoutScheduler.lambda$onTimeout$1(TimeoutScheduler.java:133)
	at org.apache.ratis.util.LogUtils.runAndLog(LogUtils.java:50)
	at org.apache.ratis.util.LogUtils$1.run(LogUtils.java:91)
	at java.util.concurrent.Executors$RunnableAdapter.call(Executors.java:511)
	at java.util.concurrent.FutureTask.run(FutureTask.java:266)
	at java.util.concurrent.ScheduledThreadPoolExecutor$ScheduledFutureTask.access$201(ScheduledThreadPoolExecutor.java:180)
	at java.util.concurrent.ScheduledThreadPoolExecutor$ScheduledFutureTask.run(ScheduledThreadPoolExecutor.java:293)
	at java.util.concurrent.ThreadPoolExecutor.runWorker(ThreadPoolExecutor.java:1149)
	at java.util.concurrent.ThreadPoolExecutor$Worker.run(ThreadPoolExecutor.java:624)
	at java.lang.Thread.run(Thread.java:748)
2019-10-02 10:08:09,479 [java.util.concurrent.ThreadPoolExecutor$Worker@49113a5[State = -1, empty queue]] WARN  util.TimeoutScheduler (LogUtils.java:runAndLog(55)) - Failed to task #0: java.lang.NullPointerException
2019-10-02 10:08:13,501 [java.util.concurrent.ThreadPoolExecutor$Worker@65f23fb3[State = -1, empty queue]] ERROR client.GrpcClientProtocolClient (GrpcClientProtocolClient.java:close(148)) - Unexpected exception while waiting for channel termination
java.lang.InterruptedException
	at java.util.concurrent.locks.AbstractQueuedSynchronizer.tryAcquireSharedNanos(AbstractQueuedSynchronizer.java:1326)
	at java.util.concurrent.CountDownLatch.await(CountDownLatch.java:277)
	at org.apache.ratis.thirdparty.io.grpc.internal.ManagedChannelImpl.awaitTermination(ManagedChannelImpl.java:763)
	at org.apache.ratis.thirdparty.io.grpc.internal.ForwardingManagedChannel.awaitTermination(ForwardingManagedChannel.java:57)
	at org.apache.ratis.thirdparty.io.grpc.internal.ManagedChannelOrphanWrapper.awaitTermination(ManagedChannelOrphanWrapper.java:70)
	at org.apache.ratis.grpc.client.GrpcClientProtocolClient.close(GrpcClientProtocolClient.java:146)
	at org.apache.ratis.util.PeerProxyMap$PeerAndProxy.lambda$close$1(PeerProxyMap.java:74)
	at org.apache.ratis.util.LifeCycle.lambda$checkStateAndClose$2(LifeCycle.java:231)
	at org.apache.ratis.util.LifeCycle.checkStateAndClose(LifeCycle.java:251)
	at org.apache.ratis.util.LifeCycle.checkStateAndClose(LifeCycle.java:229)
	at org.apache.ratis.util.PeerProxyMap$PeerAndProxy.close(PeerProxyMap.java:70)
	at org.apache.ratis.util.PeerProxyMap.resetProxy(PeerProxyMap.java:127)
	at org.apache.ratis.util.PeerProxyMap.handleException(PeerProxyMap.java:136)
	at org.apache.ratis.client.impl.RaftClientRpcWithProxy.handleException(RaftClientRpcWithProxy.java:47)
	at org.apache.ratis.client.impl.RaftClientImpl.handleIOException(RaftClientImpl.java:372)
	at org.apache.ratis.client.impl.OrderedAsync.lambda$sendRequest$10(OrderedAsync.java:236)
	at java.util.concurrent.CompletableFuture.uniExceptionally(CompletableFuture.java:870)
	at java.util.concurrent.CompletableFuture$UniExceptionally.tryFire(CompletableFuture.java:852)
	at java.util.concurrent.CompletableFuture.postComplete(CompletableFuture.java:474)
	at java.util.concurrent.CompletableFuture.completeExceptionally(CompletableFuture.java:1977)
	at org.apache.ratis.grpc.client.GrpcClientProtocolClient$AsyncStreamObservers.lambda$timeoutCheck$3(GrpcClientProtocolClient.java:324)
	at java.util.Optional.ifPresent(Optional.java:159)
	at org.apache.ratis.grpc.client.GrpcClientProtocolClient$AsyncStreamObservers.handleReplyFuture(GrpcClientProtocolClient.java:329)
	at org.apache.ratis.grpc.client.GrpcClientProtocolClient$AsyncStreamObservers.timeoutCheck(GrpcClientProtocolClient.java:324)
	at org.apache.ratis.grpc.client.GrpcClientProtocolClient$AsyncStreamObservers.lambda$onNext$1(GrpcClientProtocolClient.java:318)
	at org.apache.ratis.util.TimeoutScheduler.lambda$onTimeout$0(TimeoutScheduler.java:113)
	at org.apache.ratis.util.TimeoutScheduler.lambda$onTimeout$1(TimeoutScheduler.java:133)
	at org.apache.ratis.util.LogUtils.runAndLog(LogUtils.java:50)
	at org.apache.ratis.util.LogUtils$1.run(LogUtils.java:91)
	at java.util.concurrent.Executors$RunnableAdapter.call(Executors.java:511)
	at java.util.concurrent.FutureTask.run(FutureTask.java:266)
	at java.util.concurrent.ScheduledThreadPoolExecutor$ScheduledFutureTask.access$201(ScheduledThreadPoolExecutor.java:180)
	at java.util.concurrent.ScheduledThreadPoolExecutor$ScheduledFutureTask.run(ScheduledThreadPoolExecutor.java:293)
	at java.util.concurrent.ThreadPoolExecutor.runWorker(ThreadPoolExecutor.java:1149)
	at java.util.concurrent.ThreadPoolExecutor$Worker.run(ThreadPoolExecutor.java:624)
	at java.lang.Thread.run(Thread.java:748)
2019-10-02 10:08:13,504 [java.util.concurrent.ThreadPoolExecutor$Worker@65f23fb3[State = -1, empty queue]] WARN  util.TimeoutScheduler (LogUtils.java:runAndLog(55)) - Failed to task #0: java.lang.NullPointerException
2019-10-02 10:08:17,529 [java.util.concurrent.ThreadPoolExecutor$Worker@406528bf[State = -1, empty queue]] ERROR client.GrpcClientProtocolClient (GrpcClientProtocolClient.java:close(148)) - Unexpected exception while waiting for channel termination
java.lang.InterruptedException
	at java.util.concurrent.locks.AbstractQueuedSynchronizer.tryAcquireSharedNanos(AbstractQueuedSynchronizer.java:1326)
	at java.util.concurrent.CountDownLatch.await(CountDownLatch.java:277)
	at org.apache.ratis.thirdparty.io.grpc.internal.ManagedChannelImpl.awaitTermination(ManagedChannelImpl.java:763)
	at org.apache.ratis.thirdparty.io.grpc.internal.ForwardingManagedChannel.awaitTermination(ForwardingManagedChannel.java:57)
	at org.apache.ratis.thirdparty.io.grpc.internal.ManagedChannelOrphanWrapper.awaitTermination(ManagedChannelOrphanWrapper.java:70)
	at org.apache.ratis.grpc.client.GrpcClientProtocolClient.close(GrpcClientProtocolClient.java:146)
	at org.apache.ratis.util.PeerProxyMap$PeerAndProxy.lambda$close$1(PeerProxyMap.java:74)
	at org.apache.ratis.util.LifeCycle.lambda$checkStateAndClose$2(LifeCycle.java:231)
	at org.apache.ratis.util.LifeCycle.checkStateAndClose(LifeCycle.java:251)
	at org.apache.ratis.util.LifeCycle.checkStateAndClose(LifeCycle.java:229)
	at org.apache.ratis.util.PeerProxyMap$PeerAndProxy.close(PeerProxyMap.java:70)
	at org.apache.ratis.util.PeerProxyMap.resetProxy(PeerProxyMap.java:127)
	at org.apache.ratis.util.PeerProxyMap.handleException(PeerProxyMap.java:136)
	at org.apache.ratis.client.impl.RaftClientRpcWithProxy.handleException(RaftClientRpcWithProxy.java:47)
	at org.apache.ratis.client.impl.RaftClientImpl.handleIOException(RaftClientImpl.java:372)
	at org.apache.ratis.client.impl.OrderedAsync.lambda$sendRequest$10(OrderedAsync.java:236)
	at java.util.concurrent.CompletableFuture.uniExceptionally(CompletableFuture.java:870)
	at java.util.concurrent.CompletableFuture$UniExceptionally.tryFire(CompletableFuture.java:852)
	at java.util.concurrent.CompletableFuture.postComplete(CompletableFuture.java:474)
	at java.util.concurrent.CompletableFuture.completeExceptionally(CompletableFuture.java:1977)
	at org.apache.ratis.grpc.client.GrpcClientProtocolClient$AsyncStreamObservers.lambda$timeoutCheck$3(GrpcClientProtocolClient.java:324)
	at java.util.Optional.ifPresent(Optional.java:159)
	at org.apache.ratis.grpc.client.GrpcClientProtocolClient$AsyncStreamObservers.handleReplyFuture(GrpcClientProtocolClient.java:329)
	at org.apache.ratis.grpc.client.GrpcClientProtocolClient$AsyncStreamObservers.timeoutCheck(GrpcClientProtocolClient.java:324)
	at org.apache.ratis.grpc.client.GrpcClientProtocolClient$AsyncStreamObservers.lambda$onNext$1(GrpcClientProtocolClient.java:318)
	at org.apache.ratis.util.TimeoutScheduler.lambda$onTimeout$0(TimeoutScheduler.java:113)
	at org.apache.ratis.util.TimeoutScheduler.lambda$onTimeout$1(TimeoutScheduler.java:133)
	at org.apache.ratis.util.LogUtils.runAndLog(LogUtils.java:50)
	at org.apache.ratis.util.LogUtils$1.run(LogUtils.java:91)
	at java.util.concurrent.Executors$RunnableAdapter.call(Executors.java:511)
	at java.util.concurrent.FutureTask.run(FutureTask.java:266)
	at java.util.concurrent.ScheduledThreadPoolExecutor$ScheduledFutureTask.access$201(ScheduledThreadPoolExecutor.java:180)
	at java.util.concurrent.ScheduledThreadPoolExecutor$ScheduledFutureTask.run(ScheduledThreadPoolExecutor.java:293)
	at java.util.concurrent.ThreadPoolExecutor.runWorker(ThreadPoolExecutor.java:1149)
	at java.util.concurrent.ThreadPoolExecutor$Worker.run(ThreadPoolExecutor.java:624)
	at java.lang.Thread.run(Thread.java:748)
2019-10-02 10:08:17,531 [java.util.concurrent.ThreadPoolExecutor$Worker@406528bf[State = -1, empty queue]] WARN  util.TimeoutScheduler (LogUtils.java:runAndLog(55)) - Failed to task #0: java.lang.NullPointerException
2019-10-02 10:08:21,558 [java.util.concurrent.ThreadPoolExecutor$Worker@821a075[State = -1, empty queue]] ERROR client.GrpcClientProtocolClient (GrpcClientProtocolClient.java:close(148)) - Unexpected exception while waiting for channel termination
java.lang.InterruptedException
	at java.util.concurrent.locks.AbstractQueuedSynchronizer.tryAcquireSharedNanos(AbstractQueuedSynchronizer.java:1326)
	at java.util.concurrent.CountDownLatch.await(CountDownLatch.java:277)
	at org.apache.ratis.thirdparty.io.grpc.internal.ManagedChannelImpl.awaitTermination(ManagedChannelImpl.java:763)
	at org.apache.ratis.thirdparty.io.grpc.internal.ForwardingManagedChannel.awaitTermination(ForwardingManagedChannel.java:57)
	at org.apache.ratis.thirdparty.io.grpc.internal.ManagedChannelOrphanWrapper.awaitTermination(ManagedChannelOrphanWrapper.java:70)
	at org.apache.ratis.grpc.client.GrpcClientProtocolClient.close(GrpcClientProtocolClient.java:146)
	at org.apache.ratis.util.PeerProxyMap$PeerAndProxy.lambda$close$1(PeerProxyMap.java:74)
	at org.apache.ratis.util.LifeCycle.lambda$checkStateAndClose$2(LifeCycle.java:231)
	at org.apache.ratis.util.LifeCycle.checkStateAndClose(LifeCycle.java:251)
	at org.apache.ratis.util.LifeCycle.checkStateAndClose(LifeCycle.java:229)
	at org.apache.ratis.util.PeerProxyMap$PeerAndProxy.close(PeerProxyMap.java:70)
	at org.apache.ratis.util.PeerProxyMap.resetProxy(PeerProxyMap.java:127)
	at org.apache.ratis.util.PeerProxyMap.handleException(PeerProxyMap.java:136)
	at org.apache.ratis.client.impl.RaftClientRpcWithProxy.handleException(RaftClientRpcWithProxy.java:47)
	at org.apache.ratis.client.impl.RaftClientImpl.handleIOException(RaftClientImpl.java:372)
	at org.apache.ratis.client.impl.OrderedAsync.lambda$sendRequest$10(OrderedAsync.java:236)
	at java.util.concurrent.CompletableFuture.uniExceptionally(CompletableFuture.java:870)
	at java.util.concurrent.CompletableFuture$UniExceptionally.tryFire(CompletableFuture.java:852)
	at java.util.concurrent.CompletableFuture.postComplete(CompletableFuture.java:474)
	at java.util.concurrent.CompletableFuture.completeExceptionally(CompletableFuture.java:1977)
	at org.apache.ratis.grpc.client.GrpcClientProtocolClient$AsyncStreamObservers.lambda$timeoutCheck$3(GrpcClientProtocolClient.java:324)
	at java.util.Optional.ifPresent(Optional.java:159)
	at org.apache.ratis.grpc.client.GrpcClientProtocolClient$AsyncStreamObservers.handleReplyFuture(GrpcClientProtocolClient.java:329)
	at org.apache.ratis.grpc.client.GrpcClientProtocolClient$AsyncStreamObservers.timeoutCheck(GrpcClientProtocolClient.java:324)
	at org.apache.ratis.grpc.client.GrpcClientProtocolClient$AsyncStreamObservers.lambda$onNext$1(GrpcClientProtocolClient.java:318)
	at org.apache.ratis.util.TimeoutScheduler.lambda$onTimeout$0(TimeoutScheduler.java:113)
	at org.apache.ratis.util.TimeoutScheduler.lambda$onTimeout$1(TimeoutScheduler.java:133)
	at org.apache.ratis.util.LogUtils.runAndLog(LogUtils.java:50)
	at org.apache.ratis.util.LogUtils$1.run(LogUtils.java:91)
	at java.util.concurrent.Executors$RunnableAdapter.call(Executors.java:511)
	at java.util.concurrent.FutureTask.run(FutureTask.java:266)
	at java.util.concurrent.ScheduledThreadPoolExecutor$ScheduledFutureTask.access$201(ScheduledThreadPoolExecutor.java:180)
	at java.util.concurrent.ScheduledThreadPoolExecutor$ScheduledFutureTask.run(ScheduledThreadPoolExecutor.java:293)
	at java.util.concurrent.ThreadPoolExecutor.runWorker(ThreadPoolExecutor.java:1149)
	at java.util.concurrent.ThreadPoolExecutor$Worker.run(ThreadPoolExecutor.java:624)
	at java.lang.Thread.run(Thread.java:748)
2019-10-02 10:08:21,561 [java.util.concurrent.ThreadPoolExecutor$Worker@821a075[State = -1, empty queue]] WARN  util.TimeoutScheduler (LogUtils.java:runAndLog(55)) - Failed to task #0: java.lang.NullPointerException
2019-10-02 10:08:24,191 [grpc-default-executor-6] INFO  impl.RaftServerProxy (RaftServerProxy.java:remove(95)) - f543130f-443f-4ba5-9d6e-59ecbb0ec00a: remove  FOLLOWER f543130f-443f-4ba5-9d6e-59ecbb0ec00a@group-D3F651902B2E:t2, leader=49e61346-ce49-4850-8dcd-6024868ef21c, voted=49e61346-ce49-4850-8dcd-6024868ef21c, raftlog=f543130f-443f-4ba5-9d6e-59ecbb0ec00a@group-D3F651902B2E-SegmentedRaftLog:OPENED:c0,f2,i2, conf=0: [f543130f-443f-4ba5-9d6e-59ecbb0ec00a:192.168.164.250:36191, 5a36316c-6269-4ab0-8563-6514c3376d21:192.168.164.250:32906, 49e61346-ce49-4850-8dcd-6024868ef21c:192.168.164.250:43655], old=null RUNNING
2019-10-02 10:08:24,192 [grpc-default-executor-6] INFO  impl.RaftServerImpl (RaftServerImpl.java:lambda$shutdown$3(247)) - f543130f-443f-4ba5-9d6e-59ecbb0ec00a@group-D3F651902B2E: shutdown
2019-10-02 10:08:24,192 [grpc-default-executor-6] INFO  util.JmxRegister (JmxRegister.java:unregister(73)) - Successfully un-registered JMX Bean with object name Ratis:service=RaftServer,group=group-D3F651902B2E,id=f543130f-443f-4ba5-9d6e-59ecbb0ec00a
2019-10-02 10:08:24,193 [grpc-default-executor-6] INFO  impl.RoleInfo (RoleInfo.java:shutdownFollowerState(121)) - f543130f-443f-4ba5-9d6e-59ecbb0ec00a: shutdown FollowerState
2019-10-02 10:08:24,193 [grpc-default-executor-6] INFO  impl.StateMachineUpdater (StateMachineUpdater.java:stopAndJoin(136)) - f543130f-443f-4ba5-9d6e-59ecbb0ec00a@group-D3F651902B2E-StateMachineUpdater: set stopIndex = 0
2019-10-02 10:08:24,193 [Thread-864] INFO  impl.FollowerState (FollowerState.java:run(117)) - f543130f-443f-4ba5-9d6e-59ecbb0ec00a@group-D3F651902B2E-FollowerState was interrupted: java.lang.InterruptedException: sleep interrupted
2019-10-02 10:08:24,198 [grpc-default-executor-6] INFO  impl.RaftServerImpl (ServerState.java:close(387)) - f543130f-443f-4ba5-9d6e-59ecbb0ec00a@group-D3F651902B2E: closes. applyIndex: 0
2019-10-02 10:08:24,198 [f543130f-443f-4ba5-9d6e-59ecbb0ec00a@group-D3F651902B2E-SegmentedRaftLogWorker] INFO  segmented.SegmentedRaftLogWorker (SegmentedRaftLogWorker.java:run(316)) - f543130f-443f-4ba5-9d6e-59ecbb0ec00a@group-D3F651902B2E-SegmentedRaftLogWorker was interrupted, exiting. There are 0 tasks remaining in the queue.
2019-10-02 10:08:24,200 [grpc-default-executor-6] INFO  segmented.SegmentedRaftLogWorker (SegmentedRaftLogWorker.java:close(224)) - f543130f-443f-4ba5-9d6e-59ecbb0ec00a@group-D3F651902B2E-SegmentedRaftLogWorker close()
2019-10-02 10:08:24,263 [grpc-default-executor-6] INFO  interfaces.Container (KeyValueContainer.java:flushAndSyncDB(386)) - Container 7 is synced with bcsId 0.
2019-10-02 10:08:24,264 [grpc-default-executor-6] INFO  interfaces.Container (KeyValueContainer.java:flushAndSyncDB(386)) - Container 7 is synced with bcsId 0.
2019-10-02 10:08:24,280 [EventQueue-IncrementalContainerReportForIncrementalContainerReportHandler] INFO  container.IncrementalContainerReportHandler (AbstractContainerReportHandler.java:updateContainerState(169)) - Moving container #7 to QUASI_CLOSED state, datanode f543130f-443f-4ba5-9d6e-59ecbb0ec00a{ip: 192.168.164.250, host: pr-trunk-p5fv4-2201032288, networkLocation: /default-rack, certSerialId: null} reported QUASI_CLOSED replica.
2019-10-02 10:08:24,285 [grpc-default-executor-6] INFO  impl.RaftServerProxy (RaftServerProxy.java:remove(95)) - 5a36316c-6269-4ab0-8563-6514c3376d21: remove  FOLLOWER 5a36316c-6269-4ab0-8563-6514c3376d21@group-D3F651902B2E:t2, leader=49e61346-ce49-4850-8dcd-6024868ef21c, voted=5a36316c-6269-4ab0-8563-6514c3376d21, raftlog=5a36316c-6269-4ab0-8563-6514c3376d21@group-D3F651902B2E-SegmentedRaftLog:OPENED:c0,f2,i2, conf=0: [f543130f-443f-4ba5-9d6e-59ecbb0ec00a:192.168.164.250:36191, 5a36316c-6269-4ab0-8563-6514c3376d21:192.168.164.250:32906, 49e61346-ce49-4850-8dcd-6024868ef21c:192.168.164.250:43655], old=null RUNNING
2019-10-02 10:08:24,285 [grpc-default-executor-6] INFO  impl.RaftServerImpl (RaftServerImpl.java:lambda$shutdown$3(247)) - 5a36316c-6269-4ab0-8563-6514c3376d21@group-D3F651902B2E: shutdown
2019-10-02 10:08:24,285 [grpc-default-executor-6] INFO  util.JmxRegister (JmxRegister.java:unregister(73)) - Successfully un-registered JMX Bean with object name Ratis:service=RaftServer,group=group-D3F651902B2E,id=5a36316c-6269-4ab0-8563-6514c3376d21
2019-10-02 10:08:24,285 [grpc-default-executor-6] INFO  impl.RoleInfo (RoleInfo.java:shutdownFollowerState(121)) - 5a36316c-6269-4ab0-8563-6514c3376d21: shutdown FollowerState
2019-10-02 10:08:24,286 [grpc-default-executor-6] INFO  impl.StateMachineUpdater (StateMachineUpdater.java:stopAndJoin(136)) - 5a36316c-6269-4ab0-8563-6514c3376d21@group-D3F651902B2E-StateMachineUpdater: set stopIndex = 0
2019-10-02 10:08:24,286 [Thread-865] INFO  impl.FollowerState (FollowerState.java:run(117)) - 5a36316c-6269-4ab0-8563-6514c3376d21@group-D3F651902B2E-FollowerState was interrupted: java.lang.InterruptedException: sleep interrupted
2019-10-02 10:08:24,289 [grpc-default-executor-6] INFO  impl.RaftServerImpl (ServerState.java:close(387)) - 5a36316c-6269-4ab0-8563-6514c3376d21@group-D3F651902B2E: closes. applyIndex: 0
2019-10-02 10:08:24,290 [5a36316c-6269-4ab0-8563-6514c3376d21@group-D3F651902B2E-SegmentedRaftLogWorker] INFO  segmented.SegmentedRaftLogWorker (SegmentedRaftLogWorker.java:run(316)) - 5a36316c-6269-4ab0-8563-6514c3376d21@group-D3F651902B2E-SegmentedRaftLogWorker was interrupted, exiting. There are 0 tasks remaining in the queue.
2019-10-02 10:08:24,292 [grpc-default-executor-6] INFO  segmented.SegmentedRaftLogWorker (SegmentedRaftLogWorker.java:close(224)) - 5a36316c-6269-4ab0-8563-6514c3376d21@group-D3F651902B2E-SegmentedRaftLogWorker close()
2019-10-02 10:08:24,353 [grpc-default-executor-6] INFO  interfaces.Container (KeyValueContainer.java:flushAndSyncDB(386)) - Container 7 is synced with bcsId 0.
2019-10-02 10:08:24,353 [grpc-default-executor-6] INFO  interfaces.Container (KeyValueContainer.java:flushAndSyncDB(386)) - Container 7 is synced with bcsId 0.
2019-10-02 10:08:24,372 [grpc-default-executor-6] INFO  impl.RaftServerProxy (RaftServerProxy.java:remove(95)) - 49e61346-ce49-4850-8dcd-6024868ef21c: remove    LEADER 49e61346-ce49-4850-8dcd-6024868ef21c@group-D3F651902B2E:t2, leader=49e61346-ce49-4850-8dcd-6024868ef21c, voted=49e61346-ce49-4850-8dcd-6024868ef21c, raftlog=49e61346-ce49-4850-8dcd-6024868ef21c@group-D3F651902B2E-SegmentedRaftLog:OPENED:c0,f0,i2, conf=0: [f543130f-443f-4ba5-9d6e-59ecbb0ec00a:192.168.164.250:36191, 5a36316c-6269-4ab0-8563-6514c3376d21:192.168.164.250:32906, 49e61346-ce49-4850-8dcd-6024868ef21c:192.168.164.250:43655], old=null RUNNING
2019-10-02 10:08:24,372 [grpc-default-executor-6] INFO  impl.RaftServerImpl (RaftServerImpl.java:lambda$shutdown$3(247)) - 49e61346-ce49-4850-8dcd-6024868ef21c@group-D3F651902B2E: shutdown
2019-10-02 10:08:24,373 [grpc-default-executor-6] INFO  util.JmxRegister (JmxRegister.java:unregister(73)) - Successfully un-registered JMX Bean with object name Ratis:service=RaftServer,group=group-D3F651902B2E,id=49e61346-ce49-4850-8dcd-6024868ef21c
2019-10-02 10:08:24,373 [grpc-default-executor-6] INFO  impl.RoleInfo (RoleInfo.java:shutdownLeaderState(104)) - 49e61346-ce49-4850-8dcd-6024868ef21c: shutdown LeaderState
2019-10-02 10:08:24,376 [org.apache.ratis.server.impl.LogAppender$AppenderDaemon$$Lambda$595/118746732@1d7dc807] WARN  server.GrpcLogAppender (GrpcLogAppender.java:mayWait(143)) - 49e61346-ce49-4850-8dcd-6024868ef21c@group-D3F651902B2E->f543130f-443f-4ba5-9d6e-59ecbb0ec00a-GrpcLogAppender: Wait interrupted by java.lang.InterruptedException
2019-10-02 10:08:24,376 [grpc-default-executor-6] INFO  impl.PendingRequests (PendingRequests.java:sendNotLeaderResponses(202)) - 49e61346-ce49-4850-8dcd-6024868ef21c@group-D3F651902B2E-PendingRequests: sendNotLeaderResponses
2019-10-02 10:08:24,376 [org.apache.ratis.server.impl.LogAppender$AppenderDaemon$$Lambda$595/118746732@7621ba72] WARN  server.GrpcLogAppender (GrpcLogAppender.java:mayWait(143)) - 49e61346-ce49-4850-8dcd-6024868ef21c@group-D3F651902B2E->5a36316c-6269-4ab0-8563-6514c3376d21-GrpcLogAppender: Wait interrupted by java.lang.InterruptedException
2019-10-02 10:08:24,379 [grpc-default-executor-7] INFO  server.GrpcServerProtocolService (GrpcServerProtocolService.java:onCompleted(113)) - f543130f-443f-4ba5-9d6e-59ecbb0ec00a: Completed APPEND_ENTRIES, lastRequest: 49e61346-ce49-4850-8dcd-6024868ef21c->f543130f-443f-4ba5-9d6e-59ecbb0ec00a#40-t2, previous=(t:2, i:2), leaderCommit=0, initializing? false, entries: <empty>
2019-10-02 10:08:24,379 [grpc-default-executor-11] INFO  server.GrpcServerProtocolService (GrpcServerProtocolService.java:onCompleted(113)) - 5a36316c-6269-4ab0-8563-6514c3376d21: Completed APPEND_ENTRIES, lastRequest: 49e61346-ce49-4850-8dcd-6024868ef21c->5a36316c-6269-4ab0-8563-6514c3376d21#40-t2, previous=(t:2, i:2), leaderCommit=0, initializing? false, entries: <empty>
2019-10-02 10:08:24,381 [grpc-default-executor-11] INFO  server.GrpcLogAppender (GrpcLogAppender.java:onCompleted(293)) - 49e61346-ce49-4850-8dcd-6024868ef21c@group-D3F651902B2E->f543130f-443f-4ba5-9d6e-59ecbb0ec00a-AppendLogResponseHandler: follower responses appendEntries COMPLETED
2019-10-02 10:08:24,382 [grpc-default-executor-6] INFO  impl.StateMachineUpdater (StateMachineUpdater.java:stopAndJoin(136)) - 49e61346-ce49-4850-8dcd-6024868ef21c@group-D3F651902B2E-StateMachineUpdater: set stopIndex = 0
2019-10-02 10:08:24,383 [grpc-default-executor-11] INFO  impl.FollowerInfo (FollowerInfo.java:lambda$new$0(51)) - 49e61346-ce49-4850-8dcd-6024868ef21c@group-D3F651902B2E->f543130f-443f-4ba5-9d6e-59ecbb0ec00a: nextIndex: updateUnconditionally 3 -> 2
2019-10-02 10:08:24,383 [grpc-default-executor-6] INFO  impl.RaftServerImpl (ServerState.java:close(387)) - 49e61346-ce49-4850-8dcd-6024868ef21c@group-D3F651902B2E: closes. applyIndex: 0
2019-10-02 10:08:24,384 [grpc-default-executor-12] INFO  server.GrpcLogAppender (GrpcLogAppender.java:onCompleted(293)) - 49e61346-ce49-4850-8dcd-6024868ef21c@group-D3F651902B2E->5a36316c-6269-4ab0-8563-6514c3376d21-AppendLogResponseHandler: follower responses appendEntries COMPLETED
2019-10-02 10:08:24,384 [49e61346-ce49-4850-8dcd-6024868ef21c@group-D3F651902B2E-SegmentedRaftLogWorker] INFO  segmented.SegmentedRaftLogWorker (SegmentedRaftLogWorker.java:run(316)) - 49e61346-ce49-4850-8dcd-6024868ef21c@group-D3F651902B2E-SegmentedRaftLogWorker was interrupted, exiting. There are 0 tasks remaining in the queue.
2019-10-02 10:08:24,385 [grpc-default-executor-6] INFO  segmented.SegmentedRaftLogWorker (SegmentedRaftLogWorker.java:close(224)) - 49e61346-ce49-4850-8dcd-6024868ef21c@group-D3F651902B2E-SegmentedRaftLogWorker close()
2019-10-02 10:08:24,385 [grpc-default-executor-12] INFO  impl.FollowerInfo (FollowerInfo.java:lambda$new$0(51)) - 49e61346-ce49-4850-8dcd-6024868ef21c@group-D3F651902B2E->5a36316c-6269-4ab0-8563-6514c3376d21: nextIndex: updateUnconditionally 3 -> 2
2019-10-02 10:08:24,392 [RatisPipelineUtilsThread] INFO  pipeline.PipelineStateManager (PipelineStateManager.java:removePipeline(108)) - Pipeline Pipeline[ Id: 1490a740-0e3e-4252-920c-d3f651902b2e, Nodes: f543130f-443f-4ba5-9d6e-59ecbb0ec00a{ip: 192.168.164.250, host: pr-trunk-p5fv4-2201032288, networkLocation: /default-rack, certSerialId: null}5a36316c-6269-4ab0-8563-6514c3376d21{ip: 192.168.164.250, host: pr-trunk-p5fv4-2201032288, networkLocation: /default-rack, certSerialId: null}49e61346-ce49-4850-8dcd-6024868ef21c{ip: 192.168.164.250, host: pr-trunk-p5fv4-2201032288, networkLocation: /default-rack, certSerialId: null}, Type:RATIS, Factor:THREE, State:CLOSED] removed from db
2019-10-02 10:08:24,396 [grpc-default-executor-6] INFO  impl.RaftServerProxy (RaftServerProxy.java:remove(95)) - f543130f-443f-4ba5-9d6e-59ecbb0ec00a: remove group-D3F651902B2E:null
2019-10-02 10:08:24,402 [RatisPipelineUtilsThread] WARN  pipeline.RatisPipelineUtils (RatisPipelineUtils.java:destroyPipeline(67)) - Pipeline destroy failed for pipeline=PipelineID=1490a740-0e3e-4252-920c-d3f651902b2e dn=f543130f-443f-4ba5-9d6e-59ecbb0ec00a{ip: 192.168.164.250, host: pr-trunk-p5fv4-2201032288, networkLocation: /default-rack, certSerialId: null}
2019-10-02 10:08:24,406 [grpc-default-executor-6] INFO  impl.RaftServerProxy (RaftServerProxy.java:remove(95)) - 5a36316c-6269-4ab0-8563-6514c3376d21: remove group-D3F651902B2E:null
2019-10-02 10:08:24,411 [RatisPipelineUtilsThread] WARN  pipeline.RatisPipelineUtils (RatisPipelineUtils.java:destroyPipeline(67)) - Pipeline destroy failed for pipeline=PipelineID=1490a740-0e3e-4252-920c-d3f651902b2e dn=5a36316c-6269-4ab0-8563-6514c3376d21{ip: 192.168.164.250, host: pr-trunk-p5fv4-2201032288, networkLocation: /default-rack, certSerialId: null}
2019-10-02 10:08:24,414 [grpc-default-executor-6] INFO  impl.RaftServerProxy (RaftServerProxy.java:remove(95)) - 49e61346-ce49-4850-8dcd-6024868ef21c: remove group-D3F651902B2E:null
2019-10-02 10:08:24,419 [RatisPipelineUtilsThread] WARN  pipeline.RatisPipelineUtils (RatisPipelineUtils.java:destroyPipeline(67)) - Pipeline destroy failed for pipeline=PipelineID=1490a740-0e3e-4252-920c-d3f651902b2e dn=49e61346-ce49-4850-8dcd-6024868ef21c{ip: 192.168.164.250, host: pr-trunk-p5fv4-2201032288, networkLocation: /default-rack, certSerialId: null}
2019-10-02 10:08:24,419 [RatisPipelineUtilsThread] ERROR pipeline.SCMPipelineManager (Scheduler.java:lambda$schedule$1(70)) - Destroy pipeline failed for pipeline:Pipeline[ Id: 1490a740-0e3e-4252-920c-d3f651902b2e, Nodes: f543130f-443f-4ba5-9d6e-59ecbb0ec00a{ip: 192.168.164.250, host: pr-trunk-p5fv4-2201032288, networkLocation: /default-rack, certSerialId: null}5a36316c-6269-4ab0-8563-6514c3376d21{ip: 192.168.164.250, host: pr-trunk-p5fv4-2201032288, networkLocation: /default-rack, certSerialId: null}49e61346-ce49-4850-8dcd-6024868ef21c{ip: 192.168.164.250, host: pr-trunk-p5fv4-2201032288, networkLocation: /default-rack, certSerialId: null}, Type:RATIS, Factor:THREE, State:CLOSED]
org.apache.hadoop.hdds.scm.pipeline.PipelineNotFoundException: PipelineID=1490a740-0e3e-4252-920c-d3f651902b2e not found
	at org.apache.hadoop.hdds.scm.pipeline.PipelineStateMap.getPipeline(PipelineStateMap.java:132)
	at org.apache.hadoop.hdds.scm.pipeline.PipelineStateMap.removePipeline(PipelineStateMap.java:322)
	at org.apache.hadoop.hdds.scm.pipeline.PipelineStateManager.removePipeline(PipelineStateManager.java:107)
	at org.apache.hadoop.hdds.scm.pipeline.SCMPipelineManager.removePipeline(SCMPipelineManager.java:427)
	at org.apache.hadoop.hdds.scm.pipeline.SCMPipelineManager.destroyPipeline(SCMPipelineManager.java:413)
	at org.apache.hadoop.hdds.scm.pipeline.SCMPipelineManager.lambda$finalizeAndDestroyPipeline$0(SCMPipelineManager.java:322)
	at org.apache.hadoop.hdds.utils.Scheduler.lambda$schedule$1(Scheduler.java:68)
	at java.util.concurrent.Executors$RunnableAdapter.call(Executors.java:511)
	at java.util.concurrent.FutureTask.run(FutureTask.java:266)
	at java.util.concurrent.ScheduledThreadPoolExecutor$ScheduledFutureTask.access$201(ScheduledThreadPoolExecutor.java:180)
	at java.util.concurrent.ScheduledThreadPoolExecutor$ScheduledFutureTask.run(ScheduledThreadPoolExecutor.java:293)
	at java.util.concurrent.ThreadPoolExecutor.runWorker(ThreadPoolExecutor.java:1149)
	at java.util.concurrent.ThreadPoolExecutor$Worker.run(ThreadPoolExecutor.java:624)
	at java.lang.Thread.run(Thread.java:748)
2019-10-02 10:08:24,428 [grpc-default-executor-12] INFO  impl.RaftServerProxy (RaftServerProxy.java:addNew(89)) - 49e61346-ce49-4850-8dcd-6024868ef21c: addNew group-6AC6E4E1EDF5:[f543130f-443f-4ba5-9d6e-59ecbb0ec00a:192.168.164.250:36191, 5a36316c-6269-4ab0-8563-6514c3376d21:192.168.164.250:32906, 49e61346-ce49-4850-8dcd-6024868ef21c:192.168.164.250:43655] returns group-6AC6E4E1EDF5:java.util.concurrent.CompletableFuture@63faf23d[Not completed]
2019-10-02 10:08:24,429 [grpc-default-executor-12] INFO  impl.RaftServerProxy (RaftServerProxy.java:addNew(89)) - 5a36316c-6269-4ab0-8563-6514c3376d21: addNew group-6AC6E4E1EDF5:[f543130f-443f-4ba5-9d6e-59ecbb0ec00a:192.168.164.250:36191, 5a36316c-6269-4ab0-8563-6514c3376d21:192.168.164.250:32906, 49e61346-ce49-4850-8dcd-6024868ef21c:192.168.164.250:43655] returns group-6AC6E4E1EDF5:java.util.concurrent.CompletableFuture@67c56a9a[Not completed]
2019-10-02 10:08:24,430 [grpc-default-executor-6] INFO  impl.RaftServerProxy (RaftServerProxy.java:addNew(89)) - f543130f-443f-4ba5-9d6e-59ecbb0ec00a: addNew group-6AC6E4E1EDF5:[f543130f-443f-4ba5-9d6e-59ecbb0ec00a:192.168.164.250:36191, 5a36316c-6269-4ab0-8563-6514c3376d21:192.168.164.250:32906, 49e61346-ce49-4850-8dcd-6024868ef21c:192.168.164.250:43655] returns group-6AC6E4E1EDF5:java.util.concurrent.CompletableFuture@36e84b30[Not completed]
2019-10-02 10:08:24,431 [pool-47-thread-1] INFO  impl.RaftServerImpl (RaftServerImpl.java:<init>(95)) - 49e61346-ce49-4850-8dcd-6024868ef21c: new RaftServerImpl for group-6AC6E4E1EDF5:[f543130f-443f-4ba5-9d6e-59ecbb0ec00a:192.168.164.250:36191, 5a36316c-6269-4ab0-8563-6514c3376d21:192.168.164.250:32906, 49e61346-ce49-4850-8dcd-6024868ef21c:192.168.164.250:43655] with ContainerStateMachine:uninitialized
2019-10-02 10:08:24,431 [pool-47-thread-1] INFO  server.RaftServerConfigKeys (ConfUtils.java:logGet(43)) - raft.server.rpc.timeout.min = 5s (custom)
2019-10-02 10:08:24,432 [pool-47-thread-1] INFO  server.RaftServerConfigKeys (ConfUtils.java:logGet(43)) - raft.server.rpc.timeout.max = 5200ms (custom)
2019-10-02 10:08:24,432 [pool-47-thread-1] INFO  server.RaftServerConfigKeys (ConfUtils.java:logGet(43)) - raft.server.rpcslowness.timeout = 120s (custom)
2019-10-02 10:08:24,432 [pool-47-thread-1] INFO  server.RaftServerConfigKeys (ConfUtils.java:logGet(43)) - raft.server.sleep.deviation.threshold = 300 (default)
2019-10-02 10:08:24,432 [pool-47-thread-1] INFO  server.RaftServerConfigKeys (ConfUtils.java:logGet(43)) - raft.server.log.appender.install.snapshot.enabled = false (custom)
2019-10-02 10:08:24,432 [pool-47-thread-1] INFO  impl.RaftServerImpl (ServerState.java:<init>(103)) - 49e61346-ce49-4850-8dcd-6024868ef21c@group-6AC6E4E1EDF5: ConfigurationManager, init=-1: [f543130f-443f-4ba5-9d6e-59ecbb0ec00a:192.168.164.250:36191, 5a36316c-6269-4ab0-8563-6514c3376d21:192.168.164.250:32906, 49e61346-ce49-4850-8dcd-6024868ef21c:192.168.164.250:43655], old=null, confs=<EMPTY_MAP>
2019-10-02 10:08:24,432 [pool-37-thread-1] INFO  impl.RaftServerImpl (RaftServerImpl.java:<init>(95)) - 5a36316c-6269-4ab0-8563-6514c3376d21: new RaftServerImpl for group-6AC6E4E1EDF5:[f543130f-443f-4ba5-9d6e-59ecbb0ec00a:192.168.164.250:36191, 5a36316c-6269-4ab0-8563-6514c3376d21:192.168.164.250:32906, 49e61346-ce49-4850-8dcd-6024868ef21c:192.168.164.250:43655] with ContainerStateMachine:uninitialized
2019-10-02 10:08:24,432 [pool-47-thread-1] INFO  server.RaftServerConfigKeys (ConfUtils.java:logGet(43)) - raft.server.storage.dir = [/workdir/hadoop-ozone/ozonefs/target/test-dir/MiniOzoneClusterImpl-a0bcfbd7-d664-4bc8-be8a-7389cc786fdd/datanode-2/data/ratis] (custom)
2019-10-02 10:08:24,432 [pool-37-thread-1] INFO  server.RaftServerConfigKeys (ConfUtils.java:logGet(43)) - raft.server.rpc.timeout.min = 5s (custom)
2019-10-02 10:08:24,432 [pool-37-thread-1] INFO  server.RaftServerConfigKeys (ConfUtils.java:logGet(43)) - raft.server.rpc.timeout.max = 5200ms (custom)
2019-10-02 10:08:24,432 [pool-47-thread-1] INFO  server.RaftServerConfigKeys (ConfUtils.java:logGet(43)) - raft.server.log.corruption.policy = EXCEPTION (default)
2019-10-02 10:08:24,433 [pool-37-thread-1] INFO  server.RaftServerConfigKeys (ConfUtils.java:logGet(43)) - raft.server.rpcslowness.timeout = 120s (custom)
2019-10-02 10:08:24,433 [pool-47-thread-1] INFO  storage.RaftStorageDirectory (RaftStorageDirectory.java:analyzeStorage(246)) - The storage directory /workdir/hadoop-ozone/ozonefs/target/test-dir/MiniOzoneClusterImpl-a0bcfbd7-d664-4bc8-be8a-7389cc786fdd/datanode-2/data/ratis/7278aab9-4ef3-4c61-9361-6ac6e4e1edf5 does not exist. Creating ...
2019-10-02 10:08:24,433 [pool-37-thread-1] INFO  server.RaftServerConfigKeys (ConfUtils.java:logGet(43)) - raft.server.sleep.deviation.threshold = 300 (default)
2019-10-02 10:08:24,433 [pool-57-thread-1] INFO  impl.RaftServerImpl (RaftServerImpl.java:<init>(95)) - f543130f-443f-4ba5-9d6e-59ecbb0ec00a: new RaftServerImpl for group-6AC6E4E1EDF5:[f543130f-443f-4ba5-9d6e-59ecbb0ec00a:192.168.164.250:36191, 5a36316c-6269-4ab0-8563-6514c3376d21:192.168.164.250:32906, 49e61346-ce49-4850-8dcd-6024868ef21c:192.168.164.250:43655] with ContainerStateMachine:uninitialized
2019-10-02 10:08:24,433 [pool-37-thread-1] INFO  server.RaftServerConfigKeys (ConfUtils.java:logGet(43)) - raft.server.log.appender.install.snapshot.enabled = false (custom)
2019-10-02 10:08:24,433 [pool-57-thread-1] INFO  server.RaftServerConfigKeys (ConfUtils.java:logGet(43)) - raft.server.rpc.timeout.min = 5s (custom)
2019-10-02 10:08:24,433 [pool-37-thread-1] INFO  impl.RaftServerImpl (ServerState.java:<init>(103)) - 5a36316c-6269-4ab0-8563-6514c3376d21@group-6AC6E4E1EDF5: ConfigurationManager, init=-1: [f543130f-443f-4ba5-9d6e-59ecbb0ec00a:192.168.164.250:36191, 5a36316c-6269-4ab0-8563-6514c3376d21:192.168.164.250:32906, 49e61346-ce49-4850-8dcd-6024868ef21c:192.168.164.250:43655], old=null, confs=<EMPTY_MAP>
2019-10-02 10:08:24,433 [pool-57-thread-1] INFO  server.RaftServerConfigKeys (ConfUtils.java:logGet(43)) - raft.server.rpc.timeout.max = 5200ms (custom)
2019-10-02 10:08:24,434 [pool-37-thread-1] INFO  server.RaftServerConfigKeys (ConfUtils.java:logGet(43)) - raft.server.storage.dir = [/workdir/hadoop-ozone/ozonefs/target/test-dir/MiniOzoneClusterImpl-a0bcfbd7-d664-4bc8-be8a-7389cc786fdd/datanode-1/data/ratis] (custom)
2019-10-02 10:08:24,434 [pool-57-thread-1] INFO  server.RaftServerConfigKeys (ConfUtils.java:logGet(43)) - raft.server.rpcslowness.timeout = 120s (custom)
2019-10-02 10:08:24,434 [pool-57-thread-1] INFO  server.RaftServerConfigKeys (ConfUtils.java:logGet(43)) - raft.server.sleep.deviation.threshold = 300 (default)
2019-10-02 10:08:24,434 [pool-37-thread-1] INFO  server.RaftServerConfigKeys (ConfUtils.java:logGet(43)) - raft.server.log.corruption.policy = EXCEPTION (default)
2019-10-02 10:08:24,434 [pool-57-thread-1] INFO  server.RaftServerConfigKeys (ConfUtils.java:logGet(43)) - raft.server.log.appender.install.snapshot.enabled = false (custom)
2019-10-02 10:08:24,434 [pool-37-thread-1] INFO  storage.RaftStorageDirectory (RaftStorageDirectory.java:analyzeStorage(246)) - The storage directory /workdir/hadoop-ozone/ozonefs/target/test-dir/MiniOzoneClusterImpl-a0bcfbd7-d664-4bc8-be8a-7389cc786fdd/datanode-1/data/ratis/7278aab9-4ef3-4c61-9361-6ac6e4e1edf5 does not exist. Creating ...
2019-10-02 10:08:24,434 [pool-57-thread-1] INFO  impl.RaftServerImpl (ServerState.java:<init>(103)) - f543130f-443f-4ba5-9d6e-59ecbb0ec00a@group-6AC6E4E1EDF5: ConfigurationManager, init=-1: [f543130f-443f-4ba5-9d6e-59ecbb0ec00a:192.168.164.250:36191, 5a36316c-6269-4ab0-8563-6514c3376d21:192.168.164.250:32906, 49e61346-ce49-4850-8dcd-6024868ef21c:192.168.164.250:43655], old=null, confs=<EMPTY_MAP>
2019-10-02 10:08:24,435 [pool-57-thread-1] INFO  server.RaftServerConfigKeys (ConfUtils.java:logGet(43)) - raft.server.storage.dir = [/workdir/hadoop-ozone/ozonefs/target/test-dir/MiniOzoneClusterImpl-a0bcfbd7-d664-4bc8-be8a-7389cc786fdd/datanode-3/data/ratis] (custom)
2019-10-02 10:08:24,435 [pool-57-thread-1] INFO  server.RaftServerConfigKeys (ConfUtils.java:logGet(43)) - raft.server.log.corruption.policy = EXCEPTION (default)
2019-10-02 10:08:24,435 [pool-57-thread-1] INFO  storage.RaftStorageDirectory (RaftStorageDirectory.java:analyzeStorage(246)) - The storage directory /workdir/hadoop-ozone/ozonefs/target/test-dir/MiniOzoneClusterImpl-a0bcfbd7-d664-4bc8-be8a-7389cc786fdd/datanode-3/data/ratis/7278aab9-4ef3-4c61-9361-6ac6e4e1edf5 does not exist. Creating ...
2019-10-02 10:08:24,447 [pool-57-thread-1] INFO  storage.RaftStorageDirectory (RaftStorageDirectory.java:tryLock(328)) - Lock on /workdir/hadoop-ozone/ozonefs/target/test-dir/MiniOzoneClusterImpl-a0bcfbd7-d664-4bc8-be8a-7389cc786fdd/datanode-3/data/ratis/7278aab9-4ef3-4c61-9361-6ac6e4e1edf5/in_use.lock acquired by nodename 13808@pr-trunk-p5fv4-2201032288
2019-10-02 10:08:24,447 [pool-47-thread-1] INFO  storage.RaftStorageDirectory (RaftStorageDirectory.java:tryLock(328)) - Lock on /workdir/hadoop-ozone/ozonefs/target/test-dir/MiniOzoneClusterImpl-a0bcfbd7-d664-4bc8-be8a-7389cc786fdd/datanode-2/data/ratis/7278aab9-4ef3-4c61-9361-6ac6e4e1edf5/in_use.lock acquired by nodename 13808@pr-trunk-p5fv4-2201032288
2019-10-02 10:08:24,447 [pool-37-thread-1] INFO  storage.RaftStorageDirectory (RaftStorageDirectory.java:tryLock(328)) - Lock on /workdir/hadoop-ozone/ozonefs/target/test-dir/MiniOzoneClusterImpl-a0bcfbd7-d664-4bc8-be8a-7389cc786fdd/datanode-1/data/ratis/7278aab9-4ef3-4c61-9361-6ac6e4e1edf5/in_use.lock acquired by nodename 13808@pr-trunk-p5fv4-2201032288
2019-10-02 10:08:24,461 [pool-57-thread-1] INFO  storage.RaftStorage (RaftStorage.java:format(84)) - Storage directory /workdir/hadoop-ozone/ozonefs/target/test-dir/MiniOzoneClusterImpl-a0bcfbd7-d664-4bc8-be8a-7389cc786fdd/datanode-3/data/ratis/7278aab9-4ef3-4c61-9361-6ac6e4e1edf5 has been successfully formatted.
2019-10-02 10:08:24,461 [pool-37-thread-1] INFO  storage.RaftStorage (RaftStorage.java:format(84)) - Storage directory /workdir/hadoop-ozone/ozonefs/target/test-dir/MiniOzoneClusterImpl-a0bcfbd7-d664-4bc8-be8a-7389cc786fdd/datanode-1/data/ratis/7278aab9-4ef3-4c61-9361-6ac6e4e1edf5 has been successfully formatted.
2019-10-02 10:08:24,461 [pool-47-thread-1] INFO  storage.RaftStorage (RaftStorage.java:format(84)) - Storage directory /workdir/hadoop-ozone/ozonefs/target/test-dir/MiniOzoneClusterImpl-a0bcfbd7-d664-4bc8-be8a-7389cc786fdd/datanode-2/data/ratis/7278aab9-4ef3-4c61-9361-6ac6e4e1edf5 has been successfully formatted.
2019-10-02 10:08:24,461 [pool-37-thread-1] INFO  ratis.ContainerStateMachine (ContainerStateMachine.java:loadSnapshot(231)) - group-6AC6E4E1EDF5: The snapshot info is null. Setting the last applied indexto:(t:0, i:~)
2019-10-02 10:08:24,461 [pool-47-thread-1] INFO  ratis.ContainerStateMachine (ContainerStateMachine.java:loadSnapshot(231)) - group-6AC6E4E1EDF5: The snapshot info is null. Setting the last applied indexto:(t:0, i:~)
2019-10-02 10:08:24,461 [pool-57-thread-1] INFO  ratis.ContainerStateMachine (ContainerStateMachine.java:loadSnapshot(231)) - group-6AC6E4E1EDF5: The snapshot info is null. Setting the last applied indexto:(t:0, i:~)
2019-10-02 10:08:24,461 [pool-47-thread-1] INFO  server.RaftServerConfigKeys (ConfUtils.java:logGet(43)) - raft.server.notification.no-leader.timeout = 120s (custom)
2019-10-02 10:08:24,461 [pool-37-thread-1] INFO  server.RaftServerConfigKeys (ConfUtils.java:logGet(43)) - raft.server.notification.no-leader.timeout = 120s (custom)
2019-10-02 10:08:24,462 [pool-47-thread-1] INFO  server.RaftServerConfigKeys (ConfUtils.java:logGet(43)) - raft.server.log.use.memory = false (default)
2019-10-02 10:08:24,461 [pool-57-thread-1] INFO  server.RaftServerConfigKeys (ConfUtils.java:logGet(43)) - raft.server.notification.no-leader.timeout = 120s (custom)
2019-10-02 10:08:24,462 [pool-47-thread-1] INFO  server.RaftServerConfigKeys (ConfUtils.java:logGet(43)) - raft.server.log.purge.gap = 1000000 (custom)
2019-10-02 10:08:24,462 [pool-37-thread-1] INFO  server.RaftServerConfigKeys (ConfUtils.java:logGet(43)) - raft.server.log.use.memory = false (default)
2019-10-02 10:08:24,462 [pool-47-thread-1] INFO  server.RaftServerConfigKeys (ConfUtils.java:logGet(43)) - raft.server.log.appender.buffer.byte-limit = 33554432 (custom)
2019-10-02 10:08:24,462 [pool-57-thread-1] INFO  server.RaftServerConfigKeys (ConfUtils.java:logGet(43)) - raft.server.log.use.memory = false (default)
2019-10-02 10:08:24,462 [pool-47-thread-1] INFO  server.RaftServerConfigKeys (ConfUtils.java:logGet(43)) - raft.server.log.segment.size.max = 1048576 (custom)
2019-10-02 10:08:24,462 [pool-37-thread-1] INFO  server.RaftServerConfigKeys (ConfUtils.java:logGet(43)) - raft.server.log.purge.gap = 1000000 (custom)
2019-10-02 10:08:24,462 [pool-47-thread-1] INFO  server.RaftServerConfigKeys (ConfUtils.java:logGet(43)) - raft.server.log.segment.cache.num.max = 2 (custom)
2019-10-02 10:08:24,462 [pool-57-thread-1] INFO  server.RaftServerConfigKeys (ConfUtils.java:logGet(43)) - raft.server.log.purge.gap = 1000000 (custom)
2019-10-02 10:08:24,462 [pool-47-thread-1] INFO  segmented.SegmentedRaftLogWorker (SegmentedRaftLogWorker.java:<init>(173)) - new 49e61346-ce49-4850-8dcd-6024868ef21c@group-6AC6E4E1EDF5-SegmentedRaftLogWorker for RaftStorage:Storage Directory /workdir/hadoop-ozone/ozonefs/target/test-dir/MiniOzoneClusterImpl-a0bcfbd7-d664-4bc8-be8a-7389cc786fdd/datanode-2/data/ratis/7278aab9-4ef3-4c61-9361-6ac6e4e1edf5
2019-10-02 10:08:24,462 [pool-37-thread-1] INFO  server.RaftServerConfigKeys (ConfUtils.java:logGet(43)) - raft.server.log.appender.buffer.byte-limit = 33554432 (custom)
2019-10-02 10:08:24,463 [pool-47-thread-1] INFO  server.RaftServerConfigKeys (ConfUtils.java:logGet(43)) - raft.server.log.queue.byte-limit = 2147483647 (custom)
2019-10-02 10:08:24,463 [pool-57-thread-1] INFO  server.RaftServerConfigKeys (ConfUtils.java:logGet(43)) - raft.server.log.appender.buffer.byte-limit = 33554432 (custom)
2019-10-02 10:08:24,463 [pool-47-thread-1] INFO  server.RaftServerConfigKeys (ConfUtils.java:logGet(43)) - raft.server.log.queue.element-limit = 1024 (custom)
2019-10-02 10:08:24,463 [pool-37-thread-1] INFO  server.RaftServerConfigKeys (ConfUtils.java:logGet(43)) - raft.server.log.segment.size.max = 1048576 (custom)
2019-10-02 10:08:24,463 [pool-47-thread-1] INFO  server.RaftServerConfigKeys (ConfUtils.java:logGet(43)) - raft.server.log.segment.size.max = 1048576 (custom)
2019-10-02 10:08:24,463 [pool-57-thread-1] INFO  server.RaftServerConfigKeys (ConfUtils.java:logGet(43)) - raft.server.log.segment.size.max = 1048576 (custom)
2019-10-02 10:08:24,463 [pool-47-thread-1] INFO  server.RaftServerConfigKeys (ConfUtils.java:logGet(43)) - raft.server.log.preallocated.size = 16384 (custom)
2019-10-02 10:08:24,463 [pool-37-thread-1] INFO  server.RaftServerConfigKeys (ConfUtils.java:logGet(43)) - raft.server.log.segment.cache.num.max = 2 (custom)
2019-10-02 10:08:24,463 [pool-47-thread-1] INFO  server.RaftServerConfigKeys (ConfUtils.java:logGet(43)) - raft.server.log.write.buffer.size = 33554432 (custom)
2019-10-02 10:08:24,463 [pool-57-thread-1] INFO  server.RaftServerConfigKeys (ConfUtils.java:logGet(43)) - raft.server.log.segment.cache.num.max = 2 (custom)
2019-10-02 10:08:24,464 [pool-47-thread-1] INFO  server.RaftServerConfigKeys (ConfUtils.java:logGet(43)) - raft.server.log.force.sync.num = 128 (default)
2019-10-02 10:08:24,463 [pool-37-thread-1] INFO  segmented.SegmentedRaftLogWorker (SegmentedRaftLogWorker.java:<init>(173)) - new 5a36316c-6269-4ab0-8563-6514c3376d21@group-6AC6E4E1EDF5-SegmentedRaftLogWorker for RaftStorage:Storage Directory /workdir/hadoop-ozone/ozonefs/target/test-dir/MiniOzoneClusterImpl-a0bcfbd7-d664-4bc8-be8a-7389cc786fdd/datanode-1/data/ratis/7278aab9-4ef3-4c61-9361-6ac6e4e1edf5
2019-10-02 10:08:24,464 [pool-47-thread-1] INFO  server.RaftServerConfigKeys (ConfUtils.java:logGet(43)) - raft.server.log.statemachine.data.sync = true (default)
2019-10-02 10:08:24,464 [pool-57-thread-1] INFO  segmented.SegmentedRaftLogWorker (SegmentedRaftLogWorker.java:<init>(173)) - new f543130f-443f-4ba5-9d6e-59ecbb0ec00a@group-6AC6E4E1EDF5-SegmentedRaftLogWorker for RaftStorage:Storage Directory /workdir/hadoop-ozone/ozonefs/target/test-dir/MiniOzoneClusterImpl-a0bcfbd7-d664-4bc8-be8a-7389cc786fdd/datanode-3/data/ratis/7278aab9-4ef3-4c61-9361-6ac6e4e1edf5
2019-10-02 10:08:24,464 [pool-47-thread-1] INFO  server.RaftServerConfigKeys (ConfUtils.java:logGet(43)) - raft.server.log.statemachine.data.sync.timeout = 10s (default)
2019-10-02 10:08:24,464 [pool-37-thread-1] INFO  server.RaftServerConfigKeys (ConfUtils.java:logGet(43)) - raft.server.log.queue.byte-limit = 2147483647 (custom)
2019-10-02 10:08:24,464 [pool-47-thread-1] INFO  server.RaftServerConfigKeys (ConfUtils.java:logGet(43)) - raft.server.log.statemachine.data.sync.timeout.retry = -1 (default)
2019-10-02 10:08:24,464 [pool-57-thread-1] INFO  server.RaftServerConfigKeys (ConfUtils.java:logGet(43)) - raft.server.log.queue.byte-limit = 2147483647 (custom)
2019-10-02 10:08:24,464 [pool-47-thread-1] INFO  server.RaftServerConfigKeys (ConfUtils.java:logGet(43)) - raft.server.log.statemachine.data.caching.enabled = true (custom)
2019-10-02 10:08:24,464 [pool-37-thread-1] INFO  server.RaftServerConfigKeys (ConfUtils.java:logGet(43)) - raft.server.log.queue.element-limit = 1024 (custom)
2019-10-02 10:08:24,464 [pool-57-thread-1] INFO  server.RaftServerConfigKeys (ConfUtils.java:logGet(43)) - raft.server.log.queue.element-limit = 1024 (custom)
2019-10-02 10:08:24,465 [pool-47-thread-1] INFO  segmented.SegmentedRaftLogWorker (SegmentedRaftLogWorker.java:lambda$new$0(128)) - 49e61346-ce49-4850-8dcd-6024868ef21c@group-6AC6E4E1EDF5-SegmentedRaftLogWorker: flushIndex: setUnconditionally 0 -> -1
2019-10-02 10:08:24,465 [pool-37-thread-1] INFO  server.RaftServerConfigKeys (ConfUtils.java:logGet(43)) - raft.server.log.segment.size.max = 1048576 (custom)
2019-10-02 10:08:24,465 [pool-57-thread-1] INFO  server.RaftServerConfigKeys (ConfUtils.java:logGet(43)) - raft.server.log.segment.size.max = 1048576 (custom)
2019-10-02 10:08:24,465 [pool-47-thread-1] INFO  server.RaftServerConfigKeys (ConfUtils.java:logGet(43)) - raft.server.snapshot.auto.trigger.enabled = true (custom)
2019-10-02 10:08:24,465 [pool-37-thread-1] INFO  server.RaftServerConfigKeys (ConfUtils.java:logGet(43)) - raft.server.log.preallocated.size = 16384 (custom)
2019-10-02 10:08:24,465 [pool-47-thread-1] INFO  server.RaftServerConfigKeys (ConfUtils.java:logGet(43)) - raft.server.snapshot.auto.trigger.threshold = 10000 (custom)
2019-10-02 10:08:24,465 [pool-57-thread-1] INFO  server.RaftServerConfigKeys (ConfUtils.java:logGet(43)) - raft.server.log.preallocated.size = 16384 (custom)
2019-10-02 10:08:24,465 [pool-47-thread-1] INFO  server.RaftServerConfigKeys (ConfUtils.java:logGet(43)) - raft.server.snapshot.retention.file.num = 5 (custom)
2019-10-02 10:08:24,465 [pool-37-thread-1] INFO  server.RaftServerConfigKeys (ConfUtils.java:logGet(43)) - raft.server.log.write.buffer.size = 33554432 (custom)
2019-10-02 10:08:24,466 [pool-47-thread-1] INFO  server.RaftServerConfigKeys (ConfUtils.java:logGet(43)) - raft.server.retrycache.expirytime = 600000ms (custom)
2019-10-02 10:08:24,465 [pool-57-thread-1] INFO  server.RaftServerConfigKeys (ConfUtils.java:logGet(43)) - raft.server.log.write.buffer.size = 33554432 (custom)
2019-10-02 10:08:24,466 [pool-37-thread-1] INFO  server.RaftServerConfigKeys (ConfUtils.java:logGet(43)) - raft.server.log.force.sync.num = 128 (default)
2019-10-02 10:08:24,466 [pool-57-thread-1] INFO  server.RaftServerConfigKeys (ConfUtils.java:logGet(43)) - raft.server.log.force.sync.num = 128 (default)
2019-10-02 10:08:24,466 [pool-37-thread-1] INFO  server.RaftServerConfigKeys (ConfUtils.java:logGet(43)) - raft.server.log.statemachine.data.sync = true (default)
2019-10-02 10:08:24,466 [pool-57-thread-1] INFO  server.RaftServerConfigKeys (ConfUtils.java:logGet(43)) - raft.server.log.statemachine.data.sync = true (default)
2019-10-02 10:08:24,466 [pool-37-thread-1] INFO  server.RaftServerConfigKeys (ConfUtils.java:logGet(43)) - raft.server.log.statemachine.data.sync.timeout = 10s (default)
2019-10-02 10:08:24,466 [pool-57-thread-1] INFO  server.RaftServerConfigKeys (ConfUtils.java:logGet(43)) - raft.server.log.statemachine.data.sync.timeout = 10s (default)
2019-10-02 10:08:24,466 [pool-37-thread-1] INFO  server.RaftServerConfigKeys (ConfUtils.java:logGet(43)) - raft.server.log.statemachine.data.sync.timeout.retry = -1 (default)
2019-10-02 10:08:24,466 [pool-57-thread-1] INFO  server.RaftServerConfigKeys (ConfUtils.java:logGet(43)) - raft.server.log.statemachine.data.sync.timeout.retry = -1 (default)
2019-10-02 10:08:24,466 [pool-37-thread-1] INFO  server.RaftServerConfigKeys (ConfUtils.java:logGet(43)) - raft.server.log.statemachine.data.caching.enabled = true (custom)
2019-10-02 10:08:24,467 [pool-57-thread-1] INFO  server.RaftServerConfigKeys (ConfUtils.java:logGet(43)) - raft.server.log.statemachine.data.caching.enabled = true (custom)
2019-10-02 10:08:24,467 [pool-37-thread-1] INFO  segmented.SegmentedRaftLogWorker (SegmentedRaftLogWorker.java:lambda$new$0(128)) - 5a36316c-6269-4ab0-8563-6514c3376d21@group-6AC6E4E1EDF5-SegmentedRaftLogWorker: flushIndex: setUnconditionally 0 -> -1
2019-10-02 10:08:24,467 [pool-57-thread-1] INFO  segmented.SegmentedRaftLogWorker (SegmentedRaftLogWorker.java:lambda$new$0(128)) - f543130f-443f-4ba5-9d6e-59ecbb0ec00a@group-6AC6E4E1EDF5-SegmentedRaftLogWorker: flushIndex: setUnconditionally 0 -> -1
2019-10-02 10:08:24,467 [pool-37-thread-1] INFO  server.RaftServerConfigKeys (ConfUtils.java:logGet(43)) - raft.server.snapshot.auto.trigger.enabled = true (custom)
2019-10-02 10:08:24,467 [pool-57-thread-1] INFO  server.RaftServerConfigKeys (ConfUtils.java:logGet(43)) - raft.server.snapshot.auto.trigger.enabled = true (custom)
2019-10-02 10:08:24,467 [pool-37-thread-1] INFO  server.RaftServerConfigKeys (ConfUtils.java:logGet(43)) - raft.server.snapshot.auto.trigger.threshold = 10000 (custom)
2019-10-02 10:08:24,467 [pool-57-thread-1] INFO  server.RaftServerConfigKeys (ConfUtils.java:logGet(43)) - raft.server.snapshot.auto.trigger.threshold = 10000 (custom)
2019-10-02 10:08:24,467 [pool-37-thread-1] INFO  server.RaftServerConfigKeys (ConfUtils.java:logGet(43)) - raft.server.snapshot.retention.file.num = 5 (custom)
2019-10-02 10:08:24,467 [pool-57-thread-1] INFO  server.RaftServerConfigKeys (ConfUtils.java:logGet(43)) - raft.server.snapshot.retention.file.num = 5 (custom)
2019-10-02 10:08:24,468 [pool-47-thread-1] INFO  impl.RaftServerImpl (RaftServerImpl.java:start(181)) - 49e61346-ce49-4850-8dcd-6024868ef21c@group-6AC6E4E1EDF5: start as a follower, conf=-1: [f543130f-443f-4ba5-9d6e-59ecbb0ec00a:192.168.164.250:36191, 5a36316c-6269-4ab0-8563-6514c3376d21:192.168.164.250:32906, 49e61346-ce49-4850-8dcd-6024868ef21c:192.168.164.250:43655], old=null
2019-10-02 10:08:24,468 [pool-37-thread-1] INFO  server.RaftServerConfigKeys (ConfUtils.java:logGet(43)) - raft.server.retrycache.expirytime = 600000ms (custom)
2019-10-02 10:08:24,468 [pool-47-thread-1] INFO  impl.RaftServerImpl (RaftServerImpl.java:setRole(170)) - 49e61346-ce49-4850-8dcd-6024868ef21c@group-6AC6E4E1EDF5: changes role from      null to FOLLOWER at term 0 for startAsFollower
2019-10-02 10:08:24,468 [pool-57-thread-1] INFO  server.RaftServerConfigKeys (ConfUtils.java:logGet(43)) - raft.server.retrycache.expirytime = 600000ms (custom)
2019-10-02 10:08:24,468 [pool-47-thread-1] INFO  impl.RoleInfo (RoleInfo.java:updateAndGet(143)) - 49e61346-ce49-4850-8dcd-6024868ef21c: start FollowerState
2019-10-02 10:08:24,468 [pool-47-thread-1] INFO  util.JmxRegister (JmxRegister.java:tryRegister(44)) - Successfully registered JMX Bean with object name Ratis:service=RaftServer,group=group-6AC6E4E1EDF5,id=49e61346-ce49-4850-8dcd-6024868ef21c
2019-10-02 10:08:24,469 [pool-37-thread-1] INFO  impl.RaftServerImpl (RaftServerImpl.java:start(181)) - 5a36316c-6269-4ab0-8563-6514c3376d21@group-6AC6E4E1EDF5: start as a follower, conf=-1: [f543130f-443f-4ba5-9d6e-59ecbb0ec00a:192.168.164.250:36191, 5a36316c-6269-4ab0-8563-6514c3376d21:192.168.164.250:32906, 49e61346-ce49-4850-8dcd-6024868ef21c:192.168.164.250:43655], old=null
2019-10-02 10:08:24,469 [pool-37-thread-1] INFO  impl.RaftServerImpl (RaftServerImpl.java:setRole(170)) - 5a36316c-6269-4ab0-8563-6514c3376d21@group-6AC6E4E1EDF5: changes role from      null to FOLLOWER at term 0 for startAsFollower
2019-10-02 10:08:24,470 [pool-37-thread-1] INFO  impl.RoleInfo (RoleInfo.java:updateAndGet(143)) - 5a36316c-6269-4ab0-8563-6514c3376d21: start FollowerState
2019-10-02 10:08:24,470 [pool-37-thread-1] INFO  util.JmxRegister (JmxRegister.java:tryRegister(44)) - Successfully registered JMX Bean with object name Ratis:service=RaftServer,group=group-6AC6E4E1EDF5,id=5a36316c-6269-4ab0-8563-6514c3376d21
2019-10-02 10:08:24,470 [pool-57-thread-1] INFO  impl.RaftServerImpl (RaftServerImpl.java:start(181)) - f543130f-443f-4ba5-9d6e-59ecbb0ec00a@group-6AC6E4E1EDF5: start as a follower, conf=-1: [f543130f-443f-4ba5-9d6e-59ecbb0ec00a:192.168.164.250:36191, 5a36316c-6269-4ab0-8563-6514c3376d21:192.168.164.250:32906, 49e61346-ce49-4850-8dcd-6024868ef21c:192.168.164.250:43655], old=null
2019-10-02 10:08:24,471 [pool-57-thread-1] INFO  impl.RaftServerImpl (RaftServerImpl.java:setRole(170)) - f543130f-443f-4ba5-9d6e-59ecbb0ec00a@group-6AC6E4E1EDF5: changes role from      null to FOLLOWER at term 0 for startAsFollower
2019-10-02 10:08:24,471 [pool-57-thread-1] INFO  impl.RoleInfo (RoleInfo.java:updateAndGet(143)) - f543130f-443f-4ba5-9d6e-59ecbb0ec00a: start FollowerState
2019-10-02 10:08:24,471 [pool-57-thread-1] INFO  util.JmxRegister (JmxRegister.java:tryRegister(44)) - Successfully registered JMX Bean with object name Ratis:service=RaftServer,group=group-6AC6E4E1EDF5,id=f543130f-443f-4ba5-9d6e-59ecbb0ec00a
2019-10-02 10:08:24,475 [RatisPipelineUtilsThread] INFO  pipeline.PipelineStateManager (PipelineStateManager.java:addPipeline(56)) - Created pipeline Pipeline[ Id: 7278aab9-4ef3-4c61-9361-6ac6e4e1edf5, Nodes: f543130f-443f-4ba5-9d6e-59ecbb0ec00a{ip: 192.168.164.250, host: pr-trunk-p5fv4-2201032288, networkLocation: /default-rack, certSerialId: null}5a36316c-6269-4ab0-8563-6514c3376d21{ip: 192.168.164.250, host: pr-trunk-p5fv4-2201032288, networkLocation: /default-rack, certSerialId: null}49e61346-ce49-4850-8dcd-6024868ef21c{ip: 192.168.164.250, host: pr-trunk-p5fv4-2201032288, networkLocation: /default-rack, certSerialId: null}, Type:RATIS, Factor:THREE, State:OPEN]
2019-10-02 10:08:25,423 [Thread-681] WARN  io.KeyOutputStream (KeyOutputStream.java:handleException(274)) - Encountered exception java.io.IOException: Unexpected Storage Container Exception: java.util.concurrent.CompletionException: java.util.concurrent.CompletionException: org.apache.ratis.protocol.GroupMismatchException: f543130f-443f-4ba5-9d6e-59ecbb0ec00a: group-D3F651902B2E not found. on the pipeline Pipeline[ Id: 1490a740-0e3e-4252-920c-d3f651902b2e, Nodes: f543130f-443f-4ba5-9d6e-59ecbb0ec00a{ip: 192.168.164.250, host: pr-trunk-p5fv4-2201032288, networkLocation: /default-rack, certSerialId: null}5a36316c-6269-4ab0-8563-6514c3376d21{ip: 192.168.164.250, host: pr-trunk-p5fv4-2201032288, networkLocation: /default-rack, certSerialId: null}49e61346-ce49-4850-8dcd-6024868ef21c{ip: 192.168.164.250, host: pr-trunk-p5fv4-2201032288, networkLocation: /default-rack, certSerialId: null}, Type:RATIS, Factor:THREE, State:OPEN]. The last committed block length is 0, uncommitted data length is 4 retry count 0
2019-10-02 10:08:29,484 [Thread-1082] INFO  impl.FollowerState (FollowerState.java:run(108)) - f543130f-443f-4ba5-9d6e-59ecbb0ec00a@group-6AC6E4E1EDF5-FollowerState: change to CANDIDATE, lastRpcTime:5013ms, electionTimeout:5013ms
2019-10-02 10:08:29,489 [Thread-1082] INFO  impl.RoleInfo (RoleInfo.java:shutdownFollowerState(121)) - f543130f-443f-4ba5-9d6e-59ecbb0ec00a: shutdown FollowerState
2019-10-02 10:08:29,489 [Thread-1082] INFO  impl.RaftServerImpl (RaftServerImpl.java:setRole(170)) - f543130f-443f-4ba5-9d6e-59ecbb0ec00a@group-6AC6E4E1EDF5: changes role from  FOLLOWER to CANDIDATE at term 0 for changeToCandidate
2019-10-02 10:08:29,490 [Thread-1082] INFO  impl.RoleInfo (RoleInfo.java:updateAndGet(143)) - f543130f-443f-4ba5-9d6e-59ecbb0ec00a: start LeaderElection
2019-10-02 10:08:29,493 [Thread-1080] INFO  impl.FollowerState (FollowerState.java:run(108)) - 49e61346-ce49-4850-8dcd-6024868ef21c@group-6AC6E4E1EDF5-FollowerState: change to CANDIDATE, lastRpcTime:5024ms, electionTimeout:5024ms
2019-10-02 10:08:29,495 [Thread-1080] INFO  impl.RoleInfo (RoleInfo.java:shutdownFollowerState(121)) - 49e61346-ce49-4850-8dcd-6024868ef21c: shutdown FollowerState
2019-10-02 10:08:29,495 [Thread-1080] INFO  impl.RaftServerImpl (RaftServerImpl.java:setRole(170)) - 49e61346-ce49-4850-8dcd-6024868ef21c@group-6AC6E4E1EDF5: changes role from  FOLLOWER to CANDIDATE at term 0 for changeToCandidate
2019-10-02 10:08:29,495 [Thread-1080] INFO  impl.RoleInfo (RoleInfo.java:updateAndGet(143)) - 49e61346-ce49-4850-8dcd-6024868ef21c: start LeaderElection
2019-10-02 10:08:29,510 [49e61346-ce49-4850-8dcd-6024868ef21c@group-6AC6E4E1EDF5-LeaderElection20] INFO  impl.LeaderElection (LeaderElection.java:askForVotes(178)) - 49e61346-ce49-4850-8dcd-6024868ef21c@group-6AC6E4E1EDF5-LeaderElection20: begin an election at term 1 for -1: [f543130f-443f-4ba5-9d6e-59ecbb0ec00a:192.168.164.250:36191, 5a36316c-6269-4ab0-8563-6514c3376d21:192.168.164.250:32906, 49e61346-ce49-4850-8dcd-6024868ef21c:192.168.164.250:43655], old=null
2019-10-02 10:08:29,510 [f543130f-443f-4ba5-9d6e-59ecbb0ec00a@group-6AC6E4E1EDF5-LeaderElection19] INFO  impl.LeaderElection (LeaderElection.java:askForVotes(178)) - f543130f-443f-4ba5-9d6e-59ecbb0ec00a@group-6AC6E4E1EDF5-LeaderElection19: begin an election at term 1 for -1: [f543130f-443f-4ba5-9d6e-59ecbb0ec00a:192.168.164.250:36191, 5a36316c-6269-4ab0-8563-6514c3376d21:192.168.164.250:32906, 49e61346-ce49-4850-8dcd-6024868ef21c:192.168.164.250:43655], old=null
2019-10-02 10:08:29,518 [grpc-default-executor-11] INFO  impl.RaftServerImpl (RaftServerImpl.java:setRole(170)) - 5a36316c-6269-4ab0-8563-6514c3376d21@group-6AC6E4E1EDF5: changes role from  FOLLOWER to FOLLOWER at term 1 for recognizeCandidate:f543130f-443f-4ba5-9d6e-59ecbb0ec00a
2019-10-02 10:08:29,518 [grpc-default-executor-11] INFO  impl.RoleInfo (RoleInfo.java:shutdownFollowerState(121)) - 5a36316c-6269-4ab0-8563-6514c3376d21: shutdown FollowerState
2019-10-02 10:08:29,518 [grpc-default-executor-11] INFO  impl.RoleInfo (RoleInfo.java:updateAndGet(143)) - 5a36316c-6269-4ab0-8563-6514c3376d21: start FollowerState
2019-10-02 10:08:29,518 [Thread-1081] INFO  impl.FollowerState (FollowerState.java:run(117)) - 5a36316c-6269-4ab0-8563-6514c3376d21@group-6AC6E4E1EDF5-FollowerState was interrupted: java.lang.InterruptedException: sleep interrupted
2019-10-02 10:08:29,534 [49e61346-ce49-4850-8dcd-6024868ef21c@group-6AC6E4E1EDF5-LeaderElection20] INFO  impl.LeaderElection (LeaderElection.java:logAndReturn(56)) - 49e61346-ce49-4850-8dcd-6024868ef21c@group-6AC6E4E1EDF5-LeaderElection20: Election REJECTED; received 2 response(s) [49e61346-ce49-4850-8dcd-6024868ef21c<-f543130f-443f-4ba5-9d6e-59ecbb0ec00a#0:FAIL-t1, 49e61346-ce49-4850-8dcd-6024868ef21c<-5a36316c-6269-4ab0-8563-6514c3376d21#0:FAIL-t1] and 0 exception(s); 49e61346-ce49-4850-8dcd-6024868ef21c@group-6AC6E4E1EDF5:t1, leader=null, voted=49e61346-ce49-4850-8dcd-6024868ef21c, raftlog=49e61346-ce49-4850-8dcd-6024868ef21c@group-6AC6E4E1EDF5-SegmentedRaftLog:OPENED:c-1,f-1,i0, conf=-1: [f543130f-443f-4ba5-9d6e-59ecbb0ec00a:192.168.164.250:36191, 5a36316c-6269-4ab0-8563-6514c3376d21:192.168.164.250:32906, 49e61346-ce49-4850-8dcd-6024868ef21c:192.168.164.250:43655], old=null
2019-10-02 10:08:29,534 [49e61346-ce49-4850-8dcd-6024868ef21c@group-6AC6E4E1EDF5-LeaderElection20] INFO  impl.RaftServerImpl (RaftServerImpl.java:setRole(170)) - 49e61346-ce49-4850-8dcd-6024868ef21c@group-6AC6E4E1EDF5: changes role from CANDIDATE to FOLLOWER at term 1 for DISCOVERED_A_NEW_TERM
2019-10-02 10:08:29,535 [49e61346-ce49-4850-8dcd-6024868ef21c@group-6AC6E4E1EDF5-LeaderElection20] INFO  impl.RoleInfo (RoleInfo.java:shutdownLeaderElection(134)) - 49e61346-ce49-4850-8dcd-6024868ef21c: shutdown LeaderElection
2019-10-02 10:08:29,535 [49e61346-ce49-4850-8dcd-6024868ef21c@group-6AC6E4E1EDF5-LeaderElection20] INFO  impl.RoleInfo (RoleInfo.java:updateAndGet(143)) - 49e61346-ce49-4850-8dcd-6024868ef21c: start FollowerState
2019-10-02 10:08:29,535 [f543130f-443f-4ba5-9d6e-59ecbb0ec00a@group-6AC6E4E1EDF5-LeaderElection19] INFO  impl.LeaderElection (LeaderElection.java:logAndReturn(56)) - f543130f-443f-4ba5-9d6e-59ecbb0ec00a@group-6AC6E4E1EDF5-LeaderElection19: Election PASSED; received 2 response(s) [f543130f-443f-4ba5-9d6e-59ecbb0ec00a<-5a36316c-6269-4ab0-8563-6514c3376d21#0:OK-t1, f543130f-443f-4ba5-9d6e-59ecbb0ec00a<-49e61346-ce49-4850-8dcd-6024868ef21c#0:FAIL-t1] and 0 exception(s); f543130f-443f-4ba5-9d6e-59ecbb0ec00a@group-6AC6E4E1EDF5:t1, leader=null, voted=f543130f-443f-4ba5-9d6e-59ecbb0ec00a, raftlog=f543130f-443f-4ba5-9d6e-59ecbb0ec00a@group-6AC6E4E1EDF5-SegmentedRaftLog:OPENED:c-1,f-1,i0, conf=-1: [f543130f-443f-4ba5-9d6e-59ecbb0ec00a:192.168.164.250:36191, 5a36316c-6269-4ab0-8563-6514c3376d21:192.168.164.250:32906, 49e61346-ce49-4850-8dcd-6024868ef21c:192.168.164.250:43655], old=null
2019-10-02 10:08:29,537 [f543130f-443f-4ba5-9d6e-59ecbb0ec00a@group-6AC6E4E1EDF5-LeaderElection19] INFO  impl.RoleInfo (RoleInfo.java:shutdownLeaderElection(134)) - f543130f-443f-4ba5-9d6e-59ecbb0ec00a: shutdown LeaderElection
2019-10-02 10:08:29,538 [f543130f-443f-4ba5-9d6e-59ecbb0ec00a@group-6AC6E4E1EDF5-LeaderElection19] INFO  impl.RaftServerImpl (RaftServerImpl.java:setRole(170)) - f543130f-443f-4ba5-9d6e-59ecbb0ec00a@group-6AC6E4E1EDF5: changes role from CANDIDATE to LEADER at term 1 for changeToLeader
2019-10-02 10:08:29,538 [f543130f-443f-4ba5-9d6e-59ecbb0ec00a@group-6AC6E4E1EDF5-LeaderElection19] INFO  impl.RaftServerImpl (ServerState.java:setLeader(255)) - f543130f-443f-4ba5-9d6e-59ecbb0ec00a@group-6AC6E4E1EDF5: change Leader from null to f543130f-443f-4ba5-9d6e-59ecbb0ec00a at term 1 for becomeLeader, leader elected after 5076ms
2019-10-02 10:08:29,538 [f543130f-443f-4ba5-9d6e-59ecbb0ec00a@group-6AC6E4E1EDF5-LeaderElection19] INFO  server.RaftServerConfigKeys (ConfUtils.java:logGet(43)) - raft.server.staging.catchup.gap = 1000 (default)
2019-10-02 10:08:29,539 [f543130f-443f-4ba5-9d6e-59ecbb0ec00a@group-6AC6E4E1EDF5-LeaderElection19] INFO  server.RaftServerConfigKeys (ConfUtils.java:logGet(43)) - raft.server.rpc.sleep.time = 25ms (default)
2019-10-02 10:08:29,539 [f543130f-443f-4ba5-9d6e-59ecbb0ec00a@group-6AC6E4E1EDF5-LeaderElection19] INFO  server.RaftServerConfigKeys (ConfUtils.java:logGet(43)) - raft.server.write.element-limit = 4096 (default)
2019-10-02 10:08:29,540 [f543130f-443f-4ba5-9d6e-59ecbb0ec00a@group-6AC6E4E1EDF5-LeaderElection19] INFO  server.RaftServerConfigKeys (ConfUtils.java:logGet(43)) - raft.server.watch.timeout = 10s (default)
2019-10-02 10:08:29,540 [f543130f-443f-4ba5-9d6e-59ecbb0ec00a@group-6AC6E4E1EDF5-LeaderElection19] INFO  server.RaftServerConfigKeys (ConfUtils.java:logGet(43)) - raft.server.watch.timeout.denomination = 1s (default)
2019-10-02 10:08:29,540 [f543130f-443f-4ba5-9d6e-59ecbb0ec00a@group-6AC6E4E1EDF5-LeaderElection19] INFO  server.RaftServerConfigKeys (ConfUtils.java:logGet(43)) - raft.server.watch.element-limit = 65536 (default)
2019-10-02 10:08:29,546 [f543130f-443f-4ba5-9d6e-59ecbb0ec00a@group-6AC6E4E1EDF5-LeaderElection19] INFO  server.RaftServerConfigKeys (ConfUtils.java:logGet(43)) - raft.server.log.appender.snapshot.chunk.size.max = 16MB (=16777216) (default)
2019-10-02 10:08:29,548 [f543130f-443f-4ba5-9d6e-59ecbb0ec00a@group-6AC6E4E1EDF5-LeaderElection19] INFO  server.RaftServerConfigKeys (ConfUtils.java:logGet(43)) - raft.server.log.appender.buffer.byte-limit = 33554432 (custom)
2019-10-02 10:08:29,548 [f543130f-443f-4ba5-9d6e-59ecbb0ec00a@group-6AC6E4E1EDF5-LeaderElection19] INFO  server.RaftServerConfigKeys (ConfUtils.java:logGet(43)) - raft.server.log.appender.buffer.element-limit = 1 (custom)
2019-10-02 10:08:29,549 [f543130f-443f-4ba5-9d6e-59ecbb0ec00a@group-6AC6E4E1EDF5-LeaderElection19] INFO  grpc.GrpcConfigKeys$Server (ConfUtils.java:logGet(43)) - raft.grpc.server.leader.outstanding.appends.max = 128 (default)
2019-10-02 10:08:29,549 [f543130f-443f-4ba5-9d6e-59ecbb0ec00a@group-6AC6E4E1EDF5-LeaderElection19] INFO  server.RaftServerConfigKeys (ConfUtils.java:logGet(43)) - raft.server.rpc.request.timeout = 3000ms (default)
2019-10-02 10:08:29,550 [f543130f-443f-4ba5-9d6e-59ecbb0ec00a@group-6AC6E4E1EDF5-LeaderElection19] INFO  server.RaftServerConfigKeys (ConfUtils.java:logGet(43)) - raft.server.log.appender.install.snapshot.enabled = false (custom)
2019-10-02 10:08:29,550 [f543130f-443f-4ba5-9d6e-59ecbb0ec00a@group-6AC6E4E1EDF5-LeaderElection19] INFO  server.RaftServerConfigKeys (ConfUtils.java:logGet(43)) - raft.server.log.appender.snapshot.chunk.size.max = 16MB (=16777216) (default)
2019-10-02 10:08:29,550 [f543130f-443f-4ba5-9d6e-59ecbb0ec00a@group-6AC6E4E1EDF5-LeaderElection19] INFO  server.RaftServerConfigKeys (ConfUtils.java:logGet(43)) - raft.server.log.appender.buffer.byte-limit = 33554432 (custom)
2019-10-02 10:08:29,550 [f543130f-443f-4ba5-9d6e-59ecbb0ec00a@group-6AC6E4E1EDF5-LeaderElection19] INFO  server.RaftServerConfigKeys (ConfUtils.java:logGet(43)) - raft.server.log.appender.buffer.element-limit = 1 (custom)
2019-10-02 10:08:29,550 [f543130f-443f-4ba5-9d6e-59ecbb0ec00a@group-6AC6E4E1EDF5-LeaderElection19] INFO  grpc.GrpcConfigKeys$Server (ConfUtils.java:logGet(43)) - raft.grpc.server.leader.outstanding.appends.max = 128 (default)
2019-10-02 10:08:29,551 [f543130f-443f-4ba5-9d6e-59ecbb0ec00a@group-6AC6E4E1EDF5-LeaderElection19] INFO  server.RaftServerConfigKeys (ConfUtils.java:logGet(43)) - raft.server.rpc.request.timeout = 3000ms (default)
2019-10-02 10:08:29,551 [f543130f-443f-4ba5-9d6e-59ecbb0ec00a@group-6AC6E4E1EDF5-LeaderElection19] INFO  server.RaftServerConfigKeys (ConfUtils.java:logGet(43)) - raft.server.log.appender.install.snapshot.enabled = false (custom)
2019-10-02 10:08:29,551 [f543130f-443f-4ba5-9d6e-59ecbb0ec00a@group-6AC6E4E1EDF5-LeaderElection19] INFO  impl.RoleInfo (RoleInfo.java:updateAndGet(143)) - f543130f-443f-4ba5-9d6e-59ecbb0ec00a: start LeaderState
2019-10-02 10:08:29,552 [f543130f-443f-4ba5-9d6e-59ecbb0ec00a@group-6AC6E4E1EDF5-LeaderElection19] INFO  segmented.SegmentedRaftLogWorker (SegmentedRaftLogWorker.java:startLogSegment(385)) - f543130f-443f-4ba5-9d6e-59ecbb0ec00a@group-6AC6E4E1EDF5-SegmentedRaftLogWorker: Starting segment from index:0
2019-10-02 10:08:29,553 [f543130f-443f-4ba5-9d6e-59ecbb0ec00a@group-6AC6E4E1EDF5-LeaderElection19] INFO  impl.RaftServerImpl (ServerState.java:setRaftConf(356)) - f543130f-443f-4ba5-9d6e-59ecbb0ec00a@group-6AC6E4E1EDF5: set configuration 0: [f543130f-443f-4ba5-9d6e-59ecbb0ec00a:192.168.164.250:36191, 5a36316c-6269-4ab0-8563-6514c3376d21:192.168.164.250:32906, 49e61346-ce49-4850-8dcd-6024868ef21c:192.168.164.250:43655], old=null at 0
2019-10-02 10:08:29,554 [grpc-default-executor-11] INFO  impl.RaftServerImpl (ServerState.java:setLeader(255)) - 5a36316c-6269-4ab0-8563-6514c3376d21@group-6AC6E4E1EDF5: change Leader from null to f543130f-443f-4ba5-9d6e-59ecbb0ec00a at term 1 for appendEntries, leader elected after 5092ms
2019-10-02 10:08:29,554 [grpc-default-executor-13] INFO  impl.RaftServerImpl (ServerState.java:setLeader(255)) - 49e61346-ce49-4850-8dcd-6024868ef21c@group-6AC6E4E1EDF5: change Leader from null to f543130f-443f-4ba5-9d6e-59ecbb0ec00a at term 1 for appendEntries, leader elected after 5092ms
2019-10-02 10:08:29,587 [grpc-default-executor-11] INFO  impl.RaftServerImpl (ServerState.java:setRaftConf(356)) - 49e61346-ce49-4850-8dcd-6024868ef21c@group-6AC6E4E1EDF5: set configuration 0: [f543130f-443f-4ba5-9d6e-59ecbb0ec00a:192.168.164.250:36191, 5a36316c-6269-4ab0-8563-6514c3376d21:192.168.164.250:32906, 49e61346-ce49-4850-8dcd-6024868ef21c:192.168.164.250:43655], old=null at 0
2019-10-02 10:08:29,587 [grpc-default-executor-13] INFO  impl.RaftServerImpl (ServerState.java:setRaftConf(356)) - 5a36316c-6269-4ab0-8563-6514c3376d21@group-6AC6E4E1EDF5: set configuration 0: [f543130f-443f-4ba5-9d6e-59ecbb0ec00a:192.168.164.250:36191, 5a36316c-6269-4ab0-8563-6514c3376d21:192.168.164.250:32906, 49e61346-ce49-4850-8dcd-6024868ef21c:192.168.164.250:43655], old=null at 0
2019-10-02 10:08:29,587 [grpc-default-executor-11] INFO  segmented.SegmentedRaftLogWorker (SegmentedRaftLogWorker.java:startLogSegment(385)) - 49e61346-ce49-4850-8dcd-6024868ef21c@group-6AC6E4E1EDF5-SegmentedRaftLogWorker: Starting segment from index:0
2019-10-02 10:08:29,587 [grpc-default-executor-13] INFO  segmented.SegmentedRaftLogWorker (SegmentedRaftLogWorker.java:startLogSegment(385)) - 5a36316c-6269-4ab0-8563-6514c3376d21@group-6AC6E4E1EDF5-SegmentedRaftLogWorker: Starting segment from index:0
2019-10-02 10:08:29,596 [f543130f-443f-4ba5-9d6e-59ecbb0ec00a@group-6AC6E4E1EDF5-SegmentedRaftLogWorker] INFO  segmented.SegmentedRaftLogWorker (SegmentedRaftLogWorker.java:execute(574)) - f543130f-443f-4ba5-9d6e-59ecbb0ec00a@group-6AC6E4E1EDF5-SegmentedRaftLogWorker: created new log segment /workdir/hadoop-ozone/ozonefs/target/test-dir/MiniOzoneClusterImpl-a0bcfbd7-d664-4bc8-be8a-7389cc786fdd/datanode-3/data/ratis/7278aab9-4ef3-4c61-9361-6ac6e4e1edf5/current/log_inprogress_0
2019-10-02 10:08:29,621 [49e61346-ce49-4850-8dcd-6024868ef21c@group-6AC6E4E1EDF5-SegmentedRaftLogWorker] INFO  segmented.SegmentedRaftLogWorker (SegmentedRaftLogWorker.java:execute(574)) - 49e61346-ce49-4850-8dcd-6024868ef21c@group-6AC6E4E1EDF5-SegmentedRaftLogWorker: created new log segment /workdir/hadoop-ozone/ozonefs/target/test-dir/MiniOzoneClusterImpl-a0bcfbd7-d664-4bc8-be8a-7389cc786fdd/datanode-2/data/ratis/7278aab9-4ef3-4c61-9361-6ac6e4e1edf5/current/log_inprogress_0
2019-10-02 10:08:29,622 [5a36316c-6269-4ab0-8563-6514c3376d21@group-6AC6E4E1EDF5-SegmentedRaftLogWorker] INFO  segmented.SegmentedRaftLogWorker (SegmentedRaftLogWorker.java:execute(574)) - 5a36316c-6269-4ab0-8563-6514c3376d21@group-6AC6E4E1EDF5-SegmentedRaftLogWorker: created new log segment /workdir/hadoop-ozone/ozonefs/target/test-dir/MiniOzoneClusterImpl-a0bcfbd7-d664-4bc8-be8a-7389cc786fdd/datanode-1/data/ratis/7278aab9-4ef3-4c61-9361-6ac6e4e1edf5/current/log_inprogress_0
2019-10-02 10:08:31,703 [pool-56-thread-10] ERROR impl.ChunkManagerImpl (ChunkUtils.java:writeData(89)) - data array does not match the length specified. DataLen: 4 Byte Array: 160
2019-10-02 10:08:31,704 [pool-56-thread-10] INFO  keyvalue.KeyValueHandler (ContainerUtils.java:logAndReturnError(146)) - Operation: WriteChunk : Trace ID: c6a565e8ee076051:c6a565e8ee076051:0:0 : Message: data array does not match the length specified. DataLen: 4 Byte Array: 160 : Result: INVALID_WRITE_SIZE
2019-10-02 10:08:31,717 [EventQueue-IncrementalContainerReportForIncrementalContainerReportHandler] WARN  container.IncrementalContainerReportHandler (AbstractContainerReportHandler.java:updateContainerState(143)) - Container #8 is in OPEN state, but the datanode f543130f-443f-4ba5-9d6e-59ecbb0ec00a{ip: 192.168.164.250, host: pr-trunk-p5fv4-2201032288, networkLocation: /default-rack, certSerialId: null} reports an UNHEALTHY replica.
2019-10-02 10:08:31,717 [EventQueue-CloseContainerForCloseContainerEventHandler] INFO  container.CloseContainerEventHandler (CloseContainerEventHandler.java:onMessage(61)) - Close container Event triggered for container : #8
10:08:31.717 [pool-56-thread-10] ERROR DNAudit - user=null | ip=null | op=WRITE_CHUNK {blockData=conID: 8 locID: 102892234699046923 bcsId: 0} | ret=FAILURE
java.lang.Exception: data array does not match the length specified. DataLen: 4 Byte Array: 160
	at org.apache.hadoop.ozone.container.common.impl.HddsDispatcher.dispatchRequest(HddsDispatcher.java:330) ~[hadoop-hdds-container-service-0.5.0-SNAPSHOT.jar:?]
	at org.apache.hadoop.ozone.container.common.impl.HddsDispatcher.dispatch(HddsDispatcher.java:150) ~[hadoop-hdds-container-service-0.5.0-SNAPSHOT.jar:?]
	at org.apache.hadoop.ozone.container.common.transport.server.ratis.ContainerStateMachine.dispatchCommand(ContainerStateMachine.java:407) ~[hadoop-hdds-container-service-0.5.0-SNAPSHOT.jar:?]
	at org.apache.hadoop.ozone.container.common.transport.server.ratis.ContainerStateMachine.runCommand(ContainerStateMachine.java:415) ~[hadoop-hdds-container-service-0.5.0-SNAPSHOT.jar:?]
	at org.apache.hadoop.ozone.container.common.transport.server.ratis.ContainerStateMachine.lambda$handleWriteChunk$1(ContainerStateMachine.java:450) ~[hadoop-hdds-container-service-0.5.0-SNAPSHOT.jar:?]
	at java.util.concurrent.CompletableFuture$AsyncSupply.run(CompletableFuture.java:1590) [?:1.8.0_212]
	at java.util.concurrent.ThreadPoolExecutor.runWorker(ThreadPoolExecutor.java:1149) [?:1.8.0_212]
	at java.util.concurrent.ThreadPoolExecutor$Worker.run(ThreadPoolExecutor.java:624) [?:1.8.0_212]
	at java.lang.Thread.run(Thread.java:748) [?:1.8.0_212]
2019-10-02 10:08:31,718 [pool-56-thread-10] ERROR ratis.ContainerStateMachine (ContainerStateMachine.java:lambda$handleWriteChunk$2(470)) - group-6AC6E4E1EDF5: writeChunk writeStateMachineData failed: blockIdcontainerID: 8
localID: 102892234699046923
blockCommitSequenceId: 0
 logIndex 1 chunkName 102892234699046923_chunk_1 Error message: data array does not match the length specified. DataLen: 4 Byte Array: 160 Container Result: INVALID_WRITE_SIZE
2019-10-02 10:08:31,718 [f543130f-443f-4ba5-9d6e-59ecbb0ec00a@group-6AC6E4E1EDF5-SegmentedRaftLogWorker] ERROR ratis.XceiverServerRatis (XceiverServerRatis.java:triggerPipelineClose(581)) - pipeline Action CLOSE  on pipeline PipelineID=7278aab9-4ef3-4c61-9361-6ac6e4e1edf5.Reason : data array does not match the length specified. DataLen: 4 Byte Array: 160
2019-10-02 10:08:31,718 [f543130f-443f-4ba5-9d6e-59ecbb0ec00a@group-6AC6E4E1EDF5-SegmentedRaftLogWorker] ERROR ratis.XceiverServerRatis (XceiverServerRatis.java:triggerPipelineClose(581)) - pipeline Action CLOSE  on pipeline PipelineID=7278aab9-4ef3-4c61-9361-6ac6e4e1edf5.Reason : Log already failed at index 1 for task WriteLog:1: (t:1, i:1), STATEMACHINELOGENTRY, client-28DB8655D0DD, cid=65
2019-10-02 10:08:31,719 [EventQueue-PipelineActionsForPipelineActionHandler] ERROR pipeline.PipelineActionHandler (PipelineActionHandler.java:onMessage(60)) - Received pipeline action CLOSE for Pipeline[ Id: 7278aab9-4ef3-4c61-9361-6ac6e4e1edf5, Nodes: f543130f-443f-4ba5-9d6e-59ecbb0ec00a{ip: 192.168.164.250, host: pr-trunk-p5fv4-2201032288, networkLocation: /default-rack, certSerialId: null}5a36316c-6269-4ab0-8563-6514c3376d21{ip: 192.168.164.250, host: pr-trunk-p5fv4-2201032288, networkLocation: /default-rack, certSerialId: null}49e61346-ce49-4850-8dcd-6024868ef21c{ip: 192.168.164.250, host: pr-trunk-p5fv4-2201032288, networkLocation: /default-rack, certSerialId: null}, Type:RATIS, Factor:THREE, State:OPEN] from datanode f543130f-443f-4ba5-9d6e-59ecbb0ec00a{ip: 192.168.164.250, host: pr-trunk-p5fv4-2201032288, networkLocation: /default-rack, certSerialId: null}. Reason : data array does not match the length specified. DataLen: 4 Byte Array: 160
2019-10-02 10:08:31,719 [EventQueue-PipelineActionsForPipelineActionHandler] INFO  pipeline.SCMPipelineManager (SCMPipelineManager.java:finalizeAndDestroyPipeline(315)) - destroying pipeline:Pipeline[ Id: 7278aab9-4ef3-4c61-9361-6ac6e4e1edf5, Nodes: f543130f-443f-4ba5-9d6e-59ecbb0ec00a{ip: 192.168.164.250, host: pr-trunk-p5fv4-2201032288, networkLocation: /default-rack, certSerialId: null}5a36316c-6269-4ab0-8563-6514c3376d21{ip: 192.168.164.250, host: pr-trunk-p5fv4-2201032288, networkLocation: /default-rack, certSerialId: null}49e61346-ce49-4850-8dcd-6024868ef21c{ip: 192.168.164.250, host: pr-trunk-p5fv4-2201032288, networkLocation: /default-rack, certSerialId: null}, Type:RATIS, Factor:THREE, State:OPEN]
2019-10-02 10:08:31,719 [EventQueue-PipelineActionsForPipelineActionHandler] INFO  pipeline.PipelineStateManager (PipelineStateManager.java:finalizePipeline(123)) - Pipeline Pipeline[ Id: 7278aab9-4ef3-4c61-9361-6ac6e4e1edf5, Nodes: f543130f-443f-4ba5-9d6e-59ecbb0ec00a{ip: 192.168.164.250, host: pr-trunk-p5fv4-2201032288, networkLocation: /default-rack, certSerialId: null}5a36316c-6269-4ab0-8563-6514c3376d21{ip: 192.168.164.250, host: pr-trunk-p5fv4-2201032288, networkLocation: /default-rack, certSerialId: null}49e61346-ce49-4850-8dcd-6024868ef21c{ip: 192.168.164.250, host: pr-trunk-p5fv4-2201032288, networkLocation: /default-rack, certSerialId: null}, Type:RATIS, Factor:THREE, State:CLOSED] moved to CLOSED state
2019-10-02 10:08:31,720 [EventQueue-PipelineActionsForPipelineActionHandler] ERROR pipeline.PipelineActionHandler (PipelineActionHandler.java:onMessage(60)) - Received pipeline action CLOSE for Pipeline[ Id: 7278aab9-4ef3-4c61-9361-6ac6e4e1edf5, Nodes: f543130f-443f-4ba5-9d6e-59ecbb0ec00a{ip: 192.168.164.250, host: pr-trunk-p5fv4-2201032288, networkLocation: /default-rack, certSerialId: null}5a36316c-6269-4ab0-8563-6514c3376d21{ip: 192.168.164.250, host: pr-trunk-p5fv4-2201032288, networkLocation: /default-rack, certSerialId: null}49e61346-ce49-4850-8dcd-6024868ef21c{ip: 192.168.164.250, host: pr-trunk-p5fv4-2201032288, networkLocation: /default-rack, certSerialId: null}, Type:RATIS, Factor:THREE, State:CLOSED] from datanode f543130f-443f-4ba5-9d6e-59ecbb0ec00a{ip: 192.168.164.250, host: pr-trunk-p5fv4-2201032288, networkLocation: /default-rack, certSerialId: null}. Reason : Log already failed at index 1 for task WriteLog:1: (t:1, i:1), STATEMACHINELOGENTRY, client-28DB8655D0DD, cid=65
2019-10-02 10:08:31,720 [EventQueue-PipelineActionsForPipelineActionHandler] INFO  pipeline.SCMPipelineManager (SCMPipelineManager.java:finalizeAndDestroyPipeline(315)) - destroying pipeline:Pipeline[ Id: 7278aab9-4ef3-4c61-9361-6ac6e4e1edf5, Nodes: f543130f-443f-4ba5-9d6e-59ecbb0ec00a{ip: 192.168.164.250, host: pr-trunk-p5fv4-2201032288, networkLocation: /default-rack, certSerialId: null}5a36316c-6269-4ab0-8563-6514c3376d21{ip: 192.168.164.250, host: pr-trunk-p5fv4-2201032288, networkLocation: /default-rack, certSerialId: null}49e61346-ce49-4850-8dcd-6024868ef21c{ip: 192.168.164.250, host: pr-trunk-p5fv4-2201032288, networkLocation: /default-rack, certSerialId: null}, Type:RATIS, Factor:THREE, State:CLOSED]
2019-10-02 10:08:34,603 [java.util.concurrent.ThreadPoolExecutor$Worker@177aba88[State = -1, empty queue]] ERROR client.GrpcClientProtocolClient (GrpcClientProtocolClient.java:close(148)) - Unexpected exception while waiting for channel termination
java.lang.InterruptedException
	at java.util.concurrent.locks.AbstractQueuedSynchronizer.tryAcquireSharedNanos(AbstractQueuedSynchronizer.java:1326)
	at java.util.concurrent.CountDownLatch.await(CountDownLatch.java:277)
	at org.apache.ratis.thirdparty.io.grpc.internal.ManagedChannelImpl.awaitTermination(ManagedChannelImpl.java:763)
	at org.apache.ratis.thirdparty.io.grpc.internal.ForwardingManagedChannel.awaitTermination(ForwardingManagedChannel.java:57)
	at org.apache.ratis.thirdparty.io.grpc.internal.ManagedChannelOrphanWrapper.awaitTermination(ManagedChannelOrphanWrapper.java:70)
	at org.apache.ratis.grpc.client.GrpcClientProtocolClient.close(GrpcClientProtocolClient.java:146)
	at org.apache.ratis.util.PeerProxyMap$PeerAndProxy.lambda$close$1(PeerProxyMap.java:74)
	at org.apache.ratis.util.LifeCycle.lambda$checkStateAndClose$2(LifeCycle.java:231)
	at org.apache.ratis.util.LifeCycle.checkStateAndClose(LifeCycle.java:251)
	at org.apache.ratis.util.LifeCycle.checkStateAndClose(LifeCycle.java:229)
	at org.apache.ratis.util.PeerProxyMap$PeerAndProxy.close(PeerProxyMap.java:70)
	at org.apache.ratis.util.PeerProxyMap.resetProxy(PeerProxyMap.java:127)
	at org.apache.ratis.util.PeerProxyMap.handleException(PeerProxyMap.java:136)
	at org.apache.ratis.client.impl.RaftClientRpcWithProxy.handleException(RaftClientRpcWithProxy.java:47)
	at org.apache.ratis.client.impl.RaftClientImpl.handleIOException(RaftClientImpl.java:372)
	at org.apache.ratis.client.impl.OrderedAsync.lambda$sendRequest$10(OrderedAsync.java:236)
	at java.util.concurrent.CompletableFuture.uniExceptionally(CompletableFuture.java:870)
	at java.util.concurrent.CompletableFuture$UniExceptionally.tryFire(CompletableFuture.java:852)
	at java.util.concurrent.CompletableFuture.postComplete(CompletableFuture.java:474)
	at java.util.concurrent.CompletableFuture.completeExceptionally(CompletableFuture.java:1977)
	at org.apache.ratis.grpc.client.GrpcClientProtocolClient$AsyncStreamObservers.lambda$timeoutCheck$3(GrpcClientProtocolClient.java:324)
	at java.util.Optional.ifPresent(Optional.java:159)
	at org.apache.ratis.grpc.client.GrpcClientProtocolClient$AsyncStreamObservers.handleReplyFuture(GrpcClientProtocolClient.java:329)
	at org.apache.ratis.grpc.client.GrpcClientProtocolClient$AsyncStreamObservers.timeoutCheck(GrpcClientProtocolClient.java:324)
	at org.apache.ratis.grpc.client.GrpcClientProtocolClient$AsyncStreamObservers.lambda$onNext$1(GrpcClientProtocolClient.java:318)
	at org.apache.ratis.util.TimeoutScheduler.lambda$onTimeout$0(TimeoutScheduler.java:113)
	at org.apache.ratis.util.TimeoutScheduler.lambda$onTimeout$1(TimeoutScheduler.java:133)
	at org.apache.ratis.util.LogUtils.runAndLog(LogUtils.java:50)
	at org.apache.ratis.util.LogUtils$1.run(LogUtils.java:91)
	at java.util.concurrent.Executors$RunnableAdapter.call(Executors.java:511)
	at java.util.concurrent.FutureTask.run(FutureTask.java:266)
	at java.util.concurrent.ScheduledThreadPoolExecutor$ScheduledFutureTask.access$201(ScheduledThreadPoolExecutor.java:180)
	at java.util.concurrent.ScheduledThreadPoolExecutor$ScheduledFutureTask.run(ScheduledThreadPoolExecutor.java:293)
	at java.util.concurrent.ThreadPoolExecutor.runWorker(ThreadPoolExecutor.java:1149)
	at java.util.concurrent.ThreadPoolExecutor$Worker.run(ThreadPoolExecutor.java:624)
	at java.lang.Thread.run(Thread.java:748)
2019-10-02 10:08:34,607 [java.util.concurrent.ThreadPoolExecutor$Worker@177aba88[State = -1, empty queue]] WARN  util.TimeoutScheduler (LogUtils.java:runAndLog(55)) - Failed to task #0: java.lang.NullPointerException
2019-10-02 10:08:38,630 [java.util.concurrent.ThreadPoolExecutor$Worker@4d2069c7[State = -1, empty queue]] ERROR client.GrpcClientProtocolClient (GrpcClientProtocolClient.java:close(148)) - Unexpected exception while waiting for channel termination
java.lang.InterruptedException
	at java.util.concurrent.locks.AbstractQueuedSynchronizer.tryAcquireSharedNanos(AbstractQueuedSynchronizer.java:1326)
	at java.util.concurrent.CountDownLatch.await(CountDownLatch.java:277)
	at org.apache.ratis.thirdparty.io.grpc.internal.ManagedChannelImpl.awaitTermination(ManagedChannelImpl.java:763)
	at org.apache.ratis.thirdparty.io.grpc.internal.ForwardingManagedChannel.awaitTermination(ForwardingManagedChannel.java:57)
	at org.apache.ratis.thirdparty.io.grpc.internal.ManagedChannelOrphanWrapper.awaitTermination(ManagedChannelOrphanWrapper.java:70)
	at org.apache.ratis.grpc.client.GrpcClientProtocolClient.close(GrpcClientProtocolClient.java:146)
	at org.apache.ratis.util.PeerProxyMap$PeerAndProxy.lambda$close$1(PeerProxyMap.java:74)
	at org.apache.ratis.util.LifeCycle.lambda$checkStateAndClose$2(LifeCycle.java:231)
	at org.apache.ratis.util.LifeCycle.checkStateAndClose(LifeCycle.java:251)
	at org.apache.ratis.util.LifeCycle.checkStateAndClose(LifeCycle.java:229)
	at org.apache.ratis.util.PeerProxyMap$PeerAndProxy.close(PeerProxyMap.java:70)
	at org.apache.ratis.util.PeerProxyMap.resetProxy(PeerProxyMap.java:127)
	at org.apache.ratis.util.PeerProxyMap.handleException(PeerProxyMap.java:136)
	at org.apache.ratis.client.impl.RaftClientRpcWithProxy.handleException(RaftClientRpcWithProxy.java:47)
	at org.apache.ratis.client.impl.RaftClientImpl.handleIOException(RaftClientImpl.java:372)
	at org.apache.ratis.client.impl.OrderedAsync.lambda$sendRequest$10(OrderedAsync.java:236)
	at java.util.concurrent.CompletableFuture.uniExceptionally(CompletableFuture.java:870)
	at java.util.concurrent.CompletableFuture$UniExceptionally.tryFire(CompletableFuture.java:852)
	at java.util.concurrent.CompletableFuture.postComplete(CompletableFuture.java:474)
	at java.util.concurrent.CompletableFuture.completeExceptionally(CompletableFuture.java:1977)
	at org.apache.ratis.grpc.client.GrpcClientProtocolClient$AsyncStreamObservers.lambda$timeoutCheck$3(GrpcClientProtocolClient.java:324)
	at java.util.Optional.ifPresent(Optional.java:159)
	at org.apache.ratis.grpc.client.GrpcClientProtocolClient$AsyncStreamObservers.handleReplyFuture(GrpcClientProtocolClient.java:329)
	at org.apache.ratis.grpc.client.GrpcClientProtocolClient$AsyncStreamObservers.timeoutCheck(GrpcClientProtocolClient.java:324)
	at org.apache.ratis.grpc.client.GrpcClientProtocolClient$AsyncStreamObservers.lambda$onNext$1(GrpcClientProtocolClient.java:318)
	at org.apache.ratis.util.TimeoutScheduler.lambda$onTimeout$0(TimeoutScheduler.java:113)
	at org.apache.ratis.util.TimeoutScheduler.lambda$onTimeout$1(TimeoutScheduler.java:133)
	at org.apache.ratis.util.LogUtils.runAndLog(LogUtils.java:50)
	at org.apache.ratis.util.LogUtils$1.run(LogUtils.java:91)
	at java.util.concurrent.Executors$RunnableAdapter.call(Executors.java:511)
	at java.util.concurrent.FutureTask.run(FutureTask.java:266)
	at java.util.concurrent.ScheduledThreadPoolExecutor$ScheduledFutureTask.access$201(ScheduledThreadPoolExecutor.java:180)
	at java.util.concurrent.ScheduledThreadPoolExecutor$ScheduledFutureTask.run(ScheduledThreadPoolExecutor.java:293)
	at java.util.concurrent.ThreadPoolExecutor.runWorker(ThreadPoolExecutor.java:1149)
	at java.util.concurrent.ThreadPoolExecutor$Worker.run(ThreadPoolExecutor.java:624)
	at java.lang.Thread.run(Thread.java:748)
2019-10-02 10:08:38,634 [java.util.concurrent.ThreadPoolExecutor$Worker@4d2069c7[State = -1, empty queue]] WARN  util.TimeoutScheduler (LogUtils.java:runAndLog(55)) - Failed to task #0: java.lang.NullPointerException
2019-10-02 10:08:42,668 [java.util.concurrent.ThreadPoolExecutor$Worker@390af919[State = -1, empty queue]] ERROR client.GrpcClientProtocolClient (GrpcClientProtocolClient.java:close(148)) - Unexpected exception while waiting for channel termination
java.lang.InterruptedException
	at java.util.concurrent.locks.AbstractQueuedSynchronizer.tryAcquireSharedNanos(AbstractQueuedSynchronizer.java:1326)
	at java.util.concurrent.CountDownLatch.await(CountDownLatch.java:277)
	at org.apache.ratis.thirdparty.io.grpc.internal.ManagedChannelImpl.awaitTermination(ManagedChannelImpl.java:763)
	at org.apache.ratis.thirdparty.io.grpc.internal.ForwardingManagedChannel.awaitTermination(ForwardingManagedChannel.java:57)
	at org.apache.ratis.thirdparty.io.grpc.internal.ManagedChannelOrphanWrapper.awaitTermination(ManagedChannelOrphanWrapper.java:70)
	at org.apache.ratis.grpc.client.GrpcClientProtocolClient.close(GrpcClientProtocolClient.java:146)
	at org.apache.ratis.util.PeerProxyMap$PeerAndProxy.lambda$close$1(PeerProxyMap.java:74)
	at org.apache.ratis.util.LifeCycle.lambda$checkStateAndClose$2(LifeCycle.java:231)
	at org.apache.ratis.util.LifeCycle.checkStateAndClose(LifeCycle.java:251)
	at org.apache.ratis.util.LifeCycle.checkStateAndClose(LifeCycle.java:229)
	at org.apache.ratis.util.PeerProxyMap$PeerAndProxy.close(PeerProxyMap.java:70)
	at org.apache.ratis.util.PeerProxyMap.resetProxy(PeerProxyMap.java:127)
	at org.apache.ratis.util.PeerProxyMap.handleException(PeerProxyMap.java:136)
	at org.apache.ratis.client.impl.RaftClientRpcWithProxy.handleException(RaftClientRpcWithProxy.java:47)
	at org.apache.ratis.client.impl.RaftClientImpl.handleIOException(RaftClientImpl.java:372)
	at org.apache.ratis.client.impl.OrderedAsync.lambda$sendRequest$10(OrderedAsync.java:236)
	at java.util.concurrent.CompletableFuture.uniExceptionally(CompletableFuture.java:870)
	at java.util.concurrent.CompletableFuture$UniExceptionally.tryFire(CompletableFuture.java:852)
	at java.util.concurrent.CompletableFuture.postComplete(CompletableFuture.java:474)
	at java.util.concurrent.CompletableFuture.completeExceptionally(CompletableFuture.java:1977)
	at org.apache.ratis.grpc.client.GrpcClientProtocolClient$AsyncStreamObservers.lambda$timeoutCheck$3(GrpcClientProtocolClient.java:324)
	at java.util.Optional.ifPresent(Optional.java:159)
	at org.apache.ratis.grpc.client.GrpcClientProtocolClient$AsyncStreamObservers.handleReplyFuture(GrpcClientProtocolClient.java:329)
	at org.apache.ratis.grpc.client.GrpcClientProtocolClient$AsyncStreamObservers.timeoutCheck(GrpcClientProtocolClient.java:324)
	at org.apache.ratis.grpc.client.GrpcClientProtocolClient$AsyncStreamObservers.lambda$onNext$1(GrpcClientProtocolClient.java:318)
	at org.apache.ratis.util.TimeoutScheduler.lambda$onTimeout$0(TimeoutScheduler.java:113)
	at org.apache.ratis.util.TimeoutScheduler.lambda$onTimeout$1(TimeoutScheduler.java:133)
	at org.apache.ratis.util.LogUtils.runAndLog(LogUtils.java:50)
	at org.apache.ratis.util.LogUtils$1.run(LogUtils.java:91)
	at java.util.concurrent.Executors$RunnableAdapter.call(Executors.java:511)
	at java.util.concurrent.FutureTask.run(FutureTask.java:266)
	at java.util.concurrent.ScheduledThreadPoolExecutor$ScheduledFutureTask.access$201(ScheduledThreadPoolExecutor.java:180)
	at java.util.concurrent.ScheduledThreadPoolExecutor$ScheduledFutureTask.run(ScheduledThreadPoolExecutor.java:293)
	at java.util.concurrent.ThreadPoolExecutor.runWorker(ThreadPoolExecutor.java:1149)
	at java.util.concurrent.ThreadPoolExecutor$Worker.run(ThreadPoolExecutor.java:624)
	at java.lang.Thread.run(Thread.java:748)
2019-10-02 10:08:42,669 [java.util.concurrent.ThreadPoolExecutor$Worker@390af919[State = -1, empty queue]] WARN  util.TimeoutScheduler (LogUtils.java:runAndLog(55)) - Failed to task #0: java.lang.NullPointerException
2019-10-02 10:08:46,700 [java.util.concurrent.ThreadPoolExecutor$Worker@77f4a4a3[State = -1, empty queue]] ERROR client.GrpcClientProtocolClient (GrpcClientProtocolClient.java:close(148)) - Unexpected exception while waiting for channel termination
java.lang.InterruptedException
	at java.util.concurrent.locks.AbstractQueuedSynchronizer.tryAcquireSharedNanos(AbstractQueuedSynchronizer.java:1326)
	at java.util.concurrent.CountDownLatch.await(CountDownLatch.java:277)
	at org.apache.ratis.thirdparty.io.grpc.internal.ManagedChannelImpl.awaitTermination(ManagedChannelImpl.java:763)
	at org.apache.ratis.thirdparty.io.grpc.internal.ForwardingManagedChannel.awaitTermination(ForwardingManagedChannel.java:57)
	at org.apache.ratis.thirdparty.io.grpc.internal.ManagedChannelOrphanWrapper.awaitTermination(ManagedChannelOrphanWrapper.java:70)
	at org.apache.ratis.grpc.client.GrpcClientProtocolClient.close(GrpcClientProtocolClient.java:146)
	at org.apache.ratis.util.PeerProxyMap$PeerAndProxy.lambda$close$1(PeerProxyMap.java:74)
	at org.apache.ratis.util.LifeCycle.lambda$checkStateAndClose$2(LifeCycle.java:231)
	at org.apache.ratis.util.LifeCycle.checkStateAndClose(LifeCycle.java:251)
	at org.apache.ratis.util.LifeCycle.checkStateAndClose(LifeCycle.java:229)
	at org.apache.ratis.util.PeerProxyMap$PeerAndProxy.close(PeerProxyMap.java:70)
	at org.apache.ratis.util.PeerProxyMap.resetProxy(PeerProxyMap.java:127)
	at org.apache.ratis.util.PeerProxyMap.handleException(PeerProxyMap.java:136)
	at org.apache.ratis.client.impl.RaftClientRpcWithProxy.handleException(RaftClientRpcWithProxy.java:47)
	at org.apache.ratis.client.impl.RaftClientImpl.handleIOException(RaftClientImpl.java:372)
	at org.apache.ratis.client.impl.OrderedAsync.lambda$sendRequest$10(OrderedAsync.java:236)
	at java.util.concurrent.CompletableFuture.uniExceptionally(CompletableFuture.java:870)
	at java.util.concurrent.CompletableFuture$UniExceptionally.tryFire(CompletableFuture.java:852)
	at java.util.concurrent.CompletableFuture.postComplete(CompletableFuture.java:474)
	at java.util.concurrent.CompletableFuture.completeExceptionally(CompletableFuture.java:1977)
	at org.apache.ratis.grpc.client.GrpcClientProtocolClient$AsyncStreamObservers.lambda$timeoutCheck$3(GrpcClientProtocolClient.java:324)
	at java.util.Optional.ifPresent(Optional.java:159)
	at org.apache.ratis.grpc.client.GrpcClientProtocolClient$AsyncStreamObservers.handleReplyFuture(GrpcClientProtocolClient.java:329)
	at org.apache.ratis.grpc.client.GrpcClientProtocolClient$AsyncStreamObservers.timeoutCheck(GrpcClientProtocolClient.java:324)
	at org.apache.ratis.grpc.client.GrpcClientProtocolClient$AsyncStreamObservers.lambda$onNext$1(GrpcClientProtocolClient.java:318)
	at org.apache.ratis.util.TimeoutScheduler.lambda$onTimeout$0(TimeoutScheduler.java:113)
	at org.apache.ratis.util.TimeoutScheduler.lambda$onTimeout$1(TimeoutScheduler.java:133)
	at org.apache.ratis.util.LogUtils.runAndLog(LogUtils.java:50)
	at org.apache.ratis.util.LogUtils$1.run(LogUtils.java:91)
	at java.util.concurrent.Executors$RunnableAdapter.call(Executors.java:511)
	at java.util.concurrent.FutureTask.run(FutureTask.java:266)
	at java.util.concurrent.ScheduledThreadPoolExecutor$ScheduledFutureTask.access$201(ScheduledThreadPoolExecutor.java:180)
	at java.util.concurrent.ScheduledThreadPoolExecutor$ScheduledFutureTask.run(ScheduledThreadPoolExecutor.java:293)
	at java.util.concurrent.ThreadPoolExecutor.runWorker(ThreadPoolExecutor.java:1149)
	at java.util.concurrent.ThreadPoolExecutor$Worker.run(ThreadPoolExecutor.java:624)
	at java.lang.Thread.run(Thread.java:748)
2019-10-02 10:08:46,703 [java.util.concurrent.ThreadPoolExecutor$Worker@77f4a4a3[State = -1, empty queue]] WARN  util.TimeoutScheduler (LogUtils.java:runAndLog(55)) - Failed to task #0: java.lang.NullPointerException
2019-10-02 10:08:50,726 [java.util.concurrent.ThreadPoolExecutor$Worker@70f9833f[State = -1, empty queue]] ERROR client.GrpcClientProtocolClient (GrpcClientProtocolClient.java:close(148)) - Unexpected exception while waiting for channel termination
java.lang.InterruptedException
	at java.util.concurrent.locks.AbstractQueuedSynchronizer.tryAcquireSharedNanos(AbstractQueuedSynchronizer.java:1326)
	at java.util.concurrent.CountDownLatch.await(CountDownLatch.java:277)
	at org.apache.ratis.thirdparty.io.grpc.internal.ManagedChannelImpl.awaitTermination(ManagedChannelImpl.java:763)
	at org.apache.ratis.thirdparty.io.grpc.internal.ForwardingManagedChannel.awaitTermination(ForwardingManagedChannel.java:57)
	at org.apache.ratis.thirdparty.io.grpc.internal.ManagedChannelOrphanWrapper.awaitTermination(ManagedChannelOrphanWrapper.java:70)
	at org.apache.ratis.grpc.client.GrpcClientProtocolClient.close(GrpcClientProtocolClient.java:146)
	at org.apache.ratis.util.PeerProxyMap$PeerAndProxy.lambda$close$1(PeerProxyMap.java:74)
	at org.apache.ratis.util.LifeCycle.lambda$checkStateAndClose$2(LifeCycle.java:231)
	at org.apache.ratis.util.LifeCycle.checkStateAndClose(LifeCycle.java:251)
	at org.apache.ratis.util.LifeCycle.checkStateAndClose(LifeCycle.java:229)
	at org.apache.ratis.util.PeerProxyMap$PeerAndProxy.close(PeerProxyMap.java:70)
	at org.apache.ratis.util.PeerProxyMap.resetProxy(PeerProxyMap.java:127)
	at org.apache.ratis.util.PeerProxyMap.handleException(PeerProxyMap.java:136)
	at org.apache.ratis.client.impl.RaftClientRpcWithProxy.handleException(RaftClientRpcWithProxy.java:47)
	at org.apache.ratis.client.impl.RaftClientImpl.handleIOException(RaftClientImpl.java:372)
	at org.apache.ratis.client.impl.OrderedAsync.lambda$sendRequest$10(OrderedAsync.java:236)
	at java.util.concurrent.CompletableFuture.uniExceptionally(CompletableFuture.java:870)
	at java.util.concurrent.CompletableFuture$UniExceptionally.tryFire(CompletableFuture.java:852)
	at java.util.concurrent.CompletableFuture.postComplete(CompletableFuture.java:474)
	at java.util.concurrent.CompletableFuture.completeExceptionally(CompletableFuture.java:1977)
	at org.apache.ratis.grpc.client.GrpcClientProtocolClient$AsyncStreamObservers.lambda$timeoutCheck$3(GrpcClientProtocolClient.java:324)
	at java.util.Optional.ifPresent(Optional.java:159)
	at org.apache.ratis.grpc.client.GrpcClientProtocolClient$AsyncStreamObservers.handleReplyFuture(GrpcClientProtocolClient.java:329)
	at org.apache.ratis.grpc.client.GrpcClientProtocolClient$AsyncStreamObservers.timeoutCheck(GrpcClientProtocolClient.java:324)
	at org.apache.ratis.grpc.client.GrpcClientProtocolClient$AsyncStreamObservers.lambda$onNext$1(GrpcClientProtocolClient.java:318)
	at org.apache.ratis.util.TimeoutScheduler.lambda$onTimeout$0(TimeoutScheduler.java:113)
	at org.apache.ratis.util.TimeoutScheduler.lambda$onTimeout$1(TimeoutScheduler.java:133)
	at org.apache.ratis.util.LogUtils.runAndLog(LogUtils.java:50)
	at org.apache.ratis.util.LogUtils$1.run(LogUtils.java:91)
	at java.util.concurrent.Executors$RunnableAdapter.call(Executors.java:511)
	at java.util.concurrent.FutureTask.run(FutureTask.java:266)
	at java.util.concurrent.ScheduledThreadPoolExecutor$ScheduledFutureTask.access$201(ScheduledThreadPoolExecutor.java:180)
	at java.util.concurrent.ScheduledThreadPoolExecutor$ScheduledFutureTask.run(ScheduledThreadPoolExecutor.java:293)
	at java.util.concurrent.ThreadPoolExecutor.runWorker(ThreadPoolExecutor.java:1149)
	at java.util.concurrent.ThreadPoolExecutor$Worker.run(ThreadPoolExecutor.java:624)
	at java.lang.Thread.run(Thread.java:748)
2019-10-02 10:08:50,727 [java.util.concurrent.ThreadPoolExecutor$Worker@70f9833f[State = -1, empty queue]] WARN  util.TimeoutScheduler (LogUtils.java:runAndLog(55)) - Failed to task #0: java.lang.NullPointerException
2019-10-02 10:08:54,757 [java.util.concurrent.ThreadPoolExecutor$Worker@d2bfa2d[State = -1, empty queue]] ERROR client.GrpcClientProtocolClient (GrpcClientProtocolClient.java:close(148)) - Unexpected exception while waiting for channel termination
java.lang.InterruptedException
	at java.util.concurrent.locks.AbstractQueuedSynchronizer.tryAcquireSharedNanos(AbstractQueuedSynchronizer.java:1326)
	at java.util.concurrent.CountDownLatch.await(CountDownLatch.java:277)
	at org.apache.ratis.thirdparty.io.grpc.internal.ManagedChannelImpl.awaitTermination(ManagedChannelImpl.java:763)
	at org.apache.ratis.thirdparty.io.grpc.internal.ForwardingManagedChannel.awaitTermination(ForwardingManagedChannel.java:57)
	at org.apache.ratis.thirdparty.io.grpc.internal.ManagedChannelOrphanWrapper.awaitTermination(ManagedChannelOrphanWrapper.java:70)
	at org.apache.ratis.grpc.client.GrpcClientProtocolClient.close(GrpcClientProtocolClient.java:146)
	at org.apache.ratis.util.PeerProxyMap$PeerAndProxy.lambda$close$1(PeerProxyMap.java:74)
	at org.apache.ratis.util.LifeCycle.lambda$checkStateAndClose$2(LifeCycle.java:231)
	at org.apache.ratis.util.LifeCycle.checkStateAndClose(LifeCycle.java:251)
	at org.apache.ratis.util.LifeCycle.checkStateAndClose(LifeCycle.java:229)
	at org.apache.ratis.util.PeerProxyMap$PeerAndProxy.close(PeerProxyMap.java:70)
	at org.apache.ratis.util.PeerProxyMap.resetProxy(PeerProxyMap.java:127)
	at org.apache.ratis.util.PeerProxyMap.handleException(PeerProxyMap.java:136)
	at org.apache.ratis.client.impl.RaftClientRpcWithProxy.handleException(RaftClientRpcWithProxy.java:47)
	at org.apache.ratis.client.impl.RaftClientImpl.handleIOException(RaftClientImpl.java:372)
	at org.apache.ratis.client.impl.OrderedAsync.lambda$sendRequest$10(OrderedAsync.java:236)
	at java.util.concurrent.CompletableFuture.uniExceptionally(CompletableFuture.java:870)
	at java.util.concurrent.CompletableFuture$UniExceptionally.tryFire(CompletableFuture.java:852)
	at java.util.concurrent.CompletableFuture.postComplete(CompletableFuture.java:474)
	at java.util.concurrent.CompletableFuture.completeExceptionally(CompletableFuture.java:1977)
	at org.apache.ratis.grpc.client.GrpcClientProtocolClient$AsyncStreamObservers.lambda$timeoutCheck$3(GrpcClientProtocolClient.java:324)
	at java.util.Optional.ifPresent(Optional.java:159)
	at org.apache.ratis.grpc.client.GrpcClientProtocolClient$AsyncStreamObservers.handleReplyFuture(GrpcClientProtocolClient.java:329)
	at org.apache.ratis.grpc.client.GrpcClientProtocolClient$AsyncStreamObservers.timeoutCheck(GrpcClientProtocolClient.java:324)
	at org.apache.ratis.grpc.client.GrpcClientProtocolClient$AsyncStreamObservers.lambda$onNext$1(GrpcClientProtocolClient.java:318)
	at org.apache.ratis.util.TimeoutScheduler.lambda$onTimeout$0(TimeoutScheduler.java:113)
	at org.apache.ratis.util.TimeoutScheduler.lambda$onTimeout$1(TimeoutScheduler.java:133)
	at org.apache.ratis.util.LogUtils.runAndLog(LogUtils.java:50)
	at org.apache.ratis.util.LogUtils$1.run(LogUtils.java:91)
	at java.util.concurrent.Executors$RunnableAdapter.call(Executors.java:511)
	at java.util.concurrent.FutureTask.run(FutureTask.java:266)
	at java.util.concurrent.ScheduledThreadPoolExecutor$ScheduledFutureTask.access$201(ScheduledThreadPoolExecutor.java:180)
	at java.util.concurrent.ScheduledThreadPoolExecutor$ScheduledFutureTask.run(ScheduledThreadPoolExecutor.java:293)
	at java.util.concurrent.ThreadPoolExecutor.runWorker(ThreadPoolExecutor.java:1149)
	at java.util.concurrent.ThreadPoolExecutor$Worker.run(ThreadPoolExecutor.java:624)
	at java.lang.Thread.run(Thread.java:748)
2019-10-02 10:08:54,759 [java.util.concurrent.ThreadPoolExecutor$Worker@d2bfa2d[State = -1, empty queue]] WARN  util.TimeoutScheduler (LogUtils.java:runAndLog(55)) - Failed to task #0: java.lang.NullPointerException
2019-10-02 10:08:58,790 [java.util.concurrent.ThreadPoolExecutor$Worker@12d23f23[State = -1, empty queue]] ERROR client.GrpcClientProtocolClient (GrpcClientProtocolClient.java:close(148)) - Unexpected exception while waiting for channel termination
java.lang.InterruptedException
	at java.util.concurrent.locks.AbstractQueuedSynchronizer.tryAcquireSharedNanos(AbstractQueuedSynchronizer.java:1326)
	at java.util.concurrent.CountDownLatch.await(CountDownLatch.java:277)
	at org.apache.ratis.thirdparty.io.grpc.internal.ManagedChannelImpl.awaitTermination(ManagedChannelImpl.java:763)
	at org.apache.ratis.thirdparty.io.grpc.internal.ForwardingManagedChannel.awaitTermination(ForwardingManagedChannel.java:57)
	at org.apache.ratis.thirdparty.io.grpc.internal.ManagedChannelOrphanWrapper.awaitTermination(ManagedChannelOrphanWrapper.java:70)
	at org.apache.ratis.grpc.client.GrpcClientProtocolClient.close(GrpcClientProtocolClient.java:146)
	at org.apache.ratis.util.PeerProxyMap$PeerAndProxy.lambda$close$1(PeerProxyMap.java:74)
	at org.apache.ratis.util.LifeCycle.lambda$checkStateAndClose$2(LifeCycle.java:231)
	at org.apache.ratis.util.LifeCycle.checkStateAndClose(LifeCycle.java:251)
	at org.apache.ratis.util.LifeCycle.checkStateAndClose(LifeCycle.java:229)
	at org.apache.ratis.util.PeerProxyMap$PeerAndProxy.close(PeerProxyMap.java:70)
	at org.apache.ratis.util.PeerProxyMap.resetProxy(PeerProxyMap.java:127)
	at org.apache.ratis.util.PeerProxyMap.handleException(PeerProxyMap.java:136)
	at org.apache.ratis.client.impl.RaftClientRpcWithProxy.handleException(RaftClientRpcWithProxy.java:47)
	at org.apache.ratis.client.impl.RaftClientImpl.handleIOException(RaftClientImpl.java:372)
	at org.apache.ratis.client.impl.OrderedAsync.lambda$sendRequest$10(OrderedAsync.java:236)
	at java.util.concurrent.CompletableFuture.uniExceptionally(CompletableFuture.java:870)
	at java.util.concurrent.CompletableFuture$UniExceptionally.tryFire(CompletableFuture.java:852)
	at java.util.concurrent.CompletableFuture.postComplete(CompletableFuture.java:474)
	at java.util.concurrent.CompletableFuture.completeExceptionally(CompletableFuture.java:1977)
	at org.apache.ratis.grpc.client.GrpcClientProtocolClient$AsyncStreamObservers.lambda$timeoutCheck$3(GrpcClientProtocolClient.java:324)
	at java.util.Optional.ifPresent(Optional.java:159)
	at org.apache.ratis.grpc.client.GrpcClientProtocolClient$AsyncStreamObservers.handleReplyFuture(GrpcClientProtocolClient.java:329)
	at org.apache.ratis.grpc.client.GrpcClientProtocolClient$AsyncStreamObservers.timeoutCheck(GrpcClientProtocolClient.java:324)
	at org.apache.ratis.grpc.client.GrpcClientProtocolClient$AsyncStreamObservers.lambda$onNext$1(GrpcClientProtocolClient.java:318)
	at org.apache.ratis.util.TimeoutScheduler.lambda$onTimeout$0(TimeoutScheduler.java:113)
	at org.apache.ratis.util.TimeoutScheduler.lambda$onTimeout$1(TimeoutScheduler.java:133)
	at org.apache.ratis.util.LogUtils.runAndLog(LogUtils.java:50)
	at org.apache.ratis.util.LogUtils$1.run(LogUtils.java:91)
	at java.util.concurrent.Executors$RunnableAdapter.call(Executors.java:511)
	at java.util.concurrent.FutureTask.run(FutureTask.java:266)
	at java.util.concurrent.ScheduledThreadPoolExecutor$ScheduledFutureTask.access$201(ScheduledThreadPoolExecutor.java:180)
	at java.util.concurrent.ScheduledThreadPoolExecutor$ScheduledFutureTask.run(ScheduledThreadPoolExecutor.java:293)
	at java.util.concurrent.ThreadPoolExecutor.runWorker(ThreadPoolExecutor.java:1149)
	at java.util.concurrent.ThreadPoolExecutor$Worker.run(ThreadPoolExecutor.java:624)
	at java.lang.Thread.run(Thread.java:748)
2019-10-02 10:08:58,793 [java.util.concurrent.ThreadPoolExecutor$Worker@12d23f23[State = -1, empty queue]] WARN  util.TimeoutScheduler (LogUtils.java:runAndLog(55)) - Failed to task #0: java.lang.NullPointerException
2019-10-02 10:09:02,821 [java.util.concurrent.ThreadPoolExecutor$Worker@4fcdb218[State = -1, empty queue]] ERROR client.GrpcClientProtocolClient (GrpcClientProtocolClient.java:close(148)) - Unexpected exception while waiting for channel termination
java.lang.InterruptedException
	at java.util.concurrent.locks.AbstractQueuedSynchronizer.tryAcquireSharedNanos(AbstractQueuedSynchronizer.java:1326)
	at java.util.concurrent.CountDownLatch.await(CountDownLatch.java:277)
	at org.apache.ratis.thirdparty.io.grpc.internal.ManagedChannelImpl.awaitTermination(ManagedChannelImpl.java:763)
	at org.apache.ratis.thirdparty.io.grpc.internal.ForwardingManagedChannel.awaitTermination(ForwardingManagedChannel.java:57)
	at org.apache.ratis.thirdparty.io.grpc.internal.ManagedChannelOrphanWrapper.awaitTermination(ManagedChannelOrphanWrapper.java:70)
	at org.apache.ratis.grpc.client.GrpcClientProtocolClient.close(GrpcClientProtocolClient.java:146)
	at org.apache.ratis.util.PeerProxyMap$PeerAndProxy.lambda$close$1(PeerProxyMap.java:74)
	at org.apache.ratis.util.LifeCycle.lambda$checkStateAndClose$2(LifeCycle.java:231)
	at org.apache.ratis.util.LifeCycle.checkStateAndClose(LifeCycle.java:251)
	at org.apache.ratis.util.LifeCycle.checkStateAndClose(LifeCycle.java:229)
	at org.apache.ratis.util.PeerProxyMap$PeerAndProxy.close(PeerProxyMap.java:70)
	at org.apache.ratis.util.PeerProxyMap.resetProxy(PeerProxyMap.java:127)
	at org.apache.ratis.util.PeerProxyMap.handleException(PeerProxyMap.java:136)
	at org.apache.ratis.client.impl.RaftClientRpcWithProxy.handleException(RaftClientRpcWithProxy.java:47)
	at org.apache.ratis.client.impl.RaftClientImpl.handleIOException(RaftClientImpl.java:372)
	at org.apache.ratis.client.impl.OrderedAsync.lambda$sendRequest$10(OrderedAsync.java:236)
	at java.util.concurrent.CompletableFuture.uniExceptionally(CompletableFuture.java:870)
	at java.util.concurrent.CompletableFuture$UniExceptionally.tryFire(CompletableFuture.java:852)
	at java.util.concurrent.CompletableFuture.postComplete(CompletableFuture.java:474)
	at java.util.concurrent.CompletableFuture.completeExceptionally(CompletableFuture.java:1977)
	at org.apache.ratis.grpc.client.GrpcClientProtocolClient$AsyncStreamObservers.lambda$timeoutCheck$3(GrpcClientProtocolClient.java:324)
	at java.util.Optional.ifPresent(Optional.java:159)
	at org.apache.ratis.grpc.client.GrpcClientProtocolClient$AsyncStreamObservers.handleReplyFuture(GrpcClientProtocolClient.java:329)
	at org.apache.ratis.grpc.client.GrpcClientProtocolClient$AsyncStreamObservers.timeoutCheck(GrpcClientProtocolClient.java:324)
	at org.apache.ratis.grpc.client.GrpcClientProtocolClient$AsyncStreamObservers.lambda$onNext$1(GrpcClientProtocolClient.java:318)
	at org.apache.ratis.util.TimeoutScheduler.lambda$onTimeout$0(TimeoutScheduler.java:113)
	at org.apache.ratis.util.TimeoutScheduler.lambda$onTimeout$1(TimeoutScheduler.java:133)
	at org.apache.ratis.util.LogUtils.runAndLog(LogUtils.java:50)
	at org.apache.ratis.util.LogUtils$1.run(LogUtils.java:91)
	at java.util.concurrent.Executors$RunnableAdapter.call(Executors.java:511)
	at java.util.concurrent.FutureTask.run(FutureTask.java:266)
	at java.util.concurrent.ScheduledThreadPoolExecutor$ScheduledFutureTask.access$201(ScheduledThreadPoolExecutor.java:180)
	at java.util.concurrent.ScheduledThreadPoolExecutor$ScheduledFutureTask.run(ScheduledThreadPoolExecutor.java:293)
	at java.util.concurrent.ThreadPoolExecutor.runWorker(ThreadPoolExecutor.java:1149)
	at java.util.concurrent.ThreadPoolExecutor$Worker.run(ThreadPoolExecutor.java:624)
	at java.lang.Thread.run(Thread.java:748)
2019-10-02 10:09:02,822 [java.util.concurrent.ThreadPoolExecutor$Worker@4fcdb218[State = -1, empty queue]] WARN  util.TimeoutScheduler (LogUtils.java:runAndLog(55)) - Failed to task #0: java.lang.NullPointerException
2019-10-02 10:09:05,161 [grpc-default-executor-13] INFO  impl.RaftServerProxy (RaftServerProxy.java:addNew(89)) - 49e61346-ce49-4850-8dcd-6024868ef21c: addNew group-98F8932728FF:[f543130f-443f-4ba5-9d6e-59ecbb0ec00a:192.168.164.250:36191, 5a36316c-6269-4ab0-8563-6514c3376d21:192.168.164.250:32906, 49e61346-ce49-4850-8dcd-6024868ef21c:192.168.164.250:43655] returns group-98F8932728FF:java.util.concurrent.CompletableFuture@242271f9[Not completed]
2019-10-02 10:09:05,161 [grpc-default-executor-12] INFO  impl.RaftServerProxy (RaftServerProxy.java:addNew(89)) - f543130f-443f-4ba5-9d6e-59ecbb0ec00a: addNew group-98F8932728FF:[f543130f-443f-4ba5-9d6e-59ecbb0ec00a:192.168.164.250:36191, 5a36316c-6269-4ab0-8563-6514c3376d21:192.168.164.250:32906, 49e61346-ce49-4850-8dcd-6024868ef21c:192.168.164.250:43655] returns group-98F8932728FF:java.util.concurrent.CompletableFuture@132ffa2c[Not completed]
2019-10-02 10:09:05,161 [grpc-default-executor-11] INFO  impl.RaftServerProxy (RaftServerProxy.java:addNew(89)) - 5a36316c-6269-4ab0-8563-6514c3376d21: addNew group-98F8932728FF:[f543130f-443f-4ba5-9d6e-59ecbb0ec00a:192.168.164.250:36191, 5a36316c-6269-4ab0-8563-6514c3376d21:192.168.164.250:32906, 49e61346-ce49-4850-8dcd-6024868ef21c:192.168.164.250:43655] returns group-98F8932728FF:java.util.concurrent.CompletableFuture@4332d3a4[Not completed]
2019-10-02 10:09:05,163 [pool-37-thread-1] INFO  impl.RaftServerImpl (RaftServerImpl.java:<init>(95)) - 5a36316c-6269-4ab0-8563-6514c3376d21: new RaftServerImpl for group-98F8932728FF:[f543130f-443f-4ba5-9d6e-59ecbb0ec00a:192.168.164.250:36191, 5a36316c-6269-4ab0-8563-6514c3376d21:192.168.164.250:32906, 49e61346-ce49-4850-8dcd-6024868ef21c:192.168.164.250:43655] with ContainerStateMachine:uninitialized
2019-10-02 10:09:05,163 [pool-37-thread-1] INFO  server.RaftServerConfigKeys (ConfUtils.java:logGet(43)) - raft.server.rpc.timeout.min = 5s (custom)
2019-10-02 10:09:05,163 [pool-37-thread-1] INFO  server.RaftServerConfigKeys (ConfUtils.java:logGet(43)) - raft.server.rpc.timeout.max = 5200ms (custom)
2019-10-02 10:09:05,163 [pool-37-thread-1] INFO  server.RaftServerConfigKeys (ConfUtils.java:logGet(43)) - raft.server.rpcslowness.timeout = 120s (custom)
2019-10-02 10:09:05,163 [pool-37-thread-1] INFO  server.RaftServerConfigKeys (ConfUtils.java:logGet(43)) - raft.server.sleep.deviation.threshold = 300 (default)
2019-10-02 10:09:05,163 [pool-47-thread-1] INFO  impl.RaftServerImpl (RaftServerImpl.java:<init>(95)) - 49e61346-ce49-4850-8dcd-6024868ef21c: new RaftServerImpl for group-98F8932728FF:[f543130f-443f-4ba5-9d6e-59ecbb0ec00a:192.168.164.250:36191, 5a36316c-6269-4ab0-8563-6514c3376d21:192.168.164.250:32906, 49e61346-ce49-4850-8dcd-6024868ef21c:192.168.164.250:43655] with ContainerStateMachine:uninitialized
2019-10-02 10:09:05,163 [pool-37-thread-1] INFO  server.RaftServerConfigKeys (ConfUtils.java:logGet(43)) - raft.server.log.appender.install.snapshot.enabled = false (custom)
2019-10-02 10:09:05,163 [pool-47-thread-1] INFO  server.RaftServerConfigKeys (ConfUtils.java:logGet(43)) - raft.server.rpc.timeout.min = 5s (custom)
2019-10-02 10:09:05,163 [pool-37-thread-1] INFO  impl.RaftServerImpl (ServerState.java:<init>(103)) - 5a36316c-6269-4ab0-8563-6514c3376d21@group-98F8932728FF: ConfigurationManager, init=-1: [f543130f-443f-4ba5-9d6e-59ecbb0ec00a:192.168.164.250:36191, 5a36316c-6269-4ab0-8563-6514c3376d21:192.168.164.250:32906, 49e61346-ce49-4850-8dcd-6024868ef21c:192.168.164.250:43655], old=null, confs=<EMPTY_MAP>
2019-10-02 10:09:05,163 [pool-47-thread-1] INFO  server.RaftServerConfigKeys (ConfUtils.java:logGet(43)) - raft.server.rpc.timeout.max = 5200ms (custom)
2019-10-02 10:09:05,164 [pool-47-thread-1] INFO  server.RaftServerConfigKeys (ConfUtils.java:logGet(43)) - raft.server.rpcslowness.timeout = 120s (custom)
2019-10-02 10:09:05,164 [pool-37-thread-1] INFO  server.RaftServerConfigKeys (ConfUtils.java:logGet(43)) - raft.server.storage.dir = [/workdir/hadoop-ozone/ozonefs/target/test-dir/MiniOzoneClusterImpl-a0bcfbd7-d664-4bc8-be8a-7389cc786fdd/datanode-1/data/ratis] (custom)
2019-10-02 10:09:05,164 [pool-57-thread-1] INFO  impl.RaftServerImpl (RaftServerImpl.java:<init>(95)) - f543130f-443f-4ba5-9d6e-59ecbb0ec00a: new RaftServerImpl for group-98F8932728FF:[f543130f-443f-4ba5-9d6e-59ecbb0ec00a:192.168.164.250:36191, 5a36316c-6269-4ab0-8563-6514c3376d21:192.168.164.250:32906, 49e61346-ce49-4850-8dcd-6024868ef21c:192.168.164.250:43655] with ContainerStateMachine:uninitialized
2019-10-02 10:09:05,164 [pool-47-thread-1] INFO  server.RaftServerConfigKeys (ConfUtils.java:logGet(43)) - raft.server.sleep.deviation.threshold = 300 (default)
2019-10-02 10:09:05,164 [pool-57-thread-1] INFO  server.RaftServerConfigKeys (ConfUtils.java:logGet(43)) - raft.server.rpc.timeout.min = 5s (custom)
2019-10-02 10:09:05,164 [pool-37-thread-1] INFO  server.RaftServerConfigKeys (ConfUtils.java:logGet(43)) - raft.server.log.corruption.policy = EXCEPTION (default)
2019-10-02 10:09:05,164 [pool-47-thread-1] INFO  server.RaftServerConfigKeys (ConfUtils.java:logGet(43)) - raft.server.log.appender.install.snapshot.enabled = false (custom)
2019-10-02 10:09:05,164 [pool-57-thread-1] INFO  server.RaftServerConfigKeys (ConfUtils.java:logGet(43)) - raft.server.rpc.timeout.max = 5200ms (custom)
2019-10-02 10:09:05,164 [pool-47-thread-1] INFO  impl.RaftServerImpl (ServerState.java:<init>(103)) - 49e61346-ce49-4850-8dcd-6024868ef21c@group-98F8932728FF: ConfigurationManager, init=-1: [f543130f-443f-4ba5-9d6e-59ecbb0ec00a:192.168.164.250:36191, 5a36316c-6269-4ab0-8563-6514c3376d21:192.168.164.250:32906, 49e61346-ce49-4850-8dcd-6024868ef21c:192.168.164.250:43655], old=null, confs=<EMPTY_MAP>
2019-10-02 10:09:05,164 [pool-37-thread-1] INFO  storage.RaftStorageDirectory (RaftStorageDirectory.java:analyzeStorage(246)) - The storage directory /workdir/hadoop-ozone/ozonefs/target/test-dir/MiniOzoneClusterImpl-a0bcfbd7-d664-4bc8-be8a-7389cc786fdd/datanode-1/data/ratis/3ddab716-84b5-4f0d-a0b0-98f8932728ff does not exist. Creating ...
2019-10-02 10:09:05,165 [pool-47-thread-1] INFO  server.RaftServerConfigKeys (ConfUtils.java:logGet(43)) - raft.server.storage.dir = [/workdir/hadoop-ozone/ozonefs/target/test-dir/MiniOzoneClusterImpl-a0bcfbd7-d664-4bc8-be8a-7389cc786fdd/datanode-2/data/ratis] (custom)
2019-10-02 10:09:05,164 [pool-57-thread-1] INFO  server.RaftServerConfigKeys (ConfUtils.java:logGet(43)) - raft.server.rpcslowness.timeout = 120s (custom)
2019-10-02 10:09:05,165 [pool-47-thread-1] INFO  server.RaftServerConfigKeys (ConfUtils.java:logGet(43)) - raft.server.log.corruption.policy = EXCEPTION (default)
2019-10-02 10:09:05,165 [pool-57-thread-1] INFO  server.RaftServerConfigKeys (ConfUtils.java:logGet(43)) - raft.server.sleep.deviation.threshold = 300 (default)
2019-10-02 10:09:05,165 [pool-47-thread-1] INFO  storage.RaftStorageDirectory (RaftStorageDirectory.java:analyzeStorage(246)) - The storage directory /workdir/hadoop-ozone/ozonefs/target/test-dir/MiniOzoneClusterImpl-a0bcfbd7-d664-4bc8-be8a-7389cc786fdd/datanode-2/data/ratis/3ddab716-84b5-4f0d-a0b0-98f8932728ff does not exist. Creating ...
2019-10-02 10:09:05,165 [pool-57-thread-1] INFO  server.RaftServerConfigKeys (ConfUtils.java:logGet(43)) - raft.server.log.appender.install.snapshot.enabled = false (custom)
2019-10-02 10:09:05,165 [pool-57-thread-1] INFO  impl.RaftServerImpl (ServerState.java:<init>(103)) - f543130f-443f-4ba5-9d6e-59ecbb0ec00a@group-98F8932728FF: ConfigurationManager, init=-1: [f543130f-443f-4ba5-9d6e-59ecbb0ec00a:192.168.164.250:36191, 5a36316c-6269-4ab0-8563-6514c3376d21:192.168.164.250:32906, 49e61346-ce49-4850-8dcd-6024868ef21c:192.168.164.250:43655], old=null, confs=<EMPTY_MAP>
2019-10-02 10:09:05,166 [pool-57-thread-1] INFO  server.RaftServerConfigKeys (ConfUtils.java:logGet(43)) - raft.server.storage.dir = [/workdir/hadoop-ozone/ozonefs/target/test-dir/MiniOzoneClusterImpl-a0bcfbd7-d664-4bc8-be8a-7389cc786fdd/datanode-3/data/ratis] (custom)
2019-10-02 10:09:05,166 [pool-57-thread-1] INFO  server.RaftServerConfigKeys (ConfUtils.java:logGet(43)) - raft.server.log.corruption.policy = EXCEPTION (default)
2019-10-02 10:09:05,166 [pool-57-thread-1] INFO  storage.RaftStorageDirectory (RaftStorageDirectory.java:analyzeStorage(246)) - The storage directory /workdir/hadoop-ozone/ozonefs/target/test-dir/MiniOzoneClusterImpl-a0bcfbd7-d664-4bc8-be8a-7389cc786fdd/datanode-3/data/ratis/3ddab716-84b5-4f0d-a0b0-98f8932728ff does not exist. Creating ...
2019-10-02 10:09:05,179 [pool-57-thread-1] INFO  storage.RaftStorageDirectory (RaftStorageDirectory.java:tryLock(328)) - Lock on /workdir/hadoop-ozone/ozonefs/target/test-dir/MiniOzoneClusterImpl-a0bcfbd7-d664-4bc8-be8a-7389cc786fdd/datanode-3/data/ratis/3ddab716-84b5-4f0d-a0b0-98f8932728ff/in_use.lock acquired by nodename 13808@pr-trunk-p5fv4-2201032288
2019-10-02 10:09:05,179 [pool-47-thread-1] INFO  storage.RaftStorageDirectory (RaftStorageDirectory.java:tryLock(328)) - Lock on /workdir/hadoop-ozone/ozonefs/target/test-dir/MiniOzoneClusterImpl-a0bcfbd7-d664-4bc8-be8a-7389cc786fdd/datanode-2/data/ratis/3ddab716-84b5-4f0d-a0b0-98f8932728ff/in_use.lock acquired by nodename 13808@pr-trunk-p5fv4-2201032288
2019-10-02 10:09:05,179 [pool-37-thread-1] INFO  storage.RaftStorageDirectory (RaftStorageDirectory.java:tryLock(328)) - Lock on /workdir/hadoop-ozone/ozonefs/target/test-dir/MiniOzoneClusterImpl-a0bcfbd7-d664-4bc8-be8a-7389cc786fdd/datanode-1/data/ratis/3ddab716-84b5-4f0d-a0b0-98f8932728ff/in_use.lock acquired by nodename 13808@pr-trunk-p5fv4-2201032288
2019-10-02 10:09:05,193 [pool-47-thread-1] INFO  storage.RaftStorage (RaftStorage.java:format(84)) - Storage directory /workdir/hadoop-ozone/ozonefs/target/test-dir/MiniOzoneClusterImpl-a0bcfbd7-d664-4bc8-be8a-7389cc786fdd/datanode-2/data/ratis/3ddab716-84b5-4f0d-a0b0-98f8932728ff has been successfully formatted.
2019-10-02 10:09:05,193 [pool-57-thread-1] INFO  storage.RaftStorage (RaftStorage.java:format(84)) - Storage directory /workdir/hadoop-ozone/ozonefs/target/test-dir/MiniOzoneClusterImpl-a0bcfbd7-d664-4bc8-be8a-7389cc786fdd/datanode-3/data/ratis/3ddab716-84b5-4f0d-a0b0-98f8932728ff has been successfully formatted.
2019-10-02 10:09:05,193 [pool-37-thread-1] INFO  storage.RaftStorage (RaftStorage.java:format(84)) - Storage directory /workdir/hadoop-ozone/ozonefs/target/test-dir/MiniOzoneClusterImpl-a0bcfbd7-d664-4bc8-be8a-7389cc786fdd/datanode-1/data/ratis/3ddab716-84b5-4f0d-a0b0-98f8932728ff has been successfully formatted.
2019-10-02 10:09:05,193 [pool-57-thread-1] INFO  ratis.ContainerStateMachine (ContainerStateMachine.java:loadSnapshot(231)) - group-98F8932728FF: The snapshot info is null. Setting the last applied indexto:(t:0, i:~)
2019-10-02 10:09:05,193 [pool-47-thread-1] INFO  ratis.ContainerStateMachine (ContainerStateMachine.java:loadSnapshot(231)) - group-98F8932728FF: The snapshot info is null. Setting the last applied indexto:(t:0, i:~)
2019-10-02 10:09:05,193 [pool-37-thread-1] INFO  ratis.ContainerStateMachine (ContainerStateMachine.java:loadSnapshot(231)) - group-98F8932728FF: The snapshot info is null. Setting the last applied indexto:(t:0, i:~)
2019-10-02 10:09:05,193 [pool-57-thread-1] INFO  server.RaftServerConfigKeys (ConfUtils.java:logGet(43)) - raft.server.notification.no-leader.timeout = 120s (custom)
2019-10-02 10:09:05,194 [pool-37-thread-1] INFO  server.RaftServerConfigKeys (ConfUtils.java:logGet(43)) - raft.server.notification.no-leader.timeout = 120s (custom)
2019-10-02 10:09:05,194 [pool-47-thread-1] INFO  server.RaftServerConfigKeys (ConfUtils.java:logGet(43)) - raft.server.notification.no-leader.timeout = 120s (custom)
2019-10-02 10:09:05,194 [pool-37-thread-1] INFO  server.RaftServerConfigKeys (ConfUtils.java:logGet(43)) - raft.server.log.use.memory = false (default)
2019-10-02 10:09:05,194 [pool-57-thread-1] INFO  server.RaftServerConfigKeys (ConfUtils.java:logGet(43)) - raft.server.log.use.memory = false (default)
2019-10-02 10:09:05,194 [pool-37-thread-1] INFO  server.RaftServerConfigKeys (ConfUtils.java:logGet(43)) - raft.server.log.purge.gap = 1000000 (custom)
2019-10-02 10:09:05,194 [pool-47-thread-1] INFO  server.RaftServerConfigKeys (ConfUtils.java:logGet(43)) - raft.server.log.use.memory = false (default)
2019-10-02 10:09:05,194 [pool-37-thread-1] INFO  server.RaftServerConfigKeys (ConfUtils.java:logGet(43)) - raft.server.log.appender.buffer.byte-limit = 33554432 (custom)
2019-10-02 10:09:05,194 [pool-57-thread-1] INFO  server.RaftServerConfigKeys (ConfUtils.java:logGet(43)) - raft.server.log.purge.gap = 1000000 (custom)
2019-10-02 10:09:05,195 [pool-37-thread-1] INFO  server.RaftServerConfigKeys (ConfUtils.java:logGet(43)) - raft.server.log.segment.size.max = 1048576 (custom)
2019-10-02 10:09:05,195 [pool-47-thread-1] INFO  server.RaftServerConfigKeys (ConfUtils.java:logGet(43)) - raft.server.log.purge.gap = 1000000 (custom)
2019-10-02 10:09:05,195 [pool-37-thread-1] INFO  server.RaftServerConfigKeys (ConfUtils.java:logGet(43)) - raft.server.log.segment.cache.num.max = 2 (custom)
2019-10-02 10:09:05,195 [pool-57-thread-1] INFO  server.RaftServerConfigKeys (ConfUtils.java:logGet(43)) - raft.server.log.appender.buffer.byte-limit = 33554432 (custom)
2019-10-02 10:09:05,195 [pool-37-thread-1] INFO  segmented.SegmentedRaftLogWorker (SegmentedRaftLogWorker.java:<init>(173)) - new 5a36316c-6269-4ab0-8563-6514c3376d21@group-98F8932728FF-SegmentedRaftLogWorker for RaftStorage:Storage Directory /workdir/hadoop-ozone/ozonefs/target/test-dir/MiniOzoneClusterImpl-a0bcfbd7-d664-4bc8-be8a-7389cc786fdd/datanode-1/data/ratis/3ddab716-84b5-4f0d-a0b0-98f8932728ff
2019-10-02 10:09:05,195 [pool-47-thread-1] INFO  server.RaftServerConfigKeys (ConfUtils.java:logGet(43)) - raft.server.log.appender.buffer.byte-limit = 33554432 (custom)
2019-10-02 10:09:05,195 [pool-37-thread-1] INFO  server.RaftServerConfigKeys (ConfUtils.java:logGet(43)) - raft.server.log.queue.byte-limit = 2147483647 (custom)
2019-10-02 10:09:05,195 [pool-57-thread-1] INFO  server.RaftServerConfigKeys (ConfUtils.java:logGet(43)) - raft.server.log.segment.size.max = 1048576 (custom)
2019-10-02 10:09:05,196 [pool-37-thread-1] INFO  server.RaftServerConfigKeys (ConfUtils.java:logGet(43)) - raft.server.log.queue.element-limit = 1024 (custom)
2019-10-02 10:09:05,195 [pool-47-thread-1] INFO  server.RaftServerConfigKeys (ConfUtils.java:logGet(43)) - raft.server.log.segment.size.max = 1048576 (custom)
2019-10-02 10:09:05,196 [pool-37-thread-1] INFO  server.RaftServerConfigKeys (ConfUtils.java:logGet(43)) - raft.server.log.segment.size.max = 1048576 (custom)
2019-10-02 10:09:05,196 [pool-57-thread-1] INFO  server.RaftServerConfigKeys (ConfUtils.java:logGet(43)) - raft.server.log.segment.cache.num.max = 2 (custom)
2019-10-02 10:09:05,196 [pool-37-thread-1] INFO  server.RaftServerConfigKeys (ConfUtils.java:logGet(43)) - raft.server.log.preallocated.size = 16384 (custom)
2019-10-02 10:09:05,196 [pool-47-thread-1] INFO  server.RaftServerConfigKeys (ConfUtils.java:logGet(43)) - raft.server.log.segment.cache.num.max = 2 (custom)
2019-10-02 10:09:05,196 [pool-37-thread-1] INFO  server.RaftServerConfigKeys (ConfUtils.java:logGet(43)) - raft.server.log.write.buffer.size = 33554432 (custom)
2019-10-02 10:09:05,196 [pool-57-thread-1] INFO  segmented.SegmentedRaftLogWorker (SegmentedRaftLogWorker.java:<init>(173)) - new f543130f-443f-4ba5-9d6e-59ecbb0ec00a@group-98F8932728FF-SegmentedRaftLogWorker for RaftStorage:Storage Directory /workdir/hadoop-ozone/ozonefs/target/test-dir/MiniOzoneClusterImpl-a0bcfbd7-d664-4bc8-be8a-7389cc786fdd/datanode-3/data/ratis/3ddab716-84b5-4f0d-a0b0-98f8932728ff
2019-10-02 10:09:05,196 [pool-37-thread-1] INFO  server.RaftServerConfigKeys (ConfUtils.java:logGet(43)) - raft.server.log.force.sync.num = 128 (default)
2019-10-02 10:09:05,196 [pool-47-thread-1] INFO  segmented.SegmentedRaftLogWorker (SegmentedRaftLogWorker.java:<init>(173)) - new 49e61346-ce49-4850-8dcd-6024868ef21c@group-98F8932728FF-SegmentedRaftLogWorker for RaftStorage:Storage Directory /workdir/hadoop-ozone/ozonefs/target/test-dir/MiniOzoneClusterImpl-a0bcfbd7-d664-4bc8-be8a-7389cc786fdd/datanode-2/data/ratis/3ddab716-84b5-4f0d-a0b0-98f8932728ff
2019-10-02 10:09:05,197 [pool-37-thread-1] INFO  server.RaftServerConfigKeys (ConfUtils.java:logGet(43)) - raft.server.log.statemachine.data.sync = true (default)
2019-10-02 10:09:05,196 [pool-57-thread-1] INFO  server.RaftServerConfigKeys (ConfUtils.java:logGet(43)) - raft.server.log.queue.byte-limit = 2147483647 (custom)
2019-10-02 10:09:05,197 [pool-37-thread-1] INFO  server.RaftServerConfigKeys (ConfUtils.java:logGet(43)) - raft.server.log.statemachine.data.sync.timeout = 10s (default)
2019-10-02 10:09:05,197 [pool-47-thread-1] INFO  server.RaftServerConfigKeys (ConfUtils.java:logGet(43)) - raft.server.log.queue.byte-limit = 2147483647 (custom)
2019-10-02 10:09:05,197 [pool-37-thread-1] INFO  server.RaftServerConfigKeys (ConfUtils.java:logGet(43)) - raft.server.log.statemachine.data.sync.timeout.retry = -1 (default)
2019-10-02 10:09:05,197 [pool-57-thread-1] INFO  server.RaftServerConfigKeys (ConfUtils.java:logGet(43)) - raft.server.log.queue.element-limit = 1024 (custom)
2019-10-02 10:09:05,197 [pool-47-thread-1] INFO  server.RaftServerConfigKeys (ConfUtils.java:logGet(43)) - raft.server.log.queue.element-limit = 1024 (custom)
2019-10-02 10:09:05,197 [pool-57-thread-1] INFO  server.RaftServerConfigKeys (ConfUtils.java:logGet(43)) - raft.server.log.segment.size.max = 1048576 (custom)
2019-10-02 10:09:05,197 [pool-37-thread-1] INFO  server.RaftServerConfigKeys (ConfUtils.java:logGet(43)) - raft.server.log.statemachine.data.caching.enabled = true (custom)
2019-10-02 10:09:05,198 [pool-57-thread-1] INFO  server.RaftServerConfigKeys (ConfUtils.java:logGet(43)) - raft.server.log.preallocated.size = 16384 (custom)
2019-10-02 10:09:05,198 [pool-47-thread-1] INFO  server.RaftServerConfigKeys (ConfUtils.java:logGet(43)) - raft.server.log.segment.size.max = 1048576 (custom)
2019-10-02 10:09:05,198 [pool-57-thread-1] INFO  server.RaftServerConfigKeys (ConfUtils.java:logGet(43)) - raft.server.log.write.buffer.size = 33554432 (custom)
2019-10-02 10:09:05,198 [pool-37-thread-1] INFO  segmented.SegmentedRaftLogWorker (SegmentedRaftLogWorker.java:lambda$new$0(128)) - 5a36316c-6269-4ab0-8563-6514c3376d21@group-98F8932728FF-SegmentedRaftLogWorker: flushIndex: setUnconditionally 0 -> -1
2019-10-02 10:09:05,198 [pool-47-thread-1] INFO  server.RaftServerConfigKeys (ConfUtils.java:logGet(43)) - raft.server.log.preallocated.size = 16384 (custom)
2019-10-02 10:09:05,198 [pool-57-thread-1] INFO  server.RaftServerConfigKeys (ConfUtils.java:logGet(43)) - raft.server.log.force.sync.num = 128 (default)
2019-10-02 10:09:05,198 [pool-47-thread-1] INFO  server.RaftServerConfigKeys (ConfUtils.java:logGet(43)) - raft.server.log.write.buffer.size = 33554432 (custom)
2019-10-02 10:09:05,198 [pool-37-thread-1] INFO  server.RaftServerConfigKeys (ConfUtils.java:logGet(43)) - raft.server.snapshot.auto.trigger.enabled = true (custom)
2019-10-02 10:09:05,198 [pool-57-thread-1] INFO  server.RaftServerConfigKeys (ConfUtils.java:logGet(43)) - raft.server.log.statemachine.data.sync = true (default)
2019-10-02 10:09:05,199 [pool-37-thread-1] INFO  server.RaftServerConfigKeys (ConfUtils.java:logGet(43)) - raft.server.snapshot.auto.trigger.threshold = 10000 (custom)
2019-10-02 10:09:05,199 [pool-47-thread-1] INFO  server.RaftServerConfigKeys (ConfUtils.java:logGet(43)) - raft.server.log.force.sync.num = 128 (default)
2019-10-02 10:09:05,199 [pool-57-thread-1] INFO  server.RaftServerConfigKeys (ConfUtils.java:logGet(43)) - raft.server.log.statemachine.data.sync.timeout = 10s (default)
2019-10-02 10:09:05,199 [pool-47-thread-1] INFO  server.RaftServerConfigKeys (ConfUtils.java:logGet(43)) - raft.server.log.statemachine.data.sync = true (default)
2019-10-02 10:09:05,199 [pool-37-thread-1] INFO  server.RaftServerConfigKeys (ConfUtils.java:logGet(43)) - raft.server.snapshot.retention.file.num = 5 (custom)
2019-10-02 10:09:05,199 [pool-47-thread-1] INFO  server.RaftServerConfigKeys (ConfUtils.java:logGet(43)) - raft.server.log.statemachine.data.sync.timeout = 10s (default)
2019-10-02 10:09:05,200 [pool-47-thread-1] INFO  server.RaftServerConfigKeys (ConfUtils.java:logGet(43)) - raft.server.log.statemachine.data.sync.timeout.retry = -1 (default)
2019-10-02 10:09:05,199 [pool-57-thread-1] INFO  server.RaftServerConfigKeys (ConfUtils.java:logGet(43)) - raft.server.log.statemachine.data.sync.timeout.retry = -1 (default)
2019-10-02 10:09:05,200 [pool-47-thread-1] INFO  server.RaftServerConfigKeys (ConfUtils.java:logGet(43)) - raft.server.log.statemachine.data.caching.enabled = true (custom)
2019-10-02 10:09:05,199 [pool-37-thread-1] INFO  server.RaftServerConfigKeys (ConfUtils.java:logGet(43)) - raft.server.retrycache.expirytime = 600000ms (custom)
2019-10-02 10:09:05,200 [pool-47-thread-1] INFO  segmented.SegmentedRaftLogWorker (SegmentedRaftLogWorker.java:lambda$new$0(128)) - 49e61346-ce49-4850-8dcd-6024868ef21c@group-98F8932728FF-SegmentedRaftLogWorker: flushIndex: setUnconditionally 0 -> -1
2019-10-02 10:09:05,200 [pool-57-thread-1] INFO  server.RaftServerConfigKeys (ConfUtils.java:logGet(43)) - raft.server.log.statemachine.data.caching.enabled = true (custom)
2019-10-02 10:09:05,200 [pool-47-thread-1] INFO  server.RaftServerConfigKeys (ConfUtils.java:logGet(43)) - raft.server.snapshot.auto.trigger.enabled = true (custom)
2019-10-02 10:09:05,200 [pool-57-thread-1] INFO  segmented.SegmentedRaftLogWorker (SegmentedRaftLogWorker.java:lambda$new$0(128)) - f543130f-443f-4ba5-9d6e-59ecbb0ec00a@group-98F8932728FF-SegmentedRaftLogWorker: flushIndex: setUnconditionally 0 -> -1
2019-10-02 10:09:05,200 [pool-47-thread-1] INFO  server.RaftServerConfigKeys (ConfUtils.java:logGet(43)) - raft.server.snapshot.auto.trigger.threshold = 10000 (custom)
2019-10-02 10:09:05,200 [pool-57-thread-1] INFO  server.RaftServerConfigKeys (ConfUtils.java:logGet(43)) - raft.server.snapshot.auto.trigger.enabled = true (custom)
2019-10-02 10:09:05,201 [pool-47-thread-1] INFO  server.RaftServerConfigKeys (ConfUtils.java:logGet(43)) - raft.server.snapshot.retention.file.num = 5 (custom)
2019-10-02 10:09:05,201 [pool-57-thread-1] INFO  server.RaftServerConfigKeys (ConfUtils.java:logGet(43)) - raft.server.snapshot.auto.trigger.threshold = 10000 (custom)
2019-10-02 10:09:05,201 [pool-47-thread-1] INFO  server.RaftServerConfigKeys (ConfUtils.java:logGet(43)) - raft.server.retrycache.expirytime = 600000ms (custom)
2019-10-02 10:09:05,201 [pool-57-thread-1] INFO  server.RaftServerConfigKeys (ConfUtils.java:logGet(43)) - raft.server.snapshot.retention.file.num = 5 (custom)
2019-10-02 10:09:05,201 [pool-57-thread-1] INFO  server.RaftServerConfigKeys (ConfUtils.java:logGet(43)) - raft.server.retrycache.expirytime = 600000ms (custom)
2019-10-02 10:09:05,205 [pool-37-thread-1] INFO  impl.RaftServerImpl (RaftServerImpl.java:start(181)) - 5a36316c-6269-4ab0-8563-6514c3376d21@group-98F8932728FF: start as a follower, conf=-1: [f543130f-443f-4ba5-9d6e-59ecbb0ec00a:192.168.164.250:36191, 5a36316c-6269-4ab0-8563-6514c3376d21:192.168.164.250:32906, 49e61346-ce49-4850-8dcd-6024868ef21c:192.168.164.250:43655], old=null
2019-10-02 10:09:05,206 [pool-47-thread-1] INFO  impl.RaftServerImpl (RaftServerImpl.java:start(181)) - 49e61346-ce49-4850-8dcd-6024868ef21c@group-98F8932728FF: start as a follower, conf=-1: [f543130f-443f-4ba5-9d6e-59ecbb0ec00a:192.168.164.250:36191, 5a36316c-6269-4ab0-8563-6514c3376d21:192.168.164.250:32906, 49e61346-ce49-4850-8dcd-6024868ef21c:192.168.164.250:43655], old=null
2019-10-02 10:09:05,206 [pool-37-thread-1] INFO  impl.RaftServerImpl (RaftServerImpl.java:setRole(170)) - 5a36316c-6269-4ab0-8563-6514c3376d21@group-98F8932728FF: changes role from      null to FOLLOWER at term 0 for startAsFollower
2019-10-02 10:09:05,206 [pool-57-thread-1] INFO  impl.RaftServerImpl (RaftServerImpl.java:start(181)) - f543130f-443f-4ba5-9d6e-59ecbb0ec00a@group-98F8932728FF: start as a follower, conf=-1: [f543130f-443f-4ba5-9d6e-59ecbb0ec00a:192.168.164.250:36191, 5a36316c-6269-4ab0-8563-6514c3376d21:192.168.164.250:32906, 49e61346-ce49-4850-8dcd-6024868ef21c:192.168.164.250:43655], old=null
2019-10-02 10:09:05,206 [pool-47-thread-1] INFO  impl.RaftServerImpl (RaftServerImpl.java:setRole(170)) - 49e61346-ce49-4850-8dcd-6024868ef21c@group-98F8932728FF: changes role from      null to FOLLOWER at term 0 for startAsFollower
2019-10-02 10:09:05,206 [pool-57-thread-1] INFO  impl.RaftServerImpl (RaftServerImpl.java:setRole(170)) - f543130f-443f-4ba5-9d6e-59ecbb0ec00a@group-98F8932728FF: changes role from      null to FOLLOWER at term 0 for startAsFollower
2019-10-02 10:09:05,206 [pool-37-thread-1] INFO  impl.RoleInfo (RoleInfo.java:updateAndGet(143)) - 5a36316c-6269-4ab0-8563-6514c3376d21: start FollowerState
2019-10-02 10:09:05,206 [pool-57-thread-1] INFO  impl.RoleInfo (RoleInfo.java:updateAndGet(143)) - f543130f-443f-4ba5-9d6e-59ecbb0ec00a: start FollowerState
2019-10-02 10:09:05,206 [pool-47-thread-1] INFO  impl.RoleInfo (RoleInfo.java:updateAndGet(143)) - 49e61346-ce49-4850-8dcd-6024868ef21c: start FollowerState
2019-10-02 10:09:05,207 [pool-37-thread-1] INFO  util.JmxRegister (JmxRegister.java:tryRegister(44)) - Successfully registered JMX Bean with object name Ratis:service=RaftServer,group=group-98F8932728FF,id=5a36316c-6269-4ab0-8563-6514c3376d21
2019-10-02 10:09:05,207 [pool-57-thread-1] INFO  util.JmxRegister (JmxRegister.java:tryRegister(44)) - Successfully registered JMX Bean with object name Ratis:service=RaftServer,group=group-98F8932728FF,id=f543130f-443f-4ba5-9d6e-59ecbb0ec00a
2019-10-02 10:09:05,207 [pool-47-thread-1] INFO  util.JmxRegister (JmxRegister.java:tryRegister(44)) - Successfully registered JMX Bean with object name Ratis:service=RaftServer,group=group-98F8932728FF,id=49e61346-ce49-4850-8dcd-6024868ef21c
2019-10-02 10:09:05,215 [RatisPipelineUtilsThread] INFO  pipeline.PipelineStateManager (PipelineStateManager.java:addPipeline(56)) - Created pipeline Pipeline[ Id: 3ddab716-84b5-4f0d-a0b0-98f8932728ff, Nodes: f543130f-443f-4ba5-9d6e-59ecbb0ec00a{ip: 192.168.164.250, host: pr-trunk-p5fv4-2201032288, networkLocation: /default-rack, certSerialId: null}5a36316c-6269-4ab0-8563-6514c3376d21{ip: 192.168.164.250, host: pr-trunk-p5fv4-2201032288, networkLocation: /default-rack, certSerialId: null}49e61346-ce49-4850-8dcd-6024868ef21c{ip: 192.168.164.250, host: pr-trunk-p5fv4-2201032288, networkLocation: /default-rack, certSerialId: null}, Type:RATIS, Factor:THREE, State:OPEN]
]]></system-out>
    <system-err><![CDATA[Oct 02, 2019 10:06:38 AM org.apache.ratis.thirdparty.io.grpc.netty.NettyServerHandler onStreamError
WARNING: Stream Error
org.apache.ratis.thirdparty.io.netty.handler.codec.http2.Http2Exception$StreamException: Received DATA frame for an unknown stream 3
	at org.apache.ratis.thirdparty.io.netty.handler.codec.http2.Http2Exception.streamError(Http2Exception.java:129)
	at org.apache.ratis.thirdparty.io.netty.handler.codec.http2.DefaultHttp2ConnectionDecoder$FrameReadListener.shouldIgnoreHeadersOrDataFrame(DefaultHttp2ConnectionDecoder.java:531)
	at org.apache.ratis.thirdparty.io.netty.handler.codec.http2.DefaultHttp2ConnectionDecoder$FrameReadListener.onDataRead(DefaultHttp2ConnectionDecoder.java:183)
	at org.apache.ratis.thirdparty.io.netty.handler.codec.http2.Http2InboundFrameLogger$1.onDataRead(Http2InboundFrameLogger.java:48)
	at org.apache.ratis.thirdparty.io.netty.handler.codec.http2.DefaultHttp2FrameReader.readDataFrame(DefaultHttp2FrameReader.java:421)
	at org.apache.ratis.thirdparty.io.netty.handler.codec.http2.DefaultHttp2FrameReader.processPayloadState(DefaultHttp2FrameReader.java:251)
	at org.apache.ratis.thirdparty.io.netty.handler.codec.http2.DefaultHttp2FrameReader.readFrame(DefaultHttp2FrameReader.java:160)
	at org.apache.ratis.thirdparty.io.netty.handler.codec.http2.Http2InboundFrameLogger.readFrame(Http2InboundFrameLogger.java:41)
	at org.apache.ratis.thirdparty.io.netty.handler.codec.http2.DefaultHttp2ConnectionDecoder.decodeFrame(DefaultHttp2ConnectionDecoder.java:118)
	at org.apache.ratis.thirdparty.io.netty.handler.codec.http2.Http2ConnectionHandler$FrameDecoder.decode(Http2ConnectionHandler.java:390)
	at org.apache.ratis.thirdparty.io.netty.handler.codec.http2.Http2ConnectionHandler.decode(Http2ConnectionHandler.java:450)
	at org.apache.ratis.thirdparty.io.netty.handler.codec.ByteToMessageDecoder.decodeRemovalReentryProtection(ByteToMessageDecoder.java:502)
	at org.apache.ratis.thirdparty.io.netty.handler.codec.ByteToMessageDecoder.callDecode(ByteToMessageDecoder.java:441)
	at org.apache.ratis.thirdparty.io.netty.handler.codec.ByteToMessageDecoder.channelRead(ByteToMessageDecoder.java:278)
	at org.apache.ratis.thirdparty.io.netty.channel.AbstractChannelHandlerContext.invokeChannelRead(AbstractChannelHandlerContext.java:362)
	at org.apache.ratis.thirdparty.io.netty.channel.AbstractChannelHandlerContext.invokeChannelRead(AbstractChannelHandlerContext.java:348)
	at org.apache.ratis.thirdparty.io.netty.channel.AbstractChannelHandlerContext.fireChannelRead(AbstractChannelHandlerContext.java:340)
	at org.apache.ratis.thirdparty.io.netty.channel.DefaultChannelPipeline$HeadContext.channelRead(DefaultChannelPipeline.java:1434)
	at org.apache.ratis.thirdparty.io.netty.channel.AbstractChannelHandlerContext.invokeChannelRead(AbstractChannelHandlerContext.java:362)
	at org.apache.ratis.thirdparty.io.netty.channel.AbstractChannelHandlerContext.invokeChannelRead(AbstractChannelHandlerContext.java:348)
	at org.apache.ratis.thirdparty.io.netty.channel.DefaultChannelPipeline.fireChannelRead(DefaultChannelPipeline.java:965)
	at org.apache.ratis.thirdparty.io.netty.channel.nio.AbstractNioByteChannel$NioByteUnsafe.read(AbstractNioByteChannel.java:163)
	at org.apache.ratis.thirdparty.io.netty.channel.nio.NioEventLoop.processSelectedKey(NioEventLoop.java:644)
	at org.apache.ratis.thirdparty.io.netty.channel.nio.NioEventLoop.processSelectedKeysOptimized(NioEventLoop.java:579)
	at org.apache.ratis.thirdparty.io.netty.channel.nio.NioEventLoop.processSelectedKeys(NioEventLoop.java:496)
	at org.apache.ratis.thirdparty.io.netty.channel.nio.NioEventLoop.run(NioEventLoop.java:458)
	at org.apache.ratis.thirdparty.io.netty.util.concurrent.SingleThreadEventExecutor$5.run(SingleThreadEventExecutor.java:897)
	at org.apache.ratis.thirdparty.io.netty.util.concurrent.FastThreadLocalRunnable.run(FastThreadLocalRunnable.java:30)
	at java.lang.Thread.run(Thread.java:748)

]]></system-err>
  </testcase>
  <testcase name="testOpenReadDirWithChild" classname="org.apache.hadoop.fs.ozone.contract.ITestOzoneContractOpen" time="0.157"/>
</testsuite>