<?xml version="1.0" encoding="UTF-8"?>
<testsuite xmlns:xsi="http://www.w3.org/2001/XMLSchema-instance" xsi:noNamespaceSchemaLocation="https://maven.apache.org/surefire/maven-surefire-plugin/xsd/surefire-test-report.xsd" name="org.apache.hadoop.ozone.client.rpc.TestDeleteWithSlowFollower" time="132.878" tests="1" errors="0" skipped="0" failures="1">
  <properties>
    <property name="awt.toolkit" value="sun.awt.X11.XToolkit"/>
    <property name="file.encoding.pkg" value="sun.io"/>
    <property name="java.specification.version" value="1.8"/>
    <property name="sun.cpu.isalist" value=""/>
    <property name="sun.jnu.encoding" value="ANSI_X3.4-1968"/>
    <property name="java.class.path" value="/workdir/hadoop-ozone/integration-test/target/test-classes:/workdir/hadoop-ozone/integration-test/target/classes:/home/user/.m2/repository/org/apache/hadoop/hadoop-ozone-common/0.5.0-SNAPSHOT/hadoop-ozone-common-0.5.0-SNAPSHOT.jar:/home/user/.m2/repository/org/apache/commons/commons-compress/1.4.1/commons-compress-1.4.1.jar:/home/user/.m2/repository/org/tukaani/xz/1.0/xz-1.0.jar:/home/user/.m2/repository/org/apache/hadoop/hadoop-common/3.2.0/hadoop-common-3.2.0.jar:/home/user/.m2/repository/org/apache/hadoop/hadoop-hdfs/3.2.0/hadoop-hdfs-3.2.0.jar:/home/user/.m2/repository/org/apache/hadoop/hadoop-hdfs-client/3.2.0/hadoop-hdfs-client-3.2.0.jar:/home/user/.m2/repository/com/fasterxml/jackson/core/jackson-annotations/2.9.9/jackson-annotations-2.9.9.jar:/home/user/.m2/repository/org/apache/hadoop/hadoop-hdds-common/0.5.0-SNAPSHOT/hadoop-hdds-common-0.5.0-SNAPSHOT.jar:/home/user/.m2/repository/javax/annotation/javax.annotation-api/1.2/javax.annotation-api-1.2.jar:/home/user/.m2/repository/org/apache/ratis/ratis-server/0.5.0-3f446aa-SNAPSHOT/ratis-server-0.5.0-3f446aa-SNAPSHOT.jar:/home/user/.m2/repository/org/apache/ratis/ratis-thirdparty-misc/0.2.0/ratis-thirdparty-misc-0.2.0.jar:/home/user/.m2/repository/org/apache/ratis/ratis-proto/0.5.0-3f446aa-SNAPSHOT/ratis-proto-0.5.0-3f446aa-SNAPSHOT.jar:/home/user/.m2/repository/org/apache/ratis/ratis-common/0.5.0-3f446aa-SNAPSHOT/ratis-common-0.5.0-3f446aa-SNAPSHOT.jar:/home/user/.m2/repository/org/apache/ratis/ratis-client/0.5.0-3f446aa-SNAPSHOT/ratis-client-0.5.0-3f446aa-SNAPSHOT.jar:/home/user/.m2/repository/org/apache/ratis/ratis-metrics/0.5.0-3f446aa-SNAPSHOT/ratis-metrics-0.5.0-3f446aa-SNAPSHOT.jar:/home/user/.m2/repository/com/github/joshelser/dropwizard-metrics-hadoop-metrics2-reporter/0.1.2/dropwizard-metrics-hadoop-metrics2-reporter-0.1.2.jar:/home/user/.m2/repository/io/dropwizard/metrics/metrics-jvm/3.2.5/metrics-jvm-3.2.5.jar:/home/user/.m2/repository/io/dropwizard/metrics/metrics-ganglia/3.2.5/metrics-ganglia-3.2.5.jar:/home/user/.m2/repository/info/ganglia/gmetric4j/gmetric4j/1.0.7/gmetric4j-1.0.7.jar:/home/user/.m2/repository/org/apache/ratis/ratis-netty/0.5.0-3f446aa-SNAPSHOT/ratis-netty-0.5.0-3f446aa-SNAPSHOT.jar:/home/user/.m2/repository/org/apache/ratis/ratis-grpc/0.5.0-3f446aa-SNAPSHOT/ratis-grpc-0.5.0-3f446aa-SNAPSHOT.jar:/home/user/.m2/repository/org/rocksdb/rocksdbjni/6.0.1/rocksdbjni-6.0.1.jar:/home/user/.m2/repository/org/apache/logging/log4j/log4j-api/2.11.0/log4j-api-2.11.0.jar:/home/user/.m2/repository/org/apache/logging/log4j/log4j-core/2.11.0/log4j-core-2.11.0.jar:/home/user/.m2/repository/com/lmax/disruptor/3.4.2/disruptor-3.4.2.jar:/home/user/.m2/repository/org/apache/commons/commons-pool2/2.6.0/commons-pool2-2.6.0.jar:/home/user/.m2/repository/org/bouncycastle/bcpkix-jdk15on/1.60/bcpkix-jdk15on-1.60.jar:/home/user/.m2/repository/commons-validator/commons-validator/1.6/commons-validator-1.6.jar:/home/user/.m2/repository/commons-digester/commons-digester/1.8.1/commons-digester-1.8.1.jar:/home/user/.m2/repository/io/jaegertracing/jaeger-client/0.34.0/jaeger-client-0.34.0.jar:/home/user/.m2/repository/io/jaegertracing/jaeger-thrift/0.34.0/jaeger-thrift-0.34.0.jar:/home/user/.m2/repository/org/apache/thrift/libthrift/0.12.0/libthrift-0.12.0.jar:/home/user/.m2/repository/com/squareup/okhttp3/okhttp/3.9.0/okhttp-3.9.0.jar:/home/user/.m2/repository/com/squareup/okio/okio/1.13.0/okio-1.13.0.jar:/home/user/.m2/repository/io/jaegertracing/jaeger-core/0.34.0/jaeger-core-0.34.0.jar:/home/user/.m2/repository/io/jaegertracing/jaeger-tracerresolver/0.34.0/jaeger-tracerresolver-0.34.0.jar:/home/user/.m2/repository/io/opentracing/contrib/opentracing-tracerresolver/0.1.5/opentracing-tracerresolver-0.1.5.jar:/home/user/.m2/repository/io/opentracing/opentracing-util/0.31.0/opentracing-util-0.31.0.jar:/home/user/.m2/repository/io/opentracing/opentracing-api/0.31.0/opentracing-api-0.31.0.jar:/home/user/.m2/repository/io/opentracing/opentracing-noop/0.31.0/opentracing-noop-0.31.0.jar:/home/user/.m2/repository/org/apache/hadoop/hadoop-hdds-server-framework/0.5.0-SNAPSHOT/hadoop-hdds-server-framework-0.5.0-SNAPSHOT.jar:/home/user/.m2/repository/org/apache/hadoop/hadoop-hdds-container-service/0.5.0-SNAPSHOT/hadoop-hdds-container-service-0.5.0-SNAPSHOT.jar:/home/user/.m2/repository/org/apache/hadoop/hadoop-hdds-client/0.5.0-SNAPSHOT/hadoop-hdds-client-0.5.0-SNAPSHOT.jar:/home/user/.m2/repository/org/apache/hadoop/hadoop-hdds-tools/0.5.0-SNAPSHOT/hadoop-hdds-tools-0.5.0-SNAPSHOT.jar:/home/user/.m2/repository/org/apache/hadoop/hadoop-hdds-server-scm/0.5.0-SNAPSHOT/hadoop-hdds-server-scm-0.5.0-SNAPSHOT.jar:/home/user/.m2/repository/org/apache/hadoop/hadoop-hdds-docs/0.5.0-SNAPSHOT/hadoop-hdds-docs-0.5.0-SNAPSHOT.jar:/home/user/.m2/repository/io/dropwizard/metrics/metrics-core/3.2.4/metrics-core-3.2.4.jar:/home/user/.m2/repository/org/hamcrest/hamcrest-all/1.3/hamcrest-all-1.3.jar:/home/user/.m2/repository/org/bouncycastle/bcprov-jdk15on/1.60/bcprov-jdk15on-1.60.jar:/home/user/.m2/repository/info/picocli/picocli/3.9.6/picocli-3.9.6.jar:/home/user/.m2/repository/com/google/protobuf/protobuf-java/2.5.0/protobuf-java-2.5.0.jar:/home/user/.m2/repository/com/google/guava/guava/11.0.2/guava-11.0.2.jar:/home/user/.m2/repository/org/apache/hadoop/hadoop-ozone-ozone-manager/0.5.0-SNAPSHOT/hadoop-ozone-ozone-manager-0.5.0-SNAPSHOT.jar:/home/user/.m2/repository/org/apache/hadoop/hadoop-minikdc/3.2.0/hadoop-minikdc-3.2.0.jar:/home/user/.m2/repository/commons-io/commons-io/2.5/commons-io-2.5.jar:/home/user/.m2/repository/org/apache/kerby/kerb-simplekdc/1.0.1/kerb-simplekdc-1.0.1.jar:/home/user/.m2/repository/org/apache/kerby/kerb-client/1.0.1/kerb-client-1.0.1.jar:/home/user/.m2/repository/org/apache/kerby/kerby-config/1.0.1/kerby-config-1.0.1.jar:/home/user/.m2/repository/org/apache/kerby/kerb-core/1.0.1/kerb-core-1.0.1.jar:/home/user/.m2/repository/org/apache/kerby/kerby-pkix/1.0.1/kerby-pkix-1.0.1.jar:/home/user/.m2/repository/org/apache/kerby/kerby-asn1/1.0.1/kerby-asn1-1.0.1.jar:/home/user/.m2/repository/org/apache/kerby/kerby-util/1.0.1/kerby-util-1.0.1.jar:/home/user/.m2/repository/org/apache/kerby/kerb-common/1.0.1/kerb-common-1.0.1.jar:/home/user/.m2/repository/org/apache/kerby/kerb-crypto/1.0.1/kerb-crypto-1.0.1.jar:/home/user/.m2/repository/org/apache/kerby/kerb-util/1.0.1/kerb-util-1.0.1.jar:/home/user/.m2/repository/org/apache/kerby/token-provider/1.0.1/token-provider-1.0.1.jar:/home/user/.m2/repository/org/apache/kerby/kerb-admin/1.0.1/kerb-admin-1.0.1.jar:/home/user/.m2/repository/org/apache/kerby/kerb-server/1.0.1/kerb-server-1.0.1.jar:/home/user/.m2/repository/org/apache/kerby/kerb-identity/1.0.1/kerb-identity-1.0.1.jar:/home/user/.m2/repository/org/apache/kerby/kerby-xdr/1.0.1/kerby-xdr-1.0.1.jar:/home/user/.m2/repository/org/slf4j/slf4j-log4j12/1.7.25/slf4j-log4j12-1.7.25.jar:/home/user/.m2/repository/org/apache/hadoop/hadoop-ozone-s3gateway/0.5.0-SNAPSHOT/hadoop-ozone-s3gateway-0.5.0-SNAPSHOT.jar:/home/user/.m2/repository/org/jboss/weld/servlet/weld-servlet/2.4.7.Final/weld-servlet-2.4.7.Final.jar:/home/user/.m2/repository/org/glassfish/jersey/containers/jersey-container-servlet-core/2.27/jersey-container-servlet-core-2.27.jar:/home/user/.m2/repository/org/glassfish/hk2/external/javax.inject/2.5.0-b42/javax.inject-2.5.0-b42.jar:/home/user/.m2/repository/org/glassfish/jersey/core/jersey-common/2.27/jersey-common-2.27.jar:/home/user/.m2/repository/org/glassfish/hk2/osgi-resource-locator/1.0.1/osgi-resource-locator-1.0.1.jar:/home/user/.m2/repository/javax/ws/rs/javax.ws.rs-api/2.1/javax.ws.rs-api-2.1.jar:/home/user/.m2/repository/org/glassfish/jersey/ext/cdi/jersey-cdi1x/2.27/jersey-cdi1x-2.27.jar:/home/user/.m2/repository/org/glassfish/jersey/inject/jersey-hk2/2.27/jersey-hk2-2.27.jar:/home/user/.m2/repository/org/glassfish/hk2/hk2-locator/2.5.0-b42/hk2-locator-2.5.0-b42.jar:/home/user/.m2/repository/org/javassist/javassist/3.22.0-CR2/javassist-3.22.0-CR2.jar:/home/user/.m2/repository/org/glassfish/hk2/hk2-api/2.5.0/hk2-api-2.5.0.jar:/home/user/.m2/repository/org/glassfish/hk2/external/jakarta.inject/2.5.0/jakarta.inject-2.5.0.jar:/home/user/.m2/repository/org/glassfish/hk2/hk2-utils/2.5.0/hk2-utils-2.5.0.jar:/home/user/.m2/repository/jakarta/annotation/jakarta.annotation-api/1.3.4/jakarta.annotation-api-1.3.4.jar:/home/user/.m2/repository/org/glassfish/hk2/external/aopalliance-repackaged/2.5.0/aopalliance-repackaged-2.5.0.jar:/home/user/.m2/repository/com/fasterxml/jackson/dataformat/jackson-dataformat-xml/2.9.0/jackson-dataformat-xml-2.9.0.jar:/home/user/.m2/repository/com/fasterxml/jackson/core/jackson-core/2.9.9/jackson-core-2.9.9.jar:/home/user/.m2/repository/com/fasterxml/jackson/module/jackson-module-jaxb-annotations/2.9.9/jackson-module-jaxb-annotations-2.9.9.jar:/home/user/.m2/repository/javax/enterprise/cdi-api/1.2/cdi-api-1.2.jar:/home/user/.m2/repository/javax/el/javax.el-api/3.0.0/javax.el-api-3.0.0.jar:/home/user/.m2/repository/javax/interceptor/javax.interceptor-api/1.2/javax.interceptor-api-1.2.jar:/home/user/.m2/repository/javax/inject/javax.inject/1/javax.inject-1.jar:/home/user/.m2/repository/com/sun/xml/bind/jaxb-impl/2.3.0.1/jaxb-impl-2.3.0.1.jar:/home/user/.m2/repository/com/sun/xml/bind/jaxb-core/2.3.0.1/jaxb-core-2.3.0.1.jar:/home/user/.m2/repository/javax/xml/bind/jaxb-api/2.3.0/jaxb-api-2.3.0.jar:/home/user/.m2/repository/javax/activation/activation/1.1.1/activation-1.1.1.jar:/home/user/.m2/repository/org/apache/hadoop/hadoop-ozone-csi/0.5.0-SNAPSHOT/hadoop-ozone-csi-0.5.0-SNAPSHOT.jar:/home/user/.m2/repository/com/google/protobuf/protobuf-java-util/3.5.1/protobuf-java-util-3.5.1.jar:/home/user/.m2/repository/org/apache/hadoop/hadoop-hdds-config/0.5.0-SNAPSHOT/hadoop-hdds-config-0.5.0-SNAPSHOT.jar:/home/user/.m2/repository/io/grpc/grpc-netty/1.17.1/grpc-netty-1.17.1.jar:/home/user/.m2/repository/io/grpc/grpc-core/1.17.1/grpc-core-1.17.1.jar:/home/user/.m2/repository/io/grpc/grpc-context/1.17.1/grpc-context-1.17.1.jar:/home/user/.m2/repository/com/google/errorprone/error_prone_annotations/2.2.0/error_prone_annotations-2.2.0.jar:/home/user/.m2/repository/org/codehaus/mojo/animal-sniffer-annotations/1.17/animal-sniffer-annotations-1.17.jar:/home/user/.m2/repository/io/opencensus/opencensus-api/0.17.0/opencensus-api-0.17.0.jar:/home/user/.m2/repository/io/opencensus/opencensus-contrib-grpc-metrics/0.17.0/opencensus-contrib-grpc-metrics-0.17.0.jar:/home/user/.m2/repository/io/netty/netty-codec-http2/4.1.30.Final/netty-codec-http2-4.1.30.Final.jar:/home/user/.m2/repository/io/netty/netty-codec-http/4.1.30.Final/netty-codec-http-4.1.30.Final.jar:/home/user/.m2/repository/io/netty/netty-codec/4.1.30.Final/netty-codec-4.1.30.Final.jar:/home/user/.m2/repository/io/netty/netty-handler/4.1.30.Final/netty-handler-4.1.30.Final.jar:/home/user/.m2/repository/io/netty/netty-handler-proxy/4.1.30.Final/netty-handler-proxy-4.1.30.Final.jar:/home/user/.m2/repository/io/netty/netty-codec-socks/4.1.30.Final/netty-codec-socks-4.1.30.Final.jar:/home/user/.m2/repository/io/netty/netty-transport-native-epoll/4.1.30.Final/netty-transport-native-epoll-4.1.30.Final.jar:/home/user/.m2/repository/io/netty/netty-common/4.1.30.Final/netty-common-4.1.30.Final.jar:/home/user/.m2/repository/io/netty/netty-buffer/4.1.30.Final/netty-buffer-4.1.30.Final.jar:/home/user/.m2/repository/io/netty/netty-transport/4.1.30.Final/netty-transport-4.1.30.Final.jar:/home/user/.m2/repository/io/netty/netty-resolver/4.1.30.Final/netty-resolver-4.1.30.Final.jar:/home/user/.m2/repository/io/netty/netty-transport-native-unix-common/4.1.30.Final/netty-transport-native-unix-common-4.1.30.Final.jar:/home/user/.m2/repository/io/grpc/grpc-protobuf/1.17.1/grpc-protobuf-1.17.1.jar:/home/user/.m2/repository/com/google/api/grpc/proto-google-common-protos/1.0.0/proto-google-common-protos-1.0.0.jar:/home/user/.m2/repository/io/grpc/grpc-protobuf-lite/1.17.1/grpc-protobuf-lite-1.17.1.jar:/home/user/.m2/repository/io/grpc/grpc-stub/1.17.1/grpc-stub-1.17.1.jar:/home/user/.m2/repository/org/apache/hadoop/hadoop-ozone-recon/0.5.0-SNAPSHOT/hadoop-ozone-recon-0.5.0-SNAPSHOT.jar:/home/user/.m2/repository/org/apache/hadoop/hadoop-ozone-reconcodegen/0.5.0-SNAPSHOT/hadoop-ozone-reconcodegen-0.5.0-SNAPSHOT.jar:/home/user/.m2/repository/com/google/inject/extensions/guice-multibindings/4.0/guice-multibindings-4.0.jar:/home/user/.m2/repository/com/google/inject/guice/4.0/guice-4.0.jar:/home/user/.m2/repository/aopalliance/aopalliance/1.0/aopalliance-1.0.jar:/home/user/.m2/repository/com/google/inject/extensions/guice-servlet/4.0/guice-servlet-4.0.jar:/home/user/.m2/repository/org/glassfish/jersey/containers/jersey-container-servlet/2.27/jersey-container-servlet-2.27.jar:/home/user/.m2/repository/org/glassfish/hk2/guice-bridge/2.5.0/guice-bridge-2.5.0.jar:/home/user/.m2/repository/org/glassfish/jersey/core/jersey-server/2.27/jersey-server-2.27.jar:/home/user/.m2/repository/org/glassfish/jersey/core/jersey-client/2.27/jersey-client-2.27.jar:/home/user/.m2/repository/org/glassfish/jersey/media/jersey-media-jaxb/2.27/jersey-media-jaxb-2.27.jar:/home/user/.m2/repository/javax/validation/validation-api/1.1.0.Final/validation-api-1.1.0.Final.jar:/home/user/.m2/repository/org/glassfish/jersey/media/jersey-media-json-jackson/2.27/jersey-media-json-jackson-2.27.jar:/home/user/.m2/repository/org/glassfish/jersey/ext/jersey-entity-filtering/2.27/jersey-entity-filtering-2.27.jar:/home/user/.m2/repository/com/google/inject/extensions/guice-assistedinject/4.0/guice-assistedinject-4.0.jar:/home/user/.m2/repository/org/jooq/jooq/3.11.10/jooq-3.11.10.jar:/home/user/.m2/repository/org/jooq/jooq-meta/3.11.10/jooq-meta-3.11.10.jar:/home/user/.m2/repository/org/jooq/jooq-codegen/3.11.10/jooq-codegen-3.11.10.jar:/home/user/.m2/repository/com/jolbox/bonecp/0.8.0.RELEASE/bonecp-0.8.0.RELEASE.jar:/home/user/.m2/repository/org/xerial/sqlite-jdbc/3.25.2/sqlite-jdbc-3.25.2.jar:/home/user/.m2/repository/org/springframework/spring-jdbc/5.1.3.RELEASE/spring-jdbc-5.1.3.RELEASE.jar:/home/user/.m2/repository/org/springframework/spring-beans/5.1.3.RELEASE/spring-beans-5.1.3.RELEASE.jar:/home/user/.m2/repository/org/springframework/spring-core/5.1.3.RELEASE/spring-core-5.1.3.RELEASE.jar:/home/user/.m2/repository/org/springframework/spring-jcl/5.1.3.RELEASE/spring-jcl-5.1.3.RELEASE.jar:/home/user/.m2/repository/org/springframework/spring-tx/5.1.3.RELEASE/spring-tx-5.1.3.RELEASE.jar:/home/user/.m2/repository/org/apache/hadoop/hadoop-ozone-client/0.5.0-SNAPSHOT/hadoop-ozone-client-0.5.0-SNAPSHOT.jar:/home/user/.m2/repository/commons-lang/commons-lang/2.6/commons-lang-2.6.jar:/home/user/.m2/repository/org/apache/hadoop/hadoop-ozone-ozone-manager/0.5.0-SNAPSHOT/hadoop-ozone-ozone-manager-0.5.0-SNAPSHOT-tests.jar:/home/user/.m2/repository/junit/junit/4.11/junit-4.11.jar:/home/user/.m2/repository/org/hamcrest/hamcrest-core/1.3/hamcrest-core-1.3.jar:/home/user/.m2/repository/org/openjdk/jmh/jmh-core/1.19/jmh-core-1.19.jar:/home/user/.m2/repository/net/sf/jopt-simple/jopt-simple/4.6/jopt-simple-4.6.jar:/home/user/.m2/repository/org/apache/commons/commons-math3/3.1.1/commons-math3-3.1.1.jar:/home/user/.m2/repository/org/openjdk/jmh/jmh-generator-annprocess/1.19/jmh-generator-annprocess-1.19.jar:/home/user/.m2/repository/org/mockito/mockito-all/1.8.5/mockito-all-1.8.5.jar:/home/user/.m2/repository/org/apache/hadoop/hadoop-kms/3.2.0/hadoop-kms-3.2.0.jar:/home/user/.m2/repository/org/apache/hadoop/hadoop-auth/3.2.0/hadoop-auth-3.2.0.jar:/home/user/.m2/repository/com/nimbusds/nimbus-jose-jwt/4.41.1/nimbus-jose-jwt-4.41.1.jar:/home/user/.m2/repository/com/github/stephenc/jcip/jcip-annotations/1.0-1/jcip-annotations-1.0-1.jar:/home/user/.m2/repository/net/minidev/json-smart/2.3/json-smart-2.3.jar:/home/user/.m2/repository/net/minidev/accessors-smart/1.2/accessors-smart-1.2.jar:/home/user/.m2/repository/org/ow2/asm/asm/5.0.4/asm-5.0.4.jar:/home/user/.m2/repository/org/apache/curator/curator-framework/2.12.0/curator-framework-2.12.0.jar:/home/user/.m2/repository/com/sun/jersey/jersey-core/1.19/jersey-core-1.19.jar:/home/user/.m2/repository/javax/ws/rs/jsr311-api/1.1.1/jsr311-api-1.1.1.jar:/home/user/.m2/repository/com/sun/jersey/jersey-server/1.19/jersey-server-1.19.jar:/home/user/.m2/repository/javax/servlet/javax.servlet-api/3.1.0/javax.servlet-api-3.1.0.jar:/home/user/.m2/repository/org/eclipse/jetty/jetty-server/9.3.25.v20180904/jetty-server-9.3.25.v20180904.jar:/home/user/.m2/repository/org/eclipse/jetty/jetty-http/9.3.25.v20180904/jetty-http-9.3.25.v20180904.jar:/home/user/.m2/repository/org/eclipse/jetty/jetty-io/9.3.25.v20180904/jetty-io-9.3.25.v20180904.jar:/home/user/.m2/repository/org/eclipse/jetty/jetty-webapp/9.3.25.v20180904/jetty-webapp-9.3.25.v20180904.jar:/home/user/.m2/repository/org/eclipse/jetty/jetty-xml/9.3.25.v20180904/jetty-xml-9.3.25.v20180904.jar:/home/user/.m2/repository/log4j/log4j/1.2.17/log4j-1.2.17.jar:/home/user/.m2/repository/org/slf4j/slf4j-api/1.7.25/slf4j-api-1.7.25.jar:/home/user/.m2/repository/org/slf4j/jul-to-slf4j/1.7.25/jul-to-slf4j-1.7.25.jar:/home/user/.m2/repository/org/eclipse/jetty/jetty-util/9.3.25.v20180904/jetty-util-9.3.25.v20180904.jar:/home/user/.m2/repository/com/fasterxml/jackson/core/jackson-databind/2.9.9/jackson-databind-2.9.9.jar:/home/user/.m2/repository/org/apache/hadoop/hadoop-kms/3.2.0/hadoop-kms-3.2.0-tests.jar:/home/user/.m2/repository/org/apache/hadoop/hadoop-hdds-server-scm/0.5.0-SNAPSHOT/hadoop-hdds-server-scm-0.5.0-SNAPSHOT-tests.jar:/home/user/.m2/repository/org/apache/hadoop/hadoop-hdds-container-service/0.5.0-SNAPSHOT/hadoop-hdds-container-service-0.5.0-SNAPSHOT-tests.jar:/home/user/.m2/repository/org/yaml/snakeyaml/1.16/snakeyaml-1.16.jar:/home/user/.m2/repository/org/apache/hadoop/hadoop-common/3.2.0/hadoop-common-3.2.0-tests.jar:/home/user/.m2/repository/org/apache/hadoop/hadoop-annotations/3.2.0/hadoop-annotations-3.2.0.jar:/usr/lib/jvm/java-1.8.0-openjdk-1.8.0.222.b10-1.el7_7.x86_64/jre/../lib/tools.jar:/home/user/.m2/repository/commons-cli/commons-cli/1.2/commons-cli-1.2.jar:/home/user/.m2/repository/org/apache/httpcomponents/httpclient/4.5.2/httpclient-4.5.2.jar:/home/user/.m2/repository/org/apache/httpcomponents/httpcore/4.4.4/httpcore-4.4.4.jar:/home/user/.m2/repository/commons-codec/commons-codec/1.11/commons-codec-1.11.jar:/home/user/.m2/repository/commons-net/commons-net/3.6/commons-net-3.6.jar:/home/user/.m2/repository/commons-collections/commons-collections/3.2.2/commons-collections-3.2.2.jar:/home/user/.m2/repository/org/eclipse/jetty/jetty-servlet/9.3.25.v20180904/jetty-servlet-9.3.25.v20180904.jar:/home/user/.m2/repository/org/eclipse/jetty/jetty-security/9.3.25.v20180904/jetty-security-9.3.25.v20180904.jar:/home/user/.m2/repository/javax/servlet/jsp/jsp-api/2.1/jsp-api-2.1.jar:/home/user/.m2/repository/com/sun/jersey/jersey-servlet/1.19/jersey-servlet-1.19.jar:/home/user/.m2/repository/com/sun/jersey/jersey-json/1.19/jersey-json-1.19.jar:/home/user/.m2/repository/org/codehaus/jettison/jettison/1.1/jettison-1.1.jar:/home/user/.m2/repository/org/codehaus/jackson/jackson-core-asl/1.9.13/jackson-core-asl-1.9.13.jar:/home/user/.m2/repository/org/codehaus/jackson/jackson-mapper-asl/1.9.13/jackson-mapper-asl-1.9.13.jar:/home/user/.m2/repository/org/codehaus/jackson/jackson-jaxrs/1.9.13/jackson-jaxrs-1.9.13.jar:/home/user/.m2/repository/org/codehaus/jackson/jackson-xc/1.9.13/jackson-xc-1.9.13.jar:/home/user/.m2/repository/commons-logging/commons-logging/1.1.3/commons-logging-1.1.3.jar:/home/user/.m2/repository/commons-beanutils/commons-beanutils/1.9.4/commons-beanutils-1.9.4.jar:/home/user/.m2/repository/org/apache/commons/commons-configuration2/2.1.1/commons-configuration2-2.1.1.jar:/home/user/.m2/repository/org/apache/commons/commons-lang3/3.7/commons-lang3-3.7.jar:/home/user/.m2/repository/org/apache/commons/commons-text/1.4/commons-text-1.4.jar:/home/user/.m2/repository/org/apache/avro/avro/1.7.7/avro-1.7.7.jar:/home/user/.m2/repository/com/thoughtworks/paranamer/paranamer/2.3/paranamer-2.3.jar:/home/user/.m2/repository/org/xerial/snappy/snappy-java/1.0.5/snappy-java-1.0.5.jar:/home/user/.m2/repository/com/google/re2j/re2j/1.1/re2j-1.1.jar:/home/user/.m2/repository/com/google/code/gson/gson/2.2.4/gson-2.2.4.jar:/home/user/.m2/repository/com/jcraft/jsch/0.1.54/jsch-0.1.54.jar:/home/user/.m2/repository/org/apache/curator/curator-client/2.12.0/curator-client-2.12.0.jar:/home/user/.m2/repository/org/apache/curator/curator-recipes/2.12.0/curator-recipes-2.12.0.jar:/home/user/.m2/repository/com/google/code/findbugs/jsr305/3.0.0/jsr305-3.0.0.jar:/home/user/.m2/repository/org/apache/htrace/htrace-core4/4.1.0-incubating/htrace-core4-4.1.0-incubating.jar:/home/user/.m2/repository/org/apache/zookeeper/zookeeper/3.4.13/zookeeper-3.4.13.jar:/home/user/.m2/repository/jline/jline/0.9.94/jline-0.9.94.jar:/home/user/.m2/repository/org/apache/yetus/audience-annotations/0.5.0/audience-annotations-0.5.0.jar:/home/user/.m2/repository/org/codehaus/woodstox/stax2-api/3.1.4/stax2-api-3.1.4.jar:/home/user/.m2/repository/com/fasterxml/woodstox/woodstox-core/5.0.3/woodstox-core-5.0.3.jar:/home/user/.m2/repository/dnsjava/dnsjava/2.1.7/dnsjava-2.1.7.jar:/home/user/.m2/repository/org/apache/hadoop/hadoop-hdfs/3.2.0/hadoop-hdfs-3.2.0-tests.jar:/home/user/.m2/repository/org/eclipse/jetty/jetty-util-ajax/9.3.25.v20180904/jetty-util-ajax-9.3.25.v20180904.jar:/home/user/.m2/repository/commons-daemon/commons-daemon/1.0.13/commons-daemon-1.0.13.jar:/home/user/.m2/repository/io/netty/netty/3.10.5.Final/netty-3.10.5.Final.jar:/home/user/.m2/repository/io/netty/netty-all/4.0.52.Final/netty-all-4.0.52.Final.jar:/home/user/.m2/repository/org/fusesource/leveldbjni/leveldbjni-all/1.8/leveldbjni-all-1.8.jar:"/>
    <property name="java.vm.vendor" value="Oracle Corporation"/>
    <property name="sun.arch.data.model" value="64"/>
    <property name="test.build.dir" value="/workdir/hadoop-ozone/integration-test/target/test-dir"/>
    <property name="test.cache.data" value=""/>
    <property name="java.vendor.url" value="http://java.oracle.com/"/>
    <property name="user.timezone" value=""/>
    <property name="java.vm.specification.version" value="1.8"/>
    <property name="os.name" value="Linux"/>
    <property name="test.build.data" value="/workdir/hadoop-ozone/integration-test/target/test-dir"/>
    <property name="user.country" value="US"/>
    <property name="sun.java.launcher" value="SUN_STANDARD"/>
    <property name="sun.boot.library.path" value="/usr/lib/jvm/java-1.8.0-openjdk-1.8.0.222.b10-1.el7_7.x86_64/jre/lib/amd64"/>
    <property name="sun.java.command" value="/workdir/hadoop-ozone/integration-test/target/surefire/surefirebooter5010176602544373391.jar /workdir/hadoop-ozone/integration-test/target/surefire 2019-10-19T00-21-49_131-jvmRun1 surefire7434719978123603189tmp surefire_303165368841033449257tmp"/>
    <property name="surefire.test.class.path" value="/workdir/hadoop-ozone/integration-test/target/test-classes:/workdir/hadoop-ozone/integration-test/target/classes:/home/user/.m2/repository/org/apache/hadoop/hadoop-ozone-common/0.5.0-SNAPSHOT/hadoop-ozone-common-0.5.0-SNAPSHOT.jar:/home/user/.m2/repository/org/apache/commons/commons-compress/1.4.1/commons-compress-1.4.1.jar:/home/user/.m2/repository/org/tukaani/xz/1.0/xz-1.0.jar:/home/user/.m2/repository/org/apache/hadoop/hadoop-common/3.2.0/hadoop-common-3.2.0.jar:/home/user/.m2/repository/org/apache/hadoop/hadoop-hdfs/3.2.0/hadoop-hdfs-3.2.0.jar:/home/user/.m2/repository/org/apache/hadoop/hadoop-hdfs-client/3.2.0/hadoop-hdfs-client-3.2.0.jar:/home/user/.m2/repository/com/fasterxml/jackson/core/jackson-annotations/2.9.9/jackson-annotations-2.9.9.jar:/home/user/.m2/repository/org/apache/hadoop/hadoop-hdds-common/0.5.0-SNAPSHOT/hadoop-hdds-common-0.5.0-SNAPSHOT.jar:/home/user/.m2/repository/javax/annotation/javax.annotation-api/1.2/javax.annotation-api-1.2.jar:/home/user/.m2/repository/org/apache/ratis/ratis-server/0.5.0-3f446aa-SNAPSHOT/ratis-server-0.5.0-3f446aa-SNAPSHOT.jar:/home/user/.m2/repository/org/apache/ratis/ratis-thirdparty-misc/0.2.0/ratis-thirdparty-misc-0.2.0.jar:/home/user/.m2/repository/org/apache/ratis/ratis-proto/0.5.0-3f446aa-SNAPSHOT/ratis-proto-0.5.0-3f446aa-SNAPSHOT.jar:/home/user/.m2/repository/org/apache/ratis/ratis-common/0.5.0-3f446aa-SNAPSHOT/ratis-common-0.5.0-3f446aa-SNAPSHOT.jar:/home/user/.m2/repository/org/apache/ratis/ratis-client/0.5.0-3f446aa-SNAPSHOT/ratis-client-0.5.0-3f446aa-SNAPSHOT.jar:/home/user/.m2/repository/org/apache/ratis/ratis-metrics/0.5.0-3f446aa-SNAPSHOT/ratis-metrics-0.5.0-3f446aa-SNAPSHOT.jar:/home/user/.m2/repository/com/github/joshelser/dropwizard-metrics-hadoop-metrics2-reporter/0.1.2/dropwizard-metrics-hadoop-metrics2-reporter-0.1.2.jar:/home/user/.m2/repository/io/dropwizard/metrics/metrics-jvm/3.2.5/metrics-jvm-3.2.5.jar:/home/user/.m2/repository/io/dropwizard/metrics/metrics-ganglia/3.2.5/metrics-ganglia-3.2.5.jar:/home/user/.m2/repository/info/ganglia/gmetric4j/gmetric4j/1.0.7/gmetric4j-1.0.7.jar:/home/user/.m2/repository/org/apache/ratis/ratis-netty/0.5.0-3f446aa-SNAPSHOT/ratis-netty-0.5.0-3f446aa-SNAPSHOT.jar:/home/user/.m2/repository/org/apache/ratis/ratis-grpc/0.5.0-3f446aa-SNAPSHOT/ratis-grpc-0.5.0-3f446aa-SNAPSHOT.jar:/home/user/.m2/repository/org/rocksdb/rocksdbjni/6.0.1/rocksdbjni-6.0.1.jar:/home/user/.m2/repository/org/apache/logging/log4j/log4j-api/2.11.0/log4j-api-2.11.0.jar:/home/user/.m2/repository/org/apache/logging/log4j/log4j-core/2.11.0/log4j-core-2.11.0.jar:/home/user/.m2/repository/com/lmax/disruptor/3.4.2/disruptor-3.4.2.jar:/home/user/.m2/repository/org/apache/commons/commons-pool2/2.6.0/commons-pool2-2.6.0.jar:/home/user/.m2/repository/org/bouncycastle/bcpkix-jdk15on/1.60/bcpkix-jdk15on-1.60.jar:/home/user/.m2/repository/commons-validator/commons-validator/1.6/commons-validator-1.6.jar:/home/user/.m2/repository/commons-digester/commons-digester/1.8.1/commons-digester-1.8.1.jar:/home/user/.m2/repository/io/jaegertracing/jaeger-client/0.34.0/jaeger-client-0.34.0.jar:/home/user/.m2/repository/io/jaegertracing/jaeger-thrift/0.34.0/jaeger-thrift-0.34.0.jar:/home/user/.m2/repository/org/apache/thrift/libthrift/0.12.0/libthrift-0.12.0.jar:/home/user/.m2/repository/com/squareup/okhttp3/okhttp/3.9.0/okhttp-3.9.0.jar:/home/user/.m2/repository/com/squareup/okio/okio/1.13.0/okio-1.13.0.jar:/home/user/.m2/repository/io/jaegertracing/jaeger-core/0.34.0/jaeger-core-0.34.0.jar:/home/user/.m2/repository/io/jaegertracing/jaeger-tracerresolver/0.34.0/jaeger-tracerresolver-0.34.0.jar:/home/user/.m2/repository/io/opentracing/contrib/opentracing-tracerresolver/0.1.5/opentracing-tracerresolver-0.1.5.jar:/home/user/.m2/repository/io/opentracing/opentracing-util/0.31.0/opentracing-util-0.31.0.jar:/home/user/.m2/repository/io/opentracing/opentracing-api/0.31.0/opentracing-api-0.31.0.jar:/home/user/.m2/repository/io/opentracing/opentracing-noop/0.31.0/opentracing-noop-0.31.0.jar:/home/user/.m2/repository/org/apache/hadoop/hadoop-hdds-server-framework/0.5.0-SNAPSHOT/hadoop-hdds-server-framework-0.5.0-SNAPSHOT.jar:/home/user/.m2/repository/org/apache/hadoop/hadoop-hdds-container-service/0.5.0-SNAPSHOT/hadoop-hdds-container-service-0.5.0-SNAPSHOT.jar:/home/user/.m2/repository/org/apache/hadoop/hadoop-hdds-client/0.5.0-SNAPSHOT/hadoop-hdds-client-0.5.0-SNAPSHOT.jar:/home/user/.m2/repository/org/apache/hadoop/hadoop-hdds-tools/0.5.0-SNAPSHOT/hadoop-hdds-tools-0.5.0-SNAPSHOT.jar:/home/user/.m2/repository/org/apache/hadoop/hadoop-hdds-server-scm/0.5.0-SNAPSHOT/hadoop-hdds-server-scm-0.5.0-SNAPSHOT.jar:/home/user/.m2/repository/org/apache/hadoop/hadoop-hdds-docs/0.5.0-SNAPSHOT/hadoop-hdds-docs-0.5.0-SNAPSHOT.jar:/home/user/.m2/repository/io/dropwizard/metrics/metrics-core/3.2.4/metrics-core-3.2.4.jar:/home/user/.m2/repository/org/hamcrest/hamcrest-all/1.3/hamcrest-all-1.3.jar:/home/user/.m2/repository/org/bouncycastle/bcprov-jdk15on/1.60/bcprov-jdk15on-1.60.jar:/home/user/.m2/repository/info/picocli/picocli/3.9.6/picocli-3.9.6.jar:/home/user/.m2/repository/com/google/protobuf/protobuf-java/2.5.0/protobuf-java-2.5.0.jar:/home/user/.m2/repository/com/google/guava/guava/11.0.2/guava-11.0.2.jar:/home/user/.m2/repository/org/apache/hadoop/hadoop-ozone-ozone-manager/0.5.0-SNAPSHOT/hadoop-ozone-ozone-manager-0.5.0-SNAPSHOT.jar:/home/user/.m2/repository/org/apache/hadoop/hadoop-minikdc/3.2.0/hadoop-minikdc-3.2.0.jar:/home/user/.m2/repository/commons-io/commons-io/2.5/commons-io-2.5.jar:/home/user/.m2/repository/org/apache/kerby/kerb-simplekdc/1.0.1/kerb-simplekdc-1.0.1.jar:/home/user/.m2/repository/org/apache/kerby/kerb-client/1.0.1/kerb-client-1.0.1.jar:/home/user/.m2/repository/org/apache/kerby/kerby-config/1.0.1/kerby-config-1.0.1.jar:/home/user/.m2/repository/org/apache/kerby/kerb-core/1.0.1/kerb-core-1.0.1.jar:/home/user/.m2/repository/org/apache/kerby/kerby-pkix/1.0.1/kerby-pkix-1.0.1.jar:/home/user/.m2/repository/org/apache/kerby/kerby-asn1/1.0.1/kerby-asn1-1.0.1.jar:/home/user/.m2/repository/org/apache/kerby/kerby-util/1.0.1/kerby-util-1.0.1.jar:/home/user/.m2/repository/org/apache/kerby/kerb-common/1.0.1/kerb-common-1.0.1.jar:/home/user/.m2/repository/org/apache/kerby/kerb-crypto/1.0.1/kerb-crypto-1.0.1.jar:/home/user/.m2/repository/org/apache/kerby/kerb-util/1.0.1/kerb-util-1.0.1.jar:/home/user/.m2/repository/org/apache/kerby/token-provider/1.0.1/token-provider-1.0.1.jar:/home/user/.m2/repository/org/apache/kerby/kerb-admin/1.0.1/kerb-admin-1.0.1.jar:/home/user/.m2/repository/org/apache/kerby/kerb-server/1.0.1/kerb-server-1.0.1.jar:/home/user/.m2/repository/org/apache/kerby/kerb-identity/1.0.1/kerb-identity-1.0.1.jar:/home/user/.m2/repository/org/apache/kerby/kerby-xdr/1.0.1/kerby-xdr-1.0.1.jar:/home/user/.m2/repository/org/slf4j/slf4j-log4j12/1.7.25/slf4j-log4j12-1.7.25.jar:/home/user/.m2/repository/org/apache/hadoop/hadoop-ozone-s3gateway/0.5.0-SNAPSHOT/hadoop-ozone-s3gateway-0.5.0-SNAPSHOT.jar:/home/user/.m2/repository/org/jboss/weld/servlet/weld-servlet/2.4.7.Final/weld-servlet-2.4.7.Final.jar:/home/user/.m2/repository/org/glassfish/jersey/containers/jersey-container-servlet-core/2.27/jersey-container-servlet-core-2.27.jar:/home/user/.m2/repository/org/glassfish/hk2/external/javax.inject/2.5.0-b42/javax.inject-2.5.0-b42.jar:/home/user/.m2/repository/org/glassfish/jersey/core/jersey-common/2.27/jersey-common-2.27.jar:/home/user/.m2/repository/org/glassfish/hk2/osgi-resource-locator/1.0.1/osgi-resource-locator-1.0.1.jar:/home/user/.m2/repository/javax/ws/rs/javax.ws.rs-api/2.1/javax.ws.rs-api-2.1.jar:/home/user/.m2/repository/org/glassfish/jersey/ext/cdi/jersey-cdi1x/2.27/jersey-cdi1x-2.27.jar:/home/user/.m2/repository/org/glassfish/jersey/inject/jersey-hk2/2.27/jersey-hk2-2.27.jar:/home/user/.m2/repository/org/glassfish/hk2/hk2-locator/2.5.0-b42/hk2-locator-2.5.0-b42.jar:/home/user/.m2/repository/org/javassist/javassist/3.22.0-CR2/javassist-3.22.0-CR2.jar:/home/user/.m2/repository/org/glassfish/hk2/hk2-api/2.5.0/hk2-api-2.5.0.jar:/home/user/.m2/repository/org/glassfish/hk2/external/jakarta.inject/2.5.0/jakarta.inject-2.5.0.jar:/home/user/.m2/repository/org/glassfish/hk2/hk2-utils/2.5.0/hk2-utils-2.5.0.jar:/home/user/.m2/repository/jakarta/annotation/jakarta.annotation-api/1.3.4/jakarta.annotation-api-1.3.4.jar:/home/user/.m2/repository/org/glassfish/hk2/external/aopalliance-repackaged/2.5.0/aopalliance-repackaged-2.5.0.jar:/home/user/.m2/repository/com/fasterxml/jackson/dataformat/jackson-dataformat-xml/2.9.0/jackson-dataformat-xml-2.9.0.jar:/home/user/.m2/repository/com/fasterxml/jackson/core/jackson-core/2.9.9/jackson-core-2.9.9.jar:/home/user/.m2/repository/com/fasterxml/jackson/module/jackson-module-jaxb-annotations/2.9.9/jackson-module-jaxb-annotations-2.9.9.jar:/home/user/.m2/repository/javax/enterprise/cdi-api/1.2/cdi-api-1.2.jar:/home/user/.m2/repository/javax/el/javax.el-api/3.0.0/javax.el-api-3.0.0.jar:/home/user/.m2/repository/javax/interceptor/javax.interceptor-api/1.2/javax.interceptor-api-1.2.jar:/home/user/.m2/repository/javax/inject/javax.inject/1/javax.inject-1.jar:/home/user/.m2/repository/com/sun/xml/bind/jaxb-impl/2.3.0.1/jaxb-impl-2.3.0.1.jar:/home/user/.m2/repository/com/sun/xml/bind/jaxb-core/2.3.0.1/jaxb-core-2.3.0.1.jar:/home/user/.m2/repository/javax/xml/bind/jaxb-api/2.3.0/jaxb-api-2.3.0.jar:/home/user/.m2/repository/javax/activation/activation/1.1.1/activation-1.1.1.jar:/home/user/.m2/repository/org/apache/hadoop/hadoop-ozone-csi/0.5.0-SNAPSHOT/hadoop-ozone-csi-0.5.0-SNAPSHOT.jar:/home/user/.m2/repository/com/google/protobuf/protobuf-java-util/3.5.1/protobuf-java-util-3.5.1.jar:/home/user/.m2/repository/org/apache/hadoop/hadoop-hdds-config/0.5.0-SNAPSHOT/hadoop-hdds-config-0.5.0-SNAPSHOT.jar:/home/user/.m2/repository/io/grpc/grpc-netty/1.17.1/grpc-netty-1.17.1.jar:/home/user/.m2/repository/io/grpc/grpc-core/1.17.1/grpc-core-1.17.1.jar:/home/user/.m2/repository/io/grpc/grpc-context/1.17.1/grpc-context-1.17.1.jar:/home/user/.m2/repository/com/google/errorprone/error_prone_annotations/2.2.0/error_prone_annotations-2.2.0.jar:/home/user/.m2/repository/org/codehaus/mojo/animal-sniffer-annotations/1.17/animal-sniffer-annotations-1.17.jar:/home/user/.m2/repository/io/opencensus/opencensus-api/0.17.0/opencensus-api-0.17.0.jar:/home/user/.m2/repository/io/opencensus/opencensus-contrib-grpc-metrics/0.17.0/opencensus-contrib-grpc-metrics-0.17.0.jar:/home/user/.m2/repository/io/netty/netty-codec-http2/4.1.30.Final/netty-codec-http2-4.1.30.Final.jar:/home/user/.m2/repository/io/netty/netty-codec-http/4.1.30.Final/netty-codec-http-4.1.30.Final.jar:/home/user/.m2/repository/io/netty/netty-codec/4.1.30.Final/netty-codec-4.1.30.Final.jar:/home/user/.m2/repository/io/netty/netty-handler/4.1.30.Final/netty-handler-4.1.30.Final.jar:/home/user/.m2/repository/io/netty/netty-handler-proxy/4.1.30.Final/netty-handler-proxy-4.1.30.Final.jar:/home/user/.m2/repository/io/netty/netty-codec-socks/4.1.30.Final/netty-codec-socks-4.1.30.Final.jar:/home/user/.m2/repository/io/netty/netty-transport-native-epoll/4.1.30.Final/netty-transport-native-epoll-4.1.30.Final.jar:/home/user/.m2/repository/io/netty/netty-common/4.1.30.Final/netty-common-4.1.30.Final.jar:/home/user/.m2/repository/io/netty/netty-buffer/4.1.30.Final/netty-buffer-4.1.30.Final.jar:/home/user/.m2/repository/io/netty/netty-transport/4.1.30.Final/netty-transport-4.1.30.Final.jar:/home/user/.m2/repository/io/netty/netty-resolver/4.1.30.Final/netty-resolver-4.1.30.Final.jar:/home/user/.m2/repository/io/netty/netty-transport-native-unix-common/4.1.30.Final/netty-transport-native-unix-common-4.1.30.Final.jar:/home/user/.m2/repository/io/grpc/grpc-protobuf/1.17.1/grpc-protobuf-1.17.1.jar:/home/user/.m2/repository/com/google/api/grpc/proto-google-common-protos/1.0.0/proto-google-common-protos-1.0.0.jar:/home/user/.m2/repository/io/grpc/grpc-protobuf-lite/1.17.1/grpc-protobuf-lite-1.17.1.jar:/home/user/.m2/repository/io/grpc/grpc-stub/1.17.1/grpc-stub-1.17.1.jar:/home/user/.m2/repository/org/apache/hadoop/hadoop-ozone-recon/0.5.0-SNAPSHOT/hadoop-ozone-recon-0.5.0-SNAPSHOT.jar:/home/user/.m2/repository/org/apache/hadoop/hadoop-ozone-reconcodegen/0.5.0-SNAPSHOT/hadoop-ozone-reconcodegen-0.5.0-SNAPSHOT.jar:/home/user/.m2/repository/com/google/inject/extensions/guice-multibindings/4.0/guice-multibindings-4.0.jar:/home/user/.m2/repository/com/google/inject/guice/4.0/guice-4.0.jar:/home/user/.m2/repository/aopalliance/aopalliance/1.0/aopalliance-1.0.jar:/home/user/.m2/repository/com/google/inject/extensions/guice-servlet/4.0/guice-servlet-4.0.jar:/home/user/.m2/repository/org/glassfish/jersey/containers/jersey-container-servlet/2.27/jersey-container-servlet-2.27.jar:/home/user/.m2/repository/org/glassfish/hk2/guice-bridge/2.5.0/guice-bridge-2.5.0.jar:/home/user/.m2/repository/org/glassfish/jersey/core/jersey-server/2.27/jersey-server-2.27.jar:/home/user/.m2/repository/org/glassfish/jersey/core/jersey-client/2.27/jersey-client-2.27.jar:/home/user/.m2/repository/org/glassfish/jersey/media/jersey-media-jaxb/2.27/jersey-media-jaxb-2.27.jar:/home/user/.m2/repository/javax/validation/validation-api/1.1.0.Final/validation-api-1.1.0.Final.jar:/home/user/.m2/repository/org/glassfish/jersey/media/jersey-media-json-jackson/2.27/jersey-media-json-jackson-2.27.jar:/home/user/.m2/repository/org/glassfish/jersey/ext/jersey-entity-filtering/2.27/jersey-entity-filtering-2.27.jar:/home/user/.m2/repository/com/google/inject/extensions/guice-assistedinject/4.0/guice-assistedinject-4.0.jar:/home/user/.m2/repository/org/jooq/jooq/3.11.10/jooq-3.11.10.jar:/home/user/.m2/repository/org/jooq/jooq-meta/3.11.10/jooq-meta-3.11.10.jar:/home/user/.m2/repository/org/jooq/jooq-codegen/3.11.10/jooq-codegen-3.11.10.jar:/home/user/.m2/repository/com/jolbox/bonecp/0.8.0.RELEASE/bonecp-0.8.0.RELEASE.jar:/home/user/.m2/repository/org/xerial/sqlite-jdbc/3.25.2/sqlite-jdbc-3.25.2.jar:/home/user/.m2/repository/org/springframework/spring-jdbc/5.1.3.RELEASE/spring-jdbc-5.1.3.RELEASE.jar:/home/user/.m2/repository/org/springframework/spring-beans/5.1.3.RELEASE/spring-beans-5.1.3.RELEASE.jar:/home/user/.m2/repository/org/springframework/spring-core/5.1.3.RELEASE/spring-core-5.1.3.RELEASE.jar:/home/user/.m2/repository/org/springframework/spring-jcl/5.1.3.RELEASE/spring-jcl-5.1.3.RELEASE.jar:/home/user/.m2/repository/org/springframework/spring-tx/5.1.3.RELEASE/spring-tx-5.1.3.RELEASE.jar:/home/user/.m2/repository/org/apache/hadoop/hadoop-ozone-client/0.5.0-SNAPSHOT/hadoop-ozone-client-0.5.0-SNAPSHOT.jar:/home/user/.m2/repository/commons-lang/commons-lang/2.6/commons-lang-2.6.jar:/home/user/.m2/repository/org/apache/hadoop/hadoop-ozone-ozone-manager/0.5.0-SNAPSHOT/hadoop-ozone-ozone-manager-0.5.0-SNAPSHOT-tests.jar:/home/user/.m2/repository/junit/junit/4.11/junit-4.11.jar:/home/user/.m2/repository/org/hamcrest/hamcrest-core/1.3/hamcrest-core-1.3.jar:/home/user/.m2/repository/org/openjdk/jmh/jmh-core/1.19/jmh-core-1.19.jar:/home/user/.m2/repository/net/sf/jopt-simple/jopt-simple/4.6/jopt-simple-4.6.jar:/home/user/.m2/repository/org/apache/commons/commons-math3/3.1.1/commons-math3-3.1.1.jar:/home/user/.m2/repository/org/openjdk/jmh/jmh-generator-annprocess/1.19/jmh-generator-annprocess-1.19.jar:/home/user/.m2/repository/org/mockito/mockito-all/1.8.5/mockito-all-1.8.5.jar:/home/user/.m2/repository/org/apache/hadoop/hadoop-kms/3.2.0/hadoop-kms-3.2.0.jar:/home/user/.m2/repository/org/apache/hadoop/hadoop-auth/3.2.0/hadoop-auth-3.2.0.jar:/home/user/.m2/repository/com/nimbusds/nimbus-jose-jwt/4.41.1/nimbus-jose-jwt-4.41.1.jar:/home/user/.m2/repository/com/github/stephenc/jcip/jcip-annotations/1.0-1/jcip-annotations-1.0-1.jar:/home/user/.m2/repository/net/minidev/json-smart/2.3/json-smart-2.3.jar:/home/user/.m2/repository/net/minidev/accessors-smart/1.2/accessors-smart-1.2.jar:/home/user/.m2/repository/org/ow2/asm/asm/5.0.4/asm-5.0.4.jar:/home/user/.m2/repository/org/apache/curator/curator-framework/2.12.0/curator-framework-2.12.0.jar:/home/user/.m2/repository/com/sun/jersey/jersey-core/1.19/jersey-core-1.19.jar:/home/user/.m2/repository/javax/ws/rs/jsr311-api/1.1.1/jsr311-api-1.1.1.jar:/home/user/.m2/repository/com/sun/jersey/jersey-server/1.19/jersey-server-1.19.jar:/home/user/.m2/repository/javax/servlet/javax.servlet-api/3.1.0/javax.servlet-api-3.1.0.jar:/home/user/.m2/repository/org/eclipse/jetty/jetty-server/9.3.25.v20180904/jetty-server-9.3.25.v20180904.jar:/home/user/.m2/repository/org/eclipse/jetty/jetty-http/9.3.25.v20180904/jetty-http-9.3.25.v20180904.jar:/home/user/.m2/repository/org/eclipse/jetty/jetty-io/9.3.25.v20180904/jetty-io-9.3.25.v20180904.jar:/home/user/.m2/repository/org/eclipse/jetty/jetty-webapp/9.3.25.v20180904/jetty-webapp-9.3.25.v20180904.jar:/home/user/.m2/repository/org/eclipse/jetty/jetty-xml/9.3.25.v20180904/jetty-xml-9.3.25.v20180904.jar:/home/user/.m2/repository/log4j/log4j/1.2.17/log4j-1.2.17.jar:/home/user/.m2/repository/org/slf4j/slf4j-api/1.7.25/slf4j-api-1.7.25.jar:/home/user/.m2/repository/org/slf4j/jul-to-slf4j/1.7.25/jul-to-slf4j-1.7.25.jar:/home/user/.m2/repository/org/eclipse/jetty/jetty-util/9.3.25.v20180904/jetty-util-9.3.25.v20180904.jar:/home/user/.m2/repository/com/fasterxml/jackson/core/jackson-databind/2.9.9/jackson-databind-2.9.9.jar:/home/user/.m2/repository/org/apache/hadoop/hadoop-kms/3.2.0/hadoop-kms-3.2.0-tests.jar:/home/user/.m2/repository/org/apache/hadoop/hadoop-hdds-server-scm/0.5.0-SNAPSHOT/hadoop-hdds-server-scm-0.5.0-SNAPSHOT-tests.jar:/home/user/.m2/repository/org/apache/hadoop/hadoop-hdds-container-service/0.5.0-SNAPSHOT/hadoop-hdds-container-service-0.5.0-SNAPSHOT-tests.jar:/home/user/.m2/repository/org/yaml/snakeyaml/1.16/snakeyaml-1.16.jar:/home/user/.m2/repository/org/apache/hadoop/hadoop-common/3.2.0/hadoop-common-3.2.0-tests.jar:/home/user/.m2/repository/org/apache/hadoop/hadoop-annotations/3.2.0/hadoop-annotations-3.2.0.jar:/usr/lib/jvm/java-1.8.0-openjdk-1.8.0.222.b10-1.el7_7.x86_64/jre/../lib/tools.jar:/home/user/.m2/repository/commons-cli/commons-cli/1.2/commons-cli-1.2.jar:/home/user/.m2/repository/org/apache/httpcomponents/httpclient/4.5.2/httpclient-4.5.2.jar:/home/user/.m2/repository/org/apache/httpcomponents/httpcore/4.4.4/httpcore-4.4.4.jar:/home/user/.m2/repository/commons-codec/commons-codec/1.11/commons-codec-1.11.jar:/home/user/.m2/repository/commons-net/commons-net/3.6/commons-net-3.6.jar:/home/user/.m2/repository/commons-collections/commons-collections/3.2.2/commons-collections-3.2.2.jar:/home/user/.m2/repository/org/eclipse/jetty/jetty-servlet/9.3.25.v20180904/jetty-servlet-9.3.25.v20180904.jar:/home/user/.m2/repository/org/eclipse/jetty/jetty-security/9.3.25.v20180904/jetty-security-9.3.25.v20180904.jar:/home/user/.m2/repository/javax/servlet/jsp/jsp-api/2.1/jsp-api-2.1.jar:/home/user/.m2/repository/com/sun/jersey/jersey-servlet/1.19/jersey-servlet-1.19.jar:/home/user/.m2/repository/com/sun/jersey/jersey-json/1.19/jersey-json-1.19.jar:/home/user/.m2/repository/org/codehaus/jettison/jettison/1.1/jettison-1.1.jar:/home/user/.m2/repository/org/codehaus/jackson/jackson-core-asl/1.9.13/jackson-core-asl-1.9.13.jar:/home/user/.m2/repository/org/codehaus/jackson/jackson-mapper-asl/1.9.13/jackson-mapper-asl-1.9.13.jar:/home/user/.m2/repository/org/codehaus/jackson/jackson-jaxrs/1.9.13/jackson-jaxrs-1.9.13.jar:/home/user/.m2/repository/org/codehaus/jackson/jackson-xc/1.9.13/jackson-xc-1.9.13.jar:/home/user/.m2/repository/commons-logging/commons-logging/1.1.3/commons-logging-1.1.3.jar:/home/user/.m2/repository/commons-beanutils/commons-beanutils/1.9.4/commons-beanutils-1.9.4.jar:/home/user/.m2/repository/org/apache/commons/commons-configuration2/2.1.1/commons-configuration2-2.1.1.jar:/home/user/.m2/repository/org/apache/commons/commons-lang3/3.7/commons-lang3-3.7.jar:/home/user/.m2/repository/org/apache/commons/commons-text/1.4/commons-text-1.4.jar:/home/user/.m2/repository/org/apache/avro/avro/1.7.7/avro-1.7.7.jar:/home/user/.m2/repository/com/thoughtworks/paranamer/paranamer/2.3/paranamer-2.3.jar:/home/user/.m2/repository/org/xerial/snappy/snappy-java/1.0.5/snappy-java-1.0.5.jar:/home/user/.m2/repository/com/google/re2j/re2j/1.1/re2j-1.1.jar:/home/user/.m2/repository/com/google/code/gson/gson/2.2.4/gson-2.2.4.jar:/home/user/.m2/repository/com/jcraft/jsch/0.1.54/jsch-0.1.54.jar:/home/user/.m2/repository/org/apache/curator/curator-client/2.12.0/curator-client-2.12.0.jar:/home/user/.m2/repository/org/apache/curator/curator-recipes/2.12.0/curator-recipes-2.12.0.jar:/home/user/.m2/repository/com/google/code/findbugs/jsr305/3.0.0/jsr305-3.0.0.jar:/home/user/.m2/repository/org/apache/htrace/htrace-core4/4.1.0-incubating/htrace-core4-4.1.0-incubating.jar:/home/user/.m2/repository/org/apache/zookeeper/zookeeper/3.4.13/zookeeper-3.4.13.jar:/home/user/.m2/repository/jline/jline/0.9.94/jline-0.9.94.jar:/home/user/.m2/repository/org/apache/yetus/audience-annotations/0.5.0/audience-annotations-0.5.0.jar:/home/user/.m2/repository/org/codehaus/woodstox/stax2-api/3.1.4/stax2-api-3.1.4.jar:/home/user/.m2/repository/com/fasterxml/woodstox/woodstox-core/5.0.3/woodstox-core-5.0.3.jar:/home/user/.m2/repository/dnsjava/dnsjava/2.1.7/dnsjava-2.1.7.jar:/home/user/.m2/repository/org/apache/hadoop/hadoop-hdfs/3.2.0/hadoop-hdfs-3.2.0-tests.jar:/home/user/.m2/repository/org/eclipse/jetty/jetty-util-ajax/9.3.25.v20180904/jetty-util-ajax-9.3.25.v20180904.jar:/home/user/.m2/repository/commons-daemon/commons-daemon/1.0.13/commons-daemon-1.0.13.jar:/home/user/.m2/repository/io/netty/netty/3.10.5.Final/netty-3.10.5.Final.jar:/home/user/.m2/repository/io/netty/netty-all/4.0.52.Final/netty-all-4.0.52.Final.jar:/home/user/.m2/repository/org/fusesource/leveldbjni/leveldbjni-all/1.8/leveldbjni-all-1.8.jar:"/>
    <property name="sun.cpu.endian" value="little"/>
    <property name="user.home" value="/home/user"/>
    <property name="user.language" value="en"/>
    <property name="java.specification.vendor" value="Oracle Corporation"/>
    <property name="java.home" value="/usr/lib/jvm/java-1.8.0-openjdk-1.8.0.222.b10-1.el7_7.x86_64/jre"/>
    <property name="surefire.excludesFile" value="/tools/ozone-bad-unit-tests"/>
    <property name="java.security.krb5.conf" value="/workdir/hadoop-ozone/integration-test/target/test-classes/krb5.conf"/>
    <property name="basedir" value="/workdir/hadoop-ozone/integration-test"/>
    <property name="file.separator" value="/"/>
    <property name="line.separator" value="&#10;"/>
    <property name="java.vm.specification.vendor" value="Oracle Corporation"/>
    <property name="java.specification.name" value="Java Platform API Specification"/>
    <property name="java.awt.graphicsenv" value="sun.awt.X11GraphicsEnvironment"/>
    <property name="surefire.real.class.path" value="/workdir/hadoop-ozone/integration-test/target/surefire/surefirebooter5010176602544373391.jar"/>
    <property name="hadoop.log.dir" value="/workdir/hadoop-ozone/integration-test/target/log"/>
    <property name="sun.boot.class.path" value="/usr/lib/jvm/java-1.8.0-openjdk-1.8.0.222.b10-1.el7_7.x86_64/jre/lib/resources.jar:/usr/lib/jvm/java-1.8.0-openjdk-1.8.0.222.b10-1.el7_7.x86_64/jre/lib/rt.jar:/usr/lib/jvm/java-1.8.0-openjdk-1.8.0.222.b10-1.el7_7.x86_64/jre/lib/sunrsasign.jar:/usr/lib/jvm/java-1.8.0-openjdk-1.8.0.222.b10-1.el7_7.x86_64/jre/lib/jsse.jar:/usr/lib/jvm/java-1.8.0-openjdk-1.8.0.222.b10-1.el7_7.x86_64/jre/lib/jce.jar:/usr/lib/jvm/java-1.8.0-openjdk-1.8.0.222.b10-1.el7_7.x86_64/jre/lib/charsets.jar:/usr/lib/jvm/java-1.8.0-openjdk-1.8.0.222.b10-1.el7_7.x86_64/jre/lib/jfr.jar:/usr/lib/jvm/java-1.8.0-openjdk-1.8.0.222.b10-1.el7_7.x86_64/jre/classes"/>
    <property name="sun.management.compiler" value="HotSpot 64-Bit Tiered Compilers"/>
    <property name="java.runtime.version" value="1.8.0_222-b10"/>
    <property name="java.net.preferIPv4Stack" value="true"/>
    <property name="user.name" value="jenkins1000"/>
    <property name="path.separator" value=":"/>
    <property name="java.security.egd" value="file:///dev/urandom"/>
    <property name="os.version" value="3.10.0-957.12.2.el7.x86_64"/>
    <property name="java.endorsed.dirs" value="/usr/lib/jvm/java-1.8.0-openjdk-1.8.0.222.b10-1.el7_7.x86_64/jre/lib/endorsed"/>
    <property name="java.runtime.name" value="OpenJDK Runtime Environment"/>
    <property name="file.encoding" value="ANSI_X3.4-1968"/>
    <property name="java.vm.name" value="OpenJDK 64-Bit Server VM"/>
    <property name="test.build.webapps" value=""/>
    <property name="localRepository" value="/home/user/.m2/repository"/>
    <property name="java.vendor.url.bug" value="http://bugreport.sun.com/bugreport/"/>
    <property name="java.io.tmpdir" value="/tmp"/>
    <property name="require.test.libhadoop" value=""/>
    <property name="java.version" value="1.8.0_222"/>
    <property name="user.dir" value="/workdir/hadoop-ozone/integration-test"/>
    <property name="os.arch" value="amd64"/>
    <property name="java.vm.specification.name" value="Java Virtual Machine Specification"/>
    <property name="test.build.classes" value="/workdir/hadoop-ozone/integration-test/target/test-classes"/>
    <property name="java.awt.printerjob" value="sun.print.PSPrinterJob"/>
    <property name="sun.os.patch.level" value="unknown"/>
    <property name="hadoop.tmp.dir" value="/workdir/hadoop-ozone/integration-test/target/tmp"/>
    <property name="java.library.path" value="/usr/lib:/workdir/hadoop-ozone/integration-test/target/native/target/usr/local/lib:/workdir/hadoop-ozone/integration-test/../../hadoop-common-project/hadoop-common/target/native/target/usr/local/lib:/usr/java/packages/lib/amd64:/usr/lib64:/lib64:/lib:/usr/lib"/>
    <property name="java.vm.info" value="mixed mode"/>
    <property name="java.vendor" value="Oracle Corporation"/>
    <property name="java.vm.version" value="25.222-b10"/>
    <property name="java.ext.dirs" value="/usr/lib/jvm/java-1.8.0-openjdk-1.8.0.222.b10-1.el7_7.x86_64/jre/lib/ext:/usr/java/packages/lib/ext"/>
    <property name="sun.io.unicode.encoding" value="UnicodeLittle"/>
    <property name="java.class.version" value="52.0"/>
  </properties>
  <testcase name="testDeleteKeyWithSlowFollower" classname="org.apache.hadoop.ozone.client.rpc.TestDeleteWithSlowFollower" time="112.028">
    <failure type="java.lang.AssertionError">java.lang.AssertionError
	at org.junit.Assert.fail(Assert.java:86)
	at org.junit.Assert.assertTrue(Assert.java:41)
	at org.junit.Assert.assertTrue(Assert.java:52)
	at org.apache.hadoop.ozone.client.rpc.TestDeleteWithSlowFollower.testDeleteKeyWithSlowFollower(TestDeleteWithSlowFollower.java:265)
	at sun.reflect.NativeMethodAccessorImpl.invoke0(Native Method)
	at sun.reflect.NativeMethodAccessorImpl.invoke(NativeMethodAccessorImpl.java:62)
	at sun.reflect.DelegatingMethodAccessorImpl.invoke(DelegatingMethodAccessorImpl.java:43)
	at java.lang.reflect.Method.invoke(Method.java:498)
	at org.junit.runners.model.FrameworkMethod$1.runReflectiveCall(FrameworkMethod.java:47)
	at org.junit.internal.runners.model.ReflectiveCallable.run(ReflectiveCallable.java:12)
	at org.junit.runners.model.FrameworkMethod.invokeExplosively(FrameworkMethod.java:44)
	at org.junit.internal.runners.statements.InvokeMethod.evaluate(InvokeMethod.java:17)
	at org.junit.runners.ParentRunner.runLeaf(ParentRunner.java:271)
	at org.junit.runners.BlockJUnit4ClassRunner.runChild(BlockJUnit4ClassRunner.java:70)
	at org.junit.runners.BlockJUnit4ClassRunner.runChild(BlockJUnit4ClassRunner.java:50)
	at org.junit.runners.ParentRunner$3.run(ParentRunner.java:238)
	at org.junit.runners.ParentRunner$1.schedule(ParentRunner.java:63)
	at org.junit.runners.ParentRunner.runChildren(ParentRunner.java:236)
	at org.junit.runners.ParentRunner.access$000(ParentRunner.java:53)
	at org.junit.runners.ParentRunner$2.evaluate(ParentRunner.java:229)
	at org.junit.internal.runners.statements.RunBefores.evaluate(RunBefores.java:26)
	at org.junit.internal.runners.statements.RunAfters.evaluate(RunAfters.java:27)
	at org.junit.runners.ParentRunner.run(ParentRunner.java:309)
	at org.apache.maven.surefire.junit4.JUnit4Provider.execute(JUnit4Provider.java:365)
	at org.apache.maven.surefire.junit4.JUnit4Provider.executeWithRerun(JUnit4Provider.java:273)
	at org.apache.maven.surefire.junit4.JUnit4Provider.executeTestSet(JUnit4Provider.java:238)
	at org.apache.maven.surefire.junit4.JUnit4Provider.invoke(JUnit4Provider.java:159)
	at org.apache.maven.surefire.booter.ForkedBooter.invokeProviderInSameClassLoader(ForkedBooter.java:384)
	at org.apache.maven.surefire.booter.ForkedBooter.runSuitesInProcess(ForkedBooter.java:345)
	at org.apache.maven.surefire.booter.ForkedBooter.execute(ForkedBooter.java:126)
	at org.apache.maven.surefire.booter.ForkedBooter.main(ForkedBooter.java:418)
</failure>
    <system-out><![CDATA[2019-10-19 00:48:11,668 [main] WARN  server.ServerUtils (ServerUtils.java:getScmDbDir(145)) - ozone.scm.db.dirs is not configured. We recommend adding this setting. Falling back to ozone.metadata.dirs instead.
2019-10-19 00:48:11,752 [main] WARN  server.ServerUtils (ServerUtils.java:getScmDbDir(145)) - ozone.scm.db.dirs is not configured. We recommend adding this setting. Falling back to ozone.metadata.dirs instead.
2019-10-19 00:48:11,755 [main] WARN  server.ServerUtils (ServerUtils.java:getScmDbDir(145)) - ozone.scm.db.dirs is not configured. We recommend adding this setting. Falling back to ozone.metadata.dirs instead.
2019-10-19 00:48:11,776 [main] INFO  util.log (Log.java:initialized(192)) - Logging initialized @700ms
2019-10-19 00:48:11,853 [main] INFO  db.DBStoreBuilder (DBStoreBuilder.java:addTable(127)) - using custom profile for table: deletedBlocks
2019-10-19 00:48:11,853 [main] INFO  db.DBStoreBuilder (DBStoreBuilder.java:processTables(183)) - Using default column profile:DBProfile.DISK for Table:deletedBlocks
2019-10-19 00:48:11,854 [main] INFO  db.DBStoreBuilder (DBStoreBuilder.java:addTable(127)) - using custom profile for table: validCerts
2019-10-19 00:48:11,854 [main] INFO  db.DBStoreBuilder (DBStoreBuilder.java:processTables(183)) - Using default column profile:DBProfile.DISK for Table:validCerts
2019-10-19 00:48:11,854 [main] INFO  db.DBStoreBuilder (DBStoreBuilder.java:addTable(127)) - using custom profile for table: revokedCerts
2019-10-19 00:48:11,854 [main] INFO  db.DBStoreBuilder (DBStoreBuilder.java:processTables(183)) - Using default column profile:DBProfile.DISK for Table:revokedCerts
2019-10-19 00:48:11,863 [main] INFO  db.DBStoreBuilder (DBStoreBuilder.java:addTable(127)) - using custom profile for table: default
2019-10-19 00:48:11,863 [main] INFO  db.DBStoreBuilder (DBStoreBuilder.java:processTables(189)) - Using default column profile:DBProfile.DISK for Table:default
2019-10-19 00:48:11,864 [main] INFO  db.DBStoreBuilder (DBStoreBuilder.java:getDbProfile(220)) - Using default options. DBProfile.DISK
2019-10-19 00:48:12,244 [main] INFO  net.NodeSchemaLoader (NodeSchemaLoader.java:loadSchemaFromFile(125)) - Loading file from sun.misc.CompoundEnumeration@74235045
2019-10-19 00:48:12,246 [main] INFO  net.NodeSchemaLoader (NodeSchemaLoader.java:loadSchema(171)) - Loading network topology layer schema file
2019-10-19 00:48:12,327 [main] WARN  server.ServerUtils (ServerUtils.java:sanitizeUserArgs(70)) - ozone.scm.stale.node.interval value = 1000000 is larger than max = 100000 based on the key value of ozone.scm.heartbeat.thread.interval, reset to the max value 100000.
2019-10-19 00:48:12,329 [main] WARN  server.ServerUtils (ServerUtils.java:sanitizeUserArgs(70)) - ozone.scm.stale.node.interval value = 1000000 is larger than max = 100000 based on the key value of ozone.scm.heartbeat.thread.interval, reset to the max value 100000.
2019-10-19 00:48:12,331 [main] INFO  node.SCMNodeManager (SCMNodeManager.java:<init>(116)) - Entering startup safe mode.
2019-10-19 00:48:12,395 [main] INFO  algorithms.ContainerPlacementPolicyFactory (ContainerPlacementPolicyFactory.java:getPolicy(57)) - Create container placement policy of type org.apache.hadoop.hdds.scm.container.placement.algorithms.SCMContainerPlacementRandom
2019-10-19 00:48:12,407 [main] WARN  server.ServerUtils (ServerUtils.java:getScmDbDir(145)) - ozone.scm.db.dirs is not configured. We recommend adding this setting. Falling back to ozone.metadata.dirs instead.
2019-10-19 00:48:12,503 [main] INFO  pipeline.SCMPipelineManager (SCMPipelineManager.java:initializePipelineState(132)) - No pipeline exists in current db
2019-10-19 00:48:12,506 [main] WARN  server.ServerUtils (ServerUtils.java:getScmDbDir(145)) - ozone.scm.db.dirs is not configured. We recommend adding this setting. Falling back to ozone.metadata.dirs instead.
2019-10-19 00:48:12,624 [main] WARN  events.EventQueue (EventQueue.java:fireEvent(183)) - No event handler registered for event TypedEvent{payloadType=SafeModeStatus, name='SafeModeStatus'}
2019-10-19 00:48:12,947 [main] INFO  ipc.CallQueueManager (CallQueueManager.java:<init>(84)) - Using callQueue: class java.util.concurrent.LinkedBlockingQueue, queueCapacity: 2000, scheduler: class org.apache.hadoop.ipc.DefaultRpcScheduler, ipcBackoff: false.
2019-10-19 00:48:13,062 [Socket Reader #1 for port 37008] INFO  ipc.Server (Server.java:run(1074)) - Starting Socket Reader #1 for port 37008
2019-10-19 00:48:13,090 [main] INFO  ipc.CallQueueManager (CallQueueManager.java:<init>(84)) - Using callQueue: class java.util.concurrent.LinkedBlockingQueue, queueCapacity: 2000, scheduler: class org.apache.hadoop.ipc.DefaultRpcScheduler, ipcBackoff: false.
2019-10-19 00:48:13,091 [Socket Reader #1 for port 34944] INFO  ipc.Server (Server.java:run(1074)) - Starting Socket Reader #1 for port 34944
2019-10-19 00:48:13,100 [main] INFO  ipc.CallQueueManager (CallQueueManager.java:<init>(84)) - Using callQueue: class java.util.concurrent.LinkedBlockingQueue, queueCapacity: 2000, scheduler: class org.apache.hadoop.ipc.DefaultRpcScheduler, ipcBackoff: false.
2019-10-19 00:48:13,101 [Socket Reader #1 for port 40842] INFO  ipc.Server (Server.java:run(1074)) - Starting Socket Reader #1 for port 40842
2019-10-19 00:48:13,121 [main] INFO  hdfs.DFSUtil (DFSUtil.java:httpServerTemplateForNNAndJN(1641)) - Starting Web-server for scm at: http://0.0.0.0:0
2019-10-19 00:48:13,244 [main] INFO  server.AuthenticationFilter (AuthenticationFilter.java:constructSecretProvider(240)) - Unable to initialize FileSignerSecretProvider, falling back to use random secrets.
2019-10-19 00:48:13,251 [main] WARN  http.HttpRequestLog (HttpRequestLog.java:getRequestLog(97)) - Jetty request log can only be enabled using Log4j
2019-10-19 00:48:13,258 [main] INFO  http.HttpServer2 (HttpServer2.java:addGlobalFilter(975)) - Added global filter 'safety' (class=org.apache.hadoop.http.HttpServer2$QuotingInputFilter)
2019-10-19 00:48:13,261 [main] INFO  http.HttpServer2 (HttpServer2.java:addFilter(948)) - Added filter static_user_filter (class=org.apache.hadoop.http.lib.StaticUserWebFilter$StaticUserFilter) to context scm
2019-10-19 00:48:13,261 [main] INFO  http.HttpServer2 (HttpServer2.java:addFilter(958)) - Added filter static_user_filter (class=org.apache.hadoop.http.lib.StaticUserWebFilter$StaticUserFilter) to context logs
2019-10-19 00:48:13,261 [main] INFO  http.HttpServer2 (HttpServer2.java:addFilter(958)) - Added filter static_user_filter (class=org.apache.hadoop.http.lib.StaticUserWebFilter$StaticUserFilter) to context static
2019-10-19 00:48:13,286 [main] INFO  server.StorageContainerManager (StorageContainerManager.java:start(772)) - StorageContainerLocationProtocol RPC server is listening at /0.0.0.0:40842
2019-10-19 00:48:13,367 [main] WARN  impl.MetricsConfig (MetricsConfig.java:loadFirst(134)) - Cannot locate configuration: tried hadoop-metrics2-storagecontainermanager.properties,hadoop-metrics2.properties
2019-10-19 00:48:13,386 [main] INFO  impl.MetricsSystemImpl (MetricsSystemImpl.java:startTimer(374)) - Scheduled Metric snapshot period at 10 second(s).
2019-10-19 00:48:13,386 [main] INFO  impl.MetricsSystemImpl (MetricsSystemImpl.java:start(191)) - StorageContainerManager metrics system started
2019-10-19 00:48:13,626 [main] INFO  server.SCMClientProtocolServer (SCMClientProtocolServer.java:start(159)) - RPC server for Client  is listening at /0.0.0.0:40842
2019-10-19 00:48:13,626 [IPC Server Responder] INFO  ipc.Server (Server.java:run(1314)) - IPC Server Responder: starting
2019-10-19 00:48:13,626 [IPC Server listener on 40842] INFO  ipc.Server (Server.java:run(1153)) - IPC Server listener on 40842: starting
2019-10-19 00:48:13,629 [main] INFO  server.StorageContainerManager (StorageContainerManager.java:start(782)) - ScmBlockLocationProtocol RPC server is listening at /0.0.0.0:34944
2019-10-19 00:48:13,629 [main] INFO  server.SCMBlockProtocolServer (SCMBlockProtocolServer.java:start(146)) - RPC server for Block Protocol is listening at /0.0.0.0:34944
2019-10-19 00:48:13,630 [IPC Server Responder] INFO  ipc.Server (Server.java:run(1314)) - IPC Server Responder: starting
2019-10-19 00:48:13,630 [IPC Server listener on 34944] INFO  ipc.Server (Server.java:run(1153)) - IPC Server listener on 34944: starting
2019-10-19 00:48:13,632 [main] INFO  server.StorageContainerManager (StorageContainerManager.java:start(786)) - ScmDatanodeProtocl RPC server is listening at /0.0.0.0:37008
2019-10-19 00:48:13,632 [main] INFO  server.SCMDatanodeProtocolServer (SCMDatanodeProtocolServer.java:start(169)) - RPC server for DataNodes is listening at /0.0.0.0:37008
2019-10-19 00:48:13,633 [IPC Server Responder] INFO  ipc.Server (Server.java:run(1314)) - IPC Server Responder: starting
2019-10-19 00:48:13,633 [IPC Server listener on 37008] INFO  ipc.Server (Server.java:run(1153)) - IPC Server listener on 37008: starting
2019-10-19 00:48:13,636 [main] INFO  http.HttpServer2 (HttpServer2.java:bindListener(1191)) - Jetty bound to port 45693
2019-10-19 00:48:13,638 [main] INFO  server.Server (Server.java:doStart(351)) - jetty-9.3.25.v20180904, build timestamp: 2018-09-04T21:11:46Z, git hash: 3ce520221d0240229c862b122d2b06c12a625732
2019-10-19 00:48:13,672 [main] INFO  handler.ContextHandler (ContextHandler.java:doStart(781)) - Started o.e.j.s.ServletContextHandler@42f8285e{/logs,file:///workdir/hadoop-ozone/integration-test/target/log,AVAILABLE}
2019-10-19 00:48:13,673 [main] INFO  handler.ContextHandler (ContextHandler.java:doStart(781)) - Started o.e.j.s.ServletContextHandler@3724af13{/static,file:///workdir/hadoop-ozone/integration-test/target/test-classes/webapps/static,AVAILABLE}
2019-10-19 00:48:13,704 [main] INFO  handler.ContextHandler (ContextHandler.java:doStart(781)) - Started o.e.j.w.WebAppContext@24a1c17f{/,file:///workdir/hadoop-ozone/integration-test/target/test-classes/webapps/scm/,AVAILABLE}{/scm}
2019-10-19 00:48:13,709 [main] INFO  server.AbstractConnector (AbstractConnector.java:doStart(278)) - Started ServerConnector@4d63b624{HTTP/1.1,[http/1.1]}{0.0.0.0:45693}
2019-10-19 00:48:13,709 [main] INFO  server.Server (Server.java:doStart(419)) - Started @2634ms
2019-10-19 00:48:13,711 [main] INFO  impl.MetricsSinkAdapter (MetricsSinkAdapter.java:start(204)) - Sink prometheus started
2019-10-19 00:48:13,712 [main] INFO  impl.MetricsSystemImpl (MetricsSystemImpl.java:registerSink(301)) - Registered sink prometheus
2019-10-19 00:48:13,713 [main] INFO  server.BaseHttpServer (BaseHttpServer.java:updateConnectorAddress(215)) - HTTP server of SCM is listening at http://0.0.0.0:45693
2019-10-19 00:48:13,719 [org.apache.hadoop.util.JvmPauseMonitor$Monitor@4b629f13] INFO  util.JvmPauseMonitor (JvmPauseMonitor.java:run(188)) - Starting JVM pause monitor
2019-10-19 00:48:13,723 [main] WARN  server.ServerUtils (ServerUtils.java:getDBPath(222)) - ozone.om.db.dirs is not configured. We recommend adding this setting. Falling back to ozone.metadata.dirs instead.
2019-10-19 00:48:13,831 [main] INFO  ha.OMHANodeDetails (OMHANodeDetails.java:loadOMHAConfig(190)) - Configuration either no ozone.om.address set. Falling back to the default OM address /127.0.0.1:0
2019-10-19 00:48:13,831 [main] INFO  ha.OMHANodeDetails (OMHANodeDetails.java:getOMNodeDetails(220)) - OM Service ID is not set. Setting it to the default ID: omServiceIdDefault
2019-10-19 00:48:13,833 [main] WARN  server.ServerUtils (ServerUtils.java:getDBPath(222)) - ozone.om.db.dirs is not configured. We recommend adding this setting. Falling back to ozone.metadata.dirs instead.
2019-10-19 00:48:13,833 [main] WARN  server.ServerUtils (ServerUtils.java:getDBPath(222)) - ozone.om.db.dirs is not configured. We recommend adding this setting. Falling back to ozone.metadata.dirs instead.
2019-10-19 00:48:14,451 [main] WARN  server.ServerUtils (ServerUtils.java:getDBPath(222)) - ozone.om.db.dirs is not configured. We recommend adding this setting. Falling back to ozone.metadata.dirs instead.
2019-10-19 00:48:14,459 [main] INFO  db.DBStoreBuilder (DBStoreBuilder.java:addTable(127)) - using custom profile for table: userTable
2019-10-19 00:48:14,459 [main] INFO  db.DBStoreBuilder (DBStoreBuilder.java:processTables(183)) - Using default column profile:DBProfile.DISK for Table:userTable
2019-10-19 00:48:14,459 [main] INFO  db.DBStoreBuilder (DBStoreBuilder.java:addTable(127)) - using custom profile for table: volumeTable
2019-10-19 00:48:14,459 [main] INFO  db.DBStoreBuilder (DBStoreBuilder.java:processTables(183)) - Using default column profile:DBProfile.DISK for Table:volumeTable
2019-10-19 00:48:14,460 [main] INFO  db.DBStoreBuilder (DBStoreBuilder.java:addTable(127)) - using custom profile for table: bucketTable
2019-10-19 00:48:14,460 [main] INFO  db.DBStoreBuilder (DBStoreBuilder.java:processTables(183)) - Using default column profile:DBProfile.DISK for Table:bucketTable
2019-10-19 00:48:14,460 [main] INFO  db.DBStoreBuilder (DBStoreBuilder.java:addTable(127)) - using custom profile for table: keyTable
2019-10-19 00:48:14,460 [main] INFO  db.DBStoreBuilder (DBStoreBuilder.java:processTables(183)) - Using default column profile:DBProfile.DISK for Table:keyTable
2019-10-19 00:48:14,461 [main] INFO  db.DBStoreBuilder (DBStoreBuilder.java:addTable(127)) - using custom profile for table: deletedTable
2019-10-19 00:48:14,461 [main] INFO  db.DBStoreBuilder (DBStoreBuilder.java:processTables(183)) - Using default column profile:DBProfile.DISK for Table:deletedTable
2019-10-19 00:48:14,461 [main] INFO  db.DBStoreBuilder (DBStoreBuilder.java:addTable(127)) - using custom profile for table: openKeyTable
2019-10-19 00:48:14,461 [main] INFO  db.DBStoreBuilder (DBStoreBuilder.java:processTables(183)) - Using default column profile:DBProfile.DISK for Table:openKeyTable
2019-10-19 00:48:14,461 [main] INFO  db.DBStoreBuilder (DBStoreBuilder.java:addTable(127)) - using custom profile for table: s3Table
2019-10-19 00:48:14,462 [main] INFO  db.DBStoreBuilder (DBStoreBuilder.java:processTables(183)) - Using default column profile:DBProfile.DISK for Table:s3Table
2019-10-19 00:48:14,462 [main] INFO  db.DBStoreBuilder (DBStoreBuilder.java:addTable(127)) - using custom profile for table: multipartInfoTable
2019-10-19 00:48:14,462 [main] INFO  db.DBStoreBuilder (DBStoreBuilder.java:processTables(183)) - Using default column profile:DBProfile.DISK for Table:multipartInfoTable
2019-10-19 00:48:14,462 [main] INFO  db.DBStoreBuilder (DBStoreBuilder.java:addTable(127)) - using custom profile for table: dTokenTable
2019-10-19 00:48:14,462 [main] INFO  db.DBStoreBuilder (DBStoreBuilder.java:processTables(183)) - Using default column profile:DBProfile.DISK for Table:dTokenTable
2019-10-19 00:48:14,463 [main] INFO  db.DBStoreBuilder (DBStoreBuilder.java:addTable(127)) - using custom profile for table: s3SecretTable
2019-10-19 00:48:14,463 [main] INFO  db.DBStoreBuilder (DBStoreBuilder.java:processTables(183)) - Using default column profile:DBProfile.DISK for Table:s3SecretTable
2019-10-19 00:48:14,463 [main] INFO  db.DBStoreBuilder (DBStoreBuilder.java:addTable(127)) - using custom profile for table: prefixTable
2019-10-19 00:48:14,463 [main] INFO  db.DBStoreBuilder (DBStoreBuilder.java:processTables(183)) - Using default column profile:DBProfile.DISK for Table:prefixTable
2019-10-19 00:48:14,464 [main] INFO  db.DBStoreBuilder (DBStoreBuilder.java:addTable(127)) - using custom profile for table: default
2019-10-19 00:48:14,464 [main] INFO  db.DBStoreBuilder (DBStoreBuilder.java:processTables(189)) - Using default column profile:DBProfile.DISK for Table:default
2019-10-19 00:48:14,464 [main] INFO  db.DBStoreBuilder (DBStoreBuilder.java:getDbProfile(220)) - Using default options. DBProfile.DISK
2019-10-19 00:48:15,006 [main] INFO  ipc.CallQueueManager (CallQueueManager.java:<init>(84)) - Using callQueue: class java.util.concurrent.LinkedBlockingQueue, queueCapacity: 2000, scheduler: class org.apache.hadoop.ipc.DefaultRpcScheduler, ipcBackoff: false.
2019-10-19 00:48:15,007 [Socket Reader #1 for port 35245] INFO  ipc.Server (Server.java:run(1074)) - Starting Socket Reader #1 for port 35245
2019-10-19 00:48:15,027 [main] INFO  om.OzoneManager (OzoneManager.java:start(1074)) - OzoneManager RPC server is listening at localhost/127.0.0.1:35245
2019-10-19 00:48:15,027 [main] INFO  impl.MetricsSystemImpl (MetricsSystemImpl.java:init(158)) - OzoneManager metrics system started (again)
2019-10-19 00:48:15,034 [IPC Server Responder] INFO  ipc.Server (Server.java:run(1314)) - IPC Server Responder: starting
2019-10-19 00:48:15,034 [IPC Server listener on 35245] INFO  ipc.Server (Server.java:run(1153)) - IPC Server listener on 35245: starting
2019-10-19 00:48:15,039 [main] INFO  hdfs.DFSUtil (DFSUtil.java:httpServerTemplateForNNAndJN(1641)) - Starting Web-server for ozoneManager at: http://0.0.0.0:0
2019-10-19 00:48:15,041 [main] INFO  server.AuthenticationFilter (AuthenticationFilter.java:constructSecretProvider(240)) - Unable to initialize FileSignerSecretProvider, falling back to use random secrets.
2019-10-19 00:48:15,042 [main] WARN  http.HttpRequestLog (HttpRequestLog.java:getRequestLog(97)) - Jetty request log can only be enabled using Log4j
2019-10-19 00:48:15,045 [main] INFO  http.HttpServer2 (HttpServer2.java:addGlobalFilter(975)) - Added global filter 'safety' (class=org.apache.hadoop.http.HttpServer2$QuotingInputFilter)
2019-10-19 00:48:15,046 [main] INFO  http.HttpServer2 (HttpServer2.java:addFilter(948)) - Added filter static_user_filter (class=org.apache.hadoop.http.lib.StaticUserWebFilter$StaticUserFilter) to context ozoneManager
2019-10-19 00:48:15,047 [main] INFO  http.HttpServer2 (HttpServer2.java:addFilter(958)) - Added filter static_user_filter (class=org.apache.hadoop.http.lib.StaticUserWebFilter$StaticUserFilter) to context static
2019-10-19 00:48:15,047 [main] INFO  http.HttpServer2 (HttpServer2.java:addFilter(958)) - Added filter static_user_filter (class=org.apache.hadoop.http.lib.StaticUserWebFilter$StaticUserFilter) to context logs
2019-10-19 00:48:15,050 [main] INFO  http.HttpServer2 (HttpServer2.java:bindListener(1191)) - Jetty bound to port 41488
2019-10-19 00:48:15,051 [main] INFO  server.Server (Server.java:doStart(351)) - jetty-9.3.25.v20180904, build timestamp: 2018-09-04T21:11:46Z, git hash: 3ce520221d0240229c862b122d2b06c12a625732
2019-10-19 00:48:15,053 [main] INFO  handler.ContextHandler (ContextHandler.java:doStart(781)) - Started o.e.j.s.ServletContextHandler@aa10649{/logs,file:///workdir/hadoop-ozone/integration-test/target/log,AVAILABLE}
2019-10-19 00:48:15,054 [main] INFO  handler.ContextHandler (ContextHandler.java:doStart(781)) - Started o.e.j.s.ServletContextHandler@37095ded{/static,file:///workdir/hadoop-ozone/integration-test/target/test-classes/webapps/static,AVAILABLE}
2019-10-19 00:48:15,062 [main] INFO  handler.ContextHandler (ContextHandler.java:doStart(781)) - Started o.e.j.w.WebAppContext@75b3673{/,file:///workdir/hadoop-ozone/integration-test/target/test-classes/webapps/ozoneManager/,AVAILABLE}{/ozoneManager}
2019-10-19 00:48:15,062 [main] INFO  server.AbstractConnector (AbstractConnector.java:doStart(278)) - Started ServerConnector@1bcb79c2{HTTP/1.1,[http/1.1]}{0.0.0.0:41488}
2019-10-19 00:48:15,063 [main] INFO  server.Server (Server.java:doStart(419)) - Started @3987ms
2019-10-19 00:48:15,063 [main] WARN  impl.MetricsSystemImpl (MetricsSystemImpl.java:register(276)) - Sink prometheus already exists!
2019-10-19 00:48:15,064 [main] INFO  server.BaseHttpServer (BaseHttpServer.java:updateConnectorAddress(215)) - HTTP server of OZONEMANAGER is listening at http://0.0.0.0:41488
2019-10-19 00:48:15,317 [main] INFO  impl.MetricsSystemImpl (MetricsSystemImpl.java:init(158)) - HddsDatanode metrics system started (again)
2019-10-19 00:48:15,353 [main] INFO  ozone.HddsDatanodeService (HddsDatanodeService.java:start(184)) - HddsDatanodeService host:pr-hdds-2333-xd9jc-2947872914 ip:192.168.157.213
2019-10-19 00:48:15,379 [main] INFO  volume.HddsVolume (HddsVolume.java:<init>(176)) - Creating Volume: /workdir/hadoop-ozone/integration-test/target/test-dir/MiniOzoneClusterImpl-c55fde14-2fcc-439a-a3ad-d31aeefdbace/datanode-0/data/containers/hdds of  storage type : DISK and capacity : 1482555576320
2019-10-19 00:48:15,380 [main] INFO  volume.VolumeSet (VolumeSet.java:initializeVolumeSet(170)) - Added Volume : /workdir/hadoop-ozone/integration-test/target/test-dir/MiniOzoneClusterImpl-c55fde14-2fcc-439a-a3ad-d31aeefdbace/datanode-0/data/containers/hdds to VolumeSet
2019-10-19 00:48:15,383 [main] INFO  volume.ThrottledAsyncChecker (ThrottledAsyncChecker.java:schedule(141)) - Scheduling a check for /workdir/hadoop-ozone/integration-test/target/test-dir/MiniOzoneClusterImpl-c55fde14-2fcc-439a-a3ad-d31aeefdbace/datanode-0/data/containers/hdds
2019-10-19 00:48:15,396 [main] INFO  volume.HddsVolumeChecker (HddsVolumeChecker.java:checkAllVolumes(204)) - Scheduled health check for volume /workdir/hadoop-ozone/integration-test/target/test-dir/MiniOzoneClusterImpl-c55fde14-2fcc-439a-a3ad-d31aeefdbace/datanode-0/data/containers/hdds
2019-10-19 00:48:15,492 [main] INFO  impl.RaftServerProxy (ConfUtils.java:logGet(43)) - raft.rpc.type = GRPC (default)
2019-10-19 00:48:15,557 [main] INFO  grpc.GrpcFactory (GrpcFactory.java:checkPooledByteBufAllocatorUseCacheForAllThreads(45)) - PERFORMANCE WARNING: useCacheForAllThreads is true that may cause Netty to create a lot garbage objects and, as a result, trigger GC.
	It is recommended to disable useCacheForAllThreads by setting -Dorg.apache.ratis.thirdparty.io.netty.allocator.useCacheForAllThreads=false in command line.
2019-10-19 00:48:15,561 [main] INFO  grpc.GrpcConfigKeys$Server (ConfUtils.java:logGet(43)) - raft.grpc.server.port = 0 (default)
2019-10-19 00:48:15,562 [main] INFO  server.GrpcService (ConfUtils.java:logGet(43)) - raft.grpc.message.size.max = 33570816 (custom)
2019-10-19 00:48:15,563 [main] INFO  server.RaftServerConfigKeys (ConfUtils.java:logGet(43)) - raft.server.log.appender.buffer.byte-limit = 33554432 (custom)
2019-10-19 00:48:15,564 [main] INFO  server.GrpcService (ConfUtils.java:logGet(43)) - raft.grpc.flow.control.window = 1MB (=1048576) (default)
2019-10-19 00:48:15,564 [main] INFO  server.RaftServerConfigKeys (ConfUtils.java:logGet(43)) - raft.server.rpc.request.timeout = 3000ms (default)
2019-10-19 00:48:15,724 [main] INFO  server.RaftServerConfigKeys (ConfUtils.java:logGet(43)) - raft.server.storage.dir = [/workdir/hadoop-ozone/integration-test/target/test-dir/MiniOzoneClusterImpl-c55fde14-2fcc-439a-a3ad-d31aeefdbace/datanode-0/data/ratis] (custom)
2019-10-19 00:48:15,778 [main] INFO  hdfs.DFSUtil (DFSUtil.java:httpServerTemplateForNNAndJN(1641)) - Starting Web-server for hddsDatanode at: http://0.0.0.0:0
2019-10-19 00:48:15,780 [main] INFO  server.AuthenticationFilter (AuthenticationFilter.java:constructSecretProvider(240)) - Unable to initialize FileSignerSecretProvider, falling back to use random secrets.
2019-10-19 00:48:15,781 [main] WARN  http.HttpRequestLog (HttpRequestLog.java:getRequestLog(97)) - Jetty request log can only be enabled using Log4j
2019-10-19 00:48:15,784 [main] INFO  http.HttpServer2 (HttpServer2.java:addGlobalFilter(975)) - Added global filter 'safety' (class=org.apache.hadoop.http.HttpServer2$QuotingInputFilter)
2019-10-19 00:48:15,785 [main] INFO  http.HttpServer2 (HttpServer2.java:addFilter(948)) - Added filter static_user_filter (class=org.apache.hadoop.http.lib.StaticUserWebFilter$StaticUserFilter) to context hddsDatanode
2019-10-19 00:48:15,786 [main] INFO  http.HttpServer2 (HttpServer2.java:addFilter(958)) - Added filter static_user_filter (class=org.apache.hadoop.http.lib.StaticUserWebFilter$StaticUserFilter) to context logs
2019-10-19 00:48:15,786 [main] INFO  http.HttpServer2 (HttpServer2.java:addFilter(958)) - Added filter static_user_filter (class=org.apache.hadoop.http.lib.StaticUserWebFilter$StaticUserFilter) to context static
2019-10-19 00:48:15,788 [main] INFO  http.HttpServer2 (HttpServer2.java:bindListener(1191)) - Jetty bound to port 42433
2019-10-19 00:48:15,788 [main] INFO  server.Server (Server.java:doStart(351)) - jetty-9.3.25.v20180904, build timestamp: 2018-09-04T21:11:46Z, git hash: 3ce520221d0240229c862b122d2b06c12a625732
2019-10-19 00:48:15,791 [main] INFO  handler.ContextHandler (ContextHandler.java:doStart(781)) - Started o.e.j.s.ServletContextHandler@60cf62ad{/logs,file:///workdir/hadoop-ozone/integration-test/target/log,AVAILABLE}
2019-10-19 00:48:15,792 [main] INFO  handler.ContextHandler (ContextHandler.java:doStart(781)) - Started o.e.j.s.ServletContextHandler@1ac4ccad{/static,jar:file:/home/user/.m2/repository/org/apache/hadoop/hadoop-hdds-container-service/0.5.0-SNAPSHOT/hadoop-hdds-container-service-0.5.0-SNAPSHOT.jar!/webapps/static,AVAILABLE}
2019-10-19 00:48:15,844 [main] INFO  handler.ContextHandler (ContextHandler.java:doStart(781)) - Started o.e.j.w.WebAppContext@de8039f{/,file:///tmp/jetty-0.0.0.0-42433-hddsDatanode-_-any-7464437026606123541.dir/webapp/,AVAILABLE}{/hddsDatanode}
2019-10-19 00:48:15,845 [main] INFO  server.AbstractConnector (AbstractConnector.java:doStart(278)) - Started ServerConnector@1deceb67{HTTP/1.1,[http/1.1]}{0.0.0.0:42433}
2019-10-19 00:48:15,845 [main] INFO  server.Server (Server.java:doStart(419)) - Started @4769ms
2019-10-19 00:48:15,846 [main] WARN  impl.MetricsSystemImpl (MetricsSystemImpl.java:register(276)) - Sink prometheus already exists!
2019-10-19 00:48:15,847 [main] INFO  server.BaseHttpServer (BaseHttpServer.java:updateConnectorAddress(215)) - HTTP server of HDDSDATANODE is listening at http://0.0.0.0:42433
2019-10-19 00:48:15,848 [main] INFO  impl.MetricsSystemImpl (MetricsSystemImpl.java:init(158)) - HddsDatanode metrics system started (again)
2019-10-19 00:48:15,850 [main] INFO  ozone.HddsDatanodeService (HddsDatanodeService.java:start(184)) - HddsDatanodeService host:pr-hdds-2333-xd9jc-2947872914 ip:192.168.157.213
2019-10-19 00:48:15,853 [org.apache.hadoop.util.JvmPauseMonitor$Monitor@689e76fc] INFO  util.JvmPauseMonitor (JvmPauseMonitor.java:run(188)) - Starting JVM pause monitor
2019-10-19 00:48:15,858 [main] INFO  volume.HddsVolume (HddsVolume.java:<init>(176)) - Creating Volume: /workdir/hadoop-ozone/integration-test/target/test-dir/MiniOzoneClusterImpl-c55fde14-2fcc-439a-a3ad-d31aeefdbace/datanode-1/data/containers/hdds of  storage type : DISK and capacity : 1482555576320
2019-10-19 00:48:15,859 [main] INFO  volume.VolumeSet (VolumeSet.java:initializeVolumeSet(170)) - Added Volume : /workdir/hadoop-ozone/integration-test/target/test-dir/MiniOzoneClusterImpl-c55fde14-2fcc-439a-a3ad-d31aeefdbace/datanode-1/data/containers/hdds to VolumeSet
2019-10-19 00:48:15,859 [main] INFO  volume.ThrottledAsyncChecker (ThrottledAsyncChecker.java:schedule(141)) - Scheduling a check for /workdir/hadoop-ozone/integration-test/target/test-dir/MiniOzoneClusterImpl-c55fde14-2fcc-439a-a3ad-d31aeefdbace/datanode-1/data/containers/hdds
2019-10-19 00:48:15,859 [main] INFO  volume.HddsVolumeChecker (HddsVolumeChecker.java:checkAllVolumes(204)) - Scheduled health check for volume /workdir/hadoop-ozone/integration-test/target/test-dir/MiniOzoneClusterImpl-c55fde14-2fcc-439a-a3ad-d31aeefdbace/datanode-1/data/containers/hdds
2019-10-19 00:48:15,876 [main] INFO  impl.RaftServerProxy (ConfUtils.java:logGet(43)) - raft.rpc.type = GRPC (default)
2019-10-19 00:48:15,877 [main] INFO  grpc.GrpcFactory (GrpcFactory.java:checkPooledByteBufAllocatorUseCacheForAllThreads(45)) - PERFORMANCE WARNING: useCacheForAllThreads is true that may cause Netty to create a lot garbage objects and, as a result, trigger GC.
	It is recommended to disable useCacheForAllThreads by setting -Dorg.apache.ratis.thirdparty.io.netty.allocator.useCacheForAllThreads=false in command line.
2019-10-19 00:48:15,877 [main] INFO  grpc.GrpcConfigKeys$Server (ConfUtils.java:logGet(43)) - raft.grpc.server.port = 0 (default)
2019-10-19 00:48:15,877 [main] INFO  server.GrpcService (ConfUtils.java:logGet(43)) - raft.grpc.message.size.max = 33570816 (custom)
2019-10-19 00:48:15,877 [main] INFO  server.RaftServerConfigKeys (ConfUtils.java:logGet(43)) - raft.server.log.appender.buffer.byte-limit = 33554432 (custom)
2019-10-19 00:48:15,878 [main] INFO  server.GrpcService (ConfUtils.java:logGet(43)) - raft.grpc.flow.control.window = 1MB (=1048576) (default)
2019-10-19 00:48:15,878 [main] INFO  server.RaftServerConfigKeys (ConfUtils.java:logGet(43)) - raft.server.rpc.request.timeout = 3000ms (default)
2019-10-19 00:48:15,878 [main] INFO  server.RaftServerConfigKeys (ConfUtils.java:logGet(43)) - raft.server.storage.dir = [/workdir/hadoop-ozone/integration-test/target/test-dir/MiniOzoneClusterImpl-c55fde14-2fcc-439a-a3ad-d31aeefdbace/datanode-1/data/ratis] (custom)
2019-10-19 00:48:15,881 [main] INFO  hdfs.DFSUtil (DFSUtil.java:httpServerTemplateForNNAndJN(1641)) - Starting Web-server for hddsDatanode at: http://0.0.0.0:0
2019-10-19 00:48:15,882 [main] INFO  server.AuthenticationFilter (AuthenticationFilter.java:constructSecretProvider(240)) - Unable to initialize FileSignerSecretProvider, falling back to use random secrets.
2019-10-19 00:48:15,883 [main] WARN  http.HttpRequestLog (HttpRequestLog.java:getRequestLog(97)) - Jetty request log can only be enabled using Log4j
2019-10-19 00:48:15,885 [main] INFO  http.HttpServer2 (HttpServer2.java:addGlobalFilter(975)) - Added global filter 'safety' (class=org.apache.hadoop.http.HttpServer2$QuotingInputFilter)
2019-10-19 00:48:15,886 [main] INFO  http.HttpServer2 (HttpServer2.java:addFilter(948)) - Added filter static_user_filter (class=org.apache.hadoop.http.lib.StaticUserWebFilter$StaticUserFilter) to context hddsDatanode
2019-10-19 00:48:15,886 [main] INFO  http.HttpServer2 (HttpServer2.java:addFilter(958)) - Added filter static_user_filter (class=org.apache.hadoop.http.lib.StaticUserWebFilter$StaticUserFilter) to context logs
2019-10-19 00:48:15,886 [main] INFO  http.HttpServer2 (HttpServer2.java:addFilter(958)) - Added filter static_user_filter (class=org.apache.hadoop.http.lib.StaticUserWebFilter$StaticUserFilter) to context static
2019-10-19 00:48:15,887 [main] INFO  http.HttpServer2 (HttpServer2.java:bindListener(1191)) - Jetty bound to port 36217
2019-10-19 00:48:15,887 [main] INFO  server.Server (Server.java:doStart(351)) - jetty-9.3.25.v20180904, build timestamp: 2018-09-04T21:11:46Z, git hash: 3ce520221d0240229c862b122d2b06c12a625732
2019-10-19 00:48:15,889 [main] INFO  handler.ContextHandler (ContextHandler.java:doStart(781)) - Started o.e.j.s.ServletContextHandler@1907874b{/logs,file:///workdir/hadoop-ozone/integration-test/target/log,AVAILABLE}
2019-10-19 00:48:15,890 [main] INFO  handler.ContextHandler (ContextHandler.java:doStart(781)) - Started o.e.j.s.ServletContextHandler@5b3a7ef5{/static,jar:file:/home/user/.m2/repository/org/apache/hadoop/hadoop-hdds-container-service/0.5.0-SNAPSHOT/hadoop-hdds-container-service-0.5.0-SNAPSHOT.jar!/webapps/static,AVAILABLE}
2019-10-19 00:48:15,923 [main] INFO  handler.ContextHandler (ContextHandler.java:doStart(781)) - Started o.e.j.w.WebAppContext@660f0c{/,file:///tmp/jetty-0.0.0.0-36217-hddsDatanode-_-any-1909061984623634064.dir/webapp/,AVAILABLE}{/hddsDatanode}
2019-10-19 00:48:15,924 [main] INFO  server.AbstractConnector (AbstractConnector.java:doStart(278)) - Started ServerConnector@7a0ef219{HTTP/1.1,[http/1.1]}{0.0.0.0:36217}
2019-10-19 00:48:15,925 [main] INFO  server.Server (Server.java:doStart(419)) - Started @4849ms
2019-10-19 00:48:15,925 [main] WARN  impl.MetricsSystemImpl (MetricsSystemImpl.java:register(276)) - Sink prometheus already exists!
2019-10-19 00:48:15,927 [main] INFO  server.BaseHttpServer (BaseHttpServer.java:updateConnectorAddress(215)) - HTTP server of HDDSDATANODE is listening at http://0.0.0.0:36217
2019-10-19 00:48:15,927 [main] INFO  impl.MetricsSystemImpl (MetricsSystemImpl.java:init(158)) - HddsDatanode metrics system started (again)
2019-10-19 00:48:15,930 [org.apache.hadoop.util.JvmPauseMonitor$Monitor@55978402] INFO  util.JvmPauseMonitor (JvmPauseMonitor.java:run(188)) - Starting JVM pause monitor
2019-10-19 00:48:15,930 [main] INFO  ozone.HddsDatanodeService (HddsDatanodeService.java:start(184)) - HddsDatanodeService host:pr-hdds-2333-xd9jc-2947872914 ip:192.168.157.213
2019-10-19 00:48:15,939 [main] INFO  volume.HddsVolume (HddsVolume.java:<init>(176)) - Creating Volume: /workdir/hadoop-ozone/integration-test/target/test-dir/MiniOzoneClusterImpl-c55fde14-2fcc-439a-a3ad-d31aeefdbace/datanode-2/data/containers/hdds of  storage type : DISK and capacity : 1482555576320
2019-10-19 00:48:15,942 [main] INFO  volume.VolumeSet (VolumeSet.java:initializeVolumeSet(170)) - Added Volume : /workdir/hadoop-ozone/integration-test/target/test-dir/MiniOzoneClusterImpl-c55fde14-2fcc-439a-a3ad-d31aeefdbace/datanode-2/data/containers/hdds to VolumeSet
2019-10-19 00:48:15,942 [main] INFO  volume.ThrottledAsyncChecker (ThrottledAsyncChecker.java:schedule(141)) - Scheduling a check for /workdir/hadoop-ozone/integration-test/target/test-dir/MiniOzoneClusterImpl-c55fde14-2fcc-439a-a3ad-d31aeefdbace/datanode-2/data/containers/hdds
2019-10-19 00:48:15,943 [main] INFO  volume.HddsVolumeChecker (HddsVolumeChecker.java:checkAllVolumes(204)) - Scheduled health check for volume /workdir/hadoop-ozone/integration-test/target/test-dir/MiniOzoneClusterImpl-c55fde14-2fcc-439a-a3ad-d31aeefdbace/datanode-2/data/containers/hdds
2019-10-19 00:48:15,958 [main] INFO  impl.RaftServerProxy (ConfUtils.java:logGet(43)) - raft.rpc.type = GRPC (default)
2019-10-19 00:48:15,959 [main] INFO  grpc.GrpcFactory (GrpcFactory.java:checkPooledByteBufAllocatorUseCacheForAllThreads(45)) - PERFORMANCE WARNING: useCacheForAllThreads is true that may cause Netty to create a lot garbage objects and, as a result, trigger GC.
	It is recommended to disable useCacheForAllThreads by setting -Dorg.apache.ratis.thirdparty.io.netty.allocator.useCacheForAllThreads=false in command line.
2019-10-19 00:48:15,959 [main] INFO  grpc.GrpcConfigKeys$Server (ConfUtils.java:logGet(43)) - raft.grpc.server.port = 0 (default)
2019-10-19 00:48:15,959 [main] INFO  server.GrpcService (ConfUtils.java:logGet(43)) - raft.grpc.message.size.max = 33570816 (custom)
2019-10-19 00:48:15,959 [main] INFO  server.RaftServerConfigKeys (ConfUtils.java:logGet(43)) - raft.server.log.appender.buffer.byte-limit = 33554432 (custom)
2019-10-19 00:48:15,959 [main] INFO  server.GrpcService (ConfUtils.java:logGet(43)) - raft.grpc.flow.control.window = 1MB (=1048576) (default)
2019-10-19 00:48:15,960 [main] INFO  server.RaftServerConfigKeys (ConfUtils.java:logGet(43)) - raft.server.rpc.request.timeout = 3000ms (default)
2019-10-19 00:48:15,960 [main] INFO  server.RaftServerConfigKeys (ConfUtils.java:logGet(43)) - raft.server.storage.dir = [/workdir/hadoop-ozone/integration-test/target/test-dir/MiniOzoneClusterImpl-c55fde14-2fcc-439a-a3ad-d31aeefdbace/datanode-2/data/ratis] (custom)
2019-10-19 00:48:15,962 [Datanode State Machine Thread - 0] INFO  datanode.InitDatanodeState (InitDatanodeState.java:persistContainerDatanodeDetails(140)) - DatanodeDetails is persisted to /workdir/hadoop-ozone/integration-test/target/test-dir/MiniOzoneClusterImpl-c55fde14-2fcc-439a-a3ad-d31aeefdbace/datanode-0/meta/datanode.id
2019-10-19 00:48:15,962 [main] INFO  hdfs.DFSUtil (DFSUtil.java:httpServerTemplateForNNAndJN(1641)) - Starting Web-server for hddsDatanode at: http://0.0.0.0:0
2019-10-19 00:48:15,965 [main] INFO  server.AuthenticationFilter (AuthenticationFilter.java:constructSecretProvider(240)) - Unable to initialize FileSignerSecretProvider, falling back to use random secrets.
2019-10-19 00:48:15,965 [main] WARN  http.HttpRequestLog (HttpRequestLog.java:getRequestLog(97)) - Jetty request log can only be enabled using Log4j
2019-10-19 00:48:15,965 [Datanode State Machine Thread - 0] INFO  datanode.InitDatanodeState (InitDatanodeState.java:persistContainerDatanodeDetails(140)) - DatanodeDetails is persisted to /workdir/hadoop-ozone/integration-test/target/test-dir/MiniOzoneClusterImpl-c55fde14-2fcc-439a-a3ad-d31aeefdbace/datanode-1/meta/datanode.id
2019-10-19 00:48:15,967 [main] INFO  http.HttpServer2 (HttpServer2.java:addGlobalFilter(975)) - Added global filter 'safety' (class=org.apache.hadoop.http.HttpServer2$QuotingInputFilter)
2019-10-19 00:48:15,968 [main] INFO  http.HttpServer2 (HttpServer2.java:addFilter(948)) - Added filter static_user_filter (class=org.apache.hadoop.http.lib.StaticUserWebFilter$StaticUserFilter) to context hddsDatanode
2019-10-19 00:48:15,968 [main] INFO  http.HttpServer2 (HttpServer2.java:addFilter(958)) - Added filter static_user_filter (class=org.apache.hadoop.http.lib.StaticUserWebFilter$StaticUserFilter) to context logs
2019-10-19 00:48:15,968 [main] INFO  http.HttpServer2 (HttpServer2.java:addFilter(958)) - Added filter static_user_filter (class=org.apache.hadoop.http.lib.StaticUserWebFilter$StaticUserFilter) to context static
2019-10-19 00:48:15,969 [main] INFO  http.HttpServer2 (HttpServer2.java:bindListener(1191)) - Jetty bound to port 34886
2019-10-19 00:48:15,969 [main] INFO  server.Server (Server.java:doStart(351)) - jetty-9.3.25.v20180904, build timestamp: 2018-09-04T21:11:46Z, git hash: 3ce520221d0240229c862b122d2b06c12a625732
2019-10-19 00:48:15,972 [main] INFO  handler.ContextHandler (ContextHandler.java:doStart(781)) - Started o.e.j.s.ServletContextHandler@5fa23c{/logs,file:///workdir/hadoop-ozone/integration-test/target/log,AVAILABLE}
2019-10-19 00:48:15,972 [main] INFO  handler.ContextHandler (ContextHandler.java:doStart(781)) - Started o.e.j.s.ServletContextHandler@433348bc{/static,jar:file:/home/user/.m2/repository/org/apache/hadoop/hadoop-hdds-container-service/0.5.0-SNAPSHOT/hadoop-hdds-container-service-0.5.0-SNAPSHOT.jar!/webapps/static,AVAILABLE}
2019-10-19 00:48:15,999 [main] INFO  handler.ContextHandler (ContextHandler.java:doStart(781)) - Started o.e.j.w.WebAppContext@43e9089{/,file:///tmp/jetty-0.0.0.0-34886-hddsDatanode-_-any-8044851972886178695.dir/webapp/,AVAILABLE}{/hddsDatanode}
2019-10-19 00:48:15,999 [main] INFO  server.AbstractConnector (AbstractConnector.java:doStart(278)) - Started ServerConnector@3c5dbdf8{HTTP/1.1,[http/1.1]}{0.0.0.0:34886}
2019-10-19 00:48:16,000 [main] INFO  server.Server (Server.java:doStart(419)) - Started @4924ms
2019-10-19 00:48:16,001 [main] WARN  impl.MetricsSystemImpl (MetricsSystemImpl.java:register(276)) - Sink prometheus already exists!
2019-10-19 00:48:16,003 [main] INFO  server.BaseHttpServer (BaseHttpServer.java:updateConnectorAddress(215)) - HTTP server of HDDSDATANODE is listening at http://0.0.0.0:34886
2019-10-19 00:48:16,004 [main] INFO  ozone.MiniOzoneClusterImpl (MiniOzoneClusterImpl.java:lambda$waitForClusterToBeReady$0(147)) - Waiting for cluster to be ready. Got 0 of 3 DN Heartbeats.
2019-10-19 00:48:16,005 [org.apache.hadoop.util.JvmPauseMonitor$Monitor@4ada9b97] INFO  util.JvmPauseMonitor (JvmPauseMonitor.java:run(188)) - Starting JVM pause monitor
2019-10-19 00:48:16,009 [Datanode State Machine Thread - 0] INFO  datanode.InitDatanodeState (InitDatanodeState.java:persistContainerDatanodeDetails(140)) - DatanodeDetails is persisted to /workdir/hadoop-ozone/integration-test/target/test-dir/MiniOzoneClusterImpl-c55fde14-2fcc-439a-a3ad-d31aeefdbace/datanode-2/meta/datanode.id
2019-10-19 00:48:17,005 [main] INFO  ozone.MiniOzoneClusterImpl (MiniOzoneClusterImpl.java:lambda$waitForClusterToBeReady$0(147)) - Waiting for cluster to be ready. Got 0 of 3 DN Heartbeats.
2019-10-19 00:48:17,936 [Datanode State Machine Thread - 0] INFO  ozoneimpl.OzoneContainer (OzoneContainer.java:start(213)) - Attempting to start container services.
2019-10-19 00:48:17,938 [Datanode State Machine Thread - 0] INFO  ozoneimpl.OzoneContainer (OzoneContainer.java:start(213)) - Attempting to start container services.
2019-10-19 00:48:17,939 [Datanode State Machine Thread - 0] INFO  ozoneimpl.OzoneContainer (OzoneContainer.java:startContainerScrub(177)) - Background container scanner has been disabled.
2019-10-19 00:48:17,941 [Datanode State Machine Thread - 0] INFO  ratis.XceiverServerRatis (XceiverServerRatis.java:start(418)) - Starting XceiverServerRatis b6ed77c0-0909-418c-a0c6-e1477b4e10c3 at port 0
2019-10-19 00:48:17,943 [Datanode State Machine Thread - 0] INFO  ozoneimpl.OzoneContainer (OzoneContainer.java:startContainerScrub(177)) - Background container scanner has been disabled.
2019-10-19 00:48:17,943 [Datanode State Machine Thread - 0] INFO  ratis.XceiverServerRatis (XceiverServerRatis.java:start(418)) - Starting XceiverServerRatis 67511f02-1a53-40d3-ad7c-17f75ce9e42c at port 0
2019-10-19 00:48:17,975 [Datanode State Machine Thread - 0] INFO  impl.RaftServerProxy (RaftServerProxy.java:lambda$start$3(299)) - 67511f02-1a53-40d3-ad7c-17f75ce9e42c: start RPC server
2019-10-19 00:48:17,975 [Datanode State Machine Thread - 0] INFO  impl.RaftServerProxy (RaftServerProxy.java:lambda$start$3(299)) - b6ed77c0-0909-418c-a0c6-e1477b4e10c3: start RPC server
2019-10-19 00:48:18,005 [main] INFO  ozone.MiniOzoneClusterImpl (MiniOzoneClusterImpl.java:lambda$waitForClusterToBeReady$0(147)) - Waiting for cluster to be ready. Got 0 of 3 DN Heartbeats.
2019-10-19 00:48:18,023 [Datanode State Machine Thread - 0] INFO  ozoneimpl.OzoneContainer (OzoneContainer.java:start(213)) - Attempting to start container services.
2019-10-19 00:48:18,024 [Datanode State Machine Thread - 0] INFO  ozoneimpl.OzoneContainer (OzoneContainer.java:startContainerScrub(177)) - Background container scanner has been disabled.
2019-10-19 00:48:18,024 [Datanode State Machine Thread - 0] INFO  ratis.XceiverServerRatis (XceiverServerRatis.java:start(418)) - Starting XceiverServerRatis aac91d0e-90b3-4924-955b-30866d4fff78 at port 0
2019-10-19 00:48:18,031 [Datanode State Machine Thread - 0] INFO  impl.RaftServerProxy (RaftServerProxy.java:lambda$start$3(299)) - aac91d0e-90b3-4924-955b-30866d4fff78: start RPC server
2019-10-19 00:48:18,100 [Datanode State Machine Thread - 0] INFO  server.GrpcService (GrpcService.java:startImpl(158)) - 67511f02-1a53-40d3-ad7c-17f75ce9e42c: GrpcService started, listening on 0.0.0.0/0.0.0.0:45560
2019-10-19 00:48:18,100 [Datanode State Machine Thread - 0] INFO  server.GrpcService (GrpcService.java:startImpl(158)) - aac91d0e-90b3-4924-955b-30866d4fff78: GrpcService started, listening on 0.0.0.0/0.0.0.0:41659
2019-10-19 00:48:18,100 [Datanode State Machine Thread - 0] INFO  server.GrpcService (GrpcService.java:startImpl(158)) - b6ed77c0-0909-418c-a0c6-e1477b4e10c3: GrpcService started, listening on 0.0.0.0/0.0.0.0:33232
2019-10-19 00:48:18,101 [Datanode State Machine Thread - 0] INFO  ratis.XceiverServerRatis (XceiverServerRatis.java:start(428)) - XceiverServerRatis aac91d0e-90b3-4924-955b-30866d4fff78 is started using port 41659
2019-10-19 00:48:18,101 [Datanode State Machine Thread - 0] INFO  ratis.XceiverServerRatis (XceiverServerRatis.java:start(428)) - XceiverServerRatis 67511f02-1a53-40d3-ad7c-17f75ce9e42c is started using port 45560
2019-10-19 00:48:18,101 [Datanode State Machine Thread - 0] INFO  ratis.XceiverServerRatis (XceiverServerRatis.java:start(428)) - XceiverServerRatis b6ed77c0-0909-418c-a0c6-e1477b4e10c3 is started using port 33232
2019-10-19 00:48:18,105 [Datanode State Machine Thread - 0] INFO  server.XceiverServerGrpc (XceiverServerGrpc.java:start(149)) - XceiverServerGrpc b6ed77c0-0909-418c-a0c6-e1477b4e10c3 is started using port 45599
2019-10-19 00:48:18,106 [Datanode State Machine Thread - 0] INFO  server.XceiverServerGrpc (XceiverServerGrpc.java:start(149)) - XceiverServerGrpc aac91d0e-90b3-4924-955b-30866d4fff78 is started using port 35525
2019-10-19 00:48:18,105 [Datanode State Machine Thread - 0] INFO  server.XceiverServerGrpc (XceiverServerGrpc.java:start(149)) - XceiverServerGrpc 67511f02-1a53-40d3-ad7c-17f75ce9e42c is started using port 46275
2019-10-19 00:48:19,006 [main] INFO  ozone.MiniOzoneClusterImpl (MiniOzoneClusterImpl.java:lambda$waitForClusterToBeReady$0(147)) - Waiting for cluster to be ready. Got 0 of 3 DN Heartbeats.
2019-10-19 00:48:19,880 [IPC Server handler 0 on 37008] INFO  net.NetworkTopology (NetworkTopologyImpl.java:add(111)) - Added a new node: /default-rack/b6ed77c0-0909-418c-a0c6-e1477b4e10c3
2019-10-19 00:48:19,881 [IPC Server handler 0 on 37008] INFO  node.SCMNodeManager (SCMNodeManager.java:register(268)) - Registered Data node : b6ed77c0-0909-418c-a0c6-e1477b4e10c3{ip: 192.168.157.213, host: pr-hdds-2333-xd9jc-2947872914, networkLocation: /default-rack, certSerialId: null}
2019-10-19 00:48:19,883 [EventQueue-NodeRegistrationContainerReportForDataNodeSafeModeRule] INFO  safemode.SCMSafeModeManager (DataNodeSafeModeRule.java:process(71)) - SCM in safe mode. 1 DataNodes registered, 1 required.
2019-10-19 00:48:19,883 [EventQueue-NodeRegistrationContainerReportForContainerSafeModeRule] INFO  safemode.SCMSafeModeManager (SCMSafeModeManager.java:validateSafeModeExitRules(177)) - ScmSafeModeManager, all rules are successfully validated
2019-10-19 00:48:19,883 [EventQueue-NodeRegistrationContainerReportForContainerSafeModeRule] INFO  safemode.SCMSafeModeManager (SCMSafeModeManager.java:exitSafeMode(193)) - SCM exiting safe mode.
2019-10-19 00:48:19,932 [IPC Server handler 2 on 37008] INFO  net.NetworkTopology (NetworkTopologyImpl.java:add(111)) - Added a new node: /default-rack/67511f02-1a53-40d3-ad7c-17f75ce9e42c
2019-10-19 00:48:19,933 [IPC Server handler 2 on 37008] INFO  node.SCMNodeManager (SCMNodeManager.java:register(268)) - Registered Data node : 67511f02-1a53-40d3-ad7c-17f75ce9e42c{ip: 192.168.157.213, host: pr-hdds-2333-xd9jc-2947872914, networkLocation: /default-rack, certSerialId: null}
2019-10-19 00:48:20,006 [main] INFO  ozone.MiniOzoneClusterImpl (MiniOzoneClusterImpl.java:lambda$waitForClusterToBeReady$0(147)) - Waiting for cluster to be ready. Got 2 of 3 DN Heartbeats.
2019-10-19 00:48:20,009 [IPC Server handler 3 on 37008] INFO  net.NetworkTopology (NetworkTopologyImpl.java:add(111)) - Added a new node: /default-rack/aac91d0e-90b3-4924-955b-30866d4fff78
2019-10-19 00:48:20,009 [IPC Server handler 3 on 37008] INFO  node.SCMNodeManager (SCMNodeManager.java:register(268)) - Registered Data node : aac91d0e-90b3-4924-955b-30866d4fff78{ip: 192.168.157.213, host: pr-hdds-2333-xd9jc-2947872914, networkLocation: /default-rack, certSerialId: null}
2019-10-19 00:48:20,341 [grpc-default-executor-0] INFO  impl.RaftServerProxy (RaftServerProxy.java:addNew(89)) - b6ed77c0-0909-418c-a0c6-e1477b4e10c3: addNew group-FDB8B7943A93:[b6ed77c0-0909-418c-a0c6-e1477b4e10c3:192.168.157.213:33232] returns group-FDB8B7943A93:java.util.concurrent.CompletableFuture@7831d241[Not completed]
2019-10-19 00:48:20,354 [pool-27-thread-1] INFO  impl.RaftServerImpl (RaftServerImpl.java:<init>(104)) - b6ed77c0-0909-418c-a0c6-e1477b4e10c3: new RaftServerImpl for group-FDB8B7943A93:[b6ed77c0-0909-418c-a0c6-e1477b4e10c3:192.168.157.213:33232] with ContainerStateMachine:uninitialized
2019-10-19 00:48:20,357 [pool-27-thread-1] INFO  server.RaftServerConfigKeys (ConfUtils.java:logGet(43)) - raft.server.rpc.timeout.min = 5s (custom)
2019-10-19 00:48:20,358 [pool-27-thread-1] INFO  server.RaftServerConfigKeys (ConfUtils.java:logGet(43)) - raft.server.rpc.timeout.max = 5200ms (custom)
2019-10-19 00:48:20,358 [pool-27-thread-1] INFO  server.RaftServerConfigKeys (ConfUtils.java:logGet(43)) - raft.server.rpcslowness.timeout = 1000s (custom)
2019-10-19 00:48:20,359 [pool-27-thread-1] INFO  server.RaftServerConfigKeys (ConfUtils.java:logGet(43)) - raft.server.sleep.deviation.threshold = 300 (default)
2019-10-19 00:48:20,360 [pool-27-thread-1] INFO  server.RaftServerConfigKeys (ConfUtils.java:logGet(43)) - raft.server.log.appender.install.snapshot.enabled = false (custom)
2019-10-19 00:48:20,368 [pool-27-thread-1] INFO  impl.RaftServerImpl (ServerState.java:<init>(103)) - b6ed77c0-0909-418c-a0c6-e1477b4e10c3@group-FDB8B7943A93: ConfigurationManager, init=-1: [b6ed77c0-0909-418c-a0c6-e1477b4e10c3:192.168.157.213:33232], old=null, confs=<EMPTY_MAP>
2019-10-19 00:48:20,369 [pool-27-thread-1] INFO  server.RaftServerConfigKeys (ConfUtils.java:logGet(43)) - raft.server.storage.dir = [/workdir/hadoop-ozone/integration-test/target/test-dir/MiniOzoneClusterImpl-c55fde14-2fcc-439a-a3ad-d31aeefdbace/datanode-0/data/ratis] (custom)
2019-10-19 00:48:20,375 [pool-27-thread-1] INFO  server.RaftServerConfigKeys (ConfUtils.java:logGet(43)) - raft.server.log.corruption.policy = EXCEPTION (default)
2019-10-19 00:48:20,377 [pool-27-thread-1] INFO  storage.RaftStorageDirectory (RaftStorageDirectory.java:analyzeStorage(246)) - The storage directory /workdir/hadoop-ozone/integration-test/target/test-dir/MiniOzoneClusterImpl-c55fde14-2fcc-439a-a3ad-d31aeefdbace/datanode-0/data/ratis/5ba666fc-9bfc-4f59-bac6-fdb8b7943a93 does not exist. Creating ...
2019-10-19 00:48:20,385 [pool-27-thread-1] INFO  storage.RaftStorageDirectory (RaftStorageDirectory.java:tryLock(328)) - Lock on /workdir/hadoop-ozone/integration-test/target/test-dir/MiniOzoneClusterImpl-c55fde14-2fcc-439a-a3ad-d31aeefdbace/datanode-0/data/ratis/5ba666fc-9bfc-4f59-bac6-fdb8b7943a93/in_use.lock acquired by nodename 25791@pr-hdds-2333-xd9jc-2947872914
2019-10-19 00:48:20,401 [pool-27-thread-1] INFO  storage.RaftStorage (RaftStorage.java:format(84)) - Storage directory /workdir/hadoop-ozone/integration-test/target/test-dir/MiniOzoneClusterImpl-c55fde14-2fcc-439a-a3ad-d31aeefdbace/datanode-0/data/ratis/5ba666fc-9bfc-4f59-bac6-fdb8b7943a93 has been successfully formatted.
2019-10-19 00:48:20,404 [pool-27-thread-1] INFO  ratis.ContainerStateMachine (ContainerStateMachine.java:loadSnapshot(231)) - group-FDB8B7943A93: The snapshot info is null. Setting the last applied indexto:(t:0, i:~)
2019-10-19 00:48:20,404 [pool-27-thread-1] INFO  server.RaftServerConfigKeys (ConfUtils.java:logGet(43)) - raft.server.notification.no-leader.timeout = 1000s (custom)
2019-10-19 00:48:20,407 [pool-27-thread-1] INFO  server.RaftServerConfigKeys (ConfUtils.java:logGet(43)) - raft.server.log.use.memory = false (default)
2019-10-19 00:48:20,414 [pool-27-thread-1] INFO  server.RaftServerConfigKeys (ConfUtils.java:logGet(43)) - raft.server.log.purge.gap = 1000000 (custom)
2019-10-19 00:48:20,415 [pool-27-thread-1] INFO  server.RaftServerConfigKeys (ConfUtils.java:logGet(43)) - raft.server.log.appender.buffer.byte-limit = 33554432 (custom)
2019-10-19 00:48:20,417 [pool-27-thread-1] INFO  server.RaftServerConfigKeys (ConfUtils.java:logGet(43)) - raft.server.log.segment.size.max = 1048576 (custom)
2019-10-19 00:48:20,419 [pool-27-thread-1] INFO  impl.MetricsSystemImpl (MetricsSystemImpl.java:init(158)) - ratis metrics system started (again)
2019-10-19 00:48:20,424 [pool-27-thread-1] INFO  metrics.MetricRegistries (MetricRegistriesLoader.java:load(64)) - Loaded MetricRegistries class org.apache.ratis.metrics.impl.MetricRegistriesImpl
2019-10-19 00:48:20,463 [pool-27-thread-1] INFO  server.RaftServerConfigKeys (ConfUtils.java:logGet(43)) - raft.server.log.segment.cache.num.max = 2 (custom)
2019-10-19 00:48:20,469 [pool-27-thread-1] INFO  segmented.SegmentedRaftLogWorker (SegmentedRaftLogWorker.java:<init>(173)) - new b6ed77c0-0909-418c-a0c6-e1477b4e10c3@group-FDB8B7943A93-SegmentedRaftLogWorker for RaftStorage:Storage Directory /workdir/hadoop-ozone/integration-test/target/test-dir/MiniOzoneClusterImpl-c55fde14-2fcc-439a-a3ad-d31aeefdbace/datanode-0/data/ratis/5ba666fc-9bfc-4f59-bac6-fdb8b7943a93
2019-10-19 00:48:20,469 [pool-27-thread-1] INFO  server.RaftServerConfigKeys (ConfUtils.java:logGet(43)) - raft.server.log.queue.byte-limit = 2147483647 (custom)
2019-10-19 00:48:20,470 [pool-27-thread-1] INFO  server.RaftServerConfigKeys (ConfUtils.java:logGet(43)) - raft.server.log.queue.element-limit = 1024 (custom)
2019-10-19 00:48:20,471 [pool-27-thread-1] INFO  server.RaftServerConfigKeys (ConfUtils.java:logGet(43)) - raft.server.log.segment.size.max = 1048576 (custom)
2019-10-19 00:48:20,471 [pool-27-thread-1] INFO  server.RaftServerConfigKeys (ConfUtils.java:logGet(43)) - raft.server.log.preallocated.size = 16384 (custom)
2019-10-19 00:48:20,472 [pool-27-thread-1] INFO  server.RaftServerConfigKeys (ConfUtils.java:logGet(43)) - raft.server.log.write.buffer.size = 33554432 (custom)
2019-10-19 00:48:20,472 [pool-27-thread-1] INFO  server.RaftServerConfigKeys (ConfUtils.java:logGet(43)) - raft.server.log.force.sync.num = 128 (default)
2019-10-19 00:48:20,473 [pool-27-thread-1] INFO  server.RaftServerConfigKeys (ConfUtils.java:logGet(43)) - raft.server.log.statemachine.data.sync = true (default)
2019-10-19 00:48:20,473 [pool-27-thread-1] INFO  server.RaftServerConfigKeys (ConfUtils.java:logGet(43)) - raft.server.log.statemachine.data.sync.timeout = 10s (default)
2019-10-19 00:48:20,474 [pool-27-thread-1] INFO  server.RaftServerConfigKeys (ConfUtils.java:logGet(43)) - raft.server.log.statemachine.data.sync.timeout.retry = -1 (default)
2019-10-19 00:48:20,485 [pool-27-thread-1] INFO  server.RaftServerConfigKeys (ConfUtils.java:logGet(43)) - raft.server.log.statemachine.data.caching.enabled = true (custom)
2019-10-19 00:48:20,489 [pool-27-thread-1] INFO  segmented.SegmentedRaftLogWorker (SegmentedRaftLogWorker.java:lambda$new$0(128)) - b6ed77c0-0909-418c-a0c6-e1477b4e10c3@group-FDB8B7943A93-SegmentedRaftLogWorker: flushIndex: setUnconditionally 0 -> -1
2019-10-19 00:48:20,493 [pool-27-thread-1] INFO  server.RaftServerConfigKeys (ConfUtils.java:logGet(43)) - raft.server.snapshot.auto.trigger.enabled = true (custom)
2019-10-19 00:48:20,494 [pool-27-thread-1] INFO  server.RaftServerConfigKeys (ConfUtils.java:logGet(43)) - raft.server.snapshot.auto.trigger.threshold = 10000 (custom)
2019-10-19 00:48:20,494 [pool-27-thread-1] INFO  server.RaftServerConfigKeys (ConfUtils.java:logGet(43)) - raft.server.snapshot.retention.file.num = 5 (custom)
2019-10-19 00:48:20,495 [pool-27-thread-1] INFO  server.RaftServerConfigKeys (ConfUtils.java:logGet(43)) - raft.server.retrycache.expirytime = 600000ms (custom)
2019-10-19 00:48:20,523 [pool-27-thread-1] INFO  impl.RaftServerImpl (RaftServerImpl.java:start(195)) - b6ed77c0-0909-418c-a0c6-e1477b4e10c3@group-FDB8B7943A93: start as a follower, conf=-1: [b6ed77c0-0909-418c-a0c6-e1477b4e10c3:192.168.157.213:33232], old=null
2019-10-19 00:48:20,524 [pool-27-thread-1] INFO  impl.RaftServerImpl (RaftServerImpl.java:setRole(184)) - b6ed77c0-0909-418c-a0c6-e1477b4e10c3@group-FDB8B7943A93: changes role from      null to FOLLOWER at term 0 for startAsFollower
2019-10-19 00:48:20,525 [pool-27-thread-1] INFO  impl.RoleInfo (RoleInfo.java:updateAndGet(143)) - b6ed77c0-0909-418c-a0c6-e1477b4e10c3: start FollowerState
2019-10-19 00:48:20,527 [pool-27-thread-1] INFO  util.JmxRegister (JmxRegister.java:tryRegister(44)) - Successfully registered JMX Bean with object name Ratis:service=RaftServer,group=group-FDB8B7943A93,id=b6ed77c0-0909-418c-a0c6-e1477b4e10c3
2019-10-19 00:48:20,580 [RatisPipelineUtilsThread] INFO  pipeline.PipelineStateManager (PipelineStateManager.java:addPipeline(56)) - Created pipeline Pipeline[ Id: 5ba666fc-9bfc-4f59-bac6-fdb8b7943a93, Nodes: b6ed77c0-0909-418c-a0c6-e1477b4e10c3{ip: 192.168.157.213, host: pr-hdds-2333-xd9jc-2947872914, networkLocation: /default-rack, certSerialId: null}, Type:RATIS, Factor:ONE, State:OPEN]
2019-10-19 00:48:20,596 [grpc-default-executor-0] INFO  impl.RaftServerProxy (RaftServerProxy.java:addNew(89)) - aac91d0e-90b3-4924-955b-30866d4fff78: addNew group-6EA1469C2611:[aac91d0e-90b3-4924-955b-30866d4fff78:192.168.157.213:41659] returns group-6EA1469C2611:java.util.concurrent.CompletableFuture@3270860d[Not completed]
2019-10-19 00:48:20,618 [pool-47-thread-1] INFO  impl.RaftServerImpl (RaftServerImpl.java:<init>(104)) - aac91d0e-90b3-4924-955b-30866d4fff78: new RaftServerImpl for group-6EA1469C2611:[aac91d0e-90b3-4924-955b-30866d4fff78:192.168.157.213:41659] with ContainerStateMachine:uninitialized
2019-10-19 00:48:20,620 [pool-47-thread-1] INFO  server.RaftServerConfigKeys (ConfUtils.java:logGet(43)) - raft.server.rpc.timeout.min = 5s (custom)
2019-10-19 00:48:20,620 [pool-47-thread-1] INFO  server.RaftServerConfigKeys (ConfUtils.java:logGet(43)) - raft.server.rpc.timeout.max = 5200ms (custom)
2019-10-19 00:48:20,620 [pool-47-thread-1] INFO  server.RaftServerConfigKeys (ConfUtils.java:logGet(43)) - raft.server.rpcslowness.timeout = 1000s (custom)
2019-10-19 00:48:20,620 [pool-47-thread-1] INFO  server.RaftServerConfigKeys (ConfUtils.java:logGet(43)) - raft.server.sleep.deviation.threshold = 300 (default)
2019-10-19 00:48:20,621 [pool-47-thread-1] INFO  server.RaftServerConfigKeys (ConfUtils.java:logGet(43)) - raft.server.log.appender.install.snapshot.enabled = false (custom)
2019-10-19 00:48:20,621 [pool-47-thread-1] INFO  impl.RaftServerImpl (ServerState.java:<init>(103)) - aac91d0e-90b3-4924-955b-30866d4fff78@group-6EA1469C2611: ConfigurationManager, init=-1: [aac91d0e-90b3-4924-955b-30866d4fff78:192.168.157.213:41659], old=null, confs=<EMPTY_MAP>
2019-10-19 00:48:20,621 [pool-47-thread-1] INFO  server.RaftServerConfigKeys (ConfUtils.java:logGet(43)) - raft.server.storage.dir = [/workdir/hadoop-ozone/integration-test/target/test-dir/MiniOzoneClusterImpl-c55fde14-2fcc-439a-a3ad-d31aeefdbace/datanode-2/data/ratis] (custom)
2019-10-19 00:48:20,622 [pool-47-thread-1] INFO  server.RaftServerConfigKeys (ConfUtils.java:logGet(43)) - raft.server.log.corruption.policy = EXCEPTION (default)
2019-10-19 00:48:20,622 [pool-47-thread-1] INFO  storage.RaftStorageDirectory (RaftStorageDirectory.java:analyzeStorage(246)) - The storage directory /workdir/hadoop-ozone/integration-test/target/test-dir/MiniOzoneClusterImpl-c55fde14-2fcc-439a-a3ad-d31aeefdbace/datanode-2/data/ratis/aef1d71b-d105-4e13-9898-6ea1469c2611 does not exist. Creating ...
2019-10-19 00:48:20,636 [pool-47-thread-1] INFO  storage.RaftStorageDirectory (RaftStorageDirectory.java:tryLock(328)) - Lock on /workdir/hadoop-ozone/integration-test/target/test-dir/MiniOzoneClusterImpl-c55fde14-2fcc-439a-a3ad-d31aeefdbace/datanode-2/data/ratis/aef1d71b-d105-4e13-9898-6ea1469c2611/in_use.lock acquired by nodename 25791@pr-hdds-2333-xd9jc-2947872914
2019-10-19 00:48:20,650 [pool-47-thread-1] INFO  storage.RaftStorage (RaftStorage.java:format(84)) - Storage directory /workdir/hadoop-ozone/integration-test/target/test-dir/MiniOzoneClusterImpl-c55fde14-2fcc-439a-a3ad-d31aeefdbace/datanode-2/data/ratis/aef1d71b-d105-4e13-9898-6ea1469c2611 has been successfully formatted.
2019-10-19 00:48:20,651 [pool-47-thread-1] INFO  ratis.ContainerStateMachine (ContainerStateMachine.java:loadSnapshot(231)) - group-6EA1469C2611: The snapshot info is null. Setting the last applied indexto:(t:0, i:~)
2019-10-19 00:48:20,652 [pool-47-thread-1] INFO  server.RaftServerConfigKeys (ConfUtils.java:logGet(43)) - raft.server.notification.no-leader.timeout = 1000s (custom)
2019-10-19 00:48:20,652 [pool-47-thread-1] INFO  server.RaftServerConfigKeys (ConfUtils.java:logGet(43)) - raft.server.log.use.memory = false (default)
2019-10-19 00:48:20,652 [pool-47-thread-1] INFO  server.RaftServerConfigKeys (ConfUtils.java:logGet(43)) - raft.server.log.purge.gap = 1000000 (custom)
2019-10-19 00:48:20,652 [pool-47-thread-1] INFO  server.RaftServerConfigKeys (ConfUtils.java:logGet(43)) - raft.server.log.appender.buffer.byte-limit = 33554432 (custom)
2019-10-19 00:48:20,653 [Thread-186] INFO  impl.FollowerState (FollowerState.java:run(108)) - b6ed77c0-0909-418c-a0c6-e1477b4e10c3@group-FDB8B7943A93-FollowerState: change to CANDIDATE, lastRpcTime:127ms, electionTimeout:127ms
2019-10-19 00:48:20,653 [pool-47-thread-1] INFO  server.RaftServerConfigKeys (ConfUtils.java:logGet(43)) - raft.server.log.segment.size.max = 1048576 (custom)
2019-10-19 00:48:20,656 [Thread-186] INFO  impl.RoleInfo (RoleInfo.java:shutdownFollowerState(121)) - b6ed77c0-0909-418c-a0c6-e1477b4e10c3: shutdown FollowerState
2019-10-19 00:48:20,657 [Thread-186] INFO  impl.RaftServerImpl (RaftServerImpl.java:setRole(184)) - b6ed77c0-0909-418c-a0c6-e1477b4e10c3@group-FDB8B7943A93: changes role from  FOLLOWER to CANDIDATE at term 0 for changeToCandidate
2019-10-19 00:48:20,659 [pool-47-thread-1] INFO  server.RaftServerConfigKeys (ConfUtils.java:logGet(43)) - raft.server.log.segment.cache.num.max = 2 (custom)
2019-10-19 00:48:20,659 [pool-47-thread-1] INFO  segmented.SegmentedRaftLogWorker (SegmentedRaftLogWorker.java:<init>(173)) - new aac91d0e-90b3-4924-955b-30866d4fff78@group-6EA1469C2611-SegmentedRaftLogWorker for RaftStorage:Storage Directory /workdir/hadoop-ozone/integration-test/target/test-dir/MiniOzoneClusterImpl-c55fde14-2fcc-439a-a3ad-d31aeefdbace/datanode-2/data/ratis/aef1d71b-d105-4e13-9898-6ea1469c2611
2019-10-19 00:48:20,660 [pool-47-thread-1] INFO  server.RaftServerConfigKeys (ConfUtils.java:logGet(43)) - raft.server.log.queue.byte-limit = 2147483647 (custom)
2019-10-19 00:48:20,660 [pool-47-thread-1] INFO  server.RaftServerConfigKeys (ConfUtils.java:logGet(43)) - raft.server.log.queue.element-limit = 1024 (custom)
2019-10-19 00:48:20,660 [pool-47-thread-1] INFO  server.RaftServerConfigKeys (ConfUtils.java:logGet(43)) - raft.server.log.segment.size.max = 1048576 (custom)
2019-10-19 00:48:20,661 [pool-47-thread-1] INFO  server.RaftServerConfigKeys (ConfUtils.java:logGet(43)) - raft.server.log.preallocated.size = 16384 (custom)
2019-10-19 00:48:20,661 [pool-47-thread-1] INFO  server.RaftServerConfigKeys (ConfUtils.java:logGet(43)) - raft.server.log.write.buffer.size = 33554432 (custom)
2019-10-19 00:48:20,662 [pool-47-thread-1] INFO  server.RaftServerConfigKeys (ConfUtils.java:logGet(43)) - raft.server.log.force.sync.num = 128 (default)
2019-10-19 00:48:20,662 [pool-47-thread-1] INFO  server.RaftServerConfigKeys (ConfUtils.java:logGet(43)) - raft.server.log.statemachine.data.sync = true (default)
2019-10-19 00:48:20,662 [Thread-186] INFO  impl.RoleInfo (RoleInfo.java:updateAndGet(143)) - b6ed77c0-0909-418c-a0c6-e1477b4e10c3: start LeaderElection
2019-10-19 00:48:20,662 [pool-47-thread-1] INFO  server.RaftServerConfigKeys (ConfUtils.java:logGet(43)) - raft.server.log.statemachine.data.sync.timeout = 10s (default)
2019-10-19 00:48:20,663 [pool-47-thread-1] INFO  server.RaftServerConfigKeys (ConfUtils.java:logGet(43)) - raft.server.log.statemachine.data.sync.timeout.retry = -1 (default)
2019-10-19 00:48:20,665 [pool-47-thread-1] INFO  server.RaftServerConfigKeys (ConfUtils.java:logGet(43)) - raft.server.log.statemachine.data.caching.enabled = true (custom)
2019-10-19 00:48:20,666 [pool-47-thread-1] INFO  segmented.SegmentedRaftLogWorker (SegmentedRaftLogWorker.java:lambda$new$0(128)) - aac91d0e-90b3-4924-955b-30866d4fff78@group-6EA1469C2611-SegmentedRaftLogWorker: flushIndex: setUnconditionally 0 -> -1
2019-10-19 00:48:20,666 [pool-47-thread-1] INFO  server.RaftServerConfigKeys (ConfUtils.java:logGet(43)) - raft.server.snapshot.auto.trigger.enabled = true (custom)
2019-10-19 00:48:20,667 [pool-47-thread-1] INFO  server.RaftServerConfigKeys (ConfUtils.java:logGet(43)) - raft.server.snapshot.auto.trigger.threshold = 10000 (custom)
2019-10-19 00:48:20,667 [pool-47-thread-1] INFO  server.RaftServerConfigKeys (ConfUtils.java:logGet(43)) - raft.server.snapshot.retention.file.num = 5 (custom)
2019-10-19 00:48:20,667 [pool-47-thread-1] INFO  server.RaftServerConfigKeys (ConfUtils.java:logGet(43)) - raft.server.retrycache.expirytime = 600000ms (custom)
2019-10-19 00:48:20,669 [b6ed77c0-0909-418c-a0c6-e1477b4e10c3@group-FDB8B7943A93-LeaderElection1] INFO  impl.LeaderElection (LeaderElection.java:askForVotes(178)) - b6ed77c0-0909-418c-a0c6-e1477b4e10c3@group-FDB8B7943A93-LeaderElection1: begin an election at term 1 for -1: [b6ed77c0-0909-418c-a0c6-e1477b4e10c3:192.168.157.213:33232], old=null
2019-10-19 00:48:20,670 [b6ed77c0-0909-418c-a0c6-e1477b4e10c3@group-FDB8B7943A93-LeaderElection1] INFO  impl.RoleInfo (RoleInfo.java:shutdownLeaderElection(134)) - b6ed77c0-0909-418c-a0c6-e1477b4e10c3: shutdown LeaderElection
2019-10-19 00:48:20,671 [b6ed77c0-0909-418c-a0c6-e1477b4e10c3@group-FDB8B7943A93-LeaderElection1] INFO  impl.RaftServerImpl (RaftServerImpl.java:setRole(184)) - b6ed77c0-0909-418c-a0c6-e1477b4e10c3@group-FDB8B7943A93: changes role from CANDIDATE to LEADER at term 1 for changeToLeader
2019-10-19 00:48:20,671 [b6ed77c0-0909-418c-a0c6-e1477b4e10c3@group-FDB8B7943A93-LeaderElection1] INFO  impl.RaftServerImpl (ServerState.java:setLeader(256)) - b6ed77c0-0909-418c-a0c6-e1477b4e10c3@group-FDB8B7943A93: change Leader from null to b6ed77c0-0909-418c-a0c6-e1477b4e10c3 at term 1 for becomeLeader, leader elected after 267ms
2019-10-19 00:48:20,675 [b6ed77c0-0909-418c-a0c6-e1477b4e10c3@group-FDB8B7943A93-LeaderElection1] INFO  server.RaftServerConfigKeys (ConfUtils.java:logGet(43)) - raft.server.staging.catchup.gap = 1000 (default)
2019-10-19 00:48:20,675 [b6ed77c0-0909-418c-a0c6-e1477b4e10c3@group-FDB8B7943A93-LeaderElection1] INFO  server.RaftServerConfigKeys (ConfUtils.java:logGet(43)) - raft.server.rpc.sleep.time = 25ms (default)
2019-10-19 00:48:20,676 [pool-47-thread-1] INFO  impl.RaftServerImpl (RaftServerImpl.java:start(195)) - aac91d0e-90b3-4924-955b-30866d4fff78@group-6EA1469C2611: start as a follower, conf=-1: [aac91d0e-90b3-4924-955b-30866d4fff78:192.168.157.213:41659], old=null
2019-10-19 00:48:20,677 [pool-47-thread-1] INFO  impl.RaftServerImpl (RaftServerImpl.java:setRole(184)) - aac91d0e-90b3-4924-955b-30866d4fff78@group-6EA1469C2611: changes role from      null to FOLLOWER at term 0 for startAsFollower
2019-10-19 00:48:20,677 [pool-47-thread-1] INFO  impl.RoleInfo (RoleInfo.java:updateAndGet(143)) - aac91d0e-90b3-4924-955b-30866d4fff78: start FollowerState
2019-10-19 00:48:20,677 [pool-47-thread-1] INFO  util.JmxRegister (JmxRegister.java:tryRegister(44)) - Successfully registered JMX Bean with object name Ratis:service=RaftServer,group=group-6EA1469C2611,id=aac91d0e-90b3-4924-955b-30866d4fff78
2019-10-19 00:48:20,679 [b6ed77c0-0909-418c-a0c6-e1477b4e10c3@group-FDB8B7943A93-LeaderElection1] INFO  server.RaftServerConfigKeys (ConfUtils.java:logGet(43)) - raft.server.write.element-limit = 4096 (default)
2019-10-19 00:48:20,681 [b6ed77c0-0909-418c-a0c6-e1477b4e10c3@group-FDB8B7943A93-LeaderElection1] INFO  server.RaftServerConfigKeys (ConfUtils.java:logGet(43)) - raft.server.watch.timeout = 10s (default)
2019-10-19 00:48:20,681 [b6ed77c0-0909-418c-a0c6-e1477b4e10c3@group-FDB8B7943A93-LeaderElection1] INFO  server.RaftServerConfigKeys (ConfUtils.java:logGet(43)) - raft.server.watch.timeout.denomination = 1s (default)
2019-10-19 00:48:20,682 [b6ed77c0-0909-418c-a0c6-e1477b4e10c3@group-FDB8B7943A93-LeaderElection1] INFO  server.RaftServerConfigKeys (ConfUtils.java:logGet(43)) - raft.server.watch.element-limit = 65536 (default)
2019-10-19 00:48:20,716 [RatisPipelineUtilsThread] INFO  pipeline.PipelineStateManager (PipelineStateManager.java:addPipeline(56)) - Created pipeline Pipeline[ Id: aef1d71b-d105-4e13-9898-6ea1469c2611, Nodes: aac91d0e-90b3-4924-955b-30866d4fff78{ip: 192.168.157.213, host: pr-hdds-2333-xd9jc-2947872914, networkLocation: /default-rack, certSerialId: null}, Type:RATIS, Factor:ONE, State:OPEN]
2019-10-19 00:48:20,721 [b6ed77c0-0909-418c-a0c6-e1477b4e10c3@group-FDB8B7943A93-LeaderElection1] INFO  impl.RoleInfo (RoleInfo.java:updateAndGet(143)) - b6ed77c0-0909-418c-a0c6-e1477b4e10c3: start LeaderState
2019-10-19 00:48:20,733 [grpc-default-executor-0] INFO  impl.RaftServerProxy (RaftServerProxy.java:addNew(89)) - 67511f02-1a53-40d3-ad7c-17f75ce9e42c: addNew group-2D37690CCE3D:[67511f02-1a53-40d3-ad7c-17f75ce9e42c:192.168.157.213:45560] returns group-2D37690CCE3D:java.util.concurrent.CompletableFuture@4ce10145[Not completed]
2019-10-19 00:48:20,734 [pool-37-thread-1] INFO  impl.RaftServerImpl (RaftServerImpl.java:<init>(104)) - 67511f02-1a53-40d3-ad7c-17f75ce9e42c: new RaftServerImpl for group-2D37690CCE3D:[67511f02-1a53-40d3-ad7c-17f75ce9e42c:192.168.157.213:45560] with ContainerStateMachine:uninitialized
2019-10-19 00:48:20,735 [pool-37-thread-1] INFO  server.RaftServerConfigKeys (ConfUtils.java:logGet(43)) - raft.server.rpc.timeout.min = 5s (custom)
2019-10-19 00:48:20,735 [pool-37-thread-1] INFO  server.RaftServerConfigKeys (ConfUtils.java:logGet(43)) - raft.server.rpc.timeout.max = 5200ms (custom)
2019-10-19 00:48:20,735 [pool-37-thread-1] INFO  server.RaftServerConfigKeys (ConfUtils.java:logGet(43)) - raft.server.rpcslowness.timeout = 1000s (custom)
2019-10-19 00:48:20,735 [pool-37-thread-1] INFO  server.RaftServerConfigKeys (ConfUtils.java:logGet(43)) - raft.server.sleep.deviation.threshold = 300 (default)
2019-10-19 00:48:20,736 [pool-37-thread-1] INFO  server.RaftServerConfigKeys (ConfUtils.java:logGet(43)) - raft.server.log.appender.install.snapshot.enabled = false (custom)
2019-10-19 00:48:20,736 [pool-37-thread-1] INFO  impl.RaftServerImpl (ServerState.java:<init>(103)) - 67511f02-1a53-40d3-ad7c-17f75ce9e42c@group-2D37690CCE3D: ConfigurationManager, init=-1: [67511f02-1a53-40d3-ad7c-17f75ce9e42c:192.168.157.213:45560], old=null, confs=<EMPTY_MAP>
2019-10-19 00:48:20,736 [pool-37-thread-1] INFO  server.RaftServerConfigKeys (ConfUtils.java:logGet(43)) - raft.server.storage.dir = [/workdir/hadoop-ozone/integration-test/target/test-dir/MiniOzoneClusterImpl-c55fde14-2fcc-439a-a3ad-d31aeefdbace/datanode-1/data/ratis] (custom)
2019-10-19 00:48:20,736 [pool-37-thread-1] INFO  server.RaftServerConfigKeys (ConfUtils.java:logGet(43)) - raft.server.log.corruption.policy = EXCEPTION (default)
2019-10-19 00:48:20,736 [pool-37-thread-1] INFO  storage.RaftStorageDirectory (RaftStorageDirectory.java:analyzeStorage(246)) - The storage directory /workdir/hadoop-ozone/integration-test/target/test-dir/MiniOzoneClusterImpl-c55fde14-2fcc-439a-a3ad-d31aeefdbace/datanode-1/data/ratis/11865110-539d-4938-b811-2d37690cce3d does not exist. Creating ...
2019-10-19 00:48:20,738 [Thread-190] INFO  impl.FollowerState (FollowerState.java:run(108)) - aac91d0e-90b3-4924-955b-30866d4fff78@group-6EA1469C2611-FollowerState: change to CANDIDATE, lastRpcTime:61ms, electionTimeout:61ms
2019-10-19 00:48:20,739 [Thread-190] INFO  impl.RoleInfo (RoleInfo.java:shutdownFollowerState(121)) - aac91d0e-90b3-4924-955b-30866d4fff78: shutdown FollowerState
2019-10-19 00:48:20,739 [Thread-190] INFO  impl.RaftServerImpl (RaftServerImpl.java:setRole(184)) - aac91d0e-90b3-4924-955b-30866d4fff78@group-6EA1469C2611: changes role from  FOLLOWER to CANDIDATE at term 0 for changeToCandidate
2019-10-19 00:48:20,739 [Thread-190] INFO  impl.RoleInfo (RoleInfo.java:updateAndGet(143)) - aac91d0e-90b3-4924-955b-30866d4fff78: start LeaderElection
2019-10-19 00:48:20,742 [b6ed77c0-0909-418c-a0c6-e1477b4e10c3@group-FDB8B7943A93-LeaderElection1] INFO  segmented.SegmentedRaftLogWorker (SegmentedRaftLogWorker.java:startLogSegment(385)) - b6ed77c0-0909-418c-a0c6-e1477b4e10c3@group-FDB8B7943A93-SegmentedRaftLogWorker: Starting segment from index:0
2019-10-19 00:48:20,750 [b6ed77c0-0909-418c-a0c6-e1477b4e10c3@group-FDB8B7943A93-LeaderElection1] INFO  impl.RaftServerImpl (ServerState.java:setRaftConf(357)) - b6ed77c0-0909-418c-a0c6-e1477b4e10c3@group-FDB8B7943A93: set configuration 0: [b6ed77c0-0909-418c-a0c6-e1477b4e10c3:192.168.157.213:33232], old=null at 0
2019-10-19 00:48:20,750 [pool-37-thread-1] INFO  storage.RaftStorageDirectory (RaftStorageDirectory.java:tryLock(328)) - Lock on /workdir/hadoop-ozone/integration-test/target/test-dir/MiniOzoneClusterImpl-c55fde14-2fcc-439a-a3ad-d31aeefdbace/datanode-1/data/ratis/11865110-539d-4938-b811-2d37690cce3d/in_use.lock acquired by nodename 25791@pr-hdds-2333-xd9jc-2947872914
2019-10-19 00:48:20,750 [aac91d0e-90b3-4924-955b-30866d4fff78@group-6EA1469C2611-LeaderElection2] INFO  impl.LeaderElection (LeaderElection.java:askForVotes(178)) - aac91d0e-90b3-4924-955b-30866d4fff78@group-6EA1469C2611-LeaderElection2: begin an election at term 1 for -1: [aac91d0e-90b3-4924-955b-30866d4fff78:192.168.157.213:41659], old=null
2019-10-19 00:48:20,751 [aac91d0e-90b3-4924-955b-30866d4fff78@group-6EA1469C2611-LeaderElection2] INFO  impl.RoleInfo (RoleInfo.java:shutdownLeaderElection(134)) - aac91d0e-90b3-4924-955b-30866d4fff78: shutdown LeaderElection
2019-10-19 00:48:20,751 [aac91d0e-90b3-4924-955b-30866d4fff78@group-6EA1469C2611-LeaderElection2] INFO  impl.RaftServerImpl (RaftServerImpl.java:setRole(184)) - aac91d0e-90b3-4924-955b-30866d4fff78@group-6EA1469C2611: changes role from CANDIDATE to LEADER at term 1 for changeToLeader
2019-10-19 00:48:20,751 [aac91d0e-90b3-4924-955b-30866d4fff78@group-6EA1469C2611-LeaderElection2] INFO  impl.RaftServerImpl (ServerState.java:setLeader(256)) - aac91d0e-90b3-4924-955b-30866d4fff78@group-6EA1469C2611: change Leader from null to aac91d0e-90b3-4924-955b-30866d4fff78 at term 1 for becomeLeader, leader elected after 99ms
2019-10-19 00:48:20,751 [aac91d0e-90b3-4924-955b-30866d4fff78@group-6EA1469C2611-LeaderElection2] INFO  server.RaftServerConfigKeys (ConfUtils.java:logGet(43)) - raft.server.staging.catchup.gap = 1000 (default)
2019-10-19 00:48:20,751 [aac91d0e-90b3-4924-955b-30866d4fff78@group-6EA1469C2611-LeaderElection2] INFO  server.RaftServerConfigKeys (ConfUtils.java:logGet(43)) - raft.server.rpc.sleep.time = 25ms (default)
2019-10-19 00:48:20,751 [aac91d0e-90b3-4924-955b-30866d4fff78@group-6EA1469C2611-LeaderElection2] INFO  server.RaftServerConfigKeys (ConfUtils.java:logGet(43)) - raft.server.write.element-limit = 4096 (default)
2019-10-19 00:48:20,752 [aac91d0e-90b3-4924-955b-30866d4fff78@group-6EA1469C2611-LeaderElection2] INFO  server.RaftServerConfigKeys (ConfUtils.java:logGet(43)) - raft.server.watch.timeout = 10s (default)
2019-10-19 00:48:20,752 [aac91d0e-90b3-4924-955b-30866d4fff78@group-6EA1469C2611-LeaderElection2] INFO  server.RaftServerConfigKeys (ConfUtils.java:logGet(43)) - raft.server.watch.timeout.denomination = 1s (default)
2019-10-19 00:48:20,752 [aac91d0e-90b3-4924-955b-30866d4fff78@group-6EA1469C2611-LeaderElection2] INFO  server.RaftServerConfigKeys (ConfUtils.java:logGet(43)) - raft.server.watch.element-limit = 65536 (default)
2019-10-19 00:48:20,755 [aac91d0e-90b3-4924-955b-30866d4fff78@group-6EA1469C2611-LeaderElection2] INFO  impl.RoleInfo (RoleInfo.java:updateAndGet(143)) - aac91d0e-90b3-4924-955b-30866d4fff78: start LeaderState
2019-10-19 00:48:20,755 [aac91d0e-90b3-4924-955b-30866d4fff78@group-6EA1469C2611-LeaderElection2] INFO  segmented.SegmentedRaftLogWorker (SegmentedRaftLogWorker.java:startLogSegment(385)) - aac91d0e-90b3-4924-955b-30866d4fff78@group-6EA1469C2611-SegmentedRaftLogWorker: Starting segment from index:0
2019-10-19 00:48:20,756 [aac91d0e-90b3-4924-955b-30866d4fff78@group-6EA1469C2611-LeaderElection2] INFO  impl.RaftServerImpl (ServerState.java:setRaftConf(357)) - aac91d0e-90b3-4924-955b-30866d4fff78@group-6EA1469C2611: set configuration 0: [aac91d0e-90b3-4924-955b-30866d4fff78:192.168.157.213:41659], old=null at 0
2019-10-19 00:48:20,763 [pool-37-thread-1] INFO  storage.RaftStorage (RaftStorage.java:format(84)) - Storage directory /workdir/hadoop-ozone/integration-test/target/test-dir/MiniOzoneClusterImpl-c55fde14-2fcc-439a-a3ad-d31aeefdbace/datanode-1/data/ratis/11865110-539d-4938-b811-2d37690cce3d has been successfully formatted.
2019-10-19 00:48:20,763 [pool-37-thread-1] INFO  ratis.ContainerStateMachine (ContainerStateMachine.java:loadSnapshot(231)) - group-2D37690CCE3D: The snapshot info is null. Setting the last applied indexto:(t:0, i:~)
2019-10-19 00:48:20,763 [pool-37-thread-1] INFO  server.RaftServerConfigKeys (ConfUtils.java:logGet(43)) - raft.server.notification.no-leader.timeout = 1000s (custom)
2019-10-19 00:48:20,763 [pool-37-thread-1] INFO  server.RaftServerConfigKeys (ConfUtils.java:logGet(43)) - raft.server.log.use.memory = false (default)
2019-10-19 00:48:20,763 [pool-37-thread-1] INFO  server.RaftServerConfigKeys (ConfUtils.java:logGet(43)) - raft.server.log.purge.gap = 1000000 (custom)
2019-10-19 00:48:20,763 [pool-37-thread-1] INFO  server.RaftServerConfigKeys (ConfUtils.java:logGet(43)) - raft.server.log.appender.buffer.byte-limit = 33554432 (custom)
2019-10-19 00:48:20,764 [pool-37-thread-1] INFO  server.RaftServerConfigKeys (ConfUtils.java:logGet(43)) - raft.server.log.segment.size.max = 1048576 (custom)
2019-10-19 00:48:20,766 [pool-37-thread-1] INFO  server.RaftServerConfigKeys (ConfUtils.java:logGet(43)) - raft.server.log.segment.cache.num.max = 2 (custom)
2019-10-19 00:48:20,766 [pool-37-thread-1] INFO  segmented.SegmentedRaftLogWorker (SegmentedRaftLogWorker.java:<init>(173)) - new 67511f02-1a53-40d3-ad7c-17f75ce9e42c@group-2D37690CCE3D-SegmentedRaftLogWorker for RaftStorage:Storage Directory /workdir/hadoop-ozone/integration-test/target/test-dir/MiniOzoneClusterImpl-c55fde14-2fcc-439a-a3ad-d31aeefdbace/datanode-1/data/ratis/11865110-539d-4938-b811-2d37690cce3d
2019-10-19 00:48:20,766 [pool-37-thread-1] INFO  server.RaftServerConfigKeys (ConfUtils.java:logGet(43)) - raft.server.log.queue.byte-limit = 2147483647 (custom)
2019-10-19 00:48:20,767 [pool-37-thread-1] INFO  server.RaftServerConfigKeys (ConfUtils.java:logGet(43)) - raft.server.log.queue.element-limit = 1024 (custom)
2019-10-19 00:48:20,767 [pool-37-thread-1] INFO  server.RaftServerConfigKeys (ConfUtils.java:logGet(43)) - raft.server.log.segment.size.max = 1048576 (custom)
2019-10-19 00:48:20,767 [pool-37-thread-1] INFO  server.RaftServerConfigKeys (ConfUtils.java:logGet(43)) - raft.server.log.preallocated.size = 16384 (custom)
2019-10-19 00:48:20,767 [pool-37-thread-1] INFO  server.RaftServerConfigKeys (ConfUtils.java:logGet(43)) - raft.server.log.write.buffer.size = 33554432 (custom)
2019-10-19 00:48:20,767 [pool-37-thread-1] INFO  server.RaftServerConfigKeys (ConfUtils.java:logGet(43)) - raft.server.log.force.sync.num = 128 (default)
2019-10-19 00:48:20,767 [pool-37-thread-1] INFO  server.RaftServerConfigKeys (ConfUtils.java:logGet(43)) - raft.server.log.statemachine.data.sync = true (default)
2019-10-19 00:48:20,767 [pool-37-thread-1] INFO  server.RaftServerConfigKeys (ConfUtils.java:logGet(43)) - raft.server.log.statemachine.data.sync.timeout = 10s (default)
2019-10-19 00:48:20,767 [pool-37-thread-1] INFO  server.RaftServerConfigKeys (ConfUtils.java:logGet(43)) - raft.server.log.statemachine.data.sync.timeout.retry = -1 (default)
2019-10-19 00:48:20,768 [pool-37-thread-1] INFO  server.RaftServerConfigKeys (ConfUtils.java:logGet(43)) - raft.server.log.statemachine.data.caching.enabled = true (custom)
2019-10-19 00:48:20,768 [pool-37-thread-1] INFO  segmented.SegmentedRaftLogWorker (SegmentedRaftLogWorker.java:lambda$new$0(128)) - 67511f02-1a53-40d3-ad7c-17f75ce9e42c@group-2D37690CCE3D-SegmentedRaftLogWorker: flushIndex: setUnconditionally 0 -> -1
2019-10-19 00:48:20,768 [pool-37-thread-1] INFO  server.RaftServerConfigKeys (ConfUtils.java:logGet(43)) - raft.server.snapshot.auto.trigger.enabled = true (custom)
2019-10-19 00:48:20,769 [pool-37-thread-1] INFO  server.RaftServerConfigKeys (ConfUtils.java:logGet(43)) - raft.server.snapshot.auto.trigger.threshold = 10000 (custom)
2019-10-19 00:48:20,769 [pool-37-thread-1] INFO  server.RaftServerConfigKeys (ConfUtils.java:logGet(43)) - raft.server.snapshot.retention.file.num = 5 (custom)
2019-10-19 00:48:20,769 [pool-37-thread-1] INFO  server.RaftServerConfigKeys (ConfUtils.java:logGet(43)) - raft.server.retrycache.expirytime = 600000ms (custom)
2019-10-19 00:48:20,774 [pool-37-thread-1] INFO  impl.RaftServerImpl (RaftServerImpl.java:start(195)) - 67511f02-1a53-40d3-ad7c-17f75ce9e42c@group-2D37690CCE3D: start as a follower, conf=-1: [67511f02-1a53-40d3-ad7c-17f75ce9e42c:192.168.157.213:45560], old=null
2019-10-19 00:48:20,774 [pool-37-thread-1] INFO  impl.RaftServerImpl (RaftServerImpl.java:setRole(184)) - 67511f02-1a53-40d3-ad7c-17f75ce9e42c@group-2D37690CCE3D: changes role from      null to FOLLOWER at term 0 for startAsFollower
2019-10-19 00:48:20,774 [pool-37-thread-1] INFO  impl.RoleInfo (RoleInfo.java:updateAndGet(143)) - 67511f02-1a53-40d3-ad7c-17f75ce9e42c: start FollowerState
2019-10-19 00:48:20,774 [pool-37-thread-1] INFO  util.JmxRegister (JmxRegister.java:tryRegister(44)) - Successfully registered JMX Bean with object name Ratis:service=RaftServer,group=group-2D37690CCE3D,id=67511f02-1a53-40d3-ad7c-17f75ce9e42c
2019-10-19 00:48:20,786 [RatisPipelineUtilsThread] INFO  pipeline.PipelineStateManager (PipelineStateManager.java:addPipeline(56)) - Created pipeline Pipeline[ Id: 11865110-539d-4938-b811-2d37690cce3d, Nodes: 67511f02-1a53-40d3-ad7c-17f75ce9e42c{ip: 192.168.157.213, host: pr-hdds-2333-xd9jc-2947872914, networkLocation: /default-rack, certSerialId: null}, Type:RATIS, Factor:ONE, State:OPEN]
2019-10-19 00:48:20,794 [Thread-196] INFO  impl.FollowerState (FollowerState.java:run(108)) - 67511f02-1a53-40d3-ad7c-17f75ce9e42c@group-2D37690CCE3D-FollowerState: change to CANDIDATE, lastRpcTime:19ms, electionTimeout:19ms
2019-10-19 00:48:20,794 [Thread-196] INFO  impl.RoleInfo (RoleInfo.java:shutdownFollowerState(121)) - 67511f02-1a53-40d3-ad7c-17f75ce9e42c: shutdown FollowerState
2019-10-19 00:48:20,795 [Thread-196] INFO  impl.RaftServerImpl (RaftServerImpl.java:setRole(184)) - 67511f02-1a53-40d3-ad7c-17f75ce9e42c@group-2D37690CCE3D: changes role from  FOLLOWER to CANDIDATE at term 0 for changeToCandidate
2019-10-19 00:48:20,795 [Thread-196] INFO  impl.RoleInfo (RoleInfo.java:updateAndGet(143)) - 67511f02-1a53-40d3-ad7c-17f75ce9e42c: start LeaderElection
2019-10-19 00:48:20,811 [grpc-default-executor-2] INFO  impl.RaftServerProxy (RaftServerProxy.java:addNew(89)) - aac91d0e-90b3-4924-955b-30866d4fff78: addNew group-2DDA05B3685C:[67511f02-1a53-40d3-ad7c-17f75ce9e42c:192.168.157.213:45560, aac91d0e-90b3-4924-955b-30866d4fff78:192.168.157.213:41659, b6ed77c0-0909-418c-a0c6-e1477b4e10c3:192.168.157.213:33232] returns group-2DDA05B3685C:java.util.concurrent.CompletableFuture@258d6fd8[Not completed]
2019-10-19 00:48:20,811 [grpc-default-executor-1] INFO  impl.RaftServerProxy (RaftServerProxy.java:addNew(89)) - b6ed77c0-0909-418c-a0c6-e1477b4e10c3: addNew group-2DDA05B3685C:[67511f02-1a53-40d3-ad7c-17f75ce9e42c:192.168.157.213:45560, aac91d0e-90b3-4924-955b-30866d4fff78:192.168.157.213:41659, b6ed77c0-0909-418c-a0c6-e1477b4e10c3:192.168.157.213:33232] returns group-2DDA05B3685C:java.util.concurrent.CompletableFuture@59ec602e[Not completed]
2019-10-19 00:48:20,811 [grpc-default-executor-0] INFO  impl.RaftServerProxy (RaftServerProxy.java:addNew(89)) - 67511f02-1a53-40d3-ad7c-17f75ce9e42c: addNew group-2DDA05B3685C:[67511f02-1a53-40d3-ad7c-17f75ce9e42c:192.168.157.213:45560, aac91d0e-90b3-4924-955b-30866d4fff78:192.168.157.213:41659, b6ed77c0-0909-418c-a0c6-e1477b4e10c3:192.168.157.213:33232] returns group-2DDA05B3685C:java.util.concurrent.CompletableFuture@1697d764[Not completed]
2019-10-19 00:48:20,812 [67511f02-1a53-40d3-ad7c-17f75ce9e42c@group-2D37690CCE3D-LeaderElection3] INFO  impl.LeaderElection (LeaderElection.java:askForVotes(178)) - 67511f02-1a53-40d3-ad7c-17f75ce9e42c@group-2D37690CCE3D-LeaderElection3: begin an election at term 1 for -1: [67511f02-1a53-40d3-ad7c-17f75ce9e42c:192.168.157.213:45560], old=null
2019-10-19 00:48:20,812 [67511f02-1a53-40d3-ad7c-17f75ce9e42c@group-2D37690CCE3D-LeaderElection3] INFO  impl.RoleInfo (RoleInfo.java:shutdownLeaderElection(134)) - 67511f02-1a53-40d3-ad7c-17f75ce9e42c: shutdown LeaderElection
2019-10-19 00:48:20,812 [67511f02-1a53-40d3-ad7c-17f75ce9e42c@group-2D37690CCE3D-LeaderElection3] INFO  impl.RaftServerImpl (RaftServerImpl.java:setRole(184)) - 67511f02-1a53-40d3-ad7c-17f75ce9e42c@group-2D37690CCE3D: changes role from CANDIDATE to LEADER at term 1 for changeToLeader
2019-10-19 00:48:20,812 [67511f02-1a53-40d3-ad7c-17f75ce9e42c@group-2D37690CCE3D-LeaderElection3] INFO  impl.RaftServerImpl (ServerState.java:setLeader(256)) - 67511f02-1a53-40d3-ad7c-17f75ce9e42c@group-2D37690CCE3D: change Leader from null to 67511f02-1a53-40d3-ad7c-17f75ce9e42c at term 1 for becomeLeader, leader elected after 48ms
2019-10-19 00:48:20,812 [67511f02-1a53-40d3-ad7c-17f75ce9e42c@group-2D37690CCE3D-LeaderElection3] INFO  server.RaftServerConfigKeys (ConfUtils.java:logGet(43)) - raft.server.staging.catchup.gap = 1000 (default)
2019-10-19 00:48:20,812 [67511f02-1a53-40d3-ad7c-17f75ce9e42c@group-2D37690CCE3D-LeaderElection3] INFO  server.RaftServerConfigKeys (ConfUtils.java:logGet(43)) - raft.server.rpc.sleep.time = 25ms (default)
2019-10-19 00:48:20,812 [pool-47-thread-1] INFO  impl.RaftServerImpl (RaftServerImpl.java:<init>(104)) - aac91d0e-90b3-4924-955b-30866d4fff78: new RaftServerImpl for group-2DDA05B3685C:[67511f02-1a53-40d3-ad7c-17f75ce9e42c:192.168.157.213:45560, aac91d0e-90b3-4924-955b-30866d4fff78:192.168.157.213:41659, b6ed77c0-0909-418c-a0c6-e1477b4e10c3:192.168.157.213:33232] with ContainerStateMachine:uninitialized
2019-10-19 00:48:20,812 [67511f02-1a53-40d3-ad7c-17f75ce9e42c@group-2D37690CCE3D-LeaderElection3] INFO  server.RaftServerConfigKeys (ConfUtils.java:logGet(43)) - raft.server.write.element-limit = 4096 (default)
2019-10-19 00:48:20,813 [pool-47-thread-1] INFO  server.RaftServerConfigKeys (ConfUtils.java:logGet(43)) - raft.server.rpc.timeout.min = 5s (custom)
2019-10-19 00:48:20,813 [67511f02-1a53-40d3-ad7c-17f75ce9e42c@group-2D37690CCE3D-LeaderElection3] INFO  server.RaftServerConfigKeys (ConfUtils.java:logGet(43)) - raft.server.watch.timeout = 10s (default)
2019-10-19 00:48:20,813 [pool-47-thread-1] INFO  server.RaftServerConfigKeys (ConfUtils.java:logGet(43)) - raft.server.rpc.timeout.max = 5200ms (custom)
2019-10-19 00:48:20,813 [67511f02-1a53-40d3-ad7c-17f75ce9e42c@group-2D37690CCE3D-LeaderElection3] INFO  server.RaftServerConfigKeys (ConfUtils.java:logGet(43)) - raft.server.watch.timeout.denomination = 1s (default)
2019-10-19 00:48:20,813 [pool-47-thread-1] INFO  server.RaftServerConfigKeys (ConfUtils.java:logGet(43)) - raft.server.rpcslowness.timeout = 1000s (custom)
2019-10-19 00:48:20,813 [67511f02-1a53-40d3-ad7c-17f75ce9e42c@group-2D37690CCE3D-LeaderElection3] INFO  server.RaftServerConfigKeys (ConfUtils.java:logGet(43)) - raft.server.watch.element-limit = 65536 (default)
2019-10-19 00:48:20,813 [pool-47-thread-1] INFO  server.RaftServerConfigKeys (ConfUtils.java:logGet(43)) - raft.server.sleep.deviation.threshold = 300 (default)
2019-10-19 00:48:20,813 [pool-47-thread-1] INFO  server.RaftServerConfigKeys (ConfUtils.java:logGet(43)) - raft.server.log.appender.install.snapshot.enabled = false (custom)
2019-10-19 00:48:20,813 [pool-37-thread-1] INFO  impl.RaftServerImpl (RaftServerImpl.java:<init>(104)) - 67511f02-1a53-40d3-ad7c-17f75ce9e42c: new RaftServerImpl for group-2DDA05B3685C:[67511f02-1a53-40d3-ad7c-17f75ce9e42c:192.168.157.213:45560, aac91d0e-90b3-4924-955b-30866d4fff78:192.168.157.213:41659, b6ed77c0-0909-418c-a0c6-e1477b4e10c3:192.168.157.213:33232] with ContainerStateMachine:uninitialized
2019-10-19 00:48:20,813 [pool-47-thread-1] INFO  impl.RaftServerImpl (ServerState.java:<init>(103)) - aac91d0e-90b3-4924-955b-30866d4fff78@group-2DDA05B3685C: ConfigurationManager, init=-1: [67511f02-1a53-40d3-ad7c-17f75ce9e42c:192.168.157.213:45560, aac91d0e-90b3-4924-955b-30866d4fff78:192.168.157.213:41659, b6ed77c0-0909-418c-a0c6-e1477b4e10c3:192.168.157.213:33232], old=null, confs=<EMPTY_MAP>
2019-10-19 00:48:20,813 [pool-37-thread-1] INFO  server.RaftServerConfigKeys (ConfUtils.java:logGet(43)) - raft.server.rpc.timeout.min = 5s (custom)
2019-10-19 00:48:20,814 [pool-47-thread-1] INFO  server.RaftServerConfigKeys (ConfUtils.java:logGet(43)) - raft.server.storage.dir = [/workdir/hadoop-ozone/integration-test/target/test-dir/MiniOzoneClusterImpl-c55fde14-2fcc-439a-a3ad-d31aeefdbace/datanode-2/data/ratis] (custom)
2019-10-19 00:48:20,814 [pool-37-thread-1] INFO  server.RaftServerConfigKeys (ConfUtils.java:logGet(43)) - raft.server.rpc.timeout.max = 5200ms (custom)
2019-10-19 00:48:20,814 [pool-37-thread-1] INFO  server.RaftServerConfigKeys (ConfUtils.java:logGet(43)) - raft.server.rpcslowness.timeout = 1000s (custom)
2019-10-19 00:48:20,814 [pool-47-thread-1] INFO  server.RaftServerConfigKeys (ConfUtils.java:logGet(43)) - raft.server.log.corruption.policy = EXCEPTION (default)
2019-10-19 00:48:20,814 [pool-37-thread-1] INFO  server.RaftServerConfigKeys (ConfUtils.java:logGet(43)) - raft.server.sleep.deviation.threshold = 300 (default)
2019-10-19 00:48:20,814 [pool-47-thread-1] INFO  storage.RaftStorageDirectory (RaftStorageDirectory.java:analyzeStorage(246)) - The storage directory /workdir/hadoop-ozone/integration-test/target/test-dir/MiniOzoneClusterImpl-c55fde14-2fcc-439a-a3ad-d31aeefdbace/datanode-2/data/ratis/2739136e-9e24-467a-9fde-2dda05b3685c does not exist. Creating ...
2019-10-19 00:48:20,814 [pool-37-thread-1] INFO  server.RaftServerConfigKeys (ConfUtils.java:logGet(43)) - raft.server.log.appender.install.snapshot.enabled = false (custom)
2019-10-19 00:48:20,814 [pool-37-thread-1] INFO  impl.RaftServerImpl (ServerState.java:<init>(103)) - 67511f02-1a53-40d3-ad7c-17f75ce9e42c@group-2DDA05B3685C: ConfigurationManager, init=-1: [67511f02-1a53-40d3-ad7c-17f75ce9e42c:192.168.157.213:45560, aac91d0e-90b3-4924-955b-30866d4fff78:192.168.157.213:41659, b6ed77c0-0909-418c-a0c6-e1477b4e10c3:192.168.157.213:33232], old=null, confs=<EMPTY_MAP>
2019-10-19 00:48:20,814 [pool-27-thread-1] INFO  impl.RaftServerImpl (RaftServerImpl.java:<init>(104)) - b6ed77c0-0909-418c-a0c6-e1477b4e10c3: new RaftServerImpl for group-2DDA05B3685C:[67511f02-1a53-40d3-ad7c-17f75ce9e42c:192.168.157.213:45560, aac91d0e-90b3-4924-955b-30866d4fff78:192.168.157.213:41659, b6ed77c0-0909-418c-a0c6-e1477b4e10c3:192.168.157.213:33232] with ContainerStateMachine:uninitialized
2019-10-19 00:48:20,814 [pool-37-thread-1] INFO  server.RaftServerConfigKeys (ConfUtils.java:logGet(43)) - raft.server.storage.dir = [/workdir/hadoop-ozone/integration-test/target/test-dir/MiniOzoneClusterImpl-c55fde14-2fcc-439a-a3ad-d31aeefdbace/datanode-1/data/ratis] (custom)
2019-10-19 00:48:20,815 [pool-27-thread-1] INFO  server.RaftServerConfigKeys (ConfUtils.java:logGet(43)) - raft.server.rpc.timeout.min = 5s (custom)
2019-10-19 00:48:20,815 [pool-37-thread-1] INFO  server.RaftServerConfigKeys (ConfUtils.java:logGet(43)) - raft.server.log.corruption.policy = EXCEPTION (default)
2019-10-19 00:48:20,815 [pool-27-thread-1] INFO  server.RaftServerConfigKeys (ConfUtils.java:logGet(43)) - raft.server.rpc.timeout.max = 5200ms (custom)
2019-10-19 00:48:20,815 [pool-37-thread-1] INFO  storage.RaftStorageDirectory (RaftStorageDirectory.java:analyzeStorage(246)) - The storage directory /workdir/hadoop-ozone/integration-test/target/test-dir/MiniOzoneClusterImpl-c55fde14-2fcc-439a-a3ad-d31aeefdbace/datanode-1/data/ratis/2739136e-9e24-467a-9fde-2dda05b3685c does not exist. Creating ...
2019-10-19 00:48:20,815 [pool-27-thread-1] INFO  server.RaftServerConfigKeys (ConfUtils.java:logGet(43)) - raft.server.rpcslowness.timeout = 1000s (custom)
2019-10-19 00:48:20,815 [pool-27-thread-1] INFO  server.RaftServerConfigKeys (ConfUtils.java:logGet(43)) - raft.server.sleep.deviation.threshold = 300 (default)
2019-10-19 00:48:20,815 [pool-27-thread-1] INFO  server.RaftServerConfigKeys (ConfUtils.java:logGet(43)) - raft.server.log.appender.install.snapshot.enabled = false (custom)
2019-10-19 00:48:20,815 [pool-27-thread-1] INFO  impl.RaftServerImpl (ServerState.java:<init>(103)) - b6ed77c0-0909-418c-a0c6-e1477b4e10c3@group-2DDA05B3685C: ConfigurationManager, init=-1: [67511f02-1a53-40d3-ad7c-17f75ce9e42c:192.168.157.213:45560, aac91d0e-90b3-4924-955b-30866d4fff78:192.168.157.213:41659, b6ed77c0-0909-418c-a0c6-e1477b4e10c3:192.168.157.213:33232], old=null, confs=<EMPTY_MAP>
2019-10-19 00:48:20,816 [67511f02-1a53-40d3-ad7c-17f75ce9e42c@group-2D37690CCE3D-LeaderElection3] INFO  impl.RoleInfo (RoleInfo.java:updateAndGet(143)) - 67511f02-1a53-40d3-ad7c-17f75ce9e42c: start LeaderState
2019-10-19 00:48:20,816 [pool-27-thread-1] INFO  server.RaftServerConfigKeys (ConfUtils.java:logGet(43)) - raft.server.storage.dir = [/workdir/hadoop-ozone/integration-test/target/test-dir/MiniOzoneClusterImpl-c55fde14-2fcc-439a-a3ad-d31aeefdbace/datanode-0/data/ratis] (custom)
2019-10-19 00:48:20,816 [67511f02-1a53-40d3-ad7c-17f75ce9e42c@group-2D37690CCE3D-LeaderElection3] INFO  segmented.SegmentedRaftLogWorker (SegmentedRaftLogWorker.java:startLogSegment(385)) - 67511f02-1a53-40d3-ad7c-17f75ce9e42c@group-2D37690CCE3D-SegmentedRaftLogWorker: Starting segment from index:0
2019-10-19 00:48:20,816 [pool-27-thread-1] INFO  server.RaftServerConfigKeys (ConfUtils.java:logGet(43)) - raft.server.log.corruption.policy = EXCEPTION (default)
2019-10-19 00:48:20,816 [67511f02-1a53-40d3-ad7c-17f75ce9e42c@group-2D37690CCE3D-LeaderElection3] INFO  impl.RaftServerImpl (ServerState.java:setRaftConf(357)) - 67511f02-1a53-40d3-ad7c-17f75ce9e42c@group-2D37690CCE3D: set configuration 0: [67511f02-1a53-40d3-ad7c-17f75ce9e42c:192.168.157.213:45560], old=null at 0
2019-10-19 00:48:20,816 [pool-27-thread-1] INFO  storage.RaftStorageDirectory (RaftStorageDirectory.java:analyzeStorage(246)) - The storage directory /workdir/hadoop-ozone/integration-test/target/test-dir/MiniOzoneClusterImpl-c55fde14-2fcc-439a-a3ad-d31aeefdbace/datanode-0/data/ratis/2739136e-9e24-467a-9fde-2dda05b3685c does not exist. Creating ...
2019-10-19 00:48:20,827 [pool-27-thread-1] INFO  storage.RaftStorageDirectory (RaftStorageDirectory.java:tryLock(328)) - Lock on /workdir/hadoop-ozone/integration-test/target/test-dir/MiniOzoneClusterImpl-c55fde14-2fcc-439a-a3ad-d31aeefdbace/datanode-0/data/ratis/2739136e-9e24-467a-9fde-2dda05b3685c/in_use.lock acquired by nodename 25791@pr-hdds-2333-xd9jc-2947872914
2019-10-19 00:48:20,827 [pool-37-thread-1] INFO  storage.RaftStorageDirectory (RaftStorageDirectory.java:tryLock(328)) - Lock on /workdir/hadoop-ozone/integration-test/target/test-dir/MiniOzoneClusterImpl-c55fde14-2fcc-439a-a3ad-d31aeefdbace/datanode-1/data/ratis/2739136e-9e24-467a-9fde-2dda05b3685c/in_use.lock acquired by nodename 25791@pr-hdds-2333-xd9jc-2947872914
2019-10-19 00:48:20,827 [pool-47-thread-1] INFO  storage.RaftStorageDirectory (RaftStorageDirectory.java:tryLock(328)) - Lock on /workdir/hadoop-ozone/integration-test/target/test-dir/MiniOzoneClusterImpl-c55fde14-2fcc-439a-a3ad-d31aeefdbace/datanode-2/data/ratis/2739136e-9e24-467a-9fde-2dda05b3685c/in_use.lock acquired by nodename 25791@pr-hdds-2333-xd9jc-2947872914
2019-10-19 00:48:20,841 [pool-27-thread-1] INFO  storage.RaftStorage (RaftStorage.java:format(84)) - Storage directory /workdir/hadoop-ozone/integration-test/target/test-dir/MiniOzoneClusterImpl-c55fde14-2fcc-439a-a3ad-d31aeefdbace/datanode-0/data/ratis/2739136e-9e24-467a-9fde-2dda05b3685c has been successfully formatted.
2019-10-19 00:48:20,841 [pool-47-thread-1] INFO  storage.RaftStorage (RaftStorage.java:format(84)) - Storage directory /workdir/hadoop-ozone/integration-test/target/test-dir/MiniOzoneClusterImpl-c55fde14-2fcc-439a-a3ad-d31aeefdbace/datanode-2/data/ratis/2739136e-9e24-467a-9fde-2dda05b3685c has been successfully formatted.
2019-10-19 00:48:20,841 [pool-27-thread-1] INFO  ratis.ContainerStateMachine (ContainerStateMachine.java:loadSnapshot(231)) - group-2DDA05B3685C: The snapshot info is null. Setting the last applied indexto:(t:0, i:~)
2019-10-19 00:48:20,841 [pool-37-thread-1] INFO  storage.RaftStorage (RaftStorage.java:format(84)) - Storage directory /workdir/hadoop-ozone/integration-test/target/test-dir/MiniOzoneClusterImpl-c55fde14-2fcc-439a-a3ad-d31aeefdbace/datanode-1/data/ratis/2739136e-9e24-467a-9fde-2dda05b3685c has been successfully formatted.
2019-10-19 00:48:20,841 [pool-27-thread-1] INFO  server.RaftServerConfigKeys (ConfUtils.java:logGet(43)) - raft.server.notification.no-leader.timeout = 1000s (custom)
2019-10-19 00:48:20,841 [pool-47-thread-1] INFO  ratis.ContainerStateMachine (ContainerStateMachine.java:loadSnapshot(231)) - group-2DDA05B3685C: The snapshot info is null. Setting the last applied indexto:(t:0, i:~)
2019-10-19 00:48:20,841 [pool-37-thread-1] INFO  ratis.ContainerStateMachine (ContainerStateMachine.java:loadSnapshot(231)) - group-2DDA05B3685C: The snapshot info is null. Setting the last applied indexto:(t:0, i:~)
2019-10-19 00:48:20,841 [pool-27-thread-1] INFO  server.RaftServerConfigKeys (ConfUtils.java:logGet(43)) - raft.server.log.use.memory = false (default)
2019-10-19 00:48:20,842 [pool-37-thread-1] INFO  server.RaftServerConfigKeys (ConfUtils.java:logGet(43)) - raft.server.notification.no-leader.timeout = 1000s (custom)
2019-10-19 00:48:20,842 [pool-47-thread-1] INFO  server.RaftServerConfigKeys (ConfUtils.java:logGet(43)) - raft.server.notification.no-leader.timeout = 1000s (custom)
2019-10-19 00:48:20,842 [pool-37-thread-1] INFO  server.RaftServerConfigKeys (ConfUtils.java:logGet(43)) - raft.server.log.use.memory = false (default)
2019-10-19 00:48:20,842 [pool-27-thread-1] INFO  server.RaftServerConfigKeys (ConfUtils.java:logGet(43)) - raft.server.log.purge.gap = 1000000 (custom)
2019-10-19 00:48:20,842 [pool-37-thread-1] INFO  server.RaftServerConfigKeys (ConfUtils.java:logGet(43)) - raft.server.log.purge.gap = 1000000 (custom)
2019-10-19 00:48:20,842 [pool-47-thread-1] INFO  server.RaftServerConfigKeys (ConfUtils.java:logGet(43)) - raft.server.log.use.memory = false (default)
2019-10-19 00:48:20,842 [pool-37-thread-1] INFO  server.RaftServerConfigKeys (ConfUtils.java:logGet(43)) - raft.server.log.appender.buffer.byte-limit = 33554432 (custom)
2019-10-19 00:48:20,842 [pool-27-thread-1] INFO  server.RaftServerConfigKeys (ConfUtils.java:logGet(43)) - raft.server.log.appender.buffer.byte-limit = 33554432 (custom)
2019-10-19 00:48:20,843 [pool-37-thread-1] INFO  server.RaftServerConfigKeys (ConfUtils.java:logGet(43)) - raft.server.log.segment.size.max = 1048576 (custom)
2019-10-19 00:48:20,843 [pool-47-thread-1] INFO  server.RaftServerConfigKeys (ConfUtils.java:logGet(43)) - raft.server.log.purge.gap = 1000000 (custom)
2019-10-19 00:48:20,843 [pool-37-thread-1] INFO  server.RaftServerConfigKeys (ConfUtils.java:logGet(43)) - raft.server.log.segment.cache.num.max = 2 (custom)
2019-10-19 00:48:20,843 [pool-27-thread-1] INFO  server.RaftServerConfigKeys (ConfUtils.java:logGet(43)) - raft.server.log.segment.size.max = 1048576 (custom)
2019-10-19 00:48:20,843 [pool-37-thread-1] INFO  segmented.SegmentedRaftLogWorker (SegmentedRaftLogWorker.java:<init>(173)) - new 67511f02-1a53-40d3-ad7c-17f75ce9e42c@group-2DDA05B3685C-SegmentedRaftLogWorker for RaftStorage:Storage Directory /workdir/hadoop-ozone/integration-test/target/test-dir/MiniOzoneClusterImpl-c55fde14-2fcc-439a-a3ad-d31aeefdbace/datanode-1/data/ratis/2739136e-9e24-467a-9fde-2dda05b3685c
2019-10-19 00:48:20,843 [pool-47-thread-1] INFO  server.RaftServerConfigKeys (ConfUtils.java:logGet(43)) - raft.server.log.appender.buffer.byte-limit = 33554432 (custom)
2019-10-19 00:48:20,843 [pool-37-thread-1] INFO  server.RaftServerConfigKeys (ConfUtils.java:logGet(43)) - raft.server.log.queue.byte-limit = 2147483647 (custom)
2019-10-19 00:48:20,843 [pool-27-thread-1] INFO  server.RaftServerConfigKeys (ConfUtils.java:logGet(43)) - raft.server.log.segment.cache.num.max = 2 (custom)
2019-10-19 00:48:20,844 [pool-37-thread-1] INFO  server.RaftServerConfigKeys (ConfUtils.java:logGet(43)) - raft.server.log.queue.element-limit = 1024 (custom)
2019-10-19 00:48:20,843 [pool-47-thread-1] INFO  server.RaftServerConfigKeys (ConfUtils.java:logGet(43)) - raft.server.log.segment.size.max = 1048576 (custom)
2019-10-19 00:48:20,844 [pool-37-thread-1] INFO  server.RaftServerConfigKeys (ConfUtils.java:logGet(43)) - raft.server.log.segment.size.max = 1048576 (custom)
2019-10-19 00:48:20,844 [pool-47-thread-1] INFO  server.RaftServerConfigKeys (ConfUtils.java:logGet(43)) - raft.server.log.segment.cache.num.max = 2 (custom)
2019-10-19 00:48:20,844 [pool-27-thread-1] INFO  segmented.SegmentedRaftLogWorker (SegmentedRaftLogWorker.java:<init>(173)) - new b6ed77c0-0909-418c-a0c6-e1477b4e10c3@group-2DDA05B3685C-SegmentedRaftLogWorker for RaftStorage:Storage Directory /workdir/hadoop-ozone/integration-test/target/test-dir/MiniOzoneClusterImpl-c55fde14-2fcc-439a-a3ad-d31aeefdbace/datanode-0/data/ratis/2739136e-9e24-467a-9fde-2dda05b3685c
2019-10-19 00:48:20,844 [pool-47-thread-1] INFO  segmented.SegmentedRaftLogWorker (SegmentedRaftLogWorker.java:<init>(173)) - new aac91d0e-90b3-4924-955b-30866d4fff78@group-2DDA05B3685C-SegmentedRaftLogWorker for RaftStorage:Storage Directory /workdir/hadoop-ozone/integration-test/target/test-dir/MiniOzoneClusterImpl-c55fde14-2fcc-439a-a3ad-d31aeefdbace/datanode-2/data/ratis/2739136e-9e24-467a-9fde-2dda05b3685c
2019-10-19 00:48:20,844 [pool-37-thread-1] INFO  server.RaftServerConfigKeys (ConfUtils.java:logGet(43)) - raft.server.log.preallocated.size = 16384 (custom)
2019-10-19 00:48:20,844 [pool-47-thread-1] INFO  server.RaftServerConfigKeys (ConfUtils.java:logGet(43)) - raft.server.log.queue.byte-limit = 2147483647 (custom)
2019-10-19 00:48:20,844 [pool-27-thread-1] INFO  server.RaftServerConfigKeys (ConfUtils.java:logGet(43)) - raft.server.log.queue.byte-limit = 2147483647 (custom)
2019-10-19 00:48:20,845 [pool-47-thread-1] INFO  server.RaftServerConfigKeys (ConfUtils.java:logGet(43)) - raft.server.log.queue.element-limit = 1024 (custom)
2019-10-19 00:48:20,844 [pool-37-thread-1] INFO  server.RaftServerConfigKeys (ConfUtils.java:logGet(43)) - raft.server.log.write.buffer.size = 33554432 (custom)
2019-10-19 00:48:20,845 [pool-47-thread-1] INFO  server.RaftServerConfigKeys (ConfUtils.java:logGet(43)) - raft.server.log.segment.size.max = 1048576 (custom)
2019-10-19 00:48:20,845 [pool-27-thread-1] INFO  server.RaftServerConfigKeys (ConfUtils.java:logGet(43)) - raft.server.log.queue.element-limit = 1024 (custom)
2019-10-19 00:48:20,845 [pool-47-thread-1] INFO  server.RaftServerConfigKeys (ConfUtils.java:logGet(43)) - raft.server.log.preallocated.size = 16384 (custom)
2019-10-19 00:48:20,845 [pool-37-thread-1] INFO  server.RaftServerConfigKeys (ConfUtils.java:logGet(43)) - raft.server.log.force.sync.num = 128 (default)
2019-10-19 00:48:20,845 [pool-47-thread-1] INFO  server.RaftServerConfigKeys (ConfUtils.java:logGet(43)) - raft.server.log.write.buffer.size = 33554432 (custom)
2019-10-19 00:48:20,845 [pool-27-thread-1] INFO  server.RaftServerConfigKeys (ConfUtils.java:logGet(43)) - raft.server.log.segment.size.max = 1048576 (custom)
2019-10-19 00:48:20,846 [pool-47-thread-1] INFO  server.RaftServerConfigKeys (ConfUtils.java:logGet(43)) - raft.server.log.force.sync.num = 128 (default)
2019-10-19 00:48:20,845 [pool-37-thread-1] INFO  server.RaftServerConfigKeys (ConfUtils.java:logGet(43)) - raft.server.log.statemachine.data.sync = true (default)
2019-10-19 00:48:20,846 [pool-47-thread-1] INFO  server.RaftServerConfigKeys (ConfUtils.java:logGet(43)) - raft.server.log.statemachine.data.sync = true (default)
2019-10-19 00:48:20,846 [pool-27-thread-1] INFO  server.RaftServerConfigKeys (ConfUtils.java:logGet(43)) - raft.server.log.preallocated.size = 16384 (custom)
2019-10-19 00:48:20,846 [pool-47-thread-1] INFO  server.RaftServerConfigKeys (ConfUtils.java:logGet(43)) - raft.server.log.statemachine.data.sync.timeout = 10s (default)
2019-10-19 00:48:20,846 [pool-37-thread-1] INFO  server.RaftServerConfigKeys (ConfUtils.java:logGet(43)) - raft.server.log.statemachine.data.sync.timeout = 10s (default)
2019-10-19 00:48:20,846 [pool-47-thread-1] INFO  server.RaftServerConfigKeys (ConfUtils.java:logGet(43)) - raft.server.log.statemachine.data.sync.timeout.retry = -1 (default)
2019-10-19 00:48:20,846 [pool-27-thread-1] INFO  server.RaftServerConfigKeys (ConfUtils.java:logGet(43)) - raft.server.log.write.buffer.size = 33554432 (custom)
2019-10-19 00:48:20,846 [pool-37-thread-1] INFO  server.RaftServerConfigKeys (ConfUtils.java:logGet(43)) - raft.server.log.statemachine.data.sync.timeout.retry = -1 (default)
2019-10-19 00:48:20,847 [pool-47-thread-1] INFO  server.RaftServerConfigKeys (ConfUtils.java:logGet(43)) - raft.server.log.statemachine.data.caching.enabled = true (custom)
2019-10-19 00:48:20,847 [pool-27-thread-1] INFO  server.RaftServerConfigKeys (ConfUtils.java:logGet(43)) - raft.server.log.force.sync.num = 128 (default)
2019-10-19 00:48:20,847 [pool-37-thread-1] INFO  server.RaftServerConfigKeys (ConfUtils.java:logGet(43)) - raft.server.log.statemachine.data.caching.enabled = true (custom)
2019-10-19 00:48:20,847 [pool-27-thread-1] INFO  server.RaftServerConfigKeys (ConfUtils.java:logGet(43)) - raft.server.log.statemachine.data.sync = true (default)
2019-10-19 00:48:20,847 [pool-47-thread-1] INFO  segmented.SegmentedRaftLogWorker (SegmentedRaftLogWorker.java:lambda$new$0(128)) - aac91d0e-90b3-4924-955b-30866d4fff78@group-2DDA05B3685C-SegmentedRaftLogWorker: flushIndex: setUnconditionally 0 -> -1
2019-10-19 00:48:20,847 [pool-27-thread-1] INFO  server.RaftServerConfigKeys (ConfUtils.java:logGet(43)) - raft.server.log.statemachine.data.sync.timeout = 10s (default)
2019-10-19 00:48:20,847 [pool-37-thread-1] INFO  segmented.SegmentedRaftLogWorker (SegmentedRaftLogWorker.java:lambda$new$0(128)) - 67511f02-1a53-40d3-ad7c-17f75ce9e42c@group-2DDA05B3685C-SegmentedRaftLogWorker: flushIndex: setUnconditionally 0 -> -1
2019-10-19 00:48:20,848 [pool-47-thread-1] INFO  server.RaftServerConfigKeys (ConfUtils.java:logGet(43)) - raft.server.snapshot.auto.trigger.enabled = true (custom)
2019-10-19 00:48:20,848 [pool-27-thread-1] INFO  server.RaftServerConfigKeys (ConfUtils.java:logGet(43)) - raft.server.log.statemachine.data.sync.timeout.retry = -1 (default)
2019-10-19 00:48:20,848 [pool-47-thread-1] INFO  server.RaftServerConfigKeys (ConfUtils.java:logGet(43)) - raft.server.snapshot.auto.trigger.threshold = 10000 (custom)
2019-10-19 00:48:20,848 [pool-37-thread-1] INFO  server.RaftServerConfigKeys (ConfUtils.java:logGet(43)) - raft.server.snapshot.auto.trigger.enabled = true (custom)
2019-10-19 00:48:20,848 [pool-47-thread-1] INFO  server.RaftServerConfigKeys (ConfUtils.java:logGet(43)) - raft.server.snapshot.retention.file.num = 5 (custom)
2019-10-19 00:48:20,848 [pool-27-thread-1] INFO  server.RaftServerConfigKeys (ConfUtils.java:logGet(43)) - raft.server.log.statemachine.data.caching.enabled = true (custom)
2019-10-19 00:48:20,848 [pool-37-thread-1] INFO  server.RaftServerConfigKeys (ConfUtils.java:logGet(43)) - raft.server.snapshot.auto.trigger.threshold = 10000 (custom)
2019-10-19 00:48:20,848 [pool-47-thread-1] INFO  server.RaftServerConfigKeys (ConfUtils.java:logGet(43)) - raft.server.retrycache.expirytime = 600000ms (custom)
2019-10-19 00:48:20,849 [pool-37-thread-1] INFO  server.RaftServerConfigKeys (ConfUtils.java:logGet(43)) - raft.server.snapshot.retention.file.num = 5 (custom)
2019-10-19 00:48:20,849 [pool-27-thread-1] INFO  segmented.SegmentedRaftLogWorker (SegmentedRaftLogWorker.java:lambda$new$0(128)) - b6ed77c0-0909-418c-a0c6-e1477b4e10c3@group-2DDA05B3685C-SegmentedRaftLogWorker: flushIndex: setUnconditionally 0 -> -1
2019-10-19 00:48:20,849 [pool-37-thread-1] INFO  server.RaftServerConfigKeys (ConfUtils.java:logGet(43)) - raft.server.retrycache.expirytime = 600000ms (custom)
2019-10-19 00:48:20,849 [pool-27-thread-1] INFO  server.RaftServerConfigKeys (ConfUtils.java:logGet(43)) - raft.server.snapshot.auto.trigger.enabled = true (custom)
2019-10-19 00:48:20,849 [pool-27-thread-1] INFO  server.RaftServerConfigKeys (ConfUtils.java:logGet(43)) - raft.server.snapshot.auto.trigger.threshold = 10000 (custom)
2019-10-19 00:48:20,849 [pool-27-thread-1] INFO  server.RaftServerConfigKeys (ConfUtils.java:logGet(43)) - raft.server.snapshot.retention.file.num = 5 (custom)
2019-10-19 00:48:20,849 [pool-27-thread-1] INFO  server.RaftServerConfigKeys (ConfUtils.java:logGet(43)) - raft.server.retrycache.expirytime = 600000ms (custom)
2019-10-19 00:48:20,853 [pool-47-thread-1] INFO  impl.RaftServerImpl (RaftServerImpl.java:start(195)) - aac91d0e-90b3-4924-955b-30866d4fff78@group-2DDA05B3685C: start as a follower, conf=-1: [67511f02-1a53-40d3-ad7c-17f75ce9e42c:192.168.157.213:45560, aac91d0e-90b3-4924-955b-30866d4fff78:192.168.157.213:41659, b6ed77c0-0909-418c-a0c6-e1477b4e10c3:192.168.157.213:33232], old=null
2019-10-19 00:48:20,853 [pool-37-thread-1] INFO  impl.RaftServerImpl (RaftServerImpl.java:start(195)) - 67511f02-1a53-40d3-ad7c-17f75ce9e42c@group-2DDA05B3685C: start as a follower, conf=-1: [67511f02-1a53-40d3-ad7c-17f75ce9e42c:192.168.157.213:45560, aac91d0e-90b3-4924-955b-30866d4fff78:192.168.157.213:41659, b6ed77c0-0909-418c-a0c6-e1477b4e10c3:192.168.157.213:33232], old=null
2019-10-19 00:48:20,853 [pool-27-thread-1] INFO  impl.RaftServerImpl (RaftServerImpl.java:start(195)) - b6ed77c0-0909-418c-a0c6-e1477b4e10c3@group-2DDA05B3685C: start as a follower, conf=-1: [67511f02-1a53-40d3-ad7c-17f75ce9e42c:192.168.157.213:45560, aac91d0e-90b3-4924-955b-30866d4fff78:192.168.157.213:41659, b6ed77c0-0909-418c-a0c6-e1477b4e10c3:192.168.157.213:33232], old=null
2019-10-19 00:48:20,853 [pool-37-thread-1] INFO  impl.RaftServerImpl (RaftServerImpl.java:setRole(184)) - 67511f02-1a53-40d3-ad7c-17f75ce9e42c@group-2DDA05B3685C: changes role from      null to FOLLOWER at term 0 for startAsFollower
2019-10-19 00:48:20,853 [pool-47-thread-1] INFO  impl.RaftServerImpl (RaftServerImpl.java:setRole(184)) - aac91d0e-90b3-4924-955b-30866d4fff78@group-2DDA05B3685C: changes role from      null to FOLLOWER at term 0 for startAsFollower
2019-10-19 00:48:20,854 [pool-37-thread-1] INFO  impl.RoleInfo (RoleInfo.java:updateAndGet(143)) - 67511f02-1a53-40d3-ad7c-17f75ce9e42c: start FollowerState
2019-10-19 00:48:20,853 [pool-27-thread-1] INFO  impl.RaftServerImpl (RaftServerImpl.java:setRole(184)) - b6ed77c0-0909-418c-a0c6-e1477b4e10c3@group-2DDA05B3685C: changes role from      null to FOLLOWER at term 0 for startAsFollower
2019-10-19 00:48:20,854 [pool-47-thread-1] INFO  impl.RoleInfo (RoleInfo.java:updateAndGet(143)) - aac91d0e-90b3-4924-955b-30866d4fff78: start FollowerState
2019-10-19 00:48:20,854 [pool-27-thread-1] INFO  impl.RoleInfo (RoleInfo.java:updateAndGet(143)) - b6ed77c0-0909-418c-a0c6-e1477b4e10c3: start FollowerState
2019-10-19 00:48:20,854 [pool-37-thread-1] INFO  util.JmxRegister (JmxRegister.java:tryRegister(44)) - Successfully registered JMX Bean with object name Ratis:service=RaftServer,group=group-2DDA05B3685C,id=67511f02-1a53-40d3-ad7c-17f75ce9e42c
2019-10-19 00:48:20,854 [pool-47-thread-1] INFO  util.JmxRegister (JmxRegister.java:tryRegister(44)) - Successfully registered JMX Bean with object name Ratis:service=RaftServer,group=group-2DDA05B3685C,id=aac91d0e-90b3-4924-955b-30866d4fff78
2019-10-19 00:48:20,854 [pool-27-thread-1] INFO  util.JmxRegister (JmxRegister.java:tryRegister(44)) - Successfully registered JMX Bean with object name Ratis:service=RaftServer,group=group-2DDA05B3685C,id=b6ed77c0-0909-418c-a0c6-e1477b4e10c3
2019-10-19 00:48:20,857 [Thread-203] INFO  impl.FollowerState (FollowerState.java:run(108)) - 67511f02-1a53-40d3-ad7c-17f75ce9e42c@group-2DDA05B3685C-FollowerState: change to CANDIDATE, lastRpcTime:3ms, electionTimeout:3ms
2019-10-19 00:48:20,857 [Thread-203] INFO  impl.RoleInfo (RoleInfo.java:shutdownFollowerState(121)) - 67511f02-1a53-40d3-ad7c-17f75ce9e42c: shutdown FollowerState
2019-10-19 00:48:20,857 [Thread-203] INFO  impl.RaftServerImpl (RaftServerImpl.java:setRole(184)) - 67511f02-1a53-40d3-ad7c-17f75ce9e42c@group-2DDA05B3685C: changes role from  FOLLOWER to CANDIDATE at term 0 for changeToCandidate
2019-10-19 00:48:20,858 [Thread-203] INFO  impl.RoleInfo (RoleInfo.java:updateAndGet(143)) - 67511f02-1a53-40d3-ad7c-17f75ce9e42c: start LeaderElection
2019-10-19 00:48:20,872 [67511f02-1a53-40d3-ad7c-17f75ce9e42c@group-2DDA05B3685C-LeaderElection4] INFO  impl.LeaderElection (LeaderElection.java:askForVotes(178)) - 67511f02-1a53-40d3-ad7c-17f75ce9e42c@group-2DDA05B3685C-LeaderElection4: begin an election at term 1 for -1: [67511f02-1a53-40d3-ad7c-17f75ce9e42c:192.168.157.213:45560, aac91d0e-90b3-4924-955b-30866d4fff78:192.168.157.213:41659, b6ed77c0-0909-418c-a0c6-e1477b4e10c3:192.168.157.213:33232], old=null
2019-10-19 00:48:20,875 [RatisPipelineUtilsThread] INFO  pipeline.PipelineStateManager (PipelineStateManager.java:addPipeline(56)) - Created pipeline Pipeline[ Id: 2739136e-9e24-467a-9fde-2dda05b3685c, Nodes: b6ed77c0-0909-418c-a0c6-e1477b4e10c3{ip: 192.168.157.213, host: pr-hdds-2333-xd9jc-2947872914, networkLocation: /default-rack, certSerialId: null}aac91d0e-90b3-4924-955b-30866d4fff78{ip: 192.168.157.213, host: pr-hdds-2333-xd9jc-2947872914, networkLocation: /default-rack, certSerialId: null}67511f02-1a53-40d3-ad7c-17f75ce9e42c{ip: 192.168.157.213, host: pr-hdds-2333-xd9jc-2947872914, networkLocation: /default-rack, certSerialId: null}, Type:RATIS, Factor:THREE, State:OPEN]
2019-10-19 00:48:20,896 [grpc-default-executor-1] INFO  impl.RaftServerImpl (RaftServerImpl.java:setRole(184)) - b6ed77c0-0909-418c-a0c6-e1477b4e10c3@group-2DDA05B3685C: changes role from  FOLLOWER to FOLLOWER at term 1 for recognizeCandidate:67511f02-1a53-40d3-ad7c-17f75ce9e42c
2019-10-19 00:48:20,896 [grpc-default-executor-0] INFO  impl.RaftServerImpl (RaftServerImpl.java:setRole(184)) - aac91d0e-90b3-4924-955b-30866d4fff78@group-2DDA05B3685C: changes role from  FOLLOWER to FOLLOWER at term 1 for recognizeCandidate:67511f02-1a53-40d3-ad7c-17f75ce9e42c
2019-10-19 00:48:20,896 [grpc-default-executor-1] INFO  impl.RoleInfo (RoleInfo.java:shutdownFollowerState(121)) - b6ed77c0-0909-418c-a0c6-e1477b4e10c3: shutdown FollowerState
2019-10-19 00:48:20,897 [grpc-default-executor-0] INFO  impl.RoleInfo (RoleInfo.java:shutdownFollowerState(121)) - aac91d0e-90b3-4924-955b-30866d4fff78: shutdown FollowerState
2019-10-19 00:48:20,897 [grpc-default-executor-1] INFO  impl.RoleInfo (RoleInfo.java:updateAndGet(143)) - b6ed77c0-0909-418c-a0c6-e1477b4e10c3: start FollowerState
2019-10-19 00:48:20,897 [Thread-205] INFO  impl.FollowerState (FollowerState.java:run(117)) - b6ed77c0-0909-418c-a0c6-e1477b4e10c3@group-2DDA05B3685C-FollowerState was interrupted: java.lang.InterruptedException: sleep interrupted
2019-10-19 00:48:20,897 [Thread-204] INFO  impl.FollowerState (FollowerState.java:run(117)) - aac91d0e-90b3-4924-955b-30866d4fff78@group-2DDA05B3685C-FollowerState was interrupted: java.lang.InterruptedException: sleep interrupted
2019-10-19 00:48:20,897 [grpc-default-executor-0] INFO  impl.RoleInfo (RoleInfo.java:updateAndGet(143)) - aac91d0e-90b3-4924-955b-30866d4fff78: start FollowerState
2019-10-19 00:48:20,921 [67511f02-1a53-40d3-ad7c-17f75ce9e42c@group-2DDA05B3685C-LeaderElection4] INFO  impl.LeaderElection (LeaderElection.java:logAndReturn(56)) - 67511f02-1a53-40d3-ad7c-17f75ce9e42c@group-2DDA05B3685C-LeaderElection4: Election PASSED; received 1 response(s) [67511f02-1a53-40d3-ad7c-17f75ce9e42c<-aac91d0e-90b3-4924-955b-30866d4fff78#0:OK-t1] and 0 exception(s); 67511f02-1a53-40d3-ad7c-17f75ce9e42c@group-2DDA05B3685C:t1, leader=null, voted=67511f02-1a53-40d3-ad7c-17f75ce9e42c, raftlog=67511f02-1a53-40d3-ad7c-17f75ce9e42c@group-2DDA05B3685C-SegmentedRaftLog:OPENED:c-1,f-1,i0, conf=-1: [67511f02-1a53-40d3-ad7c-17f75ce9e42c:192.168.157.213:45560, aac91d0e-90b3-4924-955b-30866d4fff78:192.168.157.213:41659, b6ed77c0-0909-418c-a0c6-e1477b4e10c3:192.168.157.213:33232], old=null
2019-10-19 00:48:20,922 [67511f02-1a53-40d3-ad7c-17f75ce9e42c@group-2DDA05B3685C-LeaderElection4] INFO  impl.RoleInfo (RoleInfo.java:shutdownLeaderElection(134)) - 67511f02-1a53-40d3-ad7c-17f75ce9e42c: shutdown LeaderElection
2019-10-19 00:48:20,922 [67511f02-1a53-40d3-ad7c-17f75ce9e42c@group-2DDA05B3685C-LeaderElection4] INFO  impl.RaftServerImpl (RaftServerImpl.java:setRole(184)) - 67511f02-1a53-40d3-ad7c-17f75ce9e42c@group-2DDA05B3685C: changes role from CANDIDATE to LEADER at term 1 for changeToLeader
2019-10-19 00:48:20,922 [67511f02-1a53-40d3-ad7c-17f75ce9e42c@group-2DDA05B3685C-LeaderElection4] INFO  impl.RaftServerImpl (ServerState.java:setLeader(256)) - 67511f02-1a53-40d3-ad7c-17f75ce9e42c@group-2DDA05B3685C: change Leader from null to 67511f02-1a53-40d3-ad7c-17f75ce9e42c at term 1 for becomeLeader, leader elected after 80ms
2019-10-19 00:48:20,922 [67511f02-1a53-40d3-ad7c-17f75ce9e42c@group-2DDA05B3685C-LeaderElection4] INFO  server.RaftServerConfigKeys (ConfUtils.java:logGet(43)) - raft.server.staging.catchup.gap = 1000 (default)
2019-10-19 00:48:20,922 [67511f02-1a53-40d3-ad7c-17f75ce9e42c@group-2DDA05B3685C-LeaderElection4] INFO  server.RaftServerConfigKeys (ConfUtils.java:logGet(43)) - raft.server.rpc.sleep.time = 25ms (default)
2019-10-19 00:48:20,923 [67511f02-1a53-40d3-ad7c-17f75ce9e42c@group-2DDA05B3685C-LeaderElection4] INFO  server.RaftServerConfigKeys (ConfUtils.java:logGet(43)) - raft.server.write.element-limit = 4096 (default)
2019-10-19 00:48:20,923 [67511f02-1a53-40d3-ad7c-17f75ce9e42c@group-2DDA05B3685C-LeaderElection4] INFO  server.RaftServerConfigKeys (ConfUtils.java:logGet(43)) - raft.server.watch.timeout = 10s (default)
2019-10-19 00:48:20,923 [67511f02-1a53-40d3-ad7c-17f75ce9e42c@group-2DDA05B3685C-LeaderElection4] INFO  server.RaftServerConfigKeys (ConfUtils.java:logGet(43)) - raft.server.watch.timeout.denomination = 1s (default)
2019-10-19 00:48:20,923 [67511f02-1a53-40d3-ad7c-17f75ce9e42c@group-2DDA05B3685C-LeaderElection4] INFO  server.RaftServerConfigKeys (ConfUtils.java:logGet(43)) - raft.server.watch.element-limit = 65536 (default)
2019-10-19 00:48:20,927 [67511f02-1a53-40d3-ad7c-17f75ce9e42c@group-2DDA05B3685C-LeaderElection4] INFO  server.RaftServerConfigKeys (ConfUtils.java:logGet(43)) - raft.server.log.appender.snapshot.chunk.size.max = 16MB (=16777216) (default)
2019-10-19 00:48:20,928 [67511f02-1a53-40d3-ad7c-17f75ce9e42c@group-2DDA05B3685C-LeaderElection4] INFO  server.RaftServerConfigKeys (ConfUtils.java:logGet(43)) - raft.server.log.appender.buffer.byte-limit = 33554432 (custom)
2019-10-19 00:48:20,928 [67511f02-1a53-40d3-ad7c-17f75ce9e42c@group-2DDA05B3685C-LeaderElection4] INFO  server.RaftServerConfigKeys (ConfUtils.java:logGet(43)) - raft.server.log.appender.buffer.element-limit = 1 (custom)
2019-10-19 00:48:20,931 [67511f02-1a53-40d3-ad7c-17f75ce9e42c@group-2DDA05B3685C-LeaderElection4] INFO  grpc.GrpcConfigKeys$Server (ConfUtils.java:logGet(43)) - raft.grpc.server.leader.outstanding.appends.max = 128 (default)
2019-10-19 00:48:20,959 [67511f02-1a53-40d3-ad7c-17f75ce9e42c@group-2DDA05B3685C-LeaderElection4] INFO  server.RaftServerConfigKeys (ConfUtils.java:logGet(43)) - raft.server.rpc.request.timeout = 3000ms (default)
2019-10-19 00:48:20,959 [67511f02-1a53-40d3-ad7c-17f75ce9e42c@group-2DDA05B3685C-LeaderElection4] INFO  server.RaftServerConfigKeys (ConfUtils.java:logGet(43)) - raft.server.log.appender.install.snapshot.enabled = false (custom)
2019-10-19 00:48:20,963 [67511f02-1a53-40d3-ad7c-17f75ce9e42c@group-2DDA05B3685C-LeaderElection4] INFO  server.RaftServerConfigKeys (ConfUtils.java:logGet(43)) - raft.server.log.appender.snapshot.chunk.size.max = 16MB (=16777216) (default)
2019-10-19 00:48:20,963 [67511f02-1a53-40d3-ad7c-17f75ce9e42c@group-2DDA05B3685C-LeaderElection4] INFO  server.RaftServerConfigKeys (ConfUtils.java:logGet(43)) - raft.server.log.appender.buffer.byte-limit = 33554432 (custom)
2019-10-19 00:48:20,963 [67511f02-1a53-40d3-ad7c-17f75ce9e42c@group-2DDA05B3685C-LeaderElection4] INFO  server.RaftServerConfigKeys (ConfUtils.java:logGet(43)) - raft.server.log.appender.buffer.element-limit = 1 (custom)
2019-10-19 00:48:20,963 [67511f02-1a53-40d3-ad7c-17f75ce9e42c@group-2DDA05B3685C-LeaderElection4] INFO  grpc.GrpcConfigKeys$Server (ConfUtils.java:logGet(43)) - raft.grpc.server.leader.outstanding.appends.max = 128 (default)
2019-10-19 00:48:20,963 [67511f02-1a53-40d3-ad7c-17f75ce9e42c@group-2DDA05B3685C-LeaderElection4] INFO  server.RaftServerConfigKeys (ConfUtils.java:logGet(43)) - raft.server.rpc.request.timeout = 3000ms (default)
2019-10-19 00:48:20,963 [67511f02-1a53-40d3-ad7c-17f75ce9e42c@group-2DDA05B3685C-LeaderElection4] INFO  server.RaftServerConfigKeys (ConfUtils.java:logGet(43)) - raft.server.log.appender.install.snapshot.enabled = false (custom)
2019-10-19 00:48:20,968 [67511f02-1a53-40d3-ad7c-17f75ce9e42c@group-2DDA05B3685C-LeaderElection4] INFO  impl.RoleInfo (RoleInfo.java:updateAndGet(143)) - 67511f02-1a53-40d3-ad7c-17f75ce9e42c: start LeaderState
2019-10-19 00:48:20,968 [67511f02-1a53-40d3-ad7c-17f75ce9e42c@group-2DDA05B3685C-LeaderElection4] INFO  segmented.SegmentedRaftLogWorker (SegmentedRaftLogWorker.java:startLogSegment(385)) - 67511f02-1a53-40d3-ad7c-17f75ce9e42c@group-2DDA05B3685C-SegmentedRaftLogWorker: Starting segment from index:0
2019-10-19 00:48:20,969 [67511f02-1a53-40d3-ad7c-17f75ce9e42c@group-2DDA05B3685C-LeaderElection4] INFO  impl.RaftServerImpl (ServerState.java:setRaftConf(357)) - 67511f02-1a53-40d3-ad7c-17f75ce9e42c@group-2DDA05B3685C: set configuration 0: [67511f02-1a53-40d3-ad7c-17f75ce9e42c:192.168.157.213:45560, aac91d0e-90b3-4924-955b-30866d4fff78:192.168.157.213:41659, b6ed77c0-0909-418c-a0c6-e1477b4e10c3:192.168.157.213:33232], old=null at 0
2019-10-19 00:48:20,995 [Thread-212] INFO  impl.FollowerState (FollowerState.java:run(108)) - b6ed77c0-0909-418c-a0c6-e1477b4e10c3@group-2DDA05B3685C-FollowerState: change to CANDIDATE, lastRpcTime:97ms, electionTimeout:72ms
2019-10-19 00:48:20,995 [b6ed77c0-0909-418c-a0c6-e1477b4e10c3@group-FDB8B7943A93-SegmentedRaftLogWorker] INFO  segmented.SegmentedRaftLogWorker (SegmentedRaftLogWorker.java:execute(576)) - b6ed77c0-0909-418c-a0c6-e1477b4e10c3@group-FDB8B7943A93-SegmentedRaftLogWorker: created new log segment /workdir/hadoop-ozone/integration-test/target/test-dir/MiniOzoneClusterImpl-c55fde14-2fcc-439a-a3ad-d31aeefdbace/datanode-0/data/ratis/5ba666fc-9bfc-4f59-bac6-fdb8b7943a93/current/log_inprogress_0
2019-10-19 00:48:20,995 [67511f02-1a53-40d3-ad7c-17f75ce9e42c@group-2D37690CCE3D-SegmentedRaftLogWorker] INFO  segmented.SegmentedRaftLogWorker (SegmentedRaftLogWorker.java:execute(576)) - 67511f02-1a53-40d3-ad7c-17f75ce9e42c@group-2D37690CCE3D-SegmentedRaftLogWorker: created new log segment /workdir/hadoop-ozone/integration-test/target/test-dir/MiniOzoneClusterImpl-c55fde14-2fcc-439a-a3ad-d31aeefdbace/datanode-1/data/ratis/11865110-539d-4938-b811-2d37690cce3d/current/log_inprogress_0
2019-10-19 00:48:20,996 [Thread-212] INFO  impl.RoleInfo (RoleInfo.java:shutdownFollowerState(121)) - b6ed77c0-0909-418c-a0c6-e1477b4e10c3: shutdown FollowerState
2019-10-19 00:48:20,995 [aac91d0e-90b3-4924-955b-30866d4fff78@group-6EA1469C2611-SegmentedRaftLogWorker] INFO  segmented.SegmentedRaftLogWorker (SegmentedRaftLogWorker.java:execute(576)) - aac91d0e-90b3-4924-955b-30866d4fff78@group-6EA1469C2611-SegmentedRaftLogWorker: created new log segment /workdir/hadoop-ozone/integration-test/target/test-dir/MiniOzoneClusterImpl-c55fde14-2fcc-439a-a3ad-d31aeefdbace/datanode-2/data/ratis/aef1d71b-d105-4e13-9898-6ea1469c2611/current/log_inprogress_0
2019-10-19 00:48:20,996 [Thread-212] INFO  impl.RaftServerImpl (RaftServerImpl.java:setRole(184)) - b6ed77c0-0909-418c-a0c6-e1477b4e10c3@group-2DDA05B3685C: changes role from  FOLLOWER to CANDIDATE at term 1 for changeToCandidate
2019-10-19 00:48:20,996 [Thread-212] INFO  impl.RoleInfo (RoleInfo.java:updateAndGet(143)) - b6ed77c0-0909-418c-a0c6-e1477b4e10c3: start LeaderElection
2019-10-19 00:48:21,007 [main] INFO  ozone.MiniOzoneClusterImpl (MiniOzoneClusterImpl.java:lambda$waitForClusterToBeReady$0(147)) - Cluster is ready. Got 3 of 3 DN Heartbeats.
2019-10-19 00:48:21,008 [67511f02-1a53-40d3-ad7c-17f75ce9e42c@group-2DDA05B3685C-SegmentedRaftLogWorker] INFO  segmented.SegmentedRaftLogWorker (SegmentedRaftLogWorker.java:execute(576)) - 67511f02-1a53-40d3-ad7c-17f75ce9e42c@group-2DDA05B3685C-SegmentedRaftLogWorker: created new log segment /workdir/hadoop-ozone/integration-test/target/test-dir/MiniOzoneClusterImpl-c55fde14-2fcc-439a-a3ad-d31aeefdbace/datanode-1/data/ratis/2739136e-9e24-467a-9fde-2dda05b3685c/current/log_inprogress_0
2019-10-19 00:48:21,008 [b6ed77c0-0909-418c-a0c6-e1477b4e10c3@group-2DDA05B3685C-LeaderElection5] INFO  impl.LeaderElection (LeaderElection.java:askForVotes(178)) - b6ed77c0-0909-418c-a0c6-e1477b4e10c3@group-2DDA05B3685C-LeaderElection5: begin an election at term 2 for -1: [67511f02-1a53-40d3-ad7c-17f75ce9e42c:192.168.157.213:45560, aac91d0e-90b3-4924-955b-30866d4fff78:192.168.157.213:41659, b6ed77c0-0909-418c-a0c6-e1477b4e10c3:192.168.157.213:33232], old=null
2019-10-19 00:48:21,026 [grpc-default-executor-0] INFO  impl.RaftServerImpl (ServerState.java:setLeader(256)) - aac91d0e-90b3-4924-955b-30866d4fff78@group-2DDA05B3685C: change Leader from null to 67511f02-1a53-40d3-ad7c-17f75ce9e42c at term 1 for appendEntries, leader elected after 183ms
2019-10-19 00:48:21,032 [grpc-default-executor-1] INFO  impl.RaftServerImpl (ServerState.java:setLeader(256)) - 67511f02-1a53-40d3-ad7c-17f75ce9e42c@group-2DDA05B3685C: change Leader from 67511f02-1a53-40d3-ad7c-17f75ce9e42c to null at term 2 for updateCurrentTerm
2019-10-19 00:48:21,033 [grpc-default-executor-1] INFO  impl.RaftServerImpl (RaftServerImpl.java:setRole(184)) - 67511f02-1a53-40d3-ad7c-17f75ce9e42c@group-2DDA05B3685C: changes role from    LEADER to FOLLOWER at term 2 for recognizeCandidate:b6ed77c0-0909-418c-a0c6-e1477b4e10c3
2019-10-19 00:48:21,033 [grpc-default-executor-1] INFO  impl.RoleInfo (RoleInfo.java:shutdownLeaderState(104)) - 67511f02-1a53-40d3-ad7c-17f75ce9e42c: shutdown LeaderState
2019-10-19 00:48:21,035 [org.apache.ratis.server.impl.LogAppender$AppenderDaemon$$Lambda$375/1145540738@339403bc] WARN  server.GrpcLogAppender (GrpcLogAppender.java:mayWait(149)) - 67511f02-1a53-40d3-ad7c-17f75ce9e42c@group-2DDA05B3685C->aac91d0e-90b3-4924-955b-30866d4fff78-GrpcLogAppender: Wait interrupted by java.lang.InterruptedException
2019-10-19 00:48:21,035 [org.apache.ratis.server.impl.LogAppender$AppenderDaemon$$Lambda$375/1145540738@5b8c335b] WARN  server.GrpcLogAppender (GrpcLogAppender.java:mayWait(149)) - 67511f02-1a53-40d3-ad7c-17f75ce9e42c@group-2DDA05B3685C->b6ed77c0-0909-418c-a0c6-e1477b4e10c3-GrpcLogAppender: Wait interrupted by java.lang.InterruptedException
2019-10-19 00:48:21,036 [grpc-default-executor-2] INFO  impl.RaftServerImpl (ServerState.java:setLeader(256)) - aac91d0e-90b3-4924-955b-30866d4fff78@group-2DDA05B3685C: change Leader from 67511f02-1a53-40d3-ad7c-17f75ce9e42c to null at term 2 for updateCurrentTerm
2019-10-19 00:48:21,036 [grpc-default-executor-2] INFO  impl.RaftServerImpl (RaftServerImpl.java:setRole(184)) - aac91d0e-90b3-4924-955b-30866d4fff78@group-2DDA05B3685C: changes role from  FOLLOWER to FOLLOWER at term 2 for recognizeCandidate:b6ed77c0-0909-418c-a0c6-e1477b4e10c3
2019-10-19 00:48:21,036 [grpc-default-executor-2] INFO  impl.RoleInfo (RoleInfo.java:shutdownFollowerState(121)) - aac91d0e-90b3-4924-955b-30866d4fff78: shutdown FollowerState
2019-10-19 00:48:21,037 [grpc-default-executor-2] INFO  impl.RoleInfo (RoleInfo.java:updateAndGet(143)) - aac91d0e-90b3-4924-955b-30866d4fff78: start FollowerState
2019-10-19 00:48:21,037 [Thread-213] INFO  impl.FollowerState (FollowerState.java:run(117)) - aac91d0e-90b3-4924-955b-30866d4fff78@group-2DDA05B3685C-FollowerState was interrupted: java.lang.InterruptedException: sleep interrupted
2019-10-19 00:48:21,037 [grpc-default-executor-1] INFO  impl.PendingRequests (PendingRequests.java:sendNotLeaderResponses(202)) - 67511f02-1a53-40d3-ad7c-17f75ce9e42c@group-2DDA05B3685C-PendingRequests: sendNotLeaderResponses
2019-10-19 00:48:21,041 [grpc-default-executor-1] INFO  impl.RoleInfo (RoleInfo.java:updateAndGet(143)) - 67511f02-1a53-40d3-ad7c-17f75ce9e42c: start FollowerState
2019-10-19 00:48:21,041 [grpc-default-executor-5] INFO  server.GrpcServerProtocolService (GrpcServerProtocolService.java:onCompleted(113)) - b6ed77c0-0909-418c-a0c6-e1477b4e10c3: Completed APPEND_ENTRIES, lastRequest: 67511f02-1a53-40d3-ad7c-17f75ce9e42c->b6ed77c0-0909-418c-a0c6-e1477b4e10c3#0-t1, previous=(t:0, i:0), leaderCommit=-1, initializing? false, entries: <empty>
2019-10-19 00:48:21,041 [grpc-default-executor-4] INFO  server.GrpcServerProtocolService (GrpcServerProtocolService.java:onCompleted(113)) - aac91d0e-90b3-4924-955b-30866d4fff78: Completed APPEND_ENTRIES, lastRequest: 67511f02-1a53-40d3-ad7c-17f75ce9e42c->aac91d0e-90b3-4924-955b-30866d4fff78#0-t1, previous=(t:0, i:0), leaderCommit=-1, initializing? false, entries: <empty>
2019-10-19 00:48:21,045 [grpc-default-executor-3] INFO  server.GrpcLogAppender (GrpcLogAppender.java:onCompleted(308)) - 67511f02-1a53-40d3-ad7c-17f75ce9e42c@group-2DDA05B3685C->aac91d0e-90b3-4924-955b-30866d4fff78-AppendLogResponseHandler: follower responses appendEntries COMPLETED
2019-10-19 00:48:21,048 [grpc-default-executor-3] INFO  impl.FollowerInfo (FollowerInfo.java:lambda$new$0(51)) - 67511f02-1a53-40d3-ad7c-17f75ce9e42c@group-2DDA05B3685C->aac91d0e-90b3-4924-955b-30866d4fff78: nextIndex: updateUnconditionally 0 -> 0
2019-10-19 00:48:21,054 [grpc-default-executor-0] INFO  server.GrpcLogAppender (GrpcLogAppender.java:onCompleted(308)) - 67511f02-1a53-40d3-ad7c-17f75ce9e42c@group-2DDA05B3685C->b6ed77c0-0909-418c-a0c6-e1477b4e10c3-AppendLogResponseHandler: follower responses appendEntries COMPLETED
2019-10-19 00:48:21,057 [grpc-default-executor-0] INFO  impl.FollowerInfo (FollowerInfo.java:lambda$new$0(51)) - 67511f02-1a53-40d3-ad7c-17f75ce9e42c@group-2DDA05B3685C->b6ed77c0-0909-418c-a0c6-e1477b4e10c3: nextIndex: updateUnconditionally 0 -> 0
2019-10-19 00:48:21,065 [b6ed77c0-0909-418c-a0c6-e1477b4e10c3@group-2DDA05B3685C-LeaderElection5] INFO  impl.LeaderElection (LeaderElection.java:logAndReturn(56)) - b6ed77c0-0909-418c-a0c6-e1477b4e10c3@group-2DDA05B3685C-LeaderElection5: Election PASSED; received 2 response(s) [b6ed77c0-0909-418c-a0c6-e1477b4e10c3<-67511f02-1a53-40d3-ad7c-17f75ce9e42c#0:FAIL-t2, b6ed77c0-0909-418c-a0c6-e1477b4e10c3<-aac91d0e-90b3-4924-955b-30866d4fff78#0:OK-t2] and 0 exception(s); b6ed77c0-0909-418c-a0c6-e1477b4e10c3@group-2DDA05B3685C:t2, leader=null, voted=b6ed77c0-0909-418c-a0c6-e1477b4e10c3, raftlog=b6ed77c0-0909-418c-a0c6-e1477b4e10c3@group-2DDA05B3685C-SegmentedRaftLog:OPENED:c-1,f-1,i0, conf=-1: [67511f02-1a53-40d3-ad7c-17f75ce9e42c:192.168.157.213:45560, aac91d0e-90b3-4924-955b-30866d4fff78:192.168.157.213:41659, b6ed77c0-0909-418c-a0c6-e1477b4e10c3:192.168.157.213:33232], old=null
2019-10-19 00:48:21,065 [b6ed77c0-0909-418c-a0c6-e1477b4e10c3@group-2DDA05B3685C-LeaderElection5] INFO  impl.RoleInfo (RoleInfo.java:shutdownLeaderElection(134)) - b6ed77c0-0909-418c-a0c6-e1477b4e10c3: shutdown LeaderElection
2019-10-19 00:48:21,065 [b6ed77c0-0909-418c-a0c6-e1477b4e10c3@group-2DDA05B3685C-LeaderElection5] INFO  impl.RaftServerImpl (RaftServerImpl.java:setRole(184)) - b6ed77c0-0909-418c-a0c6-e1477b4e10c3@group-2DDA05B3685C: changes role from CANDIDATE to LEADER at term 2 for changeToLeader
2019-10-19 00:48:21,066 [b6ed77c0-0909-418c-a0c6-e1477b4e10c3@group-2DDA05B3685C-LeaderElection5] INFO  impl.RaftServerImpl (ServerState.java:setLeader(256)) - b6ed77c0-0909-418c-a0c6-e1477b4e10c3@group-2DDA05B3685C: change Leader from null to b6ed77c0-0909-418c-a0c6-e1477b4e10c3 at term 2 for becomeLeader, leader elected after 224ms
2019-10-19 00:48:21,066 [b6ed77c0-0909-418c-a0c6-e1477b4e10c3@group-2DDA05B3685C-LeaderElection5] INFO  server.RaftServerConfigKeys (ConfUtils.java:logGet(43)) - raft.server.staging.catchup.gap = 1000 (default)
2019-10-19 00:48:21,066 [b6ed77c0-0909-418c-a0c6-e1477b4e10c3@group-2DDA05B3685C-LeaderElection5] INFO  server.RaftServerConfigKeys (ConfUtils.java:logGet(43)) - raft.server.rpc.sleep.time = 25ms (default)
2019-10-19 00:48:21,066 [b6ed77c0-0909-418c-a0c6-e1477b4e10c3@group-2DDA05B3685C-LeaderElection5] INFO  server.RaftServerConfigKeys (ConfUtils.java:logGet(43)) - raft.server.write.element-limit = 4096 (default)
2019-10-19 00:48:21,067 [b6ed77c0-0909-418c-a0c6-e1477b4e10c3@group-2DDA05B3685C-LeaderElection5] INFO  server.RaftServerConfigKeys (ConfUtils.java:logGet(43)) - raft.server.watch.timeout = 10s (default)
2019-10-19 00:48:21,067 [b6ed77c0-0909-418c-a0c6-e1477b4e10c3@group-2DDA05B3685C-LeaderElection5] INFO  server.RaftServerConfigKeys (ConfUtils.java:logGet(43)) - raft.server.watch.timeout.denomination = 1s (default)
2019-10-19 00:48:21,067 [b6ed77c0-0909-418c-a0c6-e1477b4e10c3@group-2DDA05B3685C-LeaderElection5] INFO  server.RaftServerConfigKeys (ConfUtils.java:logGet(43)) - raft.server.watch.element-limit = 65536 (default)
2019-10-19 00:48:21,070 [b6ed77c0-0909-418c-a0c6-e1477b4e10c3@group-2DDA05B3685C-LeaderElection5] INFO  server.RaftServerConfigKeys (ConfUtils.java:logGet(43)) - raft.server.log.appender.snapshot.chunk.size.max = 16MB (=16777216) (default)
2019-10-19 00:48:21,071 [b6ed77c0-0909-418c-a0c6-e1477b4e10c3@group-2DDA05B3685C-LeaderElection5] INFO  server.RaftServerConfigKeys (ConfUtils.java:logGet(43)) - raft.server.log.appender.buffer.byte-limit = 33554432 (custom)
2019-10-19 00:48:21,071 [b6ed77c0-0909-418c-a0c6-e1477b4e10c3@group-2DDA05B3685C-LeaderElection5] INFO  server.RaftServerConfigKeys (ConfUtils.java:logGet(43)) - raft.server.log.appender.buffer.element-limit = 1 (custom)
2019-10-19 00:48:21,071 [b6ed77c0-0909-418c-a0c6-e1477b4e10c3@group-2DDA05B3685C-LeaderElection5] INFO  grpc.GrpcConfigKeys$Server (ConfUtils.java:logGet(43)) - raft.grpc.server.leader.outstanding.appends.max = 128 (default)
2019-10-19 00:48:21,072 [b6ed77c0-0909-418c-a0c6-e1477b4e10c3@group-2DDA05B3685C-LeaderElection5] INFO  server.RaftServerConfigKeys (ConfUtils.java:logGet(43)) - raft.server.rpc.request.timeout = 3000ms (default)
2019-10-19 00:48:21,072 [b6ed77c0-0909-418c-a0c6-e1477b4e10c3@group-2DDA05B3685C-LeaderElection5] INFO  server.RaftServerConfigKeys (ConfUtils.java:logGet(43)) - raft.server.log.appender.install.snapshot.enabled = false (custom)
2019-10-19 00:48:21,074 [b6ed77c0-0909-418c-a0c6-e1477b4e10c3@group-2DDA05B3685C-LeaderElection5] INFO  server.RaftServerConfigKeys (ConfUtils.java:logGet(43)) - raft.server.log.appender.snapshot.chunk.size.max = 16MB (=16777216) (default)
2019-10-19 00:48:21,075 [b6ed77c0-0909-418c-a0c6-e1477b4e10c3@group-2DDA05B3685C-LeaderElection5] INFO  server.RaftServerConfigKeys (ConfUtils.java:logGet(43)) - raft.server.log.appender.buffer.byte-limit = 33554432 (custom)
2019-10-19 00:48:21,075 [b6ed77c0-0909-418c-a0c6-e1477b4e10c3@group-2DDA05B3685C-LeaderElection5] INFO  server.RaftServerConfigKeys (ConfUtils.java:logGet(43)) - raft.server.log.appender.buffer.element-limit = 1 (custom)
2019-10-19 00:48:21,075 [b6ed77c0-0909-418c-a0c6-e1477b4e10c3@group-2DDA05B3685C-LeaderElection5] INFO  grpc.GrpcConfigKeys$Server (ConfUtils.java:logGet(43)) - raft.grpc.server.leader.outstanding.appends.max = 128 (default)
2019-10-19 00:48:21,075 [b6ed77c0-0909-418c-a0c6-e1477b4e10c3@group-2DDA05B3685C-LeaderElection5] INFO  server.RaftServerConfigKeys (ConfUtils.java:logGet(43)) - raft.server.rpc.request.timeout = 3000ms (default)
2019-10-19 00:48:21,075 [b6ed77c0-0909-418c-a0c6-e1477b4e10c3@group-2DDA05B3685C-LeaderElection5] INFO  server.RaftServerConfigKeys (ConfUtils.java:logGet(43)) - raft.server.log.appender.install.snapshot.enabled = false (custom)
2019-10-19 00:48:21,077 [b6ed77c0-0909-418c-a0c6-e1477b4e10c3@group-2DDA05B3685C-LeaderElection5] INFO  impl.RoleInfo (RoleInfo.java:updateAndGet(143)) - b6ed77c0-0909-418c-a0c6-e1477b4e10c3: start LeaderState
2019-10-19 00:48:21,078 [b6ed77c0-0909-418c-a0c6-e1477b4e10c3@group-2DDA05B3685C-LeaderElection5] INFO  segmented.SegmentedRaftLogWorker (SegmentedRaftLogWorker.java:startLogSegment(385)) - b6ed77c0-0909-418c-a0c6-e1477b4e10c3@group-2DDA05B3685C-SegmentedRaftLogWorker: Starting segment from index:0
2019-10-19 00:48:21,079 [b6ed77c0-0909-418c-a0c6-e1477b4e10c3@group-2DDA05B3685C-LeaderElection5] INFO  impl.RaftServerImpl (ServerState.java:setRaftConf(357)) - b6ed77c0-0909-418c-a0c6-e1477b4e10c3@group-2DDA05B3685C: set configuration 0: [67511f02-1a53-40d3-ad7c-17f75ce9e42c:192.168.157.213:45560, aac91d0e-90b3-4924-955b-30866d4fff78:192.168.157.213:41659, b6ed77c0-0909-418c-a0c6-e1477b4e10c3:192.168.157.213:33232], old=null at 0
2019-10-19 00:48:21,105 [grpc-default-executor-2] INFO  impl.RaftServerImpl (ServerState.java:setLeader(256)) - aac91d0e-90b3-4924-955b-30866d4fff78@group-2DDA05B3685C: change Leader from null to b6ed77c0-0909-418c-a0c6-e1477b4e10c3 at term 2 for appendEntries, leader elected after 69ms
2019-10-19 00:48:21,106 [grpc-default-executor-0] INFO  impl.RaftServerImpl (ServerState.java:setLeader(256)) - 67511f02-1a53-40d3-ad7c-17f75ce9e42c@group-2DDA05B3685C: change Leader from null to b6ed77c0-0909-418c-a0c6-e1477b4e10c3 at term 2 for appendEntries, leader elected after 73ms
2019-10-19 00:48:21,114 [b6ed77c0-0909-418c-a0c6-e1477b4e10c3@group-2DDA05B3685C-SegmentedRaftLogWorker] INFO  segmented.SegmentedRaftLogWorker (SegmentedRaftLogWorker.java:execute(576)) - b6ed77c0-0909-418c-a0c6-e1477b4e10c3@group-2DDA05B3685C-SegmentedRaftLogWorker: created new log segment /workdir/hadoop-ozone/integration-test/target/test-dir/MiniOzoneClusterImpl-c55fde14-2fcc-439a-a3ad-d31aeefdbace/datanode-0/data/ratis/2739136e-9e24-467a-9fde-2dda05b3685c/current/log_inprogress_0
2019-10-19 00:48:21,117 [grpc-default-executor-0] INFO  impl.RaftServerImpl (ServerState.java:setRaftConf(357)) - 67511f02-1a53-40d3-ad7c-17f75ce9e42c@group-2DDA05B3685C: set configuration 0: [67511f02-1a53-40d3-ad7c-17f75ce9e42c:192.168.157.213:45560, aac91d0e-90b3-4924-955b-30866d4fff78:192.168.157.213:41659, b6ed77c0-0909-418c-a0c6-e1477b4e10c3:192.168.157.213:33232], old=null at 0
2019-10-19 00:48:21,117 [grpc-default-executor-2] INFO  impl.RaftServerImpl (ServerState.java:setRaftConf(357)) - aac91d0e-90b3-4924-955b-30866d4fff78@group-2DDA05B3685C: set configuration 0: [67511f02-1a53-40d3-ad7c-17f75ce9e42c:192.168.157.213:45560, aac91d0e-90b3-4924-955b-30866d4fff78:192.168.157.213:41659, b6ed77c0-0909-418c-a0c6-e1477b4e10c3:192.168.157.213:33232], old=null at 0
2019-10-19 00:48:21,117 [grpc-default-executor-2] INFO  segmented.SegmentedRaftLogWorker (SegmentedRaftLogWorker.java:startLogSegment(385)) - aac91d0e-90b3-4924-955b-30866d4fff78@group-2DDA05B3685C-SegmentedRaftLogWorker: Starting segment from index:0
2019-10-19 00:48:21,119 [grpc-default-executor-0] INFO  segmented.SegmentedRaftLogWorker (SegmentedRaftLogWorker.java:truncate(401)) - 67511f02-1a53-40d3-ad7c-17f75ce9e42c@group-2DDA05B3685C-SegmentedRaftLogWorker: Truncating segments toTruncate: null
  toDelete: [(0, 0) isOpen? true, length=0, newEndIndex=-1], start index 0
2019-10-19 00:48:21,120 [grpc-default-executor-0] INFO  segmented.SegmentedRaftLogWorker (SegmentedRaftLogWorker.java:startLogSegment(385)) - 67511f02-1a53-40d3-ad7c-17f75ce9e42c@group-2DDA05B3685C-SegmentedRaftLogWorker: Starting segment from index:0
2019-10-19 00:48:21,121 [67511f02-1a53-40d3-ad7c-17f75ce9e42c@group-2DDA05B3685C-SegmentedRaftLogWorker] INFO  segmented.SegmentedRaftLogWorker (SegmentedRaftLogWorker.java:execute(640)) - 67511f02-1a53-40d3-ad7c-17f75ce9e42c@group-2DDA05B3685C-SegmentedRaftLogWorker: Deleted log file /workdir/hadoop-ozone/integration-test/target/test-dir/MiniOzoneClusterImpl-c55fde14-2fcc-439a-a3ad-d31aeefdbace/datanode-1/data/ratis/2739136e-9e24-467a-9fde-2dda05b3685c/current/log_inprogress_0
2019-10-19 00:48:21,121 [67511f02-1a53-40d3-ad7c-17f75ce9e42c@group-2DDA05B3685C-SegmentedRaftLogWorker] INFO  segmented.SegmentedRaftLogWorker (SegmentedRaftLogWorker.java:lambda$new$0(128)) - 67511f02-1a53-40d3-ad7c-17f75ce9e42c@group-2DDA05B3685C-SegmentedRaftLogWorker: flushIndex: setUnconditionally 0 -> -1
2019-10-19 00:48:21,158 [aac91d0e-90b3-4924-955b-30866d4fff78@group-2DDA05B3685C-SegmentedRaftLogWorker] INFO  segmented.SegmentedRaftLogWorker (SegmentedRaftLogWorker.java:execute(576)) - aac91d0e-90b3-4924-955b-30866d4fff78@group-2DDA05B3685C-SegmentedRaftLogWorker: created new log segment /workdir/hadoop-ozone/integration-test/target/test-dir/MiniOzoneClusterImpl-c55fde14-2fcc-439a-a3ad-d31aeefdbace/datanode-2/data/ratis/2739136e-9e24-467a-9fde-2dda05b3685c/current/log_inprogress_0
2019-10-19 00:48:21,158 [67511f02-1a53-40d3-ad7c-17f75ce9e42c@group-2DDA05B3685C-SegmentedRaftLogWorker] INFO  segmented.SegmentedRaftLogWorker (SegmentedRaftLogWorker.java:execute(576)) - 67511f02-1a53-40d3-ad7c-17f75ce9e42c@group-2DDA05B3685C-SegmentedRaftLogWorker: created new log segment /workdir/hadoop-ozone/integration-test/target/test-dir/MiniOzoneClusterImpl-c55fde14-2fcc-439a-a3ad-d31aeefdbace/datanode-1/data/ratis/2739136e-9e24-467a-9fde-2dda05b3685c/current/log_inprogress_0
2019-10-19 00:48:21,725 [main] INFO  rpc.RpcClient (RpcClient.java:createVolume(272)) - Creating Volume: testcontainerstatemachinefailures, with jenkins1000 as owner.
2019-10-19 00:48:21,816 [IPC Server handler 3 on 35245] INFO  volume.OMVolumeCreateRequest (OMVolumeCreateRequest.java:validateAndUpdateCache(193)) - created volume:testcontainerstatemachinefailures for user:jenkins1000
2019-10-19 00:48:21,854 [main] INFO  rpc.RpcClient (RpcClient.java:createBucket(411)) - Creating Bucket: testcontainerstatemachinefailures/testcontainerstatemachinefailures, with Versioning false and Storage Type set to DISK and Encryption set to false 
2019-10-19 00:48:22,028 [main] INFO  impl.MetricsSystemImpl (MetricsSystemImpl.java:init(158)) - XceiverClientMetrics metrics system started (again)
2019-10-19 00:48:22,429 [Datanode State Machine Thread - 0] INFO  statemachine.DatanodeStateMachine (DatanodeStateMachine.java:lambda$startDaemon$0(350)) - Ozone container server started.
2019-10-19 00:48:22,886 [Thread-181] INFO  container.ReplicationManager (ReplicationManager.java:start(162)) - Starting Replication Monitor Thread.
2019-10-19 00:48:22,888 [ReplicationMonitor] INFO  container.ReplicationManager (ReplicationManager.java:run(225)) - Replication Monitor Thread took 1 milliseconds for processing 1 containers.
2019-10-19 00:48:27,369 [main] INFO  ozoneimpl.OzoneContainer (OzoneContainer.java:stop(227)) - Attempting to stop container services.
2019-10-19 00:48:27,370 [main] INFO  impl.RaftServerProxy (RaftServerProxy.java:lambda$close$4(314)) - aac91d0e-90b3-4924-955b-30866d4fff78: close
2019-10-19 00:48:27,371 [main] INFO  impl.RaftServerImpl (RaftServerImpl.java:lambda$shutdown$3(261)) - aac91d0e-90b3-4924-955b-30866d4fff78@group-2DDA05B3685C: shutdown
2019-10-19 00:48:27,372 [ForkJoinPool.commonPool-worker-0] INFO  impl.RaftServerImpl (RaftServerImpl.java:lambda$shutdown$3(261)) - aac91d0e-90b3-4924-955b-30866d4fff78@group-6EA1469C2611: shutdown
2019-10-19 00:48:27,372 [main] INFO  util.JmxRegister (JmxRegister.java:unregister(73)) - Successfully un-registered JMX Bean with object name Ratis:service=RaftServer,group=group-2DDA05B3685C,id=aac91d0e-90b3-4924-955b-30866d4fff78
2019-10-19 00:48:27,372 [ForkJoinPool.commonPool-worker-0] INFO  util.JmxRegister (JmxRegister.java:unregister(73)) - Successfully un-registered JMX Bean with object name Ratis:service=RaftServer,group=group-6EA1469C2611,id=aac91d0e-90b3-4924-955b-30866d4fff78
2019-10-19 00:48:27,372 [main] INFO  impl.RoleInfo (RoleInfo.java:shutdownFollowerState(121)) - aac91d0e-90b3-4924-955b-30866d4fff78: shutdown FollowerState
2019-10-19 00:48:27,372 [ForkJoinPool.commonPool-worker-0] INFO  impl.RoleInfo (RoleInfo.java:shutdownLeaderState(104)) - aac91d0e-90b3-4924-955b-30866d4fff78: shutdown LeaderState
2019-10-19 00:48:27,373 [main] INFO  impl.StateMachineUpdater (StateMachineUpdater.java:stopAndJoin(136)) - aac91d0e-90b3-4924-955b-30866d4fff78@group-2DDA05B3685C-StateMachineUpdater: set stopIndex = 4
2019-10-19 00:48:27,373 [Thread-223] INFO  impl.FollowerState (FollowerState.java:run(117)) - aac91d0e-90b3-4924-955b-30866d4fff78@group-2DDA05B3685C-FollowerState was interrupted: java.lang.InterruptedException: sleep interrupted
2019-10-19 00:48:27,374 [aac91d0e-90b3-4924-955b-30866d4fff78@group-2DDA05B3685C-StateMachineUpdater] INFO  ratis.ContainerStateMachine (ContainerStateMachine.java:takeSnapshot(294)) - group-2DDA05B3685C: Taking a snapshot at:(t:2, i:3) file /workdir/hadoop-ozone/integration-test/target/test-dir/MiniOzoneClusterImpl-c55fde14-2fcc-439a-a3ad-d31aeefdbace/datanode-2/data/ratis/2739136e-9e24-467a-9fde-2dda05b3685c/sm/snapshot.2_3
2019-10-19 00:48:27,373 [ForkJoinPool.commonPool-worker-0] INFO  impl.PendingRequests (PendingRequests.java:sendNotLeaderResponses(202)) - aac91d0e-90b3-4924-955b-30866d4fff78@group-6EA1469C2611-PendingRequests: sendNotLeaderResponses
2019-10-19 00:48:27,376 [ForkJoinPool.commonPool-worker-0] INFO  impl.StateMachineUpdater (StateMachineUpdater.java:stopAndJoin(136)) - aac91d0e-90b3-4924-955b-30866d4fff78@group-6EA1469C2611-StateMachineUpdater: set stopIndex = 0
2019-10-19 00:48:27,378 [ForkJoinPool.commonPool-worker-0] INFO  impl.RaftServerImpl (ServerState.java:close(388)) - aac91d0e-90b3-4924-955b-30866d4fff78@group-6EA1469C2611: closes. applyIndex: 0
2019-10-19 00:48:27,380 [aac91d0e-90b3-4924-955b-30866d4fff78@group-6EA1469C2611-SegmentedRaftLogWorker] INFO  segmented.SegmentedRaftLogWorker (SegmentedRaftLogWorker.java:run(316)) - aac91d0e-90b3-4924-955b-30866d4fff78@group-6EA1469C2611-SegmentedRaftLogWorker was interrupted, exiting. There are 0 tasks remaining in the queue.
2019-10-19 00:48:27,381 [ForkJoinPool.commonPool-worker-0] INFO  segmented.SegmentedRaftLogWorker (SegmentedRaftLogWorker.java:close(224)) - aac91d0e-90b3-4924-955b-30866d4fff78@group-6EA1469C2611-SegmentedRaftLogWorker close()
2019-10-19 00:48:27,467 [aac91d0e-90b3-4924-955b-30866d4fff78@group-2DDA05B3685C-StateMachineUpdater] INFO  ratis.ContainerStateMachine (ContainerStateMachine.java:takeSnapshot(305)) - group-2DDA05B3685C: Finished taking a snapshot at:(t:2, i:3) file:/workdir/hadoop-ozone/integration-test/target/test-dir/MiniOzoneClusterImpl-c55fde14-2fcc-439a-a3ad-d31aeefdbace/datanode-2/data/ratis/2739136e-9e24-467a-9fde-2dda05b3685c/sm/snapshot.2_3 time:95
2019-10-19 00:48:27,469 [aac91d0e-90b3-4924-955b-30866d4fff78@group-2DDA05B3685C-StateMachineUpdater] INFO  impl.StateMachineUpdater (StateMachineUpdater.java:takeSnapshot(269)) - aac91d0e-90b3-4924-955b-30866d4fff78@group-2DDA05B3685C-StateMachineUpdater: Took a snapshot at index 3
2019-10-19 00:48:27,469 [aac91d0e-90b3-4924-955b-30866d4fff78@group-2DDA05B3685C-StateMachineUpdater] INFO  impl.StateMachineUpdater (StateMachineUpdater.java:lambda$new$0(84)) - aac91d0e-90b3-4924-955b-30866d4fff78@group-2DDA05B3685C-StateMachineUpdater: snapshotIndex: updateIncreasingly -1 -> 3
2019-10-19 00:48:27,472 [aac91d0e-90b3-4924-955b-30866d4fff78@group-2DDA05B3685C-StateMachineUpdater] INFO  ratis.ContainerStateMachine (ContainerStateMachine.java:takeSnapshot(294)) - group-2DDA05B3685C: Taking a snapshot at:(t:2, i:3) file /workdir/hadoop-ozone/integration-test/target/test-dir/MiniOzoneClusterImpl-c55fde14-2fcc-439a-a3ad-d31aeefdbace/datanode-2/data/ratis/2739136e-9e24-467a-9fde-2dda05b3685c/sm/snapshot.2_3
2019-10-19 00:48:27,495 [aac91d0e-90b3-4924-955b-30866d4fff78@group-2DDA05B3685C-StateMachineUpdater] INFO  ratis.ContainerStateMachine (ContainerStateMachine.java:takeSnapshot(305)) - group-2DDA05B3685C: Finished taking a snapshot at:(t:2, i:3) file:/workdir/hadoop-ozone/integration-test/target/test-dir/MiniOzoneClusterImpl-c55fde14-2fcc-439a-a3ad-d31aeefdbace/datanode-2/data/ratis/2739136e-9e24-467a-9fde-2dda05b3685c/sm/snapshot.2_3 time:23
2019-10-19 00:48:27,495 [aac91d0e-90b3-4924-955b-30866d4fff78@group-2DDA05B3685C-StateMachineUpdater] INFO  impl.StateMachineUpdater (StateMachineUpdater.java:takeSnapshot(269)) - aac91d0e-90b3-4924-955b-30866d4fff78@group-2DDA05B3685C-StateMachineUpdater: Took a snapshot at index 3
2019-10-19 00:48:27,496 [aac91d0e-90b3-4924-955b-30866d4fff78@group-2DDA05B3685C-StateMachineUpdater] INFO  impl.StateMachineUpdater (StateMachineUpdater.java:lambda$new$0(84)) - aac91d0e-90b3-4924-955b-30866d4fff78@group-2DDA05B3685C-StateMachineUpdater: snapshotIndex: updateIncreasingly 3 -> 3
2019-10-19 00:48:27,496 [main] INFO  impl.RaftServerImpl (ServerState.java:close(388)) - aac91d0e-90b3-4924-955b-30866d4fff78@group-2DDA05B3685C: closes. applyIndex: 4
2019-10-19 00:48:27,497 [aac91d0e-90b3-4924-955b-30866d4fff78@group-2DDA05B3685C-SegmentedRaftLogWorker] INFO  segmented.SegmentedRaftLogWorker (SegmentedRaftLogWorker.java:run(316)) - aac91d0e-90b3-4924-955b-30866d4fff78@group-2DDA05B3685C-SegmentedRaftLogWorker was interrupted, exiting. There are 0 tasks remaining in the queue.
2019-10-19 00:48:27,498 [main] INFO  segmented.SegmentedRaftLogWorker (SegmentedRaftLogWorker.java:close(224)) - aac91d0e-90b3-4924-955b-30866d4fff78@group-2DDA05B3685C-SegmentedRaftLogWorker close()
2019-10-19 00:48:27,501 [main] INFO  server.GrpcService (GrpcService.java:closeImpl(164)) - aac91d0e-90b3-4924-955b-30866d4fff78: shutdown server with port 41659 now
2019-10-19 00:48:27,506 [grpc-default-executor-1] WARN  server.GrpcServerProtocolService (LogUtils.java:warn(134)) - aac91d0e-90b3-4924-955b-30866d4fff78: installSnapshot onError, lastRequest: b6ed77c0-0909-418c-a0c6-e1477b4e10c3->aac91d0e-90b3-4924-955b-30866d4fff78#7-t2, previous=(t:2, i:4), leaderCommit=4, initializing? false, entries: <empty>: org.apache.ratis.thirdparty.io.grpc.StatusRuntimeException: CANCELLED: cancelled before receiving half close
2019-10-19 00:48:27,507 [main] INFO  server.GrpcService (GrpcService.java:closeImpl(172)) - aac91d0e-90b3-4924-955b-30866d4fff78: shutdown server with port 41659 successfully
2019-10-19 00:48:27,510 [grpc-default-executor-2] WARN  server.GrpcLogAppender (LogUtils.java:warn(134)) - b6ed77c0-0909-418c-a0c6-e1477b4e10c3@group-2DDA05B3685C->aac91d0e-90b3-4924-955b-30866d4fff78-AppendLogResponseHandler: Failed appendEntries: org.apache.ratis.thirdparty.io.grpc.StatusRuntimeException: CANCELLED: HTTP/2 error code: CANCEL
Received Rst Stream
2019-10-19 00:48:27,512 [refreshUsed-/workdir/hadoop-ozone/integration-test/target/test-dir/MiniOzoneClusterImpl-c55fde14-2fcc-439a-a3ad-d31aeefdbace/datanode-2/data/containers] WARN  fs.CachingGetSpaceUsed (CachingGetSpaceUsed.java:run(183)) - Thread Interrupted waiting to refresh disk information: sleep interrupted
2019-10-19 00:48:27,532 [main] INFO  utils.BackgroundService (BackgroundService.java:shutdown(151)) - Shutting down service BlockDeletingService
2019-10-19 00:48:27,536 [main] INFO  statemachine.DatanodeStateMachine (DatanodeStateMachine.java:stopDaemon(395)) - Ozone container server stopped.
2019-10-19 00:48:27,539 [main] INFO  handler.ContextHandler (ContextHandler.java:doStop(910)) - Stopped o.e.j.w.WebAppContext@43e9089{/,null,UNAVAILABLE}{/hddsDatanode}
2019-10-19 00:48:27,545 [main] INFO  server.AbstractConnector (AbstractConnector.java:doStop(318)) - Stopped ServerConnector@3c5dbdf8{HTTP/1.1,[http/1.1]}{0.0.0.0:0}
2019-10-19 00:48:27,545 [main] INFO  handler.ContextHandler (ContextHandler.java:doStop(910)) - Stopped o.e.j.s.ServletContextHandler@433348bc{/static,jar:file:/home/user/.m2/repository/org/apache/hadoop/hadoop-hdds-container-service/0.5.0-SNAPSHOT/hadoop-hdds-container-service-0.5.0-SNAPSHOT.jar!/webapps/static,UNAVAILABLE}
2019-10-19 00:48:27,546 [main] INFO  handler.ContextHandler (ContextHandler.java:doStop(910)) - Stopped o.e.j.s.ServletContextHandler@5fa23c{/logs,file:///workdir/hadoop-ozone/integration-test/target/log,UNAVAILABLE}
2019-10-19 00:48:30,552 [java.util.concurrent.ThreadPoolExecutor$Worker@419d75d[State = -1, empty queue]] WARN  server.GrpcLogAppender (GrpcLogAppender.java:timeoutAppendRequest(209)) - b6ed77c0-0909-418c-a0c6-e1477b4e10c3@group-2DDA05B3685C->aac91d0e-90b3-4924-955b-30866d4fff78-GrpcLogAppender: appendEntries Timeout, request=b6ed77c0-0909-418c-a0c6-e1477b4e10c3->aac91d0e-90b3-4924-955b-30866d4fff78#8-t2, previous=(t:2, i:4), leaderCommit=4, initializing? false, entries: size=1, first=(t:2, i:5), STATEMACHINELOGENTRY, client-5C1DDA748651, cid=8
2019-10-19 00:48:30,554 [java.util.concurrent.ThreadPoolExecutor$Worker@419d75d[State = -1, empty queue]] WARN  server.GrpcLogAppender (GrpcLogAppender.java:timeoutAppendRequest(209)) - b6ed77c0-0909-418c-a0c6-e1477b4e10c3@group-2DDA05B3685C->aac91d0e-90b3-4924-955b-30866d4fff78-GrpcLogAppender: appendEntries Timeout, request=b6ed77c0-0909-418c-a0c6-e1477b4e10c3->aac91d0e-90b3-4924-955b-30866d4fff78#9-t2, previous=(t:2, i:5), leaderCommit=4, initializing? false, entries: size=1, first=(t:2, i:6), STATEMACHINELOGENTRY, client-5C1DDA748651, cid=9
2019-10-19 00:48:30,562 [java.util.concurrent.ThreadPoolExecutor$Worker@419d75d[State = -1, empty queue]] WARN  server.GrpcLogAppender (GrpcLogAppender.java:timeoutAppendRequest(209)) - b6ed77c0-0909-418c-a0c6-e1477b4e10c3@group-2DDA05B3685C->aac91d0e-90b3-4924-955b-30866d4fff78-GrpcLogAppender: appendEntries Timeout, request=b6ed77c0-0909-418c-a0c6-e1477b4e10c3->aac91d0e-90b3-4924-955b-30866d4fff78#10-t2, previous=(t:2, i:6), leaderCommit=5, initializing? false, entries: size=1, first=(t:2, i:7), METADATAENTRY(c5)
2019-10-19 00:48:30,564 [java.util.concurrent.ThreadPoolExecutor$Worker@419d75d[State = -1, empty queue]] WARN  server.GrpcLogAppender (GrpcLogAppender.java:timeoutAppendRequest(209)) - b6ed77c0-0909-418c-a0c6-e1477b4e10c3@group-2DDA05B3685C->aac91d0e-90b3-4924-955b-30866d4fff78-GrpcLogAppender: appendEntries Timeout, request=b6ed77c0-0909-418c-a0c6-e1477b4e10c3->aac91d0e-90b3-4924-955b-30866d4fff78#11-t2, previous=(t:2, i:7), leaderCommit=6, initializing? false, entries: size=1, first=(t:2, i:8), METADATAENTRY(c6)
2019-10-19 00:48:33,065 [java.util.concurrent.ThreadPoolExecutor$Worker@419d75d[State = -1, empty queue]] WARN  server.GrpcLogAppender (GrpcLogAppender.java:timeoutAppendRequest(209)) - b6ed77c0-0909-418c-a0c6-e1477b4e10c3@group-2DDA05B3685C->aac91d0e-90b3-4924-955b-30866d4fff78-GrpcLogAppender: appendEntries Timeout, request=b6ed77c0-0909-418c-a0c6-e1477b4e10c3->aac91d0e-90b3-4924-955b-30866d4fff78#12-t2, previous=(t:2, i:8), leaderCommit=8, initializing? false, entries: <empty>
2019-10-19 00:48:35,566 [java.util.concurrent.ThreadPoolExecutor$Worker@419d75d[State = -1, empty queue]] WARN  server.GrpcLogAppender (GrpcLogAppender.java:timeoutAppendRequest(209)) - b6ed77c0-0909-418c-a0c6-e1477b4e10c3@group-2DDA05B3685C->aac91d0e-90b3-4924-955b-30866d4fff78-GrpcLogAppender: appendEntries Timeout, request=b6ed77c0-0909-418c-a0c6-e1477b4e10c3->aac91d0e-90b3-4924-955b-30866d4fff78#13-t2, previous=(t:2, i:8), leaderCommit=8, initializing? false, entries: <empty>
2019-10-19 00:48:37,590 [Thread-289] INFO  client.GrpcClientProtocolService (GrpcClientProtocolService.java:lambda$processClientRequest$0(278)) - Failed RaftClientRequest:client-5C1DDA748651->b6ed77c0-0909-418c-a0c6-e1477b4e10c3@group-2DDA05B3685C, cid=10, seq=0, Watch-ALL_COMMITTED(6), Message:<EMPTY>, reply=RaftClientReply:client-5C1DDA748651->b6ed77c0-0909-418c-a0c6-e1477b4e10c3@group-2DDA05B3685C, cid=10, FAILED org.apache.ratis.protocol.NotReplicatedException: Request with call Id 10 and log index 6 is not yet replicated to ALL_COMMITTED, logIndex=6, commits[b6ed77c0-0909-418c-a0c6-e1477b4e10c3:c8, 67511f02-1a53-40d3-ad7c-17f75ce9e42c:c8, aac91d0e-90b3-4924-955b-30866d4fff78:c4]
2019-10-19 00:48:38,067 [java.util.concurrent.ThreadPoolExecutor$Worker@419d75d[State = -1, empty queue]] WARN  server.GrpcLogAppender (GrpcLogAppender.java:timeoutAppendRequest(209)) - b6ed77c0-0909-418c-a0c6-e1477b4e10c3@group-2DDA05B3685C->aac91d0e-90b3-4924-955b-30866d4fff78-GrpcLogAppender: appendEntries Timeout, request=b6ed77c0-0909-418c-a0c6-e1477b4e10c3->aac91d0e-90b3-4924-955b-30866d4fff78#14-t2, previous=(t:2, i:8), leaderCommit=8, initializing? false, entries: <empty>
2019-10-19 00:48:40,569 [java.util.concurrent.ThreadPoolExecutor$Worker@419d75d[State = -1, empty queue]] WARN  server.GrpcLogAppender (GrpcLogAppender.java:timeoutAppendRequest(209)) - b6ed77c0-0909-418c-a0c6-e1477b4e10c3@group-2DDA05B3685C->aac91d0e-90b3-4924-955b-30866d4fff78-GrpcLogAppender: appendEntries Timeout, request=b6ed77c0-0909-418c-a0c6-e1477b4e10c3->aac91d0e-90b3-4924-955b-30866d4fff78#15-t2, previous=(t:2, i:8), leaderCommit=8, initializing? false, entries: <empty>
2019-10-19 00:48:43,070 [java.util.concurrent.ThreadPoolExecutor$Worker@419d75d[State = -1, empty queue]] WARN  server.GrpcLogAppender (GrpcLogAppender.java:timeoutAppendRequest(209)) - b6ed77c0-0909-418c-a0c6-e1477b4e10c3@group-2DDA05B3685C->aac91d0e-90b3-4924-955b-30866d4fff78-GrpcLogAppender: appendEntries Timeout, request=b6ed77c0-0909-418c-a0c6-e1477b4e10c3->aac91d0e-90b3-4924-955b-30866d4fff78#16-t2, previous=(t:2, i:8), leaderCommit=8, initializing? false, entries: <empty>
2019-10-19 00:48:45,571 [java.util.concurrent.ThreadPoolExecutor$Worker@419d75d[State = -1, empty queue]] WARN  server.GrpcLogAppender (GrpcLogAppender.java:timeoutAppendRequest(209)) - b6ed77c0-0909-418c-a0c6-e1477b4e10c3@group-2DDA05B3685C->aac91d0e-90b3-4924-955b-30866d4fff78-GrpcLogAppender: appendEntries Timeout, request=b6ed77c0-0909-418c-a0c6-e1477b4e10c3->aac91d0e-90b3-4924-955b-30866d4fff78#17-t2, previous=(t:2, i:8), leaderCommit=8, initializing? false, entries: <empty>
2019-10-19 00:48:48,072 [java.util.concurrent.ThreadPoolExecutor$Worker@419d75d[State = -1, empty queue]] WARN  server.GrpcLogAppender (GrpcLogAppender.java:timeoutAppendRequest(209)) - b6ed77c0-0909-418c-a0c6-e1477b4e10c3@group-2DDA05B3685C->aac91d0e-90b3-4924-955b-30866d4fff78-GrpcLogAppender: appendEntries Timeout, request=b6ed77c0-0909-418c-a0c6-e1477b4e10c3->aac91d0e-90b3-4924-955b-30866d4fff78#18-t2, previous=(t:2, i:8), leaderCommit=8, initializing? false, entries: <empty>
2019-10-19 00:48:48,584 [Thread-300] INFO  client.GrpcClientProtocolService (GrpcClientProtocolService.java:lambda$processClientRequest$0(278)) - Failed RaftClientRequest:client-5C1DDA748651->b6ed77c0-0909-418c-a0c6-e1477b4e10c3@group-2DDA05B3685C, cid=10, seq=0, Watch-ALL_COMMITTED(6), Message:<EMPTY>, reply=RaftClientReply:client-5C1DDA748651->b6ed77c0-0909-418c-a0c6-e1477b4e10c3@group-2DDA05B3685C, cid=10, FAILED org.apache.ratis.protocol.NotReplicatedException: Request with call Id 10 and log index 6 is not yet replicated to ALL_COMMITTED, logIndex=6, commits[b6ed77c0-0909-418c-a0c6-e1477b4e10c3:c8, 67511f02-1a53-40d3-ad7c-17f75ce9e42c:c8, aac91d0e-90b3-4924-955b-30866d4fff78:c4]
2019-10-19 00:48:50,573 [java.util.concurrent.ThreadPoolExecutor$Worker@419d75d[State = -1, empty queue]] WARN  server.GrpcLogAppender (GrpcLogAppender.java:timeoutAppendRequest(209)) - b6ed77c0-0909-418c-a0c6-e1477b4e10c3@group-2DDA05B3685C->aac91d0e-90b3-4924-955b-30866d4fff78-GrpcLogAppender: appendEntries Timeout, request=b6ed77c0-0909-418c-a0c6-e1477b4e10c3->aac91d0e-90b3-4924-955b-30866d4fff78#19-t2, previous=(t:2, i:8), leaderCommit=8, initializing? false, entries: <empty>
2019-10-19 00:48:53,075 [java.util.concurrent.ThreadPoolExecutor$Worker@419d75d[State = -1, empty queue]] WARN  server.GrpcLogAppender (GrpcLogAppender.java:timeoutAppendRequest(209)) - b6ed77c0-0909-418c-a0c6-e1477b4e10c3@group-2DDA05B3685C->aac91d0e-90b3-4924-955b-30866d4fff78-GrpcLogAppender: appendEntries Timeout, request=b6ed77c0-0909-418c-a0c6-e1477b4e10c3->aac91d0e-90b3-4924-955b-30866d4fff78#20-t2, previous=(t:2, i:8), leaderCommit=8, initializing? false, entries: <empty>
2019-10-19 00:48:55,578 [java.util.concurrent.ThreadPoolExecutor$Worker@419d75d[State = -1, empty queue]] WARN  server.GrpcLogAppender (GrpcLogAppender.java:timeoutAppendRequest(209)) - b6ed77c0-0909-418c-a0c6-e1477b4e10c3@group-2DDA05B3685C->aac91d0e-90b3-4924-955b-30866d4fff78-GrpcLogAppender: appendEntries Timeout, request=b6ed77c0-0909-418c-a0c6-e1477b4e10c3->aac91d0e-90b3-4924-955b-30866d4fff78#21-t2, previous=(t:2, i:8), leaderCommit=8, initializing? false, entries: <empty>
2019-10-19 00:48:56,654 [Thread-306] INFO  client.GrpcClientProtocolService (GrpcClientProtocolService.java:lambda$processClientRequest$0(278)) - Failed RaftClientRequest:client-5C1DDA748651->67511f02-1a53-40d3-ad7c-17f75ce9e42c@group-2DDA05B3685C, cid=10, seq=0, Watch-ALL_COMMITTED(6), Message:<EMPTY>, reply=RaftClientReply:client-5C1DDA748651->67511f02-1a53-40d3-ad7c-17f75ce9e42c@group-2DDA05B3685C, cid=10, FAILED org.apache.ratis.protocol.NotLeaderException: Server 67511f02-1a53-40d3-ad7c-17f75ce9e42c@group-2DDA05B3685C is not the leader b6ed77c0-0909-418c-a0c6-e1477b4e10c3:192.168.157.213:33232, logIndex=0, commits[67511f02-1a53-40d3-ad7c-17f75ce9e42c:c8, aac91d0e-90b3-4924-955b-30866d4fff78:c4, b6ed77c0-0909-418c-a0c6-e1477b4e10c3:c8]
2019-10-19 00:48:57,577 [main] WARN  scm.XceiverClientRatis (XceiverClientRatis.java:watchForCommit(277)) - 3 way commit failed on pipeline Pipeline[ Id: 2739136e-9e24-467a-9fde-2dda05b3685c, Nodes: b6ed77c0-0909-418c-a0c6-e1477b4e10c3{ip: 192.168.157.213, host: pr-hdds-2333-xd9jc-2947872914, networkLocation: /default-rack, certSerialId: null}aac91d0e-90b3-4924-955b-30866d4fff78{ip: 192.168.157.213, host: pr-hdds-2333-xd9jc-2947872914, networkLocation: /default-rack, certSerialId: null}67511f02-1a53-40d3-ad7c-17f75ce9e42c{ip: 192.168.157.213, host: pr-hdds-2333-xd9jc-2947872914, networkLocation: /default-rack, certSerialId: null}, Type:RATIS, Factor:THREE, State:OPEN]
java.util.concurrent.TimeoutException
	at java.util.concurrent.CompletableFuture.timedGet(CompletableFuture.java:1771)
	at java.util.concurrent.CompletableFuture.get(CompletableFuture.java:1915)
	at org.apache.hadoop.hdds.scm.XceiverClientRatis.watchForCommit(XceiverClientRatis.java:274)
	at org.apache.hadoop.hdds.scm.storage.CommitWatcher.watchForCommit(CommitWatcher.java:198)
	at org.apache.hadoop.hdds.scm.storage.CommitWatcher.watchOnLastIndex(CommitWatcher.java:161)
	at org.apache.hadoop.hdds.scm.storage.BlockOutputStream.watchForCommit(BlockOutputStream.java:346)
	at org.apache.hadoop.hdds.scm.storage.BlockOutputStream.handleFlush(BlockOutputStream.java:482)
	at org.apache.hadoop.hdds.scm.storage.BlockOutputStream.close(BlockOutputStream.java:496)
	at org.apache.hadoop.ozone.client.io.BlockOutputStreamEntry.close(BlockOutputStreamEntry.java:143)
	at org.apache.hadoop.ozone.client.io.KeyOutputStream.handleFlushOrClose(KeyOutputStream.java:435)
	at org.apache.hadoop.ozone.client.io.KeyOutputStream.close(KeyOutputStream.java:473)
	at org.apache.hadoop.ozone.client.io.OzoneOutputStream.close(OzoneOutputStream.java:60)
	at org.apache.hadoop.ozone.client.rpc.TestDeleteWithSlowFollower.testDeleteKeyWithSlowFollower(TestDeleteWithSlowFollower.java:193)
	at sun.reflect.NativeMethodAccessorImpl.invoke0(Native Method)
	at sun.reflect.NativeMethodAccessorImpl.invoke(NativeMethodAccessorImpl.java:62)
	at sun.reflect.DelegatingMethodAccessorImpl.invoke(DelegatingMethodAccessorImpl.java:43)
	at java.lang.reflect.Method.invoke(Method.java:498)
	at org.junit.runners.model.FrameworkMethod$1.runReflectiveCall(FrameworkMethod.java:47)
	at org.junit.internal.runners.model.ReflectiveCallable.run(ReflectiveCallable.java:12)
	at org.junit.runners.model.FrameworkMethod.invokeExplosively(FrameworkMethod.java:44)
	at org.junit.internal.runners.statements.InvokeMethod.evaluate(InvokeMethod.java:17)
	at org.junit.runners.ParentRunner.runLeaf(ParentRunner.java:271)
	at org.junit.runners.BlockJUnit4ClassRunner.runChild(BlockJUnit4ClassRunner.java:70)
	at org.junit.runners.BlockJUnit4ClassRunner.runChild(BlockJUnit4ClassRunner.java:50)
	at org.junit.runners.ParentRunner$3.run(ParentRunner.java:238)
	at org.junit.runners.ParentRunner$1.schedule(ParentRunner.java:63)
	at org.junit.runners.ParentRunner.runChildren(ParentRunner.java:236)
	at org.junit.runners.ParentRunner.access$000(ParentRunner.java:53)
	at org.junit.runners.ParentRunner$2.evaluate(ParentRunner.java:229)
	at org.junit.internal.runners.statements.RunBefores.evaluate(RunBefores.java:26)
	at org.junit.internal.runners.statements.RunAfters.evaluate(RunAfters.java:27)
	at org.junit.runners.ParentRunner.run(ParentRunner.java:309)
	at org.apache.maven.surefire.junit4.JUnit4Provider.execute(JUnit4Provider.java:365)
	at org.apache.maven.surefire.junit4.JUnit4Provider.executeWithRerun(JUnit4Provider.java:273)
	at org.apache.maven.surefire.junit4.JUnit4Provider.executeTestSet(JUnit4Provider.java:238)
	at org.apache.maven.surefire.junit4.JUnit4Provider.invoke(JUnit4Provider.java:159)
	at org.apache.maven.surefire.booter.ForkedBooter.invokeProviderInSameClassLoader(ForkedBooter.java:384)
	at org.apache.maven.surefire.booter.ForkedBooter.runSuitesInProcess(ForkedBooter.java:345)
	at org.apache.maven.surefire.booter.ForkedBooter.execute(ForkedBooter.java:126)
	at org.apache.maven.surefire.booter.ForkedBooter.main(ForkedBooter.java:418)
2019-10-19 00:48:57,594 [main] INFO  scm.XceiverClientRatis (XceiverClientRatis.java:lambda$watchForCommit$5(295)) - Could not commit index 6 on pipeline Pipeline[ Id: 2739136e-9e24-467a-9fde-2dda05b3685c, Nodes: b6ed77c0-0909-418c-a0c6-e1477b4e10c3{ip: 192.168.157.213, host: pr-hdds-2333-xd9jc-2947872914, networkLocation: /default-rack, certSerialId: null}aac91d0e-90b3-4924-955b-30866d4fff78{ip: 192.168.157.213, host: pr-hdds-2333-xd9jc-2947872914, networkLocation: /default-rack, certSerialId: null}67511f02-1a53-40d3-ad7c-17f75ce9e42c{ip: 192.168.157.213, host: pr-hdds-2333-xd9jc-2947872914, networkLocation: /default-rack, certSerialId: null}, Type:RATIS, Factor:THREE, State:OPEN] to all the nodes. Server aac91d0e-90b3-4924-955b-30866d4fff78 has failed. Committed by majority.
2019-10-19 00:48:57,594 [main] WARN  storage.BlockOutputStream (BlockOutputStream.java:watchForCommit(352)) - Failed to commit BlockId conID: 1 locID: 102986291736608768 bcsId: 6 on Pipeline[ Id: 2739136e-9e24-467a-9fde-2dda05b3685c, Nodes: b6ed77c0-0909-418c-a0c6-e1477b4e10c3{ip: 192.168.157.213, host: pr-hdds-2333-xd9jc-2947872914, networkLocation: /default-rack, certSerialId: null}aac91d0e-90b3-4924-955b-30866d4fff78{ip: 192.168.157.213, host: pr-hdds-2333-xd9jc-2947872914, networkLocation: /default-rack, certSerialId: null}67511f02-1a53-40d3-ad7c-17f75ce9e42c{ip: 192.168.157.213, host: pr-hdds-2333-xd9jc-2947872914, networkLocation: /default-rack, certSerialId: null}, Type:RATIS, Factor:THREE, State:OPEN]. Failed nodes: [aac91d0e-90b3-4924-955b-30866d4fff78{ip: null, host: null, networkLocation: /default-rack, certSerialId: null}]
2019-10-19 00:48:57,671 [EventQueue-IncrementalContainerReportForIncrementalContainerReportHandler] WARN  container.IncrementalContainerReportHandler (AbstractContainerReportHandler.java:updateContainerState(145)) - Container #1 is in OPEN state, but the datanode b6ed77c0-0909-418c-a0c6-e1477b4e10c3{ip: 192.168.157.213, host: pr-hdds-2333-xd9jc-2947872914, networkLocation: /default-rack, certSerialId: null} reports an CLOSING replica.
2019-10-19 00:48:57,681 [RatisApplyTransactionExecutor 1] INFO  interfaces.Container (KeyValueContainer.java:flushAndSyncDB(386)) - Container 1 is synced with bcsId 6.
2019-10-19 00:48:57,683 [RatisApplyTransactionExecutor 1] INFO  interfaces.Container (KeyValueContainer.java:flushAndSyncDB(386)) - Container 1 is synced with bcsId 6.
2019-10-19 00:48:57,708 [RatisApplyTransactionExecutor 1] INFO  interfaces.Container (KeyValueContainer.java:close(335)) - Container 1 is closed with bcsId 6.
2019-10-19 00:48:57,710 [EventQueue-IncrementalContainerReportForIncrementalContainerReportHandler] WARN  container.IncrementalContainerReportHandler (AbstractContainerReportHandler.java:updateContainerState(145)) - Container #1 is in OPEN state, but the datanode 67511f02-1a53-40d3-ad7c-17f75ce9e42c{ip: 192.168.157.213, host: pr-hdds-2333-xd9jc-2947872914, networkLocation: /default-rack, certSerialId: null} reports an CLOSING replica.
2019-10-19 00:48:57,710 [EventQueue-IncrementalContainerReportForIncrementalContainerReportHandler] WARN  container.IncrementalContainerReportHandler (AbstractContainerReportHandler.java:updateContainerState(145)) - Container #1 is in OPEN state, but the datanode b6ed77c0-0909-418c-a0c6-e1477b4e10c3{ip: 192.168.157.213, host: pr-hdds-2333-xd9jc-2947872914, networkLocation: /default-rack, certSerialId: null} reports an CLOSED replica.
2019-10-19 00:48:57,712 [EventQueue-ContainerReportForContainerReportHandler] WARN  container.ContainerReportHandler (AbstractContainerReportHandler.java:updateContainerState(145)) - Container #1 is in OPEN state, but the datanode b6ed77c0-0909-418c-a0c6-e1477b4e10c3{ip: 192.168.157.213, host: pr-hdds-2333-xd9jc-2947872914, networkLocation: /default-rack, certSerialId: null} reports an CLOSED replica.
2019-10-19 00:48:57,719 [RatisApplyTransactionExecutor 1] INFO  interfaces.Container (KeyValueContainer.java:flushAndSyncDB(386)) - Container 1 is synced with bcsId 6.
2019-10-19 00:48:57,720 [RatisApplyTransactionExecutor 1] INFO  interfaces.Container (KeyValueContainer.java:flushAndSyncDB(386)) - Container 1 is synced with bcsId 6.
2019-10-19 00:48:57,747 [RatisApplyTransactionExecutor 1] INFO  interfaces.Container (KeyValueContainer.java:close(335)) - Container 1 is closed with bcsId 6.
2019-10-19 00:48:57,749 [EventQueue-IncrementalContainerReportForIncrementalContainerReportHandler] WARN  container.IncrementalContainerReportHandler (AbstractContainerReportHandler.java:updateContainerState(145)) - Container #1 is in OPEN state, but the datanode 67511f02-1a53-40d3-ad7c-17f75ce9e42c{ip: 192.168.157.213, host: pr-hdds-2333-xd9jc-2947872914, networkLocation: /default-rack, certSerialId: null} reports an CLOSED replica.
2019-10-19 00:48:57,949 [EventQueue-ContainerReportForContainerReportHandler] WARN  container.ContainerReportHandler (AbstractContainerReportHandler.java:updateContainerState(145)) - Container #1 is in OPEN state, but the datanode 67511f02-1a53-40d3-ad7c-17f75ce9e42c{ip: 192.168.157.213, host: pr-hdds-2333-xd9jc-2947872914, networkLocation: /default-rack, certSerialId: null} reports an CLOSED replica.
2019-10-19 00:48:58,009 [EventQueue-ContainerReportForContainerReportHandler] WARN  container.ContainerReportHandler (AbstractContainerReportHandler.java:updateContainerState(145)) - Container #1 is in OPEN state, but the datanode b6ed77c0-0909-418c-a0c6-e1477b4e10c3{ip: 192.168.157.213, host: pr-hdds-2333-xd9jc-2947872914, networkLocation: /default-rack, certSerialId: null} reports an CLOSED replica.
2019-10-19 00:48:58,077 [IPC Server handler 7 on 34944] INFO  server.SCMBlockProtocolServer (SCMBlockProtocolServer.java:deleteKeyBlocks(212)) - SCM is informed by OM to delete 1 blocks
2019-10-19 00:48:58,078 [IPC Server handler 7 on 34944] INFO  block.BlockManagerImpl (BlockManagerImpl.java:deleteBlocks(285)) - Deleting blocks conID: 1 locID: 102986291736608768 bcsId: 0
2019-10-19 00:48:58,080 [java.util.concurrent.ThreadPoolExecutor$Worker@419d75d[State = -1, empty queue]] WARN  server.GrpcLogAppender (GrpcLogAppender.java:timeoutAppendRequest(209)) - b6ed77c0-0909-418c-a0c6-e1477b4e10c3@group-2DDA05B3685C->aac91d0e-90b3-4924-955b-30866d4fff78-GrpcLogAppender: appendEntries Timeout, request=b6ed77c0-0909-418c-a0c6-e1477b4e10c3->aac91d0e-90b3-4924-955b-30866d4fff78#22-t2, previous=(t:2, i:8), leaderCommit=8, initializing? false, entries: <empty>
2019-10-19 00:48:58,145 [BlockDeletingService#2] WARN  background.BlockDeletingService (BlockDeletingService.java:isDeletionAllowed(187)) - Close Container log Index 6 is not replicated across allthe servers in the pipeline 2739136e-9e24-467a-9fde-2dda05b3685c as the min replicated index is 4. Deletion is not allowed in this container yet.
2019-10-19 00:48:58,147 [BlockDeletingService#2] WARN  background.BlockDeletingService (BlockDeletingService.java:isDeletionAllowed(187)) - Close Container log Index 6 is not replicated across allthe servers in the pipeline 2739136e-9e24-467a-9fde-2dda05b3685c as the min replicated index is 4. Deletion is not allowed in this container yet.
2019-10-19 00:48:58,209 [EventQueue-ContainerReportForContainerReportHandler] WARN  container.ContainerReportHandler (AbstractContainerReportHandler.java:updateContainerState(145)) - Container #1 is in OPEN state, but the datanode b6ed77c0-0909-418c-a0c6-e1477b4e10c3{ip: 192.168.157.213, host: pr-hdds-2333-xd9jc-2947872914, networkLocation: /default-rack, certSerialId: null} reports an CLOSED replica.
2019-10-19 00:48:58,249 [EventQueue-ContainerReportForContainerReportHandler] WARN  container.ContainerReportHandler (AbstractContainerReportHandler.java:updateContainerState(145)) - Container #1 is in OPEN state, but the datanode 67511f02-1a53-40d3-ad7c-17f75ce9e42c{ip: 192.168.157.213, host: pr-hdds-2333-xd9jc-2947872914, networkLocation: /default-rack, certSerialId: null} reports an CLOSED replica.
2019-10-19 00:48:58,449 [EventQueue-ContainerReportForContainerReportHandler] WARN  container.ContainerReportHandler (AbstractContainerReportHandler.java:updateContainerState(145)) - Container #1 is in OPEN state, but the datanode 67511f02-1a53-40d3-ad7c-17f75ce9e42c{ip: 192.168.157.213, host: pr-hdds-2333-xd9jc-2947872914, networkLocation: /default-rack, certSerialId: null} reports an CLOSED replica.
2019-10-19 00:48:58,509 [EventQueue-ContainerReportForContainerReportHandler] WARN  container.ContainerReportHandler (AbstractContainerReportHandler.java:updateContainerState(145)) - Container #1 is in OPEN state, but the datanode b6ed77c0-0909-418c-a0c6-e1477b4e10c3{ip: 192.168.157.213, host: pr-hdds-2333-xd9jc-2947872914, networkLocation: /default-rack, certSerialId: null} reports an CLOSED replica.
2019-10-19 00:48:58,584 [Thread-320] INFO  client.GrpcClientProtocolService (GrpcClientProtocolService.java:lambda$processClientRequest$0(278)) - Failed RaftClientRequest:client-5C1DDA748651->b6ed77c0-0909-418c-a0c6-e1477b4e10c3@group-2DDA05B3685C, cid=10, seq=0, Watch-ALL_COMMITTED(6), Message:<EMPTY>, reply=RaftClientReply:client-5C1DDA748651->b6ed77c0-0909-418c-a0c6-e1477b4e10c3@group-2DDA05B3685C, cid=10, FAILED org.apache.ratis.protocol.NotReplicatedException: Request with call Id 10 and log index 6 is not yet replicated to ALL_COMMITTED, logIndex=6, commits[b6ed77c0-0909-418c-a0c6-e1477b4e10c3:c10, 67511f02-1a53-40d3-ad7c-17f75ce9e42c:c9, aac91d0e-90b3-4924-955b-30866d4fff78:c4]
2019-10-19 00:48:58,649 [EventQueue-ContainerReportForContainerReportHandler] WARN  container.ContainerReportHandler (AbstractContainerReportHandler.java:updateContainerState(145)) - Container #1 is in OPEN state, but the datanode 67511f02-1a53-40d3-ad7c-17f75ce9e42c{ip: 192.168.157.213, host: pr-hdds-2333-xd9jc-2947872914, networkLocation: /default-rack, certSerialId: null} reports an CLOSED replica.
2019-10-19 00:48:58,910 [EventQueue-ContainerReportForContainerReportHandler] WARN  container.ContainerReportHandler (AbstractContainerReportHandler.java:updateContainerState(145)) - Container #1 is in OPEN state, but the datanode b6ed77c0-0909-418c-a0c6-e1477b4e10c3{ip: 192.168.157.213, host: pr-hdds-2333-xd9jc-2947872914, networkLocation: /default-rack, certSerialId: null} reports an CLOSED replica.
2019-10-19 00:48:59,050 [EventQueue-ContainerReportForContainerReportHandler] WARN  container.ContainerReportHandler (AbstractContainerReportHandler.java:updateContainerState(145)) - Container #1 is in OPEN state, but the datanode 67511f02-1a53-40d3-ad7c-17f75ce9e42c{ip: 192.168.157.213, host: pr-hdds-2333-xd9jc-2947872914, networkLocation: /default-rack, certSerialId: null} reports an CLOSED replica.
2019-10-19 00:48:59,147 [BlockDeletingService#2] WARN  background.BlockDeletingService (BlockDeletingService.java:isDeletionAllowed(187)) - Close Container log Index 6 is not replicated across allthe servers in the pipeline 2739136e-9e24-467a-9fde-2dda05b3685c as the min replicated index is 4. Deletion is not allowed in this container yet.
2019-10-19 00:48:59,149 [BlockDeletingService#2] WARN  background.BlockDeletingService (BlockDeletingService.java:isDeletionAllowed(187)) - Close Container log Index 6 is not replicated across allthe servers in the pipeline 2739136e-9e24-467a-9fde-2dda05b3685c as the min replicated index is 4. Deletion is not allowed in this container yet.
2019-10-19 00:48:59,209 [EventQueue-ContainerReportForContainerReportHandler] WARN  container.ContainerReportHandler (AbstractContainerReportHandler.java:updateContainerState(145)) - Container #1 is in OPEN state, but the datanode b6ed77c0-0909-418c-a0c6-e1477b4e10c3{ip: 192.168.157.213, host: pr-hdds-2333-xd9jc-2947872914, networkLocation: /default-rack, certSerialId: null} reports an CLOSED replica.
2019-10-19 00:48:59,349 [EventQueue-ContainerReportForContainerReportHandler] WARN  container.ContainerReportHandler (AbstractContainerReportHandler.java:updateContainerState(145)) - Container #1 is in OPEN state, but the datanode 67511f02-1a53-40d3-ad7c-17f75ce9e42c{ip: 192.168.157.213, host: pr-hdds-2333-xd9jc-2947872914, networkLocation: /default-rack, certSerialId: null} reports an CLOSED replica.
2019-10-19 00:48:59,409 [EventQueue-ContainerReportForContainerReportHandler] WARN  container.ContainerReportHandler (AbstractContainerReportHandler.java:updateContainerState(145)) - Container #1 is in OPEN state, but the datanode b6ed77c0-0909-418c-a0c6-e1477b4e10c3{ip: 192.168.157.213, host: pr-hdds-2333-xd9jc-2947872914, networkLocation: /default-rack, certSerialId: null} reports an CLOSED replica.
2019-10-19 00:48:59,549 [EventQueue-ContainerReportForContainerReportHandler] WARN  container.ContainerReportHandler (AbstractContainerReportHandler.java:updateContainerState(145)) - Container #1 is in OPEN state, but the datanode 67511f02-1a53-40d3-ad7c-17f75ce9e42c{ip: 192.168.157.213, host: pr-hdds-2333-xd9jc-2947872914, networkLocation: /default-rack, certSerialId: null} reports an CLOSED replica.
2019-10-19 00:48:59,709 [EventQueue-ContainerReportForContainerReportHandler] WARN  container.ContainerReportHandler (AbstractContainerReportHandler.java:updateContainerState(145)) - Container #1 is in OPEN state, but the datanode b6ed77c0-0909-418c-a0c6-e1477b4e10c3{ip: 192.168.157.213, host: pr-hdds-2333-xd9jc-2947872914, networkLocation: /default-rack, certSerialId: null} reports an CLOSED replica.
2019-10-19 00:48:59,749 [EventQueue-ContainerReportForContainerReportHandler] WARN  container.ContainerReportHandler (AbstractContainerReportHandler.java:updateContainerState(145)) - Container #1 is in OPEN state, but the datanode 67511f02-1a53-40d3-ad7c-17f75ce9e42c{ip: 192.168.157.213, host: pr-hdds-2333-xd9jc-2947872914, networkLocation: /default-rack, certSerialId: null} reports an CLOSED replica.
2019-10-19 00:49:00,010 [EventQueue-ContainerReportForContainerReportHandler] WARN  container.ContainerReportHandler (AbstractContainerReportHandler.java:updateContainerState(145)) - Container #1 is in OPEN state, but the datanode b6ed77c0-0909-418c-a0c6-e1477b4e10c3{ip: 192.168.157.213, host: pr-hdds-2333-xd9jc-2947872914, networkLocation: /default-rack, certSerialId: null} reports an CLOSED replica.
2019-10-19 00:49:00,049 [EventQueue-ContainerReportForContainerReportHandler] WARN  container.ContainerReportHandler (AbstractContainerReportHandler.java:updateContainerState(145)) - Container #1 is in OPEN state, but the datanode 67511f02-1a53-40d3-ad7c-17f75ce9e42c{ip: 192.168.157.213, host: pr-hdds-2333-xd9jc-2947872914, networkLocation: /default-rack, certSerialId: null} reports an CLOSED replica.
2019-10-19 00:49:00,149 [BlockDeletingService#2] WARN  background.BlockDeletingService (BlockDeletingService.java:isDeletionAllowed(187)) - Close Container log Index 6 is not replicated across allthe servers in the pipeline 2739136e-9e24-467a-9fde-2dda05b3685c as the min replicated index is 4. Deletion is not allowed in this container yet.
2019-10-19 00:49:00,150 [BlockDeletingService#2] WARN  background.BlockDeletingService (BlockDeletingService.java:isDeletionAllowed(187)) - Close Container log Index 6 is not replicated across allthe servers in the pipeline 2739136e-9e24-467a-9fde-2dda05b3685c as the min replicated index is 4. Deletion is not allowed in this container yet.
2019-10-19 00:49:00,212 [EventQueue-ContainerReportForContainerReportHandler] WARN  container.ContainerReportHandler (AbstractContainerReportHandler.java:updateContainerState(145)) - Container #1 is in OPEN state, but the datanode b6ed77c0-0909-418c-a0c6-e1477b4e10c3{ip: 192.168.157.213, host: pr-hdds-2333-xd9jc-2947872914, networkLocation: /default-rack, certSerialId: null} reports an CLOSED replica.
2019-10-19 00:49:00,350 [EventQueue-ContainerReportForContainerReportHandler] WARN  container.ContainerReportHandler (AbstractContainerReportHandler.java:updateContainerState(145)) - Container #1 is in OPEN state, but the datanode 67511f02-1a53-40d3-ad7c-17f75ce9e42c{ip: 192.168.157.213, host: pr-hdds-2333-xd9jc-2947872914, networkLocation: /default-rack, certSerialId: null} reports an CLOSED replica.
2019-10-19 00:49:00,513 [EventQueue-ContainerReportForContainerReportHandler] WARN  container.ContainerReportHandler (AbstractContainerReportHandler.java:updateContainerState(145)) - Container #1 is in OPEN state, but the datanode b6ed77c0-0909-418c-a0c6-e1477b4e10c3{ip: 192.168.157.213, host: pr-hdds-2333-xd9jc-2947872914, networkLocation: /default-rack, certSerialId: null} reports an CLOSED replica.
2019-10-19 00:49:00,551 [EventQueue-ContainerReportForContainerReportHandler] WARN  container.ContainerReportHandler (AbstractContainerReportHandler.java:updateContainerState(145)) - Container #1 is in OPEN state, but the datanode 67511f02-1a53-40d3-ad7c-17f75ce9e42c{ip: 192.168.157.213, host: pr-hdds-2333-xd9jc-2947872914, networkLocation: /default-rack, certSerialId: null} reports an CLOSED replica.
2019-10-19 00:49:00,581 [java.util.concurrent.ThreadPoolExecutor$Worker@419d75d[State = -1, empty queue]] WARN  server.GrpcLogAppender (GrpcLogAppender.java:timeoutAppendRequest(209)) - b6ed77c0-0909-418c-a0c6-e1477b4e10c3@group-2DDA05B3685C->aac91d0e-90b3-4924-955b-30866d4fff78-GrpcLogAppender: appendEntries Timeout, request=b6ed77c0-0909-418c-a0c6-e1477b4e10c3->aac91d0e-90b3-4924-955b-30866d4fff78#23-t2, previous=(t:2, i:8), leaderCommit=8, initializing? false, entries: <empty>
2019-10-19 00:49:00,644 [java.util.concurrent.ThreadPoolExecutor$Worker@419d75d[State = -1, empty queue]] WARN  server.GrpcLogAppender (GrpcLogAppender.java:timeoutAppendRequest(209)) - b6ed77c0-0909-418c-a0c6-e1477b4e10c3@group-2DDA05B3685C->aac91d0e-90b3-4924-955b-30866d4fff78-GrpcLogAppender: appendEntries Timeout, request=b6ed77c0-0909-418c-a0c6-e1477b4e10c3->aac91d0e-90b3-4924-955b-30866d4fff78#24-t2, previous=(t:2, i:8), leaderCommit=8, initializing? false, entries: size=1, first=(t:2, i:9), STATEMACHINELOGENTRY, client-5597470D9144, cid=12
2019-10-19 00:49:00,657 [java.util.concurrent.ThreadPoolExecutor$Worker@419d75d[State = -1, empty queue]] WARN  server.GrpcLogAppender (GrpcLogAppender.java:timeoutAppendRequest(209)) - b6ed77c0-0909-418c-a0c6-e1477b4e10c3@group-2DDA05B3685C->aac91d0e-90b3-4924-955b-30866d4fff78-GrpcLogAppender: appendEntries Timeout, request=b6ed77c0-0909-418c-a0c6-e1477b4e10c3->aac91d0e-90b3-4924-955b-30866d4fff78#25-t2, previous=(t:2, i:9), leaderCommit=9, initializing? false, entries: size=1, first=(t:2, i:10), METADATAENTRY(c9)
2019-10-19 00:49:00,812 [EventQueue-ContainerReportForContainerReportHandler] WARN  container.ContainerReportHandler (AbstractContainerReportHandler.java:updateContainerState(145)) - Container #1 is in OPEN state, but the datanode b6ed77c0-0909-418c-a0c6-e1477b4e10c3{ip: 192.168.157.213, host: pr-hdds-2333-xd9jc-2947872914, networkLocation: /default-rack, certSerialId: null} reports an CLOSED replica.
2019-10-19 00:49:00,850 [EventQueue-ContainerReportForContainerReportHandler] WARN  container.ContainerReportHandler (AbstractContainerReportHandler.java:updateContainerState(145)) - Container #1 is in OPEN state, but the datanode 67511f02-1a53-40d3-ad7c-17f75ce9e42c{ip: 192.168.157.213, host: pr-hdds-2333-xd9jc-2947872914, networkLocation: /default-rack, certSerialId: null} reports an CLOSED replica.
2019-10-19 00:49:01,113 [EventQueue-ContainerReportForContainerReportHandler] WARN  container.ContainerReportHandler (AbstractContainerReportHandler.java:updateContainerState(145)) - Container #1 is in OPEN state, but the datanode b6ed77c0-0909-418c-a0c6-e1477b4e10c3{ip: 192.168.157.213, host: pr-hdds-2333-xd9jc-2947872914, networkLocation: /default-rack, certSerialId: null} reports an CLOSED replica.
2019-10-19 00:49:01,150 [EventQueue-ContainerReportForContainerReportHandler] WARN  container.ContainerReportHandler (AbstractContainerReportHandler.java:updateContainerState(145)) - Container #1 is in OPEN state, but the datanode 67511f02-1a53-40d3-ad7c-17f75ce9e42c{ip: 192.168.157.213, host: pr-hdds-2333-xd9jc-2947872914, networkLocation: /default-rack, certSerialId: null} reports an CLOSED replica.
2019-10-19 00:49:01,158 [BlockDeletingService#2] WARN  background.BlockDeletingService (BlockDeletingService.java:isDeletionAllowed(187)) - Close Container log Index 6 is not replicated across allthe servers in the pipeline 2739136e-9e24-467a-9fde-2dda05b3685c as the min replicated index is 4. Deletion is not allowed in this container yet.
2019-10-19 00:49:01,158 [BlockDeletingService#2] WARN  background.BlockDeletingService (BlockDeletingService.java:isDeletionAllowed(187)) - Close Container log Index 6 is not replicated across allthe servers in the pipeline 2739136e-9e24-467a-9fde-2dda05b3685c as the min replicated index is 4. Deletion is not allowed in this container yet.
2019-10-19 00:49:01,412 [EventQueue-ContainerReportForContainerReportHandler] WARN  container.ContainerReportHandler (AbstractContainerReportHandler.java:updateContainerState(145)) - Container #1 is in OPEN state, but the datanode b6ed77c0-0909-418c-a0c6-e1477b4e10c3{ip: 192.168.157.213, host: pr-hdds-2333-xd9jc-2947872914, networkLocation: /default-rack, certSerialId: null} reports an CLOSED replica.
2019-10-19 00:49:01,450 [EventQueue-ContainerReportForContainerReportHandler] WARN  container.ContainerReportHandler (AbstractContainerReportHandler.java:updateContainerState(145)) - Container #1 is in OPEN state, but the datanode 67511f02-1a53-40d3-ad7c-17f75ce9e42c{ip: 192.168.157.213, host: pr-hdds-2333-xd9jc-2947872914, networkLocation: /default-rack, certSerialId: null} reports an CLOSED replica.
2019-10-19 00:49:01,712 [EventQueue-ContainerReportForContainerReportHandler] WARN  container.ContainerReportHandler (AbstractContainerReportHandler.java:updateContainerState(145)) - Container #1 is in OPEN state, but the datanode b6ed77c0-0909-418c-a0c6-e1477b4e10c3{ip: 192.168.157.213, host: pr-hdds-2333-xd9jc-2947872914, networkLocation: /default-rack, certSerialId: null} reports an CLOSED replica.
2019-10-19 00:49:01,750 [EventQueue-ContainerReportForContainerReportHandler] WARN  container.ContainerReportHandler (AbstractContainerReportHandler.java:updateContainerState(145)) - Container #1 is in OPEN state, but the datanode 67511f02-1a53-40d3-ad7c-17f75ce9e42c{ip: 192.168.157.213, host: pr-hdds-2333-xd9jc-2947872914, networkLocation: /default-rack, certSerialId: null} reports an CLOSED replica.
2019-10-19 00:49:02,012 [EventQueue-ContainerReportForContainerReportHandler] WARN  container.ContainerReportHandler (AbstractContainerReportHandler.java:updateContainerState(145)) - Container #1 is in OPEN state, but the datanode b6ed77c0-0909-418c-a0c6-e1477b4e10c3{ip: 192.168.157.213, host: pr-hdds-2333-xd9jc-2947872914, networkLocation: /default-rack, certSerialId: null} reports an CLOSED replica.
2019-10-19 00:49:02,151 [EventQueue-ContainerReportForContainerReportHandler] WARN  container.ContainerReportHandler (AbstractContainerReportHandler.java:updateContainerState(145)) - Container #1 is in OPEN state, but the datanode 67511f02-1a53-40d3-ad7c-17f75ce9e42c{ip: 192.168.157.213, host: pr-hdds-2333-xd9jc-2947872914, networkLocation: /default-rack, certSerialId: null} reports an CLOSED replica.
2019-10-19 00:49:02,163 [BlockDeletingService#2] WARN  background.BlockDeletingService (BlockDeletingService.java:isDeletionAllowed(187)) - Close Container log Index 6 is not replicated across allthe servers in the pipeline 2739136e-9e24-467a-9fde-2dda05b3685c as the min replicated index is 4. Deletion is not allowed in this container yet.
2019-10-19 00:49:02,163 [BlockDeletingService#2] WARN  background.BlockDeletingService (BlockDeletingService.java:isDeletionAllowed(187)) - Close Container log Index 6 is not replicated across allthe servers in the pipeline 2739136e-9e24-467a-9fde-2dda05b3685c as the min replicated index is 4. Deletion is not allowed in this container yet.
2019-10-19 00:49:02,312 [EventQueue-ContainerReportForContainerReportHandler] WARN  container.ContainerReportHandler (AbstractContainerReportHandler.java:updateContainerState(145)) - Container #1 is in OPEN state, but the datanode b6ed77c0-0909-418c-a0c6-e1477b4e10c3{ip: 192.168.157.213, host: pr-hdds-2333-xd9jc-2947872914, networkLocation: /default-rack, certSerialId: null} reports an CLOSED replica.
2019-10-19 00:49:02,453 [EventQueue-ContainerReportForContainerReportHandler] WARN  container.ContainerReportHandler (AbstractContainerReportHandler.java:updateContainerState(145)) - Container #1 is in OPEN state, but the datanode 67511f02-1a53-40d3-ad7c-17f75ce9e42c{ip: 192.168.157.213, host: pr-hdds-2333-xd9jc-2947872914, networkLocation: /default-rack, certSerialId: null} reports an CLOSED replica.
2019-10-19 00:49:02,714 [EventQueue-ContainerReportForContainerReportHandler] WARN  container.ContainerReportHandler (AbstractContainerReportHandler.java:updateContainerState(145)) - Container #1 is in OPEN state, but the datanode b6ed77c0-0909-418c-a0c6-e1477b4e10c3{ip: 192.168.157.213, host: pr-hdds-2333-xd9jc-2947872914, networkLocation: /default-rack, certSerialId: null} reports an CLOSED replica.
2019-10-19 00:49:02,753 [EventQueue-ContainerReportForContainerReportHandler] WARN  container.ContainerReportHandler (AbstractContainerReportHandler.java:updateContainerState(145)) - Container #1 is in OPEN state, but the datanode 67511f02-1a53-40d3-ad7c-17f75ce9e42c{ip: 192.168.157.213, host: pr-hdds-2333-xd9jc-2947872914, networkLocation: /default-rack, certSerialId: null} reports an CLOSED replica.
2019-10-19 00:49:02,913 [EventQueue-ContainerReportForContainerReportHandler] WARN  container.ContainerReportHandler (AbstractContainerReportHandler.java:updateContainerState(145)) - Container #1 is in OPEN state, but the datanode b6ed77c0-0909-418c-a0c6-e1477b4e10c3{ip: 192.168.157.213, host: pr-hdds-2333-xd9jc-2947872914, networkLocation: /default-rack, certSerialId: null} reports an CLOSED replica.
2019-10-19 00:49:03,054 [EventQueue-ContainerReportForContainerReportHandler] WARN  container.ContainerReportHandler (AbstractContainerReportHandler.java:updateContainerState(145)) - Container #1 is in OPEN state, but the datanode 67511f02-1a53-40d3-ad7c-17f75ce9e42c{ip: 192.168.157.213, host: pr-hdds-2333-xd9jc-2947872914, networkLocation: /default-rack, certSerialId: null} reports an CLOSED replica.
2019-10-19 00:49:03,158 [java.util.concurrent.ThreadPoolExecutor$Worker@419d75d[State = -1, empty queue]] WARN  server.GrpcLogAppender (GrpcLogAppender.java:timeoutAppendRequest(209)) - b6ed77c0-0909-418c-a0c6-e1477b4e10c3@group-2DDA05B3685C->aac91d0e-90b3-4924-955b-30866d4fff78-GrpcLogAppender: appendEntries Timeout, request=b6ed77c0-0909-418c-a0c6-e1477b4e10c3->aac91d0e-90b3-4924-955b-30866d4fff78#26-t2, previous=(t:2, i:10), leaderCommit=10, initializing? false, entries: <empty>
2019-10-19 00:49:03,168 [BlockDeletingService#2] WARN  background.BlockDeletingService (BlockDeletingService.java:isDeletionAllowed(187)) - Close Container log Index 6 is not replicated across allthe servers in the pipeline 2739136e-9e24-467a-9fde-2dda05b3685c as the min replicated index is 4. Deletion is not allowed in this container yet.
2019-10-19 00:49:03,168 [BlockDeletingService#2] WARN  background.BlockDeletingService (BlockDeletingService.java:isDeletionAllowed(187)) - Close Container log Index 6 is not replicated across allthe servers in the pipeline 2739136e-9e24-467a-9fde-2dda05b3685c as the min replicated index is 4. Deletion is not allowed in this container yet.
2019-10-19 00:49:03,213 [EventQueue-ContainerReportForContainerReportHandler] WARN  container.ContainerReportHandler (AbstractContainerReportHandler.java:updateContainerState(145)) - Container #1 is in OPEN state, but the datanode b6ed77c0-0909-418c-a0c6-e1477b4e10c3{ip: 192.168.157.213, host: pr-hdds-2333-xd9jc-2947872914, networkLocation: /default-rack, certSerialId: null} reports an CLOSED replica.
2019-10-19 00:49:03,453 [EventQueue-ContainerReportForContainerReportHandler] WARN  container.ContainerReportHandler (AbstractContainerReportHandler.java:updateContainerState(145)) - Container #1 is in OPEN state, but the datanode 67511f02-1a53-40d3-ad7c-17f75ce9e42c{ip: 192.168.157.213, host: pr-hdds-2333-xd9jc-2947872914, networkLocation: /default-rack, certSerialId: null} reports an CLOSED replica.
2019-10-19 00:49:03,615 [EventQueue-ContainerReportForContainerReportHandler] WARN  container.ContainerReportHandler (AbstractContainerReportHandler.java:updateContainerState(145)) - Container #1 is in OPEN state, but the datanode b6ed77c0-0909-418c-a0c6-e1477b4e10c3{ip: 192.168.157.213, host: pr-hdds-2333-xd9jc-2947872914, networkLocation: /default-rack, certSerialId: null} reports an CLOSED replica.
2019-10-19 00:49:03,753 [EventQueue-ContainerReportForContainerReportHandler] WARN  container.ContainerReportHandler (AbstractContainerReportHandler.java:updateContainerState(145)) - Container #1 is in OPEN state, but the datanode 67511f02-1a53-40d3-ad7c-17f75ce9e42c{ip: 192.168.157.213, host: pr-hdds-2333-xd9jc-2947872914, networkLocation: /default-rack, certSerialId: null} reports an CLOSED replica.
2019-10-19 00:49:03,814 [EventQueue-ContainerReportForContainerReportHandler] WARN  container.ContainerReportHandler (AbstractContainerReportHandler.java:updateContainerState(145)) - Container #1 is in OPEN state, but the datanode b6ed77c0-0909-418c-a0c6-e1477b4e10c3{ip: 192.168.157.213, host: pr-hdds-2333-xd9jc-2947872914, networkLocation: /default-rack, certSerialId: null} reports an CLOSED replica.
2019-10-19 00:49:04,014 [EventQueue-ContainerReportForContainerReportHandler] WARN  container.ContainerReportHandler (AbstractContainerReportHandler.java:updateContainerState(145)) - Container #1 is in OPEN state, but the datanode b6ed77c0-0909-418c-a0c6-e1477b4e10c3{ip: 192.168.157.213, host: pr-hdds-2333-xd9jc-2947872914, networkLocation: /default-rack, certSerialId: null} reports an CLOSED replica.
2019-10-19 00:49:04,053 [EventQueue-ContainerReportForContainerReportHandler] WARN  container.ContainerReportHandler (AbstractContainerReportHandler.java:updateContainerState(145)) - Container #1 is in OPEN state, but the datanode 67511f02-1a53-40d3-ad7c-17f75ce9e42c{ip: 192.168.157.213, host: pr-hdds-2333-xd9jc-2947872914, networkLocation: /default-rack, certSerialId: null} reports an CLOSED replica.
2019-10-19 00:49:04,171 [BlockDeletingService#2] WARN  background.BlockDeletingService (BlockDeletingService.java:isDeletionAllowed(187)) - Close Container log Index 6 is not replicated across allthe servers in the pipeline 2739136e-9e24-467a-9fde-2dda05b3685c as the min replicated index is 4. Deletion is not allowed in this container yet.
2019-10-19 00:49:04,171 [BlockDeletingService#2] WARN  background.BlockDeletingService (BlockDeletingService.java:isDeletionAllowed(187)) - Close Container log Index 6 is not replicated across allthe servers in the pipeline 2739136e-9e24-467a-9fde-2dda05b3685c as the min replicated index is 4. Deletion is not allowed in this container yet.
2019-10-19 00:49:04,253 [EventQueue-ContainerReportForContainerReportHandler] WARN  container.ContainerReportHandler (AbstractContainerReportHandler.java:updateContainerState(145)) - Container #1 is in OPEN state, but the datanode 67511f02-1a53-40d3-ad7c-17f75ce9e42c{ip: 192.168.157.213, host: pr-hdds-2333-xd9jc-2947872914, networkLocation: /default-rack, certSerialId: null} reports an CLOSED replica.
2019-10-19 00:49:04,314 [EventQueue-ContainerReportForContainerReportHandler] WARN  container.ContainerReportHandler (AbstractContainerReportHandler.java:updateContainerState(145)) - Container #1 is in OPEN state, but the datanode b6ed77c0-0909-418c-a0c6-e1477b4e10c3{ip: 192.168.157.213, host: pr-hdds-2333-xd9jc-2947872914, networkLocation: /default-rack, certSerialId: null} reports an CLOSED replica.
2019-10-19 00:49:04,553 [EventQueue-ContainerReportForContainerReportHandler] WARN  container.ContainerReportHandler (AbstractContainerReportHandler.java:updateContainerState(145)) - Container #1 is in OPEN state, but the datanode 67511f02-1a53-40d3-ad7c-17f75ce9e42c{ip: 192.168.157.213, host: pr-hdds-2333-xd9jc-2947872914, networkLocation: /default-rack, certSerialId: null} reports an CLOSED replica.
2019-10-19 00:49:04,614 [EventQueue-ContainerReportForContainerReportHandler] WARN  container.ContainerReportHandler (AbstractContainerReportHandler.java:updateContainerState(145)) - Container #1 is in OPEN state, but the datanode b6ed77c0-0909-418c-a0c6-e1477b4e10c3{ip: 192.168.157.213, host: pr-hdds-2333-xd9jc-2947872914, networkLocation: /default-rack, certSerialId: null} reports an CLOSED replica.
2019-10-19 00:49:04,855 [EventQueue-ContainerReportForContainerReportHandler] WARN  container.ContainerReportHandler (AbstractContainerReportHandler.java:updateContainerState(145)) - Container #1 is in OPEN state, but the datanode 67511f02-1a53-40d3-ad7c-17f75ce9e42c{ip: 192.168.157.213, host: pr-hdds-2333-xd9jc-2947872914, networkLocation: /default-rack, certSerialId: null} reports an CLOSED replica.
2019-10-19 00:49:04,914 [EventQueue-ContainerReportForContainerReportHandler] WARN  container.ContainerReportHandler (AbstractContainerReportHandler.java:updateContainerState(145)) - Container #1 is in OPEN state, but the datanode b6ed77c0-0909-418c-a0c6-e1477b4e10c3{ip: 192.168.157.213, host: pr-hdds-2333-xd9jc-2947872914, networkLocation: /default-rack, certSerialId: null} reports an CLOSED replica.
2019-10-19 00:49:05,055 [EventQueue-ContainerReportForContainerReportHandler] WARN  container.ContainerReportHandler (AbstractContainerReportHandler.java:updateContainerState(145)) - Container #1 is in OPEN state, but the datanode 67511f02-1a53-40d3-ad7c-17f75ce9e42c{ip: 192.168.157.213, host: pr-hdds-2333-xd9jc-2947872914, networkLocation: /default-rack, certSerialId: null} reports an CLOSED replica.
2019-10-19 00:49:05,173 [BlockDeletingService#2] WARN  background.BlockDeletingService (BlockDeletingService.java:isDeletionAllowed(187)) - Close Container log Index 6 is not replicated across allthe servers in the pipeline 2739136e-9e24-467a-9fde-2dda05b3685c as the min replicated index is 4. Deletion is not allowed in this container yet.
2019-10-19 00:49:05,173 [BlockDeletingService#2] WARN  background.BlockDeletingService (BlockDeletingService.java:isDeletionAllowed(187)) - Close Container log Index 6 is not replicated across allthe servers in the pipeline 2739136e-9e24-467a-9fde-2dda05b3685c as the min replicated index is 4. Deletion is not allowed in this container yet.
2019-10-19 00:49:05,215 [EventQueue-ContainerReportForContainerReportHandler] WARN  container.ContainerReportHandler (AbstractContainerReportHandler.java:updateContainerState(145)) - Container #1 is in OPEN state, but the datanode b6ed77c0-0909-418c-a0c6-e1477b4e10c3{ip: 192.168.157.213, host: pr-hdds-2333-xd9jc-2947872914, networkLocation: /default-rack, certSerialId: null} reports an CLOSED replica.
2019-10-19 00:49:05,454 [EventQueue-ContainerReportForContainerReportHandler] WARN  container.ContainerReportHandler (AbstractContainerReportHandler.java:updateContainerState(145)) - Container #1 is in OPEN state, but the datanode 67511f02-1a53-40d3-ad7c-17f75ce9e42c{ip: 192.168.157.213, host: pr-hdds-2333-xd9jc-2947872914, networkLocation: /default-rack, certSerialId: null} reports an CLOSED replica.
2019-10-19 00:49:05,515 [EventQueue-ContainerReportForContainerReportHandler] WARN  container.ContainerReportHandler (AbstractContainerReportHandler.java:updateContainerState(145)) - Container #1 is in OPEN state, but the datanode b6ed77c0-0909-418c-a0c6-e1477b4e10c3{ip: 192.168.157.213, host: pr-hdds-2333-xd9jc-2947872914, networkLocation: /default-rack, certSerialId: null} reports an CLOSED replica.
2019-10-19 00:49:05,661 [java.util.concurrent.ThreadPoolExecutor$Worker@419d75d[State = -1, empty queue]] WARN  server.GrpcLogAppender (GrpcLogAppender.java:timeoutAppendRequest(209)) - b6ed77c0-0909-418c-a0c6-e1477b4e10c3@group-2DDA05B3685C->aac91d0e-90b3-4924-955b-30866d4fff78-GrpcLogAppender: appendEntries Timeout, request=b6ed77c0-0909-418c-a0c6-e1477b4e10c3->aac91d0e-90b3-4924-955b-30866d4fff78#27-t2, previous=(t:2, i:10), leaderCommit=10, initializing? false, entries: <empty>
2019-10-19 00:49:05,754 [EventQueue-ContainerReportForContainerReportHandler] WARN  container.ContainerReportHandler (AbstractContainerReportHandler.java:updateContainerState(145)) - Container #1 is in OPEN state, but the datanode 67511f02-1a53-40d3-ad7c-17f75ce9e42c{ip: 192.168.157.213, host: pr-hdds-2333-xd9jc-2947872914, networkLocation: /default-rack, certSerialId: null} reports an CLOSED replica.
2019-10-19 00:49:05,815 [EventQueue-ContainerReportForContainerReportHandler] WARN  container.ContainerReportHandler (AbstractContainerReportHandler.java:updateContainerState(145)) - Container #1 is in OPEN state, but the datanode b6ed77c0-0909-418c-a0c6-e1477b4e10c3{ip: 192.168.157.213, host: pr-hdds-2333-xd9jc-2947872914, networkLocation: /default-rack, certSerialId: null} reports an CLOSED replica.
2019-10-19 00:49:06,015 [EventQueue-ContainerReportForContainerReportHandler] WARN  container.ContainerReportHandler (AbstractContainerReportHandler.java:updateContainerState(145)) - Container #1 is in OPEN state, but the datanode b6ed77c0-0909-418c-a0c6-e1477b4e10c3{ip: 192.168.157.213, host: pr-hdds-2333-xd9jc-2947872914, networkLocation: /default-rack, certSerialId: null} reports an CLOSED replica.
2019-10-19 00:49:06,156 [EventQueue-ContainerReportForContainerReportHandler] WARN  container.ContainerReportHandler (AbstractContainerReportHandler.java:updateContainerState(145)) - Container #1 is in OPEN state, but the datanode 67511f02-1a53-40d3-ad7c-17f75ce9e42c{ip: 192.168.157.213, host: pr-hdds-2333-xd9jc-2947872914, networkLocation: /default-rack, certSerialId: null} reports an CLOSED replica.
2019-10-19 00:49:06,176 [BlockDeletingService#2] WARN  background.BlockDeletingService (BlockDeletingService.java:isDeletionAllowed(187)) - Close Container log Index 6 is not replicated across allthe servers in the pipeline 2739136e-9e24-467a-9fde-2dda05b3685c as the min replicated index is 4. Deletion is not allowed in this container yet.
2019-10-19 00:49:06,176 [BlockDeletingService#2] WARN  background.BlockDeletingService (BlockDeletingService.java:isDeletionAllowed(187)) - Close Container log Index 6 is not replicated across allthe servers in the pipeline 2739136e-9e24-467a-9fde-2dda05b3685c as the min replicated index is 4. Deletion is not allowed in this container yet.
2019-10-19 00:49:06,316 [EventQueue-ContainerReportForContainerReportHandler] WARN  container.ContainerReportHandler (AbstractContainerReportHandler.java:updateContainerState(145)) - Container #1 is in OPEN state, but the datanode b6ed77c0-0909-418c-a0c6-e1477b4e10c3{ip: 192.168.157.213, host: pr-hdds-2333-xd9jc-2947872914, networkLocation: /default-rack, certSerialId: null} reports an CLOSED replica.
2019-10-19 00:49:06,356 [EventQueue-ContainerReportForContainerReportHandler] WARN  container.ContainerReportHandler (AbstractContainerReportHandler.java:updateContainerState(145)) - Container #1 is in OPEN state, but the datanode 67511f02-1a53-40d3-ad7c-17f75ce9e42c{ip: 192.168.157.213, host: pr-hdds-2333-xd9jc-2947872914, networkLocation: /default-rack, certSerialId: null} reports an CLOSED replica.
2019-10-19 00:49:06,615 [EventQueue-ContainerReportForContainerReportHandler] WARN  container.ContainerReportHandler (AbstractContainerReportHandler.java:updateContainerState(145)) - Container #1 is in OPEN state, but the datanode b6ed77c0-0909-418c-a0c6-e1477b4e10c3{ip: 192.168.157.213, host: pr-hdds-2333-xd9jc-2947872914, networkLocation: /default-rack, certSerialId: null} reports an CLOSED replica.
2019-10-19 00:49:06,755 [EventQueue-ContainerReportForContainerReportHandler] WARN  container.ContainerReportHandler (AbstractContainerReportHandler.java:updateContainerState(145)) - Container #1 is in OPEN state, but the datanode 67511f02-1a53-40d3-ad7c-17f75ce9e42c{ip: 192.168.157.213, host: pr-hdds-2333-xd9jc-2947872914, networkLocation: /default-rack, certSerialId: null} reports an CLOSED replica.
2019-10-19 00:49:07,015 [EventQueue-ContainerReportForContainerReportHandler] WARN  container.ContainerReportHandler (AbstractContainerReportHandler.java:updateContainerState(145)) - Container #1 is in OPEN state, but the datanode b6ed77c0-0909-418c-a0c6-e1477b4e10c3{ip: 192.168.157.213, host: pr-hdds-2333-xd9jc-2947872914, networkLocation: /default-rack, certSerialId: null} reports an CLOSED replica.
2019-10-19 00:49:07,055 [EventQueue-ContainerReportForContainerReportHandler] WARN  container.ContainerReportHandler (AbstractContainerReportHandler.java:updateContainerState(145)) - Container #1 is in OPEN state, but the datanode 67511f02-1a53-40d3-ad7c-17f75ce9e42c{ip: 192.168.157.213, host: pr-hdds-2333-xd9jc-2947872914, networkLocation: /default-rack, certSerialId: null} reports an CLOSED replica.
2019-10-19 00:49:07,178 [BlockDeletingService#2] WARN  background.BlockDeletingService (BlockDeletingService.java:isDeletionAllowed(187)) - Close Container log Index 6 is not replicated across allthe servers in the pipeline 2739136e-9e24-467a-9fde-2dda05b3685c as the min replicated index is 4. Deletion is not allowed in this container yet.
2019-10-19 00:49:07,178 [BlockDeletingService#2] WARN  background.BlockDeletingService (BlockDeletingService.java:isDeletionAllowed(187)) - Close Container log Index 6 is not replicated across allthe servers in the pipeline 2739136e-9e24-467a-9fde-2dda05b3685c as the min replicated index is 4. Deletion is not allowed in this container yet.
2019-10-19 00:49:07,315 [EventQueue-ContainerReportForContainerReportHandler] WARN  container.ContainerReportHandler (AbstractContainerReportHandler.java:updateContainerState(145)) - Container #1 is in OPEN state, but the datanode b6ed77c0-0909-418c-a0c6-e1477b4e10c3{ip: 192.168.157.213, host: pr-hdds-2333-xd9jc-2947872914, networkLocation: /default-rack, certSerialId: null} reports an CLOSED replica.
2019-10-19 00:49:07,355 [EventQueue-ContainerReportForContainerReportHandler] WARN  container.ContainerReportHandler (AbstractContainerReportHandler.java:updateContainerState(145)) - Container #1 is in OPEN state, but the datanode 67511f02-1a53-40d3-ad7c-17f75ce9e42c{ip: 192.168.157.213, host: pr-hdds-2333-xd9jc-2947872914, networkLocation: /default-rack, certSerialId: null} reports an CLOSED replica.
2019-10-19 00:49:07,555 [EventQueue-ContainerReportForContainerReportHandler] WARN  container.ContainerReportHandler (AbstractContainerReportHandler.java:updateContainerState(145)) - Container #1 is in OPEN state, but the datanode 67511f02-1a53-40d3-ad7c-17f75ce9e42c{ip: 192.168.157.213, host: pr-hdds-2333-xd9jc-2947872914, networkLocation: /default-rack, certSerialId: null} reports an CLOSED replica.
2019-10-19 00:49:07,584 [Thread-346] INFO  client.GrpcClientProtocolService (GrpcClientProtocolService.java:lambda$processClientRequest$0(278)) - Failed RaftClientRequest:client-5C1DDA748651->b6ed77c0-0909-418c-a0c6-e1477b4e10c3@group-2DDA05B3685C, cid=10, seq=0, Watch-ALL_COMMITTED(6), Message:<EMPTY>, reply=RaftClientReply:client-5C1DDA748651->b6ed77c0-0909-418c-a0c6-e1477b4e10c3@group-2DDA05B3685C, cid=10, FAILED org.apache.ratis.protocol.NotReplicatedException: Request with call Id 10 and log index 6 is not yet replicated to ALL_COMMITTED, logIndex=6, commits[b6ed77c0-0909-418c-a0c6-e1477b4e10c3:c10, 67511f02-1a53-40d3-ad7c-17f75ce9e42c:c10, aac91d0e-90b3-4924-955b-30866d4fff78:c4]
2019-10-19 00:49:07,716 [EventQueue-ContainerReportForContainerReportHandler] WARN  container.ContainerReportHandler (AbstractContainerReportHandler.java:updateContainerState(145)) - Container #1 is in OPEN state, but the datanode b6ed77c0-0909-418c-a0c6-e1477b4e10c3{ip: 192.168.157.213, host: pr-hdds-2333-xd9jc-2947872914, networkLocation: /default-rack, certSerialId: null} reports an CLOSED replica.
2019-10-19 00:49:07,915 [EventQueue-ContainerReportForContainerReportHandler] WARN  container.ContainerReportHandler (AbstractContainerReportHandler.java:updateContainerState(145)) - Container #1 is in OPEN state, but the datanode b6ed77c0-0909-418c-a0c6-e1477b4e10c3{ip: 192.168.157.213, host: pr-hdds-2333-xd9jc-2947872914, networkLocation: /default-rack, certSerialId: null} reports an CLOSED replica.
2019-10-19 00:49:07,955 [EventQueue-ContainerReportForContainerReportHandler] WARN  container.ContainerReportHandler (AbstractContainerReportHandler.java:updateContainerState(145)) - Container #1 is in OPEN state, but the datanode 67511f02-1a53-40d3-ad7c-17f75ce9e42c{ip: 192.168.157.213, host: pr-hdds-2333-xd9jc-2947872914, networkLocation: /default-rack, certSerialId: null} reports an CLOSED replica.
2019-10-19 00:49:08,155 [EventQueue-ContainerReportForContainerReportHandler] WARN  container.ContainerReportHandler (AbstractContainerReportHandler.java:updateContainerState(145)) - Container #1 is in OPEN state, but the datanode 67511f02-1a53-40d3-ad7c-17f75ce9e42c{ip: 192.168.157.213, host: pr-hdds-2333-xd9jc-2947872914, networkLocation: /default-rack, certSerialId: null} reports an CLOSED replica.
2019-10-19 00:49:08,163 [java.util.concurrent.ThreadPoolExecutor$Worker@419d75d[State = -1, empty queue]] WARN  server.GrpcLogAppender (GrpcLogAppender.java:timeoutAppendRequest(209)) - b6ed77c0-0909-418c-a0c6-e1477b4e10c3@group-2DDA05B3685C->aac91d0e-90b3-4924-955b-30866d4fff78-GrpcLogAppender: appendEntries Timeout, request=b6ed77c0-0909-418c-a0c6-e1477b4e10c3->aac91d0e-90b3-4924-955b-30866d4fff78#28-t2, previous=(t:2, i:10), leaderCommit=10, initializing? false, entries: <empty>
2019-10-19 00:49:08,179 [BlockDeletingService#2] WARN  background.BlockDeletingService (BlockDeletingService.java:isDeletionAllowed(187)) - Close Container log Index 6 is not replicated across allthe servers in the pipeline 2739136e-9e24-467a-9fde-2dda05b3685c as the min replicated index is 4. Deletion is not allowed in this container yet.
2019-10-19 00:49:08,179 [BlockDeletingService#2] WARN  background.BlockDeletingService (BlockDeletingService.java:isDeletionAllowed(187)) - Close Container log Index 6 is not replicated across allthe servers in the pipeline 2739136e-9e24-467a-9fde-2dda05b3685c as the min replicated index is 4. Deletion is not allowed in this container yet.
2019-10-19 00:49:08,215 [EventQueue-ContainerReportForContainerReportHandler] WARN  container.ContainerReportHandler (AbstractContainerReportHandler.java:updateContainerState(145)) - Container #1 is in OPEN state, but the datanode b6ed77c0-0909-418c-a0c6-e1477b4e10c3{ip: 192.168.157.213, host: pr-hdds-2333-xd9jc-2947872914, networkLocation: /default-rack, certSerialId: null} reports an CLOSED replica.
2019-10-19 00:49:08,557 [EventQueue-ContainerReportForContainerReportHandler] WARN  container.ContainerReportHandler (AbstractContainerReportHandler.java:updateContainerState(145)) - Container #1 is in OPEN state, but the datanode 67511f02-1a53-40d3-ad7c-17f75ce9e42c{ip: 192.168.157.213, host: pr-hdds-2333-xd9jc-2947872914, networkLocation: /default-rack, certSerialId: null} reports an CLOSED replica.
2019-10-19 00:49:08,615 [EventQueue-ContainerReportForContainerReportHandler] WARN  container.ContainerReportHandler (AbstractContainerReportHandler.java:updateContainerState(145)) - Container #1 is in OPEN state, but the datanode b6ed77c0-0909-418c-a0c6-e1477b4e10c3{ip: 192.168.157.213, host: pr-hdds-2333-xd9jc-2947872914, networkLocation: /default-rack, certSerialId: null} reports an CLOSED replica.
2019-10-19 00:49:08,856 [EventQueue-ContainerReportForContainerReportHandler] WARN  container.ContainerReportHandler (AbstractContainerReportHandler.java:updateContainerState(145)) - Container #1 is in OPEN state, but the datanode 67511f02-1a53-40d3-ad7c-17f75ce9e42c{ip: 192.168.157.213, host: pr-hdds-2333-xd9jc-2947872914, networkLocation: /default-rack, certSerialId: null} reports an CLOSED replica.
2019-10-19 00:49:08,915 [EventQueue-ContainerReportForContainerReportHandler] WARN  container.ContainerReportHandler (AbstractContainerReportHandler.java:updateContainerState(145)) - Container #1 is in OPEN state, but the datanode b6ed77c0-0909-418c-a0c6-e1477b4e10c3{ip: 192.168.157.213, host: pr-hdds-2333-xd9jc-2947872914, networkLocation: /default-rack, certSerialId: null} reports an CLOSED replica.
2019-10-19 00:49:09,115 [EventQueue-ContainerReportForContainerReportHandler] WARN  container.ContainerReportHandler (AbstractContainerReportHandler.java:updateContainerState(145)) - Container #1 is in OPEN state, but the datanode b6ed77c0-0909-418c-a0c6-e1477b4e10c3{ip: 192.168.157.213, host: pr-hdds-2333-xd9jc-2947872914, networkLocation: /default-rack, certSerialId: null} reports an CLOSED replica.
2019-10-19 00:49:09,181 [BlockDeletingService#2] WARN  background.BlockDeletingService (BlockDeletingService.java:isDeletionAllowed(187)) - Close Container log Index 6 is not replicated across allthe servers in the pipeline 2739136e-9e24-467a-9fde-2dda05b3685c as the min replicated index is 4. Deletion is not allowed in this container yet.
2019-10-19 00:49:09,181 [BlockDeletingService#2] WARN  background.BlockDeletingService (BlockDeletingService.java:isDeletionAllowed(187)) - Close Container log Index 6 is not replicated across allthe servers in the pipeline 2739136e-9e24-467a-9fde-2dda05b3685c as the min replicated index is 4. Deletion is not allowed in this container yet.
2019-10-19 00:49:09,256 [EventQueue-ContainerReportForContainerReportHandler] WARN  container.ContainerReportHandler (AbstractContainerReportHandler.java:updateContainerState(145)) - Container #1 is in OPEN state, but the datanode 67511f02-1a53-40d3-ad7c-17f75ce9e42c{ip: 192.168.157.213, host: pr-hdds-2333-xd9jc-2947872914, networkLocation: /default-rack, certSerialId: null} reports an CLOSED replica.
2019-10-19 00:49:09,456 [EventQueue-ContainerReportForContainerReportHandler] WARN  container.ContainerReportHandler (AbstractContainerReportHandler.java:updateContainerState(145)) - Container #1 is in OPEN state, but the datanode 67511f02-1a53-40d3-ad7c-17f75ce9e42c{ip: 192.168.157.213, host: pr-hdds-2333-xd9jc-2947872914, networkLocation: /default-rack, certSerialId: null} reports an CLOSED replica.
2019-10-19 00:49:09,515 [EventQueue-ContainerReportForContainerReportHandler] WARN  container.ContainerReportHandler (AbstractContainerReportHandler.java:updateContainerState(145)) - Container #1 is in OPEN state, but the datanode b6ed77c0-0909-418c-a0c6-e1477b4e10c3{ip: 192.168.157.213, host: pr-hdds-2333-xd9jc-2947872914, networkLocation: /default-rack, certSerialId: null} reports an CLOSED replica.
2019-10-19 00:49:09,757 [EventQueue-ContainerReportForContainerReportHandler] WARN  container.ContainerReportHandler (AbstractContainerReportHandler.java:updateContainerState(145)) - Container #1 is in OPEN state, but the datanode 67511f02-1a53-40d3-ad7c-17f75ce9e42c{ip: 192.168.157.213, host: pr-hdds-2333-xd9jc-2947872914, networkLocation: /default-rack, certSerialId: null} reports an CLOSED replica.
2019-10-19 00:49:09,817 [EventQueue-ContainerReportForContainerReportHandler] WARN  container.ContainerReportHandler (AbstractContainerReportHandler.java:updateContainerState(145)) - Container #1 is in OPEN state, but the datanode b6ed77c0-0909-418c-a0c6-e1477b4e10c3{ip: 192.168.157.213, host: pr-hdds-2333-xd9jc-2947872914, networkLocation: /default-rack, certSerialId: null} reports an CLOSED replica.
2019-10-19 00:49:10,058 [EventQueue-ContainerReportForContainerReportHandler] WARN  container.ContainerReportHandler (AbstractContainerReportHandler.java:updateContainerState(145)) - Container #1 is in OPEN state, but the datanode 67511f02-1a53-40d3-ad7c-17f75ce9e42c{ip: 192.168.157.213, host: pr-hdds-2333-xd9jc-2947872914, networkLocation: /default-rack, certSerialId: null} reports an CLOSED replica.
2019-10-19 00:49:10,184 [BlockDeletingService#2] WARN  background.BlockDeletingService (BlockDeletingService.java:isDeletionAllowed(187)) - Close Container log Index 6 is not replicated across allthe servers in the pipeline 2739136e-9e24-467a-9fde-2dda05b3685c as the min replicated index is 4. Deletion is not allowed in this container yet.
2019-10-19 00:49:10,184 [BlockDeletingService#2] WARN  background.BlockDeletingService (BlockDeletingService.java:isDeletionAllowed(187)) - Close Container log Index 6 is not replicated across allthe servers in the pipeline 2739136e-9e24-467a-9fde-2dda05b3685c as the min replicated index is 4. Deletion is not allowed in this container yet.
2019-10-19 00:49:10,216 [EventQueue-ContainerReportForContainerReportHandler] WARN  container.ContainerReportHandler (AbstractContainerReportHandler.java:updateContainerState(145)) - Container #1 is in OPEN state, but the datanode b6ed77c0-0909-418c-a0c6-e1477b4e10c3{ip: 192.168.157.213, host: pr-hdds-2333-xd9jc-2947872914, networkLocation: /default-rack, certSerialId: null} reports an CLOSED replica.
2019-10-19 00:49:10,461 [EventQueue-ContainerReportForContainerReportHandler] WARN  container.ContainerReportHandler (AbstractContainerReportHandler.java:updateContainerState(145)) - Container #1 is in OPEN state, but the datanode 67511f02-1a53-40d3-ad7c-17f75ce9e42c{ip: 192.168.157.213, host: pr-hdds-2333-xd9jc-2947872914, networkLocation: /default-rack, certSerialId: null} reports an CLOSED replica.
2019-10-19 00:49:10,516 [EventQueue-ContainerReportForContainerReportHandler] WARN  container.ContainerReportHandler (AbstractContainerReportHandler.java:updateContainerState(145)) - Container #1 is in OPEN state, but the datanode b6ed77c0-0909-418c-a0c6-e1477b4e10c3{ip: 192.168.157.213, host: pr-hdds-2333-xd9jc-2947872914, networkLocation: /default-rack, certSerialId: null} reports an CLOSED replica.
2019-10-19 00:49:10,664 [java.util.concurrent.ThreadPoolExecutor$Worker@419d75d[State = -1, empty queue]] WARN  server.GrpcLogAppender (GrpcLogAppender.java:timeoutAppendRequest(209)) - b6ed77c0-0909-418c-a0c6-e1477b4e10c3@group-2DDA05B3685C->aac91d0e-90b3-4924-955b-30866d4fff78-GrpcLogAppender: appendEntries Timeout, request=b6ed77c0-0909-418c-a0c6-e1477b4e10c3->aac91d0e-90b3-4924-955b-30866d4fff78#29-t2, previous=(t:2, i:10), leaderCommit=10, initializing? false, entries: <empty>
2019-10-19 00:49:10,761 [EventQueue-ContainerReportForContainerReportHandler] WARN  container.ContainerReportHandler (AbstractContainerReportHandler.java:updateContainerState(145)) - Container #1 is in OPEN state, but the datanode 67511f02-1a53-40d3-ad7c-17f75ce9e42c{ip: 192.168.157.213, host: pr-hdds-2333-xd9jc-2947872914, networkLocation: /default-rack, certSerialId: null} reports an CLOSED replica.
2019-10-19 00:49:10,916 [EventQueue-ContainerReportForContainerReportHandler] WARN  container.ContainerReportHandler (AbstractContainerReportHandler.java:updateContainerState(145)) - Container #1 is in OPEN state, but the datanode b6ed77c0-0909-418c-a0c6-e1477b4e10c3{ip: 192.168.157.213, host: pr-hdds-2333-xd9jc-2947872914, networkLocation: /default-rack, certSerialId: null} reports an CLOSED replica.
2019-10-19 00:49:11,061 [EventQueue-ContainerReportForContainerReportHandler] WARN  container.ContainerReportHandler (AbstractContainerReportHandler.java:updateContainerState(145)) - Container #1 is in OPEN state, but the datanode 67511f02-1a53-40d3-ad7c-17f75ce9e42c{ip: 192.168.157.213, host: pr-hdds-2333-xd9jc-2947872914, networkLocation: /default-rack, certSerialId: null} reports an CLOSED replica.
2019-10-19 00:49:11,187 [BlockDeletingService#2] WARN  background.BlockDeletingService (BlockDeletingService.java:isDeletionAllowed(187)) - Close Container log Index 6 is not replicated across allthe servers in the pipeline 2739136e-9e24-467a-9fde-2dda05b3685c as the min replicated index is 4. Deletion is not allowed in this container yet.
2019-10-19 00:49:11,187 [BlockDeletingService#2] WARN  background.BlockDeletingService (BlockDeletingService.java:isDeletionAllowed(187)) - Close Container log Index 6 is not replicated across allthe servers in the pipeline 2739136e-9e24-467a-9fde-2dda05b3685c as the min replicated index is 4. Deletion is not allowed in this container yet.
2019-10-19 00:49:11,316 [EventQueue-ContainerReportForContainerReportHandler] WARN  container.ContainerReportHandler (AbstractContainerReportHandler.java:updateContainerState(145)) - Container #1 is in OPEN state, but the datanode b6ed77c0-0909-418c-a0c6-e1477b4e10c3{ip: 192.168.157.213, host: pr-hdds-2333-xd9jc-2947872914, networkLocation: /default-rack, certSerialId: null} reports an CLOSED replica.
2019-10-19 00:49:11,361 [EventQueue-ContainerReportForContainerReportHandler] WARN  container.ContainerReportHandler (AbstractContainerReportHandler.java:updateContainerState(145)) - Container #1 is in OPEN state, but the datanode 67511f02-1a53-40d3-ad7c-17f75ce9e42c{ip: 192.168.157.213, host: pr-hdds-2333-xd9jc-2947872914, networkLocation: /default-rack, certSerialId: null} reports an CLOSED replica.
2019-10-19 00:49:11,517 [EventQueue-ContainerReportForContainerReportHandler] WARN  container.ContainerReportHandler (AbstractContainerReportHandler.java:updateContainerState(145)) - Container #1 is in OPEN state, but the datanode b6ed77c0-0909-418c-a0c6-e1477b4e10c3{ip: 192.168.157.213, host: pr-hdds-2333-xd9jc-2947872914, networkLocation: /default-rack, certSerialId: null} reports an CLOSED replica.
2019-10-19 00:49:11,660 [EventQueue-ContainerReportForContainerReportHandler] WARN  container.ContainerReportHandler (AbstractContainerReportHandler.java:updateContainerState(145)) - Container #1 is in OPEN state, but the datanode 67511f02-1a53-40d3-ad7c-17f75ce9e42c{ip: 192.168.157.213, host: pr-hdds-2333-xd9jc-2947872914, networkLocation: /default-rack, certSerialId: null} reports an CLOSED replica.
2019-10-19 00:49:11,817 [EventQueue-ContainerReportForContainerReportHandler] WARN  container.ContainerReportHandler (AbstractContainerReportHandler.java:updateContainerState(145)) - Container #1 is in OPEN state, but the datanode b6ed77c0-0909-418c-a0c6-e1477b4e10c3{ip: 192.168.157.213, host: pr-hdds-2333-xd9jc-2947872914, networkLocation: /default-rack, certSerialId: null} reports an CLOSED replica.
2019-10-19 00:49:11,960 [EventQueue-ContainerReportForContainerReportHandler] WARN  container.ContainerReportHandler (AbstractContainerReportHandler.java:updateContainerState(145)) - Container #1 is in OPEN state, but the datanode 67511f02-1a53-40d3-ad7c-17f75ce9e42c{ip: 192.168.157.213, host: pr-hdds-2333-xd9jc-2947872914, networkLocation: /default-rack, certSerialId: null} reports an CLOSED replica.
2019-10-19 00:49:12,116 [EventQueue-ContainerReportForContainerReportHandler] WARN  container.ContainerReportHandler (AbstractContainerReportHandler.java:updateContainerState(145)) - Container #1 is in OPEN state, but the datanode b6ed77c0-0909-418c-a0c6-e1477b4e10c3{ip: 192.168.157.213, host: pr-hdds-2333-xd9jc-2947872914, networkLocation: /default-rack, certSerialId: null} reports an CLOSED replica.
2019-10-19 00:49:12,160 [EventQueue-ContainerReportForContainerReportHandler] WARN  container.ContainerReportHandler (AbstractContainerReportHandler.java:updateContainerState(145)) - Container #1 is in OPEN state, but the datanode 67511f02-1a53-40d3-ad7c-17f75ce9e42c{ip: 192.168.157.213, host: pr-hdds-2333-xd9jc-2947872914, networkLocation: /default-rack, certSerialId: null} reports an CLOSED replica.
2019-10-19 00:49:12,191 [BlockDeletingService#2] WARN  background.BlockDeletingService (BlockDeletingService.java:isDeletionAllowed(187)) - Close Container log Index 6 is not replicated across allthe servers in the pipeline 2739136e-9e24-467a-9fde-2dda05b3685c as the min replicated index is 4. Deletion is not allowed in this container yet.
2019-10-19 00:49:12,191 [BlockDeletingService#2] WARN  background.BlockDeletingService (BlockDeletingService.java:isDeletionAllowed(187)) - Close Container log Index 6 is not replicated across allthe servers in the pipeline 2739136e-9e24-467a-9fde-2dda05b3685c as the min replicated index is 4. Deletion is not allowed in this container yet.
2019-10-19 00:49:12,417 [EventQueue-ContainerReportForContainerReportHandler] WARN  container.ContainerReportHandler (AbstractContainerReportHandler.java:updateContainerState(145)) - Container #1 is in OPEN state, but the datanode b6ed77c0-0909-418c-a0c6-e1477b4e10c3{ip: 192.168.157.213, host: pr-hdds-2333-xd9jc-2947872914, networkLocation: /default-rack, certSerialId: null} reports an CLOSED replica.
2019-10-19 00:49:12,461 [EventQueue-ContainerReportForContainerReportHandler] WARN  container.ContainerReportHandler (AbstractContainerReportHandler.java:updateContainerState(145)) - Container #1 is in OPEN state, but the datanode 67511f02-1a53-40d3-ad7c-17f75ce9e42c{ip: 192.168.157.213, host: pr-hdds-2333-xd9jc-2947872914, networkLocation: /default-rack, certSerialId: null} reports an CLOSED replica.
2019-10-19 00:49:12,663 [EventQueue-ContainerReportForContainerReportHandler] WARN  container.ContainerReportHandler (AbstractContainerReportHandler.java:updateContainerState(145)) - Container #1 is in OPEN state, but the datanode 67511f02-1a53-40d3-ad7c-17f75ce9e42c{ip: 192.168.157.213, host: pr-hdds-2333-xd9jc-2947872914, networkLocation: /default-rack, certSerialId: null} reports an CLOSED replica.
2019-10-19 00:49:12,718 [EventQueue-ContainerReportForContainerReportHandler] WARN  container.ContainerReportHandler (AbstractContainerReportHandler.java:updateContainerState(145)) - Container #1 is in OPEN state, but the datanode b6ed77c0-0909-418c-a0c6-e1477b4e10c3{ip: 192.168.157.213, host: pr-hdds-2333-xd9jc-2947872914, networkLocation: /default-rack, certSerialId: null} reports an CLOSED replica.
2019-10-19 00:49:13,019 [EventQueue-ContainerReportForContainerReportHandler] WARN  container.ContainerReportHandler (AbstractContainerReportHandler.java:updateContainerState(145)) - Container #1 is in OPEN state, but the datanode b6ed77c0-0909-418c-a0c6-e1477b4e10c3{ip: 192.168.157.213, host: pr-hdds-2333-xd9jc-2947872914, networkLocation: /default-rack, certSerialId: null} reports an CLOSED replica.
2019-10-19 00:49:13,063 [EventQueue-ContainerReportForContainerReportHandler] WARN  container.ContainerReportHandler (AbstractContainerReportHandler.java:updateContainerState(145)) - Container #1 is in OPEN state, but the datanode 67511f02-1a53-40d3-ad7c-17f75ce9e42c{ip: 192.168.157.213, host: pr-hdds-2333-xd9jc-2947872914, networkLocation: /default-rack, certSerialId: null} reports an CLOSED replica.
2019-10-19 00:49:13,165 [java.util.concurrent.ThreadPoolExecutor$Worker@419d75d[State = -1, empty queue]] WARN  server.GrpcLogAppender (GrpcLogAppender.java:timeoutAppendRequest(209)) - b6ed77c0-0909-418c-a0c6-e1477b4e10c3@group-2DDA05B3685C->aac91d0e-90b3-4924-955b-30866d4fff78-GrpcLogAppender: appendEntries Timeout, request=b6ed77c0-0909-418c-a0c6-e1477b4e10c3->aac91d0e-90b3-4924-955b-30866d4fff78#30-t2, previous=(t:2, i:10), leaderCommit=10, initializing? false, entries: <empty>
2019-10-19 00:49:13,194 [BlockDeletingService#2] WARN  background.BlockDeletingService (BlockDeletingService.java:isDeletionAllowed(187)) - Close Container log Index 6 is not replicated across allthe servers in the pipeline 2739136e-9e24-467a-9fde-2dda05b3685c as the min replicated index is 4. Deletion is not allowed in this container yet.
2019-10-19 00:49:13,194 [BlockDeletingService#2] WARN  background.BlockDeletingService (BlockDeletingService.java:isDeletionAllowed(187)) - Close Container log Index 6 is not replicated across allthe servers in the pipeline 2739136e-9e24-467a-9fde-2dda05b3685c as the min replicated index is 4. Deletion is not allowed in this container yet.
2019-10-19 00:49:13,319 [EventQueue-ContainerReportForContainerReportHandler] WARN  container.ContainerReportHandler (AbstractContainerReportHandler.java:updateContainerState(145)) - Container #1 is in OPEN state, but the datanode b6ed77c0-0909-418c-a0c6-e1477b4e10c3{ip: 192.168.157.213, host: pr-hdds-2333-xd9jc-2947872914, networkLocation: /default-rack, certSerialId: null} reports an CLOSED replica.
2019-10-19 00:49:13,362 [EventQueue-ContainerReportForContainerReportHandler] WARN  container.ContainerReportHandler (AbstractContainerReportHandler.java:updateContainerState(145)) - Container #1 is in OPEN state, but the datanode 67511f02-1a53-40d3-ad7c-17f75ce9e42c{ip: 192.168.157.213, host: pr-hdds-2333-xd9jc-2947872914, networkLocation: /default-rack, certSerialId: null} reports an CLOSED replica.
2019-10-19 00:49:13,663 [EventQueue-ContainerReportForContainerReportHandler] WARN  container.ContainerReportHandler (AbstractContainerReportHandler.java:updateContainerState(145)) - Container #1 is in OPEN state, but the datanode 67511f02-1a53-40d3-ad7c-17f75ce9e42c{ip: 192.168.157.213, host: pr-hdds-2333-xd9jc-2947872914, networkLocation: /default-rack, certSerialId: null} reports an CLOSED replica.
2019-10-19 00:49:13,719 [EventQueue-ContainerReportForContainerReportHandler] WARN  container.ContainerReportHandler (AbstractContainerReportHandler.java:updateContainerState(145)) - Container #1 is in OPEN state, but the datanode b6ed77c0-0909-418c-a0c6-e1477b4e10c3{ip: 192.168.157.213, host: pr-hdds-2333-xd9jc-2947872914, networkLocation: /default-rack, certSerialId: null} reports an CLOSED replica.
2019-10-19 00:49:13,964 [EventQueue-ContainerReportForContainerReportHandler] WARN  container.ContainerReportHandler (AbstractContainerReportHandler.java:updateContainerState(145)) - Container #1 is in OPEN state, but the datanode 67511f02-1a53-40d3-ad7c-17f75ce9e42c{ip: 192.168.157.213, host: pr-hdds-2333-xd9jc-2947872914, networkLocation: /default-rack, certSerialId: null} reports an CLOSED replica.
2019-10-19 00:49:14,121 [EventQueue-ContainerReportForContainerReportHandler] WARN  container.ContainerReportHandler (AbstractContainerReportHandler.java:updateContainerState(145)) - Container #1 is in OPEN state, but the datanode b6ed77c0-0909-418c-a0c6-e1477b4e10c3{ip: 192.168.157.213, host: pr-hdds-2333-xd9jc-2947872914, networkLocation: /default-rack, certSerialId: null} reports an CLOSED replica.
2019-10-19 00:49:14,164 [EventQueue-ContainerReportForContainerReportHandler] WARN  container.ContainerReportHandler (AbstractContainerReportHandler.java:updateContainerState(145)) - Container #1 is in OPEN state, but the datanode 67511f02-1a53-40d3-ad7c-17f75ce9e42c{ip: 192.168.157.213, host: pr-hdds-2333-xd9jc-2947872914, networkLocation: /default-rack, certSerialId: null} reports an CLOSED replica.
2019-10-19 00:49:14,196 [BlockDeletingService#2] WARN  background.BlockDeletingService (BlockDeletingService.java:isDeletionAllowed(187)) - Close Container log Index 6 is not replicated across allthe servers in the pipeline 2739136e-9e24-467a-9fde-2dda05b3685c as the min replicated index is 4. Deletion is not allowed in this container yet.
2019-10-19 00:49:14,196 [BlockDeletingService#2] WARN  background.BlockDeletingService (BlockDeletingService.java:isDeletionAllowed(187)) - Close Container log Index 6 is not replicated across allthe servers in the pipeline 2739136e-9e24-467a-9fde-2dda05b3685c as the min replicated index is 4. Deletion is not allowed in this container yet.
2019-10-19 00:49:14,421 [EventQueue-ContainerReportForContainerReportHandler] WARN  container.ContainerReportHandler (AbstractContainerReportHandler.java:updateContainerState(145)) - Container #1 is in OPEN state, but the datanode b6ed77c0-0909-418c-a0c6-e1477b4e10c3{ip: 192.168.157.213, host: pr-hdds-2333-xd9jc-2947872914, networkLocation: /default-rack, certSerialId: null} reports an CLOSED replica.
2019-10-19 00:49:14,564 [EventQueue-ContainerReportForContainerReportHandler] WARN  container.ContainerReportHandler (AbstractContainerReportHandler.java:updateContainerState(145)) - Container #1 is in OPEN state, but the datanode 67511f02-1a53-40d3-ad7c-17f75ce9e42c{ip: 192.168.157.213, host: pr-hdds-2333-xd9jc-2947872914, networkLocation: /default-rack, certSerialId: null} reports an CLOSED replica.
2019-10-19 00:49:14,622 [EventQueue-ContainerReportForContainerReportHandler] WARN  container.ContainerReportHandler (AbstractContainerReportHandler.java:updateContainerState(145)) - Container #1 is in OPEN state, but the datanode b6ed77c0-0909-418c-a0c6-e1477b4e10c3{ip: 192.168.157.213, host: pr-hdds-2333-xd9jc-2947872914, networkLocation: /default-rack, certSerialId: null} reports an CLOSED replica.
2019-10-19 00:49:14,864 [EventQueue-ContainerReportForContainerReportHandler] WARN  container.ContainerReportHandler (AbstractContainerReportHandler.java:updateContainerState(145)) - Container #1 is in OPEN state, but the datanode 67511f02-1a53-40d3-ad7c-17f75ce9e42c{ip: 192.168.157.213, host: pr-hdds-2333-xd9jc-2947872914, networkLocation: /default-rack, certSerialId: null} reports an CLOSED replica.
2019-10-19 00:49:15,022 [EventQueue-ContainerReportForContainerReportHandler] WARN  container.ContainerReportHandler (AbstractContainerReportHandler.java:updateContainerState(145)) - Container #1 is in OPEN state, but the datanode b6ed77c0-0909-418c-a0c6-e1477b4e10c3{ip: 192.168.157.213, host: pr-hdds-2333-xd9jc-2947872914, networkLocation: /default-rack, certSerialId: null} reports an CLOSED replica.
2019-10-19 00:49:15,164 [EventQueue-ContainerReportForContainerReportHandler] WARN  container.ContainerReportHandler (AbstractContainerReportHandler.java:updateContainerState(145)) - Container #1 is in OPEN state, but the datanode 67511f02-1a53-40d3-ad7c-17f75ce9e42c{ip: 192.168.157.213, host: pr-hdds-2333-xd9jc-2947872914, networkLocation: /default-rack, certSerialId: null} reports an CLOSED replica.
2019-10-19 00:49:15,197 [BlockDeletingService#2] WARN  background.BlockDeletingService (BlockDeletingService.java:isDeletionAllowed(187)) - Close Container log Index 6 is not replicated across allthe servers in the pipeline 2739136e-9e24-467a-9fde-2dda05b3685c as the min replicated index is 4. Deletion is not allowed in this container yet.
2019-10-19 00:49:15,197 [BlockDeletingService#2] WARN  background.BlockDeletingService (BlockDeletingService.java:isDeletionAllowed(187)) - Close Container log Index 6 is not replicated across allthe servers in the pipeline 2739136e-9e24-467a-9fde-2dda05b3685c as the min replicated index is 4. Deletion is not allowed in this container yet.
2019-10-19 00:49:15,322 [EventQueue-ContainerReportForContainerReportHandler] WARN  container.ContainerReportHandler (AbstractContainerReportHandler.java:updateContainerState(145)) - Container #1 is in OPEN state, but the datanode b6ed77c0-0909-418c-a0c6-e1477b4e10c3{ip: 192.168.157.213, host: pr-hdds-2333-xd9jc-2947872914, networkLocation: /default-rack, certSerialId: null} reports an CLOSED replica.
2019-10-19 00:49:15,464 [EventQueue-ContainerReportForContainerReportHandler] WARN  container.ContainerReportHandler (AbstractContainerReportHandler.java:updateContainerState(145)) - Container #1 is in OPEN state, but the datanode 67511f02-1a53-40d3-ad7c-17f75ce9e42c{ip: 192.168.157.213, host: pr-hdds-2333-xd9jc-2947872914, networkLocation: /default-rack, certSerialId: null} reports an CLOSED replica.
2019-10-19 00:49:15,624 [EventQueue-ContainerReportForContainerReportHandler] WARN  container.ContainerReportHandler (AbstractContainerReportHandler.java:updateContainerState(145)) - Container #1 is in OPEN state, but the datanode b6ed77c0-0909-418c-a0c6-e1477b4e10c3{ip: 192.168.157.213, host: pr-hdds-2333-xd9jc-2947872914, networkLocation: /default-rack, certSerialId: null} reports an CLOSED replica.
2019-10-19 00:49:15,667 [java.util.concurrent.ThreadPoolExecutor$Worker@419d75d[State = -1, empty queue]] WARN  server.GrpcLogAppender (GrpcLogAppender.java:timeoutAppendRequest(209)) - b6ed77c0-0909-418c-a0c6-e1477b4e10c3@group-2DDA05B3685C->aac91d0e-90b3-4924-955b-30866d4fff78-GrpcLogAppender: appendEntries Timeout, request=b6ed77c0-0909-418c-a0c6-e1477b4e10c3->aac91d0e-90b3-4924-955b-30866d4fff78#31-t2, previous=(t:2, i:10), leaderCommit=10, initializing? false, entries: <empty>
2019-10-19 00:49:15,718 [Thread-369] INFO  client.GrpcClientProtocolService (GrpcClientProtocolService.java:lambda$processClientRequest$0(278)) - Failed RaftClientRequest:client-5C1DDA748651->67511f02-1a53-40d3-ad7c-17f75ce9e42c@group-2DDA05B3685C, cid=10, seq=0, Watch-ALL_COMMITTED(6), Message:<EMPTY>, reply=RaftClientReply:client-5C1DDA748651->67511f02-1a53-40d3-ad7c-17f75ce9e42c@group-2DDA05B3685C, cid=10, FAILED org.apache.ratis.protocol.NotLeaderException: Server 67511f02-1a53-40d3-ad7c-17f75ce9e42c@group-2DDA05B3685C is not the leader b6ed77c0-0909-418c-a0c6-e1477b4e10c3:192.168.157.213:33232, logIndex=0, commits[67511f02-1a53-40d3-ad7c-17f75ce9e42c:c10, aac91d0e-90b3-4924-955b-30866d4fff78:c4, b6ed77c0-0909-418c-a0c6-e1477b4e10c3:c10]
2019-10-19 00:49:15,765 [EventQueue-ContainerReportForContainerReportHandler] WARN  container.ContainerReportHandler (AbstractContainerReportHandler.java:updateContainerState(145)) - Container #1 is in OPEN state, but the datanode 67511f02-1a53-40d3-ad7c-17f75ce9e42c{ip: 192.168.157.213, host: pr-hdds-2333-xd9jc-2947872914, networkLocation: /default-rack, certSerialId: null} reports an CLOSED replica.
2019-10-19 00:49:15,824 [EventQueue-ContainerReportForContainerReportHandler] WARN  container.ContainerReportHandler (AbstractContainerReportHandler.java:updateContainerState(145)) - Container #1 is in OPEN state, but the datanode b6ed77c0-0909-418c-a0c6-e1477b4e10c3{ip: 192.168.157.213, host: pr-hdds-2333-xd9jc-2947872914, networkLocation: /default-rack, certSerialId: null} reports an CLOSED replica.
2019-10-19 00:49:16,024 [EventQueue-ContainerReportForContainerReportHandler] WARN  container.ContainerReportHandler (AbstractContainerReportHandler.java:updateContainerState(145)) - Container #1 is in OPEN state, but the datanode b6ed77c0-0909-418c-a0c6-e1477b4e10c3{ip: 192.168.157.213, host: pr-hdds-2333-xd9jc-2947872914, networkLocation: /default-rack, certSerialId: null} reports an CLOSED replica.
2019-10-19 00:49:16,166 [EventQueue-ContainerReportForContainerReportHandler] WARN  container.ContainerReportHandler (AbstractContainerReportHandler.java:updateContainerState(145)) - Container #1 is in OPEN state, but the datanode 67511f02-1a53-40d3-ad7c-17f75ce9e42c{ip: 192.168.157.213, host: pr-hdds-2333-xd9jc-2947872914, networkLocation: /default-rack, certSerialId: null} reports an CLOSED replica.
2019-10-19 00:49:16,199 [BlockDeletingService#2] WARN  background.BlockDeletingService (BlockDeletingService.java:isDeletionAllowed(187)) - Close Container log Index 6 is not replicated across allthe servers in the pipeline 2739136e-9e24-467a-9fde-2dda05b3685c as the min replicated index is 4. Deletion is not allowed in this container yet.
2019-10-19 00:49:16,200 [BlockDeletingService#2] WARN  background.BlockDeletingService (BlockDeletingService.java:isDeletionAllowed(187)) - Close Container log Index 6 is not replicated across allthe servers in the pipeline 2739136e-9e24-467a-9fde-2dda05b3685c as the min replicated index is 4. Deletion is not allowed in this container yet.
2019-10-19 00:49:16,324 [EventQueue-ContainerReportForContainerReportHandler] WARN  container.ContainerReportHandler (AbstractContainerReportHandler.java:updateContainerState(145)) - Container #1 is in OPEN state, but the datanode b6ed77c0-0909-418c-a0c6-e1477b4e10c3{ip: 192.168.157.213, host: pr-hdds-2333-xd9jc-2947872914, networkLocation: /default-rack, certSerialId: null} reports an CLOSED replica.
2019-10-19 00:49:16,465 [EventQueue-ContainerReportForContainerReportHandler] WARN  container.ContainerReportHandler (AbstractContainerReportHandler.java:updateContainerState(145)) - Container #1 is in OPEN state, but the datanode 67511f02-1a53-40d3-ad7c-17f75ce9e42c{ip: 192.168.157.213, host: pr-hdds-2333-xd9jc-2947872914, networkLocation: /default-rack, certSerialId: null} reports an CLOSED replica.
2019-10-19 00:49:16,624 [EventQueue-ContainerReportForContainerReportHandler] WARN  container.ContainerReportHandler (AbstractContainerReportHandler.java:updateContainerState(145)) - Container #1 is in OPEN state, but the datanode b6ed77c0-0909-418c-a0c6-e1477b4e10c3{ip: 192.168.157.213, host: pr-hdds-2333-xd9jc-2947872914, networkLocation: /default-rack, certSerialId: null} reports an CLOSED replica.
2019-10-19 00:49:16,665 [EventQueue-ContainerReportForContainerReportHandler] WARN  container.ContainerReportHandler (AbstractContainerReportHandler.java:updateContainerState(145)) - Container #1 is in OPEN state, but the datanode 67511f02-1a53-40d3-ad7c-17f75ce9e42c{ip: 192.168.157.213, host: pr-hdds-2333-xd9jc-2947872914, networkLocation: /default-rack, certSerialId: null} reports an CLOSED replica.
2019-10-19 00:49:16,924 [EventQueue-ContainerReportForContainerReportHandler] WARN  container.ContainerReportHandler (AbstractContainerReportHandler.java:updateContainerState(145)) - Container #1 is in OPEN state, but the datanode b6ed77c0-0909-418c-a0c6-e1477b4e10c3{ip: 192.168.157.213, host: pr-hdds-2333-xd9jc-2947872914, networkLocation: /default-rack, certSerialId: null} reports an CLOSED replica.
2019-10-19 00:49:16,965 [EventQueue-ContainerReportForContainerReportHandler] WARN  container.ContainerReportHandler (AbstractContainerReportHandler.java:updateContainerState(145)) - Container #1 is in OPEN state, but the datanode 67511f02-1a53-40d3-ad7c-17f75ce9e42c{ip: 192.168.157.213, host: pr-hdds-2333-xd9jc-2947872914, networkLocation: /default-rack, certSerialId: null} reports an CLOSED replica.
2019-10-19 00:49:17,202 [BlockDeletingService#2] WARN  background.BlockDeletingService (BlockDeletingService.java:isDeletionAllowed(187)) - Close Container log Index 6 is not replicated across allthe servers in the pipeline 2739136e-9e24-467a-9fde-2dda05b3685c as the min replicated index is 4. Deletion is not allowed in this container yet.
2019-10-19 00:49:17,202 [BlockDeletingService#2] WARN  background.BlockDeletingService (BlockDeletingService.java:isDeletionAllowed(187)) - Close Container log Index 6 is not replicated across allthe servers in the pipeline 2739136e-9e24-467a-9fde-2dda05b3685c as the min replicated index is 4. Deletion is not allowed in this container yet.
2019-10-19 00:49:17,224 [EventQueue-ContainerReportForContainerReportHandler] WARN  container.ContainerReportHandler (AbstractContainerReportHandler.java:updateContainerState(145)) - Container #1 is in OPEN state, but the datanode b6ed77c0-0909-418c-a0c6-e1477b4e10c3{ip: 192.168.157.213, host: pr-hdds-2333-xd9jc-2947872914, networkLocation: /default-rack, certSerialId: null} reports an CLOSED replica.
2019-10-19 00:49:17,265 [EventQueue-ContainerReportForContainerReportHandler] WARN  container.ContainerReportHandler (AbstractContainerReportHandler.java:updateContainerState(145)) - Container #1 is in OPEN state, but the datanode 67511f02-1a53-40d3-ad7c-17f75ce9e42c{ip: 192.168.157.213, host: pr-hdds-2333-xd9jc-2947872914, networkLocation: /default-rack, certSerialId: null} reports an CLOSED replica.
2019-10-19 00:49:17,465 [EventQueue-ContainerReportForContainerReportHandler] WARN  container.ContainerReportHandler (AbstractContainerReportHandler.java:updateContainerState(145)) - Container #1 is in OPEN state, but the datanode 67511f02-1a53-40d3-ad7c-17f75ce9e42c{ip: 192.168.157.213, host: pr-hdds-2333-xd9jc-2947872914, networkLocation: /default-rack, certSerialId: null} reports an CLOSED replica.
2019-10-19 00:49:17,524 [EventQueue-ContainerReportForContainerReportHandler] WARN  container.ContainerReportHandler (AbstractContainerReportHandler.java:updateContainerState(145)) - Container #1 is in OPEN state, but the datanode b6ed77c0-0909-418c-a0c6-e1477b4e10c3{ip: 192.168.157.213, host: pr-hdds-2333-xd9jc-2947872914, networkLocation: /default-rack, certSerialId: null} reports an CLOSED replica.
2019-10-19 00:49:17,584 [Thread-377] INFO  client.GrpcClientProtocolService (GrpcClientProtocolService.java:lambda$processClientRequest$0(278)) - Failed RaftClientRequest:client-5C1DDA748651->b6ed77c0-0909-418c-a0c6-e1477b4e10c3@group-2DDA05B3685C, cid=10, seq=0, Watch-ALL_COMMITTED(6), Message:<EMPTY>, reply=RaftClientReply:client-5C1DDA748651->b6ed77c0-0909-418c-a0c6-e1477b4e10c3@group-2DDA05B3685C, cid=10, FAILED org.apache.ratis.protocol.NotReplicatedException: Request with call Id 10 and log index 6 is not yet replicated to ALL_COMMITTED, logIndex=6, commits[b6ed77c0-0909-418c-a0c6-e1477b4e10c3:c10, 67511f02-1a53-40d3-ad7c-17f75ce9e42c:c10, aac91d0e-90b3-4924-955b-30866d4fff78:c4]
2019-10-19 00:49:17,724 [EventQueue-ContainerReportForContainerReportHandler] WARN  container.ContainerReportHandler (AbstractContainerReportHandler.java:updateContainerState(145)) - Container #1 is in OPEN state, but the datanode b6ed77c0-0909-418c-a0c6-e1477b4e10c3{ip: 192.168.157.213, host: pr-hdds-2333-xd9jc-2947872914, networkLocation: /default-rack, certSerialId: null} reports an CLOSED replica.
2019-10-19 00:49:17,765 [EventQueue-ContainerReportForContainerReportHandler] WARN  container.ContainerReportHandler (AbstractContainerReportHandler.java:updateContainerState(145)) - Container #1 is in OPEN state, but the datanode 67511f02-1a53-40d3-ad7c-17f75ce9e42c{ip: 192.168.157.213, host: pr-hdds-2333-xd9jc-2947872914, networkLocation: /default-rack, certSerialId: null} reports an CLOSED replica.
2019-10-19 00:49:18,126 [EventQueue-ContainerReportForContainerReportHandler] WARN  container.ContainerReportHandler (AbstractContainerReportHandler.java:updateContainerState(145)) - Container #1 is in OPEN state, but the datanode b6ed77c0-0909-418c-a0c6-e1477b4e10c3{ip: 192.168.157.213, host: pr-hdds-2333-xd9jc-2947872914, networkLocation: /default-rack, certSerialId: null} reports an CLOSED replica.
2019-10-19 00:49:18,166 [EventQueue-ContainerReportForContainerReportHandler] WARN  container.ContainerReportHandler (AbstractContainerReportHandler.java:updateContainerState(145)) - Container #1 is in OPEN state, but the datanode 67511f02-1a53-40d3-ad7c-17f75ce9e42c{ip: 192.168.157.213, host: pr-hdds-2333-xd9jc-2947872914, networkLocation: /default-rack, certSerialId: null} reports an CLOSED replica.
2019-10-19 00:49:18,167 [java.util.concurrent.ThreadPoolExecutor$Worker@419d75d[State = -1, empty queue]] WARN  server.GrpcLogAppender (GrpcLogAppender.java:timeoutAppendRequest(209)) - b6ed77c0-0909-418c-a0c6-e1477b4e10c3@group-2DDA05B3685C->aac91d0e-90b3-4924-955b-30866d4fff78-GrpcLogAppender: appendEntries Timeout, request=b6ed77c0-0909-418c-a0c6-e1477b4e10c3->aac91d0e-90b3-4924-955b-30866d4fff78#32-t2, previous=(t:2, i:10), leaderCommit=10, initializing? false, entries: <empty>
2019-10-19 00:49:18,203 [BlockDeletingService#2] WARN  background.BlockDeletingService (BlockDeletingService.java:isDeletionAllowed(187)) - Close Container log Index 6 is not replicated across allthe servers in the pipeline 2739136e-9e24-467a-9fde-2dda05b3685c as the min replicated index is 4. Deletion is not allowed in this container yet.
2019-10-19 00:49:18,204 [BlockDeletingService#2] WARN  background.BlockDeletingService (BlockDeletingService.java:isDeletionAllowed(187)) - Close Container log Index 6 is not replicated across allthe servers in the pipeline 2739136e-9e24-467a-9fde-2dda05b3685c as the min replicated index is 4. Deletion is not allowed in this container yet.
2019-10-19 00:49:18,425 [EventQueue-ContainerReportForContainerReportHandler] WARN  container.ContainerReportHandler (AbstractContainerReportHandler.java:updateContainerState(145)) - Container #1 is in OPEN state, but the datanode b6ed77c0-0909-418c-a0c6-e1477b4e10c3{ip: 192.168.157.213, host: pr-hdds-2333-xd9jc-2947872914, networkLocation: /default-rack, certSerialId: null} reports an CLOSED replica.
2019-10-19 00:49:18,466 [EventQueue-ContainerReportForContainerReportHandler] WARN  container.ContainerReportHandler (AbstractContainerReportHandler.java:updateContainerState(145)) - Container #1 is in OPEN state, but the datanode 67511f02-1a53-40d3-ad7c-17f75ce9e42c{ip: 192.168.157.213, host: pr-hdds-2333-xd9jc-2947872914, networkLocation: /default-rack, certSerialId: null} reports an CLOSED replica.
2019-10-19 00:49:18,725 [EventQueue-ContainerReportForContainerReportHandler] WARN  container.ContainerReportHandler (AbstractContainerReportHandler.java:updateContainerState(145)) - Container #1 is in OPEN state, but the datanode b6ed77c0-0909-418c-a0c6-e1477b4e10c3{ip: 192.168.157.213, host: pr-hdds-2333-xd9jc-2947872914, networkLocation: /default-rack, certSerialId: null} reports an CLOSED replica.
2019-10-19 00:49:18,766 [EventQueue-ContainerReportForContainerReportHandler] WARN  container.ContainerReportHandler (AbstractContainerReportHandler.java:updateContainerState(145)) - Container #1 is in OPEN state, but the datanode 67511f02-1a53-40d3-ad7c-17f75ce9e42c{ip: 192.168.157.213, host: pr-hdds-2333-xd9jc-2947872914, networkLocation: /default-rack, certSerialId: null} reports an CLOSED replica.
2019-10-19 00:49:18,926 [EventQueue-ContainerReportForContainerReportHandler] WARN  container.ContainerReportHandler (AbstractContainerReportHandler.java:updateContainerState(145)) - Container #1 is in OPEN state, but the datanode b6ed77c0-0909-418c-a0c6-e1477b4e10c3{ip: 192.168.157.213, host: pr-hdds-2333-xd9jc-2947872914, networkLocation: /default-rack, certSerialId: null} reports an CLOSED replica.
2019-10-19 00:49:19,169 [EventQueue-ContainerReportForContainerReportHandler] WARN  container.ContainerReportHandler (AbstractContainerReportHandler.java:updateContainerState(145)) - Container #1 is in OPEN state, but the datanode 67511f02-1a53-40d3-ad7c-17f75ce9e42c{ip: 192.168.157.213, host: pr-hdds-2333-xd9jc-2947872914, networkLocation: /default-rack, certSerialId: null} reports an CLOSED replica.
2019-10-19 00:49:19,207 [BlockDeletingService#2] WARN  background.BlockDeletingService (BlockDeletingService.java:isDeletionAllowed(187)) - Close Container log Index 6 is not replicated across allthe servers in the pipeline 2739136e-9e24-467a-9fde-2dda05b3685c as the min replicated index is 4. Deletion is not allowed in this container yet.
2019-10-19 00:49:19,207 [BlockDeletingService#2] WARN  background.BlockDeletingService (BlockDeletingService.java:isDeletionAllowed(187)) - Close Container log Index 6 is not replicated across allthe servers in the pipeline 2739136e-9e24-467a-9fde-2dda05b3685c as the min replicated index is 4. Deletion is not allowed in this container yet.
2019-10-19 00:49:19,325 [EventQueue-ContainerReportForContainerReportHandler] WARN  container.ContainerReportHandler (AbstractContainerReportHandler.java:updateContainerState(145)) - Container #1 is in OPEN state, but the datanode b6ed77c0-0909-418c-a0c6-e1477b4e10c3{ip: 192.168.157.213, host: pr-hdds-2333-xd9jc-2947872914, networkLocation: /default-rack, certSerialId: null} reports an CLOSED replica.
2019-10-19 00:49:19,368 [EventQueue-ContainerReportForContainerReportHandler] WARN  container.ContainerReportHandler (AbstractContainerReportHandler.java:updateContainerState(145)) - Container #1 is in OPEN state, but the datanode 67511f02-1a53-40d3-ad7c-17f75ce9e42c{ip: 192.168.157.213, host: pr-hdds-2333-xd9jc-2947872914, networkLocation: /default-rack, certSerialId: null} reports an CLOSED replica.
2019-10-19 00:49:19,625 [EventQueue-ContainerReportForContainerReportHandler] WARN  container.ContainerReportHandler (AbstractContainerReportHandler.java:updateContainerState(145)) - Container #1 is in OPEN state, but the datanode b6ed77c0-0909-418c-a0c6-e1477b4e10c3{ip: 192.168.157.213, host: pr-hdds-2333-xd9jc-2947872914, networkLocation: /default-rack, certSerialId: null} reports an CLOSED replica.
2019-10-19 00:49:19,668 [EventQueue-ContainerReportForContainerReportHandler] WARN  container.ContainerReportHandler (AbstractContainerReportHandler.java:updateContainerState(145)) - Container #1 is in OPEN state, but the datanode 67511f02-1a53-40d3-ad7c-17f75ce9e42c{ip: 192.168.157.213, host: pr-hdds-2333-xd9jc-2947872914, networkLocation: /default-rack, certSerialId: null} reports an CLOSED replica.
2019-10-19 00:49:19,868 [EventQueue-ContainerReportForContainerReportHandler] WARN  container.ContainerReportHandler (AbstractContainerReportHandler.java:updateContainerState(145)) - Container #1 is in OPEN state, but the datanode 67511f02-1a53-40d3-ad7c-17f75ce9e42c{ip: 192.168.157.213, host: pr-hdds-2333-xd9jc-2947872914, networkLocation: /default-rack, certSerialId: null} reports an CLOSED replica.
2019-10-19 00:49:19,925 [EventQueue-ContainerReportForContainerReportHandler] WARN  container.ContainerReportHandler (AbstractContainerReportHandler.java:updateContainerState(145)) - Container #1 is in OPEN state, but the datanode b6ed77c0-0909-418c-a0c6-e1477b4e10c3{ip: 192.168.157.213, host: pr-hdds-2333-xd9jc-2947872914, networkLocation: /default-rack, certSerialId: null} reports an CLOSED replica.
2019-10-19 00:49:20,208 [BlockDeletingService#2] WARN  background.BlockDeletingService (BlockDeletingService.java:isDeletionAllowed(187)) - Close Container log Index 6 is not replicated across allthe servers in the pipeline 2739136e-9e24-467a-9fde-2dda05b3685c as the min replicated index is 4. Deletion is not allowed in this container yet.
2019-10-19 00:49:20,208 [BlockDeletingService#2] WARN  background.BlockDeletingService (BlockDeletingService.java:isDeletionAllowed(187)) - Close Container log Index 6 is not replicated across allthe servers in the pipeline 2739136e-9e24-467a-9fde-2dda05b3685c as the min replicated index is 4. Deletion is not allowed in this container yet.
2019-10-19 00:49:20,225 [EventQueue-ContainerReportForContainerReportHandler] WARN  container.ContainerReportHandler (AbstractContainerReportHandler.java:updateContainerState(145)) - Container #1 is in OPEN state, but the datanode b6ed77c0-0909-418c-a0c6-e1477b4e10c3{ip: 192.168.157.213, host: pr-hdds-2333-xd9jc-2947872914, networkLocation: /default-rack, certSerialId: null} reports an CLOSED replica.
2019-10-19 00:49:20,268 [EventQueue-ContainerReportForContainerReportHandler] WARN  container.ContainerReportHandler (AbstractContainerReportHandler.java:updateContainerState(145)) - Container #1 is in OPEN state, but the datanode 67511f02-1a53-40d3-ad7c-17f75ce9e42c{ip: 192.168.157.213, host: pr-hdds-2333-xd9jc-2947872914, networkLocation: /default-rack, certSerialId: null} reports an CLOSED replica.
2019-10-19 00:49:20,468 [EventQueue-ContainerReportForContainerReportHandler] WARN  container.ContainerReportHandler (AbstractContainerReportHandler.java:updateContainerState(145)) - Container #1 is in OPEN state, but the datanode 67511f02-1a53-40d3-ad7c-17f75ce9e42c{ip: 192.168.157.213, host: pr-hdds-2333-xd9jc-2947872914, networkLocation: /default-rack, certSerialId: null} reports an CLOSED replica.
2019-10-19 00:49:20,526 [EventQueue-ContainerReportForContainerReportHandler] WARN  container.ContainerReportHandler (AbstractContainerReportHandler.java:updateContainerState(145)) - Container #1 is in OPEN state, but the datanode b6ed77c0-0909-418c-a0c6-e1477b4e10c3{ip: 192.168.157.213, host: pr-hdds-2333-xd9jc-2947872914, networkLocation: /default-rack, certSerialId: null} reports an CLOSED replica.
2019-10-19 00:49:20,668 [java.util.concurrent.ThreadPoolExecutor$Worker@419d75d[State = -1, empty queue]] WARN  server.GrpcLogAppender (GrpcLogAppender.java:timeoutAppendRequest(209)) - b6ed77c0-0909-418c-a0c6-e1477b4e10c3@group-2DDA05B3685C->aac91d0e-90b3-4924-955b-30866d4fff78-GrpcLogAppender: appendEntries Timeout, request=b6ed77c0-0909-418c-a0c6-e1477b4e10c3->aac91d0e-90b3-4924-955b-30866d4fff78#33-t2, previous=(t:2, i:10), leaderCommit=10, initializing? false, entries: <empty>
2019-10-19 00:49:20,668 [EventQueue-ContainerReportForContainerReportHandler] WARN  container.ContainerReportHandler (AbstractContainerReportHandler.java:updateContainerState(145)) - Container #1 is in OPEN state, but the datanode 67511f02-1a53-40d3-ad7c-17f75ce9e42c{ip: 192.168.157.213, host: pr-hdds-2333-xd9jc-2947872914, networkLocation: /default-rack, certSerialId: null} reports an CLOSED replica.
2019-10-19 00:49:20,726 [EventQueue-ContainerReportForContainerReportHandler] WARN  container.ContainerReportHandler (AbstractContainerReportHandler.java:updateContainerState(145)) - Container #1 is in OPEN state, but the datanode b6ed77c0-0909-418c-a0c6-e1477b4e10c3{ip: 192.168.157.213, host: pr-hdds-2333-xd9jc-2947872914, networkLocation: /default-rack, certSerialId: null} reports an CLOSED replica.
2019-10-19 00:49:21,069 [EventQueue-ContainerReportForContainerReportHandler] WARN  container.ContainerReportHandler (AbstractContainerReportHandler.java:updateContainerState(145)) - Container #1 is in OPEN state, but the datanode 67511f02-1a53-40d3-ad7c-17f75ce9e42c{ip: 192.168.157.213, host: pr-hdds-2333-xd9jc-2947872914, networkLocation: /default-rack, certSerialId: null} reports an CLOSED replica.
2019-10-19 00:49:21,126 [EventQueue-ContainerReportForContainerReportHandler] WARN  container.ContainerReportHandler (AbstractContainerReportHandler.java:updateContainerState(145)) - Container #1 is in OPEN state, but the datanode b6ed77c0-0909-418c-a0c6-e1477b4e10c3{ip: 192.168.157.213, host: pr-hdds-2333-xd9jc-2947872914, networkLocation: /default-rack, certSerialId: null} reports an CLOSED replica.
2019-10-19 00:49:21,210 [BlockDeletingService#2] WARN  background.BlockDeletingService (BlockDeletingService.java:isDeletionAllowed(187)) - Close Container log Index 6 is not replicated across allthe servers in the pipeline 2739136e-9e24-467a-9fde-2dda05b3685c as the min replicated index is 4. Deletion is not allowed in this container yet.
2019-10-19 00:49:21,210 [BlockDeletingService#2] WARN  background.BlockDeletingService (BlockDeletingService.java:isDeletionAllowed(187)) - Close Container log Index 6 is not replicated across allthe servers in the pipeline 2739136e-9e24-467a-9fde-2dda05b3685c as the min replicated index is 4. Deletion is not allowed in this container yet.
2019-10-19 00:49:21,268 [EventQueue-ContainerReportForContainerReportHandler] WARN  container.ContainerReportHandler (AbstractContainerReportHandler.java:updateContainerState(145)) - Container #1 is in OPEN state, but the datanode 67511f02-1a53-40d3-ad7c-17f75ce9e42c{ip: 192.168.157.213, host: pr-hdds-2333-xd9jc-2947872914, networkLocation: /default-rack, certSerialId: null} reports an CLOSED replica.
2019-10-19 00:49:21,426 [EventQueue-ContainerReportForContainerReportHandler] WARN  container.ContainerReportHandler (AbstractContainerReportHandler.java:updateContainerState(145)) - Container #1 is in OPEN state, but the datanode b6ed77c0-0909-418c-a0c6-e1477b4e10c3{ip: 192.168.157.213, host: pr-hdds-2333-xd9jc-2947872914, networkLocation: /default-rack, certSerialId: null} reports an CLOSED replica.
2019-10-19 00:49:21,568 [EventQueue-ContainerReportForContainerReportHandler] WARN  container.ContainerReportHandler (AbstractContainerReportHandler.java:updateContainerState(145)) - Container #1 is in OPEN state, but the datanode 67511f02-1a53-40d3-ad7c-17f75ce9e42c{ip: 192.168.157.213, host: pr-hdds-2333-xd9jc-2947872914, networkLocation: /default-rack, certSerialId: null} reports an CLOSED replica.
2019-10-19 00:49:21,727 [EventQueue-ContainerReportForContainerReportHandler] WARN  container.ContainerReportHandler (AbstractContainerReportHandler.java:updateContainerState(145)) - Container #1 is in OPEN state, but the datanode b6ed77c0-0909-418c-a0c6-e1477b4e10c3{ip: 192.168.157.213, host: pr-hdds-2333-xd9jc-2947872914, networkLocation: /default-rack, certSerialId: null} reports an CLOSED replica.
2019-10-19 00:49:21,768 [EventQueue-ContainerReportForContainerReportHandler] WARN  container.ContainerReportHandler (AbstractContainerReportHandler.java:updateContainerState(145)) - Container #1 is in OPEN state, but the datanode 67511f02-1a53-40d3-ad7c-17f75ce9e42c{ip: 192.168.157.213, host: pr-hdds-2333-xd9jc-2947872914, networkLocation: /default-rack, certSerialId: null} reports an CLOSED replica.
2019-10-19 00:49:22,027 [EventQueue-ContainerReportForContainerReportHandler] WARN  container.ContainerReportHandler (AbstractContainerReportHandler.java:updateContainerState(145)) - Container #1 is in OPEN state, but the datanode b6ed77c0-0909-418c-a0c6-e1477b4e10c3{ip: 192.168.157.213, host: pr-hdds-2333-xd9jc-2947872914, networkLocation: /default-rack, certSerialId: null} reports an CLOSED replica.
2019-10-19 00:49:22,168 [EventQueue-ContainerReportForContainerReportHandler] WARN  container.ContainerReportHandler (AbstractContainerReportHandler.java:updateContainerState(145)) - Container #1 is in OPEN state, but the datanode 67511f02-1a53-40d3-ad7c-17f75ce9e42c{ip: 192.168.157.213, host: pr-hdds-2333-xd9jc-2947872914, networkLocation: /default-rack, certSerialId: null} reports an CLOSED replica.
2019-10-19 00:49:22,212 [BlockDeletingService#2] WARN  background.BlockDeletingService (BlockDeletingService.java:isDeletionAllowed(187)) - Close Container log Index 6 is not replicated across allthe servers in the pipeline 2739136e-9e24-467a-9fde-2dda05b3685c as the min replicated index is 4. Deletion is not allowed in this container yet.
2019-10-19 00:49:22,212 [BlockDeletingService#2] WARN  background.BlockDeletingService (BlockDeletingService.java:isDeletionAllowed(187)) - Close Container log Index 6 is not replicated across allthe servers in the pipeline 2739136e-9e24-467a-9fde-2dda05b3685c as the min replicated index is 4. Deletion is not allowed in this container yet.
2019-10-19 00:49:22,327 [EventQueue-ContainerReportForContainerReportHandler] WARN  container.ContainerReportHandler (AbstractContainerReportHandler.java:updateContainerState(145)) - Container #1 is in OPEN state, but the datanode b6ed77c0-0909-418c-a0c6-e1477b4e10c3{ip: 192.168.157.213, host: pr-hdds-2333-xd9jc-2947872914, networkLocation: /default-rack, certSerialId: null} reports an CLOSED replica.
2019-10-19 00:49:22,469 [EventQueue-ContainerReportForContainerReportHandler] WARN  container.ContainerReportHandler (AbstractContainerReportHandler.java:updateContainerState(145)) - Container #1 is in OPEN state, but the datanode 67511f02-1a53-40d3-ad7c-17f75ce9e42c{ip: 192.168.157.213, host: pr-hdds-2333-xd9jc-2947872914, networkLocation: /default-rack, certSerialId: null} reports an CLOSED replica.
2019-10-19 00:49:22,627 [EventQueue-ContainerReportForContainerReportHandler] WARN  container.ContainerReportHandler (AbstractContainerReportHandler.java:updateContainerState(145)) - Container #1 is in OPEN state, but the datanode b6ed77c0-0909-418c-a0c6-e1477b4e10c3{ip: 192.168.157.213, host: pr-hdds-2333-xd9jc-2947872914, networkLocation: /default-rack, certSerialId: null} reports an CLOSED replica.
2019-10-19 00:49:22,827 [EventQueue-ContainerReportForContainerReportHandler] WARN  container.ContainerReportHandler (AbstractContainerReportHandler.java:updateContainerState(145)) - Container #1 is in OPEN state, but the datanode b6ed77c0-0909-418c-a0c6-e1477b4e10c3{ip: 192.168.157.213, host: pr-hdds-2333-xd9jc-2947872914, networkLocation: /default-rack, certSerialId: null} reports an CLOSED replica.
2019-10-19 00:49:22,869 [EventQueue-ContainerReportForContainerReportHandler] WARN  container.ContainerReportHandler (AbstractContainerReportHandler.java:updateContainerState(145)) - Container #1 is in OPEN state, but the datanode 67511f02-1a53-40d3-ad7c-17f75ce9e42c{ip: 192.168.157.213, host: pr-hdds-2333-xd9jc-2947872914, networkLocation: /default-rack, certSerialId: null} reports an CLOSED replica.
2019-10-19 00:49:23,027 [EventQueue-ContainerReportForContainerReportHandler] WARN  container.ContainerReportHandler (AbstractContainerReportHandler.java:updateContainerState(145)) - Container #1 is in OPEN state, but the datanode b6ed77c0-0909-418c-a0c6-e1477b4e10c3{ip: 192.168.157.213, host: pr-hdds-2333-xd9jc-2947872914, networkLocation: /default-rack, certSerialId: null} reports an CLOSED replica.
2019-10-19 00:49:23,169 [java.util.concurrent.ThreadPoolExecutor$Worker@419d75d[State = -1, empty queue]] WARN  server.GrpcLogAppender (GrpcLogAppender.java:timeoutAppendRequest(209)) - b6ed77c0-0909-418c-a0c6-e1477b4e10c3@group-2DDA05B3685C->aac91d0e-90b3-4924-955b-30866d4fff78-GrpcLogAppender: appendEntries Timeout, request=b6ed77c0-0909-418c-a0c6-e1477b4e10c3->aac91d0e-90b3-4924-955b-30866d4fff78#34-t2, previous=(t:2, i:10), leaderCommit=10, initializing? false, entries: <empty>
2019-10-19 00:49:23,170 [EventQueue-ContainerReportForContainerReportHandler] WARN  container.ContainerReportHandler (AbstractContainerReportHandler.java:updateContainerState(145)) - Container #1 is in OPEN state, but the datanode 67511f02-1a53-40d3-ad7c-17f75ce9e42c{ip: 192.168.157.213, host: pr-hdds-2333-xd9jc-2947872914, networkLocation: /default-rack, certSerialId: null} reports an CLOSED replica.
2019-10-19 00:49:23,213 [BlockDeletingService#2] WARN  background.BlockDeletingService (BlockDeletingService.java:isDeletionAllowed(187)) - Close Container log Index 6 is not replicated across allthe servers in the pipeline 2739136e-9e24-467a-9fde-2dda05b3685c as the min replicated index is 4. Deletion is not allowed in this container yet.
2019-10-19 00:49:23,213 [BlockDeletingService#2] WARN  background.BlockDeletingService (BlockDeletingService.java:isDeletionAllowed(187)) - Close Container log Index 6 is not replicated across allthe servers in the pipeline 2739136e-9e24-467a-9fde-2dda05b3685c as the min replicated index is 4. Deletion is not allowed in this container yet.
2019-10-19 00:49:23,371 [EventQueue-ContainerReportForContainerReportHandler] WARN  container.ContainerReportHandler (AbstractContainerReportHandler.java:updateContainerState(145)) - Container #1 is in OPEN state, but the datanode 67511f02-1a53-40d3-ad7c-17f75ce9e42c{ip: 192.168.157.213, host: pr-hdds-2333-xd9jc-2947872914, networkLocation: /default-rack, certSerialId: null} reports an CLOSED replica.
2019-10-19 00:49:23,428 [EventQueue-ContainerReportForContainerReportHandler] WARN  container.ContainerReportHandler (AbstractContainerReportHandler.java:updateContainerState(145)) - Container #1 is in OPEN state, but the datanode b6ed77c0-0909-418c-a0c6-e1477b4e10c3{ip: 192.168.157.213, host: pr-hdds-2333-xd9jc-2947872914, networkLocation: /default-rack, certSerialId: null} reports an CLOSED replica.
2019-10-19 00:49:23,630 [EventQueue-ContainerReportForContainerReportHandler] WARN  container.ContainerReportHandler (AbstractContainerReportHandler.java:updateContainerState(145)) - Container #1 is in OPEN state, but the datanode b6ed77c0-0909-418c-a0c6-e1477b4e10c3{ip: 192.168.157.213, host: pr-hdds-2333-xd9jc-2947872914, networkLocation: /default-rack, certSerialId: null} reports an CLOSED replica.
2019-10-19 00:49:23,671 [EventQueue-ContainerReportForContainerReportHandler] WARN  container.ContainerReportHandler (AbstractContainerReportHandler.java:updateContainerState(145)) - Container #1 is in OPEN state, but the datanode 67511f02-1a53-40d3-ad7c-17f75ce9e42c{ip: 192.168.157.213, host: pr-hdds-2333-xd9jc-2947872914, networkLocation: /default-rack, certSerialId: null} reports an CLOSED replica.
2019-10-19 00:49:23,831 [EventQueue-ContainerReportForContainerReportHandler] WARN  container.ContainerReportHandler (AbstractContainerReportHandler.java:updateContainerState(145)) - Container #1 is in OPEN state, but the datanode b6ed77c0-0909-418c-a0c6-e1477b4e10c3{ip: 192.168.157.213, host: pr-hdds-2333-xd9jc-2947872914, networkLocation: /default-rack, certSerialId: null} reports an CLOSED replica.
2019-10-19 00:49:23,973 [EventQueue-ContainerReportForContainerReportHandler] WARN  container.ContainerReportHandler (AbstractContainerReportHandler.java:updateContainerState(145)) - Container #1 is in OPEN state, but the datanode 67511f02-1a53-40d3-ad7c-17f75ce9e42c{ip: 192.168.157.213, host: pr-hdds-2333-xd9jc-2947872914, networkLocation: /default-rack, certSerialId: null} reports an CLOSED replica.
2019-10-19 00:49:24,131 [EventQueue-ContainerReportForContainerReportHandler] WARN  container.ContainerReportHandler (AbstractContainerReportHandler.java:updateContainerState(145)) - Container #1 is in OPEN state, but the datanode b6ed77c0-0909-418c-a0c6-e1477b4e10c3{ip: 192.168.157.213, host: pr-hdds-2333-xd9jc-2947872914, networkLocation: /default-rack, certSerialId: null} reports an CLOSED replica.
2019-10-19 00:49:24,215 [BlockDeletingService#2] WARN  background.BlockDeletingService (BlockDeletingService.java:isDeletionAllowed(187)) - Close Container log Index 6 is not replicated across allthe servers in the pipeline 2739136e-9e24-467a-9fde-2dda05b3685c as the min replicated index is 4. Deletion is not allowed in this container yet.
2019-10-19 00:49:24,215 [BlockDeletingService#2] WARN  background.BlockDeletingService (BlockDeletingService.java:isDeletionAllowed(187)) - Close Container log Index 6 is not replicated across allthe servers in the pipeline 2739136e-9e24-467a-9fde-2dda05b3685c as the min replicated index is 4. Deletion is not allowed in this container yet.
2019-10-19 00:49:24,272 [EventQueue-ContainerReportForContainerReportHandler] WARN  container.ContainerReportHandler (AbstractContainerReportHandler.java:updateContainerState(145)) - Container #1 is in OPEN state, but the datanode 67511f02-1a53-40d3-ad7c-17f75ce9e42c{ip: 192.168.157.213, host: pr-hdds-2333-xd9jc-2947872914, networkLocation: /default-rack, certSerialId: null} reports an CLOSED replica.
2019-10-19 00:49:24,432 [EventQueue-ContainerReportForContainerReportHandler] WARN  container.ContainerReportHandler (AbstractContainerReportHandler.java:updateContainerState(145)) - Container #1 is in OPEN state, but the datanode b6ed77c0-0909-418c-a0c6-e1477b4e10c3{ip: 192.168.157.213, host: pr-hdds-2333-xd9jc-2947872914, networkLocation: /default-rack, certSerialId: null} reports an CLOSED replica.
2019-10-19 00:49:24,572 [EventQueue-ContainerReportForContainerReportHandler] WARN  container.ContainerReportHandler (AbstractContainerReportHandler.java:updateContainerState(145)) - Container #1 is in OPEN state, but the datanode 67511f02-1a53-40d3-ad7c-17f75ce9e42c{ip: 192.168.157.213, host: pr-hdds-2333-xd9jc-2947872914, networkLocation: /default-rack, certSerialId: null} reports an CLOSED replica.
2019-10-19 00:49:24,732 [EventQueue-ContainerReportForContainerReportHandler] WARN  container.ContainerReportHandler (AbstractContainerReportHandler.java:updateContainerState(145)) - Container #1 is in OPEN state, but the datanode b6ed77c0-0909-418c-a0c6-e1477b4e10c3{ip: 192.168.157.213, host: pr-hdds-2333-xd9jc-2947872914, networkLocation: /default-rack, certSerialId: null} reports an CLOSED replica.
2019-10-19 00:49:24,772 [EventQueue-ContainerReportForContainerReportHandler] WARN  container.ContainerReportHandler (AbstractContainerReportHandler.java:updateContainerState(145)) - Container #1 is in OPEN state, but the datanode 67511f02-1a53-40d3-ad7c-17f75ce9e42c{ip: 192.168.157.213, host: pr-hdds-2333-xd9jc-2947872914, networkLocation: /default-rack, certSerialId: null} reports an CLOSED replica.
2019-10-19 00:49:25,032 [EventQueue-ContainerReportForContainerReportHandler] WARN  container.ContainerReportHandler (AbstractContainerReportHandler.java:updateContainerState(145)) - Container #1 is in OPEN state, but the datanode b6ed77c0-0909-418c-a0c6-e1477b4e10c3{ip: 192.168.157.213, host: pr-hdds-2333-xd9jc-2947872914, networkLocation: /default-rack, certSerialId: null} reports an CLOSED replica.
2019-10-19 00:49:25,173 [EventQueue-ContainerReportForContainerReportHandler] WARN  container.ContainerReportHandler (AbstractContainerReportHandler.java:updateContainerState(145)) - Container #1 is in OPEN state, but the datanode 67511f02-1a53-40d3-ad7c-17f75ce9e42c{ip: 192.168.157.213, host: pr-hdds-2333-xd9jc-2947872914, networkLocation: /default-rack, certSerialId: null} reports an CLOSED replica.
2019-10-19 00:49:25,216 [BlockDeletingService#2] WARN  background.BlockDeletingService (BlockDeletingService.java:isDeletionAllowed(187)) - Close Container log Index 6 is not replicated across allthe servers in the pipeline 2739136e-9e24-467a-9fde-2dda05b3685c as the min replicated index is 4. Deletion is not allowed in this container yet.
2019-10-19 00:49:25,216 [BlockDeletingService#2] WARN  background.BlockDeletingService (BlockDeletingService.java:isDeletionAllowed(187)) - Close Container log Index 6 is not replicated across allthe servers in the pipeline 2739136e-9e24-467a-9fde-2dda05b3685c as the min replicated index is 4. Deletion is not allowed in this container yet.
2019-10-19 00:49:25,432 [EventQueue-ContainerReportForContainerReportHandler] WARN  container.ContainerReportHandler (AbstractContainerReportHandler.java:updateContainerState(145)) - Container #1 is in OPEN state, but the datanode b6ed77c0-0909-418c-a0c6-e1477b4e10c3{ip: 192.168.157.213, host: pr-hdds-2333-xd9jc-2947872914, networkLocation: /default-rack, certSerialId: null} reports an CLOSED replica.
2019-10-19 00:49:25,474 [EventQueue-ContainerReportForContainerReportHandler] WARN  container.ContainerReportHandler (AbstractContainerReportHandler.java:updateContainerState(145)) - Container #1 is in OPEN state, but the datanode 67511f02-1a53-40d3-ad7c-17f75ce9e42c{ip: 192.168.157.213, host: pr-hdds-2333-xd9jc-2947872914, networkLocation: /default-rack, certSerialId: null} reports an CLOSED replica.
2019-10-19 00:49:25,670 [java.util.concurrent.ThreadPoolExecutor$Worker@419d75d[State = -1, empty queue]] WARN  server.GrpcLogAppender (GrpcLogAppender.java:timeoutAppendRequest(209)) - b6ed77c0-0909-418c-a0c6-e1477b4e10c3@group-2DDA05B3685C->aac91d0e-90b3-4924-955b-30866d4fff78-GrpcLogAppender: appendEntries Timeout, request=b6ed77c0-0909-418c-a0c6-e1477b4e10c3->aac91d0e-90b3-4924-955b-30866d4fff78#35-t2, previous=(t:2, i:10), leaderCommit=10, initializing? false, entries: <empty>
2019-10-19 00:49:25,734 [EventQueue-ContainerReportForContainerReportHandler] WARN  container.ContainerReportHandler (AbstractContainerReportHandler.java:updateContainerState(145)) - Container #1 is in OPEN state, but the datanode b6ed77c0-0909-418c-a0c6-e1477b4e10c3{ip: 192.168.157.213, host: pr-hdds-2333-xd9jc-2947872914, networkLocation: /default-rack, certSerialId: null} reports an CLOSED replica.
2019-10-19 00:49:25,774 [EventQueue-ContainerReportForContainerReportHandler] WARN  container.ContainerReportHandler (AbstractContainerReportHandler.java:updateContainerState(145)) - Container #1 is in OPEN state, but the datanode 67511f02-1a53-40d3-ad7c-17f75ce9e42c{ip: 192.168.157.213, host: pr-hdds-2333-xd9jc-2947872914, networkLocation: /default-rack, certSerialId: null} reports an CLOSED replica.
2019-10-19 00:49:26,034 [EventQueue-ContainerReportForContainerReportHandler] WARN  container.ContainerReportHandler (AbstractContainerReportHandler.java:updateContainerState(145)) - Container #1 is in OPEN state, but the datanode b6ed77c0-0909-418c-a0c6-e1477b4e10c3{ip: 192.168.157.213, host: pr-hdds-2333-xd9jc-2947872914, networkLocation: /default-rack, certSerialId: null} reports an CLOSED replica.
2019-10-19 00:49:26,174 [EventQueue-ContainerReportForContainerReportHandler] WARN  container.ContainerReportHandler (AbstractContainerReportHandler.java:updateContainerState(145)) - Container #1 is in OPEN state, but the datanode 67511f02-1a53-40d3-ad7c-17f75ce9e42c{ip: 192.168.157.213, host: pr-hdds-2333-xd9jc-2947872914, networkLocation: /default-rack, certSerialId: null} reports an CLOSED replica.
2019-10-19 00:49:26,218 [BlockDeletingService#2] WARN  background.BlockDeletingService (BlockDeletingService.java:isDeletionAllowed(187)) - Close Container log Index 6 is not replicated across allthe servers in the pipeline 2739136e-9e24-467a-9fde-2dda05b3685c as the min replicated index is 4. Deletion is not allowed in this container yet.
2019-10-19 00:49:26,218 [BlockDeletingService#2] WARN  background.BlockDeletingService (BlockDeletingService.java:isDeletionAllowed(187)) - Close Container log Index 6 is not replicated across allthe servers in the pipeline 2739136e-9e24-467a-9fde-2dda05b3685c as the min replicated index is 4. Deletion is not allowed in this container yet.
2019-10-19 00:49:26,334 [EventQueue-ContainerReportForContainerReportHandler] WARN  container.ContainerReportHandler (AbstractContainerReportHandler.java:updateContainerState(145)) - Container #1 is in OPEN state, but the datanode b6ed77c0-0909-418c-a0c6-e1477b4e10c3{ip: 192.168.157.213, host: pr-hdds-2333-xd9jc-2947872914, networkLocation: /default-rack, certSerialId: null} reports an CLOSED replica.
2019-10-19 00:49:26,475 [EventQueue-ContainerReportForContainerReportHandler] WARN  container.ContainerReportHandler (AbstractContainerReportHandler.java:updateContainerState(145)) - Container #1 is in OPEN state, but the datanode 67511f02-1a53-40d3-ad7c-17f75ce9e42c{ip: 192.168.157.213, host: pr-hdds-2333-xd9jc-2947872914, networkLocation: /default-rack, certSerialId: null} reports an CLOSED replica.
2019-10-19 00:49:26,584 [Thread-404] INFO  client.GrpcClientProtocolService (GrpcClientProtocolService.java:lambda$processClientRequest$0(278)) - Failed RaftClientRequest:client-5C1DDA748651->b6ed77c0-0909-418c-a0c6-e1477b4e10c3@group-2DDA05B3685C, cid=10, seq=0, Watch-ALL_COMMITTED(6), Message:<EMPTY>, reply=RaftClientReply:client-5C1DDA748651->b6ed77c0-0909-418c-a0c6-e1477b4e10c3@group-2DDA05B3685C, cid=10, FAILED org.apache.ratis.protocol.NotReplicatedException: Request with call Id 10 and log index 6 is not yet replicated to ALL_COMMITTED, logIndex=6, commits[b6ed77c0-0909-418c-a0c6-e1477b4e10c3:c10, 67511f02-1a53-40d3-ad7c-17f75ce9e42c:c10, aac91d0e-90b3-4924-955b-30866d4fff78:c4]
2019-10-19 00:49:26,634 [EventQueue-ContainerReportForContainerReportHandler] WARN  container.ContainerReportHandler (AbstractContainerReportHandler.java:updateContainerState(145)) - Container #1 is in OPEN state, but the datanode b6ed77c0-0909-418c-a0c6-e1477b4e10c3{ip: 192.168.157.213, host: pr-hdds-2333-xd9jc-2947872914, networkLocation: /default-rack, certSerialId: null} reports an CLOSED replica.
2019-10-19 00:49:26,775 [EventQueue-ContainerReportForContainerReportHandler] WARN  container.ContainerReportHandler (AbstractContainerReportHandler.java:updateContainerState(145)) - Container #1 is in OPEN state, but the datanode 67511f02-1a53-40d3-ad7c-17f75ce9e42c{ip: 192.168.157.213, host: pr-hdds-2333-xd9jc-2947872914, networkLocation: /default-rack, certSerialId: null} reports an CLOSED replica.
2019-10-19 00:49:26,834 [EventQueue-ContainerReportForContainerReportHandler] WARN  container.ContainerReportHandler (AbstractContainerReportHandler.java:updateContainerState(145)) - Container #1 is in OPEN state, but the datanode b6ed77c0-0909-418c-a0c6-e1477b4e10c3{ip: 192.168.157.213, host: pr-hdds-2333-xd9jc-2947872914, networkLocation: /default-rack, certSerialId: null} reports an CLOSED replica.
2019-10-19 00:49:27,175 [EventQueue-ContainerReportForContainerReportHandler] WARN  container.ContainerReportHandler (AbstractContainerReportHandler.java:updateContainerState(145)) - Container #1 is in OPEN state, but the datanode 67511f02-1a53-40d3-ad7c-17f75ce9e42c{ip: 192.168.157.213, host: pr-hdds-2333-xd9jc-2947872914, networkLocation: /default-rack, certSerialId: null} reports an CLOSED replica.
2019-10-19 00:49:27,219 [BlockDeletingService#2] WARN  background.BlockDeletingService (BlockDeletingService.java:isDeletionAllowed(187)) - Close Container log Index 6 is not replicated across allthe servers in the pipeline 2739136e-9e24-467a-9fde-2dda05b3685c as the min replicated index is 4. Deletion is not allowed in this container yet.
2019-10-19 00:49:27,220 [BlockDeletingService#2] WARN  background.BlockDeletingService (BlockDeletingService.java:isDeletionAllowed(187)) - Close Container log Index 6 is not replicated across allthe servers in the pipeline 2739136e-9e24-467a-9fde-2dda05b3685c as the min replicated index is 4. Deletion is not allowed in this container yet.
2019-10-19 00:49:27,234 [EventQueue-ContainerReportForContainerReportHandler] WARN  container.ContainerReportHandler (AbstractContainerReportHandler.java:updateContainerState(145)) - Container #1 is in OPEN state, but the datanode b6ed77c0-0909-418c-a0c6-e1477b4e10c3{ip: 192.168.157.213, host: pr-hdds-2333-xd9jc-2947872914, networkLocation: /default-rack, certSerialId: null} reports an CLOSED replica.
2019-10-19 00:49:27,476 [EventQueue-ContainerReportForContainerReportHandler] WARN  container.ContainerReportHandler (AbstractContainerReportHandler.java:updateContainerState(145)) - Container #1 is in OPEN state, but the datanode 67511f02-1a53-40d3-ad7c-17f75ce9e42c{ip: 192.168.157.213, host: pr-hdds-2333-xd9jc-2947872914, networkLocation: /default-rack, certSerialId: null} reports an CLOSED replica.
2019-10-19 00:49:27,634 [EventQueue-ContainerReportForContainerReportHandler] WARN  container.ContainerReportHandler (AbstractContainerReportHandler.java:updateContainerState(145)) - Container #1 is in OPEN state, but the datanode b6ed77c0-0909-418c-a0c6-e1477b4e10c3{ip: 192.168.157.213, host: pr-hdds-2333-xd9jc-2947872914, networkLocation: /default-rack, certSerialId: null} reports an CLOSED replica.
2019-10-19 00:49:27,877 [EventQueue-ContainerReportForContainerReportHandler] WARN  container.ContainerReportHandler (AbstractContainerReportHandler.java:updateContainerState(145)) - Container #1 is in OPEN state, but the datanode 67511f02-1a53-40d3-ad7c-17f75ce9e42c{ip: 192.168.157.213, host: pr-hdds-2333-xd9jc-2947872914, networkLocation: /default-rack, certSerialId: null} reports an CLOSED replica.
2019-10-19 00:49:28,034 [EventQueue-ContainerReportForContainerReportHandler] WARN  container.ContainerReportHandler (AbstractContainerReportHandler.java:updateContainerState(145)) - Container #1 is in OPEN state, but the datanode b6ed77c0-0909-418c-a0c6-e1477b4e10c3{ip: 192.168.157.213, host: pr-hdds-2333-xd9jc-2947872914, networkLocation: /default-rack, certSerialId: null} reports an CLOSED replica.
2019-10-19 00:49:28,171 [java.util.concurrent.ThreadPoolExecutor$Worker@419d75d[State = -1, empty queue]] WARN  server.GrpcLogAppender (GrpcLogAppender.java:timeoutAppendRequest(209)) - b6ed77c0-0909-418c-a0c6-e1477b4e10c3@group-2DDA05B3685C->aac91d0e-90b3-4924-955b-30866d4fff78-GrpcLogAppender: appendEntries Timeout, request=b6ed77c0-0909-418c-a0c6-e1477b4e10c3->aac91d0e-90b3-4924-955b-30866d4fff78#36-t2, previous=(t:2, i:10), leaderCommit=10, initializing? false, entries: <empty>
2019-10-19 00:49:28,222 [BlockDeletingService#2] WARN  background.BlockDeletingService (BlockDeletingService.java:isDeletionAllowed(187)) - Close Container log Index 6 is not replicated across allthe servers in the pipeline 2739136e-9e24-467a-9fde-2dda05b3685c as the min replicated index is 4. Deletion is not allowed in this container yet.
2019-10-19 00:49:28,222 [BlockDeletingService#2] WARN  background.BlockDeletingService (BlockDeletingService.java:isDeletionAllowed(187)) - Close Container log Index 6 is not replicated across allthe servers in the pipeline 2739136e-9e24-467a-9fde-2dda05b3685c as the min replicated index is 4. Deletion is not allowed in this container yet.
2019-10-19 00:49:28,234 [EventQueue-ContainerReportForContainerReportHandler] WARN  container.ContainerReportHandler (AbstractContainerReportHandler.java:updateContainerState(145)) - Container #1 is in OPEN state, but the datanode b6ed77c0-0909-418c-a0c6-e1477b4e10c3{ip: 192.168.157.213, host: pr-hdds-2333-xd9jc-2947872914, networkLocation: /default-rack, certSerialId: null} reports an CLOSED replica.
2019-10-19 00:49:28,280 [EventQueue-ContainerReportForContainerReportHandler] WARN  container.ContainerReportHandler (AbstractContainerReportHandler.java:updateContainerState(145)) - Container #1 is in OPEN state, but the datanode 67511f02-1a53-40d3-ad7c-17f75ce9e42c{ip: 192.168.157.213, host: pr-hdds-2333-xd9jc-2947872914, networkLocation: /default-rack, certSerialId: null} reports an CLOSED replica.
2019-10-19 00:49:28,479 [EventQueue-ContainerReportForContainerReportHandler] WARN  container.ContainerReportHandler (AbstractContainerReportHandler.java:updateContainerState(145)) - Container #1 is in OPEN state, but the datanode 67511f02-1a53-40d3-ad7c-17f75ce9e42c{ip: 192.168.157.213, host: pr-hdds-2333-xd9jc-2947872914, networkLocation: /default-rack, certSerialId: null} reports an CLOSED replica.
2019-10-19 00:49:28,535 [EventQueue-ContainerReportForContainerReportHandler] WARN  container.ContainerReportHandler (AbstractContainerReportHandler.java:updateContainerState(145)) - Container #1 is in OPEN state, but the datanode b6ed77c0-0909-418c-a0c6-e1477b4e10c3{ip: 192.168.157.213, host: pr-hdds-2333-xd9jc-2947872914, networkLocation: /default-rack, certSerialId: null} reports an CLOSED replica.
2019-10-19 00:49:28,778 [EventQueue-ContainerReportForContainerReportHandler] WARN  container.ContainerReportHandler (AbstractContainerReportHandler.java:updateContainerState(145)) - Container #1 is in OPEN state, but the datanode 67511f02-1a53-40d3-ad7c-17f75ce9e42c{ip: 192.168.157.213, host: pr-hdds-2333-xd9jc-2947872914, networkLocation: /default-rack, certSerialId: null} reports an CLOSED replica.
2019-10-19 00:49:28,937 [EventQueue-ContainerReportForContainerReportHandler] WARN  container.ContainerReportHandler (AbstractContainerReportHandler.java:updateContainerState(145)) - Container #1 is in OPEN state, but the datanode b6ed77c0-0909-418c-a0c6-e1477b4e10c3{ip: 192.168.157.213, host: pr-hdds-2333-xd9jc-2947872914, networkLocation: /default-rack, certSerialId: null} reports an CLOSED replica.
2019-10-19 00:49:29,078 [EventQueue-ContainerReportForContainerReportHandler] WARN  container.ContainerReportHandler (AbstractContainerReportHandler.java:updateContainerState(145)) - Container #1 is in OPEN state, but the datanode 67511f02-1a53-40d3-ad7c-17f75ce9e42c{ip: 192.168.157.213, host: pr-hdds-2333-xd9jc-2947872914, networkLocation: /default-rack, certSerialId: null} reports an CLOSED replica.
2019-10-19 00:49:29,224 [BlockDeletingService#2] WARN  background.BlockDeletingService (BlockDeletingService.java:isDeletionAllowed(187)) - Close Container log Index 6 is not replicated across allthe servers in the pipeline 2739136e-9e24-467a-9fde-2dda05b3685c as the min replicated index is 4. Deletion is not allowed in this container yet.
2019-10-19 00:49:29,224 [BlockDeletingService#2] WARN  background.BlockDeletingService (BlockDeletingService.java:isDeletionAllowed(187)) - Close Container log Index 6 is not replicated across allthe servers in the pipeline 2739136e-9e24-467a-9fde-2dda05b3685c as the min replicated index is 4. Deletion is not allowed in this container yet.
2019-10-19 00:49:29,240 [EventQueue-ContainerReportForContainerReportHandler] WARN  container.ContainerReportHandler (AbstractContainerReportHandler.java:updateContainerState(145)) - Container #1 is in OPEN state, but the datanode b6ed77c0-0909-418c-a0c6-e1477b4e10c3{ip: 192.168.157.213, host: pr-hdds-2333-xd9jc-2947872914, networkLocation: /default-rack, certSerialId: null} reports an CLOSED replica.
2019-10-19 00:49:29,478 [EventQueue-ContainerReportForContainerReportHandler] WARN  container.ContainerReportHandler (AbstractContainerReportHandler.java:updateContainerState(145)) - Container #1 is in OPEN state, but the datanode 67511f02-1a53-40d3-ad7c-17f75ce9e42c{ip: 192.168.157.213, host: pr-hdds-2333-xd9jc-2947872914, networkLocation: /default-rack, certSerialId: null} reports an CLOSED replica.
2019-10-19 00:49:29,541 [EventQueue-ContainerReportForContainerReportHandler] WARN  container.ContainerReportHandler (AbstractContainerReportHandler.java:updateContainerState(145)) - Container #1 is in OPEN state, but the datanode b6ed77c0-0909-418c-a0c6-e1477b4e10c3{ip: 192.168.157.213, host: pr-hdds-2333-xd9jc-2947872914, networkLocation: /default-rack, certSerialId: null} reports an CLOSED replica.
2019-10-19 00:49:29,740 [EventQueue-ContainerReportForContainerReportHandler] WARN  container.ContainerReportHandler (AbstractContainerReportHandler.java:updateContainerState(145)) - Container #1 is in OPEN state, but the datanode b6ed77c0-0909-418c-a0c6-e1477b4e10c3{ip: 192.168.157.213, host: pr-hdds-2333-xd9jc-2947872914, networkLocation: /default-rack, certSerialId: null} reports an CLOSED replica.
2019-10-19 00:49:29,878 [EventQueue-ContainerReportForContainerReportHandler] WARN  container.ContainerReportHandler (AbstractContainerReportHandler.java:updateContainerState(145)) - Container #1 is in OPEN state, but the datanode 67511f02-1a53-40d3-ad7c-17f75ce9e42c{ip: 192.168.157.213, host: pr-hdds-2333-xd9jc-2947872914, networkLocation: /default-rack, certSerialId: null} reports an CLOSED replica.
2019-10-19 00:49:30,040 [EventQueue-ContainerReportForContainerReportHandler] WARN  container.ContainerReportHandler (AbstractContainerReportHandler.java:updateContainerState(145)) - Container #1 is in OPEN state, but the datanode b6ed77c0-0909-418c-a0c6-e1477b4e10c3{ip: 192.168.157.213, host: pr-hdds-2333-xd9jc-2947872914, networkLocation: /default-rack, certSerialId: null} reports an CLOSED replica.
2019-10-19 00:49:30,079 [EventQueue-ContainerReportForContainerReportHandler] WARN  container.ContainerReportHandler (AbstractContainerReportHandler.java:updateContainerState(145)) - Container #1 is in OPEN state, but the datanode 67511f02-1a53-40d3-ad7c-17f75ce9e42c{ip: 192.168.157.213, host: pr-hdds-2333-xd9jc-2947872914, networkLocation: /default-rack, certSerialId: null} reports an CLOSED replica.
2019-10-19 00:49:30,226 [BlockDeletingService#2] WARN  background.BlockDeletingService (BlockDeletingService.java:isDeletionAllowed(187)) - Close Container log Index 6 is not replicated across allthe servers in the pipeline 2739136e-9e24-467a-9fde-2dda05b3685c as the min replicated index is 4. Deletion is not allowed in this container yet.
2019-10-19 00:49:30,226 [BlockDeletingService#2] WARN  background.BlockDeletingService (BlockDeletingService.java:isDeletionAllowed(187)) - Close Container log Index 6 is not replicated across allthe servers in the pipeline 2739136e-9e24-467a-9fde-2dda05b3685c as the min replicated index is 4. Deletion is not allowed in this container yet.
2019-10-19 00:49:30,340 [EventQueue-ContainerReportForContainerReportHandler] WARN  container.ContainerReportHandler (AbstractContainerReportHandler.java:updateContainerState(145)) - Container #1 is in OPEN state, but the datanode b6ed77c0-0909-418c-a0c6-e1477b4e10c3{ip: 192.168.157.213, host: pr-hdds-2333-xd9jc-2947872914, networkLocation: /default-rack, certSerialId: null} reports an CLOSED replica.
2019-10-19 00:49:30,379 [EventQueue-ContainerReportForContainerReportHandler] WARN  container.ContainerReportHandler (AbstractContainerReportHandler.java:updateContainerState(145)) - Container #1 is in OPEN state, but the datanode 67511f02-1a53-40d3-ad7c-17f75ce9e42c{ip: 192.168.157.213, host: pr-hdds-2333-xd9jc-2947872914, networkLocation: /default-rack, certSerialId: null} reports an CLOSED replica.
2019-10-19 00:49:30,640 [EventQueue-ContainerReportForContainerReportHandler] WARN  container.ContainerReportHandler (AbstractContainerReportHandler.java:updateContainerState(145)) - Container #1 is in OPEN state, but the datanode b6ed77c0-0909-418c-a0c6-e1477b4e10c3{ip: 192.168.157.213, host: pr-hdds-2333-xd9jc-2947872914, networkLocation: /default-rack, certSerialId: null} reports an CLOSED replica.
2019-10-19 00:49:30,672 [java.util.concurrent.ThreadPoolExecutor$Worker@419d75d[State = -1, empty queue]] WARN  server.GrpcLogAppender (GrpcLogAppender.java:timeoutAppendRequest(209)) - b6ed77c0-0909-418c-a0c6-e1477b4e10c3@group-2DDA05B3685C->aac91d0e-90b3-4924-955b-30866d4fff78-GrpcLogAppender: appendEntries Timeout, request=b6ed77c0-0909-418c-a0c6-e1477b4e10c3->aac91d0e-90b3-4924-955b-30866d4fff78#37-t2, previous=(t:2, i:10), leaderCommit=10, initializing? false, entries: <empty>
2019-10-19 00:49:30,679 [EventQueue-ContainerReportForContainerReportHandler] WARN  container.ContainerReportHandler (AbstractContainerReportHandler.java:updateContainerState(145)) - Container #1 is in OPEN state, but the datanode 67511f02-1a53-40d3-ad7c-17f75ce9e42c{ip: 192.168.157.213, host: pr-hdds-2333-xd9jc-2947872914, networkLocation: /default-rack, certSerialId: null} reports an CLOSED replica.
2019-10-19 00:49:30,841 [EventQueue-ContainerReportForContainerReportHandler] WARN  container.ContainerReportHandler (AbstractContainerReportHandler.java:updateContainerState(145)) - Container #1 is in OPEN state, but the datanode b6ed77c0-0909-418c-a0c6-e1477b4e10c3{ip: 192.168.157.213, host: pr-hdds-2333-xd9jc-2947872914, networkLocation: /default-rack, certSerialId: null} reports an CLOSED replica.
2019-10-19 00:49:30,979 [EventQueue-ContainerReportForContainerReportHandler] WARN  container.ContainerReportHandler (AbstractContainerReportHandler.java:updateContainerState(145)) - Container #1 is in OPEN state, but the datanode 67511f02-1a53-40d3-ad7c-17f75ce9e42c{ip: 192.168.157.213, host: pr-hdds-2333-xd9jc-2947872914, networkLocation: /default-rack, certSerialId: null} reports an CLOSED replica.
2019-10-19 00:49:31,229 [BlockDeletingService#2] WARN  background.BlockDeletingService (BlockDeletingService.java:isDeletionAllowed(187)) - Close Container log Index 6 is not replicated across allthe servers in the pipeline 2739136e-9e24-467a-9fde-2dda05b3685c as the min replicated index is 4. Deletion is not allowed in this container yet.
2019-10-19 00:49:31,229 [BlockDeletingService#2] WARN  background.BlockDeletingService (BlockDeletingService.java:isDeletionAllowed(187)) - Close Container log Index 6 is not replicated across allthe servers in the pipeline 2739136e-9e24-467a-9fde-2dda05b3685c as the min replicated index is 4. Deletion is not allowed in this container yet.
2019-10-19 00:49:31,242 [EventQueue-ContainerReportForContainerReportHandler] WARN  container.ContainerReportHandler (AbstractContainerReportHandler.java:updateContainerState(145)) - Container #1 is in OPEN state, but the datanode b6ed77c0-0909-418c-a0c6-e1477b4e10c3{ip: 192.168.157.213, host: pr-hdds-2333-xd9jc-2947872914, networkLocation: /default-rack, certSerialId: null} reports an CLOSED replica.
2019-10-19 00:49:31,279 [EventQueue-ContainerReportForContainerReportHandler] WARN  container.ContainerReportHandler (AbstractContainerReportHandler.java:updateContainerState(145)) - Container #1 is in OPEN state, but the datanode 67511f02-1a53-40d3-ad7c-17f75ce9e42c{ip: 192.168.157.213, host: pr-hdds-2333-xd9jc-2947872914, networkLocation: /default-rack, certSerialId: null} reports an CLOSED replica.
2019-10-19 00:49:31,442 [EventQueue-ContainerReportForContainerReportHandler] WARN  container.ContainerReportHandler (AbstractContainerReportHandler.java:updateContainerState(145)) - Container #1 is in OPEN state, but the datanode b6ed77c0-0909-418c-a0c6-e1477b4e10c3{ip: 192.168.157.213, host: pr-hdds-2333-xd9jc-2947872914, networkLocation: /default-rack, certSerialId: null} reports an CLOSED replica.
2019-10-19 00:49:31,643 [EventQueue-ContainerReportForContainerReportHandler] WARN  container.ContainerReportHandler (AbstractContainerReportHandler.java:updateContainerState(145)) - Container #1 is in OPEN state, but the datanode b6ed77c0-0909-418c-a0c6-e1477b4e10c3{ip: 192.168.157.213, host: pr-hdds-2333-xd9jc-2947872914, networkLocation: /default-rack, certSerialId: null} reports an CLOSED replica.
2019-10-19 00:49:31,679 [EventQueue-ContainerReportForContainerReportHandler] WARN  container.ContainerReportHandler (AbstractContainerReportHandler.java:updateContainerState(145)) - Container #1 is in OPEN state, but the datanode 67511f02-1a53-40d3-ad7c-17f75ce9e42c{ip: 192.168.157.213, host: pr-hdds-2333-xd9jc-2947872914, networkLocation: /default-rack, certSerialId: null} reports an CLOSED replica.
2019-10-19 00:49:31,942 [EventQueue-ContainerReportForContainerReportHandler] WARN  container.ContainerReportHandler (AbstractContainerReportHandler.java:updateContainerState(145)) - Container #1 is in OPEN state, but the datanode b6ed77c0-0909-418c-a0c6-e1477b4e10c3{ip: 192.168.157.213, host: pr-hdds-2333-xd9jc-2947872914, networkLocation: /default-rack, certSerialId: null} reports an CLOSED replica.
2019-10-19 00:49:31,980 [EventQueue-ContainerReportForContainerReportHandler] WARN  container.ContainerReportHandler (AbstractContainerReportHandler.java:updateContainerState(145)) - Container #1 is in OPEN state, but the datanode 67511f02-1a53-40d3-ad7c-17f75ce9e42c{ip: 192.168.157.213, host: pr-hdds-2333-xd9jc-2947872914, networkLocation: /default-rack, certSerialId: null} reports an CLOSED replica.
2019-10-19 00:49:32,231 [BlockDeletingService#2] WARN  background.BlockDeletingService (BlockDeletingService.java:isDeletionAllowed(187)) - Close Container log Index 6 is not replicated across allthe servers in the pipeline 2739136e-9e24-467a-9fde-2dda05b3685c as the min replicated index is 4. Deletion is not allowed in this container yet.
2019-10-19 00:49:32,231 [BlockDeletingService#2] WARN  background.BlockDeletingService (BlockDeletingService.java:isDeletionAllowed(187)) - Close Container log Index 6 is not replicated across allthe servers in the pipeline 2739136e-9e24-467a-9fde-2dda05b3685c as the min replicated index is 4. Deletion is not allowed in this container yet.
2019-10-19 00:49:32,242 [EventQueue-ContainerReportForContainerReportHandler] WARN  container.ContainerReportHandler (AbstractContainerReportHandler.java:updateContainerState(145)) - Container #1 is in OPEN state, but the datanode b6ed77c0-0909-418c-a0c6-e1477b4e10c3{ip: 192.168.157.213, host: pr-hdds-2333-xd9jc-2947872914, networkLocation: /default-rack, certSerialId: null} reports an CLOSED replica.
2019-10-19 00:49:32,280 [EventQueue-ContainerReportForContainerReportHandler] WARN  container.ContainerReportHandler (AbstractContainerReportHandler.java:updateContainerState(145)) - Container #1 is in OPEN state, but the datanode 67511f02-1a53-40d3-ad7c-17f75ce9e42c{ip: 192.168.157.213, host: pr-hdds-2333-xd9jc-2947872914, networkLocation: /default-rack, certSerialId: null} reports an CLOSED replica.
2019-10-19 00:49:32,580 [EventQueue-ContainerReportForContainerReportHandler] WARN  container.ContainerReportHandler (AbstractContainerReportHandler.java:updateContainerState(145)) - Container #1 is in OPEN state, but the datanode 67511f02-1a53-40d3-ad7c-17f75ce9e42c{ip: 192.168.157.213, host: pr-hdds-2333-xd9jc-2947872914, networkLocation: /default-rack, certSerialId: null} reports an CLOSED replica.
2019-10-19 00:49:32,642 [EventQueue-ContainerReportForContainerReportHandler] WARN  container.ContainerReportHandler (AbstractContainerReportHandler.java:updateContainerState(145)) - Container #1 is in OPEN state, but the datanode b6ed77c0-0909-418c-a0c6-e1477b4e10c3{ip: 192.168.157.213, host: pr-hdds-2333-xd9jc-2947872914, networkLocation: /default-rack, certSerialId: null} reports an CLOSED replica.
2019-10-19 00:49:32,880 [EventQueue-ContainerReportForContainerReportHandler] WARN  container.ContainerReportHandler (AbstractContainerReportHandler.java:updateContainerState(145)) - Container #1 is in OPEN state, but the datanode 67511f02-1a53-40d3-ad7c-17f75ce9e42c{ip: 192.168.157.213, host: pr-hdds-2333-xd9jc-2947872914, networkLocation: /default-rack, certSerialId: null} reports an CLOSED replica.
2019-10-19 00:49:33,043 [EventQueue-ContainerReportForContainerReportHandler] WARN  container.ContainerReportHandler (AbstractContainerReportHandler.java:updateContainerState(145)) - Container #1 is in OPEN state, but the datanode b6ed77c0-0909-418c-a0c6-e1477b4e10c3{ip: 192.168.157.213, host: pr-hdds-2333-xd9jc-2947872914, networkLocation: /default-rack, certSerialId: null} reports an CLOSED replica.
2019-10-19 00:49:33,173 [java.util.concurrent.ThreadPoolExecutor$Worker@419d75d[State = -1, empty queue]] WARN  server.GrpcLogAppender (GrpcLogAppender.java:timeoutAppendRequest(209)) - b6ed77c0-0909-418c-a0c6-e1477b4e10c3@group-2DDA05B3685C->aac91d0e-90b3-4924-955b-30866d4fff78-GrpcLogAppender: appendEntries Timeout, request=b6ed77c0-0909-418c-a0c6-e1477b4e10c3->aac91d0e-90b3-4924-955b-30866d4fff78#38-t2, previous=(t:2, i:10), leaderCommit=10, initializing? false, entries: <empty>
2019-10-19 00:49:33,180 [EventQueue-ContainerReportForContainerReportHandler] WARN  container.ContainerReportHandler (AbstractContainerReportHandler.java:updateContainerState(145)) - Container #1 is in OPEN state, but the datanode 67511f02-1a53-40d3-ad7c-17f75ce9e42c{ip: 192.168.157.213, host: pr-hdds-2333-xd9jc-2947872914, networkLocation: /default-rack, certSerialId: null} reports an CLOSED replica.
2019-10-19 00:49:33,233 [BlockDeletingService#2] WARN  background.BlockDeletingService (BlockDeletingService.java:isDeletionAllowed(187)) - Close Container log Index 6 is not replicated across allthe servers in the pipeline 2739136e-9e24-467a-9fde-2dda05b3685c as the min replicated index is 4. Deletion is not allowed in this container yet.
2019-10-19 00:49:33,233 [BlockDeletingService#2] WARN  background.BlockDeletingService (BlockDeletingService.java:isDeletionAllowed(187)) - Close Container log Index 6 is not replicated across allthe servers in the pipeline 2739136e-9e24-467a-9fde-2dda05b3685c as the min replicated index is 4. Deletion is not allowed in this container yet.
2019-10-19 00:49:33,342 [EventQueue-ContainerReportForContainerReportHandler] WARN  container.ContainerReportHandler (AbstractContainerReportHandler.java:updateContainerState(145)) - Container #1 is in OPEN state, but the datanode b6ed77c0-0909-418c-a0c6-e1477b4e10c3{ip: 192.168.157.213, host: pr-hdds-2333-xd9jc-2947872914, networkLocation: /default-rack, certSerialId: null} reports an CLOSED replica.
2019-10-19 00:49:33,481 [EventQueue-ContainerReportForContainerReportHandler] WARN  container.ContainerReportHandler (AbstractContainerReportHandler.java:updateContainerState(145)) - Container #1 is in OPEN state, but the datanode 67511f02-1a53-40d3-ad7c-17f75ce9e42c{ip: 192.168.157.213, host: pr-hdds-2333-xd9jc-2947872914, networkLocation: /default-rack, certSerialId: null} reports an CLOSED replica.
2019-10-19 00:49:33,642 [EventQueue-ContainerReportForContainerReportHandler] WARN  container.ContainerReportHandler (AbstractContainerReportHandler.java:updateContainerState(145)) - Container #1 is in OPEN state, but the datanode b6ed77c0-0909-418c-a0c6-e1477b4e10c3{ip: 192.168.157.213, host: pr-hdds-2333-xd9jc-2947872914, networkLocation: /default-rack, certSerialId: null} reports an CLOSED replica.
2019-10-19 00:49:33,881 [EventQueue-ContainerReportForContainerReportHandler] WARN  container.ContainerReportHandler (AbstractContainerReportHandler.java:updateContainerState(145)) - Container #1 is in OPEN state, but the datanode 67511f02-1a53-40d3-ad7c-17f75ce9e42c{ip: 192.168.157.213, host: pr-hdds-2333-xd9jc-2947872914, networkLocation: /default-rack, certSerialId: null} reports an CLOSED replica.
2019-10-19 00:49:34,042 [EventQueue-ContainerReportForContainerReportHandler] WARN  container.ContainerReportHandler (AbstractContainerReportHandler.java:updateContainerState(145)) - Container #1 is in OPEN state, but the datanode b6ed77c0-0909-418c-a0c6-e1477b4e10c3{ip: 192.168.157.213, host: pr-hdds-2333-xd9jc-2947872914, networkLocation: /default-rack, certSerialId: null} reports an CLOSED replica.
2019-10-19 00:49:34,181 [EventQueue-ContainerReportForContainerReportHandler] WARN  container.ContainerReportHandler (AbstractContainerReportHandler.java:updateContainerState(145)) - Container #1 is in OPEN state, but the datanode 67511f02-1a53-40d3-ad7c-17f75ce9e42c{ip: 192.168.157.213, host: pr-hdds-2333-xd9jc-2947872914, networkLocation: /default-rack, certSerialId: null} reports an CLOSED replica.
2019-10-19 00:49:34,235 [BlockDeletingService#2] WARN  background.BlockDeletingService (BlockDeletingService.java:isDeletionAllowed(187)) - Close Container log Index 6 is not replicated across allthe servers in the pipeline 2739136e-9e24-467a-9fde-2dda05b3685c as the min replicated index is 4. Deletion is not allowed in this container yet.
2019-10-19 00:49:34,235 [BlockDeletingService#2] WARN  background.BlockDeletingService (BlockDeletingService.java:isDeletionAllowed(187)) - Close Container log Index 6 is not replicated across allthe servers in the pipeline 2739136e-9e24-467a-9fde-2dda05b3685c as the min replicated index is 4. Deletion is not allowed in this container yet.
2019-10-19 00:49:34,342 [EventQueue-ContainerReportForContainerReportHandler] WARN  container.ContainerReportHandler (AbstractContainerReportHandler.java:updateContainerState(145)) - Container #1 is in OPEN state, but the datanode b6ed77c0-0909-418c-a0c6-e1477b4e10c3{ip: 192.168.157.213, host: pr-hdds-2333-xd9jc-2947872914, networkLocation: /default-rack, certSerialId: null} reports an CLOSED replica.
2019-10-19 00:49:34,483 [EventQueue-ContainerReportForContainerReportHandler] WARN  container.ContainerReportHandler (AbstractContainerReportHandler.java:updateContainerState(145)) - Container #1 is in OPEN state, but the datanode 67511f02-1a53-40d3-ad7c-17f75ce9e42c{ip: 192.168.157.213, host: pr-hdds-2333-xd9jc-2947872914, networkLocation: /default-rack, certSerialId: null} reports an CLOSED replica.
2019-10-19 00:49:34,642 [EventQueue-ContainerReportForContainerReportHandler] WARN  container.ContainerReportHandler (AbstractContainerReportHandler.java:updateContainerState(145)) - Container #1 is in OPEN state, but the datanode b6ed77c0-0909-418c-a0c6-e1477b4e10c3{ip: 192.168.157.213, host: pr-hdds-2333-xd9jc-2947872914, networkLocation: /default-rack, certSerialId: null} reports an CLOSED replica.
2019-10-19 00:49:34,885 [EventQueue-ContainerReportForContainerReportHandler] WARN  container.ContainerReportHandler (AbstractContainerReportHandler.java:updateContainerState(145)) - Container #1 is in OPEN state, but the datanode 67511f02-1a53-40d3-ad7c-17f75ce9e42c{ip: 192.168.157.213, host: pr-hdds-2333-xd9jc-2947872914, networkLocation: /default-rack, certSerialId: null} reports an CLOSED replica.
2019-10-19 00:49:34,942 [EventQueue-ContainerReportForContainerReportHandler] WARN  container.ContainerReportHandler (AbstractContainerReportHandler.java:updateContainerState(145)) - Container #1 is in OPEN state, but the datanode b6ed77c0-0909-418c-a0c6-e1477b4e10c3{ip: 192.168.157.213, host: pr-hdds-2333-xd9jc-2947872914, networkLocation: /default-rack, certSerialId: null} reports an CLOSED replica.
2019-10-19 00:49:35,085 [EventQueue-ContainerReportForContainerReportHandler] WARN  container.ContainerReportHandler (AbstractContainerReportHandler.java:updateContainerState(145)) - Container #1 is in OPEN state, but the datanode 67511f02-1a53-40d3-ad7c-17f75ce9e42c{ip: 192.168.157.213, host: pr-hdds-2333-xd9jc-2947872914, networkLocation: /default-rack, certSerialId: null} reports an CLOSED replica.
2019-10-19 00:49:35,236 [BlockDeletingService#2] WARN  background.BlockDeletingService (BlockDeletingService.java:isDeletionAllowed(187)) - Close Container log Index 6 is not replicated across allthe servers in the pipeline 2739136e-9e24-467a-9fde-2dda05b3685c as the min replicated index is 4. Deletion is not allowed in this container yet.
2019-10-19 00:49:35,236 [BlockDeletingService#2] WARN  background.BlockDeletingService (BlockDeletingService.java:isDeletionAllowed(187)) - Close Container log Index 6 is not replicated across allthe servers in the pipeline 2739136e-9e24-467a-9fde-2dda05b3685c as the min replicated index is 4. Deletion is not allowed in this container yet.
2019-10-19 00:49:35,243 [EventQueue-ContainerReportForContainerReportHandler] WARN  container.ContainerReportHandler (AbstractContainerReportHandler.java:updateContainerState(145)) - Container #1 is in OPEN state, but the datanode b6ed77c0-0909-418c-a0c6-e1477b4e10c3{ip: 192.168.157.213, host: pr-hdds-2333-xd9jc-2947872914, networkLocation: /default-rack, certSerialId: null} reports an CLOSED replica.
2019-10-19 00:49:35,385 [EventQueue-ContainerReportForContainerReportHandler] WARN  container.ContainerReportHandler (AbstractContainerReportHandler.java:updateContainerState(145)) - Container #1 is in OPEN state, but the datanode 67511f02-1a53-40d3-ad7c-17f75ce9e42c{ip: 192.168.157.213, host: pr-hdds-2333-xd9jc-2947872914, networkLocation: /default-rack, certSerialId: null} reports an CLOSED replica.
2019-10-19 00:49:35,543 [EventQueue-ContainerReportForContainerReportHandler] WARN  container.ContainerReportHandler (AbstractContainerReportHandler.java:updateContainerState(145)) - Container #1 is in OPEN state, but the datanode b6ed77c0-0909-418c-a0c6-e1477b4e10c3{ip: 192.168.157.213, host: pr-hdds-2333-xd9jc-2947872914, networkLocation: /default-rack, certSerialId: null} reports an CLOSED replica.
2019-10-19 00:49:35,585 [EventQueue-ContainerReportForContainerReportHandler] WARN  container.ContainerReportHandler (AbstractContainerReportHandler.java:updateContainerState(145)) - Container #1 is in OPEN state, but the datanode 67511f02-1a53-40d3-ad7c-17f75ce9e42c{ip: 192.168.157.213, host: pr-hdds-2333-xd9jc-2947872914, networkLocation: /default-rack, certSerialId: null} reports an CLOSED replica.
2019-10-19 00:49:35,675 [java.util.concurrent.ThreadPoolExecutor$Worker@419d75d[State = -1, empty queue]] WARN  server.GrpcLogAppender (GrpcLogAppender.java:timeoutAppendRequest(209)) - b6ed77c0-0909-418c-a0c6-e1477b4e10c3@group-2DDA05B3685C->aac91d0e-90b3-4924-955b-30866d4fff78-GrpcLogAppender: appendEntries Timeout, request=b6ed77c0-0909-418c-a0c6-e1477b4e10c3->aac91d0e-90b3-4924-955b-30866d4fff78#39-t2, previous=(t:2, i:10), leaderCommit=10, initializing? false, entries: <empty>
2019-10-19 00:49:35,886 [EventQueue-ContainerReportForContainerReportHandler] WARN  container.ContainerReportHandler (AbstractContainerReportHandler.java:updateContainerState(145)) - Container #1 is in OPEN state, but the datanode 67511f02-1a53-40d3-ad7c-17f75ce9e42c{ip: 192.168.157.213, host: pr-hdds-2333-xd9jc-2947872914, networkLocation: /default-rack, certSerialId: null} reports an CLOSED replica.
2019-10-19 00:49:35,943 [EventQueue-ContainerReportForContainerReportHandler] WARN  container.ContainerReportHandler (AbstractContainerReportHandler.java:updateContainerState(145)) - Container #1 is in OPEN state, but the datanode b6ed77c0-0909-418c-a0c6-e1477b4e10c3{ip: 192.168.157.213, host: pr-hdds-2333-xd9jc-2947872914, networkLocation: /default-rack, certSerialId: null} reports an CLOSED replica.
2019-10-19 00:49:36,087 [EventQueue-ContainerReportForContainerReportHandler] WARN  container.ContainerReportHandler (AbstractContainerReportHandler.java:updateContainerState(145)) - Container #1 is in OPEN state, but the datanode 67511f02-1a53-40d3-ad7c-17f75ce9e42c{ip: 192.168.157.213, host: pr-hdds-2333-xd9jc-2947872914, networkLocation: /default-rack, certSerialId: null} reports an CLOSED replica.
2019-10-19 00:49:36,238 [BlockDeletingService#2] WARN  background.BlockDeletingService (BlockDeletingService.java:isDeletionAllowed(187)) - Close Container log Index 6 is not replicated across allthe servers in the pipeline 2739136e-9e24-467a-9fde-2dda05b3685c as the min replicated index is 4. Deletion is not allowed in this container yet.
2019-10-19 00:49:36,238 [BlockDeletingService#2] WARN  background.BlockDeletingService (BlockDeletingService.java:isDeletionAllowed(187)) - Close Container log Index 6 is not replicated across allthe servers in the pipeline 2739136e-9e24-467a-9fde-2dda05b3685c as the min replicated index is 4. Deletion is not allowed in this container yet.
2019-10-19 00:49:36,245 [EventQueue-ContainerReportForContainerReportHandler] WARN  container.ContainerReportHandler (AbstractContainerReportHandler.java:updateContainerState(145)) - Container #1 is in OPEN state, but the datanode b6ed77c0-0909-418c-a0c6-e1477b4e10c3{ip: 192.168.157.213, host: pr-hdds-2333-xd9jc-2947872914, networkLocation: /default-rack, certSerialId: null} reports an CLOSED replica.
2019-10-19 00:49:36,446 [EventQueue-ContainerReportForContainerReportHandler] WARN  container.ContainerReportHandler (AbstractContainerReportHandler.java:updateContainerState(145)) - Container #1 is in OPEN state, but the datanode b6ed77c0-0909-418c-a0c6-e1477b4e10c3{ip: 192.168.157.213, host: pr-hdds-2333-xd9jc-2947872914, networkLocation: /default-rack, certSerialId: null} reports an CLOSED replica.
2019-10-19 00:49:36,486 [EventQueue-ContainerReportForContainerReportHandler] WARN  container.ContainerReportHandler (AbstractContainerReportHandler.java:updateContainerState(145)) - Container #1 is in OPEN state, but the datanode 67511f02-1a53-40d3-ad7c-17f75ce9e42c{ip: 192.168.157.213, host: pr-hdds-2333-xd9jc-2947872914, networkLocation: /default-rack, certSerialId: null} reports an CLOSED replica.
2019-10-19 00:49:36,584 [Thread-433] INFO  client.GrpcClientProtocolService (GrpcClientProtocolService.java:lambda$processClientRequest$0(278)) - Failed RaftClientRequest:client-5C1DDA748651->b6ed77c0-0909-418c-a0c6-e1477b4e10c3@group-2DDA05B3685C, cid=10, seq=0, Watch-ALL_COMMITTED(6), Message:<EMPTY>, reply=RaftClientReply:client-5C1DDA748651->b6ed77c0-0909-418c-a0c6-e1477b4e10c3@group-2DDA05B3685C, cid=10, FAILED org.apache.ratis.protocol.NotReplicatedException: Request with call Id 10 and log index 6 is not yet replicated to ALL_COMMITTED, logIndex=6, commits[b6ed77c0-0909-418c-a0c6-e1477b4e10c3:c10, 67511f02-1a53-40d3-ad7c-17f75ce9e42c:c10, aac91d0e-90b3-4924-955b-30866d4fff78:c4]
2019-10-19 00:49:36,686 [EventQueue-ContainerReportForContainerReportHandler] WARN  container.ContainerReportHandler (AbstractContainerReportHandler.java:updateContainerState(145)) - Container #1 is in OPEN state, but the datanode 67511f02-1a53-40d3-ad7c-17f75ce9e42c{ip: 192.168.157.213, host: pr-hdds-2333-xd9jc-2947872914, networkLocation: /default-rack, certSerialId: null} reports an CLOSED replica.
2019-10-19 00:49:36,745 [EventQueue-ContainerReportForContainerReportHandler] WARN  container.ContainerReportHandler (AbstractContainerReportHandler.java:updateContainerState(145)) - Container #1 is in OPEN state, but the datanode b6ed77c0-0909-418c-a0c6-e1477b4e10c3{ip: 192.168.157.213, host: pr-hdds-2333-xd9jc-2947872914, networkLocation: /default-rack, certSerialId: null} reports an CLOSED replica.
2019-10-19 00:49:36,886 [EventQueue-ContainerReportForContainerReportHandler] WARN  container.ContainerReportHandler (AbstractContainerReportHandler.java:updateContainerState(145)) - Container #1 is in OPEN state, but the datanode 67511f02-1a53-40d3-ad7c-17f75ce9e42c{ip: 192.168.157.213, host: pr-hdds-2333-xd9jc-2947872914, networkLocation: /default-rack, certSerialId: null} reports an CLOSED replica.
2019-10-19 00:49:37,146 [EventQueue-ContainerReportForContainerReportHandler] WARN  container.ContainerReportHandler (AbstractContainerReportHandler.java:updateContainerState(145)) - Container #1 is in OPEN state, but the datanode b6ed77c0-0909-418c-a0c6-e1477b4e10c3{ip: 192.168.157.213, host: pr-hdds-2333-xd9jc-2947872914, networkLocation: /default-rack, certSerialId: null} reports an CLOSED replica.
2019-10-19 00:49:37,186 [EventQueue-ContainerReportForContainerReportHandler] WARN  container.ContainerReportHandler (AbstractContainerReportHandler.java:updateContainerState(145)) - Container #1 is in OPEN state, but the datanode 67511f02-1a53-40d3-ad7c-17f75ce9e42c{ip: 192.168.157.213, host: pr-hdds-2333-xd9jc-2947872914, networkLocation: /default-rack, certSerialId: null} reports an CLOSED replica.
2019-10-19 00:49:37,239 [BlockDeletingService#2] WARN  background.BlockDeletingService (BlockDeletingService.java:isDeletionAllowed(187)) - Close Container log Index 6 is not replicated across allthe servers in the pipeline 2739136e-9e24-467a-9fde-2dda05b3685c as the min replicated index is 4. Deletion is not allowed in this container yet.
2019-10-19 00:49:37,240 [BlockDeletingService#2] WARN  background.BlockDeletingService (BlockDeletingService.java:isDeletionAllowed(187)) - Close Container log Index 6 is not replicated across allthe servers in the pipeline 2739136e-9e24-467a-9fde-2dda05b3685c as the min replicated index is 4. Deletion is not allowed in this container yet.
2019-10-19 00:49:37,546 [EventQueue-ContainerReportForContainerReportHandler] WARN  container.ContainerReportHandler (AbstractContainerReportHandler.java:updateContainerState(145)) - Container #1 is in OPEN state, but the datanode b6ed77c0-0909-418c-a0c6-e1477b4e10c3{ip: 192.168.157.213, host: pr-hdds-2333-xd9jc-2947872914, networkLocation: /default-rack, certSerialId: null} reports an CLOSED replica.
2019-10-19 00:49:37,587 [EventQueue-ContainerReportForContainerReportHandler] WARN  container.ContainerReportHandler (AbstractContainerReportHandler.java:updateContainerState(145)) - Container #1 is in OPEN state, but the datanode 67511f02-1a53-40d3-ad7c-17f75ce9e42c{ip: 192.168.157.213, host: pr-hdds-2333-xd9jc-2947872914, networkLocation: /default-rack, certSerialId: null} reports an CLOSED replica.
2019-10-19 00:49:37,946 [EventQueue-ContainerReportForContainerReportHandler] WARN  container.ContainerReportHandler (AbstractContainerReportHandler.java:updateContainerState(145)) - Container #1 is in OPEN state, but the datanode b6ed77c0-0909-418c-a0c6-e1477b4e10c3{ip: 192.168.157.213, host: pr-hdds-2333-xd9jc-2947872914, networkLocation: /default-rack, certSerialId: null} reports an CLOSED replica.
2019-10-19 00:49:37,987 [EventQueue-ContainerReportForContainerReportHandler] WARN  container.ContainerReportHandler (AbstractContainerReportHandler.java:updateContainerState(145)) - Container #1 is in OPEN state, but the datanode 67511f02-1a53-40d3-ad7c-17f75ce9e42c{ip: 192.168.157.213, host: pr-hdds-2333-xd9jc-2947872914, networkLocation: /default-rack, certSerialId: null} reports an CLOSED replica.
2019-10-19 00:49:38,176 [java.util.concurrent.ThreadPoolExecutor$Worker@419d75d[State = -1, empty queue]] WARN  server.GrpcLogAppender (GrpcLogAppender.java:timeoutAppendRequest(209)) - b6ed77c0-0909-418c-a0c6-e1477b4e10c3@group-2DDA05B3685C->aac91d0e-90b3-4924-955b-30866d4fff78-GrpcLogAppender: appendEntries Timeout, request=b6ed77c0-0909-418c-a0c6-e1477b4e10c3->aac91d0e-90b3-4924-955b-30866d4fff78#40-t2, previous=(t:2, i:10), leaderCommit=10, initializing? false, entries: <empty>
2019-10-19 00:49:38,187 [EventQueue-ContainerReportForContainerReportHandler] WARN  container.ContainerReportHandler (AbstractContainerReportHandler.java:updateContainerState(145)) - Container #1 is in OPEN state, but the datanode 67511f02-1a53-40d3-ad7c-17f75ce9e42c{ip: 192.168.157.213, host: pr-hdds-2333-xd9jc-2947872914, networkLocation: /default-rack, certSerialId: null} reports an CLOSED replica.
2019-10-19 00:49:38,243 [BlockDeletingService#2] WARN  background.BlockDeletingService (BlockDeletingService.java:isDeletionAllowed(187)) - Close Container log Index 6 is not replicated across allthe servers in the pipeline 2739136e-9e24-467a-9fde-2dda05b3685c as the min replicated index is 4. Deletion is not allowed in this container yet.
2019-10-19 00:49:38,243 [BlockDeletingService#2] WARN  background.BlockDeletingService (BlockDeletingService.java:isDeletionAllowed(187)) - Close Container log Index 6 is not replicated across allthe servers in the pipeline 2739136e-9e24-467a-9fde-2dda05b3685c as the min replicated index is 4. Deletion is not allowed in this container yet.
2019-10-19 00:49:38,246 [EventQueue-ContainerReportForContainerReportHandler] WARN  container.ContainerReportHandler (AbstractContainerReportHandler.java:updateContainerState(145)) - Container #1 is in OPEN state, but the datanode b6ed77c0-0909-418c-a0c6-e1477b4e10c3{ip: 192.168.157.213, host: pr-hdds-2333-xd9jc-2947872914, networkLocation: /default-rack, certSerialId: null} reports an CLOSED replica.
2019-10-19 00:49:38,587 [EventQueue-ContainerReportForContainerReportHandler] WARN  container.ContainerReportHandler (AbstractContainerReportHandler.java:updateContainerState(145)) - Container #1 is in OPEN state, but the datanode 67511f02-1a53-40d3-ad7c-17f75ce9e42c{ip: 192.168.157.213, host: pr-hdds-2333-xd9jc-2947872914, networkLocation: /default-rack, certSerialId: null} reports an CLOSED replica.
2019-10-19 00:49:38,646 [EventQueue-ContainerReportForContainerReportHandler] WARN  container.ContainerReportHandler (AbstractContainerReportHandler.java:updateContainerState(145)) - Container #1 is in OPEN state, but the datanode b6ed77c0-0909-418c-a0c6-e1477b4e10c3{ip: 192.168.157.213, host: pr-hdds-2333-xd9jc-2947872914, networkLocation: /default-rack, certSerialId: null} reports an CLOSED replica.
2019-10-19 00:49:38,947 [EventQueue-ContainerReportForContainerReportHandler] WARN  container.ContainerReportHandler (AbstractContainerReportHandler.java:updateContainerState(145)) - Container #1 is in OPEN state, but the datanode b6ed77c0-0909-418c-a0c6-e1477b4e10c3{ip: 192.168.157.213, host: pr-hdds-2333-xd9jc-2947872914, networkLocation: /default-rack, certSerialId: null} reports an CLOSED replica.
2019-10-19 00:49:38,987 [EventQueue-ContainerReportForContainerReportHandler] WARN  container.ContainerReportHandler (AbstractContainerReportHandler.java:updateContainerState(145)) - Container #1 is in OPEN state, but the datanode 67511f02-1a53-40d3-ad7c-17f75ce9e42c{ip: 192.168.157.213, host: pr-hdds-2333-xd9jc-2947872914, networkLocation: /default-rack, certSerialId: null} reports an CLOSED replica.
2019-10-19 00:49:39,187 [EventQueue-ContainerReportForContainerReportHandler] WARN  container.ContainerReportHandler (AbstractContainerReportHandler.java:updateContainerState(145)) - Container #1 is in OPEN state, but the datanode 67511f02-1a53-40d3-ad7c-17f75ce9e42c{ip: 192.168.157.213, host: pr-hdds-2333-xd9jc-2947872914, networkLocation: /default-rack, certSerialId: null} reports an CLOSED replica.
2019-10-19 00:49:39,244 [BlockDeletingService#2] WARN  background.BlockDeletingService (BlockDeletingService.java:isDeletionAllowed(187)) - Close Container log Index 6 is not replicated across allthe servers in the pipeline 2739136e-9e24-467a-9fde-2dda05b3685c as the min replicated index is 4. Deletion is not allowed in this container yet.
2019-10-19 00:49:39,244 [BlockDeletingService#2] WARN  background.BlockDeletingService (BlockDeletingService.java:isDeletionAllowed(187)) - Close Container log Index 6 is not replicated across allthe servers in the pipeline 2739136e-9e24-467a-9fde-2dda05b3685c as the min replicated index is 4. Deletion is not allowed in this container yet.
2019-10-19 00:49:39,247 [EventQueue-ContainerReportForContainerReportHandler] WARN  container.ContainerReportHandler (AbstractContainerReportHandler.java:updateContainerState(145)) - Container #1 is in OPEN state, but the datanode b6ed77c0-0909-418c-a0c6-e1477b4e10c3{ip: 192.168.157.213, host: pr-hdds-2333-xd9jc-2947872914, networkLocation: /default-rack, certSerialId: null} reports an CLOSED replica.
2019-10-19 00:49:39,588 [EventQueue-ContainerReportForContainerReportHandler] WARN  container.ContainerReportHandler (AbstractContainerReportHandler.java:updateContainerState(145)) - Container #1 is in OPEN state, but the datanode 67511f02-1a53-40d3-ad7c-17f75ce9e42c{ip: 192.168.157.213, host: pr-hdds-2333-xd9jc-2947872914, networkLocation: /default-rack, certSerialId: null} reports an CLOSED replica.
2019-10-19 00:49:39,647 [EventQueue-ContainerReportForContainerReportHandler] WARN  container.ContainerReportHandler (AbstractContainerReportHandler.java:updateContainerState(145)) - Container #1 is in OPEN state, but the datanode b6ed77c0-0909-418c-a0c6-e1477b4e10c3{ip: 192.168.157.213, host: pr-hdds-2333-xd9jc-2947872914, networkLocation: /default-rack, certSerialId: null} reports an CLOSED replica.
2019-10-19 00:49:39,847 [EventQueue-ContainerReportForContainerReportHandler] WARN  container.ContainerReportHandler (AbstractContainerReportHandler.java:updateContainerState(145)) - Container #1 is in OPEN state, but the datanode b6ed77c0-0909-418c-a0c6-e1477b4e10c3{ip: 192.168.157.213, host: pr-hdds-2333-xd9jc-2947872914, networkLocation: /default-rack, certSerialId: null} reports an CLOSED replica.
2019-10-19 00:49:39,887 [EventQueue-ContainerReportForContainerReportHandler] WARN  container.ContainerReportHandler (AbstractContainerReportHandler.java:updateContainerState(145)) - Container #1 is in OPEN state, but the datanode 67511f02-1a53-40d3-ad7c-17f75ce9e42c{ip: 192.168.157.213, host: pr-hdds-2333-xd9jc-2947872914, networkLocation: /default-rack, certSerialId: null} reports an CLOSED replica.
2019-10-19 00:49:40,147 [EventQueue-ContainerReportForContainerReportHandler] WARN  container.ContainerReportHandler (AbstractContainerReportHandler.java:updateContainerState(145)) - Container #1 is in OPEN state, but the datanode b6ed77c0-0909-418c-a0c6-e1477b4e10c3{ip: 192.168.157.213, host: pr-hdds-2333-xd9jc-2947872914, networkLocation: /default-rack, certSerialId: null} reports an CLOSED replica.
2019-10-19 00:49:40,188 [EventQueue-ContainerReportForContainerReportHandler] WARN  container.ContainerReportHandler (AbstractContainerReportHandler.java:updateContainerState(145)) - Container #1 is in OPEN state, but the datanode 67511f02-1a53-40d3-ad7c-17f75ce9e42c{ip: 192.168.157.213, host: pr-hdds-2333-xd9jc-2947872914, networkLocation: /default-rack, certSerialId: null} reports an CLOSED replica.
2019-10-19 00:49:40,246 [BlockDeletingService#2] WARN  background.BlockDeletingService (BlockDeletingService.java:isDeletionAllowed(187)) - Close Container log Index 6 is not replicated across allthe servers in the pipeline 2739136e-9e24-467a-9fde-2dda05b3685c as the min replicated index is 4. Deletion is not allowed in this container yet.
2019-10-19 00:49:40,246 [BlockDeletingService#2] WARN  background.BlockDeletingService (BlockDeletingService.java:isDeletionAllowed(187)) - Close Container log Index 6 is not replicated across allthe servers in the pipeline 2739136e-9e24-467a-9fde-2dda05b3685c as the min replicated index is 4. Deletion is not allowed in this container yet.
2019-10-19 00:49:40,388 [EventQueue-ContainerReportForContainerReportHandler] WARN  container.ContainerReportHandler (AbstractContainerReportHandler.java:updateContainerState(145)) - Container #1 is in OPEN state, but the datanode 67511f02-1a53-40d3-ad7c-17f75ce9e42c{ip: 192.168.157.213, host: pr-hdds-2333-xd9jc-2947872914, networkLocation: /default-rack, certSerialId: null} reports an CLOSED replica.
2019-10-19 00:49:40,447 [EventQueue-ContainerReportForContainerReportHandler] WARN  container.ContainerReportHandler (AbstractContainerReportHandler.java:updateContainerState(145)) - Container #1 is in OPEN state, but the datanode b6ed77c0-0909-418c-a0c6-e1477b4e10c3{ip: 192.168.157.213, host: pr-hdds-2333-xd9jc-2947872914, networkLocation: /default-rack, certSerialId: null} reports an CLOSED replica.
2019-10-19 00:49:40,676 [java.util.concurrent.ThreadPoolExecutor$Worker@419d75d[State = -1, empty queue]] WARN  server.GrpcLogAppender (GrpcLogAppender.java:timeoutAppendRequest(209)) - b6ed77c0-0909-418c-a0c6-e1477b4e10c3@group-2DDA05B3685C->aac91d0e-90b3-4924-955b-30866d4fff78-GrpcLogAppender: appendEntries Timeout, request=b6ed77c0-0909-418c-a0c6-e1477b4e10c3->aac91d0e-90b3-4924-955b-30866d4fff78#41-t2, previous=(t:2, i:10), leaderCommit=10, initializing? false, entries: <empty>
2019-10-19 00:49:40,748 [EventQueue-ContainerReportForContainerReportHandler] WARN  container.ContainerReportHandler (AbstractContainerReportHandler.java:updateContainerState(145)) - Container #1 is in OPEN state, but the datanode b6ed77c0-0909-418c-a0c6-e1477b4e10c3{ip: 192.168.157.213, host: pr-hdds-2333-xd9jc-2947872914, networkLocation: /default-rack, certSerialId: null} reports an CLOSED replica.
2019-10-19 00:49:40,788 [EventQueue-ContainerReportForContainerReportHandler] WARN  container.ContainerReportHandler (AbstractContainerReportHandler.java:updateContainerState(145)) - Container #1 is in OPEN state, but the datanode 67511f02-1a53-40d3-ad7c-17f75ce9e42c{ip: 192.168.157.213, host: pr-hdds-2333-xd9jc-2947872914, networkLocation: /default-rack, certSerialId: null} reports an CLOSED replica.
2019-10-19 00:49:41,049 [EventQueue-ContainerReportForContainerReportHandler] WARN  container.ContainerReportHandler (AbstractContainerReportHandler.java:updateContainerState(145)) - Container #1 is in OPEN state, but the datanode b6ed77c0-0909-418c-a0c6-e1477b4e10c3{ip: 192.168.157.213, host: pr-hdds-2333-xd9jc-2947872914, networkLocation: /default-rack, certSerialId: null} reports an CLOSED replica.
2019-10-19 00:49:41,089 [EventQueue-ContainerReportForContainerReportHandler] WARN  container.ContainerReportHandler (AbstractContainerReportHandler.java:updateContainerState(145)) - Container #1 is in OPEN state, but the datanode 67511f02-1a53-40d3-ad7c-17f75ce9e42c{ip: 192.168.157.213, host: pr-hdds-2333-xd9jc-2947872914, networkLocation: /default-rack, certSerialId: null} reports an CLOSED replica.
2019-10-19 00:49:41,248 [BlockDeletingService#2] WARN  background.BlockDeletingService (BlockDeletingService.java:isDeletionAllowed(187)) - Close Container log Index 6 is not replicated across allthe servers in the pipeline 2739136e-9e24-467a-9fde-2dda05b3685c as the min replicated index is 4. Deletion is not allowed in this container yet.
2019-10-19 00:49:41,248 [BlockDeletingService#2] WARN  background.BlockDeletingService (BlockDeletingService.java:isDeletionAllowed(187)) - Close Container log Index 6 is not replicated across allthe servers in the pipeline 2739136e-9e24-467a-9fde-2dda05b3685c as the min replicated index is 4. Deletion is not allowed in this container yet.
2019-10-19 00:49:41,349 [EventQueue-ContainerReportForContainerReportHandler] WARN  container.ContainerReportHandler (AbstractContainerReportHandler.java:updateContainerState(145)) - Container #1 is in OPEN state, but the datanode b6ed77c0-0909-418c-a0c6-e1477b4e10c3{ip: 192.168.157.213, host: pr-hdds-2333-xd9jc-2947872914, networkLocation: /default-rack, certSerialId: null} reports an CLOSED replica.
2019-10-19 00:49:41,388 [EventQueue-ContainerReportForContainerReportHandler] WARN  container.ContainerReportHandler (AbstractContainerReportHandler.java:updateContainerState(145)) - Container #1 is in OPEN state, but the datanode 67511f02-1a53-40d3-ad7c-17f75ce9e42c{ip: 192.168.157.213, host: pr-hdds-2333-xd9jc-2947872914, networkLocation: /default-rack, certSerialId: null} reports an CLOSED replica.
2019-10-19 00:49:41,649 [EventQueue-ContainerReportForContainerReportHandler] WARN  container.ContainerReportHandler (AbstractContainerReportHandler.java:updateContainerState(145)) - Container #1 is in OPEN state, but the datanode b6ed77c0-0909-418c-a0c6-e1477b4e10c3{ip: 192.168.157.213, host: pr-hdds-2333-xd9jc-2947872914, networkLocation: /default-rack, certSerialId: null} reports an CLOSED replica.
2019-10-19 00:49:41,689 [EventQueue-ContainerReportForContainerReportHandler] WARN  container.ContainerReportHandler (AbstractContainerReportHandler.java:updateContainerState(145)) - Container #1 is in OPEN state, but the datanode 67511f02-1a53-40d3-ad7c-17f75ce9e42c{ip: 192.168.157.213, host: pr-hdds-2333-xd9jc-2947872914, networkLocation: /default-rack, certSerialId: null} reports an CLOSED replica.
2019-10-19 00:49:41,890 [EventQueue-ContainerReportForContainerReportHandler] WARN  container.ContainerReportHandler (AbstractContainerReportHandler.java:updateContainerState(145)) - Container #1 is in OPEN state, but the datanode 67511f02-1a53-40d3-ad7c-17f75ce9e42c{ip: 192.168.157.213, host: pr-hdds-2333-xd9jc-2947872914, networkLocation: /default-rack, certSerialId: null} reports an CLOSED replica.
2019-10-19 00:49:41,949 [EventQueue-ContainerReportForContainerReportHandler] WARN  container.ContainerReportHandler (AbstractContainerReportHandler.java:updateContainerState(145)) - Container #1 is in OPEN state, but the datanode b6ed77c0-0909-418c-a0c6-e1477b4e10c3{ip: 192.168.157.213, host: pr-hdds-2333-xd9jc-2947872914, networkLocation: /default-rack, certSerialId: null} reports an CLOSED replica.
2019-10-19 00:49:42,191 [EventQueue-ContainerReportForContainerReportHandler] WARN  container.ContainerReportHandler (AbstractContainerReportHandler.java:updateContainerState(145)) - Container #1 is in OPEN state, but the datanode 67511f02-1a53-40d3-ad7c-17f75ce9e42c{ip: 192.168.157.213, host: pr-hdds-2333-xd9jc-2947872914, networkLocation: /default-rack, certSerialId: null} reports an CLOSED replica.
2019-10-19 00:49:42,249 [BlockDeletingService#2] WARN  background.BlockDeletingService (BlockDeletingService.java:isDeletionAllowed(187)) - Close Container log Index 6 is not replicated across allthe servers in the pipeline 2739136e-9e24-467a-9fde-2dda05b3685c as the min replicated index is 4. Deletion is not allowed in this container yet.
2019-10-19 00:49:42,249 [BlockDeletingService#2] WARN  background.BlockDeletingService (BlockDeletingService.java:isDeletionAllowed(187)) - Close Container log Index 6 is not replicated across allthe servers in the pipeline 2739136e-9e24-467a-9fde-2dda05b3685c as the min replicated index is 4. Deletion is not allowed in this container yet.
2019-10-19 00:49:42,249 [EventQueue-ContainerReportForContainerReportHandler] WARN  container.ContainerReportHandler (AbstractContainerReportHandler.java:updateContainerState(145)) - Container #1 is in OPEN state, but the datanode b6ed77c0-0909-418c-a0c6-e1477b4e10c3{ip: 192.168.157.213, host: pr-hdds-2333-xd9jc-2947872914, networkLocation: /default-rack, certSerialId: null} reports an CLOSED replica.
2019-10-19 00:49:42,449 [EventQueue-ContainerReportForContainerReportHandler] WARN  container.ContainerReportHandler (AbstractContainerReportHandler.java:updateContainerState(145)) - Container #1 is in OPEN state, but the datanode b6ed77c0-0909-418c-a0c6-e1477b4e10c3{ip: 192.168.157.213, host: pr-hdds-2333-xd9jc-2947872914, networkLocation: /default-rack, certSerialId: null} reports an CLOSED replica.
2019-10-19 00:49:42,491 [EventQueue-ContainerReportForContainerReportHandler] WARN  container.ContainerReportHandler (AbstractContainerReportHandler.java:updateContainerState(145)) - Container #1 is in OPEN state, but the datanode 67511f02-1a53-40d3-ad7c-17f75ce9e42c{ip: 192.168.157.213, host: pr-hdds-2333-xd9jc-2947872914, networkLocation: /default-rack, certSerialId: null} reports an CLOSED replica.
2019-10-19 00:49:42,749 [EventQueue-ContainerReportForContainerReportHandler] WARN  container.ContainerReportHandler (AbstractContainerReportHandler.java:updateContainerState(145)) - Container #1 is in OPEN state, but the datanode b6ed77c0-0909-418c-a0c6-e1477b4e10c3{ip: 192.168.157.213, host: pr-hdds-2333-xd9jc-2947872914, networkLocation: /default-rack, certSerialId: null} reports an CLOSED replica.
2019-10-19 00:49:42,791 [EventQueue-ContainerReportForContainerReportHandler] WARN  container.ContainerReportHandler (AbstractContainerReportHandler.java:updateContainerState(145)) - Container #1 is in OPEN state, but the datanode 67511f02-1a53-40d3-ad7c-17f75ce9e42c{ip: 192.168.157.213, host: pr-hdds-2333-xd9jc-2947872914, networkLocation: /default-rack, certSerialId: null} reports an CLOSED replica.
2019-10-19 00:49:42,949 [EventQueue-ContainerReportForContainerReportHandler] WARN  container.ContainerReportHandler (AbstractContainerReportHandler.java:updateContainerState(145)) - Container #1 is in OPEN state, but the datanode b6ed77c0-0909-418c-a0c6-e1477b4e10c3{ip: 192.168.157.213, host: pr-hdds-2333-xd9jc-2947872914, networkLocation: /default-rack, certSerialId: null} reports an CLOSED replica.
2019-10-19 00:49:43,177 [java.util.concurrent.ThreadPoolExecutor$Worker@419d75d[State = -1, empty queue]] WARN  server.GrpcLogAppender (GrpcLogAppender.java:timeoutAppendRequest(209)) - b6ed77c0-0909-418c-a0c6-e1477b4e10c3@group-2DDA05B3685C->aac91d0e-90b3-4924-955b-30866d4fff78-GrpcLogAppender: appendEntries Timeout, request=b6ed77c0-0909-418c-a0c6-e1477b4e10c3->aac91d0e-90b3-4924-955b-30866d4fff78#42-t2, previous=(t:2, i:10), leaderCommit=10, initializing? false, entries: <empty>
2019-10-19 00:49:43,192 [EventQueue-ContainerReportForContainerReportHandler] WARN  container.ContainerReportHandler (AbstractContainerReportHandler.java:updateContainerState(145)) - Container #1 is in OPEN state, but the datanode 67511f02-1a53-40d3-ad7c-17f75ce9e42c{ip: 192.168.157.213, host: pr-hdds-2333-xd9jc-2947872914, networkLocation: /default-rack, certSerialId: null} reports an CLOSED replica.
2019-10-19 00:49:43,251 [BlockDeletingService#2] WARN  background.BlockDeletingService (BlockDeletingService.java:isDeletionAllowed(187)) - Close Container log Index 6 is not replicated across allthe servers in the pipeline 2739136e-9e24-467a-9fde-2dda05b3685c as the min replicated index is 4. Deletion is not allowed in this container yet.
2019-10-19 00:49:43,251 [BlockDeletingService#2] WARN  background.BlockDeletingService (BlockDeletingService.java:isDeletionAllowed(187)) - Close Container log Index 6 is not replicated across allthe servers in the pipeline 2739136e-9e24-467a-9fde-2dda05b3685c as the min replicated index is 4. Deletion is not allowed in this container yet.
2019-10-19 00:49:43,350 [EventQueue-ContainerReportForContainerReportHandler] WARN  container.ContainerReportHandler (AbstractContainerReportHandler.java:updateContainerState(145)) - Container #1 is in OPEN state, but the datanode b6ed77c0-0909-418c-a0c6-e1477b4e10c3{ip: 192.168.157.213, host: pr-hdds-2333-xd9jc-2947872914, networkLocation: /default-rack, certSerialId: null} reports an CLOSED replica.
2019-10-19 00:49:43,392 [EventQueue-ContainerReportForContainerReportHandler] WARN  container.ContainerReportHandler (AbstractContainerReportHandler.java:updateContainerState(145)) - Container #1 is in OPEN state, but the datanode 67511f02-1a53-40d3-ad7c-17f75ce9e42c{ip: 192.168.157.213, host: pr-hdds-2333-xd9jc-2947872914, networkLocation: /default-rack, certSerialId: null} reports an CLOSED replica.
2019-10-19 00:49:43,550 [EventQueue-ContainerReportForContainerReportHandler] WARN  container.ContainerReportHandler (AbstractContainerReportHandler.java:updateContainerState(145)) - Container #1 is in OPEN state, but the datanode b6ed77c0-0909-418c-a0c6-e1477b4e10c3{ip: 192.168.157.213, host: pr-hdds-2333-xd9jc-2947872914, networkLocation: /default-rack, certSerialId: null} reports an CLOSED replica.
2019-10-19 00:49:43,592 [EventQueue-ContainerReportForContainerReportHandler] WARN  container.ContainerReportHandler (AbstractContainerReportHandler.java:updateContainerState(145)) - Container #1 is in OPEN state, but the datanode 67511f02-1a53-40d3-ad7c-17f75ce9e42c{ip: 192.168.157.213, host: pr-hdds-2333-xd9jc-2947872914, networkLocation: /default-rack, certSerialId: null} reports an CLOSED replica.
2019-10-19 00:49:43,950 [EventQueue-ContainerReportForContainerReportHandler] WARN  container.ContainerReportHandler (AbstractContainerReportHandler.java:updateContainerState(145)) - Container #1 is in OPEN state, but the datanode b6ed77c0-0909-418c-a0c6-e1477b4e10c3{ip: 192.168.157.213, host: pr-hdds-2333-xd9jc-2947872914, networkLocation: /default-rack, certSerialId: null} reports an CLOSED replica.
2019-10-19 00:49:43,992 [EventQueue-ContainerReportForContainerReportHandler] WARN  container.ContainerReportHandler (AbstractContainerReportHandler.java:updateContainerState(145)) - Container #1 is in OPEN state, but the datanode 67511f02-1a53-40d3-ad7c-17f75ce9e42c{ip: 192.168.157.213, host: pr-hdds-2333-xd9jc-2947872914, networkLocation: /default-rack, certSerialId: null} reports an CLOSED replica.
2019-10-19 00:49:44,150 [EventQueue-ContainerReportForContainerReportHandler] WARN  container.ContainerReportHandler (AbstractContainerReportHandler.java:updateContainerState(145)) - Container #1 is in OPEN state, but the datanode b6ed77c0-0909-418c-a0c6-e1477b4e10c3{ip: 192.168.157.213, host: pr-hdds-2333-xd9jc-2947872914, networkLocation: /default-rack, certSerialId: null} reports an CLOSED replica.
2019-10-19 00:49:44,193 [EventQueue-ContainerReportForContainerReportHandler] WARN  container.ContainerReportHandler (AbstractContainerReportHandler.java:updateContainerState(145)) - Container #1 is in OPEN state, but the datanode 67511f02-1a53-40d3-ad7c-17f75ce9e42c{ip: 192.168.157.213, host: pr-hdds-2333-xd9jc-2947872914, networkLocation: /default-rack, certSerialId: null} reports an CLOSED replica.
2019-10-19 00:49:44,252 [BlockDeletingService#2] WARN  background.BlockDeletingService (BlockDeletingService.java:isDeletionAllowed(187)) - Close Container log Index 6 is not replicated across allthe servers in the pipeline 2739136e-9e24-467a-9fde-2dda05b3685c as the min replicated index is 4. Deletion is not allowed in this container yet.
2019-10-19 00:49:44,252 [BlockDeletingService#2] WARN  background.BlockDeletingService (BlockDeletingService.java:isDeletionAllowed(187)) - Close Container log Index 6 is not replicated across allthe servers in the pipeline 2739136e-9e24-467a-9fde-2dda05b3685c as the min replicated index is 4. Deletion is not allowed in this container yet.
2019-10-19 00:49:44,393 [EventQueue-ContainerReportForContainerReportHandler] WARN  container.ContainerReportHandler (AbstractContainerReportHandler.java:updateContainerState(145)) - Container #1 is in OPEN state, but the datanode 67511f02-1a53-40d3-ad7c-17f75ce9e42c{ip: 192.168.157.213, host: pr-hdds-2333-xd9jc-2947872914, networkLocation: /default-rack, certSerialId: null} reports an CLOSED replica.
2019-10-19 00:49:44,450 [EventQueue-ContainerReportForContainerReportHandler] WARN  container.ContainerReportHandler (AbstractContainerReportHandler.java:updateContainerState(145)) - Container #1 is in OPEN state, but the datanode b6ed77c0-0909-418c-a0c6-e1477b4e10c3{ip: 192.168.157.213, host: pr-hdds-2333-xd9jc-2947872914, networkLocation: /default-rack, certSerialId: null} reports an CLOSED replica.
2019-10-19 00:49:44,750 [EventQueue-ContainerReportForContainerReportHandler] WARN  container.ContainerReportHandler (AbstractContainerReportHandler.java:updateContainerState(145)) - Container #1 is in OPEN state, but the datanode b6ed77c0-0909-418c-a0c6-e1477b4e10c3{ip: 192.168.157.213, host: pr-hdds-2333-xd9jc-2947872914, networkLocation: /default-rack, certSerialId: null} reports an CLOSED replica.
2019-10-19 00:49:44,794 [EventQueue-ContainerReportForContainerReportHandler] WARN  container.ContainerReportHandler (AbstractContainerReportHandler.java:updateContainerState(145)) - Container #1 is in OPEN state, but the datanode 67511f02-1a53-40d3-ad7c-17f75ce9e42c{ip: 192.168.157.213, host: pr-hdds-2333-xd9jc-2947872914, networkLocation: /default-rack, certSerialId: null} reports an CLOSED replica.
2019-10-19 00:49:44,995 [EventQueue-ContainerReportForContainerReportHandler] WARN  container.ContainerReportHandler (AbstractContainerReportHandler.java:updateContainerState(145)) - Container #1 is in OPEN state, but the datanode 67511f02-1a53-40d3-ad7c-17f75ce9e42c{ip: 192.168.157.213, host: pr-hdds-2333-xd9jc-2947872914, networkLocation: /default-rack, certSerialId: null} reports an CLOSED replica.
2019-10-19 00:49:45,150 [EventQueue-ContainerReportForContainerReportHandler] WARN  container.ContainerReportHandler (AbstractContainerReportHandler.java:updateContainerState(145)) - Container #1 is in OPEN state, but the datanode b6ed77c0-0909-418c-a0c6-e1477b4e10c3{ip: 192.168.157.213, host: pr-hdds-2333-xd9jc-2947872914, networkLocation: /default-rack, certSerialId: null} reports an CLOSED replica.
2019-10-19 00:49:45,253 [BlockDeletingService#2] WARN  background.BlockDeletingService (BlockDeletingService.java:isDeletionAllowed(187)) - Close Container log Index 6 is not replicated across allthe servers in the pipeline 2739136e-9e24-467a-9fde-2dda05b3685c as the min replicated index is 4. Deletion is not allowed in this container yet.
2019-10-19 00:49:45,253 [BlockDeletingService#2] WARN  background.BlockDeletingService (BlockDeletingService.java:isDeletionAllowed(187)) - Close Container log Index 6 is not replicated across allthe servers in the pipeline 2739136e-9e24-467a-9fde-2dda05b3685c as the min replicated index is 4. Deletion is not allowed in this container yet.
2019-10-19 00:49:45,350 [EventQueue-ContainerReportForContainerReportHandler] WARN  container.ContainerReportHandler (AbstractContainerReportHandler.java:updateContainerState(145)) - Container #1 is in OPEN state, but the datanode b6ed77c0-0909-418c-a0c6-e1477b4e10c3{ip: 192.168.157.213, host: pr-hdds-2333-xd9jc-2947872914, networkLocation: /default-rack, certSerialId: null} reports an CLOSED replica.
2019-10-19 00:49:45,395 [EventQueue-ContainerReportForContainerReportHandler] WARN  container.ContainerReportHandler (AbstractContainerReportHandler.java:updateContainerState(145)) - Container #1 is in OPEN state, but the datanode 67511f02-1a53-40d3-ad7c-17f75ce9e42c{ip: 192.168.157.213, host: pr-hdds-2333-xd9jc-2947872914, networkLocation: /default-rack, certSerialId: null} reports an CLOSED replica.
2019-10-19 00:49:45,678 [java.util.concurrent.ThreadPoolExecutor$Worker@419d75d[State = -1, empty queue]] WARN  server.GrpcLogAppender (GrpcLogAppender.java:timeoutAppendRequest(209)) - b6ed77c0-0909-418c-a0c6-e1477b4e10c3@group-2DDA05B3685C->aac91d0e-90b3-4924-955b-30866d4fff78-GrpcLogAppender: appendEntries Timeout, request=b6ed77c0-0909-418c-a0c6-e1477b4e10c3->aac91d0e-90b3-4924-955b-30866d4fff78#43-t2, previous=(t:2, i:10), leaderCommit=10, initializing? false, entries: <empty>
2019-10-19 00:49:45,751 [EventQueue-ContainerReportForContainerReportHandler] WARN  container.ContainerReportHandler (AbstractContainerReportHandler.java:updateContainerState(145)) - Container #1 is in OPEN state, but the datanode b6ed77c0-0909-418c-a0c6-e1477b4e10c3{ip: 192.168.157.213, host: pr-hdds-2333-xd9jc-2947872914, networkLocation: /default-rack, certSerialId: null} reports an CLOSED replica.
2019-10-19 00:49:45,795 [EventQueue-ContainerReportForContainerReportHandler] WARN  container.ContainerReportHandler (AbstractContainerReportHandler.java:updateContainerState(145)) - Container #1 is in OPEN state, but the datanode 67511f02-1a53-40d3-ad7c-17f75ce9e42c{ip: 192.168.157.213, host: pr-hdds-2333-xd9jc-2947872914, networkLocation: /default-rack, certSerialId: null} reports an CLOSED replica.
2019-10-19 00:49:46,052 [EventQueue-ContainerReportForContainerReportHandler] WARN  container.ContainerReportHandler (AbstractContainerReportHandler.java:updateContainerState(145)) - Container #1 is in OPEN state, but the datanode b6ed77c0-0909-418c-a0c6-e1477b4e10c3{ip: 192.168.157.213, host: pr-hdds-2333-xd9jc-2947872914, networkLocation: /default-rack, certSerialId: null} reports an CLOSED replica.
2019-10-19 00:49:46,095 [EventQueue-ContainerReportForContainerReportHandler] WARN  container.ContainerReportHandler (AbstractContainerReportHandler.java:updateContainerState(145)) - Container #1 is in OPEN state, but the datanode 67511f02-1a53-40d3-ad7c-17f75ce9e42c{ip: 192.168.157.213, host: pr-hdds-2333-xd9jc-2947872914, networkLocation: /default-rack, certSerialId: null} reports an CLOSED replica.
2019-10-19 00:49:46,255 [BlockDeletingService#2] WARN  background.BlockDeletingService (BlockDeletingService.java:isDeletionAllowed(187)) - Close Container log Index 6 is not replicated across allthe servers in the pipeline 2739136e-9e24-467a-9fde-2dda05b3685c as the min replicated index is 4. Deletion is not allowed in this container yet.
2019-10-19 00:49:46,255 [BlockDeletingService#2] WARN  background.BlockDeletingService (BlockDeletingService.java:isDeletionAllowed(187)) - Close Container log Index 6 is not replicated across allthe servers in the pipeline 2739136e-9e24-467a-9fde-2dda05b3685c as the min replicated index is 4. Deletion is not allowed in this container yet.
2019-10-19 00:49:46,295 [EventQueue-ContainerReportForContainerReportHandler] WARN  container.ContainerReportHandler (AbstractContainerReportHandler.java:updateContainerState(145)) - Container #1 is in OPEN state, but the datanode 67511f02-1a53-40d3-ad7c-17f75ce9e42c{ip: 192.168.157.213, host: pr-hdds-2333-xd9jc-2947872914, networkLocation: /default-rack, certSerialId: null} reports an CLOSED replica.
2019-10-19 00:49:46,352 [EventQueue-ContainerReportForContainerReportHandler] WARN  container.ContainerReportHandler (AbstractContainerReportHandler.java:updateContainerState(145)) - Container #1 is in OPEN state, but the datanode b6ed77c0-0909-418c-a0c6-e1477b4e10c3{ip: 192.168.157.213, host: pr-hdds-2333-xd9jc-2947872914, networkLocation: /default-rack, certSerialId: null} reports an CLOSED replica.
2019-10-19 00:49:46,584 [Thread-462] INFO  client.GrpcClientProtocolService (GrpcClientProtocolService.java:lambda$processClientRequest$0(278)) - Failed RaftClientRequest:client-5C1DDA748651->b6ed77c0-0909-418c-a0c6-e1477b4e10c3@group-2DDA05B3685C, cid=10, seq=0, Watch-ALL_COMMITTED(6), Message:<EMPTY>, reply=RaftClientReply:client-5C1DDA748651->b6ed77c0-0909-418c-a0c6-e1477b4e10c3@group-2DDA05B3685C, cid=10, FAILED org.apache.ratis.protocol.NotReplicatedException: Request with call Id 10 and log index 6 is not yet replicated to ALL_COMMITTED, logIndex=6, commits[b6ed77c0-0909-418c-a0c6-e1477b4e10c3:c10, 67511f02-1a53-40d3-ad7c-17f75ce9e42c:c10, aac91d0e-90b3-4924-955b-30866d4fff78:c4]
2019-10-19 00:49:46,652 [EventQueue-ContainerReportForContainerReportHandler] WARN  container.ContainerReportHandler (AbstractContainerReportHandler.java:updateContainerState(145)) - Container #1 is in OPEN state, but the datanode b6ed77c0-0909-418c-a0c6-e1477b4e10c3{ip: 192.168.157.213, host: pr-hdds-2333-xd9jc-2947872914, networkLocation: /default-rack, certSerialId: null} reports an CLOSED replica.
2019-10-19 00:49:46,696 [EventQueue-ContainerReportForContainerReportHandler] WARN  container.ContainerReportHandler (AbstractContainerReportHandler.java:updateContainerState(145)) - Container #1 is in OPEN state, but the datanode 67511f02-1a53-40d3-ad7c-17f75ce9e42c{ip: 192.168.157.213, host: pr-hdds-2333-xd9jc-2947872914, networkLocation: /default-rack, certSerialId: null} reports an CLOSED replica.
2019-10-19 00:49:46,896 [EventQueue-ContainerReportForContainerReportHandler] WARN  container.ContainerReportHandler (AbstractContainerReportHandler.java:updateContainerState(145)) - Container #1 is in OPEN state, but the datanode 67511f02-1a53-40d3-ad7c-17f75ce9e42c{ip: 192.168.157.213, host: pr-hdds-2333-xd9jc-2947872914, networkLocation: /default-rack, certSerialId: null} reports an CLOSED replica.
2019-10-19 00:49:47,052 [EventQueue-ContainerReportForContainerReportHandler] WARN  container.ContainerReportHandler (AbstractContainerReportHandler.java:updateContainerState(145)) - Container #1 is in OPEN state, but the datanode b6ed77c0-0909-418c-a0c6-e1477b4e10c3{ip: 192.168.157.213, host: pr-hdds-2333-xd9jc-2947872914, networkLocation: /default-rack, certSerialId: null} reports an CLOSED replica.
2019-10-19 00:49:47,096 [EventQueue-ContainerReportForContainerReportHandler] WARN  container.ContainerReportHandler (AbstractContainerReportHandler.java:updateContainerState(145)) - Container #1 is in OPEN state, but the datanode 67511f02-1a53-40d3-ad7c-17f75ce9e42c{ip: 192.168.157.213, host: pr-hdds-2333-xd9jc-2947872914, networkLocation: /default-rack, certSerialId: null} reports an CLOSED replica.
2019-10-19 00:49:47,252 [EventQueue-ContainerReportForContainerReportHandler] WARN  container.ContainerReportHandler (AbstractContainerReportHandler.java:updateContainerState(145)) - Container #1 is in OPEN state, but the datanode b6ed77c0-0909-418c-a0c6-e1477b4e10c3{ip: 192.168.157.213, host: pr-hdds-2333-xd9jc-2947872914, networkLocation: /default-rack, certSerialId: null} reports an CLOSED replica.
2019-10-19 00:49:47,256 [BlockDeletingService#2] WARN  background.BlockDeletingService (BlockDeletingService.java:isDeletionAllowed(187)) - Close Container log Index 6 is not replicated across allthe servers in the pipeline 2739136e-9e24-467a-9fde-2dda05b3685c as the min replicated index is 4. Deletion is not allowed in this container yet.
2019-10-19 00:49:47,258 [BlockDeletingService#2] WARN  background.BlockDeletingService (BlockDeletingService.java:isDeletionAllowed(187)) - Close Container log Index 6 is not replicated across allthe servers in the pipeline 2739136e-9e24-467a-9fde-2dda05b3685c as the min replicated index is 4. Deletion is not allowed in this container yet.
2019-10-19 00:49:47,396 [EventQueue-ContainerReportForContainerReportHandler] WARN  container.ContainerReportHandler (AbstractContainerReportHandler.java:updateContainerState(145)) - Container #1 is in OPEN state, but the datanode 67511f02-1a53-40d3-ad7c-17f75ce9e42c{ip: 192.168.157.213, host: pr-hdds-2333-xd9jc-2947872914, networkLocation: /default-rack, certSerialId: null} reports an CLOSED replica.
2019-10-19 00:49:47,552 [EventQueue-ContainerReportForContainerReportHandler] WARN  container.ContainerReportHandler (AbstractContainerReportHandler.java:updateContainerState(145)) - Container #1 is in OPEN state, but the datanode b6ed77c0-0909-418c-a0c6-e1477b4e10c3{ip: 192.168.157.213, host: pr-hdds-2333-xd9jc-2947872914, networkLocation: /default-rack, certSerialId: null} reports an CLOSED replica.
2019-10-19 00:49:47,597 [EventQueue-ContainerReportForContainerReportHandler] WARN  container.ContainerReportHandler (AbstractContainerReportHandler.java:updateContainerState(145)) - Container #1 is in OPEN state, but the datanode 67511f02-1a53-40d3-ad7c-17f75ce9e42c{ip: 192.168.157.213, host: pr-hdds-2333-xd9jc-2947872914, networkLocation: /default-rack, certSerialId: null} reports an CLOSED replica.
2019-10-19 00:49:47,752 [EventQueue-ContainerReportForContainerReportHandler] WARN  container.ContainerReportHandler (AbstractContainerReportHandler.java:updateContainerState(145)) - Container #1 is in OPEN state, but the datanode b6ed77c0-0909-418c-a0c6-e1477b4e10c3{ip: 192.168.157.213, host: pr-hdds-2333-xd9jc-2947872914, networkLocation: /default-rack, certSerialId: null} reports an CLOSED replica.
2019-10-19 00:49:47,798 [EventQueue-ContainerReportForContainerReportHandler] WARN  container.ContainerReportHandler (AbstractContainerReportHandler.java:updateContainerState(145)) - Container #1 is in OPEN state, but the datanode 67511f02-1a53-40d3-ad7c-17f75ce9e42c{ip: 192.168.157.213, host: pr-hdds-2333-xd9jc-2947872914, networkLocation: /default-rack, certSerialId: null} reports an CLOSED replica.
2019-10-19 00:49:48,052 [EventQueue-ContainerReportForContainerReportHandler] WARN  container.ContainerReportHandler (AbstractContainerReportHandler.java:updateContainerState(145)) - Container #1 is in OPEN state, but the datanode b6ed77c0-0909-418c-a0c6-e1477b4e10c3{ip: 192.168.157.213, host: pr-hdds-2333-xd9jc-2947872914, networkLocation: /default-rack, certSerialId: null} reports an CLOSED replica.
2019-10-19 00:49:48,099 [EventQueue-ContainerReportForContainerReportHandler] WARN  container.ContainerReportHandler (AbstractContainerReportHandler.java:updateContainerState(145)) - Container #1 is in OPEN state, but the datanode 67511f02-1a53-40d3-ad7c-17f75ce9e42c{ip: 192.168.157.213, host: pr-hdds-2333-xd9jc-2947872914, networkLocation: /default-rack, certSerialId: null} reports an CLOSED replica.
2019-10-19 00:49:48,179 [java.util.concurrent.ThreadPoolExecutor$Worker@419d75d[State = -1, empty queue]] WARN  server.GrpcLogAppender (GrpcLogAppender.java:timeoutAppendRequest(209)) - b6ed77c0-0909-418c-a0c6-e1477b4e10c3@group-2DDA05B3685C->aac91d0e-90b3-4924-955b-30866d4fff78-GrpcLogAppender: appendEntries Timeout, request=b6ed77c0-0909-418c-a0c6-e1477b4e10c3->aac91d0e-90b3-4924-955b-30866d4fff78#44-t2, previous=(t:2, i:10), leaderCommit=10, initializing? false, entries: <empty>
2019-10-19 00:49:48,253 [EventQueue-ContainerReportForContainerReportHandler] WARN  container.ContainerReportHandler (AbstractContainerReportHandler.java:updateContainerState(145)) - Container #1 is in OPEN state, but the datanode b6ed77c0-0909-418c-a0c6-e1477b4e10c3{ip: 192.168.157.213, host: pr-hdds-2333-xd9jc-2947872914, networkLocation: /default-rack, certSerialId: null} reports an CLOSED replica.
2019-10-19 00:49:48,260 [BlockDeletingService#2] WARN  background.BlockDeletingService (BlockDeletingService.java:isDeletionAllowed(187)) - Close Container log Index 6 is not replicated across allthe servers in the pipeline 2739136e-9e24-467a-9fde-2dda05b3685c as the min replicated index is 4. Deletion is not allowed in this container yet.
2019-10-19 00:49:48,260 [BlockDeletingService#2] WARN  background.BlockDeletingService (BlockDeletingService.java:isDeletionAllowed(187)) - Close Container log Index 6 is not replicated across allthe servers in the pipeline 2739136e-9e24-467a-9fde-2dda05b3685c as the min replicated index is 4. Deletion is not allowed in this container yet.
2019-10-19 00:49:48,499 [EventQueue-ContainerReportForContainerReportHandler] WARN  container.ContainerReportHandler (AbstractContainerReportHandler.java:updateContainerState(145)) - Container #1 is in OPEN state, but the datanode 67511f02-1a53-40d3-ad7c-17f75ce9e42c{ip: 192.168.157.213, host: pr-hdds-2333-xd9jc-2947872914, networkLocation: /default-rack, certSerialId: null} reports an CLOSED replica.
2019-10-19 00:49:48,554 [EventQueue-ContainerReportForContainerReportHandler] WARN  container.ContainerReportHandler (AbstractContainerReportHandler.java:updateContainerState(145)) - Container #1 is in OPEN state, but the datanode b6ed77c0-0909-418c-a0c6-e1477b4e10c3{ip: 192.168.157.213, host: pr-hdds-2333-xd9jc-2947872914, networkLocation: /default-rack, certSerialId: null} reports an CLOSED replica.
2019-10-19 00:49:48,800 [EventQueue-ContainerReportForContainerReportHandler] WARN  container.ContainerReportHandler (AbstractContainerReportHandler.java:updateContainerState(145)) - Container #1 is in OPEN state, but the datanode 67511f02-1a53-40d3-ad7c-17f75ce9e42c{ip: 192.168.157.213, host: pr-hdds-2333-xd9jc-2947872914, networkLocation: /default-rack, certSerialId: null} reports an CLOSED replica.
2019-10-19 00:49:48,854 [EventQueue-ContainerReportForContainerReportHandler] WARN  container.ContainerReportHandler (AbstractContainerReportHandler.java:updateContainerState(145)) - Container #1 is in OPEN state, but the datanode b6ed77c0-0909-418c-a0c6-e1477b4e10c3{ip: 192.168.157.213, host: pr-hdds-2333-xd9jc-2947872914, networkLocation: /default-rack, certSerialId: null} reports an CLOSED replica.
2019-10-19 00:49:48,999 [EventQueue-ContainerReportForContainerReportHandler] WARN  container.ContainerReportHandler (AbstractContainerReportHandler.java:updateContainerState(145)) - Container #1 is in OPEN state, but the datanode 67511f02-1a53-40d3-ad7c-17f75ce9e42c{ip: 192.168.157.213, host: pr-hdds-2333-xd9jc-2947872914, networkLocation: /default-rack, certSerialId: null} reports an CLOSED replica.
2019-10-19 00:49:49,254 [EventQueue-ContainerReportForContainerReportHandler] WARN  container.ContainerReportHandler (AbstractContainerReportHandler.java:updateContainerState(145)) - Container #1 is in OPEN state, but the datanode b6ed77c0-0909-418c-a0c6-e1477b4e10c3{ip: 192.168.157.213, host: pr-hdds-2333-xd9jc-2947872914, networkLocation: /default-rack, certSerialId: null} reports an CLOSED replica.
2019-10-19 00:49:49,262 [BlockDeletingService#2] WARN  background.BlockDeletingService (BlockDeletingService.java:isDeletionAllowed(187)) - Close Container log Index 6 is not replicated across allthe servers in the pipeline 2739136e-9e24-467a-9fde-2dda05b3685c as the min replicated index is 4. Deletion is not allowed in this container yet.
2019-10-19 00:49:49,262 [BlockDeletingService#2] WARN  background.BlockDeletingService (BlockDeletingService.java:isDeletionAllowed(187)) - Close Container log Index 6 is not replicated across allthe servers in the pipeline 2739136e-9e24-467a-9fde-2dda05b3685c as the min replicated index is 4. Deletion is not allowed in this container yet.
2019-10-19 00:49:49,300 [EventQueue-ContainerReportForContainerReportHandler] WARN  container.ContainerReportHandler (AbstractContainerReportHandler.java:updateContainerState(145)) - Container #1 is in OPEN state, but the datanode 67511f02-1a53-40d3-ad7c-17f75ce9e42c{ip: 192.168.157.213, host: pr-hdds-2333-xd9jc-2947872914, networkLocation: /default-rack, certSerialId: null} reports an CLOSED replica.
2019-10-19 00:49:49,501 [EventQueue-ContainerReportForContainerReportHandler] WARN  container.ContainerReportHandler (AbstractContainerReportHandler.java:updateContainerState(145)) - Container #1 is in OPEN state, but the datanode 67511f02-1a53-40d3-ad7c-17f75ce9e42c{ip: 192.168.157.213, host: pr-hdds-2333-xd9jc-2947872914, networkLocation: /default-rack, certSerialId: null} reports an CLOSED replica.
2019-10-19 00:49:49,554 [EventQueue-ContainerReportForContainerReportHandler] WARN  container.ContainerReportHandler (AbstractContainerReportHandler.java:updateContainerState(145)) - Container #1 is in OPEN state, but the datanode b6ed77c0-0909-418c-a0c6-e1477b4e10c3{ip: 192.168.157.213, host: pr-hdds-2333-xd9jc-2947872914, networkLocation: /default-rack, certSerialId: null} reports an CLOSED replica.
2019-10-19 00:49:49,802 [EventQueue-ContainerReportForContainerReportHandler] WARN  container.ContainerReportHandler (AbstractContainerReportHandler.java:updateContainerState(145)) - Container #1 is in OPEN state, but the datanode 67511f02-1a53-40d3-ad7c-17f75ce9e42c{ip: 192.168.157.213, host: pr-hdds-2333-xd9jc-2947872914, networkLocation: /default-rack, certSerialId: null} reports an CLOSED replica.
2019-10-19 00:49:49,854 [EventQueue-ContainerReportForContainerReportHandler] WARN  container.ContainerReportHandler (AbstractContainerReportHandler.java:updateContainerState(145)) - Container #1 is in OPEN state, but the datanode b6ed77c0-0909-418c-a0c6-e1477b4e10c3{ip: 192.168.157.213, host: pr-hdds-2333-xd9jc-2947872914, networkLocation: /default-rack, certSerialId: null} reports an CLOSED replica.
2019-10-19 00:49:50,003 [EventQueue-ContainerReportForContainerReportHandler] WARN  container.ContainerReportHandler (AbstractContainerReportHandler.java:updateContainerState(145)) - Container #1 is in OPEN state, but the datanode 67511f02-1a53-40d3-ad7c-17f75ce9e42c{ip: 192.168.157.213, host: pr-hdds-2333-xd9jc-2947872914, networkLocation: /default-rack, certSerialId: null} reports an CLOSED replica.
2019-10-19 00:49:50,155 [EventQueue-ContainerReportForContainerReportHandler] WARN  container.ContainerReportHandler (AbstractContainerReportHandler.java:updateContainerState(145)) - Container #1 is in OPEN state, but the datanode b6ed77c0-0909-418c-a0c6-e1477b4e10c3{ip: 192.168.157.213, host: pr-hdds-2333-xd9jc-2947872914, networkLocation: /default-rack, certSerialId: null} reports an CLOSED replica.
2019-10-19 00:49:50,264 [BlockDeletingService#2] WARN  background.BlockDeletingService (BlockDeletingService.java:isDeletionAllowed(187)) - Close Container log Index 6 is not replicated across allthe servers in the pipeline 2739136e-9e24-467a-9fde-2dda05b3685c as the min replicated index is 4. Deletion is not allowed in this container yet.
2019-10-19 00:49:50,264 [BlockDeletingService#2] WARN  background.BlockDeletingService (BlockDeletingService.java:isDeletionAllowed(187)) - Close Container log Index 6 is not replicated across allthe servers in the pipeline 2739136e-9e24-467a-9fde-2dda05b3685c as the min replicated index is 4. Deletion is not allowed in this container yet.
2019-10-19 00:49:50,302 [EventQueue-ContainerReportForContainerReportHandler] WARN  container.ContainerReportHandler (AbstractContainerReportHandler.java:updateContainerState(145)) - Container #1 is in OPEN state, but the datanode 67511f02-1a53-40d3-ad7c-17f75ce9e42c{ip: 192.168.157.213, host: pr-hdds-2333-xd9jc-2947872914, networkLocation: /default-rack, certSerialId: null} reports an CLOSED replica.
2019-10-19 00:49:50,456 [EventQueue-ContainerReportForContainerReportHandler] WARN  container.ContainerReportHandler (AbstractContainerReportHandler.java:updateContainerState(145)) - Container #1 is in OPEN state, but the datanode b6ed77c0-0909-418c-a0c6-e1477b4e10c3{ip: 192.168.157.213, host: pr-hdds-2333-xd9jc-2947872914, networkLocation: /default-rack, certSerialId: null} reports an CLOSED replica.
2019-10-19 00:49:50,602 [EventQueue-ContainerReportForContainerReportHandler] WARN  container.ContainerReportHandler (AbstractContainerReportHandler.java:updateContainerState(145)) - Container #1 is in OPEN state, but the datanode 67511f02-1a53-40d3-ad7c-17f75ce9e42c{ip: 192.168.157.213, host: pr-hdds-2333-xd9jc-2947872914, networkLocation: /default-rack, certSerialId: null} reports an CLOSED replica.
2019-10-19 00:49:50,680 [java.util.concurrent.ThreadPoolExecutor$Worker@419d75d[State = -1, empty queue]] WARN  server.GrpcLogAppender (GrpcLogAppender.java:timeoutAppendRequest(209)) - b6ed77c0-0909-418c-a0c6-e1477b4e10c3@group-2DDA05B3685C->aac91d0e-90b3-4924-955b-30866d4fff78-GrpcLogAppender: appendEntries Timeout, request=b6ed77c0-0909-418c-a0c6-e1477b4e10c3->aac91d0e-90b3-4924-955b-30866d4fff78#45-t2, previous=(t:2, i:10), leaderCommit=10, initializing? false, entries: <empty>
2019-10-19 00:49:50,756 [EventQueue-ContainerReportForContainerReportHandler] WARN  container.ContainerReportHandler (AbstractContainerReportHandler.java:updateContainerState(145)) - Container #1 is in OPEN state, but the datanode b6ed77c0-0909-418c-a0c6-e1477b4e10c3{ip: 192.168.157.213, host: pr-hdds-2333-xd9jc-2947872914, networkLocation: /default-rack, certSerialId: null} reports an CLOSED replica.
2019-10-19 00:49:50,803 [EventQueue-ContainerReportForContainerReportHandler] WARN  container.ContainerReportHandler (AbstractContainerReportHandler.java:updateContainerState(145)) - Container #1 is in OPEN state, but the datanode 67511f02-1a53-40d3-ad7c-17f75ce9e42c{ip: 192.168.157.213, host: pr-hdds-2333-xd9jc-2947872914, networkLocation: /default-rack, certSerialId: null} reports an CLOSED replica.
2019-10-19 00:49:50,957 [EventQueue-ContainerReportForContainerReportHandler] WARN  container.ContainerReportHandler (AbstractContainerReportHandler.java:updateContainerState(145)) - Container #1 is in OPEN state, but the datanode b6ed77c0-0909-418c-a0c6-e1477b4e10c3{ip: 192.168.157.213, host: pr-hdds-2333-xd9jc-2947872914, networkLocation: /default-rack, certSerialId: null} reports an CLOSED replica.
2019-10-19 00:49:51,002 [EventQueue-ContainerReportForContainerReportHandler] WARN  container.ContainerReportHandler (AbstractContainerReportHandler.java:updateContainerState(145)) - Container #1 is in OPEN state, but the datanode 67511f02-1a53-40d3-ad7c-17f75ce9e42c{ip: 192.168.157.213, host: pr-hdds-2333-xd9jc-2947872914, networkLocation: /default-rack, certSerialId: null} reports an CLOSED replica.
2019-10-19 00:49:51,203 [EventQueue-ContainerReportForContainerReportHandler] WARN  container.ContainerReportHandler (AbstractContainerReportHandler.java:updateContainerState(145)) - Container #1 is in OPEN state, but the datanode 67511f02-1a53-40d3-ad7c-17f75ce9e42c{ip: 192.168.157.213, host: pr-hdds-2333-xd9jc-2947872914, networkLocation: /default-rack, certSerialId: null} reports an CLOSED replica.
2019-10-19 00:49:51,257 [EventQueue-ContainerReportForContainerReportHandler] WARN  container.ContainerReportHandler (AbstractContainerReportHandler.java:updateContainerState(145)) - Container #1 is in OPEN state, but the datanode b6ed77c0-0909-418c-a0c6-e1477b4e10c3{ip: 192.168.157.213, host: pr-hdds-2333-xd9jc-2947872914, networkLocation: /default-rack, certSerialId: null} reports an CLOSED replica.
2019-10-19 00:49:51,266 [BlockDeletingService#2] WARN  background.BlockDeletingService (BlockDeletingService.java:isDeletionAllowed(187)) - Close Container log Index 6 is not replicated across allthe servers in the pipeline 2739136e-9e24-467a-9fde-2dda05b3685c as the min replicated index is 4. Deletion is not allowed in this container yet.
2019-10-19 00:49:51,266 [BlockDeletingService#2] WARN  background.BlockDeletingService (BlockDeletingService.java:isDeletionAllowed(187)) - Close Container log Index 6 is not replicated across allthe servers in the pipeline 2739136e-9e24-467a-9fde-2dda05b3685c as the min replicated index is 4. Deletion is not allowed in this container yet.
2019-10-19 00:49:51,457 [EventQueue-ContainerReportForContainerReportHandler] WARN  container.ContainerReportHandler (AbstractContainerReportHandler.java:updateContainerState(145)) - Container #1 is in OPEN state, but the datanode b6ed77c0-0909-418c-a0c6-e1477b4e10c3{ip: 192.168.157.213, host: pr-hdds-2333-xd9jc-2947872914, networkLocation: /default-rack, certSerialId: null} reports an CLOSED replica.
2019-10-19 00:49:51,604 [EventQueue-ContainerReportForContainerReportHandler] WARN  container.ContainerReportHandler (AbstractContainerReportHandler.java:updateContainerState(145)) - Container #1 is in OPEN state, but the datanode 67511f02-1a53-40d3-ad7c-17f75ce9e42c{ip: 192.168.157.213, host: pr-hdds-2333-xd9jc-2947872914, networkLocation: /default-rack, certSerialId: null} reports an CLOSED replica.
2019-10-19 00:49:51,758 [EventQueue-ContainerReportForContainerReportHandler] WARN  container.ContainerReportHandler (AbstractContainerReportHandler.java:updateContainerState(145)) - Container #1 is in OPEN state, but the datanode b6ed77c0-0909-418c-a0c6-e1477b4e10c3{ip: 192.168.157.213, host: pr-hdds-2333-xd9jc-2947872914, networkLocation: /default-rack, certSerialId: null} reports an CLOSED replica.
2019-10-19 00:49:51,904 [EventQueue-ContainerReportForContainerReportHandler] WARN  container.ContainerReportHandler (AbstractContainerReportHandler.java:updateContainerState(145)) - Container #1 is in OPEN state, but the datanode 67511f02-1a53-40d3-ad7c-17f75ce9e42c{ip: 192.168.157.213, host: pr-hdds-2333-xd9jc-2947872914, networkLocation: /default-rack, certSerialId: null} reports an CLOSED replica.
2019-10-19 00:49:52,158 [EventQueue-ContainerReportForContainerReportHandler] WARN  container.ContainerReportHandler (AbstractContainerReportHandler.java:updateContainerState(145)) - Container #1 is in OPEN state, but the datanode b6ed77c0-0909-418c-a0c6-e1477b4e10c3{ip: 192.168.157.213, host: pr-hdds-2333-xd9jc-2947872914, networkLocation: /default-rack, certSerialId: null} reports an CLOSED replica.
2019-10-19 00:49:52,267 [BlockDeletingService#2] WARN  background.BlockDeletingService (BlockDeletingService.java:isDeletionAllowed(187)) - Close Container log Index 6 is not replicated across allthe servers in the pipeline 2739136e-9e24-467a-9fde-2dda05b3685c as the min replicated index is 4. Deletion is not allowed in this container yet.
2019-10-19 00:49:52,267 [BlockDeletingService#2] WARN  background.BlockDeletingService (BlockDeletingService.java:isDeletionAllowed(187)) - Close Container log Index 6 is not replicated across allthe servers in the pipeline 2739136e-9e24-467a-9fde-2dda05b3685c as the min replicated index is 4. Deletion is not allowed in this container yet.
2019-10-19 00:49:52,313 [EventQueue-ContainerReportForContainerReportHandler] WARN  container.ContainerReportHandler (AbstractContainerReportHandler.java:updateContainerState(145)) - Container #1 is in OPEN state, but the datanode 67511f02-1a53-40d3-ad7c-17f75ce9e42c{ip: 192.168.157.213, host: pr-hdds-2333-xd9jc-2947872914, networkLocation: /default-rack, certSerialId: null} reports an CLOSED replica.
2019-10-19 00:49:52,358 [EventQueue-ContainerReportForContainerReportHandler] WARN  container.ContainerReportHandler (AbstractContainerReportHandler.java:updateContainerState(145)) - Container #1 is in OPEN state, but the datanode b6ed77c0-0909-418c-a0c6-e1477b4e10c3{ip: 192.168.157.213, host: pr-hdds-2333-xd9jc-2947872914, networkLocation: /default-rack, certSerialId: null} reports an CLOSED replica.
2019-10-19 00:49:52,658 [EventQueue-ContainerReportForContainerReportHandler] WARN  container.ContainerReportHandler (AbstractContainerReportHandler.java:updateContainerState(145)) - Container #1 is in OPEN state, but the datanode b6ed77c0-0909-418c-a0c6-e1477b4e10c3{ip: 192.168.157.213, host: pr-hdds-2333-xd9jc-2947872914, networkLocation: /default-rack, certSerialId: null} reports an CLOSED replica.
2019-10-19 00:49:52,705 [EventQueue-ContainerReportForContainerReportHandler] WARN  container.ContainerReportHandler (AbstractContainerReportHandler.java:updateContainerState(145)) - Container #1 is in OPEN state, but the datanode 67511f02-1a53-40d3-ad7c-17f75ce9e42c{ip: 192.168.157.213, host: pr-hdds-2333-xd9jc-2947872914, networkLocation: /default-rack, certSerialId: null} reports an CLOSED replica.
2019-10-19 00:49:52,958 [EventQueue-ContainerReportForContainerReportHandler] WARN  container.ContainerReportHandler (AbstractContainerReportHandler.java:updateContainerState(145)) - Container #1 is in OPEN state, but the datanode b6ed77c0-0909-418c-a0c6-e1477b4e10c3{ip: 192.168.157.213, host: pr-hdds-2333-xd9jc-2947872914, networkLocation: /default-rack, certSerialId: null} reports an CLOSED replica.
2019-10-19 00:49:53,004 [EventQueue-ContainerReportForContainerReportHandler] WARN  container.ContainerReportHandler (AbstractContainerReportHandler.java:updateContainerState(145)) - Container #1 is in OPEN state, but the datanode 67511f02-1a53-40d3-ad7c-17f75ce9e42c{ip: 192.168.157.213, host: pr-hdds-2333-xd9jc-2947872914, networkLocation: /default-rack, certSerialId: null} reports an CLOSED replica.
2019-10-19 00:49:53,182 [java.util.concurrent.ThreadPoolExecutor$Worker@419d75d[State = -1, empty queue]] WARN  server.GrpcLogAppender (GrpcLogAppender.java:timeoutAppendRequest(209)) - b6ed77c0-0909-418c-a0c6-e1477b4e10c3@group-2DDA05B3685C->aac91d0e-90b3-4924-955b-30866d4fff78-GrpcLogAppender: appendEntries Timeout, request=b6ed77c0-0909-418c-a0c6-e1477b4e10c3->aac91d0e-90b3-4924-955b-30866d4fff78#46-t2, previous=(t:2, i:10), leaderCommit=10, initializing? false, entries: <empty>
2019-10-19 00:49:53,204 [EventQueue-ContainerReportForContainerReportHandler] WARN  container.ContainerReportHandler (AbstractContainerReportHandler.java:updateContainerState(145)) - Container #1 is in OPEN state, but the datanode 67511f02-1a53-40d3-ad7c-17f75ce9e42c{ip: 192.168.157.213, host: pr-hdds-2333-xd9jc-2947872914, networkLocation: /default-rack, certSerialId: null} reports an CLOSED replica.
2019-10-19 00:49:53,259 [EventQueue-ContainerReportForContainerReportHandler] WARN  container.ContainerReportHandler (AbstractContainerReportHandler.java:updateContainerState(145)) - Container #1 is in OPEN state, but the datanode b6ed77c0-0909-418c-a0c6-e1477b4e10c3{ip: 192.168.157.213, host: pr-hdds-2333-xd9jc-2947872914, networkLocation: /default-rack, certSerialId: null} reports an CLOSED replica.
2019-10-19 00:49:53,269 [BlockDeletingService#2] WARN  background.BlockDeletingService (BlockDeletingService.java:isDeletionAllowed(187)) - Close Container log Index 6 is not replicated across allthe servers in the pipeline 2739136e-9e24-467a-9fde-2dda05b3685c as the min replicated index is 4. Deletion is not allowed in this container yet.
2019-10-19 00:49:53,269 [BlockDeletingService#2] WARN  background.BlockDeletingService (BlockDeletingService.java:isDeletionAllowed(187)) - Close Container log Index 6 is not replicated across allthe servers in the pipeline 2739136e-9e24-467a-9fde-2dda05b3685c as the min replicated index is 4. Deletion is not allowed in this container yet.
2019-10-19 00:49:53,404 [EventQueue-ContainerReportForContainerReportHandler] WARN  container.ContainerReportHandler (AbstractContainerReportHandler.java:updateContainerState(145)) - Container #1 is in OPEN state, but the datanode 67511f02-1a53-40d3-ad7c-17f75ce9e42c{ip: 192.168.157.213, host: pr-hdds-2333-xd9jc-2947872914, networkLocation: /default-rack, certSerialId: null} reports an CLOSED replica.
2019-10-19 00:49:53,458 [EventQueue-ContainerReportForContainerReportHandler] WARN  container.ContainerReportHandler (AbstractContainerReportHandler.java:updateContainerState(145)) - Container #1 is in OPEN state, but the datanode b6ed77c0-0909-418c-a0c6-e1477b4e10c3{ip: 192.168.157.213, host: pr-hdds-2333-xd9jc-2947872914, networkLocation: /default-rack, certSerialId: null} reports an CLOSED replica.
2019-10-19 00:49:53,705 [EventQueue-ContainerReportForContainerReportHandler] WARN  container.ContainerReportHandler (AbstractContainerReportHandler.java:updateContainerState(145)) - Container #1 is in OPEN state, but the datanode 67511f02-1a53-40d3-ad7c-17f75ce9e42c{ip: 192.168.157.213, host: pr-hdds-2333-xd9jc-2947872914, networkLocation: /default-rack, certSerialId: null} reports an CLOSED replica.
2019-10-19 00:49:53,758 [EventQueue-ContainerReportForContainerReportHandler] WARN  container.ContainerReportHandler (AbstractContainerReportHandler.java:updateContainerState(145)) - Container #1 is in OPEN state, but the datanode b6ed77c0-0909-418c-a0c6-e1477b4e10c3{ip: 192.168.157.213, host: pr-hdds-2333-xd9jc-2947872914, networkLocation: /default-rack, certSerialId: null} reports an CLOSED replica.
2019-10-19 00:49:53,906 [EventQueue-ContainerReportForContainerReportHandler] WARN  container.ContainerReportHandler (AbstractContainerReportHandler.java:updateContainerState(145)) - Container #1 is in OPEN state, but the datanode 67511f02-1a53-40d3-ad7c-17f75ce9e42c{ip: 192.168.157.213, host: pr-hdds-2333-xd9jc-2947872914, networkLocation: /default-rack, certSerialId: null} reports an CLOSED replica.
2019-10-19 00:49:54,159 [EventQueue-ContainerReportForContainerReportHandler] WARN  container.ContainerReportHandler (AbstractContainerReportHandler.java:updateContainerState(145)) - Container #1 is in OPEN state, but the datanode b6ed77c0-0909-418c-a0c6-e1477b4e10c3{ip: 192.168.157.213, host: pr-hdds-2333-xd9jc-2947872914, networkLocation: /default-rack, certSerialId: null} reports an CLOSED replica.
2019-10-19 00:49:54,206 [EventQueue-ContainerReportForContainerReportHandler] WARN  container.ContainerReportHandler (AbstractContainerReportHandler.java:updateContainerState(145)) - Container #1 is in OPEN state, but the datanode 67511f02-1a53-40d3-ad7c-17f75ce9e42c{ip: 192.168.157.213, host: pr-hdds-2333-xd9jc-2947872914, networkLocation: /default-rack, certSerialId: null} reports an CLOSED replica.
2019-10-19 00:49:54,271 [BlockDeletingService#2] WARN  background.BlockDeletingService (BlockDeletingService.java:isDeletionAllowed(187)) - Close Container log Index 6 is not replicated across allthe servers in the pipeline 2739136e-9e24-467a-9fde-2dda05b3685c as the min replicated index is 4. Deletion is not allowed in this container yet.
2019-10-19 00:49:54,271 [BlockDeletingService#2] WARN  background.BlockDeletingService (BlockDeletingService.java:isDeletionAllowed(187)) - Close Container log Index 6 is not replicated across allthe servers in the pipeline 2739136e-9e24-467a-9fde-2dda05b3685c as the min replicated index is 4. Deletion is not allowed in this container yet.
2019-10-19 00:49:54,559 [EventQueue-ContainerReportForContainerReportHandler] WARN  container.ContainerReportHandler (AbstractContainerReportHandler.java:updateContainerState(145)) - Container #1 is in OPEN state, but the datanode b6ed77c0-0909-418c-a0c6-e1477b4e10c3{ip: 192.168.157.213, host: pr-hdds-2333-xd9jc-2947872914, networkLocation: /default-rack, certSerialId: null} reports an CLOSED replica.
2019-10-19 00:49:54,606 [EventQueue-ContainerReportForContainerReportHandler] WARN  container.ContainerReportHandler (AbstractContainerReportHandler.java:updateContainerState(145)) - Container #1 is in OPEN state, but the datanode 67511f02-1a53-40d3-ad7c-17f75ce9e42c{ip: 192.168.157.213, host: pr-hdds-2333-xd9jc-2947872914, networkLocation: /default-rack, certSerialId: null} reports an CLOSED replica.
2019-10-19 00:49:54,959 [EventQueue-ContainerReportForContainerReportHandler] WARN  container.ContainerReportHandler (AbstractContainerReportHandler.java:updateContainerState(145)) - Container #1 is in OPEN state, but the datanode b6ed77c0-0909-418c-a0c6-e1477b4e10c3{ip: 192.168.157.213, host: pr-hdds-2333-xd9jc-2947872914, networkLocation: /default-rack, certSerialId: null} reports an CLOSED replica.
2019-10-19 00:49:55,006 [EventQueue-ContainerReportForContainerReportHandler] WARN  container.ContainerReportHandler (AbstractContainerReportHandler.java:updateContainerState(145)) - Container #1 is in OPEN state, but the datanode 67511f02-1a53-40d3-ad7c-17f75ce9e42c{ip: 192.168.157.213, host: pr-hdds-2333-xd9jc-2947872914, networkLocation: /default-rack, certSerialId: null} reports an CLOSED replica.
2019-10-19 00:49:55,206 [EventQueue-ContainerReportForContainerReportHandler] WARN  container.ContainerReportHandler (AbstractContainerReportHandler.java:updateContainerState(145)) - Container #1 is in OPEN state, but the datanode 67511f02-1a53-40d3-ad7c-17f75ce9e42c{ip: 192.168.157.213, host: pr-hdds-2333-xd9jc-2947872914, networkLocation: /default-rack, certSerialId: null} reports an CLOSED replica.
2019-10-19 00:49:55,261 [EventQueue-ContainerReportForContainerReportHandler] WARN  container.ContainerReportHandler (AbstractContainerReportHandler.java:updateContainerState(145)) - Container #1 is in OPEN state, but the datanode b6ed77c0-0909-418c-a0c6-e1477b4e10c3{ip: 192.168.157.213, host: pr-hdds-2333-xd9jc-2947872914, networkLocation: /default-rack, certSerialId: null} reports an CLOSED replica.
2019-10-19 00:49:55,272 [BlockDeletingService#2] WARN  background.BlockDeletingService (BlockDeletingService.java:isDeletionAllowed(187)) - Close Container log Index 6 is not replicated across allthe servers in the pipeline 2739136e-9e24-467a-9fde-2dda05b3685c as the min replicated index is 4. Deletion is not allowed in this container yet.
2019-10-19 00:49:55,272 [BlockDeletingService#2] WARN  background.BlockDeletingService (BlockDeletingService.java:isDeletionAllowed(187)) - Close Container log Index 6 is not replicated across allthe servers in the pipeline 2739136e-9e24-467a-9fde-2dda05b3685c as the min replicated index is 4. Deletion is not allowed in this container yet.
2019-10-19 00:49:55,461 [EventQueue-ContainerReportForContainerReportHandler] WARN  container.ContainerReportHandler (AbstractContainerReportHandler.java:updateContainerState(145)) - Container #1 is in OPEN state, but the datanode b6ed77c0-0909-418c-a0c6-e1477b4e10c3{ip: 192.168.157.213, host: pr-hdds-2333-xd9jc-2947872914, networkLocation: /default-rack, certSerialId: null} reports an CLOSED replica.
2019-10-19 00:49:55,606 [EventQueue-ContainerReportForContainerReportHandler] WARN  container.ContainerReportHandler (AbstractContainerReportHandler.java:updateContainerState(145)) - Container #1 is in OPEN state, but the datanode 67511f02-1a53-40d3-ad7c-17f75ce9e42c{ip: 192.168.157.213, host: pr-hdds-2333-xd9jc-2947872914, networkLocation: /default-rack, certSerialId: null} reports an CLOSED replica.
2019-10-19 00:49:55,684 [java.util.concurrent.ThreadPoolExecutor$Worker@419d75d[State = -1, empty queue]] WARN  server.GrpcLogAppender (GrpcLogAppender.java:timeoutAppendRequest(209)) - b6ed77c0-0909-418c-a0c6-e1477b4e10c3@group-2DDA05B3685C->aac91d0e-90b3-4924-955b-30866d4fff78-GrpcLogAppender: appendEntries Timeout, request=b6ed77c0-0909-418c-a0c6-e1477b4e10c3->aac91d0e-90b3-4924-955b-30866d4fff78#47-t2, previous=(t:2, i:10), leaderCommit=10, initializing? false, entries: <empty>
2019-10-19 00:49:55,862 [EventQueue-ContainerReportForContainerReportHandler] WARN  container.ContainerReportHandler (AbstractContainerReportHandler.java:updateContainerState(145)) - Container #1 is in OPEN state, but the datanode b6ed77c0-0909-418c-a0c6-e1477b4e10c3{ip: 192.168.157.213, host: pr-hdds-2333-xd9jc-2947872914, networkLocation: /default-rack, certSerialId: null} reports an CLOSED replica.
2019-10-19 00:49:55,906 [EventQueue-ContainerReportForContainerReportHandler] WARN  container.ContainerReportHandler (AbstractContainerReportHandler.java:updateContainerState(145)) - Container #1 is in OPEN state, but the datanode 67511f02-1a53-40d3-ad7c-17f75ce9e42c{ip: 192.168.157.213, host: pr-hdds-2333-xd9jc-2947872914, networkLocation: /default-rack, certSerialId: null} reports an CLOSED replica.
2019-10-19 00:49:56,062 [EventQueue-ContainerReportForContainerReportHandler] WARN  container.ContainerReportHandler (AbstractContainerReportHandler.java:updateContainerState(145)) - Container #1 is in OPEN state, but the datanode b6ed77c0-0909-418c-a0c6-e1477b4e10c3{ip: 192.168.157.213, host: pr-hdds-2333-xd9jc-2947872914, networkLocation: /default-rack, certSerialId: null} reports an CLOSED replica.
2019-10-19 00:49:56,207 [EventQueue-ContainerReportForContainerReportHandler] WARN  container.ContainerReportHandler (AbstractContainerReportHandler.java:updateContainerState(145)) - Container #1 is in OPEN state, but the datanode 67511f02-1a53-40d3-ad7c-17f75ce9e42c{ip: 192.168.157.213, host: pr-hdds-2333-xd9jc-2947872914, networkLocation: /default-rack, certSerialId: null} reports an CLOSED replica.
2019-10-19 00:49:56,275 [BlockDeletingService#2] WARN  background.BlockDeletingService (BlockDeletingService.java:isDeletionAllowed(187)) - Close Container log Index 6 is not replicated across allthe servers in the pipeline 2739136e-9e24-467a-9fde-2dda05b3685c as the min replicated index is 4. Deletion is not allowed in this container yet.
2019-10-19 00:49:56,275 [BlockDeletingService#2] WARN  background.BlockDeletingService (BlockDeletingService.java:isDeletionAllowed(187)) - Close Container log Index 6 is not replicated across allthe servers in the pipeline 2739136e-9e24-467a-9fde-2dda05b3685c as the min replicated index is 4. Deletion is not allowed in this container yet.
2019-10-19 00:49:56,364 [EventQueue-ContainerReportForContainerReportHandler] WARN  container.ContainerReportHandler (AbstractContainerReportHandler.java:updateContainerState(145)) - Container #1 is in OPEN state, but the datanode b6ed77c0-0909-418c-a0c6-e1477b4e10c3{ip: 192.168.157.213, host: pr-hdds-2333-xd9jc-2947872914, networkLocation: /default-rack, certSerialId: null} reports an CLOSED replica.
2019-10-19 00:49:56,507 [EventQueue-ContainerReportForContainerReportHandler] WARN  container.ContainerReportHandler (AbstractContainerReportHandler.java:updateContainerState(145)) - Container #1 is in OPEN state, but the datanode 67511f02-1a53-40d3-ad7c-17f75ce9e42c{ip: 192.168.157.213, host: pr-hdds-2333-xd9jc-2947872914, networkLocation: /default-rack, certSerialId: null} reports an CLOSED replica.
2019-10-19 00:49:56,563 [EventQueue-ContainerReportForContainerReportHandler] WARN  container.ContainerReportHandler (AbstractContainerReportHandler.java:updateContainerState(145)) - Container #1 is in OPEN state, but the datanode b6ed77c0-0909-418c-a0c6-e1477b4e10c3{ip: 192.168.157.213, host: pr-hdds-2333-xd9jc-2947872914, networkLocation: /default-rack, certSerialId: null} reports an CLOSED replica.
2019-10-19 00:49:56,584 [Thread-491] INFO  client.GrpcClientProtocolService (GrpcClientProtocolService.java:lambda$processClientRequest$0(278)) - Failed RaftClientRequest:client-5C1DDA748651->b6ed77c0-0909-418c-a0c6-e1477b4e10c3@group-2DDA05B3685C, cid=10, seq=0, Watch-ALL_COMMITTED(6), Message:<EMPTY>, reply=RaftClientReply:client-5C1DDA748651->b6ed77c0-0909-418c-a0c6-e1477b4e10c3@group-2DDA05B3685C, cid=10, FAILED org.apache.ratis.protocol.NotReplicatedException: Request with call Id 10 and log index 6 is not yet replicated to ALL_COMMITTED, logIndex=6, commits[b6ed77c0-0909-418c-a0c6-e1477b4e10c3:c10, 67511f02-1a53-40d3-ad7c-17f75ce9e42c:c10, aac91d0e-90b3-4924-955b-30866d4fff78:c4]
2019-10-19 00:49:56,807 [EventQueue-ContainerReportForContainerReportHandler] WARN  container.ContainerReportHandler (AbstractContainerReportHandler.java:updateContainerState(145)) - Container #1 is in OPEN state, but the datanode 67511f02-1a53-40d3-ad7c-17f75ce9e42c{ip: 192.168.157.213, host: pr-hdds-2333-xd9jc-2947872914, networkLocation: /default-rack, certSerialId: null} reports an CLOSED replica.
2019-10-19 00:49:56,963 [EventQueue-ContainerReportForContainerReportHandler] WARN  container.ContainerReportHandler (AbstractContainerReportHandler.java:updateContainerState(145)) - Container #1 is in OPEN state, but the datanode b6ed77c0-0909-418c-a0c6-e1477b4e10c3{ip: 192.168.157.213, host: pr-hdds-2333-xd9jc-2947872914, networkLocation: /default-rack, certSerialId: null} reports an CLOSED replica.
2019-10-19 00:49:57,107 [EventQueue-ContainerReportForContainerReportHandler] WARN  container.ContainerReportHandler (AbstractContainerReportHandler.java:updateContainerState(145)) - Container #1 is in OPEN state, but the datanode 67511f02-1a53-40d3-ad7c-17f75ce9e42c{ip: 192.168.157.213, host: pr-hdds-2333-xd9jc-2947872914, networkLocation: /default-rack, certSerialId: null} reports an CLOSED replica.
2019-10-19 00:49:57,163 [EventQueue-ContainerReportForContainerReportHandler] WARN  container.ContainerReportHandler (AbstractContainerReportHandler.java:updateContainerState(145)) - Container #1 is in OPEN state, but the datanode b6ed77c0-0909-418c-a0c6-e1477b4e10c3{ip: 192.168.157.213, host: pr-hdds-2333-xd9jc-2947872914, networkLocation: /default-rack, certSerialId: null} reports an CLOSED replica.
2019-10-19 00:49:57,276 [BlockDeletingService#2] WARN  background.BlockDeletingService (BlockDeletingService.java:isDeletionAllowed(187)) - Close Container log Index 6 is not replicated across allthe servers in the pipeline 2739136e-9e24-467a-9fde-2dda05b3685c as the min replicated index is 4. Deletion is not allowed in this container yet.
2019-10-19 00:49:57,276 [BlockDeletingService#2] WARN  background.BlockDeletingService (BlockDeletingService.java:isDeletionAllowed(187)) - Close Container log Index 6 is not replicated across allthe servers in the pipeline 2739136e-9e24-467a-9fde-2dda05b3685c as the min replicated index is 4. Deletion is not allowed in this container yet.
2019-10-19 00:49:57,307 [EventQueue-ContainerReportForContainerReportHandler] WARN  container.ContainerReportHandler (AbstractContainerReportHandler.java:updateContainerState(145)) - Container #1 is in OPEN state, but the datanode 67511f02-1a53-40d3-ad7c-17f75ce9e42c{ip: 192.168.157.213, host: pr-hdds-2333-xd9jc-2947872914, networkLocation: /default-rack, certSerialId: null} reports an CLOSED replica.
2019-10-19 00:49:57,463 [EventQueue-ContainerReportForContainerReportHandler] WARN  container.ContainerReportHandler (AbstractContainerReportHandler.java:updateContainerState(145)) - Container #1 is in OPEN state, but the datanode b6ed77c0-0909-418c-a0c6-e1477b4e10c3{ip: 192.168.157.213, host: pr-hdds-2333-xd9jc-2947872914, networkLocation: /default-rack, certSerialId: null} reports an CLOSED replica.
2019-10-19 00:49:57,708 [EventQueue-ContainerReportForContainerReportHandler] WARN  container.ContainerReportHandler (AbstractContainerReportHandler.java:updateContainerState(145)) - Container #1 is in OPEN state, but the datanode 67511f02-1a53-40d3-ad7c-17f75ce9e42c{ip: 192.168.157.213, host: pr-hdds-2333-xd9jc-2947872914, networkLocation: /default-rack, certSerialId: null} reports an CLOSED replica.
2019-10-19 00:49:57,863 [EventQueue-ContainerReportForContainerReportHandler] WARN  container.ContainerReportHandler (AbstractContainerReportHandler.java:updateContainerState(145)) - Container #1 is in OPEN state, but the datanode b6ed77c0-0909-418c-a0c6-e1477b4e10c3{ip: 192.168.157.213, host: pr-hdds-2333-xd9jc-2947872914, networkLocation: /default-rack, certSerialId: null} reports an CLOSED replica.
2019-10-19 00:49:58,008 [EventQueue-ContainerReportForContainerReportHandler] WARN  container.ContainerReportHandler (AbstractContainerReportHandler.java:updateContainerState(145)) - Container #1 is in OPEN state, but the datanode 67511f02-1a53-40d3-ad7c-17f75ce9e42c{ip: 192.168.157.213, host: pr-hdds-2333-xd9jc-2947872914, networkLocation: /default-rack, certSerialId: null} reports an CLOSED replica.
2019-10-19 00:49:58,163 [EventQueue-ContainerReportForContainerReportHandler] WARN  container.ContainerReportHandler (AbstractContainerReportHandler.java:updateContainerState(145)) - Container #1 is in OPEN state, but the datanode b6ed77c0-0909-418c-a0c6-e1477b4e10c3{ip: 192.168.157.213, host: pr-hdds-2333-xd9jc-2947872914, networkLocation: /default-rack, certSerialId: null} reports an CLOSED replica.
2019-10-19 00:49:58,185 [java.util.concurrent.ThreadPoolExecutor$Worker@419d75d[State = -1, empty queue]] WARN  server.GrpcLogAppender (GrpcLogAppender.java:timeoutAppendRequest(209)) - b6ed77c0-0909-418c-a0c6-e1477b4e10c3@group-2DDA05B3685C->aac91d0e-90b3-4924-955b-30866d4fff78-GrpcLogAppender: appendEntries Timeout, request=b6ed77c0-0909-418c-a0c6-e1477b4e10c3->aac91d0e-90b3-4924-955b-30866d4fff78#48-t2, previous=(t:2, i:10), leaderCommit=10, initializing? false, entries: <empty>
2019-10-19 00:49:58,279 [BlockDeletingService#2] WARN  background.BlockDeletingService (BlockDeletingService.java:isDeletionAllowed(187)) - Close Container log Index 6 is not replicated across allthe servers in the pipeline 2739136e-9e24-467a-9fde-2dda05b3685c as the min replicated index is 4. Deletion is not allowed in this container yet.
2019-10-19 00:49:58,279 [BlockDeletingService#2] WARN  background.BlockDeletingService (BlockDeletingService.java:isDeletionAllowed(187)) - Close Container log Index 6 is not replicated across allthe servers in the pipeline 2739136e-9e24-467a-9fde-2dda05b3685c as the min replicated index is 4. Deletion is not allowed in this container yet.
2019-10-19 00:49:58,409 [EventQueue-ContainerReportForContainerReportHandler] WARN  container.ContainerReportHandler (AbstractContainerReportHandler.java:updateContainerState(145)) - Container #1 is in OPEN state, but the datanode 67511f02-1a53-40d3-ad7c-17f75ce9e42c{ip: 192.168.157.213, host: pr-hdds-2333-xd9jc-2947872914, networkLocation: /default-rack, certSerialId: null} reports an CLOSED replica.
2019-10-19 00:49:58,463 [EventQueue-ContainerReportForContainerReportHandler] WARN  container.ContainerReportHandler (AbstractContainerReportHandler.java:updateContainerState(145)) - Container #1 is in OPEN state, but the datanode b6ed77c0-0909-418c-a0c6-e1477b4e10c3{ip: 192.168.157.213, host: pr-hdds-2333-xd9jc-2947872914, networkLocation: /default-rack, certSerialId: null} reports an CLOSED replica.
2019-10-19 00:49:58,609 [EventQueue-ContainerReportForContainerReportHandler] WARN  container.ContainerReportHandler (AbstractContainerReportHandler.java:updateContainerState(145)) - Container #1 is in OPEN state, but the datanode 67511f02-1a53-40d3-ad7c-17f75ce9e42c{ip: 192.168.157.213, host: pr-hdds-2333-xd9jc-2947872914, networkLocation: /default-rack, certSerialId: null} reports an CLOSED replica.
2019-10-19 00:49:58,664 [EventQueue-ContainerReportForContainerReportHandler] WARN  container.ContainerReportHandler (AbstractContainerReportHandler.java:updateContainerState(145)) - Container #1 is in OPEN state, but the datanode b6ed77c0-0909-418c-a0c6-e1477b4e10c3{ip: 192.168.157.213, host: pr-hdds-2333-xd9jc-2947872914, networkLocation: /default-rack, certSerialId: null} reports an CLOSED replica.
2019-10-19 00:49:58,909 [EventQueue-ContainerReportForContainerReportHandler] WARN  container.ContainerReportHandler (AbstractContainerReportHandler.java:updateContainerState(145)) - Container #1 is in OPEN state, but the datanode 67511f02-1a53-40d3-ad7c-17f75ce9e42c{ip: 192.168.157.213, host: pr-hdds-2333-xd9jc-2947872914, networkLocation: /default-rack, certSerialId: null} reports an CLOSED replica.
2019-10-19 00:49:59,064 [EventQueue-ContainerReportForContainerReportHandler] WARN  container.ContainerReportHandler (AbstractContainerReportHandler.java:updateContainerState(145)) - Container #1 is in OPEN state, but the datanode b6ed77c0-0909-418c-a0c6-e1477b4e10c3{ip: 192.168.157.213, host: pr-hdds-2333-xd9jc-2947872914, networkLocation: /default-rack, certSerialId: null} reports an CLOSED replica.
2019-10-19 00:49:59,109 [EventQueue-ContainerReportForContainerReportHandler] WARN  container.ContainerReportHandler (AbstractContainerReportHandler.java:updateContainerState(145)) - Container #1 is in OPEN state, but the datanode 67511f02-1a53-40d3-ad7c-17f75ce9e42c{ip: 192.168.157.213, host: pr-hdds-2333-xd9jc-2947872914, networkLocation: /default-rack, certSerialId: null} reports an CLOSED replica.
2019-10-19 00:49:59,281 [BlockDeletingService#2] WARN  background.BlockDeletingService (BlockDeletingService.java:isDeletionAllowed(187)) - Close Container log Index 6 is not replicated across allthe servers in the pipeline 2739136e-9e24-467a-9fde-2dda05b3685c as the min replicated index is 4. Deletion is not allowed in this container yet.
2019-10-19 00:49:59,281 [BlockDeletingService#2] WARN  background.BlockDeletingService (BlockDeletingService.java:isDeletionAllowed(187)) - Close Container log Index 6 is not replicated across allthe servers in the pipeline 2739136e-9e24-467a-9fde-2dda05b3685c as the min replicated index is 4. Deletion is not allowed in this container yet.
2019-10-19 00:49:59,464 [EventQueue-ContainerReportForContainerReportHandler] WARN  container.ContainerReportHandler (AbstractContainerReportHandler.java:updateContainerState(145)) - Container #1 is in OPEN state, but the datanode b6ed77c0-0909-418c-a0c6-e1477b4e10c3{ip: 192.168.157.213, host: pr-hdds-2333-xd9jc-2947872914, networkLocation: /default-rack, certSerialId: null} reports an CLOSED replica.
2019-10-19 00:49:59,509 [EventQueue-ContainerReportForContainerReportHandler] WARN  container.ContainerReportHandler (AbstractContainerReportHandler.java:updateContainerState(145)) - Container #1 is in OPEN state, but the datanode 67511f02-1a53-40d3-ad7c-17f75ce9e42c{ip: 192.168.157.213, host: pr-hdds-2333-xd9jc-2947872914, networkLocation: /default-rack, certSerialId: null} reports an CLOSED replica.
2019-10-19 00:49:59,765 [EventQueue-ContainerReportForContainerReportHandler] WARN  container.ContainerReportHandler (AbstractContainerReportHandler.java:updateContainerState(145)) - Container #1 is in OPEN state, but the datanode b6ed77c0-0909-418c-a0c6-e1477b4e10c3{ip: 192.168.157.213, host: pr-hdds-2333-xd9jc-2947872914, networkLocation: /default-rack, certSerialId: null} reports an CLOSED replica.
2019-10-19 00:49:59,909 [EventQueue-ContainerReportForContainerReportHandler] WARN  container.ContainerReportHandler (AbstractContainerReportHandler.java:updateContainerState(145)) - Container #1 is in OPEN state, but the datanode 67511f02-1a53-40d3-ad7c-17f75ce9e42c{ip: 192.168.157.213, host: pr-hdds-2333-xd9jc-2947872914, networkLocation: /default-rack, certSerialId: null} reports an CLOSED replica.
2019-10-19 00:50:00,064 [EventQueue-ContainerReportForContainerReportHandler] WARN  container.ContainerReportHandler (AbstractContainerReportHandler.java:updateContainerState(145)) - Container #1 is in OPEN state, but the datanode b6ed77c0-0909-418c-a0c6-e1477b4e10c3{ip: 192.168.157.213, host: pr-hdds-2333-xd9jc-2947872914, networkLocation: /default-rack, certSerialId: null} reports an CLOSED replica.
2019-10-19 00:50:00,210 [EventQueue-ContainerReportForContainerReportHandler] WARN  container.ContainerReportHandler (AbstractContainerReportHandler.java:updateContainerState(145)) - Container #1 is in OPEN state, but the datanode 67511f02-1a53-40d3-ad7c-17f75ce9e42c{ip: 192.168.157.213, host: pr-hdds-2333-xd9jc-2947872914, networkLocation: /default-rack, certSerialId: null} reports an CLOSED replica.
2019-10-19 00:50:00,282 [BlockDeletingService#2] WARN  background.BlockDeletingService (BlockDeletingService.java:isDeletionAllowed(187)) - Close Container log Index 6 is not replicated across allthe servers in the pipeline 2739136e-9e24-467a-9fde-2dda05b3685c as the min replicated index is 4. Deletion is not allowed in this container yet.
2019-10-19 00:50:00,282 [BlockDeletingService#2] WARN  background.BlockDeletingService (BlockDeletingService.java:isDeletionAllowed(187)) - Close Container log Index 6 is not replicated across allthe servers in the pipeline 2739136e-9e24-467a-9fde-2dda05b3685c as the min replicated index is 4. Deletion is not allowed in this container yet.
2019-10-19 00:50:00,464 [EventQueue-ContainerReportForContainerReportHandler] WARN  container.ContainerReportHandler (AbstractContainerReportHandler.java:updateContainerState(145)) - Container #1 is in OPEN state, but the datanode b6ed77c0-0909-418c-a0c6-e1477b4e10c3{ip: 192.168.157.213, host: pr-hdds-2333-xd9jc-2947872914, networkLocation: /default-rack, certSerialId: null} reports an CLOSED replica.
2019-10-19 00:50:00,511 [EventQueue-ContainerReportForContainerReportHandler] WARN  container.ContainerReportHandler (AbstractContainerReportHandler.java:updateContainerState(145)) - Container #1 is in OPEN state, but the datanode 67511f02-1a53-40d3-ad7c-17f75ce9e42c{ip: 192.168.157.213, host: pr-hdds-2333-xd9jc-2947872914, networkLocation: /default-rack, certSerialId: null} reports an CLOSED replica.
2019-10-19 00:50:00,664 [EventQueue-ContainerReportForContainerReportHandler] WARN  container.ContainerReportHandler (AbstractContainerReportHandler.java:updateContainerState(145)) - Container #1 is in OPEN state, but the datanode b6ed77c0-0909-418c-a0c6-e1477b4e10c3{ip: 192.168.157.213, host: pr-hdds-2333-xd9jc-2947872914, networkLocation: /default-rack, certSerialId: null} reports an CLOSED replica.
2019-10-19 00:50:00,685 [java.util.concurrent.ThreadPoolExecutor$Worker@419d75d[State = -1, empty queue]] WARN  server.GrpcLogAppender (GrpcLogAppender.java:timeoutAppendRequest(209)) - b6ed77c0-0909-418c-a0c6-e1477b4e10c3@group-2DDA05B3685C->aac91d0e-90b3-4924-955b-30866d4fff78-GrpcLogAppender: appendEntries Timeout, request=b6ed77c0-0909-418c-a0c6-e1477b4e10c3->aac91d0e-90b3-4924-955b-30866d4fff78#49-t2, previous=(t:2, i:10), leaderCommit=10, initializing? false, entries: <empty>
2019-10-19 00:50:00,712 [EventQueue-ContainerReportForContainerReportHandler] WARN  container.ContainerReportHandler (AbstractContainerReportHandler.java:updateContainerState(145)) - Container #1 is in OPEN state, but the datanode 67511f02-1a53-40d3-ad7c-17f75ce9e42c{ip: 192.168.157.213, host: pr-hdds-2333-xd9jc-2947872914, networkLocation: /default-rack, certSerialId: null} reports an CLOSED replica.
2019-10-19 00:50:01,066 [EventQueue-ContainerReportForContainerReportHandler] WARN  container.ContainerReportHandler (AbstractContainerReportHandler.java:updateContainerState(145)) - Container #1 is in OPEN state, but the datanode b6ed77c0-0909-418c-a0c6-e1477b4e10c3{ip: 192.168.157.213, host: pr-hdds-2333-xd9jc-2947872914, networkLocation: /default-rack, certSerialId: null} reports an CLOSED replica.
2019-10-19 00:50:01,112 [EventQueue-ContainerReportForContainerReportHandler] WARN  container.ContainerReportHandler (AbstractContainerReportHandler.java:updateContainerState(145)) - Container #1 is in OPEN state, but the datanode 67511f02-1a53-40d3-ad7c-17f75ce9e42c{ip: 192.168.157.213, host: pr-hdds-2333-xd9jc-2947872914, networkLocation: /default-rack, certSerialId: null} reports an CLOSED replica.
2019-10-19 00:50:01,284 [BlockDeletingService#2] WARN  background.BlockDeletingService (BlockDeletingService.java:isDeletionAllowed(187)) - Close Container log Index 6 is not replicated across allthe servers in the pipeline 2739136e-9e24-467a-9fde-2dda05b3685c as the min replicated index is 4. Deletion is not allowed in this container yet.
2019-10-19 00:50:01,284 [BlockDeletingService#2] WARN  background.BlockDeletingService (BlockDeletingService.java:isDeletionAllowed(187)) - Close Container log Index 6 is not replicated across allthe servers in the pipeline 2739136e-9e24-467a-9fde-2dda05b3685c as the min replicated index is 4. Deletion is not allowed in this container yet.
2019-10-19 00:50:01,366 [EventQueue-ContainerReportForContainerReportHandler] WARN  container.ContainerReportHandler (AbstractContainerReportHandler.java:updateContainerState(145)) - Container #1 is in OPEN state, but the datanode b6ed77c0-0909-418c-a0c6-e1477b4e10c3{ip: 192.168.157.213, host: pr-hdds-2333-xd9jc-2947872914, networkLocation: /default-rack, certSerialId: null} reports an CLOSED replica.
2019-10-19 00:50:01,512 [EventQueue-ContainerReportForContainerReportHandler] WARN  container.ContainerReportHandler (AbstractContainerReportHandler.java:updateContainerState(145)) - Container #1 is in OPEN state, but the datanode 67511f02-1a53-40d3-ad7c-17f75ce9e42c{ip: 192.168.157.213, host: pr-hdds-2333-xd9jc-2947872914, networkLocation: /default-rack, certSerialId: null} reports an CLOSED replica.
2019-10-19 00:50:01,766 [EventQueue-ContainerReportForContainerReportHandler] WARN  container.ContainerReportHandler (AbstractContainerReportHandler.java:updateContainerState(145)) - Container #1 is in OPEN state, but the datanode b6ed77c0-0909-418c-a0c6-e1477b4e10c3{ip: 192.168.157.213, host: pr-hdds-2333-xd9jc-2947872914, networkLocation: /default-rack, certSerialId: null} reports an CLOSED replica.
2019-10-19 00:50:01,812 [EventQueue-ContainerReportForContainerReportHandler] WARN  container.ContainerReportHandler (AbstractContainerReportHandler.java:updateContainerState(145)) - Container #1 is in OPEN state, but the datanode 67511f02-1a53-40d3-ad7c-17f75ce9e42c{ip: 192.168.157.213, host: pr-hdds-2333-xd9jc-2947872914, networkLocation: /default-rack, certSerialId: null} reports an CLOSED replica.
2019-10-19 00:50:01,966 [EventQueue-ContainerReportForContainerReportHandler] WARN  container.ContainerReportHandler (AbstractContainerReportHandler.java:updateContainerState(145)) - Container #1 is in OPEN state, but the datanode b6ed77c0-0909-418c-a0c6-e1477b4e10c3{ip: 192.168.157.213, host: pr-hdds-2333-xd9jc-2947872914, networkLocation: /default-rack, certSerialId: null} reports an CLOSED replica.
2019-10-19 00:50:02,112 [EventQueue-ContainerReportForContainerReportHandler] WARN  container.ContainerReportHandler (AbstractContainerReportHandler.java:updateContainerState(145)) - Container #1 is in OPEN state, but the datanode 67511f02-1a53-40d3-ad7c-17f75ce9e42c{ip: 192.168.157.213, host: pr-hdds-2333-xd9jc-2947872914, networkLocation: /default-rack, certSerialId: null} reports an CLOSED replica.
2019-10-19 00:50:02,266 [EventQueue-ContainerReportForContainerReportHandler] WARN  container.ContainerReportHandler (AbstractContainerReportHandler.java:updateContainerState(145)) - Container #1 is in OPEN state, but the datanode b6ed77c0-0909-418c-a0c6-e1477b4e10c3{ip: 192.168.157.213, host: pr-hdds-2333-xd9jc-2947872914, networkLocation: /default-rack, certSerialId: null} reports an CLOSED replica.
2019-10-19 00:50:02,285 [BlockDeletingService#2] WARN  background.BlockDeletingService (BlockDeletingService.java:isDeletionAllowed(187)) - Close Container log Index 6 is not replicated across allthe servers in the pipeline 2739136e-9e24-467a-9fde-2dda05b3685c as the min replicated index is 4. Deletion is not allowed in this container yet.
2019-10-19 00:50:02,285 [BlockDeletingService#2] WARN  background.BlockDeletingService (BlockDeletingService.java:isDeletionAllowed(187)) - Close Container log Index 6 is not replicated across allthe servers in the pipeline 2739136e-9e24-467a-9fde-2dda05b3685c as the min replicated index is 4. Deletion is not allowed in this container yet.
2019-10-19 00:50:02,383 [EventQueue-StaleNodeForStaleNodeHandler] INFO  node.StaleNodeHandler (StaleNodeHandler.java:onMessage(58)) - Datanode aac91d0e-90b3-4924-955b-30866d4fff78{ip: 192.168.157.213, host: pr-hdds-2333-xd9jc-2947872914, networkLocation: /default-rack, certSerialId: null} moved to stale state. Finalizing its pipelines [PipelineID=2739136e-9e24-467a-9fde-2dda05b3685c, PipelineID=aef1d71b-d105-4e13-9898-6ea1469c2611]
2019-10-19 00:50:02,384 [EventQueue-StaleNodeForStaleNodeHandler] INFO  pipeline.SCMPipelineManager (SCMPipelineManager.java:finalizeAndDestroyPipeline(315)) - destroying pipeline:Pipeline[ Id: 2739136e-9e24-467a-9fde-2dda05b3685c, Nodes: b6ed77c0-0909-418c-a0c6-e1477b4e10c3{ip: 192.168.157.213, host: pr-hdds-2333-xd9jc-2947872914, networkLocation: /default-rack, certSerialId: null}aac91d0e-90b3-4924-955b-30866d4fff78{ip: 192.168.157.213, host: pr-hdds-2333-xd9jc-2947872914, networkLocation: /default-rack, certSerialId: null}67511f02-1a53-40d3-ad7c-17f75ce9e42c{ip: 192.168.157.213, host: pr-hdds-2333-xd9jc-2947872914, networkLocation: /default-rack, certSerialId: null}, Type:RATIS, Factor:THREE, State:OPEN]
2019-10-19 00:50:02,385 [EventQueue-StaleNodeForStaleNodeHandler] INFO  pipeline.PipelineStateManager (PipelineStateManager.java:finalizePipeline(123)) - Pipeline Pipeline[ Id: 2739136e-9e24-467a-9fde-2dda05b3685c, Nodes: b6ed77c0-0909-418c-a0c6-e1477b4e10c3{ip: 192.168.157.213, host: pr-hdds-2333-xd9jc-2947872914, networkLocation: /default-rack, certSerialId: null}aac91d0e-90b3-4924-955b-30866d4fff78{ip: 192.168.157.213, host: pr-hdds-2333-xd9jc-2947872914, networkLocation: /default-rack, certSerialId: null}67511f02-1a53-40d3-ad7c-17f75ce9e42c{ip: 192.168.157.213, host: pr-hdds-2333-xd9jc-2947872914, networkLocation: /default-rack, certSerialId: null}, Type:RATIS, Factor:THREE, State:CLOSED] moved to CLOSED state
2019-10-19 00:50:02,386 [EventQueue-CloseContainerForCloseContainerEventHandler] INFO  container.CloseContainerEventHandler (CloseContainerEventHandler.java:onMessage(61)) - Close container Event triggered for container : #1
2019-10-19 00:50:02,389 [EventQueue-StaleNodeForStaleNodeHandler] INFO  pipeline.SCMPipelineManager (SCMPipelineManager.java:finalizeAndDestroyPipeline(315)) - destroying pipeline:Pipeline[ Id: aef1d71b-d105-4e13-9898-6ea1469c2611, Nodes: aac91d0e-90b3-4924-955b-30866d4fff78{ip: 192.168.157.213, host: pr-hdds-2333-xd9jc-2947872914, networkLocation: /default-rack, certSerialId: null}, Type:RATIS, Factor:ONE, State:OPEN]
2019-10-19 00:50:02,392 [EventQueue-StaleNodeForStaleNodeHandler] INFO  pipeline.PipelineStateManager (PipelineStateManager.java:finalizePipeline(123)) - Pipeline Pipeline[ Id: aef1d71b-d105-4e13-9898-6ea1469c2611, Nodes: aac91d0e-90b3-4924-955b-30866d4fff78{ip: 192.168.157.213, host: pr-hdds-2333-xd9jc-2947872914, networkLocation: /default-rack, certSerialId: null}, Type:RATIS, Factor:ONE, State:CLOSED] moved to CLOSED state
2019-10-19 00:50:02,413 [EventQueue-ContainerReportForContainerReportHandler] INFO  container.ContainerReportHandler (AbstractContainerReportHandler.java:updateContainerState(178)) - Moving container #1 to CLOSED state, datanode 67511f02-1a53-40d3-ad7c-17f75ce9e42c{ip: 192.168.157.213, host: pr-hdds-2333-xd9jc-2947872914, networkLocation: /default-rack, certSerialId: null} reported CLOSED replica.
2019-10-19 00:50:02,800 [SCMBlockDeletingService#1] INFO  block.SCMBlockDeletingService (SCMBlockDeletingService.java:call(184)) - Totally added 3 delete blocks command for 3 datanodes, task elapsed time: 5ms
2019-10-19 00:50:02,867 [EventQueue-PendingDeleteStatusForPendingDeleteHandler] INFO  block.SCMBlockDeletingService (SCMBlockDeletingService.java:handlePendingDeletes(115)) - Block deletion txnID mismatch in datanode b6ed77c0-0909-418c-a0c6-e1477b4e10c3 for containerID 1. Datanode delete txnID: 0, SCM txnID: 1
2019-10-19 00:50:02,913 [EventQueue-PendingDeleteStatusForPendingDeleteHandler] INFO  block.SCMBlockDeletingService (SCMBlockDeletingService.java:handlePendingDeletes(115)) - Block deletion txnID mismatch in datanode 67511f02-1a53-40d3-ad7c-17f75ce9e42c for containerID 1. Datanode delete txnID: 0, SCM txnID: 1
2019-10-19 00:50:03,167 [EventQueue-PendingDeleteStatusForPendingDeleteHandler] INFO  block.SCMBlockDeletingService (SCMBlockDeletingService.java:handlePendingDeletes(115)) - Block deletion txnID mismatch in datanode b6ed77c0-0909-418c-a0c6-e1477b4e10c3 for containerID 1. Datanode delete txnID: 0, SCM txnID: 1
2019-10-19 00:50:03,186 [java.util.concurrent.ThreadPoolExecutor$Worker@419d75d[State = -1, empty queue]] WARN  server.GrpcLogAppender (GrpcLogAppender.java:timeoutAppendRequest(209)) - b6ed77c0-0909-418c-a0c6-e1477b4e10c3@group-2DDA05B3685C->aac91d0e-90b3-4924-955b-30866d4fff78-GrpcLogAppender: appendEntries Timeout, request=b6ed77c0-0909-418c-a0c6-e1477b4e10c3->aac91d0e-90b3-4924-955b-30866d4fff78#50-t2, previous=(t:2, i:10), leaderCommit=10, initializing? false, entries: <empty>
2019-10-19 00:50:03,213 [EventQueue-PendingDeleteStatusForPendingDeleteHandler] INFO  block.SCMBlockDeletingService (SCMBlockDeletingService.java:handlePendingDeletes(115)) - Block deletion txnID mismatch in datanode 67511f02-1a53-40d3-ad7c-17f75ce9e42c for containerID 1. Datanode delete txnID: 0, SCM txnID: 1
2019-10-19 00:50:03,287 [BlockDeletingService#2] WARN  background.BlockDeletingService (BlockDeletingService.java:isDeletionAllowed(187)) - Close Container log Index 6 is not replicated across allthe servers in the pipeline 2739136e-9e24-467a-9fde-2dda05b3685c as the min replicated index is 4. Deletion is not allowed in this container yet.
2019-10-19 00:50:03,287 [BlockDeletingService#2] WARN  background.BlockDeletingService (BlockDeletingService.java:isDeletionAllowed(187)) - Close Container log Index 6 is not replicated across allthe servers in the pipeline 2739136e-9e24-467a-9fde-2dda05b3685c as the min replicated index is 4. Deletion is not allowed in this container yet.
2019-10-19 00:50:03,466 [EventQueue-PendingDeleteStatusForPendingDeleteHandler] INFO  block.SCMBlockDeletingService (SCMBlockDeletingService.java:handlePendingDeletes(115)) - Block deletion txnID mismatch in datanode b6ed77c0-0909-418c-a0c6-e1477b4e10c3 for containerID 1. Datanode delete txnID: 0, SCM txnID: 1
2019-10-19 00:50:03,513 [EventQueue-PendingDeleteStatusForPendingDeleteHandler] INFO  block.SCMBlockDeletingService (SCMBlockDeletingService.java:handlePendingDeletes(115)) - Block deletion txnID mismatch in datanode 67511f02-1a53-40d3-ad7c-17f75ce9e42c for containerID 1. Datanode delete txnID: 0, SCM txnID: 1
2019-10-19 00:50:03,569 [Command processor thread] INFO  commandhandler.DeleteBlocksCommandHandler (DeleteBlocksCommandHandler.java:handle(106)) - Start to delete container blocks, TXIDs=[1(0)], numOfContainers=1, numOfBlocks=1
2019-10-19 00:50:03,613 [Command processor thread] INFO  commandhandler.DeleteBlocksCommandHandler (DeleteBlocksCommandHandler.java:handle(106)) - Start to delete container blocks, TXIDs=[1(0)], numOfContainers=1, numOfBlocks=1
2019-10-19 00:50:03,774 [main] INFO  impl.MetricsSystemImpl (MetricsSystemImpl.java:init(158)) - HddsDatanode metrics system started (again)
2019-10-19 00:50:03,801 [SCMBlockDeletingService#1] INFO  block.SCMBlockDeletingService (SCMBlockDeletingService.java:call(184)) - Totally added 2 delete blocks command for 2 datanodes, task elapsed time: 0ms
2019-10-19 00:50:03,802 [pool-7-thread-1] INFO  commands.RetriableDatanodeEventWatcher (RetriableDatanodeEventWatcher.java:onTimeout(47)) - RetriableDatanodeCommand type=deleteBlocksCommand with id=1571446202801 timed out. Retrying.
2019-10-19 00:50:03,802 [pool-7-thread-2] INFO  commands.RetriableDatanodeEventWatcher (RetriableDatanodeEventWatcher.java:onTimeout(47)) - RetriableDatanodeCommand type=deleteBlocksCommand with id=1571446202800 timed out. Retrying.
2019-10-19 00:50:03,809 [main] INFO  ozone.HddsDatanodeService (HddsDatanodeService.java:start(184)) - HddsDatanodeService host:pr-hdds-2333-xd9jc-2947872914 ip:192.168.157.213
2019-10-19 00:50:03,812 [main] INFO  volume.VolumeUsage (VolumeUsage.java:loadScmUsed(144)) - Cached ScmUsed found for /workdir/hadoop-ozone/integration-test/target/test-dir/MiniOzoneClusterImpl-c55fde14-2fcc-439a-a3ad-d31aeefdbace/datanode-2/data/containers : 4096 
2019-10-19 00:50:03,813 [main] INFO  volume.HddsVolume (HddsVolume.java:<init>(176)) - Creating Volume: /workdir/hadoop-ozone/integration-test/target/test-dir/MiniOzoneClusterImpl-c55fde14-2fcc-439a-a3ad-d31aeefdbace/datanode-2/data/containers/hdds of  storage type : DISK and capacity : 1482555576320
2019-10-19 00:50:03,813 [main] INFO  volume.VolumeSet (VolumeSet.java:initializeVolumeSet(170)) - Added Volume : /workdir/hadoop-ozone/integration-test/target/test-dir/MiniOzoneClusterImpl-c55fde14-2fcc-439a-a3ad-d31aeefdbace/datanode-2/data/containers/hdds to VolumeSet
2019-10-19 00:50:03,814 [main] INFO  volume.ThrottledAsyncChecker (ThrottledAsyncChecker.java:schedule(141)) - Scheduling a check for /workdir/hadoop-ozone/integration-test/target/test-dir/MiniOzoneClusterImpl-c55fde14-2fcc-439a-a3ad-d31aeefdbace/datanode-2/data/containers/hdds
2019-10-19 00:50:03,814 [main] INFO  volume.HddsVolumeChecker (HddsVolumeChecker.java:checkAllVolumes(204)) - Scheduled health check for volume /workdir/hadoop-ozone/integration-test/target/test-dir/MiniOzoneClusterImpl-c55fde14-2fcc-439a-a3ad-d31aeefdbace/datanode-2/data/containers/hdds
2019-10-19 00:50:03,849 [main] INFO  impl.RaftServerProxy (ConfUtils.java:logGet(43)) - raft.rpc.type = GRPC (default)
2019-10-19 00:50:03,849 [main] INFO  grpc.GrpcFactory (GrpcFactory.java:checkPooledByteBufAllocatorUseCacheForAllThreads(45)) - PERFORMANCE WARNING: useCacheForAllThreads is true that may cause Netty to create a lot garbage objects and, as a result, trigger GC.
	It is recommended to disable useCacheForAllThreads by setting -Dorg.apache.ratis.thirdparty.io.netty.allocator.useCacheForAllThreads=false in command line.
2019-10-19 00:50:03,850 [main] INFO  grpc.GrpcConfigKeys$Server (ConfUtils.java:logGet(43)) - raft.grpc.server.port = 41659 (custom)
2019-10-19 00:50:03,850 [main] INFO  server.GrpcService (ConfUtils.java:logGet(43)) - raft.grpc.message.size.max = 33570816 (custom)
2019-10-19 00:50:03,850 [main] INFO  server.RaftServerConfigKeys (ConfUtils.java:logGet(43)) - raft.server.log.appender.buffer.byte-limit = 33554432 (custom)
2019-10-19 00:50:03,850 [main] INFO  server.GrpcService (ConfUtils.java:logGet(43)) - raft.grpc.flow.control.window = 1MB (=1048576) (default)
2019-10-19 00:50:03,850 [main] INFO  server.RaftServerConfigKeys (ConfUtils.java:logGet(43)) - raft.server.rpc.request.timeout = 3000ms (default)
2019-10-19 00:50:03,851 [main] INFO  server.RaftServerConfigKeys (ConfUtils.java:logGet(43)) - raft.server.storage.dir = [/workdir/hadoop-ozone/integration-test/target/test-dir/MiniOzoneClusterImpl-c55fde14-2fcc-439a-a3ad-d31aeefdbace/datanode-2/data/ratis] (custom)
2019-10-19 00:50:03,851 [main] INFO  impl.RaftServerProxy (RaftServerProxy.java:lambda$null$0(191)) - aac91d0e-90b3-4924-955b-30866d4fff78: found a subdirectory /workdir/hadoop-ozone/integration-test/target/test-dir/MiniOzoneClusterImpl-c55fde14-2fcc-439a-a3ad-d31aeefdbace/datanode-2/data/ratis/aef1d71b-d105-4e13-9898-6ea1469c2611
2019-10-19 00:50:03,852 [main] INFO  impl.RaftServerProxy (RaftServerProxy.java:addNew(89)) - aac91d0e-90b3-4924-955b-30866d4fff78: addNew group-6EA1469C2611:[] returns group-6EA1469C2611:java.util.concurrent.CompletableFuture@7dffda8b[Not completed]
2019-10-19 00:50:03,852 [main] INFO  impl.RaftServerProxy (RaftServerProxy.java:lambda$null$0(191)) - aac91d0e-90b3-4924-955b-30866d4fff78: found a subdirectory /workdir/hadoop-ozone/integration-test/target/test-dir/MiniOzoneClusterImpl-c55fde14-2fcc-439a-a3ad-d31aeefdbace/datanode-2/data/ratis/2739136e-9e24-467a-9fde-2dda05b3685c
2019-10-19 00:50:03,852 [main] INFO  impl.RaftServerProxy (RaftServerProxy.java:addNew(89)) - aac91d0e-90b3-4924-955b-30866d4fff78: addNew group-2DDA05B3685C:[] returns group-2DDA05B3685C:java.util.concurrent.CompletableFuture@3d1f558a[Not completed]
2019-10-19 00:50:03,854 [pool-59-thread-1] INFO  impl.RaftServerImpl (RaftServerImpl.java:<init>(104)) - aac91d0e-90b3-4924-955b-30866d4fff78: new RaftServerImpl for group-6EA1469C2611:[] with ContainerStateMachine:uninitialized
2019-10-19 00:50:03,855 [pool-59-thread-1] INFO  server.RaftServerConfigKeys (ConfUtils.java:logGet(43)) - raft.server.rpc.timeout.min = 5s (custom)
2019-10-19 00:50:03,855 [pool-59-thread-1] INFO  server.RaftServerConfigKeys (ConfUtils.java:logGet(43)) - raft.server.rpc.timeout.max = 5200ms (custom)
2019-10-19 00:50:03,855 [pool-59-thread-1] INFO  server.RaftServerConfigKeys (ConfUtils.java:logGet(43)) - raft.server.rpcslowness.timeout = 1000s (custom)
2019-10-19 00:50:03,855 [main] INFO  hdfs.DFSUtil (DFSUtil.java:httpServerTemplateForNNAndJN(1641)) - Starting Web-server for hddsDatanode at: http://0.0.0.0:34886
2019-10-19 00:50:03,855 [pool-59-thread-1] INFO  server.RaftServerConfigKeys (ConfUtils.java:logGet(43)) - raft.server.sleep.deviation.threshold = 300 (default)
2019-10-19 00:50:03,856 [pool-59-thread-1] INFO  server.RaftServerConfigKeys (ConfUtils.java:logGet(43)) - raft.server.log.appender.install.snapshot.enabled = false (custom)
2019-10-19 00:50:03,856 [pool-59-thread-1] INFO  impl.RaftServerImpl (ServerState.java:<init>(103)) - aac91d0e-90b3-4924-955b-30866d4fff78@group-6EA1469C2611: ConfigurationManager, init=-1: [], old=null, confs=<EMPTY_MAP>
2019-10-19 00:50:03,856 [pool-59-thread-1] INFO  server.RaftServerConfigKeys (ConfUtils.java:logGet(43)) - raft.server.storage.dir = [/workdir/hadoop-ozone/integration-test/target/test-dir/MiniOzoneClusterImpl-c55fde14-2fcc-439a-a3ad-d31aeefdbace/datanode-2/data/ratis] (custom)
2019-10-19 00:50:03,856 [pool-59-thread-1] INFO  server.RaftServerConfigKeys (ConfUtils.java:logGet(43)) - raft.server.log.corruption.policy = EXCEPTION (default)
2019-10-19 00:50:03,857 [main] INFO  server.AuthenticationFilter (AuthenticationFilter.java:constructSecretProvider(240)) - Unable to initialize FileSignerSecretProvider, falling back to use random secrets.
2019-10-19 00:50:03,858 [main] WARN  http.HttpRequestLog (HttpRequestLog.java:getRequestLog(97)) - Jetty request log can only be enabled using Log4j
2019-10-19 00:50:03,859 [main] INFO  http.HttpServer2 (HttpServer2.java:addGlobalFilter(975)) - Added global filter 'safety' (class=org.apache.hadoop.http.HttpServer2$QuotingInputFilter)
2019-10-19 00:50:03,860 [main] INFO  http.HttpServer2 (HttpServer2.java:addFilter(948)) - Added filter static_user_filter (class=org.apache.hadoop.http.lib.StaticUserWebFilter$StaticUserFilter) to context hddsDatanode
2019-10-19 00:50:03,860 [main] INFO  http.HttpServer2 (HttpServer2.java:addFilter(958)) - Added filter static_user_filter (class=org.apache.hadoop.http.lib.StaticUserWebFilter$StaticUserFilter) to context static
2019-10-19 00:50:03,860 [main] INFO  http.HttpServer2 (HttpServer2.java:addFilter(958)) - Added filter static_user_filter (class=org.apache.hadoop.http.lib.StaticUserWebFilter$StaticUserFilter) to context logs
2019-10-19 00:50:03,861 [main] INFO  http.HttpServer2 (HttpServer2.java:bindListener(1191)) - Jetty bound to port 34886
2019-10-19 00:50:03,861 [main] INFO  server.Server (Server.java:doStart(351)) - jetty-9.3.25.v20180904, build timestamp: 2018-09-04T21:11:46Z, git hash: 3ce520221d0240229c862b122d2b06c12a625732
2019-10-19 00:50:03,863 [main] INFO  handler.ContextHandler (ContextHandler.java:doStart(781)) - Started o.e.j.s.ServletContextHandler@66933239{/logs,file:///workdir/hadoop-ozone/integration-test/target/log,AVAILABLE}
2019-10-19 00:50:03,863 [main] INFO  handler.ContextHandler (ContextHandler.java:doStart(781)) - Started o.e.j.s.ServletContextHandler@41ad373{/static,jar:file:/home/user/.m2/repository/org/apache/hadoop/hadoop-hdds-container-service/0.5.0-SNAPSHOT/hadoop-hdds-container-service-0.5.0-SNAPSHOT.jar!/webapps/static,AVAILABLE}
2019-10-19 00:50:03,868 [pool-59-thread-1] INFO  storage.RaftStorageDirectory (RaftStorageDirectory.java:tryLock(328)) - Lock on /workdir/hadoop-ozone/integration-test/target/test-dir/MiniOzoneClusterImpl-c55fde14-2fcc-439a-a3ad-d31aeefdbace/datanode-2/data/ratis/aef1d71b-d105-4e13-9898-6ea1469c2611/in_use.lock acquired by nodename 25791@pr-hdds-2333-xd9jc-2947872914
2019-10-19 00:50:03,869 [pool-59-thread-1] INFO  ratis.ContainerStateMachine (ContainerStateMachine.java:loadSnapshot(231)) - group-6EA1469C2611: The snapshot info is null. Setting the last applied indexto:(t:0, i:~)
2019-10-19 00:50:03,870 [pool-59-thread-1] INFO  server.RaftServerConfigKeys (ConfUtils.java:logGet(43)) - raft.server.notification.no-leader.timeout = 1000s (custom)
2019-10-19 00:50:03,870 [pool-59-thread-1] INFO  server.RaftServerConfigKeys (ConfUtils.java:logGet(43)) - raft.server.log.use.memory = false (default)
2019-10-19 00:50:03,870 [pool-59-thread-1] INFO  server.RaftServerConfigKeys (ConfUtils.java:logGet(43)) - raft.server.log.purge.gap = 1000000 (custom)
2019-10-19 00:50:03,870 [pool-59-thread-1] INFO  server.RaftServerConfigKeys (ConfUtils.java:logGet(43)) - raft.server.log.appender.buffer.byte-limit = 33554432 (custom)
2019-10-19 00:50:03,870 [pool-59-thread-1] INFO  server.RaftServerConfigKeys (ConfUtils.java:logGet(43)) - raft.server.log.segment.size.max = 1048576 (custom)
2019-10-19 00:50:03,870 [pool-59-thread-1] INFO  server.RaftServerConfigKeys (ConfUtils.java:logGet(43)) - raft.server.log.segment.cache.num.max = 2 (custom)
2019-10-19 00:50:03,870 [pool-59-thread-1] INFO  segmented.SegmentedRaftLogWorker (SegmentedRaftLogWorker.java:<init>(173)) - new aac91d0e-90b3-4924-955b-30866d4fff78@group-6EA1469C2611-SegmentedRaftLogWorker for RaftStorage:Storage Directory /workdir/hadoop-ozone/integration-test/target/test-dir/MiniOzoneClusterImpl-c55fde14-2fcc-439a-a3ad-d31aeefdbace/datanode-2/data/ratis/aef1d71b-d105-4e13-9898-6ea1469c2611
2019-10-19 00:50:03,870 [pool-59-thread-1] INFO  server.RaftServerConfigKeys (ConfUtils.java:logGet(43)) - raft.server.log.queue.byte-limit = 2147483647 (custom)
2019-10-19 00:50:03,870 [pool-59-thread-1] INFO  server.RaftServerConfigKeys (ConfUtils.java:logGet(43)) - raft.server.log.queue.element-limit = 1024 (custom)
2019-10-19 00:50:03,871 [pool-59-thread-1] INFO  server.RaftServerConfigKeys (ConfUtils.java:logGet(43)) - raft.server.log.segment.size.max = 1048576 (custom)
2019-10-19 00:50:03,871 [pool-59-thread-1] INFO  server.RaftServerConfigKeys (ConfUtils.java:logGet(43)) - raft.server.log.preallocated.size = 16384 (custom)
2019-10-19 00:50:03,871 [pool-59-thread-1] INFO  server.RaftServerConfigKeys (ConfUtils.java:logGet(43)) - raft.server.log.write.buffer.size = 33554432 (custom)
2019-10-19 00:50:03,871 [pool-59-thread-1] INFO  server.RaftServerConfigKeys (ConfUtils.java:logGet(43)) - raft.server.log.force.sync.num = 128 (default)
2019-10-19 00:50:03,871 [pool-59-thread-1] INFO  server.RaftServerConfigKeys (ConfUtils.java:logGet(43)) - raft.server.log.statemachine.data.sync = true (default)
2019-10-19 00:50:03,871 [pool-59-thread-1] INFO  server.RaftServerConfigKeys (ConfUtils.java:logGet(43)) - raft.server.log.statemachine.data.sync.timeout = 10s (default)
2019-10-19 00:50:03,871 [pool-59-thread-1] INFO  server.RaftServerConfigKeys (ConfUtils.java:logGet(43)) - raft.server.log.statemachine.data.sync.timeout.retry = -1 (default)
2019-10-19 00:50:03,871 [pool-59-thread-1] INFO  server.RaftServerConfigKeys (ConfUtils.java:logGet(43)) - raft.server.log.statemachine.data.caching.enabled = true (custom)
2019-10-19 00:50:03,877 [pool-59-thread-1] INFO  impl.RaftServerImpl (ServerState.java:setRaftConf(357)) - aac91d0e-90b3-4924-955b-30866d4fff78@group-6EA1469C2611: set configuration 0: [aac91d0e-90b3-4924-955b-30866d4fff78:192.168.157.213:41659], old=null at 0
2019-10-19 00:50:03,877 [pool-59-thread-1] INFO  segmented.LogSegment (LogSegment.java:loadSegment(140)) - Successfully read 1 entries from segment file /workdir/hadoop-ozone/integration-test/target/test-dir/MiniOzoneClusterImpl-c55fde14-2fcc-439a-a3ad-d31aeefdbace/datanode-2/data/ratis/aef1d71b-d105-4e13-9898-6ea1469c2611/current/log_inprogress_0
2019-10-19 00:50:03,877 [pool-59-thread-1] INFO  segmented.SegmentedRaftLogWorker (SegmentedRaftLogWorker.java:lambda$new$0(128)) - aac91d0e-90b3-4924-955b-30866d4fff78@group-6EA1469C2611-SegmentedRaftLogWorker: flushIndex: setUnconditionally 0 -> 0
2019-10-19 00:50:03,894 [main] INFO  handler.ContextHandler (ContextHandler.java:doStart(781)) - Started o.e.j.w.WebAppContext@68a78f3c{/,file:///tmp/jetty-0.0.0.0-34886-hddsDatanode-_-any-7240036877049196129.dir/webapp/,AVAILABLE}{/hddsDatanode}
2019-10-19 00:50:03,894 [main] INFO  server.AbstractConnector (AbstractConnector.java:doStart(278)) - Started ServerConnector@17ba57f0{HTTP/1.1,[http/1.1]}{0.0.0.0:34886}
2019-10-19 00:50:03,902 [main] INFO  server.Server (Server.java:doStart(419)) - Started @112826ms
2019-10-19 00:50:03,902 [pool-59-thread-1] INFO  server.RaftServerConfigKeys (ConfUtils.java:logGet(43)) - raft.server.snapshot.auto.trigger.enabled = true (custom)
2019-10-19 00:50:03,902 [main] WARN  impl.MetricsSystemImpl (MetricsSystemImpl.java:register(276)) - Sink prometheus already exists!
2019-10-19 00:50:03,902 [pool-59-thread-1] INFO  server.RaftServerConfigKeys (ConfUtils.java:logGet(43)) - raft.server.snapshot.auto.trigger.threshold = 10000 (custom)
2019-10-19 00:50:03,902 [pool-59-thread-1] INFO  server.RaftServerConfigKeys (ConfUtils.java:logGet(43)) - raft.server.snapshot.retention.file.num = 5 (custom)
2019-10-19 00:50:03,902 [pool-59-thread-1] INFO  server.RaftServerConfigKeys (ConfUtils.java:logGet(43)) - raft.server.retrycache.expirytime = 600000ms (custom)
2019-10-19 00:50:03,903 [main] INFO  server.BaseHttpServer (BaseHttpServer.java:updateConnectorAddress(215)) - HTTP server of HDDSDATANODE is listening at http://0.0.0.0:34886
2019-10-19 00:50:03,904 [pool-59-thread-1] INFO  impl.RaftServerImpl (RaftServerImpl.java:<init>(104)) - aac91d0e-90b3-4924-955b-30866d4fff78: new RaftServerImpl for group-2DDA05B3685C:[] with ContainerStateMachine:uninitialized
2019-10-19 00:50:03,904 [pool-59-thread-1] INFO  server.RaftServerConfigKeys (ConfUtils.java:logGet(43)) - raft.server.rpc.timeout.min = 5s (custom)
2019-10-19 00:50:03,904 [pool-59-thread-1] INFO  server.RaftServerConfigKeys (ConfUtils.java:logGet(43)) - raft.server.rpc.timeout.max = 5200ms (custom)
2019-10-19 00:50:03,904 [pool-59-thread-1] INFO  server.RaftServerConfigKeys (ConfUtils.java:logGet(43)) - raft.server.rpcslowness.timeout = 1000s (custom)
2019-10-19 00:50:03,904 [pool-59-thread-1] INFO  server.RaftServerConfigKeys (ConfUtils.java:logGet(43)) - raft.server.sleep.deviation.threshold = 300 (default)
2019-10-19 00:50:03,904 [pool-59-thread-1] INFO  server.RaftServerConfigKeys (ConfUtils.java:logGet(43)) - raft.server.log.appender.install.snapshot.enabled = false (custom)
2019-10-19 00:50:03,904 [org.apache.hadoop.util.JvmPauseMonitor$Monitor@24b1f3fb] INFO  util.JvmPauseMonitor (JvmPauseMonitor.java:run(188)) - Starting JVM pause monitor
2019-10-19 00:50:03,904 [pool-59-thread-1] INFO  impl.RaftServerImpl (ServerState.java:<init>(103)) - aac91d0e-90b3-4924-955b-30866d4fff78@group-2DDA05B3685C: ConfigurationManager, init=-1: [], old=null, confs=<EMPTY_MAP>
2019-10-19 00:50:03,905 [pool-59-thread-1] INFO  server.RaftServerConfigKeys (ConfUtils.java:logGet(43)) - raft.server.storage.dir = [/workdir/hadoop-ozone/integration-test/target/test-dir/MiniOzoneClusterImpl-c55fde14-2fcc-439a-a3ad-d31aeefdbace/datanode-2/data/ratis] (custom)
2019-10-19 00:50:03,905 [pool-59-thread-1] INFO  server.RaftServerConfigKeys (ConfUtils.java:logGet(43)) - raft.server.log.corruption.policy = EXCEPTION (default)
2019-10-19 00:50:03,918 [pool-59-thread-1] INFO  storage.RaftStorageDirectory (RaftStorageDirectory.java:tryLock(328)) - Lock on /workdir/hadoop-ozone/integration-test/target/test-dir/MiniOzoneClusterImpl-c55fde14-2fcc-439a-a3ad-d31aeefdbace/datanode-2/data/ratis/2739136e-9e24-467a-9fde-2dda05b3685c/in_use.lock acquired by nodename 25791@pr-hdds-2333-xd9jc-2947872914
2019-10-19 00:50:03,920 [pool-59-thread-1] INFO  ratis.ContainerStateMachine (ContainerStateMachine.java:loadSnapshot(240)) - group-2DDA05B3685C: Setting the last applied index to (t:2, i:3)
2019-10-19 00:50:03,924 [pool-59-thread-1] INFO  impl.RaftServerImpl (ServerState.java:setRaftConf(357)) - aac91d0e-90b3-4924-955b-30866d4fff78@group-2DDA05B3685C: set configuration 0: [67511f02-1a53-40d3-ad7c-17f75ce9e42c:192.168.157.213:45560, aac91d0e-90b3-4924-955b-30866d4fff78:192.168.157.213:41659, b6ed77c0-0909-418c-a0c6-e1477b4e10c3:192.168.157.213:33232], old=null at 0
2019-10-19 00:50:03,924 [pool-59-thread-1] INFO  server.RaftServerConfigKeys (ConfUtils.java:logGet(43)) - raft.server.notification.no-leader.timeout = 1000s (custom)
2019-10-19 00:50:03,924 [pool-59-thread-1] INFO  server.RaftServerConfigKeys (ConfUtils.java:logGet(43)) - raft.server.log.use.memory = false (default)
2019-10-19 00:50:03,924 [pool-59-thread-1] INFO  server.RaftServerConfigKeys (ConfUtils.java:logGet(43)) - raft.server.log.purge.gap = 1000000 (custom)
2019-10-19 00:50:03,924 [pool-59-thread-1] INFO  server.RaftServerConfigKeys (ConfUtils.java:logGet(43)) - raft.server.log.appender.buffer.byte-limit = 33554432 (custom)
2019-10-19 00:50:03,924 [pool-59-thread-1] INFO  server.RaftServerConfigKeys (ConfUtils.java:logGet(43)) - raft.server.log.segment.size.max = 1048576 (custom)
2019-10-19 00:50:03,924 [pool-59-thread-1] INFO  server.RaftServerConfigKeys (ConfUtils.java:logGet(43)) - raft.server.log.segment.cache.num.max = 2 (custom)
2019-10-19 00:50:03,925 [pool-59-thread-1] INFO  segmented.SegmentedRaftLogWorker (SegmentedRaftLogWorker.java:<init>(173)) - new aac91d0e-90b3-4924-955b-30866d4fff78@group-2DDA05B3685C-SegmentedRaftLogWorker for RaftStorage:Storage Directory /workdir/hadoop-ozone/integration-test/target/test-dir/MiniOzoneClusterImpl-c55fde14-2fcc-439a-a3ad-d31aeefdbace/datanode-2/data/ratis/2739136e-9e24-467a-9fde-2dda05b3685c
2019-10-19 00:50:03,925 [pool-59-thread-1] INFO  server.RaftServerConfigKeys (ConfUtils.java:logGet(43)) - raft.server.log.queue.byte-limit = 2147483647 (custom)
2019-10-19 00:50:03,925 [pool-59-thread-1] INFO  server.RaftServerConfigKeys (ConfUtils.java:logGet(43)) - raft.server.log.queue.element-limit = 1024 (custom)
2019-10-19 00:50:03,925 [pool-59-thread-1] INFO  server.RaftServerConfigKeys (ConfUtils.java:logGet(43)) - raft.server.log.segment.size.max = 1048576 (custom)
2019-10-19 00:50:03,925 [pool-59-thread-1] INFO  server.RaftServerConfigKeys (ConfUtils.java:logGet(43)) - raft.server.log.preallocated.size = 16384 (custom)
2019-10-19 00:50:03,925 [pool-59-thread-1] INFO  server.RaftServerConfigKeys (ConfUtils.java:logGet(43)) - raft.server.log.write.buffer.size = 33554432 (custom)
2019-10-19 00:50:03,925 [pool-59-thread-1] INFO  server.RaftServerConfigKeys (ConfUtils.java:logGet(43)) - raft.server.log.force.sync.num = 128 (default)
2019-10-19 00:50:03,925 [pool-59-thread-1] INFO  server.RaftServerConfigKeys (ConfUtils.java:logGet(43)) - raft.server.log.statemachine.data.sync = true (default)
2019-10-19 00:50:03,925 [pool-59-thread-1] INFO  server.RaftServerConfigKeys (ConfUtils.java:logGet(43)) - raft.server.log.statemachine.data.sync.timeout = 10s (default)
2019-10-19 00:50:03,925 [pool-59-thread-1] INFO  server.RaftServerConfigKeys (ConfUtils.java:logGet(43)) - raft.server.log.statemachine.data.sync.timeout.retry = -1 (default)
2019-10-19 00:50:03,925 [pool-59-thread-1] INFO  server.RaftServerConfigKeys (ConfUtils.java:logGet(43)) - raft.server.log.statemachine.data.caching.enabled = true (custom)
2019-10-19 00:50:03,926 [pool-59-thread-1] INFO  impl.RaftServerImpl (ServerState.java:setRaftConf(357)) - aac91d0e-90b3-4924-955b-30866d4fff78@group-2DDA05B3685C: set configuration 0: [67511f02-1a53-40d3-ad7c-17f75ce9e42c:192.168.157.213:45560, aac91d0e-90b3-4924-955b-30866d4fff78:192.168.157.213:41659, b6ed77c0-0909-418c-a0c6-e1477b4e10c3:192.168.157.213:33232], old=null at 0
2019-10-19 00:50:03,927 [pool-59-thread-1] INFO  segmented.LogSegment (LogSegment.java:loadSegment(140)) - Successfully read 5 entries from segment file /workdir/hadoop-ozone/integration-test/target/test-dir/MiniOzoneClusterImpl-c55fde14-2fcc-439a-a3ad-d31aeefdbace/datanode-2/data/ratis/2739136e-9e24-467a-9fde-2dda05b3685c/current/log_inprogress_0
2019-10-19 00:50:03,927 [pool-59-thread-1] INFO  segmented.SegmentedRaftLogWorker (SegmentedRaftLogWorker.java:lambda$new$0(128)) - aac91d0e-90b3-4924-955b-30866d4fff78@group-2DDA05B3685C-SegmentedRaftLogWorker: flushIndex: setUnconditionally 0 -> 4
2019-10-19 00:50:03,949 [pool-59-thread-1] INFO  raftlog.RaftLog (RaftLog.java:lambda$new$0(61)) - aac91d0e-90b3-4924-955b-30866d4fff78@group-2DDA05B3685C-SegmentedRaftLog: commitIndex: updateToMax old=3, new=3, updated? false
2019-10-19 00:50:03,950 [pool-59-thread-1] INFO  server.RaftServerConfigKeys (ConfUtils.java:logGet(43)) - raft.server.snapshot.auto.trigger.enabled = true (custom)
2019-10-19 00:50:03,950 [pool-59-thread-1] INFO  server.RaftServerConfigKeys (ConfUtils.java:logGet(43)) - raft.server.snapshot.auto.trigger.threshold = 10000 (custom)
2019-10-19 00:50:03,950 [pool-59-thread-1] INFO  server.RaftServerConfigKeys (ConfUtils.java:logGet(43)) - raft.server.snapshot.retention.file.num = 5 (custom)
2019-10-19 00:50:03,950 [pool-59-thread-1] INFO  server.RaftServerConfigKeys (ConfUtils.java:logGet(43)) - raft.server.retrycache.expirytime = 600000ms (custom)
2019-10-19 00:50:04,288 [BlockDeletingService#2] WARN  background.BlockDeletingService (BlockDeletingService.java:isDeletionAllowed(187)) - Close Container log Index 6 is not replicated across allthe servers in the pipeline 2739136e-9e24-467a-9fde-2dda05b3685c as the min replicated index is 4. Deletion is not allowed in this container yet.
2019-10-19 00:50:04,289 [BlockDeletingService#2] WARN  background.BlockDeletingService (BlockDeletingService.java:isDeletionAllowed(187)) - Close Container log Index 6 is not replicated across allthe servers in the pipeline 2739136e-9e24-467a-9fde-2dda05b3685c as the min replicated index is 4. Deletion is not allowed in this container yet.
2019-10-19 00:50:04,714 [Command processor thread] INFO  commandhandler.DeleteBlocksCommandHandler (DeleteBlocksCommandHandler.java:handle(106)) - Start to delete container blocks, TXIDs=[1(2)], numOfContainers=1, numOfBlocks=1
2019-10-19 00:50:04,714 [Command processor thread] INFO  commandhandler.DeleteBlocksCommandHandler (DeleteBlocksCommandHandler.java:handle(106)) - Start to delete container blocks, TXIDs=[1(0)], numOfContainers=1, numOfBlocks=1
2019-10-19 00:50:04,800 [pool-7-thread-2] INFO  commands.RetriableDatanodeEventWatcher (RetriableDatanodeEventWatcher.java:onTimeout(47)) - RetriableDatanodeCommand type=deleteBlocksCommand with id=1571446202803 timed out. Retrying.
2019-10-19 00:50:04,800 [pool-7-thread-1] INFO  commands.RetriableDatanodeEventWatcher (RetriableDatanodeEventWatcher.java:onTimeout(47)) - RetriableDatanodeCommand type=deleteBlocksCommand with id=1571446202802 timed out. Retrying.
2019-10-19 00:50:04,802 [SCMBlockDeletingService#1] INFO  block.SCMBlockDeletingService (SCMBlockDeletingService.java:call(184)) - Totally added 1 delete blocks command for 1 datanodes, task elapsed time: 0ms
2019-10-19 00:50:04,803 [pool-7-thread-1] INFO  commands.RetriableDatanodeEventWatcher (RetriableDatanodeEventWatcher.java:onTimeout(47)) - RetriableDatanodeCommand type=deleteBlocksCommand with id=1571446202800 timed out. Retrying.
2019-10-19 00:50:04,816 [EventQueue-DeleteBlockStatusForEventWatcher$$Lambda$30/637241618] WARN  events.EventWatcher (EventWatcher.java:lambda$start$0(110)) - Completion event without active lease. Id=1571446202801
2019-10-19 00:50:04,835 [Thread-536] INFO  client.GrpcClientProtocolService (GrpcClientProtocolService.java:lambda$processClientRequest$0(278)) - Failed RaftClientRequest:client-5C1DDA748651->67511f02-1a53-40d3-ad7c-17f75ce9e42c@group-2DDA05B3685C, cid=10, seq=0, Watch-ALL_COMMITTED(6), Message:<EMPTY>, reply=RaftClientReply:client-5C1DDA748651->67511f02-1a53-40d3-ad7c-17f75ce9e42c@group-2DDA05B3685C, cid=10, FAILED org.apache.ratis.protocol.NotLeaderException: Server 67511f02-1a53-40d3-ad7c-17f75ce9e42c@group-2DDA05B3685C is not the leader b6ed77c0-0909-418c-a0c6-e1477b4e10c3:192.168.157.213:33232, logIndex=0, commits[67511f02-1a53-40d3-ad7c-17f75ce9e42c:c10, aac91d0e-90b3-4924-955b-30866d4fff78:c4, b6ed77c0-0909-418c-a0c6-e1477b4e10c3:c10]
2019-10-19 00:50:05,290 [BlockDeletingService#2] WARN  background.BlockDeletingService (BlockDeletingService.java:isDeletionAllowed(187)) - Close Container log Index 6 is not replicated across allthe servers in the pipeline 2739136e-9e24-467a-9fde-2dda05b3685c as the min replicated index is 4. Deletion is not allowed in this container yet.
2019-10-19 00:50:05,290 [BlockDeletingService#2] WARN  background.BlockDeletingService (BlockDeletingService.java:isDeletionAllowed(187)) - Close Container log Index 6 is not replicated across allthe servers in the pipeline 2739136e-9e24-467a-9fde-2dda05b3685c as the min replicated index is 4. Deletion is not allowed in this container yet.
2019-10-19 00:50:05,687 [java.util.concurrent.ThreadPoolExecutor$Worker@419d75d[State = -1, empty queue]] WARN  server.GrpcLogAppender (GrpcLogAppender.java:timeoutAppendRequest(209)) - b6ed77c0-0909-418c-a0c6-e1477b4e10c3@group-2DDA05B3685C->aac91d0e-90b3-4924-955b-30866d4fff78-GrpcLogAppender: appendEntries Timeout, request=b6ed77c0-0909-418c-a0c6-e1477b4e10c3->aac91d0e-90b3-4924-955b-30866d4fff78#51-t2, previous=(t:2, i:10), leaderCommit=10, initializing? false, entries: <empty>
2019-10-19 00:50:05,716 [Command processor thread] INFO  commandhandler.DeleteBlocksCommandHandler (DeleteBlocksCommandHandler.java:handle(106)) - Start to delete container blocks, TXIDs=[1(2)], numOfContainers=1, numOfBlocks=1
2019-10-19 00:50:05,800 [pool-7-thread-1] INFO  commands.RetriableDatanodeEventWatcher (RetriableDatanodeEventWatcher.java:onTimeout(47)) - RetriableDatanodeCommand type=deleteBlocksCommand with id=1571446202802 timed out. Retrying.
2019-10-19 00:50:05,802 [pool-7-thread-1] INFO  commands.RetriableDatanodeEventWatcher (RetriableDatanodeEventWatcher.java:onTimeout(47)) - RetriableDatanodeCommand type=deleteBlocksCommand with id=1571446202804 timed out. Retrying.
2019-10-19 00:50:05,803 [SCMBlockDeletingService#1] INFO  block.SCMBlockDeletingService (SCMBlockDeletingService.java:call(184)) - Totally added 1 delete blocks command for 1 datanodes, task elapsed time: 0ms
2019-10-19 00:50:05,804 [pool-7-thread-1] INFO  commands.RetriableDatanodeEventWatcher (RetriableDatanodeEventWatcher.java:onTimeout(47)) - RetriableDatanodeCommand type=deleteBlocksCommand with id=1571446202800 timed out. Retrying.
2019-10-19 00:50:05,818 [EventQueue-DeleteBlockStatusForEventWatcher$$Lambda$30/637241618] WARN  events.EventWatcher (EventWatcher.java:lambda$start$0(110)) - Completion event without active lease. Id=1571446202803
2019-10-19 00:50:05,906 [Datanode State Machine Thread - 0] INFO  ozoneimpl.OzoneContainer (OzoneContainer.java:start(213)) - Attempting to start container services.
2019-10-19 00:50:05,907 [Datanode State Machine Thread - 0] INFO  ozoneimpl.OzoneContainer (OzoneContainer.java:startContainerScrub(177)) - Background container scanner has been disabled.
2019-10-19 00:50:05,907 [Datanode State Machine Thread - 0] INFO  ratis.XceiverServerRatis (XceiverServerRatis.java:start(418)) - Starting XceiverServerRatis aac91d0e-90b3-4924-955b-30866d4fff78 at port 41659
2019-10-19 00:50:05,918 [Datanode State Machine Thread - 0] INFO  impl.RaftServerImpl (RaftServerImpl.java:start(195)) - aac91d0e-90b3-4924-955b-30866d4fff78@group-6EA1469C2611: start as a follower, conf=0: [aac91d0e-90b3-4924-955b-30866d4fff78:192.168.157.213:41659], old=null
2019-10-19 00:50:05,919 [ForkJoinPool.commonPool-worker-0] INFO  impl.RaftServerImpl (RaftServerImpl.java:start(195)) - aac91d0e-90b3-4924-955b-30866d4fff78@group-2DDA05B3685C: start as a follower, conf=0: [67511f02-1a53-40d3-ad7c-17f75ce9e42c:192.168.157.213:45560, aac91d0e-90b3-4924-955b-30866d4fff78:192.168.157.213:41659, b6ed77c0-0909-418c-a0c6-e1477b4e10c3:192.168.157.213:33232], old=null
2019-10-19 00:50:05,919 [Datanode State Machine Thread - 0] INFO  impl.RaftServerImpl (RaftServerImpl.java:setRole(184)) - aac91d0e-90b3-4924-955b-30866d4fff78@group-6EA1469C2611: changes role from      null to FOLLOWER at term 1 for startAsFollower
2019-10-19 00:50:05,919 [ForkJoinPool.commonPool-worker-0] INFO  impl.RaftServerImpl (RaftServerImpl.java:setRole(184)) - aac91d0e-90b3-4924-955b-30866d4fff78@group-2DDA05B3685C: changes role from      null to FOLLOWER at term 2 for startAsFollower
2019-10-19 00:50:05,919 [Datanode State Machine Thread - 0] INFO  impl.RoleInfo (RoleInfo.java:updateAndGet(143)) - aac91d0e-90b3-4924-955b-30866d4fff78: start FollowerState
2019-10-19 00:50:05,919 [ForkJoinPool.commonPool-worker-0] INFO  impl.RoleInfo (RoleInfo.java:updateAndGet(143)) - aac91d0e-90b3-4924-955b-30866d4fff78: start FollowerState
2019-10-19 00:50:05,920 [Datanode State Machine Thread - 0] INFO  util.JmxRegister (JmxRegister.java:tryRegister(44)) - Successfully registered JMX Bean with object name Ratis:service=RaftServer,group=group-6EA1469C2611,id=aac91d0e-90b3-4924-955b-30866d4fff78
2019-10-19 00:50:05,920 [ForkJoinPool.commonPool-worker-0] INFO  util.JmxRegister (JmxRegister.java:tryRegister(44)) - Successfully registered JMX Bean with object name Ratis:service=RaftServer,group=group-2DDA05B3685C,id=aac91d0e-90b3-4924-955b-30866d4fff78
2019-10-19 00:50:05,922 [Datanode State Machine Thread - 0] INFO  impl.RaftServerProxy (RaftServerProxy.java:lambda$start$3(299)) - aac91d0e-90b3-4924-955b-30866d4fff78: start RPC server
2019-10-19 00:50:05,924 [Datanode State Machine Thread - 0] INFO  server.GrpcService (GrpcService.java:startImpl(158)) - aac91d0e-90b3-4924-955b-30866d4fff78: GrpcService started, listening on 0.0.0.0/0.0.0.0:41659
2019-10-19 00:50:05,928 [Thread-543] INFO  impl.FollowerState (FollowerState.java:run(108)) - aac91d0e-90b3-4924-955b-30866d4fff78@group-2DDA05B3685C-FollowerState: change to CANDIDATE, lastRpcTime:8ms, electionTimeout:8ms
2019-10-19 00:50:05,928 [Thread-543] INFO  impl.RoleInfo (RoleInfo.java:shutdownFollowerState(121)) - aac91d0e-90b3-4924-955b-30866d4fff78: shutdown FollowerState
2019-10-19 00:50:05,928 [Thread-543] INFO  impl.RaftServerImpl (RaftServerImpl.java:setRole(184)) - aac91d0e-90b3-4924-955b-30866d4fff78@group-2DDA05B3685C: changes role from  FOLLOWER to CANDIDATE at term 2 for changeToCandidate
2019-10-19 00:50:05,929 [Thread-543] INFO  impl.RoleInfo (RoleInfo.java:updateAndGet(143)) - aac91d0e-90b3-4924-955b-30866d4fff78: start LeaderElection
2019-10-19 00:50:05,944 [aac91d0e-90b3-4924-955b-30866d4fff78@group-2DDA05B3685C-LeaderElection6] INFO  impl.LeaderElection (LeaderElection.java:askForVotes(178)) - aac91d0e-90b3-4924-955b-30866d4fff78@group-2DDA05B3685C-LeaderElection6: begin an election at term 3 for 0: [67511f02-1a53-40d3-ad7c-17f75ce9e42c:192.168.157.213:45560, aac91d0e-90b3-4924-955b-30866d4fff78:192.168.157.213:41659, b6ed77c0-0909-418c-a0c6-e1477b4e10c3:192.168.157.213:33232], old=null
2019-10-19 00:50:05,954 [grpc-default-executor-0] INFO  impl.RaftServerImpl (ServerState.java:setLeader(256)) - b6ed77c0-0909-418c-a0c6-e1477b4e10c3@group-2DDA05B3685C: change Leader from b6ed77c0-0909-418c-a0c6-e1477b4e10c3 to null at term 3 for updateCurrentTerm
2019-10-19 00:50:05,955 [grpc-default-executor-0] INFO  impl.RaftServerImpl (RaftServerImpl.java:setRole(184)) - b6ed77c0-0909-418c-a0c6-e1477b4e10c3@group-2DDA05B3685C: changes role from    LEADER to FOLLOWER at term 3 for recognizeCandidate:aac91d0e-90b3-4924-955b-30866d4fff78
2019-10-19 00:50:05,955 [grpc-default-executor-1] INFO  impl.RaftServerImpl (ServerState.java:setLeader(256)) - 67511f02-1a53-40d3-ad7c-17f75ce9e42c@group-2DDA05B3685C: change Leader from b6ed77c0-0909-418c-a0c6-e1477b4e10c3 to null at term 3 for updateCurrentTerm
2019-10-19 00:50:05,955 [grpc-default-executor-0] INFO  impl.RoleInfo (RoleInfo.java:shutdownLeaderState(104)) - b6ed77c0-0909-418c-a0c6-e1477b4e10c3: shutdown LeaderState
2019-10-19 00:50:05,955 [grpc-default-executor-1] INFO  impl.RaftServerImpl (RaftServerImpl.java:setRole(184)) - 67511f02-1a53-40d3-ad7c-17f75ce9e42c@group-2DDA05B3685C: changes role from  FOLLOWER to FOLLOWER at term 3 for recognizeCandidate:aac91d0e-90b3-4924-955b-30866d4fff78
2019-10-19 00:50:05,957 [org.apache.ratis.server.impl.LogAppender$AppenderDaemon$$Lambda$375/1145540738@3b2421d1] WARN  server.GrpcLogAppender (GrpcLogAppender.java:mayWait(149)) - b6ed77c0-0909-418c-a0c6-e1477b4e10c3@group-2DDA05B3685C->67511f02-1a53-40d3-ad7c-17f75ce9e42c-GrpcLogAppender: Wait interrupted by java.lang.InterruptedException
2019-10-19 00:50:05,957 [grpc-default-executor-1] INFO  impl.RoleInfo (RoleInfo.java:shutdownFollowerState(121)) - 67511f02-1a53-40d3-ad7c-17f75ce9e42c: shutdown FollowerState
2019-10-19 00:50:05,957 [grpc-default-executor-0] INFO  impl.PendingRequests (PendingRequests.java:sendNotLeaderResponses(202)) - b6ed77c0-0909-418c-a0c6-e1477b4e10c3@group-2DDA05B3685C-PendingRequests: sendNotLeaderResponses
2019-10-19 00:50:05,957 [org.apache.ratis.server.impl.LogAppender$AppenderDaemon$$Lambda$375/1145540738@a5559d2] WARN  server.GrpcLogAppender (GrpcLogAppender.java:mayWait(149)) - b6ed77c0-0909-418c-a0c6-e1477b4e10c3@group-2DDA05B3685C->aac91d0e-90b3-4924-955b-30866d4fff78-GrpcLogAppender: Wait interrupted by java.lang.InterruptedException
2019-10-19 00:50:05,957 [grpc-default-executor-1] INFO  impl.RoleInfo (RoleInfo.java:updateAndGet(143)) - 67511f02-1a53-40d3-ad7c-17f75ce9e42c: start FollowerState
2019-10-19 00:50:05,957 [Thread-224] INFO  impl.FollowerState (FollowerState.java:run(117)) - 67511f02-1a53-40d3-ad7c-17f75ce9e42c@group-2DDA05B3685C-FollowerState was interrupted: java.lang.InterruptedException: sleep interrupted
2019-10-19 00:50:05,957 [grpc-default-executor-2] INFO  server.GrpcServerProtocolService (GrpcServerProtocolService.java:onCompleted(113)) - 67511f02-1a53-40d3-ad7c-17f75ce9e42c: Completed APPEND_ENTRIES, lastRequest: b6ed77c0-0909-418c-a0c6-e1477b4e10c3->67511f02-1a53-40d3-ad7c-17f75ce9e42c#52-t2, previous=(t:2, i:10), leaderCommit=10, initializing? false, entries: <empty>
2019-10-19 00:50:05,960 [Thread-550] INFO  client.GrpcClientProtocolService (GrpcClientProtocolService.java:lambda$processClientRequest$0(278)) - Failed RaftClientRequest:client-5C1DDA748651->b6ed77c0-0909-418c-a0c6-e1477b4e10c3@group-2DDA05B3685C, cid=10, seq=0, Watch-ALL_COMMITTED(6), Message:<EMPTY>, reply=RaftClientReply:client-5C1DDA748651->b6ed77c0-0909-418c-a0c6-e1477b4e10c3@group-2DDA05B3685C, cid=10, FAILED org.apache.ratis.protocol.NotLeaderException: Server b6ed77c0-0909-418c-a0c6-e1477b4e10c3@group-2DDA05B3685C is not the leader, logIndex=0, commits[b6ed77c0-0909-418c-a0c6-e1477b4e10c3:c10, 67511f02-1a53-40d3-ad7c-17f75ce9e42c:c10, aac91d0e-90b3-4924-955b-30866d4fff78:c4]
2019-10-19 00:50:05,960 [grpc-default-executor-2] INFO  server.GrpcLogAppender (GrpcLogAppender.java:onCompleted(308)) - b6ed77c0-0909-418c-a0c6-e1477b4e10c3@group-2DDA05B3685C->67511f02-1a53-40d3-ad7c-17f75ce9e42c-AppendLogResponseHandler: follower responses appendEntries COMPLETED
2019-10-19 00:50:05,961 [grpc-default-executor-0] INFO  impl.RoleInfo (RoleInfo.java:updateAndGet(143)) - b6ed77c0-0909-418c-a0c6-e1477b4e10c3: start FollowerState
2019-10-19 00:50:05,961 [Thread-551] INFO  client.GrpcClientProtocolService (GrpcClientProtocolService.java:lambda$processClientRequest$0(278)) - Failed RaftClientRequest:client-5C1DDA748651->b6ed77c0-0909-418c-a0c6-e1477b4e10c3@group-2DDA05B3685C, cid=10, seq=0, Watch-ALL_COMMITTED(6), Message:<EMPTY>, reply=RaftClientReply:client-5C1DDA748651->b6ed77c0-0909-418c-a0c6-e1477b4e10c3@group-2DDA05B3685C, cid=10, FAILED org.apache.ratis.protocol.NotLeaderException: Server b6ed77c0-0909-418c-a0c6-e1477b4e10c3@group-2DDA05B3685C is not the leader, logIndex=0, commits[b6ed77c0-0909-418c-a0c6-e1477b4e10c3:c10, 67511f02-1a53-40d3-ad7c-17f75ce9e42c:c10, aac91d0e-90b3-4924-955b-30866d4fff78:c4]
2019-10-19 00:50:05,964 [grpc-default-executor-2] INFO  impl.FollowerInfo (FollowerInfo.java:lambda$new$0(51)) - b6ed77c0-0909-418c-a0c6-e1477b4e10c3@group-2DDA05B3685C->67511f02-1a53-40d3-ad7c-17f75ce9e42c: nextIndex: updateUnconditionally 11 -> 10
2019-10-19 00:50:05,979 [aac91d0e-90b3-4924-955b-30866d4fff78@group-2DDA05B3685C-LeaderElection6] INFO  impl.LeaderElection (LeaderElection.java:logAndReturn(56)) - aac91d0e-90b3-4924-955b-30866d4fff78@group-2DDA05B3685C-LeaderElection6: Election REJECTED; received 2 response(s) [aac91d0e-90b3-4924-955b-30866d4fff78<-67511f02-1a53-40d3-ad7c-17f75ce9e42c#0:FAIL-t3, aac91d0e-90b3-4924-955b-30866d4fff78<-b6ed77c0-0909-418c-a0c6-e1477b4e10c3#0:FAIL-t3] and 0 exception(s); aac91d0e-90b3-4924-955b-30866d4fff78@group-2DDA05B3685C:t3, leader=null, voted=aac91d0e-90b3-4924-955b-30866d4fff78, raftlog=aac91d0e-90b3-4924-955b-30866d4fff78@group-2DDA05B3685C-SegmentedRaftLog:OPENED:c3,f4,i4, conf=0: [67511f02-1a53-40d3-ad7c-17f75ce9e42c:192.168.157.213:45560, aac91d0e-90b3-4924-955b-30866d4fff78:192.168.157.213:41659, b6ed77c0-0909-418c-a0c6-e1477b4e10c3:192.168.157.213:33232], old=null
2019-10-19 00:50:05,980 [aac91d0e-90b3-4924-955b-30866d4fff78@group-2DDA05B3685C-LeaderElection6] INFO  impl.RaftServerImpl (RaftServerImpl.java:setRole(184)) - aac91d0e-90b3-4924-955b-30866d4fff78@group-2DDA05B3685C: changes role from CANDIDATE to FOLLOWER at term 3 for DISCOVERED_A_NEW_TERM
2019-10-19 00:50:05,981 [aac91d0e-90b3-4924-955b-30866d4fff78@group-2DDA05B3685C-LeaderElection6] INFO  impl.RoleInfo (RoleInfo.java:shutdownLeaderElection(134)) - aac91d0e-90b3-4924-955b-30866d4fff78: shutdown LeaderElection
2019-10-19 00:50:05,981 [aac91d0e-90b3-4924-955b-30866d4fff78@group-2DDA05B3685C-LeaderElection6] INFO  impl.RoleInfo (RoleInfo.java:updateAndGet(143)) - aac91d0e-90b3-4924-955b-30866d4fff78: start FollowerState
2019-10-19 00:50:06,035 [Thread-542] INFO  impl.FollowerState (FollowerState.java:run(108)) - aac91d0e-90b3-4924-955b-30866d4fff78@group-6EA1469C2611-FollowerState: change to CANDIDATE, lastRpcTime:115ms, electionTimeout:115ms
2019-10-19 00:50:06,035 [Thread-542] INFO  impl.RoleInfo (RoleInfo.java:shutdownFollowerState(121)) - aac91d0e-90b3-4924-955b-30866d4fff78: shutdown FollowerState
2019-10-19 00:50:06,036 [Thread-542] INFO  impl.RaftServerImpl (RaftServerImpl.java:setRole(184)) - aac91d0e-90b3-4924-955b-30866d4fff78@group-6EA1469C2611: changes role from  FOLLOWER to CANDIDATE at term 1 for changeToCandidate
2019-10-19 00:50:06,036 [Thread-542] INFO  impl.RoleInfo (RoleInfo.java:updateAndGet(143)) - aac91d0e-90b3-4924-955b-30866d4fff78: start LeaderElection
2019-10-19 00:50:06,052 [aac91d0e-90b3-4924-955b-30866d4fff78@group-6EA1469C2611-LeaderElection7] INFO  impl.LeaderElection (LeaderElection.java:askForVotes(178)) - aac91d0e-90b3-4924-955b-30866d4fff78@group-6EA1469C2611-LeaderElection7: begin an election at term 2 for 0: [aac91d0e-90b3-4924-955b-30866d4fff78:192.168.157.213:41659], old=null
2019-10-19 00:50:06,052 [aac91d0e-90b3-4924-955b-30866d4fff78@group-6EA1469C2611-LeaderElection7] INFO  impl.RoleInfo (RoleInfo.java:shutdownLeaderElection(134)) - aac91d0e-90b3-4924-955b-30866d4fff78: shutdown LeaderElection
2019-10-19 00:50:06,052 [aac91d0e-90b3-4924-955b-30866d4fff78@group-6EA1469C2611-LeaderElection7] INFO  impl.RaftServerImpl (RaftServerImpl.java:setRole(184)) - aac91d0e-90b3-4924-955b-30866d4fff78@group-6EA1469C2611: changes role from CANDIDATE to LEADER at term 2 for changeToLeader
2019-10-19 00:50:06,052 [aac91d0e-90b3-4924-955b-30866d4fff78@group-6EA1469C2611-LeaderElection7] INFO  impl.RaftServerImpl (ServerState.java:setLeader(256)) - aac91d0e-90b3-4924-955b-30866d4fff78@group-6EA1469C2611: change Leader from null to aac91d0e-90b3-4924-955b-30866d4fff78 at term 2 for becomeLeader, leader elected after 2182ms
2019-10-19 00:50:06,052 [aac91d0e-90b3-4924-955b-30866d4fff78@group-6EA1469C2611-LeaderElection7] INFO  server.RaftServerConfigKeys (ConfUtils.java:logGet(43)) - raft.server.staging.catchup.gap = 1000 (default)
2019-10-19 00:50:06,053 [aac91d0e-90b3-4924-955b-30866d4fff78@group-6EA1469C2611-LeaderElection7] INFO  server.RaftServerConfigKeys (ConfUtils.java:logGet(43)) - raft.server.rpc.sleep.time = 25ms (default)
2019-10-19 00:50:06,053 [aac91d0e-90b3-4924-955b-30866d4fff78@group-6EA1469C2611-LeaderElection7] INFO  server.RaftServerConfigKeys (ConfUtils.java:logGet(43)) - raft.server.write.element-limit = 4096 (default)
2019-10-19 00:50:06,053 [aac91d0e-90b3-4924-955b-30866d4fff78@group-6EA1469C2611-LeaderElection7] INFO  server.RaftServerConfigKeys (ConfUtils.java:logGet(43)) - raft.server.watch.timeout = 10s (default)
2019-10-19 00:50:06,053 [aac91d0e-90b3-4924-955b-30866d4fff78@group-6EA1469C2611-LeaderElection7] INFO  server.RaftServerConfigKeys (ConfUtils.java:logGet(43)) - raft.server.watch.timeout.denomination = 1s (default)
2019-10-19 00:50:06,053 [aac91d0e-90b3-4924-955b-30866d4fff78@group-6EA1469C2611-LeaderElection7] INFO  server.RaftServerConfigKeys (ConfUtils.java:logGet(43)) - raft.server.watch.element-limit = 65536 (default)
2019-10-19 00:50:06,054 [aac91d0e-90b3-4924-955b-30866d4fff78@group-6EA1469C2611-LeaderElection7] INFO  impl.RoleInfo (RoleInfo.java:updateAndGet(143)) - aac91d0e-90b3-4924-955b-30866d4fff78: start LeaderState
2019-10-19 00:50:06,054 [aac91d0e-90b3-4924-955b-30866d4fff78@group-6EA1469C2611-LeaderElection7] INFO  segmented.SegmentedRaftLogWorker (SegmentedRaftLogWorker.java:rollLogSegment(390)) - aac91d0e-90b3-4924-955b-30866d4fff78@group-6EA1469C2611-SegmentedRaftLogWorker: Rolling segment log-0_0 to index:0
2019-10-19 00:50:06,058 [aac91d0e-90b3-4924-955b-30866d4fff78@group-6EA1469C2611-LeaderElection7] INFO  impl.RaftServerImpl (ServerState.java:setRaftConf(357)) - aac91d0e-90b3-4924-955b-30866d4fff78@group-6EA1469C2611: set configuration 1: [aac91d0e-90b3-4924-955b-30866d4fff78:192.168.157.213:41659], old=null at 1
2019-10-19 00:50:06,059 [aac91d0e-90b3-4924-955b-30866d4fff78@group-6EA1469C2611-SegmentedRaftLogWorker] INFO  segmented.SegmentedRaftLogWorker (SegmentedRaftLogWorker.java:execute(533)) - aac91d0e-90b3-4924-955b-30866d4fff78@group-6EA1469C2611-SegmentedRaftLogWorker: Rolled log segment from /workdir/hadoop-ozone/integration-test/target/test-dir/MiniOzoneClusterImpl-c55fde14-2fcc-439a-a3ad-d31aeefdbace/datanode-2/data/ratis/aef1d71b-d105-4e13-9898-6ea1469c2611/current/log_inprogress_0 to /workdir/hadoop-ozone/integration-test/target/test-dir/MiniOzoneClusterImpl-c55fde14-2fcc-439a-a3ad-d31aeefdbace/datanode-2/data/ratis/aef1d71b-d105-4e13-9898-6ea1469c2611/current/log_0-0
2019-10-19 00:50:06,118 [aac91d0e-90b3-4924-955b-30866d4fff78@group-6EA1469C2611-SegmentedRaftLogWorker] INFO  segmented.SegmentedRaftLogWorker (SegmentedRaftLogWorker.java:execute(576)) - aac91d0e-90b3-4924-955b-30866d4fff78@group-6EA1469C2611-SegmentedRaftLogWorker: created new log segment /workdir/hadoop-ozone/integration-test/target/test-dir/MiniOzoneClusterImpl-c55fde14-2fcc-439a-a3ad-d31aeefdbace/datanode-2/data/ratis/aef1d71b-d105-4e13-9898-6ea1469c2611/current/log_inprogress_1
2019-10-19 00:50:06,141 [Thread-554] INFO  impl.FollowerState (FollowerState.java:run(108)) - aac91d0e-90b3-4924-955b-30866d4fff78@group-2DDA05B3685C-FollowerState: change to CANDIDATE, lastRpcTime:159ms, electionTimeout:159ms
2019-10-19 00:50:06,142 [Thread-554] INFO  impl.RoleInfo (RoleInfo.java:shutdownFollowerState(121)) - aac91d0e-90b3-4924-955b-30866d4fff78: shutdown FollowerState
2019-10-19 00:50:06,142 [Thread-554] INFO  impl.RaftServerImpl (RaftServerImpl.java:setRole(184)) - aac91d0e-90b3-4924-955b-30866d4fff78@group-2DDA05B3685C: changes role from  FOLLOWER to CANDIDATE at term 3 for changeToCandidate
2019-10-19 00:50:06,143 [Thread-554] INFO  impl.RoleInfo (RoleInfo.java:updateAndGet(143)) - aac91d0e-90b3-4924-955b-30866d4fff78: start LeaderElection
2019-10-19 00:50:06,156 [aac91d0e-90b3-4924-955b-30866d4fff78@group-2DDA05B3685C-LeaderElection8] INFO  impl.LeaderElection (LeaderElection.java:askForVotes(178)) - aac91d0e-90b3-4924-955b-30866d4fff78@group-2DDA05B3685C-LeaderElection8: begin an election at term 4 for 0: [67511f02-1a53-40d3-ad7c-17f75ce9e42c:192.168.157.213:45560, aac91d0e-90b3-4924-955b-30866d4fff78:192.168.157.213:41659, b6ed77c0-0909-418c-a0c6-e1477b4e10c3:192.168.157.213:33232], old=null
2019-10-19 00:50:06,161 [grpc-default-executor-0] INFO  impl.RaftServerImpl (RaftServerImpl.java:setRole(184)) - 67511f02-1a53-40d3-ad7c-17f75ce9e42c@group-2DDA05B3685C: changes role from  FOLLOWER to FOLLOWER at term 4 for recognizeCandidate:aac91d0e-90b3-4924-955b-30866d4fff78
2019-10-19 00:50:06,161 [grpc-default-executor-0] INFO  impl.RoleInfo (RoleInfo.java:shutdownFollowerState(121)) - 67511f02-1a53-40d3-ad7c-17f75ce9e42c: shutdown FollowerState
2019-10-19 00:50:06,161 [grpc-default-executor-1] INFO  impl.RaftServerImpl (RaftServerImpl.java:setRole(184)) - b6ed77c0-0909-418c-a0c6-e1477b4e10c3@group-2DDA05B3685C: changes role from  FOLLOWER to FOLLOWER at term 4 for recognizeCandidate:aac91d0e-90b3-4924-955b-30866d4fff78
2019-10-19 00:50:06,162 [grpc-default-executor-0] INFO  impl.RoleInfo (RoleInfo.java:updateAndGet(143)) - 67511f02-1a53-40d3-ad7c-17f75ce9e42c: start FollowerState
2019-10-19 00:50:06,162 [Thread-549] INFO  impl.FollowerState (FollowerState.java:run(117)) - 67511f02-1a53-40d3-ad7c-17f75ce9e42c@group-2DDA05B3685C-FollowerState was interrupted: java.lang.InterruptedException: sleep interrupted
2019-10-19 00:50:06,162 [grpc-default-executor-1] INFO  impl.RoleInfo (RoleInfo.java:shutdownFollowerState(121)) - b6ed77c0-0909-418c-a0c6-e1477b4e10c3: shutdown FollowerState
2019-10-19 00:50:06,163 [grpc-default-executor-1] INFO  impl.RoleInfo (RoleInfo.java:updateAndGet(143)) - b6ed77c0-0909-418c-a0c6-e1477b4e10c3: start FollowerState
2019-10-19 00:50:06,163 [Thread-552] INFO  impl.FollowerState (FollowerState.java:run(117)) - b6ed77c0-0909-418c-a0c6-e1477b4e10c3@group-2DDA05B3685C-FollowerState was interrupted: java.lang.InterruptedException: sleep interrupted
2019-10-19 00:50:06,173 [aac91d0e-90b3-4924-955b-30866d4fff78@group-2DDA05B3685C-LeaderElection8] INFO  impl.LeaderElection (LeaderElection.java:logAndReturn(56)) - aac91d0e-90b3-4924-955b-30866d4fff78@group-2DDA05B3685C-LeaderElection8: Election REJECTED; received 2 response(s) [aac91d0e-90b3-4924-955b-30866d4fff78<-67511f02-1a53-40d3-ad7c-17f75ce9e42c#0:FAIL-t4, aac91d0e-90b3-4924-955b-30866d4fff78<-b6ed77c0-0909-418c-a0c6-e1477b4e10c3#0:FAIL-t4] and 0 exception(s); aac91d0e-90b3-4924-955b-30866d4fff78@group-2DDA05B3685C:t4, leader=null, voted=aac91d0e-90b3-4924-955b-30866d4fff78, raftlog=aac91d0e-90b3-4924-955b-30866d4fff78@group-2DDA05B3685C-SegmentedRaftLog:OPENED:c3,f4,i4, conf=0: [67511f02-1a53-40d3-ad7c-17f75ce9e42c:192.168.157.213:45560, aac91d0e-90b3-4924-955b-30866d4fff78:192.168.157.213:41659, b6ed77c0-0909-418c-a0c6-e1477b4e10c3:192.168.157.213:33232], old=null
2019-10-19 00:50:06,173 [aac91d0e-90b3-4924-955b-30866d4fff78@group-2DDA05B3685C-LeaderElection8] INFO  impl.RaftServerImpl (RaftServerImpl.java:setRole(184)) - aac91d0e-90b3-4924-955b-30866d4fff78@group-2DDA05B3685C: changes role from CANDIDATE to FOLLOWER at term 4 for DISCOVERED_A_NEW_TERM
2019-10-19 00:50:06,174 [aac91d0e-90b3-4924-955b-30866d4fff78@group-2DDA05B3685C-LeaderElection8] INFO  impl.RoleInfo (RoleInfo.java:shutdownLeaderElection(134)) - aac91d0e-90b3-4924-955b-30866d4fff78: shutdown LeaderElection
2019-10-19 00:50:06,174 [aac91d0e-90b3-4924-955b-30866d4fff78@group-2DDA05B3685C-LeaderElection8] INFO  impl.RoleInfo (RoleInfo.java:updateAndGet(143)) - aac91d0e-90b3-4924-955b-30866d4fff78: start FollowerState
2019-10-19 00:50:06,197 [Thread-562] INFO  impl.FollowerState (FollowerState.java:run(108)) - aac91d0e-90b3-4924-955b-30866d4fff78@group-2DDA05B3685C-FollowerState: change to CANDIDATE, lastRpcTime:23ms, electionTimeout:22ms
2019-10-19 00:50:06,198 [Thread-562] INFO  impl.RoleInfo (RoleInfo.java:shutdownFollowerState(121)) - aac91d0e-90b3-4924-955b-30866d4fff78: shutdown FollowerState
2019-10-19 00:50:06,198 [Thread-562] INFO  impl.RaftServerImpl (RaftServerImpl.java:setRole(184)) - aac91d0e-90b3-4924-955b-30866d4fff78@group-2DDA05B3685C: changes role from  FOLLOWER to CANDIDATE at term 4 for changeToCandidate
2019-10-19 00:50:06,199 [Thread-562] INFO  impl.RoleInfo (RoleInfo.java:updateAndGet(143)) - aac91d0e-90b3-4924-955b-30866d4fff78: start LeaderElection
2019-10-19 00:50:06,214 [aac91d0e-90b3-4924-955b-30866d4fff78@group-2DDA05B3685C-LeaderElection9] INFO  impl.LeaderElection (LeaderElection.java:askForVotes(178)) - aac91d0e-90b3-4924-955b-30866d4fff78@group-2DDA05B3685C-LeaderElection9: begin an election at term 5 for 0: [67511f02-1a53-40d3-ad7c-17f75ce9e42c:192.168.157.213:45560, aac91d0e-90b3-4924-955b-30866d4fff78:192.168.157.213:41659, b6ed77c0-0909-418c-a0c6-e1477b4e10c3:192.168.157.213:33232], old=null
2019-10-19 00:50:06,217 [grpc-default-executor-1] INFO  impl.RaftServerImpl (RaftServerImpl.java:setRole(184)) - 67511f02-1a53-40d3-ad7c-17f75ce9e42c@group-2DDA05B3685C: changes role from  FOLLOWER to FOLLOWER at term 5 for recognizeCandidate:aac91d0e-90b3-4924-955b-30866d4fff78
2019-10-19 00:50:06,217 [grpc-default-executor-0] INFO  impl.RaftServerImpl (RaftServerImpl.java:setRole(184)) - b6ed77c0-0909-418c-a0c6-e1477b4e10c3@group-2DDA05B3685C: changes role from  FOLLOWER to FOLLOWER at term 5 for recognizeCandidate:aac91d0e-90b3-4924-955b-30866d4fff78
2019-10-19 00:50:06,217 [grpc-default-executor-1] INFO  impl.RoleInfo (RoleInfo.java:shutdownFollowerState(121)) - 67511f02-1a53-40d3-ad7c-17f75ce9e42c: shutdown FollowerState
2019-10-19 00:50:06,218 [grpc-default-executor-0] INFO  impl.RoleInfo (RoleInfo.java:shutdownFollowerState(121)) - b6ed77c0-0909-418c-a0c6-e1477b4e10c3: shutdown FollowerState
2019-10-19 00:50:06,218 [Thread-560] INFO  impl.FollowerState (FollowerState.java:run(117)) - 67511f02-1a53-40d3-ad7c-17f75ce9e42c@group-2DDA05B3685C-FollowerState was interrupted: java.lang.InterruptedException: sleep interrupted
2019-10-19 00:50:06,218 [grpc-default-executor-0] INFO  impl.RoleInfo (RoleInfo.java:updateAndGet(143)) - b6ed77c0-0909-418c-a0c6-e1477b4e10c3: start FollowerState
2019-10-19 00:50:06,218 [grpc-default-executor-1] INFO  impl.RoleInfo (RoleInfo.java:updateAndGet(143)) - 67511f02-1a53-40d3-ad7c-17f75ce9e42c: start FollowerState
2019-10-19 00:50:06,218 [Thread-561] INFO  impl.FollowerState (FollowerState.java:run(117)) - b6ed77c0-0909-418c-a0c6-e1477b4e10c3@group-2DDA05B3685C-FollowerState was interrupted: java.lang.InterruptedException: sleep interrupted
2019-10-19 00:50:06,228 [aac91d0e-90b3-4924-955b-30866d4fff78@group-2DDA05B3685C-LeaderElection9] INFO  impl.LeaderElection (LeaderElection.java:logAndReturn(56)) - aac91d0e-90b3-4924-955b-30866d4fff78@group-2DDA05B3685C-LeaderElection9: Election REJECTED; received 2 response(s) [aac91d0e-90b3-4924-955b-30866d4fff78<-67511f02-1a53-40d3-ad7c-17f75ce9e42c#0:FAIL-t5, aac91d0e-90b3-4924-955b-30866d4fff78<-b6ed77c0-0909-418c-a0c6-e1477b4e10c3#0:FAIL-t5] and 0 exception(s); aac91d0e-90b3-4924-955b-30866d4fff78@group-2DDA05B3685C:t5, leader=null, voted=aac91d0e-90b3-4924-955b-30866d4fff78, raftlog=aac91d0e-90b3-4924-955b-30866d4fff78@group-2DDA05B3685C-SegmentedRaftLog:OPENED:c3,f4,i4, conf=0: [67511f02-1a53-40d3-ad7c-17f75ce9e42c:192.168.157.213:45560, aac91d0e-90b3-4924-955b-30866d4fff78:192.168.157.213:41659, b6ed77c0-0909-418c-a0c6-e1477b4e10c3:192.168.157.213:33232], old=null
2019-10-19 00:50:06,228 [aac91d0e-90b3-4924-955b-30866d4fff78@group-2DDA05B3685C-LeaderElection9] INFO  impl.RaftServerImpl (RaftServerImpl.java:setRole(184)) - aac91d0e-90b3-4924-955b-30866d4fff78@group-2DDA05B3685C: changes role from CANDIDATE to FOLLOWER at term 5 for DISCOVERED_A_NEW_TERM
2019-10-19 00:50:06,235 [aac91d0e-90b3-4924-955b-30866d4fff78@group-2DDA05B3685C-LeaderElection9] INFO  impl.RoleInfo (RoleInfo.java:shutdownLeaderElection(134)) - aac91d0e-90b3-4924-955b-30866d4fff78: shutdown LeaderElection
2019-10-19 00:50:06,235 [aac91d0e-90b3-4924-955b-30866d4fff78@group-2DDA05B3685C-LeaderElection9] INFO  impl.RoleInfo (RoleInfo.java:updateAndGet(143)) - aac91d0e-90b3-4924-955b-30866d4fff78: start FollowerState
2019-10-19 00:50:06,292 [BlockDeletingService#2] WARN  background.BlockDeletingService (BlockDeletingService.java:isDeletionAllowed(187)) - Close Container log Index 6 is not replicated across allthe servers in the pipeline 2739136e-9e24-467a-9fde-2dda05b3685c as the min replicated index is 4. Deletion is not allowed in this container yet.
2019-10-19 00:50:06,294 [BlockDeletingService#2] WARN  background.BlockDeletingService (BlockDeletingService.java:isDeletionAllowed(187)) - Close Container log Index 6 is not replicated across allthe servers in the pipeline 2739136e-9e24-467a-9fde-2dda05b3685c as the min replicated index is 4. Deletion is not allowed in this container yet.
2019-10-19 00:50:06,411 [Thread-568] INFO  impl.FollowerState (FollowerState.java:run(108)) - aac91d0e-90b3-4924-955b-30866d4fff78@group-2DDA05B3685C-FollowerState: change to CANDIDATE, lastRpcTime:175ms, electionTimeout:175ms
2019-10-19 00:50:06,411 [Thread-568] INFO  impl.RoleInfo (RoleInfo.java:shutdownFollowerState(121)) - aac91d0e-90b3-4924-955b-30866d4fff78: shutdown FollowerState
2019-10-19 00:50:06,411 [Thread-568] INFO  impl.RaftServerImpl (RaftServerImpl.java:setRole(184)) - aac91d0e-90b3-4924-955b-30866d4fff78@group-2DDA05B3685C: changes role from  FOLLOWER to CANDIDATE at term 5 for changeToCandidate
2019-10-19 00:50:06,411 [Thread-568] INFO  impl.RoleInfo (RoleInfo.java:updateAndGet(143)) - aac91d0e-90b3-4924-955b-30866d4fff78: start LeaderElection
2019-10-19 00:50:06,422 [aac91d0e-90b3-4924-955b-30866d4fff78@group-2DDA05B3685C-LeaderElection10] INFO  impl.LeaderElection (LeaderElection.java:askForVotes(178)) - aac91d0e-90b3-4924-955b-30866d4fff78@group-2DDA05B3685C-LeaderElection10: begin an election at term 6 for 0: [67511f02-1a53-40d3-ad7c-17f75ce9e42c:192.168.157.213:45560, aac91d0e-90b3-4924-955b-30866d4fff78:192.168.157.213:41659, b6ed77c0-0909-418c-a0c6-e1477b4e10c3:192.168.157.213:33232], old=null
2019-10-19 00:50:06,426 [grpc-default-executor-0] INFO  impl.RaftServerImpl (RaftServerImpl.java:setRole(184)) - 67511f02-1a53-40d3-ad7c-17f75ce9e42c@group-2DDA05B3685C: changes role from  FOLLOWER to FOLLOWER at term 6 for recognizeCandidate:aac91d0e-90b3-4924-955b-30866d4fff78
2019-10-19 00:50:06,426 [grpc-default-executor-1] INFO  impl.RaftServerImpl (RaftServerImpl.java:setRole(184)) - b6ed77c0-0909-418c-a0c6-e1477b4e10c3@group-2DDA05B3685C: changes role from  FOLLOWER to FOLLOWER at term 6 for recognizeCandidate:aac91d0e-90b3-4924-955b-30866d4fff78
2019-10-19 00:50:06,427 [grpc-default-executor-0] INFO  impl.RoleInfo (RoleInfo.java:shutdownFollowerState(121)) - 67511f02-1a53-40d3-ad7c-17f75ce9e42c: shutdown FollowerState
2019-10-19 00:50:06,427 [grpc-default-executor-1] INFO  impl.RoleInfo (RoleInfo.java:shutdownFollowerState(121)) - b6ed77c0-0909-418c-a0c6-e1477b4e10c3: shutdown FollowerState
2019-10-19 00:50:06,427 [grpc-default-executor-0] INFO  impl.RoleInfo (RoleInfo.java:updateAndGet(143)) - 67511f02-1a53-40d3-ad7c-17f75ce9e42c: start FollowerState
2019-10-19 00:50:06,427 [Thread-566] INFO  impl.FollowerState (FollowerState.java:run(117)) - 67511f02-1a53-40d3-ad7c-17f75ce9e42c@group-2DDA05B3685C-FollowerState was interrupted: java.lang.InterruptedException: sleep interrupted
2019-10-19 00:50:06,427 [grpc-default-executor-1] INFO  impl.RoleInfo (RoleInfo.java:updateAndGet(143)) - b6ed77c0-0909-418c-a0c6-e1477b4e10c3: start FollowerState
2019-10-19 00:50:06,427 [Thread-567] INFO  impl.FollowerState (FollowerState.java:run(117)) - b6ed77c0-0909-418c-a0c6-e1477b4e10c3@group-2DDA05B3685C-FollowerState was interrupted: java.lang.InterruptedException: sleep interrupted
2019-10-19 00:50:06,463 [aac91d0e-90b3-4924-955b-30866d4fff78@group-2DDA05B3685C-LeaderElection10] INFO  impl.LeaderElection (LeaderElection.java:logAndReturn(56)) - aac91d0e-90b3-4924-955b-30866d4fff78@group-2DDA05B3685C-LeaderElection10: Election REJECTED; received 2 response(s) [aac91d0e-90b3-4924-955b-30866d4fff78<-67511f02-1a53-40d3-ad7c-17f75ce9e42c#0:FAIL-t6, aac91d0e-90b3-4924-955b-30866d4fff78<-b6ed77c0-0909-418c-a0c6-e1477b4e10c3#0:FAIL-t6] and 0 exception(s); aac91d0e-90b3-4924-955b-30866d4fff78@group-2DDA05B3685C:t6, leader=null, voted=aac91d0e-90b3-4924-955b-30866d4fff78, raftlog=aac91d0e-90b3-4924-955b-30866d4fff78@group-2DDA05B3685C-SegmentedRaftLog:OPENED:c3,f4,i4, conf=0: [67511f02-1a53-40d3-ad7c-17f75ce9e42c:192.168.157.213:45560, aac91d0e-90b3-4924-955b-30866d4fff78:192.168.157.213:41659, b6ed77c0-0909-418c-a0c6-e1477b4e10c3:192.168.157.213:33232], old=null
2019-10-19 00:50:06,463 [aac91d0e-90b3-4924-955b-30866d4fff78@group-2DDA05B3685C-LeaderElection10] INFO  impl.RaftServerImpl (RaftServerImpl.java:setRole(184)) - aac91d0e-90b3-4924-955b-30866d4fff78@group-2DDA05B3685C: changes role from CANDIDATE to FOLLOWER at term 6 for DISCOVERED_A_NEW_TERM
2019-10-19 00:50:06,464 [aac91d0e-90b3-4924-955b-30866d4fff78@group-2DDA05B3685C-LeaderElection10] INFO  impl.RoleInfo (RoleInfo.java:shutdownLeaderElection(134)) - aac91d0e-90b3-4924-955b-30866d4fff78: shutdown LeaderElection
2019-10-19 00:50:06,464 [aac91d0e-90b3-4924-955b-30866d4fff78@group-2DDA05B3685C-LeaderElection10] INFO  impl.RoleInfo (RoleInfo.java:updateAndGet(143)) - aac91d0e-90b3-4924-955b-30866d4fff78: start FollowerState
2019-10-19 00:50:06,606 [Thread-576] INFO  impl.FollowerState (FollowerState.java:run(108)) - aac91d0e-90b3-4924-955b-30866d4fff78@group-2DDA05B3685C-FollowerState: change to CANDIDATE, lastRpcTime:141ms, electionTimeout:140ms
2019-10-19 00:50:06,607 [Thread-576] INFO  impl.RoleInfo (RoleInfo.java:shutdownFollowerState(121)) - aac91d0e-90b3-4924-955b-30866d4fff78: shutdown FollowerState
2019-10-19 00:50:06,607 [Thread-576] INFO  impl.RaftServerImpl (RaftServerImpl.java:setRole(184)) - aac91d0e-90b3-4924-955b-30866d4fff78@group-2DDA05B3685C: changes role from  FOLLOWER to CANDIDATE at term 6 for changeToCandidate
2019-10-19 00:50:06,607 [Thread-576] INFO  impl.RoleInfo (RoleInfo.java:updateAndGet(143)) - aac91d0e-90b3-4924-955b-30866d4fff78: start LeaderElection
2019-10-19 00:50:06,634 [aac91d0e-90b3-4924-955b-30866d4fff78@group-2DDA05B3685C-LeaderElection11] INFO  impl.LeaderElection (LeaderElection.java:askForVotes(178)) - aac91d0e-90b3-4924-955b-30866d4fff78@group-2DDA05B3685C-LeaderElection11: begin an election at term 7 for 0: [67511f02-1a53-40d3-ad7c-17f75ce9e42c:192.168.157.213:45560, aac91d0e-90b3-4924-955b-30866d4fff78:192.168.157.213:41659, b6ed77c0-0909-418c-a0c6-e1477b4e10c3:192.168.157.213:33232], old=null
2019-10-19 00:50:06,638 [grpc-default-executor-0] INFO  impl.RaftServerImpl (RaftServerImpl.java:setRole(184)) - 67511f02-1a53-40d3-ad7c-17f75ce9e42c@group-2DDA05B3685C: changes role from  FOLLOWER to FOLLOWER at term 7 for recognizeCandidate:aac91d0e-90b3-4924-955b-30866d4fff78
2019-10-19 00:50:06,638 [grpc-default-executor-1] INFO  impl.RaftServerImpl (RaftServerImpl.java:setRole(184)) - b6ed77c0-0909-418c-a0c6-e1477b4e10c3@group-2DDA05B3685C: changes role from  FOLLOWER to FOLLOWER at term 7 for recognizeCandidate:aac91d0e-90b3-4924-955b-30866d4fff78
2019-10-19 00:50:06,638 [grpc-default-executor-0] INFO  impl.RoleInfo (RoleInfo.java:shutdownFollowerState(121)) - 67511f02-1a53-40d3-ad7c-17f75ce9e42c: shutdown FollowerState
2019-10-19 00:50:06,638 [grpc-default-executor-1] INFO  impl.RoleInfo (RoleInfo.java:shutdownFollowerState(121)) - b6ed77c0-0909-418c-a0c6-e1477b4e10c3: shutdown FollowerState
2019-10-19 00:50:06,638 [Thread-574] INFO  impl.FollowerState (FollowerState.java:run(117)) - 67511f02-1a53-40d3-ad7c-17f75ce9e42c@group-2DDA05B3685C-FollowerState was interrupted: java.lang.InterruptedException: sleep interrupted
2019-10-19 00:50:06,639 [grpc-default-executor-1] INFO  impl.RoleInfo (RoleInfo.java:updateAndGet(143)) - b6ed77c0-0909-418c-a0c6-e1477b4e10c3: start FollowerState
2019-10-19 00:50:06,638 [grpc-default-executor-0] INFO  impl.RoleInfo (RoleInfo.java:updateAndGet(143)) - 67511f02-1a53-40d3-ad7c-17f75ce9e42c: start FollowerState
2019-10-19 00:50:06,639 [Thread-575] INFO  impl.FollowerState (FollowerState.java:run(117)) - b6ed77c0-0909-418c-a0c6-e1477b4e10c3@group-2DDA05B3685C-FollowerState was interrupted: java.lang.InterruptedException: sleep interrupted
2019-10-19 00:50:06,721 [aac91d0e-90b3-4924-955b-30866d4fff78@group-2DDA05B3685C-LeaderElection11] INFO  impl.LeaderElection (LeaderElection.java:logAndReturn(56)) - aac91d0e-90b3-4924-955b-30866d4fff78@group-2DDA05B3685C-LeaderElection11: Election REJECTED; received 2 response(s) [aac91d0e-90b3-4924-955b-30866d4fff78<-67511f02-1a53-40d3-ad7c-17f75ce9e42c#0:FAIL-t7, aac91d0e-90b3-4924-955b-30866d4fff78<-b6ed77c0-0909-418c-a0c6-e1477b4e10c3#0:FAIL-t7] and 0 exception(s); aac91d0e-90b3-4924-955b-30866d4fff78@group-2DDA05B3685C:t7, leader=null, voted=aac91d0e-90b3-4924-955b-30866d4fff78, raftlog=aac91d0e-90b3-4924-955b-30866d4fff78@group-2DDA05B3685C-SegmentedRaftLog:OPENED:c3,f4,i4, conf=0: [67511f02-1a53-40d3-ad7c-17f75ce9e42c:192.168.157.213:45560, aac91d0e-90b3-4924-955b-30866d4fff78:192.168.157.213:41659, b6ed77c0-0909-418c-a0c6-e1477b4e10c3:192.168.157.213:33232], old=null
2019-10-19 00:50:06,722 [aac91d0e-90b3-4924-955b-30866d4fff78@group-2DDA05B3685C-LeaderElection11] INFO  impl.RaftServerImpl (RaftServerImpl.java:setRole(184)) - aac91d0e-90b3-4924-955b-30866d4fff78@group-2DDA05B3685C: changes role from CANDIDATE to FOLLOWER at term 7 for DISCOVERED_A_NEW_TERM
2019-10-19 00:50:06,726 [aac91d0e-90b3-4924-955b-30866d4fff78@group-2DDA05B3685C-LeaderElection11] INFO  impl.RoleInfo (RoleInfo.java:shutdownLeaderElection(134)) - aac91d0e-90b3-4924-955b-30866d4fff78: shutdown LeaderElection
2019-10-19 00:50:06,728 [aac91d0e-90b3-4924-955b-30866d4fff78@group-2DDA05B3685C-LeaderElection11] INFO  impl.RoleInfo (RoleInfo.java:updateAndGet(143)) - aac91d0e-90b3-4924-955b-30866d4fff78: start FollowerState
2019-10-19 00:50:06,799 [Thread-582] INFO  impl.FollowerState (FollowerState.java:run(108)) - aac91d0e-90b3-4924-955b-30866d4fff78@group-2DDA05B3685C-FollowerState: change to CANDIDATE, lastRpcTime:71ms, electionTimeout:70ms
2019-10-19 00:50:06,800 [Thread-582] INFO  impl.RoleInfo (RoleInfo.java:shutdownFollowerState(121)) - aac91d0e-90b3-4924-955b-30866d4fff78: shutdown FollowerState
2019-10-19 00:50:06,800 [Thread-582] INFO  impl.RaftServerImpl (RaftServerImpl.java:setRole(184)) - aac91d0e-90b3-4924-955b-30866d4fff78@group-2DDA05B3685C: changes role from  FOLLOWER to CANDIDATE at term 7 for changeToCandidate
2019-10-19 00:50:06,801 [Thread-582] INFO  impl.RoleInfo (RoleInfo.java:updateAndGet(143)) - aac91d0e-90b3-4924-955b-30866d4fff78: start LeaderElection
2019-10-19 00:50:06,802 [pool-7-thread-1] INFO  commands.RetriableDatanodeEventWatcher (RetriableDatanodeEventWatcher.java:onTimeout(47)) - RetriableDatanodeCommand type=deleteBlocksCommand with id=1571446202802 timed out. Retrying.
2019-10-19 00:50:06,802 [pool-7-thread-1] INFO  commands.RetriableDatanodeEventWatcher (RetriableDatanodeEventWatcher.java:onTimeout(47)) - RetriableDatanodeCommand type=deleteBlocksCommand with id=1571446202805 timed out. Retrying.
2019-10-19 00:50:06,802 [pool-7-thread-2] INFO  commands.RetriableDatanodeEventWatcher (RetriableDatanodeEventWatcher.java:onTimeout(47)) - RetriableDatanodeCommand type=deleteBlocksCommand with id=1571446202804 timed out. Retrying.
2019-10-19 00:50:06,803 [pool-7-thread-2] INFO  commands.RetriableDatanodeEventWatcher (RetriableDatanodeEventWatcher.java:onTimeout(47)) - RetriableDatanodeCommand type=deleteBlocksCommand with id=1571446202800 timed out. Retrying.
2019-10-19 00:50:06,804 [SCMBlockDeletingService#1] INFO  block.SCMBlockDeletingService (SCMBlockDeletingService.java:call(184)) - Totally added 1 delete blocks command for 1 datanodes, task elapsed time: 0ms
2019-10-19 00:50:06,836 [aac91d0e-90b3-4924-955b-30866d4fff78@group-2DDA05B3685C-LeaderElection12] INFO  impl.LeaderElection (LeaderElection.java:askForVotes(178)) - aac91d0e-90b3-4924-955b-30866d4fff78@group-2DDA05B3685C-LeaderElection12: begin an election at term 8 for 0: [67511f02-1a53-40d3-ad7c-17f75ce9e42c:192.168.157.213:45560, aac91d0e-90b3-4924-955b-30866d4fff78:192.168.157.213:41659, b6ed77c0-0909-418c-a0c6-e1477b4e10c3:192.168.157.213:33232], old=null
2019-10-19 00:50:06,840 [grpc-default-executor-0] INFO  impl.RaftServerImpl (RaftServerImpl.java:setRole(184)) - b6ed77c0-0909-418c-a0c6-e1477b4e10c3@group-2DDA05B3685C: changes role from  FOLLOWER to FOLLOWER at term 8 for recognizeCandidate:aac91d0e-90b3-4924-955b-30866d4fff78
2019-10-19 00:50:06,840 [grpc-default-executor-0] INFO  impl.RoleInfo (RoleInfo.java:shutdownFollowerState(121)) - b6ed77c0-0909-418c-a0c6-e1477b4e10c3: shutdown FollowerState
2019-10-19 00:50:06,840 [grpc-default-executor-1] INFO  impl.RaftServerImpl (RaftServerImpl.java:setRole(184)) - 67511f02-1a53-40d3-ad7c-17f75ce9e42c@group-2DDA05B3685C: changes role from  FOLLOWER to FOLLOWER at term 8 for recognizeCandidate:aac91d0e-90b3-4924-955b-30866d4fff78
2019-10-19 00:50:06,840 [grpc-default-executor-0] INFO  impl.RoleInfo (RoleInfo.java:updateAndGet(143)) - b6ed77c0-0909-418c-a0c6-e1477b4e10c3: start FollowerState
2019-10-19 00:50:06,840 [Thread-581] INFO  impl.FollowerState (FollowerState.java:run(117)) - b6ed77c0-0909-418c-a0c6-e1477b4e10c3@group-2DDA05B3685C-FollowerState was interrupted: java.lang.InterruptedException: sleep interrupted
2019-10-19 00:50:06,840 [grpc-default-executor-1] INFO  impl.RoleInfo (RoleInfo.java:shutdownFollowerState(121)) - 67511f02-1a53-40d3-ad7c-17f75ce9e42c: shutdown FollowerState
2019-10-19 00:50:06,841 [grpc-default-executor-1] INFO  impl.RoleInfo (RoleInfo.java:updateAndGet(143)) - 67511f02-1a53-40d3-ad7c-17f75ce9e42c: start FollowerState
2019-10-19 00:50:06,841 [Thread-580] INFO  impl.FollowerState (FollowerState.java:run(117)) - 67511f02-1a53-40d3-ad7c-17f75ce9e42c@group-2DDA05B3685C-FollowerState was interrupted: java.lang.InterruptedException: sleep interrupted
2019-10-19 00:50:06,855 [aac91d0e-90b3-4924-955b-30866d4fff78@group-2DDA05B3685C-LeaderElection12] INFO  impl.LeaderElection (LeaderElection.java:logAndReturn(56)) - aac91d0e-90b3-4924-955b-30866d4fff78@group-2DDA05B3685C-LeaderElection12: Election REJECTED; received 2 response(s) [aac91d0e-90b3-4924-955b-30866d4fff78<-67511f02-1a53-40d3-ad7c-17f75ce9e42c#0:FAIL-t8, aac91d0e-90b3-4924-955b-30866d4fff78<-b6ed77c0-0909-418c-a0c6-e1477b4e10c3#0:FAIL-t8] and 0 exception(s); aac91d0e-90b3-4924-955b-30866d4fff78@group-2DDA05B3685C:t8, leader=null, voted=aac91d0e-90b3-4924-955b-30866d4fff78, raftlog=aac91d0e-90b3-4924-955b-30866d4fff78@group-2DDA05B3685C-SegmentedRaftLog:OPENED:c3,f4,i4, conf=0: [67511f02-1a53-40d3-ad7c-17f75ce9e42c:192.168.157.213:45560, aac91d0e-90b3-4924-955b-30866d4fff78:192.168.157.213:41659, b6ed77c0-0909-418c-a0c6-e1477b4e10c3:192.168.157.213:33232], old=null
2019-10-19 00:50:06,856 [aac91d0e-90b3-4924-955b-30866d4fff78@group-2DDA05B3685C-LeaderElection12] INFO  impl.RaftServerImpl (RaftServerImpl.java:setRole(184)) - aac91d0e-90b3-4924-955b-30866d4fff78@group-2DDA05B3685C: changes role from CANDIDATE to FOLLOWER at term 8 for DISCOVERED_A_NEW_TERM
2019-10-19 00:50:06,858 [aac91d0e-90b3-4924-955b-30866d4fff78@group-2DDA05B3685C-LeaderElection12] INFO  impl.RoleInfo (RoleInfo.java:shutdownLeaderElection(134)) - aac91d0e-90b3-4924-955b-30866d4fff78: shutdown LeaderElection
2019-10-19 00:50:06,858 [aac91d0e-90b3-4924-955b-30866d4fff78@group-2DDA05B3685C-LeaderElection12] INFO  impl.RoleInfo (RoleInfo.java:updateAndGet(143)) - aac91d0e-90b3-4924-955b-30866d4fff78: start FollowerState
2019-10-19 00:50:06,901 [Thread-588] INFO  impl.FollowerState (FollowerState.java:run(108)) - aac91d0e-90b3-4924-955b-30866d4fff78@group-2DDA05B3685C-FollowerState: change to CANDIDATE, lastRpcTime:42ms, electionTimeout:42ms
2019-10-19 00:50:06,902 [Thread-588] INFO  impl.RoleInfo (RoleInfo.java:shutdownFollowerState(121)) - aac91d0e-90b3-4924-955b-30866d4fff78: shutdown FollowerState
2019-10-19 00:50:06,902 [Thread-588] INFO  impl.RaftServerImpl (RaftServerImpl.java:setRole(184)) - aac91d0e-90b3-4924-955b-30866d4fff78@group-2DDA05B3685C: changes role from  FOLLOWER to CANDIDATE at term 8 for changeToCandidate
2019-10-19 00:50:06,902 [Thread-588] INFO  impl.RoleInfo (RoleInfo.java:updateAndGet(143)) - aac91d0e-90b3-4924-955b-30866d4fff78: start LeaderElection
2019-10-19 00:50:06,916 [aac91d0e-90b3-4924-955b-30866d4fff78@group-2DDA05B3685C-LeaderElection13] INFO  impl.LeaderElection (LeaderElection.java:askForVotes(178)) - aac91d0e-90b3-4924-955b-30866d4fff78@group-2DDA05B3685C-LeaderElection13: begin an election at term 9 for 0: [67511f02-1a53-40d3-ad7c-17f75ce9e42c:192.168.157.213:45560, aac91d0e-90b3-4924-955b-30866d4fff78:192.168.157.213:41659, b6ed77c0-0909-418c-a0c6-e1477b4e10c3:192.168.157.213:33232], old=null
2019-10-19 00:50:06,920 [grpc-default-executor-1] INFO  impl.RaftServerImpl (RaftServerImpl.java:setRole(184)) - 67511f02-1a53-40d3-ad7c-17f75ce9e42c@group-2DDA05B3685C: changes role from  FOLLOWER to FOLLOWER at term 9 for recognizeCandidate:aac91d0e-90b3-4924-955b-30866d4fff78
2019-10-19 00:50:06,920 [grpc-default-executor-0] INFO  impl.RaftServerImpl (RaftServerImpl.java:setRole(184)) - b6ed77c0-0909-418c-a0c6-e1477b4e10c3@group-2DDA05B3685C: changes role from  FOLLOWER to FOLLOWER at term 9 for recognizeCandidate:aac91d0e-90b3-4924-955b-30866d4fff78
2019-10-19 00:50:06,920 [grpc-default-executor-1] INFO  impl.RoleInfo (RoleInfo.java:shutdownFollowerState(121)) - 67511f02-1a53-40d3-ad7c-17f75ce9e42c: shutdown FollowerState
2019-10-19 00:50:06,920 [grpc-default-executor-0] INFO  impl.RoleInfo (RoleInfo.java:shutdownFollowerState(121)) - b6ed77c0-0909-418c-a0c6-e1477b4e10c3: shutdown FollowerState
2019-10-19 00:50:06,920 [grpc-default-executor-1] INFO  impl.RoleInfo (RoleInfo.java:updateAndGet(143)) - 67511f02-1a53-40d3-ad7c-17f75ce9e42c: start FollowerState
2019-10-19 00:50:06,920 [Thread-587] INFO  impl.FollowerState (FollowerState.java:run(117)) - 67511f02-1a53-40d3-ad7c-17f75ce9e42c@group-2DDA05B3685C-FollowerState was interrupted: java.lang.InterruptedException: sleep interrupted
2019-10-19 00:50:06,920 [Thread-586] INFO  impl.FollowerState (FollowerState.java:run(117)) - b6ed77c0-0909-418c-a0c6-e1477b4e10c3@group-2DDA05B3685C-FollowerState was interrupted: java.lang.InterruptedException: sleep interrupted
2019-10-19 00:50:06,920 [grpc-default-executor-0] INFO  impl.RoleInfo (RoleInfo.java:updateAndGet(143)) - b6ed77c0-0909-418c-a0c6-e1477b4e10c3: start FollowerState
2019-10-19 00:50:06,948 [aac91d0e-90b3-4924-955b-30866d4fff78@group-2DDA05B3685C-LeaderElection13] INFO  impl.LeaderElection (LeaderElection.java:logAndReturn(56)) - aac91d0e-90b3-4924-955b-30866d4fff78@group-2DDA05B3685C-LeaderElection13: Election REJECTED; received 2 response(s) [aac91d0e-90b3-4924-955b-30866d4fff78<-67511f02-1a53-40d3-ad7c-17f75ce9e42c#0:FAIL-t9, aac91d0e-90b3-4924-955b-30866d4fff78<-b6ed77c0-0909-418c-a0c6-e1477b4e10c3#0:FAIL-t9] and 0 exception(s); aac91d0e-90b3-4924-955b-30866d4fff78@group-2DDA05B3685C:t9, leader=null, voted=aac91d0e-90b3-4924-955b-30866d4fff78, raftlog=aac91d0e-90b3-4924-955b-30866d4fff78@group-2DDA05B3685C-SegmentedRaftLog:OPENED:c3,f4,i4, conf=0: [67511f02-1a53-40d3-ad7c-17f75ce9e42c:192.168.157.213:45560, aac91d0e-90b3-4924-955b-30866d4fff78:192.168.157.213:41659, b6ed77c0-0909-418c-a0c6-e1477b4e10c3:192.168.157.213:33232], old=null
2019-10-19 00:50:06,949 [aac91d0e-90b3-4924-955b-30866d4fff78@group-2DDA05B3685C-LeaderElection13] INFO  impl.RaftServerImpl (RaftServerImpl.java:setRole(184)) - aac91d0e-90b3-4924-955b-30866d4fff78@group-2DDA05B3685C: changes role from CANDIDATE to FOLLOWER at term 9 for DISCOVERED_A_NEW_TERM
2019-10-19 00:50:06,950 [aac91d0e-90b3-4924-955b-30866d4fff78@group-2DDA05B3685C-LeaderElection13] INFO  impl.RoleInfo (RoleInfo.java:shutdownLeaderElection(134)) - aac91d0e-90b3-4924-955b-30866d4fff78: shutdown LeaderElection
2019-10-19 00:50:06,950 [aac91d0e-90b3-4924-955b-30866d4fff78@group-2DDA05B3685C-LeaderElection13] INFO  impl.RoleInfo (RoleInfo.java:updateAndGet(143)) - aac91d0e-90b3-4924-955b-30866d4fff78: start FollowerState
2019-10-19 00:50:06,959 [Thread-595] INFO  impl.FollowerState (FollowerState.java:run(108)) - aac91d0e-90b3-4924-955b-30866d4fff78@group-2DDA05B3685C-FollowerState: change to CANDIDATE, lastRpcTime:8ms, electionTimeout:7ms
2019-10-19 00:50:06,960 [Thread-595] INFO  impl.RoleInfo (RoleInfo.java:shutdownFollowerState(121)) - aac91d0e-90b3-4924-955b-30866d4fff78: shutdown FollowerState
2019-10-19 00:50:06,960 [Thread-595] INFO  impl.RaftServerImpl (RaftServerImpl.java:setRole(184)) - aac91d0e-90b3-4924-955b-30866d4fff78@group-2DDA05B3685C: changes role from  FOLLOWER to CANDIDATE at term 9 for changeToCandidate
2019-10-19 00:50:06,960 [Thread-595] INFO  impl.RoleInfo (RoleInfo.java:updateAndGet(143)) - aac91d0e-90b3-4924-955b-30866d4fff78: start LeaderElection
2019-10-19 00:50:06,976 [aac91d0e-90b3-4924-955b-30866d4fff78@group-2DDA05B3685C-LeaderElection14] INFO  impl.LeaderElection (LeaderElection.java:askForVotes(178)) - aac91d0e-90b3-4924-955b-30866d4fff78@group-2DDA05B3685C-LeaderElection14: begin an election at term 10 for 0: [67511f02-1a53-40d3-ad7c-17f75ce9e42c:192.168.157.213:45560, aac91d0e-90b3-4924-955b-30866d4fff78:192.168.157.213:41659, b6ed77c0-0909-418c-a0c6-e1477b4e10c3:192.168.157.213:33232], old=null
2019-10-19 00:50:06,981 [grpc-default-executor-1] INFO  impl.RaftServerImpl (RaftServerImpl.java:setRole(184)) - b6ed77c0-0909-418c-a0c6-e1477b4e10c3@group-2DDA05B3685C: changes role from  FOLLOWER to FOLLOWER at term 10 for recognizeCandidate:aac91d0e-90b3-4924-955b-30866d4fff78
2019-10-19 00:50:06,981 [grpc-default-executor-0] INFO  impl.RaftServerImpl (RaftServerImpl.java:setRole(184)) - 67511f02-1a53-40d3-ad7c-17f75ce9e42c@group-2DDA05B3685C: changes role from  FOLLOWER to FOLLOWER at term 10 for recognizeCandidate:aac91d0e-90b3-4924-955b-30866d4fff78
2019-10-19 00:50:06,981 [grpc-default-executor-1] INFO  impl.RoleInfo (RoleInfo.java:shutdownFollowerState(121)) - b6ed77c0-0909-418c-a0c6-e1477b4e10c3: shutdown FollowerState
2019-10-19 00:50:06,981 [grpc-default-executor-0] INFO  impl.RoleInfo (RoleInfo.java:shutdownFollowerState(121)) - 67511f02-1a53-40d3-ad7c-17f75ce9e42c: shutdown FollowerState
2019-10-19 00:50:06,981 [grpc-default-executor-1] INFO  impl.RoleInfo (RoleInfo.java:updateAndGet(143)) - b6ed77c0-0909-418c-a0c6-e1477b4e10c3: start FollowerState
2019-10-19 00:50:06,981 [grpc-default-executor-0] INFO  impl.RoleInfo (RoleInfo.java:updateAndGet(143)) - 67511f02-1a53-40d3-ad7c-17f75ce9e42c: start FollowerState
2019-10-19 00:50:06,981 [Thread-592] INFO  impl.FollowerState (FollowerState.java:run(117)) - 67511f02-1a53-40d3-ad7c-17f75ce9e42c@group-2DDA05B3685C-FollowerState was interrupted: java.lang.InterruptedException: sleep interrupted
2019-10-19 00:50:06,981 [Thread-593] INFO  impl.FollowerState (FollowerState.java:run(117)) - b6ed77c0-0909-418c-a0c6-e1477b4e10c3@group-2DDA05B3685C-FollowerState was interrupted: java.lang.InterruptedException: sleep interrupted
2019-10-19 00:50:06,982 [Thread-602] INFO  client.GrpcClientProtocolService (GrpcClientProtocolService.java:lambda$processClientRequest$0(278)) - Failed RaftClientRequest:client-5C1DDA748651->67511f02-1a53-40d3-ad7c-17f75ce9e42c@group-2DDA05B3685C, cid=10, seq=0, Watch-ALL_COMMITTED(6), Message:<EMPTY>, reply=RaftClientReply:client-5C1DDA748651->67511f02-1a53-40d3-ad7c-17f75ce9e42c@group-2DDA05B3685C, cid=10, FAILED org.apache.ratis.protocol.NotLeaderException: Server 67511f02-1a53-40d3-ad7c-17f75ce9e42c@group-2DDA05B3685C is not the leader, logIndex=0, commits[67511f02-1a53-40d3-ad7c-17f75ce9e42c:c10, aac91d0e-90b3-4924-955b-30866d4fff78:c4, b6ed77c0-0909-418c-a0c6-e1477b4e10c3:c10]
2019-10-19 00:50:06,989 [aac91d0e-90b3-4924-955b-30866d4fff78@group-2DDA05B3685C-LeaderElection14] INFO  impl.LeaderElection (LeaderElection.java:logAndReturn(56)) - aac91d0e-90b3-4924-955b-30866d4fff78@group-2DDA05B3685C-LeaderElection14: Election TIMEOUT; received 0 response(s) [] and 0 exception(s); aac91d0e-90b3-4924-955b-30866d4fff78@group-2DDA05B3685C:t10, leader=null, voted=aac91d0e-90b3-4924-955b-30866d4fff78, raftlog=aac91d0e-90b3-4924-955b-30866d4fff78@group-2DDA05B3685C-SegmentedRaftLog:OPENED:c3,f4,i4, conf=0: [67511f02-1a53-40d3-ad7c-17f75ce9e42c:192.168.157.213:45560, aac91d0e-90b3-4924-955b-30866d4fff78:192.168.157.213:41659, b6ed77c0-0909-418c-a0c6-e1477b4e10c3:192.168.157.213:33232], old=null
2019-10-19 00:50:07,007 [aac91d0e-90b3-4924-955b-30866d4fff78@group-2DDA05B3685C-LeaderElection14] INFO  impl.LeaderElection (LeaderElection.java:askForVotes(178)) - aac91d0e-90b3-4924-955b-30866d4fff78@group-2DDA05B3685C-LeaderElection14: begin an election at term 11 for 0: [67511f02-1a53-40d3-ad7c-17f75ce9e42c:192.168.157.213:45560, aac91d0e-90b3-4924-955b-30866d4fff78:192.168.157.213:41659, b6ed77c0-0909-418c-a0c6-e1477b4e10c3:192.168.157.213:33232], old=null
2019-10-19 00:50:07,013 [grpc-default-executor-1] INFO  impl.RaftServerImpl (RaftServerImpl.java:setRole(184)) - 67511f02-1a53-40d3-ad7c-17f75ce9e42c@group-2DDA05B3685C: changes role from  FOLLOWER to FOLLOWER at term 11 for recognizeCandidate:aac91d0e-90b3-4924-955b-30866d4fff78
2019-10-19 00:50:07,013 [grpc-default-executor-0] INFO  impl.RaftServerImpl (RaftServerImpl.java:setRole(184)) - b6ed77c0-0909-418c-a0c6-e1477b4e10c3@group-2DDA05B3685C: changes role from  FOLLOWER to FOLLOWER at term 11 for recognizeCandidate:aac91d0e-90b3-4924-955b-30866d4fff78
2019-10-19 00:50:07,013 [grpc-default-executor-1] INFO  impl.RoleInfo (RoleInfo.java:shutdownFollowerState(121)) - 67511f02-1a53-40d3-ad7c-17f75ce9e42c: shutdown FollowerState
2019-10-19 00:50:07,013 [grpc-default-executor-0] INFO  impl.RoleInfo (RoleInfo.java:shutdownFollowerState(121)) - b6ed77c0-0909-418c-a0c6-e1477b4e10c3: shutdown FollowerState
2019-10-19 00:50:07,013 [Thread-601] INFO  impl.FollowerState (FollowerState.java:run(117)) - 67511f02-1a53-40d3-ad7c-17f75ce9e42c@group-2DDA05B3685C-FollowerState was interrupted: java.lang.InterruptedException: sleep interrupted
2019-10-19 00:50:07,014 [Thread-600] INFO  impl.FollowerState (FollowerState.java:run(117)) - b6ed77c0-0909-418c-a0c6-e1477b4e10c3@group-2DDA05B3685C-FollowerState was interrupted: java.lang.InterruptedException: sleep interrupted
2019-10-19 00:50:07,013 [grpc-default-executor-1] INFO  impl.RoleInfo (RoleInfo.java:updateAndGet(143)) - 67511f02-1a53-40d3-ad7c-17f75ce9e42c: start FollowerState
2019-10-19 00:50:07,014 [grpc-default-executor-0] INFO  impl.RoleInfo (RoleInfo.java:updateAndGet(143)) - b6ed77c0-0909-418c-a0c6-e1477b4e10c3: start FollowerState
2019-10-19 00:50:07,026 [aac91d0e-90b3-4924-955b-30866d4fff78@group-2DDA05B3685C-LeaderElection14] INFO  impl.LeaderElection (LeaderElection.java:logAndReturn(56)) - aac91d0e-90b3-4924-955b-30866d4fff78@group-2DDA05B3685C-LeaderElection14: Election TIMEOUT; received 0 response(s) [] and 0 exception(s); aac91d0e-90b3-4924-955b-30866d4fff78@group-2DDA05B3685C:t11, leader=null, voted=aac91d0e-90b3-4924-955b-30866d4fff78, raftlog=aac91d0e-90b3-4924-955b-30866d4fff78@group-2DDA05B3685C-SegmentedRaftLog:OPENED:c3,f4,i4, conf=0: [67511f02-1a53-40d3-ad7c-17f75ce9e42c:192.168.157.213:45560, aac91d0e-90b3-4924-955b-30866d4fff78:192.168.157.213:41659, b6ed77c0-0909-418c-a0c6-e1477b4e10c3:192.168.157.213:33232], old=null
2019-10-19 00:50:07,039 [aac91d0e-90b3-4924-955b-30866d4fff78@group-2DDA05B3685C-LeaderElection14] INFO  impl.LeaderElection (LeaderElection.java:askForVotes(178)) - aac91d0e-90b3-4924-955b-30866d4fff78@group-2DDA05B3685C-LeaderElection14: begin an election at term 12 for 0: [67511f02-1a53-40d3-ad7c-17f75ce9e42c:192.168.157.213:45560, aac91d0e-90b3-4924-955b-30866d4fff78:192.168.157.213:41659, b6ed77c0-0909-418c-a0c6-e1477b4e10c3:192.168.157.213:33232], old=null
2019-10-19 00:50:07,042 [grpc-default-executor-0] INFO  impl.RaftServerImpl (RaftServerImpl.java:setRole(184)) - 67511f02-1a53-40d3-ad7c-17f75ce9e42c@group-2DDA05B3685C: changes role from  FOLLOWER to FOLLOWER at term 12 for recognizeCandidate:aac91d0e-90b3-4924-955b-30866d4fff78
2019-10-19 00:50:07,042 [grpc-default-executor-0] INFO  impl.RoleInfo (RoleInfo.java:shutdownFollowerState(121)) - 67511f02-1a53-40d3-ad7c-17f75ce9e42c: shutdown FollowerState
2019-10-19 00:50:07,042 [grpc-default-executor-1] INFO  impl.RaftServerImpl (RaftServerImpl.java:setRole(184)) - b6ed77c0-0909-418c-a0c6-e1477b4e10c3@group-2DDA05B3685C: changes role from  FOLLOWER to FOLLOWER at term 12 for recognizeCandidate:aac91d0e-90b3-4924-955b-30866d4fff78
2019-10-19 00:50:07,043 [grpc-default-executor-0] INFO  impl.RoleInfo (RoleInfo.java:updateAndGet(143)) - 67511f02-1a53-40d3-ad7c-17f75ce9e42c: start FollowerState
2019-10-19 00:50:07,043 [Thread-606] INFO  impl.FollowerState (FollowerState.java:run(117)) - 67511f02-1a53-40d3-ad7c-17f75ce9e42c@group-2DDA05B3685C-FollowerState was interrupted: java.lang.InterruptedException: sleep interrupted
2019-10-19 00:50:07,043 [grpc-default-executor-1] INFO  impl.RoleInfo (RoleInfo.java:shutdownFollowerState(121)) - b6ed77c0-0909-418c-a0c6-e1477b4e10c3: shutdown FollowerState
2019-10-19 00:50:07,044 [Thread-607] INFO  impl.FollowerState (FollowerState.java:run(117)) - b6ed77c0-0909-418c-a0c6-e1477b4e10c3@group-2DDA05B3685C-FollowerState was interrupted: java.lang.InterruptedException: sleep interrupted
2019-10-19 00:50:07,044 [grpc-default-executor-1] INFO  impl.RoleInfo (RoleInfo.java:updateAndGet(143)) - b6ed77c0-0909-418c-a0c6-e1477b4e10c3: start FollowerState
2019-10-19 00:50:07,064 [aac91d0e-90b3-4924-955b-30866d4fff78@group-2DDA05B3685C-LeaderElection14] INFO  impl.LeaderElection (LeaderElection.java:logAndReturn(56)) - aac91d0e-90b3-4924-955b-30866d4fff78@group-2DDA05B3685C-LeaderElection14: Election REJECTED; received 2 response(s) [aac91d0e-90b3-4924-955b-30866d4fff78<-67511f02-1a53-40d3-ad7c-17f75ce9e42c#0:FAIL-t12, aac91d0e-90b3-4924-955b-30866d4fff78<-b6ed77c0-0909-418c-a0c6-e1477b4e10c3#0:FAIL-t12] and 0 exception(s); aac91d0e-90b3-4924-955b-30866d4fff78@group-2DDA05B3685C:t12, leader=null, voted=aac91d0e-90b3-4924-955b-30866d4fff78, raftlog=aac91d0e-90b3-4924-955b-30866d4fff78@group-2DDA05B3685C-SegmentedRaftLog:OPENED:c3,f4,i4, conf=0: [67511f02-1a53-40d3-ad7c-17f75ce9e42c:192.168.157.213:45560, aac91d0e-90b3-4924-955b-30866d4fff78:192.168.157.213:41659, b6ed77c0-0909-418c-a0c6-e1477b4e10c3:192.168.157.213:33232], old=null
2019-10-19 00:50:07,065 [aac91d0e-90b3-4924-955b-30866d4fff78@group-2DDA05B3685C-LeaderElection14] INFO  impl.RaftServerImpl (RaftServerImpl.java:setRole(184)) - aac91d0e-90b3-4924-955b-30866d4fff78@group-2DDA05B3685C: changes role from CANDIDATE to FOLLOWER at term 12 for DISCOVERED_A_NEW_TERM
2019-10-19 00:50:07,066 [aac91d0e-90b3-4924-955b-30866d4fff78@group-2DDA05B3685C-LeaderElection14] INFO  impl.RoleInfo (RoleInfo.java:shutdownLeaderElection(134)) - aac91d0e-90b3-4924-955b-30866d4fff78: shutdown LeaderElection
2019-10-19 00:50:07,066 [aac91d0e-90b3-4924-955b-30866d4fff78@group-2DDA05B3685C-LeaderElection14] INFO  impl.RoleInfo (RoleInfo.java:updateAndGet(143)) - aac91d0e-90b3-4924-955b-30866d4fff78: start FollowerState
2019-10-19 00:50:07,208 [Thread-612] INFO  impl.FollowerState (FollowerState.java:run(108)) - aac91d0e-90b3-4924-955b-30866d4fff78@group-2DDA05B3685C-FollowerState: change to CANDIDATE, lastRpcTime:141ms, electionTimeout:139ms
2019-10-19 00:50:07,209 [Thread-612] INFO  impl.RoleInfo (RoleInfo.java:shutdownFollowerState(121)) - aac91d0e-90b3-4924-955b-30866d4fff78: shutdown FollowerState
2019-10-19 00:50:07,209 [Thread-612] INFO  impl.RaftServerImpl (RaftServerImpl.java:setRole(184)) - aac91d0e-90b3-4924-955b-30866d4fff78@group-2DDA05B3685C: changes role from  FOLLOWER to CANDIDATE at term 12 for changeToCandidate
2019-10-19 00:50:07,209 [Thread-612] INFO  impl.RoleInfo (RoleInfo.java:updateAndGet(143)) - aac91d0e-90b3-4924-955b-30866d4fff78: start LeaderElection
2019-10-19 00:50:07,218 [aac91d0e-90b3-4924-955b-30866d4fff78@group-2DDA05B3685C-LeaderElection15] INFO  impl.LeaderElection (LeaderElection.java:askForVotes(178)) - aac91d0e-90b3-4924-955b-30866d4fff78@group-2DDA05B3685C-LeaderElection15: begin an election at term 13 for 0: [67511f02-1a53-40d3-ad7c-17f75ce9e42c:192.168.157.213:45560, aac91d0e-90b3-4924-955b-30866d4fff78:192.168.157.213:41659, b6ed77c0-0909-418c-a0c6-e1477b4e10c3:192.168.157.213:33232], old=null
2019-10-19 00:50:07,224 [grpc-default-executor-0] INFO  impl.RaftServerImpl (RaftServerImpl.java:setRole(184)) - 67511f02-1a53-40d3-ad7c-17f75ce9e42c@group-2DDA05B3685C: changes role from  FOLLOWER to FOLLOWER at term 13 for recognizeCandidate:aac91d0e-90b3-4924-955b-30866d4fff78
2019-10-19 00:50:07,224 [grpc-default-executor-1] INFO  impl.RaftServerImpl (RaftServerImpl.java:setRole(184)) - b6ed77c0-0909-418c-a0c6-e1477b4e10c3@group-2DDA05B3685C: changes role from  FOLLOWER to FOLLOWER at term 13 for recognizeCandidate:aac91d0e-90b3-4924-955b-30866d4fff78
2019-10-19 00:50:07,224 [grpc-default-executor-0] INFO  impl.RoleInfo (RoleInfo.java:shutdownFollowerState(121)) - 67511f02-1a53-40d3-ad7c-17f75ce9e42c: shutdown FollowerState
2019-10-19 00:50:07,224 [grpc-default-executor-1] INFO  impl.RoleInfo (RoleInfo.java:shutdownFollowerState(121)) - b6ed77c0-0909-418c-a0c6-e1477b4e10c3: shutdown FollowerState
2019-10-19 00:50:07,224 [Thread-610] INFO  impl.FollowerState (FollowerState.java:run(117)) - 67511f02-1a53-40d3-ad7c-17f75ce9e42c@group-2DDA05B3685C-FollowerState was interrupted: java.lang.InterruptedException: sleep interrupted
2019-10-19 00:50:07,224 [Thread-611] INFO  impl.FollowerState (FollowerState.java:run(117)) - b6ed77c0-0909-418c-a0c6-e1477b4e10c3@group-2DDA05B3685C-FollowerState was interrupted: java.lang.InterruptedException: sleep interrupted
2019-10-19 00:50:07,224 [grpc-default-executor-1] INFO  impl.RoleInfo (RoleInfo.java:updateAndGet(143)) - b6ed77c0-0909-418c-a0c6-e1477b4e10c3: start FollowerState
2019-10-19 00:50:07,224 [grpc-default-executor-0] INFO  impl.RoleInfo (RoleInfo.java:updateAndGet(143)) - 67511f02-1a53-40d3-ad7c-17f75ce9e42c: start FollowerState
2019-10-19 00:50:07,236 [aac91d0e-90b3-4924-955b-30866d4fff78@group-2DDA05B3685C-LeaderElection15] INFO  impl.LeaderElection (LeaderElection.java:logAndReturn(56)) - aac91d0e-90b3-4924-955b-30866d4fff78@group-2DDA05B3685C-LeaderElection15: Election REJECTED; received 2 response(s) [aac91d0e-90b3-4924-955b-30866d4fff78<-67511f02-1a53-40d3-ad7c-17f75ce9e42c#0:FAIL-t13, aac91d0e-90b3-4924-955b-30866d4fff78<-b6ed77c0-0909-418c-a0c6-e1477b4e10c3#0:FAIL-t13] and 0 exception(s); aac91d0e-90b3-4924-955b-30866d4fff78@group-2DDA05B3685C:t13, leader=null, voted=aac91d0e-90b3-4924-955b-30866d4fff78, raftlog=aac91d0e-90b3-4924-955b-30866d4fff78@group-2DDA05B3685C-SegmentedRaftLog:OPENED:c3,f4,i4, conf=0: [67511f02-1a53-40d3-ad7c-17f75ce9e42c:192.168.157.213:45560, aac91d0e-90b3-4924-955b-30866d4fff78:192.168.157.213:41659, b6ed77c0-0909-418c-a0c6-e1477b4e10c3:192.168.157.213:33232], old=null
2019-10-19 00:50:07,236 [aac91d0e-90b3-4924-955b-30866d4fff78@group-2DDA05B3685C-LeaderElection15] INFO  impl.RaftServerImpl (RaftServerImpl.java:setRole(184)) - aac91d0e-90b3-4924-955b-30866d4fff78@group-2DDA05B3685C: changes role from CANDIDATE to FOLLOWER at term 13 for DISCOVERED_A_NEW_TERM
2019-10-19 00:50:07,236 [aac91d0e-90b3-4924-955b-30866d4fff78@group-2DDA05B3685C-LeaderElection15] INFO  impl.RoleInfo (RoleInfo.java:shutdownLeaderElection(134)) - aac91d0e-90b3-4924-955b-30866d4fff78: shutdown LeaderElection
2019-10-19 00:50:07,236 [aac91d0e-90b3-4924-955b-30866d4fff78@group-2DDA05B3685C-LeaderElection15] INFO  impl.RoleInfo (RoleInfo.java:updateAndGet(143)) - aac91d0e-90b3-4924-955b-30866d4fff78: start FollowerState
2019-10-19 00:50:07,294 [BlockDeletingService#2] WARN  background.BlockDeletingService (BlockDeletingService.java:isDeletionAllowed(187)) - Close Container log Index 6 is not replicated across allthe servers in the pipeline 2739136e-9e24-467a-9fde-2dda05b3685c as the min replicated index is 4. Deletion is not allowed in this container yet.
2019-10-19 00:50:07,296 [BlockDeletingService#2] WARN  background.BlockDeletingService (BlockDeletingService.java:isDeletionAllowed(187)) - Close Container log Index 6 is not replicated across allthe servers in the pipeline 2739136e-9e24-467a-9fde-2dda05b3685c as the min replicated index is 4. Deletion is not allowed in this container yet.
2019-10-19 00:50:07,300 [Thread-618] INFO  impl.FollowerState (FollowerState.java:run(108)) - aac91d0e-90b3-4924-955b-30866d4fff78@group-2DDA05B3685C-FollowerState: change to CANDIDATE, lastRpcTime:64ms, electionTimeout:64ms
2019-10-19 00:50:07,301 [Thread-618] INFO  impl.RoleInfo (RoleInfo.java:shutdownFollowerState(121)) - aac91d0e-90b3-4924-955b-30866d4fff78: shutdown FollowerState
2019-10-19 00:50:07,301 [Thread-618] INFO  impl.RaftServerImpl (RaftServerImpl.java:setRole(184)) - aac91d0e-90b3-4924-955b-30866d4fff78@group-2DDA05B3685C: changes role from  FOLLOWER to CANDIDATE at term 13 for changeToCandidate
2019-10-19 00:50:07,301 [Thread-618] INFO  impl.RoleInfo (RoleInfo.java:updateAndGet(143)) - aac91d0e-90b3-4924-955b-30866d4fff78: start LeaderElection
2019-10-19 00:50:07,315 [aac91d0e-90b3-4924-955b-30866d4fff78@group-2DDA05B3685C-LeaderElection16] INFO  impl.LeaderElection (LeaderElection.java:askForVotes(178)) - aac91d0e-90b3-4924-955b-30866d4fff78@group-2DDA05B3685C-LeaderElection16: begin an election at term 14 for 0: [67511f02-1a53-40d3-ad7c-17f75ce9e42c:192.168.157.213:45560, aac91d0e-90b3-4924-955b-30866d4fff78:192.168.157.213:41659, b6ed77c0-0909-418c-a0c6-e1477b4e10c3:192.168.157.213:33232], old=null
2019-10-19 00:50:07,318 [grpc-default-executor-1] INFO  impl.RaftServerImpl (RaftServerImpl.java:setRole(184)) - b6ed77c0-0909-418c-a0c6-e1477b4e10c3@group-2DDA05B3685C: changes role from  FOLLOWER to FOLLOWER at term 14 for recognizeCandidate:aac91d0e-90b3-4924-955b-30866d4fff78
2019-10-19 00:50:07,318 [grpc-default-executor-0] INFO  impl.RaftServerImpl (RaftServerImpl.java:setRole(184)) - 67511f02-1a53-40d3-ad7c-17f75ce9e42c@group-2DDA05B3685C: changes role from  FOLLOWER to FOLLOWER at term 14 for recognizeCandidate:aac91d0e-90b3-4924-955b-30866d4fff78
2019-10-19 00:50:07,318 [grpc-default-executor-1] INFO  impl.RoleInfo (RoleInfo.java:shutdownFollowerState(121)) - b6ed77c0-0909-418c-a0c6-e1477b4e10c3: shutdown FollowerState
2019-10-19 00:50:07,319 [grpc-default-executor-0] INFO  impl.RoleInfo (RoleInfo.java:shutdownFollowerState(121)) - 67511f02-1a53-40d3-ad7c-17f75ce9e42c: shutdown FollowerState
2019-10-19 00:50:07,319 [grpc-default-executor-1] INFO  impl.RoleInfo (RoleInfo.java:updateAndGet(143)) - b6ed77c0-0909-418c-a0c6-e1477b4e10c3: start FollowerState
2019-10-19 00:50:07,319 [grpc-default-executor-0] INFO  impl.RoleInfo (RoleInfo.java:updateAndGet(143)) - 67511f02-1a53-40d3-ad7c-17f75ce9e42c: start FollowerState
2019-10-19 00:50:07,319 [Thread-617] INFO  impl.FollowerState (FollowerState.java:run(117)) - b6ed77c0-0909-418c-a0c6-e1477b4e10c3@group-2DDA05B3685C-FollowerState was interrupted: java.lang.InterruptedException: sleep interrupted
2019-10-19 00:50:07,319 [Thread-616] INFO  impl.FollowerState (FollowerState.java:run(117)) - 67511f02-1a53-40d3-ad7c-17f75ce9e42c@group-2DDA05B3685C-FollowerState was interrupted: java.lang.InterruptedException: sleep interrupted
2019-10-19 00:50:07,331 [aac91d0e-90b3-4924-955b-30866d4fff78@group-2DDA05B3685C-LeaderElection16] INFO  impl.LeaderElection (LeaderElection.java:logAndReturn(56)) - aac91d0e-90b3-4924-955b-30866d4fff78@group-2DDA05B3685C-LeaderElection16: Election REJECTED; received 2 response(s) [aac91d0e-90b3-4924-955b-30866d4fff78<-67511f02-1a53-40d3-ad7c-17f75ce9e42c#0:FAIL-t14, aac91d0e-90b3-4924-955b-30866d4fff78<-b6ed77c0-0909-418c-a0c6-e1477b4e10c3#0:FAIL-t14] and 0 exception(s); aac91d0e-90b3-4924-955b-30866d4fff78@group-2DDA05B3685C:t14, leader=null, voted=aac91d0e-90b3-4924-955b-30866d4fff78, raftlog=aac91d0e-90b3-4924-955b-30866d4fff78@group-2DDA05B3685C-SegmentedRaftLog:OPENED:c3,f4,i4, conf=0: [67511f02-1a53-40d3-ad7c-17f75ce9e42c:192.168.157.213:45560, aac91d0e-90b3-4924-955b-30866d4fff78:192.168.157.213:41659, b6ed77c0-0909-418c-a0c6-e1477b4e10c3:192.168.157.213:33232], old=null
2019-10-19 00:50:07,331 [aac91d0e-90b3-4924-955b-30866d4fff78@group-2DDA05B3685C-LeaderElection16] INFO  impl.RaftServerImpl (RaftServerImpl.java:setRole(184)) - aac91d0e-90b3-4924-955b-30866d4fff78@group-2DDA05B3685C: changes role from CANDIDATE to FOLLOWER at term 14 for DISCOVERED_A_NEW_TERM
2019-10-19 00:50:07,331 [aac91d0e-90b3-4924-955b-30866d4fff78@group-2DDA05B3685C-LeaderElection16] INFO  impl.RoleInfo (RoleInfo.java:shutdownLeaderElection(134)) - aac91d0e-90b3-4924-955b-30866d4fff78: shutdown LeaderElection
2019-10-19 00:50:07,332 [aac91d0e-90b3-4924-955b-30866d4fff78@group-2DDA05B3685C-LeaderElection16] INFO  impl.RoleInfo (RoleInfo.java:updateAndGet(143)) - aac91d0e-90b3-4924-955b-30866d4fff78: start FollowerState
2019-10-19 00:50:07,501 [Thread-626] INFO  impl.FollowerState (FollowerState.java:run(108)) - aac91d0e-90b3-4924-955b-30866d4fff78@group-2DDA05B3685C-FollowerState: change to CANDIDATE, lastRpcTime:169ms, electionTimeout:169ms
2019-10-19 00:50:07,502 [Thread-626] INFO  impl.RoleInfo (RoleInfo.java:shutdownFollowerState(121)) - aac91d0e-90b3-4924-955b-30866d4fff78: shutdown FollowerState
2019-10-19 00:50:07,503 [Thread-626] INFO  impl.RaftServerImpl (RaftServerImpl.java:setRole(184)) - aac91d0e-90b3-4924-955b-30866d4fff78@group-2DDA05B3685C: changes role from  FOLLOWER to CANDIDATE at term 14 for changeToCandidate
2019-10-19 00:50:07,503 [Thread-626] INFO  impl.RoleInfo (RoleInfo.java:updateAndGet(143)) - aac91d0e-90b3-4924-955b-30866d4fff78: start LeaderElection
2019-10-19 00:50:07,524 [aac91d0e-90b3-4924-955b-30866d4fff78@group-2DDA05B3685C-LeaderElection17] INFO  impl.LeaderElection (LeaderElection.java:askForVotes(178)) - aac91d0e-90b3-4924-955b-30866d4fff78@group-2DDA05B3685C-LeaderElection17: begin an election at term 15 for 0: [67511f02-1a53-40d3-ad7c-17f75ce9e42c:192.168.157.213:45560, aac91d0e-90b3-4924-955b-30866d4fff78:192.168.157.213:41659, b6ed77c0-0909-418c-a0c6-e1477b4e10c3:192.168.157.213:33232], old=null
2019-10-19 00:50:07,529 [grpc-default-executor-0] INFO  impl.RaftServerImpl (RaftServerImpl.java:setRole(184)) - 67511f02-1a53-40d3-ad7c-17f75ce9e42c@group-2DDA05B3685C: changes role from  FOLLOWER to FOLLOWER at term 15 for recognizeCandidate:aac91d0e-90b3-4924-955b-30866d4fff78
2019-10-19 00:50:07,529 [grpc-default-executor-1] INFO  impl.RaftServerImpl (RaftServerImpl.java:setRole(184)) - b6ed77c0-0909-418c-a0c6-e1477b4e10c3@group-2DDA05B3685C: changes role from  FOLLOWER to FOLLOWER at term 15 for recognizeCandidate:aac91d0e-90b3-4924-955b-30866d4fff78
2019-10-19 00:50:07,529 [grpc-default-executor-0] INFO  impl.RoleInfo (RoleInfo.java:shutdownFollowerState(121)) - 67511f02-1a53-40d3-ad7c-17f75ce9e42c: shutdown FollowerState
2019-10-19 00:50:07,530 [grpc-default-executor-1] INFO  impl.RoleInfo (RoleInfo.java:shutdownFollowerState(121)) - b6ed77c0-0909-418c-a0c6-e1477b4e10c3: shutdown FollowerState
2019-10-19 00:50:07,530 [grpc-default-executor-0] INFO  impl.RoleInfo (RoleInfo.java:updateAndGet(143)) - 67511f02-1a53-40d3-ad7c-17f75ce9e42c: start FollowerState
2019-10-19 00:50:07,530 [Thread-625] INFO  impl.FollowerState (FollowerState.java:run(117)) - 67511f02-1a53-40d3-ad7c-17f75ce9e42c@group-2DDA05B3685C-FollowerState was interrupted: java.lang.InterruptedException: sleep interrupted
2019-10-19 00:50:07,530 [grpc-default-executor-1] INFO  impl.RoleInfo (RoleInfo.java:updateAndGet(143)) - b6ed77c0-0909-418c-a0c6-e1477b4e10c3: start FollowerState
2019-10-19 00:50:07,530 [Thread-624] INFO  impl.FollowerState (FollowerState.java:run(117)) - b6ed77c0-0909-418c-a0c6-e1477b4e10c3@group-2DDA05B3685C-FollowerState was interrupted: java.lang.InterruptedException: sleep interrupted
2019-10-19 00:50:07,557 [aac91d0e-90b3-4924-955b-30866d4fff78@group-2DDA05B3685C-LeaderElection17] INFO  impl.LeaderElection (LeaderElection.java:logAndReturn(56)) - aac91d0e-90b3-4924-955b-30866d4fff78@group-2DDA05B3685C-LeaderElection17: Election REJECTED; received 2 response(s) [aac91d0e-90b3-4924-955b-30866d4fff78<-67511f02-1a53-40d3-ad7c-17f75ce9e42c#0:FAIL-t15, aac91d0e-90b3-4924-955b-30866d4fff78<-b6ed77c0-0909-418c-a0c6-e1477b4e10c3#0:FAIL-t15] and 0 exception(s); aac91d0e-90b3-4924-955b-30866d4fff78@group-2DDA05B3685C:t15, leader=null, voted=aac91d0e-90b3-4924-955b-30866d4fff78, raftlog=aac91d0e-90b3-4924-955b-30866d4fff78@group-2DDA05B3685C-SegmentedRaftLog:OPENED:c3,f4,i4, conf=0: [67511f02-1a53-40d3-ad7c-17f75ce9e42c:192.168.157.213:45560, aac91d0e-90b3-4924-955b-30866d4fff78:192.168.157.213:41659, b6ed77c0-0909-418c-a0c6-e1477b4e10c3:192.168.157.213:33232], old=null
2019-10-19 00:50:07,557 [aac91d0e-90b3-4924-955b-30866d4fff78@group-2DDA05B3685C-LeaderElection17] INFO  impl.RaftServerImpl (RaftServerImpl.java:setRole(184)) - aac91d0e-90b3-4924-955b-30866d4fff78@group-2DDA05B3685C: changes role from CANDIDATE to FOLLOWER at term 15 for DISCOVERED_A_NEW_TERM
2019-10-19 00:50:07,557 [aac91d0e-90b3-4924-955b-30866d4fff78@group-2DDA05B3685C-LeaderElection17] INFO  impl.RoleInfo (RoleInfo.java:shutdownLeaderElection(134)) - aac91d0e-90b3-4924-955b-30866d4fff78: shutdown LeaderElection
2019-10-19 00:50:07,557 [aac91d0e-90b3-4924-955b-30866d4fff78@group-2DDA05B3685C-LeaderElection17] INFO  impl.RoleInfo (RoleInfo.java:updateAndGet(143)) - aac91d0e-90b3-4924-955b-30866d4fff78: start FollowerState
2019-10-19 00:50:07,756 [Thread-632] INFO  impl.FollowerState (FollowerState.java:run(108)) - aac91d0e-90b3-4924-955b-30866d4fff78@group-2DDA05B3685C-FollowerState: change to CANDIDATE, lastRpcTime:198ms, electionTimeout:198ms
2019-10-19 00:50:07,757 [Thread-632] INFO  impl.RoleInfo (RoleInfo.java:shutdownFollowerState(121)) - aac91d0e-90b3-4924-955b-30866d4fff78: shutdown FollowerState
2019-10-19 00:50:07,757 [Thread-632] INFO  impl.RaftServerImpl (RaftServerImpl.java:setRole(184)) - aac91d0e-90b3-4924-955b-30866d4fff78@group-2DDA05B3685C: changes role from  FOLLOWER to CANDIDATE at term 15 for changeToCandidate
2019-10-19 00:50:07,757 [Thread-632] INFO  impl.RoleInfo (RoleInfo.java:updateAndGet(143)) - aac91d0e-90b3-4924-955b-30866d4fff78: start LeaderElection
2019-10-19 00:50:07,765 [aac91d0e-90b3-4924-955b-30866d4fff78@group-2DDA05B3685C-LeaderElection18] INFO  impl.LeaderElection (LeaderElection.java:askForVotes(178)) - aac91d0e-90b3-4924-955b-30866d4fff78@group-2DDA05B3685C-LeaderElection18: begin an election at term 16 for 0: [67511f02-1a53-40d3-ad7c-17f75ce9e42c:192.168.157.213:45560, aac91d0e-90b3-4924-955b-30866d4fff78:192.168.157.213:41659, b6ed77c0-0909-418c-a0c6-e1477b4e10c3:192.168.157.213:33232], old=null
2019-10-19 00:50:07,769 [grpc-default-executor-1] INFO  impl.RaftServerImpl (RaftServerImpl.java:setRole(184)) - 67511f02-1a53-40d3-ad7c-17f75ce9e42c@group-2DDA05B3685C: changes role from  FOLLOWER to FOLLOWER at term 16 for recognizeCandidate:aac91d0e-90b3-4924-955b-30866d4fff78
2019-10-19 00:50:07,769 [grpc-default-executor-0] INFO  impl.RaftServerImpl (RaftServerImpl.java:setRole(184)) - b6ed77c0-0909-418c-a0c6-e1477b4e10c3@group-2DDA05B3685C: changes role from  FOLLOWER to FOLLOWER at term 16 for recognizeCandidate:aac91d0e-90b3-4924-955b-30866d4fff78
2019-10-19 00:50:07,769 [grpc-default-executor-1] INFO  impl.RoleInfo (RoleInfo.java:shutdownFollowerState(121)) - 67511f02-1a53-40d3-ad7c-17f75ce9e42c: shutdown FollowerState
2019-10-19 00:50:07,769 [grpc-default-executor-0] INFO  impl.RoleInfo (RoleInfo.java:shutdownFollowerState(121)) - b6ed77c0-0909-418c-a0c6-e1477b4e10c3: shutdown FollowerState
2019-10-19 00:50:07,770 [Thread-630] INFO  impl.FollowerState (FollowerState.java:run(117)) - 67511f02-1a53-40d3-ad7c-17f75ce9e42c@group-2DDA05B3685C-FollowerState was interrupted: java.lang.InterruptedException: sleep interrupted
2019-10-19 00:50:07,770 [grpc-default-executor-1] INFO  impl.RoleInfo (RoleInfo.java:updateAndGet(143)) - 67511f02-1a53-40d3-ad7c-17f75ce9e42c: start FollowerState
2019-10-19 00:50:07,770 [Thread-631] INFO  impl.FollowerState (FollowerState.java:run(117)) - b6ed77c0-0909-418c-a0c6-e1477b4e10c3@group-2DDA05B3685C-FollowerState was interrupted: java.lang.InterruptedException: sleep interrupted
2019-10-19 00:50:07,770 [grpc-default-executor-0] INFO  impl.RoleInfo (RoleInfo.java:updateAndGet(143)) - b6ed77c0-0909-418c-a0c6-e1477b4e10c3: start FollowerState
2019-10-19 00:50:07,770 [aac91d0e-90b3-4924-955b-30866d4fff78@group-2DDA05B3685C-LeaderElection18] INFO  impl.LeaderElection (LeaderElection.java:logAndReturn(56)) - aac91d0e-90b3-4924-955b-30866d4fff78@group-2DDA05B3685C-LeaderElection18: Election TIMEOUT; received 0 response(s) [] and 0 exception(s); aac91d0e-90b3-4924-955b-30866d4fff78@group-2DDA05B3685C:t16, leader=null, voted=aac91d0e-90b3-4924-955b-30866d4fff78, raftlog=aac91d0e-90b3-4924-955b-30866d4fff78@group-2DDA05B3685C-SegmentedRaftLog:OPENED:c3,f4,i4, conf=0: [67511f02-1a53-40d3-ad7c-17f75ce9e42c:192.168.157.213:45560, aac91d0e-90b3-4924-955b-30866d4fff78:192.168.157.213:41659, b6ed77c0-0909-418c-a0c6-e1477b4e10c3:192.168.157.213:33232], old=null
2019-10-19 00:50:07,796 [aac91d0e-90b3-4924-955b-30866d4fff78@group-2DDA05B3685C-LeaderElection18] INFO  impl.LeaderElection (LeaderElection.java:askForVotes(178)) - aac91d0e-90b3-4924-955b-30866d4fff78@group-2DDA05B3685C-LeaderElection18: begin an election at term 17 for 0: [67511f02-1a53-40d3-ad7c-17f75ce9e42c:192.168.157.213:45560, aac91d0e-90b3-4924-955b-30866d4fff78:192.168.157.213:41659, b6ed77c0-0909-418c-a0c6-e1477b4e10c3:192.168.157.213:33232], old=null
2019-10-19 00:50:07,800 [grpc-default-executor-0] INFO  impl.RaftServerImpl (RaftServerImpl.java:setRole(184)) - b6ed77c0-0909-418c-a0c6-e1477b4e10c3@group-2DDA05B3685C: changes role from  FOLLOWER to FOLLOWER at term 17 for recognizeCandidate:aac91d0e-90b3-4924-955b-30866d4fff78
2019-10-19 00:50:07,801 [grpc-default-executor-1] INFO  impl.RaftServerImpl (RaftServerImpl.java:setRole(184)) - 67511f02-1a53-40d3-ad7c-17f75ce9e42c@group-2DDA05B3685C: changes role from  FOLLOWER to FOLLOWER at term 17 for recognizeCandidate:aac91d0e-90b3-4924-955b-30866d4fff78
2019-10-19 00:50:07,801 [grpc-default-executor-0] INFO  impl.RoleInfo (RoleInfo.java:shutdownFollowerState(121)) - b6ed77c0-0909-418c-a0c6-e1477b4e10c3: shutdown FollowerState
2019-10-19 00:50:07,801 [grpc-default-executor-1] INFO  impl.RoleInfo (RoleInfo.java:shutdownFollowerState(121)) - 67511f02-1a53-40d3-ad7c-17f75ce9e42c: shutdown FollowerState
2019-10-19 00:50:07,801 [Thread-637] INFO  impl.FollowerState (FollowerState.java:run(117)) - b6ed77c0-0909-418c-a0c6-e1477b4e10c3@group-2DDA05B3685C-FollowerState was interrupted: java.lang.InterruptedException: sleep interrupted
2019-10-19 00:50:07,801 [grpc-default-executor-0] INFO  impl.RoleInfo (RoleInfo.java:updateAndGet(143)) - b6ed77c0-0909-418c-a0c6-e1477b4e10c3: start FollowerState
2019-10-19 00:50:07,801 [Thread-636] INFO  impl.FollowerState (FollowerState.java:run(117)) - 67511f02-1a53-40d3-ad7c-17f75ce9e42c@group-2DDA05B3685C-FollowerState was interrupted: java.lang.InterruptedException: sleep interrupted
2019-10-19 00:50:07,801 [grpc-default-executor-1] INFO  impl.RoleInfo (RoleInfo.java:updateAndGet(143)) - 67511f02-1a53-40d3-ad7c-17f75ce9e42c: start FollowerState
2019-10-19 00:50:07,803 [pool-7-thread-1] INFO  commands.RetriableDatanodeEventWatcher (RetriableDatanodeEventWatcher.java:onTimeout(47)) - RetriableDatanodeCommand type=deleteBlocksCommand with id=1571446202805 timed out. Retrying.
2019-10-19 00:50:07,803 [pool-7-thread-3] INFO  commands.RetriableDatanodeEventWatcher (RetriableDatanodeEventWatcher.java:onTimeout(47)) - RetriableDatanodeCommand type=deleteBlocksCommand with id=1571446202804 timed out. Retrying.
2019-10-19 00:50:07,803 [pool-7-thread-2] INFO  commands.RetriableDatanodeEventWatcher (RetriableDatanodeEventWatcher.java:onTimeout(47)) - RetriableDatanodeCommand type=deleteBlocksCommand with id=1571446202802 timed out. Retrying.
2019-10-19 00:50:07,804 [pool-7-thread-2] INFO  commands.RetriableDatanodeEventWatcher (RetriableDatanodeEventWatcher.java:onTimeout(47)) - RetriableDatanodeCommand type=deleteBlocksCommand with id=1571446202800 timed out. Retrying.
2019-10-19 00:50:07,804 [pool-7-thread-3] INFO  commands.RetriableDatanodeEventWatcher (RetriableDatanodeEventWatcher.java:onTimeout(47)) - RetriableDatanodeCommand type=deleteBlocksCommand with id=1571446202806 timed out. Retrying.
2019-10-19 00:50:07,804 [SCMBlockDeletingService#1] INFO  block.SCMBlockDeletingService (SCMBlockDeletingService.java:call(184)) - Totally added 1 delete blocks command for 1 datanodes, task elapsed time: 0ms
2019-10-19 00:50:07,828 [aac91d0e-90b3-4924-955b-30866d4fff78@group-2DDA05B3685C-LeaderElection18] INFO  impl.LeaderElection (LeaderElection.java:logAndReturn(56)) - aac91d0e-90b3-4924-955b-30866d4fff78@group-2DDA05B3685C-LeaderElection18: Election REJECTED; received 2 response(s) [aac91d0e-90b3-4924-955b-30866d4fff78<-67511f02-1a53-40d3-ad7c-17f75ce9e42c#0:FAIL-t17, aac91d0e-90b3-4924-955b-30866d4fff78<-b6ed77c0-0909-418c-a0c6-e1477b4e10c3#0:FAIL-t17] and 0 exception(s); aac91d0e-90b3-4924-955b-30866d4fff78@group-2DDA05B3685C:t17, leader=null, voted=aac91d0e-90b3-4924-955b-30866d4fff78, raftlog=aac91d0e-90b3-4924-955b-30866d4fff78@group-2DDA05B3685C-SegmentedRaftLog:OPENED:c3,f4,i4, conf=0: [67511f02-1a53-40d3-ad7c-17f75ce9e42c:192.168.157.213:45560, aac91d0e-90b3-4924-955b-30866d4fff78:192.168.157.213:41659, b6ed77c0-0909-418c-a0c6-e1477b4e10c3:192.168.157.213:33232], old=null
2019-10-19 00:50:07,828 [aac91d0e-90b3-4924-955b-30866d4fff78@group-2DDA05B3685C-LeaderElection18] INFO  impl.RaftServerImpl (RaftServerImpl.java:setRole(184)) - aac91d0e-90b3-4924-955b-30866d4fff78@group-2DDA05B3685C: changes role from CANDIDATE to FOLLOWER at term 17 for DISCOVERED_A_NEW_TERM
2019-10-19 00:50:07,828 [aac91d0e-90b3-4924-955b-30866d4fff78@group-2DDA05B3685C-LeaderElection18] INFO  impl.RoleInfo (RoleInfo.java:shutdownLeaderElection(134)) - aac91d0e-90b3-4924-955b-30866d4fff78: shutdown LeaderElection
2019-10-19 00:50:07,829 [aac91d0e-90b3-4924-955b-30866d4fff78@group-2DDA05B3685C-LeaderElection18] INFO  impl.RoleInfo (RoleInfo.java:updateAndGet(143)) - aac91d0e-90b3-4924-955b-30866d4fff78: start FollowerState
2019-10-19 00:50:07,907 [EventQueue-PendingDeleteStatusForPendingDeleteHandler] INFO  block.SCMBlockDeletingService (SCMBlockDeletingService.java:handlePendingDeletes(115)) - Block deletion txnID mismatch in datanode aac91d0e-90b3-4924-955b-30866d4fff78 for containerID 1. Datanode delete txnID: 0, SCM txnID: 1
2019-10-19 00:50:07,996 [Thread-645] INFO  client.GrpcClientProtocolService (GrpcClientProtocolService.java:lambda$processClientRequest$0(278)) - Failed RaftClientRequest:client-5C1DDA748651->b6ed77c0-0909-418c-a0c6-e1477b4e10c3@group-2DDA05B3685C, cid=10, seq=0, Watch-ALL_COMMITTED(6), Message:<EMPTY>, reply=RaftClientReply:client-5C1DDA748651->b6ed77c0-0909-418c-a0c6-e1477b4e10c3@group-2DDA05B3685C, cid=10, FAILED org.apache.ratis.protocol.NotLeaderException: Server b6ed77c0-0909-418c-a0c6-e1477b4e10c3@group-2DDA05B3685C is not the leader, logIndex=0, commits[b6ed77c0-0909-418c-a0c6-e1477b4e10c3:c10, 67511f02-1a53-40d3-ad7c-17f75ce9e42c:c10, aac91d0e-90b3-4924-955b-30866d4fff78:c4]
2019-10-19 00:50:08,026 [Thread-642] INFO  impl.FollowerState (FollowerState.java:run(108)) - aac91d0e-90b3-4924-955b-30866d4fff78@group-2DDA05B3685C-FollowerState: change to CANDIDATE, lastRpcTime:197ms, electionTimeout:197ms
2019-10-19 00:50:08,026 [Thread-642] INFO  impl.RoleInfo (RoleInfo.java:shutdownFollowerState(121)) - aac91d0e-90b3-4924-955b-30866d4fff78: shutdown FollowerState
2019-10-19 00:50:08,026 [Thread-642] INFO  impl.RaftServerImpl (RaftServerImpl.java:setRole(184)) - aac91d0e-90b3-4924-955b-30866d4fff78@group-2DDA05B3685C: changes role from  FOLLOWER to CANDIDATE at term 17 for changeToCandidate
2019-10-19 00:50:08,027 [Thread-642] INFO  impl.RoleInfo (RoleInfo.java:updateAndGet(143)) - aac91d0e-90b3-4924-955b-30866d4fff78: start LeaderElection
2019-10-19 00:50:08,040 [aac91d0e-90b3-4924-955b-30866d4fff78@group-2DDA05B3685C-LeaderElection19] INFO  impl.LeaderElection (LeaderElection.java:askForVotes(178)) - aac91d0e-90b3-4924-955b-30866d4fff78@group-2DDA05B3685C-LeaderElection19: begin an election at term 18 for 0: [67511f02-1a53-40d3-ad7c-17f75ce9e42c:192.168.157.213:45560, aac91d0e-90b3-4924-955b-30866d4fff78:192.168.157.213:41659, b6ed77c0-0909-418c-a0c6-e1477b4e10c3:192.168.157.213:33232], old=null
2019-10-19 00:50:08,044 [grpc-default-executor-0] INFO  impl.RaftServerImpl (RaftServerImpl.java:setRole(184)) - 67511f02-1a53-40d3-ad7c-17f75ce9e42c@group-2DDA05B3685C: changes role from  FOLLOWER to FOLLOWER at term 18 for recognizeCandidate:aac91d0e-90b3-4924-955b-30866d4fff78
2019-10-19 00:50:08,044 [grpc-default-executor-1] INFO  impl.RaftServerImpl (RaftServerImpl.java:setRole(184)) - b6ed77c0-0909-418c-a0c6-e1477b4e10c3@group-2DDA05B3685C: changes role from  FOLLOWER to FOLLOWER at term 18 for recognizeCandidate:aac91d0e-90b3-4924-955b-30866d4fff78
2019-10-19 00:50:08,044 [grpc-default-executor-0] INFO  impl.RoleInfo (RoleInfo.java:shutdownFollowerState(121)) - 67511f02-1a53-40d3-ad7c-17f75ce9e42c: shutdown FollowerState
2019-10-19 00:50:08,044 [grpc-default-executor-1] INFO  impl.RoleInfo (RoleInfo.java:shutdownFollowerState(121)) - b6ed77c0-0909-418c-a0c6-e1477b4e10c3: shutdown FollowerState
2019-10-19 00:50:08,045 [grpc-default-executor-0] INFO  impl.RoleInfo (RoleInfo.java:updateAndGet(143)) - 67511f02-1a53-40d3-ad7c-17f75ce9e42c: start FollowerState
2019-10-19 00:50:08,045 [Thread-641] INFO  impl.FollowerState (FollowerState.java:run(117)) - 67511f02-1a53-40d3-ad7c-17f75ce9e42c@group-2DDA05B3685C-FollowerState was interrupted: java.lang.InterruptedException: sleep interrupted
2019-10-19 00:50:08,045 [grpc-default-executor-1] INFO  impl.RoleInfo (RoleInfo.java:updateAndGet(143)) - b6ed77c0-0909-418c-a0c6-e1477b4e10c3: start FollowerState
2019-10-19 00:50:08,045 [Thread-640] INFO  impl.FollowerState (FollowerState.java:run(117)) - b6ed77c0-0909-418c-a0c6-e1477b4e10c3@group-2DDA05B3685C-FollowerState was interrupted: java.lang.InterruptedException: sleep interrupted
2019-10-19 00:50:08,050 [aac91d0e-90b3-4924-955b-30866d4fff78@group-2DDA05B3685C-LeaderElection19] INFO  impl.LeaderElection (LeaderElection.java:logAndReturn(56)) - aac91d0e-90b3-4924-955b-30866d4fff78@group-2DDA05B3685C-LeaderElection19: Election REJECTED; received 2 response(s) [aac91d0e-90b3-4924-955b-30866d4fff78<-67511f02-1a53-40d3-ad7c-17f75ce9e42c#0:FAIL-t18, aac91d0e-90b3-4924-955b-30866d4fff78<-b6ed77c0-0909-418c-a0c6-e1477b4e10c3#0:FAIL-t18] and 0 exception(s); aac91d0e-90b3-4924-955b-30866d4fff78@group-2DDA05B3685C:t18, leader=null, voted=aac91d0e-90b3-4924-955b-30866d4fff78, raftlog=aac91d0e-90b3-4924-955b-30866d4fff78@group-2DDA05B3685C-SegmentedRaftLog:OPENED:c3,f4,i4, conf=0: [67511f02-1a53-40d3-ad7c-17f75ce9e42c:192.168.157.213:45560, aac91d0e-90b3-4924-955b-30866d4fff78:192.168.157.213:41659, b6ed77c0-0909-418c-a0c6-e1477b4e10c3:192.168.157.213:33232], old=null
2019-10-19 00:50:08,050 [aac91d0e-90b3-4924-955b-30866d4fff78@group-2DDA05B3685C-LeaderElection19] INFO  impl.RaftServerImpl (RaftServerImpl.java:setRole(184)) - aac91d0e-90b3-4924-955b-30866d4fff78@group-2DDA05B3685C: changes role from CANDIDATE to FOLLOWER at term 18 for DISCOVERED_A_NEW_TERM
2019-10-19 00:50:08,051 [aac91d0e-90b3-4924-955b-30866d4fff78@group-2DDA05B3685C-LeaderElection19] INFO  impl.RoleInfo (RoleInfo.java:shutdownLeaderElection(134)) - aac91d0e-90b3-4924-955b-30866d4fff78: shutdown LeaderElection
2019-10-19 00:50:08,051 [aac91d0e-90b3-4924-955b-30866d4fff78@group-2DDA05B3685C-LeaderElection19] INFO  impl.RoleInfo (RoleInfo.java:updateAndGet(143)) - aac91d0e-90b3-4924-955b-30866d4fff78: start FollowerState
2019-10-19 00:50:08,188 [java.util.concurrent.ThreadPoolExecutor$Worker@419d75d[State = -1, empty queue]] WARN  server.GrpcLogAppender (GrpcLogAppender.java:timeoutAppendRequest(209)) - b6ed77c0-0909-418c-a0c6-e1477b4e10c3@group-2DDA05B3685C->aac91d0e-90b3-4924-955b-30866d4fff78-GrpcLogAppender: appendEntries Timeout, request=b6ed77c0-0909-418c-a0c6-e1477b4e10c3->aac91d0e-90b3-4924-955b-30866d4fff78#52-t2, previous=(t:2, i:10), leaderCommit=10, initializing? false, entries: <empty>
2019-10-19 00:50:08,246 [Thread-652] INFO  impl.FollowerState (FollowerState.java:run(108)) - aac91d0e-90b3-4924-955b-30866d4fff78@group-2DDA05B3685C-FollowerState: change to CANDIDATE, lastRpcTime:195ms, electionTimeout:195ms
2019-10-19 00:50:08,246 [Thread-652] INFO  impl.RoleInfo (RoleInfo.java:shutdownFollowerState(121)) - aac91d0e-90b3-4924-955b-30866d4fff78: shutdown FollowerState
2019-10-19 00:50:08,246 [Thread-652] INFO  impl.RaftServerImpl (RaftServerImpl.java:setRole(184)) - aac91d0e-90b3-4924-955b-30866d4fff78@group-2DDA05B3685C: changes role from  FOLLOWER to CANDIDATE at term 18 for changeToCandidate
2019-10-19 00:50:08,247 [Thread-652] INFO  impl.RoleInfo (RoleInfo.java:updateAndGet(143)) - aac91d0e-90b3-4924-955b-30866d4fff78: start LeaderElection
2019-10-19 00:50:08,252 [aac91d0e-90b3-4924-955b-30866d4fff78@group-2DDA05B3685C-LeaderElection20] INFO  impl.LeaderElection (LeaderElection.java:askForVotes(178)) - aac91d0e-90b3-4924-955b-30866d4fff78@group-2DDA05B3685C-LeaderElection20: begin an election at term 19 for 0: [67511f02-1a53-40d3-ad7c-17f75ce9e42c:192.168.157.213:45560, aac91d0e-90b3-4924-955b-30866d4fff78:192.168.157.213:41659, b6ed77c0-0909-418c-a0c6-e1477b4e10c3:192.168.157.213:33232], old=null
2019-10-19 00:50:08,257 [grpc-default-executor-1] INFO  impl.RaftServerImpl (RaftServerImpl.java:setRole(184)) - b6ed77c0-0909-418c-a0c6-e1477b4e10c3@group-2DDA05B3685C: changes role from  FOLLOWER to FOLLOWER at term 19 for recognizeCandidate:aac91d0e-90b3-4924-955b-30866d4fff78
2019-10-19 00:50:08,257 [grpc-default-executor-0] INFO  impl.RaftServerImpl (RaftServerImpl.java:setRole(184)) - 67511f02-1a53-40d3-ad7c-17f75ce9e42c@group-2DDA05B3685C: changes role from  FOLLOWER to FOLLOWER at term 19 for recognizeCandidate:aac91d0e-90b3-4924-955b-30866d4fff78
2019-10-19 00:50:08,258 [grpc-default-executor-1] INFO  impl.RoleInfo (RoleInfo.java:shutdownFollowerState(121)) - b6ed77c0-0909-418c-a0c6-e1477b4e10c3: shutdown FollowerState
2019-10-19 00:50:08,258 [grpc-default-executor-0] INFO  impl.RoleInfo (RoleInfo.java:shutdownFollowerState(121)) - 67511f02-1a53-40d3-ad7c-17f75ce9e42c: shutdown FollowerState
2019-10-19 00:50:08,258 [Thread-651] INFO  impl.FollowerState (FollowerState.java:run(117)) - b6ed77c0-0909-418c-a0c6-e1477b4e10c3@group-2DDA05B3685C-FollowerState was interrupted: java.lang.InterruptedException: sleep interrupted
2019-10-19 00:50:08,258 [grpc-default-executor-0] INFO  impl.RoleInfo (RoleInfo.java:updateAndGet(143)) - 67511f02-1a53-40d3-ad7c-17f75ce9e42c: start FollowerState
2019-10-19 00:50:08,258 [grpc-default-executor-1] INFO  impl.RoleInfo (RoleInfo.java:updateAndGet(143)) - b6ed77c0-0909-418c-a0c6-e1477b4e10c3: start FollowerState
2019-10-19 00:50:08,258 [Thread-650] INFO  impl.FollowerState (FollowerState.java:run(117)) - 67511f02-1a53-40d3-ad7c-17f75ce9e42c@group-2DDA05B3685C-FollowerState was interrupted: java.lang.InterruptedException: sleep interrupted
2019-10-19 00:50:08,266 [aac91d0e-90b3-4924-955b-30866d4fff78@group-2DDA05B3685C-LeaderElection20] INFO  impl.LeaderElection (LeaderElection.java:logAndReturn(56)) - aac91d0e-90b3-4924-955b-30866d4fff78@group-2DDA05B3685C-LeaderElection20: Election TIMEOUT; received 0 response(s) [] and 0 exception(s); aac91d0e-90b3-4924-955b-30866d4fff78@group-2DDA05B3685C:t19, leader=null, voted=aac91d0e-90b3-4924-955b-30866d4fff78, raftlog=aac91d0e-90b3-4924-955b-30866d4fff78@group-2DDA05B3685C-SegmentedRaftLog:OPENED:c3,f4,i4, conf=0: [67511f02-1a53-40d3-ad7c-17f75ce9e42c:192.168.157.213:45560, aac91d0e-90b3-4924-955b-30866d4fff78:192.168.157.213:41659, b6ed77c0-0909-418c-a0c6-e1477b4e10c3:192.168.157.213:33232], old=null
2019-10-19 00:50:08,271 [aac91d0e-90b3-4924-955b-30866d4fff78@group-2DDA05B3685C-LeaderElection20] INFO  impl.LeaderElection (LeaderElection.java:askForVotes(178)) - aac91d0e-90b3-4924-955b-30866d4fff78@group-2DDA05B3685C-LeaderElection20: begin an election at term 20 for 0: [67511f02-1a53-40d3-ad7c-17f75ce9e42c:192.168.157.213:45560, aac91d0e-90b3-4924-955b-30866d4fff78:192.168.157.213:41659, b6ed77c0-0909-418c-a0c6-e1477b4e10c3:192.168.157.213:33232], old=null
2019-10-19 00:50:08,275 [grpc-default-executor-1] INFO  impl.RaftServerImpl (RaftServerImpl.java:setRole(184)) - 67511f02-1a53-40d3-ad7c-17f75ce9e42c@group-2DDA05B3685C: changes role from  FOLLOWER to FOLLOWER at term 20 for recognizeCandidate:aac91d0e-90b3-4924-955b-30866d4fff78
2019-10-19 00:50:08,275 [grpc-default-executor-1] INFO  impl.RoleInfo (RoleInfo.java:shutdownFollowerState(121)) - 67511f02-1a53-40d3-ad7c-17f75ce9e42c: shutdown FollowerState
2019-10-19 00:50:08,275 [grpc-default-executor-0] INFO  impl.RaftServerImpl (RaftServerImpl.java:setRole(184)) - b6ed77c0-0909-418c-a0c6-e1477b4e10c3@group-2DDA05B3685C: changes role from  FOLLOWER to FOLLOWER at term 20 for recognizeCandidate:aac91d0e-90b3-4924-955b-30866d4fff78
2019-10-19 00:50:08,275 [Thread-657] INFO  impl.FollowerState (FollowerState.java:run(117)) - 67511f02-1a53-40d3-ad7c-17f75ce9e42c@group-2DDA05B3685C-FollowerState was interrupted: java.lang.InterruptedException: sleep interrupted
2019-10-19 00:50:08,276 [grpc-default-executor-0] INFO  impl.RoleInfo (RoleInfo.java:shutdownFollowerState(121)) - b6ed77c0-0909-418c-a0c6-e1477b4e10c3: shutdown FollowerState
2019-10-19 00:50:08,275 [grpc-default-executor-1] INFO  impl.RoleInfo (RoleInfo.java:updateAndGet(143)) - 67511f02-1a53-40d3-ad7c-17f75ce9e42c: start FollowerState
2019-10-19 00:50:08,276 [grpc-default-executor-0] INFO  impl.RoleInfo (RoleInfo.java:updateAndGet(143)) - b6ed77c0-0909-418c-a0c6-e1477b4e10c3: start FollowerState
2019-10-19 00:50:08,276 [Thread-656] INFO  impl.FollowerState (FollowerState.java:run(117)) - b6ed77c0-0909-418c-a0c6-e1477b4e10c3@group-2DDA05B3685C-FollowerState was interrupted: java.lang.InterruptedException: sleep interrupted
2019-10-19 00:50:08,297 [BlockDeletingService#2] WARN  background.BlockDeletingService (BlockDeletingService.java:isDeletionAllowed(187)) - Close Container log Index 6 is not replicated across allthe servers in the pipeline 2739136e-9e24-467a-9fde-2dda05b3685c as the min replicated index is 4. Deletion is not allowed in this container yet.
2019-10-19 00:50:08,297 [BlockDeletingService#2] WARN  background.BlockDeletingService (BlockDeletingService.java:isDeletionAllowed(187)) - Close Container log Index 6 is not replicated across allthe servers in the pipeline 2739136e-9e24-467a-9fde-2dda05b3685c as the min replicated index is 4. Deletion is not allowed in this container yet.
2019-10-19 00:50:08,303 [aac91d0e-90b3-4924-955b-30866d4fff78@group-2DDA05B3685C-LeaderElection20] INFO  impl.LeaderElection (LeaderElection.java:logAndReturn(56)) - aac91d0e-90b3-4924-955b-30866d4fff78@group-2DDA05B3685C-LeaderElection20: Election REJECTED; received 2 response(s) [aac91d0e-90b3-4924-955b-30866d4fff78<-67511f02-1a53-40d3-ad7c-17f75ce9e42c#0:FAIL-t20, aac91d0e-90b3-4924-955b-30866d4fff78<-b6ed77c0-0909-418c-a0c6-e1477b4e10c3#0:FAIL-t20] and 0 exception(s); aac91d0e-90b3-4924-955b-30866d4fff78@group-2DDA05B3685C:t20, leader=null, voted=aac91d0e-90b3-4924-955b-30866d4fff78, raftlog=aac91d0e-90b3-4924-955b-30866d4fff78@group-2DDA05B3685C-SegmentedRaftLog:OPENED:c3,f4,i4, conf=0: [67511f02-1a53-40d3-ad7c-17f75ce9e42c:192.168.157.213:45560, aac91d0e-90b3-4924-955b-30866d4fff78:192.168.157.213:41659, b6ed77c0-0909-418c-a0c6-e1477b4e10c3:192.168.157.213:33232], old=null
2019-10-19 00:50:08,303 [aac91d0e-90b3-4924-955b-30866d4fff78@group-2DDA05B3685C-LeaderElection20] INFO  impl.RaftServerImpl (RaftServerImpl.java:setRole(184)) - aac91d0e-90b3-4924-955b-30866d4fff78@group-2DDA05B3685C: changes role from CANDIDATE to FOLLOWER at term 20 for DISCOVERED_A_NEW_TERM
2019-10-19 00:50:08,303 [aac91d0e-90b3-4924-955b-30866d4fff78@group-2DDA05B3685C-LeaderElection20] INFO  impl.RoleInfo (RoleInfo.java:shutdownLeaderElection(134)) - aac91d0e-90b3-4924-955b-30866d4fff78: shutdown LeaderElection
2019-10-19 00:50:08,303 [aac91d0e-90b3-4924-955b-30866d4fff78@group-2DDA05B3685C-LeaderElection20] INFO  impl.RoleInfo (RoleInfo.java:updateAndGet(143)) - aac91d0e-90b3-4924-955b-30866d4fff78: start FollowerState
2019-10-19 00:50:08,307 [Thread-664] INFO  impl.FollowerState (FollowerState.java:run(108)) - aac91d0e-90b3-4924-955b-30866d4fff78@group-2DDA05B3685C-FollowerState: change to CANDIDATE, lastRpcTime:3ms, electionTimeout:3ms
2019-10-19 00:50:08,307 [Thread-664] INFO  impl.RoleInfo (RoleInfo.java:shutdownFollowerState(121)) - aac91d0e-90b3-4924-955b-30866d4fff78: shutdown FollowerState
2019-10-19 00:50:08,307 [Thread-664] INFO  impl.RaftServerImpl (RaftServerImpl.java:setRole(184)) - aac91d0e-90b3-4924-955b-30866d4fff78@group-2DDA05B3685C: changes role from  FOLLOWER to CANDIDATE at term 20 for changeToCandidate
2019-10-19 00:50:08,307 [Thread-664] INFO  impl.RoleInfo (RoleInfo.java:updateAndGet(143)) - aac91d0e-90b3-4924-955b-30866d4fff78: start LeaderElection
2019-10-19 00:50:08,321 [aac91d0e-90b3-4924-955b-30866d4fff78@group-2DDA05B3685C-LeaderElection21] INFO  impl.LeaderElection (LeaderElection.java:askForVotes(178)) - aac91d0e-90b3-4924-955b-30866d4fff78@group-2DDA05B3685C-LeaderElection21: begin an election at term 21 for 0: [67511f02-1a53-40d3-ad7c-17f75ce9e42c:192.168.157.213:45560, aac91d0e-90b3-4924-955b-30866d4fff78:192.168.157.213:41659, b6ed77c0-0909-418c-a0c6-e1477b4e10c3:192.168.157.213:33232], old=null
2019-10-19 00:50:08,325 [grpc-default-executor-0] INFO  impl.RaftServerImpl (RaftServerImpl.java:setRole(184)) - 67511f02-1a53-40d3-ad7c-17f75ce9e42c@group-2DDA05B3685C: changes role from  FOLLOWER to FOLLOWER at term 21 for recognizeCandidate:aac91d0e-90b3-4924-955b-30866d4fff78
2019-10-19 00:50:08,328 [grpc-default-executor-1] INFO  impl.RaftServerImpl (RaftServerImpl.java:setRole(184)) - b6ed77c0-0909-418c-a0c6-e1477b4e10c3@group-2DDA05B3685C: changes role from  FOLLOWER to FOLLOWER at term 21 for recognizeCandidate:aac91d0e-90b3-4924-955b-30866d4fff78
2019-10-19 00:50:08,328 [grpc-default-executor-0] INFO  impl.RoleInfo (RoleInfo.java:shutdownFollowerState(121)) - 67511f02-1a53-40d3-ad7c-17f75ce9e42c: shutdown FollowerState
2019-10-19 00:50:08,329 [grpc-default-executor-1] INFO  impl.RoleInfo (RoleInfo.java:shutdownFollowerState(121)) - b6ed77c0-0909-418c-a0c6-e1477b4e10c3: shutdown FollowerState
2019-10-19 00:50:08,329 [grpc-default-executor-0] INFO  impl.RoleInfo (RoleInfo.java:updateAndGet(143)) - 67511f02-1a53-40d3-ad7c-17f75ce9e42c: start FollowerState
2019-10-19 00:50:08,329 [Thread-660] INFO  impl.FollowerState (FollowerState.java:run(117)) - 67511f02-1a53-40d3-ad7c-17f75ce9e42c@group-2DDA05B3685C-FollowerState was interrupted: java.lang.InterruptedException: sleep interrupted
2019-10-19 00:50:08,329 [grpc-default-executor-1] INFO  impl.RoleInfo (RoleInfo.java:updateAndGet(143)) - b6ed77c0-0909-418c-a0c6-e1477b4e10c3: start FollowerState
2019-10-19 00:50:08,329 [Thread-661] INFO  impl.FollowerState (FollowerState.java:run(117)) - b6ed77c0-0909-418c-a0c6-e1477b4e10c3@group-2DDA05B3685C-FollowerState was interrupted: java.lang.InterruptedException: sleep interrupted
2019-10-19 00:50:08,338 [aac91d0e-90b3-4924-955b-30866d4fff78@group-2DDA05B3685C-LeaderElection21] INFO  impl.LeaderElection (LeaderElection.java:logAndReturn(56)) - aac91d0e-90b3-4924-955b-30866d4fff78@group-2DDA05B3685C-LeaderElection21: Election REJECTED; received 2 response(s) [aac91d0e-90b3-4924-955b-30866d4fff78<-67511f02-1a53-40d3-ad7c-17f75ce9e42c#0:FAIL-t21, aac91d0e-90b3-4924-955b-30866d4fff78<-b6ed77c0-0909-418c-a0c6-e1477b4e10c3#0:FAIL-t21] and 0 exception(s); aac91d0e-90b3-4924-955b-30866d4fff78@group-2DDA05B3685C:t21, leader=null, voted=aac91d0e-90b3-4924-955b-30866d4fff78, raftlog=aac91d0e-90b3-4924-955b-30866d4fff78@group-2DDA05B3685C-SegmentedRaftLog:OPENED:c3,f4,i4, conf=0: [67511f02-1a53-40d3-ad7c-17f75ce9e42c:192.168.157.213:45560, aac91d0e-90b3-4924-955b-30866d4fff78:192.168.157.213:41659, b6ed77c0-0909-418c-a0c6-e1477b4e10c3:192.168.157.213:33232], old=null
2019-10-19 00:50:08,338 [aac91d0e-90b3-4924-955b-30866d4fff78@group-2DDA05B3685C-LeaderElection21] INFO  impl.RaftServerImpl (RaftServerImpl.java:setRole(184)) - aac91d0e-90b3-4924-955b-30866d4fff78@group-2DDA05B3685C: changes role from CANDIDATE to FOLLOWER at term 21 for DISCOVERED_A_NEW_TERM
2019-10-19 00:50:08,338 [aac91d0e-90b3-4924-955b-30866d4fff78@group-2DDA05B3685C-LeaderElection21] INFO  impl.RoleInfo (RoleInfo.java:shutdownLeaderElection(134)) - aac91d0e-90b3-4924-955b-30866d4fff78: shutdown LeaderElection
2019-10-19 00:50:08,338 [aac91d0e-90b3-4924-955b-30866d4fff78@group-2DDA05B3685C-LeaderElection21] INFO  impl.RoleInfo (RoleInfo.java:updateAndGet(143)) - aac91d0e-90b3-4924-955b-30866d4fff78: start FollowerState
2019-10-19 00:50:08,346 [Thread-670] INFO  impl.FollowerState (FollowerState.java:run(108)) - aac91d0e-90b3-4924-955b-30866d4fff78@group-2DDA05B3685C-FollowerState: change to CANDIDATE, lastRpcTime:7ms, electionTimeout:7ms
2019-10-19 00:50:08,346 [Thread-670] INFO  impl.RoleInfo (RoleInfo.java:shutdownFollowerState(121)) - aac91d0e-90b3-4924-955b-30866d4fff78: shutdown FollowerState
2019-10-19 00:50:08,346 [Thread-670] INFO  impl.RaftServerImpl (RaftServerImpl.java:setRole(184)) - aac91d0e-90b3-4924-955b-30866d4fff78@group-2DDA05B3685C: changes role from  FOLLOWER to CANDIDATE at term 21 for changeToCandidate
2019-10-19 00:50:08,346 [Thread-670] INFO  impl.RoleInfo (RoleInfo.java:updateAndGet(143)) - aac91d0e-90b3-4924-955b-30866d4fff78: start LeaderElection
2019-10-19 00:50:08,359 [aac91d0e-90b3-4924-955b-30866d4fff78@group-2DDA05B3685C-LeaderElection22] INFO  impl.LeaderElection (LeaderElection.java:askForVotes(178)) - aac91d0e-90b3-4924-955b-30866d4fff78@group-2DDA05B3685C-LeaderElection22: begin an election at term 22 for 0: [67511f02-1a53-40d3-ad7c-17f75ce9e42c:192.168.157.213:45560, aac91d0e-90b3-4924-955b-30866d4fff78:192.168.157.213:41659, b6ed77c0-0909-418c-a0c6-e1477b4e10c3:192.168.157.213:33232], old=null
2019-10-19 00:50:08,362 [grpc-default-executor-0] INFO  impl.RaftServerImpl (RaftServerImpl.java:setRole(184)) - 67511f02-1a53-40d3-ad7c-17f75ce9e42c@group-2DDA05B3685C: changes role from  FOLLOWER to FOLLOWER at term 22 for recognizeCandidate:aac91d0e-90b3-4924-955b-30866d4fff78
2019-10-19 00:50:08,362 [grpc-default-executor-0] INFO  impl.RoleInfo (RoleInfo.java:shutdownFollowerState(121)) - 67511f02-1a53-40d3-ad7c-17f75ce9e42c: shutdown FollowerState
2019-10-19 00:50:08,362 [grpc-default-executor-1] INFO  impl.RaftServerImpl (RaftServerImpl.java:setRole(184)) - b6ed77c0-0909-418c-a0c6-e1477b4e10c3@group-2DDA05B3685C: changes role from  FOLLOWER to FOLLOWER at term 22 for recognizeCandidate:aac91d0e-90b3-4924-955b-30866d4fff78
2019-10-19 00:50:08,362 [Thread-668] INFO  impl.FollowerState (FollowerState.java:run(117)) - 67511f02-1a53-40d3-ad7c-17f75ce9e42c@group-2DDA05B3685C-FollowerState was interrupted: java.lang.InterruptedException: sleep interrupted
2019-10-19 00:50:08,362 [grpc-default-executor-0] INFO  impl.RoleInfo (RoleInfo.java:updateAndGet(143)) - 67511f02-1a53-40d3-ad7c-17f75ce9e42c: start FollowerState
2019-10-19 00:50:08,362 [grpc-default-executor-1] INFO  impl.RoleInfo (RoleInfo.java:shutdownFollowerState(121)) - b6ed77c0-0909-418c-a0c6-e1477b4e10c3: shutdown FollowerState
2019-10-19 00:50:08,363 [grpc-default-executor-1] INFO  impl.RoleInfo (RoleInfo.java:updateAndGet(143)) - b6ed77c0-0909-418c-a0c6-e1477b4e10c3: start FollowerState
2019-10-19 00:50:08,363 [Thread-669] INFO  impl.FollowerState (FollowerState.java:run(117)) - b6ed77c0-0909-418c-a0c6-e1477b4e10c3@group-2DDA05B3685C-FollowerState was interrupted: java.lang.InterruptedException: sleep interrupted
2019-10-19 00:50:08,387 [aac91d0e-90b3-4924-955b-30866d4fff78@group-2DDA05B3685C-LeaderElection22] INFO  impl.LeaderElection (LeaderElection.java:logAndReturn(56)) - aac91d0e-90b3-4924-955b-30866d4fff78@group-2DDA05B3685C-LeaderElection22: Election REJECTED; received 2 response(s) [aac91d0e-90b3-4924-955b-30866d4fff78<-67511f02-1a53-40d3-ad7c-17f75ce9e42c#0:FAIL-t22, aac91d0e-90b3-4924-955b-30866d4fff78<-b6ed77c0-0909-418c-a0c6-e1477b4e10c3#0:FAIL-t22] and 0 exception(s); aac91d0e-90b3-4924-955b-30866d4fff78@group-2DDA05B3685C:t22, leader=null, voted=aac91d0e-90b3-4924-955b-30866d4fff78, raftlog=aac91d0e-90b3-4924-955b-30866d4fff78@group-2DDA05B3685C-SegmentedRaftLog:OPENED:c3,f4,i4, conf=0: [67511f02-1a53-40d3-ad7c-17f75ce9e42c:192.168.157.213:45560, aac91d0e-90b3-4924-955b-30866d4fff78:192.168.157.213:41659, b6ed77c0-0909-418c-a0c6-e1477b4e10c3:192.168.157.213:33232], old=null
2019-10-19 00:50:08,388 [aac91d0e-90b3-4924-955b-30866d4fff78@group-2DDA05B3685C-LeaderElection22] INFO  impl.RaftServerImpl (RaftServerImpl.java:setRole(184)) - aac91d0e-90b3-4924-955b-30866d4fff78@group-2DDA05B3685C: changes role from CANDIDATE to FOLLOWER at term 22 for DISCOVERED_A_NEW_TERM
2019-10-19 00:50:08,388 [aac91d0e-90b3-4924-955b-30866d4fff78@group-2DDA05B3685C-LeaderElection22] INFO  impl.RoleInfo (RoleInfo.java:shutdownLeaderElection(134)) - aac91d0e-90b3-4924-955b-30866d4fff78: shutdown LeaderElection
2019-10-19 00:50:08,388 [aac91d0e-90b3-4924-955b-30866d4fff78@group-2DDA05B3685C-LeaderElection22] INFO  impl.RoleInfo (RoleInfo.java:updateAndGet(143)) - aac91d0e-90b3-4924-955b-30866d4fff78: start FollowerState
2019-10-19 00:50:08,547 [Thread-676] INFO  impl.FollowerState (FollowerState.java:run(108)) - aac91d0e-90b3-4924-955b-30866d4fff78@group-2DDA05B3685C-FollowerState: change to CANDIDATE, lastRpcTime:159ms, electionTimeout:159ms
2019-10-19 00:50:08,548 [Thread-676] INFO  impl.RoleInfo (RoleInfo.java:shutdownFollowerState(121)) - aac91d0e-90b3-4924-955b-30866d4fff78: shutdown FollowerState
2019-10-19 00:50:08,548 [Thread-676] INFO  impl.RaftServerImpl (RaftServerImpl.java:setRole(184)) - aac91d0e-90b3-4924-955b-30866d4fff78@group-2DDA05B3685C: changes role from  FOLLOWER to CANDIDATE at term 22 for changeToCandidate
2019-10-19 00:50:08,548 [Thread-676] INFO  impl.RoleInfo (RoleInfo.java:updateAndGet(143)) - aac91d0e-90b3-4924-955b-30866d4fff78: start LeaderElection
2019-10-19 00:50:08,562 [aac91d0e-90b3-4924-955b-30866d4fff78@group-2DDA05B3685C-LeaderElection23] INFO  impl.LeaderElection (LeaderElection.java:askForVotes(178)) - aac91d0e-90b3-4924-955b-30866d4fff78@group-2DDA05B3685C-LeaderElection23: begin an election at term 23 for 0: [67511f02-1a53-40d3-ad7c-17f75ce9e42c:192.168.157.213:45560, aac91d0e-90b3-4924-955b-30866d4fff78:192.168.157.213:41659, b6ed77c0-0909-418c-a0c6-e1477b4e10c3:192.168.157.213:33232], old=null
2019-10-19 00:50:08,565 [grpc-default-executor-0] INFO  impl.RaftServerImpl (RaftServerImpl.java:setRole(184)) - 67511f02-1a53-40d3-ad7c-17f75ce9e42c@group-2DDA05B3685C: changes role from  FOLLOWER to FOLLOWER at term 23 for recognizeCandidate:aac91d0e-90b3-4924-955b-30866d4fff78
2019-10-19 00:50:08,565 [grpc-default-executor-1] INFO  impl.RaftServerImpl (RaftServerImpl.java:setRole(184)) - b6ed77c0-0909-418c-a0c6-e1477b4e10c3@group-2DDA05B3685C: changes role from  FOLLOWER to FOLLOWER at term 23 for recognizeCandidate:aac91d0e-90b3-4924-955b-30866d4fff78
2019-10-19 00:50:08,566 [grpc-default-executor-0] INFO  impl.RoleInfo (RoleInfo.java:shutdownFollowerState(121)) - 67511f02-1a53-40d3-ad7c-17f75ce9e42c: shutdown FollowerState
2019-10-19 00:50:08,566 [grpc-default-executor-1] INFO  impl.RoleInfo (RoleInfo.java:shutdownFollowerState(121)) - b6ed77c0-0909-418c-a0c6-e1477b4e10c3: shutdown FollowerState
2019-10-19 00:50:08,566 [grpc-default-executor-0] INFO  impl.RoleInfo (RoleInfo.java:updateAndGet(143)) - 67511f02-1a53-40d3-ad7c-17f75ce9e42c: start FollowerState
2019-10-19 00:50:08,566 [Thread-674] INFO  impl.FollowerState (FollowerState.java:run(117)) - 67511f02-1a53-40d3-ad7c-17f75ce9e42c@group-2DDA05B3685C-FollowerState was interrupted: java.lang.InterruptedException: sleep interrupted
2019-10-19 00:50:08,566 [grpc-default-executor-1] INFO  impl.RoleInfo (RoleInfo.java:updateAndGet(143)) - b6ed77c0-0909-418c-a0c6-e1477b4e10c3: start FollowerState
2019-10-19 00:50:08,566 [Thread-675] INFO  impl.FollowerState (FollowerState.java:run(117)) - b6ed77c0-0909-418c-a0c6-e1477b4e10c3@group-2DDA05B3685C-FollowerState was interrupted: java.lang.InterruptedException: sleep interrupted
2019-10-19 00:50:08,581 [aac91d0e-90b3-4924-955b-30866d4fff78@group-2DDA05B3685C-LeaderElection23] INFO  impl.LeaderElection (LeaderElection.java:logAndReturn(56)) - aac91d0e-90b3-4924-955b-30866d4fff78@group-2DDA05B3685C-LeaderElection23: Election REJECTED; received 2 response(s) [aac91d0e-90b3-4924-955b-30866d4fff78<-67511f02-1a53-40d3-ad7c-17f75ce9e42c#0:FAIL-t23, aac91d0e-90b3-4924-955b-30866d4fff78<-b6ed77c0-0909-418c-a0c6-e1477b4e10c3#0:FAIL-t23] and 0 exception(s); aac91d0e-90b3-4924-955b-30866d4fff78@group-2DDA05B3685C:t23, leader=null, voted=aac91d0e-90b3-4924-955b-30866d4fff78, raftlog=aac91d0e-90b3-4924-955b-30866d4fff78@group-2DDA05B3685C-SegmentedRaftLog:OPENED:c3,f4,i4, conf=0: [67511f02-1a53-40d3-ad7c-17f75ce9e42c:192.168.157.213:45560, aac91d0e-90b3-4924-955b-30866d4fff78:192.168.157.213:41659, b6ed77c0-0909-418c-a0c6-e1477b4e10c3:192.168.157.213:33232], old=null
2019-10-19 00:50:08,582 [aac91d0e-90b3-4924-955b-30866d4fff78@group-2DDA05B3685C-LeaderElection23] INFO  impl.RaftServerImpl (RaftServerImpl.java:setRole(184)) - aac91d0e-90b3-4924-955b-30866d4fff78@group-2DDA05B3685C: changes role from CANDIDATE to FOLLOWER at term 23 for DISCOVERED_A_NEW_TERM
2019-10-19 00:50:08,582 [aac91d0e-90b3-4924-955b-30866d4fff78@group-2DDA05B3685C-LeaderElection23] INFO  impl.RoleInfo (RoleInfo.java:shutdownLeaderElection(134)) - aac91d0e-90b3-4924-955b-30866d4fff78: shutdown LeaderElection
2019-10-19 00:50:08,582 [aac91d0e-90b3-4924-955b-30866d4fff78@group-2DDA05B3685C-LeaderElection23] INFO  impl.RoleInfo (RoleInfo.java:updateAndGet(143)) - aac91d0e-90b3-4924-955b-30866d4fff78: start FollowerState
2019-10-19 00:50:08,587 [Thread-682] INFO  impl.FollowerState (FollowerState.java:run(108)) - aac91d0e-90b3-4924-955b-30866d4fff78@group-2DDA05B3685C-FollowerState: change to CANDIDATE, lastRpcTime:5ms, electionTimeout:5ms
2019-10-19 00:50:08,587 [Thread-682] INFO  impl.RoleInfo (RoleInfo.java:shutdownFollowerState(121)) - aac91d0e-90b3-4924-955b-30866d4fff78: shutdown FollowerState
2019-10-19 00:50:08,588 [Thread-682] INFO  impl.RaftServerImpl (RaftServerImpl.java:setRole(184)) - aac91d0e-90b3-4924-955b-30866d4fff78@group-2DDA05B3685C: changes role from  FOLLOWER to CANDIDATE at term 23 for changeToCandidate
2019-10-19 00:50:08,588 [Thread-682] INFO  impl.RoleInfo (RoleInfo.java:updateAndGet(143)) - aac91d0e-90b3-4924-955b-30866d4fff78: start LeaderElection
2019-10-19 00:50:08,602 [aac91d0e-90b3-4924-955b-30866d4fff78@group-2DDA05B3685C-LeaderElection24] INFO  impl.LeaderElection (LeaderElection.java:askForVotes(178)) - aac91d0e-90b3-4924-955b-30866d4fff78@group-2DDA05B3685C-LeaderElection24: begin an election at term 24 for 0: [67511f02-1a53-40d3-ad7c-17f75ce9e42c:192.168.157.213:45560, aac91d0e-90b3-4924-955b-30866d4fff78:192.168.157.213:41659, b6ed77c0-0909-418c-a0c6-e1477b4e10c3:192.168.157.213:33232], old=null
2019-10-19 00:50:08,604 [grpc-default-executor-1] INFO  impl.RaftServerImpl (RaftServerImpl.java:setRole(184)) - b6ed77c0-0909-418c-a0c6-e1477b4e10c3@group-2DDA05B3685C: changes role from  FOLLOWER to FOLLOWER at term 24 for recognizeCandidate:aac91d0e-90b3-4924-955b-30866d4fff78
2019-10-19 00:50:08,604 [grpc-default-executor-0] INFO  impl.RaftServerImpl (RaftServerImpl.java:setRole(184)) - 67511f02-1a53-40d3-ad7c-17f75ce9e42c@group-2DDA05B3685C: changes role from  FOLLOWER to FOLLOWER at term 24 for recognizeCandidate:aac91d0e-90b3-4924-955b-30866d4fff78
2019-10-19 00:50:08,605 [grpc-default-executor-1] INFO  impl.RoleInfo (RoleInfo.java:shutdownFollowerState(121)) - b6ed77c0-0909-418c-a0c6-e1477b4e10c3: shutdown FollowerState
2019-10-19 00:50:08,605 [grpc-default-executor-0] INFO  impl.RoleInfo (RoleInfo.java:shutdownFollowerState(121)) - 67511f02-1a53-40d3-ad7c-17f75ce9e42c: shutdown FollowerState
2019-10-19 00:50:08,605 [grpc-default-executor-1] INFO  impl.RoleInfo (RoleInfo.java:updateAndGet(143)) - b6ed77c0-0909-418c-a0c6-e1477b4e10c3: start FollowerState
2019-10-19 00:50:08,605 [Thread-681] INFO  impl.FollowerState (FollowerState.java:run(117)) - b6ed77c0-0909-418c-a0c6-e1477b4e10c3@group-2DDA05B3685C-FollowerState was interrupted: java.lang.InterruptedException: sleep interrupted
2019-10-19 00:50:08,605 [grpc-default-executor-0] INFO  impl.RoleInfo (RoleInfo.java:updateAndGet(143)) - 67511f02-1a53-40d3-ad7c-17f75ce9e42c: start FollowerState
2019-10-19 00:50:08,605 [Thread-680] INFO  impl.FollowerState (FollowerState.java:run(117)) - 67511f02-1a53-40d3-ad7c-17f75ce9e42c@group-2DDA05B3685C-FollowerState was interrupted: java.lang.InterruptedException: sleep interrupted
2019-10-19 00:50:08,631 [aac91d0e-90b3-4924-955b-30866d4fff78@group-2DDA05B3685C-LeaderElection24] INFO  impl.LeaderElection (LeaderElection.java:logAndReturn(56)) - aac91d0e-90b3-4924-955b-30866d4fff78@group-2DDA05B3685C-LeaderElection24: Election REJECTED; received 2 response(s) [aac91d0e-90b3-4924-955b-30866d4fff78<-67511f02-1a53-40d3-ad7c-17f75ce9e42c#0:FAIL-t24, aac91d0e-90b3-4924-955b-30866d4fff78<-b6ed77c0-0909-418c-a0c6-e1477b4e10c3#0:FAIL-t24] and 0 exception(s); aac91d0e-90b3-4924-955b-30866d4fff78@group-2DDA05B3685C:t24, leader=null, voted=aac91d0e-90b3-4924-955b-30866d4fff78, raftlog=aac91d0e-90b3-4924-955b-30866d4fff78@group-2DDA05B3685C-SegmentedRaftLog:OPENED:c3,f4,i4, conf=0: [67511f02-1a53-40d3-ad7c-17f75ce9e42c:192.168.157.213:45560, aac91d0e-90b3-4924-955b-30866d4fff78:192.168.157.213:41659, b6ed77c0-0909-418c-a0c6-e1477b4e10c3:192.168.157.213:33232], old=null
2019-10-19 00:50:08,631 [aac91d0e-90b3-4924-955b-30866d4fff78@group-2DDA05B3685C-LeaderElection24] INFO  impl.RaftServerImpl (RaftServerImpl.java:setRole(184)) - aac91d0e-90b3-4924-955b-30866d4fff78@group-2DDA05B3685C: changes role from CANDIDATE to FOLLOWER at term 24 for DISCOVERED_A_NEW_TERM
2019-10-19 00:50:08,632 [aac91d0e-90b3-4924-955b-30866d4fff78@group-2DDA05B3685C-LeaderElection24] INFO  impl.RoleInfo (RoleInfo.java:shutdownLeaderElection(134)) - aac91d0e-90b3-4924-955b-30866d4fff78: shutdown LeaderElection
2019-10-19 00:50:08,632 [aac91d0e-90b3-4924-955b-30866d4fff78@group-2DDA05B3685C-LeaderElection24] INFO  impl.RoleInfo (RoleInfo.java:updateAndGet(143)) - aac91d0e-90b3-4924-955b-30866d4fff78: start FollowerState
2019-10-19 00:50:08,661 [Thread-688] INFO  impl.FollowerState (FollowerState.java:run(108)) - aac91d0e-90b3-4924-955b-30866d4fff78@group-2DDA05B3685C-FollowerState: change to CANDIDATE, lastRpcTime:29ms, electionTimeout:29ms
2019-10-19 00:50:08,661 [Thread-688] INFO  impl.RoleInfo (RoleInfo.java:shutdownFollowerState(121)) - aac91d0e-90b3-4924-955b-30866d4fff78: shutdown FollowerState
2019-10-19 00:50:08,661 [Thread-688] INFO  impl.RaftServerImpl (RaftServerImpl.java:setRole(184)) - aac91d0e-90b3-4924-955b-30866d4fff78@group-2DDA05B3685C: changes role from  FOLLOWER to CANDIDATE at term 24 for changeToCandidate
2019-10-19 00:50:08,661 [Thread-688] INFO  impl.RoleInfo (RoleInfo.java:updateAndGet(143)) - aac91d0e-90b3-4924-955b-30866d4fff78: start LeaderElection
2019-10-19 00:50:08,675 [aac91d0e-90b3-4924-955b-30866d4fff78@group-2DDA05B3685C-LeaderElection25] INFO  impl.LeaderElection (LeaderElection.java:askForVotes(178)) - aac91d0e-90b3-4924-955b-30866d4fff78@group-2DDA05B3685C-LeaderElection25: begin an election at term 25 for 0: [67511f02-1a53-40d3-ad7c-17f75ce9e42c:192.168.157.213:45560, aac91d0e-90b3-4924-955b-30866d4fff78:192.168.157.213:41659, b6ed77c0-0909-418c-a0c6-e1477b4e10c3:192.168.157.213:33232], old=null
2019-10-19 00:50:08,678 [grpc-default-executor-0] INFO  impl.RaftServerImpl (RaftServerImpl.java:setRole(184)) - b6ed77c0-0909-418c-a0c6-e1477b4e10c3@group-2DDA05B3685C: changes role from  FOLLOWER to FOLLOWER at term 25 for recognizeCandidate:aac91d0e-90b3-4924-955b-30866d4fff78
2019-10-19 00:50:08,678 [grpc-default-executor-0] INFO  impl.RoleInfo (RoleInfo.java:shutdownFollowerState(121)) - b6ed77c0-0909-418c-a0c6-e1477b4e10c3: shutdown FollowerState
2019-10-19 00:50:08,678 [grpc-default-executor-1] INFO  impl.RaftServerImpl (RaftServerImpl.java:setRole(184)) - 67511f02-1a53-40d3-ad7c-17f75ce9e42c@group-2DDA05B3685C: changes role from  FOLLOWER to FOLLOWER at term 25 for recognizeCandidate:aac91d0e-90b3-4924-955b-30866d4fff78
2019-10-19 00:50:08,678 [grpc-default-executor-0] INFO  impl.RoleInfo (RoleInfo.java:updateAndGet(143)) - b6ed77c0-0909-418c-a0c6-e1477b4e10c3: start FollowerState
2019-10-19 00:50:08,678 [Thread-686] INFO  impl.FollowerState (FollowerState.java:run(117)) - b6ed77c0-0909-418c-a0c6-e1477b4e10c3@group-2DDA05B3685C-FollowerState was interrupted: java.lang.InterruptedException: sleep interrupted
2019-10-19 00:50:08,678 [grpc-default-executor-1] INFO  impl.RoleInfo (RoleInfo.java:shutdownFollowerState(121)) - 67511f02-1a53-40d3-ad7c-17f75ce9e42c: shutdown FollowerState
2019-10-19 00:50:08,679 [Thread-687] INFO  impl.FollowerState (FollowerState.java:run(117)) - 67511f02-1a53-40d3-ad7c-17f75ce9e42c@group-2DDA05B3685C-FollowerState was interrupted: java.lang.InterruptedException: sleep interrupted
2019-10-19 00:50:08,679 [grpc-default-executor-1] INFO  impl.RoleInfo (RoleInfo.java:updateAndGet(143)) - 67511f02-1a53-40d3-ad7c-17f75ce9e42c: start FollowerState
2019-10-19 00:50:08,689 [aac91d0e-90b3-4924-955b-30866d4fff78@group-2DDA05B3685C-LeaderElection25] INFO  impl.LeaderElection (LeaderElection.java:logAndReturn(56)) - aac91d0e-90b3-4924-955b-30866d4fff78@group-2DDA05B3685C-LeaderElection25: Election TIMEOUT; received 0 response(s) [] and 0 exception(s); aac91d0e-90b3-4924-955b-30866d4fff78@group-2DDA05B3685C:t25, leader=null, voted=aac91d0e-90b3-4924-955b-30866d4fff78, raftlog=aac91d0e-90b3-4924-955b-30866d4fff78@group-2DDA05B3685C-SegmentedRaftLog:OPENED:c3,f4,i4, conf=0: [67511f02-1a53-40d3-ad7c-17f75ce9e42c:192.168.157.213:45560, aac91d0e-90b3-4924-955b-30866d4fff78:192.168.157.213:41659, b6ed77c0-0909-418c-a0c6-e1477b4e10c3:192.168.157.213:33232], old=null
2019-10-19 00:50:08,694 [aac91d0e-90b3-4924-955b-30866d4fff78@group-2DDA05B3685C-LeaderElection25] INFO  impl.LeaderElection (LeaderElection.java:askForVotes(178)) - aac91d0e-90b3-4924-955b-30866d4fff78@group-2DDA05B3685C-LeaderElection25: begin an election at term 26 for 0: [67511f02-1a53-40d3-ad7c-17f75ce9e42c:192.168.157.213:45560, aac91d0e-90b3-4924-955b-30866d4fff78:192.168.157.213:41659, b6ed77c0-0909-418c-a0c6-e1477b4e10c3:192.168.157.213:33232], old=null
2019-10-19 00:50:08,696 [grpc-default-executor-0] INFO  impl.RaftServerImpl (RaftServerImpl.java:setRole(184)) - b6ed77c0-0909-418c-a0c6-e1477b4e10c3@group-2DDA05B3685C: changes role from  FOLLOWER to FOLLOWER at term 26 for recognizeCandidate:aac91d0e-90b3-4924-955b-30866d4fff78
2019-10-19 00:50:08,696 [grpc-default-executor-1] INFO  impl.RaftServerImpl (RaftServerImpl.java:setRole(184)) - 67511f02-1a53-40d3-ad7c-17f75ce9e42c@group-2DDA05B3685C: changes role from  FOLLOWER to FOLLOWER at term 26 for recognizeCandidate:aac91d0e-90b3-4924-955b-30866d4fff78
2019-10-19 00:50:08,696 [grpc-default-executor-0] INFO  impl.RoleInfo (RoleInfo.java:shutdownFollowerState(121)) - b6ed77c0-0909-418c-a0c6-e1477b4e10c3: shutdown FollowerState
2019-10-19 00:50:08,696 [grpc-default-executor-1] INFO  impl.RoleInfo (RoleInfo.java:shutdownFollowerState(121)) - 67511f02-1a53-40d3-ad7c-17f75ce9e42c: shutdown FollowerState
2019-10-19 00:50:08,696 [Thread-692] INFO  impl.FollowerState (FollowerState.java:run(117)) - b6ed77c0-0909-418c-a0c6-e1477b4e10c3@group-2DDA05B3685C-FollowerState was interrupted: java.lang.InterruptedException: sleep interrupted
2019-10-19 00:50:08,696 [Thread-693] INFO  impl.FollowerState (FollowerState.java:run(117)) - 67511f02-1a53-40d3-ad7c-17f75ce9e42c@group-2DDA05B3685C-FollowerState was interrupted: java.lang.InterruptedException: sleep interrupted
2019-10-19 00:50:08,696 [grpc-default-executor-0] INFO  impl.RoleInfo (RoleInfo.java:updateAndGet(143)) - b6ed77c0-0909-418c-a0c6-e1477b4e10c3: start FollowerState
2019-10-19 00:50:08,696 [grpc-default-executor-1] INFO  impl.RoleInfo (RoleInfo.java:updateAndGet(143)) - 67511f02-1a53-40d3-ad7c-17f75ce9e42c: start FollowerState
2019-10-19 00:50:08,713 [aac91d0e-90b3-4924-955b-30866d4fff78@group-2DDA05B3685C-LeaderElection25] INFO  impl.LeaderElection (LeaderElection.java:logAndReturn(56)) - aac91d0e-90b3-4924-955b-30866d4fff78@group-2DDA05B3685C-LeaderElection25: Election REJECTED; received 2 response(s) [aac91d0e-90b3-4924-955b-30866d4fff78<-67511f02-1a53-40d3-ad7c-17f75ce9e42c#0:FAIL-t26, aac91d0e-90b3-4924-955b-30866d4fff78<-b6ed77c0-0909-418c-a0c6-e1477b4e10c3#0:FAIL-t26] and 0 exception(s); aac91d0e-90b3-4924-955b-30866d4fff78@group-2DDA05B3685C:t26, leader=null, voted=aac91d0e-90b3-4924-955b-30866d4fff78, raftlog=aac91d0e-90b3-4924-955b-30866d4fff78@group-2DDA05B3685C-SegmentedRaftLog:OPENED:c3,f4,i4, conf=0: [67511f02-1a53-40d3-ad7c-17f75ce9e42c:192.168.157.213:45560, aac91d0e-90b3-4924-955b-30866d4fff78:192.168.157.213:41659, b6ed77c0-0909-418c-a0c6-e1477b4e10c3:192.168.157.213:33232], old=null
2019-10-19 00:50:08,713 [aac91d0e-90b3-4924-955b-30866d4fff78@group-2DDA05B3685C-LeaderElection25] INFO  impl.RaftServerImpl (RaftServerImpl.java:setRole(184)) - aac91d0e-90b3-4924-955b-30866d4fff78@group-2DDA05B3685C: changes role from CANDIDATE to FOLLOWER at term 26 for DISCOVERED_A_NEW_TERM
2019-10-19 00:50:08,713 [aac91d0e-90b3-4924-955b-30866d4fff78@group-2DDA05B3685C-LeaderElection25] INFO  impl.RoleInfo (RoleInfo.java:shutdownLeaderElection(134)) - aac91d0e-90b3-4924-955b-30866d4fff78: shutdown LeaderElection
2019-10-19 00:50:08,713 [aac91d0e-90b3-4924-955b-30866d4fff78@group-2DDA05B3685C-LeaderElection25] INFO  impl.RoleInfo (RoleInfo.java:updateAndGet(143)) - aac91d0e-90b3-4924-955b-30866d4fff78: start FollowerState
2019-10-19 00:50:08,779 [Thread-698] INFO  impl.FollowerState (FollowerState.java:run(108)) - aac91d0e-90b3-4924-955b-30866d4fff78@group-2DDA05B3685C-FollowerState: change to CANDIDATE, lastRpcTime:66ms, electionTimeout:66ms
2019-10-19 00:50:08,780 [Thread-698] INFO  impl.RoleInfo (RoleInfo.java:shutdownFollowerState(121)) - aac91d0e-90b3-4924-955b-30866d4fff78: shutdown FollowerState
2019-10-19 00:50:08,780 [Thread-698] INFO  impl.RaftServerImpl (RaftServerImpl.java:setRole(184)) - aac91d0e-90b3-4924-955b-30866d4fff78@group-2DDA05B3685C: changes role from  FOLLOWER to CANDIDATE at term 26 for changeToCandidate
2019-10-19 00:50:08,780 [Thread-698] INFO  impl.RoleInfo (RoleInfo.java:updateAndGet(143)) - aac91d0e-90b3-4924-955b-30866d4fff78: start LeaderElection
2019-10-19 00:50:08,783 [aac91d0e-90b3-4924-955b-30866d4fff78@group-2DDA05B3685C-LeaderElection26] INFO  impl.LeaderElection (LeaderElection.java:askForVotes(178)) - aac91d0e-90b3-4924-955b-30866d4fff78@group-2DDA05B3685C-LeaderElection26: begin an election at term 27 for 0: [67511f02-1a53-40d3-ad7c-17f75ce9e42c:192.168.157.213:45560, aac91d0e-90b3-4924-955b-30866d4fff78:192.168.157.213:41659, b6ed77c0-0909-418c-a0c6-e1477b4e10c3:192.168.157.213:33232], old=null
2019-10-19 00:50:08,786 [grpc-default-executor-1] INFO  impl.RaftServerImpl (RaftServerImpl.java:setRole(184)) - 67511f02-1a53-40d3-ad7c-17f75ce9e42c@group-2DDA05B3685C: changes role from  FOLLOWER to FOLLOWER at term 27 for recognizeCandidate:aac91d0e-90b3-4924-955b-30866d4fff78
2019-10-19 00:50:08,786 [grpc-default-executor-0] INFO  impl.RaftServerImpl (RaftServerImpl.java:setRole(184)) - b6ed77c0-0909-418c-a0c6-e1477b4e10c3@group-2DDA05B3685C: changes role from  FOLLOWER to FOLLOWER at term 27 for recognizeCandidate:aac91d0e-90b3-4924-955b-30866d4fff78
2019-10-19 00:50:08,786 [grpc-default-executor-1] INFO  impl.RoleInfo (RoleInfo.java:shutdownFollowerState(121)) - 67511f02-1a53-40d3-ad7c-17f75ce9e42c: shutdown FollowerState
2019-10-19 00:50:08,786 [grpc-default-executor-0] INFO  impl.RoleInfo (RoleInfo.java:shutdownFollowerState(121)) - b6ed77c0-0909-418c-a0c6-e1477b4e10c3: shutdown FollowerState
2019-10-19 00:50:08,786 [Thread-697] INFO  impl.FollowerState (FollowerState.java:run(117)) - 67511f02-1a53-40d3-ad7c-17f75ce9e42c@group-2DDA05B3685C-FollowerState was interrupted: java.lang.InterruptedException: sleep interrupted
2019-10-19 00:50:08,787 [grpc-default-executor-0] INFO  impl.RoleInfo (RoleInfo.java:updateAndGet(143)) - b6ed77c0-0909-418c-a0c6-e1477b4e10c3: start FollowerState
2019-10-19 00:50:08,787 [Thread-696] INFO  impl.FollowerState (FollowerState.java:run(117)) - b6ed77c0-0909-418c-a0c6-e1477b4e10c3@group-2DDA05B3685C-FollowerState was interrupted: java.lang.InterruptedException: sleep interrupted
2019-10-19 00:50:08,786 [grpc-default-executor-1] INFO  impl.RoleInfo (RoleInfo.java:updateAndGet(143)) - 67511f02-1a53-40d3-ad7c-17f75ce9e42c: start FollowerState
2019-10-19 00:50:08,802 [aac91d0e-90b3-4924-955b-30866d4fff78@group-2DDA05B3685C-LeaderElection26] INFO  impl.LeaderElection (LeaderElection.java:logAndReturn(56)) - aac91d0e-90b3-4924-955b-30866d4fff78@group-2DDA05B3685C-LeaderElection26: Election REJECTED; received 2 response(s) [aac91d0e-90b3-4924-955b-30866d4fff78<-67511f02-1a53-40d3-ad7c-17f75ce9e42c#0:FAIL-t27, aac91d0e-90b3-4924-955b-30866d4fff78<-b6ed77c0-0909-418c-a0c6-e1477b4e10c3#0:FAIL-t27] and 0 exception(s); aac91d0e-90b3-4924-955b-30866d4fff78@group-2DDA05B3685C:t27, leader=null, voted=aac91d0e-90b3-4924-955b-30866d4fff78, raftlog=aac91d0e-90b3-4924-955b-30866d4fff78@group-2DDA05B3685C-SegmentedRaftLog:OPENED:c3,f4,i4, conf=0: [67511f02-1a53-40d3-ad7c-17f75ce9e42c:192.168.157.213:45560, aac91d0e-90b3-4924-955b-30866d4fff78:192.168.157.213:41659, b6ed77c0-0909-418c-a0c6-e1477b4e10c3:192.168.157.213:33232], old=null
2019-10-19 00:50:08,802 [aac91d0e-90b3-4924-955b-30866d4fff78@group-2DDA05B3685C-LeaderElection26] INFO  impl.RaftServerImpl (RaftServerImpl.java:setRole(184)) - aac91d0e-90b3-4924-955b-30866d4fff78@group-2DDA05B3685C: changes role from CANDIDATE to FOLLOWER at term 27 for DISCOVERED_A_NEW_TERM
2019-10-19 00:50:08,802 [aac91d0e-90b3-4924-955b-30866d4fff78@group-2DDA05B3685C-LeaderElection26] INFO  impl.RoleInfo (RoleInfo.java:shutdownLeaderElection(134)) - aac91d0e-90b3-4924-955b-30866d4fff78: shutdown LeaderElection
2019-10-19 00:50:08,802 [aac91d0e-90b3-4924-955b-30866d4fff78@group-2DDA05B3685C-LeaderElection26] INFO  impl.RoleInfo (RoleInfo.java:updateAndGet(143)) - aac91d0e-90b3-4924-955b-30866d4fff78: start FollowerState
2019-10-19 00:50:08,803 [pool-7-thread-3] INFO  commands.RetriableDatanodeEventWatcher (RetriableDatanodeEventWatcher.java:onTimeout(47)) - RetriableDatanodeCommand type=deleteBlocksCommand with id=1571446202802 timed out. Retrying.
2019-10-19 00:50:08,804 [pool-7-thread-4] INFO  commands.RetriableDatanodeEventWatcher (RetriableDatanodeEventWatcher.java:onTimeout(47)) - RetriableDatanodeCommand type=deleteBlocksCommand with id=1571446202804 timed out. Retrying.
2019-10-19 00:50:08,804 [pool-7-thread-2] INFO  commands.RetriableDatanodeEventWatcher (RetriableDatanodeEventWatcher.java:onTimeout(47)) - RetriableDatanodeCommand type=deleteBlocksCommand with id=1571446202800 timed out. Retrying.
2019-10-19 00:50:08,804 [pool-7-thread-1] INFO  commands.RetriableDatanodeEventWatcher (RetriableDatanodeEventWatcher.java:onTimeout(47)) - RetriableDatanodeCommand type=deleteBlocksCommand with id=1571446202805 timed out. Retrying.
2019-10-19 00:50:08,805 [pool-7-thread-3] INFO  commands.RetriableDatanodeEventWatcher (RetriableDatanodeEventWatcher.java:onTimeout(47)) - RetriableDatanodeCommand type=deleteBlocksCommand with id=1571446202806 timed out. Retrying.
2019-10-19 00:50:08,805 [pool-7-thread-4] INFO  commands.RetriableDatanodeEventWatcher (RetriableDatanodeEventWatcher.java:onTimeout(47)) - RetriableDatanodeCommand type=deleteBlocksCommand with id=1571446202807 timed out. Retrying.
2019-10-19 00:50:08,805 [SCMBlockDeletingService#1] INFO  block.SCMBlockDeletingService (SCMBlockDeletingService.java:call(184)) - Totally added 1 delete blocks command for 1 datanodes, task elapsed time: 1ms
2019-10-19 00:50:08,820 [Thread-704] INFO  impl.FollowerState (FollowerState.java:run(108)) - aac91d0e-90b3-4924-955b-30866d4fff78@group-2DDA05B3685C-FollowerState: change to CANDIDATE, lastRpcTime:17ms, electionTimeout:17ms
2019-10-19 00:50:08,820 [Thread-704] INFO  impl.RoleInfo (RoleInfo.java:shutdownFollowerState(121)) - aac91d0e-90b3-4924-955b-30866d4fff78: shutdown FollowerState
2019-10-19 00:50:08,820 [Thread-704] INFO  impl.RaftServerImpl (RaftServerImpl.java:setRole(184)) - aac91d0e-90b3-4924-955b-30866d4fff78@group-2DDA05B3685C: changes role from  FOLLOWER to CANDIDATE at term 27 for changeToCandidate
2019-10-19 00:50:08,820 [Thread-704] INFO  impl.RoleInfo (RoleInfo.java:updateAndGet(143)) - aac91d0e-90b3-4924-955b-30866d4fff78: start LeaderElection
2019-10-19 00:50:08,834 [aac91d0e-90b3-4924-955b-30866d4fff78@group-2DDA05B3685C-LeaderElection27] INFO  impl.LeaderElection (LeaderElection.java:askForVotes(178)) - aac91d0e-90b3-4924-955b-30866d4fff78@group-2DDA05B3685C-LeaderElection27: begin an election at term 28 for 0: [67511f02-1a53-40d3-ad7c-17f75ce9e42c:192.168.157.213:45560, aac91d0e-90b3-4924-955b-30866d4fff78:192.168.157.213:41659, b6ed77c0-0909-418c-a0c6-e1477b4e10c3:192.168.157.213:33232], old=null
2019-10-19 00:50:08,836 [grpc-default-executor-0] INFO  impl.RaftServerImpl (RaftServerImpl.java:setRole(184)) - 67511f02-1a53-40d3-ad7c-17f75ce9e42c@group-2DDA05B3685C: changes role from  FOLLOWER to FOLLOWER at term 28 for recognizeCandidate:aac91d0e-90b3-4924-955b-30866d4fff78
2019-10-19 00:50:08,836 [grpc-default-executor-0] INFO  impl.RoleInfo (RoleInfo.java:shutdownFollowerState(121)) - 67511f02-1a53-40d3-ad7c-17f75ce9e42c: shutdown FollowerState
2019-10-19 00:50:08,836 [grpc-default-executor-1] INFO  impl.RaftServerImpl (RaftServerImpl.java:setRole(184)) - b6ed77c0-0909-418c-a0c6-e1477b4e10c3@group-2DDA05B3685C: changes role from  FOLLOWER to FOLLOWER at term 28 for recognizeCandidate:aac91d0e-90b3-4924-955b-30866d4fff78
2019-10-19 00:50:08,836 [Thread-702] INFO  impl.FollowerState (FollowerState.java:run(117)) - 67511f02-1a53-40d3-ad7c-17f75ce9e42c@group-2DDA05B3685C-FollowerState was interrupted: java.lang.InterruptedException: sleep interrupted
2019-10-19 00:50:08,836 [grpc-default-executor-0] INFO  impl.RoleInfo (RoleInfo.java:updateAndGet(143)) - 67511f02-1a53-40d3-ad7c-17f75ce9e42c: start FollowerState
2019-10-19 00:50:08,836 [grpc-default-executor-1] INFO  impl.RoleInfo (RoleInfo.java:shutdownFollowerState(121)) - b6ed77c0-0909-418c-a0c6-e1477b4e10c3: shutdown FollowerState
2019-10-19 00:50:08,837 [Thread-703] INFO  impl.FollowerState (FollowerState.java:run(117)) - b6ed77c0-0909-418c-a0c6-e1477b4e10c3@group-2DDA05B3685C-FollowerState was interrupted: java.lang.InterruptedException: sleep interrupted
2019-10-19 00:50:08,837 [grpc-default-executor-1] INFO  impl.RoleInfo (RoleInfo.java:updateAndGet(143)) - b6ed77c0-0909-418c-a0c6-e1477b4e10c3: start FollowerState
2019-10-19 00:50:08,863 [aac91d0e-90b3-4924-955b-30866d4fff78@group-2DDA05B3685C-LeaderElection27] INFO  impl.LeaderElection (LeaderElection.java:logAndReturn(56)) - aac91d0e-90b3-4924-955b-30866d4fff78@group-2DDA05B3685C-LeaderElection27: Election REJECTED; received 2 response(s) [aac91d0e-90b3-4924-955b-30866d4fff78<-67511f02-1a53-40d3-ad7c-17f75ce9e42c#0:FAIL-t28, aac91d0e-90b3-4924-955b-30866d4fff78<-b6ed77c0-0909-418c-a0c6-e1477b4e10c3#0:FAIL-t28] and 0 exception(s); aac91d0e-90b3-4924-955b-30866d4fff78@group-2DDA05B3685C:t28, leader=null, voted=aac91d0e-90b3-4924-955b-30866d4fff78, raftlog=aac91d0e-90b3-4924-955b-30866d4fff78@group-2DDA05B3685C-SegmentedRaftLog:OPENED:c3,f4,i4, conf=0: [67511f02-1a53-40d3-ad7c-17f75ce9e42c:192.168.157.213:45560, aac91d0e-90b3-4924-955b-30866d4fff78:192.168.157.213:41659, b6ed77c0-0909-418c-a0c6-e1477b4e10c3:192.168.157.213:33232], old=null
2019-10-19 00:50:08,863 [aac91d0e-90b3-4924-955b-30866d4fff78@group-2DDA05B3685C-LeaderElection27] INFO  impl.RaftServerImpl (RaftServerImpl.java:setRole(184)) - aac91d0e-90b3-4924-955b-30866d4fff78@group-2DDA05B3685C: changes role from CANDIDATE to FOLLOWER at term 28 for DISCOVERED_A_NEW_TERM
2019-10-19 00:50:08,863 [aac91d0e-90b3-4924-955b-30866d4fff78@group-2DDA05B3685C-LeaderElection27] INFO  impl.RoleInfo (RoleInfo.java:shutdownLeaderElection(134)) - aac91d0e-90b3-4924-955b-30866d4fff78: shutdown LeaderElection
2019-10-19 00:50:08,863 [aac91d0e-90b3-4924-955b-30866d4fff78@group-2DDA05B3685C-LeaderElection27] INFO  impl.RoleInfo (RoleInfo.java:updateAndGet(143)) - aac91d0e-90b3-4924-955b-30866d4fff78: start FollowerState
2019-10-19 00:50:08,882 [Thread-710] INFO  impl.FollowerState (FollowerState.java:run(108)) - aac91d0e-90b3-4924-955b-30866d4fff78@group-2DDA05B3685C-FollowerState: change to CANDIDATE, lastRpcTime:18ms, electionTimeout:18ms
2019-10-19 00:50:08,882 [Thread-710] INFO  impl.RoleInfo (RoleInfo.java:shutdownFollowerState(121)) - aac91d0e-90b3-4924-955b-30866d4fff78: shutdown FollowerState
2019-10-19 00:50:08,882 [Thread-710] INFO  impl.RaftServerImpl (RaftServerImpl.java:setRole(184)) - aac91d0e-90b3-4924-955b-30866d4fff78@group-2DDA05B3685C: changes role from  FOLLOWER to CANDIDATE at term 28 for changeToCandidate
2019-10-19 00:50:08,882 [Thread-710] INFO  impl.RoleInfo (RoleInfo.java:updateAndGet(143)) - aac91d0e-90b3-4924-955b-30866d4fff78: start LeaderElection
2019-10-19 00:50:08,897 [aac91d0e-90b3-4924-955b-30866d4fff78@group-2DDA05B3685C-LeaderElection28] INFO  impl.LeaderElection (LeaderElection.java:askForVotes(178)) - aac91d0e-90b3-4924-955b-30866d4fff78@group-2DDA05B3685C-LeaderElection28: begin an election at term 29 for 0: [67511f02-1a53-40d3-ad7c-17f75ce9e42c:192.168.157.213:45560, aac91d0e-90b3-4924-955b-30866d4fff78:192.168.157.213:41659, b6ed77c0-0909-418c-a0c6-e1477b4e10c3:192.168.157.213:33232], old=null
2019-10-19 00:50:08,899 [grpc-default-executor-1] INFO  impl.RaftServerImpl (RaftServerImpl.java:setRole(184)) - 67511f02-1a53-40d3-ad7c-17f75ce9e42c@group-2DDA05B3685C: changes role from  FOLLOWER to FOLLOWER at term 29 for recognizeCandidate:aac91d0e-90b3-4924-955b-30866d4fff78
2019-10-19 00:50:08,900 [grpc-default-executor-1] INFO  impl.RoleInfo (RoleInfo.java:shutdownFollowerState(121)) - 67511f02-1a53-40d3-ad7c-17f75ce9e42c: shutdown FollowerState
2019-10-19 00:50:08,900 [grpc-default-executor-0] INFO  impl.RaftServerImpl (RaftServerImpl.java:setRole(184)) - b6ed77c0-0909-418c-a0c6-e1477b4e10c3@group-2DDA05B3685C: changes role from  FOLLOWER to FOLLOWER at term 29 for recognizeCandidate:aac91d0e-90b3-4924-955b-30866d4fff78
2019-10-19 00:50:08,900 [grpc-default-executor-1] INFO  impl.RoleInfo (RoleInfo.java:updateAndGet(143)) - 67511f02-1a53-40d3-ad7c-17f75ce9e42c: start FollowerState
2019-10-19 00:50:08,900 [Thread-708] INFO  impl.FollowerState (FollowerState.java:run(117)) - 67511f02-1a53-40d3-ad7c-17f75ce9e42c@group-2DDA05B3685C-FollowerState was interrupted: java.lang.InterruptedException: sleep interrupted
2019-10-19 00:50:08,900 [grpc-default-executor-0] INFO  impl.RoleInfo (RoleInfo.java:shutdownFollowerState(121)) - b6ed77c0-0909-418c-a0c6-e1477b4e10c3: shutdown FollowerState
2019-10-19 00:50:08,900 [grpc-default-executor-0] INFO  impl.RoleInfo (RoleInfo.java:updateAndGet(143)) - b6ed77c0-0909-418c-a0c6-e1477b4e10c3: start FollowerState
2019-10-19 00:50:08,900 [Thread-709] INFO  impl.FollowerState (FollowerState.java:run(117)) - b6ed77c0-0909-418c-a0c6-e1477b4e10c3@group-2DDA05B3685C-FollowerState was interrupted: java.lang.InterruptedException: sleep interrupted
2019-10-19 00:50:08,926 [aac91d0e-90b3-4924-955b-30866d4fff78@group-2DDA05B3685C-LeaderElection28] INFO  impl.LeaderElection (LeaderElection.java:logAndReturn(56)) - aac91d0e-90b3-4924-955b-30866d4fff78@group-2DDA05B3685C-LeaderElection28: Election REJECTED; received 2 response(s) [aac91d0e-90b3-4924-955b-30866d4fff78<-67511f02-1a53-40d3-ad7c-17f75ce9e42c#0:FAIL-t29, aac91d0e-90b3-4924-955b-30866d4fff78<-b6ed77c0-0909-418c-a0c6-e1477b4e10c3#0:FAIL-t29] and 0 exception(s); aac91d0e-90b3-4924-955b-30866d4fff78@group-2DDA05B3685C:t29, leader=null, voted=aac91d0e-90b3-4924-955b-30866d4fff78, raftlog=aac91d0e-90b3-4924-955b-30866d4fff78@group-2DDA05B3685C-SegmentedRaftLog:OPENED:c3,f4,i4, conf=0: [67511f02-1a53-40d3-ad7c-17f75ce9e42c:192.168.157.213:45560, aac91d0e-90b3-4924-955b-30866d4fff78:192.168.157.213:41659, b6ed77c0-0909-418c-a0c6-e1477b4e10c3:192.168.157.213:33232], old=null
2019-10-19 00:50:08,926 [aac91d0e-90b3-4924-955b-30866d4fff78@group-2DDA05B3685C-LeaderElection28] INFO  impl.RaftServerImpl (RaftServerImpl.java:setRole(184)) - aac91d0e-90b3-4924-955b-30866d4fff78@group-2DDA05B3685C: changes role from CANDIDATE to FOLLOWER at term 29 for DISCOVERED_A_NEW_TERM
2019-10-19 00:50:08,927 [aac91d0e-90b3-4924-955b-30866d4fff78@group-2DDA05B3685C-LeaderElection28] INFO  impl.RoleInfo (RoleInfo.java:shutdownLeaderElection(134)) - aac91d0e-90b3-4924-955b-30866d4fff78: shutdown LeaderElection
2019-10-19 00:50:08,927 [aac91d0e-90b3-4924-955b-30866d4fff78@group-2DDA05B3685C-LeaderElection28] INFO  impl.RoleInfo (RoleInfo.java:updateAndGet(143)) - aac91d0e-90b3-4924-955b-30866d4fff78: start FollowerState
2019-10-19 00:50:09,013 [Thread-719] INFO  client.GrpcClientProtocolService (GrpcClientProtocolService.java:lambda$processClientRequest$0(278)) - Failed RaftClientRequest:client-5C1DDA748651->67511f02-1a53-40d3-ad7c-17f75ce9e42c@group-2DDA05B3685C, cid=10, seq=0, Watch-ALL_COMMITTED(6), Message:<EMPTY>, reply=RaftClientReply:client-5C1DDA748651->67511f02-1a53-40d3-ad7c-17f75ce9e42c@group-2DDA05B3685C, cid=10, FAILED org.apache.ratis.protocol.NotLeaderException: Server 67511f02-1a53-40d3-ad7c-17f75ce9e42c@group-2DDA05B3685C is not the leader, logIndex=0, commits[67511f02-1a53-40d3-ad7c-17f75ce9e42c:c10, aac91d0e-90b3-4924-955b-30866d4fff78:c4, b6ed77c0-0909-418c-a0c6-e1477b4e10c3:c10]
2019-10-19 00:50:09,100 [Thread-716] INFO  impl.FollowerState (FollowerState.java:run(108)) - aac91d0e-90b3-4924-955b-30866d4fff78@group-2DDA05B3685C-FollowerState: change to CANDIDATE, lastRpcTime:173ms, electionTimeout:173ms
2019-10-19 00:50:09,100 [Thread-716] INFO  impl.RoleInfo (RoleInfo.java:shutdownFollowerState(121)) - aac91d0e-90b3-4924-955b-30866d4fff78: shutdown FollowerState
2019-10-19 00:50:09,100 [Thread-716] INFO  impl.RaftServerImpl (RaftServerImpl.java:setRole(184)) - aac91d0e-90b3-4924-955b-30866d4fff78@group-2DDA05B3685C: changes role from  FOLLOWER to CANDIDATE at term 29 for changeToCandidate
2019-10-19 00:50:09,101 [Thread-716] INFO  impl.RoleInfo (RoleInfo.java:updateAndGet(143)) - aac91d0e-90b3-4924-955b-30866d4fff78: start LeaderElection
2019-10-19 00:50:09,120 [aac91d0e-90b3-4924-955b-30866d4fff78@group-2DDA05B3685C-LeaderElection29] INFO  impl.LeaderElection (LeaderElection.java:askForVotes(178)) - aac91d0e-90b3-4924-955b-30866d4fff78@group-2DDA05B3685C-LeaderElection29: begin an election at term 30 for 0: [67511f02-1a53-40d3-ad7c-17f75ce9e42c:192.168.157.213:45560, aac91d0e-90b3-4924-955b-30866d4fff78:192.168.157.213:41659, b6ed77c0-0909-418c-a0c6-e1477b4e10c3:192.168.157.213:33232], old=null
2019-10-19 00:50:09,123 [grpc-default-executor-0] INFO  impl.RaftServerImpl (RaftServerImpl.java:setRole(184)) - 67511f02-1a53-40d3-ad7c-17f75ce9e42c@group-2DDA05B3685C: changes role from  FOLLOWER to FOLLOWER at term 30 for recognizeCandidate:aac91d0e-90b3-4924-955b-30866d4fff78
2019-10-19 00:50:09,123 [grpc-default-executor-1] INFO  impl.RaftServerImpl (RaftServerImpl.java:setRole(184)) - b6ed77c0-0909-418c-a0c6-e1477b4e10c3@group-2DDA05B3685C: changes role from  FOLLOWER to FOLLOWER at term 30 for recognizeCandidate:aac91d0e-90b3-4924-955b-30866d4fff78
2019-10-19 00:50:09,124 [grpc-default-executor-1] INFO  impl.RoleInfo (RoleInfo.java:shutdownFollowerState(121)) - b6ed77c0-0909-418c-a0c6-e1477b4e10c3: shutdown FollowerState
2019-10-19 00:50:09,124 [grpc-default-executor-0] INFO  impl.RoleInfo (RoleInfo.java:shutdownFollowerState(121)) - 67511f02-1a53-40d3-ad7c-17f75ce9e42c: shutdown FollowerState
2019-10-19 00:50:09,124 [grpc-default-executor-1] INFO  impl.RoleInfo (RoleInfo.java:updateAndGet(143)) - b6ed77c0-0909-418c-a0c6-e1477b4e10c3: start FollowerState
2019-10-19 00:50:09,124 [Thread-715] INFO  impl.FollowerState (FollowerState.java:run(117)) - b6ed77c0-0909-418c-a0c6-e1477b4e10c3@group-2DDA05B3685C-FollowerState was interrupted: java.lang.InterruptedException: sleep interrupted
2019-10-19 00:50:09,124 [Thread-714] INFO  impl.FollowerState (FollowerState.java:run(117)) - 67511f02-1a53-40d3-ad7c-17f75ce9e42c@group-2DDA05B3685C-FollowerState was interrupted: java.lang.InterruptedException: sleep interrupted
2019-10-19 00:50:09,124 [grpc-default-executor-0] INFO  impl.RoleInfo (RoleInfo.java:updateAndGet(143)) - 67511f02-1a53-40d3-ad7c-17f75ce9e42c: start FollowerState
2019-10-19 00:50:09,146 [aac91d0e-90b3-4924-955b-30866d4fff78@group-2DDA05B3685C-LeaderElection29] INFO  impl.LeaderElection (LeaderElection.java:logAndReturn(56)) - aac91d0e-90b3-4924-955b-30866d4fff78@group-2DDA05B3685C-LeaderElection29: Election REJECTED; received 2 response(s) [aac91d0e-90b3-4924-955b-30866d4fff78<-67511f02-1a53-40d3-ad7c-17f75ce9e42c#0:FAIL-t30, aac91d0e-90b3-4924-955b-30866d4fff78<-b6ed77c0-0909-418c-a0c6-e1477b4e10c3#0:FAIL-t30] and 0 exception(s); aac91d0e-90b3-4924-955b-30866d4fff78@group-2DDA05B3685C:t30, leader=null, voted=aac91d0e-90b3-4924-955b-30866d4fff78, raftlog=aac91d0e-90b3-4924-955b-30866d4fff78@group-2DDA05B3685C-SegmentedRaftLog:OPENED:c3,f4,i4, conf=0: [67511f02-1a53-40d3-ad7c-17f75ce9e42c:192.168.157.213:45560, aac91d0e-90b3-4924-955b-30866d4fff78:192.168.157.213:41659, b6ed77c0-0909-418c-a0c6-e1477b4e10c3:192.168.157.213:33232], old=null
2019-10-19 00:50:09,146 [aac91d0e-90b3-4924-955b-30866d4fff78@group-2DDA05B3685C-LeaderElection29] INFO  impl.RaftServerImpl (RaftServerImpl.java:setRole(184)) - aac91d0e-90b3-4924-955b-30866d4fff78@group-2DDA05B3685C: changes role from CANDIDATE to FOLLOWER at term 30 for DISCOVERED_A_NEW_TERM
2019-10-19 00:50:09,146 [aac91d0e-90b3-4924-955b-30866d4fff78@group-2DDA05B3685C-LeaderElection29] INFO  impl.RoleInfo (RoleInfo.java:shutdownLeaderElection(134)) - aac91d0e-90b3-4924-955b-30866d4fff78: shutdown LeaderElection
2019-10-19 00:50:09,146 [aac91d0e-90b3-4924-955b-30866d4fff78@group-2DDA05B3685C-LeaderElection29] INFO  impl.RoleInfo (RoleInfo.java:updateAndGet(143)) - aac91d0e-90b3-4924-955b-30866d4fff78: start FollowerState
2019-10-19 00:50:09,182 [Thread-726] INFO  impl.FollowerState (FollowerState.java:run(108)) - aac91d0e-90b3-4924-955b-30866d4fff78@group-2DDA05B3685C-FollowerState: change to CANDIDATE, lastRpcTime:35ms, electionTimeout:35ms
2019-10-19 00:50:09,182 [Thread-726] INFO  impl.RoleInfo (RoleInfo.java:shutdownFollowerState(121)) - aac91d0e-90b3-4924-955b-30866d4fff78: shutdown FollowerState
2019-10-19 00:50:09,182 [Thread-726] INFO  impl.RaftServerImpl (RaftServerImpl.java:setRole(184)) - aac91d0e-90b3-4924-955b-30866d4fff78@group-2DDA05B3685C: changes role from  FOLLOWER to CANDIDATE at term 30 for changeToCandidate
2019-10-19 00:50:09,182 [Thread-726] INFO  impl.RoleInfo (RoleInfo.java:updateAndGet(143)) - aac91d0e-90b3-4924-955b-30866d4fff78: start LeaderElection
2019-10-19 00:50:09,196 [aac91d0e-90b3-4924-955b-30866d4fff78@group-2DDA05B3685C-LeaderElection30] INFO  impl.LeaderElection (LeaderElection.java:askForVotes(178)) - aac91d0e-90b3-4924-955b-30866d4fff78@group-2DDA05B3685C-LeaderElection30: begin an election at term 31 for 0: [67511f02-1a53-40d3-ad7c-17f75ce9e42c:192.168.157.213:45560, aac91d0e-90b3-4924-955b-30866d4fff78:192.168.157.213:41659, b6ed77c0-0909-418c-a0c6-e1477b4e10c3:192.168.157.213:33232], old=null
2019-10-19 00:50:09,198 [grpc-default-executor-0] INFO  impl.RaftServerImpl (RaftServerImpl.java:setRole(184)) - 67511f02-1a53-40d3-ad7c-17f75ce9e42c@group-2DDA05B3685C: changes role from  FOLLOWER to FOLLOWER at term 31 for recognizeCandidate:aac91d0e-90b3-4924-955b-30866d4fff78
2019-10-19 00:50:09,198 [grpc-default-executor-1] INFO  impl.RaftServerImpl (RaftServerImpl.java:setRole(184)) - b6ed77c0-0909-418c-a0c6-e1477b4e10c3@group-2DDA05B3685C: changes role from  FOLLOWER to FOLLOWER at term 31 for recognizeCandidate:aac91d0e-90b3-4924-955b-30866d4fff78
2019-10-19 00:50:09,198 [grpc-default-executor-0] INFO  impl.RoleInfo (RoleInfo.java:shutdownFollowerState(121)) - 67511f02-1a53-40d3-ad7c-17f75ce9e42c: shutdown FollowerState
2019-10-19 00:50:09,199 [grpc-default-executor-1] INFO  impl.RoleInfo (RoleInfo.java:shutdownFollowerState(121)) - b6ed77c0-0909-418c-a0c6-e1477b4e10c3: shutdown FollowerState
2019-10-19 00:50:09,199 [Thread-725] INFO  impl.FollowerState (FollowerState.java:run(117)) - 67511f02-1a53-40d3-ad7c-17f75ce9e42c@group-2DDA05B3685C-FollowerState was interrupted: java.lang.InterruptedException: sleep interrupted
2019-10-19 00:50:09,199 [grpc-default-executor-0] INFO  impl.RoleInfo (RoleInfo.java:updateAndGet(143)) - 67511f02-1a53-40d3-ad7c-17f75ce9e42c: start FollowerState
2019-10-19 00:50:09,199 [Thread-724] INFO  impl.FollowerState (FollowerState.java:run(117)) - b6ed77c0-0909-418c-a0c6-e1477b4e10c3@group-2DDA05B3685C-FollowerState was interrupted: java.lang.InterruptedException: sleep interrupted
2019-10-19 00:50:09,199 [grpc-default-executor-1] INFO  impl.RoleInfo (RoleInfo.java:updateAndGet(143)) - b6ed77c0-0909-418c-a0c6-e1477b4e10c3: start FollowerState
2019-10-19 00:50:09,225 [aac91d0e-90b3-4924-955b-30866d4fff78@group-2DDA05B3685C-LeaderElection30] INFO  impl.LeaderElection (LeaderElection.java:logAndReturn(56)) - aac91d0e-90b3-4924-955b-30866d4fff78@group-2DDA05B3685C-LeaderElection30: Election REJECTED; received 2 response(s) [aac91d0e-90b3-4924-955b-30866d4fff78<-67511f02-1a53-40d3-ad7c-17f75ce9e42c#0:FAIL-t31, aac91d0e-90b3-4924-955b-30866d4fff78<-b6ed77c0-0909-418c-a0c6-e1477b4e10c3#0:FAIL-t31] and 0 exception(s); aac91d0e-90b3-4924-955b-30866d4fff78@group-2DDA05B3685C:t31, leader=null, voted=aac91d0e-90b3-4924-955b-30866d4fff78, raftlog=aac91d0e-90b3-4924-955b-30866d4fff78@group-2DDA05B3685C-SegmentedRaftLog:OPENED:c3,f4,i4, conf=0: [67511f02-1a53-40d3-ad7c-17f75ce9e42c:192.168.157.213:45560, aac91d0e-90b3-4924-955b-30866d4fff78:192.168.157.213:41659, b6ed77c0-0909-418c-a0c6-e1477b4e10c3:192.168.157.213:33232], old=null
2019-10-19 00:50:09,226 [aac91d0e-90b3-4924-955b-30866d4fff78@group-2DDA05B3685C-LeaderElection30] INFO  impl.RaftServerImpl (RaftServerImpl.java:setRole(184)) - aac91d0e-90b3-4924-955b-30866d4fff78@group-2DDA05B3685C: changes role from CANDIDATE to FOLLOWER at term 31 for DISCOVERED_A_NEW_TERM
2019-10-19 00:50:09,226 [aac91d0e-90b3-4924-955b-30866d4fff78@group-2DDA05B3685C-LeaderElection30] INFO  impl.RoleInfo (RoleInfo.java:shutdownLeaderElection(134)) - aac91d0e-90b3-4924-955b-30866d4fff78: shutdown LeaderElection
2019-10-19 00:50:09,226 [aac91d0e-90b3-4924-955b-30866d4fff78@group-2DDA05B3685C-LeaderElection30] INFO  impl.RoleInfo (RoleInfo.java:updateAndGet(143)) - aac91d0e-90b3-4924-955b-30866d4fff78: start FollowerState
2019-10-19 00:50:09,233 [Thread-732] INFO  impl.FollowerState (FollowerState.java:run(108)) - aac91d0e-90b3-4924-955b-30866d4fff78@group-2DDA05B3685C-FollowerState: change to CANDIDATE, lastRpcTime:7ms, electionTimeout:7ms
2019-10-19 00:50:09,233 [Thread-732] INFO  impl.RoleInfo (RoleInfo.java:shutdownFollowerState(121)) - aac91d0e-90b3-4924-955b-30866d4fff78: shutdown FollowerState
2019-10-19 00:50:09,233 [Thread-732] INFO  impl.RaftServerImpl (RaftServerImpl.java:setRole(184)) - aac91d0e-90b3-4924-955b-30866d4fff78@group-2DDA05B3685C: changes role from  FOLLOWER to CANDIDATE at term 31 for changeToCandidate
2019-10-19 00:50:09,233 [Thread-732] INFO  impl.RoleInfo (RoleInfo.java:updateAndGet(143)) - aac91d0e-90b3-4924-955b-30866d4fff78: start LeaderElection
2019-10-19 00:50:09,248 [aac91d0e-90b3-4924-955b-30866d4fff78@group-2DDA05B3685C-LeaderElection31] INFO  impl.LeaderElection (LeaderElection.java:askForVotes(178)) - aac91d0e-90b3-4924-955b-30866d4fff78@group-2DDA05B3685C-LeaderElection31: begin an election at term 32 for 0: [67511f02-1a53-40d3-ad7c-17f75ce9e42c:192.168.157.213:45560, aac91d0e-90b3-4924-955b-30866d4fff78:192.168.157.213:41659, b6ed77c0-0909-418c-a0c6-e1477b4e10c3:192.168.157.213:33232], old=null
2019-10-19 00:50:09,250 [grpc-default-executor-0] INFO  impl.RaftServerImpl (RaftServerImpl.java:setRole(184)) - b6ed77c0-0909-418c-a0c6-e1477b4e10c3@group-2DDA05B3685C: changes role from  FOLLOWER to FOLLOWER at term 32 for recognizeCandidate:aac91d0e-90b3-4924-955b-30866d4fff78
2019-10-19 00:50:09,251 [grpc-default-executor-0] INFO  impl.RoleInfo (RoleInfo.java:shutdownFollowerState(121)) - b6ed77c0-0909-418c-a0c6-e1477b4e10c3: shutdown FollowerState
2019-10-19 00:50:09,251 [grpc-default-executor-0] INFO  impl.RoleInfo (RoleInfo.java:updateAndGet(143)) - b6ed77c0-0909-418c-a0c6-e1477b4e10c3: start FollowerState
2019-10-19 00:50:09,251 [grpc-default-executor-1] INFO  impl.RaftServerImpl (RaftServerImpl.java:setRole(184)) - 67511f02-1a53-40d3-ad7c-17f75ce9e42c@group-2DDA05B3685C: changes role from  FOLLOWER to FOLLOWER at term 32 for recognizeCandidate:aac91d0e-90b3-4924-955b-30866d4fff78
2019-10-19 00:50:09,251 [Thread-731] INFO  impl.FollowerState (FollowerState.java:run(117)) - b6ed77c0-0909-418c-a0c6-e1477b4e10c3@group-2DDA05B3685C-FollowerState was interrupted: java.lang.InterruptedException: sleep interrupted
2019-10-19 00:50:09,251 [grpc-default-executor-1] INFO  impl.RoleInfo (RoleInfo.java:shutdownFollowerState(121)) - 67511f02-1a53-40d3-ad7c-17f75ce9e42c: shutdown FollowerState
2019-10-19 00:50:09,251 [Thread-730] INFO  impl.FollowerState (FollowerState.java:run(117)) - 67511f02-1a53-40d3-ad7c-17f75ce9e42c@group-2DDA05B3685C-FollowerState was interrupted: java.lang.InterruptedException: sleep interrupted
2019-10-19 00:50:09,251 [grpc-default-executor-1] INFO  impl.RoleInfo (RoleInfo.java:updateAndGet(143)) - 67511f02-1a53-40d3-ad7c-17f75ce9e42c: start FollowerState
2019-10-19 00:50:09,276 [aac91d0e-90b3-4924-955b-30866d4fff78@group-2DDA05B3685C-LeaderElection31] INFO  impl.LeaderElection (LeaderElection.java:logAndReturn(56)) - aac91d0e-90b3-4924-955b-30866d4fff78@group-2DDA05B3685C-LeaderElection31: Election REJECTED; received 2 response(s) [aac91d0e-90b3-4924-955b-30866d4fff78<-67511f02-1a53-40d3-ad7c-17f75ce9e42c#0:FAIL-t32, aac91d0e-90b3-4924-955b-30866d4fff78<-b6ed77c0-0909-418c-a0c6-e1477b4e10c3#0:FAIL-t32] and 0 exception(s); aac91d0e-90b3-4924-955b-30866d4fff78@group-2DDA05B3685C:t32, leader=null, voted=aac91d0e-90b3-4924-955b-30866d4fff78, raftlog=aac91d0e-90b3-4924-955b-30866d4fff78@group-2DDA05B3685C-SegmentedRaftLog:OPENED:c3,f4,i4, conf=0: [67511f02-1a53-40d3-ad7c-17f75ce9e42c:192.168.157.213:45560, aac91d0e-90b3-4924-955b-30866d4fff78:192.168.157.213:41659, b6ed77c0-0909-418c-a0c6-e1477b4e10c3:192.168.157.213:33232], old=null
2019-10-19 00:50:09,277 [aac91d0e-90b3-4924-955b-30866d4fff78@group-2DDA05B3685C-LeaderElection31] INFO  impl.RaftServerImpl (RaftServerImpl.java:setRole(184)) - aac91d0e-90b3-4924-955b-30866d4fff78@group-2DDA05B3685C: changes role from CANDIDATE to FOLLOWER at term 32 for DISCOVERED_A_NEW_TERM
2019-10-19 00:50:09,277 [aac91d0e-90b3-4924-955b-30866d4fff78@group-2DDA05B3685C-LeaderElection31] INFO  impl.RoleInfo (RoleInfo.java:shutdownLeaderElection(134)) - aac91d0e-90b3-4924-955b-30866d4fff78: shutdown LeaderElection
2019-10-19 00:50:09,277 [aac91d0e-90b3-4924-955b-30866d4fff78@group-2DDA05B3685C-LeaderElection31] INFO  impl.RoleInfo (RoleInfo.java:updateAndGet(143)) - aac91d0e-90b3-4924-955b-30866d4fff78: start FollowerState
2019-10-19 00:50:09,284 [Thread-738] INFO  impl.FollowerState (FollowerState.java:run(108)) - aac91d0e-90b3-4924-955b-30866d4fff78@group-2DDA05B3685C-FollowerState: change to CANDIDATE, lastRpcTime:6ms, electionTimeout:6ms
2019-10-19 00:50:09,284 [Thread-738] INFO  impl.RoleInfo (RoleInfo.java:shutdownFollowerState(121)) - aac91d0e-90b3-4924-955b-30866d4fff78: shutdown FollowerState
2019-10-19 00:50:09,284 [Thread-738] INFO  impl.RaftServerImpl (RaftServerImpl.java:setRole(184)) - aac91d0e-90b3-4924-955b-30866d4fff78@group-2DDA05B3685C: changes role from  FOLLOWER to CANDIDATE at term 32 for changeToCandidate
2019-10-19 00:50:09,284 [Thread-738] INFO  impl.RoleInfo (RoleInfo.java:updateAndGet(143)) - aac91d0e-90b3-4924-955b-30866d4fff78: start LeaderElection
2019-10-19 00:50:09,297 [aac91d0e-90b3-4924-955b-30866d4fff78@group-2DDA05B3685C-LeaderElection32] INFO  impl.LeaderElection (LeaderElection.java:askForVotes(178)) - aac91d0e-90b3-4924-955b-30866d4fff78@group-2DDA05B3685C-LeaderElection32: begin an election at term 33 for 0: [67511f02-1a53-40d3-ad7c-17f75ce9e42c:192.168.157.213:45560, aac91d0e-90b3-4924-955b-30866d4fff78:192.168.157.213:41659, b6ed77c0-0909-418c-a0c6-e1477b4e10c3:192.168.157.213:33232], old=null
2019-10-19 00:50:09,298 [BlockDeletingService#2] WARN  background.BlockDeletingService (BlockDeletingService.java:isDeletionAllowed(187)) - Close Container log Index 6 is not replicated across allthe servers in the pipeline 2739136e-9e24-467a-9fde-2dda05b3685c as the min replicated index is 4. Deletion is not allowed in this container yet.
2019-10-19 00:50:09,298 [BlockDeletingService#2] WARN  background.BlockDeletingService (BlockDeletingService.java:isDeletionAllowed(187)) - Close Container log Index 6 is not replicated across allthe servers in the pipeline 2739136e-9e24-467a-9fde-2dda05b3685c as the min replicated index is 4. Deletion is not allowed in this container yet.
2019-10-19 00:50:09,299 [grpc-default-executor-0] INFO  impl.RaftServerImpl (RaftServerImpl.java:setRole(184)) - 67511f02-1a53-40d3-ad7c-17f75ce9e42c@group-2DDA05B3685C: changes role from  FOLLOWER to FOLLOWER at term 33 for recognizeCandidate:aac91d0e-90b3-4924-955b-30866d4fff78
2019-10-19 00:50:09,299 [grpc-default-executor-0] INFO  impl.RoleInfo (RoleInfo.java:shutdownFollowerState(121)) - 67511f02-1a53-40d3-ad7c-17f75ce9e42c: shutdown FollowerState
2019-10-19 00:50:09,299 [Thread-737] INFO  impl.FollowerState (FollowerState.java:run(117)) - 67511f02-1a53-40d3-ad7c-17f75ce9e42c@group-2DDA05B3685C-FollowerState was interrupted: java.lang.InterruptedException: sleep interrupted
2019-10-19 00:50:09,299 [grpc-default-executor-0] INFO  impl.RoleInfo (RoleInfo.java:updateAndGet(143)) - 67511f02-1a53-40d3-ad7c-17f75ce9e42c: start FollowerState
2019-10-19 00:50:09,299 [grpc-default-executor-1] INFO  impl.RaftServerImpl (RaftServerImpl.java:setRole(184)) - b6ed77c0-0909-418c-a0c6-e1477b4e10c3@group-2DDA05B3685C: changes role from  FOLLOWER to FOLLOWER at term 33 for recognizeCandidate:aac91d0e-90b3-4924-955b-30866d4fff78
2019-10-19 00:50:09,300 [grpc-default-executor-1] INFO  impl.RoleInfo (RoleInfo.java:shutdownFollowerState(121)) - b6ed77c0-0909-418c-a0c6-e1477b4e10c3: shutdown FollowerState
2019-10-19 00:50:09,300 [grpc-default-executor-1] INFO  impl.RoleInfo (RoleInfo.java:updateAndGet(143)) - b6ed77c0-0909-418c-a0c6-e1477b4e10c3: start FollowerState
2019-10-19 00:50:09,300 [Thread-736] INFO  impl.FollowerState (FollowerState.java:run(117)) - b6ed77c0-0909-418c-a0c6-e1477b4e10c3@group-2DDA05B3685C-FollowerState was interrupted: java.lang.InterruptedException: sleep interrupted
2019-10-19 00:50:09,321 [aac91d0e-90b3-4924-955b-30866d4fff78@group-2DDA05B3685C-LeaderElection32] INFO  impl.LeaderElection (LeaderElection.java:logAndReturn(56)) - aac91d0e-90b3-4924-955b-30866d4fff78@group-2DDA05B3685C-LeaderElection32: Election REJECTED; received 2 response(s) [aac91d0e-90b3-4924-955b-30866d4fff78<-67511f02-1a53-40d3-ad7c-17f75ce9e42c#0:FAIL-t33, aac91d0e-90b3-4924-955b-30866d4fff78<-b6ed77c0-0909-418c-a0c6-e1477b4e10c3#0:FAIL-t33] and 0 exception(s); aac91d0e-90b3-4924-955b-30866d4fff78@group-2DDA05B3685C:t33, leader=null, voted=aac91d0e-90b3-4924-955b-30866d4fff78, raftlog=aac91d0e-90b3-4924-955b-30866d4fff78@group-2DDA05B3685C-SegmentedRaftLog:OPENED:c3,f4,i4, conf=0: [67511f02-1a53-40d3-ad7c-17f75ce9e42c:192.168.157.213:45560, aac91d0e-90b3-4924-955b-30866d4fff78:192.168.157.213:41659, b6ed77c0-0909-418c-a0c6-e1477b4e10c3:192.168.157.213:33232], old=null
2019-10-19 00:50:09,321 [aac91d0e-90b3-4924-955b-30866d4fff78@group-2DDA05B3685C-LeaderElection32] INFO  impl.RaftServerImpl (RaftServerImpl.java:setRole(184)) - aac91d0e-90b3-4924-955b-30866d4fff78@group-2DDA05B3685C: changes role from CANDIDATE to FOLLOWER at term 33 for DISCOVERED_A_NEW_TERM
2019-10-19 00:50:09,321 [aac91d0e-90b3-4924-955b-30866d4fff78@group-2DDA05B3685C-LeaderElection32] INFO  impl.RoleInfo (RoleInfo.java:shutdownLeaderElection(134)) - aac91d0e-90b3-4924-955b-30866d4fff78: shutdown LeaderElection
2019-10-19 00:50:09,321 [aac91d0e-90b3-4924-955b-30866d4fff78@group-2DDA05B3685C-LeaderElection32] INFO  impl.RoleInfo (RoleInfo.java:updateAndGet(143)) - aac91d0e-90b3-4924-955b-30866d4fff78: start FollowerState
2019-10-19 00:50:09,412 [Thread-746] INFO  impl.FollowerState (FollowerState.java:run(108)) - aac91d0e-90b3-4924-955b-30866d4fff78@group-2DDA05B3685C-FollowerState: change to CANDIDATE, lastRpcTime:90ms, electionTimeout:90ms
2019-10-19 00:50:09,412 [Thread-746] INFO  impl.RoleInfo (RoleInfo.java:shutdownFollowerState(121)) - aac91d0e-90b3-4924-955b-30866d4fff78: shutdown FollowerState
2019-10-19 00:50:09,412 [Thread-746] INFO  impl.RaftServerImpl (RaftServerImpl.java:setRole(184)) - aac91d0e-90b3-4924-955b-30866d4fff78@group-2DDA05B3685C: changes role from  FOLLOWER to CANDIDATE at term 33 for changeToCandidate
2019-10-19 00:50:09,412 [Thread-746] INFO  impl.RoleInfo (RoleInfo.java:updateAndGet(143)) - aac91d0e-90b3-4924-955b-30866d4fff78: start LeaderElection
2019-10-19 00:50:09,425 [aac91d0e-90b3-4924-955b-30866d4fff78@group-2DDA05B3685C-LeaderElection33] INFO  impl.LeaderElection (LeaderElection.java:askForVotes(178)) - aac91d0e-90b3-4924-955b-30866d4fff78@group-2DDA05B3685C-LeaderElection33: begin an election at term 34 for 0: [67511f02-1a53-40d3-ad7c-17f75ce9e42c:192.168.157.213:45560, aac91d0e-90b3-4924-955b-30866d4fff78:192.168.157.213:41659, b6ed77c0-0909-418c-a0c6-e1477b4e10c3:192.168.157.213:33232], old=null
2019-10-19 00:50:09,428 [grpc-default-executor-0] INFO  impl.RaftServerImpl (RaftServerImpl.java:setRole(184)) - 67511f02-1a53-40d3-ad7c-17f75ce9e42c@group-2DDA05B3685C: changes role from  FOLLOWER to FOLLOWER at term 34 for recognizeCandidate:aac91d0e-90b3-4924-955b-30866d4fff78
2019-10-19 00:50:09,428 [grpc-default-executor-1] INFO  impl.RaftServerImpl (RaftServerImpl.java:setRole(184)) - b6ed77c0-0909-418c-a0c6-e1477b4e10c3@group-2DDA05B3685C: changes role from  FOLLOWER to FOLLOWER at term 34 for recognizeCandidate:aac91d0e-90b3-4924-955b-30866d4fff78
2019-10-19 00:50:09,428 [grpc-default-executor-0] INFO  impl.RoleInfo (RoleInfo.java:shutdownFollowerState(121)) - 67511f02-1a53-40d3-ad7c-17f75ce9e42c: shutdown FollowerState
2019-10-19 00:50:09,428 [grpc-default-executor-1] INFO  impl.RoleInfo (RoleInfo.java:shutdownFollowerState(121)) - b6ed77c0-0909-418c-a0c6-e1477b4e10c3: shutdown FollowerState
2019-10-19 00:50:09,428 [grpc-default-executor-0] INFO  impl.RoleInfo (RoleInfo.java:updateAndGet(143)) - 67511f02-1a53-40d3-ad7c-17f75ce9e42c: start FollowerState
2019-10-19 00:50:09,428 [Thread-744] INFO  impl.FollowerState (FollowerState.java:run(117)) - 67511f02-1a53-40d3-ad7c-17f75ce9e42c@group-2DDA05B3685C-FollowerState was interrupted: java.lang.InterruptedException: sleep interrupted
2019-10-19 00:50:09,428 [grpc-default-executor-1] INFO  impl.RoleInfo (RoleInfo.java:updateAndGet(143)) - b6ed77c0-0909-418c-a0c6-e1477b4e10c3: start FollowerState
2019-10-19 00:50:09,428 [Thread-745] INFO  impl.FollowerState (FollowerState.java:run(117)) - b6ed77c0-0909-418c-a0c6-e1477b4e10c3@group-2DDA05B3685C-FollowerState was interrupted: java.lang.InterruptedException: sleep interrupted
2019-10-19 00:50:09,455 [aac91d0e-90b3-4924-955b-30866d4fff78@group-2DDA05B3685C-LeaderElection33] INFO  impl.LeaderElection (LeaderElection.java:logAndReturn(56)) - aac91d0e-90b3-4924-955b-30866d4fff78@group-2DDA05B3685C-LeaderElection33: Election REJECTED; received 2 response(s) [aac91d0e-90b3-4924-955b-30866d4fff78<-67511f02-1a53-40d3-ad7c-17f75ce9e42c#0:FAIL-t34, aac91d0e-90b3-4924-955b-30866d4fff78<-b6ed77c0-0909-418c-a0c6-e1477b4e10c3#0:FAIL-t34] and 0 exception(s); aac91d0e-90b3-4924-955b-30866d4fff78@group-2DDA05B3685C:t34, leader=null, voted=aac91d0e-90b3-4924-955b-30866d4fff78, raftlog=aac91d0e-90b3-4924-955b-30866d4fff78@group-2DDA05B3685C-SegmentedRaftLog:OPENED:c3,f4,i4, conf=0: [67511f02-1a53-40d3-ad7c-17f75ce9e42c:192.168.157.213:45560, aac91d0e-90b3-4924-955b-30866d4fff78:192.168.157.213:41659, b6ed77c0-0909-418c-a0c6-e1477b4e10c3:192.168.157.213:33232], old=null
2019-10-19 00:50:09,455 [aac91d0e-90b3-4924-955b-30866d4fff78@group-2DDA05B3685C-LeaderElection33] INFO  impl.RaftServerImpl (RaftServerImpl.java:setRole(184)) - aac91d0e-90b3-4924-955b-30866d4fff78@group-2DDA05B3685C: changes role from CANDIDATE to FOLLOWER at term 34 for DISCOVERED_A_NEW_TERM
2019-10-19 00:50:09,455 [aac91d0e-90b3-4924-955b-30866d4fff78@group-2DDA05B3685C-LeaderElection33] INFO  impl.RoleInfo (RoleInfo.java:shutdownLeaderElection(134)) - aac91d0e-90b3-4924-955b-30866d4fff78: shutdown LeaderElection
2019-10-19 00:50:09,456 [aac91d0e-90b3-4924-955b-30866d4fff78@group-2DDA05B3685C-LeaderElection33] INFO  impl.RoleInfo (RoleInfo.java:updateAndGet(143)) - aac91d0e-90b3-4924-955b-30866d4fff78: start FollowerState
2019-10-19 00:50:09,591 [Thread-752] INFO  impl.FollowerState (FollowerState.java:run(108)) - aac91d0e-90b3-4924-955b-30866d4fff78@group-2DDA05B3685C-FollowerState: change to CANDIDATE, lastRpcTime:135ms, electionTimeout:135ms
2019-10-19 00:50:09,591 [Thread-752] INFO  impl.RoleInfo (RoleInfo.java:shutdownFollowerState(121)) - aac91d0e-90b3-4924-955b-30866d4fff78: shutdown FollowerState
2019-10-19 00:50:09,591 [Thread-752] INFO  impl.RaftServerImpl (RaftServerImpl.java:setRole(184)) - aac91d0e-90b3-4924-955b-30866d4fff78@group-2DDA05B3685C: changes role from  FOLLOWER to CANDIDATE at term 34 for changeToCandidate
2019-10-19 00:50:09,592 [Thread-752] INFO  impl.RoleInfo (RoleInfo.java:updateAndGet(143)) - aac91d0e-90b3-4924-955b-30866d4fff78: start LeaderElection
2019-10-19 00:50:09,610 [aac91d0e-90b3-4924-955b-30866d4fff78@group-2DDA05B3685C-LeaderElection34] INFO  impl.LeaderElection (LeaderElection.java:askForVotes(178)) - aac91d0e-90b3-4924-955b-30866d4fff78@group-2DDA05B3685C-LeaderElection34: begin an election at term 35 for 0: [67511f02-1a53-40d3-ad7c-17f75ce9e42c:192.168.157.213:45560, aac91d0e-90b3-4924-955b-30866d4fff78:192.168.157.213:41659, b6ed77c0-0909-418c-a0c6-e1477b4e10c3:192.168.157.213:33232], old=null
2019-10-19 00:50:09,613 [grpc-default-executor-0] INFO  impl.RaftServerImpl (RaftServerImpl.java:setRole(184)) - b6ed77c0-0909-418c-a0c6-e1477b4e10c3@group-2DDA05B3685C: changes role from  FOLLOWER to FOLLOWER at term 35 for recognizeCandidate:aac91d0e-90b3-4924-955b-30866d4fff78
2019-10-19 00:50:09,613 [grpc-default-executor-0] INFO  impl.RoleInfo (RoleInfo.java:shutdownFollowerState(121)) - b6ed77c0-0909-418c-a0c6-e1477b4e10c3: shutdown FollowerState
2019-10-19 00:50:09,613 [grpc-default-executor-1] INFO  impl.RaftServerImpl (RaftServerImpl.java:setRole(184)) - 67511f02-1a53-40d3-ad7c-17f75ce9e42c@group-2DDA05B3685C: changes role from  FOLLOWER to FOLLOWER at term 35 for recognizeCandidate:aac91d0e-90b3-4924-955b-30866d4fff78
2019-10-19 00:50:09,613 [Thread-751] INFO  impl.FollowerState (FollowerState.java:run(117)) - b6ed77c0-0909-418c-a0c6-e1477b4e10c3@group-2DDA05B3685C-FollowerState was interrupted: java.lang.InterruptedException: sleep interrupted
2019-10-19 00:50:09,613 [grpc-default-executor-0] INFO  impl.RoleInfo (RoleInfo.java:updateAndGet(143)) - b6ed77c0-0909-418c-a0c6-e1477b4e10c3: start FollowerState
2019-10-19 00:50:09,613 [grpc-default-executor-1] INFO  impl.RoleInfo (RoleInfo.java:shutdownFollowerState(121)) - 67511f02-1a53-40d3-ad7c-17f75ce9e42c: shutdown FollowerState
2019-10-19 00:50:09,614 [Thread-750] INFO  impl.FollowerState (FollowerState.java:run(117)) - 67511f02-1a53-40d3-ad7c-17f75ce9e42c@group-2DDA05B3685C-FollowerState was interrupted: java.lang.InterruptedException: sleep interrupted
2019-10-19 00:50:09,614 [grpc-default-executor-1] INFO  impl.RoleInfo (RoleInfo.java:updateAndGet(143)) - 67511f02-1a53-40d3-ad7c-17f75ce9e42c: start FollowerState
2019-10-19 00:50:09,622 [aac91d0e-90b3-4924-955b-30866d4fff78@group-2DDA05B3685C-LeaderElection34] INFO  impl.LeaderElection (LeaderElection.java:logAndReturn(56)) - aac91d0e-90b3-4924-955b-30866d4fff78@group-2DDA05B3685C-LeaderElection34: Election REJECTED; received 2 response(s) [aac91d0e-90b3-4924-955b-30866d4fff78<-67511f02-1a53-40d3-ad7c-17f75ce9e42c#0:FAIL-t35, aac91d0e-90b3-4924-955b-30866d4fff78<-b6ed77c0-0909-418c-a0c6-e1477b4e10c3#0:FAIL-t35] and 0 exception(s); aac91d0e-90b3-4924-955b-30866d4fff78@group-2DDA05B3685C:t35, leader=null, voted=aac91d0e-90b3-4924-955b-30866d4fff78, raftlog=aac91d0e-90b3-4924-955b-30866d4fff78@group-2DDA05B3685C-SegmentedRaftLog:OPENED:c3,f4,i4, conf=0: [67511f02-1a53-40d3-ad7c-17f75ce9e42c:192.168.157.213:45560, aac91d0e-90b3-4924-955b-30866d4fff78:192.168.157.213:41659, b6ed77c0-0909-418c-a0c6-e1477b4e10c3:192.168.157.213:33232], old=null
2019-10-19 00:50:09,623 [aac91d0e-90b3-4924-955b-30866d4fff78@group-2DDA05B3685C-LeaderElection34] INFO  impl.RaftServerImpl (RaftServerImpl.java:setRole(184)) - aac91d0e-90b3-4924-955b-30866d4fff78@group-2DDA05B3685C: changes role from CANDIDATE to FOLLOWER at term 35 for DISCOVERED_A_NEW_TERM
2019-10-19 00:50:09,623 [aac91d0e-90b3-4924-955b-30866d4fff78@group-2DDA05B3685C-LeaderElection34] INFO  impl.RoleInfo (RoleInfo.java:shutdownLeaderElection(134)) - aac91d0e-90b3-4924-955b-30866d4fff78: shutdown LeaderElection
2019-10-19 00:50:09,623 [aac91d0e-90b3-4924-955b-30866d4fff78@group-2DDA05B3685C-LeaderElection34] INFO  impl.RoleInfo (RoleInfo.java:updateAndGet(143)) - aac91d0e-90b3-4924-955b-30866d4fff78: start FollowerState
2019-10-19 00:50:09,648 [Thread-758] INFO  impl.FollowerState (FollowerState.java:run(108)) - aac91d0e-90b3-4924-955b-30866d4fff78@group-2DDA05B3685C-FollowerState: change to CANDIDATE, lastRpcTime:25ms, electionTimeout:25ms
2019-10-19 00:50:09,648 [Thread-758] INFO  impl.RoleInfo (RoleInfo.java:shutdownFollowerState(121)) - aac91d0e-90b3-4924-955b-30866d4fff78: shutdown FollowerState
2019-10-19 00:50:09,648 [Thread-758] INFO  impl.RaftServerImpl (RaftServerImpl.java:setRole(184)) - aac91d0e-90b3-4924-955b-30866d4fff78@group-2DDA05B3685C: changes role from  FOLLOWER to CANDIDATE at term 35 for changeToCandidate
2019-10-19 00:50:09,649 [Thread-758] INFO  impl.RoleInfo (RoleInfo.java:updateAndGet(143)) - aac91d0e-90b3-4924-955b-30866d4fff78: start LeaderElection
2019-10-19 00:50:09,663 [aac91d0e-90b3-4924-955b-30866d4fff78@group-2DDA05B3685C-LeaderElection35] INFO  impl.LeaderElection (LeaderElection.java:askForVotes(178)) - aac91d0e-90b3-4924-955b-30866d4fff78@group-2DDA05B3685C-LeaderElection35: begin an election at term 36 for 0: [67511f02-1a53-40d3-ad7c-17f75ce9e42c:192.168.157.213:45560, aac91d0e-90b3-4924-955b-30866d4fff78:192.168.157.213:41659, b6ed77c0-0909-418c-a0c6-e1477b4e10c3:192.168.157.213:33232], old=null
2019-10-19 00:50:09,666 [grpc-default-executor-1] INFO  impl.RaftServerImpl (RaftServerImpl.java:setRole(184)) - b6ed77c0-0909-418c-a0c6-e1477b4e10c3@group-2DDA05B3685C: changes role from  FOLLOWER to FOLLOWER at term 36 for recognizeCandidate:aac91d0e-90b3-4924-955b-30866d4fff78
2019-10-19 00:50:09,666 [grpc-default-executor-0] INFO  impl.RaftServerImpl (RaftServerImpl.java:setRole(184)) - 67511f02-1a53-40d3-ad7c-17f75ce9e42c@group-2DDA05B3685C: changes role from  FOLLOWER to FOLLOWER at term 36 for recognizeCandidate:aac91d0e-90b3-4924-955b-30866d4fff78
2019-10-19 00:50:09,666 [grpc-default-executor-1] INFO  impl.RoleInfo (RoleInfo.java:shutdownFollowerState(121)) - b6ed77c0-0909-418c-a0c6-e1477b4e10c3: shutdown FollowerState
2019-10-19 00:50:09,666 [grpc-default-executor-0] INFO  impl.RoleInfo (RoleInfo.java:shutdownFollowerState(121)) - 67511f02-1a53-40d3-ad7c-17f75ce9e42c: shutdown FollowerState
2019-10-19 00:50:09,666 [grpc-default-executor-1] INFO  impl.RoleInfo (RoleInfo.java:updateAndGet(143)) - b6ed77c0-0909-418c-a0c6-e1477b4e10c3: start FollowerState
2019-10-19 00:50:09,666 [Thread-756] INFO  impl.FollowerState (FollowerState.java:run(117)) - b6ed77c0-0909-418c-a0c6-e1477b4e10c3@group-2DDA05B3685C-FollowerState was interrupted: java.lang.InterruptedException: sleep interrupted
2019-10-19 00:50:09,666 [grpc-default-executor-0] INFO  impl.RoleInfo (RoleInfo.java:updateAndGet(143)) - 67511f02-1a53-40d3-ad7c-17f75ce9e42c: start FollowerState
2019-10-19 00:50:09,666 [Thread-757] INFO  impl.FollowerState (FollowerState.java:run(117)) - 67511f02-1a53-40d3-ad7c-17f75ce9e42c@group-2DDA05B3685C-FollowerState was interrupted: java.lang.InterruptedException: sleep interrupted
2019-10-19 00:50:09,682 [aac91d0e-90b3-4924-955b-30866d4fff78@group-2DDA05B3685C-LeaderElection35] INFO  impl.LeaderElection (LeaderElection.java:logAndReturn(56)) - aac91d0e-90b3-4924-955b-30866d4fff78@group-2DDA05B3685C-LeaderElection35: Election REJECTED; received 2 response(s) [aac91d0e-90b3-4924-955b-30866d4fff78<-67511f02-1a53-40d3-ad7c-17f75ce9e42c#0:FAIL-t36, aac91d0e-90b3-4924-955b-30866d4fff78<-b6ed77c0-0909-418c-a0c6-e1477b4e10c3#0:FAIL-t36] and 0 exception(s); aac91d0e-90b3-4924-955b-30866d4fff78@group-2DDA05B3685C:t36, leader=null, voted=aac91d0e-90b3-4924-955b-30866d4fff78, raftlog=aac91d0e-90b3-4924-955b-30866d4fff78@group-2DDA05B3685C-SegmentedRaftLog:OPENED:c3,f4,i4, conf=0: [67511f02-1a53-40d3-ad7c-17f75ce9e42c:192.168.157.213:45560, aac91d0e-90b3-4924-955b-30866d4fff78:192.168.157.213:41659, b6ed77c0-0909-418c-a0c6-e1477b4e10c3:192.168.157.213:33232], old=null
2019-10-19 00:50:09,682 [aac91d0e-90b3-4924-955b-30866d4fff78@group-2DDA05B3685C-LeaderElection35] INFO  impl.RaftServerImpl (RaftServerImpl.java:setRole(184)) - aac91d0e-90b3-4924-955b-30866d4fff78@group-2DDA05B3685C: changes role from CANDIDATE to FOLLOWER at term 36 for DISCOVERED_A_NEW_TERM
2019-10-19 00:50:09,682 [aac91d0e-90b3-4924-955b-30866d4fff78@group-2DDA05B3685C-LeaderElection35] INFO  impl.RoleInfo (RoleInfo.java:shutdownLeaderElection(134)) - aac91d0e-90b3-4924-955b-30866d4fff78: shutdown LeaderElection
2019-10-19 00:50:09,682 [aac91d0e-90b3-4924-955b-30866d4fff78@group-2DDA05B3685C-LeaderElection35] INFO  impl.RoleInfo (RoleInfo.java:updateAndGet(143)) - aac91d0e-90b3-4924-955b-30866d4fff78: start FollowerState
2019-10-19 00:50:09,781 [Thread-764] INFO  impl.FollowerState (FollowerState.java:run(108)) - aac91d0e-90b3-4924-955b-30866d4fff78@group-2DDA05B3685C-FollowerState: change to CANDIDATE, lastRpcTime:98ms, electionTimeout:98ms
2019-10-19 00:50:09,781 [Thread-764] INFO  impl.RoleInfo (RoleInfo.java:shutdownFollowerState(121)) - aac91d0e-90b3-4924-955b-30866d4fff78: shutdown FollowerState
2019-10-19 00:50:09,781 [Thread-764] INFO  impl.RaftServerImpl (RaftServerImpl.java:setRole(184)) - aac91d0e-90b3-4924-955b-30866d4fff78@group-2DDA05B3685C: changes role from  FOLLOWER to CANDIDATE at term 36 for changeToCandidate
2019-10-19 00:50:09,781 [Thread-764] INFO  impl.RoleInfo (RoleInfo.java:updateAndGet(143)) - aac91d0e-90b3-4924-955b-30866d4fff78: start LeaderElection
2019-10-19 00:50:09,788 [aac91d0e-90b3-4924-955b-30866d4fff78@group-2DDA05B3685C-LeaderElection36] INFO  impl.LeaderElection (LeaderElection.java:askForVotes(178)) - aac91d0e-90b3-4924-955b-30866d4fff78@group-2DDA05B3685C-LeaderElection36: begin an election at term 37 for 0: [67511f02-1a53-40d3-ad7c-17f75ce9e42c:192.168.157.213:45560, aac91d0e-90b3-4924-955b-30866d4fff78:192.168.157.213:41659, b6ed77c0-0909-418c-a0c6-e1477b4e10c3:192.168.157.213:33232], old=null
2019-10-19 00:50:09,791 [grpc-default-executor-1] INFO  impl.RaftServerImpl (RaftServerImpl.java:setRole(184)) - b6ed77c0-0909-418c-a0c6-e1477b4e10c3@group-2DDA05B3685C: changes role from  FOLLOWER to FOLLOWER at term 37 for recognizeCandidate:aac91d0e-90b3-4924-955b-30866d4fff78
2019-10-19 00:50:09,791 [grpc-default-executor-0] INFO  impl.RaftServerImpl (RaftServerImpl.java:setRole(184)) - 67511f02-1a53-40d3-ad7c-17f75ce9e42c@group-2DDA05B3685C: changes role from  FOLLOWER to FOLLOWER at term 37 for recognizeCandidate:aac91d0e-90b3-4924-955b-30866d4fff78
2019-10-19 00:50:09,791 [grpc-default-executor-1] INFO  impl.RoleInfo (RoleInfo.java:shutdownFollowerState(121)) - b6ed77c0-0909-418c-a0c6-e1477b4e10c3: shutdown FollowerState
2019-10-19 00:50:09,791 [grpc-default-executor-0] INFO  impl.RoleInfo (RoleInfo.java:shutdownFollowerState(121)) - 67511f02-1a53-40d3-ad7c-17f75ce9e42c: shutdown FollowerState
2019-10-19 00:50:09,791 [Thread-762] INFO  impl.FollowerState (FollowerState.java:run(117)) - b6ed77c0-0909-418c-a0c6-e1477b4e10c3@group-2DDA05B3685C-FollowerState was interrupted: java.lang.InterruptedException: sleep interrupted
2019-10-19 00:50:09,791 [grpc-default-executor-1] INFO  impl.RoleInfo (RoleInfo.java:updateAndGet(143)) - b6ed77c0-0909-418c-a0c6-e1477b4e10c3: start FollowerState
2019-10-19 00:50:09,791 [grpc-default-executor-0] INFO  impl.RoleInfo (RoleInfo.java:updateAndGet(143)) - 67511f02-1a53-40d3-ad7c-17f75ce9e42c: start FollowerState
2019-10-19 00:50:09,791 [Thread-763] INFO  impl.FollowerState (FollowerState.java:run(117)) - 67511f02-1a53-40d3-ad7c-17f75ce9e42c@group-2DDA05B3685C-FollowerState was interrupted: java.lang.InterruptedException: sleep interrupted
2019-10-19 00:50:09,804 [pool-7-thread-4] INFO  commands.RetriableDatanodeEventWatcher (RetriableDatanodeEventWatcher.java:onTimeout(47)) - RetriableDatanodeCommand type=deleteBlocksCommand with id=1571446202802 timed out. Retrying.
2019-10-19 00:50:09,805 [pool-7-thread-5] INFO  commands.RetriableDatanodeEventWatcher (RetriableDatanodeEventWatcher.java:onTimeout(47)) - RetriableDatanodeCommand type=deleteBlocksCommand with id=1571446202804 timed out. Retrying.
2019-10-19 00:50:09,805 [pool-7-thread-1] INFO  commands.RetriableDatanodeEventWatcher (RetriableDatanodeEventWatcher.java:onTimeout(47)) - RetriableDatanodeCommand type=deleteBlocksCommand with id=1571446202806 timed out. Retrying.
2019-10-19 00:50:09,805 [pool-7-thread-3] INFO  commands.RetriableDatanodeEventWatcher (RetriableDatanodeEventWatcher.java:onTimeout(47)) - RetriableDatanodeCommand type=deleteBlocksCommand with id=1571446202800 timed out. Retrying.
2019-10-19 00:50:09,805 [pool-7-thread-2] INFO  commands.RetriableDatanodeEventWatcher (RetriableDatanodeEventWatcher.java:onTimeout(47)) - RetriableDatanodeCommand type=deleteBlocksCommand with id=1571446202805 timed out. Retrying.
2019-10-19 00:50:09,805 [pool-7-thread-5] INFO  commands.RetriableDatanodeEventWatcher (RetriableDatanodeEventWatcher.java:onTimeout(47)) - RetriableDatanodeCommand type=deleteBlocksCommand with id=1571446202808 timed out. Retrying.
2019-10-19 00:50:09,805 [pool-7-thread-1] INFO  commands.RetriableDatanodeEventWatcher (RetriableDatanodeEventWatcher.java:onTimeout(47)) - RetriableDatanodeCommand type=deleteBlocksCommand with id=1571446202807 timed out. Retrying.
2019-10-19 00:50:09,806 [SCMBlockDeletingService#1] INFO  block.SCMBlockDeletingService (SCMBlockDeletingService.java:call(184)) - Totally added 1 delete blocks command for 1 datanodes, task elapsed time: 1ms
2019-10-19 00:50:09,807 [aac91d0e-90b3-4924-955b-30866d4fff78@group-2DDA05B3685C-LeaderElection36] INFO  impl.LeaderElection (LeaderElection.java:logAndReturn(56)) - aac91d0e-90b3-4924-955b-30866d4fff78@group-2DDA05B3685C-LeaderElection36: Election REJECTED; received 2 response(s) [aac91d0e-90b3-4924-955b-30866d4fff78<-67511f02-1a53-40d3-ad7c-17f75ce9e42c#0:FAIL-t37, aac91d0e-90b3-4924-955b-30866d4fff78<-b6ed77c0-0909-418c-a0c6-e1477b4e10c3#0:FAIL-t37] and 0 exception(s); aac91d0e-90b3-4924-955b-30866d4fff78@group-2DDA05B3685C:t37, leader=null, voted=aac91d0e-90b3-4924-955b-30866d4fff78, raftlog=aac91d0e-90b3-4924-955b-30866d4fff78@group-2DDA05B3685C-SegmentedRaftLog:OPENED:c3,f4,i4, conf=0: [67511f02-1a53-40d3-ad7c-17f75ce9e42c:192.168.157.213:45560, aac91d0e-90b3-4924-955b-30866d4fff78:192.168.157.213:41659, b6ed77c0-0909-418c-a0c6-e1477b4e10c3:192.168.157.213:33232], old=null
2019-10-19 00:50:09,807 [aac91d0e-90b3-4924-955b-30866d4fff78@group-2DDA05B3685C-LeaderElection36] INFO  impl.RaftServerImpl (RaftServerImpl.java:setRole(184)) - aac91d0e-90b3-4924-955b-30866d4fff78@group-2DDA05B3685C: changes role from CANDIDATE to FOLLOWER at term 37 for DISCOVERED_A_NEW_TERM
2019-10-19 00:50:09,807 [aac91d0e-90b3-4924-955b-30866d4fff78@group-2DDA05B3685C-LeaderElection36] INFO  impl.RoleInfo (RoleInfo.java:shutdownLeaderElection(134)) - aac91d0e-90b3-4924-955b-30866d4fff78: shutdown LeaderElection
2019-10-19 00:50:09,807 [aac91d0e-90b3-4924-955b-30866d4fff78@group-2DDA05B3685C-LeaderElection36] INFO  impl.RoleInfo (RoleInfo.java:updateAndGet(143)) - aac91d0e-90b3-4924-955b-30866d4fff78: start FollowerState
2019-10-19 00:50:09,837 [Thread-770] INFO  impl.FollowerState (FollowerState.java:run(108)) - aac91d0e-90b3-4924-955b-30866d4fff78@group-2DDA05B3685C-FollowerState: change to CANDIDATE, lastRpcTime:29ms, electionTimeout:29ms
2019-10-19 00:50:09,837 [Thread-770] INFO  impl.RoleInfo (RoleInfo.java:shutdownFollowerState(121)) - aac91d0e-90b3-4924-955b-30866d4fff78: shutdown FollowerState
2019-10-19 00:50:09,837 [Thread-770] INFO  impl.RaftServerImpl (RaftServerImpl.java:setRole(184)) - aac91d0e-90b3-4924-955b-30866d4fff78@group-2DDA05B3685C: changes role from  FOLLOWER to CANDIDATE at term 37 for changeToCandidate
2019-10-19 00:50:09,837 [Thread-770] INFO  impl.RoleInfo (RoleInfo.java:updateAndGet(143)) - aac91d0e-90b3-4924-955b-30866d4fff78: start LeaderElection
2019-10-19 00:50:09,863 [aac91d0e-90b3-4924-955b-30866d4fff78@group-2DDA05B3685C-LeaderElection37] INFO  impl.LeaderElection (LeaderElection.java:askForVotes(178)) - aac91d0e-90b3-4924-955b-30866d4fff78@group-2DDA05B3685C-LeaderElection37: begin an election at term 38 for 0: [67511f02-1a53-40d3-ad7c-17f75ce9e42c:192.168.157.213:45560, aac91d0e-90b3-4924-955b-30866d4fff78:192.168.157.213:41659, b6ed77c0-0909-418c-a0c6-e1477b4e10c3:192.168.157.213:33232], old=null
2019-10-19 00:50:09,866 [grpc-default-executor-0] INFO  impl.RaftServerImpl (RaftServerImpl.java:setRole(184)) - b6ed77c0-0909-418c-a0c6-e1477b4e10c3@group-2DDA05B3685C: changes role from  FOLLOWER to FOLLOWER at term 38 for recognizeCandidate:aac91d0e-90b3-4924-955b-30866d4fff78
2019-10-19 00:50:09,866 [grpc-default-executor-1] INFO  impl.RaftServerImpl (RaftServerImpl.java:setRole(184)) - 67511f02-1a53-40d3-ad7c-17f75ce9e42c@group-2DDA05B3685C: changes role from  FOLLOWER to FOLLOWER at term 38 for recognizeCandidate:aac91d0e-90b3-4924-955b-30866d4fff78
2019-10-19 00:50:09,866 [grpc-default-executor-0] INFO  impl.RoleInfo (RoleInfo.java:shutdownFollowerState(121)) - b6ed77c0-0909-418c-a0c6-e1477b4e10c3: shutdown FollowerState
2019-10-19 00:50:09,866 [grpc-default-executor-1] INFO  impl.RoleInfo (RoleInfo.java:shutdownFollowerState(121)) - 67511f02-1a53-40d3-ad7c-17f75ce9e42c: shutdown FollowerState
2019-10-19 00:50:09,867 [grpc-default-executor-0] INFO  impl.RoleInfo (RoleInfo.java:updateAndGet(143)) - b6ed77c0-0909-418c-a0c6-e1477b4e10c3: start FollowerState
2019-10-19 00:50:09,867 [Thread-768] INFO  impl.FollowerState (FollowerState.java:run(117)) - b6ed77c0-0909-418c-a0c6-e1477b4e10c3@group-2DDA05B3685C-FollowerState was interrupted: java.lang.InterruptedException: sleep interrupted
2019-10-19 00:50:09,867 [Thread-769] INFO  impl.FollowerState (FollowerState.java:run(117)) - 67511f02-1a53-40d3-ad7c-17f75ce9e42c@group-2DDA05B3685C-FollowerState was interrupted: java.lang.InterruptedException: sleep interrupted
2019-10-19 00:50:09,867 [grpc-default-executor-1] INFO  impl.RoleInfo (RoleInfo.java:updateAndGet(143)) - 67511f02-1a53-40d3-ad7c-17f75ce9e42c: start FollowerState
2019-10-19 00:50:09,884 [aac91d0e-90b3-4924-955b-30866d4fff78@group-2DDA05B3685C-LeaderElection37] INFO  impl.LeaderElection (LeaderElection.java:logAndReturn(56)) - aac91d0e-90b3-4924-955b-30866d4fff78@group-2DDA05B3685C-LeaderElection37: Election TIMEOUT; received 0 response(s) [] and 0 exception(s); aac91d0e-90b3-4924-955b-30866d4fff78@group-2DDA05B3685C:t38, leader=null, voted=aac91d0e-90b3-4924-955b-30866d4fff78, raftlog=aac91d0e-90b3-4924-955b-30866d4fff78@group-2DDA05B3685C-SegmentedRaftLog:OPENED:c3,f4,i4, conf=0: [67511f02-1a53-40d3-ad7c-17f75ce9e42c:192.168.157.213:45560, aac91d0e-90b3-4924-955b-30866d4fff78:192.168.157.213:41659, b6ed77c0-0909-418c-a0c6-e1477b4e10c3:192.168.157.213:33232], old=null
2019-10-19 00:50:09,900 [aac91d0e-90b3-4924-955b-30866d4fff78@group-2DDA05B3685C-LeaderElection37] INFO  impl.LeaderElection (LeaderElection.java:askForVotes(178)) - aac91d0e-90b3-4924-955b-30866d4fff78@group-2DDA05B3685C-LeaderElection37: begin an election at term 39 for 0: [67511f02-1a53-40d3-ad7c-17f75ce9e42c:192.168.157.213:45560, aac91d0e-90b3-4924-955b-30866d4fff78:192.168.157.213:41659, b6ed77c0-0909-418c-a0c6-e1477b4e10c3:192.168.157.213:33232], old=null
2019-10-19 00:50:09,902 [grpc-default-executor-0] INFO  impl.RaftServerImpl (RaftServerImpl.java:setRole(184)) - 67511f02-1a53-40d3-ad7c-17f75ce9e42c@group-2DDA05B3685C: changes role from  FOLLOWER to FOLLOWER at term 39 for recognizeCandidate:aac91d0e-90b3-4924-955b-30866d4fff78
2019-10-19 00:50:09,902 [grpc-default-executor-0] INFO  impl.RoleInfo (RoleInfo.java:shutdownFollowerState(121)) - 67511f02-1a53-40d3-ad7c-17f75ce9e42c: shutdown FollowerState
2019-10-19 00:50:09,902 [Thread-775] INFO  impl.FollowerState (FollowerState.java:run(117)) - 67511f02-1a53-40d3-ad7c-17f75ce9e42c@group-2DDA05B3685C-FollowerState was interrupted: java.lang.InterruptedException: sleep interrupted
2019-10-19 00:50:09,902 [grpc-default-executor-0] INFO  impl.RoleInfo (RoleInfo.java:updateAndGet(143)) - 67511f02-1a53-40d3-ad7c-17f75ce9e42c: start FollowerState
2019-10-19 00:50:09,902 [grpc-default-executor-1] INFO  impl.RaftServerImpl (RaftServerImpl.java:setRole(184)) - b6ed77c0-0909-418c-a0c6-e1477b4e10c3@group-2DDA05B3685C: changes role from  FOLLOWER to FOLLOWER at term 39 for recognizeCandidate:aac91d0e-90b3-4924-955b-30866d4fff78
2019-10-19 00:50:09,903 [grpc-default-executor-1] INFO  impl.RoleInfo (RoleInfo.java:shutdownFollowerState(121)) - b6ed77c0-0909-418c-a0c6-e1477b4e10c3: shutdown FollowerState
2019-10-19 00:50:09,903 [Thread-774] INFO  impl.FollowerState (FollowerState.java:run(117)) - b6ed77c0-0909-418c-a0c6-e1477b4e10c3@group-2DDA05B3685C-FollowerState was interrupted: java.lang.InterruptedException: sleep interrupted
2019-10-19 00:50:09,903 [grpc-default-executor-1] INFO  impl.RoleInfo (RoleInfo.java:updateAndGet(143)) - b6ed77c0-0909-418c-a0c6-e1477b4e10c3: start FollowerState
2019-10-19 00:50:09,906 [EventQueue-PendingDeleteStatusForPendingDeleteHandler] INFO  block.SCMBlockDeletingService (SCMBlockDeletingService.java:handlePendingDeletes(115)) - Block deletion txnID mismatch in datanode aac91d0e-90b3-4924-955b-30866d4fff78 for containerID 1. Datanode delete txnID: 0, SCM txnID: 1
2019-10-19 00:50:09,917 [aac91d0e-90b3-4924-955b-30866d4fff78@group-2DDA05B3685C-LeaderElection37] INFO  impl.LeaderElection (LeaderElection.java:logAndReturn(56)) - aac91d0e-90b3-4924-955b-30866d4fff78@group-2DDA05B3685C-LeaderElection37: Election REJECTED; received 2 response(s) [aac91d0e-90b3-4924-955b-30866d4fff78<-67511f02-1a53-40d3-ad7c-17f75ce9e42c#0:FAIL-t39, aac91d0e-90b3-4924-955b-30866d4fff78<-b6ed77c0-0909-418c-a0c6-e1477b4e10c3#0:FAIL-t39] and 0 exception(s); aac91d0e-90b3-4924-955b-30866d4fff78@group-2DDA05B3685C:t39, leader=null, voted=aac91d0e-90b3-4924-955b-30866d4fff78, raftlog=aac91d0e-90b3-4924-955b-30866d4fff78@group-2DDA05B3685C-SegmentedRaftLog:OPENED:c3,f4,i4, conf=0: [67511f02-1a53-40d3-ad7c-17f75ce9e42c:192.168.157.213:45560, aac91d0e-90b3-4924-955b-30866d4fff78:192.168.157.213:41659, b6ed77c0-0909-418c-a0c6-e1477b4e10c3:192.168.157.213:33232], old=null
2019-10-19 00:50:09,917 [aac91d0e-90b3-4924-955b-30866d4fff78@group-2DDA05B3685C-LeaderElection37] INFO  impl.RaftServerImpl (RaftServerImpl.java:setRole(184)) - aac91d0e-90b3-4924-955b-30866d4fff78@group-2DDA05B3685C: changes role from CANDIDATE to FOLLOWER at term 39 for DISCOVERED_A_NEW_TERM
2019-10-19 00:50:09,917 [aac91d0e-90b3-4924-955b-30866d4fff78@group-2DDA05B3685C-LeaderElection37] INFO  impl.RoleInfo (RoleInfo.java:shutdownLeaderElection(134)) - aac91d0e-90b3-4924-955b-30866d4fff78: shutdown LeaderElection
2019-10-19 00:50:09,917 [aac91d0e-90b3-4924-955b-30866d4fff78@group-2DDA05B3685C-LeaderElection37] INFO  impl.RoleInfo (RoleInfo.java:updateAndGet(143)) - aac91d0e-90b3-4924-955b-30866d4fff78: start FollowerState
2019-10-19 00:50:09,936 [grpc-default-executor-0] INFO  impl.RaftServerProxy (RaftServerProxy.java:addNew(89)) - aac91d0e-90b3-4924-955b-30866d4fff78: addNew group-D7C502E0838E:[aac91d0e-90b3-4924-955b-30866d4fff78:192.168.157.213:41659] returns group-D7C502E0838E:java.util.concurrent.CompletableFuture@2b8f6b56[Not completed]
2019-10-19 00:50:09,938 [pool-59-thread-1] INFO  impl.RaftServerImpl (RaftServerImpl.java:<init>(104)) - aac91d0e-90b3-4924-955b-30866d4fff78: new RaftServerImpl for group-D7C502E0838E:[aac91d0e-90b3-4924-955b-30866d4fff78:192.168.157.213:41659] with ContainerStateMachine:uninitialized
2019-10-19 00:50:09,938 [pool-59-thread-1] INFO  server.RaftServerConfigKeys (ConfUtils.java:logGet(43)) - raft.server.rpc.timeout.min = 5s (custom)
2019-10-19 00:50:09,938 [pool-59-thread-1] INFO  server.RaftServerConfigKeys (ConfUtils.java:logGet(43)) - raft.server.rpc.timeout.max = 5200ms (custom)
2019-10-19 00:50:09,938 [pool-59-thread-1] INFO  server.RaftServerConfigKeys (ConfUtils.java:logGet(43)) - raft.server.rpcslowness.timeout = 1000s (custom)
2019-10-19 00:50:09,938 [pool-59-thread-1] INFO  server.RaftServerConfigKeys (ConfUtils.java:logGet(43)) - raft.server.sleep.deviation.threshold = 300 (default)
2019-10-19 00:50:09,938 [pool-59-thread-1] INFO  server.RaftServerConfigKeys (ConfUtils.java:logGet(43)) - raft.server.log.appender.install.snapshot.enabled = false (custom)
2019-10-19 00:50:09,938 [pool-59-thread-1] INFO  impl.RaftServerImpl (ServerState.java:<init>(103)) - aac91d0e-90b3-4924-955b-30866d4fff78@group-D7C502E0838E: ConfigurationManager, init=-1: [aac91d0e-90b3-4924-955b-30866d4fff78:192.168.157.213:41659], old=null, confs=<EMPTY_MAP>
2019-10-19 00:50:09,939 [pool-59-thread-1] INFO  server.RaftServerConfigKeys (ConfUtils.java:logGet(43)) - raft.server.storage.dir = [/workdir/hadoop-ozone/integration-test/target/test-dir/MiniOzoneClusterImpl-c55fde14-2fcc-439a-a3ad-d31aeefdbace/datanode-2/data/ratis] (custom)
2019-10-19 00:50:09,939 [pool-59-thread-1] INFO  server.RaftServerConfigKeys (ConfUtils.java:logGet(43)) - raft.server.log.corruption.policy = EXCEPTION (default)
2019-10-19 00:50:09,939 [pool-59-thread-1] INFO  storage.RaftStorageDirectory (RaftStorageDirectory.java:analyzeStorage(246)) - The storage directory /workdir/hadoop-ozone/integration-test/target/test-dir/MiniOzoneClusterImpl-c55fde14-2fcc-439a-a3ad-d31aeefdbace/datanode-2/data/ratis/f8896f7f-8950-44c5-8e38-d7c502e0838e does not exist. Creating ...
2019-10-19 00:50:09,942 [pool-59-thread-1] INFO  storage.RaftStorageDirectory (RaftStorageDirectory.java:tryLock(328)) - Lock on /workdir/hadoop-ozone/integration-test/target/test-dir/MiniOzoneClusterImpl-c55fde14-2fcc-439a-a3ad-d31aeefdbace/datanode-2/data/ratis/f8896f7f-8950-44c5-8e38-d7c502e0838e/in_use.lock acquired by nodename 25791@pr-hdds-2333-xd9jc-2947872914
2019-10-19 00:50:09,956 [pool-59-thread-1] INFO  storage.RaftStorage (RaftStorage.java:format(84)) - Storage directory /workdir/hadoop-ozone/integration-test/target/test-dir/MiniOzoneClusterImpl-c55fde14-2fcc-439a-a3ad-d31aeefdbace/datanode-2/data/ratis/f8896f7f-8950-44c5-8e38-d7c502e0838e has been successfully formatted.
2019-10-19 00:50:09,956 [pool-59-thread-1] INFO  ratis.ContainerStateMachine (ContainerStateMachine.java:loadSnapshot(231)) - group-D7C502E0838E: The snapshot info is null. Setting the last applied indexto:(t:0, i:~)
2019-10-19 00:50:09,957 [pool-59-thread-1] INFO  server.RaftServerConfigKeys (ConfUtils.java:logGet(43)) - raft.server.notification.no-leader.timeout = 1000s (custom)
2019-10-19 00:50:09,957 [pool-59-thread-1] INFO  server.RaftServerConfigKeys (ConfUtils.java:logGet(43)) - raft.server.log.use.memory = false (default)
2019-10-19 00:50:09,957 [pool-59-thread-1] INFO  server.RaftServerConfigKeys (ConfUtils.java:logGet(43)) - raft.server.log.purge.gap = 1000000 (custom)
2019-10-19 00:50:09,957 [pool-59-thread-1] INFO  server.RaftServerConfigKeys (ConfUtils.java:logGet(43)) - raft.server.log.appender.buffer.byte-limit = 33554432 (custom)
2019-10-19 00:50:09,957 [pool-59-thread-1] INFO  server.RaftServerConfigKeys (ConfUtils.java:logGet(43)) - raft.server.log.segment.size.max = 1048576 (custom)
2019-10-19 00:50:09,957 [pool-59-thread-1] INFO  server.RaftServerConfigKeys (ConfUtils.java:logGet(43)) - raft.server.log.segment.cache.num.max = 2 (custom)
2019-10-19 00:50:09,957 [pool-59-thread-1] INFO  segmented.SegmentedRaftLogWorker (SegmentedRaftLogWorker.java:<init>(173)) - new aac91d0e-90b3-4924-955b-30866d4fff78@group-D7C502E0838E-SegmentedRaftLogWorker for RaftStorage:Storage Directory /workdir/hadoop-ozone/integration-test/target/test-dir/MiniOzoneClusterImpl-c55fde14-2fcc-439a-a3ad-d31aeefdbace/datanode-2/data/ratis/f8896f7f-8950-44c5-8e38-d7c502e0838e
2019-10-19 00:50:09,957 [pool-59-thread-1] INFO  server.RaftServerConfigKeys (ConfUtils.java:logGet(43)) - raft.server.log.queue.byte-limit = 2147483647 (custom)
2019-10-19 00:50:09,958 [pool-59-thread-1] INFO  server.RaftServerConfigKeys (ConfUtils.java:logGet(43)) - raft.server.log.queue.element-limit = 1024 (custom)
2019-10-19 00:50:09,958 [pool-59-thread-1] INFO  server.RaftServerConfigKeys (ConfUtils.java:logGet(43)) - raft.server.log.segment.size.max = 1048576 (custom)
2019-10-19 00:50:09,958 [pool-59-thread-1] INFO  server.RaftServerConfigKeys (ConfUtils.java:logGet(43)) - raft.server.log.preallocated.size = 16384 (custom)
2019-10-19 00:50:09,958 [pool-59-thread-1] INFO  server.RaftServerConfigKeys (ConfUtils.java:logGet(43)) - raft.server.log.write.buffer.size = 33554432 (custom)
2019-10-19 00:50:09,958 [pool-59-thread-1] INFO  server.RaftServerConfigKeys (ConfUtils.java:logGet(43)) - raft.server.log.force.sync.num = 128 (default)
2019-10-19 00:50:09,958 [pool-59-thread-1] INFO  server.RaftServerConfigKeys (ConfUtils.java:logGet(43)) - raft.server.log.statemachine.data.sync = true (default)
2019-10-19 00:50:09,958 [pool-59-thread-1] INFO  server.RaftServerConfigKeys (ConfUtils.java:logGet(43)) - raft.server.log.statemachine.data.sync.timeout = 10s (default)
2019-10-19 00:50:09,958 [pool-59-thread-1] INFO  server.RaftServerConfigKeys (ConfUtils.java:logGet(43)) - raft.server.log.statemachine.data.sync.timeout.retry = -1 (default)
2019-10-19 00:50:09,959 [pool-59-thread-1] INFO  server.RaftServerConfigKeys (ConfUtils.java:logGet(43)) - raft.server.log.statemachine.data.caching.enabled = true (custom)
2019-10-19 00:50:09,959 [pool-59-thread-1] INFO  segmented.SegmentedRaftLogWorker (SegmentedRaftLogWorker.java:lambda$new$0(128)) - aac91d0e-90b3-4924-955b-30866d4fff78@group-D7C502E0838E-SegmentedRaftLogWorker: flushIndex: setUnconditionally 0 -> -1
2019-10-19 00:50:09,959 [pool-59-thread-1] INFO  server.RaftServerConfigKeys (ConfUtils.java:logGet(43)) - raft.server.snapshot.auto.trigger.enabled = true (custom)
2019-10-19 00:50:09,959 [pool-59-thread-1] INFO  server.RaftServerConfigKeys (ConfUtils.java:logGet(43)) - raft.server.snapshot.auto.trigger.threshold = 10000 (custom)
2019-10-19 00:50:09,959 [pool-59-thread-1] INFO  server.RaftServerConfigKeys (ConfUtils.java:logGet(43)) - raft.server.snapshot.retention.file.num = 5 (custom)
2019-10-19 00:50:09,960 [pool-59-thread-1] INFO  server.RaftServerConfigKeys (ConfUtils.java:logGet(43)) - raft.server.retrycache.expirytime = 600000ms (custom)
2019-10-19 00:50:09,962 [pool-59-thread-1] INFO  impl.RaftServerImpl (RaftServerImpl.java:start(195)) - aac91d0e-90b3-4924-955b-30866d4fff78@group-D7C502E0838E: start as a follower, conf=-1: [aac91d0e-90b3-4924-955b-30866d4fff78:192.168.157.213:41659], old=null
2019-10-19 00:50:09,962 [pool-59-thread-1] INFO  impl.RaftServerImpl (RaftServerImpl.java:setRole(184)) - aac91d0e-90b3-4924-955b-30866d4fff78@group-D7C502E0838E: changes role from      null to FOLLOWER at term 0 for startAsFollower
2019-10-19 00:50:09,962 [pool-59-thread-1] INFO  impl.RoleInfo (RoleInfo.java:updateAndGet(143)) - aac91d0e-90b3-4924-955b-30866d4fff78: start FollowerState
2019-10-19 00:50:09,963 [pool-59-thread-1] INFO  util.JmxRegister (JmxRegister.java:tryRegister(44)) - Successfully registered JMX Bean with object name Ratis:service=RaftServer,group=group-D7C502E0838E,id=aac91d0e-90b3-4924-955b-30866d4fff78
2019-10-19 00:50:09,968 [RatisPipelineUtilsThread] INFO  pipeline.PipelineStateManager (PipelineStateManager.java:addPipeline(56)) - Created pipeline Pipeline[ Id: f8896f7f-8950-44c5-8e38-d7c502e0838e, Nodes: aac91d0e-90b3-4924-955b-30866d4fff78{ip: 192.168.157.213, host: pr-hdds-2333-xd9jc-2947872914, networkLocation: /default-rack, certSerialId: null}, Type:RATIS, Factor:ONE, State:OPEN]
2019-10-19 00:50:09,981 [grpc-default-executor-0] INFO  impl.RaftServerProxy (RaftServerProxy.java:addNew(89)) - b6ed77c0-0909-418c-a0c6-e1477b4e10c3: addNew group-9C7A8CA2BF57:[67511f02-1a53-40d3-ad7c-17f75ce9e42c:192.168.157.213:45560, aac91d0e-90b3-4924-955b-30866d4fff78:192.168.157.213:41659, b6ed77c0-0909-418c-a0c6-e1477b4e10c3:192.168.157.213:33232] returns group-9C7A8CA2BF57:java.util.concurrent.CompletableFuture@44879511[Not completed]
2019-10-19 00:50:09,981 [grpc-default-executor-2] INFO  impl.RaftServerProxy (RaftServerProxy.java:addNew(89)) - aac91d0e-90b3-4924-955b-30866d4fff78: addNew group-9C7A8CA2BF57:[67511f02-1a53-40d3-ad7c-17f75ce9e42c:192.168.157.213:45560, aac91d0e-90b3-4924-955b-30866d4fff78:192.168.157.213:41659, b6ed77c0-0909-418c-a0c6-e1477b4e10c3:192.168.157.213:33232] returns group-9C7A8CA2BF57:java.util.concurrent.CompletableFuture@6d807e40[Not completed]
2019-10-19 00:50:09,981 [grpc-default-executor-1] INFO  impl.RaftServerProxy (RaftServerProxy.java:addNew(89)) - 67511f02-1a53-40d3-ad7c-17f75ce9e42c: addNew group-9C7A8CA2BF57:[67511f02-1a53-40d3-ad7c-17f75ce9e42c:192.168.157.213:45560, aac91d0e-90b3-4924-955b-30866d4fff78:192.168.157.213:41659, b6ed77c0-0909-418c-a0c6-e1477b4e10c3:192.168.157.213:33232] returns group-9C7A8CA2BF57:java.util.concurrent.CompletableFuture@55f80424[Not completed]
2019-10-19 00:50:09,982 [pool-37-thread-1] INFO  impl.RaftServerImpl (RaftServerImpl.java:<init>(104)) - 67511f02-1a53-40d3-ad7c-17f75ce9e42c: new RaftServerImpl for group-9C7A8CA2BF57:[67511f02-1a53-40d3-ad7c-17f75ce9e42c:192.168.157.213:45560, aac91d0e-90b3-4924-955b-30866d4fff78:192.168.157.213:41659, b6ed77c0-0909-418c-a0c6-e1477b4e10c3:192.168.157.213:33232] with ContainerStateMachine:uninitialized
2019-10-19 00:50:09,982 [pool-37-thread-1] INFO  server.RaftServerConfigKeys (ConfUtils.java:logGet(43)) - raft.server.rpc.timeout.min = 5s (custom)
2019-10-19 00:50:09,983 [pool-37-thread-1] INFO  server.RaftServerConfigKeys (ConfUtils.java:logGet(43)) - raft.server.rpc.timeout.max = 5200ms (custom)
2019-10-19 00:50:09,983 [pool-37-thread-1] INFO  server.RaftServerConfigKeys (ConfUtils.java:logGet(43)) - raft.server.rpcslowness.timeout = 1000s (custom)
2019-10-19 00:50:09,983 [pool-37-thread-1] INFO  server.RaftServerConfigKeys (ConfUtils.java:logGet(43)) - raft.server.sleep.deviation.threshold = 300 (default)
2019-10-19 00:50:09,983 [pool-27-thread-1] INFO  impl.RaftServerImpl (RaftServerImpl.java:<init>(104)) - b6ed77c0-0909-418c-a0c6-e1477b4e10c3: new RaftServerImpl for group-9C7A8CA2BF57:[67511f02-1a53-40d3-ad7c-17f75ce9e42c:192.168.157.213:45560, aac91d0e-90b3-4924-955b-30866d4fff78:192.168.157.213:41659, b6ed77c0-0909-418c-a0c6-e1477b4e10c3:192.168.157.213:33232] with ContainerStateMachine:uninitialized
2019-10-19 00:50:09,983 [pool-37-thread-1] INFO  server.RaftServerConfigKeys (ConfUtils.java:logGet(43)) - raft.server.log.appender.install.snapshot.enabled = false (custom)
2019-10-19 00:50:09,983 [pool-27-thread-1] INFO  server.RaftServerConfigKeys (ConfUtils.java:logGet(43)) - raft.server.rpc.timeout.min = 5s (custom)
2019-10-19 00:50:09,983 [pool-37-thread-1] INFO  impl.RaftServerImpl (ServerState.java:<init>(103)) - 67511f02-1a53-40d3-ad7c-17f75ce9e42c@group-9C7A8CA2BF57: ConfigurationManager, init=-1: [67511f02-1a53-40d3-ad7c-17f75ce9e42c:192.168.157.213:45560, aac91d0e-90b3-4924-955b-30866d4fff78:192.168.157.213:41659, b6ed77c0-0909-418c-a0c6-e1477b4e10c3:192.168.157.213:33232], old=null, confs=<EMPTY_MAP>
2019-10-19 00:50:09,983 [pool-27-thread-1] INFO  server.RaftServerConfigKeys (ConfUtils.java:logGet(43)) - raft.server.rpc.timeout.max = 5200ms (custom)
2019-10-19 00:50:09,983 [pool-27-thread-1] INFO  server.RaftServerConfigKeys (ConfUtils.java:logGet(43)) - raft.server.rpcslowness.timeout = 1000s (custom)
2019-10-19 00:50:09,983 [pool-37-thread-1] INFO  server.RaftServerConfigKeys (ConfUtils.java:logGet(43)) - raft.server.storage.dir = [/workdir/hadoop-ozone/integration-test/target/test-dir/MiniOzoneClusterImpl-c55fde14-2fcc-439a-a3ad-d31aeefdbace/datanode-1/data/ratis] (custom)
2019-10-19 00:50:09,984 [pool-59-thread-1] INFO  impl.RaftServerImpl (RaftServerImpl.java:<init>(104)) - aac91d0e-90b3-4924-955b-30866d4fff78: new RaftServerImpl for group-9C7A8CA2BF57:[67511f02-1a53-40d3-ad7c-17f75ce9e42c:192.168.157.213:45560, aac91d0e-90b3-4924-955b-30866d4fff78:192.168.157.213:41659, b6ed77c0-0909-418c-a0c6-e1477b4e10c3:192.168.157.213:33232] with ContainerStateMachine:uninitialized
2019-10-19 00:50:09,984 [pool-27-thread-1] INFO  server.RaftServerConfigKeys (ConfUtils.java:logGet(43)) - raft.server.sleep.deviation.threshold = 300 (default)
2019-10-19 00:50:09,984 [pool-37-thread-1] INFO  server.RaftServerConfigKeys (ConfUtils.java:logGet(43)) - raft.server.log.corruption.policy = EXCEPTION (default)
2019-10-19 00:50:09,984 [pool-59-thread-1] INFO  server.RaftServerConfigKeys (ConfUtils.java:logGet(43)) - raft.server.rpc.timeout.min = 5s (custom)
2019-10-19 00:50:09,984 [pool-27-thread-1] INFO  server.RaftServerConfigKeys (ConfUtils.java:logGet(43)) - raft.server.log.appender.install.snapshot.enabled = false (custom)
2019-10-19 00:50:09,984 [pool-59-thread-1] INFO  server.RaftServerConfigKeys (ConfUtils.java:logGet(43)) - raft.server.rpc.timeout.max = 5200ms (custom)
2019-10-19 00:50:09,984 [pool-37-thread-1] INFO  storage.RaftStorageDirectory (RaftStorageDirectory.java:analyzeStorage(246)) - The storage directory /workdir/hadoop-ozone/integration-test/target/test-dir/MiniOzoneClusterImpl-c55fde14-2fcc-439a-a3ad-d31aeefdbace/datanode-1/data/ratis/d8208f1d-073e-4756-87dd-9c7a8ca2bf57 does not exist. Creating ...
2019-10-19 00:50:09,984 [pool-59-thread-1] INFO  server.RaftServerConfigKeys (ConfUtils.java:logGet(43)) - raft.server.rpcslowness.timeout = 1000s (custom)
2019-10-19 00:50:09,984 [pool-27-thread-1] INFO  impl.RaftServerImpl (ServerState.java:<init>(103)) - b6ed77c0-0909-418c-a0c6-e1477b4e10c3@group-9C7A8CA2BF57: ConfigurationManager, init=-1: [67511f02-1a53-40d3-ad7c-17f75ce9e42c:192.168.157.213:45560, aac91d0e-90b3-4924-955b-30866d4fff78:192.168.157.213:41659, b6ed77c0-0909-418c-a0c6-e1477b4e10c3:192.168.157.213:33232], old=null, confs=<EMPTY_MAP>
2019-10-19 00:50:09,984 [pool-59-thread-1] INFO  server.RaftServerConfigKeys (ConfUtils.java:logGet(43)) - raft.server.sleep.deviation.threshold = 300 (default)
2019-10-19 00:50:09,984 [pool-27-thread-1] INFO  server.RaftServerConfigKeys (ConfUtils.java:logGet(43)) - raft.server.storage.dir = [/workdir/hadoop-ozone/integration-test/target/test-dir/MiniOzoneClusterImpl-c55fde14-2fcc-439a-a3ad-d31aeefdbace/datanode-0/data/ratis] (custom)
2019-10-19 00:50:09,985 [pool-59-thread-1] INFO  server.RaftServerConfigKeys (ConfUtils.java:logGet(43)) - raft.server.log.appender.install.snapshot.enabled = false (custom)
2019-10-19 00:50:09,985 [pool-59-thread-1] INFO  impl.RaftServerImpl (ServerState.java:<init>(103)) - aac91d0e-90b3-4924-955b-30866d4fff78@group-9C7A8CA2BF57: ConfigurationManager, init=-1: [67511f02-1a53-40d3-ad7c-17f75ce9e42c:192.168.157.213:45560, aac91d0e-90b3-4924-955b-30866d4fff78:192.168.157.213:41659, b6ed77c0-0909-418c-a0c6-e1477b4e10c3:192.168.157.213:33232], old=null, confs=<EMPTY_MAP>
2019-10-19 00:50:09,985 [pool-27-thread-1] INFO  server.RaftServerConfigKeys (ConfUtils.java:logGet(43)) - raft.server.log.corruption.policy = EXCEPTION (default)
2019-10-19 00:50:09,985 [pool-59-thread-1] INFO  server.RaftServerConfigKeys (ConfUtils.java:logGet(43)) - raft.server.storage.dir = [/workdir/hadoop-ozone/integration-test/target/test-dir/MiniOzoneClusterImpl-c55fde14-2fcc-439a-a3ad-d31aeefdbace/datanode-2/data/ratis] (custom)
2019-10-19 00:50:09,985 [pool-27-thread-1] INFO  storage.RaftStorageDirectory (RaftStorageDirectory.java:analyzeStorage(246)) - The storage directory /workdir/hadoop-ozone/integration-test/target/test-dir/MiniOzoneClusterImpl-c55fde14-2fcc-439a-a3ad-d31aeefdbace/datanode-0/data/ratis/d8208f1d-073e-4756-87dd-9c7a8ca2bf57 does not exist. Creating ...
2019-10-19 00:50:09,985 [pool-59-thread-1] INFO  server.RaftServerConfigKeys (ConfUtils.java:logGet(43)) - raft.server.log.corruption.policy = EXCEPTION (default)
2019-10-19 00:50:09,985 [pool-59-thread-1] INFO  storage.RaftStorageDirectory (RaftStorageDirectory.java:analyzeStorage(246)) - The storage directory /workdir/hadoop-ozone/integration-test/target/test-dir/MiniOzoneClusterImpl-c55fde14-2fcc-439a-a3ad-d31aeefdbace/datanode-2/data/ratis/d8208f1d-073e-4756-87dd-9c7a8ca2bf57 does not exist. Creating ...
2019-10-19 00:50:09,998 [pool-37-thread-1] INFO  storage.RaftStorageDirectory (RaftStorageDirectory.java:tryLock(328)) - Lock on /workdir/hadoop-ozone/integration-test/target/test-dir/MiniOzoneClusterImpl-c55fde14-2fcc-439a-a3ad-d31aeefdbace/datanode-1/data/ratis/d8208f1d-073e-4756-87dd-9c7a8ca2bf57/in_use.lock acquired by nodename 25791@pr-hdds-2333-xd9jc-2947872914
2019-10-19 00:50:09,998 [pool-59-thread-1] INFO  storage.RaftStorageDirectory (RaftStorageDirectory.java:tryLock(328)) - Lock on /workdir/hadoop-ozone/integration-test/target/test-dir/MiniOzoneClusterImpl-c55fde14-2fcc-439a-a3ad-d31aeefdbace/datanode-2/data/ratis/d8208f1d-073e-4756-87dd-9c7a8ca2bf57/in_use.lock acquired by nodename 25791@pr-hdds-2333-xd9jc-2947872914
2019-10-19 00:50:09,998 [pool-27-thread-1] INFO  storage.RaftStorageDirectory (RaftStorageDirectory.java:tryLock(328)) - Lock on /workdir/hadoop-ozone/integration-test/target/test-dir/MiniOzoneClusterImpl-c55fde14-2fcc-439a-a3ad-d31aeefdbace/datanode-0/data/ratis/d8208f1d-073e-4756-87dd-9c7a8ca2bf57/in_use.lock acquired by nodename 25791@pr-hdds-2333-xd9jc-2947872914
2019-10-19 00:50:10,023 [Thread-780] INFO  impl.FollowerState (FollowerState.java:run(108)) - aac91d0e-90b3-4924-955b-30866d4fff78@group-2DDA05B3685C-FollowerState: change to CANDIDATE, lastRpcTime:105ms, electionTimeout:105ms
2019-10-19 00:50:10,023 [Thread-780] INFO  impl.RoleInfo (RoleInfo.java:shutdownFollowerState(121)) - aac91d0e-90b3-4924-955b-30866d4fff78: shutdown FollowerState
2019-10-19 00:50:10,023 [Thread-780] INFO  impl.RaftServerImpl (RaftServerImpl.java:setRole(184)) - aac91d0e-90b3-4924-955b-30866d4fff78@group-2DDA05B3685C: changes role from  FOLLOWER to CANDIDATE at term 39 for changeToCandidate
2019-10-19 00:50:10,023 [Thread-780] INFO  impl.RoleInfo (RoleInfo.java:updateAndGet(143)) - aac91d0e-90b3-4924-955b-30866d4fff78: start LeaderElection
2019-10-19 00:50:10,024 [pool-37-thread-1] INFO  storage.RaftStorage (RaftStorage.java:format(84)) - Storage directory /workdir/hadoop-ozone/integration-test/target/test-dir/MiniOzoneClusterImpl-c55fde14-2fcc-439a-a3ad-d31aeefdbace/datanode-1/data/ratis/d8208f1d-073e-4756-87dd-9c7a8ca2bf57 has been successfully formatted.
2019-10-19 00:50:10,024 [pool-27-thread-1] INFO  storage.RaftStorage (RaftStorage.java:format(84)) - Storage directory /workdir/hadoop-ozone/integration-test/target/test-dir/MiniOzoneClusterImpl-c55fde14-2fcc-439a-a3ad-d31aeefdbace/datanode-0/data/ratis/d8208f1d-073e-4756-87dd-9c7a8ca2bf57 has been successfully formatted.
2019-10-19 00:50:10,024 [pool-59-thread-1] INFO  storage.RaftStorage (RaftStorage.java:format(84)) - Storage directory /workdir/hadoop-ozone/integration-test/target/test-dir/MiniOzoneClusterImpl-c55fde14-2fcc-439a-a3ad-d31aeefdbace/datanode-2/data/ratis/d8208f1d-073e-4756-87dd-9c7a8ca2bf57 has been successfully formatted.
2019-10-19 00:50:10,025 [pool-27-thread-1] INFO  ratis.ContainerStateMachine (ContainerStateMachine.java:loadSnapshot(231)) - group-9C7A8CA2BF57: The snapshot info is null. Setting the last applied indexto:(t:0, i:~)
2019-10-19 00:50:10,025 [pool-37-thread-1] INFO  ratis.ContainerStateMachine (ContainerStateMachine.java:loadSnapshot(231)) - group-9C7A8CA2BF57: The snapshot info is null. Setting the last applied indexto:(t:0, i:~)
2019-10-19 00:50:10,025 [pool-59-thread-1] INFO  ratis.ContainerStateMachine (ContainerStateMachine.java:loadSnapshot(231)) - group-9C7A8CA2BF57: The snapshot info is null. Setting the last applied indexto:(t:0, i:~)
2019-10-19 00:50:10,025 [pool-27-thread-1] INFO  server.RaftServerConfigKeys (ConfUtils.java:logGet(43)) - raft.server.notification.no-leader.timeout = 1000s (custom)
2019-10-19 00:50:10,026 [pool-59-thread-1] INFO  server.RaftServerConfigKeys (ConfUtils.java:logGet(43)) - raft.server.notification.no-leader.timeout = 1000s (custom)
2019-10-19 00:50:10,025 [pool-37-thread-1] INFO  server.RaftServerConfigKeys (ConfUtils.java:logGet(43)) - raft.server.notification.no-leader.timeout = 1000s (custom)
2019-10-19 00:50:10,026 [pool-59-thread-1] INFO  server.RaftServerConfigKeys (ConfUtils.java:logGet(43)) - raft.server.log.use.memory = false (default)
2019-10-19 00:50:10,027 [pool-59-thread-1] INFO  server.RaftServerConfigKeys (ConfUtils.java:logGet(43)) - raft.server.log.purge.gap = 1000000 (custom)
2019-10-19 00:50:10,026 [pool-27-thread-1] INFO  server.RaftServerConfigKeys (ConfUtils.java:logGet(43)) - raft.server.log.use.memory = false (default)
2019-10-19 00:50:10,027 [pool-59-thread-1] INFO  server.RaftServerConfigKeys (ConfUtils.java:logGet(43)) - raft.server.log.appender.buffer.byte-limit = 33554432 (custom)
2019-10-19 00:50:10,027 [pool-37-thread-1] INFO  server.RaftServerConfigKeys (ConfUtils.java:logGet(43)) - raft.server.log.use.memory = false (default)
2019-10-19 00:50:10,027 [pool-59-thread-1] INFO  server.RaftServerConfigKeys (ConfUtils.java:logGet(43)) - raft.server.log.segment.size.max = 1048576 (custom)
2019-10-19 00:50:10,027 [pool-27-thread-1] INFO  server.RaftServerConfigKeys (ConfUtils.java:logGet(43)) - raft.server.log.purge.gap = 1000000 (custom)
2019-10-19 00:50:10,027 [pool-59-thread-1] INFO  server.RaftServerConfigKeys (ConfUtils.java:logGet(43)) - raft.server.log.segment.cache.num.max = 2 (custom)
2019-10-19 00:50:10,027 [pool-37-thread-1] INFO  server.RaftServerConfigKeys (ConfUtils.java:logGet(43)) - raft.server.log.purge.gap = 1000000 (custom)
2019-10-19 00:50:10,027 [pool-59-thread-1] INFO  segmented.SegmentedRaftLogWorker (SegmentedRaftLogWorker.java:<init>(173)) - new aac91d0e-90b3-4924-955b-30866d4fff78@group-9C7A8CA2BF57-SegmentedRaftLogWorker for RaftStorage:Storage Directory /workdir/hadoop-ozone/integration-test/target/test-dir/MiniOzoneClusterImpl-c55fde14-2fcc-439a-a3ad-d31aeefdbace/datanode-2/data/ratis/d8208f1d-073e-4756-87dd-9c7a8ca2bf57
2019-10-19 00:50:10,027 [pool-27-thread-1] INFO  server.RaftServerConfigKeys (ConfUtils.java:logGet(43)) - raft.server.log.appender.buffer.byte-limit = 33554432 (custom)
2019-10-19 00:50:10,028 [pool-59-thread-1] INFO  server.RaftServerConfigKeys (ConfUtils.java:logGet(43)) - raft.server.log.queue.byte-limit = 2147483647 (custom)
2019-10-19 00:50:10,027 [pool-37-thread-1] INFO  server.RaftServerConfigKeys (ConfUtils.java:logGet(43)) - raft.server.log.appender.buffer.byte-limit = 33554432 (custom)
2019-10-19 00:50:10,028 [pool-59-thread-1] INFO  server.RaftServerConfigKeys (ConfUtils.java:logGet(43)) - raft.server.log.queue.element-limit = 1024 (custom)
2019-10-19 00:50:10,028 [pool-27-thread-1] INFO  server.RaftServerConfigKeys (ConfUtils.java:logGet(43)) - raft.server.log.segment.size.max = 1048576 (custom)
2019-10-19 00:50:10,028 [pool-59-thread-1] INFO  server.RaftServerConfigKeys (ConfUtils.java:logGet(43)) - raft.server.log.segment.size.max = 1048576 (custom)
2019-10-19 00:50:10,028 [pool-37-thread-1] INFO  server.RaftServerConfigKeys (ConfUtils.java:logGet(43)) - raft.server.log.segment.size.max = 1048576 (custom)
2019-10-19 00:50:10,028 [pool-59-thread-1] INFO  server.RaftServerConfigKeys (ConfUtils.java:logGet(43)) - raft.server.log.preallocated.size = 16384 (custom)
2019-10-19 00:50:10,028 [pool-27-thread-1] INFO  server.RaftServerConfigKeys (ConfUtils.java:logGet(43)) - raft.server.log.segment.cache.num.max = 2 (custom)
2019-10-19 00:50:10,028 [pool-59-thread-1] INFO  server.RaftServerConfigKeys (ConfUtils.java:logGet(43)) - raft.server.log.write.buffer.size = 33554432 (custom)
2019-10-19 00:50:10,028 [Thread-788] INFO  client.GrpcClientProtocolService (GrpcClientProtocolService.java:lambda$processClientRequest$0(278)) - Failed RaftClientRequest:client-5C1DDA748651->aac91d0e-90b3-4924-955b-30866d4fff78@group-2DDA05B3685C, cid=10, seq=0, Watch-ALL_COMMITTED(6), Message:<EMPTY>, reply=RaftClientReply:client-5C1DDA748651->aac91d0e-90b3-4924-955b-30866d4fff78@group-2DDA05B3685C, cid=10, FAILED org.apache.ratis.protocol.NotLeaderException: Server aac91d0e-90b3-4924-955b-30866d4fff78@group-2DDA05B3685C is not the leader, logIndex=0, commits[aac91d0e-90b3-4924-955b-30866d4fff78:c3]
2019-10-19 00:50:10,028 [pool-37-thread-1] INFO  server.RaftServerConfigKeys (ConfUtils.java:logGet(43)) - raft.server.log.segment.cache.num.max = 2 (custom)
2019-10-19 00:50:10,028 [pool-59-thread-1] INFO  server.RaftServerConfigKeys (ConfUtils.java:logGet(43)) - raft.server.log.force.sync.num = 128 (default)
2019-10-19 00:50:10,028 [pool-27-thread-1] INFO  segmented.SegmentedRaftLogWorker (SegmentedRaftLogWorker.java:<init>(173)) - new b6ed77c0-0909-418c-a0c6-e1477b4e10c3@group-9C7A8CA2BF57-SegmentedRaftLogWorker for RaftStorage:Storage Directory /workdir/hadoop-ozone/integration-test/target/test-dir/MiniOzoneClusterImpl-c55fde14-2fcc-439a-a3ad-d31aeefdbace/datanode-0/data/ratis/d8208f1d-073e-4756-87dd-9c7a8ca2bf57
2019-10-19 00:50:10,029 [pool-59-thread-1] INFO  server.RaftServerConfigKeys (ConfUtils.java:logGet(43)) - raft.server.log.statemachine.data.sync = true (default)
2019-10-19 00:50:10,029 [pool-37-thread-1] INFO  segmented.SegmentedRaftLogWorker (SegmentedRaftLogWorker.java:<init>(173)) - new 67511f02-1a53-40d3-ad7c-17f75ce9e42c@group-9C7A8CA2BF57-SegmentedRaftLogWorker for RaftStorage:Storage Directory /workdir/hadoop-ozone/integration-test/target/test-dir/MiniOzoneClusterImpl-c55fde14-2fcc-439a-a3ad-d31aeefdbace/datanode-1/data/ratis/d8208f1d-073e-4756-87dd-9c7a8ca2bf57
2019-10-19 00:50:10,030 [pool-59-thread-1] INFO  server.RaftServerConfigKeys (ConfUtils.java:logGet(43)) - raft.server.log.statemachine.data.sync.timeout = 10s (default)
2019-10-19 00:50:10,029 [pool-27-thread-1] INFO  server.RaftServerConfigKeys (ConfUtils.java:logGet(43)) - raft.server.log.queue.byte-limit = 2147483647 (custom)
2019-10-19 00:50:10,030 [pool-59-thread-1] INFO  server.RaftServerConfigKeys (ConfUtils.java:logGet(43)) - raft.server.log.statemachine.data.sync.timeout.retry = -1 (default)
2019-10-19 00:50:10,030 [pool-37-thread-1] INFO  server.RaftServerConfigKeys (ConfUtils.java:logGet(43)) - raft.server.log.queue.byte-limit = 2147483647 (custom)
2019-10-19 00:50:10,030 [pool-27-thread-1] INFO  server.RaftServerConfigKeys (ConfUtils.java:logGet(43)) - raft.server.log.queue.element-limit = 1024 (custom)
2019-10-19 00:50:10,031 [pool-37-thread-1] INFO  server.RaftServerConfigKeys (ConfUtils.java:logGet(43)) - raft.server.log.queue.element-limit = 1024 (custom)
2019-10-19 00:50:10,031 [pool-59-thread-1] INFO  server.RaftServerConfigKeys (ConfUtils.java:logGet(43)) - raft.server.log.statemachine.data.caching.enabled = true (custom)
2019-10-19 00:50:10,032 [pool-37-thread-1] INFO  server.RaftServerConfigKeys (ConfUtils.java:logGet(43)) - raft.server.log.segment.size.max = 1048576 (custom)
2019-10-19 00:50:10,031 [pool-27-thread-1] INFO  server.RaftServerConfigKeys (ConfUtils.java:logGet(43)) - raft.server.log.segment.size.max = 1048576 (custom)
2019-10-19 00:50:10,033 [pool-59-thread-1] INFO  segmented.SegmentedRaftLogWorker (SegmentedRaftLogWorker.java:lambda$new$0(128)) - aac91d0e-90b3-4924-955b-30866d4fff78@group-9C7A8CA2BF57-SegmentedRaftLogWorker: flushIndex: setUnconditionally 0 -> -1
2019-10-19 00:50:10,033 [pool-37-thread-1] INFO  server.RaftServerConfigKeys (ConfUtils.java:logGet(43)) - raft.server.log.preallocated.size = 16384 (custom)
2019-10-19 00:50:10,033 [pool-27-thread-1] INFO  server.RaftServerConfigKeys (ConfUtils.java:logGet(43)) - raft.server.log.preallocated.size = 16384 (custom)
2019-10-19 00:50:10,033 [pool-37-thread-1] INFO  server.RaftServerConfigKeys (ConfUtils.java:logGet(43)) - raft.server.log.write.buffer.size = 33554432 (custom)
2019-10-19 00:50:10,033 [pool-59-thread-1] INFO  server.RaftServerConfigKeys (ConfUtils.java:logGet(43)) - raft.server.snapshot.auto.trigger.enabled = true (custom)
2019-10-19 00:50:10,033 [pool-37-thread-1] INFO  server.RaftServerConfigKeys (ConfUtils.java:logGet(43)) - raft.server.log.force.sync.num = 128 (default)
2019-10-19 00:50:10,033 [pool-27-thread-1] INFO  server.RaftServerConfigKeys (ConfUtils.java:logGet(43)) - raft.server.log.write.buffer.size = 33554432 (custom)
2019-10-19 00:50:10,033 [pool-37-thread-1] INFO  server.RaftServerConfigKeys (ConfUtils.java:logGet(43)) - raft.server.log.statemachine.data.sync = true (default)
2019-10-19 00:50:10,033 [pool-59-thread-1] INFO  server.RaftServerConfigKeys (ConfUtils.java:logGet(43)) - raft.server.snapshot.auto.trigger.threshold = 10000 (custom)
2019-10-19 00:50:10,034 [pool-37-thread-1] INFO  server.RaftServerConfigKeys (ConfUtils.java:logGet(43)) - raft.server.log.statemachine.data.sync.timeout = 10s (default)
2019-10-19 00:50:10,034 [pool-27-thread-1] INFO  server.RaftServerConfigKeys (ConfUtils.java:logGet(43)) - raft.server.log.force.sync.num = 128 (default)
2019-10-19 00:50:10,034 [pool-37-thread-1] INFO  server.RaftServerConfigKeys (ConfUtils.java:logGet(43)) - raft.server.log.statemachine.data.sync.timeout.retry = -1 (default)
2019-10-19 00:50:10,034 [pool-59-thread-1] INFO  server.RaftServerConfigKeys (ConfUtils.java:logGet(43)) - raft.server.snapshot.retention.file.num = 5 (custom)
2019-10-19 00:50:10,034 [pool-27-thread-1] INFO  server.RaftServerConfigKeys (ConfUtils.java:logGet(43)) - raft.server.log.statemachine.data.sync = true (default)
2019-10-19 00:50:10,034 [pool-59-thread-1] INFO  server.RaftServerConfigKeys (ConfUtils.java:logGet(43)) - raft.server.retrycache.expirytime = 600000ms (custom)
2019-10-19 00:50:10,034 [pool-37-thread-1] INFO  server.RaftServerConfigKeys (ConfUtils.java:logGet(43)) - raft.server.log.statemachine.data.caching.enabled = true (custom)
2019-10-19 00:50:10,034 [pool-27-thread-1] INFO  server.RaftServerConfigKeys (ConfUtils.java:logGet(43)) - raft.server.log.statemachine.data.sync.timeout = 10s (default)
2019-10-19 00:50:10,035 [pool-27-thread-1] INFO  server.RaftServerConfigKeys (ConfUtils.java:logGet(43)) - raft.server.log.statemachine.data.sync.timeout.retry = -1 (default)
2019-10-19 00:50:10,035 [pool-37-thread-1] INFO  segmented.SegmentedRaftLogWorker (SegmentedRaftLogWorker.java:lambda$new$0(128)) - 67511f02-1a53-40d3-ad7c-17f75ce9e42c@group-9C7A8CA2BF57-SegmentedRaftLogWorker: flushIndex: setUnconditionally 0 -> -1
2019-10-19 00:50:10,035 [pool-27-thread-1] INFO  server.RaftServerConfigKeys (ConfUtils.java:logGet(43)) - raft.server.log.statemachine.data.caching.enabled = true (custom)
2019-10-19 00:50:10,035 [pool-37-thread-1] INFO  server.RaftServerConfigKeys (ConfUtils.java:logGet(43)) - raft.server.snapshot.auto.trigger.enabled = true (custom)
2019-10-19 00:50:10,035 [pool-37-thread-1] INFO  server.RaftServerConfigKeys (ConfUtils.java:logGet(43)) - raft.server.snapshot.auto.trigger.threshold = 10000 (custom)
2019-10-19 00:50:10,035 [pool-27-thread-1] INFO  segmented.SegmentedRaftLogWorker (SegmentedRaftLogWorker.java:lambda$new$0(128)) - b6ed77c0-0909-418c-a0c6-e1477b4e10c3@group-9C7A8CA2BF57-SegmentedRaftLogWorker: flushIndex: setUnconditionally 0 -> -1
2019-10-19 00:50:10,035 [pool-37-thread-1] INFO  server.RaftServerConfigKeys (ConfUtils.java:logGet(43)) - raft.server.snapshot.retention.file.num = 5 (custom)
2019-10-19 00:50:10,035 [pool-27-thread-1] INFO  server.RaftServerConfigKeys (ConfUtils.java:logGet(43)) - raft.server.snapshot.auto.trigger.enabled = true (custom)
2019-10-19 00:50:10,035 [pool-37-thread-1] INFO  server.RaftServerConfigKeys (ConfUtils.java:logGet(43)) - raft.server.retrycache.expirytime = 600000ms (custom)
2019-10-19 00:50:10,035 [pool-27-thread-1] INFO  server.RaftServerConfigKeys (ConfUtils.java:logGet(43)) - raft.server.snapshot.auto.trigger.threshold = 10000 (custom)
2019-10-19 00:50:10,036 [pool-27-thread-1] INFO  server.RaftServerConfigKeys (ConfUtils.java:logGet(43)) - raft.server.snapshot.retention.file.num = 5 (custom)
2019-10-19 00:50:10,036 [pool-27-thread-1] INFO  server.RaftServerConfigKeys (ConfUtils.java:logGet(43)) - raft.server.retrycache.expirytime = 600000ms (custom)
2019-10-19 00:50:10,036 [pool-59-thread-1] INFO  impl.RaftServerImpl (RaftServerImpl.java:start(195)) - aac91d0e-90b3-4924-955b-30866d4fff78@group-9C7A8CA2BF57: start as a follower, conf=-1: [67511f02-1a53-40d3-ad7c-17f75ce9e42c:192.168.157.213:45560, aac91d0e-90b3-4924-955b-30866d4fff78:192.168.157.213:41659, b6ed77c0-0909-418c-a0c6-e1477b4e10c3:192.168.157.213:33232], old=null
2019-10-19 00:50:10,036 [pool-59-thread-1] INFO  impl.RaftServerImpl (RaftServerImpl.java:setRole(184)) - aac91d0e-90b3-4924-955b-30866d4fff78@group-9C7A8CA2BF57: changes role from      null to FOLLOWER at term 0 for startAsFollower
2019-10-19 00:50:10,037 [pool-59-thread-1] INFO  impl.RoleInfo (RoleInfo.java:updateAndGet(143)) - aac91d0e-90b3-4924-955b-30866d4fff78: start FollowerState
2019-10-19 00:50:10,037 [pool-59-thread-1] INFO  util.JmxRegister (JmxRegister.java:tryRegister(44)) - Successfully registered JMX Bean with object name Ratis:service=RaftServer,group=group-9C7A8CA2BF57,id=aac91d0e-90b3-4924-955b-30866d4fff78
2019-10-19 00:50:10,038 [aac91d0e-90b3-4924-955b-30866d4fff78@group-2DDA05B3685C-LeaderElection38] INFO  impl.LeaderElection (LeaderElection.java:askForVotes(178)) - aac91d0e-90b3-4924-955b-30866d4fff78@group-2DDA05B3685C-LeaderElection38: begin an election at term 40 for 0: [67511f02-1a53-40d3-ad7c-17f75ce9e42c:192.168.157.213:45560, aac91d0e-90b3-4924-955b-30866d4fff78:192.168.157.213:41659, b6ed77c0-0909-418c-a0c6-e1477b4e10c3:192.168.157.213:33232], old=null
2019-10-19 00:50:10,038 [pool-37-thread-1] INFO  impl.RaftServerImpl (RaftServerImpl.java:start(195)) - 67511f02-1a53-40d3-ad7c-17f75ce9e42c@group-9C7A8CA2BF57: start as a follower, conf=-1: [67511f02-1a53-40d3-ad7c-17f75ce9e42c:192.168.157.213:45560, aac91d0e-90b3-4924-955b-30866d4fff78:192.168.157.213:41659, b6ed77c0-0909-418c-a0c6-e1477b4e10c3:192.168.157.213:33232], old=null
2019-10-19 00:50:10,038 [pool-37-thread-1] INFO  impl.RaftServerImpl (RaftServerImpl.java:setRole(184)) - 67511f02-1a53-40d3-ad7c-17f75ce9e42c@group-9C7A8CA2BF57: changes role from      null to FOLLOWER at term 0 for startAsFollower
2019-10-19 00:50:10,038 [pool-37-thread-1] INFO  impl.RoleInfo (RoleInfo.java:updateAndGet(143)) - 67511f02-1a53-40d3-ad7c-17f75ce9e42c: start FollowerState
2019-10-19 00:50:10,038 [pool-27-thread-1] INFO  impl.RaftServerImpl (RaftServerImpl.java:start(195)) - b6ed77c0-0909-418c-a0c6-e1477b4e10c3@group-9C7A8CA2BF57: start as a follower, conf=-1: [67511f02-1a53-40d3-ad7c-17f75ce9e42c:192.168.157.213:45560, aac91d0e-90b3-4924-955b-30866d4fff78:192.168.157.213:41659, b6ed77c0-0909-418c-a0c6-e1477b4e10c3:192.168.157.213:33232], old=null
2019-10-19 00:50:10,038 [pool-27-thread-1] INFO  impl.RaftServerImpl (RaftServerImpl.java:setRole(184)) - b6ed77c0-0909-418c-a0c6-e1477b4e10c3@group-9C7A8CA2BF57: changes role from      null to FOLLOWER at term 0 for startAsFollower
2019-10-19 00:50:10,039 [pool-27-thread-1] INFO  impl.RoleInfo (RoleInfo.java:updateAndGet(143)) - b6ed77c0-0909-418c-a0c6-e1477b4e10c3: start FollowerState
2019-10-19 00:50:10,039 [pool-37-thread-1] INFO  util.JmxRegister (JmxRegister.java:tryRegister(44)) - Successfully registered JMX Bean with object name Ratis:service=RaftServer,group=group-9C7A8CA2BF57,id=67511f02-1a53-40d3-ad7c-17f75ce9e42c
2019-10-19 00:50:10,039 [pool-27-thread-1] INFO  util.JmxRegister (JmxRegister.java:tryRegister(44)) - Successfully registered JMX Bean with object name Ratis:service=RaftServer,group=group-9C7A8CA2BF57,id=b6ed77c0-0909-418c-a0c6-e1477b4e10c3
2019-10-19 00:50:10,040 [grpc-default-executor-2] INFO  impl.RaftServerImpl (RaftServerImpl.java:setRole(184)) - 67511f02-1a53-40d3-ad7c-17f75ce9e42c@group-2DDA05B3685C: changes role from  FOLLOWER to FOLLOWER at term 40 for recognizeCandidate:aac91d0e-90b3-4924-955b-30866d4fff78
2019-10-19 00:50:10,040 [grpc-default-executor-1] INFO  impl.RaftServerImpl (RaftServerImpl.java:setRole(184)) - b6ed77c0-0909-418c-a0c6-e1477b4e10c3@group-2DDA05B3685C: changes role from  FOLLOWER to FOLLOWER at term 40 for recognizeCandidate:aac91d0e-90b3-4924-955b-30866d4fff78
2019-10-19 00:50:10,041 [grpc-default-executor-1] INFO  impl.RoleInfo (RoleInfo.java:shutdownFollowerState(121)) - b6ed77c0-0909-418c-a0c6-e1477b4e10c3: shutdown FollowerState
2019-10-19 00:50:10,041 [grpc-default-executor-2] INFO  impl.RoleInfo (RoleInfo.java:shutdownFollowerState(121)) - 67511f02-1a53-40d3-ad7c-17f75ce9e42c: shutdown FollowerState
2019-10-19 00:50:10,041 [grpc-default-executor-1] INFO  impl.RoleInfo (RoleInfo.java:updateAndGet(143)) - b6ed77c0-0909-418c-a0c6-e1477b4e10c3: start FollowerState
2019-10-19 00:50:10,041 [Thread-779] INFO  impl.FollowerState (FollowerState.java:run(117)) - b6ed77c0-0909-418c-a0c6-e1477b4e10c3@group-2DDA05B3685C-FollowerState was interrupted: java.lang.InterruptedException: sleep interrupted
2019-10-19 00:50:10,041 [grpc-default-executor-2] INFO  impl.RoleInfo (RoleInfo.java:updateAndGet(143)) - 67511f02-1a53-40d3-ad7c-17f75ce9e42c: start FollowerState
2019-10-19 00:50:10,041 [Thread-778] INFO  impl.FollowerState (FollowerState.java:run(117)) - 67511f02-1a53-40d3-ad7c-17f75ce9e42c@group-2DDA05B3685C-FollowerState was interrupted: java.lang.InterruptedException: sleep interrupted
2019-10-19 00:50:10,045 [RatisPipelineUtilsThread] INFO  pipeline.PipelineStateManager (PipelineStateManager.java:addPipeline(56)) - Created pipeline Pipeline[ Id: d8208f1d-073e-4756-87dd-9c7a8ca2bf57, Nodes: b6ed77c0-0909-418c-a0c6-e1477b4e10c3{ip: 192.168.157.213, host: pr-hdds-2333-xd9jc-2947872914, networkLocation: /default-rack, certSerialId: null}aac91d0e-90b3-4924-955b-30866d4fff78{ip: 192.168.157.213, host: pr-hdds-2333-xd9jc-2947872914, networkLocation: /default-rack, certSerialId: null}67511f02-1a53-40d3-ad7c-17f75ce9e42c{ip: 192.168.157.213, host: pr-hdds-2333-xd9jc-2947872914, networkLocation: /default-rack, certSerialId: null}, Type:RATIS, Factor:THREE, State:OPEN]
2019-10-19 00:50:10,062 [aac91d0e-90b3-4924-955b-30866d4fff78@group-2DDA05B3685C-LeaderElection38] INFO  impl.LeaderElection (LeaderElection.java:logAndReturn(56)) - aac91d0e-90b3-4924-955b-30866d4fff78@group-2DDA05B3685C-LeaderElection38: Election TIMEOUT; received 0 response(s) [] and 0 exception(s); aac91d0e-90b3-4924-955b-30866d4fff78@group-2DDA05B3685C:t40, leader=null, voted=aac91d0e-90b3-4924-955b-30866d4fff78, raftlog=aac91d0e-90b3-4924-955b-30866d4fff78@group-2DDA05B3685C-SegmentedRaftLog:OPENED:c3,f4,i4, conf=0: [67511f02-1a53-40d3-ad7c-17f75ce9e42c:192.168.157.213:45560, aac91d0e-90b3-4924-955b-30866d4fff78:192.168.157.213:41659, b6ed77c0-0909-418c-a0c6-e1477b4e10c3:192.168.157.213:33232], old=null
2019-10-19 00:50:10,068 [aac91d0e-90b3-4924-955b-30866d4fff78@group-2DDA05B3685C-LeaderElection38] INFO  impl.LeaderElection (LeaderElection.java:askForVotes(178)) - aac91d0e-90b3-4924-955b-30866d4fff78@group-2DDA05B3685C-LeaderElection38: begin an election at term 41 for 0: [67511f02-1a53-40d3-ad7c-17f75ce9e42c:192.168.157.213:45560, aac91d0e-90b3-4924-955b-30866d4fff78:192.168.157.213:41659, b6ed77c0-0909-418c-a0c6-e1477b4e10c3:192.168.157.213:33232], old=null
2019-10-19 00:50:10,069 [grpc-default-executor-1] INFO  impl.RaftServerImpl (RaftServerImpl.java:setRole(184)) - 67511f02-1a53-40d3-ad7c-17f75ce9e42c@group-2DDA05B3685C: changes role from  FOLLOWER to FOLLOWER at term 41 for recognizeCandidate:aac91d0e-90b3-4924-955b-30866d4fff78
2019-10-19 00:50:10,069 [grpc-default-executor-1] INFO  impl.RoleInfo (RoleInfo.java:shutdownFollowerState(121)) - 67511f02-1a53-40d3-ad7c-17f75ce9e42c: shutdown FollowerState
2019-10-19 00:50:10,070 [Thread-800] INFO  impl.FollowerState (FollowerState.java:run(117)) - 67511f02-1a53-40d3-ad7c-17f75ce9e42c@group-2DDA05B3685C-FollowerState was interrupted: java.lang.InterruptedException: sleep interrupted
2019-10-19 00:50:10,070 [grpc-default-executor-1] INFO  impl.RoleInfo (RoleInfo.java:updateAndGet(143)) - 67511f02-1a53-40d3-ad7c-17f75ce9e42c: start FollowerState
2019-10-19 00:50:10,070 [grpc-default-executor-2] INFO  impl.RaftServerImpl (RaftServerImpl.java:setRole(184)) - b6ed77c0-0909-418c-a0c6-e1477b4e10c3@group-2DDA05B3685C: changes role from  FOLLOWER to FOLLOWER at term 41 for recognizeCandidate:aac91d0e-90b3-4924-955b-30866d4fff78
2019-10-19 00:50:10,070 [grpc-default-executor-2] INFO  impl.RoleInfo (RoleInfo.java:shutdownFollowerState(121)) - b6ed77c0-0909-418c-a0c6-e1477b4e10c3: shutdown FollowerState
2019-10-19 00:50:10,070 [grpc-default-executor-2] INFO  impl.RoleInfo (RoleInfo.java:updateAndGet(143)) - b6ed77c0-0909-418c-a0c6-e1477b4e10c3: start FollowerState
2019-10-19 00:50:10,070 [Thread-799] INFO  impl.FollowerState (FollowerState.java:run(117)) - b6ed77c0-0909-418c-a0c6-e1477b4e10c3@group-2DDA05B3685C-FollowerState was interrupted: java.lang.InterruptedException: sleep interrupted
2019-10-19 00:50:10,086 [aac91d0e-90b3-4924-955b-30866d4fff78@group-2DDA05B3685C-LeaderElection38] INFO  impl.LeaderElection (LeaderElection.java:logAndReturn(56)) - aac91d0e-90b3-4924-955b-30866d4fff78@group-2DDA05B3685C-LeaderElection38: Election REJECTED; received 2 response(s) [aac91d0e-90b3-4924-955b-30866d4fff78<-67511f02-1a53-40d3-ad7c-17f75ce9e42c#0:FAIL-t41, aac91d0e-90b3-4924-955b-30866d4fff78<-b6ed77c0-0909-418c-a0c6-e1477b4e10c3#0:FAIL-t41] and 0 exception(s); aac91d0e-90b3-4924-955b-30866d4fff78@group-2DDA05B3685C:t41, leader=null, voted=aac91d0e-90b3-4924-955b-30866d4fff78, raftlog=aac91d0e-90b3-4924-955b-30866d4fff78@group-2DDA05B3685C-SegmentedRaftLog:OPENED:c3,f4,i4, conf=0: [67511f02-1a53-40d3-ad7c-17f75ce9e42c:192.168.157.213:45560, aac91d0e-90b3-4924-955b-30866d4fff78:192.168.157.213:41659, b6ed77c0-0909-418c-a0c6-e1477b4e10c3:192.168.157.213:33232], old=null
2019-10-19 00:50:10,086 [aac91d0e-90b3-4924-955b-30866d4fff78@group-2DDA05B3685C-LeaderElection38] INFO  impl.RaftServerImpl (RaftServerImpl.java:setRole(184)) - aac91d0e-90b3-4924-955b-30866d4fff78@group-2DDA05B3685C: changes role from CANDIDATE to FOLLOWER at term 41 for DISCOVERED_A_NEW_TERM
2019-10-19 00:50:10,086 [aac91d0e-90b3-4924-955b-30866d4fff78@group-2DDA05B3685C-LeaderElection38] INFO  impl.RoleInfo (RoleInfo.java:shutdownLeaderElection(134)) - aac91d0e-90b3-4924-955b-30866d4fff78: shutdown LeaderElection
2019-10-19 00:50:10,086 [aac91d0e-90b3-4924-955b-30866d4fff78@group-2DDA05B3685C-LeaderElection38] INFO  impl.RoleInfo (RoleInfo.java:updateAndGet(143)) - aac91d0e-90b3-4924-955b-30866d4fff78: start FollowerState
2019-10-19 00:50:10,151 [Thread-784] INFO  impl.FollowerState (FollowerState.java:run(108)) - aac91d0e-90b3-4924-955b-30866d4fff78@group-D7C502E0838E-FollowerState: change to CANDIDATE, lastRpcTime:188ms, electionTimeout:188ms
2019-10-19 00:50:10,151 [Thread-784] INFO  impl.RoleInfo (RoleInfo.java:shutdownFollowerState(121)) - aac91d0e-90b3-4924-955b-30866d4fff78: shutdown FollowerState
2019-10-19 00:50:10,151 [Thread-784] INFO  impl.RaftServerImpl (RaftServerImpl.java:setRole(184)) - aac91d0e-90b3-4924-955b-30866d4fff78@group-D7C502E0838E: changes role from  FOLLOWER to CANDIDATE at term 0 for changeToCandidate
2019-10-19 00:50:10,152 [Thread-784] INFO  impl.RoleInfo (RoleInfo.java:updateAndGet(143)) - aac91d0e-90b3-4924-955b-30866d4fff78: start LeaderElection
2019-10-19 00:50:10,162 [aac91d0e-90b3-4924-955b-30866d4fff78@group-D7C502E0838E-LeaderElection39] INFO  impl.LeaderElection (LeaderElection.java:askForVotes(178)) - aac91d0e-90b3-4924-955b-30866d4fff78@group-D7C502E0838E-LeaderElection39: begin an election at term 1 for -1: [aac91d0e-90b3-4924-955b-30866d4fff78:192.168.157.213:41659], old=null
2019-10-19 00:50:10,162 [aac91d0e-90b3-4924-955b-30866d4fff78@group-D7C502E0838E-LeaderElection39] INFO  impl.RoleInfo (RoleInfo.java:shutdownLeaderElection(134)) - aac91d0e-90b3-4924-955b-30866d4fff78: shutdown LeaderElection
2019-10-19 00:50:10,163 [aac91d0e-90b3-4924-955b-30866d4fff78@group-D7C502E0838E-LeaderElection39] INFO  impl.RaftServerImpl (RaftServerImpl.java:setRole(184)) - aac91d0e-90b3-4924-955b-30866d4fff78@group-D7C502E0838E: changes role from CANDIDATE to LEADER at term 1 for changeToLeader
2019-10-19 00:50:10,163 [aac91d0e-90b3-4924-955b-30866d4fff78@group-D7C502E0838E-LeaderElection39] INFO  impl.RaftServerImpl (ServerState.java:setLeader(256)) - aac91d0e-90b3-4924-955b-30866d4fff78@group-D7C502E0838E: change Leader from null to aac91d0e-90b3-4924-955b-30866d4fff78 at term 1 for becomeLeader, leader elected after 206ms
2019-10-19 00:50:10,163 [aac91d0e-90b3-4924-955b-30866d4fff78@group-D7C502E0838E-LeaderElection39] INFO  server.RaftServerConfigKeys (ConfUtils.java:logGet(43)) - raft.server.staging.catchup.gap = 1000 (default)
2019-10-19 00:50:10,163 [aac91d0e-90b3-4924-955b-30866d4fff78@group-D7C502E0838E-LeaderElection39] INFO  server.RaftServerConfigKeys (ConfUtils.java:logGet(43)) - raft.server.rpc.sleep.time = 25ms (default)
2019-10-19 00:50:10,164 [aac91d0e-90b3-4924-955b-30866d4fff78@group-D7C502E0838E-LeaderElection39] INFO  server.RaftServerConfigKeys (ConfUtils.java:logGet(43)) - raft.server.write.element-limit = 4096 (default)
2019-10-19 00:50:10,164 [aac91d0e-90b3-4924-955b-30866d4fff78@group-D7C502E0838E-LeaderElection39] INFO  server.RaftServerConfigKeys (ConfUtils.java:logGet(43)) - raft.server.watch.timeout = 10s (default)
2019-10-19 00:50:10,164 [aac91d0e-90b3-4924-955b-30866d4fff78@group-D7C502E0838E-LeaderElection39] INFO  server.RaftServerConfigKeys (ConfUtils.java:logGet(43)) - raft.server.watch.timeout.denomination = 1s (default)
2019-10-19 00:50:10,164 [aac91d0e-90b3-4924-955b-30866d4fff78@group-D7C502E0838E-LeaderElection39] INFO  server.RaftServerConfigKeys (ConfUtils.java:logGet(43)) - raft.server.watch.element-limit = 65536 (default)
2019-10-19 00:50:10,170 [aac91d0e-90b3-4924-955b-30866d4fff78@group-D7C502E0838E-LeaderElection39] INFO  impl.RoleInfo (RoleInfo.java:updateAndGet(143)) - aac91d0e-90b3-4924-955b-30866d4fff78: start LeaderState
2019-10-19 00:50:10,170 [aac91d0e-90b3-4924-955b-30866d4fff78@group-D7C502E0838E-LeaderElection39] INFO  segmented.SegmentedRaftLogWorker (SegmentedRaftLogWorker.java:startLogSegment(385)) - aac91d0e-90b3-4924-955b-30866d4fff78@group-D7C502E0838E-SegmentedRaftLogWorker: Starting segment from index:0
2019-10-19 00:50:10,172 [aac91d0e-90b3-4924-955b-30866d4fff78@group-D7C502E0838E-LeaderElection39] INFO  impl.RaftServerImpl (ServerState.java:setRaftConf(357)) - aac91d0e-90b3-4924-955b-30866d4fff78@group-D7C502E0838E: set configuration 0: [aac91d0e-90b3-4924-955b-30866d4fff78:192.168.157.213:41659], old=null at 0
2019-10-19 00:50:10,173 [Thread-797] INFO  impl.FollowerState (FollowerState.java:run(108)) - b6ed77c0-0909-418c-a0c6-e1477b4e10c3@group-9C7A8CA2BF57-FollowerState: change to CANDIDATE, lastRpcTime:134ms, electionTimeout:134ms
2019-10-19 00:50:10,173 [Thread-797] INFO  impl.RoleInfo (RoleInfo.java:shutdownFollowerState(121)) - b6ed77c0-0909-418c-a0c6-e1477b4e10c3: shutdown FollowerState
2019-10-19 00:50:10,173 [Thread-797] INFO  impl.RaftServerImpl (RaftServerImpl.java:setRole(184)) - b6ed77c0-0909-418c-a0c6-e1477b4e10c3@group-9C7A8CA2BF57: changes role from  FOLLOWER to CANDIDATE at term 0 for changeToCandidate
2019-10-19 00:50:10,173 [Thread-797] INFO  impl.RoleInfo (RoleInfo.java:updateAndGet(143)) - b6ed77c0-0909-418c-a0c6-e1477b4e10c3: start LeaderElection
2019-10-19 00:50:10,213 [Thread-796] INFO  impl.FollowerState (FollowerState.java:run(108)) - 67511f02-1a53-40d3-ad7c-17f75ce9e42c@group-9C7A8CA2BF57-FollowerState: change to CANDIDATE, lastRpcTime:174ms, electionTimeout:148ms
2019-10-19 00:50:10,213 [Thread-793] INFO  impl.FollowerState (FollowerState.java:run(108)) - aac91d0e-90b3-4924-955b-30866d4fff78@group-9C7A8CA2BF57-FollowerState: change to CANDIDATE, lastRpcTime:176ms, electionTimeout:161ms
2019-10-19 00:50:10,213 [Thread-796] INFO  impl.RoleInfo (RoleInfo.java:shutdownFollowerState(121)) - 67511f02-1a53-40d3-ad7c-17f75ce9e42c: shutdown FollowerState
2019-10-19 00:50:10,213 [Thread-793] INFO  impl.RoleInfo (RoleInfo.java:shutdownFollowerState(121)) - aac91d0e-90b3-4924-955b-30866d4fff78: shutdown FollowerState
2019-10-19 00:50:10,213 [Thread-796] INFO  impl.RaftServerImpl (RaftServerImpl.java:setRole(184)) - 67511f02-1a53-40d3-ad7c-17f75ce9e42c@group-9C7A8CA2BF57: changes role from  FOLLOWER to CANDIDATE at term 0 for changeToCandidate
2019-10-19 00:50:10,213 [Thread-793] INFO  impl.RaftServerImpl (RaftServerImpl.java:setRole(184)) - aac91d0e-90b3-4924-955b-30866d4fff78@group-9C7A8CA2BF57: changes role from  FOLLOWER to CANDIDATE at term 0 for changeToCandidate
2019-10-19 00:50:10,213 [Thread-793] INFO  impl.RoleInfo (RoleInfo.java:updateAndGet(143)) - aac91d0e-90b3-4924-955b-30866d4fff78: start LeaderElection
2019-10-19 00:50:10,213 [Thread-796] INFO  impl.RoleInfo (RoleInfo.java:updateAndGet(143)) - 67511f02-1a53-40d3-ad7c-17f75ce9e42c: start LeaderElection
2019-10-19 00:50:10,226 [aac91d0e-90b3-4924-955b-30866d4fff78@group-D7C502E0838E-SegmentedRaftLogWorker] INFO  segmented.SegmentedRaftLogWorker (SegmentedRaftLogWorker.java:execute(576)) - aac91d0e-90b3-4924-955b-30866d4fff78@group-D7C502E0838E-SegmentedRaftLogWorker: created new log segment /workdir/hadoop-ozone/integration-test/target/test-dir/MiniOzoneClusterImpl-c55fde14-2fcc-439a-a3ad-d31aeefdbace/datanode-2/data/ratis/f8896f7f-8950-44c5-8e38-d7c502e0838e/current/log_inprogress_0
2019-10-19 00:50:10,226 [b6ed77c0-0909-418c-a0c6-e1477b4e10c3@group-9C7A8CA2BF57-LeaderElection40] INFO  impl.LeaderElection (LeaderElection.java:askForVotes(178)) - b6ed77c0-0909-418c-a0c6-e1477b4e10c3@group-9C7A8CA2BF57-LeaderElection40: begin an election at term 1 for -1: [67511f02-1a53-40d3-ad7c-17f75ce9e42c:192.168.157.213:45560, aac91d0e-90b3-4924-955b-30866d4fff78:192.168.157.213:41659, b6ed77c0-0909-418c-a0c6-e1477b4e10c3:192.168.157.213:33232], old=null
2019-10-19 00:50:10,226 [67511f02-1a53-40d3-ad7c-17f75ce9e42c@group-9C7A8CA2BF57-LeaderElection41] INFO  impl.LeaderElection (LeaderElection.java:askForVotes(178)) - 67511f02-1a53-40d3-ad7c-17f75ce9e42c@group-9C7A8CA2BF57-LeaderElection41: begin an election at term 1 for -1: [67511f02-1a53-40d3-ad7c-17f75ce9e42c:192.168.157.213:45560, aac91d0e-90b3-4924-955b-30866d4fff78:192.168.157.213:41659, b6ed77c0-0909-418c-a0c6-e1477b4e10c3:192.168.157.213:33232], old=null
2019-10-19 00:50:10,226 [aac91d0e-90b3-4924-955b-30866d4fff78@group-9C7A8CA2BF57-LeaderElection42] INFO  impl.LeaderElection (LeaderElection.java:askForVotes(178)) - aac91d0e-90b3-4924-955b-30866d4fff78@group-9C7A8CA2BF57-LeaderElection42: begin an election at term 1 for -1: [67511f02-1a53-40d3-ad7c-17f75ce9e42c:192.168.157.213:45560, aac91d0e-90b3-4924-955b-30866d4fff78:192.168.157.213:41659, b6ed77c0-0909-418c-a0c6-e1477b4e10c3:192.168.157.213:33232], old=null
2019-10-19 00:50:10,238 [b6ed77c0-0909-418c-a0c6-e1477b4e10c3@group-9C7A8CA2BF57-LeaderElection40] INFO  impl.LeaderElection (LeaderElection.java:logAndReturn(56)) - b6ed77c0-0909-418c-a0c6-e1477b4e10c3@group-9C7A8CA2BF57-LeaderElection40: Election TIMEOUT; received 0 response(s) [] and 0 exception(s); b6ed77c0-0909-418c-a0c6-e1477b4e10c3@group-9C7A8CA2BF57:t1, leader=null, voted=b6ed77c0-0909-418c-a0c6-e1477b4e10c3, raftlog=b6ed77c0-0909-418c-a0c6-e1477b4e10c3@group-9C7A8CA2BF57-SegmentedRaftLog:OPENED:c-1,f-1,i0, conf=-1: [67511f02-1a53-40d3-ad7c-17f75ce9e42c:192.168.157.213:45560, aac91d0e-90b3-4924-955b-30866d4fff78:192.168.157.213:41659, b6ed77c0-0909-418c-a0c6-e1477b4e10c3:192.168.157.213:33232], old=null
2019-10-19 00:50:10,245 [67511f02-1a53-40d3-ad7c-17f75ce9e42c@group-9C7A8CA2BF57-LeaderElection41] INFO  impl.LeaderElection (LeaderElection.java:logAndReturn(56)) - 67511f02-1a53-40d3-ad7c-17f75ce9e42c@group-9C7A8CA2BF57-LeaderElection41: Election TIMEOUT; received 1 response(s) [67511f02-1a53-40d3-ad7c-17f75ce9e42c<-aac91d0e-90b3-4924-955b-30866d4fff78#0:FAIL-t1] and 0 exception(s); 67511f02-1a53-40d3-ad7c-17f75ce9e42c@group-9C7A8CA2BF57:t1, leader=null, voted=67511f02-1a53-40d3-ad7c-17f75ce9e42c, raftlog=67511f02-1a53-40d3-ad7c-17f75ce9e42c@group-9C7A8CA2BF57-SegmentedRaftLog:OPENED:c-1,f-1,i0, conf=-1: [67511f02-1a53-40d3-ad7c-17f75ce9e42c:192.168.157.213:45560, aac91d0e-90b3-4924-955b-30866d4fff78:192.168.157.213:41659, b6ed77c0-0909-418c-a0c6-e1477b4e10c3:192.168.157.213:33232], old=null
2019-10-19 00:50:10,270 [Thread-807] INFO  impl.FollowerState (FollowerState.java:run(108)) - aac91d0e-90b3-4924-955b-30866d4fff78@group-2DDA05B3685C-FollowerState: change to CANDIDATE, lastRpcTime:184ms, electionTimeout:184ms
2019-10-19 00:50:10,271 [Thread-807] INFO  impl.RoleInfo (RoleInfo.java:shutdownFollowerState(121)) - aac91d0e-90b3-4924-955b-30866d4fff78: shutdown FollowerState
2019-10-19 00:50:10,271 [Thread-807] INFO  impl.RaftServerImpl (RaftServerImpl.java:setRole(184)) - aac91d0e-90b3-4924-955b-30866d4fff78@group-2DDA05B3685C: changes role from  FOLLOWER to CANDIDATE at term 41 for changeToCandidate
2019-10-19 00:50:10,271 [Thread-807] INFO  impl.RoleInfo (RoleInfo.java:updateAndGet(143)) - aac91d0e-90b3-4924-955b-30866d4fff78: start LeaderElection
2019-10-19 00:50:10,272 [b6ed77c0-0909-418c-a0c6-e1477b4e10c3@group-9C7A8CA2BF57-LeaderElection40] INFO  impl.LeaderElection (LeaderElection.java:askForVotes(178)) - b6ed77c0-0909-418c-a0c6-e1477b4e10c3@group-9C7A8CA2BF57-LeaderElection40: begin an election at term 2 for -1: [67511f02-1a53-40d3-ad7c-17f75ce9e42c:192.168.157.213:45560, aac91d0e-90b3-4924-955b-30866d4fff78:192.168.157.213:41659, b6ed77c0-0909-418c-a0c6-e1477b4e10c3:192.168.157.213:33232], old=null
2019-10-19 00:50:10,272 [67511f02-1a53-40d3-ad7c-17f75ce9e42c@group-9C7A8CA2BF57-LeaderElection41] INFO  impl.LeaderElection (LeaderElection.java:askForVotes(178)) - 67511f02-1a53-40d3-ad7c-17f75ce9e42c@group-9C7A8CA2BF57-LeaderElection41: begin an election at term 2 for -1: [67511f02-1a53-40d3-ad7c-17f75ce9e42c:192.168.157.213:45560, aac91d0e-90b3-4924-955b-30866d4fff78:192.168.157.213:41659, b6ed77c0-0909-418c-a0c6-e1477b4e10c3:192.168.157.213:33232], old=null
2019-10-19 00:50:10,273 [aac91d0e-90b3-4924-955b-30866d4fff78@group-2DDA05B3685C-LeaderElection43] INFO  impl.LeaderElection (LeaderElection.java:askForVotes(178)) - aac91d0e-90b3-4924-955b-30866d4fff78@group-2DDA05B3685C-LeaderElection43: begin an election at term 42 for 0: [67511f02-1a53-40d3-ad7c-17f75ce9e42c:192.168.157.213:45560, aac91d0e-90b3-4924-955b-30866d4fff78:192.168.157.213:41659, b6ed77c0-0909-418c-a0c6-e1477b4e10c3:192.168.157.213:33232], old=null
2019-10-19 00:50:10,274 [aac91d0e-90b3-4924-955b-30866d4fff78@group-9C7A8CA2BF57-LeaderElection42] INFO  impl.LeaderElection (LeaderElection.java:logAndReturn(56)) - aac91d0e-90b3-4924-955b-30866d4fff78@group-9C7A8CA2BF57-LeaderElection42: Election DISCOVERED_A_NEW_TERM; received 2 response(s) [aac91d0e-90b3-4924-955b-30866d4fff78<-67511f02-1a53-40d3-ad7c-17f75ce9e42c#0:FAIL-t1, aac91d0e-90b3-4924-955b-30866d4fff78<-b6ed77c0-0909-418c-a0c6-e1477b4e10c3#0:FAIL-t2] and 0 exception(s); aac91d0e-90b3-4924-955b-30866d4fff78@group-9C7A8CA2BF57:t1, leader=null, voted=aac91d0e-90b3-4924-955b-30866d4fff78, raftlog=aac91d0e-90b3-4924-955b-30866d4fff78@group-9C7A8CA2BF57-SegmentedRaftLog:OPENED:c-1,f-1,i0, conf=-1: [67511f02-1a53-40d3-ad7c-17f75ce9e42c:192.168.157.213:45560, aac91d0e-90b3-4924-955b-30866d4fff78:192.168.157.213:41659, b6ed77c0-0909-418c-a0c6-e1477b4e10c3:192.168.157.213:33232], old=null
2019-10-19 00:50:10,274 [aac91d0e-90b3-4924-955b-30866d4fff78@group-9C7A8CA2BF57-LeaderElection42] INFO  impl.RaftServerImpl (RaftServerImpl.java:setRole(184)) - aac91d0e-90b3-4924-955b-30866d4fff78@group-9C7A8CA2BF57: changes role from CANDIDATE to FOLLOWER at term 2 for DISCOVERED_A_NEW_TERM
2019-10-19 00:50:10,274 [aac91d0e-90b3-4924-955b-30866d4fff78@group-9C7A8CA2BF57-LeaderElection42] INFO  impl.RoleInfo (RoleInfo.java:shutdownLeaderElection(134)) - aac91d0e-90b3-4924-955b-30866d4fff78: shutdown LeaderElection
2019-10-19 00:50:10,274 [aac91d0e-90b3-4924-955b-30866d4fff78@group-9C7A8CA2BF57-LeaderElection42] INFO  impl.RoleInfo (RoleInfo.java:updateAndGet(143)) - aac91d0e-90b3-4924-955b-30866d4fff78: start FollowerState
2019-10-19 00:50:10,276 [grpc-default-executor-1] INFO  impl.RaftServerImpl (RaftServerImpl.java:setRole(184)) - b6ed77c0-0909-418c-a0c6-e1477b4e10c3@group-2DDA05B3685C: changes role from  FOLLOWER to FOLLOWER at term 42 for recognizeCandidate:aac91d0e-90b3-4924-955b-30866d4fff78
2019-10-19 00:50:10,279 [grpc-default-executor-1] INFO  impl.RoleInfo (RoleInfo.java:shutdownFollowerState(121)) - b6ed77c0-0909-418c-a0c6-e1477b4e10c3: shutdown FollowerState
2019-10-19 00:50:10,276 [grpc-default-executor-2] INFO  impl.RaftServerImpl (RaftServerImpl.java:setRole(184)) - 67511f02-1a53-40d3-ad7c-17f75ce9e42c@group-2DDA05B3685C: changes role from  FOLLOWER to FOLLOWER at term 42 for recognizeCandidate:aac91d0e-90b3-4924-955b-30866d4fff78
2019-10-19 00:50:10,279 [grpc-default-executor-1] INFO  impl.RoleInfo (RoleInfo.java:updateAndGet(143)) - b6ed77c0-0909-418c-a0c6-e1477b4e10c3: start FollowerState
2019-10-19 00:50:10,279 [Thread-806] INFO  impl.FollowerState (FollowerState.java:run(117)) - b6ed77c0-0909-418c-a0c6-e1477b4e10c3@group-2DDA05B3685C-FollowerState was interrupted: java.lang.InterruptedException: sleep interrupted
2019-10-19 00:50:10,279 [grpc-default-executor-2] INFO  impl.RoleInfo (RoleInfo.java:shutdownFollowerState(121)) - 67511f02-1a53-40d3-ad7c-17f75ce9e42c: shutdown FollowerState
2019-10-19 00:50:10,280 [Thread-805] INFO  impl.FollowerState (FollowerState.java:run(117)) - 67511f02-1a53-40d3-ad7c-17f75ce9e42c@group-2DDA05B3685C-FollowerState was interrupted: java.lang.InterruptedException: sleep interrupted
2019-10-19 00:50:10,280 [grpc-default-executor-2] INFO  impl.RoleInfo (RoleInfo.java:updateAndGet(143)) - 67511f02-1a53-40d3-ad7c-17f75ce9e42c: start FollowerState
2019-10-19 00:50:10,284 [b6ed77c0-0909-418c-a0c6-e1477b4e10c3@group-9C7A8CA2BF57-LeaderElection40] INFO  impl.LeaderElection (LeaderElection.java:logAndReturn(56)) - b6ed77c0-0909-418c-a0c6-e1477b4e10c3@group-9C7A8CA2BF57-LeaderElection40: Election TIMEOUT; received 1 response(s) [b6ed77c0-0909-418c-a0c6-e1477b4e10c3<-67511f02-1a53-40d3-ad7c-17f75ce9e42c#0:FAIL-t2] and 0 exception(s); b6ed77c0-0909-418c-a0c6-e1477b4e10c3@group-9C7A8CA2BF57:t2, leader=null, voted=b6ed77c0-0909-418c-a0c6-e1477b4e10c3, raftlog=b6ed77c0-0909-418c-a0c6-e1477b4e10c3@group-9C7A8CA2BF57-SegmentedRaftLog:OPENED:c-1,f-1,i0, conf=-1: [67511f02-1a53-40d3-ad7c-17f75ce9e42c:192.168.157.213:45560, aac91d0e-90b3-4924-955b-30866d4fff78:192.168.157.213:41659, b6ed77c0-0909-418c-a0c6-e1477b4e10c3:192.168.157.213:33232], old=null
2019-10-19 00:50:10,299 [BlockDeletingService#2] WARN  background.BlockDeletingService (BlockDeletingService.java:isDeletionAllowed(187)) - Close Container log Index 6 is not replicated across allthe servers in the pipeline 2739136e-9e24-467a-9fde-2dda05b3685c as the min replicated index is 4. Deletion is not allowed in this container yet.
2019-10-19 00:50:10,299 [b6ed77c0-0909-418c-a0c6-e1477b4e10c3@group-9C7A8CA2BF57-LeaderElection40] INFO  impl.LeaderElection (LeaderElection.java:askForVotes(178)) - b6ed77c0-0909-418c-a0c6-e1477b4e10c3@group-9C7A8CA2BF57-LeaderElection40: begin an election at term 3 for -1: [67511f02-1a53-40d3-ad7c-17f75ce9e42c:192.168.157.213:45560, aac91d0e-90b3-4924-955b-30866d4fff78:192.168.157.213:41659, b6ed77c0-0909-418c-a0c6-e1477b4e10c3:192.168.157.213:33232], old=null
2019-10-19 00:50:10,299 [BlockDeletingService#2] WARN  background.BlockDeletingService (BlockDeletingService.java:isDeletionAllowed(187)) - Close Container log Index 6 is not replicated across allthe servers in the pipeline 2739136e-9e24-467a-9fde-2dda05b3685c as the min replicated index is 4. Deletion is not allowed in this container yet.
2019-10-19 00:50:10,299 [grpc-default-executor-7] INFO  impl.RaftServerImpl (RaftServerImpl.java:setRole(184)) - aac91d0e-90b3-4924-955b-30866d4fff78@group-9C7A8CA2BF57: changes role from  FOLLOWER to FOLLOWER at term 2 for recognizeCandidate:b6ed77c0-0909-418c-a0c6-e1477b4e10c3
2019-10-19 00:50:10,300 [grpc-default-executor-7] INFO  impl.RoleInfo (RoleInfo.java:shutdownFollowerState(121)) - aac91d0e-90b3-4924-955b-30866d4fff78: shutdown FollowerState
2019-10-19 00:50:10,300 [grpc-default-executor-7] INFO  impl.RoleInfo (RoleInfo.java:updateAndGet(143)) - aac91d0e-90b3-4924-955b-30866d4fff78: start FollowerState
2019-10-19 00:50:10,300 [Thread-826] INFO  impl.FollowerState (FollowerState.java:run(117)) - aac91d0e-90b3-4924-955b-30866d4fff78@group-9C7A8CA2BF57-FollowerState was interrupted: java.lang.InterruptedException: sleep interrupted
2019-10-19 00:50:10,300 [aac91d0e-90b3-4924-955b-30866d4fff78@group-2DDA05B3685C-LeaderElection43] INFO  impl.LeaderElection (LeaderElection.java:logAndReturn(56)) - aac91d0e-90b3-4924-955b-30866d4fff78@group-2DDA05B3685C-LeaderElection43: Election REJECTED; received 2 response(s) [aac91d0e-90b3-4924-955b-30866d4fff78<-67511f02-1a53-40d3-ad7c-17f75ce9e42c#0:FAIL-t42, aac91d0e-90b3-4924-955b-30866d4fff78<-b6ed77c0-0909-418c-a0c6-e1477b4e10c3#0:FAIL-t42] and 0 exception(s); aac91d0e-90b3-4924-955b-30866d4fff78@group-2DDA05B3685C:t42, leader=null, voted=aac91d0e-90b3-4924-955b-30866d4fff78, raftlog=aac91d0e-90b3-4924-955b-30866d4fff78@group-2DDA05B3685C-SegmentedRaftLog:OPENED:c3,f4,i4, conf=0: [67511f02-1a53-40d3-ad7c-17f75ce9e42c:192.168.157.213:45560, aac91d0e-90b3-4924-955b-30866d4fff78:192.168.157.213:41659, b6ed77c0-0909-418c-a0c6-e1477b4e10c3:192.168.157.213:33232], old=null
2019-10-19 00:50:10,300 [aac91d0e-90b3-4924-955b-30866d4fff78@group-2DDA05B3685C-LeaderElection43] INFO  impl.RaftServerImpl (RaftServerImpl.java:setRole(184)) - aac91d0e-90b3-4924-955b-30866d4fff78@group-2DDA05B3685C: changes role from CANDIDATE to FOLLOWER at term 42 for DISCOVERED_A_NEW_TERM
2019-10-19 00:50:10,301 [aac91d0e-90b3-4924-955b-30866d4fff78@group-2DDA05B3685C-LeaderElection43] INFO  impl.RoleInfo (RoleInfo.java:shutdownLeaderElection(134)) - aac91d0e-90b3-4924-955b-30866d4fff78: shutdown LeaderElection
2019-10-19 00:50:10,301 [aac91d0e-90b3-4924-955b-30866d4fff78@group-2DDA05B3685C-LeaderElection43] INFO  impl.RoleInfo (RoleInfo.java:updateAndGet(143)) - aac91d0e-90b3-4924-955b-30866d4fff78: start FollowerState
2019-10-19 00:50:10,302 [grpc-default-executor-1] INFO  impl.RaftServerImpl (RaftServerImpl.java:setRole(184)) - 67511f02-1a53-40d3-ad7c-17f75ce9e42c@group-9C7A8CA2BF57: changes role from CANDIDATE to FOLLOWER at term 3 for recognizeCandidate:b6ed77c0-0909-418c-a0c6-e1477b4e10c3
2019-10-19 00:50:10,302 [grpc-default-executor-1] INFO  impl.RoleInfo (RoleInfo.java:shutdownLeaderElection(134)) - 67511f02-1a53-40d3-ad7c-17f75ce9e42c: shutdown LeaderElection
2019-10-19 00:50:10,302 [grpc-default-executor-1] INFO  impl.RoleInfo (RoleInfo.java:updateAndGet(143)) - 67511f02-1a53-40d3-ad7c-17f75ce9e42c: start FollowerState
2019-10-19 00:50:10,306 [grpc-default-executor-2] INFO  impl.RaftServerImpl (RaftServerImpl.java:setRole(184)) - aac91d0e-90b3-4924-955b-30866d4fff78@group-9C7A8CA2BF57: changes role from  FOLLOWER to FOLLOWER at term 3 for recognizeCandidate:b6ed77c0-0909-418c-a0c6-e1477b4e10c3
2019-10-19 00:50:10,306 [grpc-default-executor-2] INFO  impl.RoleInfo (RoleInfo.java:shutdownFollowerState(121)) - aac91d0e-90b3-4924-955b-30866d4fff78: shutdown FollowerState
2019-10-19 00:50:10,306 [grpc-default-executor-2] INFO  impl.RoleInfo (RoleInfo.java:updateAndGet(143)) - aac91d0e-90b3-4924-955b-30866d4fff78: start FollowerState
2019-10-19 00:50:10,306 [Thread-833] INFO  impl.FollowerState (FollowerState.java:run(117)) - aac91d0e-90b3-4924-955b-30866d4fff78@group-9C7A8CA2BF57-FollowerState was interrupted: java.lang.InterruptedException: sleep interrupted
2019-10-19 00:50:10,307 [67511f02-1a53-40d3-ad7c-17f75ce9e42c@group-9C7A8CA2BF57-LeaderElection41] INFO  impl.LeaderElection (LeaderElection.java:logAndReturn(56)) - 67511f02-1a53-40d3-ad7c-17f75ce9e42c@group-9C7A8CA2BF57-LeaderElection41: Election REJECTED; received 2 response(s) [67511f02-1a53-40d3-ad7c-17f75ce9e42c<-aac91d0e-90b3-4924-955b-30866d4fff78#0:FAIL-t2, 67511f02-1a53-40d3-ad7c-17f75ce9e42c<-b6ed77c0-0909-418c-a0c6-e1477b4e10c3#0:FAIL-t2] and 0 exception(s); 67511f02-1a53-40d3-ad7c-17f75ce9e42c@group-9C7A8CA2BF57:t3, leader=null, voted=null, raftlog=67511f02-1a53-40d3-ad7c-17f75ce9e42c@group-9C7A8CA2BF57-SegmentedRaftLog:OPENED:c-1,f-1,i0, conf=-1: [67511f02-1a53-40d3-ad7c-17f75ce9e42c:192.168.157.213:45560, aac91d0e-90b3-4924-955b-30866d4fff78:192.168.157.213:41659, b6ed77c0-0909-418c-a0c6-e1477b4e10c3:192.168.157.213:33232], old=null
2019-10-19 00:50:10,312 [b6ed77c0-0909-418c-a0c6-e1477b4e10c3@group-9C7A8CA2BF57-LeaderElection40] INFO  impl.LeaderElection (LeaderElection.java:logAndReturn(56)) - b6ed77c0-0909-418c-a0c6-e1477b4e10c3@group-9C7A8CA2BF57-LeaderElection40: Election PASSED; received 2 response(s) [b6ed77c0-0909-418c-a0c6-e1477b4e10c3<-67511f02-1a53-40d3-ad7c-17f75ce9e42c#0:FAIL-t3, b6ed77c0-0909-418c-a0c6-e1477b4e10c3<-aac91d0e-90b3-4924-955b-30866d4fff78#0:OK-t3] and 0 exception(s); b6ed77c0-0909-418c-a0c6-e1477b4e10c3@group-9C7A8CA2BF57:t3, leader=null, voted=b6ed77c0-0909-418c-a0c6-e1477b4e10c3, raftlog=b6ed77c0-0909-418c-a0c6-e1477b4e10c3@group-9C7A8CA2BF57-SegmentedRaftLog:OPENED:c-1,f-1,i0, conf=-1: [67511f02-1a53-40d3-ad7c-17f75ce9e42c:192.168.157.213:45560, aac91d0e-90b3-4924-955b-30866d4fff78:192.168.157.213:41659, b6ed77c0-0909-418c-a0c6-e1477b4e10c3:192.168.157.213:33232], old=null
2019-10-19 00:50:10,313 [EventQueue-PendingDeleteStatusForPendingDeleteHandler] INFO  block.SCMBlockDeletingService (SCMBlockDeletingService.java:handlePendingDeletes(115)) - Block deletion txnID mismatch in datanode aac91d0e-90b3-4924-955b-30866d4fff78 for containerID 1. Datanode delete txnID: 0, SCM txnID: 1
2019-10-19 00:50:10,313 [b6ed77c0-0909-418c-a0c6-e1477b4e10c3@group-9C7A8CA2BF57-LeaderElection40] INFO  impl.RoleInfo (RoleInfo.java:shutdownLeaderElection(134)) - b6ed77c0-0909-418c-a0c6-e1477b4e10c3: shutdown LeaderElection
2019-10-19 00:50:10,313 [b6ed77c0-0909-418c-a0c6-e1477b4e10c3@group-9C7A8CA2BF57-LeaderElection40] INFO  impl.RaftServerImpl (RaftServerImpl.java:setRole(184)) - b6ed77c0-0909-418c-a0c6-e1477b4e10c3@group-9C7A8CA2BF57: changes role from CANDIDATE to LEADER at term 3 for changeToLeader
2019-10-19 00:50:10,313 [b6ed77c0-0909-418c-a0c6-e1477b4e10c3@group-9C7A8CA2BF57-LeaderElection40] INFO  impl.RaftServerImpl (ServerState.java:setLeader(256)) - b6ed77c0-0909-418c-a0c6-e1477b4e10c3@group-9C7A8CA2BF57: change Leader from null to b6ed77c0-0909-418c-a0c6-e1477b4e10c3 at term 3 for becomeLeader, leader elected after 288ms
2019-10-19 00:50:10,313 [b6ed77c0-0909-418c-a0c6-e1477b4e10c3@group-9C7A8CA2BF57-LeaderElection40] INFO  server.RaftServerConfigKeys (ConfUtils.java:logGet(43)) - raft.server.staging.catchup.gap = 1000 (default)
2019-10-19 00:50:10,313 [b6ed77c0-0909-418c-a0c6-e1477b4e10c3@group-9C7A8CA2BF57-LeaderElection40] INFO  server.RaftServerConfigKeys (ConfUtils.java:logGet(43)) - raft.server.rpc.sleep.time = 25ms (default)
2019-10-19 00:50:10,313 [b6ed77c0-0909-418c-a0c6-e1477b4e10c3@group-9C7A8CA2BF57-LeaderElection40] INFO  server.RaftServerConfigKeys (ConfUtils.java:logGet(43)) - raft.server.write.element-limit = 4096 (default)
2019-10-19 00:50:10,313 [b6ed77c0-0909-418c-a0c6-e1477b4e10c3@group-9C7A8CA2BF57-LeaderElection40] INFO  server.RaftServerConfigKeys (ConfUtils.java:logGet(43)) - raft.server.watch.timeout = 10s (default)
2019-10-19 00:50:10,314 [b6ed77c0-0909-418c-a0c6-e1477b4e10c3@group-9C7A8CA2BF57-LeaderElection40] INFO  server.RaftServerConfigKeys (ConfUtils.java:logGet(43)) - raft.server.watch.timeout.denomination = 1s (default)
2019-10-19 00:50:10,314 [b6ed77c0-0909-418c-a0c6-e1477b4e10c3@group-9C7A8CA2BF57-LeaderElection40] INFO  server.RaftServerConfigKeys (ConfUtils.java:logGet(43)) - raft.server.watch.element-limit = 65536 (default)
2019-10-19 00:50:10,316 [b6ed77c0-0909-418c-a0c6-e1477b4e10c3@group-9C7A8CA2BF57-LeaderElection40] INFO  server.RaftServerConfigKeys (ConfUtils.java:logGet(43)) - raft.server.log.appender.snapshot.chunk.size.max = 16MB (=16777216) (default)
2019-10-19 00:50:10,316 [b6ed77c0-0909-418c-a0c6-e1477b4e10c3@group-9C7A8CA2BF57-LeaderElection40] INFO  server.RaftServerConfigKeys (ConfUtils.java:logGet(43)) - raft.server.log.appender.buffer.byte-limit = 33554432 (custom)
2019-10-19 00:50:10,317 [b6ed77c0-0909-418c-a0c6-e1477b4e10c3@group-9C7A8CA2BF57-LeaderElection40] INFO  server.RaftServerConfigKeys (ConfUtils.java:logGet(43)) - raft.server.log.appender.buffer.element-limit = 1 (custom)
2019-10-19 00:50:10,317 [b6ed77c0-0909-418c-a0c6-e1477b4e10c3@group-9C7A8CA2BF57-LeaderElection40] INFO  grpc.GrpcConfigKeys$Server (ConfUtils.java:logGet(43)) - raft.grpc.server.leader.outstanding.appends.max = 128 (default)
2019-10-19 00:50:10,317 [b6ed77c0-0909-418c-a0c6-e1477b4e10c3@group-9C7A8CA2BF57-LeaderElection40] INFO  server.RaftServerConfigKeys (ConfUtils.java:logGet(43)) - raft.server.rpc.request.timeout = 3000ms (default)
2019-10-19 00:50:10,317 [b6ed77c0-0909-418c-a0c6-e1477b4e10c3@group-9C7A8CA2BF57-LeaderElection40] INFO  server.RaftServerConfigKeys (ConfUtils.java:logGet(43)) - raft.server.log.appender.install.snapshot.enabled = false (custom)
2019-10-19 00:50:10,319 [b6ed77c0-0909-418c-a0c6-e1477b4e10c3@group-9C7A8CA2BF57-LeaderElection40] INFO  server.RaftServerConfigKeys (ConfUtils.java:logGet(43)) - raft.server.log.appender.snapshot.chunk.size.max = 16MB (=16777216) (default)
2019-10-19 00:50:10,320 [b6ed77c0-0909-418c-a0c6-e1477b4e10c3@group-9C7A8CA2BF57-LeaderElection40] INFO  server.RaftServerConfigKeys (ConfUtils.java:logGet(43)) - raft.server.log.appender.buffer.byte-limit = 33554432 (custom)
2019-10-19 00:50:10,320 [b6ed77c0-0909-418c-a0c6-e1477b4e10c3@group-9C7A8CA2BF57-LeaderElection40] INFO  server.RaftServerConfigKeys (ConfUtils.java:logGet(43)) - raft.server.log.appender.buffer.element-limit = 1 (custom)
2019-10-19 00:50:10,320 [b6ed77c0-0909-418c-a0c6-e1477b4e10c3@group-9C7A8CA2BF57-LeaderElection40] INFO  grpc.GrpcConfigKeys$Server (ConfUtils.java:logGet(43)) - raft.grpc.server.leader.outstanding.appends.max = 128 (default)
2019-10-19 00:50:10,320 [b6ed77c0-0909-418c-a0c6-e1477b4e10c3@group-9C7A8CA2BF57-LeaderElection40] INFO  server.RaftServerConfigKeys (ConfUtils.java:logGet(43)) - raft.server.rpc.request.timeout = 3000ms (default)
2019-10-19 00:50:10,320 [b6ed77c0-0909-418c-a0c6-e1477b4e10c3@group-9C7A8CA2BF57-LeaderElection40] INFO  server.RaftServerConfigKeys (ConfUtils.java:logGet(43)) - raft.server.log.appender.install.snapshot.enabled = false (custom)
2019-10-19 00:50:10,322 [b6ed77c0-0909-418c-a0c6-e1477b4e10c3@group-9C7A8CA2BF57-LeaderElection40] INFO  impl.RoleInfo (RoleInfo.java:updateAndGet(143)) - b6ed77c0-0909-418c-a0c6-e1477b4e10c3: start LeaderState
2019-10-19 00:50:10,323 [b6ed77c0-0909-418c-a0c6-e1477b4e10c3@group-9C7A8CA2BF57-LeaderElection40] INFO  segmented.SegmentedRaftLogWorker (SegmentedRaftLogWorker.java:startLogSegment(385)) - b6ed77c0-0909-418c-a0c6-e1477b4e10c3@group-9C7A8CA2BF57-SegmentedRaftLogWorker: Starting segment from index:0
2019-10-19 00:50:10,323 [b6ed77c0-0909-418c-a0c6-e1477b4e10c3@group-9C7A8CA2BF57-LeaderElection40] INFO  impl.RaftServerImpl (ServerState.java:setRaftConf(357)) - b6ed77c0-0909-418c-a0c6-e1477b4e10c3@group-9C7A8CA2BF57: set configuration 0: [67511f02-1a53-40d3-ad7c-17f75ce9e42c:192.168.157.213:45560, aac91d0e-90b3-4924-955b-30866d4fff78:192.168.157.213:41659, b6ed77c0-0909-418c-a0c6-e1477b4e10c3:192.168.157.213:33232], old=null at 0
2019-10-19 00:50:10,357 [Thread-835] INFO  impl.FollowerState (FollowerState.java:run(108)) - 67511f02-1a53-40d3-ad7c-17f75ce9e42c@group-9C7A8CA2BF57-FollowerState: change to CANDIDATE, lastRpcTime:54ms, electionTimeout:30ms
2019-10-19 00:50:10,357 [Thread-835] INFO  impl.RoleInfo (RoleInfo.java:shutdownFollowerState(121)) - 67511f02-1a53-40d3-ad7c-17f75ce9e42c: shutdown FollowerState
2019-10-19 00:50:10,357 [Thread-835] INFO  impl.RaftServerImpl (RaftServerImpl.java:setRole(184)) - 67511f02-1a53-40d3-ad7c-17f75ce9e42c@group-9C7A8CA2BF57: changes role from  FOLLOWER to CANDIDATE at term 3 for changeToCandidate
2019-10-19 00:50:10,358 [Thread-835] INFO  impl.RoleInfo (RoleInfo.java:updateAndGet(143)) - 67511f02-1a53-40d3-ad7c-17f75ce9e42c: start LeaderElection
2019-10-19 00:50:10,359 [grpc-default-executor-1] INFO  impl.RaftServerImpl (ServerState.java:setLeader(256)) - aac91d0e-90b3-4924-955b-30866d4fff78@group-9C7A8CA2BF57: change Leader from null to b6ed77c0-0909-418c-a0c6-e1477b4e10c3 at term 3 for appendEntries, leader elected after 332ms
2019-10-19 00:50:10,361 [b6ed77c0-0909-418c-a0c6-e1477b4e10c3@group-9C7A8CA2BF57-SegmentedRaftLogWorker] INFO  segmented.SegmentedRaftLogWorker (SegmentedRaftLogWorker.java:execute(576)) - b6ed77c0-0909-418c-a0c6-e1477b4e10c3@group-9C7A8CA2BF57-SegmentedRaftLogWorker: created new log segment /workdir/hadoop-ozone/integration-test/target/test-dir/MiniOzoneClusterImpl-c55fde14-2fcc-439a-a3ad-d31aeefdbace/datanode-0/data/ratis/d8208f1d-073e-4756-87dd-9c7a8ca2bf57/current/log_inprogress_0
2019-10-19 00:50:10,361 [grpc-default-executor-1] INFO  impl.RaftServerImpl (ServerState.java:setRaftConf(357)) - aac91d0e-90b3-4924-955b-30866d4fff78@group-9C7A8CA2BF57: set configuration 0: [67511f02-1a53-40d3-ad7c-17f75ce9e42c:192.168.157.213:45560, aac91d0e-90b3-4924-955b-30866d4fff78:192.168.157.213:41659, b6ed77c0-0909-418c-a0c6-e1477b4e10c3:192.168.157.213:33232], old=null at 0
2019-10-19 00:50:10,361 [grpc-default-executor-1] INFO  segmented.SegmentedRaftLogWorker (SegmentedRaftLogWorker.java:startLogSegment(385)) - aac91d0e-90b3-4924-955b-30866d4fff78@group-9C7A8CA2BF57-SegmentedRaftLogWorker: Starting segment from index:0
2019-10-19 00:50:10,363 [67511f02-1a53-40d3-ad7c-17f75ce9e42c@group-9C7A8CA2BF57-LeaderElection44] INFO  impl.LeaderElection (LeaderElection.java:askForVotes(178)) - 67511f02-1a53-40d3-ad7c-17f75ce9e42c@group-9C7A8CA2BF57-LeaderElection44: begin an election at term 4 for -1: [67511f02-1a53-40d3-ad7c-17f75ce9e42c:192.168.157.213:45560, aac91d0e-90b3-4924-955b-30866d4fff78:192.168.157.213:41659, b6ed77c0-0909-418c-a0c6-e1477b4e10c3:192.168.157.213:33232], old=null
2019-10-19 00:50:10,364 [Thread-837] INFO  impl.RaftServerImpl (ServerState.java:setLeader(256)) - b6ed77c0-0909-418c-a0c6-e1477b4e10c3@group-9C7A8CA2BF57: change Leader from b6ed77c0-0909-418c-a0c6-e1477b4e10c3 to null at term 4 for updateCurrentTerm
2019-10-19 00:50:10,364 [Thread-837] INFO  impl.RaftServerImpl (RaftServerImpl.java:setRole(184)) - b6ed77c0-0909-418c-a0c6-e1477b4e10c3@group-9C7A8CA2BF57: changes role from    LEADER to FOLLOWER at term 4 for stepDown
2019-10-19 00:50:10,364 [Thread-837] INFO  impl.RoleInfo (RoleInfo.java:shutdownLeaderState(104)) - b6ed77c0-0909-418c-a0c6-e1477b4e10c3: shutdown LeaderState
2019-10-19 00:50:10,390 [Thread-834] INFO  impl.FollowerState (FollowerState.java:run(108)) - aac91d0e-90b3-4924-955b-30866d4fff78@group-2DDA05B3685C-FollowerState: change to CANDIDATE, lastRpcTime:89ms, electionTimeout:67ms
2019-10-19 00:50:10,391 [org.apache.ratis.server.impl.LogAppender$AppenderDaemon$$Lambda$375/1145540738@44c6c7c7] WARN  server.GrpcLogAppender (GrpcLogAppender.java:mayWait(149)) - b6ed77c0-0909-418c-a0c6-e1477b4e10c3@group-9C7A8CA2BF57->67511f02-1a53-40d3-ad7c-17f75ce9e42c-GrpcLogAppender: Wait interrupted by java.lang.InterruptedException
2019-10-19 00:50:10,391 [Thread-834] INFO  impl.RoleInfo (RoleInfo.java:shutdownFollowerState(121)) - aac91d0e-90b3-4924-955b-30866d4fff78: shutdown FollowerState
2019-10-19 00:50:10,391 [Thread-837] INFO  impl.PendingRequests (PendingRequests.java:sendNotLeaderResponses(202)) - b6ed77c0-0909-418c-a0c6-e1477b4e10c3@group-9C7A8CA2BF57-PendingRequests: sendNotLeaderResponses
2019-10-19 00:50:10,391 [org.apache.ratis.server.impl.LogAppender$AppenderDaemon$$Lambda$375/1145540738@2fa1ea04] WARN  server.GrpcLogAppender (GrpcLogAppender.java:mayWait(149)) - b6ed77c0-0909-418c-a0c6-e1477b4e10c3@group-9C7A8CA2BF57->aac91d0e-90b3-4924-955b-30866d4fff78-GrpcLogAppender: Wait interrupted by java.lang.InterruptedException
2019-10-19 00:50:10,391 [Thread-834] INFO  impl.RaftServerImpl (RaftServerImpl.java:setRole(184)) - aac91d0e-90b3-4924-955b-30866d4fff78@group-2DDA05B3685C: changes role from  FOLLOWER to CANDIDATE at term 42 for changeToCandidate
2019-10-19 00:50:10,392 [Thread-837] INFO  impl.RoleInfo (RoleInfo.java:updateAndGet(143)) - b6ed77c0-0909-418c-a0c6-e1477b4e10c3: start FollowerState
2019-10-19 00:50:10,392 [grpc-default-executor-0] INFO  server.GrpcServerProtocolService (GrpcServerProtocolService.java:onCompleted(113)) - aac91d0e-90b3-4924-955b-30866d4fff78: Completed APPEND_ENTRIES, lastRequest: b6ed77c0-0909-418c-a0c6-e1477b4e10c3->aac91d0e-90b3-4924-955b-30866d4fff78#1-t3, previous=(t:0, i:0), leaderCommit=-1, initializing? false, entries: size=1, first=(t:3, i:0), CONFIGURATIONENTRY
2019-10-19 00:50:10,392 [Thread-834] INFO  impl.RoleInfo (RoleInfo.java:updateAndGet(143)) - aac91d0e-90b3-4924-955b-30866d4fff78: start LeaderElection
2019-10-19 00:50:10,392 [grpc-default-executor-7] INFO  impl.RaftServerImpl (ServerState.java:setLeader(256)) - aac91d0e-90b3-4924-955b-30866d4fff78@group-9C7A8CA2BF57: change Leader from b6ed77c0-0909-418c-a0c6-e1477b4e10c3 to null at term 4 for updateCurrentTerm
2019-10-19 00:50:10,392 [grpc-default-executor-2] INFO  server.GrpcServerProtocolService (GrpcServerProtocolService.java:onCompleted(113)) - 67511f02-1a53-40d3-ad7c-17f75ce9e42c: Completed APPEND_ENTRIES, lastRequest: b6ed77c0-0909-418c-a0c6-e1477b4e10c3->67511f02-1a53-40d3-ad7c-17f75ce9e42c#0-t3, previous=(t:0, i:0), leaderCommit=-1, initializing? false, entries: <empty>
2019-10-19 00:50:10,393 [grpc-default-executor-0] INFO  server.GrpcLogAppender (GrpcLogAppender.java:onCompleted(308)) - b6ed77c0-0909-418c-a0c6-e1477b4e10c3@group-9C7A8CA2BF57->aac91d0e-90b3-4924-955b-30866d4fff78-AppendLogResponseHandler: follower responses appendEntries COMPLETED
2019-10-19 00:50:10,393 [grpc-default-executor-7] INFO  impl.RaftServerImpl (RaftServerImpl.java:setRole(184)) - aac91d0e-90b3-4924-955b-30866d4fff78@group-9C7A8CA2BF57: changes role from  FOLLOWER to FOLLOWER at term 4 for recognizeCandidate:67511f02-1a53-40d3-ad7c-17f75ce9e42c
2019-10-19 00:50:10,393 [grpc-default-executor-7] INFO  impl.RoleInfo (RoleInfo.java:shutdownFollowerState(121)) - aac91d0e-90b3-4924-955b-30866d4fff78: shutdown FollowerState
2019-10-19 00:50:10,393 [grpc-default-executor-2] INFO  server.GrpcLogAppender (GrpcLogAppender.java:onCompleted(308)) - b6ed77c0-0909-418c-a0c6-e1477b4e10c3@group-9C7A8CA2BF57->67511f02-1a53-40d3-ad7c-17f75ce9e42c-AppendLogResponseHandler: follower responses appendEntries COMPLETED
2019-10-19 00:50:10,393 [grpc-default-executor-0] INFO  impl.FollowerInfo (FollowerInfo.java:lambda$new$0(51)) - b6ed77c0-0909-418c-a0c6-e1477b4e10c3@group-9C7A8CA2BF57->aac91d0e-90b3-4924-955b-30866d4fff78: nextIndex: updateUnconditionally 1 -> 0
2019-10-19 00:50:10,393 [Thread-836] INFO  impl.FollowerState (FollowerState.java:run(117)) - aac91d0e-90b3-4924-955b-30866d4fff78@group-9C7A8CA2BF57-FollowerState was interrupted: java.lang.InterruptedException: sleep interrupted
2019-10-19 00:50:10,393 [grpc-default-executor-7] INFO  impl.RoleInfo (RoleInfo.java:updateAndGet(143)) - aac91d0e-90b3-4924-955b-30866d4fff78: start FollowerState
2019-10-19 00:50:10,396 [grpc-default-executor-2] INFO  impl.FollowerInfo (FollowerInfo.java:lambda$new$0(51)) - b6ed77c0-0909-418c-a0c6-e1477b4e10c3@group-9C7A8CA2BF57->67511f02-1a53-40d3-ad7c-17f75ce9e42c: nextIndex: updateUnconditionally 0 -> 0
2019-10-19 00:50:10,404 [aac91d0e-90b3-4924-955b-30866d4fff78@group-9C7A8CA2BF57-SegmentedRaftLogWorker] INFO  segmented.SegmentedRaftLogWorker (SegmentedRaftLogWorker.java:execute(576)) - aac91d0e-90b3-4924-955b-30866d4fff78@group-9C7A8CA2BF57-SegmentedRaftLogWorker: created new log segment /workdir/hadoop-ozone/integration-test/target/test-dir/MiniOzoneClusterImpl-c55fde14-2fcc-439a-a3ad-d31aeefdbace/datanode-2/data/ratis/d8208f1d-073e-4756-87dd-9c7a8ca2bf57/current/log_inprogress_0
2019-10-19 00:50:10,405 [grpc-default-executor-1] INFO  impl.RaftServerImpl (RaftServerImpl.java:setRole(184)) - b6ed77c0-0909-418c-a0c6-e1477b4e10c3@group-9C7A8CA2BF57: changes role from  FOLLOWER to FOLLOWER at term 4 for recognizeCandidate:67511f02-1a53-40d3-ad7c-17f75ce9e42c
2019-10-19 00:50:10,404 [aac91d0e-90b3-4924-955b-30866d4fff78@group-2DDA05B3685C-LeaderElection45] INFO  impl.LeaderElection (LeaderElection.java:askForVotes(178)) - aac91d0e-90b3-4924-955b-30866d4fff78@group-2DDA05B3685C-LeaderElection45: begin an election at term 43 for 0: [67511f02-1a53-40d3-ad7c-17f75ce9e42c:192.168.157.213:45560, aac91d0e-90b3-4924-955b-30866d4fff78:192.168.157.213:41659, b6ed77c0-0909-418c-a0c6-e1477b4e10c3:192.168.157.213:33232], old=null
2019-10-19 00:50:10,405 [grpc-default-executor-1] INFO  impl.RoleInfo (RoleInfo.java:shutdownFollowerState(121)) - b6ed77c0-0909-418c-a0c6-e1477b4e10c3: shutdown FollowerState
2019-10-19 00:50:10,406 [grpc-default-executor-1] INFO  impl.RoleInfo (RoleInfo.java:updateAndGet(143)) - b6ed77c0-0909-418c-a0c6-e1477b4e10c3: start FollowerState
2019-10-19 00:50:10,406 [Thread-846] INFO  impl.FollowerState (FollowerState.java:run(117)) - b6ed77c0-0909-418c-a0c6-e1477b4e10c3@group-9C7A8CA2BF57-FollowerState was interrupted: java.lang.InterruptedException: sleep interrupted
2019-10-19 00:50:10,407 [67511f02-1a53-40d3-ad7c-17f75ce9e42c@group-9C7A8CA2BF57-LeaderElection44] INFO  impl.LeaderElection (LeaderElection.java:logAndReturn(56)) - 67511f02-1a53-40d3-ad7c-17f75ce9e42c@group-9C7A8CA2BF57-LeaderElection44: Election REJECTED; received 2 response(s) [67511f02-1a53-40d3-ad7c-17f75ce9e42c<-aac91d0e-90b3-4924-955b-30866d4fff78#0:FAIL-t4, 67511f02-1a53-40d3-ad7c-17f75ce9e42c<-b6ed77c0-0909-418c-a0c6-e1477b4e10c3#0:FAIL-t4] and 0 exception(s); 67511f02-1a53-40d3-ad7c-17f75ce9e42c@group-9C7A8CA2BF57:t4, leader=null, voted=67511f02-1a53-40d3-ad7c-17f75ce9e42c, raftlog=67511f02-1a53-40d3-ad7c-17f75ce9e42c@group-9C7A8CA2BF57-SegmentedRaftLog:OPENED:c-1,f-1,i0, conf=-1: [67511f02-1a53-40d3-ad7c-17f75ce9e42c:192.168.157.213:45560, aac91d0e-90b3-4924-955b-30866d4fff78:192.168.157.213:41659, b6ed77c0-0909-418c-a0c6-e1477b4e10c3:192.168.157.213:33232], old=null
2019-10-19 00:50:10,407 [67511f02-1a53-40d3-ad7c-17f75ce9e42c@group-9C7A8CA2BF57-LeaderElection44] INFO  impl.RaftServerImpl (RaftServerImpl.java:setRole(184)) - 67511f02-1a53-40d3-ad7c-17f75ce9e42c@group-9C7A8CA2BF57: changes role from CANDIDATE to FOLLOWER at term 4 for DISCOVERED_A_NEW_TERM
2019-10-19 00:50:10,407 [67511f02-1a53-40d3-ad7c-17f75ce9e42c@group-9C7A8CA2BF57-LeaderElection44] INFO  impl.RoleInfo (RoleInfo.java:shutdownLeaderElection(134)) - 67511f02-1a53-40d3-ad7c-17f75ce9e42c: shutdown LeaderElection
2019-10-19 00:50:10,408 [67511f02-1a53-40d3-ad7c-17f75ce9e42c@group-9C7A8CA2BF57-LeaderElection44] INFO  impl.RoleInfo (RoleInfo.java:updateAndGet(143)) - 67511f02-1a53-40d3-ad7c-17f75ce9e42c: start FollowerState
2019-10-19 00:50:10,408 [grpc-default-executor-7] INFO  impl.RaftServerImpl (RaftServerImpl.java:setRole(184)) - 67511f02-1a53-40d3-ad7c-17f75ce9e42c@group-2DDA05B3685C: changes role from  FOLLOWER to FOLLOWER at term 43 for recognizeCandidate:aac91d0e-90b3-4924-955b-30866d4fff78
2019-10-19 00:50:10,408 [grpc-default-executor-7] INFO  impl.RoleInfo (RoleInfo.java:shutdownFollowerState(121)) - 67511f02-1a53-40d3-ad7c-17f75ce9e42c: shutdown FollowerState
2019-10-19 00:50:10,408 [Thread-828] INFO  impl.FollowerState (FollowerState.java:run(117)) - 67511f02-1a53-40d3-ad7c-17f75ce9e42c@group-2DDA05B3685C-FollowerState was interrupted: java.lang.InterruptedException: sleep interrupted
2019-10-19 00:50:10,408 [grpc-default-executor-7] INFO  impl.RoleInfo (RoleInfo.java:updateAndGet(143)) - 67511f02-1a53-40d3-ad7c-17f75ce9e42c: start FollowerState
2019-10-19 00:50:10,408 [grpc-default-executor-1] INFO  impl.RaftServerImpl (RaftServerImpl.java:setRole(184)) - b6ed77c0-0909-418c-a0c6-e1477b4e10c3@group-2DDA05B3685C: changes role from  FOLLOWER to FOLLOWER at term 43 for recognizeCandidate:aac91d0e-90b3-4924-955b-30866d4fff78
2019-10-19 00:50:10,408 [grpc-default-executor-1] INFO  impl.RoleInfo (RoleInfo.java:shutdownFollowerState(121)) - b6ed77c0-0909-418c-a0c6-e1477b4e10c3: shutdown FollowerState
2019-10-19 00:50:10,408 [grpc-default-executor-1] INFO  impl.RoleInfo (RoleInfo.java:updateAndGet(143)) - b6ed77c0-0909-418c-a0c6-e1477b4e10c3: start FollowerState
2019-10-19 00:50:10,409 [Thread-827] INFO  impl.FollowerState (FollowerState.java:run(117)) - b6ed77c0-0909-418c-a0c6-e1477b4e10c3@group-2DDA05B3685C-FollowerState was interrupted: java.lang.InterruptedException: sleep interrupted
2019-10-19 00:50:10,419 [aac91d0e-90b3-4924-955b-30866d4fff78@group-2DDA05B3685C-LeaderElection45] INFO  impl.LeaderElection (LeaderElection.java:logAndReturn(56)) - aac91d0e-90b3-4924-955b-30866d4fff78@group-2DDA05B3685C-LeaderElection45: Election REJECTED; received 2 response(s) [aac91d0e-90b3-4924-955b-30866d4fff78<-67511f02-1a53-40d3-ad7c-17f75ce9e42c#0:FAIL-t43, aac91d0e-90b3-4924-955b-30866d4fff78<-b6ed77c0-0909-418c-a0c6-e1477b4e10c3#0:FAIL-t43] and 0 exception(s); aac91d0e-90b3-4924-955b-30866d4fff78@group-2DDA05B3685C:t43, leader=null, voted=aac91d0e-90b3-4924-955b-30866d4fff78, raftlog=aac91d0e-90b3-4924-955b-30866d4fff78@group-2DDA05B3685C-SegmentedRaftLog:OPENED:c3,f4,i4, conf=0: [67511f02-1a53-40d3-ad7c-17f75ce9e42c:192.168.157.213:45560, aac91d0e-90b3-4924-955b-30866d4fff78:192.168.157.213:41659, b6ed77c0-0909-418c-a0c6-e1477b4e10c3:192.168.157.213:33232], old=null
2019-10-19 00:50:10,419 [aac91d0e-90b3-4924-955b-30866d4fff78@group-2DDA05B3685C-LeaderElection45] INFO  impl.RaftServerImpl (RaftServerImpl.java:setRole(184)) - aac91d0e-90b3-4924-955b-30866d4fff78@group-2DDA05B3685C: changes role from CANDIDATE to FOLLOWER at term 43 for DISCOVERED_A_NEW_TERM
2019-10-19 00:50:10,419 [aac91d0e-90b3-4924-955b-30866d4fff78@group-2DDA05B3685C-LeaderElection45] INFO  impl.RoleInfo (RoleInfo.java:shutdownLeaderElection(134)) - aac91d0e-90b3-4924-955b-30866d4fff78: shutdown LeaderElection
2019-10-19 00:50:10,419 [aac91d0e-90b3-4924-955b-30866d4fff78@group-2DDA05B3685C-LeaderElection45] INFO  impl.RoleInfo (RoleInfo.java:updateAndGet(143)) - aac91d0e-90b3-4924-955b-30866d4fff78: start FollowerState
2019-10-19 00:50:10,497 [Thread-852] INFO  impl.FollowerState (FollowerState.java:run(108)) - 67511f02-1a53-40d3-ad7c-17f75ce9e42c@group-9C7A8CA2BF57-FollowerState: change to CANDIDATE, lastRpcTime:89ms, electionTimeout:89ms
2019-10-19 00:50:10,497 [Thread-852] INFO  impl.RoleInfo (RoleInfo.java:shutdownFollowerState(121)) - 67511f02-1a53-40d3-ad7c-17f75ce9e42c: shutdown FollowerState
2019-10-19 00:50:10,497 [Thread-852] INFO  impl.RaftServerImpl (RaftServerImpl.java:setRole(184)) - 67511f02-1a53-40d3-ad7c-17f75ce9e42c@group-9C7A8CA2BF57: changes role from  FOLLOWER to CANDIDATE at term 4 for changeToCandidate
2019-10-19 00:50:10,497 [Thread-852] INFO  impl.RoleInfo (RoleInfo.java:updateAndGet(143)) - 67511f02-1a53-40d3-ad7c-17f75ce9e42c: start LeaderElection
2019-10-19 00:50:10,511 [67511f02-1a53-40d3-ad7c-17f75ce9e42c@group-9C7A8CA2BF57-LeaderElection46] INFO  impl.LeaderElection (LeaderElection.java:askForVotes(178)) - 67511f02-1a53-40d3-ad7c-17f75ce9e42c@group-9C7A8CA2BF57-LeaderElection46: begin an election at term 5 for -1: [67511f02-1a53-40d3-ad7c-17f75ce9e42c:192.168.157.213:45560, aac91d0e-90b3-4924-955b-30866d4fff78:192.168.157.213:41659, b6ed77c0-0909-418c-a0c6-e1477b4e10c3:192.168.157.213:33232], old=null
2019-10-19 00:50:10,513 [grpc-default-executor-7] INFO  impl.RaftServerImpl (RaftServerImpl.java:setRole(184)) - aac91d0e-90b3-4924-955b-30866d4fff78@group-9C7A8CA2BF57: changes role from  FOLLOWER to FOLLOWER at term 5 for recognizeCandidate:67511f02-1a53-40d3-ad7c-17f75ce9e42c
2019-10-19 00:50:10,513 [grpc-default-executor-1] INFO  impl.RaftServerImpl (RaftServerImpl.java:setRole(184)) - b6ed77c0-0909-418c-a0c6-e1477b4e10c3@group-9C7A8CA2BF57: changes role from  FOLLOWER to FOLLOWER at term 5 for recognizeCandidate:67511f02-1a53-40d3-ad7c-17f75ce9e42c
2019-10-19 00:50:10,513 [grpc-default-executor-7] INFO  impl.RoleInfo (RoleInfo.java:shutdownFollowerState(121)) - aac91d0e-90b3-4924-955b-30866d4fff78: shutdown FollowerState
2019-10-19 00:50:10,513 [grpc-default-executor-1] INFO  impl.RoleInfo (RoleInfo.java:shutdownFollowerState(121)) - b6ed77c0-0909-418c-a0c6-e1477b4e10c3: shutdown FollowerState
2019-10-19 00:50:10,514 [Thread-848] INFO  impl.FollowerState (FollowerState.java:run(117)) - aac91d0e-90b3-4924-955b-30866d4fff78@group-9C7A8CA2BF57-FollowerState was interrupted: java.lang.InterruptedException: sleep interrupted
2019-10-19 00:50:10,514 [grpc-default-executor-7] INFO  impl.RoleInfo (RoleInfo.java:updateAndGet(143)) - aac91d0e-90b3-4924-955b-30866d4fff78: start FollowerState
2019-10-19 00:50:10,514 [Thread-849] INFO  impl.FollowerState (FollowerState.java:run(117)) - b6ed77c0-0909-418c-a0c6-e1477b4e10c3@group-9C7A8CA2BF57-FollowerState was interrupted: java.lang.InterruptedException: sleep interrupted
2019-10-19 00:50:10,514 [grpc-default-executor-1] INFO  impl.RoleInfo (RoleInfo.java:updateAndGet(143)) - b6ed77c0-0909-418c-a0c6-e1477b4e10c3: start FollowerState
2019-10-19 00:50:10,519 [Thread-856] INFO  impl.FollowerState (FollowerState.java:run(108)) - aac91d0e-90b3-4924-955b-30866d4fff78@group-2DDA05B3685C-FollowerState: change to CANDIDATE, lastRpcTime:99ms, electionTimeout:99ms
2019-10-19 00:50:10,519 [Thread-856] INFO  impl.RoleInfo (RoleInfo.java:shutdownFollowerState(121)) - aac91d0e-90b3-4924-955b-30866d4fff78: shutdown FollowerState
2019-10-19 00:50:10,519 [Thread-856] INFO  impl.RaftServerImpl (RaftServerImpl.java:setRole(184)) - aac91d0e-90b3-4924-955b-30866d4fff78@group-2DDA05B3685C: changes role from  FOLLOWER to CANDIDATE at term 43 for changeToCandidate
2019-10-19 00:50:10,519 [Thread-856] INFO  impl.RoleInfo (RoleInfo.java:updateAndGet(143)) - aac91d0e-90b3-4924-955b-30866d4fff78: start LeaderElection
2019-10-19 00:50:10,529 [aac91d0e-90b3-4924-955b-30866d4fff78@group-2DDA05B3685C-LeaderElection47] INFO  impl.LeaderElection (LeaderElection.java:askForVotes(178)) - aac91d0e-90b3-4924-955b-30866d4fff78@group-2DDA05B3685C-LeaderElection47: begin an election at term 44 for 0: [67511f02-1a53-40d3-ad7c-17f75ce9e42c:192.168.157.213:45560, aac91d0e-90b3-4924-955b-30866d4fff78:192.168.157.213:41659, b6ed77c0-0909-418c-a0c6-e1477b4e10c3:192.168.157.213:33232], old=null
2019-10-19 00:50:10,530 [67511f02-1a53-40d3-ad7c-17f75ce9e42c@group-9C7A8CA2BF57-LeaderElection46] INFO  impl.LeaderElection (LeaderElection.java:logAndReturn(56)) - 67511f02-1a53-40d3-ad7c-17f75ce9e42c@group-9C7A8CA2BF57-LeaderElection46: Election REJECTED; received 2 response(s) [67511f02-1a53-40d3-ad7c-17f75ce9e42c<-aac91d0e-90b3-4924-955b-30866d4fff78#0:FAIL-t5, 67511f02-1a53-40d3-ad7c-17f75ce9e42c<-b6ed77c0-0909-418c-a0c6-e1477b4e10c3#0:FAIL-t5] and 0 exception(s); 67511f02-1a53-40d3-ad7c-17f75ce9e42c@group-9C7A8CA2BF57:t5, leader=null, voted=67511f02-1a53-40d3-ad7c-17f75ce9e42c, raftlog=67511f02-1a53-40d3-ad7c-17f75ce9e42c@group-9C7A8CA2BF57-SegmentedRaftLog:OPENED:c-1,f-1,i0, conf=-1: [67511f02-1a53-40d3-ad7c-17f75ce9e42c:192.168.157.213:45560, aac91d0e-90b3-4924-955b-30866d4fff78:192.168.157.213:41659, b6ed77c0-0909-418c-a0c6-e1477b4e10c3:192.168.157.213:33232], old=null
2019-10-19 00:50:10,530 [67511f02-1a53-40d3-ad7c-17f75ce9e42c@group-9C7A8CA2BF57-LeaderElection46] INFO  impl.RaftServerImpl (RaftServerImpl.java:setRole(184)) - 67511f02-1a53-40d3-ad7c-17f75ce9e42c@group-9C7A8CA2BF57: changes role from CANDIDATE to FOLLOWER at term 5 for DISCOVERED_A_NEW_TERM
2019-10-19 00:50:10,531 [67511f02-1a53-40d3-ad7c-17f75ce9e42c@group-9C7A8CA2BF57-LeaderElection46] INFO  impl.RoleInfo (RoleInfo.java:shutdownLeaderElection(134)) - 67511f02-1a53-40d3-ad7c-17f75ce9e42c: shutdown LeaderElection
2019-10-19 00:50:10,531 [67511f02-1a53-40d3-ad7c-17f75ce9e42c@group-9C7A8CA2BF57-LeaderElection46] INFO  impl.RoleInfo (RoleInfo.java:updateAndGet(143)) - 67511f02-1a53-40d3-ad7c-17f75ce9e42c: start FollowerState
2019-10-19 00:50:10,531 [grpc-default-executor-1] INFO  impl.RaftServerImpl (RaftServerImpl.java:setRole(184)) - 67511f02-1a53-40d3-ad7c-17f75ce9e42c@group-2DDA05B3685C: changes role from  FOLLOWER to FOLLOWER at term 44 for recognizeCandidate:aac91d0e-90b3-4924-955b-30866d4fff78
2019-10-19 00:50:10,531 [grpc-default-executor-1] INFO  impl.RoleInfo (RoleInfo.java:shutdownFollowerState(121)) - 67511f02-1a53-40d3-ad7c-17f75ce9e42c: shutdown FollowerState
2019-10-19 00:50:10,531 [grpc-default-executor-7] INFO  impl.RaftServerImpl (RaftServerImpl.java:setRole(184)) - b6ed77c0-0909-418c-a0c6-e1477b4e10c3@group-2DDA05B3685C: changes role from  FOLLOWER to FOLLOWER at term 44 for recognizeCandidate:aac91d0e-90b3-4924-955b-30866d4fff78
2019-10-19 00:50:10,531 [Thread-853] INFO  impl.FollowerState (FollowerState.java:run(117)) - 67511f02-1a53-40d3-ad7c-17f75ce9e42c@group-2DDA05B3685C-FollowerState was interrupted: java.lang.InterruptedException: sleep interrupted
2019-10-19 00:50:10,531 [grpc-default-executor-1] INFO  impl.RoleInfo (RoleInfo.java:updateAndGet(143)) - 67511f02-1a53-40d3-ad7c-17f75ce9e42c: start FollowerState
2019-10-19 00:50:10,531 [grpc-default-executor-7] INFO  impl.RoleInfo (RoleInfo.java:shutdownFollowerState(121)) - b6ed77c0-0909-418c-a0c6-e1477b4e10c3: shutdown FollowerState
2019-10-19 00:50:10,532 [grpc-default-executor-7] INFO  impl.RoleInfo (RoleInfo.java:updateAndGet(143)) - b6ed77c0-0909-418c-a0c6-e1477b4e10c3: start FollowerState
2019-10-19 00:50:10,532 [Thread-854] INFO  impl.FollowerState (FollowerState.java:run(117)) - b6ed77c0-0909-418c-a0c6-e1477b4e10c3@group-2DDA05B3685C-FollowerState was interrupted: java.lang.InterruptedException: sleep interrupted
2019-10-19 00:50:10,546 [aac91d0e-90b3-4924-955b-30866d4fff78@group-2DDA05B3685C-LeaderElection47] INFO  impl.LeaderElection (LeaderElection.java:logAndReturn(56)) - aac91d0e-90b3-4924-955b-30866d4fff78@group-2DDA05B3685C-LeaderElection47: Election REJECTED; received 2 response(s) [aac91d0e-90b3-4924-955b-30866d4fff78<-67511f02-1a53-40d3-ad7c-17f75ce9e42c#0:FAIL-t44, aac91d0e-90b3-4924-955b-30866d4fff78<-b6ed77c0-0909-418c-a0c6-e1477b4e10c3#0:FAIL-t44] and 0 exception(s); aac91d0e-90b3-4924-955b-30866d4fff78@group-2DDA05B3685C:t44, leader=null, voted=aac91d0e-90b3-4924-955b-30866d4fff78, raftlog=aac91d0e-90b3-4924-955b-30866d4fff78@group-2DDA05B3685C-SegmentedRaftLog:OPENED:c3,f4,i4, conf=0: [67511f02-1a53-40d3-ad7c-17f75ce9e42c:192.168.157.213:45560, aac91d0e-90b3-4924-955b-30866d4fff78:192.168.157.213:41659, b6ed77c0-0909-418c-a0c6-e1477b4e10c3:192.168.157.213:33232], old=null
2019-10-19 00:50:10,546 [aac91d0e-90b3-4924-955b-30866d4fff78@group-2DDA05B3685C-LeaderElection47] INFO  impl.RaftServerImpl (RaftServerImpl.java:setRole(184)) - aac91d0e-90b3-4924-955b-30866d4fff78@group-2DDA05B3685C: changes role from CANDIDATE to FOLLOWER at term 44 for DISCOVERED_A_NEW_TERM
2019-10-19 00:50:10,546 [aac91d0e-90b3-4924-955b-30866d4fff78@group-2DDA05B3685C-LeaderElection47] INFO  impl.RoleInfo (RoleInfo.java:shutdownLeaderElection(134)) - aac91d0e-90b3-4924-955b-30866d4fff78: shutdown LeaderElection
2019-10-19 00:50:10,546 [aac91d0e-90b3-4924-955b-30866d4fff78@group-2DDA05B3685C-LeaderElection47] INFO  impl.RoleInfo (RoleInfo.java:updateAndGet(143)) - aac91d0e-90b3-4924-955b-30866d4fff78: start FollowerState
2019-10-19 00:50:10,612 [EventQueue-PendingDeleteStatusForPendingDeleteHandler] INFO  block.SCMBlockDeletingService (SCMBlockDeletingService.java:handlePendingDeletes(115)) - Block deletion txnID mismatch in datanode aac91d0e-90b3-4924-955b-30866d4fff78 for containerID 1. Datanode delete txnID: 0, SCM txnID: 1
2019-10-19 00:50:10,693 [Thread-865] INFO  impl.FollowerState (FollowerState.java:run(108)) - 67511f02-1a53-40d3-ad7c-17f75ce9e42c@group-9C7A8CA2BF57-FollowerState: change to CANDIDATE, lastRpcTime:162ms, electionTimeout:162ms
2019-10-19 00:50:10,693 [Thread-865] INFO  impl.RoleInfo (RoleInfo.java:shutdownFollowerState(121)) - 67511f02-1a53-40d3-ad7c-17f75ce9e42c: shutdown FollowerState
2019-10-19 00:50:10,693 [Thread-865] INFO  impl.RaftServerImpl (RaftServerImpl.java:setRole(184)) - 67511f02-1a53-40d3-ad7c-17f75ce9e42c@group-9C7A8CA2BF57: changes role from  FOLLOWER to CANDIDATE at term 5 for changeToCandidate
2019-10-19 00:50:10,693 [Thread-865] INFO  impl.RoleInfo (RoleInfo.java:updateAndGet(143)) - 67511f02-1a53-40d3-ad7c-17f75ce9e42c: start LeaderElection
2019-10-19 00:50:10,707 [67511f02-1a53-40d3-ad7c-17f75ce9e42c@group-9C7A8CA2BF57-LeaderElection48] INFO  impl.LeaderElection (LeaderElection.java:askForVotes(178)) - 67511f02-1a53-40d3-ad7c-17f75ce9e42c@group-9C7A8CA2BF57-LeaderElection48: begin an election at term 6 for -1: [67511f02-1a53-40d3-ad7c-17f75ce9e42c:192.168.157.213:45560, aac91d0e-90b3-4924-955b-30866d4fff78:192.168.157.213:41659, b6ed77c0-0909-418c-a0c6-e1477b4e10c3:192.168.157.213:33232], old=null
2019-10-19 00:50:10,709 [grpc-default-executor-7] INFO  impl.RaftServerImpl (RaftServerImpl.java:setRole(184)) - aac91d0e-90b3-4924-955b-30866d4fff78@group-9C7A8CA2BF57: changes role from  FOLLOWER to FOLLOWER at term 6 for recognizeCandidate:67511f02-1a53-40d3-ad7c-17f75ce9e42c
2019-10-19 00:50:10,709 [grpc-default-executor-1] INFO  impl.RaftServerImpl (RaftServerImpl.java:setRole(184)) - b6ed77c0-0909-418c-a0c6-e1477b4e10c3@group-9C7A8CA2BF57: changes role from  FOLLOWER to FOLLOWER at term 6 for recognizeCandidate:67511f02-1a53-40d3-ad7c-17f75ce9e42c
2019-10-19 00:50:10,709 [grpc-default-executor-7] INFO  impl.RoleInfo (RoleInfo.java:shutdownFollowerState(121)) - aac91d0e-90b3-4924-955b-30866d4fff78: shutdown FollowerState
2019-10-19 00:50:10,710 [grpc-default-executor-1] INFO  impl.RoleInfo (RoleInfo.java:shutdownFollowerState(121)) - b6ed77c0-0909-418c-a0c6-e1477b4e10c3: shutdown FollowerState
2019-10-19 00:50:10,710 [Thread-860] INFO  impl.FollowerState (FollowerState.java:run(117)) - aac91d0e-90b3-4924-955b-30866d4fff78@group-9C7A8CA2BF57-FollowerState was interrupted: java.lang.InterruptedException: sleep interrupted
2019-10-19 00:50:10,710 [grpc-default-executor-7] INFO  impl.RoleInfo (RoleInfo.java:updateAndGet(143)) - aac91d0e-90b3-4924-955b-30866d4fff78: start FollowerState
2019-10-19 00:50:10,710 [Thread-861] INFO  impl.FollowerState (FollowerState.java:run(117)) - b6ed77c0-0909-418c-a0c6-e1477b4e10c3@group-9C7A8CA2BF57-FollowerState was interrupted: java.lang.InterruptedException: sleep interrupted
2019-10-19 00:50:10,710 [grpc-default-executor-1] INFO  impl.RoleInfo (RoleInfo.java:updateAndGet(143)) - b6ed77c0-0909-418c-a0c6-e1477b4e10c3: start FollowerState
2019-10-19 00:50:10,723 [Thread-868] INFO  impl.FollowerState (FollowerState.java:run(108)) - aac91d0e-90b3-4924-955b-30866d4fff78@group-2DDA05B3685C-FollowerState: change to CANDIDATE, lastRpcTime:176ms, electionTimeout:176ms
2019-10-19 00:50:10,723 [Thread-868] INFO  impl.RoleInfo (RoleInfo.java:shutdownFollowerState(121)) - aac91d0e-90b3-4924-955b-30866d4fff78: shutdown FollowerState
2019-10-19 00:50:10,723 [Thread-868] INFO  impl.RaftServerImpl (RaftServerImpl.java:setRole(184)) - aac91d0e-90b3-4924-955b-30866d4fff78@group-2DDA05B3685C: changes role from  FOLLOWER to CANDIDATE at term 44 for changeToCandidate
2019-10-19 00:50:10,723 [Thread-868] INFO  impl.RoleInfo (RoleInfo.java:updateAndGet(143)) - aac91d0e-90b3-4924-955b-30866d4fff78: start LeaderElection
2019-10-19 00:50:10,725 [67511f02-1a53-40d3-ad7c-17f75ce9e42c@group-9C7A8CA2BF57-LeaderElection48] INFO  impl.LeaderElection (LeaderElection.java:logAndReturn(56)) - 67511f02-1a53-40d3-ad7c-17f75ce9e42c@group-9C7A8CA2BF57-LeaderElection48: Election REJECTED; received 2 response(s) [67511f02-1a53-40d3-ad7c-17f75ce9e42c<-aac91d0e-90b3-4924-955b-30866d4fff78#0:FAIL-t6, 67511f02-1a53-40d3-ad7c-17f75ce9e42c<-b6ed77c0-0909-418c-a0c6-e1477b4e10c3#0:FAIL-t6] and 0 exception(s); 67511f02-1a53-40d3-ad7c-17f75ce9e42c@group-9C7A8CA2BF57:t6, leader=null, voted=67511f02-1a53-40d3-ad7c-17f75ce9e42c, raftlog=67511f02-1a53-40d3-ad7c-17f75ce9e42c@group-9C7A8CA2BF57-SegmentedRaftLog:OPENED:c-1,f-1,i0, conf=-1: [67511f02-1a53-40d3-ad7c-17f75ce9e42c:192.168.157.213:45560, aac91d0e-90b3-4924-955b-30866d4fff78:192.168.157.213:41659, b6ed77c0-0909-418c-a0c6-e1477b4e10c3:192.168.157.213:33232], old=null
2019-10-19 00:50:10,725 [67511f02-1a53-40d3-ad7c-17f75ce9e42c@group-9C7A8CA2BF57-LeaderElection48] INFO  impl.RaftServerImpl (RaftServerImpl.java:setRole(184)) - 67511f02-1a53-40d3-ad7c-17f75ce9e42c@group-9C7A8CA2BF57: changes role from CANDIDATE to FOLLOWER at term 6 for DISCOVERED_A_NEW_TERM
2019-10-19 00:50:10,725 [67511f02-1a53-40d3-ad7c-17f75ce9e42c@group-9C7A8CA2BF57-LeaderElection48] INFO  impl.RoleInfo (RoleInfo.java:shutdownLeaderElection(134)) - 67511f02-1a53-40d3-ad7c-17f75ce9e42c: shutdown LeaderElection
2019-10-19 00:50:10,725 [67511f02-1a53-40d3-ad7c-17f75ce9e42c@group-9C7A8CA2BF57-LeaderElection48] INFO  impl.RoleInfo (RoleInfo.java:updateAndGet(143)) - 67511f02-1a53-40d3-ad7c-17f75ce9e42c: start FollowerState
2019-10-19 00:50:10,727 [aac91d0e-90b3-4924-955b-30866d4fff78@group-2DDA05B3685C-LeaderElection49] INFO  impl.LeaderElection (LeaderElection.java:askForVotes(178)) - aac91d0e-90b3-4924-955b-30866d4fff78@group-2DDA05B3685C-LeaderElection49: begin an election at term 45 for 0: [67511f02-1a53-40d3-ad7c-17f75ce9e42c:192.168.157.213:45560, aac91d0e-90b3-4924-955b-30866d4fff78:192.168.157.213:41659, b6ed77c0-0909-418c-a0c6-e1477b4e10c3:192.168.157.213:33232], old=null
2019-10-19 00:50:10,729 [grpc-default-executor-1] INFO  impl.RaftServerImpl (RaftServerImpl.java:setRole(184)) - 67511f02-1a53-40d3-ad7c-17f75ce9e42c@group-2DDA05B3685C: changes role from  FOLLOWER to FOLLOWER at term 45 for recognizeCandidate:aac91d0e-90b3-4924-955b-30866d4fff78
2019-10-19 00:50:10,729 [grpc-default-executor-7] INFO  impl.RaftServerImpl (RaftServerImpl.java:setRole(184)) - b6ed77c0-0909-418c-a0c6-e1477b4e10c3@group-2DDA05B3685C: changes role from  FOLLOWER to FOLLOWER at term 45 for recognizeCandidate:aac91d0e-90b3-4924-955b-30866d4fff78
2019-10-19 00:50:10,729 [grpc-default-executor-1] INFO  impl.RoleInfo (RoleInfo.java:shutdownFollowerState(121)) - 67511f02-1a53-40d3-ad7c-17f75ce9e42c: shutdown FollowerState
2019-10-19 00:50:10,730 [grpc-default-executor-7] INFO  impl.RoleInfo (RoleInfo.java:shutdownFollowerState(121)) - b6ed77c0-0909-418c-a0c6-e1477b4e10c3: shutdown FollowerState
2019-10-19 00:50:10,730 [Thread-866] INFO  impl.FollowerState (FollowerState.java:run(117)) - 67511f02-1a53-40d3-ad7c-17f75ce9e42c@group-2DDA05B3685C-FollowerState was interrupted: java.lang.InterruptedException: sleep interrupted
2019-10-19 00:50:10,730 [grpc-default-executor-1] INFO  impl.RoleInfo (RoleInfo.java:updateAndGet(143)) - 67511f02-1a53-40d3-ad7c-17f75ce9e42c: start FollowerState
2019-10-19 00:50:10,730 [Thread-867] INFO  impl.FollowerState (FollowerState.java:run(117)) - b6ed77c0-0909-418c-a0c6-e1477b4e10c3@group-2DDA05B3685C-FollowerState was interrupted: java.lang.InterruptedException: sleep interrupted
2019-10-19 00:50:10,730 [grpc-default-executor-7] INFO  impl.RoleInfo (RoleInfo.java:updateAndGet(143)) - b6ed77c0-0909-418c-a0c6-e1477b4e10c3: start FollowerState
2019-10-19 00:50:10,742 [aac91d0e-90b3-4924-955b-30866d4fff78@group-2DDA05B3685C-LeaderElection49] INFO  impl.LeaderElection (LeaderElection.java:logAndReturn(56)) - aac91d0e-90b3-4924-955b-30866d4fff78@group-2DDA05B3685C-LeaderElection49: Election REJECTED; received 2 response(s) [aac91d0e-90b3-4924-955b-30866d4fff78<-67511f02-1a53-40d3-ad7c-17f75ce9e42c#0:FAIL-t45, aac91d0e-90b3-4924-955b-30866d4fff78<-b6ed77c0-0909-418c-a0c6-e1477b4e10c3#0:FAIL-t45] and 0 exception(s); aac91d0e-90b3-4924-955b-30866d4fff78@group-2DDA05B3685C:t45, leader=null, voted=aac91d0e-90b3-4924-955b-30866d4fff78, raftlog=aac91d0e-90b3-4924-955b-30866d4fff78@group-2DDA05B3685C-SegmentedRaftLog:OPENED:c3,f4,i4, conf=0: [67511f02-1a53-40d3-ad7c-17f75ce9e42c:192.168.157.213:45560, aac91d0e-90b3-4924-955b-30866d4fff78:192.168.157.213:41659, b6ed77c0-0909-418c-a0c6-e1477b4e10c3:192.168.157.213:33232], old=null
2019-10-19 00:50:10,742 [aac91d0e-90b3-4924-955b-30866d4fff78@group-2DDA05B3685C-LeaderElection49] INFO  impl.RaftServerImpl (RaftServerImpl.java:setRole(184)) - aac91d0e-90b3-4924-955b-30866d4fff78@group-2DDA05B3685C: changes role from CANDIDATE to FOLLOWER at term 45 for DISCOVERED_A_NEW_TERM
2019-10-19 00:50:10,742 [aac91d0e-90b3-4924-955b-30866d4fff78@group-2DDA05B3685C-LeaderElection49] INFO  impl.RoleInfo (RoleInfo.java:shutdownLeaderElection(134)) - aac91d0e-90b3-4924-955b-30866d4fff78: shutdown LeaderElection
2019-10-19 00:50:10,743 [aac91d0e-90b3-4924-955b-30866d4fff78@group-2DDA05B3685C-LeaderElection49] INFO  impl.RoleInfo (RoleInfo.java:updateAndGet(143)) - aac91d0e-90b3-4924-955b-30866d4fff78: start FollowerState
2019-10-19 00:50:10,746 [Thread-880] INFO  impl.FollowerState (FollowerState.java:run(108)) - aac91d0e-90b3-4924-955b-30866d4fff78@group-2DDA05B3685C-FollowerState: change to CANDIDATE, lastRpcTime:3ms, electionTimeout:3ms
2019-10-19 00:50:10,746 [Thread-880] INFO  impl.RoleInfo (RoleInfo.java:shutdownFollowerState(121)) - aac91d0e-90b3-4924-955b-30866d4fff78: shutdown FollowerState
2019-10-19 00:50:10,746 [Thread-880] INFO  impl.RaftServerImpl (RaftServerImpl.java:setRole(184)) - aac91d0e-90b3-4924-955b-30866d4fff78@group-2DDA05B3685C: changes role from  FOLLOWER to CANDIDATE at term 45 for changeToCandidate
2019-10-19 00:50:10,746 [Thread-880] INFO  impl.RoleInfo (RoleInfo.java:updateAndGet(143)) - aac91d0e-90b3-4924-955b-30866d4fff78: start LeaderElection
2019-10-19 00:50:10,753 [Thread-875] INFO  impl.FollowerState (FollowerState.java:run(108)) - 67511f02-1a53-40d3-ad7c-17f75ce9e42c@group-9C7A8CA2BF57-FollowerState: change to CANDIDATE, lastRpcTime:27ms, electionTimeout:27ms
2019-10-19 00:50:10,753 [Thread-875] INFO  impl.RoleInfo (RoleInfo.java:shutdownFollowerState(121)) - 67511f02-1a53-40d3-ad7c-17f75ce9e42c: shutdown FollowerState
2019-10-19 00:50:10,753 [Thread-875] INFO  impl.RaftServerImpl (RaftServerImpl.java:setRole(184)) - 67511f02-1a53-40d3-ad7c-17f75ce9e42c@group-9C7A8CA2BF57: changes role from  FOLLOWER to CANDIDATE at term 6 for changeToCandidate
2019-10-19 00:50:10,753 [Thread-875] INFO  impl.RoleInfo (RoleInfo.java:updateAndGet(143)) - 67511f02-1a53-40d3-ad7c-17f75ce9e42c: start LeaderElection
2019-10-19 00:50:10,768 [aac91d0e-90b3-4924-955b-30866d4fff78@group-2DDA05B3685C-LeaderElection50] INFO  impl.LeaderElection (LeaderElection.java:askForVotes(178)) - aac91d0e-90b3-4924-955b-30866d4fff78@group-2DDA05B3685C-LeaderElection50: begin an election at term 46 for 0: [67511f02-1a53-40d3-ad7c-17f75ce9e42c:192.168.157.213:45560, aac91d0e-90b3-4924-955b-30866d4fff78:192.168.157.213:41659, b6ed77c0-0909-418c-a0c6-e1477b4e10c3:192.168.157.213:33232], old=null
2019-10-19 00:50:10,768 [67511f02-1a53-40d3-ad7c-17f75ce9e42c@group-9C7A8CA2BF57-LeaderElection51] INFO  impl.LeaderElection (LeaderElection.java:askForVotes(178)) - 67511f02-1a53-40d3-ad7c-17f75ce9e42c@group-9C7A8CA2BF57-LeaderElection51: begin an election at term 7 for -1: [67511f02-1a53-40d3-ad7c-17f75ce9e42c:192.168.157.213:45560, aac91d0e-90b3-4924-955b-30866d4fff78:192.168.157.213:41659, b6ed77c0-0909-418c-a0c6-e1477b4e10c3:192.168.157.213:33232], old=null
2019-10-19 00:50:10,770 [grpc-default-executor-7] INFO  impl.RaftServerImpl (RaftServerImpl.java:setRole(184)) - b6ed77c0-0909-418c-a0c6-e1477b4e10c3@group-2DDA05B3685C: changes role from  FOLLOWER to FOLLOWER at term 46 for recognizeCandidate:aac91d0e-90b3-4924-955b-30866d4fff78
2019-10-19 00:50:10,771 [grpc-default-executor-7] INFO  impl.RoleInfo (RoleInfo.java:shutdownFollowerState(121)) - b6ed77c0-0909-418c-a0c6-e1477b4e10c3: shutdown FollowerState
2019-10-19 00:50:10,771 [grpc-default-executor-2] INFO  impl.RaftServerImpl (RaftServerImpl.java:setRole(184)) - 67511f02-1a53-40d3-ad7c-17f75ce9e42c@group-2DDA05B3685C: changes role from  FOLLOWER to FOLLOWER at term 46 for recognizeCandidate:aac91d0e-90b3-4924-955b-30866d4fff78
2019-10-19 00:50:10,771 [grpc-default-executor-1] INFO  impl.RaftServerImpl (RaftServerImpl.java:setRole(184)) - aac91d0e-90b3-4924-955b-30866d4fff78@group-9C7A8CA2BF57: changes role from  FOLLOWER to FOLLOWER at term 7 for recognizeCandidate:67511f02-1a53-40d3-ad7c-17f75ce9e42c
2019-10-19 00:50:10,771 [Thread-879] INFO  impl.FollowerState (FollowerState.java:run(117)) - b6ed77c0-0909-418c-a0c6-e1477b4e10c3@group-2DDA05B3685C-FollowerState was interrupted: java.lang.InterruptedException: sleep interrupted
2019-10-19 00:50:10,771 [grpc-default-executor-7] INFO  impl.RoleInfo (RoleInfo.java:updateAndGet(143)) - b6ed77c0-0909-418c-a0c6-e1477b4e10c3: start FollowerState
2019-10-19 00:50:10,771 [grpc-default-executor-1] INFO  impl.RoleInfo (RoleInfo.java:shutdownFollowerState(121)) - aac91d0e-90b3-4924-955b-30866d4fff78: shutdown FollowerState
2019-10-19 00:50:10,771 [grpc-default-executor-0] INFO  impl.RaftServerImpl (RaftServerImpl.java:setRole(184)) - b6ed77c0-0909-418c-a0c6-e1477b4e10c3@group-9C7A8CA2BF57: changes role from  FOLLOWER to FOLLOWER at term 7 for recognizeCandidate:67511f02-1a53-40d3-ad7c-17f75ce9e42c
2019-10-19 00:50:10,771 [grpc-default-executor-2] INFO  impl.RoleInfo (RoleInfo.java:shutdownFollowerState(121)) - 67511f02-1a53-40d3-ad7c-17f75ce9e42c: shutdown FollowerState
2019-10-19 00:50:10,772 [grpc-default-executor-0] INFO  impl.RoleInfo (RoleInfo.java:shutdownFollowerState(121)) - b6ed77c0-0909-418c-a0c6-e1477b4e10c3: shutdown FollowerState
2019-10-19 00:50:10,771 [grpc-default-executor-1] INFO  impl.RoleInfo (RoleInfo.java:updateAndGet(143)) - aac91d0e-90b3-4924-955b-30866d4fff78: start FollowerState
2019-10-19 00:50:10,771 [Thread-872] INFO  impl.FollowerState (FollowerState.java:run(117)) - aac91d0e-90b3-4924-955b-30866d4fff78@group-9C7A8CA2BF57-FollowerState was interrupted: java.lang.InterruptedException: sleep interrupted
2019-10-19 00:50:10,772 [Thread-873] INFO  impl.FollowerState (FollowerState.java:run(117)) - b6ed77c0-0909-418c-a0c6-e1477b4e10c3@group-9C7A8CA2BF57-FollowerState was interrupted: java.lang.InterruptedException: sleep interrupted
2019-10-19 00:50:10,772 [grpc-default-executor-0] INFO  impl.RoleInfo (RoleInfo.java:updateAndGet(143)) - b6ed77c0-0909-418c-a0c6-e1477b4e10c3: start FollowerState
2019-10-19 00:50:10,772 [Thread-878] INFO  impl.FollowerState (FollowerState.java:run(117)) - 67511f02-1a53-40d3-ad7c-17f75ce9e42c@group-2DDA05B3685C-FollowerState was interrupted: java.lang.InterruptedException: sleep interrupted
2019-10-19 00:50:10,772 [grpc-default-executor-2] INFO  impl.RoleInfo (RoleInfo.java:updateAndGet(143)) - 67511f02-1a53-40d3-ad7c-17f75ce9e42c: start FollowerState
2019-10-19 00:50:10,785 [67511f02-1a53-40d3-ad7c-17f75ce9e42c@group-9C7A8CA2BF57-LeaderElection51] INFO  impl.LeaderElection (LeaderElection.java:logAndReturn(56)) - 67511f02-1a53-40d3-ad7c-17f75ce9e42c@group-9C7A8CA2BF57-LeaderElection51: Election REJECTED; received 2 response(s) [67511f02-1a53-40d3-ad7c-17f75ce9e42c<-aac91d0e-90b3-4924-955b-30866d4fff78#0:FAIL-t7, 67511f02-1a53-40d3-ad7c-17f75ce9e42c<-b6ed77c0-0909-418c-a0c6-e1477b4e10c3#0:FAIL-t7] and 0 exception(s); 67511f02-1a53-40d3-ad7c-17f75ce9e42c@group-9C7A8CA2BF57:t7, leader=null, voted=67511f02-1a53-40d3-ad7c-17f75ce9e42c, raftlog=67511f02-1a53-40d3-ad7c-17f75ce9e42c@group-9C7A8CA2BF57-SegmentedRaftLog:OPENED:c-1,f-1,i0, conf=-1: [67511f02-1a53-40d3-ad7c-17f75ce9e42c:192.168.157.213:45560, aac91d0e-90b3-4924-955b-30866d4fff78:192.168.157.213:41659, b6ed77c0-0909-418c-a0c6-e1477b4e10c3:192.168.157.213:33232], old=null
2019-10-19 00:50:10,785 [aac91d0e-90b3-4924-955b-30866d4fff78@group-2DDA05B3685C-LeaderElection50] INFO  impl.LeaderElection (LeaderElection.java:logAndReturn(56)) - aac91d0e-90b3-4924-955b-30866d4fff78@group-2DDA05B3685C-LeaderElection50: Election REJECTED; received 2 response(s) [aac91d0e-90b3-4924-955b-30866d4fff78<-67511f02-1a53-40d3-ad7c-17f75ce9e42c#0:FAIL-t46, aac91d0e-90b3-4924-955b-30866d4fff78<-b6ed77c0-0909-418c-a0c6-e1477b4e10c3#0:FAIL-t46] and 0 exception(s); aac91d0e-90b3-4924-955b-30866d4fff78@group-2DDA05B3685C:t46, leader=null, voted=aac91d0e-90b3-4924-955b-30866d4fff78, raftlog=aac91d0e-90b3-4924-955b-30866d4fff78@group-2DDA05B3685C-SegmentedRaftLog:OPENED:c3,f4,i4, conf=0: [67511f02-1a53-40d3-ad7c-17f75ce9e42c:192.168.157.213:45560, aac91d0e-90b3-4924-955b-30866d4fff78:192.168.157.213:41659, b6ed77c0-0909-418c-a0c6-e1477b4e10c3:192.168.157.213:33232], old=null
2019-10-19 00:50:10,786 [67511f02-1a53-40d3-ad7c-17f75ce9e42c@group-9C7A8CA2BF57-LeaderElection51] INFO  impl.RaftServerImpl (RaftServerImpl.java:setRole(184)) - 67511f02-1a53-40d3-ad7c-17f75ce9e42c@group-9C7A8CA2BF57: changes role from CANDIDATE to FOLLOWER at term 7 for DISCOVERED_A_NEW_TERM
2019-10-19 00:50:10,786 [aac91d0e-90b3-4924-955b-30866d4fff78@group-2DDA05B3685C-LeaderElection50] INFO  impl.RaftServerImpl (RaftServerImpl.java:setRole(184)) - aac91d0e-90b3-4924-955b-30866d4fff78@group-2DDA05B3685C: changes role from CANDIDATE to FOLLOWER at term 46 for DISCOVERED_A_NEW_TERM
2019-10-19 00:50:10,786 [67511f02-1a53-40d3-ad7c-17f75ce9e42c@group-9C7A8CA2BF57-LeaderElection51] INFO  impl.RoleInfo (RoleInfo.java:shutdownLeaderElection(134)) - 67511f02-1a53-40d3-ad7c-17f75ce9e42c: shutdown LeaderElection
2019-10-19 00:50:10,786 [aac91d0e-90b3-4924-955b-30866d4fff78@group-2DDA05B3685C-LeaderElection50] INFO  impl.RoleInfo (RoleInfo.java:shutdownLeaderElection(134)) - aac91d0e-90b3-4924-955b-30866d4fff78: shutdown LeaderElection
2019-10-19 00:50:10,786 [67511f02-1a53-40d3-ad7c-17f75ce9e42c@group-9C7A8CA2BF57-LeaderElection51] INFO  impl.RoleInfo (RoleInfo.java:updateAndGet(143)) - 67511f02-1a53-40d3-ad7c-17f75ce9e42c: start FollowerState
2019-10-19 00:50:10,786 [aac91d0e-90b3-4924-955b-30866d4fff78@group-2DDA05B3685C-LeaderElection50] INFO  impl.RoleInfo (RoleInfo.java:updateAndGet(143)) - aac91d0e-90b3-4924-955b-30866d4fff78: start FollowerState
2019-10-19 00:50:10,804 [pool-7-thread-1] INFO  commands.RetriableDatanodeEventWatcher (RetriableDatanodeEventWatcher.java:onTimeout(47)) - RetriableDatanodeCommand type=deleteBlocksCommand with id=1571446202802 timed out. Retrying.
2019-10-19 00:50:10,804 [pool-7-thread-5] INFO  commands.RetriableDatanodeEventWatcher (RetriableDatanodeEventWatcher.java:onTimeout(47)) - RetriableDatanodeCommand type=deleteBlocksCommand with id=1571446202804 timed out. Retrying.
2019-10-19 00:50:10,806 [pool-7-thread-5] INFO  commands.RetriableDatanodeEventWatcher (RetriableDatanodeEventWatcher.java:onTimeout(47)) - RetriableDatanodeCommand type=deleteBlocksCommand with id=1571446202800 timed out. Retrying.
2019-10-19 00:50:10,806 [pool-7-thread-2] INFO  commands.RetriableDatanodeEventWatcher (RetriableDatanodeEventWatcher.java:onTimeout(47)) - RetriableDatanodeCommand type=deleteBlocksCommand with id=1571446202806 timed out. Retrying.
2019-10-19 00:50:10,806 [pool-7-thread-4] INFO  commands.RetriableDatanodeEventWatcher (RetriableDatanodeEventWatcher.java:onTimeout(47)) - RetriableDatanodeCommand type=deleteBlocksCommand with id=1571446202808 timed out. Retrying.
2019-10-19 00:50:10,806 [pool-7-thread-1] INFO  commands.RetriableDatanodeEventWatcher (RetriableDatanodeEventWatcher.java:onTimeout(47)) - RetriableDatanodeCommand type=deleteBlocksCommand with id=1571446202807 timed out. Retrying.
2019-10-19 00:50:10,807 [pool-7-thread-3] INFO  commands.RetriableDatanodeEventWatcher (RetriableDatanodeEventWatcher.java:onTimeout(47)) - RetriableDatanodeCommand type=deleteBlocksCommand with id=1571446202805 timed out. Retrying.
2019-10-19 00:50:10,807 [pool-7-thread-3] INFO  commands.RetriableDatanodeEventWatcher (RetriableDatanodeEventWatcher.java:onTimeout(47)) - RetriableDatanodeCommand type=deleteBlocksCommand with id=1571446202809 timed out. Retrying.
2019-10-19 00:50:10,807 [SCMBlockDeletingService#1] INFO  block.SCMBlockDeletingService (SCMBlockDeletingService.java:call(184)) - Totally added 1 delete blocks command for 1 datanodes, task elapsed time: 1ms
2019-10-19 00:50:10,812 [EventQueue-PendingDeleteStatusForPendingDeleteHandler] INFO  block.SCMBlockDeletingService (SCMBlockDeletingService.java:handlePendingDeletes(115)) - Block deletion txnID mismatch in datanode aac91d0e-90b3-4924-955b-30866d4fff78 for containerID 1. Datanode delete txnID: 0, SCM txnID: 1
2019-10-19 00:50:10,923 [Command processor thread] INFO  commandhandler.DeleteBlocksCommandHandler (DeleteBlocksCommandHandler.java:handle(106)) - Start to delete container blocks, TXIDs=[1(0)], numOfContainers=1, numOfBlocks=1
2019-10-19 00:50:10,924 [Command processor thread] INFO  commandhandler.DeleteBlocksCommandHandler (DeleteBlocksCommandHandler.java:handle(106)) - Start to delete container blocks, TXIDs=[1(2)], numOfContainers=1, numOfBlocks=1
2019-10-19 00:50:10,924 [Command processor thread] INFO  commandhandler.DeleteBlocksCommandHandler (DeleteBlocksCommandHandler.java:handle(106)) - Start to delete container blocks, TXIDs=[1(0)], numOfContainers=1, numOfBlocks=1
2019-10-19 00:50:10,924 [Command processor thread] INFO  commandhandler.DeleteBlocksCommandHandler (DeleteBlocksCommandHandler.java:handle(106)) - Start to delete container blocks, TXIDs=[1(2)], numOfContainers=1, numOfBlocks=1
2019-10-19 00:50:10,924 [Command processor thread] INFO  commandhandler.DeleteBlocksCommandHandler (DeleteBlocksCommandHandler.java:handle(106)) - Start to delete container blocks, TXIDs=[1(4)], numOfContainers=1, numOfBlocks=1
2019-10-19 00:50:10,925 [Command processor thread] INFO  commandhandler.DeleteBlocksCommandHandler (DeleteBlocksCommandHandler.java:handle(106)) - Start to delete container blocks, TXIDs=[1(0)], numOfContainers=1, numOfBlocks=1
2019-10-19 00:50:10,925 [Command processor thread] INFO  commandhandler.DeleteBlocksCommandHandler (DeleteBlocksCommandHandler.java:handle(106)) - Start to delete container blocks, TXIDs=[1(2)], numOfContainers=1, numOfBlocks=1
2019-10-19 00:50:10,925 [Command processor thread] INFO  commandhandler.DeleteBlocksCommandHandler (DeleteBlocksCommandHandler.java:handle(106)) - Start to delete container blocks, TXIDs=[1(4)], numOfContainers=1, numOfBlocks=1
2019-10-19 00:50:10,925 [Command processor thread] INFO  commandhandler.DeleteBlocksCommandHandler (DeleteBlocksCommandHandler.java:handle(106)) - Start to delete container blocks, TXIDs=[1(5)], numOfContainers=1, numOfBlocks=1
2019-10-19 00:50:10,926 [Command processor thread] INFO  commandhandler.DeleteBlocksCommandHandler (DeleteBlocksCommandHandler.java:handle(106)) - Start to delete container blocks, TXIDs=[1(0)], numOfContainers=1, numOfBlocks=1
2019-10-19 00:50:10,926 [Thread-891] INFO  impl.FollowerState (FollowerState.java:run(108)) - 67511f02-1a53-40d3-ad7c-17f75ce9e42c@group-9C7A8CA2BF57-FollowerState: change to CANDIDATE, lastRpcTime:139ms, electionTimeout:139ms
2019-10-19 00:50:10,926 [Thread-891] INFO  impl.RoleInfo (RoleInfo.java:shutdownFollowerState(121)) - 67511f02-1a53-40d3-ad7c-17f75ce9e42c: shutdown FollowerState
2019-10-19 00:50:10,926 [Command processor thread] INFO  commandhandler.DeleteBlocksCommandHandler (DeleteBlocksCommandHandler.java:handle(106)) - Start to delete container blocks, TXIDs=[1(2)], numOfContainers=1, numOfBlocks=1
2019-10-19 00:50:10,926 [Thread-891] INFO  impl.RaftServerImpl (RaftServerImpl.java:setRole(184)) - 67511f02-1a53-40d3-ad7c-17f75ce9e42c@group-9C7A8CA2BF57: changes role from  FOLLOWER to CANDIDATE at term 7 for changeToCandidate
2019-10-19 00:50:10,926 [Thread-891] INFO  impl.RoleInfo (RoleInfo.java:updateAndGet(143)) - 67511f02-1a53-40d3-ad7c-17f75ce9e42c: start LeaderElection
2019-10-19 00:50:10,926 [Command processor thread] INFO  commandhandler.DeleteBlocksCommandHandler (DeleteBlocksCommandHandler.java:handle(106)) - Start to delete container blocks, TXIDs=[1(5)], numOfContainers=1, numOfBlocks=1
2019-10-19 00:50:10,927 [Command processor thread] INFO  commandhandler.DeleteBlocksCommandHandler (DeleteBlocksCommandHandler.java:handle(106)) - Start to delete container blocks, TXIDs=[1(4)], numOfContainers=1, numOfBlocks=1
2019-10-19 00:50:10,927 [Command processor thread] INFO  commandhandler.DeleteBlocksCommandHandler (DeleteBlocksCommandHandler.java:handle(106)) - Start to delete container blocks, TXIDs=[1(5)], numOfContainers=1, numOfBlocks=1
2019-10-19 00:50:10,927 [Command processor thread] INFO  commandhandler.DeleteBlocksCommandHandler (DeleteBlocksCommandHandler.java:handle(106)) - Start to delete container blocks, TXIDs=[1(0)], numOfContainers=1, numOfBlocks=1
2019-10-19 00:50:10,927 [Command processor thread] INFO  commandhandler.DeleteBlocksCommandHandler (DeleteBlocksCommandHandler.java:handle(106)) - Start to delete container blocks, TXIDs=[1(5)], numOfContainers=1, numOfBlocks=1
2019-10-19 00:50:10,928 [Command processor thread] INFO  commandhandler.DeleteBlocksCommandHandler (DeleteBlocksCommandHandler.java:handle(106)) - Start to delete container blocks, TXIDs=[1(4)], numOfContainers=1, numOfBlocks=1
2019-10-19 00:50:10,928 [Command processor thread] INFO  commandhandler.DeleteBlocksCommandHandler (DeleteBlocksCommandHandler.java:handle(106)) - Start to delete container blocks, TXIDs=[1(2)], numOfContainers=1, numOfBlocks=1
2019-10-19 00:50:10,928 [Command processor thread] INFO  commandhandler.DeleteBlocksCommandHandler (DeleteBlocksCommandHandler.java:handle(106)) - Start to delete container blocks, TXIDs=[1(0)], numOfContainers=1, numOfBlocks=1
2019-10-19 00:50:10,928 [Command processor thread] INFO  commandhandler.DeleteBlocksCommandHandler (DeleteBlocksCommandHandler.java:handle(106)) - Start to delete container blocks, TXIDs=[1(5)], numOfContainers=1, numOfBlocks=1
2019-10-19 00:50:10,929 [Command processor thread] INFO  commandhandler.DeleteBlocksCommandHandler (DeleteBlocksCommandHandler.java:handle(106)) - Start to delete container blocks, TXIDs=[1(5)], numOfContainers=1, numOfBlocks=1
2019-10-19 00:50:10,929 [Command processor thread] INFO  commandhandler.DeleteBlocksCommandHandler (DeleteBlocksCommandHandler.java:handle(106)) - Start to delete container blocks, TXIDs=[1(2)], numOfContainers=1, numOfBlocks=1
2019-10-19 00:50:10,929 [Command processor thread] INFO  commandhandler.DeleteBlocksCommandHandler (DeleteBlocksCommandHandler.java:handle(106)) - Start to delete container blocks, TXIDs=[1(4)], numOfContainers=1, numOfBlocks=1
2019-10-19 00:50:10,929 [Command processor thread] INFO  commandhandler.DeleteBlocksCommandHandler (DeleteBlocksCommandHandler.java:handle(106)) - Start to delete container blocks, TXIDs=[1(0)], numOfContainers=1, numOfBlocks=1
2019-10-19 00:50:10,930 [Command processor thread] INFO  commandhandler.DeleteBlocksCommandHandler (DeleteBlocksCommandHandler.java:handle(106)) - Start to delete container blocks, TXIDs=[1(5)], numOfContainers=1, numOfBlocks=1
2019-10-19 00:50:10,930 [Command processor thread] INFO  commandhandler.DeleteBlocksCommandHandler (DeleteBlocksCommandHandler.java:handle(106)) - Start to delete container blocks, TXIDs=[1(5)], numOfContainers=1, numOfBlocks=1
2019-10-19 00:50:10,930 [Command processor thread] INFO  commandhandler.DeleteBlocksCommandHandler (DeleteBlocksCommandHandler.java:handle(106)) - Start to delete container blocks, TXIDs=[1(5)], numOfContainers=1, numOfBlocks=1
2019-10-19 00:50:10,930 [Command processor thread] INFO  commandhandler.DeleteBlocksCommandHandler (DeleteBlocksCommandHandler.java:handle(106)) - Start to delete container blocks, TXIDs=[1(5)], numOfContainers=1, numOfBlocks=1
2019-10-19 00:50:10,931 [Command processor thread] INFO  commandhandler.DeleteBlocksCommandHandler (DeleteBlocksCommandHandler.java:handle(106)) - Start to delete container blocks, TXIDs=[1(2)], numOfContainers=1, numOfBlocks=1
2019-10-19 00:50:10,931 [Command processor thread] INFO  commandhandler.DeleteBlocksCommandHandler (DeleteBlocksCommandHandler.java:handle(106)) - Start to delete container blocks, TXIDs=[1(4)], numOfContainers=1, numOfBlocks=1
2019-10-19 00:50:10,931 [Command processor thread] INFO  commandhandler.DeleteBlocksCommandHandler (DeleteBlocksCommandHandler.java:handle(106)) - Start to delete container blocks, TXIDs=[1(5)], numOfContainers=1, numOfBlocks=1
2019-10-19 00:50:10,931 [Command processor thread] INFO  commandhandler.DeleteBlocksCommandHandler (DeleteBlocksCommandHandler.java:handle(106)) - Start to delete container blocks, TXIDs=[1(0)], numOfContainers=1, numOfBlocks=1
2019-10-19 00:50:10,932 [Command processor thread] INFO  commandhandler.DeleteBlocksCommandHandler (DeleteBlocksCommandHandler.java:handle(106)) - Start to delete container blocks, TXIDs=[1(5)], numOfContainers=1, numOfBlocks=1
2019-10-19 00:50:10,932 [Command processor thread] INFO  commandhandler.DeleteBlocksCommandHandler (DeleteBlocksCommandHandler.java:handle(106)) - Start to delete container blocks, TXIDs=[1(5)], numOfContainers=1, numOfBlocks=1
2019-10-19 00:50:10,932 [Command processor thread] INFO  commandhandler.DeleteBlocksCommandHandler (DeleteBlocksCommandHandler.java:handle(106)) - Start to delete container blocks, TXIDs=[1(5)], numOfContainers=1, numOfBlocks=1
2019-10-19 00:50:10,932 [Command processor thread] INFO  commandhandler.DeleteBlocksCommandHandler (DeleteBlocksCommandHandler.java:handle(106)) - Start to delete container blocks, TXIDs=[1(5)], numOfContainers=1, numOfBlocks=1
2019-10-19 00:50:10,933 [Command processor thread] INFO  commandhandler.DeleteBlocksCommandHandler (DeleteBlocksCommandHandler.java:handle(106)) - Start to delete container blocks, TXIDs=[1(2)], numOfContainers=1, numOfBlocks=1
2019-10-19 00:50:10,933 [Command processor thread] INFO  commandhandler.DeleteBlocksCommandHandler (DeleteBlocksCommandHandler.java:handle(106)) - Start to delete container blocks, TXIDs=[1(4)], numOfContainers=1, numOfBlocks=1
2019-10-19 00:50:10,933 [Command processor thread] INFO  commandhandler.DeleteBlocksCommandHandler (DeleteBlocksCommandHandler.java:handle(106)) - Start to delete container blocks, TXIDs=[1(0)], numOfContainers=1, numOfBlocks=1
2019-10-19 00:50:10,933 [Command processor thread] INFO  commandhandler.DeleteBlocksCommandHandler (DeleteBlocksCommandHandler.java:handle(106)) - Start to delete container blocks, TXIDs=[1(5)], numOfContainers=1, numOfBlocks=1
2019-10-19 00:50:10,934 [Command processor thread] INFO  commandhandler.DeleteBlocksCommandHandler (DeleteBlocksCommandHandler.java:handle(106)) - Start to delete container blocks, TXIDs=[1(5)], numOfContainers=1, numOfBlocks=1
2019-10-19 00:50:10,934 [Command processor thread] INFO  commandhandler.DeleteBlocksCommandHandler (DeleteBlocksCommandHandler.java:handle(106)) - Start to delete container blocks, TXIDs=[1(5)], numOfContainers=1, numOfBlocks=1
2019-10-19 00:50:10,934 [Command processor thread] INFO  commandhandler.DeleteBlocksCommandHandler (DeleteBlocksCommandHandler.java:handle(106)) - Start to delete container blocks, TXIDs=[1(5)], numOfContainers=1, numOfBlocks=1
2019-10-19 00:50:10,934 [Command processor thread] INFO  commandhandler.DeleteBlocksCommandHandler (DeleteBlocksCommandHandler.java:handle(106)) - Start to delete container blocks, TXIDs=[1(41)], numOfContainers=1, numOfBlocks=1
2019-10-19 00:50:10,934 [Command processor thread] INFO  commandhandler.DeleteBlocksCommandHandler (DeleteBlocksCommandHandler.java:handle(106)) - Start to delete container blocks, TXIDs=[1(5)], numOfContainers=1, numOfBlocks=1
2019-10-19 00:50:10,940 [67511f02-1a53-40d3-ad7c-17f75ce9e42c@group-9C7A8CA2BF57-LeaderElection52] INFO  impl.LeaderElection (LeaderElection.java:askForVotes(178)) - 67511f02-1a53-40d3-ad7c-17f75ce9e42c@group-9C7A8CA2BF57-LeaderElection52: begin an election at term 8 for -1: [67511f02-1a53-40d3-ad7c-17f75ce9e42c:192.168.157.213:45560, aac91d0e-90b3-4924-955b-30866d4fff78:192.168.157.213:41659, b6ed77c0-0909-418c-a0c6-e1477b4e10c3:192.168.157.213:33232], old=null
2019-10-19 00:50:10,941 [Thread-892] INFO  impl.FollowerState (FollowerState.java:run(108)) - aac91d0e-90b3-4924-955b-30866d4fff78@group-2DDA05B3685C-FollowerState: change to CANDIDATE, lastRpcTime:154ms, electionTimeout:154ms
2019-10-19 00:50:10,941 [Thread-892] INFO  impl.RoleInfo (RoleInfo.java:shutdownFollowerState(121)) - aac91d0e-90b3-4924-955b-30866d4fff78: shutdown FollowerState
2019-10-19 00:50:10,941 [Thread-892] INFO  impl.RaftServerImpl (RaftServerImpl.java:setRole(184)) - aac91d0e-90b3-4924-955b-30866d4fff78@group-2DDA05B3685C: changes role from  FOLLOWER to CANDIDATE at term 46 for changeToCandidate
2019-10-19 00:50:10,941 [Thread-892] INFO  impl.RoleInfo (RoleInfo.java:updateAndGet(143)) - aac91d0e-90b3-4924-955b-30866d4fff78: start LeaderElection
2019-10-19 00:50:10,943 [grpc-default-executor-2] INFO  impl.RaftServerImpl (RaftServerImpl.java:setRole(184)) - aac91d0e-90b3-4924-955b-30866d4fff78@group-9C7A8CA2BF57: changes role from  FOLLOWER to FOLLOWER at term 8 for recognizeCandidate:67511f02-1a53-40d3-ad7c-17f75ce9e42c
2019-10-19 00:50:10,943 [grpc-default-executor-0] INFO  impl.RaftServerImpl (RaftServerImpl.java:setRole(184)) - b6ed77c0-0909-418c-a0c6-e1477b4e10c3@group-9C7A8CA2BF57: changes role from  FOLLOWER to FOLLOWER at term 8 for recognizeCandidate:67511f02-1a53-40d3-ad7c-17f75ce9e42c
2019-10-19 00:50:10,943 [grpc-default-executor-2] INFO  impl.RoleInfo (RoleInfo.java:shutdownFollowerState(121)) - aac91d0e-90b3-4924-955b-30866d4fff78: shutdown FollowerState
2019-10-19 00:50:10,943 [grpc-default-executor-0] INFO  impl.RoleInfo (RoleInfo.java:shutdownFollowerState(121)) - b6ed77c0-0909-418c-a0c6-e1477b4e10c3: shutdown FollowerState
2019-10-19 00:50:10,943 [Thread-888] INFO  impl.FollowerState (FollowerState.java:run(117)) - aac91d0e-90b3-4924-955b-30866d4fff78@group-9C7A8CA2BF57-FollowerState was interrupted: java.lang.InterruptedException: sleep interrupted
2019-10-19 00:50:10,943 [grpc-default-executor-2] INFO  impl.RoleInfo (RoleInfo.java:updateAndGet(143)) - aac91d0e-90b3-4924-955b-30866d4fff78: start FollowerState
2019-10-19 00:50:10,943 [grpc-default-executor-0] INFO  impl.RoleInfo (RoleInfo.java:updateAndGet(143)) - b6ed77c0-0909-418c-a0c6-e1477b4e10c3: start FollowerState
2019-10-19 00:50:10,943 [Thread-890] INFO  impl.FollowerState (FollowerState.java:run(117)) - b6ed77c0-0909-418c-a0c6-e1477b4e10c3@group-9C7A8CA2BF57-FollowerState was interrupted: java.lang.InterruptedException: sleep interrupted
2019-10-19 00:50:10,956 [aac91d0e-90b3-4924-955b-30866d4fff78@group-2DDA05B3685C-LeaderElection53] INFO  impl.LeaderElection (LeaderElection.java:askForVotes(178)) - aac91d0e-90b3-4924-955b-30866d4fff78@group-2DDA05B3685C-LeaderElection53: begin an election at term 47 for 0: [67511f02-1a53-40d3-ad7c-17f75ce9e42c:192.168.157.213:45560, aac91d0e-90b3-4924-955b-30866d4fff78:192.168.157.213:41659, b6ed77c0-0909-418c-a0c6-e1477b4e10c3:192.168.157.213:33232], old=null
2019-10-19 00:50:10,957 [67511f02-1a53-40d3-ad7c-17f75ce9e42c@group-9C7A8CA2BF57-LeaderElection52] INFO  impl.LeaderElection (LeaderElection.java:logAndReturn(56)) - 67511f02-1a53-40d3-ad7c-17f75ce9e42c@group-9C7A8CA2BF57-LeaderElection52: Election REJECTED; received 2 response(s) [67511f02-1a53-40d3-ad7c-17f75ce9e42c<-aac91d0e-90b3-4924-955b-30866d4fff78#0:FAIL-t8, 67511f02-1a53-40d3-ad7c-17f75ce9e42c<-b6ed77c0-0909-418c-a0c6-e1477b4e10c3#0:FAIL-t8] and 0 exception(s); 67511f02-1a53-40d3-ad7c-17f75ce9e42c@group-9C7A8CA2BF57:t8, leader=null, voted=67511f02-1a53-40d3-ad7c-17f75ce9e42c, raftlog=67511f02-1a53-40d3-ad7c-17f75ce9e42c@group-9C7A8CA2BF57-SegmentedRaftLog:OPENED:c-1,f-1,i0, conf=-1: [67511f02-1a53-40d3-ad7c-17f75ce9e42c:192.168.157.213:45560, aac91d0e-90b3-4924-955b-30866d4fff78:192.168.157.213:41659, b6ed77c0-0909-418c-a0c6-e1477b4e10c3:192.168.157.213:33232], old=null
2019-10-19 00:50:10,957 [67511f02-1a53-40d3-ad7c-17f75ce9e42c@group-9C7A8CA2BF57-LeaderElection52] INFO  impl.RaftServerImpl (RaftServerImpl.java:setRole(184)) - 67511f02-1a53-40d3-ad7c-17f75ce9e42c@group-9C7A8CA2BF57: changes role from CANDIDATE to FOLLOWER at term 8 for DISCOVERED_A_NEW_TERM
2019-10-19 00:50:10,957 [67511f02-1a53-40d3-ad7c-17f75ce9e42c@group-9C7A8CA2BF57-LeaderElection52] INFO  impl.RoleInfo (RoleInfo.java:shutdownLeaderElection(134)) - 67511f02-1a53-40d3-ad7c-17f75ce9e42c: shutdown LeaderElection
2019-10-19 00:50:10,957 [67511f02-1a53-40d3-ad7c-17f75ce9e42c@group-9C7A8CA2BF57-LeaderElection52] INFO  impl.RoleInfo (RoleInfo.java:updateAndGet(143)) - 67511f02-1a53-40d3-ad7c-17f75ce9e42c: start FollowerState
2019-10-19 00:50:10,958 [grpc-default-executor-0] INFO  impl.RaftServerImpl (RaftServerImpl.java:setRole(184)) - 67511f02-1a53-40d3-ad7c-17f75ce9e42c@group-2DDA05B3685C: changes role from  FOLLOWER to FOLLOWER at term 47 for recognizeCandidate:aac91d0e-90b3-4924-955b-30866d4fff78
2019-10-19 00:50:10,958 [grpc-default-executor-2] INFO  impl.RaftServerImpl (RaftServerImpl.java:setRole(184)) - b6ed77c0-0909-418c-a0c6-e1477b4e10c3@group-2DDA05B3685C: changes role from  FOLLOWER to FOLLOWER at term 47 for recognizeCandidate:aac91d0e-90b3-4924-955b-30866d4fff78
2019-10-19 00:50:10,958 [grpc-default-executor-0] INFO  impl.RoleInfo (RoleInfo.java:shutdownFollowerState(121)) - 67511f02-1a53-40d3-ad7c-17f75ce9e42c: shutdown FollowerState
2019-10-19 00:50:10,958 [grpc-default-executor-2] INFO  impl.RoleInfo (RoleInfo.java:shutdownFollowerState(121)) - b6ed77c0-0909-418c-a0c6-e1477b4e10c3: shutdown FollowerState
2019-10-19 00:50:10,958 [Thread-889] INFO  impl.FollowerState (FollowerState.java:run(117)) - 67511f02-1a53-40d3-ad7c-17f75ce9e42c@group-2DDA05B3685C-FollowerState was interrupted: java.lang.InterruptedException: sleep interrupted
2019-10-19 00:50:10,958 [Thread-887] INFO  impl.FollowerState (FollowerState.java:run(117)) - b6ed77c0-0909-418c-a0c6-e1477b4e10c3@group-2DDA05B3685C-FollowerState was interrupted: java.lang.InterruptedException: sleep interrupted
2019-10-19 00:50:10,958 [grpc-default-executor-0] INFO  impl.RoleInfo (RoleInfo.java:updateAndGet(143)) - 67511f02-1a53-40d3-ad7c-17f75ce9e42c: start FollowerState
2019-10-19 00:50:10,958 [grpc-default-executor-2] INFO  impl.RoleInfo (RoleInfo.java:updateAndGet(143)) - b6ed77c0-0909-418c-a0c6-e1477b4e10c3: start FollowerState
2019-10-19 00:50:10,973 [aac91d0e-90b3-4924-955b-30866d4fff78@group-2DDA05B3685C-LeaderElection53] INFO  impl.LeaderElection (LeaderElection.java:logAndReturn(56)) - aac91d0e-90b3-4924-955b-30866d4fff78@group-2DDA05B3685C-LeaderElection53: Election REJECTED; received 2 response(s) [aac91d0e-90b3-4924-955b-30866d4fff78<-67511f02-1a53-40d3-ad7c-17f75ce9e42c#0:FAIL-t47, aac91d0e-90b3-4924-955b-30866d4fff78<-b6ed77c0-0909-418c-a0c6-e1477b4e10c3#0:FAIL-t47] and 0 exception(s); aac91d0e-90b3-4924-955b-30866d4fff78@group-2DDA05B3685C:t47, leader=null, voted=aac91d0e-90b3-4924-955b-30866d4fff78, raftlog=aac91d0e-90b3-4924-955b-30866d4fff78@group-2DDA05B3685C-SegmentedRaftLog:OPENED:c3,f4,i4, conf=0: [67511f02-1a53-40d3-ad7c-17f75ce9e42c:192.168.157.213:45560, aac91d0e-90b3-4924-955b-30866d4fff78:192.168.157.213:41659, b6ed77c0-0909-418c-a0c6-e1477b4e10c3:192.168.157.213:33232], old=null
2019-10-19 00:50:10,973 [aac91d0e-90b3-4924-955b-30866d4fff78@group-2DDA05B3685C-LeaderElection53] INFO  impl.RaftServerImpl (RaftServerImpl.java:setRole(184)) - aac91d0e-90b3-4924-955b-30866d4fff78@group-2DDA05B3685C: changes role from CANDIDATE to FOLLOWER at term 47 for DISCOVERED_A_NEW_TERM
2019-10-19 00:50:10,973 [aac91d0e-90b3-4924-955b-30866d4fff78@group-2DDA05B3685C-LeaderElection53] INFO  impl.RoleInfo (RoleInfo.java:shutdownLeaderElection(134)) - aac91d0e-90b3-4924-955b-30866d4fff78: shutdown LeaderElection
2019-10-19 00:50:10,973 [aac91d0e-90b3-4924-955b-30866d4fff78@group-2DDA05B3685C-LeaderElection53] INFO  impl.RoleInfo (RoleInfo.java:updateAndGet(143)) - aac91d0e-90b3-4924-955b-30866d4fff78: start FollowerState
2019-10-19 00:50:11,025 [EventQueue-DeleteBlockStatusForDeletedBlockLogImpl] WARN  block.DeletedBlockLogImpl (DeletedBlockLogImpl.java:commitTransactions(205)) - Transaction txId=1 commit by dnId=aac91d0e-90b3-4924-955b-30866d4fff78 for containerID=#1 failed. Corresponding entry not found.
2019-10-19 00:50:11,025 [EventQueue-DeleteBlockStatusForDeletedBlockLogImpl] WARN  block.DeletedBlockLogImpl (DeletedBlockLogImpl.java:commitTransactions(205)) - Transaction txId=1 commit by dnId=aac91d0e-90b3-4924-955b-30866d4fff78 for containerID=#1 failed. Corresponding entry not found.
2019-10-19 00:50:11,025 [EventQueue-DeleteBlockStatusForDeletedBlockLogImpl] WARN  block.DeletedBlockLogImpl (DeletedBlockLogImpl.java:commitTransactions(205)) - Transaction txId=1 commit by dnId=aac91d0e-90b3-4924-955b-30866d4fff78 for containerID=#1 failed. Corresponding entry not found.
2019-10-19 00:50:11,026 [EventQueue-DeleteBlockStatusForDeletedBlockLogImpl] WARN  block.DeletedBlockLogImpl (DeletedBlockLogImpl.java:commitTransactions(205)) - Transaction txId=1 commit by dnId=aac91d0e-90b3-4924-955b-30866d4fff78 for containerID=#1 failed. Corresponding entry not found.
2019-10-19 00:50:11,026 [EventQueue-DeleteBlockStatusForDeletedBlockLogImpl] WARN  block.DeletedBlockLogImpl (DeletedBlockLogImpl.java:commitTransactions(205)) - Transaction txId=1 commit by dnId=aac91d0e-90b3-4924-955b-30866d4fff78 for containerID=#1 failed. Corresponding entry not found.
2019-10-19 00:50:11,026 [EventQueue-DeleteBlockStatusForDeletedBlockLogImpl] WARN  block.DeletedBlockLogImpl (DeletedBlockLogImpl.java:commitTransactions(205)) - Transaction txId=1 commit by dnId=aac91d0e-90b3-4924-955b-30866d4fff78 for containerID=#1 failed. Corresponding entry not found.
2019-10-19 00:50:11,026 [EventQueue-DeleteBlockStatusForDeletedBlockLogImpl] WARN  block.DeletedBlockLogImpl (DeletedBlockLogImpl.java:commitTransactions(205)) - Transaction txId=1 commit by dnId=aac91d0e-90b3-4924-955b-30866d4fff78 for containerID=#1 failed. Corresponding entry not found.
2019-10-19 00:50:11,026 [EventQueue-DeleteBlockStatusForDeletedBlockLogImpl] WARN  block.DeletedBlockLogImpl (DeletedBlockLogImpl.java:commitTransactions(205)) - Transaction txId=1 commit by dnId=aac91d0e-90b3-4924-955b-30866d4fff78 for containerID=#1 failed. Corresponding entry not found.
2019-10-19 00:50:11,042 [Thread-907] INFO  client.GrpcClientProtocolService (GrpcClientProtocolService.java:lambda$processClientRequest$0(278)) - Failed RaftClientRequest:client-5C1DDA748651->b6ed77c0-0909-418c-a0c6-e1477b4e10c3@group-2DDA05B3685C, cid=10, seq=0, Watch-ALL_COMMITTED(6), Message:<EMPTY>, reply=RaftClientReply:client-5C1DDA748651->b6ed77c0-0909-418c-a0c6-e1477b4e10c3@group-2DDA05B3685C, cid=10, FAILED org.apache.ratis.protocol.NotLeaderException: Server b6ed77c0-0909-418c-a0c6-e1477b4e10c3@group-2DDA05B3685C is not the leader, logIndex=0, commits[b6ed77c0-0909-418c-a0c6-e1477b4e10c3:c10, 67511f02-1a53-40d3-ad7c-17f75ce9e42c:c10, aac91d0e-90b3-4924-955b-30866d4fff78:c4]
2019-10-19 00:50:11,044 [Thread-905] INFO  impl.FollowerState (FollowerState.java:run(108)) - aac91d0e-90b3-4924-955b-30866d4fff78@group-2DDA05B3685C-FollowerState: change to CANDIDATE, lastRpcTime:70ms, electionTimeout:70ms
2019-10-19 00:50:11,044 [Thread-905] INFO  impl.RoleInfo (RoleInfo.java:shutdownFollowerState(121)) - aac91d0e-90b3-4924-955b-30866d4fff78: shutdown FollowerState
2019-10-19 00:50:11,044 [Thread-905] INFO  impl.RaftServerImpl (RaftServerImpl.java:setRole(184)) - aac91d0e-90b3-4924-955b-30866d4fff78@group-2DDA05B3685C: changes role from  FOLLOWER to CANDIDATE at term 47 for changeToCandidate
2019-10-19 00:50:11,045 [Thread-905] INFO  impl.RoleInfo (RoleInfo.java:updateAndGet(143)) - aac91d0e-90b3-4924-955b-30866d4fff78: start LeaderElection
2019-10-19 00:50:11,060 [Thread-902] INFO  impl.FollowerState (FollowerState.java:run(108)) - 67511f02-1a53-40d3-ad7c-17f75ce9e42c@group-9C7A8CA2BF57-FollowerState: change to CANDIDATE, lastRpcTime:102ms, electionTimeout:102ms
2019-10-19 00:50:11,060 [Thread-902] INFO  impl.RoleInfo (RoleInfo.java:shutdownFollowerState(121)) - 67511f02-1a53-40d3-ad7c-17f75ce9e42c: shutdown FollowerState
2019-10-19 00:50:11,060 [Thread-902] INFO  impl.RaftServerImpl (RaftServerImpl.java:setRole(184)) - 67511f02-1a53-40d3-ad7c-17f75ce9e42c@group-9C7A8CA2BF57: changes role from  FOLLOWER to CANDIDATE at term 8 for changeToCandidate
2019-10-19 00:50:11,060 [Thread-902] INFO  impl.RoleInfo (RoleInfo.java:updateAndGet(143)) - 67511f02-1a53-40d3-ad7c-17f75ce9e42c: start LeaderElection
2019-10-19 00:50:11,061 [aac91d0e-90b3-4924-955b-30866d4fff78@group-2DDA05B3685C-LeaderElection54] INFO  impl.LeaderElection (LeaderElection.java:askForVotes(178)) - aac91d0e-90b3-4924-955b-30866d4fff78@group-2DDA05B3685C-LeaderElection54: begin an election at term 48 for 0: [67511f02-1a53-40d3-ad7c-17f75ce9e42c:192.168.157.213:45560, aac91d0e-90b3-4924-955b-30866d4fff78:192.168.157.213:41659, b6ed77c0-0909-418c-a0c6-e1477b4e10c3:192.168.157.213:33232], old=null
2019-10-19 00:50:11,063 [grpc-default-executor-0] INFO  impl.RaftServerImpl (RaftServerImpl.java:setRole(184)) - 67511f02-1a53-40d3-ad7c-17f75ce9e42c@group-2DDA05B3685C: changes role from  FOLLOWER to FOLLOWER at term 48 for recognizeCandidate:aac91d0e-90b3-4924-955b-30866d4fff78
2019-10-19 00:50:11,063 [grpc-default-executor-2] INFO  impl.RaftServerImpl (RaftServerImpl.java:setRole(184)) - b6ed77c0-0909-418c-a0c6-e1477b4e10c3@group-2DDA05B3685C: changes role from  FOLLOWER to FOLLOWER at term 48 for recognizeCandidate:aac91d0e-90b3-4924-955b-30866d4fff78
2019-10-19 00:50:11,063 [grpc-default-executor-2] INFO  impl.RoleInfo (RoleInfo.java:shutdownFollowerState(121)) - b6ed77c0-0909-418c-a0c6-e1477b4e10c3: shutdown FollowerState
2019-10-19 00:50:11,063 [grpc-default-executor-0] INFO  impl.RoleInfo (RoleInfo.java:shutdownFollowerState(121)) - 67511f02-1a53-40d3-ad7c-17f75ce9e42c: shutdown FollowerState
2019-10-19 00:50:11,064 [grpc-default-executor-2] INFO  impl.RoleInfo (RoleInfo.java:updateAndGet(143)) - b6ed77c0-0909-418c-a0c6-e1477b4e10c3: start FollowerState
2019-10-19 00:50:11,064 [Thread-903] INFO  impl.FollowerState (FollowerState.java:run(117)) - 67511f02-1a53-40d3-ad7c-17f75ce9e42c@group-2DDA05B3685C-FollowerState was interrupted: java.lang.InterruptedException: sleep interrupted
2019-10-19 00:50:11,064 [grpc-default-executor-0] INFO  impl.RoleInfo (RoleInfo.java:updateAndGet(143)) - 67511f02-1a53-40d3-ad7c-17f75ce9e42c: start FollowerState
2019-10-19 00:50:11,064 [Thread-904] INFO  impl.FollowerState (FollowerState.java:run(117)) - b6ed77c0-0909-418c-a0c6-e1477b4e10c3@group-2DDA05B3685C-FollowerState was interrupted: java.lang.InterruptedException: sleep interrupted
2019-10-19 00:50:11,086 [67511f02-1a53-40d3-ad7c-17f75ce9e42c@group-9C7A8CA2BF57-LeaderElection55] INFO  impl.LeaderElection (LeaderElection.java:askForVotes(178)) - 67511f02-1a53-40d3-ad7c-17f75ce9e42c@group-9C7A8CA2BF57-LeaderElection55: begin an election at term 9 for -1: [67511f02-1a53-40d3-ad7c-17f75ce9e42c:192.168.157.213:45560, aac91d0e-90b3-4924-955b-30866d4fff78:192.168.157.213:41659, b6ed77c0-0909-418c-a0c6-e1477b4e10c3:192.168.157.213:33232], old=null
2019-10-19 00:50:11,087 [aac91d0e-90b3-4924-955b-30866d4fff78@group-2DDA05B3685C-LeaderElection54] INFO  impl.LeaderElection (LeaderElection.java:logAndReturn(56)) - aac91d0e-90b3-4924-955b-30866d4fff78@group-2DDA05B3685C-LeaderElection54: Election REJECTED; received 2 response(s) [aac91d0e-90b3-4924-955b-30866d4fff78<-67511f02-1a53-40d3-ad7c-17f75ce9e42c#0:FAIL-t48, aac91d0e-90b3-4924-955b-30866d4fff78<-b6ed77c0-0909-418c-a0c6-e1477b4e10c3#0:FAIL-t48] and 0 exception(s); aac91d0e-90b3-4924-955b-30866d4fff78@group-2DDA05B3685C:t48, leader=null, voted=aac91d0e-90b3-4924-955b-30866d4fff78, raftlog=aac91d0e-90b3-4924-955b-30866d4fff78@group-2DDA05B3685C-SegmentedRaftLog:OPENED:c3,f4,i4, conf=0: [67511f02-1a53-40d3-ad7c-17f75ce9e42c:192.168.157.213:45560, aac91d0e-90b3-4924-955b-30866d4fff78:192.168.157.213:41659, b6ed77c0-0909-418c-a0c6-e1477b4e10c3:192.168.157.213:33232], old=null
2019-10-19 00:50:11,087 [aac91d0e-90b3-4924-955b-30866d4fff78@group-2DDA05B3685C-LeaderElection54] INFO  impl.RaftServerImpl (RaftServerImpl.java:setRole(184)) - aac91d0e-90b3-4924-955b-30866d4fff78@group-2DDA05B3685C: changes role from CANDIDATE to FOLLOWER at term 48 for DISCOVERED_A_NEW_TERM
2019-10-19 00:50:11,088 [aac91d0e-90b3-4924-955b-30866d4fff78@group-2DDA05B3685C-LeaderElection54] INFO  impl.RoleInfo (RoleInfo.java:shutdownLeaderElection(134)) - aac91d0e-90b3-4924-955b-30866d4fff78: shutdown LeaderElection
2019-10-19 00:50:11,088 [aac91d0e-90b3-4924-955b-30866d4fff78@group-2DDA05B3685C-LeaderElection54] INFO  impl.RoleInfo (RoleInfo.java:updateAndGet(143)) - aac91d0e-90b3-4924-955b-30866d4fff78: start FollowerState
2019-10-19 00:50:11,088 [grpc-default-executor-0] INFO  impl.RaftServerImpl (RaftServerImpl.java:setRole(184)) - aac91d0e-90b3-4924-955b-30866d4fff78@group-9C7A8CA2BF57: changes role from  FOLLOWER to FOLLOWER at term 9 for recognizeCandidate:67511f02-1a53-40d3-ad7c-17f75ce9e42c
2019-10-19 00:50:11,088 [grpc-default-executor-2] INFO  impl.RaftServerImpl (RaftServerImpl.java:setRole(184)) - b6ed77c0-0909-418c-a0c6-e1477b4e10c3@group-9C7A8CA2BF57: changes role from  FOLLOWER to FOLLOWER at term 9 for recognizeCandidate:67511f02-1a53-40d3-ad7c-17f75ce9e42c
2019-10-19 00:50:11,088 [grpc-default-executor-0] INFO  impl.RoleInfo (RoleInfo.java:shutdownFollowerState(121)) - aac91d0e-90b3-4924-955b-30866d4fff78: shutdown FollowerState
2019-10-19 00:50:11,088 [grpc-default-executor-2] INFO  impl.RoleInfo (RoleInfo.java:shutdownFollowerState(121)) - b6ed77c0-0909-418c-a0c6-e1477b4e10c3: shutdown FollowerState
2019-10-19 00:50:11,089 [grpc-default-executor-0] INFO  impl.RoleInfo (RoleInfo.java:updateAndGet(143)) - aac91d0e-90b3-4924-955b-30866d4fff78: start FollowerState
2019-10-19 00:50:11,089 [Thread-898] INFO  impl.FollowerState (FollowerState.java:run(117)) - aac91d0e-90b3-4924-955b-30866d4fff78@group-9C7A8CA2BF57-FollowerState was interrupted: java.lang.InterruptedException: sleep interrupted
2019-10-19 00:50:11,089 [Thread-899] INFO  impl.FollowerState (FollowerState.java:run(117)) - b6ed77c0-0909-418c-a0c6-e1477b4e10c3@group-9C7A8CA2BF57-FollowerState was interrupted: java.lang.InterruptedException: sleep interrupted
2019-10-19 00:50:11,089 [grpc-default-executor-2] INFO  impl.RoleInfo (RoleInfo.java:updateAndGet(143)) - b6ed77c0-0909-418c-a0c6-e1477b4e10c3: start FollowerState
2019-10-19 00:50:11,112 [67511f02-1a53-40d3-ad7c-17f75ce9e42c@group-9C7A8CA2BF57-LeaderElection55] INFO  impl.LeaderElection (LeaderElection.java:logAndReturn(56)) - 67511f02-1a53-40d3-ad7c-17f75ce9e42c@group-9C7A8CA2BF57-LeaderElection55: Election REJECTED; received 2 response(s) [67511f02-1a53-40d3-ad7c-17f75ce9e42c<-aac91d0e-90b3-4924-955b-30866d4fff78#0:FAIL-t9, 67511f02-1a53-40d3-ad7c-17f75ce9e42c<-b6ed77c0-0909-418c-a0c6-e1477b4e10c3#0:FAIL-t9] and 0 exception(s); 67511f02-1a53-40d3-ad7c-17f75ce9e42c@group-9C7A8CA2BF57:t9, leader=null, voted=67511f02-1a53-40d3-ad7c-17f75ce9e42c, raftlog=67511f02-1a53-40d3-ad7c-17f75ce9e42c@group-9C7A8CA2BF57-SegmentedRaftLog:OPENED:c-1,f-1,i0, conf=-1: [67511f02-1a53-40d3-ad7c-17f75ce9e42c:192.168.157.213:45560, aac91d0e-90b3-4924-955b-30866d4fff78:192.168.157.213:41659, b6ed77c0-0909-418c-a0c6-e1477b4e10c3:192.168.157.213:33232], old=null
2019-10-19 00:50:11,112 [67511f02-1a53-40d3-ad7c-17f75ce9e42c@group-9C7A8CA2BF57-LeaderElection55] INFO  impl.RaftServerImpl (RaftServerImpl.java:setRole(184)) - 67511f02-1a53-40d3-ad7c-17f75ce9e42c@group-9C7A8CA2BF57: changes role from CANDIDATE to FOLLOWER at term 9 for DISCOVERED_A_NEW_TERM
2019-10-19 00:50:11,112 [67511f02-1a53-40d3-ad7c-17f75ce9e42c@group-9C7A8CA2BF57-LeaderElection55] INFO  impl.RoleInfo (RoleInfo.java:shutdownLeaderElection(134)) - 67511f02-1a53-40d3-ad7c-17f75ce9e42c: shutdown LeaderElection
2019-10-19 00:50:11,113 [67511f02-1a53-40d3-ad7c-17f75ce9e42c@group-9C7A8CA2BF57-LeaderElection55] INFO  impl.RoleInfo (RoleInfo.java:updateAndGet(143)) - 67511f02-1a53-40d3-ad7c-17f75ce9e42c: start FollowerState
2019-10-19 00:50:11,142 [Thread-917] INFO  impl.FollowerState (FollowerState.java:run(108)) - aac91d0e-90b3-4924-955b-30866d4fff78@group-2DDA05B3685C-FollowerState: change to CANDIDATE, lastRpcTime:54ms, electionTimeout:54ms
2019-10-19 00:50:11,142 [Thread-917] INFO  impl.RoleInfo (RoleInfo.java:shutdownFollowerState(121)) - aac91d0e-90b3-4924-955b-30866d4fff78: shutdown FollowerState
2019-10-19 00:50:11,142 [Thread-917] INFO  impl.RaftServerImpl (RaftServerImpl.java:setRole(184)) - aac91d0e-90b3-4924-955b-30866d4fff78@group-2DDA05B3685C: changes role from  FOLLOWER to CANDIDATE at term 48 for changeToCandidate
2019-10-19 00:50:11,143 [Thread-917] INFO  impl.RoleInfo (RoleInfo.java:updateAndGet(143)) - aac91d0e-90b3-4924-955b-30866d4fff78: start LeaderElection
2019-10-19 00:50:11,147 [aac91d0e-90b3-4924-955b-30866d4fff78@group-2DDA05B3685C-LeaderElection56] INFO  impl.LeaderElection (LeaderElection.java:askForVotes(178)) - aac91d0e-90b3-4924-955b-30866d4fff78@group-2DDA05B3685C-LeaderElection56: begin an election at term 49 for 0: [67511f02-1a53-40d3-ad7c-17f75ce9e42c:192.168.157.213:45560, aac91d0e-90b3-4924-955b-30866d4fff78:192.168.157.213:41659, b6ed77c0-0909-418c-a0c6-e1477b4e10c3:192.168.157.213:33232], old=null
2019-10-19 00:50:11,154 [grpc-default-executor-0] INFO  impl.RaftServerImpl (RaftServerImpl.java:setRole(184)) - b6ed77c0-0909-418c-a0c6-e1477b4e10c3@group-2DDA05B3685C: changes role from  FOLLOWER to FOLLOWER at term 49 for recognizeCandidate:aac91d0e-90b3-4924-955b-30866d4fff78
2019-10-19 00:50:11,154 [grpc-default-executor-2] INFO  impl.RaftServerImpl (RaftServerImpl.java:setRole(184)) - 67511f02-1a53-40d3-ad7c-17f75ce9e42c@group-2DDA05B3685C: changes role from  FOLLOWER to FOLLOWER at term 49 for recognizeCandidate:aac91d0e-90b3-4924-955b-30866d4fff78
2019-10-19 00:50:11,154 [grpc-default-executor-0] INFO  impl.RoleInfo (RoleInfo.java:shutdownFollowerState(121)) - b6ed77c0-0909-418c-a0c6-e1477b4e10c3: shutdown FollowerState
2019-10-19 00:50:11,154 [grpc-default-executor-2] INFO  impl.RoleInfo (RoleInfo.java:shutdownFollowerState(121)) - 67511f02-1a53-40d3-ad7c-17f75ce9e42c: shutdown FollowerState
2019-10-19 00:50:11,155 [grpc-default-executor-0] INFO  impl.RoleInfo (RoleInfo.java:updateAndGet(143)) - b6ed77c0-0909-418c-a0c6-e1477b4e10c3: start FollowerState
2019-10-19 00:50:11,155 [Thread-913] INFO  impl.FollowerState (FollowerState.java:run(117)) - b6ed77c0-0909-418c-a0c6-e1477b4e10c3@group-2DDA05B3685C-FollowerState was interrupted: java.lang.InterruptedException: sleep interrupted
2019-10-19 00:50:11,155 [grpc-default-executor-2] INFO  impl.RoleInfo (RoleInfo.java:updateAndGet(143)) - 67511f02-1a53-40d3-ad7c-17f75ce9e42c: start FollowerState
2019-10-19 00:50:11,155 [Thread-914] INFO  impl.FollowerState (FollowerState.java:run(117)) - 67511f02-1a53-40d3-ad7c-17f75ce9e42c@group-2DDA05B3685C-FollowerState was interrupted: java.lang.InterruptedException: sleep interrupted
2019-10-19 00:50:11,170 [aac91d0e-90b3-4924-955b-30866d4fff78@group-2DDA05B3685C-LeaderElection56] INFO  impl.LeaderElection (LeaderElection.java:logAndReturn(56)) - aac91d0e-90b3-4924-955b-30866d4fff78@group-2DDA05B3685C-LeaderElection56: Election REJECTED; received 2 response(s) [aac91d0e-90b3-4924-955b-30866d4fff78<-67511f02-1a53-40d3-ad7c-17f75ce9e42c#0:FAIL-t49, aac91d0e-90b3-4924-955b-30866d4fff78<-b6ed77c0-0909-418c-a0c6-e1477b4e10c3#0:FAIL-t49] and 0 exception(s); aac91d0e-90b3-4924-955b-30866d4fff78@group-2DDA05B3685C:t49, leader=null, voted=aac91d0e-90b3-4924-955b-30866d4fff78, raftlog=aac91d0e-90b3-4924-955b-30866d4fff78@group-2DDA05B3685C-SegmentedRaftLog:OPENED:c3,f4,i4, conf=0: [67511f02-1a53-40d3-ad7c-17f75ce9e42c:192.168.157.213:45560, aac91d0e-90b3-4924-955b-30866d4fff78:192.168.157.213:41659, b6ed77c0-0909-418c-a0c6-e1477b4e10c3:192.168.157.213:33232], old=null
2019-10-19 00:50:11,170 [aac91d0e-90b3-4924-955b-30866d4fff78@group-2DDA05B3685C-LeaderElection56] INFO  impl.RaftServerImpl (RaftServerImpl.java:setRole(184)) - aac91d0e-90b3-4924-955b-30866d4fff78@group-2DDA05B3685C: changes role from CANDIDATE to FOLLOWER at term 49 for DISCOVERED_A_NEW_TERM
2019-10-19 00:50:11,170 [aac91d0e-90b3-4924-955b-30866d4fff78@group-2DDA05B3685C-LeaderElection56] INFO  impl.RoleInfo (RoleInfo.java:shutdownLeaderElection(134)) - aac91d0e-90b3-4924-955b-30866d4fff78: shutdown LeaderElection
2019-10-19 00:50:11,170 [aac91d0e-90b3-4924-955b-30866d4fff78@group-2DDA05B3685C-LeaderElection56] INFO  impl.RoleInfo (RoleInfo.java:updateAndGet(143)) - aac91d0e-90b3-4924-955b-30866d4fff78: start FollowerState
2019-10-19 00:50:11,218 [Thread-920] INFO  impl.FollowerState (FollowerState.java:run(108)) - 67511f02-1a53-40d3-ad7c-17f75ce9e42c@group-9C7A8CA2BF57-FollowerState: change to CANDIDATE, lastRpcTime:105ms, electionTimeout:105ms
2019-10-19 00:50:11,218 [Thread-920] INFO  impl.RoleInfo (RoleInfo.java:shutdownFollowerState(121)) - 67511f02-1a53-40d3-ad7c-17f75ce9e42c: shutdown FollowerState
2019-10-19 00:50:11,218 [Thread-920] INFO  impl.RaftServerImpl (RaftServerImpl.java:setRole(184)) - 67511f02-1a53-40d3-ad7c-17f75ce9e42c@group-9C7A8CA2BF57: changes role from  FOLLOWER to CANDIDATE at term 9 for changeToCandidate
2019-10-19 00:50:11,218 [Thread-920] INFO  impl.RoleInfo (RoleInfo.java:updateAndGet(143)) - 67511f02-1a53-40d3-ad7c-17f75ce9e42c: start LeaderElection
2019-10-19 00:50:11,232 [67511f02-1a53-40d3-ad7c-17f75ce9e42c@group-9C7A8CA2BF57-LeaderElection57] INFO  impl.LeaderElection (LeaderElection.java:askForVotes(178)) - 67511f02-1a53-40d3-ad7c-17f75ce9e42c@group-9C7A8CA2BF57-LeaderElection57: begin an election at term 10 for -1: [67511f02-1a53-40d3-ad7c-17f75ce9e42c:192.168.157.213:45560, aac91d0e-90b3-4924-955b-30866d4fff78:192.168.157.213:41659, b6ed77c0-0909-418c-a0c6-e1477b4e10c3:192.168.157.213:33232], old=null
2019-10-19 00:50:11,235 [grpc-default-executor-0] INFO  impl.RaftServerImpl (RaftServerImpl.java:setRole(184)) - b6ed77c0-0909-418c-a0c6-e1477b4e10c3@group-9C7A8CA2BF57: changes role from  FOLLOWER to FOLLOWER at term 10 for recognizeCandidate:67511f02-1a53-40d3-ad7c-17f75ce9e42c
2019-10-19 00:50:11,235 [grpc-default-executor-2] INFO  impl.RaftServerImpl (RaftServerImpl.java:setRole(184)) - aac91d0e-90b3-4924-955b-30866d4fff78@group-9C7A8CA2BF57: changes role from  FOLLOWER to FOLLOWER at term 10 for recognizeCandidate:67511f02-1a53-40d3-ad7c-17f75ce9e42c
2019-10-19 00:50:11,235 [grpc-default-executor-0] INFO  impl.RoleInfo (RoleInfo.java:shutdownFollowerState(121)) - b6ed77c0-0909-418c-a0c6-e1477b4e10c3: shutdown FollowerState
2019-10-19 00:50:11,235 [grpc-default-executor-2] INFO  impl.RoleInfo (RoleInfo.java:shutdownFollowerState(121)) - aac91d0e-90b3-4924-955b-30866d4fff78: shutdown FollowerState
2019-10-19 00:50:11,235 [Thread-919] INFO  impl.FollowerState (FollowerState.java:run(117)) - b6ed77c0-0909-418c-a0c6-e1477b4e10c3@group-9C7A8CA2BF57-FollowerState was interrupted: java.lang.InterruptedException: sleep interrupted
2019-10-19 00:50:11,235 [Thread-918] INFO  impl.FollowerState (FollowerState.java:run(117)) - aac91d0e-90b3-4924-955b-30866d4fff78@group-9C7A8CA2BF57-FollowerState was interrupted: java.lang.InterruptedException: sleep interrupted
2019-10-19 00:50:11,235 [grpc-default-executor-2] INFO  impl.RoleInfo (RoleInfo.java:updateAndGet(143)) - aac91d0e-90b3-4924-955b-30866d4fff78: start FollowerState
2019-10-19 00:50:11,235 [grpc-default-executor-0] INFO  impl.RoleInfo (RoleInfo.java:updateAndGet(143)) - b6ed77c0-0909-418c-a0c6-e1477b4e10c3: start FollowerState
2019-10-19 00:50:11,238 [Thread-926] INFO  impl.FollowerState (FollowerState.java:run(108)) - aac91d0e-90b3-4924-955b-30866d4fff78@group-2DDA05B3685C-FollowerState: change to CANDIDATE, lastRpcTime:67ms, electionTimeout:67ms
2019-10-19 00:50:11,238 [Thread-926] INFO  impl.RoleInfo (RoleInfo.java:shutdownFollowerState(121)) - aac91d0e-90b3-4924-955b-30866d4fff78: shutdown FollowerState
2019-10-19 00:50:11,238 [Thread-926] INFO  impl.RaftServerImpl (RaftServerImpl.java:setRole(184)) - aac91d0e-90b3-4924-955b-30866d4fff78@group-2DDA05B3685C: changes role from  FOLLOWER to CANDIDATE at term 49 for changeToCandidate
2019-10-19 00:50:11,238 [Thread-926] INFO  impl.RoleInfo (RoleInfo.java:updateAndGet(143)) - aac91d0e-90b3-4924-955b-30866d4fff78: start LeaderElection
2019-10-19 00:50:11,249 [aac91d0e-90b3-4924-955b-30866d4fff78@group-2DDA05B3685C-LeaderElection58] INFO  impl.LeaderElection (LeaderElection.java:askForVotes(178)) - aac91d0e-90b3-4924-955b-30866d4fff78@group-2DDA05B3685C-LeaderElection58: begin an election at term 50 for 0: [67511f02-1a53-40d3-ad7c-17f75ce9e42c:192.168.157.213:45560, aac91d0e-90b3-4924-955b-30866d4fff78:192.168.157.213:41659, b6ed77c0-0909-418c-a0c6-e1477b4e10c3:192.168.157.213:33232], old=null
2019-10-19 00:50:11,250 [67511f02-1a53-40d3-ad7c-17f75ce9e42c@group-9C7A8CA2BF57-LeaderElection57] INFO  impl.LeaderElection (LeaderElection.java:logAndReturn(56)) - 67511f02-1a53-40d3-ad7c-17f75ce9e42c@group-9C7A8CA2BF57-LeaderElection57: Election REJECTED; received 2 response(s) [67511f02-1a53-40d3-ad7c-17f75ce9e42c<-aac91d0e-90b3-4924-955b-30866d4fff78#0:FAIL-t10, 67511f02-1a53-40d3-ad7c-17f75ce9e42c<-b6ed77c0-0909-418c-a0c6-e1477b4e10c3#0:FAIL-t10] and 0 exception(s); 67511f02-1a53-40d3-ad7c-17f75ce9e42c@group-9C7A8CA2BF57:t10, leader=null, voted=67511f02-1a53-40d3-ad7c-17f75ce9e42c, raftlog=67511f02-1a53-40d3-ad7c-17f75ce9e42c@group-9C7A8CA2BF57-SegmentedRaftLog:OPENED:c-1,f-1,i0, conf=-1: [67511f02-1a53-40d3-ad7c-17f75ce9e42c:192.168.157.213:45560, aac91d0e-90b3-4924-955b-30866d4fff78:192.168.157.213:41659, b6ed77c0-0909-418c-a0c6-e1477b4e10c3:192.168.157.213:33232], old=null
2019-10-19 00:50:11,250 [67511f02-1a53-40d3-ad7c-17f75ce9e42c@group-9C7A8CA2BF57-LeaderElection57] INFO  impl.RaftServerImpl (RaftServerImpl.java:setRole(184)) - 67511f02-1a53-40d3-ad7c-17f75ce9e42c@group-9C7A8CA2BF57: changes role from CANDIDATE to FOLLOWER at term 10 for DISCOVERED_A_NEW_TERM
2019-10-19 00:50:11,250 [67511f02-1a53-40d3-ad7c-17f75ce9e42c@group-9C7A8CA2BF57-LeaderElection57] INFO  impl.RoleInfo (RoleInfo.java:shutdownLeaderElection(134)) - 67511f02-1a53-40d3-ad7c-17f75ce9e42c: shutdown LeaderElection
2019-10-19 00:50:11,250 [67511f02-1a53-40d3-ad7c-17f75ce9e42c@group-9C7A8CA2BF57-LeaderElection57] INFO  impl.RoleInfo (RoleInfo.java:updateAndGet(143)) - 67511f02-1a53-40d3-ad7c-17f75ce9e42c: start FollowerState
2019-10-19 00:50:11,250 [grpc-default-executor-0] INFO  impl.RaftServerImpl (RaftServerImpl.java:setRole(184)) - b6ed77c0-0909-418c-a0c6-e1477b4e10c3@group-2DDA05B3685C: changes role from  FOLLOWER to FOLLOWER at term 50 for recognizeCandidate:aac91d0e-90b3-4924-955b-30866d4fff78
2019-10-19 00:50:11,251 [grpc-default-executor-0] INFO  impl.RoleInfo (RoleInfo.java:shutdownFollowerState(121)) - b6ed77c0-0909-418c-a0c6-e1477b4e10c3: shutdown FollowerState
2019-10-19 00:50:11,251 [grpc-default-executor-2] INFO  impl.RaftServerImpl (RaftServerImpl.java:setRole(184)) - 67511f02-1a53-40d3-ad7c-17f75ce9e42c@group-2DDA05B3685C: changes role from  FOLLOWER to FOLLOWER at term 50 for recognizeCandidate:aac91d0e-90b3-4924-955b-30866d4fff78
2019-10-19 00:50:11,251 [Thread-924] INFO  impl.FollowerState (FollowerState.java:run(117)) - b6ed77c0-0909-418c-a0c6-e1477b4e10c3@group-2DDA05B3685C-FollowerState was interrupted: java.lang.InterruptedException: sleep interrupted
2019-10-19 00:50:11,251 [grpc-default-executor-0] INFO  impl.RoleInfo (RoleInfo.java:updateAndGet(143)) - b6ed77c0-0909-418c-a0c6-e1477b4e10c3: start FollowerState
2019-10-19 00:50:11,251 [grpc-default-executor-2] INFO  impl.RoleInfo (RoleInfo.java:shutdownFollowerState(121)) - 67511f02-1a53-40d3-ad7c-17f75ce9e42c: shutdown FollowerState
2019-10-19 00:50:11,251 [Thread-925] INFO  impl.FollowerState (FollowerState.java:run(117)) - 67511f02-1a53-40d3-ad7c-17f75ce9e42c@group-2DDA05B3685C-FollowerState was interrupted: java.lang.InterruptedException: sleep interrupted
2019-10-19 00:50:11,251 [grpc-default-executor-2] INFO  impl.RoleInfo (RoleInfo.java:updateAndGet(143)) - 67511f02-1a53-40d3-ad7c-17f75ce9e42c: start FollowerState
2019-10-19 00:50:11,265 [aac91d0e-90b3-4924-955b-30866d4fff78@group-2DDA05B3685C-LeaderElection58] INFO  impl.LeaderElection (LeaderElection.java:logAndReturn(56)) - aac91d0e-90b3-4924-955b-30866d4fff78@group-2DDA05B3685C-LeaderElection58: Election REJECTED; received 2 response(s) [aac91d0e-90b3-4924-955b-30866d4fff78<-67511f02-1a53-40d3-ad7c-17f75ce9e42c#0:FAIL-t50, aac91d0e-90b3-4924-955b-30866d4fff78<-b6ed77c0-0909-418c-a0c6-e1477b4e10c3#0:FAIL-t50] and 0 exception(s); aac91d0e-90b3-4924-955b-30866d4fff78@group-2DDA05B3685C:t50, leader=null, voted=aac91d0e-90b3-4924-955b-30866d4fff78, raftlog=aac91d0e-90b3-4924-955b-30866d4fff78@group-2DDA05B3685C-SegmentedRaftLog:OPENED:c3,f4,i4, conf=0: [67511f02-1a53-40d3-ad7c-17f75ce9e42c:192.168.157.213:45560, aac91d0e-90b3-4924-955b-30866d4fff78:192.168.157.213:41659, b6ed77c0-0909-418c-a0c6-e1477b4e10c3:192.168.157.213:33232], old=null
2019-10-19 00:50:11,266 [aac91d0e-90b3-4924-955b-30866d4fff78@group-2DDA05B3685C-LeaderElection58] INFO  impl.RaftServerImpl (RaftServerImpl.java:setRole(184)) - aac91d0e-90b3-4924-955b-30866d4fff78@group-2DDA05B3685C: changes role from CANDIDATE to FOLLOWER at term 50 for DISCOVERED_A_NEW_TERM
2019-10-19 00:50:11,266 [aac91d0e-90b3-4924-955b-30866d4fff78@group-2DDA05B3685C-LeaderElection58] INFO  impl.RoleInfo (RoleInfo.java:shutdownLeaderElection(134)) - aac91d0e-90b3-4924-955b-30866d4fff78: shutdown LeaderElection
2019-10-19 00:50:11,266 [aac91d0e-90b3-4924-955b-30866d4fff78@group-2DDA05B3685C-LeaderElection58] INFO  impl.RoleInfo (RoleInfo.java:updateAndGet(143)) - aac91d0e-90b3-4924-955b-30866d4fff78: start FollowerState
2019-10-19 00:50:11,295 [Thread-938] INFO  impl.FollowerState (FollowerState.java:run(108)) - aac91d0e-90b3-4924-955b-30866d4fff78@group-2DDA05B3685C-FollowerState: change to CANDIDATE, lastRpcTime:29ms, electionTimeout:29ms
2019-10-19 00:50:11,295 [Thread-938] INFO  impl.RoleInfo (RoleInfo.java:shutdownFollowerState(121)) - aac91d0e-90b3-4924-955b-30866d4fff78: shutdown FollowerState
2019-10-19 00:50:11,295 [Thread-938] INFO  impl.RaftServerImpl (RaftServerImpl.java:setRole(184)) - aac91d0e-90b3-4924-955b-30866d4fff78@group-2DDA05B3685C: changes role from  FOLLOWER to CANDIDATE at term 50 for changeToCandidate
2019-10-19 00:50:11,295 [Thread-938] INFO  impl.RoleInfo (RoleInfo.java:updateAndGet(143)) - aac91d0e-90b3-4924-955b-30866d4fff78: start LeaderElection
2019-10-19 00:50:11,300 [BlockDeletingService#2] WARN  background.BlockDeletingService (BlockDeletingService.java:isDeletionAllowed(187)) - Close Container log Index 6 is not replicated across allthe servers in the pipeline 2739136e-9e24-467a-9fde-2dda05b3685c as the min replicated index is 4. Deletion is not allowed in this container yet.
2019-10-19 00:50:11,300 [BlockDeletingService#2] WARN  background.BlockDeletingService (BlockDeletingService.java:isDeletionAllowed(187)) - Close Container log Index 6 is not replicated across allthe servers in the pipeline 2739136e-9e24-467a-9fde-2dda05b3685c as the min replicated index is 4. Deletion is not allowed in this container yet.
2019-10-19 00:50:11,309 [aac91d0e-90b3-4924-955b-30866d4fff78@group-2DDA05B3685C-LeaderElection59] INFO  impl.LeaderElection (LeaderElection.java:askForVotes(178)) - aac91d0e-90b3-4924-955b-30866d4fff78@group-2DDA05B3685C-LeaderElection59: begin an election at term 51 for 0: [67511f02-1a53-40d3-ad7c-17f75ce9e42c:192.168.157.213:45560, aac91d0e-90b3-4924-955b-30866d4fff78:192.168.157.213:41659, b6ed77c0-0909-418c-a0c6-e1477b4e10c3:192.168.157.213:33232], old=null
2019-10-19 00:50:11,311 [grpc-default-executor-0] INFO  impl.RaftServerImpl (RaftServerImpl.java:setRole(184)) - 67511f02-1a53-40d3-ad7c-17f75ce9e42c@group-2DDA05B3685C: changes role from  FOLLOWER to FOLLOWER at term 51 for recognizeCandidate:aac91d0e-90b3-4924-955b-30866d4fff78
2019-10-19 00:50:11,311 [grpc-default-executor-0] INFO  impl.RoleInfo (RoleInfo.java:shutdownFollowerState(121)) - 67511f02-1a53-40d3-ad7c-17f75ce9e42c: shutdown FollowerState
2019-10-19 00:50:11,311 [grpc-default-executor-2] INFO  impl.RaftServerImpl (RaftServerImpl.java:setRole(184)) - b6ed77c0-0909-418c-a0c6-e1477b4e10c3@group-2DDA05B3685C: changes role from  FOLLOWER to FOLLOWER at term 51 for recognizeCandidate:aac91d0e-90b3-4924-955b-30866d4fff78
2019-10-19 00:50:11,311 [Thread-937] INFO  impl.FollowerState (FollowerState.java:run(117)) - 67511f02-1a53-40d3-ad7c-17f75ce9e42c@group-2DDA05B3685C-FollowerState was interrupted: java.lang.InterruptedException: sleep interrupted
2019-10-19 00:50:11,311 [grpc-default-executor-0] INFO  impl.RoleInfo (RoleInfo.java:updateAndGet(143)) - 67511f02-1a53-40d3-ad7c-17f75ce9e42c: start FollowerState
2019-10-19 00:50:11,311 [grpc-default-executor-2] INFO  impl.RoleInfo (RoleInfo.java:shutdownFollowerState(121)) - b6ed77c0-0909-418c-a0c6-e1477b4e10c3: shutdown FollowerState
2019-10-19 00:50:11,312 [grpc-default-executor-2] INFO  impl.RoleInfo (RoleInfo.java:updateAndGet(143)) - b6ed77c0-0909-418c-a0c6-e1477b4e10c3: start FollowerState
2019-10-19 00:50:11,312 [Thread-936] INFO  impl.FollowerState (FollowerState.java:run(117)) - b6ed77c0-0909-418c-a0c6-e1477b4e10c3@group-2DDA05B3685C-FollowerState was interrupted: java.lang.InterruptedException: sleep interrupted
2019-10-19 00:50:11,330 [aac91d0e-90b3-4924-955b-30866d4fff78@group-2DDA05B3685C-LeaderElection59] INFO  impl.LeaderElection (LeaderElection.java:logAndReturn(56)) - aac91d0e-90b3-4924-955b-30866d4fff78@group-2DDA05B3685C-LeaderElection59: Election REJECTED; received 2 response(s) [aac91d0e-90b3-4924-955b-30866d4fff78<-67511f02-1a53-40d3-ad7c-17f75ce9e42c#0:FAIL-t51, aac91d0e-90b3-4924-955b-30866d4fff78<-b6ed77c0-0909-418c-a0c6-e1477b4e10c3#0:FAIL-t51] and 0 exception(s); aac91d0e-90b3-4924-955b-30866d4fff78@group-2DDA05B3685C:t51, leader=null, voted=aac91d0e-90b3-4924-955b-30866d4fff78, raftlog=aac91d0e-90b3-4924-955b-30866d4fff78@group-2DDA05B3685C-SegmentedRaftLog:OPENED:c3,f4,i4, conf=0: [67511f02-1a53-40d3-ad7c-17f75ce9e42c:192.168.157.213:45560, aac91d0e-90b3-4924-955b-30866d4fff78:192.168.157.213:41659, b6ed77c0-0909-418c-a0c6-e1477b4e10c3:192.168.157.213:33232], old=null
2019-10-19 00:50:11,330 [aac91d0e-90b3-4924-955b-30866d4fff78@group-2DDA05B3685C-LeaderElection59] INFO  impl.RaftServerImpl (RaftServerImpl.java:setRole(184)) - aac91d0e-90b3-4924-955b-30866d4fff78@group-2DDA05B3685C: changes role from CANDIDATE to FOLLOWER at term 51 for DISCOVERED_A_NEW_TERM
2019-10-19 00:50:11,330 [aac91d0e-90b3-4924-955b-30866d4fff78@group-2DDA05B3685C-LeaderElection59] INFO  impl.RoleInfo (RoleInfo.java:shutdownLeaderElection(134)) - aac91d0e-90b3-4924-955b-30866d4fff78: shutdown LeaderElection
2019-10-19 00:50:11,330 [aac91d0e-90b3-4924-955b-30866d4fff78@group-2DDA05B3685C-LeaderElection59] INFO  impl.RoleInfo (RoleInfo.java:updateAndGet(143)) - aac91d0e-90b3-4924-955b-30866d4fff78: start FollowerState
2019-10-19 00:50:11,344 [Thread-935] INFO  impl.FollowerState (FollowerState.java:run(108)) - 67511f02-1a53-40d3-ad7c-17f75ce9e42c@group-9C7A8CA2BF57-FollowerState: change to CANDIDATE, lastRpcTime:93ms, electionTimeout:93ms
2019-10-19 00:50:11,344 [Thread-935] INFO  impl.RoleInfo (RoleInfo.java:shutdownFollowerState(121)) - 67511f02-1a53-40d3-ad7c-17f75ce9e42c: shutdown FollowerState
2019-10-19 00:50:11,344 [Thread-935] INFO  impl.RaftServerImpl (RaftServerImpl.java:setRole(184)) - 67511f02-1a53-40d3-ad7c-17f75ce9e42c@group-9C7A8CA2BF57: changes role from  FOLLOWER to CANDIDATE at term 10 for changeToCandidate
2019-10-19 00:50:11,344 [Thread-935] INFO  impl.RoleInfo (RoleInfo.java:updateAndGet(143)) - 67511f02-1a53-40d3-ad7c-17f75ce9e42c: start LeaderElection
2019-10-19 00:50:11,352 [67511f02-1a53-40d3-ad7c-17f75ce9e42c@group-9C7A8CA2BF57-LeaderElection60] INFO  impl.LeaderElection (LeaderElection.java:askForVotes(178)) - 67511f02-1a53-40d3-ad7c-17f75ce9e42c@group-9C7A8CA2BF57-LeaderElection60: begin an election at term 11 for -1: [67511f02-1a53-40d3-ad7c-17f75ce9e42c:192.168.157.213:45560, aac91d0e-90b3-4924-955b-30866d4fff78:192.168.157.213:41659, b6ed77c0-0909-418c-a0c6-e1477b4e10c3:192.168.157.213:33232], old=null
2019-10-19 00:50:11,355 [grpc-default-executor-2] INFO  impl.RaftServerImpl (RaftServerImpl.java:setRole(184)) - b6ed77c0-0909-418c-a0c6-e1477b4e10c3@group-9C7A8CA2BF57: changes role from  FOLLOWER to FOLLOWER at term 11 for recognizeCandidate:67511f02-1a53-40d3-ad7c-17f75ce9e42c
2019-10-19 00:50:11,355 [grpc-default-executor-2] INFO  impl.RoleInfo (RoleInfo.java:shutdownFollowerState(121)) - b6ed77c0-0909-418c-a0c6-e1477b4e10c3: shutdown FollowerState
2019-10-19 00:50:11,355 [grpc-default-executor-0] INFO  impl.RaftServerImpl (RaftServerImpl.java:setRole(184)) - aac91d0e-90b3-4924-955b-30866d4fff78@group-9C7A8CA2BF57: changes role from  FOLLOWER to FOLLOWER at term 11 for recognizeCandidate:67511f02-1a53-40d3-ad7c-17f75ce9e42c
2019-10-19 00:50:11,355 [Thread-930] INFO  impl.FollowerState (FollowerState.java:run(117)) - b6ed77c0-0909-418c-a0c6-e1477b4e10c3@group-9C7A8CA2BF57-FollowerState was interrupted: java.lang.InterruptedException: sleep interrupted
2019-10-19 00:50:11,355 [grpc-default-executor-2] INFO  impl.RoleInfo (RoleInfo.java:updateAndGet(143)) - b6ed77c0-0909-418c-a0c6-e1477b4e10c3: start FollowerState
2019-10-19 00:50:11,355 [grpc-default-executor-0] INFO  impl.RoleInfo (RoleInfo.java:shutdownFollowerState(121)) - aac91d0e-90b3-4924-955b-30866d4fff78: shutdown FollowerState
2019-10-19 00:50:11,355 [grpc-default-executor-0] INFO  impl.RoleInfo (RoleInfo.java:updateAndGet(143)) - aac91d0e-90b3-4924-955b-30866d4fff78: start FollowerState
2019-10-19 00:50:11,355 [Thread-931] INFO  impl.FollowerState (FollowerState.java:run(117)) - aac91d0e-90b3-4924-955b-30866d4fff78@group-9C7A8CA2BF57-FollowerState was interrupted: java.lang.InterruptedException: sleep interrupted
2019-10-19 00:50:11,364 [Thread-946] INFO  impl.FollowerState (FollowerState.java:run(108)) - aac91d0e-90b3-4924-955b-30866d4fff78@group-2DDA05B3685C-FollowerState: change to CANDIDATE, lastRpcTime:34ms, electionTimeout:34ms
2019-10-19 00:50:11,364 [Thread-946] INFO  impl.RoleInfo (RoleInfo.java:shutdownFollowerState(121)) - aac91d0e-90b3-4924-955b-30866d4fff78: shutdown FollowerState
2019-10-19 00:50:11,365 [Thread-946] INFO  impl.RaftServerImpl (RaftServerImpl.java:setRole(184)) - aac91d0e-90b3-4924-955b-30866d4fff78@group-2DDA05B3685C: changes role from  FOLLOWER to CANDIDATE at term 51 for changeToCandidate
2019-10-19 00:50:11,365 [Thread-946] INFO  impl.RoleInfo (RoleInfo.java:updateAndGet(143)) - aac91d0e-90b3-4924-955b-30866d4fff78: start LeaderElection
2019-10-19 00:50:11,380 [aac91d0e-90b3-4924-955b-30866d4fff78@group-2DDA05B3685C-LeaderElection61] INFO  impl.LeaderElection (LeaderElection.java:askForVotes(178)) - aac91d0e-90b3-4924-955b-30866d4fff78@group-2DDA05B3685C-LeaderElection61: begin an election at term 52 for 0: [67511f02-1a53-40d3-ad7c-17f75ce9e42c:192.168.157.213:45560, aac91d0e-90b3-4924-955b-30866d4fff78:192.168.157.213:41659, b6ed77c0-0909-418c-a0c6-e1477b4e10c3:192.168.157.213:33232], old=null
2019-10-19 00:50:11,381 [67511f02-1a53-40d3-ad7c-17f75ce9e42c@group-9C7A8CA2BF57-LeaderElection60] INFO  impl.LeaderElection (LeaderElection.java:logAndReturn(56)) - 67511f02-1a53-40d3-ad7c-17f75ce9e42c@group-9C7A8CA2BF57-LeaderElection60: Election REJECTED; received 2 response(s) [67511f02-1a53-40d3-ad7c-17f75ce9e42c<-aac91d0e-90b3-4924-955b-30866d4fff78#0:FAIL-t11, 67511f02-1a53-40d3-ad7c-17f75ce9e42c<-b6ed77c0-0909-418c-a0c6-e1477b4e10c3#0:FAIL-t11] and 0 exception(s); 67511f02-1a53-40d3-ad7c-17f75ce9e42c@group-9C7A8CA2BF57:t11, leader=null, voted=67511f02-1a53-40d3-ad7c-17f75ce9e42c, raftlog=67511f02-1a53-40d3-ad7c-17f75ce9e42c@group-9C7A8CA2BF57-SegmentedRaftLog:OPENED:c-1,f-1,i0, conf=-1: [67511f02-1a53-40d3-ad7c-17f75ce9e42c:192.168.157.213:45560, aac91d0e-90b3-4924-955b-30866d4fff78:192.168.157.213:41659, b6ed77c0-0909-418c-a0c6-e1477b4e10c3:192.168.157.213:33232], old=null
2019-10-19 00:50:11,381 [67511f02-1a53-40d3-ad7c-17f75ce9e42c@group-9C7A8CA2BF57-LeaderElection60] INFO  impl.RaftServerImpl (RaftServerImpl.java:setRole(184)) - 67511f02-1a53-40d3-ad7c-17f75ce9e42c@group-9C7A8CA2BF57: changes role from CANDIDATE to FOLLOWER at term 11 for DISCOVERED_A_NEW_TERM
2019-10-19 00:50:11,381 [67511f02-1a53-40d3-ad7c-17f75ce9e42c@group-9C7A8CA2BF57-LeaderElection60] INFO  impl.RoleInfo (RoleInfo.java:shutdownLeaderElection(134)) - 67511f02-1a53-40d3-ad7c-17f75ce9e42c: shutdown LeaderElection
2019-10-19 00:50:11,382 [67511f02-1a53-40d3-ad7c-17f75ce9e42c@group-9C7A8CA2BF57-LeaderElection60] INFO  impl.RoleInfo (RoleInfo.java:updateAndGet(143)) - 67511f02-1a53-40d3-ad7c-17f75ce9e42c: start FollowerState
2019-10-19 00:50:11,382 [grpc-default-executor-2] INFO  impl.RaftServerImpl (RaftServerImpl.java:setRole(184)) - b6ed77c0-0909-418c-a0c6-e1477b4e10c3@group-2DDA05B3685C: changes role from  FOLLOWER to FOLLOWER at term 52 for recognizeCandidate:aac91d0e-90b3-4924-955b-30866d4fff78
2019-10-19 00:50:11,382 [grpc-default-executor-0] INFO  impl.RaftServerImpl (RaftServerImpl.java:setRole(184)) - 67511f02-1a53-40d3-ad7c-17f75ce9e42c@group-2DDA05B3685C: changes role from  FOLLOWER to FOLLOWER at term 52 for recognizeCandidate:aac91d0e-90b3-4924-955b-30866d4fff78
2019-10-19 00:50:11,382 [grpc-default-executor-2] INFO  impl.RoleInfo (RoleInfo.java:shutdownFollowerState(121)) - b6ed77c0-0909-418c-a0c6-e1477b4e10c3: shutdown FollowerState
2019-10-19 00:50:11,382 [grpc-default-executor-0] INFO  impl.RoleInfo (RoleInfo.java:shutdownFollowerState(121)) - 67511f02-1a53-40d3-ad7c-17f75ce9e42c: shutdown FollowerState
2019-10-19 00:50:11,382 [Thread-945] INFO  impl.FollowerState (FollowerState.java:run(117)) - b6ed77c0-0909-418c-a0c6-e1477b4e10c3@group-2DDA05B3685C-FollowerState was interrupted: java.lang.InterruptedException: sleep interrupted
2019-10-19 00:50:11,382 [grpc-default-executor-2] INFO  impl.RoleInfo (RoleInfo.java:updateAndGet(143)) - b6ed77c0-0909-418c-a0c6-e1477b4e10c3: start FollowerState
2019-10-19 00:50:11,382 [Thread-944] INFO  impl.FollowerState (FollowerState.java:run(117)) - 67511f02-1a53-40d3-ad7c-17f75ce9e42c@group-2DDA05B3685C-FollowerState was interrupted: java.lang.InterruptedException: sleep interrupted
2019-10-19 00:50:11,382 [grpc-default-executor-0] INFO  impl.RoleInfo (RoleInfo.java:updateAndGet(143)) - 67511f02-1a53-40d3-ad7c-17f75ce9e42c: start FollowerState
2019-10-19 00:50:11,390 [aac91d0e-90b3-4924-955b-30866d4fff78@group-2DDA05B3685C-LeaderElection61] INFO  impl.LeaderElection (LeaderElection.java:logAndReturn(56)) - aac91d0e-90b3-4924-955b-30866d4fff78@group-2DDA05B3685C-LeaderElection61: Election REJECTED; received 2 response(s) [aac91d0e-90b3-4924-955b-30866d4fff78<-67511f02-1a53-40d3-ad7c-17f75ce9e42c#0:FAIL-t52, aac91d0e-90b3-4924-955b-30866d4fff78<-b6ed77c0-0909-418c-a0c6-e1477b4e10c3#0:FAIL-t52] and 0 exception(s); aac91d0e-90b3-4924-955b-30866d4fff78@group-2DDA05B3685C:t52, leader=null, voted=aac91d0e-90b3-4924-955b-30866d4fff78, raftlog=aac91d0e-90b3-4924-955b-30866d4fff78@group-2DDA05B3685C-SegmentedRaftLog:OPENED:c3,f4,i4, conf=0: [67511f02-1a53-40d3-ad7c-17f75ce9e42c:192.168.157.213:45560, aac91d0e-90b3-4924-955b-30866d4fff78:192.168.157.213:41659, b6ed77c0-0909-418c-a0c6-e1477b4e10c3:192.168.157.213:33232], old=null
2019-10-19 00:50:11,390 [aac91d0e-90b3-4924-955b-30866d4fff78@group-2DDA05B3685C-LeaderElection61] INFO  impl.RaftServerImpl (RaftServerImpl.java:setRole(184)) - aac91d0e-90b3-4924-955b-30866d4fff78@group-2DDA05B3685C: changes role from CANDIDATE to FOLLOWER at term 52 for DISCOVERED_A_NEW_TERM
2019-10-19 00:50:11,390 [aac91d0e-90b3-4924-955b-30866d4fff78@group-2DDA05B3685C-LeaderElection61] INFO  impl.RoleInfo (RoleInfo.java:shutdownLeaderElection(134)) - aac91d0e-90b3-4924-955b-30866d4fff78: shutdown LeaderElection
2019-10-19 00:50:11,390 [aac91d0e-90b3-4924-955b-30866d4fff78@group-2DDA05B3685C-LeaderElection61] INFO  impl.RoleInfo (RoleInfo.java:updateAndGet(143)) - aac91d0e-90b3-4924-955b-30866d4fff78: start FollowerState
2019-10-19 00:50:11,500 [Thread-958] INFO  impl.FollowerState (FollowerState.java:run(108)) - aac91d0e-90b3-4924-955b-30866d4fff78@group-2DDA05B3685C-FollowerState: change to CANDIDATE, lastRpcTime:109ms, electionTimeout:109ms
2019-10-19 00:50:11,500 [Thread-958] INFO  impl.RoleInfo (RoleInfo.java:shutdownFollowerState(121)) - aac91d0e-90b3-4924-955b-30866d4fff78: shutdown FollowerState
2019-10-19 00:50:11,500 [Thread-958] INFO  impl.RaftServerImpl (RaftServerImpl.java:setRole(184)) - aac91d0e-90b3-4924-955b-30866d4fff78@group-2DDA05B3685C: changes role from  FOLLOWER to CANDIDATE at term 52 for changeToCandidate
2019-10-19 00:50:11,501 [Thread-958] INFO  impl.RoleInfo (RoleInfo.java:updateAndGet(143)) - aac91d0e-90b3-4924-955b-30866d4fff78: start LeaderElection
2019-10-19 00:50:11,526 [aac91d0e-90b3-4924-955b-30866d4fff78@group-2DDA05B3685C-LeaderElection62] INFO  impl.LeaderElection (LeaderElection.java:askForVotes(178)) - aac91d0e-90b3-4924-955b-30866d4fff78@group-2DDA05B3685C-LeaderElection62: begin an election at term 53 for 0: [67511f02-1a53-40d3-ad7c-17f75ce9e42c:192.168.157.213:45560, aac91d0e-90b3-4924-955b-30866d4fff78:192.168.157.213:41659, b6ed77c0-0909-418c-a0c6-e1477b4e10c3:192.168.157.213:33232], old=null
2019-10-19 00:50:11,529 [grpc-default-executor-2] INFO  impl.RaftServerImpl (RaftServerImpl.java:setRole(184)) - b6ed77c0-0909-418c-a0c6-e1477b4e10c3@group-2DDA05B3685C: changes role from  FOLLOWER to FOLLOWER at term 53 for recognizeCandidate:aac91d0e-90b3-4924-955b-30866d4fff78
2019-10-19 00:50:11,529 [grpc-default-executor-0] INFO  impl.RaftServerImpl (RaftServerImpl.java:setRole(184)) - 67511f02-1a53-40d3-ad7c-17f75ce9e42c@group-2DDA05B3685C: changes role from  FOLLOWER to FOLLOWER at term 53 for recognizeCandidate:aac91d0e-90b3-4924-955b-30866d4fff78
2019-10-19 00:50:11,529 [grpc-default-executor-2] INFO  impl.RoleInfo (RoleInfo.java:shutdownFollowerState(121)) - b6ed77c0-0909-418c-a0c6-e1477b4e10c3: shutdown FollowerState
2019-10-19 00:50:11,529 [grpc-default-executor-0] INFO  impl.RoleInfo (RoleInfo.java:shutdownFollowerState(121)) - 67511f02-1a53-40d3-ad7c-17f75ce9e42c: shutdown FollowerState
2019-10-19 00:50:11,529 [Thread-956] INFO  impl.FollowerState (FollowerState.java:run(117)) - b6ed77c0-0909-418c-a0c6-e1477b4e10c3@group-2DDA05B3685C-FollowerState was interrupted: java.lang.InterruptedException: sleep interrupted
2019-10-19 00:50:11,529 [grpc-default-executor-2] INFO  impl.RoleInfo (RoleInfo.java:updateAndGet(143)) - b6ed77c0-0909-418c-a0c6-e1477b4e10c3: start FollowerState
2019-10-19 00:50:11,529 [Thread-957] INFO  impl.FollowerState (FollowerState.java:run(117)) - 67511f02-1a53-40d3-ad7c-17f75ce9e42c@group-2DDA05B3685C-FollowerState was interrupted: java.lang.InterruptedException: sleep interrupted
2019-10-19 00:50:11,529 [grpc-default-executor-0] INFO  impl.RoleInfo (RoleInfo.java:updateAndGet(143)) - 67511f02-1a53-40d3-ad7c-17f75ce9e42c: start FollowerState
2019-10-19 00:50:11,544 [aac91d0e-90b3-4924-955b-30866d4fff78@group-2DDA05B3685C-LeaderElection62] INFO  impl.LeaderElection (LeaderElection.java:logAndReturn(56)) - aac91d0e-90b3-4924-955b-30866d4fff78@group-2DDA05B3685C-LeaderElection62: Election TIMEOUT; received 0 response(s) [] and 0 exception(s); aac91d0e-90b3-4924-955b-30866d4fff78@group-2DDA05B3685C:t53, leader=null, voted=aac91d0e-90b3-4924-955b-30866d4fff78, raftlog=aac91d0e-90b3-4924-955b-30866d4fff78@group-2DDA05B3685C-SegmentedRaftLog:OPENED:c3,f4,i4, conf=0: [67511f02-1a53-40d3-ad7c-17f75ce9e42c:192.168.157.213:45560, aac91d0e-90b3-4924-955b-30866d4fff78:192.168.157.213:41659, b6ed77c0-0909-418c-a0c6-e1477b4e10c3:192.168.157.213:33232], old=null
2019-10-19 00:50:11,548 [Thread-955] INFO  impl.FollowerState (FollowerState.java:run(108)) - 67511f02-1a53-40d3-ad7c-17f75ce9e42c@group-9C7A8CA2BF57-FollowerState: change to CANDIDATE, lastRpcTime:166ms, electionTimeout:166ms
2019-10-19 00:50:11,548 [Thread-955] INFO  impl.RoleInfo (RoleInfo.java:shutdownFollowerState(121)) - 67511f02-1a53-40d3-ad7c-17f75ce9e42c: shutdown FollowerState
2019-10-19 00:50:11,548 [Thread-955] INFO  impl.RaftServerImpl (RaftServerImpl.java:setRole(184)) - 67511f02-1a53-40d3-ad7c-17f75ce9e42c@group-9C7A8CA2BF57: changes role from  FOLLOWER to CANDIDATE at term 11 for changeToCandidate
2019-10-19 00:50:11,549 [Thread-955] INFO  impl.RoleInfo (RoleInfo.java:updateAndGet(143)) - 67511f02-1a53-40d3-ad7c-17f75ce9e42c: start LeaderElection
2019-10-19 00:50:11,558 [67511f02-1a53-40d3-ad7c-17f75ce9e42c@group-9C7A8CA2BF57-LeaderElection63] INFO  impl.LeaderElection (LeaderElection.java:askForVotes(178)) - 67511f02-1a53-40d3-ad7c-17f75ce9e42c@group-9C7A8CA2BF57-LeaderElection63: begin an election at term 12 for -1: [67511f02-1a53-40d3-ad7c-17f75ce9e42c:192.168.157.213:45560, aac91d0e-90b3-4924-955b-30866d4fff78:192.168.157.213:41659, b6ed77c0-0909-418c-a0c6-e1477b4e10c3:192.168.157.213:33232], old=null
2019-10-19 00:50:11,558 [aac91d0e-90b3-4924-955b-30866d4fff78@group-2DDA05B3685C-LeaderElection62] INFO  impl.LeaderElection (LeaderElection.java:askForVotes(178)) - aac91d0e-90b3-4924-955b-30866d4fff78@group-2DDA05B3685C-LeaderElection62: begin an election at term 54 for 0: [67511f02-1a53-40d3-ad7c-17f75ce9e42c:192.168.157.213:45560, aac91d0e-90b3-4924-955b-30866d4fff78:192.168.157.213:41659, b6ed77c0-0909-418c-a0c6-e1477b4e10c3:192.168.157.213:33232], old=null
2019-10-19 00:50:11,560 [grpc-default-executor-2] INFO  impl.RaftServerImpl (RaftServerImpl.java:setRole(184)) - aac91d0e-90b3-4924-955b-30866d4fff78@group-9C7A8CA2BF57: changes role from  FOLLOWER to FOLLOWER at term 12 for recognizeCandidate:67511f02-1a53-40d3-ad7c-17f75ce9e42c
2019-10-19 00:50:11,560 [grpc-default-executor-2] INFO  impl.RoleInfo (RoleInfo.java:shutdownFollowerState(121)) - aac91d0e-90b3-4924-955b-30866d4fff78: shutdown FollowerState
2019-10-19 00:50:11,560 [grpc-default-executor-2] INFO  impl.RoleInfo (RoleInfo.java:updateAndGet(143)) - aac91d0e-90b3-4924-955b-30866d4fff78: start FollowerState
2019-10-19 00:50:11,560 [Thread-951] INFO  impl.FollowerState (FollowerState.java:run(117)) - aac91d0e-90b3-4924-955b-30866d4fff78@group-9C7A8CA2BF57-FollowerState was interrupted: java.lang.InterruptedException: sleep interrupted
2019-10-19 00:50:11,561 [grpc-default-executor-0] INFO  impl.RaftServerImpl (RaftServerImpl.java:setRole(184)) - b6ed77c0-0909-418c-a0c6-e1477b4e10c3@group-2DDA05B3685C: changes role from  FOLLOWER to FOLLOWER at term 54 for recognizeCandidate:aac91d0e-90b3-4924-955b-30866d4fff78
2019-10-19 00:50:11,561 [grpc-default-executor-0] INFO  impl.RoleInfo (RoleInfo.java:shutdownFollowerState(121)) - b6ed77c0-0909-418c-a0c6-e1477b4e10c3: shutdown FollowerState
2019-10-19 00:50:11,561 [grpc-default-executor-7] INFO  impl.RaftServerImpl (RaftServerImpl.java:setRole(184)) - 67511f02-1a53-40d3-ad7c-17f75ce9e42c@group-2DDA05B3685C: changes role from  FOLLOWER to FOLLOWER at term 54 for recognizeCandidate:aac91d0e-90b3-4924-955b-30866d4fff78
2019-10-19 00:50:11,561 [grpc-default-executor-1] INFO  impl.RaftServerImpl (RaftServerImpl.java:setRole(184)) - b6ed77c0-0909-418c-a0c6-e1477b4e10c3@group-9C7A8CA2BF57: changes role from  FOLLOWER to FOLLOWER at term 12 for recognizeCandidate:67511f02-1a53-40d3-ad7c-17f75ce9e42c
2019-10-19 00:50:11,561 [Thread-962] INFO  impl.FollowerState (FollowerState.java:run(117)) - b6ed77c0-0909-418c-a0c6-e1477b4e10c3@group-2DDA05B3685C-FollowerState was interrupted: java.lang.InterruptedException: sleep interrupted
2019-10-19 00:50:11,561 [grpc-default-executor-0] INFO  impl.RoleInfo (RoleInfo.java:updateAndGet(143)) - b6ed77c0-0909-418c-a0c6-e1477b4e10c3: start FollowerState
2019-10-19 00:50:11,561 [grpc-default-executor-1] INFO  impl.RoleInfo (RoleInfo.java:shutdownFollowerState(121)) - b6ed77c0-0909-418c-a0c6-e1477b4e10c3: shutdown FollowerState
2019-10-19 00:50:11,561 [grpc-default-executor-7] INFO  impl.RoleInfo (RoleInfo.java:shutdownFollowerState(121)) - 67511f02-1a53-40d3-ad7c-17f75ce9e42c: shutdown FollowerState
2019-10-19 00:50:11,562 [Thread-950] INFO  impl.FollowerState (FollowerState.java:run(117)) - b6ed77c0-0909-418c-a0c6-e1477b4e10c3@group-9C7A8CA2BF57-FollowerState was interrupted: java.lang.InterruptedException: sleep interrupted
2019-10-19 00:50:11,562 [grpc-default-executor-1] INFO  impl.RoleInfo (RoleInfo.java:updateAndGet(143)) - b6ed77c0-0909-418c-a0c6-e1477b4e10c3: start FollowerState
2019-10-19 00:50:11,562 [grpc-default-executor-7] INFO  impl.RoleInfo (RoleInfo.java:updateAndGet(143)) - 67511f02-1a53-40d3-ad7c-17f75ce9e42c: start FollowerState
2019-10-19 00:50:11,562 [Thread-963] INFO  impl.FollowerState (FollowerState.java:run(117)) - 67511f02-1a53-40d3-ad7c-17f75ce9e42c@group-2DDA05B3685C-FollowerState was interrupted: java.lang.InterruptedException: sleep interrupted
2019-10-19 00:50:11,575 [67511f02-1a53-40d3-ad7c-17f75ce9e42c@group-9C7A8CA2BF57-LeaderElection63] INFO  impl.LeaderElection (LeaderElection.java:logAndReturn(56)) - 67511f02-1a53-40d3-ad7c-17f75ce9e42c@group-9C7A8CA2BF57-LeaderElection63: Election REJECTED; received 2 response(s) [67511f02-1a53-40d3-ad7c-17f75ce9e42c<-aac91d0e-90b3-4924-955b-30866d4fff78#0:FAIL-t12, 67511f02-1a53-40d3-ad7c-17f75ce9e42c<-b6ed77c0-0909-418c-a0c6-e1477b4e10c3#0:FAIL-t12] and 0 exception(s); 67511f02-1a53-40d3-ad7c-17f75ce9e42c@group-9C7A8CA2BF57:t12, leader=null, voted=67511f02-1a53-40d3-ad7c-17f75ce9e42c, raftlog=67511f02-1a53-40d3-ad7c-17f75ce9e42c@group-9C7A8CA2BF57-SegmentedRaftLog:OPENED:c-1,f-1,i0, conf=-1: [67511f02-1a53-40d3-ad7c-17f75ce9e42c:192.168.157.213:45560, aac91d0e-90b3-4924-955b-30866d4fff78:192.168.157.213:41659, b6ed77c0-0909-418c-a0c6-e1477b4e10c3:192.168.157.213:33232], old=null
2019-10-19 00:50:11,575 [aac91d0e-90b3-4924-955b-30866d4fff78@group-2DDA05B3685C-LeaderElection62] INFO  impl.LeaderElection (LeaderElection.java:logAndReturn(56)) - aac91d0e-90b3-4924-955b-30866d4fff78@group-2DDA05B3685C-LeaderElection62: Election REJECTED; received 2 response(s) [aac91d0e-90b3-4924-955b-30866d4fff78<-67511f02-1a53-40d3-ad7c-17f75ce9e42c#0:FAIL-t54, aac91d0e-90b3-4924-955b-30866d4fff78<-b6ed77c0-0909-418c-a0c6-e1477b4e10c3#0:FAIL-t54] and 0 exception(s); aac91d0e-90b3-4924-955b-30866d4fff78@group-2DDA05B3685C:t54, leader=null, voted=aac91d0e-90b3-4924-955b-30866d4fff78, raftlog=aac91d0e-90b3-4924-955b-30866d4fff78@group-2DDA05B3685C-SegmentedRaftLog:OPENED:c3,f4,i4, conf=0: [67511f02-1a53-40d3-ad7c-17f75ce9e42c:192.168.157.213:45560, aac91d0e-90b3-4924-955b-30866d4fff78:192.168.157.213:41659, b6ed77c0-0909-418c-a0c6-e1477b4e10c3:192.168.157.213:33232], old=null
2019-10-19 00:50:11,576 [67511f02-1a53-40d3-ad7c-17f75ce9e42c@group-9C7A8CA2BF57-LeaderElection63] INFO  impl.RaftServerImpl (RaftServerImpl.java:setRole(184)) - 67511f02-1a53-40d3-ad7c-17f75ce9e42c@group-9C7A8CA2BF57: changes role from CANDIDATE to FOLLOWER at term 12 for DISCOVERED_A_NEW_TERM
2019-10-19 00:50:11,576 [aac91d0e-90b3-4924-955b-30866d4fff78@group-2DDA05B3685C-LeaderElection62] INFO  impl.RaftServerImpl (RaftServerImpl.java:setRole(184)) - aac91d0e-90b3-4924-955b-30866d4fff78@group-2DDA05B3685C: changes role from CANDIDATE to FOLLOWER at term 54 for DISCOVERED_A_NEW_TERM
2019-10-19 00:50:11,576 [67511f02-1a53-40d3-ad7c-17f75ce9e42c@group-9C7A8CA2BF57-LeaderElection63] INFO  impl.RoleInfo (RoleInfo.java:shutdownLeaderElection(134)) - 67511f02-1a53-40d3-ad7c-17f75ce9e42c: shutdown LeaderElection
2019-10-19 00:50:11,576 [aac91d0e-90b3-4924-955b-30866d4fff78@group-2DDA05B3685C-LeaderElection62] INFO  impl.RoleInfo (RoleInfo.java:shutdownLeaderElection(134)) - aac91d0e-90b3-4924-955b-30866d4fff78: shutdown LeaderElection
2019-10-19 00:50:11,576 [67511f02-1a53-40d3-ad7c-17f75ce9e42c@group-9C7A8CA2BF57-LeaderElection63] INFO  impl.RoleInfo (RoleInfo.java:updateAndGet(143)) - 67511f02-1a53-40d3-ad7c-17f75ce9e42c: start FollowerState
2019-10-19 00:50:11,576 [aac91d0e-90b3-4924-955b-30866d4fff78@group-2DDA05B3685C-LeaderElection62] INFO  impl.RoleInfo (RoleInfo.java:updateAndGet(143)) - aac91d0e-90b3-4924-955b-30866d4fff78: start FollowerState
2019-10-19 00:50:11,737 [Thread-974] INFO  impl.FollowerState (FollowerState.java:run(108)) - aac91d0e-90b3-4924-955b-30866d4fff78@group-2DDA05B3685C-FollowerState: change to CANDIDATE, lastRpcTime:160ms, electionTimeout:160ms
2019-10-19 00:50:11,737 [Thread-974] INFO  impl.RoleInfo (RoleInfo.java:shutdownFollowerState(121)) - aac91d0e-90b3-4924-955b-30866d4fff78: shutdown FollowerState
2019-10-19 00:50:11,737 [Thread-974] INFO  impl.RaftServerImpl (RaftServerImpl.java:setRole(184)) - aac91d0e-90b3-4924-955b-30866d4fff78@group-2DDA05B3685C: changes role from  FOLLOWER to CANDIDATE at term 54 for changeToCandidate
2019-10-19 00:50:11,737 [Thread-974] INFO  impl.RoleInfo (RoleInfo.java:updateAndGet(143)) - aac91d0e-90b3-4924-955b-30866d4fff78: start LeaderElection
2019-10-19 00:50:11,750 [aac91d0e-90b3-4924-955b-30866d4fff78@group-2DDA05B3685C-LeaderElection64] INFO  impl.LeaderElection (LeaderElection.java:askForVotes(178)) - aac91d0e-90b3-4924-955b-30866d4fff78@group-2DDA05B3685C-LeaderElection64: begin an election at term 55 for 0: [67511f02-1a53-40d3-ad7c-17f75ce9e42c:192.168.157.213:45560, aac91d0e-90b3-4924-955b-30866d4fff78:192.168.157.213:41659, b6ed77c0-0909-418c-a0c6-e1477b4e10c3:192.168.157.213:33232], old=null
2019-10-19 00:50:11,753 [grpc-default-executor-0] INFO  impl.RaftServerImpl (RaftServerImpl.java:setRole(184)) - b6ed77c0-0909-418c-a0c6-e1477b4e10c3@group-2DDA05B3685C: changes role from  FOLLOWER to FOLLOWER at term 55 for recognizeCandidate:aac91d0e-90b3-4924-955b-30866d4fff78
2019-10-19 00:50:11,753 [grpc-default-executor-2] INFO  impl.RaftServerImpl (RaftServerImpl.java:setRole(184)) - 67511f02-1a53-40d3-ad7c-17f75ce9e42c@group-2DDA05B3685C: changes role from  FOLLOWER to FOLLOWER at term 55 for recognizeCandidate:aac91d0e-90b3-4924-955b-30866d4fff78
2019-10-19 00:50:11,753 [grpc-default-executor-0] INFO  impl.RoleInfo (RoleInfo.java:shutdownFollowerState(121)) - b6ed77c0-0909-418c-a0c6-e1477b4e10c3: shutdown FollowerState
2019-10-19 00:50:11,753 [grpc-default-executor-2] INFO  impl.RoleInfo (RoleInfo.java:shutdownFollowerState(121)) - 67511f02-1a53-40d3-ad7c-17f75ce9e42c: shutdown FollowerState
2019-10-19 00:50:11,753 [Thread-970] INFO  impl.FollowerState (FollowerState.java:run(117)) - b6ed77c0-0909-418c-a0c6-e1477b4e10c3@group-2DDA05B3685C-FollowerState was interrupted: java.lang.InterruptedException: sleep interrupted
2019-10-19 00:50:11,753 [grpc-default-executor-0] INFO  impl.RoleInfo (RoleInfo.java:updateAndGet(143)) - b6ed77c0-0909-418c-a0c6-e1477b4e10c3: start FollowerState
2019-10-19 00:50:11,753 [Thread-972] INFO  impl.FollowerState (FollowerState.java:run(117)) - 67511f02-1a53-40d3-ad7c-17f75ce9e42c@group-2DDA05B3685C-FollowerState was interrupted: java.lang.InterruptedException: sleep interrupted
2019-10-19 00:50:11,753 [grpc-default-executor-2] INFO  impl.RoleInfo (RoleInfo.java:updateAndGet(143)) - 67511f02-1a53-40d3-ad7c-17f75ce9e42c: start FollowerState
2019-10-19 00:50:11,768 [aac91d0e-90b3-4924-955b-30866d4fff78@group-2DDA05B3685C-LeaderElection64] INFO  impl.LeaderElection (LeaderElection.java:logAndReturn(56)) - aac91d0e-90b3-4924-955b-30866d4fff78@group-2DDA05B3685C-LeaderElection64: Election REJECTED; received 2 response(s) [aac91d0e-90b3-4924-955b-30866d4fff78<-67511f02-1a53-40d3-ad7c-17f75ce9e42c#0:FAIL-t55, aac91d0e-90b3-4924-955b-30866d4fff78<-b6ed77c0-0909-418c-a0c6-e1477b4e10c3#0:FAIL-t55] and 0 exception(s); aac91d0e-90b3-4924-955b-30866d4fff78@group-2DDA05B3685C:t55, leader=null, voted=aac91d0e-90b3-4924-955b-30866d4fff78, raftlog=aac91d0e-90b3-4924-955b-30866d4fff78@group-2DDA05B3685C-SegmentedRaftLog:OPENED:c3,f4,i4, conf=0: [67511f02-1a53-40d3-ad7c-17f75ce9e42c:192.168.157.213:45560, aac91d0e-90b3-4924-955b-30866d4fff78:192.168.157.213:41659, b6ed77c0-0909-418c-a0c6-e1477b4e10c3:192.168.157.213:33232], old=null
2019-10-19 00:50:11,768 [aac91d0e-90b3-4924-955b-30866d4fff78@group-2DDA05B3685C-LeaderElection64] INFO  impl.RaftServerImpl (RaftServerImpl.java:setRole(184)) - aac91d0e-90b3-4924-955b-30866d4fff78@group-2DDA05B3685C: changes role from CANDIDATE to FOLLOWER at term 55 for DISCOVERED_A_NEW_TERM
2019-10-19 00:50:11,768 [aac91d0e-90b3-4924-955b-30866d4fff78@group-2DDA05B3685C-LeaderElection64] INFO  impl.RoleInfo (RoleInfo.java:shutdownLeaderElection(134)) - aac91d0e-90b3-4924-955b-30866d4fff78: shutdown LeaderElection
2019-10-19 00:50:11,769 [aac91d0e-90b3-4924-955b-30866d4fff78@group-2DDA05B3685C-LeaderElection64] INFO  impl.RoleInfo (RoleInfo.java:updateAndGet(143)) - aac91d0e-90b3-4924-955b-30866d4fff78: start FollowerState
2019-10-19 00:50:11,773 [Thread-973] INFO  impl.FollowerState (FollowerState.java:run(108)) - 67511f02-1a53-40d3-ad7c-17f75ce9e42c@group-9C7A8CA2BF57-FollowerState: change to CANDIDATE, lastRpcTime:197ms, electionTimeout:197ms
2019-10-19 00:50:11,774 [Thread-973] INFO  impl.RoleInfo (RoleInfo.java:shutdownFollowerState(121)) - 67511f02-1a53-40d3-ad7c-17f75ce9e42c: shutdown FollowerState
2019-10-19 00:50:11,774 [Thread-973] INFO  impl.RaftServerImpl (RaftServerImpl.java:setRole(184)) - 67511f02-1a53-40d3-ad7c-17f75ce9e42c@group-9C7A8CA2BF57: changes role from  FOLLOWER to CANDIDATE at term 12 for changeToCandidate
2019-10-19 00:50:11,774 [Thread-973] INFO  impl.RoleInfo (RoleInfo.java:updateAndGet(143)) - 67511f02-1a53-40d3-ad7c-17f75ce9e42c: start LeaderElection
2019-10-19 00:50:11,783 [67511f02-1a53-40d3-ad7c-17f75ce9e42c@group-9C7A8CA2BF57-LeaderElection65] INFO  impl.LeaderElection (LeaderElection.java:askForVotes(178)) - 67511f02-1a53-40d3-ad7c-17f75ce9e42c@group-9C7A8CA2BF57-LeaderElection65: begin an election at term 13 for -1: [67511f02-1a53-40d3-ad7c-17f75ce9e42c:192.168.157.213:45560, aac91d0e-90b3-4924-955b-30866d4fff78:192.168.157.213:41659, b6ed77c0-0909-418c-a0c6-e1477b4e10c3:192.168.157.213:33232], old=null
2019-10-19 00:50:11,785 [grpc-default-executor-0] INFO  impl.RaftServerImpl (RaftServerImpl.java:setRole(184)) - aac91d0e-90b3-4924-955b-30866d4fff78@group-9C7A8CA2BF57: changes role from  FOLLOWER to FOLLOWER at term 13 for recognizeCandidate:67511f02-1a53-40d3-ad7c-17f75ce9e42c
2019-10-19 00:50:11,785 [grpc-default-executor-0] INFO  impl.RoleInfo (RoleInfo.java:shutdownFollowerState(121)) - aac91d0e-90b3-4924-955b-30866d4fff78: shutdown FollowerState
2019-10-19 00:50:11,785 [grpc-default-executor-2] INFO  impl.RaftServerImpl (RaftServerImpl.java:setRole(184)) - b6ed77c0-0909-418c-a0c6-e1477b4e10c3@group-9C7A8CA2BF57: changes role from  FOLLOWER to FOLLOWER at term 13 for recognizeCandidate:67511f02-1a53-40d3-ad7c-17f75ce9e42c
2019-10-19 00:50:11,785 [Thread-969] INFO  impl.FollowerState (FollowerState.java:run(117)) - aac91d0e-90b3-4924-955b-30866d4fff78@group-9C7A8CA2BF57-FollowerState was interrupted: java.lang.InterruptedException: sleep interrupted
2019-10-19 00:50:11,785 [grpc-default-executor-0] INFO  impl.RoleInfo (RoleInfo.java:updateAndGet(143)) - aac91d0e-90b3-4924-955b-30866d4fff78: start FollowerState
2019-10-19 00:50:11,786 [grpc-default-executor-2] INFO  impl.RoleInfo (RoleInfo.java:shutdownFollowerState(121)) - b6ed77c0-0909-418c-a0c6-e1477b4e10c3: shutdown FollowerState
2019-10-19 00:50:11,786 [grpc-default-executor-2] INFO  impl.RoleInfo (RoleInfo.java:updateAndGet(143)) - b6ed77c0-0909-418c-a0c6-e1477b4e10c3: start FollowerState
2019-10-19 00:50:11,786 [Thread-971] INFO  impl.FollowerState (FollowerState.java:run(117)) - b6ed77c0-0909-418c-a0c6-e1477b4e10c3@group-9C7A8CA2BF57-FollowerState was interrupted: java.lang.InterruptedException: sleep interrupted
2019-10-19 00:50:11,800 [67511f02-1a53-40d3-ad7c-17f75ce9e42c@group-9C7A8CA2BF57-LeaderElection65] INFO  impl.LeaderElection (LeaderElection.java:logAndReturn(56)) - 67511f02-1a53-40d3-ad7c-17f75ce9e42c@group-9C7A8CA2BF57-LeaderElection65: Election REJECTED; received 2 response(s) [67511f02-1a53-40d3-ad7c-17f75ce9e42c<-aac91d0e-90b3-4924-955b-30866d4fff78#0:FAIL-t13, 67511f02-1a53-40d3-ad7c-17f75ce9e42c<-b6ed77c0-0909-418c-a0c6-e1477b4e10c3#0:FAIL-t13] and 0 exception(s); 67511f02-1a53-40d3-ad7c-17f75ce9e42c@group-9C7A8CA2BF57:t13, leader=null, voted=67511f02-1a53-40d3-ad7c-17f75ce9e42c, raftlog=67511f02-1a53-40d3-ad7c-17f75ce9e42c@group-9C7A8CA2BF57-SegmentedRaftLog:OPENED:c-1,f-1,i0, conf=-1: [67511f02-1a53-40d3-ad7c-17f75ce9e42c:192.168.157.213:45560, aac91d0e-90b3-4924-955b-30866d4fff78:192.168.157.213:41659, b6ed77c0-0909-418c-a0c6-e1477b4e10c3:192.168.157.213:33232], old=null
2019-10-19 00:50:11,800 [67511f02-1a53-40d3-ad7c-17f75ce9e42c@group-9C7A8CA2BF57-LeaderElection65] INFO  impl.RaftServerImpl (RaftServerImpl.java:setRole(184)) - 67511f02-1a53-40d3-ad7c-17f75ce9e42c@group-9C7A8CA2BF57: changes role from CANDIDATE to FOLLOWER at term 13 for DISCOVERED_A_NEW_TERM
2019-10-19 00:50:11,800 [67511f02-1a53-40d3-ad7c-17f75ce9e42c@group-9C7A8CA2BF57-LeaderElection65] INFO  impl.RoleInfo (RoleInfo.java:shutdownLeaderElection(134)) - 67511f02-1a53-40d3-ad7c-17f75ce9e42c: shutdown LeaderElection
2019-10-19 00:50:11,800 [67511f02-1a53-40d3-ad7c-17f75ce9e42c@group-9C7A8CA2BF57-LeaderElection65] INFO  impl.RoleInfo (RoleInfo.java:updateAndGet(143)) - 67511f02-1a53-40d3-ad7c-17f75ce9e42c: start FollowerState
2019-10-19 00:50:11,815 [Thread-980] INFO  impl.FollowerState (FollowerState.java:run(108)) - aac91d0e-90b3-4924-955b-30866d4fff78@group-2DDA05B3685C-FollowerState: change to CANDIDATE, lastRpcTime:46ms, electionTimeout:46ms
2019-10-19 00:50:11,815 [Thread-980] INFO  impl.RoleInfo (RoleInfo.java:shutdownFollowerState(121)) - aac91d0e-90b3-4924-955b-30866d4fff78: shutdown FollowerState
2019-10-19 00:50:11,815 [Thread-980] INFO  impl.RaftServerImpl (RaftServerImpl.java:setRole(184)) - aac91d0e-90b3-4924-955b-30866d4fff78@group-2DDA05B3685C: changes role from  FOLLOWER to CANDIDATE at term 55 for changeToCandidate
2019-10-19 00:50:11,815 [Thread-980] INFO  impl.RoleInfo (RoleInfo.java:updateAndGet(143)) - aac91d0e-90b3-4924-955b-30866d4fff78: start LeaderElection
2019-10-19 00:50:11,829 [aac91d0e-90b3-4924-955b-30866d4fff78@group-2DDA05B3685C-LeaderElection66] INFO  impl.LeaderElection (LeaderElection.java:askForVotes(178)) - aac91d0e-90b3-4924-955b-30866d4fff78@group-2DDA05B3685C-LeaderElection66: begin an election at term 56 for 0: [67511f02-1a53-40d3-ad7c-17f75ce9e42c:192.168.157.213:45560, aac91d0e-90b3-4924-955b-30866d4fff78:192.168.157.213:41659, b6ed77c0-0909-418c-a0c6-e1477b4e10c3:192.168.157.213:33232], old=null
2019-10-19 00:50:11,830 [Thread-986] INFO  impl.FollowerState (FollowerState.java:run(108)) - 67511f02-1a53-40d3-ad7c-17f75ce9e42c@group-9C7A8CA2BF57-FollowerState: change to CANDIDATE, lastRpcTime:29ms, electionTimeout:29ms
2019-10-19 00:50:11,830 [Thread-986] INFO  impl.RoleInfo (RoleInfo.java:shutdownFollowerState(121)) - 67511f02-1a53-40d3-ad7c-17f75ce9e42c: shutdown FollowerState
2019-10-19 00:50:11,830 [Thread-986] INFO  impl.RaftServerImpl (RaftServerImpl.java:setRole(184)) - 67511f02-1a53-40d3-ad7c-17f75ce9e42c@group-9C7A8CA2BF57: changes role from  FOLLOWER to CANDIDATE at term 13 for changeToCandidate
2019-10-19 00:50:11,830 [grpc-default-executor-2] INFO  impl.RaftServerImpl (RaftServerImpl.java:setRole(184)) - 67511f02-1a53-40d3-ad7c-17f75ce9e42c@group-2DDA05B3685C: changes role from  FOLLOWER to FOLLOWER at term 56 for recognizeCandidate:aac91d0e-90b3-4924-955b-30866d4fff78
2019-10-19 00:50:11,830 [Thread-986] INFO  impl.RoleInfo (RoleInfo.java:updateAndGet(143)) - 67511f02-1a53-40d3-ad7c-17f75ce9e42c: start LeaderElection
2019-10-19 00:50:11,830 [grpc-default-executor-2] INFO  impl.RoleInfo (RoleInfo.java:shutdownFollowerState(121)) - 67511f02-1a53-40d3-ad7c-17f75ce9e42c: shutdown FollowerState
2019-10-19 00:50:11,831 [Thread-979] INFO  impl.FollowerState (FollowerState.java:run(117)) - 67511f02-1a53-40d3-ad7c-17f75ce9e42c@group-2DDA05B3685C-FollowerState was interrupted: java.lang.InterruptedException: sleep interrupted
2019-10-19 00:50:11,831 [grpc-default-executor-2] INFO  impl.RoleInfo (RoleInfo.java:updateAndGet(143)) - 67511f02-1a53-40d3-ad7c-17f75ce9e42c: start FollowerState
2019-10-19 00:50:11,831 [grpc-default-executor-0] INFO  impl.RaftServerImpl (RaftServerImpl.java:setRole(184)) - b6ed77c0-0909-418c-a0c6-e1477b4e10c3@group-2DDA05B3685C: changes role from  FOLLOWER to FOLLOWER at term 56 for recognizeCandidate:aac91d0e-90b3-4924-955b-30866d4fff78
2019-10-19 00:50:11,831 [grpc-default-executor-0] INFO  impl.RoleInfo (RoleInfo.java:shutdownFollowerState(121)) - b6ed77c0-0909-418c-a0c6-e1477b4e10c3: shutdown FollowerState
2019-10-19 00:50:11,831 [grpc-default-executor-0] INFO  impl.RoleInfo (RoleInfo.java:updateAndGet(143)) - b6ed77c0-0909-418c-a0c6-e1477b4e10c3: start FollowerState
2019-10-19 00:50:11,831 [Thread-978] INFO  impl.FollowerState (FollowerState.java:run(117)) - b6ed77c0-0909-418c-a0c6-e1477b4e10c3@group-2DDA05B3685C-FollowerState was interrupted: java.lang.InterruptedException: sleep interrupted
2019-10-19 00:50:11,845 [67511f02-1a53-40d3-ad7c-17f75ce9e42c@group-9C7A8CA2BF57-LeaderElection67] INFO  impl.LeaderElection (LeaderElection.java:askForVotes(178)) - 67511f02-1a53-40d3-ad7c-17f75ce9e42c@group-9C7A8CA2BF57-LeaderElection67: begin an election at term 14 for -1: [67511f02-1a53-40d3-ad7c-17f75ce9e42c:192.168.157.213:45560, aac91d0e-90b3-4924-955b-30866d4fff78:192.168.157.213:41659, b6ed77c0-0909-418c-a0c6-e1477b4e10c3:192.168.157.213:33232], old=null
2019-10-19 00:50:11,846 [aac91d0e-90b3-4924-955b-30866d4fff78@group-2DDA05B3685C-LeaderElection66] INFO  impl.LeaderElection (LeaderElection.java:logAndReturn(56)) - aac91d0e-90b3-4924-955b-30866d4fff78@group-2DDA05B3685C-LeaderElection66: Election REJECTED; received 2 response(s) [aac91d0e-90b3-4924-955b-30866d4fff78<-67511f02-1a53-40d3-ad7c-17f75ce9e42c#0:FAIL-t56, aac91d0e-90b3-4924-955b-30866d4fff78<-b6ed77c0-0909-418c-a0c6-e1477b4e10c3#0:FAIL-t56] and 0 exception(s); aac91d0e-90b3-4924-955b-30866d4fff78@group-2DDA05B3685C:t56, leader=null, voted=aac91d0e-90b3-4924-955b-30866d4fff78, raftlog=aac91d0e-90b3-4924-955b-30866d4fff78@group-2DDA05B3685C-SegmentedRaftLog:OPENED:c3,f4,i4, conf=0: [67511f02-1a53-40d3-ad7c-17f75ce9e42c:192.168.157.213:45560, aac91d0e-90b3-4924-955b-30866d4fff78:192.168.157.213:41659, b6ed77c0-0909-418c-a0c6-e1477b4e10c3:192.168.157.213:33232], old=null
2019-10-19 00:50:11,846 [aac91d0e-90b3-4924-955b-30866d4fff78@group-2DDA05B3685C-LeaderElection66] INFO  impl.RaftServerImpl (RaftServerImpl.java:setRole(184)) - aac91d0e-90b3-4924-955b-30866d4fff78@group-2DDA05B3685C: changes role from CANDIDATE to FOLLOWER at term 56 for DISCOVERED_A_NEW_TERM
2019-10-19 00:50:11,846 [aac91d0e-90b3-4924-955b-30866d4fff78@group-2DDA05B3685C-LeaderElection66] INFO  impl.RoleInfo (RoleInfo.java:shutdownLeaderElection(134)) - aac91d0e-90b3-4924-955b-30866d4fff78: shutdown LeaderElection
2019-10-19 00:50:11,846 [aac91d0e-90b3-4924-955b-30866d4fff78@group-2DDA05B3685C-LeaderElection66] INFO  impl.RoleInfo (RoleInfo.java:updateAndGet(143)) - aac91d0e-90b3-4924-955b-30866d4fff78: start FollowerState
2019-10-19 00:50:11,847 [grpc-default-executor-2] INFO  impl.RaftServerImpl (RaftServerImpl.java:setRole(184)) - b6ed77c0-0909-418c-a0c6-e1477b4e10c3@group-9C7A8CA2BF57: changes role from  FOLLOWER to FOLLOWER at term 14 for recognizeCandidate:67511f02-1a53-40d3-ad7c-17f75ce9e42c
2019-10-19 00:50:11,847 [grpc-default-executor-0] INFO  impl.RaftServerImpl (RaftServerImpl.java:setRole(184)) - aac91d0e-90b3-4924-955b-30866d4fff78@group-9C7A8CA2BF57: changes role from  FOLLOWER to FOLLOWER at term 14 for recognizeCandidate:67511f02-1a53-40d3-ad7c-17f75ce9e42c
2019-10-19 00:50:11,847 [grpc-default-executor-2] INFO  impl.RoleInfo (RoleInfo.java:shutdownFollowerState(121)) - b6ed77c0-0909-418c-a0c6-e1477b4e10c3: shutdown FollowerState
2019-10-19 00:50:11,847 [grpc-default-executor-0] INFO  impl.RoleInfo (RoleInfo.java:shutdownFollowerState(121)) - aac91d0e-90b3-4924-955b-30866d4fff78: shutdown FollowerState
2019-10-19 00:50:11,847 [Thread-985] INFO  impl.FollowerState (FollowerState.java:run(117)) - b6ed77c0-0909-418c-a0c6-e1477b4e10c3@group-9C7A8CA2BF57-FollowerState was interrupted: java.lang.InterruptedException: sleep interrupted
2019-10-19 00:50:11,847 [grpc-default-executor-2] INFO  impl.RoleInfo (RoleInfo.java:updateAndGet(143)) - b6ed77c0-0909-418c-a0c6-e1477b4e10c3: start FollowerState
2019-10-19 00:50:11,847 [Thread-984] INFO  impl.FollowerState (FollowerState.java:run(117)) - aac91d0e-90b3-4924-955b-30866d4fff78@group-9C7A8CA2BF57-FollowerState was interrupted: java.lang.InterruptedException: sleep interrupted
2019-10-19 00:50:11,847 [grpc-default-executor-0] INFO  impl.RoleInfo (RoleInfo.java:updateAndGet(143)) - aac91d0e-90b3-4924-955b-30866d4fff78: start FollowerState
2019-10-19 00:50:11,861 [67511f02-1a53-40d3-ad7c-17f75ce9e42c@group-9C7A8CA2BF57-LeaderElection67] INFO  impl.LeaderElection (LeaderElection.java:logAndReturn(56)) - 67511f02-1a53-40d3-ad7c-17f75ce9e42c@group-9C7A8CA2BF57-LeaderElection67: Election REJECTED; received 2 response(s) [67511f02-1a53-40d3-ad7c-17f75ce9e42c<-aac91d0e-90b3-4924-955b-30866d4fff78#0:FAIL-t14, 67511f02-1a53-40d3-ad7c-17f75ce9e42c<-b6ed77c0-0909-418c-a0c6-e1477b4e10c3#0:FAIL-t14] and 0 exception(s); 67511f02-1a53-40d3-ad7c-17f75ce9e42c@group-9C7A8CA2BF57:t14, leader=null, voted=67511f02-1a53-40d3-ad7c-17f75ce9e42c, raftlog=67511f02-1a53-40d3-ad7c-17f75ce9e42c@group-9C7A8CA2BF57-SegmentedRaftLog:OPENED:c-1,f-1,i0, conf=-1: [67511f02-1a53-40d3-ad7c-17f75ce9e42c:192.168.157.213:45560, aac91d0e-90b3-4924-955b-30866d4fff78:192.168.157.213:41659, b6ed77c0-0909-418c-a0c6-e1477b4e10c3:192.168.157.213:33232], old=null
2019-10-19 00:50:11,861 [67511f02-1a53-40d3-ad7c-17f75ce9e42c@group-9C7A8CA2BF57-LeaderElection67] INFO  impl.RaftServerImpl (RaftServerImpl.java:setRole(184)) - 67511f02-1a53-40d3-ad7c-17f75ce9e42c@group-9C7A8CA2BF57: changes role from CANDIDATE to FOLLOWER at term 14 for DISCOVERED_A_NEW_TERM
2019-10-19 00:50:11,862 [67511f02-1a53-40d3-ad7c-17f75ce9e42c@group-9C7A8CA2BF57-LeaderElection67] INFO  impl.RoleInfo (RoleInfo.java:shutdownLeaderElection(134)) - 67511f02-1a53-40d3-ad7c-17f75ce9e42c: shutdown LeaderElection
2019-10-19 00:50:11,862 [67511f02-1a53-40d3-ad7c-17f75ce9e42c@group-9C7A8CA2BF57-LeaderElection67] INFO  impl.RoleInfo (RoleInfo.java:updateAndGet(143)) - 67511f02-1a53-40d3-ad7c-17f75ce9e42c: start FollowerState
2019-10-19 00:50:11,910 [Thread-995] INFO  impl.FollowerState (FollowerState.java:run(108)) - aac91d0e-90b3-4924-955b-30866d4fff78@group-2DDA05B3685C-FollowerState: change to CANDIDATE, lastRpcTime:63ms, electionTimeout:63ms
2019-10-19 00:50:11,910 [Thread-995] INFO  impl.RoleInfo (RoleInfo.java:shutdownFollowerState(121)) - aac91d0e-90b3-4924-955b-30866d4fff78: shutdown FollowerState
2019-10-19 00:50:11,910 [Thread-995] INFO  impl.RaftServerImpl (RaftServerImpl.java:setRole(184)) - aac91d0e-90b3-4924-955b-30866d4fff78@group-2DDA05B3685C: changes role from  FOLLOWER to CANDIDATE at term 56 for changeToCandidate
2019-10-19 00:50:11,910 [Thread-995] INFO  impl.RoleInfo (RoleInfo.java:updateAndGet(143)) - aac91d0e-90b3-4924-955b-30866d4fff78: start LeaderElection
2019-10-19 00:50:11,923 [aac91d0e-90b3-4924-955b-30866d4fff78@group-2DDA05B3685C-LeaderElection68] INFO  impl.LeaderElection (LeaderElection.java:askForVotes(178)) - aac91d0e-90b3-4924-955b-30866d4fff78@group-2DDA05B3685C-LeaderElection68: begin an election at term 57 for 0: [67511f02-1a53-40d3-ad7c-17f75ce9e42c:192.168.157.213:45560, aac91d0e-90b3-4924-955b-30866d4fff78:192.168.157.213:41659, b6ed77c0-0909-418c-a0c6-e1477b4e10c3:192.168.157.213:33232], old=null
2019-10-19 00:50:11,925 [grpc-default-executor-2] INFO  impl.RaftServerImpl (RaftServerImpl.java:setRole(184)) - 67511f02-1a53-40d3-ad7c-17f75ce9e42c@group-2DDA05B3685C: changes role from  FOLLOWER to FOLLOWER at term 57 for recognizeCandidate:aac91d0e-90b3-4924-955b-30866d4fff78
2019-10-19 00:50:11,925 [grpc-default-executor-0] INFO  impl.RaftServerImpl (RaftServerImpl.java:setRole(184)) - b6ed77c0-0909-418c-a0c6-e1477b4e10c3@group-2DDA05B3685C: changes role from  FOLLOWER to FOLLOWER at term 57 for recognizeCandidate:aac91d0e-90b3-4924-955b-30866d4fff78
2019-10-19 00:50:11,926 [grpc-default-executor-2] INFO  impl.RoleInfo (RoleInfo.java:shutdownFollowerState(121)) - 67511f02-1a53-40d3-ad7c-17f75ce9e42c: shutdown FollowerState
2019-10-19 00:50:11,926 [grpc-default-executor-0] INFO  impl.RoleInfo (RoleInfo.java:shutdownFollowerState(121)) - b6ed77c0-0909-418c-a0c6-e1477b4e10c3: shutdown FollowerState
2019-10-19 00:50:11,926 [Thread-991] INFO  impl.FollowerState (FollowerState.java:run(117)) - 67511f02-1a53-40d3-ad7c-17f75ce9e42c@group-2DDA05B3685C-FollowerState was interrupted: java.lang.InterruptedException: sleep interrupted
2019-10-19 00:50:11,926 [grpc-default-executor-2] INFO  impl.RoleInfo (RoleInfo.java:updateAndGet(143)) - 67511f02-1a53-40d3-ad7c-17f75ce9e42c: start FollowerState
2019-10-19 00:50:11,926 [Thread-992] INFO  impl.FollowerState (FollowerState.java:run(117)) - b6ed77c0-0909-418c-a0c6-e1477b4e10c3@group-2DDA05B3685C-FollowerState was interrupted: java.lang.InterruptedException: sleep interrupted
2019-10-19 00:50:11,926 [grpc-default-executor-0] INFO  impl.RoleInfo (RoleInfo.java:updateAndGet(143)) - b6ed77c0-0909-418c-a0c6-e1477b4e10c3: start FollowerState
2019-10-19 00:50:11,945 [aac91d0e-90b3-4924-955b-30866d4fff78@group-2DDA05B3685C-LeaderElection68] INFO  impl.LeaderElection (LeaderElection.java:logAndReturn(56)) - aac91d0e-90b3-4924-955b-30866d4fff78@group-2DDA05B3685C-LeaderElection68: Election REJECTED; received 2 response(s) [aac91d0e-90b3-4924-955b-30866d4fff78<-67511f02-1a53-40d3-ad7c-17f75ce9e42c#0:FAIL-t57, aac91d0e-90b3-4924-955b-30866d4fff78<-b6ed77c0-0909-418c-a0c6-e1477b4e10c3#0:FAIL-t57] and 0 exception(s); aac91d0e-90b3-4924-955b-30866d4fff78@group-2DDA05B3685C:t57, leader=null, voted=aac91d0e-90b3-4924-955b-30866d4fff78, raftlog=aac91d0e-90b3-4924-955b-30866d4fff78@group-2DDA05B3685C-SegmentedRaftLog:OPENED:c3,f4,i4, conf=0: [67511f02-1a53-40d3-ad7c-17f75ce9e42c:192.168.157.213:45560, aac91d0e-90b3-4924-955b-30866d4fff78:192.168.157.213:41659, b6ed77c0-0909-418c-a0c6-e1477b4e10c3:192.168.157.213:33232], old=null
2019-10-19 00:50:11,945 [aac91d0e-90b3-4924-955b-30866d4fff78@group-2DDA05B3685C-LeaderElection68] INFO  impl.RaftServerImpl (RaftServerImpl.java:setRole(184)) - aac91d0e-90b3-4924-955b-30866d4fff78@group-2DDA05B3685C: changes role from CANDIDATE to FOLLOWER at term 57 for DISCOVERED_A_NEW_TERM
2019-10-19 00:50:11,945 [aac91d0e-90b3-4924-955b-30866d4fff78@group-2DDA05B3685C-LeaderElection68] INFO  impl.RoleInfo (RoleInfo.java:shutdownLeaderElection(134)) - aac91d0e-90b3-4924-955b-30866d4fff78: shutdown LeaderElection
2019-10-19 00:50:11,945 [aac91d0e-90b3-4924-955b-30866d4fff78@group-2DDA05B3685C-LeaderElection68] INFO  impl.RoleInfo (RoleInfo.java:updateAndGet(143)) - aac91d0e-90b3-4924-955b-30866d4fff78: start FollowerState
2019-10-19 00:50:12,026 [Thread-998] INFO  impl.FollowerState (FollowerState.java:run(108)) - 67511f02-1a53-40d3-ad7c-17f75ce9e42c@group-9C7A8CA2BF57-FollowerState: change to CANDIDATE, lastRpcTime:164ms, electionTimeout:164ms
2019-10-19 00:50:12,026 [Thread-998] INFO  impl.RoleInfo (RoleInfo.java:shutdownFollowerState(121)) - 67511f02-1a53-40d3-ad7c-17f75ce9e42c: shutdown FollowerState
2019-10-19 00:50:12,026 [Thread-998] INFO  impl.RaftServerImpl (RaftServerImpl.java:setRole(184)) - 67511f02-1a53-40d3-ad7c-17f75ce9e42c@group-9C7A8CA2BF57: changes role from  FOLLOWER to CANDIDATE at term 14 for changeToCandidate
2019-10-19 00:50:12,026 [Thread-998] INFO  impl.RoleInfo (RoleInfo.java:updateAndGet(143)) - 67511f02-1a53-40d3-ad7c-17f75ce9e42c: start LeaderElection
2019-10-19 00:50:12,040 [67511f02-1a53-40d3-ad7c-17f75ce9e42c@group-9C7A8CA2BF57-LeaderElection69] INFO  impl.LeaderElection (LeaderElection.java:askForVotes(178)) - 67511f02-1a53-40d3-ad7c-17f75ce9e42c@group-9C7A8CA2BF57-LeaderElection69: begin an election at term 15 for -1: [67511f02-1a53-40d3-ad7c-17f75ce9e42c:192.168.157.213:45560, aac91d0e-90b3-4924-955b-30866d4fff78:192.168.157.213:41659, b6ed77c0-0909-418c-a0c6-e1477b4e10c3:192.168.157.213:33232], old=null
2019-10-19 00:50:12,042 [grpc-default-executor-2] INFO  impl.RaftServerImpl (RaftServerImpl.java:setRole(184)) - aac91d0e-90b3-4924-955b-30866d4fff78@group-9C7A8CA2BF57: changes role from  FOLLOWER to FOLLOWER at term 15 for recognizeCandidate:67511f02-1a53-40d3-ad7c-17f75ce9e42c
2019-10-19 00:50:12,043 [grpc-default-executor-2] INFO  impl.RoleInfo (RoleInfo.java:shutdownFollowerState(121)) - aac91d0e-90b3-4924-955b-30866d4fff78: shutdown FollowerState
2019-10-19 00:50:12,043 [grpc-default-executor-0] INFO  impl.RaftServerImpl (RaftServerImpl.java:setRole(184)) - b6ed77c0-0909-418c-a0c6-e1477b4e10c3@group-9C7A8CA2BF57: changes role from  FOLLOWER to FOLLOWER at term 15 for recognizeCandidate:67511f02-1a53-40d3-ad7c-17f75ce9e42c
2019-10-19 00:50:12,043 [grpc-default-executor-2] INFO  impl.RoleInfo (RoleInfo.java:updateAndGet(143)) - aac91d0e-90b3-4924-955b-30866d4fff78: start FollowerState
2019-10-19 00:50:12,043 [Thread-997] INFO  impl.FollowerState (FollowerState.java:run(117)) - aac91d0e-90b3-4924-955b-30866d4fff78@group-9C7A8CA2BF57-FollowerState was interrupted: java.lang.InterruptedException: sleep interrupted
2019-10-19 00:50:12,043 [grpc-default-executor-0] INFO  impl.RoleInfo (RoleInfo.java:shutdownFollowerState(121)) - b6ed77c0-0909-418c-a0c6-e1477b4e10c3: shutdown FollowerState
2019-10-19 00:50:12,043 [grpc-default-executor-0] INFO  impl.RoleInfo (RoleInfo.java:updateAndGet(143)) - b6ed77c0-0909-418c-a0c6-e1477b4e10c3: start FollowerState
2019-10-19 00:50:12,043 [Thread-996] INFO  impl.FollowerState (FollowerState.java:run(117)) - b6ed77c0-0909-418c-a0c6-e1477b4e10c3@group-9C7A8CA2BF57-FollowerState was interrupted: java.lang.InterruptedException: sleep interrupted
2019-10-19 00:50:12,053 [Thread-1005] INFO  impl.FollowerState (FollowerState.java:run(108)) - aac91d0e-90b3-4924-955b-30866d4fff78@group-2DDA05B3685C-FollowerState: change to CANDIDATE, lastRpcTime:107ms, electionTimeout:107ms
2019-10-19 00:50:12,053 [Thread-1005] INFO  impl.RoleInfo (RoleInfo.java:shutdownFollowerState(121)) - aac91d0e-90b3-4924-955b-30866d4fff78: shutdown FollowerState
2019-10-19 00:50:12,053 [Thread-1005] INFO  impl.RaftServerImpl (RaftServerImpl.java:setRole(184)) - aac91d0e-90b3-4924-955b-30866d4fff78@group-2DDA05B3685C: changes role from  FOLLOWER to CANDIDATE at term 57 for changeToCandidate
2019-10-19 00:50:12,053 [Thread-1005] INFO  impl.RoleInfo (RoleInfo.java:updateAndGet(143)) - aac91d0e-90b3-4924-955b-30866d4fff78: start LeaderElection
2019-10-19 00:50:12,056 [Thread-1013] INFO  client.GrpcClientProtocolService (GrpcClientProtocolService.java:lambda$processClientRequest$0(278)) - Failed RaftClientRequest:client-5C1DDA748651->67511f02-1a53-40d3-ad7c-17f75ce9e42c@group-2DDA05B3685C, cid=10, seq=0, Watch-ALL_COMMITTED(6), Message:<EMPTY>, reply=RaftClientReply:client-5C1DDA748651->67511f02-1a53-40d3-ad7c-17f75ce9e42c@group-2DDA05B3685C, cid=10, FAILED org.apache.ratis.protocol.NotLeaderException: Server 67511f02-1a53-40d3-ad7c-17f75ce9e42c@group-2DDA05B3685C is not the leader, logIndex=0, commits[67511f02-1a53-40d3-ad7c-17f75ce9e42c:c10, aac91d0e-90b3-4924-955b-30866d4fff78:c4, b6ed77c0-0909-418c-a0c6-e1477b4e10c3:c10]
2019-10-19 00:50:12,060 [aac91d0e-90b3-4924-955b-30866d4fff78@group-2DDA05B3685C-LeaderElection70] INFO  impl.LeaderElection (LeaderElection.java:askForVotes(178)) - aac91d0e-90b3-4924-955b-30866d4fff78@group-2DDA05B3685C-LeaderElection70: begin an election at term 58 for 0: [67511f02-1a53-40d3-ad7c-17f75ce9e42c:192.168.157.213:45560, aac91d0e-90b3-4924-955b-30866d4fff78:192.168.157.213:41659, b6ed77c0-0909-418c-a0c6-e1477b4e10c3:192.168.157.213:33232], old=null
2019-10-19 00:50:12,063 [67511f02-1a53-40d3-ad7c-17f75ce9e42c@group-9C7A8CA2BF57-LeaderElection69] INFO  impl.LeaderElection (LeaderElection.java:logAndReturn(56)) - 67511f02-1a53-40d3-ad7c-17f75ce9e42c@group-9C7A8CA2BF57-LeaderElection69: Election REJECTED; received 2 response(s) [67511f02-1a53-40d3-ad7c-17f75ce9e42c<-aac91d0e-90b3-4924-955b-30866d4fff78#0:FAIL-t15, 67511f02-1a53-40d3-ad7c-17f75ce9e42c<-b6ed77c0-0909-418c-a0c6-e1477b4e10c3#0:FAIL-t15] and 0 exception(s); 67511f02-1a53-40d3-ad7c-17f75ce9e42c@group-9C7A8CA2BF57:t15, leader=null, voted=67511f02-1a53-40d3-ad7c-17f75ce9e42c, raftlog=67511f02-1a53-40d3-ad7c-17f75ce9e42c@group-9C7A8CA2BF57-SegmentedRaftLog:OPENED:c-1,f-1,i0, conf=-1: [67511f02-1a53-40d3-ad7c-17f75ce9e42c:192.168.157.213:45560, aac91d0e-90b3-4924-955b-30866d4fff78:192.168.157.213:41659, b6ed77c0-0909-418c-a0c6-e1477b4e10c3:192.168.157.213:33232], old=null
2019-10-19 00:50:12,065 [67511f02-1a53-40d3-ad7c-17f75ce9e42c@group-9C7A8CA2BF57-LeaderElection69] INFO  impl.RaftServerImpl (RaftServerImpl.java:setRole(184)) - 67511f02-1a53-40d3-ad7c-17f75ce9e42c@group-9C7A8CA2BF57: changes role from CANDIDATE to FOLLOWER at term 15 for DISCOVERED_A_NEW_TERM
2019-10-19 00:50:12,065 [67511f02-1a53-40d3-ad7c-17f75ce9e42c@group-9C7A8CA2BF57-LeaderElection69] INFO  impl.RoleInfo (RoleInfo.java:shutdownLeaderElection(134)) - 67511f02-1a53-40d3-ad7c-17f75ce9e42c: shutdown LeaderElection
2019-10-19 00:50:12,066 [67511f02-1a53-40d3-ad7c-17f75ce9e42c@group-9C7A8CA2BF57-LeaderElection69] INFO  impl.RoleInfo (RoleInfo.java:updateAndGet(143)) - 67511f02-1a53-40d3-ad7c-17f75ce9e42c: start FollowerState
2019-10-19 00:50:12,067 [grpc-default-executor-0] INFO  impl.RaftServerImpl (RaftServerImpl.java:setRole(184)) - 67511f02-1a53-40d3-ad7c-17f75ce9e42c@group-2DDA05B3685C: changes role from  FOLLOWER to FOLLOWER at term 58 for recognizeCandidate:aac91d0e-90b3-4924-955b-30866d4fff78
2019-10-19 00:50:12,067 [grpc-default-executor-2] INFO  impl.RaftServerImpl (RaftServerImpl.java:setRole(184)) - b6ed77c0-0909-418c-a0c6-e1477b4e10c3@group-2DDA05B3685C: changes role from  FOLLOWER to FOLLOWER at term 58 for recognizeCandidate:aac91d0e-90b3-4924-955b-30866d4fff78
2019-10-19 00:50:12,068 [grpc-default-executor-0] INFO  impl.RoleInfo (RoleInfo.java:shutdownFollowerState(121)) - 67511f02-1a53-40d3-ad7c-17f75ce9e42c: shutdown FollowerState
2019-10-19 00:50:12,068 [grpc-default-executor-2] INFO  impl.RoleInfo (RoleInfo.java:shutdownFollowerState(121)) - b6ed77c0-0909-418c-a0c6-e1477b4e10c3: shutdown FollowerState
2019-10-19 00:50:12,068 [grpc-default-executor-0] INFO  impl.RoleInfo (RoleInfo.java:updateAndGet(143)) - 67511f02-1a53-40d3-ad7c-17f75ce9e42c: start FollowerState
2019-10-19 00:50:12,068 [Thread-1002] INFO  impl.FollowerState (FollowerState.java:run(117)) - 67511f02-1a53-40d3-ad7c-17f75ce9e42c@group-2DDA05B3685C-FollowerState was interrupted: java.lang.InterruptedException: sleep interrupted
2019-10-19 00:50:12,068 [grpc-default-executor-2] INFO  impl.RoleInfo (RoleInfo.java:updateAndGet(143)) - b6ed77c0-0909-418c-a0c6-e1477b4e10c3: start FollowerState
2019-10-19 00:50:12,068 [Thread-1003] INFO  impl.FollowerState (FollowerState.java:run(117)) - b6ed77c0-0909-418c-a0c6-e1477b4e10c3@group-2DDA05B3685C-FollowerState was interrupted: java.lang.InterruptedException: sleep interrupted
2019-10-19 00:50:12,083 [aac91d0e-90b3-4924-955b-30866d4fff78@group-2DDA05B3685C-LeaderElection70] INFO  impl.LeaderElection (LeaderElection.java:logAndReturn(56)) - aac91d0e-90b3-4924-955b-30866d4fff78@group-2DDA05B3685C-LeaderElection70: Election REJECTED; received 2 response(s) [aac91d0e-90b3-4924-955b-30866d4fff78<-67511f02-1a53-40d3-ad7c-17f75ce9e42c#0:FAIL-t58, aac91d0e-90b3-4924-955b-30866d4fff78<-b6ed77c0-0909-418c-a0c6-e1477b4e10c3#0:FAIL-t58] and 0 exception(s); aac91d0e-90b3-4924-955b-30866d4fff78@group-2DDA05B3685C:t58, leader=null, voted=aac91d0e-90b3-4924-955b-30866d4fff78, raftlog=aac91d0e-90b3-4924-955b-30866d4fff78@group-2DDA05B3685C-SegmentedRaftLog:OPENED:c3,f4,i4, conf=0: [67511f02-1a53-40d3-ad7c-17f75ce9e42c:192.168.157.213:45560, aac91d0e-90b3-4924-955b-30866d4fff78:192.168.157.213:41659, b6ed77c0-0909-418c-a0c6-e1477b4e10c3:192.168.157.213:33232], old=null
2019-10-19 00:50:12,083 [aac91d0e-90b3-4924-955b-30866d4fff78@group-2DDA05B3685C-LeaderElection70] INFO  impl.RaftServerImpl (RaftServerImpl.java:setRole(184)) - aac91d0e-90b3-4924-955b-30866d4fff78@group-2DDA05B3685C: changes role from CANDIDATE to FOLLOWER at term 58 for DISCOVERED_A_NEW_TERM
2019-10-19 00:50:12,083 [aac91d0e-90b3-4924-955b-30866d4fff78@group-2DDA05B3685C-LeaderElection70] INFO  impl.RoleInfo (RoleInfo.java:shutdownLeaderElection(134)) - aac91d0e-90b3-4924-955b-30866d4fff78: shutdown LeaderElection
2019-10-19 00:50:12,084 [aac91d0e-90b3-4924-955b-30866d4fff78@group-2DDA05B3685C-LeaderElection70] INFO  impl.RoleInfo (RoleInfo.java:updateAndGet(143)) - aac91d0e-90b3-4924-955b-30866d4fff78: start FollowerState
2019-10-19 00:50:12,099 [Thread-1017] INFO  impl.FollowerState (FollowerState.java:run(108)) - 67511f02-1a53-40d3-ad7c-17f75ce9e42c@group-9C7A8CA2BF57-FollowerState: change to CANDIDATE, lastRpcTime:34ms, electionTimeout:33ms
2019-10-19 00:50:12,100 [Thread-1017] INFO  impl.RoleInfo (RoleInfo.java:shutdownFollowerState(121)) - 67511f02-1a53-40d3-ad7c-17f75ce9e42c: shutdown FollowerState
2019-10-19 00:50:12,100 [Thread-1017] INFO  impl.RaftServerImpl (RaftServerImpl.java:setRole(184)) - 67511f02-1a53-40d3-ad7c-17f75ce9e42c@group-9C7A8CA2BF57: changes role from  FOLLOWER to CANDIDATE at term 15 for changeToCandidate
2019-10-19 00:50:12,100 [Thread-1017] INFO  impl.RoleInfo (RoleInfo.java:updateAndGet(143)) - 67511f02-1a53-40d3-ad7c-17f75ce9e42c: start LeaderElection
2019-10-19 00:50:12,103 [Thread-1020] INFO  impl.FollowerState (FollowerState.java:run(108)) - aac91d0e-90b3-4924-955b-30866d4fff78@group-2DDA05B3685C-FollowerState: change to CANDIDATE, lastRpcTime:19ms, electionTimeout:19ms
2019-10-19 00:50:12,103 [Thread-1020] INFO  impl.RoleInfo (RoleInfo.java:shutdownFollowerState(121)) - aac91d0e-90b3-4924-955b-30866d4fff78: shutdown FollowerState
2019-10-19 00:50:12,103 [Thread-1020] INFO  impl.RaftServerImpl (RaftServerImpl.java:setRole(184)) - aac91d0e-90b3-4924-955b-30866d4fff78@group-2DDA05B3685C: changes role from  FOLLOWER to CANDIDATE at term 58 for changeToCandidate
2019-10-19 00:50:12,103 [Thread-1020] INFO  impl.RoleInfo (RoleInfo.java:updateAndGet(143)) - aac91d0e-90b3-4924-955b-30866d4fff78: start LeaderElection
2019-10-19 00:50:12,114 [67511f02-1a53-40d3-ad7c-17f75ce9e42c@group-9C7A8CA2BF57-LeaderElection71] INFO  impl.LeaderElection (LeaderElection.java:askForVotes(178)) - 67511f02-1a53-40d3-ad7c-17f75ce9e42c@group-9C7A8CA2BF57-LeaderElection71: begin an election at term 16 for -1: [67511f02-1a53-40d3-ad7c-17f75ce9e42c:192.168.157.213:45560, aac91d0e-90b3-4924-955b-30866d4fff78:192.168.157.213:41659, b6ed77c0-0909-418c-a0c6-e1477b4e10c3:192.168.157.213:33232], old=null
2019-10-19 00:50:12,114 [aac91d0e-90b3-4924-955b-30866d4fff78@group-2DDA05B3685C-LeaderElection72] INFO  impl.LeaderElection (LeaderElection.java:askForVotes(178)) - aac91d0e-90b3-4924-955b-30866d4fff78@group-2DDA05B3685C-LeaderElection72: begin an election at term 59 for 0: [67511f02-1a53-40d3-ad7c-17f75ce9e42c:192.168.157.213:45560, aac91d0e-90b3-4924-955b-30866d4fff78:192.168.157.213:41659, b6ed77c0-0909-418c-a0c6-e1477b4e10c3:192.168.157.213:33232], old=null
2019-10-19 00:50:12,116 [grpc-default-executor-2] INFO  impl.RaftServerImpl (RaftServerImpl.java:setRole(184)) - aac91d0e-90b3-4924-955b-30866d4fff78@group-9C7A8CA2BF57: changes role from  FOLLOWER to FOLLOWER at term 16 for recognizeCandidate:67511f02-1a53-40d3-ad7c-17f75ce9e42c
2019-10-19 00:50:12,116 [grpc-default-executor-2] INFO  impl.RoleInfo (RoleInfo.java:shutdownFollowerState(121)) - aac91d0e-90b3-4924-955b-30866d4fff78: shutdown FollowerState
2019-10-19 00:50:12,117 [grpc-default-executor-1] INFO  impl.RaftServerImpl (RaftServerImpl.java:setRole(184)) - b6ed77c0-0909-418c-a0c6-e1477b4e10c3@group-9C7A8CA2BF57: changes role from  FOLLOWER to FOLLOWER at term 16 for recognizeCandidate:67511f02-1a53-40d3-ad7c-17f75ce9e42c
2019-10-19 00:50:12,117 [Thread-1009] INFO  impl.FollowerState (FollowerState.java:run(117)) - aac91d0e-90b3-4924-955b-30866d4fff78@group-9C7A8CA2BF57-FollowerState was interrupted: java.lang.InterruptedException: sleep interrupted
2019-10-19 00:50:12,117 [grpc-default-executor-2] INFO  impl.RoleInfo (RoleInfo.java:updateAndGet(143)) - aac91d0e-90b3-4924-955b-30866d4fff78: start FollowerState
2019-10-19 00:50:12,117 [grpc-default-executor-7] INFO  impl.RaftServerImpl (RaftServerImpl.java:setRole(184)) - b6ed77c0-0909-418c-a0c6-e1477b4e10c3@group-2DDA05B3685C: changes role from  FOLLOWER to FOLLOWER at term 59 for recognizeCandidate:aac91d0e-90b3-4924-955b-30866d4fff78
2019-10-19 00:50:12,117 [grpc-default-executor-7] INFO  impl.RoleInfo (RoleInfo.java:shutdownFollowerState(121)) - b6ed77c0-0909-418c-a0c6-e1477b4e10c3: shutdown FollowerState
2019-10-19 00:50:12,117 [grpc-default-executor-0] INFO  impl.RaftServerImpl (RaftServerImpl.java:setRole(184)) - 67511f02-1a53-40d3-ad7c-17f75ce9e42c@group-2DDA05B3685C: changes role from  FOLLOWER to FOLLOWER at term 59 for recognizeCandidate:aac91d0e-90b3-4924-955b-30866d4fff78
2019-10-19 00:50:12,117 [grpc-default-executor-1] INFO  impl.RoleInfo (RoleInfo.java:shutdownFollowerState(121)) - b6ed77c0-0909-418c-a0c6-e1477b4e10c3: shutdown FollowerState
2019-10-19 00:50:12,117 [grpc-default-executor-0] INFO  impl.RoleInfo (RoleInfo.java:shutdownFollowerState(121)) - 67511f02-1a53-40d3-ad7c-17f75ce9e42c: shutdown FollowerState
2019-10-19 00:50:12,117 [Thread-1019] INFO  impl.FollowerState (FollowerState.java:run(117)) - b6ed77c0-0909-418c-a0c6-e1477b4e10c3@group-2DDA05B3685C-FollowerState was interrupted: java.lang.InterruptedException: sleep interrupted
2019-10-19 00:50:12,117 [grpc-default-executor-7] INFO  impl.RoleInfo (RoleInfo.java:updateAndGet(143)) - b6ed77c0-0909-418c-a0c6-e1477b4e10c3: start FollowerState
2019-10-19 00:50:12,118 [grpc-default-executor-0] INFO  impl.RoleInfo (RoleInfo.java:updateAndGet(143)) - 67511f02-1a53-40d3-ad7c-17f75ce9e42c: start FollowerState
2019-10-19 00:50:12,118 [Thread-1018] INFO  impl.FollowerState (FollowerState.java:run(117)) - 67511f02-1a53-40d3-ad7c-17f75ce9e42c@group-2DDA05B3685C-FollowerState was interrupted: java.lang.InterruptedException: sleep interrupted
2019-10-19 00:50:12,118 [Thread-1010] INFO  impl.FollowerState (FollowerState.java:run(117)) - b6ed77c0-0909-418c-a0c6-e1477b4e10c3@group-9C7A8CA2BF57-FollowerState was interrupted: java.lang.InterruptedException: sleep interrupted
2019-10-19 00:50:12,118 [grpc-default-executor-1] INFO  impl.RoleInfo (RoleInfo.java:updateAndGet(143)) - b6ed77c0-0909-418c-a0c6-e1477b4e10c3: start FollowerState
2019-10-19 00:50:12,132 [67511f02-1a53-40d3-ad7c-17f75ce9e42c@group-9C7A8CA2BF57-LeaderElection71] INFO  impl.LeaderElection (LeaderElection.java:logAndReturn(56)) - 67511f02-1a53-40d3-ad7c-17f75ce9e42c@group-9C7A8CA2BF57-LeaderElection71: Election REJECTED; received 2 response(s) [67511f02-1a53-40d3-ad7c-17f75ce9e42c<-aac91d0e-90b3-4924-955b-30866d4fff78#0:FAIL-t16, 67511f02-1a53-40d3-ad7c-17f75ce9e42c<-b6ed77c0-0909-418c-a0c6-e1477b4e10c3#0:FAIL-t16] and 0 exception(s); 67511f02-1a53-40d3-ad7c-17f75ce9e42c@group-9C7A8CA2BF57:t16, leader=null, voted=67511f02-1a53-40d3-ad7c-17f75ce9e42c, raftlog=67511f02-1a53-40d3-ad7c-17f75ce9e42c@group-9C7A8CA2BF57-SegmentedRaftLog:OPENED:c-1,f-1,i0, conf=-1: [67511f02-1a53-40d3-ad7c-17f75ce9e42c:192.168.157.213:45560, aac91d0e-90b3-4924-955b-30866d4fff78:192.168.157.213:41659, b6ed77c0-0909-418c-a0c6-e1477b4e10c3:192.168.157.213:33232], old=null
2019-10-19 00:50:12,132 [67511f02-1a53-40d3-ad7c-17f75ce9e42c@group-9C7A8CA2BF57-LeaderElection71] INFO  impl.RaftServerImpl (RaftServerImpl.java:setRole(184)) - 67511f02-1a53-40d3-ad7c-17f75ce9e42c@group-9C7A8CA2BF57: changes role from CANDIDATE to FOLLOWER at term 16 for DISCOVERED_A_NEW_TERM
2019-10-19 00:50:12,132 [aac91d0e-90b3-4924-955b-30866d4fff78@group-2DDA05B3685C-LeaderElection72] INFO  impl.LeaderElection (LeaderElection.java:logAndReturn(56)) - aac91d0e-90b3-4924-955b-30866d4fff78@group-2DDA05B3685C-LeaderElection72: Election REJECTED; received 2 response(s) [aac91d0e-90b3-4924-955b-30866d4fff78<-67511f02-1a53-40d3-ad7c-17f75ce9e42c#0:FAIL-t59, aac91d0e-90b3-4924-955b-30866d4fff78<-b6ed77c0-0909-418c-a0c6-e1477b4e10c3#0:FAIL-t59] and 0 exception(s); aac91d0e-90b3-4924-955b-30866d4fff78@group-2DDA05B3685C:t59, leader=null, voted=aac91d0e-90b3-4924-955b-30866d4fff78, raftlog=aac91d0e-90b3-4924-955b-30866d4fff78@group-2DDA05B3685C-SegmentedRaftLog:OPENED:c3,f4,i4, conf=0: [67511f02-1a53-40d3-ad7c-17f75ce9e42c:192.168.157.213:45560, aac91d0e-90b3-4924-955b-30866d4fff78:192.168.157.213:41659, b6ed77c0-0909-418c-a0c6-e1477b4e10c3:192.168.157.213:33232], old=null
2019-10-19 00:50:12,132 [67511f02-1a53-40d3-ad7c-17f75ce9e42c@group-9C7A8CA2BF57-LeaderElection71] INFO  impl.RoleInfo (RoleInfo.java:shutdownLeaderElection(134)) - 67511f02-1a53-40d3-ad7c-17f75ce9e42c: shutdown LeaderElection
2019-10-19 00:50:12,132 [aac91d0e-90b3-4924-955b-30866d4fff78@group-2DDA05B3685C-LeaderElection72] INFO  impl.RaftServerImpl (RaftServerImpl.java:setRole(184)) - aac91d0e-90b3-4924-955b-30866d4fff78@group-2DDA05B3685C: changes role from CANDIDATE to FOLLOWER at term 59 for DISCOVERED_A_NEW_TERM
2019-10-19 00:50:12,132 [67511f02-1a53-40d3-ad7c-17f75ce9e42c@group-9C7A8CA2BF57-LeaderElection71] INFO  impl.RoleInfo (RoleInfo.java:updateAndGet(143)) - 67511f02-1a53-40d3-ad7c-17f75ce9e42c: start FollowerState
2019-10-19 00:50:12,132 [aac91d0e-90b3-4924-955b-30866d4fff78@group-2DDA05B3685C-LeaderElection72] INFO  impl.RoleInfo (RoleInfo.java:shutdownLeaderElection(134)) - aac91d0e-90b3-4924-955b-30866d4fff78: shutdown LeaderElection
2019-10-19 00:50:12,133 [aac91d0e-90b3-4924-955b-30866d4fff78@group-2DDA05B3685C-LeaderElection72] INFO  impl.RoleInfo (RoleInfo.java:updateAndGet(143)) - aac91d0e-90b3-4924-955b-30866d4fff78: start FollowerState
2019-10-19 00:50:12,290 [Thread-1032] INFO  impl.FollowerState (FollowerState.java:run(108)) - aac91d0e-90b3-4924-955b-30866d4fff78@group-2DDA05B3685C-FollowerState: change to CANDIDATE, lastRpcTime:157ms, electionTimeout:157ms
2019-10-19 00:50:12,290 [Thread-1032] INFO  impl.RoleInfo (RoleInfo.java:shutdownFollowerState(121)) - aac91d0e-90b3-4924-955b-30866d4fff78: shutdown FollowerState
2019-10-19 00:50:12,290 [Thread-1032] INFO  impl.RaftServerImpl (RaftServerImpl.java:setRole(184)) - aac91d0e-90b3-4924-955b-30866d4fff78@group-2DDA05B3685C: changes role from  FOLLOWER to CANDIDATE at term 59 for changeToCandidate
2019-10-19 00:50:12,290 [Thread-1032] INFO  impl.RoleInfo (RoleInfo.java:updateAndGet(143)) - aac91d0e-90b3-4924-955b-30866d4fff78: start LeaderElection
2019-10-19 00:50:12,301 [BlockDeletingService#2] WARN  background.BlockDeletingService (BlockDeletingService.java:isDeletionAllowed(187)) - Close Container log Index 6 is not replicated across allthe servers in the pipeline 2739136e-9e24-467a-9fde-2dda05b3685c as the min replicated index is 4. Deletion is not allowed in this container yet.
2019-10-19 00:50:12,301 [Thread-1031] INFO  impl.FollowerState (FollowerState.java:run(108)) - 67511f02-1a53-40d3-ad7c-17f75ce9e42c@group-9C7A8CA2BF57-FollowerState: change to CANDIDATE, lastRpcTime:168ms, electionTimeout:168ms
2019-10-19 00:50:12,301 [Thread-1031] INFO  impl.RoleInfo (RoleInfo.java:shutdownFollowerState(121)) - 67511f02-1a53-40d3-ad7c-17f75ce9e42c: shutdown FollowerState
2019-10-19 00:50:12,301 [Thread-1031] INFO  impl.RaftServerImpl (RaftServerImpl.java:setRole(184)) - 67511f02-1a53-40d3-ad7c-17f75ce9e42c@group-9C7A8CA2BF57: changes role from  FOLLOWER to CANDIDATE at term 16 for changeToCandidate
2019-10-19 00:50:12,301 [BlockDeletingService#2] WARN  background.BlockDeletingService (BlockDeletingService.java:isDeletionAllowed(187)) - Close Container log Index 6 is not replicated across allthe servers in the pipeline 2739136e-9e24-467a-9fde-2dda05b3685c as the min replicated index is 4. Deletion is not allowed in this container yet.
2019-10-19 00:50:12,301 [Thread-1031] INFO  impl.RoleInfo (RoleInfo.java:updateAndGet(143)) - 67511f02-1a53-40d3-ad7c-17f75ce9e42c: start LeaderElection
2019-10-19 00:50:12,305 [67511f02-1a53-40d3-ad7c-17f75ce9e42c@group-9C7A8CA2BF57-LeaderElection74] INFO  impl.LeaderElection (LeaderElection.java:askForVotes(178)) - 67511f02-1a53-40d3-ad7c-17f75ce9e42c@group-9C7A8CA2BF57-LeaderElection74: begin an election at term 17 for -1: [67511f02-1a53-40d3-ad7c-17f75ce9e42c:192.168.157.213:45560, aac91d0e-90b3-4924-955b-30866d4fff78:192.168.157.213:41659, b6ed77c0-0909-418c-a0c6-e1477b4e10c3:192.168.157.213:33232], old=null
2019-10-19 00:50:12,305 [aac91d0e-90b3-4924-955b-30866d4fff78@group-2DDA05B3685C-LeaderElection73] INFO  impl.LeaderElection (LeaderElection.java:askForVotes(178)) - aac91d0e-90b3-4924-955b-30866d4fff78@group-2DDA05B3685C-LeaderElection73: begin an election at term 60 for 0: [67511f02-1a53-40d3-ad7c-17f75ce9e42c:192.168.157.213:45560, aac91d0e-90b3-4924-955b-30866d4fff78:192.168.157.213:41659, b6ed77c0-0909-418c-a0c6-e1477b4e10c3:192.168.157.213:33232], old=null
2019-10-19 00:50:12,308 [grpc-default-executor-7] INFO  impl.RaftServerImpl (RaftServerImpl.java:setRole(184)) - b6ed77c0-0909-418c-a0c6-e1477b4e10c3@group-9C7A8CA2BF57: changes role from  FOLLOWER to FOLLOWER at term 17 for recognizeCandidate:67511f02-1a53-40d3-ad7c-17f75ce9e42c
2019-10-19 00:50:12,308 [grpc-default-executor-2] INFO  impl.RaftServerImpl (RaftServerImpl.java:setRole(184)) - aac91d0e-90b3-4924-955b-30866d4fff78@group-9C7A8CA2BF57: changes role from  FOLLOWER to FOLLOWER at term 17 for recognizeCandidate:67511f02-1a53-40d3-ad7c-17f75ce9e42c
2019-10-19 00:50:12,308 [grpc-default-executor-7] INFO  impl.RoleInfo (RoleInfo.java:shutdownFollowerState(121)) - b6ed77c0-0909-418c-a0c6-e1477b4e10c3: shutdown FollowerState
2019-10-19 00:50:12,308 [grpc-default-executor-1] INFO  impl.RaftServerImpl (RaftServerImpl.java:setRole(184)) - 67511f02-1a53-40d3-ad7c-17f75ce9e42c@group-2DDA05B3685C: changes role from  FOLLOWER to FOLLOWER at term 60 for recognizeCandidate:aac91d0e-90b3-4924-955b-30866d4fff78
2019-10-19 00:50:12,308 [Thread-1029] INFO  impl.FollowerState (FollowerState.java:run(117)) - b6ed77c0-0909-418c-a0c6-e1477b4e10c3@group-9C7A8CA2BF57-FollowerState was interrupted: java.lang.InterruptedException: sleep interrupted
2019-10-19 00:50:12,308 [grpc-default-executor-7] INFO  impl.RoleInfo (RoleInfo.java:updateAndGet(143)) - b6ed77c0-0909-418c-a0c6-e1477b4e10c3: start FollowerState
2019-10-19 00:50:12,308 [grpc-default-executor-0] INFO  impl.RaftServerImpl (RaftServerImpl.java:setRole(184)) - b6ed77c0-0909-418c-a0c6-e1477b4e10c3@group-2DDA05B3685C: changes role from  FOLLOWER to FOLLOWER at term 60 for recognizeCandidate:aac91d0e-90b3-4924-955b-30866d4fff78
2019-10-19 00:50:12,308 [grpc-default-executor-2] INFO  impl.RoleInfo (RoleInfo.java:shutdownFollowerState(121)) - aac91d0e-90b3-4924-955b-30866d4fff78: shutdown FollowerState
2019-10-19 00:50:12,309 [grpc-default-executor-0] INFO  impl.RoleInfo (RoleInfo.java:shutdownFollowerState(121)) - b6ed77c0-0909-418c-a0c6-e1477b4e10c3: shutdown FollowerState
2019-10-19 00:50:12,308 [grpc-default-executor-1] INFO  impl.RoleInfo (RoleInfo.java:shutdownFollowerState(121)) - 67511f02-1a53-40d3-ad7c-17f75ce9e42c: shutdown FollowerState
2019-10-19 00:50:12,309 [grpc-default-executor-0] INFO  impl.RoleInfo (RoleInfo.java:updateAndGet(143)) - b6ed77c0-0909-418c-a0c6-e1477b4e10c3: start FollowerState
2019-10-19 00:50:12,309 [Thread-1028] INFO  impl.FollowerState (FollowerState.java:run(117)) - b6ed77c0-0909-418c-a0c6-e1477b4e10c3@group-2DDA05B3685C-FollowerState was interrupted: java.lang.InterruptedException: sleep interrupted
2019-10-19 00:50:12,309 [Thread-1027] INFO  impl.FollowerState (FollowerState.java:run(117)) - aac91d0e-90b3-4924-955b-30866d4fff78@group-9C7A8CA2BF57-FollowerState was interrupted: java.lang.InterruptedException: sleep interrupted
2019-10-19 00:50:12,309 [grpc-default-executor-2] INFO  impl.RoleInfo (RoleInfo.java:updateAndGet(143)) - aac91d0e-90b3-4924-955b-30866d4fff78: start FollowerState
2019-10-19 00:50:12,309 [Thread-1030] INFO  impl.FollowerState (FollowerState.java:run(117)) - 67511f02-1a53-40d3-ad7c-17f75ce9e42c@group-2DDA05B3685C-FollowerState was interrupted: java.lang.InterruptedException: sleep interrupted
2019-10-19 00:50:12,309 [grpc-default-executor-1] INFO  impl.RoleInfo (RoleInfo.java:updateAndGet(143)) - 67511f02-1a53-40d3-ad7c-17f75ce9e42c: start FollowerState
2019-10-19 00:50:12,319 [67511f02-1a53-40d3-ad7c-17f75ce9e42c@group-9C7A8CA2BF57-LeaderElection74] INFO  impl.LeaderElection (LeaderElection.java:logAndReturn(56)) - 67511f02-1a53-40d3-ad7c-17f75ce9e42c@group-9C7A8CA2BF57-LeaderElection74: Election TIMEOUT; received 0 response(s) [] and 0 exception(s); 67511f02-1a53-40d3-ad7c-17f75ce9e42c@group-9C7A8CA2BF57:t17, leader=null, voted=67511f02-1a53-40d3-ad7c-17f75ce9e42c, raftlog=67511f02-1a53-40d3-ad7c-17f75ce9e42c@group-9C7A8CA2BF57-SegmentedRaftLog:OPENED:c-1,f-1,i0, conf=-1: [67511f02-1a53-40d3-ad7c-17f75ce9e42c:192.168.157.213:45560, aac91d0e-90b3-4924-955b-30866d4fff78:192.168.157.213:41659, b6ed77c0-0909-418c-a0c6-e1477b4e10c3:192.168.157.213:33232], old=null
2019-10-19 00:50:12,322 [67511f02-1a53-40d3-ad7c-17f75ce9e42c@group-9C7A8CA2BF57-LeaderElection74] INFO  impl.LeaderElection (LeaderElection.java:askForVotes(178)) - 67511f02-1a53-40d3-ad7c-17f75ce9e42c@group-9C7A8CA2BF57-LeaderElection74: begin an election at term 18 for -1: [67511f02-1a53-40d3-ad7c-17f75ce9e42c:192.168.157.213:45560, aac91d0e-90b3-4924-955b-30866d4fff78:192.168.157.213:41659, b6ed77c0-0909-418c-a0c6-e1477b4e10c3:192.168.157.213:33232], old=null
2019-10-19 00:50:12,324 [aac91d0e-90b3-4924-955b-30866d4fff78@group-2DDA05B3685C-LeaderElection73] INFO  impl.LeaderElection (LeaderElection.java:logAndReturn(56)) - aac91d0e-90b3-4924-955b-30866d4fff78@group-2DDA05B3685C-LeaderElection73: Election REJECTED; received 2 response(s) [aac91d0e-90b3-4924-955b-30866d4fff78<-67511f02-1a53-40d3-ad7c-17f75ce9e42c#0:FAIL-t60, aac91d0e-90b3-4924-955b-30866d4fff78<-b6ed77c0-0909-418c-a0c6-e1477b4e10c3#0:FAIL-t60] and 0 exception(s); aac91d0e-90b3-4924-955b-30866d4fff78@group-2DDA05B3685C:t60, leader=null, voted=aac91d0e-90b3-4924-955b-30866d4fff78, raftlog=aac91d0e-90b3-4924-955b-30866d4fff78@group-2DDA05B3685C-SegmentedRaftLog:OPENED:c3,f4,i4, conf=0: [67511f02-1a53-40d3-ad7c-17f75ce9e42c:192.168.157.213:45560, aac91d0e-90b3-4924-955b-30866d4fff78:192.168.157.213:41659, b6ed77c0-0909-418c-a0c6-e1477b4e10c3:192.168.157.213:33232], old=null
2019-10-19 00:50:12,324 [aac91d0e-90b3-4924-955b-30866d4fff78@group-2DDA05B3685C-LeaderElection73] INFO  impl.RaftServerImpl (RaftServerImpl.java:setRole(184)) - aac91d0e-90b3-4924-955b-30866d4fff78@group-2DDA05B3685C: changes role from CANDIDATE to FOLLOWER at term 60 for DISCOVERED_A_NEW_TERM
2019-10-19 00:50:12,324 [aac91d0e-90b3-4924-955b-30866d4fff78@group-2DDA05B3685C-LeaderElection73] INFO  impl.RoleInfo (RoleInfo.java:shutdownLeaderElection(134)) - aac91d0e-90b3-4924-955b-30866d4fff78: shutdown LeaderElection
2019-10-19 00:50:12,324 [grpc-default-executor-0] INFO  impl.RaftServerImpl (RaftServerImpl.java:setRole(184)) - b6ed77c0-0909-418c-a0c6-e1477b4e10c3@group-9C7A8CA2BF57: changes role from  FOLLOWER to FOLLOWER at term 18 for recognizeCandidate:67511f02-1a53-40d3-ad7c-17f75ce9e42c
2019-10-19 00:50:12,324 [aac91d0e-90b3-4924-955b-30866d4fff78@group-2DDA05B3685C-LeaderElection73] INFO  impl.RoleInfo (RoleInfo.java:updateAndGet(143)) - aac91d0e-90b3-4924-955b-30866d4fff78: start FollowerState
2019-10-19 00:50:12,324 [grpc-default-executor-1] INFO  impl.RaftServerImpl (RaftServerImpl.java:setRole(184)) - aac91d0e-90b3-4924-955b-30866d4fff78@group-9C7A8CA2BF57: changes role from  FOLLOWER to FOLLOWER at term 18 for recognizeCandidate:67511f02-1a53-40d3-ad7c-17f75ce9e42c
2019-10-19 00:50:12,324 [grpc-default-executor-0] INFO  impl.RoleInfo (RoleInfo.java:shutdownFollowerState(121)) - b6ed77c0-0909-418c-a0c6-e1477b4e10c3: shutdown FollowerState
2019-10-19 00:50:12,324 [grpc-default-executor-1] INFO  impl.RoleInfo (RoleInfo.java:shutdownFollowerState(121)) - aac91d0e-90b3-4924-955b-30866d4fff78: shutdown FollowerState
2019-10-19 00:50:12,325 [Thread-1041] INFO  impl.FollowerState (FollowerState.java:run(117)) - b6ed77c0-0909-418c-a0c6-e1477b4e10c3@group-9C7A8CA2BF57-FollowerState was interrupted: java.lang.InterruptedException: sleep interrupted
2019-10-19 00:50:12,325 [grpc-default-executor-0] INFO  impl.RoleInfo (RoleInfo.java:updateAndGet(143)) - b6ed77c0-0909-418c-a0c6-e1477b4e10c3: start FollowerState
2019-10-19 00:50:12,325 [Thread-1042] INFO  impl.FollowerState (FollowerState.java:run(117)) - aac91d0e-90b3-4924-955b-30866d4fff78@group-9C7A8CA2BF57-FollowerState was interrupted: java.lang.InterruptedException: sleep interrupted
2019-10-19 00:50:12,325 [grpc-default-executor-1] INFO  impl.RoleInfo (RoleInfo.java:updateAndGet(143)) - aac91d0e-90b3-4924-955b-30866d4fff78: start FollowerState
2019-10-19 00:50:12,332 [67511f02-1a53-40d3-ad7c-17f75ce9e42c@group-9C7A8CA2BF57-LeaderElection74] INFO  impl.LeaderElection (LeaderElection.java:logAndReturn(56)) - 67511f02-1a53-40d3-ad7c-17f75ce9e42c@group-9C7A8CA2BF57-LeaderElection74: Election TIMEOUT; received 0 response(s) [] and 0 exception(s); 67511f02-1a53-40d3-ad7c-17f75ce9e42c@group-9C7A8CA2BF57:t18, leader=null, voted=67511f02-1a53-40d3-ad7c-17f75ce9e42c, raftlog=67511f02-1a53-40d3-ad7c-17f75ce9e42c@group-9C7A8CA2BF57-SegmentedRaftLog:OPENED:c-1,f-1,i0, conf=-1: [67511f02-1a53-40d3-ad7c-17f75ce9e42c:192.168.157.213:45560, aac91d0e-90b3-4924-955b-30866d4fff78:192.168.157.213:41659, b6ed77c0-0909-418c-a0c6-e1477b4e10c3:192.168.157.213:33232], old=null
2019-10-19 00:50:12,338 [Thread-1047] INFO  impl.FollowerState (FollowerState.java:run(108)) - aac91d0e-90b3-4924-955b-30866d4fff78@group-2DDA05B3685C-FollowerState: change to CANDIDATE, lastRpcTime:13ms, electionTimeout:13ms
2019-10-19 00:50:12,338 [Thread-1047] INFO  impl.RoleInfo (RoleInfo.java:shutdownFollowerState(121)) - aac91d0e-90b3-4924-955b-30866d4fff78: shutdown FollowerState
2019-10-19 00:50:12,338 [Thread-1047] INFO  impl.RaftServerImpl (RaftServerImpl.java:setRole(184)) - aac91d0e-90b3-4924-955b-30866d4fff78@group-2DDA05B3685C: changes role from  FOLLOWER to CANDIDATE at term 60 for changeToCandidate
2019-10-19 00:50:12,338 [Thread-1047] INFO  impl.RoleInfo (RoleInfo.java:updateAndGet(143)) - aac91d0e-90b3-4924-955b-30866d4fff78: start LeaderElection
2019-10-19 00:50:12,339 [67511f02-1a53-40d3-ad7c-17f75ce9e42c@group-9C7A8CA2BF57-LeaderElection74] INFO  impl.LeaderElection (LeaderElection.java:askForVotes(178)) - 67511f02-1a53-40d3-ad7c-17f75ce9e42c@group-9C7A8CA2BF57-LeaderElection74: begin an election at term 19 for -1: [67511f02-1a53-40d3-ad7c-17f75ce9e42c:192.168.157.213:45560, aac91d0e-90b3-4924-955b-30866d4fff78:192.168.157.213:41659, b6ed77c0-0909-418c-a0c6-e1477b4e10c3:192.168.157.213:33232], old=null
2019-10-19 00:50:12,340 [grpc-default-executor-1] INFO  impl.RaftServerImpl (RaftServerImpl.java:setRole(184)) - aac91d0e-90b3-4924-955b-30866d4fff78@group-9C7A8CA2BF57: changes role from  FOLLOWER to FOLLOWER at term 19 for recognizeCandidate:67511f02-1a53-40d3-ad7c-17f75ce9e42c
2019-10-19 00:50:12,341 [grpc-default-executor-1] INFO  impl.RoleInfo (RoleInfo.java:shutdownFollowerState(121)) - aac91d0e-90b3-4924-955b-30866d4fff78: shutdown FollowerState
2019-10-19 00:50:12,341 [grpc-default-executor-1] INFO  impl.RoleInfo (RoleInfo.java:updateAndGet(143)) - aac91d0e-90b3-4924-955b-30866d4fff78: start FollowerState
2019-10-19 00:50:12,341 [Thread-1049] INFO  impl.FollowerState (FollowerState.java:run(117)) - aac91d0e-90b3-4924-955b-30866d4fff78@group-9C7A8CA2BF57-FollowerState was interrupted: java.lang.InterruptedException: sleep interrupted
2019-10-19 00:50:12,341 [grpc-default-executor-0] INFO  impl.RaftServerImpl (RaftServerImpl.java:setRole(184)) - b6ed77c0-0909-418c-a0c6-e1477b4e10c3@group-9C7A8CA2BF57: changes role from  FOLLOWER to FOLLOWER at term 19 for recognizeCandidate:67511f02-1a53-40d3-ad7c-17f75ce9e42c
2019-10-19 00:50:12,341 [grpc-default-executor-0] INFO  impl.RoleInfo (RoleInfo.java:shutdownFollowerState(121)) - b6ed77c0-0909-418c-a0c6-e1477b4e10c3: shutdown FollowerState
2019-10-19 00:50:12,341 [grpc-default-executor-0] INFO  impl.RoleInfo (RoleInfo.java:updateAndGet(143)) - b6ed77c0-0909-418c-a0c6-e1477b4e10c3: start FollowerState
2019-10-19 00:50:12,341 [Thread-1048] INFO  impl.FollowerState (FollowerState.java:run(117)) - b6ed77c0-0909-418c-a0c6-e1477b4e10c3@group-9C7A8CA2BF57-FollowerState was interrupted: java.lang.InterruptedException: sleep interrupted
2019-10-19 00:50:12,353 [aac91d0e-90b3-4924-955b-30866d4fff78@group-2DDA05B3685C-LeaderElection75] INFO  impl.LeaderElection (LeaderElection.java:askForVotes(178)) - aac91d0e-90b3-4924-955b-30866d4fff78@group-2DDA05B3685C-LeaderElection75: begin an election at term 61 for 0: [67511f02-1a53-40d3-ad7c-17f75ce9e42c:192.168.157.213:45560, aac91d0e-90b3-4924-955b-30866d4fff78:192.168.157.213:41659, b6ed77c0-0909-418c-a0c6-e1477b4e10c3:192.168.157.213:33232], old=null
2019-10-19 00:50:12,353 [67511f02-1a53-40d3-ad7c-17f75ce9e42c@group-9C7A8CA2BF57-LeaderElection74] INFO  impl.LeaderElection (LeaderElection.java:logAndReturn(56)) - 67511f02-1a53-40d3-ad7c-17f75ce9e42c@group-9C7A8CA2BF57-LeaderElection74: Election REJECTED; received 2 response(s) [67511f02-1a53-40d3-ad7c-17f75ce9e42c<-aac91d0e-90b3-4924-955b-30866d4fff78#0:FAIL-t19, 67511f02-1a53-40d3-ad7c-17f75ce9e42c<-b6ed77c0-0909-418c-a0c6-e1477b4e10c3#0:FAIL-t19] and 0 exception(s); 67511f02-1a53-40d3-ad7c-17f75ce9e42c@group-9C7A8CA2BF57:t19, leader=null, voted=67511f02-1a53-40d3-ad7c-17f75ce9e42c, raftlog=67511f02-1a53-40d3-ad7c-17f75ce9e42c@group-9C7A8CA2BF57-SegmentedRaftLog:OPENED:c-1,f-1,i0, conf=-1: [67511f02-1a53-40d3-ad7c-17f75ce9e42c:192.168.157.213:45560, aac91d0e-90b3-4924-955b-30866d4fff78:192.168.157.213:41659, b6ed77c0-0909-418c-a0c6-e1477b4e10c3:192.168.157.213:33232], old=null
2019-10-19 00:50:12,354 [67511f02-1a53-40d3-ad7c-17f75ce9e42c@group-9C7A8CA2BF57-LeaderElection74] INFO  impl.RaftServerImpl (RaftServerImpl.java:setRole(184)) - 67511f02-1a53-40d3-ad7c-17f75ce9e42c@group-9C7A8CA2BF57: changes role from CANDIDATE to FOLLOWER at term 19 for DISCOVERED_A_NEW_TERM
2019-10-19 00:50:12,354 [67511f02-1a53-40d3-ad7c-17f75ce9e42c@group-9C7A8CA2BF57-LeaderElection74] INFO  impl.RoleInfo (RoleInfo.java:shutdownLeaderElection(134)) - 67511f02-1a53-40d3-ad7c-17f75ce9e42c: shutdown LeaderElection
2019-10-19 00:50:12,354 [67511f02-1a53-40d3-ad7c-17f75ce9e42c@group-9C7A8CA2BF57-LeaderElection74] INFO  impl.RoleInfo (RoleInfo.java:updateAndGet(143)) - 67511f02-1a53-40d3-ad7c-17f75ce9e42c: start FollowerState
2019-10-19 00:50:12,355 [grpc-default-executor-0] INFO  impl.RaftServerImpl (RaftServerImpl.java:setRole(184)) - 67511f02-1a53-40d3-ad7c-17f75ce9e42c@group-2DDA05B3685C: changes role from  FOLLOWER to FOLLOWER at term 61 for recognizeCandidate:aac91d0e-90b3-4924-955b-30866d4fff78
2019-10-19 00:50:12,355 [grpc-default-executor-0] INFO  impl.RoleInfo (RoleInfo.java:shutdownFollowerState(121)) - 67511f02-1a53-40d3-ad7c-17f75ce9e42c: shutdown FollowerState
2019-10-19 00:50:12,355 [grpc-default-executor-1] INFO  impl.RaftServerImpl (RaftServerImpl.java:setRole(184)) - b6ed77c0-0909-418c-a0c6-e1477b4e10c3@group-2DDA05B3685C: changes role from  FOLLOWER to FOLLOWER at term 61 for recognizeCandidate:aac91d0e-90b3-4924-955b-30866d4fff78
2019-10-19 00:50:12,355 [Thread-1044] INFO  impl.FollowerState (FollowerState.java:run(117)) - 67511f02-1a53-40d3-ad7c-17f75ce9e42c@group-2DDA05B3685C-FollowerState was interrupted: java.lang.InterruptedException: sleep interrupted
2019-10-19 00:50:12,355 [grpc-default-executor-0] INFO  impl.RoleInfo (RoleInfo.java:updateAndGet(143)) - 67511f02-1a53-40d3-ad7c-17f75ce9e42c: start FollowerState
2019-10-19 00:50:12,355 [grpc-default-executor-1] INFO  impl.RoleInfo (RoleInfo.java:shutdownFollowerState(121)) - b6ed77c0-0909-418c-a0c6-e1477b4e10c3: shutdown FollowerState
2019-10-19 00:50:12,355 [grpc-default-executor-1] INFO  impl.RoleInfo (RoleInfo.java:updateAndGet(143)) - b6ed77c0-0909-418c-a0c6-e1477b4e10c3: start FollowerState
2019-10-19 00:50:12,355 [Thread-1043] INFO  impl.FollowerState (FollowerState.java:run(117)) - b6ed77c0-0909-418c-a0c6-e1477b4e10c3@group-2DDA05B3685C-FollowerState was interrupted: java.lang.InterruptedException: sleep interrupted
2019-10-19 00:50:12,369 [aac91d0e-90b3-4924-955b-30866d4fff78@group-2DDA05B3685C-LeaderElection75] INFO  impl.LeaderElection (LeaderElection.java:logAndReturn(56)) - aac91d0e-90b3-4924-955b-30866d4fff78@group-2DDA05B3685C-LeaderElection75: Election REJECTED; received 2 response(s) [aac91d0e-90b3-4924-955b-30866d4fff78<-67511f02-1a53-40d3-ad7c-17f75ce9e42c#0:FAIL-t61, aac91d0e-90b3-4924-955b-30866d4fff78<-b6ed77c0-0909-418c-a0c6-e1477b4e10c3#0:FAIL-t61] and 0 exception(s); aac91d0e-90b3-4924-955b-30866d4fff78@group-2DDA05B3685C:t61, leader=null, voted=aac91d0e-90b3-4924-955b-30866d4fff78, raftlog=aac91d0e-90b3-4924-955b-30866d4fff78@group-2DDA05B3685C-SegmentedRaftLog:OPENED:c3,f4,i4, conf=0: [67511f02-1a53-40d3-ad7c-17f75ce9e42c:192.168.157.213:45560, aac91d0e-90b3-4924-955b-30866d4fff78:192.168.157.213:41659, b6ed77c0-0909-418c-a0c6-e1477b4e10c3:192.168.157.213:33232], old=null
2019-10-19 00:50:12,370 [aac91d0e-90b3-4924-955b-30866d4fff78@group-2DDA05B3685C-LeaderElection75] INFO  impl.RaftServerImpl (RaftServerImpl.java:setRole(184)) - aac91d0e-90b3-4924-955b-30866d4fff78@group-2DDA05B3685C: changes role from CANDIDATE to FOLLOWER at term 61 for DISCOVERED_A_NEW_TERM
2019-10-19 00:50:12,370 [aac91d0e-90b3-4924-955b-30866d4fff78@group-2DDA05B3685C-LeaderElection75] INFO  impl.RoleInfo (RoleInfo.java:shutdownLeaderElection(134)) - aac91d0e-90b3-4924-955b-30866d4fff78: shutdown LeaderElection
2019-10-19 00:50:12,370 [aac91d0e-90b3-4924-955b-30866d4fff78@group-2DDA05B3685C-LeaderElection75] INFO  impl.RoleInfo (RoleInfo.java:updateAndGet(143)) - aac91d0e-90b3-4924-955b-30866d4fff78: start FollowerState
2019-10-19 00:50:12,392 [Thread-1057] INFO  impl.FollowerState (FollowerState.java:run(108)) - 67511f02-1a53-40d3-ad7c-17f75ce9e42c@group-9C7A8CA2BF57-FollowerState: change to CANDIDATE, lastRpcTime:38ms, electionTimeout:38ms
2019-10-19 00:50:12,392 [Thread-1057] INFO  impl.RoleInfo (RoleInfo.java:shutdownFollowerState(121)) - 67511f02-1a53-40d3-ad7c-17f75ce9e42c: shutdown FollowerState
2019-10-19 00:50:12,393 [Thread-1057] INFO  impl.RaftServerImpl (RaftServerImpl.java:setRole(184)) - 67511f02-1a53-40d3-ad7c-17f75ce9e42c@group-9C7A8CA2BF57: changes role from  FOLLOWER to CANDIDATE at term 19 for changeToCandidate
2019-10-19 00:50:12,393 [Thread-1057] INFO  impl.RoleInfo (RoleInfo.java:updateAndGet(143)) - 67511f02-1a53-40d3-ad7c-17f75ce9e42c: start LeaderElection
2019-10-19 00:50:12,406 [67511f02-1a53-40d3-ad7c-17f75ce9e42c@group-9C7A8CA2BF57-LeaderElection76] INFO  impl.LeaderElection (LeaderElection.java:askForVotes(178)) - 67511f02-1a53-40d3-ad7c-17f75ce9e42c@group-9C7A8CA2BF57-LeaderElection76: begin an election at term 20 for -1: [67511f02-1a53-40d3-ad7c-17f75ce9e42c:192.168.157.213:45560, aac91d0e-90b3-4924-955b-30866d4fff78:192.168.157.213:41659, b6ed77c0-0909-418c-a0c6-e1477b4e10c3:192.168.157.213:33232], old=null
2019-10-19 00:50:12,408 [grpc-default-executor-1] INFO  impl.RaftServerImpl (RaftServerImpl.java:setRole(184)) - aac91d0e-90b3-4924-955b-30866d4fff78@group-9C7A8CA2BF57: changes role from  FOLLOWER to FOLLOWER at term 20 for recognizeCandidate:67511f02-1a53-40d3-ad7c-17f75ce9e42c
2019-10-19 00:50:12,408 [grpc-default-executor-0] INFO  impl.RaftServerImpl (RaftServerImpl.java:setRole(184)) - b6ed77c0-0909-418c-a0c6-e1477b4e10c3@group-9C7A8CA2BF57: changes role from  FOLLOWER to FOLLOWER at term 20 for recognizeCandidate:67511f02-1a53-40d3-ad7c-17f75ce9e42c
2019-10-19 00:50:12,408 [grpc-default-executor-1] INFO  impl.RoleInfo (RoleInfo.java:shutdownFollowerState(121)) - aac91d0e-90b3-4924-955b-30866d4fff78: shutdown FollowerState
2019-10-19 00:50:12,408 [grpc-default-executor-0] INFO  impl.RoleInfo (RoleInfo.java:shutdownFollowerState(121)) - b6ed77c0-0909-418c-a0c6-e1477b4e10c3: shutdown FollowerState
2019-10-19 00:50:12,409 [Thread-1053] INFO  impl.FollowerState (FollowerState.java:run(117)) - aac91d0e-90b3-4924-955b-30866d4fff78@group-9C7A8CA2BF57-FollowerState was interrupted: java.lang.InterruptedException: sleep interrupted
2019-10-19 00:50:12,408 [grpc-default-executor-1] INFO  impl.RoleInfo (RoleInfo.java:updateAndGet(143)) - aac91d0e-90b3-4924-955b-30866d4fff78: start FollowerState
2019-10-19 00:50:12,409 [Thread-1054] INFO  impl.FollowerState (FollowerState.java:run(117)) - b6ed77c0-0909-418c-a0c6-e1477b4e10c3@group-9C7A8CA2BF57-FollowerState was interrupted: java.lang.InterruptedException: sleep interrupted
2019-10-19 00:50:12,409 [grpc-default-executor-0] INFO  impl.RoleInfo (RoleInfo.java:updateAndGet(143)) - b6ed77c0-0909-418c-a0c6-e1477b4e10c3: start FollowerState
2019-10-19 00:50:12,424 [67511f02-1a53-40d3-ad7c-17f75ce9e42c@group-9C7A8CA2BF57-LeaderElection76] INFO  impl.LeaderElection (LeaderElection.java:logAndReturn(56)) - 67511f02-1a53-40d3-ad7c-17f75ce9e42c@group-9C7A8CA2BF57-LeaderElection76: Election REJECTED; received 2 response(s) [67511f02-1a53-40d3-ad7c-17f75ce9e42c<-aac91d0e-90b3-4924-955b-30866d4fff78#0:FAIL-t20, 67511f02-1a53-40d3-ad7c-17f75ce9e42c<-b6ed77c0-0909-418c-a0c6-e1477b4e10c3#0:FAIL-t20] and 0 exception(s); 67511f02-1a53-40d3-ad7c-17f75ce9e42c@group-9C7A8CA2BF57:t20, leader=null, voted=67511f02-1a53-40d3-ad7c-17f75ce9e42c, raftlog=67511f02-1a53-40d3-ad7c-17f75ce9e42c@group-9C7A8CA2BF57-SegmentedRaftLog:OPENED:c-1,f-1,i0, conf=-1: [67511f02-1a53-40d3-ad7c-17f75ce9e42c:192.168.157.213:45560, aac91d0e-90b3-4924-955b-30866d4fff78:192.168.157.213:41659, b6ed77c0-0909-418c-a0c6-e1477b4e10c3:192.168.157.213:33232], old=null
2019-10-19 00:50:12,424 [67511f02-1a53-40d3-ad7c-17f75ce9e42c@group-9C7A8CA2BF57-LeaderElection76] INFO  impl.RaftServerImpl (RaftServerImpl.java:setRole(184)) - 67511f02-1a53-40d3-ad7c-17f75ce9e42c@group-9C7A8CA2BF57: changes role from CANDIDATE to FOLLOWER at term 20 for DISCOVERED_A_NEW_TERM
2019-10-19 00:50:12,424 [67511f02-1a53-40d3-ad7c-17f75ce9e42c@group-9C7A8CA2BF57-LeaderElection76] INFO  impl.RoleInfo (RoleInfo.java:shutdownLeaderElection(134)) - 67511f02-1a53-40d3-ad7c-17f75ce9e42c: shutdown LeaderElection
2019-10-19 00:50:12,424 [67511f02-1a53-40d3-ad7c-17f75ce9e42c@group-9C7A8CA2BF57-LeaderElection76] INFO  impl.RoleInfo (RoleInfo.java:updateAndGet(143)) - 67511f02-1a53-40d3-ad7c-17f75ce9e42c: start FollowerState
2019-10-19 00:50:12,542 [Thread-1066] INFO  impl.FollowerState (FollowerState.java:run(108)) - 67511f02-1a53-40d3-ad7c-17f75ce9e42c@group-9C7A8CA2BF57-FollowerState: change to CANDIDATE, lastRpcTime:118ms, electionTimeout:118ms
2019-10-19 00:50:12,543 [Thread-1066] INFO  impl.RoleInfo (RoleInfo.java:shutdownFollowerState(121)) - 67511f02-1a53-40d3-ad7c-17f75ce9e42c: shutdown FollowerState
2019-10-19 00:50:12,543 [Thread-1066] INFO  impl.RaftServerImpl (RaftServerImpl.java:setRole(184)) - 67511f02-1a53-40d3-ad7c-17f75ce9e42c@group-9C7A8CA2BF57: changes role from  FOLLOWER to CANDIDATE at term 20 for changeToCandidate
2019-10-19 00:50:12,543 [Thread-1066] INFO  impl.RoleInfo (RoleInfo.java:updateAndGet(143)) - 67511f02-1a53-40d3-ad7c-17f75ce9e42c: start LeaderElection
2019-10-19 00:50:12,554 [Thread-1060] INFO  impl.FollowerState (FollowerState.java:run(108)) - aac91d0e-90b3-4924-955b-30866d4fff78@group-2DDA05B3685C-FollowerState: change to CANDIDATE, lastRpcTime:184ms, electionTimeout:184ms
2019-10-19 00:50:12,554 [Thread-1060] INFO  impl.RoleInfo (RoleInfo.java:shutdownFollowerState(121)) - aac91d0e-90b3-4924-955b-30866d4fff78: shutdown FollowerState
2019-10-19 00:50:12,554 [Thread-1060] INFO  impl.RaftServerImpl (RaftServerImpl.java:setRole(184)) - aac91d0e-90b3-4924-955b-30866d4fff78@group-2DDA05B3685C: changes role from  FOLLOWER to CANDIDATE at term 61 for changeToCandidate
2019-10-19 00:50:12,555 [Thread-1060] INFO  impl.RoleInfo (RoleInfo.java:updateAndGet(143)) - aac91d0e-90b3-4924-955b-30866d4fff78: start LeaderElection
2019-10-19 00:50:12,555 [67511f02-1a53-40d3-ad7c-17f75ce9e42c@group-9C7A8CA2BF57-LeaderElection77] INFO  impl.LeaderElection (LeaderElection.java:askForVotes(178)) - 67511f02-1a53-40d3-ad7c-17f75ce9e42c@group-9C7A8CA2BF57-LeaderElection77: begin an election at term 21 for -1: [67511f02-1a53-40d3-ad7c-17f75ce9e42c:192.168.157.213:45560, aac91d0e-90b3-4924-955b-30866d4fff78:192.168.157.213:41659, b6ed77c0-0909-418c-a0c6-e1477b4e10c3:192.168.157.213:33232], old=null
2019-10-19 00:50:12,558 [grpc-default-executor-1] INFO  impl.RaftServerImpl (RaftServerImpl.java:setRole(184)) - b6ed77c0-0909-418c-a0c6-e1477b4e10c3@group-9C7A8CA2BF57: changes role from  FOLLOWER to FOLLOWER at term 21 for recognizeCandidate:67511f02-1a53-40d3-ad7c-17f75ce9e42c
2019-10-19 00:50:12,558 [grpc-default-executor-0] INFO  impl.RaftServerImpl (RaftServerImpl.java:setRole(184)) - aac91d0e-90b3-4924-955b-30866d4fff78@group-9C7A8CA2BF57: changes role from  FOLLOWER to FOLLOWER at term 21 for recognizeCandidate:67511f02-1a53-40d3-ad7c-17f75ce9e42c
2019-10-19 00:50:12,558 [grpc-default-executor-1] INFO  impl.RoleInfo (RoleInfo.java:shutdownFollowerState(121)) - b6ed77c0-0909-418c-a0c6-e1477b4e10c3: shutdown FollowerState
2019-10-19 00:50:12,558 [grpc-default-executor-0] INFO  impl.RoleInfo (RoleInfo.java:shutdownFollowerState(121)) - aac91d0e-90b3-4924-955b-30866d4fff78: shutdown FollowerState
2019-10-19 00:50:12,558 [Thread-1065] INFO  impl.FollowerState (FollowerState.java:run(117)) - b6ed77c0-0909-418c-a0c6-e1477b4e10c3@group-9C7A8CA2BF57-FollowerState was interrupted: java.lang.InterruptedException: sleep interrupted
2019-10-19 00:50:12,558 [grpc-default-executor-1] INFO  impl.RoleInfo (RoleInfo.java:updateAndGet(143)) - b6ed77c0-0909-418c-a0c6-e1477b4e10c3: start FollowerState
2019-10-19 00:50:12,558 [Thread-1064] INFO  impl.FollowerState (FollowerState.java:run(117)) - aac91d0e-90b3-4924-955b-30866d4fff78@group-9C7A8CA2BF57-FollowerState was interrupted: java.lang.InterruptedException: sleep interrupted
2019-10-19 00:50:12,558 [grpc-default-executor-0] INFO  impl.RoleInfo (RoleInfo.java:updateAndGet(143)) - aac91d0e-90b3-4924-955b-30866d4fff78: start FollowerState
2019-10-19 00:50:12,569 [aac91d0e-90b3-4924-955b-30866d4fff78@group-2DDA05B3685C-LeaderElection78] INFO  impl.LeaderElection (LeaderElection.java:askForVotes(178)) - aac91d0e-90b3-4924-955b-30866d4fff78@group-2DDA05B3685C-LeaderElection78: begin an election at term 62 for 0: [67511f02-1a53-40d3-ad7c-17f75ce9e42c:192.168.157.213:45560, aac91d0e-90b3-4924-955b-30866d4fff78:192.168.157.213:41659, b6ed77c0-0909-418c-a0c6-e1477b4e10c3:192.168.157.213:33232], old=null
2019-10-19 00:50:12,570 [67511f02-1a53-40d3-ad7c-17f75ce9e42c@group-9C7A8CA2BF57-LeaderElection77] INFO  impl.LeaderElection (LeaderElection.java:logAndReturn(56)) - 67511f02-1a53-40d3-ad7c-17f75ce9e42c@group-9C7A8CA2BF57-LeaderElection77: Election REJECTED; received 2 response(s) [67511f02-1a53-40d3-ad7c-17f75ce9e42c<-aac91d0e-90b3-4924-955b-30866d4fff78#0:FAIL-t21, 67511f02-1a53-40d3-ad7c-17f75ce9e42c<-b6ed77c0-0909-418c-a0c6-e1477b4e10c3#0:FAIL-t21] and 0 exception(s); 67511f02-1a53-40d3-ad7c-17f75ce9e42c@group-9C7A8CA2BF57:t21, leader=null, voted=67511f02-1a53-40d3-ad7c-17f75ce9e42c, raftlog=67511f02-1a53-40d3-ad7c-17f75ce9e42c@group-9C7A8CA2BF57-SegmentedRaftLog:OPENED:c-1,f-1,i0, conf=-1: [67511f02-1a53-40d3-ad7c-17f75ce9e42c:192.168.157.213:45560, aac91d0e-90b3-4924-955b-30866d4fff78:192.168.157.213:41659, b6ed77c0-0909-418c-a0c6-e1477b4e10c3:192.168.157.213:33232], old=null
2019-10-19 00:50:12,570 [67511f02-1a53-40d3-ad7c-17f75ce9e42c@group-9C7A8CA2BF57-LeaderElection77] INFO  impl.RaftServerImpl (RaftServerImpl.java:setRole(184)) - 67511f02-1a53-40d3-ad7c-17f75ce9e42c@group-9C7A8CA2BF57: changes role from CANDIDATE to FOLLOWER at term 21 for DISCOVERED_A_NEW_TERM
2019-10-19 00:50:12,570 [67511f02-1a53-40d3-ad7c-17f75ce9e42c@group-9C7A8CA2BF57-LeaderElection77] INFO  impl.RoleInfo (RoleInfo.java:shutdownLeaderElection(134)) - 67511f02-1a53-40d3-ad7c-17f75ce9e42c: shutdown LeaderElection
2019-10-19 00:50:12,571 [67511f02-1a53-40d3-ad7c-17f75ce9e42c@group-9C7A8CA2BF57-LeaderElection77] INFO  impl.RoleInfo (RoleInfo.java:updateAndGet(143)) - 67511f02-1a53-40d3-ad7c-17f75ce9e42c: start FollowerState
2019-10-19 00:50:12,571 [grpc-default-executor-0] INFO  impl.RaftServerImpl (RaftServerImpl.java:setRole(184)) - 67511f02-1a53-40d3-ad7c-17f75ce9e42c@group-2DDA05B3685C: changes role from  FOLLOWER to FOLLOWER at term 62 for recognizeCandidate:aac91d0e-90b3-4924-955b-30866d4fff78
2019-10-19 00:50:12,571 [grpc-default-executor-0] INFO  impl.RoleInfo (RoleInfo.java:shutdownFollowerState(121)) - 67511f02-1a53-40d3-ad7c-17f75ce9e42c: shutdown FollowerState
2019-10-19 00:50:12,571 [grpc-default-executor-1] INFO  impl.RaftServerImpl (RaftServerImpl.java:setRole(184)) - b6ed77c0-0909-418c-a0c6-e1477b4e10c3@group-2DDA05B3685C: changes role from  FOLLOWER to FOLLOWER at term 62 for recognizeCandidate:aac91d0e-90b3-4924-955b-30866d4fff78
2019-10-19 00:50:12,571 [Thread-1058] INFO  impl.FollowerState (FollowerState.java:run(117)) - 67511f02-1a53-40d3-ad7c-17f75ce9e42c@group-2DDA05B3685C-FollowerState was interrupted: java.lang.InterruptedException: sleep interrupted
2019-10-19 00:50:12,571 [grpc-default-executor-0] INFO  impl.RoleInfo (RoleInfo.java:updateAndGet(143)) - 67511f02-1a53-40d3-ad7c-17f75ce9e42c: start FollowerState
2019-10-19 00:50:12,571 [grpc-default-executor-1] INFO  impl.RoleInfo (RoleInfo.java:shutdownFollowerState(121)) - b6ed77c0-0909-418c-a0c6-e1477b4e10c3: shutdown FollowerState
2019-10-19 00:50:12,572 [grpc-default-executor-1] INFO  impl.RoleInfo (RoleInfo.java:updateAndGet(143)) - b6ed77c0-0909-418c-a0c6-e1477b4e10c3: start FollowerState
2019-10-19 00:50:12,572 [Thread-1059] INFO  impl.FollowerState (FollowerState.java:run(117)) - b6ed77c0-0909-418c-a0c6-e1477b4e10c3@group-2DDA05B3685C-FollowerState was interrupted: java.lang.InterruptedException: sleep interrupted
2019-10-19 00:50:12,585 [aac91d0e-90b3-4924-955b-30866d4fff78@group-2DDA05B3685C-LeaderElection78] INFO  impl.LeaderElection (LeaderElection.java:logAndReturn(56)) - aac91d0e-90b3-4924-955b-30866d4fff78@group-2DDA05B3685C-LeaderElection78: Election REJECTED; received 2 response(s) [aac91d0e-90b3-4924-955b-30866d4fff78<-67511f02-1a53-40d3-ad7c-17f75ce9e42c#0:FAIL-t62, aac91d0e-90b3-4924-955b-30866d4fff78<-b6ed77c0-0909-418c-a0c6-e1477b4e10c3#0:FAIL-t62] and 0 exception(s); aac91d0e-90b3-4924-955b-30866d4fff78@group-2DDA05B3685C:t62, leader=null, voted=aac91d0e-90b3-4924-955b-30866d4fff78, raftlog=aac91d0e-90b3-4924-955b-30866d4fff78@group-2DDA05B3685C-SegmentedRaftLog:OPENED:c3,f4,i4, conf=0: [67511f02-1a53-40d3-ad7c-17f75ce9e42c:192.168.157.213:45560, aac91d0e-90b3-4924-955b-30866d4fff78:192.168.157.213:41659, b6ed77c0-0909-418c-a0c6-e1477b4e10c3:192.168.157.213:33232], old=null
2019-10-19 00:50:12,585 [aac91d0e-90b3-4924-955b-30866d4fff78@group-2DDA05B3685C-LeaderElection78] INFO  impl.RaftServerImpl (RaftServerImpl.java:setRole(184)) - aac91d0e-90b3-4924-955b-30866d4fff78@group-2DDA05B3685C: changes role from CANDIDATE to FOLLOWER at term 62 for DISCOVERED_A_NEW_TERM
2019-10-19 00:50:12,585 [aac91d0e-90b3-4924-955b-30866d4fff78@group-2DDA05B3685C-LeaderElection78] INFO  impl.RoleInfo (RoleInfo.java:shutdownLeaderElection(134)) - aac91d0e-90b3-4924-955b-30866d4fff78: shutdown LeaderElection
2019-10-19 00:50:12,586 [aac91d0e-90b3-4924-955b-30866d4fff78@group-2DDA05B3685C-LeaderElection78] INFO  impl.RoleInfo (RoleInfo.java:updateAndGet(143)) - aac91d0e-90b3-4924-955b-30866d4fff78: start FollowerState
2019-10-19 00:50:12,685 [Thread-1075] INFO  impl.FollowerState (FollowerState.java:run(108)) - 67511f02-1a53-40d3-ad7c-17f75ce9e42c@group-9C7A8CA2BF57-FollowerState: change to CANDIDATE, lastRpcTime:114ms, electionTimeout:114ms
2019-10-19 00:50:12,685 [Thread-1075] INFO  impl.RoleInfo (RoleInfo.java:shutdownFollowerState(121)) - 67511f02-1a53-40d3-ad7c-17f75ce9e42c: shutdown FollowerState
2019-10-19 00:50:12,685 [Thread-1075] INFO  impl.RaftServerImpl (RaftServerImpl.java:setRole(184)) - 67511f02-1a53-40d3-ad7c-17f75ce9e42c@group-9C7A8CA2BF57: changes role from  FOLLOWER to CANDIDATE at term 21 for changeToCandidate
2019-10-19 00:50:12,685 [Thread-1075] INFO  impl.RoleInfo (RoleInfo.java:updateAndGet(143)) - 67511f02-1a53-40d3-ad7c-17f75ce9e42c: start LeaderElection
2019-10-19 00:50:12,700 [67511f02-1a53-40d3-ad7c-17f75ce9e42c@group-9C7A8CA2BF57-LeaderElection79] INFO  impl.LeaderElection (LeaderElection.java:askForVotes(178)) - 67511f02-1a53-40d3-ad7c-17f75ce9e42c@group-9C7A8CA2BF57-LeaderElection79: begin an election at term 22 for -1: [67511f02-1a53-40d3-ad7c-17f75ce9e42c:192.168.157.213:45560, aac91d0e-90b3-4924-955b-30866d4fff78:192.168.157.213:41659, b6ed77c0-0909-418c-a0c6-e1477b4e10c3:192.168.157.213:33232], old=null
2019-10-19 00:50:12,702 [grpc-default-executor-0] INFO  impl.RaftServerImpl (RaftServerImpl.java:setRole(184)) - aac91d0e-90b3-4924-955b-30866d4fff78@group-9C7A8CA2BF57: changes role from  FOLLOWER to FOLLOWER at term 22 for recognizeCandidate:67511f02-1a53-40d3-ad7c-17f75ce9e42c
2019-10-19 00:50:12,702 [grpc-default-executor-1] INFO  impl.RaftServerImpl (RaftServerImpl.java:setRole(184)) - b6ed77c0-0909-418c-a0c6-e1477b4e10c3@group-9C7A8CA2BF57: changes role from  FOLLOWER to FOLLOWER at term 22 for recognizeCandidate:67511f02-1a53-40d3-ad7c-17f75ce9e42c
2019-10-19 00:50:12,702 [grpc-default-executor-0] INFO  impl.RoleInfo (RoleInfo.java:shutdownFollowerState(121)) - aac91d0e-90b3-4924-955b-30866d4fff78: shutdown FollowerState
2019-10-19 00:50:12,703 [grpc-default-executor-1] INFO  impl.RoleInfo (RoleInfo.java:shutdownFollowerState(121)) - b6ed77c0-0909-418c-a0c6-e1477b4e10c3: shutdown FollowerState
2019-10-19 00:50:12,703 [Thread-1072] INFO  impl.FollowerState (FollowerState.java:run(117)) - aac91d0e-90b3-4924-955b-30866d4fff78@group-9C7A8CA2BF57-FollowerState was interrupted: java.lang.InterruptedException: sleep interrupted
2019-10-19 00:50:12,703 [grpc-default-executor-0] INFO  impl.RoleInfo (RoleInfo.java:updateAndGet(143)) - aac91d0e-90b3-4924-955b-30866d4fff78: start FollowerState
2019-10-19 00:50:12,703 [Thread-1071] INFO  impl.FollowerState (FollowerState.java:run(117)) - b6ed77c0-0909-418c-a0c6-e1477b4e10c3@group-9C7A8CA2BF57-FollowerState was interrupted: java.lang.InterruptedException: sleep interrupted
2019-10-19 00:50:12,703 [grpc-default-executor-1] INFO  impl.RoleInfo (RoleInfo.java:updateAndGet(143)) - b6ed77c0-0909-418c-a0c6-e1477b4e10c3: start FollowerState
2019-10-19 00:50:12,719 [67511f02-1a53-40d3-ad7c-17f75ce9e42c@group-9C7A8CA2BF57-LeaderElection79] INFO  impl.LeaderElection (LeaderElection.java:logAndReturn(56)) - 67511f02-1a53-40d3-ad7c-17f75ce9e42c@group-9C7A8CA2BF57-LeaderElection79: Election REJECTED; received 2 response(s) [67511f02-1a53-40d3-ad7c-17f75ce9e42c<-aac91d0e-90b3-4924-955b-30866d4fff78#0:FAIL-t22, 67511f02-1a53-40d3-ad7c-17f75ce9e42c<-b6ed77c0-0909-418c-a0c6-e1477b4e10c3#0:FAIL-t22] and 0 exception(s); 67511f02-1a53-40d3-ad7c-17f75ce9e42c@group-9C7A8CA2BF57:t22, leader=null, voted=67511f02-1a53-40d3-ad7c-17f75ce9e42c, raftlog=67511f02-1a53-40d3-ad7c-17f75ce9e42c@group-9C7A8CA2BF57-SegmentedRaftLog:OPENED:c-1,f-1,i0, conf=-1: [67511f02-1a53-40d3-ad7c-17f75ce9e42c:192.168.157.213:45560, aac91d0e-90b3-4924-955b-30866d4fff78:192.168.157.213:41659, b6ed77c0-0909-418c-a0c6-e1477b4e10c3:192.168.157.213:33232], old=null
2019-10-19 00:50:12,719 [67511f02-1a53-40d3-ad7c-17f75ce9e42c@group-9C7A8CA2BF57-LeaderElection79] INFO  impl.RaftServerImpl (RaftServerImpl.java:setRole(184)) - 67511f02-1a53-40d3-ad7c-17f75ce9e42c@group-9C7A8CA2BF57: changes role from CANDIDATE to FOLLOWER at term 22 for DISCOVERED_A_NEW_TERM
2019-10-19 00:50:12,720 [67511f02-1a53-40d3-ad7c-17f75ce9e42c@group-9C7A8CA2BF57-LeaderElection79] INFO  impl.RoleInfo (RoleInfo.java:shutdownLeaderElection(134)) - 67511f02-1a53-40d3-ad7c-17f75ce9e42c: shutdown LeaderElection
2019-10-19 00:50:12,720 [67511f02-1a53-40d3-ad7c-17f75ce9e42c@group-9C7A8CA2BF57-LeaderElection79] INFO  impl.RoleInfo (RoleInfo.java:updateAndGet(143)) - 67511f02-1a53-40d3-ad7c-17f75ce9e42c: start FollowerState
2019-10-19 00:50:12,763 [Thread-1078] INFO  impl.FollowerState (FollowerState.java:run(108)) - aac91d0e-90b3-4924-955b-30866d4fff78@group-2DDA05B3685C-FollowerState: change to CANDIDATE, lastRpcTime:177ms, electionTimeout:177ms
2019-10-19 00:50:12,763 [Thread-1078] INFO  impl.RoleInfo (RoleInfo.java:shutdownFollowerState(121)) - aac91d0e-90b3-4924-955b-30866d4fff78: shutdown FollowerState
2019-10-19 00:50:12,763 [Thread-1078] INFO  impl.RaftServerImpl (RaftServerImpl.java:setRole(184)) - aac91d0e-90b3-4924-955b-30866d4fff78@group-2DDA05B3685C: changes role from  FOLLOWER to CANDIDATE at term 62 for changeToCandidate
2019-10-19 00:50:12,763 [Thread-1078] INFO  impl.RoleInfo (RoleInfo.java:updateAndGet(143)) - aac91d0e-90b3-4924-955b-30866d4fff78: start LeaderElection
2019-10-19 00:50:12,770 [aac91d0e-90b3-4924-955b-30866d4fff78@group-2DDA05B3685C-LeaderElection80] INFO  impl.LeaderElection (LeaderElection.java:askForVotes(178)) - aac91d0e-90b3-4924-955b-30866d4fff78@group-2DDA05B3685C-LeaderElection80: begin an election at term 63 for 0: [67511f02-1a53-40d3-ad7c-17f75ce9e42c:192.168.157.213:45560, aac91d0e-90b3-4924-955b-30866d4fff78:192.168.157.213:41659, b6ed77c0-0909-418c-a0c6-e1477b4e10c3:192.168.157.213:33232], old=null
2019-10-19 00:50:12,772 [grpc-default-executor-1] INFO  impl.RaftServerImpl (RaftServerImpl.java:setRole(184)) - 67511f02-1a53-40d3-ad7c-17f75ce9e42c@group-2DDA05B3685C: changes role from  FOLLOWER to FOLLOWER at term 63 for recognizeCandidate:aac91d0e-90b3-4924-955b-30866d4fff78
2019-10-19 00:50:12,772 [grpc-default-executor-0] INFO  impl.RaftServerImpl (RaftServerImpl.java:setRole(184)) - b6ed77c0-0909-418c-a0c6-e1477b4e10c3@group-2DDA05B3685C: changes role from  FOLLOWER to FOLLOWER at term 63 for recognizeCandidate:aac91d0e-90b3-4924-955b-30866d4fff78
2019-10-19 00:50:12,772 [grpc-default-executor-1] INFO  impl.RoleInfo (RoleInfo.java:shutdownFollowerState(121)) - 67511f02-1a53-40d3-ad7c-17f75ce9e42c: shutdown FollowerState
2019-10-19 00:50:12,772 [grpc-default-executor-0] INFO  impl.RoleInfo (RoleInfo.java:shutdownFollowerState(121)) - b6ed77c0-0909-418c-a0c6-e1477b4e10c3: shutdown FollowerState
2019-10-19 00:50:12,773 [grpc-default-executor-1] INFO  impl.RoleInfo (RoleInfo.java:updateAndGet(143)) - 67511f02-1a53-40d3-ad7c-17f75ce9e42c: start FollowerState
2019-10-19 00:50:12,773 [Thread-1077] INFO  impl.FollowerState (FollowerState.java:run(117)) - b6ed77c0-0909-418c-a0c6-e1477b4e10c3@group-2DDA05B3685C-FollowerState was interrupted: java.lang.InterruptedException: sleep interrupted
2019-10-19 00:50:12,773 [Thread-1076] INFO  impl.FollowerState (FollowerState.java:run(117)) - 67511f02-1a53-40d3-ad7c-17f75ce9e42c@group-2DDA05B3685C-FollowerState was interrupted: java.lang.InterruptedException: sleep interrupted
2019-10-19 00:50:12,773 [grpc-default-executor-0] INFO  impl.RoleInfo (RoleInfo.java:updateAndGet(143)) - b6ed77c0-0909-418c-a0c6-e1477b4e10c3: start FollowerState
2019-10-19 00:50:12,788 [aac91d0e-90b3-4924-955b-30866d4fff78@group-2DDA05B3685C-LeaderElection80] INFO  impl.LeaderElection (LeaderElection.java:logAndReturn(56)) - aac91d0e-90b3-4924-955b-30866d4fff78@group-2DDA05B3685C-LeaderElection80: Election REJECTED; received 2 response(s) [aac91d0e-90b3-4924-955b-30866d4fff78<-67511f02-1a53-40d3-ad7c-17f75ce9e42c#0:FAIL-t63, aac91d0e-90b3-4924-955b-30866d4fff78<-b6ed77c0-0909-418c-a0c6-e1477b4e10c3#0:FAIL-t63] and 0 exception(s); aac91d0e-90b3-4924-955b-30866d4fff78@group-2DDA05B3685C:t63, leader=null, voted=aac91d0e-90b3-4924-955b-30866d4fff78, raftlog=aac91d0e-90b3-4924-955b-30866d4fff78@group-2DDA05B3685C-SegmentedRaftLog:OPENED:c3,f4,i4, conf=0: [67511f02-1a53-40d3-ad7c-17f75ce9e42c:192.168.157.213:45560, aac91d0e-90b3-4924-955b-30866d4fff78:192.168.157.213:41659, b6ed77c0-0909-418c-a0c6-e1477b4e10c3:192.168.157.213:33232], old=null
2019-10-19 00:50:12,788 [aac91d0e-90b3-4924-955b-30866d4fff78@group-2DDA05B3685C-LeaderElection80] INFO  impl.RaftServerImpl (RaftServerImpl.java:setRole(184)) - aac91d0e-90b3-4924-955b-30866d4fff78@group-2DDA05B3685C: changes role from CANDIDATE to FOLLOWER at term 63 for DISCOVERED_A_NEW_TERM
2019-10-19 00:50:12,788 [aac91d0e-90b3-4924-955b-30866d4fff78@group-2DDA05B3685C-LeaderElection80] INFO  impl.RoleInfo (RoleInfo.java:shutdownLeaderElection(134)) - aac91d0e-90b3-4924-955b-30866d4fff78: shutdown LeaderElection
2019-10-19 00:50:12,788 [aac91d0e-90b3-4924-955b-30866d4fff78@group-2DDA05B3685C-LeaderElection80] INFO  impl.RoleInfo (RoleInfo.java:updateAndGet(143)) - aac91d0e-90b3-4924-955b-30866d4fff78: start FollowerState
2019-10-19 00:50:12,828 [Thread-1084] INFO  impl.FollowerState (FollowerState.java:run(108)) - 67511f02-1a53-40d3-ad7c-17f75ce9e42c@group-9C7A8CA2BF57-FollowerState: change to CANDIDATE, lastRpcTime:108ms, electionTimeout:108ms
2019-10-19 00:50:12,828 [Thread-1084] INFO  impl.RoleInfo (RoleInfo.java:shutdownFollowerState(121)) - 67511f02-1a53-40d3-ad7c-17f75ce9e42c: shutdown FollowerState
2019-10-19 00:50:12,828 [Thread-1084] INFO  impl.RaftServerImpl (RaftServerImpl.java:setRole(184)) - 67511f02-1a53-40d3-ad7c-17f75ce9e42c@group-9C7A8CA2BF57: changes role from  FOLLOWER to CANDIDATE at term 22 for changeToCandidate
2019-10-19 00:50:12,829 [Thread-1084] INFO  impl.RoleInfo (RoleInfo.java:updateAndGet(143)) - 67511f02-1a53-40d3-ad7c-17f75ce9e42c: start LeaderElection
2019-10-19 00:50:12,846 [Thread-1090] INFO  impl.FollowerState (FollowerState.java:run(108)) - aac91d0e-90b3-4924-955b-30866d4fff78@group-2DDA05B3685C-FollowerState: change to CANDIDATE, lastRpcTime:57ms, electionTimeout:57ms
2019-10-19 00:50:12,846 [Thread-1090] INFO  impl.RoleInfo (RoleInfo.java:shutdownFollowerState(121)) - aac91d0e-90b3-4924-955b-30866d4fff78: shutdown FollowerState
2019-10-19 00:50:12,846 [Thread-1090] INFO  impl.RaftServerImpl (RaftServerImpl.java:setRole(184)) - aac91d0e-90b3-4924-955b-30866d4fff78@group-2DDA05B3685C: changes role from  FOLLOWER to CANDIDATE at term 63 for changeToCandidate
2019-10-19 00:50:12,846 [Thread-1090] INFO  impl.RoleInfo (RoleInfo.java:updateAndGet(143)) - aac91d0e-90b3-4924-955b-30866d4fff78: start LeaderElection
2019-10-19 00:50:12,850 [67511f02-1a53-40d3-ad7c-17f75ce9e42c@group-9C7A8CA2BF57-LeaderElection81] INFO  impl.LeaderElection (LeaderElection.java:askForVotes(178)) - 67511f02-1a53-40d3-ad7c-17f75ce9e42c@group-9C7A8CA2BF57-LeaderElection81: begin an election at term 23 for -1: [67511f02-1a53-40d3-ad7c-17f75ce9e42c:192.168.157.213:45560, aac91d0e-90b3-4924-955b-30866d4fff78:192.168.157.213:41659, b6ed77c0-0909-418c-a0c6-e1477b4e10c3:192.168.157.213:33232], old=null
2019-10-19 00:50:12,852 [aac91d0e-90b3-4924-955b-30866d4fff78@group-2DDA05B3685C-LeaderElection82] INFO  impl.LeaderElection (LeaderElection.java:askForVotes(178)) - aac91d0e-90b3-4924-955b-30866d4fff78@group-2DDA05B3685C-LeaderElection82: begin an election at term 64 for 0: [67511f02-1a53-40d3-ad7c-17f75ce9e42c:192.168.157.213:45560, aac91d0e-90b3-4924-955b-30866d4fff78:192.168.157.213:41659, b6ed77c0-0909-418c-a0c6-e1477b4e10c3:192.168.157.213:33232], old=null
2019-10-19 00:50:12,852 [grpc-default-executor-0] INFO  impl.RaftServerImpl (RaftServerImpl.java:setRole(184)) - aac91d0e-90b3-4924-955b-30866d4fff78@group-9C7A8CA2BF57: changes role from  FOLLOWER to FOLLOWER at term 23 for recognizeCandidate:67511f02-1a53-40d3-ad7c-17f75ce9e42c
2019-10-19 00:50:12,852 [grpc-default-executor-0] INFO  impl.RoleInfo (RoleInfo.java:shutdownFollowerState(121)) - aac91d0e-90b3-4924-955b-30866d4fff78: shutdown FollowerState
2019-10-19 00:50:12,852 [grpc-default-executor-1] INFO  impl.RaftServerImpl (RaftServerImpl.java:setRole(184)) - b6ed77c0-0909-418c-a0c6-e1477b4e10c3@group-9C7A8CA2BF57: changes role from  FOLLOWER to FOLLOWER at term 23 for recognizeCandidate:67511f02-1a53-40d3-ad7c-17f75ce9e42c
2019-10-19 00:50:12,852 [Thread-1082] INFO  impl.FollowerState (FollowerState.java:run(117)) - aac91d0e-90b3-4924-955b-30866d4fff78@group-9C7A8CA2BF57-FollowerState was interrupted: java.lang.InterruptedException: sleep interrupted
2019-10-19 00:50:12,852 [grpc-default-executor-0] INFO  impl.RoleInfo (RoleInfo.java:updateAndGet(143)) - aac91d0e-90b3-4924-955b-30866d4fff78: start FollowerState
2019-10-19 00:50:12,852 [grpc-default-executor-1] INFO  impl.RoleInfo (RoleInfo.java:shutdownFollowerState(121)) - b6ed77c0-0909-418c-a0c6-e1477b4e10c3: shutdown FollowerState
2019-10-19 00:50:12,853 [grpc-default-executor-1] INFO  impl.RoleInfo (RoleInfo.java:updateAndGet(143)) - b6ed77c0-0909-418c-a0c6-e1477b4e10c3: start FollowerState
2019-10-19 00:50:12,853 [Thread-1083] INFO  impl.FollowerState (FollowerState.java:run(117)) - b6ed77c0-0909-418c-a0c6-e1477b4e10c3@group-9C7A8CA2BF57-FollowerState was interrupted: java.lang.InterruptedException: sleep interrupted
2019-10-19 00:50:12,854 [grpc-default-executor-2] INFO  impl.RaftServerImpl (RaftServerImpl.java:setRole(184)) - 67511f02-1a53-40d3-ad7c-17f75ce9e42c@group-2DDA05B3685C: changes role from  FOLLOWER to FOLLOWER at term 64 for recognizeCandidate:aac91d0e-90b3-4924-955b-30866d4fff78
2019-10-19 00:50:12,854 [grpc-default-executor-2] INFO  impl.RoleInfo (RoleInfo.java:shutdownFollowerState(121)) - 67511f02-1a53-40d3-ad7c-17f75ce9e42c: shutdown FollowerState
2019-10-19 00:50:12,854 [grpc-default-executor-7] INFO  impl.RaftServerImpl (RaftServerImpl.java:setRole(184)) - b6ed77c0-0909-418c-a0c6-e1477b4e10c3@group-2DDA05B3685C: changes role from  FOLLOWER to FOLLOWER at term 64 for recognizeCandidate:aac91d0e-90b3-4924-955b-30866d4fff78
2019-10-19 00:50:12,854 [Thread-1088] INFO  impl.FollowerState (FollowerState.java:run(117)) - 67511f02-1a53-40d3-ad7c-17f75ce9e42c@group-2DDA05B3685C-FollowerState was interrupted: java.lang.InterruptedException: sleep interrupted
2019-10-19 00:50:12,854 [grpc-default-executor-2] INFO  impl.RoleInfo (RoleInfo.java:updateAndGet(143)) - 67511f02-1a53-40d3-ad7c-17f75ce9e42c: start FollowerState
2019-10-19 00:50:12,854 [grpc-default-executor-7] INFO  impl.RoleInfo (RoleInfo.java:shutdownFollowerState(121)) - b6ed77c0-0909-418c-a0c6-e1477b4e10c3: shutdown FollowerState
2019-10-19 00:50:12,855 [grpc-default-executor-7] INFO  impl.RoleInfo (RoleInfo.java:updateAndGet(143)) - b6ed77c0-0909-418c-a0c6-e1477b4e10c3: start FollowerState
2019-10-19 00:50:12,855 [Thread-1089] INFO  impl.FollowerState (FollowerState.java:run(117)) - b6ed77c0-0909-418c-a0c6-e1477b4e10c3@group-2DDA05B3685C-FollowerState was interrupted: java.lang.InterruptedException: sleep interrupted
2019-10-19 00:50:12,869 [67511f02-1a53-40d3-ad7c-17f75ce9e42c@group-9C7A8CA2BF57-LeaderElection81] INFO  impl.LeaderElection (LeaderElection.java:logAndReturn(56)) - 67511f02-1a53-40d3-ad7c-17f75ce9e42c@group-9C7A8CA2BF57-LeaderElection81: Election REJECTED; received 2 response(s) [67511f02-1a53-40d3-ad7c-17f75ce9e42c<-aac91d0e-90b3-4924-955b-30866d4fff78#0:FAIL-t23, 67511f02-1a53-40d3-ad7c-17f75ce9e42c<-b6ed77c0-0909-418c-a0c6-e1477b4e10c3#0:FAIL-t23] and 0 exception(s); 67511f02-1a53-40d3-ad7c-17f75ce9e42c@group-9C7A8CA2BF57:t23, leader=null, voted=67511f02-1a53-40d3-ad7c-17f75ce9e42c, raftlog=67511f02-1a53-40d3-ad7c-17f75ce9e42c@group-9C7A8CA2BF57-SegmentedRaftLog:OPENED:c-1,f-1,i0, conf=-1: [67511f02-1a53-40d3-ad7c-17f75ce9e42c:192.168.157.213:45560, aac91d0e-90b3-4924-955b-30866d4fff78:192.168.157.213:41659, b6ed77c0-0909-418c-a0c6-e1477b4e10c3:192.168.157.213:33232], old=null
2019-10-19 00:50:12,869 [67511f02-1a53-40d3-ad7c-17f75ce9e42c@group-9C7A8CA2BF57-LeaderElection81] INFO  impl.RaftServerImpl (RaftServerImpl.java:setRole(184)) - 67511f02-1a53-40d3-ad7c-17f75ce9e42c@group-9C7A8CA2BF57: changes role from CANDIDATE to FOLLOWER at term 23 for DISCOVERED_A_NEW_TERM
2019-10-19 00:50:12,869 [aac91d0e-90b3-4924-955b-30866d4fff78@group-2DDA05B3685C-LeaderElection82] INFO  impl.LeaderElection (LeaderElection.java:logAndReturn(56)) - aac91d0e-90b3-4924-955b-30866d4fff78@group-2DDA05B3685C-LeaderElection82: Election REJECTED; received 2 response(s) [aac91d0e-90b3-4924-955b-30866d4fff78<-67511f02-1a53-40d3-ad7c-17f75ce9e42c#0:FAIL-t64, aac91d0e-90b3-4924-955b-30866d4fff78<-b6ed77c0-0909-418c-a0c6-e1477b4e10c3#0:FAIL-t64] and 0 exception(s); aac91d0e-90b3-4924-955b-30866d4fff78@group-2DDA05B3685C:t64, leader=null, voted=aac91d0e-90b3-4924-955b-30866d4fff78, raftlog=aac91d0e-90b3-4924-955b-30866d4fff78@group-2DDA05B3685C-SegmentedRaftLog:OPENED:c3,f4,i4, conf=0: [67511f02-1a53-40d3-ad7c-17f75ce9e42c:192.168.157.213:45560, aac91d0e-90b3-4924-955b-30866d4fff78:192.168.157.213:41659, b6ed77c0-0909-418c-a0c6-e1477b4e10c3:192.168.157.213:33232], old=null
2019-10-19 00:50:12,869 [67511f02-1a53-40d3-ad7c-17f75ce9e42c@group-9C7A8CA2BF57-LeaderElection81] INFO  impl.RoleInfo (RoleInfo.java:shutdownLeaderElection(134)) - 67511f02-1a53-40d3-ad7c-17f75ce9e42c: shutdown LeaderElection
2019-10-19 00:50:12,869 [aac91d0e-90b3-4924-955b-30866d4fff78@group-2DDA05B3685C-LeaderElection82] INFO  impl.RaftServerImpl (RaftServerImpl.java:setRole(184)) - aac91d0e-90b3-4924-955b-30866d4fff78@group-2DDA05B3685C: changes role from CANDIDATE to FOLLOWER at term 64 for DISCOVERED_A_NEW_TERM
2019-10-19 00:50:12,869 [67511f02-1a53-40d3-ad7c-17f75ce9e42c@group-9C7A8CA2BF57-LeaderElection81] INFO  impl.RoleInfo (RoleInfo.java:updateAndGet(143)) - 67511f02-1a53-40d3-ad7c-17f75ce9e42c: start FollowerState
2019-10-19 00:50:12,869 [aac91d0e-90b3-4924-955b-30866d4fff78@group-2DDA05B3685C-LeaderElection82] INFO  impl.RoleInfo (RoleInfo.java:shutdownLeaderElection(134)) - aac91d0e-90b3-4924-955b-30866d4fff78: shutdown LeaderElection
2019-10-19 00:50:12,870 [aac91d0e-90b3-4924-955b-30866d4fff78@group-2DDA05B3685C-LeaderElection82] INFO  impl.RoleInfo (RoleInfo.java:updateAndGet(143)) - aac91d0e-90b3-4924-955b-30866d4fff78: start FollowerState
2019-10-19 00:50:12,908 [Thread-1101] INFO  impl.FollowerState (FollowerState.java:run(108)) - 67511f02-1a53-40d3-ad7c-17f75ce9e42c@group-9C7A8CA2BF57-FollowerState: change to CANDIDATE, lastRpcTime:38ms, electionTimeout:38ms
2019-10-19 00:50:12,908 [Thread-1101] INFO  impl.RoleInfo (RoleInfo.java:shutdownFollowerState(121)) - 67511f02-1a53-40d3-ad7c-17f75ce9e42c: shutdown FollowerState
2019-10-19 00:50:12,908 [Thread-1101] INFO  impl.RaftServerImpl (RaftServerImpl.java:setRole(184)) - 67511f02-1a53-40d3-ad7c-17f75ce9e42c@group-9C7A8CA2BF57: changes role from  FOLLOWER to CANDIDATE at term 23 for changeToCandidate
2019-10-19 00:50:12,908 [Thread-1101] INFO  impl.RoleInfo (RoleInfo.java:updateAndGet(143)) - 67511f02-1a53-40d3-ad7c-17f75ce9e42c: start LeaderElection
2019-10-19 00:50:12,922 [67511f02-1a53-40d3-ad7c-17f75ce9e42c@group-9C7A8CA2BF57-LeaderElection83] INFO  impl.LeaderElection (LeaderElection.java:askForVotes(178)) - 67511f02-1a53-40d3-ad7c-17f75ce9e42c@group-9C7A8CA2BF57-LeaderElection83: begin an election at term 24 for -1: [67511f02-1a53-40d3-ad7c-17f75ce9e42c:192.168.157.213:45560, aac91d0e-90b3-4924-955b-30866d4fff78:192.168.157.213:41659, b6ed77c0-0909-418c-a0c6-e1477b4e10c3:192.168.157.213:33232], old=null
2019-10-19 00:50:12,925 [grpc-default-executor-7] INFO  impl.RaftServerImpl (RaftServerImpl.java:setRole(184)) - b6ed77c0-0909-418c-a0c6-e1477b4e10c3@group-9C7A8CA2BF57: changes role from  FOLLOWER to FOLLOWER at term 24 for recognizeCandidate:67511f02-1a53-40d3-ad7c-17f75ce9e42c
2019-10-19 00:50:12,925 [grpc-default-executor-7] INFO  impl.RoleInfo (RoleInfo.java:shutdownFollowerState(121)) - b6ed77c0-0909-418c-a0c6-e1477b4e10c3: shutdown FollowerState
2019-10-19 00:50:12,925 [grpc-default-executor-1] INFO  impl.RaftServerImpl (RaftServerImpl.java:setRole(184)) - aac91d0e-90b3-4924-955b-30866d4fff78@group-9C7A8CA2BF57: changes role from  FOLLOWER to FOLLOWER at term 24 for recognizeCandidate:67511f02-1a53-40d3-ad7c-17f75ce9e42c
2019-10-19 00:50:12,925 [grpc-default-executor-7] INFO  impl.RoleInfo (RoleInfo.java:updateAndGet(143)) - b6ed77c0-0909-418c-a0c6-e1477b4e10c3: start FollowerState
2019-10-19 00:50:12,925 [Thread-1098] INFO  impl.FollowerState (FollowerState.java:run(117)) - b6ed77c0-0909-418c-a0c6-e1477b4e10c3@group-9C7A8CA2BF57-FollowerState was interrupted: java.lang.InterruptedException: sleep interrupted
2019-10-19 00:50:12,925 [grpc-default-executor-1] INFO  impl.RoleInfo (RoleInfo.java:shutdownFollowerState(121)) - aac91d0e-90b3-4924-955b-30866d4fff78: shutdown FollowerState
2019-10-19 00:50:12,926 [grpc-default-executor-1] INFO  impl.RoleInfo (RoleInfo.java:updateAndGet(143)) - aac91d0e-90b3-4924-955b-30866d4fff78: start FollowerState
2019-10-19 00:50:12,926 [Thread-1097] INFO  impl.FollowerState (FollowerState.java:run(117)) - aac91d0e-90b3-4924-955b-30866d4fff78@group-9C7A8CA2BF57-FollowerState was interrupted: java.lang.InterruptedException: sleep interrupted
2019-10-19 00:50:12,940 [67511f02-1a53-40d3-ad7c-17f75ce9e42c@group-9C7A8CA2BF57-LeaderElection83] INFO  impl.LeaderElection (LeaderElection.java:logAndReturn(56)) - 67511f02-1a53-40d3-ad7c-17f75ce9e42c@group-9C7A8CA2BF57-LeaderElection83: Election REJECTED; received 2 response(s) [67511f02-1a53-40d3-ad7c-17f75ce9e42c<-aac91d0e-90b3-4924-955b-30866d4fff78#0:FAIL-t24, 67511f02-1a53-40d3-ad7c-17f75ce9e42c<-b6ed77c0-0909-418c-a0c6-e1477b4e10c3#0:FAIL-t24] and 0 exception(s); 67511f02-1a53-40d3-ad7c-17f75ce9e42c@group-9C7A8CA2BF57:t24, leader=null, voted=67511f02-1a53-40d3-ad7c-17f75ce9e42c, raftlog=67511f02-1a53-40d3-ad7c-17f75ce9e42c@group-9C7A8CA2BF57-SegmentedRaftLog:OPENED:c-1,f-1,i0, conf=-1: [67511f02-1a53-40d3-ad7c-17f75ce9e42c:192.168.157.213:45560, aac91d0e-90b3-4924-955b-30866d4fff78:192.168.157.213:41659, b6ed77c0-0909-418c-a0c6-e1477b4e10c3:192.168.157.213:33232], old=null
2019-10-19 00:50:12,940 [67511f02-1a53-40d3-ad7c-17f75ce9e42c@group-9C7A8CA2BF57-LeaderElection83] INFO  impl.RaftServerImpl (RaftServerImpl.java:setRole(184)) - 67511f02-1a53-40d3-ad7c-17f75ce9e42c@group-9C7A8CA2BF57: changes role from CANDIDATE to FOLLOWER at term 24 for DISCOVERED_A_NEW_TERM
2019-10-19 00:50:12,940 [67511f02-1a53-40d3-ad7c-17f75ce9e42c@group-9C7A8CA2BF57-LeaderElection83] INFO  impl.RoleInfo (RoleInfo.java:shutdownLeaderElection(134)) - 67511f02-1a53-40d3-ad7c-17f75ce9e42c: shutdown LeaderElection
2019-10-19 00:50:12,940 [67511f02-1a53-40d3-ad7c-17f75ce9e42c@group-9C7A8CA2BF57-LeaderElection83] INFO  impl.RoleInfo (RoleInfo.java:updateAndGet(143)) - 67511f02-1a53-40d3-ad7c-17f75ce9e42c: start FollowerState
2019-10-19 00:50:13,005 [Thread-1109] INFO  impl.FollowerState (FollowerState.java:run(108)) - 67511f02-1a53-40d3-ad7c-17f75ce9e42c@group-9C7A8CA2BF57-FollowerState: change to CANDIDATE, lastRpcTime:64ms, electionTimeout:64ms
2019-10-19 00:50:13,005 [Thread-1109] INFO  impl.RoleInfo (RoleInfo.java:shutdownFollowerState(121)) - 67511f02-1a53-40d3-ad7c-17f75ce9e42c: shutdown FollowerState
2019-10-19 00:50:13,005 [Thread-1109] INFO  impl.RaftServerImpl (RaftServerImpl.java:setRole(184)) - 67511f02-1a53-40d3-ad7c-17f75ce9e42c@group-9C7A8CA2BF57: changes role from  FOLLOWER to CANDIDATE at term 24 for changeToCandidate
2019-10-19 00:50:13,005 [Thread-1109] INFO  impl.RoleInfo (RoleInfo.java:updateAndGet(143)) - 67511f02-1a53-40d3-ad7c-17f75ce9e42c: start LeaderElection
2019-10-19 00:50:13,020 [67511f02-1a53-40d3-ad7c-17f75ce9e42c@group-9C7A8CA2BF57-LeaderElection84] INFO  impl.LeaderElection (LeaderElection.java:askForVotes(178)) - 67511f02-1a53-40d3-ad7c-17f75ce9e42c@group-9C7A8CA2BF57-LeaderElection84: begin an election at term 25 for -1: [67511f02-1a53-40d3-ad7c-17f75ce9e42c:192.168.157.213:45560, aac91d0e-90b3-4924-955b-30866d4fff78:192.168.157.213:41659, b6ed77c0-0909-418c-a0c6-e1477b4e10c3:192.168.157.213:33232], old=null
2019-10-19 00:50:13,022 [grpc-default-executor-7] INFO  impl.RaftServerImpl (RaftServerImpl.java:setRole(184)) - b6ed77c0-0909-418c-a0c6-e1477b4e10c3@group-9C7A8CA2BF57: changes role from  FOLLOWER to FOLLOWER at term 25 for recognizeCandidate:67511f02-1a53-40d3-ad7c-17f75ce9e42c
2019-10-19 00:50:13,022 [grpc-default-executor-1] INFO  impl.RaftServerImpl (RaftServerImpl.java:setRole(184)) - aac91d0e-90b3-4924-955b-30866d4fff78@group-9C7A8CA2BF57: changes role from  FOLLOWER to FOLLOWER at term 25 for recognizeCandidate:67511f02-1a53-40d3-ad7c-17f75ce9e42c
2019-10-19 00:50:13,022 [grpc-default-executor-7] INFO  impl.RoleInfo (RoleInfo.java:shutdownFollowerState(121)) - b6ed77c0-0909-418c-a0c6-e1477b4e10c3: shutdown FollowerState
2019-10-19 00:50:13,022 [grpc-default-executor-1] INFO  impl.RoleInfo (RoleInfo.java:shutdownFollowerState(121)) - aac91d0e-90b3-4924-955b-30866d4fff78: shutdown FollowerState
2019-10-19 00:50:13,022 [grpc-default-executor-7] INFO  impl.RoleInfo (RoleInfo.java:updateAndGet(143)) - b6ed77c0-0909-418c-a0c6-e1477b4e10c3: start FollowerState
2019-10-19 00:50:13,023 [Thread-1107] INFO  impl.FollowerState (FollowerState.java:run(117)) - aac91d0e-90b3-4924-955b-30866d4fff78@group-9C7A8CA2BF57-FollowerState was interrupted: java.lang.InterruptedException: sleep interrupted
2019-10-19 00:50:13,023 [grpc-default-executor-1] INFO  impl.RoleInfo (RoleInfo.java:updateAndGet(143)) - aac91d0e-90b3-4924-955b-30866d4fff78: start FollowerState
2019-10-19 00:50:13,023 [Thread-1106] INFO  impl.FollowerState (FollowerState.java:run(117)) - b6ed77c0-0909-418c-a0c6-e1477b4e10c3@group-9C7A8CA2BF57-FollowerState was interrupted: java.lang.InterruptedException: sleep interrupted
2019-10-19 00:50:13,037 [67511f02-1a53-40d3-ad7c-17f75ce9e42c@group-9C7A8CA2BF57-LeaderElection84] INFO  impl.LeaderElection (LeaderElection.java:logAndReturn(56)) - 67511f02-1a53-40d3-ad7c-17f75ce9e42c@group-9C7A8CA2BF57-LeaderElection84: Election REJECTED; received 2 response(s) [67511f02-1a53-40d3-ad7c-17f75ce9e42c<-aac91d0e-90b3-4924-955b-30866d4fff78#0:FAIL-t25, 67511f02-1a53-40d3-ad7c-17f75ce9e42c<-b6ed77c0-0909-418c-a0c6-e1477b4e10c3#0:FAIL-t25] and 0 exception(s); 67511f02-1a53-40d3-ad7c-17f75ce9e42c@group-9C7A8CA2BF57:t25, leader=null, voted=67511f02-1a53-40d3-ad7c-17f75ce9e42c, raftlog=67511f02-1a53-40d3-ad7c-17f75ce9e42c@group-9C7A8CA2BF57-SegmentedRaftLog:OPENED:c-1,f-1,i0, conf=-1: [67511f02-1a53-40d3-ad7c-17f75ce9e42c:192.168.157.213:45560, aac91d0e-90b3-4924-955b-30866d4fff78:192.168.157.213:41659, b6ed77c0-0909-418c-a0c6-e1477b4e10c3:192.168.157.213:33232], old=null
2019-10-19 00:50:13,037 [67511f02-1a53-40d3-ad7c-17f75ce9e42c@group-9C7A8CA2BF57-LeaderElection84] INFO  impl.RaftServerImpl (RaftServerImpl.java:setRole(184)) - 67511f02-1a53-40d3-ad7c-17f75ce9e42c@group-9C7A8CA2BF57: changes role from CANDIDATE to FOLLOWER at term 25 for DISCOVERED_A_NEW_TERM
2019-10-19 00:50:13,037 [67511f02-1a53-40d3-ad7c-17f75ce9e42c@group-9C7A8CA2BF57-LeaderElection84] INFO  impl.RoleInfo (RoleInfo.java:shutdownLeaderElection(134)) - 67511f02-1a53-40d3-ad7c-17f75ce9e42c: shutdown LeaderElection
2019-10-19 00:50:13,037 [67511f02-1a53-40d3-ad7c-17f75ce9e42c@group-9C7A8CA2BF57-LeaderElection84] INFO  impl.RoleInfo (RoleInfo.java:updateAndGet(143)) - 67511f02-1a53-40d3-ad7c-17f75ce9e42c: start FollowerState
2019-10-19 00:50:13,059 [Thread-1102] INFO  impl.FollowerState (FollowerState.java:run(108)) - aac91d0e-90b3-4924-955b-30866d4fff78@group-2DDA05B3685C-FollowerState: change to CANDIDATE, lastRpcTime:189ms, electionTimeout:189ms
2019-10-19 00:50:13,059 [Thread-1102] INFO  impl.RoleInfo (RoleInfo.java:shutdownFollowerState(121)) - aac91d0e-90b3-4924-955b-30866d4fff78: shutdown FollowerState
2019-10-19 00:50:13,059 [Thread-1102] INFO  impl.RaftServerImpl (RaftServerImpl.java:setRole(184)) - aac91d0e-90b3-4924-955b-30866d4fff78@group-2DDA05B3685C: changes role from  FOLLOWER to CANDIDATE at term 64 for changeToCandidate
2019-10-19 00:50:13,059 [Thread-1102] INFO  impl.RoleInfo (RoleInfo.java:updateAndGet(143)) - aac91d0e-90b3-4924-955b-30866d4fff78: start LeaderElection
2019-10-19 00:50:13,076 [aac91d0e-90b3-4924-955b-30866d4fff78@group-2DDA05B3685C-LeaderElection85] INFO  impl.LeaderElection (LeaderElection.java:askForVotes(178)) - aac91d0e-90b3-4924-955b-30866d4fff78@group-2DDA05B3685C-LeaderElection85: begin an election at term 65 for 0: [67511f02-1a53-40d3-ad7c-17f75ce9e42c:192.168.157.213:45560, aac91d0e-90b3-4924-955b-30866d4fff78:192.168.157.213:41659, b6ed77c0-0909-418c-a0c6-e1477b4e10c3:192.168.157.213:33232], old=null
2019-10-19 00:50:13,077 [grpc-default-executor-1] INFO  impl.RaftServerImpl (RaftServerImpl.java:setRole(184)) - b6ed77c0-0909-418c-a0c6-e1477b4e10c3@group-2DDA05B3685C: changes role from  FOLLOWER to FOLLOWER at term 65 for recognizeCandidate:aac91d0e-90b3-4924-955b-30866d4fff78
2019-10-19 00:50:13,077 [grpc-default-executor-1] INFO  impl.RoleInfo (RoleInfo.java:shutdownFollowerState(121)) - b6ed77c0-0909-418c-a0c6-e1477b4e10c3: shutdown FollowerState
2019-10-19 00:50:13,078 [Thread-1120] INFO  client.GrpcClientProtocolService (GrpcClientProtocolService.java:lambda$processClientRequest$0(278)) - Failed RaftClientRequest:client-5C1DDA748651->aac91d0e-90b3-4924-955b-30866d4fff78@group-2DDA05B3685C, cid=10, seq=0, Watch-ALL_COMMITTED(6), Message:<EMPTY>, reply=RaftClientReply:client-5C1DDA748651->aac91d0e-90b3-4924-955b-30866d4fff78@group-2DDA05B3685C, cid=10, FAILED org.apache.ratis.protocol.NotLeaderException: Server aac91d0e-90b3-4924-955b-30866d4fff78@group-2DDA05B3685C is not the leader, logIndex=0, commits[aac91d0e-90b3-4924-955b-30866d4fff78:c3]
2019-10-19 00:50:13,078 [Thread-1100] INFO  impl.FollowerState (FollowerState.java:run(117)) - b6ed77c0-0909-418c-a0c6-e1477b4e10c3@group-2DDA05B3685C-FollowerState was interrupted: java.lang.InterruptedException: sleep interrupted
2019-10-19 00:50:13,078 [grpc-default-executor-1] INFO  impl.RoleInfo (RoleInfo.java:updateAndGet(143)) - b6ed77c0-0909-418c-a0c6-e1477b4e10c3: start FollowerState
2019-10-19 00:50:13,079 [grpc-default-executor-7] INFO  impl.RaftServerImpl (RaftServerImpl.java:setRole(184)) - 67511f02-1a53-40d3-ad7c-17f75ce9e42c@group-2DDA05B3685C: changes role from  FOLLOWER to FOLLOWER at term 65 for recognizeCandidate:aac91d0e-90b3-4924-955b-30866d4fff78
2019-10-19 00:50:13,079 [grpc-default-executor-7] INFO  impl.RoleInfo (RoleInfo.java:shutdownFollowerState(121)) - 67511f02-1a53-40d3-ad7c-17f75ce9e42c: shutdown FollowerState
2019-10-19 00:50:13,082 [Thread-1099] INFO  impl.FollowerState (FollowerState.java:run(117)) - 67511f02-1a53-40d3-ad7c-17f75ce9e42c@group-2DDA05B3685C-FollowerState was interrupted: java.lang.InterruptedException: sleep interrupted
2019-10-19 00:50:13,082 [grpc-default-executor-7] INFO  impl.RoleInfo (RoleInfo.java:updateAndGet(143)) - 67511f02-1a53-40d3-ad7c-17f75ce9e42c: start FollowerState
2019-10-19 00:50:13,097 [aac91d0e-90b3-4924-955b-30866d4fff78@group-2DDA05B3685C-LeaderElection85] INFO  impl.LeaderElection (LeaderElection.java:logAndReturn(56)) - aac91d0e-90b3-4924-955b-30866d4fff78@group-2DDA05B3685C-LeaderElection85: Election REJECTED; received 2 response(s) [aac91d0e-90b3-4924-955b-30866d4fff78<-67511f02-1a53-40d3-ad7c-17f75ce9e42c#0:FAIL-t65, aac91d0e-90b3-4924-955b-30866d4fff78<-b6ed77c0-0909-418c-a0c6-e1477b4e10c3#0:FAIL-t65] and 0 exception(s); aac91d0e-90b3-4924-955b-30866d4fff78@group-2DDA05B3685C:t65, leader=null, voted=aac91d0e-90b3-4924-955b-30866d4fff78, raftlog=aac91d0e-90b3-4924-955b-30866d4fff78@group-2DDA05B3685C-SegmentedRaftLog:OPENED:c3,f4,i4, conf=0: [67511f02-1a53-40d3-ad7c-17f75ce9e42c:192.168.157.213:45560, aac91d0e-90b3-4924-955b-30866d4fff78:192.168.157.213:41659, b6ed77c0-0909-418c-a0c6-e1477b4e10c3:192.168.157.213:33232], old=null
2019-10-19 00:50:13,097 [aac91d0e-90b3-4924-955b-30866d4fff78@group-2DDA05B3685C-LeaderElection85] INFO  impl.RaftServerImpl (RaftServerImpl.java:setRole(184)) - aac91d0e-90b3-4924-955b-30866d4fff78@group-2DDA05B3685C: changes role from CANDIDATE to FOLLOWER at term 65 for DISCOVERED_A_NEW_TERM
2019-10-19 00:50:13,098 [aac91d0e-90b3-4924-955b-30866d4fff78@group-2DDA05B3685C-LeaderElection85] INFO  impl.RoleInfo (RoleInfo.java:shutdownLeaderElection(134)) - aac91d0e-90b3-4924-955b-30866d4fff78: shutdown LeaderElection
2019-10-19 00:50:13,098 [aac91d0e-90b3-4924-955b-30866d4fff78@group-2DDA05B3685C-LeaderElection85] INFO  impl.RoleInfo (RoleInfo.java:updateAndGet(143)) - aac91d0e-90b3-4924-955b-30866d4fff78: start FollowerState
2019-10-19 00:50:13,196 [Thread-1115] INFO  impl.FollowerState (FollowerState.java:run(108)) - 67511f02-1a53-40d3-ad7c-17f75ce9e42c@group-9C7A8CA2BF57-FollowerState: change to CANDIDATE, lastRpcTime:158ms, electionTimeout:158ms
2019-10-19 00:50:13,196 [Thread-1115] INFO  impl.RoleInfo (RoleInfo.java:shutdownFollowerState(121)) - 67511f02-1a53-40d3-ad7c-17f75ce9e42c: shutdown FollowerState
2019-10-19 00:50:13,196 [Thread-1115] INFO  impl.RaftServerImpl (RaftServerImpl.java:setRole(184)) - 67511f02-1a53-40d3-ad7c-17f75ce9e42c@group-9C7A8CA2BF57: changes role from  FOLLOWER to CANDIDATE at term 25 for changeToCandidate
2019-10-19 00:50:13,196 [Thread-1115] INFO  impl.RoleInfo (RoleInfo.java:updateAndGet(143)) - 67511f02-1a53-40d3-ad7c-17f75ce9e42c: start LeaderElection
2019-10-19 00:50:13,210 [67511f02-1a53-40d3-ad7c-17f75ce9e42c@group-9C7A8CA2BF57-LeaderElection86] INFO  impl.LeaderElection (LeaderElection.java:askForVotes(178)) - 67511f02-1a53-40d3-ad7c-17f75ce9e42c@group-9C7A8CA2BF57-LeaderElection86: begin an election at term 26 for -1: [67511f02-1a53-40d3-ad7c-17f75ce9e42c:192.168.157.213:45560, aac91d0e-90b3-4924-955b-30866d4fff78:192.168.157.213:41659, b6ed77c0-0909-418c-a0c6-e1477b4e10c3:192.168.157.213:33232], old=null
2019-10-19 00:50:13,212 [grpc-default-executor-7] INFO  impl.RaftServerImpl (RaftServerImpl.java:setRole(184)) - b6ed77c0-0909-418c-a0c6-e1477b4e10c3@group-9C7A8CA2BF57: changes role from  FOLLOWER to FOLLOWER at term 26 for recognizeCandidate:67511f02-1a53-40d3-ad7c-17f75ce9e42c
2019-10-19 00:50:13,212 [grpc-default-executor-1] INFO  impl.RaftServerImpl (RaftServerImpl.java:setRole(184)) - aac91d0e-90b3-4924-955b-30866d4fff78@group-9C7A8CA2BF57: changes role from  FOLLOWER to FOLLOWER at term 26 for recognizeCandidate:67511f02-1a53-40d3-ad7c-17f75ce9e42c
2019-10-19 00:50:13,212 [grpc-default-executor-7] INFO  impl.RoleInfo (RoleInfo.java:shutdownFollowerState(121)) - b6ed77c0-0909-418c-a0c6-e1477b4e10c3: shutdown FollowerState
2019-10-19 00:50:13,212 [grpc-default-executor-1] INFO  impl.RoleInfo (RoleInfo.java:shutdownFollowerState(121)) - aac91d0e-90b3-4924-955b-30866d4fff78: shutdown FollowerState
2019-10-19 00:50:13,213 [Thread-1113] INFO  impl.FollowerState (FollowerState.java:run(117)) - b6ed77c0-0909-418c-a0c6-e1477b4e10c3@group-9C7A8CA2BF57-FollowerState was interrupted: java.lang.InterruptedException: sleep interrupted
2019-10-19 00:50:13,213 [grpc-default-executor-7] INFO  impl.RoleInfo (RoleInfo.java:updateAndGet(143)) - b6ed77c0-0909-418c-a0c6-e1477b4e10c3: start FollowerState
2019-10-19 00:50:13,213 [Thread-1114] INFO  impl.FollowerState (FollowerState.java:run(117)) - aac91d0e-90b3-4924-955b-30866d4fff78@group-9C7A8CA2BF57-FollowerState was interrupted: java.lang.InterruptedException: sleep interrupted
2019-10-19 00:50:13,213 [grpc-default-executor-1] INFO  impl.RoleInfo (RoleInfo.java:updateAndGet(143)) - aac91d0e-90b3-4924-955b-30866d4fff78: start FollowerState
2019-10-19 00:50:13,232 [67511f02-1a53-40d3-ad7c-17f75ce9e42c@group-9C7A8CA2BF57-LeaderElection86] INFO  impl.LeaderElection (LeaderElection.java:logAndReturn(56)) - 67511f02-1a53-40d3-ad7c-17f75ce9e42c@group-9C7A8CA2BF57-LeaderElection86: Election REJECTED; received 2 response(s) [67511f02-1a53-40d3-ad7c-17f75ce9e42c<-aac91d0e-90b3-4924-955b-30866d4fff78#0:FAIL-t26, 67511f02-1a53-40d3-ad7c-17f75ce9e42c<-b6ed77c0-0909-418c-a0c6-e1477b4e10c3#0:FAIL-t26] and 0 exception(s); 67511f02-1a53-40d3-ad7c-17f75ce9e42c@group-9C7A8CA2BF57:t26, leader=null, voted=67511f02-1a53-40d3-ad7c-17f75ce9e42c, raftlog=67511f02-1a53-40d3-ad7c-17f75ce9e42c@group-9C7A8CA2BF57-SegmentedRaftLog:OPENED:c-1,f-1,i0, conf=-1: [67511f02-1a53-40d3-ad7c-17f75ce9e42c:192.168.157.213:45560, aac91d0e-90b3-4924-955b-30866d4fff78:192.168.157.213:41659, b6ed77c0-0909-418c-a0c6-e1477b4e10c3:192.168.157.213:33232], old=null
2019-10-19 00:50:13,232 [67511f02-1a53-40d3-ad7c-17f75ce9e42c@group-9C7A8CA2BF57-LeaderElection86] INFO  impl.RaftServerImpl (RaftServerImpl.java:setRole(184)) - 67511f02-1a53-40d3-ad7c-17f75ce9e42c@group-9C7A8CA2BF57: changes role from CANDIDATE to FOLLOWER at term 26 for DISCOVERED_A_NEW_TERM
2019-10-19 00:50:13,232 [67511f02-1a53-40d3-ad7c-17f75ce9e42c@group-9C7A8CA2BF57-LeaderElection86] INFO  impl.RoleInfo (RoleInfo.java:shutdownLeaderElection(134)) - 67511f02-1a53-40d3-ad7c-17f75ce9e42c: shutdown LeaderElection
2019-10-19 00:50:13,232 [67511f02-1a53-40d3-ad7c-17f75ce9e42c@group-9C7A8CA2BF57-LeaderElection86] INFO  impl.RoleInfo (RoleInfo.java:updateAndGet(143)) - 67511f02-1a53-40d3-ad7c-17f75ce9e42c: start FollowerState
2019-10-19 00:50:13,263 [Thread-1124] INFO  impl.FollowerState (FollowerState.java:run(108)) - aac91d0e-90b3-4924-955b-30866d4fff78@group-2DDA05B3685C-FollowerState: change to CANDIDATE, lastRpcTime:165ms, electionTimeout:165ms
2019-10-19 00:50:13,263 [Thread-1124] INFO  impl.RoleInfo (RoleInfo.java:shutdownFollowerState(121)) - aac91d0e-90b3-4924-955b-30866d4fff78: shutdown FollowerState
2019-10-19 00:50:13,263 [Thread-1124] INFO  impl.RaftServerImpl (RaftServerImpl.java:setRole(184)) - aac91d0e-90b3-4924-955b-30866d4fff78@group-2DDA05B3685C: changes role from  FOLLOWER to CANDIDATE at term 65 for changeToCandidate
2019-10-19 00:50:13,263 [Thread-1124] INFO  impl.RoleInfo (RoleInfo.java:updateAndGet(143)) - aac91d0e-90b3-4924-955b-30866d4fff78: start LeaderElection
2019-10-19 00:50:13,277 [aac91d0e-90b3-4924-955b-30866d4fff78@group-2DDA05B3685C-LeaderElection87] INFO  impl.LeaderElection (LeaderElection.java:askForVotes(178)) - aac91d0e-90b3-4924-955b-30866d4fff78@group-2DDA05B3685C-LeaderElection87: begin an election at term 66 for 0: [67511f02-1a53-40d3-ad7c-17f75ce9e42c:192.168.157.213:45560, aac91d0e-90b3-4924-955b-30866d4fff78:192.168.157.213:41659, b6ed77c0-0909-418c-a0c6-e1477b4e10c3:192.168.157.213:33232], old=null
2019-10-19 00:50:13,279 [grpc-default-executor-1] INFO  impl.RaftServerImpl (RaftServerImpl.java:setRole(184)) - b6ed77c0-0909-418c-a0c6-e1477b4e10c3@group-2DDA05B3685C: changes role from  FOLLOWER to FOLLOWER at term 66 for recognizeCandidate:aac91d0e-90b3-4924-955b-30866d4fff78
2019-10-19 00:50:13,279 [grpc-default-executor-7] INFO  impl.RaftServerImpl (RaftServerImpl.java:setRole(184)) - 67511f02-1a53-40d3-ad7c-17f75ce9e42c@group-2DDA05B3685C: changes role from  FOLLOWER to FOLLOWER at term 66 for recognizeCandidate:aac91d0e-90b3-4924-955b-30866d4fff78
2019-10-19 00:50:13,279 [grpc-default-executor-1] INFO  impl.RoleInfo (RoleInfo.java:shutdownFollowerState(121)) - b6ed77c0-0909-418c-a0c6-e1477b4e10c3: shutdown FollowerState
2019-10-19 00:50:13,280 [grpc-default-executor-7] INFO  impl.RoleInfo (RoleInfo.java:shutdownFollowerState(121)) - 67511f02-1a53-40d3-ad7c-17f75ce9e42c: shutdown FollowerState
2019-10-19 00:50:13,280 [Thread-1121] INFO  impl.FollowerState (FollowerState.java:run(117)) - b6ed77c0-0909-418c-a0c6-e1477b4e10c3@group-2DDA05B3685C-FollowerState was interrupted: java.lang.InterruptedException: sleep interrupted
2019-10-19 00:50:13,280 [grpc-default-executor-1] INFO  impl.RoleInfo (RoleInfo.java:updateAndGet(143)) - b6ed77c0-0909-418c-a0c6-e1477b4e10c3: start FollowerState
2019-10-19 00:50:13,280 [Thread-1122] INFO  impl.FollowerState (FollowerState.java:run(117)) - 67511f02-1a53-40d3-ad7c-17f75ce9e42c@group-2DDA05B3685C-FollowerState was interrupted: java.lang.InterruptedException: sleep interrupted
2019-10-19 00:50:13,280 [grpc-default-executor-7] INFO  impl.RoleInfo (RoleInfo.java:updateAndGet(143)) - 67511f02-1a53-40d3-ad7c-17f75ce9e42c: start FollowerState
2019-10-19 00:50:13,295 [aac91d0e-90b3-4924-955b-30866d4fff78@group-2DDA05B3685C-LeaderElection87] INFO  impl.LeaderElection (LeaderElection.java:logAndReturn(56)) - aac91d0e-90b3-4924-955b-30866d4fff78@group-2DDA05B3685C-LeaderElection87: Election REJECTED; received 2 response(s) [aac91d0e-90b3-4924-955b-30866d4fff78<-67511f02-1a53-40d3-ad7c-17f75ce9e42c#0:FAIL-t66, aac91d0e-90b3-4924-955b-30866d4fff78<-b6ed77c0-0909-418c-a0c6-e1477b4e10c3#0:FAIL-t66] and 0 exception(s); aac91d0e-90b3-4924-955b-30866d4fff78@group-2DDA05B3685C:t66, leader=null, voted=aac91d0e-90b3-4924-955b-30866d4fff78, raftlog=aac91d0e-90b3-4924-955b-30866d4fff78@group-2DDA05B3685C-SegmentedRaftLog:OPENED:c3,f4,i4, conf=0: [67511f02-1a53-40d3-ad7c-17f75ce9e42c:192.168.157.213:45560, aac91d0e-90b3-4924-955b-30866d4fff78:192.168.157.213:41659, b6ed77c0-0909-418c-a0c6-e1477b4e10c3:192.168.157.213:33232], old=null
2019-10-19 00:50:13,295 [aac91d0e-90b3-4924-955b-30866d4fff78@group-2DDA05B3685C-LeaderElection87] INFO  impl.RaftServerImpl (RaftServerImpl.java:setRole(184)) - aac91d0e-90b3-4924-955b-30866d4fff78@group-2DDA05B3685C: changes role from CANDIDATE to FOLLOWER at term 66 for DISCOVERED_A_NEW_TERM
2019-10-19 00:50:13,295 [aac91d0e-90b3-4924-955b-30866d4fff78@group-2DDA05B3685C-LeaderElection87] INFO  impl.RoleInfo (RoleInfo.java:shutdownLeaderElection(134)) - aac91d0e-90b3-4924-955b-30866d4fff78: shutdown LeaderElection
2019-10-19 00:50:13,296 [aac91d0e-90b3-4924-955b-30866d4fff78@group-2DDA05B3685C-LeaderElection87] INFO  impl.RoleInfo (RoleInfo.java:updateAndGet(143)) - aac91d0e-90b3-4924-955b-30866d4fff78: start FollowerState
2019-10-19 00:50:13,302 [BlockDeletingService#2] WARN  background.BlockDeletingService (BlockDeletingService.java:isDeletionAllowed(187)) - Close Container log Index 6 is not replicated across allthe servers in the pipeline 2739136e-9e24-467a-9fde-2dda05b3685c as the min replicated index is 4. Deletion is not allowed in this container yet.
2019-10-19 00:50:13,302 [BlockDeletingService#2] WARN  background.BlockDeletingService (BlockDeletingService.java:isDeletionAllowed(187)) - Close Container log Index 6 is not replicated across allthe servers in the pipeline 2739136e-9e24-467a-9fde-2dda05b3685c as the min replicated index is 4. Deletion is not allowed in this container yet.
2019-10-19 00:50:13,335 [Thread-1130] INFO  impl.FollowerState (FollowerState.java:run(108)) - 67511f02-1a53-40d3-ad7c-17f75ce9e42c@group-9C7A8CA2BF57-FollowerState: change to CANDIDATE, lastRpcTime:102ms, electionTimeout:102ms
2019-10-19 00:50:13,335 [Thread-1130] INFO  impl.RoleInfo (RoleInfo.java:shutdownFollowerState(121)) - 67511f02-1a53-40d3-ad7c-17f75ce9e42c: shutdown FollowerState
2019-10-19 00:50:13,335 [Thread-1130] INFO  impl.RaftServerImpl (RaftServerImpl.java:setRole(184)) - 67511f02-1a53-40d3-ad7c-17f75ce9e42c@group-9C7A8CA2BF57: changes role from  FOLLOWER to CANDIDATE at term 26 for changeToCandidate
2019-10-19 00:50:13,335 [Thread-1130] INFO  impl.RoleInfo (RoleInfo.java:updateAndGet(143)) - 67511f02-1a53-40d3-ad7c-17f75ce9e42c: start LeaderElection
2019-10-19 00:50:13,349 [67511f02-1a53-40d3-ad7c-17f75ce9e42c@group-9C7A8CA2BF57-LeaderElection88] INFO  impl.LeaderElection (LeaderElection.java:askForVotes(178)) - 67511f02-1a53-40d3-ad7c-17f75ce9e42c@group-9C7A8CA2BF57-LeaderElection88: begin an election at term 27 for -1: [67511f02-1a53-40d3-ad7c-17f75ce9e42c:192.168.157.213:45560, aac91d0e-90b3-4924-955b-30866d4fff78:192.168.157.213:41659, b6ed77c0-0909-418c-a0c6-e1477b4e10c3:192.168.157.213:33232], old=null
2019-10-19 00:50:13,352 [grpc-default-executor-1] INFO  impl.RaftServerImpl (RaftServerImpl.java:setRole(184)) - aac91d0e-90b3-4924-955b-30866d4fff78@group-9C7A8CA2BF57: changes role from  FOLLOWER to FOLLOWER at term 27 for recognizeCandidate:67511f02-1a53-40d3-ad7c-17f75ce9e42c
2019-10-19 00:50:13,352 [grpc-default-executor-7] INFO  impl.RaftServerImpl (RaftServerImpl.java:setRole(184)) - b6ed77c0-0909-418c-a0c6-e1477b4e10c3@group-9C7A8CA2BF57: changes role from  FOLLOWER to FOLLOWER at term 27 for recognizeCandidate:67511f02-1a53-40d3-ad7c-17f75ce9e42c
2019-10-19 00:50:13,352 [grpc-default-executor-1] INFO  impl.RoleInfo (RoleInfo.java:shutdownFollowerState(121)) - aac91d0e-90b3-4924-955b-30866d4fff78: shutdown FollowerState
2019-10-19 00:50:13,352 [grpc-default-executor-7] INFO  impl.RoleInfo (RoleInfo.java:shutdownFollowerState(121)) - b6ed77c0-0909-418c-a0c6-e1477b4e10c3: shutdown FollowerState
2019-10-19 00:50:13,352 [Thread-1129] INFO  impl.FollowerState (FollowerState.java:run(117)) - aac91d0e-90b3-4924-955b-30866d4fff78@group-9C7A8CA2BF57-FollowerState was interrupted: java.lang.InterruptedException: sleep interrupted
2019-10-19 00:50:13,352 [Thread-1128] INFO  impl.FollowerState (FollowerState.java:run(117)) - b6ed77c0-0909-418c-a0c6-e1477b4e10c3@group-9C7A8CA2BF57-FollowerState was interrupted: java.lang.InterruptedException: sleep interrupted
2019-10-19 00:50:13,352 [grpc-default-executor-1] INFO  impl.RoleInfo (RoleInfo.java:updateAndGet(143)) - aac91d0e-90b3-4924-955b-30866d4fff78: start FollowerState
2019-10-19 00:50:13,352 [grpc-default-executor-7] INFO  impl.RoleInfo (RoleInfo.java:updateAndGet(143)) - b6ed77c0-0909-418c-a0c6-e1477b4e10c3: start FollowerState
2019-10-19 00:50:13,367 [67511f02-1a53-40d3-ad7c-17f75ce9e42c@group-9C7A8CA2BF57-LeaderElection88] INFO  impl.LeaderElection (LeaderElection.java:logAndReturn(56)) - 67511f02-1a53-40d3-ad7c-17f75ce9e42c@group-9C7A8CA2BF57-LeaderElection88: Election REJECTED; received 2 response(s) [67511f02-1a53-40d3-ad7c-17f75ce9e42c<-aac91d0e-90b3-4924-955b-30866d4fff78#0:FAIL-t27, 67511f02-1a53-40d3-ad7c-17f75ce9e42c<-b6ed77c0-0909-418c-a0c6-e1477b4e10c3#0:FAIL-t27] and 0 exception(s); 67511f02-1a53-40d3-ad7c-17f75ce9e42c@group-9C7A8CA2BF57:t27, leader=null, voted=67511f02-1a53-40d3-ad7c-17f75ce9e42c, raftlog=67511f02-1a53-40d3-ad7c-17f75ce9e42c@group-9C7A8CA2BF57-SegmentedRaftLog:OPENED:c-1,f-1,i0, conf=-1: [67511f02-1a53-40d3-ad7c-17f75ce9e42c:192.168.157.213:45560, aac91d0e-90b3-4924-955b-30866d4fff78:192.168.157.213:41659, b6ed77c0-0909-418c-a0c6-e1477b4e10c3:192.168.157.213:33232], old=null
2019-10-19 00:50:13,367 [67511f02-1a53-40d3-ad7c-17f75ce9e42c@group-9C7A8CA2BF57-LeaderElection88] INFO  impl.RaftServerImpl (RaftServerImpl.java:setRole(184)) - 67511f02-1a53-40d3-ad7c-17f75ce9e42c@group-9C7A8CA2BF57: changes role from CANDIDATE to FOLLOWER at term 27 for DISCOVERED_A_NEW_TERM
2019-10-19 00:50:13,367 [67511f02-1a53-40d3-ad7c-17f75ce9e42c@group-9C7A8CA2BF57-LeaderElection88] INFO  impl.RoleInfo (RoleInfo.java:shutdownLeaderElection(134)) - 67511f02-1a53-40d3-ad7c-17f75ce9e42c: shutdown LeaderElection
2019-10-19 00:50:13,367 [67511f02-1a53-40d3-ad7c-17f75ce9e42c@group-9C7A8CA2BF57-LeaderElection88] INFO  impl.RoleInfo (RoleInfo.java:updateAndGet(143)) - 67511f02-1a53-40d3-ad7c-17f75ce9e42c: start FollowerState
2019-10-19 00:50:13,390 [Thread-1136] INFO  impl.FollowerState (FollowerState.java:run(108)) - aac91d0e-90b3-4924-955b-30866d4fff78@group-2DDA05B3685C-FollowerState: change to CANDIDATE, lastRpcTime:94ms, electionTimeout:94ms
2019-10-19 00:50:13,390 [Thread-1136] INFO  impl.RoleInfo (RoleInfo.java:shutdownFollowerState(121)) - aac91d0e-90b3-4924-955b-30866d4fff78: shutdown FollowerState
2019-10-19 00:50:13,390 [Thread-1136] INFO  impl.RaftServerImpl (RaftServerImpl.java:setRole(184)) - aac91d0e-90b3-4924-955b-30866d4fff78@group-2DDA05B3685C: changes role from  FOLLOWER to CANDIDATE at term 66 for changeToCandidate
2019-10-19 00:50:13,393 [Thread-1136] INFO  impl.RoleInfo (RoleInfo.java:updateAndGet(143)) - aac91d0e-90b3-4924-955b-30866d4fff78: start LeaderElection
2019-10-19 00:50:13,407 [aac91d0e-90b3-4924-955b-30866d4fff78@group-2DDA05B3685C-LeaderElection89] INFO  impl.LeaderElection (LeaderElection.java:askForVotes(178)) - aac91d0e-90b3-4924-955b-30866d4fff78@group-2DDA05B3685C-LeaderElection89: begin an election at term 67 for 0: [67511f02-1a53-40d3-ad7c-17f75ce9e42c:192.168.157.213:45560, aac91d0e-90b3-4924-955b-30866d4fff78:192.168.157.213:41659, b6ed77c0-0909-418c-a0c6-e1477b4e10c3:192.168.157.213:33232], old=null
2019-10-19 00:50:13,412 [grpc-default-executor-1] INFO  impl.RaftServerImpl (RaftServerImpl.java:setRole(184)) - b6ed77c0-0909-418c-a0c6-e1477b4e10c3@group-2DDA05B3685C: changes role from  FOLLOWER to FOLLOWER at term 67 for recognizeCandidate:aac91d0e-90b3-4924-955b-30866d4fff78
2019-10-19 00:50:13,412 [grpc-default-executor-7] INFO  impl.RaftServerImpl (RaftServerImpl.java:setRole(184)) - 67511f02-1a53-40d3-ad7c-17f75ce9e42c@group-2DDA05B3685C: changes role from  FOLLOWER to FOLLOWER at term 67 for recognizeCandidate:aac91d0e-90b3-4924-955b-30866d4fff78
2019-10-19 00:50:13,412 [grpc-default-executor-7] INFO  impl.RoleInfo (RoleInfo.java:shutdownFollowerState(121)) - 67511f02-1a53-40d3-ad7c-17f75ce9e42c: shutdown FollowerState
2019-10-19 00:50:13,412 [grpc-default-executor-1] INFO  impl.RoleInfo (RoleInfo.java:shutdownFollowerState(121)) - b6ed77c0-0909-418c-a0c6-e1477b4e10c3: shutdown FollowerState
2019-10-19 00:50:13,412 [grpc-default-executor-7] INFO  impl.RoleInfo (RoleInfo.java:updateAndGet(143)) - 67511f02-1a53-40d3-ad7c-17f75ce9e42c: start FollowerState
2019-10-19 00:50:13,412 [Thread-1134] INFO  impl.FollowerState (FollowerState.java:run(117)) - b6ed77c0-0909-418c-a0c6-e1477b4e10c3@group-2DDA05B3685C-FollowerState was interrupted: java.lang.InterruptedException: sleep interrupted
2019-10-19 00:50:13,412 [Thread-1135] INFO  impl.FollowerState (FollowerState.java:run(117)) - 67511f02-1a53-40d3-ad7c-17f75ce9e42c@group-2DDA05B3685C-FollowerState was interrupted: java.lang.InterruptedException: sleep interrupted
2019-10-19 00:50:13,412 [grpc-default-executor-1] INFO  impl.RoleInfo (RoleInfo.java:updateAndGet(143)) - b6ed77c0-0909-418c-a0c6-e1477b4e10c3: start FollowerState
2019-10-19 00:50:13,449 [aac91d0e-90b3-4924-955b-30866d4fff78@group-2DDA05B3685C-LeaderElection89] INFO  impl.LeaderElection (LeaderElection.java:logAndReturn(56)) - aac91d0e-90b3-4924-955b-30866d4fff78@group-2DDA05B3685C-LeaderElection89: Election TIMEOUT; received 1 response(s) [aac91d0e-90b3-4924-955b-30866d4fff78<-67511f02-1a53-40d3-ad7c-17f75ce9e42c#0:FAIL-t67] and 0 exception(s); aac91d0e-90b3-4924-955b-30866d4fff78@group-2DDA05B3685C:t67, leader=null, voted=aac91d0e-90b3-4924-955b-30866d4fff78, raftlog=aac91d0e-90b3-4924-955b-30866d4fff78@group-2DDA05B3685C-SegmentedRaftLog:OPENED:c3,f4,i4, conf=0: [67511f02-1a53-40d3-ad7c-17f75ce9e42c:192.168.157.213:45560, aac91d0e-90b3-4924-955b-30866d4fff78:192.168.157.213:41659, b6ed77c0-0909-418c-a0c6-e1477b4e10c3:192.168.157.213:33232], old=null
2019-10-19 00:50:13,461 [aac91d0e-90b3-4924-955b-30866d4fff78@group-2DDA05B3685C-LeaderElection89] INFO  impl.LeaderElection (LeaderElection.java:askForVotes(178)) - aac91d0e-90b3-4924-955b-30866d4fff78@group-2DDA05B3685C-LeaderElection89: begin an election at term 68 for 0: [67511f02-1a53-40d3-ad7c-17f75ce9e42c:192.168.157.213:45560, aac91d0e-90b3-4924-955b-30866d4fff78:192.168.157.213:41659, b6ed77c0-0909-418c-a0c6-e1477b4e10c3:192.168.157.213:33232], old=null
2019-10-19 00:50:13,463 [grpc-default-executor-1] INFO  impl.RaftServerImpl (RaftServerImpl.java:setRole(184)) - b6ed77c0-0909-418c-a0c6-e1477b4e10c3@group-2DDA05B3685C: changes role from  FOLLOWER to FOLLOWER at term 68 for recognizeCandidate:aac91d0e-90b3-4924-955b-30866d4fff78
2019-10-19 00:50:13,464 [grpc-default-executor-7] INFO  impl.RaftServerImpl (RaftServerImpl.java:setRole(184)) - 67511f02-1a53-40d3-ad7c-17f75ce9e42c@group-2DDA05B3685C: changes role from  FOLLOWER to FOLLOWER at term 68 for recognizeCandidate:aac91d0e-90b3-4924-955b-30866d4fff78
2019-10-19 00:50:13,464 [grpc-default-executor-1] INFO  impl.RoleInfo (RoleInfo.java:shutdownFollowerState(121)) - b6ed77c0-0909-418c-a0c6-e1477b4e10c3: shutdown FollowerState
2019-10-19 00:50:13,464 [grpc-default-executor-7] INFO  impl.RoleInfo (RoleInfo.java:shutdownFollowerState(121)) - 67511f02-1a53-40d3-ad7c-17f75ce9e42c: shutdown FollowerState
2019-10-19 00:50:13,464 [Thread-1149] INFO  impl.FollowerState (FollowerState.java:run(117)) - b6ed77c0-0909-418c-a0c6-e1477b4e10c3@group-2DDA05B3685C-FollowerState was interrupted: java.lang.InterruptedException: sleep interrupted
2019-10-19 00:50:13,464 [grpc-default-executor-1] INFO  impl.RoleInfo (RoleInfo.java:updateAndGet(143)) - b6ed77c0-0909-418c-a0c6-e1477b4e10c3: start FollowerState
2019-10-19 00:50:13,464 [grpc-default-executor-7] INFO  impl.RoleInfo (RoleInfo.java:updateAndGet(143)) - 67511f02-1a53-40d3-ad7c-17f75ce9e42c: start FollowerState
2019-10-19 00:50:13,464 [Thread-1148] INFO  impl.FollowerState (FollowerState.java:run(117)) - 67511f02-1a53-40d3-ad7c-17f75ce9e42c@group-2DDA05B3685C-FollowerState was interrupted: java.lang.InterruptedException: sleep interrupted
2019-10-19 00:50:13,466 [Thread-1144] INFO  impl.FollowerState (FollowerState.java:run(108)) - 67511f02-1a53-40d3-ad7c-17f75ce9e42c@group-9C7A8CA2BF57-FollowerState: change to CANDIDATE, lastRpcTime:98ms, electionTimeout:98ms
2019-10-19 00:50:13,466 [Thread-1144] INFO  impl.RoleInfo (RoleInfo.java:shutdownFollowerState(121)) - 67511f02-1a53-40d3-ad7c-17f75ce9e42c: shutdown FollowerState
2019-10-19 00:50:13,466 [Thread-1144] INFO  impl.RaftServerImpl (RaftServerImpl.java:setRole(184)) - 67511f02-1a53-40d3-ad7c-17f75ce9e42c@group-9C7A8CA2BF57: changes role from  FOLLOWER to CANDIDATE at term 27 for changeToCandidate
2019-10-19 00:50:13,466 [Thread-1144] INFO  impl.RoleInfo (RoleInfo.java:updateAndGet(143)) - 67511f02-1a53-40d3-ad7c-17f75ce9e42c: start LeaderElection
2019-10-19 00:50:13,487 [67511f02-1a53-40d3-ad7c-17f75ce9e42c@group-9C7A8CA2BF57-LeaderElection90] INFO  impl.LeaderElection (LeaderElection.java:askForVotes(178)) - 67511f02-1a53-40d3-ad7c-17f75ce9e42c@group-9C7A8CA2BF57-LeaderElection90: begin an election at term 28 for -1: [67511f02-1a53-40d3-ad7c-17f75ce9e42c:192.168.157.213:45560, aac91d0e-90b3-4924-955b-30866d4fff78:192.168.157.213:41659, b6ed77c0-0909-418c-a0c6-e1477b4e10c3:192.168.157.213:33232], old=null
2019-10-19 00:50:13,488 [aac91d0e-90b3-4924-955b-30866d4fff78@group-2DDA05B3685C-LeaderElection89] INFO  impl.LeaderElection (LeaderElection.java:logAndReturn(56)) - aac91d0e-90b3-4924-955b-30866d4fff78@group-2DDA05B3685C-LeaderElection89: Election REJECTED; received 2 response(s) [aac91d0e-90b3-4924-955b-30866d4fff78<-67511f02-1a53-40d3-ad7c-17f75ce9e42c#0:FAIL-t68, aac91d0e-90b3-4924-955b-30866d4fff78<-b6ed77c0-0909-418c-a0c6-e1477b4e10c3#0:FAIL-t68] and 0 exception(s); aac91d0e-90b3-4924-955b-30866d4fff78@group-2DDA05B3685C:t68, leader=null, voted=aac91d0e-90b3-4924-955b-30866d4fff78, raftlog=aac91d0e-90b3-4924-955b-30866d4fff78@group-2DDA05B3685C-SegmentedRaftLog:OPENED:c3,f4,i4, conf=0: [67511f02-1a53-40d3-ad7c-17f75ce9e42c:192.168.157.213:45560, aac91d0e-90b3-4924-955b-30866d4fff78:192.168.157.213:41659, b6ed77c0-0909-418c-a0c6-e1477b4e10c3:192.168.157.213:33232], old=null
2019-10-19 00:50:13,488 [aac91d0e-90b3-4924-955b-30866d4fff78@group-2DDA05B3685C-LeaderElection89] INFO  impl.RaftServerImpl (RaftServerImpl.java:setRole(184)) - aac91d0e-90b3-4924-955b-30866d4fff78@group-2DDA05B3685C: changes role from CANDIDATE to FOLLOWER at term 68 for DISCOVERED_A_NEW_TERM
2019-10-19 00:50:13,488 [aac91d0e-90b3-4924-955b-30866d4fff78@group-2DDA05B3685C-LeaderElection89] INFO  impl.RoleInfo (RoleInfo.java:shutdownLeaderElection(134)) - aac91d0e-90b3-4924-955b-30866d4fff78: shutdown LeaderElection
2019-10-19 00:50:13,488 [aac91d0e-90b3-4924-955b-30866d4fff78@group-2DDA05B3685C-LeaderElection89] INFO  impl.RoleInfo (RoleInfo.java:updateAndGet(143)) - aac91d0e-90b3-4924-955b-30866d4fff78: start FollowerState
2019-10-19 00:50:13,489 [grpc-default-executor-7] INFO  impl.RaftServerImpl (RaftServerImpl.java:setRole(184)) - aac91d0e-90b3-4924-955b-30866d4fff78@group-9C7A8CA2BF57: changes role from  FOLLOWER to FOLLOWER at term 28 for recognizeCandidate:67511f02-1a53-40d3-ad7c-17f75ce9e42c
2019-10-19 00:50:13,489 [grpc-default-executor-1] INFO  impl.RaftServerImpl (RaftServerImpl.java:setRole(184)) - b6ed77c0-0909-418c-a0c6-e1477b4e10c3@group-9C7A8CA2BF57: changes role from  FOLLOWER to FOLLOWER at term 28 for recognizeCandidate:67511f02-1a53-40d3-ad7c-17f75ce9e42c
2019-10-19 00:50:13,489 [grpc-default-executor-1] INFO  impl.RoleInfo (RoleInfo.java:shutdownFollowerState(121)) - b6ed77c0-0909-418c-a0c6-e1477b4e10c3: shutdown FollowerState
2019-10-19 00:50:13,489 [grpc-default-executor-7] INFO  impl.RoleInfo (RoleInfo.java:shutdownFollowerState(121)) - aac91d0e-90b3-4924-955b-30866d4fff78: shutdown FollowerState
2019-10-19 00:50:13,489 [Thread-1143] INFO  impl.FollowerState (FollowerState.java:run(117)) - b6ed77c0-0909-418c-a0c6-e1477b4e10c3@group-9C7A8CA2BF57-FollowerState was interrupted: java.lang.InterruptedException: sleep interrupted
2019-10-19 00:50:13,489 [grpc-default-executor-1] INFO  impl.RoleInfo (RoleInfo.java:updateAndGet(143)) - b6ed77c0-0909-418c-a0c6-e1477b4e10c3: start FollowerState
2019-10-19 00:50:13,489 [Thread-1142] INFO  impl.FollowerState (FollowerState.java:run(117)) - aac91d0e-90b3-4924-955b-30866d4fff78@group-9C7A8CA2BF57-FollowerState was interrupted: java.lang.InterruptedException: sleep interrupted
2019-10-19 00:50:13,489 [grpc-default-executor-7] INFO  impl.RoleInfo (RoleInfo.java:updateAndGet(143)) - aac91d0e-90b3-4924-955b-30866d4fff78: start FollowerState
2019-10-19 00:50:13,501 [67511f02-1a53-40d3-ad7c-17f75ce9e42c@group-9C7A8CA2BF57-LeaderElection90] INFO  impl.LeaderElection (LeaderElection.java:logAndReturn(56)) - 67511f02-1a53-40d3-ad7c-17f75ce9e42c@group-9C7A8CA2BF57-LeaderElection90: Election REJECTED; received 2 response(s) [67511f02-1a53-40d3-ad7c-17f75ce9e42c<-aac91d0e-90b3-4924-955b-30866d4fff78#0:FAIL-t28, 67511f02-1a53-40d3-ad7c-17f75ce9e42c<-b6ed77c0-0909-418c-a0c6-e1477b4e10c3#0:FAIL-t28] and 0 exception(s); 67511f02-1a53-40d3-ad7c-17f75ce9e42c@group-9C7A8CA2BF57:t28, leader=null, voted=67511f02-1a53-40d3-ad7c-17f75ce9e42c, raftlog=67511f02-1a53-40d3-ad7c-17f75ce9e42c@group-9C7A8CA2BF57-SegmentedRaftLog:OPENED:c-1,f-1,i0, conf=-1: [67511f02-1a53-40d3-ad7c-17f75ce9e42c:192.168.157.213:45560, aac91d0e-90b3-4924-955b-30866d4fff78:192.168.157.213:41659, b6ed77c0-0909-418c-a0c6-e1477b4e10c3:192.168.157.213:33232], old=null
2019-10-19 00:50:13,502 [67511f02-1a53-40d3-ad7c-17f75ce9e42c@group-9C7A8CA2BF57-LeaderElection90] INFO  impl.RaftServerImpl (RaftServerImpl.java:setRole(184)) - 67511f02-1a53-40d3-ad7c-17f75ce9e42c@group-9C7A8CA2BF57: changes role from CANDIDATE to FOLLOWER at term 28 for DISCOVERED_A_NEW_TERM
2019-10-19 00:50:13,502 [67511f02-1a53-40d3-ad7c-17f75ce9e42c@group-9C7A8CA2BF57-LeaderElection90] INFO  impl.RoleInfo (RoleInfo.java:shutdownLeaderElection(134)) - 67511f02-1a53-40d3-ad7c-17f75ce9e42c: shutdown LeaderElection
2019-10-19 00:50:13,502 [67511f02-1a53-40d3-ad7c-17f75ce9e42c@group-9C7A8CA2BF57-LeaderElection90] INFO  impl.RoleInfo (RoleInfo.java:updateAndGet(143)) - 67511f02-1a53-40d3-ad7c-17f75ce9e42c: start FollowerState
2019-10-19 00:50:13,589 [Thread-1157] INFO  impl.FollowerState (FollowerState.java:run(108)) - aac91d0e-90b3-4924-955b-30866d4fff78@group-2DDA05B3685C-FollowerState: change to CANDIDATE, lastRpcTime:100ms, electionTimeout:100ms
2019-10-19 00:50:13,589 [Thread-1157] INFO  impl.RoleInfo (RoleInfo.java:shutdownFollowerState(121)) - aac91d0e-90b3-4924-955b-30866d4fff78: shutdown FollowerState
2019-10-19 00:50:13,589 [Thread-1157] INFO  impl.RaftServerImpl (RaftServerImpl.java:setRole(184)) - aac91d0e-90b3-4924-955b-30866d4fff78@group-2DDA05B3685C: changes role from  FOLLOWER to CANDIDATE at term 68 for changeToCandidate
2019-10-19 00:50:13,589 [Thread-1157] INFO  impl.RoleInfo (RoleInfo.java:updateAndGet(143)) - aac91d0e-90b3-4924-955b-30866d4fff78: start LeaderElection
2019-10-19 00:50:13,589 [Thread-1160] INFO  impl.FollowerState (FollowerState.java:run(108)) - 67511f02-1a53-40d3-ad7c-17f75ce9e42c@group-9C7A8CA2BF57-FollowerState: change to CANDIDATE, lastRpcTime:87ms, electionTimeout:87ms
2019-10-19 00:50:13,589 [Thread-1160] INFO  impl.RoleInfo (RoleInfo.java:shutdownFollowerState(121)) - 67511f02-1a53-40d3-ad7c-17f75ce9e42c: shutdown FollowerState
2019-10-19 00:50:13,590 [Thread-1160] INFO  impl.RaftServerImpl (RaftServerImpl.java:setRole(184)) - 67511f02-1a53-40d3-ad7c-17f75ce9e42c@group-9C7A8CA2BF57: changes role from  FOLLOWER to CANDIDATE at term 28 for changeToCandidate
2019-10-19 00:50:13,590 [Thread-1160] INFO  impl.RoleInfo (RoleInfo.java:updateAndGet(143)) - 67511f02-1a53-40d3-ad7c-17f75ce9e42c: start LeaderElection
2019-10-19 00:50:13,615 [aac91d0e-90b3-4924-955b-30866d4fff78@group-2DDA05B3685C-LeaderElection91] INFO  impl.LeaderElection (LeaderElection.java:askForVotes(178)) - aac91d0e-90b3-4924-955b-30866d4fff78@group-2DDA05B3685C-LeaderElection91: begin an election at term 69 for 0: [67511f02-1a53-40d3-ad7c-17f75ce9e42c:192.168.157.213:45560, aac91d0e-90b3-4924-955b-30866d4fff78:192.168.157.213:41659, b6ed77c0-0909-418c-a0c6-e1477b4e10c3:192.168.157.213:33232], old=null
2019-10-19 00:50:13,615 [67511f02-1a53-40d3-ad7c-17f75ce9e42c@group-9C7A8CA2BF57-LeaderElection92] INFO  impl.LeaderElection (LeaderElection.java:askForVotes(178)) - 67511f02-1a53-40d3-ad7c-17f75ce9e42c@group-9C7A8CA2BF57-LeaderElection92: begin an election at term 29 for -1: [67511f02-1a53-40d3-ad7c-17f75ce9e42c:192.168.157.213:45560, aac91d0e-90b3-4924-955b-30866d4fff78:192.168.157.213:41659, b6ed77c0-0909-418c-a0c6-e1477b4e10c3:192.168.157.213:33232], old=null
2019-10-19 00:50:13,618 [grpc-default-executor-7] INFO  impl.RaftServerImpl (RaftServerImpl.java:setRole(184)) - aac91d0e-90b3-4924-955b-30866d4fff78@group-9C7A8CA2BF57: changes role from  FOLLOWER to FOLLOWER at term 29 for recognizeCandidate:67511f02-1a53-40d3-ad7c-17f75ce9e42c
2019-10-19 00:50:13,618 [grpc-default-executor-7] INFO  impl.RoleInfo (RoleInfo.java:shutdownFollowerState(121)) - aac91d0e-90b3-4924-955b-30866d4fff78: shutdown FollowerState
2019-10-19 00:50:13,618 [grpc-default-executor-0] INFO  impl.RaftServerImpl (RaftServerImpl.java:setRole(184)) - 67511f02-1a53-40d3-ad7c-17f75ce9e42c@group-2DDA05B3685C: changes role from  FOLLOWER to FOLLOWER at term 69 for recognizeCandidate:aac91d0e-90b3-4924-955b-30866d4fff78
2019-10-19 00:50:13,618 [grpc-default-executor-1] INFO  impl.RaftServerImpl (RaftServerImpl.java:setRole(184)) - b6ed77c0-0909-418c-a0c6-e1477b4e10c3@group-2DDA05B3685C: changes role from  FOLLOWER to FOLLOWER at term 69 for recognizeCandidate:aac91d0e-90b3-4924-955b-30866d4fff78
2019-10-19 00:50:13,618 [grpc-default-executor-1] INFO  impl.RoleInfo (RoleInfo.java:shutdownFollowerState(121)) - b6ed77c0-0909-418c-a0c6-e1477b4e10c3: shutdown FollowerState
2019-10-19 00:50:13,618 [Thread-1159] INFO  impl.FollowerState (FollowerState.java:run(117)) - aac91d0e-90b3-4924-955b-30866d4fff78@group-9C7A8CA2BF57-FollowerState was interrupted: java.lang.InterruptedException: sleep interrupted
2019-10-19 00:50:13,618 [grpc-default-executor-0] INFO  impl.RoleInfo (RoleInfo.java:shutdownFollowerState(121)) - 67511f02-1a53-40d3-ad7c-17f75ce9e42c: shutdown FollowerState
2019-10-19 00:50:13,618 [grpc-default-executor-2] INFO  impl.RaftServerImpl (RaftServerImpl.java:setRole(184)) - b6ed77c0-0909-418c-a0c6-e1477b4e10c3@group-9C7A8CA2BF57: changes role from  FOLLOWER to FOLLOWER at term 29 for recognizeCandidate:67511f02-1a53-40d3-ad7c-17f75ce9e42c
2019-10-19 00:50:13,619 [grpc-default-executor-2] INFO  impl.RoleInfo (RoleInfo.java:shutdownFollowerState(121)) - b6ed77c0-0909-418c-a0c6-e1477b4e10c3: shutdown FollowerState
2019-10-19 00:50:13,618 [grpc-default-executor-7] INFO  impl.RoleInfo (RoleInfo.java:updateAndGet(143)) - aac91d0e-90b3-4924-955b-30866d4fff78: start FollowerState
2019-10-19 00:50:13,619 [Thread-1158] INFO  impl.FollowerState (FollowerState.java:run(117)) - b6ed77c0-0909-418c-a0c6-e1477b4e10c3@group-9C7A8CA2BF57-FollowerState was interrupted: java.lang.InterruptedException: sleep interrupted
2019-10-19 00:50:13,619 [grpc-default-executor-2] INFO  impl.RoleInfo (RoleInfo.java:updateAndGet(143)) - b6ed77c0-0909-418c-a0c6-e1477b4e10c3: start FollowerState
2019-10-19 00:50:13,619 [Thread-1153] INFO  impl.FollowerState (FollowerState.java:run(117)) - 67511f02-1a53-40d3-ad7c-17f75ce9e42c@group-2DDA05B3685C-FollowerState was interrupted: java.lang.InterruptedException: sleep interrupted
2019-10-19 00:50:13,619 [grpc-default-executor-0] INFO  impl.RoleInfo (RoleInfo.java:updateAndGet(143)) - 67511f02-1a53-40d3-ad7c-17f75ce9e42c: start FollowerState
2019-10-19 00:50:13,619 [grpc-default-executor-1] INFO  impl.RoleInfo (RoleInfo.java:updateAndGet(143)) - b6ed77c0-0909-418c-a0c6-e1477b4e10c3: start FollowerState
2019-10-19 00:50:13,619 [Thread-1152] INFO  impl.FollowerState (FollowerState.java:run(117)) - b6ed77c0-0909-418c-a0c6-e1477b4e10c3@group-2DDA05B3685C-FollowerState was interrupted: java.lang.InterruptedException: sleep interrupted
2019-10-19 00:50:13,636 [aac91d0e-90b3-4924-955b-30866d4fff78@group-2DDA05B3685C-LeaderElection91] INFO  impl.LeaderElection (LeaderElection.java:logAndReturn(56)) - aac91d0e-90b3-4924-955b-30866d4fff78@group-2DDA05B3685C-LeaderElection91: Election TIMEOUT; received 0 response(s) [] and 0 exception(s); aac91d0e-90b3-4924-955b-30866d4fff78@group-2DDA05B3685C:t69, leader=null, voted=aac91d0e-90b3-4924-955b-30866d4fff78, raftlog=aac91d0e-90b3-4924-955b-30866d4fff78@group-2DDA05B3685C-SegmentedRaftLog:OPENED:c3,f4,i4, conf=0: [67511f02-1a53-40d3-ad7c-17f75ce9e42c:192.168.157.213:45560, aac91d0e-90b3-4924-955b-30866d4fff78:192.168.157.213:41659, b6ed77c0-0909-418c-a0c6-e1477b4e10c3:192.168.157.213:33232], old=null
2019-10-19 00:50:13,646 [67511f02-1a53-40d3-ad7c-17f75ce9e42c@group-9C7A8CA2BF57-LeaderElection92] INFO  impl.LeaderElection (LeaderElection.java:logAndReturn(56)) - 67511f02-1a53-40d3-ad7c-17f75ce9e42c@group-9C7A8CA2BF57-LeaderElection92: Election REJECTED; received 2 response(s) [67511f02-1a53-40d3-ad7c-17f75ce9e42c<-aac91d0e-90b3-4924-955b-30866d4fff78#0:FAIL-t29, 67511f02-1a53-40d3-ad7c-17f75ce9e42c<-b6ed77c0-0909-418c-a0c6-e1477b4e10c3#0:FAIL-t29] and 0 exception(s); 67511f02-1a53-40d3-ad7c-17f75ce9e42c@group-9C7A8CA2BF57:t29, leader=null, voted=67511f02-1a53-40d3-ad7c-17f75ce9e42c, raftlog=67511f02-1a53-40d3-ad7c-17f75ce9e42c@group-9C7A8CA2BF57-SegmentedRaftLog:OPENED:c-1,f-1,i0, conf=-1: [67511f02-1a53-40d3-ad7c-17f75ce9e42c:192.168.157.213:45560, aac91d0e-90b3-4924-955b-30866d4fff78:192.168.157.213:41659, b6ed77c0-0909-418c-a0c6-e1477b4e10c3:192.168.157.213:33232], old=null
2019-10-19 00:50:13,646 [67511f02-1a53-40d3-ad7c-17f75ce9e42c@group-9C7A8CA2BF57-LeaderElection92] INFO  impl.RaftServerImpl (RaftServerImpl.java:setRole(184)) - 67511f02-1a53-40d3-ad7c-17f75ce9e42c@group-9C7A8CA2BF57: changes role from CANDIDATE to FOLLOWER at term 29 for DISCOVERED_A_NEW_TERM
2019-10-19 00:50:13,646 [67511f02-1a53-40d3-ad7c-17f75ce9e42c@group-9C7A8CA2BF57-LeaderElection92] INFO  impl.RoleInfo (RoleInfo.java:shutdownLeaderElection(134)) - 67511f02-1a53-40d3-ad7c-17f75ce9e42c: shutdown LeaderElection
2019-10-19 00:50:13,646 [67511f02-1a53-40d3-ad7c-17f75ce9e42c@group-9C7A8CA2BF57-LeaderElection92] INFO  impl.RoleInfo (RoleInfo.java:updateAndGet(143)) - 67511f02-1a53-40d3-ad7c-17f75ce9e42c: start FollowerState
2019-10-19 00:50:13,647 [aac91d0e-90b3-4924-955b-30866d4fff78@group-2DDA05B3685C-LeaderElection91] INFO  impl.LeaderElection (LeaderElection.java:askForVotes(178)) - aac91d0e-90b3-4924-955b-30866d4fff78@group-2DDA05B3685C-LeaderElection91: begin an election at term 70 for 0: [67511f02-1a53-40d3-ad7c-17f75ce9e42c:192.168.157.213:45560, aac91d0e-90b3-4924-955b-30866d4fff78:192.168.157.213:41659, b6ed77c0-0909-418c-a0c6-e1477b4e10c3:192.168.157.213:33232], old=null
2019-10-19 00:50:13,649 [grpc-default-executor-1] INFO  impl.RaftServerImpl (RaftServerImpl.java:setRole(184)) - b6ed77c0-0909-418c-a0c6-e1477b4e10c3@group-2DDA05B3685C: changes role from  FOLLOWER to FOLLOWER at term 70 for recognizeCandidate:aac91d0e-90b3-4924-955b-30866d4fff78
2019-10-19 00:50:13,649 [grpc-default-executor-1] INFO  impl.RoleInfo (RoleInfo.java:shutdownFollowerState(121)) - b6ed77c0-0909-418c-a0c6-e1477b4e10c3: shutdown FollowerState
2019-10-19 00:50:13,649 [grpc-default-executor-0] INFO  impl.RaftServerImpl (RaftServerImpl.java:setRole(184)) - 67511f02-1a53-40d3-ad7c-17f75ce9e42c@group-2DDA05B3685C: changes role from  FOLLOWER to FOLLOWER at term 70 for recognizeCandidate:aac91d0e-90b3-4924-955b-30866d4fff78
2019-10-19 00:50:13,650 [Thread-1168] INFO  impl.FollowerState (FollowerState.java:run(117)) - b6ed77c0-0909-418c-a0c6-e1477b4e10c3@group-2DDA05B3685C-FollowerState was interrupted: java.lang.InterruptedException: sleep interrupted
2019-10-19 00:50:13,650 [grpc-default-executor-1] INFO  impl.RoleInfo (RoleInfo.java:updateAndGet(143)) - b6ed77c0-0909-418c-a0c6-e1477b4e10c3: start FollowerState
2019-10-19 00:50:13,650 [grpc-default-executor-0] INFO  impl.RoleInfo (RoleInfo.java:shutdownFollowerState(121)) - 67511f02-1a53-40d3-ad7c-17f75ce9e42c: shutdown FollowerState
2019-10-19 00:50:13,650 [grpc-default-executor-0] INFO  impl.RoleInfo (RoleInfo.java:updateAndGet(143)) - 67511f02-1a53-40d3-ad7c-17f75ce9e42c: start FollowerState
2019-10-19 00:50:13,650 [Thread-1169] INFO  impl.FollowerState (FollowerState.java:run(117)) - 67511f02-1a53-40d3-ad7c-17f75ce9e42c@group-2DDA05B3685C-FollowerState was interrupted: java.lang.InterruptedException: sleep interrupted
2019-10-19 00:50:13,664 [aac91d0e-90b3-4924-955b-30866d4fff78@group-2DDA05B3685C-LeaderElection91] INFO  impl.LeaderElection (LeaderElection.java:logAndReturn(56)) - aac91d0e-90b3-4924-955b-30866d4fff78@group-2DDA05B3685C-LeaderElection91: Election REJECTED; received 2 response(s) [aac91d0e-90b3-4924-955b-30866d4fff78<-67511f02-1a53-40d3-ad7c-17f75ce9e42c#0:FAIL-t70, aac91d0e-90b3-4924-955b-30866d4fff78<-b6ed77c0-0909-418c-a0c6-e1477b4e10c3#0:FAIL-t70] and 0 exception(s); aac91d0e-90b3-4924-955b-30866d4fff78@group-2DDA05B3685C:t70, leader=null, voted=aac91d0e-90b3-4924-955b-30866d4fff78, raftlog=aac91d0e-90b3-4924-955b-30866d4fff78@group-2DDA05B3685C-SegmentedRaftLog:OPENED:c3,f4,i4, conf=0: [67511f02-1a53-40d3-ad7c-17f75ce9e42c:192.168.157.213:45560, aac91d0e-90b3-4924-955b-30866d4fff78:192.168.157.213:41659, b6ed77c0-0909-418c-a0c6-e1477b4e10c3:192.168.157.213:33232], old=null
2019-10-19 00:50:13,665 [aac91d0e-90b3-4924-955b-30866d4fff78@group-2DDA05B3685C-LeaderElection91] INFO  impl.RaftServerImpl (RaftServerImpl.java:setRole(184)) - aac91d0e-90b3-4924-955b-30866d4fff78@group-2DDA05B3685C: changes role from CANDIDATE to FOLLOWER at term 70 for DISCOVERED_A_NEW_TERM
2019-10-19 00:50:13,665 [aac91d0e-90b3-4924-955b-30866d4fff78@group-2DDA05B3685C-LeaderElection91] INFO  impl.RoleInfo (RoleInfo.java:shutdownLeaderElection(134)) - aac91d0e-90b3-4924-955b-30866d4fff78: shutdown LeaderElection
2019-10-19 00:50:13,665 [aac91d0e-90b3-4924-955b-30866d4fff78@group-2DDA05B3685C-LeaderElection91] INFO  impl.RoleInfo (RoleInfo.java:updateAndGet(143)) - aac91d0e-90b3-4924-955b-30866d4fff78: start FollowerState
2019-10-19 00:50:13,781 [Thread-1171] INFO  impl.FollowerState (FollowerState.java:run(108)) - 67511f02-1a53-40d3-ad7c-17f75ce9e42c@group-9C7A8CA2BF57-FollowerState: change to CANDIDATE, lastRpcTime:134ms, electionTimeout:134ms
2019-10-19 00:50:13,781 [Thread-1171] INFO  impl.RoleInfo (RoleInfo.java:shutdownFollowerState(121)) - 67511f02-1a53-40d3-ad7c-17f75ce9e42c: shutdown FollowerState
2019-10-19 00:50:13,781 [Thread-1171] INFO  impl.RaftServerImpl (RaftServerImpl.java:setRole(184)) - 67511f02-1a53-40d3-ad7c-17f75ce9e42c@group-9C7A8CA2BF57: changes role from  FOLLOWER to CANDIDATE at term 29 for changeToCandidate
2019-10-19 00:50:13,781 [Thread-1171] INFO  impl.RoleInfo (RoleInfo.java:updateAndGet(143)) - 67511f02-1a53-40d3-ad7c-17f75ce9e42c: start LeaderElection
2019-10-19 00:50:13,799 [67511f02-1a53-40d3-ad7c-17f75ce9e42c@group-9C7A8CA2BF57-LeaderElection93] INFO  impl.LeaderElection (LeaderElection.java:askForVotes(178)) - 67511f02-1a53-40d3-ad7c-17f75ce9e42c@group-9C7A8CA2BF57-LeaderElection93: begin an election at term 30 for -1: [67511f02-1a53-40d3-ad7c-17f75ce9e42c:192.168.157.213:45560, aac91d0e-90b3-4924-955b-30866d4fff78:192.168.157.213:41659, b6ed77c0-0909-418c-a0c6-e1477b4e10c3:192.168.157.213:33232], old=null
2019-10-19 00:50:13,801 [grpc-default-executor-1] INFO  impl.RaftServerImpl (RaftServerImpl.java:setRole(184)) - aac91d0e-90b3-4924-955b-30866d4fff78@group-9C7A8CA2BF57: changes role from  FOLLOWER to FOLLOWER at term 30 for recognizeCandidate:67511f02-1a53-40d3-ad7c-17f75ce9e42c
2019-10-19 00:50:13,802 [grpc-default-executor-0] INFO  impl.RaftServerImpl (RaftServerImpl.java:setRole(184)) - b6ed77c0-0909-418c-a0c6-e1477b4e10c3@group-9C7A8CA2BF57: changes role from  FOLLOWER to FOLLOWER at term 30 for recognizeCandidate:67511f02-1a53-40d3-ad7c-17f75ce9e42c
2019-10-19 00:50:13,802 [grpc-default-executor-1] INFO  impl.RoleInfo (RoleInfo.java:shutdownFollowerState(121)) - aac91d0e-90b3-4924-955b-30866d4fff78: shutdown FollowerState
2019-10-19 00:50:13,802 [grpc-default-executor-0] INFO  impl.RoleInfo (RoleInfo.java:shutdownFollowerState(121)) - b6ed77c0-0909-418c-a0c6-e1477b4e10c3: shutdown FollowerState
2019-10-19 00:50:13,802 [Thread-1167] INFO  impl.FollowerState (FollowerState.java:run(117)) - aac91d0e-90b3-4924-955b-30866d4fff78@group-9C7A8CA2BF57-FollowerState was interrupted: java.lang.InterruptedException: sleep interrupted
2019-10-19 00:50:13,802 [grpc-default-executor-1] INFO  impl.RoleInfo (RoleInfo.java:updateAndGet(143)) - aac91d0e-90b3-4924-955b-30866d4fff78: start FollowerState
2019-10-19 00:50:13,802 [Thread-1170] INFO  impl.FollowerState (FollowerState.java:run(117)) - b6ed77c0-0909-418c-a0c6-e1477b4e10c3@group-9C7A8CA2BF57-FollowerState was interrupted: java.lang.InterruptedException: sleep interrupted
2019-10-19 00:50:13,802 [grpc-default-executor-0] INFO  impl.RoleInfo (RoleInfo.java:updateAndGet(143)) - b6ed77c0-0909-418c-a0c6-e1477b4e10c3: start FollowerState
2019-10-19 00:50:13,817 [67511f02-1a53-40d3-ad7c-17f75ce9e42c@group-9C7A8CA2BF57-LeaderElection93] INFO  impl.LeaderElection (LeaderElection.java:logAndReturn(56)) - 67511f02-1a53-40d3-ad7c-17f75ce9e42c@group-9C7A8CA2BF57-LeaderElection93: Election REJECTED; received 2 response(s) [67511f02-1a53-40d3-ad7c-17f75ce9e42c<-aac91d0e-90b3-4924-955b-30866d4fff78#0:FAIL-t30, 67511f02-1a53-40d3-ad7c-17f75ce9e42c<-b6ed77c0-0909-418c-a0c6-e1477b4e10c3#0:FAIL-t30] and 0 exception(s); 67511f02-1a53-40d3-ad7c-17f75ce9e42c@group-9C7A8CA2BF57:t30, leader=null, voted=67511f02-1a53-40d3-ad7c-17f75ce9e42c, raftlog=67511f02-1a53-40d3-ad7c-17f75ce9e42c@group-9C7A8CA2BF57-SegmentedRaftLog:OPENED:c-1,f-1,i0, conf=-1: [67511f02-1a53-40d3-ad7c-17f75ce9e42c:192.168.157.213:45560, aac91d0e-90b3-4924-955b-30866d4fff78:192.168.157.213:41659, b6ed77c0-0909-418c-a0c6-e1477b4e10c3:192.168.157.213:33232], old=null
2019-10-19 00:50:13,817 [67511f02-1a53-40d3-ad7c-17f75ce9e42c@group-9C7A8CA2BF57-LeaderElection93] INFO  impl.RaftServerImpl (RaftServerImpl.java:setRole(184)) - 67511f02-1a53-40d3-ad7c-17f75ce9e42c@group-9C7A8CA2BF57: changes role from CANDIDATE to FOLLOWER at term 30 for DISCOVERED_A_NEW_TERM
2019-10-19 00:50:13,817 [67511f02-1a53-40d3-ad7c-17f75ce9e42c@group-9C7A8CA2BF57-LeaderElection93] INFO  impl.RoleInfo (RoleInfo.java:shutdownLeaderElection(134)) - 67511f02-1a53-40d3-ad7c-17f75ce9e42c: shutdown LeaderElection
2019-10-19 00:50:13,817 [67511f02-1a53-40d3-ad7c-17f75ce9e42c@group-9C7A8CA2BF57-LeaderElection93] INFO  impl.RoleInfo (RoleInfo.java:updateAndGet(143)) - 67511f02-1a53-40d3-ad7c-17f75ce9e42c: start FollowerState
2019-10-19 00:50:13,844 [Thread-1176] INFO  impl.FollowerState (FollowerState.java:run(108)) - aac91d0e-90b3-4924-955b-30866d4fff78@group-2DDA05B3685C-FollowerState: change to CANDIDATE, lastRpcTime:179ms, electionTimeout:179ms
2019-10-19 00:50:13,844 [Thread-1176] INFO  impl.RoleInfo (RoleInfo.java:shutdownFollowerState(121)) - aac91d0e-90b3-4924-955b-30866d4fff78: shutdown FollowerState
2019-10-19 00:50:13,844 [Thread-1176] INFO  impl.RaftServerImpl (RaftServerImpl.java:setRole(184)) - aac91d0e-90b3-4924-955b-30866d4fff78@group-2DDA05B3685C: changes role from  FOLLOWER to CANDIDATE at term 70 for changeToCandidate
2019-10-19 00:50:13,845 [Thread-1176] INFO  impl.RoleInfo (RoleInfo.java:updateAndGet(143)) - aac91d0e-90b3-4924-955b-30866d4fff78: start LeaderElection
2019-10-19 00:50:13,858 [aac91d0e-90b3-4924-955b-30866d4fff78@group-2DDA05B3685C-LeaderElection94] INFO  impl.LeaderElection (LeaderElection.java:askForVotes(178)) - aac91d0e-90b3-4924-955b-30866d4fff78@group-2DDA05B3685C-LeaderElection94: begin an election at term 71 for 0: [67511f02-1a53-40d3-ad7c-17f75ce9e42c:192.168.157.213:45560, aac91d0e-90b3-4924-955b-30866d4fff78:192.168.157.213:41659, b6ed77c0-0909-418c-a0c6-e1477b4e10c3:192.168.157.213:33232], old=null
2019-10-19 00:50:13,860 [grpc-default-executor-1] INFO  impl.RaftServerImpl (RaftServerImpl.java:setRole(184)) - 67511f02-1a53-40d3-ad7c-17f75ce9e42c@group-2DDA05B3685C: changes role from  FOLLOWER to FOLLOWER at term 71 for recognizeCandidate:aac91d0e-90b3-4924-955b-30866d4fff78
2019-10-19 00:50:13,861 [grpc-default-executor-1] INFO  impl.RoleInfo (RoleInfo.java:shutdownFollowerState(121)) - 67511f02-1a53-40d3-ad7c-17f75ce9e42c: shutdown FollowerState
2019-10-19 00:50:13,861 [grpc-default-executor-0] INFO  impl.RaftServerImpl (RaftServerImpl.java:setRole(184)) - b6ed77c0-0909-418c-a0c6-e1477b4e10c3@group-2DDA05B3685C: changes role from  FOLLOWER to FOLLOWER at term 71 for recognizeCandidate:aac91d0e-90b3-4924-955b-30866d4fff78
2019-10-19 00:50:13,861 [grpc-default-executor-0] INFO  impl.RoleInfo (RoleInfo.java:shutdownFollowerState(121)) - b6ed77c0-0909-418c-a0c6-e1477b4e10c3: shutdown FollowerState
2019-10-19 00:50:13,861 [Thread-1175] INFO  impl.FollowerState (FollowerState.java:run(117)) - 67511f02-1a53-40d3-ad7c-17f75ce9e42c@group-2DDA05B3685C-FollowerState was interrupted: java.lang.InterruptedException: sleep interrupted
2019-10-19 00:50:13,861 [grpc-default-executor-1] INFO  impl.RoleInfo (RoleInfo.java:updateAndGet(143)) - 67511f02-1a53-40d3-ad7c-17f75ce9e42c: start FollowerState
2019-10-19 00:50:13,861 [Thread-1174] INFO  impl.FollowerState (FollowerState.java:run(117)) - b6ed77c0-0909-418c-a0c6-e1477b4e10c3@group-2DDA05B3685C-FollowerState was interrupted: java.lang.InterruptedException: sleep interrupted
2019-10-19 00:50:13,861 [grpc-default-executor-0] INFO  impl.RoleInfo (RoleInfo.java:updateAndGet(143)) - b6ed77c0-0909-418c-a0c6-e1477b4e10c3: start FollowerState
2019-10-19 00:50:13,875 [aac91d0e-90b3-4924-955b-30866d4fff78@group-2DDA05B3685C-LeaderElection94] INFO  impl.LeaderElection (LeaderElection.java:logAndReturn(56)) - aac91d0e-90b3-4924-955b-30866d4fff78@group-2DDA05B3685C-LeaderElection94: Election REJECTED; received 2 response(s) [aac91d0e-90b3-4924-955b-30866d4fff78<-67511f02-1a53-40d3-ad7c-17f75ce9e42c#0:FAIL-t71, aac91d0e-90b3-4924-955b-30866d4fff78<-b6ed77c0-0909-418c-a0c6-e1477b4e10c3#0:FAIL-t71] and 0 exception(s); aac91d0e-90b3-4924-955b-30866d4fff78@group-2DDA05B3685C:t71, leader=null, voted=aac91d0e-90b3-4924-955b-30866d4fff78, raftlog=aac91d0e-90b3-4924-955b-30866d4fff78@group-2DDA05B3685C-SegmentedRaftLog:OPENED:c3,f4,i4, conf=0: [67511f02-1a53-40d3-ad7c-17f75ce9e42c:192.168.157.213:45560, aac91d0e-90b3-4924-955b-30866d4fff78:192.168.157.213:41659, b6ed77c0-0909-418c-a0c6-e1477b4e10c3:192.168.157.213:33232], old=null
2019-10-19 00:50:13,875 [aac91d0e-90b3-4924-955b-30866d4fff78@group-2DDA05B3685C-LeaderElection94] INFO  impl.RaftServerImpl (RaftServerImpl.java:setRole(184)) - aac91d0e-90b3-4924-955b-30866d4fff78@group-2DDA05B3685C: changes role from CANDIDATE to FOLLOWER at term 71 for DISCOVERED_A_NEW_TERM
2019-10-19 00:50:13,875 [aac91d0e-90b3-4924-955b-30866d4fff78@group-2DDA05B3685C-LeaderElection94] INFO  impl.RoleInfo (RoleInfo.java:shutdownLeaderElection(134)) - aac91d0e-90b3-4924-955b-30866d4fff78: shutdown LeaderElection
2019-10-19 00:50:13,875 [aac91d0e-90b3-4924-955b-30866d4fff78@group-2DDA05B3685C-LeaderElection94] INFO  impl.RoleInfo (RoleInfo.java:updateAndGet(143)) - aac91d0e-90b3-4924-955b-30866d4fff78: start FollowerState
2019-10-19 00:50:13,899 [Thread-1188] INFO  impl.FollowerState (FollowerState.java:run(108)) - aac91d0e-90b3-4924-955b-30866d4fff78@group-2DDA05B3685C-FollowerState: change to CANDIDATE, lastRpcTime:23ms, electionTimeout:23ms
2019-10-19 00:50:13,899 [Thread-1188] INFO  impl.RoleInfo (RoleInfo.java:shutdownFollowerState(121)) - aac91d0e-90b3-4924-955b-30866d4fff78: shutdown FollowerState
2019-10-19 00:50:13,899 [Thread-1188] INFO  impl.RaftServerImpl (RaftServerImpl.java:setRole(184)) - aac91d0e-90b3-4924-955b-30866d4fff78@group-2DDA05B3685C: changes role from  FOLLOWER to CANDIDATE at term 71 for changeToCandidate
2019-10-19 00:50:13,899 [Thread-1188] INFO  impl.RoleInfo (RoleInfo.java:updateAndGet(143)) - aac91d0e-90b3-4924-955b-30866d4fff78: start LeaderElection
]]></system-out>
    <system-err><![CDATA[ERROR StatusLogger No Log4j 2 configuration file found. Using default configuration (logging only errors to the console), or user programmatically provided configurations. Set system property 'log4j2.debug' to show Log4j 2 internal initialization logging. See https://logging.apache.org/log4j/2.x/manual/configuration.html for instructions on how to configure Log4j 2
Oct 19, 2019 12:48:27 AM org.apache.ratis.thirdparty.io.grpc.internal.SerializingExecutor run
SEVERE: Exception while executing runnable org.apache.ratis.thirdparty.io.grpc.internal.ServerImpl$JumpToApplicationThreadServerStreamListener$1Closed@35c49149
org.apache.ratis.thirdparty.io.grpc.StatusRuntimeException: CANCELLED: call already cancelled
	at org.apache.ratis.thirdparty.io.grpc.Status.asRuntimeException(Status.java:517)
	at org.apache.ratis.thirdparty.io.grpc.stub.ServerCalls$ServerCallStreamObserverImpl.onCompleted(ServerCalls.java:356)
	at org.apache.ratis.grpc.server.GrpcServerProtocolService$ServerRequestStreamObserver.onError(GrpcServerProtocolService.java:121)
	at org.apache.ratis.thirdparty.io.grpc.stub.ServerCalls$StreamingServerCallHandler$StreamingServerCallListener.onCancel(ServerCalls.java:269)
	at org.apache.ratis.thirdparty.io.grpc.internal.ServerCallImpl$ServerStreamListenerImpl.closed(ServerCallImpl.java:293)
	at org.apache.ratis.thirdparty.io.grpc.internal.ServerImpl$JumpToApplicationThreadServerStreamListener$1Closed.runInContext(ServerImpl.java:741)
	at org.apache.ratis.thirdparty.io.grpc.internal.ContextRunnable.run(ContextRunnable.java:37)
	at org.apache.ratis.thirdparty.io.grpc.internal.SerializingExecutor.run(SerializingExecutor.java:123)
	at java.util.concurrent.ThreadPoolExecutor.runWorker(ThreadPoolExecutor.java:1149)
	at java.util.concurrent.ThreadPoolExecutor$Worker.run(ThreadPoolExecutor.java:624)
	at java.lang.Thread.run(Thread.java:748)

Oct 19, 2019 12:48:27 AM org.apache.ratis.thirdparty.io.grpc.internal.SerializingExecutor run
SEVERE: Exception while executing runnable org.apache.ratis.thirdparty.io.grpc.internal.ClientCallImpl$ClientStreamListenerImpl$1StreamClosed@1e454f9d
java.lang.NullPointerException
	at org.apache.ratis.grpc.server.GrpcLogAppender$AppendLogResponseHandler.onError(GrpcLogAppender.java:303)
	at org.apache.ratis.thirdparty.io.grpc.stub.ClientCalls$StreamObserverToCallListenerAdapter.onClose(ClientCalls.java:434)
	at org.apache.ratis.thirdparty.io.grpc.PartialForwardingClientCallListener.onClose(PartialForwardingClientCallListener.java:39)
	at org.apache.ratis.thirdparty.io.grpc.ForwardingClientCallListener.onClose(ForwardingClientCallListener.java:23)
	at org.apache.ratis.thirdparty.io.grpc.ForwardingClientCallListener$SimpleForwardingClientCallListener.onClose(ForwardingClientCallListener.java:40)
	at org.apache.ratis.thirdparty.io.grpc.internal.CensusStatsModule$StatsClientInterceptor$1$1.onClose(CensusStatsModule.java:678)
	at org.apache.ratis.thirdparty.io.grpc.PartialForwardingClientCallListener.onClose(PartialForwardingClientCallListener.java:39)
	at org.apache.ratis.thirdparty.io.grpc.ForwardingClientCallListener.onClose(ForwardingClientCallListener.java:23)
	at org.apache.ratis.thirdparty.io.grpc.ForwardingClientCallListener$SimpleForwardingClientCallListener.onClose(ForwardingClientCallListener.java:40)
	at org.apache.ratis.thirdparty.io.grpc.internal.CensusTracingModule$TracingClientInterceptor$1$1.onClose(CensusTracingModule.java:397)
	at org.apache.ratis.thirdparty.io.grpc.internal.ClientCallImpl.closeObserver(ClientCallImpl.java:459)
	at org.apache.ratis.thirdparty.io.grpc.internal.ClientCallImpl.access$300(ClientCallImpl.java:63)
	at org.apache.ratis.thirdparty.io.grpc.internal.ClientCallImpl$ClientStreamListenerImpl.close(ClientCallImpl.java:546)
	at org.apache.ratis.thirdparty.io.grpc.internal.ClientCallImpl$ClientStreamListenerImpl.access$600(ClientCallImpl.java:467)
	at org.apache.ratis.thirdparty.io.grpc.internal.ClientCallImpl$ClientStreamListenerImpl$1StreamClosed.runInContext(ClientCallImpl.java:584)
	at org.apache.ratis.thirdparty.io.grpc.internal.ContextRunnable.run(ContextRunnable.java:37)
	at org.apache.ratis.thirdparty.io.grpc.internal.SerializingExecutor.run(SerializingExecutor.java:123)
	at java.util.concurrent.ThreadPoolExecutor.runWorker(ThreadPoolExecutor.java:1149)
	at java.util.concurrent.ThreadPoolExecutor$Worker.run(ThreadPoolExecutor.java:624)
	at java.lang.Thread.run(Thread.java:748)

]]></system-err>
  </testcase>
</testsuite>