<?xml version="1.0" encoding="UTF-8"?>
<testsuite xmlns:xsi="http://www.w3.org/2001/XMLSchema-instance" xsi:noNamespaceSchemaLocation="https://maven.apache.org/surefire/maven-surefire-plugin/xsd/surefire-test-report.xsd" name="org.apache.hadoop.ozone.client.rpc.TestMultiBlockWritesWithDnFailures" time="119.645" tests="2" errors="0" skipped="0" failures="1">
  <properties>
    <property name="awt.toolkit" value="sun.awt.X11.XToolkit"/>
    <property name="file.encoding.pkg" value="sun.io"/>
    <property name="java.specification.version" value="1.8"/>
    <property name="sun.cpu.isalist" value=""/>
    <property name="sun.jnu.encoding" value="ANSI_X3.4-1968"/>
    <property name="java.class.path" value="/workdir/hadoop-ozone/integration-test/target/test-classes:/workdir/hadoop-ozone/integration-test/target/classes:/home/user/.m2/repository/org/apache/hadoop/hadoop-ozone-common/0.5.0-SNAPSHOT/hadoop-ozone-common-0.5.0-SNAPSHOT.jar:/home/user/.m2/repository/org/apache/commons/commons-compress/1.4.1/commons-compress-1.4.1.jar:/home/user/.m2/repository/org/tukaani/xz/1.0/xz-1.0.jar:/home/user/.m2/repository/org/apache/hadoop/hadoop-common/3.2.0/hadoop-common-3.2.0.jar:/home/user/.m2/repository/org/apache/hadoop/hadoop-hdfs/3.2.0/hadoop-hdfs-3.2.0.jar:/home/user/.m2/repository/org/apache/hadoop/hadoop-hdfs-client/3.2.0/hadoop-hdfs-client-3.2.0.jar:/home/user/.m2/repository/com/fasterxml/jackson/core/jackson-annotations/2.9.9/jackson-annotations-2.9.9.jar:/home/user/.m2/repository/org/apache/hadoop/hadoop-hdds-common/0.5.0-SNAPSHOT/hadoop-hdds-common-0.5.0-SNAPSHOT.jar:/home/user/.m2/repository/javax/annotation/javax.annotation-api/1.2/javax.annotation-api-1.2.jar:/home/user/.m2/repository/org/apache/ratis/ratis-server/0.5.0-3f446aa-SNAPSHOT/ratis-server-0.5.0-3f446aa-SNAPSHOT.jar:/home/user/.m2/repository/org/apache/ratis/ratis-thirdparty-misc/0.2.0/ratis-thirdparty-misc-0.2.0.jar:/home/user/.m2/repository/org/apache/ratis/ratis-proto/0.5.0-3f446aa-SNAPSHOT/ratis-proto-0.5.0-3f446aa-SNAPSHOT.jar:/home/user/.m2/repository/org/apache/ratis/ratis-common/0.5.0-3f446aa-SNAPSHOT/ratis-common-0.5.0-3f446aa-SNAPSHOT.jar:/home/user/.m2/repository/org/apache/ratis/ratis-client/0.5.0-3f446aa-SNAPSHOT/ratis-client-0.5.0-3f446aa-SNAPSHOT.jar:/home/user/.m2/repository/org/apache/ratis/ratis-metrics/0.5.0-3f446aa-SNAPSHOT/ratis-metrics-0.5.0-3f446aa-SNAPSHOT.jar:/home/user/.m2/repository/com/github/joshelser/dropwizard-metrics-hadoop-metrics2-reporter/0.1.2/dropwizard-metrics-hadoop-metrics2-reporter-0.1.2.jar:/home/user/.m2/repository/io/dropwizard/metrics/metrics-jvm/3.2.5/metrics-jvm-3.2.5.jar:/home/user/.m2/repository/io/dropwizard/metrics/metrics-ganglia/3.2.5/metrics-ganglia-3.2.5.jar:/home/user/.m2/repository/info/ganglia/gmetric4j/gmetric4j/1.0.7/gmetric4j-1.0.7.jar:/home/user/.m2/repository/org/apache/ratis/ratis-netty/0.5.0-3f446aa-SNAPSHOT/ratis-netty-0.5.0-3f446aa-SNAPSHOT.jar:/home/user/.m2/repository/org/apache/ratis/ratis-grpc/0.5.0-3f446aa-SNAPSHOT/ratis-grpc-0.5.0-3f446aa-SNAPSHOT.jar:/home/user/.m2/repository/org/rocksdb/rocksdbjni/6.0.1/rocksdbjni-6.0.1.jar:/home/user/.m2/repository/org/apache/logging/log4j/log4j-api/2.11.0/log4j-api-2.11.0.jar:/home/user/.m2/repository/org/apache/logging/log4j/log4j-core/2.11.0/log4j-core-2.11.0.jar:/home/user/.m2/repository/com/lmax/disruptor/3.4.2/disruptor-3.4.2.jar:/home/user/.m2/repository/org/apache/commons/commons-pool2/2.6.0/commons-pool2-2.6.0.jar:/home/user/.m2/repository/org/bouncycastle/bcpkix-jdk15on/1.60/bcpkix-jdk15on-1.60.jar:/home/user/.m2/repository/commons-validator/commons-validator/1.6/commons-validator-1.6.jar:/home/user/.m2/repository/commons-digester/commons-digester/1.8.1/commons-digester-1.8.1.jar:/home/user/.m2/repository/io/jaegertracing/jaeger-client/0.34.0/jaeger-client-0.34.0.jar:/home/user/.m2/repository/io/jaegertracing/jaeger-thrift/0.34.0/jaeger-thrift-0.34.0.jar:/home/user/.m2/repository/org/apache/thrift/libthrift/0.12.0/libthrift-0.12.0.jar:/home/user/.m2/repository/com/squareup/okhttp3/okhttp/3.9.0/okhttp-3.9.0.jar:/home/user/.m2/repository/com/squareup/okio/okio/1.13.0/okio-1.13.0.jar:/home/user/.m2/repository/io/jaegertracing/jaeger-core/0.34.0/jaeger-core-0.34.0.jar:/home/user/.m2/repository/io/jaegertracing/jaeger-tracerresolver/0.34.0/jaeger-tracerresolver-0.34.0.jar:/home/user/.m2/repository/io/opentracing/contrib/opentracing-tracerresolver/0.1.5/opentracing-tracerresolver-0.1.5.jar:/home/user/.m2/repository/io/opentracing/opentracing-util/0.31.0/opentracing-util-0.31.0.jar:/home/user/.m2/repository/io/opentracing/opentracing-api/0.31.0/opentracing-api-0.31.0.jar:/home/user/.m2/repository/io/opentracing/opentracing-noop/0.31.0/opentracing-noop-0.31.0.jar:/home/user/.m2/repository/org/apache/hadoop/hadoop-hdds-server-framework/0.5.0-SNAPSHOT/hadoop-hdds-server-framework-0.5.0-SNAPSHOT.jar:/home/user/.m2/repository/org/apache/hadoop/hadoop-hdds-container-service/0.5.0-SNAPSHOT/hadoop-hdds-container-service-0.5.0-SNAPSHOT.jar:/home/user/.m2/repository/org/apache/hadoop/hadoop-hdds-client/0.5.0-SNAPSHOT/hadoop-hdds-client-0.5.0-SNAPSHOT.jar:/home/user/.m2/repository/org/apache/hadoop/hadoop-hdds-tools/0.5.0-SNAPSHOT/hadoop-hdds-tools-0.5.0-SNAPSHOT.jar:/home/user/.m2/repository/org/apache/hadoop/hadoop-hdds-server-scm/0.5.0-SNAPSHOT/hadoop-hdds-server-scm-0.5.0-SNAPSHOT.jar:/home/user/.m2/repository/org/apache/hadoop/hadoop-hdds-docs/0.5.0-SNAPSHOT/hadoop-hdds-docs-0.5.0-SNAPSHOT.jar:/home/user/.m2/repository/io/dropwizard/metrics/metrics-core/3.2.4/metrics-core-3.2.4.jar:/home/user/.m2/repository/org/hamcrest/hamcrest-all/1.3/hamcrest-all-1.3.jar:/home/user/.m2/repository/org/bouncycastle/bcprov-jdk15on/1.60/bcprov-jdk15on-1.60.jar:/home/user/.m2/repository/info/picocli/picocli/3.9.6/picocli-3.9.6.jar:/home/user/.m2/repository/com/google/protobuf/protobuf-java/2.5.0/protobuf-java-2.5.0.jar:/home/user/.m2/repository/com/google/guava/guava/11.0.2/guava-11.0.2.jar:/home/user/.m2/repository/org/apache/hadoop/hadoop-ozone-ozone-manager/0.5.0-SNAPSHOT/hadoop-ozone-ozone-manager-0.5.0-SNAPSHOT.jar:/home/user/.m2/repository/org/apache/hadoop/hadoop-minikdc/3.2.0/hadoop-minikdc-3.2.0.jar:/home/user/.m2/repository/commons-io/commons-io/2.5/commons-io-2.5.jar:/home/user/.m2/repository/org/apache/kerby/kerb-simplekdc/1.0.1/kerb-simplekdc-1.0.1.jar:/home/user/.m2/repository/org/apache/kerby/kerb-client/1.0.1/kerb-client-1.0.1.jar:/home/user/.m2/repository/org/apache/kerby/kerby-config/1.0.1/kerby-config-1.0.1.jar:/home/user/.m2/repository/org/apache/kerby/kerb-core/1.0.1/kerb-core-1.0.1.jar:/home/user/.m2/repository/org/apache/kerby/kerby-pkix/1.0.1/kerby-pkix-1.0.1.jar:/home/user/.m2/repository/org/apache/kerby/kerby-asn1/1.0.1/kerby-asn1-1.0.1.jar:/home/user/.m2/repository/org/apache/kerby/kerby-util/1.0.1/kerby-util-1.0.1.jar:/home/user/.m2/repository/org/apache/kerby/kerb-common/1.0.1/kerb-common-1.0.1.jar:/home/user/.m2/repository/org/apache/kerby/kerb-crypto/1.0.1/kerb-crypto-1.0.1.jar:/home/user/.m2/repository/org/apache/kerby/kerb-util/1.0.1/kerb-util-1.0.1.jar:/home/user/.m2/repository/org/apache/kerby/token-provider/1.0.1/token-provider-1.0.1.jar:/home/user/.m2/repository/org/apache/kerby/kerb-admin/1.0.1/kerb-admin-1.0.1.jar:/home/user/.m2/repository/org/apache/kerby/kerb-server/1.0.1/kerb-server-1.0.1.jar:/home/user/.m2/repository/org/apache/kerby/kerb-identity/1.0.1/kerb-identity-1.0.1.jar:/home/user/.m2/repository/org/apache/kerby/kerby-xdr/1.0.1/kerby-xdr-1.0.1.jar:/home/user/.m2/repository/org/slf4j/slf4j-log4j12/1.7.25/slf4j-log4j12-1.7.25.jar:/home/user/.m2/repository/org/apache/hadoop/hadoop-ozone-s3gateway/0.5.0-SNAPSHOT/hadoop-ozone-s3gateway-0.5.0-SNAPSHOT.jar:/home/user/.m2/repository/org/jboss/weld/servlet/weld-servlet/2.4.7.Final/weld-servlet-2.4.7.Final.jar:/home/user/.m2/repository/org/glassfish/jersey/containers/jersey-container-servlet-core/2.27/jersey-container-servlet-core-2.27.jar:/home/user/.m2/repository/org/glassfish/hk2/external/javax.inject/2.5.0-b42/javax.inject-2.5.0-b42.jar:/home/user/.m2/repository/org/glassfish/jersey/core/jersey-common/2.27/jersey-common-2.27.jar:/home/user/.m2/repository/org/glassfish/hk2/osgi-resource-locator/1.0.1/osgi-resource-locator-1.0.1.jar:/home/user/.m2/repository/javax/ws/rs/javax.ws.rs-api/2.1/javax.ws.rs-api-2.1.jar:/home/user/.m2/repository/org/glassfish/jersey/ext/cdi/jersey-cdi1x/2.27/jersey-cdi1x-2.27.jar:/home/user/.m2/repository/org/glassfish/jersey/inject/jersey-hk2/2.27/jersey-hk2-2.27.jar:/home/user/.m2/repository/org/glassfish/hk2/hk2-locator/2.5.0-b42/hk2-locator-2.5.0-b42.jar:/home/user/.m2/repository/org/javassist/javassist/3.22.0-CR2/javassist-3.22.0-CR2.jar:/home/user/.m2/repository/org/glassfish/hk2/hk2-api/2.5.0/hk2-api-2.5.0.jar:/home/user/.m2/repository/org/glassfish/hk2/external/jakarta.inject/2.5.0/jakarta.inject-2.5.0.jar:/home/user/.m2/repository/org/glassfish/hk2/hk2-utils/2.5.0/hk2-utils-2.5.0.jar:/home/user/.m2/repository/jakarta/annotation/jakarta.annotation-api/1.3.4/jakarta.annotation-api-1.3.4.jar:/home/user/.m2/repository/org/glassfish/hk2/external/aopalliance-repackaged/2.5.0/aopalliance-repackaged-2.5.0.jar:/home/user/.m2/repository/com/fasterxml/jackson/dataformat/jackson-dataformat-xml/2.9.0/jackson-dataformat-xml-2.9.0.jar:/home/user/.m2/repository/com/fasterxml/jackson/core/jackson-core/2.9.9/jackson-core-2.9.9.jar:/home/user/.m2/repository/com/fasterxml/jackson/module/jackson-module-jaxb-annotations/2.9.9/jackson-module-jaxb-annotations-2.9.9.jar:/home/user/.m2/repository/javax/enterprise/cdi-api/1.2/cdi-api-1.2.jar:/home/user/.m2/repository/javax/el/javax.el-api/3.0.0/javax.el-api-3.0.0.jar:/home/user/.m2/repository/javax/interceptor/javax.interceptor-api/1.2/javax.interceptor-api-1.2.jar:/home/user/.m2/repository/javax/inject/javax.inject/1/javax.inject-1.jar:/home/user/.m2/repository/com/sun/xml/bind/jaxb-impl/2.3.0.1/jaxb-impl-2.3.0.1.jar:/home/user/.m2/repository/com/sun/xml/bind/jaxb-core/2.3.0.1/jaxb-core-2.3.0.1.jar:/home/user/.m2/repository/javax/xml/bind/jaxb-api/2.3.0/jaxb-api-2.3.0.jar:/home/user/.m2/repository/javax/activation/activation/1.1.1/activation-1.1.1.jar:/home/user/.m2/repository/org/apache/hadoop/hadoop-ozone-csi/0.5.0-SNAPSHOT/hadoop-ozone-csi-0.5.0-SNAPSHOT.jar:/home/user/.m2/repository/com/google/protobuf/protobuf-java-util/3.5.1/protobuf-java-util-3.5.1.jar:/home/user/.m2/repository/org/apache/hadoop/hadoop-hdds-config/0.5.0-SNAPSHOT/hadoop-hdds-config-0.5.0-SNAPSHOT.jar:/home/user/.m2/repository/io/grpc/grpc-netty/1.17.1/grpc-netty-1.17.1.jar:/home/user/.m2/repository/io/grpc/grpc-core/1.17.1/grpc-core-1.17.1.jar:/home/user/.m2/repository/io/grpc/grpc-context/1.17.1/grpc-context-1.17.1.jar:/home/user/.m2/repository/com/google/errorprone/error_prone_annotations/2.2.0/error_prone_annotations-2.2.0.jar:/home/user/.m2/repository/org/codehaus/mojo/animal-sniffer-annotations/1.17/animal-sniffer-annotations-1.17.jar:/home/user/.m2/repository/io/opencensus/opencensus-api/0.17.0/opencensus-api-0.17.0.jar:/home/user/.m2/repository/io/opencensus/opencensus-contrib-grpc-metrics/0.17.0/opencensus-contrib-grpc-metrics-0.17.0.jar:/home/user/.m2/repository/io/netty/netty-codec-http2/4.1.30.Final/netty-codec-http2-4.1.30.Final.jar:/home/user/.m2/repository/io/netty/netty-codec-http/4.1.30.Final/netty-codec-http-4.1.30.Final.jar:/home/user/.m2/repository/io/netty/netty-codec/4.1.30.Final/netty-codec-4.1.30.Final.jar:/home/user/.m2/repository/io/netty/netty-handler/4.1.30.Final/netty-handler-4.1.30.Final.jar:/home/user/.m2/repository/io/netty/netty-handler-proxy/4.1.30.Final/netty-handler-proxy-4.1.30.Final.jar:/home/user/.m2/repository/io/netty/netty-codec-socks/4.1.30.Final/netty-codec-socks-4.1.30.Final.jar:/home/user/.m2/repository/io/netty/netty-transport-native-epoll/4.1.30.Final/netty-transport-native-epoll-4.1.30.Final.jar:/home/user/.m2/repository/io/netty/netty-common/4.1.30.Final/netty-common-4.1.30.Final.jar:/home/user/.m2/repository/io/netty/netty-buffer/4.1.30.Final/netty-buffer-4.1.30.Final.jar:/home/user/.m2/repository/io/netty/netty-transport/4.1.30.Final/netty-transport-4.1.30.Final.jar:/home/user/.m2/repository/io/netty/netty-resolver/4.1.30.Final/netty-resolver-4.1.30.Final.jar:/home/user/.m2/repository/io/netty/netty-transport-native-unix-common/4.1.30.Final/netty-transport-native-unix-common-4.1.30.Final.jar:/home/user/.m2/repository/io/grpc/grpc-protobuf/1.17.1/grpc-protobuf-1.17.1.jar:/home/user/.m2/repository/com/google/api/grpc/proto-google-common-protos/1.0.0/proto-google-common-protos-1.0.0.jar:/home/user/.m2/repository/io/grpc/grpc-protobuf-lite/1.17.1/grpc-protobuf-lite-1.17.1.jar:/home/user/.m2/repository/io/grpc/grpc-stub/1.17.1/grpc-stub-1.17.1.jar:/home/user/.m2/repository/org/apache/hadoop/hadoop-ozone-recon/0.5.0-SNAPSHOT/hadoop-ozone-recon-0.5.0-SNAPSHOT.jar:/home/user/.m2/repository/org/apache/hadoop/hadoop-ozone-reconcodegen/0.5.0-SNAPSHOT/hadoop-ozone-reconcodegen-0.5.0-SNAPSHOT.jar:/home/user/.m2/repository/com/google/inject/extensions/guice-multibindings/4.0/guice-multibindings-4.0.jar:/home/user/.m2/repository/com/google/inject/guice/4.0/guice-4.0.jar:/home/user/.m2/repository/aopalliance/aopalliance/1.0/aopalliance-1.0.jar:/home/user/.m2/repository/com/google/inject/extensions/guice-servlet/4.0/guice-servlet-4.0.jar:/home/user/.m2/repository/org/glassfish/jersey/containers/jersey-container-servlet/2.27/jersey-container-servlet-2.27.jar:/home/user/.m2/repository/org/glassfish/hk2/guice-bridge/2.5.0/guice-bridge-2.5.0.jar:/home/user/.m2/repository/org/glassfish/jersey/core/jersey-server/2.27/jersey-server-2.27.jar:/home/user/.m2/repository/org/glassfish/jersey/core/jersey-client/2.27/jersey-client-2.27.jar:/home/user/.m2/repository/org/glassfish/jersey/media/jersey-media-jaxb/2.27/jersey-media-jaxb-2.27.jar:/home/user/.m2/repository/javax/validation/validation-api/1.1.0.Final/validation-api-1.1.0.Final.jar:/home/user/.m2/repository/org/glassfish/jersey/media/jersey-media-json-jackson/2.27/jersey-media-json-jackson-2.27.jar:/home/user/.m2/repository/org/glassfish/jersey/ext/jersey-entity-filtering/2.27/jersey-entity-filtering-2.27.jar:/home/user/.m2/repository/com/google/inject/extensions/guice-assistedinject/4.0/guice-assistedinject-4.0.jar:/home/user/.m2/repository/org/jooq/jooq/3.11.10/jooq-3.11.10.jar:/home/user/.m2/repository/org/jooq/jooq-meta/3.11.10/jooq-meta-3.11.10.jar:/home/user/.m2/repository/org/jooq/jooq-codegen/3.11.10/jooq-codegen-3.11.10.jar:/home/user/.m2/repository/com/jolbox/bonecp/0.8.0.RELEASE/bonecp-0.8.0.RELEASE.jar:/home/user/.m2/repository/org/xerial/sqlite-jdbc/3.25.2/sqlite-jdbc-3.25.2.jar:/home/user/.m2/repository/org/springframework/spring-jdbc/5.1.3.RELEASE/spring-jdbc-5.1.3.RELEASE.jar:/home/user/.m2/repository/org/springframework/spring-beans/5.1.3.RELEASE/spring-beans-5.1.3.RELEASE.jar:/home/user/.m2/repository/org/springframework/spring-core/5.1.3.RELEASE/spring-core-5.1.3.RELEASE.jar:/home/user/.m2/repository/org/springframework/spring-jcl/5.1.3.RELEASE/spring-jcl-5.1.3.RELEASE.jar:/home/user/.m2/repository/org/springframework/spring-tx/5.1.3.RELEASE/spring-tx-5.1.3.RELEASE.jar:/home/user/.m2/repository/org/apache/hadoop/hadoop-ozone-client/0.5.0-SNAPSHOT/hadoop-ozone-client-0.5.0-SNAPSHOT.jar:/home/user/.m2/repository/commons-lang/commons-lang/2.6/commons-lang-2.6.jar:/home/user/.m2/repository/org/apache/hadoop/hadoop-ozone-ozone-manager/0.5.0-SNAPSHOT/hadoop-ozone-ozone-manager-0.5.0-SNAPSHOT-tests.jar:/home/user/.m2/repository/junit/junit/4.11/junit-4.11.jar:/home/user/.m2/repository/org/hamcrest/hamcrest-core/1.3/hamcrest-core-1.3.jar:/home/user/.m2/repository/org/openjdk/jmh/jmh-core/1.19/jmh-core-1.19.jar:/home/user/.m2/repository/net/sf/jopt-simple/jopt-simple/4.6/jopt-simple-4.6.jar:/home/user/.m2/repository/org/apache/commons/commons-math3/3.1.1/commons-math3-3.1.1.jar:/home/user/.m2/repository/org/openjdk/jmh/jmh-generator-annprocess/1.19/jmh-generator-annprocess-1.19.jar:/home/user/.m2/repository/org/mockito/mockito-all/1.8.5/mockito-all-1.8.5.jar:/home/user/.m2/repository/org/apache/hadoop/hadoop-kms/3.2.0/hadoop-kms-3.2.0.jar:/home/user/.m2/repository/org/apache/hadoop/hadoop-auth/3.2.0/hadoop-auth-3.2.0.jar:/home/user/.m2/repository/com/nimbusds/nimbus-jose-jwt/4.41.1/nimbus-jose-jwt-4.41.1.jar:/home/user/.m2/repository/com/github/stephenc/jcip/jcip-annotations/1.0-1/jcip-annotations-1.0-1.jar:/home/user/.m2/repository/net/minidev/json-smart/2.3/json-smart-2.3.jar:/home/user/.m2/repository/net/minidev/accessors-smart/1.2/accessors-smart-1.2.jar:/home/user/.m2/repository/org/ow2/asm/asm/5.0.4/asm-5.0.4.jar:/home/user/.m2/repository/org/apache/curator/curator-framework/2.12.0/curator-framework-2.12.0.jar:/home/user/.m2/repository/com/sun/jersey/jersey-core/1.19/jersey-core-1.19.jar:/home/user/.m2/repository/javax/ws/rs/jsr311-api/1.1.1/jsr311-api-1.1.1.jar:/home/user/.m2/repository/com/sun/jersey/jersey-server/1.19/jersey-server-1.19.jar:/home/user/.m2/repository/javax/servlet/javax.servlet-api/3.1.0/javax.servlet-api-3.1.0.jar:/home/user/.m2/repository/org/eclipse/jetty/jetty-server/9.3.25.v20180904/jetty-server-9.3.25.v20180904.jar:/home/user/.m2/repository/org/eclipse/jetty/jetty-http/9.3.25.v20180904/jetty-http-9.3.25.v20180904.jar:/home/user/.m2/repository/org/eclipse/jetty/jetty-io/9.3.25.v20180904/jetty-io-9.3.25.v20180904.jar:/home/user/.m2/repository/org/eclipse/jetty/jetty-webapp/9.3.25.v20180904/jetty-webapp-9.3.25.v20180904.jar:/home/user/.m2/repository/org/eclipse/jetty/jetty-xml/9.3.25.v20180904/jetty-xml-9.3.25.v20180904.jar:/home/user/.m2/repository/log4j/log4j/1.2.17/log4j-1.2.17.jar:/home/user/.m2/repository/org/slf4j/slf4j-api/1.7.25/slf4j-api-1.7.25.jar:/home/user/.m2/repository/org/slf4j/jul-to-slf4j/1.7.25/jul-to-slf4j-1.7.25.jar:/home/user/.m2/repository/org/eclipse/jetty/jetty-util/9.3.25.v20180904/jetty-util-9.3.25.v20180904.jar:/home/user/.m2/repository/com/fasterxml/jackson/core/jackson-databind/2.9.9/jackson-databind-2.9.9.jar:/home/user/.m2/repository/org/apache/hadoop/hadoop-kms/3.2.0/hadoop-kms-3.2.0-tests.jar:/home/user/.m2/repository/org/apache/hadoop/hadoop-hdds-server-scm/0.5.0-SNAPSHOT/hadoop-hdds-server-scm-0.5.0-SNAPSHOT-tests.jar:/home/user/.m2/repository/org/apache/hadoop/hadoop-hdds-container-service/0.5.0-SNAPSHOT/hadoop-hdds-container-service-0.5.0-SNAPSHOT-tests.jar:/home/user/.m2/repository/org/yaml/snakeyaml/1.16/snakeyaml-1.16.jar:/home/user/.m2/repository/org/apache/hadoop/hadoop-common/3.2.0/hadoop-common-3.2.0-tests.jar:/home/user/.m2/repository/org/apache/hadoop/hadoop-annotations/3.2.0/hadoop-annotations-3.2.0.jar:/usr/lib/jvm/java-1.8.0-openjdk-1.8.0.222.b10-1.el7_7.x86_64/jre/../lib/tools.jar:/home/user/.m2/repository/commons-cli/commons-cli/1.2/commons-cli-1.2.jar:/home/user/.m2/repository/org/apache/httpcomponents/httpclient/4.5.2/httpclient-4.5.2.jar:/home/user/.m2/repository/org/apache/httpcomponents/httpcore/4.4.4/httpcore-4.4.4.jar:/home/user/.m2/repository/commons-codec/commons-codec/1.11/commons-codec-1.11.jar:/home/user/.m2/repository/commons-net/commons-net/3.6/commons-net-3.6.jar:/home/user/.m2/repository/commons-collections/commons-collections/3.2.2/commons-collections-3.2.2.jar:/home/user/.m2/repository/org/eclipse/jetty/jetty-servlet/9.3.25.v20180904/jetty-servlet-9.3.25.v20180904.jar:/home/user/.m2/repository/org/eclipse/jetty/jetty-security/9.3.25.v20180904/jetty-security-9.3.25.v20180904.jar:/home/user/.m2/repository/javax/servlet/jsp/jsp-api/2.1/jsp-api-2.1.jar:/home/user/.m2/repository/com/sun/jersey/jersey-servlet/1.19/jersey-servlet-1.19.jar:/home/user/.m2/repository/com/sun/jersey/jersey-json/1.19/jersey-json-1.19.jar:/home/user/.m2/repository/org/codehaus/jettison/jettison/1.1/jettison-1.1.jar:/home/user/.m2/repository/org/codehaus/jackson/jackson-core-asl/1.9.13/jackson-core-asl-1.9.13.jar:/home/user/.m2/repository/org/codehaus/jackson/jackson-mapper-asl/1.9.13/jackson-mapper-asl-1.9.13.jar:/home/user/.m2/repository/org/codehaus/jackson/jackson-jaxrs/1.9.13/jackson-jaxrs-1.9.13.jar:/home/user/.m2/repository/org/codehaus/jackson/jackson-xc/1.9.13/jackson-xc-1.9.13.jar:/home/user/.m2/repository/commons-logging/commons-logging/1.1.3/commons-logging-1.1.3.jar:/home/user/.m2/repository/commons-beanutils/commons-beanutils/1.9.4/commons-beanutils-1.9.4.jar:/home/user/.m2/repository/org/apache/commons/commons-configuration2/2.1.1/commons-configuration2-2.1.1.jar:/home/user/.m2/repository/org/apache/commons/commons-lang3/3.7/commons-lang3-3.7.jar:/home/user/.m2/repository/org/apache/commons/commons-text/1.4/commons-text-1.4.jar:/home/user/.m2/repository/org/apache/avro/avro/1.7.7/avro-1.7.7.jar:/home/user/.m2/repository/com/thoughtworks/paranamer/paranamer/2.3/paranamer-2.3.jar:/home/user/.m2/repository/org/xerial/snappy/snappy-java/1.0.5/snappy-java-1.0.5.jar:/home/user/.m2/repository/com/google/re2j/re2j/1.1/re2j-1.1.jar:/home/user/.m2/repository/com/google/code/gson/gson/2.2.4/gson-2.2.4.jar:/home/user/.m2/repository/com/jcraft/jsch/0.1.54/jsch-0.1.54.jar:/home/user/.m2/repository/org/apache/curator/curator-client/2.12.0/curator-client-2.12.0.jar:/home/user/.m2/repository/org/apache/curator/curator-recipes/2.12.0/curator-recipes-2.12.0.jar:/home/user/.m2/repository/com/google/code/findbugs/jsr305/3.0.0/jsr305-3.0.0.jar:/home/user/.m2/repository/org/apache/htrace/htrace-core4/4.1.0-incubating/htrace-core4-4.1.0-incubating.jar:/home/user/.m2/repository/org/apache/zookeeper/zookeeper/3.4.13/zookeeper-3.4.13.jar:/home/user/.m2/repository/jline/jline/0.9.94/jline-0.9.94.jar:/home/user/.m2/repository/org/apache/yetus/audience-annotations/0.5.0/audience-annotations-0.5.0.jar:/home/user/.m2/repository/org/codehaus/woodstox/stax2-api/3.1.4/stax2-api-3.1.4.jar:/home/user/.m2/repository/com/fasterxml/woodstox/woodstox-core/5.0.3/woodstox-core-5.0.3.jar:/home/user/.m2/repository/dnsjava/dnsjava/2.1.7/dnsjava-2.1.7.jar:/home/user/.m2/repository/org/apache/hadoop/hadoop-hdfs/3.2.0/hadoop-hdfs-3.2.0-tests.jar:/home/user/.m2/repository/org/eclipse/jetty/jetty-util-ajax/9.3.25.v20180904/jetty-util-ajax-9.3.25.v20180904.jar:/home/user/.m2/repository/commons-daemon/commons-daemon/1.0.13/commons-daemon-1.0.13.jar:/home/user/.m2/repository/io/netty/netty/3.10.5.Final/netty-3.10.5.Final.jar:/home/user/.m2/repository/io/netty/netty-all/4.0.52.Final/netty-all-4.0.52.Final.jar:/home/user/.m2/repository/org/fusesource/leveldbjni/leveldbjni-all/1.8/leveldbjni-all-1.8.jar:"/>
    <property name="java.vm.vendor" value="Oracle Corporation"/>
    <property name="sun.arch.data.model" value="64"/>
    <property name="test.build.dir" value="/workdir/hadoop-ozone/integration-test/target/test-dir"/>
    <property name="test.cache.data" value=""/>
    <property name="java.vendor.url" value="http://java.oracle.com/"/>
    <property name="user.timezone" value=""/>
    <property name="java.vm.specification.version" value="1.8"/>
    <property name="os.name" value="Linux"/>
    <property name="test.build.data" value="/workdir/hadoop-ozone/integration-test/target/test-dir"/>
    <property name="user.country" value="US"/>
    <property name="sun.java.launcher" value="SUN_STANDARD"/>
    <property name="sun.boot.library.path" value="/usr/lib/jvm/java-1.8.0-openjdk-1.8.0.222.b10-1.el7_7.x86_64/jre/lib/amd64"/>
    <property name="sun.java.command" value="/workdir/hadoop-ozone/integration-test/target/surefire/surefirebooter1937915268834350306.jar /workdir/hadoop-ozone/integration-test/target/surefire 2019-10-19T00-21-49_131-jvmRun1 surefire6860662420137213414tmp surefire_368239210174421948520tmp"/>
    <property name="surefire.test.class.path" value="/workdir/hadoop-ozone/integration-test/target/test-classes:/workdir/hadoop-ozone/integration-test/target/classes:/home/user/.m2/repository/org/apache/hadoop/hadoop-ozone-common/0.5.0-SNAPSHOT/hadoop-ozone-common-0.5.0-SNAPSHOT.jar:/home/user/.m2/repository/org/apache/commons/commons-compress/1.4.1/commons-compress-1.4.1.jar:/home/user/.m2/repository/org/tukaani/xz/1.0/xz-1.0.jar:/home/user/.m2/repository/org/apache/hadoop/hadoop-common/3.2.0/hadoop-common-3.2.0.jar:/home/user/.m2/repository/org/apache/hadoop/hadoop-hdfs/3.2.0/hadoop-hdfs-3.2.0.jar:/home/user/.m2/repository/org/apache/hadoop/hadoop-hdfs-client/3.2.0/hadoop-hdfs-client-3.2.0.jar:/home/user/.m2/repository/com/fasterxml/jackson/core/jackson-annotations/2.9.9/jackson-annotations-2.9.9.jar:/home/user/.m2/repository/org/apache/hadoop/hadoop-hdds-common/0.5.0-SNAPSHOT/hadoop-hdds-common-0.5.0-SNAPSHOT.jar:/home/user/.m2/repository/javax/annotation/javax.annotation-api/1.2/javax.annotation-api-1.2.jar:/home/user/.m2/repository/org/apache/ratis/ratis-server/0.5.0-3f446aa-SNAPSHOT/ratis-server-0.5.0-3f446aa-SNAPSHOT.jar:/home/user/.m2/repository/org/apache/ratis/ratis-thirdparty-misc/0.2.0/ratis-thirdparty-misc-0.2.0.jar:/home/user/.m2/repository/org/apache/ratis/ratis-proto/0.5.0-3f446aa-SNAPSHOT/ratis-proto-0.5.0-3f446aa-SNAPSHOT.jar:/home/user/.m2/repository/org/apache/ratis/ratis-common/0.5.0-3f446aa-SNAPSHOT/ratis-common-0.5.0-3f446aa-SNAPSHOT.jar:/home/user/.m2/repository/org/apache/ratis/ratis-client/0.5.0-3f446aa-SNAPSHOT/ratis-client-0.5.0-3f446aa-SNAPSHOT.jar:/home/user/.m2/repository/org/apache/ratis/ratis-metrics/0.5.0-3f446aa-SNAPSHOT/ratis-metrics-0.5.0-3f446aa-SNAPSHOT.jar:/home/user/.m2/repository/com/github/joshelser/dropwizard-metrics-hadoop-metrics2-reporter/0.1.2/dropwizard-metrics-hadoop-metrics2-reporter-0.1.2.jar:/home/user/.m2/repository/io/dropwizard/metrics/metrics-jvm/3.2.5/metrics-jvm-3.2.5.jar:/home/user/.m2/repository/io/dropwizard/metrics/metrics-ganglia/3.2.5/metrics-ganglia-3.2.5.jar:/home/user/.m2/repository/info/ganglia/gmetric4j/gmetric4j/1.0.7/gmetric4j-1.0.7.jar:/home/user/.m2/repository/org/apache/ratis/ratis-netty/0.5.0-3f446aa-SNAPSHOT/ratis-netty-0.5.0-3f446aa-SNAPSHOT.jar:/home/user/.m2/repository/org/apache/ratis/ratis-grpc/0.5.0-3f446aa-SNAPSHOT/ratis-grpc-0.5.0-3f446aa-SNAPSHOT.jar:/home/user/.m2/repository/org/rocksdb/rocksdbjni/6.0.1/rocksdbjni-6.0.1.jar:/home/user/.m2/repository/org/apache/logging/log4j/log4j-api/2.11.0/log4j-api-2.11.0.jar:/home/user/.m2/repository/org/apache/logging/log4j/log4j-core/2.11.0/log4j-core-2.11.0.jar:/home/user/.m2/repository/com/lmax/disruptor/3.4.2/disruptor-3.4.2.jar:/home/user/.m2/repository/org/apache/commons/commons-pool2/2.6.0/commons-pool2-2.6.0.jar:/home/user/.m2/repository/org/bouncycastle/bcpkix-jdk15on/1.60/bcpkix-jdk15on-1.60.jar:/home/user/.m2/repository/commons-validator/commons-validator/1.6/commons-validator-1.6.jar:/home/user/.m2/repository/commons-digester/commons-digester/1.8.1/commons-digester-1.8.1.jar:/home/user/.m2/repository/io/jaegertracing/jaeger-client/0.34.0/jaeger-client-0.34.0.jar:/home/user/.m2/repository/io/jaegertracing/jaeger-thrift/0.34.0/jaeger-thrift-0.34.0.jar:/home/user/.m2/repository/org/apache/thrift/libthrift/0.12.0/libthrift-0.12.0.jar:/home/user/.m2/repository/com/squareup/okhttp3/okhttp/3.9.0/okhttp-3.9.0.jar:/home/user/.m2/repository/com/squareup/okio/okio/1.13.0/okio-1.13.0.jar:/home/user/.m2/repository/io/jaegertracing/jaeger-core/0.34.0/jaeger-core-0.34.0.jar:/home/user/.m2/repository/io/jaegertracing/jaeger-tracerresolver/0.34.0/jaeger-tracerresolver-0.34.0.jar:/home/user/.m2/repository/io/opentracing/contrib/opentracing-tracerresolver/0.1.5/opentracing-tracerresolver-0.1.5.jar:/home/user/.m2/repository/io/opentracing/opentracing-util/0.31.0/opentracing-util-0.31.0.jar:/home/user/.m2/repository/io/opentracing/opentracing-api/0.31.0/opentracing-api-0.31.0.jar:/home/user/.m2/repository/io/opentracing/opentracing-noop/0.31.0/opentracing-noop-0.31.0.jar:/home/user/.m2/repository/org/apache/hadoop/hadoop-hdds-server-framework/0.5.0-SNAPSHOT/hadoop-hdds-server-framework-0.5.0-SNAPSHOT.jar:/home/user/.m2/repository/org/apache/hadoop/hadoop-hdds-container-service/0.5.0-SNAPSHOT/hadoop-hdds-container-service-0.5.0-SNAPSHOT.jar:/home/user/.m2/repository/org/apache/hadoop/hadoop-hdds-client/0.5.0-SNAPSHOT/hadoop-hdds-client-0.5.0-SNAPSHOT.jar:/home/user/.m2/repository/org/apache/hadoop/hadoop-hdds-tools/0.5.0-SNAPSHOT/hadoop-hdds-tools-0.5.0-SNAPSHOT.jar:/home/user/.m2/repository/org/apache/hadoop/hadoop-hdds-server-scm/0.5.0-SNAPSHOT/hadoop-hdds-server-scm-0.5.0-SNAPSHOT.jar:/home/user/.m2/repository/org/apache/hadoop/hadoop-hdds-docs/0.5.0-SNAPSHOT/hadoop-hdds-docs-0.5.0-SNAPSHOT.jar:/home/user/.m2/repository/io/dropwizard/metrics/metrics-core/3.2.4/metrics-core-3.2.4.jar:/home/user/.m2/repository/org/hamcrest/hamcrest-all/1.3/hamcrest-all-1.3.jar:/home/user/.m2/repository/org/bouncycastle/bcprov-jdk15on/1.60/bcprov-jdk15on-1.60.jar:/home/user/.m2/repository/info/picocli/picocli/3.9.6/picocli-3.9.6.jar:/home/user/.m2/repository/com/google/protobuf/protobuf-java/2.5.0/protobuf-java-2.5.0.jar:/home/user/.m2/repository/com/google/guava/guava/11.0.2/guava-11.0.2.jar:/home/user/.m2/repository/org/apache/hadoop/hadoop-ozone-ozone-manager/0.5.0-SNAPSHOT/hadoop-ozone-ozone-manager-0.5.0-SNAPSHOT.jar:/home/user/.m2/repository/org/apache/hadoop/hadoop-minikdc/3.2.0/hadoop-minikdc-3.2.0.jar:/home/user/.m2/repository/commons-io/commons-io/2.5/commons-io-2.5.jar:/home/user/.m2/repository/org/apache/kerby/kerb-simplekdc/1.0.1/kerb-simplekdc-1.0.1.jar:/home/user/.m2/repository/org/apache/kerby/kerb-client/1.0.1/kerb-client-1.0.1.jar:/home/user/.m2/repository/org/apache/kerby/kerby-config/1.0.1/kerby-config-1.0.1.jar:/home/user/.m2/repository/org/apache/kerby/kerb-core/1.0.1/kerb-core-1.0.1.jar:/home/user/.m2/repository/org/apache/kerby/kerby-pkix/1.0.1/kerby-pkix-1.0.1.jar:/home/user/.m2/repository/org/apache/kerby/kerby-asn1/1.0.1/kerby-asn1-1.0.1.jar:/home/user/.m2/repository/org/apache/kerby/kerby-util/1.0.1/kerby-util-1.0.1.jar:/home/user/.m2/repository/org/apache/kerby/kerb-common/1.0.1/kerb-common-1.0.1.jar:/home/user/.m2/repository/org/apache/kerby/kerb-crypto/1.0.1/kerb-crypto-1.0.1.jar:/home/user/.m2/repository/org/apache/kerby/kerb-util/1.0.1/kerb-util-1.0.1.jar:/home/user/.m2/repository/org/apache/kerby/token-provider/1.0.1/token-provider-1.0.1.jar:/home/user/.m2/repository/org/apache/kerby/kerb-admin/1.0.1/kerb-admin-1.0.1.jar:/home/user/.m2/repository/org/apache/kerby/kerb-server/1.0.1/kerb-server-1.0.1.jar:/home/user/.m2/repository/org/apache/kerby/kerb-identity/1.0.1/kerb-identity-1.0.1.jar:/home/user/.m2/repository/org/apache/kerby/kerby-xdr/1.0.1/kerby-xdr-1.0.1.jar:/home/user/.m2/repository/org/slf4j/slf4j-log4j12/1.7.25/slf4j-log4j12-1.7.25.jar:/home/user/.m2/repository/org/apache/hadoop/hadoop-ozone-s3gateway/0.5.0-SNAPSHOT/hadoop-ozone-s3gateway-0.5.0-SNAPSHOT.jar:/home/user/.m2/repository/org/jboss/weld/servlet/weld-servlet/2.4.7.Final/weld-servlet-2.4.7.Final.jar:/home/user/.m2/repository/org/glassfish/jersey/containers/jersey-container-servlet-core/2.27/jersey-container-servlet-core-2.27.jar:/home/user/.m2/repository/org/glassfish/hk2/external/javax.inject/2.5.0-b42/javax.inject-2.5.0-b42.jar:/home/user/.m2/repository/org/glassfish/jersey/core/jersey-common/2.27/jersey-common-2.27.jar:/home/user/.m2/repository/org/glassfish/hk2/osgi-resource-locator/1.0.1/osgi-resource-locator-1.0.1.jar:/home/user/.m2/repository/javax/ws/rs/javax.ws.rs-api/2.1/javax.ws.rs-api-2.1.jar:/home/user/.m2/repository/org/glassfish/jersey/ext/cdi/jersey-cdi1x/2.27/jersey-cdi1x-2.27.jar:/home/user/.m2/repository/org/glassfish/jersey/inject/jersey-hk2/2.27/jersey-hk2-2.27.jar:/home/user/.m2/repository/org/glassfish/hk2/hk2-locator/2.5.0-b42/hk2-locator-2.5.0-b42.jar:/home/user/.m2/repository/org/javassist/javassist/3.22.0-CR2/javassist-3.22.0-CR2.jar:/home/user/.m2/repository/org/glassfish/hk2/hk2-api/2.5.0/hk2-api-2.5.0.jar:/home/user/.m2/repository/org/glassfish/hk2/external/jakarta.inject/2.5.0/jakarta.inject-2.5.0.jar:/home/user/.m2/repository/org/glassfish/hk2/hk2-utils/2.5.0/hk2-utils-2.5.0.jar:/home/user/.m2/repository/jakarta/annotation/jakarta.annotation-api/1.3.4/jakarta.annotation-api-1.3.4.jar:/home/user/.m2/repository/org/glassfish/hk2/external/aopalliance-repackaged/2.5.0/aopalliance-repackaged-2.5.0.jar:/home/user/.m2/repository/com/fasterxml/jackson/dataformat/jackson-dataformat-xml/2.9.0/jackson-dataformat-xml-2.9.0.jar:/home/user/.m2/repository/com/fasterxml/jackson/core/jackson-core/2.9.9/jackson-core-2.9.9.jar:/home/user/.m2/repository/com/fasterxml/jackson/module/jackson-module-jaxb-annotations/2.9.9/jackson-module-jaxb-annotations-2.9.9.jar:/home/user/.m2/repository/javax/enterprise/cdi-api/1.2/cdi-api-1.2.jar:/home/user/.m2/repository/javax/el/javax.el-api/3.0.0/javax.el-api-3.0.0.jar:/home/user/.m2/repository/javax/interceptor/javax.interceptor-api/1.2/javax.interceptor-api-1.2.jar:/home/user/.m2/repository/javax/inject/javax.inject/1/javax.inject-1.jar:/home/user/.m2/repository/com/sun/xml/bind/jaxb-impl/2.3.0.1/jaxb-impl-2.3.0.1.jar:/home/user/.m2/repository/com/sun/xml/bind/jaxb-core/2.3.0.1/jaxb-core-2.3.0.1.jar:/home/user/.m2/repository/javax/xml/bind/jaxb-api/2.3.0/jaxb-api-2.3.0.jar:/home/user/.m2/repository/javax/activation/activation/1.1.1/activation-1.1.1.jar:/home/user/.m2/repository/org/apache/hadoop/hadoop-ozone-csi/0.5.0-SNAPSHOT/hadoop-ozone-csi-0.5.0-SNAPSHOT.jar:/home/user/.m2/repository/com/google/protobuf/protobuf-java-util/3.5.1/protobuf-java-util-3.5.1.jar:/home/user/.m2/repository/org/apache/hadoop/hadoop-hdds-config/0.5.0-SNAPSHOT/hadoop-hdds-config-0.5.0-SNAPSHOT.jar:/home/user/.m2/repository/io/grpc/grpc-netty/1.17.1/grpc-netty-1.17.1.jar:/home/user/.m2/repository/io/grpc/grpc-core/1.17.1/grpc-core-1.17.1.jar:/home/user/.m2/repository/io/grpc/grpc-context/1.17.1/grpc-context-1.17.1.jar:/home/user/.m2/repository/com/google/errorprone/error_prone_annotations/2.2.0/error_prone_annotations-2.2.0.jar:/home/user/.m2/repository/org/codehaus/mojo/animal-sniffer-annotations/1.17/animal-sniffer-annotations-1.17.jar:/home/user/.m2/repository/io/opencensus/opencensus-api/0.17.0/opencensus-api-0.17.0.jar:/home/user/.m2/repository/io/opencensus/opencensus-contrib-grpc-metrics/0.17.0/opencensus-contrib-grpc-metrics-0.17.0.jar:/home/user/.m2/repository/io/netty/netty-codec-http2/4.1.30.Final/netty-codec-http2-4.1.30.Final.jar:/home/user/.m2/repository/io/netty/netty-codec-http/4.1.30.Final/netty-codec-http-4.1.30.Final.jar:/home/user/.m2/repository/io/netty/netty-codec/4.1.30.Final/netty-codec-4.1.30.Final.jar:/home/user/.m2/repository/io/netty/netty-handler/4.1.30.Final/netty-handler-4.1.30.Final.jar:/home/user/.m2/repository/io/netty/netty-handler-proxy/4.1.30.Final/netty-handler-proxy-4.1.30.Final.jar:/home/user/.m2/repository/io/netty/netty-codec-socks/4.1.30.Final/netty-codec-socks-4.1.30.Final.jar:/home/user/.m2/repository/io/netty/netty-transport-native-epoll/4.1.30.Final/netty-transport-native-epoll-4.1.30.Final.jar:/home/user/.m2/repository/io/netty/netty-common/4.1.30.Final/netty-common-4.1.30.Final.jar:/home/user/.m2/repository/io/netty/netty-buffer/4.1.30.Final/netty-buffer-4.1.30.Final.jar:/home/user/.m2/repository/io/netty/netty-transport/4.1.30.Final/netty-transport-4.1.30.Final.jar:/home/user/.m2/repository/io/netty/netty-resolver/4.1.30.Final/netty-resolver-4.1.30.Final.jar:/home/user/.m2/repository/io/netty/netty-transport-native-unix-common/4.1.30.Final/netty-transport-native-unix-common-4.1.30.Final.jar:/home/user/.m2/repository/io/grpc/grpc-protobuf/1.17.1/grpc-protobuf-1.17.1.jar:/home/user/.m2/repository/com/google/api/grpc/proto-google-common-protos/1.0.0/proto-google-common-protos-1.0.0.jar:/home/user/.m2/repository/io/grpc/grpc-protobuf-lite/1.17.1/grpc-protobuf-lite-1.17.1.jar:/home/user/.m2/repository/io/grpc/grpc-stub/1.17.1/grpc-stub-1.17.1.jar:/home/user/.m2/repository/org/apache/hadoop/hadoop-ozone-recon/0.5.0-SNAPSHOT/hadoop-ozone-recon-0.5.0-SNAPSHOT.jar:/home/user/.m2/repository/org/apache/hadoop/hadoop-ozone-reconcodegen/0.5.0-SNAPSHOT/hadoop-ozone-reconcodegen-0.5.0-SNAPSHOT.jar:/home/user/.m2/repository/com/google/inject/extensions/guice-multibindings/4.0/guice-multibindings-4.0.jar:/home/user/.m2/repository/com/google/inject/guice/4.0/guice-4.0.jar:/home/user/.m2/repository/aopalliance/aopalliance/1.0/aopalliance-1.0.jar:/home/user/.m2/repository/com/google/inject/extensions/guice-servlet/4.0/guice-servlet-4.0.jar:/home/user/.m2/repository/org/glassfish/jersey/containers/jersey-container-servlet/2.27/jersey-container-servlet-2.27.jar:/home/user/.m2/repository/org/glassfish/hk2/guice-bridge/2.5.0/guice-bridge-2.5.0.jar:/home/user/.m2/repository/org/glassfish/jersey/core/jersey-server/2.27/jersey-server-2.27.jar:/home/user/.m2/repository/org/glassfish/jersey/core/jersey-client/2.27/jersey-client-2.27.jar:/home/user/.m2/repository/org/glassfish/jersey/media/jersey-media-jaxb/2.27/jersey-media-jaxb-2.27.jar:/home/user/.m2/repository/javax/validation/validation-api/1.1.0.Final/validation-api-1.1.0.Final.jar:/home/user/.m2/repository/org/glassfish/jersey/media/jersey-media-json-jackson/2.27/jersey-media-json-jackson-2.27.jar:/home/user/.m2/repository/org/glassfish/jersey/ext/jersey-entity-filtering/2.27/jersey-entity-filtering-2.27.jar:/home/user/.m2/repository/com/google/inject/extensions/guice-assistedinject/4.0/guice-assistedinject-4.0.jar:/home/user/.m2/repository/org/jooq/jooq/3.11.10/jooq-3.11.10.jar:/home/user/.m2/repository/org/jooq/jooq-meta/3.11.10/jooq-meta-3.11.10.jar:/home/user/.m2/repository/org/jooq/jooq-codegen/3.11.10/jooq-codegen-3.11.10.jar:/home/user/.m2/repository/com/jolbox/bonecp/0.8.0.RELEASE/bonecp-0.8.0.RELEASE.jar:/home/user/.m2/repository/org/xerial/sqlite-jdbc/3.25.2/sqlite-jdbc-3.25.2.jar:/home/user/.m2/repository/org/springframework/spring-jdbc/5.1.3.RELEASE/spring-jdbc-5.1.3.RELEASE.jar:/home/user/.m2/repository/org/springframework/spring-beans/5.1.3.RELEASE/spring-beans-5.1.3.RELEASE.jar:/home/user/.m2/repository/org/springframework/spring-core/5.1.3.RELEASE/spring-core-5.1.3.RELEASE.jar:/home/user/.m2/repository/org/springframework/spring-jcl/5.1.3.RELEASE/spring-jcl-5.1.3.RELEASE.jar:/home/user/.m2/repository/org/springframework/spring-tx/5.1.3.RELEASE/spring-tx-5.1.3.RELEASE.jar:/home/user/.m2/repository/org/apache/hadoop/hadoop-ozone-client/0.5.0-SNAPSHOT/hadoop-ozone-client-0.5.0-SNAPSHOT.jar:/home/user/.m2/repository/commons-lang/commons-lang/2.6/commons-lang-2.6.jar:/home/user/.m2/repository/org/apache/hadoop/hadoop-ozone-ozone-manager/0.5.0-SNAPSHOT/hadoop-ozone-ozone-manager-0.5.0-SNAPSHOT-tests.jar:/home/user/.m2/repository/junit/junit/4.11/junit-4.11.jar:/home/user/.m2/repository/org/hamcrest/hamcrest-core/1.3/hamcrest-core-1.3.jar:/home/user/.m2/repository/org/openjdk/jmh/jmh-core/1.19/jmh-core-1.19.jar:/home/user/.m2/repository/net/sf/jopt-simple/jopt-simple/4.6/jopt-simple-4.6.jar:/home/user/.m2/repository/org/apache/commons/commons-math3/3.1.1/commons-math3-3.1.1.jar:/home/user/.m2/repository/org/openjdk/jmh/jmh-generator-annprocess/1.19/jmh-generator-annprocess-1.19.jar:/home/user/.m2/repository/org/mockito/mockito-all/1.8.5/mockito-all-1.8.5.jar:/home/user/.m2/repository/org/apache/hadoop/hadoop-kms/3.2.0/hadoop-kms-3.2.0.jar:/home/user/.m2/repository/org/apache/hadoop/hadoop-auth/3.2.0/hadoop-auth-3.2.0.jar:/home/user/.m2/repository/com/nimbusds/nimbus-jose-jwt/4.41.1/nimbus-jose-jwt-4.41.1.jar:/home/user/.m2/repository/com/github/stephenc/jcip/jcip-annotations/1.0-1/jcip-annotations-1.0-1.jar:/home/user/.m2/repository/net/minidev/json-smart/2.3/json-smart-2.3.jar:/home/user/.m2/repository/net/minidev/accessors-smart/1.2/accessors-smart-1.2.jar:/home/user/.m2/repository/org/ow2/asm/asm/5.0.4/asm-5.0.4.jar:/home/user/.m2/repository/org/apache/curator/curator-framework/2.12.0/curator-framework-2.12.0.jar:/home/user/.m2/repository/com/sun/jersey/jersey-core/1.19/jersey-core-1.19.jar:/home/user/.m2/repository/javax/ws/rs/jsr311-api/1.1.1/jsr311-api-1.1.1.jar:/home/user/.m2/repository/com/sun/jersey/jersey-server/1.19/jersey-server-1.19.jar:/home/user/.m2/repository/javax/servlet/javax.servlet-api/3.1.0/javax.servlet-api-3.1.0.jar:/home/user/.m2/repository/org/eclipse/jetty/jetty-server/9.3.25.v20180904/jetty-server-9.3.25.v20180904.jar:/home/user/.m2/repository/org/eclipse/jetty/jetty-http/9.3.25.v20180904/jetty-http-9.3.25.v20180904.jar:/home/user/.m2/repository/org/eclipse/jetty/jetty-io/9.3.25.v20180904/jetty-io-9.3.25.v20180904.jar:/home/user/.m2/repository/org/eclipse/jetty/jetty-webapp/9.3.25.v20180904/jetty-webapp-9.3.25.v20180904.jar:/home/user/.m2/repository/org/eclipse/jetty/jetty-xml/9.3.25.v20180904/jetty-xml-9.3.25.v20180904.jar:/home/user/.m2/repository/log4j/log4j/1.2.17/log4j-1.2.17.jar:/home/user/.m2/repository/org/slf4j/slf4j-api/1.7.25/slf4j-api-1.7.25.jar:/home/user/.m2/repository/org/slf4j/jul-to-slf4j/1.7.25/jul-to-slf4j-1.7.25.jar:/home/user/.m2/repository/org/eclipse/jetty/jetty-util/9.3.25.v20180904/jetty-util-9.3.25.v20180904.jar:/home/user/.m2/repository/com/fasterxml/jackson/core/jackson-databind/2.9.9/jackson-databind-2.9.9.jar:/home/user/.m2/repository/org/apache/hadoop/hadoop-kms/3.2.0/hadoop-kms-3.2.0-tests.jar:/home/user/.m2/repository/org/apache/hadoop/hadoop-hdds-server-scm/0.5.0-SNAPSHOT/hadoop-hdds-server-scm-0.5.0-SNAPSHOT-tests.jar:/home/user/.m2/repository/org/apache/hadoop/hadoop-hdds-container-service/0.5.0-SNAPSHOT/hadoop-hdds-container-service-0.5.0-SNAPSHOT-tests.jar:/home/user/.m2/repository/org/yaml/snakeyaml/1.16/snakeyaml-1.16.jar:/home/user/.m2/repository/org/apache/hadoop/hadoop-common/3.2.0/hadoop-common-3.2.0-tests.jar:/home/user/.m2/repository/org/apache/hadoop/hadoop-annotations/3.2.0/hadoop-annotations-3.2.0.jar:/usr/lib/jvm/java-1.8.0-openjdk-1.8.0.222.b10-1.el7_7.x86_64/jre/../lib/tools.jar:/home/user/.m2/repository/commons-cli/commons-cli/1.2/commons-cli-1.2.jar:/home/user/.m2/repository/org/apache/httpcomponents/httpclient/4.5.2/httpclient-4.5.2.jar:/home/user/.m2/repository/org/apache/httpcomponents/httpcore/4.4.4/httpcore-4.4.4.jar:/home/user/.m2/repository/commons-codec/commons-codec/1.11/commons-codec-1.11.jar:/home/user/.m2/repository/commons-net/commons-net/3.6/commons-net-3.6.jar:/home/user/.m2/repository/commons-collections/commons-collections/3.2.2/commons-collections-3.2.2.jar:/home/user/.m2/repository/org/eclipse/jetty/jetty-servlet/9.3.25.v20180904/jetty-servlet-9.3.25.v20180904.jar:/home/user/.m2/repository/org/eclipse/jetty/jetty-security/9.3.25.v20180904/jetty-security-9.3.25.v20180904.jar:/home/user/.m2/repository/javax/servlet/jsp/jsp-api/2.1/jsp-api-2.1.jar:/home/user/.m2/repository/com/sun/jersey/jersey-servlet/1.19/jersey-servlet-1.19.jar:/home/user/.m2/repository/com/sun/jersey/jersey-json/1.19/jersey-json-1.19.jar:/home/user/.m2/repository/org/codehaus/jettison/jettison/1.1/jettison-1.1.jar:/home/user/.m2/repository/org/codehaus/jackson/jackson-core-asl/1.9.13/jackson-core-asl-1.9.13.jar:/home/user/.m2/repository/org/codehaus/jackson/jackson-mapper-asl/1.9.13/jackson-mapper-asl-1.9.13.jar:/home/user/.m2/repository/org/codehaus/jackson/jackson-jaxrs/1.9.13/jackson-jaxrs-1.9.13.jar:/home/user/.m2/repository/org/codehaus/jackson/jackson-xc/1.9.13/jackson-xc-1.9.13.jar:/home/user/.m2/repository/commons-logging/commons-logging/1.1.3/commons-logging-1.1.3.jar:/home/user/.m2/repository/commons-beanutils/commons-beanutils/1.9.4/commons-beanutils-1.9.4.jar:/home/user/.m2/repository/org/apache/commons/commons-configuration2/2.1.1/commons-configuration2-2.1.1.jar:/home/user/.m2/repository/org/apache/commons/commons-lang3/3.7/commons-lang3-3.7.jar:/home/user/.m2/repository/org/apache/commons/commons-text/1.4/commons-text-1.4.jar:/home/user/.m2/repository/org/apache/avro/avro/1.7.7/avro-1.7.7.jar:/home/user/.m2/repository/com/thoughtworks/paranamer/paranamer/2.3/paranamer-2.3.jar:/home/user/.m2/repository/org/xerial/snappy/snappy-java/1.0.5/snappy-java-1.0.5.jar:/home/user/.m2/repository/com/google/re2j/re2j/1.1/re2j-1.1.jar:/home/user/.m2/repository/com/google/code/gson/gson/2.2.4/gson-2.2.4.jar:/home/user/.m2/repository/com/jcraft/jsch/0.1.54/jsch-0.1.54.jar:/home/user/.m2/repository/org/apache/curator/curator-client/2.12.0/curator-client-2.12.0.jar:/home/user/.m2/repository/org/apache/curator/curator-recipes/2.12.0/curator-recipes-2.12.0.jar:/home/user/.m2/repository/com/google/code/findbugs/jsr305/3.0.0/jsr305-3.0.0.jar:/home/user/.m2/repository/org/apache/htrace/htrace-core4/4.1.0-incubating/htrace-core4-4.1.0-incubating.jar:/home/user/.m2/repository/org/apache/zookeeper/zookeeper/3.4.13/zookeeper-3.4.13.jar:/home/user/.m2/repository/jline/jline/0.9.94/jline-0.9.94.jar:/home/user/.m2/repository/org/apache/yetus/audience-annotations/0.5.0/audience-annotations-0.5.0.jar:/home/user/.m2/repository/org/codehaus/woodstox/stax2-api/3.1.4/stax2-api-3.1.4.jar:/home/user/.m2/repository/com/fasterxml/woodstox/woodstox-core/5.0.3/woodstox-core-5.0.3.jar:/home/user/.m2/repository/dnsjava/dnsjava/2.1.7/dnsjava-2.1.7.jar:/home/user/.m2/repository/org/apache/hadoop/hadoop-hdfs/3.2.0/hadoop-hdfs-3.2.0-tests.jar:/home/user/.m2/repository/org/eclipse/jetty/jetty-util-ajax/9.3.25.v20180904/jetty-util-ajax-9.3.25.v20180904.jar:/home/user/.m2/repository/commons-daemon/commons-daemon/1.0.13/commons-daemon-1.0.13.jar:/home/user/.m2/repository/io/netty/netty/3.10.5.Final/netty-3.10.5.Final.jar:/home/user/.m2/repository/io/netty/netty-all/4.0.52.Final/netty-all-4.0.52.Final.jar:/home/user/.m2/repository/org/fusesource/leveldbjni/leveldbjni-all/1.8/leveldbjni-all-1.8.jar:"/>
    <property name="sun.cpu.endian" value="little"/>
    <property name="user.home" value="/home/user"/>
    <property name="user.language" value="en"/>
    <property name="java.specification.vendor" value="Oracle Corporation"/>
    <property name="java.home" value="/usr/lib/jvm/java-1.8.0-openjdk-1.8.0.222.b10-1.el7_7.x86_64/jre"/>
    <property name="surefire.excludesFile" value="/tools/ozone-bad-unit-tests"/>
    <property name="java.security.krb5.conf" value="/workdir/hadoop-ozone/integration-test/target/test-classes/krb5.conf"/>
    <property name="basedir" value="/workdir/hadoop-ozone/integration-test"/>
    <property name="file.separator" value="/"/>
    <property name="line.separator" value="&#10;"/>
    <property name="java.vm.specification.vendor" value="Oracle Corporation"/>
    <property name="java.specification.name" value="Java Platform API Specification"/>
    <property name="java.awt.graphicsenv" value="sun.awt.X11GraphicsEnvironment"/>
    <property name="surefire.real.class.path" value="/workdir/hadoop-ozone/integration-test/target/surefire/surefirebooter1937915268834350306.jar"/>
    <property name="hadoop.log.dir" value="/workdir/hadoop-ozone/integration-test/target/log"/>
    <property name="sun.boot.class.path" value="/usr/lib/jvm/java-1.8.0-openjdk-1.8.0.222.b10-1.el7_7.x86_64/jre/lib/resources.jar:/usr/lib/jvm/java-1.8.0-openjdk-1.8.0.222.b10-1.el7_7.x86_64/jre/lib/rt.jar:/usr/lib/jvm/java-1.8.0-openjdk-1.8.0.222.b10-1.el7_7.x86_64/jre/lib/sunrsasign.jar:/usr/lib/jvm/java-1.8.0-openjdk-1.8.0.222.b10-1.el7_7.x86_64/jre/lib/jsse.jar:/usr/lib/jvm/java-1.8.0-openjdk-1.8.0.222.b10-1.el7_7.x86_64/jre/lib/jce.jar:/usr/lib/jvm/java-1.8.0-openjdk-1.8.0.222.b10-1.el7_7.x86_64/jre/lib/charsets.jar:/usr/lib/jvm/java-1.8.0-openjdk-1.8.0.222.b10-1.el7_7.x86_64/jre/lib/jfr.jar:/usr/lib/jvm/java-1.8.0-openjdk-1.8.0.222.b10-1.el7_7.x86_64/jre/classes"/>
    <property name="sun.management.compiler" value="HotSpot 64-Bit Tiered Compilers"/>
    <property name="java.runtime.version" value="1.8.0_222-b10"/>
    <property name="java.net.preferIPv4Stack" value="true"/>
    <property name="user.name" value="jenkins1000"/>
    <property name="path.separator" value=":"/>
    <property name="java.security.egd" value="file:///dev/urandom"/>
    <property name="os.version" value="3.10.0-957.12.2.el7.x86_64"/>
    <property name="java.endorsed.dirs" value="/usr/lib/jvm/java-1.8.0-openjdk-1.8.0.222.b10-1.el7_7.x86_64/jre/lib/endorsed"/>
    <property name="java.runtime.name" value="OpenJDK Runtime Environment"/>
    <property name="file.encoding" value="ANSI_X3.4-1968"/>
    <property name="java.vm.name" value="OpenJDK 64-Bit Server VM"/>
    <property name="test.build.webapps" value=""/>
    <property name="localRepository" value="/home/user/.m2/repository"/>
    <property name="java.vendor.url.bug" value="http://bugreport.sun.com/bugreport/"/>
    <property name="java.io.tmpdir" value="/tmp"/>
    <property name="require.test.libhadoop" value=""/>
    <property name="java.version" value="1.8.0_222"/>
    <property name="user.dir" value="/workdir/hadoop-ozone/integration-test"/>
    <property name="os.arch" value="amd64"/>
    <property name="java.vm.specification.name" value="Java Virtual Machine Specification"/>
    <property name="test.build.classes" value="/workdir/hadoop-ozone/integration-test/target/test-classes"/>
    <property name="java.awt.printerjob" value="sun.print.PSPrinterJob"/>
    <property name="sun.os.patch.level" value="unknown"/>
    <property name="hadoop.tmp.dir" value="/workdir/hadoop-ozone/integration-test/target/tmp"/>
    <property name="java.library.path" value="/usr/lib:/workdir/hadoop-ozone/integration-test/target/native/target/usr/local/lib:/workdir/hadoop-ozone/integration-test/../../hadoop-common-project/hadoop-common/target/native/target/usr/local/lib:/usr/java/packages/lib/amd64:/usr/lib64:/lib64:/lib:/usr/lib"/>
    <property name="java.vm.info" value="mixed mode"/>
    <property name="java.vendor" value="Oracle Corporation"/>
    <property name="java.vm.version" value="25.222-b10"/>
    <property name="java.ext.dirs" value="/usr/lib/jvm/java-1.8.0-openjdk-1.8.0.222.b10-1.el7_7.x86_64/jre/lib/ext:/usr/java/packages/lib/ext"/>
    <property name="sun.io.unicode.encoding" value="UnicodeLittle"/>
    <property name="java.class.version" value="52.0"/>
  </properties>
  <testcase name="testMultiBlockWritesWithIntermittentDnFailures" classname="org.apache.hadoop.ozone.client.rpc.TestMultiBlockWritesWithDnFailures" time="49.113">
    <failure message="expected:&lt;6&gt; but was:&lt;3&gt;" type="java.lang.AssertionError"><![CDATA[java.lang.AssertionError: expected:<6> but was:<3>
	at org.junit.Assert.fail(Assert.java:88)
	at org.junit.Assert.failNotEquals(Assert.java:743)
	at org.junit.Assert.assertEquals(Assert.java:118)
	at org.junit.Assert.assertEquals(Assert.java:555)
	at org.junit.Assert.assertEquals(Assert.java:542)
	at org.apache.hadoop.ozone.client.rpc.TestMultiBlockWritesWithDnFailures.testMultiBlockWritesWithIntermittentDnFailures(TestMultiBlockWritesWithDnFailures.java:176)
	at sun.reflect.NativeMethodAccessorImpl.invoke0(Native Method)
	at sun.reflect.NativeMethodAccessorImpl.invoke(NativeMethodAccessorImpl.java:62)
	at sun.reflect.DelegatingMethodAccessorImpl.invoke(DelegatingMethodAccessorImpl.java:43)
	at java.lang.reflect.Method.invoke(Method.java:498)
	at org.junit.runners.model.FrameworkMethod$1.runReflectiveCall(FrameworkMethod.java:47)
	at org.junit.internal.runners.model.ReflectiveCallable.run(ReflectiveCallable.java:12)
	at org.junit.runners.model.FrameworkMethod.invokeExplosively(FrameworkMethod.java:44)
	at org.junit.internal.runners.statements.InvokeMethod.evaluate(InvokeMethod.java:17)
	at org.junit.internal.runners.statements.RunAfters.evaluate(RunAfters.java:27)
	at org.junit.runners.ParentRunner.runLeaf(ParentRunner.java:271)
	at org.junit.runners.BlockJUnit4ClassRunner.runChild(BlockJUnit4ClassRunner.java:70)
	at org.junit.runners.BlockJUnit4ClassRunner.runChild(BlockJUnit4ClassRunner.java:50)
	at org.junit.runners.ParentRunner$3.run(ParentRunner.java:238)
	at org.junit.runners.ParentRunner$1.schedule(ParentRunner.java:63)
	at org.junit.runners.ParentRunner.runChildren(ParentRunner.java:236)
	at org.junit.runners.ParentRunner.access$000(ParentRunner.java:53)
	at org.junit.runners.ParentRunner$2.evaluate(ParentRunner.java:229)
	at org.junit.runners.ParentRunner.run(ParentRunner.java:309)
	at org.apache.maven.surefire.junit4.JUnit4Provider.execute(JUnit4Provider.java:365)
	at org.apache.maven.surefire.junit4.JUnit4Provider.executeWithRerun(JUnit4Provider.java:273)
	at org.apache.maven.surefire.junit4.JUnit4Provider.executeTestSet(JUnit4Provider.java:238)
	at org.apache.maven.surefire.junit4.JUnit4Provider.invoke(JUnit4Provider.java:159)
	at org.apache.maven.surefire.booter.ForkedBooter.invokeProviderInSameClassLoader(ForkedBooter.java:384)
	at org.apache.maven.surefire.booter.ForkedBooter.runSuitesInProcess(ForkedBooter.java:345)
	at org.apache.maven.surefire.booter.ForkedBooter.execute(ForkedBooter.java:126)
	at org.apache.maven.surefire.booter.ForkedBooter.main(ForkedBooter.java:418)
]]></failure>
    <system-out><![CDATA[2019-10-19 01:04:16,214 [main] WARN  server.ServerUtils (ServerUtils.java:getScmDbDir(145)) - ozone.scm.db.dirs is not configured. We recommend adding this setting. Falling back to ozone.metadata.dirs instead.
2019-10-19 01:04:16,334 [main] WARN  server.ServerUtils (ServerUtils.java:getScmDbDir(145)) - ozone.scm.db.dirs is not configured. We recommend adding this setting. Falling back to ozone.metadata.dirs instead.
2019-10-19 01:04:16,337 [main] WARN  server.ServerUtils (ServerUtils.java:getScmDbDir(145)) - ozone.scm.db.dirs is not configured. We recommend adding this setting. Falling back to ozone.metadata.dirs instead.
2019-10-19 01:04:16,362 [main] INFO  util.log (Log.java:initialized(192)) - Logging initialized @918ms
2019-10-19 01:04:16,455 [main] INFO  db.DBStoreBuilder (DBStoreBuilder.java:addTable(127)) - using custom profile for table: deletedBlocks
2019-10-19 01:04:16,455 [main] INFO  db.DBStoreBuilder (DBStoreBuilder.java:processTables(183)) - Using default column profile:DBProfile.DISK for Table:deletedBlocks
2019-10-19 01:04:16,455 [main] INFO  db.DBStoreBuilder (DBStoreBuilder.java:addTable(127)) - using custom profile for table: validCerts
2019-10-19 01:04:16,455 [main] INFO  db.DBStoreBuilder (DBStoreBuilder.java:processTables(183)) - Using default column profile:DBProfile.DISK for Table:validCerts
2019-10-19 01:04:16,456 [main] INFO  db.DBStoreBuilder (DBStoreBuilder.java:addTable(127)) - using custom profile for table: revokedCerts
2019-10-19 01:04:16,456 [main] INFO  db.DBStoreBuilder (DBStoreBuilder.java:processTables(183)) - Using default column profile:DBProfile.DISK for Table:revokedCerts
2019-10-19 01:04:16,467 [main] INFO  db.DBStoreBuilder (DBStoreBuilder.java:addTable(127)) - using custom profile for table: default
2019-10-19 01:04:16,467 [main] INFO  db.DBStoreBuilder (DBStoreBuilder.java:processTables(189)) - Using default column profile:DBProfile.DISK for Table:default
2019-10-19 01:04:16,468 [main] INFO  db.DBStoreBuilder (DBStoreBuilder.java:getDbProfile(220)) - Using default options. DBProfile.DISK
2019-10-19 01:04:16,772 [main] INFO  net.NodeSchemaLoader (NodeSchemaLoader.java:loadSchemaFromFile(125)) - Loading file from sun.misc.CompoundEnumeration@6b2ea799
2019-10-19 01:04:16,774 [main] INFO  net.NodeSchemaLoader (NodeSchemaLoader.java:loadSchema(171)) - Loading network topology layer schema file
2019-10-19 01:04:16,831 [main] INFO  node.SCMNodeManager (SCMNodeManager.java:<init>(116)) - Entering startup safe mode.
2019-10-19 01:04:16,890 [main] INFO  algorithms.ContainerPlacementPolicyFactory (ContainerPlacementPolicyFactory.java:getPolicy(57)) - Create container placement policy of type org.apache.hadoop.hdds.scm.container.placement.algorithms.SCMContainerPlacementRandom
2019-10-19 01:04:16,903 [main] WARN  server.ServerUtils (ServerUtils.java:getScmDbDir(145)) - ozone.scm.db.dirs is not configured. We recommend adding this setting. Falling back to ozone.metadata.dirs instead.
2019-10-19 01:04:17,011 [main] INFO  pipeline.SCMPipelineManager (SCMPipelineManager.java:initializePipelineState(132)) - No pipeline exists in current db
2019-10-19 01:04:17,014 [main] WARN  server.ServerUtils (ServerUtils.java:getScmDbDir(145)) - ozone.scm.db.dirs is not configured. We recommend adding this setting. Falling back to ozone.metadata.dirs instead.
2019-10-19 01:04:17,140 [main] WARN  events.EventQueue (EventQueue.java:fireEvent(183)) - No event handler registered for event TypedEvent{payloadType=SafeModeStatus, name='SafeModeStatus'}
2019-10-19 01:04:17,470 [main] INFO  ipc.CallQueueManager (CallQueueManager.java:<init>(84)) - Using callQueue: class java.util.concurrent.LinkedBlockingQueue, queueCapacity: 2000, scheduler: class org.apache.hadoop.ipc.DefaultRpcScheduler, ipcBackoff: false.
2019-10-19 01:04:17,493 [Socket Reader #1 for port 46201] INFO  ipc.Server (Server.java:run(1074)) - Starting Socket Reader #1 for port 46201
2019-10-19 01:04:17,610 [main] INFO  ipc.CallQueueManager (CallQueueManager.java:<init>(84)) - Using callQueue: class java.util.concurrent.LinkedBlockingQueue, queueCapacity: 2000, scheduler: class org.apache.hadoop.ipc.DefaultRpcScheduler, ipcBackoff: false.
2019-10-19 01:04:17,611 [Socket Reader #1 for port 43955] INFO  ipc.Server (Server.java:run(1074)) - Starting Socket Reader #1 for port 43955
2019-10-19 01:04:17,621 [main] INFO  ipc.CallQueueManager (CallQueueManager.java:<init>(84)) - Using callQueue: class java.util.concurrent.LinkedBlockingQueue, queueCapacity: 2000, scheduler: class org.apache.hadoop.ipc.DefaultRpcScheduler, ipcBackoff: false.
2019-10-19 01:04:17,621 [Socket Reader #1 for port 37786] INFO  ipc.Server (Server.java:run(1074)) - Starting Socket Reader #1 for port 37786
2019-10-19 01:04:17,647 [main] INFO  hdfs.DFSUtil (DFSUtil.java:httpServerTemplateForNNAndJN(1641)) - Starting Web-server for scm at: http://0.0.0.0:0
2019-10-19 01:04:17,818 [main] INFO  server.AuthenticationFilter (AuthenticationFilter.java:constructSecretProvider(240)) - Unable to initialize FileSignerSecretProvider, falling back to use random secrets.
2019-10-19 01:04:17,827 [main] WARN  http.HttpRequestLog (HttpRequestLog.java:getRequestLog(97)) - Jetty request log can only be enabled using Log4j
2019-10-19 01:04:17,836 [main] INFO  http.HttpServer2 (HttpServer2.java:addGlobalFilter(975)) - Added global filter 'safety' (class=org.apache.hadoop.http.HttpServer2$QuotingInputFilter)
2019-10-19 01:04:17,839 [main] INFO  http.HttpServer2 (HttpServer2.java:addFilter(948)) - Added filter static_user_filter (class=org.apache.hadoop.http.lib.StaticUserWebFilter$StaticUserFilter) to context scm
2019-10-19 01:04:17,839 [main] INFO  http.HttpServer2 (HttpServer2.java:addFilter(958)) - Added filter static_user_filter (class=org.apache.hadoop.http.lib.StaticUserWebFilter$StaticUserFilter) to context logs
2019-10-19 01:04:17,839 [main] INFO  http.HttpServer2 (HttpServer2.java:addFilter(958)) - Added filter static_user_filter (class=org.apache.hadoop.http.lib.StaticUserWebFilter$StaticUserFilter) to context static
2019-10-19 01:04:17,873 [main] INFO  server.StorageContainerManager (StorageContainerManager.java:start(772)) - StorageContainerLocationProtocol RPC server is listening at /0.0.0.0:37786
2019-10-19 01:04:17,940 [main] WARN  impl.MetricsConfig (MetricsConfig.java:loadFirst(134)) - Cannot locate configuration: tried hadoop-metrics2-storagecontainermanager.properties,hadoop-metrics2.properties
2019-10-19 01:04:17,953 [main] INFO  impl.MetricsSystemImpl (MetricsSystemImpl.java:startTimer(374)) - Scheduled Metric snapshot period at 10 second(s).
2019-10-19 01:04:17,954 [main] INFO  impl.MetricsSystemImpl (MetricsSystemImpl.java:start(191)) - StorageContainerManager metrics system started
2019-10-19 01:04:18,181 [main] INFO  server.SCMClientProtocolServer (SCMClientProtocolServer.java:start(159)) - RPC server for Client  is listening at /0.0.0.0:37786
2019-10-19 01:04:18,182 [IPC Server Responder] INFO  ipc.Server (Server.java:run(1314)) - IPC Server Responder: starting
2019-10-19 01:04:18,182 [IPC Server listener on 37786] INFO  ipc.Server (Server.java:run(1153)) - IPC Server listener on 37786: starting
2019-10-19 01:04:18,184 [main] INFO  server.StorageContainerManager (StorageContainerManager.java:start(782)) - ScmBlockLocationProtocol RPC server is listening at /0.0.0.0:43955
2019-10-19 01:04:18,185 [main] INFO  server.SCMBlockProtocolServer (SCMBlockProtocolServer.java:start(146)) - RPC server for Block Protocol is listening at /0.0.0.0:43955
2019-10-19 01:04:18,186 [IPC Server Responder] INFO  ipc.Server (Server.java:run(1314)) - IPC Server Responder: starting
2019-10-19 01:04:18,186 [IPC Server listener on 43955] INFO  ipc.Server (Server.java:run(1153)) - IPC Server listener on 43955: starting
2019-10-19 01:04:18,188 [main] INFO  server.StorageContainerManager (StorageContainerManager.java:start(786)) - ScmDatanodeProtocl RPC server is listening at /0.0.0.0:46201
2019-10-19 01:04:18,188 [main] INFO  server.SCMDatanodeProtocolServer (SCMDatanodeProtocolServer.java:start(169)) - RPC server for DataNodes is listening at /0.0.0.0:46201
2019-10-19 01:04:18,189 [IPC Server Responder] INFO  ipc.Server (Server.java:run(1314)) - IPC Server Responder: starting
2019-10-19 01:04:18,189 [IPC Server listener on 46201] INFO  ipc.Server (Server.java:run(1153)) - IPC Server listener on 46201: starting
2019-10-19 01:04:18,192 [main] INFO  http.HttpServer2 (HttpServer2.java:bindListener(1191)) - Jetty bound to port 45928
2019-10-19 01:04:18,194 [main] INFO  server.Server (Server.java:doStart(351)) - jetty-9.3.25.v20180904, build timestamp: 2018-09-04T21:11:46Z, git hash: 3ce520221d0240229c862b122d2b06c12a625732
2019-10-19 01:04:18,230 [main] INFO  handler.ContextHandler (ContextHandler.java:doStart(781)) - Started o.e.j.s.ServletContextHandler@340da44c{/logs,file:///workdir/hadoop-ozone/integration-test/target/log,AVAILABLE}
2019-10-19 01:04:18,231 [main] INFO  handler.ContextHandler (ContextHandler.java:doStart(781)) - Started o.e.j.s.ServletContextHandler@37052337{/static,file:///workdir/hadoop-ozone/integration-test/target/test-classes/webapps/static,AVAILABLE}
2019-10-19 01:04:18,262 [main] INFO  handler.ContextHandler (ContextHandler.java:doStart(781)) - Started o.e.j.w.WebAppContext@3b366632{/,file:///workdir/hadoop-ozone/integration-test/target/test-classes/webapps/scm/,AVAILABLE}{/scm}
2019-10-19 01:04:18,267 [main] INFO  server.AbstractConnector (AbstractConnector.java:doStart(278)) - Started ServerConnector@6815c5f2{HTTP/1.1,[http/1.1]}{0.0.0.0:45928}
2019-10-19 01:04:18,268 [main] INFO  server.Server (Server.java:doStart(419)) - Started @2825ms
2019-10-19 01:04:18,270 [main] INFO  impl.MetricsSinkAdapter (MetricsSinkAdapter.java:start(204)) - Sink prometheus started
2019-10-19 01:04:18,270 [main] INFO  impl.MetricsSystemImpl (MetricsSystemImpl.java:registerSink(301)) - Registered sink prometheus
2019-10-19 01:04:18,273 [main] INFO  server.BaseHttpServer (BaseHttpServer.java:updateConnectorAddress(215)) - HTTP server of SCM is listening at http://0.0.0.0:45928
2019-10-19 01:04:18,281 [org.apache.hadoop.util.JvmPauseMonitor$Monitor@4263b080] INFO  util.JvmPauseMonitor (JvmPauseMonitor.java:run(188)) - Starting JVM pause monitor
2019-10-19 01:04:18,286 [main] WARN  server.ServerUtils (ServerUtils.java:getDBPath(222)) - ozone.om.db.dirs is not configured. We recommend adding this setting. Falling back to ozone.metadata.dirs instead.
2019-10-19 01:04:18,407 [main] INFO  ha.OMHANodeDetails (OMHANodeDetails.java:loadOMHAConfig(190)) - Configuration either no ozone.om.address set. Falling back to the default OM address /127.0.0.1:0
2019-10-19 01:04:18,407 [main] INFO  ha.OMHANodeDetails (OMHANodeDetails.java:getOMNodeDetails(220)) - OM Service ID is not set. Setting it to the default ID: omServiceIdDefault
2019-10-19 01:04:18,409 [main] WARN  server.ServerUtils (ServerUtils.java:getDBPath(222)) - ozone.om.db.dirs is not configured. We recommend adding this setting. Falling back to ozone.metadata.dirs instead.
2019-10-19 01:04:18,410 [main] WARN  server.ServerUtils (ServerUtils.java:getDBPath(222)) - ozone.om.db.dirs is not configured. We recommend adding this setting. Falling back to ozone.metadata.dirs instead.
2019-10-19 01:04:19,074 [main] WARN  server.ServerUtils (ServerUtils.java:getDBPath(222)) - ozone.om.db.dirs is not configured. We recommend adding this setting. Falling back to ozone.metadata.dirs instead.
2019-10-19 01:04:19,084 [main] INFO  db.DBStoreBuilder (DBStoreBuilder.java:addTable(127)) - using custom profile for table: userTable
2019-10-19 01:04:19,084 [main] INFO  db.DBStoreBuilder (DBStoreBuilder.java:processTables(183)) - Using default column profile:DBProfile.DISK for Table:userTable
2019-10-19 01:04:19,085 [main] INFO  db.DBStoreBuilder (DBStoreBuilder.java:addTable(127)) - using custom profile for table: volumeTable
2019-10-19 01:04:19,085 [main] INFO  db.DBStoreBuilder (DBStoreBuilder.java:processTables(183)) - Using default column profile:DBProfile.DISK for Table:volumeTable
2019-10-19 01:04:19,085 [main] INFO  db.DBStoreBuilder (DBStoreBuilder.java:addTable(127)) - using custom profile for table: bucketTable
2019-10-19 01:04:19,086 [main] INFO  db.DBStoreBuilder (DBStoreBuilder.java:processTables(183)) - Using default column profile:DBProfile.DISK for Table:bucketTable
2019-10-19 01:04:19,086 [main] INFO  db.DBStoreBuilder (DBStoreBuilder.java:addTable(127)) - using custom profile for table: keyTable
2019-10-19 01:04:19,086 [main] INFO  db.DBStoreBuilder (DBStoreBuilder.java:processTables(183)) - Using default column profile:DBProfile.DISK for Table:keyTable
2019-10-19 01:04:19,087 [main] INFO  db.DBStoreBuilder (DBStoreBuilder.java:addTable(127)) - using custom profile for table: deletedTable
2019-10-19 01:04:19,087 [main] INFO  db.DBStoreBuilder (DBStoreBuilder.java:processTables(183)) - Using default column profile:DBProfile.DISK for Table:deletedTable
2019-10-19 01:04:19,087 [main] INFO  db.DBStoreBuilder (DBStoreBuilder.java:addTable(127)) - using custom profile for table: openKeyTable
2019-10-19 01:04:19,087 [main] INFO  db.DBStoreBuilder (DBStoreBuilder.java:processTables(183)) - Using default column profile:DBProfile.DISK for Table:openKeyTable
2019-10-19 01:04:19,088 [main] INFO  db.DBStoreBuilder (DBStoreBuilder.java:addTable(127)) - using custom profile for table: s3Table
2019-10-19 01:04:19,088 [main] INFO  db.DBStoreBuilder (DBStoreBuilder.java:processTables(183)) - Using default column profile:DBProfile.DISK for Table:s3Table
2019-10-19 01:04:19,088 [main] INFO  db.DBStoreBuilder (DBStoreBuilder.java:addTable(127)) - using custom profile for table: multipartInfoTable
2019-10-19 01:04:19,088 [main] INFO  db.DBStoreBuilder (DBStoreBuilder.java:processTables(183)) - Using default column profile:DBProfile.DISK for Table:multipartInfoTable
2019-10-19 01:04:19,089 [main] INFO  db.DBStoreBuilder (DBStoreBuilder.java:addTable(127)) - using custom profile for table: dTokenTable
2019-10-19 01:04:19,089 [main] INFO  db.DBStoreBuilder (DBStoreBuilder.java:processTables(183)) - Using default column profile:DBProfile.DISK for Table:dTokenTable
2019-10-19 01:04:19,089 [main] INFO  db.DBStoreBuilder (DBStoreBuilder.java:addTable(127)) - using custom profile for table: s3SecretTable
2019-10-19 01:04:19,089 [main] INFO  db.DBStoreBuilder (DBStoreBuilder.java:processTables(183)) - Using default column profile:DBProfile.DISK for Table:s3SecretTable
2019-10-19 01:04:19,090 [main] INFO  db.DBStoreBuilder (DBStoreBuilder.java:addTable(127)) - using custom profile for table: prefixTable
2019-10-19 01:04:19,090 [main] INFO  db.DBStoreBuilder (DBStoreBuilder.java:processTables(183)) - Using default column profile:DBProfile.DISK for Table:prefixTable
2019-10-19 01:04:19,090 [main] INFO  db.DBStoreBuilder (DBStoreBuilder.java:addTable(127)) - using custom profile for table: default
2019-10-19 01:04:19,091 [main] INFO  db.DBStoreBuilder (DBStoreBuilder.java:processTables(189)) - Using default column profile:DBProfile.DISK for Table:default
2019-10-19 01:04:19,091 [main] INFO  db.DBStoreBuilder (DBStoreBuilder.java:getDbProfile(220)) - Using default options. DBProfile.DISK
2019-10-19 01:04:19,545 [main] INFO  ipc.CallQueueManager (CallQueueManager.java:<init>(84)) - Using callQueue: class java.util.concurrent.LinkedBlockingQueue, queueCapacity: 2000, scheduler: class org.apache.hadoop.ipc.DefaultRpcScheduler, ipcBackoff: false.
2019-10-19 01:04:19,546 [Socket Reader #1 for port 39770] INFO  ipc.Server (Server.java:run(1074)) - Starting Socket Reader #1 for port 39770
2019-10-19 01:04:19,576 [main] INFO  om.OzoneManager (OzoneManager.java:start(1074)) - OzoneManager RPC server is listening at localhost/127.0.0.1:39770
2019-10-19 01:04:19,576 [main] INFO  impl.MetricsSystemImpl (MetricsSystemImpl.java:init(158)) - OzoneManager metrics system started (again)
2019-10-19 01:04:19,586 [IPC Server Responder] INFO  ipc.Server (Server.java:run(1314)) - IPC Server Responder: starting
2019-10-19 01:04:19,586 [IPC Server listener on 39770] INFO  ipc.Server (Server.java:run(1153)) - IPC Server listener on 39770: starting
2019-10-19 01:04:19,592 [main] INFO  hdfs.DFSUtil (DFSUtil.java:httpServerTemplateForNNAndJN(1641)) - Starting Web-server for ozoneManager at: http://0.0.0.0:0
2019-10-19 01:04:19,595 [main] INFO  server.AuthenticationFilter (AuthenticationFilter.java:constructSecretProvider(240)) - Unable to initialize FileSignerSecretProvider, falling back to use random secrets.
2019-10-19 01:04:19,596 [main] WARN  http.HttpRequestLog (HttpRequestLog.java:getRequestLog(97)) - Jetty request log can only be enabled using Log4j
2019-10-19 01:04:19,599 [main] INFO  http.HttpServer2 (HttpServer2.java:addGlobalFilter(975)) - Added global filter 'safety' (class=org.apache.hadoop.http.HttpServer2$QuotingInputFilter)
2019-10-19 01:04:19,601 [main] INFO  http.HttpServer2 (HttpServer2.java:addFilter(948)) - Added filter static_user_filter (class=org.apache.hadoop.http.lib.StaticUserWebFilter$StaticUserFilter) to context ozoneManager
2019-10-19 01:04:19,601 [main] INFO  http.HttpServer2 (HttpServer2.java:addFilter(958)) - Added filter static_user_filter (class=org.apache.hadoop.http.lib.StaticUserWebFilter$StaticUserFilter) to context logs
2019-10-19 01:04:19,602 [main] INFO  http.HttpServer2 (HttpServer2.java:addFilter(958)) - Added filter static_user_filter (class=org.apache.hadoop.http.lib.StaticUserWebFilter$StaticUserFilter) to context static
2019-10-19 01:04:19,605 [main] INFO  http.HttpServer2 (HttpServer2.java:bindListener(1191)) - Jetty bound to port 37507
2019-10-19 01:04:19,606 [main] INFO  server.Server (Server.java:doStart(351)) - jetty-9.3.25.v20180904, build timestamp: 2018-09-04T21:11:46Z, git hash: 3ce520221d0240229c862b122d2b06c12a625732
2019-10-19 01:04:19,609 [main] INFO  handler.ContextHandler (ContextHandler.java:doStart(781)) - Started o.e.j.s.ServletContextHandler@6b63d445{/logs,file:///workdir/hadoop-ozone/integration-test/target/log,AVAILABLE}
2019-10-19 01:04:19,610 [main] INFO  handler.ContextHandler (ContextHandler.java:doStart(781)) - Started o.e.j.s.ServletContextHandler@30b2b76f{/static,file:///workdir/hadoop-ozone/integration-test/target/test-classes/webapps/static,AVAILABLE}
2019-10-19 01:04:19,617 [main] INFO  handler.ContextHandler (ContextHandler.java:doStart(781)) - Started o.e.j.w.WebAppContext@12db3386{/,file:///workdir/hadoop-ozone/integration-test/target/test-classes/webapps/ozoneManager/,AVAILABLE}{/ozoneManager}
2019-10-19 01:04:19,618 [main] INFO  server.AbstractConnector (AbstractConnector.java:doStart(278)) - Started ServerConnector@4078695f{HTTP/1.1,[http/1.1]}{0.0.0.0:37507}
2019-10-19 01:04:19,619 [main] INFO  server.Server (Server.java:doStart(419)) - Started @4176ms
2019-10-19 01:04:19,619 [main] WARN  impl.MetricsSystemImpl (MetricsSystemImpl.java:register(276)) - Sink prometheus already exists!
2019-10-19 01:04:19,621 [main] INFO  server.BaseHttpServer (BaseHttpServer.java:updateConnectorAddress(215)) - HTTP server of OZONEMANAGER is listening at http://0.0.0.0:37507
2019-10-19 01:04:19,905 [main] INFO  impl.MetricsSystemImpl (MetricsSystemImpl.java:init(158)) - HddsDatanode metrics system started (again)
2019-10-19 01:04:19,952 [main] INFO  ozone.HddsDatanodeService (HddsDatanodeService.java:start(184)) - HddsDatanodeService host:pr-hdds-2333-xd9jc-2947872914 ip:192.168.157.213
2019-10-19 01:04:19,983 [main] INFO  volume.HddsVolume (HddsVolume.java:<init>(176)) - Creating Volume: /workdir/hadoop-ozone/integration-test/target/test-dir/MiniOzoneClusterImpl-08d89ad4-f612-48fc-8979-c1cb428f8ac2/datanode-0/data/containers/hdds of  storage type : DISK and capacity : 1482555576320
2019-10-19 01:04:19,985 [main] INFO  volume.VolumeSet (VolumeSet.java:initializeVolumeSet(170)) - Added Volume : /workdir/hadoop-ozone/integration-test/target/test-dir/MiniOzoneClusterImpl-08d89ad4-f612-48fc-8979-c1cb428f8ac2/datanode-0/data/containers/hdds to VolumeSet
2019-10-19 01:04:19,988 [main] INFO  volume.ThrottledAsyncChecker (ThrottledAsyncChecker.java:schedule(141)) - Scheduling a check for /workdir/hadoop-ozone/integration-test/target/test-dir/MiniOzoneClusterImpl-08d89ad4-f612-48fc-8979-c1cb428f8ac2/datanode-0/data/containers/hdds
2019-10-19 01:04:20,004 [main] INFO  volume.HddsVolumeChecker (HddsVolumeChecker.java:checkAllVolumes(204)) - Scheduled health check for volume /workdir/hadoop-ozone/integration-test/target/test-dir/MiniOzoneClusterImpl-08d89ad4-f612-48fc-8979-c1cb428f8ac2/datanode-0/data/containers/hdds
2019-10-19 01:04:20,104 [main] INFO  impl.RaftServerProxy (ConfUtils.java:logGet(43)) - raft.rpc.type = GRPC (default)
2019-10-19 01:04:20,162 [main] INFO  grpc.GrpcFactory (GrpcFactory.java:checkPooledByteBufAllocatorUseCacheForAllThreads(45)) - PERFORMANCE WARNING: useCacheForAllThreads is true that may cause Netty to create a lot garbage objects and, as a result, trigger GC.
	It is recommended to disable useCacheForAllThreads by setting -Dorg.apache.ratis.thirdparty.io.netty.allocator.useCacheForAllThreads=false in command line.
2019-10-19 01:04:20,166 [main] INFO  grpc.GrpcConfigKeys$Server (ConfUtils.java:logGet(43)) - raft.grpc.server.port = 0 (default)
2019-10-19 01:04:20,167 [main] INFO  server.GrpcService (ConfUtils.java:logGet(43)) - raft.grpc.message.size.max = 33570816 (custom)
2019-10-19 01:04:20,169 [main] INFO  server.RaftServerConfigKeys (ConfUtils.java:logGet(43)) - raft.server.log.appender.buffer.byte-limit = 33554432 (custom)
2019-10-19 01:04:20,169 [main] INFO  server.GrpcService (ConfUtils.java:logGet(43)) - raft.grpc.flow.control.window = 1MB (=1048576) (default)
2019-10-19 01:04:20,170 [main] INFO  server.RaftServerConfigKeys (ConfUtils.java:logGet(43)) - raft.server.rpc.request.timeout = 3000ms (default)
2019-10-19 01:04:20,317 [main] INFO  server.RaftServerConfigKeys (ConfUtils.java:logGet(43)) - raft.server.storage.dir = [/workdir/hadoop-ozone/integration-test/target/test-dir/MiniOzoneClusterImpl-08d89ad4-f612-48fc-8979-c1cb428f8ac2/datanode-0/data/ratis] (custom)
2019-10-19 01:04:20,384 [main] INFO  hdfs.DFSUtil (DFSUtil.java:httpServerTemplateForNNAndJN(1641)) - Starting Web-server for hddsDatanode at: http://0.0.0.0:0
2019-10-19 01:04:20,387 [main] INFO  server.AuthenticationFilter (AuthenticationFilter.java:constructSecretProvider(240)) - Unable to initialize FileSignerSecretProvider, falling back to use random secrets.
2019-10-19 01:04:20,388 [main] WARN  http.HttpRequestLog (HttpRequestLog.java:getRequestLog(97)) - Jetty request log can only be enabled using Log4j
2019-10-19 01:04:20,391 [main] INFO  http.HttpServer2 (HttpServer2.java:addGlobalFilter(975)) - Added global filter 'safety' (class=org.apache.hadoop.http.HttpServer2$QuotingInputFilter)
2019-10-19 01:04:20,392 [main] INFO  http.HttpServer2 (HttpServer2.java:addFilter(948)) - Added filter static_user_filter (class=org.apache.hadoop.http.lib.StaticUserWebFilter$StaticUserFilter) to context hddsDatanode
2019-10-19 01:04:20,392 [main] INFO  http.HttpServer2 (HttpServer2.java:addFilter(958)) - Added filter static_user_filter (class=org.apache.hadoop.http.lib.StaticUserWebFilter$StaticUserFilter) to context static
2019-10-19 01:04:20,392 [main] INFO  http.HttpServer2 (HttpServer2.java:addFilter(958)) - Added filter static_user_filter (class=org.apache.hadoop.http.lib.StaticUserWebFilter$StaticUserFilter) to context logs
2019-10-19 01:04:20,394 [main] INFO  http.HttpServer2 (HttpServer2.java:bindListener(1191)) - Jetty bound to port 45574
2019-10-19 01:04:20,394 [main] INFO  server.Server (Server.java:doStart(351)) - jetty-9.3.25.v20180904, build timestamp: 2018-09-04T21:11:46Z, git hash: 3ce520221d0240229c862b122d2b06c12a625732
2019-10-19 01:04:20,398 [main] INFO  handler.ContextHandler (ContextHandler.java:doStart(781)) - Started o.e.j.s.ServletContextHandler@644ded04{/logs,file:///workdir/hadoop-ozone/integration-test/target/log,AVAILABLE}
2019-10-19 01:04:20,399 [main] INFO  handler.ContextHandler (ContextHandler.java:doStart(781)) - Started o.e.j.s.ServletContextHandler@13d9261f{/static,jar:file:/home/user/.m2/repository/org/apache/hadoop/hadoop-hdds-container-service/0.5.0-SNAPSHOT/hadoop-hdds-container-service-0.5.0-SNAPSHOT.jar!/webapps/static,AVAILABLE}
2019-10-19 01:04:20,450 [main] INFO  handler.ContextHandler (ContextHandler.java:doStart(781)) - Started o.e.j.w.WebAppContext@61cd1c71{/,file:///tmp/jetty-0.0.0.0-45574-hddsDatanode-_-any-4673493551532043137.dir/webapp/,AVAILABLE}{/hddsDatanode}
2019-10-19 01:04:20,451 [main] INFO  server.AbstractConnector (AbstractConnector.java:doStart(278)) - Started ServerConnector@6724cdec{HTTP/1.1,[http/1.1]}{0.0.0.0:45574}
2019-10-19 01:04:20,452 [main] INFO  server.Server (Server.java:doStart(419)) - Started @5008ms
2019-10-19 01:04:20,452 [main] WARN  impl.MetricsSystemImpl (MetricsSystemImpl.java:register(276)) - Sink prometheus already exists!
2019-10-19 01:04:20,454 [main] INFO  server.BaseHttpServer (BaseHttpServer.java:updateConnectorAddress(215)) - HTTP server of HDDSDATANODE is listening at http://0.0.0.0:45574
2019-10-19 01:04:20,455 [main] INFO  impl.MetricsSystemImpl (MetricsSystemImpl.java:init(158)) - HddsDatanode metrics system started (again)
2019-10-19 01:04:20,458 [main] INFO  ozone.HddsDatanodeService (HddsDatanodeService.java:start(184)) - HddsDatanodeService host:pr-hdds-2333-xd9jc-2947872914 ip:192.168.157.213
2019-10-19 01:04:20,461 [org.apache.hadoop.util.JvmPauseMonitor$Monitor@7ec8af4e] INFO  util.JvmPauseMonitor (JvmPauseMonitor.java:run(188)) - Starting JVM pause monitor
2019-10-19 01:04:20,470 [main] INFO  volume.HddsVolume (HddsVolume.java:<init>(176)) - Creating Volume: /workdir/hadoop-ozone/integration-test/target/test-dir/MiniOzoneClusterImpl-08d89ad4-f612-48fc-8979-c1cb428f8ac2/datanode-1/data/containers/hdds of  storage type : DISK and capacity : 1482555576320
2019-10-19 01:04:20,471 [main] INFO  volume.VolumeSet (VolumeSet.java:initializeVolumeSet(170)) - Added Volume : /workdir/hadoop-ozone/integration-test/target/test-dir/MiniOzoneClusterImpl-08d89ad4-f612-48fc-8979-c1cb428f8ac2/datanode-1/data/containers/hdds to VolumeSet
2019-10-19 01:04:20,471 [main] INFO  volume.ThrottledAsyncChecker (ThrottledAsyncChecker.java:schedule(141)) - Scheduling a check for /workdir/hadoop-ozone/integration-test/target/test-dir/MiniOzoneClusterImpl-08d89ad4-f612-48fc-8979-c1cb428f8ac2/datanode-1/data/containers/hdds
2019-10-19 01:04:20,472 [main] INFO  volume.HddsVolumeChecker (HddsVolumeChecker.java:checkAllVolumes(204)) - Scheduled health check for volume /workdir/hadoop-ozone/integration-test/target/test-dir/MiniOzoneClusterImpl-08d89ad4-f612-48fc-8979-c1cb428f8ac2/datanode-1/data/containers/hdds
2019-10-19 01:04:20,488 [main] INFO  impl.RaftServerProxy (ConfUtils.java:logGet(43)) - raft.rpc.type = GRPC (default)
2019-10-19 01:04:20,488 [main] INFO  grpc.GrpcFactory (GrpcFactory.java:checkPooledByteBufAllocatorUseCacheForAllThreads(45)) - PERFORMANCE WARNING: useCacheForAllThreads is true that may cause Netty to create a lot garbage objects and, as a result, trigger GC.
	It is recommended to disable useCacheForAllThreads by setting -Dorg.apache.ratis.thirdparty.io.netty.allocator.useCacheForAllThreads=false in command line.
2019-10-19 01:04:20,488 [main] INFO  grpc.GrpcConfigKeys$Server (ConfUtils.java:logGet(43)) - raft.grpc.server.port = 0 (default)
2019-10-19 01:04:20,488 [main] INFO  server.GrpcService (ConfUtils.java:logGet(43)) - raft.grpc.message.size.max = 33570816 (custom)
2019-10-19 01:04:20,489 [main] INFO  server.RaftServerConfigKeys (ConfUtils.java:logGet(43)) - raft.server.log.appender.buffer.byte-limit = 33554432 (custom)
2019-10-19 01:04:20,489 [main] INFO  server.GrpcService (ConfUtils.java:logGet(43)) - raft.grpc.flow.control.window = 1MB (=1048576) (default)
2019-10-19 01:04:20,489 [main] INFO  server.RaftServerConfigKeys (ConfUtils.java:logGet(43)) - raft.server.rpc.request.timeout = 3000ms (default)
2019-10-19 01:04:20,490 [main] INFO  server.RaftServerConfigKeys (ConfUtils.java:logGet(43)) - raft.server.storage.dir = [/workdir/hadoop-ozone/integration-test/target/test-dir/MiniOzoneClusterImpl-08d89ad4-f612-48fc-8979-c1cb428f8ac2/datanode-1/data/ratis] (custom)
2019-10-19 01:04:20,492 [main] INFO  hdfs.DFSUtil (DFSUtil.java:httpServerTemplateForNNAndJN(1641)) - Starting Web-server for hddsDatanode at: http://0.0.0.0:0
2019-10-19 01:04:20,493 [main] INFO  server.AuthenticationFilter (AuthenticationFilter.java:constructSecretProvider(240)) - Unable to initialize FileSignerSecretProvider, falling back to use random secrets.
2019-10-19 01:04:20,494 [main] WARN  http.HttpRequestLog (HttpRequestLog.java:getRequestLog(97)) - Jetty request log can only be enabled using Log4j
2019-10-19 01:04:20,495 [main] INFO  http.HttpServer2 (HttpServer2.java:addGlobalFilter(975)) - Added global filter 'safety' (class=org.apache.hadoop.http.HttpServer2$QuotingInputFilter)
2019-10-19 01:04:20,496 [main] INFO  http.HttpServer2 (HttpServer2.java:addFilter(948)) - Added filter static_user_filter (class=org.apache.hadoop.http.lib.StaticUserWebFilter$StaticUserFilter) to context hddsDatanode
2019-10-19 01:04:20,496 [main] INFO  http.HttpServer2 (HttpServer2.java:addFilter(958)) - Added filter static_user_filter (class=org.apache.hadoop.http.lib.StaticUserWebFilter$StaticUserFilter) to context static
2019-10-19 01:04:20,496 [main] INFO  http.HttpServer2 (HttpServer2.java:addFilter(958)) - Added filter static_user_filter (class=org.apache.hadoop.http.lib.StaticUserWebFilter$StaticUserFilter) to context logs
2019-10-19 01:04:20,497 [main] INFO  http.HttpServer2 (HttpServer2.java:bindListener(1191)) - Jetty bound to port 41074
2019-10-19 01:04:20,497 [main] INFO  server.Server (Server.java:doStart(351)) - jetty-9.3.25.v20180904, build timestamp: 2018-09-04T21:11:46Z, git hash: 3ce520221d0240229c862b122d2b06c12a625732
2019-10-19 01:04:20,504 [main] INFO  handler.ContextHandler (ContextHandler.java:doStart(781)) - Started o.e.j.s.ServletContextHandler@fab35b1{/logs,file:///workdir/hadoop-ozone/integration-test/target/log,AVAILABLE}
2019-10-19 01:04:20,505 [main] INFO  handler.ContextHandler (ContextHandler.java:doStart(781)) - Started o.e.j.s.ServletContextHandler@65bdd558{/static,jar:file:/home/user/.m2/repository/org/apache/hadoop/hadoop-hdds-container-service/0.5.0-SNAPSHOT/hadoop-hdds-container-service-0.5.0-SNAPSHOT.jar!/webapps/static,AVAILABLE}
2019-10-19 01:04:20,536 [main] INFO  handler.ContextHandler (ContextHandler.java:doStart(781)) - Started o.e.j.w.WebAppContext@17f2dd85{/,file:///tmp/jetty-0.0.0.0-41074-hddsDatanode-_-any-7297484818205165452.dir/webapp/,AVAILABLE}{/hddsDatanode}
2019-10-19 01:04:20,537 [main] INFO  server.AbstractConnector (AbstractConnector.java:doStart(278)) - Started ServerConnector@1e58512c{HTTP/1.1,[http/1.1]}{0.0.0.0:41074}
2019-10-19 01:04:20,538 [main] INFO  server.Server (Server.java:doStart(419)) - Started @5095ms
2019-10-19 01:04:20,539 [main] WARN  impl.MetricsSystemImpl (MetricsSystemImpl.java:register(276)) - Sink prometheus already exists!
2019-10-19 01:04:20,541 [main] INFO  server.BaseHttpServer (BaseHttpServer.java:updateConnectorAddress(215)) - HTTP server of HDDSDATANODE is listening at http://0.0.0.0:41074
2019-10-19 01:04:20,541 [main] INFO  impl.MetricsSystemImpl (MetricsSystemImpl.java:init(158)) - HddsDatanode metrics system started (again)
2019-10-19 01:04:20,545 [main] INFO  ozone.HddsDatanodeService (HddsDatanodeService.java:start(184)) - HddsDatanodeService host:pr-hdds-2333-xd9jc-2947872914 ip:192.168.157.213
2019-10-19 01:04:20,545 [org.apache.hadoop.util.JvmPauseMonitor$Monitor@6183b1a0] INFO  util.JvmPauseMonitor (JvmPauseMonitor.java:run(188)) - Starting JVM pause monitor
2019-10-19 01:04:20,556 [main] INFO  volume.HddsVolume (HddsVolume.java:<init>(176)) - Creating Volume: /workdir/hadoop-ozone/integration-test/target/test-dir/MiniOzoneClusterImpl-08d89ad4-f612-48fc-8979-c1cb428f8ac2/datanode-2/data/containers/hdds of  storage type : DISK and capacity : 1482555576320
2019-10-19 01:04:20,556 [main] INFO  volume.VolumeSet (VolumeSet.java:initializeVolumeSet(170)) - Added Volume : /workdir/hadoop-ozone/integration-test/target/test-dir/MiniOzoneClusterImpl-08d89ad4-f612-48fc-8979-c1cb428f8ac2/datanode-2/data/containers/hdds to VolumeSet
2019-10-19 01:04:20,557 [main] INFO  volume.ThrottledAsyncChecker (ThrottledAsyncChecker.java:schedule(141)) - Scheduling a check for /workdir/hadoop-ozone/integration-test/target/test-dir/MiniOzoneClusterImpl-08d89ad4-f612-48fc-8979-c1cb428f8ac2/datanode-2/data/containers/hdds
2019-10-19 01:04:20,558 [main] INFO  volume.HddsVolumeChecker (HddsVolumeChecker.java:checkAllVolumes(204)) - Scheduled health check for volume /workdir/hadoop-ozone/integration-test/target/test-dir/MiniOzoneClusterImpl-08d89ad4-f612-48fc-8979-c1cb428f8ac2/datanode-2/data/containers/hdds
2019-10-19 01:04:20,584 [Datanode State Machine Thread - 0] INFO  datanode.InitDatanodeState (InitDatanodeState.java:persistContainerDatanodeDetails(140)) - DatanodeDetails is persisted to /workdir/hadoop-ozone/integration-test/target/test-dir/MiniOzoneClusterImpl-08d89ad4-f612-48fc-8979-c1cb428f8ac2/datanode-0/meta/datanode.id
2019-10-19 01:04:20,588 [Datanode State Machine Thread - 0] INFO  datanode.InitDatanodeState (InitDatanodeState.java:persistContainerDatanodeDetails(140)) - DatanodeDetails is persisted to /workdir/hadoop-ozone/integration-test/target/test-dir/MiniOzoneClusterImpl-08d89ad4-f612-48fc-8979-c1cb428f8ac2/datanode-1/meta/datanode.id
2019-10-19 01:04:20,590 [main] INFO  impl.RaftServerProxy (ConfUtils.java:logGet(43)) - raft.rpc.type = GRPC (default)
2019-10-19 01:04:20,590 [main] INFO  grpc.GrpcFactory (GrpcFactory.java:checkPooledByteBufAllocatorUseCacheForAllThreads(45)) - PERFORMANCE WARNING: useCacheForAllThreads is true that may cause Netty to create a lot garbage objects and, as a result, trigger GC.
	It is recommended to disable useCacheForAllThreads by setting -Dorg.apache.ratis.thirdparty.io.netty.allocator.useCacheForAllThreads=false in command line.
2019-10-19 01:04:20,591 [main] INFO  grpc.GrpcConfigKeys$Server (ConfUtils.java:logGet(43)) - raft.grpc.server.port = 0 (default)
2019-10-19 01:04:20,591 [main] INFO  server.GrpcService (ConfUtils.java:logGet(43)) - raft.grpc.message.size.max = 33570816 (custom)
2019-10-19 01:04:20,591 [main] INFO  server.RaftServerConfigKeys (ConfUtils.java:logGet(43)) - raft.server.log.appender.buffer.byte-limit = 33554432 (custom)
2019-10-19 01:04:20,592 [main] INFO  server.GrpcService (ConfUtils.java:logGet(43)) - raft.grpc.flow.control.window = 1MB (=1048576) (default)
2019-10-19 01:04:20,592 [main] INFO  server.RaftServerConfigKeys (ConfUtils.java:logGet(43)) - raft.server.rpc.request.timeout = 3000ms (default)
2019-10-19 01:04:20,593 [main] INFO  server.RaftServerConfigKeys (ConfUtils.java:logGet(43)) - raft.server.storage.dir = [/workdir/hadoop-ozone/integration-test/target/test-dir/MiniOzoneClusterImpl-08d89ad4-f612-48fc-8979-c1cb428f8ac2/datanode-2/data/ratis] (custom)
2019-10-19 01:04:20,596 [main] INFO  hdfs.DFSUtil (DFSUtil.java:httpServerTemplateForNNAndJN(1641)) - Starting Web-server for hddsDatanode at: http://0.0.0.0:0
2019-10-19 01:04:20,597 [main] INFO  server.AuthenticationFilter (AuthenticationFilter.java:constructSecretProvider(240)) - Unable to initialize FileSignerSecretProvider, falling back to use random secrets.
2019-10-19 01:04:20,598 [main] WARN  http.HttpRequestLog (HttpRequestLog.java:getRequestLog(97)) - Jetty request log can only be enabled using Log4j
2019-10-19 01:04:20,600 [main] INFO  http.HttpServer2 (HttpServer2.java:addGlobalFilter(975)) - Added global filter 'safety' (class=org.apache.hadoop.http.HttpServer2$QuotingInputFilter)
2019-10-19 01:04:20,600 [main] INFO  http.HttpServer2 (HttpServer2.java:addFilter(948)) - Added filter static_user_filter (class=org.apache.hadoop.http.lib.StaticUserWebFilter$StaticUserFilter) to context hddsDatanode
2019-10-19 01:04:20,600 [main] INFO  http.HttpServer2 (HttpServer2.java:addFilter(958)) - Added filter static_user_filter (class=org.apache.hadoop.http.lib.StaticUserWebFilter$StaticUserFilter) to context logs
2019-10-19 01:04:20,600 [main] INFO  http.HttpServer2 (HttpServer2.java:addFilter(958)) - Added filter static_user_filter (class=org.apache.hadoop.http.lib.StaticUserWebFilter$StaticUserFilter) to context static
2019-10-19 01:04:20,601 [main] INFO  http.HttpServer2 (HttpServer2.java:bindListener(1191)) - Jetty bound to port 45246
2019-10-19 01:04:20,602 [main] INFO  server.Server (Server.java:doStart(351)) - jetty-9.3.25.v20180904, build timestamp: 2018-09-04T21:11:46Z, git hash: 3ce520221d0240229c862b122d2b06c12a625732
2019-10-19 01:04:20,604 [main] INFO  handler.ContextHandler (ContextHandler.java:doStart(781)) - Started o.e.j.s.ServletContextHandler@767a014e{/logs,file:///workdir/hadoop-ozone/integration-test/target/log,AVAILABLE}
2019-10-19 01:04:20,604 [main] INFO  handler.ContextHandler (ContextHandler.java:doStart(781)) - Started o.e.j.s.ServletContextHandler@3968bc60{/static,jar:file:/home/user/.m2/repository/org/apache/hadoop/hadoop-hdds-container-service/0.5.0-SNAPSHOT/hadoop-hdds-container-service-0.5.0-SNAPSHOT.jar!/webapps/static,AVAILABLE}
2019-10-19 01:04:20,635 [main] INFO  handler.ContextHandler (ContextHandler.java:doStart(781)) - Started o.e.j.w.WebAppContext@6edcad64{/,file:///tmp/jetty-0.0.0.0-45246-hddsDatanode-_-any-3114782535291218154.dir/webapp/,AVAILABLE}{/hddsDatanode}
2019-10-19 01:04:20,636 [main] INFO  server.AbstractConnector (AbstractConnector.java:doStart(278)) - Started ServerConnector@4c6007fb{HTTP/1.1,[http/1.1]}{0.0.0.0:45246}
2019-10-19 01:04:20,637 [main] INFO  server.Server (Server.java:doStart(419)) - Started @5194ms
2019-10-19 01:04:20,638 [main] WARN  impl.MetricsSystemImpl (MetricsSystemImpl.java:register(276)) - Sink prometheus already exists!
2019-10-19 01:04:20,639 [main] INFO  server.BaseHttpServer (BaseHttpServer.java:updateConnectorAddress(215)) - HTTP server of HDDSDATANODE is listening at http://0.0.0.0:45246
2019-10-19 01:04:20,639 [main] INFO  impl.MetricsSystemImpl (MetricsSystemImpl.java:init(158)) - HddsDatanode metrics system started (again)
2019-10-19 01:04:20,642 [main] INFO  ozone.HddsDatanodeService (HddsDatanodeService.java:start(184)) - HddsDatanodeService host:pr-hdds-2333-xd9jc-2947872914 ip:192.168.157.213
2019-10-19 01:04:20,642 [org.apache.hadoop.util.JvmPauseMonitor$Monitor@c6e149] INFO  util.JvmPauseMonitor (JvmPauseMonitor.java:run(188)) - Starting JVM pause monitor
2019-10-19 01:04:20,666 [main] INFO  volume.HddsVolume (HddsVolume.java:<init>(176)) - Creating Volume: /workdir/hadoop-ozone/integration-test/target/test-dir/MiniOzoneClusterImpl-08d89ad4-f612-48fc-8979-c1cb428f8ac2/datanode-3/data/containers/hdds of  storage type : DISK and capacity : 1482555576320
2019-10-19 01:04:20,667 [Datanode State Machine Thread - 0] INFO  datanode.InitDatanodeState (InitDatanodeState.java:persistContainerDatanodeDetails(140)) - DatanodeDetails is persisted to /workdir/hadoop-ozone/integration-test/target/test-dir/MiniOzoneClusterImpl-08d89ad4-f612-48fc-8979-c1cb428f8ac2/datanode-2/meta/datanode.id
2019-10-19 01:04:20,667 [main] INFO  volume.VolumeSet (VolumeSet.java:initializeVolumeSet(170)) - Added Volume : /workdir/hadoop-ozone/integration-test/target/test-dir/MiniOzoneClusterImpl-08d89ad4-f612-48fc-8979-c1cb428f8ac2/datanode-3/data/containers/hdds to VolumeSet
2019-10-19 01:04:20,667 [main] INFO  volume.ThrottledAsyncChecker (ThrottledAsyncChecker.java:schedule(141)) - Scheduling a check for /workdir/hadoop-ozone/integration-test/target/test-dir/MiniOzoneClusterImpl-08d89ad4-f612-48fc-8979-c1cb428f8ac2/datanode-3/data/containers/hdds
2019-10-19 01:04:20,668 [main] INFO  volume.HddsVolumeChecker (HddsVolumeChecker.java:checkAllVolumes(204)) - Scheduled health check for volume /workdir/hadoop-ozone/integration-test/target/test-dir/MiniOzoneClusterImpl-08d89ad4-f612-48fc-8979-c1cb428f8ac2/datanode-3/data/containers/hdds
2019-10-19 01:04:20,690 [main] INFO  impl.RaftServerProxy (ConfUtils.java:logGet(43)) - raft.rpc.type = GRPC (default)
2019-10-19 01:04:20,690 [main] INFO  grpc.GrpcFactory (GrpcFactory.java:checkPooledByteBufAllocatorUseCacheForAllThreads(45)) - PERFORMANCE WARNING: useCacheForAllThreads is true that may cause Netty to create a lot garbage objects and, as a result, trigger GC.
	It is recommended to disable useCacheForAllThreads by setting -Dorg.apache.ratis.thirdparty.io.netty.allocator.useCacheForAllThreads=false in command line.
2019-10-19 01:04:20,690 [main] INFO  grpc.GrpcConfigKeys$Server (ConfUtils.java:logGet(43)) - raft.grpc.server.port = 0 (default)
2019-10-19 01:04:20,691 [main] INFO  server.GrpcService (ConfUtils.java:logGet(43)) - raft.grpc.message.size.max = 33570816 (custom)
2019-10-19 01:04:20,691 [main] INFO  server.RaftServerConfigKeys (ConfUtils.java:logGet(43)) - raft.server.log.appender.buffer.byte-limit = 33554432 (custom)
2019-10-19 01:04:20,691 [main] INFO  server.GrpcService (ConfUtils.java:logGet(43)) - raft.grpc.flow.control.window = 1MB (=1048576) (default)
2019-10-19 01:04:20,692 [main] INFO  server.RaftServerConfigKeys (ConfUtils.java:logGet(43)) - raft.server.rpc.request.timeout = 3000ms (default)
2019-10-19 01:04:20,693 [main] INFO  server.RaftServerConfigKeys (ConfUtils.java:logGet(43)) - raft.server.storage.dir = [/workdir/hadoop-ozone/integration-test/target/test-dir/MiniOzoneClusterImpl-08d89ad4-f612-48fc-8979-c1cb428f8ac2/datanode-3/data/ratis] (custom)
2019-10-19 01:04:20,695 [main] INFO  hdfs.DFSUtil (DFSUtil.java:httpServerTemplateForNNAndJN(1641)) - Starting Web-server for hddsDatanode at: http://0.0.0.0:0
2019-10-19 01:04:20,696 [main] INFO  server.AuthenticationFilter (AuthenticationFilter.java:constructSecretProvider(240)) - Unable to initialize FileSignerSecretProvider, falling back to use random secrets.
2019-10-19 01:04:20,696 [main] WARN  http.HttpRequestLog (HttpRequestLog.java:getRequestLog(97)) - Jetty request log can only be enabled using Log4j
2019-10-19 01:04:20,698 [main] INFO  http.HttpServer2 (HttpServer2.java:addGlobalFilter(975)) - Added global filter 'safety' (class=org.apache.hadoop.http.HttpServer2$QuotingInputFilter)
2019-10-19 01:04:20,699 [main] INFO  http.HttpServer2 (HttpServer2.java:addFilter(948)) - Added filter static_user_filter (class=org.apache.hadoop.http.lib.StaticUserWebFilter$StaticUserFilter) to context hddsDatanode
2019-10-19 01:04:20,699 [main] INFO  http.HttpServer2 (HttpServer2.java:addFilter(958)) - Added filter static_user_filter (class=org.apache.hadoop.http.lib.StaticUserWebFilter$StaticUserFilter) to context logs
2019-10-19 01:04:20,699 [main] INFO  http.HttpServer2 (HttpServer2.java:addFilter(958)) - Added filter static_user_filter (class=org.apache.hadoop.http.lib.StaticUserWebFilter$StaticUserFilter) to context static
2019-10-19 01:04:20,700 [main] INFO  http.HttpServer2 (HttpServer2.java:bindListener(1191)) - Jetty bound to port 37813
2019-10-19 01:04:20,700 [main] INFO  server.Server (Server.java:doStart(351)) - jetty-9.3.25.v20180904, build timestamp: 2018-09-04T21:11:46Z, git hash: 3ce520221d0240229c862b122d2b06c12a625732
2019-10-19 01:04:20,714 [main] INFO  handler.ContextHandler (ContextHandler.java:doStart(781)) - Started o.e.j.s.ServletContextHandler@c27a3a2{/logs,file:///workdir/hadoop-ozone/integration-test/target/log,AVAILABLE}
2019-10-19 01:04:20,714 [main] INFO  handler.ContextHandler (ContextHandler.java:doStart(781)) - Started o.e.j.s.ServletContextHandler@1a2bcd56{/static,jar:file:/home/user/.m2/repository/org/apache/hadoop/hadoop-hdds-container-service/0.5.0-SNAPSHOT/hadoop-hdds-container-service-0.5.0-SNAPSHOT.jar!/webapps/static,AVAILABLE}
2019-10-19 01:04:20,745 [main] INFO  handler.ContextHandler (ContextHandler.java:doStart(781)) - Started o.e.j.w.WebAppContext@52d97ab6{/,file:///tmp/jetty-0.0.0.0-37813-hddsDatanode-_-any-6981496275886449993.dir/webapp/,AVAILABLE}{/hddsDatanode}
2019-10-19 01:04:20,746 [main] INFO  server.AbstractConnector (AbstractConnector.java:doStart(278)) - Started ServerConnector@4da6d664{HTTP/1.1,[http/1.1]}{0.0.0.0:37813}
2019-10-19 01:04:20,747 [main] INFO  server.Server (Server.java:doStart(419)) - Started @5304ms
2019-10-19 01:04:20,747 [main] WARN  impl.MetricsSystemImpl (MetricsSystemImpl.java:register(276)) - Sink prometheus already exists!
2019-10-19 01:04:20,749 [main] INFO  server.BaseHttpServer (BaseHttpServer.java:updateConnectorAddress(215)) - HTTP server of HDDSDATANODE is listening at http://0.0.0.0:37813
2019-10-19 01:04:20,749 [main] INFO  impl.MetricsSystemImpl (MetricsSystemImpl.java:init(158)) - HddsDatanode metrics system started (again)
2019-10-19 01:04:20,752 [org.apache.hadoop.util.JvmPauseMonitor$Monitor@3d92b649] INFO  util.JvmPauseMonitor (JvmPauseMonitor.java:run(188)) - Starting JVM pause monitor
2019-10-19 01:04:20,753 [main] INFO  ozone.HddsDatanodeService (HddsDatanodeService.java:start(184)) - HddsDatanodeService host:pr-hdds-2333-xd9jc-2947872914 ip:192.168.157.213
2019-10-19 01:04:20,756 [Datanode State Machine Thread - 0] INFO  datanode.InitDatanodeState (InitDatanodeState.java:persistContainerDatanodeDetails(140)) - DatanodeDetails is persisted to /workdir/hadoop-ozone/integration-test/target/test-dir/MiniOzoneClusterImpl-08d89ad4-f612-48fc-8979-c1cb428f8ac2/datanode-3/meta/datanode.id
2019-10-19 01:04:20,763 [main] INFO  volume.HddsVolume (HddsVolume.java:<init>(176)) - Creating Volume: /workdir/hadoop-ozone/integration-test/target/test-dir/MiniOzoneClusterImpl-08d89ad4-f612-48fc-8979-c1cb428f8ac2/datanode-4/data/containers/hdds of  storage type : DISK and capacity : 1482555576320
2019-10-19 01:04:20,764 [main] INFO  volume.VolumeSet (VolumeSet.java:initializeVolumeSet(170)) - Added Volume : /workdir/hadoop-ozone/integration-test/target/test-dir/MiniOzoneClusterImpl-08d89ad4-f612-48fc-8979-c1cb428f8ac2/datanode-4/data/containers/hdds to VolumeSet
2019-10-19 01:04:20,764 [main] INFO  volume.ThrottledAsyncChecker (ThrottledAsyncChecker.java:schedule(141)) - Scheduling a check for /workdir/hadoop-ozone/integration-test/target/test-dir/MiniOzoneClusterImpl-08d89ad4-f612-48fc-8979-c1cb428f8ac2/datanode-4/data/containers/hdds
2019-10-19 01:04:20,765 [main] INFO  volume.HddsVolumeChecker (HddsVolumeChecker.java:checkAllVolumes(204)) - Scheduled health check for volume /workdir/hadoop-ozone/integration-test/target/test-dir/MiniOzoneClusterImpl-08d89ad4-f612-48fc-8979-c1cb428f8ac2/datanode-4/data/containers/hdds
2019-10-19 01:04:20,786 [main] INFO  impl.RaftServerProxy (ConfUtils.java:logGet(43)) - raft.rpc.type = GRPC (default)
2019-10-19 01:04:20,787 [main] INFO  grpc.GrpcFactory (GrpcFactory.java:checkPooledByteBufAllocatorUseCacheForAllThreads(45)) - PERFORMANCE WARNING: useCacheForAllThreads is true that may cause Netty to create a lot garbage objects and, as a result, trigger GC.
	It is recommended to disable useCacheForAllThreads by setting -Dorg.apache.ratis.thirdparty.io.netty.allocator.useCacheForAllThreads=false in command line.
2019-10-19 01:04:20,787 [main] INFO  grpc.GrpcConfigKeys$Server (ConfUtils.java:logGet(43)) - raft.grpc.server.port = 0 (default)
2019-10-19 01:04:20,787 [main] INFO  server.GrpcService (ConfUtils.java:logGet(43)) - raft.grpc.message.size.max = 33570816 (custom)
2019-10-19 01:04:20,787 [main] INFO  server.RaftServerConfigKeys (ConfUtils.java:logGet(43)) - raft.server.log.appender.buffer.byte-limit = 33554432 (custom)
2019-10-19 01:04:20,788 [main] INFO  server.GrpcService (ConfUtils.java:logGet(43)) - raft.grpc.flow.control.window = 1MB (=1048576) (default)
2019-10-19 01:04:20,788 [main] INFO  server.RaftServerConfigKeys (ConfUtils.java:logGet(43)) - raft.server.rpc.request.timeout = 3000ms (default)
2019-10-19 01:04:20,789 [main] INFO  server.RaftServerConfigKeys (ConfUtils.java:logGet(43)) - raft.server.storage.dir = [/workdir/hadoop-ozone/integration-test/target/test-dir/MiniOzoneClusterImpl-08d89ad4-f612-48fc-8979-c1cb428f8ac2/datanode-4/data/ratis] (custom)
2019-10-19 01:04:20,791 [main] INFO  hdfs.DFSUtil (DFSUtil.java:httpServerTemplateForNNAndJN(1641)) - Starting Web-server for hddsDatanode at: http://0.0.0.0:0
2019-10-19 01:04:20,793 [main] INFO  server.AuthenticationFilter (AuthenticationFilter.java:constructSecretProvider(240)) - Unable to initialize FileSignerSecretProvider, falling back to use random secrets.
2019-10-19 01:04:20,795 [main] WARN  http.HttpRequestLog (HttpRequestLog.java:getRequestLog(97)) - Jetty request log can only be enabled using Log4j
2019-10-19 01:04:20,797 [main] INFO  http.HttpServer2 (HttpServer2.java:addGlobalFilter(975)) - Added global filter 'safety' (class=org.apache.hadoop.http.HttpServer2$QuotingInputFilter)
2019-10-19 01:04:20,798 [main] INFO  http.HttpServer2 (HttpServer2.java:addFilter(948)) - Added filter static_user_filter (class=org.apache.hadoop.http.lib.StaticUserWebFilter$StaticUserFilter) to context hddsDatanode
2019-10-19 01:04:20,798 [main] INFO  http.HttpServer2 (HttpServer2.java:addFilter(958)) - Added filter static_user_filter (class=org.apache.hadoop.http.lib.StaticUserWebFilter$StaticUserFilter) to context static
2019-10-19 01:04:20,799 [main] INFO  http.HttpServer2 (HttpServer2.java:addFilter(958)) - Added filter static_user_filter (class=org.apache.hadoop.http.lib.StaticUserWebFilter$StaticUserFilter) to context logs
2019-10-19 01:04:20,800 [main] INFO  http.HttpServer2 (HttpServer2.java:bindListener(1191)) - Jetty bound to port 34435
2019-10-19 01:04:20,800 [main] INFO  server.Server (Server.java:doStart(351)) - jetty-9.3.25.v20180904, build timestamp: 2018-09-04T21:11:46Z, git hash: 3ce520221d0240229c862b122d2b06c12a625732
2019-10-19 01:04:20,803 [main] INFO  handler.ContextHandler (ContextHandler.java:doStart(781)) - Started o.e.j.s.ServletContextHandler@712cfb63{/logs,file:///workdir/hadoop-ozone/integration-test/target/log,AVAILABLE}
2019-10-19 01:04:20,804 [main] INFO  handler.ContextHandler (ContextHandler.java:doStart(781)) - Started o.e.j.s.ServletContextHandler@15639440{/static,jar:file:/home/user/.m2/repository/org/apache/hadoop/hadoop-hdds-container-service/0.5.0-SNAPSHOT/hadoop-hdds-container-service-0.5.0-SNAPSHOT.jar!/webapps/static,AVAILABLE}
2019-10-19 01:04:20,852 [main] INFO  handler.ContextHandler (ContextHandler.java:doStart(781)) - Started o.e.j.w.WebAppContext@5a6fa56e{/,file:///tmp/jetty-0.0.0.0-34435-hddsDatanode-_-any-2989358368782329075.dir/webapp/,AVAILABLE}{/hddsDatanode}
2019-10-19 01:04:20,852 [main] INFO  server.AbstractConnector (AbstractConnector.java:doStart(278)) - Started ServerConnector@1981d861{HTTP/1.1,[http/1.1]}{0.0.0.0:34435}
2019-10-19 01:04:20,853 [main] INFO  server.Server (Server.java:doStart(419)) - Started @5410ms
2019-10-19 01:04:20,855 [main] WARN  impl.MetricsSystemImpl (MetricsSystemImpl.java:register(276)) - Sink prometheus already exists!
2019-10-19 01:04:20,856 [main] INFO  server.BaseHttpServer (BaseHttpServer.java:updateConnectorAddress(215)) - HTTP server of HDDSDATANODE is listening at http://0.0.0.0:34435
2019-10-19 01:04:20,856 [main] INFO  impl.MetricsSystemImpl (MetricsSystemImpl.java:init(158)) - HddsDatanode metrics system started (again)
2019-10-19 01:04:20,860 [main] INFO  ozone.HddsDatanodeService (HddsDatanodeService.java:start(184)) - HddsDatanodeService host:pr-hdds-2333-xd9jc-2947872914 ip:192.168.157.213
2019-10-19 01:04:20,860 [org.apache.hadoop.util.JvmPauseMonitor$Monitor@23e67dd7] INFO  util.JvmPauseMonitor (JvmPauseMonitor.java:run(188)) - Starting JVM pause monitor
2019-10-19 01:04:20,864 [Datanode State Machine Thread - 0] INFO  datanode.InitDatanodeState (InitDatanodeState.java:persistContainerDatanodeDetails(140)) - DatanodeDetails is persisted to /workdir/hadoop-ozone/integration-test/target/test-dir/MiniOzoneClusterImpl-08d89ad4-f612-48fc-8979-c1cb428f8ac2/datanode-4/meta/datanode.id
2019-10-19 01:04:20,870 [main] INFO  volume.HddsVolume (HddsVolume.java:<init>(176)) - Creating Volume: /workdir/hadoop-ozone/integration-test/target/test-dir/MiniOzoneClusterImpl-08d89ad4-f612-48fc-8979-c1cb428f8ac2/datanode-5/data/containers/hdds of  storage type : DISK and capacity : 1482555576320
2019-10-19 01:04:20,871 [main] INFO  volume.VolumeSet (VolumeSet.java:initializeVolumeSet(170)) - Added Volume : /workdir/hadoop-ozone/integration-test/target/test-dir/MiniOzoneClusterImpl-08d89ad4-f612-48fc-8979-c1cb428f8ac2/datanode-5/data/containers/hdds to VolumeSet
2019-10-19 01:04:20,871 [main] INFO  volume.ThrottledAsyncChecker (ThrottledAsyncChecker.java:schedule(141)) - Scheduling a check for /workdir/hadoop-ozone/integration-test/target/test-dir/MiniOzoneClusterImpl-08d89ad4-f612-48fc-8979-c1cb428f8ac2/datanode-5/data/containers/hdds
2019-10-19 01:04:20,872 [main] INFO  volume.HddsVolumeChecker (HddsVolumeChecker.java:checkAllVolumes(204)) - Scheduled health check for volume /workdir/hadoop-ozone/integration-test/target/test-dir/MiniOzoneClusterImpl-08d89ad4-f612-48fc-8979-c1cb428f8ac2/datanode-5/data/containers/hdds
2019-10-19 01:04:20,894 [main] INFO  impl.RaftServerProxy (ConfUtils.java:logGet(43)) - raft.rpc.type = GRPC (default)
2019-10-19 01:04:20,894 [main] INFO  grpc.GrpcFactory (GrpcFactory.java:checkPooledByteBufAllocatorUseCacheForAllThreads(45)) - PERFORMANCE WARNING: useCacheForAllThreads is true that may cause Netty to create a lot garbage objects and, as a result, trigger GC.
	It is recommended to disable useCacheForAllThreads by setting -Dorg.apache.ratis.thirdparty.io.netty.allocator.useCacheForAllThreads=false in command line.
2019-10-19 01:04:20,894 [main] INFO  grpc.GrpcConfigKeys$Server (ConfUtils.java:logGet(43)) - raft.grpc.server.port = 0 (default)
2019-10-19 01:04:20,895 [main] INFO  server.GrpcService (ConfUtils.java:logGet(43)) - raft.grpc.message.size.max = 33570816 (custom)
2019-10-19 01:04:20,895 [main] INFO  server.RaftServerConfigKeys (ConfUtils.java:logGet(43)) - raft.server.log.appender.buffer.byte-limit = 33554432 (custom)
2019-10-19 01:04:20,895 [main] INFO  server.GrpcService (ConfUtils.java:logGet(43)) - raft.grpc.flow.control.window = 1MB (=1048576) (default)
2019-10-19 01:04:20,896 [main] INFO  server.RaftServerConfigKeys (ConfUtils.java:logGet(43)) - raft.server.rpc.request.timeout = 3000ms (default)
2019-10-19 01:04:20,896 [main] INFO  server.RaftServerConfigKeys (ConfUtils.java:logGet(43)) - raft.server.storage.dir = [/workdir/hadoop-ozone/integration-test/target/test-dir/MiniOzoneClusterImpl-08d89ad4-f612-48fc-8979-c1cb428f8ac2/datanode-5/data/ratis] (custom)
2019-10-19 01:04:20,899 [main] INFO  hdfs.DFSUtil (DFSUtil.java:httpServerTemplateForNNAndJN(1641)) - Starting Web-server for hddsDatanode at: http://0.0.0.0:0
2019-10-19 01:04:20,900 [main] INFO  server.AuthenticationFilter (AuthenticationFilter.java:constructSecretProvider(240)) - Unable to initialize FileSignerSecretProvider, falling back to use random secrets.
2019-10-19 01:04:20,901 [main] WARN  http.HttpRequestLog (HttpRequestLog.java:getRequestLog(97)) - Jetty request log can only be enabled using Log4j
2019-10-19 01:04:20,902 [main] INFO  http.HttpServer2 (HttpServer2.java:addGlobalFilter(975)) - Added global filter 'safety' (class=org.apache.hadoop.http.HttpServer2$QuotingInputFilter)
2019-10-19 01:04:20,903 [main] INFO  http.HttpServer2 (HttpServer2.java:addFilter(948)) - Added filter static_user_filter (class=org.apache.hadoop.http.lib.StaticUserWebFilter$StaticUserFilter) to context hddsDatanode
2019-10-19 01:04:20,903 [main] INFO  http.HttpServer2 (HttpServer2.java:addFilter(958)) - Added filter static_user_filter (class=org.apache.hadoop.http.lib.StaticUserWebFilter$StaticUserFilter) to context logs
2019-10-19 01:04:20,903 [main] INFO  http.HttpServer2 (HttpServer2.java:addFilter(958)) - Added filter static_user_filter (class=org.apache.hadoop.http.lib.StaticUserWebFilter$StaticUserFilter) to context static
2019-10-19 01:04:20,904 [main] INFO  http.HttpServer2 (HttpServer2.java:bindListener(1191)) - Jetty bound to port 42230
2019-10-19 01:04:20,904 [main] INFO  server.Server (Server.java:doStart(351)) - jetty-9.3.25.v20180904, build timestamp: 2018-09-04T21:11:46Z, git hash: 3ce520221d0240229c862b122d2b06c12a625732
2019-10-19 01:04:20,906 [main] INFO  handler.ContextHandler (ContextHandler.java:doStart(781)) - Started o.e.j.s.ServletContextHandler@1305c126{/logs,file:///workdir/hadoop-ozone/integration-test/target/log,AVAILABLE}
2019-10-19 01:04:20,907 [main] INFO  handler.ContextHandler (ContextHandler.java:doStart(781)) - Started o.e.j.s.ServletContextHandler@4c1bdcc2{/static,jar:file:/home/user/.m2/repository/org/apache/hadoop/hadoop-hdds-container-service/0.5.0-SNAPSHOT/hadoop-hdds-container-service-0.5.0-SNAPSHOT.jar!/webapps/static,AVAILABLE}
2019-10-19 01:04:20,938 [main] INFO  handler.ContextHandler (ContextHandler.java:doStart(781)) - Started o.e.j.w.WebAppContext@715b886f{/,file:///tmp/jetty-0.0.0.0-42230-hddsDatanode-_-any-304595479834770373.dir/webapp/,AVAILABLE}{/hddsDatanode}
2019-10-19 01:04:20,939 [main] INFO  server.AbstractConnector (AbstractConnector.java:doStart(278)) - Started ServerConnector@7fb29ca9{HTTP/1.1,[http/1.1]}{0.0.0.0:42230}
2019-10-19 01:04:20,940 [main] INFO  server.Server (Server.java:doStart(419)) - Started @5497ms
2019-10-19 01:04:20,941 [main] WARN  impl.MetricsSystemImpl (MetricsSystemImpl.java:register(276)) - Sink prometheus already exists!
2019-10-19 01:04:20,941 [main] INFO  server.BaseHttpServer (BaseHttpServer.java:updateConnectorAddress(215)) - HTTP server of HDDSDATANODE is listening at http://0.0.0.0:42230
2019-10-19 01:04:20,942 [main] INFO  impl.MetricsSystemImpl (MetricsSystemImpl.java:init(158)) - HddsDatanode metrics system started (again)
2019-10-19 01:04:20,946 [org.apache.hadoop.util.JvmPauseMonitor$Monitor@2ee1ef52] INFO  util.JvmPauseMonitor (JvmPauseMonitor.java:run(188)) - Starting JVM pause monitor
2019-10-19 01:04:20,946 [main] INFO  ozone.HddsDatanodeService (HddsDatanodeService.java:start(184)) - HddsDatanodeService host:pr-hdds-2333-xd9jc-2947872914 ip:192.168.157.213
2019-10-19 01:04:20,950 [Datanode State Machine Thread - 0] INFO  datanode.InitDatanodeState (InitDatanodeState.java:persistContainerDatanodeDetails(140)) - DatanodeDetails is persisted to /workdir/hadoop-ozone/integration-test/target/test-dir/MiniOzoneClusterImpl-08d89ad4-f612-48fc-8979-c1cb428f8ac2/datanode-5/meta/datanode.id
2019-10-19 01:04:20,955 [main] INFO  volume.HddsVolume (HddsVolume.java:<init>(176)) - Creating Volume: /workdir/hadoop-ozone/integration-test/target/test-dir/MiniOzoneClusterImpl-08d89ad4-f612-48fc-8979-c1cb428f8ac2/datanode-6/data/containers/hdds of  storage type : DISK and capacity : 1482555576320
2019-10-19 01:04:20,955 [main] INFO  volume.VolumeSet (VolumeSet.java:initializeVolumeSet(170)) - Added Volume : /workdir/hadoop-ozone/integration-test/target/test-dir/MiniOzoneClusterImpl-08d89ad4-f612-48fc-8979-c1cb428f8ac2/datanode-6/data/containers/hdds to VolumeSet
2019-10-19 01:04:20,956 [main] INFO  volume.ThrottledAsyncChecker (ThrottledAsyncChecker.java:schedule(141)) - Scheduling a check for /workdir/hadoop-ozone/integration-test/target/test-dir/MiniOzoneClusterImpl-08d89ad4-f612-48fc-8979-c1cb428f8ac2/datanode-6/data/containers/hdds
2019-10-19 01:04:20,956 [main] INFO  volume.HddsVolumeChecker (HddsVolumeChecker.java:checkAllVolumes(204)) - Scheduled health check for volume /workdir/hadoop-ozone/integration-test/target/test-dir/MiniOzoneClusterImpl-08d89ad4-f612-48fc-8979-c1cb428f8ac2/datanode-6/data/containers/hdds
2019-10-19 01:04:20,973 [main] INFO  impl.RaftServerProxy (ConfUtils.java:logGet(43)) - raft.rpc.type = GRPC (default)
2019-10-19 01:04:20,974 [main] INFO  grpc.GrpcFactory (GrpcFactory.java:checkPooledByteBufAllocatorUseCacheForAllThreads(45)) - PERFORMANCE WARNING: useCacheForAllThreads is true that may cause Netty to create a lot garbage objects and, as a result, trigger GC.
	It is recommended to disable useCacheForAllThreads by setting -Dorg.apache.ratis.thirdparty.io.netty.allocator.useCacheForAllThreads=false in command line.
2019-10-19 01:04:20,974 [main] INFO  grpc.GrpcConfigKeys$Server (ConfUtils.java:logGet(43)) - raft.grpc.server.port = 0 (default)
2019-10-19 01:04:20,974 [main] INFO  server.GrpcService (ConfUtils.java:logGet(43)) - raft.grpc.message.size.max = 33570816 (custom)
2019-10-19 01:04:20,974 [main] INFO  server.RaftServerConfigKeys (ConfUtils.java:logGet(43)) - raft.server.log.appender.buffer.byte-limit = 33554432 (custom)
2019-10-19 01:04:20,975 [main] INFO  server.GrpcService (ConfUtils.java:logGet(43)) - raft.grpc.flow.control.window = 1MB (=1048576) (default)
2019-10-19 01:04:20,975 [main] INFO  server.RaftServerConfigKeys (ConfUtils.java:logGet(43)) - raft.server.rpc.request.timeout = 3000ms (default)
2019-10-19 01:04:20,975 [main] INFO  server.RaftServerConfigKeys (ConfUtils.java:logGet(43)) - raft.server.storage.dir = [/workdir/hadoop-ozone/integration-test/target/test-dir/MiniOzoneClusterImpl-08d89ad4-f612-48fc-8979-c1cb428f8ac2/datanode-6/data/ratis] (custom)
2019-10-19 01:04:20,977 [main] INFO  hdfs.DFSUtil (DFSUtil.java:httpServerTemplateForNNAndJN(1641)) - Starting Web-server for hddsDatanode at: http://0.0.0.0:0
2019-10-19 01:04:20,978 [main] INFO  server.AuthenticationFilter (AuthenticationFilter.java:constructSecretProvider(240)) - Unable to initialize FileSignerSecretProvider, falling back to use random secrets.
2019-10-19 01:04:20,979 [main] WARN  http.HttpRequestLog (HttpRequestLog.java:getRequestLog(97)) - Jetty request log can only be enabled using Log4j
2019-10-19 01:04:20,980 [main] INFO  http.HttpServer2 (HttpServer2.java:addGlobalFilter(975)) - Added global filter 'safety' (class=org.apache.hadoop.http.HttpServer2$QuotingInputFilter)
2019-10-19 01:04:20,981 [main] INFO  http.HttpServer2 (HttpServer2.java:addFilter(948)) - Added filter static_user_filter (class=org.apache.hadoop.http.lib.StaticUserWebFilter$StaticUserFilter) to context hddsDatanode
2019-10-19 01:04:20,981 [main] INFO  http.HttpServer2 (HttpServer2.java:addFilter(958)) - Added filter static_user_filter (class=org.apache.hadoop.http.lib.StaticUserWebFilter$StaticUserFilter) to context static
2019-10-19 01:04:20,982 [main] INFO  http.HttpServer2 (HttpServer2.java:addFilter(958)) - Added filter static_user_filter (class=org.apache.hadoop.http.lib.StaticUserWebFilter$StaticUserFilter) to context logs
2019-10-19 01:04:20,982 [main] INFO  http.HttpServer2 (HttpServer2.java:bindListener(1191)) - Jetty bound to port 39035
2019-10-19 01:04:20,983 [main] INFO  server.Server (Server.java:doStart(351)) - jetty-9.3.25.v20180904, build timestamp: 2018-09-04T21:11:46Z, git hash: 3ce520221d0240229c862b122d2b06c12a625732
2019-10-19 01:04:20,985 [main] INFO  handler.ContextHandler (ContextHandler.java:doStart(781)) - Started o.e.j.s.ServletContextHandler@6f94fb9d{/logs,file:///workdir/hadoop-ozone/integration-test/target/log,AVAILABLE}
2019-10-19 01:04:20,985 [main] INFO  handler.ContextHandler (ContextHandler.java:doStart(781)) - Started o.e.j.s.ServletContextHandler@4228bf58{/static,jar:file:/home/user/.m2/repository/org/apache/hadoop/hadoop-hdds-container-service/0.5.0-SNAPSHOT/hadoop-hdds-container-service-0.5.0-SNAPSHOT.jar!/webapps/static,AVAILABLE}
2019-10-19 01:04:21,016 [main] INFO  handler.ContextHandler (ContextHandler.java:doStart(781)) - Started o.e.j.w.WebAppContext@934b52f{/,file:///tmp/jetty-0.0.0.0-39035-hddsDatanode-_-any-9105556330260079722.dir/webapp/,AVAILABLE}{/hddsDatanode}
2019-10-19 01:04:21,017 [main] INFO  server.AbstractConnector (AbstractConnector.java:doStart(278)) - Started ServerConnector@2630dbc4{HTTP/1.1,[http/1.1]}{0.0.0.0:39035}
2019-10-19 01:04:21,018 [main] INFO  server.Server (Server.java:doStart(419)) - Started @5575ms
2019-10-19 01:04:21,018 [main] WARN  impl.MetricsSystemImpl (MetricsSystemImpl.java:register(276)) - Sink prometheus already exists!
2019-10-19 01:04:21,019 [main] INFO  server.BaseHttpServer (BaseHttpServer.java:updateConnectorAddress(215)) - HTTP server of HDDSDATANODE is listening at http://0.0.0.0:39035
2019-10-19 01:04:21,019 [main] INFO  impl.MetricsSystemImpl (MetricsSystemImpl.java:init(158)) - HddsDatanode metrics system started (again)
2019-10-19 01:04:21,024 [org.apache.hadoop.util.JvmPauseMonitor$Monitor@c47ccea] INFO  util.JvmPauseMonitor (JvmPauseMonitor.java:run(188)) - Starting JVM pause monitor
2019-10-19 01:04:21,024 [main] INFO  ozone.HddsDatanodeService (HddsDatanodeService.java:start(184)) - HddsDatanodeService host:pr-hdds-2333-xd9jc-2947872914 ip:192.168.157.213
2019-10-19 01:04:21,027 [Datanode State Machine Thread - 0] INFO  datanode.InitDatanodeState (InitDatanodeState.java:persistContainerDatanodeDetails(140)) - DatanodeDetails is persisted to /workdir/hadoop-ozone/integration-test/target/test-dir/MiniOzoneClusterImpl-08d89ad4-f612-48fc-8979-c1cb428f8ac2/datanode-6/meta/datanode.id
2019-10-19 01:04:21,035 [main] INFO  volume.HddsVolume (HddsVolume.java:<init>(176)) - Creating Volume: /workdir/hadoop-ozone/integration-test/target/test-dir/MiniOzoneClusterImpl-08d89ad4-f612-48fc-8979-c1cb428f8ac2/datanode-7/data/containers/hdds of  storage type : DISK and capacity : 1482555576320
2019-10-19 01:04:21,035 [main] INFO  volume.VolumeSet (VolumeSet.java:initializeVolumeSet(170)) - Added Volume : /workdir/hadoop-ozone/integration-test/target/test-dir/MiniOzoneClusterImpl-08d89ad4-f612-48fc-8979-c1cb428f8ac2/datanode-7/data/containers/hdds to VolumeSet
2019-10-19 01:04:21,036 [main] INFO  volume.ThrottledAsyncChecker (ThrottledAsyncChecker.java:schedule(141)) - Scheduling a check for /workdir/hadoop-ozone/integration-test/target/test-dir/MiniOzoneClusterImpl-08d89ad4-f612-48fc-8979-c1cb428f8ac2/datanode-7/data/containers/hdds
2019-10-19 01:04:21,036 [main] INFO  volume.HddsVolumeChecker (HddsVolumeChecker.java:checkAllVolumes(204)) - Scheduled health check for volume /workdir/hadoop-ozone/integration-test/target/test-dir/MiniOzoneClusterImpl-08d89ad4-f612-48fc-8979-c1cb428f8ac2/datanode-7/data/containers/hdds
2019-10-19 01:04:21,050 [main] INFO  impl.RaftServerProxy (ConfUtils.java:logGet(43)) - raft.rpc.type = GRPC (default)
2019-10-19 01:04:21,051 [main] INFO  grpc.GrpcFactory (GrpcFactory.java:checkPooledByteBufAllocatorUseCacheForAllThreads(45)) - PERFORMANCE WARNING: useCacheForAllThreads is true that may cause Netty to create a lot garbage objects and, as a result, trigger GC.
	It is recommended to disable useCacheForAllThreads by setting -Dorg.apache.ratis.thirdparty.io.netty.allocator.useCacheForAllThreads=false in command line.
2019-10-19 01:04:21,051 [main] INFO  grpc.GrpcConfigKeys$Server (ConfUtils.java:logGet(43)) - raft.grpc.server.port = 0 (default)
2019-10-19 01:04:21,051 [main] INFO  server.GrpcService (ConfUtils.java:logGet(43)) - raft.grpc.message.size.max = 33570816 (custom)
2019-10-19 01:04:21,052 [main] INFO  server.RaftServerConfigKeys (ConfUtils.java:logGet(43)) - raft.server.log.appender.buffer.byte-limit = 33554432 (custom)
2019-10-19 01:04:21,052 [main] INFO  server.GrpcService (ConfUtils.java:logGet(43)) - raft.grpc.flow.control.window = 1MB (=1048576) (default)
2019-10-19 01:04:21,052 [main] INFO  server.RaftServerConfigKeys (ConfUtils.java:logGet(43)) - raft.server.rpc.request.timeout = 3000ms (default)
2019-10-19 01:04:21,053 [main] INFO  server.RaftServerConfigKeys (ConfUtils.java:logGet(43)) - raft.server.storage.dir = [/workdir/hadoop-ozone/integration-test/target/test-dir/MiniOzoneClusterImpl-08d89ad4-f612-48fc-8979-c1cb428f8ac2/datanode-7/data/ratis] (custom)
2019-10-19 01:04:21,055 [main] INFO  hdfs.DFSUtil (DFSUtil.java:httpServerTemplateForNNAndJN(1641)) - Starting Web-server for hddsDatanode at: http://0.0.0.0:0
2019-10-19 01:04:21,056 [main] INFO  server.AuthenticationFilter (AuthenticationFilter.java:constructSecretProvider(240)) - Unable to initialize FileSignerSecretProvider, falling back to use random secrets.
2019-10-19 01:04:21,057 [main] WARN  http.HttpRequestLog (HttpRequestLog.java:getRequestLog(97)) - Jetty request log can only be enabled using Log4j
2019-10-19 01:04:21,059 [main] INFO  http.HttpServer2 (HttpServer2.java:addGlobalFilter(975)) - Added global filter 'safety' (class=org.apache.hadoop.http.HttpServer2$QuotingInputFilter)
2019-10-19 01:04:21,059 [main] INFO  http.HttpServer2 (HttpServer2.java:addFilter(948)) - Added filter static_user_filter (class=org.apache.hadoop.http.lib.StaticUserWebFilter$StaticUserFilter) to context hddsDatanode
2019-10-19 01:04:21,060 [main] INFO  http.HttpServer2 (HttpServer2.java:addFilter(958)) - Added filter static_user_filter (class=org.apache.hadoop.http.lib.StaticUserWebFilter$StaticUserFilter) to context logs
2019-10-19 01:04:21,060 [main] INFO  http.HttpServer2 (HttpServer2.java:addFilter(958)) - Added filter static_user_filter (class=org.apache.hadoop.http.lib.StaticUserWebFilter$StaticUserFilter) to context static
2019-10-19 01:04:21,061 [main] INFO  http.HttpServer2 (HttpServer2.java:bindListener(1191)) - Jetty bound to port 44300
2019-10-19 01:04:21,061 [main] INFO  server.Server (Server.java:doStart(351)) - jetty-9.3.25.v20180904, build timestamp: 2018-09-04T21:11:46Z, git hash: 3ce520221d0240229c862b122d2b06c12a625732
2019-10-19 01:04:21,063 [main] INFO  handler.ContextHandler (ContextHandler.java:doStart(781)) - Started o.e.j.s.ServletContextHandler@12eedfee{/logs,file:///workdir/hadoop-ozone/integration-test/target/log,AVAILABLE}
2019-10-19 01:04:21,063 [main] INFO  handler.ContextHandler (ContextHandler.java:doStart(781)) - Started o.e.j.s.ServletContextHandler@1352434e{/static,jar:file:/home/user/.m2/repository/org/apache/hadoop/hadoop-hdds-container-service/0.5.0-SNAPSHOT/hadoop-hdds-container-service-0.5.0-SNAPSHOT.jar!/webapps/static,AVAILABLE}
2019-10-19 01:04:21,098 [main] INFO  handler.ContextHandler (ContextHandler.java:doStart(781)) - Started o.e.j.w.WebAppContext@10f7918f{/,file:///tmp/jetty-0.0.0.0-44300-hddsDatanode-_-any-6547314363316331825.dir/webapp/,AVAILABLE}{/hddsDatanode}
2019-10-19 01:04:21,099 [main] INFO  server.AbstractConnector (AbstractConnector.java:doStart(278)) - Started ServerConnector@64d4f7c7{HTTP/1.1,[http/1.1]}{0.0.0.0:44300}
2019-10-19 01:04:21,099 [main] INFO  server.Server (Server.java:doStart(419)) - Started @5656ms
2019-10-19 01:04:21,099 [main] WARN  impl.MetricsSystemImpl (MetricsSystemImpl.java:register(276)) - Sink prometheus already exists!
2019-10-19 01:04:21,101 [main] INFO  server.BaseHttpServer (BaseHttpServer.java:updateConnectorAddress(215)) - HTTP server of HDDSDATANODE is listening at http://0.0.0.0:44300
2019-10-19 01:04:21,101 [main] INFO  impl.MetricsSystemImpl (MetricsSystemImpl.java:init(158)) - HddsDatanode metrics system started (again)
2019-10-19 01:04:21,105 [org.apache.hadoop.util.JvmPauseMonitor$Monitor@1844e529] INFO  util.JvmPauseMonitor (JvmPauseMonitor.java:run(188)) - Starting JVM pause monitor
2019-10-19 01:04:21,106 [main] INFO  ozone.HddsDatanodeService (HddsDatanodeService.java:start(184)) - HddsDatanodeService host:pr-hdds-2333-xd9jc-2947872914 ip:192.168.157.213
2019-10-19 01:04:21,107 [Datanode State Machine Thread - 0] INFO  datanode.InitDatanodeState (InitDatanodeState.java:persistContainerDatanodeDetails(140)) - DatanodeDetails is persisted to /workdir/hadoop-ozone/integration-test/target/test-dir/MiniOzoneClusterImpl-08d89ad4-f612-48fc-8979-c1cb428f8ac2/datanode-7/meta/datanode.id
2019-10-19 01:04:21,114 [main] INFO  volume.HddsVolume (HddsVolume.java:<init>(176)) - Creating Volume: /workdir/hadoop-ozone/integration-test/target/test-dir/MiniOzoneClusterImpl-08d89ad4-f612-48fc-8979-c1cb428f8ac2/datanode-8/data/containers/hdds of  storage type : DISK and capacity : 1482555576320
2019-10-19 01:04:21,115 [main] INFO  volume.VolumeSet (VolumeSet.java:initializeVolumeSet(170)) - Added Volume : /workdir/hadoop-ozone/integration-test/target/test-dir/MiniOzoneClusterImpl-08d89ad4-f612-48fc-8979-c1cb428f8ac2/datanode-8/data/containers/hdds to VolumeSet
2019-10-19 01:04:21,115 [main] INFO  volume.ThrottledAsyncChecker (ThrottledAsyncChecker.java:schedule(141)) - Scheduling a check for /workdir/hadoop-ozone/integration-test/target/test-dir/MiniOzoneClusterImpl-08d89ad4-f612-48fc-8979-c1cb428f8ac2/datanode-8/data/containers/hdds
2019-10-19 01:04:21,115 [main] INFO  volume.HddsVolumeChecker (HddsVolumeChecker.java:checkAllVolumes(204)) - Scheduled health check for volume /workdir/hadoop-ozone/integration-test/target/test-dir/MiniOzoneClusterImpl-08d89ad4-f612-48fc-8979-c1cb428f8ac2/datanode-8/data/containers/hdds
2019-10-19 01:04:21,137 [main] INFO  impl.RaftServerProxy (ConfUtils.java:logGet(43)) - raft.rpc.type = GRPC (default)
2019-10-19 01:04:21,137 [main] INFO  grpc.GrpcFactory (GrpcFactory.java:checkPooledByteBufAllocatorUseCacheForAllThreads(45)) - PERFORMANCE WARNING: useCacheForAllThreads is true that may cause Netty to create a lot garbage objects and, as a result, trigger GC.
	It is recommended to disable useCacheForAllThreads by setting -Dorg.apache.ratis.thirdparty.io.netty.allocator.useCacheForAllThreads=false in command line.
2019-10-19 01:04:21,137 [main] INFO  grpc.GrpcConfigKeys$Server (ConfUtils.java:logGet(43)) - raft.grpc.server.port = 0 (default)
2019-10-19 01:04:21,137 [main] INFO  server.GrpcService (ConfUtils.java:logGet(43)) - raft.grpc.message.size.max = 33570816 (custom)
2019-10-19 01:04:21,138 [main] INFO  server.RaftServerConfigKeys (ConfUtils.java:logGet(43)) - raft.server.log.appender.buffer.byte-limit = 33554432 (custom)
2019-10-19 01:04:21,138 [main] INFO  server.GrpcService (ConfUtils.java:logGet(43)) - raft.grpc.flow.control.window = 1MB (=1048576) (default)
2019-10-19 01:04:21,138 [main] INFO  server.RaftServerConfigKeys (ConfUtils.java:logGet(43)) - raft.server.rpc.request.timeout = 3000ms (default)
2019-10-19 01:04:21,139 [main] INFO  server.RaftServerConfigKeys (ConfUtils.java:logGet(43)) - raft.server.storage.dir = [/workdir/hadoop-ozone/integration-test/target/test-dir/MiniOzoneClusterImpl-08d89ad4-f612-48fc-8979-c1cb428f8ac2/datanode-8/data/ratis] (custom)
2019-10-19 01:04:21,140 [main] INFO  hdfs.DFSUtil (DFSUtil.java:httpServerTemplateForNNAndJN(1641)) - Starting Web-server for hddsDatanode at: http://0.0.0.0:0
2019-10-19 01:04:21,142 [main] INFO  server.AuthenticationFilter (AuthenticationFilter.java:constructSecretProvider(240)) - Unable to initialize FileSignerSecretProvider, falling back to use random secrets.
2019-10-19 01:04:21,142 [main] WARN  http.HttpRequestLog (HttpRequestLog.java:getRequestLog(97)) - Jetty request log can only be enabled using Log4j
2019-10-19 01:04:21,144 [main] INFO  http.HttpServer2 (HttpServer2.java:addGlobalFilter(975)) - Added global filter 'safety' (class=org.apache.hadoop.http.HttpServer2$QuotingInputFilter)
2019-10-19 01:04:21,144 [main] INFO  http.HttpServer2 (HttpServer2.java:addFilter(948)) - Added filter static_user_filter (class=org.apache.hadoop.http.lib.StaticUserWebFilter$StaticUserFilter) to context hddsDatanode
2019-10-19 01:04:21,144 [main] INFO  http.HttpServer2 (HttpServer2.java:addFilter(958)) - Added filter static_user_filter (class=org.apache.hadoop.http.lib.StaticUserWebFilter$StaticUserFilter) to context static
2019-10-19 01:04:21,145 [main] INFO  http.HttpServer2 (HttpServer2.java:addFilter(958)) - Added filter static_user_filter (class=org.apache.hadoop.http.lib.StaticUserWebFilter$StaticUserFilter) to context logs
2019-10-19 01:04:21,145 [main] INFO  http.HttpServer2 (HttpServer2.java:bindListener(1191)) - Jetty bound to port 44316
2019-10-19 01:04:21,146 [main] INFO  server.Server (Server.java:doStart(351)) - jetty-9.3.25.v20180904, build timestamp: 2018-09-04T21:11:46Z, git hash: 3ce520221d0240229c862b122d2b06c12a625732
2019-10-19 01:04:21,147 [main] INFO  handler.ContextHandler (ContextHandler.java:doStart(781)) - Started o.e.j.s.ServletContextHandler@79a04e5f{/logs,file:///workdir/hadoop-ozone/integration-test/target/log,AVAILABLE}
2019-10-19 01:04:21,148 [main] INFO  handler.ContextHandler (ContextHandler.java:doStart(781)) - Started o.e.j.s.ServletContextHandler@53311681{/static,jar:file:/home/user/.m2/repository/org/apache/hadoop/hadoop-hdds-container-service/0.5.0-SNAPSHOT/hadoop-hdds-container-service-0.5.0-SNAPSHOT.jar!/webapps/static,AVAILABLE}
2019-10-19 01:04:21,178 [main] INFO  handler.ContextHandler (ContextHandler.java:doStart(781)) - Started o.e.j.w.WebAppContext@59696551{/,file:///tmp/jetty-0.0.0.0-44316-hddsDatanode-_-any-9085669918780213396.dir/webapp/,AVAILABLE}{/hddsDatanode}
2019-10-19 01:04:21,179 [main] INFO  server.AbstractConnector (AbstractConnector.java:doStart(278)) - Started ServerConnector@648d0e6d{HTTP/1.1,[http/1.1]}{0.0.0.0:44316}
2019-10-19 01:04:21,180 [main] INFO  server.Server (Server.java:doStart(419)) - Started @5737ms
2019-10-19 01:04:21,180 [main] WARN  impl.MetricsSystemImpl (MetricsSystemImpl.java:register(276)) - Sink prometheus already exists!
2019-10-19 01:04:21,181 [main] INFO  server.BaseHttpServer (BaseHttpServer.java:updateConnectorAddress(215)) - HTTP server of HDDSDATANODE is listening at http://0.0.0.0:44316
2019-10-19 01:04:21,181 [main] INFO  impl.MetricsSystemImpl (MetricsSystemImpl.java:init(158)) - HddsDatanode metrics system started (again)
2019-10-19 01:04:21,185 [org.apache.hadoop.util.JvmPauseMonitor$Monitor@99a4083] INFO  util.JvmPauseMonitor (JvmPauseMonitor.java:run(188)) - Starting JVM pause monitor
2019-10-19 01:04:21,186 [main] INFO  ozone.HddsDatanodeService (HddsDatanodeService.java:start(184)) - HddsDatanodeService host:pr-hdds-2333-xd9jc-2947872914 ip:192.168.157.213
2019-10-19 01:04:21,187 [Datanode State Machine Thread - 0] INFO  datanode.InitDatanodeState (InitDatanodeState.java:persistContainerDatanodeDetails(140)) - DatanodeDetails is persisted to /workdir/hadoop-ozone/integration-test/target/test-dir/MiniOzoneClusterImpl-08d89ad4-f612-48fc-8979-c1cb428f8ac2/datanode-8/meta/datanode.id
2019-10-19 01:04:21,193 [main] INFO  volume.HddsVolume (HddsVolume.java:<init>(176)) - Creating Volume: /workdir/hadoop-ozone/integration-test/target/test-dir/MiniOzoneClusterImpl-08d89ad4-f612-48fc-8979-c1cb428f8ac2/datanode-9/data/containers/hdds of  storage type : DISK and capacity : 1482555576320
2019-10-19 01:04:21,193 [main] INFO  volume.VolumeSet (VolumeSet.java:initializeVolumeSet(170)) - Added Volume : /workdir/hadoop-ozone/integration-test/target/test-dir/MiniOzoneClusterImpl-08d89ad4-f612-48fc-8979-c1cb428f8ac2/datanode-9/data/containers/hdds to VolumeSet
2019-10-19 01:04:21,193 [main] INFO  volume.ThrottledAsyncChecker (ThrottledAsyncChecker.java:schedule(141)) - Scheduling a check for /workdir/hadoop-ozone/integration-test/target/test-dir/MiniOzoneClusterImpl-08d89ad4-f612-48fc-8979-c1cb428f8ac2/datanode-9/data/containers/hdds
2019-10-19 01:04:21,194 [main] INFO  volume.HddsVolumeChecker (HddsVolumeChecker.java:checkAllVolumes(204)) - Scheduled health check for volume /workdir/hadoop-ozone/integration-test/target/test-dir/MiniOzoneClusterImpl-08d89ad4-f612-48fc-8979-c1cb428f8ac2/datanode-9/data/containers/hdds
2019-10-19 01:04:21,208 [main] INFO  impl.RaftServerProxy (ConfUtils.java:logGet(43)) - raft.rpc.type = GRPC (default)
2019-10-19 01:04:21,208 [main] INFO  grpc.GrpcFactory (GrpcFactory.java:checkPooledByteBufAllocatorUseCacheForAllThreads(45)) - PERFORMANCE WARNING: useCacheForAllThreads is true that may cause Netty to create a lot garbage objects and, as a result, trigger GC.
	It is recommended to disable useCacheForAllThreads by setting -Dorg.apache.ratis.thirdparty.io.netty.allocator.useCacheForAllThreads=false in command line.
2019-10-19 01:04:21,208 [main] INFO  grpc.GrpcConfigKeys$Server (ConfUtils.java:logGet(43)) - raft.grpc.server.port = 0 (default)
2019-10-19 01:04:21,208 [main] INFO  server.GrpcService (ConfUtils.java:logGet(43)) - raft.grpc.message.size.max = 33570816 (custom)
2019-10-19 01:04:21,208 [main] INFO  server.RaftServerConfigKeys (ConfUtils.java:logGet(43)) - raft.server.log.appender.buffer.byte-limit = 33554432 (custom)
2019-10-19 01:04:21,208 [main] INFO  server.GrpcService (ConfUtils.java:logGet(43)) - raft.grpc.flow.control.window = 1MB (=1048576) (default)
2019-10-19 01:04:21,209 [main] INFO  server.RaftServerConfigKeys (ConfUtils.java:logGet(43)) - raft.server.rpc.request.timeout = 3000ms (default)
2019-10-19 01:04:21,209 [main] INFO  server.RaftServerConfigKeys (ConfUtils.java:logGet(43)) - raft.server.storage.dir = [/workdir/hadoop-ozone/integration-test/target/test-dir/MiniOzoneClusterImpl-08d89ad4-f612-48fc-8979-c1cb428f8ac2/datanode-9/data/ratis] (custom)
2019-10-19 01:04:21,211 [main] INFO  hdfs.DFSUtil (DFSUtil.java:httpServerTemplateForNNAndJN(1641)) - Starting Web-server for hddsDatanode at: http://0.0.0.0:0
2019-10-19 01:04:21,212 [main] INFO  server.AuthenticationFilter (AuthenticationFilter.java:constructSecretProvider(240)) - Unable to initialize FileSignerSecretProvider, falling back to use random secrets.
2019-10-19 01:04:21,213 [main] WARN  http.HttpRequestLog (HttpRequestLog.java:getRequestLog(97)) - Jetty request log can only be enabled using Log4j
2019-10-19 01:04:21,214 [main] INFO  http.HttpServer2 (HttpServer2.java:addGlobalFilter(975)) - Added global filter 'safety' (class=org.apache.hadoop.http.HttpServer2$QuotingInputFilter)
2019-10-19 01:04:21,215 [main] INFO  http.HttpServer2 (HttpServer2.java:addFilter(948)) - Added filter static_user_filter (class=org.apache.hadoop.http.lib.StaticUserWebFilter$StaticUserFilter) to context hddsDatanode
2019-10-19 01:04:21,215 [main] INFO  http.HttpServer2 (HttpServer2.java:addFilter(958)) - Added filter static_user_filter (class=org.apache.hadoop.http.lib.StaticUserWebFilter$StaticUserFilter) to context static
2019-10-19 01:04:21,215 [main] INFO  http.HttpServer2 (HttpServer2.java:addFilter(958)) - Added filter static_user_filter (class=org.apache.hadoop.http.lib.StaticUserWebFilter$StaticUserFilter) to context logs
2019-10-19 01:04:21,216 [main] INFO  http.HttpServer2 (HttpServer2.java:bindListener(1191)) - Jetty bound to port 40898
2019-10-19 01:04:21,216 [main] INFO  server.Server (Server.java:doStart(351)) - jetty-9.3.25.v20180904, build timestamp: 2018-09-04T21:11:46Z, git hash: 3ce520221d0240229c862b122d2b06c12a625732
2019-10-19 01:04:21,218 [main] INFO  handler.ContextHandler (ContextHandler.java:doStart(781)) - Started o.e.j.s.ServletContextHandler@6cbd0674{/logs,file:///workdir/hadoop-ozone/integration-test/target/log,AVAILABLE}
2019-10-19 01:04:21,219 [main] INFO  handler.ContextHandler (ContextHandler.java:doStart(781)) - Started o.e.j.s.ServletContextHandler@19a64eae{/static,jar:file:/home/user/.m2/repository/org/apache/hadoop/hadoop-hdds-container-service/0.5.0-SNAPSHOT/hadoop-hdds-container-service-0.5.0-SNAPSHOT.jar!/webapps/static,AVAILABLE}
2019-10-19 01:04:21,249 [main] INFO  handler.ContextHandler (ContextHandler.java:doStart(781)) - Started o.e.j.w.WebAppContext@10c72a6f{/,file:///tmp/jetty-0.0.0.0-40898-hddsDatanode-_-any-4726684352252494427.dir/webapp/,AVAILABLE}{/hddsDatanode}
2019-10-19 01:04:21,250 [main] INFO  server.AbstractConnector (AbstractConnector.java:doStart(278)) - Started ServerConnector@70e94ecb{HTTP/1.1,[http/1.1]}{0.0.0.0:40898}
2019-10-19 01:04:21,250 [main] INFO  server.Server (Server.java:doStart(419)) - Started @5807ms
2019-10-19 01:04:21,250 [main] WARN  impl.MetricsSystemImpl (MetricsSystemImpl.java:register(276)) - Sink prometheus already exists!
2019-10-19 01:04:21,251 [main] INFO  server.BaseHttpServer (BaseHttpServer.java:updateConnectorAddress(215)) - HTTP server of HDDSDATANODE is listening at http://0.0.0.0:40898
2019-10-19 01:04:21,255 [main] INFO  ozone.MiniOzoneClusterImpl (MiniOzoneClusterImpl.java:lambda$waitForClusterToBeReady$0(147)) - Waiting for cluster to be ready. Got 0 of 10 DN Heartbeats.
2019-10-19 01:04:21,256 [org.apache.hadoop.util.JvmPauseMonitor$Monitor@5d5e45f5] INFO  util.JvmPauseMonitor (JvmPauseMonitor.java:run(188)) - Starting JVM pause monitor
2019-10-19 01:04:21,259 [Datanode State Machine Thread - 0] INFO  datanode.InitDatanodeState (InitDatanodeState.java:persistContainerDatanodeDetails(140)) - DatanodeDetails is persisted to /workdir/hadoop-ozone/integration-test/target/test-dir/MiniOzoneClusterImpl-08d89ad4-f612-48fc-8979-c1cb428f8ac2/datanode-9/meta/datanode.id
2019-10-19 01:04:22,256 [main] INFO  ozone.MiniOzoneClusterImpl (MiniOzoneClusterImpl.java:lambda$waitForClusterToBeReady$0(147)) - Waiting for cluster to be ready. Got 0 of 10 DN Heartbeats.
2019-10-19 01:04:22,537 [Datanode State Machine Thread - 0] INFO  ozoneimpl.OzoneContainer (OzoneContainer.java:start(213)) - Attempting to start container services.
2019-10-19 01:04:22,539 [Datanode State Machine Thread - 0] INFO  ozoneimpl.OzoneContainer (OzoneContainer.java:startContainerScrub(177)) - Background container scanner has been disabled.
2019-10-19 01:04:22,539 [Datanode State Machine Thread - 0] INFO  ratis.XceiverServerRatis (XceiverServerRatis.java:start(418)) - Starting XceiverServerRatis 64c90977-e867-487c-b50d-c226f2d34a76 at port 0
2019-10-19 01:04:22,553 [Datanode State Machine Thread - 0] INFO  ozoneimpl.OzoneContainer (OzoneContainer.java:start(213)) - Attempting to start container services.
2019-10-19 01:04:22,559 [Datanode State Machine Thread - 0] INFO  ozoneimpl.OzoneContainer (OzoneContainer.java:startContainerScrub(177)) - Background container scanner has been disabled.
2019-10-19 01:04:22,559 [Datanode State Machine Thread - 0] INFO  ratis.XceiverServerRatis (XceiverServerRatis.java:start(418)) - Starting XceiverServerRatis 390d33c4-98c8-495f-9f34-63cdf16532b5 at port 0
2019-10-19 01:04:22,567 [Datanode State Machine Thread - 0] INFO  impl.RaftServerProxy (RaftServerProxy.java:lambda$start$3(299)) - 390d33c4-98c8-495f-9f34-63cdf16532b5: start RPC server
2019-10-19 01:04:22,567 [Datanode State Machine Thread - 0] INFO  impl.RaftServerProxy (RaftServerProxy.java:lambda$start$3(299)) - 64c90977-e867-487c-b50d-c226f2d34a76: start RPC server
2019-10-19 01:04:22,658 [Datanode State Machine Thread - 0] INFO  ozoneimpl.OzoneContainer (OzoneContainer.java:start(213)) - Attempting to start container services.
2019-10-19 01:04:22,658 [Datanode State Machine Thread - 0] INFO  ozoneimpl.OzoneContainer (OzoneContainer.java:startContainerScrub(177)) - Background container scanner has been disabled.
2019-10-19 01:04:22,659 [Datanode State Machine Thread - 0] INFO  ratis.XceiverServerRatis (XceiverServerRatis.java:start(418)) - Starting XceiverServerRatis a54795b0-6c9c-4137-a866-f82f653c9bf9 at port 0
2019-10-19 01:04:22,667 [Datanode State Machine Thread - 0] INFO  impl.RaftServerProxy (RaftServerProxy.java:lambda$start$3(299)) - a54795b0-6c9c-4137-a866-f82f653c9bf9: start RPC server
2019-10-19 01:04:22,699 [Datanode State Machine Thread - 0] INFO  server.GrpcService (GrpcService.java:startImpl(158)) - a54795b0-6c9c-4137-a866-f82f653c9bf9: GrpcService started, listening on 0.0.0.0/0.0.0.0:43688
2019-10-19 01:04:22,700 [Datanode State Machine Thread - 0] INFO  server.GrpcService (GrpcService.java:startImpl(158)) - 390d33c4-98c8-495f-9f34-63cdf16532b5: GrpcService started, listening on 0.0.0.0/0.0.0.0:40184
2019-10-19 01:04:22,700 [Datanode State Machine Thread - 0] INFO  ratis.XceiverServerRatis (XceiverServerRatis.java:start(428)) - XceiverServerRatis a54795b0-6c9c-4137-a866-f82f653c9bf9 is started using port 43688
2019-10-19 01:04:22,700 [Datanode State Machine Thread - 0] INFO  server.GrpcService (GrpcService.java:startImpl(158)) - 64c90977-e867-487c-b50d-c226f2d34a76: GrpcService started, listening on 0.0.0.0/0.0.0.0:37433
2019-10-19 01:04:22,700 [Datanode State Machine Thread - 0] INFO  ratis.XceiverServerRatis (XceiverServerRatis.java:start(428)) - XceiverServerRatis 390d33c4-98c8-495f-9f34-63cdf16532b5 is started using port 40184
2019-10-19 01:04:22,701 [Datanode State Machine Thread - 0] INFO  ratis.XceiverServerRatis (XceiverServerRatis.java:start(428)) - XceiverServerRatis 64c90977-e867-487c-b50d-c226f2d34a76 is started using port 37433
2019-10-19 01:04:22,706 [Datanode State Machine Thread - 0] INFO  server.XceiverServerGrpc (XceiverServerGrpc.java:start(149)) - XceiverServerGrpc 390d33c4-98c8-495f-9f34-63cdf16532b5 is started using port 34411
2019-10-19 01:04:22,706 [Datanode State Machine Thread - 0] INFO  server.XceiverServerGrpc (XceiverServerGrpc.java:start(149)) - XceiverServerGrpc a54795b0-6c9c-4137-a866-f82f653c9bf9 is started using port 43000
2019-10-19 01:04:22,707 [Datanode State Machine Thread - 0] INFO  server.XceiverServerGrpc (XceiverServerGrpc.java:start(149)) - XceiverServerGrpc 64c90977-e867-487c-b50d-c226f2d34a76 is started using port 45247
2019-10-19 01:04:22,770 [Datanode State Machine Thread - 0] INFO  ozoneimpl.OzoneContainer (OzoneContainer.java:start(213)) - Attempting to start container services.
2019-10-19 01:04:22,770 [Datanode State Machine Thread - 0] INFO  ozoneimpl.OzoneContainer (OzoneContainer.java:startContainerScrub(177)) - Background container scanner has been disabled.
2019-10-19 01:04:22,770 [Datanode State Machine Thread - 0] INFO  ratis.XceiverServerRatis (XceiverServerRatis.java:start(418)) - Starting XceiverServerRatis 51276c3c-a3b8-4274-b089-592ff4589f41 at port 0
2019-10-19 01:04:22,780 [Datanode State Machine Thread - 0] INFO  impl.RaftServerProxy (RaftServerProxy.java:lambda$start$3(299)) - 51276c3c-a3b8-4274-b089-592ff4589f41: start RPC server
2019-10-19 01:04:22,782 [Datanode State Machine Thread - 0] INFO  server.GrpcService (GrpcService.java:startImpl(158)) - 51276c3c-a3b8-4274-b089-592ff4589f41: GrpcService started, listening on 0.0.0.0/0.0.0.0:36639
2019-10-19 01:04:22,783 [Datanode State Machine Thread - 0] INFO  ratis.XceiverServerRatis (XceiverServerRatis.java:start(428)) - XceiverServerRatis 51276c3c-a3b8-4274-b089-592ff4589f41 is started using port 36639
2019-10-19 01:04:22,785 [Datanode State Machine Thread - 0] INFO  server.XceiverServerGrpc (XceiverServerGrpc.java:start(149)) - XceiverServerGrpc 51276c3c-a3b8-4274-b089-592ff4589f41 is started using port 39550
2019-10-19 01:04:22,876 [Datanode State Machine Thread - 0] INFO  ozoneimpl.OzoneContainer (OzoneContainer.java:start(213)) - Attempting to start container services.
2019-10-19 01:04:22,877 [Datanode State Machine Thread - 0] INFO  ozoneimpl.OzoneContainer (OzoneContainer.java:startContainerScrub(177)) - Background container scanner has been disabled.
2019-10-19 01:04:22,877 [Datanode State Machine Thread - 0] INFO  ratis.XceiverServerRatis (XceiverServerRatis.java:start(418)) - Starting XceiverServerRatis bd96e850-7fd3-40f8-8499-55f7f41be4fe at port 0
2019-10-19 01:04:22,886 [Datanode State Machine Thread - 0] INFO  impl.RaftServerProxy (RaftServerProxy.java:lambda$start$3(299)) - bd96e850-7fd3-40f8-8499-55f7f41be4fe: start RPC server
2019-10-19 01:04:22,890 [Datanode State Machine Thread - 0] INFO  server.GrpcService (GrpcService.java:startImpl(158)) - bd96e850-7fd3-40f8-8499-55f7f41be4fe: GrpcService started, listening on 0.0.0.0/0.0.0.0:46800
2019-10-19 01:04:22,890 [Datanode State Machine Thread - 0] INFO  ratis.XceiverServerRatis (XceiverServerRatis.java:start(428)) - XceiverServerRatis bd96e850-7fd3-40f8-8499-55f7f41be4fe is started using port 46800
2019-10-19 01:04:22,893 [Datanode State Machine Thread - 0] INFO  server.XceiverServerGrpc (XceiverServerGrpc.java:start(149)) - XceiverServerGrpc bd96e850-7fd3-40f8-8499-55f7f41be4fe is started using port 34596
2019-10-19 01:04:22,964 [Datanode State Machine Thread - 0] INFO  ozoneimpl.OzoneContainer (OzoneContainer.java:start(213)) - Attempting to start container services.
2019-10-19 01:04:22,964 [Datanode State Machine Thread - 0] INFO  ozoneimpl.OzoneContainer (OzoneContainer.java:startContainerScrub(177)) - Background container scanner has been disabled.
2019-10-19 01:04:22,964 [Datanode State Machine Thread - 0] INFO  ratis.XceiverServerRatis (XceiverServerRatis.java:start(418)) - Starting XceiverServerRatis ea1052a1-1fa8-4b95-85d6-162914918cfe at port 0
2019-10-19 01:04:22,972 [Datanode State Machine Thread - 0] INFO  impl.RaftServerProxy (RaftServerProxy.java:lambda$start$3(299)) - ea1052a1-1fa8-4b95-85d6-162914918cfe: start RPC server
2019-10-19 01:04:22,974 [Datanode State Machine Thread - 0] INFO  server.GrpcService (GrpcService.java:startImpl(158)) - ea1052a1-1fa8-4b95-85d6-162914918cfe: GrpcService started, listening on 0.0.0.0/0.0.0.0:38582
2019-10-19 01:04:22,975 [Datanode State Machine Thread - 0] INFO  ratis.XceiverServerRatis (XceiverServerRatis.java:start(428)) - XceiverServerRatis ea1052a1-1fa8-4b95-85d6-162914918cfe is started using port 38582
2019-10-19 01:04:22,977 [Datanode State Machine Thread - 0] INFO  server.XceiverServerGrpc (XceiverServerGrpc.java:start(149)) - XceiverServerGrpc ea1052a1-1fa8-4b95-85d6-162914918cfe is started using port 38039
2019-10-19 01:04:23,054 [Datanode State Machine Thread - 0] INFO  ozoneimpl.OzoneContainer (OzoneContainer.java:start(213)) - Attempting to start container services.
2019-10-19 01:04:23,054 [Datanode State Machine Thread - 0] INFO  ozoneimpl.OzoneContainer (OzoneContainer.java:startContainerScrub(177)) - Background container scanner has been disabled.
2019-10-19 01:04:23,055 [Datanode State Machine Thread - 0] INFO  ratis.XceiverServerRatis (XceiverServerRatis.java:start(418)) - Starting XceiverServerRatis 16805c57-9f45-4377-8998-764a8f26e152 at port 0
2019-10-19 01:04:23,063 [Datanode State Machine Thread - 0] INFO  impl.RaftServerProxy (RaftServerProxy.java:lambda$start$3(299)) - 16805c57-9f45-4377-8998-764a8f26e152: start RPC server
2019-10-19 01:04:23,068 [Datanode State Machine Thread - 0] INFO  server.GrpcService (GrpcService.java:startImpl(158)) - 16805c57-9f45-4377-8998-764a8f26e152: GrpcService started, listening on 0.0.0.0/0.0.0.0:33728
2019-10-19 01:04:23,068 [Datanode State Machine Thread - 0] INFO  ratis.XceiverServerRatis (XceiverServerRatis.java:start(428)) - XceiverServerRatis 16805c57-9f45-4377-8998-764a8f26e152 is started using port 33728
2019-10-19 01:04:23,071 [Datanode State Machine Thread - 0] INFO  server.XceiverServerGrpc (XceiverServerGrpc.java:start(149)) - XceiverServerGrpc 16805c57-9f45-4377-8998-764a8f26e152 is started using port 39236
2019-10-19 01:04:23,113 [Datanode State Machine Thread - 0] INFO  ozoneimpl.OzoneContainer (OzoneContainer.java:start(213)) - Attempting to start container services.
2019-10-19 01:04:23,113 [Datanode State Machine Thread - 0] INFO  ozoneimpl.OzoneContainer (OzoneContainer.java:startContainerScrub(177)) - Background container scanner has been disabled.
2019-10-19 01:04:23,113 [Datanode State Machine Thread - 0] INFO  ratis.XceiverServerRatis (XceiverServerRatis.java:start(418)) - Starting XceiverServerRatis a1c78c0e-869c-4f76-b4ce-2034448e0b80 at port 0
2019-10-19 01:04:23,120 [Datanode State Machine Thread - 0] INFO  impl.RaftServerProxy (RaftServerProxy.java:lambda$start$3(299)) - a1c78c0e-869c-4f76-b4ce-2034448e0b80: start RPC server
2019-10-19 01:04:23,124 [Datanode State Machine Thread - 0] INFO  server.GrpcService (GrpcService.java:startImpl(158)) - a1c78c0e-869c-4f76-b4ce-2034448e0b80: GrpcService started, listening on 0.0.0.0/0.0.0.0:33501
2019-10-19 01:04:23,125 [Datanode State Machine Thread - 0] INFO  ratis.XceiverServerRatis (XceiverServerRatis.java:start(428)) - XceiverServerRatis a1c78c0e-869c-4f76-b4ce-2034448e0b80 is started using port 33501
2019-10-19 01:04:23,127 [Datanode State Machine Thread - 0] INFO  server.XceiverServerGrpc (XceiverServerGrpc.java:start(149)) - XceiverServerGrpc a1c78c0e-869c-4f76-b4ce-2034448e0b80 is started using port 33493
2019-10-19 01:04:23,202 [Datanode State Machine Thread - 0] INFO  ozoneimpl.OzoneContainer (OzoneContainer.java:start(213)) - Attempting to start container services.
2019-10-19 01:04:23,202 [Datanode State Machine Thread - 0] INFO  ozoneimpl.OzoneContainer (OzoneContainer.java:startContainerScrub(177)) - Background container scanner has been disabled.
2019-10-19 01:04:23,202 [Datanode State Machine Thread - 0] INFO  ratis.XceiverServerRatis (XceiverServerRatis.java:start(418)) - Starting XceiverServerRatis 7f3fb33d-9d98-4be4-bfb4-e5618e23eafb at port 0
2019-10-19 01:04:23,211 [Datanode State Machine Thread - 0] INFO  impl.RaftServerProxy (RaftServerProxy.java:lambda$start$3(299)) - 7f3fb33d-9d98-4be4-bfb4-e5618e23eafb: start RPC server
2019-10-19 01:04:23,216 [Datanode State Machine Thread - 0] INFO  server.GrpcService (GrpcService.java:startImpl(158)) - 7f3fb33d-9d98-4be4-bfb4-e5618e23eafb: GrpcService started, listening on 0.0.0.0/0.0.0.0:46612
2019-10-19 01:04:23,216 [Datanode State Machine Thread - 0] INFO  ratis.XceiverServerRatis (XceiverServerRatis.java:start(428)) - XceiverServerRatis 7f3fb33d-9d98-4be4-bfb4-e5618e23eafb is started using port 46612
2019-10-19 01:04:23,219 [Datanode State Machine Thread - 0] INFO  server.XceiverServerGrpc (XceiverServerGrpc.java:start(149)) - XceiverServerGrpc 7f3fb33d-9d98-4be4-bfb4-e5618e23eafb is started using port 44647
2019-10-19 01:04:23,257 [main] INFO  ozone.MiniOzoneClusterImpl (MiniOzoneClusterImpl.java:lambda$waitForClusterToBeReady$0(147)) - Waiting for cluster to be ready. Got 0 of 10 DN Heartbeats.
2019-10-19 01:04:23,272 [Datanode State Machine Thread - 0] INFO  ozoneimpl.OzoneContainer (OzoneContainer.java:start(213)) - Attempting to start container services.
2019-10-19 01:04:23,272 [Datanode State Machine Thread - 0] INFO  ozoneimpl.OzoneContainer (OzoneContainer.java:startContainerScrub(177)) - Background container scanner has been disabled.
2019-10-19 01:04:23,273 [Datanode State Machine Thread - 0] INFO  ratis.XceiverServerRatis (XceiverServerRatis.java:start(418)) - Starting XceiverServerRatis b26a8d60-58dc-431d-8168-f89a9ab35f3a at port 0
2019-10-19 01:04:23,281 [Datanode State Machine Thread - 0] INFO  impl.RaftServerProxy (RaftServerProxy.java:lambda$start$3(299)) - b26a8d60-58dc-431d-8168-f89a9ab35f3a: start RPC server
2019-10-19 01:04:23,291 [Datanode State Machine Thread - 0] INFO  server.GrpcService (GrpcService.java:startImpl(158)) - b26a8d60-58dc-431d-8168-f89a9ab35f3a: GrpcService started, listening on 0.0.0.0/0.0.0.0:35535
2019-10-19 01:04:23,292 [Datanode State Machine Thread - 0] INFO  ratis.XceiverServerRatis (XceiverServerRatis.java:start(428)) - XceiverServerRatis b26a8d60-58dc-431d-8168-f89a9ab35f3a is started using port 35535
2019-10-19 01:04:23,306 [Datanode State Machine Thread - 0] INFO  server.XceiverServerGrpc (XceiverServerGrpc.java:start(149)) - XceiverServerGrpc b26a8d60-58dc-431d-8168-f89a9ab35f3a is started using port 36857
2019-10-19 01:04:24,257 [main] INFO  ozone.MiniOzoneClusterImpl (MiniOzoneClusterImpl.java:lambda$waitForClusterToBeReady$0(147)) - Waiting for cluster to be ready. Got 0 of 10 DN Heartbeats.
2019-10-19 01:04:24,505 [IPC Server handler 1 on 46201] INFO  net.NetworkTopology (NetworkTopologyImpl.java:add(111)) - Added a new node: /default-rack/64c90977-e867-487c-b50d-c226f2d34a76
2019-10-19 01:04:24,505 [IPC Server handler 1 on 46201] INFO  node.SCMNodeManager (SCMNodeManager.java:register(268)) - Registered Data node : 64c90977-e867-487c-b50d-c226f2d34a76{ip: 192.168.157.213, host: pr-hdds-2333-xd9jc-2947872914, networkLocation: /default-rack, certSerialId: null}
2019-10-19 01:04:24,510 [EventQueue-NodeRegistrationContainerReportForDataNodeSafeModeRule] INFO  safemode.SCMSafeModeManager (DataNodeSafeModeRule.java:process(71)) - SCM in safe mode. 1 DataNodes registered, 1 required.
2019-10-19 01:04:24,510 [EventQueue-NodeRegistrationContainerReportForDataNodeSafeModeRule] INFO  safemode.SCMSafeModeManager (SCMSafeModeManager.java:validateSafeModeExitRules(177)) - ScmSafeModeManager, all rules are successfully validated
2019-10-19 01:04:24,510 [EventQueue-NodeRegistrationContainerReportForDataNodeSafeModeRule] INFO  safemode.SCMSafeModeManager (SCMSafeModeManager.java:exitSafeMode(193)) - SCM exiting safe mode.
2019-10-19 01:04:24,550 [IPC Server handler 3 on 46201] INFO  net.NetworkTopology (NetworkTopologyImpl.java:add(111)) - Added a new node: /default-rack/390d33c4-98c8-495f-9f34-63cdf16532b5
2019-10-19 01:04:24,551 [IPC Server handler 3 on 46201] INFO  node.SCMNodeManager (SCMNodeManager.java:register(268)) - Registered Data node : 390d33c4-98c8-495f-9f34-63cdf16532b5{ip: 192.168.157.213, host: pr-hdds-2333-xd9jc-2947872914, networkLocation: /default-rack, certSerialId: null}
2019-10-19 01:04:24,646 [IPC Server handler 2 on 46201] INFO  net.NetworkTopology (NetworkTopologyImpl.java:add(111)) - Added a new node: /default-rack/a54795b0-6c9c-4137-a866-f82f653c9bf9
2019-10-19 01:04:24,646 [IPC Server handler 2 on 46201] INFO  node.SCMNodeManager (SCMNodeManager.java:register(268)) - Registered Data node : a54795b0-6c9c-4137-a866-f82f653c9bf9{ip: 192.168.157.213, host: pr-hdds-2333-xd9jc-2947872914, networkLocation: /default-rack, certSerialId: null}
2019-10-19 01:04:24,758 [IPC Server handler 4 on 46201] INFO  net.NetworkTopology (NetworkTopologyImpl.java:add(111)) - Added a new node: /default-rack/51276c3c-a3b8-4274-b089-592ff4589f41
2019-10-19 01:04:24,759 [IPC Server handler 4 on 46201] INFO  node.SCMNodeManager (SCMNodeManager.java:register(268)) - Registered Data node : 51276c3c-a3b8-4274-b089-592ff4589f41{ip: 192.168.157.213, host: pr-hdds-2333-xd9jc-2947872914, networkLocation: /default-rack, certSerialId: null}
2019-10-19 01:04:24,904 [IPC Server handler 5 on 46201] INFO  net.NetworkTopology (NetworkTopologyImpl.java:add(111)) - Added a new node: /default-rack/bd96e850-7fd3-40f8-8499-55f7f41be4fe
2019-10-19 01:04:24,905 [IPC Server handler 5 on 46201] INFO  node.SCMNodeManager (SCMNodeManager.java:register(268)) - Registered Data node : bd96e850-7fd3-40f8-8499-55f7f41be4fe{ip: 192.168.157.213, host: pr-hdds-2333-xd9jc-2947872914, networkLocation: /default-rack, certSerialId: null}
2019-10-19 01:04:24,951 [IPC Server handler 6 on 46201] INFO  net.NetworkTopology (NetworkTopologyImpl.java:add(111)) - Added a new node: /default-rack/ea1052a1-1fa8-4b95-85d6-162914918cfe
2019-10-19 01:04:24,951 [IPC Server handler 6 on 46201] INFO  node.SCMNodeManager (SCMNodeManager.java:register(268)) - Registered Data node : ea1052a1-1fa8-4b95-85d6-162914918cfe{ip: 192.168.157.213, host: pr-hdds-2333-xd9jc-2947872914, networkLocation: /default-rack, certSerialId: null}
2019-10-19 01:04:25,030 [IPC Server handler 7 on 46201] INFO  net.NetworkTopology (NetworkTopologyImpl.java:add(111)) - Added a new node: /default-rack/16805c57-9f45-4377-8998-764a8f26e152
2019-10-19 01:04:25,031 [IPC Server handler 7 on 46201] INFO  node.SCMNodeManager (SCMNodeManager.java:register(268)) - Registered Data node : 16805c57-9f45-4377-8998-764a8f26e152{ip: 192.168.157.213, host: pr-hdds-2333-xd9jc-2947872914, networkLocation: /default-rack, certSerialId: null}
2019-10-19 01:04:25,067 [grpc-default-executor-0] INFO  impl.RaftServerProxy (RaftServerProxy.java:addNew(89)) - 64c90977-e867-487c-b50d-c226f2d34a76: addNew group-8108A593CD98:[64c90977-e867-487c-b50d-c226f2d34a76:192.168.157.213:37433] returns group-8108A593CD98:java.util.concurrent.CompletableFuture@4f9b7c52[Not completed]
2019-10-19 01:04:25,082 [pool-27-thread-1] INFO  impl.RaftServerImpl (RaftServerImpl.java:<init>(104)) - 64c90977-e867-487c-b50d-c226f2d34a76: new RaftServerImpl for group-8108A593CD98:[64c90977-e867-487c-b50d-c226f2d34a76:192.168.157.213:37433] with ContainerStateMachine:uninitialized
2019-10-19 01:04:25,084 [pool-27-thread-1] INFO  server.RaftServerConfigKeys (ConfUtils.java:logGet(43)) - raft.server.rpc.timeout.min = 1s (custom)
2019-10-19 01:04:25,085 [pool-27-thread-1] INFO  server.RaftServerConfigKeys (ConfUtils.java:logGet(43)) - raft.server.rpc.timeout.max = 1200ms (custom)
2019-10-19 01:04:25,085 [pool-27-thread-1] INFO  server.RaftServerConfigKeys (ConfUtils.java:logGet(43)) - raft.server.rpcslowness.timeout = 120s (custom)
2019-10-19 01:04:25,085 [pool-27-thread-1] INFO  server.RaftServerConfigKeys (ConfUtils.java:logGet(43)) - raft.server.sleep.deviation.threshold = 300 (default)
2019-10-19 01:04:25,086 [pool-27-thread-1] INFO  server.RaftServerConfigKeys (ConfUtils.java:logGet(43)) - raft.server.log.appender.install.snapshot.enabled = false (custom)
2019-10-19 01:04:25,093 [pool-27-thread-1] INFO  impl.RaftServerImpl (ServerState.java:<init>(103)) - 64c90977-e867-487c-b50d-c226f2d34a76@group-8108A593CD98: ConfigurationManager, init=-1: [64c90977-e867-487c-b50d-c226f2d34a76:192.168.157.213:37433], old=null, confs=<EMPTY_MAP>
2019-10-19 01:04:25,093 [pool-27-thread-1] INFO  server.RaftServerConfigKeys (ConfUtils.java:logGet(43)) - raft.server.storage.dir = [/workdir/hadoop-ozone/integration-test/target/test-dir/MiniOzoneClusterImpl-08d89ad4-f612-48fc-8979-c1cb428f8ac2/datanode-0/data/ratis] (custom)
2019-10-19 01:04:25,099 [pool-27-thread-1] INFO  server.RaftServerConfigKeys (ConfUtils.java:logGet(43)) - raft.server.log.corruption.policy = EXCEPTION (default)
2019-10-19 01:04:25,100 [pool-27-thread-1] INFO  storage.RaftStorageDirectory (RaftStorageDirectory.java:analyzeStorage(246)) - The storage directory /workdir/hadoop-ozone/integration-test/target/test-dir/MiniOzoneClusterImpl-08d89ad4-f612-48fc-8979-c1cb428f8ac2/datanode-0/data/ratis/94bfd439-3955-49a1-9ac5-8108a593cd98 does not exist. Creating ...
2019-10-19 01:04:25,109 [IPC Server handler 8 on 46201] INFO  net.NetworkTopology (NetworkTopologyImpl.java:add(111)) - Added a new node: /default-rack/a1c78c0e-869c-4f76-b4ce-2034448e0b80
2019-10-19 01:04:25,109 [IPC Server handler 8 on 46201] INFO  node.SCMNodeManager (SCMNodeManager.java:register(268)) - Registered Data node : a1c78c0e-869c-4f76-b4ce-2034448e0b80{ip: 192.168.157.213, host: pr-hdds-2333-xd9jc-2947872914, networkLocation: /default-rack, certSerialId: null}
2019-10-19 01:04:25,113 [pool-27-thread-1] INFO  storage.RaftStorageDirectory (RaftStorageDirectory.java:tryLock(328)) - Lock on /workdir/hadoop-ozone/integration-test/target/test-dir/MiniOzoneClusterImpl-08d89ad4-f612-48fc-8979-c1cb428f8ac2/datanode-0/data/ratis/94bfd439-3955-49a1-9ac5-8108a593cd98/in_use.lock acquired by nodename 939@pr-hdds-2333-xd9jc-2947872914
2019-10-19 01:04:25,147 [pool-27-thread-1] INFO  storage.RaftStorage (RaftStorage.java:format(84)) - Storage directory /workdir/hadoop-ozone/integration-test/target/test-dir/MiniOzoneClusterImpl-08d89ad4-f612-48fc-8979-c1cb428f8ac2/datanode-0/data/ratis/94bfd439-3955-49a1-9ac5-8108a593cd98 has been successfully formatted.
2019-10-19 01:04:25,150 [pool-27-thread-1] INFO  ratis.ContainerStateMachine (ContainerStateMachine.java:loadSnapshot(231)) - group-8108A593CD98: The snapshot info is null. Setting the last applied indexto:(t:0, i:~)
2019-10-19 01:04:25,151 [pool-27-thread-1] INFO  server.RaftServerConfigKeys (ConfUtils.java:logGet(43)) - raft.server.notification.no-leader.timeout = 120s (custom)
2019-10-19 01:04:25,154 [pool-27-thread-1] INFO  server.RaftServerConfigKeys (ConfUtils.java:logGet(43)) - raft.server.log.use.memory = false (default)
2019-10-19 01:04:25,162 [pool-27-thread-1] INFO  server.RaftServerConfigKeys (ConfUtils.java:logGet(43)) - raft.server.log.purge.gap = 1000000 (custom)
2019-10-19 01:04:25,162 [pool-27-thread-1] INFO  server.RaftServerConfigKeys (ConfUtils.java:logGet(43)) - raft.server.log.appender.buffer.byte-limit = 33554432 (custom)
2019-10-19 01:04:25,165 [pool-27-thread-1] INFO  server.RaftServerConfigKeys (ConfUtils.java:logGet(43)) - raft.server.log.segment.size.max = 1048576 (custom)
2019-10-19 01:04:25,168 [pool-27-thread-1] INFO  impl.MetricsSystemImpl (MetricsSystemImpl.java:init(158)) - ratis metrics system started (again)
2019-10-19 01:04:25,173 [pool-27-thread-1] INFO  metrics.MetricRegistries (MetricRegistriesLoader.java:load(64)) - Loaded MetricRegistries class org.apache.ratis.metrics.impl.MetricRegistriesImpl
2019-10-19 01:04:25,189 [IPC Server handler 9 on 46201] INFO  net.NetworkTopology (NetworkTopologyImpl.java:add(111)) - Added a new node: /default-rack/7f3fb33d-9d98-4be4-bfb4-e5618e23eafb
2019-10-19 01:04:25,189 [IPC Server handler 9 on 46201] INFO  node.SCMNodeManager (SCMNodeManager.java:register(268)) - Registered Data node : 7f3fb33d-9d98-4be4-bfb4-e5618e23eafb{ip: 192.168.157.213, host: pr-hdds-2333-xd9jc-2947872914, networkLocation: /default-rack, certSerialId: null}
2019-10-19 01:04:25,214 [pool-27-thread-1] INFO  server.RaftServerConfigKeys (ConfUtils.java:logGet(43)) - raft.server.log.segment.cache.num.max = 2 (custom)
2019-10-19 01:04:25,221 [pool-27-thread-1] INFO  segmented.SegmentedRaftLogWorker (SegmentedRaftLogWorker.java:<init>(173)) - new 64c90977-e867-487c-b50d-c226f2d34a76@group-8108A593CD98-SegmentedRaftLogWorker for RaftStorage:Storage Directory /workdir/hadoop-ozone/integration-test/target/test-dir/MiniOzoneClusterImpl-08d89ad4-f612-48fc-8979-c1cb428f8ac2/datanode-0/data/ratis/94bfd439-3955-49a1-9ac5-8108a593cd98
2019-10-19 01:04:25,221 [pool-27-thread-1] INFO  server.RaftServerConfigKeys (ConfUtils.java:logGet(43)) - raft.server.log.queue.byte-limit = 2147483647 (custom)
2019-10-19 01:04:25,222 [pool-27-thread-1] INFO  server.RaftServerConfigKeys (ConfUtils.java:logGet(43)) - raft.server.log.queue.element-limit = 1024 (custom)
2019-10-19 01:04:25,224 [pool-27-thread-1] INFO  server.RaftServerConfigKeys (ConfUtils.java:logGet(43)) - raft.server.log.segment.size.max = 1048576 (custom)
2019-10-19 01:04:25,224 [pool-27-thread-1] INFO  server.RaftServerConfigKeys (ConfUtils.java:logGet(43)) - raft.server.log.preallocated.size = 16384 (custom)
2019-10-19 01:04:25,225 [pool-27-thread-1] INFO  server.RaftServerConfigKeys (ConfUtils.java:logGet(43)) - raft.server.log.write.buffer.size = 33554432 (custom)
2019-10-19 01:04:25,225 [pool-27-thread-1] INFO  server.RaftServerConfigKeys (ConfUtils.java:logGet(43)) - raft.server.log.force.sync.num = 128 (default)
2019-10-19 01:04:25,226 [pool-27-thread-1] INFO  server.RaftServerConfigKeys (ConfUtils.java:logGet(43)) - raft.server.log.statemachine.data.sync = true (default)
2019-10-19 01:04:25,226 [pool-27-thread-1] INFO  server.RaftServerConfigKeys (ConfUtils.java:logGet(43)) - raft.server.log.statemachine.data.sync.timeout = 10s (default)
2019-10-19 01:04:25,227 [pool-27-thread-1] INFO  server.RaftServerConfigKeys (ConfUtils.java:logGet(43)) - raft.server.log.statemachine.data.sync.timeout.retry = -1 (default)
2019-10-19 01:04:25,242 [pool-27-thread-1] INFO  server.RaftServerConfigKeys (ConfUtils.java:logGet(43)) - raft.server.log.statemachine.data.caching.enabled = true (custom)
2019-10-19 01:04:25,248 [pool-27-thread-1] INFO  segmented.SegmentedRaftLogWorker (SegmentedRaftLogWorker.java:lambda$new$0(128)) - 64c90977-e867-487c-b50d-c226f2d34a76@group-8108A593CD98-SegmentedRaftLogWorker: flushIndex: setUnconditionally 0 -> -1
2019-10-19 01:04:25,253 [pool-27-thread-1] INFO  server.RaftServerConfigKeys (ConfUtils.java:logGet(43)) - raft.server.snapshot.auto.trigger.enabled = true (custom)
2019-10-19 01:04:25,254 [pool-27-thread-1] INFO  server.RaftServerConfigKeys (ConfUtils.java:logGet(43)) - raft.server.snapshot.auto.trigger.threshold = 10000 (custom)
2019-10-19 01:04:25,255 [pool-27-thread-1] INFO  server.RaftServerConfigKeys (ConfUtils.java:logGet(43)) - raft.server.snapshot.retention.file.num = 5 (custom)
2019-10-19 01:04:25,256 [pool-27-thread-1] INFO  server.RaftServerConfigKeys (ConfUtils.java:logGet(43)) - raft.server.retrycache.expirytime = 600000ms (custom)
2019-10-19 01:04:25,269 [main] INFO  ozone.MiniOzoneClusterImpl (MiniOzoneClusterImpl.java:lambda$waitForClusterToBeReady$0(147)) - Waiting for cluster to be ready. Got 9 of 10 DN Heartbeats.
2019-10-19 01:04:25,270 [IPC Server handler 1 on 46201] INFO  net.NetworkTopology (NetworkTopologyImpl.java:add(111)) - Added a new node: /default-rack/b26a8d60-58dc-431d-8168-f89a9ab35f3a
2019-10-19 01:04:25,270 [IPC Server handler 1 on 46201] INFO  node.SCMNodeManager (SCMNodeManager.java:register(268)) - Registered Data node : b26a8d60-58dc-431d-8168-f89a9ab35f3a{ip: 192.168.157.213, host: pr-hdds-2333-xd9jc-2947872914, networkLocation: /default-rack, certSerialId: null}
2019-10-19 01:04:25,295 [pool-27-thread-1] INFO  impl.RaftServerImpl (RaftServerImpl.java:start(195)) - 64c90977-e867-487c-b50d-c226f2d34a76@group-8108A593CD98: start as a follower, conf=-1: [64c90977-e867-487c-b50d-c226f2d34a76:192.168.157.213:37433], old=null
2019-10-19 01:04:25,296 [pool-27-thread-1] INFO  impl.RaftServerImpl (RaftServerImpl.java:setRole(184)) - 64c90977-e867-487c-b50d-c226f2d34a76@group-8108A593CD98: changes role from      null to FOLLOWER at term 0 for startAsFollower
2019-10-19 01:04:25,297 [pool-27-thread-1] INFO  impl.RoleInfo (RoleInfo.java:updateAndGet(143)) - 64c90977-e867-487c-b50d-c226f2d34a76: start FollowerState
2019-10-19 01:04:25,299 [pool-27-thread-1] INFO  util.JmxRegister (JmxRegister.java:tryRegister(44)) - Successfully registered JMX Bean with object name Ratis:service=RaftServer,group=group-8108A593CD98,id=64c90977-e867-487c-b50d-c226f2d34a76
2019-10-19 01:04:25,343 [Thread-285] INFO  impl.FollowerState (FollowerState.java:run(108)) - 64c90977-e867-487c-b50d-c226f2d34a76@group-8108A593CD98-FollowerState: change to CANDIDATE, lastRpcTime:46ms, electionTimeout:44ms
2019-10-19 01:04:25,348 [Thread-285] INFO  impl.RoleInfo (RoleInfo.java:shutdownFollowerState(121)) - 64c90977-e867-487c-b50d-c226f2d34a76: shutdown FollowerState
2019-10-19 01:04:25,350 [Thread-285] INFO  impl.RaftServerImpl (RaftServerImpl.java:setRole(184)) - 64c90977-e867-487c-b50d-c226f2d34a76@group-8108A593CD98: changes role from  FOLLOWER to CANDIDATE at term 0 for changeToCandidate
2019-10-19 01:04:25,357 [Thread-285] INFO  impl.RoleInfo (RoleInfo.java:updateAndGet(143)) - 64c90977-e867-487c-b50d-c226f2d34a76: start LeaderElection
2019-10-19 01:04:25,371 [64c90977-e867-487c-b50d-c226f2d34a76@group-8108A593CD98-LeaderElection1] INFO  impl.LeaderElection (LeaderElection.java:askForVotes(178)) - 64c90977-e867-487c-b50d-c226f2d34a76@group-8108A593CD98-LeaderElection1: begin an election at term 1 for -1: [64c90977-e867-487c-b50d-c226f2d34a76:192.168.157.213:37433], old=null
2019-10-19 01:04:25,373 [64c90977-e867-487c-b50d-c226f2d34a76@group-8108A593CD98-LeaderElection1] INFO  impl.RoleInfo (RoleInfo.java:shutdownLeaderElection(134)) - 64c90977-e867-487c-b50d-c226f2d34a76: shutdown LeaderElection
2019-10-19 01:04:25,374 [64c90977-e867-487c-b50d-c226f2d34a76@group-8108A593CD98-LeaderElection1] INFO  impl.RaftServerImpl (RaftServerImpl.java:setRole(184)) - 64c90977-e867-487c-b50d-c226f2d34a76@group-8108A593CD98: changes role from CANDIDATE to LEADER at term 1 for changeToLeader
2019-10-19 01:04:25,374 [64c90977-e867-487c-b50d-c226f2d34a76@group-8108A593CD98-LeaderElection1] INFO  impl.RaftServerImpl (ServerState.java:setLeader(256)) - 64c90977-e867-487c-b50d-c226f2d34a76@group-8108A593CD98: change Leader from null to 64c90977-e867-487c-b50d-c226f2d34a76 at term 1 for becomeLeader, leader elected after 223ms
2019-10-19 01:04:25,384 [64c90977-e867-487c-b50d-c226f2d34a76@group-8108A593CD98-LeaderElection1] INFO  server.RaftServerConfigKeys (ConfUtils.java:logGet(43)) - raft.server.staging.catchup.gap = 1000 (default)
2019-10-19 01:04:25,384 [64c90977-e867-487c-b50d-c226f2d34a76@group-8108A593CD98-LeaderElection1] INFO  server.RaftServerConfigKeys (ConfUtils.java:logGet(43)) - raft.server.rpc.sleep.time = 25ms (default)
2019-10-19 01:04:25,388 [RatisPipelineUtilsThread] INFO  pipeline.PipelineStateManager (PipelineStateManager.java:addPipeline(56)) - Created pipeline Pipeline[ Id: 94bfd439-3955-49a1-9ac5-8108a593cd98, Nodes: 64c90977-e867-487c-b50d-c226f2d34a76{ip: 192.168.157.213, host: pr-hdds-2333-xd9jc-2947872914, networkLocation: /default-rack, certSerialId: null}, Type:RATIS, Factor:ONE, State:OPEN]
2019-10-19 01:04:25,389 [64c90977-e867-487c-b50d-c226f2d34a76@group-8108A593CD98-LeaderElection1] INFO  server.RaftServerConfigKeys (ConfUtils.java:logGet(43)) - raft.server.write.element-limit = 4096 (default)
2019-10-19 01:04:25,392 [64c90977-e867-487c-b50d-c226f2d34a76@group-8108A593CD98-LeaderElection1] INFO  server.RaftServerConfigKeys (ConfUtils.java:logGet(43)) - raft.server.watch.timeout = 10s (default)
2019-10-19 01:04:25,392 [64c90977-e867-487c-b50d-c226f2d34a76@group-8108A593CD98-LeaderElection1] INFO  server.RaftServerConfigKeys (ConfUtils.java:logGet(43)) - raft.server.watch.timeout.denomination = 1s (default)
2019-10-19 01:04:25,395 [64c90977-e867-487c-b50d-c226f2d34a76@group-8108A593CD98-LeaderElection1] INFO  server.RaftServerConfigKeys (ConfUtils.java:logGet(43)) - raft.server.watch.element-limit = 65536 (default)
2019-10-19 01:04:25,448 [grpc-default-executor-0] INFO  impl.RaftServerProxy (RaftServerProxy.java:addNew(89)) - a54795b0-6c9c-4137-a866-f82f653c9bf9: addNew group-0BC27EF3D61A:[a54795b0-6c9c-4137-a866-f82f653c9bf9:192.168.157.213:43688] returns group-0BC27EF3D61A:java.util.concurrent.CompletableFuture@2b745d94[Not completed]
2019-10-19 01:04:25,452 [pool-47-thread-1] INFO  impl.RaftServerImpl (RaftServerImpl.java:<init>(104)) - a54795b0-6c9c-4137-a866-f82f653c9bf9: new RaftServerImpl for group-0BC27EF3D61A:[a54795b0-6c9c-4137-a866-f82f653c9bf9:192.168.157.213:43688] with ContainerStateMachine:uninitialized
2019-10-19 01:04:25,453 [pool-47-thread-1] INFO  server.RaftServerConfigKeys (ConfUtils.java:logGet(43)) - raft.server.rpc.timeout.min = 1s (custom)
2019-10-19 01:04:25,453 [pool-47-thread-1] INFO  server.RaftServerConfigKeys (ConfUtils.java:logGet(43)) - raft.server.rpc.timeout.max = 1200ms (custom)
2019-10-19 01:04:25,453 [pool-47-thread-1] INFO  server.RaftServerConfigKeys (ConfUtils.java:logGet(43)) - raft.server.rpcslowness.timeout = 120s (custom)
2019-10-19 01:04:25,453 [pool-47-thread-1] INFO  server.RaftServerConfigKeys (ConfUtils.java:logGet(43)) - raft.server.sleep.deviation.threshold = 300 (default)
2019-10-19 01:04:25,453 [pool-47-thread-1] INFO  server.RaftServerConfigKeys (ConfUtils.java:logGet(43)) - raft.server.log.appender.install.snapshot.enabled = false (custom)
2019-10-19 01:04:25,453 [pool-47-thread-1] INFO  impl.RaftServerImpl (ServerState.java:<init>(103)) - a54795b0-6c9c-4137-a866-f82f653c9bf9@group-0BC27EF3D61A: ConfigurationManager, init=-1: [a54795b0-6c9c-4137-a866-f82f653c9bf9:192.168.157.213:43688], old=null, confs=<EMPTY_MAP>
2019-10-19 01:04:25,454 [pool-47-thread-1] INFO  server.RaftServerConfigKeys (ConfUtils.java:logGet(43)) - raft.server.storage.dir = [/workdir/hadoop-ozone/integration-test/target/test-dir/MiniOzoneClusterImpl-08d89ad4-f612-48fc-8979-c1cb428f8ac2/datanode-2/data/ratis] (custom)
2019-10-19 01:04:25,454 [pool-47-thread-1] INFO  server.RaftServerConfigKeys (ConfUtils.java:logGet(43)) - raft.server.log.corruption.policy = EXCEPTION (default)
2019-10-19 01:04:25,454 [pool-47-thread-1] INFO  storage.RaftStorageDirectory (RaftStorageDirectory.java:analyzeStorage(246)) - The storage directory /workdir/hadoop-ozone/integration-test/target/test-dir/MiniOzoneClusterImpl-08d89ad4-f612-48fc-8979-c1cb428f8ac2/datanode-2/data/ratis/640c81f0-2f6e-41dc-ad24-0bc27ef3d61a does not exist. Creating ...
2019-10-19 01:04:25,463 [64c90977-e867-487c-b50d-c226f2d34a76@group-8108A593CD98-LeaderElection1] INFO  impl.RoleInfo (RoleInfo.java:updateAndGet(143)) - 64c90977-e867-487c-b50d-c226f2d34a76: start LeaderState
2019-10-19 01:04:25,463 [pool-47-thread-1] INFO  storage.RaftStorageDirectory (RaftStorageDirectory.java:tryLock(328)) - Lock on /workdir/hadoop-ozone/integration-test/target/test-dir/MiniOzoneClusterImpl-08d89ad4-f612-48fc-8979-c1cb428f8ac2/datanode-2/data/ratis/640c81f0-2f6e-41dc-ad24-0bc27ef3d61a/in_use.lock acquired by nodename 939@pr-hdds-2333-xd9jc-2947872914
2019-10-19 01:04:25,477 [pool-47-thread-1] INFO  storage.RaftStorage (RaftStorage.java:format(84)) - Storage directory /workdir/hadoop-ozone/integration-test/target/test-dir/MiniOzoneClusterImpl-08d89ad4-f612-48fc-8979-c1cb428f8ac2/datanode-2/data/ratis/640c81f0-2f6e-41dc-ad24-0bc27ef3d61a has been successfully formatted.
2019-10-19 01:04:25,479 [pool-47-thread-1] INFO  ratis.ContainerStateMachine (ContainerStateMachine.java:loadSnapshot(231)) - group-0BC27EF3D61A: The snapshot info is null. Setting the last applied indexto:(t:0, i:~)
2019-10-19 01:04:25,480 [pool-47-thread-1] INFO  server.RaftServerConfigKeys (ConfUtils.java:logGet(43)) - raft.server.notification.no-leader.timeout = 120s (custom)
2019-10-19 01:04:25,481 [pool-47-thread-1] INFO  server.RaftServerConfigKeys (ConfUtils.java:logGet(43)) - raft.server.log.use.memory = false (default)
2019-10-19 01:04:25,481 [pool-47-thread-1] INFO  server.RaftServerConfigKeys (ConfUtils.java:logGet(43)) - raft.server.log.purge.gap = 1000000 (custom)
2019-10-19 01:04:25,481 [pool-47-thread-1] INFO  server.RaftServerConfigKeys (ConfUtils.java:logGet(43)) - raft.server.log.appender.buffer.byte-limit = 33554432 (custom)
2019-10-19 01:04:25,481 [pool-47-thread-1] INFO  server.RaftServerConfigKeys (ConfUtils.java:logGet(43)) - raft.server.log.segment.size.max = 1048576 (custom)
2019-10-19 01:04:25,539 [64c90977-e867-487c-b50d-c226f2d34a76@group-8108A593CD98-LeaderElection1] INFO  segmented.SegmentedRaftLogWorker (SegmentedRaftLogWorker.java:startLogSegment(385)) - 64c90977-e867-487c-b50d-c226f2d34a76@group-8108A593CD98-SegmentedRaftLogWorker: Starting segment from index:0
2019-10-19 01:04:25,541 [pool-47-thread-1] INFO  server.RaftServerConfigKeys (ConfUtils.java:logGet(43)) - raft.server.log.segment.cache.num.max = 2 (custom)
2019-10-19 01:04:25,541 [pool-47-thread-1] INFO  segmented.SegmentedRaftLogWorker (SegmentedRaftLogWorker.java:<init>(173)) - new a54795b0-6c9c-4137-a866-f82f653c9bf9@group-0BC27EF3D61A-SegmentedRaftLogWorker for RaftStorage:Storage Directory /workdir/hadoop-ozone/integration-test/target/test-dir/MiniOzoneClusterImpl-08d89ad4-f612-48fc-8979-c1cb428f8ac2/datanode-2/data/ratis/640c81f0-2f6e-41dc-ad24-0bc27ef3d61a
2019-10-19 01:04:25,541 [pool-47-thread-1] INFO  server.RaftServerConfigKeys (ConfUtils.java:logGet(43)) - raft.server.log.queue.byte-limit = 2147483647 (custom)
2019-10-19 01:04:25,541 [pool-47-thread-1] INFO  server.RaftServerConfigKeys (ConfUtils.java:logGet(43)) - raft.server.log.queue.element-limit = 1024 (custom)
2019-10-19 01:04:25,541 [pool-47-thread-1] INFO  server.RaftServerConfigKeys (ConfUtils.java:logGet(43)) - raft.server.log.segment.size.max = 1048576 (custom)
2019-10-19 01:04:25,542 [pool-47-thread-1] INFO  server.RaftServerConfigKeys (ConfUtils.java:logGet(43)) - raft.server.log.preallocated.size = 16384 (custom)
2019-10-19 01:04:25,542 [pool-47-thread-1] INFO  server.RaftServerConfigKeys (ConfUtils.java:logGet(43)) - raft.server.log.write.buffer.size = 33554432 (custom)
2019-10-19 01:04:25,542 [pool-47-thread-1] INFO  server.RaftServerConfigKeys (ConfUtils.java:logGet(43)) - raft.server.log.force.sync.num = 128 (default)
2019-10-19 01:04:25,542 [pool-47-thread-1] INFO  server.RaftServerConfigKeys (ConfUtils.java:logGet(43)) - raft.server.log.statemachine.data.sync = true (default)
2019-10-19 01:04:25,542 [pool-47-thread-1] INFO  server.RaftServerConfigKeys (ConfUtils.java:logGet(43)) - raft.server.log.statemachine.data.sync.timeout = 10s (default)
2019-10-19 01:04:25,542 [pool-47-thread-1] INFO  server.RaftServerConfigKeys (ConfUtils.java:logGet(43)) - raft.server.log.statemachine.data.sync.timeout.retry = -1 (default)
2019-10-19 01:04:25,543 [pool-47-thread-1] INFO  server.RaftServerConfigKeys (ConfUtils.java:logGet(43)) - raft.server.log.statemachine.data.caching.enabled = true (custom)
2019-10-19 01:04:25,543 [pool-47-thread-1] INFO  segmented.SegmentedRaftLogWorker (SegmentedRaftLogWorker.java:lambda$new$0(128)) - a54795b0-6c9c-4137-a866-f82f653c9bf9@group-0BC27EF3D61A-SegmentedRaftLogWorker: flushIndex: setUnconditionally 0 -> -1
2019-10-19 01:04:25,544 [pool-47-thread-1] INFO  server.RaftServerConfigKeys (ConfUtils.java:logGet(43)) - raft.server.snapshot.auto.trigger.enabled = true (custom)
2019-10-19 01:04:25,544 [pool-47-thread-1] INFO  server.RaftServerConfigKeys (ConfUtils.java:logGet(43)) - raft.server.snapshot.auto.trigger.threshold = 10000 (custom)
2019-10-19 01:04:25,544 [pool-47-thread-1] INFO  server.RaftServerConfigKeys (ConfUtils.java:logGet(43)) - raft.server.snapshot.retention.file.num = 5 (custom)
2019-10-19 01:04:25,544 [pool-47-thread-1] INFO  server.RaftServerConfigKeys (ConfUtils.java:logGet(43)) - raft.server.retrycache.expirytime = 600000ms (custom)
2019-10-19 01:04:25,552 [64c90977-e867-487c-b50d-c226f2d34a76@group-8108A593CD98-LeaderElection1] INFO  impl.RaftServerImpl (ServerState.java:setRaftConf(357)) - 64c90977-e867-487c-b50d-c226f2d34a76@group-8108A593CD98: set configuration 0: [64c90977-e867-487c-b50d-c226f2d34a76:192.168.157.213:37433], old=null at 0
2019-10-19 01:04:25,554 [pool-47-thread-1] INFO  impl.RaftServerImpl (RaftServerImpl.java:start(195)) - a54795b0-6c9c-4137-a866-f82f653c9bf9@group-0BC27EF3D61A: start as a follower, conf=-1: [a54795b0-6c9c-4137-a866-f82f653c9bf9:192.168.157.213:43688], old=null
2019-10-19 01:04:25,554 [pool-47-thread-1] INFO  impl.RaftServerImpl (RaftServerImpl.java:setRole(184)) - a54795b0-6c9c-4137-a866-f82f653c9bf9@group-0BC27EF3D61A: changes role from      null to FOLLOWER at term 0 for startAsFollower
2019-10-19 01:04:25,554 [pool-47-thread-1] INFO  impl.RoleInfo (RoleInfo.java:updateAndGet(143)) - a54795b0-6c9c-4137-a866-f82f653c9bf9: start FollowerState
2019-10-19 01:04:25,555 [pool-47-thread-1] INFO  util.JmxRegister (JmxRegister.java:tryRegister(44)) - Successfully registered JMX Bean with object name Ratis:service=RaftServer,group=group-0BC27EF3D61A,id=a54795b0-6c9c-4137-a866-f82f653c9bf9
2019-10-19 01:04:25,561 [Thread-290] INFO  impl.FollowerState (FollowerState.java:run(108)) - a54795b0-6c9c-4137-a866-f82f653c9bf9@group-0BC27EF3D61A-FollowerState: change to CANDIDATE, lastRpcTime:6ms, electionTimeout:6ms
2019-10-19 01:04:25,618 [Thread-290] INFO  impl.RoleInfo (RoleInfo.java:shutdownFollowerState(121)) - a54795b0-6c9c-4137-a866-f82f653c9bf9: shutdown FollowerState
2019-10-19 01:04:25,618 [Thread-290] INFO  impl.RaftServerImpl (RaftServerImpl.java:setRole(184)) - a54795b0-6c9c-4137-a866-f82f653c9bf9@group-0BC27EF3D61A: changes role from  FOLLOWER to CANDIDATE at term 0 for changeToCandidate
2019-10-19 01:04:25,620 [Thread-290] INFO  impl.RoleInfo (RoleInfo.java:updateAndGet(143)) - a54795b0-6c9c-4137-a866-f82f653c9bf9: start LeaderElection
2019-10-19 01:04:25,640 [a54795b0-6c9c-4137-a866-f82f653c9bf9@group-0BC27EF3D61A-LeaderElection2] INFO  impl.LeaderElection (LeaderElection.java:askForVotes(178)) - a54795b0-6c9c-4137-a866-f82f653c9bf9@group-0BC27EF3D61A-LeaderElection2: begin an election at term 1 for -1: [a54795b0-6c9c-4137-a866-f82f653c9bf9:192.168.157.213:43688], old=null
2019-10-19 01:04:25,654 [a54795b0-6c9c-4137-a866-f82f653c9bf9@group-0BC27EF3D61A-LeaderElection2] INFO  impl.RoleInfo (RoleInfo.java:shutdownLeaderElection(134)) - a54795b0-6c9c-4137-a866-f82f653c9bf9: shutdown LeaderElection
2019-10-19 01:04:25,669 [a54795b0-6c9c-4137-a866-f82f653c9bf9@group-0BC27EF3D61A-LeaderElection2] INFO  impl.RaftServerImpl (RaftServerImpl.java:setRole(184)) - a54795b0-6c9c-4137-a866-f82f653c9bf9@group-0BC27EF3D61A: changes role from CANDIDATE to LEADER at term 1 for changeToLeader
2019-10-19 01:04:25,669 [a54795b0-6c9c-4137-a866-f82f653c9bf9@group-0BC27EF3D61A-LeaderElection2] INFO  impl.RaftServerImpl (ServerState.java:setLeader(256)) - a54795b0-6c9c-4137-a866-f82f653c9bf9@group-0BC27EF3D61A: change Leader from null to a54795b0-6c9c-4137-a866-f82f653c9bf9 at term 1 for becomeLeader, leader elected after 188ms
2019-10-19 01:04:25,669 [RatisPipelineUtilsThread] INFO  pipeline.PipelineStateManager (PipelineStateManager.java:addPipeline(56)) - Created pipeline Pipeline[ Id: 640c81f0-2f6e-41dc-ad24-0bc27ef3d61a, Nodes: a54795b0-6c9c-4137-a866-f82f653c9bf9{ip: 192.168.157.213, host: pr-hdds-2333-xd9jc-2947872914, networkLocation: /default-rack, certSerialId: null}, Type:RATIS, Factor:ONE, State:OPEN]
2019-10-19 01:04:25,670 [a54795b0-6c9c-4137-a866-f82f653c9bf9@group-0BC27EF3D61A-LeaderElection2] INFO  server.RaftServerConfigKeys (ConfUtils.java:logGet(43)) - raft.server.staging.catchup.gap = 1000 (default)
2019-10-19 01:04:25,671 [a54795b0-6c9c-4137-a866-f82f653c9bf9@group-0BC27EF3D61A-LeaderElection2] INFO  server.RaftServerConfigKeys (ConfUtils.java:logGet(43)) - raft.server.rpc.sleep.time = 25ms (default)
2019-10-19 01:04:25,671 [a54795b0-6c9c-4137-a866-f82f653c9bf9@group-0BC27EF3D61A-LeaderElection2] INFO  server.RaftServerConfigKeys (ConfUtils.java:logGet(43)) - raft.server.write.element-limit = 4096 (default)
2019-10-19 01:04:25,672 [a54795b0-6c9c-4137-a866-f82f653c9bf9@group-0BC27EF3D61A-LeaderElection2] INFO  server.RaftServerConfigKeys (ConfUtils.java:logGet(43)) - raft.server.watch.timeout = 10s (default)
2019-10-19 01:04:25,673 [a54795b0-6c9c-4137-a866-f82f653c9bf9@group-0BC27EF3D61A-LeaderElection2] INFO  server.RaftServerConfigKeys (ConfUtils.java:logGet(43)) - raft.server.watch.timeout.denomination = 1s (default)
2019-10-19 01:04:25,673 [a54795b0-6c9c-4137-a866-f82f653c9bf9@group-0BC27EF3D61A-LeaderElection2] INFO  server.RaftServerConfigKeys (ConfUtils.java:logGet(43)) - raft.server.watch.element-limit = 65536 (default)
2019-10-19 01:04:25,683 [a54795b0-6c9c-4137-a866-f82f653c9bf9@group-0BC27EF3D61A-LeaderElection2] INFO  impl.RoleInfo (RoleInfo.java:updateAndGet(143)) - a54795b0-6c9c-4137-a866-f82f653c9bf9: start LeaderState
2019-10-19 01:04:25,684 [a54795b0-6c9c-4137-a866-f82f653c9bf9@group-0BC27EF3D61A-LeaderElection2] INFO  segmented.SegmentedRaftLogWorker (SegmentedRaftLogWorker.java:startLogSegment(385)) - a54795b0-6c9c-4137-a866-f82f653c9bf9@group-0BC27EF3D61A-SegmentedRaftLogWorker: Starting segment from index:0
2019-10-19 01:04:25,684 [a54795b0-6c9c-4137-a866-f82f653c9bf9@group-0BC27EF3D61A-LeaderElection2] INFO  impl.RaftServerImpl (ServerState.java:setRaftConf(357)) - a54795b0-6c9c-4137-a866-f82f653c9bf9@group-0BC27EF3D61A: set configuration 0: [a54795b0-6c9c-4137-a866-f82f653c9bf9:192.168.157.213:43688], old=null at 0
2019-10-19 01:04:25,691 [grpc-default-executor-0] INFO  impl.RaftServerProxy (RaftServerProxy.java:addNew(89)) - b26a8d60-58dc-431d-8168-f89a9ab35f3a: addNew group-551133B94023:[b26a8d60-58dc-431d-8168-f89a9ab35f3a:192.168.157.213:35535] returns group-551133B94023:java.util.concurrent.CompletableFuture@3287917d[Not completed]
2019-10-19 01:04:25,708 [pool-117-thread-1] INFO  impl.RaftServerImpl (RaftServerImpl.java:<init>(104)) - b26a8d60-58dc-431d-8168-f89a9ab35f3a: new RaftServerImpl for group-551133B94023:[b26a8d60-58dc-431d-8168-f89a9ab35f3a:192.168.157.213:35535] with ContainerStateMachine:uninitialized
2019-10-19 01:04:25,709 [pool-117-thread-1] INFO  server.RaftServerConfigKeys (ConfUtils.java:logGet(43)) - raft.server.rpc.timeout.min = 1s (custom)
2019-10-19 01:04:25,709 [pool-117-thread-1] INFO  server.RaftServerConfigKeys (ConfUtils.java:logGet(43)) - raft.server.rpc.timeout.max = 1200ms (custom)
2019-10-19 01:04:25,709 [pool-117-thread-1] INFO  server.RaftServerConfigKeys (ConfUtils.java:logGet(43)) - raft.server.rpcslowness.timeout = 120s (custom)
2019-10-19 01:04:25,709 [pool-117-thread-1] INFO  server.RaftServerConfigKeys (ConfUtils.java:logGet(43)) - raft.server.sleep.deviation.threshold = 300 (default)
2019-10-19 01:04:25,709 [pool-117-thread-1] INFO  server.RaftServerConfigKeys (ConfUtils.java:logGet(43)) - raft.server.log.appender.install.snapshot.enabled = false (custom)
2019-10-19 01:04:25,709 [pool-117-thread-1] INFO  impl.RaftServerImpl (ServerState.java:<init>(103)) - b26a8d60-58dc-431d-8168-f89a9ab35f3a@group-551133B94023: ConfigurationManager, init=-1: [b26a8d60-58dc-431d-8168-f89a9ab35f3a:192.168.157.213:35535], old=null, confs=<EMPTY_MAP>
2019-10-19 01:04:25,709 [pool-117-thread-1] INFO  server.RaftServerConfigKeys (ConfUtils.java:logGet(43)) - raft.server.storage.dir = [/workdir/hadoop-ozone/integration-test/target/test-dir/MiniOzoneClusterImpl-08d89ad4-f612-48fc-8979-c1cb428f8ac2/datanode-9/data/ratis] (custom)
2019-10-19 01:04:25,710 [pool-117-thread-1] INFO  server.RaftServerConfigKeys (ConfUtils.java:logGet(43)) - raft.server.log.corruption.policy = EXCEPTION (default)
2019-10-19 01:04:25,710 [pool-117-thread-1] INFO  storage.RaftStorageDirectory (RaftStorageDirectory.java:analyzeStorage(246)) - The storage directory /workdir/hadoop-ozone/integration-test/target/test-dir/MiniOzoneClusterImpl-08d89ad4-f612-48fc-8979-c1cb428f8ac2/datanode-9/data/ratis/7c93862a-9a2b-457e-ae16-551133b94023 does not exist. Creating ...
2019-10-19 01:04:25,724 [pool-117-thread-1] INFO  storage.RaftStorageDirectory (RaftStorageDirectory.java:tryLock(328)) - Lock on /workdir/hadoop-ozone/integration-test/target/test-dir/MiniOzoneClusterImpl-08d89ad4-f612-48fc-8979-c1cb428f8ac2/datanode-9/data/ratis/7c93862a-9a2b-457e-ae16-551133b94023/in_use.lock acquired by nodename 939@pr-hdds-2333-xd9jc-2947872914
2019-10-19 01:04:25,736 [pool-117-thread-1] INFO  storage.RaftStorage (RaftStorage.java:format(84)) - Storage directory /workdir/hadoop-ozone/integration-test/target/test-dir/MiniOzoneClusterImpl-08d89ad4-f612-48fc-8979-c1cb428f8ac2/datanode-9/data/ratis/7c93862a-9a2b-457e-ae16-551133b94023 has been successfully formatted.
2019-10-19 01:04:25,737 [pool-117-thread-1] INFO  ratis.ContainerStateMachine (ContainerStateMachine.java:loadSnapshot(231)) - group-551133B94023: The snapshot info is null. Setting the last applied indexto:(t:0, i:~)
2019-10-19 01:04:25,737 [pool-117-thread-1] INFO  server.RaftServerConfigKeys (ConfUtils.java:logGet(43)) - raft.server.notification.no-leader.timeout = 120s (custom)
2019-10-19 01:04:25,737 [pool-117-thread-1] INFO  server.RaftServerConfigKeys (ConfUtils.java:logGet(43)) - raft.server.log.use.memory = false (default)
2019-10-19 01:04:25,737 [pool-117-thread-1] INFO  server.RaftServerConfigKeys (ConfUtils.java:logGet(43)) - raft.server.log.purge.gap = 1000000 (custom)
2019-10-19 01:04:25,737 [pool-117-thread-1] INFO  server.RaftServerConfigKeys (ConfUtils.java:logGet(43)) - raft.server.log.appender.buffer.byte-limit = 33554432 (custom)
2019-10-19 01:04:25,737 [pool-117-thread-1] INFO  server.RaftServerConfigKeys (ConfUtils.java:logGet(43)) - raft.server.log.segment.size.max = 1048576 (custom)
2019-10-19 01:04:25,740 [pool-117-thread-1] INFO  server.RaftServerConfigKeys (ConfUtils.java:logGet(43)) - raft.server.log.segment.cache.num.max = 2 (custom)
2019-10-19 01:04:25,740 [pool-117-thread-1] INFO  segmented.SegmentedRaftLogWorker (SegmentedRaftLogWorker.java:<init>(173)) - new b26a8d60-58dc-431d-8168-f89a9ab35f3a@group-551133B94023-SegmentedRaftLogWorker for RaftStorage:Storage Directory /workdir/hadoop-ozone/integration-test/target/test-dir/MiniOzoneClusterImpl-08d89ad4-f612-48fc-8979-c1cb428f8ac2/datanode-9/data/ratis/7c93862a-9a2b-457e-ae16-551133b94023
2019-10-19 01:04:25,740 [pool-117-thread-1] INFO  server.RaftServerConfigKeys (ConfUtils.java:logGet(43)) - raft.server.log.queue.byte-limit = 2147483647 (custom)
2019-10-19 01:04:25,740 [pool-117-thread-1] INFO  server.RaftServerConfigKeys (ConfUtils.java:logGet(43)) - raft.server.log.queue.element-limit = 1024 (custom)
2019-10-19 01:04:25,740 [pool-117-thread-1] INFO  server.RaftServerConfigKeys (ConfUtils.java:logGet(43)) - raft.server.log.segment.size.max = 1048576 (custom)
2019-10-19 01:04:25,741 [pool-117-thread-1] INFO  server.RaftServerConfigKeys (ConfUtils.java:logGet(43)) - raft.server.log.preallocated.size = 16384 (custom)
2019-10-19 01:04:25,741 [pool-117-thread-1] INFO  server.RaftServerConfigKeys (ConfUtils.java:logGet(43)) - raft.server.log.write.buffer.size = 33554432 (custom)
2019-10-19 01:04:25,741 [pool-117-thread-1] INFO  server.RaftServerConfigKeys (ConfUtils.java:logGet(43)) - raft.server.log.force.sync.num = 128 (default)
2019-10-19 01:04:25,741 [pool-117-thread-1] INFO  server.RaftServerConfigKeys (ConfUtils.java:logGet(43)) - raft.server.log.statemachine.data.sync = true (default)
2019-10-19 01:04:25,741 [pool-117-thread-1] INFO  server.RaftServerConfigKeys (ConfUtils.java:logGet(43)) - raft.server.log.statemachine.data.sync.timeout = 10s (default)
2019-10-19 01:04:25,741 [pool-117-thread-1] INFO  server.RaftServerConfigKeys (ConfUtils.java:logGet(43)) - raft.server.log.statemachine.data.sync.timeout.retry = -1 (default)
2019-10-19 01:04:25,742 [pool-117-thread-1] INFO  server.RaftServerConfigKeys (ConfUtils.java:logGet(43)) - raft.server.log.statemachine.data.caching.enabled = true (custom)
2019-10-19 01:04:25,742 [pool-117-thread-1] INFO  segmented.SegmentedRaftLogWorker (SegmentedRaftLogWorker.java:lambda$new$0(128)) - b26a8d60-58dc-431d-8168-f89a9ab35f3a@group-551133B94023-SegmentedRaftLogWorker: flushIndex: setUnconditionally 0 -> -1
2019-10-19 01:04:25,742 [pool-117-thread-1] INFO  server.RaftServerConfigKeys (ConfUtils.java:logGet(43)) - raft.server.snapshot.auto.trigger.enabled = true (custom)
2019-10-19 01:04:25,742 [pool-117-thread-1] INFO  server.RaftServerConfigKeys (ConfUtils.java:logGet(43)) - raft.server.snapshot.auto.trigger.threshold = 10000 (custom)
2019-10-19 01:04:25,743 [pool-117-thread-1] INFO  server.RaftServerConfigKeys (ConfUtils.java:logGet(43)) - raft.server.snapshot.retention.file.num = 5 (custom)
2019-10-19 01:04:25,743 [pool-117-thread-1] INFO  server.RaftServerConfigKeys (ConfUtils.java:logGet(43)) - raft.server.retrycache.expirytime = 600000ms (custom)
2019-10-19 01:04:25,747 [pool-117-thread-1] INFO  impl.RaftServerImpl (RaftServerImpl.java:start(195)) - b26a8d60-58dc-431d-8168-f89a9ab35f3a@group-551133B94023: start as a follower, conf=-1: [b26a8d60-58dc-431d-8168-f89a9ab35f3a:192.168.157.213:35535], old=null
2019-10-19 01:04:25,748 [pool-117-thread-1] INFO  impl.RaftServerImpl (RaftServerImpl.java:setRole(184)) - b26a8d60-58dc-431d-8168-f89a9ab35f3a@group-551133B94023: changes role from      null to FOLLOWER at term 0 for startAsFollower
2019-10-19 01:04:25,748 [pool-117-thread-1] INFO  impl.RoleInfo (RoleInfo.java:updateAndGet(143)) - b26a8d60-58dc-431d-8168-f89a9ab35f3a: start FollowerState
2019-10-19 01:04:25,748 [pool-117-thread-1] INFO  util.JmxRegister (JmxRegister.java:tryRegister(44)) - Successfully registered JMX Bean with object name Ratis:service=RaftServer,group=group-551133B94023,id=b26a8d60-58dc-431d-8168-f89a9ab35f3a
2019-10-19 01:04:25,765 [RatisPipelineUtilsThread] INFO  pipeline.PipelineStateManager (PipelineStateManager.java:addPipeline(56)) - Created pipeline Pipeline[ Id: 7c93862a-9a2b-457e-ae16-551133b94023, Nodes: b26a8d60-58dc-431d-8168-f89a9ab35f3a{ip: 192.168.157.213, host: pr-hdds-2333-xd9jc-2947872914, networkLocation: /default-rack, certSerialId: null}, Type:RATIS, Factor:ONE, State:OPEN]
2019-10-19 01:04:25,783 [grpc-default-executor-0] INFO  impl.RaftServerProxy (RaftServerProxy.java:addNew(89)) - 16805c57-9f45-4377-8998-764a8f26e152: addNew group-FCFEBB2FD2C1:[16805c57-9f45-4377-8998-764a8f26e152:192.168.157.213:33728] returns group-FCFEBB2FD2C1:java.util.concurrent.CompletableFuture@2b7b9cf1[Not completed]
2019-10-19 01:04:25,786 [pool-87-thread-1] INFO  impl.RaftServerImpl (RaftServerImpl.java:<init>(104)) - 16805c57-9f45-4377-8998-764a8f26e152: new RaftServerImpl for group-FCFEBB2FD2C1:[16805c57-9f45-4377-8998-764a8f26e152:192.168.157.213:33728] with ContainerStateMachine:uninitialized
2019-10-19 01:04:25,786 [pool-87-thread-1] INFO  server.RaftServerConfigKeys (ConfUtils.java:logGet(43)) - raft.server.rpc.timeout.min = 1s (custom)
2019-10-19 01:04:25,786 [pool-87-thread-1] INFO  server.RaftServerConfigKeys (ConfUtils.java:logGet(43)) - raft.server.rpc.timeout.max = 1200ms (custom)
2019-10-19 01:04:25,786 [pool-87-thread-1] INFO  server.RaftServerConfigKeys (ConfUtils.java:logGet(43)) - raft.server.rpcslowness.timeout = 120s (custom)
2019-10-19 01:04:25,786 [pool-87-thread-1] INFO  server.RaftServerConfigKeys (ConfUtils.java:logGet(43)) - raft.server.sleep.deviation.threshold = 300 (default)
2019-10-19 01:04:25,787 [pool-87-thread-1] INFO  server.RaftServerConfigKeys (ConfUtils.java:logGet(43)) - raft.server.log.appender.install.snapshot.enabled = false (custom)
2019-10-19 01:04:25,787 [pool-87-thread-1] INFO  impl.RaftServerImpl (ServerState.java:<init>(103)) - 16805c57-9f45-4377-8998-764a8f26e152@group-FCFEBB2FD2C1: ConfigurationManager, init=-1: [16805c57-9f45-4377-8998-764a8f26e152:192.168.157.213:33728], old=null, confs=<EMPTY_MAP>
2019-10-19 01:04:25,788 [pool-87-thread-1] INFO  server.RaftServerConfigKeys (ConfUtils.java:logGet(43)) - raft.server.storage.dir = [/workdir/hadoop-ozone/integration-test/target/test-dir/MiniOzoneClusterImpl-08d89ad4-f612-48fc-8979-c1cb428f8ac2/datanode-6/data/ratis] (custom)
2019-10-19 01:04:25,788 [pool-87-thread-1] INFO  server.RaftServerConfigKeys (ConfUtils.java:logGet(43)) - raft.server.log.corruption.policy = EXCEPTION (default)
2019-10-19 01:04:25,788 [pool-87-thread-1] INFO  storage.RaftStorageDirectory (RaftStorageDirectory.java:analyzeStorage(246)) - The storage directory /workdir/hadoop-ozone/integration-test/target/test-dir/MiniOzoneClusterImpl-08d89ad4-f612-48fc-8979-c1cb428f8ac2/datanode-6/data/ratis/3e7b860d-871b-48c8-a88d-fcfebb2fd2c1 does not exist. Creating ...
2019-10-19 01:04:25,800 [pool-87-thread-1] INFO  storage.RaftStorageDirectory (RaftStorageDirectory.java:tryLock(328)) - Lock on /workdir/hadoop-ozone/integration-test/target/test-dir/MiniOzoneClusterImpl-08d89ad4-f612-48fc-8979-c1cb428f8ac2/datanode-6/data/ratis/3e7b860d-871b-48c8-a88d-fcfebb2fd2c1/in_use.lock acquired by nodename 939@pr-hdds-2333-xd9jc-2947872914
2019-10-19 01:04:25,813 [pool-87-thread-1] INFO  storage.RaftStorage (RaftStorage.java:format(84)) - Storage directory /workdir/hadoop-ozone/integration-test/target/test-dir/MiniOzoneClusterImpl-08d89ad4-f612-48fc-8979-c1cb428f8ac2/datanode-6/data/ratis/3e7b860d-871b-48c8-a88d-fcfebb2fd2c1 has been successfully formatted.
2019-10-19 01:04:25,814 [pool-87-thread-1] INFO  ratis.ContainerStateMachine (ContainerStateMachine.java:loadSnapshot(231)) - group-FCFEBB2FD2C1: The snapshot info is null. Setting the last applied indexto:(t:0, i:~)
2019-10-19 01:04:25,814 [pool-87-thread-1] INFO  server.RaftServerConfigKeys (ConfUtils.java:logGet(43)) - raft.server.notification.no-leader.timeout = 120s (custom)
2019-10-19 01:04:25,814 [pool-87-thread-1] INFO  server.RaftServerConfigKeys (ConfUtils.java:logGet(43)) - raft.server.log.use.memory = false (default)
2019-10-19 01:04:25,814 [pool-87-thread-1] INFO  server.RaftServerConfigKeys (ConfUtils.java:logGet(43)) - raft.server.log.purge.gap = 1000000 (custom)
2019-10-19 01:04:25,814 [pool-87-thread-1] INFO  server.RaftServerConfigKeys (ConfUtils.java:logGet(43)) - raft.server.log.appender.buffer.byte-limit = 33554432 (custom)
2019-10-19 01:04:25,814 [pool-87-thread-1] INFO  server.RaftServerConfigKeys (ConfUtils.java:logGet(43)) - raft.server.log.segment.size.max = 1048576 (custom)
2019-10-19 01:04:25,816 [pool-87-thread-1] INFO  server.RaftServerConfigKeys (ConfUtils.java:logGet(43)) - raft.server.log.segment.cache.num.max = 2 (custom)
2019-10-19 01:04:25,816 [pool-87-thread-1] INFO  segmented.SegmentedRaftLogWorker (SegmentedRaftLogWorker.java:<init>(173)) - new 16805c57-9f45-4377-8998-764a8f26e152@group-FCFEBB2FD2C1-SegmentedRaftLogWorker for RaftStorage:Storage Directory /workdir/hadoop-ozone/integration-test/target/test-dir/MiniOzoneClusterImpl-08d89ad4-f612-48fc-8979-c1cb428f8ac2/datanode-6/data/ratis/3e7b860d-871b-48c8-a88d-fcfebb2fd2c1
2019-10-19 01:04:25,816 [pool-87-thread-1] INFO  server.RaftServerConfigKeys (ConfUtils.java:logGet(43)) - raft.server.log.queue.byte-limit = 2147483647 (custom)
2019-10-19 01:04:25,817 [pool-87-thread-1] INFO  server.RaftServerConfigKeys (ConfUtils.java:logGet(43)) - raft.server.log.queue.element-limit = 1024 (custom)
2019-10-19 01:04:25,817 [pool-87-thread-1] INFO  server.RaftServerConfigKeys (ConfUtils.java:logGet(43)) - raft.server.log.segment.size.max = 1048576 (custom)
2019-10-19 01:04:25,817 [pool-87-thread-1] INFO  server.RaftServerConfigKeys (ConfUtils.java:logGet(43)) - raft.server.log.preallocated.size = 16384 (custom)
2019-10-19 01:04:25,817 [pool-87-thread-1] INFO  server.RaftServerConfigKeys (ConfUtils.java:logGet(43)) - raft.server.log.write.buffer.size = 33554432 (custom)
2019-10-19 01:04:25,817 [pool-87-thread-1] INFO  server.RaftServerConfigKeys (ConfUtils.java:logGet(43)) - raft.server.log.force.sync.num = 128 (default)
2019-10-19 01:04:25,817 [pool-87-thread-1] INFO  server.RaftServerConfigKeys (ConfUtils.java:logGet(43)) - raft.server.log.statemachine.data.sync = true (default)
2019-10-19 01:04:25,817 [pool-87-thread-1] INFO  server.RaftServerConfigKeys (ConfUtils.java:logGet(43)) - raft.server.log.statemachine.data.sync.timeout = 10s (default)
2019-10-19 01:04:25,817 [pool-87-thread-1] INFO  server.RaftServerConfigKeys (ConfUtils.java:logGet(43)) - raft.server.log.statemachine.data.sync.timeout.retry = -1 (default)
2019-10-19 01:04:25,818 [pool-87-thread-1] INFO  server.RaftServerConfigKeys (ConfUtils.java:logGet(43)) - raft.server.log.statemachine.data.caching.enabled = true (custom)
2019-10-19 01:04:25,818 [pool-87-thread-1] INFO  segmented.SegmentedRaftLogWorker (SegmentedRaftLogWorker.java:lambda$new$0(128)) - 16805c57-9f45-4377-8998-764a8f26e152@group-FCFEBB2FD2C1-SegmentedRaftLogWorker: flushIndex: setUnconditionally 0 -> -1
2019-10-19 01:04:25,818 [pool-87-thread-1] INFO  server.RaftServerConfigKeys (ConfUtils.java:logGet(43)) - raft.server.snapshot.auto.trigger.enabled = true (custom)
2019-10-19 01:04:25,818 [pool-87-thread-1] INFO  server.RaftServerConfigKeys (ConfUtils.java:logGet(43)) - raft.server.snapshot.auto.trigger.threshold = 10000 (custom)
2019-10-19 01:04:25,818 [pool-87-thread-1] INFO  server.RaftServerConfigKeys (ConfUtils.java:logGet(43)) - raft.server.snapshot.retention.file.num = 5 (custom)
2019-10-19 01:04:25,819 [pool-87-thread-1] INFO  server.RaftServerConfigKeys (ConfUtils.java:logGet(43)) - raft.server.retrycache.expirytime = 600000ms (custom)
2019-10-19 01:04:25,822 [pool-87-thread-1] INFO  impl.RaftServerImpl (RaftServerImpl.java:start(195)) - 16805c57-9f45-4377-8998-764a8f26e152@group-FCFEBB2FD2C1: start as a follower, conf=-1: [16805c57-9f45-4377-8998-764a8f26e152:192.168.157.213:33728], old=null
2019-10-19 01:04:25,822 [pool-87-thread-1] INFO  impl.RaftServerImpl (RaftServerImpl.java:setRole(184)) - 16805c57-9f45-4377-8998-764a8f26e152@group-FCFEBB2FD2C1: changes role from      null to FOLLOWER at term 0 for startAsFollower
2019-10-19 01:04:25,822 [pool-87-thread-1] INFO  impl.RoleInfo (RoleInfo.java:updateAndGet(143)) - 16805c57-9f45-4377-8998-764a8f26e152: start FollowerState
2019-10-19 01:04:25,823 [pool-87-thread-1] INFO  util.JmxRegister (JmxRegister.java:tryRegister(44)) - Successfully registered JMX Bean with object name Ratis:service=RaftServer,group=group-FCFEBB2FD2C1,id=16805c57-9f45-4377-8998-764a8f26e152
2019-10-19 01:04:25,841 [RatisPipelineUtilsThread] INFO  pipeline.PipelineStateManager (PipelineStateManager.java:addPipeline(56)) - Created pipeline Pipeline[ Id: 3e7b860d-871b-48c8-a88d-fcfebb2fd2c1, Nodes: 16805c57-9f45-4377-8998-764a8f26e152{ip: 192.168.157.213, host: pr-hdds-2333-xd9jc-2947872914, networkLocation: /default-rack, certSerialId: null}, Type:RATIS, Factor:ONE, State:OPEN]
2019-10-19 01:04:25,856 [grpc-default-executor-0] INFO  impl.RaftServerProxy (RaftServerProxy.java:addNew(89)) - 7f3fb33d-9d98-4be4-bfb4-e5618e23eafb: addNew group-5C2AC259D01C:[7f3fb33d-9d98-4be4-bfb4-e5618e23eafb:192.168.157.213:46612] returns group-5C2AC259D01C:java.util.concurrent.CompletableFuture@5e09ec9a[Not completed]
2019-10-19 01:04:25,861 [pool-107-thread-1] INFO  impl.RaftServerImpl (RaftServerImpl.java:<init>(104)) - 7f3fb33d-9d98-4be4-bfb4-e5618e23eafb: new RaftServerImpl for group-5C2AC259D01C:[7f3fb33d-9d98-4be4-bfb4-e5618e23eafb:192.168.157.213:46612] with ContainerStateMachine:uninitialized
2019-10-19 01:04:25,861 [pool-107-thread-1] INFO  server.RaftServerConfigKeys (ConfUtils.java:logGet(43)) - raft.server.rpc.timeout.min = 1s (custom)
2019-10-19 01:04:25,861 [pool-107-thread-1] INFO  server.RaftServerConfigKeys (ConfUtils.java:logGet(43)) - raft.server.rpc.timeout.max = 1200ms (custom)
2019-10-19 01:04:25,861 [pool-107-thread-1] INFO  server.RaftServerConfigKeys (ConfUtils.java:logGet(43)) - raft.server.rpcslowness.timeout = 120s (custom)
2019-10-19 01:04:25,861 [pool-107-thread-1] INFO  server.RaftServerConfigKeys (ConfUtils.java:logGet(43)) - raft.server.sleep.deviation.threshold = 300 (default)
2019-10-19 01:04:25,861 [pool-107-thread-1] INFO  server.RaftServerConfigKeys (ConfUtils.java:logGet(43)) - raft.server.log.appender.install.snapshot.enabled = false (custom)
2019-10-19 01:04:25,861 [pool-107-thread-1] INFO  impl.RaftServerImpl (ServerState.java:<init>(103)) - 7f3fb33d-9d98-4be4-bfb4-e5618e23eafb@group-5C2AC259D01C: ConfigurationManager, init=-1: [7f3fb33d-9d98-4be4-bfb4-e5618e23eafb:192.168.157.213:46612], old=null, confs=<EMPTY_MAP>
2019-10-19 01:04:25,861 [pool-107-thread-1] INFO  server.RaftServerConfigKeys (ConfUtils.java:logGet(43)) - raft.server.storage.dir = [/workdir/hadoop-ozone/integration-test/target/test-dir/MiniOzoneClusterImpl-08d89ad4-f612-48fc-8979-c1cb428f8ac2/datanode-8/data/ratis] (custom)
2019-10-19 01:04:25,862 [pool-107-thread-1] INFO  server.RaftServerConfigKeys (ConfUtils.java:logGet(43)) - raft.server.log.corruption.policy = EXCEPTION (default)
2019-10-19 01:04:25,862 [pool-107-thread-1] INFO  storage.RaftStorageDirectory (RaftStorageDirectory.java:analyzeStorage(246)) - The storage directory /workdir/hadoop-ozone/integration-test/target/test-dir/MiniOzoneClusterImpl-08d89ad4-f612-48fc-8979-c1cb428f8ac2/datanode-8/data/ratis/5d67a7d3-a7c4-4bb6-99dc-5c2ac259d01c does not exist. Creating ...
2019-10-19 01:04:25,874 [pool-107-thread-1] INFO  storage.RaftStorageDirectory (RaftStorageDirectory.java:tryLock(328)) - Lock on /workdir/hadoop-ozone/integration-test/target/test-dir/MiniOzoneClusterImpl-08d89ad4-f612-48fc-8979-c1cb428f8ac2/datanode-8/data/ratis/5d67a7d3-a7c4-4bb6-99dc-5c2ac259d01c/in_use.lock acquired by nodename 939@pr-hdds-2333-xd9jc-2947872914
2019-10-19 01:04:25,888 [pool-107-thread-1] INFO  storage.RaftStorage (RaftStorage.java:format(84)) - Storage directory /workdir/hadoop-ozone/integration-test/target/test-dir/MiniOzoneClusterImpl-08d89ad4-f612-48fc-8979-c1cb428f8ac2/datanode-8/data/ratis/5d67a7d3-a7c4-4bb6-99dc-5c2ac259d01c has been successfully formatted.
2019-10-19 01:04:25,889 [pool-107-thread-1] INFO  ratis.ContainerStateMachine (ContainerStateMachine.java:loadSnapshot(231)) - group-5C2AC259D01C: The snapshot info is null. Setting the last applied indexto:(t:0, i:~)
2019-10-19 01:04:25,889 [pool-107-thread-1] INFO  server.RaftServerConfigKeys (ConfUtils.java:logGet(43)) - raft.server.notification.no-leader.timeout = 120s (custom)
2019-10-19 01:04:25,889 [pool-107-thread-1] INFO  server.RaftServerConfigKeys (ConfUtils.java:logGet(43)) - raft.server.log.use.memory = false (default)
2019-10-19 01:04:25,889 [pool-107-thread-1] INFO  server.RaftServerConfigKeys (ConfUtils.java:logGet(43)) - raft.server.log.purge.gap = 1000000 (custom)
2019-10-19 01:04:25,889 [pool-107-thread-1] INFO  server.RaftServerConfigKeys (ConfUtils.java:logGet(43)) - raft.server.log.appender.buffer.byte-limit = 33554432 (custom)
2019-10-19 01:04:25,889 [pool-107-thread-1] INFO  server.RaftServerConfigKeys (ConfUtils.java:logGet(43)) - raft.server.log.segment.size.max = 1048576 (custom)
2019-10-19 01:04:25,889 [Thread-295] INFO  impl.FollowerState (FollowerState.java:run(108)) - b26a8d60-58dc-431d-8168-f89a9ab35f3a@group-551133B94023-FollowerState: change to CANDIDATE, lastRpcTime:141ms, electionTimeout:141ms
2019-10-19 01:04:25,890 [Thread-295] INFO  impl.RoleInfo (RoleInfo.java:shutdownFollowerState(121)) - b26a8d60-58dc-431d-8168-f89a9ab35f3a: shutdown FollowerState
2019-10-19 01:04:25,890 [Thread-295] INFO  impl.RaftServerImpl (RaftServerImpl.java:setRole(184)) - b26a8d60-58dc-431d-8168-f89a9ab35f3a@group-551133B94023: changes role from  FOLLOWER to CANDIDATE at term 0 for changeToCandidate
2019-10-19 01:04:25,890 [Thread-295] INFO  impl.RoleInfo (RoleInfo.java:updateAndGet(143)) - b26a8d60-58dc-431d-8168-f89a9ab35f3a: start LeaderElection
2019-10-19 01:04:25,923 [pool-107-thread-1] INFO  server.RaftServerConfigKeys (ConfUtils.java:logGet(43)) - raft.server.log.segment.cache.num.max = 2 (custom)
2019-10-19 01:04:25,923 [pool-107-thread-1] INFO  segmented.SegmentedRaftLogWorker (SegmentedRaftLogWorker.java:<init>(173)) - new 7f3fb33d-9d98-4be4-bfb4-e5618e23eafb@group-5C2AC259D01C-SegmentedRaftLogWorker for RaftStorage:Storage Directory /workdir/hadoop-ozone/integration-test/target/test-dir/MiniOzoneClusterImpl-08d89ad4-f612-48fc-8979-c1cb428f8ac2/datanode-8/data/ratis/5d67a7d3-a7c4-4bb6-99dc-5c2ac259d01c
2019-10-19 01:04:25,923 [pool-107-thread-1] INFO  server.RaftServerConfigKeys (ConfUtils.java:logGet(43)) - raft.server.log.queue.byte-limit = 2147483647 (custom)
2019-10-19 01:04:25,923 [pool-107-thread-1] INFO  server.RaftServerConfigKeys (ConfUtils.java:logGet(43)) - raft.server.log.queue.element-limit = 1024 (custom)
2019-10-19 01:04:25,923 [pool-107-thread-1] INFO  server.RaftServerConfigKeys (ConfUtils.java:logGet(43)) - raft.server.log.segment.size.max = 1048576 (custom)
2019-10-19 01:04:25,924 [pool-107-thread-1] INFO  server.RaftServerConfigKeys (ConfUtils.java:logGet(43)) - raft.server.log.preallocated.size = 16384 (custom)
2019-10-19 01:04:25,924 [pool-107-thread-1] INFO  server.RaftServerConfigKeys (ConfUtils.java:logGet(43)) - raft.server.log.write.buffer.size = 33554432 (custom)
2019-10-19 01:04:25,924 [pool-107-thread-1] INFO  server.RaftServerConfigKeys (ConfUtils.java:logGet(43)) - raft.server.log.force.sync.num = 128 (default)
2019-10-19 01:04:25,924 [pool-107-thread-1] INFO  server.RaftServerConfigKeys (ConfUtils.java:logGet(43)) - raft.server.log.statemachine.data.sync = true (default)
2019-10-19 01:04:25,924 [pool-107-thread-1] INFO  server.RaftServerConfigKeys (ConfUtils.java:logGet(43)) - raft.server.log.statemachine.data.sync.timeout = 10s (default)
2019-10-19 01:04:25,924 [pool-107-thread-1] INFO  server.RaftServerConfigKeys (ConfUtils.java:logGet(43)) - raft.server.log.statemachine.data.sync.timeout.retry = -1 (default)
2019-10-19 01:04:25,925 [pool-107-thread-1] INFO  server.RaftServerConfigKeys (ConfUtils.java:logGet(43)) - raft.server.log.statemachine.data.caching.enabled = true (custom)
2019-10-19 01:04:25,925 [pool-107-thread-1] INFO  segmented.SegmentedRaftLogWorker (SegmentedRaftLogWorker.java:lambda$new$0(128)) - 7f3fb33d-9d98-4be4-bfb4-e5618e23eafb@group-5C2AC259D01C-SegmentedRaftLogWorker: flushIndex: setUnconditionally 0 -> -1
2019-10-19 01:04:25,926 [pool-107-thread-1] INFO  server.RaftServerConfigKeys (ConfUtils.java:logGet(43)) - raft.server.snapshot.auto.trigger.enabled = true (custom)
2019-10-19 01:04:25,926 [pool-107-thread-1] INFO  server.RaftServerConfigKeys (ConfUtils.java:logGet(43)) - raft.server.snapshot.auto.trigger.threshold = 10000 (custom)
2019-10-19 01:04:25,926 [pool-107-thread-1] INFO  server.RaftServerConfigKeys (ConfUtils.java:logGet(43)) - raft.server.snapshot.retention.file.num = 5 (custom)
2019-10-19 01:04:25,926 [pool-107-thread-1] INFO  server.RaftServerConfigKeys (ConfUtils.java:logGet(43)) - raft.server.retrycache.expirytime = 600000ms (custom)
2019-10-19 01:04:25,938 [pool-107-thread-1] INFO  impl.RaftServerImpl (RaftServerImpl.java:start(195)) - 7f3fb33d-9d98-4be4-bfb4-e5618e23eafb@group-5C2AC259D01C: start as a follower, conf=-1: [7f3fb33d-9d98-4be4-bfb4-e5618e23eafb:192.168.157.213:46612], old=null
2019-10-19 01:04:25,938 [pool-107-thread-1] INFO  impl.RaftServerImpl (RaftServerImpl.java:setRole(184)) - 7f3fb33d-9d98-4be4-bfb4-e5618e23eafb@group-5C2AC259D01C: changes role from      null to FOLLOWER at term 0 for startAsFollower
2019-10-19 01:04:25,938 [pool-107-thread-1] INFO  impl.RoleInfo (RoleInfo.java:updateAndGet(143)) - 7f3fb33d-9d98-4be4-bfb4-e5618e23eafb: start FollowerState
2019-10-19 01:04:25,938 [pool-107-thread-1] INFO  util.JmxRegister (JmxRegister.java:tryRegister(44)) - Successfully registered JMX Bean with object name Ratis:service=RaftServer,group=group-5C2AC259D01C,id=7f3fb33d-9d98-4be4-bfb4-e5618e23eafb
2019-10-19 01:04:25,939 [64c90977-e867-487c-b50d-c226f2d34a76@group-8108A593CD98-SegmentedRaftLogWorker] INFO  segmented.SegmentedRaftLogWorker (SegmentedRaftLogWorker.java:execute(576)) - 64c90977-e867-487c-b50d-c226f2d34a76@group-8108A593CD98-SegmentedRaftLogWorker: created new log segment /workdir/hadoop-ozone/integration-test/target/test-dir/MiniOzoneClusterImpl-08d89ad4-f612-48fc-8979-c1cb428f8ac2/datanode-0/data/ratis/94bfd439-3955-49a1-9ac5-8108a593cd98/current/log_inprogress_0
2019-10-19 01:04:25,939 [a54795b0-6c9c-4137-a866-f82f653c9bf9@group-0BC27EF3D61A-SegmentedRaftLogWorker] INFO  segmented.SegmentedRaftLogWorker (SegmentedRaftLogWorker.java:execute(576)) - a54795b0-6c9c-4137-a866-f82f653c9bf9@group-0BC27EF3D61A-SegmentedRaftLogWorker: created new log segment /workdir/hadoop-ozone/integration-test/target/test-dir/MiniOzoneClusterImpl-08d89ad4-f612-48fc-8979-c1cb428f8ac2/datanode-2/data/ratis/640c81f0-2f6e-41dc-ad24-0bc27ef3d61a/current/log_inprogress_0
2019-10-19 01:04:25,939 [b26a8d60-58dc-431d-8168-f89a9ab35f3a@group-551133B94023-LeaderElection3] INFO  impl.LeaderElection (LeaderElection.java:askForVotes(178)) - b26a8d60-58dc-431d-8168-f89a9ab35f3a@group-551133B94023-LeaderElection3: begin an election at term 1 for -1: [b26a8d60-58dc-431d-8168-f89a9ab35f3a:192.168.157.213:35535], old=null
2019-10-19 01:04:25,939 [b26a8d60-58dc-431d-8168-f89a9ab35f3a@group-551133B94023-LeaderElection3] INFO  impl.RoleInfo (RoleInfo.java:shutdownLeaderElection(134)) - b26a8d60-58dc-431d-8168-f89a9ab35f3a: shutdown LeaderElection
2019-10-19 01:04:25,939 [b26a8d60-58dc-431d-8168-f89a9ab35f3a@group-551133B94023-LeaderElection3] INFO  impl.RaftServerImpl (RaftServerImpl.java:setRole(184)) - b26a8d60-58dc-431d-8168-f89a9ab35f3a@group-551133B94023: changes role from CANDIDATE to LEADER at term 1 for changeToLeader
2019-10-19 01:04:25,939 [b26a8d60-58dc-431d-8168-f89a9ab35f3a@group-551133B94023-LeaderElection3] INFO  impl.RaftServerImpl (ServerState.java:setLeader(256)) - b26a8d60-58dc-431d-8168-f89a9ab35f3a@group-551133B94023: change Leader from null to b26a8d60-58dc-431d-8168-f89a9ab35f3a at term 1 for becomeLeader, leader elected after 202ms
2019-10-19 01:04:25,941 [b26a8d60-58dc-431d-8168-f89a9ab35f3a@group-551133B94023-LeaderElection3] INFO  server.RaftServerConfigKeys (ConfUtils.java:logGet(43)) - raft.server.staging.catchup.gap = 1000 (default)
2019-10-19 01:04:25,941 [b26a8d60-58dc-431d-8168-f89a9ab35f3a@group-551133B94023-LeaderElection3] INFO  server.RaftServerConfigKeys (ConfUtils.java:logGet(43)) - raft.server.rpc.sleep.time = 25ms (default)
2019-10-19 01:04:25,941 [b26a8d60-58dc-431d-8168-f89a9ab35f3a@group-551133B94023-LeaderElection3] INFO  server.RaftServerConfigKeys (ConfUtils.java:logGet(43)) - raft.server.write.element-limit = 4096 (default)
2019-10-19 01:04:25,941 [b26a8d60-58dc-431d-8168-f89a9ab35f3a@group-551133B94023-LeaderElection3] INFO  server.RaftServerConfigKeys (ConfUtils.java:logGet(43)) - raft.server.watch.timeout = 10s (default)
2019-10-19 01:04:25,942 [b26a8d60-58dc-431d-8168-f89a9ab35f3a@group-551133B94023-LeaderElection3] INFO  server.RaftServerConfigKeys (ConfUtils.java:logGet(43)) - raft.server.watch.timeout.denomination = 1s (default)
2019-10-19 01:04:25,942 [b26a8d60-58dc-431d-8168-f89a9ab35f3a@group-551133B94023-LeaderElection3] INFO  server.RaftServerConfigKeys (ConfUtils.java:logGet(43)) - raft.server.watch.element-limit = 65536 (default)
2019-10-19 01:04:25,946 [b26a8d60-58dc-431d-8168-f89a9ab35f3a@group-551133B94023-LeaderElection3] INFO  impl.RoleInfo (RoleInfo.java:updateAndGet(143)) - b26a8d60-58dc-431d-8168-f89a9ab35f3a: start LeaderState
2019-10-19 01:04:25,947 [b26a8d60-58dc-431d-8168-f89a9ab35f3a@group-551133B94023-LeaderElection3] INFO  segmented.SegmentedRaftLogWorker (SegmentedRaftLogWorker.java:startLogSegment(385)) - b26a8d60-58dc-431d-8168-f89a9ab35f3a@group-551133B94023-SegmentedRaftLogWorker: Starting segment from index:0
2019-10-19 01:04:25,952 [b26a8d60-58dc-431d-8168-f89a9ab35f3a@group-551133B94023-LeaderElection3] INFO  impl.RaftServerImpl (ServerState.java:setRaftConf(357)) - b26a8d60-58dc-431d-8168-f89a9ab35f3a@group-551133B94023: set configuration 0: [b26a8d60-58dc-431d-8168-f89a9ab35f3a:192.168.157.213:35535], old=null at 0
2019-10-19 01:04:25,981 [Thread-298] INFO  impl.FollowerState (FollowerState.java:run(108)) - 16805c57-9f45-4377-8998-764a8f26e152@group-FCFEBB2FD2C1-FollowerState: change to CANDIDATE, lastRpcTime:158ms, electionTimeout:157ms
2019-10-19 01:04:25,981 [Thread-298] INFO  impl.RoleInfo (RoleInfo.java:shutdownFollowerState(121)) - 16805c57-9f45-4377-8998-764a8f26e152: shutdown FollowerState
2019-10-19 01:04:25,981 [Thread-298] INFO  impl.RaftServerImpl (RaftServerImpl.java:setRole(184)) - 16805c57-9f45-4377-8998-764a8f26e152@group-FCFEBB2FD2C1: changes role from  FOLLOWER to CANDIDATE at term 0 for changeToCandidate
2019-10-19 01:04:25,985 [Thread-298] INFO  impl.RoleInfo (RoleInfo.java:updateAndGet(143)) - 16805c57-9f45-4377-8998-764a8f26e152: start LeaderElection
2019-10-19 01:04:25,991 [RatisPipelineUtilsThread] INFO  pipeline.PipelineStateManager (PipelineStateManager.java:addPipeline(56)) - Created pipeline Pipeline[ Id: 5d67a7d3-a7c4-4bb6-99dc-5c2ac259d01c, Nodes: 7f3fb33d-9d98-4be4-bfb4-e5618e23eafb{ip: 192.168.157.213, host: pr-hdds-2333-xd9jc-2947872914, networkLocation: /default-rack, certSerialId: null}, Type:RATIS, Factor:ONE, State:OPEN]
2019-10-19 01:04:25,994 [b26a8d60-58dc-431d-8168-f89a9ab35f3a@group-551133B94023-SegmentedRaftLogWorker] INFO  segmented.SegmentedRaftLogWorker (SegmentedRaftLogWorker.java:execute(576)) - b26a8d60-58dc-431d-8168-f89a9ab35f3a@group-551133B94023-SegmentedRaftLogWorker: created new log segment /workdir/hadoop-ozone/integration-test/target/test-dir/MiniOzoneClusterImpl-08d89ad4-f612-48fc-8979-c1cb428f8ac2/datanode-9/data/ratis/7c93862a-9a2b-457e-ae16-551133b94023/current/log_inprogress_0
2019-10-19 01:04:25,994 [16805c57-9f45-4377-8998-764a8f26e152@group-FCFEBB2FD2C1-LeaderElection4] INFO  impl.LeaderElection (LeaderElection.java:askForVotes(178)) - 16805c57-9f45-4377-8998-764a8f26e152@group-FCFEBB2FD2C1-LeaderElection4: begin an election at term 1 for -1: [16805c57-9f45-4377-8998-764a8f26e152:192.168.157.213:33728], old=null
2019-10-19 01:04:25,994 [16805c57-9f45-4377-8998-764a8f26e152@group-FCFEBB2FD2C1-LeaderElection4] INFO  impl.RoleInfo (RoleInfo.java:shutdownLeaderElection(134)) - 16805c57-9f45-4377-8998-764a8f26e152: shutdown LeaderElection
2019-10-19 01:04:25,994 [16805c57-9f45-4377-8998-764a8f26e152@group-FCFEBB2FD2C1-LeaderElection4] INFO  impl.RaftServerImpl (RaftServerImpl.java:setRole(184)) - 16805c57-9f45-4377-8998-764a8f26e152@group-FCFEBB2FD2C1: changes role from CANDIDATE to LEADER at term 1 for changeToLeader
2019-10-19 01:04:25,994 [16805c57-9f45-4377-8998-764a8f26e152@group-FCFEBB2FD2C1-LeaderElection4] INFO  impl.RaftServerImpl (ServerState.java:setLeader(256)) - 16805c57-9f45-4377-8998-764a8f26e152@group-FCFEBB2FD2C1: change Leader from null to 16805c57-9f45-4377-8998-764a8f26e152 at term 1 for becomeLeader, leader elected after 180ms
2019-10-19 01:04:25,995 [16805c57-9f45-4377-8998-764a8f26e152@group-FCFEBB2FD2C1-LeaderElection4] INFO  server.RaftServerConfigKeys (ConfUtils.java:logGet(43)) - raft.server.staging.catchup.gap = 1000 (default)
2019-10-19 01:04:25,996 [16805c57-9f45-4377-8998-764a8f26e152@group-FCFEBB2FD2C1-LeaderElection4] INFO  server.RaftServerConfigKeys (ConfUtils.java:logGet(43)) - raft.server.rpc.sleep.time = 25ms (default)
2019-10-19 01:04:25,996 [16805c57-9f45-4377-8998-764a8f26e152@group-FCFEBB2FD2C1-LeaderElection4] INFO  server.RaftServerConfigKeys (ConfUtils.java:logGet(43)) - raft.server.write.element-limit = 4096 (default)
2019-10-19 01:04:25,996 [16805c57-9f45-4377-8998-764a8f26e152@group-FCFEBB2FD2C1-LeaderElection4] INFO  server.RaftServerConfigKeys (ConfUtils.java:logGet(43)) - raft.server.watch.timeout = 10s (default)
2019-10-19 01:04:25,996 [16805c57-9f45-4377-8998-764a8f26e152@group-FCFEBB2FD2C1-LeaderElection4] INFO  server.RaftServerConfigKeys (ConfUtils.java:logGet(43)) - raft.server.watch.timeout.denomination = 1s (default)
2019-10-19 01:04:25,996 [16805c57-9f45-4377-8998-764a8f26e152@group-FCFEBB2FD2C1-LeaderElection4] INFO  server.RaftServerConfigKeys (ConfUtils.java:logGet(43)) - raft.server.watch.element-limit = 65536 (default)
2019-10-19 01:04:25,999 [16805c57-9f45-4377-8998-764a8f26e152@group-FCFEBB2FD2C1-LeaderElection4] INFO  impl.RoleInfo (RoleInfo.java:updateAndGet(143)) - 16805c57-9f45-4377-8998-764a8f26e152: start LeaderState
2019-10-19 01:04:25,999 [16805c57-9f45-4377-8998-764a8f26e152@group-FCFEBB2FD2C1-LeaderElection4] INFO  segmented.SegmentedRaftLogWorker (SegmentedRaftLogWorker.java:startLogSegment(385)) - 16805c57-9f45-4377-8998-764a8f26e152@group-FCFEBB2FD2C1-SegmentedRaftLogWorker: Starting segment from index:0
2019-10-19 01:04:26,001 [16805c57-9f45-4377-8998-764a8f26e152@group-FCFEBB2FD2C1-LeaderElection4] INFO  impl.RaftServerImpl (ServerState.java:setRaftConf(357)) - 16805c57-9f45-4377-8998-764a8f26e152@group-FCFEBB2FD2C1: set configuration 0: [16805c57-9f45-4377-8998-764a8f26e152:192.168.157.213:33728], old=null at 0
2019-10-19 01:04:26,043 [16805c57-9f45-4377-8998-764a8f26e152@group-FCFEBB2FD2C1-SegmentedRaftLogWorker] INFO  segmented.SegmentedRaftLogWorker (SegmentedRaftLogWorker.java:execute(576)) - 16805c57-9f45-4377-8998-764a8f26e152@group-FCFEBB2FD2C1-SegmentedRaftLogWorker: created new log segment /workdir/hadoop-ozone/integration-test/target/test-dir/MiniOzoneClusterImpl-08d89ad4-f612-48fc-8979-c1cb428f8ac2/datanode-6/data/ratis/3e7b860d-871b-48c8-a88d-fcfebb2fd2c1/current/log_inprogress_0
2019-10-19 01:04:26,048 [grpc-default-executor-0] INFO  impl.RaftServerProxy (RaftServerProxy.java:addNew(89)) - bd96e850-7fd3-40f8-8499-55f7f41be4fe: addNew group-E875C27AF545:[bd96e850-7fd3-40f8-8499-55f7f41be4fe:192.168.157.213:46800] returns group-E875C27AF545:java.util.concurrent.CompletableFuture@67356143[Not completed]
2019-10-19 01:04:26,052 [pool-67-thread-1] INFO  impl.RaftServerImpl (RaftServerImpl.java:<init>(104)) - bd96e850-7fd3-40f8-8499-55f7f41be4fe: new RaftServerImpl for group-E875C27AF545:[bd96e850-7fd3-40f8-8499-55f7f41be4fe:192.168.157.213:46800] with ContainerStateMachine:uninitialized
2019-10-19 01:04:26,053 [pool-67-thread-1] INFO  server.RaftServerConfigKeys (ConfUtils.java:logGet(43)) - raft.server.rpc.timeout.min = 1s (custom)
2019-10-19 01:04:26,053 [pool-67-thread-1] INFO  server.RaftServerConfigKeys (ConfUtils.java:logGet(43)) - raft.server.rpc.timeout.max = 1200ms (custom)
2019-10-19 01:04:26,053 [pool-67-thread-1] INFO  server.RaftServerConfigKeys (ConfUtils.java:logGet(43)) - raft.server.rpcslowness.timeout = 120s (custom)
2019-10-19 01:04:26,053 [pool-67-thread-1] INFO  server.RaftServerConfigKeys (ConfUtils.java:logGet(43)) - raft.server.sleep.deviation.threshold = 300 (default)
2019-10-19 01:04:26,053 [pool-67-thread-1] INFO  server.RaftServerConfigKeys (ConfUtils.java:logGet(43)) - raft.server.log.appender.install.snapshot.enabled = false (custom)
2019-10-19 01:04:26,053 [pool-67-thread-1] INFO  impl.RaftServerImpl (ServerState.java:<init>(103)) - bd96e850-7fd3-40f8-8499-55f7f41be4fe@group-E875C27AF545: ConfigurationManager, init=-1: [bd96e850-7fd3-40f8-8499-55f7f41be4fe:192.168.157.213:46800], old=null, confs=<EMPTY_MAP>
2019-10-19 01:04:26,053 [pool-67-thread-1] INFO  server.RaftServerConfigKeys (ConfUtils.java:logGet(43)) - raft.server.storage.dir = [/workdir/hadoop-ozone/integration-test/target/test-dir/MiniOzoneClusterImpl-08d89ad4-f612-48fc-8979-c1cb428f8ac2/datanode-4/data/ratis] (custom)
2019-10-19 01:04:26,053 [pool-67-thread-1] INFO  server.RaftServerConfigKeys (ConfUtils.java:logGet(43)) - raft.server.log.corruption.policy = EXCEPTION (default)
2019-10-19 01:04:26,054 [pool-67-thread-1] INFO  storage.RaftStorageDirectory (RaftStorageDirectory.java:analyzeStorage(246)) - The storage directory /workdir/hadoop-ozone/integration-test/target/test-dir/MiniOzoneClusterImpl-08d89ad4-f612-48fc-8979-c1cb428f8ac2/datanode-4/data/ratis/505d634d-d6f8-4ca3-a07e-e875c27af545 does not exist. Creating ...
2019-10-19 01:04:26,057 [pool-67-thread-1] INFO  storage.RaftStorageDirectory (RaftStorageDirectory.java:tryLock(328)) - Lock on /workdir/hadoop-ozone/integration-test/target/test-dir/MiniOzoneClusterImpl-08d89ad4-f612-48fc-8979-c1cb428f8ac2/datanode-4/data/ratis/505d634d-d6f8-4ca3-a07e-e875c27af545/in_use.lock acquired by nodename 939@pr-hdds-2333-xd9jc-2947872914
2019-10-19 01:04:26,071 [pool-67-thread-1] INFO  storage.RaftStorage (RaftStorage.java:format(84)) - Storage directory /workdir/hadoop-ozone/integration-test/target/test-dir/MiniOzoneClusterImpl-08d89ad4-f612-48fc-8979-c1cb428f8ac2/datanode-4/data/ratis/505d634d-d6f8-4ca3-a07e-e875c27af545 has been successfully formatted.
2019-10-19 01:04:26,071 [pool-67-thread-1] INFO  ratis.ContainerStateMachine (ContainerStateMachine.java:loadSnapshot(231)) - group-E875C27AF545: The snapshot info is null. Setting the last applied indexto:(t:0, i:~)
2019-10-19 01:04:26,071 [pool-67-thread-1] INFO  server.RaftServerConfigKeys (ConfUtils.java:logGet(43)) - raft.server.notification.no-leader.timeout = 120s (custom)
2019-10-19 01:04:26,071 [pool-67-thread-1] INFO  server.RaftServerConfigKeys (ConfUtils.java:logGet(43)) - raft.server.log.use.memory = false (default)
2019-10-19 01:04:26,072 [pool-67-thread-1] INFO  server.RaftServerConfigKeys (ConfUtils.java:logGet(43)) - raft.server.log.purge.gap = 1000000 (custom)
2019-10-19 01:04:26,072 [pool-67-thread-1] INFO  server.RaftServerConfigKeys (ConfUtils.java:logGet(43)) - raft.server.log.appender.buffer.byte-limit = 33554432 (custom)
2019-10-19 01:04:26,072 [pool-67-thread-1] INFO  server.RaftServerConfigKeys (ConfUtils.java:logGet(43)) - raft.server.log.segment.size.max = 1048576 (custom)
2019-10-19 01:04:26,074 [pool-67-thread-1] INFO  server.RaftServerConfigKeys (ConfUtils.java:logGet(43)) - raft.server.log.segment.cache.num.max = 2 (custom)
2019-10-19 01:04:26,075 [pool-67-thread-1] INFO  segmented.SegmentedRaftLogWorker (SegmentedRaftLogWorker.java:<init>(173)) - new bd96e850-7fd3-40f8-8499-55f7f41be4fe@group-E875C27AF545-SegmentedRaftLogWorker for RaftStorage:Storage Directory /workdir/hadoop-ozone/integration-test/target/test-dir/MiniOzoneClusterImpl-08d89ad4-f612-48fc-8979-c1cb428f8ac2/datanode-4/data/ratis/505d634d-d6f8-4ca3-a07e-e875c27af545
2019-10-19 01:04:26,075 [pool-67-thread-1] INFO  server.RaftServerConfigKeys (ConfUtils.java:logGet(43)) - raft.server.log.queue.byte-limit = 2147483647 (custom)
2019-10-19 01:04:26,075 [pool-67-thread-1] INFO  server.RaftServerConfigKeys (ConfUtils.java:logGet(43)) - raft.server.log.queue.element-limit = 1024 (custom)
2019-10-19 01:04:26,075 [pool-67-thread-1] INFO  server.RaftServerConfigKeys (ConfUtils.java:logGet(43)) - raft.server.log.segment.size.max = 1048576 (custom)
2019-10-19 01:04:26,075 [pool-67-thread-1] INFO  server.RaftServerConfigKeys (ConfUtils.java:logGet(43)) - raft.server.log.preallocated.size = 16384 (custom)
2019-10-19 01:04:26,075 [pool-67-thread-1] INFO  server.RaftServerConfigKeys (ConfUtils.java:logGet(43)) - raft.server.log.write.buffer.size = 33554432 (custom)
2019-10-19 01:04:26,075 [pool-67-thread-1] INFO  server.RaftServerConfigKeys (ConfUtils.java:logGet(43)) - raft.server.log.force.sync.num = 128 (default)
2019-10-19 01:04:26,076 [pool-67-thread-1] INFO  server.RaftServerConfigKeys (ConfUtils.java:logGet(43)) - raft.server.log.statemachine.data.sync = true (default)
2019-10-19 01:04:26,076 [pool-67-thread-1] INFO  server.RaftServerConfigKeys (ConfUtils.java:logGet(43)) - raft.server.log.statemachine.data.sync.timeout = 10s (default)
2019-10-19 01:04:26,076 [pool-67-thread-1] INFO  server.RaftServerConfigKeys (ConfUtils.java:logGet(43)) - raft.server.log.statemachine.data.sync.timeout.retry = -1 (default)
2019-10-19 01:04:26,076 [pool-67-thread-1] INFO  server.RaftServerConfigKeys (ConfUtils.java:logGet(43)) - raft.server.log.statemachine.data.caching.enabled = true (custom)
2019-10-19 01:04:26,077 [pool-67-thread-1] INFO  segmented.SegmentedRaftLogWorker (SegmentedRaftLogWorker.java:lambda$new$0(128)) - bd96e850-7fd3-40f8-8499-55f7f41be4fe@group-E875C27AF545-SegmentedRaftLogWorker: flushIndex: setUnconditionally 0 -> -1
2019-10-19 01:04:26,077 [pool-67-thread-1] INFO  server.RaftServerConfigKeys (ConfUtils.java:logGet(43)) - raft.server.snapshot.auto.trigger.enabled = true (custom)
2019-10-19 01:04:26,077 [pool-67-thread-1] INFO  server.RaftServerConfigKeys (ConfUtils.java:logGet(43)) - raft.server.snapshot.auto.trigger.threshold = 10000 (custom)
2019-10-19 01:04:26,077 [pool-67-thread-1] INFO  server.RaftServerConfigKeys (ConfUtils.java:logGet(43)) - raft.server.snapshot.retention.file.num = 5 (custom)
2019-10-19 01:04:26,078 [pool-67-thread-1] INFO  server.RaftServerConfigKeys (ConfUtils.java:logGet(43)) - raft.server.retrycache.expirytime = 600000ms (custom)
2019-10-19 01:04:26,082 [pool-67-thread-1] INFO  impl.RaftServerImpl (RaftServerImpl.java:start(195)) - bd96e850-7fd3-40f8-8499-55f7f41be4fe@group-E875C27AF545: start as a follower, conf=-1: [bd96e850-7fd3-40f8-8499-55f7f41be4fe:192.168.157.213:46800], old=null
2019-10-19 01:04:26,082 [pool-67-thread-1] INFO  impl.RaftServerImpl (RaftServerImpl.java:setRole(184)) - bd96e850-7fd3-40f8-8499-55f7f41be4fe@group-E875C27AF545: changes role from      null to FOLLOWER at term 0 for startAsFollower
2019-10-19 01:04:26,083 [pool-67-thread-1] INFO  impl.RoleInfo (RoleInfo.java:updateAndGet(143)) - bd96e850-7fd3-40f8-8499-55f7f41be4fe: start FollowerState
2019-10-19 01:04:26,083 [pool-67-thread-1] INFO  util.JmxRegister (JmxRegister.java:tryRegister(44)) - Successfully registered JMX Bean with object name Ratis:service=RaftServer,group=group-E875C27AF545,id=bd96e850-7fd3-40f8-8499-55f7f41be4fe
2019-10-19 01:04:26,098 [RatisPipelineUtilsThread] INFO  pipeline.PipelineStateManager (PipelineStateManager.java:addPipeline(56)) - Created pipeline Pipeline[ Id: 505d634d-d6f8-4ca3-a07e-e875c27af545, Nodes: bd96e850-7fd3-40f8-8499-55f7f41be4fe{ip: 192.168.157.213, host: pr-hdds-2333-xd9jc-2947872914, networkLocation: /default-rack, certSerialId: null}, Type:RATIS, Factor:ONE, State:OPEN]
2019-10-19 01:04:26,104 [Thread-302] INFO  impl.FollowerState (FollowerState.java:run(108)) - 7f3fb33d-9d98-4be4-bfb4-e5618e23eafb@group-5C2AC259D01C-FollowerState: change to CANDIDATE, lastRpcTime:166ms, electionTimeout:166ms
2019-10-19 01:04:26,106 [Thread-302] INFO  impl.RoleInfo (RoleInfo.java:shutdownFollowerState(121)) - 7f3fb33d-9d98-4be4-bfb4-e5618e23eafb: shutdown FollowerState
2019-10-19 01:04:26,106 [Thread-302] INFO  impl.RaftServerImpl (RaftServerImpl.java:setRole(184)) - 7f3fb33d-9d98-4be4-bfb4-e5618e23eafb@group-5C2AC259D01C: changes role from  FOLLOWER to CANDIDATE at term 0 for changeToCandidate
2019-10-19 01:04:26,106 [Thread-302] INFO  impl.RoleInfo (RoleInfo.java:updateAndGet(143)) - 7f3fb33d-9d98-4be4-bfb4-e5618e23eafb: start LeaderElection
2019-10-19 01:04:26,118 [grpc-default-executor-0] INFO  impl.RaftServerProxy (RaftServerProxy.java:addNew(89)) - 390d33c4-98c8-495f-9f34-63cdf16532b5: addNew group-342EE665C0AD:[390d33c4-98c8-495f-9f34-63cdf16532b5:192.168.157.213:40184] returns group-342EE665C0AD:java.util.concurrent.CompletableFuture@21cd9c39[Not completed]
2019-10-19 01:04:26,122 [pool-37-thread-1] INFO  impl.RaftServerImpl (RaftServerImpl.java:<init>(104)) - 390d33c4-98c8-495f-9f34-63cdf16532b5: new RaftServerImpl for group-342EE665C0AD:[390d33c4-98c8-495f-9f34-63cdf16532b5:192.168.157.213:40184] with ContainerStateMachine:uninitialized
2019-10-19 01:04:26,122 [pool-37-thread-1] INFO  server.RaftServerConfigKeys (ConfUtils.java:logGet(43)) - raft.server.rpc.timeout.min = 1s (custom)
2019-10-19 01:04:26,123 [pool-37-thread-1] INFO  server.RaftServerConfigKeys (ConfUtils.java:logGet(43)) - raft.server.rpc.timeout.max = 1200ms (custom)
2019-10-19 01:04:26,123 [pool-37-thread-1] INFO  server.RaftServerConfigKeys (ConfUtils.java:logGet(43)) - raft.server.rpcslowness.timeout = 120s (custom)
2019-10-19 01:04:26,123 [pool-37-thread-1] INFO  server.RaftServerConfigKeys (ConfUtils.java:logGet(43)) - raft.server.sleep.deviation.threshold = 300 (default)
2019-10-19 01:04:26,123 [pool-37-thread-1] INFO  server.RaftServerConfigKeys (ConfUtils.java:logGet(43)) - raft.server.log.appender.install.snapshot.enabled = false (custom)
2019-10-19 01:04:26,123 [pool-37-thread-1] INFO  impl.RaftServerImpl (ServerState.java:<init>(103)) - 390d33c4-98c8-495f-9f34-63cdf16532b5@group-342EE665C0AD: ConfigurationManager, init=-1: [390d33c4-98c8-495f-9f34-63cdf16532b5:192.168.157.213:40184], old=null, confs=<EMPTY_MAP>
2019-10-19 01:04:26,123 [pool-37-thread-1] INFO  server.RaftServerConfigKeys (ConfUtils.java:logGet(43)) - raft.server.storage.dir = [/workdir/hadoop-ozone/integration-test/target/test-dir/MiniOzoneClusterImpl-08d89ad4-f612-48fc-8979-c1cb428f8ac2/datanode-1/data/ratis] (custom)
2019-10-19 01:04:26,124 [pool-37-thread-1] INFO  server.RaftServerConfigKeys (ConfUtils.java:logGet(43)) - raft.server.log.corruption.policy = EXCEPTION (default)
2019-10-19 01:04:26,124 [pool-37-thread-1] INFO  storage.RaftStorageDirectory (RaftStorageDirectory.java:analyzeStorage(246)) - The storage directory /workdir/hadoop-ozone/integration-test/target/test-dir/MiniOzoneClusterImpl-08d89ad4-f612-48fc-8979-c1cb428f8ac2/datanode-1/data/ratis/28e4baa2-95b4-40a2-a751-342ee665c0ad does not exist. Creating ...
2019-10-19 01:04:26,137 [7f3fb33d-9d98-4be4-bfb4-e5618e23eafb@group-5C2AC259D01C-LeaderElection5] INFO  impl.LeaderElection (LeaderElection.java:askForVotes(178)) - 7f3fb33d-9d98-4be4-bfb4-e5618e23eafb@group-5C2AC259D01C-LeaderElection5: begin an election at term 1 for -1: [7f3fb33d-9d98-4be4-bfb4-e5618e23eafb:192.168.157.213:46612], old=null
2019-10-19 01:04:26,137 [7f3fb33d-9d98-4be4-bfb4-e5618e23eafb@group-5C2AC259D01C-LeaderElection5] INFO  impl.RoleInfo (RoleInfo.java:shutdownLeaderElection(134)) - 7f3fb33d-9d98-4be4-bfb4-e5618e23eafb: shutdown LeaderElection
2019-10-19 01:04:26,137 [7f3fb33d-9d98-4be4-bfb4-e5618e23eafb@group-5C2AC259D01C-LeaderElection5] INFO  impl.RaftServerImpl (RaftServerImpl.java:setRole(184)) - 7f3fb33d-9d98-4be4-bfb4-e5618e23eafb@group-5C2AC259D01C: changes role from CANDIDATE to LEADER at term 1 for changeToLeader
2019-10-19 01:04:26,137 [7f3fb33d-9d98-4be4-bfb4-e5618e23eafb@group-5C2AC259D01C-LeaderElection5] INFO  impl.RaftServerImpl (ServerState.java:setLeader(256)) - 7f3fb33d-9d98-4be4-bfb4-e5618e23eafb@group-5C2AC259D01C: change Leader from null to 7f3fb33d-9d98-4be4-bfb4-e5618e23eafb at term 1 for becomeLeader, leader elected after 248ms
2019-10-19 01:04:26,147 [pool-37-thread-1] INFO  storage.RaftStorageDirectory (RaftStorageDirectory.java:tryLock(328)) - Lock on /workdir/hadoop-ozone/integration-test/target/test-dir/MiniOzoneClusterImpl-08d89ad4-f612-48fc-8979-c1cb428f8ac2/datanode-1/data/ratis/28e4baa2-95b4-40a2-a751-342ee665c0ad/in_use.lock acquired by nodename 939@pr-hdds-2333-xd9jc-2947872914
2019-10-19 01:04:26,147 [7f3fb33d-9d98-4be4-bfb4-e5618e23eafb@group-5C2AC259D01C-LeaderElection5] INFO  server.RaftServerConfigKeys (ConfUtils.java:logGet(43)) - raft.server.staging.catchup.gap = 1000 (default)
2019-10-19 01:04:26,147 [7f3fb33d-9d98-4be4-bfb4-e5618e23eafb@group-5C2AC259D01C-LeaderElection5] INFO  server.RaftServerConfigKeys (ConfUtils.java:logGet(43)) - raft.server.rpc.sleep.time = 25ms (default)
2019-10-19 01:04:26,147 [7f3fb33d-9d98-4be4-bfb4-e5618e23eafb@group-5C2AC259D01C-LeaderElection5] INFO  server.RaftServerConfigKeys (ConfUtils.java:logGet(43)) - raft.server.write.element-limit = 4096 (default)
2019-10-19 01:04:26,147 [7f3fb33d-9d98-4be4-bfb4-e5618e23eafb@group-5C2AC259D01C-LeaderElection5] INFO  server.RaftServerConfigKeys (ConfUtils.java:logGet(43)) - raft.server.watch.timeout = 10s (default)
2019-10-19 01:04:26,148 [7f3fb33d-9d98-4be4-bfb4-e5618e23eafb@group-5C2AC259D01C-LeaderElection5] INFO  server.RaftServerConfigKeys (ConfUtils.java:logGet(43)) - raft.server.watch.timeout.denomination = 1s (default)
2019-10-19 01:04:26,148 [7f3fb33d-9d98-4be4-bfb4-e5618e23eafb@group-5C2AC259D01C-LeaderElection5] INFO  server.RaftServerConfigKeys (ConfUtils.java:logGet(43)) - raft.server.watch.element-limit = 65536 (default)
2019-10-19 01:04:26,151 [7f3fb33d-9d98-4be4-bfb4-e5618e23eafb@group-5C2AC259D01C-LeaderElection5] INFO  impl.RoleInfo (RoleInfo.java:updateAndGet(143)) - 7f3fb33d-9d98-4be4-bfb4-e5618e23eafb: start LeaderState
2019-10-19 01:04:26,151 [7f3fb33d-9d98-4be4-bfb4-e5618e23eafb@group-5C2AC259D01C-LeaderElection5] INFO  segmented.SegmentedRaftLogWorker (SegmentedRaftLogWorker.java:startLogSegment(385)) - 7f3fb33d-9d98-4be4-bfb4-e5618e23eafb@group-5C2AC259D01C-SegmentedRaftLogWorker: Starting segment from index:0
2019-10-19 01:04:26,152 [7f3fb33d-9d98-4be4-bfb4-e5618e23eafb@group-5C2AC259D01C-LeaderElection5] INFO  impl.RaftServerImpl (ServerState.java:setRaftConf(357)) - 7f3fb33d-9d98-4be4-bfb4-e5618e23eafb@group-5C2AC259D01C: set configuration 0: [7f3fb33d-9d98-4be4-bfb4-e5618e23eafb:192.168.157.213:46612], old=null at 0
2019-10-19 01:04:26,197 [pool-37-thread-1] INFO  storage.RaftStorage (RaftStorage.java:format(84)) - Storage directory /workdir/hadoop-ozone/integration-test/target/test-dir/MiniOzoneClusterImpl-08d89ad4-f612-48fc-8979-c1cb428f8ac2/datanode-1/data/ratis/28e4baa2-95b4-40a2-a751-342ee665c0ad has been successfully formatted.
2019-10-19 01:04:26,197 [7f3fb33d-9d98-4be4-bfb4-e5618e23eafb@group-5C2AC259D01C-SegmentedRaftLogWorker] INFO  segmented.SegmentedRaftLogWorker (SegmentedRaftLogWorker.java:execute(576)) - 7f3fb33d-9d98-4be4-bfb4-e5618e23eafb@group-5C2AC259D01C-SegmentedRaftLogWorker: created new log segment /workdir/hadoop-ozone/integration-test/target/test-dir/MiniOzoneClusterImpl-08d89ad4-f612-48fc-8979-c1cb428f8ac2/datanode-8/data/ratis/5d67a7d3-a7c4-4bb6-99dc-5c2ac259d01c/current/log_inprogress_0
2019-10-19 01:04:26,197 [pool-37-thread-1] INFO  ratis.ContainerStateMachine (ContainerStateMachine.java:loadSnapshot(231)) - group-342EE665C0AD: The snapshot info is null. Setting the last applied indexto:(t:0, i:~)
2019-10-19 01:04:26,197 [pool-37-thread-1] INFO  server.RaftServerConfigKeys (ConfUtils.java:logGet(43)) - raft.server.notification.no-leader.timeout = 120s (custom)
2019-10-19 01:04:26,197 [pool-37-thread-1] INFO  server.RaftServerConfigKeys (ConfUtils.java:logGet(43)) - raft.server.log.use.memory = false (default)
2019-10-19 01:04:26,197 [pool-37-thread-1] INFO  server.RaftServerConfigKeys (ConfUtils.java:logGet(43)) - raft.server.log.purge.gap = 1000000 (custom)
2019-10-19 01:04:26,198 [pool-37-thread-1] INFO  server.RaftServerConfigKeys (ConfUtils.java:logGet(43)) - raft.server.log.appender.buffer.byte-limit = 33554432 (custom)
2019-10-19 01:04:26,198 [pool-37-thread-1] INFO  server.RaftServerConfigKeys (ConfUtils.java:logGet(43)) - raft.server.log.segment.size.max = 1048576 (custom)
2019-10-19 01:04:26,201 [pool-37-thread-1] INFO  server.RaftServerConfigKeys (ConfUtils.java:logGet(43)) - raft.server.log.segment.cache.num.max = 2 (custom)
2019-10-19 01:04:26,201 [pool-37-thread-1] INFO  segmented.SegmentedRaftLogWorker (SegmentedRaftLogWorker.java:<init>(173)) - new 390d33c4-98c8-495f-9f34-63cdf16532b5@group-342EE665C0AD-SegmentedRaftLogWorker for RaftStorage:Storage Directory /workdir/hadoop-ozone/integration-test/target/test-dir/MiniOzoneClusterImpl-08d89ad4-f612-48fc-8979-c1cb428f8ac2/datanode-1/data/ratis/28e4baa2-95b4-40a2-a751-342ee665c0ad
2019-10-19 01:04:26,201 [pool-37-thread-1] INFO  server.RaftServerConfigKeys (ConfUtils.java:logGet(43)) - raft.server.log.queue.byte-limit = 2147483647 (custom)
2019-10-19 01:04:26,201 [pool-37-thread-1] INFO  server.RaftServerConfigKeys (ConfUtils.java:logGet(43)) - raft.server.log.queue.element-limit = 1024 (custom)
2019-10-19 01:04:26,201 [pool-37-thread-1] INFO  server.RaftServerConfigKeys (ConfUtils.java:logGet(43)) - raft.server.log.segment.size.max = 1048576 (custom)
2019-10-19 01:04:26,202 [pool-37-thread-1] INFO  server.RaftServerConfigKeys (ConfUtils.java:logGet(43)) - raft.server.log.preallocated.size = 16384 (custom)
2019-10-19 01:04:26,202 [pool-37-thread-1] INFO  server.RaftServerConfigKeys (ConfUtils.java:logGet(43)) - raft.server.log.write.buffer.size = 33554432 (custom)
2019-10-19 01:04:26,202 [pool-37-thread-1] INFO  server.RaftServerConfigKeys (ConfUtils.java:logGet(43)) - raft.server.log.force.sync.num = 128 (default)
2019-10-19 01:04:26,202 [pool-37-thread-1] INFO  server.RaftServerConfigKeys (ConfUtils.java:logGet(43)) - raft.server.log.statemachine.data.sync = true (default)
2019-10-19 01:04:26,202 [pool-37-thread-1] INFO  server.RaftServerConfigKeys (ConfUtils.java:logGet(43)) - raft.server.log.statemachine.data.sync.timeout = 10s (default)
2019-10-19 01:04:26,202 [pool-37-thread-1] INFO  server.RaftServerConfigKeys (ConfUtils.java:logGet(43)) - raft.server.log.statemachine.data.sync.timeout.retry = -1 (default)
2019-10-19 01:04:26,203 [pool-37-thread-1] INFO  server.RaftServerConfigKeys (ConfUtils.java:logGet(43)) - raft.server.log.statemachine.data.caching.enabled = true (custom)
2019-10-19 01:04:26,203 [pool-37-thread-1] INFO  segmented.SegmentedRaftLogWorker (SegmentedRaftLogWorker.java:lambda$new$0(128)) - 390d33c4-98c8-495f-9f34-63cdf16532b5@group-342EE665C0AD-SegmentedRaftLogWorker: flushIndex: setUnconditionally 0 -> -1
2019-10-19 01:04:26,204 [pool-37-thread-1] INFO  server.RaftServerConfigKeys (ConfUtils.java:logGet(43)) - raft.server.snapshot.auto.trigger.enabled = true (custom)
2019-10-19 01:04:26,204 [pool-37-thread-1] INFO  server.RaftServerConfigKeys (ConfUtils.java:logGet(43)) - raft.server.snapshot.auto.trigger.threshold = 10000 (custom)
2019-10-19 01:04:26,204 [pool-37-thread-1] INFO  server.RaftServerConfigKeys (ConfUtils.java:logGet(43)) - raft.server.snapshot.retention.file.num = 5 (custom)
2019-10-19 01:04:26,204 [pool-37-thread-1] INFO  server.RaftServerConfigKeys (ConfUtils.java:logGet(43)) - raft.server.retrycache.expirytime = 600000ms (custom)
2019-10-19 01:04:26,209 [pool-37-thread-1] INFO  impl.RaftServerImpl (RaftServerImpl.java:start(195)) - 390d33c4-98c8-495f-9f34-63cdf16532b5@group-342EE665C0AD: start as a follower, conf=-1: [390d33c4-98c8-495f-9f34-63cdf16532b5:192.168.157.213:40184], old=null
2019-10-19 01:04:26,209 [pool-37-thread-1] INFO  impl.RaftServerImpl (RaftServerImpl.java:setRole(184)) - 390d33c4-98c8-495f-9f34-63cdf16532b5@group-342EE665C0AD: changes role from      null to FOLLOWER at term 0 for startAsFollower
2019-10-19 01:04:26,209 [pool-37-thread-1] INFO  impl.RoleInfo (RoleInfo.java:updateAndGet(143)) - 390d33c4-98c8-495f-9f34-63cdf16532b5: start FollowerState
2019-10-19 01:04:26,210 [pool-37-thread-1] INFO  util.JmxRegister (JmxRegister.java:tryRegister(44)) - Successfully registered JMX Bean with object name Ratis:service=RaftServer,group=group-342EE665C0AD,id=390d33c4-98c8-495f-9f34-63cdf16532b5
2019-10-19 01:04:26,231 [RatisPipelineUtilsThread] INFO  pipeline.PipelineStateManager (PipelineStateManager.java:addPipeline(56)) - Created pipeline Pipeline[ Id: 28e4baa2-95b4-40a2-a751-342ee665c0ad, Nodes: 390d33c4-98c8-495f-9f34-63cdf16532b5{ip: 192.168.157.213, host: pr-hdds-2333-xd9jc-2947872914, networkLocation: /default-rack, certSerialId: null}, Type:RATIS, Factor:ONE, State:OPEN]
2019-10-19 01:04:26,241 [Thread-308] INFO  impl.FollowerState (FollowerState.java:run(108)) - bd96e850-7fd3-40f8-8499-55f7f41be4fe@group-E875C27AF545-FollowerState: change to CANDIDATE, lastRpcTime:157ms, electionTimeout:157ms
2019-10-19 01:04:26,242 [Thread-308] INFO  impl.RoleInfo (RoleInfo.java:shutdownFollowerState(121)) - bd96e850-7fd3-40f8-8499-55f7f41be4fe: shutdown FollowerState
2019-10-19 01:04:26,242 [Thread-308] INFO  impl.RaftServerImpl (RaftServerImpl.java:setRole(184)) - bd96e850-7fd3-40f8-8499-55f7f41be4fe@group-E875C27AF545: changes role from  FOLLOWER to CANDIDATE at term 0 for changeToCandidate
2019-10-19 01:04:26,242 [Thread-308] INFO  impl.RoleInfo (RoleInfo.java:updateAndGet(143)) - bd96e850-7fd3-40f8-8499-55f7f41be4fe: start LeaderElection
2019-10-19 01:04:26,255 [grpc-default-executor-0] INFO  impl.RaftServerProxy (RaftServerProxy.java:addNew(89)) - a1c78c0e-869c-4f76-b4ce-2034448e0b80: addNew group-2A2116625E33:[a1c78c0e-869c-4f76-b4ce-2034448e0b80:192.168.157.213:33501] returns group-2A2116625E33:java.util.concurrent.CompletableFuture@7b7ad5ee[Not completed]
2019-10-19 01:04:26,257 [pool-97-thread-1] INFO  impl.RaftServerImpl (RaftServerImpl.java:<init>(104)) - a1c78c0e-869c-4f76-b4ce-2034448e0b80: new RaftServerImpl for group-2A2116625E33:[a1c78c0e-869c-4f76-b4ce-2034448e0b80:192.168.157.213:33501] with ContainerStateMachine:uninitialized
2019-10-19 01:04:26,257 [pool-97-thread-1] INFO  server.RaftServerConfigKeys (ConfUtils.java:logGet(43)) - raft.server.rpc.timeout.min = 1s (custom)
2019-10-19 01:04:26,257 [pool-97-thread-1] INFO  server.RaftServerConfigKeys (ConfUtils.java:logGet(43)) - raft.server.rpc.timeout.max = 1200ms (custom)
2019-10-19 01:04:26,258 [pool-97-thread-1] INFO  server.RaftServerConfigKeys (ConfUtils.java:logGet(43)) - raft.server.rpcslowness.timeout = 120s (custom)
2019-10-19 01:04:26,258 [pool-97-thread-1] INFO  server.RaftServerConfigKeys (ConfUtils.java:logGet(43)) - raft.server.sleep.deviation.threshold = 300 (default)
2019-10-19 01:04:26,258 [pool-97-thread-1] INFO  server.RaftServerConfigKeys (ConfUtils.java:logGet(43)) - raft.server.log.appender.install.snapshot.enabled = false (custom)
2019-10-19 01:04:26,258 [pool-97-thread-1] INFO  impl.RaftServerImpl (ServerState.java:<init>(103)) - a1c78c0e-869c-4f76-b4ce-2034448e0b80@group-2A2116625E33: ConfigurationManager, init=-1: [a1c78c0e-869c-4f76-b4ce-2034448e0b80:192.168.157.213:33501], old=null, confs=<EMPTY_MAP>
2019-10-19 01:04:26,258 [pool-97-thread-1] INFO  server.RaftServerConfigKeys (ConfUtils.java:logGet(43)) - raft.server.storage.dir = [/workdir/hadoop-ozone/integration-test/target/test-dir/MiniOzoneClusterImpl-08d89ad4-f612-48fc-8979-c1cb428f8ac2/datanode-7/data/ratis] (custom)
2019-10-19 01:04:26,259 [pool-97-thread-1] INFO  server.RaftServerConfigKeys (ConfUtils.java:logGet(43)) - raft.server.log.corruption.policy = EXCEPTION (default)
2019-10-19 01:04:26,259 [pool-97-thread-1] INFO  storage.RaftStorageDirectory (RaftStorageDirectory.java:analyzeStorage(246)) - The storage directory /workdir/hadoop-ozone/integration-test/target/test-dir/MiniOzoneClusterImpl-08d89ad4-f612-48fc-8979-c1cb428f8ac2/datanode-7/data/ratis/7cded620-e073-4cc6-8941-2a2116625e33 does not exist. Creating ...
2019-10-19 01:04:26,263 [pool-97-thread-1] INFO  storage.RaftStorageDirectory (RaftStorageDirectory.java:tryLock(328)) - Lock on /workdir/hadoop-ozone/integration-test/target/test-dir/MiniOzoneClusterImpl-08d89ad4-f612-48fc-8979-c1cb428f8ac2/datanode-7/data/ratis/7cded620-e073-4cc6-8941-2a2116625e33/in_use.lock acquired by nodename 939@pr-hdds-2333-xd9jc-2947872914
2019-10-19 01:04:26,263 [bd96e850-7fd3-40f8-8499-55f7f41be4fe@group-E875C27AF545-LeaderElection6] INFO  impl.LeaderElection (LeaderElection.java:askForVotes(178)) - bd96e850-7fd3-40f8-8499-55f7f41be4fe@group-E875C27AF545-LeaderElection6: begin an election at term 1 for -1: [bd96e850-7fd3-40f8-8499-55f7f41be4fe:192.168.157.213:46800], old=null
2019-10-19 01:04:26,263 [bd96e850-7fd3-40f8-8499-55f7f41be4fe@group-E875C27AF545-LeaderElection6] INFO  impl.RoleInfo (RoleInfo.java:shutdownLeaderElection(134)) - bd96e850-7fd3-40f8-8499-55f7f41be4fe: shutdown LeaderElection
2019-10-19 01:04:26,264 [bd96e850-7fd3-40f8-8499-55f7f41be4fe@group-E875C27AF545-LeaderElection6] INFO  impl.RaftServerImpl (RaftServerImpl.java:setRole(184)) - bd96e850-7fd3-40f8-8499-55f7f41be4fe@group-E875C27AF545: changes role from CANDIDATE to LEADER at term 1 for changeToLeader
2019-10-19 01:04:26,264 [bd96e850-7fd3-40f8-8499-55f7f41be4fe@group-E875C27AF545-LeaderElection6] INFO  impl.RaftServerImpl (ServerState.java:setLeader(256)) - bd96e850-7fd3-40f8-8499-55f7f41be4fe@group-E875C27AF545: change Leader from null to bd96e850-7fd3-40f8-8499-55f7f41be4fe at term 1 for becomeLeader, leader elected after 192ms
2019-10-19 01:04:26,264 [bd96e850-7fd3-40f8-8499-55f7f41be4fe@group-E875C27AF545-LeaderElection6] INFO  server.RaftServerConfigKeys (ConfUtils.java:logGet(43)) - raft.server.staging.catchup.gap = 1000 (default)
2019-10-19 01:04:26,264 [bd96e850-7fd3-40f8-8499-55f7f41be4fe@group-E875C27AF545-LeaderElection6] INFO  server.RaftServerConfigKeys (ConfUtils.java:logGet(43)) - raft.server.rpc.sleep.time = 25ms (default)
2019-10-19 01:04:26,264 [bd96e850-7fd3-40f8-8499-55f7f41be4fe@group-E875C27AF545-LeaderElection6] INFO  server.RaftServerConfigKeys (ConfUtils.java:logGet(43)) - raft.server.write.element-limit = 4096 (default)
2019-10-19 01:04:26,264 [bd96e850-7fd3-40f8-8499-55f7f41be4fe@group-E875C27AF545-LeaderElection6] INFO  server.RaftServerConfigKeys (ConfUtils.java:logGet(43)) - raft.server.watch.timeout = 10s (default)
2019-10-19 01:04:26,265 [bd96e850-7fd3-40f8-8499-55f7f41be4fe@group-E875C27AF545-LeaderElection6] INFO  server.RaftServerConfigKeys (ConfUtils.java:logGet(43)) - raft.server.watch.timeout.denomination = 1s (default)
2019-10-19 01:04:26,265 [bd96e850-7fd3-40f8-8499-55f7f41be4fe@group-E875C27AF545-LeaderElection6] INFO  server.RaftServerConfigKeys (ConfUtils.java:logGet(43)) - raft.server.watch.element-limit = 65536 (default)
2019-10-19 01:04:26,267 [Thread-313] INFO  impl.FollowerState (FollowerState.java:run(108)) - 390d33c4-98c8-495f-9f34-63cdf16532b5@group-342EE665C0AD-FollowerState: change to CANDIDATE, lastRpcTime:57ms, electionTimeout:57ms
2019-10-19 01:04:26,267 [Thread-313] INFO  impl.RoleInfo (RoleInfo.java:shutdownFollowerState(121)) - 390d33c4-98c8-495f-9f34-63cdf16532b5: shutdown FollowerState
2019-10-19 01:04:26,267 [Thread-313] INFO  impl.RaftServerImpl (RaftServerImpl.java:setRole(184)) - 390d33c4-98c8-495f-9f34-63cdf16532b5@group-342EE665C0AD: changes role from  FOLLOWER to CANDIDATE at term 0 for changeToCandidate
2019-10-19 01:04:26,267 [bd96e850-7fd3-40f8-8499-55f7f41be4fe@group-E875C27AF545-LeaderElection6] INFO  impl.RoleInfo (RoleInfo.java:updateAndGet(143)) - bd96e850-7fd3-40f8-8499-55f7f41be4fe: start LeaderState
2019-10-19 01:04:26,267 [Thread-313] INFO  impl.RoleInfo (RoleInfo.java:updateAndGet(143)) - 390d33c4-98c8-495f-9f34-63cdf16532b5: start LeaderElection
2019-10-19 01:04:26,268 [bd96e850-7fd3-40f8-8499-55f7f41be4fe@group-E875C27AF545-LeaderElection6] INFO  segmented.SegmentedRaftLogWorker (SegmentedRaftLogWorker.java:startLogSegment(385)) - bd96e850-7fd3-40f8-8499-55f7f41be4fe@group-E875C27AF545-SegmentedRaftLogWorker: Starting segment from index:0
2019-10-19 01:04:26,272 [main] INFO  ozone.MiniOzoneClusterImpl (MiniOzoneClusterImpl.java:lambda$waitForClusterToBeReady$0(147)) - Cluster is ready. Got 10 of 10 DN Heartbeats.
2019-10-19 01:04:26,272 [bd96e850-7fd3-40f8-8499-55f7f41be4fe@group-E875C27AF545-LeaderElection6] INFO  impl.RaftServerImpl (ServerState.java:setRaftConf(357)) - bd96e850-7fd3-40f8-8499-55f7f41be4fe@group-E875C27AF545: set configuration 0: [bd96e850-7fd3-40f8-8499-55f7f41be4fe:192.168.157.213:46800], old=null at 0
2019-10-19 01:04:26,303 [pool-97-thread-1] INFO  storage.RaftStorage (RaftStorage.java:format(84)) - Storage directory /workdir/hadoop-ozone/integration-test/target/test-dir/MiniOzoneClusterImpl-08d89ad4-f612-48fc-8979-c1cb428f8ac2/datanode-7/data/ratis/7cded620-e073-4cc6-8941-2a2116625e33 has been successfully formatted.
2019-10-19 01:04:26,304 [pool-97-thread-1] INFO  ratis.ContainerStateMachine (ContainerStateMachine.java:loadSnapshot(231)) - group-2A2116625E33: The snapshot info is null. Setting the last applied indexto:(t:0, i:~)
2019-10-19 01:04:26,304 [pool-97-thread-1] INFO  server.RaftServerConfigKeys (ConfUtils.java:logGet(43)) - raft.server.notification.no-leader.timeout = 120s (custom)
2019-10-19 01:04:26,304 [pool-97-thread-1] INFO  server.RaftServerConfigKeys (ConfUtils.java:logGet(43)) - raft.server.log.use.memory = false (default)
2019-10-19 01:04:26,304 [pool-97-thread-1] INFO  server.RaftServerConfigKeys (ConfUtils.java:logGet(43)) - raft.server.log.purge.gap = 1000000 (custom)
2019-10-19 01:04:26,304 [pool-97-thread-1] INFO  server.RaftServerConfigKeys (ConfUtils.java:logGet(43)) - raft.server.log.appender.buffer.byte-limit = 33554432 (custom)
2019-10-19 01:04:26,304 [pool-97-thread-1] INFO  server.RaftServerConfigKeys (ConfUtils.java:logGet(43)) - raft.server.log.segment.size.max = 1048576 (custom)
2019-10-19 01:04:26,307 [pool-97-thread-1] INFO  server.RaftServerConfigKeys (ConfUtils.java:logGet(43)) - raft.server.log.segment.cache.num.max = 2 (custom)
2019-10-19 01:04:26,308 [pool-97-thread-1] INFO  segmented.SegmentedRaftLogWorker (SegmentedRaftLogWorker.java:<init>(173)) - new a1c78c0e-869c-4f76-b4ce-2034448e0b80@group-2A2116625E33-SegmentedRaftLogWorker for RaftStorage:Storage Directory /workdir/hadoop-ozone/integration-test/target/test-dir/MiniOzoneClusterImpl-08d89ad4-f612-48fc-8979-c1cb428f8ac2/datanode-7/data/ratis/7cded620-e073-4cc6-8941-2a2116625e33
2019-10-19 01:04:26,308 [pool-97-thread-1] INFO  server.RaftServerConfigKeys (ConfUtils.java:logGet(43)) - raft.server.log.queue.byte-limit = 2147483647 (custom)
2019-10-19 01:04:26,308 [pool-97-thread-1] INFO  server.RaftServerConfigKeys (ConfUtils.java:logGet(43)) - raft.server.log.queue.element-limit = 1024 (custom)
2019-10-19 01:04:26,308 [pool-97-thread-1] INFO  server.RaftServerConfigKeys (ConfUtils.java:logGet(43)) - raft.server.log.segment.size.max = 1048576 (custom)
2019-10-19 01:04:26,308 [pool-97-thread-1] INFO  server.RaftServerConfigKeys (ConfUtils.java:logGet(43)) - raft.server.log.preallocated.size = 16384 (custom)
2019-10-19 01:04:26,308 [pool-97-thread-1] INFO  server.RaftServerConfigKeys (ConfUtils.java:logGet(43)) - raft.server.log.write.buffer.size = 33554432 (custom)
2019-10-19 01:04:26,309 [pool-97-thread-1] INFO  server.RaftServerConfigKeys (ConfUtils.java:logGet(43)) - raft.server.log.force.sync.num = 128 (default)
2019-10-19 01:04:26,309 [pool-97-thread-1] INFO  server.RaftServerConfigKeys (ConfUtils.java:logGet(43)) - raft.server.log.statemachine.data.sync = true (default)
2019-10-19 01:04:26,309 [pool-97-thread-1] INFO  server.RaftServerConfigKeys (ConfUtils.java:logGet(43)) - raft.server.log.statemachine.data.sync.timeout = 10s (default)
2019-10-19 01:04:26,309 [pool-97-thread-1] INFO  server.RaftServerConfigKeys (ConfUtils.java:logGet(43)) - raft.server.log.statemachine.data.sync.timeout.retry = -1 (default)
2019-10-19 01:04:26,310 [pool-97-thread-1] INFO  server.RaftServerConfigKeys (ConfUtils.java:logGet(43)) - raft.server.log.statemachine.data.caching.enabled = true (custom)
2019-10-19 01:04:26,310 [pool-97-thread-1] INFO  segmented.SegmentedRaftLogWorker (SegmentedRaftLogWorker.java:lambda$new$0(128)) - a1c78c0e-869c-4f76-b4ce-2034448e0b80@group-2A2116625E33-SegmentedRaftLogWorker: flushIndex: setUnconditionally 0 -> -1
2019-10-19 01:04:26,311 [pool-97-thread-1] INFO  server.RaftServerConfigKeys (ConfUtils.java:logGet(43)) - raft.server.snapshot.auto.trigger.enabled = true (custom)
2019-10-19 01:04:26,311 [pool-97-thread-1] INFO  server.RaftServerConfigKeys (ConfUtils.java:logGet(43)) - raft.server.snapshot.auto.trigger.threshold = 10000 (custom)
2019-10-19 01:04:26,311 [pool-97-thread-1] INFO  server.RaftServerConfigKeys (ConfUtils.java:logGet(43)) - raft.server.snapshot.retention.file.num = 5 (custom)
2019-10-19 01:04:26,311 [pool-97-thread-1] INFO  server.RaftServerConfigKeys (ConfUtils.java:logGet(43)) - raft.server.retrycache.expirytime = 600000ms (custom)
2019-10-19 01:04:26,319 [pool-97-thread-1] INFO  impl.RaftServerImpl (RaftServerImpl.java:start(195)) - a1c78c0e-869c-4f76-b4ce-2034448e0b80@group-2A2116625E33: start as a follower, conf=-1: [a1c78c0e-869c-4f76-b4ce-2034448e0b80:192.168.157.213:33501], old=null
2019-10-19 01:04:26,319 [pool-97-thread-1] INFO  impl.RaftServerImpl (RaftServerImpl.java:setRole(184)) - a1c78c0e-869c-4f76-b4ce-2034448e0b80@group-2A2116625E33: changes role from      null to FOLLOWER at term 0 for startAsFollower
2019-10-19 01:04:26,322 [pool-97-thread-1] INFO  impl.RoleInfo (RoleInfo.java:updateAndGet(143)) - a1c78c0e-869c-4f76-b4ce-2034448e0b80: start FollowerState
2019-10-19 01:04:26,323 [pool-97-thread-1] INFO  util.JmxRegister (JmxRegister.java:tryRegister(44)) - Successfully registered JMX Bean with object name Ratis:service=RaftServer,group=group-2A2116625E33,id=a1c78c0e-869c-4f76-b4ce-2034448e0b80
2019-10-19 01:04:26,327 [bd96e850-7fd3-40f8-8499-55f7f41be4fe@group-E875C27AF545-SegmentedRaftLogWorker] INFO  segmented.SegmentedRaftLogWorker (SegmentedRaftLogWorker.java:execute(576)) - bd96e850-7fd3-40f8-8499-55f7f41be4fe@group-E875C27AF545-SegmentedRaftLogWorker: created new log segment /workdir/hadoop-ozone/integration-test/target/test-dir/MiniOzoneClusterImpl-08d89ad4-f612-48fc-8979-c1cb428f8ac2/datanode-4/data/ratis/505d634d-d6f8-4ca3-a07e-e875c27af545/current/log_inprogress_0
2019-10-19 01:04:26,327 [390d33c4-98c8-495f-9f34-63cdf16532b5@group-342EE665C0AD-LeaderElection7] INFO  impl.LeaderElection (LeaderElection.java:askForVotes(178)) - 390d33c4-98c8-495f-9f34-63cdf16532b5@group-342EE665C0AD-LeaderElection7: begin an election at term 1 for -1: [390d33c4-98c8-495f-9f34-63cdf16532b5:192.168.157.213:40184], old=null
2019-10-19 01:04:26,327 [390d33c4-98c8-495f-9f34-63cdf16532b5@group-342EE665C0AD-LeaderElection7] INFO  impl.RoleInfo (RoleInfo.java:shutdownLeaderElection(134)) - 390d33c4-98c8-495f-9f34-63cdf16532b5: shutdown LeaderElection
2019-10-19 01:04:26,328 [390d33c4-98c8-495f-9f34-63cdf16532b5@group-342EE665C0AD-LeaderElection7] INFO  impl.RaftServerImpl (RaftServerImpl.java:setRole(184)) - 390d33c4-98c8-495f-9f34-63cdf16532b5@group-342EE665C0AD: changes role from CANDIDATE to LEADER at term 1 for changeToLeader
2019-10-19 01:04:26,328 [390d33c4-98c8-495f-9f34-63cdf16532b5@group-342EE665C0AD-LeaderElection7] INFO  impl.RaftServerImpl (ServerState.java:setLeader(256)) - 390d33c4-98c8-495f-9f34-63cdf16532b5@group-342EE665C0AD: change Leader from null to 390d33c4-98c8-495f-9f34-63cdf16532b5 at term 1 for becomeLeader, leader elected after 130ms
2019-10-19 01:04:26,328 [390d33c4-98c8-495f-9f34-63cdf16532b5@group-342EE665C0AD-LeaderElection7] INFO  server.RaftServerConfigKeys (ConfUtils.java:logGet(43)) - raft.server.staging.catchup.gap = 1000 (default)
2019-10-19 01:04:26,328 [390d33c4-98c8-495f-9f34-63cdf16532b5@group-342EE665C0AD-LeaderElection7] INFO  server.RaftServerConfigKeys (ConfUtils.java:logGet(43)) - raft.server.rpc.sleep.time = 25ms (default)
2019-10-19 01:04:26,328 [390d33c4-98c8-495f-9f34-63cdf16532b5@group-342EE665C0AD-LeaderElection7] INFO  server.RaftServerConfigKeys (ConfUtils.java:logGet(43)) - raft.server.write.element-limit = 4096 (default)
2019-10-19 01:04:26,328 [390d33c4-98c8-495f-9f34-63cdf16532b5@group-342EE665C0AD-LeaderElection7] INFO  server.RaftServerConfigKeys (ConfUtils.java:logGet(43)) - raft.server.watch.timeout = 10s (default)
2019-10-19 01:04:26,328 [390d33c4-98c8-495f-9f34-63cdf16532b5@group-342EE665C0AD-LeaderElection7] INFO  server.RaftServerConfigKeys (ConfUtils.java:logGet(43)) - raft.server.watch.timeout.denomination = 1s (default)
2019-10-19 01:04:26,332 [390d33c4-98c8-495f-9f34-63cdf16532b5@group-342EE665C0AD-LeaderElection7] INFO  server.RaftServerConfigKeys (ConfUtils.java:logGet(43)) - raft.server.watch.element-limit = 65536 (default)
2019-10-19 01:04:26,342 [390d33c4-98c8-495f-9f34-63cdf16532b5@group-342EE665C0AD-LeaderElection7] INFO  impl.RoleInfo (RoleInfo.java:updateAndGet(143)) - 390d33c4-98c8-495f-9f34-63cdf16532b5: start LeaderState
2019-10-19 01:04:26,342 [390d33c4-98c8-495f-9f34-63cdf16532b5@group-342EE665C0AD-LeaderElection7] INFO  segmented.SegmentedRaftLogWorker (SegmentedRaftLogWorker.java:startLogSegment(385)) - 390d33c4-98c8-495f-9f34-63cdf16532b5@group-342EE665C0AD-SegmentedRaftLogWorker: Starting segment from index:0
2019-10-19 01:04:26,343 [RatisPipelineUtilsThread] INFO  pipeline.PipelineStateManager (PipelineStateManager.java:addPipeline(56)) - Created pipeline Pipeline[ Id: 7cded620-e073-4cc6-8941-2a2116625e33, Nodes: a1c78c0e-869c-4f76-b4ce-2034448e0b80{ip: 192.168.157.213, host: pr-hdds-2333-xd9jc-2947872914, networkLocation: /default-rack, certSerialId: null}, Type:RATIS, Factor:ONE, State:OPEN]
2019-10-19 01:04:26,343 [390d33c4-98c8-495f-9f34-63cdf16532b5@group-342EE665C0AD-LeaderElection7] INFO  impl.RaftServerImpl (ServerState.java:setRaftConf(357)) - 390d33c4-98c8-495f-9f34-63cdf16532b5@group-342EE665C0AD: set configuration 0: [390d33c4-98c8-495f-9f34-63cdf16532b5:192.168.157.213:40184], old=null at 0
2019-10-19 01:04:26,388 [390d33c4-98c8-495f-9f34-63cdf16532b5@group-342EE665C0AD-SegmentedRaftLogWorker] INFO  segmented.SegmentedRaftLogWorker (SegmentedRaftLogWorker.java:execute(576)) - 390d33c4-98c8-495f-9f34-63cdf16532b5@group-342EE665C0AD-SegmentedRaftLogWorker: created new log segment /workdir/hadoop-ozone/integration-test/target/test-dir/MiniOzoneClusterImpl-08d89ad4-f612-48fc-8979-c1cb428f8ac2/datanode-1/data/ratis/28e4baa2-95b4-40a2-a751-342ee665c0ad/current/log_inprogress_0
2019-10-19 01:04:26,397 [grpc-default-executor-0] INFO  impl.RaftServerProxy (RaftServerProxy.java:addNew(89)) - 51276c3c-a3b8-4274-b089-592ff4589f41: addNew group-C04EA9408AEF:[51276c3c-a3b8-4274-b089-592ff4589f41:192.168.157.213:36639] returns group-C04EA9408AEF:java.util.concurrent.CompletableFuture@3d82b396[Not completed]
2019-10-19 01:04:26,399 [pool-57-thread-1] INFO  impl.RaftServerImpl (RaftServerImpl.java:<init>(104)) - 51276c3c-a3b8-4274-b089-592ff4589f41: new RaftServerImpl for group-C04EA9408AEF:[51276c3c-a3b8-4274-b089-592ff4589f41:192.168.157.213:36639] with ContainerStateMachine:uninitialized
2019-10-19 01:04:26,400 [pool-57-thread-1] INFO  server.RaftServerConfigKeys (ConfUtils.java:logGet(43)) - raft.server.rpc.timeout.min = 1s (custom)
2019-10-19 01:04:26,400 [pool-57-thread-1] INFO  server.RaftServerConfigKeys (ConfUtils.java:logGet(43)) - raft.server.rpc.timeout.max = 1200ms (custom)
2019-10-19 01:04:26,400 [pool-57-thread-1] INFO  server.RaftServerConfigKeys (ConfUtils.java:logGet(43)) - raft.server.rpcslowness.timeout = 120s (custom)
2019-10-19 01:04:26,400 [pool-57-thread-1] INFO  server.RaftServerConfigKeys (ConfUtils.java:logGet(43)) - raft.server.sleep.deviation.threshold = 300 (default)
2019-10-19 01:04:26,400 [pool-57-thread-1] INFO  server.RaftServerConfigKeys (ConfUtils.java:logGet(43)) - raft.server.log.appender.install.snapshot.enabled = false (custom)
2019-10-19 01:04:26,401 [pool-57-thread-1] INFO  impl.RaftServerImpl (ServerState.java:<init>(103)) - 51276c3c-a3b8-4274-b089-592ff4589f41@group-C04EA9408AEF: ConfigurationManager, init=-1: [51276c3c-a3b8-4274-b089-592ff4589f41:192.168.157.213:36639], old=null, confs=<EMPTY_MAP>
2019-10-19 01:04:26,401 [pool-57-thread-1] INFO  server.RaftServerConfigKeys (ConfUtils.java:logGet(43)) - raft.server.storage.dir = [/workdir/hadoop-ozone/integration-test/target/test-dir/MiniOzoneClusterImpl-08d89ad4-f612-48fc-8979-c1cb428f8ac2/datanode-3/data/ratis] (custom)
2019-10-19 01:04:26,401 [pool-57-thread-1] INFO  server.RaftServerConfigKeys (ConfUtils.java:logGet(43)) - raft.server.log.corruption.policy = EXCEPTION (default)
2019-10-19 01:04:26,401 [pool-57-thread-1] INFO  storage.RaftStorageDirectory (RaftStorageDirectory.java:analyzeStorage(246)) - The storage directory /workdir/hadoop-ozone/integration-test/target/test-dir/MiniOzoneClusterImpl-08d89ad4-f612-48fc-8979-c1cb428f8ac2/datanode-3/data/ratis/775d578c-7544-4cec-92ef-c04ea9408aef does not exist. Creating ...
2019-10-19 01:04:26,435 [pool-57-thread-1] INFO  storage.RaftStorageDirectory (RaftStorageDirectory.java:tryLock(328)) - Lock on /workdir/hadoop-ozone/integration-test/target/test-dir/MiniOzoneClusterImpl-08d89ad4-f612-48fc-8979-c1cb428f8ac2/datanode-3/data/ratis/775d578c-7544-4cec-92ef-c04ea9408aef/in_use.lock acquired by nodename 939@pr-hdds-2333-xd9jc-2947872914
2019-10-19 01:04:26,441 [Thread-319] INFO  impl.FollowerState (FollowerState.java:run(108)) - a1c78c0e-869c-4f76-b4ce-2034448e0b80@group-2A2116625E33-FollowerState: change to CANDIDATE, lastRpcTime:118ms, electionTimeout:118ms
2019-10-19 01:04:26,441 [Thread-319] INFO  impl.RoleInfo (RoleInfo.java:shutdownFollowerState(121)) - a1c78c0e-869c-4f76-b4ce-2034448e0b80: shutdown FollowerState
2019-10-19 01:04:26,442 [Thread-319] INFO  impl.RaftServerImpl (RaftServerImpl.java:setRole(184)) - a1c78c0e-869c-4f76-b4ce-2034448e0b80@group-2A2116625E33: changes role from  FOLLOWER to CANDIDATE at term 0 for changeToCandidate
2019-10-19 01:04:26,442 [Thread-319] INFO  impl.RoleInfo (RoleInfo.java:updateAndGet(143)) - a1c78c0e-869c-4f76-b4ce-2034448e0b80: start LeaderElection
2019-10-19 01:04:26,452 [pool-57-thread-1] INFO  storage.RaftStorage (RaftStorage.java:format(84)) - Storage directory /workdir/hadoop-ozone/integration-test/target/test-dir/MiniOzoneClusterImpl-08d89ad4-f612-48fc-8979-c1cb428f8ac2/datanode-3/data/ratis/775d578c-7544-4cec-92ef-c04ea9408aef has been successfully formatted.
2019-10-19 01:04:26,452 [a1c78c0e-869c-4f76-b4ce-2034448e0b80@group-2A2116625E33-LeaderElection8] INFO  impl.LeaderElection (LeaderElection.java:askForVotes(178)) - a1c78c0e-869c-4f76-b4ce-2034448e0b80@group-2A2116625E33-LeaderElection8: begin an election at term 1 for -1: [a1c78c0e-869c-4f76-b4ce-2034448e0b80:192.168.157.213:33501], old=null
2019-10-19 01:04:26,452 [pool-57-thread-1] INFO  ratis.ContainerStateMachine (ContainerStateMachine.java:loadSnapshot(231)) - group-C04EA9408AEF: The snapshot info is null. Setting the last applied indexto:(t:0, i:~)
2019-10-19 01:04:26,452 [a1c78c0e-869c-4f76-b4ce-2034448e0b80@group-2A2116625E33-LeaderElection8] INFO  impl.RoleInfo (RoleInfo.java:shutdownLeaderElection(134)) - a1c78c0e-869c-4f76-b4ce-2034448e0b80: shutdown LeaderElection
2019-10-19 01:04:26,452 [pool-57-thread-1] INFO  server.RaftServerConfigKeys (ConfUtils.java:logGet(43)) - raft.server.notification.no-leader.timeout = 120s (custom)
2019-10-19 01:04:26,452 [a1c78c0e-869c-4f76-b4ce-2034448e0b80@group-2A2116625E33-LeaderElection8] INFO  impl.RaftServerImpl (RaftServerImpl.java:setRole(184)) - a1c78c0e-869c-4f76-b4ce-2034448e0b80@group-2A2116625E33: changes role from CANDIDATE to LEADER at term 1 for changeToLeader
2019-10-19 01:04:26,452 [pool-57-thread-1] INFO  server.RaftServerConfigKeys (ConfUtils.java:logGet(43)) - raft.server.log.use.memory = false (default)
2019-10-19 01:04:26,453 [a1c78c0e-869c-4f76-b4ce-2034448e0b80@group-2A2116625E33-LeaderElection8] INFO  impl.RaftServerImpl (ServerState.java:setLeader(256)) - a1c78c0e-869c-4f76-b4ce-2034448e0b80@group-2A2116625E33: change Leader from null to a1c78c0e-869c-4f76-b4ce-2034448e0b80 at term 1 for becomeLeader, leader elected after 148ms
2019-10-19 01:04:26,453 [pool-57-thread-1] INFO  server.RaftServerConfigKeys (ConfUtils.java:logGet(43)) - raft.server.log.purge.gap = 1000000 (custom)
2019-10-19 01:04:26,453 [a1c78c0e-869c-4f76-b4ce-2034448e0b80@group-2A2116625E33-LeaderElection8] INFO  server.RaftServerConfigKeys (ConfUtils.java:logGet(43)) - raft.server.staging.catchup.gap = 1000 (default)
2019-10-19 01:04:26,453 [pool-57-thread-1] INFO  server.RaftServerConfigKeys (ConfUtils.java:logGet(43)) - raft.server.log.appender.buffer.byte-limit = 33554432 (custom)
2019-10-19 01:04:26,453 [a1c78c0e-869c-4f76-b4ce-2034448e0b80@group-2A2116625E33-LeaderElection8] INFO  server.RaftServerConfigKeys (ConfUtils.java:logGet(43)) - raft.server.rpc.sleep.time = 25ms (default)
2019-10-19 01:04:26,453 [pool-57-thread-1] INFO  server.RaftServerConfigKeys (ConfUtils.java:logGet(43)) - raft.server.log.segment.size.max = 1048576 (custom)
2019-10-19 01:04:26,453 [a1c78c0e-869c-4f76-b4ce-2034448e0b80@group-2A2116625E33-LeaderElection8] INFO  server.RaftServerConfigKeys (ConfUtils.java:logGet(43)) - raft.server.write.element-limit = 4096 (default)
2019-10-19 01:04:26,454 [a1c78c0e-869c-4f76-b4ce-2034448e0b80@group-2A2116625E33-LeaderElection8] INFO  server.RaftServerConfigKeys (ConfUtils.java:logGet(43)) - raft.server.watch.timeout = 10s (default)
2019-10-19 01:04:26,454 [a1c78c0e-869c-4f76-b4ce-2034448e0b80@group-2A2116625E33-LeaderElection8] INFO  server.RaftServerConfigKeys (ConfUtils.java:logGet(43)) - raft.server.watch.timeout.denomination = 1s (default)
2019-10-19 01:04:26,454 [a1c78c0e-869c-4f76-b4ce-2034448e0b80@group-2A2116625E33-LeaderElection8] INFO  server.RaftServerConfigKeys (ConfUtils.java:logGet(43)) - raft.server.watch.element-limit = 65536 (default)
2019-10-19 01:04:26,456 [pool-57-thread-1] INFO  server.RaftServerConfigKeys (ConfUtils.java:logGet(43)) - raft.server.log.segment.cache.num.max = 2 (custom)
2019-10-19 01:04:26,456 [pool-57-thread-1] INFO  segmented.SegmentedRaftLogWorker (SegmentedRaftLogWorker.java:<init>(173)) - new 51276c3c-a3b8-4274-b089-592ff4589f41@group-C04EA9408AEF-SegmentedRaftLogWorker for RaftStorage:Storage Directory /workdir/hadoop-ozone/integration-test/target/test-dir/MiniOzoneClusterImpl-08d89ad4-f612-48fc-8979-c1cb428f8ac2/datanode-3/data/ratis/775d578c-7544-4cec-92ef-c04ea9408aef
2019-10-19 01:04:26,456 [pool-57-thread-1] INFO  server.RaftServerConfigKeys (ConfUtils.java:logGet(43)) - raft.server.log.queue.byte-limit = 2147483647 (custom)
2019-10-19 01:04:26,456 [pool-57-thread-1] INFO  server.RaftServerConfigKeys (ConfUtils.java:logGet(43)) - raft.server.log.queue.element-limit = 1024 (custom)
2019-10-19 01:04:26,457 [pool-57-thread-1] INFO  server.RaftServerConfigKeys (ConfUtils.java:logGet(43)) - raft.server.log.segment.size.max = 1048576 (custom)
2019-10-19 01:04:26,457 [pool-57-thread-1] INFO  server.RaftServerConfigKeys (ConfUtils.java:logGet(43)) - raft.server.log.preallocated.size = 16384 (custom)
2019-10-19 01:04:26,457 [a1c78c0e-869c-4f76-b4ce-2034448e0b80@group-2A2116625E33-LeaderElection8] INFO  impl.RoleInfo (RoleInfo.java:updateAndGet(143)) - a1c78c0e-869c-4f76-b4ce-2034448e0b80: start LeaderState
2019-10-19 01:04:26,457 [pool-57-thread-1] INFO  server.RaftServerConfigKeys (ConfUtils.java:logGet(43)) - raft.server.log.write.buffer.size = 33554432 (custom)
2019-10-19 01:04:26,457 [pool-57-thread-1] INFO  server.RaftServerConfigKeys (ConfUtils.java:logGet(43)) - raft.server.log.force.sync.num = 128 (default)
2019-10-19 01:04:26,457 [a1c78c0e-869c-4f76-b4ce-2034448e0b80@group-2A2116625E33-LeaderElection8] INFO  segmented.SegmentedRaftLogWorker (SegmentedRaftLogWorker.java:startLogSegment(385)) - a1c78c0e-869c-4f76-b4ce-2034448e0b80@group-2A2116625E33-SegmentedRaftLogWorker: Starting segment from index:0
2019-10-19 01:04:26,457 [pool-57-thread-1] INFO  server.RaftServerConfigKeys (ConfUtils.java:logGet(43)) - raft.server.log.statemachine.data.sync = true (default)
2019-10-19 01:04:26,458 [pool-57-thread-1] INFO  server.RaftServerConfigKeys (ConfUtils.java:logGet(43)) - raft.server.log.statemachine.data.sync.timeout = 10s (default)
2019-10-19 01:04:26,458 [pool-57-thread-1] INFO  server.RaftServerConfigKeys (ConfUtils.java:logGet(43)) - raft.server.log.statemachine.data.sync.timeout.retry = -1 (default)
2019-10-19 01:04:26,458 [a1c78c0e-869c-4f76-b4ce-2034448e0b80@group-2A2116625E33-LeaderElection8] INFO  impl.RaftServerImpl (ServerState.java:setRaftConf(357)) - a1c78c0e-869c-4f76-b4ce-2034448e0b80@group-2A2116625E33: set configuration 0: [a1c78c0e-869c-4f76-b4ce-2034448e0b80:192.168.157.213:33501], old=null at 0
2019-10-19 01:04:26,497 [pool-57-thread-1] INFO  server.RaftServerConfigKeys (ConfUtils.java:logGet(43)) - raft.server.log.statemachine.data.caching.enabled = true (custom)
2019-10-19 01:04:26,497 [pool-57-thread-1] INFO  segmented.SegmentedRaftLogWorker (SegmentedRaftLogWorker.java:lambda$new$0(128)) - 51276c3c-a3b8-4274-b089-592ff4589f41@group-C04EA9408AEF-SegmentedRaftLogWorker: flushIndex: setUnconditionally 0 -> -1
2019-10-19 01:04:26,498 [pool-57-thread-1] INFO  server.RaftServerConfigKeys (ConfUtils.java:logGet(43)) - raft.server.snapshot.auto.trigger.enabled = true (custom)
2019-10-19 01:04:26,498 [pool-57-thread-1] INFO  server.RaftServerConfigKeys (ConfUtils.java:logGet(43)) - raft.server.snapshot.auto.trigger.threshold = 10000 (custom)
2019-10-19 01:04:26,498 [pool-57-thread-1] INFO  server.RaftServerConfigKeys (ConfUtils.java:logGet(43)) - raft.server.snapshot.retention.file.num = 5 (custom)
2019-10-19 01:04:26,498 [pool-57-thread-1] INFO  server.RaftServerConfigKeys (ConfUtils.java:logGet(43)) - raft.server.retrycache.expirytime = 600000ms (custom)
2019-10-19 01:04:26,503 [pool-57-thread-1] INFO  impl.RaftServerImpl (RaftServerImpl.java:start(195)) - 51276c3c-a3b8-4274-b089-592ff4589f41@group-C04EA9408AEF: start as a follower, conf=-1: [51276c3c-a3b8-4274-b089-592ff4589f41:192.168.157.213:36639], old=null
2019-10-19 01:04:26,503 [pool-57-thread-1] INFO  impl.RaftServerImpl (RaftServerImpl.java:setRole(184)) - 51276c3c-a3b8-4274-b089-592ff4589f41@group-C04EA9408AEF: changes role from      null to FOLLOWER at term 0 for startAsFollower
2019-10-19 01:04:26,503 [pool-57-thread-1] INFO  impl.RoleInfo (RoleInfo.java:updateAndGet(143)) - 51276c3c-a3b8-4274-b089-592ff4589f41: start FollowerState
2019-10-19 01:04:26,503 [pool-57-thread-1] INFO  util.JmxRegister (JmxRegister.java:tryRegister(44)) - Successfully registered JMX Bean with object name Ratis:service=RaftServer,group=group-C04EA9408AEF,id=51276c3c-a3b8-4274-b089-592ff4589f41
2019-10-19 01:04:26,510 [a1c78c0e-869c-4f76-b4ce-2034448e0b80@group-2A2116625E33-SegmentedRaftLogWorker] INFO  segmented.SegmentedRaftLogWorker (SegmentedRaftLogWorker.java:execute(576)) - a1c78c0e-869c-4f76-b4ce-2034448e0b80@group-2A2116625E33-SegmentedRaftLogWorker: created new log segment /workdir/hadoop-ozone/integration-test/target/test-dir/MiniOzoneClusterImpl-08d89ad4-f612-48fc-8979-c1cb428f8ac2/datanode-7/data/ratis/7cded620-e073-4cc6-8941-2a2116625e33/current/log_inprogress_0
2019-10-19 01:04:26,521 [RatisPipelineUtilsThread] INFO  pipeline.PipelineStateManager (PipelineStateManager.java:addPipeline(56)) - Created pipeline Pipeline[ Id: 775d578c-7544-4cec-92ef-c04ea9408aef, Nodes: 51276c3c-a3b8-4274-b089-592ff4589f41{ip: 192.168.157.213, host: pr-hdds-2333-xd9jc-2947872914, networkLocation: /default-rack, certSerialId: null}, Type:RATIS, Factor:ONE, State:OPEN]
2019-10-19 01:04:26,544 [grpc-default-executor-0] INFO  impl.RaftServerProxy (RaftServerProxy.java:addNew(89)) - ea1052a1-1fa8-4b95-85d6-162914918cfe: addNew group-380DDA929CBB:[ea1052a1-1fa8-4b95-85d6-162914918cfe:192.168.157.213:38582] returns group-380DDA929CBB:java.util.concurrent.CompletableFuture@29284d09[Not completed]
2019-10-19 01:04:26,546 [pool-77-thread-1] INFO  impl.RaftServerImpl (RaftServerImpl.java:<init>(104)) - ea1052a1-1fa8-4b95-85d6-162914918cfe: new RaftServerImpl for group-380DDA929CBB:[ea1052a1-1fa8-4b95-85d6-162914918cfe:192.168.157.213:38582] with ContainerStateMachine:uninitialized
2019-10-19 01:04:26,548 [pool-77-thread-1] INFO  server.RaftServerConfigKeys (ConfUtils.java:logGet(43)) - raft.server.rpc.timeout.min = 1s (custom)
2019-10-19 01:04:26,548 [pool-77-thread-1] INFO  server.RaftServerConfigKeys (ConfUtils.java:logGet(43)) - raft.server.rpc.timeout.max = 1200ms (custom)
2019-10-19 01:04:26,548 [pool-77-thread-1] INFO  server.RaftServerConfigKeys (ConfUtils.java:logGet(43)) - raft.server.rpcslowness.timeout = 120s (custom)
2019-10-19 01:04:26,548 [pool-77-thread-1] INFO  server.RaftServerConfigKeys (ConfUtils.java:logGet(43)) - raft.server.sleep.deviation.threshold = 300 (default)
2019-10-19 01:04:26,548 [pool-77-thread-1] INFO  server.RaftServerConfigKeys (ConfUtils.java:logGet(43)) - raft.server.log.appender.install.snapshot.enabled = false (custom)
2019-10-19 01:04:26,548 [pool-77-thread-1] INFO  impl.RaftServerImpl (ServerState.java:<init>(103)) - ea1052a1-1fa8-4b95-85d6-162914918cfe@group-380DDA929CBB: ConfigurationManager, init=-1: [ea1052a1-1fa8-4b95-85d6-162914918cfe:192.168.157.213:38582], old=null, confs=<EMPTY_MAP>
2019-10-19 01:04:26,549 [pool-77-thread-1] INFO  server.RaftServerConfigKeys (ConfUtils.java:logGet(43)) - raft.server.storage.dir = [/workdir/hadoop-ozone/integration-test/target/test-dir/MiniOzoneClusterImpl-08d89ad4-f612-48fc-8979-c1cb428f8ac2/datanode-5/data/ratis] (custom)
2019-10-19 01:04:26,549 [pool-77-thread-1] INFO  server.RaftServerConfigKeys (ConfUtils.java:logGet(43)) - raft.server.log.corruption.policy = EXCEPTION (default)
2019-10-19 01:04:26,549 [pool-77-thread-1] INFO  storage.RaftStorageDirectory (RaftStorageDirectory.java:analyzeStorage(246)) - The storage directory /workdir/hadoop-ozone/integration-test/target/test-dir/MiniOzoneClusterImpl-08d89ad4-f612-48fc-8979-c1cb428f8ac2/datanode-5/data/ratis/fc335fdb-0bad-45ab-8ba9-380dda929cbb does not exist. Creating ...
2019-10-19 01:04:26,562 [pool-77-thread-1] INFO  storage.RaftStorageDirectory (RaftStorageDirectory.java:tryLock(328)) - Lock on /workdir/hadoop-ozone/integration-test/target/test-dir/MiniOzoneClusterImpl-08d89ad4-f612-48fc-8979-c1cb428f8ac2/datanode-5/data/ratis/fc335fdb-0bad-45ab-8ba9-380dda929cbb/in_use.lock acquired by nodename 939@pr-hdds-2333-xd9jc-2947872914
2019-10-19 01:04:26,575 [pool-77-thread-1] INFO  storage.RaftStorage (RaftStorage.java:format(84)) - Storage directory /workdir/hadoop-ozone/integration-test/target/test-dir/MiniOzoneClusterImpl-08d89ad4-f612-48fc-8979-c1cb428f8ac2/datanode-5/data/ratis/fc335fdb-0bad-45ab-8ba9-380dda929cbb has been successfully formatted.
2019-10-19 01:04:26,575 [pool-77-thread-1] INFO  ratis.ContainerStateMachine (ContainerStateMachine.java:loadSnapshot(231)) - group-380DDA929CBB: The snapshot info is null. Setting the last applied indexto:(t:0, i:~)
2019-10-19 01:04:26,575 [pool-77-thread-1] INFO  server.RaftServerConfigKeys (ConfUtils.java:logGet(43)) - raft.server.notification.no-leader.timeout = 120s (custom)
2019-10-19 01:04:26,576 [pool-77-thread-1] INFO  server.RaftServerConfigKeys (ConfUtils.java:logGet(43)) - raft.server.log.use.memory = false (default)
2019-10-19 01:04:26,576 [pool-77-thread-1] INFO  server.RaftServerConfigKeys (ConfUtils.java:logGet(43)) - raft.server.log.purge.gap = 1000000 (custom)
2019-10-19 01:04:26,576 [pool-77-thread-1] INFO  server.RaftServerConfigKeys (ConfUtils.java:logGet(43)) - raft.server.log.appender.buffer.byte-limit = 33554432 (custom)
2019-10-19 01:04:26,576 [pool-77-thread-1] INFO  server.RaftServerConfigKeys (ConfUtils.java:logGet(43)) - raft.server.log.segment.size.max = 1048576 (custom)
2019-10-19 01:04:26,578 [pool-77-thread-1] INFO  server.RaftServerConfigKeys (ConfUtils.java:logGet(43)) - raft.server.log.segment.cache.num.max = 2 (custom)
2019-10-19 01:04:26,578 [pool-77-thread-1] INFO  segmented.SegmentedRaftLogWorker (SegmentedRaftLogWorker.java:<init>(173)) - new ea1052a1-1fa8-4b95-85d6-162914918cfe@group-380DDA929CBB-SegmentedRaftLogWorker for RaftStorage:Storage Directory /workdir/hadoop-ozone/integration-test/target/test-dir/MiniOzoneClusterImpl-08d89ad4-f612-48fc-8979-c1cb428f8ac2/datanode-5/data/ratis/fc335fdb-0bad-45ab-8ba9-380dda929cbb
2019-10-19 01:04:26,578 [pool-77-thread-1] INFO  server.RaftServerConfigKeys (ConfUtils.java:logGet(43)) - raft.server.log.queue.byte-limit = 2147483647 (custom)
2019-10-19 01:04:26,578 [pool-77-thread-1] INFO  server.RaftServerConfigKeys (ConfUtils.java:logGet(43)) - raft.server.log.queue.element-limit = 1024 (custom)
2019-10-19 01:04:26,578 [pool-77-thread-1] INFO  server.RaftServerConfigKeys (ConfUtils.java:logGet(43)) - raft.server.log.segment.size.max = 1048576 (custom)
2019-10-19 01:04:26,579 [pool-77-thread-1] INFO  server.RaftServerConfigKeys (ConfUtils.java:logGet(43)) - raft.server.log.preallocated.size = 16384 (custom)
2019-10-19 01:04:26,579 [pool-77-thread-1] INFO  server.RaftServerConfigKeys (ConfUtils.java:logGet(43)) - raft.server.log.write.buffer.size = 33554432 (custom)
2019-10-19 01:04:26,579 [pool-77-thread-1] INFO  server.RaftServerConfigKeys (ConfUtils.java:logGet(43)) - raft.server.log.force.sync.num = 128 (default)
2019-10-19 01:04:26,579 [pool-77-thread-1] INFO  server.RaftServerConfigKeys (ConfUtils.java:logGet(43)) - raft.server.log.statemachine.data.sync = true (default)
2019-10-19 01:04:26,579 [pool-77-thread-1] INFO  server.RaftServerConfigKeys (ConfUtils.java:logGet(43)) - raft.server.log.statemachine.data.sync.timeout = 10s (default)
2019-10-19 01:04:26,579 [pool-77-thread-1] INFO  server.RaftServerConfigKeys (ConfUtils.java:logGet(43)) - raft.server.log.statemachine.data.sync.timeout.retry = -1 (default)
2019-10-19 01:04:26,580 [pool-77-thread-1] INFO  server.RaftServerConfigKeys (ConfUtils.java:logGet(43)) - raft.server.log.statemachine.data.caching.enabled = true (custom)
2019-10-19 01:04:26,580 [pool-77-thread-1] INFO  segmented.SegmentedRaftLogWorker (SegmentedRaftLogWorker.java:lambda$new$0(128)) - ea1052a1-1fa8-4b95-85d6-162914918cfe@group-380DDA929CBB-SegmentedRaftLogWorker: flushIndex: setUnconditionally 0 -> -1
2019-10-19 01:04:26,580 [pool-77-thread-1] INFO  server.RaftServerConfigKeys (ConfUtils.java:logGet(43)) - raft.server.snapshot.auto.trigger.enabled = true (custom)
2019-10-19 01:04:26,580 [pool-77-thread-1] INFO  server.RaftServerConfigKeys (ConfUtils.java:logGet(43)) - raft.server.snapshot.auto.trigger.threshold = 10000 (custom)
2019-10-19 01:04:26,580 [pool-77-thread-1] INFO  server.RaftServerConfigKeys (ConfUtils.java:logGet(43)) - raft.server.snapshot.retention.file.num = 5 (custom)
2019-10-19 01:04:26,580 [pool-77-thread-1] INFO  server.RaftServerConfigKeys (ConfUtils.java:logGet(43)) - raft.server.retrycache.expirytime = 600000ms (custom)
2019-10-19 01:04:26,584 [pool-77-thread-1] INFO  impl.RaftServerImpl (RaftServerImpl.java:start(195)) - ea1052a1-1fa8-4b95-85d6-162914918cfe@group-380DDA929CBB: start as a follower, conf=-1: [ea1052a1-1fa8-4b95-85d6-162914918cfe:192.168.157.213:38582], old=null
2019-10-19 01:04:26,584 [pool-77-thread-1] INFO  impl.RaftServerImpl (RaftServerImpl.java:setRole(184)) - ea1052a1-1fa8-4b95-85d6-162914918cfe@group-380DDA929CBB: changes role from      null to FOLLOWER at term 0 for startAsFollower
2019-10-19 01:04:26,584 [pool-77-thread-1] INFO  impl.RoleInfo (RoleInfo.java:updateAndGet(143)) - ea1052a1-1fa8-4b95-85d6-162914918cfe: start FollowerState
2019-10-19 01:04:26,584 [pool-77-thread-1] INFO  util.JmxRegister (JmxRegister.java:tryRegister(44)) - Successfully registered JMX Bean with object name Ratis:service=RaftServer,group=group-380DDA929CBB,id=ea1052a1-1fa8-4b95-85d6-162914918cfe
2019-10-19 01:04:26,597 [RatisPipelineUtilsThread] INFO  pipeline.PipelineStateManager (PipelineStateManager.java:addPipeline(56)) - Created pipeline Pipeline[ Id: fc335fdb-0bad-45ab-8ba9-380dda929cbb, Nodes: ea1052a1-1fa8-4b95-85d6-162914918cfe{ip: 192.168.157.213, host: pr-hdds-2333-xd9jc-2947872914, networkLocation: /default-rack, certSerialId: null}, Type:RATIS, Factor:ONE, State:OPEN]
2019-10-19 01:04:26,629 [grpc-default-executor-2] INFO  impl.RaftServerProxy (RaftServerProxy.java:addNew(89)) - b26a8d60-58dc-431d-8168-f89a9ab35f3a: addNew group-FB3B7D7D89E3:[a54795b0-6c9c-4137-a866-f82f653c9bf9:192.168.157.213:43688, b26a8d60-58dc-431d-8168-f89a9ab35f3a:192.168.157.213:35535, 16805c57-9f45-4377-8998-764a8f26e152:192.168.157.213:33728] returns group-FB3B7D7D89E3:java.util.concurrent.CompletableFuture@7a3b21fd[Not completed]
2019-10-19 01:04:26,630 [grpc-default-executor-1] INFO  impl.RaftServerProxy (RaftServerProxy.java:addNew(89)) - a54795b0-6c9c-4137-a866-f82f653c9bf9: addNew group-FB3B7D7D89E3:[a54795b0-6c9c-4137-a866-f82f653c9bf9:192.168.157.213:43688, b26a8d60-58dc-431d-8168-f89a9ab35f3a:192.168.157.213:35535, 16805c57-9f45-4377-8998-764a8f26e152:192.168.157.213:33728] returns group-FB3B7D7D89E3:java.util.concurrent.CompletableFuture@30b7a70e[Not completed]
2019-10-19 01:04:26,631 [pool-117-thread-1] INFO  impl.RaftServerImpl (RaftServerImpl.java:<init>(104)) - b26a8d60-58dc-431d-8168-f89a9ab35f3a: new RaftServerImpl for group-FB3B7D7D89E3:[a54795b0-6c9c-4137-a866-f82f653c9bf9:192.168.157.213:43688, b26a8d60-58dc-431d-8168-f89a9ab35f3a:192.168.157.213:35535, 16805c57-9f45-4377-8998-764a8f26e152:192.168.157.213:33728] with ContainerStateMachine:uninitialized
2019-10-19 01:04:26,631 [pool-117-thread-1] INFO  server.RaftServerConfigKeys (ConfUtils.java:logGet(43)) - raft.server.rpc.timeout.min = 1s (custom)
2019-10-19 01:04:26,631 [pool-117-thread-1] INFO  server.RaftServerConfigKeys (ConfUtils.java:logGet(43)) - raft.server.rpc.timeout.max = 1200ms (custom)
2019-10-19 01:04:26,631 [pool-117-thread-1] INFO  server.RaftServerConfigKeys (ConfUtils.java:logGet(43)) - raft.server.rpcslowness.timeout = 120s (custom)
2019-10-19 01:04:26,631 [pool-117-thread-1] INFO  server.RaftServerConfigKeys (ConfUtils.java:logGet(43)) - raft.server.sleep.deviation.threshold = 300 (default)
2019-10-19 01:04:26,631 [pool-117-thread-1] INFO  server.RaftServerConfigKeys (ConfUtils.java:logGet(43)) - raft.server.log.appender.install.snapshot.enabled = false (custom)
2019-10-19 01:04:26,633 [pool-117-thread-1] INFO  impl.RaftServerImpl (ServerState.java:<init>(103)) - b26a8d60-58dc-431d-8168-f89a9ab35f3a@group-FB3B7D7D89E3: ConfigurationManager, init=-1: [a54795b0-6c9c-4137-a866-f82f653c9bf9:192.168.157.213:43688, b26a8d60-58dc-431d-8168-f89a9ab35f3a:192.168.157.213:35535, 16805c57-9f45-4377-8998-764a8f26e152:192.168.157.213:33728], old=null, confs=<EMPTY_MAP>
2019-10-19 01:04:26,633 [pool-117-thread-1] INFO  server.RaftServerConfigKeys (ConfUtils.java:logGet(43)) - raft.server.storage.dir = [/workdir/hadoop-ozone/integration-test/target/test-dir/MiniOzoneClusterImpl-08d89ad4-f612-48fc-8979-c1cb428f8ac2/datanode-9/data/ratis] (custom)
2019-10-19 01:04:26,633 [pool-47-thread-1] INFO  impl.RaftServerImpl (RaftServerImpl.java:<init>(104)) - a54795b0-6c9c-4137-a866-f82f653c9bf9: new RaftServerImpl for group-FB3B7D7D89E3:[a54795b0-6c9c-4137-a866-f82f653c9bf9:192.168.157.213:43688, b26a8d60-58dc-431d-8168-f89a9ab35f3a:192.168.157.213:35535, 16805c57-9f45-4377-8998-764a8f26e152:192.168.157.213:33728] with ContainerStateMachine:uninitialized
2019-10-19 01:04:26,633 [grpc-default-executor-1] INFO  impl.RaftServerProxy (RaftServerProxy.java:addNew(89)) - 16805c57-9f45-4377-8998-764a8f26e152: addNew group-FB3B7D7D89E3:[a54795b0-6c9c-4137-a866-f82f653c9bf9:192.168.157.213:43688, b26a8d60-58dc-431d-8168-f89a9ab35f3a:192.168.157.213:35535, 16805c57-9f45-4377-8998-764a8f26e152:192.168.157.213:33728] returns group-FB3B7D7D89E3:java.util.concurrent.CompletableFuture@75b53f7c[Not completed]
2019-10-19 01:04:26,633 [pool-47-thread-1] INFO  server.RaftServerConfigKeys (ConfUtils.java:logGet(43)) - raft.server.rpc.timeout.min = 1s (custom)
2019-10-19 01:04:26,633 [pool-117-thread-1] INFO  server.RaftServerConfigKeys (ConfUtils.java:logGet(43)) - raft.server.log.corruption.policy = EXCEPTION (default)
2019-10-19 01:04:26,633 [pool-47-thread-1] INFO  server.RaftServerConfigKeys (ConfUtils.java:logGet(43)) - raft.server.rpc.timeout.max = 1200ms (custom)
2019-10-19 01:04:26,634 [pool-47-thread-1] INFO  server.RaftServerConfigKeys (ConfUtils.java:logGet(43)) - raft.server.rpcslowness.timeout = 120s (custom)
2019-10-19 01:04:26,634 [pool-117-thread-1] INFO  storage.RaftStorageDirectory (RaftStorageDirectory.java:analyzeStorage(246)) - The storage directory /workdir/hadoop-ozone/integration-test/target/test-dir/MiniOzoneClusterImpl-08d89ad4-f612-48fc-8979-c1cb428f8ac2/datanode-9/data/ratis/9b926b7b-8f17-43ce-9976-fb3b7d7d89e3 does not exist. Creating ...
2019-10-19 01:04:26,634 [pool-47-thread-1] INFO  server.RaftServerConfigKeys (ConfUtils.java:logGet(43)) - raft.server.sleep.deviation.threshold = 300 (default)
2019-10-19 01:04:26,634 [pool-87-thread-1] INFO  impl.RaftServerImpl (RaftServerImpl.java:<init>(104)) - 16805c57-9f45-4377-8998-764a8f26e152: new RaftServerImpl for group-FB3B7D7D89E3:[a54795b0-6c9c-4137-a866-f82f653c9bf9:192.168.157.213:43688, b26a8d60-58dc-431d-8168-f89a9ab35f3a:192.168.157.213:35535, 16805c57-9f45-4377-8998-764a8f26e152:192.168.157.213:33728] with ContainerStateMachine:uninitialized
2019-10-19 01:04:26,634 [pool-47-thread-1] INFO  server.RaftServerConfigKeys (ConfUtils.java:logGet(43)) - raft.server.log.appender.install.snapshot.enabled = false (custom)
2019-10-19 01:04:26,634 [pool-87-thread-1] INFO  server.RaftServerConfigKeys (ConfUtils.java:logGet(43)) - raft.server.rpc.timeout.min = 1s (custom)
2019-10-19 01:04:26,634 [pool-47-thread-1] INFO  impl.RaftServerImpl (ServerState.java:<init>(103)) - a54795b0-6c9c-4137-a866-f82f653c9bf9@group-FB3B7D7D89E3: ConfigurationManager, init=-1: [a54795b0-6c9c-4137-a866-f82f653c9bf9:192.168.157.213:43688, b26a8d60-58dc-431d-8168-f89a9ab35f3a:192.168.157.213:35535, 16805c57-9f45-4377-8998-764a8f26e152:192.168.157.213:33728], old=null, confs=<EMPTY_MAP>
2019-10-19 01:04:26,635 [pool-87-thread-1] INFO  server.RaftServerConfigKeys (ConfUtils.java:logGet(43)) - raft.server.rpc.timeout.max = 1200ms (custom)
2019-10-19 01:04:26,635 [pool-47-thread-1] INFO  server.RaftServerConfigKeys (ConfUtils.java:logGet(43)) - raft.server.storage.dir = [/workdir/hadoop-ozone/integration-test/target/test-dir/MiniOzoneClusterImpl-08d89ad4-f612-48fc-8979-c1cb428f8ac2/datanode-2/data/ratis] (custom)
2019-10-19 01:04:26,635 [pool-87-thread-1] INFO  server.RaftServerConfigKeys (ConfUtils.java:logGet(43)) - raft.server.rpcslowness.timeout = 120s (custom)
2019-10-19 01:04:26,635 [pool-87-thread-1] INFO  server.RaftServerConfigKeys (ConfUtils.java:logGet(43)) - raft.server.sleep.deviation.threshold = 300 (default)
2019-10-19 01:04:26,635 [pool-87-thread-1] INFO  server.RaftServerConfigKeys (ConfUtils.java:logGet(43)) - raft.server.log.appender.install.snapshot.enabled = false (custom)
2019-10-19 01:04:26,635 [pool-47-thread-1] INFO  server.RaftServerConfigKeys (ConfUtils.java:logGet(43)) - raft.server.log.corruption.policy = EXCEPTION (default)
2019-10-19 01:04:26,635 [pool-87-thread-1] INFO  impl.RaftServerImpl (ServerState.java:<init>(103)) - 16805c57-9f45-4377-8998-764a8f26e152@group-FB3B7D7D89E3: ConfigurationManager, init=-1: [a54795b0-6c9c-4137-a866-f82f653c9bf9:192.168.157.213:43688, b26a8d60-58dc-431d-8168-f89a9ab35f3a:192.168.157.213:35535, 16805c57-9f45-4377-8998-764a8f26e152:192.168.157.213:33728], old=null, confs=<EMPTY_MAP>
2019-10-19 01:04:26,635 [pool-47-thread-1] INFO  storage.RaftStorageDirectory (RaftStorageDirectory.java:analyzeStorage(246)) - The storage directory /workdir/hadoop-ozone/integration-test/target/test-dir/MiniOzoneClusterImpl-08d89ad4-f612-48fc-8979-c1cb428f8ac2/datanode-2/data/ratis/9b926b7b-8f17-43ce-9976-fb3b7d7d89e3 does not exist. Creating ...
2019-10-19 01:04:26,635 [pool-87-thread-1] INFO  server.RaftServerConfigKeys (ConfUtils.java:logGet(43)) - raft.server.storage.dir = [/workdir/hadoop-ozone/integration-test/target/test-dir/MiniOzoneClusterImpl-08d89ad4-f612-48fc-8979-c1cb428f8ac2/datanode-6/data/ratis] (custom)
2019-10-19 01:04:26,636 [pool-87-thread-1] INFO  server.RaftServerConfigKeys (ConfUtils.java:logGet(43)) - raft.server.log.corruption.policy = EXCEPTION (default)
2019-10-19 01:04:26,636 [pool-87-thread-1] INFO  storage.RaftStorageDirectory (RaftStorageDirectory.java:analyzeStorage(246)) - The storage directory /workdir/hadoop-ozone/integration-test/target/test-dir/MiniOzoneClusterImpl-08d89ad4-f612-48fc-8979-c1cb428f8ac2/datanode-6/data/ratis/9b926b7b-8f17-43ce-9976-fb3b7d7d89e3 does not exist. Creating ...
2019-10-19 01:04:26,647 [pool-117-thread-1] INFO  storage.RaftStorageDirectory (RaftStorageDirectory.java:tryLock(328)) - Lock on /workdir/hadoop-ozone/integration-test/target/test-dir/MiniOzoneClusterImpl-08d89ad4-f612-48fc-8979-c1cb428f8ac2/datanode-9/data/ratis/9b926b7b-8f17-43ce-9976-fb3b7d7d89e3/in_use.lock acquired by nodename 939@pr-hdds-2333-xd9jc-2947872914
2019-10-19 01:04:26,647 [pool-87-thread-1] INFO  storage.RaftStorageDirectory (RaftStorageDirectory.java:tryLock(328)) - Lock on /workdir/hadoop-ozone/integration-test/target/test-dir/MiniOzoneClusterImpl-08d89ad4-f612-48fc-8979-c1cb428f8ac2/datanode-6/data/ratis/9b926b7b-8f17-43ce-9976-fb3b7d7d89e3/in_use.lock acquired by nodename 939@pr-hdds-2333-xd9jc-2947872914
2019-10-19 01:04:26,647 [pool-47-thread-1] INFO  storage.RaftStorageDirectory (RaftStorageDirectory.java:tryLock(328)) - Lock on /workdir/hadoop-ozone/integration-test/target/test-dir/MiniOzoneClusterImpl-08d89ad4-f612-48fc-8979-c1cb428f8ac2/datanode-2/data/ratis/9b926b7b-8f17-43ce-9976-fb3b7d7d89e3/in_use.lock acquired by nodename 939@pr-hdds-2333-xd9jc-2947872914
2019-10-19 01:04:26,671 [pool-47-thread-1] INFO  storage.RaftStorage (RaftStorage.java:format(84)) - Storage directory /workdir/hadoop-ozone/integration-test/target/test-dir/MiniOzoneClusterImpl-08d89ad4-f612-48fc-8979-c1cb428f8ac2/datanode-2/data/ratis/9b926b7b-8f17-43ce-9976-fb3b7d7d89e3 has been successfully formatted.
2019-10-19 01:04:26,671 [pool-117-thread-1] INFO  storage.RaftStorage (RaftStorage.java:format(84)) - Storage directory /workdir/hadoop-ozone/integration-test/target/test-dir/MiniOzoneClusterImpl-08d89ad4-f612-48fc-8979-c1cb428f8ac2/datanode-9/data/ratis/9b926b7b-8f17-43ce-9976-fb3b7d7d89e3 has been successfully formatted.
2019-10-19 01:04:26,671 [pool-87-thread-1] INFO  storage.RaftStorage (RaftStorage.java:format(84)) - Storage directory /workdir/hadoop-ozone/integration-test/target/test-dir/MiniOzoneClusterImpl-08d89ad4-f612-48fc-8979-c1cb428f8ac2/datanode-6/data/ratis/9b926b7b-8f17-43ce-9976-fb3b7d7d89e3 has been successfully formatted.
2019-10-19 01:04:26,672 [pool-47-thread-1] INFO  ratis.ContainerStateMachine (ContainerStateMachine.java:loadSnapshot(231)) - group-FB3B7D7D89E3: The snapshot info is null. Setting the last applied indexto:(t:0, i:~)
2019-10-19 01:04:26,672 [pool-117-thread-1] INFO  ratis.ContainerStateMachine (ContainerStateMachine.java:loadSnapshot(231)) - group-FB3B7D7D89E3: The snapshot info is null. Setting the last applied indexto:(t:0, i:~)
2019-10-19 01:04:26,672 [pool-87-thread-1] INFO  ratis.ContainerStateMachine (ContainerStateMachine.java:loadSnapshot(231)) - group-FB3B7D7D89E3: The snapshot info is null. Setting the last applied indexto:(t:0, i:~)
2019-10-19 01:04:26,672 [pool-47-thread-1] INFO  server.RaftServerConfigKeys (ConfUtils.java:logGet(43)) - raft.server.notification.no-leader.timeout = 120s (custom)
2019-10-19 01:04:26,672 [pool-87-thread-1] INFO  server.RaftServerConfigKeys (ConfUtils.java:logGet(43)) - raft.server.notification.no-leader.timeout = 120s (custom)
2019-10-19 01:04:26,672 [pool-117-thread-1] INFO  server.RaftServerConfigKeys (ConfUtils.java:logGet(43)) - raft.server.notification.no-leader.timeout = 120s (custom)
2019-10-19 01:04:26,673 [pool-87-thread-1] INFO  server.RaftServerConfigKeys (ConfUtils.java:logGet(43)) - raft.server.log.use.memory = false (default)
2019-10-19 01:04:26,672 [pool-47-thread-1] INFO  server.RaftServerConfigKeys (ConfUtils.java:logGet(43)) - raft.server.log.use.memory = false (default)
2019-10-19 01:04:26,673 [pool-87-thread-1] INFO  server.RaftServerConfigKeys (ConfUtils.java:logGet(43)) - raft.server.log.purge.gap = 1000000 (custom)
2019-10-19 01:04:26,673 [pool-117-thread-1] INFO  server.RaftServerConfigKeys (ConfUtils.java:logGet(43)) - raft.server.log.use.memory = false (default)
2019-10-19 01:04:26,673 [pool-87-thread-1] INFO  server.RaftServerConfigKeys (ConfUtils.java:logGet(43)) - raft.server.log.appender.buffer.byte-limit = 33554432 (custom)
2019-10-19 01:04:26,673 [pool-47-thread-1] INFO  server.RaftServerConfigKeys (ConfUtils.java:logGet(43)) - raft.server.log.purge.gap = 1000000 (custom)
2019-10-19 01:04:26,673 [pool-87-thread-1] INFO  server.RaftServerConfigKeys (ConfUtils.java:logGet(43)) - raft.server.log.segment.size.max = 1048576 (custom)
2019-10-19 01:04:26,673 [pool-117-thread-1] INFO  server.RaftServerConfigKeys (ConfUtils.java:logGet(43)) - raft.server.log.purge.gap = 1000000 (custom)
2019-10-19 01:04:26,674 [pool-87-thread-1] INFO  server.RaftServerConfigKeys (ConfUtils.java:logGet(43)) - raft.server.log.segment.cache.num.max = 2 (custom)
2019-10-19 01:04:26,674 [pool-47-thread-1] INFO  server.RaftServerConfigKeys (ConfUtils.java:logGet(43)) - raft.server.log.appender.buffer.byte-limit = 33554432 (custom)
2019-10-19 01:04:26,674 [pool-87-thread-1] INFO  segmented.SegmentedRaftLogWorker (SegmentedRaftLogWorker.java:<init>(173)) - new 16805c57-9f45-4377-8998-764a8f26e152@group-FB3B7D7D89E3-SegmentedRaftLogWorker for RaftStorage:Storage Directory /workdir/hadoop-ozone/integration-test/target/test-dir/MiniOzoneClusterImpl-08d89ad4-f612-48fc-8979-c1cb428f8ac2/datanode-6/data/ratis/9b926b7b-8f17-43ce-9976-fb3b7d7d89e3
2019-10-19 01:04:26,674 [pool-117-thread-1] INFO  server.RaftServerConfigKeys (ConfUtils.java:logGet(43)) - raft.server.log.appender.buffer.byte-limit = 33554432 (custom)
2019-10-19 01:04:26,674 [pool-87-thread-1] INFO  server.RaftServerConfigKeys (ConfUtils.java:logGet(43)) - raft.server.log.queue.byte-limit = 2147483647 (custom)
2019-10-19 01:04:26,674 [pool-47-thread-1] INFO  server.RaftServerConfigKeys (ConfUtils.java:logGet(43)) - raft.server.log.segment.size.max = 1048576 (custom)
2019-10-19 01:04:26,675 [pool-87-thread-1] INFO  server.RaftServerConfigKeys (ConfUtils.java:logGet(43)) - raft.server.log.queue.element-limit = 1024 (custom)
2019-10-19 01:04:26,674 [pool-117-thread-1] INFO  server.RaftServerConfigKeys (ConfUtils.java:logGet(43)) - raft.server.log.segment.size.max = 1048576 (custom)
2019-10-19 01:04:26,675 [pool-87-thread-1] INFO  server.RaftServerConfigKeys (ConfUtils.java:logGet(43)) - raft.server.log.segment.size.max = 1048576 (custom)
2019-10-19 01:04:26,675 [pool-47-thread-1] INFO  server.RaftServerConfigKeys (ConfUtils.java:logGet(43)) - raft.server.log.segment.cache.num.max = 2 (custom)
2019-10-19 01:04:26,675 [pool-87-thread-1] INFO  server.RaftServerConfigKeys (ConfUtils.java:logGet(43)) - raft.server.log.preallocated.size = 16384 (custom)
2019-10-19 01:04:26,675 [pool-117-thread-1] INFO  server.RaftServerConfigKeys (ConfUtils.java:logGet(43)) - raft.server.log.segment.cache.num.max = 2 (custom)
2019-10-19 01:04:26,680 [pool-87-thread-1] INFO  server.RaftServerConfigKeys (ConfUtils.java:logGet(43)) - raft.server.log.write.buffer.size = 33554432 (custom)
2019-10-19 01:04:26,680 [pool-47-thread-1] INFO  segmented.SegmentedRaftLogWorker (SegmentedRaftLogWorker.java:<init>(173)) - new a54795b0-6c9c-4137-a866-f82f653c9bf9@group-FB3B7D7D89E3-SegmentedRaftLogWorker for RaftStorage:Storage Directory /workdir/hadoop-ozone/integration-test/target/test-dir/MiniOzoneClusterImpl-08d89ad4-f612-48fc-8979-c1cb428f8ac2/datanode-2/data/ratis/9b926b7b-8f17-43ce-9976-fb3b7d7d89e3
2019-10-19 01:04:26,681 [pool-87-thread-1] INFO  server.RaftServerConfigKeys (ConfUtils.java:logGet(43)) - raft.server.log.force.sync.num = 128 (default)
2019-10-19 01:04:26,680 [pool-117-thread-1] INFO  segmented.SegmentedRaftLogWorker (SegmentedRaftLogWorker.java:<init>(173)) - new b26a8d60-58dc-431d-8168-f89a9ab35f3a@group-FB3B7D7D89E3-SegmentedRaftLogWorker for RaftStorage:Storage Directory /workdir/hadoop-ozone/integration-test/target/test-dir/MiniOzoneClusterImpl-08d89ad4-f612-48fc-8979-c1cb428f8ac2/datanode-9/data/ratis/9b926b7b-8f17-43ce-9976-fb3b7d7d89e3
2019-10-19 01:04:26,681 [pool-87-thread-1] INFO  server.RaftServerConfigKeys (ConfUtils.java:logGet(43)) - raft.server.log.statemachine.data.sync = true (default)
2019-10-19 01:04:26,681 [pool-47-thread-1] INFO  server.RaftServerConfigKeys (ConfUtils.java:logGet(43)) - raft.server.log.queue.byte-limit = 2147483647 (custom)
2019-10-19 01:04:26,681 [pool-87-thread-1] INFO  server.RaftServerConfigKeys (ConfUtils.java:logGet(43)) - raft.server.log.statemachine.data.sync.timeout = 10s (default)
2019-10-19 01:04:26,681 [pool-87-thread-1] INFO  server.RaftServerConfigKeys (ConfUtils.java:logGet(43)) - raft.server.log.statemachine.data.sync.timeout.retry = -1 (default)
2019-10-19 01:04:26,681 [pool-117-thread-1] INFO  server.RaftServerConfigKeys (ConfUtils.java:logGet(43)) - raft.server.log.queue.byte-limit = 2147483647 (custom)
2019-10-19 01:04:26,682 [pool-87-thread-1] INFO  server.RaftServerConfigKeys (ConfUtils.java:logGet(43)) - raft.server.log.statemachine.data.caching.enabled = true (custom)
2019-10-19 01:04:26,681 [pool-47-thread-1] INFO  server.RaftServerConfigKeys (ConfUtils.java:logGet(43)) - raft.server.log.queue.element-limit = 1024 (custom)
2019-10-19 01:04:26,682 [pool-117-thread-1] INFO  server.RaftServerConfigKeys (ConfUtils.java:logGet(43)) - raft.server.log.queue.element-limit = 1024 (custom)
2019-10-19 01:04:26,682 [pool-47-thread-1] INFO  server.RaftServerConfigKeys (ConfUtils.java:logGet(43)) - raft.server.log.segment.size.max = 1048576 (custom)
2019-10-19 01:04:26,682 [pool-117-thread-1] INFO  server.RaftServerConfigKeys (ConfUtils.java:logGet(43)) - raft.server.log.segment.size.max = 1048576 (custom)
2019-10-19 01:04:26,682 [pool-47-thread-1] INFO  server.RaftServerConfigKeys (ConfUtils.java:logGet(43)) - raft.server.log.preallocated.size = 16384 (custom)
2019-10-19 01:04:26,682 [pool-117-thread-1] INFO  server.RaftServerConfigKeys (ConfUtils.java:logGet(43)) - raft.server.log.preallocated.size = 16384 (custom)
2019-10-19 01:04:26,682 [pool-47-thread-1] INFO  server.RaftServerConfigKeys (ConfUtils.java:logGet(43)) - raft.server.log.write.buffer.size = 33554432 (custom)
2019-10-19 01:04:26,683 [pool-117-thread-1] INFO  server.RaftServerConfigKeys (ConfUtils.java:logGet(43)) - raft.server.log.write.buffer.size = 33554432 (custom)
2019-10-19 01:04:26,683 [pool-47-thread-1] INFO  server.RaftServerConfigKeys (ConfUtils.java:logGet(43)) - raft.server.log.force.sync.num = 128 (default)
2019-10-19 01:04:26,683 [pool-117-thread-1] INFO  server.RaftServerConfigKeys (ConfUtils.java:logGet(43)) - raft.server.log.force.sync.num = 128 (default)
2019-10-19 01:04:26,683 [pool-87-thread-1] INFO  segmented.SegmentedRaftLogWorker (SegmentedRaftLogWorker.java:lambda$new$0(128)) - 16805c57-9f45-4377-8998-764a8f26e152@group-FB3B7D7D89E3-SegmentedRaftLogWorker: flushIndex: setUnconditionally 0 -> -1
2019-10-19 01:04:26,683 [pool-117-thread-1] INFO  server.RaftServerConfigKeys (ConfUtils.java:logGet(43)) - raft.server.log.statemachine.data.sync = true (default)
2019-10-19 01:04:26,683 [pool-47-thread-1] INFO  server.RaftServerConfigKeys (ConfUtils.java:logGet(43)) - raft.server.log.statemachine.data.sync = true (default)
2019-10-19 01:04:26,683 [pool-87-thread-1] INFO  server.RaftServerConfigKeys (ConfUtils.java:logGet(43)) - raft.server.snapshot.auto.trigger.enabled = true (custom)
2019-10-19 01:04:26,683 [pool-117-thread-1] INFO  server.RaftServerConfigKeys (ConfUtils.java:logGet(43)) - raft.server.log.statemachine.data.sync.timeout = 10s (default)
2019-10-19 01:04:26,684 [pool-87-thread-1] INFO  server.RaftServerConfigKeys (ConfUtils.java:logGet(43)) - raft.server.snapshot.auto.trigger.threshold = 10000 (custom)
2019-10-19 01:04:26,683 [pool-47-thread-1] INFO  server.RaftServerConfigKeys (ConfUtils.java:logGet(43)) - raft.server.log.statemachine.data.sync.timeout = 10s (default)
2019-10-19 01:04:26,684 [pool-87-thread-1] INFO  server.RaftServerConfigKeys (ConfUtils.java:logGet(43)) - raft.server.snapshot.retention.file.num = 5 (custom)
2019-10-19 01:04:26,684 [pool-117-thread-1] INFO  server.RaftServerConfigKeys (ConfUtils.java:logGet(43)) - raft.server.log.statemachine.data.sync.timeout.retry = -1 (default)
2019-10-19 01:04:26,684 [pool-47-thread-1] INFO  server.RaftServerConfigKeys (ConfUtils.java:logGet(43)) - raft.server.log.statemachine.data.sync.timeout.retry = -1 (default)
2019-10-19 01:04:26,684 [pool-87-thread-1] INFO  server.RaftServerConfigKeys (ConfUtils.java:logGet(43)) - raft.server.retrycache.expirytime = 600000ms (custom)
2019-10-19 01:04:26,684 [pool-117-thread-1] INFO  server.RaftServerConfigKeys (ConfUtils.java:logGet(43)) - raft.server.log.statemachine.data.caching.enabled = true (custom)
2019-10-19 01:04:26,684 [pool-47-thread-1] INFO  server.RaftServerConfigKeys (ConfUtils.java:logGet(43)) - raft.server.log.statemachine.data.caching.enabled = true (custom)
2019-10-19 01:04:26,685 [pool-117-thread-1] INFO  segmented.SegmentedRaftLogWorker (SegmentedRaftLogWorker.java:lambda$new$0(128)) - b26a8d60-58dc-431d-8168-f89a9ab35f3a@group-FB3B7D7D89E3-SegmentedRaftLogWorker: flushIndex: setUnconditionally 0 -> -1
2019-10-19 01:04:26,685 [pool-47-thread-1] INFO  segmented.SegmentedRaftLogWorker (SegmentedRaftLogWorker.java:lambda$new$0(128)) - a54795b0-6c9c-4137-a866-f82f653c9bf9@group-FB3B7D7D89E3-SegmentedRaftLogWorker: flushIndex: setUnconditionally 0 -> -1
2019-10-19 01:04:26,685 [pool-117-thread-1] INFO  server.RaftServerConfigKeys (ConfUtils.java:logGet(43)) - raft.server.snapshot.auto.trigger.enabled = true (custom)
2019-10-19 01:04:26,685 [pool-47-thread-1] INFO  server.RaftServerConfigKeys (ConfUtils.java:logGet(43)) - raft.server.snapshot.auto.trigger.enabled = true (custom)
2019-10-19 01:04:26,685 [pool-117-thread-1] INFO  server.RaftServerConfigKeys (ConfUtils.java:logGet(43)) - raft.server.snapshot.auto.trigger.threshold = 10000 (custom)
2019-10-19 01:04:26,685 [pool-47-thread-1] INFO  server.RaftServerConfigKeys (ConfUtils.java:logGet(43)) - raft.server.snapshot.auto.trigger.threshold = 10000 (custom)
2019-10-19 01:04:26,686 [pool-117-thread-1] INFO  server.RaftServerConfigKeys (ConfUtils.java:logGet(43)) - raft.server.snapshot.retention.file.num = 5 (custom)
2019-10-19 01:04:26,686 [pool-47-thread-1] INFO  server.RaftServerConfigKeys (ConfUtils.java:logGet(43)) - raft.server.snapshot.retention.file.num = 5 (custom)
2019-10-19 01:04:26,686 [pool-117-thread-1] INFO  server.RaftServerConfigKeys (ConfUtils.java:logGet(43)) - raft.server.retrycache.expirytime = 600000ms (custom)
2019-10-19 01:04:26,686 [pool-47-thread-1] INFO  server.RaftServerConfigKeys (ConfUtils.java:logGet(43)) - raft.server.retrycache.expirytime = 600000ms (custom)
2019-10-19 01:04:26,687 [pool-87-thread-1] INFO  impl.RaftServerImpl (RaftServerImpl.java:start(195)) - 16805c57-9f45-4377-8998-764a8f26e152@group-FB3B7D7D89E3: start as a follower, conf=-1: [a54795b0-6c9c-4137-a866-f82f653c9bf9:192.168.157.213:43688, b26a8d60-58dc-431d-8168-f89a9ab35f3a:192.168.157.213:35535, 16805c57-9f45-4377-8998-764a8f26e152:192.168.157.213:33728], old=null
2019-10-19 01:04:26,687 [pool-87-thread-1] INFO  impl.RaftServerImpl (RaftServerImpl.java:setRole(184)) - 16805c57-9f45-4377-8998-764a8f26e152@group-FB3B7D7D89E3: changes role from      null to FOLLOWER at term 0 for startAsFollower
2019-10-19 01:04:26,687 [Thread-325] INFO  impl.FollowerState (FollowerState.java:run(108)) - 51276c3c-a3b8-4274-b089-592ff4589f41@group-C04EA9408AEF-FollowerState: change to CANDIDATE, lastRpcTime:184ms, electionTimeout:184ms
2019-10-19 01:04:26,688 [pool-87-thread-1] INFO  impl.RoleInfo (RoleInfo.java:updateAndGet(143)) - 16805c57-9f45-4377-8998-764a8f26e152: start FollowerState
2019-10-19 01:04:26,688 [Thread-325] INFO  impl.RoleInfo (RoleInfo.java:shutdownFollowerState(121)) - 51276c3c-a3b8-4274-b089-592ff4589f41: shutdown FollowerState
2019-10-19 01:04:26,688 [Thread-325] INFO  impl.RaftServerImpl (RaftServerImpl.java:setRole(184)) - 51276c3c-a3b8-4274-b089-592ff4589f41@group-C04EA9408AEF: changes role from  FOLLOWER to CANDIDATE at term 0 for changeToCandidate
2019-10-19 01:04:26,688 [Thread-334] INFO  impl.FollowerState (FollowerState.java:run(108)) - 16805c57-9f45-4377-8998-764a8f26e152@group-FB3B7D7D89E3-FollowerState: change to CANDIDATE, lastRpcTime:0ms, electionTimeout:0ms
2019-10-19 01:04:26,688 [Thread-325] INFO  impl.RoleInfo (RoleInfo.java:updateAndGet(143)) - 51276c3c-a3b8-4274-b089-592ff4589f41: start LeaderElection
2019-10-19 01:04:26,688 [pool-87-thread-1] INFO  util.JmxRegister (JmxRegister.java:tryRegister(44)) - Successfully registered JMX Bean with object name Ratis:service=RaftServer,group=group-FB3B7D7D89E3,id=16805c57-9f45-4377-8998-764a8f26e152
2019-10-19 01:04:26,688 [Thread-334] INFO  impl.RoleInfo (RoleInfo.java:shutdownFollowerState(121)) - 16805c57-9f45-4377-8998-764a8f26e152: shutdown FollowerState
2019-10-19 01:04:26,691 [Thread-334] INFO  impl.RaftServerImpl (RaftServerImpl.java:setRole(184)) - 16805c57-9f45-4377-8998-764a8f26e152@group-FB3B7D7D89E3: changes role from  FOLLOWER to CANDIDATE at term 0 for changeToCandidate
2019-10-19 01:04:26,692 [Thread-334] INFO  impl.RoleInfo (RoleInfo.java:updateAndGet(143)) - 16805c57-9f45-4377-8998-764a8f26e152: start LeaderElection
2019-10-19 01:04:26,697 [pool-117-thread-1] INFO  impl.RaftServerImpl (RaftServerImpl.java:start(195)) - b26a8d60-58dc-431d-8168-f89a9ab35f3a@group-FB3B7D7D89E3: start as a follower, conf=-1: [a54795b0-6c9c-4137-a866-f82f653c9bf9:192.168.157.213:43688, b26a8d60-58dc-431d-8168-f89a9ab35f3a:192.168.157.213:35535, 16805c57-9f45-4377-8998-764a8f26e152:192.168.157.213:33728], old=null
2019-10-19 01:04:26,697 [pool-117-thread-1] INFO  impl.RaftServerImpl (RaftServerImpl.java:setRole(184)) - b26a8d60-58dc-431d-8168-f89a9ab35f3a@group-FB3B7D7D89E3: changes role from      null to FOLLOWER at term 0 for startAsFollower
2019-10-19 01:04:26,697 [pool-47-thread-1] INFO  impl.RaftServerImpl (RaftServerImpl.java:start(195)) - a54795b0-6c9c-4137-a866-f82f653c9bf9@group-FB3B7D7D89E3: start as a follower, conf=-1: [a54795b0-6c9c-4137-a866-f82f653c9bf9:192.168.157.213:43688, b26a8d60-58dc-431d-8168-f89a9ab35f3a:192.168.157.213:35535, 16805c57-9f45-4377-8998-764a8f26e152:192.168.157.213:33728], old=null
2019-10-19 01:04:26,697 [pool-117-thread-1] INFO  impl.RoleInfo (RoleInfo.java:updateAndGet(143)) - b26a8d60-58dc-431d-8168-f89a9ab35f3a: start FollowerState
2019-10-19 01:04:26,697 [pool-47-thread-1] INFO  impl.RaftServerImpl (RaftServerImpl.java:setRole(184)) - a54795b0-6c9c-4137-a866-f82f653c9bf9@group-FB3B7D7D89E3: changes role from      null to FOLLOWER at term 0 for startAsFollower
2019-10-19 01:04:26,697 [pool-47-thread-1] INFO  impl.RoleInfo (RoleInfo.java:updateAndGet(143)) - a54795b0-6c9c-4137-a866-f82f653c9bf9: start FollowerState
2019-10-19 01:04:26,698 [pool-117-thread-1] INFO  util.JmxRegister (JmxRegister.java:tryRegister(44)) - Successfully registered JMX Bean with object name Ratis:service=RaftServer,group=group-FB3B7D7D89E3,id=b26a8d60-58dc-431d-8168-f89a9ab35f3a
2019-10-19 01:04:26,698 [pool-47-thread-1] INFO  util.JmxRegister (JmxRegister.java:tryRegister(44)) - Successfully registered JMX Bean with object name Ratis:service=RaftServer,group=group-FB3B7D7D89E3,id=a54795b0-6c9c-4137-a866-f82f653c9bf9
2019-10-19 01:04:26,699 [Thread-328] INFO  impl.FollowerState (FollowerState.java:run(108)) - ea1052a1-1fa8-4b95-85d6-162914918cfe@group-380DDA929CBB-FollowerState: change to CANDIDATE, lastRpcTime:114ms, electionTimeout:114ms
2019-10-19 01:04:26,699 [Thread-328] INFO  impl.RoleInfo (RoleInfo.java:shutdownFollowerState(121)) - ea1052a1-1fa8-4b95-85d6-162914918cfe: shutdown FollowerState
2019-10-19 01:04:26,699 [Thread-328] INFO  impl.RaftServerImpl (RaftServerImpl.java:setRole(184)) - ea1052a1-1fa8-4b95-85d6-162914918cfe@group-380DDA929CBB: changes role from  FOLLOWER to CANDIDATE at term 0 for changeToCandidate
2019-10-19 01:04:26,699 [Thread-328] INFO  impl.RoleInfo (RoleInfo.java:updateAndGet(143)) - ea1052a1-1fa8-4b95-85d6-162914918cfe: start LeaderElection
2019-10-19 01:04:26,710 [ea1052a1-1fa8-4b95-85d6-162914918cfe@group-380DDA929CBB-LeaderElection11] INFO  impl.LeaderElection (LeaderElection.java:askForVotes(178)) - ea1052a1-1fa8-4b95-85d6-162914918cfe@group-380DDA929CBB-LeaderElection11: begin an election at term 1 for -1: [ea1052a1-1fa8-4b95-85d6-162914918cfe:192.168.157.213:38582], old=null
2019-10-19 01:04:26,710 [16805c57-9f45-4377-8998-764a8f26e152@group-FB3B7D7D89E3-LeaderElection10] INFO  impl.LeaderElection (LeaderElection.java:askForVotes(178)) - 16805c57-9f45-4377-8998-764a8f26e152@group-FB3B7D7D89E3-LeaderElection10: begin an election at term 1 for -1: [a54795b0-6c9c-4137-a866-f82f653c9bf9:192.168.157.213:43688, b26a8d60-58dc-431d-8168-f89a9ab35f3a:192.168.157.213:35535, 16805c57-9f45-4377-8998-764a8f26e152:192.168.157.213:33728], old=null
2019-10-19 01:04:26,710 [ea1052a1-1fa8-4b95-85d6-162914918cfe@group-380DDA929CBB-LeaderElection11] INFO  impl.RoleInfo (RoleInfo.java:shutdownLeaderElection(134)) - ea1052a1-1fa8-4b95-85d6-162914918cfe: shutdown LeaderElection
2019-10-19 01:04:26,710 [51276c3c-a3b8-4274-b089-592ff4589f41@group-C04EA9408AEF-LeaderElection9] INFO  impl.LeaderElection (LeaderElection.java:askForVotes(178)) - 51276c3c-a3b8-4274-b089-592ff4589f41@group-C04EA9408AEF-LeaderElection9: begin an election at term 1 for -1: [51276c3c-a3b8-4274-b089-592ff4589f41:192.168.157.213:36639], old=null
2019-10-19 01:04:26,710 [ea1052a1-1fa8-4b95-85d6-162914918cfe@group-380DDA929CBB-LeaderElection11] INFO  impl.RaftServerImpl (RaftServerImpl.java:setRole(184)) - ea1052a1-1fa8-4b95-85d6-162914918cfe@group-380DDA929CBB: changes role from CANDIDATE to LEADER at term 1 for changeToLeader
2019-10-19 01:04:26,710 [51276c3c-a3b8-4274-b089-592ff4589f41@group-C04EA9408AEF-LeaderElection9] INFO  impl.RoleInfo (RoleInfo.java:shutdownLeaderElection(134)) - 51276c3c-a3b8-4274-b089-592ff4589f41: shutdown LeaderElection
2019-10-19 01:04:26,710 [ea1052a1-1fa8-4b95-85d6-162914918cfe@group-380DDA929CBB-LeaderElection11] INFO  impl.RaftServerImpl (ServerState.java:setLeader(256)) - ea1052a1-1fa8-4b95-85d6-162914918cfe@group-380DDA929CBB: change Leader from null to ea1052a1-1fa8-4b95-85d6-162914918cfe at term 1 for becomeLeader, leader elected after 134ms
2019-10-19 01:04:26,710 [51276c3c-a3b8-4274-b089-592ff4589f41@group-C04EA9408AEF-LeaderElection9] INFO  impl.RaftServerImpl (RaftServerImpl.java:setRole(184)) - 51276c3c-a3b8-4274-b089-592ff4589f41@group-C04EA9408AEF: changes role from CANDIDATE to LEADER at term 1 for changeToLeader
2019-10-19 01:04:26,712 [ea1052a1-1fa8-4b95-85d6-162914918cfe@group-380DDA929CBB-LeaderElection11] INFO  server.RaftServerConfigKeys (ConfUtils.java:logGet(43)) - raft.server.staging.catchup.gap = 1000 (default)
2019-10-19 01:04:26,712 [51276c3c-a3b8-4274-b089-592ff4589f41@group-C04EA9408AEF-LeaderElection9] INFO  impl.RaftServerImpl (ServerState.java:setLeader(256)) - 51276c3c-a3b8-4274-b089-592ff4589f41@group-C04EA9408AEF: change Leader from null to 51276c3c-a3b8-4274-b089-592ff4589f41 at term 1 for becomeLeader, leader elected after 259ms
2019-10-19 01:04:26,712 [ea1052a1-1fa8-4b95-85d6-162914918cfe@group-380DDA929CBB-LeaderElection11] INFO  server.RaftServerConfigKeys (ConfUtils.java:logGet(43)) - raft.server.rpc.sleep.time = 25ms (default)
2019-10-19 01:04:26,712 [51276c3c-a3b8-4274-b089-592ff4589f41@group-C04EA9408AEF-LeaderElection9] INFO  server.RaftServerConfigKeys (ConfUtils.java:logGet(43)) - raft.server.staging.catchup.gap = 1000 (default)
2019-10-19 01:04:26,715 [ea1052a1-1fa8-4b95-85d6-162914918cfe@group-380DDA929CBB-LeaderElection11] INFO  server.RaftServerConfigKeys (ConfUtils.java:logGet(43)) - raft.server.write.element-limit = 4096 (default)
2019-10-19 01:04:26,715 [51276c3c-a3b8-4274-b089-592ff4589f41@group-C04EA9408AEF-LeaderElection9] INFO  server.RaftServerConfigKeys (ConfUtils.java:logGet(43)) - raft.server.rpc.sleep.time = 25ms (default)
2019-10-19 01:04:26,715 [51276c3c-a3b8-4274-b089-592ff4589f41@group-C04EA9408AEF-LeaderElection9] INFO  server.RaftServerConfigKeys (ConfUtils.java:logGet(43)) - raft.server.write.element-limit = 4096 (default)
2019-10-19 01:04:26,715 [ea1052a1-1fa8-4b95-85d6-162914918cfe@group-380DDA929CBB-LeaderElection11] INFO  server.RaftServerConfigKeys (ConfUtils.java:logGet(43)) - raft.server.watch.timeout = 10s (default)
2019-10-19 01:04:26,717 [51276c3c-a3b8-4274-b089-592ff4589f41@group-C04EA9408AEF-LeaderElection9] INFO  server.RaftServerConfigKeys (ConfUtils.java:logGet(43)) - raft.server.watch.timeout = 10s (default)
2019-10-19 01:04:26,717 [ea1052a1-1fa8-4b95-85d6-162914918cfe@group-380DDA929CBB-LeaderElection11] INFO  server.RaftServerConfigKeys (ConfUtils.java:logGet(43)) - raft.server.watch.timeout.denomination = 1s (default)
2019-10-19 01:04:26,718 [51276c3c-a3b8-4274-b089-592ff4589f41@group-C04EA9408AEF-LeaderElection9] INFO  server.RaftServerConfigKeys (ConfUtils.java:logGet(43)) - raft.server.watch.timeout.denomination = 1s (default)
2019-10-19 01:04:26,718 [ea1052a1-1fa8-4b95-85d6-162914918cfe@group-380DDA929CBB-LeaderElection11] INFO  server.RaftServerConfigKeys (ConfUtils.java:logGet(43)) - raft.server.watch.element-limit = 65536 (default)
2019-10-19 01:04:26,718 [51276c3c-a3b8-4274-b089-592ff4589f41@group-C04EA9408AEF-LeaderElection9] INFO  server.RaftServerConfigKeys (ConfUtils.java:logGet(43)) - raft.server.watch.element-limit = 65536 (default)
2019-10-19 01:04:26,722 [RatisPipelineUtilsThread] INFO  pipeline.PipelineStateManager (PipelineStateManager.java:addPipeline(56)) - Created pipeline Pipeline[ Id: 9b926b7b-8f17-43ce-9976-fb3b7d7d89e3, Nodes: a54795b0-6c9c-4137-a866-f82f653c9bf9{ip: 192.168.157.213, host: pr-hdds-2333-xd9jc-2947872914, networkLocation: /default-rack, certSerialId: null}b26a8d60-58dc-431d-8168-f89a9ab35f3a{ip: 192.168.157.213, host: pr-hdds-2333-xd9jc-2947872914, networkLocation: /default-rack, certSerialId: null}16805c57-9f45-4377-8998-764a8f26e152{ip: 192.168.157.213, host: pr-hdds-2333-xd9jc-2947872914, networkLocation: /default-rack, certSerialId: null}, Type:RATIS, Factor:THREE, State:OPEN]
2019-10-19 01:04:26,724 [ea1052a1-1fa8-4b95-85d6-162914918cfe@group-380DDA929CBB-LeaderElection11] INFO  impl.RoleInfo (RoleInfo.java:updateAndGet(143)) - ea1052a1-1fa8-4b95-85d6-162914918cfe: start LeaderState
2019-10-19 01:04:26,725 [ea1052a1-1fa8-4b95-85d6-162914918cfe@group-380DDA929CBB-LeaderElection11] INFO  segmented.SegmentedRaftLogWorker (SegmentedRaftLogWorker.java:startLogSegment(385)) - ea1052a1-1fa8-4b95-85d6-162914918cfe@group-380DDA929CBB-SegmentedRaftLogWorker: Starting segment from index:0
2019-10-19 01:04:26,725 [51276c3c-a3b8-4274-b089-592ff4589f41@group-C04EA9408AEF-LeaderElection9] INFO  impl.RoleInfo (RoleInfo.java:updateAndGet(143)) - 51276c3c-a3b8-4274-b089-592ff4589f41: start LeaderState
2019-10-19 01:04:26,725 [ea1052a1-1fa8-4b95-85d6-162914918cfe@group-380DDA929CBB-LeaderElection11] INFO  impl.RaftServerImpl (ServerState.java:setRaftConf(357)) - ea1052a1-1fa8-4b95-85d6-162914918cfe@group-380DDA929CBB: set configuration 0: [ea1052a1-1fa8-4b95-85d6-162914918cfe:192.168.157.213:38582], old=null at 0
2019-10-19 01:04:26,755 [51276c3c-a3b8-4274-b089-592ff4589f41@group-C04EA9408AEF-LeaderElection9] INFO  segmented.SegmentedRaftLogWorker (SegmentedRaftLogWorker.java:startLogSegment(385)) - 51276c3c-a3b8-4274-b089-592ff4589f41@group-C04EA9408AEF-SegmentedRaftLogWorker: Starting segment from index:0
2019-10-19 01:04:26,784 [ea1052a1-1fa8-4b95-85d6-162914918cfe@group-380DDA929CBB-SegmentedRaftLogWorker] INFO  segmented.SegmentedRaftLogWorker (SegmentedRaftLogWorker.java:execute(576)) - ea1052a1-1fa8-4b95-85d6-162914918cfe@group-380DDA929CBB-SegmentedRaftLogWorker: created new log segment /workdir/hadoop-ozone/integration-test/target/test-dir/MiniOzoneClusterImpl-08d89ad4-f612-48fc-8979-c1cb428f8ac2/datanode-5/data/ratis/fc335fdb-0bad-45ab-8ba9-380dda929cbb/current/log_inprogress_0
2019-10-19 01:04:26,784 [51276c3c-a3b8-4274-b089-592ff4589f41@group-C04EA9408AEF-LeaderElection9] INFO  impl.RaftServerImpl (ServerState.java:setRaftConf(357)) - 51276c3c-a3b8-4274-b089-592ff4589f41@group-C04EA9408AEF: set configuration 0: [51276c3c-a3b8-4274-b089-592ff4589f41:192.168.157.213:36639], old=null at 0
2019-10-19 01:04:26,796 [16805c57-9f45-4377-8998-764a8f26e152@group-FB3B7D7D89E3-LeaderElection10] INFO  impl.LeaderElection (LeaderElection.java:logAndReturn(56)) - 16805c57-9f45-4377-8998-764a8f26e152@group-FB3B7D7D89E3-LeaderElection10: Election TIMEOUT; received 0 response(s) [] and 0 exception(s); 16805c57-9f45-4377-8998-764a8f26e152@group-FB3B7D7D89E3:t1, leader=null, voted=16805c57-9f45-4377-8998-764a8f26e152, raftlog=16805c57-9f45-4377-8998-764a8f26e152@group-FB3B7D7D89E3-SegmentedRaftLog:OPENED:c-1,f-1,i0, conf=-1: [a54795b0-6c9c-4137-a866-f82f653c9bf9:192.168.157.213:43688, b26a8d60-58dc-431d-8168-f89a9ab35f3a:192.168.157.213:35535, 16805c57-9f45-4377-8998-764a8f26e152:192.168.157.213:33728], old=null
2019-10-19 01:04:26,797 [51276c3c-a3b8-4274-b089-592ff4589f41@group-C04EA9408AEF-SegmentedRaftLogWorker] INFO  segmented.SegmentedRaftLogWorker (SegmentedRaftLogWorker.java:execute(576)) - 51276c3c-a3b8-4274-b089-592ff4589f41@group-C04EA9408AEF-SegmentedRaftLogWorker: created new log segment /workdir/hadoop-ozone/integration-test/target/test-dir/MiniOzoneClusterImpl-08d89ad4-f612-48fc-8979-c1cb428f8ac2/datanode-3/data/ratis/775d578c-7544-4cec-92ef-c04ea9408aef/current/log_inprogress_0
2019-10-19 01:04:26,800 [16805c57-9f45-4377-8998-764a8f26e152@group-FB3B7D7D89E3-LeaderElection10] INFO  impl.LeaderElection (LeaderElection.java:askForVotes(178)) - 16805c57-9f45-4377-8998-764a8f26e152@group-FB3B7D7D89E3-LeaderElection10: begin an election at term 2 for -1: [a54795b0-6c9c-4137-a866-f82f653c9bf9:192.168.157.213:43688, b26a8d60-58dc-431d-8168-f89a9ab35f3a:192.168.157.213:35535, 16805c57-9f45-4377-8998-764a8f26e152:192.168.157.213:33728], old=null
2019-10-19 01:04:26,806 [grpc-default-executor-4] INFO  impl.RaftServerProxy (RaftServerProxy.java:addNew(89)) - bd96e850-7fd3-40f8-8499-55f7f41be4fe: addNew group-EFF8D6679E36:[7f3fb33d-9d98-4be4-bfb4-e5618e23eafb:192.168.157.213:46612, 390d33c4-98c8-495f-9f34-63cdf16532b5:192.168.157.213:40184, bd96e850-7fd3-40f8-8499-55f7f41be4fe:192.168.157.213:46800] returns group-EFF8D6679E36:java.util.concurrent.CompletableFuture@2bc313c7[Not completed]
2019-10-19 01:04:26,807 [grpc-default-executor-3] INFO  impl.RaftServerProxy (RaftServerProxy.java:addNew(89)) - 7f3fb33d-9d98-4be4-bfb4-e5618e23eafb: addNew group-EFF8D6679E36:[7f3fb33d-9d98-4be4-bfb4-e5618e23eafb:192.168.157.213:46612, 390d33c4-98c8-495f-9f34-63cdf16532b5:192.168.157.213:40184, bd96e850-7fd3-40f8-8499-55f7f41be4fe:192.168.157.213:46800] returns group-EFF8D6679E36:java.util.concurrent.CompletableFuture@4fb4a6ed[Not completed]
2019-10-19 01:04:26,808 [pool-67-thread-1] INFO  impl.RaftServerImpl (RaftServerImpl.java:<init>(104)) - bd96e850-7fd3-40f8-8499-55f7f41be4fe: new RaftServerImpl for group-EFF8D6679E36:[7f3fb33d-9d98-4be4-bfb4-e5618e23eafb:192.168.157.213:46612, 390d33c4-98c8-495f-9f34-63cdf16532b5:192.168.157.213:40184, bd96e850-7fd3-40f8-8499-55f7f41be4fe:192.168.157.213:46800] with ContainerStateMachine:uninitialized
2019-10-19 01:04:26,808 [pool-67-thread-1] INFO  server.RaftServerConfigKeys (ConfUtils.java:logGet(43)) - raft.server.rpc.timeout.min = 1s (custom)
2019-10-19 01:04:26,808 [pool-67-thread-1] INFO  server.RaftServerConfigKeys (ConfUtils.java:logGet(43)) - raft.server.rpc.timeout.max = 1200ms (custom)
2019-10-19 01:04:26,808 [pool-107-thread-1] INFO  impl.RaftServerImpl (RaftServerImpl.java:<init>(104)) - 7f3fb33d-9d98-4be4-bfb4-e5618e23eafb: new RaftServerImpl for group-EFF8D6679E36:[7f3fb33d-9d98-4be4-bfb4-e5618e23eafb:192.168.157.213:46612, 390d33c4-98c8-495f-9f34-63cdf16532b5:192.168.157.213:40184, bd96e850-7fd3-40f8-8499-55f7f41be4fe:192.168.157.213:46800] with ContainerStateMachine:uninitialized
2019-10-19 01:04:26,809 [pool-67-thread-1] INFO  server.RaftServerConfigKeys (ConfUtils.java:logGet(43)) - raft.server.rpcslowness.timeout = 120s (custom)
2019-10-19 01:04:26,809 [pool-107-thread-1] INFO  server.RaftServerConfigKeys (ConfUtils.java:logGet(43)) - raft.server.rpc.timeout.min = 1s (custom)
2019-10-19 01:04:26,809 [pool-67-thread-1] INFO  server.RaftServerConfigKeys (ConfUtils.java:logGet(43)) - raft.server.sleep.deviation.threshold = 300 (default)
2019-10-19 01:04:26,809 [pool-107-thread-1] INFO  server.RaftServerConfigKeys (ConfUtils.java:logGet(43)) - raft.server.rpc.timeout.max = 1200ms (custom)
2019-10-19 01:04:26,809 [grpc-default-executor-3] INFO  impl.RaftServerProxy (RaftServerProxy.java:addNew(89)) - 390d33c4-98c8-495f-9f34-63cdf16532b5: addNew group-EFF8D6679E36:[7f3fb33d-9d98-4be4-bfb4-e5618e23eafb:192.168.157.213:46612, 390d33c4-98c8-495f-9f34-63cdf16532b5:192.168.157.213:40184, bd96e850-7fd3-40f8-8499-55f7f41be4fe:192.168.157.213:46800] returns group-EFF8D6679E36:java.util.concurrent.CompletableFuture@e89acd6[Not completed]
2019-10-19 01:04:26,809 [pool-67-thread-1] INFO  server.RaftServerConfigKeys (ConfUtils.java:logGet(43)) - raft.server.log.appender.install.snapshot.enabled = false (custom)
2019-10-19 01:04:26,809 [pool-107-thread-1] INFO  server.RaftServerConfigKeys (ConfUtils.java:logGet(43)) - raft.server.rpcslowness.timeout = 120s (custom)
2019-10-19 01:04:26,809 [pool-67-thread-1] INFO  impl.RaftServerImpl (ServerState.java:<init>(103)) - bd96e850-7fd3-40f8-8499-55f7f41be4fe@group-EFF8D6679E36: ConfigurationManager, init=-1: [7f3fb33d-9d98-4be4-bfb4-e5618e23eafb:192.168.157.213:46612, 390d33c4-98c8-495f-9f34-63cdf16532b5:192.168.157.213:40184, bd96e850-7fd3-40f8-8499-55f7f41be4fe:192.168.157.213:46800], old=null, confs=<EMPTY_MAP>
2019-10-19 01:04:26,809 [pool-107-thread-1] INFO  server.RaftServerConfigKeys (ConfUtils.java:logGet(43)) - raft.server.sleep.deviation.threshold = 300 (default)
2019-10-19 01:04:26,811 [pool-67-thread-1] INFO  server.RaftServerConfigKeys (ConfUtils.java:logGet(43)) - raft.server.storage.dir = [/workdir/hadoop-ozone/integration-test/target/test-dir/MiniOzoneClusterImpl-08d89ad4-f612-48fc-8979-c1cb428f8ac2/datanode-4/data/ratis] (custom)
2019-10-19 01:04:26,812 [pool-37-thread-1] INFO  impl.RaftServerImpl (RaftServerImpl.java:<init>(104)) - 390d33c4-98c8-495f-9f34-63cdf16532b5: new RaftServerImpl for group-EFF8D6679E36:[7f3fb33d-9d98-4be4-bfb4-e5618e23eafb:192.168.157.213:46612, 390d33c4-98c8-495f-9f34-63cdf16532b5:192.168.157.213:40184, bd96e850-7fd3-40f8-8499-55f7f41be4fe:192.168.157.213:46800] with ContainerStateMachine:uninitialized
2019-10-19 01:04:26,812 [pool-107-thread-1] INFO  server.RaftServerConfigKeys (ConfUtils.java:logGet(43)) - raft.server.log.appender.install.snapshot.enabled = false (custom)
2019-10-19 01:04:26,812 [pool-37-thread-1] INFO  server.RaftServerConfigKeys (ConfUtils.java:logGet(43)) - raft.server.rpc.timeout.min = 1s (custom)
2019-10-19 01:04:26,812 [pool-107-thread-1] INFO  impl.RaftServerImpl (ServerState.java:<init>(103)) - 7f3fb33d-9d98-4be4-bfb4-e5618e23eafb@group-EFF8D6679E36: ConfigurationManager, init=-1: [7f3fb33d-9d98-4be4-bfb4-e5618e23eafb:192.168.157.213:46612, 390d33c4-98c8-495f-9f34-63cdf16532b5:192.168.157.213:40184, bd96e850-7fd3-40f8-8499-55f7f41be4fe:192.168.157.213:46800], old=null, confs=<EMPTY_MAP>
2019-10-19 01:04:26,813 [pool-37-thread-1] INFO  server.RaftServerConfigKeys (ConfUtils.java:logGet(43)) - raft.server.rpc.timeout.max = 1200ms (custom)
2019-10-19 01:04:26,812 [pool-67-thread-1] INFO  server.RaftServerConfigKeys (ConfUtils.java:logGet(43)) - raft.server.log.corruption.policy = EXCEPTION (default)
2019-10-19 01:04:26,815 [pool-37-thread-1] INFO  server.RaftServerConfigKeys (ConfUtils.java:logGet(43)) - raft.server.rpcslowness.timeout = 120s (custom)
2019-10-19 01:04:26,815 [pool-107-thread-1] INFO  server.RaftServerConfigKeys (ConfUtils.java:logGet(43)) - raft.server.storage.dir = [/workdir/hadoop-ozone/integration-test/target/test-dir/MiniOzoneClusterImpl-08d89ad4-f612-48fc-8979-c1cb428f8ac2/datanode-8/data/ratis] (custom)
2019-10-19 01:04:26,815 [pool-67-thread-1] INFO  storage.RaftStorageDirectory (RaftStorageDirectory.java:analyzeStorage(246)) - The storage directory /workdir/hadoop-ozone/integration-test/target/test-dir/MiniOzoneClusterImpl-08d89ad4-f612-48fc-8979-c1cb428f8ac2/datanode-4/data/ratis/0dfdf3c4-3684-4afb-bbd7-eff8d6679e36 does not exist. Creating ...
2019-10-19 01:04:26,815 [pool-37-thread-1] INFO  server.RaftServerConfigKeys (ConfUtils.java:logGet(43)) - raft.server.sleep.deviation.threshold = 300 (default)
2019-10-19 01:04:26,824 [pool-107-thread-1] INFO  server.RaftServerConfigKeys (ConfUtils.java:logGet(43)) - raft.server.log.corruption.policy = EXCEPTION (default)
2019-10-19 01:04:26,824 [pool-37-thread-1] INFO  server.RaftServerConfigKeys (ConfUtils.java:logGet(43)) - raft.server.log.appender.install.snapshot.enabled = false (custom)
2019-10-19 01:04:26,824 [pool-37-thread-1] INFO  impl.RaftServerImpl (ServerState.java:<init>(103)) - 390d33c4-98c8-495f-9f34-63cdf16532b5@group-EFF8D6679E36: ConfigurationManager, init=-1: [7f3fb33d-9d98-4be4-bfb4-e5618e23eafb:192.168.157.213:46612, 390d33c4-98c8-495f-9f34-63cdf16532b5:192.168.157.213:40184, bd96e850-7fd3-40f8-8499-55f7f41be4fe:192.168.157.213:46800], old=null, confs=<EMPTY_MAP>
2019-10-19 01:04:26,824 [pool-107-thread-1] INFO  storage.RaftStorageDirectory (RaftStorageDirectory.java:analyzeStorage(246)) - The storage directory /workdir/hadoop-ozone/integration-test/target/test-dir/MiniOzoneClusterImpl-08d89ad4-f612-48fc-8979-c1cb428f8ac2/datanode-8/data/ratis/0dfdf3c4-3684-4afb-bbd7-eff8d6679e36 does not exist. Creating ...
2019-10-19 01:04:26,824 [pool-37-thread-1] INFO  server.RaftServerConfigKeys (ConfUtils.java:logGet(43)) - raft.server.storage.dir = [/workdir/hadoop-ozone/integration-test/target/test-dir/MiniOzoneClusterImpl-08d89ad4-f612-48fc-8979-c1cb428f8ac2/datanode-1/data/ratis] (custom)
2019-10-19 01:04:26,824 [pool-37-thread-1] INFO  server.RaftServerConfigKeys (ConfUtils.java:logGet(43)) - raft.server.log.corruption.policy = EXCEPTION (default)
2019-10-19 01:04:26,825 [pool-37-thread-1] INFO  storage.RaftStorageDirectory (RaftStorageDirectory.java:analyzeStorage(246)) - The storage directory /workdir/hadoop-ozone/integration-test/target/test-dir/MiniOzoneClusterImpl-08d89ad4-f612-48fc-8979-c1cb428f8ac2/datanode-1/data/ratis/0dfdf3c4-3684-4afb-bbd7-eff8d6679e36 does not exist. Creating ...
2019-10-19 01:04:26,830 [grpc-default-executor-3] INFO  impl.RaftServerImpl (RaftServerImpl.java:setRole(184)) - b26a8d60-58dc-431d-8168-f89a9ab35f3a@group-FB3B7D7D89E3: changes role from  FOLLOWER to FOLLOWER at term 1 for recognizeCandidate:16805c57-9f45-4377-8998-764a8f26e152
2019-10-19 01:04:26,830 [grpc-default-executor-3] INFO  impl.RoleInfo (RoleInfo.java:shutdownFollowerState(121)) - b26a8d60-58dc-431d-8168-f89a9ab35f3a: shutdown FollowerState
2019-10-19 01:04:26,830 [grpc-default-executor-2] INFO  impl.RaftServerImpl (RaftServerImpl.java:setRole(184)) - a54795b0-6c9c-4137-a866-f82f653c9bf9@group-FB3B7D7D89E3: changes role from  FOLLOWER to FOLLOWER at term 2 for recognizeCandidate:16805c57-9f45-4377-8998-764a8f26e152
2019-10-19 01:04:26,830 [Thread-337] INFO  impl.FollowerState (FollowerState.java:run(117)) - b26a8d60-58dc-431d-8168-f89a9ab35f3a@group-FB3B7D7D89E3-FollowerState was interrupted: java.lang.InterruptedException: sleep interrupted
2019-10-19 01:04:26,830 [grpc-default-executor-3] INFO  impl.RoleInfo (RoleInfo.java:updateAndGet(143)) - b26a8d60-58dc-431d-8168-f89a9ab35f3a: start FollowerState
2019-10-19 01:04:26,830 [grpc-default-executor-2] INFO  impl.RoleInfo (RoleInfo.java:shutdownFollowerState(121)) - a54795b0-6c9c-4137-a866-f82f653c9bf9: shutdown FollowerState
2019-10-19 01:04:26,832 [grpc-default-executor-2] INFO  impl.RoleInfo (RoleInfo.java:updateAndGet(143)) - a54795b0-6c9c-4137-a866-f82f653c9bf9: start FollowerState
2019-10-19 01:04:26,832 [Thread-338] INFO  impl.FollowerState (FollowerState.java:run(117)) - a54795b0-6c9c-4137-a866-f82f653c9bf9@group-FB3B7D7D89E3-FollowerState was interrupted: java.lang.InterruptedException: sleep interrupted
2019-10-19 01:04:26,848 [pool-37-thread-1] INFO  storage.RaftStorageDirectory (RaftStorageDirectory.java:tryLock(328)) - Lock on /workdir/hadoop-ozone/integration-test/target/test-dir/MiniOzoneClusterImpl-08d89ad4-f612-48fc-8979-c1cb428f8ac2/datanode-1/data/ratis/0dfdf3c4-3684-4afb-bbd7-eff8d6679e36/in_use.lock acquired by nodename 939@pr-hdds-2333-xd9jc-2947872914
2019-10-19 01:04:26,848 [pool-67-thread-1] INFO  storage.RaftStorageDirectory (RaftStorageDirectory.java:tryLock(328)) - Lock on /workdir/hadoop-ozone/integration-test/target/test-dir/MiniOzoneClusterImpl-08d89ad4-f612-48fc-8979-c1cb428f8ac2/datanode-4/data/ratis/0dfdf3c4-3684-4afb-bbd7-eff8d6679e36/in_use.lock acquired by nodename 939@pr-hdds-2333-xd9jc-2947872914
2019-10-19 01:04:26,848 [pool-107-thread-1] INFO  storage.RaftStorageDirectory (RaftStorageDirectory.java:tryLock(328)) - Lock on /workdir/hadoop-ozone/integration-test/target/test-dir/MiniOzoneClusterImpl-08d89ad4-f612-48fc-8979-c1cb428f8ac2/datanode-8/data/ratis/0dfdf3c4-3684-4afb-bbd7-eff8d6679e36/in_use.lock acquired by nodename 939@pr-hdds-2333-xd9jc-2947872914
2019-10-19 01:04:26,853 [grpc-default-executor-4] INFO  impl.RaftServerImpl (RaftServerImpl.java:setRole(184)) - b26a8d60-58dc-431d-8168-f89a9ab35f3a@group-FB3B7D7D89E3: changes role from  FOLLOWER to FOLLOWER at term 2 for recognizeCandidate:16805c57-9f45-4377-8998-764a8f26e152
2019-10-19 01:04:26,853 [grpc-default-executor-4] INFO  impl.RoleInfo (RoleInfo.java:shutdownFollowerState(121)) - b26a8d60-58dc-431d-8168-f89a9ab35f3a: shutdown FollowerState
2019-10-19 01:04:26,853 [Thread-349] INFO  impl.FollowerState (FollowerState.java:run(117)) - b26a8d60-58dc-431d-8168-f89a9ab35f3a@group-FB3B7D7D89E3-FollowerState was interrupted: java.lang.InterruptedException: sleep interrupted
2019-10-19 01:04:26,853 [grpc-default-executor-4] INFO  impl.RoleInfo (RoleInfo.java:updateAndGet(143)) - b26a8d60-58dc-431d-8168-f89a9ab35f3a: start FollowerState
2019-10-19 01:04:26,865 [pool-67-thread-1] INFO  storage.RaftStorage (RaftStorage.java:format(84)) - Storage directory /workdir/hadoop-ozone/integration-test/target/test-dir/MiniOzoneClusterImpl-08d89ad4-f612-48fc-8979-c1cb428f8ac2/datanode-4/data/ratis/0dfdf3c4-3684-4afb-bbd7-eff8d6679e36 has been successfully formatted.
2019-10-19 01:04:26,865 [pool-37-thread-1] INFO  storage.RaftStorage (RaftStorage.java:format(84)) - Storage directory /workdir/hadoop-ozone/integration-test/target/test-dir/MiniOzoneClusterImpl-08d89ad4-f612-48fc-8979-c1cb428f8ac2/datanode-1/data/ratis/0dfdf3c4-3684-4afb-bbd7-eff8d6679e36 has been successfully formatted.
2019-10-19 01:04:26,865 [pool-107-thread-1] INFO  storage.RaftStorage (RaftStorage.java:format(84)) - Storage directory /workdir/hadoop-ozone/integration-test/target/test-dir/MiniOzoneClusterImpl-08d89ad4-f612-48fc-8979-c1cb428f8ac2/datanode-8/data/ratis/0dfdf3c4-3684-4afb-bbd7-eff8d6679e36 has been successfully formatted.
2019-10-19 01:04:26,866 [pool-67-thread-1] INFO  ratis.ContainerStateMachine (ContainerStateMachine.java:loadSnapshot(231)) - group-EFF8D6679E36: The snapshot info is null. Setting the last applied indexto:(t:0, i:~)
2019-10-19 01:04:26,866 [pool-107-thread-1] INFO  ratis.ContainerStateMachine (ContainerStateMachine.java:loadSnapshot(231)) - group-EFF8D6679E36: The snapshot info is null. Setting the last applied indexto:(t:0, i:~)
2019-10-19 01:04:26,866 [pool-37-thread-1] INFO  ratis.ContainerStateMachine (ContainerStateMachine.java:loadSnapshot(231)) - group-EFF8D6679E36: The snapshot info is null. Setting the last applied indexto:(t:0, i:~)
2019-10-19 01:04:26,867 [pool-107-thread-1] INFO  server.RaftServerConfigKeys (ConfUtils.java:logGet(43)) - raft.server.notification.no-leader.timeout = 120s (custom)
2019-10-19 01:04:26,867 [pool-67-thread-1] INFO  server.RaftServerConfigKeys (ConfUtils.java:logGet(43)) - raft.server.notification.no-leader.timeout = 120s (custom)
2019-10-19 01:04:26,868 [pool-107-thread-1] INFO  server.RaftServerConfigKeys (ConfUtils.java:logGet(43)) - raft.server.log.use.memory = false (default)
2019-10-19 01:04:26,867 [pool-37-thread-1] INFO  server.RaftServerConfigKeys (ConfUtils.java:logGet(43)) - raft.server.notification.no-leader.timeout = 120s (custom)
2019-10-19 01:04:26,867 [16805c57-9f45-4377-8998-764a8f26e152@group-FB3B7D7D89E3-LeaderElection10] INFO  impl.LeaderElection (LeaderElection.java:logAndReturn(56)) - 16805c57-9f45-4377-8998-764a8f26e152@group-FB3B7D7D89E3-LeaderElection10: Election PASSED; received 1 response(s) [16805c57-9f45-4377-8998-764a8f26e152<-a54795b0-6c9c-4137-a866-f82f653c9bf9#0:OK-t2] and 0 exception(s); 16805c57-9f45-4377-8998-764a8f26e152@group-FB3B7D7D89E3:t2, leader=null, voted=16805c57-9f45-4377-8998-764a8f26e152, raftlog=16805c57-9f45-4377-8998-764a8f26e152@group-FB3B7D7D89E3-SegmentedRaftLog:OPENED:c-1,f-1,i0, conf=-1: [a54795b0-6c9c-4137-a866-f82f653c9bf9:192.168.157.213:43688, b26a8d60-58dc-431d-8168-f89a9ab35f3a:192.168.157.213:35535, 16805c57-9f45-4377-8998-764a8f26e152:192.168.157.213:33728], old=null
2019-10-19 01:04:26,871 [pool-37-thread-1] INFO  server.RaftServerConfigKeys (ConfUtils.java:logGet(43)) - raft.server.log.use.memory = false (default)
2019-10-19 01:04:26,871 [pool-107-thread-1] INFO  server.RaftServerConfigKeys (ConfUtils.java:logGet(43)) - raft.server.log.purge.gap = 1000000 (custom)
2019-10-19 01:04:26,873 [pool-107-thread-1] INFO  server.RaftServerConfigKeys (ConfUtils.java:logGet(43)) - raft.server.log.appender.buffer.byte-limit = 33554432 (custom)
2019-10-19 01:04:26,869 [pool-67-thread-1] INFO  server.RaftServerConfigKeys (ConfUtils.java:logGet(43)) - raft.server.log.use.memory = false (default)
2019-10-19 01:04:26,873 [pool-107-thread-1] INFO  server.RaftServerConfigKeys (ConfUtils.java:logGet(43)) - raft.server.log.segment.size.max = 1048576 (custom)
2019-10-19 01:04:26,871 [pool-37-thread-1] INFO  server.RaftServerConfigKeys (ConfUtils.java:logGet(43)) - raft.server.log.purge.gap = 1000000 (custom)
2019-10-19 01:04:26,875 [pool-107-thread-1] INFO  server.RaftServerConfigKeys (ConfUtils.java:logGet(43)) - raft.server.log.segment.cache.num.max = 2 (custom)
2019-10-19 01:04:26,871 [16805c57-9f45-4377-8998-764a8f26e152@group-FB3B7D7D89E3-LeaderElection10] INFO  impl.RoleInfo (RoleInfo.java:shutdownLeaderElection(134)) - 16805c57-9f45-4377-8998-764a8f26e152: shutdown LeaderElection
2019-10-19 01:04:26,875 [pool-107-thread-1] INFO  segmented.SegmentedRaftLogWorker (SegmentedRaftLogWorker.java:<init>(173)) - new 7f3fb33d-9d98-4be4-bfb4-e5618e23eafb@group-EFF8D6679E36-SegmentedRaftLogWorker for RaftStorage:Storage Directory /workdir/hadoop-ozone/integration-test/target/test-dir/MiniOzoneClusterImpl-08d89ad4-f612-48fc-8979-c1cb428f8ac2/datanode-8/data/ratis/0dfdf3c4-3684-4afb-bbd7-eff8d6679e36
2019-10-19 01:04:26,875 [pool-37-thread-1] INFO  server.RaftServerConfigKeys (ConfUtils.java:logGet(43)) - raft.server.log.appender.buffer.byte-limit = 33554432 (custom)
2019-10-19 01:04:26,875 [pool-67-thread-1] INFO  server.RaftServerConfigKeys (ConfUtils.java:logGet(43)) - raft.server.log.purge.gap = 1000000 (custom)
2019-10-19 01:04:26,875 [pool-37-thread-1] INFO  server.RaftServerConfigKeys (ConfUtils.java:logGet(43)) - raft.server.log.segment.size.max = 1048576 (custom)
2019-10-19 01:04:26,875 [pool-107-thread-1] INFO  server.RaftServerConfigKeys (ConfUtils.java:logGet(43)) - raft.server.log.queue.byte-limit = 2147483647 (custom)
2019-10-19 01:04:26,875 [16805c57-9f45-4377-8998-764a8f26e152@group-FB3B7D7D89E3-LeaderElection10] INFO  impl.RaftServerImpl (RaftServerImpl.java:setRole(184)) - 16805c57-9f45-4377-8998-764a8f26e152@group-FB3B7D7D89E3: changes role from CANDIDATE to LEADER at term 2 for changeToLeader
2019-10-19 01:04:26,877 [pool-107-thread-1] INFO  server.RaftServerConfigKeys (ConfUtils.java:logGet(43)) - raft.server.log.queue.element-limit = 1024 (custom)
2019-10-19 01:04:26,877 [pool-37-thread-1] INFO  server.RaftServerConfigKeys (ConfUtils.java:logGet(43)) - raft.server.log.segment.cache.num.max = 2 (custom)
2019-10-19 01:04:26,877 [pool-67-thread-1] INFO  server.RaftServerConfigKeys (ConfUtils.java:logGet(43)) - raft.server.log.appender.buffer.byte-limit = 33554432 (custom)
2019-10-19 01:04:26,877 [pool-37-thread-1] INFO  segmented.SegmentedRaftLogWorker (SegmentedRaftLogWorker.java:<init>(173)) - new 390d33c4-98c8-495f-9f34-63cdf16532b5@group-EFF8D6679E36-SegmentedRaftLogWorker for RaftStorage:Storage Directory /workdir/hadoop-ozone/integration-test/target/test-dir/MiniOzoneClusterImpl-08d89ad4-f612-48fc-8979-c1cb428f8ac2/datanode-1/data/ratis/0dfdf3c4-3684-4afb-bbd7-eff8d6679e36
2019-10-19 01:04:26,877 [pool-107-thread-1] INFO  server.RaftServerConfigKeys (ConfUtils.java:logGet(43)) - raft.server.log.segment.size.max = 1048576 (custom)
2019-10-19 01:04:26,877 [16805c57-9f45-4377-8998-764a8f26e152@group-FB3B7D7D89E3-LeaderElection10] INFO  impl.RaftServerImpl (ServerState.java:setLeader(256)) - 16805c57-9f45-4377-8998-764a8f26e152@group-FB3B7D7D89E3: change Leader from null to 16805c57-9f45-4377-8998-764a8f26e152 at term 2 for becomeLeader, leader elected after 204ms
2019-10-19 01:04:26,878 [pool-107-thread-1] INFO  server.RaftServerConfigKeys (ConfUtils.java:logGet(43)) - raft.server.log.preallocated.size = 16384 (custom)
2019-10-19 01:04:26,878 [pool-37-thread-1] INFO  server.RaftServerConfigKeys (ConfUtils.java:logGet(43)) - raft.server.log.queue.byte-limit = 2147483647 (custom)
2019-10-19 01:04:26,878 [pool-67-thread-1] INFO  server.RaftServerConfigKeys (ConfUtils.java:logGet(43)) - raft.server.log.segment.size.max = 1048576 (custom)
2019-10-19 01:04:26,878 [pool-37-thread-1] INFO  server.RaftServerConfigKeys (ConfUtils.java:logGet(43)) - raft.server.log.queue.element-limit = 1024 (custom)
2019-10-19 01:04:26,878 [pool-107-thread-1] INFO  server.RaftServerConfigKeys (ConfUtils.java:logGet(43)) - raft.server.log.write.buffer.size = 33554432 (custom)
2019-10-19 01:04:26,878 [16805c57-9f45-4377-8998-764a8f26e152@group-FB3B7D7D89E3-LeaderElection10] INFO  server.RaftServerConfigKeys (ConfUtils.java:logGet(43)) - raft.server.staging.catchup.gap = 1000 (default)
2019-10-19 01:04:26,878 [pool-107-thread-1] INFO  server.RaftServerConfigKeys (ConfUtils.java:logGet(43)) - raft.server.log.force.sync.num = 128 (default)
2019-10-19 01:04:26,878 [pool-37-thread-1] INFO  server.RaftServerConfigKeys (ConfUtils.java:logGet(43)) - raft.server.log.segment.size.max = 1048576 (custom)
2019-10-19 01:04:26,879 [pool-37-thread-1] INFO  server.RaftServerConfigKeys (ConfUtils.java:logGet(43)) - raft.server.log.preallocated.size = 16384 (custom)
2019-10-19 01:04:26,878 [pool-67-thread-1] INFO  server.RaftServerConfigKeys (ConfUtils.java:logGet(43)) - raft.server.log.segment.cache.num.max = 2 (custom)
2019-10-19 01:04:26,879 [pool-37-thread-1] INFO  server.RaftServerConfigKeys (ConfUtils.java:logGet(43)) - raft.server.log.write.buffer.size = 33554432 (custom)
2019-10-19 01:04:26,879 [pool-107-thread-1] INFO  server.RaftServerConfigKeys (ConfUtils.java:logGet(43)) - raft.server.log.statemachine.data.sync = true (default)
2019-10-19 01:04:26,878 [16805c57-9f45-4377-8998-764a8f26e152@group-FB3B7D7D89E3-LeaderElection10] INFO  server.RaftServerConfigKeys (ConfUtils.java:logGet(43)) - raft.server.rpc.sleep.time = 25ms (default)
2019-10-19 01:04:26,879 [pool-107-thread-1] INFO  server.RaftServerConfigKeys (ConfUtils.java:logGet(43)) - raft.server.log.statemachine.data.sync.timeout = 10s (default)
2019-10-19 01:04:26,879 [pool-37-thread-1] INFO  server.RaftServerConfigKeys (ConfUtils.java:logGet(43)) - raft.server.log.force.sync.num = 128 (default)
2019-10-19 01:04:26,879 [pool-67-thread-1] INFO  segmented.SegmentedRaftLogWorker (SegmentedRaftLogWorker.java:<init>(173)) - new bd96e850-7fd3-40f8-8499-55f7f41be4fe@group-EFF8D6679E36-SegmentedRaftLogWorker for RaftStorage:Storage Directory /workdir/hadoop-ozone/integration-test/target/test-dir/MiniOzoneClusterImpl-08d89ad4-f612-48fc-8979-c1cb428f8ac2/datanode-4/data/ratis/0dfdf3c4-3684-4afb-bbd7-eff8d6679e36
2019-10-19 01:04:26,879 [pool-37-thread-1] INFO  server.RaftServerConfigKeys (ConfUtils.java:logGet(43)) - raft.server.log.statemachine.data.sync = true (default)
2019-10-19 01:04:26,879 [16805c57-9f45-4377-8998-764a8f26e152@group-FB3B7D7D89E3-LeaderElection10] INFO  server.RaftServerConfigKeys (ConfUtils.java:logGet(43)) - raft.server.write.element-limit = 4096 (default)
2019-10-19 01:04:26,879 [pool-107-thread-1] INFO  server.RaftServerConfigKeys (ConfUtils.java:logGet(43)) - raft.server.log.statemachine.data.sync.timeout.retry = -1 (default)
2019-10-19 01:04:26,880 [16805c57-9f45-4377-8998-764a8f26e152@group-FB3B7D7D89E3-LeaderElection10] INFO  server.RaftServerConfigKeys (ConfUtils.java:logGet(43)) - raft.server.watch.timeout = 10s (default)
2019-10-19 01:04:26,880 [pool-37-thread-1] INFO  server.RaftServerConfigKeys (ConfUtils.java:logGet(43)) - raft.server.log.statemachine.data.sync.timeout = 10s (default)
2019-10-19 01:04:26,880 [pool-67-thread-1] INFO  server.RaftServerConfigKeys (ConfUtils.java:logGet(43)) - raft.server.log.queue.byte-limit = 2147483647 (custom)
2019-10-19 01:04:26,880 [pool-37-thread-1] INFO  server.RaftServerConfigKeys (ConfUtils.java:logGet(43)) - raft.server.log.statemachine.data.sync.timeout.retry = -1 (default)
2019-10-19 01:04:26,880 [16805c57-9f45-4377-8998-764a8f26e152@group-FB3B7D7D89E3-LeaderElection10] INFO  server.RaftServerConfigKeys (ConfUtils.java:logGet(43)) - raft.server.watch.timeout.denomination = 1s (default)
2019-10-19 01:04:26,880 [pool-107-thread-1] INFO  server.RaftServerConfigKeys (ConfUtils.java:logGet(43)) - raft.server.log.statemachine.data.caching.enabled = true (custom)
2019-10-19 01:04:26,881 [16805c57-9f45-4377-8998-764a8f26e152@group-FB3B7D7D89E3-LeaderElection10] INFO  server.RaftServerConfigKeys (ConfUtils.java:logGet(43)) - raft.server.watch.element-limit = 65536 (default)
2019-10-19 01:04:26,880 [pool-37-thread-1] INFO  server.RaftServerConfigKeys (ConfUtils.java:logGet(43)) - raft.server.log.statemachine.data.caching.enabled = true (custom)
2019-10-19 01:04:26,881 [pool-107-thread-1] INFO  segmented.SegmentedRaftLogWorker (SegmentedRaftLogWorker.java:lambda$new$0(128)) - 7f3fb33d-9d98-4be4-bfb4-e5618e23eafb@group-EFF8D6679E36-SegmentedRaftLogWorker: flushIndex: setUnconditionally 0 -> -1
2019-10-19 01:04:26,880 [pool-67-thread-1] INFO  server.RaftServerConfigKeys (ConfUtils.java:logGet(43)) - raft.server.log.queue.element-limit = 1024 (custom)
2019-10-19 01:04:26,881 [pool-37-thread-1] INFO  segmented.SegmentedRaftLogWorker (SegmentedRaftLogWorker.java:lambda$new$0(128)) - 390d33c4-98c8-495f-9f34-63cdf16532b5@group-EFF8D6679E36-SegmentedRaftLogWorker: flushIndex: setUnconditionally 0 -> -1
2019-10-19 01:04:26,881 [pool-67-thread-1] INFO  server.RaftServerConfigKeys (ConfUtils.java:logGet(43)) - raft.server.log.segment.size.max = 1048576 (custom)
2019-10-19 01:04:26,881 [pool-107-thread-1] INFO  server.RaftServerConfigKeys (ConfUtils.java:logGet(43)) - raft.server.snapshot.auto.trigger.enabled = true (custom)
2019-10-19 01:04:26,882 [pool-67-thread-1] INFO  server.RaftServerConfigKeys (ConfUtils.java:logGet(43)) - raft.server.log.preallocated.size = 16384 (custom)
2019-10-19 01:04:26,882 [pool-107-thread-1] INFO  server.RaftServerConfigKeys (ConfUtils.java:logGet(43)) - raft.server.snapshot.auto.trigger.threshold = 10000 (custom)
2019-10-19 01:04:26,881 [pool-37-thread-1] INFO  server.RaftServerConfigKeys (ConfUtils.java:logGet(43)) - raft.server.snapshot.auto.trigger.enabled = true (custom)
2019-10-19 01:04:26,882 [pool-107-thread-1] INFO  server.RaftServerConfigKeys (ConfUtils.java:logGet(43)) - raft.server.snapshot.retention.file.num = 5 (custom)
2019-10-19 01:04:26,882 [pool-67-thread-1] INFO  server.RaftServerConfigKeys (ConfUtils.java:logGet(43)) - raft.server.log.write.buffer.size = 33554432 (custom)
2019-10-19 01:04:26,882 [pool-107-thread-1] INFO  server.RaftServerConfigKeys (ConfUtils.java:logGet(43)) - raft.server.retrycache.expirytime = 600000ms (custom)
2019-10-19 01:04:26,882 [pool-37-thread-1] INFO  server.RaftServerConfigKeys (ConfUtils.java:logGet(43)) - raft.server.snapshot.auto.trigger.threshold = 10000 (custom)
2019-10-19 01:04:26,882 [pool-67-thread-1] INFO  server.RaftServerConfigKeys (ConfUtils.java:logGet(43)) - raft.server.log.force.sync.num = 128 (default)
2019-10-19 01:04:26,882 [pool-37-thread-1] INFO  server.RaftServerConfigKeys (ConfUtils.java:logGet(43)) - raft.server.snapshot.retention.file.num = 5 (custom)
2019-10-19 01:04:26,883 [pool-67-thread-1] INFO  server.RaftServerConfigKeys (ConfUtils.java:logGet(43)) - raft.server.log.statemachine.data.sync = true (default)
2019-10-19 01:04:26,883 [pool-37-thread-1] INFO  server.RaftServerConfigKeys (ConfUtils.java:logGet(43)) - raft.server.retrycache.expirytime = 600000ms (custom)
2019-10-19 01:04:26,883 [pool-67-thread-1] INFO  server.RaftServerConfigKeys (ConfUtils.java:logGet(43)) - raft.server.log.statemachine.data.sync.timeout = 10s (default)
2019-10-19 01:04:26,883 [pool-67-thread-1] INFO  server.RaftServerConfigKeys (ConfUtils.java:logGet(43)) - raft.server.log.statemachine.data.sync.timeout.retry = -1 (default)
2019-10-19 01:04:26,883 [pool-67-thread-1] INFO  server.RaftServerConfigKeys (ConfUtils.java:logGet(43)) - raft.server.log.statemachine.data.caching.enabled = true (custom)
2019-10-19 01:04:26,884 [pool-67-thread-1] INFO  segmented.SegmentedRaftLogWorker (SegmentedRaftLogWorker.java:lambda$new$0(128)) - bd96e850-7fd3-40f8-8499-55f7f41be4fe@group-EFF8D6679E36-SegmentedRaftLogWorker: flushIndex: setUnconditionally 0 -> -1
2019-10-19 01:04:26,884 [pool-67-thread-1] INFO  server.RaftServerConfigKeys (ConfUtils.java:logGet(43)) - raft.server.snapshot.auto.trigger.enabled = true (custom)
2019-10-19 01:04:26,884 [pool-67-thread-1] INFO  server.RaftServerConfigKeys (ConfUtils.java:logGet(43)) - raft.server.snapshot.auto.trigger.threshold = 10000 (custom)
2019-10-19 01:04:26,885 [Thread-351] INFO  impl.FollowerState (FollowerState.java:run(108)) - b26a8d60-58dc-431d-8168-f89a9ab35f3a@group-FB3B7D7D89E3-FollowerState: change to CANDIDATE, lastRpcTime:31ms, electionTimeout:29ms
2019-10-19 01:04:26,885 [pool-67-thread-1] INFO  server.RaftServerConfigKeys (ConfUtils.java:logGet(43)) - raft.server.snapshot.retention.file.num = 5 (custom)
2019-10-19 01:04:26,885 [Thread-351] INFO  impl.RoleInfo (RoleInfo.java:shutdownFollowerState(121)) - b26a8d60-58dc-431d-8168-f89a9ab35f3a: shutdown FollowerState
2019-10-19 01:04:26,885 [pool-67-thread-1] INFO  server.RaftServerConfigKeys (ConfUtils.java:logGet(43)) - raft.server.retrycache.expirytime = 600000ms (custom)
2019-10-19 01:04:26,885 [Thread-351] INFO  impl.RaftServerImpl (RaftServerImpl.java:setRole(184)) - b26a8d60-58dc-431d-8168-f89a9ab35f3a@group-FB3B7D7D89E3: changes role from  FOLLOWER to CANDIDATE at term 2 for changeToCandidate
2019-10-19 01:04:26,885 [Thread-351] INFO  impl.RoleInfo (RoleInfo.java:updateAndGet(143)) - b26a8d60-58dc-431d-8168-f89a9ab35f3a: start LeaderElection
2019-10-19 01:04:26,885 [pool-107-thread-1] INFO  impl.RaftServerImpl (RaftServerImpl.java:start(195)) - 7f3fb33d-9d98-4be4-bfb4-e5618e23eafb@group-EFF8D6679E36: start as a follower, conf=-1: [7f3fb33d-9d98-4be4-bfb4-e5618e23eafb:192.168.157.213:46612, 390d33c4-98c8-495f-9f34-63cdf16532b5:192.168.157.213:40184, bd96e850-7fd3-40f8-8499-55f7f41be4fe:192.168.157.213:46800], old=null
2019-10-19 01:04:26,886 [pool-37-thread-1] INFO  impl.RaftServerImpl (RaftServerImpl.java:start(195)) - 390d33c4-98c8-495f-9f34-63cdf16532b5@group-EFF8D6679E36: start as a follower, conf=-1: [7f3fb33d-9d98-4be4-bfb4-e5618e23eafb:192.168.157.213:46612, 390d33c4-98c8-495f-9f34-63cdf16532b5:192.168.157.213:40184, bd96e850-7fd3-40f8-8499-55f7f41be4fe:192.168.157.213:46800], old=null
2019-10-19 01:04:26,888 [pool-107-thread-1] INFO  impl.RaftServerImpl (RaftServerImpl.java:setRole(184)) - 7f3fb33d-9d98-4be4-bfb4-e5618e23eafb@group-EFF8D6679E36: changes role from      null to FOLLOWER at term 0 for startAsFollower
2019-10-19 01:04:26,888 [pool-37-thread-1] INFO  impl.RaftServerImpl (RaftServerImpl.java:setRole(184)) - 390d33c4-98c8-495f-9f34-63cdf16532b5@group-EFF8D6679E36: changes role from      null to FOLLOWER at term 0 for startAsFollower
2019-10-19 01:04:26,889 [pool-107-thread-1] INFO  impl.RoleInfo (RoleInfo.java:updateAndGet(143)) - 7f3fb33d-9d98-4be4-bfb4-e5618e23eafb: start FollowerState
2019-10-19 01:04:26,889 [pool-37-thread-1] INFO  impl.RoleInfo (RoleInfo.java:updateAndGet(143)) - 390d33c4-98c8-495f-9f34-63cdf16532b5: start FollowerState
2019-10-19 01:04:26,889 [16805c57-9f45-4377-8998-764a8f26e152@group-FB3B7D7D89E3-LeaderElection10] INFO  server.RaftServerConfigKeys (ConfUtils.java:logGet(43)) - raft.server.log.appender.snapshot.chunk.size.max = 16MB (=16777216) (default)
2019-10-19 01:04:26,889 [pool-107-thread-1] INFO  util.JmxRegister (JmxRegister.java:tryRegister(44)) - Successfully registered JMX Bean with object name Ratis:service=RaftServer,group=group-EFF8D6679E36,id=7f3fb33d-9d98-4be4-bfb4-e5618e23eafb
2019-10-19 01:04:26,889 [16805c57-9f45-4377-8998-764a8f26e152@group-FB3B7D7D89E3-LeaderElection10] INFO  server.RaftServerConfigKeys (ConfUtils.java:logGet(43)) - raft.server.log.appender.buffer.byte-limit = 33554432 (custom)
2019-10-19 01:04:26,889 [pool-37-thread-1] INFO  util.JmxRegister (JmxRegister.java:tryRegister(44)) - Successfully registered JMX Bean with object name Ratis:service=RaftServer,group=group-EFF8D6679E36,id=390d33c4-98c8-495f-9f34-63cdf16532b5
2019-10-19 01:04:26,890 [16805c57-9f45-4377-8998-764a8f26e152@group-FB3B7D7D89E3-LeaderElection10] INFO  server.RaftServerConfigKeys (ConfUtils.java:logGet(43)) - raft.server.log.appender.buffer.element-limit = 1 (custom)
2019-10-19 01:04:26,891 [pool-67-thread-1] INFO  impl.RaftServerImpl (RaftServerImpl.java:start(195)) - bd96e850-7fd3-40f8-8499-55f7f41be4fe@group-EFF8D6679E36: start as a follower, conf=-1: [7f3fb33d-9d98-4be4-bfb4-e5618e23eafb:192.168.157.213:46612, 390d33c4-98c8-495f-9f34-63cdf16532b5:192.168.157.213:40184, bd96e850-7fd3-40f8-8499-55f7f41be4fe:192.168.157.213:46800], old=null
2019-10-19 01:04:26,892 [pool-67-thread-1] INFO  impl.RaftServerImpl (RaftServerImpl.java:setRole(184)) - bd96e850-7fd3-40f8-8499-55f7f41be4fe@group-EFF8D6679E36: changes role from      null to FOLLOWER at term 0 for startAsFollower
2019-10-19 01:04:26,892 [pool-67-thread-1] INFO  impl.RoleInfo (RoleInfo.java:updateAndGet(143)) - bd96e850-7fd3-40f8-8499-55f7f41be4fe: start FollowerState
2019-10-19 01:04:26,892 [pool-67-thread-1] INFO  util.JmxRegister (JmxRegister.java:tryRegister(44)) - Successfully registered JMX Bean with object name Ratis:service=RaftServer,group=group-EFF8D6679E36,id=bd96e850-7fd3-40f8-8499-55f7f41be4fe
2019-10-19 01:04:26,894 [16805c57-9f45-4377-8998-764a8f26e152@group-FB3B7D7D89E3-LeaderElection10] INFO  grpc.GrpcConfigKeys$Server (ConfUtils.java:logGet(43)) - raft.grpc.server.leader.outstanding.appends.max = 128 (default)
2019-10-19 01:04:26,895 [16805c57-9f45-4377-8998-764a8f26e152@group-FB3B7D7D89E3-LeaderElection10] INFO  server.RaftServerConfigKeys (ConfUtils.java:logGet(43)) - raft.server.rpc.request.timeout = 3000ms (default)
2019-10-19 01:04:26,895 [16805c57-9f45-4377-8998-764a8f26e152@group-FB3B7D7D89E3-LeaderElection10] INFO  server.RaftServerConfigKeys (ConfUtils.java:logGet(43)) - raft.server.log.appender.install.snapshot.enabled = false (custom)
2019-10-19 01:04:26,899 [b26a8d60-58dc-431d-8168-f89a9ab35f3a@group-FB3B7D7D89E3-LeaderElection12] INFO  impl.LeaderElection (LeaderElection.java:askForVotes(178)) - b26a8d60-58dc-431d-8168-f89a9ab35f3a@group-FB3B7D7D89E3-LeaderElection12: begin an election at term 3 for -1: [a54795b0-6c9c-4137-a866-f82f653c9bf9:192.168.157.213:43688, b26a8d60-58dc-431d-8168-f89a9ab35f3a:192.168.157.213:35535, 16805c57-9f45-4377-8998-764a8f26e152:192.168.157.213:33728], old=null
2019-10-19 01:04:26,901 [Thread-358] INFO  impl.FollowerState (FollowerState.java:run(108)) - 390d33c4-98c8-495f-9f34-63cdf16532b5@group-EFF8D6679E36-FollowerState: change to CANDIDATE, lastRpcTime:12ms, electionTimeout:11ms
2019-10-19 01:04:26,901 [Thread-358] INFO  impl.RoleInfo (RoleInfo.java:shutdownFollowerState(121)) - 390d33c4-98c8-495f-9f34-63cdf16532b5: shutdown FollowerState
2019-10-19 01:04:26,902 [Thread-358] INFO  impl.RaftServerImpl (RaftServerImpl.java:setRole(184)) - 390d33c4-98c8-495f-9f34-63cdf16532b5@group-EFF8D6679E36: changes role from  FOLLOWER to CANDIDATE at term 0 for changeToCandidate
2019-10-19 01:04:26,902 [Thread-358] INFO  impl.RoleInfo (RoleInfo.java:updateAndGet(143)) - 390d33c4-98c8-495f-9f34-63cdf16532b5: start LeaderElection
2019-10-19 01:04:26,915 [RatisPipelineUtilsThread] INFO  pipeline.PipelineStateManager (PipelineStateManager.java:addPipeline(56)) - Created pipeline Pipeline[ Id: 0dfdf3c4-3684-4afb-bbd7-eff8d6679e36, Nodes: 7f3fb33d-9d98-4be4-bfb4-e5618e23eafb{ip: 192.168.157.213, host: pr-hdds-2333-xd9jc-2947872914, networkLocation: /default-rack, certSerialId: null}bd96e850-7fd3-40f8-8499-55f7f41be4fe{ip: 192.168.157.213, host: pr-hdds-2333-xd9jc-2947872914, networkLocation: /default-rack, certSerialId: null}390d33c4-98c8-495f-9f34-63cdf16532b5{ip: 192.168.157.213, host: pr-hdds-2333-xd9jc-2947872914, networkLocation: /default-rack, certSerialId: null}, Type:RATIS, Factor:THREE, State:OPEN]
2019-10-19 01:04:26,917 [16805c57-9f45-4377-8998-764a8f26e152@group-FB3B7D7D89E3-LeaderElection10] INFO  server.RaftServerConfigKeys (ConfUtils.java:logGet(43)) - raft.server.log.appender.snapshot.chunk.size.max = 16MB (=16777216) (default)
2019-10-19 01:04:26,917 [16805c57-9f45-4377-8998-764a8f26e152@group-FB3B7D7D89E3-LeaderElection10] INFO  server.RaftServerConfigKeys (ConfUtils.java:logGet(43)) - raft.server.log.appender.buffer.byte-limit = 33554432 (custom)
2019-10-19 01:04:26,917 [16805c57-9f45-4377-8998-764a8f26e152@group-FB3B7D7D89E3-LeaderElection10] INFO  server.RaftServerConfigKeys (ConfUtils.java:logGet(43)) - raft.server.log.appender.buffer.element-limit = 1 (custom)
2019-10-19 01:04:26,918 [16805c57-9f45-4377-8998-764a8f26e152@group-FB3B7D7D89E3-LeaderElection10] INFO  grpc.GrpcConfigKeys$Server (ConfUtils.java:logGet(43)) - raft.grpc.server.leader.outstanding.appends.max = 128 (default)
2019-10-19 01:04:26,918 [16805c57-9f45-4377-8998-764a8f26e152@group-FB3B7D7D89E3-LeaderElection10] INFO  server.RaftServerConfigKeys (ConfUtils.java:logGet(43)) - raft.server.rpc.request.timeout = 3000ms (default)
2019-10-19 01:04:26,918 [16805c57-9f45-4377-8998-764a8f26e152@group-FB3B7D7D89E3-LeaderElection10] INFO  server.RaftServerConfigKeys (ConfUtils.java:logGet(43)) - raft.server.log.appender.install.snapshot.enabled = false (custom)
2019-10-19 01:04:26,924 [grpc-default-executor-3] INFO  impl.RaftServerImpl (RaftServerImpl.java:setRole(184)) - a54795b0-6c9c-4137-a866-f82f653c9bf9@group-FB3B7D7D89E3: changes role from  FOLLOWER to FOLLOWER at term 3 for recognizeCandidate:b26a8d60-58dc-431d-8168-f89a9ab35f3a
2019-10-19 01:04:26,926 [grpc-default-executor-3] INFO  impl.RoleInfo (RoleInfo.java:shutdownFollowerState(121)) - a54795b0-6c9c-4137-a866-f82f653c9bf9: shutdown FollowerState
2019-10-19 01:04:26,926 [Thread-350] INFO  impl.FollowerState (FollowerState.java:run(117)) - a54795b0-6c9c-4137-a866-f82f653c9bf9@group-FB3B7D7D89E3-FollowerState was interrupted: java.lang.InterruptedException: sleep interrupted
2019-10-19 01:04:26,926 [grpc-default-executor-3] INFO  impl.RoleInfo (RoleInfo.java:updateAndGet(143)) - a54795b0-6c9c-4137-a866-f82f653c9bf9: start FollowerState
2019-10-19 01:04:26,934 [390d33c4-98c8-495f-9f34-63cdf16532b5@group-EFF8D6679E36-LeaderElection13] INFO  impl.LeaderElection (LeaderElection.java:askForVotes(178)) - 390d33c4-98c8-495f-9f34-63cdf16532b5@group-EFF8D6679E36-LeaderElection13: begin an election at term 1 for -1: [7f3fb33d-9d98-4be4-bfb4-e5618e23eafb:192.168.157.213:46612, 390d33c4-98c8-495f-9f34-63cdf16532b5:192.168.157.213:40184, bd96e850-7fd3-40f8-8499-55f7f41be4fe:192.168.157.213:46800], old=null
2019-10-19 01:04:26,935 [grpc-default-executor-2] INFO  impl.RaftServerProxy (RaftServerProxy.java:addNew(89)) - 64c90977-e867-487c-b50d-c226f2d34a76: addNew group-D48B69A44692:[51276c3c-a3b8-4274-b089-592ff4589f41:192.168.157.213:36639, 64c90977-e867-487c-b50d-c226f2d34a76:192.168.157.213:37433, a1c78c0e-869c-4f76-b4ce-2034448e0b80:192.168.157.213:33501] returns group-D48B69A44692:java.util.concurrent.CompletableFuture@517b8d7b[Not completed]
2019-10-19 01:04:26,935 [grpc-default-executor-4] INFO  impl.RaftServerProxy (RaftServerProxy.java:addNew(89)) - a1c78c0e-869c-4f76-b4ce-2034448e0b80: addNew group-D48B69A44692:[51276c3c-a3b8-4274-b089-592ff4589f41:192.168.157.213:36639, 64c90977-e867-487c-b50d-c226f2d34a76:192.168.157.213:37433, a1c78c0e-869c-4f76-b4ce-2034448e0b80:192.168.157.213:33501] returns group-D48B69A44692:java.util.concurrent.CompletableFuture@107a2cb9[Not completed]
2019-10-19 01:04:26,936 [16805c57-9f45-4377-8998-764a8f26e152@group-FB3B7D7D89E3-LeaderElection10] INFO  impl.RoleInfo (RoleInfo.java:updateAndGet(143)) - 16805c57-9f45-4377-8998-764a8f26e152: start LeaderState
2019-10-19 01:04:26,935 [grpc-default-executor-0] INFO  impl.RaftServerProxy (RaftServerProxy.java:addNew(89)) - 51276c3c-a3b8-4274-b089-592ff4589f41: addNew group-D48B69A44692:[51276c3c-a3b8-4274-b089-592ff4589f41:192.168.157.213:36639, 64c90977-e867-487c-b50d-c226f2d34a76:192.168.157.213:37433, a1c78c0e-869c-4f76-b4ce-2034448e0b80:192.168.157.213:33501] returns group-D48B69A44692:java.util.concurrent.CompletableFuture@338dbc16[Not completed]
2019-10-19 01:04:26,936 [16805c57-9f45-4377-8998-764a8f26e152@group-FB3B7D7D89E3-LeaderElection10] INFO  segmented.SegmentedRaftLogWorker (SegmentedRaftLogWorker.java:startLogSegment(385)) - 16805c57-9f45-4377-8998-764a8f26e152@group-FB3B7D7D89E3-SegmentedRaftLogWorker: Starting segment from index:0
2019-10-19 01:04:26,985 [16805c57-9f45-4377-8998-764a8f26e152@group-FB3B7D7D89E3-LeaderElection10] INFO  impl.RaftServerImpl (ServerState.java:setRaftConf(357)) - 16805c57-9f45-4377-8998-764a8f26e152@group-FB3B7D7D89E3: set configuration 0: [a54795b0-6c9c-4137-a866-f82f653c9bf9:192.168.157.213:43688, b26a8d60-58dc-431d-8168-f89a9ab35f3a:192.168.157.213:35535, 16805c57-9f45-4377-8998-764a8f26e152:192.168.157.213:33728], old=null at 0
2019-10-19 01:04:26,985 [b26a8d60-58dc-431d-8168-f89a9ab35f3a@group-FB3B7D7D89E3-LeaderElection12] INFO  impl.LeaderElection (LeaderElection.java:logAndReturn(56)) - b26a8d60-58dc-431d-8168-f89a9ab35f3a@group-FB3B7D7D89E3-LeaderElection12: Election PASSED; received 1 response(s) [b26a8d60-58dc-431d-8168-f89a9ab35f3a<-a54795b0-6c9c-4137-a866-f82f653c9bf9#0:OK-t3] and 0 exception(s); b26a8d60-58dc-431d-8168-f89a9ab35f3a@group-FB3B7D7D89E3:t3, leader=null, voted=b26a8d60-58dc-431d-8168-f89a9ab35f3a, raftlog=b26a8d60-58dc-431d-8168-f89a9ab35f3a@group-FB3B7D7D89E3-SegmentedRaftLog:OPENED:c-1,f-1,i0, conf=-1: [a54795b0-6c9c-4137-a866-f82f653c9bf9:192.168.157.213:43688, b26a8d60-58dc-431d-8168-f89a9ab35f3a:192.168.157.213:35535, 16805c57-9f45-4377-8998-764a8f26e152:192.168.157.213:33728], old=null
2019-10-19 01:04:26,985 [grpc-default-executor-1] INFO  impl.RaftServerImpl (ServerState.java:setLeader(256)) - 16805c57-9f45-4377-8998-764a8f26e152@group-FB3B7D7D89E3: change Leader from 16805c57-9f45-4377-8998-764a8f26e152 to null at term 3 for updateCurrentTerm
2019-10-19 01:04:26,986 [b26a8d60-58dc-431d-8168-f89a9ab35f3a@group-FB3B7D7D89E3-LeaderElection12] INFO  impl.RoleInfo (RoleInfo.java:shutdownLeaderElection(134)) - b26a8d60-58dc-431d-8168-f89a9ab35f3a: shutdown LeaderElection
2019-10-19 01:04:26,989 [grpc-default-executor-1] INFO  impl.RaftServerImpl (RaftServerImpl.java:setRole(184)) - 16805c57-9f45-4377-8998-764a8f26e152@group-FB3B7D7D89E3: changes role from    LEADER to FOLLOWER at term 3 for recognizeCandidate:b26a8d60-58dc-431d-8168-f89a9ab35f3a
2019-10-19 01:04:26,989 [b26a8d60-58dc-431d-8168-f89a9ab35f3a@group-FB3B7D7D89E3-LeaderElection12] INFO  impl.RaftServerImpl (RaftServerImpl.java:setRole(184)) - b26a8d60-58dc-431d-8168-f89a9ab35f3a@group-FB3B7D7D89E3: changes role from CANDIDATE to LEADER at term 3 for changeToLeader
2019-10-19 01:04:26,989 [grpc-default-executor-1] INFO  impl.RoleInfo (RoleInfo.java:shutdownLeaderState(104)) - 16805c57-9f45-4377-8998-764a8f26e152: shutdown LeaderState
2019-10-19 01:04:26,990 [pool-57-thread-1] INFO  impl.RaftServerImpl (RaftServerImpl.java:<init>(104)) - 51276c3c-a3b8-4274-b089-592ff4589f41: new RaftServerImpl for group-D48B69A44692:[51276c3c-a3b8-4274-b089-592ff4589f41:192.168.157.213:36639, 64c90977-e867-487c-b50d-c226f2d34a76:192.168.157.213:37433, a1c78c0e-869c-4f76-b4ce-2034448e0b80:192.168.157.213:33501] with ContainerStateMachine:uninitialized
2019-10-19 01:04:26,990 [b26a8d60-58dc-431d-8168-f89a9ab35f3a@group-FB3B7D7D89E3-LeaderElection12] INFO  impl.RaftServerImpl (ServerState.java:setLeader(256)) - b26a8d60-58dc-431d-8168-f89a9ab35f3a@group-FB3B7D7D89E3: change Leader from null to b26a8d60-58dc-431d-8168-f89a9ab35f3a at term 3 for becomeLeader, leader elected after 317ms
2019-10-19 01:04:26,990 [b26a8d60-58dc-431d-8168-f89a9ab35f3a@group-FB3B7D7D89E3-LeaderElection12] INFO  server.RaftServerConfigKeys (ConfUtils.java:logGet(43)) - raft.server.staging.catchup.gap = 1000 (default)
2019-10-19 01:04:26,990 [pool-57-thread-1] INFO  server.RaftServerConfigKeys (ConfUtils.java:logGet(43)) - raft.server.rpc.timeout.min = 1s (custom)
2019-10-19 01:04:26,990 [b26a8d60-58dc-431d-8168-f89a9ab35f3a@group-FB3B7D7D89E3-LeaderElection12] INFO  server.RaftServerConfigKeys (ConfUtils.java:logGet(43)) - raft.server.rpc.sleep.time = 25ms (default)
2019-10-19 01:04:26,993 [pool-57-thread-1] INFO  server.RaftServerConfigKeys (ConfUtils.java:logGet(43)) - raft.server.rpc.timeout.max = 1200ms (custom)
2019-10-19 01:04:26,993 [b26a8d60-58dc-431d-8168-f89a9ab35f3a@group-FB3B7D7D89E3-LeaderElection12] INFO  server.RaftServerConfigKeys (ConfUtils.java:logGet(43)) - raft.server.write.element-limit = 4096 (default)
2019-10-19 01:04:26,993 [pool-57-thread-1] INFO  server.RaftServerConfigKeys (ConfUtils.java:logGet(43)) - raft.server.rpcslowness.timeout = 120s (custom)
2019-10-19 01:04:26,994 [b26a8d60-58dc-431d-8168-f89a9ab35f3a@group-FB3B7D7D89E3-LeaderElection12] INFO  server.RaftServerConfigKeys (ConfUtils.java:logGet(43)) - raft.server.watch.timeout = 10s (default)
2019-10-19 01:04:26,994 [pool-57-thread-1] INFO  server.RaftServerConfigKeys (ConfUtils.java:logGet(43)) - raft.server.sleep.deviation.threshold = 300 (default)
2019-10-19 01:04:26,994 [b26a8d60-58dc-431d-8168-f89a9ab35f3a@group-FB3B7D7D89E3-LeaderElection12] INFO  server.RaftServerConfigKeys (ConfUtils.java:logGet(43)) - raft.server.watch.timeout.denomination = 1s (default)
2019-10-19 01:04:26,994 [pool-57-thread-1] INFO  server.RaftServerConfigKeys (ConfUtils.java:logGet(43)) - raft.server.log.appender.install.snapshot.enabled = false (custom)
2019-10-19 01:04:26,994 [b26a8d60-58dc-431d-8168-f89a9ab35f3a@group-FB3B7D7D89E3-LeaderElection12] INFO  server.RaftServerConfigKeys (ConfUtils.java:logGet(43)) - raft.server.watch.element-limit = 65536 (default)
2019-10-19 01:04:26,994 [grpc-default-executor-1] INFO  impl.PendingRequests (PendingRequests.java:sendNotLeaderResponses(202)) - 16805c57-9f45-4377-8998-764a8f26e152@group-FB3B7D7D89E3-PendingRequests: sendNotLeaderResponses
2019-10-19 01:04:26,995 [pool-97-thread-1] INFO  impl.RaftServerImpl (RaftServerImpl.java:<init>(104)) - a1c78c0e-869c-4f76-b4ce-2034448e0b80: new RaftServerImpl for group-D48B69A44692:[51276c3c-a3b8-4274-b089-592ff4589f41:192.168.157.213:36639, 64c90977-e867-487c-b50d-c226f2d34a76:192.168.157.213:37433, a1c78c0e-869c-4f76-b4ce-2034448e0b80:192.168.157.213:33501] with ContainerStateMachine:uninitialized
2019-10-19 01:04:26,994 [pool-57-thread-1] INFO  impl.RaftServerImpl (ServerState.java:<init>(103)) - 51276c3c-a3b8-4274-b089-592ff4589f41@group-D48B69A44692: ConfigurationManager, init=-1: [51276c3c-a3b8-4274-b089-592ff4589f41:192.168.157.213:36639, 64c90977-e867-487c-b50d-c226f2d34a76:192.168.157.213:37433, a1c78c0e-869c-4f76-b4ce-2034448e0b80:192.168.157.213:33501], old=null, confs=<EMPTY_MAP>
2019-10-19 01:04:26,995 [pool-97-thread-1] INFO  server.RaftServerConfigKeys (ConfUtils.java:logGet(43)) - raft.server.rpc.timeout.min = 1s (custom)
2019-10-19 01:04:26,995 [pool-57-thread-1] INFO  server.RaftServerConfigKeys (ConfUtils.java:logGet(43)) - raft.server.storage.dir = [/workdir/hadoop-ozone/integration-test/target/test-dir/MiniOzoneClusterImpl-08d89ad4-f612-48fc-8979-c1cb428f8ac2/datanode-3/data/ratis] (custom)
2019-10-19 01:04:26,995 [pool-97-thread-1] INFO  server.RaftServerConfigKeys (ConfUtils.java:logGet(43)) - raft.server.rpc.timeout.max = 1200ms (custom)
2019-10-19 01:04:26,996 [pool-97-thread-1] INFO  server.RaftServerConfigKeys (ConfUtils.java:logGet(43)) - raft.server.rpcslowness.timeout = 120s (custom)
2019-10-19 01:04:26,996 [pool-27-thread-1] INFO  impl.RaftServerImpl (RaftServerImpl.java:<init>(104)) - 64c90977-e867-487c-b50d-c226f2d34a76: new RaftServerImpl for group-D48B69A44692:[51276c3c-a3b8-4274-b089-592ff4589f41:192.168.157.213:36639, 64c90977-e867-487c-b50d-c226f2d34a76:192.168.157.213:37433, a1c78c0e-869c-4f76-b4ce-2034448e0b80:192.168.157.213:33501] with ContainerStateMachine:uninitialized
2019-10-19 01:04:26,996 [pool-57-thread-1] INFO  server.RaftServerConfigKeys (ConfUtils.java:logGet(43)) - raft.server.log.corruption.policy = EXCEPTION (default)
2019-10-19 01:04:26,996 [pool-27-thread-1] INFO  server.RaftServerConfigKeys (ConfUtils.java:logGet(43)) - raft.server.rpc.timeout.min = 1s (custom)
2019-10-19 01:04:26,996 [pool-57-thread-1] INFO  storage.RaftStorageDirectory (RaftStorageDirectory.java:analyzeStorage(246)) - The storage directory /workdir/hadoop-ozone/integration-test/target/test-dir/MiniOzoneClusterImpl-08d89ad4-f612-48fc-8979-c1cb428f8ac2/datanode-3/data/ratis/9eeb004c-3e42-4c42-8708-d48b69a44692 does not exist. Creating ...
2019-10-19 01:04:26,996 [pool-97-thread-1] INFO  server.RaftServerConfigKeys (ConfUtils.java:logGet(43)) - raft.server.sleep.deviation.threshold = 300 (default)
2019-10-19 01:04:26,999 [390d33c4-98c8-495f-9f34-63cdf16532b5@group-EFF8D6679E36-LeaderElection13] INFO  impl.LeaderElection (LeaderElection.java:logAndReturn(56)) - 390d33c4-98c8-495f-9f34-63cdf16532b5@group-EFF8D6679E36-LeaderElection13: Election TIMEOUT; received 0 response(s) [] and 0 exception(s); 390d33c4-98c8-495f-9f34-63cdf16532b5@group-EFF8D6679E36:t1, leader=null, voted=390d33c4-98c8-495f-9f34-63cdf16532b5, raftlog=390d33c4-98c8-495f-9f34-63cdf16532b5@group-EFF8D6679E36-SegmentedRaftLog:OPENED:c-1,f-1,i0, conf=-1: [7f3fb33d-9d98-4be4-bfb4-e5618e23eafb:192.168.157.213:46612, 390d33c4-98c8-495f-9f34-63cdf16532b5:192.168.157.213:40184, bd96e850-7fd3-40f8-8499-55f7f41be4fe:192.168.157.213:46800], old=null
2019-10-19 01:04:26,999 [16805c57-9f45-4377-8998-764a8f26e152@group-FB3B7D7D89E3-SegmentedRaftLogWorker] INFO  segmented.SegmentedRaftLogWorker (SegmentedRaftLogWorker.java:execute(576)) - 16805c57-9f45-4377-8998-764a8f26e152@group-FB3B7D7D89E3-SegmentedRaftLogWorker: created new log segment /workdir/hadoop-ozone/integration-test/target/test-dir/MiniOzoneClusterImpl-08d89ad4-f612-48fc-8979-c1cb428f8ac2/datanode-6/data/ratis/9b926b7b-8f17-43ce-9976-fb3b7d7d89e3/current/log_inprogress_0
2019-10-19 01:04:26,998 [Thread-368] INFO  impl.FollowerState (FollowerState.java:run(108)) - a54795b0-6c9c-4137-a866-f82f653c9bf9@group-FB3B7D7D89E3-FollowerState: change to CANDIDATE, lastRpcTime:72ms, electionTimeout:69ms
2019-10-19 01:04:26,996 [pool-27-thread-1] INFO  server.RaftServerConfigKeys (ConfUtils.java:logGet(43)) - raft.server.rpc.timeout.max = 1200ms (custom)
2019-10-19 01:04:27,006 [Thread-368] INFO  impl.RoleInfo (RoleInfo.java:shutdownFollowerState(121)) - a54795b0-6c9c-4137-a866-f82f653c9bf9: shutdown FollowerState
2019-10-19 01:04:27,002 [grpc-default-executor-2] INFO  impl.RaftServerImpl (RaftServerImpl.java:setRole(184)) - bd96e850-7fd3-40f8-8499-55f7f41be4fe@group-EFF8D6679E36: changes role from  FOLLOWER to FOLLOWER at term 1 for recognizeCandidate:390d33c4-98c8-495f-9f34-63cdf16532b5
2019-10-19 01:04:26,999 [grpc-default-executor-1] INFO  impl.RoleInfo (RoleInfo.java:updateAndGet(143)) - 16805c57-9f45-4377-8998-764a8f26e152: start FollowerState
2019-10-19 01:04:26,999 [pool-97-thread-1] INFO  server.RaftServerConfigKeys (ConfUtils.java:logGet(43)) - raft.server.log.appender.install.snapshot.enabled = false (custom)
2019-10-19 01:04:27,008 [b26a8d60-58dc-431d-8168-f89a9ab35f3a@group-FB3B7D7D89E3-LeaderElection12] INFO  server.RaftServerConfigKeys (ConfUtils.java:logGet(43)) - raft.server.log.appender.snapshot.chunk.size.max = 16MB (=16777216) (default)
2019-10-19 01:04:27,008 [grpc-default-executor-2] INFO  impl.RoleInfo (RoleInfo.java:shutdownFollowerState(121)) - bd96e850-7fd3-40f8-8499-55f7f41be4fe: shutdown FollowerState
2019-10-19 01:04:27,007 [grpc-default-executor-0] INFO  impl.RaftServerImpl (RaftServerImpl.java:setRole(184)) - 7f3fb33d-9d98-4be4-bfb4-e5618e23eafb@group-EFF8D6679E36: changes role from  FOLLOWER to FOLLOWER at term 1 for recognizeCandidate:390d33c4-98c8-495f-9f34-63cdf16532b5
2019-10-19 01:04:27,006 [Thread-368] INFO  impl.RaftServerImpl (RaftServerImpl.java:setRole(184)) - a54795b0-6c9c-4137-a866-f82f653c9bf9@group-FB3B7D7D89E3: changes role from  FOLLOWER to CANDIDATE at term 3 for changeToCandidate
2019-10-19 01:04:27,006 [pool-27-thread-1] INFO  server.RaftServerConfigKeys (ConfUtils.java:logGet(43)) - raft.server.rpcslowness.timeout = 120s (custom)
2019-10-19 01:04:27,009 [Thread-368] INFO  impl.RoleInfo (RoleInfo.java:updateAndGet(143)) - a54795b0-6c9c-4137-a866-f82f653c9bf9: start LeaderElection
2019-10-19 01:04:27,008 [grpc-default-executor-0] INFO  impl.RoleInfo (RoleInfo.java:shutdownFollowerState(121)) - 7f3fb33d-9d98-4be4-bfb4-e5618e23eafb: shutdown FollowerState
2019-10-19 01:04:27,008 [grpc-default-executor-2] INFO  impl.RoleInfo (RoleInfo.java:updateAndGet(143)) - bd96e850-7fd3-40f8-8499-55f7f41be4fe: start FollowerState
2019-10-19 01:04:27,008 [Thread-359] INFO  impl.FollowerState (FollowerState.java:run(117)) - bd96e850-7fd3-40f8-8499-55f7f41be4fe@group-EFF8D6679E36-FollowerState was interrupted: java.lang.InterruptedException: sleep interrupted
2019-10-19 01:04:27,008 [b26a8d60-58dc-431d-8168-f89a9ab35f3a@group-FB3B7D7D89E3-LeaderElection12] INFO  server.RaftServerConfigKeys (ConfUtils.java:logGet(43)) - raft.server.log.appender.buffer.byte-limit = 33554432 (custom)
2019-10-19 01:04:27,008 [pool-97-thread-1] INFO  impl.RaftServerImpl (ServerState.java:<init>(103)) - a1c78c0e-869c-4f76-b4ce-2034448e0b80@group-D48B69A44692: ConfigurationManager, init=-1: [51276c3c-a3b8-4274-b089-592ff4589f41:192.168.157.213:36639, 64c90977-e867-487c-b50d-c226f2d34a76:192.168.157.213:37433, a1c78c0e-869c-4f76-b4ce-2034448e0b80:192.168.157.213:33501], old=null, confs=<EMPTY_MAP>
2019-10-19 01:04:27,013 [b26a8d60-58dc-431d-8168-f89a9ab35f3a@group-FB3B7D7D89E3-LeaderElection12] INFO  server.RaftServerConfigKeys (ConfUtils.java:logGet(43)) - raft.server.log.appender.buffer.element-limit = 1 (custom)
2019-10-19 01:04:27,013 [pool-97-thread-1] INFO  server.RaftServerConfigKeys (ConfUtils.java:logGet(43)) - raft.server.storage.dir = [/workdir/hadoop-ozone/integration-test/target/test-dir/MiniOzoneClusterImpl-08d89ad4-f612-48fc-8979-c1cb428f8ac2/datanode-7/data/ratis] (custom)
2019-10-19 01:04:27,009 [Thread-357] INFO  impl.FollowerState (FollowerState.java:run(117)) - 7f3fb33d-9d98-4be4-bfb4-e5618e23eafb@group-EFF8D6679E36-FollowerState was interrupted: java.lang.InterruptedException: sleep interrupted
2019-10-19 01:04:27,009 [grpc-default-executor-0] INFO  impl.RoleInfo (RoleInfo.java:updateAndGet(143)) - 7f3fb33d-9d98-4be4-bfb4-e5618e23eafb: start FollowerState
2019-10-19 01:04:27,009 [pool-27-thread-1] INFO  server.RaftServerConfigKeys (ConfUtils.java:logGet(43)) - raft.server.sleep.deviation.threshold = 300 (default)
2019-10-19 01:04:27,021 [pool-97-thread-1] INFO  server.RaftServerConfigKeys (ConfUtils.java:logGet(43)) - raft.server.log.corruption.policy = EXCEPTION (default)
2019-10-19 01:04:27,021 [390d33c4-98c8-495f-9f34-63cdf16532b5@group-EFF8D6679E36-LeaderElection13] INFO  impl.LeaderElection (LeaderElection.java:askForVotes(178)) - 390d33c4-98c8-495f-9f34-63cdf16532b5@group-EFF8D6679E36-LeaderElection13: begin an election at term 2 for -1: [7f3fb33d-9d98-4be4-bfb4-e5618e23eafb:192.168.157.213:46612, 390d33c4-98c8-495f-9f34-63cdf16532b5:192.168.157.213:40184, bd96e850-7fd3-40f8-8499-55f7f41be4fe:192.168.157.213:46800], old=null
2019-10-19 01:04:27,022 [pool-97-thread-1] INFO  storage.RaftStorageDirectory (RaftStorageDirectory.java:analyzeStorage(246)) - The storage directory /workdir/hadoop-ozone/integration-test/target/test-dir/MiniOzoneClusterImpl-08d89ad4-f612-48fc-8979-c1cb428f8ac2/datanode-7/data/ratis/9eeb004c-3e42-4c42-8708-d48b69a44692 does not exist. Creating ...
2019-10-19 01:04:27,021 [pool-57-thread-1] INFO  storage.RaftStorageDirectory (RaftStorageDirectory.java:tryLock(328)) - Lock on /workdir/hadoop-ozone/integration-test/target/test-dir/MiniOzoneClusterImpl-08d89ad4-f612-48fc-8979-c1cb428f8ac2/datanode-3/data/ratis/9eeb004c-3e42-4c42-8708-d48b69a44692/in_use.lock acquired by nodename 939@pr-hdds-2333-xd9jc-2947872914
2019-10-19 01:04:27,014 [b26a8d60-58dc-431d-8168-f89a9ab35f3a@group-FB3B7D7D89E3-LeaderElection12] INFO  grpc.GrpcConfigKeys$Server (ConfUtils.java:logGet(43)) - raft.grpc.server.leader.outstanding.appends.max = 128 (default)
2019-10-19 01:04:27,021 [pool-27-thread-1] INFO  server.RaftServerConfigKeys (ConfUtils.java:logGet(43)) - raft.server.log.appender.install.snapshot.enabled = false (custom)
2019-10-19 01:04:27,022 [b26a8d60-58dc-431d-8168-f89a9ab35f3a@group-FB3B7D7D89E3-LeaderElection12] INFO  server.RaftServerConfigKeys (ConfUtils.java:logGet(43)) - raft.server.rpc.request.timeout = 3000ms (default)
2019-10-19 01:04:27,022 [org.apache.ratis.server.impl.LogAppender$AppenderDaemon$$Lambda$421/1922320946@79560954] WARN  server.GrpcLogAppender (GrpcLogAppender.java:mayWait(149)) - 16805c57-9f45-4377-8998-764a8f26e152@group-FB3B7D7D89E3->b26a8d60-58dc-431d-8168-f89a9ab35f3a-GrpcLogAppender: Wait interrupted by java.lang.InterruptedException
2019-10-19 01:04:27,022 [org.apache.ratis.server.impl.LogAppender$AppenderDaemon$$Lambda$421/1922320946@4e819f42] WARN  server.GrpcLogAppender (GrpcLogAppender.java:mayWait(149)) - 16805c57-9f45-4377-8998-764a8f26e152@group-FB3B7D7D89E3->a54795b0-6c9c-4137-a866-f82f653c9bf9-GrpcLogAppender: Wait interrupted by java.lang.InterruptedException
2019-10-19 01:04:27,024 [b26a8d60-58dc-431d-8168-f89a9ab35f3a@group-FB3B7D7D89E3-LeaderElection12] INFO  server.RaftServerConfigKeys (ConfUtils.java:logGet(43)) - raft.server.log.appender.install.snapshot.enabled = false (custom)
2019-10-19 01:04:27,024 [pool-27-thread-1] INFO  impl.RaftServerImpl (ServerState.java:<init>(103)) - 64c90977-e867-487c-b50d-c226f2d34a76@group-D48B69A44692: ConfigurationManager, init=-1: [51276c3c-a3b8-4274-b089-592ff4589f41:192.168.157.213:36639, 64c90977-e867-487c-b50d-c226f2d34a76:192.168.157.213:37433, a1c78c0e-869c-4f76-b4ce-2034448e0b80:192.168.157.213:33501], old=null, confs=<EMPTY_MAP>
2019-10-19 01:04:27,025 [pool-27-thread-1] INFO  server.RaftServerConfigKeys (ConfUtils.java:logGet(43)) - raft.server.storage.dir = [/workdir/hadoop-ozone/integration-test/target/test-dir/MiniOzoneClusterImpl-08d89ad4-f612-48fc-8979-c1cb428f8ac2/datanode-0/data/ratis] (custom)
2019-10-19 01:04:27,025 [pool-27-thread-1] INFO  server.RaftServerConfigKeys (ConfUtils.java:logGet(43)) - raft.server.log.corruption.policy = EXCEPTION (default)
2019-10-19 01:04:27,027 [pool-27-thread-1] INFO  storage.RaftStorageDirectory (RaftStorageDirectory.java:analyzeStorage(246)) - The storage directory /workdir/hadoop-ozone/integration-test/target/test-dir/MiniOzoneClusterImpl-08d89ad4-f612-48fc-8979-c1cb428f8ac2/datanode-0/data/ratis/9eeb004c-3e42-4c42-8708-d48b69a44692 does not exist. Creating ...
2019-10-19 01:04:27,033 [b26a8d60-58dc-431d-8168-f89a9ab35f3a@group-FB3B7D7D89E3-LeaderElection12] INFO  server.RaftServerConfigKeys (ConfUtils.java:logGet(43)) - raft.server.log.appender.snapshot.chunk.size.max = 16MB (=16777216) (default)
2019-10-19 01:04:27,034 [b26a8d60-58dc-431d-8168-f89a9ab35f3a@group-FB3B7D7D89E3-LeaderElection12] INFO  server.RaftServerConfigKeys (ConfUtils.java:logGet(43)) - raft.server.log.appender.buffer.byte-limit = 33554432 (custom)
2019-10-19 01:04:27,034 [b26a8d60-58dc-431d-8168-f89a9ab35f3a@group-FB3B7D7D89E3-LeaderElection12] INFO  server.RaftServerConfigKeys (ConfUtils.java:logGet(43)) - raft.server.log.appender.buffer.element-limit = 1 (custom)
2019-10-19 01:04:27,034 [b26a8d60-58dc-431d-8168-f89a9ab35f3a@group-FB3B7D7D89E3-LeaderElection12] INFO  grpc.GrpcConfigKeys$Server (ConfUtils.java:logGet(43)) - raft.grpc.server.leader.outstanding.appends.max = 128 (default)
2019-10-19 01:04:27,034 [b26a8d60-58dc-431d-8168-f89a9ab35f3a@group-FB3B7D7D89E3-LeaderElection12] INFO  server.RaftServerConfigKeys (ConfUtils.java:logGet(43)) - raft.server.rpc.request.timeout = 3000ms (default)
2019-10-19 01:04:27,034 [b26a8d60-58dc-431d-8168-f89a9ab35f3a@group-FB3B7D7D89E3-LeaderElection12] INFO  server.RaftServerConfigKeys (ConfUtils.java:logGet(43)) - raft.server.log.appender.install.snapshot.enabled = false (custom)
2019-10-19 01:04:27,034 [pool-27-thread-1] INFO  storage.RaftStorageDirectory (RaftStorageDirectory.java:tryLock(328)) - Lock on /workdir/hadoop-ozone/integration-test/target/test-dir/MiniOzoneClusterImpl-08d89ad4-f612-48fc-8979-c1cb428f8ac2/datanode-0/data/ratis/9eeb004c-3e42-4c42-8708-d48b69a44692/in_use.lock acquired by nodename 939@pr-hdds-2333-xd9jc-2947872914
2019-10-19 01:04:27,035 [pool-97-thread-1] INFO  storage.RaftStorageDirectory (RaftStorageDirectory.java:tryLock(328)) - Lock on /workdir/hadoop-ozone/integration-test/target/test-dir/MiniOzoneClusterImpl-08d89ad4-f612-48fc-8979-c1cb428f8ac2/datanode-7/data/ratis/9eeb004c-3e42-4c42-8708-d48b69a44692/in_use.lock acquired by nodename 939@pr-hdds-2333-xd9jc-2947872914
2019-10-19 01:04:27,036 [pool-57-thread-1] INFO  storage.RaftStorage (RaftStorage.java:format(84)) - Storage directory /workdir/hadoop-ozone/integration-test/target/test-dir/MiniOzoneClusterImpl-08d89ad4-f612-48fc-8979-c1cb428f8ac2/datanode-3/data/ratis/9eeb004c-3e42-4c42-8708-d48b69a44692 has been successfully formatted.
2019-10-19 01:04:27,036 [grpc-default-executor-4] INFO  impl.RaftServerImpl (RaftServerImpl.java:setRole(184)) - bd96e850-7fd3-40f8-8499-55f7f41be4fe@group-EFF8D6679E36: changes role from  FOLLOWER to FOLLOWER at term 2 for recognizeCandidate:390d33c4-98c8-495f-9f34-63cdf16532b5
2019-10-19 01:04:27,043 [a54795b0-6c9c-4137-a866-f82f653c9bf9@group-FB3B7D7D89E3-LeaderElection14] INFO  impl.LeaderElection (LeaderElection.java:askForVotes(178)) - a54795b0-6c9c-4137-a866-f82f653c9bf9@group-FB3B7D7D89E3-LeaderElection14: begin an election at term 4 for -1: [a54795b0-6c9c-4137-a866-f82f653c9bf9:192.168.157.213:43688, b26a8d60-58dc-431d-8168-f89a9ab35f3a:192.168.157.213:35535, 16805c57-9f45-4377-8998-764a8f26e152:192.168.157.213:33728], old=null
2019-10-19 01:04:27,036 [grpc-default-executor-3] INFO  server.GrpcServerProtocolService (GrpcServerProtocolService.java:onCompleted(113)) - a54795b0-6c9c-4137-a866-f82f653c9bf9: Completed APPEND_ENTRIES, lastRequest: null
2019-10-19 01:04:27,045 [grpc-default-executor-5] INFO  impl.RaftServerImpl (RaftServerImpl.java:setRole(184)) - 7f3fb33d-9d98-4be4-bfb4-e5618e23eafb@group-EFF8D6679E36: changes role from  FOLLOWER to FOLLOWER at term 2 for recognizeCandidate:390d33c4-98c8-495f-9f34-63cdf16532b5
2019-10-19 01:04:27,036 [grpc-default-executor-1] INFO  server.GrpcServerProtocolService (GrpcServerProtocolService.java:onCompleted(113)) - b26a8d60-58dc-431d-8168-f89a9ab35f3a: Completed APPEND_ENTRIES, lastRequest: null
2019-10-19 01:04:27,045 [grpc-default-executor-5] INFO  impl.RoleInfo (RoleInfo.java:shutdownFollowerState(121)) - 7f3fb33d-9d98-4be4-bfb4-e5618e23eafb: shutdown FollowerState
2019-10-19 01:04:27,043 [pool-57-thread-1] INFO  ratis.ContainerStateMachine (ContainerStateMachine.java:loadSnapshot(231)) - group-D48B69A44692: The snapshot info is null. Setting the last applied indexto:(t:0, i:~)
2019-10-19 01:04:27,043 [grpc-default-executor-4] INFO  impl.RoleInfo (RoleInfo.java:shutdownFollowerState(121)) - bd96e850-7fd3-40f8-8499-55f7f41be4fe: shutdown FollowerState
2019-10-19 01:04:27,048 [pool-57-thread-1] INFO  server.RaftServerConfigKeys (ConfUtils.java:logGet(43)) - raft.server.notification.no-leader.timeout = 120s (custom)
2019-10-19 01:04:27,047 [Thread-375] INFO  impl.FollowerState (FollowerState.java:run(117)) - 7f3fb33d-9d98-4be4-bfb4-e5618e23eafb@group-EFF8D6679E36-FollowerState was interrupted: java.lang.InterruptedException: sleep interrupted
2019-10-19 01:04:27,048 [pool-57-thread-1] INFO  server.RaftServerConfigKeys (ConfUtils.java:logGet(43)) - raft.server.log.use.memory = false (default)
2019-10-19 01:04:27,050 [grpc-default-executor-3] INFO  server.GrpcLogAppender (GrpcLogAppender.java:onCompleted(308)) - 16805c57-9f45-4377-8998-764a8f26e152@group-FB3B7D7D89E3->a54795b0-6c9c-4137-a866-f82f653c9bf9-AppendLogResponseHandler: follower responses appendEntries COMPLETED
2019-10-19 01:04:27,050 [pool-57-thread-1] INFO  server.RaftServerConfigKeys (ConfUtils.java:logGet(43)) - raft.server.log.purge.gap = 1000000 (custom)
2019-10-19 01:04:27,057 [pool-57-thread-1] INFO  server.RaftServerConfigKeys (ConfUtils.java:logGet(43)) - raft.server.log.appender.buffer.byte-limit = 33554432 (custom)
2019-10-19 01:04:27,057 [pool-57-thread-1] INFO  server.RaftServerConfigKeys (ConfUtils.java:logGet(43)) - raft.server.log.segment.size.max = 1048576 (custom)
2019-10-19 01:04:27,058 [pool-57-thread-1] INFO  server.RaftServerConfigKeys (ConfUtils.java:logGet(43)) - raft.server.log.segment.cache.num.max = 2 (custom)
2019-10-19 01:04:27,058 [pool-57-thread-1] INFO  segmented.SegmentedRaftLogWorker (SegmentedRaftLogWorker.java:<init>(173)) - new 51276c3c-a3b8-4274-b089-592ff4589f41@group-D48B69A44692-SegmentedRaftLogWorker for RaftStorage:Storage Directory /workdir/hadoop-ozone/integration-test/target/test-dir/MiniOzoneClusterImpl-08d89ad4-f612-48fc-8979-c1cb428f8ac2/datanode-3/data/ratis/9eeb004c-3e42-4c42-8708-d48b69a44692
2019-10-19 01:04:27,048 [Thread-373] INFO  impl.FollowerState (FollowerState.java:run(117)) - bd96e850-7fd3-40f8-8499-55f7f41be4fe@group-EFF8D6679E36-FollowerState was interrupted: java.lang.InterruptedException: sleep interrupted
2019-10-19 01:04:27,048 [grpc-default-executor-4] INFO  impl.RoleInfo (RoleInfo.java:updateAndGet(143)) - bd96e850-7fd3-40f8-8499-55f7f41be4fe: start FollowerState
2019-10-19 01:04:27,048 [grpc-default-executor-5] INFO  impl.RoleInfo (RoleInfo.java:updateAndGet(143)) - 7f3fb33d-9d98-4be4-bfb4-e5618e23eafb: start FollowerState
2019-10-19 01:04:27,058 [pool-57-thread-1] INFO  server.RaftServerConfigKeys (ConfUtils.java:logGet(43)) - raft.server.log.queue.byte-limit = 2147483647 (custom)
2019-10-19 01:04:27,057 [grpc-default-executor-2] INFO  server.GrpcLogAppender (GrpcLogAppender.java:onCompleted(308)) - 16805c57-9f45-4377-8998-764a8f26e152@group-FB3B7D7D89E3->b26a8d60-58dc-431d-8168-f89a9ab35f3a-AppendLogResponseHandler: follower responses appendEntries COMPLETED
2019-10-19 01:04:27,059 [b26a8d60-58dc-431d-8168-f89a9ab35f3a@group-FB3B7D7D89E3-LeaderElection12] INFO  impl.RoleInfo (RoleInfo.java:updateAndGet(143)) - b26a8d60-58dc-431d-8168-f89a9ab35f3a: start LeaderState
2019-10-19 01:04:27,059 [pool-57-thread-1] INFO  server.RaftServerConfigKeys (ConfUtils.java:logGet(43)) - raft.server.log.queue.element-limit = 1024 (custom)
2019-10-19 01:04:27,059 [pool-57-thread-1] INFO  server.RaftServerConfigKeys (ConfUtils.java:logGet(43)) - raft.server.log.segment.size.max = 1048576 (custom)
2019-10-19 01:04:27,059 [b26a8d60-58dc-431d-8168-f89a9ab35f3a@group-FB3B7D7D89E3-LeaderElection12] INFO  segmented.SegmentedRaftLogWorker (SegmentedRaftLogWorker.java:startLogSegment(385)) - b26a8d60-58dc-431d-8168-f89a9ab35f3a@group-FB3B7D7D89E3-SegmentedRaftLogWorker: Starting segment from index:0
2019-10-19 01:04:27,059 [pool-57-thread-1] INFO  server.RaftServerConfigKeys (ConfUtils.java:logGet(43)) - raft.server.log.preallocated.size = 16384 (custom)
2019-10-19 01:04:27,060 [pool-57-thread-1] INFO  server.RaftServerConfigKeys (ConfUtils.java:logGet(43)) - raft.server.log.write.buffer.size = 33554432 (custom)
2019-10-19 01:04:27,060 [pool-57-thread-1] INFO  server.RaftServerConfigKeys (ConfUtils.java:logGet(43)) - raft.server.log.force.sync.num = 128 (default)
2019-10-19 01:04:27,060 [pool-57-thread-1] INFO  server.RaftServerConfigKeys (ConfUtils.java:logGet(43)) - raft.server.log.statemachine.data.sync = true (default)
2019-10-19 01:04:27,060 [pool-57-thread-1] INFO  server.RaftServerConfigKeys (ConfUtils.java:logGet(43)) - raft.server.log.statemachine.data.sync.timeout = 10s (default)
2019-10-19 01:04:27,060 [grpc-default-executor-3] INFO  impl.FollowerInfo (FollowerInfo.java:lambda$new$0(51)) - 16805c57-9f45-4377-8998-764a8f26e152@group-FB3B7D7D89E3->a54795b0-6c9c-4137-a866-f82f653c9bf9: nextIndex: updateUnconditionally 0 -> 0
2019-10-19 01:04:27,061 [pool-57-thread-1] INFO  server.RaftServerConfigKeys (ConfUtils.java:logGet(43)) - raft.server.log.statemachine.data.sync.timeout.retry = -1 (default)
2019-10-19 01:04:27,062 [pool-57-thread-1] INFO  server.RaftServerConfigKeys (ConfUtils.java:logGet(43)) - raft.server.log.statemachine.data.caching.enabled = true (custom)
2019-10-19 01:04:27,108 [pool-27-thread-1] INFO  storage.RaftStorage (RaftStorage.java:format(84)) - Storage directory /workdir/hadoop-ozone/integration-test/target/test-dir/MiniOzoneClusterImpl-08d89ad4-f612-48fc-8979-c1cb428f8ac2/datanode-0/data/ratis/9eeb004c-3e42-4c42-8708-d48b69a44692 has been successfully formatted.
2019-10-19 01:04:27,108 [pool-97-thread-1] INFO  storage.RaftStorage (RaftStorage.java:format(84)) - Storage directory /workdir/hadoop-ozone/integration-test/target/test-dir/MiniOzoneClusterImpl-08d89ad4-f612-48fc-8979-c1cb428f8ac2/datanode-7/data/ratis/9eeb004c-3e42-4c42-8708-d48b69a44692 has been successfully formatted.
2019-10-19 01:04:27,110 [Thread-383] INFO  impl.FollowerState (FollowerState.java:run(108)) - bd96e850-7fd3-40f8-8499-55f7f41be4fe@group-EFF8D6679E36-FollowerState: change to CANDIDATE, lastRpcTime:62ms, electionTimeout:41ms
2019-10-19 01:04:27,108 [pool-27-thread-1] INFO  ratis.ContainerStateMachine (ContainerStateMachine.java:loadSnapshot(231)) - group-D48B69A44692: The snapshot info is null. Setting the last applied indexto:(t:0, i:~)
2019-10-19 01:04:27,111 [pool-97-thread-1] INFO  ratis.ContainerStateMachine (ContainerStateMachine.java:loadSnapshot(231)) - group-D48B69A44692: The snapshot info is null. Setting the last applied indexto:(t:0, i:~)
2019-10-19 01:04:27,108 [pool-57-thread-1] INFO  segmented.SegmentedRaftLogWorker (SegmentedRaftLogWorker.java:lambda$new$0(128)) - 51276c3c-a3b8-4274-b089-592ff4589f41@group-D48B69A44692-SegmentedRaftLogWorker: flushIndex: setUnconditionally 0 -> -1
2019-10-19 01:04:27,115 [Thread-383] INFO  impl.RoleInfo (RoleInfo.java:shutdownFollowerState(121)) - bd96e850-7fd3-40f8-8499-55f7f41be4fe: shutdown FollowerState
2019-10-19 01:04:27,108 [b26a8d60-58dc-431d-8168-f89a9ab35f3a@group-FB3B7D7D89E3-LeaderElection12] INFO  impl.RaftServerImpl (ServerState.java:setRaftConf(357)) - b26a8d60-58dc-431d-8168-f89a9ab35f3a@group-FB3B7D7D89E3: set configuration 0: [a54795b0-6c9c-4137-a866-f82f653c9bf9:192.168.157.213:43688, b26a8d60-58dc-431d-8168-f89a9ab35f3a:192.168.157.213:35535, 16805c57-9f45-4377-8998-764a8f26e152:192.168.157.213:33728], old=null at 0
2019-10-19 01:04:27,116 [pool-57-thread-1] INFO  server.RaftServerConfigKeys (ConfUtils.java:logGet(43)) - raft.server.snapshot.auto.trigger.enabled = true (custom)
2019-10-19 01:04:27,115 [Thread-383] INFO  impl.RaftServerImpl (RaftServerImpl.java:setRole(184)) - bd96e850-7fd3-40f8-8499-55f7f41be4fe@group-EFF8D6679E36: changes role from  FOLLOWER to CANDIDATE at term 2 for changeToCandidate
2019-10-19 01:04:27,115 [pool-97-thread-1] INFO  server.RaftServerConfigKeys (ConfUtils.java:logGet(43)) - raft.server.notification.no-leader.timeout = 120s (custom)
2019-10-19 01:04:27,111 [pool-27-thread-1] INFO  server.RaftServerConfigKeys (ConfUtils.java:logGet(43)) - raft.server.notification.no-leader.timeout = 120s (custom)
2019-10-19 01:04:27,119 [pool-97-thread-1] INFO  server.RaftServerConfigKeys (ConfUtils.java:logGet(43)) - raft.server.log.use.memory = false (default)
2019-10-19 01:04:27,119 [Thread-383] INFO  impl.RoleInfo (RoleInfo.java:updateAndGet(143)) - bd96e850-7fd3-40f8-8499-55f7f41be4fe: start LeaderElection
2019-10-19 01:04:27,120 [390d33c4-98c8-495f-9f34-63cdf16532b5@group-EFF8D6679E36-LeaderElection13] INFO  impl.LeaderElection (LeaderElection.java:logAndReturn(56)) - 390d33c4-98c8-495f-9f34-63cdf16532b5@group-EFF8D6679E36-LeaderElection13: Election PASSED; received 1 response(s) [390d33c4-98c8-495f-9f34-63cdf16532b5<-bd96e850-7fd3-40f8-8499-55f7f41be4fe#0:OK-t2] and 0 exception(s); 390d33c4-98c8-495f-9f34-63cdf16532b5@group-EFF8D6679E36:t2, leader=null, voted=390d33c4-98c8-495f-9f34-63cdf16532b5, raftlog=390d33c4-98c8-495f-9f34-63cdf16532b5@group-EFF8D6679E36-SegmentedRaftLog:OPENED:c-1,f-1,i0, conf=-1: [7f3fb33d-9d98-4be4-bfb4-e5618e23eafb:192.168.157.213:46612, 390d33c4-98c8-495f-9f34-63cdf16532b5:192.168.157.213:40184, bd96e850-7fd3-40f8-8499-55f7f41be4fe:192.168.157.213:46800], old=null
2019-10-19 01:04:27,119 [pool-57-thread-1] INFO  server.RaftServerConfigKeys (ConfUtils.java:logGet(43)) - raft.server.snapshot.auto.trigger.threshold = 10000 (custom)
2019-10-19 01:04:27,116 [grpc-default-executor-2] INFO  impl.FollowerInfo (FollowerInfo.java:lambda$new$0(51)) - 16805c57-9f45-4377-8998-764a8f26e152@group-FB3B7D7D89E3->b26a8d60-58dc-431d-8168-f89a9ab35f3a: nextIndex: updateUnconditionally 0 -> 0
2019-10-19 01:04:27,122 [pool-57-thread-1] INFO  server.RaftServerConfigKeys (ConfUtils.java:logGet(43)) - raft.server.snapshot.retention.file.num = 5 (custom)
2019-10-19 01:04:27,122 [390d33c4-98c8-495f-9f34-63cdf16532b5@group-EFF8D6679E36-LeaderElection13] INFO  impl.RoleInfo (RoleInfo.java:shutdownLeaderElection(134)) - 390d33c4-98c8-495f-9f34-63cdf16532b5: shutdown LeaderElection
2019-10-19 01:04:27,119 [pool-97-thread-1] INFO  server.RaftServerConfigKeys (ConfUtils.java:logGet(43)) - raft.server.log.purge.gap = 1000000 (custom)
2019-10-19 01:04:27,119 [pool-27-thread-1] INFO  server.RaftServerConfigKeys (ConfUtils.java:logGet(43)) - raft.server.log.use.memory = false (default)
2019-10-19 01:04:27,128 [pool-97-thread-1] INFO  server.RaftServerConfigKeys (ConfUtils.java:logGet(43)) - raft.server.log.appender.buffer.byte-limit = 33554432 (custom)
2019-10-19 01:04:27,128 [grpc-default-executor-2] INFO  impl.RaftServerImpl (ServerState.java:setLeader(256)) - b26a8d60-58dc-431d-8168-f89a9ab35f3a@group-FB3B7D7D89E3: change Leader from b26a8d60-58dc-431d-8168-f89a9ab35f3a to null at term 4 for updateCurrentTerm
2019-10-19 01:04:27,128 [390d33c4-98c8-495f-9f34-63cdf16532b5@group-EFF8D6679E36-LeaderElection13] INFO  impl.RaftServerImpl (RaftServerImpl.java:setRole(184)) - 390d33c4-98c8-495f-9f34-63cdf16532b5@group-EFF8D6679E36: changes role from CANDIDATE to LEADER at term 2 for changeToLeader
2019-10-19 01:04:27,135 [390d33c4-98c8-495f-9f34-63cdf16532b5@group-EFF8D6679E36-LeaderElection13] INFO  impl.RaftServerImpl (ServerState.java:setLeader(256)) - 390d33c4-98c8-495f-9f34-63cdf16532b5@group-EFF8D6679E36: change Leader from null to 390d33c4-98c8-495f-9f34-63cdf16532b5 at term 2 for becomeLeader, leader elected after 268ms
2019-10-19 01:04:27,128 [pool-57-thread-1] INFO  server.RaftServerConfigKeys (ConfUtils.java:logGet(43)) - raft.server.retrycache.expirytime = 600000ms (custom)
2019-10-19 01:04:27,128 [a54795b0-6c9c-4137-a866-f82f653c9bf9@group-FB3B7D7D89E3-LeaderElection14] INFO  impl.LeaderElection (LeaderElection.java:logAndReturn(56)) - a54795b0-6c9c-4137-a866-f82f653c9bf9@group-FB3B7D7D89E3-LeaderElection14: Election TIMEOUT; received 0 response(s) [] and 0 exception(s); a54795b0-6c9c-4137-a866-f82f653c9bf9@group-FB3B7D7D89E3:t4, leader=null, voted=a54795b0-6c9c-4137-a866-f82f653c9bf9, raftlog=a54795b0-6c9c-4137-a866-f82f653c9bf9@group-FB3B7D7D89E3-SegmentedRaftLog:OPENED:c-1,f-1,i0, conf=-1: [a54795b0-6c9c-4137-a866-f82f653c9bf9:192.168.157.213:43688, b26a8d60-58dc-431d-8168-f89a9ab35f3a:192.168.157.213:35535, 16805c57-9f45-4377-8998-764a8f26e152:192.168.157.213:33728], old=null
2019-10-19 01:04:27,136 [390d33c4-98c8-495f-9f34-63cdf16532b5@group-EFF8D6679E36-LeaderElection13] INFO  server.RaftServerConfigKeys (ConfUtils.java:logGet(43)) - raft.server.staging.catchup.gap = 1000 (default)
2019-10-19 01:04:27,135 [b26a8d60-58dc-431d-8168-f89a9ab35f3a@group-FB3B7D7D89E3-SegmentedRaftLogWorker] INFO  segmented.SegmentedRaftLogWorker (SegmentedRaftLogWorker.java:execute(576)) - b26a8d60-58dc-431d-8168-f89a9ab35f3a@group-FB3B7D7D89E3-SegmentedRaftLogWorker: created new log segment /workdir/hadoop-ozone/integration-test/target/test-dir/MiniOzoneClusterImpl-08d89ad4-f612-48fc-8979-c1cb428f8ac2/datanode-9/data/ratis/9b926b7b-8f17-43ce-9976-fb3b7d7d89e3/current/log_inprogress_0
2019-10-19 01:04:27,129 [grpc-default-executor-2] INFO  impl.RaftServerImpl (RaftServerImpl.java:setRole(184)) - b26a8d60-58dc-431d-8168-f89a9ab35f3a@group-FB3B7D7D89E3: changes role from    LEADER to FOLLOWER at term 4 for recognizeCandidate:a54795b0-6c9c-4137-a866-f82f653c9bf9
2019-10-19 01:04:27,129 [pool-97-thread-1] INFO  server.RaftServerConfigKeys (ConfUtils.java:logGet(43)) - raft.server.log.segment.size.max = 1048576 (custom)
2019-10-19 01:04:27,129 [pool-27-thread-1] INFO  server.RaftServerConfigKeys (ConfUtils.java:logGet(43)) - raft.server.log.purge.gap = 1000000 (custom)
2019-10-19 01:04:27,141 [pool-97-thread-1] INFO  server.RaftServerConfigKeys (ConfUtils.java:logGet(43)) - raft.server.log.segment.cache.num.max = 2 (custom)
2019-10-19 01:04:27,138 [grpc-default-executor-2] INFO  impl.RoleInfo (RoleInfo.java:shutdownLeaderState(104)) - b26a8d60-58dc-431d-8168-f89a9ab35f3a: shutdown LeaderState
2019-10-19 01:04:27,138 [bd96e850-7fd3-40f8-8499-55f7f41be4fe@group-EFF8D6679E36-LeaderElection15] INFO  impl.LeaderElection (LeaderElection.java:askForVotes(178)) - bd96e850-7fd3-40f8-8499-55f7f41be4fe@group-EFF8D6679E36-LeaderElection15: begin an election at term 3 for -1: [7f3fb33d-9d98-4be4-bfb4-e5618e23eafb:192.168.157.213:46612, 390d33c4-98c8-495f-9f34-63cdf16532b5:192.168.157.213:40184, bd96e850-7fd3-40f8-8499-55f7f41be4fe:192.168.157.213:46800], old=null
2019-10-19 01:04:27,136 [390d33c4-98c8-495f-9f34-63cdf16532b5@group-EFF8D6679E36-LeaderElection13] INFO  server.RaftServerConfigKeys (ConfUtils.java:logGet(43)) - raft.server.rpc.sleep.time = 25ms (default)
2019-10-19 01:04:27,141 [pool-97-thread-1] INFO  segmented.SegmentedRaftLogWorker (SegmentedRaftLogWorker.java:<init>(173)) - new a1c78c0e-869c-4f76-b4ce-2034448e0b80@group-D48B69A44692-SegmentedRaftLogWorker for RaftStorage:Storage Directory /workdir/hadoop-ozone/integration-test/target/test-dir/MiniOzoneClusterImpl-08d89ad4-f612-48fc-8979-c1cb428f8ac2/datanode-7/data/ratis/9eeb004c-3e42-4c42-8708-d48b69a44692
2019-10-19 01:04:27,141 [pool-27-thread-1] INFO  server.RaftServerConfigKeys (ConfUtils.java:logGet(43)) - raft.server.log.appender.buffer.byte-limit = 33554432 (custom)
2019-10-19 01:04:27,147 [390d33c4-98c8-495f-9f34-63cdf16532b5@group-EFF8D6679E36-LeaderElection13] INFO  server.RaftServerConfigKeys (ConfUtils.java:logGet(43)) - raft.server.write.element-limit = 4096 (default)
2019-10-19 01:04:27,146 [pool-97-thread-1] INFO  server.RaftServerConfigKeys (ConfUtils.java:logGet(43)) - raft.server.log.queue.byte-limit = 2147483647 (custom)
2019-10-19 01:04:27,144 [grpc-default-executor-5] INFO  impl.RaftServerImpl (RaftServerImpl.java:setRole(184)) - 16805c57-9f45-4377-8998-764a8f26e152@group-FB3B7D7D89E3: changes role from  FOLLOWER to FOLLOWER at term 4 for recognizeCandidate:a54795b0-6c9c-4137-a866-f82f653c9bf9
2019-10-19 01:04:27,147 [pool-57-thread-1] INFO  impl.RaftServerImpl (RaftServerImpl.java:start(195)) - 51276c3c-a3b8-4274-b089-592ff4589f41@group-D48B69A44692: start as a follower, conf=-1: [51276c3c-a3b8-4274-b089-592ff4589f41:192.168.157.213:36639, 64c90977-e867-487c-b50d-c226f2d34a76:192.168.157.213:37433, a1c78c0e-869c-4f76-b4ce-2034448e0b80:192.168.157.213:33501], old=null
2019-10-19 01:04:27,147 [pool-57-thread-1] INFO  impl.RaftServerImpl (RaftServerImpl.java:setRole(184)) - 51276c3c-a3b8-4274-b089-592ff4589f41@group-D48B69A44692: changes role from      null to FOLLOWER at term 0 for startAsFollower
2019-10-19 01:04:27,144 [org.apache.ratis.server.impl.LogAppender$AppenderDaemon$$Lambda$421/1922320946@753855f0] WARN  server.GrpcLogAppender (GrpcLogAppender.java:mayWait(149)) - b26a8d60-58dc-431d-8168-f89a9ab35f3a@group-FB3B7D7D89E3->a54795b0-6c9c-4137-a866-f82f653c9bf9-GrpcLogAppender: Wait interrupted by java.lang.InterruptedException
2019-10-19 01:04:27,144 [grpc-default-executor-2] INFO  impl.PendingRequests (PendingRequests.java:sendNotLeaderResponses(202)) - b26a8d60-58dc-431d-8168-f89a9ab35f3a@group-FB3B7D7D89E3-PendingRequests: sendNotLeaderResponses
2019-10-19 01:04:27,144 [org.apache.ratis.server.impl.LogAppender$AppenderDaemon$$Lambda$421/1922320946@4407678a] WARN  server.GrpcLogAppender (GrpcLogAppender.java:mayWait(149)) - b26a8d60-58dc-431d-8168-f89a9ab35f3a@group-FB3B7D7D89E3->16805c57-9f45-4377-8998-764a8f26e152-GrpcLogAppender: Wait interrupted by java.lang.InterruptedException
2019-10-19 01:04:27,149 [pool-57-thread-1] INFO  impl.RoleInfo (RoleInfo.java:updateAndGet(143)) - 51276c3c-a3b8-4274-b089-592ff4589f41: start FollowerState
2019-10-19 01:04:27,147 [grpc-default-executor-5] INFO  impl.RoleInfo (RoleInfo.java:shutdownFollowerState(121)) - 16805c57-9f45-4377-8998-764a8f26e152: shutdown FollowerState
2019-10-19 01:04:27,147 [pool-97-thread-1] INFO  server.RaftServerConfigKeys (ConfUtils.java:logGet(43)) - raft.server.log.queue.element-limit = 1024 (custom)
2019-10-19 01:04:27,147 [390d33c4-98c8-495f-9f34-63cdf16532b5@group-EFF8D6679E36-LeaderElection13] INFO  server.RaftServerConfigKeys (ConfUtils.java:logGet(43)) - raft.server.watch.timeout = 10s (default)
2019-10-19 01:04:27,147 [pool-27-thread-1] INFO  server.RaftServerConfigKeys (ConfUtils.java:logGet(43)) - raft.server.log.segment.size.max = 1048576 (custom)
2019-10-19 01:04:27,150 [390d33c4-98c8-495f-9f34-63cdf16532b5@group-EFF8D6679E36-LeaderElection13] INFO  server.RaftServerConfigKeys (ConfUtils.java:logGet(43)) - raft.server.watch.timeout.denomination = 1s (default)
2019-10-19 01:04:27,149 [pool-97-thread-1] INFO  server.RaftServerConfigKeys (ConfUtils.java:logGet(43)) - raft.server.log.segment.size.max = 1048576 (custom)
2019-10-19 01:04:27,149 [grpc-default-executor-5] INFO  impl.RoleInfo (RoleInfo.java:updateAndGet(143)) - 16805c57-9f45-4377-8998-764a8f26e152: start FollowerState
2019-10-19 01:04:27,149 [Thread-372] INFO  impl.FollowerState (FollowerState.java:run(117)) - 16805c57-9f45-4377-8998-764a8f26e152@group-FB3B7D7D89E3-FollowerState was interrupted: java.lang.InterruptedException: sleep interrupted
2019-10-19 01:04:27,149 [pool-57-thread-1] INFO  util.JmxRegister (JmxRegister.java:tryRegister(44)) - Successfully registered JMX Bean with object name Ratis:service=RaftServer,group=group-D48B69A44692,id=51276c3c-a3b8-4274-b089-592ff4589f41
2019-10-19 01:04:27,149 [grpc-default-executor-2] INFO  impl.RoleInfo (RoleInfo.java:updateAndGet(143)) - b26a8d60-58dc-431d-8168-f89a9ab35f3a: start FollowerState
2019-10-19 01:04:27,150 [pool-97-thread-1] INFO  server.RaftServerConfigKeys (ConfUtils.java:logGet(43)) - raft.server.log.preallocated.size = 16384 (custom)
2019-10-19 01:04:27,150 [390d33c4-98c8-495f-9f34-63cdf16532b5@group-EFF8D6679E36-LeaderElection13] INFO  server.RaftServerConfigKeys (ConfUtils.java:logGet(43)) - raft.server.watch.element-limit = 65536 (default)
2019-10-19 01:04:27,150 [pool-27-thread-1] INFO  server.RaftServerConfigKeys (ConfUtils.java:logGet(43)) - raft.server.log.segment.cache.num.max = 2 (custom)
2019-10-19 01:04:27,151 [pool-97-thread-1] INFO  server.RaftServerConfigKeys (ConfUtils.java:logGet(43)) - raft.server.log.write.buffer.size = 33554432 (custom)
2019-10-19 01:04:27,151 [pool-27-thread-1] INFO  segmented.SegmentedRaftLogWorker (SegmentedRaftLogWorker.java:<init>(173)) - new 64c90977-e867-487c-b50d-c226f2d34a76@group-D48B69A44692-SegmentedRaftLogWorker for RaftStorage:Storage Directory /workdir/hadoop-ozone/integration-test/target/test-dir/MiniOzoneClusterImpl-08d89ad4-f612-48fc-8979-c1cb428f8ac2/datanode-0/data/ratis/9eeb004c-3e42-4c42-8708-d48b69a44692
2019-10-19 01:04:27,151 [pool-97-thread-1] INFO  server.RaftServerConfigKeys (ConfUtils.java:logGet(43)) - raft.server.log.force.sync.num = 128 (default)
2019-10-19 01:04:27,151 [pool-27-thread-1] INFO  server.RaftServerConfigKeys (ConfUtils.java:logGet(43)) - raft.server.log.queue.byte-limit = 2147483647 (custom)
2019-10-19 01:04:27,151 [a54795b0-6c9c-4137-a866-f82f653c9bf9@group-FB3B7D7D89E3-LeaderElection14] INFO  impl.LeaderElection (LeaderElection.java:askForVotes(178)) - a54795b0-6c9c-4137-a866-f82f653c9bf9@group-FB3B7D7D89E3-LeaderElection14: begin an election at term 5 for -1: [a54795b0-6c9c-4137-a866-f82f653c9bf9:192.168.157.213:43688, b26a8d60-58dc-431d-8168-f89a9ab35f3a:192.168.157.213:35535, 16805c57-9f45-4377-8998-764a8f26e152:192.168.157.213:33728], old=null
2019-10-19 01:04:27,151 [pool-97-thread-1] INFO  server.RaftServerConfigKeys (ConfUtils.java:logGet(43)) - raft.server.log.statemachine.data.sync = true (default)
2019-10-19 01:04:27,152 [pool-27-thread-1] INFO  server.RaftServerConfigKeys (ConfUtils.java:logGet(43)) - raft.server.log.queue.element-limit = 1024 (custom)
2019-10-19 01:04:27,152 [pool-97-thread-1] INFO  server.RaftServerConfigKeys (ConfUtils.java:logGet(43)) - raft.server.log.statemachine.data.sync.timeout = 10s (default)
2019-10-19 01:04:27,152 [pool-27-thread-1] INFO  server.RaftServerConfigKeys (ConfUtils.java:logGet(43)) - raft.server.log.segment.size.max = 1048576 (custom)
2019-10-19 01:04:27,152 [pool-97-thread-1] INFO  server.RaftServerConfigKeys (ConfUtils.java:logGet(43)) - raft.server.log.statemachine.data.sync.timeout.retry = -1 (default)
2019-10-19 01:04:27,152 [pool-27-thread-1] INFO  server.RaftServerConfigKeys (ConfUtils.java:logGet(43)) - raft.server.log.preallocated.size = 16384 (custom)
2019-10-19 01:04:27,152 [pool-97-thread-1] INFO  server.RaftServerConfigKeys (ConfUtils.java:logGet(43)) - raft.server.log.statemachine.data.caching.enabled = true (custom)
2019-10-19 01:04:27,153 [pool-27-thread-1] INFO  server.RaftServerConfigKeys (ConfUtils.java:logGet(43)) - raft.server.log.write.buffer.size = 33554432 (custom)
2019-10-19 01:04:27,155 [pool-27-thread-1] INFO  server.RaftServerConfigKeys (ConfUtils.java:logGet(43)) - raft.server.log.force.sync.num = 128 (default)
2019-10-19 01:04:27,155 [pool-97-thread-1] INFO  segmented.SegmentedRaftLogWorker (SegmentedRaftLogWorker.java:lambda$new$0(128)) - a1c78c0e-869c-4f76-b4ce-2034448e0b80@group-D48B69A44692-SegmentedRaftLogWorker: flushIndex: setUnconditionally 0 -> -1
2019-10-19 01:04:27,155 [grpc-default-executor-3] INFO  impl.RaftServerImpl (RaftServerImpl.java:setRole(184)) - 7f3fb33d-9d98-4be4-bfb4-e5618e23eafb@group-EFF8D6679E36: changes role from  FOLLOWER to FOLLOWER at term 3 for recognizeCandidate:bd96e850-7fd3-40f8-8499-55f7f41be4fe
2019-10-19 01:04:27,155 [pool-27-thread-1] INFO  server.RaftServerConfigKeys (ConfUtils.java:logGet(43)) - raft.server.log.statemachine.data.sync = true (default)
2019-10-19 01:04:27,155 [pool-97-thread-1] INFO  server.RaftServerConfigKeys (ConfUtils.java:logGet(43)) - raft.server.snapshot.auto.trigger.enabled = true (custom)
2019-10-19 01:04:27,155 [grpc-default-executor-3] INFO  impl.RoleInfo (RoleInfo.java:shutdownFollowerState(121)) - 7f3fb33d-9d98-4be4-bfb4-e5618e23eafb: shutdown FollowerState
2019-10-19 01:04:27,155 [pool-97-thread-1] INFO  server.RaftServerConfigKeys (ConfUtils.java:logGet(43)) - raft.server.snapshot.auto.trigger.threshold = 10000 (custom)
2019-10-19 01:04:27,155 [pool-27-thread-1] INFO  server.RaftServerConfigKeys (ConfUtils.java:logGet(43)) - raft.server.log.statemachine.data.sync.timeout = 10s (default)
2019-10-19 01:04:27,155 [pool-97-thread-1] INFO  server.RaftServerConfigKeys (ConfUtils.java:logGet(43)) - raft.server.snapshot.retention.file.num = 5 (custom)
2019-10-19 01:04:27,155 [grpc-default-executor-3] INFO  impl.RoleInfo (RoleInfo.java:updateAndGet(143)) - 7f3fb33d-9d98-4be4-bfb4-e5618e23eafb: start FollowerState
2019-10-19 01:04:27,155 [Thread-382] INFO  impl.FollowerState (FollowerState.java:run(117)) - 7f3fb33d-9d98-4be4-bfb4-e5618e23eafb@group-EFF8D6679E36-FollowerState was interrupted: java.lang.InterruptedException: sleep interrupted
2019-10-19 01:04:27,156 [pool-97-thread-1] INFO  server.RaftServerConfigKeys (ConfUtils.java:logGet(43)) - raft.server.retrycache.expirytime = 600000ms (custom)
2019-10-19 01:04:27,156 [390d33c4-98c8-495f-9f34-63cdf16532b5@group-EFF8D6679E36-LeaderElection13] INFO  server.RaftServerConfigKeys (ConfUtils.java:logGet(43)) - raft.server.log.appender.snapshot.chunk.size.max = 16MB (=16777216) (default)
2019-10-19 01:04:27,156 [pool-27-thread-1] INFO  server.RaftServerConfigKeys (ConfUtils.java:logGet(43)) - raft.server.log.statemachine.data.sync.timeout.retry = -1 (default)
2019-10-19 01:04:27,158 [390d33c4-98c8-495f-9f34-63cdf16532b5@group-EFF8D6679E36-LeaderElection13] INFO  server.RaftServerConfigKeys (ConfUtils.java:logGet(43)) - raft.server.log.appender.buffer.byte-limit = 33554432 (custom)
2019-10-19 01:04:27,158 [pool-27-thread-1] INFO  server.RaftServerConfigKeys (ConfUtils.java:logGet(43)) - raft.server.log.statemachine.data.caching.enabled = true (custom)
2019-10-19 01:04:27,158 [390d33c4-98c8-495f-9f34-63cdf16532b5@group-EFF8D6679E36-LeaderElection13] INFO  server.RaftServerConfigKeys (ConfUtils.java:logGet(43)) - raft.server.log.appender.buffer.element-limit = 1 (custom)
2019-10-19 01:04:27,159 [pool-27-thread-1] INFO  segmented.SegmentedRaftLogWorker (SegmentedRaftLogWorker.java:lambda$new$0(128)) - 64c90977-e867-487c-b50d-c226f2d34a76@group-D48B69A44692-SegmentedRaftLogWorker: flushIndex: setUnconditionally 0 -> -1
2019-10-19 01:04:27,159 [390d33c4-98c8-495f-9f34-63cdf16532b5@group-EFF8D6679E36-LeaderElection13] INFO  grpc.GrpcConfigKeys$Server (ConfUtils.java:logGet(43)) - raft.grpc.server.leader.outstanding.appends.max = 128 (default)
2019-10-19 01:04:27,159 [pool-27-thread-1] INFO  server.RaftServerConfigKeys (ConfUtils.java:logGet(43)) - raft.server.snapshot.auto.trigger.enabled = true (custom)
2019-10-19 01:04:27,159 [390d33c4-98c8-495f-9f34-63cdf16532b5@group-EFF8D6679E36-LeaderElection13] INFO  server.RaftServerConfigKeys (ConfUtils.java:logGet(43)) - raft.server.rpc.request.timeout = 3000ms (default)
2019-10-19 01:04:27,159 [grpc-default-executor-4] INFO  server.GrpcServerProtocolService (GrpcServerProtocolService.java:onCompleted(113)) - 16805c57-9f45-4377-8998-764a8f26e152: Completed APPEND_ENTRIES, lastRequest: b26a8d60-58dc-431d-8168-f89a9ab35f3a->16805c57-9f45-4377-8998-764a8f26e152#0-t3, previous=(t:0, i:0), leaderCommit=-1, initializing? false, entries: <empty>
2019-10-19 01:04:27,159 [grpc-default-executor-0] INFO  server.GrpcServerProtocolService (GrpcServerProtocolService.java:onCompleted(113)) - a54795b0-6c9c-4137-a866-f82f653c9bf9: Completed APPEND_ENTRIES, lastRequest: b26a8d60-58dc-431d-8168-f89a9ab35f3a->a54795b0-6c9c-4137-a866-f82f653c9bf9#0-t3, previous=(t:0, i:0), leaderCommit=-1, initializing? false, entries: <empty>
2019-10-19 01:04:27,161 [390d33c4-98c8-495f-9f34-63cdf16532b5@group-EFF8D6679E36-LeaderElection13] INFO  server.RaftServerConfigKeys (ConfUtils.java:logGet(43)) - raft.server.log.appender.install.snapshot.enabled = false (custom)
2019-10-19 01:04:27,160 [pool-27-thread-1] INFO  server.RaftServerConfigKeys (ConfUtils.java:logGet(43)) - raft.server.snapshot.auto.trigger.threshold = 10000 (custom)
2019-10-19 01:04:27,161 [pool-27-thread-1] INFO  server.RaftServerConfigKeys (ConfUtils.java:logGet(43)) - raft.server.snapshot.retention.file.num = 5 (custom)
2019-10-19 01:04:27,162 [pool-27-thread-1] INFO  server.RaftServerConfigKeys (ConfUtils.java:logGet(43)) - raft.server.retrycache.expirytime = 600000ms (custom)
2019-10-19 01:04:27,167 [grpc-default-executor-5] INFO  impl.RaftServerImpl (RaftServerImpl.java:setRole(184)) - b26a8d60-58dc-431d-8168-f89a9ab35f3a@group-FB3B7D7D89E3: changes role from  FOLLOWER to FOLLOWER at term 5 for recognizeCandidate:a54795b0-6c9c-4137-a866-f82f653c9bf9
2019-10-19 01:04:27,167 [pool-97-thread-1] INFO  impl.RaftServerImpl (RaftServerImpl.java:start(195)) - a1c78c0e-869c-4f76-b4ce-2034448e0b80@group-D48B69A44692: start as a follower, conf=-1: [51276c3c-a3b8-4274-b089-592ff4589f41:192.168.157.213:36639, 64c90977-e867-487c-b50d-c226f2d34a76:192.168.157.213:37433, a1c78c0e-869c-4f76-b4ce-2034448e0b80:192.168.157.213:33501], old=null
2019-10-19 01:04:27,167 [grpc-default-executor-5] INFO  impl.RoleInfo (RoleInfo.java:shutdownFollowerState(121)) - b26a8d60-58dc-431d-8168-f89a9ab35f3a: shutdown FollowerState
2019-10-19 01:04:27,167 [pool-97-thread-1] INFO  impl.RaftServerImpl (RaftServerImpl.java:setRole(184)) - a1c78c0e-869c-4f76-b4ce-2034448e0b80@group-D48B69A44692: changes role from      null to FOLLOWER at term 0 for startAsFollower
2019-10-19 01:04:27,167 [grpc-default-executor-5] INFO  impl.RoleInfo (RoleInfo.java:updateAndGet(143)) - b26a8d60-58dc-431d-8168-f89a9ab35f3a: start FollowerState
2019-10-19 01:04:27,167 [Thread-392] INFO  impl.FollowerState (FollowerState.java:run(117)) - b26a8d60-58dc-431d-8168-f89a9ab35f3a@group-FB3B7D7D89E3-FollowerState was interrupted: java.lang.InterruptedException: sleep interrupted
2019-10-19 01:04:27,167 [grpc-default-executor-0] INFO  impl.RaftServerImpl (RaftServerImpl.java:setRole(184)) - 16805c57-9f45-4377-8998-764a8f26e152@group-FB3B7D7D89E3: changes role from  FOLLOWER to FOLLOWER at term 5 for recognizeCandidate:a54795b0-6c9c-4137-a866-f82f653c9bf9
2019-10-19 01:04:27,167 [pool-97-thread-1] INFO  impl.RoleInfo (RoleInfo.java:updateAndGet(143)) - a1c78c0e-869c-4f76-b4ce-2034448e0b80: start FollowerState
2019-10-19 01:04:27,169 [grpc-default-executor-0] INFO  impl.RoleInfo (RoleInfo.java:shutdownFollowerState(121)) - 16805c57-9f45-4377-8998-764a8f26e152: shutdown FollowerState
2019-10-19 01:04:27,169 [Thread-393] INFO  impl.FollowerState (FollowerState.java:run(117)) - 16805c57-9f45-4377-8998-764a8f26e152@group-FB3B7D7D89E3-FollowerState was interrupted: java.lang.InterruptedException: sleep interrupted
2019-10-19 01:04:27,169 [grpc-default-executor-0] INFO  impl.RoleInfo (RoleInfo.java:updateAndGet(143)) - 16805c57-9f45-4377-8998-764a8f26e152: start FollowerState
2019-10-19 01:04:27,170 [pool-97-thread-1] INFO  util.JmxRegister (JmxRegister.java:tryRegister(44)) - Successfully registered JMX Bean with object name Ratis:service=RaftServer,group=group-D48B69A44692,id=a1c78c0e-869c-4f76-b4ce-2034448e0b80
2019-10-19 01:04:27,172 [390d33c4-98c8-495f-9f34-63cdf16532b5@group-EFF8D6679E36-LeaderElection13] INFO  server.RaftServerConfigKeys (ConfUtils.java:logGet(43)) - raft.server.log.appender.snapshot.chunk.size.max = 16MB (=16777216) (default)
2019-10-19 01:04:27,172 [390d33c4-98c8-495f-9f34-63cdf16532b5@group-EFF8D6679E36-LeaderElection13] INFO  server.RaftServerConfigKeys (ConfUtils.java:logGet(43)) - raft.server.log.appender.buffer.byte-limit = 33554432 (custom)
2019-10-19 01:04:27,172 [pool-27-thread-1] INFO  impl.RaftServerImpl (RaftServerImpl.java:start(195)) - 64c90977-e867-487c-b50d-c226f2d34a76@group-D48B69A44692: start as a follower, conf=-1: [51276c3c-a3b8-4274-b089-592ff4589f41:192.168.157.213:36639, 64c90977-e867-487c-b50d-c226f2d34a76:192.168.157.213:37433, a1c78c0e-869c-4f76-b4ce-2034448e0b80:192.168.157.213:33501], old=null
2019-10-19 01:04:27,172 [390d33c4-98c8-495f-9f34-63cdf16532b5@group-EFF8D6679E36-LeaderElection13] INFO  server.RaftServerConfigKeys (ConfUtils.java:logGet(43)) - raft.server.log.appender.buffer.element-limit = 1 (custom)
2019-10-19 01:04:27,172 [pool-27-thread-1] INFO  impl.RaftServerImpl (RaftServerImpl.java:setRole(184)) - 64c90977-e867-487c-b50d-c226f2d34a76@group-D48B69A44692: changes role from      null to FOLLOWER at term 0 for startAsFollower
2019-10-19 01:04:27,173 [390d33c4-98c8-495f-9f34-63cdf16532b5@group-EFF8D6679E36-LeaderElection13] INFO  grpc.GrpcConfigKeys$Server (ConfUtils.java:logGet(43)) - raft.grpc.server.leader.outstanding.appends.max = 128 (default)
2019-10-19 01:04:27,173 [pool-27-thread-1] INFO  impl.RoleInfo (RoleInfo.java:updateAndGet(143)) - 64c90977-e867-487c-b50d-c226f2d34a76: start FollowerState
2019-10-19 01:04:27,173 [390d33c4-98c8-495f-9f34-63cdf16532b5@group-EFF8D6679E36-LeaderElection13] INFO  server.RaftServerConfigKeys (ConfUtils.java:logGet(43)) - raft.server.rpc.request.timeout = 3000ms (default)
2019-10-19 01:04:27,173 [390d33c4-98c8-495f-9f34-63cdf16532b5@group-EFF8D6679E36-LeaderElection13] INFO  server.RaftServerConfigKeys (ConfUtils.java:logGet(43)) - raft.server.log.appender.install.snapshot.enabled = false (custom)
2019-10-19 01:04:27,173 [pool-27-thread-1] INFO  util.JmxRegister (JmxRegister.java:tryRegister(44)) - Successfully registered JMX Bean with object name Ratis:service=RaftServer,group=group-D48B69A44692,id=64c90977-e867-487c-b50d-c226f2d34a76
2019-10-19 01:04:27,175 [grpc-default-executor-2] INFO  server.GrpcLogAppender (GrpcLogAppender.java:onCompleted(308)) - b26a8d60-58dc-431d-8168-f89a9ab35f3a@group-FB3B7D7D89E3->a54795b0-6c9c-4137-a866-f82f653c9bf9-AppendLogResponseHandler: follower responses appendEntries COMPLETED
2019-10-19 01:04:27,175 [grpc-default-executor-4] INFO  server.GrpcLogAppender (GrpcLogAppender.java:onCompleted(308)) - b26a8d60-58dc-431d-8168-f89a9ab35f3a@group-FB3B7D7D89E3->16805c57-9f45-4377-8998-764a8f26e152-AppendLogResponseHandler: follower responses appendEntries COMPLETED
2019-10-19 01:04:27,178 [390d33c4-98c8-495f-9f34-63cdf16532b5@group-EFF8D6679E36-LeaderElection13] INFO  impl.RoleInfo (RoleInfo.java:updateAndGet(143)) - 390d33c4-98c8-495f-9f34-63cdf16532b5: start LeaderState
2019-10-19 01:04:27,178 [390d33c4-98c8-495f-9f34-63cdf16532b5@group-EFF8D6679E36-LeaderElection13] INFO  segmented.SegmentedRaftLogWorker (SegmentedRaftLogWorker.java:startLogSegment(385)) - 390d33c4-98c8-495f-9f34-63cdf16532b5@group-EFF8D6679E36-SegmentedRaftLogWorker: Starting segment from index:0
2019-10-19 01:04:27,179 [grpc-default-executor-2] INFO  impl.FollowerInfo (FollowerInfo.java:lambda$new$0(51)) - b26a8d60-58dc-431d-8168-f89a9ab35f3a@group-FB3B7D7D89E3->a54795b0-6c9c-4137-a866-f82f653c9bf9: nextIndex: updateUnconditionally 0 -> 0
2019-10-19 01:04:27,181 [a54795b0-6c9c-4137-a866-f82f653c9bf9@group-FB3B7D7D89E3-LeaderElection14] INFO  impl.LeaderElection (LeaderElection.java:logAndReturn(56)) - a54795b0-6c9c-4137-a866-f82f653c9bf9@group-FB3B7D7D89E3-LeaderElection14: Election REJECTED; received 2 response(s) [a54795b0-6c9c-4137-a866-f82f653c9bf9<-b26a8d60-58dc-431d-8168-f89a9ab35f3a#0:FAIL-t5, a54795b0-6c9c-4137-a866-f82f653c9bf9<-16805c57-9f45-4377-8998-764a8f26e152#0:FAIL-t5] and 0 exception(s); a54795b0-6c9c-4137-a866-f82f653c9bf9@group-FB3B7D7D89E3:t5, leader=null, voted=a54795b0-6c9c-4137-a866-f82f653c9bf9, raftlog=a54795b0-6c9c-4137-a866-f82f653c9bf9@group-FB3B7D7D89E3-SegmentedRaftLog:OPENED:c-1,f-1,i0, conf=-1: [a54795b0-6c9c-4137-a866-f82f653c9bf9:192.168.157.213:43688, b26a8d60-58dc-431d-8168-f89a9ab35f3a:192.168.157.213:35535, 16805c57-9f45-4377-8998-764a8f26e152:192.168.157.213:33728], old=null
2019-10-19 01:04:27,181 [bd96e850-7fd3-40f8-8499-55f7f41be4fe@group-EFF8D6679E36-LeaderElection15] INFO  impl.LeaderElection (LeaderElection.java:logAndReturn(56)) - bd96e850-7fd3-40f8-8499-55f7f41be4fe@group-EFF8D6679E36-LeaderElection15: Election PASSED; received 1 response(s) [bd96e850-7fd3-40f8-8499-55f7f41be4fe<-7f3fb33d-9d98-4be4-bfb4-e5618e23eafb#0:OK-t3] and 0 exception(s); bd96e850-7fd3-40f8-8499-55f7f41be4fe@group-EFF8D6679E36:t3, leader=null, voted=bd96e850-7fd3-40f8-8499-55f7f41be4fe, raftlog=bd96e850-7fd3-40f8-8499-55f7f41be4fe@group-EFF8D6679E36-SegmentedRaftLog:OPENED:c-1,f-1,i0, conf=-1: [7f3fb33d-9d98-4be4-bfb4-e5618e23eafb:192.168.157.213:46612, 390d33c4-98c8-495f-9f34-63cdf16532b5:192.168.157.213:40184, bd96e850-7fd3-40f8-8499-55f7f41be4fe:192.168.157.213:46800], old=null
2019-10-19 01:04:27,181 [grpc-default-executor-4] INFO  impl.FollowerInfo (FollowerInfo.java:lambda$new$0(51)) - b26a8d60-58dc-431d-8168-f89a9ab35f3a@group-FB3B7D7D89E3->16805c57-9f45-4377-8998-764a8f26e152: nextIndex: updateUnconditionally 0 -> 0
2019-10-19 01:04:27,222 [a54795b0-6c9c-4137-a866-f82f653c9bf9@group-FB3B7D7D89E3-LeaderElection14] INFO  impl.RaftServerImpl (RaftServerImpl.java:setRole(184)) - a54795b0-6c9c-4137-a866-f82f653c9bf9@group-FB3B7D7D89E3: changes role from CANDIDATE to FOLLOWER at term 5 for DISCOVERED_A_NEW_TERM
2019-10-19 01:04:27,222 [bd96e850-7fd3-40f8-8499-55f7f41be4fe@group-EFF8D6679E36-LeaderElection15] INFO  impl.RoleInfo (RoleInfo.java:shutdownLeaderElection(134)) - bd96e850-7fd3-40f8-8499-55f7f41be4fe: shutdown LeaderElection
2019-10-19 01:04:27,222 [390d33c4-98c8-495f-9f34-63cdf16532b5@group-EFF8D6679E36-LeaderElection13] INFO  impl.RaftServerImpl (ServerState.java:setRaftConf(357)) - 390d33c4-98c8-495f-9f34-63cdf16532b5@group-EFF8D6679E36: set configuration 0: [7f3fb33d-9d98-4be4-bfb4-e5618e23eafb:192.168.157.213:46612, 390d33c4-98c8-495f-9f34-63cdf16532b5:192.168.157.213:40184, bd96e850-7fd3-40f8-8499-55f7f41be4fe:192.168.157.213:46800], old=null at 0
2019-10-19 01:04:27,225 [bd96e850-7fd3-40f8-8499-55f7f41be4fe@group-EFF8D6679E36-LeaderElection15] INFO  impl.RaftServerImpl (RaftServerImpl.java:setRole(184)) - bd96e850-7fd3-40f8-8499-55f7f41be4fe@group-EFF8D6679E36: changes role from CANDIDATE to LEADER at term 3 for changeToLeader
2019-10-19 01:04:27,224 [a54795b0-6c9c-4137-a866-f82f653c9bf9@group-FB3B7D7D89E3-LeaderElection14] INFO  impl.RoleInfo (RoleInfo.java:shutdownLeaderElection(134)) - a54795b0-6c9c-4137-a866-f82f653c9bf9: shutdown LeaderElection
2019-10-19 01:04:27,225 [bd96e850-7fd3-40f8-8499-55f7f41be4fe@group-EFF8D6679E36-LeaderElection15] INFO  impl.RaftServerImpl (ServerState.java:setLeader(256)) - bd96e850-7fd3-40f8-8499-55f7f41be4fe@group-EFF8D6679E36: change Leader from null to bd96e850-7fd3-40f8-8499-55f7f41be4fe at term 3 for becomeLeader, leader elected after 358ms
2019-10-19 01:04:27,225 [a54795b0-6c9c-4137-a866-f82f653c9bf9@group-FB3B7D7D89E3-LeaderElection14] INFO  impl.RoleInfo (RoleInfo.java:updateAndGet(143)) - a54795b0-6c9c-4137-a866-f82f653c9bf9: start FollowerState
2019-10-19 01:04:27,225 [bd96e850-7fd3-40f8-8499-55f7f41be4fe@group-EFF8D6679E36-LeaderElection15] INFO  server.RaftServerConfigKeys (ConfUtils.java:logGet(43)) - raft.server.staging.catchup.gap = 1000 (default)
2019-10-19 01:04:27,225 [grpc-default-executor-1] INFO  impl.RaftServerImpl (ServerState.java:setLeader(256)) - 390d33c4-98c8-495f-9f34-63cdf16532b5@group-EFF8D6679E36: change Leader from 390d33c4-98c8-495f-9f34-63cdf16532b5 to null at term 3 for updateCurrentTerm
2019-10-19 01:04:27,225 [bd96e850-7fd3-40f8-8499-55f7f41be4fe@group-EFF8D6679E36-LeaderElection15] INFO  server.RaftServerConfigKeys (ConfUtils.java:logGet(43)) - raft.server.rpc.sleep.time = 25ms (default)
2019-10-19 01:04:27,226 [grpc-default-executor-1] INFO  impl.RaftServerImpl (RaftServerImpl.java:setRole(184)) - 390d33c4-98c8-495f-9f34-63cdf16532b5@group-EFF8D6679E36: changes role from    LEADER to FOLLOWER at term 3 for recognizeCandidate:bd96e850-7fd3-40f8-8499-55f7f41be4fe
2019-10-19 01:04:27,226 [bd96e850-7fd3-40f8-8499-55f7f41be4fe@group-EFF8D6679E36-LeaderElection15] INFO  server.RaftServerConfigKeys (ConfUtils.java:logGet(43)) - raft.server.write.element-limit = 4096 (default)
2019-10-19 01:04:27,226 [grpc-default-executor-1] INFO  impl.RoleInfo (RoleInfo.java:shutdownLeaderState(104)) - 390d33c4-98c8-495f-9f34-63cdf16532b5: shutdown LeaderState
2019-10-19 01:04:27,226 [bd96e850-7fd3-40f8-8499-55f7f41be4fe@group-EFF8D6679E36-LeaderElection15] INFO  server.RaftServerConfigKeys (ConfUtils.java:logGet(43)) - raft.server.watch.timeout = 10s (default)
2019-10-19 01:04:27,229 [org.apache.ratis.server.impl.LogAppender$AppenderDaemon$$Lambda$421/1922320946@15a99c9a] WARN  server.GrpcLogAppender (GrpcLogAppender.java:mayWait(149)) - 390d33c4-98c8-495f-9f34-63cdf16532b5@group-EFF8D6679E36->bd96e850-7fd3-40f8-8499-55f7f41be4fe-GrpcLogAppender: Wait interrupted by java.lang.InterruptedException
2019-10-19 01:04:27,229 [bd96e850-7fd3-40f8-8499-55f7f41be4fe@group-EFF8D6679E36-LeaderElection15] INFO  server.RaftServerConfigKeys (ConfUtils.java:logGet(43)) - raft.server.watch.timeout.denomination = 1s (default)
2019-10-19 01:04:27,229 [org.apache.ratis.server.impl.LogAppender$AppenderDaemon$$Lambda$421/1922320946@4439772f] WARN  server.GrpcLogAppender (GrpcLogAppender.java:mayWait(149)) - 390d33c4-98c8-495f-9f34-63cdf16532b5@group-EFF8D6679E36->7f3fb33d-9d98-4be4-bfb4-e5618e23eafb-GrpcLogAppender: Wait interrupted by java.lang.InterruptedException
2019-10-19 01:04:27,232 [bd96e850-7fd3-40f8-8499-55f7f41be4fe@group-EFF8D6679E36-LeaderElection15] INFO  server.RaftServerConfigKeys (ConfUtils.java:logGet(43)) - raft.server.watch.element-limit = 65536 (default)
2019-10-19 01:04:27,229 [grpc-default-executor-1] INFO  impl.PendingRequests (PendingRequests.java:sendNotLeaderResponses(202)) - 390d33c4-98c8-495f-9f34-63cdf16532b5@group-EFF8D6679E36-PendingRequests: sendNotLeaderResponses
2019-10-19 01:04:27,234 [RatisPipelineUtilsThread] INFO  pipeline.PipelineStateManager (PipelineStateManager.java:addPipeline(56)) - Created pipeline Pipeline[ Id: 9eeb004c-3e42-4c42-8708-d48b69a44692, Nodes: a1c78c0e-869c-4f76-b4ce-2034448e0b80{ip: 192.168.157.213, host: pr-hdds-2333-xd9jc-2947872914, networkLocation: /default-rack, certSerialId: null}51276c3c-a3b8-4274-b089-592ff4589f41{ip: 192.168.157.213, host: pr-hdds-2333-xd9jc-2947872914, networkLocation: /default-rack, certSerialId: null}64c90977-e867-487c-b50d-c226f2d34a76{ip: 192.168.157.213, host: pr-hdds-2333-xd9jc-2947872914, networkLocation: /default-rack, certSerialId: null}, Type:RATIS, Factor:THREE, State:OPEN]
2019-10-19 01:04:27,234 [grpc-default-executor-1] INFO  impl.RoleInfo (RoleInfo.java:updateAndGet(143)) - 390d33c4-98c8-495f-9f34-63cdf16532b5: start FollowerState
2019-10-19 01:04:27,234 [grpc-default-executor-4] INFO  server.GrpcServerProtocolService (GrpcServerProtocolService.java:onCompleted(113)) - 7f3fb33d-9d98-4be4-bfb4-e5618e23eafb: Completed APPEND_ENTRIES, lastRequest: 390d33c4-98c8-495f-9f34-63cdf16532b5->7f3fb33d-9d98-4be4-bfb4-e5618e23eafb#0-t2, previous=(t:0, i:0), leaderCommit=-1, initializing? false, entries: <empty>
2019-10-19 01:04:27,235 [390d33c4-98c8-495f-9f34-63cdf16532b5@group-EFF8D6679E36-SegmentedRaftLogWorker] INFO  segmented.SegmentedRaftLogWorker (SegmentedRaftLogWorker.java:execute(576)) - 390d33c4-98c8-495f-9f34-63cdf16532b5@group-EFF8D6679E36-SegmentedRaftLogWorker: created new log segment /workdir/hadoop-ozone/integration-test/target/test-dir/MiniOzoneClusterImpl-08d89ad4-f612-48fc-8979-c1cb428f8ac2/datanode-1/data/ratis/0dfdf3c4-3684-4afb-bbd7-eff8d6679e36/current/log_inprogress_0
2019-10-19 01:04:27,241 [bd96e850-7fd3-40f8-8499-55f7f41be4fe@group-EFF8D6679E36-LeaderElection15] INFO  server.RaftServerConfigKeys (ConfUtils.java:logGet(43)) - raft.server.log.appender.snapshot.chunk.size.max = 16MB (=16777216) (default)
2019-10-19 01:04:27,241 [bd96e850-7fd3-40f8-8499-55f7f41be4fe@group-EFF8D6679E36-LeaderElection15] INFO  server.RaftServerConfigKeys (ConfUtils.java:logGet(43)) - raft.server.log.appender.buffer.byte-limit = 33554432 (custom)
2019-10-19 01:04:27,241 [bd96e850-7fd3-40f8-8499-55f7f41be4fe@group-EFF8D6679E36-LeaderElection15] INFO  server.RaftServerConfigKeys (ConfUtils.java:logGet(43)) - raft.server.log.appender.buffer.element-limit = 1 (custom)
2019-10-19 01:04:27,241 [bd96e850-7fd3-40f8-8499-55f7f41be4fe@group-EFF8D6679E36-LeaderElection15] INFO  grpc.GrpcConfigKeys$Server (ConfUtils.java:logGet(43)) - raft.grpc.server.leader.outstanding.appends.max = 128 (default)
2019-10-19 01:04:27,241 [bd96e850-7fd3-40f8-8499-55f7f41be4fe@group-EFF8D6679E36-LeaderElection15] INFO  server.RaftServerConfigKeys (ConfUtils.java:logGet(43)) - raft.server.rpc.request.timeout = 3000ms (default)
2019-10-19 01:04:27,241 [bd96e850-7fd3-40f8-8499-55f7f41be4fe@group-EFF8D6679E36-LeaderElection15] INFO  server.RaftServerConfigKeys (ConfUtils.java:logGet(43)) - raft.server.log.appender.install.snapshot.enabled = false (custom)
2019-10-19 01:04:27,244 [bd96e850-7fd3-40f8-8499-55f7f41be4fe@group-EFF8D6679E36-LeaderElection15] INFO  server.RaftServerConfigKeys (ConfUtils.java:logGet(43)) - raft.server.log.appender.snapshot.chunk.size.max = 16MB (=16777216) (default)
2019-10-19 01:04:27,244 [bd96e850-7fd3-40f8-8499-55f7f41be4fe@group-EFF8D6679E36-LeaderElection15] INFO  server.RaftServerConfigKeys (ConfUtils.java:logGet(43)) - raft.server.log.appender.buffer.byte-limit = 33554432 (custom)
2019-10-19 01:04:27,244 [bd96e850-7fd3-40f8-8499-55f7f41be4fe@group-EFF8D6679E36-LeaderElection15] INFO  server.RaftServerConfigKeys (ConfUtils.java:logGet(43)) - raft.server.log.appender.buffer.element-limit = 1 (custom)
2019-10-19 01:04:27,244 [bd96e850-7fd3-40f8-8499-55f7f41be4fe@group-EFF8D6679E36-LeaderElection15] INFO  grpc.GrpcConfigKeys$Server (ConfUtils.java:logGet(43)) - raft.grpc.server.leader.outstanding.appends.max = 128 (default)
2019-10-19 01:04:27,245 [bd96e850-7fd3-40f8-8499-55f7f41be4fe@group-EFF8D6679E36-LeaderElection15] INFO  server.RaftServerConfigKeys (ConfUtils.java:logGet(43)) - raft.server.rpc.request.timeout = 3000ms (default)
2019-10-19 01:04:27,245 [bd96e850-7fd3-40f8-8499-55f7f41be4fe@group-EFF8D6679E36-LeaderElection15] INFO  server.RaftServerConfigKeys (ConfUtils.java:logGet(43)) - raft.server.log.appender.install.snapshot.enabled = false (custom)
2019-10-19 01:04:27,247 [bd96e850-7fd3-40f8-8499-55f7f41be4fe@group-EFF8D6679E36-LeaderElection15] INFO  impl.RoleInfo (RoleInfo.java:updateAndGet(143)) - bd96e850-7fd3-40f8-8499-55f7f41be4fe: start LeaderState
2019-10-19 01:04:27,248 [bd96e850-7fd3-40f8-8499-55f7f41be4fe@group-EFF8D6679E36-LeaderElection15] INFO  segmented.SegmentedRaftLogWorker (SegmentedRaftLogWorker.java:startLogSegment(385)) - bd96e850-7fd3-40f8-8499-55f7f41be4fe@group-EFF8D6679E36-SegmentedRaftLogWorker: Starting segment from index:0
2019-10-19 01:04:27,248 [Thread-405] INFO  impl.FollowerState (FollowerState.java:run(108)) - 64c90977-e867-487c-b50d-c226f2d34a76@group-D48B69A44692-FollowerState: change to CANDIDATE, lastRpcTime:75ms, electionTimeout:75ms
2019-10-19 01:04:27,248 [Thread-405] INFO  impl.RoleInfo (RoleInfo.java:shutdownFollowerState(121)) - 64c90977-e867-487c-b50d-c226f2d34a76: shutdown FollowerState
2019-10-19 01:04:27,248 [bd96e850-7fd3-40f8-8499-55f7f41be4fe@group-EFF8D6679E36-LeaderElection15] INFO  impl.RaftServerImpl (ServerState.java:setRaftConf(357)) - bd96e850-7fd3-40f8-8499-55f7f41be4fe@group-EFF8D6679E36: set configuration 0: [7f3fb33d-9d98-4be4-bfb4-e5618e23eafb:192.168.157.213:46612, 390d33c4-98c8-495f-9f34-63cdf16532b5:192.168.157.213:40184, bd96e850-7fd3-40f8-8499-55f7f41be4fe:192.168.157.213:46800], old=null at 0
2019-10-19 01:04:27,249 [grpc-default-executor-4] INFO  server.GrpcLogAppender (GrpcLogAppender.java:onCompleted(308)) - 390d33c4-98c8-495f-9f34-63cdf16532b5@group-EFF8D6679E36->7f3fb33d-9d98-4be4-bfb4-e5618e23eafb-AppendLogResponseHandler: follower responses appendEntries COMPLETED
2019-10-19 01:04:27,249 [Thread-405] INFO  impl.RaftServerImpl (RaftServerImpl.java:setRole(184)) - 64c90977-e867-487c-b50d-c226f2d34a76@group-D48B69A44692: changes role from  FOLLOWER to CANDIDATE at term 0 for changeToCandidate
2019-10-19 01:04:27,284 [grpc-default-executor-2] INFO  server.GrpcServerProtocolService (GrpcServerProtocolService.java:onCompleted(113)) - bd96e850-7fd3-40f8-8499-55f7f41be4fe: Completed APPEND_ENTRIES, lastRequest: 390d33c4-98c8-495f-9f34-63cdf16532b5->bd96e850-7fd3-40f8-8499-55f7f41be4fe#0-t2, previous=(t:0, i:0), leaderCommit=-1, initializing? false, entries: <empty>
2019-10-19 01:04:27,276 [Thread-408] INFO  impl.FollowerState (FollowerState.java:run(108)) - a54795b0-6c9c-4137-a866-f82f653c9bf9@group-FB3B7D7D89E3-FollowerState: change to CANDIDATE, lastRpcTime:51ms, electionTimeout:50ms
2019-10-19 01:04:27,285 [Thread-405] INFO  impl.RoleInfo (RoleInfo.java:updateAndGet(143)) - 64c90977-e867-487c-b50d-c226f2d34a76: start LeaderElection
2019-10-19 01:04:27,286 [Thread-408] INFO  impl.RoleInfo (RoleInfo.java:shutdownFollowerState(121)) - a54795b0-6c9c-4137-a866-f82f653c9bf9: shutdown FollowerState
2019-10-19 01:04:27,287 [Thread-408] INFO  impl.RaftServerImpl (RaftServerImpl.java:setRole(184)) - a54795b0-6c9c-4137-a866-f82f653c9bf9@group-FB3B7D7D89E3: changes role from  FOLLOWER to CANDIDATE at term 5 for changeToCandidate
2019-10-19 01:04:27,291 [bd96e850-7fd3-40f8-8499-55f7f41be4fe@group-EFF8D6679E36-SegmentedRaftLogWorker] INFO  segmented.SegmentedRaftLogWorker (SegmentedRaftLogWorker.java:execute(576)) - bd96e850-7fd3-40f8-8499-55f7f41be4fe@group-EFF8D6679E36-SegmentedRaftLogWorker: created new log segment /workdir/hadoop-ozone/integration-test/target/test-dir/MiniOzoneClusterImpl-08d89ad4-f612-48fc-8979-c1cb428f8ac2/datanode-4/data/ratis/0dfdf3c4-3684-4afb-bbd7-eff8d6679e36/current/log_inprogress_0
2019-10-19 01:04:27,291 [grpc-default-executor-4] INFO  impl.FollowerInfo (FollowerInfo.java:lambda$new$0(51)) - 390d33c4-98c8-495f-9f34-63cdf16532b5@group-EFF8D6679E36->7f3fb33d-9d98-4be4-bfb4-e5618e23eafb: nextIndex: updateUnconditionally 0 -> 0
2019-10-19 01:04:27,291 [Thread-408] INFO  impl.RoleInfo (RoleInfo.java:updateAndGet(143)) - a54795b0-6c9c-4137-a866-f82f653c9bf9: start LeaderElection
2019-10-19 01:04:27,303 [grpc-default-executor-4] INFO  server.GrpcLogAppender (GrpcLogAppender.java:onCompleted(308)) - 390d33c4-98c8-495f-9f34-63cdf16532b5@group-EFF8D6679E36->bd96e850-7fd3-40f8-8499-55f7f41be4fe-AppendLogResponseHandler: follower responses appendEntries COMPLETED
2019-10-19 01:04:27,312 [grpc-default-executor-2] INFO  impl.RaftServerImpl (ServerState.java:setLeader(256)) - 7f3fb33d-9d98-4be4-bfb4-e5618e23eafb@group-EFF8D6679E36: change Leader from null to bd96e850-7fd3-40f8-8499-55f7f41be4fe at term 3 for appendEntries, leader elected after 444ms
2019-10-19 01:04:27,312 [64c90977-e867-487c-b50d-c226f2d34a76@group-D48B69A44692-LeaderElection16] INFO  impl.LeaderElection (LeaderElection.java:askForVotes(178)) - 64c90977-e867-487c-b50d-c226f2d34a76@group-D48B69A44692-LeaderElection16: begin an election at term 1 for -1: [51276c3c-a3b8-4274-b089-592ff4589f41:192.168.157.213:36639, 64c90977-e867-487c-b50d-c226f2d34a76:192.168.157.213:37433, a1c78c0e-869c-4f76-b4ce-2034448e0b80:192.168.157.213:33501], old=null
2019-10-19 01:04:27,317 [grpc-default-executor-4] INFO  impl.FollowerInfo (FollowerInfo.java:lambda$new$0(51)) - 390d33c4-98c8-495f-9f34-63cdf16532b5@group-EFF8D6679E36->bd96e850-7fd3-40f8-8499-55f7f41be4fe: nextIndex: updateUnconditionally 0 -> 0
2019-10-19 01:04:27,319 [grpc-default-executor-1] INFO  impl.RaftServerImpl (ServerState.java:setLeader(256)) - 390d33c4-98c8-495f-9f34-63cdf16532b5@group-EFF8D6679E36: change Leader from null to bd96e850-7fd3-40f8-8499-55f7f41be4fe at term 3 for appendEntries, leader elected after 94ms
2019-10-19 01:04:27,329 [Thread-402] INFO  impl.FollowerState (FollowerState.java:run(108)) - a1c78c0e-869c-4f76-b4ce-2034448e0b80@group-D48B69A44692-FollowerState: change to CANDIDATE, lastRpcTime:161ms, electionTimeout:159ms
2019-10-19 01:04:27,329 [a54795b0-6c9c-4137-a866-f82f653c9bf9@group-FB3B7D7D89E3-LeaderElection17] INFO  impl.LeaderElection (LeaderElection.java:askForVotes(178)) - a54795b0-6c9c-4137-a866-f82f653c9bf9@group-FB3B7D7D89E3-LeaderElection17: begin an election at term 6 for -1: [a54795b0-6c9c-4137-a866-f82f653c9bf9:192.168.157.213:43688, b26a8d60-58dc-431d-8168-f89a9ab35f3a:192.168.157.213:35535, 16805c57-9f45-4377-8998-764a8f26e152:192.168.157.213:33728], old=null
2019-10-19 01:04:27,329 [Thread-402] INFO  impl.RoleInfo (RoleInfo.java:shutdownFollowerState(121)) - a1c78c0e-869c-4f76-b4ce-2034448e0b80: shutdown FollowerState
2019-10-19 01:04:27,329 [Thread-402] INFO  impl.RaftServerImpl (RaftServerImpl.java:setRole(184)) - a1c78c0e-869c-4f76-b4ce-2034448e0b80@group-D48B69A44692: changes role from  FOLLOWER to CANDIDATE at term 0 for changeToCandidate
2019-10-19 01:04:27,329 [Thread-402] INFO  impl.RoleInfo (RoleInfo.java:updateAndGet(143)) - a1c78c0e-869c-4f76-b4ce-2034448e0b80: start LeaderElection
2019-10-19 01:04:27,331 [grpc-default-executor-6] INFO  impl.RaftServerImpl (RaftServerImpl.java:setRole(184)) - 51276c3c-a3b8-4274-b089-592ff4589f41@group-D48B69A44692: changes role from  FOLLOWER to FOLLOWER at term 1 for recognizeCandidate:64c90977-e867-487c-b50d-c226f2d34a76
2019-10-19 01:04:27,332 [a54795b0-6c9c-4137-a866-f82f653c9bf9@group-FB3B7D7D89E3-LeaderElection17] INFO  impl.LeaderElection (LeaderElection.java:logAndReturn(56)) - a54795b0-6c9c-4137-a866-f82f653c9bf9@group-FB3B7D7D89E3-LeaderElection17: Election TIMEOUT; received 0 response(s) [] and 0 exception(s); a54795b0-6c9c-4137-a866-f82f653c9bf9@group-FB3B7D7D89E3:t6, leader=null, voted=a54795b0-6c9c-4137-a866-f82f653c9bf9, raftlog=a54795b0-6c9c-4137-a866-f82f653c9bf9@group-FB3B7D7D89E3-SegmentedRaftLog:OPENED:c-1,f-1,i0, conf=-1: [a54795b0-6c9c-4137-a866-f82f653c9bf9:192.168.157.213:43688, b26a8d60-58dc-431d-8168-f89a9ab35f3a:192.168.157.213:35535, 16805c57-9f45-4377-8998-764a8f26e152:192.168.157.213:33728], old=null
2019-10-19 01:04:27,332 [grpc-default-executor-0] INFO  impl.RaftServerImpl (RaftServerImpl.java:setRole(184)) - a1c78c0e-869c-4f76-b4ce-2034448e0b80@group-D48B69A44692: changes role from CANDIDATE to FOLLOWER at term 1 for recognizeCandidate:64c90977-e867-487c-b50d-c226f2d34a76
2019-10-19 01:04:27,332 [grpc-default-executor-6] INFO  impl.RoleInfo (RoleInfo.java:shutdownFollowerState(121)) - 51276c3c-a3b8-4274-b089-592ff4589f41: shutdown FollowerState
2019-10-19 01:04:27,332 [grpc-default-executor-0] INFO  impl.RoleInfo (RoleInfo.java:shutdownLeaderElection(134)) - a1c78c0e-869c-4f76-b4ce-2034448e0b80: shutdown LeaderElection
2019-10-19 01:04:27,334 [Thread-391] INFO  impl.FollowerState (FollowerState.java:run(117)) - 51276c3c-a3b8-4274-b089-592ff4589f41@group-D48B69A44692-FollowerState was interrupted: java.lang.InterruptedException: sleep interrupted
2019-10-19 01:04:27,334 [grpc-default-executor-6] INFO  impl.RoleInfo (RoleInfo.java:updateAndGet(143)) - 51276c3c-a3b8-4274-b089-592ff4589f41: start FollowerState
2019-10-19 01:04:27,334 [grpc-default-executor-0] INFO  impl.RoleInfo (RoleInfo.java:updateAndGet(143)) - a1c78c0e-869c-4f76-b4ce-2034448e0b80: start FollowerState
2019-10-19 01:04:27,339 [grpc-default-executor-4] INFO  impl.RaftServerImpl (RaftServerImpl.java:setRole(184)) - b26a8d60-58dc-431d-8168-f89a9ab35f3a@group-FB3B7D7D89E3: changes role from  FOLLOWER to FOLLOWER at term 6 for recognizeCandidate:a54795b0-6c9c-4137-a866-f82f653c9bf9
2019-10-19 01:04:27,339 [grpc-default-executor-4] INFO  impl.RoleInfo (RoleInfo.java:shutdownFollowerState(121)) - b26a8d60-58dc-431d-8168-f89a9ab35f3a: shutdown FollowerState
2019-10-19 01:04:27,339 [grpc-default-executor-3] INFO  impl.RaftServerImpl (RaftServerImpl.java:setRole(184)) - 16805c57-9f45-4377-8998-764a8f26e152@group-FB3B7D7D89E3: changes role from  FOLLOWER to FOLLOWER at term 6 for recognizeCandidate:a54795b0-6c9c-4137-a866-f82f653c9bf9
2019-10-19 01:04:27,340 [grpc-default-executor-4] INFO  impl.RoleInfo (RoleInfo.java:updateAndGet(143)) - b26a8d60-58dc-431d-8168-f89a9ab35f3a: start FollowerState
2019-10-19 01:04:27,339 [Thread-401] INFO  impl.FollowerState (FollowerState.java:run(117)) - b26a8d60-58dc-431d-8168-f89a9ab35f3a@group-FB3B7D7D89E3-FollowerState was interrupted: java.lang.InterruptedException: sleep interrupted
2019-10-19 01:04:27,342 [grpc-default-executor-3] INFO  impl.RoleInfo (RoleInfo.java:shutdownFollowerState(121)) - 16805c57-9f45-4377-8998-764a8f26e152: shutdown FollowerState
2019-10-19 01:04:27,344 [Thread-403] INFO  impl.FollowerState (FollowerState.java:run(117)) - 16805c57-9f45-4377-8998-764a8f26e152@group-FB3B7D7D89E3-FollowerState was interrupted: java.lang.InterruptedException: sleep interrupted
2019-10-19 01:04:27,344 [grpc-default-executor-3] INFO  impl.RoleInfo (RoleInfo.java:updateAndGet(143)) - 16805c57-9f45-4377-8998-764a8f26e152: start FollowerState
2019-10-19 01:04:27,349 [a54795b0-6c9c-4137-a866-f82f653c9bf9@group-FB3B7D7D89E3-LeaderElection17] INFO  impl.LeaderElection (LeaderElection.java:askForVotes(178)) - a54795b0-6c9c-4137-a866-f82f653c9bf9@group-FB3B7D7D89E3-LeaderElection17: begin an election at term 7 for -1: [a54795b0-6c9c-4137-a866-f82f653c9bf9:192.168.157.213:43688, b26a8d60-58dc-431d-8168-f89a9ab35f3a:192.168.157.213:35535, 16805c57-9f45-4377-8998-764a8f26e152:192.168.157.213:33728], old=null
2019-10-19 01:04:27,352 [64c90977-e867-487c-b50d-c226f2d34a76@group-D48B69A44692-LeaderElection16] INFO  impl.LeaderElection (LeaderElection.java:logAndReturn(56)) - 64c90977-e867-487c-b50d-c226f2d34a76@group-D48B69A44692-LeaderElection16: Election PASSED; received 1 response(s) [64c90977-e867-487c-b50d-c226f2d34a76<-51276c3c-a3b8-4274-b089-592ff4589f41#0:OK-t1] and 0 exception(s); 64c90977-e867-487c-b50d-c226f2d34a76@group-D48B69A44692:t1, leader=null, voted=64c90977-e867-487c-b50d-c226f2d34a76, raftlog=64c90977-e867-487c-b50d-c226f2d34a76@group-D48B69A44692-SegmentedRaftLog:OPENED:c-1,f-1,i0, conf=-1: [51276c3c-a3b8-4274-b089-592ff4589f41:192.168.157.213:36639, 64c90977-e867-487c-b50d-c226f2d34a76:192.168.157.213:37433, a1c78c0e-869c-4f76-b4ce-2034448e0b80:192.168.157.213:33501], old=null
2019-10-19 01:04:27,354 [64c90977-e867-487c-b50d-c226f2d34a76@group-D48B69A44692-LeaderElection16] INFO  impl.RoleInfo (RoleInfo.java:shutdownLeaderElection(134)) - 64c90977-e867-487c-b50d-c226f2d34a76: shutdown LeaderElection
2019-10-19 01:04:27,355 [a54795b0-6c9c-4137-a866-f82f653c9bf9@group-FB3B7D7D89E3-LeaderElection17] INFO  impl.LeaderElection (LeaderElection.java:logAndReturn(56)) - a54795b0-6c9c-4137-a866-f82f653c9bf9@group-FB3B7D7D89E3-LeaderElection17: Election TIMEOUT; received 0 response(s) [] and 0 exception(s); a54795b0-6c9c-4137-a866-f82f653c9bf9@group-FB3B7D7D89E3:t7, leader=null, voted=a54795b0-6c9c-4137-a866-f82f653c9bf9, raftlog=a54795b0-6c9c-4137-a866-f82f653c9bf9@group-FB3B7D7D89E3-SegmentedRaftLog:OPENED:c-1,f-1,i0, conf=-1: [a54795b0-6c9c-4137-a866-f82f653c9bf9:192.168.157.213:43688, b26a8d60-58dc-431d-8168-f89a9ab35f3a:192.168.157.213:35535, 16805c57-9f45-4377-8998-764a8f26e152:192.168.157.213:33728], old=null
2019-10-19 01:04:27,357 [64c90977-e867-487c-b50d-c226f2d34a76@group-D48B69A44692-LeaderElection16] INFO  impl.RaftServerImpl (RaftServerImpl.java:setRole(184)) - 64c90977-e867-487c-b50d-c226f2d34a76@group-D48B69A44692: changes role from CANDIDATE to LEADER at term 1 for changeToLeader
2019-10-19 01:04:27,357 [64c90977-e867-487c-b50d-c226f2d34a76@group-D48B69A44692-LeaderElection16] INFO  impl.RaftServerImpl (ServerState.java:setLeader(256)) - 64c90977-e867-487c-b50d-c226f2d34a76@group-D48B69A44692: change Leader from null to 64c90977-e867-487c-b50d-c226f2d34a76 at term 1 for becomeLeader, leader elected after 245ms
2019-10-19 01:04:27,657 [Thread-428] INFO  impl.FollowerState (FollowerState.java:run(108)) - a1c78c0e-869c-4f76-b4ce-2034448e0b80@group-D48B69A44692-FollowerState: change to CANDIDATE, lastRpcTime:322ms, electionTimeout:186ms
2019-10-19 01:04:27,665 [Thread-428] INFO  impl.RoleInfo (RoleInfo.java:shutdownFollowerState(121)) - a1c78c0e-869c-4f76-b4ce-2034448e0b80: shutdown FollowerState
2019-10-19 01:04:27,663 [a1c78c0e-869c-4f76-b4ce-2034448e0b80@group-D48B69A44692-LeaderElection18] INFO  impl.LeaderElection (LeaderElection.java:askForVotes(178)) - a1c78c0e-869c-4f76-b4ce-2034448e0b80@group-D48B69A44692-LeaderElection18: begin an election at term 2 for -1: [51276c3c-a3b8-4274-b089-592ff4589f41:192.168.157.213:36639, 64c90977-e867-487c-b50d-c226f2d34a76:192.168.157.213:37433, a1c78c0e-869c-4f76-b4ce-2034448e0b80:192.168.157.213:33501], old=null
2019-10-19 01:04:27,663 [Thread-427] INFO  impl.FollowerState (FollowerState.java:run(108)) - 51276c3c-a3b8-4274-b089-592ff4589f41@group-D48B69A44692-FollowerState: change to CANDIDATE, lastRpcTime:319ms, electionTimeout:49ms
2019-10-19 01:04:27,663 [64c90977-e867-487c-b50d-c226f2d34a76@group-D48B69A44692-LeaderElection16] INFO  server.RaftServerConfigKeys (ConfUtils.java:logGet(43)) - raft.server.staging.catchup.gap = 1000 (default)
2019-10-19 01:04:27,667 [Thread-428] INFO  impl.RaftServerImpl (RaftServerImpl.java:setRole(184)) - a1c78c0e-869c-4f76-b4ce-2034448e0b80@group-D48B69A44692: changes role from  FOLLOWER to CANDIDATE at term 2 for changeToCandidate
2019-10-19 01:04:27,669 [64c90977-e867-487c-b50d-c226f2d34a76@group-D48B69A44692-LeaderElection16] INFO  server.RaftServerConfigKeys (ConfUtils.java:logGet(43)) - raft.server.rpc.sleep.time = 25ms (default)
2019-10-19 01:04:27,669 [Thread-427] INFO  impl.RoleInfo (RoleInfo.java:shutdownFollowerState(121)) - 51276c3c-a3b8-4274-b089-592ff4589f41: shutdown FollowerState
2019-10-19 01:04:27,670 [Thread-428] INFO  impl.RoleInfo (RoleInfo.java:updateAndGet(143)) - a1c78c0e-869c-4f76-b4ce-2034448e0b80: start LeaderElection
2019-10-19 01:04:27,670 [grpc-default-executor-1] INFO  impl.RaftServerImpl (ServerState.java:setRaftConf(357)) - 390d33c4-98c8-495f-9f34-63cdf16532b5@group-EFF8D6679E36: set configuration 0: [7f3fb33d-9d98-4be4-bfb4-e5618e23eafb:192.168.157.213:46612, 390d33c4-98c8-495f-9f34-63cdf16532b5:192.168.157.213:40184, bd96e850-7fd3-40f8-8499-55f7f41be4fe:192.168.157.213:46800], old=null at 0
2019-10-19 01:04:27,670 [grpc-default-executor-6] INFO  impl.RaftServerImpl (RaftServerImpl.java:setRole(184)) - 16805c57-9f45-4377-8998-764a8f26e152@group-FB3B7D7D89E3: changes role from  FOLLOWER to FOLLOWER at term 7 for recognizeCandidate:a54795b0-6c9c-4137-a866-f82f653c9bf9
2019-10-19 01:04:27,673 [grpc-default-executor-6] INFO  impl.RoleInfo (RoleInfo.java:shutdownFollowerState(121)) - 16805c57-9f45-4377-8998-764a8f26e152: shutdown FollowerState
2019-10-19 01:04:27,670 [grpc-default-executor-4] INFO  impl.RaftServerImpl (RaftServerImpl.java:setRole(184)) - b26a8d60-58dc-431d-8168-f89a9ab35f3a@group-FB3B7D7D89E3: changes role from  FOLLOWER to FOLLOWER at term 7 for recognizeCandidate:a54795b0-6c9c-4137-a866-f82f653c9bf9
2019-10-19 01:04:27,673 [Thread-430] INFO  impl.FollowerState (FollowerState.java:run(117)) - 16805c57-9f45-4377-8998-764a8f26e152@group-FB3B7D7D89E3-FollowerState was interrupted: java.lang.InterruptedException: sleep interrupted
2019-10-19 01:04:27,673 [grpc-default-executor-6] INFO  impl.RoleInfo (RoleInfo.java:updateAndGet(143)) - 16805c57-9f45-4377-8998-764a8f26e152: start FollowerState
2019-10-19 01:04:27,670 [grpc-default-executor-2] INFO  impl.RaftServerImpl (ServerState.java:setRaftConf(357)) - 7f3fb33d-9d98-4be4-bfb4-e5618e23eafb@group-EFF8D6679E36: set configuration 0: [7f3fb33d-9d98-4be4-bfb4-e5618e23eafb:192.168.157.213:46612, 390d33c4-98c8-495f-9f34-63cdf16532b5:192.168.157.213:40184, bd96e850-7fd3-40f8-8499-55f7f41be4fe:192.168.157.213:46800], old=null at 0
2019-10-19 01:04:27,670 [64c90977-e867-487c-b50d-c226f2d34a76@group-D48B69A44692-LeaderElection16] INFO  server.RaftServerConfigKeys (ConfUtils.java:logGet(43)) - raft.server.write.element-limit = 4096 (default)
2019-10-19 01:04:27,670 [Thread-427] INFO  impl.RaftServerImpl (RaftServerImpl.java:setRole(184)) - 51276c3c-a3b8-4274-b089-592ff4589f41@group-D48B69A44692: changes role from  FOLLOWER to CANDIDATE at term 1 for changeToCandidate
2019-10-19 01:04:27,676 [64c90977-e867-487c-b50d-c226f2d34a76@group-D48B69A44692-LeaderElection16] INFO  server.RaftServerConfigKeys (ConfUtils.java:logGet(43)) - raft.server.watch.timeout = 10s (default)
2019-10-19 01:04:27,676 [grpc-default-executor-2] INFO  segmented.SegmentedRaftLogWorker (SegmentedRaftLogWorker.java:startLogSegment(385)) - 7f3fb33d-9d98-4be4-bfb4-e5618e23eafb@group-EFF8D6679E36-SegmentedRaftLogWorker: Starting segment from index:0
2019-10-19 01:04:27,673 [grpc-default-executor-4] INFO  impl.RoleInfo (RoleInfo.java:shutdownFollowerState(121)) - b26a8d60-58dc-431d-8168-f89a9ab35f3a: shutdown FollowerState
2019-10-19 01:04:27,678 [64c90977-e867-487c-b50d-c226f2d34a76@group-D48B69A44692-LeaderElection16] INFO  server.RaftServerConfigKeys (ConfUtils.java:logGet(43)) - raft.server.watch.timeout.denomination = 1s (default)
2019-10-19 01:04:27,676 [Thread-427] INFO  impl.RoleInfo (RoleInfo.java:updateAndGet(143)) - 51276c3c-a3b8-4274-b089-592ff4589f41: start LeaderElection
2019-10-19 01:04:27,679 [64c90977-e867-487c-b50d-c226f2d34a76@group-D48B69A44692-LeaderElection16] INFO  server.RaftServerConfigKeys (ConfUtils.java:logGet(43)) - raft.server.watch.element-limit = 65536 (default)
2019-10-19 01:04:27,679 [grpc-default-executor-4] INFO  impl.RoleInfo (RoleInfo.java:updateAndGet(143)) - b26a8d60-58dc-431d-8168-f89a9ab35f3a: start FollowerState
2019-10-19 01:04:27,679 [Thread-429] INFO  impl.FollowerState (FollowerState.java:run(117)) - b26a8d60-58dc-431d-8168-f89a9ab35f3a@group-FB3B7D7D89E3-FollowerState was interrupted: java.lang.InterruptedException: sleep interrupted
2019-10-19 01:04:27,714 [a54795b0-6c9c-4137-a866-f82f653c9bf9@group-FB3B7D7D89E3-LeaderElection17] INFO  impl.LeaderElection (LeaderElection.java:askForVotes(178)) - a54795b0-6c9c-4137-a866-f82f653c9bf9@group-FB3B7D7D89E3-LeaderElection17: begin an election at term 8 for -1: [a54795b0-6c9c-4137-a866-f82f653c9bf9:192.168.157.213:43688, b26a8d60-58dc-431d-8168-f89a9ab35f3a:192.168.157.213:35535, 16805c57-9f45-4377-8998-764a8f26e152:192.168.157.213:33728], old=null
2019-10-19 01:04:27,713 [a1c78c0e-869c-4f76-b4ce-2034448e0b80@group-D48B69A44692-LeaderElection19] INFO  impl.LeaderElection (LeaderElection.java:askForVotes(178)) - a1c78c0e-869c-4f76-b4ce-2034448e0b80@group-D48B69A44692-LeaderElection19: begin an election at term 3 for -1: [51276c3c-a3b8-4274-b089-592ff4589f41:192.168.157.213:36639, 64c90977-e867-487c-b50d-c226f2d34a76:192.168.157.213:37433, a1c78c0e-869c-4f76-b4ce-2034448e0b80:192.168.157.213:33501], old=null
2019-10-19 01:04:27,716 [a1c78c0e-869c-4f76-b4ce-2034448e0b80@group-D48B69A44692-LeaderElection18] INFO  impl.LeaderElection (LeaderElection.java:logAndReturn(56)) - a1c78c0e-869c-4f76-b4ce-2034448e0b80@group-D48B69A44692-LeaderElection18: Election REJECTED; received 0 response(s) [] and 0 exception(s); a1c78c0e-869c-4f76-b4ce-2034448e0b80@group-D48B69A44692:t3, leader=null, voted=a1c78c0e-869c-4f76-b4ce-2034448e0b80, raftlog=a1c78c0e-869c-4f76-b4ce-2034448e0b80@group-D48B69A44692-SegmentedRaftLog:OPENED:c-1,f-1,i0, conf=-1: [51276c3c-a3b8-4274-b089-592ff4589f41:192.168.157.213:36639, 64c90977-e867-487c-b50d-c226f2d34a76:192.168.157.213:37433, a1c78c0e-869c-4f76-b4ce-2034448e0b80:192.168.157.213:33501], old=null
2019-10-19 01:04:27,718 [Thread-283] INFO  container.ReplicationManager (ReplicationManager.java:start(162)) - Starting Replication Monitor Thread.
2019-10-19 01:04:27,722 [grpc-default-executor-1] INFO  segmented.SegmentedRaftLogWorker (SegmentedRaftLogWorker.java:truncate(401)) - 390d33c4-98c8-495f-9f34-63cdf16532b5@group-EFF8D6679E36-SegmentedRaftLogWorker: Truncating segments toTruncate: null
  toDelete: [(0, 0) isOpen? true, length=0, newEndIndex=-1], start index 0
2019-10-19 01:04:27,724 [ReplicationMonitor] INFO  container.ReplicationManager (ReplicationManager.java:run(225)) - Replication Monitor Thread took 4 milliseconds for processing 0 containers.
2019-10-19 01:04:27,724 [grpc-default-executor-1] INFO  segmented.SegmentedRaftLogWorker (SegmentedRaftLogWorker.java:startLogSegment(385)) - 390d33c4-98c8-495f-9f34-63cdf16532b5@group-EFF8D6679E36-SegmentedRaftLogWorker: Starting segment from index:0
2019-10-19 01:04:27,725 [grpc-default-executor-6] INFO  impl.RaftServerImpl (RaftServerImpl.java:setRole(184)) - 16805c57-9f45-4377-8998-764a8f26e152@group-FB3B7D7D89E3: changes role from  FOLLOWER to FOLLOWER at term 8 for recognizeCandidate:a54795b0-6c9c-4137-a866-f82f653c9bf9
2019-10-19 01:04:27,725 [grpc-default-executor-6] INFO  impl.RoleInfo (RoleInfo.java:shutdownFollowerState(121)) - 16805c57-9f45-4377-8998-764a8f26e152: shutdown FollowerState
2019-10-19 01:04:27,725 [64c90977-e867-487c-b50d-c226f2d34a76@group-D48B69A44692-LeaderElection16] INFO  server.RaftServerConfigKeys (ConfUtils.java:logGet(43)) - raft.server.log.appender.snapshot.chunk.size.max = 16MB (=16777216) (default)
2019-10-19 01:04:27,725 [grpc-default-executor-6] INFO  impl.RoleInfo (RoleInfo.java:updateAndGet(143)) - 16805c57-9f45-4377-8998-764a8f26e152: start FollowerState
2019-10-19 01:04:27,725 [Thread-436] INFO  impl.FollowerState (FollowerState.java:run(117)) - 16805c57-9f45-4377-8998-764a8f26e152@group-FB3B7D7D89E3-FollowerState was interrupted: java.lang.InterruptedException: sleep interrupted
2019-10-19 01:04:27,725 [64c90977-e867-487c-b50d-c226f2d34a76@group-D48B69A44692-LeaderElection16] INFO  server.RaftServerConfigKeys (ConfUtils.java:logGet(43)) - raft.server.log.appender.buffer.byte-limit = 33554432 (custom)
2019-10-19 01:04:27,727 [64c90977-e867-487c-b50d-c226f2d34a76@group-D48B69A44692-LeaderElection16] INFO  server.RaftServerConfigKeys (ConfUtils.java:logGet(43)) - raft.server.log.appender.buffer.element-limit = 1 (custom)
2019-10-19 01:04:27,728 [390d33c4-98c8-495f-9f34-63cdf16532b5@group-EFF8D6679E36-SegmentedRaftLogWorker] INFO  segmented.SegmentedRaftLogWorker (SegmentedRaftLogWorker.java:execute(640)) - 390d33c4-98c8-495f-9f34-63cdf16532b5@group-EFF8D6679E36-SegmentedRaftLogWorker: Deleted log file /workdir/hadoop-ozone/integration-test/target/test-dir/MiniOzoneClusterImpl-08d89ad4-f612-48fc-8979-c1cb428f8ac2/datanode-1/data/ratis/0dfdf3c4-3684-4afb-bbd7-eff8d6679e36/current/log_inprogress_0
2019-10-19 01:04:27,728 [64c90977-e867-487c-b50d-c226f2d34a76@group-D48B69A44692-LeaderElection16] INFO  grpc.GrpcConfigKeys$Server (ConfUtils.java:logGet(43)) - raft.grpc.server.leader.outstanding.appends.max = 128 (default)
2019-10-19 01:04:27,728 [64c90977-e867-487c-b50d-c226f2d34a76@group-D48B69A44692-LeaderElection16] INFO  server.RaftServerConfigKeys (ConfUtils.java:logGet(43)) - raft.server.rpc.request.timeout = 3000ms (default)
2019-10-19 01:04:27,728 [64c90977-e867-487c-b50d-c226f2d34a76@group-D48B69A44692-LeaderElection16] INFO  server.RaftServerConfigKeys (ConfUtils.java:logGet(43)) - raft.server.log.appender.install.snapshot.enabled = false (custom)
2019-10-19 01:04:27,728 [390d33c4-98c8-495f-9f34-63cdf16532b5@group-EFF8D6679E36-SegmentedRaftLogWorker] INFO  segmented.SegmentedRaftLogWorker (SegmentedRaftLogWorker.java:lambda$new$0(128)) - 390d33c4-98c8-495f-9f34-63cdf16532b5@group-EFF8D6679E36-SegmentedRaftLogWorker: flushIndex: setUnconditionally 0 -> -1
2019-10-19 01:04:27,730 [64c90977-e867-487c-b50d-c226f2d34a76@group-D48B69A44692-LeaderElection16] INFO  server.RaftServerConfigKeys (ConfUtils.java:logGet(43)) - raft.server.log.appender.snapshot.chunk.size.max = 16MB (=16777216) (default)
2019-10-19 01:04:27,730 [64c90977-e867-487c-b50d-c226f2d34a76@group-D48B69A44692-LeaderElection16] INFO  server.RaftServerConfigKeys (ConfUtils.java:logGet(43)) - raft.server.log.appender.buffer.byte-limit = 33554432 (custom)
2019-10-19 01:04:27,731 [64c90977-e867-487c-b50d-c226f2d34a76@group-D48B69A44692-LeaderElection16] INFO  server.RaftServerConfigKeys (ConfUtils.java:logGet(43)) - raft.server.log.appender.buffer.element-limit = 1 (custom)
2019-10-19 01:04:27,731 [64c90977-e867-487c-b50d-c226f2d34a76@group-D48B69A44692-LeaderElection16] INFO  grpc.GrpcConfigKeys$Server (ConfUtils.java:logGet(43)) - raft.grpc.server.leader.outstanding.appends.max = 128 (default)
2019-10-19 01:04:27,731 [64c90977-e867-487c-b50d-c226f2d34a76@group-D48B69A44692-LeaderElection16] INFO  server.RaftServerConfigKeys (ConfUtils.java:logGet(43)) - raft.server.rpc.request.timeout = 3000ms (default)
2019-10-19 01:04:27,731 [64c90977-e867-487c-b50d-c226f2d34a76@group-D48B69A44692-LeaderElection16] INFO  server.RaftServerConfigKeys (ConfUtils.java:logGet(43)) - raft.server.log.appender.install.snapshot.enabled = false (custom)
2019-10-19 01:04:27,733 [64c90977-e867-487c-b50d-c226f2d34a76@group-D48B69A44692-LeaderElection16] INFO  impl.RoleInfo (RoleInfo.java:updateAndGet(143)) - 64c90977-e867-487c-b50d-c226f2d34a76: start LeaderState
2019-10-19 01:04:27,734 [64c90977-e867-487c-b50d-c226f2d34a76@group-D48B69A44692-LeaderElection16] INFO  segmented.SegmentedRaftLogWorker (SegmentedRaftLogWorker.java:startLogSegment(385)) - 64c90977-e867-487c-b50d-c226f2d34a76@group-D48B69A44692-SegmentedRaftLogWorker: Starting segment from index:0
2019-10-19 01:04:27,734 [64c90977-e867-487c-b50d-c226f2d34a76@group-D48B69A44692-LeaderElection16] INFO  impl.RaftServerImpl (ServerState.java:setRaftConf(357)) - 64c90977-e867-487c-b50d-c226f2d34a76@group-D48B69A44692: set configuration 0: [51276c3c-a3b8-4274-b089-592ff4589f41:192.168.157.213:36639, 64c90977-e867-487c-b50d-c226f2d34a76:192.168.157.213:37433, a1c78c0e-869c-4f76-b4ce-2034448e0b80:192.168.157.213:33501], old=null at 0
2019-10-19 01:04:27,784 [7f3fb33d-9d98-4be4-bfb4-e5618e23eafb@group-EFF8D6679E36-SegmentedRaftLogWorker] INFO  segmented.SegmentedRaftLogWorker (SegmentedRaftLogWorker.java:execute(576)) - 7f3fb33d-9d98-4be4-bfb4-e5618e23eafb@group-EFF8D6679E36-SegmentedRaftLogWorker: created new log segment /workdir/hadoop-ozone/integration-test/target/test-dir/MiniOzoneClusterImpl-08d89ad4-f612-48fc-8979-c1cb428f8ac2/datanode-8/data/ratis/0dfdf3c4-3684-4afb-bbd7-eff8d6679e36/current/log_inprogress_0
2019-10-19 01:04:27,784 [grpc-default-executor-5] INFO  impl.RaftServerImpl (ServerState.java:setLeader(256)) - 64c90977-e867-487c-b50d-c226f2d34a76@group-D48B69A44692: change Leader from 64c90977-e867-487c-b50d-c226f2d34a76 to null at term 3 for updateCurrentTerm
2019-10-19 01:04:27,784 [grpc-default-executor-0] INFO  impl.RaftServerImpl (RaftServerImpl.java:setRole(184)) - b26a8d60-58dc-431d-8168-f89a9ab35f3a@group-FB3B7D7D89E3: changes role from  FOLLOWER to FOLLOWER at term 8 for recognizeCandidate:a54795b0-6c9c-4137-a866-f82f653c9bf9
2019-10-19 01:04:27,784 [grpc-default-executor-2] INFO  impl.RaftServerImpl (RaftServerImpl.java:setRole(184)) - 51276c3c-a3b8-4274-b089-592ff4589f41@group-D48B69A44692: changes role from CANDIDATE to FOLLOWER at term 3 for recognizeCandidate:a1c78c0e-869c-4f76-b4ce-2034448e0b80
2019-10-19 01:04:27,784 [51276c3c-a3b8-4274-b089-592ff4589f41@group-D48B69A44692-LeaderElection20] INFO  impl.LeaderElection (LeaderElection.java:askForVotes(178)) - 51276c3c-a3b8-4274-b089-592ff4589f41@group-D48B69A44692-LeaderElection20: begin an election at term 2 for -1: [51276c3c-a3b8-4274-b089-592ff4589f41:192.168.157.213:36639, 64c90977-e867-487c-b50d-c226f2d34a76:192.168.157.213:37433, a1c78c0e-869c-4f76-b4ce-2034448e0b80:192.168.157.213:33501], old=null
2019-10-19 01:04:27,786 [grpc-default-executor-2] INFO  impl.RoleInfo (RoleInfo.java:shutdownLeaderElection(134)) - 51276c3c-a3b8-4274-b089-592ff4589f41: shutdown LeaderElection
2019-10-19 01:04:27,786 [grpc-default-executor-0] INFO  impl.RoleInfo (RoleInfo.java:shutdownFollowerState(121)) - b26a8d60-58dc-431d-8168-f89a9ab35f3a: shutdown FollowerState
2019-10-19 01:04:27,787 [grpc-default-executor-2] INFO  impl.RoleInfo (RoleInfo.java:updateAndGet(143)) - 51276c3c-a3b8-4274-b089-592ff4589f41: start FollowerState
2019-10-19 01:04:27,786 [grpc-default-executor-5] INFO  impl.RaftServerImpl (RaftServerImpl.java:setRole(184)) - 64c90977-e867-487c-b50d-c226f2d34a76@group-D48B69A44692: changes role from    LEADER to FOLLOWER at term 3 for recognizeCandidate:a1c78c0e-869c-4f76-b4ce-2034448e0b80
2019-10-19 01:04:27,787 [grpc-default-executor-0] INFO  impl.RoleInfo (RoleInfo.java:updateAndGet(143)) - b26a8d60-58dc-431d-8168-f89a9ab35f3a: start FollowerState
2019-10-19 01:04:27,787 [Thread-438] INFO  impl.FollowerState (FollowerState.java:run(117)) - b26a8d60-58dc-431d-8168-f89a9ab35f3a@group-FB3B7D7D89E3-FollowerState was interrupted: java.lang.InterruptedException: sleep interrupted
2019-10-19 01:04:27,787 [grpc-default-executor-5] INFO  impl.RoleInfo (RoleInfo.java:shutdownLeaderState(104)) - 64c90977-e867-487c-b50d-c226f2d34a76: shutdown LeaderState
2019-10-19 01:04:27,794 [grpc-default-executor-5] INFO  impl.PendingRequests (PendingRequests.java:sendNotLeaderResponses(202)) - 64c90977-e867-487c-b50d-c226f2d34a76@group-D48B69A44692-PendingRequests: sendNotLeaderResponses
2019-10-19 01:04:27,794 [org.apache.ratis.server.impl.LogAppender$AppenderDaemon$$Lambda$421/1922320946@49742ed6] WARN  server.GrpcLogAppender (GrpcLogAppender.java:mayWait(149)) - 64c90977-e867-487c-b50d-c226f2d34a76@group-D48B69A44692->51276c3c-a3b8-4274-b089-592ff4589f41-GrpcLogAppender: Wait interrupted by java.lang.InterruptedException
2019-10-19 01:04:27,794 [org.apache.ratis.server.impl.LogAppender$AppenderDaemon$$Lambda$421/1922320946@78f7e484] WARN  server.GrpcLogAppender (GrpcLogAppender.java:mayWait(149)) - 64c90977-e867-487c-b50d-c226f2d34a76@group-D48B69A44692->a1c78c0e-869c-4f76-b4ce-2034448e0b80-GrpcLogAppender: Wait interrupted by java.lang.InterruptedException
2019-10-19 01:04:27,794 [grpc-default-executor-5] INFO  impl.RoleInfo (RoleInfo.java:updateAndGet(143)) - 64c90977-e867-487c-b50d-c226f2d34a76: start FollowerState
2019-10-19 01:04:27,797 [64c90977-e867-487c-b50d-c226f2d34a76@group-D48B69A44692-SegmentedRaftLogWorker] INFO  segmented.SegmentedRaftLogWorker (SegmentedRaftLogWorker.java:execute(576)) - 64c90977-e867-487c-b50d-c226f2d34a76@group-D48B69A44692-SegmentedRaftLogWorker: created new log segment /workdir/hadoop-ozone/integration-test/target/test-dir/MiniOzoneClusterImpl-08d89ad4-f612-48fc-8979-c1cb428f8ac2/datanode-0/data/ratis/9eeb004c-3e42-4c42-8708-d48b69a44692/current/log_inprogress_0
2019-10-19 01:04:27,797 [390d33c4-98c8-495f-9f34-63cdf16532b5@group-EFF8D6679E36-SegmentedRaftLogWorker] INFO  segmented.SegmentedRaftLogWorker (SegmentedRaftLogWorker.java:execute(576)) - 390d33c4-98c8-495f-9f34-63cdf16532b5@group-EFF8D6679E36-SegmentedRaftLogWorker: created new log segment /workdir/hadoop-ozone/integration-test/target/test-dir/MiniOzoneClusterImpl-08d89ad4-f612-48fc-8979-c1cb428f8ac2/datanode-1/data/ratis/0dfdf3c4-3684-4afb-bbd7-eff8d6679e36/current/log_inprogress_0
2019-10-19 01:04:27,800 [grpc-default-executor-6] INFO  server.GrpcServerProtocolService (GrpcServerProtocolService.java:onCompleted(113)) - a1c78c0e-869c-4f76-b4ce-2034448e0b80: Completed APPEND_ENTRIES, lastRequest: 64c90977-e867-487c-b50d-c226f2d34a76->a1c78c0e-869c-4f76-b4ce-2034448e0b80#0-t1, previous=(t:0, i:0), leaderCommit=-1, initializing? false, entries: <empty>
2019-10-19 01:04:27,812 [grpc-default-executor-4] INFO  server.GrpcServerProtocolService (GrpcServerProtocolService.java:onCompleted(113)) - 51276c3c-a3b8-4274-b089-592ff4589f41: Completed APPEND_ENTRIES, lastRequest: 64c90977-e867-487c-b50d-c226f2d34a76->51276c3c-a3b8-4274-b089-592ff4589f41#0-t1, previous=(t:0, i:0), leaderCommit=-1, initializing? false, entries: <empty>
2019-10-19 01:04:27,812 [grpc-default-executor-6] INFO  server.GrpcLogAppender (GrpcLogAppender.java:onCompleted(308)) - 64c90977-e867-487c-b50d-c226f2d34a76@group-D48B69A44692->a1c78c0e-869c-4f76-b4ce-2034448e0b80-AppendLogResponseHandler: follower responses appendEntries COMPLETED
2019-10-19 01:04:27,812 [51276c3c-a3b8-4274-b089-592ff4589f41@group-D48B69A44692-LeaderElection20] INFO  impl.LeaderElection (LeaderElection.java:logAndReturn(56)) - 51276c3c-a3b8-4274-b089-592ff4589f41@group-D48B69A44692-LeaderElection20: Election REJECTED; received 0 response(s) [] and 0 exception(s); 51276c3c-a3b8-4274-b089-592ff4589f41@group-D48B69A44692:t3, leader=null, voted=null, raftlog=51276c3c-a3b8-4274-b089-592ff4589f41@group-D48B69A44692-SegmentedRaftLog:OPENED:c-1,f-1,i0, conf=-1: [51276c3c-a3b8-4274-b089-592ff4589f41:192.168.157.213:36639, 64c90977-e867-487c-b50d-c226f2d34a76:192.168.157.213:37433, a1c78c0e-869c-4f76-b4ce-2034448e0b80:192.168.157.213:33501], old=null
2019-10-19 01:04:27,835 [Thread-449] INFO  impl.FollowerState (FollowerState.java:run(108)) - 51276c3c-a3b8-4274-b089-592ff4589f41@group-D48B69A44692-FollowerState: change to CANDIDATE, lastRpcTime:48ms, electionTimeout:45ms
2019-10-19 01:04:27,835 [Thread-449] INFO  impl.RoleInfo (RoleInfo.java:shutdownFollowerState(121)) - 51276c3c-a3b8-4274-b089-592ff4589f41: shutdown FollowerState
2019-10-19 01:04:27,835 [Thread-449] INFO  impl.RaftServerImpl (RaftServerImpl.java:setRole(184)) - 51276c3c-a3b8-4274-b089-592ff4589f41@group-D48B69A44692: changes role from  FOLLOWER to CANDIDATE at term 3 for changeToCandidate
2019-10-19 01:04:27,836 [Thread-449] INFO  impl.RoleInfo (RoleInfo.java:updateAndGet(143)) - 51276c3c-a3b8-4274-b089-592ff4589f41: start LeaderElection
2019-10-19 01:04:27,836 [grpc-default-executor-4] INFO  server.GrpcLogAppender (GrpcLogAppender.java:onCompleted(308)) - 64c90977-e867-487c-b50d-c226f2d34a76@group-D48B69A44692->51276c3c-a3b8-4274-b089-592ff4589f41-AppendLogResponseHandler: follower responses appendEntries COMPLETED
2019-10-19 01:04:27,840 [grpc-default-executor-6] INFO  impl.FollowerInfo (FollowerInfo.java:lambda$new$0(51)) - 64c90977-e867-487c-b50d-c226f2d34a76@group-D48B69A44692->a1c78c0e-869c-4f76-b4ce-2034448e0b80: nextIndex: updateUnconditionally 0 -> 0
2019-10-19 01:04:27,840 [a54795b0-6c9c-4137-a866-f82f653c9bf9@group-FB3B7D7D89E3-LeaderElection17] INFO  impl.LeaderElection (LeaderElection.java:logAndReturn(56)) - a54795b0-6c9c-4137-a866-f82f653c9bf9@group-FB3B7D7D89E3-LeaderElection17: Election REJECTED; received 2 response(s) [a54795b0-6c9c-4137-a866-f82f653c9bf9<-b26a8d60-58dc-431d-8168-f89a9ab35f3a#0:FAIL-t8, a54795b0-6c9c-4137-a866-f82f653c9bf9<-16805c57-9f45-4377-8998-764a8f26e152#0:FAIL-t8] and 0 exception(s); a54795b0-6c9c-4137-a866-f82f653c9bf9@group-FB3B7D7D89E3:t8, leader=null, voted=a54795b0-6c9c-4137-a866-f82f653c9bf9, raftlog=a54795b0-6c9c-4137-a866-f82f653c9bf9@group-FB3B7D7D89E3-SegmentedRaftLog:OPENED:c-1,f-1,i0, conf=-1: [a54795b0-6c9c-4137-a866-f82f653c9bf9:192.168.157.213:43688, b26a8d60-58dc-431d-8168-f89a9ab35f3a:192.168.157.213:35535, 16805c57-9f45-4377-8998-764a8f26e152:192.168.157.213:33728], old=null
2019-10-19 01:04:27,843 [a54795b0-6c9c-4137-a866-f82f653c9bf9@group-FB3B7D7D89E3-LeaderElection17] INFO  impl.RaftServerImpl (RaftServerImpl.java:setRole(184)) - a54795b0-6c9c-4137-a866-f82f653c9bf9@group-FB3B7D7D89E3: changes role from CANDIDATE to FOLLOWER at term 8 for DISCOVERED_A_NEW_TERM
2019-10-19 01:04:27,843 [a54795b0-6c9c-4137-a866-f82f653c9bf9@group-FB3B7D7D89E3-LeaderElection17] INFO  impl.RoleInfo (RoleInfo.java:shutdownLeaderElection(134)) - a54795b0-6c9c-4137-a866-f82f653c9bf9: shutdown LeaderElection
2019-10-19 01:04:27,843 [a54795b0-6c9c-4137-a866-f82f653c9bf9@group-FB3B7D7D89E3-LeaderElection17] INFO  impl.RoleInfo (RoleInfo.java:updateAndGet(143)) - a54795b0-6c9c-4137-a866-f82f653c9bf9: start FollowerState
2019-10-19 01:04:27,843 [grpc-default-executor-4] INFO  impl.FollowerInfo (FollowerInfo.java:lambda$new$0(51)) - 64c90977-e867-487c-b50d-c226f2d34a76@group-D48B69A44692->51276c3c-a3b8-4274-b089-592ff4589f41: nextIndex: updateUnconditionally 0 -> 0
2019-10-19 01:04:27,849 [a1c78c0e-869c-4f76-b4ce-2034448e0b80@group-D48B69A44692-LeaderElection19] INFO  impl.LeaderElection (LeaderElection.java:logAndReturn(56)) - a1c78c0e-869c-4f76-b4ce-2034448e0b80@group-D48B69A44692-LeaderElection19: Election REJECTED; received 2 response(s) [a1c78c0e-869c-4f76-b4ce-2034448e0b80<-51276c3c-a3b8-4274-b089-592ff4589f41#0:FAIL-t3, a1c78c0e-869c-4f76-b4ce-2034448e0b80<-64c90977-e867-487c-b50d-c226f2d34a76#0:FAIL-t3] and 0 exception(s); a1c78c0e-869c-4f76-b4ce-2034448e0b80@group-D48B69A44692:t3, leader=null, voted=a1c78c0e-869c-4f76-b4ce-2034448e0b80, raftlog=a1c78c0e-869c-4f76-b4ce-2034448e0b80@group-D48B69A44692-SegmentedRaftLog:OPENED:c-1,f-1,i0, conf=-1: [51276c3c-a3b8-4274-b089-592ff4589f41:192.168.157.213:36639, 64c90977-e867-487c-b50d-c226f2d34a76:192.168.157.213:37433, a1c78c0e-869c-4f76-b4ce-2034448e0b80:192.168.157.213:33501], old=null
2019-10-19 01:04:27,849 [a1c78c0e-869c-4f76-b4ce-2034448e0b80@group-D48B69A44692-LeaderElection19] INFO  impl.RaftServerImpl (RaftServerImpl.java:setRole(184)) - a1c78c0e-869c-4f76-b4ce-2034448e0b80@group-D48B69A44692: changes role from CANDIDATE to FOLLOWER at term 3 for DISCOVERED_A_NEW_TERM
2019-10-19 01:04:27,849 [a1c78c0e-869c-4f76-b4ce-2034448e0b80@group-D48B69A44692-LeaderElection19] INFO  impl.RoleInfo (RoleInfo.java:shutdownLeaderElection(134)) - a1c78c0e-869c-4f76-b4ce-2034448e0b80: shutdown LeaderElection
2019-10-19 01:04:27,849 [a1c78c0e-869c-4f76-b4ce-2034448e0b80@group-D48B69A44692-LeaderElection19] INFO  impl.RoleInfo (RoleInfo.java:updateAndGet(143)) - a1c78c0e-869c-4f76-b4ce-2034448e0b80: start FollowerState
2019-10-19 01:04:27,852 [51276c3c-a3b8-4274-b089-592ff4589f41@group-D48B69A44692-LeaderElection21] INFO  impl.LeaderElection (LeaderElection.java:askForVotes(178)) - 51276c3c-a3b8-4274-b089-592ff4589f41@group-D48B69A44692-LeaderElection21: begin an election at term 4 for -1: [51276c3c-a3b8-4274-b089-592ff4589f41:192.168.157.213:36639, 64c90977-e867-487c-b50d-c226f2d34a76:192.168.157.213:37433, a1c78c0e-869c-4f76-b4ce-2034448e0b80:192.168.157.213:33501], old=null
2019-10-19 01:04:27,856 [grpc-default-executor-4] INFO  impl.RaftServerImpl (RaftServerImpl.java:setRole(184)) - a1c78c0e-869c-4f76-b4ce-2034448e0b80@group-D48B69A44692: changes role from  FOLLOWER to FOLLOWER at term 4 for recognizeCandidate:51276c3c-a3b8-4274-b089-592ff4589f41
2019-10-19 01:04:27,856 [grpc-default-executor-4] INFO  impl.RoleInfo (RoleInfo.java:shutdownFollowerState(121)) - a1c78c0e-869c-4f76-b4ce-2034448e0b80: shutdown FollowerState
2019-10-19 01:04:27,857 [Thread-459] INFO  impl.FollowerState (FollowerState.java:run(117)) - a1c78c0e-869c-4f76-b4ce-2034448e0b80@group-D48B69A44692-FollowerState was interrupted: java.lang.InterruptedException: sleep interrupted
2019-10-19 01:04:27,857 [grpc-default-executor-4] INFO  impl.RoleInfo (RoleInfo.java:updateAndGet(143)) - a1c78c0e-869c-4f76-b4ce-2034448e0b80: start FollowerState
2019-10-19 01:04:27,859 [grpc-default-executor-5] INFO  impl.RaftServerImpl (RaftServerImpl.java:setRole(184)) - 64c90977-e867-487c-b50d-c226f2d34a76@group-D48B69A44692: changes role from  FOLLOWER to FOLLOWER at term 4 for recognizeCandidate:51276c3c-a3b8-4274-b089-592ff4589f41
2019-10-19 01:04:27,859 [grpc-default-executor-5] INFO  impl.RoleInfo (RoleInfo.java:shutdownFollowerState(121)) - 64c90977-e867-487c-b50d-c226f2d34a76: shutdown FollowerState
2019-10-19 01:04:27,859 [Thread-452] INFO  impl.FollowerState (FollowerState.java:run(117)) - 64c90977-e867-487c-b50d-c226f2d34a76@group-D48B69A44692-FollowerState was interrupted: java.lang.InterruptedException: sleep interrupted
2019-10-19 01:04:27,859 [grpc-default-executor-5] INFO  impl.RoleInfo (RoleInfo.java:updateAndGet(143)) - 64c90977-e867-487c-b50d-c226f2d34a76: start FollowerState
2019-10-19 01:04:27,874 [51276c3c-a3b8-4274-b089-592ff4589f41@group-D48B69A44692-LeaderElection21] INFO  impl.LeaderElection (LeaderElection.java:logAndReturn(56)) - 51276c3c-a3b8-4274-b089-592ff4589f41@group-D48B69A44692-LeaderElection21: Election PASSED; received 1 response(s) [51276c3c-a3b8-4274-b089-592ff4589f41<-a1c78c0e-869c-4f76-b4ce-2034448e0b80#0:OK-t4] and 0 exception(s); 51276c3c-a3b8-4274-b089-592ff4589f41@group-D48B69A44692:t4, leader=null, voted=51276c3c-a3b8-4274-b089-592ff4589f41, raftlog=51276c3c-a3b8-4274-b089-592ff4589f41@group-D48B69A44692-SegmentedRaftLog:OPENED:c-1,f-1,i0, conf=-1: [51276c3c-a3b8-4274-b089-592ff4589f41:192.168.157.213:36639, 64c90977-e867-487c-b50d-c226f2d34a76:192.168.157.213:37433, a1c78c0e-869c-4f76-b4ce-2034448e0b80:192.168.157.213:33501], old=null
2019-10-19 01:04:27,875 [51276c3c-a3b8-4274-b089-592ff4589f41@group-D48B69A44692-LeaderElection21] INFO  impl.RoleInfo (RoleInfo.java:shutdownLeaderElection(134)) - 51276c3c-a3b8-4274-b089-592ff4589f41: shutdown LeaderElection
2019-10-19 01:04:27,876 [51276c3c-a3b8-4274-b089-592ff4589f41@group-D48B69A44692-LeaderElection21] INFO  impl.RaftServerImpl (RaftServerImpl.java:setRole(184)) - 51276c3c-a3b8-4274-b089-592ff4589f41@group-D48B69A44692: changes role from CANDIDATE to LEADER at term 4 for changeToLeader
2019-10-19 01:04:27,876 [51276c3c-a3b8-4274-b089-592ff4589f41@group-D48B69A44692-LeaderElection21] INFO  impl.RaftServerImpl (ServerState.java:setLeader(256)) - 51276c3c-a3b8-4274-b089-592ff4589f41@group-D48B69A44692: change Leader from null to 51276c3c-a3b8-4274-b089-592ff4589f41 at term 4 for becomeLeader, leader elected after 828ms
2019-10-19 01:04:27,876 [51276c3c-a3b8-4274-b089-592ff4589f41@group-D48B69A44692-LeaderElection21] INFO  server.RaftServerConfigKeys (ConfUtils.java:logGet(43)) - raft.server.staging.catchup.gap = 1000 (default)
2019-10-19 01:04:27,876 [51276c3c-a3b8-4274-b089-592ff4589f41@group-D48B69A44692-LeaderElection21] INFO  server.RaftServerConfigKeys (ConfUtils.java:logGet(43)) - raft.server.rpc.sleep.time = 25ms (default)
2019-10-19 01:04:27,877 [51276c3c-a3b8-4274-b089-592ff4589f41@group-D48B69A44692-LeaderElection21] INFO  server.RaftServerConfigKeys (ConfUtils.java:logGet(43)) - raft.server.write.element-limit = 4096 (default)
2019-10-19 01:04:27,877 [51276c3c-a3b8-4274-b089-592ff4589f41@group-D48B69A44692-LeaderElection21] INFO  server.RaftServerConfigKeys (ConfUtils.java:logGet(43)) - raft.server.watch.timeout = 10s (default)
2019-10-19 01:04:27,877 [51276c3c-a3b8-4274-b089-592ff4589f41@group-D48B69A44692-LeaderElection21] INFO  server.RaftServerConfigKeys (ConfUtils.java:logGet(43)) - raft.server.watch.timeout.denomination = 1s (default)
2019-10-19 01:04:27,877 [51276c3c-a3b8-4274-b089-592ff4589f41@group-D48B69A44692-LeaderElection21] INFO  server.RaftServerConfigKeys (ConfUtils.java:logGet(43)) - raft.server.watch.element-limit = 65536 (default)
2019-10-19 01:04:27,880 [51276c3c-a3b8-4274-b089-592ff4589f41@group-D48B69A44692-LeaderElection21] INFO  server.RaftServerConfigKeys (ConfUtils.java:logGet(43)) - raft.server.log.appender.snapshot.chunk.size.max = 16MB (=16777216) (default)
2019-10-19 01:04:27,880 [51276c3c-a3b8-4274-b089-592ff4589f41@group-D48B69A44692-LeaderElection21] INFO  server.RaftServerConfigKeys (ConfUtils.java:logGet(43)) - raft.server.log.appender.buffer.byte-limit = 33554432 (custom)
2019-10-19 01:04:27,881 [51276c3c-a3b8-4274-b089-592ff4589f41@group-D48B69A44692-LeaderElection21] INFO  server.RaftServerConfigKeys (ConfUtils.java:logGet(43)) - raft.server.log.appender.buffer.element-limit = 1 (custom)
2019-10-19 01:04:27,883 [51276c3c-a3b8-4274-b089-592ff4589f41@group-D48B69A44692-LeaderElection21] INFO  grpc.GrpcConfigKeys$Server (ConfUtils.java:logGet(43)) - raft.grpc.server.leader.outstanding.appends.max = 128 (default)
2019-10-19 01:04:27,883 [51276c3c-a3b8-4274-b089-592ff4589f41@group-D48B69A44692-LeaderElection21] INFO  server.RaftServerConfigKeys (ConfUtils.java:logGet(43)) - raft.server.rpc.request.timeout = 3000ms (default)
2019-10-19 01:04:27,883 [51276c3c-a3b8-4274-b089-592ff4589f41@group-D48B69A44692-LeaderElection21] INFO  server.RaftServerConfigKeys (ConfUtils.java:logGet(43)) - raft.server.log.appender.install.snapshot.enabled = false (custom)
2019-10-19 01:04:27,885 [51276c3c-a3b8-4274-b089-592ff4589f41@group-D48B69A44692-LeaderElection21] INFO  server.RaftServerConfigKeys (ConfUtils.java:logGet(43)) - raft.server.log.appender.snapshot.chunk.size.max = 16MB (=16777216) (default)
2019-10-19 01:04:27,885 [51276c3c-a3b8-4274-b089-592ff4589f41@group-D48B69A44692-LeaderElection21] INFO  server.RaftServerConfigKeys (ConfUtils.java:logGet(43)) - raft.server.log.appender.buffer.byte-limit = 33554432 (custom)
2019-10-19 01:04:27,885 [51276c3c-a3b8-4274-b089-592ff4589f41@group-D48B69A44692-LeaderElection21] INFO  server.RaftServerConfigKeys (ConfUtils.java:logGet(43)) - raft.server.log.appender.buffer.element-limit = 1 (custom)
2019-10-19 01:04:27,885 [51276c3c-a3b8-4274-b089-592ff4589f41@group-D48B69A44692-LeaderElection21] INFO  grpc.GrpcConfigKeys$Server (ConfUtils.java:logGet(43)) - raft.grpc.server.leader.outstanding.appends.max = 128 (default)
2019-10-19 01:04:27,885 [51276c3c-a3b8-4274-b089-592ff4589f41@group-D48B69A44692-LeaderElection21] INFO  server.RaftServerConfigKeys (ConfUtils.java:logGet(43)) - raft.server.rpc.request.timeout = 3000ms (default)
2019-10-19 01:04:27,885 [51276c3c-a3b8-4274-b089-592ff4589f41@group-D48B69A44692-LeaderElection21] INFO  server.RaftServerConfigKeys (ConfUtils.java:logGet(43)) - raft.server.log.appender.install.snapshot.enabled = false (custom)
2019-10-19 01:04:27,887 [51276c3c-a3b8-4274-b089-592ff4589f41@group-D48B69A44692-LeaderElection21] INFO  impl.RoleInfo (RoleInfo.java:updateAndGet(143)) - 51276c3c-a3b8-4274-b089-592ff4589f41: start LeaderState
2019-10-19 01:04:27,888 [51276c3c-a3b8-4274-b089-592ff4589f41@group-D48B69A44692-LeaderElection21] INFO  segmented.SegmentedRaftLogWorker (SegmentedRaftLogWorker.java:startLogSegment(385)) - 51276c3c-a3b8-4274-b089-592ff4589f41@group-D48B69A44692-SegmentedRaftLogWorker: Starting segment from index:0
2019-10-19 01:04:27,888 [51276c3c-a3b8-4274-b089-592ff4589f41@group-D48B69A44692-LeaderElection21] INFO  impl.RaftServerImpl (ServerState.java:setRaftConf(357)) - 51276c3c-a3b8-4274-b089-592ff4589f41@group-D48B69A44692: set configuration 0: [51276c3c-a3b8-4274-b089-592ff4589f41:192.168.157.213:36639, 64c90977-e867-487c-b50d-c226f2d34a76:192.168.157.213:37433, a1c78c0e-869c-4f76-b4ce-2034448e0b80:192.168.157.213:33501], old=null at 0
2019-10-19 01:04:27,890 [Thread-462] INFO  impl.FollowerState (FollowerState.java:run(108)) - a1c78c0e-869c-4f76-b4ce-2034448e0b80@group-D48B69A44692-FollowerState: change to CANDIDATE, lastRpcTime:32ms, electionTimeout:31ms
2019-10-19 01:04:27,917 [Thread-462] INFO  impl.RoleInfo (RoleInfo.java:shutdownFollowerState(121)) - a1c78c0e-869c-4f76-b4ce-2034448e0b80: shutdown FollowerState
2019-10-19 01:04:27,917 [Thread-462] INFO  impl.RaftServerImpl (RaftServerImpl.java:setRole(184)) - a1c78c0e-869c-4f76-b4ce-2034448e0b80@group-D48B69A44692: changes role from  FOLLOWER to CANDIDATE at term 4 for changeToCandidate
2019-10-19 01:04:27,920 [51276c3c-a3b8-4274-b089-592ff4589f41@group-D48B69A44692-SegmentedRaftLogWorker] INFO  segmented.SegmentedRaftLogWorker (SegmentedRaftLogWorker.java:execute(576)) - 51276c3c-a3b8-4274-b089-592ff4589f41@group-D48B69A44692-SegmentedRaftLogWorker: created new log segment /workdir/hadoop-ozone/integration-test/target/test-dir/MiniOzoneClusterImpl-08d89ad4-f612-48fc-8979-c1cb428f8ac2/datanode-3/data/ratis/9eeb004c-3e42-4c42-8708-d48b69a44692/current/log_inprogress_0
2019-10-19 01:04:27,920 [Thread-462] INFO  impl.RoleInfo (RoleInfo.java:updateAndGet(143)) - a1c78c0e-869c-4f76-b4ce-2034448e0b80: start LeaderElection
2019-10-19 01:04:27,921 [grpc-default-executor-5] INFO  impl.RaftServerImpl (ServerState.java:setLeader(256)) - 64c90977-e867-487c-b50d-c226f2d34a76@group-D48B69A44692: change Leader from null to 51276c3c-a3b8-4274-b089-592ff4589f41 at term 4 for appendEntries, leader elected after 186ms
2019-10-19 01:04:27,925 [grpc-default-executor-5] INFO  impl.RaftServerImpl (ServerState.java:setRaftConf(357)) - 64c90977-e867-487c-b50d-c226f2d34a76@group-D48B69A44692: set configuration 0: [51276c3c-a3b8-4274-b089-592ff4589f41:192.168.157.213:36639, 64c90977-e867-487c-b50d-c226f2d34a76:192.168.157.213:37433, a1c78c0e-869c-4f76-b4ce-2034448e0b80:192.168.157.213:33501], old=null at 0
2019-10-19 01:04:27,925 [grpc-default-executor-5] INFO  segmented.SegmentedRaftLogWorker (SegmentedRaftLogWorker.java:truncate(401)) - 64c90977-e867-487c-b50d-c226f2d34a76@group-D48B69A44692-SegmentedRaftLogWorker: Truncating segments toTruncate: null
  toDelete: [(0, 0) isOpen? true, length=0, newEndIndex=-1], start index 0
2019-10-19 01:04:27,925 [grpc-default-executor-5] INFO  segmented.SegmentedRaftLogWorker (SegmentedRaftLogWorker.java:startLogSegment(385)) - 64c90977-e867-487c-b50d-c226f2d34a76@group-D48B69A44692-SegmentedRaftLogWorker: Starting segment from index:0
2019-10-19 01:04:27,933 [64c90977-e867-487c-b50d-c226f2d34a76@group-D48B69A44692-SegmentedRaftLogWorker] INFO  segmented.SegmentedRaftLogWorker (SegmentedRaftLogWorker.java:execute(640)) - 64c90977-e867-487c-b50d-c226f2d34a76@group-D48B69A44692-SegmentedRaftLogWorker: Deleted log file /workdir/hadoop-ozone/integration-test/target/test-dir/MiniOzoneClusterImpl-08d89ad4-f612-48fc-8979-c1cb428f8ac2/datanode-0/data/ratis/9eeb004c-3e42-4c42-8708-d48b69a44692/current/log_inprogress_0
2019-10-19 01:04:27,933 [64c90977-e867-487c-b50d-c226f2d34a76@group-D48B69A44692-SegmentedRaftLogWorker] INFO  segmented.SegmentedRaftLogWorker (SegmentedRaftLogWorker.java:lambda$new$0(128)) - 64c90977-e867-487c-b50d-c226f2d34a76@group-D48B69A44692-SegmentedRaftLogWorker: flushIndex: setUnconditionally 0 -> -1
2019-10-19 01:04:27,947 [a1c78c0e-869c-4f76-b4ce-2034448e0b80@group-D48B69A44692-LeaderElection22] INFO  impl.LeaderElection (LeaderElection.java:askForVotes(178)) - a1c78c0e-869c-4f76-b4ce-2034448e0b80@group-D48B69A44692-LeaderElection22: begin an election at term 5 for -1: [51276c3c-a3b8-4274-b089-592ff4589f41:192.168.157.213:36639, 64c90977-e867-487c-b50d-c226f2d34a76:192.168.157.213:37433, a1c78c0e-869c-4f76-b4ce-2034448e0b80:192.168.157.213:33501], old=null
2019-10-19 01:04:27,963 [grpc-default-executor-5] INFO  impl.RaftServerImpl (ServerState.java:setLeader(256)) - 64c90977-e867-487c-b50d-c226f2d34a76@group-D48B69A44692: change Leader from 51276c3c-a3b8-4274-b089-592ff4589f41 to null at term 5 for updateCurrentTerm
2019-10-19 01:04:27,963 [Thread-464] INFO  impl.RaftServerImpl (ServerState.java:setLeader(256)) - 51276c3c-a3b8-4274-b089-592ff4589f41@group-D48B69A44692: change Leader from 51276c3c-a3b8-4274-b089-592ff4589f41 to null at term 5 for updateCurrentTerm
2019-10-19 01:04:27,963 [grpc-default-executor-5] INFO  impl.RaftServerImpl (RaftServerImpl.java:setRole(184)) - 64c90977-e867-487c-b50d-c226f2d34a76@group-D48B69A44692: changes role from  FOLLOWER to FOLLOWER at term 5 for recognizeCandidate:a1c78c0e-869c-4f76-b4ce-2034448e0b80
2019-10-19 01:04:27,963 [Thread-464] INFO  impl.RaftServerImpl (RaftServerImpl.java:setRole(184)) - 51276c3c-a3b8-4274-b089-592ff4589f41@group-D48B69A44692: changes role from    LEADER to FOLLOWER at term 5 for stepDown
2019-10-19 01:04:27,964 [grpc-default-executor-5] INFO  impl.RoleInfo (RoleInfo.java:shutdownFollowerState(121)) - 64c90977-e867-487c-b50d-c226f2d34a76: shutdown FollowerState
2019-10-19 01:04:27,964 [Thread-464] INFO  impl.RoleInfo (RoleInfo.java:shutdownLeaderState(104)) - 51276c3c-a3b8-4274-b089-592ff4589f41: shutdown LeaderState
2019-10-19 01:04:27,964 [grpc-default-executor-5] INFO  impl.RoleInfo (RoleInfo.java:updateAndGet(143)) - 64c90977-e867-487c-b50d-c226f2d34a76: start FollowerState
2019-10-19 01:04:27,964 [Thread-463] INFO  impl.FollowerState (FollowerState.java:run(117)) - 64c90977-e867-487c-b50d-c226f2d34a76@group-D48B69A44692-FollowerState was interrupted: java.lang.InterruptedException: sleep interrupted
2019-10-19 01:04:27,968 [org.apache.ratis.server.impl.LogAppender$AppenderDaemon$$Lambda$421/1922320946@367cf8cf] WARN  server.GrpcLogAppender (GrpcLogAppender.java:mayWait(149)) - 51276c3c-a3b8-4274-b089-592ff4589f41@group-D48B69A44692->64c90977-e867-487c-b50d-c226f2d34a76-GrpcLogAppender: Wait interrupted by java.lang.InterruptedException
2019-10-19 01:04:27,979 [Thread-464] INFO  impl.PendingRequests (PendingRequests.java:sendNotLeaderResponses(202)) - 51276c3c-a3b8-4274-b089-592ff4589f41@group-D48B69A44692-PendingRequests: sendNotLeaderResponses
2019-10-19 01:04:27,979 [a1c78c0e-869c-4f76-b4ce-2034448e0b80@group-D48B69A44692-LeaderElection22] INFO  impl.LeaderElection (LeaderElection.java:logAndReturn(56)) - a1c78c0e-869c-4f76-b4ce-2034448e0b80@group-D48B69A44692-LeaderElection22: Election TIMEOUT; received 0 response(s) [] and 0 exception(s); a1c78c0e-869c-4f76-b4ce-2034448e0b80@group-D48B69A44692:t5, leader=null, voted=a1c78c0e-869c-4f76-b4ce-2034448e0b80, raftlog=a1c78c0e-869c-4f76-b4ce-2034448e0b80@group-D48B69A44692-SegmentedRaftLog:OPENED:c-1,f-1,i0, conf=-1: [51276c3c-a3b8-4274-b089-592ff4589f41:192.168.157.213:36639, 64c90977-e867-487c-b50d-c226f2d34a76:192.168.157.213:37433, a1c78c0e-869c-4f76-b4ce-2034448e0b80:192.168.157.213:33501], old=null
2019-10-19 01:04:27,979 [org.apache.ratis.server.impl.LogAppender$AppenderDaemon$$Lambda$421/1922320946@7804d44] WARN  server.GrpcLogAppender (GrpcLogAppender.java:mayWait(149)) - 51276c3c-a3b8-4274-b089-592ff4589f41@group-D48B69A44692->a1c78c0e-869c-4f76-b4ce-2034448e0b80-GrpcLogAppender: Wait interrupted by java.lang.InterruptedException
2019-10-19 01:04:27,979 [64c90977-e867-487c-b50d-c226f2d34a76@group-D48B69A44692-SegmentedRaftLogWorker] INFO  segmented.SegmentedRaftLogWorker (SegmentedRaftLogWorker.java:execute(576)) - 64c90977-e867-487c-b50d-c226f2d34a76@group-D48B69A44692-SegmentedRaftLogWorker: created new log segment /workdir/hadoop-ozone/integration-test/target/test-dir/MiniOzoneClusterImpl-08d89ad4-f612-48fc-8979-c1cb428f8ac2/datanode-0/data/ratis/9eeb004c-3e42-4c42-8708-d48b69a44692/current/log_inprogress_0
2019-10-19 01:04:27,979 [Thread-464] INFO  impl.RoleInfo (RoleInfo.java:updateAndGet(143)) - 51276c3c-a3b8-4274-b089-592ff4589f41: start FollowerState
2019-10-19 01:04:27,987 [grpc-default-executor-7] INFO  server.GrpcServerProtocolService (GrpcServerProtocolService.java:onCompleted(113)) - a1c78c0e-869c-4f76-b4ce-2034448e0b80: Completed APPEND_ENTRIES, lastRequest: 51276c3c-a3b8-4274-b089-592ff4589f41->a1c78c0e-869c-4f76-b4ce-2034448e0b80#0-t4, previous=(t:0, i:0), leaderCommit=-1, initializing? false, entries: <empty>
2019-10-19 01:04:27,987 [grpc-default-executor-6] INFO  server.GrpcServerProtocolService (GrpcServerProtocolService.java:onCompleted(113)) - 64c90977-e867-487c-b50d-c226f2d34a76: Completed APPEND_ENTRIES, lastRequest: 51276c3c-a3b8-4274-b089-592ff4589f41->64c90977-e867-487c-b50d-c226f2d34a76#1-t4, previous=(t:0, i:0), leaderCommit=0, initializing? false, entries: size=1, first=(t:4, i:0), CONFIGURATIONENTRY
2019-10-19 01:04:27,987 [grpc-default-executor-7] INFO  server.GrpcLogAppender (GrpcLogAppender.java:onCompleted(308)) - 51276c3c-a3b8-4274-b089-592ff4589f41@group-D48B69A44692->a1c78c0e-869c-4f76-b4ce-2034448e0b80-AppendLogResponseHandler: follower responses appendEntries COMPLETED
2019-10-19 01:04:27,988 [grpc-default-executor-6] INFO  server.GrpcLogAppender (GrpcLogAppender.java:onCompleted(308)) - 51276c3c-a3b8-4274-b089-592ff4589f41@group-D48B69A44692->64c90977-e867-487c-b50d-c226f2d34a76-AppendLogResponseHandler: follower responses appendEntries COMPLETED
2019-10-19 01:04:27,990 [grpc-default-executor-7] INFO  impl.FollowerInfo (FollowerInfo.java:lambda$new$0(51)) - 51276c3c-a3b8-4274-b089-592ff4589f41@group-D48B69A44692->a1c78c0e-869c-4f76-b4ce-2034448e0b80: nextIndex: updateUnconditionally 0 -> 0
2019-10-19 01:04:27,991 [Thread-458] INFO  impl.FollowerState (FollowerState.java:run(108)) - a54795b0-6c9c-4137-a866-f82f653c9bf9@group-FB3B7D7D89E3-FollowerState: change to CANDIDATE, lastRpcTime:147ms, electionTimeout:142ms
2019-10-19 01:04:27,992 [Thread-458] INFO  impl.RoleInfo (RoleInfo.java:shutdownFollowerState(121)) - a54795b0-6c9c-4137-a866-f82f653c9bf9: shutdown FollowerState
2019-10-19 01:04:28,001 [grpc-default-executor-6] INFO  impl.FollowerInfo (FollowerInfo.java:lambda$new$0(51)) - 51276c3c-a3b8-4274-b089-592ff4589f41@group-D48B69A44692->64c90977-e867-487c-b50d-c226f2d34a76: nextIndex: updateUnconditionally 1 -> 0
2019-10-19 01:04:28,012 [grpc-default-executor-4] INFO  impl.RaftServerImpl (RaftServerImpl.java:setRole(184)) - 51276c3c-a3b8-4274-b089-592ff4589f41@group-D48B69A44692: changes role from  FOLLOWER to FOLLOWER at term 5 for recognizeCandidate:a1c78c0e-869c-4f76-b4ce-2034448e0b80
2019-10-19 01:04:28,021 [grpc-default-executor-4] INFO  impl.RoleInfo (RoleInfo.java:shutdownFollowerState(121)) - 51276c3c-a3b8-4274-b089-592ff4589f41: shutdown FollowerState
2019-10-19 01:04:28,003 [Thread-458] INFO  impl.RaftServerImpl (RaftServerImpl.java:setRole(184)) - a54795b0-6c9c-4137-a866-f82f653c9bf9@group-FB3B7D7D89E3: changes role from  FOLLOWER to CANDIDATE at term 8 for changeToCandidate
2019-10-19 01:04:28,012 [a1c78c0e-869c-4f76-b4ce-2034448e0b80@group-D48B69A44692-LeaderElection22] INFO  impl.LeaderElection (LeaderElection.java:askForVotes(178)) - a1c78c0e-869c-4f76-b4ce-2034448e0b80@group-D48B69A44692-LeaderElection22: begin an election at term 6 for -1: [51276c3c-a3b8-4274-b089-592ff4589f41:192.168.157.213:36639, 64c90977-e867-487c-b50d-c226f2d34a76:192.168.157.213:37433, a1c78c0e-869c-4f76-b4ce-2034448e0b80:192.168.157.213:33501], old=null
2019-10-19 01:04:28,021 [grpc-default-executor-4] INFO  impl.RoleInfo (RoleInfo.java:updateAndGet(143)) - 51276c3c-a3b8-4274-b089-592ff4589f41: start FollowerState
2019-10-19 01:04:28,021 [Thread-475] INFO  impl.FollowerState (FollowerState.java:run(117)) - 51276c3c-a3b8-4274-b089-592ff4589f41@group-D48B69A44692-FollowerState was interrupted: java.lang.InterruptedException: sleep interrupted
2019-10-19 01:04:28,021 [main] INFO  rpc.RpcClient (RpcClient.java:createVolume(272)) - Creating Volume: datanodefailurehandlingtest, with jenkins1000 as owner.
2019-10-19 01:04:28,022 [Thread-458] INFO  impl.RoleInfo (RoleInfo.java:updateAndGet(143)) - a54795b0-6c9c-4137-a866-f82f653c9bf9: start LeaderElection
2019-10-19 01:04:28,024 [grpc-default-executor-4] INFO  impl.RaftServerImpl (RaftServerImpl.java:setRole(184)) - 64c90977-e867-487c-b50d-c226f2d34a76@group-D48B69A44692: changes role from  FOLLOWER to FOLLOWER at term 6 for recognizeCandidate:a1c78c0e-869c-4f76-b4ce-2034448e0b80
2019-10-19 01:04:28,025 [grpc-default-executor-4] INFO  impl.RoleInfo (RoleInfo.java:shutdownFollowerState(121)) - 64c90977-e867-487c-b50d-c226f2d34a76: shutdown FollowerState
2019-10-19 01:04:28,025 [grpc-default-executor-5] INFO  impl.RaftServerImpl (RaftServerImpl.java:setRole(184)) - 51276c3c-a3b8-4274-b089-592ff4589f41@group-D48B69A44692: changes role from  FOLLOWER to FOLLOWER at term 6 for recognizeCandidate:a1c78c0e-869c-4f76-b4ce-2034448e0b80
2019-10-19 01:04:28,025 [grpc-default-executor-5] INFO  impl.RoleInfo (RoleInfo.java:shutdownFollowerState(121)) - 51276c3c-a3b8-4274-b089-592ff4589f41: shutdown FollowerState
2019-10-19 01:04:28,035 [a54795b0-6c9c-4137-a866-f82f653c9bf9@group-FB3B7D7D89E3-LeaderElection23] INFO  impl.LeaderElection (LeaderElection.java:askForVotes(178)) - a54795b0-6c9c-4137-a866-f82f653c9bf9@group-FB3B7D7D89E3-LeaderElection23: begin an election at term 9 for -1: [a54795b0-6c9c-4137-a866-f82f653c9bf9:192.168.157.213:43688, b26a8d60-58dc-431d-8168-f89a9ab35f3a:192.168.157.213:35535, 16805c57-9f45-4377-8998-764a8f26e152:192.168.157.213:33728], old=null
2019-10-19 01:04:28,051 [Thread-477] INFO  impl.FollowerState (FollowerState.java:run(117)) - 51276c3c-a3b8-4274-b089-592ff4589f41@group-D48B69A44692-FollowerState was interrupted: java.lang.InterruptedException: sleep interrupted
2019-10-19 01:04:28,058 [grpc-default-executor-4] INFO  impl.RoleInfo (RoleInfo.java:updateAndGet(143)) - 64c90977-e867-487c-b50d-c226f2d34a76: start FollowerState
2019-10-19 01:04:28,058 [grpc-default-executor-5] INFO  impl.RoleInfo (RoleInfo.java:updateAndGet(143)) - 51276c3c-a3b8-4274-b089-592ff4589f41: start FollowerState
2019-10-19 01:04:28,058 [Thread-474] INFO  impl.FollowerState (FollowerState.java:run(117)) - 64c90977-e867-487c-b50d-c226f2d34a76@group-D48B69A44692-FollowerState was interrupted: java.lang.InterruptedException: sleep interrupted
2019-10-19 01:04:28,063 [grpc-default-executor-7] INFO  impl.RaftServerImpl (RaftServerImpl.java:setRole(184)) - b26a8d60-58dc-431d-8168-f89a9ab35f3a@group-FB3B7D7D89E3: changes role from  FOLLOWER to FOLLOWER at term 9 for recognizeCandidate:a54795b0-6c9c-4137-a866-f82f653c9bf9
2019-10-19 01:04:28,063 [grpc-default-executor-6] INFO  impl.RaftServerImpl (RaftServerImpl.java:setRole(184)) - 16805c57-9f45-4377-8998-764a8f26e152@group-FB3B7D7D89E3: changes role from  FOLLOWER to FOLLOWER at term 9 for recognizeCandidate:a54795b0-6c9c-4137-a866-f82f653c9bf9
2019-10-19 01:04:28,063 [grpc-default-executor-7] INFO  impl.RoleInfo (RoleInfo.java:shutdownFollowerState(121)) - b26a8d60-58dc-431d-8168-f89a9ab35f3a: shutdown FollowerState
2019-10-19 01:04:28,064 [grpc-default-executor-6] INFO  impl.RoleInfo (RoleInfo.java:shutdownFollowerState(121)) - 16805c57-9f45-4377-8998-764a8f26e152: shutdown FollowerState
2019-10-19 01:04:28,064 [grpc-default-executor-7] INFO  impl.RoleInfo (RoleInfo.java:updateAndGet(143)) - b26a8d60-58dc-431d-8168-f89a9ab35f3a: start FollowerState
2019-10-19 01:04:28,064 [Thread-450] INFO  impl.FollowerState (FollowerState.java:run(117)) - b26a8d60-58dc-431d-8168-f89a9ab35f3a@group-FB3B7D7D89E3-FollowerState was interrupted: java.lang.InterruptedException: sleep interrupted
2019-10-19 01:04:28,064 [grpc-default-executor-6] INFO  impl.RoleInfo (RoleInfo.java:updateAndGet(143)) - 16805c57-9f45-4377-8998-764a8f26e152: start FollowerState
2019-10-19 01:04:28,064 [Thread-445] INFO  impl.FollowerState (FollowerState.java:run(117)) - 16805c57-9f45-4377-8998-764a8f26e152@group-FB3B7D7D89E3-FollowerState was interrupted: java.lang.InterruptedException: sleep interrupted
2019-10-19 01:04:28,095 [a1c78c0e-869c-4f76-b4ce-2034448e0b80@group-D48B69A44692-LeaderElection22] INFO  impl.LeaderElection (LeaderElection.java:logAndReturn(56)) - a1c78c0e-869c-4f76-b4ce-2034448e0b80@group-D48B69A44692-LeaderElection22: Election REJECTED; received 2 response(s) [a1c78c0e-869c-4f76-b4ce-2034448e0b80<-51276c3c-a3b8-4274-b089-592ff4589f41#0:FAIL-t6, a1c78c0e-869c-4f76-b4ce-2034448e0b80<-64c90977-e867-487c-b50d-c226f2d34a76#0:FAIL-t6] and 0 exception(s); a1c78c0e-869c-4f76-b4ce-2034448e0b80@group-D48B69A44692:t6, leader=null, voted=a1c78c0e-869c-4f76-b4ce-2034448e0b80, raftlog=a1c78c0e-869c-4f76-b4ce-2034448e0b80@group-D48B69A44692-SegmentedRaftLog:OPENED:c-1,f-1,i0, conf=-1: [51276c3c-a3b8-4274-b089-592ff4589f41:192.168.157.213:36639, 64c90977-e867-487c-b50d-c226f2d34a76:192.168.157.213:37433, a1c78c0e-869c-4f76-b4ce-2034448e0b80:192.168.157.213:33501], old=null
2019-10-19 01:04:28,095 [a54795b0-6c9c-4137-a866-f82f653c9bf9@group-FB3B7D7D89E3-LeaderElection23] INFO  impl.LeaderElection (LeaderElection.java:logAndReturn(56)) - a54795b0-6c9c-4137-a866-f82f653c9bf9@group-FB3B7D7D89E3-LeaderElection23: Election REJECTED; received 2 response(s) [a54795b0-6c9c-4137-a866-f82f653c9bf9<-b26a8d60-58dc-431d-8168-f89a9ab35f3a#0:FAIL-t9, a54795b0-6c9c-4137-a866-f82f653c9bf9<-16805c57-9f45-4377-8998-764a8f26e152#0:FAIL-t9] and 0 exception(s); a54795b0-6c9c-4137-a866-f82f653c9bf9@group-FB3B7D7D89E3:t9, leader=null, voted=a54795b0-6c9c-4137-a866-f82f653c9bf9, raftlog=a54795b0-6c9c-4137-a866-f82f653c9bf9@group-FB3B7D7D89E3-SegmentedRaftLog:OPENED:c-1,f-1,i0, conf=-1: [a54795b0-6c9c-4137-a866-f82f653c9bf9:192.168.157.213:43688, b26a8d60-58dc-431d-8168-f89a9ab35f3a:192.168.157.213:35535, 16805c57-9f45-4377-8998-764a8f26e152:192.168.157.213:33728], old=null
2019-10-19 01:04:28,095 [a1c78c0e-869c-4f76-b4ce-2034448e0b80@group-D48B69A44692-LeaderElection22] INFO  impl.RaftServerImpl (RaftServerImpl.java:setRole(184)) - a1c78c0e-869c-4f76-b4ce-2034448e0b80@group-D48B69A44692: changes role from CANDIDATE to FOLLOWER at term 6 for DISCOVERED_A_NEW_TERM
2019-10-19 01:04:28,097 [a54795b0-6c9c-4137-a866-f82f653c9bf9@group-FB3B7D7D89E3-LeaderElection23] INFO  impl.RaftServerImpl (RaftServerImpl.java:setRole(184)) - a54795b0-6c9c-4137-a866-f82f653c9bf9@group-FB3B7D7D89E3: changes role from CANDIDATE to FOLLOWER at term 9 for DISCOVERED_A_NEW_TERM
2019-10-19 01:04:28,097 [a1c78c0e-869c-4f76-b4ce-2034448e0b80@group-D48B69A44692-LeaderElection22] INFO  impl.RoleInfo (RoleInfo.java:shutdownLeaderElection(134)) - a1c78c0e-869c-4f76-b4ce-2034448e0b80: shutdown LeaderElection
2019-10-19 01:04:28,098 [a54795b0-6c9c-4137-a866-f82f653c9bf9@group-FB3B7D7D89E3-LeaderElection23] INFO  impl.RoleInfo (RoleInfo.java:shutdownLeaderElection(134)) - a54795b0-6c9c-4137-a866-f82f653c9bf9: shutdown LeaderElection
2019-10-19 01:04:28,099 [a1c78c0e-869c-4f76-b4ce-2034448e0b80@group-D48B69A44692-LeaderElection22] INFO  impl.RoleInfo (RoleInfo.java:updateAndGet(143)) - a1c78c0e-869c-4f76-b4ce-2034448e0b80: start FollowerState
2019-10-19 01:04:28,099 [a54795b0-6c9c-4137-a866-f82f653c9bf9@group-FB3B7D7D89E3-LeaderElection23] INFO  impl.RoleInfo (RoleInfo.java:updateAndGet(143)) - a54795b0-6c9c-4137-a866-f82f653c9bf9: start FollowerState
2019-10-19 01:04:28,169 [IPC Server handler 11 on 39770] INFO  volume.OMVolumeCreateRequest (OMVolumeCreateRequest.java:validateAndUpdateCache(193)) - created volume:datanodefailurehandlingtest for user:jenkins1000
2019-10-19 01:04:28,189 [Thread-487] INFO  impl.FollowerState (FollowerState.java:run(108)) - a1c78c0e-869c-4f76-b4ce-2034448e0b80@group-D48B69A44692-FollowerState: change to CANDIDATE, lastRpcTime:90ms, electionTimeout:90ms
2019-10-19 01:04:28,189 [Thread-487] INFO  impl.RoleInfo (RoleInfo.java:shutdownFollowerState(121)) - a1c78c0e-869c-4f76-b4ce-2034448e0b80: shutdown FollowerState
2019-10-19 01:04:28,189 [Thread-488] INFO  impl.FollowerState (FollowerState.java:run(108)) - a54795b0-6c9c-4137-a866-f82f653c9bf9@group-FB3B7D7D89E3-FollowerState: change to CANDIDATE, lastRpcTime:90ms, electionTimeout:90ms
2019-10-19 01:04:28,190 [Thread-487] INFO  impl.RaftServerImpl (RaftServerImpl.java:setRole(184)) - a1c78c0e-869c-4f76-b4ce-2034448e0b80@group-D48B69A44692: changes role from  FOLLOWER to CANDIDATE at term 6 for changeToCandidate
2019-10-19 01:04:28,190 [Thread-488] INFO  impl.RoleInfo (RoleInfo.java:shutdownFollowerState(121)) - a54795b0-6c9c-4137-a866-f82f653c9bf9: shutdown FollowerState
2019-10-19 01:04:28,190 [Thread-488] INFO  impl.RaftServerImpl (RaftServerImpl.java:setRole(184)) - a54795b0-6c9c-4137-a866-f82f653c9bf9@group-FB3B7D7D89E3: changes role from  FOLLOWER to CANDIDATE at term 9 for changeToCandidate
2019-10-19 01:04:28,201 [Thread-488] INFO  impl.RoleInfo (RoleInfo.java:updateAndGet(143)) - a54795b0-6c9c-4137-a866-f82f653c9bf9: start LeaderElection
2019-10-19 01:04:28,201 [Thread-487] INFO  impl.RoleInfo (RoleInfo.java:updateAndGet(143)) - a1c78c0e-869c-4f76-b4ce-2034448e0b80: start LeaderElection
2019-10-19 01:04:28,211 [a54795b0-6c9c-4137-a866-f82f653c9bf9@group-FB3B7D7D89E3-LeaderElection25] INFO  impl.LeaderElection (LeaderElection.java:askForVotes(178)) - a54795b0-6c9c-4137-a866-f82f653c9bf9@group-FB3B7D7D89E3-LeaderElection25: begin an election at term 10 for -1: [a54795b0-6c9c-4137-a866-f82f653c9bf9:192.168.157.213:43688, b26a8d60-58dc-431d-8168-f89a9ab35f3a:192.168.157.213:35535, 16805c57-9f45-4377-8998-764a8f26e152:192.168.157.213:33728], old=null
2019-10-19 01:04:28,211 [a1c78c0e-869c-4f76-b4ce-2034448e0b80@group-D48B69A44692-LeaderElection24] INFO  impl.LeaderElection (LeaderElection.java:askForVotes(178)) - a1c78c0e-869c-4f76-b4ce-2034448e0b80@group-D48B69A44692-LeaderElection24: begin an election at term 7 for -1: [51276c3c-a3b8-4274-b089-592ff4589f41:192.168.157.213:36639, 64c90977-e867-487c-b50d-c226f2d34a76:192.168.157.213:37433, a1c78c0e-869c-4f76-b4ce-2034448e0b80:192.168.157.213:33501], old=null
2019-10-19 01:04:28,241 [grpc-default-executor-4] INFO  impl.RaftServerImpl (RaftServerImpl.java:setRole(184)) - 16805c57-9f45-4377-8998-764a8f26e152@group-FB3B7D7D89E3: changes role from  FOLLOWER to FOLLOWER at term 10 for recognizeCandidate:a54795b0-6c9c-4137-a866-f82f653c9bf9
2019-10-19 01:04:28,241 [grpc-default-executor-4] INFO  impl.RoleInfo (RoleInfo.java:shutdownFollowerState(121)) - 16805c57-9f45-4377-8998-764a8f26e152: shutdown FollowerState
2019-10-19 01:04:28,243 [main] INFO  rpc.RpcClient (RpcClient.java:createBucket(411)) - Creating Bucket: datanodefailurehandlingtest/datanodefailurehandlingtest, with Versioning false and Storage Type set to DISK and Encryption set to false 
2019-10-19 01:04:28,262 [Thread-486] INFO  impl.FollowerState (FollowerState.java:run(117)) - 16805c57-9f45-4377-8998-764a8f26e152@group-FB3B7D7D89E3-FollowerState was interrupted: java.lang.InterruptedException: sleep interrupted
2019-10-19 01:04:28,262 [grpc-default-executor-4] INFO  impl.RoleInfo (RoleInfo.java:updateAndGet(143)) - 16805c57-9f45-4377-8998-764a8f26e152: start FollowerState
2019-10-19 01:04:28,266 [grpc-default-executor-6] INFO  impl.RaftServerImpl (RaftServerImpl.java:setRole(184)) - 51276c3c-a3b8-4274-b089-592ff4589f41@group-D48B69A44692: changes role from  FOLLOWER to FOLLOWER at term 7 for recognizeCandidate:a1c78c0e-869c-4f76-b4ce-2034448e0b80
2019-10-19 01:04:28,266 [grpc-default-executor-7] INFO  impl.RaftServerImpl (RaftServerImpl.java:setRole(184)) - b26a8d60-58dc-431d-8168-f89a9ab35f3a@group-FB3B7D7D89E3: changes role from  FOLLOWER to FOLLOWER at term 10 for recognizeCandidate:a54795b0-6c9c-4137-a866-f82f653c9bf9
2019-10-19 01:04:28,267 [grpc-default-executor-6] INFO  impl.RoleInfo (RoleInfo.java:shutdownFollowerState(121)) - 51276c3c-a3b8-4274-b089-592ff4589f41: shutdown FollowerState
2019-10-19 01:04:28,267 [grpc-default-executor-5] INFO  impl.RaftServerImpl (RaftServerImpl.java:setRole(184)) - 64c90977-e867-487c-b50d-c226f2d34a76@group-D48B69A44692: changes role from  FOLLOWER to FOLLOWER at term 7 for recognizeCandidate:a1c78c0e-869c-4f76-b4ce-2034448e0b80
2019-10-19 01:04:28,267 [grpc-default-executor-7] INFO  impl.RoleInfo (RoleInfo.java:shutdownFollowerState(121)) - b26a8d60-58dc-431d-8168-f89a9ab35f3a: shutdown FollowerState
2019-10-19 01:04:28,267 [grpc-default-executor-5] INFO  impl.RoleInfo (RoleInfo.java:shutdownFollowerState(121)) - 64c90977-e867-487c-b50d-c226f2d34a76: shutdown FollowerState
2019-10-19 01:04:28,291 [Thread-483] INFO  impl.FollowerState (FollowerState.java:run(117)) - 64c90977-e867-487c-b50d-c226f2d34a76@group-D48B69A44692-FollowerState was interrupted: java.lang.InterruptedException: sleep interrupted
2019-10-19 01:04:28,291 [grpc-default-executor-6] INFO  impl.RoleInfo (RoleInfo.java:updateAndGet(143)) - 51276c3c-a3b8-4274-b089-592ff4589f41: start FollowerState
2019-10-19 01:04:28,291 [grpc-default-executor-7] INFO  impl.RoleInfo (RoleInfo.java:updateAndGet(143)) - b26a8d60-58dc-431d-8168-f89a9ab35f3a: start FollowerState
2019-10-19 01:04:28,291 [Thread-482] INFO  impl.FollowerState (FollowerState.java:run(117)) - 51276c3c-a3b8-4274-b089-592ff4589f41@group-D48B69A44692-FollowerState was interrupted: java.lang.InterruptedException: sleep interrupted
2019-10-19 01:04:28,291 [Thread-485] INFO  impl.FollowerState (FollowerState.java:run(117)) - b26a8d60-58dc-431d-8168-f89a9ab35f3a@group-FB3B7D7D89E3-FollowerState was interrupted: java.lang.InterruptedException: sleep interrupted
2019-10-19 01:04:28,291 [grpc-default-executor-5] INFO  impl.RoleInfo (RoleInfo.java:updateAndGet(143)) - 64c90977-e867-487c-b50d-c226f2d34a76: start FollowerState
2019-10-19 01:04:28,296 [a1c78c0e-869c-4f76-b4ce-2034448e0b80@group-D48B69A44692-LeaderElection24] INFO  impl.LeaderElection (LeaderElection.java:logAndReturn(56)) - a1c78c0e-869c-4f76-b4ce-2034448e0b80@group-D48B69A44692-LeaderElection24: Election TIMEOUT; received 0 response(s) [] and 0 exception(s); a1c78c0e-869c-4f76-b4ce-2034448e0b80@group-D48B69A44692:t7, leader=null, voted=a1c78c0e-869c-4f76-b4ce-2034448e0b80, raftlog=a1c78c0e-869c-4f76-b4ce-2034448e0b80@group-D48B69A44692-SegmentedRaftLog:OPENED:c-1,f-1,i0, conf=-1: [51276c3c-a3b8-4274-b089-592ff4589f41:192.168.157.213:36639, 64c90977-e867-487c-b50d-c226f2d34a76:192.168.157.213:37433, a1c78c0e-869c-4f76-b4ce-2034448e0b80:192.168.157.213:33501], old=null
2019-10-19 01:04:28,307 [a54795b0-6c9c-4137-a866-f82f653c9bf9@group-FB3B7D7D89E3-LeaderElection25] INFO  impl.LeaderElection (LeaderElection.java:logAndReturn(56)) - a54795b0-6c9c-4137-a866-f82f653c9bf9@group-FB3B7D7D89E3-LeaderElection25: Election REJECTED; received 2 response(s) [a54795b0-6c9c-4137-a866-f82f653c9bf9<-b26a8d60-58dc-431d-8168-f89a9ab35f3a#0:FAIL-t10, a54795b0-6c9c-4137-a866-f82f653c9bf9<-16805c57-9f45-4377-8998-764a8f26e152#0:FAIL-t10] and 0 exception(s); a54795b0-6c9c-4137-a866-f82f653c9bf9@group-FB3B7D7D89E3:t10, leader=null, voted=a54795b0-6c9c-4137-a866-f82f653c9bf9, raftlog=a54795b0-6c9c-4137-a866-f82f653c9bf9@group-FB3B7D7D89E3-SegmentedRaftLog:OPENED:c-1,f-1,i0, conf=-1: [a54795b0-6c9c-4137-a866-f82f653c9bf9:192.168.157.213:43688, b26a8d60-58dc-431d-8168-f89a9ab35f3a:192.168.157.213:35535, 16805c57-9f45-4377-8998-764a8f26e152:192.168.157.213:33728], old=null
2019-10-19 01:04:28,317 [a54795b0-6c9c-4137-a866-f82f653c9bf9@group-FB3B7D7D89E3-LeaderElection25] INFO  impl.RaftServerImpl (RaftServerImpl.java:setRole(184)) - a54795b0-6c9c-4137-a866-f82f653c9bf9@group-FB3B7D7D89E3: changes role from CANDIDATE to FOLLOWER at term 10 for DISCOVERED_A_NEW_TERM
2019-10-19 01:04:28,317 [a54795b0-6c9c-4137-a866-f82f653c9bf9@group-FB3B7D7D89E3-LeaderElection25] INFO  impl.RoleInfo (RoleInfo.java:shutdownLeaderElection(134)) - a54795b0-6c9c-4137-a866-f82f653c9bf9: shutdown LeaderElection
2019-10-19 01:04:28,317 [a54795b0-6c9c-4137-a866-f82f653c9bf9@group-FB3B7D7D89E3-LeaderElection25] INFO  impl.RoleInfo (RoleInfo.java:updateAndGet(143)) - a54795b0-6c9c-4137-a866-f82f653c9bf9: start FollowerState
2019-10-19 01:04:28,323 [a1c78c0e-869c-4f76-b4ce-2034448e0b80@group-D48B69A44692-LeaderElection24] INFO  impl.LeaderElection (LeaderElection.java:askForVotes(178)) - a1c78c0e-869c-4f76-b4ce-2034448e0b80@group-D48B69A44692-LeaderElection24: begin an election at term 8 for -1: [51276c3c-a3b8-4274-b089-592ff4589f41:192.168.157.213:36639, 64c90977-e867-487c-b50d-c226f2d34a76:192.168.157.213:37433, a1c78c0e-869c-4f76-b4ce-2034448e0b80:192.168.157.213:33501], old=null
2019-10-19 01:04:28,352 [Thread-501] INFO  impl.FollowerState (FollowerState.java:run(108)) - a54795b0-6c9c-4137-a866-f82f653c9bf9@group-FB3B7D7D89E3-FollowerState: change to CANDIDATE, lastRpcTime:34ms, electionTimeout:34ms
2019-10-19 01:04:28,352 [Thread-501] INFO  impl.RoleInfo (RoleInfo.java:shutdownFollowerState(121)) - a54795b0-6c9c-4137-a866-f82f653c9bf9: shutdown FollowerState
2019-10-19 01:04:28,352 [Thread-501] INFO  impl.RaftServerImpl (RaftServerImpl.java:setRole(184)) - a54795b0-6c9c-4137-a866-f82f653c9bf9@group-FB3B7D7D89E3: changes role from  FOLLOWER to CANDIDATE at term 10 for changeToCandidate
2019-10-19 01:04:28,374 [Thread-501] INFO  impl.RoleInfo (RoleInfo.java:updateAndGet(143)) - a54795b0-6c9c-4137-a866-f82f653c9bf9: start LeaderElection
2019-10-19 01:04:28,380 [grpc-default-executor-7] INFO  impl.RaftServerImpl (RaftServerImpl.java:setRole(184)) - 64c90977-e867-487c-b50d-c226f2d34a76@group-D48B69A44692: changes role from  FOLLOWER to FOLLOWER at term 8 for recognizeCandidate:a1c78c0e-869c-4f76-b4ce-2034448e0b80
2019-10-19 01:04:28,380 [grpc-default-executor-4] INFO  impl.RaftServerImpl (RaftServerImpl.java:setRole(184)) - 51276c3c-a3b8-4274-b089-592ff4589f41@group-D48B69A44692: changes role from  FOLLOWER to FOLLOWER at term 8 for recognizeCandidate:a1c78c0e-869c-4f76-b4ce-2034448e0b80
2019-10-19 01:04:28,380 [grpc-default-executor-7] INFO  impl.RoleInfo (RoleInfo.java:shutdownFollowerState(121)) - 64c90977-e867-487c-b50d-c226f2d34a76: shutdown FollowerState
2019-10-19 01:04:28,380 [grpc-default-executor-4] INFO  impl.RoleInfo (RoleInfo.java:shutdownFollowerState(121)) - 51276c3c-a3b8-4274-b089-592ff4589f41: shutdown FollowerState
2019-10-19 01:04:28,380 [grpc-default-executor-7] INFO  impl.RoleInfo (RoleInfo.java:updateAndGet(143)) - 64c90977-e867-487c-b50d-c226f2d34a76: start FollowerState
2019-10-19 01:04:28,380 [Thread-496] INFO  impl.FollowerState (FollowerState.java:run(117)) - 64c90977-e867-487c-b50d-c226f2d34a76@group-D48B69A44692-FollowerState was interrupted: java.lang.InterruptedException: sleep interrupted
2019-10-19 01:04:28,380 [grpc-default-executor-4] INFO  impl.RoleInfo (RoleInfo.java:updateAndGet(143)) - 51276c3c-a3b8-4274-b089-592ff4589f41: start FollowerState
2019-10-19 01:04:28,380 [Thread-498] INFO  impl.FollowerState (FollowerState.java:run(117)) - 51276c3c-a3b8-4274-b089-592ff4589f41@group-D48B69A44692-FollowerState was interrupted: java.lang.InterruptedException: sleep interrupted
2019-10-19 01:04:28,398 [Timer for 'StorageContainerManager' metrics system] INFO  lib.Interns (Interns.java:removeEldestEntry(50)) - Metrics intern cache overflow at 2011 for MetricsSystem={MetricsSystem=MetricsInfoImpl{name=MetricsSystem, description=MetricsSystem}, MetricsSystem record=MetricsInfoImpl{name=MetricsSystem, description=MetricsSystem record}}
2019-10-19 01:04:28,402 [a54795b0-6c9c-4137-a866-f82f653c9bf9@group-FB3B7D7D89E3-LeaderElection26] INFO  impl.LeaderElection (LeaderElection.java:askForVotes(178)) - a54795b0-6c9c-4137-a866-f82f653c9bf9@group-FB3B7D7D89E3-LeaderElection26: begin an election at term 11 for -1: [a54795b0-6c9c-4137-a866-f82f653c9bf9:192.168.157.213:43688, b26a8d60-58dc-431d-8168-f89a9ab35f3a:192.168.157.213:35535, 16805c57-9f45-4377-8998-764a8f26e152:192.168.157.213:33728], old=null
2019-10-19 01:04:28,404 [a1c78c0e-869c-4f76-b4ce-2034448e0b80@group-D48B69A44692-LeaderElection24] INFO  impl.LeaderElection (LeaderElection.java:logAndReturn(56)) - a1c78c0e-869c-4f76-b4ce-2034448e0b80@group-D48B69A44692-LeaderElection24: Election REJECTED; received 2 response(s) [a1c78c0e-869c-4f76-b4ce-2034448e0b80<-51276c3c-a3b8-4274-b089-592ff4589f41#0:FAIL-t8, a1c78c0e-869c-4f76-b4ce-2034448e0b80<-64c90977-e867-487c-b50d-c226f2d34a76#0:FAIL-t8] and 0 exception(s); a1c78c0e-869c-4f76-b4ce-2034448e0b80@group-D48B69A44692:t8, leader=null, voted=a1c78c0e-869c-4f76-b4ce-2034448e0b80, raftlog=a1c78c0e-869c-4f76-b4ce-2034448e0b80@group-D48B69A44692-SegmentedRaftLog:OPENED:c-1,f-1,i0, conf=-1: [51276c3c-a3b8-4274-b089-592ff4589f41:192.168.157.213:36639, 64c90977-e867-487c-b50d-c226f2d34a76:192.168.157.213:37433, a1c78c0e-869c-4f76-b4ce-2034448e0b80:192.168.157.213:33501], old=null
2019-10-19 01:04:28,404 [a1c78c0e-869c-4f76-b4ce-2034448e0b80@group-D48B69A44692-LeaderElection24] INFO  impl.RaftServerImpl (RaftServerImpl.java:setRole(184)) - a1c78c0e-869c-4f76-b4ce-2034448e0b80@group-D48B69A44692: changes role from CANDIDATE to FOLLOWER at term 8 for DISCOVERED_A_NEW_TERM
2019-10-19 01:04:28,404 [a1c78c0e-869c-4f76-b4ce-2034448e0b80@group-D48B69A44692-LeaderElection24] INFO  impl.RoleInfo (RoleInfo.java:shutdownLeaderElection(134)) - a1c78c0e-869c-4f76-b4ce-2034448e0b80: shutdown LeaderElection
2019-10-19 01:04:28,404 [a1c78c0e-869c-4f76-b4ce-2034448e0b80@group-D48B69A44692-LeaderElection24] INFO  impl.RoleInfo (RoleInfo.java:updateAndGet(143)) - a1c78c0e-869c-4f76-b4ce-2034448e0b80: start FollowerState
2019-10-19 01:04:28,405 [grpc-default-executor-7] INFO  impl.RaftServerImpl (RaftServerImpl.java:setRole(184)) - 16805c57-9f45-4377-8998-764a8f26e152@group-FB3B7D7D89E3: changes role from  FOLLOWER to FOLLOWER at term 11 for recognizeCandidate:a54795b0-6c9c-4137-a866-f82f653c9bf9
2019-10-19 01:04:28,408 [grpc-default-executor-7] INFO  impl.RoleInfo (RoleInfo.java:shutdownFollowerState(121)) - 16805c57-9f45-4377-8998-764a8f26e152: shutdown FollowerState
2019-10-19 01:04:28,408 [grpc-default-executor-4] INFO  impl.RaftServerImpl (RaftServerImpl.java:setRole(184)) - b26a8d60-58dc-431d-8168-f89a9ab35f3a@group-FB3B7D7D89E3: changes role from  FOLLOWER to FOLLOWER at term 11 for recognizeCandidate:a54795b0-6c9c-4137-a866-f82f653c9bf9
2019-10-19 01:04:28,408 [grpc-default-executor-7] INFO  impl.RoleInfo (RoleInfo.java:updateAndGet(143)) - 16805c57-9f45-4377-8998-764a8f26e152: start FollowerState
2019-10-19 01:04:28,408 [grpc-default-executor-4] INFO  impl.RoleInfo (RoleInfo.java:shutdownFollowerState(121)) - b26a8d60-58dc-431d-8168-f89a9ab35f3a: shutdown FollowerState
2019-10-19 01:04:28,408 [Thread-495] INFO  impl.FollowerState (FollowerState.java:run(117)) - 16805c57-9f45-4377-8998-764a8f26e152@group-FB3B7D7D89E3-FollowerState was interrupted: java.lang.InterruptedException: sleep interrupted
2019-10-19 01:04:28,409 [Thread-497] INFO  impl.FollowerState (FollowerState.java:run(117)) - b26a8d60-58dc-431d-8168-f89a9ab35f3a@group-FB3B7D7D89E3-FollowerState was interrupted: java.lang.InterruptedException: sleep interrupted
2019-10-19 01:04:28,409 [grpc-default-executor-4] INFO  impl.RoleInfo (RoleInfo.java:updateAndGet(143)) - b26a8d60-58dc-431d-8168-f89a9ab35f3a: start FollowerState
2019-10-19 01:04:28,424 [a54795b0-6c9c-4137-a866-f82f653c9bf9@group-FB3B7D7D89E3-LeaderElection26] INFO  impl.LeaderElection (LeaderElection.java:logAndReturn(56)) - a54795b0-6c9c-4137-a866-f82f653c9bf9@group-FB3B7D7D89E3-LeaderElection26: Election REJECTED; received 2 response(s) [a54795b0-6c9c-4137-a866-f82f653c9bf9<-b26a8d60-58dc-431d-8168-f89a9ab35f3a#0:FAIL-t11, a54795b0-6c9c-4137-a866-f82f653c9bf9<-16805c57-9f45-4377-8998-764a8f26e152#0:FAIL-t11] and 0 exception(s); a54795b0-6c9c-4137-a866-f82f653c9bf9@group-FB3B7D7D89E3:t11, leader=null, voted=a54795b0-6c9c-4137-a866-f82f653c9bf9, raftlog=a54795b0-6c9c-4137-a866-f82f653c9bf9@group-FB3B7D7D89E3-SegmentedRaftLog:OPENED:c-1,f-1,i0, conf=-1: [a54795b0-6c9c-4137-a866-f82f653c9bf9:192.168.157.213:43688, b26a8d60-58dc-431d-8168-f89a9ab35f3a:192.168.157.213:35535, 16805c57-9f45-4377-8998-764a8f26e152:192.168.157.213:33728], old=null
2019-10-19 01:04:28,425 [a54795b0-6c9c-4137-a866-f82f653c9bf9@group-FB3B7D7D89E3-LeaderElection26] INFO  impl.RaftServerImpl (RaftServerImpl.java:setRole(184)) - a54795b0-6c9c-4137-a866-f82f653c9bf9@group-FB3B7D7D89E3: changes role from CANDIDATE to FOLLOWER at term 11 for DISCOVERED_A_NEW_TERM
2019-10-19 01:04:28,425 [a54795b0-6c9c-4137-a866-f82f653c9bf9@group-FB3B7D7D89E3-LeaderElection26] INFO  impl.RoleInfo (RoleInfo.java:shutdownLeaderElection(134)) - a54795b0-6c9c-4137-a866-f82f653c9bf9: shutdown LeaderElection
2019-10-19 01:04:28,425 [a54795b0-6c9c-4137-a866-f82f653c9bf9@group-FB3B7D7D89E3-LeaderElection26] INFO  impl.RoleInfo (RoleInfo.java:updateAndGet(143)) - a54795b0-6c9c-4137-a866-f82f653c9bf9: start FollowerState
2019-10-19 01:04:28,514 [Thread-512] INFO  impl.FollowerState (FollowerState.java:run(108)) - a54795b0-6c9c-4137-a866-f82f653c9bf9@group-FB3B7D7D89E3-FollowerState: change to CANDIDATE, lastRpcTime:88ms, electionTimeout:87ms
2019-10-19 01:04:28,517 [Thread-512] INFO  impl.RoleInfo (RoleInfo.java:shutdownFollowerState(121)) - a54795b0-6c9c-4137-a866-f82f653c9bf9: shutdown FollowerState
2019-10-19 01:04:28,517 [Thread-512] INFO  impl.RaftServerImpl (RaftServerImpl.java:setRole(184)) - a54795b0-6c9c-4137-a866-f82f653c9bf9@group-FB3B7D7D89E3: changes role from  FOLLOWER to CANDIDATE at term 11 for changeToCandidate
2019-10-19 01:04:28,517 [Thread-512] INFO  impl.RoleInfo (RoleInfo.java:updateAndGet(143)) - a54795b0-6c9c-4137-a866-f82f653c9bf9: start LeaderElection
2019-10-19 01:04:28,530 [a54795b0-6c9c-4137-a866-f82f653c9bf9@group-FB3B7D7D89E3-LeaderElection27] INFO  impl.LeaderElection (LeaderElection.java:askForVotes(178)) - a54795b0-6c9c-4137-a866-f82f653c9bf9@group-FB3B7D7D89E3-LeaderElection27: begin an election at term 12 for -1: [a54795b0-6c9c-4137-a866-f82f653c9bf9:192.168.157.213:43688, b26a8d60-58dc-431d-8168-f89a9ab35f3a:192.168.157.213:35535, 16805c57-9f45-4377-8998-764a8f26e152:192.168.157.213:33728], old=null
2019-10-19 01:04:28,537 [grpc-default-executor-4] INFO  impl.RaftServerImpl (RaftServerImpl.java:setRole(184)) - b26a8d60-58dc-431d-8168-f89a9ab35f3a@group-FB3B7D7D89E3: changes role from  FOLLOWER to FOLLOWER at term 12 for recognizeCandidate:a54795b0-6c9c-4137-a866-f82f653c9bf9
2019-10-19 01:04:28,537 [grpc-default-executor-7] INFO  impl.RaftServerImpl (RaftServerImpl.java:setRole(184)) - 16805c57-9f45-4377-8998-764a8f26e152@group-FB3B7D7D89E3: changes role from  FOLLOWER to FOLLOWER at term 12 for recognizeCandidate:a54795b0-6c9c-4137-a866-f82f653c9bf9
2019-10-19 01:04:28,537 [grpc-default-executor-4] INFO  impl.RoleInfo (RoleInfo.java:shutdownFollowerState(121)) - b26a8d60-58dc-431d-8168-f89a9ab35f3a: shutdown FollowerState
2019-10-19 01:04:28,537 [grpc-default-executor-7] INFO  impl.RoleInfo (RoleInfo.java:shutdownFollowerState(121)) - 16805c57-9f45-4377-8998-764a8f26e152: shutdown FollowerState
2019-10-19 01:04:28,537 [grpc-default-executor-4] INFO  impl.RoleInfo (RoleInfo.java:updateAndGet(143)) - b26a8d60-58dc-431d-8168-f89a9ab35f3a: start FollowerState
2019-10-19 01:04:28,537 [Thread-511] INFO  impl.FollowerState (FollowerState.java:run(117)) - b26a8d60-58dc-431d-8168-f89a9ab35f3a@group-FB3B7D7D89E3-FollowerState was interrupted: java.lang.InterruptedException: sleep interrupted
2019-10-19 01:04:28,538 [grpc-default-executor-7] INFO  impl.RoleInfo (RoleInfo.java:updateAndGet(143)) - 16805c57-9f45-4377-8998-764a8f26e152: start FollowerState
2019-10-19 01:04:28,537 [Thread-510] INFO  impl.FollowerState (FollowerState.java:run(117)) - 16805c57-9f45-4377-8998-764a8f26e152@group-FB3B7D7D89E3-FollowerState was interrupted: java.lang.InterruptedException: sleep interrupted
2019-10-19 01:04:28,548 [a54795b0-6c9c-4137-a866-f82f653c9bf9@group-FB3B7D7D89E3-LeaderElection27] INFO  impl.LeaderElection (LeaderElection.java:logAndReturn(56)) - a54795b0-6c9c-4137-a866-f82f653c9bf9@group-FB3B7D7D89E3-LeaderElection27: Election REJECTED; received 2 response(s) [a54795b0-6c9c-4137-a866-f82f653c9bf9<-b26a8d60-58dc-431d-8168-f89a9ab35f3a#0:FAIL-t12, a54795b0-6c9c-4137-a866-f82f653c9bf9<-16805c57-9f45-4377-8998-764a8f26e152#0:FAIL-t12] and 0 exception(s); a54795b0-6c9c-4137-a866-f82f653c9bf9@group-FB3B7D7D89E3:t12, leader=null, voted=a54795b0-6c9c-4137-a866-f82f653c9bf9, raftlog=a54795b0-6c9c-4137-a866-f82f653c9bf9@group-FB3B7D7D89E3-SegmentedRaftLog:OPENED:c-1,f-1,i0, conf=-1: [a54795b0-6c9c-4137-a866-f82f653c9bf9:192.168.157.213:43688, b26a8d60-58dc-431d-8168-f89a9ab35f3a:192.168.157.213:35535, 16805c57-9f45-4377-8998-764a8f26e152:192.168.157.213:33728], old=null
2019-10-19 01:04:28,549 [a54795b0-6c9c-4137-a866-f82f653c9bf9@group-FB3B7D7D89E3-LeaderElection27] INFO  impl.RaftServerImpl (RaftServerImpl.java:setRole(184)) - a54795b0-6c9c-4137-a866-f82f653c9bf9@group-FB3B7D7D89E3: changes role from CANDIDATE to FOLLOWER at term 12 for DISCOVERED_A_NEW_TERM
2019-10-19 01:04:28,549 [a54795b0-6c9c-4137-a866-f82f653c9bf9@group-FB3B7D7D89E3-LeaderElection27] INFO  impl.RoleInfo (RoleInfo.java:shutdownLeaderElection(134)) - a54795b0-6c9c-4137-a866-f82f653c9bf9: shutdown LeaderElection
2019-10-19 01:04:28,549 [a54795b0-6c9c-4137-a866-f82f653c9bf9@group-FB3B7D7D89E3-LeaderElection27] INFO  impl.RoleInfo (RoleInfo.java:updateAndGet(143)) - a54795b0-6c9c-4137-a866-f82f653c9bf9: start FollowerState
2019-10-19 01:04:28,577 [Thread-509] INFO  impl.FollowerState (FollowerState.java:run(108)) - a1c78c0e-869c-4f76-b4ce-2034448e0b80@group-D48B69A44692-FollowerState: change to CANDIDATE, lastRpcTime:172ms, electionTimeout:172ms
2019-10-19 01:04:28,580 [Thread-509] INFO  impl.RoleInfo (RoleInfo.java:shutdownFollowerState(121)) - a1c78c0e-869c-4f76-b4ce-2034448e0b80: shutdown FollowerState
2019-10-19 01:04:28,580 [Thread-509] INFO  impl.RaftServerImpl (RaftServerImpl.java:setRole(184)) - a1c78c0e-869c-4f76-b4ce-2034448e0b80@group-D48B69A44692: changes role from  FOLLOWER to CANDIDATE at term 8 for changeToCandidate
2019-10-19 01:04:28,580 [Thread-509] INFO  impl.RoleInfo (RoleInfo.java:updateAndGet(143)) - a1c78c0e-869c-4f76-b4ce-2034448e0b80: start LeaderElection
2019-10-19 01:04:28,595 [a1c78c0e-869c-4f76-b4ce-2034448e0b80@group-D48B69A44692-LeaderElection28] INFO  impl.LeaderElection (LeaderElection.java:askForVotes(178)) - a1c78c0e-869c-4f76-b4ce-2034448e0b80@group-D48B69A44692-LeaderElection28: begin an election at term 9 for -1: [51276c3c-a3b8-4274-b089-592ff4589f41:192.168.157.213:36639, 64c90977-e867-487c-b50d-c226f2d34a76:192.168.157.213:37433, a1c78c0e-869c-4f76-b4ce-2034448e0b80:192.168.157.213:33501], old=null
2019-10-19 01:04:28,599 [grpc-default-executor-4] INFO  impl.RaftServerImpl (RaftServerImpl.java:setRole(184)) - 51276c3c-a3b8-4274-b089-592ff4589f41@group-D48B69A44692: changes role from  FOLLOWER to FOLLOWER at term 9 for recognizeCandidate:a1c78c0e-869c-4f76-b4ce-2034448e0b80
2019-10-19 01:04:28,599 [grpc-default-executor-7] INFO  impl.RaftServerImpl (RaftServerImpl.java:setRole(184)) - 64c90977-e867-487c-b50d-c226f2d34a76@group-D48B69A44692: changes role from  FOLLOWER to FOLLOWER at term 9 for recognizeCandidate:a1c78c0e-869c-4f76-b4ce-2034448e0b80
2019-10-19 01:04:28,599 [grpc-default-executor-4] INFO  impl.RoleInfo (RoleInfo.java:shutdownFollowerState(121)) - 51276c3c-a3b8-4274-b089-592ff4589f41: shutdown FollowerState
2019-10-19 01:04:28,599 [grpc-default-executor-7] INFO  impl.RoleInfo (RoleInfo.java:shutdownFollowerState(121)) - 64c90977-e867-487c-b50d-c226f2d34a76: shutdown FollowerState
2019-10-19 01:04:28,600 [Thread-506] INFO  impl.FollowerState (FollowerState.java:run(117)) - 51276c3c-a3b8-4274-b089-592ff4589f41@group-D48B69A44692-FollowerState was interrupted: java.lang.InterruptedException: sleep interrupted
2019-10-19 01:04:28,600 [grpc-default-executor-7] INFO  impl.RoleInfo (RoleInfo.java:updateAndGet(143)) - 64c90977-e867-487c-b50d-c226f2d34a76: start FollowerState
2019-10-19 01:04:28,600 [grpc-default-executor-4] INFO  impl.RoleInfo (RoleInfo.java:updateAndGet(143)) - 51276c3c-a3b8-4274-b089-592ff4589f41: start FollowerState
2019-10-19 01:04:28,600 [Thread-505] INFO  impl.FollowerState (FollowerState.java:run(117)) - 64c90977-e867-487c-b50d-c226f2d34a76@group-D48B69A44692-FollowerState was interrupted: java.lang.InterruptedException: sleep interrupted
2019-10-19 01:04:28,611 [a1c78c0e-869c-4f76-b4ce-2034448e0b80@group-D48B69A44692-LeaderElection28] INFO  impl.LeaderElection (LeaderElection.java:logAndReturn(56)) - a1c78c0e-869c-4f76-b4ce-2034448e0b80@group-D48B69A44692-LeaderElection28: Election REJECTED; received 2 response(s) [a1c78c0e-869c-4f76-b4ce-2034448e0b80<-51276c3c-a3b8-4274-b089-592ff4589f41#0:FAIL-t9, a1c78c0e-869c-4f76-b4ce-2034448e0b80<-64c90977-e867-487c-b50d-c226f2d34a76#0:FAIL-t9] and 0 exception(s); a1c78c0e-869c-4f76-b4ce-2034448e0b80@group-D48B69A44692:t9, leader=null, voted=a1c78c0e-869c-4f76-b4ce-2034448e0b80, raftlog=a1c78c0e-869c-4f76-b4ce-2034448e0b80@group-D48B69A44692-SegmentedRaftLog:OPENED:c-1,f-1,i0, conf=-1: [51276c3c-a3b8-4274-b089-592ff4589f41:192.168.157.213:36639, 64c90977-e867-487c-b50d-c226f2d34a76:192.168.157.213:37433, a1c78c0e-869c-4f76-b4ce-2034448e0b80:192.168.157.213:33501], old=null
2019-10-19 01:04:28,611 [a1c78c0e-869c-4f76-b4ce-2034448e0b80@group-D48B69A44692-LeaderElection28] INFO  impl.RaftServerImpl (RaftServerImpl.java:setRole(184)) - a1c78c0e-869c-4f76-b4ce-2034448e0b80@group-D48B69A44692: changes role from CANDIDATE to FOLLOWER at term 9 for DISCOVERED_A_NEW_TERM
2019-10-19 01:04:28,611 [a1c78c0e-869c-4f76-b4ce-2034448e0b80@group-D48B69A44692-LeaderElection28] INFO  impl.RoleInfo (RoleInfo.java:shutdownLeaderElection(134)) - a1c78c0e-869c-4f76-b4ce-2034448e0b80: shutdown LeaderElection
2019-10-19 01:04:28,611 [a1c78c0e-869c-4f76-b4ce-2034448e0b80@group-D48B69A44692-LeaderElection28] INFO  impl.RoleInfo (RoleInfo.java:updateAndGet(143)) - a1c78c0e-869c-4f76-b4ce-2034448e0b80: start FollowerState
2019-10-19 01:04:28,681 [main] INFO  impl.MetricsSystemImpl (MetricsSystemImpl.java:init(158)) - XceiverClientMetrics metrics system started (again)
2019-10-19 01:04:28,689 [Thread-518] INFO  impl.FollowerState (FollowerState.java:run(108)) - a54795b0-6c9c-4137-a866-f82f653c9bf9@group-FB3B7D7D89E3-FollowerState: change to CANDIDATE, lastRpcTime:140ms, electionTimeout:140ms
2019-10-19 01:04:28,690 [Thread-518] INFO  impl.RoleInfo (RoleInfo.java:shutdownFollowerState(121)) - a54795b0-6c9c-4137-a866-f82f653c9bf9: shutdown FollowerState
2019-10-19 01:04:28,690 [Thread-518] INFO  impl.RaftServerImpl (RaftServerImpl.java:setRole(184)) - a54795b0-6c9c-4137-a866-f82f653c9bf9@group-FB3B7D7D89E3: changes role from  FOLLOWER to CANDIDATE at term 12 for changeToCandidate
2019-10-19 01:04:28,690 [Thread-518] INFO  impl.RoleInfo (RoleInfo.java:updateAndGet(143)) - a54795b0-6c9c-4137-a866-f82f653c9bf9: start LeaderElection
2019-10-19 01:04:28,704 [a54795b0-6c9c-4137-a866-f82f653c9bf9@group-FB3B7D7D89E3-LeaderElection29] INFO  impl.LeaderElection (LeaderElection.java:askForVotes(178)) - a54795b0-6c9c-4137-a866-f82f653c9bf9@group-FB3B7D7D89E3-LeaderElection29: begin an election at term 13 for -1: [a54795b0-6c9c-4137-a866-f82f653c9bf9:192.168.157.213:43688, b26a8d60-58dc-431d-8168-f89a9ab35f3a:192.168.157.213:35535, 16805c57-9f45-4377-8998-764a8f26e152:192.168.157.213:33728], old=null
2019-10-19 01:04:28,707 [grpc-default-executor-7] INFO  impl.RaftServerImpl (RaftServerImpl.java:setRole(184)) - 16805c57-9f45-4377-8998-764a8f26e152@group-FB3B7D7D89E3: changes role from  FOLLOWER to FOLLOWER at term 13 for recognizeCandidate:a54795b0-6c9c-4137-a866-f82f653c9bf9
2019-10-19 01:04:28,707 [grpc-default-executor-4] INFO  impl.RaftServerImpl (RaftServerImpl.java:setRole(184)) - b26a8d60-58dc-431d-8168-f89a9ab35f3a@group-FB3B7D7D89E3: changes role from  FOLLOWER to FOLLOWER at term 13 for recognizeCandidate:a54795b0-6c9c-4137-a866-f82f653c9bf9
2019-10-19 01:04:28,707 [grpc-default-executor-7] INFO  impl.RoleInfo (RoleInfo.java:shutdownFollowerState(121)) - 16805c57-9f45-4377-8998-764a8f26e152: shutdown FollowerState
2019-10-19 01:04:28,708 [grpc-default-executor-4] INFO  impl.RoleInfo (RoleInfo.java:shutdownFollowerState(121)) - b26a8d60-58dc-431d-8168-f89a9ab35f3a: shutdown FollowerState
2019-10-19 01:04:28,708 [Thread-517] INFO  impl.FollowerState (FollowerState.java:run(117)) - 16805c57-9f45-4377-8998-764a8f26e152@group-FB3B7D7D89E3-FollowerState was interrupted: java.lang.InterruptedException: sleep interrupted
2019-10-19 01:04:28,708 [grpc-default-executor-7] INFO  impl.RoleInfo (RoleInfo.java:updateAndGet(143)) - 16805c57-9f45-4377-8998-764a8f26e152: start FollowerState
2019-10-19 01:04:28,708 [grpc-default-executor-4] INFO  impl.RoleInfo (RoleInfo.java:updateAndGet(143)) - b26a8d60-58dc-431d-8168-f89a9ab35f3a: start FollowerState
2019-10-19 01:04:28,708 [Thread-516] INFO  impl.FollowerState (FollowerState.java:run(117)) - b26a8d60-58dc-431d-8168-f89a9ab35f3a@group-FB3B7D7D89E3-FollowerState was interrupted: java.lang.InterruptedException: sleep interrupted
2019-10-19 01:04:28,734 [a54795b0-6c9c-4137-a866-f82f653c9bf9@group-FB3B7D7D89E3-LeaderElection29] INFO  impl.LeaderElection (LeaderElection.java:logAndReturn(56)) - a54795b0-6c9c-4137-a866-f82f653c9bf9@group-FB3B7D7D89E3-LeaderElection29: Election REJECTED; received 2 response(s) [a54795b0-6c9c-4137-a866-f82f653c9bf9<-b26a8d60-58dc-431d-8168-f89a9ab35f3a#0:FAIL-t13, a54795b0-6c9c-4137-a866-f82f653c9bf9<-16805c57-9f45-4377-8998-764a8f26e152#0:FAIL-t13] and 0 exception(s); a54795b0-6c9c-4137-a866-f82f653c9bf9@group-FB3B7D7D89E3:t13, leader=null, voted=a54795b0-6c9c-4137-a866-f82f653c9bf9, raftlog=a54795b0-6c9c-4137-a866-f82f653c9bf9@group-FB3B7D7D89E3-SegmentedRaftLog:OPENED:c-1,f-1,i0, conf=-1: [a54795b0-6c9c-4137-a866-f82f653c9bf9:192.168.157.213:43688, b26a8d60-58dc-431d-8168-f89a9ab35f3a:192.168.157.213:35535, 16805c57-9f45-4377-8998-764a8f26e152:192.168.157.213:33728], old=null
2019-10-19 01:04:28,734 [a54795b0-6c9c-4137-a866-f82f653c9bf9@group-FB3B7D7D89E3-LeaderElection29] INFO  impl.RaftServerImpl (RaftServerImpl.java:setRole(184)) - a54795b0-6c9c-4137-a866-f82f653c9bf9@group-FB3B7D7D89E3: changes role from CANDIDATE to FOLLOWER at term 13 for DISCOVERED_A_NEW_TERM
2019-10-19 01:04:28,734 [a54795b0-6c9c-4137-a866-f82f653c9bf9@group-FB3B7D7D89E3-LeaderElection29] INFO  impl.RoleInfo (RoleInfo.java:shutdownLeaderElection(134)) - a54795b0-6c9c-4137-a866-f82f653c9bf9: shutdown LeaderElection
2019-10-19 01:04:28,734 [a54795b0-6c9c-4137-a866-f82f653c9bf9@group-FB3B7D7D89E3-LeaderElection29] INFO  impl.RoleInfo (RoleInfo.java:updateAndGet(143)) - a54795b0-6c9c-4137-a866-f82f653c9bf9: start FollowerState
2019-10-19 01:04:28,754 [Thread-530] INFO  impl.FollowerState (FollowerState.java:run(108)) - a54795b0-6c9c-4137-a866-f82f653c9bf9@group-FB3B7D7D89E3-FollowerState: change to CANDIDATE, lastRpcTime:19ms, electionTimeout:19ms
2019-10-19 01:04:28,757 [Thread-530] INFO  impl.RoleInfo (RoleInfo.java:shutdownFollowerState(121)) - a54795b0-6c9c-4137-a866-f82f653c9bf9: shutdown FollowerState
2019-10-19 01:04:28,757 [Thread-530] INFO  impl.RaftServerImpl (RaftServerImpl.java:setRole(184)) - a54795b0-6c9c-4137-a866-f82f653c9bf9@group-FB3B7D7D89E3: changes role from  FOLLOWER to CANDIDATE at term 13 for changeToCandidate
2019-10-19 01:04:28,758 [Thread-530] INFO  impl.RoleInfo (RoleInfo.java:updateAndGet(143)) - a54795b0-6c9c-4137-a866-f82f653c9bf9: start LeaderElection
2019-10-19 01:04:28,774 [a54795b0-6c9c-4137-a866-f82f653c9bf9@group-FB3B7D7D89E3-LeaderElection30] INFO  impl.LeaderElection (LeaderElection.java:askForVotes(178)) - a54795b0-6c9c-4137-a866-f82f653c9bf9@group-FB3B7D7D89E3-LeaderElection30: begin an election at term 14 for -1: [a54795b0-6c9c-4137-a866-f82f653c9bf9:192.168.157.213:43688, b26a8d60-58dc-431d-8168-f89a9ab35f3a:192.168.157.213:35535, 16805c57-9f45-4377-8998-764a8f26e152:192.168.157.213:33728], old=null
2019-10-19 01:04:28,780 [grpc-default-executor-4] INFO  impl.RaftServerImpl (RaftServerImpl.java:setRole(184)) - b26a8d60-58dc-431d-8168-f89a9ab35f3a@group-FB3B7D7D89E3: changes role from  FOLLOWER to FOLLOWER at term 14 for recognizeCandidate:a54795b0-6c9c-4137-a866-f82f653c9bf9
2019-10-19 01:04:28,780 [grpc-default-executor-4] INFO  impl.RoleInfo (RoleInfo.java:shutdownFollowerState(121)) - b26a8d60-58dc-431d-8168-f89a9ab35f3a: shutdown FollowerState
2019-10-19 01:04:28,780 [grpc-default-executor-7] INFO  impl.RaftServerImpl (RaftServerImpl.java:setRole(184)) - 16805c57-9f45-4377-8998-764a8f26e152@group-FB3B7D7D89E3: changes role from  FOLLOWER to FOLLOWER at term 14 for recognizeCandidate:a54795b0-6c9c-4137-a866-f82f653c9bf9
2019-10-19 01:04:28,780 [grpc-default-executor-4] INFO  impl.RoleInfo (RoleInfo.java:updateAndGet(143)) - b26a8d60-58dc-431d-8168-f89a9ab35f3a: start FollowerState
2019-10-19 01:04:28,780 [Thread-529] INFO  impl.FollowerState (FollowerState.java:run(117)) - b26a8d60-58dc-431d-8168-f89a9ab35f3a@group-FB3B7D7D89E3-FollowerState was interrupted: java.lang.InterruptedException: sleep interrupted
2019-10-19 01:04:28,781 [grpc-default-executor-7] INFO  impl.RoleInfo (RoleInfo.java:shutdownFollowerState(121)) - 16805c57-9f45-4377-8998-764a8f26e152: shutdown FollowerState
2019-10-19 01:04:28,781 [Thread-528] INFO  impl.FollowerState (FollowerState.java:run(117)) - 16805c57-9f45-4377-8998-764a8f26e152@group-FB3B7D7D89E3-FollowerState was interrupted: java.lang.InterruptedException: sleep interrupted
2019-10-19 01:04:28,781 [grpc-default-executor-7] INFO  impl.RoleInfo (RoleInfo.java:updateAndGet(143)) - 16805c57-9f45-4377-8998-764a8f26e152: start FollowerState
2019-10-19 01:04:28,791 [Thread-524] INFO  impl.FollowerState (FollowerState.java:run(108)) - a1c78c0e-869c-4f76-b4ce-2034448e0b80@group-D48B69A44692-FollowerState: change to CANDIDATE, lastRpcTime:179ms, electionTimeout:179ms
2019-10-19 01:04:28,791 [Thread-524] INFO  impl.RoleInfo (RoleInfo.java:shutdownFollowerState(121)) - a1c78c0e-869c-4f76-b4ce-2034448e0b80: shutdown FollowerState
2019-10-19 01:04:28,791 [Thread-524] INFO  impl.RaftServerImpl (RaftServerImpl.java:setRole(184)) - a1c78c0e-869c-4f76-b4ce-2034448e0b80@group-D48B69A44692: changes role from  FOLLOWER to CANDIDATE at term 9 for changeToCandidate
2019-10-19 01:04:28,791 [Thread-524] INFO  impl.RoleInfo (RoleInfo.java:updateAndGet(143)) - a1c78c0e-869c-4f76-b4ce-2034448e0b80: start LeaderElection
2019-10-19 01:04:28,795 [a1c78c0e-869c-4f76-b4ce-2034448e0b80@group-D48B69A44692-LeaderElection31] INFO  impl.LeaderElection (LeaderElection.java:askForVotes(178)) - a1c78c0e-869c-4f76-b4ce-2034448e0b80@group-D48B69A44692-LeaderElection31: begin an election at term 10 for -1: [51276c3c-a3b8-4274-b089-592ff4589f41:192.168.157.213:36639, 64c90977-e867-487c-b50d-c226f2d34a76:192.168.157.213:37433, a1c78c0e-869c-4f76-b4ce-2034448e0b80:192.168.157.213:33501], old=null
2019-10-19 01:04:28,800 [a54795b0-6c9c-4137-a866-f82f653c9bf9@group-FB3B7D7D89E3-LeaderElection30] INFO  impl.LeaderElection (LeaderElection.java:logAndReturn(56)) - a54795b0-6c9c-4137-a866-f82f653c9bf9@group-FB3B7D7D89E3-LeaderElection30: Election REJECTED; received 2 response(s) [a54795b0-6c9c-4137-a866-f82f653c9bf9<-b26a8d60-58dc-431d-8168-f89a9ab35f3a#0:FAIL-t14, a54795b0-6c9c-4137-a866-f82f653c9bf9<-16805c57-9f45-4377-8998-764a8f26e152#0:FAIL-t14] and 0 exception(s); a54795b0-6c9c-4137-a866-f82f653c9bf9@group-FB3B7D7D89E3:t14, leader=null, voted=a54795b0-6c9c-4137-a866-f82f653c9bf9, raftlog=a54795b0-6c9c-4137-a866-f82f653c9bf9@group-FB3B7D7D89E3-SegmentedRaftLog:OPENED:c-1,f-1,i0, conf=-1: [a54795b0-6c9c-4137-a866-f82f653c9bf9:192.168.157.213:43688, b26a8d60-58dc-431d-8168-f89a9ab35f3a:192.168.157.213:35535, 16805c57-9f45-4377-8998-764a8f26e152:192.168.157.213:33728], old=null
2019-10-19 01:04:28,800 [a54795b0-6c9c-4137-a866-f82f653c9bf9@group-FB3B7D7D89E3-LeaderElection30] INFO  impl.RaftServerImpl (RaftServerImpl.java:setRole(184)) - a54795b0-6c9c-4137-a866-f82f653c9bf9@group-FB3B7D7D89E3: changes role from CANDIDATE to FOLLOWER at term 14 for DISCOVERED_A_NEW_TERM
2019-10-19 01:04:28,800 [a54795b0-6c9c-4137-a866-f82f653c9bf9@group-FB3B7D7D89E3-LeaderElection30] INFO  impl.RoleInfo (RoleInfo.java:shutdownLeaderElection(134)) - a54795b0-6c9c-4137-a866-f82f653c9bf9: shutdown LeaderElection
2019-10-19 01:04:28,801 [a54795b0-6c9c-4137-a866-f82f653c9bf9@group-FB3B7D7D89E3-LeaderElection30] INFO  impl.RoleInfo (RoleInfo.java:updateAndGet(143)) - a54795b0-6c9c-4137-a866-f82f653c9bf9: start FollowerState
2019-10-19 01:04:28,802 [grpc-default-executor-4] INFO  impl.RaftServerImpl (RaftServerImpl.java:setRole(184)) - 64c90977-e867-487c-b50d-c226f2d34a76@group-D48B69A44692: changes role from  FOLLOWER to FOLLOWER at term 10 for recognizeCandidate:a1c78c0e-869c-4f76-b4ce-2034448e0b80
2019-10-19 01:04:28,804 [grpc-default-executor-4] INFO  impl.RoleInfo (RoleInfo.java:shutdownFollowerState(121)) - 64c90977-e867-487c-b50d-c226f2d34a76: shutdown FollowerState
2019-10-19 01:04:28,806 [grpc-default-executor-7] INFO  impl.RaftServerImpl (RaftServerImpl.java:setRole(184)) - 51276c3c-a3b8-4274-b089-592ff4589f41@group-D48B69A44692: changes role from  FOLLOWER to FOLLOWER at term 10 for recognizeCandidate:a1c78c0e-869c-4f76-b4ce-2034448e0b80
2019-10-19 01:04:28,806 [Thread-540] INFO  impl.FollowerState (FollowerState.java:run(108)) - a54795b0-6c9c-4137-a866-f82f653c9bf9@group-FB3B7D7D89E3-FollowerState: change to CANDIDATE, lastRpcTime:5ms, electionTimeout:5ms
2019-10-19 01:04:28,806 [grpc-default-executor-7] INFO  impl.RoleInfo (RoleInfo.java:shutdownFollowerState(121)) - 51276c3c-a3b8-4274-b089-592ff4589f41: shutdown FollowerState
2019-10-19 01:04:28,806 [Thread-523] INFO  impl.FollowerState (FollowerState.java:run(117)) - 64c90977-e867-487c-b50d-c226f2d34a76@group-D48B69A44692-FollowerState was interrupted: java.lang.InterruptedException: sleep interrupted
2019-10-19 01:04:28,806 [grpc-default-executor-4] INFO  impl.RoleInfo (RoleInfo.java:updateAndGet(143)) - 64c90977-e867-487c-b50d-c226f2d34a76: start FollowerState
2019-10-19 01:04:28,807 [grpc-default-executor-7] INFO  impl.RoleInfo (RoleInfo.java:updateAndGet(143)) - 51276c3c-a3b8-4274-b089-592ff4589f41: start FollowerState
2019-10-19 01:04:28,807 [Thread-522] INFO  impl.FollowerState (FollowerState.java:run(117)) - 51276c3c-a3b8-4274-b089-592ff4589f41@group-D48B69A44692-FollowerState was interrupted: java.lang.InterruptedException: sleep interrupted
2019-10-19 01:04:28,807 [Thread-540] INFO  impl.RoleInfo (RoleInfo.java:shutdownFollowerState(121)) - a54795b0-6c9c-4137-a866-f82f653c9bf9: shutdown FollowerState
2019-10-19 01:04:28,807 [Thread-540] INFO  impl.RaftServerImpl (RaftServerImpl.java:setRole(184)) - a54795b0-6c9c-4137-a866-f82f653c9bf9@group-FB3B7D7D89E3: changes role from  FOLLOWER to CANDIDATE at term 14 for changeToCandidate
2019-10-19 01:04:28,808 [Thread-540] INFO  impl.RoleInfo (RoleInfo.java:updateAndGet(143)) - a54795b0-6c9c-4137-a866-f82f653c9bf9: start LeaderElection
2019-10-19 01:04:28,821 [a54795b0-6c9c-4137-a866-f82f653c9bf9@group-FB3B7D7D89E3-LeaderElection32] INFO  impl.LeaderElection (LeaderElection.java:askForVotes(178)) - a54795b0-6c9c-4137-a866-f82f653c9bf9@group-FB3B7D7D89E3-LeaderElection32: begin an election at term 15 for -1: [a54795b0-6c9c-4137-a866-f82f653c9bf9:192.168.157.213:43688, b26a8d60-58dc-431d-8168-f89a9ab35f3a:192.168.157.213:35535, 16805c57-9f45-4377-8998-764a8f26e152:192.168.157.213:33728], old=null
2019-10-19 01:04:28,826 [a1c78c0e-869c-4f76-b4ce-2034448e0b80@group-D48B69A44692-LeaderElection31] INFO  impl.LeaderElection (LeaderElection.java:logAndReturn(56)) - a1c78c0e-869c-4f76-b4ce-2034448e0b80@group-D48B69A44692-LeaderElection31: Election REJECTED; received 2 response(s) [a1c78c0e-869c-4f76-b4ce-2034448e0b80<-51276c3c-a3b8-4274-b089-592ff4589f41#0:FAIL-t10, a1c78c0e-869c-4f76-b4ce-2034448e0b80<-64c90977-e867-487c-b50d-c226f2d34a76#0:FAIL-t10] and 0 exception(s); a1c78c0e-869c-4f76-b4ce-2034448e0b80@group-D48B69A44692:t10, leader=null, voted=a1c78c0e-869c-4f76-b4ce-2034448e0b80, raftlog=a1c78c0e-869c-4f76-b4ce-2034448e0b80@group-D48B69A44692-SegmentedRaftLog:OPENED:c-1,f-1,i0, conf=-1: [51276c3c-a3b8-4274-b089-592ff4589f41:192.168.157.213:36639, 64c90977-e867-487c-b50d-c226f2d34a76:192.168.157.213:37433, a1c78c0e-869c-4f76-b4ce-2034448e0b80:192.168.157.213:33501], old=null
2019-10-19 01:04:28,826 [a1c78c0e-869c-4f76-b4ce-2034448e0b80@group-D48B69A44692-LeaderElection31] INFO  impl.RaftServerImpl (RaftServerImpl.java:setRole(184)) - a1c78c0e-869c-4f76-b4ce-2034448e0b80@group-D48B69A44692: changes role from CANDIDATE to FOLLOWER at term 10 for DISCOVERED_A_NEW_TERM
2019-10-19 01:04:28,826 [a1c78c0e-869c-4f76-b4ce-2034448e0b80@group-D48B69A44692-LeaderElection31] INFO  impl.RoleInfo (RoleInfo.java:shutdownLeaderElection(134)) - a1c78c0e-869c-4f76-b4ce-2034448e0b80: shutdown LeaderElection
2019-10-19 01:04:28,827 [a1c78c0e-869c-4f76-b4ce-2034448e0b80@group-D48B69A44692-LeaderElection31] INFO  impl.RoleInfo (RoleInfo.java:updateAndGet(143)) - a1c78c0e-869c-4f76-b4ce-2034448e0b80: start FollowerState
2019-10-19 01:04:28,829 [grpc-default-executor-4] INFO  impl.RaftServerImpl (RaftServerImpl.java:setRole(184)) - 16805c57-9f45-4377-8998-764a8f26e152@group-FB3B7D7D89E3: changes role from  FOLLOWER to FOLLOWER at term 15 for recognizeCandidate:a54795b0-6c9c-4137-a866-f82f653c9bf9
2019-10-19 01:04:28,831 [grpc-default-executor-6] INFO  impl.RaftServerImpl (RaftServerImpl.java:setRole(184)) - b26a8d60-58dc-431d-8168-f89a9ab35f3a@group-FB3B7D7D89E3: changes role from  FOLLOWER to FOLLOWER at term 15 for recognizeCandidate:a54795b0-6c9c-4137-a866-f82f653c9bf9
2019-10-19 01:04:28,831 [grpc-default-executor-4] INFO  impl.RoleInfo (RoleInfo.java:shutdownFollowerState(121)) - 16805c57-9f45-4377-8998-764a8f26e152: shutdown FollowerState
2019-10-19 01:04:28,831 [grpc-default-executor-6] INFO  impl.RoleInfo (RoleInfo.java:shutdownFollowerState(121)) - b26a8d60-58dc-431d-8168-f89a9ab35f3a: shutdown FollowerState
2019-10-19 01:04:28,831 [Thread-535] INFO  impl.FollowerState (FollowerState.java:run(117)) - 16805c57-9f45-4377-8998-764a8f26e152@group-FB3B7D7D89E3-FollowerState was interrupted: java.lang.InterruptedException: sleep interrupted
2019-10-19 01:04:28,831 [grpc-default-executor-4] INFO  impl.RoleInfo (RoleInfo.java:updateAndGet(143)) - 16805c57-9f45-4377-8998-764a8f26e152: start FollowerState
2019-10-19 01:04:28,832 [Thread-534] INFO  impl.FollowerState (FollowerState.java:run(117)) - b26a8d60-58dc-431d-8168-f89a9ab35f3a@group-FB3B7D7D89E3-FollowerState was interrupted: java.lang.InterruptedException: sleep interrupted
2019-10-19 01:04:28,832 [grpc-default-executor-6] INFO  impl.RoleInfo (RoleInfo.java:updateAndGet(143)) - b26a8d60-58dc-431d-8168-f89a9ab35f3a: start FollowerState
2019-10-19 01:04:28,849 [a54795b0-6c9c-4137-a866-f82f653c9bf9@group-FB3B7D7D89E3-LeaderElection32] INFO  impl.LeaderElection (LeaderElection.java:logAndReturn(56)) - a54795b0-6c9c-4137-a866-f82f653c9bf9@group-FB3B7D7D89E3-LeaderElection32: Election REJECTED; received 2 response(s) [a54795b0-6c9c-4137-a866-f82f653c9bf9<-b26a8d60-58dc-431d-8168-f89a9ab35f3a#0:FAIL-t15, a54795b0-6c9c-4137-a866-f82f653c9bf9<-16805c57-9f45-4377-8998-764a8f26e152#0:FAIL-t15] and 0 exception(s); a54795b0-6c9c-4137-a866-f82f653c9bf9@group-FB3B7D7D89E3:t15, leader=null, voted=a54795b0-6c9c-4137-a866-f82f653c9bf9, raftlog=a54795b0-6c9c-4137-a866-f82f653c9bf9@group-FB3B7D7D89E3-SegmentedRaftLog:OPENED:c-1,f-1,i0, conf=-1: [a54795b0-6c9c-4137-a866-f82f653c9bf9:192.168.157.213:43688, b26a8d60-58dc-431d-8168-f89a9ab35f3a:192.168.157.213:35535, 16805c57-9f45-4377-8998-764a8f26e152:192.168.157.213:33728], old=null
2019-10-19 01:04:28,849 [a54795b0-6c9c-4137-a866-f82f653c9bf9@group-FB3B7D7D89E3-LeaderElection32] INFO  impl.RaftServerImpl (RaftServerImpl.java:setRole(184)) - a54795b0-6c9c-4137-a866-f82f653c9bf9@group-FB3B7D7D89E3: changes role from CANDIDATE to FOLLOWER at term 15 for DISCOVERED_A_NEW_TERM
2019-10-19 01:04:28,849 [a54795b0-6c9c-4137-a866-f82f653c9bf9@group-FB3B7D7D89E3-LeaderElection32] INFO  impl.RoleInfo (RoleInfo.java:shutdownLeaderElection(134)) - a54795b0-6c9c-4137-a866-f82f653c9bf9: shutdown LeaderElection
2019-10-19 01:04:28,849 [a54795b0-6c9c-4137-a866-f82f653c9bf9@group-FB3B7D7D89E3-LeaderElection32] INFO  impl.RoleInfo (RoleInfo.java:updateAndGet(143)) - a54795b0-6c9c-4137-a866-f82f653c9bf9: start FollowerState
2019-10-19 01:04:28,906 [Thread-553] INFO  impl.FollowerState (FollowerState.java:run(108)) - a54795b0-6c9c-4137-a866-f82f653c9bf9@group-FB3B7D7D89E3-FollowerState: change to CANDIDATE, lastRpcTime:56ms, electionTimeout:56ms
2019-10-19 01:04:28,909 [Thread-553] INFO  impl.RoleInfo (RoleInfo.java:shutdownFollowerState(121)) - a54795b0-6c9c-4137-a866-f82f653c9bf9: shutdown FollowerState
2019-10-19 01:04:28,909 [Thread-553] INFO  impl.RaftServerImpl (RaftServerImpl.java:setRole(184)) - a54795b0-6c9c-4137-a866-f82f653c9bf9@group-FB3B7D7D89E3: changes role from  FOLLOWER to CANDIDATE at term 15 for changeToCandidate
2019-10-19 01:04:28,909 [Thread-553] INFO  impl.RoleInfo (RoleInfo.java:updateAndGet(143)) - a54795b0-6c9c-4137-a866-f82f653c9bf9: start LeaderElection
2019-10-19 01:04:28,922 [a54795b0-6c9c-4137-a866-f82f653c9bf9@group-FB3B7D7D89E3-LeaderElection33] INFO  impl.LeaderElection (LeaderElection.java:askForVotes(178)) - a54795b0-6c9c-4137-a866-f82f653c9bf9@group-FB3B7D7D89E3-LeaderElection33: begin an election at term 16 for -1: [a54795b0-6c9c-4137-a866-f82f653c9bf9:192.168.157.213:43688, b26a8d60-58dc-431d-8168-f89a9ab35f3a:192.168.157.213:35535, 16805c57-9f45-4377-8998-764a8f26e152:192.168.157.213:33728], old=null
2019-10-19 01:04:28,928 [Thread-549] INFO  impl.FollowerState (FollowerState.java:run(108)) - a1c78c0e-869c-4f76-b4ce-2034448e0b80@group-D48B69A44692-FollowerState: change to CANDIDATE, lastRpcTime:101ms, electionTimeout:97ms
2019-10-19 01:04:28,928 [Thread-549] INFO  impl.RoleInfo (RoleInfo.java:shutdownFollowerState(121)) - a1c78c0e-869c-4f76-b4ce-2034448e0b80: shutdown FollowerState
2019-10-19 01:04:28,928 [Thread-549] INFO  impl.RaftServerImpl (RaftServerImpl.java:setRole(184)) - a1c78c0e-869c-4f76-b4ce-2034448e0b80@group-D48B69A44692: changes role from  FOLLOWER to CANDIDATE at term 10 for changeToCandidate
2019-10-19 01:04:28,928 [Thread-549] INFO  impl.RoleInfo (RoleInfo.java:updateAndGet(143)) - a1c78c0e-869c-4f76-b4ce-2034448e0b80: start LeaderElection
2019-10-19 01:04:28,929 [grpc-default-executor-4] INFO  impl.RaftServerImpl (RaftServerImpl.java:setRole(184)) - b26a8d60-58dc-431d-8168-f89a9ab35f3a@group-FB3B7D7D89E3: changes role from  FOLLOWER to FOLLOWER at term 16 for recognizeCandidate:a54795b0-6c9c-4137-a866-f82f653c9bf9
2019-10-19 01:04:28,929 [grpc-default-executor-6] INFO  impl.RaftServerImpl (RaftServerImpl.java:setRole(184)) - 16805c57-9f45-4377-8998-764a8f26e152@group-FB3B7D7D89E3: changes role from  FOLLOWER to FOLLOWER at term 16 for recognizeCandidate:a54795b0-6c9c-4137-a866-f82f653c9bf9
2019-10-19 01:04:28,929 [grpc-default-executor-4] INFO  impl.RoleInfo (RoleInfo.java:shutdownFollowerState(121)) - b26a8d60-58dc-431d-8168-f89a9ab35f3a: shutdown FollowerState
2019-10-19 01:04:28,929 [grpc-default-executor-6] INFO  impl.RoleInfo (RoleInfo.java:shutdownFollowerState(121)) - 16805c57-9f45-4377-8998-764a8f26e152: shutdown FollowerState
2019-10-19 01:04:28,929 [Thread-551] INFO  impl.FollowerState (FollowerState.java:run(117)) - b26a8d60-58dc-431d-8168-f89a9ab35f3a@group-FB3B7D7D89E3-FollowerState was interrupted: java.lang.InterruptedException: sleep interrupted
2019-10-19 01:04:28,929 [grpc-default-executor-4] INFO  impl.RoleInfo (RoleInfo.java:updateAndGet(143)) - b26a8d60-58dc-431d-8168-f89a9ab35f3a: start FollowerState
2019-10-19 01:04:28,929 [Thread-550] INFO  impl.FollowerState (FollowerState.java:run(117)) - 16805c57-9f45-4377-8998-764a8f26e152@group-FB3B7D7D89E3-FollowerState was interrupted: java.lang.InterruptedException: sleep interrupted
2019-10-19 01:04:28,929 [grpc-default-executor-6] INFO  impl.RoleInfo (RoleInfo.java:updateAndGet(143)) - 16805c57-9f45-4377-8998-764a8f26e152: start FollowerState
2019-10-19 01:04:28,943 [a1c78c0e-869c-4f76-b4ce-2034448e0b80@group-D48B69A44692-LeaderElection34] INFO  impl.LeaderElection (LeaderElection.java:askForVotes(178)) - a1c78c0e-869c-4f76-b4ce-2034448e0b80@group-D48B69A44692-LeaderElection34: begin an election at term 11 for -1: [51276c3c-a3b8-4274-b089-592ff4589f41:192.168.157.213:36639, 64c90977-e867-487c-b50d-c226f2d34a76:192.168.157.213:37433, a1c78c0e-869c-4f76-b4ce-2034448e0b80:192.168.157.213:33501], old=null
2019-10-19 01:04:28,944 [a54795b0-6c9c-4137-a866-f82f653c9bf9@group-FB3B7D7D89E3-LeaderElection33] INFO  impl.LeaderElection (LeaderElection.java:logAndReturn(56)) - a54795b0-6c9c-4137-a866-f82f653c9bf9@group-FB3B7D7D89E3-LeaderElection33: Election REJECTED; received 2 response(s) [a54795b0-6c9c-4137-a866-f82f653c9bf9<-b26a8d60-58dc-431d-8168-f89a9ab35f3a#0:FAIL-t16, a54795b0-6c9c-4137-a866-f82f653c9bf9<-16805c57-9f45-4377-8998-764a8f26e152#0:FAIL-t16] and 0 exception(s); a54795b0-6c9c-4137-a866-f82f653c9bf9@group-FB3B7D7D89E3:t16, leader=null, voted=a54795b0-6c9c-4137-a866-f82f653c9bf9, raftlog=a54795b0-6c9c-4137-a866-f82f653c9bf9@group-FB3B7D7D89E3-SegmentedRaftLog:OPENED:c-1,f-1,i0, conf=-1: [a54795b0-6c9c-4137-a866-f82f653c9bf9:192.168.157.213:43688, b26a8d60-58dc-431d-8168-f89a9ab35f3a:192.168.157.213:35535, 16805c57-9f45-4377-8998-764a8f26e152:192.168.157.213:33728], old=null
2019-10-19 01:04:28,945 [a1c78c0e-869c-4f76-b4ce-2034448e0b80@group-D48B69A44692-LeaderElection34] INFO  impl.LeaderElection (LeaderElection.java:logAndReturn(56)) - a1c78c0e-869c-4f76-b4ce-2034448e0b80@group-D48B69A44692-LeaderElection34: Election TIMEOUT; received 0 response(s) [] and 0 exception(s); a1c78c0e-869c-4f76-b4ce-2034448e0b80@group-D48B69A44692:t11, leader=null, voted=a1c78c0e-869c-4f76-b4ce-2034448e0b80, raftlog=a1c78c0e-869c-4f76-b4ce-2034448e0b80@group-D48B69A44692-SegmentedRaftLog:OPENED:c-1,f-1,i0, conf=-1: [51276c3c-a3b8-4274-b089-592ff4589f41:192.168.157.213:36639, 64c90977-e867-487c-b50d-c226f2d34a76:192.168.157.213:37433, a1c78c0e-869c-4f76-b4ce-2034448e0b80:192.168.157.213:33501], old=null
2019-10-19 01:04:28,945 [a54795b0-6c9c-4137-a866-f82f653c9bf9@group-FB3B7D7D89E3-LeaderElection33] INFO  impl.RaftServerImpl (RaftServerImpl.java:setRole(184)) - a54795b0-6c9c-4137-a866-f82f653c9bf9@group-FB3B7D7D89E3: changes role from CANDIDATE to FOLLOWER at term 16 for DISCOVERED_A_NEW_TERM
2019-10-19 01:04:28,948 [a54795b0-6c9c-4137-a866-f82f653c9bf9@group-FB3B7D7D89E3-LeaderElection33] INFO  impl.RoleInfo (RoleInfo.java:shutdownLeaderElection(134)) - a54795b0-6c9c-4137-a866-f82f653c9bf9: shutdown LeaderElection
2019-10-19 01:04:28,948 [a54795b0-6c9c-4137-a866-f82f653c9bf9@group-FB3B7D7D89E3-LeaderElection33] INFO  impl.RoleInfo (RoleInfo.java:updateAndGet(143)) - a54795b0-6c9c-4137-a866-f82f653c9bf9: start FollowerState
2019-10-19 01:04:28,948 [grpc-default-executor-4] INFO  impl.RaftServerImpl (RaftServerImpl.java:setRole(184)) - 64c90977-e867-487c-b50d-c226f2d34a76@group-D48B69A44692: changes role from  FOLLOWER to FOLLOWER at term 11 for recognizeCandidate:a1c78c0e-869c-4f76-b4ce-2034448e0b80
2019-10-19 01:04:28,950 [grpc-default-executor-4] INFO  impl.RoleInfo (RoleInfo.java:shutdownFollowerState(121)) - 64c90977-e867-487c-b50d-c226f2d34a76: shutdown FollowerState
2019-10-19 01:04:28,950 [Thread-542] INFO  impl.FollowerState (FollowerState.java:run(117)) - 64c90977-e867-487c-b50d-c226f2d34a76@group-D48B69A44692-FollowerState was interrupted: java.lang.InterruptedException: sleep interrupted
2019-10-19 01:04:28,950 [grpc-default-executor-6] INFO  impl.RaftServerImpl (RaftServerImpl.java:setRole(184)) - 51276c3c-a3b8-4274-b089-592ff4589f41@group-D48B69A44692: changes role from  FOLLOWER to FOLLOWER at term 11 for recognizeCandidate:a1c78c0e-869c-4f76-b4ce-2034448e0b80
2019-10-19 01:04:28,950 [grpc-default-executor-4] INFO  impl.RoleInfo (RoleInfo.java:updateAndGet(143)) - 64c90977-e867-487c-b50d-c226f2d34a76: start FollowerState
2019-10-19 01:04:28,950 [grpc-default-executor-6] INFO  impl.RoleInfo (RoleInfo.java:shutdownFollowerState(121)) - 51276c3c-a3b8-4274-b089-592ff4589f41: shutdown FollowerState
2019-10-19 01:04:28,951 [grpc-default-executor-6] INFO  impl.RoleInfo (RoleInfo.java:updateAndGet(143)) - 51276c3c-a3b8-4274-b089-592ff4589f41: start FollowerState
2019-10-19 01:04:28,951 [Thread-543] INFO  impl.FollowerState (FollowerState.java:run(117)) - 51276c3c-a3b8-4274-b089-592ff4589f41@group-D48B69A44692-FollowerState was interrupted: java.lang.InterruptedException: sleep interrupted
2019-10-19 01:04:28,973 [a1c78c0e-869c-4f76-b4ce-2034448e0b80@group-D48B69A44692-LeaderElection34] INFO  impl.LeaderElection (LeaderElection.java:askForVotes(178)) - a1c78c0e-869c-4f76-b4ce-2034448e0b80@group-D48B69A44692-LeaderElection34: begin an election at term 12 for -1: [51276c3c-a3b8-4274-b089-592ff4589f41:192.168.157.213:36639, 64c90977-e867-487c-b50d-c226f2d34a76:192.168.157.213:37433, a1c78c0e-869c-4f76-b4ce-2034448e0b80:192.168.157.213:33501], old=null
2019-10-19 01:04:28,975 [grpc-default-executor-4] INFO  impl.RaftServerImpl (RaftServerImpl.java:setRole(184)) - 51276c3c-a3b8-4274-b089-592ff4589f41@group-D48B69A44692: changes role from  FOLLOWER to FOLLOWER at term 12 for recognizeCandidate:a1c78c0e-869c-4f76-b4ce-2034448e0b80
2019-10-19 01:04:28,975 [grpc-default-executor-6] INFO  impl.RaftServerImpl (RaftServerImpl.java:setRole(184)) - 64c90977-e867-487c-b50d-c226f2d34a76@group-D48B69A44692: changes role from  FOLLOWER to FOLLOWER at term 12 for recognizeCandidate:a1c78c0e-869c-4f76-b4ce-2034448e0b80
2019-10-19 01:04:28,975 [grpc-default-executor-4] INFO  impl.RoleInfo (RoleInfo.java:shutdownFollowerState(121)) - 51276c3c-a3b8-4274-b089-592ff4589f41: shutdown FollowerState
2019-10-19 01:04:28,976 [grpc-default-executor-6] INFO  impl.RoleInfo (RoleInfo.java:shutdownFollowerState(121)) - 64c90977-e867-487c-b50d-c226f2d34a76: shutdown FollowerState
2019-10-19 01:04:28,976 [Thread-564] INFO  impl.FollowerState (FollowerState.java:run(117)) - 51276c3c-a3b8-4274-b089-592ff4589f41@group-D48B69A44692-FollowerState was interrupted: java.lang.InterruptedException: sleep interrupted
2019-10-19 01:04:28,976 [Thread-563] INFO  impl.FollowerState (FollowerState.java:run(117)) - 64c90977-e867-487c-b50d-c226f2d34a76@group-D48B69A44692-FollowerState was interrupted: java.lang.InterruptedException: sleep interrupted
2019-10-19 01:04:28,976 [grpc-default-executor-6] INFO  impl.RoleInfo (RoleInfo.java:updateAndGet(143)) - 64c90977-e867-487c-b50d-c226f2d34a76: start FollowerState
2019-10-19 01:04:28,976 [grpc-default-executor-4] INFO  impl.RoleInfo (RoleInfo.java:updateAndGet(143)) - 51276c3c-a3b8-4274-b089-592ff4589f41: start FollowerState
2019-10-19 01:04:28,976 [Thread-562] INFO  impl.FollowerState (FollowerState.java:run(108)) - a54795b0-6c9c-4137-a866-f82f653c9bf9@group-FB3B7D7D89E3-FollowerState: change to CANDIDATE, lastRpcTime:28ms, electionTimeout:26ms
2019-10-19 01:04:28,977 [Thread-562] INFO  impl.RoleInfo (RoleInfo.java:shutdownFollowerState(121)) - a54795b0-6c9c-4137-a866-f82f653c9bf9: shutdown FollowerState
2019-10-19 01:04:28,977 [Thread-562] INFO  impl.RaftServerImpl (RaftServerImpl.java:setRole(184)) - a54795b0-6c9c-4137-a866-f82f653c9bf9@group-FB3B7D7D89E3: changes role from  FOLLOWER to CANDIDATE at term 16 for changeToCandidate
2019-10-19 01:04:28,977 [Thread-562] INFO  impl.RoleInfo (RoleInfo.java:updateAndGet(143)) - a54795b0-6c9c-4137-a866-f82f653c9bf9: start LeaderElection
2019-10-19 01:04:28,992 [a54795b0-6c9c-4137-a866-f82f653c9bf9@group-FB3B7D7D89E3-LeaderElection35] INFO  impl.LeaderElection (LeaderElection.java:askForVotes(178)) - a54795b0-6c9c-4137-a866-f82f653c9bf9@group-FB3B7D7D89E3-LeaderElection35: begin an election at term 17 for -1: [a54795b0-6c9c-4137-a866-f82f653c9bf9:192.168.157.213:43688, b26a8d60-58dc-431d-8168-f89a9ab35f3a:192.168.157.213:35535, 16805c57-9f45-4377-8998-764a8f26e152:192.168.157.213:33728], old=null
2019-10-19 01:04:28,994 [a1c78c0e-869c-4f76-b4ce-2034448e0b80@group-D48B69A44692-LeaderElection34] INFO  impl.LeaderElection (LeaderElection.java:logAndReturn(56)) - a1c78c0e-869c-4f76-b4ce-2034448e0b80@group-D48B69A44692-LeaderElection34: Election REJECTED; received 2 response(s) [a1c78c0e-869c-4f76-b4ce-2034448e0b80<-51276c3c-a3b8-4274-b089-592ff4589f41#0:FAIL-t12, a1c78c0e-869c-4f76-b4ce-2034448e0b80<-64c90977-e867-487c-b50d-c226f2d34a76#0:FAIL-t12] and 0 exception(s); a1c78c0e-869c-4f76-b4ce-2034448e0b80@group-D48B69A44692:t12, leader=null, voted=a1c78c0e-869c-4f76-b4ce-2034448e0b80, raftlog=a1c78c0e-869c-4f76-b4ce-2034448e0b80@group-D48B69A44692-SegmentedRaftLog:OPENED:c-1,f-1,i0, conf=-1: [51276c3c-a3b8-4274-b089-592ff4589f41:192.168.157.213:36639, 64c90977-e867-487c-b50d-c226f2d34a76:192.168.157.213:37433, a1c78c0e-869c-4f76-b4ce-2034448e0b80:192.168.157.213:33501], old=null
2019-10-19 01:04:28,994 [grpc-default-executor-6] INFO  impl.RaftServerImpl (RaftServerImpl.java:setRole(184)) - 16805c57-9f45-4377-8998-764a8f26e152@group-FB3B7D7D89E3: changes role from  FOLLOWER to FOLLOWER at term 17 for recognizeCandidate:a54795b0-6c9c-4137-a866-f82f653c9bf9
2019-10-19 01:04:28,994 [a1c78c0e-869c-4f76-b4ce-2034448e0b80@group-D48B69A44692-LeaderElection34] INFO  impl.RaftServerImpl (RaftServerImpl.java:setRole(184)) - a1c78c0e-869c-4f76-b4ce-2034448e0b80@group-D48B69A44692: changes role from CANDIDATE to FOLLOWER at term 12 for DISCOVERED_A_NEW_TERM
2019-10-19 01:04:28,998 [a1c78c0e-869c-4f76-b4ce-2034448e0b80@group-D48B69A44692-LeaderElection34] INFO  impl.RoleInfo (RoleInfo.java:shutdownLeaderElection(134)) - a1c78c0e-869c-4f76-b4ce-2034448e0b80: shutdown LeaderElection
2019-10-19 01:04:28,994 [grpc-default-executor-4] INFO  impl.RaftServerImpl (RaftServerImpl.java:setRole(184)) - b26a8d60-58dc-431d-8168-f89a9ab35f3a@group-FB3B7D7D89E3: changes role from  FOLLOWER to FOLLOWER at term 17 for recognizeCandidate:a54795b0-6c9c-4137-a866-f82f653c9bf9
2019-10-19 01:04:28,994 [grpc-default-executor-6] INFO  impl.RoleInfo (RoleInfo.java:shutdownFollowerState(121)) - 16805c57-9f45-4377-8998-764a8f26e152: shutdown FollowerState
2019-10-19 01:04:28,999 [grpc-default-executor-4] INFO  impl.RoleInfo (RoleInfo.java:shutdownFollowerState(121)) - b26a8d60-58dc-431d-8168-f89a9ab35f3a: shutdown FollowerState
2019-10-19 01:04:28,999 [a1c78c0e-869c-4f76-b4ce-2034448e0b80@group-D48B69A44692-LeaderElection34] INFO  impl.RoleInfo (RoleInfo.java:updateAndGet(143)) - a1c78c0e-869c-4f76-b4ce-2034448e0b80: start FollowerState
2019-10-19 01:04:28,999 [grpc-default-executor-4] INFO  impl.RoleInfo (RoleInfo.java:updateAndGet(143)) - b26a8d60-58dc-431d-8168-f89a9ab35f3a: start FollowerState
2019-10-19 01:04:28,999 [Thread-558] INFO  impl.FollowerState (FollowerState.java:run(117)) - b26a8d60-58dc-431d-8168-f89a9ab35f3a@group-FB3B7D7D89E3-FollowerState was interrupted: java.lang.InterruptedException: sleep interrupted
2019-10-19 01:04:28,999 [Thread-559] INFO  impl.FollowerState (FollowerState.java:run(117)) - 16805c57-9f45-4377-8998-764a8f26e152@group-FB3B7D7D89E3-FollowerState was interrupted: java.lang.InterruptedException: sleep interrupted
2019-10-19 01:04:28,999 [grpc-default-executor-6] INFO  impl.RoleInfo (RoleInfo.java:updateAndGet(143)) - 16805c57-9f45-4377-8998-764a8f26e152: start FollowerState
2019-10-19 01:04:29,022 [Thread-572] INFO  impl.FollowerState (FollowerState.java:run(108)) - a1c78c0e-869c-4f76-b4ce-2034448e0b80@group-D48B69A44692-FollowerState: change to CANDIDATE, lastRpcTime:23ms, electionTimeout:23ms
2019-10-19 01:04:29,023 [Thread-572] INFO  impl.RoleInfo (RoleInfo.java:shutdownFollowerState(121)) - a1c78c0e-869c-4f76-b4ce-2034448e0b80: shutdown FollowerState
2019-10-19 01:04:29,023 [Thread-572] INFO  impl.RaftServerImpl (RaftServerImpl.java:setRole(184)) - a1c78c0e-869c-4f76-b4ce-2034448e0b80@group-D48B69A44692: changes role from  FOLLOWER to CANDIDATE at term 12 for changeToCandidate
2019-10-19 01:04:29,023 [Thread-572] INFO  impl.RoleInfo (RoleInfo.java:updateAndGet(143)) - a1c78c0e-869c-4f76-b4ce-2034448e0b80: start LeaderElection
2019-10-19 01:04:29,036 [a1c78c0e-869c-4f76-b4ce-2034448e0b80@group-D48B69A44692-LeaderElection36] INFO  impl.LeaderElection (LeaderElection.java:askForVotes(178)) - a1c78c0e-869c-4f76-b4ce-2034448e0b80@group-D48B69A44692-LeaderElection36: begin an election at term 13 for -1: [51276c3c-a3b8-4274-b089-592ff4589f41:192.168.157.213:36639, 64c90977-e867-487c-b50d-c226f2d34a76:192.168.157.213:37433, a1c78c0e-869c-4f76-b4ce-2034448e0b80:192.168.157.213:33501], old=null
2019-10-19 01:04:29,040 [a54795b0-6c9c-4137-a866-f82f653c9bf9@group-FB3B7D7D89E3-LeaderElection35] INFO  impl.LeaderElection (LeaderElection.java:logAndReturn(56)) - a54795b0-6c9c-4137-a866-f82f653c9bf9@group-FB3B7D7D89E3-LeaderElection35: Election REJECTED; received 2 response(s) [a54795b0-6c9c-4137-a866-f82f653c9bf9<-b26a8d60-58dc-431d-8168-f89a9ab35f3a#0:FAIL-t17, a54795b0-6c9c-4137-a866-f82f653c9bf9<-16805c57-9f45-4377-8998-764a8f26e152#0:FAIL-t17] and 0 exception(s); a54795b0-6c9c-4137-a866-f82f653c9bf9@group-FB3B7D7D89E3:t17, leader=null, voted=a54795b0-6c9c-4137-a866-f82f653c9bf9, raftlog=a54795b0-6c9c-4137-a866-f82f653c9bf9@group-FB3B7D7D89E3-SegmentedRaftLog:OPENED:c-1,f-1,i0, conf=-1: [a54795b0-6c9c-4137-a866-f82f653c9bf9:192.168.157.213:43688, b26a8d60-58dc-431d-8168-f89a9ab35f3a:192.168.157.213:35535, 16805c57-9f45-4377-8998-764a8f26e152:192.168.157.213:33728], old=null
2019-10-19 01:04:29,040 [a54795b0-6c9c-4137-a866-f82f653c9bf9@group-FB3B7D7D89E3-LeaderElection35] INFO  impl.RaftServerImpl (RaftServerImpl.java:setRole(184)) - a54795b0-6c9c-4137-a866-f82f653c9bf9@group-FB3B7D7D89E3: changes role from CANDIDATE to FOLLOWER at term 17 for DISCOVERED_A_NEW_TERM
2019-10-19 01:04:29,040 [a54795b0-6c9c-4137-a866-f82f653c9bf9@group-FB3B7D7D89E3-LeaderElection35] INFO  impl.RoleInfo (RoleInfo.java:shutdownLeaderElection(134)) - a54795b0-6c9c-4137-a866-f82f653c9bf9: shutdown LeaderElection
2019-10-19 01:04:29,041 [a54795b0-6c9c-4137-a866-f82f653c9bf9@group-FB3B7D7D89E3-LeaderElection35] INFO  impl.RoleInfo (RoleInfo.java:updateAndGet(143)) - a54795b0-6c9c-4137-a866-f82f653c9bf9: start FollowerState
2019-10-19 01:04:29,042 [grpc-default-executor-4] INFO  impl.RaftServerImpl (RaftServerImpl.java:setRole(184)) - 51276c3c-a3b8-4274-b089-592ff4589f41@group-D48B69A44692: changes role from  FOLLOWER to FOLLOWER at term 13 for recognizeCandidate:a1c78c0e-869c-4f76-b4ce-2034448e0b80
2019-10-19 01:04:29,042 [grpc-default-executor-6] INFO  impl.RaftServerImpl (RaftServerImpl.java:setRole(184)) - 64c90977-e867-487c-b50d-c226f2d34a76@group-D48B69A44692: changes role from  FOLLOWER to FOLLOWER at term 13 for recognizeCandidate:a1c78c0e-869c-4f76-b4ce-2034448e0b80
2019-10-19 01:04:29,045 [grpc-default-executor-4] INFO  impl.RoleInfo (RoleInfo.java:shutdownFollowerState(121)) - 51276c3c-a3b8-4274-b089-592ff4589f41: shutdown FollowerState
2019-10-19 01:04:29,045 [grpc-default-executor-6] INFO  impl.RoleInfo (RoleInfo.java:shutdownFollowerState(121)) - 64c90977-e867-487c-b50d-c226f2d34a76: shutdown FollowerState
2019-10-19 01:04:29,045 [Thread-567] INFO  impl.FollowerState (FollowerState.java:run(117)) - 51276c3c-a3b8-4274-b089-592ff4589f41@group-D48B69A44692-FollowerState was interrupted: java.lang.InterruptedException: sleep interrupted
2019-10-19 01:04:29,045 [Thread-568] INFO  impl.FollowerState (FollowerState.java:run(117)) - 64c90977-e867-487c-b50d-c226f2d34a76@group-D48B69A44692-FollowerState was interrupted: java.lang.InterruptedException: sleep interrupted
2019-10-19 01:04:29,045 [grpc-default-executor-4] INFO  impl.RoleInfo (RoleInfo.java:updateAndGet(143)) - 51276c3c-a3b8-4274-b089-592ff4589f41: start FollowerState
2019-10-19 01:04:29,045 [grpc-default-executor-6] INFO  impl.RoleInfo (RoleInfo.java:updateAndGet(143)) - 64c90977-e867-487c-b50d-c226f2d34a76: start FollowerState
2019-10-19 01:04:29,054 [a1c78c0e-869c-4f76-b4ce-2034448e0b80@group-D48B69A44692-LeaderElection36] INFO  impl.LeaderElection (LeaderElection.java:logAndReturn(56)) - a1c78c0e-869c-4f76-b4ce-2034448e0b80@group-D48B69A44692-LeaderElection36: Election REJECTED; received 2 response(s) [a1c78c0e-869c-4f76-b4ce-2034448e0b80<-51276c3c-a3b8-4274-b089-592ff4589f41#0:FAIL-t13, a1c78c0e-869c-4f76-b4ce-2034448e0b80<-64c90977-e867-487c-b50d-c226f2d34a76#0:FAIL-t13] and 0 exception(s); a1c78c0e-869c-4f76-b4ce-2034448e0b80@group-D48B69A44692:t13, leader=null, voted=a1c78c0e-869c-4f76-b4ce-2034448e0b80, raftlog=a1c78c0e-869c-4f76-b4ce-2034448e0b80@group-D48B69A44692-SegmentedRaftLog:OPENED:c-1,f-1,i0, conf=-1: [51276c3c-a3b8-4274-b089-592ff4589f41:192.168.157.213:36639, 64c90977-e867-487c-b50d-c226f2d34a76:192.168.157.213:37433, a1c78c0e-869c-4f76-b4ce-2034448e0b80:192.168.157.213:33501], old=null
2019-10-19 01:04:29,055 [a1c78c0e-869c-4f76-b4ce-2034448e0b80@group-D48B69A44692-LeaderElection36] INFO  impl.RaftServerImpl (RaftServerImpl.java:setRole(184)) - a1c78c0e-869c-4f76-b4ce-2034448e0b80@group-D48B69A44692: changes role from CANDIDATE to FOLLOWER at term 13 for DISCOVERED_A_NEW_TERM
2019-10-19 01:04:29,055 [a1c78c0e-869c-4f76-b4ce-2034448e0b80@group-D48B69A44692-LeaderElection36] INFO  impl.RoleInfo (RoleInfo.java:shutdownLeaderElection(134)) - a1c78c0e-869c-4f76-b4ce-2034448e0b80: shutdown LeaderElection
2019-10-19 01:04:29,055 [a1c78c0e-869c-4f76-b4ce-2034448e0b80@group-D48B69A44692-LeaderElection36] INFO  impl.RoleInfo (RoleInfo.java:updateAndGet(143)) - a1c78c0e-869c-4f76-b4ce-2034448e0b80: start FollowerState
2019-10-19 01:04:29,119 [Thread-581] INFO  impl.FollowerState (FollowerState.java:run(108)) - a1c78c0e-869c-4f76-b4ce-2034448e0b80@group-D48B69A44692-FollowerState: change to CANDIDATE, lastRpcTime:63ms, electionTimeout:63ms
2019-10-19 01:04:29,123 [Thread-581] INFO  impl.RoleInfo (RoleInfo.java:shutdownFollowerState(121)) - a1c78c0e-869c-4f76-b4ce-2034448e0b80: shutdown FollowerState
2019-10-19 01:04:29,123 [Thread-581] INFO  impl.RaftServerImpl (RaftServerImpl.java:setRole(184)) - a1c78c0e-869c-4f76-b4ce-2034448e0b80@group-D48B69A44692: changes role from  FOLLOWER to CANDIDATE at term 13 for changeToCandidate
2019-10-19 01:04:29,124 [Thread-581] INFO  impl.RoleInfo (RoleInfo.java:updateAndGet(143)) - a1c78c0e-869c-4f76-b4ce-2034448e0b80: start LeaderElection
2019-10-19 01:04:29,128 [a1c78c0e-869c-4f76-b4ce-2034448e0b80@group-D48B69A44692-LeaderElection37] INFO  impl.LeaderElection (LeaderElection.java:askForVotes(178)) - a1c78c0e-869c-4f76-b4ce-2034448e0b80@group-D48B69A44692-LeaderElection37: begin an election at term 14 for -1: [51276c3c-a3b8-4274-b089-592ff4589f41:192.168.157.213:36639, 64c90977-e867-487c-b50d-c226f2d34a76:192.168.157.213:37433, a1c78c0e-869c-4f76-b4ce-2034448e0b80:192.168.157.213:33501], old=null
2019-10-19 01:04:29,132 [grpc-default-executor-4] INFO  impl.RaftServerImpl (RaftServerImpl.java:setRole(184)) - 64c90977-e867-487c-b50d-c226f2d34a76@group-D48B69A44692: changes role from  FOLLOWER to FOLLOWER at term 14 for recognizeCandidate:a1c78c0e-869c-4f76-b4ce-2034448e0b80
2019-10-19 01:04:29,132 [grpc-default-executor-6] INFO  impl.RaftServerImpl (RaftServerImpl.java:setRole(184)) - 51276c3c-a3b8-4274-b089-592ff4589f41@group-D48B69A44692: changes role from  FOLLOWER to FOLLOWER at term 14 for recognizeCandidate:a1c78c0e-869c-4f76-b4ce-2034448e0b80
2019-10-19 01:04:29,132 [grpc-default-executor-4] INFO  impl.RoleInfo (RoleInfo.java:shutdownFollowerState(121)) - 64c90977-e867-487c-b50d-c226f2d34a76: shutdown FollowerState
2019-10-19 01:04:29,132 [grpc-default-executor-6] INFO  impl.RoleInfo (RoleInfo.java:shutdownFollowerState(121)) - 51276c3c-a3b8-4274-b089-592ff4589f41: shutdown FollowerState
2019-10-19 01:04:29,132 [grpc-default-executor-4] INFO  impl.RoleInfo (RoleInfo.java:updateAndGet(143)) - 64c90977-e867-487c-b50d-c226f2d34a76: start FollowerState
2019-10-19 01:04:29,132 [Thread-579] INFO  impl.FollowerState (FollowerState.java:run(117)) - 51276c3c-a3b8-4274-b089-592ff4589f41@group-D48B69A44692-FollowerState was interrupted: java.lang.InterruptedException: sleep interrupted
2019-10-19 01:04:29,132 [grpc-default-executor-6] INFO  impl.RoleInfo (RoleInfo.java:updateAndGet(143)) - 51276c3c-a3b8-4274-b089-592ff4589f41: start FollowerState
2019-10-19 01:04:29,132 [Thread-580] INFO  impl.FollowerState (FollowerState.java:run(117)) - 64c90977-e867-487c-b50d-c226f2d34a76@group-D48B69A44692-FollowerState was interrupted: java.lang.InterruptedException: sleep interrupted
2019-10-19 01:04:29,140 [a1c78c0e-869c-4f76-b4ce-2034448e0b80@group-D48B69A44692-LeaderElection37] INFO  impl.LeaderElection (LeaderElection.java:logAndReturn(56)) - a1c78c0e-869c-4f76-b4ce-2034448e0b80@group-D48B69A44692-LeaderElection37: Election REJECTED; received 2 response(s) [a1c78c0e-869c-4f76-b4ce-2034448e0b80<-51276c3c-a3b8-4274-b089-592ff4589f41#0:FAIL-t14, a1c78c0e-869c-4f76-b4ce-2034448e0b80<-64c90977-e867-487c-b50d-c226f2d34a76#0:FAIL-t14] and 0 exception(s); a1c78c0e-869c-4f76-b4ce-2034448e0b80@group-D48B69A44692:t14, leader=null, voted=a1c78c0e-869c-4f76-b4ce-2034448e0b80, raftlog=a1c78c0e-869c-4f76-b4ce-2034448e0b80@group-D48B69A44692-SegmentedRaftLog:OPENED:c-1,f-1,i0, conf=-1: [51276c3c-a3b8-4274-b089-592ff4589f41:192.168.157.213:36639, 64c90977-e867-487c-b50d-c226f2d34a76:192.168.157.213:37433, a1c78c0e-869c-4f76-b4ce-2034448e0b80:192.168.157.213:33501], old=null
2019-10-19 01:04:29,140 [a1c78c0e-869c-4f76-b4ce-2034448e0b80@group-D48B69A44692-LeaderElection37] INFO  impl.RaftServerImpl (RaftServerImpl.java:setRole(184)) - a1c78c0e-869c-4f76-b4ce-2034448e0b80@group-D48B69A44692: changes role from CANDIDATE to FOLLOWER at term 14 for DISCOVERED_A_NEW_TERM
2019-10-19 01:04:29,140 [a1c78c0e-869c-4f76-b4ce-2034448e0b80@group-D48B69A44692-LeaderElection37] INFO  impl.RoleInfo (RoleInfo.java:shutdownLeaderElection(134)) - a1c78c0e-869c-4f76-b4ce-2034448e0b80: shutdown LeaderElection
2019-10-19 01:04:29,141 [a1c78c0e-869c-4f76-b4ce-2034448e0b80@group-D48B69A44692-LeaderElection37] INFO  impl.RoleInfo (RoleInfo.java:updateAndGet(143)) - a1c78c0e-869c-4f76-b4ce-2034448e0b80: start FollowerState
2019-10-19 01:04:29,236 [Thread-587] INFO  impl.FollowerState (FollowerState.java:run(108)) - a1c78c0e-869c-4f76-b4ce-2034448e0b80@group-D48B69A44692-FollowerState: change to CANDIDATE, lastRpcTime:95ms, electionTimeout:95ms
2019-10-19 01:04:29,238 [Thread-587] INFO  impl.RoleInfo (RoleInfo.java:shutdownFollowerState(121)) - a1c78c0e-869c-4f76-b4ce-2034448e0b80: shutdown FollowerState
2019-10-19 01:04:29,238 [Thread-578] INFO  impl.FollowerState (FollowerState.java:run(108)) - a54795b0-6c9c-4137-a866-f82f653c9bf9@group-FB3B7D7D89E3-FollowerState: change to CANDIDATE, lastRpcTime:197ms, electionTimeout:197ms
2019-10-19 01:04:29,238 [Thread-587] INFO  impl.RaftServerImpl (RaftServerImpl.java:setRole(184)) - a1c78c0e-869c-4f76-b4ce-2034448e0b80@group-D48B69A44692: changes role from  FOLLOWER to CANDIDATE at term 14 for changeToCandidate
2019-10-19 01:04:29,238 [Thread-578] INFO  impl.RoleInfo (RoleInfo.java:shutdownFollowerState(121)) - a54795b0-6c9c-4137-a866-f82f653c9bf9: shutdown FollowerState
2019-10-19 01:04:29,239 [Thread-587] INFO  impl.RoleInfo (RoleInfo.java:updateAndGet(143)) - a1c78c0e-869c-4f76-b4ce-2034448e0b80: start LeaderElection
2019-10-19 01:04:29,239 [Thread-578] INFO  impl.RaftServerImpl (RaftServerImpl.java:setRole(184)) - a54795b0-6c9c-4137-a866-f82f653c9bf9@group-FB3B7D7D89E3: changes role from  FOLLOWER to CANDIDATE at term 17 for changeToCandidate
2019-10-19 01:04:29,239 [Thread-578] INFO  impl.RoleInfo (RoleInfo.java:updateAndGet(143)) - a54795b0-6c9c-4137-a866-f82f653c9bf9: start LeaderElection
2019-10-19 01:04:29,283 [a54795b0-6c9c-4137-a866-f82f653c9bf9@group-FB3B7D7D89E3-LeaderElection39] INFO  impl.LeaderElection (LeaderElection.java:askForVotes(178)) - a54795b0-6c9c-4137-a866-f82f653c9bf9@group-FB3B7D7D89E3-LeaderElection39: begin an election at term 18 for -1: [a54795b0-6c9c-4137-a866-f82f653c9bf9:192.168.157.213:43688, b26a8d60-58dc-431d-8168-f89a9ab35f3a:192.168.157.213:35535, 16805c57-9f45-4377-8998-764a8f26e152:192.168.157.213:33728], old=null
2019-10-19 01:04:29,283 [a1c78c0e-869c-4f76-b4ce-2034448e0b80@group-D48B69A44692-LeaderElection38] INFO  impl.LeaderElection (LeaderElection.java:askForVotes(178)) - a1c78c0e-869c-4f76-b4ce-2034448e0b80@group-D48B69A44692-LeaderElection38: begin an election at term 15 for -1: [51276c3c-a3b8-4274-b089-592ff4589f41:192.168.157.213:36639, 64c90977-e867-487c-b50d-c226f2d34a76:192.168.157.213:37433, a1c78c0e-869c-4f76-b4ce-2034448e0b80:192.168.157.213:33501], old=null
2019-10-19 01:04:29,290 [grpc-default-executor-6] INFO  impl.RaftServerImpl (RaftServerImpl.java:setRole(184)) - b26a8d60-58dc-431d-8168-f89a9ab35f3a@group-FB3B7D7D89E3: changes role from  FOLLOWER to FOLLOWER at term 18 for recognizeCandidate:a54795b0-6c9c-4137-a866-f82f653c9bf9
2019-10-19 01:04:29,290 [grpc-default-executor-4] INFO  impl.RaftServerImpl (RaftServerImpl.java:setRole(184)) - 16805c57-9f45-4377-8998-764a8f26e152@group-FB3B7D7D89E3: changes role from  FOLLOWER to FOLLOWER at term 18 for recognizeCandidate:a54795b0-6c9c-4137-a866-f82f653c9bf9
2019-10-19 01:04:29,291 [grpc-default-executor-6] INFO  impl.RoleInfo (RoleInfo.java:shutdownFollowerState(121)) - b26a8d60-58dc-431d-8168-f89a9ab35f3a: shutdown FollowerState
2019-10-19 01:04:29,291 [grpc-default-executor-5] INFO  impl.RaftServerImpl (RaftServerImpl.java:setRole(184)) - 64c90977-e867-487c-b50d-c226f2d34a76@group-D48B69A44692: changes role from  FOLLOWER to FOLLOWER at term 15 for recognizeCandidate:a1c78c0e-869c-4f76-b4ce-2034448e0b80
2019-10-19 01:04:29,291 [grpc-default-executor-4] INFO  impl.RoleInfo (RoleInfo.java:shutdownFollowerState(121)) - 16805c57-9f45-4377-8998-764a8f26e152: shutdown FollowerState
2019-10-19 01:04:29,291 [grpc-default-executor-5] INFO  impl.RoleInfo (RoleInfo.java:shutdownFollowerState(121)) - 64c90977-e867-487c-b50d-c226f2d34a76: shutdown FollowerState
2019-10-19 01:04:29,291 [Thread-574] INFO  impl.FollowerState (FollowerState.java:run(117)) - b26a8d60-58dc-431d-8168-f89a9ab35f3a@group-FB3B7D7D89E3-FollowerState was interrupted: java.lang.InterruptedException: sleep interrupted
2019-10-19 01:04:29,291 [grpc-default-executor-6] INFO  impl.RoleInfo (RoleInfo.java:updateAndGet(143)) - b26a8d60-58dc-431d-8168-f89a9ab35f3a: start FollowerState
2019-10-19 01:04:29,291 [grpc-default-executor-5] INFO  impl.RoleInfo (RoleInfo.java:updateAndGet(143)) - 64c90977-e867-487c-b50d-c226f2d34a76: start FollowerState
2019-10-19 01:04:29,291 [Thread-585] INFO  impl.FollowerState (FollowerState.java:run(117)) - 64c90977-e867-487c-b50d-c226f2d34a76@group-D48B69A44692-FollowerState was interrupted: java.lang.InterruptedException: sleep interrupted
2019-10-19 01:04:29,291 [grpc-default-executor-4] INFO  impl.RoleInfo (RoleInfo.java:updateAndGet(143)) - 16805c57-9f45-4377-8998-764a8f26e152: start FollowerState
2019-10-19 01:04:29,291 [Thread-573] INFO  impl.FollowerState (FollowerState.java:run(117)) - 16805c57-9f45-4377-8998-764a8f26e152@group-FB3B7D7D89E3-FollowerState was interrupted: java.lang.InterruptedException: sleep interrupted
2019-10-19 01:04:29,291 [grpc-default-executor-7] INFO  impl.RaftServerImpl (RaftServerImpl.java:setRole(184)) - 51276c3c-a3b8-4274-b089-592ff4589f41@group-D48B69A44692: changes role from  FOLLOWER to FOLLOWER at term 15 for recognizeCandidate:a1c78c0e-869c-4f76-b4ce-2034448e0b80
2019-10-19 01:04:29,293 [grpc-default-executor-7] INFO  impl.RoleInfo (RoleInfo.java:shutdownFollowerState(121)) - 51276c3c-a3b8-4274-b089-592ff4589f41: shutdown FollowerState
2019-10-19 01:04:29,293 [grpc-default-executor-7] INFO  impl.RoleInfo (RoleInfo.java:updateAndGet(143)) - 51276c3c-a3b8-4274-b089-592ff4589f41: start FollowerState
2019-10-19 01:04:29,293 [Thread-586] INFO  impl.FollowerState (FollowerState.java:run(117)) - 51276c3c-a3b8-4274-b089-592ff4589f41@group-D48B69A44692-FollowerState was interrupted: java.lang.InterruptedException: sleep interrupted
2019-10-19 01:04:29,314 [a1c78c0e-869c-4f76-b4ce-2034448e0b80@group-D48B69A44692-LeaderElection38] INFO  impl.LeaderElection (LeaderElection.java:logAndReturn(56)) - a1c78c0e-869c-4f76-b4ce-2034448e0b80@group-D48B69A44692-LeaderElection38: Election REJECTED; received 2 response(s) [a1c78c0e-869c-4f76-b4ce-2034448e0b80<-51276c3c-a3b8-4274-b089-592ff4589f41#0:FAIL-t15, a1c78c0e-869c-4f76-b4ce-2034448e0b80<-64c90977-e867-487c-b50d-c226f2d34a76#0:FAIL-t15] and 0 exception(s); a1c78c0e-869c-4f76-b4ce-2034448e0b80@group-D48B69A44692:t15, leader=null, voted=a1c78c0e-869c-4f76-b4ce-2034448e0b80, raftlog=a1c78c0e-869c-4f76-b4ce-2034448e0b80@group-D48B69A44692-SegmentedRaftLog:OPENED:c-1,f-1,i0, conf=-1: [51276c3c-a3b8-4274-b089-592ff4589f41:192.168.157.213:36639, 64c90977-e867-487c-b50d-c226f2d34a76:192.168.157.213:37433, a1c78c0e-869c-4f76-b4ce-2034448e0b80:192.168.157.213:33501], old=null
2019-10-19 01:04:29,314 [a1c78c0e-869c-4f76-b4ce-2034448e0b80@group-D48B69A44692-LeaderElection38] INFO  impl.RaftServerImpl (RaftServerImpl.java:setRole(184)) - a1c78c0e-869c-4f76-b4ce-2034448e0b80@group-D48B69A44692: changes role from CANDIDATE to FOLLOWER at term 15 for DISCOVERED_A_NEW_TERM
2019-10-19 01:04:29,314 [a1c78c0e-869c-4f76-b4ce-2034448e0b80@group-D48B69A44692-LeaderElection38] INFO  impl.RoleInfo (RoleInfo.java:shutdownLeaderElection(134)) - a1c78c0e-869c-4f76-b4ce-2034448e0b80: shutdown LeaderElection
2019-10-19 01:04:29,314 [a54795b0-6c9c-4137-a866-f82f653c9bf9@group-FB3B7D7D89E3-LeaderElection39] INFO  impl.LeaderElection (LeaderElection.java:logAndReturn(56)) - a54795b0-6c9c-4137-a866-f82f653c9bf9@group-FB3B7D7D89E3-LeaderElection39: Election REJECTED; received 2 response(s) [a54795b0-6c9c-4137-a866-f82f653c9bf9<-b26a8d60-58dc-431d-8168-f89a9ab35f3a#0:FAIL-t18, a54795b0-6c9c-4137-a866-f82f653c9bf9<-16805c57-9f45-4377-8998-764a8f26e152#0:FAIL-t18] and 0 exception(s); a54795b0-6c9c-4137-a866-f82f653c9bf9@group-FB3B7D7D89E3:t18, leader=null, voted=a54795b0-6c9c-4137-a866-f82f653c9bf9, raftlog=a54795b0-6c9c-4137-a866-f82f653c9bf9@group-FB3B7D7D89E3-SegmentedRaftLog:OPENED:c-1,f-1,i0, conf=-1: [a54795b0-6c9c-4137-a866-f82f653c9bf9:192.168.157.213:43688, b26a8d60-58dc-431d-8168-f89a9ab35f3a:192.168.157.213:35535, 16805c57-9f45-4377-8998-764a8f26e152:192.168.157.213:33728], old=null
2019-10-19 01:04:29,317 [a1c78c0e-869c-4f76-b4ce-2034448e0b80@group-D48B69A44692-LeaderElection38] INFO  impl.RoleInfo (RoleInfo.java:updateAndGet(143)) - a1c78c0e-869c-4f76-b4ce-2034448e0b80: start FollowerState
2019-10-19 01:04:29,317 [a54795b0-6c9c-4137-a866-f82f653c9bf9@group-FB3B7D7D89E3-LeaderElection39] INFO  impl.RaftServerImpl (RaftServerImpl.java:setRole(184)) - a54795b0-6c9c-4137-a866-f82f653c9bf9@group-FB3B7D7D89E3: changes role from CANDIDATE to FOLLOWER at term 18 for DISCOVERED_A_NEW_TERM
2019-10-19 01:04:29,324 [a54795b0-6c9c-4137-a866-f82f653c9bf9@group-FB3B7D7D89E3-LeaderElection39] INFO  impl.RoleInfo (RoleInfo.java:shutdownLeaderElection(134)) - a54795b0-6c9c-4137-a866-f82f653c9bf9: shutdown LeaderElection
2019-10-19 01:04:29,324 [a54795b0-6c9c-4137-a866-f82f653c9bf9@group-FB3B7D7D89E3-LeaderElection39] INFO  impl.RoleInfo (RoleInfo.java:updateAndGet(143)) - a54795b0-6c9c-4137-a866-f82f653c9bf9: start FollowerState
2019-10-19 01:04:29,359 [Thread-598] INFO  impl.FollowerState (FollowerState.java:run(108)) - a1c78c0e-869c-4f76-b4ce-2034448e0b80@group-D48B69A44692-FollowerState: change to CANDIDATE, lastRpcTime:44ms, electionTimeout:34ms
2019-10-19 01:04:29,359 [Thread-598] INFO  impl.RoleInfo (RoleInfo.java:shutdownFollowerState(121)) - a1c78c0e-869c-4f76-b4ce-2034448e0b80: shutdown FollowerState
2019-10-19 01:04:29,359 [Thread-598] INFO  impl.RaftServerImpl (RaftServerImpl.java:setRole(184)) - a1c78c0e-869c-4f76-b4ce-2034448e0b80@group-D48B69A44692: changes role from  FOLLOWER to CANDIDATE at term 15 for changeToCandidate
2019-10-19 01:04:29,359 [Thread-598] INFO  impl.RoleInfo (RoleInfo.java:updateAndGet(143)) - a1c78c0e-869c-4f76-b4ce-2034448e0b80: start LeaderElection
2019-10-19 01:04:29,372 [a1c78c0e-869c-4f76-b4ce-2034448e0b80@group-D48B69A44692-LeaderElection40] INFO  impl.LeaderElection (LeaderElection.java:askForVotes(178)) - a1c78c0e-869c-4f76-b4ce-2034448e0b80@group-D48B69A44692-LeaderElection40: begin an election at term 16 for -1: [51276c3c-a3b8-4274-b089-592ff4589f41:192.168.157.213:36639, 64c90977-e867-487c-b50d-c226f2d34a76:192.168.157.213:37433, a1c78c0e-869c-4f76-b4ce-2034448e0b80:192.168.157.213:33501], old=null
2019-10-19 01:04:29,375 [grpc-default-executor-5] INFO  impl.RaftServerImpl (RaftServerImpl.java:setRole(184)) - 51276c3c-a3b8-4274-b089-592ff4589f41@group-D48B69A44692: changes role from  FOLLOWER to FOLLOWER at term 16 for recognizeCandidate:a1c78c0e-869c-4f76-b4ce-2034448e0b80
2019-10-19 01:04:29,375 [grpc-default-executor-7] INFO  impl.RaftServerImpl (RaftServerImpl.java:setRole(184)) - 64c90977-e867-487c-b50d-c226f2d34a76@group-D48B69A44692: changes role from  FOLLOWER to FOLLOWER at term 16 for recognizeCandidate:a1c78c0e-869c-4f76-b4ce-2034448e0b80
2019-10-19 01:04:29,375 [grpc-default-executor-5] INFO  impl.RoleInfo (RoleInfo.java:shutdownFollowerState(121)) - 51276c3c-a3b8-4274-b089-592ff4589f41: shutdown FollowerState
2019-10-19 01:04:29,375 [grpc-default-executor-7] INFO  impl.RoleInfo (RoleInfo.java:shutdownFollowerState(121)) - 64c90977-e867-487c-b50d-c226f2d34a76: shutdown FollowerState
2019-10-19 01:04:29,375 [Thread-597] INFO  impl.FollowerState (FollowerState.java:run(117)) - 51276c3c-a3b8-4274-b089-592ff4589f41@group-D48B69A44692-FollowerState was interrupted: java.lang.InterruptedException: sleep interrupted
2019-10-19 01:04:29,375 [grpc-default-executor-5] INFO  impl.RoleInfo (RoleInfo.java:updateAndGet(143)) - 51276c3c-a3b8-4274-b089-592ff4589f41: start FollowerState
2019-10-19 01:04:29,375 [Thread-596] INFO  impl.FollowerState (FollowerState.java:run(117)) - 64c90977-e867-487c-b50d-c226f2d34a76@group-D48B69A44692-FollowerState was interrupted: java.lang.InterruptedException: sleep interrupted
2019-10-19 01:04:29,375 [grpc-default-executor-7] INFO  impl.RoleInfo (RoleInfo.java:updateAndGet(143)) - 64c90977-e867-487c-b50d-c226f2d34a76: start FollowerState
2019-10-19 01:04:29,392 [a1c78c0e-869c-4f76-b4ce-2034448e0b80@group-D48B69A44692-LeaderElection40] INFO  impl.LeaderElection (LeaderElection.java:logAndReturn(56)) - a1c78c0e-869c-4f76-b4ce-2034448e0b80@group-D48B69A44692-LeaderElection40: Election REJECTED; received 2 response(s) [a1c78c0e-869c-4f76-b4ce-2034448e0b80<-51276c3c-a3b8-4274-b089-592ff4589f41#0:FAIL-t16, a1c78c0e-869c-4f76-b4ce-2034448e0b80<-64c90977-e867-487c-b50d-c226f2d34a76#0:FAIL-t16] and 0 exception(s); a1c78c0e-869c-4f76-b4ce-2034448e0b80@group-D48B69A44692:t16, leader=null, voted=a1c78c0e-869c-4f76-b4ce-2034448e0b80, raftlog=a1c78c0e-869c-4f76-b4ce-2034448e0b80@group-D48B69A44692-SegmentedRaftLog:OPENED:c-1,f-1,i0, conf=-1: [51276c3c-a3b8-4274-b089-592ff4589f41:192.168.157.213:36639, 64c90977-e867-487c-b50d-c226f2d34a76:192.168.157.213:37433, a1c78c0e-869c-4f76-b4ce-2034448e0b80:192.168.157.213:33501], old=null
2019-10-19 01:04:29,392 [a1c78c0e-869c-4f76-b4ce-2034448e0b80@group-D48B69A44692-LeaderElection40] INFO  impl.RaftServerImpl (RaftServerImpl.java:setRole(184)) - a1c78c0e-869c-4f76-b4ce-2034448e0b80@group-D48B69A44692: changes role from CANDIDATE to FOLLOWER at term 16 for DISCOVERED_A_NEW_TERM
2019-10-19 01:04:29,392 [a1c78c0e-869c-4f76-b4ce-2034448e0b80@group-D48B69A44692-LeaderElection40] INFO  impl.RoleInfo (RoleInfo.java:shutdownLeaderElection(134)) - a1c78c0e-869c-4f76-b4ce-2034448e0b80: shutdown LeaderElection
2019-10-19 01:04:29,393 [a1c78c0e-869c-4f76-b4ce-2034448e0b80@group-D48B69A44692-LeaderElection40] INFO  impl.RoleInfo (RoleInfo.java:updateAndGet(143)) - a1c78c0e-869c-4f76-b4ce-2034448e0b80: start FollowerState
2019-10-19 01:04:29,433 [Thread-607] INFO  impl.FollowerState (FollowerState.java:run(108)) - a1c78c0e-869c-4f76-b4ce-2034448e0b80@group-D48B69A44692-FollowerState: change to CANDIDATE, lastRpcTime:40ms, electionTimeout:40ms
2019-10-19 01:04:29,433 [Thread-607] INFO  impl.RoleInfo (RoleInfo.java:shutdownFollowerState(121)) - a1c78c0e-869c-4f76-b4ce-2034448e0b80: shutdown FollowerState
2019-10-19 01:04:29,433 [Thread-607] INFO  impl.RaftServerImpl (RaftServerImpl.java:setRole(184)) - a1c78c0e-869c-4f76-b4ce-2034448e0b80@group-D48B69A44692: changes role from  FOLLOWER to CANDIDATE at term 16 for changeToCandidate
2019-10-19 01:04:29,433 [Thread-607] INFO  impl.RoleInfo (RoleInfo.java:updateAndGet(143)) - a1c78c0e-869c-4f76-b4ce-2034448e0b80: start LeaderElection
2019-10-19 01:04:29,448 [a1c78c0e-869c-4f76-b4ce-2034448e0b80@group-D48B69A44692-LeaderElection41] INFO  impl.LeaderElection (LeaderElection.java:askForVotes(178)) - a1c78c0e-869c-4f76-b4ce-2034448e0b80@group-D48B69A44692-LeaderElection41: begin an election at term 17 for -1: [51276c3c-a3b8-4274-b089-592ff4589f41:192.168.157.213:36639, 64c90977-e867-487c-b50d-c226f2d34a76:192.168.157.213:37433, a1c78c0e-869c-4f76-b4ce-2034448e0b80:192.168.157.213:33501], old=null
2019-10-19 01:04:29,451 [grpc-default-executor-7] INFO  impl.RaftServerImpl (RaftServerImpl.java:setRole(184)) - 64c90977-e867-487c-b50d-c226f2d34a76@group-D48B69A44692: changes role from  FOLLOWER to FOLLOWER at term 17 for recognizeCandidate:a1c78c0e-869c-4f76-b4ce-2034448e0b80
2019-10-19 01:04:29,451 [grpc-default-executor-5] INFO  impl.RaftServerImpl (RaftServerImpl.java:setRole(184)) - 51276c3c-a3b8-4274-b089-592ff4589f41@group-D48B69A44692: changes role from  FOLLOWER to FOLLOWER at term 17 for recognizeCandidate:a1c78c0e-869c-4f76-b4ce-2034448e0b80
2019-10-19 01:04:29,451 [grpc-default-executor-7] INFO  impl.RoleInfo (RoleInfo.java:shutdownFollowerState(121)) - 64c90977-e867-487c-b50d-c226f2d34a76: shutdown FollowerState
2019-10-19 01:04:29,451 [grpc-default-executor-5] INFO  impl.RoleInfo (RoleInfo.java:shutdownFollowerState(121)) - 51276c3c-a3b8-4274-b089-592ff4589f41: shutdown FollowerState
2019-10-19 01:04:29,452 [grpc-default-executor-7] INFO  impl.RoleInfo (RoleInfo.java:updateAndGet(143)) - 64c90977-e867-487c-b50d-c226f2d34a76: start FollowerState
2019-10-19 01:04:29,452 [Thread-606] INFO  impl.FollowerState (FollowerState.java:run(117)) - 64c90977-e867-487c-b50d-c226f2d34a76@group-D48B69A44692-FollowerState was interrupted: java.lang.InterruptedException: sleep interrupted
2019-10-19 01:04:29,452 [grpc-default-executor-5] INFO  impl.RoleInfo (RoleInfo.java:updateAndGet(143)) - 51276c3c-a3b8-4274-b089-592ff4589f41: start FollowerState
2019-10-19 01:04:29,452 [Thread-605] INFO  impl.FollowerState (FollowerState.java:run(117)) - 51276c3c-a3b8-4274-b089-592ff4589f41@group-D48B69A44692-FollowerState was interrupted: java.lang.InterruptedException: sleep interrupted
2019-10-19 01:04:29,464 [a1c78c0e-869c-4f76-b4ce-2034448e0b80@group-D48B69A44692-LeaderElection41] INFO  impl.LeaderElection (LeaderElection.java:logAndReturn(56)) - a1c78c0e-869c-4f76-b4ce-2034448e0b80@group-D48B69A44692-LeaderElection41: Election REJECTED; received 2 response(s) [a1c78c0e-869c-4f76-b4ce-2034448e0b80<-51276c3c-a3b8-4274-b089-592ff4589f41#0:FAIL-t17, a1c78c0e-869c-4f76-b4ce-2034448e0b80<-64c90977-e867-487c-b50d-c226f2d34a76#0:FAIL-t17] and 0 exception(s); a1c78c0e-869c-4f76-b4ce-2034448e0b80@group-D48B69A44692:t17, leader=null, voted=a1c78c0e-869c-4f76-b4ce-2034448e0b80, raftlog=a1c78c0e-869c-4f76-b4ce-2034448e0b80@group-D48B69A44692-SegmentedRaftLog:OPENED:c-1,f-1,i0, conf=-1: [51276c3c-a3b8-4274-b089-592ff4589f41:192.168.157.213:36639, 64c90977-e867-487c-b50d-c226f2d34a76:192.168.157.213:37433, a1c78c0e-869c-4f76-b4ce-2034448e0b80:192.168.157.213:33501], old=null
2019-10-19 01:04:29,464 [a1c78c0e-869c-4f76-b4ce-2034448e0b80@group-D48B69A44692-LeaderElection41] INFO  impl.RaftServerImpl (RaftServerImpl.java:setRole(184)) - a1c78c0e-869c-4f76-b4ce-2034448e0b80@group-D48B69A44692: changes role from CANDIDATE to FOLLOWER at term 17 for DISCOVERED_A_NEW_TERM
2019-10-19 01:04:29,464 [a1c78c0e-869c-4f76-b4ce-2034448e0b80@group-D48B69A44692-LeaderElection41] INFO  impl.RoleInfo (RoleInfo.java:shutdownLeaderElection(134)) - a1c78c0e-869c-4f76-b4ce-2034448e0b80: shutdown LeaderElection
2019-10-19 01:04:29,464 [a1c78c0e-869c-4f76-b4ce-2034448e0b80@group-D48B69A44692-LeaderElection41] INFO  impl.RoleInfo (RoleInfo.java:updateAndGet(143)) - a1c78c0e-869c-4f76-b4ce-2034448e0b80: start FollowerState
2019-10-19 01:04:29,471 [Thread-599] INFO  impl.FollowerState (FollowerState.java:run(108)) - a54795b0-6c9c-4137-a866-f82f653c9bf9@group-FB3B7D7D89E3-FollowerState: change to CANDIDATE, lastRpcTime:146ms, electionTimeout:146ms
2019-10-19 01:04:29,471 [Thread-599] INFO  impl.RoleInfo (RoleInfo.java:shutdownFollowerState(121)) - a54795b0-6c9c-4137-a866-f82f653c9bf9: shutdown FollowerState
2019-10-19 01:04:29,471 [Thread-599] INFO  impl.RaftServerImpl (RaftServerImpl.java:setRole(184)) - a54795b0-6c9c-4137-a866-f82f653c9bf9@group-FB3B7D7D89E3: changes role from  FOLLOWER to CANDIDATE at term 18 for changeToCandidate
2019-10-19 01:04:29,471 [Thread-599] INFO  impl.RoleInfo (RoleInfo.java:updateAndGet(143)) - a54795b0-6c9c-4137-a866-f82f653c9bf9: start LeaderElection
2019-10-19 01:04:29,478 [a54795b0-6c9c-4137-a866-f82f653c9bf9@group-FB3B7D7D89E3-LeaderElection42] INFO  impl.LeaderElection (LeaderElection.java:askForVotes(178)) - a54795b0-6c9c-4137-a866-f82f653c9bf9@group-FB3B7D7D89E3-LeaderElection42: begin an election at term 19 for -1: [a54795b0-6c9c-4137-a866-f82f653c9bf9:192.168.157.213:43688, b26a8d60-58dc-431d-8168-f89a9ab35f3a:192.168.157.213:35535, 16805c57-9f45-4377-8998-764a8f26e152:192.168.157.213:33728], old=null
2019-10-19 01:04:29,480 [grpc-default-executor-5] INFO  impl.RaftServerImpl (RaftServerImpl.java:setRole(184)) - b26a8d60-58dc-431d-8168-f89a9ab35f3a@group-FB3B7D7D89E3: changes role from  FOLLOWER to FOLLOWER at term 19 for recognizeCandidate:a54795b0-6c9c-4137-a866-f82f653c9bf9
2019-10-19 01:04:29,480 [grpc-default-executor-5] INFO  impl.RoleInfo (RoleInfo.java:shutdownFollowerState(121)) - b26a8d60-58dc-431d-8168-f89a9ab35f3a: shutdown FollowerState
2019-10-19 01:04:29,481 [grpc-default-executor-7] INFO  impl.RaftServerImpl (RaftServerImpl.java:setRole(184)) - 16805c57-9f45-4377-8998-764a8f26e152@group-FB3B7D7D89E3: changes role from  FOLLOWER to FOLLOWER at term 19 for recognizeCandidate:a54795b0-6c9c-4137-a866-f82f653c9bf9
2019-10-19 01:04:29,481 [grpc-default-executor-5] INFO  impl.RoleInfo (RoleInfo.java:updateAndGet(143)) - b26a8d60-58dc-431d-8168-f89a9ab35f3a: start FollowerState
2019-10-19 01:04:29,481 [Thread-594] INFO  impl.FollowerState (FollowerState.java:run(117)) - b26a8d60-58dc-431d-8168-f89a9ab35f3a@group-FB3B7D7D89E3-FollowerState was interrupted: java.lang.InterruptedException: sleep interrupted
2019-10-19 01:04:29,481 [grpc-default-executor-7] INFO  impl.RoleInfo (RoleInfo.java:shutdownFollowerState(121)) - 16805c57-9f45-4377-8998-764a8f26e152: shutdown FollowerState
2019-10-19 01:04:29,481 [Thread-595] INFO  impl.FollowerState (FollowerState.java:run(117)) - 16805c57-9f45-4377-8998-764a8f26e152@group-FB3B7D7D89E3-FollowerState was interrupted: java.lang.InterruptedException: sleep interrupted
2019-10-19 01:04:29,481 [grpc-default-executor-7] INFO  impl.RoleInfo (RoleInfo.java:updateAndGet(143)) - 16805c57-9f45-4377-8998-764a8f26e152: start FollowerState
2019-10-19 01:04:29,498 [a54795b0-6c9c-4137-a866-f82f653c9bf9@group-FB3B7D7D89E3-LeaderElection42] INFO  impl.LeaderElection (LeaderElection.java:logAndReturn(56)) - a54795b0-6c9c-4137-a866-f82f653c9bf9@group-FB3B7D7D89E3-LeaderElection42: Election REJECTED; received 2 response(s) [a54795b0-6c9c-4137-a866-f82f653c9bf9<-b26a8d60-58dc-431d-8168-f89a9ab35f3a#0:FAIL-t19, a54795b0-6c9c-4137-a866-f82f653c9bf9<-16805c57-9f45-4377-8998-764a8f26e152#0:FAIL-t19] and 0 exception(s); a54795b0-6c9c-4137-a866-f82f653c9bf9@group-FB3B7D7D89E3:t19, leader=null, voted=a54795b0-6c9c-4137-a866-f82f653c9bf9, raftlog=a54795b0-6c9c-4137-a866-f82f653c9bf9@group-FB3B7D7D89E3-SegmentedRaftLog:OPENED:c-1,f-1,i0, conf=-1: [a54795b0-6c9c-4137-a866-f82f653c9bf9:192.168.157.213:43688, b26a8d60-58dc-431d-8168-f89a9ab35f3a:192.168.157.213:35535, 16805c57-9f45-4377-8998-764a8f26e152:192.168.157.213:33728], old=null
2019-10-19 01:04:29,498 [a54795b0-6c9c-4137-a866-f82f653c9bf9@group-FB3B7D7D89E3-LeaderElection42] INFO  impl.RaftServerImpl (RaftServerImpl.java:setRole(184)) - a54795b0-6c9c-4137-a866-f82f653c9bf9@group-FB3B7D7D89E3: changes role from CANDIDATE to FOLLOWER at term 19 for DISCOVERED_A_NEW_TERM
2019-10-19 01:04:29,498 [a54795b0-6c9c-4137-a866-f82f653c9bf9@group-FB3B7D7D89E3-LeaderElection42] INFO  impl.RoleInfo (RoleInfo.java:shutdownLeaderElection(134)) - a54795b0-6c9c-4137-a866-f82f653c9bf9: shutdown LeaderElection
2019-10-19 01:04:29,498 [a54795b0-6c9c-4137-a866-f82f653c9bf9@group-FB3B7D7D89E3-LeaderElection42] INFO  impl.RoleInfo (RoleInfo.java:updateAndGet(143)) - a54795b0-6c9c-4137-a866-f82f653c9bf9: start FollowerState
2019-10-19 01:04:29,510 [Thread-613] INFO  impl.FollowerState (FollowerState.java:run(108)) - a1c78c0e-869c-4f76-b4ce-2034448e0b80@group-D48B69A44692-FollowerState: change to CANDIDATE, lastRpcTime:45ms, electionTimeout:45ms
2019-10-19 01:04:29,510 [Thread-613] INFO  impl.RoleInfo (RoleInfo.java:shutdownFollowerState(121)) - a1c78c0e-869c-4f76-b4ce-2034448e0b80: shutdown FollowerState
2019-10-19 01:04:29,510 [Thread-613] INFO  impl.RaftServerImpl (RaftServerImpl.java:setRole(184)) - a1c78c0e-869c-4f76-b4ce-2034448e0b80@group-D48B69A44692: changes role from  FOLLOWER to CANDIDATE at term 17 for changeToCandidate
2019-10-19 01:04:29,510 [Thread-613] INFO  impl.RoleInfo (RoleInfo.java:updateAndGet(143)) - a1c78c0e-869c-4f76-b4ce-2034448e0b80: start LeaderElection
2019-10-19 01:04:29,520 [Thread-619] INFO  impl.FollowerState (FollowerState.java:run(108)) - a54795b0-6c9c-4137-a866-f82f653c9bf9@group-FB3B7D7D89E3-FollowerState: change to CANDIDATE, lastRpcTime:22ms, electionTimeout:22ms
2019-10-19 01:04:29,521 [Thread-619] INFO  impl.RoleInfo (RoleInfo.java:shutdownFollowerState(121)) - a54795b0-6c9c-4137-a866-f82f653c9bf9: shutdown FollowerState
2019-10-19 01:04:29,521 [Thread-619] INFO  impl.RaftServerImpl (RaftServerImpl.java:setRole(184)) - a54795b0-6c9c-4137-a866-f82f653c9bf9@group-FB3B7D7D89E3: changes role from  FOLLOWER to CANDIDATE at term 19 for changeToCandidate
2019-10-19 01:04:29,521 [Thread-619] INFO  impl.RoleInfo (RoleInfo.java:updateAndGet(143)) - a54795b0-6c9c-4137-a866-f82f653c9bf9: start LeaderElection
2019-10-19 01:04:29,525 [a1c78c0e-869c-4f76-b4ce-2034448e0b80@group-D48B69A44692-LeaderElection43] INFO  impl.LeaderElection (LeaderElection.java:askForVotes(178)) - a1c78c0e-869c-4f76-b4ce-2034448e0b80@group-D48B69A44692-LeaderElection43: begin an election at term 18 for -1: [51276c3c-a3b8-4274-b089-592ff4589f41:192.168.157.213:36639, 64c90977-e867-487c-b50d-c226f2d34a76:192.168.157.213:37433, a1c78c0e-869c-4f76-b4ce-2034448e0b80:192.168.157.213:33501], old=null
2019-10-19 01:04:29,525 [a54795b0-6c9c-4137-a866-f82f653c9bf9@group-FB3B7D7D89E3-LeaderElection44] INFO  impl.LeaderElection (LeaderElection.java:askForVotes(178)) - a54795b0-6c9c-4137-a866-f82f653c9bf9@group-FB3B7D7D89E3-LeaderElection44: begin an election at term 20 for -1: [a54795b0-6c9c-4137-a866-f82f653c9bf9:192.168.157.213:43688, b26a8d60-58dc-431d-8168-f89a9ab35f3a:192.168.157.213:35535, 16805c57-9f45-4377-8998-764a8f26e152:192.168.157.213:33728], old=null
2019-10-19 01:04:29,530 [grpc-default-executor-5] INFO  impl.RaftServerImpl (RaftServerImpl.java:setRole(184)) - 16805c57-9f45-4377-8998-764a8f26e152@group-FB3B7D7D89E3: changes role from  FOLLOWER to FOLLOWER at term 20 for recognizeCandidate:a54795b0-6c9c-4137-a866-f82f653c9bf9
2019-10-19 01:04:29,530 [grpc-default-executor-7] INFO  impl.RaftServerImpl (RaftServerImpl.java:setRole(184)) - b26a8d60-58dc-431d-8168-f89a9ab35f3a@group-FB3B7D7D89E3: changes role from  FOLLOWER to FOLLOWER at term 20 for recognizeCandidate:a54795b0-6c9c-4137-a866-f82f653c9bf9
2019-10-19 01:04:29,530 [grpc-default-executor-6] INFO  impl.RaftServerImpl (RaftServerImpl.java:setRole(184)) - 51276c3c-a3b8-4274-b089-592ff4589f41@group-D48B69A44692: changes role from  FOLLOWER to FOLLOWER at term 18 for recognizeCandidate:a1c78c0e-869c-4f76-b4ce-2034448e0b80
2019-10-19 01:04:29,530 [grpc-default-executor-5] INFO  impl.RoleInfo (RoleInfo.java:shutdownFollowerState(121)) - 16805c57-9f45-4377-8998-764a8f26e152: shutdown FollowerState
2019-10-19 01:04:29,530 [grpc-default-executor-4] INFO  impl.RaftServerImpl (RaftServerImpl.java:setRole(184)) - 64c90977-e867-487c-b50d-c226f2d34a76@group-D48B69A44692: changes role from  FOLLOWER to FOLLOWER at term 18 for recognizeCandidate:a1c78c0e-869c-4f76-b4ce-2034448e0b80
2019-10-19 01:04:29,531 [Thread-618] INFO  impl.FollowerState (FollowerState.java:run(117)) - 16805c57-9f45-4377-8998-764a8f26e152@group-FB3B7D7D89E3-FollowerState was interrupted: java.lang.InterruptedException: sleep interrupted
2019-10-19 01:04:29,530 [grpc-default-executor-6] INFO  impl.RoleInfo (RoleInfo.java:shutdownFollowerState(121)) - 51276c3c-a3b8-4274-b089-592ff4589f41: shutdown FollowerState
2019-10-19 01:04:29,530 [grpc-default-executor-7] INFO  impl.RoleInfo (RoleInfo.java:shutdownFollowerState(121)) - b26a8d60-58dc-431d-8168-f89a9ab35f3a: shutdown FollowerState
2019-10-19 01:04:29,531 [Thread-612] INFO  impl.FollowerState (FollowerState.java:run(117)) - 51276c3c-a3b8-4274-b089-592ff4589f41@group-D48B69A44692-FollowerState was interrupted: java.lang.InterruptedException: sleep interrupted
2019-10-19 01:04:29,531 [grpc-default-executor-6] INFO  impl.RoleInfo (RoleInfo.java:updateAndGet(143)) - 51276c3c-a3b8-4274-b089-592ff4589f41: start FollowerState
2019-10-19 01:04:29,531 [grpc-default-executor-4] INFO  impl.RoleInfo (RoleInfo.java:shutdownFollowerState(121)) - 64c90977-e867-487c-b50d-c226f2d34a76: shutdown FollowerState
2019-10-19 01:04:29,531 [grpc-default-executor-5] INFO  impl.RoleInfo (RoleInfo.java:updateAndGet(143)) - 16805c57-9f45-4377-8998-764a8f26e152: start FollowerState
2019-10-19 01:04:29,531 [Thread-611] INFO  impl.FollowerState (FollowerState.java:run(117)) - 64c90977-e867-487c-b50d-c226f2d34a76@group-D48B69A44692-FollowerState was interrupted: java.lang.InterruptedException: sleep interrupted
2019-10-19 01:04:29,531 [grpc-default-executor-4] INFO  impl.RoleInfo (RoleInfo.java:updateAndGet(143)) - 64c90977-e867-487c-b50d-c226f2d34a76: start FollowerState
2019-10-19 01:04:29,531 [Thread-617] INFO  impl.FollowerState (FollowerState.java:run(117)) - b26a8d60-58dc-431d-8168-f89a9ab35f3a@group-FB3B7D7D89E3-FollowerState was interrupted: java.lang.InterruptedException: sleep interrupted
2019-10-19 01:04:29,531 [grpc-default-executor-7] INFO  impl.RoleInfo (RoleInfo.java:updateAndGet(143)) - b26a8d60-58dc-431d-8168-f89a9ab35f3a: start FollowerState
2019-10-19 01:04:29,540 [a1c78c0e-869c-4f76-b4ce-2034448e0b80@group-D48B69A44692-LeaderElection43] INFO  impl.LeaderElection (LeaderElection.java:logAndReturn(56)) - a1c78c0e-869c-4f76-b4ce-2034448e0b80@group-D48B69A44692-LeaderElection43: Election REJECTED; received 2 response(s) [a1c78c0e-869c-4f76-b4ce-2034448e0b80<-51276c3c-a3b8-4274-b089-592ff4589f41#0:FAIL-t18, a1c78c0e-869c-4f76-b4ce-2034448e0b80<-64c90977-e867-487c-b50d-c226f2d34a76#0:FAIL-t18] and 0 exception(s); a1c78c0e-869c-4f76-b4ce-2034448e0b80@group-D48B69A44692:t18, leader=null, voted=a1c78c0e-869c-4f76-b4ce-2034448e0b80, raftlog=a1c78c0e-869c-4f76-b4ce-2034448e0b80@group-D48B69A44692-SegmentedRaftLog:OPENED:c-1,f-1,i0, conf=-1: [51276c3c-a3b8-4274-b089-592ff4589f41:192.168.157.213:36639, 64c90977-e867-487c-b50d-c226f2d34a76:192.168.157.213:37433, a1c78c0e-869c-4f76-b4ce-2034448e0b80:192.168.157.213:33501], old=null
2019-10-19 01:04:29,540 [a1c78c0e-869c-4f76-b4ce-2034448e0b80@group-D48B69A44692-LeaderElection43] INFO  impl.RaftServerImpl (RaftServerImpl.java:setRole(184)) - a1c78c0e-869c-4f76-b4ce-2034448e0b80@group-D48B69A44692: changes role from CANDIDATE to FOLLOWER at term 18 for DISCOVERED_A_NEW_TERM
2019-10-19 01:04:29,540 [a54795b0-6c9c-4137-a866-f82f653c9bf9@group-FB3B7D7D89E3-LeaderElection44] INFO  impl.LeaderElection (LeaderElection.java:logAndReturn(56)) - a54795b0-6c9c-4137-a866-f82f653c9bf9@group-FB3B7D7D89E3-LeaderElection44: Election REJECTED; received 2 response(s) [a54795b0-6c9c-4137-a866-f82f653c9bf9<-b26a8d60-58dc-431d-8168-f89a9ab35f3a#0:FAIL-t20, a54795b0-6c9c-4137-a866-f82f653c9bf9<-16805c57-9f45-4377-8998-764a8f26e152#0:FAIL-t20] and 0 exception(s); a54795b0-6c9c-4137-a866-f82f653c9bf9@group-FB3B7D7D89E3:t20, leader=null, voted=a54795b0-6c9c-4137-a866-f82f653c9bf9, raftlog=a54795b0-6c9c-4137-a866-f82f653c9bf9@group-FB3B7D7D89E3-SegmentedRaftLog:OPENED:c-1,f-1,i0, conf=-1: [a54795b0-6c9c-4137-a866-f82f653c9bf9:192.168.157.213:43688, b26a8d60-58dc-431d-8168-f89a9ab35f3a:192.168.157.213:35535, 16805c57-9f45-4377-8998-764a8f26e152:192.168.157.213:33728], old=null
2019-10-19 01:04:29,540 [a1c78c0e-869c-4f76-b4ce-2034448e0b80@group-D48B69A44692-LeaderElection43] INFO  impl.RoleInfo (RoleInfo.java:shutdownLeaderElection(134)) - a1c78c0e-869c-4f76-b4ce-2034448e0b80: shutdown LeaderElection
2019-10-19 01:04:29,541 [a54795b0-6c9c-4137-a866-f82f653c9bf9@group-FB3B7D7D89E3-LeaderElection44] INFO  impl.RaftServerImpl (RaftServerImpl.java:setRole(184)) - a54795b0-6c9c-4137-a866-f82f653c9bf9@group-FB3B7D7D89E3: changes role from CANDIDATE to FOLLOWER at term 20 for DISCOVERED_A_NEW_TERM
2019-10-19 01:04:29,541 [a1c78c0e-869c-4f76-b4ce-2034448e0b80@group-D48B69A44692-LeaderElection43] INFO  impl.RoleInfo (RoleInfo.java:updateAndGet(143)) - a1c78c0e-869c-4f76-b4ce-2034448e0b80: start FollowerState
2019-10-19 01:04:29,541 [a54795b0-6c9c-4137-a866-f82f653c9bf9@group-FB3B7D7D89E3-LeaderElection44] INFO  impl.RoleInfo (RoleInfo.java:shutdownLeaderElection(134)) - a54795b0-6c9c-4137-a866-f82f653c9bf9: shutdown LeaderElection
2019-10-19 01:04:29,541 [a54795b0-6c9c-4137-a866-f82f653c9bf9@group-FB3B7D7D89E3-LeaderElection44] INFO  impl.RoleInfo (RoleInfo.java:updateAndGet(143)) - a54795b0-6c9c-4137-a866-f82f653c9bf9: start FollowerState
2019-10-19 01:04:29,562 [Thread-630] INFO  impl.FollowerState (FollowerState.java:run(108)) - a1c78c0e-869c-4f76-b4ce-2034448e0b80@group-D48B69A44692-FollowerState: change to CANDIDATE, lastRpcTime:21ms, electionTimeout:21ms
2019-10-19 01:04:29,562 [Thread-630] INFO  impl.RoleInfo (RoleInfo.java:shutdownFollowerState(121)) - a1c78c0e-869c-4f76-b4ce-2034448e0b80: shutdown FollowerState
2019-10-19 01:04:29,562 [Thread-630] INFO  impl.RaftServerImpl (RaftServerImpl.java:setRole(184)) - a1c78c0e-869c-4f76-b4ce-2034448e0b80@group-D48B69A44692: changes role from  FOLLOWER to CANDIDATE at term 18 for changeToCandidate
2019-10-19 01:04:29,563 [Thread-630] INFO  impl.RoleInfo (RoleInfo.java:updateAndGet(143)) - a1c78c0e-869c-4f76-b4ce-2034448e0b80: start LeaderElection
2019-10-19 01:04:29,567 [a1c78c0e-869c-4f76-b4ce-2034448e0b80@group-D48B69A44692-LeaderElection45] INFO  impl.LeaderElection (LeaderElection.java:askForVotes(178)) - a1c78c0e-869c-4f76-b4ce-2034448e0b80@group-D48B69A44692-LeaderElection45: begin an election at term 19 for -1: [51276c3c-a3b8-4274-b089-592ff4589f41:192.168.157.213:36639, 64c90977-e867-487c-b50d-c226f2d34a76:192.168.157.213:37433, a1c78c0e-869c-4f76-b4ce-2034448e0b80:192.168.157.213:33501], old=null
2019-10-19 01:04:29,570 [grpc-default-executor-6] INFO  impl.RaftServerImpl (RaftServerImpl.java:setRole(184)) - 64c90977-e867-487c-b50d-c226f2d34a76@group-D48B69A44692: changes role from  FOLLOWER to FOLLOWER at term 19 for recognizeCandidate:a1c78c0e-869c-4f76-b4ce-2034448e0b80
2019-10-19 01:04:29,570 [grpc-default-executor-6] INFO  impl.RoleInfo (RoleInfo.java:shutdownFollowerState(121)) - 64c90977-e867-487c-b50d-c226f2d34a76: shutdown FollowerState
2019-10-19 01:04:29,570 [grpc-default-executor-6] INFO  impl.RoleInfo (RoleInfo.java:updateAndGet(143)) - 64c90977-e867-487c-b50d-c226f2d34a76: start FollowerState
2019-10-19 01:04:29,570 [Thread-629] INFO  impl.FollowerState (FollowerState.java:run(117)) - 64c90977-e867-487c-b50d-c226f2d34a76@group-D48B69A44692-FollowerState was interrupted: java.lang.InterruptedException: sleep interrupted
2019-10-19 01:04:29,570 [grpc-default-executor-7] INFO  impl.RaftServerImpl (RaftServerImpl.java:setRole(184)) - 51276c3c-a3b8-4274-b089-592ff4589f41@group-D48B69A44692: changes role from  FOLLOWER to FOLLOWER at term 19 for recognizeCandidate:a1c78c0e-869c-4f76-b4ce-2034448e0b80
2019-10-19 01:04:29,570 [grpc-default-executor-7] INFO  impl.RoleInfo (RoleInfo.java:shutdownFollowerState(121)) - 51276c3c-a3b8-4274-b089-592ff4589f41: shutdown FollowerState
2019-10-19 01:04:29,570 [grpc-default-executor-7] INFO  impl.RoleInfo (RoleInfo.java:updateAndGet(143)) - 51276c3c-a3b8-4274-b089-592ff4589f41: start FollowerState
2019-10-19 01:04:29,570 [Thread-627] INFO  impl.FollowerState (FollowerState.java:run(117)) - 51276c3c-a3b8-4274-b089-592ff4589f41@group-D48B69A44692-FollowerState was interrupted: java.lang.InterruptedException: sleep interrupted
2019-10-19 01:04:29,584 [a1c78c0e-869c-4f76-b4ce-2034448e0b80@group-D48B69A44692-LeaderElection45] INFO  impl.LeaderElection (LeaderElection.java:logAndReturn(56)) - a1c78c0e-869c-4f76-b4ce-2034448e0b80@group-D48B69A44692-LeaderElection45: Election TIMEOUT; received 0 response(s) [] and 0 exception(s); a1c78c0e-869c-4f76-b4ce-2034448e0b80@group-D48B69A44692:t19, leader=null, voted=a1c78c0e-869c-4f76-b4ce-2034448e0b80, raftlog=a1c78c0e-869c-4f76-b4ce-2034448e0b80@group-D48B69A44692-SegmentedRaftLog:OPENED:c-1,f-1,i0, conf=-1: [51276c3c-a3b8-4274-b089-592ff4589f41:192.168.157.213:36639, 64c90977-e867-487c-b50d-c226f2d34a76:192.168.157.213:37433, a1c78c0e-869c-4f76-b4ce-2034448e0b80:192.168.157.213:33501], old=null
2019-10-19 01:04:29,596 [a1c78c0e-869c-4f76-b4ce-2034448e0b80@group-D48B69A44692-LeaderElection45] INFO  impl.LeaderElection (LeaderElection.java:askForVotes(178)) - a1c78c0e-869c-4f76-b4ce-2034448e0b80@group-D48B69A44692-LeaderElection45: begin an election at term 20 for -1: [51276c3c-a3b8-4274-b089-592ff4589f41:192.168.157.213:36639, 64c90977-e867-487c-b50d-c226f2d34a76:192.168.157.213:37433, a1c78c0e-869c-4f76-b4ce-2034448e0b80:192.168.157.213:33501], old=null
2019-10-19 01:04:29,598 [grpc-default-executor-7] INFO  impl.RaftServerImpl (RaftServerImpl.java:setRole(184)) - 64c90977-e867-487c-b50d-c226f2d34a76@group-D48B69A44692: changes role from  FOLLOWER to FOLLOWER at term 20 for recognizeCandidate:a1c78c0e-869c-4f76-b4ce-2034448e0b80
2019-10-19 01:04:29,598 [grpc-default-executor-6] INFO  impl.RaftServerImpl (RaftServerImpl.java:setRole(184)) - 51276c3c-a3b8-4274-b089-592ff4589f41@group-D48B69A44692: changes role from  FOLLOWER to FOLLOWER at term 20 for recognizeCandidate:a1c78c0e-869c-4f76-b4ce-2034448e0b80
2019-10-19 01:04:29,598 [grpc-default-executor-7] INFO  impl.RoleInfo (RoleInfo.java:shutdownFollowerState(121)) - 64c90977-e867-487c-b50d-c226f2d34a76: shutdown FollowerState
2019-10-19 01:04:29,599 [grpc-default-executor-6] INFO  impl.RoleInfo (RoleInfo.java:shutdownFollowerState(121)) - 51276c3c-a3b8-4274-b089-592ff4589f41: shutdown FollowerState
2019-10-19 01:04:29,599 [Thread-635] INFO  impl.FollowerState (FollowerState.java:run(117)) - 64c90977-e867-487c-b50d-c226f2d34a76@group-D48B69A44692-FollowerState was interrupted: java.lang.InterruptedException: sleep interrupted
2019-10-19 01:04:29,599 [grpc-default-executor-7] INFO  impl.RoleInfo (RoleInfo.java:updateAndGet(143)) - 64c90977-e867-487c-b50d-c226f2d34a76: start FollowerState
2019-10-19 01:04:29,599 [Thread-636] INFO  impl.FollowerState (FollowerState.java:run(117)) - 51276c3c-a3b8-4274-b089-592ff4589f41@group-D48B69A44692-FollowerState was interrupted: java.lang.InterruptedException: sleep interrupted
2019-10-19 01:04:29,599 [grpc-default-executor-6] INFO  impl.RoleInfo (RoleInfo.java:updateAndGet(143)) - 51276c3c-a3b8-4274-b089-592ff4589f41: start FollowerState
2019-10-19 01:04:29,614 [a1c78c0e-869c-4f76-b4ce-2034448e0b80@group-D48B69A44692-LeaderElection45] INFO  impl.LeaderElection (LeaderElection.java:logAndReturn(56)) - a1c78c0e-869c-4f76-b4ce-2034448e0b80@group-D48B69A44692-LeaderElection45: Election REJECTED; received 2 response(s) [a1c78c0e-869c-4f76-b4ce-2034448e0b80<-51276c3c-a3b8-4274-b089-592ff4589f41#0:FAIL-t20, a1c78c0e-869c-4f76-b4ce-2034448e0b80<-64c90977-e867-487c-b50d-c226f2d34a76#0:FAIL-t20] and 0 exception(s); a1c78c0e-869c-4f76-b4ce-2034448e0b80@group-D48B69A44692:t20, leader=null, voted=a1c78c0e-869c-4f76-b4ce-2034448e0b80, raftlog=a1c78c0e-869c-4f76-b4ce-2034448e0b80@group-D48B69A44692-SegmentedRaftLog:OPENED:c-1,f-1,i0, conf=-1: [51276c3c-a3b8-4274-b089-592ff4589f41:192.168.157.213:36639, 64c90977-e867-487c-b50d-c226f2d34a76:192.168.157.213:37433, a1c78c0e-869c-4f76-b4ce-2034448e0b80:192.168.157.213:33501], old=null
2019-10-19 01:04:29,614 [a1c78c0e-869c-4f76-b4ce-2034448e0b80@group-D48B69A44692-LeaderElection45] INFO  impl.RaftServerImpl (RaftServerImpl.java:setRole(184)) - a1c78c0e-869c-4f76-b4ce-2034448e0b80@group-D48B69A44692: changes role from CANDIDATE to FOLLOWER at term 20 for DISCOVERED_A_NEW_TERM
2019-10-19 01:04:29,614 [a1c78c0e-869c-4f76-b4ce-2034448e0b80@group-D48B69A44692-LeaderElection45] INFO  impl.RoleInfo (RoleInfo.java:shutdownLeaderElection(134)) - a1c78c0e-869c-4f76-b4ce-2034448e0b80: shutdown LeaderElection
2019-10-19 01:04:29,614 [a1c78c0e-869c-4f76-b4ce-2034448e0b80@group-D48B69A44692-LeaderElection45] INFO  impl.RoleInfo (RoleInfo.java:updateAndGet(143)) - a1c78c0e-869c-4f76-b4ce-2034448e0b80: start FollowerState
2019-10-19 01:04:29,658 [Thread-641] INFO  impl.FollowerState (FollowerState.java:run(108)) - a1c78c0e-869c-4f76-b4ce-2034448e0b80@group-D48B69A44692-FollowerState: change to CANDIDATE, lastRpcTime:43ms, electionTimeout:43ms
2019-10-19 01:04:29,658 [Thread-641] INFO  impl.RoleInfo (RoleInfo.java:shutdownFollowerState(121)) - a1c78c0e-869c-4f76-b4ce-2034448e0b80: shutdown FollowerState
2019-10-19 01:04:29,658 [Thread-641] INFO  impl.RaftServerImpl (RaftServerImpl.java:setRole(184)) - a1c78c0e-869c-4f76-b4ce-2034448e0b80@group-D48B69A44692: changes role from  FOLLOWER to CANDIDATE at term 20 for changeToCandidate
2019-10-19 01:04:29,658 [Thread-641] INFO  impl.RoleInfo (RoleInfo.java:updateAndGet(143)) - a1c78c0e-869c-4f76-b4ce-2034448e0b80: start LeaderElection
2019-10-19 01:04:29,671 [a1c78c0e-869c-4f76-b4ce-2034448e0b80@group-D48B69A44692-LeaderElection46] INFO  impl.LeaderElection (LeaderElection.java:askForVotes(178)) - a1c78c0e-869c-4f76-b4ce-2034448e0b80@group-D48B69A44692-LeaderElection46: begin an election at term 21 for -1: [51276c3c-a3b8-4274-b089-592ff4589f41:192.168.157.213:36639, 64c90977-e867-487c-b50d-c226f2d34a76:192.168.157.213:37433, a1c78c0e-869c-4f76-b4ce-2034448e0b80:192.168.157.213:33501], old=null
2019-10-19 01:04:29,674 [grpc-default-executor-7] INFO  impl.RaftServerImpl (RaftServerImpl.java:setRole(184)) - 64c90977-e867-487c-b50d-c226f2d34a76@group-D48B69A44692: changes role from  FOLLOWER to FOLLOWER at term 21 for recognizeCandidate:a1c78c0e-869c-4f76-b4ce-2034448e0b80
2019-10-19 01:04:29,674 [grpc-default-executor-6] INFO  impl.RaftServerImpl (RaftServerImpl.java:setRole(184)) - 51276c3c-a3b8-4274-b089-592ff4589f41@group-D48B69A44692: changes role from  FOLLOWER to FOLLOWER at term 21 for recognizeCandidate:a1c78c0e-869c-4f76-b4ce-2034448e0b80
2019-10-19 01:04:29,674 [grpc-default-executor-7] INFO  impl.RoleInfo (RoleInfo.java:shutdownFollowerState(121)) - 64c90977-e867-487c-b50d-c226f2d34a76: shutdown FollowerState
2019-10-19 01:04:29,675 [grpc-default-executor-6] INFO  impl.RoleInfo (RoleInfo.java:shutdownFollowerState(121)) - 51276c3c-a3b8-4274-b089-592ff4589f41: shutdown FollowerState
2019-10-19 01:04:29,675 [Thread-639] INFO  impl.FollowerState (FollowerState.java:run(117)) - 64c90977-e867-487c-b50d-c226f2d34a76@group-D48B69A44692-FollowerState was interrupted: java.lang.InterruptedException: sleep interrupted
2019-10-19 01:04:29,675 [grpc-default-executor-7] INFO  impl.RoleInfo (RoleInfo.java:updateAndGet(143)) - 64c90977-e867-487c-b50d-c226f2d34a76: start FollowerState
2019-10-19 01:04:29,675 [grpc-default-executor-6] INFO  impl.RoleInfo (RoleInfo.java:updateAndGet(143)) - 51276c3c-a3b8-4274-b089-592ff4589f41: start FollowerState
2019-10-19 01:04:29,675 [Thread-640] INFO  impl.FollowerState (FollowerState.java:run(117)) - 51276c3c-a3b8-4274-b089-592ff4589f41@group-D48B69A44692-FollowerState was interrupted: java.lang.InterruptedException: sleep interrupted
2019-10-19 01:04:29,681 [a1c78c0e-869c-4f76-b4ce-2034448e0b80@group-D48B69A44692-LeaderElection46] INFO  impl.LeaderElection (LeaderElection.java:logAndReturn(56)) - a1c78c0e-869c-4f76-b4ce-2034448e0b80@group-D48B69A44692-LeaderElection46: Election REJECTED; received 2 response(s) [a1c78c0e-869c-4f76-b4ce-2034448e0b80<-51276c3c-a3b8-4274-b089-592ff4589f41#0:FAIL-t21, a1c78c0e-869c-4f76-b4ce-2034448e0b80<-64c90977-e867-487c-b50d-c226f2d34a76#0:FAIL-t21] and 0 exception(s); a1c78c0e-869c-4f76-b4ce-2034448e0b80@group-D48B69A44692:t21, leader=null, voted=a1c78c0e-869c-4f76-b4ce-2034448e0b80, raftlog=a1c78c0e-869c-4f76-b4ce-2034448e0b80@group-D48B69A44692-SegmentedRaftLog:OPENED:c-1,f-1,i0, conf=-1: [51276c3c-a3b8-4274-b089-592ff4589f41:192.168.157.213:36639, 64c90977-e867-487c-b50d-c226f2d34a76:192.168.157.213:37433, a1c78c0e-869c-4f76-b4ce-2034448e0b80:192.168.157.213:33501], old=null
2019-10-19 01:04:29,681 [a1c78c0e-869c-4f76-b4ce-2034448e0b80@group-D48B69A44692-LeaderElection46] INFO  impl.RaftServerImpl (RaftServerImpl.java:setRole(184)) - a1c78c0e-869c-4f76-b4ce-2034448e0b80@group-D48B69A44692: changes role from CANDIDATE to FOLLOWER at term 21 for DISCOVERED_A_NEW_TERM
2019-10-19 01:04:29,681 [a1c78c0e-869c-4f76-b4ce-2034448e0b80@group-D48B69A44692-LeaderElection46] INFO  impl.RoleInfo (RoleInfo.java:shutdownLeaderElection(134)) - a1c78c0e-869c-4f76-b4ce-2034448e0b80: shutdown LeaderElection
2019-10-19 01:04:29,681 [a1c78c0e-869c-4f76-b4ce-2034448e0b80@group-D48B69A44692-LeaderElection46] INFO  impl.RoleInfo (RoleInfo.java:updateAndGet(143)) - a1c78c0e-869c-4f76-b4ce-2034448e0b80: start FollowerState
2019-10-19 01:04:29,733 [Thread-631] INFO  impl.FollowerState (FollowerState.java:run(108)) - a54795b0-6c9c-4137-a866-f82f653c9bf9@group-FB3B7D7D89E3-FollowerState: change to CANDIDATE, lastRpcTime:191ms, electionTimeout:191ms
2019-10-19 01:04:29,733 [Thread-631] INFO  impl.RoleInfo (RoleInfo.java:shutdownFollowerState(121)) - a54795b0-6c9c-4137-a866-f82f653c9bf9: shutdown FollowerState
2019-10-19 01:04:29,733 [Thread-631] INFO  impl.RaftServerImpl (RaftServerImpl.java:setRole(184)) - a54795b0-6c9c-4137-a866-f82f653c9bf9@group-FB3B7D7D89E3: changes role from  FOLLOWER to CANDIDATE at term 20 for changeToCandidate
2019-10-19 01:04:29,733 [Thread-631] INFO  impl.RoleInfo (RoleInfo.java:updateAndGet(143)) - a54795b0-6c9c-4137-a866-f82f653c9bf9: start LeaderElection
2019-10-19 01:04:29,739 [a54795b0-6c9c-4137-a866-f82f653c9bf9@group-FB3B7D7D89E3-LeaderElection47] INFO  impl.LeaderElection (LeaderElection.java:askForVotes(178)) - a54795b0-6c9c-4137-a866-f82f653c9bf9@group-FB3B7D7D89E3-LeaderElection47: begin an election at term 21 for -1: [a54795b0-6c9c-4137-a866-f82f653c9bf9:192.168.157.213:43688, b26a8d60-58dc-431d-8168-f89a9ab35f3a:192.168.157.213:35535, 16805c57-9f45-4377-8998-764a8f26e152:192.168.157.213:33728], old=null
2019-10-19 01:04:29,742 [grpc-default-executor-7] INFO  impl.RaftServerImpl (RaftServerImpl.java:setRole(184)) - 16805c57-9f45-4377-8998-764a8f26e152@group-FB3B7D7D89E3: changes role from  FOLLOWER to FOLLOWER at term 21 for recognizeCandidate:a54795b0-6c9c-4137-a866-f82f653c9bf9
2019-10-19 01:04:29,742 [grpc-default-executor-6] INFO  impl.RaftServerImpl (RaftServerImpl.java:setRole(184)) - b26a8d60-58dc-431d-8168-f89a9ab35f3a@group-FB3B7D7D89E3: changes role from  FOLLOWER to FOLLOWER at term 21 for recognizeCandidate:a54795b0-6c9c-4137-a866-f82f653c9bf9
2019-10-19 01:04:29,742 [grpc-default-executor-7] INFO  impl.RoleInfo (RoleInfo.java:shutdownFollowerState(121)) - 16805c57-9f45-4377-8998-764a8f26e152: shutdown FollowerState
2019-10-19 01:04:29,742 [grpc-default-executor-6] INFO  impl.RoleInfo (RoleInfo.java:shutdownFollowerState(121)) - b26a8d60-58dc-431d-8168-f89a9ab35f3a: shutdown FollowerState
2019-10-19 01:04:29,742 [grpc-default-executor-7] INFO  impl.RoleInfo (RoleInfo.java:updateAndGet(143)) - 16805c57-9f45-4377-8998-764a8f26e152: start FollowerState
2019-10-19 01:04:29,742 [Thread-628] INFO  impl.FollowerState (FollowerState.java:run(117)) - b26a8d60-58dc-431d-8168-f89a9ab35f3a@group-FB3B7D7D89E3-FollowerState was interrupted: java.lang.InterruptedException: sleep interrupted
2019-10-19 01:04:29,742 [Thread-626] INFO  impl.FollowerState (FollowerState.java:run(117)) - 16805c57-9f45-4377-8998-764a8f26e152@group-FB3B7D7D89E3-FollowerState was interrupted: java.lang.InterruptedException: sleep interrupted
2019-10-19 01:04:29,742 [grpc-default-executor-6] INFO  impl.RoleInfo (RoleInfo.java:updateAndGet(143)) - b26a8d60-58dc-431d-8168-f89a9ab35f3a: start FollowerState
2019-10-19 01:04:29,767 [a54795b0-6c9c-4137-a866-f82f653c9bf9@group-FB3B7D7D89E3-LeaderElection47] INFO  impl.LeaderElection (LeaderElection.java:logAndReturn(56)) - a54795b0-6c9c-4137-a866-f82f653c9bf9@group-FB3B7D7D89E3-LeaderElection47: Election REJECTED; received 2 response(s) [a54795b0-6c9c-4137-a866-f82f653c9bf9<-b26a8d60-58dc-431d-8168-f89a9ab35f3a#0:FAIL-t21, a54795b0-6c9c-4137-a866-f82f653c9bf9<-16805c57-9f45-4377-8998-764a8f26e152#0:FAIL-t21] and 0 exception(s); a54795b0-6c9c-4137-a866-f82f653c9bf9@group-FB3B7D7D89E3:t21, leader=null, voted=a54795b0-6c9c-4137-a866-f82f653c9bf9, raftlog=a54795b0-6c9c-4137-a866-f82f653c9bf9@group-FB3B7D7D89E3-SegmentedRaftLog:OPENED:c-1,f-1,i0, conf=-1: [a54795b0-6c9c-4137-a866-f82f653c9bf9:192.168.157.213:43688, b26a8d60-58dc-431d-8168-f89a9ab35f3a:192.168.157.213:35535, 16805c57-9f45-4377-8998-764a8f26e152:192.168.157.213:33728], old=null
2019-10-19 01:04:29,768 [a54795b0-6c9c-4137-a866-f82f653c9bf9@group-FB3B7D7D89E3-LeaderElection47] INFO  impl.RaftServerImpl (RaftServerImpl.java:setRole(184)) - a54795b0-6c9c-4137-a866-f82f653c9bf9@group-FB3B7D7D89E3: changes role from CANDIDATE to FOLLOWER at term 21 for DISCOVERED_A_NEW_TERM
2019-10-19 01:04:29,768 [a54795b0-6c9c-4137-a866-f82f653c9bf9@group-FB3B7D7D89E3-LeaderElection47] INFO  impl.RoleInfo (RoleInfo.java:shutdownLeaderElection(134)) - a54795b0-6c9c-4137-a866-f82f653c9bf9: shutdown LeaderElection
2019-10-19 01:04:29,768 [a54795b0-6c9c-4137-a866-f82f653c9bf9@group-FB3B7D7D89E3-LeaderElection47] INFO  impl.RoleInfo (RoleInfo.java:updateAndGet(143)) - a54795b0-6c9c-4137-a866-f82f653c9bf9: start FollowerState
2019-10-19 01:04:29,792 [Thread-653] INFO  impl.FollowerState (FollowerState.java:run(108)) - a54795b0-6c9c-4137-a866-f82f653c9bf9@group-FB3B7D7D89E3-FollowerState: change to CANDIDATE, lastRpcTime:24ms, electionTimeout:24ms
2019-10-19 01:04:29,792 [Thread-653] INFO  impl.RoleInfo (RoleInfo.java:shutdownFollowerState(121)) - a54795b0-6c9c-4137-a866-f82f653c9bf9: shutdown FollowerState
2019-10-19 01:04:29,792 [Thread-653] INFO  impl.RaftServerImpl (RaftServerImpl.java:setRole(184)) - a54795b0-6c9c-4137-a866-f82f653c9bf9@group-FB3B7D7D89E3: changes role from  FOLLOWER to CANDIDATE at term 21 for changeToCandidate
2019-10-19 01:04:29,792 [Thread-653] INFO  impl.RoleInfo (RoleInfo.java:updateAndGet(143)) - a54795b0-6c9c-4137-a866-f82f653c9bf9: start LeaderElection
2019-10-19 01:04:29,806 [a54795b0-6c9c-4137-a866-f82f653c9bf9@group-FB3B7D7D89E3-LeaderElection48] INFO  impl.LeaderElection (LeaderElection.java:askForVotes(178)) - a54795b0-6c9c-4137-a866-f82f653c9bf9@group-FB3B7D7D89E3-LeaderElection48: begin an election at term 22 for -1: [a54795b0-6c9c-4137-a866-f82f653c9bf9:192.168.157.213:43688, b26a8d60-58dc-431d-8168-f89a9ab35f3a:192.168.157.213:35535, 16805c57-9f45-4377-8998-764a8f26e152:192.168.157.213:33728], old=null
2019-10-19 01:04:29,810 [Thread-647] INFO  impl.FollowerState (FollowerState.java:run(108)) - a1c78c0e-869c-4f76-b4ce-2034448e0b80@group-D48B69A44692-FollowerState: change to CANDIDATE, lastRpcTime:129ms, electionTimeout:128ms
2019-10-19 01:04:29,811 [Thread-647] INFO  impl.RoleInfo (RoleInfo.java:shutdownFollowerState(121)) - a1c78c0e-869c-4f76-b4ce-2034448e0b80: shutdown FollowerState
2019-10-19 01:04:29,811 [Thread-647] INFO  impl.RaftServerImpl (RaftServerImpl.java:setRole(184)) - a1c78c0e-869c-4f76-b4ce-2034448e0b80@group-D48B69A44692: changes role from  FOLLOWER to CANDIDATE at term 21 for changeToCandidate
2019-10-19 01:04:29,811 [Thread-647] INFO  impl.RoleInfo (RoleInfo.java:updateAndGet(143)) - a1c78c0e-869c-4f76-b4ce-2034448e0b80: start LeaderElection
2019-10-19 01:04:29,811 [grpc-default-executor-6] INFO  impl.RaftServerImpl (RaftServerImpl.java:setRole(184)) - b26a8d60-58dc-431d-8168-f89a9ab35f3a@group-FB3B7D7D89E3: changes role from  FOLLOWER to FOLLOWER at term 22 for recognizeCandidate:a54795b0-6c9c-4137-a866-f82f653c9bf9
2019-10-19 01:04:29,811 [grpc-default-executor-7] INFO  impl.RaftServerImpl (RaftServerImpl.java:setRole(184)) - 16805c57-9f45-4377-8998-764a8f26e152@group-FB3B7D7D89E3: changes role from  FOLLOWER to FOLLOWER at term 22 for recognizeCandidate:a54795b0-6c9c-4137-a866-f82f653c9bf9
2019-10-19 01:04:29,812 [grpc-default-executor-6] INFO  impl.RoleInfo (RoleInfo.java:shutdownFollowerState(121)) - b26a8d60-58dc-431d-8168-f89a9ab35f3a: shutdown FollowerState
2019-10-19 01:04:29,812 [grpc-default-executor-7] INFO  impl.RoleInfo (RoleInfo.java:shutdownFollowerState(121)) - 16805c57-9f45-4377-8998-764a8f26e152: shutdown FollowerState
2019-10-19 01:04:29,812 [Thread-652] INFO  impl.FollowerState (FollowerState.java:run(117)) - b26a8d60-58dc-431d-8168-f89a9ab35f3a@group-FB3B7D7D89E3-FollowerState was interrupted: java.lang.InterruptedException: sleep interrupted
2019-10-19 01:04:29,812 [grpc-default-executor-6] INFO  impl.RoleInfo (RoleInfo.java:updateAndGet(143)) - b26a8d60-58dc-431d-8168-f89a9ab35f3a: start FollowerState
2019-10-19 01:04:29,812 [Thread-651] INFO  impl.FollowerState (FollowerState.java:run(117)) - 16805c57-9f45-4377-8998-764a8f26e152@group-FB3B7D7D89E3-FollowerState was interrupted: java.lang.InterruptedException: sleep interrupted
2019-10-19 01:04:29,812 [grpc-default-executor-7] INFO  impl.RoleInfo (RoleInfo.java:updateAndGet(143)) - 16805c57-9f45-4377-8998-764a8f26e152: start FollowerState
2019-10-19 01:04:29,821 [a1c78c0e-869c-4f76-b4ce-2034448e0b80@group-D48B69A44692-LeaderElection49] INFO  impl.LeaderElection (LeaderElection.java:askForVotes(178)) - a1c78c0e-869c-4f76-b4ce-2034448e0b80@group-D48B69A44692-LeaderElection49: begin an election at term 22 for -1: [51276c3c-a3b8-4274-b089-592ff4589f41:192.168.157.213:36639, 64c90977-e867-487c-b50d-c226f2d34a76:192.168.157.213:37433, a1c78c0e-869c-4f76-b4ce-2034448e0b80:192.168.157.213:33501], old=null
2019-10-19 01:04:29,822 [a54795b0-6c9c-4137-a866-f82f653c9bf9@group-FB3B7D7D89E3-LeaderElection48] INFO  impl.LeaderElection (LeaderElection.java:logAndReturn(56)) - a54795b0-6c9c-4137-a866-f82f653c9bf9@group-FB3B7D7D89E3-LeaderElection48: Election REJECTED; received 2 response(s) [a54795b0-6c9c-4137-a866-f82f653c9bf9<-b26a8d60-58dc-431d-8168-f89a9ab35f3a#0:FAIL-t22, a54795b0-6c9c-4137-a866-f82f653c9bf9<-16805c57-9f45-4377-8998-764a8f26e152#0:FAIL-t22] and 0 exception(s); a54795b0-6c9c-4137-a866-f82f653c9bf9@group-FB3B7D7D89E3:t22, leader=null, voted=a54795b0-6c9c-4137-a866-f82f653c9bf9, raftlog=a54795b0-6c9c-4137-a866-f82f653c9bf9@group-FB3B7D7D89E3-SegmentedRaftLog:OPENED:c-1,f-1,i0, conf=-1: [a54795b0-6c9c-4137-a866-f82f653c9bf9:192.168.157.213:43688, b26a8d60-58dc-431d-8168-f89a9ab35f3a:192.168.157.213:35535, 16805c57-9f45-4377-8998-764a8f26e152:192.168.157.213:33728], old=null
2019-10-19 01:04:29,823 [a54795b0-6c9c-4137-a866-f82f653c9bf9@group-FB3B7D7D89E3-LeaderElection48] INFO  impl.RaftServerImpl (RaftServerImpl.java:setRole(184)) - a54795b0-6c9c-4137-a866-f82f653c9bf9@group-FB3B7D7D89E3: changes role from CANDIDATE to FOLLOWER at term 22 for DISCOVERED_A_NEW_TERM
2019-10-19 01:04:29,823 [a54795b0-6c9c-4137-a866-f82f653c9bf9@group-FB3B7D7D89E3-LeaderElection48] INFO  impl.RoleInfo (RoleInfo.java:shutdownLeaderElection(134)) - a54795b0-6c9c-4137-a866-f82f653c9bf9: shutdown LeaderElection
2019-10-19 01:04:29,823 [a54795b0-6c9c-4137-a866-f82f653c9bf9@group-FB3B7D7D89E3-LeaderElection48] INFO  impl.RoleInfo (RoleInfo.java:updateAndGet(143)) - a54795b0-6c9c-4137-a866-f82f653c9bf9: start FollowerState
2019-10-19 01:04:29,823 [grpc-default-executor-7] INFO  impl.RaftServerImpl (RaftServerImpl.java:setRole(184)) - 64c90977-e867-487c-b50d-c226f2d34a76@group-D48B69A44692: changes role from  FOLLOWER to FOLLOWER at term 22 for recognizeCandidate:a1c78c0e-869c-4f76-b4ce-2034448e0b80
2019-10-19 01:04:29,823 [grpc-default-executor-7] INFO  impl.RoleInfo (RoleInfo.java:shutdownFollowerState(121)) - 64c90977-e867-487c-b50d-c226f2d34a76: shutdown FollowerState
2019-10-19 01:04:29,823 [grpc-default-executor-6] INFO  impl.RaftServerImpl (RaftServerImpl.java:setRole(184)) - 51276c3c-a3b8-4274-b089-592ff4589f41@group-D48B69A44692: changes role from  FOLLOWER to FOLLOWER at term 22 for recognizeCandidate:a1c78c0e-869c-4f76-b4ce-2034448e0b80
2019-10-19 01:04:29,823 [Thread-645] INFO  impl.FollowerState (FollowerState.java:run(117)) - 64c90977-e867-487c-b50d-c226f2d34a76@group-D48B69A44692-FollowerState was interrupted: java.lang.InterruptedException: sleep interrupted
2019-10-19 01:04:29,823 [grpc-default-executor-7] INFO  impl.RoleInfo (RoleInfo.java:updateAndGet(143)) - 64c90977-e867-487c-b50d-c226f2d34a76: start FollowerState
2019-10-19 01:04:29,823 [grpc-default-executor-6] INFO  impl.RoleInfo (RoleInfo.java:shutdownFollowerState(121)) - 51276c3c-a3b8-4274-b089-592ff4589f41: shutdown FollowerState
2019-10-19 01:04:29,824 [grpc-default-executor-6] INFO  impl.RoleInfo (RoleInfo.java:updateAndGet(143)) - 51276c3c-a3b8-4274-b089-592ff4589f41: start FollowerState
2019-10-19 01:04:29,824 [Thread-646] INFO  impl.FollowerState (FollowerState.java:run(117)) - 51276c3c-a3b8-4274-b089-592ff4589f41@group-D48B69A44692-FollowerState was interrupted: java.lang.InterruptedException: sleep interrupted
2019-10-19 01:04:29,842 [a1c78c0e-869c-4f76-b4ce-2034448e0b80@group-D48B69A44692-LeaderElection49] INFO  impl.LeaderElection (LeaderElection.java:logAndReturn(56)) - a1c78c0e-869c-4f76-b4ce-2034448e0b80@group-D48B69A44692-LeaderElection49: Election REJECTED; received 2 response(s) [a1c78c0e-869c-4f76-b4ce-2034448e0b80<-51276c3c-a3b8-4274-b089-592ff4589f41#0:FAIL-t22, a1c78c0e-869c-4f76-b4ce-2034448e0b80<-64c90977-e867-487c-b50d-c226f2d34a76#0:FAIL-t22] and 0 exception(s); a1c78c0e-869c-4f76-b4ce-2034448e0b80@group-D48B69A44692:t22, leader=null, voted=a1c78c0e-869c-4f76-b4ce-2034448e0b80, raftlog=a1c78c0e-869c-4f76-b4ce-2034448e0b80@group-D48B69A44692-SegmentedRaftLog:OPENED:c-1,f-1,i0, conf=-1: [51276c3c-a3b8-4274-b089-592ff4589f41:192.168.157.213:36639, 64c90977-e867-487c-b50d-c226f2d34a76:192.168.157.213:37433, a1c78c0e-869c-4f76-b4ce-2034448e0b80:192.168.157.213:33501], old=null
2019-10-19 01:04:29,843 [a1c78c0e-869c-4f76-b4ce-2034448e0b80@group-D48B69A44692-LeaderElection49] INFO  impl.RaftServerImpl (RaftServerImpl.java:setRole(184)) - a1c78c0e-869c-4f76-b4ce-2034448e0b80@group-D48B69A44692: changes role from CANDIDATE to FOLLOWER at term 22 for DISCOVERED_A_NEW_TERM
2019-10-19 01:04:29,843 [a1c78c0e-869c-4f76-b4ce-2034448e0b80@group-D48B69A44692-LeaderElection49] INFO  impl.RoleInfo (RoleInfo.java:shutdownLeaderElection(134)) - a1c78c0e-869c-4f76-b4ce-2034448e0b80: shutdown LeaderElection
2019-10-19 01:04:29,843 [a1c78c0e-869c-4f76-b4ce-2034448e0b80@group-D48B69A44692-LeaderElection49] INFO  impl.RoleInfo (RoleInfo.java:updateAndGet(143)) - a1c78c0e-869c-4f76-b4ce-2034448e0b80: start FollowerState
2019-10-19 01:04:29,902 [Thread-662] INFO  impl.FollowerState (FollowerState.java:run(108)) - a54795b0-6c9c-4137-a866-f82f653c9bf9@group-FB3B7D7D89E3-FollowerState: change to CANDIDATE, lastRpcTime:79ms, electionTimeout:79ms
2019-10-19 01:04:29,903 [Thread-662] INFO  impl.RoleInfo (RoleInfo.java:shutdownFollowerState(121)) - a54795b0-6c9c-4137-a866-f82f653c9bf9: shutdown FollowerState
2019-10-19 01:04:29,903 [Thread-662] INFO  impl.RaftServerImpl (RaftServerImpl.java:setRole(184)) - a54795b0-6c9c-4137-a866-f82f653c9bf9@group-FB3B7D7D89E3: changes role from  FOLLOWER to CANDIDATE at term 22 for changeToCandidate
2019-10-19 01:04:29,903 [Thread-662] INFO  impl.RoleInfo (RoleInfo.java:updateAndGet(143)) - a54795b0-6c9c-4137-a866-f82f653c9bf9: start LeaderElection
2019-10-19 01:04:29,932 [a54795b0-6c9c-4137-a866-f82f653c9bf9@group-FB3B7D7D89E3-LeaderElection50] INFO  impl.LeaderElection (LeaderElection.java:askForVotes(178)) - a54795b0-6c9c-4137-a866-f82f653c9bf9@group-FB3B7D7D89E3-LeaderElection50: begin an election at term 23 for -1: [a54795b0-6c9c-4137-a866-f82f653c9bf9:192.168.157.213:43688, b26a8d60-58dc-431d-8168-f89a9ab35f3a:192.168.157.213:35535, 16805c57-9f45-4377-8998-764a8f26e152:192.168.157.213:33728], old=null
2019-10-19 01:04:29,935 [grpc-default-executor-7] INFO  impl.RaftServerImpl (RaftServerImpl.java:setRole(184)) - b26a8d60-58dc-431d-8168-f89a9ab35f3a@group-FB3B7D7D89E3: changes role from  FOLLOWER to FOLLOWER at term 23 for recognizeCandidate:a54795b0-6c9c-4137-a866-f82f653c9bf9
2019-10-19 01:04:29,935 [grpc-default-executor-4] INFO  impl.RaftServerImpl (RaftServerImpl.java:setRole(184)) - 16805c57-9f45-4377-8998-764a8f26e152@group-FB3B7D7D89E3: changes role from  FOLLOWER to FOLLOWER at term 23 for recognizeCandidate:a54795b0-6c9c-4137-a866-f82f653c9bf9
2019-10-19 01:04:29,935 [grpc-default-executor-4] INFO  impl.RoleInfo (RoleInfo.java:shutdownFollowerState(121)) - 16805c57-9f45-4377-8998-764a8f26e152: shutdown FollowerState
2019-10-19 01:04:29,935 [grpc-default-executor-7] INFO  impl.RoleInfo (RoleInfo.java:shutdownFollowerState(121)) - b26a8d60-58dc-431d-8168-f89a9ab35f3a: shutdown FollowerState
2019-10-19 01:04:29,935 [Thread-659] INFO  impl.FollowerState (FollowerState.java:run(117)) - 16805c57-9f45-4377-8998-764a8f26e152@group-FB3B7D7D89E3-FollowerState was interrupted: java.lang.InterruptedException: sleep interrupted
2019-10-19 01:04:29,935 [Thread-658] INFO  impl.FollowerState (FollowerState.java:run(117)) - b26a8d60-58dc-431d-8168-f89a9ab35f3a@group-FB3B7D7D89E3-FollowerState was interrupted: java.lang.InterruptedException: sleep interrupted
2019-10-19 01:04:29,935 [grpc-default-executor-4] INFO  impl.RoleInfo (RoleInfo.java:updateAndGet(143)) - 16805c57-9f45-4377-8998-764a8f26e152: start FollowerState
2019-10-19 01:04:29,935 [grpc-default-executor-7] INFO  impl.RoleInfo (RoleInfo.java:updateAndGet(143)) - b26a8d60-58dc-431d-8168-f89a9ab35f3a: start FollowerState
2019-10-19 01:04:29,941 [a54795b0-6c9c-4137-a866-f82f653c9bf9@group-FB3B7D7D89E3-LeaderElection50] INFO  impl.LeaderElection (LeaderElection.java:logAndReturn(56)) - a54795b0-6c9c-4137-a866-f82f653c9bf9@group-FB3B7D7D89E3-LeaderElection50: Election REJECTED; received 2 response(s) [a54795b0-6c9c-4137-a866-f82f653c9bf9<-b26a8d60-58dc-431d-8168-f89a9ab35f3a#0:FAIL-t23, a54795b0-6c9c-4137-a866-f82f653c9bf9<-16805c57-9f45-4377-8998-764a8f26e152#0:FAIL-t23] and 0 exception(s); a54795b0-6c9c-4137-a866-f82f653c9bf9@group-FB3B7D7D89E3:t23, leader=null, voted=a54795b0-6c9c-4137-a866-f82f653c9bf9, raftlog=a54795b0-6c9c-4137-a866-f82f653c9bf9@group-FB3B7D7D89E3-SegmentedRaftLog:OPENED:c-1,f-1,i0, conf=-1: [a54795b0-6c9c-4137-a866-f82f653c9bf9:192.168.157.213:43688, b26a8d60-58dc-431d-8168-f89a9ab35f3a:192.168.157.213:35535, 16805c57-9f45-4377-8998-764a8f26e152:192.168.157.213:33728], old=null
2019-10-19 01:04:29,941 [a54795b0-6c9c-4137-a866-f82f653c9bf9@group-FB3B7D7D89E3-LeaderElection50] INFO  impl.RaftServerImpl (RaftServerImpl.java:setRole(184)) - a54795b0-6c9c-4137-a866-f82f653c9bf9@group-FB3B7D7D89E3: changes role from CANDIDATE to FOLLOWER at term 23 for DISCOVERED_A_NEW_TERM
2019-10-19 01:04:29,941 [a54795b0-6c9c-4137-a866-f82f653c9bf9@group-FB3B7D7D89E3-LeaderElection50] INFO  impl.RoleInfo (RoleInfo.java:shutdownLeaderElection(134)) - a54795b0-6c9c-4137-a866-f82f653c9bf9: shutdown LeaderElection
2019-10-19 01:04:29,941 [a54795b0-6c9c-4137-a866-f82f653c9bf9@group-FB3B7D7D89E3-LeaderElection50] INFO  impl.RoleInfo (RoleInfo.java:updateAndGet(143)) - a54795b0-6c9c-4137-a866-f82f653c9bf9: start FollowerState
2019-10-19 01:04:29,968 [Thread-668] INFO  impl.FollowerState (FollowerState.java:run(108)) - a1c78c0e-869c-4f76-b4ce-2034448e0b80@group-D48B69A44692-FollowerState: change to CANDIDATE, lastRpcTime:125ms, electionTimeout:125ms
2019-10-19 01:04:29,968 [Thread-668] INFO  impl.RoleInfo (RoleInfo.java:shutdownFollowerState(121)) - a1c78c0e-869c-4f76-b4ce-2034448e0b80: shutdown FollowerState
2019-10-19 01:04:29,968 [Thread-668] INFO  impl.RaftServerImpl (RaftServerImpl.java:setRole(184)) - a1c78c0e-869c-4f76-b4ce-2034448e0b80@group-D48B69A44692: changes role from  FOLLOWER to CANDIDATE at term 22 for changeToCandidate
2019-10-19 01:04:29,968 [Thread-668] INFO  impl.RoleInfo (RoleInfo.java:updateAndGet(143)) - a1c78c0e-869c-4f76-b4ce-2034448e0b80: start LeaderElection
2019-10-19 01:04:29,972 [a1c78c0e-869c-4f76-b4ce-2034448e0b80@group-D48B69A44692-LeaderElection51] INFO  impl.LeaderElection (LeaderElection.java:askForVotes(178)) - a1c78c0e-869c-4f76-b4ce-2034448e0b80@group-D48B69A44692-LeaderElection51: begin an election at term 23 for -1: [51276c3c-a3b8-4274-b089-592ff4589f41:192.168.157.213:36639, 64c90977-e867-487c-b50d-c226f2d34a76:192.168.157.213:37433, a1c78c0e-869c-4f76-b4ce-2034448e0b80:192.168.157.213:33501], old=null
2019-10-19 01:04:29,975 [grpc-default-executor-7] INFO  impl.RaftServerImpl (RaftServerImpl.java:setRole(184)) - 64c90977-e867-487c-b50d-c226f2d34a76@group-D48B69A44692: changes role from  FOLLOWER to FOLLOWER at term 23 for recognizeCandidate:a1c78c0e-869c-4f76-b4ce-2034448e0b80
2019-10-19 01:04:29,975 [grpc-default-executor-7] INFO  impl.RoleInfo (RoleInfo.java:shutdownFollowerState(121)) - 64c90977-e867-487c-b50d-c226f2d34a76: shutdown FollowerState
2019-10-19 01:04:29,975 [grpc-default-executor-7] INFO  impl.RoleInfo (RoleInfo.java:updateAndGet(143)) - 64c90977-e867-487c-b50d-c226f2d34a76: start FollowerState
2019-10-19 01:04:29,975 [Thread-663] INFO  impl.FollowerState (FollowerState.java:run(117)) - 64c90977-e867-487c-b50d-c226f2d34a76@group-D48B69A44692-FollowerState was interrupted: java.lang.InterruptedException: sleep interrupted
2019-10-19 01:04:29,975 [grpc-default-executor-4] INFO  impl.RaftServerImpl (RaftServerImpl.java:setRole(184)) - 51276c3c-a3b8-4274-b089-592ff4589f41@group-D48B69A44692: changes role from  FOLLOWER to FOLLOWER at term 23 for recognizeCandidate:a1c78c0e-869c-4f76-b4ce-2034448e0b80
2019-10-19 01:04:29,975 [grpc-default-executor-4] INFO  impl.RoleInfo (RoleInfo.java:shutdownFollowerState(121)) - 51276c3c-a3b8-4274-b089-592ff4589f41: shutdown FollowerState
2019-10-19 01:04:29,976 [grpc-default-executor-4] INFO  impl.RoleInfo (RoleInfo.java:updateAndGet(143)) - 51276c3c-a3b8-4274-b089-592ff4589f41: start FollowerState
2019-10-19 01:04:29,976 [Thread-664] INFO  impl.FollowerState (FollowerState.java:run(117)) - 51276c3c-a3b8-4274-b089-592ff4589f41@group-D48B69A44692-FollowerState was interrupted: java.lang.InterruptedException: sleep interrupted
2019-10-19 01:04:29,982 [a1c78c0e-869c-4f76-b4ce-2034448e0b80@group-D48B69A44692-LeaderElection51] INFO  impl.LeaderElection (LeaderElection.java:logAndReturn(56)) - a1c78c0e-869c-4f76-b4ce-2034448e0b80@group-D48B69A44692-LeaderElection51: Election REJECTED; received 2 response(s) [a1c78c0e-869c-4f76-b4ce-2034448e0b80<-51276c3c-a3b8-4274-b089-592ff4589f41#0:FAIL-t23, a1c78c0e-869c-4f76-b4ce-2034448e0b80<-64c90977-e867-487c-b50d-c226f2d34a76#0:FAIL-t23] and 0 exception(s); a1c78c0e-869c-4f76-b4ce-2034448e0b80@group-D48B69A44692:t23, leader=null, voted=a1c78c0e-869c-4f76-b4ce-2034448e0b80, raftlog=a1c78c0e-869c-4f76-b4ce-2034448e0b80@group-D48B69A44692-SegmentedRaftLog:OPENED:c-1,f-1,i0, conf=-1: [51276c3c-a3b8-4274-b089-592ff4589f41:192.168.157.213:36639, 64c90977-e867-487c-b50d-c226f2d34a76:192.168.157.213:37433, a1c78c0e-869c-4f76-b4ce-2034448e0b80:192.168.157.213:33501], old=null
2019-10-19 01:04:29,982 [a1c78c0e-869c-4f76-b4ce-2034448e0b80@group-D48B69A44692-LeaderElection51] INFO  impl.RaftServerImpl (RaftServerImpl.java:setRole(184)) - a1c78c0e-869c-4f76-b4ce-2034448e0b80@group-D48B69A44692: changes role from CANDIDATE to FOLLOWER at term 23 for DISCOVERED_A_NEW_TERM
2019-10-19 01:04:29,982 [a1c78c0e-869c-4f76-b4ce-2034448e0b80@group-D48B69A44692-LeaderElection51] INFO  impl.RoleInfo (RoleInfo.java:shutdownLeaderElection(134)) - a1c78c0e-869c-4f76-b4ce-2034448e0b80: shutdown LeaderElection
2019-10-19 01:04:29,983 [a1c78c0e-869c-4f76-b4ce-2034448e0b80@group-D48B69A44692-LeaderElection51] INFO  impl.RoleInfo (RoleInfo.java:updateAndGet(143)) - a1c78c0e-869c-4f76-b4ce-2034448e0b80: start FollowerState
2019-10-19 01:04:30,023 [Thread-681] INFO  impl.FollowerState (FollowerState.java:run(108)) - a1c78c0e-869c-4f76-b4ce-2034448e0b80@group-D48B69A44692-FollowerState: change to CANDIDATE, lastRpcTime:40ms, electionTimeout:40ms
2019-10-19 01:04:30,023 [Thread-681] INFO  impl.RoleInfo (RoleInfo.java:shutdownFollowerState(121)) - a1c78c0e-869c-4f76-b4ce-2034448e0b80: shutdown FollowerState
2019-10-19 01:04:30,023 [Thread-681] INFO  impl.RaftServerImpl (RaftServerImpl.java:setRole(184)) - a1c78c0e-869c-4f76-b4ce-2034448e0b80@group-D48B69A44692: changes role from  FOLLOWER to CANDIDATE at term 23 for changeToCandidate
2019-10-19 01:04:30,023 [Thread-681] INFO  impl.RoleInfo (RoleInfo.java:updateAndGet(143)) - a1c78c0e-869c-4f76-b4ce-2034448e0b80: start LeaderElection
2019-10-19 01:04:30,038 [a1c78c0e-869c-4f76-b4ce-2034448e0b80@group-D48B69A44692-LeaderElection52] INFO  impl.LeaderElection (LeaderElection.java:askForVotes(178)) - a1c78c0e-869c-4f76-b4ce-2034448e0b80@group-D48B69A44692-LeaderElection52: begin an election at term 24 for -1: [51276c3c-a3b8-4274-b089-592ff4589f41:192.168.157.213:36639, 64c90977-e867-487c-b50d-c226f2d34a76:192.168.157.213:37433, a1c78c0e-869c-4f76-b4ce-2034448e0b80:192.168.157.213:33501], old=null
2019-10-19 01:04:30,042 [grpc-default-executor-4] INFO  impl.RaftServerImpl (RaftServerImpl.java:setRole(184)) - 51276c3c-a3b8-4274-b089-592ff4589f41@group-D48B69A44692: changes role from  FOLLOWER to FOLLOWER at term 24 for recognizeCandidate:a1c78c0e-869c-4f76-b4ce-2034448e0b80
2019-10-19 01:04:30,042 [grpc-default-executor-7] INFO  impl.RaftServerImpl (RaftServerImpl.java:setRole(184)) - 64c90977-e867-487c-b50d-c226f2d34a76@group-D48B69A44692: changes role from  FOLLOWER to FOLLOWER at term 24 for recognizeCandidate:a1c78c0e-869c-4f76-b4ce-2034448e0b80
2019-10-19 01:04:30,042 [grpc-default-executor-7] INFO  impl.RoleInfo (RoleInfo.java:shutdownFollowerState(121)) - 64c90977-e867-487c-b50d-c226f2d34a76: shutdown FollowerState
2019-10-19 01:04:30,042 [grpc-default-executor-4] INFO  impl.RoleInfo (RoleInfo.java:shutdownFollowerState(121)) - 51276c3c-a3b8-4274-b089-592ff4589f41: shutdown FollowerState
2019-10-19 01:04:30,042 [grpc-default-executor-7] INFO  impl.RoleInfo (RoleInfo.java:updateAndGet(143)) - 64c90977-e867-487c-b50d-c226f2d34a76: start FollowerState
2019-10-19 01:04:30,042 [Thread-679] INFO  impl.FollowerState (FollowerState.java:run(117)) - 64c90977-e867-487c-b50d-c226f2d34a76@group-D48B69A44692-FollowerState was interrupted: java.lang.InterruptedException: sleep interrupted
2019-10-19 01:04:30,043 [Thread-680] INFO  impl.FollowerState (FollowerState.java:run(117)) - 51276c3c-a3b8-4274-b089-592ff4589f41@group-D48B69A44692-FollowerState was interrupted: java.lang.InterruptedException: sleep interrupted
2019-10-19 01:04:30,043 [grpc-default-executor-4] INFO  impl.RoleInfo (RoleInfo.java:updateAndGet(143)) - 51276c3c-a3b8-4274-b089-592ff4589f41: start FollowerState
2019-10-19 01:04:30,055 [a1c78c0e-869c-4f76-b4ce-2034448e0b80@group-D48B69A44692-LeaderElection52] INFO  impl.LeaderElection (LeaderElection.java:logAndReturn(56)) - a1c78c0e-869c-4f76-b4ce-2034448e0b80@group-D48B69A44692-LeaderElection52: Election TIMEOUT; received 0 response(s) [] and 0 exception(s); a1c78c0e-869c-4f76-b4ce-2034448e0b80@group-D48B69A44692:t24, leader=null, voted=a1c78c0e-869c-4f76-b4ce-2034448e0b80, raftlog=a1c78c0e-869c-4f76-b4ce-2034448e0b80@group-D48B69A44692-SegmentedRaftLog:OPENED:c-1,f-1,i0, conf=-1: [51276c3c-a3b8-4274-b089-592ff4589f41:192.168.157.213:36639, 64c90977-e867-487c-b50d-c226f2d34a76:192.168.157.213:37433, a1c78c0e-869c-4f76-b4ce-2034448e0b80:192.168.157.213:33501], old=null
2019-10-19 01:04:30,067 [a1c78c0e-869c-4f76-b4ce-2034448e0b80@group-D48B69A44692-LeaderElection52] INFO  impl.LeaderElection (LeaderElection.java:askForVotes(178)) - a1c78c0e-869c-4f76-b4ce-2034448e0b80@group-D48B69A44692-LeaderElection52: begin an election at term 25 for -1: [51276c3c-a3b8-4274-b089-592ff4589f41:192.168.157.213:36639, 64c90977-e867-487c-b50d-c226f2d34a76:192.168.157.213:37433, a1c78c0e-869c-4f76-b4ce-2034448e0b80:192.168.157.213:33501], old=null
2019-10-19 01:04:30,069 [grpc-default-executor-4] INFO  impl.RaftServerImpl (RaftServerImpl.java:setRole(184)) - 51276c3c-a3b8-4274-b089-592ff4589f41@group-D48B69A44692: changes role from  FOLLOWER to FOLLOWER at term 25 for recognizeCandidate:a1c78c0e-869c-4f76-b4ce-2034448e0b80
2019-10-19 01:04:30,069 [grpc-default-executor-7] INFO  impl.RaftServerImpl (RaftServerImpl.java:setRole(184)) - 64c90977-e867-487c-b50d-c226f2d34a76@group-D48B69A44692: changes role from  FOLLOWER to FOLLOWER at term 25 for recognizeCandidate:a1c78c0e-869c-4f76-b4ce-2034448e0b80
2019-10-19 01:04:30,070 [grpc-default-executor-4] INFO  impl.RoleInfo (RoleInfo.java:shutdownFollowerState(121)) - 51276c3c-a3b8-4274-b089-592ff4589f41: shutdown FollowerState
2019-10-19 01:04:30,070 [grpc-default-executor-7] INFO  impl.RoleInfo (RoleInfo.java:shutdownFollowerState(121)) - 64c90977-e867-487c-b50d-c226f2d34a76: shutdown FollowerState
2019-10-19 01:04:30,070 [Thread-686] INFO  impl.FollowerState (FollowerState.java:run(117)) - 51276c3c-a3b8-4274-b089-592ff4589f41@group-D48B69A44692-FollowerState was interrupted: java.lang.InterruptedException: sleep interrupted
2019-10-19 01:04:30,070 [grpc-default-executor-4] INFO  impl.RoleInfo (RoleInfo.java:updateAndGet(143)) - 51276c3c-a3b8-4274-b089-592ff4589f41: start FollowerState
2019-10-19 01:04:30,070 [grpc-default-executor-7] INFO  impl.RoleInfo (RoleInfo.java:updateAndGet(143)) - 64c90977-e867-487c-b50d-c226f2d34a76: start FollowerState
2019-10-19 01:04:30,070 [Thread-685] INFO  impl.FollowerState (FollowerState.java:run(117)) - 64c90977-e867-487c-b50d-c226f2d34a76@group-D48B69A44692-FollowerState was interrupted: java.lang.InterruptedException: sleep interrupted
2019-10-19 01:04:30,085 [a1c78c0e-869c-4f76-b4ce-2034448e0b80@group-D48B69A44692-LeaderElection52] INFO  impl.LeaderElection (LeaderElection.java:logAndReturn(56)) - a1c78c0e-869c-4f76-b4ce-2034448e0b80@group-D48B69A44692-LeaderElection52: Election REJECTED; received 2 response(s) [a1c78c0e-869c-4f76-b4ce-2034448e0b80<-51276c3c-a3b8-4274-b089-592ff4589f41#0:FAIL-t25, a1c78c0e-869c-4f76-b4ce-2034448e0b80<-64c90977-e867-487c-b50d-c226f2d34a76#0:FAIL-t25] and 0 exception(s); a1c78c0e-869c-4f76-b4ce-2034448e0b80@group-D48B69A44692:t25, leader=null, voted=a1c78c0e-869c-4f76-b4ce-2034448e0b80, raftlog=a1c78c0e-869c-4f76-b4ce-2034448e0b80@group-D48B69A44692-SegmentedRaftLog:OPENED:c-1,f-1,i0, conf=-1: [51276c3c-a3b8-4274-b089-592ff4589f41:192.168.157.213:36639, 64c90977-e867-487c-b50d-c226f2d34a76:192.168.157.213:37433, a1c78c0e-869c-4f76-b4ce-2034448e0b80:192.168.157.213:33501], old=null
2019-10-19 01:04:30,085 [a1c78c0e-869c-4f76-b4ce-2034448e0b80@group-D48B69A44692-LeaderElection52] INFO  impl.RaftServerImpl (RaftServerImpl.java:setRole(184)) - a1c78c0e-869c-4f76-b4ce-2034448e0b80@group-D48B69A44692: changes role from CANDIDATE to FOLLOWER at term 25 for DISCOVERED_A_NEW_TERM
2019-10-19 01:04:30,085 [Thread-675] INFO  impl.FollowerState (FollowerState.java:run(108)) - a54795b0-6c9c-4137-a866-f82f653c9bf9@group-FB3B7D7D89E3-FollowerState: change to CANDIDATE, lastRpcTime:144ms, electionTimeout:144ms
2019-10-19 01:04:30,085 [a1c78c0e-869c-4f76-b4ce-2034448e0b80@group-D48B69A44692-LeaderElection52] INFO  impl.RoleInfo (RoleInfo.java:shutdownLeaderElection(134)) - a1c78c0e-869c-4f76-b4ce-2034448e0b80: shutdown LeaderElection
2019-10-19 01:04:30,086 [Thread-675] INFO  impl.RoleInfo (RoleInfo.java:shutdownFollowerState(121)) - a54795b0-6c9c-4137-a866-f82f653c9bf9: shutdown FollowerState
2019-10-19 01:04:30,086 [a1c78c0e-869c-4f76-b4ce-2034448e0b80@group-D48B69A44692-LeaderElection52] INFO  impl.RoleInfo (RoleInfo.java:updateAndGet(143)) - a1c78c0e-869c-4f76-b4ce-2034448e0b80: start FollowerState
2019-10-19 01:04:30,086 [Thread-675] INFO  impl.RaftServerImpl (RaftServerImpl.java:setRole(184)) - a54795b0-6c9c-4137-a866-f82f653c9bf9@group-FB3B7D7D89E3: changes role from  FOLLOWER to CANDIDATE at term 23 for changeToCandidate
2019-10-19 01:04:30,086 [Thread-675] INFO  impl.RoleInfo (RoleInfo.java:updateAndGet(143)) - a54795b0-6c9c-4137-a866-f82f653c9bf9: start LeaderElection
2019-10-19 01:04:30,111 [a54795b0-6c9c-4137-a866-f82f653c9bf9@group-FB3B7D7D89E3-LeaderElection53] INFO  impl.LeaderElection (LeaderElection.java:askForVotes(178)) - a54795b0-6c9c-4137-a866-f82f653c9bf9@group-FB3B7D7D89E3-LeaderElection53: begin an election at term 24 for -1: [a54795b0-6c9c-4137-a866-f82f653c9bf9:192.168.157.213:43688, b26a8d60-58dc-431d-8168-f89a9ab35f3a:192.168.157.213:35535, 16805c57-9f45-4377-8998-764a8f26e152:192.168.157.213:33728], old=null
2019-10-19 01:04:30,123 [grpc-default-executor-4] INFO  impl.RaftServerImpl (RaftServerImpl.java:setRole(184)) - b26a8d60-58dc-431d-8168-f89a9ab35f3a@group-FB3B7D7D89E3: changes role from  FOLLOWER to FOLLOWER at term 24 for recognizeCandidate:a54795b0-6c9c-4137-a866-f82f653c9bf9
2019-10-19 01:04:30,123 [grpc-default-executor-7] INFO  impl.RaftServerImpl (RaftServerImpl.java:setRole(184)) - 16805c57-9f45-4377-8998-764a8f26e152@group-FB3B7D7D89E3: changes role from  FOLLOWER to FOLLOWER at term 24 for recognizeCandidate:a54795b0-6c9c-4137-a866-f82f653c9bf9
2019-10-19 01:04:30,123 [grpc-default-executor-4] INFO  impl.RoleInfo (RoleInfo.java:shutdownFollowerState(121)) - b26a8d60-58dc-431d-8168-f89a9ab35f3a: shutdown FollowerState
2019-10-19 01:04:30,123 [grpc-default-executor-7] INFO  impl.RoleInfo (RoleInfo.java:shutdownFollowerState(121)) - 16805c57-9f45-4377-8998-764a8f26e152: shutdown FollowerState
2019-10-19 01:04:30,123 [grpc-default-executor-4] INFO  impl.RoleInfo (RoleInfo.java:updateAndGet(143)) - b26a8d60-58dc-431d-8168-f89a9ab35f3a: start FollowerState
2019-10-19 01:04:30,123 [grpc-default-executor-7] INFO  impl.RoleInfo (RoleInfo.java:updateAndGet(143)) - 16805c57-9f45-4377-8998-764a8f26e152: start FollowerState
2019-10-19 01:04:30,123 [Thread-673] INFO  impl.FollowerState (FollowerState.java:run(117)) - 16805c57-9f45-4377-8998-764a8f26e152@group-FB3B7D7D89E3-FollowerState was interrupted: java.lang.InterruptedException: sleep interrupted
2019-10-19 01:04:30,123 [Thread-674] INFO  impl.FollowerState (FollowerState.java:run(117)) - b26a8d60-58dc-431d-8168-f89a9ab35f3a@group-FB3B7D7D89E3-FollowerState was interrupted: java.lang.InterruptedException: sleep interrupted
2019-10-19 01:04:30,128 [a54795b0-6c9c-4137-a866-f82f653c9bf9@group-FB3B7D7D89E3-LeaderElection53] INFO  impl.LeaderElection (LeaderElection.java:logAndReturn(56)) - a54795b0-6c9c-4137-a866-f82f653c9bf9@group-FB3B7D7D89E3-LeaderElection53: Election REJECTED; received 2 response(s) [a54795b0-6c9c-4137-a866-f82f653c9bf9<-b26a8d60-58dc-431d-8168-f89a9ab35f3a#0:FAIL-t24, a54795b0-6c9c-4137-a866-f82f653c9bf9<-16805c57-9f45-4377-8998-764a8f26e152#0:FAIL-t24] and 0 exception(s); a54795b0-6c9c-4137-a866-f82f653c9bf9@group-FB3B7D7D89E3:t24, leader=null, voted=a54795b0-6c9c-4137-a866-f82f653c9bf9, raftlog=a54795b0-6c9c-4137-a866-f82f653c9bf9@group-FB3B7D7D89E3-SegmentedRaftLog:OPENED:c-1,f-1,i0, conf=-1: [a54795b0-6c9c-4137-a866-f82f653c9bf9:192.168.157.213:43688, b26a8d60-58dc-431d-8168-f89a9ab35f3a:192.168.157.213:35535, 16805c57-9f45-4377-8998-764a8f26e152:192.168.157.213:33728], old=null
2019-10-19 01:04:30,128 [a54795b0-6c9c-4137-a866-f82f653c9bf9@group-FB3B7D7D89E3-LeaderElection53] INFO  impl.RaftServerImpl (RaftServerImpl.java:setRole(184)) - a54795b0-6c9c-4137-a866-f82f653c9bf9@group-FB3B7D7D89E3: changes role from CANDIDATE to FOLLOWER at term 24 for DISCOVERED_A_NEW_TERM
2019-10-19 01:04:30,128 [a54795b0-6c9c-4137-a866-f82f653c9bf9@group-FB3B7D7D89E3-LeaderElection53] INFO  impl.RoleInfo (RoleInfo.java:shutdownLeaderElection(134)) - a54795b0-6c9c-4137-a866-f82f653c9bf9: shutdown LeaderElection
2019-10-19 01:04:30,129 [a54795b0-6c9c-4137-a866-f82f653c9bf9@group-FB3B7D7D89E3-LeaderElection53] INFO  impl.RoleInfo (RoleInfo.java:updateAndGet(143)) - a54795b0-6c9c-4137-a866-f82f653c9bf9: start FollowerState
2019-10-19 01:04:30,143 [Thread-691] INFO  impl.FollowerState (FollowerState.java:run(108)) - a1c78c0e-869c-4f76-b4ce-2034448e0b80@group-D48B69A44692-FollowerState: change to CANDIDATE, lastRpcTime:57ms, electionTimeout:57ms
2019-10-19 01:04:30,143 [Thread-691] INFO  impl.RoleInfo (RoleInfo.java:shutdownFollowerState(121)) - a1c78c0e-869c-4f76-b4ce-2034448e0b80: shutdown FollowerState
2019-10-19 01:04:30,143 [Thread-691] INFO  impl.RaftServerImpl (RaftServerImpl.java:setRole(184)) - a1c78c0e-869c-4f76-b4ce-2034448e0b80@group-D48B69A44692: changes role from  FOLLOWER to CANDIDATE at term 25 for changeToCandidate
2019-10-19 01:04:30,143 [Thread-691] INFO  impl.RoleInfo (RoleInfo.java:updateAndGet(143)) - a1c78c0e-869c-4f76-b4ce-2034448e0b80: start LeaderElection
2019-10-19 01:04:30,157 [a1c78c0e-869c-4f76-b4ce-2034448e0b80@group-D48B69A44692-LeaderElection54] INFO  impl.LeaderElection (LeaderElection.java:askForVotes(178)) - a1c78c0e-869c-4f76-b4ce-2034448e0b80@group-D48B69A44692-LeaderElection54: begin an election at term 26 for -1: [51276c3c-a3b8-4274-b089-592ff4589f41:192.168.157.213:36639, 64c90977-e867-487c-b50d-c226f2d34a76:192.168.157.213:37433, a1c78c0e-869c-4f76-b4ce-2034448e0b80:192.168.157.213:33501], old=null
2019-10-19 01:04:30,160 [grpc-default-executor-4] INFO  impl.RaftServerImpl (RaftServerImpl.java:setRole(184)) - 64c90977-e867-487c-b50d-c226f2d34a76@group-D48B69A44692: changes role from  FOLLOWER to FOLLOWER at term 26 for recognizeCandidate:a1c78c0e-869c-4f76-b4ce-2034448e0b80
2019-10-19 01:04:30,160 [grpc-default-executor-7] INFO  impl.RaftServerImpl (RaftServerImpl.java:setRole(184)) - 51276c3c-a3b8-4274-b089-592ff4589f41@group-D48B69A44692: changes role from  FOLLOWER to FOLLOWER at term 26 for recognizeCandidate:a1c78c0e-869c-4f76-b4ce-2034448e0b80
2019-10-19 01:04:30,160 [grpc-default-executor-4] INFO  impl.RoleInfo (RoleInfo.java:shutdownFollowerState(121)) - 64c90977-e867-487c-b50d-c226f2d34a76: shutdown FollowerState
2019-10-19 01:04:30,160 [grpc-default-executor-7] INFO  impl.RoleInfo (RoleInfo.java:shutdownFollowerState(121)) - 51276c3c-a3b8-4274-b089-592ff4589f41: shutdown FollowerState
2019-10-19 01:04:30,160 [grpc-default-executor-4] INFO  impl.RoleInfo (RoleInfo.java:updateAndGet(143)) - 64c90977-e867-487c-b50d-c226f2d34a76: start FollowerState
2019-10-19 01:04:30,160 [Thread-690] INFO  impl.FollowerState (FollowerState.java:run(117)) - 64c90977-e867-487c-b50d-c226f2d34a76@group-D48B69A44692-FollowerState was interrupted: java.lang.InterruptedException: sleep interrupted
2019-10-19 01:04:30,160 [Thread-689] INFO  impl.FollowerState (FollowerState.java:run(117)) - 51276c3c-a3b8-4274-b089-592ff4589f41@group-D48B69A44692-FollowerState was interrupted: java.lang.InterruptedException: sleep interrupted
2019-10-19 01:04:30,160 [grpc-default-executor-7] INFO  impl.RoleInfo (RoleInfo.java:updateAndGet(143)) - 51276c3c-a3b8-4274-b089-592ff4589f41: start FollowerState
2019-10-19 01:04:30,187 [a1c78c0e-869c-4f76-b4ce-2034448e0b80@group-D48B69A44692-LeaderElection54] INFO  impl.LeaderElection (LeaderElection.java:logAndReturn(56)) - a1c78c0e-869c-4f76-b4ce-2034448e0b80@group-D48B69A44692-LeaderElection54: Election REJECTED; received 2 response(s) [a1c78c0e-869c-4f76-b4ce-2034448e0b80<-51276c3c-a3b8-4274-b089-592ff4589f41#0:FAIL-t26, a1c78c0e-869c-4f76-b4ce-2034448e0b80<-64c90977-e867-487c-b50d-c226f2d34a76#0:FAIL-t26] and 0 exception(s); a1c78c0e-869c-4f76-b4ce-2034448e0b80@group-D48B69A44692:t26, leader=null, voted=a1c78c0e-869c-4f76-b4ce-2034448e0b80, raftlog=a1c78c0e-869c-4f76-b4ce-2034448e0b80@group-D48B69A44692-SegmentedRaftLog:OPENED:c-1,f-1,i0, conf=-1: [51276c3c-a3b8-4274-b089-592ff4589f41:192.168.157.213:36639, 64c90977-e867-487c-b50d-c226f2d34a76:192.168.157.213:37433, a1c78c0e-869c-4f76-b4ce-2034448e0b80:192.168.157.213:33501], old=null
2019-10-19 01:04:30,187 [a1c78c0e-869c-4f76-b4ce-2034448e0b80@group-D48B69A44692-LeaderElection54] INFO  impl.RaftServerImpl (RaftServerImpl.java:setRole(184)) - a1c78c0e-869c-4f76-b4ce-2034448e0b80@group-D48B69A44692: changes role from CANDIDATE to FOLLOWER at term 26 for DISCOVERED_A_NEW_TERM
2019-10-19 01:04:30,187 [a1c78c0e-869c-4f76-b4ce-2034448e0b80@group-D48B69A44692-LeaderElection54] INFO  impl.RoleInfo (RoleInfo.java:shutdownLeaderElection(134)) - a1c78c0e-869c-4f76-b4ce-2034448e0b80: shutdown LeaderElection
2019-10-19 01:04:30,187 [a1c78c0e-869c-4f76-b4ce-2034448e0b80@group-D48B69A44692-LeaderElection54] INFO  impl.RoleInfo (RoleInfo.java:updateAndGet(143)) - a1c78c0e-869c-4f76-b4ce-2034448e0b80: start FollowerState
2019-10-19 01:04:30,193 [Thread-697] INFO  impl.FollowerState (FollowerState.java:run(108)) - a54795b0-6c9c-4137-a866-f82f653c9bf9@group-FB3B7D7D89E3-FollowerState: change to CANDIDATE, lastRpcTime:64ms, electionTimeout:64ms
2019-10-19 01:04:30,193 [Thread-697] INFO  impl.RoleInfo (RoleInfo.java:shutdownFollowerState(121)) - a54795b0-6c9c-4137-a866-f82f653c9bf9: shutdown FollowerState
2019-10-19 01:04:30,193 [Thread-697] INFO  impl.RaftServerImpl (RaftServerImpl.java:setRole(184)) - a54795b0-6c9c-4137-a866-f82f653c9bf9@group-FB3B7D7D89E3: changes role from  FOLLOWER to CANDIDATE at term 24 for changeToCandidate
2019-10-19 01:04:30,193 [Thread-697] INFO  impl.RoleInfo (RoleInfo.java:updateAndGet(143)) - a54795b0-6c9c-4137-a866-f82f653c9bf9: start LeaderElection
2019-10-19 01:04:30,206 [a54795b0-6c9c-4137-a866-f82f653c9bf9@group-FB3B7D7D89E3-LeaderElection55] INFO  impl.LeaderElection (LeaderElection.java:askForVotes(178)) - a54795b0-6c9c-4137-a866-f82f653c9bf9@group-FB3B7D7D89E3-LeaderElection55: begin an election at term 25 for -1: [a54795b0-6c9c-4137-a866-f82f653c9bf9:192.168.157.213:43688, b26a8d60-58dc-431d-8168-f89a9ab35f3a:192.168.157.213:35535, 16805c57-9f45-4377-8998-764a8f26e152:192.168.157.213:33728], old=null
2019-10-19 01:04:30,208 [grpc-default-executor-4] INFO  impl.RaftServerImpl (RaftServerImpl.java:setRole(184)) - b26a8d60-58dc-431d-8168-f89a9ab35f3a@group-FB3B7D7D89E3: changes role from  FOLLOWER to FOLLOWER at term 25 for recognizeCandidate:a54795b0-6c9c-4137-a866-f82f653c9bf9
2019-10-19 01:04:30,208 [grpc-default-executor-7] INFO  impl.RaftServerImpl (RaftServerImpl.java:setRole(184)) - 16805c57-9f45-4377-8998-764a8f26e152@group-FB3B7D7D89E3: changes role from  FOLLOWER to FOLLOWER at term 25 for recognizeCandidate:a54795b0-6c9c-4137-a866-f82f653c9bf9
2019-10-19 01:04:30,208 [grpc-default-executor-4] INFO  impl.RoleInfo (RoleInfo.java:shutdownFollowerState(121)) - b26a8d60-58dc-431d-8168-f89a9ab35f3a: shutdown FollowerState
2019-10-19 01:04:30,208 [grpc-default-executor-7] INFO  impl.RoleInfo (RoleInfo.java:shutdownFollowerState(121)) - 16805c57-9f45-4377-8998-764a8f26e152: shutdown FollowerState
2019-10-19 01:04:30,209 [grpc-default-executor-4] INFO  impl.RoleInfo (RoleInfo.java:updateAndGet(143)) - b26a8d60-58dc-431d-8168-f89a9ab35f3a: start FollowerState
2019-10-19 01:04:30,209 [Thread-696] INFO  impl.FollowerState (FollowerState.java:run(117)) - 16805c57-9f45-4377-8998-764a8f26e152@group-FB3B7D7D89E3-FollowerState was interrupted: java.lang.InterruptedException: sleep interrupted
2019-10-19 01:04:30,209 [grpc-default-executor-7] INFO  impl.RoleInfo (RoleInfo.java:updateAndGet(143)) - 16805c57-9f45-4377-8998-764a8f26e152: start FollowerState
2019-10-19 01:04:30,209 [Thread-695] INFO  impl.FollowerState (FollowerState.java:run(117)) - b26a8d60-58dc-431d-8168-f89a9ab35f3a@group-FB3B7D7D89E3-FollowerState was interrupted: java.lang.InterruptedException: sleep interrupted
2019-10-19 01:04:30,214 [a54795b0-6c9c-4137-a866-f82f653c9bf9@group-FB3B7D7D89E3-LeaderElection55] INFO  impl.LeaderElection (LeaderElection.java:logAndReturn(56)) - a54795b0-6c9c-4137-a866-f82f653c9bf9@group-FB3B7D7D89E3-LeaderElection55: Election REJECTED; received 2 response(s) [a54795b0-6c9c-4137-a866-f82f653c9bf9<-b26a8d60-58dc-431d-8168-f89a9ab35f3a#0:FAIL-t25, a54795b0-6c9c-4137-a866-f82f653c9bf9<-16805c57-9f45-4377-8998-764a8f26e152#0:FAIL-t25] and 0 exception(s); a54795b0-6c9c-4137-a866-f82f653c9bf9@group-FB3B7D7D89E3:t25, leader=null, voted=a54795b0-6c9c-4137-a866-f82f653c9bf9, raftlog=a54795b0-6c9c-4137-a866-f82f653c9bf9@group-FB3B7D7D89E3-SegmentedRaftLog:OPENED:c-1,f-1,i0, conf=-1: [a54795b0-6c9c-4137-a866-f82f653c9bf9:192.168.157.213:43688, b26a8d60-58dc-431d-8168-f89a9ab35f3a:192.168.157.213:35535, 16805c57-9f45-4377-8998-764a8f26e152:192.168.157.213:33728], old=null
2019-10-19 01:04:30,214 [a54795b0-6c9c-4137-a866-f82f653c9bf9@group-FB3B7D7D89E3-LeaderElection55] INFO  impl.RaftServerImpl (RaftServerImpl.java:setRole(184)) - a54795b0-6c9c-4137-a866-f82f653c9bf9@group-FB3B7D7D89E3: changes role from CANDIDATE to FOLLOWER at term 25 for DISCOVERED_A_NEW_TERM
2019-10-19 01:04:30,214 [a54795b0-6c9c-4137-a866-f82f653c9bf9@group-FB3B7D7D89E3-LeaderElection55] INFO  impl.RoleInfo (RoleInfo.java:shutdownLeaderElection(134)) - a54795b0-6c9c-4137-a866-f82f653c9bf9: shutdown LeaderElection
2019-10-19 01:04:30,214 [a54795b0-6c9c-4137-a866-f82f653c9bf9@group-FB3B7D7D89E3-LeaderElection55] INFO  impl.RoleInfo (RoleInfo.java:updateAndGet(143)) - a54795b0-6c9c-4137-a866-f82f653c9bf9: start FollowerState
2019-10-19 01:04:30,262 [Thread-709] INFO  impl.FollowerState (FollowerState.java:run(108)) - a54795b0-6c9c-4137-a866-f82f653c9bf9@group-FB3B7D7D89E3-FollowerState: change to CANDIDATE, lastRpcTime:48ms, electionTimeout:48ms
2019-10-19 01:04:30,263 [Thread-709] INFO  impl.RoleInfo (RoleInfo.java:shutdownFollowerState(121)) - a54795b0-6c9c-4137-a866-f82f653c9bf9: shutdown FollowerState
2019-10-19 01:04:30,263 [Thread-709] INFO  impl.RaftServerImpl (RaftServerImpl.java:setRole(184)) - a54795b0-6c9c-4137-a866-f82f653c9bf9@group-FB3B7D7D89E3: changes role from  FOLLOWER to CANDIDATE at term 25 for changeToCandidate
2019-10-19 01:04:30,263 [Thread-709] INFO  impl.RoleInfo (RoleInfo.java:updateAndGet(143)) - a54795b0-6c9c-4137-a866-f82f653c9bf9: start LeaderElection
2019-10-19 01:04:30,284 [a54795b0-6c9c-4137-a866-f82f653c9bf9@group-FB3B7D7D89E3-LeaderElection56] INFO  impl.LeaderElection (LeaderElection.java:askForVotes(178)) - a54795b0-6c9c-4137-a866-f82f653c9bf9@group-FB3B7D7D89E3-LeaderElection56: begin an election at term 26 for -1: [a54795b0-6c9c-4137-a866-f82f653c9bf9:192.168.157.213:43688, b26a8d60-58dc-431d-8168-f89a9ab35f3a:192.168.157.213:35535, 16805c57-9f45-4377-8998-764a8f26e152:192.168.157.213:33728], old=null
2019-10-19 01:04:30,287 [grpc-default-executor-7] INFO  impl.RaftServerImpl (RaftServerImpl.java:setRole(184)) - b26a8d60-58dc-431d-8168-f89a9ab35f3a@group-FB3B7D7D89E3: changes role from  FOLLOWER to FOLLOWER at term 26 for recognizeCandidate:a54795b0-6c9c-4137-a866-f82f653c9bf9
2019-10-19 01:04:30,287 [grpc-default-executor-4] INFO  impl.RaftServerImpl (RaftServerImpl.java:setRole(184)) - 16805c57-9f45-4377-8998-764a8f26e152@group-FB3B7D7D89E3: changes role from  FOLLOWER to FOLLOWER at term 26 for recognizeCandidate:a54795b0-6c9c-4137-a866-f82f653c9bf9
2019-10-19 01:04:30,287 [grpc-default-executor-7] INFO  impl.RoleInfo (RoleInfo.java:shutdownFollowerState(121)) - b26a8d60-58dc-431d-8168-f89a9ab35f3a: shutdown FollowerState
2019-10-19 01:04:30,288 [grpc-default-executor-4] INFO  impl.RoleInfo (RoleInfo.java:shutdownFollowerState(121)) - 16805c57-9f45-4377-8998-764a8f26e152: shutdown FollowerState
2019-10-19 01:04:30,288 [Thread-707] INFO  impl.FollowerState (FollowerState.java:run(117)) - b26a8d60-58dc-431d-8168-f89a9ab35f3a@group-FB3B7D7D89E3-FollowerState was interrupted: java.lang.InterruptedException: sleep interrupted
2019-10-19 01:04:30,288 [grpc-default-executor-7] INFO  impl.RoleInfo (RoleInfo.java:updateAndGet(143)) - b26a8d60-58dc-431d-8168-f89a9ab35f3a: start FollowerState
2019-10-19 01:04:30,288 [Thread-708] INFO  impl.FollowerState (FollowerState.java:run(117)) - 16805c57-9f45-4377-8998-764a8f26e152@group-FB3B7D7D89E3-FollowerState was interrupted: java.lang.InterruptedException: sleep interrupted
2019-10-19 01:04:30,288 [grpc-default-executor-4] INFO  impl.RoleInfo (RoleInfo.java:updateAndGet(143)) - 16805c57-9f45-4377-8998-764a8f26e152: start FollowerState
2019-10-19 01:04:30,305 [a54795b0-6c9c-4137-a866-f82f653c9bf9@group-FB3B7D7D89E3-LeaderElection56] INFO  impl.LeaderElection (LeaderElection.java:logAndReturn(56)) - a54795b0-6c9c-4137-a866-f82f653c9bf9@group-FB3B7D7D89E3-LeaderElection56: Election REJECTED; received 2 response(s) [a54795b0-6c9c-4137-a866-f82f653c9bf9<-b26a8d60-58dc-431d-8168-f89a9ab35f3a#0:FAIL-t26, a54795b0-6c9c-4137-a866-f82f653c9bf9<-16805c57-9f45-4377-8998-764a8f26e152#0:FAIL-t26] and 0 exception(s); a54795b0-6c9c-4137-a866-f82f653c9bf9@group-FB3B7D7D89E3:t26, leader=null, voted=a54795b0-6c9c-4137-a866-f82f653c9bf9, raftlog=a54795b0-6c9c-4137-a866-f82f653c9bf9@group-FB3B7D7D89E3-SegmentedRaftLog:OPENED:c-1,f-1,i0, conf=-1: [a54795b0-6c9c-4137-a866-f82f653c9bf9:192.168.157.213:43688, b26a8d60-58dc-431d-8168-f89a9ab35f3a:192.168.157.213:35535, 16805c57-9f45-4377-8998-764a8f26e152:192.168.157.213:33728], old=null
2019-10-19 01:04:30,305 [a54795b0-6c9c-4137-a866-f82f653c9bf9@group-FB3B7D7D89E3-LeaderElection56] INFO  impl.RaftServerImpl (RaftServerImpl.java:setRole(184)) - a54795b0-6c9c-4137-a866-f82f653c9bf9@group-FB3B7D7D89E3: changes role from CANDIDATE to FOLLOWER at term 26 for DISCOVERED_A_NEW_TERM
2019-10-19 01:04:30,305 [a54795b0-6c9c-4137-a866-f82f653c9bf9@group-FB3B7D7D89E3-LeaderElection56] INFO  impl.RoleInfo (RoleInfo.java:shutdownLeaderElection(134)) - a54795b0-6c9c-4137-a866-f82f653c9bf9: shutdown LeaderElection
2019-10-19 01:04:30,305 [a54795b0-6c9c-4137-a866-f82f653c9bf9@group-FB3B7D7D89E3-LeaderElection56] INFO  impl.RoleInfo (RoleInfo.java:updateAndGet(143)) - a54795b0-6c9c-4137-a866-f82f653c9bf9: start FollowerState
2019-10-19 01:04:30,364 [Thread-703] INFO  impl.FollowerState (FollowerState.java:run(108)) - a1c78c0e-869c-4f76-b4ce-2034448e0b80@group-D48B69A44692-FollowerState: change to CANDIDATE, lastRpcTime:176ms, electionTimeout:176ms
2019-10-19 01:04:30,364 [Thread-703] INFO  impl.RoleInfo (RoleInfo.java:shutdownFollowerState(121)) - a1c78c0e-869c-4f76-b4ce-2034448e0b80: shutdown FollowerState
2019-10-19 01:04:30,364 [Thread-703] INFO  impl.RaftServerImpl (RaftServerImpl.java:setRole(184)) - a1c78c0e-869c-4f76-b4ce-2034448e0b80@group-D48B69A44692: changes role from  FOLLOWER to CANDIDATE at term 26 for changeToCandidate
2019-10-19 01:04:30,364 [Thread-703] INFO  impl.RoleInfo (RoleInfo.java:updateAndGet(143)) - a1c78c0e-869c-4f76-b4ce-2034448e0b80: start LeaderElection
2019-10-19 01:04:30,390 [a1c78c0e-869c-4f76-b4ce-2034448e0b80@group-D48B69A44692-LeaderElection57] INFO  impl.LeaderElection (LeaderElection.java:askForVotes(178)) - a1c78c0e-869c-4f76-b4ce-2034448e0b80@group-D48B69A44692-LeaderElection57: begin an election at term 27 for -1: [51276c3c-a3b8-4274-b089-592ff4589f41:192.168.157.213:36639, 64c90977-e867-487c-b50d-c226f2d34a76:192.168.157.213:37433, a1c78c0e-869c-4f76-b4ce-2034448e0b80:192.168.157.213:33501], old=null
2019-10-19 01:04:30,391 [Thread-715] INFO  impl.FollowerState (FollowerState.java:run(108)) - a54795b0-6c9c-4137-a866-f82f653c9bf9@group-FB3B7D7D89E3-FollowerState: change to CANDIDATE, lastRpcTime:85ms, electionTimeout:85ms
2019-10-19 01:04:30,391 [Thread-715] INFO  impl.RoleInfo (RoleInfo.java:shutdownFollowerState(121)) - a54795b0-6c9c-4137-a866-f82f653c9bf9: shutdown FollowerState
2019-10-19 01:04:30,391 [Thread-715] INFO  impl.RaftServerImpl (RaftServerImpl.java:setRole(184)) - a54795b0-6c9c-4137-a866-f82f653c9bf9@group-FB3B7D7D89E3: changes role from  FOLLOWER to CANDIDATE at term 26 for changeToCandidate
2019-10-19 01:04:30,391 [Thread-715] INFO  impl.RoleInfo (RoleInfo.java:updateAndGet(143)) - a54795b0-6c9c-4137-a866-f82f653c9bf9: start LeaderElection
2019-10-19 01:04:30,392 [grpc-default-executor-7] INFO  impl.RaftServerImpl (RaftServerImpl.java:setRole(184)) - 64c90977-e867-487c-b50d-c226f2d34a76@group-D48B69A44692: changes role from  FOLLOWER to FOLLOWER at term 27 for recognizeCandidate:a1c78c0e-869c-4f76-b4ce-2034448e0b80
2019-10-19 01:04:30,393 [grpc-default-executor-7] INFO  impl.RoleInfo (RoleInfo.java:shutdownFollowerState(121)) - 64c90977-e867-487c-b50d-c226f2d34a76: shutdown FollowerState
2019-10-19 01:04:30,393 [grpc-default-executor-7] INFO  impl.RoleInfo (RoleInfo.java:updateAndGet(143)) - 64c90977-e867-487c-b50d-c226f2d34a76: start FollowerState
2019-10-19 01:04:30,393 [Thread-701] INFO  impl.FollowerState (FollowerState.java:run(117)) - 64c90977-e867-487c-b50d-c226f2d34a76@group-D48B69A44692-FollowerState was interrupted: java.lang.InterruptedException: sleep interrupted
2019-10-19 01:04:30,393 [grpc-default-executor-4] INFO  impl.RaftServerImpl (RaftServerImpl.java:setRole(184)) - 51276c3c-a3b8-4274-b089-592ff4589f41@group-D48B69A44692: changes role from  FOLLOWER to FOLLOWER at term 27 for recognizeCandidate:a1c78c0e-869c-4f76-b4ce-2034448e0b80
2019-10-19 01:04:30,393 [grpc-default-executor-4] INFO  impl.RoleInfo (RoleInfo.java:shutdownFollowerState(121)) - 51276c3c-a3b8-4274-b089-592ff4589f41: shutdown FollowerState
2019-10-19 01:04:30,393 [grpc-default-executor-4] INFO  impl.RoleInfo (RoleInfo.java:updateAndGet(143)) - 51276c3c-a3b8-4274-b089-592ff4589f41: start FollowerState
2019-10-19 01:04:30,393 [Thread-702] INFO  impl.FollowerState (FollowerState.java:run(117)) - 51276c3c-a3b8-4274-b089-592ff4589f41@group-D48B69A44692-FollowerState was interrupted: java.lang.InterruptedException: sleep interrupted
2019-10-19 01:04:30,405 [a54795b0-6c9c-4137-a866-f82f653c9bf9@group-FB3B7D7D89E3-LeaderElection58] INFO  impl.LeaderElection (LeaderElection.java:askForVotes(178)) - a54795b0-6c9c-4137-a866-f82f653c9bf9@group-FB3B7D7D89E3-LeaderElection58: begin an election at term 27 for -1: [a54795b0-6c9c-4137-a866-f82f653c9bf9:192.168.157.213:43688, b26a8d60-58dc-431d-8168-f89a9ab35f3a:192.168.157.213:35535, 16805c57-9f45-4377-8998-764a8f26e152:192.168.157.213:33728], old=null
2019-10-19 01:04:30,407 [a1c78c0e-869c-4f76-b4ce-2034448e0b80@group-D48B69A44692-LeaderElection57] INFO  impl.LeaderElection (LeaderElection.java:logAndReturn(56)) - a1c78c0e-869c-4f76-b4ce-2034448e0b80@group-D48B69A44692-LeaderElection57: Election REJECTED; received 2 response(s) [a1c78c0e-869c-4f76-b4ce-2034448e0b80<-51276c3c-a3b8-4274-b089-592ff4589f41#0:FAIL-t27, a1c78c0e-869c-4f76-b4ce-2034448e0b80<-64c90977-e867-487c-b50d-c226f2d34a76#0:FAIL-t27] and 0 exception(s); a1c78c0e-869c-4f76-b4ce-2034448e0b80@group-D48B69A44692:t27, leader=null, voted=a1c78c0e-869c-4f76-b4ce-2034448e0b80, raftlog=a1c78c0e-869c-4f76-b4ce-2034448e0b80@group-D48B69A44692-SegmentedRaftLog:OPENED:c-1,f-1,i0, conf=-1: [51276c3c-a3b8-4274-b089-592ff4589f41:192.168.157.213:36639, 64c90977-e867-487c-b50d-c226f2d34a76:192.168.157.213:37433, a1c78c0e-869c-4f76-b4ce-2034448e0b80:192.168.157.213:33501], old=null
2019-10-19 01:04:30,407 [a1c78c0e-869c-4f76-b4ce-2034448e0b80@group-D48B69A44692-LeaderElection57] INFO  impl.RaftServerImpl (RaftServerImpl.java:setRole(184)) - a1c78c0e-869c-4f76-b4ce-2034448e0b80@group-D48B69A44692: changes role from CANDIDATE to FOLLOWER at term 27 for DISCOVERED_A_NEW_TERM
2019-10-19 01:04:30,407 [a1c78c0e-869c-4f76-b4ce-2034448e0b80@group-D48B69A44692-LeaderElection57] INFO  impl.RoleInfo (RoleInfo.java:shutdownLeaderElection(134)) - a1c78c0e-869c-4f76-b4ce-2034448e0b80: shutdown LeaderElection
2019-10-19 01:04:30,407 [a1c78c0e-869c-4f76-b4ce-2034448e0b80@group-D48B69A44692-LeaderElection57] INFO  impl.RoleInfo (RoleInfo.java:updateAndGet(143)) - a1c78c0e-869c-4f76-b4ce-2034448e0b80: start FollowerState
2019-10-19 01:04:30,408 [grpc-default-executor-4] INFO  impl.RaftServerImpl (RaftServerImpl.java:setRole(184)) - 16805c57-9f45-4377-8998-764a8f26e152@group-FB3B7D7D89E3: changes role from  FOLLOWER to FOLLOWER at term 27 for recognizeCandidate:a54795b0-6c9c-4137-a866-f82f653c9bf9
2019-10-19 01:04:30,408 [grpc-default-executor-4] INFO  impl.RoleInfo (RoleInfo.java:shutdownFollowerState(121)) - 16805c57-9f45-4377-8998-764a8f26e152: shutdown FollowerState
2019-10-19 01:04:30,408 [grpc-default-executor-7] INFO  impl.RaftServerImpl (RaftServerImpl.java:setRole(184)) - b26a8d60-58dc-431d-8168-f89a9ab35f3a@group-FB3B7D7D89E3: changes role from  FOLLOWER to FOLLOWER at term 27 for recognizeCandidate:a54795b0-6c9c-4137-a866-f82f653c9bf9
2019-10-19 01:04:30,408 [grpc-default-executor-4] INFO  impl.RoleInfo (RoleInfo.java:updateAndGet(143)) - 16805c57-9f45-4377-8998-764a8f26e152: start FollowerState
2019-10-19 01:04:30,408 [Thread-714] INFO  impl.FollowerState (FollowerState.java:run(117)) - 16805c57-9f45-4377-8998-764a8f26e152@group-FB3B7D7D89E3-FollowerState was interrupted: java.lang.InterruptedException: sleep interrupted
2019-10-19 01:04:30,408 [grpc-default-executor-7] INFO  impl.RoleInfo (RoleInfo.java:shutdownFollowerState(121)) - b26a8d60-58dc-431d-8168-f89a9ab35f3a: shutdown FollowerState
2019-10-19 01:04:30,408 [grpc-default-executor-7] INFO  impl.RoleInfo (RoleInfo.java:updateAndGet(143)) - b26a8d60-58dc-431d-8168-f89a9ab35f3a: start FollowerState
2019-10-19 01:04:30,409 [Thread-713] INFO  impl.FollowerState (FollowerState.java:run(117)) - b26a8d60-58dc-431d-8168-f89a9ab35f3a@group-FB3B7D7D89E3-FollowerState was interrupted: java.lang.InterruptedException: sleep interrupted
2019-10-19 01:04:30,435 [a54795b0-6c9c-4137-a866-f82f653c9bf9@group-FB3B7D7D89E3-LeaderElection58] INFO  impl.LeaderElection (LeaderElection.java:logAndReturn(56)) - a54795b0-6c9c-4137-a866-f82f653c9bf9@group-FB3B7D7D89E3-LeaderElection58: Election REJECTED; received 2 response(s) [a54795b0-6c9c-4137-a866-f82f653c9bf9<-b26a8d60-58dc-431d-8168-f89a9ab35f3a#0:FAIL-t27, a54795b0-6c9c-4137-a866-f82f653c9bf9<-16805c57-9f45-4377-8998-764a8f26e152#0:FAIL-t27] and 0 exception(s); a54795b0-6c9c-4137-a866-f82f653c9bf9@group-FB3B7D7D89E3:t27, leader=null, voted=a54795b0-6c9c-4137-a866-f82f653c9bf9, raftlog=a54795b0-6c9c-4137-a866-f82f653c9bf9@group-FB3B7D7D89E3-SegmentedRaftLog:OPENED:c-1,f-1,i0, conf=-1: [a54795b0-6c9c-4137-a866-f82f653c9bf9:192.168.157.213:43688, b26a8d60-58dc-431d-8168-f89a9ab35f3a:192.168.157.213:35535, 16805c57-9f45-4377-8998-764a8f26e152:192.168.157.213:33728], old=null
2019-10-19 01:04:30,435 [a54795b0-6c9c-4137-a866-f82f653c9bf9@group-FB3B7D7D89E3-LeaderElection58] INFO  impl.RaftServerImpl (RaftServerImpl.java:setRole(184)) - a54795b0-6c9c-4137-a866-f82f653c9bf9@group-FB3B7D7D89E3: changes role from CANDIDATE to FOLLOWER at term 27 for DISCOVERED_A_NEW_TERM
2019-10-19 01:04:30,435 [a54795b0-6c9c-4137-a866-f82f653c9bf9@group-FB3B7D7D89E3-LeaderElection58] INFO  impl.RoleInfo (RoleInfo.java:shutdownLeaderElection(134)) - a54795b0-6c9c-4137-a866-f82f653c9bf9: shutdown LeaderElection
2019-10-19 01:04:30,435 [a54795b0-6c9c-4137-a866-f82f653c9bf9@group-FB3B7D7D89E3-LeaderElection58] INFO  impl.RoleInfo (RoleInfo.java:updateAndGet(143)) - a54795b0-6c9c-4137-a866-f82f653c9bf9: start FollowerState
2019-10-19 01:04:30,472 [Thread-729] INFO  impl.FollowerState (FollowerState.java:run(108)) - a54795b0-6c9c-4137-a866-f82f653c9bf9@group-FB3B7D7D89E3-FollowerState: change to CANDIDATE, lastRpcTime:36ms, electionTimeout:36ms
2019-10-19 01:04:30,472 [Thread-729] INFO  impl.RoleInfo (RoleInfo.java:shutdownFollowerState(121)) - a54795b0-6c9c-4137-a866-f82f653c9bf9: shutdown FollowerState
2019-10-19 01:04:30,472 [Thread-729] INFO  impl.RaftServerImpl (RaftServerImpl.java:setRole(184)) - a54795b0-6c9c-4137-a866-f82f653c9bf9@group-FB3B7D7D89E3: changes role from  FOLLOWER to CANDIDATE at term 27 for changeToCandidate
2019-10-19 01:04:30,472 [Thread-729] INFO  impl.RoleInfo (RoleInfo.java:updateAndGet(143)) - a54795b0-6c9c-4137-a866-f82f653c9bf9: start LeaderElection
2019-10-19 01:04:30,485 [a54795b0-6c9c-4137-a866-f82f653c9bf9@group-FB3B7D7D89E3-LeaderElection59] INFO  impl.LeaderElection (LeaderElection.java:askForVotes(178)) - a54795b0-6c9c-4137-a866-f82f653c9bf9@group-FB3B7D7D89E3-LeaderElection59: begin an election at term 28 for -1: [a54795b0-6c9c-4137-a866-f82f653c9bf9:192.168.157.213:43688, b26a8d60-58dc-431d-8168-f89a9ab35f3a:192.168.157.213:35535, 16805c57-9f45-4377-8998-764a8f26e152:192.168.157.213:33728], old=null
2019-10-19 01:04:30,490 [grpc-default-executor-4] INFO  impl.RaftServerImpl (RaftServerImpl.java:setRole(184)) - b26a8d60-58dc-431d-8168-f89a9ab35f3a@group-FB3B7D7D89E3: changes role from  FOLLOWER to FOLLOWER at term 28 for recognizeCandidate:a54795b0-6c9c-4137-a866-f82f653c9bf9
2019-10-19 01:04:30,490 [grpc-default-executor-4] INFO  impl.RoleInfo (RoleInfo.java:shutdownFollowerState(121)) - b26a8d60-58dc-431d-8168-f89a9ab35f3a: shutdown FollowerState
2019-10-19 01:04:30,490 [grpc-default-executor-7] INFO  impl.RaftServerImpl (RaftServerImpl.java:setRole(184)) - 16805c57-9f45-4377-8998-764a8f26e152@group-FB3B7D7D89E3: changes role from  FOLLOWER to FOLLOWER at term 28 for recognizeCandidate:a54795b0-6c9c-4137-a866-f82f653c9bf9
2019-10-19 01:04:30,490 [Thread-728] INFO  impl.FollowerState (FollowerState.java:run(117)) - b26a8d60-58dc-431d-8168-f89a9ab35f3a@group-FB3B7D7D89E3-FollowerState was interrupted: java.lang.InterruptedException: sleep interrupted
2019-10-19 01:04:30,490 [grpc-default-executor-4] INFO  impl.RoleInfo (RoleInfo.java:updateAndGet(143)) - b26a8d60-58dc-431d-8168-f89a9ab35f3a: start FollowerState
2019-10-19 01:04:30,490 [grpc-default-executor-7] INFO  impl.RoleInfo (RoleInfo.java:shutdownFollowerState(121)) - 16805c57-9f45-4377-8998-764a8f26e152: shutdown FollowerState
2019-10-19 01:04:30,491 [grpc-default-executor-7] INFO  impl.RoleInfo (RoleInfo.java:updateAndGet(143)) - 16805c57-9f45-4377-8998-764a8f26e152: start FollowerState
2019-10-19 01:04:30,491 [Thread-727] INFO  impl.FollowerState (FollowerState.java:run(117)) - 16805c57-9f45-4377-8998-764a8f26e152@group-FB3B7D7D89E3-FollowerState was interrupted: java.lang.InterruptedException: sleep interrupted
2019-10-19 01:04:30,507 [a54795b0-6c9c-4137-a866-f82f653c9bf9@group-FB3B7D7D89E3-LeaderElection59] INFO  impl.LeaderElection (LeaderElection.java:logAndReturn(56)) - a54795b0-6c9c-4137-a866-f82f653c9bf9@group-FB3B7D7D89E3-LeaderElection59: Election REJECTED; received 2 response(s) [a54795b0-6c9c-4137-a866-f82f653c9bf9<-b26a8d60-58dc-431d-8168-f89a9ab35f3a#0:FAIL-t28, a54795b0-6c9c-4137-a866-f82f653c9bf9<-16805c57-9f45-4377-8998-764a8f26e152#0:FAIL-t28] and 0 exception(s); a54795b0-6c9c-4137-a866-f82f653c9bf9@group-FB3B7D7D89E3:t28, leader=null, voted=a54795b0-6c9c-4137-a866-f82f653c9bf9, raftlog=a54795b0-6c9c-4137-a866-f82f653c9bf9@group-FB3B7D7D89E3-SegmentedRaftLog:OPENED:c-1,f-1,i0, conf=-1: [a54795b0-6c9c-4137-a866-f82f653c9bf9:192.168.157.213:43688, b26a8d60-58dc-431d-8168-f89a9ab35f3a:192.168.157.213:35535, 16805c57-9f45-4377-8998-764a8f26e152:192.168.157.213:33728], old=null
2019-10-19 01:04:30,507 [a54795b0-6c9c-4137-a866-f82f653c9bf9@group-FB3B7D7D89E3-LeaderElection59] INFO  impl.RaftServerImpl (RaftServerImpl.java:setRole(184)) - a54795b0-6c9c-4137-a866-f82f653c9bf9@group-FB3B7D7D89E3: changes role from CANDIDATE to FOLLOWER at term 28 for DISCOVERED_A_NEW_TERM
2019-10-19 01:04:30,507 [a54795b0-6c9c-4137-a866-f82f653c9bf9@group-FB3B7D7D89E3-LeaderElection59] INFO  impl.RoleInfo (RoleInfo.java:shutdownLeaderElection(134)) - a54795b0-6c9c-4137-a866-f82f653c9bf9: shutdown LeaderElection
2019-10-19 01:04:30,507 [a54795b0-6c9c-4137-a866-f82f653c9bf9@group-FB3B7D7D89E3-LeaderElection59] INFO  impl.RoleInfo (RoleInfo.java:updateAndGet(143)) - a54795b0-6c9c-4137-a866-f82f653c9bf9: start FollowerState
2019-10-19 01:04:30,593 [Thread-726] INFO  impl.FollowerState (FollowerState.java:run(108)) - a1c78c0e-869c-4f76-b4ce-2034448e0b80@group-D48B69A44692-FollowerState: change to CANDIDATE, lastRpcTime:185ms, electionTimeout:185ms
2019-10-19 01:04:30,593 [Thread-726] INFO  impl.RoleInfo (RoleInfo.java:shutdownFollowerState(121)) - a1c78c0e-869c-4f76-b4ce-2034448e0b80: shutdown FollowerState
2019-10-19 01:04:30,593 [Thread-726] INFO  impl.RaftServerImpl (RaftServerImpl.java:setRole(184)) - a1c78c0e-869c-4f76-b4ce-2034448e0b80@group-D48B69A44692: changes role from  FOLLOWER to CANDIDATE at term 27 for changeToCandidate
2019-10-19 01:04:30,593 [Thread-726] INFO  impl.RoleInfo (RoleInfo.java:updateAndGet(143)) - a1c78c0e-869c-4f76-b4ce-2034448e0b80: start LeaderElection
2019-10-19 01:04:30,621 [Thread-735] INFO  impl.FollowerState (FollowerState.java:run(108)) - a54795b0-6c9c-4137-a866-f82f653c9bf9@group-FB3B7D7D89E3-FollowerState: change to CANDIDATE, lastRpcTime:113ms, electionTimeout:113ms
2019-10-19 01:04:30,621 [Thread-735] INFO  impl.RoleInfo (RoleInfo.java:shutdownFollowerState(121)) - a54795b0-6c9c-4137-a866-f82f653c9bf9: shutdown FollowerState
2019-10-19 01:04:30,621 [Thread-735] INFO  impl.RaftServerImpl (RaftServerImpl.java:setRole(184)) - a54795b0-6c9c-4137-a866-f82f653c9bf9@group-FB3B7D7D89E3: changes role from  FOLLOWER to CANDIDATE at term 28 for changeToCandidate
2019-10-19 01:04:30,621 [Thread-735] INFO  impl.RoleInfo (RoleInfo.java:updateAndGet(143)) - a54795b0-6c9c-4137-a866-f82f653c9bf9: start LeaderElection
2019-10-19 01:04:30,629 [a1c78c0e-869c-4f76-b4ce-2034448e0b80@group-D48B69A44692-LeaderElection60] INFO  impl.LeaderElection (LeaderElection.java:askForVotes(178)) - a1c78c0e-869c-4f76-b4ce-2034448e0b80@group-D48B69A44692-LeaderElection60: begin an election at term 28 for -1: [51276c3c-a3b8-4274-b089-592ff4589f41:192.168.157.213:36639, 64c90977-e867-487c-b50d-c226f2d34a76:192.168.157.213:37433, a1c78c0e-869c-4f76-b4ce-2034448e0b80:192.168.157.213:33501], old=null
2019-10-19 01:04:30,632 [grpc-default-executor-4] INFO  impl.RaftServerImpl (RaftServerImpl.java:setRole(184)) - 64c90977-e867-487c-b50d-c226f2d34a76@group-D48B69A44692: changes role from  FOLLOWER to FOLLOWER at term 28 for recognizeCandidate:a1c78c0e-869c-4f76-b4ce-2034448e0b80
2019-10-19 01:04:30,632 [grpc-default-executor-7] INFO  impl.RaftServerImpl (RaftServerImpl.java:setRole(184)) - 51276c3c-a3b8-4274-b089-592ff4589f41@group-D48B69A44692: changes role from  FOLLOWER to FOLLOWER at term 28 for recognizeCandidate:a1c78c0e-869c-4f76-b4ce-2034448e0b80
2019-10-19 01:04:30,632 [grpc-default-executor-4] INFO  impl.RoleInfo (RoleInfo.java:shutdownFollowerState(121)) - 64c90977-e867-487c-b50d-c226f2d34a76: shutdown FollowerState
2019-10-19 01:04:30,632 [grpc-default-executor-7] INFO  impl.RoleInfo (RoleInfo.java:shutdownFollowerState(121)) - 51276c3c-a3b8-4274-b089-592ff4589f41: shutdown FollowerState
2019-10-19 01:04:30,633 [Thread-722] INFO  impl.FollowerState (FollowerState.java:run(117)) - 64c90977-e867-487c-b50d-c226f2d34a76@group-D48B69A44692-FollowerState was interrupted: java.lang.InterruptedException: sleep interrupted
2019-10-19 01:04:30,633 [a54795b0-6c9c-4137-a866-f82f653c9bf9@group-FB3B7D7D89E3-LeaderElection61] INFO  impl.LeaderElection (LeaderElection.java:askForVotes(178)) - a54795b0-6c9c-4137-a866-f82f653c9bf9@group-FB3B7D7D89E3-LeaderElection61: begin an election at term 29 for -1: [a54795b0-6c9c-4137-a866-f82f653c9bf9:192.168.157.213:43688, b26a8d60-58dc-431d-8168-f89a9ab35f3a:192.168.157.213:35535, 16805c57-9f45-4377-8998-764a8f26e152:192.168.157.213:33728], old=null
2019-10-19 01:04:30,632 [grpc-default-executor-4] INFO  impl.RoleInfo (RoleInfo.java:updateAndGet(143)) - 64c90977-e867-487c-b50d-c226f2d34a76: start FollowerState
2019-10-19 01:04:30,633 [Thread-723] INFO  impl.FollowerState (FollowerState.java:run(117)) - 51276c3c-a3b8-4274-b089-592ff4589f41@group-D48B69A44692-FollowerState was interrupted: java.lang.InterruptedException: sleep interrupted
2019-10-19 01:04:30,633 [grpc-default-executor-7] INFO  impl.RoleInfo (RoleInfo.java:updateAndGet(143)) - 51276c3c-a3b8-4274-b089-592ff4589f41: start FollowerState
2019-10-19 01:04:30,635 [grpc-default-executor-6] INFO  impl.RaftServerImpl (RaftServerImpl.java:setRole(184)) - b26a8d60-58dc-431d-8168-f89a9ab35f3a@group-FB3B7D7D89E3: changes role from  FOLLOWER to FOLLOWER at term 29 for recognizeCandidate:a54795b0-6c9c-4137-a866-f82f653c9bf9
2019-10-19 01:04:30,635 [grpc-default-executor-6] INFO  impl.RoleInfo (RoleInfo.java:shutdownFollowerState(121)) - b26a8d60-58dc-431d-8168-f89a9ab35f3a: shutdown FollowerState
2019-10-19 01:04:30,636 [grpc-default-executor-6] INFO  impl.RoleInfo (RoleInfo.java:updateAndGet(143)) - b26a8d60-58dc-431d-8168-f89a9ab35f3a: start FollowerState
2019-10-19 01:04:30,636 [grpc-default-executor-5] INFO  impl.RaftServerImpl (RaftServerImpl.java:setRole(184)) - 16805c57-9f45-4377-8998-764a8f26e152@group-FB3B7D7D89E3: changes role from  FOLLOWER to FOLLOWER at term 29 for recognizeCandidate:a54795b0-6c9c-4137-a866-f82f653c9bf9
2019-10-19 01:04:30,636 [Thread-733] INFO  impl.FollowerState (FollowerState.java:run(117)) - b26a8d60-58dc-431d-8168-f89a9ab35f3a@group-FB3B7D7D89E3-FollowerState was interrupted: java.lang.InterruptedException: sleep interrupted
2019-10-19 01:04:30,636 [grpc-default-executor-5] INFO  impl.RoleInfo (RoleInfo.java:shutdownFollowerState(121)) - 16805c57-9f45-4377-8998-764a8f26e152: shutdown FollowerState
2019-10-19 01:04:30,636 [grpc-default-executor-5] INFO  impl.RoleInfo (RoleInfo.java:updateAndGet(143)) - 16805c57-9f45-4377-8998-764a8f26e152: start FollowerState
2019-10-19 01:04:30,636 [Thread-734] INFO  impl.FollowerState (FollowerState.java:run(117)) - 16805c57-9f45-4377-8998-764a8f26e152@group-FB3B7D7D89E3-FollowerState was interrupted: java.lang.InterruptedException: sleep interrupted
2019-10-19 01:04:30,648 [a1c78c0e-869c-4f76-b4ce-2034448e0b80@group-D48B69A44692-LeaderElection60] INFO  impl.LeaderElection (LeaderElection.java:logAndReturn(56)) - a1c78c0e-869c-4f76-b4ce-2034448e0b80@group-D48B69A44692-LeaderElection60: Election REJECTED; received 2 response(s) [a1c78c0e-869c-4f76-b4ce-2034448e0b80<-51276c3c-a3b8-4274-b089-592ff4589f41#0:FAIL-t28, a1c78c0e-869c-4f76-b4ce-2034448e0b80<-64c90977-e867-487c-b50d-c226f2d34a76#0:FAIL-t28] and 0 exception(s); a1c78c0e-869c-4f76-b4ce-2034448e0b80@group-D48B69A44692:t28, leader=null, voted=a1c78c0e-869c-4f76-b4ce-2034448e0b80, raftlog=a1c78c0e-869c-4f76-b4ce-2034448e0b80@group-D48B69A44692-SegmentedRaftLog:OPENED:c-1,f-1,i0, conf=-1: [51276c3c-a3b8-4274-b089-592ff4589f41:192.168.157.213:36639, 64c90977-e867-487c-b50d-c226f2d34a76:192.168.157.213:37433, a1c78c0e-869c-4f76-b4ce-2034448e0b80:192.168.157.213:33501], old=null
2019-10-19 01:04:30,649 [a1c78c0e-869c-4f76-b4ce-2034448e0b80@group-D48B69A44692-LeaderElection60] INFO  impl.RaftServerImpl (RaftServerImpl.java:setRole(184)) - a1c78c0e-869c-4f76-b4ce-2034448e0b80@group-D48B69A44692: changes role from CANDIDATE to FOLLOWER at term 28 for DISCOVERED_A_NEW_TERM
2019-10-19 01:04:30,649 [a1c78c0e-869c-4f76-b4ce-2034448e0b80@group-D48B69A44692-LeaderElection60] INFO  impl.RoleInfo (RoleInfo.java:shutdownLeaderElection(134)) - a1c78c0e-869c-4f76-b4ce-2034448e0b80: shutdown LeaderElection
2019-10-19 01:04:30,649 [a1c78c0e-869c-4f76-b4ce-2034448e0b80@group-D48B69A44692-LeaderElection60] INFO  impl.RoleInfo (RoleInfo.java:updateAndGet(143)) - a1c78c0e-869c-4f76-b4ce-2034448e0b80: start FollowerState
2019-10-19 01:04:30,650 [a54795b0-6c9c-4137-a866-f82f653c9bf9@group-FB3B7D7D89E3-LeaderElection61] INFO  impl.LeaderElection (LeaderElection.java:logAndReturn(56)) - a54795b0-6c9c-4137-a866-f82f653c9bf9@group-FB3B7D7D89E3-LeaderElection61: Election REJECTED; received 2 response(s) [a54795b0-6c9c-4137-a866-f82f653c9bf9<-b26a8d60-58dc-431d-8168-f89a9ab35f3a#0:FAIL-t29, a54795b0-6c9c-4137-a866-f82f653c9bf9<-16805c57-9f45-4377-8998-764a8f26e152#0:FAIL-t29] and 0 exception(s); a54795b0-6c9c-4137-a866-f82f653c9bf9@group-FB3B7D7D89E3:t29, leader=null, voted=a54795b0-6c9c-4137-a866-f82f653c9bf9, raftlog=a54795b0-6c9c-4137-a866-f82f653c9bf9@group-FB3B7D7D89E3-SegmentedRaftLog:OPENED:c-1,f-1,i0, conf=-1: [a54795b0-6c9c-4137-a866-f82f653c9bf9:192.168.157.213:43688, b26a8d60-58dc-431d-8168-f89a9ab35f3a:192.168.157.213:35535, 16805c57-9f45-4377-8998-764a8f26e152:192.168.157.213:33728], old=null
2019-10-19 01:04:30,650 [a54795b0-6c9c-4137-a866-f82f653c9bf9@group-FB3B7D7D89E3-LeaderElection61] INFO  impl.RaftServerImpl (RaftServerImpl.java:setRole(184)) - a54795b0-6c9c-4137-a866-f82f653c9bf9@group-FB3B7D7D89E3: changes role from CANDIDATE to FOLLOWER at term 29 for DISCOVERED_A_NEW_TERM
2019-10-19 01:04:30,650 [a54795b0-6c9c-4137-a866-f82f653c9bf9@group-FB3B7D7D89E3-LeaderElection61] INFO  impl.RoleInfo (RoleInfo.java:shutdownLeaderElection(134)) - a54795b0-6c9c-4137-a866-f82f653c9bf9: shutdown LeaderElection
2019-10-19 01:04:30,651 [a54795b0-6c9c-4137-a866-f82f653c9bf9@group-FB3B7D7D89E3-LeaderElection61] INFO  impl.RoleInfo (RoleInfo.java:updateAndGet(143)) - a54795b0-6c9c-4137-a866-f82f653c9bf9: start FollowerState
2019-10-19 01:04:30,801 [Thread-746] INFO  impl.FollowerState (FollowerState.java:run(108)) - a1c78c0e-869c-4f76-b4ce-2034448e0b80@group-D48B69A44692-FollowerState: change to CANDIDATE, lastRpcTime:152ms, electionTimeout:152ms
2019-10-19 01:04:30,802 [Thread-746] INFO  impl.RoleInfo (RoleInfo.java:shutdownFollowerState(121)) - a1c78c0e-869c-4f76-b4ce-2034448e0b80: shutdown FollowerState
2019-10-19 01:04:30,802 [Thread-746] INFO  impl.RaftServerImpl (RaftServerImpl.java:setRole(184)) - a1c78c0e-869c-4f76-b4ce-2034448e0b80@group-D48B69A44692: changes role from  FOLLOWER to CANDIDATE at term 28 for changeToCandidate
2019-10-19 01:04:30,802 [Thread-746] INFO  impl.RoleInfo (RoleInfo.java:updateAndGet(143)) - a1c78c0e-869c-4f76-b4ce-2034448e0b80: start LeaderElection
2019-10-19 01:04:30,820 [a1c78c0e-869c-4f76-b4ce-2034448e0b80@group-D48B69A44692-LeaderElection62] INFO  impl.LeaderElection (LeaderElection.java:askForVotes(178)) - a1c78c0e-869c-4f76-b4ce-2034448e0b80@group-D48B69A44692-LeaderElection62: begin an election at term 29 for -1: [51276c3c-a3b8-4274-b089-592ff4589f41:192.168.157.213:36639, 64c90977-e867-487c-b50d-c226f2d34a76:192.168.157.213:37433, a1c78c0e-869c-4f76-b4ce-2034448e0b80:192.168.157.213:33501], old=null
2019-10-19 01:04:30,822 [Thread-747] INFO  impl.FollowerState (FollowerState.java:run(108)) - a54795b0-6c9c-4137-a866-f82f653c9bf9@group-FB3B7D7D89E3-FollowerState: change to CANDIDATE, lastRpcTime:171ms, electionTimeout:171ms
2019-10-19 01:04:30,822 [Thread-747] INFO  impl.RoleInfo (RoleInfo.java:shutdownFollowerState(121)) - a54795b0-6c9c-4137-a866-f82f653c9bf9: shutdown FollowerState
2019-10-19 01:04:30,822 [Thread-747] INFO  impl.RaftServerImpl (RaftServerImpl.java:setRole(184)) - a54795b0-6c9c-4137-a866-f82f653c9bf9@group-FB3B7D7D89E3: changes role from  FOLLOWER to CANDIDATE at term 29 for changeToCandidate
2019-10-19 01:04:30,822 [Thread-747] INFO  impl.RoleInfo (RoleInfo.java:updateAndGet(143)) - a54795b0-6c9c-4137-a866-f82f653c9bf9: start LeaderElection
2019-10-19 01:04:30,824 [grpc-default-executor-6] INFO  impl.RaftServerImpl (RaftServerImpl.java:setRole(184)) - 64c90977-e867-487c-b50d-c226f2d34a76@group-D48B69A44692: changes role from  FOLLOWER to FOLLOWER at term 29 for recognizeCandidate:a1c78c0e-869c-4f76-b4ce-2034448e0b80
2019-10-19 01:04:30,824 [grpc-default-executor-5] INFO  impl.RaftServerImpl (RaftServerImpl.java:setRole(184)) - 51276c3c-a3b8-4274-b089-592ff4589f41@group-D48B69A44692: changes role from  FOLLOWER to FOLLOWER at term 29 for recognizeCandidate:a1c78c0e-869c-4f76-b4ce-2034448e0b80
2019-10-19 01:04:30,824 [grpc-default-executor-6] INFO  impl.RoleInfo (RoleInfo.java:shutdownFollowerState(121)) - 64c90977-e867-487c-b50d-c226f2d34a76: shutdown FollowerState
2019-10-19 01:04:30,824 [grpc-default-executor-5] INFO  impl.RoleInfo (RoleInfo.java:shutdownFollowerState(121)) - 51276c3c-a3b8-4274-b089-592ff4589f41: shutdown FollowerState
2019-10-19 01:04:30,824 [Thread-740] INFO  impl.FollowerState (FollowerState.java:run(117)) - 64c90977-e867-487c-b50d-c226f2d34a76@group-D48B69A44692-FollowerState was interrupted: java.lang.InterruptedException: sleep interrupted
2019-10-19 01:04:30,824 [grpc-default-executor-6] INFO  impl.RoleInfo (RoleInfo.java:updateAndGet(143)) - 64c90977-e867-487c-b50d-c226f2d34a76: start FollowerState
2019-10-19 01:04:30,824 [grpc-default-executor-5] INFO  impl.RoleInfo (RoleInfo.java:updateAndGet(143)) - 51276c3c-a3b8-4274-b089-592ff4589f41: start FollowerState
2019-10-19 01:04:30,824 [Thread-741] INFO  impl.FollowerState (FollowerState.java:run(117)) - 51276c3c-a3b8-4274-b089-592ff4589f41@group-D48B69A44692-FollowerState was interrupted: java.lang.InterruptedException: sleep interrupted
2019-10-19 01:04:30,832 [a54795b0-6c9c-4137-a866-f82f653c9bf9@group-FB3B7D7D89E3-LeaderElection63] INFO  impl.LeaderElection (LeaderElection.java:askForVotes(178)) - a54795b0-6c9c-4137-a866-f82f653c9bf9@group-FB3B7D7D89E3-LeaderElection63: begin an election at term 30 for -1: [a54795b0-6c9c-4137-a866-f82f653c9bf9:192.168.157.213:43688, b26a8d60-58dc-431d-8168-f89a9ab35f3a:192.168.157.213:35535, 16805c57-9f45-4377-8998-764a8f26e152:192.168.157.213:33728], old=null
2019-10-19 01:04:30,836 [a1c78c0e-869c-4f76-b4ce-2034448e0b80@group-D48B69A44692-LeaderElection62] INFO  impl.LeaderElection (LeaderElection.java:logAndReturn(56)) - a1c78c0e-869c-4f76-b4ce-2034448e0b80@group-D48B69A44692-LeaderElection62: Election REJECTED; received 2 response(s) [a1c78c0e-869c-4f76-b4ce-2034448e0b80<-51276c3c-a3b8-4274-b089-592ff4589f41#0:FAIL-t29, a1c78c0e-869c-4f76-b4ce-2034448e0b80<-64c90977-e867-487c-b50d-c226f2d34a76#0:FAIL-t29] and 0 exception(s); a1c78c0e-869c-4f76-b4ce-2034448e0b80@group-D48B69A44692:t29, leader=null, voted=a1c78c0e-869c-4f76-b4ce-2034448e0b80, raftlog=a1c78c0e-869c-4f76-b4ce-2034448e0b80@group-D48B69A44692-SegmentedRaftLog:OPENED:c-1,f-1,i0, conf=-1: [51276c3c-a3b8-4274-b089-592ff4589f41:192.168.157.213:36639, 64c90977-e867-487c-b50d-c226f2d34a76:192.168.157.213:37433, a1c78c0e-869c-4f76-b4ce-2034448e0b80:192.168.157.213:33501], old=null
2019-10-19 01:04:30,836 [a1c78c0e-869c-4f76-b4ce-2034448e0b80@group-D48B69A44692-LeaderElection62] INFO  impl.RaftServerImpl (RaftServerImpl.java:setRole(184)) - a1c78c0e-869c-4f76-b4ce-2034448e0b80@group-D48B69A44692: changes role from CANDIDATE to FOLLOWER at term 29 for DISCOVERED_A_NEW_TERM
2019-10-19 01:04:30,836 [a1c78c0e-869c-4f76-b4ce-2034448e0b80@group-D48B69A44692-LeaderElection62] INFO  impl.RoleInfo (RoleInfo.java:shutdownLeaderElection(134)) - a1c78c0e-869c-4f76-b4ce-2034448e0b80: shutdown LeaderElection
2019-10-19 01:04:30,837 [a1c78c0e-869c-4f76-b4ce-2034448e0b80@group-D48B69A44692-LeaderElection62] INFO  impl.RoleInfo (RoleInfo.java:updateAndGet(143)) - a1c78c0e-869c-4f76-b4ce-2034448e0b80: start FollowerState
2019-10-19 01:04:30,837 [grpc-default-executor-6] INFO  impl.RaftServerImpl (RaftServerImpl.java:setRole(184)) - 16805c57-9f45-4377-8998-764a8f26e152@group-FB3B7D7D89E3: changes role from  FOLLOWER to FOLLOWER at term 30 for recognizeCandidate:a54795b0-6c9c-4137-a866-f82f653c9bf9
2019-10-19 01:04:30,837 [grpc-default-executor-6] INFO  impl.RoleInfo (RoleInfo.java:shutdownFollowerState(121)) - 16805c57-9f45-4377-8998-764a8f26e152: shutdown FollowerState
2019-10-19 01:04:30,837 [grpc-default-executor-5] INFO  impl.RaftServerImpl (RaftServerImpl.java:setRole(184)) - b26a8d60-58dc-431d-8168-f89a9ab35f3a@group-FB3B7D7D89E3: changes role from  FOLLOWER to FOLLOWER at term 30 for recognizeCandidate:a54795b0-6c9c-4137-a866-f82f653c9bf9
2019-10-19 01:04:30,837 [Thread-745] INFO  impl.FollowerState (FollowerState.java:run(117)) - 16805c57-9f45-4377-8998-764a8f26e152@group-FB3B7D7D89E3-FollowerState was interrupted: java.lang.InterruptedException: sleep interrupted
2019-10-19 01:04:30,837 [grpc-default-executor-6] INFO  impl.RoleInfo (RoleInfo.java:updateAndGet(143)) - 16805c57-9f45-4377-8998-764a8f26e152: start FollowerState
2019-10-19 01:04:30,837 [grpc-default-executor-5] INFO  impl.RoleInfo (RoleInfo.java:shutdownFollowerState(121)) - b26a8d60-58dc-431d-8168-f89a9ab35f3a: shutdown FollowerState
2019-10-19 01:04:30,838 [grpc-default-executor-5] INFO  impl.RoleInfo (RoleInfo.java:updateAndGet(143)) - b26a8d60-58dc-431d-8168-f89a9ab35f3a: start FollowerState
2019-10-19 01:04:30,838 [Thread-744] INFO  impl.FollowerState (FollowerState.java:run(117)) - b26a8d60-58dc-431d-8168-f89a9ab35f3a@group-FB3B7D7D89E3-FollowerState was interrupted: java.lang.InterruptedException: sleep interrupted
2019-10-19 01:04:30,845 [a54795b0-6c9c-4137-a866-f82f653c9bf9@group-FB3B7D7D89E3-LeaderElection63] INFO  impl.LeaderElection (LeaderElection.java:logAndReturn(56)) - a54795b0-6c9c-4137-a866-f82f653c9bf9@group-FB3B7D7D89E3-LeaderElection63: Election REJECTED; received 2 response(s) [a54795b0-6c9c-4137-a866-f82f653c9bf9<-b26a8d60-58dc-431d-8168-f89a9ab35f3a#0:FAIL-t30, a54795b0-6c9c-4137-a866-f82f653c9bf9<-16805c57-9f45-4377-8998-764a8f26e152#0:FAIL-t30] and 0 exception(s); a54795b0-6c9c-4137-a866-f82f653c9bf9@group-FB3B7D7D89E3:t30, leader=null, voted=a54795b0-6c9c-4137-a866-f82f653c9bf9, raftlog=a54795b0-6c9c-4137-a866-f82f653c9bf9@group-FB3B7D7D89E3-SegmentedRaftLog:OPENED:c-1,f-1,i0, conf=-1: [a54795b0-6c9c-4137-a866-f82f653c9bf9:192.168.157.213:43688, b26a8d60-58dc-431d-8168-f89a9ab35f3a:192.168.157.213:35535, 16805c57-9f45-4377-8998-764a8f26e152:192.168.157.213:33728], old=null
2019-10-19 01:04:30,845 [a54795b0-6c9c-4137-a866-f82f653c9bf9@group-FB3B7D7D89E3-LeaderElection63] INFO  impl.RaftServerImpl (RaftServerImpl.java:setRole(184)) - a54795b0-6c9c-4137-a866-f82f653c9bf9@group-FB3B7D7D89E3: changes role from CANDIDATE to FOLLOWER at term 30 for DISCOVERED_A_NEW_TERM
2019-10-19 01:04:30,845 [a54795b0-6c9c-4137-a866-f82f653c9bf9@group-FB3B7D7D89E3-LeaderElection63] INFO  impl.RoleInfo (RoleInfo.java:shutdownLeaderElection(134)) - a54795b0-6c9c-4137-a866-f82f653c9bf9: shutdown LeaderElection
2019-10-19 01:04:30,846 [a54795b0-6c9c-4137-a866-f82f653c9bf9@group-FB3B7D7D89E3-LeaderElection63] INFO  impl.RoleInfo (RoleInfo.java:updateAndGet(143)) - a54795b0-6c9c-4137-a866-f82f653c9bf9: start FollowerState
2019-10-19 01:04:30,860 [Thread-760] INFO  impl.FollowerState (FollowerState.java:run(108)) - a54795b0-6c9c-4137-a866-f82f653c9bf9@group-FB3B7D7D89E3-FollowerState: change to CANDIDATE, lastRpcTime:14ms, electionTimeout:14ms
2019-10-19 01:04:30,860 [Thread-760] INFO  impl.RoleInfo (RoleInfo.java:shutdownFollowerState(121)) - a54795b0-6c9c-4137-a866-f82f653c9bf9: shutdown FollowerState
2019-10-19 01:04:30,860 [Thread-760] INFO  impl.RaftServerImpl (RaftServerImpl.java:setRole(184)) - a54795b0-6c9c-4137-a866-f82f653c9bf9@group-FB3B7D7D89E3: changes role from  FOLLOWER to CANDIDATE at term 30 for changeToCandidate
2019-10-19 01:04:30,861 [Thread-760] INFO  impl.RoleInfo (RoleInfo.java:updateAndGet(143)) - a54795b0-6c9c-4137-a866-f82f653c9bf9: start LeaderElection
2019-10-19 01:04:30,877 [a54795b0-6c9c-4137-a866-f82f653c9bf9@group-FB3B7D7D89E3-LeaderElection64] INFO  impl.LeaderElection (LeaderElection.java:askForVotes(178)) - a54795b0-6c9c-4137-a866-f82f653c9bf9@group-FB3B7D7D89E3-LeaderElection64: begin an election at term 31 for -1: [a54795b0-6c9c-4137-a866-f82f653c9bf9:192.168.157.213:43688, b26a8d60-58dc-431d-8168-f89a9ab35f3a:192.168.157.213:35535, 16805c57-9f45-4377-8998-764a8f26e152:192.168.157.213:33728], old=null
2019-10-19 01:04:30,889 [grpc-default-executor-5] INFO  impl.RaftServerImpl (RaftServerImpl.java:setRole(184)) - b26a8d60-58dc-431d-8168-f89a9ab35f3a@group-FB3B7D7D89E3: changes role from  FOLLOWER to FOLLOWER at term 31 for recognizeCandidate:a54795b0-6c9c-4137-a866-f82f653c9bf9
2019-10-19 01:04:30,890 [grpc-default-executor-5] INFO  impl.RoleInfo (RoleInfo.java:shutdownFollowerState(121)) - b26a8d60-58dc-431d-8168-f89a9ab35f3a: shutdown FollowerState
2019-10-19 01:04:30,892 [grpc-default-executor-7] INFO  impl.RaftServerImpl (RaftServerImpl.java:setRole(184)) - 16805c57-9f45-4377-8998-764a8f26e152@group-FB3B7D7D89E3: changes role from  FOLLOWER to FOLLOWER at term 31 for recognizeCandidate:a54795b0-6c9c-4137-a866-f82f653c9bf9
2019-10-19 01:04:30,893 [grpc-default-executor-5] INFO  impl.RoleInfo (RoleInfo.java:updateAndGet(143)) - b26a8d60-58dc-431d-8168-f89a9ab35f3a: start FollowerState
2019-10-19 01:04:30,893 [Thread-758] INFO  impl.FollowerState (FollowerState.java:run(117)) - b26a8d60-58dc-431d-8168-f89a9ab35f3a@group-FB3B7D7D89E3-FollowerState was interrupted: java.lang.InterruptedException: sleep interrupted
2019-10-19 01:04:30,893 [grpc-default-executor-7] INFO  impl.RoleInfo (RoleInfo.java:shutdownFollowerState(121)) - 16805c57-9f45-4377-8998-764a8f26e152: shutdown FollowerState
2019-10-19 01:04:30,895 [grpc-default-executor-7] INFO  impl.RoleInfo (RoleInfo.java:updateAndGet(143)) - 16805c57-9f45-4377-8998-764a8f26e152: start FollowerState
2019-10-19 01:04:30,895 [Thread-757] INFO  impl.FollowerState (FollowerState.java:run(117)) - 16805c57-9f45-4377-8998-764a8f26e152@group-FB3B7D7D89E3-FollowerState was interrupted: java.lang.InterruptedException: sleep interrupted
2019-10-19 01:04:30,910 [a54795b0-6c9c-4137-a866-f82f653c9bf9@group-FB3B7D7D89E3-LeaderElection64] INFO  impl.LeaderElection (LeaderElection.java:logAndReturn(56)) - a54795b0-6c9c-4137-a866-f82f653c9bf9@group-FB3B7D7D89E3-LeaderElection64: Election REJECTED; received 2 response(s) [a54795b0-6c9c-4137-a866-f82f653c9bf9<-b26a8d60-58dc-431d-8168-f89a9ab35f3a#0:FAIL-t31, a54795b0-6c9c-4137-a866-f82f653c9bf9<-16805c57-9f45-4377-8998-764a8f26e152#0:FAIL-t31] and 0 exception(s); a54795b0-6c9c-4137-a866-f82f653c9bf9@group-FB3B7D7D89E3:t31, leader=null, voted=a54795b0-6c9c-4137-a866-f82f653c9bf9, raftlog=a54795b0-6c9c-4137-a866-f82f653c9bf9@group-FB3B7D7D89E3-SegmentedRaftLog:OPENED:c-1,f-1,i0, conf=-1: [a54795b0-6c9c-4137-a866-f82f653c9bf9:192.168.157.213:43688, b26a8d60-58dc-431d-8168-f89a9ab35f3a:192.168.157.213:35535, 16805c57-9f45-4377-8998-764a8f26e152:192.168.157.213:33728], old=null
2019-10-19 01:04:30,910 [a54795b0-6c9c-4137-a866-f82f653c9bf9@group-FB3B7D7D89E3-LeaderElection64] INFO  impl.RaftServerImpl (RaftServerImpl.java:setRole(184)) - a54795b0-6c9c-4137-a866-f82f653c9bf9@group-FB3B7D7D89E3: changes role from CANDIDATE to FOLLOWER at term 31 for DISCOVERED_A_NEW_TERM
2019-10-19 01:04:30,910 [a54795b0-6c9c-4137-a866-f82f653c9bf9@group-FB3B7D7D89E3-LeaderElection64] INFO  impl.RoleInfo (RoleInfo.java:shutdownLeaderElection(134)) - a54795b0-6c9c-4137-a866-f82f653c9bf9: shutdown LeaderElection
2019-10-19 01:04:30,910 [a54795b0-6c9c-4137-a866-f82f653c9bf9@group-FB3B7D7D89E3-LeaderElection64] INFO  impl.RoleInfo (RoleInfo.java:updateAndGet(143)) - a54795b0-6c9c-4137-a866-f82f653c9bf9: start FollowerState
2019-10-19 01:04:30,985 [Thread-769] INFO  impl.FollowerState (FollowerState.java:run(108)) - a54795b0-6c9c-4137-a866-f82f653c9bf9@group-FB3B7D7D89E3-FollowerState: change to CANDIDATE, lastRpcTime:75ms, electionTimeout:75ms
2019-10-19 01:04:30,986 [Thread-769] INFO  impl.RoleInfo (RoleInfo.java:shutdownFollowerState(121)) - a54795b0-6c9c-4137-a866-f82f653c9bf9: shutdown FollowerState
2019-10-19 01:04:30,986 [Thread-769] INFO  impl.RaftServerImpl (RaftServerImpl.java:setRole(184)) - a54795b0-6c9c-4137-a866-f82f653c9bf9@group-FB3B7D7D89E3: changes role from  FOLLOWER to CANDIDATE at term 31 for changeToCandidate
2019-10-19 01:04:30,986 [Thread-769] INFO  impl.RoleInfo (RoleInfo.java:updateAndGet(143)) - a54795b0-6c9c-4137-a866-f82f653c9bf9: start LeaderElection
2019-10-19 01:04:30,991 [a54795b0-6c9c-4137-a866-f82f653c9bf9@group-FB3B7D7D89E3-LeaderElection65] INFO  impl.LeaderElection (LeaderElection.java:askForVotes(178)) - a54795b0-6c9c-4137-a866-f82f653c9bf9@group-FB3B7D7D89E3-LeaderElection65: begin an election at term 32 for -1: [a54795b0-6c9c-4137-a866-f82f653c9bf9:192.168.157.213:43688, b26a8d60-58dc-431d-8168-f89a9ab35f3a:192.168.157.213:35535, 16805c57-9f45-4377-8998-764a8f26e152:192.168.157.213:33728], old=null
2019-10-19 01:04:30,997 [grpc-default-executor-5] INFO  impl.RaftServerImpl (RaftServerImpl.java:setRole(184)) - b26a8d60-58dc-431d-8168-f89a9ab35f3a@group-FB3B7D7D89E3: changes role from  FOLLOWER to FOLLOWER at term 32 for recognizeCandidate:a54795b0-6c9c-4137-a866-f82f653c9bf9
2019-10-19 01:04:30,997 [grpc-default-executor-7] INFO  impl.RaftServerImpl (RaftServerImpl.java:setRole(184)) - 16805c57-9f45-4377-8998-764a8f26e152@group-FB3B7D7D89E3: changes role from  FOLLOWER to FOLLOWER at term 32 for recognizeCandidate:a54795b0-6c9c-4137-a866-f82f653c9bf9
2019-10-19 01:04:30,997 [grpc-default-executor-5] INFO  impl.RoleInfo (RoleInfo.java:shutdownFollowerState(121)) - b26a8d60-58dc-431d-8168-f89a9ab35f3a: shutdown FollowerState
2019-10-19 01:04:30,997 [grpc-default-executor-7] INFO  impl.RoleInfo (RoleInfo.java:shutdownFollowerState(121)) - 16805c57-9f45-4377-8998-764a8f26e152: shutdown FollowerState
2019-10-19 01:04:30,997 [Thread-767] INFO  impl.FollowerState (FollowerState.java:run(117)) - b26a8d60-58dc-431d-8168-f89a9ab35f3a@group-FB3B7D7D89E3-FollowerState was interrupted: java.lang.InterruptedException: sleep interrupted
2019-10-19 01:04:30,997 [grpc-default-executor-5] INFO  impl.RoleInfo (RoleInfo.java:updateAndGet(143)) - b26a8d60-58dc-431d-8168-f89a9ab35f3a: start FollowerState
2019-10-19 01:04:30,997 [grpc-default-executor-7] INFO  impl.RoleInfo (RoleInfo.java:updateAndGet(143)) - 16805c57-9f45-4377-8998-764a8f26e152: start FollowerState
2019-10-19 01:04:30,997 [Thread-768] INFO  impl.FollowerState (FollowerState.java:run(117)) - 16805c57-9f45-4377-8998-764a8f26e152@group-FB3B7D7D89E3-FollowerState was interrupted: java.lang.InterruptedException: sleep interrupted
2019-10-19 01:04:31,008 [a54795b0-6c9c-4137-a866-f82f653c9bf9@group-FB3B7D7D89E3-LeaderElection65] INFO  impl.LeaderElection (LeaderElection.java:logAndReturn(56)) - a54795b0-6c9c-4137-a866-f82f653c9bf9@group-FB3B7D7D89E3-LeaderElection65: Election REJECTED; received 2 response(s) [a54795b0-6c9c-4137-a866-f82f653c9bf9<-b26a8d60-58dc-431d-8168-f89a9ab35f3a#0:FAIL-t32, a54795b0-6c9c-4137-a866-f82f653c9bf9<-16805c57-9f45-4377-8998-764a8f26e152#0:FAIL-t32] and 0 exception(s); a54795b0-6c9c-4137-a866-f82f653c9bf9@group-FB3B7D7D89E3:t32, leader=null, voted=a54795b0-6c9c-4137-a866-f82f653c9bf9, raftlog=a54795b0-6c9c-4137-a866-f82f653c9bf9@group-FB3B7D7D89E3-SegmentedRaftLog:OPENED:c-1,f-1,i0, conf=-1: [a54795b0-6c9c-4137-a866-f82f653c9bf9:192.168.157.213:43688, b26a8d60-58dc-431d-8168-f89a9ab35f3a:192.168.157.213:35535, 16805c57-9f45-4377-8998-764a8f26e152:192.168.157.213:33728], old=null
2019-10-19 01:04:31,008 [a54795b0-6c9c-4137-a866-f82f653c9bf9@group-FB3B7D7D89E3-LeaderElection65] INFO  impl.RaftServerImpl (RaftServerImpl.java:setRole(184)) - a54795b0-6c9c-4137-a866-f82f653c9bf9@group-FB3B7D7D89E3: changes role from CANDIDATE to FOLLOWER at term 32 for DISCOVERED_A_NEW_TERM
2019-10-19 01:04:31,008 [a54795b0-6c9c-4137-a866-f82f653c9bf9@group-FB3B7D7D89E3-LeaderElection65] INFO  impl.RoleInfo (RoleInfo.java:shutdownLeaderElection(134)) - a54795b0-6c9c-4137-a866-f82f653c9bf9: shutdown LeaderElection
2019-10-19 01:04:31,009 [a54795b0-6c9c-4137-a866-f82f653c9bf9@group-FB3B7D7D89E3-LeaderElection65] INFO  impl.RoleInfo (RoleInfo.java:updateAndGet(143)) - a54795b0-6c9c-4137-a866-f82f653c9bf9: start FollowerState
2019-10-19 01:04:31,028 [Thread-756] INFO  impl.FollowerState (FollowerState.java:run(108)) - a1c78c0e-869c-4f76-b4ce-2034448e0b80@group-D48B69A44692-FollowerState: change to CANDIDATE, lastRpcTime:191ms, electionTimeout:191ms
2019-10-19 01:04:31,028 [Thread-756] INFO  impl.RoleInfo (RoleInfo.java:shutdownFollowerState(121)) - a1c78c0e-869c-4f76-b4ce-2034448e0b80: shutdown FollowerState
2019-10-19 01:04:31,028 [Thread-756] INFO  impl.RaftServerImpl (RaftServerImpl.java:setRole(184)) - a1c78c0e-869c-4f76-b4ce-2034448e0b80@group-D48B69A44692: changes role from  FOLLOWER to CANDIDATE at term 29 for changeToCandidate
2019-10-19 01:04:31,028 [Thread-756] INFO  impl.RoleInfo (RoleInfo.java:updateAndGet(143)) - a1c78c0e-869c-4f76-b4ce-2034448e0b80: start LeaderElection
2019-10-19 01:04:31,044 [a1c78c0e-869c-4f76-b4ce-2034448e0b80@group-D48B69A44692-LeaderElection66] INFO  impl.LeaderElection (LeaderElection.java:askForVotes(178)) - a1c78c0e-869c-4f76-b4ce-2034448e0b80@group-D48B69A44692-LeaderElection66: begin an election at term 30 for -1: [51276c3c-a3b8-4274-b089-592ff4589f41:192.168.157.213:36639, 64c90977-e867-487c-b50d-c226f2d34a76:192.168.157.213:37433, a1c78c0e-869c-4f76-b4ce-2034448e0b80:192.168.157.213:33501], old=null
2019-10-19 01:04:31,046 [grpc-default-executor-5] INFO  impl.RaftServerImpl (RaftServerImpl.java:setRole(184)) - 64c90977-e867-487c-b50d-c226f2d34a76@group-D48B69A44692: changes role from  FOLLOWER to FOLLOWER at term 30 for recognizeCandidate:a1c78c0e-869c-4f76-b4ce-2034448e0b80
2019-10-19 01:04:31,046 [grpc-default-executor-7] INFO  impl.RaftServerImpl (RaftServerImpl.java:setRole(184)) - 51276c3c-a3b8-4274-b089-592ff4589f41@group-D48B69A44692: changes role from  FOLLOWER to FOLLOWER at term 30 for recognizeCandidate:a1c78c0e-869c-4f76-b4ce-2034448e0b80
2019-10-19 01:04:31,046 [grpc-default-executor-5] INFO  impl.RoleInfo (RoleInfo.java:shutdownFollowerState(121)) - 64c90977-e867-487c-b50d-c226f2d34a76: shutdown FollowerState
2019-10-19 01:04:31,046 [grpc-default-executor-7] INFO  impl.RoleInfo (RoleInfo.java:shutdownFollowerState(121)) - 51276c3c-a3b8-4274-b089-592ff4589f41: shutdown FollowerState
2019-10-19 01:04:31,047 [Thread-752] INFO  impl.FollowerState (FollowerState.java:run(117)) - 64c90977-e867-487c-b50d-c226f2d34a76@group-D48B69A44692-FollowerState was interrupted: java.lang.InterruptedException: sleep interrupted
2019-10-19 01:04:31,047 [grpc-default-executor-5] INFO  impl.RoleInfo (RoleInfo.java:updateAndGet(143)) - 64c90977-e867-487c-b50d-c226f2d34a76: start FollowerState
2019-10-19 01:04:31,047 [Thread-753] INFO  impl.FollowerState (FollowerState.java:run(117)) - 51276c3c-a3b8-4274-b089-592ff4589f41@group-D48B69A44692-FollowerState was interrupted: java.lang.InterruptedException: sleep interrupted
2019-10-19 01:04:31,047 [grpc-default-executor-7] INFO  impl.RoleInfo (RoleInfo.java:updateAndGet(143)) - 51276c3c-a3b8-4274-b089-592ff4589f41: start FollowerState
2019-10-19 01:04:31,059 [a1c78c0e-869c-4f76-b4ce-2034448e0b80@group-D48B69A44692-LeaderElection66] INFO  impl.LeaderElection (LeaderElection.java:logAndReturn(56)) - a1c78c0e-869c-4f76-b4ce-2034448e0b80@group-D48B69A44692-LeaderElection66: Election REJECTED; received 2 response(s) [a1c78c0e-869c-4f76-b4ce-2034448e0b80<-51276c3c-a3b8-4274-b089-592ff4589f41#0:FAIL-t30, a1c78c0e-869c-4f76-b4ce-2034448e0b80<-64c90977-e867-487c-b50d-c226f2d34a76#0:FAIL-t30] and 0 exception(s); a1c78c0e-869c-4f76-b4ce-2034448e0b80@group-D48B69A44692:t30, leader=null, voted=a1c78c0e-869c-4f76-b4ce-2034448e0b80, raftlog=a1c78c0e-869c-4f76-b4ce-2034448e0b80@group-D48B69A44692-SegmentedRaftLog:OPENED:c-1,f-1,i0, conf=-1: [51276c3c-a3b8-4274-b089-592ff4589f41:192.168.157.213:36639, 64c90977-e867-487c-b50d-c226f2d34a76:192.168.157.213:37433, a1c78c0e-869c-4f76-b4ce-2034448e0b80:192.168.157.213:33501], old=null
2019-10-19 01:04:31,060 [a1c78c0e-869c-4f76-b4ce-2034448e0b80@group-D48B69A44692-LeaderElection66] INFO  impl.RaftServerImpl (RaftServerImpl.java:setRole(184)) - a1c78c0e-869c-4f76-b4ce-2034448e0b80@group-D48B69A44692: changes role from CANDIDATE to FOLLOWER at term 30 for DISCOVERED_A_NEW_TERM
2019-10-19 01:04:31,060 [a1c78c0e-869c-4f76-b4ce-2034448e0b80@group-D48B69A44692-LeaderElection66] INFO  impl.RoleInfo (RoleInfo.java:shutdownLeaderElection(134)) - a1c78c0e-869c-4f76-b4ce-2034448e0b80: shutdown LeaderElection
2019-10-19 01:04:31,060 [a1c78c0e-869c-4f76-b4ce-2034448e0b80@group-D48B69A44692-LeaderElection66] INFO  impl.RoleInfo (RoleInfo.java:updateAndGet(143)) - a1c78c0e-869c-4f76-b4ce-2034448e0b80: start FollowerState
2019-10-19 01:04:31,115 [Thread-775] INFO  impl.FollowerState (FollowerState.java:run(108)) - a54795b0-6c9c-4137-a866-f82f653c9bf9@group-FB3B7D7D89E3-FollowerState: change to CANDIDATE, lastRpcTime:106ms, electionTimeout:106ms
2019-10-19 01:04:31,115 [Thread-775] INFO  impl.RoleInfo (RoleInfo.java:shutdownFollowerState(121)) - a54795b0-6c9c-4137-a866-f82f653c9bf9: shutdown FollowerState
2019-10-19 01:04:31,115 [Thread-775] INFO  impl.RaftServerImpl (RaftServerImpl.java:setRole(184)) - a54795b0-6c9c-4137-a866-f82f653c9bf9@group-FB3B7D7D89E3: changes role from  FOLLOWER to CANDIDATE at term 32 for changeToCandidate
2019-10-19 01:04:31,116 [Thread-775] INFO  impl.RoleInfo (RoleInfo.java:updateAndGet(143)) - a54795b0-6c9c-4137-a866-f82f653c9bf9: start LeaderElection
2019-10-19 01:04:31,130 [a54795b0-6c9c-4137-a866-f82f653c9bf9@group-FB3B7D7D89E3-LeaderElection67] INFO  impl.LeaderElection (LeaderElection.java:askForVotes(178)) - a54795b0-6c9c-4137-a866-f82f653c9bf9@group-FB3B7D7D89E3-LeaderElection67: begin an election at term 33 for -1: [a54795b0-6c9c-4137-a866-f82f653c9bf9:192.168.157.213:43688, b26a8d60-58dc-431d-8168-f89a9ab35f3a:192.168.157.213:35535, 16805c57-9f45-4377-8998-764a8f26e152:192.168.157.213:33728], old=null
2019-10-19 01:04:31,133 [grpc-default-executor-7] INFO  impl.RaftServerImpl (RaftServerImpl.java:setRole(184)) - 16805c57-9f45-4377-8998-764a8f26e152@group-FB3B7D7D89E3: changes role from  FOLLOWER to FOLLOWER at term 33 for recognizeCandidate:a54795b0-6c9c-4137-a866-f82f653c9bf9
2019-10-19 01:04:31,133 [grpc-default-executor-5] INFO  impl.RaftServerImpl (RaftServerImpl.java:setRole(184)) - b26a8d60-58dc-431d-8168-f89a9ab35f3a@group-FB3B7D7D89E3: changes role from  FOLLOWER to FOLLOWER at term 33 for recognizeCandidate:a54795b0-6c9c-4137-a866-f82f653c9bf9
2019-10-19 01:04:31,133 [grpc-default-executor-7] INFO  impl.RoleInfo (RoleInfo.java:shutdownFollowerState(121)) - 16805c57-9f45-4377-8998-764a8f26e152: shutdown FollowerState
2019-10-19 01:04:31,133 [grpc-default-executor-5] INFO  impl.RoleInfo (RoleInfo.java:shutdownFollowerState(121)) - b26a8d60-58dc-431d-8168-f89a9ab35f3a: shutdown FollowerState
2019-10-19 01:04:31,133 [Thread-774] INFO  impl.FollowerState (FollowerState.java:run(117)) - 16805c57-9f45-4377-8998-764a8f26e152@group-FB3B7D7D89E3-FollowerState was interrupted: java.lang.InterruptedException: sleep interrupted
2019-10-19 01:04:31,133 [grpc-default-executor-7] INFO  impl.RoleInfo (RoleInfo.java:updateAndGet(143)) - 16805c57-9f45-4377-8998-764a8f26e152: start FollowerState
2019-10-19 01:04:31,134 [Thread-773] INFO  impl.FollowerState (FollowerState.java:run(117)) - b26a8d60-58dc-431d-8168-f89a9ab35f3a@group-FB3B7D7D89E3-FollowerState was interrupted: java.lang.InterruptedException: sleep interrupted
2019-10-19 01:04:31,134 [grpc-default-executor-5] INFO  impl.RoleInfo (RoleInfo.java:updateAndGet(143)) - b26a8d60-58dc-431d-8168-f89a9ab35f3a: start FollowerState
2019-10-19 01:04:31,141 [a54795b0-6c9c-4137-a866-f82f653c9bf9@group-FB3B7D7D89E3-LeaderElection67] INFO  impl.LeaderElection (LeaderElection.java:logAndReturn(56)) - a54795b0-6c9c-4137-a866-f82f653c9bf9@group-FB3B7D7D89E3-LeaderElection67: Election REJECTED; received 2 response(s) [a54795b0-6c9c-4137-a866-f82f653c9bf9<-b26a8d60-58dc-431d-8168-f89a9ab35f3a#0:FAIL-t33, a54795b0-6c9c-4137-a866-f82f653c9bf9<-16805c57-9f45-4377-8998-764a8f26e152#0:FAIL-t33] and 0 exception(s); a54795b0-6c9c-4137-a866-f82f653c9bf9@group-FB3B7D7D89E3:t33, leader=null, voted=a54795b0-6c9c-4137-a866-f82f653c9bf9, raftlog=a54795b0-6c9c-4137-a866-f82f653c9bf9@group-FB3B7D7D89E3-SegmentedRaftLog:OPENED:c-1,f-1,i0, conf=-1: [a54795b0-6c9c-4137-a866-f82f653c9bf9:192.168.157.213:43688, b26a8d60-58dc-431d-8168-f89a9ab35f3a:192.168.157.213:35535, 16805c57-9f45-4377-8998-764a8f26e152:192.168.157.213:33728], old=null
2019-10-19 01:04:31,141 [a54795b0-6c9c-4137-a866-f82f653c9bf9@group-FB3B7D7D89E3-LeaderElection67] INFO  impl.RaftServerImpl (RaftServerImpl.java:setRole(184)) - a54795b0-6c9c-4137-a866-f82f653c9bf9@group-FB3B7D7D89E3: changes role from CANDIDATE to FOLLOWER at term 33 for DISCOVERED_A_NEW_TERM
2019-10-19 01:04:31,141 [a54795b0-6c9c-4137-a866-f82f653c9bf9@group-FB3B7D7D89E3-LeaderElection67] INFO  impl.RoleInfo (RoleInfo.java:shutdownLeaderElection(134)) - a54795b0-6c9c-4137-a866-f82f653c9bf9: shutdown LeaderElection
2019-10-19 01:04:31,141 [a54795b0-6c9c-4137-a866-f82f653c9bf9@group-FB3B7D7D89E3-LeaderElection67] INFO  impl.RoleInfo (RoleInfo.java:updateAndGet(143)) - a54795b0-6c9c-4137-a866-f82f653c9bf9: start FollowerState
2019-10-19 01:04:31,224 [Thread-781] INFO  impl.FollowerState (FollowerState.java:run(108)) - a1c78c0e-869c-4f76-b4ce-2034448e0b80@group-D48B69A44692-FollowerState: change to CANDIDATE, lastRpcTime:164ms, electionTimeout:164ms
2019-10-19 01:04:31,225 [Thread-781] INFO  impl.RoleInfo (RoleInfo.java:shutdownFollowerState(121)) - a1c78c0e-869c-4f76-b4ce-2034448e0b80: shutdown FollowerState
2019-10-19 01:04:31,225 [Thread-781] INFO  impl.RaftServerImpl (RaftServerImpl.java:setRole(184)) - a1c78c0e-869c-4f76-b4ce-2034448e0b80@group-D48B69A44692: changes role from  FOLLOWER to CANDIDATE at term 30 for changeToCandidate
2019-10-19 01:04:31,225 [Thread-781] INFO  impl.RoleInfo (RoleInfo.java:updateAndGet(143)) - a1c78c0e-869c-4f76-b4ce-2034448e0b80: start LeaderElection
2019-10-19 01:04:31,231 [a1c78c0e-869c-4f76-b4ce-2034448e0b80@group-D48B69A44692-LeaderElection68] INFO  impl.LeaderElection (LeaderElection.java:askForVotes(178)) - a1c78c0e-869c-4f76-b4ce-2034448e0b80@group-D48B69A44692-LeaderElection68: begin an election at term 31 for -1: [51276c3c-a3b8-4274-b089-592ff4589f41:192.168.157.213:36639, 64c90977-e867-487c-b50d-c226f2d34a76:192.168.157.213:37433, a1c78c0e-869c-4f76-b4ce-2034448e0b80:192.168.157.213:33501], old=null
2019-10-19 01:04:31,234 [grpc-default-executor-7] INFO  impl.RaftServerImpl (RaftServerImpl.java:setRole(184)) - 64c90977-e867-487c-b50d-c226f2d34a76@group-D48B69A44692: changes role from  FOLLOWER to FOLLOWER at term 31 for recognizeCandidate:a1c78c0e-869c-4f76-b4ce-2034448e0b80
2019-10-19 01:04:31,234 [grpc-default-executor-7] INFO  impl.RoleInfo (RoleInfo.java:shutdownFollowerState(121)) - 64c90977-e867-487c-b50d-c226f2d34a76: shutdown FollowerState
2019-10-19 01:04:31,234 [grpc-default-executor-7] INFO  impl.RoleInfo (RoleInfo.java:updateAndGet(143)) - 64c90977-e867-487c-b50d-c226f2d34a76: start FollowerState
2019-10-19 01:04:31,234 [Thread-779] INFO  impl.FollowerState (FollowerState.java:run(117)) - 64c90977-e867-487c-b50d-c226f2d34a76@group-D48B69A44692-FollowerState was interrupted: java.lang.InterruptedException: sleep interrupted
2019-10-19 01:04:31,234 [grpc-default-executor-5] INFO  impl.RaftServerImpl (RaftServerImpl.java:setRole(184)) - 51276c3c-a3b8-4274-b089-592ff4589f41@group-D48B69A44692: changes role from  FOLLOWER to FOLLOWER at term 31 for recognizeCandidate:a1c78c0e-869c-4f76-b4ce-2034448e0b80
2019-10-19 01:04:31,234 [grpc-default-executor-5] INFO  impl.RoleInfo (RoleInfo.java:shutdownFollowerState(121)) - 51276c3c-a3b8-4274-b089-592ff4589f41: shutdown FollowerState
2019-10-19 01:04:31,235 [grpc-default-executor-5] INFO  impl.RoleInfo (RoleInfo.java:updateAndGet(143)) - 51276c3c-a3b8-4274-b089-592ff4589f41: start FollowerState
2019-10-19 01:04:31,235 [Thread-780] INFO  impl.FollowerState (FollowerState.java:run(117)) - 51276c3c-a3b8-4274-b089-592ff4589f41@group-D48B69A44692-FollowerState was interrupted: java.lang.InterruptedException: sleep interrupted
2019-10-19 01:04:31,240 [a1c78c0e-869c-4f76-b4ce-2034448e0b80@group-D48B69A44692-LeaderElection68] INFO  impl.LeaderElection (LeaderElection.java:logAndReturn(56)) - a1c78c0e-869c-4f76-b4ce-2034448e0b80@group-D48B69A44692-LeaderElection68: Election REJECTED; received 2 response(s) [a1c78c0e-869c-4f76-b4ce-2034448e0b80<-51276c3c-a3b8-4274-b089-592ff4589f41#0:FAIL-t31, a1c78c0e-869c-4f76-b4ce-2034448e0b80<-64c90977-e867-487c-b50d-c226f2d34a76#0:FAIL-t31] and 0 exception(s); a1c78c0e-869c-4f76-b4ce-2034448e0b80@group-D48B69A44692:t31, leader=null, voted=a1c78c0e-869c-4f76-b4ce-2034448e0b80, raftlog=a1c78c0e-869c-4f76-b4ce-2034448e0b80@group-D48B69A44692-SegmentedRaftLog:OPENED:c-1,f-1,i0, conf=-1: [51276c3c-a3b8-4274-b089-592ff4589f41:192.168.157.213:36639, 64c90977-e867-487c-b50d-c226f2d34a76:192.168.157.213:37433, a1c78c0e-869c-4f76-b4ce-2034448e0b80:192.168.157.213:33501], old=null
2019-10-19 01:04:31,240 [a1c78c0e-869c-4f76-b4ce-2034448e0b80@group-D48B69A44692-LeaderElection68] INFO  impl.RaftServerImpl (RaftServerImpl.java:setRole(184)) - a1c78c0e-869c-4f76-b4ce-2034448e0b80@group-D48B69A44692: changes role from CANDIDATE to FOLLOWER at term 31 for DISCOVERED_A_NEW_TERM
2019-10-19 01:04:31,240 [a1c78c0e-869c-4f76-b4ce-2034448e0b80@group-D48B69A44692-LeaderElection68] INFO  impl.RoleInfo (RoleInfo.java:shutdownLeaderElection(134)) - a1c78c0e-869c-4f76-b4ce-2034448e0b80: shutdown LeaderElection
2019-10-19 01:04:31,240 [a1c78c0e-869c-4f76-b4ce-2034448e0b80@group-D48B69A44692-LeaderElection68] INFO  impl.RoleInfo (RoleInfo.java:updateAndGet(143)) - a1c78c0e-869c-4f76-b4ce-2034448e0b80: start FollowerState
2019-10-19 01:04:31,318 [Thread-787] INFO  impl.FollowerState (FollowerState.java:run(108)) - a54795b0-6c9c-4137-a866-f82f653c9bf9@group-FB3B7D7D89E3-FollowerState: change to CANDIDATE, lastRpcTime:176ms, electionTimeout:176ms
2019-10-19 01:04:31,318 [Thread-787] INFO  impl.RoleInfo (RoleInfo.java:shutdownFollowerState(121)) - a54795b0-6c9c-4137-a866-f82f653c9bf9: shutdown FollowerState
2019-10-19 01:04:31,318 [Thread-787] INFO  impl.RaftServerImpl (RaftServerImpl.java:setRole(184)) - a54795b0-6c9c-4137-a866-f82f653c9bf9@group-FB3B7D7D89E3: changes role from  FOLLOWER to CANDIDATE at term 33 for changeToCandidate
2019-10-19 01:04:31,318 [Thread-787] INFO  impl.RoleInfo (RoleInfo.java:updateAndGet(143)) - a54795b0-6c9c-4137-a866-f82f653c9bf9: start LeaderElection
2019-10-19 01:04:31,327 [a54795b0-6c9c-4137-a866-f82f653c9bf9@group-FB3B7D7D89E3-LeaderElection69] INFO  impl.LeaderElection (LeaderElection.java:askForVotes(178)) - a54795b0-6c9c-4137-a866-f82f653c9bf9@group-FB3B7D7D89E3-LeaderElection69: begin an election at term 34 for -1: [a54795b0-6c9c-4137-a866-f82f653c9bf9:192.168.157.213:43688, b26a8d60-58dc-431d-8168-f89a9ab35f3a:192.168.157.213:35535, 16805c57-9f45-4377-8998-764a8f26e152:192.168.157.213:33728], old=null
2019-10-19 01:04:31,333 [grpc-default-executor-5] INFO  impl.RaftServerImpl (RaftServerImpl.java:setRole(184)) - b26a8d60-58dc-431d-8168-f89a9ab35f3a@group-FB3B7D7D89E3: changes role from  FOLLOWER to FOLLOWER at term 34 for recognizeCandidate:a54795b0-6c9c-4137-a866-f82f653c9bf9
2019-10-19 01:04:31,333 [grpc-default-executor-5] INFO  impl.RoleInfo (RoleInfo.java:shutdownFollowerState(121)) - b26a8d60-58dc-431d-8168-f89a9ab35f3a: shutdown FollowerState
2019-10-19 01:04:31,334 [grpc-default-executor-7] INFO  impl.RaftServerImpl (RaftServerImpl.java:setRole(184)) - 16805c57-9f45-4377-8998-764a8f26e152@group-FB3B7D7D89E3: changes role from  FOLLOWER to FOLLOWER at term 34 for recognizeCandidate:a54795b0-6c9c-4137-a866-f82f653c9bf9
2019-10-19 01:04:31,334 [Thread-786] INFO  impl.FollowerState (FollowerState.java:run(117)) - b26a8d60-58dc-431d-8168-f89a9ab35f3a@group-FB3B7D7D89E3-FollowerState was interrupted: java.lang.InterruptedException: sleep interrupted
2019-10-19 01:04:31,334 [grpc-default-executor-5] INFO  impl.RoleInfo (RoleInfo.java:updateAndGet(143)) - b26a8d60-58dc-431d-8168-f89a9ab35f3a: start FollowerState
2019-10-19 01:04:31,334 [grpc-default-executor-7] INFO  impl.RoleInfo (RoleInfo.java:shutdownFollowerState(121)) - 16805c57-9f45-4377-8998-764a8f26e152: shutdown FollowerState
2019-10-19 01:04:31,334 [grpc-default-executor-7] INFO  impl.RoleInfo (RoleInfo.java:updateAndGet(143)) - 16805c57-9f45-4377-8998-764a8f26e152: start FollowerState
2019-10-19 01:04:31,334 [Thread-785] INFO  impl.FollowerState (FollowerState.java:run(117)) - 16805c57-9f45-4377-8998-764a8f26e152@group-FB3B7D7D89E3-FollowerState was interrupted: java.lang.InterruptedException: sleep interrupted
2019-10-19 01:04:31,349 [a54795b0-6c9c-4137-a866-f82f653c9bf9@group-FB3B7D7D89E3-LeaderElection69] INFO  impl.LeaderElection (LeaderElection.java:logAndReturn(56)) - a54795b0-6c9c-4137-a866-f82f653c9bf9@group-FB3B7D7D89E3-LeaderElection69: Election REJECTED; received 2 response(s) [a54795b0-6c9c-4137-a866-f82f653c9bf9<-b26a8d60-58dc-431d-8168-f89a9ab35f3a#0:FAIL-t34, a54795b0-6c9c-4137-a866-f82f653c9bf9<-16805c57-9f45-4377-8998-764a8f26e152#0:FAIL-t34] and 0 exception(s); a54795b0-6c9c-4137-a866-f82f653c9bf9@group-FB3B7D7D89E3:t34, leader=null, voted=a54795b0-6c9c-4137-a866-f82f653c9bf9, raftlog=a54795b0-6c9c-4137-a866-f82f653c9bf9@group-FB3B7D7D89E3-SegmentedRaftLog:OPENED:c-1,f-1,i0, conf=-1: [a54795b0-6c9c-4137-a866-f82f653c9bf9:192.168.157.213:43688, b26a8d60-58dc-431d-8168-f89a9ab35f3a:192.168.157.213:35535, 16805c57-9f45-4377-8998-764a8f26e152:192.168.157.213:33728], old=null
2019-10-19 01:04:31,349 [a54795b0-6c9c-4137-a866-f82f653c9bf9@group-FB3B7D7D89E3-LeaderElection69] INFO  impl.RaftServerImpl (RaftServerImpl.java:setRole(184)) - a54795b0-6c9c-4137-a866-f82f653c9bf9@group-FB3B7D7D89E3: changes role from CANDIDATE to FOLLOWER at term 34 for DISCOVERED_A_NEW_TERM
2019-10-19 01:04:31,349 [a54795b0-6c9c-4137-a866-f82f653c9bf9@group-FB3B7D7D89E3-LeaderElection69] INFO  impl.RoleInfo (RoleInfo.java:shutdownLeaderElection(134)) - a54795b0-6c9c-4137-a866-f82f653c9bf9: shutdown LeaderElection
2019-10-19 01:04:31,349 [a54795b0-6c9c-4137-a866-f82f653c9bf9@group-FB3B7D7D89E3-LeaderElection69] INFO  impl.RoleInfo (RoleInfo.java:updateAndGet(143)) - a54795b0-6c9c-4137-a866-f82f653c9bf9: start FollowerState
2019-10-19 01:04:31,387 [Thread-793] INFO  impl.FollowerState (FollowerState.java:run(108)) - a1c78c0e-869c-4f76-b4ce-2034448e0b80@group-D48B69A44692-FollowerState: change to CANDIDATE, lastRpcTime:146ms, electionTimeout:146ms
2019-10-19 01:04:31,387 [Thread-793] INFO  impl.RoleInfo (RoleInfo.java:shutdownFollowerState(121)) - a1c78c0e-869c-4f76-b4ce-2034448e0b80: shutdown FollowerState
2019-10-19 01:04:31,387 [Thread-793] INFO  impl.RaftServerImpl (RaftServerImpl.java:setRole(184)) - a1c78c0e-869c-4f76-b4ce-2034448e0b80@group-D48B69A44692: changes role from  FOLLOWER to CANDIDATE at term 31 for changeToCandidate
2019-10-19 01:04:31,387 [Thread-793] INFO  impl.RoleInfo (RoleInfo.java:updateAndGet(143)) - a1c78c0e-869c-4f76-b4ce-2034448e0b80: start LeaderElection
2019-10-19 01:04:31,401 [a1c78c0e-869c-4f76-b4ce-2034448e0b80@group-D48B69A44692-LeaderElection70] INFO  impl.LeaderElection (LeaderElection.java:askForVotes(178)) - a1c78c0e-869c-4f76-b4ce-2034448e0b80@group-D48B69A44692-LeaderElection70: begin an election at term 32 for -1: [51276c3c-a3b8-4274-b089-592ff4589f41:192.168.157.213:36639, 64c90977-e867-487c-b50d-c226f2d34a76:192.168.157.213:37433, a1c78c0e-869c-4f76-b4ce-2034448e0b80:192.168.157.213:33501], old=null
2019-10-19 01:04:31,404 [grpc-default-executor-5] INFO  impl.RaftServerImpl (RaftServerImpl.java:setRole(184)) - 64c90977-e867-487c-b50d-c226f2d34a76@group-D48B69A44692: changes role from  FOLLOWER to FOLLOWER at term 32 for recognizeCandidate:a1c78c0e-869c-4f76-b4ce-2034448e0b80
2019-10-19 01:04:31,404 [grpc-default-executor-7] INFO  impl.RaftServerImpl (RaftServerImpl.java:setRole(184)) - 51276c3c-a3b8-4274-b089-592ff4589f41@group-D48B69A44692: changes role from  FOLLOWER to FOLLOWER at term 32 for recognizeCandidate:a1c78c0e-869c-4f76-b4ce-2034448e0b80
2019-10-19 01:04:31,404 [grpc-default-executor-5] INFO  impl.RoleInfo (RoleInfo.java:shutdownFollowerState(121)) - 64c90977-e867-487c-b50d-c226f2d34a76: shutdown FollowerState
2019-10-19 01:04:31,404 [grpc-default-executor-7] INFO  impl.RoleInfo (RoleInfo.java:shutdownFollowerState(121)) - 51276c3c-a3b8-4274-b089-592ff4589f41: shutdown FollowerState
2019-10-19 01:04:31,404 [grpc-default-executor-5] INFO  impl.RoleInfo (RoleInfo.java:updateAndGet(143)) - 64c90977-e867-487c-b50d-c226f2d34a76: start FollowerState
2019-10-19 01:04:31,404 [Thread-791] INFO  impl.FollowerState (FollowerState.java:run(117)) - 64c90977-e867-487c-b50d-c226f2d34a76@group-D48B69A44692-FollowerState was interrupted: java.lang.InterruptedException: sleep interrupted
2019-10-19 01:04:31,404 [grpc-default-executor-7] INFO  impl.RoleInfo (RoleInfo.java:updateAndGet(143)) - 51276c3c-a3b8-4274-b089-592ff4589f41: start FollowerState
2019-10-19 01:04:31,404 [Thread-792] INFO  impl.FollowerState (FollowerState.java:run(117)) - 51276c3c-a3b8-4274-b089-592ff4589f41@group-D48B69A44692-FollowerState was interrupted: java.lang.InterruptedException: sleep interrupted
2019-10-19 01:04:31,421 [a1c78c0e-869c-4f76-b4ce-2034448e0b80@group-D48B69A44692-LeaderElection70] INFO  impl.LeaderElection (LeaderElection.java:logAndReturn(56)) - a1c78c0e-869c-4f76-b4ce-2034448e0b80@group-D48B69A44692-LeaderElection70: Election REJECTED; received 2 response(s) [a1c78c0e-869c-4f76-b4ce-2034448e0b80<-51276c3c-a3b8-4274-b089-592ff4589f41#0:FAIL-t32, a1c78c0e-869c-4f76-b4ce-2034448e0b80<-64c90977-e867-487c-b50d-c226f2d34a76#0:FAIL-t32] and 0 exception(s); a1c78c0e-869c-4f76-b4ce-2034448e0b80@group-D48B69A44692:t32, leader=null, voted=a1c78c0e-869c-4f76-b4ce-2034448e0b80, raftlog=a1c78c0e-869c-4f76-b4ce-2034448e0b80@group-D48B69A44692-SegmentedRaftLog:OPENED:c-1,f-1,i0, conf=-1: [51276c3c-a3b8-4274-b089-592ff4589f41:192.168.157.213:36639, 64c90977-e867-487c-b50d-c226f2d34a76:192.168.157.213:37433, a1c78c0e-869c-4f76-b4ce-2034448e0b80:192.168.157.213:33501], old=null
2019-10-19 01:04:31,421 [a1c78c0e-869c-4f76-b4ce-2034448e0b80@group-D48B69A44692-LeaderElection70] INFO  impl.RaftServerImpl (RaftServerImpl.java:setRole(184)) - a1c78c0e-869c-4f76-b4ce-2034448e0b80@group-D48B69A44692: changes role from CANDIDATE to FOLLOWER at term 32 for DISCOVERED_A_NEW_TERM
2019-10-19 01:04:31,421 [a1c78c0e-869c-4f76-b4ce-2034448e0b80@group-D48B69A44692-LeaderElection70] INFO  impl.RoleInfo (RoleInfo.java:shutdownLeaderElection(134)) - a1c78c0e-869c-4f76-b4ce-2034448e0b80: shutdown LeaderElection
2019-10-19 01:04:31,421 [a1c78c0e-869c-4f76-b4ce-2034448e0b80@group-D48B69A44692-LeaderElection70] INFO  impl.RoleInfo (RoleInfo.java:updateAndGet(143)) - a1c78c0e-869c-4f76-b4ce-2034448e0b80: start FollowerState
2019-10-19 01:04:31,455 [Thread-807] INFO  impl.FollowerState (FollowerState.java:run(108)) - a1c78c0e-869c-4f76-b4ce-2034448e0b80@group-D48B69A44692-FollowerState: change to CANDIDATE, lastRpcTime:33ms, electionTimeout:33ms
2019-10-19 01:04:31,455 [Thread-807] INFO  impl.RoleInfo (RoleInfo.java:shutdownFollowerState(121)) - a1c78c0e-869c-4f76-b4ce-2034448e0b80: shutdown FollowerState
2019-10-19 01:04:31,455 [Thread-807] INFO  impl.RaftServerImpl (RaftServerImpl.java:setRole(184)) - a1c78c0e-869c-4f76-b4ce-2034448e0b80@group-D48B69A44692: changes role from  FOLLOWER to CANDIDATE at term 32 for changeToCandidate
2019-10-19 01:04:31,455 [Thread-807] INFO  impl.RoleInfo (RoleInfo.java:updateAndGet(143)) - a1c78c0e-869c-4f76-b4ce-2034448e0b80: start LeaderElection
2019-10-19 01:04:31,469 [a1c78c0e-869c-4f76-b4ce-2034448e0b80@group-D48B69A44692-LeaderElection71] INFO  impl.LeaderElection (LeaderElection.java:askForVotes(178)) - a1c78c0e-869c-4f76-b4ce-2034448e0b80@group-D48B69A44692-LeaderElection71: begin an election at term 33 for -1: [51276c3c-a3b8-4274-b089-592ff4589f41:192.168.157.213:36639, 64c90977-e867-487c-b50d-c226f2d34a76:192.168.157.213:37433, a1c78c0e-869c-4f76-b4ce-2034448e0b80:192.168.157.213:33501], old=null
2019-10-19 01:04:31,471 [grpc-default-executor-5] INFO  impl.RaftServerImpl (RaftServerImpl.java:setRole(184)) - 64c90977-e867-487c-b50d-c226f2d34a76@group-D48B69A44692: changes role from  FOLLOWER to FOLLOWER at term 33 for recognizeCandidate:a1c78c0e-869c-4f76-b4ce-2034448e0b80
2019-10-19 01:04:31,471 [grpc-default-executor-7] INFO  impl.RaftServerImpl (RaftServerImpl.java:setRole(184)) - 51276c3c-a3b8-4274-b089-592ff4589f41@group-D48B69A44692: changes role from  FOLLOWER to FOLLOWER at term 33 for recognizeCandidate:a1c78c0e-869c-4f76-b4ce-2034448e0b80
2019-10-19 01:04:31,471 [grpc-default-executor-5] INFO  impl.RoleInfo (RoleInfo.java:shutdownFollowerState(121)) - 64c90977-e867-487c-b50d-c226f2d34a76: shutdown FollowerState
2019-10-19 01:04:31,471 [grpc-default-executor-7] INFO  impl.RoleInfo (RoleInfo.java:shutdownFollowerState(121)) - 51276c3c-a3b8-4274-b089-592ff4589f41: shutdown FollowerState
2019-10-19 01:04:31,472 [Thread-805] INFO  impl.FollowerState (FollowerState.java:run(117)) - 64c90977-e867-487c-b50d-c226f2d34a76@group-D48B69A44692-FollowerState was interrupted: java.lang.InterruptedException: sleep interrupted
2019-10-19 01:04:31,472 [grpc-default-executor-5] INFO  impl.RoleInfo (RoleInfo.java:updateAndGet(143)) - 64c90977-e867-487c-b50d-c226f2d34a76: start FollowerState
2019-10-19 01:04:31,472 [Thread-806] INFO  impl.FollowerState (FollowerState.java:run(117)) - 51276c3c-a3b8-4274-b089-592ff4589f41@group-D48B69A44692-FollowerState was interrupted: java.lang.InterruptedException: sleep interrupted
2019-10-19 01:04:31,472 [grpc-default-executor-7] INFO  impl.RoleInfo (RoleInfo.java:updateAndGet(143)) - 51276c3c-a3b8-4274-b089-592ff4589f41: start FollowerState
2019-10-19 01:04:31,487 [a1c78c0e-869c-4f76-b4ce-2034448e0b80@group-D48B69A44692-LeaderElection71] INFO  impl.LeaderElection (LeaderElection.java:logAndReturn(56)) - a1c78c0e-869c-4f76-b4ce-2034448e0b80@group-D48B69A44692-LeaderElection71: Election REJECTED; received 2 response(s) [a1c78c0e-869c-4f76-b4ce-2034448e0b80<-51276c3c-a3b8-4274-b089-592ff4589f41#0:FAIL-t33, a1c78c0e-869c-4f76-b4ce-2034448e0b80<-64c90977-e867-487c-b50d-c226f2d34a76#0:FAIL-t33] and 0 exception(s); a1c78c0e-869c-4f76-b4ce-2034448e0b80@group-D48B69A44692:t33, leader=null, voted=a1c78c0e-869c-4f76-b4ce-2034448e0b80, raftlog=a1c78c0e-869c-4f76-b4ce-2034448e0b80@group-D48B69A44692-SegmentedRaftLog:OPENED:c-1,f-1,i0, conf=-1: [51276c3c-a3b8-4274-b089-592ff4589f41:192.168.157.213:36639, 64c90977-e867-487c-b50d-c226f2d34a76:192.168.157.213:37433, a1c78c0e-869c-4f76-b4ce-2034448e0b80:192.168.157.213:33501], old=null
2019-10-19 01:04:31,487 [a1c78c0e-869c-4f76-b4ce-2034448e0b80@group-D48B69A44692-LeaderElection71] INFO  impl.RaftServerImpl (RaftServerImpl.java:setRole(184)) - a1c78c0e-869c-4f76-b4ce-2034448e0b80@group-D48B69A44692: changes role from CANDIDATE to FOLLOWER at term 33 for DISCOVERED_A_NEW_TERM
2019-10-19 01:04:31,487 [a1c78c0e-869c-4f76-b4ce-2034448e0b80@group-D48B69A44692-LeaderElection71] INFO  impl.RoleInfo (RoleInfo.java:shutdownLeaderElection(134)) - a1c78c0e-869c-4f76-b4ce-2034448e0b80: shutdown LeaderElection
2019-10-19 01:04:31,487 [a1c78c0e-869c-4f76-b4ce-2034448e0b80@group-D48B69A44692-LeaderElection71] INFO  impl.RoleInfo (RoleInfo.java:updateAndGet(143)) - a1c78c0e-869c-4f76-b4ce-2034448e0b80: start FollowerState
2019-10-19 01:04:31,493 [Thread-800] INFO  impl.FollowerState (FollowerState.java:run(108)) - a54795b0-6c9c-4137-a866-f82f653c9bf9@group-FB3B7D7D89E3-FollowerState: change to CANDIDATE, lastRpcTime:143ms, electionTimeout:143ms
2019-10-19 01:04:31,493 [Thread-800] INFO  impl.RoleInfo (RoleInfo.java:shutdownFollowerState(121)) - a54795b0-6c9c-4137-a866-f82f653c9bf9: shutdown FollowerState
2019-10-19 01:04:31,493 [Thread-800] INFO  impl.RaftServerImpl (RaftServerImpl.java:setRole(184)) - a54795b0-6c9c-4137-a866-f82f653c9bf9@group-FB3B7D7D89E3: changes role from  FOLLOWER to CANDIDATE at term 34 for changeToCandidate
2019-10-19 01:04:31,493 [Thread-800] INFO  impl.RoleInfo (RoleInfo.java:updateAndGet(143)) - a54795b0-6c9c-4137-a866-f82f653c9bf9: start LeaderElection
2019-10-19 01:04:31,507 [a54795b0-6c9c-4137-a866-f82f653c9bf9@group-FB3B7D7D89E3-LeaderElection72] INFO  impl.LeaderElection (LeaderElection.java:askForVotes(178)) - a54795b0-6c9c-4137-a866-f82f653c9bf9@group-FB3B7D7D89E3-LeaderElection72: begin an election at term 35 for -1: [a54795b0-6c9c-4137-a866-f82f653c9bf9:192.168.157.213:43688, b26a8d60-58dc-431d-8168-f89a9ab35f3a:192.168.157.213:35535, 16805c57-9f45-4377-8998-764a8f26e152:192.168.157.213:33728], old=null
2019-10-19 01:04:31,509 [grpc-default-executor-5] INFO  impl.RaftServerImpl (RaftServerImpl.java:setRole(184)) - 16805c57-9f45-4377-8998-764a8f26e152@group-FB3B7D7D89E3: changes role from  FOLLOWER to FOLLOWER at term 35 for recognizeCandidate:a54795b0-6c9c-4137-a866-f82f653c9bf9
2019-10-19 01:04:31,509 [grpc-default-executor-7] INFO  impl.RaftServerImpl (RaftServerImpl.java:setRole(184)) - b26a8d60-58dc-431d-8168-f89a9ab35f3a@group-FB3B7D7D89E3: changes role from  FOLLOWER to FOLLOWER at term 35 for recognizeCandidate:a54795b0-6c9c-4137-a866-f82f653c9bf9
2019-10-19 01:04:31,509 [grpc-default-executor-7] INFO  impl.RoleInfo (RoleInfo.java:shutdownFollowerState(121)) - b26a8d60-58dc-431d-8168-f89a9ab35f3a: shutdown FollowerState
2019-10-19 01:04:31,509 [grpc-default-executor-5] INFO  impl.RoleInfo (RoleInfo.java:shutdownFollowerState(121)) - 16805c57-9f45-4377-8998-764a8f26e152: shutdown FollowerState
2019-10-19 01:04:31,510 [Thread-797] INFO  impl.FollowerState (FollowerState.java:run(117)) - b26a8d60-58dc-431d-8168-f89a9ab35f3a@group-FB3B7D7D89E3-FollowerState was interrupted: java.lang.InterruptedException: sleep interrupted
2019-10-19 01:04:31,510 [Thread-798] INFO  impl.FollowerState (FollowerState.java:run(117)) - 16805c57-9f45-4377-8998-764a8f26e152@group-FB3B7D7D89E3-FollowerState was interrupted: java.lang.InterruptedException: sleep interrupted
2019-10-19 01:04:31,510 [grpc-default-executor-7] INFO  impl.RoleInfo (RoleInfo.java:updateAndGet(143)) - b26a8d60-58dc-431d-8168-f89a9ab35f3a: start FollowerState
2019-10-19 01:04:31,510 [grpc-default-executor-5] INFO  impl.RoleInfo (RoleInfo.java:updateAndGet(143)) - 16805c57-9f45-4377-8998-764a8f26e152: start FollowerState
2019-10-19 01:04:31,515 [a54795b0-6c9c-4137-a866-f82f653c9bf9@group-FB3B7D7D89E3-LeaderElection72] INFO  impl.LeaderElection (LeaderElection.java:logAndReturn(56)) - a54795b0-6c9c-4137-a866-f82f653c9bf9@group-FB3B7D7D89E3-LeaderElection72: Election REJECTED; received 2 response(s) [a54795b0-6c9c-4137-a866-f82f653c9bf9<-b26a8d60-58dc-431d-8168-f89a9ab35f3a#0:FAIL-t35, a54795b0-6c9c-4137-a866-f82f653c9bf9<-16805c57-9f45-4377-8998-764a8f26e152#0:FAIL-t35] and 0 exception(s); a54795b0-6c9c-4137-a866-f82f653c9bf9@group-FB3B7D7D89E3:t35, leader=null, voted=a54795b0-6c9c-4137-a866-f82f653c9bf9, raftlog=a54795b0-6c9c-4137-a866-f82f653c9bf9@group-FB3B7D7D89E3-SegmentedRaftLog:OPENED:c-1,f-1,i0, conf=-1: [a54795b0-6c9c-4137-a866-f82f653c9bf9:192.168.157.213:43688, b26a8d60-58dc-431d-8168-f89a9ab35f3a:192.168.157.213:35535, 16805c57-9f45-4377-8998-764a8f26e152:192.168.157.213:33728], old=null
2019-10-19 01:04:31,515 [a54795b0-6c9c-4137-a866-f82f653c9bf9@group-FB3B7D7D89E3-LeaderElection72] INFO  impl.RaftServerImpl (RaftServerImpl.java:setRole(184)) - a54795b0-6c9c-4137-a866-f82f653c9bf9@group-FB3B7D7D89E3: changes role from CANDIDATE to FOLLOWER at term 35 for DISCOVERED_A_NEW_TERM
2019-10-19 01:04:31,515 [a54795b0-6c9c-4137-a866-f82f653c9bf9@group-FB3B7D7D89E3-LeaderElection72] INFO  impl.RoleInfo (RoleInfo.java:shutdownLeaderElection(134)) - a54795b0-6c9c-4137-a866-f82f653c9bf9: shutdown LeaderElection
2019-10-19 01:04:31,515 [a54795b0-6c9c-4137-a866-f82f653c9bf9@group-FB3B7D7D89E3-LeaderElection72] INFO  impl.RoleInfo (RoleInfo.java:updateAndGet(143)) - a54795b0-6c9c-4137-a866-f82f653c9bf9: start FollowerState
2019-10-19 01:04:31,538 [Thread-819] INFO  impl.FollowerState (FollowerState.java:run(108)) - a54795b0-6c9c-4137-a866-f82f653c9bf9@group-FB3B7D7D89E3-FollowerState: change to CANDIDATE, lastRpcTime:23ms, electionTimeout:23ms
2019-10-19 01:04:31,539 [Thread-819] INFO  impl.RoleInfo (RoleInfo.java:shutdownFollowerState(121)) - a54795b0-6c9c-4137-a866-f82f653c9bf9: shutdown FollowerState
2019-10-19 01:04:31,539 [Thread-819] INFO  impl.RaftServerImpl (RaftServerImpl.java:setRole(184)) - a54795b0-6c9c-4137-a866-f82f653c9bf9@group-FB3B7D7D89E3: changes role from  FOLLOWER to CANDIDATE at term 35 for changeToCandidate
2019-10-19 01:04:31,539 [Thread-819] INFO  impl.RoleInfo (RoleInfo.java:updateAndGet(143)) - a54795b0-6c9c-4137-a866-f82f653c9bf9: start LeaderElection
2019-10-19 01:04:31,544 [a54795b0-6c9c-4137-a866-f82f653c9bf9@group-FB3B7D7D89E3-LeaderElection73] INFO  impl.LeaderElection (LeaderElection.java:askForVotes(178)) - a54795b0-6c9c-4137-a866-f82f653c9bf9@group-FB3B7D7D89E3-LeaderElection73: begin an election at term 36 for -1: [a54795b0-6c9c-4137-a866-f82f653c9bf9:192.168.157.213:43688, b26a8d60-58dc-431d-8168-f89a9ab35f3a:192.168.157.213:35535, 16805c57-9f45-4377-8998-764a8f26e152:192.168.157.213:33728], old=null
2019-10-19 01:04:31,546 [grpc-default-executor-5] INFO  impl.RaftServerImpl (RaftServerImpl.java:setRole(184)) - 16805c57-9f45-4377-8998-764a8f26e152@group-FB3B7D7D89E3: changes role from  FOLLOWER to FOLLOWER at term 36 for recognizeCandidate:a54795b0-6c9c-4137-a866-f82f653c9bf9
2019-10-19 01:04:31,546 [grpc-default-executor-7] INFO  impl.RaftServerImpl (RaftServerImpl.java:setRole(184)) - b26a8d60-58dc-431d-8168-f89a9ab35f3a@group-FB3B7D7D89E3: changes role from  FOLLOWER to FOLLOWER at term 36 for recognizeCandidate:a54795b0-6c9c-4137-a866-f82f653c9bf9
2019-10-19 01:04:31,546 [grpc-default-executor-5] INFO  impl.RoleInfo (RoleInfo.java:shutdownFollowerState(121)) - 16805c57-9f45-4377-8998-764a8f26e152: shutdown FollowerState
2019-10-19 01:04:31,546 [grpc-default-executor-7] INFO  impl.RoleInfo (RoleInfo.java:shutdownFollowerState(121)) - b26a8d60-58dc-431d-8168-f89a9ab35f3a: shutdown FollowerState
2019-10-19 01:04:31,546 [Thread-818] INFO  impl.FollowerState (FollowerState.java:run(117)) - 16805c57-9f45-4377-8998-764a8f26e152@group-FB3B7D7D89E3-FollowerState was interrupted: java.lang.InterruptedException: sleep interrupted
2019-10-19 01:04:31,546 [grpc-default-executor-5] INFO  impl.RoleInfo (RoleInfo.java:updateAndGet(143)) - 16805c57-9f45-4377-8998-764a8f26e152: start FollowerState
2019-10-19 01:04:31,547 [grpc-default-executor-7] INFO  impl.RoleInfo (RoleInfo.java:updateAndGet(143)) - b26a8d60-58dc-431d-8168-f89a9ab35f3a: start FollowerState
2019-10-19 01:04:31,547 [Thread-817] INFO  impl.FollowerState (FollowerState.java:run(117)) - b26a8d60-58dc-431d-8168-f89a9ab35f3a@group-FB3B7D7D89E3-FollowerState was interrupted: java.lang.InterruptedException: sleep interrupted
2019-10-19 01:04:31,560 [a54795b0-6c9c-4137-a866-f82f653c9bf9@group-FB3B7D7D89E3-LeaderElection73] INFO  impl.LeaderElection (LeaderElection.java:logAndReturn(56)) - a54795b0-6c9c-4137-a866-f82f653c9bf9@group-FB3B7D7D89E3-LeaderElection73: Election REJECTED; received 2 response(s) [a54795b0-6c9c-4137-a866-f82f653c9bf9<-b26a8d60-58dc-431d-8168-f89a9ab35f3a#0:FAIL-t36, a54795b0-6c9c-4137-a866-f82f653c9bf9<-16805c57-9f45-4377-8998-764a8f26e152#0:FAIL-t36] and 0 exception(s); a54795b0-6c9c-4137-a866-f82f653c9bf9@group-FB3B7D7D89E3:t36, leader=null, voted=a54795b0-6c9c-4137-a866-f82f653c9bf9, raftlog=a54795b0-6c9c-4137-a866-f82f653c9bf9@group-FB3B7D7D89E3-SegmentedRaftLog:OPENED:c-1,f-1,i0, conf=-1: [a54795b0-6c9c-4137-a866-f82f653c9bf9:192.168.157.213:43688, b26a8d60-58dc-431d-8168-f89a9ab35f3a:192.168.157.213:35535, 16805c57-9f45-4377-8998-764a8f26e152:192.168.157.213:33728], old=null
2019-10-19 01:04:31,560 [a54795b0-6c9c-4137-a866-f82f653c9bf9@group-FB3B7D7D89E3-LeaderElection73] INFO  impl.RaftServerImpl (RaftServerImpl.java:setRole(184)) - a54795b0-6c9c-4137-a866-f82f653c9bf9@group-FB3B7D7D89E3: changes role from CANDIDATE to FOLLOWER at term 36 for DISCOVERED_A_NEW_TERM
2019-10-19 01:04:31,560 [a54795b0-6c9c-4137-a866-f82f653c9bf9@group-FB3B7D7D89E3-LeaderElection73] INFO  impl.RoleInfo (RoleInfo.java:shutdownLeaderElection(134)) - a54795b0-6c9c-4137-a866-f82f653c9bf9: shutdown LeaderElection
2019-10-19 01:04:31,560 [a54795b0-6c9c-4137-a866-f82f653c9bf9@group-FB3B7D7D89E3-LeaderElection73] INFO  impl.RoleInfo (RoleInfo.java:updateAndGet(143)) - a54795b0-6c9c-4137-a866-f82f653c9bf9: start FollowerState
2019-10-19 01:04:31,596 [Thread-813] INFO  impl.FollowerState (FollowerState.java:run(108)) - a1c78c0e-869c-4f76-b4ce-2034448e0b80@group-D48B69A44692-FollowerState: change to CANDIDATE, lastRpcTime:108ms, electionTimeout:108ms
2019-10-19 01:04:31,596 [Thread-813] INFO  impl.RoleInfo (RoleInfo.java:shutdownFollowerState(121)) - a1c78c0e-869c-4f76-b4ce-2034448e0b80: shutdown FollowerState
2019-10-19 01:04:31,596 [Thread-813] INFO  impl.RaftServerImpl (RaftServerImpl.java:setRole(184)) - a1c78c0e-869c-4f76-b4ce-2034448e0b80@group-D48B69A44692: changes role from  FOLLOWER to CANDIDATE at term 33 for changeToCandidate
2019-10-19 01:04:31,596 [Thread-813] INFO  impl.RoleInfo (RoleInfo.java:updateAndGet(143)) - a1c78c0e-869c-4f76-b4ce-2034448e0b80: start LeaderElection
2019-10-19 01:04:31,610 [a1c78c0e-869c-4f76-b4ce-2034448e0b80@group-D48B69A44692-LeaderElection74] INFO  impl.LeaderElection (LeaderElection.java:askForVotes(178)) - a1c78c0e-869c-4f76-b4ce-2034448e0b80@group-D48B69A44692-LeaderElection74: begin an election at term 34 for -1: [51276c3c-a3b8-4274-b089-592ff4589f41:192.168.157.213:36639, 64c90977-e867-487c-b50d-c226f2d34a76:192.168.157.213:37433, a1c78c0e-869c-4f76-b4ce-2034448e0b80:192.168.157.213:33501], old=null
2019-10-19 01:04:31,613 [grpc-default-executor-7] INFO  impl.RaftServerImpl (RaftServerImpl.java:setRole(184)) - 51276c3c-a3b8-4274-b089-592ff4589f41@group-D48B69A44692: changes role from  FOLLOWER to FOLLOWER at term 34 for recognizeCandidate:a1c78c0e-869c-4f76-b4ce-2034448e0b80
2019-10-19 01:04:31,613 [a1c78c0e-869c-4f76-b4ce-2034448e0b80@group-D48B69A44692-LeaderElection74] INFO  impl.LeaderElection (LeaderElection.java:logAndReturn(56)) - a1c78c0e-869c-4f76-b4ce-2034448e0b80@group-D48B69A44692-LeaderElection74: Election TIMEOUT; received 0 response(s) [] and 0 exception(s); a1c78c0e-869c-4f76-b4ce-2034448e0b80@group-D48B69A44692:t34, leader=null, voted=a1c78c0e-869c-4f76-b4ce-2034448e0b80, raftlog=a1c78c0e-869c-4f76-b4ce-2034448e0b80@group-D48B69A44692-SegmentedRaftLog:OPENED:c-1,f-1,i0, conf=-1: [51276c3c-a3b8-4274-b089-592ff4589f41:192.168.157.213:36639, 64c90977-e867-487c-b50d-c226f2d34a76:192.168.157.213:37433, a1c78c0e-869c-4f76-b4ce-2034448e0b80:192.168.157.213:33501], old=null
2019-10-19 01:04:31,613 [grpc-default-executor-5] INFO  impl.RaftServerImpl (RaftServerImpl.java:setRole(184)) - 64c90977-e867-487c-b50d-c226f2d34a76@group-D48B69A44692: changes role from  FOLLOWER to FOLLOWER at term 34 for recognizeCandidate:a1c78c0e-869c-4f76-b4ce-2034448e0b80
2019-10-19 01:04:31,613 [grpc-default-executor-5] INFO  impl.RoleInfo (RoleInfo.java:shutdownFollowerState(121)) - 64c90977-e867-487c-b50d-c226f2d34a76: shutdown FollowerState
2019-10-19 01:04:31,613 [grpc-default-executor-7] INFO  impl.RoleInfo (RoleInfo.java:shutdownFollowerState(121)) - 51276c3c-a3b8-4274-b089-592ff4589f41: shutdown FollowerState
2019-10-19 01:04:31,614 [Thread-811] INFO  impl.FollowerState (FollowerState.java:run(117)) - 64c90977-e867-487c-b50d-c226f2d34a76@group-D48B69A44692-FollowerState was interrupted: java.lang.InterruptedException: sleep interrupted
2019-10-19 01:04:31,614 [Thread-812] INFO  impl.FollowerState (FollowerState.java:run(117)) - 51276c3c-a3b8-4274-b089-592ff4589f41@group-D48B69A44692-FollowerState was interrupted: java.lang.InterruptedException: sleep interrupted
2019-10-19 01:04:31,614 [grpc-default-executor-5] INFO  impl.RoleInfo (RoleInfo.java:updateAndGet(143)) - 64c90977-e867-487c-b50d-c226f2d34a76: start FollowerState
2019-10-19 01:04:31,614 [grpc-default-executor-7] INFO  impl.RoleInfo (RoleInfo.java:updateAndGet(143)) - 51276c3c-a3b8-4274-b089-592ff4589f41: start FollowerState
2019-10-19 01:04:31,625 [Thread-825] INFO  impl.FollowerState (FollowerState.java:run(108)) - a54795b0-6c9c-4137-a866-f82f653c9bf9@group-FB3B7D7D89E3-FollowerState: change to CANDIDATE, lastRpcTime:64ms, electionTimeout:64ms
2019-10-19 01:04:31,625 [Thread-825] INFO  impl.RoleInfo (RoleInfo.java:shutdownFollowerState(121)) - a54795b0-6c9c-4137-a866-f82f653c9bf9: shutdown FollowerState
2019-10-19 01:04:31,625 [Thread-825] INFO  impl.RaftServerImpl (RaftServerImpl.java:setRole(184)) - a54795b0-6c9c-4137-a866-f82f653c9bf9@group-FB3B7D7D89E3: changes role from  FOLLOWER to CANDIDATE at term 36 for changeToCandidate
2019-10-19 01:04:31,625 [Thread-825] INFO  impl.RoleInfo (RoleInfo.java:updateAndGet(143)) - a54795b0-6c9c-4137-a866-f82f653c9bf9: start LeaderElection
2019-10-19 01:04:31,627 [a1c78c0e-869c-4f76-b4ce-2034448e0b80@group-D48B69A44692-LeaderElection74] INFO  impl.LeaderElection (LeaderElection.java:askForVotes(178)) - a1c78c0e-869c-4f76-b4ce-2034448e0b80@group-D48B69A44692-LeaderElection74: begin an election at term 35 for -1: [51276c3c-a3b8-4274-b089-592ff4589f41:192.168.157.213:36639, 64c90977-e867-487c-b50d-c226f2d34a76:192.168.157.213:37433, a1c78c0e-869c-4f76-b4ce-2034448e0b80:192.168.157.213:33501], old=null
2019-10-19 01:04:31,629 [a54795b0-6c9c-4137-a866-f82f653c9bf9@group-FB3B7D7D89E3-LeaderElection75] INFO  impl.LeaderElection (LeaderElection.java:askForVotes(178)) - a54795b0-6c9c-4137-a866-f82f653c9bf9@group-FB3B7D7D89E3-LeaderElection75: begin an election at term 37 for -1: [a54795b0-6c9c-4137-a866-f82f653c9bf9:192.168.157.213:43688, b26a8d60-58dc-431d-8168-f89a9ab35f3a:192.168.157.213:35535, 16805c57-9f45-4377-8998-764a8f26e152:192.168.157.213:33728], old=null
2019-10-19 01:04:31,629 [grpc-default-executor-5] INFO  impl.RaftServerImpl (RaftServerImpl.java:setRole(184)) - 64c90977-e867-487c-b50d-c226f2d34a76@group-D48B69A44692: changes role from  FOLLOWER to FOLLOWER at term 35 for recognizeCandidate:a1c78c0e-869c-4f76-b4ce-2034448e0b80
2019-10-19 01:04:31,629 [grpc-default-executor-7] INFO  impl.RaftServerImpl (RaftServerImpl.java:setRole(184)) - 51276c3c-a3b8-4274-b089-592ff4589f41@group-D48B69A44692: changes role from  FOLLOWER to FOLLOWER at term 35 for recognizeCandidate:a1c78c0e-869c-4f76-b4ce-2034448e0b80
2019-10-19 01:04:31,629 [grpc-default-executor-5] INFO  impl.RoleInfo (RoleInfo.java:shutdownFollowerState(121)) - 64c90977-e867-487c-b50d-c226f2d34a76: shutdown FollowerState
2019-10-19 01:04:31,629 [grpc-default-executor-7] INFO  impl.RoleInfo (RoleInfo.java:shutdownFollowerState(121)) - 51276c3c-a3b8-4274-b089-592ff4589f41: shutdown FollowerState
2019-10-19 01:04:31,630 [Thread-829] INFO  impl.FollowerState (FollowerState.java:run(117)) - 64c90977-e867-487c-b50d-c226f2d34a76@group-D48B69A44692-FollowerState was interrupted: java.lang.InterruptedException: sleep interrupted
2019-10-19 01:04:31,630 [Thread-830] INFO  impl.FollowerState (FollowerState.java:run(117)) - 51276c3c-a3b8-4274-b089-592ff4589f41@group-D48B69A44692-FollowerState was interrupted: java.lang.InterruptedException: sleep interrupted
2019-10-19 01:04:31,629 [grpc-default-executor-5] INFO  impl.RoleInfo (RoleInfo.java:updateAndGet(143)) - 64c90977-e867-487c-b50d-c226f2d34a76: start FollowerState
2019-10-19 01:04:31,630 [grpc-default-executor-7] INFO  impl.RoleInfo (RoleInfo.java:updateAndGet(143)) - 51276c3c-a3b8-4274-b089-592ff4589f41: start FollowerState
2019-10-19 01:04:31,631 [grpc-default-executor-6] INFO  impl.RaftServerImpl (RaftServerImpl.java:setRole(184)) - b26a8d60-58dc-431d-8168-f89a9ab35f3a@group-FB3B7D7D89E3: changes role from  FOLLOWER to FOLLOWER at term 37 for recognizeCandidate:a54795b0-6c9c-4137-a866-f82f653c9bf9
2019-10-19 01:04:31,631 [grpc-default-executor-6] INFO  impl.RoleInfo (RoleInfo.java:shutdownFollowerState(121)) - b26a8d60-58dc-431d-8168-f89a9ab35f3a: shutdown FollowerState
2019-10-19 01:04:31,631 [grpc-default-executor-4] INFO  impl.RaftServerImpl (RaftServerImpl.java:setRole(184)) - 16805c57-9f45-4377-8998-764a8f26e152@group-FB3B7D7D89E3: changes role from  FOLLOWER to FOLLOWER at term 37 for recognizeCandidate:a54795b0-6c9c-4137-a866-f82f653c9bf9
2019-10-19 01:04:31,631 [Thread-824] INFO  impl.FollowerState (FollowerState.java:run(117)) - b26a8d60-58dc-431d-8168-f89a9ab35f3a@group-FB3B7D7D89E3-FollowerState was interrupted: java.lang.InterruptedException: sleep interrupted
2019-10-19 01:04:31,631 [grpc-default-executor-6] INFO  impl.RoleInfo (RoleInfo.java:updateAndGet(143)) - b26a8d60-58dc-431d-8168-f89a9ab35f3a: start FollowerState
2019-10-19 01:04:31,631 [grpc-default-executor-4] INFO  impl.RoleInfo (RoleInfo.java:shutdownFollowerState(121)) - 16805c57-9f45-4377-8998-764a8f26e152: shutdown FollowerState
2019-10-19 01:04:31,632 [grpc-default-executor-4] INFO  impl.RoleInfo (RoleInfo.java:updateAndGet(143)) - 16805c57-9f45-4377-8998-764a8f26e152: start FollowerState
2019-10-19 01:04:31,632 [Thread-823] INFO  impl.FollowerState (FollowerState.java:run(117)) - 16805c57-9f45-4377-8998-764a8f26e152@group-FB3B7D7D89E3-FollowerState was interrupted: java.lang.InterruptedException: sleep interrupted
2019-10-19 01:04:31,645 [a54795b0-6c9c-4137-a866-f82f653c9bf9@group-FB3B7D7D89E3-LeaderElection75] INFO  impl.LeaderElection (LeaderElection.java:logAndReturn(56)) - a54795b0-6c9c-4137-a866-f82f653c9bf9@group-FB3B7D7D89E3-LeaderElection75: Election REJECTED; received 2 response(s) [a54795b0-6c9c-4137-a866-f82f653c9bf9<-b26a8d60-58dc-431d-8168-f89a9ab35f3a#0:FAIL-t37, a54795b0-6c9c-4137-a866-f82f653c9bf9<-16805c57-9f45-4377-8998-764a8f26e152#0:FAIL-t37] and 0 exception(s); a54795b0-6c9c-4137-a866-f82f653c9bf9@group-FB3B7D7D89E3:t37, leader=null, voted=a54795b0-6c9c-4137-a866-f82f653c9bf9, raftlog=a54795b0-6c9c-4137-a866-f82f653c9bf9@group-FB3B7D7D89E3-SegmentedRaftLog:OPENED:c-1,f-1,i0, conf=-1: [a54795b0-6c9c-4137-a866-f82f653c9bf9:192.168.157.213:43688, b26a8d60-58dc-431d-8168-f89a9ab35f3a:192.168.157.213:35535, 16805c57-9f45-4377-8998-764a8f26e152:192.168.157.213:33728], old=null
2019-10-19 01:04:31,645 [a54795b0-6c9c-4137-a866-f82f653c9bf9@group-FB3B7D7D89E3-LeaderElection75] INFO  impl.RaftServerImpl (RaftServerImpl.java:setRole(184)) - a54795b0-6c9c-4137-a866-f82f653c9bf9@group-FB3B7D7D89E3: changes role from CANDIDATE to FOLLOWER at term 37 for DISCOVERED_A_NEW_TERM
2019-10-19 01:04:31,645 [a54795b0-6c9c-4137-a866-f82f653c9bf9@group-FB3B7D7D89E3-LeaderElection75] INFO  impl.RoleInfo (RoleInfo.java:shutdownLeaderElection(134)) - a54795b0-6c9c-4137-a866-f82f653c9bf9: shutdown LeaderElection
2019-10-19 01:04:31,645 [a54795b0-6c9c-4137-a866-f82f653c9bf9@group-FB3B7D7D89E3-LeaderElection75] INFO  impl.RoleInfo (RoleInfo.java:updateAndGet(143)) - a54795b0-6c9c-4137-a866-f82f653c9bf9: start FollowerState
2019-10-19 01:04:31,645 [a1c78c0e-869c-4f76-b4ce-2034448e0b80@group-D48B69A44692-LeaderElection74] INFO  impl.LeaderElection (LeaderElection.java:logAndReturn(56)) - a1c78c0e-869c-4f76-b4ce-2034448e0b80@group-D48B69A44692-LeaderElection74: Election REJECTED; received 2 response(s) [a1c78c0e-869c-4f76-b4ce-2034448e0b80<-51276c3c-a3b8-4274-b089-592ff4589f41#0:FAIL-t35, a1c78c0e-869c-4f76-b4ce-2034448e0b80<-64c90977-e867-487c-b50d-c226f2d34a76#0:FAIL-t35] and 0 exception(s); a1c78c0e-869c-4f76-b4ce-2034448e0b80@group-D48B69A44692:t35, leader=null, voted=a1c78c0e-869c-4f76-b4ce-2034448e0b80, raftlog=a1c78c0e-869c-4f76-b4ce-2034448e0b80@group-D48B69A44692-SegmentedRaftLog:OPENED:c-1,f-1,i0, conf=-1: [51276c3c-a3b8-4274-b089-592ff4589f41:192.168.157.213:36639, 64c90977-e867-487c-b50d-c226f2d34a76:192.168.157.213:37433, a1c78c0e-869c-4f76-b4ce-2034448e0b80:192.168.157.213:33501], old=null
2019-10-19 01:04:31,645 [a1c78c0e-869c-4f76-b4ce-2034448e0b80@group-D48B69A44692-LeaderElection74] INFO  impl.RaftServerImpl (RaftServerImpl.java:setRole(184)) - a1c78c0e-869c-4f76-b4ce-2034448e0b80@group-D48B69A44692: changes role from CANDIDATE to FOLLOWER at term 35 for DISCOVERED_A_NEW_TERM
2019-10-19 01:04:31,646 [a1c78c0e-869c-4f76-b4ce-2034448e0b80@group-D48B69A44692-LeaderElection74] INFO  impl.RoleInfo (RoleInfo.java:shutdownLeaderElection(134)) - a1c78c0e-869c-4f76-b4ce-2034448e0b80: shutdown LeaderElection
2019-10-19 01:04:31,646 [a1c78c0e-869c-4f76-b4ce-2034448e0b80@group-D48B69A44692-LeaderElection74] INFO  impl.RoleInfo (RoleInfo.java:updateAndGet(143)) - a1c78c0e-869c-4f76-b4ce-2034448e0b80: start FollowerState
2019-10-19 01:04:31,775 [Thread-841] INFO  impl.FollowerState (FollowerState.java:run(108)) - a1c78c0e-869c-4f76-b4ce-2034448e0b80@group-D48B69A44692-FollowerState: change to CANDIDATE, lastRpcTime:129ms, electionTimeout:129ms
2019-10-19 01:04:31,775 [Thread-841] INFO  impl.RoleInfo (RoleInfo.java:shutdownFollowerState(121)) - a1c78c0e-869c-4f76-b4ce-2034448e0b80: shutdown FollowerState
2019-10-19 01:04:31,775 [Thread-841] INFO  impl.RaftServerImpl (RaftServerImpl.java:setRole(184)) - a1c78c0e-869c-4f76-b4ce-2034448e0b80@group-D48B69A44692: changes role from  FOLLOWER to CANDIDATE at term 35 for changeToCandidate
2019-10-19 01:04:31,776 [Thread-841] INFO  impl.RoleInfo (RoleInfo.java:updateAndGet(143)) - a1c78c0e-869c-4f76-b4ce-2034448e0b80: start LeaderElection
2019-10-19 01:04:31,780 [a1c78c0e-869c-4f76-b4ce-2034448e0b80@group-D48B69A44692-LeaderElection76] INFO  impl.LeaderElection (LeaderElection.java:askForVotes(178)) - a1c78c0e-869c-4f76-b4ce-2034448e0b80@group-D48B69A44692-LeaderElection76: begin an election at term 36 for -1: [51276c3c-a3b8-4274-b089-592ff4589f41:192.168.157.213:36639, 64c90977-e867-487c-b50d-c226f2d34a76:192.168.157.213:37433, a1c78c0e-869c-4f76-b4ce-2034448e0b80:192.168.157.213:33501], old=null
2019-10-19 01:04:31,784 [grpc-default-executor-5] INFO  impl.RaftServerImpl (RaftServerImpl.java:setRole(184)) - 51276c3c-a3b8-4274-b089-592ff4589f41@group-D48B69A44692: changes role from  FOLLOWER to FOLLOWER at term 36 for recognizeCandidate:a1c78c0e-869c-4f76-b4ce-2034448e0b80
2019-10-19 01:04:31,784 [grpc-default-executor-7] INFO  impl.RaftServerImpl (RaftServerImpl.java:setRole(184)) - 64c90977-e867-487c-b50d-c226f2d34a76@group-D48B69A44692: changes role from  FOLLOWER to FOLLOWER at term 36 for recognizeCandidate:a1c78c0e-869c-4f76-b4ce-2034448e0b80
2019-10-19 01:04:31,784 [grpc-default-executor-7] INFO  impl.RoleInfo (RoleInfo.java:shutdownFollowerState(121)) - 64c90977-e867-487c-b50d-c226f2d34a76: shutdown FollowerState
2019-10-19 01:04:31,784 [grpc-default-executor-5] INFO  impl.RoleInfo (RoleInfo.java:shutdownFollowerState(121)) - 51276c3c-a3b8-4274-b089-592ff4589f41: shutdown FollowerState
2019-10-19 01:04:31,784 [Thread-836] INFO  impl.FollowerState (FollowerState.java:run(117)) - 64c90977-e867-487c-b50d-c226f2d34a76@group-D48B69A44692-FollowerState was interrupted: java.lang.InterruptedException: sleep interrupted
2019-10-19 01:04:31,784 [grpc-default-executor-7] INFO  impl.RoleInfo (RoleInfo.java:updateAndGet(143)) - 64c90977-e867-487c-b50d-c226f2d34a76: start FollowerState
2019-10-19 01:04:31,784 [Thread-837] INFO  impl.FollowerState (FollowerState.java:run(117)) - 51276c3c-a3b8-4274-b089-592ff4589f41@group-D48B69A44692-FollowerState was interrupted: java.lang.InterruptedException: sleep interrupted
2019-10-19 01:04:31,784 [grpc-default-executor-5] INFO  impl.RoleInfo (RoleInfo.java:updateAndGet(143)) - 51276c3c-a3b8-4274-b089-592ff4589f41: start FollowerState
2019-10-19 01:04:31,798 [a1c78c0e-869c-4f76-b4ce-2034448e0b80@group-D48B69A44692-LeaderElection76] INFO  impl.LeaderElection (LeaderElection.java:logAndReturn(56)) - a1c78c0e-869c-4f76-b4ce-2034448e0b80@group-D48B69A44692-LeaderElection76: Election REJECTED; received 2 response(s) [a1c78c0e-869c-4f76-b4ce-2034448e0b80<-51276c3c-a3b8-4274-b089-592ff4589f41#0:FAIL-t36, a1c78c0e-869c-4f76-b4ce-2034448e0b80<-64c90977-e867-487c-b50d-c226f2d34a76#0:FAIL-t36] and 0 exception(s); a1c78c0e-869c-4f76-b4ce-2034448e0b80@group-D48B69A44692:t36, leader=null, voted=a1c78c0e-869c-4f76-b4ce-2034448e0b80, raftlog=a1c78c0e-869c-4f76-b4ce-2034448e0b80@group-D48B69A44692-SegmentedRaftLog:OPENED:c-1,f-1,i0, conf=-1: [51276c3c-a3b8-4274-b089-592ff4589f41:192.168.157.213:36639, 64c90977-e867-487c-b50d-c226f2d34a76:192.168.157.213:37433, a1c78c0e-869c-4f76-b4ce-2034448e0b80:192.168.157.213:33501], old=null
2019-10-19 01:04:31,798 [a1c78c0e-869c-4f76-b4ce-2034448e0b80@group-D48B69A44692-LeaderElection76] INFO  impl.RaftServerImpl (RaftServerImpl.java:setRole(184)) - a1c78c0e-869c-4f76-b4ce-2034448e0b80@group-D48B69A44692: changes role from CANDIDATE to FOLLOWER at term 36 for DISCOVERED_A_NEW_TERM
2019-10-19 01:04:31,798 [a1c78c0e-869c-4f76-b4ce-2034448e0b80@group-D48B69A44692-LeaderElection76] INFO  impl.RoleInfo (RoleInfo.java:shutdownLeaderElection(134)) - a1c78c0e-869c-4f76-b4ce-2034448e0b80: shutdown LeaderElection
2019-10-19 01:04:31,799 [a1c78c0e-869c-4f76-b4ce-2034448e0b80@group-D48B69A44692-LeaderElection76] INFO  impl.RoleInfo (RoleInfo.java:updateAndGet(143)) - a1c78c0e-869c-4f76-b4ce-2034448e0b80: start FollowerState
2019-10-19 01:04:31,826 [Thread-840] INFO  impl.FollowerState (FollowerState.java:run(108)) - a54795b0-6c9c-4137-a866-f82f653c9bf9@group-FB3B7D7D89E3-FollowerState: change to CANDIDATE, lastRpcTime:180ms, electionTimeout:180ms
2019-10-19 01:04:31,826 [Thread-840] INFO  impl.RoleInfo (RoleInfo.java:shutdownFollowerState(121)) - a54795b0-6c9c-4137-a866-f82f653c9bf9: shutdown FollowerState
2019-10-19 01:04:31,826 [Thread-840] INFO  impl.RaftServerImpl (RaftServerImpl.java:setRole(184)) - a54795b0-6c9c-4137-a866-f82f653c9bf9@group-FB3B7D7D89E3: changes role from  FOLLOWER to CANDIDATE at term 37 for changeToCandidate
2019-10-19 01:04:31,826 [Thread-840] INFO  impl.RoleInfo (RoleInfo.java:updateAndGet(143)) - a54795b0-6c9c-4137-a866-f82f653c9bf9: start LeaderElection
2019-10-19 01:04:31,854 [a54795b0-6c9c-4137-a866-f82f653c9bf9@group-FB3B7D7D89E3-LeaderElection77] INFO  impl.LeaderElection (LeaderElection.java:askForVotes(178)) - a54795b0-6c9c-4137-a866-f82f653c9bf9@group-FB3B7D7D89E3-LeaderElection77: begin an election at term 38 for -1: [a54795b0-6c9c-4137-a866-f82f653c9bf9:192.168.157.213:43688, b26a8d60-58dc-431d-8168-f89a9ab35f3a:192.168.157.213:35535, 16805c57-9f45-4377-8998-764a8f26e152:192.168.157.213:33728], old=null
2019-10-19 01:04:31,860 [grpc-default-executor-5] INFO  impl.RaftServerImpl (RaftServerImpl.java:setRole(184)) - b26a8d60-58dc-431d-8168-f89a9ab35f3a@group-FB3B7D7D89E3: changes role from  FOLLOWER to FOLLOWER at term 38 for recognizeCandidate:a54795b0-6c9c-4137-a866-f82f653c9bf9
2019-10-19 01:04:31,860 [grpc-default-executor-7] INFO  impl.RaftServerImpl (RaftServerImpl.java:setRole(184)) - 16805c57-9f45-4377-8998-764a8f26e152@group-FB3B7D7D89E3: changes role from  FOLLOWER to FOLLOWER at term 38 for recognizeCandidate:a54795b0-6c9c-4137-a866-f82f653c9bf9
2019-10-19 01:04:31,860 [grpc-default-executor-5] INFO  impl.RoleInfo (RoleInfo.java:shutdownFollowerState(121)) - b26a8d60-58dc-431d-8168-f89a9ab35f3a: shutdown FollowerState
2019-10-19 01:04:31,860 [grpc-default-executor-7] INFO  impl.RoleInfo (RoleInfo.java:shutdownFollowerState(121)) - 16805c57-9f45-4377-8998-764a8f26e152: shutdown FollowerState
2019-10-19 01:04:31,860 [Thread-838] INFO  impl.FollowerState (FollowerState.java:run(117)) - b26a8d60-58dc-431d-8168-f89a9ab35f3a@group-FB3B7D7D89E3-FollowerState was interrupted: java.lang.InterruptedException: sleep interrupted
2019-10-19 01:04:31,860 [grpc-default-executor-5] INFO  impl.RoleInfo (RoleInfo.java:updateAndGet(143)) - b26a8d60-58dc-431d-8168-f89a9ab35f3a: start FollowerState
2019-10-19 01:04:31,860 [Thread-839] INFO  impl.FollowerState (FollowerState.java:run(117)) - 16805c57-9f45-4377-8998-764a8f26e152@group-FB3B7D7D89E3-FollowerState was interrupted: java.lang.InterruptedException: sleep interrupted
2019-10-19 01:04:31,860 [grpc-default-executor-7] INFO  impl.RoleInfo (RoleInfo.java:updateAndGet(143)) - 16805c57-9f45-4377-8998-764a8f26e152: start FollowerState
2019-10-19 01:04:31,876 [a54795b0-6c9c-4137-a866-f82f653c9bf9@group-FB3B7D7D89E3-LeaderElection77] INFO  impl.LeaderElection (LeaderElection.java:logAndReturn(56)) - a54795b0-6c9c-4137-a866-f82f653c9bf9@group-FB3B7D7D89E3-LeaderElection77: Election REJECTED; received 2 response(s) [a54795b0-6c9c-4137-a866-f82f653c9bf9<-b26a8d60-58dc-431d-8168-f89a9ab35f3a#0:FAIL-t38, a54795b0-6c9c-4137-a866-f82f653c9bf9<-16805c57-9f45-4377-8998-764a8f26e152#0:FAIL-t38] and 0 exception(s); a54795b0-6c9c-4137-a866-f82f653c9bf9@group-FB3B7D7D89E3:t38, leader=null, voted=a54795b0-6c9c-4137-a866-f82f653c9bf9, raftlog=a54795b0-6c9c-4137-a866-f82f653c9bf9@group-FB3B7D7D89E3-SegmentedRaftLog:OPENED:c-1,f-1,i0, conf=-1: [a54795b0-6c9c-4137-a866-f82f653c9bf9:192.168.157.213:43688, b26a8d60-58dc-431d-8168-f89a9ab35f3a:192.168.157.213:35535, 16805c57-9f45-4377-8998-764a8f26e152:192.168.157.213:33728], old=null
2019-10-19 01:04:31,876 [a54795b0-6c9c-4137-a866-f82f653c9bf9@group-FB3B7D7D89E3-LeaderElection77] INFO  impl.RaftServerImpl (RaftServerImpl.java:setRole(184)) - a54795b0-6c9c-4137-a866-f82f653c9bf9@group-FB3B7D7D89E3: changes role from CANDIDATE to FOLLOWER at term 38 for DISCOVERED_A_NEW_TERM
2019-10-19 01:04:31,876 [a54795b0-6c9c-4137-a866-f82f653c9bf9@group-FB3B7D7D89E3-LeaderElection77] INFO  impl.RoleInfo (RoleInfo.java:shutdownLeaderElection(134)) - a54795b0-6c9c-4137-a866-f82f653c9bf9: shutdown LeaderElection
2019-10-19 01:04:31,876 [a54795b0-6c9c-4137-a866-f82f653c9bf9@group-FB3B7D7D89E3-LeaderElection77] INFO  impl.RoleInfo (RoleInfo.java:updateAndGet(143)) - a54795b0-6c9c-4137-a866-f82f653c9bf9: start FollowerState
2019-10-19 01:04:31,971 [Thread-847] INFO  impl.FollowerState (FollowerState.java:run(108)) - a1c78c0e-869c-4f76-b4ce-2034448e0b80@group-D48B69A44692-FollowerState: change to CANDIDATE, lastRpcTime:172ms, electionTimeout:172ms
2019-10-19 01:04:31,971 [Thread-847] INFO  impl.RoleInfo (RoleInfo.java:shutdownFollowerState(121)) - a1c78c0e-869c-4f76-b4ce-2034448e0b80: shutdown FollowerState
2019-10-19 01:04:31,971 [Thread-847] INFO  impl.RaftServerImpl (RaftServerImpl.java:setRole(184)) - a1c78c0e-869c-4f76-b4ce-2034448e0b80@group-D48B69A44692: changes role from  FOLLOWER to CANDIDATE at term 36 for changeToCandidate
2019-10-19 01:04:31,972 [Thread-847] INFO  impl.RoleInfo (RoleInfo.java:updateAndGet(143)) - a1c78c0e-869c-4f76-b4ce-2034448e0b80: start LeaderElection
2019-10-19 01:04:31,985 [a1c78c0e-869c-4f76-b4ce-2034448e0b80@group-D48B69A44692-LeaderElection78] INFO  impl.LeaderElection (LeaderElection.java:askForVotes(178)) - a1c78c0e-869c-4f76-b4ce-2034448e0b80@group-D48B69A44692-LeaderElection78: begin an election at term 37 for -1: [51276c3c-a3b8-4274-b089-592ff4589f41:192.168.157.213:36639, 64c90977-e867-487c-b50d-c226f2d34a76:192.168.157.213:37433, a1c78c0e-869c-4f76-b4ce-2034448e0b80:192.168.157.213:33501], old=null
2019-10-19 01:04:31,989 [grpc-default-executor-7] INFO  impl.RaftServerImpl (RaftServerImpl.java:setRole(184)) - 51276c3c-a3b8-4274-b089-592ff4589f41@group-D48B69A44692: changes role from  FOLLOWER to FOLLOWER at term 37 for recognizeCandidate:a1c78c0e-869c-4f76-b4ce-2034448e0b80
2019-10-19 01:04:31,989 [grpc-default-executor-5] INFO  impl.RaftServerImpl (RaftServerImpl.java:setRole(184)) - 64c90977-e867-487c-b50d-c226f2d34a76@group-D48B69A44692: changes role from  FOLLOWER to FOLLOWER at term 37 for recognizeCandidate:a1c78c0e-869c-4f76-b4ce-2034448e0b80
2019-10-19 01:04:31,989 [grpc-default-executor-7] INFO  impl.RoleInfo (RoleInfo.java:shutdownFollowerState(121)) - 51276c3c-a3b8-4274-b089-592ff4589f41: shutdown FollowerState
2019-10-19 01:04:31,989 [grpc-default-executor-5] INFO  impl.RoleInfo (RoleInfo.java:shutdownFollowerState(121)) - 64c90977-e867-487c-b50d-c226f2d34a76: shutdown FollowerState
2019-10-19 01:04:31,989 [Thread-846] INFO  impl.FollowerState (FollowerState.java:run(117)) - 51276c3c-a3b8-4274-b089-592ff4589f41@group-D48B69A44692-FollowerState was interrupted: java.lang.InterruptedException: sleep interrupted
2019-10-19 01:04:31,989 [grpc-default-executor-7] INFO  impl.RoleInfo (RoleInfo.java:updateAndGet(143)) - 51276c3c-a3b8-4274-b089-592ff4589f41: start FollowerState
2019-10-19 01:04:31,989 [Thread-845] INFO  impl.FollowerState (FollowerState.java:run(117)) - 64c90977-e867-487c-b50d-c226f2d34a76@group-D48B69A44692-FollowerState was interrupted: java.lang.InterruptedException: sleep interrupted
2019-10-19 01:04:31,989 [grpc-default-executor-5] INFO  impl.RoleInfo (RoleInfo.java:updateAndGet(143)) - 64c90977-e867-487c-b50d-c226f2d34a76: start FollowerState
2019-10-19 01:04:32,004 [a1c78c0e-869c-4f76-b4ce-2034448e0b80@group-D48B69A44692-LeaderElection78] INFO  impl.LeaderElection (LeaderElection.java:logAndReturn(56)) - a1c78c0e-869c-4f76-b4ce-2034448e0b80@group-D48B69A44692-LeaderElection78: Election REJECTED; received 2 response(s) [a1c78c0e-869c-4f76-b4ce-2034448e0b80<-51276c3c-a3b8-4274-b089-592ff4589f41#0:FAIL-t37, a1c78c0e-869c-4f76-b4ce-2034448e0b80<-64c90977-e867-487c-b50d-c226f2d34a76#0:FAIL-t37] and 0 exception(s); a1c78c0e-869c-4f76-b4ce-2034448e0b80@group-D48B69A44692:t37, leader=null, voted=a1c78c0e-869c-4f76-b4ce-2034448e0b80, raftlog=a1c78c0e-869c-4f76-b4ce-2034448e0b80@group-D48B69A44692-SegmentedRaftLog:OPENED:c-1,f-1,i0, conf=-1: [51276c3c-a3b8-4274-b089-592ff4589f41:192.168.157.213:36639, 64c90977-e867-487c-b50d-c226f2d34a76:192.168.157.213:37433, a1c78c0e-869c-4f76-b4ce-2034448e0b80:192.168.157.213:33501], old=null
2019-10-19 01:04:32,005 [a1c78c0e-869c-4f76-b4ce-2034448e0b80@group-D48B69A44692-LeaderElection78] INFO  impl.RaftServerImpl (RaftServerImpl.java:setRole(184)) - a1c78c0e-869c-4f76-b4ce-2034448e0b80@group-D48B69A44692: changes role from CANDIDATE to FOLLOWER at term 37 for DISCOVERED_A_NEW_TERM
2019-10-19 01:04:32,005 [a1c78c0e-869c-4f76-b4ce-2034448e0b80@group-D48B69A44692-LeaderElection78] INFO  impl.RoleInfo (RoleInfo.java:shutdownLeaderElection(134)) - a1c78c0e-869c-4f76-b4ce-2034448e0b80: shutdown LeaderElection
2019-10-19 01:04:32,005 [a1c78c0e-869c-4f76-b4ce-2034448e0b80@group-D48B69A44692-LeaderElection78] INFO  impl.RoleInfo (RoleInfo.java:updateAndGet(143)) - a1c78c0e-869c-4f76-b4ce-2034448e0b80: start FollowerState
2019-10-19 01:04:32,023 [Thread-855] INFO  impl.FollowerState (FollowerState.java:run(108)) - a54795b0-6c9c-4137-a866-f82f653c9bf9@group-FB3B7D7D89E3-FollowerState: change to CANDIDATE, lastRpcTime:146ms, electionTimeout:146ms
2019-10-19 01:04:32,023 [Thread-855] INFO  impl.RoleInfo (RoleInfo.java:shutdownFollowerState(121)) - a54795b0-6c9c-4137-a866-f82f653c9bf9: shutdown FollowerState
2019-10-19 01:04:32,023 [Thread-855] INFO  impl.RaftServerImpl (RaftServerImpl.java:setRole(184)) - a54795b0-6c9c-4137-a866-f82f653c9bf9@group-FB3B7D7D89E3: changes role from  FOLLOWER to CANDIDATE at term 38 for changeToCandidate
2019-10-19 01:04:32,023 [Thread-855] INFO  impl.RoleInfo (RoleInfo.java:updateAndGet(143)) - a54795b0-6c9c-4137-a866-f82f653c9bf9: start LeaderElection
2019-10-19 01:04:32,037 [a54795b0-6c9c-4137-a866-f82f653c9bf9@group-FB3B7D7D89E3-LeaderElection79] INFO  impl.LeaderElection (LeaderElection.java:askForVotes(178)) - a54795b0-6c9c-4137-a866-f82f653c9bf9@group-FB3B7D7D89E3-LeaderElection79: begin an election at term 39 for -1: [a54795b0-6c9c-4137-a866-f82f653c9bf9:192.168.157.213:43688, b26a8d60-58dc-431d-8168-f89a9ab35f3a:192.168.157.213:35535, 16805c57-9f45-4377-8998-764a8f26e152:192.168.157.213:33728], old=null
2019-10-19 01:04:32,039 [grpc-default-executor-7] INFO  impl.RaftServerImpl (RaftServerImpl.java:setRole(184)) - 16805c57-9f45-4377-8998-764a8f26e152@group-FB3B7D7D89E3: changes role from  FOLLOWER to FOLLOWER at term 39 for recognizeCandidate:a54795b0-6c9c-4137-a866-f82f653c9bf9
2019-10-19 01:04:32,039 [grpc-default-executor-7] INFO  impl.RoleInfo (RoleInfo.java:shutdownFollowerState(121)) - 16805c57-9f45-4377-8998-764a8f26e152: shutdown FollowerState
2019-10-19 01:04:32,039 [grpc-default-executor-5] INFO  impl.RaftServerImpl (RaftServerImpl.java:setRole(184)) - b26a8d60-58dc-431d-8168-f89a9ab35f3a@group-FB3B7D7D89E3: changes role from  FOLLOWER to FOLLOWER at term 39 for recognizeCandidate:a54795b0-6c9c-4137-a866-f82f653c9bf9
2019-10-19 01:04:32,040 [Thread-854] INFO  impl.FollowerState (FollowerState.java:run(117)) - 16805c57-9f45-4377-8998-764a8f26e152@group-FB3B7D7D89E3-FollowerState was interrupted: java.lang.InterruptedException: sleep interrupted
2019-10-19 01:04:32,040 [grpc-default-executor-7] INFO  impl.RoleInfo (RoleInfo.java:updateAndGet(143)) - 16805c57-9f45-4377-8998-764a8f26e152: start FollowerState
2019-10-19 01:04:32,040 [grpc-default-executor-5] INFO  impl.RoleInfo (RoleInfo.java:shutdownFollowerState(121)) - b26a8d60-58dc-431d-8168-f89a9ab35f3a: shutdown FollowerState
2019-10-19 01:04:32,040 [grpc-default-executor-5] INFO  impl.RoleInfo (RoleInfo.java:updateAndGet(143)) - b26a8d60-58dc-431d-8168-f89a9ab35f3a: start FollowerState
2019-10-19 01:04:32,040 [Thread-853] INFO  impl.FollowerState (FollowerState.java:run(117)) - b26a8d60-58dc-431d-8168-f89a9ab35f3a@group-FB3B7D7D89E3-FollowerState was interrupted: java.lang.InterruptedException: sleep interrupted
2019-10-19 01:04:32,053 [a54795b0-6c9c-4137-a866-f82f653c9bf9@group-FB3B7D7D89E3-LeaderElection79] INFO  impl.LeaderElection (LeaderElection.java:logAndReturn(56)) - a54795b0-6c9c-4137-a866-f82f653c9bf9@group-FB3B7D7D89E3-LeaderElection79: Election REJECTED; received 2 response(s) [a54795b0-6c9c-4137-a866-f82f653c9bf9<-b26a8d60-58dc-431d-8168-f89a9ab35f3a#0:FAIL-t39, a54795b0-6c9c-4137-a866-f82f653c9bf9<-16805c57-9f45-4377-8998-764a8f26e152#0:FAIL-t39] and 0 exception(s); a54795b0-6c9c-4137-a866-f82f653c9bf9@group-FB3B7D7D89E3:t39, leader=null, voted=a54795b0-6c9c-4137-a866-f82f653c9bf9, raftlog=a54795b0-6c9c-4137-a866-f82f653c9bf9@group-FB3B7D7D89E3-SegmentedRaftLog:OPENED:c-1,f-1,i0, conf=-1: [a54795b0-6c9c-4137-a866-f82f653c9bf9:192.168.157.213:43688, b26a8d60-58dc-431d-8168-f89a9ab35f3a:192.168.157.213:35535, 16805c57-9f45-4377-8998-764a8f26e152:192.168.157.213:33728], old=null
2019-10-19 01:04:32,053 [a54795b0-6c9c-4137-a866-f82f653c9bf9@group-FB3B7D7D89E3-LeaderElection79] INFO  impl.RaftServerImpl (RaftServerImpl.java:setRole(184)) - a54795b0-6c9c-4137-a866-f82f653c9bf9@group-FB3B7D7D89E3: changes role from CANDIDATE to FOLLOWER at term 39 for DISCOVERED_A_NEW_TERM
2019-10-19 01:04:32,053 [a54795b0-6c9c-4137-a866-f82f653c9bf9@group-FB3B7D7D89E3-LeaderElection79] INFO  impl.RoleInfo (RoleInfo.java:shutdownLeaderElection(134)) - a54795b0-6c9c-4137-a866-f82f653c9bf9: shutdown LeaderElection
2019-10-19 01:04:32,053 [a54795b0-6c9c-4137-a866-f82f653c9bf9@group-FB3B7D7D89E3-LeaderElection79] INFO  impl.RoleInfo (RoleInfo.java:updateAndGet(143)) - a54795b0-6c9c-4137-a866-f82f653c9bf9: start FollowerState
2019-10-19 01:04:32,105 [Thread-863] INFO  impl.FollowerState (FollowerState.java:run(108)) - a1c78c0e-869c-4f76-b4ce-2034448e0b80@group-D48B69A44692-FollowerState: change to CANDIDATE, lastRpcTime:100ms, electionTimeout:100ms
2019-10-19 01:04:32,106 [Thread-863] INFO  impl.RoleInfo (RoleInfo.java:shutdownFollowerState(121)) - a1c78c0e-869c-4f76-b4ce-2034448e0b80: shutdown FollowerState
2019-10-19 01:04:32,106 [Thread-863] INFO  impl.RaftServerImpl (RaftServerImpl.java:setRole(184)) - a1c78c0e-869c-4f76-b4ce-2034448e0b80@group-D48B69A44692: changes role from  FOLLOWER to CANDIDATE at term 37 for changeToCandidate
2019-10-19 01:04:32,106 [Thread-863] INFO  impl.RoleInfo (RoleInfo.java:updateAndGet(143)) - a1c78c0e-869c-4f76-b4ce-2034448e0b80: start LeaderElection
2019-10-19 01:04:32,121 [a1c78c0e-869c-4f76-b4ce-2034448e0b80@group-D48B69A44692-LeaderElection80] INFO  impl.LeaderElection (LeaderElection.java:askForVotes(178)) - a1c78c0e-869c-4f76-b4ce-2034448e0b80@group-D48B69A44692-LeaderElection80: begin an election at term 38 for -1: [51276c3c-a3b8-4274-b089-592ff4589f41:192.168.157.213:36639, 64c90977-e867-487c-b50d-c226f2d34a76:192.168.157.213:37433, a1c78c0e-869c-4f76-b4ce-2034448e0b80:192.168.157.213:33501], old=null
2019-10-19 01:04:32,123 [grpc-default-executor-7] INFO  impl.RaftServerImpl (RaftServerImpl.java:setRole(184)) - 64c90977-e867-487c-b50d-c226f2d34a76@group-D48B69A44692: changes role from  FOLLOWER to FOLLOWER at term 38 for recognizeCandidate:a1c78c0e-869c-4f76-b4ce-2034448e0b80
2019-10-19 01:04:32,123 [grpc-default-executor-5] INFO  impl.RaftServerImpl (RaftServerImpl.java:setRole(184)) - 51276c3c-a3b8-4274-b089-592ff4589f41@group-D48B69A44692: changes role from  FOLLOWER to FOLLOWER at term 38 for recognizeCandidate:a1c78c0e-869c-4f76-b4ce-2034448e0b80
2019-10-19 01:04:32,124 [grpc-default-executor-7] INFO  impl.RoleInfo (RoleInfo.java:shutdownFollowerState(121)) - 64c90977-e867-487c-b50d-c226f2d34a76: shutdown FollowerState
2019-10-19 01:04:32,124 [grpc-default-executor-5] INFO  impl.RoleInfo (RoleInfo.java:shutdownFollowerState(121)) - 51276c3c-a3b8-4274-b089-592ff4589f41: shutdown FollowerState
2019-10-19 01:04:32,124 [Thread-862] INFO  impl.FollowerState (FollowerState.java:run(117)) - 64c90977-e867-487c-b50d-c226f2d34a76@group-D48B69A44692-FollowerState was interrupted: java.lang.InterruptedException: sleep interrupted
2019-10-19 01:04:32,124 [grpc-default-executor-7] INFO  impl.RoleInfo (RoleInfo.java:updateAndGet(143)) - 64c90977-e867-487c-b50d-c226f2d34a76: start FollowerState
2019-10-19 01:04:32,124 [grpc-default-executor-5] INFO  impl.RoleInfo (RoleInfo.java:updateAndGet(143)) - 51276c3c-a3b8-4274-b089-592ff4589f41: start FollowerState
2019-10-19 01:04:32,124 [Thread-861] INFO  impl.FollowerState (FollowerState.java:run(117)) - 51276c3c-a3b8-4274-b089-592ff4589f41@group-D48B69A44692-FollowerState was interrupted: java.lang.InterruptedException: sleep interrupted
2019-10-19 01:04:32,139 [a1c78c0e-869c-4f76-b4ce-2034448e0b80@group-D48B69A44692-LeaderElection80] INFO  impl.LeaderElection (LeaderElection.java:logAndReturn(56)) - a1c78c0e-869c-4f76-b4ce-2034448e0b80@group-D48B69A44692-LeaderElection80: Election REJECTED; received 2 response(s) [a1c78c0e-869c-4f76-b4ce-2034448e0b80<-51276c3c-a3b8-4274-b089-592ff4589f41#0:FAIL-t38, a1c78c0e-869c-4f76-b4ce-2034448e0b80<-64c90977-e867-487c-b50d-c226f2d34a76#0:FAIL-t38] and 0 exception(s); a1c78c0e-869c-4f76-b4ce-2034448e0b80@group-D48B69A44692:t38, leader=null, voted=a1c78c0e-869c-4f76-b4ce-2034448e0b80, raftlog=a1c78c0e-869c-4f76-b4ce-2034448e0b80@group-D48B69A44692-SegmentedRaftLog:OPENED:c-1,f-1,i0, conf=-1: [51276c3c-a3b8-4274-b089-592ff4589f41:192.168.157.213:36639, 64c90977-e867-487c-b50d-c226f2d34a76:192.168.157.213:37433, a1c78c0e-869c-4f76-b4ce-2034448e0b80:192.168.157.213:33501], old=null
2019-10-19 01:04:32,139 [a1c78c0e-869c-4f76-b4ce-2034448e0b80@group-D48B69A44692-LeaderElection80] INFO  impl.RaftServerImpl (RaftServerImpl.java:setRole(184)) - a1c78c0e-869c-4f76-b4ce-2034448e0b80@group-D48B69A44692: changes role from CANDIDATE to FOLLOWER at term 38 for DISCOVERED_A_NEW_TERM
2019-10-19 01:04:32,139 [a1c78c0e-869c-4f76-b4ce-2034448e0b80@group-D48B69A44692-LeaderElection80] INFO  impl.RoleInfo (RoleInfo.java:shutdownLeaderElection(134)) - a1c78c0e-869c-4f76-b4ce-2034448e0b80: shutdown LeaderElection
2019-10-19 01:04:32,140 [a1c78c0e-869c-4f76-b4ce-2034448e0b80@group-D48B69A44692-LeaderElection80] INFO  impl.RoleInfo (RoleInfo.java:updateAndGet(143)) - a1c78c0e-869c-4f76-b4ce-2034448e0b80: start FollowerState
2019-10-19 01:04:32,240 [Thread-869] INFO  impl.FollowerState (FollowerState.java:run(108)) - a54795b0-6c9c-4137-a866-f82f653c9bf9@group-FB3B7D7D89E3-FollowerState: change to CANDIDATE, lastRpcTime:186ms, electionTimeout:186ms
2019-10-19 01:04:32,240 [Thread-869] INFO  impl.RoleInfo (RoleInfo.java:shutdownFollowerState(121)) - a54795b0-6c9c-4137-a866-f82f653c9bf9: shutdown FollowerState
2019-10-19 01:04:32,240 [Thread-869] INFO  impl.RaftServerImpl (RaftServerImpl.java:setRole(184)) - a54795b0-6c9c-4137-a866-f82f653c9bf9@group-FB3B7D7D89E3: changes role from  FOLLOWER to CANDIDATE at term 39 for changeToCandidate
2019-10-19 01:04:32,240 [Thread-869] INFO  impl.RoleInfo (RoleInfo.java:updateAndGet(143)) - a54795b0-6c9c-4137-a866-f82f653c9bf9: start LeaderElection
2019-10-19 01:04:32,252 [a54795b0-6c9c-4137-a866-f82f653c9bf9@group-FB3B7D7D89E3-LeaderElection81] INFO  impl.LeaderElection (LeaderElection.java:askForVotes(178)) - a54795b0-6c9c-4137-a866-f82f653c9bf9@group-FB3B7D7D89E3-LeaderElection81: begin an election at term 40 for -1: [a54795b0-6c9c-4137-a866-f82f653c9bf9:192.168.157.213:43688, b26a8d60-58dc-431d-8168-f89a9ab35f3a:192.168.157.213:35535, 16805c57-9f45-4377-8998-764a8f26e152:192.168.157.213:33728], old=null
2019-10-19 01:04:32,257 [grpc-default-executor-5] INFO  impl.RaftServerImpl (RaftServerImpl.java:setRole(184)) - b26a8d60-58dc-431d-8168-f89a9ab35f3a@group-FB3B7D7D89E3: changes role from  FOLLOWER to FOLLOWER at term 40 for recognizeCandidate:a54795b0-6c9c-4137-a866-f82f653c9bf9
2019-10-19 01:04:32,257 [grpc-default-executor-7] INFO  impl.RaftServerImpl (RaftServerImpl.java:setRole(184)) - 16805c57-9f45-4377-8998-764a8f26e152@group-FB3B7D7D89E3: changes role from  FOLLOWER to FOLLOWER at term 40 for recognizeCandidate:a54795b0-6c9c-4137-a866-f82f653c9bf9
2019-10-19 01:04:32,257 [grpc-default-executor-7] INFO  impl.RoleInfo (RoleInfo.java:shutdownFollowerState(121)) - 16805c57-9f45-4377-8998-764a8f26e152: shutdown FollowerState
2019-10-19 01:04:32,257 [grpc-default-executor-5] INFO  impl.RoleInfo (RoleInfo.java:shutdownFollowerState(121)) - b26a8d60-58dc-431d-8168-f89a9ab35f3a: shutdown FollowerState
2019-10-19 01:04:32,257 [grpc-default-executor-7] INFO  impl.RoleInfo (RoleInfo.java:updateAndGet(143)) - 16805c57-9f45-4377-8998-764a8f26e152: start FollowerState
2019-10-19 01:04:32,257 [Thread-867] INFO  impl.FollowerState (FollowerState.java:run(117)) - 16805c57-9f45-4377-8998-764a8f26e152@group-FB3B7D7D89E3-FollowerState was interrupted: java.lang.InterruptedException: sleep interrupted
2019-10-19 01:04:32,257 [grpc-default-executor-5] INFO  impl.RoleInfo (RoleInfo.java:updateAndGet(143)) - b26a8d60-58dc-431d-8168-f89a9ab35f3a: start FollowerState
2019-10-19 01:04:32,257 [Thread-868] INFO  impl.FollowerState (FollowerState.java:run(117)) - b26a8d60-58dc-431d-8168-f89a9ab35f3a@group-FB3B7D7D89E3-FollowerState was interrupted: java.lang.InterruptedException: sleep interrupted
2019-10-19 01:04:32,268 [a54795b0-6c9c-4137-a866-f82f653c9bf9@group-FB3B7D7D89E3-LeaderElection81] INFO  impl.LeaderElection (LeaderElection.java:logAndReturn(56)) - a54795b0-6c9c-4137-a866-f82f653c9bf9@group-FB3B7D7D89E3-LeaderElection81: Election REJECTED; received 2 response(s) [a54795b0-6c9c-4137-a866-f82f653c9bf9<-b26a8d60-58dc-431d-8168-f89a9ab35f3a#0:FAIL-t40, a54795b0-6c9c-4137-a866-f82f653c9bf9<-16805c57-9f45-4377-8998-764a8f26e152#0:FAIL-t40] and 0 exception(s); a54795b0-6c9c-4137-a866-f82f653c9bf9@group-FB3B7D7D89E3:t40, leader=null, voted=a54795b0-6c9c-4137-a866-f82f653c9bf9, raftlog=a54795b0-6c9c-4137-a866-f82f653c9bf9@group-FB3B7D7D89E3-SegmentedRaftLog:OPENED:c-1,f-1,i0, conf=-1: [a54795b0-6c9c-4137-a866-f82f653c9bf9:192.168.157.213:43688, b26a8d60-58dc-431d-8168-f89a9ab35f3a:192.168.157.213:35535, 16805c57-9f45-4377-8998-764a8f26e152:192.168.157.213:33728], old=null
2019-10-19 01:04:32,268 [a54795b0-6c9c-4137-a866-f82f653c9bf9@group-FB3B7D7D89E3-LeaderElection81] INFO  impl.RaftServerImpl (RaftServerImpl.java:setRole(184)) - a54795b0-6c9c-4137-a866-f82f653c9bf9@group-FB3B7D7D89E3: changes role from CANDIDATE to FOLLOWER at term 40 for DISCOVERED_A_NEW_TERM
2019-10-19 01:04:32,268 [a54795b0-6c9c-4137-a866-f82f653c9bf9@group-FB3B7D7D89E3-LeaderElection81] INFO  impl.RoleInfo (RoleInfo.java:shutdownLeaderElection(134)) - a54795b0-6c9c-4137-a866-f82f653c9bf9: shutdown LeaderElection
2019-10-19 01:04:32,268 [a54795b0-6c9c-4137-a866-f82f653c9bf9@group-FB3B7D7D89E3-LeaderElection81] INFO  impl.RoleInfo (RoleInfo.java:updateAndGet(143)) - a54795b0-6c9c-4137-a866-f82f653c9bf9: start FollowerState
2019-10-19 01:04:32,314 [Thread-875] INFO  impl.FollowerState (FollowerState.java:run(108)) - a1c78c0e-869c-4f76-b4ce-2034448e0b80@group-D48B69A44692-FollowerState: change to CANDIDATE, lastRpcTime:174ms, electionTimeout:174ms
2019-10-19 01:04:32,314 [Thread-875] INFO  impl.RoleInfo (RoleInfo.java:shutdownFollowerState(121)) - a1c78c0e-869c-4f76-b4ce-2034448e0b80: shutdown FollowerState
2019-10-19 01:04:32,314 [Thread-875] INFO  impl.RaftServerImpl (RaftServerImpl.java:setRole(184)) - a1c78c0e-869c-4f76-b4ce-2034448e0b80@group-D48B69A44692: changes role from  FOLLOWER to CANDIDATE at term 38 for changeToCandidate
2019-10-19 01:04:32,314 [Thread-875] INFO  impl.RoleInfo (RoleInfo.java:updateAndGet(143)) - a1c78c0e-869c-4f76-b4ce-2034448e0b80: start LeaderElection
2019-10-19 01:04:32,327 [a1c78c0e-869c-4f76-b4ce-2034448e0b80@group-D48B69A44692-LeaderElection82] INFO  impl.LeaderElection (LeaderElection.java:askForVotes(178)) - a1c78c0e-869c-4f76-b4ce-2034448e0b80@group-D48B69A44692-LeaderElection82: begin an election at term 39 for -1: [51276c3c-a3b8-4274-b089-592ff4589f41:192.168.157.213:36639, 64c90977-e867-487c-b50d-c226f2d34a76:192.168.157.213:37433, a1c78c0e-869c-4f76-b4ce-2034448e0b80:192.168.157.213:33501], old=null
2019-10-19 01:04:32,329 [grpc-default-executor-5] INFO  impl.RaftServerImpl (RaftServerImpl.java:setRole(184)) - 64c90977-e867-487c-b50d-c226f2d34a76@group-D48B69A44692: changes role from  FOLLOWER to FOLLOWER at term 39 for recognizeCandidate:a1c78c0e-869c-4f76-b4ce-2034448e0b80
2019-10-19 01:04:32,329 [grpc-default-executor-7] INFO  impl.RaftServerImpl (RaftServerImpl.java:setRole(184)) - 51276c3c-a3b8-4274-b089-592ff4589f41@group-D48B69A44692: changes role from  FOLLOWER to FOLLOWER at term 39 for recognizeCandidate:a1c78c0e-869c-4f76-b4ce-2034448e0b80
2019-10-19 01:04:32,329 [grpc-default-executor-5] INFO  impl.RoleInfo (RoleInfo.java:shutdownFollowerState(121)) - 64c90977-e867-487c-b50d-c226f2d34a76: shutdown FollowerState
2019-10-19 01:04:32,329 [grpc-default-executor-7] INFO  impl.RoleInfo (RoleInfo.java:shutdownFollowerState(121)) - 51276c3c-a3b8-4274-b089-592ff4589f41: shutdown FollowerState
2019-10-19 01:04:32,330 [Thread-873] INFO  impl.FollowerState (FollowerState.java:run(117)) - 64c90977-e867-487c-b50d-c226f2d34a76@group-D48B69A44692-FollowerState was interrupted: java.lang.InterruptedException: sleep interrupted
2019-10-19 01:04:32,330 [grpc-default-executor-5] INFO  impl.RoleInfo (RoleInfo.java:updateAndGet(143)) - 64c90977-e867-487c-b50d-c226f2d34a76: start FollowerState
2019-10-19 01:04:32,330 [Thread-874] INFO  impl.FollowerState (FollowerState.java:run(117)) - 51276c3c-a3b8-4274-b089-592ff4589f41@group-D48B69A44692-FollowerState was interrupted: java.lang.InterruptedException: sleep interrupted
2019-10-19 01:04:32,330 [grpc-default-executor-7] INFO  impl.RoleInfo (RoleInfo.java:updateAndGet(143)) - 51276c3c-a3b8-4274-b089-592ff4589f41: start FollowerState
2019-10-19 01:04:32,347 [a1c78c0e-869c-4f76-b4ce-2034448e0b80@group-D48B69A44692-LeaderElection82] INFO  impl.LeaderElection (LeaderElection.java:logAndReturn(56)) - a1c78c0e-869c-4f76-b4ce-2034448e0b80@group-D48B69A44692-LeaderElection82: Election REJECTED; received 2 response(s) [a1c78c0e-869c-4f76-b4ce-2034448e0b80<-51276c3c-a3b8-4274-b089-592ff4589f41#0:FAIL-t39, a1c78c0e-869c-4f76-b4ce-2034448e0b80<-64c90977-e867-487c-b50d-c226f2d34a76#0:FAIL-t39] and 0 exception(s); a1c78c0e-869c-4f76-b4ce-2034448e0b80@group-D48B69A44692:t39, leader=null, voted=a1c78c0e-869c-4f76-b4ce-2034448e0b80, raftlog=a1c78c0e-869c-4f76-b4ce-2034448e0b80@group-D48B69A44692-SegmentedRaftLog:OPENED:c-1,f-1,i0, conf=-1: [51276c3c-a3b8-4274-b089-592ff4589f41:192.168.157.213:36639, 64c90977-e867-487c-b50d-c226f2d34a76:192.168.157.213:37433, a1c78c0e-869c-4f76-b4ce-2034448e0b80:192.168.157.213:33501], old=null
2019-10-19 01:04:32,347 [a1c78c0e-869c-4f76-b4ce-2034448e0b80@group-D48B69A44692-LeaderElection82] INFO  impl.RaftServerImpl (RaftServerImpl.java:setRole(184)) - a1c78c0e-869c-4f76-b4ce-2034448e0b80@group-D48B69A44692: changes role from CANDIDATE to FOLLOWER at term 39 for DISCOVERED_A_NEW_TERM
2019-10-19 01:04:32,347 [a1c78c0e-869c-4f76-b4ce-2034448e0b80@group-D48B69A44692-LeaderElection82] INFO  impl.RoleInfo (RoleInfo.java:shutdownLeaderElection(134)) - a1c78c0e-869c-4f76-b4ce-2034448e0b80: shutdown LeaderElection
2019-10-19 01:04:32,347 [a1c78c0e-869c-4f76-b4ce-2034448e0b80@group-D48B69A44692-LeaderElection82] INFO  impl.RoleInfo (RoleInfo.java:updateAndGet(143)) - a1c78c0e-869c-4f76-b4ce-2034448e0b80: start FollowerState
2019-10-19 01:04:32,394 [Thread-881] INFO  impl.FollowerState (FollowerState.java:run(108)) - a54795b0-6c9c-4137-a866-f82f653c9bf9@group-FB3B7D7D89E3-FollowerState: change to CANDIDATE, lastRpcTime:125ms, electionTimeout:125ms
2019-10-19 01:04:32,394 [Thread-881] INFO  impl.RoleInfo (RoleInfo.java:shutdownFollowerState(121)) - a54795b0-6c9c-4137-a866-f82f653c9bf9: shutdown FollowerState
2019-10-19 01:04:32,394 [Thread-881] INFO  impl.RaftServerImpl (RaftServerImpl.java:setRole(184)) - a54795b0-6c9c-4137-a866-f82f653c9bf9@group-FB3B7D7D89E3: changes role from  FOLLOWER to CANDIDATE at term 40 for changeToCandidate
2019-10-19 01:04:32,394 [Thread-881] INFO  impl.RoleInfo (RoleInfo.java:updateAndGet(143)) - a54795b0-6c9c-4137-a866-f82f653c9bf9: start LeaderElection
2019-10-19 01:04:32,407 [a54795b0-6c9c-4137-a866-f82f653c9bf9@group-FB3B7D7D89E3-LeaderElection83] INFO  impl.LeaderElection (LeaderElection.java:askForVotes(178)) - a54795b0-6c9c-4137-a866-f82f653c9bf9@group-FB3B7D7D89E3-LeaderElection83: begin an election at term 41 for -1: [a54795b0-6c9c-4137-a866-f82f653c9bf9:192.168.157.213:43688, b26a8d60-58dc-431d-8168-f89a9ab35f3a:192.168.157.213:35535, 16805c57-9f45-4377-8998-764a8f26e152:192.168.157.213:33728], old=null
2019-10-19 01:04:32,409 [grpc-default-executor-5] INFO  impl.RaftServerImpl (RaftServerImpl.java:setRole(184)) - b26a8d60-58dc-431d-8168-f89a9ab35f3a@group-FB3B7D7D89E3: changes role from  FOLLOWER to FOLLOWER at term 41 for recognizeCandidate:a54795b0-6c9c-4137-a866-f82f653c9bf9
2019-10-19 01:04:32,409 [grpc-default-executor-7] INFO  impl.RaftServerImpl (RaftServerImpl.java:setRole(184)) - 16805c57-9f45-4377-8998-764a8f26e152@group-FB3B7D7D89E3: changes role from  FOLLOWER to FOLLOWER at term 41 for recognizeCandidate:a54795b0-6c9c-4137-a866-f82f653c9bf9
2019-10-19 01:04:32,410 [grpc-default-executor-5] INFO  impl.RoleInfo (RoleInfo.java:shutdownFollowerState(121)) - b26a8d60-58dc-431d-8168-f89a9ab35f3a: shutdown FollowerState
2019-10-19 01:04:32,410 [grpc-default-executor-7] INFO  impl.RoleInfo (RoleInfo.java:shutdownFollowerState(121)) - 16805c57-9f45-4377-8998-764a8f26e152: shutdown FollowerState
2019-10-19 01:04:32,410 [Thread-880] INFO  impl.FollowerState (FollowerState.java:run(117)) - b26a8d60-58dc-431d-8168-f89a9ab35f3a@group-FB3B7D7D89E3-FollowerState was interrupted: java.lang.InterruptedException: sleep interrupted
2019-10-19 01:04:32,410 [grpc-default-executor-7] INFO  impl.RoleInfo (RoleInfo.java:updateAndGet(143)) - 16805c57-9f45-4377-8998-764a8f26e152: start FollowerState
2019-10-19 01:04:32,410 [grpc-default-executor-5] INFO  impl.RoleInfo (RoleInfo.java:updateAndGet(143)) - b26a8d60-58dc-431d-8168-f89a9ab35f3a: start FollowerState
2019-10-19 01:04:32,410 [Thread-879] INFO  impl.FollowerState (FollowerState.java:run(117)) - 16805c57-9f45-4377-8998-764a8f26e152@group-FB3B7D7D89E3-FollowerState was interrupted: java.lang.InterruptedException: sleep interrupted
2019-10-19 01:04:32,425 [a54795b0-6c9c-4137-a866-f82f653c9bf9@group-FB3B7D7D89E3-LeaderElection83] INFO  impl.LeaderElection (LeaderElection.java:logAndReturn(56)) - a54795b0-6c9c-4137-a866-f82f653c9bf9@group-FB3B7D7D89E3-LeaderElection83: Election REJECTED; received 2 response(s) [a54795b0-6c9c-4137-a866-f82f653c9bf9<-b26a8d60-58dc-431d-8168-f89a9ab35f3a#0:FAIL-t41, a54795b0-6c9c-4137-a866-f82f653c9bf9<-16805c57-9f45-4377-8998-764a8f26e152#0:FAIL-t41] and 0 exception(s); a54795b0-6c9c-4137-a866-f82f653c9bf9@group-FB3B7D7D89E3:t41, leader=null, voted=a54795b0-6c9c-4137-a866-f82f653c9bf9, raftlog=a54795b0-6c9c-4137-a866-f82f653c9bf9@group-FB3B7D7D89E3-SegmentedRaftLog:OPENED:c-1,f-1,i0, conf=-1: [a54795b0-6c9c-4137-a866-f82f653c9bf9:192.168.157.213:43688, b26a8d60-58dc-431d-8168-f89a9ab35f3a:192.168.157.213:35535, 16805c57-9f45-4377-8998-764a8f26e152:192.168.157.213:33728], old=null
2019-10-19 01:04:32,425 [a54795b0-6c9c-4137-a866-f82f653c9bf9@group-FB3B7D7D89E3-LeaderElection83] INFO  impl.RaftServerImpl (RaftServerImpl.java:setRole(184)) - a54795b0-6c9c-4137-a866-f82f653c9bf9@group-FB3B7D7D89E3: changes role from CANDIDATE to FOLLOWER at term 41 for DISCOVERED_A_NEW_TERM
2019-10-19 01:04:32,425 [a54795b0-6c9c-4137-a866-f82f653c9bf9@group-FB3B7D7D89E3-LeaderElection83] INFO  impl.RoleInfo (RoleInfo.java:shutdownLeaderElection(134)) - a54795b0-6c9c-4137-a866-f82f653c9bf9: shutdown LeaderElection
2019-10-19 01:04:32,425 [a54795b0-6c9c-4137-a866-f82f653c9bf9@group-FB3B7D7D89E3-LeaderElection83] INFO  impl.RoleInfo (RoleInfo.java:updateAndGet(143)) - a54795b0-6c9c-4137-a866-f82f653c9bf9: start FollowerState
2019-10-19 01:04:32,430 [Thread-895] INFO  impl.FollowerState (FollowerState.java:run(108)) - a54795b0-6c9c-4137-a866-f82f653c9bf9@group-FB3B7D7D89E3-FollowerState: change to CANDIDATE, lastRpcTime:4ms, electionTimeout:4ms
2019-10-19 01:04:32,430 [Thread-895] INFO  impl.RoleInfo (RoleInfo.java:shutdownFollowerState(121)) - a54795b0-6c9c-4137-a866-f82f653c9bf9: shutdown FollowerState
2019-10-19 01:04:32,430 [Thread-895] INFO  impl.RaftServerImpl (RaftServerImpl.java:setRole(184)) - a54795b0-6c9c-4137-a866-f82f653c9bf9@group-FB3B7D7D89E3: changes role from  FOLLOWER to CANDIDATE at term 41 for changeToCandidate
2019-10-19 01:04:32,430 [Thread-895] INFO  impl.RoleInfo (RoleInfo.java:updateAndGet(143)) - a54795b0-6c9c-4137-a866-f82f653c9bf9: start LeaderElection
2019-10-19 01:04:32,443 [a54795b0-6c9c-4137-a866-f82f653c9bf9@group-FB3B7D7D89E3-LeaderElection84] INFO  impl.LeaderElection (LeaderElection.java:askForVotes(178)) - a54795b0-6c9c-4137-a866-f82f653c9bf9@group-FB3B7D7D89E3-LeaderElection84: begin an election at term 42 for -1: [a54795b0-6c9c-4137-a866-f82f653c9bf9:192.168.157.213:43688, b26a8d60-58dc-431d-8168-f89a9ab35f3a:192.168.157.213:35535, 16805c57-9f45-4377-8998-764a8f26e152:192.168.157.213:33728], old=null
2019-10-19 01:04:32,448 [grpc-default-executor-5] INFO  impl.RaftServerImpl (RaftServerImpl.java:setRole(184)) - 16805c57-9f45-4377-8998-764a8f26e152@group-FB3B7D7D89E3: changes role from  FOLLOWER to FOLLOWER at term 42 for recognizeCandidate:a54795b0-6c9c-4137-a866-f82f653c9bf9
2019-10-19 01:04:32,449 [grpc-default-executor-7] INFO  impl.RaftServerImpl (RaftServerImpl.java:setRole(184)) - b26a8d60-58dc-431d-8168-f89a9ab35f3a@group-FB3B7D7D89E3: changes role from  FOLLOWER to FOLLOWER at term 42 for recognizeCandidate:a54795b0-6c9c-4137-a866-f82f653c9bf9
2019-10-19 01:04:32,449 [grpc-default-executor-5] INFO  impl.RoleInfo (RoleInfo.java:shutdownFollowerState(121)) - 16805c57-9f45-4377-8998-764a8f26e152: shutdown FollowerState
2019-10-19 01:04:32,449 [grpc-default-executor-7] INFO  impl.RoleInfo (RoleInfo.java:shutdownFollowerState(121)) - b26a8d60-58dc-431d-8168-f89a9ab35f3a: shutdown FollowerState
2019-10-19 01:04:32,449 [Thread-894] INFO  impl.FollowerState (FollowerState.java:run(117)) - 16805c57-9f45-4377-8998-764a8f26e152@group-FB3B7D7D89E3-FollowerState was interrupted: java.lang.InterruptedException: sleep interrupted
2019-10-19 01:04:32,449 [Thread-893] INFO  impl.FollowerState (FollowerState.java:run(117)) - b26a8d60-58dc-431d-8168-f89a9ab35f3a@group-FB3B7D7D89E3-FollowerState was interrupted: java.lang.InterruptedException: sleep interrupted
2019-10-19 01:04:32,449 [grpc-default-executor-5] INFO  impl.RoleInfo (RoleInfo.java:updateAndGet(143)) - 16805c57-9f45-4377-8998-764a8f26e152: start FollowerState
2019-10-19 01:04:32,449 [grpc-default-executor-7] INFO  impl.RoleInfo (RoleInfo.java:updateAndGet(143)) - b26a8d60-58dc-431d-8168-f89a9ab35f3a: start FollowerState
2019-10-19 01:04:32,464 [a54795b0-6c9c-4137-a866-f82f653c9bf9@group-FB3B7D7D89E3-LeaderElection84] INFO  impl.LeaderElection (LeaderElection.java:logAndReturn(56)) - a54795b0-6c9c-4137-a866-f82f653c9bf9@group-FB3B7D7D89E3-LeaderElection84: Election REJECTED; received 2 response(s) [a54795b0-6c9c-4137-a866-f82f653c9bf9<-b26a8d60-58dc-431d-8168-f89a9ab35f3a#0:FAIL-t42, a54795b0-6c9c-4137-a866-f82f653c9bf9<-16805c57-9f45-4377-8998-764a8f26e152#0:FAIL-t42] and 0 exception(s); a54795b0-6c9c-4137-a866-f82f653c9bf9@group-FB3B7D7D89E3:t42, leader=null, voted=a54795b0-6c9c-4137-a866-f82f653c9bf9, raftlog=a54795b0-6c9c-4137-a866-f82f653c9bf9@group-FB3B7D7D89E3-SegmentedRaftLog:OPENED:c-1,f-1,i0, conf=-1: [a54795b0-6c9c-4137-a866-f82f653c9bf9:192.168.157.213:43688, b26a8d60-58dc-431d-8168-f89a9ab35f3a:192.168.157.213:35535, 16805c57-9f45-4377-8998-764a8f26e152:192.168.157.213:33728], old=null
2019-10-19 01:04:32,464 [a54795b0-6c9c-4137-a866-f82f653c9bf9@group-FB3B7D7D89E3-LeaderElection84] INFO  impl.RaftServerImpl (RaftServerImpl.java:setRole(184)) - a54795b0-6c9c-4137-a866-f82f653c9bf9@group-FB3B7D7D89E3: changes role from CANDIDATE to FOLLOWER at term 42 for DISCOVERED_A_NEW_TERM
2019-10-19 01:04:32,464 [a54795b0-6c9c-4137-a866-f82f653c9bf9@group-FB3B7D7D89E3-LeaderElection84] INFO  impl.RoleInfo (RoleInfo.java:shutdownLeaderElection(134)) - a54795b0-6c9c-4137-a866-f82f653c9bf9: shutdown LeaderElection
2019-10-19 01:04:32,465 [a54795b0-6c9c-4137-a866-f82f653c9bf9@group-FB3B7D7D89E3-LeaderElection84] INFO  impl.RoleInfo (RoleInfo.java:updateAndGet(143)) - a54795b0-6c9c-4137-a866-f82f653c9bf9: start FollowerState
2019-10-19 01:04:32,526 [Thread-887] INFO  impl.FollowerState (FollowerState.java:run(108)) - a1c78c0e-869c-4f76-b4ce-2034448e0b80@group-D48B69A44692-FollowerState: change to CANDIDATE, lastRpcTime:178ms, electionTimeout:178ms
2019-10-19 01:04:32,526 [Thread-887] INFO  impl.RoleInfo (RoleInfo.java:shutdownFollowerState(121)) - a1c78c0e-869c-4f76-b4ce-2034448e0b80: shutdown FollowerState
2019-10-19 01:04:32,526 [Thread-887] INFO  impl.RaftServerImpl (RaftServerImpl.java:setRole(184)) - a1c78c0e-869c-4f76-b4ce-2034448e0b80@group-D48B69A44692: changes role from  FOLLOWER to CANDIDATE at term 39 for changeToCandidate
2019-10-19 01:04:32,526 [Thread-887] INFO  impl.RoleInfo (RoleInfo.java:updateAndGet(143)) - a1c78c0e-869c-4f76-b4ce-2034448e0b80: start LeaderElection
2019-10-19 01:04:32,540 [a1c78c0e-869c-4f76-b4ce-2034448e0b80@group-D48B69A44692-LeaderElection85] INFO  impl.LeaderElection (LeaderElection.java:askForVotes(178)) - a1c78c0e-869c-4f76-b4ce-2034448e0b80@group-D48B69A44692-LeaderElection85: begin an election at term 40 for -1: [51276c3c-a3b8-4274-b089-592ff4589f41:192.168.157.213:36639, 64c90977-e867-487c-b50d-c226f2d34a76:192.168.157.213:37433, a1c78c0e-869c-4f76-b4ce-2034448e0b80:192.168.157.213:33501], old=null
2019-10-19 01:04:32,543 [grpc-default-executor-5] INFO  impl.RaftServerImpl (RaftServerImpl.java:setRole(184)) - 64c90977-e867-487c-b50d-c226f2d34a76@group-D48B69A44692: changes role from  FOLLOWER to FOLLOWER at term 40 for recognizeCandidate:a1c78c0e-869c-4f76-b4ce-2034448e0b80
2019-10-19 01:04:32,543 [grpc-default-executor-7] INFO  impl.RaftServerImpl (RaftServerImpl.java:setRole(184)) - 51276c3c-a3b8-4274-b089-592ff4589f41@group-D48B69A44692: changes role from  FOLLOWER to FOLLOWER at term 40 for recognizeCandidate:a1c78c0e-869c-4f76-b4ce-2034448e0b80
2019-10-19 01:04:32,543 [grpc-default-executor-5] INFO  impl.RoleInfo (RoleInfo.java:shutdownFollowerState(121)) - 64c90977-e867-487c-b50d-c226f2d34a76: shutdown FollowerState
2019-10-19 01:04:32,543 [grpc-default-executor-7] INFO  impl.RoleInfo (RoleInfo.java:shutdownFollowerState(121)) - 51276c3c-a3b8-4274-b089-592ff4589f41: shutdown FollowerState
2019-10-19 01:04:32,543 [Thread-885] INFO  impl.FollowerState (FollowerState.java:run(117)) - 64c90977-e867-487c-b50d-c226f2d34a76@group-D48B69A44692-FollowerState was interrupted: java.lang.InterruptedException: sleep interrupted
2019-10-19 01:04:32,543 [grpc-default-executor-5] INFO  impl.RoleInfo (RoleInfo.java:updateAndGet(143)) - 64c90977-e867-487c-b50d-c226f2d34a76: start FollowerState
2019-10-19 01:04:32,543 [Thread-886] INFO  impl.FollowerState (FollowerState.java:run(117)) - 51276c3c-a3b8-4274-b089-592ff4589f41@group-D48B69A44692-FollowerState was interrupted: java.lang.InterruptedException: sleep interrupted
2019-10-19 01:04:32,543 [grpc-default-executor-7] INFO  impl.RoleInfo (RoleInfo.java:updateAndGet(143)) - 51276c3c-a3b8-4274-b089-592ff4589f41: start FollowerState
2019-10-19 01:04:32,557 [a1c78c0e-869c-4f76-b4ce-2034448e0b80@group-D48B69A44692-LeaderElection85] INFO  impl.LeaderElection (LeaderElection.java:logAndReturn(56)) - a1c78c0e-869c-4f76-b4ce-2034448e0b80@group-D48B69A44692-LeaderElection85: Election REJECTED; received 2 response(s) [a1c78c0e-869c-4f76-b4ce-2034448e0b80<-51276c3c-a3b8-4274-b089-592ff4589f41#0:FAIL-t40, a1c78c0e-869c-4f76-b4ce-2034448e0b80<-64c90977-e867-487c-b50d-c226f2d34a76#0:FAIL-t40] and 0 exception(s); a1c78c0e-869c-4f76-b4ce-2034448e0b80@group-D48B69A44692:t40, leader=null, voted=a1c78c0e-869c-4f76-b4ce-2034448e0b80, raftlog=a1c78c0e-869c-4f76-b4ce-2034448e0b80@group-D48B69A44692-SegmentedRaftLog:OPENED:c-1,f-1,i0, conf=-1: [51276c3c-a3b8-4274-b089-592ff4589f41:192.168.157.213:36639, 64c90977-e867-487c-b50d-c226f2d34a76:192.168.157.213:37433, a1c78c0e-869c-4f76-b4ce-2034448e0b80:192.168.157.213:33501], old=null
2019-10-19 01:04:32,557 [a1c78c0e-869c-4f76-b4ce-2034448e0b80@group-D48B69A44692-LeaderElection85] INFO  impl.RaftServerImpl (RaftServerImpl.java:setRole(184)) - a1c78c0e-869c-4f76-b4ce-2034448e0b80@group-D48B69A44692: changes role from CANDIDATE to FOLLOWER at term 40 for DISCOVERED_A_NEW_TERM
2019-10-19 01:04:32,558 [a1c78c0e-869c-4f76-b4ce-2034448e0b80@group-D48B69A44692-LeaderElection85] INFO  impl.RoleInfo (RoleInfo.java:shutdownLeaderElection(134)) - a1c78c0e-869c-4f76-b4ce-2034448e0b80: shutdown LeaderElection
2019-10-19 01:04:32,558 [a1c78c0e-869c-4f76-b4ce-2034448e0b80@group-D48B69A44692-LeaderElection85] INFO  impl.RoleInfo (RoleInfo.java:updateAndGet(143)) - a1c78c0e-869c-4f76-b4ce-2034448e0b80: start FollowerState
2019-10-19 01:04:32,634 [Thread-901] INFO  impl.FollowerState (FollowerState.java:run(108)) - a54795b0-6c9c-4137-a866-f82f653c9bf9@group-FB3B7D7D89E3-FollowerState: change to CANDIDATE, lastRpcTime:169ms, electionTimeout:169ms
2019-10-19 01:04:32,634 [Thread-901] INFO  impl.RoleInfo (RoleInfo.java:shutdownFollowerState(121)) - a54795b0-6c9c-4137-a866-f82f653c9bf9: shutdown FollowerState
2019-10-19 01:04:32,634 [Thread-901] INFO  impl.RaftServerImpl (RaftServerImpl.java:setRole(184)) - a54795b0-6c9c-4137-a866-f82f653c9bf9@group-FB3B7D7D89E3: changes role from  FOLLOWER to CANDIDATE at term 42 for changeToCandidate
2019-10-19 01:04:32,635 [Thread-901] INFO  impl.RoleInfo (RoleInfo.java:updateAndGet(143)) - a54795b0-6c9c-4137-a866-f82f653c9bf9: start LeaderElection
2019-10-19 01:04:32,647 [a54795b0-6c9c-4137-a866-f82f653c9bf9@group-FB3B7D7D89E3-LeaderElection86] INFO  impl.LeaderElection (LeaderElection.java:askForVotes(178)) - a54795b0-6c9c-4137-a866-f82f653c9bf9@group-FB3B7D7D89E3-LeaderElection86: begin an election at term 43 for -1: [a54795b0-6c9c-4137-a866-f82f653c9bf9:192.168.157.213:43688, b26a8d60-58dc-431d-8168-f89a9ab35f3a:192.168.157.213:35535, 16805c57-9f45-4377-8998-764a8f26e152:192.168.157.213:33728], old=null
2019-10-19 01:04:32,649 [grpc-default-executor-5] INFO  impl.RaftServerImpl (RaftServerImpl.java:setRole(184)) - b26a8d60-58dc-431d-8168-f89a9ab35f3a@group-FB3B7D7D89E3: changes role from  FOLLOWER to FOLLOWER at term 43 for recognizeCandidate:a54795b0-6c9c-4137-a866-f82f653c9bf9
2019-10-19 01:04:32,649 [grpc-default-executor-7] INFO  impl.RaftServerImpl (RaftServerImpl.java:setRole(184)) - 16805c57-9f45-4377-8998-764a8f26e152@group-FB3B7D7D89E3: changes role from  FOLLOWER to FOLLOWER at term 43 for recognizeCandidate:a54795b0-6c9c-4137-a866-f82f653c9bf9
2019-10-19 01:04:32,649 [grpc-default-executor-5] INFO  impl.RoleInfo (RoleInfo.java:shutdownFollowerState(121)) - b26a8d60-58dc-431d-8168-f89a9ab35f3a: shutdown FollowerState
2019-10-19 01:04:32,649 [grpc-default-executor-7] INFO  impl.RoleInfo (RoleInfo.java:shutdownFollowerState(121)) - 16805c57-9f45-4377-8998-764a8f26e152: shutdown FollowerState
2019-10-19 01:04:32,649 [Thread-900] INFO  impl.FollowerState (FollowerState.java:run(117)) - b26a8d60-58dc-431d-8168-f89a9ab35f3a@group-FB3B7D7D89E3-FollowerState was interrupted: java.lang.InterruptedException: sleep interrupted
2019-10-19 01:04:32,649 [grpc-default-executor-5] INFO  impl.RoleInfo (RoleInfo.java:updateAndGet(143)) - b26a8d60-58dc-431d-8168-f89a9ab35f3a: start FollowerState
2019-10-19 01:04:32,650 [Thread-899] INFO  impl.FollowerState (FollowerState.java:run(117)) - 16805c57-9f45-4377-8998-764a8f26e152@group-FB3B7D7D89E3-FollowerState was interrupted: java.lang.InterruptedException: sleep interrupted
2019-10-19 01:04:32,649 [grpc-default-executor-7] INFO  impl.RoleInfo (RoleInfo.java:updateAndGet(143)) - 16805c57-9f45-4377-8998-764a8f26e152: start FollowerState
2019-10-19 01:04:32,662 [Thread-907] INFO  impl.FollowerState (FollowerState.java:run(108)) - a1c78c0e-869c-4f76-b4ce-2034448e0b80@group-D48B69A44692-FollowerState: change to CANDIDATE, lastRpcTime:104ms, electionTimeout:104ms
2019-10-19 01:04:32,662 [Thread-907] INFO  impl.RoleInfo (RoleInfo.java:shutdownFollowerState(121)) - a1c78c0e-869c-4f76-b4ce-2034448e0b80: shutdown FollowerState
2019-10-19 01:04:32,662 [Thread-907] INFO  impl.RaftServerImpl (RaftServerImpl.java:setRole(184)) - a1c78c0e-869c-4f76-b4ce-2034448e0b80@group-D48B69A44692: changes role from  FOLLOWER to CANDIDATE at term 40 for changeToCandidate
2019-10-19 01:04:32,663 [Thread-907] INFO  impl.RoleInfo (RoleInfo.java:updateAndGet(143)) - a1c78c0e-869c-4f76-b4ce-2034448e0b80: start LeaderElection
2019-10-19 01:04:32,676 [a54795b0-6c9c-4137-a866-f82f653c9bf9@group-FB3B7D7D89E3-LeaderElection86] INFO  impl.LeaderElection (LeaderElection.java:logAndReturn(56)) - a54795b0-6c9c-4137-a866-f82f653c9bf9@group-FB3B7D7D89E3-LeaderElection86: Election REJECTED; received 2 response(s) [a54795b0-6c9c-4137-a866-f82f653c9bf9<-b26a8d60-58dc-431d-8168-f89a9ab35f3a#0:FAIL-t43, a54795b0-6c9c-4137-a866-f82f653c9bf9<-16805c57-9f45-4377-8998-764a8f26e152#0:FAIL-t43] and 0 exception(s); a54795b0-6c9c-4137-a866-f82f653c9bf9@group-FB3B7D7D89E3:t43, leader=null, voted=a54795b0-6c9c-4137-a866-f82f653c9bf9, raftlog=a54795b0-6c9c-4137-a866-f82f653c9bf9@group-FB3B7D7D89E3-SegmentedRaftLog:OPENED:c-1,f-1,i0, conf=-1: [a54795b0-6c9c-4137-a866-f82f653c9bf9:192.168.157.213:43688, b26a8d60-58dc-431d-8168-f89a9ab35f3a:192.168.157.213:35535, 16805c57-9f45-4377-8998-764a8f26e152:192.168.157.213:33728], old=null
2019-10-19 01:04:32,676 [a54795b0-6c9c-4137-a866-f82f653c9bf9@group-FB3B7D7D89E3-LeaderElection86] INFO  impl.RaftServerImpl (RaftServerImpl.java:setRole(184)) - a54795b0-6c9c-4137-a866-f82f653c9bf9@group-FB3B7D7D89E3: changes role from CANDIDATE to FOLLOWER at term 43 for DISCOVERED_A_NEW_TERM
2019-10-19 01:04:32,676 [a54795b0-6c9c-4137-a866-f82f653c9bf9@group-FB3B7D7D89E3-LeaderElection86] INFO  impl.RoleInfo (RoleInfo.java:shutdownLeaderElection(134)) - a54795b0-6c9c-4137-a866-f82f653c9bf9: shutdown LeaderElection
2019-10-19 01:04:32,676 [a54795b0-6c9c-4137-a866-f82f653c9bf9@group-FB3B7D7D89E3-LeaderElection86] INFO  impl.RoleInfo (RoleInfo.java:updateAndGet(143)) - a54795b0-6c9c-4137-a866-f82f653c9bf9: start FollowerState
2019-10-19 01:04:32,677 [a1c78c0e-869c-4f76-b4ce-2034448e0b80@group-D48B69A44692-LeaderElection87] INFO  impl.LeaderElection (LeaderElection.java:askForVotes(178)) - a1c78c0e-869c-4f76-b4ce-2034448e0b80@group-D48B69A44692-LeaderElection87: begin an election at term 41 for -1: [51276c3c-a3b8-4274-b089-592ff4589f41:192.168.157.213:36639, 64c90977-e867-487c-b50d-c226f2d34a76:192.168.157.213:37433, a1c78c0e-869c-4f76-b4ce-2034448e0b80:192.168.157.213:33501], old=null
2019-10-19 01:04:32,679 [grpc-default-executor-7] INFO  impl.RaftServerImpl (RaftServerImpl.java:setRole(184)) - 51276c3c-a3b8-4274-b089-592ff4589f41@group-D48B69A44692: changes role from  FOLLOWER to FOLLOWER at term 41 for recognizeCandidate:a1c78c0e-869c-4f76-b4ce-2034448e0b80
2019-10-19 01:04:32,679 [grpc-default-executor-7] INFO  impl.RoleInfo (RoleInfo.java:shutdownFollowerState(121)) - 51276c3c-a3b8-4274-b089-592ff4589f41: shutdown FollowerState
2019-10-19 01:04:32,679 [grpc-default-executor-5] INFO  impl.RaftServerImpl (RaftServerImpl.java:setRole(184)) - 64c90977-e867-487c-b50d-c226f2d34a76@group-D48B69A44692: changes role from  FOLLOWER to FOLLOWER at term 41 for recognizeCandidate:a1c78c0e-869c-4f76-b4ce-2034448e0b80
2019-10-19 01:04:32,679 [Thread-906] INFO  impl.FollowerState (FollowerState.java:run(117)) - 51276c3c-a3b8-4274-b089-592ff4589f41@group-D48B69A44692-FollowerState was interrupted: java.lang.InterruptedException: sleep interrupted
2019-10-19 01:04:32,679 [grpc-default-executor-7] INFO  impl.RoleInfo (RoleInfo.java:updateAndGet(143)) - 51276c3c-a3b8-4274-b089-592ff4589f41: start FollowerState
2019-10-19 01:04:32,680 [grpc-default-executor-5] INFO  impl.RoleInfo (RoleInfo.java:shutdownFollowerState(121)) - 64c90977-e867-487c-b50d-c226f2d34a76: shutdown FollowerState
2019-10-19 01:04:32,680 [grpc-default-executor-5] INFO  impl.RoleInfo (RoleInfo.java:updateAndGet(143)) - 64c90977-e867-487c-b50d-c226f2d34a76: start FollowerState
2019-10-19 01:04:32,680 [Thread-905] INFO  impl.FollowerState (FollowerState.java:run(117)) - 64c90977-e867-487c-b50d-c226f2d34a76@group-D48B69A44692-FollowerState was interrupted: java.lang.InterruptedException: sleep interrupted
2019-10-19 01:04:32,696 [a1c78c0e-869c-4f76-b4ce-2034448e0b80@group-D48B69A44692-LeaderElection87] INFO  impl.LeaderElection (LeaderElection.java:logAndReturn(56)) - a1c78c0e-869c-4f76-b4ce-2034448e0b80@group-D48B69A44692-LeaderElection87: Election REJECTED; received 2 response(s) [a1c78c0e-869c-4f76-b4ce-2034448e0b80<-51276c3c-a3b8-4274-b089-592ff4589f41#0:FAIL-t41, a1c78c0e-869c-4f76-b4ce-2034448e0b80<-64c90977-e867-487c-b50d-c226f2d34a76#0:FAIL-t41] and 0 exception(s); a1c78c0e-869c-4f76-b4ce-2034448e0b80@group-D48B69A44692:t41, leader=null, voted=a1c78c0e-869c-4f76-b4ce-2034448e0b80, raftlog=a1c78c0e-869c-4f76-b4ce-2034448e0b80@group-D48B69A44692-SegmentedRaftLog:OPENED:c-1,f-1,i0, conf=-1: [51276c3c-a3b8-4274-b089-592ff4589f41:192.168.157.213:36639, 64c90977-e867-487c-b50d-c226f2d34a76:192.168.157.213:37433, a1c78c0e-869c-4f76-b4ce-2034448e0b80:192.168.157.213:33501], old=null
2019-10-19 01:04:32,696 [a1c78c0e-869c-4f76-b4ce-2034448e0b80@group-D48B69A44692-LeaderElection87] INFO  impl.RaftServerImpl (RaftServerImpl.java:setRole(184)) - a1c78c0e-869c-4f76-b4ce-2034448e0b80@group-D48B69A44692: changes role from CANDIDATE to FOLLOWER at term 41 for DISCOVERED_A_NEW_TERM
2019-10-19 01:04:32,696 [a1c78c0e-869c-4f76-b4ce-2034448e0b80@group-D48B69A44692-LeaderElection87] INFO  impl.RoleInfo (RoleInfo.java:shutdownLeaderElection(134)) - a1c78c0e-869c-4f76-b4ce-2034448e0b80: shutdown LeaderElection
2019-10-19 01:04:32,697 [a1c78c0e-869c-4f76-b4ce-2034448e0b80@group-D48B69A44692-LeaderElection87] INFO  impl.RoleInfo (RoleInfo.java:updateAndGet(143)) - a1c78c0e-869c-4f76-b4ce-2034448e0b80: start FollowerState
2019-10-19 01:04:32,861 [Thread-914] INFO  impl.FollowerState (FollowerState.java:run(108)) - a54795b0-6c9c-4137-a866-f82f653c9bf9@group-FB3B7D7D89E3-FollowerState: change to CANDIDATE, lastRpcTime:184ms, electionTimeout:184ms
2019-10-19 01:04:32,861 [Thread-914] INFO  impl.RoleInfo (RoleInfo.java:shutdownFollowerState(121)) - a54795b0-6c9c-4137-a866-f82f653c9bf9: shutdown FollowerState
2019-10-19 01:04:32,861 [Thread-914] INFO  impl.RaftServerImpl (RaftServerImpl.java:setRole(184)) - a54795b0-6c9c-4137-a866-f82f653c9bf9@group-FB3B7D7D89E3: changes role from  FOLLOWER to CANDIDATE at term 43 for changeToCandidate
2019-10-19 01:04:32,861 [Thread-914] INFO  impl.RoleInfo (RoleInfo.java:updateAndGet(143)) - a54795b0-6c9c-4137-a866-f82f653c9bf9: start LeaderElection
2019-10-19 01:04:32,875 [a54795b0-6c9c-4137-a866-f82f653c9bf9@group-FB3B7D7D89E3-LeaderElection88] INFO  impl.LeaderElection (LeaderElection.java:askForVotes(178)) - a54795b0-6c9c-4137-a866-f82f653c9bf9@group-FB3B7D7D89E3-LeaderElection88: begin an election at term 44 for -1: [a54795b0-6c9c-4137-a866-f82f653c9bf9:192.168.157.213:43688, b26a8d60-58dc-431d-8168-f89a9ab35f3a:192.168.157.213:35535, 16805c57-9f45-4377-8998-764a8f26e152:192.168.157.213:33728], old=null
2019-10-19 01:04:32,880 [grpc-default-executor-5] INFO  impl.RaftServerImpl (RaftServerImpl.java:setRole(184)) - b26a8d60-58dc-431d-8168-f89a9ab35f3a@group-FB3B7D7D89E3: changes role from  FOLLOWER to FOLLOWER at term 44 for recognizeCandidate:a54795b0-6c9c-4137-a866-f82f653c9bf9
2019-10-19 01:04:32,880 [grpc-default-executor-7] INFO  impl.RaftServerImpl (RaftServerImpl.java:setRole(184)) - 16805c57-9f45-4377-8998-764a8f26e152@group-FB3B7D7D89E3: changes role from  FOLLOWER to FOLLOWER at term 44 for recognizeCandidate:a54795b0-6c9c-4137-a866-f82f653c9bf9
2019-10-19 01:04:32,881 [grpc-default-executor-7] INFO  impl.RoleInfo (RoleInfo.java:shutdownFollowerState(121)) - 16805c57-9f45-4377-8998-764a8f26e152: shutdown FollowerState
2019-10-19 01:04:32,881 [grpc-default-executor-5] INFO  impl.RoleInfo (RoleInfo.java:shutdownFollowerState(121)) - b26a8d60-58dc-431d-8168-f89a9ab35f3a: shutdown FollowerState
2019-10-19 01:04:32,881 [Thread-912] INFO  impl.FollowerState (FollowerState.java:run(117)) - 16805c57-9f45-4377-8998-764a8f26e152@group-FB3B7D7D89E3-FollowerState was interrupted: java.lang.InterruptedException: sleep interrupted
2019-10-19 01:04:32,881 [grpc-default-executor-7] INFO  impl.RoleInfo (RoleInfo.java:updateAndGet(143)) - 16805c57-9f45-4377-8998-764a8f26e152: start FollowerState
2019-10-19 01:04:32,881 [Thread-911] INFO  impl.FollowerState (FollowerState.java:run(117)) - b26a8d60-58dc-431d-8168-f89a9ab35f3a@group-FB3B7D7D89E3-FollowerState was interrupted: java.lang.InterruptedException: sleep interrupted
2019-10-19 01:04:32,881 [grpc-default-executor-5] INFO  impl.RoleInfo (RoleInfo.java:updateAndGet(143)) - b26a8d60-58dc-431d-8168-f89a9ab35f3a: start FollowerState
2019-10-19 01:04:32,895 [Thread-919] INFO  impl.FollowerState (FollowerState.java:run(108)) - a1c78c0e-869c-4f76-b4ce-2034448e0b80@group-D48B69A44692-FollowerState: change to CANDIDATE, lastRpcTime:198ms, electionTimeout:198ms
2019-10-19 01:04:32,895 [Thread-919] INFO  impl.RoleInfo (RoleInfo.java:shutdownFollowerState(121)) - a1c78c0e-869c-4f76-b4ce-2034448e0b80: shutdown FollowerState
2019-10-19 01:04:32,895 [Thread-919] INFO  impl.RaftServerImpl (RaftServerImpl.java:setRole(184)) - a1c78c0e-869c-4f76-b4ce-2034448e0b80@group-D48B69A44692: changes role from  FOLLOWER to CANDIDATE at term 41 for changeToCandidate
2019-10-19 01:04:32,895 [Thread-919] INFO  impl.RoleInfo (RoleInfo.java:updateAndGet(143)) - a1c78c0e-869c-4f76-b4ce-2034448e0b80: start LeaderElection
2019-10-19 01:04:32,921 [a54795b0-6c9c-4137-a866-f82f653c9bf9@group-FB3B7D7D89E3-LeaderElection88] INFO  impl.LeaderElection (LeaderElection.java:logAndReturn(56)) - a54795b0-6c9c-4137-a866-f82f653c9bf9@group-FB3B7D7D89E3-LeaderElection88: Election TIMEOUT; received 0 response(s) [] and 0 exception(s); a54795b0-6c9c-4137-a866-f82f653c9bf9@group-FB3B7D7D89E3:t44, leader=null, voted=a54795b0-6c9c-4137-a866-f82f653c9bf9, raftlog=a54795b0-6c9c-4137-a866-f82f653c9bf9@group-FB3B7D7D89E3-SegmentedRaftLog:OPENED:c-1,f-1,i0, conf=-1: [a54795b0-6c9c-4137-a866-f82f653c9bf9:192.168.157.213:43688, b26a8d60-58dc-431d-8168-f89a9ab35f3a:192.168.157.213:35535, 16805c57-9f45-4377-8998-764a8f26e152:192.168.157.213:33728], old=null
2019-10-19 01:04:32,924 [a1c78c0e-869c-4f76-b4ce-2034448e0b80@group-D48B69A44692-LeaderElection89] INFO  impl.LeaderElection (LeaderElection.java:askForVotes(178)) - a1c78c0e-869c-4f76-b4ce-2034448e0b80@group-D48B69A44692-LeaderElection89: begin an election at term 42 for -1: [51276c3c-a3b8-4274-b089-592ff4589f41:192.168.157.213:36639, 64c90977-e867-487c-b50d-c226f2d34a76:192.168.157.213:37433, a1c78c0e-869c-4f76-b4ce-2034448e0b80:192.168.157.213:33501], old=null
2019-10-19 01:04:32,926 [grpc-default-executor-5] INFO  impl.RaftServerImpl (RaftServerImpl.java:setRole(184)) - 64c90977-e867-487c-b50d-c226f2d34a76@group-D48B69A44692: changes role from  FOLLOWER to FOLLOWER at term 42 for recognizeCandidate:a1c78c0e-869c-4f76-b4ce-2034448e0b80
2019-10-19 01:04:32,926 [grpc-default-executor-5] INFO  impl.RoleInfo (RoleInfo.java:shutdownFollowerState(121)) - 64c90977-e867-487c-b50d-c226f2d34a76: shutdown FollowerState
2019-10-19 01:04:32,926 [grpc-default-executor-7] INFO  impl.RaftServerImpl (RaftServerImpl.java:setRole(184)) - 51276c3c-a3b8-4274-b089-592ff4589f41@group-D48B69A44692: changes role from  FOLLOWER to FOLLOWER at term 42 for recognizeCandidate:a1c78c0e-869c-4f76-b4ce-2034448e0b80
2019-10-19 01:04:32,927 [Thread-918] INFO  impl.FollowerState (FollowerState.java:run(117)) - 64c90977-e867-487c-b50d-c226f2d34a76@group-D48B69A44692-FollowerState was interrupted: java.lang.InterruptedException: sleep interrupted
2019-10-19 01:04:32,927 [grpc-default-executor-5] INFO  impl.RoleInfo (RoleInfo.java:updateAndGet(143)) - 64c90977-e867-487c-b50d-c226f2d34a76: start FollowerState
2019-10-19 01:04:32,927 [a54795b0-6c9c-4137-a866-f82f653c9bf9@group-FB3B7D7D89E3-LeaderElection88] INFO  impl.LeaderElection (LeaderElection.java:askForVotes(178)) - a54795b0-6c9c-4137-a866-f82f653c9bf9@group-FB3B7D7D89E3-LeaderElection88: begin an election at term 45 for -1: [a54795b0-6c9c-4137-a866-f82f653c9bf9:192.168.157.213:43688, b26a8d60-58dc-431d-8168-f89a9ab35f3a:192.168.157.213:35535, 16805c57-9f45-4377-8998-764a8f26e152:192.168.157.213:33728], old=null
2019-10-19 01:04:32,927 [grpc-default-executor-7] INFO  impl.RoleInfo (RoleInfo.java:shutdownFollowerState(121)) - 51276c3c-a3b8-4274-b089-592ff4589f41: shutdown FollowerState
2019-10-19 01:04:32,927 [grpc-default-executor-7] INFO  impl.RoleInfo (RoleInfo.java:updateAndGet(143)) - 51276c3c-a3b8-4274-b089-592ff4589f41: start FollowerState
2019-10-19 01:04:32,928 [Thread-917] INFO  impl.FollowerState (FollowerState.java:run(117)) - 51276c3c-a3b8-4274-b089-592ff4589f41@group-D48B69A44692-FollowerState was interrupted: java.lang.InterruptedException: sleep interrupted
2019-10-19 01:04:32,929 [grpc-default-executor-4] INFO  impl.RaftServerImpl (RaftServerImpl.java:setRole(184)) - b26a8d60-58dc-431d-8168-f89a9ab35f3a@group-FB3B7D7D89E3: changes role from  FOLLOWER to FOLLOWER at term 45 for recognizeCandidate:a54795b0-6c9c-4137-a866-f82f653c9bf9
2019-10-19 01:04:32,929 [grpc-default-executor-6] INFO  impl.RaftServerImpl (RaftServerImpl.java:setRole(184)) - 16805c57-9f45-4377-8998-764a8f26e152@group-FB3B7D7D89E3: changes role from  FOLLOWER to FOLLOWER at term 45 for recognizeCandidate:a54795b0-6c9c-4137-a866-f82f653c9bf9
2019-10-19 01:04:32,929 [grpc-default-executor-4] INFO  impl.RoleInfo (RoleInfo.java:shutdownFollowerState(121)) - b26a8d60-58dc-431d-8168-f89a9ab35f3a: shutdown FollowerState
2019-10-19 01:04:32,929 [grpc-default-executor-6] INFO  impl.RoleInfo (RoleInfo.java:shutdownFollowerState(121)) - 16805c57-9f45-4377-8998-764a8f26e152: shutdown FollowerState
2019-10-19 01:04:32,929 [Thread-926] INFO  impl.FollowerState (FollowerState.java:run(117)) - b26a8d60-58dc-431d-8168-f89a9ab35f3a@group-FB3B7D7D89E3-FollowerState was interrupted: java.lang.InterruptedException: sleep interrupted
2019-10-19 01:04:32,929 [grpc-default-executor-4] INFO  impl.RoleInfo (RoleInfo.java:updateAndGet(143)) - b26a8d60-58dc-431d-8168-f89a9ab35f3a: start FollowerState
2019-10-19 01:04:32,930 [Thread-925] INFO  impl.FollowerState (FollowerState.java:run(117)) - 16805c57-9f45-4377-8998-764a8f26e152@group-FB3B7D7D89E3-FollowerState was interrupted: java.lang.InterruptedException: sleep interrupted
2019-10-19 01:04:32,930 [grpc-default-executor-6] INFO  impl.RoleInfo (RoleInfo.java:updateAndGet(143)) - 16805c57-9f45-4377-8998-764a8f26e152: start FollowerState
2019-10-19 01:04:32,935 [a1c78c0e-869c-4f76-b4ce-2034448e0b80@group-D48B69A44692-LeaderElection89] INFO  impl.LeaderElection (LeaderElection.java:logAndReturn(56)) - a1c78c0e-869c-4f76-b4ce-2034448e0b80@group-D48B69A44692-LeaderElection89: Election REJECTED; received 2 response(s) [a1c78c0e-869c-4f76-b4ce-2034448e0b80<-51276c3c-a3b8-4274-b089-592ff4589f41#0:FAIL-t42, a1c78c0e-869c-4f76-b4ce-2034448e0b80<-64c90977-e867-487c-b50d-c226f2d34a76#0:FAIL-t42] and 0 exception(s); a1c78c0e-869c-4f76-b4ce-2034448e0b80@group-D48B69A44692:t42, leader=null, voted=a1c78c0e-869c-4f76-b4ce-2034448e0b80, raftlog=a1c78c0e-869c-4f76-b4ce-2034448e0b80@group-D48B69A44692-SegmentedRaftLog:OPENED:c-1,f-1,i0, conf=-1: [51276c3c-a3b8-4274-b089-592ff4589f41:192.168.157.213:36639, 64c90977-e867-487c-b50d-c226f2d34a76:192.168.157.213:37433, a1c78c0e-869c-4f76-b4ce-2034448e0b80:192.168.157.213:33501], old=null
2019-10-19 01:04:32,935 [a1c78c0e-869c-4f76-b4ce-2034448e0b80@group-D48B69A44692-LeaderElection89] INFO  impl.RaftServerImpl (RaftServerImpl.java:setRole(184)) - a1c78c0e-869c-4f76-b4ce-2034448e0b80@group-D48B69A44692: changes role from CANDIDATE to FOLLOWER at term 42 for DISCOVERED_A_NEW_TERM
2019-10-19 01:04:32,936 [a1c78c0e-869c-4f76-b4ce-2034448e0b80@group-D48B69A44692-LeaderElection89] INFO  impl.RoleInfo (RoleInfo.java:shutdownLeaderElection(134)) - a1c78c0e-869c-4f76-b4ce-2034448e0b80: shutdown LeaderElection
2019-10-19 01:04:32,936 [a1c78c0e-869c-4f76-b4ce-2034448e0b80@group-D48B69A44692-LeaderElection89] INFO  impl.RoleInfo (RoleInfo.java:updateAndGet(143)) - a1c78c0e-869c-4f76-b4ce-2034448e0b80: start FollowerState
2019-10-19 01:04:32,939 [Thread-936] INFO  impl.FollowerState (FollowerState.java:run(108)) - a1c78c0e-869c-4f76-b4ce-2034448e0b80@group-D48B69A44692-FollowerState: change to CANDIDATE, lastRpcTime:3ms, electionTimeout:3ms
2019-10-19 01:04:32,939 [Thread-936] INFO  impl.RoleInfo (RoleInfo.java:shutdownFollowerState(121)) - a1c78c0e-869c-4f76-b4ce-2034448e0b80: shutdown FollowerState
2019-10-19 01:04:32,939 [Thread-936] INFO  impl.RaftServerImpl (RaftServerImpl.java:setRole(184)) - a1c78c0e-869c-4f76-b4ce-2034448e0b80@group-D48B69A44692: changes role from  FOLLOWER to CANDIDATE at term 42 for changeToCandidate
2019-10-19 01:04:32,940 [Thread-936] INFO  impl.RoleInfo (RoleInfo.java:updateAndGet(143)) - a1c78c0e-869c-4f76-b4ce-2034448e0b80: start LeaderElection
2019-10-19 01:04:32,940 [a54795b0-6c9c-4137-a866-f82f653c9bf9@group-FB3B7D7D89E3-LeaderElection88] INFO  impl.LeaderElection (LeaderElection.java:logAndReturn(56)) - a54795b0-6c9c-4137-a866-f82f653c9bf9@group-FB3B7D7D89E3-LeaderElection88: Election TIMEOUT; received 0 response(s) [] and 0 exception(s); a54795b0-6c9c-4137-a866-f82f653c9bf9@group-FB3B7D7D89E3:t45, leader=null, voted=a54795b0-6c9c-4137-a866-f82f653c9bf9, raftlog=a54795b0-6c9c-4137-a866-f82f653c9bf9@group-FB3B7D7D89E3-SegmentedRaftLog:OPENED:c-1,f-1,i0, conf=-1: [a54795b0-6c9c-4137-a866-f82f653c9bf9:192.168.157.213:43688, b26a8d60-58dc-431d-8168-f89a9ab35f3a:192.168.157.213:35535, 16805c57-9f45-4377-8998-764a8f26e152:192.168.157.213:33728], old=null
2019-10-19 01:04:32,960 [a1c78c0e-869c-4f76-b4ce-2034448e0b80@group-D48B69A44692-LeaderElection90] INFO  impl.LeaderElection (LeaderElection.java:askForVotes(178)) - a1c78c0e-869c-4f76-b4ce-2034448e0b80@group-D48B69A44692-LeaderElection90: begin an election at term 43 for -1: [51276c3c-a3b8-4274-b089-592ff4589f41:192.168.157.213:36639, 64c90977-e867-487c-b50d-c226f2d34a76:192.168.157.213:37433, a1c78c0e-869c-4f76-b4ce-2034448e0b80:192.168.157.213:33501], old=null
2019-10-19 01:04:32,960 [a54795b0-6c9c-4137-a866-f82f653c9bf9@group-FB3B7D7D89E3-LeaderElection88] INFO  impl.LeaderElection (LeaderElection.java:askForVotes(178)) - a54795b0-6c9c-4137-a866-f82f653c9bf9@group-FB3B7D7D89E3-LeaderElection88: begin an election at term 46 for -1: [a54795b0-6c9c-4137-a866-f82f653c9bf9:192.168.157.213:43688, b26a8d60-58dc-431d-8168-f89a9ab35f3a:192.168.157.213:35535, 16805c57-9f45-4377-8998-764a8f26e152:192.168.157.213:33728], old=null
2019-10-19 01:04:32,966 [grpc-default-executor-4] INFO  impl.RaftServerImpl (RaftServerImpl.java:setRole(184)) - 64c90977-e867-487c-b50d-c226f2d34a76@group-D48B69A44692: changes role from  FOLLOWER to FOLLOWER at term 43 for recognizeCandidate:a1c78c0e-869c-4f76-b4ce-2034448e0b80
2019-10-19 01:04:32,966 [grpc-default-executor-6] INFO  impl.RaftServerImpl (RaftServerImpl.java:setRole(184)) - 16805c57-9f45-4377-8998-764a8f26e152@group-FB3B7D7D89E3: changes role from  FOLLOWER to FOLLOWER at term 46 for recognizeCandidate:a54795b0-6c9c-4137-a866-f82f653c9bf9
2019-10-19 01:04:32,966 [grpc-default-executor-7] INFO  impl.RaftServerImpl (RaftServerImpl.java:setRole(184)) - 51276c3c-a3b8-4274-b089-592ff4589f41@group-D48B69A44692: changes role from  FOLLOWER to FOLLOWER at term 43 for recognizeCandidate:a1c78c0e-869c-4f76-b4ce-2034448e0b80
2019-10-19 01:04:32,966 [grpc-default-executor-5] INFO  impl.RaftServerImpl (RaftServerImpl.java:setRole(184)) - b26a8d60-58dc-431d-8168-f89a9ab35f3a@group-FB3B7D7D89E3: changes role from  FOLLOWER to FOLLOWER at term 46 for recognizeCandidate:a54795b0-6c9c-4137-a866-f82f653c9bf9
2019-10-19 01:04:32,966 [grpc-default-executor-4] INFO  impl.RoleInfo (RoleInfo.java:shutdownFollowerState(121)) - 64c90977-e867-487c-b50d-c226f2d34a76: shutdown FollowerState
2019-10-19 01:04:32,966 [grpc-default-executor-5] INFO  impl.RoleInfo (RoleInfo.java:shutdownFollowerState(121)) - b26a8d60-58dc-431d-8168-f89a9ab35f3a: shutdown FollowerState
2019-10-19 01:04:32,967 [Thread-930] INFO  impl.FollowerState (FollowerState.java:run(117)) - 64c90977-e867-487c-b50d-c226f2d34a76@group-D48B69A44692-FollowerState was interrupted: java.lang.InterruptedException: sleep interrupted
2019-10-19 01:04:32,966 [grpc-default-executor-7] INFO  impl.RoleInfo (RoleInfo.java:shutdownFollowerState(121)) - 51276c3c-a3b8-4274-b089-592ff4589f41: shutdown FollowerState
2019-10-19 01:04:32,966 [grpc-default-executor-6] INFO  impl.RoleInfo (RoleInfo.java:shutdownFollowerState(121)) - 16805c57-9f45-4377-8998-764a8f26e152: shutdown FollowerState
2019-10-19 01:04:32,967 [Thread-932] INFO  impl.FollowerState (FollowerState.java:run(117)) - 51276c3c-a3b8-4274-b089-592ff4589f41@group-D48B69A44692-FollowerState was interrupted: java.lang.InterruptedException: sleep interrupted
2019-10-19 01:04:32,967 [grpc-default-executor-7] INFO  impl.RoleInfo (RoleInfo.java:updateAndGet(143)) - 51276c3c-a3b8-4274-b089-592ff4589f41: start FollowerState
2019-10-19 01:04:32,967 [Thread-934] INFO  impl.FollowerState (FollowerState.java:run(117)) - b26a8d60-58dc-431d-8168-f89a9ab35f3a@group-FB3B7D7D89E3-FollowerState was interrupted: java.lang.InterruptedException: sleep interrupted
2019-10-19 01:04:32,967 [grpc-default-executor-5] INFO  impl.RoleInfo (RoleInfo.java:updateAndGet(143)) - b26a8d60-58dc-431d-8168-f89a9ab35f3a: start FollowerState
2019-10-19 01:04:32,967 [grpc-default-executor-4] INFO  impl.RoleInfo (RoleInfo.java:updateAndGet(143)) - 64c90977-e867-487c-b50d-c226f2d34a76: start FollowerState
2019-10-19 01:04:32,967 [Thread-935] INFO  impl.FollowerState (FollowerState.java:run(117)) - 16805c57-9f45-4377-8998-764a8f26e152@group-FB3B7D7D89E3-FollowerState was interrupted: java.lang.InterruptedException: sleep interrupted
2019-10-19 01:04:32,967 [grpc-default-executor-6] INFO  impl.RoleInfo (RoleInfo.java:updateAndGet(143)) - 16805c57-9f45-4377-8998-764a8f26e152: start FollowerState
2019-10-19 01:04:32,975 [a54795b0-6c9c-4137-a866-f82f653c9bf9@group-FB3B7D7D89E3-LeaderElection88] INFO  impl.LeaderElection (LeaderElection.java:logAndReturn(56)) - a54795b0-6c9c-4137-a866-f82f653c9bf9@group-FB3B7D7D89E3-LeaderElection88: Election REJECTED; received 2 response(s) [a54795b0-6c9c-4137-a866-f82f653c9bf9<-b26a8d60-58dc-431d-8168-f89a9ab35f3a#0:FAIL-t46, a54795b0-6c9c-4137-a866-f82f653c9bf9<-16805c57-9f45-4377-8998-764a8f26e152#0:FAIL-t46] and 0 exception(s); a54795b0-6c9c-4137-a866-f82f653c9bf9@group-FB3B7D7D89E3:t46, leader=null, voted=a54795b0-6c9c-4137-a866-f82f653c9bf9, raftlog=a54795b0-6c9c-4137-a866-f82f653c9bf9@group-FB3B7D7D89E3-SegmentedRaftLog:OPENED:c-1,f-1,i0, conf=-1: [a54795b0-6c9c-4137-a866-f82f653c9bf9:192.168.157.213:43688, b26a8d60-58dc-431d-8168-f89a9ab35f3a:192.168.157.213:35535, 16805c57-9f45-4377-8998-764a8f26e152:192.168.157.213:33728], old=null
2019-10-19 01:04:32,975 [a54795b0-6c9c-4137-a866-f82f653c9bf9@group-FB3B7D7D89E3-LeaderElection88] INFO  impl.RaftServerImpl (RaftServerImpl.java:setRole(184)) - a54795b0-6c9c-4137-a866-f82f653c9bf9@group-FB3B7D7D89E3: changes role from CANDIDATE to FOLLOWER at term 46 for DISCOVERED_A_NEW_TERM
2019-10-19 01:04:32,976 [a54795b0-6c9c-4137-a866-f82f653c9bf9@group-FB3B7D7D89E3-LeaderElection88] INFO  impl.RoleInfo (RoleInfo.java:shutdownLeaderElection(134)) - a54795b0-6c9c-4137-a866-f82f653c9bf9: shutdown LeaderElection
2019-10-19 01:04:32,976 [a1c78c0e-869c-4f76-b4ce-2034448e0b80@group-D48B69A44692-LeaderElection90] INFO  impl.LeaderElection (LeaderElection.java:logAndReturn(56)) - a1c78c0e-869c-4f76-b4ce-2034448e0b80@group-D48B69A44692-LeaderElection90: Election REJECTED; received 2 response(s) [a1c78c0e-869c-4f76-b4ce-2034448e0b80<-51276c3c-a3b8-4274-b089-592ff4589f41#0:FAIL-t43, a1c78c0e-869c-4f76-b4ce-2034448e0b80<-64c90977-e867-487c-b50d-c226f2d34a76#0:FAIL-t43] and 0 exception(s); a1c78c0e-869c-4f76-b4ce-2034448e0b80@group-D48B69A44692:t43, leader=null, voted=a1c78c0e-869c-4f76-b4ce-2034448e0b80, raftlog=a1c78c0e-869c-4f76-b4ce-2034448e0b80@group-D48B69A44692-SegmentedRaftLog:OPENED:c-1,f-1,i0, conf=-1: [51276c3c-a3b8-4274-b089-592ff4589f41:192.168.157.213:36639, 64c90977-e867-487c-b50d-c226f2d34a76:192.168.157.213:37433, a1c78c0e-869c-4f76-b4ce-2034448e0b80:192.168.157.213:33501], old=null
2019-10-19 01:04:32,976 [a54795b0-6c9c-4137-a866-f82f653c9bf9@group-FB3B7D7D89E3-LeaderElection88] INFO  impl.RoleInfo (RoleInfo.java:updateAndGet(143)) - a54795b0-6c9c-4137-a866-f82f653c9bf9: start FollowerState
2019-10-19 01:04:32,976 [a1c78c0e-869c-4f76-b4ce-2034448e0b80@group-D48B69A44692-LeaderElection90] INFO  impl.RaftServerImpl (RaftServerImpl.java:setRole(184)) - a1c78c0e-869c-4f76-b4ce-2034448e0b80@group-D48B69A44692: changes role from CANDIDATE to FOLLOWER at term 43 for DISCOVERED_A_NEW_TERM
2019-10-19 01:04:32,976 [a1c78c0e-869c-4f76-b4ce-2034448e0b80@group-D48B69A44692-LeaderElection90] INFO  impl.RoleInfo (RoleInfo.java:shutdownLeaderElection(134)) - a1c78c0e-869c-4f76-b4ce-2034448e0b80: shutdown LeaderElection
2019-10-19 01:04:32,976 [a1c78c0e-869c-4f76-b4ce-2034448e0b80@group-D48B69A44692-LeaderElection90] INFO  impl.RoleInfo (RoleInfo.java:updateAndGet(143)) - a1c78c0e-869c-4f76-b4ce-2034448e0b80: start FollowerState
2019-10-19 01:04:32,997 [Thread-948] INFO  impl.FollowerState (FollowerState.java:run(108)) - a54795b0-6c9c-4137-a866-f82f653c9bf9@group-FB3B7D7D89E3-FollowerState: change to CANDIDATE, lastRpcTime:21ms, electionTimeout:21ms
2019-10-19 01:04:32,997 [Thread-948] INFO  impl.RoleInfo (RoleInfo.java:shutdownFollowerState(121)) - a54795b0-6c9c-4137-a866-f82f653c9bf9: shutdown FollowerState
2019-10-19 01:04:32,998 [Thread-948] INFO  impl.RaftServerImpl (RaftServerImpl.java:setRole(184)) - a54795b0-6c9c-4137-a866-f82f653c9bf9@group-FB3B7D7D89E3: changes role from  FOLLOWER to CANDIDATE at term 46 for changeToCandidate
2019-10-19 01:04:32,998 [Thread-948] INFO  impl.RoleInfo (RoleInfo.java:updateAndGet(143)) - a54795b0-6c9c-4137-a866-f82f653c9bf9: start LeaderElection
2019-10-19 01:04:33,007 [a54795b0-6c9c-4137-a866-f82f653c9bf9@group-FB3B7D7D89E3-LeaderElection91] INFO  impl.LeaderElection (LeaderElection.java:askForVotes(178)) - a54795b0-6c9c-4137-a866-f82f653c9bf9@group-FB3B7D7D89E3-LeaderElection91: begin an election at term 47 for -1: [a54795b0-6c9c-4137-a866-f82f653c9bf9:192.168.157.213:43688, b26a8d60-58dc-431d-8168-f89a9ab35f3a:192.168.157.213:35535, 16805c57-9f45-4377-8998-764a8f26e152:192.168.157.213:33728], old=null
2019-10-19 01:04:33,009 [grpc-default-executor-7] INFO  impl.RaftServerImpl (RaftServerImpl.java:setRole(184)) - 16805c57-9f45-4377-8998-764a8f26e152@group-FB3B7D7D89E3: changes role from  FOLLOWER to FOLLOWER at term 47 for recognizeCandidate:a54795b0-6c9c-4137-a866-f82f653c9bf9
2019-10-19 01:04:33,009 [grpc-default-executor-4] INFO  impl.RaftServerImpl (RaftServerImpl.java:setRole(184)) - b26a8d60-58dc-431d-8168-f89a9ab35f3a@group-FB3B7D7D89E3: changes role from  FOLLOWER to FOLLOWER at term 47 for recognizeCandidate:a54795b0-6c9c-4137-a866-f82f653c9bf9
2019-10-19 01:04:33,009 [grpc-default-executor-7] INFO  impl.RoleInfo (RoleInfo.java:shutdownFollowerState(121)) - 16805c57-9f45-4377-8998-764a8f26e152: shutdown FollowerState
2019-10-19 01:04:33,009 [grpc-default-executor-4] INFO  impl.RoleInfo (RoleInfo.java:shutdownFollowerState(121)) - b26a8d60-58dc-431d-8168-f89a9ab35f3a: shutdown FollowerState
2019-10-19 01:04:33,010 [Thread-947] INFO  impl.FollowerState (FollowerState.java:run(117)) - 16805c57-9f45-4377-8998-764a8f26e152@group-FB3B7D7D89E3-FollowerState was interrupted: java.lang.InterruptedException: sleep interrupted
2019-10-19 01:04:33,010 [grpc-default-executor-7] INFO  impl.RoleInfo (RoleInfo.java:updateAndGet(143)) - 16805c57-9f45-4377-8998-764a8f26e152: start FollowerState
2019-10-19 01:04:33,010 [Thread-945] INFO  impl.FollowerState (FollowerState.java:run(117)) - b26a8d60-58dc-431d-8168-f89a9ab35f3a@group-FB3B7D7D89E3-FollowerState was interrupted: java.lang.InterruptedException: sleep interrupted
2019-10-19 01:04:33,010 [grpc-default-executor-4] INFO  impl.RoleInfo (RoleInfo.java:updateAndGet(143)) - b26a8d60-58dc-431d-8168-f89a9ab35f3a: start FollowerState
2019-10-19 01:04:33,024 [a54795b0-6c9c-4137-a866-f82f653c9bf9@group-FB3B7D7D89E3-LeaderElection91] INFO  impl.LeaderElection (LeaderElection.java:logAndReturn(56)) - a54795b0-6c9c-4137-a866-f82f653c9bf9@group-FB3B7D7D89E3-LeaderElection91: Election REJECTED; received 2 response(s) [a54795b0-6c9c-4137-a866-f82f653c9bf9<-b26a8d60-58dc-431d-8168-f89a9ab35f3a#0:FAIL-t47, a54795b0-6c9c-4137-a866-f82f653c9bf9<-16805c57-9f45-4377-8998-764a8f26e152#0:FAIL-t47] and 0 exception(s); a54795b0-6c9c-4137-a866-f82f653c9bf9@group-FB3B7D7D89E3:t47, leader=null, voted=a54795b0-6c9c-4137-a866-f82f653c9bf9, raftlog=a54795b0-6c9c-4137-a866-f82f653c9bf9@group-FB3B7D7D89E3-SegmentedRaftLog:OPENED:c-1,f-1,i0, conf=-1: [a54795b0-6c9c-4137-a866-f82f653c9bf9:192.168.157.213:43688, b26a8d60-58dc-431d-8168-f89a9ab35f3a:192.168.157.213:35535, 16805c57-9f45-4377-8998-764a8f26e152:192.168.157.213:33728], old=null
2019-10-19 01:04:33,025 [a54795b0-6c9c-4137-a866-f82f653c9bf9@group-FB3B7D7D89E3-LeaderElection91] INFO  impl.RaftServerImpl (RaftServerImpl.java:setRole(184)) - a54795b0-6c9c-4137-a866-f82f653c9bf9@group-FB3B7D7D89E3: changes role from CANDIDATE to FOLLOWER at term 47 for DISCOVERED_A_NEW_TERM
2019-10-19 01:04:33,025 [a54795b0-6c9c-4137-a866-f82f653c9bf9@group-FB3B7D7D89E3-LeaderElection91] INFO  impl.RoleInfo (RoleInfo.java:shutdownLeaderElection(134)) - a54795b0-6c9c-4137-a866-f82f653c9bf9: shutdown LeaderElection
2019-10-19 01:04:33,025 [a54795b0-6c9c-4137-a866-f82f653c9bf9@group-FB3B7D7D89E3-LeaderElection91] INFO  impl.RoleInfo (RoleInfo.java:updateAndGet(143)) - a54795b0-6c9c-4137-a866-f82f653c9bf9: start FollowerState
2019-10-19 01:04:33,034 [Thread-949] INFO  impl.FollowerState (FollowerState.java:run(108)) - a1c78c0e-869c-4f76-b4ce-2034448e0b80@group-D48B69A44692-FollowerState: change to CANDIDATE, lastRpcTime:58ms, electionTimeout:58ms
2019-10-19 01:04:33,035 [Thread-949] INFO  impl.RoleInfo (RoleInfo.java:shutdownFollowerState(121)) - a1c78c0e-869c-4f76-b4ce-2034448e0b80: shutdown FollowerState
2019-10-19 01:04:33,035 [Thread-949] INFO  impl.RaftServerImpl (RaftServerImpl.java:setRole(184)) - a1c78c0e-869c-4f76-b4ce-2034448e0b80@group-D48B69A44692: changes role from  FOLLOWER to CANDIDATE at term 43 for changeToCandidate
2019-10-19 01:04:33,035 [Thread-949] INFO  impl.RoleInfo (RoleInfo.java:updateAndGet(143)) - a1c78c0e-869c-4f76-b4ce-2034448e0b80: start LeaderElection
2019-10-19 01:04:33,048 [a1c78c0e-869c-4f76-b4ce-2034448e0b80@group-D48B69A44692-LeaderElection92] INFO  impl.LeaderElection (LeaderElection.java:askForVotes(178)) - a1c78c0e-869c-4f76-b4ce-2034448e0b80@group-D48B69A44692-LeaderElection92: begin an election at term 44 for -1: [51276c3c-a3b8-4274-b089-592ff4589f41:192.168.157.213:36639, 64c90977-e867-487c-b50d-c226f2d34a76:192.168.157.213:37433, a1c78c0e-869c-4f76-b4ce-2034448e0b80:192.168.157.213:33501], old=null
2019-10-19 01:04:33,050 [grpc-default-executor-4] INFO  impl.RaftServerImpl (RaftServerImpl.java:setRole(184)) - 51276c3c-a3b8-4274-b089-592ff4589f41@group-D48B69A44692: changes role from  FOLLOWER to FOLLOWER at term 44 for recognizeCandidate:a1c78c0e-869c-4f76-b4ce-2034448e0b80
2019-10-19 01:04:33,051 [grpc-default-executor-7] INFO  impl.RaftServerImpl (RaftServerImpl.java:setRole(184)) - 64c90977-e867-487c-b50d-c226f2d34a76@group-D48B69A44692: changes role from  FOLLOWER to FOLLOWER at term 44 for recognizeCandidate:a1c78c0e-869c-4f76-b4ce-2034448e0b80
2019-10-19 01:04:33,051 [grpc-default-executor-4] INFO  impl.RoleInfo (RoleInfo.java:shutdownFollowerState(121)) - 51276c3c-a3b8-4274-b089-592ff4589f41: shutdown FollowerState
2019-10-19 01:04:33,051 [grpc-default-executor-7] INFO  impl.RoleInfo (RoleInfo.java:shutdownFollowerState(121)) - 64c90977-e867-487c-b50d-c226f2d34a76: shutdown FollowerState
2019-10-19 01:04:33,051 [Thread-946] INFO  impl.FollowerState (FollowerState.java:run(117)) - 51276c3c-a3b8-4274-b089-592ff4589f41@group-D48B69A44692-FollowerState was interrupted: java.lang.InterruptedException: sleep interrupted
2019-10-19 01:04:33,051 [Thread-944] INFO  impl.FollowerState (FollowerState.java:run(117)) - 64c90977-e867-487c-b50d-c226f2d34a76@group-D48B69A44692-FollowerState was interrupted: java.lang.InterruptedException: sleep interrupted
2019-10-19 01:04:33,051 [grpc-default-executor-4] INFO  impl.RoleInfo (RoleInfo.java:updateAndGet(143)) - 51276c3c-a3b8-4274-b089-592ff4589f41: start FollowerState
2019-10-19 01:04:33,051 [grpc-default-executor-7] INFO  impl.RoleInfo (RoleInfo.java:updateAndGet(143)) - 64c90977-e867-487c-b50d-c226f2d34a76: start FollowerState
2019-10-19 01:04:33,054 [a1c78c0e-869c-4f76-b4ce-2034448e0b80@group-D48B69A44692-LeaderElection92] INFO  impl.LeaderElection (LeaderElection.java:logAndReturn(56)) - a1c78c0e-869c-4f76-b4ce-2034448e0b80@group-D48B69A44692-LeaderElection92: Election TIMEOUT; received 0 response(s) [] and 0 exception(s); a1c78c0e-869c-4f76-b4ce-2034448e0b80@group-D48B69A44692:t44, leader=null, voted=a1c78c0e-869c-4f76-b4ce-2034448e0b80, raftlog=a1c78c0e-869c-4f76-b4ce-2034448e0b80@group-D48B69A44692-SegmentedRaftLog:OPENED:c-1,f-1,i0, conf=-1: [51276c3c-a3b8-4274-b089-592ff4589f41:192.168.157.213:36639, 64c90977-e867-487c-b50d-c226f2d34a76:192.168.157.213:37433, a1c78c0e-869c-4f76-b4ce-2034448e0b80:192.168.157.213:33501], old=null
2019-10-19 01:04:33,066 [a1c78c0e-869c-4f76-b4ce-2034448e0b80@group-D48B69A44692-LeaderElection92] INFO  impl.LeaderElection (LeaderElection.java:askForVotes(178)) - a1c78c0e-869c-4f76-b4ce-2034448e0b80@group-D48B69A44692-LeaderElection92: begin an election at term 45 for -1: [51276c3c-a3b8-4274-b089-592ff4589f41:192.168.157.213:36639, 64c90977-e867-487c-b50d-c226f2d34a76:192.168.157.213:37433, a1c78c0e-869c-4f76-b4ce-2034448e0b80:192.168.157.213:33501], old=null
2019-10-19 01:04:33,068 [grpc-default-executor-7] INFO  impl.RaftServerImpl (RaftServerImpl.java:setRole(184)) - 64c90977-e867-487c-b50d-c226f2d34a76@group-D48B69A44692: changes role from  FOLLOWER to FOLLOWER at term 45 for recognizeCandidate:a1c78c0e-869c-4f76-b4ce-2034448e0b80
2019-10-19 01:04:33,069 [grpc-default-executor-7] INFO  impl.RoleInfo (RoleInfo.java:shutdownFollowerState(121)) - 64c90977-e867-487c-b50d-c226f2d34a76: shutdown FollowerState
2019-10-19 01:04:33,069 [grpc-default-executor-4] INFO  impl.RaftServerImpl (RaftServerImpl.java:setRole(184)) - 51276c3c-a3b8-4274-b089-592ff4589f41@group-D48B69A44692: changes role from  FOLLOWER to FOLLOWER at term 45 for recognizeCandidate:a1c78c0e-869c-4f76-b4ce-2034448e0b80
2019-10-19 01:04:33,069 [Thread-960] INFO  impl.FollowerState (FollowerState.java:run(117)) - 64c90977-e867-487c-b50d-c226f2d34a76@group-D48B69A44692-FollowerState was interrupted: java.lang.InterruptedException: sleep interrupted
2019-10-19 01:04:33,069 [grpc-default-executor-7] INFO  impl.RoleInfo (RoleInfo.java:updateAndGet(143)) - 64c90977-e867-487c-b50d-c226f2d34a76: start FollowerState
2019-10-19 01:04:33,069 [grpc-default-executor-4] INFO  impl.RoleInfo (RoleInfo.java:shutdownFollowerState(121)) - 51276c3c-a3b8-4274-b089-592ff4589f41: shutdown FollowerState
2019-10-19 01:04:33,070 [grpc-default-executor-4] INFO  impl.RoleInfo (RoleInfo.java:updateAndGet(143)) - 51276c3c-a3b8-4274-b089-592ff4589f41: start FollowerState
2019-10-19 01:04:33,070 [Thread-959] INFO  impl.FollowerState (FollowerState.java:run(117)) - 51276c3c-a3b8-4274-b089-592ff4589f41@group-D48B69A44692-FollowerState was interrupted: java.lang.InterruptedException: sleep interrupted
2019-10-19 01:04:33,086 [a1c78c0e-869c-4f76-b4ce-2034448e0b80@group-D48B69A44692-LeaderElection92] INFO  impl.LeaderElection (LeaderElection.java:logAndReturn(56)) - a1c78c0e-869c-4f76-b4ce-2034448e0b80@group-D48B69A44692-LeaderElection92: Election REJECTED; received 2 response(s) [a1c78c0e-869c-4f76-b4ce-2034448e0b80<-51276c3c-a3b8-4274-b089-592ff4589f41#0:FAIL-t45, a1c78c0e-869c-4f76-b4ce-2034448e0b80<-64c90977-e867-487c-b50d-c226f2d34a76#0:FAIL-t45] and 0 exception(s); a1c78c0e-869c-4f76-b4ce-2034448e0b80@group-D48B69A44692:t45, leader=null, voted=a1c78c0e-869c-4f76-b4ce-2034448e0b80, raftlog=a1c78c0e-869c-4f76-b4ce-2034448e0b80@group-D48B69A44692-SegmentedRaftLog:OPENED:c-1,f-1,i0, conf=-1: [51276c3c-a3b8-4274-b089-592ff4589f41:192.168.157.213:36639, 64c90977-e867-487c-b50d-c226f2d34a76:192.168.157.213:37433, a1c78c0e-869c-4f76-b4ce-2034448e0b80:192.168.157.213:33501], old=null
2019-10-19 01:04:33,086 [a1c78c0e-869c-4f76-b4ce-2034448e0b80@group-D48B69A44692-LeaderElection92] INFO  impl.RaftServerImpl (RaftServerImpl.java:setRole(184)) - a1c78c0e-869c-4f76-b4ce-2034448e0b80@group-D48B69A44692: changes role from CANDIDATE to FOLLOWER at term 45 for DISCOVERED_A_NEW_TERM
2019-10-19 01:04:33,086 [a1c78c0e-869c-4f76-b4ce-2034448e0b80@group-D48B69A44692-LeaderElection92] INFO  impl.RoleInfo (RoleInfo.java:shutdownLeaderElection(134)) - a1c78c0e-869c-4f76-b4ce-2034448e0b80: shutdown LeaderElection
2019-10-19 01:04:33,086 [a1c78c0e-869c-4f76-b4ce-2034448e0b80@group-D48B69A44692-LeaderElection92] INFO  impl.RoleInfo (RoleInfo.java:updateAndGet(143)) - a1c78c0e-869c-4f76-b4ce-2034448e0b80: start FollowerState
2019-10-19 01:04:33,151 [Thread-955] INFO  impl.FollowerState (FollowerState.java:run(108)) - a54795b0-6c9c-4137-a866-f82f653c9bf9@group-FB3B7D7D89E3-FollowerState: change to CANDIDATE, lastRpcTime:126ms, electionTimeout:126ms
2019-10-19 01:04:33,151 [Thread-955] INFO  impl.RoleInfo (RoleInfo.java:shutdownFollowerState(121)) - a54795b0-6c9c-4137-a866-f82f653c9bf9: shutdown FollowerState
2019-10-19 01:04:33,152 [Thread-955] INFO  impl.RaftServerImpl (RaftServerImpl.java:setRole(184)) - a54795b0-6c9c-4137-a866-f82f653c9bf9@group-FB3B7D7D89E3: changes role from  FOLLOWER to CANDIDATE at term 47 for changeToCandidate
2019-10-19 01:04:33,152 [Thread-955] INFO  impl.RoleInfo (RoleInfo.java:updateAndGet(143)) - a54795b0-6c9c-4137-a866-f82f653c9bf9: start LeaderElection
2019-10-19 01:04:33,199 [a54795b0-6c9c-4137-a866-f82f653c9bf9@group-FB3B7D7D89E3-LeaderElection93] INFO  impl.LeaderElection (LeaderElection.java:askForVotes(178)) - a54795b0-6c9c-4137-a866-f82f653c9bf9@group-FB3B7D7D89E3-LeaderElection93: begin an election at term 48 for -1: [a54795b0-6c9c-4137-a866-f82f653c9bf9:192.168.157.213:43688, b26a8d60-58dc-431d-8168-f89a9ab35f3a:192.168.157.213:35535, 16805c57-9f45-4377-8998-764a8f26e152:192.168.157.213:33728], old=null
2019-10-19 01:04:33,202 [grpc-default-executor-4] INFO  impl.RaftServerImpl (RaftServerImpl.java:setRole(184)) - 16805c57-9f45-4377-8998-764a8f26e152@group-FB3B7D7D89E3: changes role from  FOLLOWER to FOLLOWER at term 48 for recognizeCandidate:a54795b0-6c9c-4137-a866-f82f653c9bf9
2019-10-19 01:04:33,202 [grpc-default-executor-7] INFO  impl.RaftServerImpl (RaftServerImpl.java:setRole(184)) - b26a8d60-58dc-431d-8168-f89a9ab35f3a@group-FB3B7D7D89E3: changes role from  FOLLOWER to FOLLOWER at term 48 for recognizeCandidate:a54795b0-6c9c-4137-a866-f82f653c9bf9
2019-10-19 01:04:33,202 [grpc-default-executor-4] INFO  impl.RoleInfo (RoleInfo.java:shutdownFollowerState(121)) - 16805c57-9f45-4377-8998-764a8f26e152: shutdown FollowerState
2019-10-19 01:04:33,202 [grpc-default-executor-7] INFO  impl.RoleInfo (RoleInfo.java:shutdownFollowerState(121)) - b26a8d60-58dc-431d-8168-f89a9ab35f3a: shutdown FollowerState
2019-10-19 01:04:33,202 [grpc-default-executor-4] INFO  impl.RoleInfo (RoleInfo.java:updateAndGet(143)) - 16805c57-9f45-4377-8998-764a8f26e152: start FollowerState
2019-10-19 01:04:33,203 [Thread-954] INFO  impl.FollowerState (FollowerState.java:run(117)) - b26a8d60-58dc-431d-8168-f89a9ab35f3a@group-FB3B7D7D89E3-FollowerState was interrupted: java.lang.InterruptedException: sleep interrupted
2019-10-19 01:04:33,203 [grpc-default-executor-7] INFO  impl.RoleInfo (RoleInfo.java:updateAndGet(143)) - b26a8d60-58dc-431d-8168-f89a9ab35f3a: start FollowerState
2019-10-19 01:04:33,203 [Thread-953] INFO  impl.FollowerState (FollowerState.java:run(117)) - 16805c57-9f45-4377-8998-764a8f26e152@group-FB3B7D7D89E3-FollowerState was interrupted: java.lang.InterruptedException: sleep interrupted
2019-10-19 01:04:33,205 [a54795b0-6c9c-4137-a866-f82f653c9bf9@group-FB3B7D7D89E3-LeaderElection93] INFO  impl.LeaderElection (LeaderElection.java:logAndReturn(56)) - a54795b0-6c9c-4137-a866-f82f653c9bf9@group-FB3B7D7D89E3-LeaderElection93: Election TIMEOUT; received 0 response(s) [] and 0 exception(s); a54795b0-6c9c-4137-a866-f82f653c9bf9@group-FB3B7D7D89E3:t48, leader=null, voted=a54795b0-6c9c-4137-a866-f82f653c9bf9, raftlog=a54795b0-6c9c-4137-a866-f82f653c9bf9@group-FB3B7D7D89E3-SegmentedRaftLog:OPENED:c-1,f-1,i0, conf=-1: [a54795b0-6c9c-4137-a866-f82f653c9bf9:192.168.157.213:43688, b26a8d60-58dc-431d-8168-f89a9ab35f3a:192.168.157.213:35535, 16805c57-9f45-4377-8998-764a8f26e152:192.168.157.213:33728], old=null
2019-10-19 01:04:33,216 [a54795b0-6c9c-4137-a866-f82f653c9bf9@group-FB3B7D7D89E3-LeaderElection93] INFO  impl.LeaderElection (LeaderElection.java:askForVotes(178)) - a54795b0-6c9c-4137-a866-f82f653c9bf9@group-FB3B7D7D89E3-LeaderElection93: begin an election at term 49 for -1: [a54795b0-6c9c-4137-a866-f82f653c9bf9:192.168.157.213:43688, b26a8d60-58dc-431d-8168-f89a9ab35f3a:192.168.157.213:35535, 16805c57-9f45-4377-8998-764a8f26e152:192.168.157.213:33728], old=null
2019-10-19 01:04:33,217 [grpc-default-executor-4] INFO  impl.RaftServerImpl (RaftServerImpl.java:setRole(184)) - b26a8d60-58dc-431d-8168-f89a9ab35f3a@group-FB3B7D7D89E3: changes role from  FOLLOWER to FOLLOWER at term 49 for recognizeCandidate:a54795b0-6c9c-4137-a866-f82f653c9bf9
2019-10-19 01:04:33,221 [grpc-default-executor-4] INFO  impl.RoleInfo (RoleInfo.java:shutdownFollowerState(121)) - b26a8d60-58dc-431d-8168-f89a9ab35f3a: shutdown FollowerState
2019-10-19 01:04:33,221 [grpc-default-executor-7] INFO  impl.RaftServerImpl (RaftServerImpl.java:setRole(184)) - 16805c57-9f45-4377-8998-764a8f26e152@group-FB3B7D7D89E3: changes role from  FOLLOWER to FOLLOWER at term 49 for recognizeCandidate:a54795b0-6c9c-4137-a866-f82f653c9bf9
2019-10-19 01:04:33,222 [grpc-default-executor-4] INFO  impl.RoleInfo (RoleInfo.java:updateAndGet(143)) - b26a8d60-58dc-431d-8168-f89a9ab35f3a: start FollowerState
2019-10-19 01:04:33,222 [Thread-970] INFO  impl.FollowerState (FollowerState.java:run(117)) - b26a8d60-58dc-431d-8168-f89a9ab35f3a@group-FB3B7D7D89E3-FollowerState was interrupted: java.lang.InterruptedException: sleep interrupted
2019-10-19 01:04:33,222 [grpc-default-executor-7] INFO  impl.RoleInfo (RoleInfo.java:shutdownFollowerState(121)) - 16805c57-9f45-4377-8998-764a8f26e152: shutdown FollowerState
2019-10-19 01:04:33,222 [grpc-default-executor-7] INFO  impl.RoleInfo (RoleInfo.java:updateAndGet(143)) - 16805c57-9f45-4377-8998-764a8f26e152: start FollowerState
2019-10-19 01:04:33,222 [Thread-969] INFO  impl.FollowerState (FollowerState.java:run(117)) - 16805c57-9f45-4377-8998-764a8f26e152@group-FB3B7D7D89E3-FollowerState was interrupted: java.lang.InterruptedException: sleep interrupted
2019-10-19 01:04:33,236 [a54795b0-6c9c-4137-a866-f82f653c9bf9@group-FB3B7D7D89E3-LeaderElection93] INFO  impl.LeaderElection (LeaderElection.java:logAndReturn(56)) - a54795b0-6c9c-4137-a866-f82f653c9bf9@group-FB3B7D7D89E3-LeaderElection93: Election REJECTED; received 2 response(s) [a54795b0-6c9c-4137-a866-f82f653c9bf9<-b26a8d60-58dc-431d-8168-f89a9ab35f3a#0:FAIL-t49, a54795b0-6c9c-4137-a866-f82f653c9bf9<-16805c57-9f45-4377-8998-764a8f26e152#0:FAIL-t49] and 0 exception(s); a54795b0-6c9c-4137-a866-f82f653c9bf9@group-FB3B7D7D89E3:t49, leader=null, voted=a54795b0-6c9c-4137-a866-f82f653c9bf9, raftlog=a54795b0-6c9c-4137-a866-f82f653c9bf9@group-FB3B7D7D89E3-SegmentedRaftLog:OPENED:c-1,f-1,i0, conf=-1: [a54795b0-6c9c-4137-a866-f82f653c9bf9:192.168.157.213:43688, b26a8d60-58dc-431d-8168-f89a9ab35f3a:192.168.157.213:35535, 16805c57-9f45-4377-8998-764a8f26e152:192.168.157.213:33728], old=null
2019-10-19 01:04:33,236 [a54795b0-6c9c-4137-a866-f82f653c9bf9@group-FB3B7D7D89E3-LeaderElection93] INFO  impl.RaftServerImpl (RaftServerImpl.java:setRole(184)) - a54795b0-6c9c-4137-a866-f82f653c9bf9@group-FB3B7D7D89E3: changes role from CANDIDATE to FOLLOWER at term 49 for DISCOVERED_A_NEW_TERM
2019-10-19 01:04:33,236 [a54795b0-6c9c-4137-a866-f82f653c9bf9@group-FB3B7D7D89E3-LeaderElection93] INFO  impl.RoleInfo (RoleInfo.java:shutdownLeaderElection(134)) - a54795b0-6c9c-4137-a866-f82f653c9bf9: shutdown LeaderElection
2019-10-19 01:04:33,236 [a54795b0-6c9c-4137-a866-f82f653c9bf9@group-FB3B7D7D89E3-LeaderElection93] INFO  impl.RoleInfo (RoleInfo.java:updateAndGet(143)) - a54795b0-6c9c-4137-a866-f82f653c9bf9: start FollowerState
2019-10-19 01:04:33,281 [Thread-965] INFO  impl.FollowerState (FollowerState.java:run(108)) - a1c78c0e-869c-4f76-b4ce-2034448e0b80@group-D48B69A44692-FollowerState: change to CANDIDATE, lastRpcTime:195ms, electionTimeout:195ms
2019-10-19 01:04:33,282 [Thread-965] INFO  impl.RoleInfo (RoleInfo.java:shutdownFollowerState(121)) - a1c78c0e-869c-4f76-b4ce-2034448e0b80: shutdown FollowerState
2019-10-19 01:04:33,282 [Thread-965] INFO  impl.RaftServerImpl (RaftServerImpl.java:setRole(184)) - a1c78c0e-869c-4f76-b4ce-2034448e0b80@group-D48B69A44692: changes role from  FOLLOWER to CANDIDATE at term 45 for changeToCandidate
2019-10-19 01:04:33,282 [Thread-965] INFO  impl.RoleInfo (RoleInfo.java:updateAndGet(143)) - a1c78c0e-869c-4f76-b4ce-2034448e0b80: start LeaderElection
2019-10-19 01:04:33,295 [a1c78c0e-869c-4f76-b4ce-2034448e0b80@group-D48B69A44692-LeaderElection94] INFO  impl.LeaderElection (LeaderElection.java:askForVotes(178)) - a1c78c0e-869c-4f76-b4ce-2034448e0b80@group-D48B69A44692-LeaderElection94: begin an election at term 46 for -1: [51276c3c-a3b8-4274-b089-592ff4589f41:192.168.157.213:36639, 64c90977-e867-487c-b50d-c226f2d34a76:192.168.157.213:37433, a1c78c0e-869c-4f76-b4ce-2034448e0b80:192.168.157.213:33501], old=null
2019-10-19 01:04:33,297 [grpc-default-executor-4] INFO  impl.RaftServerImpl (RaftServerImpl.java:setRole(184)) - 64c90977-e867-487c-b50d-c226f2d34a76@group-D48B69A44692: changes role from  FOLLOWER to FOLLOWER at term 46 for recognizeCandidate:a1c78c0e-869c-4f76-b4ce-2034448e0b80
2019-10-19 01:04:33,298 [grpc-default-executor-4] INFO  impl.RoleInfo (RoleInfo.java:shutdownFollowerState(121)) - 64c90977-e867-487c-b50d-c226f2d34a76: shutdown FollowerState
2019-10-19 01:04:33,298 [grpc-default-executor-7] INFO  impl.RaftServerImpl (RaftServerImpl.java:setRole(184)) - 51276c3c-a3b8-4274-b089-592ff4589f41@group-D48B69A44692: changes role from  FOLLOWER to FOLLOWER at term 46 for recognizeCandidate:a1c78c0e-869c-4f76-b4ce-2034448e0b80
2019-10-19 01:04:33,298 [Thread-963] INFO  impl.FollowerState (FollowerState.java:run(117)) - 64c90977-e867-487c-b50d-c226f2d34a76@group-D48B69A44692-FollowerState was interrupted: java.lang.InterruptedException: sleep interrupted
2019-10-19 01:04:33,298 [grpc-default-executor-4] INFO  impl.RoleInfo (RoleInfo.java:updateAndGet(143)) - 64c90977-e867-487c-b50d-c226f2d34a76: start FollowerState
2019-10-19 01:04:33,298 [grpc-default-executor-7] INFO  impl.RoleInfo (RoleInfo.java:shutdownFollowerState(121)) - 51276c3c-a3b8-4274-b089-592ff4589f41: shutdown FollowerState
2019-10-19 01:04:33,299 [grpc-default-executor-7] INFO  impl.RoleInfo (RoleInfo.java:updateAndGet(143)) - 51276c3c-a3b8-4274-b089-592ff4589f41: start FollowerState
2019-10-19 01:04:33,299 [Thread-964] INFO  impl.FollowerState (FollowerState.java:run(117)) - 51276c3c-a3b8-4274-b089-592ff4589f41@group-D48B69A44692-FollowerState was interrupted: java.lang.InterruptedException: sleep interrupted
2019-10-19 01:04:33,319 [a1c78c0e-869c-4f76-b4ce-2034448e0b80@group-D48B69A44692-LeaderElection94] INFO  impl.LeaderElection (LeaderElection.java:logAndReturn(56)) - a1c78c0e-869c-4f76-b4ce-2034448e0b80@group-D48B69A44692-LeaderElection94: Election REJECTED; received 2 response(s) [a1c78c0e-869c-4f76-b4ce-2034448e0b80<-51276c3c-a3b8-4274-b089-592ff4589f41#0:FAIL-t46, a1c78c0e-869c-4f76-b4ce-2034448e0b80<-64c90977-e867-487c-b50d-c226f2d34a76#0:FAIL-t46] and 0 exception(s); a1c78c0e-869c-4f76-b4ce-2034448e0b80@group-D48B69A44692:t46, leader=null, voted=a1c78c0e-869c-4f76-b4ce-2034448e0b80, raftlog=a1c78c0e-869c-4f76-b4ce-2034448e0b80@group-D48B69A44692-SegmentedRaftLog:OPENED:c-1,f-1,i0, conf=-1: [51276c3c-a3b8-4274-b089-592ff4589f41:192.168.157.213:36639, 64c90977-e867-487c-b50d-c226f2d34a76:192.168.157.213:37433, a1c78c0e-869c-4f76-b4ce-2034448e0b80:192.168.157.213:33501], old=null
2019-10-19 01:04:33,319 [a1c78c0e-869c-4f76-b4ce-2034448e0b80@group-D48B69A44692-LeaderElection94] INFO  impl.RaftServerImpl (RaftServerImpl.java:setRole(184)) - a1c78c0e-869c-4f76-b4ce-2034448e0b80@group-D48B69A44692: changes role from CANDIDATE to FOLLOWER at term 46 for DISCOVERED_A_NEW_TERM
2019-10-19 01:04:33,319 [a1c78c0e-869c-4f76-b4ce-2034448e0b80@group-D48B69A44692-LeaderElection94] INFO  impl.RoleInfo (RoleInfo.java:shutdownLeaderElection(134)) - a1c78c0e-869c-4f76-b4ce-2034448e0b80: shutdown LeaderElection
2019-10-19 01:04:33,319 [a1c78c0e-869c-4f76-b4ce-2034448e0b80@group-D48B69A44692-LeaderElection94] INFO  impl.RoleInfo (RoleInfo.java:updateAndGet(143)) - a1c78c0e-869c-4f76-b4ce-2034448e0b80: start FollowerState
2019-10-19 01:04:33,350 [Thread-975] INFO  impl.FollowerState (FollowerState.java:run(108)) - a54795b0-6c9c-4137-a866-f82f653c9bf9@group-FB3B7D7D89E3-FollowerState: change to CANDIDATE, lastRpcTime:113ms, electionTimeout:113ms
2019-10-19 01:04:33,350 [Thread-975] INFO  impl.RoleInfo (RoleInfo.java:shutdownFollowerState(121)) - a54795b0-6c9c-4137-a866-f82f653c9bf9: shutdown FollowerState
2019-10-19 01:04:33,350 [Thread-975] INFO  impl.RaftServerImpl (RaftServerImpl.java:setRole(184)) - a54795b0-6c9c-4137-a866-f82f653c9bf9@group-FB3B7D7D89E3: changes role from  FOLLOWER to CANDIDATE at term 49 for changeToCandidate
2019-10-19 01:04:33,350 [Thread-975] INFO  impl.RoleInfo (RoleInfo.java:updateAndGet(143)) - a54795b0-6c9c-4137-a866-f82f653c9bf9: start LeaderElection
2019-10-19 01:04:33,363 [a54795b0-6c9c-4137-a866-f82f653c9bf9@group-FB3B7D7D89E3-LeaderElection95] INFO  impl.LeaderElection (LeaderElection.java:askForVotes(178)) - a54795b0-6c9c-4137-a866-f82f653c9bf9@group-FB3B7D7D89E3-LeaderElection95: begin an election at term 50 for -1: [a54795b0-6c9c-4137-a866-f82f653c9bf9:192.168.157.213:43688, b26a8d60-58dc-431d-8168-f89a9ab35f3a:192.168.157.213:35535, 16805c57-9f45-4377-8998-764a8f26e152:192.168.157.213:33728], old=null
2019-10-19 01:04:33,366 [grpc-default-executor-4] INFO  impl.RaftServerImpl (RaftServerImpl.java:setRole(184)) - 16805c57-9f45-4377-8998-764a8f26e152@group-FB3B7D7D89E3: changes role from  FOLLOWER to FOLLOWER at term 50 for recognizeCandidate:a54795b0-6c9c-4137-a866-f82f653c9bf9
2019-10-19 01:04:33,366 [grpc-default-executor-7] INFO  impl.RaftServerImpl (RaftServerImpl.java:setRole(184)) - b26a8d60-58dc-431d-8168-f89a9ab35f3a@group-FB3B7D7D89E3: changes role from  FOLLOWER to FOLLOWER at term 50 for recognizeCandidate:a54795b0-6c9c-4137-a866-f82f653c9bf9
2019-10-19 01:04:33,366 [grpc-default-executor-4] INFO  impl.RoleInfo (RoleInfo.java:shutdownFollowerState(121)) - 16805c57-9f45-4377-8998-764a8f26e152: shutdown FollowerState
2019-10-19 01:04:33,366 [grpc-default-executor-7] INFO  impl.RoleInfo (RoleInfo.java:shutdownFollowerState(121)) - b26a8d60-58dc-431d-8168-f89a9ab35f3a: shutdown FollowerState
2019-10-19 01:04:33,366 [grpc-default-executor-4] INFO  impl.RoleInfo (RoleInfo.java:updateAndGet(143)) - 16805c57-9f45-4377-8998-764a8f26e152: start FollowerState
2019-10-19 01:04:33,366 [Thread-973] INFO  impl.FollowerState (FollowerState.java:run(117)) - b26a8d60-58dc-431d-8168-f89a9ab35f3a@group-FB3B7D7D89E3-FollowerState was interrupted: java.lang.InterruptedException: sleep interrupted
2019-10-19 01:04:33,366 [grpc-default-executor-7] INFO  impl.RoleInfo (RoleInfo.java:updateAndGet(143)) - b26a8d60-58dc-431d-8168-f89a9ab35f3a: start FollowerState
2019-10-19 01:04:33,366 [Thread-974] INFO  impl.FollowerState (FollowerState.java:run(117)) - 16805c57-9f45-4377-8998-764a8f26e152@group-FB3B7D7D89E3-FollowerState was interrupted: java.lang.InterruptedException: sleep interrupted
2019-10-19 01:04:33,381 [a54795b0-6c9c-4137-a866-f82f653c9bf9@group-FB3B7D7D89E3-LeaderElection95] INFO  impl.LeaderElection (LeaderElection.java:logAndReturn(56)) - a54795b0-6c9c-4137-a866-f82f653c9bf9@group-FB3B7D7D89E3-LeaderElection95: Election REJECTED; received 2 response(s) [a54795b0-6c9c-4137-a866-f82f653c9bf9<-b26a8d60-58dc-431d-8168-f89a9ab35f3a#0:FAIL-t50, a54795b0-6c9c-4137-a866-f82f653c9bf9<-16805c57-9f45-4377-8998-764a8f26e152#0:FAIL-t50] and 0 exception(s); a54795b0-6c9c-4137-a866-f82f653c9bf9@group-FB3B7D7D89E3:t50, leader=null, voted=a54795b0-6c9c-4137-a866-f82f653c9bf9, raftlog=a54795b0-6c9c-4137-a866-f82f653c9bf9@group-FB3B7D7D89E3-SegmentedRaftLog:OPENED:c-1,f-1,i0, conf=-1: [a54795b0-6c9c-4137-a866-f82f653c9bf9:192.168.157.213:43688, b26a8d60-58dc-431d-8168-f89a9ab35f3a:192.168.157.213:35535, 16805c57-9f45-4377-8998-764a8f26e152:192.168.157.213:33728], old=null
2019-10-19 01:04:33,381 [a54795b0-6c9c-4137-a866-f82f653c9bf9@group-FB3B7D7D89E3-LeaderElection95] INFO  impl.RaftServerImpl (RaftServerImpl.java:setRole(184)) - a54795b0-6c9c-4137-a866-f82f653c9bf9@group-FB3B7D7D89E3: changes role from CANDIDATE to FOLLOWER at term 50 for DISCOVERED_A_NEW_TERM
2019-10-19 01:04:33,381 [a54795b0-6c9c-4137-a866-f82f653c9bf9@group-FB3B7D7D89E3-LeaderElection95] INFO  impl.RoleInfo (RoleInfo.java:shutdownLeaderElection(134)) - a54795b0-6c9c-4137-a866-f82f653c9bf9: shutdown LeaderElection
2019-10-19 01:04:33,381 [a54795b0-6c9c-4137-a866-f82f653c9bf9@group-FB3B7D7D89E3-LeaderElection95] INFO  impl.RoleInfo (RoleInfo.java:updateAndGet(143)) - a54795b0-6c9c-4137-a866-f82f653c9bf9: start FollowerState
2019-10-19 01:04:33,419 [Thread-981] INFO  impl.FollowerState (FollowerState.java:run(108)) - a1c78c0e-869c-4f76-b4ce-2034448e0b80@group-D48B69A44692-FollowerState: change to CANDIDATE, lastRpcTime:99ms, electionTimeout:97ms
2019-10-19 01:04:33,419 [Thread-981] INFO  impl.RoleInfo (RoleInfo.java:shutdownFollowerState(121)) - a1c78c0e-869c-4f76-b4ce-2034448e0b80: shutdown FollowerState
2019-10-19 01:04:33,419 [Thread-981] INFO  impl.RaftServerImpl (RaftServerImpl.java:setRole(184)) - a1c78c0e-869c-4f76-b4ce-2034448e0b80@group-D48B69A44692: changes role from  FOLLOWER to CANDIDATE at term 46 for changeToCandidate
2019-10-19 01:04:33,420 [Thread-981] INFO  impl.RoleInfo (RoleInfo.java:updateAndGet(143)) - a1c78c0e-869c-4f76-b4ce-2034448e0b80: start LeaderElection
2019-10-19 01:04:33,425 [a1c78c0e-869c-4f76-b4ce-2034448e0b80@group-D48B69A44692-LeaderElection96] INFO  impl.LeaderElection (LeaderElection.java:askForVotes(178)) - a1c78c0e-869c-4f76-b4ce-2034448e0b80@group-D48B69A44692-LeaderElection96: begin an election at term 47 for -1: [51276c3c-a3b8-4274-b089-592ff4589f41:192.168.157.213:36639, 64c90977-e867-487c-b50d-c226f2d34a76:192.168.157.213:37433, a1c78c0e-869c-4f76-b4ce-2034448e0b80:192.168.157.213:33501], old=null
2019-10-19 01:04:33,428 [grpc-default-executor-7] INFO  impl.RaftServerImpl (RaftServerImpl.java:setRole(184)) - 51276c3c-a3b8-4274-b089-592ff4589f41@group-D48B69A44692: changes role from  FOLLOWER to FOLLOWER at term 47 for recognizeCandidate:a1c78c0e-869c-4f76-b4ce-2034448e0b80
2019-10-19 01:04:33,428 [grpc-default-executor-4] INFO  impl.RaftServerImpl (RaftServerImpl.java:setRole(184)) - 64c90977-e867-487c-b50d-c226f2d34a76@group-D48B69A44692: changes role from  FOLLOWER to FOLLOWER at term 47 for recognizeCandidate:a1c78c0e-869c-4f76-b4ce-2034448e0b80
2019-10-19 01:04:33,428 [grpc-default-executor-7] INFO  impl.RoleInfo (RoleInfo.java:shutdownFollowerState(121)) - 51276c3c-a3b8-4274-b089-592ff4589f41: shutdown FollowerState
2019-10-19 01:04:33,428 [grpc-default-executor-4] INFO  impl.RoleInfo (RoleInfo.java:shutdownFollowerState(121)) - 64c90977-e867-487c-b50d-c226f2d34a76: shutdown FollowerState
2019-10-19 01:04:33,428 [grpc-default-executor-7] INFO  impl.RoleInfo (RoleInfo.java:updateAndGet(143)) - 51276c3c-a3b8-4274-b089-592ff4589f41: start FollowerState
2019-10-19 01:04:33,429 [Thread-979] INFO  impl.FollowerState (FollowerState.java:run(117)) - 64c90977-e867-487c-b50d-c226f2d34a76@group-D48B69A44692-FollowerState was interrupted: java.lang.InterruptedException: sleep interrupted
2019-10-19 01:04:33,429 [grpc-default-executor-4] INFO  impl.RoleInfo (RoleInfo.java:updateAndGet(143)) - 64c90977-e867-487c-b50d-c226f2d34a76: start FollowerState
2019-10-19 01:04:33,429 [Thread-980] INFO  impl.FollowerState (FollowerState.java:run(117)) - 51276c3c-a3b8-4274-b089-592ff4589f41@group-D48B69A44692-FollowerState was interrupted: java.lang.InterruptedException: sleep interrupted
2019-10-19 01:04:33,444 [a1c78c0e-869c-4f76-b4ce-2034448e0b80@group-D48B69A44692-LeaderElection96] INFO  impl.LeaderElection (LeaderElection.java:logAndReturn(56)) - a1c78c0e-869c-4f76-b4ce-2034448e0b80@group-D48B69A44692-LeaderElection96: Election REJECTED; received 2 response(s) [a1c78c0e-869c-4f76-b4ce-2034448e0b80<-51276c3c-a3b8-4274-b089-592ff4589f41#0:FAIL-t47, a1c78c0e-869c-4f76-b4ce-2034448e0b80<-64c90977-e867-487c-b50d-c226f2d34a76#0:FAIL-t47] and 0 exception(s); a1c78c0e-869c-4f76-b4ce-2034448e0b80@group-D48B69A44692:t47, leader=null, voted=a1c78c0e-869c-4f76-b4ce-2034448e0b80, raftlog=a1c78c0e-869c-4f76-b4ce-2034448e0b80@group-D48B69A44692-SegmentedRaftLog:OPENED:c-1,f-1,i0, conf=-1: [51276c3c-a3b8-4274-b089-592ff4589f41:192.168.157.213:36639, 64c90977-e867-487c-b50d-c226f2d34a76:192.168.157.213:37433, a1c78c0e-869c-4f76-b4ce-2034448e0b80:192.168.157.213:33501], old=null
2019-10-19 01:04:33,444 [a1c78c0e-869c-4f76-b4ce-2034448e0b80@group-D48B69A44692-LeaderElection96] INFO  impl.RaftServerImpl (RaftServerImpl.java:setRole(184)) - a1c78c0e-869c-4f76-b4ce-2034448e0b80@group-D48B69A44692: changes role from CANDIDATE to FOLLOWER at term 47 for DISCOVERED_A_NEW_TERM
2019-10-19 01:04:33,444 [a1c78c0e-869c-4f76-b4ce-2034448e0b80@group-D48B69A44692-LeaderElection96] INFO  impl.RoleInfo (RoleInfo.java:shutdownLeaderElection(134)) - a1c78c0e-869c-4f76-b4ce-2034448e0b80: shutdown LeaderElection
2019-10-19 01:04:33,444 [a1c78c0e-869c-4f76-b4ce-2034448e0b80@group-D48B69A44692-LeaderElection96] INFO  impl.RoleInfo (RoleInfo.java:updateAndGet(143)) - a1c78c0e-869c-4f76-b4ce-2034448e0b80: start FollowerState
2019-10-19 01:04:33,496 [Thread-995] INFO  impl.FollowerState (FollowerState.java:run(108)) - a1c78c0e-869c-4f76-b4ce-2034448e0b80@group-D48B69A44692-FollowerState: change to CANDIDATE, lastRpcTime:51ms, electionTimeout:51ms
2019-10-19 01:04:33,496 [Thread-995] INFO  impl.RoleInfo (RoleInfo.java:shutdownFollowerState(121)) - a1c78c0e-869c-4f76-b4ce-2034448e0b80: shutdown FollowerState
2019-10-19 01:04:33,496 [Thread-995] INFO  impl.RaftServerImpl (RaftServerImpl.java:setRole(184)) - a1c78c0e-869c-4f76-b4ce-2034448e0b80@group-D48B69A44692: changes role from  FOLLOWER to CANDIDATE at term 47 for changeToCandidate
2019-10-19 01:04:33,496 [Thread-995] INFO  impl.RoleInfo (RoleInfo.java:updateAndGet(143)) - a1c78c0e-869c-4f76-b4ce-2034448e0b80: start LeaderElection
2019-10-19 01:04:33,548 [a1c78c0e-869c-4f76-b4ce-2034448e0b80@group-D48B69A44692-LeaderElection97] INFO  impl.LeaderElection (LeaderElection.java:askForVotes(178)) - a1c78c0e-869c-4f76-b4ce-2034448e0b80@group-D48B69A44692-LeaderElection97: begin an election at term 48 for -1: [51276c3c-a3b8-4274-b089-592ff4589f41:192.168.157.213:36639, 64c90977-e867-487c-b50d-c226f2d34a76:192.168.157.213:37433, a1c78c0e-869c-4f76-b4ce-2034448e0b80:192.168.157.213:33501], old=null
2019-10-19 01:04:33,552 [grpc-default-executor-4] INFO  impl.RaftServerImpl (RaftServerImpl.java:setRole(184)) - 64c90977-e867-487c-b50d-c226f2d34a76@group-D48B69A44692: changes role from  FOLLOWER to FOLLOWER at term 48 for recognizeCandidate:a1c78c0e-869c-4f76-b4ce-2034448e0b80
2019-10-19 01:04:33,552 [grpc-default-executor-7] INFO  impl.RaftServerImpl (RaftServerImpl.java:setRole(184)) - 51276c3c-a3b8-4274-b089-592ff4589f41@group-D48B69A44692: changes role from  FOLLOWER to FOLLOWER at term 48 for recognizeCandidate:a1c78c0e-869c-4f76-b4ce-2034448e0b80
2019-10-19 01:04:33,552 [grpc-default-executor-4] INFO  impl.RoleInfo (RoleInfo.java:shutdownFollowerState(121)) - 64c90977-e867-487c-b50d-c226f2d34a76: shutdown FollowerState
2019-10-19 01:04:33,553 [grpc-default-executor-7] INFO  impl.RoleInfo (RoleInfo.java:shutdownFollowerState(121)) - 51276c3c-a3b8-4274-b089-592ff4589f41: shutdown FollowerState
2019-10-19 01:04:33,553 [grpc-default-executor-4] INFO  impl.RoleInfo (RoleInfo.java:updateAndGet(143)) - 64c90977-e867-487c-b50d-c226f2d34a76: start FollowerState
2019-10-19 01:04:33,553 [Thread-993] INFO  impl.FollowerState (FollowerState.java:run(117)) - 51276c3c-a3b8-4274-b089-592ff4589f41@group-D48B69A44692-FollowerState was interrupted: java.lang.InterruptedException: sleep interrupted
2019-10-19 01:04:33,553 [grpc-default-executor-7] INFO  impl.RoleInfo (RoleInfo.java:updateAndGet(143)) - 51276c3c-a3b8-4274-b089-592ff4589f41: start FollowerState
2019-10-19 01:04:33,553 [Thread-994] INFO  impl.FollowerState (FollowerState.java:run(117)) - 64c90977-e867-487c-b50d-c226f2d34a76@group-D48B69A44692-FollowerState was interrupted: java.lang.InterruptedException: sleep interrupted
2019-10-19 01:04:33,559 [a1c78c0e-869c-4f76-b4ce-2034448e0b80@group-D48B69A44692-LeaderElection97] INFO  impl.LeaderElection (LeaderElection.java:logAndReturn(56)) - a1c78c0e-869c-4f76-b4ce-2034448e0b80@group-D48B69A44692-LeaderElection97: Election REJECTED; received 2 response(s) [a1c78c0e-869c-4f76-b4ce-2034448e0b80<-51276c3c-a3b8-4274-b089-592ff4589f41#0:FAIL-t48, a1c78c0e-869c-4f76-b4ce-2034448e0b80<-64c90977-e867-487c-b50d-c226f2d34a76#0:FAIL-t48] and 0 exception(s); a1c78c0e-869c-4f76-b4ce-2034448e0b80@group-D48B69A44692:t48, leader=null, voted=a1c78c0e-869c-4f76-b4ce-2034448e0b80, raftlog=a1c78c0e-869c-4f76-b4ce-2034448e0b80@group-D48B69A44692-SegmentedRaftLog:OPENED:c-1,f-1,i0, conf=-1: [51276c3c-a3b8-4274-b089-592ff4589f41:192.168.157.213:36639, 64c90977-e867-487c-b50d-c226f2d34a76:192.168.157.213:37433, a1c78c0e-869c-4f76-b4ce-2034448e0b80:192.168.157.213:33501], old=null
2019-10-19 01:04:33,559 [a1c78c0e-869c-4f76-b4ce-2034448e0b80@group-D48B69A44692-LeaderElection97] INFO  impl.RaftServerImpl (RaftServerImpl.java:setRole(184)) - a1c78c0e-869c-4f76-b4ce-2034448e0b80@group-D48B69A44692: changes role from CANDIDATE to FOLLOWER at term 48 for DISCOVERED_A_NEW_TERM
2019-10-19 01:04:33,559 [a1c78c0e-869c-4f76-b4ce-2034448e0b80@group-D48B69A44692-LeaderElection97] INFO  impl.RoleInfo (RoleInfo.java:shutdownLeaderElection(134)) - a1c78c0e-869c-4f76-b4ce-2034448e0b80: shutdown LeaderElection
2019-10-19 01:04:33,559 [a1c78c0e-869c-4f76-b4ce-2034448e0b80@group-D48B69A44692-LeaderElection97] INFO  impl.RoleInfo (RoleInfo.java:updateAndGet(143)) - a1c78c0e-869c-4f76-b4ce-2034448e0b80: start FollowerState
2019-10-19 01:04:33,566 [Thread-989] INFO  impl.FollowerState (FollowerState.java:run(108)) - a54795b0-6c9c-4137-a866-f82f653c9bf9@group-FB3B7D7D89E3-FollowerState: change to CANDIDATE, lastRpcTime:184ms, electionTimeout:184ms
2019-10-19 01:04:33,566 [Thread-989] INFO  impl.RoleInfo (RoleInfo.java:shutdownFollowerState(121)) - a54795b0-6c9c-4137-a866-f82f653c9bf9: shutdown FollowerState
2019-10-19 01:04:33,566 [Thread-989] INFO  impl.RaftServerImpl (RaftServerImpl.java:setRole(184)) - a54795b0-6c9c-4137-a866-f82f653c9bf9@group-FB3B7D7D89E3: changes role from  FOLLOWER to CANDIDATE at term 50 for changeToCandidate
2019-10-19 01:04:33,566 [Thread-989] INFO  impl.RoleInfo (RoleInfo.java:updateAndGet(143)) - a54795b0-6c9c-4137-a866-f82f653c9bf9: start LeaderElection
2019-10-19 01:04:33,580 [a54795b0-6c9c-4137-a866-f82f653c9bf9@group-FB3B7D7D89E3-LeaderElection98] INFO  impl.LeaderElection (LeaderElection.java:askForVotes(178)) - a54795b0-6c9c-4137-a866-f82f653c9bf9@group-FB3B7D7D89E3-LeaderElection98: begin an election at term 51 for -1: [a54795b0-6c9c-4137-a866-f82f653c9bf9:192.168.157.213:43688, b26a8d60-58dc-431d-8168-f89a9ab35f3a:192.168.157.213:35535, 16805c57-9f45-4377-8998-764a8f26e152:192.168.157.213:33728], old=null
2019-10-19 01:04:33,582 [grpc-default-executor-4] INFO  impl.RaftServerImpl (RaftServerImpl.java:setRole(184)) - b26a8d60-58dc-431d-8168-f89a9ab35f3a@group-FB3B7D7D89E3: changes role from  FOLLOWER to FOLLOWER at term 51 for recognizeCandidate:a54795b0-6c9c-4137-a866-f82f653c9bf9
2019-10-19 01:04:33,582 [grpc-default-executor-7] INFO  impl.RaftServerImpl (RaftServerImpl.java:setRole(184)) - 16805c57-9f45-4377-8998-764a8f26e152@group-FB3B7D7D89E3: changes role from  FOLLOWER to FOLLOWER at term 51 for recognizeCandidate:a54795b0-6c9c-4137-a866-f82f653c9bf9
2019-10-19 01:04:33,582 [grpc-default-executor-4] INFO  impl.RoleInfo (RoleInfo.java:shutdownFollowerState(121)) - b26a8d60-58dc-431d-8168-f89a9ab35f3a: shutdown FollowerState
2019-10-19 01:04:33,583 [grpc-default-executor-7] INFO  impl.RoleInfo (RoleInfo.java:shutdownFollowerState(121)) - 16805c57-9f45-4377-8998-764a8f26e152: shutdown FollowerState
2019-10-19 01:04:33,583 [Thread-988] INFO  impl.FollowerState (FollowerState.java:run(117)) - b26a8d60-58dc-431d-8168-f89a9ab35f3a@group-FB3B7D7D89E3-FollowerState was interrupted: java.lang.InterruptedException: sleep interrupted
2019-10-19 01:04:33,583 [grpc-default-executor-4] INFO  impl.RoleInfo (RoleInfo.java:updateAndGet(143)) - b26a8d60-58dc-431d-8168-f89a9ab35f3a: start FollowerState
2019-10-19 01:04:33,583 [Thread-987] INFO  impl.FollowerState (FollowerState.java:run(117)) - 16805c57-9f45-4377-8998-764a8f26e152@group-FB3B7D7D89E3-FollowerState was interrupted: java.lang.InterruptedException: sleep interrupted
2019-10-19 01:04:33,583 [grpc-default-executor-7] INFO  impl.RoleInfo (RoleInfo.java:updateAndGet(143)) - 16805c57-9f45-4377-8998-764a8f26e152: start FollowerState
2019-10-19 01:04:33,593 [a54795b0-6c9c-4137-a866-f82f653c9bf9@group-FB3B7D7D89E3-LeaderElection98] INFO  impl.LeaderElection (LeaderElection.java:logAndReturn(56)) - a54795b0-6c9c-4137-a866-f82f653c9bf9@group-FB3B7D7D89E3-LeaderElection98: Election REJECTED; received 2 response(s) [a54795b0-6c9c-4137-a866-f82f653c9bf9<-b26a8d60-58dc-431d-8168-f89a9ab35f3a#0:FAIL-t51, a54795b0-6c9c-4137-a866-f82f653c9bf9<-16805c57-9f45-4377-8998-764a8f26e152#0:FAIL-t51] and 0 exception(s); a54795b0-6c9c-4137-a866-f82f653c9bf9@group-FB3B7D7D89E3:t51, leader=null, voted=a54795b0-6c9c-4137-a866-f82f653c9bf9, raftlog=a54795b0-6c9c-4137-a866-f82f653c9bf9@group-FB3B7D7D89E3-SegmentedRaftLog:OPENED:c-1,f-1,i0, conf=-1: [a54795b0-6c9c-4137-a866-f82f653c9bf9:192.168.157.213:43688, b26a8d60-58dc-431d-8168-f89a9ab35f3a:192.168.157.213:35535, 16805c57-9f45-4377-8998-764a8f26e152:192.168.157.213:33728], old=null
2019-10-19 01:04:33,594 [a54795b0-6c9c-4137-a866-f82f653c9bf9@group-FB3B7D7D89E3-LeaderElection98] INFO  impl.RaftServerImpl (RaftServerImpl.java:setRole(184)) - a54795b0-6c9c-4137-a866-f82f653c9bf9@group-FB3B7D7D89E3: changes role from CANDIDATE to FOLLOWER at term 51 for DISCOVERED_A_NEW_TERM
2019-10-19 01:04:33,594 [a54795b0-6c9c-4137-a866-f82f653c9bf9@group-FB3B7D7D89E3-LeaderElection98] INFO  impl.RoleInfo (RoleInfo.java:shutdownLeaderElection(134)) - a54795b0-6c9c-4137-a866-f82f653c9bf9: shutdown LeaderElection
2019-10-19 01:04:33,594 [a54795b0-6c9c-4137-a866-f82f653c9bf9@group-FB3B7D7D89E3-LeaderElection98] INFO  impl.RoleInfo (RoleInfo.java:updateAndGet(143)) - a54795b0-6c9c-4137-a866-f82f653c9bf9: start FollowerState
2019-10-19 01:04:33,690 [Thread-1001] INFO  impl.FollowerState (FollowerState.java:run(108)) - a1c78c0e-869c-4f76-b4ce-2034448e0b80@group-D48B69A44692-FollowerState: change to CANDIDATE, lastRpcTime:130ms, electionTimeout:130ms
2019-10-19 01:04:33,690 [Thread-1001] INFO  impl.RoleInfo (RoleInfo.java:shutdownFollowerState(121)) - a1c78c0e-869c-4f76-b4ce-2034448e0b80: shutdown FollowerState
2019-10-19 01:04:33,690 [Thread-1001] INFO  impl.RaftServerImpl (RaftServerImpl.java:setRole(184)) - a1c78c0e-869c-4f76-b4ce-2034448e0b80@group-D48B69A44692: changes role from  FOLLOWER to CANDIDATE at term 48 for changeToCandidate
2019-10-19 01:04:33,690 [Thread-1001] INFO  impl.RoleInfo (RoleInfo.java:updateAndGet(143)) - a1c78c0e-869c-4f76-b4ce-2034448e0b80: start LeaderElection
2019-10-19 01:04:33,711 [a1c78c0e-869c-4f76-b4ce-2034448e0b80@group-D48B69A44692-LeaderElection99] INFO  impl.LeaderElection (LeaderElection.java:askForVotes(178)) - a1c78c0e-869c-4f76-b4ce-2034448e0b80@group-D48B69A44692-LeaderElection99: begin an election at term 49 for -1: [51276c3c-a3b8-4274-b089-592ff4589f41:192.168.157.213:36639, 64c90977-e867-487c-b50d-c226f2d34a76:192.168.157.213:37433, a1c78c0e-869c-4f76-b4ce-2034448e0b80:192.168.157.213:33501], old=null
2019-10-19 01:04:33,713 [grpc-default-executor-7] INFO  impl.RaftServerImpl (RaftServerImpl.java:setRole(184)) - 64c90977-e867-487c-b50d-c226f2d34a76@group-D48B69A44692: changes role from  FOLLOWER to FOLLOWER at term 49 for recognizeCandidate:a1c78c0e-869c-4f76-b4ce-2034448e0b80
2019-10-19 01:04:33,714 [grpc-default-executor-4] INFO  impl.RaftServerImpl (RaftServerImpl.java:setRole(184)) - 51276c3c-a3b8-4274-b089-592ff4589f41@group-D48B69A44692: changes role from  FOLLOWER to FOLLOWER at term 49 for recognizeCandidate:a1c78c0e-869c-4f76-b4ce-2034448e0b80
2019-10-19 01:04:33,714 [grpc-default-executor-7] INFO  impl.RoleInfo (RoleInfo.java:shutdownFollowerState(121)) - 64c90977-e867-487c-b50d-c226f2d34a76: shutdown FollowerState
2019-10-19 01:04:33,714 [grpc-default-executor-4] INFO  impl.RoleInfo (RoleInfo.java:shutdownFollowerState(121)) - 51276c3c-a3b8-4274-b089-592ff4589f41: shutdown FollowerState
2019-10-19 01:04:33,714 [Thread-999] INFO  impl.FollowerState (FollowerState.java:run(117)) - 64c90977-e867-487c-b50d-c226f2d34a76@group-D48B69A44692-FollowerState was interrupted: java.lang.InterruptedException: sleep interrupted
2019-10-19 01:04:33,714 [grpc-default-executor-7] INFO  impl.RoleInfo (RoleInfo.java:updateAndGet(143)) - 64c90977-e867-487c-b50d-c226f2d34a76: start FollowerState
2019-10-19 01:04:33,714 [Thread-1000] INFO  impl.FollowerState (FollowerState.java:run(117)) - 51276c3c-a3b8-4274-b089-592ff4589f41@group-D48B69A44692-FollowerState was interrupted: java.lang.InterruptedException: sleep interrupted
2019-10-19 01:04:33,714 [grpc-default-executor-4] INFO  impl.RoleInfo (RoleInfo.java:updateAndGet(143)) - 51276c3c-a3b8-4274-b089-592ff4589f41: start FollowerState
2019-10-19 01:04:33,724 [a1c78c0e-869c-4f76-b4ce-2034448e0b80@group-D48B69A44692-LeaderElection99] INFO  impl.LeaderElection (LeaderElection.java:logAndReturn(56)) - a1c78c0e-869c-4f76-b4ce-2034448e0b80@group-D48B69A44692-LeaderElection99: Election REJECTED; received 2 response(s) [a1c78c0e-869c-4f76-b4ce-2034448e0b80<-51276c3c-a3b8-4274-b089-592ff4589f41#0:FAIL-t49, a1c78c0e-869c-4f76-b4ce-2034448e0b80<-64c90977-e867-487c-b50d-c226f2d34a76#0:FAIL-t49] and 0 exception(s); a1c78c0e-869c-4f76-b4ce-2034448e0b80@group-D48B69A44692:t49, leader=null, voted=a1c78c0e-869c-4f76-b4ce-2034448e0b80, raftlog=a1c78c0e-869c-4f76-b4ce-2034448e0b80@group-D48B69A44692-SegmentedRaftLog:OPENED:c-1,f-1,i0, conf=-1: [51276c3c-a3b8-4274-b089-592ff4589f41:192.168.157.213:36639, 64c90977-e867-487c-b50d-c226f2d34a76:192.168.157.213:37433, a1c78c0e-869c-4f76-b4ce-2034448e0b80:192.168.157.213:33501], old=null
2019-10-19 01:04:33,724 [a1c78c0e-869c-4f76-b4ce-2034448e0b80@group-D48B69A44692-LeaderElection99] INFO  impl.RaftServerImpl (RaftServerImpl.java:setRole(184)) - a1c78c0e-869c-4f76-b4ce-2034448e0b80@group-D48B69A44692: changes role from CANDIDATE to FOLLOWER at term 49 for DISCOVERED_A_NEW_TERM
2019-10-19 01:04:33,725 [a1c78c0e-869c-4f76-b4ce-2034448e0b80@group-D48B69A44692-LeaderElection99] INFO  impl.RoleInfo (RoleInfo.java:shutdownLeaderElection(134)) - a1c78c0e-869c-4f76-b4ce-2034448e0b80: shutdown LeaderElection
2019-10-19 01:04:33,725 [a1c78c0e-869c-4f76-b4ce-2034448e0b80@group-D48B69A44692-LeaderElection99] INFO  impl.RoleInfo (RoleInfo.java:updateAndGet(143)) - a1c78c0e-869c-4f76-b4ce-2034448e0b80: start FollowerState
2019-10-19 01:04:33,749 [Thread-1013] INFO  impl.FollowerState (FollowerState.java:run(108)) - a1c78c0e-869c-4f76-b4ce-2034448e0b80@group-D48B69A44692-FollowerState: change to CANDIDATE, lastRpcTime:24ms, electionTimeout:24ms
2019-10-19 01:04:33,749 [Thread-1013] INFO  impl.RoleInfo (RoleInfo.java:shutdownFollowerState(121)) - a1c78c0e-869c-4f76-b4ce-2034448e0b80: shutdown FollowerState
2019-10-19 01:04:33,749 [Thread-1013] INFO  impl.RaftServerImpl (RaftServerImpl.java:setRole(184)) - a1c78c0e-869c-4f76-b4ce-2034448e0b80@group-D48B69A44692: changes role from  FOLLOWER to CANDIDATE at term 49 for changeToCandidate
2019-10-19 01:04:33,749 [Thread-1013] INFO  impl.RoleInfo (RoleInfo.java:updateAndGet(143)) - a1c78c0e-869c-4f76-b4ce-2034448e0b80: start LeaderElection
2019-10-19 01:04:33,756 [Thread-1007] INFO  impl.FollowerState (FollowerState.java:run(108)) - a54795b0-6c9c-4137-a866-f82f653c9bf9@group-FB3B7D7D89E3-FollowerState: change to CANDIDATE, lastRpcTime:162ms, electionTimeout:162ms
2019-10-19 01:04:33,756 [Thread-1007] INFO  impl.RoleInfo (RoleInfo.java:shutdownFollowerState(121)) - a54795b0-6c9c-4137-a866-f82f653c9bf9: shutdown FollowerState
2019-10-19 01:04:33,757 [Thread-1007] INFO  impl.RaftServerImpl (RaftServerImpl.java:setRole(184)) - a54795b0-6c9c-4137-a866-f82f653c9bf9@group-FB3B7D7D89E3: changes role from  FOLLOWER to CANDIDATE at term 51 for changeToCandidate
2019-10-19 01:04:33,757 [Thread-1007] INFO  impl.RoleInfo (RoleInfo.java:updateAndGet(143)) - a54795b0-6c9c-4137-a866-f82f653c9bf9: start LeaderElection
2019-10-19 01:04:33,762 [a1c78c0e-869c-4f76-b4ce-2034448e0b80@group-D48B69A44692-LeaderElection100] INFO  impl.LeaderElection (LeaderElection.java:askForVotes(178)) - a1c78c0e-869c-4f76-b4ce-2034448e0b80@group-D48B69A44692-LeaderElection100: begin an election at term 50 for -1: [51276c3c-a3b8-4274-b089-592ff4589f41:192.168.157.213:36639, 64c90977-e867-487c-b50d-c226f2d34a76:192.168.157.213:37433, a1c78c0e-869c-4f76-b4ce-2034448e0b80:192.168.157.213:33501], old=null
2019-10-19 01:04:33,762 [a54795b0-6c9c-4137-a866-f82f653c9bf9@group-FB3B7D7D89E3-LeaderElection101] INFO  impl.LeaderElection (LeaderElection.java:askForVotes(178)) - a54795b0-6c9c-4137-a866-f82f653c9bf9@group-FB3B7D7D89E3-LeaderElection101: begin an election at term 52 for -1: [a54795b0-6c9c-4137-a866-f82f653c9bf9:192.168.157.213:43688, b26a8d60-58dc-431d-8168-f89a9ab35f3a:192.168.157.213:35535, 16805c57-9f45-4377-8998-764a8f26e152:192.168.157.213:33728], old=null
2019-10-19 01:04:33,764 [grpc-default-executor-4] INFO  impl.RaftServerImpl (RaftServerImpl.java:setRole(184)) - 16805c57-9f45-4377-8998-764a8f26e152@group-FB3B7D7D89E3: changes role from  FOLLOWER to FOLLOWER at term 52 for recognizeCandidate:a54795b0-6c9c-4137-a866-f82f653c9bf9
2019-10-19 01:04:33,764 [grpc-default-executor-4] INFO  impl.RoleInfo (RoleInfo.java:shutdownFollowerState(121)) - 16805c57-9f45-4377-8998-764a8f26e152: shutdown FollowerState
2019-10-19 01:04:33,764 [grpc-default-executor-7] INFO  impl.RaftServerImpl (RaftServerImpl.java:setRole(184)) - 64c90977-e867-487c-b50d-c226f2d34a76@group-D48B69A44692: changes role from  FOLLOWER to FOLLOWER at term 50 for recognizeCandidate:a1c78c0e-869c-4f76-b4ce-2034448e0b80
2019-10-19 01:04:33,764 [grpc-default-executor-4] INFO  impl.RoleInfo (RoleInfo.java:updateAndGet(143)) - 16805c57-9f45-4377-8998-764a8f26e152: start FollowerState
2019-10-19 01:04:33,764 [Thread-1006] INFO  impl.FollowerState (FollowerState.java:run(117)) - 16805c57-9f45-4377-8998-764a8f26e152@group-FB3B7D7D89E3-FollowerState was interrupted: java.lang.InterruptedException: sleep interrupted
2019-10-19 01:04:33,764 [grpc-default-executor-7] INFO  impl.RoleInfo (RoleInfo.java:shutdownFollowerState(121)) - 64c90977-e867-487c-b50d-c226f2d34a76: shutdown FollowerState
2019-10-19 01:04:33,765 [grpc-default-executor-5] INFO  impl.RaftServerImpl (RaftServerImpl.java:setRole(184)) - b26a8d60-58dc-431d-8168-f89a9ab35f3a@group-FB3B7D7D89E3: changes role from  FOLLOWER to FOLLOWER at term 52 for recognizeCandidate:a54795b0-6c9c-4137-a866-f82f653c9bf9
2019-10-19 01:04:33,765 [grpc-default-executor-5] INFO  impl.RoleInfo (RoleInfo.java:shutdownFollowerState(121)) - b26a8d60-58dc-431d-8168-f89a9ab35f3a: shutdown FollowerState
2019-10-19 01:04:33,765 [grpc-default-executor-6] INFO  impl.RaftServerImpl (RaftServerImpl.java:setRole(184)) - 51276c3c-a3b8-4274-b089-592ff4589f41@group-D48B69A44692: changes role from  FOLLOWER to FOLLOWER at term 50 for recognizeCandidate:a1c78c0e-869c-4f76-b4ce-2034448e0b80
2019-10-19 01:04:33,765 [Thread-1005] INFO  impl.FollowerState (FollowerState.java:run(117)) - b26a8d60-58dc-431d-8168-f89a9ab35f3a@group-FB3B7D7D89E3-FollowerState was interrupted: java.lang.InterruptedException: sleep interrupted
2019-10-19 01:04:33,765 [grpc-default-executor-5] INFO  impl.RoleInfo (RoleInfo.java:updateAndGet(143)) - b26a8d60-58dc-431d-8168-f89a9ab35f3a: start FollowerState
2019-10-19 01:04:33,765 [Thread-1011] INFO  impl.FollowerState (FollowerState.java:run(117)) - 64c90977-e867-487c-b50d-c226f2d34a76@group-D48B69A44692-FollowerState was interrupted: java.lang.InterruptedException: sleep interrupted
2019-10-19 01:04:33,765 [grpc-default-executor-7] INFO  impl.RoleInfo (RoleInfo.java:updateAndGet(143)) - 64c90977-e867-487c-b50d-c226f2d34a76: start FollowerState
2019-10-19 01:04:33,765 [grpc-default-executor-6] INFO  impl.RoleInfo (RoleInfo.java:shutdownFollowerState(121)) - 51276c3c-a3b8-4274-b089-592ff4589f41: shutdown FollowerState
2019-10-19 01:04:33,766 [grpc-default-executor-6] INFO  impl.RoleInfo (RoleInfo.java:updateAndGet(143)) - 51276c3c-a3b8-4274-b089-592ff4589f41: start FollowerState
2019-10-19 01:04:33,766 [Thread-1012] INFO  impl.FollowerState (FollowerState.java:run(117)) - 51276c3c-a3b8-4274-b089-592ff4589f41@group-D48B69A44692-FollowerState was interrupted: java.lang.InterruptedException: sleep interrupted
2019-10-19 01:04:33,779 [a54795b0-6c9c-4137-a866-f82f653c9bf9@group-FB3B7D7D89E3-LeaderElection101] INFO  impl.LeaderElection (LeaderElection.java:logAndReturn(56)) - a54795b0-6c9c-4137-a866-f82f653c9bf9@group-FB3B7D7D89E3-LeaderElection101: Election REJECTED; received 2 response(s) [a54795b0-6c9c-4137-a866-f82f653c9bf9<-b26a8d60-58dc-431d-8168-f89a9ab35f3a#0:FAIL-t52, a54795b0-6c9c-4137-a866-f82f653c9bf9<-16805c57-9f45-4377-8998-764a8f26e152#0:FAIL-t52] and 0 exception(s); a54795b0-6c9c-4137-a866-f82f653c9bf9@group-FB3B7D7D89E3:t52, leader=null, voted=a54795b0-6c9c-4137-a866-f82f653c9bf9, raftlog=a54795b0-6c9c-4137-a866-f82f653c9bf9@group-FB3B7D7D89E3-SegmentedRaftLog:OPENED:c-1,f-1,i0, conf=-1: [a54795b0-6c9c-4137-a866-f82f653c9bf9:192.168.157.213:43688, b26a8d60-58dc-431d-8168-f89a9ab35f3a:192.168.157.213:35535, 16805c57-9f45-4377-8998-764a8f26e152:192.168.157.213:33728], old=null
2019-10-19 01:04:33,779 [a54795b0-6c9c-4137-a866-f82f653c9bf9@group-FB3B7D7D89E3-LeaderElection101] INFO  impl.RaftServerImpl (RaftServerImpl.java:setRole(184)) - a54795b0-6c9c-4137-a866-f82f653c9bf9@group-FB3B7D7D89E3: changes role from CANDIDATE to FOLLOWER at term 52 for DISCOVERED_A_NEW_TERM
2019-10-19 01:04:33,779 [a54795b0-6c9c-4137-a866-f82f653c9bf9@group-FB3B7D7D89E3-LeaderElection101] INFO  impl.RoleInfo (RoleInfo.java:shutdownLeaderElection(134)) - a54795b0-6c9c-4137-a866-f82f653c9bf9: shutdown LeaderElection
2019-10-19 01:04:33,780 [a54795b0-6c9c-4137-a866-f82f653c9bf9@group-FB3B7D7D89E3-LeaderElection101] INFO  impl.RoleInfo (RoleInfo.java:updateAndGet(143)) - a54795b0-6c9c-4137-a866-f82f653c9bf9: start FollowerState
2019-10-19 01:04:33,780 [a1c78c0e-869c-4f76-b4ce-2034448e0b80@group-D48B69A44692-LeaderElection100] INFO  impl.LeaderElection (LeaderElection.java:logAndReturn(56)) - a1c78c0e-869c-4f76-b4ce-2034448e0b80@group-D48B69A44692-LeaderElection100: Election REJECTED; received 2 response(s) [a1c78c0e-869c-4f76-b4ce-2034448e0b80<-51276c3c-a3b8-4274-b089-592ff4589f41#0:FAIL-t50, a1c78c0e-869c-4f76-b4ce-2034448e0b80<-64c90977-e867-487c-b50d-c226f2d34a76#0:FAIL-t50] and 0 exception(s); a1c78c0e-869c-4f76-b4ce-2034448e0b80@group-D48B69A44692:t50, leader=null, voted=a1c78c0e-869c-4f76-b4ce-2034448e0b80, raftlog=a1c78c0e-869c-4f76-b4ce-2034448e0b80@group-D48B69A44692-SegmentedRaftLog:OPENED:c-1,f-1,i0, conf=-1: [51276c3c-a3b8-4274-b089-592ff4589f41:192.168.157.213:36639, 64c90977-e867-487c-b50d-c226f2d34a76:192.168.157.213:37433, a1c78c0e-869c-4f76-b4ce-2034448e0b80:192.168.157.213:33501], old=null
2019-10-19 01:04:33,780 [a1c78c0e-869c-4f76-b4ce-2034448e0b80@group-D48B69A44692-LeaderElection100] INFO  impl.RaftServerImpl (RaftServerImpl.java:setRole(184)) - a1c78c0e-869c-4f76-b4ce-2034448e0b80@group-D48B69A44692: changes role from CANDIDATE to FOLLOWER at term 50 for DISCOVERED_A_NEW_TERM
2019-10-19 01:04:33,780 [a1c78c0e-869c-4f76-b4ce-2034448e0b80@group-D48B69A44692-LeaderElection100] INFO  impl.RoleInfo (RoleInfo.java:shutdownLeaderElection(134)) - a1c78c0e-869c-4f76-b4ce-2034448e0b80: shutdown LeaderElection
2019-10-19 01:04:33,780 [a1c78c0e-869c-4f76-b4ce-2034448e0b80@group-D48B69A44692-LeaderElection100] INFO  impl.RoleInfo (RoleInfo.java:updateAndGet(143)) - a1c78c0e-869c-4f76-b4ce-2034448e0b80: start FollowerState
2019-10-19 01:04:33,948 [Thread-1025] INFO  impl.FollowerState (FollowerState.java:run(108)) - a1c78c0e-869c-4f76-b4ce-2034448e0b80@group-D48B69A44692-FollowerState: change to CANDIDATE, lastRpcTime:168ms, electionTimeout:168ms
2019-10-19 01:04:33,949 [Thread-1025] INFO  impl.RoleInfo (RoleInfo.java:shutdownFollowerState(121)) - a1c78c0e-869c-4f76-b4ce-2034448e0b80: shutdown FollowerState
2019-10-19 01:04:33,949 [Thread-1025] INFO  impl.RaftServerImpl (RaftServerImpl.java:setRole(184)) - a1c78c0e-869c-4f76-b4ce-2034448e0b80@group-D48B69A44692: changes role from  FOLLOWER to CANDIDATE at term 50 for changeToCandidate
2019-10-19 01:04:33,949 [Thread-1025] INFO  impl.RoleInfo (RoleInfo.java:updateAndGet(143)) - a1c78c0e-869c-4f76-b4ce-2034448e0b80: start LeaderElection
2019-10-19 01:04:33,966 [Thread-1024] INFO  impl.FollowerState (FollowerState.java:run(108)) - a54795b0-6c9c-4137-a866-f82f653c9bf9@group-FB3B7D7D89E3-FollowerState: change to CANDIDATE, lastRpcTime:186ms, electionTimeout:186ms
2019-10-19 01:04:33,966 [Thread-1024] INFO  impl.RoleInfo (RoleInfo.java:shutdownFollowerState(121)) - a54795b0-6c9c-4137-a866-f82f653c9bf9: shutdown FollowerState
2019-10-19 01:04:33,966 [Thread-1024] INFO  impl.RaftServerImpl (RaftServerImpl.java:setRole(184)) - a54795b0-6c9c-4137-a866-f82f653c9bf9@group-FB3B7D7D89E3: changes role from  FOLLOWER to CANDIDATE at term 52 for changeToCandidate
2019-10-19 01:04:33,966 [Thread-1024] INFO  impl.RoleInfo (RoleInfo.java:updateAndGet(143)) - a54795b0-6c9c-4137-a866-f82f653c9bf9: start LeaderElection
2019-10-19 01:04:33,986 [a1c78c0e-869c-4f76-b4ce-2034448e0b80@group-D48B69A44692-LeaderElection102] INFO  impl.LeaderElection (LeaderElection.java:askForVotes(178)) - a1c78c0e-869c-4f76-b4ce-2034448e0b80@group-D48B69A44692-LeaderElection102: begin an election at term 51 for -1: [51276c3c-a3b8-4274-b089-592ff4589f41:192.168.157.213:36639, 64c90977-e867-487c-b50d-c226f2d34a76:192.168.157.213:37433, a1c78c0e-869c-4f76-b4ce-2034448e0b80:192.168.157.213:33501], old=null
2019-10-19 01:04:33,990 [grpc-default-executor-6] INFO  impl.RaftServerImpl (RaftServerImpl.java:setRole(184)) - 64c90977-e867-487c-b50d-c226f2d34a76@group-D48B69A44692: changes role from  FOLLOWER to FOLLOWER at term 51 for recognizeCandidate:a1c78c0e-869c-4f76-b4ce-2034448e0b80
2019-10-19 01:04:33,990 [grpc-default-executor-6] INFO  impl.RoleInfo (RoleInfo.java:shutdownFollowerState(121)) - 64c90977-e867-487c-b50d-c226f2d34a76: shutdown FollowerState
2019-10-19 01:04:33,990 [grpc-default-executor-6] INFO  impl.RoleInfo (RoleInfo.java:updateAndGet(143)) - 64c90977-e867-487c-b50d-c226f2d34a76: start FollowerState
2019-10-19 01:04:33,990 [Thread-1021] INFO  impl.FollowerState (FollowerState.java:run(117)) - 64c90977-e867-487c-b50d-c226f2d34a76@group-D48B69A44692-FollowerState was interrupted: java.lang.InterruptedException: sleep interrupted
2019-10-19 01:04:33,990 [grpc-default-executor-7] INFO  impl.RaftServerImpl (RaftServerImpl.java:setRole(184)) - 51276c3c-a3b8-4274-b089-592ff4589f41@group-D48B69A44692: changes role from  FOLLOWER to FOLLOWER at term 51 for recognizeCandidate:a1c78c0e-869c-4f76-b4ce-2034448e0b80
2019-10-19 01:04:33,990 [grpc-default-executor-7] INFO  impl.RoleInfo (RoleInfo.java:shutdownFollowerState(121)) - 51276c3c-a3b8-4274-b089-592ff4589f41: shutdown FollowerState
2019-10-19 01:04:33,991 [grpc-default-executor-7] INFO  impl.RoleInfo (RoleInfo.java:updateAndGet(143)) - 51276c3c-a3b8-4274-b089-592ff4589f41: start FollowerState
2019-10-19 01:04:33,991 [Thread-1023] INFO  impl.FollowerState (FollowerState.java:run(117)) - 51276c3c-a3b8-4274-b089-592ff4589f41@group-D48B69A44692-FollowerState was interrupted: java.lang.InterruptedException: sleep interrupted
2019-10-19 01:04:34,002 [a54795b0-6c9c-4137-a866-f82f653c9bf9@group-FB3B7D7D89E3-LeaderElection103] INFO  impl.LeaderElection (LeaderElection.java:askForVotes(178)) - a54795b0-6c9c-4137-a866-f82f653c9bf9@group-FB3B7D7D89E3-LeaderElection103: begin an election at term 53 for -1: [a54795b0-6c9c-4137-a866-f82f653c9bf9:192.168.157.213:43688, b26a8d60-58dc-431d-8168-f89a9ab35f3a:192.168.157.213:35535, 16805c57-9f45-4377-8998-764a8f26e152:192.168.157.213:33728], old=null
2019-10-19 01:04:34,007 [a1c78c0e-869c-4f76-b4ce-2034448e0b80@group-D48B69A44692-LeaderElection102] INFO  impl.LeaderElection (LeaderElection.java:logAndReturn(56)) - a1c78c0e-869c-4f76-b4ce-2034448e0b80@group-D48B69A44692-LeaderElection102: Election REJECTED; received 2 response(s) [a1c78c0e-869c-4f76-b4ce-2034448e0b80<-51276c3c-a3b8-4274-b089-592ff4589f41#0:FAIL-t51, a1c78c0e-869c-4f76-b4ce-2034448e0b80<-64c90977-e867-487c-b50d-c226f2d34a76#0:FAIL-t51] and 0 exception(s); a1c78c0e-869c-4f76-b4ce-2034448e0b80@group-D48B69A44692:t51, leader=null, voted=a1c78c0e-869c-4f76-b4ce-2034448e0b80, raftlog=a1c78c0e-869c-4f76-b4ce-2034448e0b80@group-D48B69A44692-SegmentedRaftLog:OPENED:c-1,f-1,i0, conf=-1: [51276c3c-a3b8-4274-b089-592ff4589f41:192.168.157.213:36639, 64c90977-e867-487c-b50d-c226f2d34a76:192.168.157.213:37433, a1c78c0e-869c-4f76-b4ce-2034448e0b80:192.168.157.213:33501], old=null
2019-10-19 01:04:34,008 [a1c78c0e-869c-4f76-b4ce-2034448e0b80@group-D48B69A44692-LeaderElection102] INFO  impl.RaftServerImpl (RaftServerImpl.java:setRole(184)) - a1c78c0e-869c-4f76-b4ce-2034448e0b80@group-D48B69A44692: changes role from CANDIDATE to FOLLOWER at term 51 for DISCOVERED_A_NEW_TERM
2019-10-19 01:04:34,008 [a1c78c0e-869c-4f76-b4ce-2034448e0b80@group-D48B69A44692-LeaderElection102] INFO  impl.RoleInfo (RoleInfo.java:shutdownLeaderElection(134)) - a1c78c0e-869c-4f76-b4ce-2034448e0b80: shutdown LeaderElection
2019-10-19 01:04:34,008 [a1c78c0e-869c-4f76-b4ce-2034448e0b80@group-D48B69A44692-LeaderElection102] INFO  impl.RoleInfo (RoleInfo.java:updateAndGet(143)) - a1c78c0e-869c-4f76-b4ce-2034448e0b80: start FollowerState
2019-10-19 01:04:34,008 [grpc-default-executor-5] INFO  impl.RaftServerImpl (RaftServerImpl.java:setRole(184)) - b26a8d60-58dc-431d-8168-f89a9ab35f3a@group-FB3B7D7D89E3: changes role from  FOLLOWER to FOLLOWER at term 53 for recognizeCandidate:a54795b0-6c9c-4137-a866-f82f653c9bf9
2019-10-19 01:04:34,008 [grpc-default-executor-5] INFO  impl.RoleInfo (RoleInfo.java:shutdownFollowerState(121)) - b26a8d60-58dc-431d-8168-f89a9ab35f3a: shutdown FollowerState
2019-10-19 01:04:34,008 [grpc-default-executor-5] INFO  impl.RoleInfo (RoleInfo.java:updateAndGet(143)) - b26a8d60-58dc-431d-8168-f89a9ab35f3a: start FollowerState
2019-10-19 01:04:34,009 [Thread-1022] INFO  impl.FollowerState (FollowerState.java:run(117)) - b26a8d60-58dc-431d-8168-f89a9ab35f3a@group-FB3B7D7D89E3-FollowerState was interrupted: java.lang.InterruptedException: sleep interrupted
2019-10-19 01:04:34,008 [grpc-default-executor-6] INFO  impl.RaftServerImpl (RaftServerImpl.java:setRole(184)) - 16805c57-9f45-4377-8998-764a8f26e152@group-FB3B7D7D89E3: changes role from  FOLLOWER to FOLLOWER at term 53 for recognizeCandidate:a54795b0-6c9c-4137-a866-f82f653c9bf9
2019-10-19 01:04:34,009 [grpc-default-executor-6] INFO  impl.RoleInfo (RoleInfo.java:shutdownFollowerState(121)) - 16805c57-9f45-4377-8998-764a8f26e152: shutdown FollowerState
2019-10-19 01:04:34,009 [grpc-default-executor-6] INFO  impl.RoleInfo (RoleInfo.java:updateAndGet(143)) - 16805c57-9f45-4377-8998-764a8f26e152: start FollowerState
2019-10-19 01:04:34,009 [Thread-1020] INFO  impl.FollowerState (FollowerState.java:run(117)) - 16805c57-9f45-4377-8998-764a8f26e152@group-FB3B7D7D89E3-FollowerState was interrupted: java.lang.InterruptedException: sleep interrupted
2019-10-19 01:04:34,023 [a54795b0-6c9c-4137-a866-f82f653c9bf9@group-FB3B7D7D89E3-LeaderElection103] INFO  impl.LeaderElection (LeaderElection.java:logAndReturn(56)) - a54795b0-6c9c-4137-a866-f82f653c9bf9@group-FB3B7D7D89E3-LeaderElection103: Election REJECTED; received 2 response(s) [a54795b0-6c9c-4137-a866-f82f653c9bf9<-b26a8d60-58dc-431d-8168-f89a9ab35f3a#0:FAIL-t53, a54795b0-6c9c-4137-a866-f82f653c9bf9<-16805c57-9f45-4377-8998-764a8f26e152#0:FAIL-t53] and 0 exception(s); a54795b0-6c9c-4137-a866-f82f653c9bf9@group-FB3B7D7D89E3:t53, leader=null, voted=a54795b0-6c9c-4137-a866-f82f653c9bf9, raftlog=a54795b0-6c9c-4137-a866-f82f653c9bf9@group-FB3B7D7D89E3-SegmentedRaftLog:OPENED:c-1,f-1,i0, conf=-1: [a54795b0-6c9c-4137-a866-f82f653c9bf9:192.168.157.213:43688, b26a8d60-58dc-431d-8168-f89a9ab35f3a:192.168.157.213:35535, 16805c57-9f45-4377-8998-764a8f26e152:192.168.157.213:33728], old=null
2019-10-19 01:04:34,024 [a54795b0-6c9c-4137-a866-f82f653c9bf9@group-FB3B7D7D89E3-LeaderElection103] INFO  impl.RaftServerImpl (RaftServerImpl.java:setRole(184)) - a54795b0-6c9c-4137-a866-f82f653c9bf9@group-FB3B7D7D89E3: changes role from CANDIDATE to FOLLOWER at term 53 for DISCOVERED_A_NEW_TERM
2019-10-19 01:04:34,024 [a54795b0-6c9c-4137-a866-f82f653c9bf9@group-FB3B7D7D89E3-LeaderElection103] INFO  impl.RoleInfo (RoleInfo.java:shutdownLeaderElection(134)) - a54795b0-6c9c-4137-a866-f82f653c9bf9: shutdown LeaderElection
2019-10-19 01:04:34,024 [a54795b0-6c9c-4137-a866-f82f653c9bf9@group-FB3B7D7D89E3-LeaderElection103] INFO  impl.RoleInfo (RoleInfo.java:updateAndGet(143)) - a54795b0-6c9c-4137-a866-f82f653c9bf9: start FollowerState
2019-10-19 01:04:34,081 [Thread-1041] INFO  impl.FollowerState (FollowerState.java:run(108)) - a54795b0-6c9c-4137-a866-f82f653c9bf9@group-FB3B7D7D89E3-FollowerState: change to CANDIDATE, lastRpcTime:57ms, electionTimeout:57ms
2019-10-19 01:04:34,081 [Thread-1041] INFO  impl.RoleInfo (RoleInfo.java:shutdownFollowerState(121)) - a54795b0-6c9c-4137-a866-f82f653c9bf9: shutdown FollowerState
2019-10-19 01:04:34,081 [Thread-1041] INFO  impl.RaftServerImpl (RaftServerImpl.java:setRole(184)) - a54795b0-6c9c-4137-a866-f82f653c9bf9@group-FB3B7D7D89E3: changes role from  FOLLOWER to CANDIDATE at term 53 for changeToCandidate
2019-10-19 01:04:34,082 [Thread-1041] INFO  impl.RoleInfo (RoleInfo.java:updateAndGet(143)) - a54795b0-6c9c-4137-a866-f82f653c9bf9: start LeaderElection
2019-10-19 01:04:34,096 [a54795b0-6c9c-4137-a866-f82f653c9bf9@group-FB3B7D7D89E3-LeaderElection104] INFO  impl.LeaderElection (LeaderElection.java:askForVotes(178)) - a54795b0-6c9c-4137-a866-f82f653c9bf9@group-FB3B7D7D89E3-LeaderElection104: begin an election at term 54 for -1: [a54795b0-6c9c-4137-a866-f82f653c9bf9:192.168.157.213:43688, b26a8d60-58dc-431d-8168-f89a9ab35f3a:192.168.157.213:35535, 16805c57-9f45-4377-8998-764a8f26e152:192.168.157.213:33728], old=null
2019-10-19 01:04:34,098 [grpc-default-executor-5] INFO  impl.RaftServerImpl (RaftServerImpl.java:setRole(184)) - b26a8d60-58dc-431d-8168-f89a9ab35f3a@group-FB3B7D7D89E3: changes role from  FOLLOWER to FOLLOWER at term 54 for recognizeCandidate:a54795b0-6c9c-4137-a866-f82f653c9bf9
2019-10-19 01:04:34,098 [grpc-default-executor-5] INFO  impl.RoleInfo (RoleInfo.java:shutdownFollowerState(121)) - b26a8d60-58dc-431d-8168-f89a9ab35f3a: shutdown FollowerState
2019-10-19 01:04:34,098 [grpc-default-executor-6] INFO  impl.RaftServerImpl (RaftServerImpl.java:setRole(184)) - 16805c57-9f45-4377-8998-764a8f26e152@group-FB3B7D7D89E3: changes role from  FOLLOWER to FOLLOWER at term 54 for recognizeCandidate:a54795b0-6c9c-4137-a866-f82f653c9bf9
2019-10-19 01:04:34,098 [Thread-1039] INFO  impl.FollowerState (FollowerState.java:run(117)) - b26a8d60-58dc-431d-8168-f89a9ab35f3a@group-FB3B7D7D89E3-FollowerState was interrupted: java.lang.InterruptedException: sleep interrupted
2019-10-19 01:04:34,098 [grpc-default-executor-5] INFO  impl.RoleInfo (RoleInfo.java:updateAndGet(143)) - b26a8d60-58dc-431d-8168-f89a9ab35f3a: start FollowerState
2019-10-19 01:04:34,098 [grpc-default-executor-6] INFO  impl.RoleInfo (RoleInfo.java:shutdownFollowerState(121)) - 16805c57-9f45-4377-8998-764a8f26e152: shutdown FollowerState
2019-10-19 01:04:34,099 [grpc-default-executor-6] INFO  impl.RoleInfo (RoleInfo.java:updateAndGet(143)) - 16805c57-9f45-4377-8998-764a8f26e152: start FollowerState
2019-10-19 01:04:34,099 [Thread-1040] INFO  impl.FollowerState (FollowerState.java:run(117)) - 16805c57-9f45-4377-8998-764a8f26e152@group-FB3B7D7D89E3-FollowerState was interrupted: java.lang.InterruptedException: sleep interrupted
2019-10-19 01:04:34,119 [a54795b0-6c9c-4137-a866-f82f653c9bf9@group-FB3B7D7D89E3-LeaderElection104] INFO  impl.LeaderElection (LeaderElection.java:logAndReturn(56)) - a54795b0-6c9c-4137-a866-f82f653c9bf9@group-FB3B7D7D89E3-LeaderElection104: Election REJECTED; received 2 response(s) [a54795b0-6c9c-4137-a866-f82f653c9bf9<-b26a8d60-58dc-431d-8168-f89a9ab35f3a#0:FAIL-t54, a54795b0-6c9c-4137-a866-f82f653c9bf9<-16805c57-9f45-4377-8998-764a8f26e152#0:FAIL-t54] and 0 exception(s); a54795b0-6c9c-4137-a866-f82f653c9bf9@group-FB3B7D7D89E3:t54, leader=null, voted=a54795b0-6c9c-4137-a866-f82f653c9bf9, raftlog=a54795b0-6c9c-4137-a866-f82f653c9bf9@group-FB3B7D7D89E3-SegmentedRaftLog:OPENED:c-1,f-1,i0, conf=-1: [a54795b0-6c9c-4137-a866-f82f653c9bf9:192.168.157.213:43688, b26a8d60-58dc-431d-8168-f89a9ab35f3a:192.168.157.213:35535, 16805c57-9f45-4377-8998-764a8f26e152:192.168.157.213:33728], old=null
2019-10-19 01:04:34,119 [a54795b0-6c9c-4137-a866-f82f653c9bf9@group-FB3B7D7D89E3-LeaderElection104] INFO  impl.RaftServerImpl (RaftServerImpl.java:setRole(184)) - a54795b0-6c9c-4137-a866-f82f653c9bf9@group-FB3B7D7D89E3: changes role from CANDIDATE to FOLLOWER at term 54 for DISCOVERED_A_NEW_TERM
2019-10-19 01:04:34,119 [a54795b0-6c9c-4137-a866-f82f653c9bf9@group-FB3B7D7D89E3-LeaderElection104] INFO  impl.RoleInfo (RoleInfo.java:shutdownLeaderElection(134)) - a54795b0-6c9c-4137-a866-f82f653c9bf9: shutdown LeaderElection
2019-10-19 01:04:34,120 [a54795b0-6c9c-4137-a866-f82f653c9bf9@group-FB3B7D7D89E3-LeaderElection104] INFO  impl.RoleInfo (RoleInfo.java:updateAndGet(143)) - a54795b0-6c9c-4137-a866-f82f653c9bf9: start FollowerState
2019-10-19 01:04:34,120 [Thread-1038] INFO  impl.FollowerState (FollowerState.java:run(108)) - a1c78c0e-869c-4f76-b4ce-2034448e0b80@group-D48B69A44692-FollowerState: change to CANDIDATE, lastRpcTime:112ms, electionTimeout:112ms
2019-10-19 01:04:34,120 [Thread-1038] INFO  impl.RoleInfo (RoleInfo.java:shutdownFollowerState(121)) - a1c78c0e-869c-4f76-b4ce-2034448e0b80: shutdown FollowerState
2019-10-19 01:04:34,121 [Thread-1038] INFO  impl.RaftServerImpl (RaftServerImpl.java:setRole(184)) - a1c78c0e-869c-4f76-b4ce-2034448e0b80@group-D48B69A44692: changes role from  FOLLOWER to CANDIDATE at term 51 for changeToCandidate
2019-10-19 01:04:34,121 [Thread-1038] INFO  impl.RoleInfo (RoleInfo.java:updateAndGet(143)) - a1c78c0e-869c-4f76-b4ce-2034448e0b80: start LeaderElection
2019-10-19 01:04:34,134 [a1c78c0e-869c-4f76-b4ce-2034448e0b80@group-D48B69A44692-LeaderElection105] INFO  impl.LeaderElection (LeaderElection.java:askForVotes(178)) - a1c78c0e-869c-4f76-b4ce-2034448e0b80@group-D48B69A44692-LeaderElection105: begin an election at term 52 for -1: [51276c3c-a3b8-4274-b089-592ff4589f41:192.168.157.213:36639, 64c90977-e867-487c-b50d-c226f2d34a76:192.168.157.213:37433, a1c78c0e-869c-4f76-b4ce-2034448e0b80:192.168.157.213:33501], old=null
2019-10-19 01:04:34,137 [grpc-default-executor-6] INFO  impl.RaftServerImpl (RaftServerImpl.java:setRole(184)) - 51276c3c-a3b8-4274-b089-592ff4589f41@group-D48B69A44692: changes role from  FOLLOWER to FOLLOWER at term 52 for recognizeCandidate:a1c78c0e-869c-4f76-b4ce-2034448e0b80
2019-10-19 01:04:34,137 [grpc-default-executor-5] INFO  impl.RaftServerImpl (RaftServerImpl.java:setRole(184)) - 64c90977-e867-487c-b50d-c226f2d34a76@group-D48B69A44692: changes role from  FOLLOWER to FOLLOWER at term 52 for recognizeCandidate:a1c78c0e-869c-4f76-b4ce-2034448e0b80
2019-10-19 01:04:34,137 [grpc-default-executor-6] INFO  impl.RoleInfo (RoleInfo.java:shutdownFollowerState(121)) - 51276c3c-a3b8-4274-b089-592ff4589f41: shutdown FollowerState
2019-10-19 01:04:34,137 [grpc-default-executor-5] INFO  impl.RoleInfo (RoleInfo.java:shutdownFollowerState(121)) - 64c90977-e867-487c-b50d-c226f2d34a76: shutdown FollowerState
2019-10-19 01:04:34,137 [grpc-default-executor-6] INFO  impl.RoleInfo (RoleInfo.java:updateAndGet(143)) - 51276c3c-a3b8-4274-b089-592ff4589f41: start FollowerState
2019-10-19 01:04:34,137 [Thread-1034] INFO  impl.FollowerState (FollowerState.java:run(117)) - 51276c3c-a3b8-4274-b089-592ff4589f41@group-D48B69A44692-FollowerState was interrupted: java.lang.InterruptedException: sleep interrupted
2019-10-19 01:04:34,137 [grpc-default-executor-5] INFO  impl.RoleInfo (RoleInfo.java:updateAndGet(143)) - 64c90977-e867-487c-b50d-c226f2d34a76: start FollowerState
2019-10-19 01:04:34,137 [Thread-1033] INFO  impl.FollowerState (FollowerState.java:run(117)) - 64c90977-e867-487c-b50d-c226f2d34a76@group-D48B69A44692-FollowerState was interrupted: java.lang.InterruptedException: sleep interrupted
2019-10-19 01:04:34,151 [a1c78c0e-869c-4f76-b4ce-2034448e0b80@group-D48B69A44692-LeaderElection105] INFO  impl.LeaderElection (LeaderElection.java:logAndReturn(56)) - a1c78c0e-869c-4f76-b4ce-2034448e0b80@group-D48B69A44692-LeaderElection105: Election REJECTED; received 2 response(s) [a1c78c0e-869c-4f76-b4ce-2034448e0b80<-51276c3c-a3b8-4274-b089-592ff4589f41#0:FAIL-t52, a1c78c0e-869c-4f76-b4ce-2034448e0b80<-64c90977-e867-487c-b50d-c226f2d34a76#0:FAIL-t52] and 0 exception(s); a1c78c0e-869c-4f76-b4ce-2034448e0b80@group-D48B69A44692:t52, leader=null, voted=a1c78c0e-869c-4f76-b4ce-2034448e0b80, raftlog=a1c78c0e-869c-4f76-b4ce-2034448e0b80@group-D48B69A44692-SegmentedRaftLog:OPENED:c-1,f-1,i0, conf=-1: [51276c3c-a3b8-4274-b089-592ff4589f41:192.168.157.213:36639, 64c90977-e867-487c-b50d-c226f2d34a76:192.168.157.213:37433, a1c78c0e-869c-4f76-b4ce-2034448e0b80:192.168.157.213:33501], old=null
2019-10-19 01:04:34,151 [a1c78c0e-869c-4f76-b4ce-2034448e0b80@group-D48B69A44692-LeaderElection105] INFO  impl.RaftServerImpl (RaftServerImpl.java:setRole(184)) - a1c78c0e-869c-4f76-b4ce-2034448e0b80@group-D48B69A44692: changes role from CANDIDATE to FOLLOWER at term 52 for DISCOVERED_A_NEW_TERM
2019-10-19 01:04:34,151 [a1c78c0e-869c-4f76-b4ce-2034448e0b80@group-D48B69A44692-LeaderElection105] INFO  impl.RoleInfo (RoleInfo.java:shutdownLeaderElection(134)) - a1c78c0e-869c-4f76-b4ce-2034448e0b80: shutdown LeaderElection
2019-10-19 01:04:34,152 [a1c78c0e-869c-4f76-b4ce-2034448e0b80@group-D48B69A44692-LeaderElection105] INFO  impl.RoleInfo (RoleInfo.java:updateAndGet(143)) - a1c78c0e-869c-4f76-b4ce-2034448e0b80: start FollowerState
2019-10-19 01:04:34,164 [Thread-1053] INFO  impl.FollowerState (FollowerState.java:run(108)) - a1c78c0e-869c-4f76-b4ce-2034448e0b80@group-D48B69A44692-FollowerState: change to CANDIDATE, lastRpcTime:12ms, electionTimeout:12ms
2019-10-19 01:04:34,164 [Thread-1053] INFO  impl.RoleInfo (RoleInfo.java:shutdownFollowerState(121)) - a1c78c0e-869c-4f76-b4ce-2034448e0b80: shutdown FollowerState
2019-10-19 01:04:34,164 [Thread-1053] INFO  impl.RaftServerImpl (RaftServerImpl.java:setRole(184)) - a1c78c0e-869c-4f76-b4ce-2034448e0b80@group-D48B69A44692: changes role from  FOLLOWER to CANDIDATE at term 52 for changeToCandidate
2019-10-19 01:04:34,164 [Thread-1053] INFO  impl.RoleInfo (RoleInfo.java:updateAndGet(143)) - a1c78c0e-869c-4f76-b4ce-2034448e0b80: start LeaderElection
2019-10-19 01:04:34,167 [Thread-1047] INFO  impl.FollowerState (FollowerState.java:run(108)) - a54795b0-6c9c-4137-a866-f82f653c9bf9@group-FB3B7D7D89E3-FollowerState: change to CANDIDATE, lastRpcTime:47ms, electionTimeout:47ms
2019-10-19 01:04:34,167 [Thread-1047] INFO  impl.RoleInfo (RoleInfo.java:shutdownFollowerState(121)) - a54795b0-6c9c-4137-a866-f82f653c9bf9: shutdown FollowerState
2019-10-19 01:04:34,167 [Thread-1047] INFO  impl.RaftServerImpl (RaftServerImpl.java:setRole(184)) - a54795b0-6c9c-4137-a866-f82f653c9bf9@group-FB3B7D7D89E3: changes role from  FOLLOWER to CANDIDATE at term 54 for changeToCandidate
2019-10-19 01:04:34,167 [Thread-1047] INFO  impl.RoleInfo (RoleInfo.java:updateAndGet(143)) - a54795b0-6c9c-4137-a866-f82f653c9bf9: start LeaderElection
2019-10-19 01:04:34,176 [a1c78c0e-869c-4f76-b4ce-2034448e0b80@group-D48B69A44692-LeaderElection106] INFO  impl.LeaderElection (LeaderElection.java:askForVotes(178)) - a1c78c0e-869c-4f76-b4ce-2034448e0b80@group-D48B69A44692-LeaderElection106: begin an election at term 53 for -1: [51276c3c-a3b8-4274-b089-592ff4589f41:192.168.157.213:36639, 64c90977-e867-487c-b50d-c226f2d34a76:192.168.157.213:37433, a1c78c0e-869c-4f76-b4ce-2034448e0b80:192.168.157.213:33501], old=null
2019-10-19 01:04:34,176 [a54795b0-6c9c-4137-a866-f82f653c9bf9@group-FB3B7D7D89E3-LeaderElection107] INFO  impl.LeaderElection (LeaderElection.java:askForVotes(178)) - a54795b0-6c9c-4137-a866-f82f653c9bf9@group-FB3B7D7D89E3-LeaderElection107: begin an election at term 55 for -1: [a54795b0-6c9c-4137-a866-f82f653c9bf9:192.168.157.213:43688, b26a8d60-58dc-431d-8168-f89a9ab35f3a:192.168.157.213:35535, 16805c57-9f45-4377-8998-764a8f26e152:192.168.157.213:33728], old=null
2019-10-19 01:04:34,178 [grpc-default-executor-5] INFO  impl.RaftServerImpl (RaftServerImpl.java:setRole(184)) - 16805c57-9f45-4377-8998-764a8f26e152@group-FB3B7D7D89E3: changes role from  FOLLOWER to FOLLOWER at term 55 for recognizeCandidate:a54795b0-6c9c-4137-a866-f82f653c9bf9
2019-10-19 01:04:34,178 [grpc-default-executor-6] INFO  impl.RaftServerImpl (RaftServerImpl.java:setRole(184)) - 64c90977-e867-487c-b50d-c226f2d34a76@group-D48B69A44692: changes role from  FOLLOWER to FOLLOWER at term 53 for recognizeCandidate:a1c78c0e-869c-4f76-b4ce-2034448e0b80
2019-10-19 01:04:34,178 [grpc-default-executor-7] INFO  impl.RaftServerImpl (RaftServerImpl.java:setRole(184)) - b26a8d60-58dc-431d-8168-f89a9ab35f3a@group-FB3B7D7D89E3: changes role from  FOLLOWER to FOLLOWER at term 55 for recognizeCandidate:a54795b0-6c9c-4137-a866-f82f653c9bf9
2019-10-19 01:04:34,178 [grpc-default-executor-6] INFO  impl.RoleInfo (RoleInfo.java:shutdownFollowerState(121)) - 64c90977-e867-487c-b50d-c226f2d34a76: shutdown FollowerState
2019-10-19 01:04:34,178 [grpc-default-executor-4] INFO  impl.RaftServerImpl (RaftServerImpl.java:setRole(184)) - 51276c3c-a3b8-4274-b089-592ff4589f41@group-D48B69A44692: changes role from  FOLLOWER to FOLLOWER at term 53 for recognizeCandidate:a1c78c0e-869c-4f76-b4ce-2034448e0b80
2019-10-19 01:04:34,179 [grpc-default-executor-4] INFO  impl.RoleInfo (RoleInfo.java:shutdownFollowerState(121)) - 51276c3c-a3b8-4274-b089-592ff4589f41: shutdown FollowerState
2019-10-19 01:04:34,178 [grpc-default-executor-5] INFO  impl.RoleInfo (RoleInfo.java:shutdownFollowerState(121)) - 16805c57-9f45-4377-8998-764a8f26e152: shutdown FollowerState
2019-10-19 01:04:34,179 [grpc-default-executor-4] INFO  impl.RoleInfo (RoleInfo.java:updateAndGet(143)) - 51276c3c-a3b8-4274-b089-592ff4589f41: start FollowerState
2019-10-19 01:04:34,178 [Thread-1052] INFO  impl.FollowerState (FollowerState.java:run(117)) - 64c90977-e867-487c-b50d-c226f2d34a76@group-D48B69A44692-FollowerState was interrupted: java.lang.InterruptedException: sleep interrupted
2019-10-19 01:04:34,178 [grpc-default-executor-6] INFO  impl.RoleInfo (RoleInfo.java:updateAndGet(143)) - 64c90977-e867-487c-b50d-c226f2d34a76: start FollowerState
2019-10-19 01:04:34,178 [grpc-default-executor-7] INFO  impl.RoleInfo (RoleInfo.java:shutdownFollowerState(121)) - b26a8d60-58dc-431d-8168-f89a9ab35f3a: shutdown FollowerState
2019-10-19 01:04:34,179 [Thread-1046] INFO  impl.FollowerState (FollowerState.java:run(117)) - 16805c57-9f45-4377-8998-764a8f26e152@group-FB3B7D7D89E3-FollowerState was interrupted: java.lang.InterruptedException: sleep interrupted
2019-10-19 01:04:34,179 [grpc-default-executor-5] INFO  impl.RoleInfo (RoleInfo.java:updateAndGet(143)) - 16805c57-9f45-4377-8998-764a8f26e152: start FollowerState
2019-10-19 01:04:34,179 [Thread-1051] INFO  impl.FollowerState (FollowerState.java:run(117)) - 51276c3c-a3b8-4274-b089-592ff4589f41@group-D48B69A44692-FollowerState was interrupted: java.lang.InterruptedException: sleep interrupted
2019-10-19 01:04:34,180 [Thread-1045] INFO  impl.FollowerState (FollowerState.java:run(117)) - b26a8d60-58dc-431d-8168-f89a9ab35f3a@group-FB3B7D7D89E3-FollowerState was interrupted: java.lang.InterruptedException: sleep interrupted
2019-10-19 01:04:34,179 [grpc-default-executor-7] INFO  impl.RoleInfo (RoleInfo.java:updateAndGet(143)) - b26a8d60-58dc-431d-8168-f89a9ab35f3a: start FollowerState
2019-10-19 01:04:34,192 [a1c78c0e-869c-4f76-b4ce-2034448e0b80@group-D48B69A44692-LeaderElection106] INFO  impl.LeaderElection (LeaderElection.java:logAndReturn(56)) - a1c78c0e-869c-4f76-b4ce-2034448e0b80@group-D48B69A44692-LeaderElection106: Election REJECTED; received 2 response(s) [a1c78c0e-869c-4f76-b4ce-2034448e0b80<-51276c3c-a3b8-4274-b089-592ff4589f41#0:FAIL-t53, a1c78c0e-869c-4f76-b4ce-2034448e0b80<-64c90977-e867-487c-b50d-c226f2d34a76#0:FAIL-t53] and 0 exception(s); a1c78c0e-869c-4f76-b4ce-2034448e0b80@group-D48B69A44692:t53, leader=null, voted=a1c78c0e-869c-4f76-b4ce-2034448e0b80, raftlog=a1c78c0e-869c-4f76-b4ce-2034448e0b80@group-D48B69A44692-SegmentedRaftLog:OPENED:c-1,f-1,i0, conf=-1: [51276c3c-a3b8-4274-b089-592ff4589f41:192.168.157.213:36639, 64c90977-e867-487c-b50d-c226f2d34a76:192.168.157.213:37433, a1c78c0e-869c-4f76-b4ce-2034448e0b80:192.168.157.213:33501], old=null
2019-10-19 01:04:34,192 [a1c78c0e-869c-4f76-b4ce-2034448e0b80@group-D48B69A44692-LeaderElection106] INFO  impl.RaftServerImpl (RaftServerImpl.java:setRole(184)) - a1c78c0e-869c-4f76-b4ce-2034448e0b80@group-D48B69A44692: changes role from CANDIDATE to FOLLOWER at term 53 for DISCOVERED_A_NEW_TERM
2019-10-19 01:04:34,192 [a1c78c0e-869c-4f76-b4ce-2034448e0b80@group-D48B69A44692-LeaderElection106] INFO  impl.RoleInfo (RoleInfo.java:shutdownLeaderElection(134)) - a1c78c0e-869c-4f76-b4ce-2034448e0b80: shutdown LeaderElection
2019-10-19 01:04:34,192 [a54795b0-6c9c-4137-a866-f82f653c9bf9@group-FB3B7D7D89E3-LeaderElection107] INFO  impl.LeaderElection (LeaderElection.java:logAndReturn(56)) - a54795b0-6c9c-4137-a866-f82f653c9bf9@group-FB3B7D7D89E3-LeaderElection107: Election REJECTED; received 2 response(s) [a54795b0-6c9c-4137-a866-f82f653c9bf9<-b26a8d60-58dc-431d-8168-f89a9ab35f3a#0:FAIL-t55, a54795b0-6c9c-4137-a866-f82f653c9bf9<-16805c57-9f45-4377-8998-764a8f26e152#0:FAIL-t55] and 0 exception(s); a54795b0-6c9c-4137-a866-f82f653c9bf9@group-FB3B7D7D89E3:t55, leader=null, voted=a54795b0-6c9c-4137-a866-f82f653c9bf9, raftlog=a54795b0-6c9c-4137-a866-f82f653c9bf9@group-FB3B7D7D89E3-SegmentedRaftLog:OPENED:c-1,f-1,i0, conf=-1: [a54795b0-6c9c-4137-a866-f82f653c9bf9:192.168.157.213:43688, b26a8d60-58dc-431d-8168-f89a9ab35f3a:192.168.157.213:35535, 16805c57-9f45-4377-8998-764a8f26e152:192.168.157.213:33728], old=null
2019-10-19 01:04:34,192 [a1c78c0e-869c-4f76-b4ce-2034448e0b80@group-D48B69A44692-LeaderElection106] INFO  impl.RoleInfo (RoleInfo.java:updateAndGet(143)) - a1c78c0e-869c-4f76-b4ce-2034448e0b80: start FollowerState
2019-10-19 01:04:34,192 [a54795b0-6c9c-4137-a866-f82f653c9bf9@group-FB3B7D7D89E3-LeaderElection107] INFO  impl.RaftServerImpl (RaftServerImpl.java:setRole(184)) - a54795b0-6c9c-4137-a866-f82f653c9bf9@group-FB3B7D7D89E3: changes role from CANDIDATE to FOLLOWER at term 55 for DISCOVERED_A_NEW_TERM
2019-10-19 01:04:34,193 [a54795b0-6c9c-4137-a866-f82f653c9bf9@group-FB3B7D7D89E3-LeaderElection107] INFO  impl.RoleInfo (RoleInfo.java:shutdownLeaderElection(134)) - a54795b0-6c9c-4137-a866-f82f653c9bf9: shutdown LeaderElection
2019-10-19 01:04:34,193 [a54795b0-6c9c-4137-a866-f82f653c9bf9@group-FB3B7D7D89E3-LeaderElection107] INFO  impl.RoleInfo (RoleInfo.java:updateAndGet(143)) - a54795b0-6c9c-4137-a866-f82f653c9bf9: start FollowerState
2019-10-19 01:04:34,230 [Thread-1064] INFO  impl.FollowerState (FollowerState.java:run(108)) - a1c78c0e-869c-4f76-b4ce-2034448e0b80@group-D48B69A44692-FollowerState: change to CANDIDATE, lastRpcTime:37ms, electionTimeout:37ms
2019-10-19 01:04:34,230 [Thread-1064] INFO  impl.RoleInfo (RoleInfo.java:shutdownFollowerState(121)) - a1c78c0e-869c-4f76-b4ce-2034448e0b80: shutdown FollowerState
2019-10-19 01:04:34,230 [Thread-1064] INFO  impl.RaftServerImpl (RaftServerImpl.java:setRole(184)) - a1c78c0e-869c-4f76-b4ce-2034448e0b80@group-D48B69A44692: changes role from  FOLLOWER to CANDIDATE at term 53 for changeToCandidate
2019-10-19 01:04:34,230 [Thread-1064] INFO  impl.RoleInfo (RoleInfo.java:updateAndGet(143)) - a1c78c0e-869c-4f76-b4ce-2034448e0b80: start LeaderElection
2019-10-19 01:04:34,243 [a1c78c0e-869c-4f76-b4ce-2034448e0b80@group-D48B69A44692-LeaderElection108] INFO  impl.LeaderElection (LeaderElection.java:askForVotes(178)) - a1c78c0e-869c-4f76-b4ce-2034448e0b80@group-D48B69A44692-LeaderElection108: begin an election at term 54 for -1: [51276c3c-a3b8-4274-b089-592ff4589f41:192.168.157.213:36639, 64c90977-e867-487c-b50d-c226f2d34a76:192.168.157.213:37433, a1c78c0e-869c-4f76-b4ce-2034448e0b80:192.168.157.213:33501], old=null
2019-10-19 01:04:34,246 [grpc-default-executor-4] INFO  impl.RaftServerImpl (RaftServerImpl.java:setRole(184)) - 51276c3c-a3b8-4274-b089-592ff4589f41@group-D48B69A44692: changes role from  FOLLOWER to FOLLOWER at term 54 for recognizeCandidate:a1c78c0e-869c-4f76-b4ce-2034448e0b80
2019-10-19 01:04:34,246 [grpc-default-executor-7] INFO  impl.RaftServerImpl (RaftServerImpl.java:setRole(184)) - 64c90977-e867-487c-b50d-c226f2d34a76@group-D48B69A44692: changes role from  FOLLOWER to FOLLOWER at term 54 for recognizeCandidate:a1c78c0e-869c-4f76-b4ce-2034448e0b80
2019-10-19 01:04:34,246 [grpc-default-executor-4] INFO  impl.RoleInfo (RoleInfo.java:shutdownFollowerState(121)) - 51276c3c-a3b8-4274-b089-592ff4589f41: shutdown FollowerState
2019-10-19 01:04:34,246 [grpc-default-executor-7] INFO  impl.RoleInfo (RoleInfo.java:shutdownFollowerState(121)) - 64c90977-e867-487c-b50d-c226f2d34a76: shutdown FollowerState
2019-10-19 01:04:34,246 [grpc-default-executor-4] INFO  impl.RoleInfo (RoleInfo.java:updateAndGet(143)) - 51276c3c-a3b8-4274-b089-592ff4589f41: start FollowerState
2019-10-19 01:04:34,246 [grpc-default-executor-7] INFO  impl.RoleInfo (RoleInfo.java:updateAndGet(143)) - 64c90977-e867-487c-b50d-c226f2d34a76: start FollowerState
2019-10-19 01:04:34,246 [Thread-1061] INFO  impl.FollowerState (FollowerState.java:run(117)) - 51276c3c-a3b8-4274-b089-592ff4589f41@group-D48B69A44692-FollowerState was interrupted: java.lang.InterruptedException: sleep interrupted
2019-10-19 01:04:34,246 [Thread-1060] INFO  impl.FollowerState (FollowerState.java:run(117)) - 64c90977-e867-487c-b50d-c226f2d34a76@group-D48B69A44692-FollowerState was interrupted: java.lang.InterruptedException: sleep interrupted
2019-10-19 01:04:34,262 [a1c78c0e-869c-4f76-b4ce-2034448e0b80@group-D48B69A44692-LeaderElection108] INFO  impl.LeaderElection (LeaderElection.java:logAndReturn(56)) - a1c78c0e-869c-4f76-b4ce-2034448e0b80@group-D48B69A44692-LeaderElection108: Election REJECTED; received 2 response(s) [a1c78c0e-869c-4f76-b4ce-2034448e0b80<-51276c3c-a3b8-4274-b089-592ff4589f41#0:FAIL-t54, a1c78c0e-869c-4f76-b4ce-2034448e0b80<-64c90977-e867-487c-b50d-c226f2d34a76#0:FAIL-t54] and 0 exception(s); a1c78c0e-869c-4f76-b4ce-2034448e0b80@group-D48B69A44692:t54, leader=null, voted=a1c78c0e-869c-4f76-b4ce-2034448e0b80, raftlog=a1c78c0e-869c-4f76-b4ce-2034448e0b80@group-D48B69A44692-SegmentedRaftLog:OPENED:c-1,f-1,i0, conf=-1: [51276c3c-a3b8-4274-b089-592ff4589f41:192.168.157.213:36639, 64c90977-e867-487c-b50d-c226f2d34a76:192.168.157.213:37433, a1c78c0e-869c-4f76-b4ce-2034448e0b80:192.168.157.213:33501], old=null
2019-10-19 01:04:34,263 [a1c78c0e-869c-4f76-b4ce-2034448e0b80@group-D48B69A44692-LeaderElection108] INFO  impl.RaftServerImpl (RaftServerImpl.java:setRole(184)) - a1c78c0e-869c-4f76-b4ce-2034448e0b80@group-D48B69A44692: changes role from CANDIDATE to FOLLOWER at term 54 for DISCOVERED_A_NEW_TERM
2019-10-19 01:04:34,263 [a1c78c0e-869c-4f76-b4ce-2034448e0b80@group-D48B69A44692-LeaderElection108] INFO  impl.RoleInfo (RoleInfo.java:shutdownLeaderElection(134)) - a1c78c0e-869c-4f76-b4ce-2034448e0b80: shutdown LeaderElection
2019-10-19 01:04:34,263 [a1c78c0e-869c-4f76-b4ce-2034448e0b80@group-D48B69A44692-LeaderElection108] INFO  impl.RoleInfo (RoleInfo.java:updateAndGet(143)) - a1c78c0e-869c-4f76-b4ce-2034448e0b80: start FollowerState
2019-10-19 01:04:34,315 [Thread-1065] INFO  impl.FollowerState (FollowerState.java:run(108)) - a54795b0-6c9c-4137-a866-f82f653c9bf9@group-FB3B7D7D89E3-FollowerState: change to CANDIDATE, lastRpcTime:122ms, electionTimeout:122ms
2019-10-19 01:04:34,315 [Thread-1065] INFO  impl.RoleInfo (RoleInfo.java:shutdownFollowerState(121)) - a54795b0-6c9c-4137-a866-f82f653c9bf9: shutdown FollowerState
2019-10-19 01:04:34,315 [Thread-1065] INFO  impl.RaftServerImpl (RaftServerImpl.java:setRole(184)) - a54795b0-6c9c-4137-a866-f82f653c9bf9@group-FB3B7D7D89E3: changes role from  FOLLOWER to CANDIDATE at term 55 for changeToCandidate
2019-10-19 01:04:34,315 [Thread-1065] INFO  impl.RoleInfo (RoleInfo.java:updateAndGet(143)) - a54795b0-6c9c-4137-a866-f82f653c9bf9: start LeaderElection
2019-10-19 01:04:34,329 [a54795b0-6c9c-4137-a866-f82f653c9bf9@group-FB3B7D7D89E3-LeaderElection109] INFO  impl.LeaderElection (LeaderElection.java:askForVotes(178)) - a54795b0-6c9c-4137-a866-f82f653c9bf9@group-FB3B7D7D89E3-LeaderElection109: begin an election at term 56 for -1: [a54795b0-6c9c-4137-a866-f82f653c9bf9:192.168.157.213:43688, b26a8d60-58dc-431d-8168-f89a9ab35f3a:192.168.157.213:35535, 16805c57-9f45-4377-8998-764a8f26e152:192.168.157.213:33728], old=null
2019-10-19 01:04:34,331 [a54795b0-6c9c-4137-a866-f82f653c9bf9@group-FB3B7D7D89E3-LeaderElection109] INFO  impl.LeaderElection (LeaderElection.java:logAndReturn(56)) - a54795b0-6c9c-4137-a866-f82f653c9bf9@group-FB3B7D7D89E3-LeaderElection109: Election TIMEOUT; received 0 response(s) [] and 0 exception(s); a54795b0-6c9c-4137-a866-f82f653c9bf9@group-FB3B7D7D89E3:t56, leader=null, voted=a54795b0-6c9c-4137-a866-f82f653c9bf9, raftlog=a54795b0-6c9c-4137-a866-f82f653c9bf9@group-FB3B7D7D89E3-SegmentedRaftLog:OPENED:c-1,f-1,i0, conf=-1: [a54795b0-6c9c-4137-a866-f82f653c9bf9:192.168.157.213:43688, b26a8d60-58dc-431d-8168-f89a9ab35f3a:192.168.157.213:35535, 16805c57-9f45-4377-8998-764a8f26e152:192.168.157.213:33728], old=null
2019-10-19 01:04:34,331 [grpc-default-executor-7] INFO  impl.RaftServerImpl (RaftServerImpl.java:setRole(184)) - b26a8d60-58dc-431d-8168-f89a9ab35f3a@group-FB3B7D7D89E3: changes role from  FOLLOWER to FOLLOWER at term 56 for recognizeCandidate:a54795b0-6c9c-4137-a866-f82f653c9bf9
2019-10-19 01:04:34,331 [grpc-default-executor-7] INFO  impl.RoleInfo (RoleInfo.java:shutdownFollowerState(121)) - b26a8d60-58dc-431d-8168-f89a9ab35f3a: shutdown FollowerState
2019-10-19 01:04:34,331 [grpc-default-executor-4] INFO  impl.RaftServerImpl (RaftServerImpl.java:setRole(184)) - 16805c57-9f45-4377-8998-764a8f26e152@group-FB3B7D7D89E3: changes role from  FOLLOWER to FOLLOWER at term 56 for recognizeCandidate:a54795b0-6c9c-4137-a866-f82f653c9bf9
2019-10-19 01:04:34,332 [Thread-1063] INFO  impl.FollowerState (FollowerState.java:run(117)) - b26a8d60-58dc-431d-8168-f89a9ab35f3a@group-FB3B7D7D89E3-FollowerState was interrupted: java.lang.InterruptedException: sleep interrupted
2019-10-19 01:04:34,332 [grpc-default-executor-7] INFO  impl.RoleInfo (RoleInfo.java:updateAndGet(143)) - b26a8d60-58dc-431d-8168-f89a9ab35f3a: start FollowerState
2019-10-19 01:04:34,332 [grpc-default-executor-4] INFO  impl.RoleInfo (RoleInfo.java:shutdownFollowerState(121)) - 16805c57-9f45-4377-8998-764a8f26e152: shutdown FollowerState
2019-10-19 01:04:34,332 [grpc-default-executor-4] INFO  impl.RoleInfo (RoleInfo.java:updateAndGet(143)) - 16805c57-9f45-4377-8998-764a8f26e152: start FollowerState
2019-10-19 01:04:34,332 [Thread-1062] INFO  impl.FollowerState (FollowerState.java:run(117)) - 16805c57-9f45-4377-8998-764a8f26e152@group-FB3B7D7D89E3-FollowerState was interrupted: java.lang.InterruptedException: sleep interrupted
2019-10-19 01:04:34,345 [a54795b0-6c9c-4137-a866-f82f653c9bf9@group-FB3B7D7D89E3-LeaderElection109] INFO  impl.LeaderElection (LeaderElection.java:askForVotes(178)) - a54795b0-6c9c-4137-a866-f82f653c9bf9@group-FB3B7D7D89E3-LeaderElection109: begin an election at term 57 for -1: [a54795b0-6c9c-4137-a866-f82f653c9bf9:192.168.157.213:43688, b26a8d60-58dc-431d-8168-f89a9ab35f3a:192.168.157.213:35535, 16805c57-9f45-4377-8998-764a8f26e152:192.168.157.213:33728], old=null
2019-10-19 01:04:34,346 [grpc-default-executor-4] INFO  impl.RaftServerImpl (RaftServerImpl.java:setRole(184)) - b26a8d60-58dc-431d-8168-f89a9ab35f3a@group-FB3B7D7D89E3: changes role from  FOLLOWER to FOLLOWER at term 57 for recognizeCandidate:a54795b0-6c9c-4137-a866-f82f653c9bf9
2019-10-19 01:04:34,350 [grpc-default-executor-4] INFO  impl.RoleInfo (RoleInfo.java:shutdownFollowerState(121)) - b26a8d60-58dc-431d-8168-f89a9ab35f3a: shutdown FollowerState
2019-10-19 01:04:34,350 [grpc-default-executor-4] INFO  impl.RoleInfo (RoleInfo.java:updateAndGet(143)) - b26a8d60-58dc-431d-8168-f89a9ab35f3a: start FollowerState
2019-10-19 01:04:34,350 [Thread-1075] INFO  impl.FollowerState (FollowerState.java:run(117)) - b26a8d60-58dc-431d-8168-f89a9ab35f3a@group-FB3B7D7D89E3-FollowerState was interrupted: java.lang.InterruptedException: sleep interrupted
2019-10-19 01:04:34,350 [grpc-default-executor-7] INFO  impl.RaftServerImpl (RaftServerImpl.java:setRole(184)) - 16805c57-9f45-4377-8998-764a8f26e152@group-FB3B7D7D89E3: changes role from  FOLLOWER to FOLLOWER at term 57 for recognizeCandidate:a54795b0-6c9c-4137-a866-f82f653c9bf9
2019-10-19 01:04:34,350 [grpc-default-executor-7] INFO  impl.RoleInfo (RoleInfo.java:shutdownFollowerState(121)) - 16805c57-9f45-4377-8998-764a8f26e152: shutdown FollowerState
2019-10-19 01:04:34,350 [grpc-default-executor-7] INFO  impl.RoleInfo (RoleInfo.java:updateAndGet(143)) - 16805c57-9f45-4377-8998-764a8f26e152: start FollowerState
2019-10-19 01:04:34,351 [Thread-1076] INFO  impl.FollowerState (FollowerState.java:run(117)) - 16805c57-9f45-4377-8998-764a8f26e152@group-FB3B7D7D89E3-FollowerState was interrupted: java.lang.InterruptedException: sleep interrupted
2019-10-19 01:04:34,364 [a54795b0-6c9c-4137-a866-f82f653c9bf9@group-FB3B7D7D89E3-LeaderElection109] INFO  impl.LeaderElection (LeaderElection.java:logAndReturn(56)) - a54795b0-6c9c-4137-a866-f82f653c9bf9@group-FB3B7D7D89E3-LeaderElection109: Election REJECTED; received 2 response(s) [a54795b0-6c9c-4137-a866-f82f653c9bf9<-b26a8d60-58dc-431d-8168-f89a9ab35f3a#0:FAIL-t57, a54795b0-6c9c-4137-a866-f82f653c9bf9<-16805c57-9f45-4377-8998-764a8f26e152#0:FAIL-t57] and 0 exception(s); a54795b0-6c9c-4137-a866-f82f653c9bf9@group-FB3B7D7D89E3:t57, leader=null, voted=a54795b0-6c9c-4137-a866-f82f653c9bf9, raftlog=a54795b0-6c9c-4137-a866-f82f653c9bf9@group-FB3B7D7D89E3-SegmentedRaftLog:OPENED:c-1,f-1,i0, conf=-1: [a54795b0-6c9c-4137-a866-f82f653c9bf9:192.168.157.213:43688, b26a8d60-58dc-431d-8168-f89a9ab35f3a:192.168.157.213:35535, 16805c57-9f45-4377-8998-764a8f26e152:192.168.157.213:33728], old=null
2019-10-19 01:04:34,365 [a54795b0-6c9c-4137-a866-f82f653c9bf9@group-FB3B7D7D89E3-LeaderElection109] INFO  impl.RaftServerImpl (RaftServerImpl.java:setRole(184)) - a54795b0-6c9c-4137-a866-f82f653c9bf9@group-FB3B7D7D89E3: changes role from CANDIDATE to FOLLOWER at term 57 for DISCOVERED_A_NEW_TERM
2019-10-19 01:04:34,365 [a54795b0-6c9c-4137-a866-f82f653c9bf9@group-FB3B7D7D89E3-LeaderElection109] INFO  impl.RoleInfo (RoleInfo.java:shutdownLeaderElection(134)) - a54795b0-6c9c-4137-a866-f82f653c9bf9: shutdown LeaderElection
2019-10-19 01:04:34,365 [a54795b0-6c9c-4137-a866-f82f653c9bf9@group-FB3B7D7D89E3-LeaderElection109] INFO  impl.RoleInfo (RoleInfo.java:updateAndGet(143)) - a54795b0-6c9c-4137-a866-f82f653c9bf9: start FollowerState
2019-10-19 01:04:34,447 [Thread-1071] INFO  impl.FollowerState (FollowerState.java:run(108)) - a1c78c0e-869c-4f76-b4ce-2034448e0b80@group-D48B69A44692-FollowerState: change to CANDIDATE, lastRpcTime:184ms, electionTimeout:184ms
2019-10-19 01:04:34,447 [Thread-1071] INFO  impl.RoleInfo (RoleInfo.java:shutdownFollowerState(121)) - a1c78c0e-869c-4f76-b4ce-2034448e0b80: shutdown FollowerState
2019-10-19 01:04:34,447 [Thread-1071] INFO  impl.RaftServerImpl (RaftServerImpl.java:setRole(184)) - a1c78c0e-869c-4f76-b4ce-2034448e0b80@group-D48B69A44692: changes role from  FOLLOWER to CANDIDATE at term 54 for changeToCandidate
2019-10-19 01:04:34,447 [Thread-1071] INFO  impl.RoleInfo (RoleInfo.java:updateAndGet(143)) - a1c78c0e-869c-4f76-b4ce-2034448e0b80: start LeaderElection
2019-10-19 01:04:34,456 [Thread-1083] INFO  impl.FollowerState (FollowerState.java:run(108)) - a54795b0-6c9c-4137-a866-f82f653c9bf9@group-FB3B7D7D89E3-FollowerState: change to CANDIDATE, lastRpcTime:91ms, electionTimeout:91ms
2019-10-19 01:04:34,457 [Thread-1083] INFO  impl.RoleInfo (RoleInfo.java:shutdownFollowerState(121)) - a54795b0-6c9c-4137-a866-f82f653c9bf9: shutdown FollowerState
2019-10-19 01:04:34,457 [Thread-1083] INFO  impl.RaftServerImpl (RaftServerImpl.java:setRole(184)) - a54795b0-6c9c-4137-a866-f82f653c9bf9@group-FB3B7D7D89E3: changes role from  FOLLOWER to CANDIDATE at term 57 for changeToCandidate
2019-10-19 01:04:34,457 [Thread-1083] INFO  impl.RoleInfo (RoleInfo.java:updateAndGet(143)) - a54795b0-6c9c-4137-a866-f82f653c9bf9: start LeaderElection
2019-10-19 01:04:34,462 [a1c78c0e-869c-4f76-b4ce-2034448e0b80@group-D48B69A44692-LeaderElection110] INFO  impl.LeaderElection (LeaderElection.java:askForVotes(178)) - a1c78c0e-869c-4f76-b4ce-2034448e0b80@group-D48B69A44692-LeaderElection110: begin an election at term 55 for -1: [51276c3c-a3b8-4274-b089-592ff4589f41:192.168.157.213:36639, 64c90977-e867-487c-b50d-c226f2d34a76:192.168.157.213:37433, a1c78c0e-869c-4f76-b4ce-2034448e0b80:192.168.157.213:33501], old=null
2019-10-19 01:04:34,462 [a54795b0-6c9c-4137-a866-f82f653c9bf9@group-FB3B7D7D89E3-LeaderElection111] INFO  impl.LeaderElection (LeaderElection.java:askForVotes(178)) - a54795b0-6c9c-4137-a866-f82f653c9bf9@group-FB3B7D7D89E3-LeaderElection111: begin an election at term 58 for -1: [a54795b0-6c9c-4137-a866-f82f653c9bf9:192.168.157.213:43688, b26a8d60-58dc-431d-8168-f89a9ab35f3a:192.168.157.213:35535, 16805c57-9f45-4377-8998-764a8f26e152:192.168.157.213:33728], old=null
2019-10-19 01:04:34,464 [grpc-default-executor-7] INFO  impl.RaftServerImpl (RaftServerImpl.java:setRole(184)) - b26a8d60-58dc-431d-8168-f89a9ab35f3a@group-FB3B7D7D89E3: changes role from  FOLLOWER to FOLLOWER at term 58 for recognizeCandidate:a54795b0-6c9c-4137-a866-f82f653c9bf9
2019-10-19 01:04:34,465 [grpc-default-executor-4] INFO  impl.RaftServerImpl (RaftServerImpl.java:setRole(184)) - 51276c3c-a3b8-4274-b089-592ff4589f41@group-D48B69A44692: changes role from  FOLLOWER to FOLLOWER at term 55 for recognizeCandidate:a1c78c0e-869c-4f76-b4ce-2034448e0b80
2019-10-19 01:04:34,465 [grpc-default-executor-6] INFO  impl.RaftServerImpl (RaftServerImpl.java:setRole(184)) - 16805c57-9f45-4377-8998-764a8f26e152@group-FB3B7D7D89E3: changes role from  FOLLOWER to FOLLOWER at term 58 for recognizeCandidate:a54795b0-6c9c-4137-a866-f82f653c9bf9
2019-10-19 01:04:34,465 [grpc-default-executor-6] INFO  impl.RoleInfo (RoleInfo.java:shutdownFollowerState(121)) - 16805c57-9f45-4377-8998-764a8f26e152: shutdown FollowerState
2019-10-19 01:04:34,465 [grpc-default-executor-7] INFO  impl.RoleInfo (RoleInfo.java:shutdownFollowerState(121)) - b26a8d60-58dc-431d-8168-f89a9ab35f3a: shutdown FollowerState
2019-10-19 01:04:34,465 [grpc-default-executor-6] INFO  impl.RoleInfo (RoleInfo.java:updateAndGet(143)) - 16805c57-9f45-4377-8998-764a8f26e152: start FollowerState
2019-10-19 01:04:34,465 [Thread-1079] INFO  impl.FollowerState (FollowerState.java:run(117)) - b26a8d60-58dc-431d-8168-f89a9ab35f3a@group-FB3B7D7D89E3-FollowerState was interrupted: java.lang.InterruptedException: sleep interrupted
2019-10-19 01:04:34,465 [grpc-default-executor-5] INFO  impl.RaftServerImpl (RaftServerImpl.java:setRole(184)) - 64c90977-e867-487c-b50d-c226f2d34a76@group-D48B69A44692: changes role from  FOLLOWER to FOLLOWER at term 55 for recognizeCandidate:a1c78c0e-869c-4f76-b4ce-2034448e0b80
2019-10-19 01:04:34,466 [grpc-default-executor-5] INFO  impl.RoleInfo (RoleInfo.java:shutdownFollowerState(121)) - 64c90977-e867-487c-b50d-c226f2d34a76: shutdown FollowerState
2019-10-19 01:04:34,465 [grpc-default-executor-4] INFO  impl.RoleInfo (RoleInfo.java:shutdownFollowerState(121)) - 51276c3c-a3b8-4274-b089-592ff4589f41: shutdown FollowerState
2019-10-19 01:04:34,466 [Thread-1070] INFO  impl.FollowerState (FollowerState.java:run(117)) - 64c90977-e867-487c-b50d-c226f2d34a76@group-D48B69A44692-FollowerState was interrupted: java.lang.InterruptedException: sleep interrupted
2019-10-19 01:04:34,466 [grpc-default-executor-4] INFO  impl.RoleInfo (RoleInfo.java:updateAndGet(143)) - 51276c3c-a3b8-4274-b089-592ff4589f41: start FollowerState
2019-10-19 01:04:34,466 [grpc-default-executor-5] INFO  impl.RoleInfo (RoleInfo.java:updateAndGet(143)) - 64c90977-e867-487c-b50d-c226f2d34a76: start FollowerState
2019-10-19 01:04:34,465 [grpc-default-executor-7] INFO  impl.RoleInfo (RoleInfo.java:updateAndGet(143)) - b26a8d60-58dc-431d-8168-f89a9ab35f3a: start FollowerState
2019-10-19 01:04:34,465 [Thread-1080] INFO  impl.FollowerState (FollowerState.java:run(117)) - 16805c57-9f45-4377-8998-764a8f26e152@group-FB3B7D7D89E3-FollowerState was interrupted: java.lang.InterruptedException: sleep interrupted
2019-10-19 01:04:34,466 [Thread-1069] INFO  impl.FollowerState (FollowerState.java:run(117)) - 51276c3c-a3b8-4274-b089-592ff4589f41@group-D48B69A44692-FollowerState was interrupted: java.lang.InterruptedException: sleep interrupted
2019-10-19 01:04:34,480 [a1c78c0e-869c-4f76-b4ce-2034448e0b80@group-D48B69A44692-LeaderElection110] INFO  impl.LeaderElection (LeaderElection.java:logAndReturn(56)) - a1c78c0e-869c-4f76-b4ce-2034448e0b80@group-D48B69A44692-LeaderElection110: Election REJECTED; received 2 response(s) [a1c78c0e-869c-4f76-b4ce-2034448e0b80<-51276c3c-a3b8-4274-b089-592ff4589f41#0:FAIL-t55, a1c78c0e-869c-4f76-b4ce-2034448e0b80<-64c90977-e867-487c-b50d-c226f2d34a76#0:FAIL-t55] and 0 exception(s); a1c78c0e-869c-4f76-b4ce-2034448e0b80@group-D48B69A44692:t55, leader=null, voted=a1c78c0e-869c-4f76-b4ce-2034448e0b80, raftlog=a1c78c0e-869c-4f76-b4ce-2034448e0b80@group-D48B69A44692-SegmentedRaftLog:OPENED:c-1,f-1,i0, conf=-1: [51276c3c-a3b8-4274-b089-592ff4589f41:192.168.157.213:36639, 64c90977-e867-487c-b50d-c226f2d34a76:192.168.157.213:37433, a1c78c0e-869c-4f76-b4ce-2034448e0b80:192.168.157.213:33501], old=null
2019-10-19 01:04:34,480 [a1c78c0e-869c-4f76-b4ce-2034448e0b80@group-D48B69A44692-LeaderElection110] INFO  impl.RaftServerImpl (RaftServerImpl.java:setRole(184)) - a1c78c0e-869c-4f76-b4ce-2034448e0b80@group-D48B69A44692: changes role from CANDIDATE to FOLLOWER at term 55 for DISCOVERED_A_NEW_TERM
2019-10-19 01:04:34,480 [a1c78c0e-869c-4f76-b4ce-2034448e0b80@group-D48B69A44692-LeaderElection110] INFO  impl.RoleInfo (RoleInfo.java:shutdownLeaderElection(134)) - a1c78c0e-869c-4f76-b4ce-2034448e0b80: shutdown LeaderElection
2019-10-19 01:04:34,480 [a54795b0-6c9c-4137-a866-f82f653c9bf9@group-FB3B7D7D89E3-LeaderElection111] INFO  impl.LeaderElection (LeaderElection.java:logAndReturn(56)) - a54795b0-6c9c-4137-a866-f82f653c9bf9@group-FB3B7D7D89E3-LeaderElection111: Election REJECTED; received 2 response(s) [a54795b0-6c9c-4137-a866-f82f653c9bf9<-b26a8d60-58dc-431d-8168-f89a9ab35f3a#0:FAIL-t58, a54795b0-6c9c-4137-a866-f82f653c9bf9<-16805c57-9f45-4377-8998-764a8f26e152#0:FAIL-t58] and 0 exception(s); a54795b0-6c9c-4137-a866-f82f653c9bf9@group-FB3B7D7D89E3:t58, leader=null, voted=a54795b0-6c9c-4137-a866-f82f653c9bf9, raftlog=a54795b0-6c9c-4137-a866-f82f653c9bf9@group-FB3B7D7D89E3-SegmentedRaftLog:OPENED:c-1,f-1,i0, conf=-1: [a54795b0-6c9c-4137-a866-f82f653c9bf9:192.168.157.213:43688, b26a8d60-58dc-431d-8168-f89a9ab35f3a:192.168.157.213:35535, 16805c57-9f45-4377-8998-764a8f26e152:192.168.157.213:33728], old=null
2019-10-19 01:04:34,481 [a1c78c0e-869c-4f76-b4ce-2034448e0b80@group-D48B69A44692-LeaderElection110] INFO  impl.RoleInfo (RoleInfo.java:updateAndGet(143)) - a1c78c0e-869c-4f76-b4ce-2034448e0b80: start FollowerState
2019-10-19 01:04:34,481 [a54795b0-6c9c-4137-a866-f82f653c9bf9@group-FB3B7D7D89E3-LeaderElection111] INFO  impl.RaftServerImpl (RaftServerImpl.java:setRole(184)) - a54795b0-6c9c-4137-a866-f82f653c9bf9@group-FB3B7D7D89E3: changes role from CANDIDATE to FOLLOWER at term 58 for DISCOVERED_A_NEW_TERM
2019-10-19 01:04:34,481 [a54795b0-6c9c-4137-a866-f82f653c9bf9@group-FB3B7D7D89E3-LeaderElection111] INFO  impl.RoleInfo (RoleInfo.java:shutdownLeaderElection(134)) - a54795b0-6c9c-4137-a866-f82f653c9bf9: shutdown LeaderElection
2019-10-19 01:04:34,481 [a54795b0-6c9c-4137-a866-f82f653c9bf9@group-FB3B7D7D89E3-LeaderElection111] INFO  impl.RoleInfo (RoleInfo.java:updateAndGet(143)) - a54795b0-6c9c-4137-a866-f82f653c9bf9: start FollowerState
2019-10-19 01:04:34,546 [Thread-1094] INFO  impl.FollowerState (FollowerState.java:run(108)) - a1c78c0e-869c-4f76-b4ce-2034448e0b80@group-D48B69A44692-FollowerState: change to CANDIDATE, lastRpcTime:65ms, electionTimeout:65ms
2019-10-19 01:04:34,546 [Thread-1094] INFO  impl.RoleInfo (RoleInfo.java:shutdownFollowerState(121)) - a1c78c0e-869c-4f76-b4ce-2034448e0b80: shutdown FollowerState
2019-10-19 01:04:34,546 [Thread-1094] INFO  impl.RaftServerImpl (RaftServerImpl.java:setRole(184)) - a1c78c0e-869c-4f76-b4ce-2034448e0b80@group-D48B69A44692: changes role from  FOLLOWER to CANDIDATE at term 55 for changeToCandidate
2019-10-19 01:04:34,547 [Thread-1094] INFO  impl.RoleInfo (RoleInfo.java:updateAndGet(143)) - a1c78c0e-869c-4f76-b4ce-2034448e0b80: start LeaderElection
2019-10-19 01:04:34,561 [a1c78c0e-869c-4f76-b4ce-2034448e0b80@group-D48B69A44692-LeaderElection112] INFO  impl.LeaderElection (LeaderElection.java:askForVotes(178)) - a1c78c0e-869c-4f76-b4ce-2034448e0b80@group-D48B69A44692-LeaderElection112: begin an election at term 56 for -1: [51276c3c-a3b8-4274-b089-592ff4589f41:192.168.157.213:36639, 64c90977-e867-487c-b50d-c226f2d34a76:192.168.157.213:37433, a1c78c0e-869c-4f76-b4ce-2034448e0b80:192.168.157.213:33501], old=null
2019-10-19 01:04:34,564 [grpc-default-executor-5] INFO  impl.RaftServerImpl (RaftServerImpl.java:setRole(184)) - 51276c3c-a3b8-4274-b089-592ff4589f41@group-D48B69A44692: changes role from  FOLLOWER to FOLLOWER at term 56 for recognizeCandidate:a1c78c0e-869c-4f76-b4ce-2034448e0b80
2019-10-19 01:04:34,564 [grpc-default-executor-6] INFO  impl.RaftServerImpl (RaftServerImpl.java:setRole(184)) - 64c90977-e867-487c-b50d-c226f2d34a76@group-D48B69A44692: changes role from  FOLLOWER to FOLLOWER at term 56 for recognizeCandidate:a1c78c0e-869c-4f76-b4ce-2034448e0b80
2019-10-19 01:04:34,564 [grpc-default-executor-5] INFO  impl.RoleInfo (RoleInfo.java:shutdownFollowerState(121)) - 51276c3c-a3b8-4274-b089-592ff4589f41: shutdown FollowerState
2019-10-19 01:04:34,564 [grpc-default-executor-6] INFO  impl.RoleInfo (RoleInfo.java:shutdownFollowerState(121)) - 64c90977-e867-487c-b50d-c226f2d34a76: shutdown FollowerState
2019-10-19 01:04:34,564 [Thread-1093] INFO  impl.FollowerState (FollowerState.java:run(117)) - 51276c3c-a3b8-4274-b089-592ff4589f41@group-D48B69A44692-FollowerState was interrupted: java.lang.InterruptedException: sleep interrupted
2019-10-19 01:04:34,564 [grpc-default-executor-6] INFO  impl.RoleInfo (RoleInfo.java:updateAndGet(143)) - 64c90977-e867-487c-b50d-c226f2d34a76: start FollowerState
2019-10-19 01:04:34,564 [grpc-default-executor-5] INFO  impl.RoleInfo (RoleInfo.java:updateAndGet(143)) - 51276c3c-a3b8-4274-b089-592ff4589f41: start FollowerState
2019-10-19 01:04:34,564 [Thread-1092] INFO  impl.FollowerState (FollowerState.java:run(117)) - 64c90977-e867-487c-b50d-c226f2d34a76@group-D48B69A44692-FollowerState was interrupted: java.lang.InterruptedException: sleep interrupted
2019-10-19 01:04:34,577 [a1c78c0e-869c-4f76-b4ce-2034448e0b80@group-D48B69A44692-LeaderElection112] INFO  impl.LeaderElection (LeaderElection.java:logAndReturn(56)) - a1c78c0e-869c-4f76-b4ce-2034448e0b80@group-D48B69A44692-LeaderElection112: Election REJECTED; received 2 response(s) [a1c78c0e-869c-4f76-b4ce-2034448e0b80<-51276c3c-a3b8-4274-b089-592ff4589f41#0:FAIL-t56, a1c78c0e-869c-4f76-b4ce-2034448e0b80<-64c90977-e867-487c-b50d-c226f2d34a76#0:FAIL-t56] and 0 exception(s); a1c78c0e-869c-4f76-b4ce-2034448e0b80@group-D48B69A44692:t56, leader=null, voted=a1c78c0e-869c-4f76-b4ce-2034448e0b80, raftlog=a1c78c0e-869c-4f76-b4ce-2034448e0b80@group-D48B69A44692-SegmentedRaftLog:OPENED:c-1,f-1,i0, conf=-1: [51276c3c-a3b8-4274-b089-592ff4589f41:192.168.157.213:36639, 64c90977-e867-487c-b50d-c226f2d34a76:192.168.157.213:37433, a1c78c0e-869c-4f76-b4ce-2034448e0b80:192.168.157.213:33501], old=null
2019-10-19 01:04:34,578 [a1c78c0e-869c-4f76-b4ce-2034448e0b80@group-D48B69A44692-LeaderElection112] INFO  impl.RaftServerImpl (RaftServerImpl.java:setRole(184)) - a1c78c0e-869c-4f76-b4ce-2034448e0b80@group-D48B69A44692: changes role from CANDIDATE to FOLLOWER at term 56 for DISCOVERED_A_NEW_TERM
2019-10-19 01:04:34,578 [a1c78c0e-869c-4f76-b4ce-2034448e0b80@group-D48B69A44692-LeaderElection112] INFO  impl.RoleInfo (RoleInfo.java:shutdownLeaderElection(134)) - a1c78c0e-869c-4f76-b4ce-2034448e0b80: shutdown LeaderElection
2019-10-19 01:04:34,578 [a1c78c0e-869c-4f76-b4ce-2034448e0b80@group-D48B69A44692-LeaderElection112] INFO  impl.RoleInfo (RoleInfo.java:updateAndGet(143)) - a1c78c0e-869c-4f76-b4ce-2034448e0b80: start FollowerState
2019-10-19 01:04:34,591 [Thread-1095] INFO  impl.FollowerState (FollowerState.java:run(108)) - a54795b0-6c9c-4137-a866-f82f653c9bf9@group-FB3B7D7D89E3-FollowerState: change to CANDIDATE, lastRpcTime:110ms, electionTimeout:110ms
2019-10-19 01:04:34,592 [Thread-1095] INFO  impl.RoleInfo (RoleInfo.java:shutdownFollowerState(121)) - a54795b0-6c9c-4137-a866-f82f653c9bf9: shutdown FollowerState
2019-10-19 01:04:34,592 [Thread-1095] INFO  impl.RaftServerImpl (RaftServerImpl.java:setRole(184)) - a54795b0-6c9c-4137-a866-f82f653c9bf9@group-FB3B7D7D89E3: changes role from  FOLLOWER to CANDIDATE at term 58 for changeToCandidate
2019-10-19 01:04:34,592 [Thread-1095] INFO  impl.RoleInfo (RoleInfo.java:updateAndGet(143)) - a54795b0-6c9c-4137-a866-f82f653c9bf9: start LeaderElection
2019-10-19 01:04:34,607 [a54795b0-6c9c-4137-a866-f82f653c9bf9@group-FB3B7D7D89E3-LeaderElection113] INFO  impl.LeaderElection (LeaderElection.java:askForVotes(178)) - a54795b0-6c9c-4137-a866-f82f653c9bf9@group-FB3B7D7D89E3-LeaderElection113: begin an election at term 59 for -1: [a54795b0-6c9c-4137-a866-f82f653c9bf9:192.168.157.213:43688, b26a8d60-58dc-431d-8168-f89a9ab35f3a:192.168.157.213:35535, 16805c57-9f45-4377-8998-764a8f26e152:192.168.157.213:33728], old=null
2019-10-19 01:04:34,609 [grpc-default-executor-6] INFO  impl.RaftServerImpl (RaftServerImpl.java:setRole(184)) - 16805c57-9f45-4377-8998-764a8f26e152@group-FB3B7D7D89E3: changes role from  FOLLOWER to FOLLOWER at term 59 for recognizeCandidate:a54795b0-6c9c-4137-a866-f82f653c9bf9
2019-10-19 01:04:34,609 [grpc-default-executor-5] INFO  impl.RaftServerImpl (RaftServerImpl.java:setRole(184)) - b26a8d60-58dc-431d-8168-f89a9ab35f3a@group-FB3B7D7D89E3: changes role from  FOLLOWER to FOLLOWER at term 59 for recognizeCandidate:a54795b0-6c9c-4137-a866-f82f653c9bf9
2019-10-19 01:04:34,609 [grpc-default-executor-6] INFO  impl.RoleInfo (RoleInfo.java:shutdownFollowerState(121)) - 16805c57-9f45-4377-8998-764a8f26e152: shutdown FollowerState
2019-10-19 01:04:34,609 [grpc-default-executor-5] INFO  impl.RoleInfo (RoleInfo.java:shutdownFollowerState(121)) - b26a8d60-58dc-431d-8168-f89a9ab35f3a: shutdown FollowerState
2019-10-19 01:04:34,610 [Thread-1090] INFO  impl.FollowerState (FollowerState.java:run(117)) - 16805c57-9f45-4377-8998-764a8f26e152@group-FB3B7D7D89E3-FollowerState was interrupted: java.lang.InterruptedException: sleep interrupted
2019-10-19 01:04:34,609 [grpc-default-executor-6] INFO  impl.RoleInfo (RoleInfo.java:updateAndGet(143)) - 16805c57-9f45-4377-8998-764a8f26e152: start FollowerState
2019-10-19 01:04:34,610 [Thread-1091] INFO  impl.FollowerState (FollowerState.java:run(117)) - b26a8d60-58dc-431d-8168-f89a9ab35f3a@group-FB3B7D7D89E3-FollowerState was interrupted: java.lang.InterruptedException: sleep interrupted
2019-10-19 01:04:34,610 [grpc-default-executor-5] INFO  impl.RoleInfo (RoleInfo.java:updateAndGet(143)) - b26a8d60-58dc-431d-8168-f89a9ab35f3a: start FollowerState
2019-10-19 01:04:34,624 [a54795b0-6c9c-4137-a866-f82f653c9bf9@group-FB3B7D7D89E3-LeaderElection113] INFO  impl.LeaderElection (LeaderElection.java:logAndReturn(56)) - a54795b0-6c9c-4137-a866-f82f653c9bf9@group-FB3B7D7D89E3-LeaderElection113: Election REJECTED; received 2 response(s) [a54795b0-6c9c-4137-a866-f82f653c9bf9<-b26a8d60-58dc-431d-8168-f89a9ab35f3a#0:FAIL-t59, a54795b0-6c9c-4137-a866-f82f653c9bf9<-16805c57-9f45-4377-8998-764a8f26e152#0:FAIL-t59] and 0 exception(s); a54795b0-6c9c-4137-a866-f82f653c9bf9@group-FB3B7D7D89E3:t59, leader=null, voted=a54795b0-6c9c-4137-a866-f82f653c9bf9, raftlog=a54795b0-6c9c-4137-a866-f82f653c9bf9@group-FB3B7D7D89E3-SegmentedRaftLog:OPENED:c-1,f-1,i0, conf=-1: [a54795b0-6c9c-4137-a866-f82f653c9bf9:192.168.157.213:43688, b26a8d60-58dc-431d-8168-f89a9ab35f3a:192.168.157.213:35535, 16805c57-9f45-4377-8998-764a8f26e152:192.168.157.213:33728], old=null
2019-10-19 01:04:34,625 [a54795b0-6c9c-4137-a866-f82f653c9bf9@group-FB3B7D7D89E3-LeaderElection113] INFO  impl.RaftServerImpl (RaftServerImpl.java:setRole(184)) - a54795b0-6c9c-4137-a866-f82f653c9bf9@group-FB3B7D7D89E3: changes role from CANDIDATE to FOLLOWER at term 59 for DISCOVERED_A_NEW_TERM
2019-10-19 01:04:34,625 [a54795b0-6c9c-4137-a866-f82f653c9bf9@group-FB3B7D7D89E3-LeaderElection113] INFO  impl.RoleInfo (RoleInfo.java:shutdownLeaderElection(134)) - a54795b0-6c9c-4137-a866-f82f653c9bf9: shutdown LeaderElection
2019-10-19 01:04:34,625 [a54795b0-6c9c-4137-a866-f82f653c9bf9@group-FB3B7D7D89E3-LeaderElection113] INFO  impl.RoleInfo (RoleInfo.java:updateAndGet(143)) - a54795b0-6c9c-4137-a866-f82f653c9bf9: start FollowerState
2019-10-19 01:04:34,706 [Thread-1101] INFO  impl.FollowerState (FollowerState.java:run(108)) - a1c78c0e-869c-4f76-b4ce-2034448e0b80@group-D48B69A44692-FollowerState: change to CANDIDATE, lastRpcTime:128ms, electionTimeout:128ms
2019-10-19 01:04:34,707 [Thread-1101] INFO  impl.RoleInfo (RoleInfo.java:shutdownFollowerState(121)) - a1c78c0e-869c-4f76-b4ce-2034448e0b80: shutdown FollowerState
2019-10-19 01:04:34,707 [Thread-1101] INFO  impl.RaftServerImpl (RaftServerImpl.java:setRole(184)) - a1c78c0e-869c-4f76-b4ce-2034448e0b80@group-D48B69A44692: changes role from  FOLLOWER to CANDIDATE at term 56 for changeToCandidate
2019-10-19 01:04:34,707 [Thread-1101] INFO  impl.RoleInfo (RoleInfo.java:updateAndGet(143)) - a1c78c0e-869c-4f76-b4ce-2034448e0b80: start LeaderElection
2019-10-19 01:04:34,721 [a1c78c0e-869c-4f76-b4ce-2034448e0b80@group-D48B69A44692-LeaderElection114] INFO  impl.LeaderElection (LeaderElection.java:askForVotes(178)) - a1c78c0e-869c-4f76-b4ce-2034448e0b80@group-D48B69A44692-LeaderElection114: begin an election at term 57 for -1: [51276c3c-a3b8-4274-b089-592ff4589f41:192.168.157.213:36639, 64c90977-e867-487c-b50d-c226f2d34a76:192.168.157.213:37433, a1c78c0e-869c-4f76-b4ce-2034448e0b80:192.168.157.213:33501], old=null
2019-10-19 01:04:34,724 [grpc-default-executor-5] INFO  impl.RaftServerImpl (RaftServerImpl.java:setRole(184)) - 64c90977-e867-487c-b50d-c226f2d34a76@group-D48B69A44692: changes role from  FOLLOWER to FOLLOWER at term 57 for recognizeCandidate:a1c78c0e-869c-4f76-b4ce-2034448e0b80
2019-10-19 01:04:34,724 [grpc-default-executor-5] INFO  impl.RoleInfo (RoleInfo.java:shutdownFollowerState(121)) - 64c90977-e867-487c-b50d-c226f2d34a76: shutdown FollowerState
2019-10-19 01:04:34,724 [grpc-default-executor-6] INFO  impl.RaftServerImpl (RaftServerImpl.java:setRole(184)) - 51276c3c-a3b8-4274-b089-592ff4589f41@group-D48B69A44692: changes role from  FOLLOWER to FOLLOWER at term 57 for recognizeCandidate:a1c78c0e-869c-4f76-b4ce-2034448e0b80
2019-10-19 01:04:34,725 [Thread-1100] INFO  impl.FollowerState (FollowerState.java:run(117)) - 64c90977-e867-487c-b50d-c226f2d34a76@group-D48B69A44692-FollowerState was interrupted: java.lang.InterruptedException: sleep interrupted
2019-10-19 01:04:34,724 [grpc-default-executor-5] INFO  impl.RoleInfo (RoleInfo.java:updateAndGet(143)) - 64c90977-e867-487c-b50d-c226f2d34a76: start FollowerState
2019-10-19 01:04:34,725 [grpc-default-executor-6] INFO  impl.RoleInfo (RoleInfo.java:shutdownFollowerState(121)) - 51276c3c-a3b8-4274-b089-592ff4589f41: shutdown FollowerState
2019-10-19 01:04:34,725 [grpc-default-executor-6] INFO  impl.RoleInfo (RoleInfo.java:updateAndGet(143)) - 51276c3c-a3b8-4274-b089-592ff4589f41: start FollowerState
2019-10-19 01:04:34,725 [Thread-1099] INFO  impl.FollowerState (FollowerState.java:run(117)) - 51276c3c-a3b8-4274-b089-592ff4589f41@group-D48B69A44692-FollowerState was interrupted: java.lang.InterruptedException: sleep interrupted
2019-10-19 01:04:34,726 [a1c78c0e-869c-4f76-b4ce-2034448e0b80@group-D48B69A44692-LeaderElection114] INFO  impl.LeaderElection (LeaderElection.java:logAndReturn(56)) - a1c78c0e-869c-4f76-b4ce-2034448e0b80@group-D48B69A44692-LeaderElection114: Election TIMEOUT; received 0 response(s) [] and 0 exception(s); a1c78c0e-869c-4f76-b4ce-2034448e0b80@group-D48B69A44692:t57, leader=null, voted=a1c78c0e-869c-4f76-b4ce-2034448e0b80, raftlog=a1c78c0e-869c-4f76-b4ce-2034448e0b80@group-D48B69A44692-SegmentedRaftLog:OPENED:c-1,f-1,i0, conf=-1: [51276c3c-a3b8-4274-b089-592ff4589f41:192.168.157.213:36639, 64c90977-e867-487c-b50d-c226f2d34a76:192.168.157.213:37433, a1c78c0e-869c-4f76-b4ce-2034448e0b80:192.168.157.213:33501], old=null
2019-10-19 01:04:34,738 [a1c78c0e-869c-4f76-b4ce-2034448e0b80@group-D48B69A44692-LeaderElection114] INFO  impl.LeaderElection (LeaderElection.java:askForVotes(178)) - a1c78c0e-869c-4f76-b4ce-2034448e0b80@group-D48B69A44692-LeaderElection114: begin an election at term 58 for -1: [51276c3c-a3b8-4274-b089-592ff4589f41:192.168.157.213:36639, 64c90977-e867-487c-b50d-c226f2d34a76:192.168.157.213:37433, a1c78c0e-869c-4f76-b4ce-2034448e0b80:192.168.157.213:33501], old=null
2019-10-19 01:04:34,740 [grpc-default-executor-6] INFO  impl.RaftServerImpl (RaftServerImpl.java:setRole(184)) - 64c90977-e867-487c-b50d-c226f2d34a76@group-D48B69A44692: changes role from  FOLLOWER to FOLLOWER at term 58 for recognizeCandidate:a1c78c0e-869c-4f76-b4ce-2034448e0b80
2019-10-19 01:04:34,741 [grpc-default-executor-6] INFO  impl.RoleInfo (RoleInfo.java:shutdownFollowerState(121)) - 64c90977-e867-487c-b50d-c226f2d34a76: shutdown FollowerState
2019-10-19 01:04:34,741 [grpc-default-executor-5] INFO  impl.RaftServerImpl (RaftServerImpl.java:setRole(184)) - 51276c3c-a3b8-4274-b089-592ff4589f41@group-D48B69A44692: changes role from  FOLLOWER to FOLLOWER at term 58 for recognizeCandidate:a1c78c0e-869c-4f76-b4ce-2034448e0b80
2019-10-19 01:04:34,741 [Thread-1111] INFO  impl.FollowerState (FollowerState.java:run(117)) - 64c90977-e867-487c-b50d-c226f2d34a76@group-D48B69A44692-FollowerState was interrupted: java.lang.InterruptedException: sleep interrupted
2019-10-19 01:04:34,741 [grpc-default-executor-6] INFO  impl.RoleInfo (RoleInfo.java:updateAndGet(143)) - 64c90977-e867-487c-b50d-c226f2d34a76: start FollowerState
2019-10-19 01:04:34,741 [grpc-default-executor-5] INFO  impl.RoleInfo (RoleInfo.java:shutdownFollowerState(121)) - 51276c3c-a3b8-4274-b089-592ff4589f41: shutdown FollowerState
2019-10-19 01:04:34,741 [grpc-default-executor-5] INFO  impl.RoleInfo (RoleInfo.java:updateAndGet(143)) - 51276c3c-a3b8-4274-b089-592ff4589f41: start FollowerState
2019-10-19 01:04:34,742 [Thread-1112] INFO  impl.FollowerState (FollowerState.java:run(117)) - 51276c3c-a3b8-4274-b089-592ff4589f41@group-D48B69A44692-FollowerState was interrupted: java.lang.InterruptedException: sleep interrupted
2019-10-19 01:04:34,756 [a1c78c0e-869c-4f76-b4ce-2034448e0b80@group-D48B69A44692-LeaderElection114] INFO  impl.LeaderElection (LeaderElection.java:logAndReturn(56)) - a1c78c0e-869c-4f76-b4ce-2034448e0b80@group-D48B69A44692-LeaderElection114: Election REJECTED; received 2 response(s) [a1c78c0e-869c-4f76-b4ce-2034448e0b80<-51276c3c-a3b8-4274-b089-592ff4589f41#0:FAIL-t58, a1c78c0e-869c-4f76-b4ce-2034448e0b80<-64c90977-e867-487c-b50d-c226f2d34a76#0:FAIL-t58] and 0 exception(s); a1c78c0e-869c-4f76-b4ce-2034448e0b80@group-D48B69A44692:t58, leader=null, voted=a1c78c0e-869c-4f76-b4ce-2034448e0b80, raftlog=a1c78c0e-869c-4f76-b4ce-2034448e0b80@group-D48B69A44692-SegmentedRaftLog:OPENED:c-1,f-1,i0, conf=-1: [51276c3c-a3b8-4274-b089-592ff4589f41:192.168.157.213:36639, 64c90977-e867-487c-b50d-c226f2d34a76:192.168.157.213:37433, a1c78c0e-869c-4f76-b4ce-2034448e0b80:192.168.157.213:33501], old=null
2019-10-19 01:04:34,756 [a1c78c0e-869c-4f76-b4ce-2034448e0b80@group-D48B69A44692-LeaderElection114] INFO  impl.RaftServerImpl (RaftServerImpl.java:setRole(184)) - a1c78c0e-869c-4f76-b4ce-2034448e0b80@group-D48B69A44692: changes role from CANDIDATE to FOLLOWER at term 58 for DISCOVERED_A_NEW_TERM
2019-10-19 01:04:34,756 [a1c78c0e-869c-4f76-b4ce-2034448e0b80@group-D48B69A44692-LeaderElection114] INFO  impl.RoleInfo (RoleInfo.java:shutdownLeaderElection(134)) - a1c78c0e-869c-4f76-b4ce-2034448e0b80: shutdown LeaderElection
2019-10-19 01:04:34,756 [a1c78c0e-869c-4f76-b4ce-2034448e0b80@group-D48B69A44692-LeaderElection114] INFO  impl.RoleInfo (RoleInfo.java:updateAndGet(143)) - a1c78c0e-869c-4f76-b4ce-2034448e0b80: start FollowerState
2019-10-19 01:04:34,798 [Thread-1107] INFO  impl.FollowerState (FollowerState.java:run(108)) - a54795b0-6c9c-4137-a866-f82f653c9bf9@group-FB3B7D7D89E3-FollowerState: change to CANDIDATE, lastRpcTime:173ms, electionTimeout:173ms
2019-10-19 01:04:34,798 [Thread-1107] INFO  impl.RoleInfo (RoleInfo.java:shutdownFollowerState(121)) - a54795b0-6c9c-4137-a866-f82f653c9bf9: shutdown FollowerState
2019-10-19 01:04:34,799 [Thread-1107] INFO  impl.RaftServerImpl (RaftServerImpl.java:setRole(184)) - a54795b0-6c9c-4137-a866-f82f653c9bf9@group-FB3B7D7D89E3: changes role from  FOLLOWER to CANDIDATE at term 59 for changeToCandidate
2019-10-19 01:04:34,799 [Thread-1107] INFO  impl.RoleInfo (RoleInfo.java:updateAndGet(143)) - a54795b0-6c9c-4137-a866-f82f653c9bf9: start LeaderElection
2019-10-19 01:04:34,807 [a54795b0-6c9c-4137-a866-f82f653c9bf9@group-FB3B7D7D89E3-LeaderElection115] INFO  impl.LeaderElection (LeaderElection.java:askForVotes(178)) - a54795b0-6c9c-4137-a866-f82f653c9bf9@group-FB3B7D7D89E3-LeaderElection115: begin an election at term 60 for -1: [a54795b0-6c9c-4137-a866-f82f653c9bf9:192.168.157.213:43688, b26a8d60-58dc-431d-8168-f89a9ab35f3a:192.168.157.213:35535, 16805c57-9f45-4377-8998-764a8f26e152:192.168.157.213:33728], old=null
2019-10-19 01:04:34,810 [grpc-default-executor-5] INFO  impl.RaftServerImpl (RaftServerImpl.java:setRole(184)) - b26a8d60-58dc-431d-8168-f89a9ab35f3a@group-FB3B7D7D89E3: changes role from  FOLLOWER to FOLLOWER at term 60 for recognizeCandidate:a54795b0-6c9c-4137-a866-f82f653c9bf9
2019-10-19 01:04:34,810 [grpc-default-executor-6] INFO  impl.RaftServerImpl (RaftServerImpl.java:setRole(184)) - 16805c57-9f45-4377-8998-764a8f26e152@group-FB3B7D7D89E3: changes role from  FOLLOWER to FOLLOWER at term 60 for recognizeCandidate:a54795b0-6c9c-4137-a866-f82f653c9bf9
2019-10-19 01:04:34,810 [grpc-default-executor-5] INFO  impl.RoleInfo (RoleInfo.java:shutdownFollowerState(121)) - b26a8d60-58dc-431d-8168-f89a9ab35f3a: shutdown FollowerState
2019-10-19 01:04:34,810 [grpc-default-executor-6] INFO  impl.RoleInfo (RoleInfo.java:shutdownFollowerState(121)) - 16805c57-9f45-4377-8998-764a8f26e152: shutdown FollowerState
2019-10-19 01:04:34,810 [grpc-default-executor-5] INFO  impl.RoleInfo (RoleInfo.java:updateAndGet(143)) - b26a8d60-58dc-431d-8168-f89a9ab35f3a: start FollowerState
2019-10-19 01:04:34,810 [Thread-1106] INFO  impl.FollowerState (FollowerState.java:run(117)) - b26a8d60-58dc-431d-8168-f89a9ab35f3a@group-FB3B7D7D89E3-FollowerState was interrupted: java.lang.InterruptedException: sleep interrupted
2019-10-19 01:04:34,810 [grpc-default-executor-6] INFO  impl.RoleInfo (RoleInfo.java:updateAndGet(143)) - 16805c57-9f45-4377-8998-764a8f26e152: start FollowerState
2019-10-19 01:04:34,810 [Thread-1105] INFO  impl.FollowerState (FollowerState.java:run(117)) - 16805c57-9f45-4377-8998-764a8f26e152@group-FB3B7D7D89E3-FollowerState was interrupted: java.lang.InterruptedException: sleep interrupted
2019-10-19 01:04:34,824 [a54795b0-6c9c-4137-a866-f82f653c9bf9@group-FB3B7D7D89E3-LeaderElection115] INFO  impl.LeaderElection (LeaderElection.java:logAndReturn(56)) - a54795b0-6c9c-4137-a866-f82f653c9bf9@group-FB3B7D7D89E3-LeaderElection115: Election REJECTED; received 2 response(s) [a54795b0-6c9c-4137-a866-f82f653c9bf9<-b26a8d60-58dc-431d-8168-f89a9ab35f3a#0:FAIL-t60, a54795b0-6c9c-4137-a866-f82f653c9bf9<-16805c57-9f45-4377-8998-764a8f26e152#0:FAIL-t60] and 0 exception(s); a54795b0-6c9c-4137-a866-f82f653c9bf9@group-FB3B7D7D89E3:t60, leader=null, voted=a54795b0-6c9c-4137-a866-f82f653c9bf9, raftlog=a54795b0-6c9c-4137-a866-f82f653c9bf9@group-FB3B7D7D89E3-SegmentedRaftLog:OPENED:c-1,f-1,i0, conf=-1: [a54795b0-6c9c-4137-a866-f82f653c9bf9:192.168.157.213:43688, b26a8d60-58dc-431d-8168-f89a9ab35f3a:192.168.157.213:35535, 16805c57-9f45-4377-8998-764a8f26e152:192.168.157.213:33728], old=null
2019-10-19 01:04:34,824 [a54795b0-6c9c-4137-a866-f82f653c9bf9@group-FB3B7D7D89E3-LeaderElection115] INFO  impl.RaftServerImpl (RaftServerImpl.java:setRole(184)) - a54795b0-6c9c-4137-a866-f82f653c9bf9@group-FB3B7D7D89E3: changes role from CANDIDATE to FOLLOWER at term 60 for DISCOVERED_A_NEW_TERM
2019-10-19 01:04:34,824 [a54795b0-6c9c-4137-a866-f82f653c9bf9@group-FB3B7D7D89E3-LeaderElection115] INFO  impl.RoleInfo (RoleInfo.java:shutdownLeaderElection(134)) - a54795b0-6c9c-4137-a866-f82f653c9bf9: shutdown LeaderElection
2019-10-19 01:04:34,824 [a54795b0-6c9c-4137-a866-f82f653c9bf9@group-FB3B7D7D89E3-LeaderElection115] INFO  impl.RoleInfo (RoleInfo.java:updateAndGet(143)) - a54795b0-6c9c-4137-a866-f82f653c9bf9: start FollowerState
2019-10-19 01:04:34,921 [Thread-1117] INFO  impl.FollowerState (FollowerState.java:run(108)) - a1c78c0e-869c-4f76-b4ce-2034448e0b80@group-D48B69A44692-FollowerState: change to CANDIDATE, lastRpcTime:165ms, electionTimeout:165ms
2019-10-19 01:04:34,922 [Thread-1117] INFO  impl.RoleInfo (RoleInfo.java:shutdownFollowerState(121)) - a1c78c0e-869c-4f76-b4ce-2034448e0b80: shutdown FollowerState
2019-10-19 01:04:34,922 [Thread-1117] INFO  impl.RaftServerImpl (RaftServerImpl.java:setRole(184)) - a1c78c0e-869c-4f76-b4ce-2034448e0b80@group-D48B69A44692: changes role from  FOLLOWER to CANDIDATE at term 58 for changeToCandidate
2019-10-19 01:04:34,922 [Thread-1117] INFO  impl.RoleInfo (RoleInfo.java:updateAndGet(143)) - a1c78c0e-869c-4f76-b4ce-2034448e0b80: start LeaderElection
2019-10-19 01:04:34,947 [a1c78c0e-869c-4f76-b4ce-2034448e0b80@group-D48B69A44692-LeaderElection116] INFO  impl.LeaderElection (LeaderElection.java:askForVotes(178)) - a1c78c0e-869c-4f76-b4ce-2034448e0b80@group-D48B69A44692-LeaderElection116: begin an election at term 59 for -1: [51276c3c-a3b8-4274-b089-592ff4589f41:192.168.157.213:36639, 64c90977-e867-487c-b50d-c226f2d34a76:192.168.157.213:37433, a1c78c0e-869c-4f76-b4ce-2034448e0b80:192.168.157.213:33501], old=null
2019-10-19 01:04:34,948 [Thread-1123] INFO  impl.FollowerState (FollowerState.java:run(108)) - a54795b0-6c9c-4137-a866-f82f653c9bf9@group-FB3B7D7D89E3-FollowerState: change to CANDIDATE, lastRpcTime:123ms, electionTimeout:123ms
2019-10-19 01:04:34,948 [Thread-1123] INFO  impl.RoleInfo (RoleInfo.java:shutdownFollowerState(121)) - a54795b0-6c9c-4137-a866-f82f653c9bf9: shutdown FollowerState
2019-10-19 01:04:34,948 [Thread-1123] INFO  impl.RaftServerImpl (RaftServerImpl.java:setRole(184)) - a54795b0-6c9c-4137-a866-f82f653c9bf9@group-FB3B7D7D89E3: changes role from  FOLLOWER to CANDIDATE at term 60 for changeToCandidate
2019-10-19 01:04:34,948 [Thread-1123] INFO  impl.RoleInfo (RoleInfo.java:updateAndGet(143)) - a54795b0-6c9c-4137-a866-f82f653c9bf9: start LeaderElection
2019-10-19 01:04:34,950 [grpc-default-executor-6] INFO  impl.RaftServerImpl (RaftServerImpl.java:setRole(184)) - 51276c3c-a3b8-4274-b089-592ff4589f41@group-D48B69A44692: changes role from  FOLLOWER to FOLLOWER at term 59 for recognizeCandidate:a1c78c0e-869c-4f76-b4ce-2034448e0b80
2019-10-19 01:04:34,950 [grpc-default-executor-6] INFO  impl.RoleInfo (RoleInfo.java:shutdownFollowerState(121)) - 51276c3c-a3b8-4274-b089-592ff4589f41: shutdown FollowerState
2019-10-19 01:04:34,950 [grpc-default-executor-5] INFO  impl.RaftServerImpl (RaftServerImpl.java:setRole(184)) - 64c90977-e867-487c-b50d-c226f2d34a76@group-D48B69A44692: changes role from  FOLLOWER to FOLLOWER at term 59 for recognizeCandidate:a1c78c0e-869c-4f76-b4ce-2034448e0b80
2019-10-19 01:04:34,950 [Thread-1116] INFO  impl.FollowerState (FollowerState.java:run(117)) - 51276c3c-a3b8-4274-b089-592ff4589f41@group-D48B69A44692-FollowerState was interrupted: java.lang.InterruptedException: sleep interrupted
2019-10-19 01:04:34,950 [grpc-default-executor-6] INFO  impl.RoleInfo (RoleInfo.java:updateAndGet(143)) - 51276c3c-a3b8-4274-b089-592ff4589f41: start FollowerState
2019-10-19 01:04:34,950 [grpc-default-executor-5] INFO  impl.RoleInfo (RoleInfo.java:shutdownFollowerState(121)) - 64c90977-e867-487c-b50d-c226f2d34a76: shutdown FollowerState
2019-10-19 01:04:34,951 [grpc-default-executor-5] INFO  impl.RoleInfo (RoleInfo.java:updateAndGet(143)) - 64c90977-e867-487c-b50d-c226f2d34a76: start FollowerState
2019-10-19 01:04:34,951 [Thread-1115] INFO  impl.FollowerState (FollowerState.java:run(117)) - 64c90977-e867-487c-b50d-c226f2d34a76@group-D48B69A44692-FollowerState was interrupted: java.lang.InterruptedException: sleep interrupted
2019-10-19 01:04:34,962 [a54795b0-6c9c-4137-a866-f82f653c9bf9@group-FB3B7D7D89E3-LeaderElection117] INFO  impl.LeaderElection (LeaderElection.java:askForVotes(178)) - a54795b0-6c9c-4137-a866-f82f653c9bf9@group-FB3B7D7D89E3-LeaderElection117: begin an election at term 61 for -1: [a54795b0-6c9c-4137-a866-f82f653c9bf9:192.168.157.213:43688, b26a8d60-58dc-431d-8168-f89a9ab35f3a:192.168.157.213:35535, 16805c57-9f45-4377-8998-764a8f26e152:192.168.157.213:33728], old=null
2019-10-19 01:04:34,963 [a1c78c0e-869c-4f76-b4ce-2034448e0b80@group-D48B69A44692-LeaderElection116] INFO  impl.LeaderElection (LeaderElection.java:logAndReturn(56)) - a1c78c0e-869c-4f76-b4ce-2034448e0b80@group-D48B69A44692-LeaderElection116: Election REJECTED; received 2 response(s) [a1c78c0e-869c-4f76-b4ce-2034448e0b80<-51276c3c-a3b8-4274-b089-592ff4589f41#0:FAIL-t59, a1c78c0e-869c-4f76-b4ce-2034448e0b80<-64c90977-e867-487c-b50d-c226f2d34a76#0:FAIL-t59] and 0 exception(s); a1c78c0e-869c-4f76-b4ce-2034448e0b80@group-D48B69A44692:t59, leader=null, voted=a1c78c0e-869c-4f76-b4ce-2034448e0b80, raftlog=a1c78c0e-869c-4f76-b4ce-2034448e0b80@group-D48B69A44692-SegmentedRaftLog:OPENED:c-1,f-1,i0, conf=-1: [51276c3c-a3b8-4274-b089-592ff4589f41:192.168.157.213:36639, 64c90977-e867-487c-b50d-c226f2d34a76:192.168.157.213:37433, a1c78c0e-869c-4f76-b4ce-2034448e0b80:192.168.157.213:33501], old=null
2019-10-19 01:04:34,963 [a1c78c0e-869c-4f76-b4ce-2034448e0b80@group-D48B69A44692-LeaderElection116] INFO  impl.RaftServerImpl (RaftServerImpl.java:setRole(184)) - a1c78c0e-869c-4f76-b4ce-2034448e0b80@group-D48B69A44692: changes role from CANDIDATE to FOLLOWER at term 59 for DISCOVERED_A_NEW_TERM
2019-10-19 01:04:34,963 [a1c78c0e-869c-4f76-b4ce-2034448e0b80@group-D48B69A44692-LeaderElection116] INFO  impl.RoleInfo (RoleInfo.java:shutdownLeaderElection(134)) - a1c78c0e-869c-4f76-b4ce-2034448e0b80: shutdown LeaderElection
2019-10-19 01:04:34,964 [a1c78c0e-869c-4f76-b4ce-2034448e0b80@group-D48B69A44692-LeaderElection116] INFO  impl.RoleInfo (RoleInfo.java:updateAndGet(143)) - a1c78c0e-869c-4f76-b4ce-2034448e0b80: start FollowerState
2019-10-19 01:04:34,964 [grpc-default-executor-6] INFO  impl.RaftServerImpl (RaftServerImpl.java:setRole(184)) - b26a8d60-58dc-431d-8168-f89a9ab35f3a@group-FB3B7D7D89E3: changes role from  FOLLOWER to FOLLOWER at term 61 for recognizeCandidate:a54795b0-6c9c-4137-a866-f82f653c9bf9
2019-10-19 01:04:34,964 [grpc-default-executor-6] INFO  impl.RoleInfo (RoleInfo.java:shutdownFollowerState(121)) - b26a8d60-58dc-431d-8168-f89a9ab35f3a: shutdown FollowerState
2019-10-19 01:04:34,964 [grpc-default-executor-5] INFO  impl.RaftServerImpl (RaftServerImpl.java:setRole(184)) - 16805c57-9f45-4377-8998-764a8f26e152@group-FB3B7D7D89E3: changes role from  FOLLOWER to FOLLOWER at term 61 for recognizeCandidate:a54795b0-6c9c-4137-a866-f82f653c9bf9
2019-10-19 01:04:34,964 [grpc-default-executor-6] INFO  impl.RoleInfo (RoleInfo.java:updateAndGet(143)) - b26a8d60-58dc-431d-8168-f89a9ab35f3a: start FollowerState
2019-10-19 01:04:34,965 [Thread-1121] INFO  impl.FollowerState (FollowerState.java:run(117)) - b26a8d60-58dc-431d-8168-f89a9ab35f3a@group-FB3B7D7D89E3-FollowerState was interrupted: java.lang.InterruptedException: sleep interrupted
2019-10-19 01:04:34,965 [grpc-default-executor-5] INFO  impl.RoleInfo (RoleInfo.java:shutdownFollowerState(121)) - 16805c57-9f45-4377-8998-764a8f26e152: shutdown FollowerState
2019-10-19 01:04:34,965 [grpc-default-executor-5] INFO  impl.RoleInfo (RoleInfo.java:updateAndGet(143)) - 16805c57-9f45-4377-8998-764a8f26e152: start FollowerState
2019-10-19 01:04:34,965 [Thread-1122] INFO  impl.FollowerState (FollowerState.java:run(117)) - 16805c57-9f45-4377-8998-764a8f26e152@group-FB3B7D7D89E3-FollowerState was interrupted: java.lang.InterruptedException: sleep interrupted
2019-10-19 01:04:34,980 [a54795b0-6c9c-4137-a866-f82f653c9bf9@group-FB3B7D7D89E3-LeaderElection117] INFO  impl.LeaderElection (LeaderElection.java:logAndReturn(56)) - a54795b0-6c9c-4137-a866-f82f653c9bf9@group-FB3B7D7D89E3-LeaderElection117: Election REJECTED; received 2 response(s) [a54795b0-6c9c-4137-a866-f82f653c9bf9<-b26a8d60-58dc-431d-8168-f89a9ab35f3a#0:FAIL-t61, a54795b0-6c9c-4137-a866-f82f653c9bf9<-16805c57-9f45-4377-8998-764a8f26e152#0:FAIL-t61] and 0 exception(s); a54795b0-6c9c-4137-a866-f82f653c9bf9@group-FB3B7D7D89E3:t61, leader=null, voted=a54795b0-6c9c-4137-a866-f82f653c9bf9, raftlog=a54795b0-6c9c-4137-a866-f82f653c9bf9@group-FB3B7D7D89E3-SegmentedRaftLog:OPENED:c-1,f-1,i0, conf=-1: [a54795b0-6c9c-4137-a866-f82f653c9bf9:192.168.157.213:43688, b26a8d60-58dc-431d-8168-f89a9ab35f3a:192.168.157.213:35535, 16805c57-9f45-4377-8998-764a8f26e152:192.168.157.213:33728], old=null
2019-10-19 01:04:34,980 [a54795b0-6c9c-4137-a866-f82f653c9bf9@group-FB3B7D7D89E3-LeaderElection117] INFO  impl.RaftServerImpl (RaftServerImpl.java:setRole(184)) - a54795b0-6c9c-4137-a866-f82f653c9bf9@group-FB3B7D7D89E3: changes role from CANDIDATE to FOLLOWER at term 61 for DISCOVERED_A_NEW_TERM
2019-10-19 01:04:34,980 [a54795b0-6c9c-4137-a866-f82f653c9bf9@group-FB3B7D7D89E3-LeaderElection117] INFO  impl.RoleInfo (RoleInfo.java:shutdownLeaderElection(134)) - a54795b0-6c9c-4137-a866-f82f653c9bf9: shutdown LeaderElection
2019-10-19 01:04:34,980 [a54795b0-6c9c-4137-a866-f82f653c9bf9@group-FB3B7D7D89E3-LeaderElection117] INFO  impl.RoleInfo (RoleInfo.java:updateAndGet(143)) - a54795b0-6c9c-4137-a866-f82f653c9bf9: start FollowerState
2019-10-19 01:04:34,986 [Thread-1137] INFO  impl.FollowerState (FollowerState.java:run(108)) - a54795b0-6c9c-4137-a866-f82f653c9bf9@group-FB3B7D7D89E3-FollowerState: change to CANDIDATE, lastRpcTime:6ms, electionTimeout:6ms
2019-10-19 01:04:34,987 [Thread-1137] INFO  impl.RoleInfo (RoleInfo.java:shutdownFollowerState(121)) - a54795b0-6c9c-4137-a866-f82f653c9bf9: shutdown FollowerState
2019-10-19 01:04:34,987 [Thread-1137] INFO  impl.RaftServerImpl (RaftServerImpl.java:setRole(184)) - a54795b0-6c9c-4137-a866-f82f653c9bf9@group-FB3B7D7D89E3: changes role from  FOLLOWER to CANDIDATE at term 61 for changeToCandidate
2019-10-19 01:04:34,987 [Thread-1137] INFO  impl.RoleInfo (RoleInfo.java:updateAndGet(143)) - a54795b0-6c9c-4137-a866-f82f653c9bf9: start LeaderElection
2019-10-19 01:04:35,000 [a54795b0-6c9c-4137-a866-f82f653c9bf9@group-FB3B7D7D89E3-LeaderElection118] INFO  impl.LeaderElection (LeaderElection.java:askForVotes(178)) - a54795b0-6c9c-4137-a866-f82f653c9bf9@group-FB3B7D7D89E3-LeaderElection118: begin an election at term 62 for -1: [a54795b0-6c9c-4137-a866-f82f653c9bf9:192.168.157.213:43688, b26a8d60-58dc-431d-8168-f89a9ab35f3a:192.168.157.213:35535, 16805c57-9f45-4377-8998-764a8f26e152:192.168.157.213:33728], old=null
2019-10-19 01:04:35,002 [grpc-default-executor-5] INFO  impl.RaftServerImpl (RaftServerImpl.java:setRole(184)) - b26a8d60-58dc-431d-8168-f89a9ab35f3a@group-FB3B7D7D89E3: changes role from  FOLLOWER to FOLLOWER at term 62 for recognizeCandidate:a54795b0-6c9c-4137-a866-f82f653c9bf9
2019-10-19 01:04:35,002 [grpc-default-executor-5] INFO  impl.RoleInfo (RoleInfo.java:shutdownFollowerState(121)) - b26a8d60-58dc-431d-8168-f89a9ab35f3a: shutdown FollowerState
2019-10-19 01:04:35,002 [grpc-default-executor-6] INFO  impl.RaftServerImpl (RaftServerImpl.java:setRole(184)) - 16805c57-9f45-4377-8998-764a8f26e152@group-FB3B7D7D89E3: changes role from  FOLLOWER to FOLLOWER at term 62 for recognizeCandidate:a54795b0-6c9c-4137-a866-f82f653c9bf9
2019-10-19 01:04:35,002 [Thread-1135] INFO  impl.FollowerState (FollowerState.java:run(117)) - b26a8d60-58dc-431d-8168-f89a9ab35f3a@group-FB3B7D7D89E3-FollowerState was interrupted: java.lang.InterruptedException: sleep interrupted
2019-10-19 01:04:35,002 [grpc-default-executor-5] INFO  impl.RoleInfo (RoleInfo.java:updateAndGet(143)) - b26a8d60-58dc-431d-8168-f89a9ab35f3a: start FollowerState
2019-10-19 01:04:35,002 [grpc-default-executor-6] INFO  impl.RoleInfo (RoleInfo.java:shutdownFollowerState(121)) - 16805c57-9f45-4377-8998-764a8f26e152: shutdown FollowerState
2019-10-19 01:04:35,003 [grpc-default-executor-6] INFO  impl.RoleInfo (RoleInfo.java:updateAndGet(143)) - 16805c57-9f45-4377-8998-764a8f26e152: start FollowerState
2019-10-19 01:04:35,003 [Thread-1136] INFO  impl.FollowerState (FollowerState.java:run(117)) - 16805c57-9f45-4377-8998-764a8f26e152@group-FB3B7D7D89E3-FollowerState was interrupted: java.lang.InterruptedException: sleep interrupted
2019-10-19 01:04:35,021 [a54795b0-6c9c-4137-a866-f82f653c9bf9@group-FB3B7D7D89E3-LeaderElection118] INFO  impl.LeaderElection (LeaderElection.java:logAndReturn(56)) - a54795b0-6c9c-4137-a866-f82f653c9bf9@group-FB3B7D7D89E3-LeaderElection118: Election REJECTED; received 2 response(s) [a54795b0-6c9c-4137-a866-f82f653c9bf9<-b26a8d60-58dc-431d-8168-f89a9ab35f3a#0:FAIL-t62, a54795b0-6c9c-4137-a866-f82f653c9bf9<-16805c57-9f45-4377-8998-764a8f26e152#0:FAIL-t62] and 0 exception(s); a54795b0-6c9c-4137-a866-f82f653c9bf9@group-FB3B7D7D89E3:t62, leader=null, voted=a54795b0-6c9c-4137-a866-f82f653c9bf9, raftlog=a54795b0-6c9c-4137-a866-f82f653c9bf9@group-FB3B7D7D89E3-SegmentedRaftLog:OPENED:c-1,f-1,i0, conf=-1: [a54795b0-6c9c-4137-a866-f82f653c9bf9:192.168.157.213:43688, b26a8d60-58dc-431d-8168-f89a9ab35f3a:192.168.157.213:35535, 16805c57-9f45-4377-8998-764a8f26e152:192.168.157.213:33728], old=null
2019-10-19 01:04:35,023 [a54795b0-6c9c-4137-a866-f82f653c9bf9@group-FB3B7D7D89E3-LeaderElection118] INFO  impl.RaftServerImpl (RaftServerImpl.java:setRole(184)) - a54795b0-6c9c-4137-a866-f82f653c9bf9@group-FB3B7D7D89E3: changes role from CANDIDATE to FOLLOWER at term 62 for DISCOVERED_A_NEW_TERM
2019-10-19 01:04:35,023 [a54795b0-6c9c-4137-a866-f82f653c9bf9@group-FB3B7D7D89E3-LeaderElection118] INFO  impl.RoleInfo (RoleInfo.java:shutdownLeaderElection(134)) - a54795b0-6c9c-4137-a866-f82f653c9bf9: shutdown LeaderElection
2019-10-19 01:04:35,027 [a54795b0-6c9c-4137-a866-f82f653c9bf9@group-FB3B7D7D89E3-LeaderElection118] INFO  impl.RoleInfo (RoleInfo.java:updateAndGet(143)) - a54795b0-6c9c-4137-a866-f82f653c9bf9: start FollowerState
2019-10-19 01:04:35,091 [Thread-1134] INFO  impl.FollowerState (FollowerState.java:run(108)) - a1c78c0e-869c-4f76-b4ce-2034448e0b80@group-D48B69A44692-FollowerState: change to CANDIDATE, lastRpcTime:127ms, electionTimeout:127ms
2019-10-19 01:04:35,091 [Thread-1134] INFO  impl.RoleInfo (RoleInfo.java:shutdownFollowerState(121)) - a1c78c0e-869c-4f76-b4ce-2034448e0b80: shutdown FollowerState
2019-10-19 01:04:35,091 [Thread-1134] INFO  impl.RaftServerImpl (RaftServerImpl.java:setRole(184)) - a1c78c0e-869c-4f76-b4ce-2034448e0b80@group-D48B69A44692: changes role from  FOLLOWER to CANDIDATE at term 59 for changeToCandidate
2019-10-19 01:04:35,092 [Thread-1134] INFO  impl.RoleInfo (RoleInfo.java:updateAndGet(143)) - a1c78c0e-869c-4f76-b4ce-2034448e0b80: start LeaderElection
2019-10-19 01:04:35,106 [a1c78c0e-869c-4f76-b4ce-2034448e0b80@group-D48B69A44692-LeaderElection119] INFO  impl.LeaderElection (LeaderElection.java:askForVotes(178)) - a1c78c0e-869c-4f76-b4ce-2034448e0b80@group-D48B69A44692-LeaderElection119: begin an election at term 60 for -1: [51276c3c-a3b8-4274-b089-592ff4589f41:192.168.157.213:36639, 64c90977-e867-487c-b50d-c226f2d34a76:192.168.157.213:37433, a1c78c0e-869c-4f76-b4ce-2034448e0b80:192.168.157.213:33501], old=null
2019-10-19 01:04:35,109 [grpc-default-executor-5] INFO  impl.RaftServerImpl (RaftServerImpl.java:setRole(184)) - 64c90977-e867-487c-b50d-c226f2d34a76@group-D48B69A44692: changes role from  FOLLOWER to FOLLOWER at term 60 for recognizeCandidate:a1c78c0e-869c-4f76-b4ce-2034448e0b80
2019-10-19 01:04:35,109 [grpc-default-executor-6] INFO  impl.RaftServerImpl (RaftServerImpl.java:setRole(184)) - 51276c3c-a3b8-4274-b089-592ff4589f41@group-D48B69A44692: changes role from  FOLLOWER to FOLLOWER at term 60 for recognizeCandidate:a1c78c0e-869c-4f76-b4ce-2034448e0b80
2019-10-19 01:04:35,109 [grpc-default-executor-5] INFO  impl.RoleInfo (RoleInfo.java:shutdownFollowerState(121)) - 64c90977-e867-487c-b50d-c226f2d34a76: shutdown FollowerState
2019-10-19 01:04:35,109 [grpc-default-executor-6] INFO  impl.RoleInfo (RoleInfo.java:shutdownFollowerState(121)) - 51276c3c-a3b8-4274-b089-592ff4589f41: shutdown FollowerState
2019-10-19 01:04:35,110 [grpc-default-executor-5] INFO  impl.RoleInfo (RoleInfo.java:updateAndGet(143)) - 64c90977-e867-487c-b50d-c226f2d34a76: start FollowerState
2019-10-19 01:04:35,110 [Thread-1130] INFO  impl.FollowerState (FollowerState.java:run(117)) - 51276c3c-a3b8-4274-b089-592ff4589f41@group-D48B69A44692-FollowerState was interrupted: java.lang.InterruptedException: sleep interrupted
2019-10-19 01:04:35,110 [Thread-1131] INFO  impl.FollowerState (FollowerState.java:run(117)) - 64c90977-e867-487c-b50d-c226f2d34a76@group-D48B69A44692-FollowerState was interrupted: java.lang.InterruptedException: sleep interrupted
2019-10-19 01:04:35,110 [grpc-default-executor-6] INFO  impl.RoleInfo (RoleInfo.java:updateAndGet(143)) - 51276c3c-a3b8-4274-b089-592ff4589f41: start FollowerState
2019-10-19 01:04:35,129 [a1c78c0e-869c-4f76-b4ce-2034448e0b80@group-D48B69A44692-LeaderElection119] INFO  impl.LeaderElection (LeaderElection.java:logAndReturn(56)) - a1c78c0e-869c-4f76-b4ce-2034448e0b80@group-D48B69A44692-LeaderElection119: Election REJECTED; received 2 response(s) [a1c78c0e-869c-4f76-b4ce-2034448e0b80<-51276c3c-a3b8-4274-b089-592ff4589f41#0:FAIL-t60, a1c78c0e-869c-4f76-b4ce-2034448e0b80<-64c90977-e867-487c-b50d-c226f2d34a76#0:FAIL-t60] and 0 exception(s); a1c78c0e-869c-4f76-b4ce-2034448e0b80@group-D48B69A44692:t60, leader=null, voted=a1c78c0e-869c-4f76-b4ce-2034448e0b80, raftlog=a1c78c0e-869c-4f76-b4ce-2034448e0b80@group-D48B69A44692-SegmentedRaftLog:OPENED:c-1,f-1,i0, conf=-1: [51276c3c-a3b8-4274-b089-592ff4589f41:192.168.157.213:36639, 64c90977-e867-487c-b50d-c226f2d34a76:192.168.157.213:37433, a1c78c0e-869c-4f76-b4ce-2034448e0b80:192.168.157.213:33501], old=null
2019-10-19 01:04:35,130 [a1c78c0e-869c-4f76-b4ce-2034448e0b80@group-D48B69A44692-LeaderElection119] INFO  impl.RaftServerImpl (RaftServerImpl.java:setRole(184)) - a1c78c0e-869c-4f76-b4ce-2034448e0b80@group-D48B69A44692: changes role from CANDIDATE to FOLLOWER at term 60 for DISCOVERED_A_NEW_TERM
2019-10-19 01:04:35,130 [a1c78c0e-869c-4f76-b4ce-2034448e0b80@group-D48B69A44692-LeaderElection119] INFO  impl.RoleInfo (RoleInfo.java:shutdownLeaderElection(134)) - a1c78c0e-869c-4f76-b4ce-2034448e0b80: shutdown LeaderElection
2019-10-19 01:04:35,130 [a1c78c0e-869c-4f76-b4ce-2034448e0b80@group-D48B69A44692-LeaderElection119] INFO  impl.RoleInfo (RoleInfo.java:updateAndGet(143)) - a1c78c0e-869c-4f76-b4ce-2034448e0b80: start FollowerState
2019-10-19 01:04:35,145 [Thread-1145] INFO  impl.FollowerState (FollowerState.java:run(108)) - a54795b0-6c9c-4137-a866-f82f653c9bf9@group-FB3B7D7D89E3-FollowerState: change to CANDIDATE, lastRpcTime:117ms, electionTimeout:116ms
2019-10-19 01:04:35,145 [Thread-1145] INFO  impl.RoleInfo (RoleInfo.java:shutdownFollowerState(121)) - a54795b0-6c9c-4137-a866-f82f653c9bf9: shutdown FollowerState
2019-10-19 01:04:35,145 [Thread-1145] INFO  impl.RaftServerImpl (RaftServerImpl.java:setRole(184)) - a54795b0-6c9c-4137-a866-f82f653c9bf9@group-FB3B7D7D89E3: changes role from  FOLLOWER to CANDIDATE at term 62 for changeToCandidate
2019-10-19 01:04:35,145 [Thread-1145] INFO  impl.RoleInfo (RoleInfo.java:updateAndGet(143)) - a54795b0-6c9c-4137-a866-f82f653c9bf9: start LeaderElection
2019-10-19 01:04:35,158 [a54795b0-6c9c-4137-a866-f82f653c9bf9@group-FB3B7D7D89E3-LeaderElection120] INFO  impl.LeaderElection (LeaderElection.java:askForVotes(178)) - a54795b0-6c9c-4137-a866-f82f653c9bf9@group-FB3B7D7D89E3-LeaderElection120: begin an election at term 63 for -1: [a54795b0-6c9c-4137-a866-f82f653c9bf9:192.168.157.213:43688, b26a8d60-58dc-431d-8168-f89a9ab35f3a:192.168.157.213:35535, 16805c57-9f45-4377-8998-764a8f26e152:192.168.157.213:33728], old=null
2019-10-19 01:04:35,162 [grpc-default-executor-5] INFO  impl.RaftServerImpl (RaftServerImpl.java:setRole(184)) - 16805c57-9f45-4377-8998-764a8f26e152@group-FB3B7D7D89E3: changes role from  FOLLOWER to FOLLOWER at term 63 for recognizeCandidate:a54795b0-6c9c-4137-a866-f82f653c9bf9
2019-10-19 01:04:35,162 [grpc-default-executor-6] INFO  impl.RaftServerImpl (RaftServerImpl.java:setRole(184)) - b26a8d60-58dc-431d-8168-f89a9ab35f3a@group-FB3B7D7D89E3: changes role from  FOLLOWER to FOLLOWER at term 63 for recognizeCandidate:a54795b0-6c9c-4137-a866-f82f653c9bf9
2019-10-19 01:04:35,162 [grpc-default-executor-6] INFO  impl.RoleInfo (RoleInfo.java:shutdownFollowerState(121)) - b26a8d60-58dc-431d-8168-f89a9ab35f3a: shutdown FollowerState
2019-10-19 01:04:35,162 [grpc-default-executor-5] INFO  impl.RoleInfo (RoleInfo.java:shutdownFollowerState(121)) - 16805c57-9f45-4377-8998-764a8f26e152: shutdown FollowerState
2019-10-19 01:04:35,162 [grpc-default-executor-6] INFO  impl.RoleInfo (RoleInfo.java:updateAndGet(143)) - b26a8d60-58dc-431d-8168-f89a9ab35f3a: start FollowerState
2019-10-19 01:04:35,163 [Thread-1142] INFO  impl.FollowerState (FollowerState.java:run(117)) - 16805c57-9f45-4377-8998-764a8f26e152@group-FB3B7D7D89E3-FollowerState was interrupted: java.lang.InterruptedException: sleep interrupted
2019-10-19 01:04:35,162 [Thread-1141] INFO  impl.FollowerState (FollowerState.java:run(117)) - b26a8d60-58dc-431d-8168-f89a9ab35f3a@group-FB3B7D7D89E3-FollowerState was interrupted: java.lang.InterruptedException: sleep interrupted
2019-10-19 01:04:35,163 [grpc-default-executor-5] INFO  impl.RoleInfo (RoleInfo.java:updateAndGet(143)) - 16805c57-9f45-4377-8998-764a8f26e152: start FollowerState
2019-10-19 01:04:35,176 [a54795b0-6c9c-4137-a866-f82f653c9bf9@group-FB3B7D7D89E3-LeaderElection120] INFO  impl.LeaderElection (LeaderElection.java:logAndReturn(56)) - a54795b0-6c9c-4137-a866-f82f653c9bf9@group-FB3B7D7D89E3-LeaderElection120: Election REJECTED; received 2 response(s) [a54795b0-6c9c-4137-a866-f82f653c9bf9<-b26a8d60-58dc-431d-8168-f89a9ab35f3a#0:FAIL-t63, a54795b0-6c9c-4137-a866-f82f653c9bf9<-16805c57-9f45-4377-8998-764a8f26e152#0:FAIL-t63] and 0 exception(s); a54795b0-6c9c-4137-a866-f82f653c9bf9@group-FB3B7D7D89E3:t63, leader=null, voted=a54795b0-6c9c-4137-a866-f82f653c9bf9, raftlog=a54795b0-6c9c-4137-a866-f82f653c9bf9@group-FB3B7D7D89E3-SegmentedRaftLog:OPENED:c-1,f-1,i0, conf=-1: [a54795b0-6c9c-4137-a866-f82f653c9bf9:192.168.157.213:43688, b26a8d60-58dc-431d-8168-f89a9ab35f3a:192.168.157.213:35535, 16805c57-9f45-4377-8998-764a8f26e152:192.168.157.213:33728], old=null
2019-10-19 01:04:35,176 [a54795b0-6c9c-4137-a866-f82f653c9bf9@group-FB3B7D7D89E3-LeaderElection120] INFO  impl.RaftServerImpl (RaftServerImpl.java:setRole(184)) - a54795b0-6c9c-4137-a866-f82f653c9bf9@group-FB3B7D7D89E3: changes role from CANDIDATE to FOLLOWER at term 63 for DISCOVERED_A_NEW_TERM
2019-10-19 01:04:35,176 [a54795b0-6c9c-4137-a866-f82f653c9bf9@group-FB3B7D7D89E3-LeaderElection120] INFO  impl.RoleInfo (RoleInfo.java:shutdownLeaderElection(134)) - a54795b0-6c9c-4137-a866-f82f653c9bf9: shutdown LeaderElection
2019-10-19 01:04:35,176 [a54795b0-6c9c-4137-a866-f82f653c9bf9@group-FB3B7D7D89E3-LeaderElection120] INFO  impl.RoleInfo (RoleInfo.java:updateAndGet(143)) - a54795b0-6c9c-4137-a866-f82f653c9bf9: start FollowerState
2019-10-19 01:04:35,204 [Thread-1151] INFO  impl.FollowerState (FollowerState.java:run(108)) - a1c78c0e-869c-4f76-b4ce-2034448e0b80@group-D48B69A44692-FollowerState: change to CANDIDATE, lastRpcTime:74ms, electionTimeout:74ms
2019-10-19 01:04:35,204 [Thread-1151] INFO  impl.RoleInfo (RoleInfo.java:shutdownFollowerState(121)) - a1c78c0e-869c-4f76-b4ce-2034448e0b80: shutdown FollowerState
2019-10-19 01:04:35,204 [Thread-1151] INFO  impl.RaftServerImpl (RaftServerImpl.java:setRole(184)) - a1c78c0e-869c-4f76-b4ce-2034448e0b80@group-D48B69A44692: changes role from  FOLLOWER to CANDIDATE at term 60 for changeToCandidate
2019-10-19 01:04:35,205 [Thread-1151] INFO  impl.RoleInfo (RoleInfo.java:updateAndGet(143)) - a1c78c0e-869c-4f76-b4ce-2034448e0b80: start LeaderElection
2019-10-19 01:04:35,218 [a1c78c0e-869c-4f76-b4ce-2034448e0b80@group-D48B69A44692-LeaderElection121] INFO  impl.LeaderElection (LeaderElection.java:askForVotes(178)) - a1c78c0e-869c-4f76-b4ce-2034448e0b80@group-D48B69A44692-LeaderElection121: begin an election at term 61 for -1: [51276c3c-a3b8-4274-b089-592ff4589f41:192.168.157.213:36639, 64c90977-e867-487c-b50d-c226f2d34a76:192.168.157.213:37433, a1c78c0e-869c-4f76-b4ce-2034448e0b80:192.168.157.213:33501], old=null
2019-10-19 01:04:35,220 [grpc-default-executor-6] INFO  impl.RaftServerImpl (RaftServerImpl.java:setRole(184)) - 64c90977-e867-487c-b50d-c226f2d34a76@group-D48B69A44692: changes role from  FOLLOWER to FOLLOWER at term 61 for recognizeCandidate:a1c78c0e-869c-4f76-b4ce-2034448e0b80
2019-10-19 01:04:35,221 [grpc-default-executor-6] INFO  impl.RoleInfo (RoleInfo.java:shutdownFollowerState(121)) - 64c90977-e867-487c-b50d-c226f2d34a76: shutdown FollowerState
2019-10-19 01:04:35,221 [grpc-default-executor-5] INFO  impl.RaftServerImpl (RaftServerImpl.java:setRole(184)) - 51276c3c-a3b8-4274-b089-592ff4589f41@group-D48B69A44692: changes role from  FOLLOWER to FOLLOWER at term 61 for recognizeCandidate:a1c78c0e-869c-4f76-b4ce-2034448e0b80
2019-10-19 01:04:35,221 [grpc-default-executor-5] INFO  impl.RoleInfo (RoleInfo.java:shutdownFollowerState(121)) - 51276c3c-a3b8-4274-b089-592ff4589f41: shutdown FollowerState
2019-10-19 01:04:35,221 [grpc-default-executor-6] INFO  impl.RoleInfo (RoleInfo.java:updateAndGet(143)) - 64c90977-e867-487c-b50d-c226f2d34a76: start FollowerState
2019-10-19 01:04:35,221 [Thread-1149] INFO  impl.FollowerState (FollowerState.java:run(117)) - 64c90977-e867-487c-b50d-c226f2d34a76@group-D48B69A44692-FollowerState was interrupted: java.lang.InterruptedException: sleep interrupted
2019-10-19 01:04:35,221 [Thread-1150] INFO  impl.FollowerState (FollowerState.java:run(117)) - 51276c3c-a3b8-4274-b089-592ff4589f41@group-D48B69A44692-FollowerState was interrupted: java.lang.InterruptedException: sleep interrupted
2019-10-19 01:04:35,221 [grpc-default-executor-5] INFO  impl.RoleInfo (RoleInfo.java:updateAndGet(143)) - 51276c3c-a3b8-4274-b089-592ff4589f41: start FollowerState
2019-10-19 01:04:35,236 [a1c78c0e-869c-4f76-b4ce-2034448e0b80@group-D48B69A44692-LeaderElection121] INFO  impl.LeaderElection (LeaderElection.java:logAndReturn(56)) - a1c78c0e-869c-4f76-b4ce-2034448e0b80@group-D48B69A44692-LeaderElection121: Election REJECTED; received 2 response(s) [a1c78c0e-869c-4f76-b4ce-2034448e0b80<-51276c3c-a3b8-4274-b089-592ff4589f41#0:FAIL-t61, a1c78c0e-869c-4f76-b4ce-2034448e0b80<-64c90977-e867-487c-b50d-c226f2d34a76#0:FAIL-t61] and 0 exception(s); a1c78c0e-869c-4f76-b4ce-2034448e0b80@group-D48B69A44692:t61, leader=null, voted=a1c78c0e-869c-4f76-b4ce-2034448e0b80, raftlog=a1c78c0e-869c-4f76-b4ce-2034448e0b80@group-D48B69A44692-SegmentedRaftLog:OPENED:c-1,f-1,i0, conf=-1: [51276c3c-a3b8-4274-b089-592ff4589f41:192.168.157.213:36639, 64c90977-e867-487c-b50d-c226f2d34a76:192.168.157.213:37433, a1c78c0e-869c-4f76-b4ce-2034448e0b80:192.168.157.213:33501], old=null
2019-10-19 01:04:35,236 [a1c78c0e-869c-4f76-b4ce-2034448e0b80@group-D48B69A44692-LeaderElection121] INFO  impl.RaftServerImpl (RaftServerImpl.java:setRole(184)) - a1c78c0e-869c-4f76-b4ce-2034448e0b80@group-D48B69A44692: changes role from CANDIDATE to FOLLOWER at term 61 for DISCOVERED_A_NEW_TERM
2019-10-19 01:04:35,236 [a1c78c0e-869c-4f76-b4ce-2034448e0b80@group-D48B69A44692-LeaderElection121] INFO  impl.RoleInfo (RoleInfo.java:shutdownLeaderElection(134)) - a1c78c0e-869c-4f76-b4ce-2034448e0b80: shutdown LeaderElection
2019-10-19 01:04:35,236 [a1c78c0e-869c-4f76-b4ce-2034448e0b80@group-D48B69A44692-LeaderElection121] INFO  impl.RoleInfo (RoleInfo.java:updateAndGet(143)) - a1c78c0e-869c-4f76-b4ce-2034448e0b80: start FollowerState
2019-10-19 01:04:35,239 [Thread-1157] INFO  impl.FollowerState (FollowerState.java:run(108)) - a54795b0-6c9c-4137-a866-f82f653c9bf9@group-FB3B7D7D89E3-FollowerState: change to CANDIDATE, lastRpcTime:62ms, electionTimeout:62ms
2019-10-19 01:04:35,239 [Thread-1157] INFO  impl.RoleInfo (RoleInfo.java:shutdownFollowerState(121)) - a54795b0-6c9c-4137-a866-f82f653c9bf9: shutdown FollowerState
2019-10-19 01:04:35,239 [Thread-1157] INFO  impl.RaftServerImpl (RaftServerImpl.java:setRole(184)) - a54795b0-6c9c-4137-a866-f82f653c9bf9@group-FB3B7D7D89E3: changes role from  FOLLOWER to CANDIDATE at term 63 for changeToCandidate
2019-10-19 01:04:35,239 [Thread-1157] INFO  impl.RoleInfo (RoleInfo.java:updateAndGet(143)) - a54795b0-6c9c-4137-a866-f82f653c9bf9: start LeaderElection
2019-10-19 01:04:35,252 [a54795b0-6c9c-4137-a866-f82f653c9bf9@group-FB3B7D7D89E3-LeaderElection122] INFO  impl.LeaderElection (LeaderElection.java:askForVotes(178)) - a54795b0-6c9c-4137-a866-f82f653c9bf9@group-FB3B7D7D89E3-LeaderElection122: begin an election at term 64 for -1: [a54795b0-6c9c-4137-a866-f82f653c9bf9:192.168.157.213:43688, b26a8d60-58dc-431d-8168-f89a9ab35f3a:192.168.157.213:35535, 16805c57-9f45-4377-8998-764a8f26e152:192.168.157.213:33728], old=null
2019-10-19 01:04:35,254 [grpc-default-executor-6] INFO  impl.RaftServerImpl (RaftServerImpl.java:setRole(184)) - b26a8d60-58dc-431d-8168-f89a9ab35f3a@group-FB3B7D7D89E3: changes role from  FOLLOWER to FOLLOWER at term 64 for recognizeCandidate:a54795b0-6c9c-4137-a866-f82f653c9bf9
2019-10-19 01:04:35,254 [grpc-default-executor-6] INFO  impl.RoleInfo (RoleInfo.java:shutdownFollowerState(121)) - b26a8d60-58dc-431d-8168-f89a9ab35f3a: shutdown FollowerState
2019-10-19 01:04:35,255 [grpc-default-executor-6] INFO  impl.RoleInfo (RoleInfo.java:updateAndGet(143)) - b26a8d60-58dc-431d-8168-f89a9ab35f3a: start FollowerState
2019-10-19 01:04:35,255 [Thread-1155] INFO  impl.FollowerState (FollowerState.java:run(117)) - b26a8d60-58dc-431d-8168-f89a9ab35f3a@group-FB3B7D7D89E3-FollowerState was interrupted: java.lang.InterruptedException: sleep interrupted
2019-10-19 01:04:35,255 [grpc-default-executor-5] INFO  impl.RaftServerImpl (RaftServerImpl.java:setRole(184)) - 16805c57-9f45-4377-8998-764a8f26e152@group-FB3B7D7D89E3: changes role from  FOLLOWER to FOLLOWER at term 64 for recognizeCandidate:a54795b0-6c9c-4137-a866-f82f653c9bf9
2019-10-19 01:04:35,255 [grpc-default-executor-5] INFO  impl.RoleInfo (RoleInfo.java:shutdownFollowerState(121)) - 16805c57-9f45-4377-8998-764a8f26e152: shutdown FollowerState
2019-10-19 01:04:35,255 [grpc-default-executor-5] INFO  impl.RoleInfo (RoleInfo.java:updateAndGet(143)) - 16805c57-9f45-4377-8998-764a8f26e152: start FollowerState
2019-10-19 01:04:35,255 [Thread-1156] INFO  impl.FollowerState (FollowerState.java:run(117)) - 16805c57-9f45-4377-8998-764a8f26e152@group-FB3B7D7D89E3-FollowerState was interrupted: java.lang.InterruptedException: sleep interrupted
2019-10-19 01:04:35,269 [a54795b0-6c9c-4137-a866-f82f653c9bf9@group-FB3B7D7D89E3-LeaderElection122] INFO  impl.LeaderElection (LeaderElection.java:logAndReturn(56)) - a54795b0-6c9c-4137-a866-f82f653c9bf9@group-FB3B7D7D89E3-LeaderElection122: Election REJECTED; received 2 response(s) [a54795b0-6c9c-4137-a866-f82f653c9bf9<-b26a8d60-58dc-431d-8168-f89a9ab35f3a#0:FAIL-t64, a54795b0-6c9c-4137-a866-f82f653c9bf9<-16805c57-9f45-4377-8998-764a8f26e152#0:FAIL-t64] and 0 exception(s); a54795b0-6c9c-4137-a866-f82f653c9bf9@group-FB3B7D7D89E3:t64, leader=null, voted=a54795b0-6c9c-4137-a866-f82f653c9bf9, raftlog=a54795b0-6c9c-4137-a866-f82f653c9bf9@group-FB3B7D7D89E3-SegmentedRaftLog:OPENED:c-1,f-1,i0, conf=-1: [a54795b0-6c9c-4137-a866-f82f653c9bf9:192.168.157.213:43688, b26a8d60-58dc-431d-8168-f89a9ab35f3a:192.168.157.213:35535, 16805c57-9f45-4377-8998-764a8f26e152:192.168.157.213:33728], old=null
2019-10-19 01:04:35,269 [a54795b0-6c9c-4137-a866-f82f653c9bf9@group-FB3B7D7D89E3-LeaderElection122] INFO  impl.RaftServerImpl (RaftServerImpl.java:setRole(184)) - a54795b0-6c9c-4137-a866-f82f653c9bf9@group-FB3B7D7D89E3: changes role from CANDIDATE to FOLLOWER at term 64 for DISCOVERED_A_NEW_TERM
2019-10-19 01:04:35,269 [a54795b0-6c9c-4137-a866-f82f653c9bf9@group-FB3B7D7D89E3-LeaderElection122] INFO  impl.RoleInfo (RoleInfo.java:shutdownLeaderElection(134)) - a54795b0-6c9c-4137-a866-f82f653c9bf9: shutdown LeaderElection
2019-10-19 01:04:35,269 [a54795b0-6c9c-4137-a866-f82f653c9bf9@group-FB3B7D7D89E3-LeaderElection122] INFO  impl.RoleInfo (RoleInfo.java:updateAndGet(143)) - a54795b0-6c9c-4137-a866-f82f653c9bf9: start FollowerState
2019-10-19 01:04:35,359 [Thread-1163] INFO  impl.FollowerState (FollowerState.java:run(108)) - a1c78c0e-869c-4f76-b4ce-2034448e0b80@group-D48B69A44692-FollowerState: change to CANDIDATE, lastRpcTime:122ms, electionTimeout:122ms
2019-10-19 01:04:35,359 [Thread-1163] INFO  impl.RoleInfo (RoleInfo.java:shutdownFollowerState(121)) - a1c78c0e-869c-4f76-b4ce-2034448e0b80: shutdown FollowerState
2019-10-19 01:04:35,359 [Thread-1163] INFO  impl.RaftServerImpl (RaftServerImpl.java:setRole(184)) - a1c78c0e-869c-4f76-b4ce-2034448e0b80@group-D48B69A44692: changes role from  FOLLOWER to CANDIDATE at term 61 for changeToCandidate
2019-10-19 01:04:35,359 [Thread-1163] INFO  impl.RoleInfo (RoleInfo.java:updateAndGet(143)) - a1c78c0e-869c-4f76-b4ce-2034448e0b80: start LeaderElection
2019-10-19 01:04:35,373 [a1c78c0e-869c-4f76-b4ce-2034448e0b80@group-D48B69A44692-LeaderElection123] INFO  impl.LeaderElection (LeaderElection.java:askForVotes(178)) - a1c78c0e-869c-4f76-b4ce-2034448e0b80@group-D48B69A44692-LeaderElection123: begin an election at term 62 for -1: [51276c3c-a3b8-4274-b089-592ff4589f41:192.168.157.213:36639, 64c90977-e867-487c-b50d-c226f2d34a76:192.168.157.213:37433, a1c78c0e-869c-4f76-b4ce-2034448e0b80:192.168.157.213:33501], old=null
2019-10-19 01:04:35,375 [grpc-default-executor-6] INFO  impl.RaftServerImpl (RaftServerImpl.java:setRole(184)) - 64c90977-e867-487c-b50d-c226f2d34a76@group-D48B69A44692: changes role from  FOLLOWER to FOLLOWER at term 62 for recognizeCandidate:a1c78c0e-869c-4f76-b4ce-2034448e0b80
2019-10-19 01:04:35,375 [grpc-default-executor-5] INFO  impl.RaftServerImpl (RaftServerImpl.java:setRole(184)) - 51276c3c-a3b8-4274-b089-592ff4589f41@group-D48B69A44692: changes role from  FOLLOWER to FOLLOWER at term 62 for recognizeCandidate:a1c78c0e-869c-4f76-b4ce-2034448e0b80
2019-10-19 01:04:35,375 [grpc-default-executor-6] INFO  impl.RoleInfo (RoleInfo.java:shutdownFollowerState(121)) - 64c90977-e867-487c-b50d-c226f2d34a76: shutdown FollowerState
2019-10-19 01:04:35,376 [grpc-default-executor-5] INFO  impl.RoleInfo (RoleInfo.java:shutdownFollowerState(121)) - 51276c3c-a3b8-4274-b089-592ff4589f41: shutdown FollowerState
2019-10-19 01:04:35,376 [grpc-default-executor-6] INFO  impl.RoleInfo (RoleInfo.java:updateAndGet(143)) - 64c90977-e867-487c-b50d-c226f2d34a76: start FollowerState
2019-10-19 01:04:35,376 [Thread-1162] INFO  impl.FollowerState (FollowerState.java:run(117)) - 51276c3c-a3b8-4274-b089-592ff4589f41@group-D48B69A44692-FollowerState was interrupted: java.lang.InterruptedException: sleep interrupted
2019-10-19 01:04:35,376 [Thread-1161] INFO  impl.FollowerState (FollowerState.java:run(117)) - 64c90977-e867-487c-b50d-c226f2d34a76@group-D48B69A44692-FollowerState was interrupted: java.lang.InterruptedException: sleep interrupted
2019-10-19 01:04:35,376 [grpc-default-executor-5] INFO  impl.RoleInfo (RoleInfo.java:updateAndGet(143)) - 51276c3c-a3b8-4274-b089-592ff4589f41: start FollowerState
2019-10-19 01:04:35,395 [a1c78c0e-869c-4f76-b4ce-2034448e0b80@group-D48B69A44692-LeaderElection123] INFO  impl.LeaderElection (LeaderElection.java:logAndReturn(56)) - a1c78c0e-869c-4f76-b4ce-2034448e0b80@group-D48B69A44692-LeaderElection123: Election REJECTED; received 2 response(s) [a1c78c0e-869c-4f76-b4ce-2034448e0b80<-51276c3c-a3b8-4274-b089-592ff4589f41#0:FAIL-t62, a1c78c0e-869c-4f76-b4ce-2034448e0b80<-64c90977-e867-487c-b50d-c226f2d34a76#0:FAIL-t62] and 0 exception(s); a1c78c0e-869c-4f76-b4ce-2034448e0b80@group-D48B69A44692:t62, leader=null, voted=a1c78c0e-869c-4f76-b4ce-2034448e0b80, raftlog=a1c78c0e-869c-4f76-b4ce-2034448e0b80@group-D48B69A44692-SegmentedRaftLog:OPENED:c-1,f-1,i0, conf=-1: [51276c3c-a3b8-4274-b089-592ff4589f41:192.168.157.213:36639, 64c90977-e867-487c-b50d-c226f2d34a76:192.168.157.213:37433, a1c78c0e-869c-4f76-b4ce-2034448e0b80:192.168.157.213:33501], old=null
2019-10-19 01:04:35,396 [a1c78c0e-869c-4f76-b4ce-2034448e0b80@group-D48B69A44692-LeaderElection123] INFO  impl.RaftServerImpl (RaftServerImpl.java:setRole(184)) - a1c78c0e-869c-4f76-b4ce-2034448e0b80@group-D48B69A44692: changes role from CANDIDATE to FOLLOWER at term 62 for DISCOVERED_A_NEW_TERM
2019-10-19 01:04:35,396 [a1c78c0e-869c-4f76-b4ce-2034448e0b80@group-D48B69A44692-LeaderElection123] INFO  impl.RoleInfo (RoleInfo.java:shutdownLeaderElection(134)) - a1c78c0e-869c-4f76-b4ce-2034448e0b80: shutdown LeaderElection
2019-10-19 01:04:35,396 [a1c78c0e-869c-4f76-b4ce-2034448e0b80@group-D48B69A44692-LeaderElection123] INFO  impl.RoleInfo (RoleInfo.java:updateAndGet(143)) - a1c78c0e-869c-4f76-b4ce-2034448e0b80: start FollowerState
2019-10-19 01:04:35,439 [Thread-1169] INFO  impl.FollowerState (FollowerState.java:run(108)) - a54795b0-6c9c-4137-a866-f82f653c9bf9@group-FB3B7D7D89E3-FollowerState: change to CANDIDATE, lastRpcTime:169ms, electionTimeout:169ms
2019-10-19 01:04:35,439 [Thread-1169] INFO  impl.RoleInfo (RoleInfo.java:shutdownFollowerState(121)) - a54795b0-6c9c-4137-a866-f82f653c9bf9: shutdown FollowerState
2019-10-19 01:04:35,439 [Thread-1169] INFO  impl.RaftServerImpl (RaftServerImpl.java:setRole(184)) - a54795b0-6c9c-4137-a866-f82f653c9bf9@group-FB3B7D7D89E3: changes role from  FOLLOWER to CANDIDATE at term 64 for changeToCandidate
2019-10-19 01:04:35,439 [Thread-1169] INFO  impl.RoleInfo (RoleInfo.java:updateAndGet(143)) - a54795b0-6c9c-4137-a866-f82f653c9bf9: start LeaderElection
2019-10-19 01:04:35,449 [a54795b0-6c9c-4137-a866-f82f653c9bf9@group-FB3B7D7D89E3-LeaderElection124] INFO  impl.LeaderElection (LeaderElection.java:askForVotes(178)) - a54795b0-6c9c-4137-a866-f82f653c9bf9@group-FB3B7D7D89E3-LeaderElection124: begin an election at term 65 for -1: [a54795b0-6c9c-4137-a866-f82f653c9bf9:192.168.157.213:43688, b26a8d60-58dc-431d-8168-f89a9ab35f3a:192.168.157.213:35535, 16805c57-9f45-4377-8998-764a8f26e152:192.168.157.213:33728], old=null
2019-10-19 01:04:35,451 [grpc-default-executor-5] INFO  impl.RaftServerImpl (RaftServerImpl.java:setRole(184)) - b26a8d60-58dc-431d-8168-f89a9ab35f3a@group-FB3B7D7D89E3: changes role from  FOLLOWER to FOLLOWER at term 65 for recognizeCandidate:a54795b0-6c9c-4137-a866-f82f653c9bf9
2019-10-19 01:04:35,451 [grpc-default-executor-5] INFO  impl.RoleInfo (RoleInfo.java:shutdownFollowerState(121)) - b26a8d60-58dc-431d-8168-f89a9ab35f3a: shutdown FollowerState
2019-10-19 01:04:35,451 [grpc-default-executor-6] INFO  impl.RaftServerImpl (RaftServerImpl.java:setRole(184)) - 16805c57-9f45-4377-8998-764a8f26e152@group-FB3B7D7D89E3: changes role from  FOLLOWER to FOLLOWER at term 65 for recognizeCandidate:a54795b0-6c9c-4137-a866-f82f653c9bf9
2019-10-19 01:04:35,451 [grpc-default-executor-6] INFO  impl.RoleInfo (RoleInfo.java:shutdownFollowerState(121)) - 16805c57-9f45-4377-8998-764a8f26e152: shutdown FollowerState
2019-10-19 01:04:35,451 [Thread-1167] INFO  impl.FollowerState (FollowerState.java:run(117)) - b26a8d60-58dc-431d-8168-f89a9ab35f3a@group-FB3B7D7D89E3-FollowerState was interrupted: java.lang.InterruptedException: sleep interrupted
2019-10-19 01:04:35,451 [grpc-default-executor-5] INFO  impl.RoleInfo (RoleInfo.java:updateAndGet(143)) - b26a8d60-58dc-431d-8168-f89a9ab35f3a: start FollowerState
2019-10-19 01:04:35,451 [Thread-1168] INFO  impl.FollowerState (FollowerState.java:run(117)) - 16805c57-9f45-4377-8998-764a8f26e152@group-FB3B7D7D89E3-FollowerState was interrupted: java.lang.InterruptedException: sleep interrupted
2019-10-19 01:04:35,451 [grpc-default-executor-6] INFO  impl.RoleInfo (RoleInfo.java:updateAndGet(143)) - 16805c57-9f45-4377-8998-764a8f26e152: start FollowerState
2019-10-19 01:04:35,466 [a54795b0-6c9c-4137-a866-f82f653c9bf9@group-FB3B7D7D89E3-LeaderElection124] INFO  impl.LeaderElection (LeaderElection.java:logAndReturn(56)) - a54795b0-6c9c-4137-a866-f82f653c9bf9@group-FB3B7D7D89E3-LeaderElection124: Election REJECTED; received 2 response(s) [a54795b0-6c9c-4137-a866-f82f653c9bf9<-b26a8d60-58dc-431d-8168-f89a9ab35f3a#0:FAIL-t65, a54795b0-6c9c-4137-a866-f82f653c9bf9<-16805c57-9f45-4377-8998-764a8f26e152#0:FAIL-t65] and 0 exception(s); a54795b0-6c9c-4137-a866-f82f653c9bf9@group-FB3B7D7D89E3:t65, leader=null, voted=a54795b0-6c9c-4137-a866-f82f653c9bf9, raftlog=a54795b0-6c9c-4137-a866-f82f653c9bf9@group-FB3B7D7D89E3-SegmentedRaftLog:OPENED:c-1,f-1,i0, conf=-1: [a54795b0-6c9c-4137-a866-f82f653c9bf9:192.168.157.213:43688, b26a8d60-58dc-431d-8168-f89a9ab35f3a:192.168.157.213:35535, 16805c57-9f45-4377-8998-764a8f26e152:192.168.157.213:33728], old=null
2019-10-19 01:04:35,466 [a54795b0-6c9c-4137-a866-f82f653c9bf9@group-FB3B7D7D89E3-LeaderElection124] INFO  impl.RaftServerImpl (RaftServerImpl.java:setRole(184)) - a54795b0-6c9c-4137-a866-f82f653c9bf9@group-FB3B7D7D89E3: changes role from CANDIDATE to FOLLOWER at term 65 for DISCOVERED_A_NEW_TERM
2019-10-19 01:04:35,466 [a54795b0-6c9c-4137-a866-f82f653c9bf9@group-FB3B7D7D89E3-LeaderElection124] INFO  impl.RoleInfo (RoleInfo.java:shutdownLeaderElection(134)) - a54795b0-6c9c-4137-a866-f82f653c9bf9: shutdown LeaderElection
2019-10-19 01:04:35,466 [a54795b0-6c9c-4137-a866-f82f653c9bf9@group-FB3B7D7D89E3-LeaderElection124] INFO  impl.RoleInfo (RoleInfo.java:updateAndGet(143)) - a54795b0-6c9c-4137-a866-f82f653c9bf9: start FollowerState
2019-10-19 01:04:35,505 [Thread-1177] INFO  impl.FollowerState (FollowerState.java:run(108)) - a1c78c0e-869c-4f76-b4ce-2034448e0b80@group-D48B69A44692-FollowerState: change to CANDIDATE, lastRpcTime:109ms, electionTimeout:109ms
2019-10-19 01:04:35,506 [Thread-1177] INFO  impl.RoleInfo (RoleInfo.java:shutdownFollowerState(121)) - a1c78c0e-869c-4f76-b4ce-2034448e0b80: shutdown FollowerState
2019-10-19 01:04:35,506 [Thread-1177] INFO  impl.RaftServerImpl (RaftServerImpl.java:setRole(184)) - a1c78c0e-869c-4f76-b4ce-2034448e0b80@group-D48B69A44692: changes role from  FOLLOWER to CANDIDATE at term 62 for changeToCandidate
2019-10-19 01:04:35,506 [Thread-1177] INFO  impl.RoleInfo (RoleInfo.java:updateAndGet(143)) - a1c78c0e-869c-4f76-b4ce-2034448e0b80: start LeaderElection
2019-10-19 01:04:35,520 [a1c78c0e-869c-4f76-b4ce-2034448e0b80@group-D48B69A44692-LeaderElection125] INFO  impl.LeaderElection (LeaderElection.java:askForVotes(178)) - a1c78c0e-869c-4f76-b4ce-2034448e0b80@group-D48B69A44692-LeaderElection125: begin an election at term 63 for -1: [51276c3c-a3b8-4274-b089-592ff4589f41:192.168.157.213:36639, 64c90977-e867-487c-b50d-c226f2d34a76:192.168.157.213:37433, a1c78c0e-869c-4f76-b4ce-2034448e0b80:192.168.157.213:33501], old=null
2019-10-19 01:04:35,522 [grpc-default-executor-5] INFO  impl.RaftServerImpl (RaftServerImpl.java:setRole(184)) - 51276c3c-a3b8-4274-b089-592ff4589f41@group-D48B69A44692: changes role from  FOLLOWER to FOLLOWER at term 63 for recognizeCandidate:a1c78c0e-869c-4f76-b4ce-2034448e0b80
2019-10-19 01:04:35,522 [grpc-default-executor-5] INFO  impl.RoleInfo (RoleInfo.java:shutdownFollowerState(121)) - 51276c3c-a3b8-4274-b089-592ff4589f41: shutdown FollowerState
2019-10-19 01:04:35,522 [grpc-default-executor-6] INFO  impl.RaftServerImpl (RaftServerImpl.java:setRole(184)) - 64c90977-e867-487c-b50d-c226f2d34a76@group-D48B69A44692: changes role from  FOLLOWER to FOLLOWER at term 63 for recognizeCandidate:a1c78c0e-869c-4f76-b4ce-2034448e0b80
2019-10-19 01:04:35,522 [grpc-default-executor-6] INFO  impl.RoleInfo (RoleInfo.java:shutdownFollowerState(121)) - 64c90977-e867-487c-b50d-c226f2d34a76: shutdown FollowerState
2019-10-19 01:04:35,522 [Thread-1176] INFO  impl.FollowerState (FollowerState.java:run(117)) - 51276c3c-a3b8-4274-b089-592ff4589f41@group-D48B69A44692-FollowerState was interrupted: java.lang.InterruptedException: sleep interrupted
2019-10-19 01:04:35,522 [grpc-default-executor-5] INFO  impl.RoleInfo (RoleInfo.java:updateAndGet(143)) - 51276c3c-a3b8-4274-b089-592ff4589f41: start FollowerState
2019-10-19 01:04:35,523 [Thread-1175] INFO  impl.FollowerState (FollowerState.java:run(117)) - 64c90977-e867-487c-b50d-c226f2d34a76@group-D48B69A44692-FollowerState was interrupted: java.lang.InterruptedException: sleep interrupted
2019-10-19 01:04:35,523 [grpc-default-executor-6] INFO  impl.RoleInfo (RoleInfo.java:updateAndGet(143)) - 64c90977-e867-487c-b50d-c226f2d34a76: start FollowerState
2019-10-19 01:04:35,529 [a1c78c0e-869c-4f76-b4ce-2034448e0b80@group-D48B69A44692-LeaderElection125] INFO  impl.LeaderElection (LeaderElection.java:logAndReturn(56)) - a1c78c0e-869c-4f76-b4ce-2034448e0b80@group-D48B69A44692-LeaderElection125: Election TIMEOUT; received 0 response(s) [] and 0 exception(s); a1c78c0e-869c-4f76-b4ce-2034448e0b80@group-D48B69A44692:t63, leader=null, voted=a1c78c0e-869c-4f76-b4ce-2034448e0b80, raftlog=a1c78c0e-869c-4f76-b4ce-2034448e0b80@group-D48B69A44692-SegmentedRaftLog:OPENED:c-1,f-1,i0, conf=-1: [51276c3c-a3b8-4274-b089-592ff4589f41:192.168.157.213:36639, 64c90977-e867-487c-b50d-c226f2d34a76:192.168.157.213:37433, a1c78c0e-869c-4f76-b4ce-2034448e0b80:192.168.157.213:33501], old=null
2019-10-19 01:04:35,535 [a1c78c0e-869c-4f76-b4ce-2034448e0b80@group-D48B69A44692-LeaderElection125] INFO  impl.LeaderElection (LeaderElection.java:askForVotes(178)) - a1c78c0e-869c-4f76-b4ce-2034448e0b80@group-D48B69A44692-LeaderElection125: begin an election at term 64 for -1: [51276c3c-a3b8-4274-b089-592ff4589f41:192.168.157.213:36639, 64c90977-e867-487c-b50d-c226f2d34a76:192.168.157.213:37433, a1c78c0e-869c-4f76-b4ce-2034448e0b80:192.168.157.213:33501], old=null
2019-10-19 01:04:35,537 [grpc-default-executor-5] INFO  impl.RaftServerImpl (RaftServerImpl.java:setRole(184)) - 51276c3c-a3b8-4274-b089-592ff4589f41@group-D48B69A44692: changes role from  FOLLOWER to FOLLOWER at term 64 for recognizeCandidate:a1c78c0e-869c-4f76-b4ce-2034448e0b80
2019-10-19 01:04:35,538 [grpc-default-executor-5] INFO  impl.RoleInfo (RoleInfo.java:shutdownFollowerState(121)) - 51276c3c-a3b8-4274-b089-592ff4589f41: shutdown FollowerState
2019-10-19 01:04:35,537 [grpc-default-executor-6] INFO  impl.RaftServerImpl (RaftServerImpl.java:setRole(184)) - 64c90977-e867-487c-b50d-c226f2d34a76@group-D48B69A44692: changes role from  FOLLOWER to FOLLOWER at term 64 for recognizeCandidate:a1c78c0e-869c-4f76-b4ce-2034448e0b80
2019-10-19 01:04:35,538 [Thread-1187] INFO  impl.FollowerState (FollowerState.java:run(117)) - 51276c3c-a3b8-4274-b089-592ff4589f41@group-D48B69A44692-FollowerState was interrupted: java.lang.InterruptedException: sleep interrupted
2019-10-19 01:04:35,538 [grpc-default-executor-5] INFO  impl.RoleInfo (RoleInfo.java:updateAndGet(143)) - 51276c3c-a3b8-4274-b089-592ff4589f41: start FollowerState
2019-10-19 01:04:35,538 [grpc-default-executor-6] INFO  impl.RoleInfo (RoleInfo.java:shutdownFollowerState(121)) - 64c90977-e867-487c-b50d-c226f2d34a76: shutdown FollowerState
2019-10-19 01:04:35,538 [grpc-default-executor-6] INFO  impl.RoleInfo (RoleInfo.java:updateAndGet(143)) - 64c90977-e867-487c-b50d-c226f2d34a76: start FollowerState
2019-10-19 01:04:35,538 [Thread-1188] INFO  impl.FollowerState (FollowerState.java:run(117)) - 64c90977-e867-487c-b50d-c226f2d34a76@group-D48B69A44692-FollowerState was interrupted: java.lang.InterruptedException: sleep interrupted
2019-10-19 01:04:35,553 [a1c78c0e-869c-4f76-b4ce-2034448e0b80@group-D48B69A44692-LeaderElection125] INFO  impl.LeaderElection (LeaderElection.java:logAndReturn(56)) - a1c78c0e-869c-4f76-b4ce-2034448e0b80@group-D48B69A44692-LeaderElection125: Election REJECTED; received 2 response(s) [a1c78c0e-869c-4f76-b4ce-2034448e0b80<-51276c3c-a3b8-4274-b089-592ff4589f41#0:FAIL-t64, a1c78c0e-869c-4f76-b4ce-2034448e0b80<-64c90977-e867-487c-b50d-c226f2d34a76#0:FAIL-t64] and 0 exception(s); a1c78c0e-869c-4f76-b4ce-2034448e0b80@group-D48B69A44692:t64, leader=null, voted=a1c78c0e-869c-4f76-b4ce-2034448e0b80, raftlog=a1c78c0e-869c-4f76-b4ce-2034448e0b80@group-D48B69A44692-SegmentedRaftLog:OPENED:c-1,f-1,i0, conf=-1: [51276c3c-a3b8-4274-b089-592ff4589f41:192.168.157.213:36639, 64c90977-e867-487c-b50d-c226f2d34a76:192.168.157.213:37433, a1c78c0e-869c-4f76-b4ce-2034448e0b80:192.168.157.213:33501], old=null
2019-10-19 01:04:35,553 [a1c78c0e-869c-4f76-b4ce-2034448e0b80@group-D48B69A44692-LeaderElection125] INFO  impl.RaftServerImpl (RaftServerImpl.java:setRole(184)) - a1c78c0e-869c-4f76-b4ce-2034448e0b80@group-D48B69A44692: changes role from CANDIDATE to FOLLOWER at term 64 for DISCOVERED_A_NEW_TERM
2019-10-19 01:04:35,553 [a1c78c0e-869c-4f76-b4ce-2034448e0b80@group-D48B69A44692-LeaderElection125] INFO  impl.RoleInfo (RoleInfo.java:shutdownLeaderElection(134)) - a1c78c0e-869c-4f76-b4ce-2034448e0b80: shutdown LeaderElection
2019-10-19 01:04:35,553 [a1c78c0e-869c-4f76-b4ce-2034448e0b80@group-D48B69A44692-LeaderElection125] INFO  impl.RoleInfo (RoleInfo.java:updateAndGet(143)) - a1c78c0e-869c-4f76-b4ce-2034448e0b80: start FollowerState
2019-10-19 01:04:35,637 [Thread-1183] INFO  impl.FollowerState (FollowerState.java:run(108)) - a54795b0-6c9c-4137-a866-f82f653c9bf9@group-FB3B7D7D89E3-FollowerState: change to CANDIDATE, lastRpcTime:170ms, electionTimeout:170ms
2019-10-19 01:04:35,637 [Thread-1183] INFO  impl.RoleInfo (RoleInfo.java:shutdownFollowerState(121)) - a54795b0-6c9c-4137-a866-f82f653c9bf9: shutdown FollowerState
2019-10-19 01:04:35,637 [Thread-1183] INFO  impl.RaftServerImpl (RaftServerImpl.java:setRole(184)) - a54795b0-6c9c-4137-a866-f82f653c9bf9@group-FB3B7D7D89E3: changes role from  FOLLOWER to CANDIDATE at term 65 for changeToCandidate
2019-10-19 01:04:35,637 [Thread-1183] INFO  impl.RoleInfo (RoleInfo.java:updateAndGet(143)) - a54795b0-6c9c-4137-a866-f82f653c9bf9: start LeaderElection
2019-10-19 01:04:35,642 [a54795b0-6c9c-4137-a866-f82f653c9bf9@group-FB3B7D7D89E3-LeaderElection126] INFO  impl.LeaderElection (LeaderElection.java:askForVotes(178)) - a54795b0-6c9c-4137-a866-f82f653c9bf9@group-FB3B7D7D89E3-LeaderElection126: begin an election at term 66 for -1: [a54795b0-6c9c-4137-a866-f82f653c9bf9:192.168.157.213:43688, b26a8d60-58dc-431d-8168-f89a9ab35f3a:192.168.157.213:35535, 16805c57-9f45-4377-8998-764a8f26e152:192.168.157.213:33728], old=null
2019-10-19 01:04:35,644 [grpc-default-executor-5] INFO  impl.RaftServerImpl (RaftServerImpl.java:setRole(184)) - b26a8d60-58dc-431d-8168-f89a9ab35f3a@group-FB3B7D7D89E3: changes role from  FOLLOWER to FOLLOWER at term 66 for recognizeCandidate:a54795b0-6c9c-4137-a866-f82f653c9bf9
2019-10-19 01:04:35,645 [grpc-default-executor-5] INFO  impl.RoleInfo (RoleInfo.java:shutdownFollowerState(121)) - b26a8d60-58dc-431d-8168-f89a9ab35f3a: shutdown FollowerState
2019-10-19 01:04:35,645 [grpc-default-executor-6] INFO  impl.RaftServerImpl (RaftServerImpl.java:setRole(184)) - 16805c57-9f45-4377-8998-764a8f26e152@group-FB3B7D7D89E3: changes role from  FOLLOWER to FOLLOWER at term 66 for recognizeCandidate:a54795b0-6c9c-4137-a866-f82f653c9bf9
2019-10-19 01:04:35,645 [Thread-1181] INFO  impl.FollowerState (FollowerState.java:run(117)) - b26a8d60-58dc-431d-8168-f89a9ab35f3a@group-FB3B7D7D89E3-FollowerState was interrupted: java.lang.InterruptedException: sleep interrupted
2019-10-19 01:04:35,645 [grpc-default-executor-5] INFO  impl.RoleInfo (RoleInfo.java:updateAndGet(143)) - b26a8d60-58dc-431d-8168-f89a9ab35f3a: start FollowerState
2019-10-19 01:04:35,645 [grpc-default-executor-6] INFO  impl.RoleInfo (RoleInfo.java:shutdownFollowerState(121)) - 16805c57-9f45-4377-8998-764a8f26e152: shutdown FollowerState
2019-10-19 01:04:35,645 [grpc-default-executor-6] INFO  impl.RoleInfo (RoleInfo.java:updateAndGet(143)) - 16805c57-9f45-4377-8998-764a8f26e152: start FollowerState
2019-10-19 01:04:35,645 [Thread-1182] INFO  impl.FollowerState (FollowerState.java:run(117)) - 16805c57-9f45-4377-8998-764a8f26e152@group-FB3B7D7D89E3-FollowerState was interrupted: java.lang.InterruptedException: sleep interrupted
2019-10-19 01:04:35,655 [a54795b0-6c9c-4137-a866-f82f653c9bf9@group-FB3B7D7D89E3-LeaderElection126] INFO  impl.LeaderElection (LeaderElection.java:logAndReturn(56)) - a54795b0-6c9c-4137-a866-f82f653c9bf9@group-FB3B7D7D89E3-LeaderElection126: Election REJECTED; received 2 response(s) [a54795b0-6c9c-4137-a866-f82f653c9bf9<-b26a8d60-58dc-431d-8168-f89a9ab35f3a#0:FAIL-t66, a54795b0-6c9c-4137-a866-f82f653c9bf9<-16805c57-9f45-4377-8998-764a8f26e152#0:FAIL-t66] and 0 exception(s); a54795b0-6c9c-4137-a866-f82f653c9bf9@group-FB3B7D7D89E3:t66, leader=null, voted=a54795b0-6c9c-4137-a866-f82f653c9bf9, raftlog=a54795b0-6c9c-4137-a866-f82f653c9bf9@group-FB3B7D7D89E3-SegmentedRaftLog:OPENED:c-1,f-1,i0, conf=-1: [a54795b0-6c9c-4137-a866-f82f653c9bf9:192.168.157.213:43688, b26a8d60-58dc-431d-8168-f89a9ab35f3a:192.168.157.213:35535, 16805c57-9f45-4377-8998-764a8f26e152:192.168.157.213:33728], old=null
2019-10-19 01:04:35,655 [a54795b0-6c9c-4137-a866-f82f653c9bf9@group-FB3B7D7D89E3-LeaderElection126] INFO  impl.RaftServerImpl (RaftServerImpl.java:setRole(184)) - a54795b0-6c9c-4137-a866-f82f653c9bf9@group-FB3B7D7D89E3: changes role from CANDIDATE to FOLLOWER at term 66 for DISCOVERED_A_NEW_TERM
2019-10-19 01:04:35,655 [a54795b0-6c9c-4137-a866-f82f653c9bf9@group-FB3B7D7D89E3-LeaderElection126] INFO  impl.RoleInfo (RoleInfo.java:shutdownLeaderElection(134)) - a54795b0-6c9c-4137-a866-f82f653c9bf9: shutdown LeaderElection
2019-10-19 01:04:35,655 [a54795b0-6c9c-4137-a866-f82f653c9bf9@group-FB3B7D7D89E3-LeaderElection126] INFO  impl.RoleInfo (RoleInfo.java:updateAndGet(143)) - a54795b0-6c9c-4137-a866-f82f653c9bf9: start FollowerState
2019-10-19 01:04:35,697 [Thread-1193] INFO  impl.FollowerState (FollowerState.java:run(108)) - a1c78c0e-869c-4f76-b4ce-2034448e0b80@group-D48B69A44692-FollowerState: change to CANDIDATE, lastRpcTime:143ms, electionTimeout:143ms
2019-10-19 01:04:35,697 [Thread-1193] INFO  impl.RoleInfo (RoleInfo.java:shutdownFollowerState(121)) - a1c78c0e-869c-4f76-b4ce-2034448e0b80: shutdown FollowerState
2019-10-19 01:04:35,697 [Thread-1193] INFO  impl.RaftServerImpl (RaftServerImpl.java:setRole(184)) - a1c78c0e-869c-4f76-b4ce-2034448e0b80@group-D48B69A44692: changes role from  FOLLOWER to CANDIDATE at term 64 for changeToCandidate
2019-10-19 01:04:35,697 [Thread-1193] INFO  impl.RoleInfo (RoleInfo.java:updateAndGet(143)) - a1c78c0e-869c-4f76-b4ce-2034448e0b80: start LeaderElection
2019-10-19 01:04:35,711 [a1c78c0e-869c-4f76-b4ce-2034448e0b80@group-D48B69A44692-LeaderElection127] INFO  impl.LeaderElection (LeaderElection.java:askForVotes(178)) - a1c78c0e-869c-4f76-b4ce-2034448e0b80@group-D48B69A44692-LeaderElection127: begin an election at term 65 for -1: [51276c3c-a3b8-4274-b089-592ff4589f41:192.168.157.213:36639, 64c90977-e867-487c-b50d-c226f2d34a76:192.168.157.213:37433, a1c78c0e-869c-4f76-b4ce-2034448e0b80:192.168.157.213:33501], old=null
2019-10-19 01:04:35,713 [grpc-default-executor-5] INFO  impl.RaftServerImpl (RaftServerImpl.java:setRole(184)) - 51276c3c-a3b8-4274-b089-592ff4589f41@group-D48B69A44692: changes role from  FOLLOWER to FOLLOWER at term 65 for recognizeCandidate:a1c78c0e-869c-4f76-b4ce-2034448e0b80
2019-10-19 01:04:35,713 [grpc-default-executor-5] INFO  impl.RoleInfo (RoleInfo.java:shutdownFollowerState(121)) - 51276c3c-a3b8-4274-b089-592ff4589f41: shutdown FollowerState
2019-10-19 01:04:35,713 [grpc-default-executor-6] INFO  impl.RaftServerImpl (RaftServerImpl.java:setRole(184)) - 64c90977-e867-487c-b50d-c226f2d34a76@group-D48B69A44692: changes role from  FOLLOWER to FOLLOWER at term 65 for recognizeCandidate:a1c78c0e-869c-4f76-b4ce-2034448e0b80
2019-10-19 01:04:35,714 [Thread-1191] INFO  impl.FollowerState (FollowerState.java:run(117)) - 51276c3c-a3b8-4274-b089-592ff4589f41@group-D48B69A44692-FollowerState was interrupted: java.lang.InterruptedException: sleep interrupted
2019-10-19 01:04:35,714 [grpc-default-executor-6] INFO  impl.RoleInfo (RoleInfo.java:shutdownFollowerState(121)) - 64c90977-e867-487c-b50d-c226f2d34a76: shutdown FollowerState
2019-10-19 01:04:35,714 [grpc-default-executor-6] INFO  impl.RoleInfo (RoleInfo.java:updateAndGet(143)) - 64c90977-e867-487c-b50d-c226f2d34a76: start FollowerState
2019-10-19 01:04:35,714 [grpc-default-executor-5] INFO  impl.RoleInfo (RoleInfo.java:updateAndGet(143)) - 51276c3c-a3b8-4274-b089-592ff4589f41: start FollowerState
2019-10-19 01:04:35,714 [Thread-1192] INFO  impl.FollowerState (FollowerState.java:run(117)) - 64c90977-e867-487c-b50d-c226f2d34a76@group-D48B69A44692-FollowerState was interrupted: java.lang.InterruptedException: sleep interrupted
2019-10-19 01:04:35,729 [a1c78c0e-869c-4f76-b4ce-2034448e0b80@group-D48B69A44692-LeaderElection127] INFO  impl.LeaderElection (LeaderElection.java:logAndReturn(56)) - a1c78c0e-869c-4f76-b4ce-2034448e0b80@group-D48B69A44692-LeaderElection127: Election REJECTED; received 2 response(s) [a1c78c0e-869c-4f76-b4ce-2034448e0b80<-51276c3c-a3b8-4274-b089-592ff4589f41#0:FAIL-t65, a1c78c0e-869c-4f76-b4ce-2034448e0b80<-64c90977-e867-487c-b50d-c226f2d34a76#0:FAIL-t65] and 0 exception(s); a1c78c0e-869c-4f76-b4ce-2034448e0b80@group-D48B69A44692:t65, leader=null, voted=a1c78c0e-869c-4f76-b4ce-2034448e0b80, raftlog=a1c78c0e-869c-4f76-b4ce-2034448e0b80@group-D48B69A44692-SegmentedRaftLog:OPENED:c-1,f-1,i0, conf=-1: [51276c3c-a3b8-4274-b089-592ff4589f41:192.168.157.213:36639, 64c90977-e867-487c-b50d-c226f2d34a76:192.168.157.213:37433, a1c78c0e-869c-4f76-b4ce-2034448e0b80:192.168.157.213:33501], old=null
2019-10-19 01:04:35,729 [a1c78c0e-869c-4f76-b4ce-2034448e0b80@group-D48B69A44692-LeaderElection127] INFO  impl.RaftServerImpl (RaftServerImpl.java:setRole(184)) - a1c78c0e-869c-4f76-b4ce-2034448e0b80@group-D48B69A44692: changes role from CANDIDATE to FOLLOWER at term 65 for DISCOVERED_A_NEW_TERM
2019-10-19 01:04:35,729 [a1c78c0e-869c-4f76-b4ce-2034448e0b80@group-D48B69A44692-LeaderElection127] INFO  impl.RoleInfo (RoleInfo.java:shutdownLeaderElection(134)) - a1c78c0e-869c-4f76-b4ce-2034448e0b80: shutdown LeaderElection
2019-10-19 01:04:35,730 [a1c78c0e-869c-4f76-b4ce-2034448e0b80@group-D48B69A44692-LeaderElection127] INFO  impl.RoleInfo (RoleInfo.java:updateAndGet(143)) - a1c78c0e-869c-4f76-b4ce-2034448e0b80: start FollowerState
2019-10-19 01:04:35,833 [Thread-1199] INFO  impl.FollowerState (FollowerState.java:run(108)) - a54795b0-6c9c-4137-a866-f82f653c9bf9@group-FB3B7D7D89E3-FollowerState: change to CANDIDATE, lastRpcTime:178ms, electionTimeout:178ms
2019-10-19 01:04:35,834 [Thread-1199] INFO  impl.RoleInfo (RoleInfo.java:shutdownFollowerState(121)) - a54795b0-6c9c-4137-a866-f82f653c9bf9: shutdown FollowerState
2019-10-19 01:04:35,834 [Thread-1199] INFO  impl.RaftServerImpl (RaftServerImpl.java:setRole(184)) - a54795b0-6c9c-4137-a866-f82f653c9bf9@group-FB3B7D7D89E3: changes role from  FOLLOWER to CANDIDATE at term 66 for changeToCandidate
2019-10-19 01:04:35,834 [Thread-1199] INFO  impl.RoleInfo (RoleInfo.java:updateAndGet(143)) - a54795b0-6c9c-4137-a866-f82f653c9bf9: start LeaderElection
2019-10-19 01:04:35,840 [a54795b0-6c9c-4137-a866-f82f653c9bf9@group-FB3B7D7D89E3-LeaderElection128] INFO  impl.LeaderElection (LeaderElection.java:askForVotes(178)) - a54795b0-6c9c-4137-a866-f82f653c9bf9@group-FB3B7D7D89E3-LeaderElection128: begin an election at term 67 for -1: [a54795b0-6c9c-4137-a866-f82f653c9bf9:192.168.157.213:43688, b26a8d60-58dc-431d-8168-f89a9ab35f3a:192.168.157.213:35535, 16805c57-9f45-4377-8998-764a8f26e152:192.168.157.213:33728], old=null
2019-10-19 01:04:35,842 [grpc-default-executor-6] INFO  impl.RaftServerImpl (RaftServerImpl.java:setRole(184)) - b26a8d60-58dc-431d-8168-f89a9ab35f3a@group-FB3B7D7D89E3: changes role from  FOLLOWER to FOLLOWER at term 67 for recognizeCandidate:a54795b0-6c9c-4137-a866-f82f653c9bf9
2019-10-19 01:04:35,842 [grpc-default-executor-5] INFO  impl.RaftServerImpl (RaftServerImpl.java:setRole(184)) - 16805c57-9f45-4377-8998-764a8f26e152@group-FB3B7D7D89E3: changes role from  FOLLOWER to FOLLOWER at term 67 for recognizeCandidate:a54795b0-6c9c-4137-a866-f82f653c9bf9
2019-10-19 01:04:35,842 [grpc-default-executor-6] INFO  impl.RoleInfo (RoleInfo.java:shutdownFollowerState(121)) - b26a8d60-58dc-431d-8168-f89a9ab35f3a: shutdown FollowerState
2019-10-19 01:04:35,842 [grpc-default-executor-5] INFO  impl.RoleInfo (RoleInfo.java:shutdownFollowerState(121)) - 16805c57-9f45-4377-8998-764a8f26e152: shutdown FollowerState
2019-10-19 01:04:35,843 [Thread-1197] INFO  impl.FollowerState (FollowerState.java:run(117)) - b26a8d60-58dc-431d-8168-f89a9ab35f3a@group-FB3B7D7D89E3-FollowerState was interrupted: java.lang.InterruptedException: sleep interrupted
2019-10-19 01:04:35,843 [grpc-default-executor-5] INFO  impl.RoleInfo (RoleInfo.java:updateAndGet(143)) - 16805c57-9f45-4377-8998-764a8f26e152: start FollowerState
2019-10-19 01:04:35,842 [grpc-default-executor-6] INFO  impl.RoleInfo (RoleInfo.java:updateAndGet(143)) - b26a8d60-58dc-431d-8168-f89a9ab35f3a: start FollowerState
2019-10-19 01:04:35,843 [Thread-1198] INFO  impl.FollowerState (FollowerState.java:run(117)) - 16805c57-9f45-4377-8998-764a8f26e152@group-FB3B7D7D89E3-FollowerState was interrupted: java.lang.InterruptedException: sleep interrupted
2019-10-19 01:04:35,856 [a54795b0-6c9c-4137-a866-f82f653c9bf9@group-FB3B7D7D89E3-LeaderElection128] INFO  impl.LeaderElection (LeaderElection.java:logAndReturn(56)) - a54795b0-6c9c-4137-a866-f82f653c9bf9@group-FB3B7D7D89E3-LeaderElection128: Election REJECTED; received 2 response(s) [a54795b0-6c9c-4137-a866-f82f653c9bf9<-b26a8d60-58dc-431d-8168-f89a9ab35f3a#0:FAIL-t67, a54795b0-6c9c-4137-a866-f82f653c9bf9<-16805c57-9f45-4377-8998-764a8f26e152#0:FAIL-t67] and 0 exception(s); a54795b0-6c9c-4137-a866-f82f653c9bf9@group-FB3B7D7D89E3:t67, leader=null, voted=a54795b0-6c9c-4137-a866-f82f653c9bf9, raftlog=a54795b0-6c9c-4137-a866-f82f653c9bf9@group-FB3B7D7D89E3-SegmentedRaftLog:OPENED:c-1,f-1,i0, conf=-1: [a54795b0-6c9c-4137-a866-f82f653c9bf9:192.168.157.213:43688, b26a8d60-58dc-431d-8168-f89a9ab35f3a:192.168.157.213:35535, 16805c57-9f45-4377-8998-764a8f26e152:192.168.157.213:33728], old=null
2019-10-19 01:04:35,856 [a54795b0-6c9c-4137-a866-f82f653c9bf9@group-FB3B7D7D89E3-LeaderElection128] INFO  impl.RaftServerImpl (RaftServerImpl.java:setRole(184)) - a54795b0-6c9c-4137-a866-f82f653c9bf9@group-FB3B7D7D89E3: changes role from CANDIDATE to FOLLOWER at term 67 for DISCOVERED_A_NEW_TERM
2019-10-19 01:04:35,856 [a54795b0-6c9c-4137-a866-f82f653c9bf9@group-FB3B7D7D89E3-LeaderElection128] INFO  impl.RoleInfo (RoleInfo.java:shutdownLeaderElection(134)) - a54795b0-6c9c-4137-a866-f82f653c9bf9: shutdown LeaderElection
2019-10-19 01:04:35,856 [a54795b0-6c9c-4137-a866-f82f653c9bf9@group-FB3B7D7D89E3-LeaderElection128] INFO  impl.RoleInfo (RoleInfo.java:updateAndGet(143)) - a54795b0-6c9c-4137-a866-f82f653c9bf9: start FollowerState
2019-10-19 01:04:35,904 [Thread-1205] INFO  impl.FollowerState (FollowerState.java:run(108)) - a1c78c0e-869c-4f76-b4ce-2034448e0b80@group-D48B69A44692-FollowerState: change to CANDIDATE, lastRpcTime:174ms, electionTimeout:174ms
2019-10-19 01:04:35,904 [Thread-1205] INFO  impl.RoleInfo (RoleInfo.java:shutdownFollowerState(121)) - a1c78c0e-869c-4f76-b4ce-2034448e0b80: shutdown FollowerState
2019-10-19 01:04:35,904 [Thread-1205] INFO  impl.RaftServerImpl (RaftServerImpl.java:setRole(184)) - a1c78c0e-869c-4f76-b4ce-2034448e0b80@group-D48B69A44692: changes role from  FOLLOWER to CANDIDATE at term 65 for changeToCandidate
2019-10-19 01:04:35,904 [Thread-1205] INFO  impl.RoleInfo (RoleInfo.java:updateAndGet(143)) - a1c78c0e-869c-4f76-b4ce-2034448e0b80: start LeaderElection
2019-10-19 01:04:35,926 [a1c78c0e-869c-4f76-b4ce-2034448e0b80@group-D48B69A44692-LeaderElection129] INFO  impl.LeaderElection (LeaderElection.java:askForVotes(178)) - a1c78c0e-869c-4f76-b4ce-2034448e0b80@group-D48B69A44692-LeaderElection129: begin an election at term 66 for -1: [51276c3c-a3b8-4274-b089-592ff4589f41:192.168.157.213:36639, 64c90977-e867-487c-b50d-c226f2d34a76:192.168.157.213:37433, a1c78c0e-869c-4f76-b4ce-2034448e0b80:192.168.157.213:33501], old=null
2019-10-19 01:04:35,928 [grpc-default-executor-5] INFO  impl.RaftServerImpl (RaftServerImpl.java:setRole(184)) - 51276c3c-a3b8-4274-b089-592ff4589f41@group-D48B69A44692: changes role from  FOLLOWER to FOLLOWER at term 66 for recognizeCandidate:a1c78c0e-869c-4f76-b4ce-2034448e0b80
2019-10-19 01:04:35,928 [grpc-default-executor-5] INFO  impl.RoleInfo (RoleInfo.java:shutdownFollowerState(121)) - 51276c3c-a3b8-4274-b089-592ff4589f41: shutdown FollowerState
2019-10-19 01:04:35,929 [grpc-default-executor-6] INFO  impl.RaftServerImpl (RaftServerImpl.java:setRole(184)) - 64c90977-e867-487c-b50d-c226f2d34a76@group-D48B69A44692: changes role from  FOLLOWER to FOLLOWER at term 66 for recognizeCandidate:a1c78c0e-869c-4f76-b4ce-2034448e0b80
2019-10-19 01:04:35,929 [grpc-default-executor-6] INFO  impl.RoleInfo (RoleInfo.java:shutdownFollowerState(121)) - 64c90977-e867-487c-b50d-c226f2d34a76: shutdown FollowerState
2019-10-19 01:04:35,929 [grpc-default-executor-5] INFO  impl.RoleInfo (RoleInfo.java:updateAndGet(143)) - 51276c3c-a3b8-4274-b089-592ff4589f41: start FollowerState
2019-10-19 01:04:35,929 [Thread-1204] INFO  impl.FollowerState (FollowerState.java:run(117)) - 64c90977-e867-487c-b50d-c226f2d34a76@group-D48B69A44692-FollowerState was interrupted: java.lang.InterruptedException: sleep interrupted
2019-10-19 01:04:35,929 [grpc-default-executor-6] INFO  impl.RoleInfo (RoleInfo.java:updateAndGet(143)) - 64c90977-e867-487c-b50d-c226f2d34a76: start FollowerState
2019-10-19 01:04:35,929 [Thread-1203] INFO  impl.FollowerState (FollowerState.java:run(117)) - 51276c3c-a3b8-4274-b089-592ff4589f41@group-D48B69A44692-FollowerState was interrupted: java.lang.InterruptedException: sleep interrupted
2019-10-19 01:04:35,944 [a1c78c0e-869c-4f76-b4ce-2034448e0b80@group-D48B69A44692-LeaderElection129] INFO  impl.LeaderElection (LeaderElection.java:logAndReturn(56)) - a1c78c0e-869c-4f76-b4ce-2034448e0b80@group-D48B69A44692-LeaderElection129: Election REJECTED; received 2 response(s) [a1c78c0e-869c-4f76-b4ce-2034448e0b80<-51276c3c-a3b8-4274-b089-592ff4589f41#0:FAIL-t66, a1c78c0e-869c-4f76-b4ce-2034448e0b80<-64c90977-e867-487c-b50d-c226f2d34a76#0:FAIL-t66] and 0 exception(s); a1c78c0e-869c-4f76-b4ce-2034448e0b80@group-D48B69A44692:t66, leader=null, voted=a1c78c0e-869c-4f76-b4ce-2034448e0b80, raftlog=a1c78c0e-869c-4f76-b4ce-2034448e0b80@group-D48B69A44692-SegmentedRaftLog:OPENED:c-1,f-1,i0, conf=-1: [51276c3c-a3b8-4274-b089-592ff4589f41:192.168.157.213:36639, 64c90977-e867-487c-b50d-c226f2d34a76:192.168.157.213:37433, a1c78c0e-869c-4f76-b4ce-2034448e0b80:192.168.157.213:33501], old=null
2019-10-19 01:04:35,944 [a1c78c0e-869c-4f76-b4ce-2034448e0b80@group-D48B69A44692-LeaderElection129] INFO  impl.RaftServerImpl (RaftServerImpl.java:setRole(184)) - a1c78c0e-869c-4f76-b4ce-2034448e0b80@group-D48B69A44692: changes role from CANDIDATE to FOLLOWER at term 66 for DISCOVERED_A_NEW_TERM
2019-10-19 01:04:35,944 [a1c78c0e-869c-4f76-b4ce-2034448e0b80@group-D48B69A44692-LeaderElection129] INFO  impl.RoleInfo (RoleInfo.java:shutdownLeaderElection(134)) - a1c78c0e-869c-4f76-b4ce-2034448e0b80: shutdown LeaderElection
2019-10-19 01:04:35,944 [a1c78c0e-869c-4f76-b4ce-2034448e0b80@group-D48B69A44692-LeaderElection129] INFO  impl.RoleInfo (RoleInfo.java:updateAndGet(143)) - a1c78c0e-869c-4f76-b4ce-2034448e0b80: start FollowerState
2019-10-19 01:04:35,974 [Thread-1211] INFO  impl.FollowerState (FollowerState.java:run(108)) - a54795b0-6c9c-4137-a866-f82f653c9bf9@group-FB3B7D7D89E3-FollowerState: change to CANDIDATE, lastRpcTime:117ms, electionTimeout:117ms
2019-10-19 01:04:35,974 [Thread-1211] INFO  impl.RoleInfo (RoleInfo.java:shutdownFollowerState(121)) - a54795b0-6c9c-4137-a866-f82f653c9bf9: shutdown FollowerState
2019-10-19 01:04:35,974 [Thread-1211] INFO  impl.RaftServerImpl (RaftServerImpl.java:setRole(184)) - a54795b0-6c9c-4137-a866-f82f653c9bf9@group-FB3B7D7D89E3: changes role from  FOLLOWER to CANDIDATE at term 67 for changeToCandidate
2019-10-19 01:04:35,974 [Thread-1211] INFO  impl.RoleInfo (RoleInfo.java:updateAndGet(143)) - a54795b0-6c9c-4137-a866-f82f653c9bf9: start LeaderElection
2019-10-19 01:04:35,987 [a54795b0-6c9c-4137-a866-f82f653c9bf9@group-FB3B7D7D89E3-LeaderElection130] INFO  impl.LeaderElection (LeaderElection.java:askForVotes(178)) - a54795b0-6c9c-4137-a866-f82f653c9bf9@group-FB3B7D7D89E3-LeaderElection130: begin an election at term 68 for -1: [a54795b0-6c9c-4137-a866-f82f653c9bf9:192.168.157.213:43688, b26a8d60-58dc-431d-8168-f89a9ab35f3a:192.168.157.213:35535, 16805c57-9f45-4377-8998-764a8f26e152:192.168.157.213:33728], old=null
2019-10-19 01:04:35,989 [grpc-default-executor-5] INFO  impl.RaftServerImpl (RaftServerImpl.java:setRole(184)) - b26a8d60-58dc-431d-8168-f89a9ab35f3a@group-FB3B7D7D89E3: changes role from  FOLLOWER to FOLLOWER at term 68 for recognizeCandidate:a54795b0-6c9c-4137-a866-f82f653c9bf9
2019-10-19 01:04:35,990 [grpc-default-executor-5] INFO  impl.RoleInfo (RoleInfo.java:shutdownFollowerState(121)) - b26a8d60-58dc-431d-8168-f89a9ab35f3a: shutdown FollowerState
2019-10-19 01:04:35,990 [grpc-default-executor-5] INFO  impl.RoleInfo (RoleInfo.java:updateAndGet(143)) - b26a8d60-58dc-431d-8168-f89a9ab35f3a: start FollowerState
2019-10-19 01:04:35,990 [grpc-default-executor-6] INFO  impl.RaftServerImpl (RaftServerImpl.java:setRole(184)) - 16805c57-9f45-4377-8998-764a8f26e152@group-FB3B7D7D89E3: changes role from  FOLLOWER to FOLLOWER at term 68 for recognizeCandidate:a54795b0-6c9c-4137-a866-f82f653c9bf9
2019-10-19 01:04:35,990 [grpc-default-executor-6] INFO  impl.RoleInfo (RoleInfo.java:shutdownFollowerState(121)) - 16805c57-9f45-4377-8998-764a8f26e152: shutdown FollowerState
2019-10-19 01:04:35,990 [Thread-1209] INFO  impl.FollowerState (FollowerState.java:run(117)) - b26a8d60-58dc-431d-8168-f89a9ab35f3a@group-FB3B7D7D89E3-FollowerState was interrupted: java.lang.InterruptedException: sleep interrupted
2019-10-19 01:04:35,990 [Thread-1210] INFO  impl.FollowerState (FollowerState.java:run(117)) - 16805c57-9f45-4377-8998-764a8f26e152@group-FB3B7D7D89E3-FollowerState was interrupted: java.lang.InterruptedException: sleep interrupted
2019-10-19 01:04:35,990 [grpc-default-executor-6] INFO  impl.RoleInfo (RoleInfo.java:updateAndGet(143)) - 16805c57-9f45-4377-8998-764a8f26e152: start FollowerState
2019-10-19 01:04:36,005 [a54795b0-6c9c-4137-a866-f82f653c9bf9@group-FB3B7D7D89E3-LeaderElection130] INFO  impl.LeaderElection (LeaderElection.java:logAndReturn(56)) - a54795b0-6c9c-4137-a866-f82f653c9bf9@group-FB3B7D7D89E3-LeaderElection130: Election REJECTED; received 2 response(s) [a54795b0-6c9c-4137-a866-f82f653c9bf9<-b26a8d60-58dc-431d-8168-f89a9ab35f3a#0:FAIL-t68, a54795b0-6c9c-4137-a866-f82f653c9bf9<-16805c57-9f45-4377-8998-764a8f26e152#0:FAIL-t68] and 0 exception(s); a54795b0-6c9c-4137-a866-f82f653c9bf9@group-FB3B7D7D89E3:t68, leader=null, voted=a54795b0-6c9c-4137-a866-f82f653c9bf9, raftlog=a54795b0-6c9c-4137-a866-f82f653c9bf9@group-FB3B7D7D89E3-SegmentedRaftLog:OPENED:c-1,f-1,i0, conf=-1: [a54795b0-6c9c-4137-a866-f82f653c9bf9:192.168.157.213:43688, b26a8d60-58dc-431d-8168-f89a9ab35f3a:192.168.157.213:35535, 16805c57-9f45-4377-8998-764a8f26e152:192.168.157.213:33728], old=null
2019-10-19 01:04:36,005 [a54795b0-6c9c-4137-a866-f82f653c9bf9@group-FB3B7D7D89E3-LeaderElection130] INFO  impl.RaftServerImpl (RaftServerImpl.java:setRole(184)) - a54795b0-6c9c-4137-a866-f82f653c9bf9@group-FB3B7D7D89E3: changes role from CANDIDATE to FOLLOWER at term 68 for DISCOVERED_A_NEW_TERM
2019-10-19 01:04:36,005 [a54795b0-6c9c-4137-a866-f82f653c9bf9@group-FB3B7D7D89E3-LeaderElection130] INFO  impl.RoleInfo (RoleInfo.java:shutdownLeaderElection(134)) - a54795b0-6c9c-4137-a866-f82f653c9bf9: shutdown LeaderElection
2019-10-19 01:04:36,005 [a54795b0-6c9c-4137-a866-f82f653c9bf9@group-FB3B7D7D89E3-LeaderElection130] INFO  impl.RoleInfo (RoleInfo.java:updateAndGet(143)) - a54795b0-6c9c-4137-a866-f82f653c9bf9: start FollowerState
2019-10-19 01:04:36,049 [Thread-1225] INFO  impl.FollowerState (FollowerState.java:run(108)) - a54795b0-6c9c-4137-a866-f82f653c9bf9@group-FB3B7D7D89E3-FollowerState: change to CANDIDATE, lastRpcTime:43ms, electionTimeout:43ms
2019-10-19 01:04:36,049 [Thread-1225] INFO  impl.RoleInfo (RoleInfo.java:shutdownFollowerState(121)) - a54795b0-6c9c-4137-a866-f82f653c9bf9: shutdown FollowerState
2019-10-19 01:04:36,049 [Thread-1225] INFO  impl.RaftServerImpl (RaftServerImpl.java:setRole(184)) - a54795b0-6c9c-4137-a866-f82f653c9bf9@group-FB3B7D7D89E3: changes role from  FOLLOWER to CANDIDATE at term 68 for changeToCandidate
2019-10-19 01:04:36,049 [Thread-1225] INFO  impl.RoleInfo (RoleInfo.java:updateAndGet(143)) - a54795b0-6c9c-4137-a866-f82f653c9bf9: start LeaderElection
2019-10-19 01:04:36,067 [a54795b0-6c9c-4137-a866-f82f653c9bf9@group-FB3B7D7D89E3-LeaderElection131] INFO  impl.LeaderElection (LeaderElection.java:askForVotes(178)) - a54795b0-6c9c-4137-a866-f82f653c9bf9@group-FB3B7D7D89E3-LeaderElection131: begin an election at term 69 for -1: [a54795b0-6c9c-4137-a866-f82f653c9bf9:192.168.157.213:43688, b26a8d60-58dc-431d-8168-f89a9ab35f3a:192.168.157.213:35535, 16805c57-9f45-4377-8998-764a8f26e152:192.168.157.213:33728], old=null
2019-10-19 01:04:36,070 [grpc-default-executor-5] INFO  impl.RaftServerImpl (RaftServerImpl.java:setRole(184)) - 16805c57-9f45-4377-8998-764a8f26e152@group-FB3B7D7D89E3: changes role from  FOLLOWER to FOLLOWER at term 69 for recognizeCandidate:a54795b0-6c9c-4137-a866-f82f653c9bf9
2019-10-19 01:04:36,070 [grpc-default-executor-5] INFO  impl.RoleInfo (RoleInfo.java:shutdownFollowerState(121)) - 16805c57-9f45-4377-8998-764a8f26e152: shutdown FollowerState
2019-10-19 01:04:36,070 [grpc-default-executor-4] INFO  impl.RaftServerImpl (RaftServerImpl.java:setRole(184)) - b26a8d60-58dc-431d-8168-f89a9ab35f3a@group-FB3B7D7D89E3: changes role from  FOLLOWER to FOLLOWER at term 69 for recognizeCandidate:a54795b0-6c9c-4137-a866-f82f653c9bf9
2019-10-19 01:04:36,070 [Thread-1224] INFO  impl.FollowerState (FollowerState.java:run(117)) - 16805c57-9f45-4377-8998-764a8f26e152@group-FB3B7D7D89E3-FollowerState was interrupted: java.lang.InterruptedException: sleep interrupted
2019-10-19 01:04:36,070 [grpc-default-executor-5] INFO  impl.RoleInfo (RoleInfo.java:updateAndGet(143)) - 16805c57-9f45-4377-8998-764a8f26e152: start FollowerState
2019-10-19 01:04:36,070 [grpc-default-executor-4] INFO  impl.RoleInfo (RoleInfo.java:shutdownFollowerState(121)) - b26a8d60-58dc-431d-8168-f89a9ab35f3a: shutdown FollowerState
2019-10-19 01:04:36,070 [grpc-default-executor-4] INFO  impl.RoleInfo (RoleInfo.java:updateAndGet(143)) - b26a8d60-58dc-431d-8168-f89a9ab35f3a: start FollowerState
2019-10-19 01:04:36,070 [Thread-1223] INFO  impl.FollowerState (FollowerState.java:run(117)) - b26a8d60-58dc-431d-8168-f89a9ab35f3a@group-FB3B7D7D89E3-FollowerState was interrupted: java.lang.InterruptedException: sleep interrupted
2019-10-19 01:04:36,083 [Thread-1219] INFO  impl.FollowerState (FollowerState.java:run(108)) - a1c78c0e-869c-4f76-b4ce-2034448e0b80@group-D48B69A44692-FollowerState: change to CANDIDATE, lastRpcTime:138ms, electionTimeout:138ms
2019-10-19 01:04:36,083 [Thread-1219] INFO  impl.RoleInfo (RoleInfo.java:shutdownFollowerState(121)) - a1c78c0e-869c-4f76-b4ce-2034448e0b80: shutdown FollowerState
2019-10-19 01:04:36,083 [Thread-1219] INFO  impl.RaftServerImpl (RaftServerImpl.java:setRole(184)) - a1c78c0e-869c-4f76-b4ce-2034448e0b80@group-D48B69A44692: changes role from  FOLLOWER to CANDIDATE at term 66 for changeToCandidate
2019-10-19 01:04:36,083 [Thread-1219] INFO  impl.RoleInfo (RoleInfo.java:updateAndGet(143)) - a1c78c0e-869c-4f76-b4ce-2034448e0b80: start LeaderElection
2019-10-19 01:04:36,085 [a54795b0-6c9c-4137-a866-f82f653c9bf9@group-FB3B7D7D89E3-LeaderElection131] INFO  impl.LeaderElection (LeaderElection.java:logAndReturn(56)) - a54795b0-6c9c-4137-a866-f82f653c9bf9@group-FB3B7D7D89E3-LeaderElection131: Election REJECTED; received 2 response(s) [a54795b0-6c9c-4137-a866-f82f653c9bf9<-b26a8d60-58dc-431d-8168-f89a9ab35f3a#0:FAIL-t69, a54795b0-6c9c-4137-a866-f82f653c9bf9<-16805c57-9f45-4377-8998-764a8f26e152#0:FAIL-t69] and 0 exception(s); a54795b0-6c9c-4137-a866-f82f653c9bf9@group-FB3B7D7D89E3:t69, leader=null, voted=a54795b0-6c9c-4137-a866-f82f653c9bf9, raftlog=a54795b0-6c9c-4137-a866-f82f653c9bf9@group-FB3B7D7D89E3-SegmentedRaftLog:OPENED:c-1,f-1,i0, conf=-1: [a54795b0-6c9c-4137-a866-f82f653c9bf9:192.168.157.213:43688, b26a8d60-58dc-431d-8168-f89a9ab35f3a:192.168.157.213:35535, 16805c57-9f45-4377-8998-764a8f26e152:192.168.157.213:33728], old=null
2019-10-19 01:04:36,085 [a54795b0-6c9c-4137-a866-f82f653c9bf9@group-FB3B7D7D89E3-LeaderElection131] INFO  impl.RaftServerImpl (RaftServerImpl.java:setRole(184)) - a54795b0-6c9c-4137-a866-f82f653c9bf9@group-FB3B7D7D89E3: changes role from CANDIDATE to FOLLOWER at term 69 for DISCOVERED_A_NEW_TERM
2019-10-19 01:04:36,085 [a54795b0-6c9c-4137-a866-f82f653c9bf9@group-FB3B7D7D89E3-LeaderElection131] INFO  impl.RoleInfo (RoleInfo.java:shutdownLeaderElection(134)) - a54795b0-6c9c-4137-a866-f82f653c9bf9: shutdown LeaderElection
2019-10-19 01:04:36,085 [a54795b0-6c9c-4137-a866-f82f653c9bf9@group-FB3B7D7D89E3-LeaderElection131] INFO  impl.RoleInfo (RoleInfo.java:updateAndGet(143)) - a54795b0-6c9c-4137-a866-f82f653c9bf9: start FollowerState
2019-10-19 01:04:36,086 [a1c78c0e-869c-4f76-b4ce-2034448e0b80@group-D48B69A44692-LeaderElection132] INFO  impl.LeaderElection (LeaderElection.java:askForVotes(178)) - a1c78c0e-869c-4f76-b4ce-2034448e0b80@group-D48B69A44692-LeaderElection132: begin an election at term 67 for -1: [51276c3c-a3b8-4274-b089-592ff4589f41:192.168.157.213:36639, 64c90977-e867-487c-b50d-c226f2d34a76:192.168.157.213:37433, a1c78c0e-869c-4f76-b4ce-2034448e0b80:192.168.157.213:33501], old=null
2019-10-19 01:04:36,088 [grpc-default-executor-5] INFO  impl.RaftServerImpl (RaftServerImpl.java:setRole(184)) - 64c90977-e867-487c-b50d-c226f2d34a76@group-D48B69A44692: changes role from  FOLLOWER to FOLLOWER at term 67 for recognizeCandidate:a1c78c0e-869c-4f76-b4ce-2034448e0b80
2019-10-19 01:04:36,088 [grpc-default-executor-5] INFO  impl.RoleInfo (RoleInfo.java:shutdownFollowerState(121)) - 64c90977-e867-487c-b50d-c226f2d34a76: shutdown FollowerState
2019-10-19 01:04:36,088 [grpc-default-executor-4] INFO  impl.RaftServerImpl (RaftServerImpl.java:setRole(184)) - 51276c3c-a3b8-4274-b089-592ff4589f41@group-D48B69A44692: changes role from  FOLLOWER to FOLLOWER at term 67 for recognizeCandidate:a1c78c0e-869c-4f76-b4ce-2034448e0b80
2019-10-19 01:04:36,088 [Thread-1218] INFO  impl.FollowerState (FollowerState.java:run(117)) - 64c90977-e867-487c-b50d-c226f2d34a76@group-D48B69A44692-FollowerState was interrupted: java.lang.InterruptedException: sleep interrupted
2019-10-19 01:04:36,088 [grpc-default-executor-5] INFO  impl.RoleInfo (RoleInfo.java:updateAndGet(143)) - 64c90977-e867-487c-b50d-c226f2d34a76: start FollowerState
2019-10-19 01:04:36,088 [grpc-default-executor-4] INFO  impl.RoleInfo (RoleInfo.java:shutdownFollowerState(121)) - 51276c3c-a3b8-4274-b089-592ff4589f41: shutdown FollowerState
2019-10-19 01:04:36,089 [grpc-default-executor-4] INFO  impl.RoleInfo (RoleInfo.java:updateAndGet(143)) - 51276c3c-a3b8-4274-b089-592ff4589f41: start FollowerState
2019-10-19 01:04:36,089 [Thread-1217] INFO  impl.FollowerState (FollowerState.java:run(117)) - 51276c3c-a3b8-4274-b089-592ff4589f41@group-D48B69A44692-FollowerState was interrupted: java.lang.InterruptedException: sleep interrupted
2019-10-19 01:04:36,103 [a1c78c0e-869c-4f76-b4ce-2034448e0b80@group-D48B69A44692-LeaderElection132] INFO  impl.LeaderElection (LeaderElection.java:logAndReturn(56)) - a1c78c0e-869c-4f76-b4ce-2034448e0b80@group-D48B69A44692-LeaderElection132: Election REJECTED; received 2 response(s) [a1c78c0e-869c-4f76-b4ce-2034448e0b80<-51276c3c-a3b8-4274-b089-592ff4589f41#0:FAIL-t67, a1c78c0e-869c-4f76-b4ce-2034448e0b80<-64c90977-e867-487c-b50d-c226f2d34a76#0:FAIL-t67] and 0 exception(s); a1c78c0e-869c-4f76-b4ce-2034448e0b80@group-D48B69A44692:t67, leader=null, voted=a1c78c0e-869c-4f76-b4ce-2034448e0b80, raftlog=a1c78c0e-869c-4f76-b4ce-2034448e0b80@group-D48B69A44692-SegmentedRaftLog:OPENED:c-1,f-1,i0, conf=-1: [51276c3c-a3b8-4274-b089-592ff4589f41:192.168.157.213:36639, 64c90977-e867-487c-b50d-c226f2d34a76:192.168.157.213:37433, a1c78c0e-869c-4f76-b4ce-2034448e0b80:192.168.157.213:33501], old=null
2019-10-19 01:04:36,103 [a1c78c0e-869c-4f76-b4ce-2034448e0b80@group-D48B69A44692-LeaderElection132] INFO  impl.RaftServerImpl (RaftServerImpl.java:setRole(184)) - a1c78c0e-869c-4f76-b4ce-2034448e0b80@group-D48B69A44692: changes role from CANDIDATE to FOLLOWER at term 67 for DISCOVERED_A_NEW_TERM
2019-10-19 01:04:36,103 [a1c78c0e-869c-4f76-b4ce-2034448e0b80@group-D48B69A44692-LeaderElection132] INFO  impl.RoleInfo (RoleInfo.java:shutdownLeaderElection(134)) - a1c78c0e-869c-4f76-b4ce-2034448e0b80: shutdown LeaderElection
2019-10-19 01:04:36,103 [a1c78c0e-869c-4f76-b4ce-2034448e0b80@group-D48B69A44692-LeaderElection132] INFO  impl.RoleInfo (RoleInfo.java:updateAndGet(143)) - a1c78c0e-869c-4f76-b4ce-2034448e0b80: start FollowerState
2019-10-19 01:04:36,186 [Thread-1239] INFO  impl.FollowerState (FollowerState.java:run(108)) - a1c78c0e-869c-4f76-b4ce-2034448e0b80@group-D48B69A44692-FollowerState: change to CANDIDATE, lastRpcTime:83ms, electionTimeout:83ms
2019-10-19 01:04:36,187 [Thread-1239] INFO  impl.RoleInfo (RoleInfo.java:shutdownFollowerState(121)) - a1c78c0e-869c-4f76-b4ce-2034448e0b80: shutdown FollowerState
2019-10-19 01:04:36,187 [Thread-1239] INFO  impl.RaftServerImpl (RaftServerImpl.java:setRole(184)) - a1c78c0e-869c-4f76-b4ce-2034448e0b80@group-D48B69A44692: changes role from  FOLLOWER to CANDIDATE at term 67 for changeToCandidate
2019-10-19 01:04:36,187 [Thread-1239] INFO  impl.RoleInfo (RoleInfo.java:updateAndGet(143)) - a1c78c0e-869c-4f76-b4ce-2034448e0b80: start LeaderElection
2019-10-19 01:04:36,200 [a1c78c0e-869c-4f76-b4ce-2034448e0b80@group-D48B69A44692-LeaderElection133] INFO  impl.LeaderElection (LeaderElection.java:askForVotes(178)) - a1c78c0e-869c-4f76-b4ce-2034448e0b80@group-D48B69A44692-LeaderElection133: begin an election at term 68 for -1: [51276c3c-a3b8-4274-b089-592ff4589f41:192.168.157.213:36639, 64c90977-e867-487c-b50d-c226f2d34a76:192.168.157.213:37433, a1c78c0e-869c-4f76-b4ce-2034448e0b80:192.168.157.213:33501], old=null
2019-10-19 01:04:36,203 [grpc-default-executor-5] INFO  impl.RaftServerImpl (RaftServerImpl.java:setRole(184)) - 64c90977-e867-487c-b50d-c226f2d34a76@group-D48B69A44692: changes role from  FOLLOWER to FOLLOWER at term 68 for recognizeCandidate:a1c78c0e-869c-4f76-b4ce-2034448e0b80
2019-10-19 01:04:36,203 [grpc-default-executor-4] INFO  impl.RaftServerImpl (RaftServerImpl.java:setRole(184)) - 51276c3c-a3b8-4274-b089-592ff4589f41@group-D48B69A44692: changes role from  FOLLOWER to FOLLOWER at term 68 for recognizeCandidate:a1c78c0e-869c-4f76-b4ce-2034448e0b80
2019-10-19 01:04:36,203 [grpc-default-executor-5] INFO  impl.RoleInfo (RoleInfo.java:shutdownFollowerState(121)) - 64c90977-e867-487c-b50d-c226f2d34a76: shutdown FollowerState
2019-10-19 01:04:36,203 [grpc-default-executor-4] INFO  impl.RoleInfo (RoleInfo.java:shutdownFollowerState(121)) - 51276c3c-a3b8-4274-b089-592ff4589f41: shutdown FollowerState
2019-10-19 01:04:36,204 [Thread-1237] INFO  impl.FollowerState (FollowerState.java:run(117)) - 64c90977-e867-487c-b50d-c226f2d34a76@group-D48B69A44692-FollowerState was interrupted: java.lang.InterruptedException: sleep interrupted
2019-10-19 01:04:36,204 [grpc-default-executor-5] INFO  impl.RoleInfo (RoleInfo.java:updateAndGet(143)) - 64c90977-e867-487c-b50d-c226f2d34a76: start FollowerState
2019-10-19 01:04:36,204 [Thread-1238] INFO  impl.FollowerState (FollowerState.java:run(117)) - 51276c3c-a3b8-4274-b089-592ff4589f41@group-D48B69A44692-FollowerState was interrupted: java.lang.InterruptedException: sleep interrupted
2019-10-19 01:04:36,204 [grpc-default-executor-4] INFO  impl.RoleInfo (RoleInfo.java:updateAndGet(143)) - 51276c3c-a3b8-4274-b089-592ff4589f41: start FollowerState
2019-10-19 01:04:36,218 [Thread-1234] INFO  impl.FollowerState (FollowerState.java:run(108)) - a54795b0-6c9c-4137-a866-f82f653c9bf9@group-FB3B7D7D89E3-FollowerState: change to CANDIDATE, lastRpcTime:133ms, electionTimeout:133ms
2019-10-19 01:04:36,219 [Thread-1234] INFO  impl.RoleInfo (RoleInfo.java:shutdownFollowerState(121)) - a54795b0-6c9c-4137-a866-f82f653c9bf9: shutdown FollowerState
2019-10-19 01:04:36,219 [Thread-1234] INFO  impl.RaftServerImpl (RaftServerImpl.java:setRole(184)) - a54795b0-6c9c-4137-a866-f82f653c9bf9@group-FB3B7D7D89E3: changes role from  FOLLOWER to CANDIDATE at term 69 for changeToCandidate
2019-10-19 01:04:36,219 [Thread-1234] INFO  impl.RoleInfo (RoleInfo.java:updateAndGet(143)) - a54795b0-6c9c-4137-a866-f82f653c9bf9: start LeaderElection
2019-10-19 01:04:36,222 [a54795b0-6c9c-4137-a866-f82f653c9bf9@group-FB3B7D7D89E3-LeaderElection134] INFO  impl.LeaderElection (LeaderElection.java:askForVotes(178)) - a54795b0-6c9c-4137-a866-f82f653c9bf9@group-FB3B7D7D89E3-LeaderElection134: begin an election at term 70 for -1: [a54795b0-6c9c-4137-a866-f82f653c9bf9:192.168.157.213:43688, b26a8d60-58dc-431d-8168-f89a9ab35f3a:192.168.157.213:35535, 16805c57-9f45-4377-8998-764a8f26e152:192.168.157.213:33728], old=null
2019-10-19 01:04:36,223 [a1c78c0e-869c-4f76-b4ce-2034448e0b80@group-D48B69A44692-LeaderElection133] INFO  impl.LeaderElection (LeaderElection.java:logAndReturn(56)) - a1c78c0e-869c-4f76-b4ce-2034448e0b80@group-D48B69A44692-LeaderElection133: Election REJECTED; received 2 response(s) [a1c78c0e-869c-4f76-b4ce-2034448e0b80<-51276c3c-a3b8-4274-b089-592ff4589f41#0:FAIL-t68, a1c78c0e-869c-4f76-b4ce-2034448e0b80<-64c90977-e867-487c-b50d-c226f2d34a76#0:FAIL-t68] and 0 exception(s); a1c78c0e-869c-4f76-b4ce-2034448e0b80@group-D48B69A44692:t68, leader=null, voted=a1c78c0e-869c-4f76-b4ce-2034448e0b80, raftlog=a1c78c0e-869c-4f76-b4ce-2034448e0b80@group-D48B69A44692-SegmentedRaftLog:OPENED:c-1,f-1,i0, conf=-1: [51276c3c-a3b8-4274-b089-592ff4589f41:192.168.157.213:36639, 64c90977-e867-487c-b50d-c226f2d34a76:192.168.157.213:37433, a1c78c0e-869c-4f76-b4ce-2034448e0b80:192.168.157.213:33501], old=null
2019-10-19 01:04:36,224 [a1c78c0e-869c-4f76-b4ce-2034448e0b80@group-D48B69A44692-LeaderElection133] INFO  impl.RaftServerImpl (RaftServerImpl.java:setRole(184)) - a1c78c0e-869c-4f76-b4ce-2034448e0b80@group-D48B69A44692: changes role from CANDIDATE to FOLLOWER at term 68 for DISCOVERED_A_NEW_TERM
2019-10-19 01:04:36,224 [a1c78c0e-869c-4f76-b4ce-2034448e0b80@group-D48B69A44692-LeaderElection133] INFO  impl.RoleInfo (RoleInfo.java:shutdownLeaderElection(134)) - a1c78c0e-869c-4f76-b4ce-2034448e0b80: shutdown LeaderElection
2019-10-19 01:04:36,224 [a1c78c0e-869c-4f76-b4ce-2034448e0b80@group-D48B69A44692-LeaderElection133] INFO  impl.RoleInfo (RoleInfo.java:updateAndGet(143)) - a1c78c0e-869c-4f76-b4ce-2034448e0b80: start FollowerState
2019-10-19 01:04:36,224 [grpc-default-executor-5] INFO  impl.RaftServerImpl (RaftServerImpl.java:setRole(184)) - b26a8d60-58dc-431d-8168-f89a9ab35f3a@group-FB3B7D7D89E3: changes role from  FOLLOWER to FOLLOWER at term 70 for recognizeCandidate:a54795b0-6c9c-4137-a866-f82f653c9bf9
2019-10-19 01:04:36,224 [grpc-default-executor-5] INFO  impl.RoleInfo (RoleInfo.java:shutdownFollowerState(121)) - b26a8d60-58dc-431d-8168-f89a9ab35f3a: shutdown FollowerState
2019-10-19 01:04:36,225 [grpc-default-executor-4] INFO  impl.RaftServerImpl (RaftServerImpl.java:setRole(184)) - 16805c57-9f45-4377-8998-764a8f26e152@group-FB3B7D7D89E3: changes role from  FOLLOWER to FOLLOWER at term 70 for recognizeCandidate:a54795b0-6c9c-4137-a866-f82f653c9bf9
2019-10-19 01:04:36,225 [grpc-default-executor-5] INFO  impl.RoleInfo (RoleInfo.java:updateAndGet(143)) - b26a8d60-58dc-431d-8168-f89a9ab35f3a: start FollowerState
2019-10-19 01:04:36,225 [Thread-1232] INFO  impl.FollowerState (FollowerState.java:run(117)) - b26a8d60-58dc-431d-8168-f89a9ab35f3a@group-FB3B7D7D89E3-FollowerState was interrupted: java.lang.InterruptedException: sleep interrupted
2019-10-19 01:04:36,225 [grpc-default-executor-4] INFO  impl.RoleInfo (RoleInfo.java:shutdownFollowerState(121)) - 16805c57-9f45-4377-8998-764a8f26e152: shutdown FollowerState
2019-10-19 01:04:36,225 [grpc-default-executor-4] INFO  impl.RoleInfo (RoleInfo.java:updateAndGet(143)) - 16805c57-9f45-4377-8998-764a8f26e152: start FollowerState
2019-10-19 01:04:36,225 [Thread-1231] INFO  impl.FollowerState (FollowerState.java:run(117)) - 16805c57-9f45-4377-8998-764a8f26e152@group-FB3B7D7D89E3-FollowerState was interrupted: java.lang.InterruptedException: sleep interrupted
2019-10-19 01:04:36,264 [a54795b0-6c9c-4137-a866-f82f653c9bf9@group-FB3B7D7D89E3-LeaderElection134] INFO  impl.LeaderElection (LeaderElection.java:logAndReturn(56)) - a54795b0-6c9c-4137-a866-f82f653c9bf9@group-FB3B7D7D89E3-LeaderElection134: Election REJECTED; received 2 response(s) [a54795b0-6c9c-4137-a866-f82f653c9bf9<-b26a8d60-58dc-431d-8168-f89a9ab35f3a#0:FAIL-t70, a54795b0-6c9c-4137-a866-f82f653c9bf9<-16805c57-9f45-4377-8998-764a8f26e152#0:FAIL-t70] and 0 exception(s); a54795b0-6c9c-4137-a866-f82f653c9bf9@group-FB3B7D7D89E3:t70, leader=null, voted=a54795b0-6c9c-4137-a866-f82f653c9bf9, raftlog=a54795b0-6c9c-4137-a866-f82f653c9bf9@group-FB3B7D7D89E3-SegmentedRaftLog:OPENED:c-1,f-1,i0, conf=-1: [a54795b0-6c9c-4137-a866-f82f653c9bf9:192.168.157.213:43688, b26a8d60-58dc-431d-8168-f89a9ab35f3a:192.168.157.213:35535, 16805c57-9f45-4377-8998-764a8f26e152:192.168.157.213:33728], old=null
2019-10-19 01:04:36,264 [a54795b0-6c9c-4137-a866-f82f653c9bf9@group-FB3B7D7D89E3-LeaderElection134] INFO  impl.RaftServerImpl (RaftServerImpl.java:setRole(184)) - a54795b0-6c9c-4137-a866-f82f653c9bf9@group-FB3B7D7D89E3: changes role from CANDIDATE to FOLLOWER at term 70 for DISCOVERED_A_NEW_TERM
2019-10-19 01:04:36,264 [a54795b0-6c9c-4137-a866-f82f653c9bf9@group-FB3B7D7D89E3-LeaderElection134] INFO  impl.RoleInfo (RoleInfo.java:shutdownLeaderElection(134)) - a54795b0-6c9c-4137-a866-f82f653c9bf9: shutdown LeaderElection
2019-10-19 01:04:36,264 [a54795b0-6c9c-4137-a866-f82f653c9bf9@group-FB3B7D7D89E3-LeaderElection134] INFO  impl.RoleInfo (RoleInfo.java:updateAndGet(143)) - a54795b0-6c9c-4137-a866-f82f653c9bf9: start FollowerState
2019-10-19 01:04:36,320 [Thread-1248] INFO  impl.FollowerState (FollowerState.java:run(108)) - a1c78c0e-869c-4f76-b4ce-2034448e0b80@group-D48B69A44692-FollowerState: change to CANDIDATE, lastRpcTime:96ms, electionTimeout:96ms
2019-10-19 01:04:36,321 [Thread-1248] INFO  impl.RoleInfo (RoleInfo.java:shutdownFollowerState(121)) - a1c78c0e-869c-4f76-b4ce-2034448e0b80: shutdown FollowerState
2019-10-19 01:04:36,321 [Thread-1248] INFO  impl.RaftServerImpl (RaftServerImpl.java:setRole(184)) - a1c78c0e-869c-4f76-b4ce-2034448e0b80@group-D48B69A44692: changes role from  FOLLOWER to CANDIDATE at term 68 for changeToCandidate
2019-10-19 01:04:36,321 [Thread-1248] INFO  impl.RoleInfo (RoleInfo.java:updateAndGet(143)) - a1c78c0e-869c-4f76-b4ce-2034448e0b80: start LeaderElection
2019-10-19 01:04:36,334 [a1c78c0e-869c-4f76-b4ce-2034448e0b80@group-D48B69A44692-LeaderElection135] INFO  impl.LeaderElection (LeaderElection.java:askForVotes(178)) - a1c78c0e-869c-4f76-b4ce-2034448e0b80@group-D48B69A44692-LeaderElection135: begin an election at term 69 for -1: [51276c3c-a3b8-4274-b089-592ff4589f41:192.168.157.213:36639, 64c90977-e867-487c-b50d-c226f2d34a76:192.168.157.213:37433, a1c78c0e-869c-4f76-b4ce-2034448e0b80:192.168.157.213:33501], old=null
2019-10-19 01:04:36,337 [grpc-default-executor-4] INFO  impl.RaftServerImpl (RaftServerImpl.java:setRole(184)) - 51276c3c-a3b8-4274-b089-592ff4589f41@group-D48B69A44692: changes role from  FOLLOWER to FOLLOWER at term 69 for recognizeCandidate:a1c78c0e-869c-4f76-b4ce-2034448e0b80
2019-10-19 01:04:36,337 [grpc-default-executor-5] INFO  impl.RaftServerImpl (RaftServerImpl.java:setRole(184)) - 64c90977-e867-487c-b50d-c226f2d34a76@group-D48B69A44692: changes role from  FOLLOWER to FOLLOWER at term 69 for recognizeCandidate:a1c78c0e-869c-4f76-b4ce-2034448e0b80
2019-10-19 01:04:36,337 [grpc-default-executor-4] INFO  impl.RoleInfo (RoleInfo.java:shutdownFollowerState(121)) - 51276c3c-a3b8-4274-b089-592ff4589f41: shutdown FollowerState
2019-10-19 01:04:36,337 [grpc-default-executor-5] INFO  impl.RoleInfo (RoleInfo.java:shutdownFollowerState(121)) - 64c90977-e867-487c-b50d-c226f2d34a76: shutdown FollowerState
2019-10-19 01:04:36,337 [grpc-default-executor-4] INFO  impl.RoleInfo (RoleInfo.java:updateAndGet(143)) - 51276c3c-a3b8-4274-b089-592ff4589f41: start FollowerState
2019-10-19 01:04:36,338 [Thread-1243] INFO  impl.FollowerState (FollowerState.java:run(117)) - 64c90977-e867-487c-b50d-c226f2d34a76@group-D48B69A44692-FollowerState was interrupted: java.lang.InterruptedException: sleep interrupted
2019-10-19 01:04:36,337 [grpc-default-executor-5] INFO  impl.RoleInfo (RoleInfo.java:updateAndGet(143)) - 64c90977-e867-487c-b50d-c226f2d34a76: start FollowerState
2019-10-19 01:04:36,337 [Thread-1244] INFO  impl.FollowerState (FollowerState.java:run(117)) - 51276c3c-a3b8-4274-b089-592ff4589f41@group-D48B69A44692-FollowerState was interrupted: java.lang.InterruptedException: sleep interrupted
2019-10-19 01:04:36,352 [a1c78c0e-869c-4f76-b4ce-2034448e0b80@group-D48B69A44692-LeaderElection135] INFO  impl.LeaderElection (LeaderElection.java:logAndReturn(56)) - a1c78c0e-869c-4f76-b4ce-2034448e0b80@group-D48B69A44692-LeaderElection135: Election REJECTED; received 2 response(s) [a1c78c0e-869c-4f76-b4ce-2034448e0b80<-51276c3c-a3b8-4274-b089-592ff4589f41#0:FAIL-t69, a1c78c0e-869c-4f76-b4ce-2034448e0b80<-64c90977-e867-487c-b50d-c226f2d34a76#0:FAIL-t69] and 0 exception(s); a1c78c0e-869c-4f76-b4ce-2034448e0b80@group-D48B69A44692:t69, leader=null, voted=a1c78c0e-869c-4f76-b4ce-2034448e0b80, raftlog=a1c78c0e-869c-4f76-b4ce-2034448e0b80@group-D48B69A44692-SegmentedRaftLog:OPENED:c-1,f-1,i0, conf=-1: [51276c3c-a3b8-4274-b089-592ff4589f41:192.168.157.213:36639, 64c90977-e867-487c-b50d-c226f2d34a76:192.168.157.213:37433, a1c78c0e-869c-4f76-b4ce-2034448e0b80:192.168.157.213:33501], old=null
2019-10-19 01:04:36,352 [a1c78c0e-869c-4f76-b4ce-2034448e0b80@group-D48B69A44692-LeaderElection135] INFO  impl.RaftServerImpl (RaftServerImpl.java:setRole(184)) - a1c78c0e-869c-4f76-b4ce-2034448e0b80@group-D48B69A44692: changes role from CANDIDATE to FOLLOWER at term 69 for DISCOVERED_A_NEW_TERM
2019-10-19 01:04:36,352 [a1c78c0e-869c-4f76-b4ce-2034448e0b80@group-D48B69A44692-LeaderElection135] INFO  impl.RoleInfo (RoleInfo.java:shutdownLeaderElection(134)) - a1c78c0e-869c-4f76-b4ce-2034448e0b80: shutdown LeaderElection
2019-10-19 01:04:36,353 [a1c78c0e-869c-4f76-b4ce-2034448e0b80@group-D48B69A44692-LeaderElection135] INFO  impl.RoleInfo (RoleInfo.java:updateAndGet(143)) - a1c78c0e-869c-4f76-b4ce-2034448e0b80: start FollowerState
2019-10-19 01:04:36,451 [Thread-1251] INFO  impl.FollowerState (FollowerState.java:run(108)) - a54795b0-6c9c-4137-a866-f82f653c9bf9@group-FB3B7D7D89E3-FollowerState: change to CANDIDATE, lastRpcTime:186ms, electionTimeout:186ms
2019-10-19 01:04:36,451 [Thread-1251] INFO  impl.RoleInfo (RoleInfo.java:shutdownFollowerState(121)) - a54795b0-6c9c-4137-a866-f82f653c9bf9: shutdown FollowerState
2019-10-19 01:04:36,451 [Thread-1251] INFO  impl.RaftServerImpl (RaftServerImpl.java:setRole(184)) - a54795b0-6c9c-4137-a866-f82f653c9bf9@group-FB3B7D7D89E3: changes role from  FOLLOWER to CANDIDATE at term 70 for changeToCandidate
2019-10-19 01:04:36,451 [Thread-1251] INFO  impl.RoleInfo (RoleInfo.java:updateAndGet(143)) - a54795b0-6c9c-4137-a866-f82f653c9bf9: start LeaderElection
2019-10-19 01:04:36,458 [Thread-1257] INFO  impl.FollowerState (FollowerState.java:run(108)) - a1c78c0e-869c-4f76-b4ce-2034448e0b80@group-D48B69A44692-FollowerState: change to CANDIDATE, lastRpcTime:105ms, electionTimeout:105ms
2019-10-19 01:04:36,458 [Thread-1257] INFO  impl.RoleInfo (RoleInfo.java:shutdownFollowerState(121)) - a1c78c0e-869c-4f76-b4ce-2034448e0b80: shutdown FollowerState
2019-10-19 01:04:36,458 [Thread-1257] INFO  impl.RaftServerImpl (RaftServerImpl.java:setRole(184)) - a1c78c0e-869c-4f76-b4ce-2034448e0b80@group-D48B69A44692: changes role from  FOLLOWER to CANDIDATE at term 69 for changeToCandidate
2019-10-19 01:04:36,458 [Thread-1257] INFO  impl.RoleInfo (RoleInfo.java:updateAndGet(143)) - a1c78c0e-869c-4f76-b4ce-2034448e0b80: start LeaderElection
2019-10-19 01:04:36,473 [a54795b0-6c9c-4137-a866-f82f653c9bf9@group-FB3B7D7D89E3-LeaderElection136] INFO  impl.LeaderElection (LeaderElection.java:askForVotes(178)) - a54795b0-6c9c-4137-a866-f82f653c9bf9@group-FB3B7D7D89E3-LeaderElection136: begin an election at term 71 for -1: [a54795b0-6c9c-4137-a866-f82f653c9bf9:192.168.157.213:43688, b26a8d60-58dc-431d-8168-f89a9ab35f3a:192.168.157.213:35535, 16805c57-9f45-4377-8998-764a8f26e152:192.168.157.213:33728], old=null
2019-10-19 01:04:36,473 [a1c78c0e-869c-4f76-b4ce-2034448e0b80@group-D48B69A44692-LeaderElection137] INFO  impl.LeaderElection (LeaderElection.java:askForVotes(178)) - a1c78c0e-869c-4f76-b4ce-2034448e0b80@group-D48B69A44692-LeaderElection137: begin an election at term 70 for -1: [51276c3c-a3b8-4274-b089-592ff4589f41:192.168.157.213:36639, 64c90977-e867-487c-b50d-c226f2d34a76:192.168.157.213:37433, a1c78c0e-869c-4f76-b4ce-2034448e0b80:192.168.157.213:33501], old=null
2019-10-19 01:04:36,475 [grpc-default-executor-4] INFO  impl.RaftServerImpl (RaftServerImpl.java:setRole(184)) - b26a8d60-58dc-431d-8168-f89a9ab35f3a@group-FB3B7D7D89E3: changes role from  FOLLOWER to FOLLOWER at term 71 for recognizeCandidate:a54795b0-6c9c-4137-a866-f82f653c9bf9
2019-10-19 01:04:36,475 [grpc-default-executor-4] INFO  impl.RoleInfo (RoleInfo.java:shutdownFollowerState(121)) - b26a8d60-58dc-431d-8168-f89a9ab35f3a: shutdown FollowerState
2019-10-19 01:04:36,475 [grpc-default-executor-5] INFO  impl.RaftServerImpl (RaftServerImpl.java:setRole(184)) - 64c90977-e867-487c-b50d-c226f2d34a76@group-D48B69A44692: changes role from  FOLLOWER to FOLLOWER at term 70 for recognizeCandidate:a1c78c0e-869c-4f76-b4ce-2034448e0b80
2019-10-19 01:04:36,476 [grpc-default-executor-7] INFO  impl.RaftServerImpl (RaftServerImpl.java:setRole(184)) - 16805c57-9f45-4377-8998-764a8f26e152@group-FB3B7D7D89E3: changes role from  FOLLOWER to FOLLOWER at term 71 for recognizeCandidate:a54795b0-6c9c-4137-a866-f82f653c9bf9
2019-10-19 01:04:36,476 [grpc-default-executor-7] INFO  impl.RoleInfo (RoleInfo.java:shutdownFollowerState(121)) - 16805c57-9f45-4377-8998-764a8f26e152: shutdown FollowerState
2019-10-19 01:04:36,476 [grpc-default-executor-4] INFO  impl.RoleInfo (RoleInfo.java:updateAndGet(143)) - b26a8d60-58dc-431d-8168-f89a9ab35f3a: start FollowerState
2019-10-19 01:04:36,476 [grpc-default-executor-6] INFO  impl.RaftServerImpl (RaftServerImpl.java:setRole(184)) - 51276c3c-a3b8-4274-b089-592ff4589f41@group-D48B69A44692: changes role from  FOLLOWER to FOLLOWER at term 70 for recognizeCandidate:a1c78c0e-869c-4f76-b4ce-2034448e0b80
2019-10-19 01:04:36,476 [Thread-1250] INFO  impl.FollowerState (FollowerState.java:run(117)) - 16805c57-9f45-4377-8998-764a8f26e152@group-FB3B7D7D89E3-FollowerState was interrupted: java.lang.InterruptedException: sleep interrupted
2019-10-19 01:04:36,476 [grpc-default-executor-7] INFO  impl.RoleInfo (RoleInfo.java:updateAndGet(143)) - 16805c57-9f45-4377-8998-764a8f26e152: start FollowerState
2019-10-19 01:04:36,476 [Thread-1249] INFO  impl.FollowerState (FollowerState.java:run(117)) - b26a8d60-58dc-431d-8168-f89a9ab35f3a@group-FB3B7D7D89E3-FollowerState was interrupted: java.lang.InterruptedException: sleep interrupted
2019-10-19 01:04:36,476 [grpc-default-executor-5] INFO  impl.RoleInfo (RoleInfo.java:shutdownFollowerState(121)) - 64c90977-e867-487c-b50d-c226f2d34a76: shutdown FollowerState
2019-10-19 01:04:36,476 [grpc-default-executor-6] INFO  impl.RoleInfo (RoleInfo.java:shutdownFollowerState(121)) - 51276c3c-a3b8-4274-b089-592ff4589f41: shutdown FollowerState
2019-10-19 01:04:36,477 [Thread-1256] INFO  impl.FollowerState (FollowerState.java:run(117)) - 64c90977-e867-487c-b50d-c226f2d34a76@group-D48B69A44692-FollowerState was interrupted: java.lang.InterruptedException: sleep interrupted
2019-10-19 01:04:36,477 [grpc-default-executor-5] INFO  impl.RoleInfo (RoleInfo.java:updateAndGet(143)) - 64c90977-e867-487c-b50d-c226f2d34a76: start FollowerState
2019-10-19 01:04:36,477 [Thread-1255] INFO  impl.FollowerState (FollowerState.java:run(117)) - 51276c3c-a3b8-4274-b089-592ff4589f41@group-D48B69A44692-FollowerState was interrupted: java.lang.InterruptedException: sleep interrupted
2019-10-19 01:04:36,477 [grpc-default-executor-6] INFO  impl.RoleInfo (RoleInfo.java:updateAndGet(143)) - 51276c3c-a3b8-4274-b089-592ff4589f41: start FollowerState
2019-10-19 01:04:36,491 [a54795b0-6c9c-4137-a866-f82f653c9bf9@group-FB3B7D7D89E3-LeaderElection136] INFO  impl.LeaderElection (LeaderElection.java:logAndReturn(56)) - a54795b0-6c9c-4137-a866-f82f653c9bf9@group-FB3B7D7D89E3-LeaderElection136: Election REJECTED; received 2 response(s) [a54795b0-6c9c-4137-a866-f82f653c9bf9<-b26a8d60-58dc-431d-8168-f89a9ab35f3a#0:FAIL-t71, a54795b0-6c9c-4137-a866-f82f653c9bf9<-16805c57-9f45-4377-8998-764a8f26e152#0:FAIL-t71] and 0 exception(s); a54795b0-6c9c-4137-a866-f82f653c9bf9@group-FB3B7D7D89E3:t71, leader=null, voted=a54795b0-6c9c-4137-a866-f82f653c9bf9, raftlog=a54795b0-6c9c-4137-a866-f82f653c9bf9@group-FB3B7D7D89E3-SegmentedRaftLog:OPENED:c-1,f-1,i0, conf=-1: [a54795b0-6c9c-4137-a866-f82f653c9bf9:192.168.157.213:43688, b26a8d60-58dc-431d-8168-f89a9ab35f3a:192.168.157.213:35535, 16805c57-9f45-4377-8998-764a8f26e152:192.168.157.213:33728], old=null
2019-10-19 01:04:36,491 [a54795b0-6c9c-4137-a866-f82f653c9bf9@group-FB3B7D7D89E3-LeaderElection136] INFO  impl.RaftServerImpl (RaftServerImpl.java:setRole(184)) - a54795b0-6c9c-4137-a866-f82f653c9bf9@group-FB3B7D7D89E3: changes role from CANDIDATE to FOLLOWER at term 71 for DISCOVERED_A_NEW_TERM
2019-10-19 01:04:36,491 [a1c78c0e-869c-4f76-b4ce-2034448e0b80@group-D48B69A44692-LeaderElection137] INFO  impl.LeaderElection (LeaderElection.java:logAndReturn(56)) - a1c78c0e-869c-4f76-b4ce-2034448e0b80@group-D48B69A44692-LeaderElection137: Election REJECTED; received 2 response(s) [a1c78c0e-869c-4f76-b4ce-2034448e0b80<-51276c3c-a3b8-4274-b089-592ff4589f41#0:FAIL-t70, a1c78c0e-869c-4f76-b4ce-2034448e0b80<-64c90977-e867-487c-b50d-c226f2d34a76#0:FAIL-t70] and 0 exception(s); a1c78c0e-869c-4f76-b4ce-2034448e0b80@group-D48B69A44692:t70, leader=null, voted=a1c78c0e-869c-4f76-b4ce-2034448e0b80, raftlog=a1c78c0e-869c-4f76-b4ce-2034448e0b80@group-D48B69A44692-SegmentedRaftLog:OPENED:c-1,f-1,i0, conf=-1: [51276c3c-a3b8-4274-b089-592ff4589f41:192.168.157.213:36639, 64c90977-e867-487c-b50d-c226f2d34a76:192.168.157.213:37433, a1c78c0e-869c-4f76-b4ce-2034448e0b80:192.168.157.213:33501], old=null
2019-10-19 01:04:36,491 [a54795b0-6c9c-4137-a866-f82f653c9bf9@group-FB3B7D7D89E3-LeaderElection136] INFO  impl.RoleInfo (RoleInfo.java:shutdownLeaderElection(134)) - a54795b0-6c9c-4137-a866-f82f653c9bf9: shutdown LeaderElection
2019-10-19 01:04:36,491 [a1c78c0e-869c-4f76-b4ce-2034448e0b80@group-D48B69A44692-LeaderElection137] INFO  impl.RaftServerImpl (RaftServerImpl.java:setRole(184)) - a1c78c0e-869c-4f76-b4ce-2034448e0b80@group-D48B69A44692: changes role from CANDIDATE to FOLLOWER at term 70 for DISCOVERED_A_NEW_TERM
2019-10-19 01:04:36,491 [a54795b0-6c9c-4137-a866-f82f653c9bf9@group-FB3B7D7D89E3-LeaderElection136] INFO  impl.RoleInfo (RoleInfo.java:updateAndGet(143)) - a54795b0-6c9c-4137-a866-f82f653c9bf9: start FollowerState
2019-10-19 01:04:36,491 [a1c78c0e-869c-4f76-b4ce-2034448e0b80@group-D48B69A44692-LeaderElection137] INFO  impl.RoleInfo (RoleInfo.java:shutdownLeaderElection(134)) - a1c78c0e-869c-4f76-b4ce-2034448e0b80: shutdown LeaderElection
2019-10-19 01:04:36,491 [a1c78c0e-869c-4f76-b4ce-2034448e0b80@group-D48B69A44692-LeaderElection137] INFO  impl.RoleInfo (RoleInfo.java:updateAndGet(143)) - a1c78c0e-869c-4f76-b4ce-2034448e0b80: start FollowerState
2019-10-19 01:04:36,556 [Thread-1270] INFO  impl.FollowerState (FollowerState.java:run(108)) - a54795b0-6c9c-4137-a866-f82f653c9bf9@group-FB3B7D7D89E3-FollowerState: change to CANDIDATE, lastRpcTime:64ms, electionTimeout:64ms
2019-10-19 01:04:36,556 [Thread-1270] INFO  impl.RoleInfo (RoleInfo.java:shutdownFollowerState(121)) - a54795b0-6c9c-4137-a866-f82f653c9bf9: shutdown FollowerState
2019-10-19 01:04:36,556 [Thread-1270] INFO  impl.RaftServerImpl (RaftServerImpl.java:setRole(184)) - a54795b0-6c9c-4137-a866-f82f653c9bf9@group-FB3B7D7D89E3: changes role from  FOLLOWER to CANDIDATE at term 71 for changeToCandidate
2019-10-19 01:04:36,556 [Thread-1270] INFO  impl.RoleInfo (RoleInfo.java:updateAndGet(143)) - a54795b0-6c9c-4137-a866-f82f653c9bf9: start LeaderElection
2019-10-19 01:04:36,571 [a54795b0-6c9c-4137-a866-f82f653c9bf9@group-FB3B7D7D89E3-LeaderElection138] INFO  impl.LeaderElection (LeaderElection.java:askForVotes(178)) - a54795b0-6c9c-4137-a866-f82f653c9bf9@group-FB3B7D7D89E3-LeaderElection138: begin an election at term 72 for -1: [a54795b0-6c9c-4137-a866-f82f653c9bf9:192.168.157.213:43688, b26a8d60-58dc-431d-8168-f89a9ab35f3a:192.168.157.213:35535, 16805c57-9f45-4377-8998-764a8f26e152:192.168.157.213:33728], old=null
2019-10-19 01:04:36,574 [grpc-default-executor-6] INFO  impl.RaftServerImpl (RaftServerImpl.java:setRole(184)) - b26a8d60-58dc-431d-8168-f89a9ab35f3a@group-FB3B7D7D89E3: changes role from  FOLLOWER to FOLLOWER at term 72 for recognizeCandidate:a54795b0-6c9c-4137-a866-f82f653c9bf9
2019-10-19 01:04:36,574 [grpc-default-executor-6] INFO  impl.RoleInfo (RoleInfo.java:shutdownFollowerState(121)) - b26a8d60-58dc-431d-8168-f89a9ab35f3a: shutdown FollowerState
2019-10-19 01:04:36,574 [grpc-default-executor-7] INFO  impl.RaftServerImpl (RaftServerImpl.java:setRole(184)) - 16805c57-9f45-4377-8998-764a8f26e152@group-FB3B7D7D89E3: changes role from  FOLLOWER to FOLLOWER at term 72 for recognizeCandidate:a54795b0-6c9c-4137-a866-f82f653c9bf9
2019-10-19 01:04:36,574 [grpc-default-executor-6] INFO  impl.RoleInfo (RoleInfo.java:updateAndGet(143)) - b26a8d60-58dc-431d-8168-f89a9ab35f3a: start FollowerState
2019-10-19 01:04:36,574 [Thread-1266] INFO  impl.FollowerState (FollowerState.java:run(117)) - b26a8d60-58dc-431d-8168-f89a9ab35f3a@group-FB3B7D7D89E3-FollowerState was interrupted: java.lang.InterruptedException: sleep interrupted
2019-10-19 01:04:36,574 [grpc-default-executor-7] INFO  impl.RoleInfo (RoleInfo.java:shutdownFollowerState(121)) - 16805c57-9f45-4377-8998-764a8f26e152: shutdown FollowerState
2019-10-19 01:04:36,575 [grpc-default-executor-7] INFO  impl.RoleInfo (RoleInfo.java:updateAndGet(143)) - 16805c57-9f45-4377-8998-764a8f26e152: start FollowerState
2019-10-19 01:04:36,575 [Thread-1267] INFO  impl.FollowerState (FollowerState.java:run(117)) - 16805c57-9f45-4377-8998-764a8f26e152@group-FB3B7D7D89E3-FollowerState was interrupted: java.lang.InterruptedException: sleep interrupted
2019-10-19 01:04:36,589 [a54795b0-6c9c-4137-a866-f82f653c9bf9@group-FB3B7D7D89E3-LeaderElection138] INFO  impl.LeaderElection (LeaderElection.java:logAndReturn(56)) - a54795b0-6c9c-4137-a866-f82f653c9bf9@group-FB3B7D7D89E3-LeaderElection138: Election REJECTED; received 2 response(s) [a54795b0-6c9c-4137-a866-f82f653c9bf9<-b26a8d60-58dc-431d-8168-f89a9ab35f3a#0:FAIL-t72, a54795b0-6c9c-4137-a866-f82f653c9bf9<-16805c57-9f45-4377-8998-764a8f26e152#0:FAIL-t72] and 0 exception(s); a54795b0-6c9c-4137-a866-f82f653c9bf9@group-FB3B7D7D89E3:t72, leader=null, voted=a54795b0-6c9c-4137-a866-f82f653c9bf9, raftlog=a54795b0-6c9c-4137-a866-f82f653c9bf9@group-FB3B7D7D89E3-SegmentedRaftLog:OPENED:c-1,f-1,i0, conf=-1: [a54795b0-6c9c-4137-a866-f82f653c9bf9:192.168.157.213:43688, b26a8d60-58dc-431d-8168-f89a9ab35f3a:192.168.157.213:35535, 16805c57-9f45-4377-8998-764a8f26e152:192.168.157.213:33728], old=null
2019-10-19 01:04:36,589 [a54795b0-6c9c-4137-a866-f82f653c9bf9@group-FB3B7D7D89E3-LeaderElection138] INFO  impl.RaftServerImpl (RaftServerImpl.java:setRole(184)) - a54795b0-6c9c-4137-a866-f82f653c9bf9@group-FB3B7D7D89E3: changes role from CANDIDATE to FOLLOWER at term 72 for DISCOVERED_A_NEW_TERM
2019-10-19 01:04:36,589 [a54795b0-6c9c-4137-a866-f82f653c9bf9@group-FB3B7D7D89E3-LeaderElection138] INFO  impl.RoleInfo (RoleInfo.java:shutdownLeaderElection(134)) - a54795b0-6c9c-4137-a866-f82f653c9bf9: shutdown LeaderElection
2019-10-19 01:04:36,589 [a54795b0-6c9c-4137-a866-f82f653c9bf9@group-FB3B7D7D89E3-LeaderElection138] INFO  impl.RoleInfo (RoleInfo.java:updateAndGet(143)) - a54795b0-6c9c-4137-a866-f82f653c9bf9: start FollowerState
2019-10-19 01:04:36,668 [Thread-1271] INFO  impl.FollowerState (FollowerState.java:run(108)) - a1c78c0e-869c-4f76-b4ce-2034448e0b80@group-D48B69A44692-FollowerState: change to CANDIDATE, lastRpcTime:176ms, electionTimeout:176ms
2019-10-19 01:04:36,668 [Thread-1271] INFO  impl.RoleInfo (RoleInfo.java:shutdownFollowerState(121)) - a1c78c0e-869c-4f76-b4ce-2034448e0b80: shutdown FollowerState
2019-10-19 01:04:36,668 [Thread-1271] INFO  impl.RaftServerImpl (RaftServerImpl.java:setRole(184)) - a1c78c0e-869c-4f76-b4ce-2034448e0b80@group-D48B69A44692: changes role from  FOLLOWER to CANDIDATE at term 70 for changeToCandidate
2019-10-19 01:04:36,669 [Thread-1271] INFO  impl.RoleInfo (RoleInfo.java:updateAndGet(143)) - a1c78c0e-869c-4f76-b4ce-2034448e0b80: start LeaderElection
2019-10-19 01:04:36,683 [a1c78c0e-869c-4f76-b4ce-2034448e0b80@group-D48B69A44692-LeaderElection139] INFO  impl.LeaderElection (LeaderElection.java:askForVotes(178)) - a1c78c0e-869c-4f76-b4ce-2034448e0b80@group-D48B69A44692-LeaderElection139: begin an election at term 71 for -1: [51276c3c-a3b8-4274-b089-592ff4589f41:192.168.157.213:36639, 64c90977-e867-487c-b50d-c226f2d34a76:192.168.157.213:37433, a1c78c0e-869c-4f76-b4ce-2034448e0b80:192.168.157.213:33501], old=null
2019-10-19 01:04:36,686 [grpc-default-executor-6] INFO  impl.RaftServerImpl (RaftServerImpl.java:setRole(184)) - 64c90977-e867-487c-b50d-c226f2d34a76@group-D48B69A44692: changes role from  FOLLOWER to FOLLOWER at term 71 for recognizeCandidate:a1c78c0e-869c-4f76-b4ce-2034448e0b80
2019-10-19 01:04:36,686 [grpc-default-executor-7] INFO  impl.RaftServerImpl (RaftServerImpl.java:setRole(184)) - 51276c3c-a3b8-4274-b089-592ff4589f41@group-D48B69A44692: changes role from  FOLLOWER to FOLLOWER at term 71 for recognizeCandidate:a1c78c0e-869c-4f76-b4ce-2034448e0b80
2019-10-19 01:04:36,686 [grpc-default-executor-6] INFO  impl.RoleInfo (RoleInfo.java:shutdownFollowerState(121)) - 64c90977-e867-487c-b50d-c226f2d34a76: shutdown FollowerState
2019-10-19 01:04:36,687 [grpc-default-executor-7] INFO  impl.RoleInfo (RoleInfo.java:shutdownFollowerState(121)) - 51276c3c-a3b8-4274-b089-592ff4589f41: shutdown FollowerState
2019-10-19 01:04:36,687 [Thread-1268] INFO  impl.FollowerState (FollowerState.java:run(117)) - 64c90977-e867-487c-b50d-c226f2d34a76@group-D48B69A44692-FollowerState was interrupted: java.lang.InterruptedException: sleep interrupted
2019-10-19 01:04:36,687 [grpc-default-executor-6] INFO  impl.RoleInfo (RoleInfo.java:updateAndGet(143)) - 64c90977-e867-487c-b50d-c226f2d34a76: start FollowerState
2019-10-19 01:04:36,687 [Thread-1269] INFO  impl.FollowerState (FollowerState.java:run(117)) - 51276c3c-a3b8-4274-b089-592ff4589f41@group-D48B69A44692-FollowerState was interrupted: java.lang.InterruptedException: sleep interrupted
2019-10-19 01:04:36,687 [grpc-default-executor-7] INFO  impl.RoleInfo (RoleInfo.java:updateAndGet(143)) - 51276c3c-a3b8-4274-b089-592ff4589f41: start FollowerState
2019-10-19 01:04:36,703 [a1c78c0e-869c-4f76-b4ce-2034448e0b80@group-D48B69A44692-LeaderElection139] INFO  impl.LeaderElection (LeaderElection.java:logAndReturn(56)) - a1c78c0e-869c-4f76-b4ce-2034448e0b80@group-D48B69A44692-LeaderElection139: Election REJECTED; received 2 response(s) [a1c78c0e-869c-4f76-b4ce-2034448e0b80<-51276c3c-a3b8-4274-b089-592ff4589f41#0:FAIL-t71, a1c78c0e-869c-4f76-b4ce-2034448e0b80<-64c90977-e867-487c-b50d-c226f2d34a76#0:FAIL-t71] and 0 exception(s); a1c78c0e-869c-4f76-b4ce-2034448e0b80@group-D48B69A44692:t71, leader=null, voted=a1c78c0e-869c-4f76-b4ce-2034448e0b80, raftlog=a1c78c0e-869c-4f76-b4ce-2034448e0b80@group-D48B69A44692-SegmentedRaftLog:OPENED:c-1,f-1,i0, conf=-1: [51276c3c-a3b8-4274-b089-592ff4589f41:192.168.157.213:36639, 64c90977-e867-487c-b50d-c226f2d34a76:192.168.157.213:37433, a1c78c0e-869c-4f76-b4ce-2034448e0b80:192.168.157.213:33501], old=null
2019-10-19 01:04:36,703 [a1c78c0e-869c-4f76-b4ce-2034448e0b80@group-D48B69A44692-LeaderElection139] INFO  impl.RaftServerImpl (RaftServerImpl.java:setRole(184)) - a1c78c0e-869c-4f76-b4ce-2034448e0b80@group-D48B69A44692: changes role from CANDIDATE to FOLLOWER at term 71 for DISCOVERED_A_NEW_TERM
2019-10-19 01:04:36,703 [a1c78c0e-869c-4f76-b4ce-2034448e0b80@group-D48B69A44692-LeaderElection139] INFO  impl.RoleInfo (RoleInfo.java:shutdownLeaderElection(134)) - a1c78c0e-869c-4f76-b4ce-2034448e0b80: shutdown LeaderElection
2019-10-19 01:04:36,703 [a1c78c0e-869c-4f76-b4ce-2034448e0b80@group-D48B69A44692-LeaderElection139] INFO  impl.RoleInfo (RoleInfo.java:updateAndGet(143)) - a1c78c0e-869c-4f76-b4ce-2034448e0b80: start FollowerState
2019-10-19 01:04:36,777 [Thread-1277] INFO  impl.FollowerState (FollowerState.java:run(108)) - a54795b0-6c9c-4137-a866-f82f653c9bf9@group-FB3B7D7D89E3-FollowerState: change to CANDIDATE, lastRpcTime:187ms, electionTimeout:187ms
2019-10-19 01:04:36,777 [Thread-1277] INFO  impl.RoleInfo (RoleInfo.java:shutdownFollowerState(121)) - a54795b0-6c9c-4137-a866-f82f653c9bf9: shutdown FollowerState
2019-10-19 01:04:36,777 [Thread-1277] INFO  impl.RaftServerImpl (RaftServerImpl.java:setRole(184)) - a54795b0-6c9c-4137-a866-f82f653c9bf9@group-FB3B7D7D89E3: changes role from  FOLLOWER to CANDIDATE at term 72 for changeToCandidate
2019-10-19 01:04:36,777 [Thread-1277] INFO  impl.RoleInfo (RoleInfo.java:updateAndGet(143)) - a54795b0-6c9c-4137-a866-f82f653c9bf9: start LeaderElection
2019-10-19 01:04:36,791 [a54795b0-6c9c-4137-a866-f82f653c9bf9@group-FB3B7D7D89E3-LeaderElection140] INFO  impl.LeaderElection (LeaderElection.java:askForVotes(178)) - a54795b0-6c9c-4137-a866-f82f653c9bf9@group-FB3B7D7D89E3-LeaderElection140: begin an election at term 73 for -1: [a54795b0-6c9c-4137-a866-f82f653c9bf9:192.168.157.213:43688, b26a8d60-58dc-431d-8168-f89a9ab35f3a:192.168.157.213:35535, 16805c57-9f45-4377-8998-764a8f26e152:192.168.157.213:33728], old=null
2019-10-19 01:04:36,793 [grpc-default-executor-7] INFO  impl.RaftServerImpl (RaftServerImpl.java:setRole(184)) - 16805c57-9f45-4377-8998-764a8f26e152@group-FB3B7D7D89E3: changes role from  FOLLOWER to FOLLOWER at term 73 for recognizeCandidate:a54795b0-6c9c-4137-a866-f82f653c9bf9
2019-10-19 01:04:36,793 [grpc-default-executor-6] INFO  impl.RaftServerImpl (RaftServerImpl.java:setRole(184)) - b26a8d60-58dc-431d-8168-f89a9ab35f3a@group-FB3B7D7D89E3: changes role from  FOLLOWER to FOLLOWER at term 73 for recognizeCandidate:a54795b0-6c9c-4137-a866-f82f653c9bf9
2019-10-19 01:04:36,793 [grpc-default-executor-7] INFO  impl.RoleInfo (RoleInfo.java:shutdownFollowerState(121)) - 16805c57-9f45-4377-8998-764a8f26e152: shutdown FollowerState
2019-10-19 01:04:36,793 [grpc-default-executor-6] INFO  impl.RoleInfo (RoleInfo.java:shutdownFollowerState(121)) - b26a8d60-58dc-431d-8168-f89a9ab35f3a: shutdown FollowerState
2019-10-19 01:04:36,793 [grpc-default-executor-7] INFO  impl.RoleInfo (RoleInfo.java:updateAndGet(143)) - 16805c57-9f45-4377-8998-764a8f26e152: start FollowerState
2019-10-19 01:04:36,793 [Thread-1276] INFO  impl.FollowerState (FollowerState.java:run(117)) - 16805c57-9f45-4377-8998-764a8f26e152@group-FB3B7D7D89E3-FollowerState was interrupted: java.lang.InterruptedException: sleep interrupted
2019-10-19 01:04:36,793 [grpc-default-executor-6] INFO  impl.RoleInfo (RoleInfo.java:updateAndGet(143)) - b26a8d60-58dc-431d-8168-f89a9ab35f3a: start FollowerState
2019-10-19 01:04:36,794 [Thread-1275] INFO  impl.FollowerState (FollowerState.java:run(117)) - b26a8d60-58dc-431d-8168-f89a9ab35f3a@group-FB3B7D7D89E3-FollowerState was interrupted: java.lang.InterruptedException: sleep interrupted
2019-10-19 01:04:36,808 [a54795b0-6c9c-4137-a866-f82f653c9bf9@group-FB3B7D7D89E3-LeaderElection140] INFO  impl.LeaderElection (LeaderElection.java:logAndReturn(56)) - a54795b0-6c9c-4137-a866-f82f653c9bf9@group-FB3B7D7D89E3-LeaderElection140: Election REJECTED; received 2 response(s) [a54795b0-6c9c-4137-a866-f82f653c9bf9<-b26a8d60-58dc-431d-8168-f89a9ab35f3a#0:FAIL-t73, a54795b0-6c9c-4137-a866-f82f653c9bf9<-16805c57-9f45-4377-8998-764a8f26e152#0:FAIL-t73] and 0 exception(s); a54795b0-6c9c-4137-a866-f82f653c9bf9@group-FB3B7D7D89E3:t73, leader=null, voted=a54795b0-6c9c-4137-a866-f82f653c9bf9, raftlog=a54795b0-6c9c-4137-a866-f82f653c9bf9@group-FB3B7D7D89E3-SegmentedRaftLog:OPENED:c-1,f-1,i0, conf=-1: [a54795b0-6c9c-4137-a866-f82f653c9bf9:192.168.157.213:43688, b26a8d60-58dc-431d-8168-f89a9ab35f3a:192.168.157.213:35535, 16805c57-9f45-4377-8998-764a8f26e152:192.168.157.213:33728], old=null
2019-10-19 01:04:36,808 [a54795b0-6c9c-4137-a866-f82f653c9bf9@group-FB3B7D7D89E3-LeaderElection140] INFO  impl.RaftServerImpl (RaftServerImpl.java:setRole(184)) - a54795b0-6c9c-4137-a866-f82f653c9bf9@group-FB3B7D7D89E3: changes role from CANDIDATE to FOLLOWER at term 73 for DISCOVERED_A_NEW_TERM
2019-10-19 01:04:36,808 [a54795b0-6c9c-4137-a866-f82f653c9bf9@group-FB3B7D7D89E3-LeaderElection140] INFO  impl.RoleInfo (RoleInfo.java:shutdownLeaderElection(134)) - a54795b0-6c9c-4137-a866-f82f653c9bf9: shutdown LeaderElection
2019-10-19 01:04:36,808 [a54795b0-6c9c-4137-a866-f82f653c9bf9@group-FB3B7D7D89E3-LeaderElection140] INFO  impl.RoleInfo (RoleInfo.java:updateAndGet(143)) - a54795b0-6c9c-4137-a866-f82f653c9bf9: start FollowerState
2019-10-19 01:04:36,846 [Thread-1283] INFO  impl.FollowerState (FollowerState.java:run(108)) - a1c78c0e-869c-4f76-b4ce-2034448e0b80@group-D48B69A44692-FollowerState: change to CANDIDATE, lastRpcTime:142ms, electionTimeout:142ms
2019-10-19 01:04:36,846 [Thread-1283] INFO  impl.RoleInfo (RoleInfo.java:shutdownFollowerState(121)) - a1c78c0e-869c-4f76-b4ce-2034448e0b80: shutdown FollowerState
2019-10-19 01:04:36,846 [Thread-1283] INFO  impl.RaftServerImpl (RaftServerImpl.java:setRole(184)) - a1c78c0e-869c-4f76-b4ce-2034448e0b80@group-D48B69A44692: changes role from  FOLLOWER to CANDIDATE at term 71 for changeToCandidate
2019-10-19 01:04:36,846 [Thread-1283] INFO  impl.RoleInfo (RoleInfo.java:updateAndGet(143)) - a1c78c0e-869c-4f76-b4ce-2034448e0b80: start LeaderElection
2019-10-19 01:04:36,855 [a1c78c0e-869c-4f76-b4ce-2034448e0b80@group-D48B69A44692-LeaderElection141] INFO  impl.LeaderElection (LeaderElection.java:askForVotes(178)) - a1c78c0e-869c-4f76-b4ce-2034448e0b80@group-D48B69A44692-LeaderElection141: begin an election at term 72 for -1: [51276c3c-a3b8-4274-b089-592ff4589f41:192.168.157.213:36639, 64c90977-e867-487c-b50d-c226f2d34a76:192.168.157.213:37433, a1c78c0e-869c-4f76-b4ce-2034448e0b80:192.168.157.213:33501], old=null
2019-10-19 01:04:36,857 [grpc-default-executor-6] INFO  impl.RaftServerImpl (RaftServerImpl.java:setRole(184)) - 51276c3c-a3b8-4274-b089-592ff4589f41@group-D48B69A44692: changes role from  FOLLOWER to FOLLOWER at term 72 for recognizeCandidate:a1c78c0e-869c-4f76-b4ce-2034448e0b80
2019-10-19 01:04:36,857 [grpc-default-executor-6] INFO  impl.RoleInfo (RoleInfo.java:shutdownFollowerState(121)) - 51276c3c-a3b8-4274-b089-592ff4589f41: shutdown FollowerState
2019-10-19 01:04:36,857 [grpc-default-executor-7] INFO  impl.RaftServerImpl (RaftServerImpl.java:setRole(184)) - 64c90977-e867-487c-b50d-c226f2d34a76@group-D48B69A44692: changes role from  FOLLOWER to FOLLOWER at term 72 for recognizeCandidate:a1c78c0e-869c-4f76-b4ce-2034448e0b80
2019-10-19 01:04:36,857 [grpc-default-executor-6] INFO  impl.RoleInfo (RoleInfo.java:updateAndGet(143)) - 51276c3c-a3b8-4274-b089-592ff4589f41: start FollowerState
2019-10-19 01:04:36,857 [Thread-1282] INFO  impl.FollowerState (FollowerState.java:run(117)) - 51276c3c-a3b8-4274-b089-592ff4589f41@group-D48B69A44692-FollowerState was interrupted: java.lang.InterruptedException: sleep interrupted
2019-10-19 01:04:36,857 [grpc-default-executor-7] INFO  impl.RoleInfo (RoleInfo.java:shutdownFollowerState(121)) - 64c90977-e867-487c-b50d-c226f2d34a76: shutdown FollowerState
2019-10-19 01:04:36,857 [grpc-default-executor-7] INFO  impl.RoleInfo (RoleInfo.java:updateAndGet(143)) - 64c90977-e867-487c-b50d-c226f2d34a76: start FollowerState
2019-10-19 01:04:36,857 [Thread-1281] INFO  impl.FollowerState (FollowerState.java:run(117)) - 64c90977-e867-487c-b50d-c226f2d34a76@group-D48B69A44692-FollowerState was interrupted: java.lang.InterruptedException: sleep interrupted
2019-10-19 01:04:36,868 [Thread-1289] INFO  impl.FollowerState (FollowerState.java:run(108)) - a54795b0-6c9c-4137-a866-f82f653c9bf9@group-FB3B7D7D89E3-FollowerState: change to CANDIDATE, lastRpcTime:60ms, electionTimeout:60ms
2019-10-19 01:04:36,868 [Thread-1289] INFO  impl.RoleInfo (RoleInfo.java:shutdownFollowerState(121)) - a54795b0-6c9c-4137-a866-f82f653c9bf9: shutdown FollowerState
2019-10-19 01:04:36,868 [Thread-1289] INFO  impl.RaftServerImpl (RaftServerImpl.java:setRole(184)) - a54795b0-6c9c-4137-a866-f82f653c9bf9@group-FB3B7D7D89E3: changes role from  FOLLOWER to CANDIDATE at term 73 for changeToCandidate
2019-10-19 01:04:36,869 [Thread-1289] INFO  impl.RoleInfo (RoleInfo.java:updateAndGet(143)) - a54795b0-6c9c-4137-a866-f82f653c9bf9: start LeaderElection
2019-10-19 01:04:36,870 [a1c78c0e-869c-4f76-b4ce-2034448e0b80@group-D48B69A44692-LeaderElection141] INFO  impl.LeaderElection (LeaderElection.java:logAndReturn(56)) - a1c78c0e-869c-4f76-b4ce-2034448e0b80@group-D48B69A44692-LeaderElection141: Election REJECTED; received 2 response(s) [a1c78c0e-869c-4f76-b4ce-2034448e0b80<-51276c3c-a3b8-4274-b089-592ff4589f41#0:FAIL-t72, a1c78c0e-869c-4f76-b4ce-2034448e0b80<-64c90977-e867-487c-b50d-c226f2d34a76#0:FAIL-t72] and 0 exception(s); a1c78c0e-869c-4f76-b4ce-2034448e0b80@group-D48B69A44692:t72, leader=null, voted=a1c78c0e-869c-4f76-b4ce-2034448e0b80, raftlog=a1c78c0e-869c-4f76-b4ce-2034448e0b80@group-D48B69A44692-SegmentedRaftLog:OPENED:c-1,f-1,i0, conf=-1: [51276c3c-a3b8-4274-b089-592ff4589f41:192.168.157.213:36639, 64c90977-e867-487c-b50d-c226f2d34a76:192.168.157.213:37433, a1c78c0e-869c-4f76-b4ce-2034448e0b80:192.168.157.213:33501], old=null
2019-10-19 01:04:36,871 [a1c78c0e-869c-4f76-b4ce-2034448e0b80@group-D48B69A44692-LeaderElection141] INFO  impl.RaftServerImpl (RaftServerImpl.java:setRole(184)) - a1c78c0e-869c-4f76-b4ce-2034448e0b80@group-D48B69A44692: changes role from CANDIDATE to FOLLOWER at term 72 for DISCOVERED_A_NEW_TERM
2019-10-19 01:04:36,871 [a1c78c0e-869c-4f76-b4ce-2034448e0b80@group-D48B69A44692-LeaderElection141] INFO  impl.RoleInfo (RoleInfo.java:shutdownLeaderElection(134)) - a1c78c0e-869c-4f76-b4ce-2034448e0b80: shutdown LeaderElection
2019-10-19 01:04:36,871 [a1c78c0e-869c-4f76-b4ce-2034448e0b80@group-D48B69A44692-LeaderElection141] INFO  impl.RoleInfo (RoleInfo.java:updateAndGet(143)) - a1c78c0e-869c-4f76-b4ce-2034448e0b80: start FollowerState
2019-10-19 01:04:36,872 [a54795b0-6c9c-4137-a866-f82f653c9bf9@group-FB3B7D7D89E3-LeaderElection142] INFO  impl.LeaderElection (LeaderElection.java:askForVotes(178)) - a54795b0-6c9c-4137-a866-f82f653c9bf9@group-FB3B7D7D89E3-LeaderElection142: begin an election at term 74 for -1: [a54795b0-6c9c-4137-a866-f82f653c9bf9:192.168.157.213:43688, b26a8d60-58dc-431d-8168-f89a9ab35f3a:192.168.157.213:35535, 16805c57-9f45-4377-8998-764a8f26e152:192.168.157.213:33728], old=null
2019-10-19 01:04:36,873 [grpc-default-executor-7] INFO  impl.RaftServerImpl (RaftServerImpl.java:setRole(184)) - b26a8d60-58dc-431d-8168-f89a9ab35f3a@group-FB3B7D7D89E3: changes role from  FOLLOWER to FOLLOWER at term 74 for recognizeCandidate:a54795b0-6c9c-4137-a866-f82f653c9bf9
2019-10-19 01:04:36,873 [grpc-default-executor-7] INFO  impl.RoleInfo (RoleInfo.java:shutdownFollowerState(121)) - b26a8d60-58dc-431d-8168-f89a9ab35f3a: shutdown FollowerState
2019-10-19 01:04:36,873 [grpc-default-executor-7] INFO  impl.RoleInfo (RoleInfo.java:updateAndGet(143)) - b26a8d60-58dc-431d-8168-f89a9ab35f3a: start FollowerState
2019-10-19 01:04:36,873 [grpc-default-executor-6] INFO  impl.RaftServerImpl (RaftServerImpl.java:setRole(184)) - 16805c57-9f45-4377-8998-764a8f26e152@group-FB3B7D7D89E3: changes role from  FOLLOWER to FOLLOWER at term 74 for recognizeCandidate:a54795b0-6c9c-4137-a866-f82f653c9bf9
2019-10-19 01:04:36,874 [grpc-default-executor-6] INFO  impl.RoleInfo (RoleInfo.java:shutdownFollowerState(121)) - 16805c57-9f45-4377-8998-764a8f26e152: shutdown FollowerState
2019-10-19 01:04:36,873 [Thread-1288] INFO  impl.FollowerState (FollowerState.java:run(117)) - b26a8d60-58dc-431d-8168-f89a9ab35f3a@group-FB3B7D7D89E3-FollowerState was interrupted: java.lang.InterruptedException: sleep interrupted
2019-10-19 01:04:36,874 [grpc-default-executor-6] INFO  impl.RoleInfo (RoleInfo.java:updateAndGet(143)) - 16805c57-9f45-4377-8998-764a8f26e152: start FollowerState
2019-10-19 01:04:36,874 [Thread-1287] INFO  impl.FollowerState (FollowerState.java:run(117)) - 16805c57-9f45-4377-8998-764a8f26e152@group-FB3B7D7D89E3-FollowerState was interrupted: java.lang.InterruptedException: sleep interrupted
2019-10-19 01:04:36,878 [a54795b0-6c9c-4137-a866-f82f653c9bf9@group-FB3B7D7D89E3-LeaderElection142] INFO  impl.LeaderElection (LeaderElection.java:logAndReturn(56)) - a54795b0-6c9c-4137-a866-f82f653c9bf9@group-FB3B7D7D89E3-LeaderElection142: Election TIMEOUT; received 0 response(s) [] and 0 exception(s); a54795b0-6c9c-4137-a866-f82f653c9bf9@group-FB3B7D7D89E3:t74, leader=null, voted=a54795b0-6c9c-4137-a866-f82f653c9bf9, raftlog=a54795b0-6c9c-4137-a866-f82f653c9bf9@group-FB3B7D7D89E3-SegmentedRaftLog:OPENED:c-1,f-1,i0, conf=-1: [a54795b0-6c9c-4137-a866-f82f653c9bf9:192.168.157.213:43688, b26a8d60-58dc-431d-8168-f89a9ab35f3a:192.168.157.213:35535, 16805c57-9f45-4377-8998-764a8f26e152:192.168.157.213:33728], old=null
2019-10-19 01:04:36,887 [a54795b0-6c9c-4137-a866-f82f653c9bf9@group-FB3B7D7D89E3-LeaderElection142] INFO  impl.LeaderElection (LeaderElection.java:askForVotes(178)) - a54795b0-6c9c-4137-a866-f82f653c9bf9@group-FB3B7D7D89E3-LeaderElection142: begin an election at term 75 for -1: [a54795b0-6c9c-4137-a866-f82f653c9bf9:192.168.157.213:43688, b26a8d60-58dc-431d-8168-f89a9ab35f3a:192.168.157.213:35535, 16805c57-9f45-4377-8998-764a8f26e152:192.168.157.213:33728], old=null
2019-10-19 01:04:36,888 [grpc-default-executor-6] INFO  impl.RaftServerImpl (RaftServerImpl.java:setRole(184)) - b26a8d60-58dc-431d-8168-f89a9ab35f3a@group-FB3B7D7D89E3: changes role from  FOLLOWER to FOLLOWER at term 75 for recognizeCandidate:a54795b0-6c9c-4137-a866-f82f653c9bf9
2019-10-19 01:04:36,888 [grpc-default-executor-6] INFO  impl.RoleInfo (RoleInfo.java:shutdownFollowerState(121)) - b26a8d60-58dc-431d-8168-f89a9ab35f3a: shutdown FollowerState
2019-10-19 01:04:36,888 [grpc-default-executor-6] INFO  impl.RoleInfo (RoleInfo.java:updateAndGet(143)) - b26a8d60-58dc-431d-8168-f89a9ab35f3a: start FollowerState
2019-10-19 01:04:36,888 [Thread-1300] INFO  impl.FollowerState (FollowerState.java:run(117)) - b26a8d60-58dc-431d-8168-f89a9ab35f3a@group-FB3B7D7D89E3-FollowerState was interrupted: java.lang.InterruptedException: sleep interrupted
2019-10-19 01:04:36,888 [grpc-default-executor-7] INFO  impl.RaftServerImpl (RaftServerImpl.java:setRole(184)) - 16805c57-9f45-4377-8998-764a8f26e152@group-FB3B7D7D89E3: changes role from  FOLLOWER to FOLLOWER at term 75 for recognizeCandidate:a54795b0-6c9c-4137-a866-f82f653c9bf9
2019-10-19 01:04:36,888 [grpc-default-executor-7] INFO  impl.RoleInfo (RoleInfo.java:shutdownFollowerState(121)) - 16805c57-9f45-4377-8998-764a8f26e152: shutdown FollowerState
2019-10-19 01:04:36,888 [grpc-default-executor-7] INFO  impl.RoleInfo (RoleInfo.java:updateAndGet(143)) - 16805c57-9f45-4377-8998-764a8f26e152: start FollowerState
2019-10-19 01:04:36,889 [Thread-1301] INFO  impl.FollowerState (FollowerState.java:run(117)) - 16805c57-9f45-4377-8998-764a8f26e152@group-FB3B7D7D89E3-FollowerState was interrupted: java.lang.InterruptedException: sleep interrupted
2019-10-19 01:04:36,902 [a54795b0-6c9c-4137-a866-f82f653c9bf9@group-FB3B7D7D89E3-LeaderElection142] INFO  impl.LeaderElection (LeaderElection.java:logAndReturn(56)) - a54795b0-6c9c-4137-a866-f82f653c9bf9@group-FB3B7D7D89E3-LeaderElection142: Election REJECTED; received 2 response(s) [a54795b0-6c9c-4137-a866-f82f653c9bf9<-b26a8d60-58dc-431d-8168-f89a9ab35f3a#0:FAIL-t75, a54795b0-6c9c-4137-a866-f82f653c9bf9<-16805c57-9f45-4377-8998-764a8f26e152#0:FAIL-t75] and 0 exception(s); a54795b0-6c9c-4137-a866-f82f653c9bf9@group-FB3B7D7D89E3:t75, leader=null, voted=a54795b0-6c9c-4137-a866-f82f653c9bf9, raftlog=a54795b0-6c9c-4137-a866-f82f653c9bf9@group-FB3B7D7D89E3-SegmentedRaftLog:OPENED:c-1,f-1,i0, conf=-1: [a54795b0-6c9c-4137-a866-f82f653c9bf9:192.168.157.213:43688, b26a8d60-58dc-431d-8168-f89a9ab35f3a:192.168.157.213:35535, 16805c57-9f45-4377-8998-764a8f26e152:192.168.157.213:33728], old=null
2019-10-19 01:04:36,902 [a54795b0-6c9c-4137-a866-f82f653c9bf9@group-FB3B7D7D89E3-LeaderElection142] INFO  impl.RaftServerImpl (RaftServerImpl.java:setRole(184)) - a54795b0-6c9c-4137-a866-f82f653c9bf9@group-FB3B7D7D89E3: changes role from CANDIDATE to FOLLOWER at term 75 for DISCOVERED_A_NEW_TERM
2019-10-19 01:04:36,902 [a54795b0-6c9c-4137-a866-f82f653c9bf9@group-FB3B7D7D89E3-LeaderElection142] INFO  impl.RoleInfo (RoleInfo.java:shutdownLeaderElection(134)) - a54795b0-6c9c-4137-a866-f82f653c9bf9: shutdown LeaderElection
2019-10-19 01:04:36,902 [a54795b0-6c9c-4137-a866-f82f653c9bf9@group-FB3B7D7D89E3-LeaderElection142] INFO  impl.RoleInfo (RoleInfo.java:updateAndGet(143)) - a54795b0-6c9c-4137-a866-f82f653c9bf9: start FollowerState
2019-10-19 01:04:36,996 [Thread-1297] INFO  impl.FollowerState (FollowerState.java:run(108)) - a1c78c0e-869c-4f76-b4ce-2034448e0b80@group-D48B69A44692-FollowerState: change to CANDIDATE, lastRpcTime:125ms, electionTimeout:125ms
2019-10-19 01:04:36,996 [Thread-1297] INFO  impl.RoleInfo (RoleInfo.java:shutdownFollowerState(121)) - a1c78c0e-869c-4f76-b4ce-2034448e0b80: shutdown FollowerState
2019-10-19 01:04:36,997 [Thread-1297] INFO  impl.RaftServerImpl (RaftServerImpl.java:setRole(184)) - a1c78c0e-869c-4f76-b4ce-2034448e0b80@group-D48B69A44692: changes role from  FOLLOWER to CANDIDATE at term 72 for changeToCandidate
2019-10-19 01:04:36,997 [Thread-1297] INFO  impl.RoleInfo (RoleInfo.java:updateAndGet(143)) - a1c78c0e-869c-4f76-b4ce-2034448e0b80: start LeaderElection
2019-10-19 01:04:37,006 [a1c78c0e-869c-4f76-b4ce-2034448e0b80@group-D48B69A44692-LeaderElection143] INFO  impl.LeaderElection (LeaderElection.java:askForVotes(178)) - a1c78c0e-869c-4f76-b4ce-2034448e0b80@group-D48B69A44692-LeaderElection143: begin an election at term 73 for -1: [51276c3c-a3b8-4274-b089-592ff4589f41:192.168.157.213:36639, 64c90977-e867-487c-b50d-c226f2d34a76:192.168.157.213:37433, a1c78c0e-869c-4f76-b4ce-2034448e0b80:192.168.157.213:33501], old=null
2019-10-19 01:04:37,008 [grpc-default-executor-6] INFO  impl.RaftServerImpl (RaftServerImpl.java:setRole(184)) - 64c90977-e867-487c-b50d-c226f2d34a76@group-D48B69A44692: changes role from  FOLLOWER to FOLLOWER at term 73 for recognizeCandidate:a1c78c0e-869c-4f76-b4ce-2034448e0b80
2019-10-19 01:04:37,008 [grpc-default-executor-7] INFO  impl.RaftServerImpl (RaftServerImpl.java:setRole(184)) - 51276c3c-a3b8-4274-b089-592ff4589f41@group-D48B69A44692: changes role from  FOLLOWER to FOLLOWER at term 73 for recognizeCandidate:a1c78c0e-869c-4f76-b4ce-2034448e0b80
2019-10-19 01:04:37,008 [grpc-default-executor-6] INFO  impl.RoleInfo (RoleInfo.java:shutdownFollowerState(121)) - 64c90977-e867-487c-b50d-c226f2d34a76: shutdown FollowerState
2019-10-19 01:04:37,009 [grpc-default-executor-7] INFO  impl.RoleInfo (RoleInfo.java:shutdownFollowerState(121)) - 51276c3c-a3b8-4274-b089-592ff4589f41: shutdown FollowerState
2019-10-19 01:04:37,009 [grpc-default-executor-6] INFO  impl.RoleInfo (RoleInfo.java:updateAndGet(143)) - 64c90977-e867-487c-b50d-c226f2d34a76: start FollowerState
2019-10-19 01:04:37,009 [grpc-default-executor-7] INFO  impl.RoleInfo (RoleInfo.java:updateAndGet(143)) - 51276c3c-a3b8-4274-b089-592ff4589f41: start FollowerState
2019-10-19 01:04:37,009 [Thread-1293] INFO  impl.FollowerState (FollowerState.java:run(117)) - 51276c3c-a3b8-4274-b089-592ff4589f41@group-D48B69A44692-FollowerState was interrupted: java.lang.InterruptedException: sleep interrupted
2019-10-19 01:04:37,009 [Thread-1294] INFO  impl.FollowerState (FollowerState.java:run(117)) - 64c90977-e867-487c-b50d-c226f2d34a76@group-D48B69A44692-FollowerState was interrupted: java.lang.InterruptedException: sleep interrupted
2019-10-19 01:04:37,022 [a1c78c0e-869c-4f76-b4ce-2034448e0b80@group-D48B69A44692-LeaderElection143] INFO  impl.LeaderElection (LeaderElection.java:logAndReturn(56)) - a1c78c0e-869c-4f76-b4ce-2034448e0b80@group-D48B69A44692-LeaderElection143: Election REJECTED; received 2 response(s) [a1c78c0e-869c-4f76-b4ce-2034448e0b80<-51276c3c-a3b8-4274-b089-592ff4589f41#0:FAIL-t73, a1c78c0e-869c-4f76-b4ce-2034448e0b80<-64c90977-e867-487c-b50d-c226f2d34a76#0:FAIL-t73] and 0 exception(s); a1c78c0e-869c-4f76-b4ce-2034448e0b80@group-D48B69A44692:t73, leader=null, voted=a1c78c0e-869c-4f76-b4ce-2034448e0b80, raftlog=a1c78c0e-869c-4f76-b4ce-2034448e0b80@group-D48B69A44692-SegmentedRaftLog:OPENED:c-1,f-1,i0, conf=-1: [51276c3c-a3b8-4274-b089-592ff4589f41:192.168.157.213:36639, 64c90977-e867-487c-b50d-c226f2d34a76:192.168.157.213:37433, a1c78c0e-869c-4f76-b4ce-2034448e0b80:192.168.157.213:33501], old=null
2019-10-19 01:04:37,022 [a1c78c0e-869c-4f76-b4ce-2034448e0b80@group-D48B69A44692-LeaderElection143] INFO  impl.RaftServerImpl (RaftServerImpl.java:setRole(184)) - a1c78c0e-869c-4f76-b4ce-2034448e0b80@group-D48B69A44692: changes role from CANDIDATE to FOLLOWER at term 73 for DISCOVERED_A_NEW_TERM
2019-10-19 01:04:37,023 [a1c78c0e-869c-4f76-b4ce-2034448e0b80@group-D48B69A44692-LeaderElection143] INFO  impl.RoleInfo (RoleInfo.java:shutdownLeaderElection(134)) - a1c78c0e-869c-4f76-b4ce-2034448e0b80: shutdown LeaderElection
2019-10-19 01:04:37,023 [a1c78c0e-869c-4f76-b4ce-2034448e0b80@group-D48B69A44692-LeaderElection143] INFO  impl.RoleInfo (RoleInfo.java:updateAndGet(143)) - a1c78c0e-869c-4f76-b4ce-2034448e0b80: start FollowerState
2019-10-19 01:04:37,102 [Thread-1307] INFO  impl.FollowerState (FollowerState.java:run(108)) - a54795b0-6c9c-4137-a866-f82f653c9bf9@group-FB3B7D7D89E3-FollowerState: change to CANDIDATE, lastRpcTime:200ms, electionTimeout:200ms
2019-10-19 01:04:37,103 [Thread-1307] INFO  impl.RoleInfo (RoleInfo.java:shutdownFollowerState(121)) - a54795b0-6c9c-4137-a866-f82f653c9bf9: shutdown FollowerState
2019-10-19 01:04:37,103 [Thread-1307] INFO  impl.RaftServerImpl (RaftServerImpl.java:setRole(184)) - a54795b0-6c9c-4137-a866-f82f653c9bf9@group-FB3B7D7D89E3: changes role from  FOLLOWER to CANDIDATE at term 75 for changeToCandidate
2019-10-19 01:04:37,103 [Thread-1307] INFO  impl.RoleInfo (RoleInfo.java:updateAndGet(143)) - a54795b0-6c9c-4137-a866-f82f653c9bf9: start LeaderElection
2019-10-19 01:04:37,115 [a54795b0-6c9c-4137-a866-f82f653c9bf9@group-FB3B7D7D89E3-LeaderElection144] INFO  impl.LeaderElection (LeaderElection.java:askForVotes(178)) - a54795b0-6c9c-4137-a866-f82f653c9bf9@group-FB3B7D7D89E3-LeaderElection144: begin an election at term 76 for -1: [a54795b0-6c9c-4137-a866-f82f653c9bf9:192.168.157.213:43688, b26a8d60-58dc-431d-8168-f89a9ab35f3a:192.168.157.213:35535, 16805c57-9f45-4377-8998-764a8f26e152:192.168.157.213:33728], old=null
2019-10-19 01:04:37,117 [grpc-default-executor-7] INFO  impl.RaftServerImpl (RaftServerImpl.java:setRole(184)) - b26a8d60-58dc-431d-8168-f89a9ab35f3a@group-FB3B7D7D89E3: changes role from  FOLLOWER to FOLLOWER at term 76 for recognizeCandidate:a54795b0-6c9c-4137-a866-f82f653c9bf9
2019-10-19 01:04:37,117 [grpc-default-executor-7] INFO  impl.RoleInfo (RoleInfo.java:shutdownFollowerState(121)) - b26a8d60-58dc-431d-8168-f89a9ab35f3a: shutdown FollowerState
2019-10-19 01:04:37,117 [grpc-default-executor-6] INFO  impl.RaftServerImpl (RaftServerImpl.java:setRole(184)) - 16805c57-9f45-4377-8998-764a8f26e152@group-FB3B7D7D89E3: changes role from  FOLLOWER to FOLLOWER at term 76 for recognizeCandidate:a54795b0-6c9c-4137-a866-f82f653c9bf9
2019-10-19 01:04:37,118 [Thread-1305] INFO  impl.FollowerState (FollowerState.java:run(117)) - b26a8d60-58dc-431d-8168-f89a9ab35f3a@group-FB3B7D7D89E3-FollowerState was interrupted: java.lang.InterruptedException: sleep interrupted
2019-10-19 01:04:37,118 [grpc-default-executor-7] INFO  impl.RoleInfo (RoleInfo.java:updateAndGet(143)) - b26a8d60-58dc-431d-8168-f89a9ab35f3a: start FollowerState
2019-10-19 01:04:37,118 [grpc-default-executor-6] INFO  impl.RoleInfo (RoleInfo.java:shutdownFollowerState(121)) - 16805c57-9f45-4377-8998-764a8f26e152: shutdown FollowerState
2019-10-19 01:04:37,118 [grpc-default-executor-6] INFO  impl.RoleInfo (RoleInfo.java:updateAndGet(143)) - 16805c57-9f45-4377-8998-764a8f26e152: start FollowerState
2019-10-19 01:04:37,118 [Thread-1306] INFO  impl.FollowerState (FollowerState.java:run(117)) - 16805c57-9f45-4377-8998-764a8f26e152@group-FB3B7D7D89E3-FollowerState was interrupted: java.lang.InterruptedException: sleep interrupted
2019-10-19 01:04:37,132 [a54795b0-6c9c-4137-a866-f82f653c9bf9@group-FB3B7D7D89E3-LeaderElection144] INFO  impl.LeaderElection (LeaderElection.java:logAndReturn(56)) - a54795b0-6c9c-4137-a866-f82f653c9bf9@group-FB3B7D7D89E3-LeaderElection144: Election REJECTED; received 2 response(s) [a54795b0-6c9c-4137-a866-f82f653c9bf9<-b26a8d60-58dc-431d-8168-f89a9ab35f3a#0:FAIL-t76, a54795b0-6c9c-4137-a866-f82f653c9bf9<-16805c57-9f45-4377-8998-764a8f26e152#0:FAIL-t76] and 0 exception(s); a54795b0-6c9c-4137-a866-f82f653c9bf9@group-FB3B7D7D89E3:t76, leader=null, voted=a54795b0-6c9c-4137-a866-f82f653c9bf9, raftlog=a54795b0-6c9c-4137-a866-f82f653c9bf9@group-FB3B7D7D89E3-SegmentedRaftLog:OPENED:c-1,f-1,i0, conf=-1: [a54795b0-6c9c-4137-a866-f82f653c9bf9:192.168.157.213:43688, b26a8d60-58dc-431d-8168-f89a9ab35f3a:192.168.157.213:35535, 16805c57-9f45-4377-8998-764a8f26e152:192.168.157.213:33728], old=null
2019-10-19 01:04:37,133 [a54795b0-6c9c-4137-a866-f82f653c9bf9@group-FB3B7D7D89E3-LeaderElection144] INFO  impl.RaftServerImpl (RaftServerImpl.java:setRole(184)) - a54795b0-6c9c-4137-a866-f82f653c9bf9@group-FB3B7D7D89E3: changes role from CANDIDATE to FOLLOWER at term 76 for DISCOVERED_A_NEW_TERM
2019-10-19 01:04:37,133 [a54795b0-6c9c-4137-a866-f82f653c9bf9@group-FB3B7D7D89E3-LeaderElection144] INFO  impl.RoleInfo (RoleInfo.java:shutdownLeaderElection(134)) - a54795b0-6c9c-4137-a866-f82f653c9bf9: shutdown LeaderElection
2019-10-19 01:04:37,133 [a54795b0-6c9c-4137-a866-f82f653c9bf9@group-FB3B7D7D89E3-LeaderElection144] INFO  impl.RoleInfo (RoleInfo.java:updateAndGet(143)) - a54795b0-6c9c-4137-a866-f82f653c9bf9: start FollowerState
2019-10-19 01:04:37,192 [Thread-1321] INFO  impl.FollowerState (FollowerState.java:run(108)) - a54795b0-6c9c-4137-a866-f82f653c9bf9@group-FB3B7D7D89E3-FollowerState: change to CANDIDATE, lastRpcTime:59ms, electionTimeout:59ms
2019-10-19 01:04:37,192 [Thread-1321] INFO  impl.RoleInfo (RoleInfo.java:shutdownFollowerState(121)) - a54795b0-6c9c-4137-a866-f82f653c9bf9: shutdown FollowerState
2019-10-19 01:04:37,192 [Thread-1321] INFO  impl.RaftServerImpl (RaftServerImpl.java:setRole(184)) - a54795b0-6c9c-4137-a866-f82f653c9bf9@group-FB3B7D7D89E3: changes role from  FOLLOWER to CANDIDATE at term 76 for changeToCandidate
2019-10-19 01:04:37,193 [Thread-1321] INFO  impl.RoleInfo (RoleInfo.java:updateAndGet(143)) - a54795b0-6c9c-4137-a866-f82f653c9bf9: start LeaderElection
2019-10-19 01:04:37,205 [Thread-1313] INFO  impl.FollowerState (FollowerState.java:run(108)) - a1c78c0e-869c-4f76-b4ce-2034448e0b80@group-D48B69A44692-FollowerState: change to CANDIDATE, lastRpcTime:182ms, electionTimeout:182ms
2019-10-19 01:04:37,205 [Thread-1313] INFO  impl.RoleInfo (RoleInfo.java:shutdownFollowerState(121)) - a1c78c0e-869c-4f76-b4ce-2034448e0b80: shutdown FollowerState
2019-10-19 01:04:37,205 [Thread-1313] INFO  impl.RaftServerImpl (RaftServerImpl.java:setRole(184)) - a1c78c0e-869c-4f76-b4ce-2034448e0b80@group-D48B69A44692: changes role from  FOLLOWER to CANDIDATE at term 73 for changeToCandidate
2019-10-19 01:04:37,206 [Thread-1313] INFO  impl.RoleInfo (RoleInfo.java:updateAndGet(143)) - a1c78c0e-869c-4f76-b4ce-2034448e0b80: start LeaderElection
2019-10-19 01:04:37,207 [a54795b0-6c9c-4137-a866-f82f653c9bf9@group-FB3B7D7D89E3-LeaderElection145] INFO  impl.LeaderElection (LeaderElection.java:askForVotes(178)) - a54795b0-6c9c-4137-a866-f82f653c9bf9@group-FB3B7D7D89E3-LeaderElection145: begin an election at term 77 for -1: [a54795b0-6c9c-4137-a866-f82f653c9bf9:192.168.157.213:43688, b26a8d60-58dc-431d-8168-f89a9ab35f3a:192.168.157.213:35535, 16805c57-9f45-4377-8998-764a8f26e152:192.168.157.213:33728], old=null
2019-10-19 01:04:37,208 [grpc-default-executor-7] INFO  impl.RaftServerImpl (RaftServerImpl.java:setRole(184)) - 16805c57-9f45-4377-8998-764a8f26e152@group-FB3B7D7D89E3: changes role from  FOLLOWER to FOLLOWER at term 77 for recognizeCandidate:a54795b0-6c9c-4137-a866-f82f653c9bf9
2019-10-19 01:04:37,208 [grpc-default-executor-6] INFO  impl.RaftServerImpl (RaftServerImpl.java:setRole(184)) - b26a8d60-58dc-431d-8168-f89a9ab35f3a@group-FB3B7D7D89E3: changes role from  FOLLOWER to FOLLOWER at term 77 for recognizeCandidate:a54795b0-6c9c-4137-a866-f82f653c9bf9
2019-10-19 01:04:37,208 [a1c78c0e-869c-4f76-b4ce-2034448e0b80@group-D48B69A44692-LeaderElection146] INFO  impl.LeaderElection (LeaderElection.java:askForVotes(178)) - a1c78c0e-869c-4f76-b4ce-2034448e0b80@group-D48B69A44692-LeaderElection146: begin an election at term 74 for -1: [51276c3c-a3b8-4274-b089-592ff4589f41:192.168.157.213:36639, 64c90977-e867-487c-b50d-c226f2d34a76:192.168.157.213:37433, a1c78c0e-869c-4f76-b4ce-2034448e0b80:192.168.157.213:33501], old=null
2019-10-19 01:04:37,208 [grpc-default-executor-7] INFO  impl.RoleInfo (RoleInfo.java:shutdownFollowerState(121)) - 16805c57-9f45-4377-8998-764a8f26e152: shutdown FollowerState
2019-10-19 01:04:37,209 [grpc-default-executor-6] INFO  impl.RoleInfo (RoleInfo.java:shutdownFollowerState(121)) - b26a8d60-58dc-431d-8168-f89a9ab35f3a: shutdown FollowerState
2019-10-19 01:04:37,209 [grpc-default-executor-7] INFO  impl.RoleInfo (RoleInfo.java:updateAndGet(143)) - 16805c57-9f45-4377-8998-764a8f26e152: start FollowerState
2019-10-19 01:04:37,209 [grpc-default-executor-6] INFO  impl.RoleInfo (RoleInfo.java:updateAndGet(143)) - b26a8d60-58dc-431d-8168-f89a9ab35f3a: start FollowerState
2019-10-19 01:04:37,209 [Thread-1320] INFO  impl.FollowerState (FollowerState.java:run(117)) - 16805c57-9f45-4377-8998-764a8f26e152@group-FB3B7D7D89E3-FollowerState was interrupted: java.lang.InterruptedException: sleep interrupted
2019-10-19 01:04:37,209 [Thread-1319] INFO  impl.FollowerState (FollowerState.java:run(117)) - b26a8d60-58dc-431d-8168-f89a9ab35f3a@group-FB3B7D7D89E3-FollowerState was interrupted: java.lang.InterruptedException: sleep interrupted
2019-10-19 01:04:37,210 [grpc-default-executor-4] INFO  impl.RaftServerImpl (RaftServerImpl.java:setRole(184)) - 51276c3c-a3b8-4274-b089-592ff4589f41@group-D48B69A44692: changes role from  FOLLOWER to FOLLOWER at term 74 for recognizeCandidate:a1c78c0e-869c-4f76-b4ce-2034448e0b80
2019-10-19 01:04:37,210 [grpc-default-executor-4] INFO  impl.RoleInfo (RoleInfo.java:shutdownFollowerState(121)) - 51276c3c-a3b8-4274-b089-592ff4589f41: shutdown FollowerState
2019-10-19 01:04:37,210 [grpc-default-executor-5] INFO  impl.RaftServerImpl (RaftServerImpl.java:setRole(184)) - 64c90977-e867-487c-b50d-c226f2d34a76@group-D48B69A44692: changes role from  FOLLOWER to FOLLOWER at term 74 for recognizeCandidate:a1c78c0e-869c-4f76-b4ce-2034448e0b80
2019-10-19 01:04:37,210 [grpc-default-executor-4] INFO  impl.RoleInfo (RoleInfo.java:updateAndGet(143)) - 51276c3c-a3b8-4274-b089-592ff4589f41: start FollowerState
2019-10-19 01:04:37,210 [Thread-1312] INFO  impl.FollowerState (FollowerState.java:run(117)) - 51276c3c-a3b8-4274-b089-592ff4589f41@group-D48B69A44692-FollowerState was interrupted: java.lang.InterruptedException: sleep interrupted
2019-10-19 01:04:37,210 [grpc-default-executor-5] INFO  impl.RoleInfo (RoleInfo.java:shutdownFollowerState(121)) - 64c90977-e867-487c-b50d-c226f2d34a76: shutdown FollowerState
2019-10-19 01:04:37,211 [grpc-default-executor-5] INFO  impl.RoleInfo (RoleInfo.java:updateAndGet(143)) - 64c90977-e867-487c-b50d-c226f2d34a76: start FollowerState
2019-10-19 01:04:37,211 [Thread-1311] INFO  impl.FollowerState (FollowerState.java:run(117)) - 64c90977-e867-487c-b50d-c226f2d34a76@group-D48B69A44692-FollowerState was interrupted: java.lang.InterruptedException: sleep interrupted
2019-10-19 01:04:37,224 [a54795b0-6c9c-4137-a866-f82f653c9bf9@group-FB3B7D7D89E3-LeaderElection145] INFO  impl.LeaderElection (LeaderElection.java:logAndReturn(56)) - a54795b0-6c9c-4137-a866-f82f653c9bf9@group-FB3B7D7D89E3-LeaderElection145: Election REJECTED; received 2 response(s) [a54795b0-6c9c-4137-a866-f82f653c9bf9<-b26a8d60-58dc-431d-8168-f89a9ab35f3a#0:FAIL-t77, a54795b0-6c9c-4137-a866-f82f653c9bf9<-16805c57-9f45-4377-8998-764a8f26e152#0:FAIL-t77] and 0 exception(s); a54795b0-6c9c-4137-a866-f82f653c9bf9@group-FB3B7D7D89E3:t77, leader=null, voted=a54795b0-6c9c-4137-a866-f82f653c9bf9, raftlog=a54795b0-6c9c-4137-a866-f82f653c9bf9@group-FB3B7D7D89E3-SegmentedRaftLog:OPENED:c-1,f-1,i0, conf=-1: [a54795b0-6c9c-4137-a866-f82f653c9bf9:192.168.157.213:43688, b26a8d60-58dc-431d-8168-f89a9ab35f3a:192.168.157.213:35535, 16805c57-9f45-4377-8998-764a8f26e152:192.168.157.213:33728], old=null
2019-10-19 01:04:37,224 [a54795b0-6c9c-4137-a866-f82f653c9bf9@group-FB3B7D7D89E3-LeaderElection145] INFO  impl.RaftServerImpl (RaftServerImpl.java:setRole(184)) - a54795b0-6c9c-4137-a866-f82f653c9bf9@group-FB3B7D7D89E3: changes role from CANDIDATE to FOLLOWER at term 77 for DISCOVERED_A_NEW_TERM
2019-10-19 01:04:37,224 [a54795b0-6c9c-4137-a866-f82f653c9bf9@group-FB3B7D7D89E3-LeaderElection145] INFO  impl.RoleInfo (RoleInfo.java:shutdownLeaderElection(134)) - a54795b0-6c9c-4137-a866-f82f653c9bf9: shutdown LeaderElection
2019-10-19 01:04:37,224 [a1c78c0e-869c-4f76-b4ce-2034448e0b80@group-D48B69A44692-LeaderElection146] INFO  impl.LeaderElection (LeaderElection.java:logAndReturn(56)) - a1c78c0e-869c-4f76-b4ce-2034448e0b80@group-D48B69A44692-LeaderElection146: Election REJECTED; received 2 response(s) [a1c78c0e-869c-4f76-b4ce-2034448e0b80<-51276c3c-a3b8-4274-b089-592ff4589f41#0:FAIL-t74, a1c78c0e-869c-4f76-b4ce-2034448e0b80<-64c90977-e867-487c-b50d-c226f2d34a76#0:FAIL-t74] and 0 exception(s); a1c78c0e-869c-4f76-b4ce-2034448e0b80@group-D48B69A44692:t74, leader=null, voted=a1c78c0e-869c-4f76-b4ce-2034448e0b80, raftlog=a1c78c0e-869c-4f76-b4ce-2034448e0b80@group-D48B69A44692-SegmentedRaftLog:OPENED:c-1,f-1,i0, conf=-1: [51276c3c-a3b8-4274-b089-592ff4589f41:192.168.157.213:36639, 64c90977-e867-487c-b50d-c226f2d34a76:192.168.157.213:37433, a1c78c0e-869c-4f76-b4ce-2034448e0b80:192.168.157.213:33501], old=null
2019-10-19 01:04:37,224 [a54795b0-6c9c-4137-a866-f82f653c9bf9@group-FB3B7D7D89E3-LeaderElection145] INFO  impl.RoleInfo (RoleInfo.java:updateAndGet(143)) - a54795b0-6c9c-4137-a866-f82f653c9bf9: start FollowerState
2019-10-19 01:04:37,224 [a1c78c0e-869c-4f76-b4ce-2034448e0b80@group-D48B69A44692-LeaderElection146] INFO  impl.RaftServerImpl (RaftServerImpl.java:setRole(184)) - a1c78c0e-869c-4f76-b4ce-2034448e0b80@group-D48B69A44692: changes role from CANDIDATE to FOLLOWER at term 74 for DISCOVERED_A_NEW_TERM
2019-10-19 01:04:37,224 [a1c78c0e-869c-4f76-b4ce-2034448e0b80@group-D48B69A44692-LeaderElection146] INFO  impl.RoleInfo (RoleInfo.java:shutdownLeaderElection(134)) - a1c78c0e-869c-4f76-b4ce-2034448e0b80: shutdown LeaderElection
2019-10-19 01:04:37,224 [a1c78c0e-869c-4f76-b4ce-2034448e0b80@group-D48B69A44692-LeaderElection146] INFO  impl.RoleInfo (RoleInfo.java:updateAndGet(143)) - a1c78c0e-869c-4f76-b4ce-2034448e0b80: start FollowerState
2019-10-19 01:04:37,229 [Thread-1332] INFO  impl.FollowerState (FollowerState.java:run(108)) - a54795b0-6c9c-4137-a866-f82f653c9bf9@group-FB3B7D7D89E3-FollowerState: change to CANDIDATE, lastRpcTime:5ms, electionTimeout:5ms
2019-10-19 01:04:37,229 [Thread-1332] INFO  impl.RoleInfo (RoleInfo.java:shutdownFollowerState(121)) - a54795b0-6c9c-4137-a866-f82f653c9bf9: shutdown FollowerState
2019-10-19 01:04:37,229 [Thread-1332] INFO  impl.RaftServerImpl (RaftServerImpl.java:setRole(184)) - a54795b0-6c9c-4137-a866-f82f653c9bf9@group-FB3B7D7D89E3: changes role from  FOLLOWER to CANDIDATE at term 77 for changeToCandidate
2019-10-19 01:04:37,230 [Thread-1332] INFO  impl.RoleInfo (RoleInfo.java:updateAndGet(143)) - a54795b0-6c9c-4137-a866-f82f653c9bf9: start LeaderElection
2019-10-19 01:04:37,260 [Thread-1333] INFO  impl.FollowerState (FollowerState.java:run(108)) - a1c78c0e-869c-4f76-b4ce-2034448e0b80@group-D48B69A44692-FollowerState: change to CANDIDATE, lastRpcTime:36ms, electionTimeout:36ms
2019-10-19 01:04:37,261 [Thread-1333] INFO  impl.RoleInfo (RoleInfo.java:shutdownFollowerState(121)) - a1c78c0e-869c-4f76-b4ce-2034448e0b80: shutdown FollowerState
2019-10-19 01:04:37,261 [Thread-1333] INFO  impl.RaftServerImpl (RaftServerImpl.java:setRole(184)) - a1c78c0e-869c-4f76-b4ce-2034448e0b80@group-D48B69A44692: changes role from  FOLLOWER to CANDIDATE at term 74 for changeToCandidate
2019-10-19 01:04:37,261 [Thread-1333] INFO  impl.RoleInfo (RoleInfo.java:updateAndGet(143)) - a1c78c0e-869c-4f76-b4ce-2034448e0b80: start LeaderElection
2019-10-19 01:04:37,264 [a54795b0-6c9c-4137-a866-f82f653c9bf9@group-FB3B7D7D89E3-LeaderElection147] INFO  impl.LeaderElection (LeaderElection.java:askForVotes(178)) - a54795b0-6c9c-4137-a866-f82f653c9bf9@group-FB3B7D7D89E3-LeaderElection147: begin an election at term 78 for -1: [a54795b0-6c9c-4137-a866-f82f653c9bf9:192.168.157.213:43688, b26a8d60-58dc-431d-8168-f89a9ab35f3a:192.168.157.213:35535, 16805c57-9f45-4377-8998-764a8f26e152:192.168.157.213:33728], old=null
2019-10-19 01:04:37,264 [a1c78c0e-869c-4f76-b4ce-2034448e0b80@group-D48B69A44692-LeaderElection148] INFO  impl.LeaderElection (LeaderElection.java:askForVotes(178)) - a1c78c0e-869c-4f76-b4ce-2034448e0b80@group-D48B69A44692-LeaderElection148: begin an election at term 75 for -1: [51276c3c-a3b8-4274-b089-592ff4589f41:192.168.157.213:36639, 64c90977-e867-487c-b50d-c226f2d34a76:192.168.157.213:37433, a1c78c0e-869c-4f76-b4ce-2034448e0b80:192.168.157.213:33501], old=null
2019-10-19 01:04:37,266 [grpc-default-executor-7] INFO  impl.RaftServerImpl (RaftServerImpl.java:setRole(184)) - 16805c57-9f45-4377-8998-764a8f26e152@group-FB3B7D7D89E3: changes role from  FOLLOWER to FOLLOWER at term 78 for recognizeCandidate:a54795b0-6c9c-4137-a866-f82f653c9bf9
2019-10-19 01:04:37,266 [grpc-default-executor-7] INFO  impl.RoleInfo (RoleInfo.java:shutdownFollowerState(121)) - 16805c57-9f45-4377-8998-764a8f26e152: shutdown FollowerState
2019-10-19 01:04:37,266 [Thread-1327] INFO  impl.FollowerState (FollowerState.java:run(117)) - 16805c57-9f45-4377-8998-764a8f26e152@group-FB3B7D7D89E3-FollowerState was interrupted: java.lang.InterruptedException: sleep interrupted
2019-10-19 01:04:37,266 [grpc-default-executor-7] INFO  impl.RoleInfo (RoleInfo.java:updateAndGet(143)) - 16805c57-9f45-4377-8998-764a8f26e152: start FollowerState
2019-10-19 01:04:37,267 [grpc-default-executor-6] INFO  impl.RaftServerImpl (RaftServerImpl.java:setRole(184)) - b26a8d60-58dc-431d-8168-f89a9ab35f3a@group-FB3B7D7D89E3: changes role from  FOLLOWER to FOLLOWER at term 78 for recognizeCandidate:a54795b0-6c9c-4137-a866-f82f653c9bf9
2019-10-19 01:04:37,266 [grpc-default-executor-5] INFO  impl.RaftServerImpl (RaftServerImpl.java:setRole(184)) - 64c90977-e867-487c-b50d-c226f2d34a76@group-D48B69A44692: changes role from  FOLLOWER to FOLLOWER at term 75 for recognizeCandidate:a1c78c0e-869c-4f76-b4ce-2034448e0b80
2019-10-19 01:04:37,267 [grpc-default-executor-5] INFO  impl.RoleInfo (RoleInfo.java:shutdownFollowerState(121)) - 64c90977-e867-487c-b50d-c226f2d34a76: shutdown FollowerState
2019-10-19 01:04:37,267 [grpc-default-executor-6] INFO  impl.RoleInfo (RoleInfo.java:shutdownFollowerState(121)) - b26a8d60-58dc-431d-8168-f89a9ab35f3a: shutdown FollowerState
2019-10-19 01:04:37,267 [grpc-default-executor-4] INFO  impl.RaftServerImpl (RaftServerImpl.java:setRole(184)) - 51276c3c-a3b8-4274-b089-592ff4589f41@group-D48B69A44692: changes role from  FOLLOWER to FOLLOWER at term 75 for recognizeCandidate:a1c78c0e-869c-4f76-b4ce-2034448e0b80
2019-10-19 01:04:37,267 [grpc-default-executor-6] INFO  impl.RoleInfo (RoleInfo.java:updateAndGet(143)) - b26a8d60-58dc-431d-8168-f89a9ab35f3a: start FollowerState
2019-10-19 01:04:37,267 [Thread-1329] INFO  impl.FollowerState (FollowerState.java:run(117)) - b26a8d60-58dc-431d-8168-f89a9ab35f3a@group-FB3B7D7D89E3-FollowerState was interrupted: java.lang.InterruptedException: sleep interrupted
2019-10-19 01:04:37,267 [Thread-1331] INFO  impl.FollowerState (FollowerState.java:run(117)) - 64c90977-e867-487c-b50d-c226f2d34a76@group-D48B69A44692-FollowerState was interrupted: java.lang.InterruptedException: sleep interrupted
2019-10-19 01:04:37,267 [grpc-default-executor-5] INFO  impl.RoleInfo (RoleInfo.java:updateAndGet(143)) - 64c90977-e867-487c-b50d-c226f2d34a76: start FollowerState
2019-10-19 01:04:37,267 [grpc-default-executor-4] INFO  impl.RoleInfo (RoleInfo.java:shutdownFollowerState(121)) - 51276c3c-a3b8-4274-b089-592ff4589f41: shutdown FollowerState
2019-10-19 01:04:37,268 [grpc-default-executor-4] INFO  impl.RoleInfo (RoleInfo.java:updateAndGet(143)) - 51276c3c-a3b8-4274-b089-592ff4589f41: start FollowerState
2019-10-19 01:04:37,268 [Thread-1330] INFO  impl.FollowerState (FollowerState.java:run(117)) - 51276c3c-a3b8-4274-b089-592ff4589f41@group-D48B69A44692-FollowerState was interrupted: java.lang.InterruptedException: sleep interrupted
2019-10-19 01:04:37,283 [a1c78c0e-869c-4f76-b4ce-2034448e0b80@group-D48B69A44692-LeaderElection148] INFO  impl.LeaderElection (LeaderElection.java:logAndReturn(56)) - a1c78c0e-869c-4f76-b4ce-2034448e0b80@group-D48B69A44692-LeaderElection148: Election REJECTED; received 2 response(s) [a1c78c0e-869c-4f76-b4ce-2034448e0b80<-51276c3c-a3b8-4274-b089-592ff4589f41#0:FAIL-t75, a1c78c0e-869c-4f76-b4ce-2034448e0b80<-64c90977-e867-487c-b50d-c226f2d34a76#0:FAIL-t75] and 0 exception(s); a1c78c0e-869c-4f76-b4ce-2034448e0b80@group-D48B69A44692:t75, leader=null, voted=a1c78c0e-869c-4f76-b4ce-2034448e0b80, raftlog=a1c78c0e-869c-4f76-b4ce-2034448e0b80@group-D48B69A44692-SegmentedRaftLog:OPENED:c-1,f-1,i0, conf=-1: [51276c3c-a3b8-4274-b089-592ff4589f41:192.168.157.213:36639, 64c90977-e867-487c-b50d-c226f2d34a76:192.168.157.213:37433, a1c78c0e-869c-4f76-b4ce-2034448e0b80:192.168.157.213:33501], old=null
2019-10-19 01:04:37,284 [a54795b0-6c9c-4137-a866-f82f653c9bf9@group-FB3B7D7D89E3-LeaderElection147] INFO  impl.LeaderElection (LeaderElection.java:logAndReturn(56)) - a54795b0-6c9c-4137-a866-f82f653c9bf9@group-FB3B7D7D89E3-LeaderElection147: Election REJECTED; received 2 response(s) [a54795b0-6c9c-4137-a866-f82f653c9bf9<-b26a8d60-58dc-431d-8168-f89a9ab35f3a#0:FAIL-t78, a54795b0-6c9c-4137-a866-f82f653c9bf9<-16805c57-9f45-4377-8998-764a8f26e152#0:FAIL-t78] and 0 exception(s); a54795b0-6c9c-4137-a866-f82f653c9bf9@group-FB3B7D7D89E3:t78, leader=null, voted=a54795b0-6c9c-4137-a866-f82f653c9bf9, raftlog=a54795b0-6c9c-4137-a866-f82f653c9bf9@group-FB3B7D7D89E3-SegmentedRaftLog:OPENED:c-1,f-1,i0, conf=-1: [a54795b0-6c9c-4137-a866-f82f653c9bf9:192.168.157.213:43688, b26a8d60-58dc-431d-8168-f89a9ab35f3a:192.168.157.213:35535, 16805c57-9f45-4377-8998-764a8f26e152:192.168.157.213:33728], old=null
2019-10-19 01:04:37,284 [a1c78c0e-869c-4f76-b4ce-2034448e0b80@group-D48B69A44692-LeaderElection148] INFO  impl.RaftServerImpl (RaftServerImpl.java:setRole(184)) - a1c78c0e-869c-4f76-b4ce-2034448e0b80@group-D48B69A44692: changes role from CANDIDATE to FOLLOWER at term 75 for DISCOVERED_A_NEW_TERM
2019-10-19 01:04:37,284 [a54795b0-6c9c-4137-a866-f82f653c9bf9@group-FB3B7D7D89E3-LeaderElection147] INFO  impl.RaftServerImpl (RaftServerImpl.java:setRole(184)) - a54795b0-6c9c-4137-a866-f82f653c9bf9@group-FB3B7D7D89E3: changes role from CANDIDATE to FOLLOWER at term 78 for DISCOVERED_A_NEW_TERM
2019-10-19 01:04:37,284 [a1c78c0e-869c-4f76-b4ce-2034448e0b80@group-D48B69A44692-LeaderElection148] INFO  impl.RoleInfo (RoleInfo.java:shutdownLeaderElection(134)) - a1c78c0e-869c-4f76-b4ce-2034448e0b80: shutdown LeaderElection
2019-10-19 01:04:37,284 [a54795b0-6c9c-4137-a866-f82f653c9bf9@group-FB3B7D7D89E3-LeaderElection147] INFO  impl.RoleInfo (RoleInfo.java:shutdownLeaderElection(134)) - a54795b0-6c9c-4137-a866-f82f653c9bf9: shutdown LeaderElection
2019-10-19 01:04:37,284 [a1c78c0e-869c-4f76-b4ce-2034448e0b80@group-D48B69A44692-LeaderElection148] INFO  impl.RoleInfo (RoleInfo.java:updateAndGet(143)) - a1c78c0e-869c-4f76-b4ce-2034448e0b80: start FollowerState
2019-10-19 01:04:37,284 [a54795b0-6c9c-4137-a866-f82f653c9bf9@group-FB3B7D7D89E3-LeaderElection147] INFO  impl.RoleInfo (RoleInfo.java:updateAndGet(143)) - a54795b0-6c9c-4137-a866-f82f653c9bf9: start FollowerState
2019-10-19 01:04:37,297 [Thread-1345] INFO  impl.FollowerState (FollowerState.java:run(108)) - a54795b0-6c9c-4137-a866-f82f653c9bf9@group-FB3B7D7D89E3-FollowerState: change to CANDIDATE, lastRpcTime:13ms, electionTimeout:13ms
2019-10-19 01:04:37,298 [Thread-1345] INFO  impl.RoleInfo (RoleInfo.java:shutdownFollowerState(121)) - a54795b0-6c9c-4137-a866-f82f653c9bf9: shutdown FollowerState
2019-10-19 01:04:37,298 [Thread-1345] INFO  impl.RaftServerImpl (RaftServerImpl.java:setRole(184)) - a54795b0-6c9c-4137-a866-f82f653c9bf9@group-FB3B7D7D89E3: changes role from  FOLLOWER to CANDIDATE at term 78 for changeToCandidate
2019-10-19 01:04:37,298 [Thread-1345] INFO  impl.RoleInfo (RoleInfo.java:updateAndGet(143)) - a54795b0-6c9c-4137-a866-f82f653c9bf9: start LeaderElection
2019-10-19 01:04:37,311 [a54795b0-6c9c-4137-a866-f82f653c9bf9@group-FB3B7D7D89E3-LeaderElection149] INFO  impl.LeaderElection (LeaderElection.java:askForVotes(178)) - a54795b0-6c9c-4137-a866-f82f653c9bf9@group-FB3B7D7D89E3-LeaderElection149: begin an election at term 79 for -1: [a54795b0-6c9c-4137-a866-f82f653c9bf9:192.168.157.213:43688, b26a8d60-58dc-431d-8168-f89a9ab35f3a:192.168.157.213:35535, 16805c57-9f45-4377-8998-764a8f26e152:192.168.157.213:33728], old=null
2019-10-19 01:04:37,313 [grpc-default-executor-4] INFO  impl.RaftServerImpl (RaftServerImpl.java:setRole(184)) - 16805c57-9f45-4377-8998-764a8f26e152@group-FB3B7D7D89E3: changes role from  FOLLOWER to FOLLOWER at term 79 for recognizeCandidate:a54795b0-6c9c-4137-a866-f82f653c9bf9
2019-10-19 01:04:37,313 [grpc-default-executor-4] INFO  impl.RoleInfo (RoleInfo.java:shutdownFollowerState(121)) - 16805c57-9f45-4377-8998-764a8f26e152: shutdown FollowerState
2019-10-19 01:04:37,313 [grpc-default-executor-6] INFO  impl.RaftServerImpl (RaftServerImpl.java:setRole(184)) - b26a8d60-58dc-431d-8168-f89a9ab35f3a@group-FB3B7D7D89E3: changes role from  FOLLOWER to FOLLOWER at term 79 for recognizeCandidate:a54795b0-6c9c-4137-a866-f82f653c9bf9
2019-10-19 01:04:37,313 [grpc-default-executor-6] INFO  impl.RoleInfo (RoleInfo.java:shutdownFollowerState(121)) - b26a8d60-58dc-431d-8168-f89a9ab35f3a: shutdown FollowerState
2019-10-19 01:04:37,313 [Thread-1344] INFO  impl.FollowerState (FollowerState.java:run(108)) - a1c78c0e-869c-4f76-b4ce-2034448e0b80@group-D48B69A44692-FollowerState: change to CANDIDATE, lastRpcTime:29ms, electionTimeout:29ms
2019-10-19 01:04:37,313 [Thread-1340] INFO  impl.FollowerState (FollowerState.java:run(117)) - 16805c57-9f45-4377-8998-764a8f26e152@group-FB3B7D7D89E3-FollowerState was interrupted: java.lang.InterruptedException: sleep interrupted
2019-10-19 01:04:37,313 [grpc-default-executor-4] INFO  impl.RoleInfo (RoleInfo.java:updateAndGet(143)) - 16805c57-9f45-4377-8998-764a8f26e152: start FollowerState
2019-10-19 01:04:37,314 [Thread-1344] INFO  impl.RoleInfo (RoleInfo.java:shutdownFollowerState(121)) - a1c78c0e-869c-4f76-b4ce-2034448e0b80: shutdown FollowerState
2019-10-19 01:04:37,314 [Thread-1342] INFO  impl.FollowerState (FollowerState.java:run(117)) - b26a8d60-58dc-431d-8168-f89a9ab35f3a@group-FB3B7D7D89E3-FollowerState was interrupted: java.lang.InterruptedException: sleep interrupted
2019-10-19 01:04:37,314 [grpc-default-executor-6] INFO  impl.RoleInfo (RoleInfo.java:updateAndGet(143)) - b26a8d60-58dc-431d-8168-f89a9ab35f3a: start FollowerState
2019-10-19 01:04:37,314 [Thread-1344] INFO  impl.RaftServerImpl (RaftServerImpl.java:setRole(184)) - a1c78c0e-869c-4f76-b4ce-2034448e0b80@group-D48B69A44692: changes role from  FOLLOWER to CANDIDATE at term 75 for changeToCandidate
2019-10-19 01:04:37,314 [Thread-1344] INFO  impl.RoleInfo (RoleInfo.java:updateAndGet(143)) - a1c78c0e-869c-4f76-b4ce-2034448e0b80: start LeaderElection
2019-10-19 01:04:37,327 [a1c78c0e-869c-4f76-b4ce-2034448e0b80@group-D48B69A44692-LeaderElection150] INFO  impl.LeaderElection (LeaderElection.java:askForVotes(178)) - a1c78c0e-869c-4f76-b4ce-2034448e0b80@group-D48B69A44692-LeaderElection150: begin an election at term 76 for -1: [51276c3c-a3b8-4274-b089-592ff4589f41:192.168.157.213:36639, 64c90977-e867-487c-b50d-c226f2d34a76:192.168.157.213:37433, a1c78c0e-869c-4f76-b4ce-2034448e0b80:192.168.157.213:33501], old=null
2019-10-19 01:04:37,328 [a54795b0-6c9c-4137-a866-f82f653c9bf9@group-FB3B7D7D89E3-LeaderElection149] INFO  impl.LeaderElection (LeaderElection.java:logAndReturn(56)) - a54795b0-6c9c-4137-a866-f82f653c9bf9@group-FB3B7D7D89E3-LeaderElection149: Election REJECTED; received 2 response(s) [a54795b0-6c9c-4137-a866-f82f653c9bf9<-b26a8d60-58dc-431d-8168-f89a9ab35f3a#0:FAIL-t79, a54795b0-6c9c-4137-a866-f82f653c9bf9<-16805c57-9f45-4377-8998-764a8f26e152#0:FAIL-t79] and 0 exception(s); a54795b0-6c9c-4137-a866-f82f653c9bf9@group-FB3B7D7D89E3:t79, leader=null, voted=a54795b0-6c9c-4137-a866-f82f653c9bf9, raftlog=a54795b0-6c9c-4137-a866-f82f653c9bf9@group-FB3B7D7D89E3-SegmentedRaftLog:OPENED:c-1,f-1,i0, conf=-1: [a54795b0-6c9c-4137-a866-f82f653c9bf9:192.168.157.213:43688, b26a8d60-58dc-431d-8168-f89a9ab35f3a:192.168.157.213:35535, 16805c57-9f45-4377-8998-764a8f26e152:192.168.157.213:33728], old=null
2019-10-19 01:04:37,328 [a54795b0-6c9c-4137-a866-f82f653c9bf9@group-FB3B7D7D89E3-LeaderElection149] INFO  impl.RaftServerImpl (RaftServerImpl.java:setRole(184)) - a54795b0-6c9c-4137-a866-f82f653c9bf9@group-FB3B7D7D89E3: changes role from CANDIDATE to FOLLOWER at term 79 for DISCOVERED_A_NEW_TERM
2019-10-19 01:04:37,328 [a54795b0-6c9c-4137-a866-f82f653c9bf9@group-FB3B7D7D89E3-LeaderElection149] INFO  impl.RoleInfo (RoleInfo.java:shutdownLeaderElection(134)) - a54795b0-6c9c-4137-a866-f82f653c9bf9: shutdown LeaderElection
2019-10-19 01:04:37,328 [a54795b0-6c9c-4137-a866-f82f653c9bf9@group-FB3B7D7D89E3-LeaderElection149] INFO  impl.RoleInfo (RoleInfo.java:updateAndGet(143)) - a54795b0-6c9c-4137-a866-f82f653c9bf9: start FollowerState
2019-10-19 01:04:37,329 [grpc-default-executor-4] INFO  impl.RaftServerImpl (RaftServerImpl.java:setRole(184)) - 64c90977-e867-487c-b50d-c226f2d34a76@group-D48B69A44692: changes role from  FOLLOWER to FOLLOWER at term 76 for recognizeCandidate:a1c78c0e-869c-4f76-b4ce-2034448e0b80
2019-10-19 01:04:37,329 [grpc-default-executor-4] INFO  impl.RoleInfo (RoleInfo.java:shutdownFollowerState(121)) - 64c90977-e867-487c-b50d-c226f2d34a76: shutdown FollowerState
2019-10-19 01:04:37,329 [grpc-default-executor-6] INFO  impl.RaftServerImpl (RaftServerImpl.java:setRole(184)) - 51276c3c-a3b8-4274-b089-592ff4589f41@group-D48B69A44692: changes role from  FOLLOWER to FOLLOWER at term 76 for recognizeCandidate:a1c78c0e-869c-4f76-b4ce-2034448e0b80
2019-10-19 01:04:37,329 [Thread-1341] INFO  impl.FollowerState (FollowerState.java:run(117)) - 64c90977-e867-487c-b50d-c226f2d34a76@group-D48B69A44692-FollowerState was interrupted: java.lang.InterruptedException: sleep interrupted
2019-10-19 01:04:37,329 [grpc-default-executor-4] INFO  impl.RoleInfo (RoleInfo.java:updateAndGet(143)) - 64c90977-e867-487c-b50d-c226f2d34a76: start FollowerState
2019-10-19 01:04:37,329 [grpc-default-executor-6] INFO  impl.RoleInfo (RoleInfo.java:shutdownFollowerState(121)) - 51276c3c-a3b8-4274-b089-592ff4589f41: shutdown FollowerState
2019-10-19 01:04:37,330 [grpc-default-executor-6] INFO  impl.RoleInfo (RoleInfo.java:updateAndGet(143)) - 51276c3c-a3b8-4274-b089-592ff4589f41: start FollowerState
2019-10-19 01:04:37,330 [Thread-1343] INFO  impl.FollowerState (FollowerState.java:run(117)) - 51276c3c-a3b8-4274-b089-592ff4589f41@group-D48B69A44692-FollowerState was interrupted: java.lang.InterruptedException: sleep interrupted
2019-10-19 01:04:37,343 [a1c78c0e-869c-4f76-b4ce-2034448e0b80@group-D48B69A44692-LeaderElection150] INFO  impl.LeaderElection (LeaderElection.java:logAndReturn(56)) - a1c78c0e-869c-4f76-b4ce-2034448e0b80@group-D48B69A44692-LeaderElection150: Election REJECTED; received 2 response(s) [a1c78c0e-869c-4f76-b4ce-2034448e0b80<-51276c3c-a3b8-4274-b089-592ff4589f41#0:FAIL-t76, a1c78c0e-869c-4f76-b4ce-2034448e0b80<-64c90977-e867-487c-b50d-c226f2d34a76#0:FAIL-t76] and 0 exception(s); a1c78c0e-869c-4f76-b4ce-2034448e0b80@group-D48B69A44692:t76, leader=null, voted=a1c78c0e-869c-4f76-b4ce-2034448e0b80, raftlog=a1c78c0e-869c-4f76-b4ce-2034448e0b80@group-D48B69A44692-SegmentedRaftLog:OPENED:c-1,f-1,i0, conf=-1: [51276c3c-a3b8-4274-b089-592ff4589f41:192.168.157.213:36639, 64c90977-e867-487c-b50d-c226f2d34a76:192.168.157.213:37433, a1c78c0e-869c-4f76-b4ce-2034448e0b80:192.168.157.213:33501], old=null
2019-10-19 01:04:37,343 [a1c78c0e-869c-4f76-b4ce-2034448e0b80@group-D48B69A44692-LeaderElection150] INFO  impl.RaftServerImpl (RaftServerImpl.java:setRole(184)) - a1c78c0e-869c-4f76-b4ce-2034448e0b80@group-D48B69A44692: changes role from CANDIDATE to FOLLOWER at term 76 for DISCOVERED_A_NEW_TERM
2019-10-19 01:04:37,343 [a1c78c0e-869c-4f76-b4ce-2034448e0b80@group-D48B69A44692-LeaderElection150] INFO  impl.RoleInfo (RoleInfo.java:shutdownLeaderElection(134)) - a1c78c0e-869c-4f76-b4ce-2034448e0b80: shutdown LeaderElection
2019-10-19 01:04:37,343 [a1c78c0e-869c-4f76-b4ce-2034448e0b80@group-D48B69A44692-LeaderElection150] INFO  impl.RoleInfo (RoleInfo.java:updateAndGet(143)) - a1c78c0e-869c-4f76-b4ce-2034448e0b80: start FollowerState
2019-10-19 01:04:37,348 [Thread-1354] INFO  impl.FollowerState (FollowerState.java:run(108)) - a54795b0-6c9c-4137-a866-f82f653c9bf9@group-FB3B7D7D89E3-FollowerState: change to CANDIDATE, lastRpcTime:20ms, electionTimeout:20ms
2019-10-19 01:04:37,348 [Thread-1354] INFO  impl.RoleInfo (RoleInfo.java:shutdownFollowerState(121)) - a54795b0-6c9c-4137-a866-f82f653c9bf9: shutdown FollowerState
2019-10-19 01:04:37,348 [Thread-1354] INFO  impl.RaftServerImpl (RaftServerImpl.java:setRole(184)) - a54795b0-6c9c-4137-a866-f82f653c9bf9@group-FB3B7D7D89E3: changes role from  FOLLOWER to CANDIDATE at term 79 for changeToCandidate
2019-10-19 01:04:37,349 [Thread-1354] INFO  impl.RoleInfo (RoleInfo.java:updateAndGet(143)) - a54795b0-6c9c-4137-a866-f82f653c9bf9: start LeaderElection
2019-10-19 01:04:37,361 [a54795b0-6c9c-4137-a866-f82f653c9bf9@group-FB3B7D7D89E3-LeaderElection151] INFO  impl.LeaderElection (LeaderElection.java:askForVotes(178)) - a54795b0-6c9c-4137-a866-f82f653c9bf9@group-FB3B7D7D89E3-LeaderElection151: begin an election at term 80 for -1: [a54795b0-6c9c-4137-a866-f82f653c9bf9:192.168.157.213:43688, b26a8d60-58dc-431d-8168-f89a9ab35f3a:192.168.157.213:35535, 16805c57-9f45-4377-8998-764a8f26e152:192.168.157.213:33728], old=null
2019-10-19 01:04:37,363 [grpc-default-executor-4] INFO  impl.RaftServerImpl (RaftServerImpl.java:setRole(184)) - b26a8d60-58dc-431d-8168-f89a9ab35f3a@group-FB3B7D7D89E3: changes role from  FOLLOWER to FOLLOWER at term 80 for recognizeCandidate:a54795b0-6c9c-4137-a866-f82f653c9bf9
2019-10-19 01:04:37,363 [grpc-default-executor-6] INFO  impl.RaftServerImpl (RaftServerImpl.java:setRole(184)) - 16805c57-9f45-4377-8998-764a8f26e152@group-FB3B7D7D89E3: changes role from  FOLLOWER to FOLLOWER at term 80 for recognizeCandidate:a54795b0-6c9c-4137-a866-f82f653c9bf9
2019-10-19 01:04:37,363 [grpc-default-executor-6] INFO  impl.RoleInfo (RoleInfo.java:shutdownFollowerState(121)) - 16805c57-9f45-4377-8998-764a8f26e152: shutdown FollowerState
2019-10-19 01:04:37,363 [grpc-default-executor-4] INFO  impl.RoleInfo (RoleInfo.java:shutdownFollowerState(121)) - b26a8d60-58dc-431d-8168-f89a9ab35f3a: shutdown FollowerState
2019-10-19 01:04:37,363 [Thread-1349] INFO  impl.FollowerState (FollowerState.java:run(117)) - 16805c57-9f45-4377-8998-764a8f26e152@group-FB3B7D7D89E3-FollowerState was interrupted: java.lang.InterruptedException: sleep interrupted
2019-10-19 01:04:37,363 [grpc-default-executor-6] INFO  impl.RoleInfo (RoleInfo.java:updateAndGet(143)) - 16805c57-9f45-4377-8998-764a8f26e152: start FollowerState
2019-10-19 01:04:37,363 [grpc-default-executor-4] INFO  impl.RoleInfo (RoleInfo.java:updateAndGet(143)) - b26a8d60-58dc-431d-8168-f89a9ab35f3a: start FollowerState
2019-10-19 01:04:37,363 [Thread-1350] INFO  impl.FollowerState (FollowerState.java:run(117)) - b26a8d60-58dc-431d-8168-f89a9ab35f3a@group-FB3B7D7D89E3-FollowerState was interrupted: java.lang.InterruptedException: sleep interrupted
2019-10-19 01:04:37,377 [a54795b0-6c9c-4137-a866-f82f653c9bf9@group-FB3B7D7D89E3-LeaderElection151] INFO  impl.LeaderElection (LeaderElection.java:logAndReturn(56)) - a54795b0-6c9c-4137-a866-f82f653c9bf9@group-FB3B7D7D89E3-LeaderElection151: Election REJECTED; received 2 response(s) [a54795b0-6c9c-4137-a866-f82f653c9bf9<-b26a8d60-58dc-431d-8168-f89a9ab35f3a#0:FAIL-t80, a54795b0-6c9c-4137-a866-f82f653c9bf9<-16805c57-9f45-4377-8998-764a8f26e152#0:FAIL-t80] and 0 exception(s); a54795b0-6c9c-4137-a866-f82f653c9bf9@group-FB3B7D7D89E3:t80, leader=null, voted=a54795b0-6c9c-4137-a866-f82f653c9bf9, raftlog=a54795b0-6c9c-4137-a866-f82f653c9bf9@group-FB3B7D7D89E3-SegmentedRaftLog:OPENED:c-1,f-1,i0, conf=-1: [a54795b0-6c9c-4137-a866-f82f653c9bf9:192.168.157.213:43688, b26a8d60-58dc-431d-8168-f89a9ab35f3a:192.168.157.213:35535, 16805c57-9f45-4377-8998-764a8f26e152:192.168.157.213:33728], old=null
2019-10-19 01:04:37,377 [a54795b0-6c9c-4137-a866-f82f653c9bf9@group-FB3B7D7D89E3-LeaderElection151] INFO  impl.RaftServerImpl (RaftServerImpl.java:setRole(184)) - a54795b0-6c9c-4137-a866-f82f653c9bf9@group-FB3B7D7D89E3: changes role from CANDIDATE to FOLLOWER at term 80 for DISCOVERED_A_NEW_TERM
2019-10-19 01:04:37,377 [a54795b0-6c9c-4137-a866-f82f653c9bf9@group-FB3B7D7D89E3-LeaderElection151] INFO  impl.RoleInfo (RoleInfo.java:shutdownLeaderElection(134)) - a54795b0-6c9c-4137-a866-f82f653c9bf9: shutdown LeaderElection
2019-10-19 01:04:37,377 [a54795b0-6c9c-4137-a866-f82f653c9bf9@group-FB3B7D7D89E3-LeaderElection151] INFO  impl.RoleInfo (RoleInfo.java:updateAndGet(143)) - a54795b0-6c9c-4137-a866-f82f653c9bf9: start FollowerState
2019-10-19 01:04:37,467 [Thread-1357] INFO  impl.FollowerState (FollowerState.java:run(108)) - a1c78c0e-869c-4f76-b4ce-2034448e0b80@group-D48B69A44692-FollowerState: change to CANDIDATE, lastRpcTime:124ms, electionTimeout:124ms
2019-10-19 01:04:37,467 [Thread-1357] INFO  impl.RoleInfo (RoleInfo.java:shutdownFollowerState(121)) - a1c78c0e-869c-4f76-b4ce-2034448e0b80: shutdown FollowerState
2019-10-19 01:04:37,468 [Thread-1357] INFO  impl.RaftServerImpl (RaftServerImpl.java:setRole(184)) - a1c78c0e-869c-4f76-b4ce-2034448e0b80@group-D48B69A44692: changes role from  FOLLOWER to CANDIDATE at term 76 for changeToCandidate
2019-10-19 01:04:37,468 [Thread-1357] INFO  impl.RoleInfo (RoleInfo.java:updateAndGet(143)) - a1c78c0e-869c-4f76-b4ce-2034448e0b80: start LeaderElection
2019-10-19 01:04:37,481 [a1c78c0e-869c-4f76-b4ce-2034448e0b80@group-D48B69A44692-LeaderElection152] INFO  impl.LeaderElection (LeaderElection.java:askForVotes(178)) - a1c78c0e-869c-4f76-b4ce-2034448e0b80@group-D48B69A44692-LeaderElection152: begin an election at term 77 for -1: [51276c3c-a3b8-4274-b089-592ff4589f41:192.168.157.213:36639, 64c90977-e867-487c-b50d-c226f2d34a76:192.168.157.213:37433, a1c78c0e-869c-4f76-b4ce-2034448e0b80:192.168.157.213:33501], old=null
2019-10-19 01:04:37,483 [grpc-default-executor-6] INFO  impl.RaftServerImpl (RaftServerImpl.java:setRole(184)) - 64c90977-e867-487c-b50d-c226f2d34a76@group-D48B69A44692: changes role from  FOLLOWER to FOLLOWER at term 77 for recognizeCandidate:a1c78c0e-869c-4f76-b4ce-2034448e0b80
2019-10-19 01:04:37,483 [grpc-default-executor-6] INFO  impl.RoleInfo (RoleInfo.java:shutdownFollowerState(121)) - 64c90977-e867-487c-b50d-c226f2d34a76: shutdown FollowerState
2019-10-19 01:04:37,483 [grpc-default-executor-4] INFO  impl.RaftServerImpl (RaftServerImpl.java:setRole(184)) - 51276c3c-a3b8-4274-b089-592ff4589f41@group-D48B69A44692: changes role from  FOLLOWER to FOLLOWER at term 77 for recognizeCandidate:a1c78c0e-869c-4f76-b4ce-2034448e0b80
2019-10-19 01:04:37,483 [Thread-1355] INFO  impl.FollowerState (FollowerState.java:run(117)) - 64c90977-e867-487c-b50d-c226f2d34a76@group-D48B69A44692-FollowerState was interrupted: java.lang.InterruptedException: sleep interrupted
2019-10-19 01:04:37,483 [grpc-default-executor-6] INFO  impl.RoleInfo (RoleInfo.java:updateAndGet(143)) - 64c90977-e867-487c-b50d-c226f2d34a76: start FollowerState
2019-10-19 01:04:37,484 [grpc-default-executor-4] INFO  impl.RoleInfo (RoleInfo.java:shutdownFollowerState(121)) - 51276c3c-a3b8-4274-b089-592ff4589f41: shutdown FollowerState
2019-10-19 01:04:37,484 [grpc-default-executor-4] INFO  impl.RoleInfo (RoleInfo.java:updateAndGet(143)) - 51276c3c-a3b8-4274-b089-592ff4589f41: start FollowerState
2019-10-19 01:04:37,484 [Thread-1356] INFO  impl.FollowerState (FollowerState.java:run(117)) - 51276c3c-a3b8-4274-b089-592ff4589f41@group-D48B69A44692-FollowerState was interrupted: java.lang.InterruptedException: sleep interrupted
2019-10-19 01:04:37,504 [a1c78c0e-869c-4f76-b4ce-2034448e0b80@group-D48B69A44692-LeaderElection152] INFO  impl.LeaderElection (LeaderElection.java:logAndReturn(56)) - a1c78c0e-869c-4f76-b4ce-2034448e0b80@group-D48B69A44692-LeaderElection152: Election REJECTED; received 2 response(s) [a1c78c0e-869c-4f76-b4ce-2034448e0b80<-51276c3c-a3b8-4274-b089-592ff4589f41#0:FAIL-t77, a1c78c0e-869c-4f76-b4ce-2034448e0b80<-64c90977-e867-487c-b50d-c226f2d34a76#0:FAIL-t77] and 0 exception(s); a1c78c0e-869c-4f76-b4ce-2034448e0b80@group-D48B69A44692:t77, leader=null, voted=a1c78c0e-869c-4f76-b4ce-2034448e0b80, raftlog=a1c78c0e-869c-4f76-b4ce-2034448e0b80@group-D48B69A44692-SegmentedRaftLog:OPENED:c-1,f-1,i0, conf=-1: [51276c3c-a3b8-4274-b089-592ff4589f41:192.168.157.213:36639, 64c90977-e867-487c-b50d-c226f2d34a76:192.168.157.213:37433, a1c78c0e-869c-4f76-b4ce-2034448e0b80:192.168.157.213:33501], old=null
2019-10-19 01:04:37,504 [a1c78c0e-869c-4f76-b4ce-2034448e0b80@group-D48B69A44692-LeaderElection152] INFO  impl.RaftServerImpl (RaftServerImpl.java:setRole(184)) - a1c78c0e-869c-4f76-b4ce-2034448e0b80@group-D48B69A44692: changes role from CANDIDATE to FOLLOWER at term 77 for DISCOVERED_A_NEW_TERM
2019-10-19 01:04:37,504 [a1c78c0e-869c-4f76-b4ce-2034448e0b80@group-D48B69A44692-LeaderElection152] INFO  impl.RoleInfo (RoleInfo.java:shutdownLeaderElection(134)) - a1c78c0e-869c-4f76-b4ce-2034448e0b80: shutdown LeaderElection
2019-10-19 01:04:37,504 [a1c78c0e-869c-4f76-b4ce-2034448e0b80@group-D48B69A44692-LeaderElection152] INFO  impl.RoleInfo (RoleInfo.java:updateAndGet(143)) - a1c78c0e-869c-4f76-b4ce-2034448e0b80: start FollowerState
2019-10-19 01:04:37,520 [Thread-1371] INFO  impl.FollowerState (FollowerState.java:run(108)) - a1c78c0e-869c-4f76-b4ce-2034448e0b80@group-D48B69A44692-FollowerState: change to CANDIDATE, lastRpcTime:16ms, electionTimeout:16ms
2019-10-19 01:04:37,520 [Thread-1371] INFO  impl.RoleInfo (RoleInfo.java:shutdownFollowerState(121)) - a1c78c0e-869c-4f76-b4ce-2034448e0b80: shutdown FollowerState
2019-10-19 01:04:37,521 [Thread-1371] INFO  impl.RaftServerImpl (RaftServerImpl.java:setRole(184)) - a1c78c0e-869c-4f76-b4ce-2034448e0b80@group-D48B69A44692: changes role from  FOLLOWER to CANDIDATE at term 77 for changeToCandidate
2019-10-19 01:04:37,521 [Thread-1371] INFO  impl.RoleInfo (RoleInfo.java:updateAndGet(143)) - a1c78c0e-869c-4f76-b4ce-2034448e0b80: start LeaderElection
2019-10-19 01:04:37,526 [Thread-1364] INFO  impl.FollowerState (FollowerState.java:run(108)) - a54795b0-6c9c-4137-a866-f82f653c9bf9@group-FB3B7D7D89E3-FollowerState: change to CANDIDATE, lastRpcTime:148ms, electionTimeout:148ms
2019-10-19 01:04:37,526 [Thread-1364] INFO  impl.RoleInfo (RoleInfo.java:shutdownFollowerState(121)) - a54795b0-6c9c-4137-a866-f82f653c9bf9: shutdown FollowerState
2019-10-19 01:04:37,526 [Thread-1364] INFO  impl.RaftServerImpl (RaftServerImpl.java:setRole(184)) - a54795b0-6c9c-4137-a866-f82f653c9bf9@group-FB3B7D7D89E3: changes role from  FOLLOWER to CANDIDATE at term 80 for changeToCandidate
2019-10-19 01:04:37,526 [Thread-1364] INFO  impl.RoleInfo (RoleInfo.java:updateAndGet(143)) - a54795b0-6c9c-4137-a866-f82f653c9bf9: start LeaderElection
2019-10-19 01:04:37,534 [a54795b0-6c9c-4137-a866-f82f653c9bf9@group-FB3B7D7D89E3-LeaderElection154] INFO  impl.LeaderElection (LeaderElection.java:askForVotes(178)) - a54795b0-6c9c-4137-a866-f82f653c9bf9@group-FB3B7D7D89E3-LeaderElection154: begin an election at term 81 for -1: [a54795b0-6c9c-4137-a866-f82f653c9bf9:192.168.157.213:43688, b26a8d60-58dc-431d-8168-f89a9ab35f3a:192.168.157.213:35535, 16805c57-9f45-4377-8998-764a8f26e152:192.168.157.213:33728], old=null
2019-10-19 01:04:37,534 [a1c78c0e-869c-4f76-b4ce-2034448e0b80@group-D48B69A44692-LeaderElection153] INFO  impl.LeaderElection (LeaderElection.java:askForVotes(178)) - a1c78c0e-869c-4f76-b4ce-2034448e0b80@group-D48B69A44692-LeaderElection153: begin an election at term 78 for -1: [51276c3c-a3b8-4274-b089-592ff4589f41:192.168.157.213:36639, 64c90977-e867-487c-b50d-c226f2d34a76:192.168.157.213:37433, a1c78c0e-869c-4f76-b4ce-2034448e0b80:192.168.157.213:33501], old=null
2019-10-19 01:04:37,536 [grpc-default-executor-6] INFO  impl.RaftServerImpl (RaftServerImpl.java:setRole(184)) - 64c90977-e867-487c-b50d-c226f2d34a76@group-D48B69A44692: changes role from  FOLLOWER to FOLLOWER at term 78 for recognizeCandidate:a1c78c0e-869c-4f76-b4ce-2034448e0b80
2019-10-19 01:04:37,536 [grpc-default-executor-6] INFO  impl.RoleInfo (RoleInfo.java:shutdownFollowerState(121)) - 64c90977-e867-487c-b50d-c226f2d34a76: shutdown FollowerState
2019-10-19 01:04:37,536 [grpc-default-executor-4] INFO  impl.RaftServerImpl (RaftServerImpl.java:setRole(184)) - b26a8d60-58dc-431d-8168-f89a9ab35f3a@group-FB3B7D7D89E3: changes role from  FOLLOWER to FOLLOWER at term 81 for recognizeCandidate:a54795b0-6c9c-4137-a866-f82f653c9bf9
2019-10-19 01:04:37,537 [Thread-1369] INFO  impl.FollowerState (FollowerState.java:run(117)) - 64c90977-e867-487c-b50d-c226f2d34a76@group-D48B69A44692-FollowerState was interrupted: java.lang.InterruptedException: sleep interrupted
2019-10-19 01:04:37,537 [grpc-default-executor-6] INFO  impl.RoleInfo (RoleInfo.java:updateAndGet(143)) - 64c90977-e867-487c-b50d-c226f2d34a76: start FollowerState
2019-10-19 01:04:37,537 [grpc-default-executor-5] INFO  impl.RaftServerImpl (RaftServerImpl.java:setRole(184)) - 16805c57-9f45-4377-8998-764a8f26e152@group-FB3B7D7D89E3: changes role from  FOLLOWER to FOLLOWER at term 81 for recognizeCandidate:a54795b0-6c9c-4137-a866-f82f653c9bf9
2019-10-19 01:04:37,537 [grpc-default-executor-5] INFO  impl.RoleInfo (RoleInfo.java:shutdownFollowerState(121)) - 16805c57-9f45-4377-8998-764a8f26e152: shutdown FollowerState
2019-10-19 01:04:37,537 [grpc-default-executor-7] INFO  impl.RaftServerImpl (RaftServerImpl.java:setRole(184)) - 51276c3c-a3b8-4274-b089-592ff4589f41@group-D48B69A44692: changes role from  FOLLOWER to FOLLOWER at term 78 for recognizeCandidate:a1c78c0e-869c-4f76-b4ce-2034448e0b80
2019-10-19 01:04:37,537 [grpc-default-executor-4] INFO  impl.RoleInfo (RoleInfo.java:shutdownFollowerState(121)) - b26a8d60-58dc-431d-8168-f89a9ab35f3a: shutdown FollowerState
2019-10-19 01:04:37,537 [grpc-default-executor-7] INFO  impl.RoleInfo (RoleInfo.java:shutdownFollowerState(121)) - 51276c3c-a3b8-4274-b089-592ff4589f41: shutdown FollowerState
2019-10-19 01:04:37,537 [Thread-1361] INFO  impl.FollowerState (FollowerState.java:run(117)) - 16805c57-9f45-4377-8998-764a8f26e152@group-FB3B7D7D89E3-FollowerState was interrupted: java.lang.InterruptedException: sleep interrupted
2019-10-19 01:04:37,537 [grpc-default-executor-5] INFO  impl.RoleInfo (RoleInfo.java:updateAndGet(143)) - 16805c57-9f45-4377-8998-764a8f26e152: start FollowerState
2019-10-19 01:04:37,538 [Thread-1370] INFO  impl.FollowerState (FollowerState.java:run(117)) - 51276c3c-a3b8-4274-b089-592ff4589f41@group-D48B69A44692-FollowerState was interrupted: java.lang.InterruptedException: sleep interrupted
2019-10-19 01:04:37,538 [grpc-default-executor-7] INFO  impl.RoleInfo (RoleInfo.java:updateAndGet(143)) - 51276c3c-a3b8-4274-b089-592ff4589f41: start FollowerState
2019-10-19 01:04:37,538 [Thread-1362] INFO  impl.FollowerState (FollowerState.java:run(117)) - b26a8d60-58dc-431d-8168-f89a9ab35f3a@group-FB3B7D7D89E3-FollowerState was interrupted: java.lang.InterruptedException: sleep interrupted
2019-10-19 01:04:37,538 [grpc-default-executor-4] INFO  impl.RoleInfo (RoleInfo.java:updateAndGet(143)) - b26a8d60-58dc-431d-8168-f89a9ab35f3a: start FollowerState
2019-10-19 01:04:37,548 [a54795b0-6c9c-4137-a866-f82f653c9bf9@group-FB3B7D7D89E3-LeaderElection154] INFO  impl.LeaderElection (LeaderElection.java:logAndReturn(56)) - a54795b0-6c9c-4137-a866-f82f653c9bf9@group-FB3B7D7D89E3-LeaderElection154: Election TIMEOUT; received 0 response(s) [] and 0 exception(s); a54795b0-6c9c-4137-a866-f82f653c9bf9@group-FB3B7D7D89E3:t81, leader=null, voted=a54795b0-6c9c-4137-a866-f82f653c9bf9, raftlog=a54795b0-6c9c-4137-a866-f82f653c9bf9@group-FB3B7D7D89E3-SegmentedRaftLog:OPENED:c-1,f-1,i0, conf=-1: [a54795b0-6c9c-4137-a866-f82f653c9bf9:192.168.157.213:43688, b26a8d60-58dc-431d-8168-f89a9ab35f3a:192.168.157.213:35535, 16805c57-9f45-4377-8998-764a8f26e152:192.168.157.213:33728], old=null
2019-10-19 01:04:37,563 [a1c78c0e-869c-4f76-b4ce-2034448e0b80@group-D48B69A44692-LeaderElection153] INFO  impl.LeaderElection (LeaderElection.java:logAndReturn(56)) - a1c78c0e-869c-4f76-b4ce-2034448e0b80@group-D48B69A44692-LeaderElection153: Election REJECTED; received 2 response(s) [a1c78c0e-869c-4f76-b4ce-2034448e0b80<-51276c3c-a3b8-4274-b089-592ff4589f41#0:FAIL-t78, a1c78c0e-869c-4f76-b4ce-2034448e0b80<-64c90977-e867-487c-b50d-c226f2d34a76#0:FAIL-t78] and 0 exception(s); a1c78c0e-869c-4f76-b4ce-2034448e0b80@group-D48B69A44692:t78, leader=null, voted=a1c78c0e-869c-4f76-b4ce-2034448e0b80, raftlog=a1c78c0e-869c-4f76-b4ce-2034448e0b80@group-D48B69A44692-SegmentedRaftLog:OPENED:c-1,f-1,i0, conf=-1: [51276c3c-a3b8-4274-b089-592ff4589f41:192.168.157.213:36639, 64c90977-e867-487c-b50d-c226f2d34a76:192.168.157.213:37433, a1c78c0e-869c-4f76-b4ce-2034448e0b80:192.168.157.213:33501], old=null
2019-10-19 01:04:37,563 [a1c78c0e-869c-4f76-b4ce-2034448e0b80@group-D48B69A44692-LeaderElection153] INFO  impl.RaftServerImpl (RaftServerImpl.java:setRole(184)) - a1c78c0e-869c-4f76-b4ce-2034448e0b80@group-D48B69A44692: changes role from CANDIDATE to FOLLOWER at term 78 for DISCOVERED_A_NEW_TERM
2019-10-19 01:04:37,563 [a1c78c0e-869c-4f76-b4ce-2034448e0b80@group-D48B69A44692-LeaderElection153] INFO  impl.RoleInfo (RoleInfo.java:shutdownLeaderElection(134)) - a1c78c0e-869c-4f76-b4ce-2034448e0b80: shutdown LeaderElection
2019-10-19 01:04:37,563 [a1c78c0e-869c-4f76-b4ce-2034448e0b80@group-D48B69A44692-LeaderElection153] INFO  impl.RoleInfo (RoleInfo.java:updateAndGet(143)) - a1c78c0e-869c-4f76-b4ce-2034448e0b80: start FollowerState
2019-10-19 01:04:37,564 [a54795b0-6c9c-4137-a866-f82f653c9bf9@group-FB3B7D7D89E3-LeaderElection154] INFO  impl.LeaderElection (LeaderElection.java:askForVotes(178)) - a54795b0-6c9c-4137-a866-f82f653c9bf9@group-FB3B7D7D89E3-LeaderElection154: begin an election at term 82 for -1: [a54795b0-6c9c-4137-a866-f82f653c9bf9:192.168.157.213:43688, b26a8d60-58dc-431d-8168-f89a9ab35f3a:192.168.157.213:35535, 16805c57-9f45-4377-8998-764a8f26e152:192.168.157.213:33728], old=null
2019-10-19 01:04:37,566 [grpc-default-executor-5] INFO  impl.RaftServerImpl (RaftServerImpl.java:setRole(184)) - 16805c57-9f45-4377-8998-764a8f26e152@group-FB3B7D7D89E3: changes role from  FOLLOWER to FOLLOWER at term 82 for recognizeCandidate:a54795b0-6c9c-4137-a866-f82f653c9bf9
2019-10-19 01:04:37,566 [grpc-default-executor-5] INFO  impl.RoleInfo (RoleInfo.java:shutdownFollowerState(121)) - 16805c57-9f45-4377-8998-764a8f26e152: shutdown FollowerState
2019-10-19 01:04:37,566 [grpc-default-executor-7] INFO  impl.RaftServerImpl (RaftServerImpl.java:setRole(184)) - b26a8d60-58dc-431d-8168-f89a9ab35f3a@group-FB3B7D7D89E3: changes role from  FOLLOWER to FOLLOWER at term 82 for recognizeCandidate:a54795b0-6c9c-4137-a866-f82f653c9bf9
2019-10-19 01:04:37,567 [Thread-1379] INFO  impl.FollowerState (FollowerState.java:run(117)) - 16805c57-9f45-4377-8998-764a8f26e152@group-FB3B7D7D89E3-FollowerState was interrupted: java.lang.InterruptedException: sleep interrupted
2019-10-19 01:04:37,567 [grpc-default-executor-7] INFO  impl.RoleInfo (RoleInfo.java:shutdownFollowerState(121)) - b26a8d60-58dc-431d-8168-f89a9ab35f3a: shutdown FollowerState
2019-10-19 01:04:37,567 [grpc-default-executor-5] INFO  impl.RoleInfo (RoleInfo.java:updateAndGet(143)) - 16805c57-9f45-4377-8998-764a8f26e152: start FollowerState
2019-10-19 01:04:37,567 [Thread-1380] INFO  impl.FollowerState (FollowerState.java:run(117)) - b26a8d60-58dc-431d-8168-f89a9ab35f3a@group-FB3B7D7D89E3-FollowerState was interrupted: java.lang.InterruptedException: sleep interrupted
2019-10-19 01:04:37,567 [grpc-default-executor-7] INFO  impl.RoleInfo (RoleInfo.java:updateAndGet(143)) - b26a8d60-58dc-431d-8168-f89a9ab35f3a: start FollowerState
2019-10-19 01:04:37,581 [a54795b0-6c9c-4137-a866-f82f653c9bf9@group-FB3B7D7D89E3-LeaderElection154] INFO  impl.LeaderElection (LeaderElection.java:logAndReturn(56)) - a54795b0-6c9c-4137-a866-f82f653c9bf9@group-FB3B7D7D89E3-LeaderElection154: Election REJECTED; received 2 response(s) [a54795b0-6c9c-4137-a866-f82f653c9bf9<-b26a8d60-58dc-431d-8168-f89a9ab35f3a#0:FAIL-t82, a54795b0-6c9c-4137-a866-f82f653c9bf9<-16805c57-9f45-4377-8998-764a8f26e152#0:FAIL-t82] and 0 exception(s); a54795b0-6c9c-4137-a866-f82f653c9bf9@group-FB3B7D7D89E3:t82, leader=null, voted=a54795b0-6c9c-4137-a866-f82f653c9bf9, raftlog=a54795b0-6c9c-4137-a866-f82f653c9bf9@group-FB3B7D7D89E3-SegmentedRaftLog:OPENED:c-1,f-1,i0, conf=-1: [a54795b0-6c9c-4137-a866-f82f653c9bf9:192.168.157.213:43688, b26a8d60-58dc-431d-8168-f89a9ab35f3a:192.168.157.213:35535, 16805c57-9f45-4377-8998-764a8f26e152:192.168.157.213:33728], old=null
2019-10-19 01:04:37,581 [a54795b0-6c9c-4137-a866-f82f653c9bf9@group-FB3B7D7D89E3-LeaderElection154] INFO  impl.RaftServerImpl (RaftServerImpl.java:setRole(184)) - a54795b0-6c9c-4137-a866-f82f653c9bf9@group-FB3B7D7D89E3: changes role from CANDIDATE to FOLLOWER at term 82 for DISCOVERED_A_NEW_TERM
2019-10-19 01:04:37,581 [a54795b0-6c9c-4137-a866-f82f653c9bf9@group-FB3B7D7D89E3-LeaderElection154] INFO  impl.RoleInfo (RoleInfo.java:shutdownLeaderElection(134)) - a54795b0-6c9c-4137-a866-f82f653c9bf9: shutdown LeaderElection
2019-10-19 01:04:37,582 [a54795b0-6c9c-4137-a866-f82f653c9bf9@group-FB3B7D7D89E3-LeaderElection154] INFO  impl.RoleInfo (RoleInfo.java:updateAndGet(143)) - a54795b0-6c9c-4137-a866-f82f653c9bf9: start FollowerState
2019-10-19 01:04:37,642 [Thread-1382] INFO  impl.FollowerState (FollowerState.java:run(108)) - a1c78c0e-869c-4f76-b4ce-2034448e0b80@group-D48B69A44692-FollowerState: change to CANDIDATE, lastRpcTime:78ms, electionTimeout:78ms
2019-10-19 01:04:37,642 [Thread-1382] INFO  impl.RoleInfo (RoleInfo.java:shutdownFollowerState(121)) - a1c78c0e-869c-4f76-b4ce-2034448e0b80: shutdown FollowerState
2019-10-19 01:04:37,642 [Thread-1382] INFO  impl.RaftServerImpl (RaftServerImpl.java:setRole(184)) - a1c78c0e-869c-4f76-b4ce-2034448e0b80@group-D48B69A44692: changes role from  FOLLOWER to CANDIDATE at term 78 for changeToCandidate
2019-10-19 01:04:37,642 [Thread-1382] INFO  impl.RoleInfo (RoleInfo.java:updateAndGet(143)) - a1c78c0e-869c-4f76-b4ce-2034448e0b80: start LeaderElection
2019-10-19 01:04:37,655 [a1c78c0e-869c-4f76-b4ce-2034448e0b80@group-D48B69A44692-LeaderElection155] INFO  impl.LeaderElection (LeaderElection.java:askForVotes(178)) - a1c78c0e-869c-4f76-b4ce-2034448e0b80@group-D48B69A44692-LeaderElection155: begin an election at term 79 for -1: [51276c3c-a3b8-4274-b089-592ff4589f41:192.168.157.213:36639, 64c90977-e867-487c-b50d-c226f2d34a76:192.168.157.213:37433, a1c78c0e-869c-4f76-b4ce-2034448e0b80:192.168.157.213:33501], old=null
2019-10-19 01:04:37,657 [grpc-default-executor-7] INFO  impl.RaftServerImpl (RaftServerImpl.java:setRole(184)) - 51276c3c-a3b8-4274-b089-592ff4589f41@group-D48B69A44692: changes role from  FOLLOWER to FOLLOWER at term 79 for recognizeCandidate:a1c78c0e-869c-4f76-b4ce-2034448e0b80
2019-10-19 01:04:37,657 [grpc-default-executor-5] INFO  impl.RaftServerImpl (RaftServerImpl.java:setRole(184)) - 64c90977-e867-487c-b50d-c226f2d34a76@group-D48B69A44692: changes role from  FOLLOWER to FOLLOWER at term 79 for recognizeCandidate:a1c78c0e-869c-4f76-b4ce-2034448e0b80
2019-10-19 01:04:37,657 [grpc-default-executor-7] INFO  impl.RoleInfo (RoleInfo.java:shutdownFollowerState(121)) - 51276c3c-a3b8-4274-b089-592ff4589f41: shutdown FollowerState
2019-10-19 01:04:37,657 [grpc-default-executor-5] INFO  impl.RoleInfo (RoleInfo.java:shutdownFollowerState(121)) - 64c90977-e867-487c-b50d-c226f2d34a76: shutdown FollowerState
2019-10-19 01:04:37,658 [Thread-1381] INFO  impl.FollowerState (FollowerState.java:run(117)) - 51276c3c-a3b8-4274-b089-592ff4589f41@group-D48B69A44692-FollowerState was interrupted: java.lang.InterruptedException: sleep interrupted
2019-10-19 01:04:37,658 [Thread-1378] INFO  impl.FollowerState (FollowerState.java:run(117)) - 64c90977-e867-487c-b50d-c226f2d34a76@group-D48B69A44692-FollowerState was interrupted: java.lang.InterruptedException: sleep interrupted
2019-10-19 01:04:37,658 [grpc-default-executor-7] INFO  impl.RoleInfo (RoleInfo.java:updateAndGet(143)) - 51276c3c-a3b8-4274-b089-592ff4589f41: start FollowerState
2019-10-19 01:04:37,658 [grpc-default-executor-5] INFO  impl.RoleInfo (RoleInfo.java:updateAndGet(143)) - 64c90977-e867-487c-b50d-c226f2d34a76: start FollowerState
2019-10-19 01:04:37,672 [a1c78c0e-869c-4f76-b4ce-2034448e0b80@group-D48B69A44692-LeaderElection155] INFO  impl.LeaderElection (LeaderElection.java:logAndReturn(56)) - a1c78c0e-869c-4f76-b4ce-2034448e0b80@group-D48B69A44692-LeaderElection155: Election REJECTED; received 2 response(s) [a1c78c0e-869c-4f76-b4ce-2034448e0b80<-51276c3c-a3b8-4274-b089-592ff4589f41#0:FAIL-t79, a1c78c0e-869c-4f76-b4ce-2034448e0b80<-64c90977-e867-487c-b50d-c226f2d34a76#0:FAIL-t79] and 0 exception(s); a1c78c0e-869c-4f76-b4ce-2034448e0b80@group-D48B69A44692:t79, leader=null, voted=a1c78c0e-869c-4f76-b4ce-2034448e0b80, raftlog=a1c78c0e-869c-4f76-b4ce-2034448e0b80@group-D48B69A44692-SegmentedRaftLog:OPENED:c-1,f-1,i0, conf=-1: [51276c3c-a3b8-4274-b089-592ff4589f41:192.168.157.213:36639, 64c90977-e867-487c-b50d-c226f2d34a76:192.168.157.213:37433, a1c78c0e-869c-4f76-b4ce-2034448e0b80:192.168.157.213:33501], old=null
2019-10-19 01:04:37,672 [a1c78c0e-869c-4f76-b4ce-2034448e0b80@group-D48B69A44692-LeaderElection155] INFO  impl.RaftServerImpl (RaftServerImpl.java:setRole(184)) - a1c78c0e-869c-4f76-b4ce-2034448e0b80@group-D48B69A44692: changes role from CANDIDATE to FOLLOWER at term 79 for DISCOVERED_A_NEW_TERM
2019-10-19 01:04:37,672 [a1c78c0e-869c-4f76-b4ce-2034448e0b80@group-D48B69A44692-LeaderElection155] INFO  impl.RoleInfo (RoleInfo.java:shutdownLeaderElection(134)) - a1c78c0e-869c-4f76-b4ce-2034448e0b80: shutdown LeaderElection
2019-10-19 01:04:37,672 [a1c78c0e-869c-4f76-b4ce-2034448e0b80@group-D48B69A44692-LeaderElection155] INFO  impl.RoleInfo (RoleInfo.java:updateAndGet(143)) - a1c78c0e-869c-4f76-b4ce-2034448e0b80: start FollowerState
2019-10-19 01:04:37,705 [Thread-1387] INFO  impl.FollowerState (FollowerState.java:run(108)) - a54795b0-6c9c-4137-a866-f82f653c9bf9@group-FB3B7D7D89E3-FollowerState: change to CANDIDATE, lastRpcTime:123ms, electionTimeout:123ms
2019-10-19 01:04:37,705 [Thread-1387] INFO  impl.RoleInfo (RoleInfo.java:shutdownFollowerState(121)) - a54795b0-6c9c-4137-a866-f82f653c9bf9: shutdown FollowerState
2019-10-19 01:04:37,705 [Thread-1387] INFO  impl.RaftServerImpl (RaftServerImpl.java:setRole(184)) - a54795b0-6c9c-4137-a866-f82f653c9bf9@group-FB3B7D7D89E3: changes role from  FOLLOWER to CANDIDATE at term 82 for changeToCandidate
2019-10-19 01:04:37,705 [Thread-1387] INFO  impl.RoleInfo (RoleInfo.java:updateAndGet(143)) - a54795b0-6c9c-4137-a866-f82f653c9bf9: start LeaderElection
2019-10-19 01:04:37,719 [a54795b0-6c9c-4137-a866-f82f653c9bf9@group-FB3B7D7D89E3-LeaderElection156] INFO  impl.LeaderElection (LeaderElection.java:askForVotes(178)) - a54795b0-6c9c-4137-a866-f82f653c9bf9@group-FB3B7D7D89E3-LeaderElection156: begin an election at term 83 for -1: [a54795b0-6c9c-4137-a866-f82f653c9bf9:192.168.157.213:43688, b26a8d60-58dc-431d-8168-f89a9ab35f3a:192.168.157.213:35535, 16805c57-9f45-4377-8998-764a8f26e152:192.168.157.213:33728], old=null
2019-10-19 01:04:37,721 [grpc-default-executor-5] INFO  impl.RaftServerImpl (RaftServerImpl.java:setRole(184)) - b26a8d60-58dc-431d-8168-f89a9ab35f3a@group-FB3B7D7D89E3: changes role from  FOLLOWER to FOLLOWER at term 83 for recognizeCandidate:a54795b0-6c9c-4137-a866-f82f653c9bf9
2019-10-19 01:04:37,722 [grpc-default-executor-7] INFO  impl.RaftServerImpl (RaftServerImpl.java:setRole(184)) - 16805c57-9f45-4377-8998-764a8f26e152@group-FB3B7D7D89E3: changes role from  FOLLOWER to FOLLOWER at term 83 for recognizeCandidate:a54795b0-6c9c-4137-a866-f82f653c9bf9
2019-10-19 01:04:37,722 [grpc-default-executor-7] INFO  impl.RoleInfo (RoleInfo.java:shutdownFollowerState(121)) - 16805c57-9f45-4377-8998-764a8f26e152: shutdown FollowerState
2019-10-19 01:04:37,722 [grpc-default-executor-5] INFO  impl.RoleInfo (RoleInfo.java:shutdownFollowerState(121)) - b26a8d60-58dc-431d-8168-f89a9ab35f3a: shutdown FollowerState
2019-10-19 01:04:37,722 [Thread-1385] INFO  impl.FollowerState (FollowerState.java:run(117)) - 16805c57-9f45-4377-8998-764a8f26e152@group-FB3B7D7D89E3-FollowerState was interrupted: java.lang.InterruptedException: sleep interrupted
2019-10-19 01:04:37,722 [grpc-default-executor-7] INFO  impl.RoleInfo (RoleInfo.java:updateAndGet(143)) - 16805c57-9f45-4377-8998-764a8f26e152: start FollowerState
2019-10-19 01:04:37,722 [Thread-1386] INFO  impl.FollowerState (FollowerState.java:run(117)) - b26a8d60-58dc-431d-8168-f89a9ab35f3a@group-FB3B7D7D89E3-FollowerState was interrupted: java.lang.InterruptedException: sleep interrupted
2019-10-19 01:04:37,722 [grpc-default-executor-5] INFO  impl.RoleInfo (RoleInfo.java:updateAndGet(143)) - b26a8d60-58dc-431d-8168-f89a9ab35f3a: start FollowerState
2019-10-19 01:04:37,736 [a54795b0-6c9c-4137-a866-f82f653c9bf9@group-FB3B7D7D89E3-LeaderElection156] INFO  impl.LeaderElection (LeaderElection.java:logAndReturn(56)) - a54795b0-6c9c-4137-a866-f82f653c9bf9@group-FB3B7D7D89E3-LeaderElection156: Election REJECTED; received 2 response(s) [a54795b0-6c9c-4137-a866-f82f653c9bf9<-b26a8d60-58dc-431d-8168-f89a9ab35f3a#0:FAIL-t83, a54795b0-6c9c-4137-a866-f82f653c9bf9<-16805c57-9f45-4377-8998-764a8f26e152#0:FAIL-t83] and 0 exception(s); a54795b0-6c9c-4137-a866-f82f653c9bf9@group-FB3B7D7D89E3:t83, leader=null, voted=a54795b0-6c9c-4137-a866-f82f653c9bf9, raftlog=a54795b0-6c9c-4137-a866-f82f653c9bf9@group-FB3B7D7D89E3-SegmentedRaftLog:OPENED:c-1,f-1,i0, conf=-1: [a54795b0-6c9c-4137-a866-f82f653c9bf9:192.168.157.213:43688, b26a8d60-58dc-431d-8168-f89a9ab35f3a:192.168.157.213:35535, 16805c57-9f45-4377-8998-764a8f26e152:192.168.157.213:33728], old=null
2019-10-19 01:04:37,736 [a54795b0-6c9c-4137-a866-f82f653c9bf9@group-FB3B7D7D89E3-LeaderElection156] INFO  impl.RaftServerImpl (RaftServerImpl.java:setRole(184)) - a54795b0-6c9c-4137-a866-f82f653c9bf9@group-FB3B7D7D89E3: changes role from CANDIDATE to FOLLOWER at term 83 for DISCOVERED_A_NEW_TERM
2019-10-19 01:04:37,736 [a54795b0-6c9c-4137-a866-f82f653c9bf9@group-FB3B7D7D89E3-LeaderElection156] INFO  impl.RoleInfo (RoleInfo.java:shutdownLeaderElection(134)) - a54795b0-6c9c-4137-a866-f82f653c9bf9: shutdown LeaderElection
2019-10-19 01:04:37,737 [a54795b0-6c9c-4137-a866-f82f653c9bf9@group-FB3B7D7D89E3-LeaderElection156] INFO  impl.RoleInfo (RoleInfo.java:updateAndGet(143)) - a54795b0-6c9c-4137-a866-f82f653c9bf9: start FollowerState
2019-10-19 01:04:37,850 [Thread-1393] INFO  impl.FollowerState (FollowerState.java:run(108)) - a1c78c0e-869c-4f76-b4ce-2034448e0b80@group-D48B69A44692-FollowerState: change to CANDIDATE, lastRpcTime:177ms, electionTimeout:177ms
2019-10-19 01:04:37,850 [Thread-1393] INFO  impl.RoleInfo (RoleInfo.java:shutdownFollowerState(121)) - a1c78c0e-869c-4f76-b4ce-2034448e0b80: shutdown FollowerState
2019-10-19 01:04:37,850 [Thread-1393] INFO  impl.RaftServerImpl (RaftServerImpl.java:setRole(184)) - a1c78c0e-869c-4f76-b4ce-2034448e0b80@group-D48B69A44692: changes role from  FOLLOWER to CANDIDATE at term 79 for changeToCandidate
2019-10-19 01:04:37,850 [Thread-1393] INFO  impl.RoleInfo (RoleInfo.java:updateAndGet(143)) - a1c78c0e-869c-4f76-b4ce-2034448e0b80: start LeaderElection
2019-10-19 01:04:37,854 [a1c78c0e-869c-4f76-b4ce-2034448e0b80@group-D48B69A44692-LeaderElection157] INFO  impl.LeaderElection (LeaderElection.java:askForVotes(178)) - a1c78c0e-869c-4f76-b4ce-2034448e0b80@group-D48B69A44692-LeaderElection157: begin an election at term 80 for -1: [51276c3c-a3b8-4274-b089-592ff4589f41:192.168.157.213:36639, 64c90977-e867-487c-b50d-c226f2d34a76:192.168.157.213:37433, a1c78c0e-869c-4f76-b4ce-2034448e0b80:192.168.157.213:33501], old=null
2019-10-19 01:04:37,858 [grpc-default-executor-5] INFO  impl.RaftServerImpl (RaftServerImpl.java:setRole(184)) - 51276c3c-a3b8-4274-b089-592ff4589f41@group-D48B69A44692: changes role from  FOLLOWER to FOLLOWER at term 80 for recognizeCandidate:a1c78c0e-869c-4f76-b4ce-2034448e0b80
2019-10-19 01:04:37,858 [grpc-default-executor-7] INFO  impl.RaftServerImpl (RaftServerImpl.java:setRole(184)) - 64c90977-e867-487c-b50d-c226f2d34a76@group-D48B69A44692: changes role from  FOLLOWER to FOLLOWER at term 80 for recognizeCandidate:a1c78c0e-869c-4f76-b4ce-2034448e0b80
2019-10-19 01:04:37,858 [grpc-default-executor-5] INFO  impl.RoleInfo (RoleInfo.java:shutdownFollowerState(121)) - 51276c3c-a3b8-4274-b089-592ff4589f41: shutdown FollowerState
2019-10-19 01:04:37,858 [grpc-default-executor-7] INFO  impl.RoleInfo (RoleInfo.java:shutdownFollowerState(121)) - 64c90977-e867-487c-b50d-c226f2d34a76: shutdown FollowerState
2019-10-19 01:04:37,858 [Thread-1391] INFO  impl.FollowerState (FollowerState.java:run(117)) - 51276c3c-a3b8-4274-b089-592ff4589f41@group-D48B69A44692-FollowerState was interrupted: java.lang.InterruptedException: sleep interrupted
2019-10-19 01:04:37,858 [grpc-default-executor-5] INFO  impl.RoleInfo (RoleInfo.java:updateAndGet(143)) - 51276c3c-a3b8-4274-b089-592ff4589f41: start FollowerState
2019-10-19 01:04:37,858 [Thread-1392] INFO  impl.FollowerState (FollowerState.java:run(117)) - 64c90977-e867-487c-b50d-c226f2d34a76@group-D48B69A44692-FollowerState was interrupted: java.lang.InterruptedException: sleep interrupted
2019-10-19 01:04:37,858 [grpc-default-executor-7] INFO  impl.RoleInfo (RoleInfo.java:updateAndGet(143)) - 64c90977-e867-487c-b50d-c226f2d34a76: start FollowerState
2019-10-19 01:04:37,872 [a1c78c0e-869c-4f76-b4ce-2034448e0b80@group-D48B69A44692-LeaderElection157] INFO  impl.LeaderElection (LeaderElection.java:logAndReturn(56)) - a1c78c0e-869c-4f76-b4ce-2034448e0b80@group-D48B69A44692-LeaderElection157: Election REJECTED; received 2 response(s) [a1c78c0e-869c-4f76-b4ce-2034448e0b80<-51276c3c-a3b8-4274-b089-592ff4589f41#0:FAIL-t80, a1c78c0e-869c-4f76-b4ce-2034448e0b80<-64c90977-e867-487c-b50d-c226f2d34a76#0:FAIL-t80] and 0 exception(s); a1c78c0e-869c-4f76-b4ce-2034448e0b80@group-D48B69A44692:t80, leader=null, voted=a1c78c0e-869c-4f76-b4ce-2034448e0b80, raftlog=a1c78c0e-869c-4f76-b4ce-2034448e0b80@group-D48B69A44692-SegmentedRaftLog:OPENED:c-1,f-1,i0, conf=-1: [51276c3c-a3b8-4274-b089-592ff4589f41:192.168.157.213:36639, 64c90977-e867-487c-b50d-c226f2d34a76:192.168.157.213:37433, a1c78c0e-869c-4f76-b4ce-2034448e0b80:192.168.157.213:33501], old=null
2019-10-19 01:04:37,872 [a1c78c0e-869c-4f76-b4ce-2034448e0b80@group-D48B69A44692-LeaderElection157] INFO  impl.RaftServerImpl (RaftServerImpl.java:setRole(184)) - a1c78c0e-869c-4f76-b4ce-2034448e0b80@group-D48B69A44692: changes role from CANDIDATE to FOLLOWER at term 80 for DISCOVERED_A_NEW_TERM
2019-10-19 01:04:37,872 [a1c78c0e-869c-4f76-b4ce-2034448e0b80@group-D48B69A44692-LeaderElection157] INFO  impl.RoleInfo (RoleInfo.java:shutdownLeaderElection(134)) - a1c78c0e-869c-4f76-b4ce-2034448e0b80: shutdown LeaderElection
2019-10-19 01:04:37,872 [a1c78c0e-869c-4f76-b4ce-2034448e0b80@group-D48B69A44692-LeaderElection157] INFO  impl.RoleInfo (RoleInfo.java:updateAndGet(143)) - a1c78c0e-869c-4f76-b4ce-2034448e0b80: start FollowerState
2019-10-19 01:04:37,937 [Thread-1399] INFO  impl.FollowerState (FollowerState.java:run(108)) - a54795b0-6c9c-4137-a866-f82f653c9bf9@group-FB3B7D7D89E3-FollowerState: change to CANDIDATE, lastRpcTime:200ms, electionTimeout:200ms
2019-10-19 01:04:37,937 [Thread-1399] INFO  impl.RoleInfo (RoleInfo.java:shutdownFollowerState(121)) - a54795b0-6c9c-4137-a866-f82f653c9bf9: shutdown FollowerState
2019-10-19 01:04:37,937 [Thread-1399] INFO  impl.RaftServerImpl (RaftServerImpl.java:setRole(184)) - a54795b0-6c9c-4137-a866-f82f653c9bf9@group-FB3B7D7D89E3: changes role from  FOLLOWER to CANDIDATE at term 83 for changeToCandidate
2019-10-19 01:04:37,937 [Thread-1399] INFO  impl.RoleInfo (RoleInfo.java:updateAndGet(143)) - a54795b0-6c9c-4137-a866-f82f653c9bf9: start LeaderElection
2019-10-19 01:04:37,962 [Thread-1405] INFO  impl.FollowerState (FollowerState.java:run(108)) - a1c78c0e-869c-4f76-b4ce-2034448e0b80@group-D48B69A44692-FollowerState: change to CANDIDATE, lastRpcTime:90ms, electionTimeout:89ms
2019-10-19 01:04:37,965 [a54795b0-6c9c-4137-a866-f82f653c9bf9@group-FB3B7D7D89E3-LeaderElection158] INFO  impl.LeaderElection (LeaderElection.java:askForVotes(178)) - a54795b0-6c9c-4137-a866-f82f653c9bf9@group-FB3B7D7D89E3-LeaderElection158: begin an election at term 84 for -1: [a54795b0-6c9c-4137-a866-f82f653c9bf9:192.168.157.213:43688, b26a8d60-58dc-431d-8168-f89a9ab35f3a:192.168.157.213:35535, 16805c57-9f45-4377-8998-764a8f26e152:192.168.157.213:33728], old=null
2019-10-19 01:04:37,974 [Thread-1405] INFO  impl.RoleInfo (RoleInfo.java:shutdownFollowerState(121)) - a1c78c0e-869c-4f76-b4ce-2034448e0b80: shutdown FollowerState
2019-10-19 01:04:37,974 [Thread-1405] INFO  impl.RaftServerImpl (RaftServerImpl.java:setRole(184)) - a1c78c0e-869c-4f76-b4ce-2034448e0b80@group-D48B69A44692: changes role from  FOLLOWER to CANDIDATE at term 80 for changeToCandidate
2019-10-19 01:04:37,974 [Thread-1405] INFO  impl.RoleInfo (RoleInfo.java:updateAndGet(143)) - a1c78c0e-869c-4f76-b4ce-2034448e0b80: start LeaderElection
2019-10-19 01:04:37,976 [grpc-default-executor-7] INFO  impl.RaftServerImpl (RaftServerImpl.java:setRole(184)) - 16805c57-9f45-4377-8998-764a8f26e152@group-FB3B7D7D89E3: changes role from  FOLLOWER to FOLLOWER at term 84 for recognizeCandidate:a54795b0-6c9c-4137-a866-f82f653c9bf9
2019-10-19 01:04:37,976 [grpc-default-executor-5] INFO  impl.RaftServerImpl (RaftServerImpl.java:setRole(184)) - b26a8d60-58dc-431d-8168-f89a9ab35f3a@group-FB3B7D7D89E3: changes role from  FOLLOWER to FOLLOWER at term 84 for recognizeCandidate:a54795b0-6c9c-4137-a866-f82f653c9bf9
2019-10-19 01:04:37,976 [grpc-default-executor-7] INFO  impl.RoleInfo (RoleInfo.java:shutdownFollowerState(121)) - 16805c57-9f45-4377-8998-764a8f26e152: shutdown FollowerState
2019-10-19 01:04:37,977 [grpc-default-executor-5] INFO  impl.RoleInfo (RoleInfo.java:shutdownFollowerState(121)) - b26a8d60-58dc-431d-8168-f89a9ab35f3a: shutdown FollowerState
2019-10-19 01:04:37,977 [Thread-1397] INFO  impl.FollowerState (FollowerState.java:run(117)) - 16805c57-9f45-4377-8998-764a8f26e152@group-FB3B7D7D89E3-FollowerState was interrupted: java.lang.InterruptedException: sleep interrupted
2019-10-19 01:04:37,977 [grpc-default-executor-7] INFO  impl.RoleInfo (RoleInfo.java:updateAndGet(143)) - 16805c57-9f45-4377-8998-764a8f26e152: start FollowerState
2019-10-19 01:04:37,977 [Thread-1398] INFO  impl.FollowerState (FollowerState.java:run(117)) - b26a8d60-58dc-431d-8168-f89a9ab35f3a@group-FB3B7D7D89E3-FollowerState was interrupted: java.lang.InterruptedException: sleep interrupted
2019-10-19 01:04:37,977 [grpc-default-executor-5] INFO  impl.RoleInfo (RoleInfo.java:updateAndGet(143)) - b26a8d60-58dc-431d-8168-f89a9ab35f3a: start FollowerState
2019-10-19 01:04:37,989 [a1c78c0e-869c-4f76-b4ce-2034448e0b80@group-D48B69A44692-LeaderElection159] INFO  impl.LeaderElection (LeaderElection.java:askForVotes(178)) - a1c78c0e-869c-4f76-b4ce-2034448e0b80@group-D48B69A44692-LeaderElection159: begin an election at term 81 for -1: [51276c3c-a3b8-4274-b089-592ff4589f41:192.168.157.213:36639, 64c90977-e867-487c-b50d-c226f2d34a76:192.168.157.213:37433, a1c78c0e-869c-4f76-b4ce-2034448e0b80:192.168.157.213:33501], old=null
2019-10-19 01:04:38,006 [a54795b0-6c9c-4137-a866-f82f653c9bf9@group-FB3B7D7D89E3-LeaderElection158] INFO  impl.LeaderElection (LeaderElection.java:logAndReturn(56)) - a54795b0-6c9c-4137-a866-f82f653c9bf9@group-FB3B7D7D89E3-LeaderElection158: Election REJECTED; received 2 response(s) [a54795b0-6c9c-4137-a866-f82f653c9bf9<-b26a8d60-58dc-431d-8168-f89a9ab35f3a#0:FAIL-t84, a54795b0-6c9c-4137-a866-f82f653c9bf9<-16805c57-9f45-4377-8998-764a8f26e152#0:FAIL-t84] and 0 exception(s); a54795b0-6c9c-4137-a866-f82f653c9bf9@group-FB3B7D7D89E3:t84, leader=null, voted=a54795b0-6c9c-4137-a866-f82f653c9bf9, raftlog=a54795b0-6c9c-4137-a866-f82f653c9bf9@group-FB3B7D7D89E3-SegmentedRaftLog:OPENED:c-1,f-1,i0, conf=-1: [a54795b0-6c9c-4137-a866-f82f653c9bf9:192.168.157.213:43688, b26a8d60-58dc-431d-8168-f89a9ab35f3a:192.168.157.213:35535, 16805c57-9f45-4377-8998-764a8f26e152:192.168.157.213:33728], old=null
2019-10-19 01:04:38,006 [a54795b0-6c9c-4137-a866-f82f653c9bf9@group-FB3B7D7D89E3-LeaderElection158] INFO  impl.RaftServerImpl (RaftServerImpl.java:setRole(184)) - a54795b0-6c9c-4137-a866-f82f653c9bf9@group-FB3B7D7D89E3: changes role from CANDIDATE to FOLLOWER at term 84 for DISCOVERED_A_NEW_TERM
2019-10-19 01:04:38,006 [a54795b0-6c9c-4137-a866-f82f653c9bf9@group-FB3B7D7D89E3-LeaderElection158] INFO  impl.RoleInfo (RoleInfo.java:shutdownLeaderElection(134)) - a54795b0-6c9c-4137-a866-f82f653c9bf9: shutdown LeaderElection
2019-10-19 01:04:38,006 [a54795b0-6c9c-4137-a866-f82f653c9bf9@group-FB3B7D7D89E3-LeaderElection158] INFO  impl.RoleInfo (RoleInfo.java:updateAndGet(143)) - a54795b0-6c9c-4137-a866-f82f653c9bf9: start FollowerState
2019-10-19 01:04:38,008 [grpc-default-executor-7] INFO  impl.RaftServerImpl (RaftServerImpl.java:setRole(184)) - 51276c3c-a3b8-4274-b089-592ff4589f41@group-D48B69A44692: changes role from  FOLLOWER to FOLLOWER at term 81 for recognizeCandidate:a1c78c0e-869c-4f76-b4ce-2034448e0b80
2019-10-19 01:04:38,008 [grpc-default-executor-7] INFO  impl.RoleInfo (RoleInfo.java:shutdownFollowerState(121)) - 51276c3c-a3b8-4274-b089-592ff4589f41: shutdown FollowerState
2019-10-19 01:04:38,008 [grpc-default-executor-7] INFO  impl.RoleInfo (RoleInfo.java:updateAndGet(143)) - 51276c3c-a3b8-4274-b089-592ff4589f41: start FollowerState
2019-10-19 01:04:38,008 [Thread-1403] INFO  impl.FollowerState (FollowerState.java:run(117)) - 51276c3c-a3b8-4274-b089-592ff4589f41@group-D48B69A44692-FollowerState was interrupted: java.lang.InterruptedException: sleep interrupted
2019-10-19 01:04:38,008 [grpc-default-executor-5] INFO  impl.RaftServerImpl (RaftServerImpl.java:setRole(184)) - 64c90977-e867-487c-b50d-c226f2d34a76@group-D48B69A44692: changes role from  FOLLOWER to FOLLOWER at term 81 for recognizeCandidate:a1c78c0e-869c-4f76-b4ce-2034448e0b80
2019-10-19 01:04:38,008 [grpc-default-executor-5] INFO  impl.RoleInfo (RoleInfo.java:shutdownFollowerState(121)) - 64c90977-e867-487c-b50d-c226f2d34a76: shutdown FollowerState
2019-10-19 01:04:38,008 [grpc-default-executor-5] INFO  impl.RoleInfo (RoleInfo.java:updateAndGet(143)) - 64c90977-e867-487c-b50d-c226f2d34a76: start FollowerState
2019-10-19 01:04:38,008 [Thread-1404] INFO  impl.FollowerState (FollowerState.java:run(117)) - 64c90977-e867-487c-b50d-c226f2d34a76@group-D48B69A44692-FollowerState was interrupted: java.lang.InterruptedException: sleep interrupted
2019-10-19 01:04:38,037 [a1c78c0e-869c-4f76-b4ce-2034448e0b80@group-D48B69A44692-LeaderElection159] INFO  impl.LeaderElection (LeaderElection.java:logAndReturn(56)) - a1c78c0e-869c-4f76-b4ce-2034448e0b80@group-D48B69A44692-LeaderElection159: Election REJECTED; received 2 response(s) [a1c78c0e-869c-4f76-b4ce-2034448e0b80<-51276c3c-a3b8-4274-b089-592ff4589f41#0:FAIL-t81, a1c78c0e-869c-4f76-b4ce-2034448e0b80<-64c90977-e867-487c-b50d-c226f2d34a76#0:FAIL-t81] and 0 exception(s); a1c78c0e-869c-4f76-b4ce-2034448e0b80@group-D48B69A44692:t81, leader=null, voted=a1c78c0e-869c-4f76-b4ce-2034448e0b80, raftlog=a1c78c0e-869c-4f76-b4ce-2034448e0b80@group-D48B69A44692-SegmentedRaftLog:OPENED:c-1,f-1,i0, conf=-1: [51276c3c-a3b8-4274-b089-592ff4589f41:192.168.157.213:36639, 64c90977-e867-487c-b50d-c226f2d34a76:192.168.157.213:37433, a1c78c0e-869c-4f76-b4ce-2034448e0b80:192.168.157.213:33501], old=null
2019-10-19 01:04:38,037 [a1c78c0e-869c-4f76-b4ce-2034448e0b80@group-D48B69A44692-LeaderElection159] INFO  impl.RaftServerImpl (RaftServerImpl.java:setRole(184)) - a1c78c0e-869c-4f76-b4ce-2034448e0b80@group-D48B69A44692: changes role from CANDIDATE to FOLLOWER at term 81 for DISCOVERED_A_NEW_TERM
2019-10-19 01:04:38,037 [a1c78c0e-869c-4f76-b4ce-2034448e0b80@group-D48B69A44692-LeaderElection159] INFO  impl.RoleInfo (RoleInfo.java:shutdownLeaderElection(134)) - a1c78c0e-869c-4f76-b4ce-2034448e0b80: shutdown LeaderElection
2019-10-19 01:04:38,037 [a1c78c0e-869c-4f76-b4ce-2034448e0b80@group-D48B69A44692-LeaderElection159] INFO  impl.RoleInfo (RoleInfo.java:updateAndGet(143)) - a1c78c0e-869c-4f76-b4ce-2034448e0b80: start FollowerState
2019-10-19 01:04:38,157 [Thread-1419] INFO  impl.FollowerState (FollowerState.java:run(108)) - a1c78c0e-869c-4f76-b4ce-2034448e0b80@group-D48B69A44692-FollowerState: change to CANDIDATE, lastRpcTime:119ms, electionTimeout:119ms
2019-10-19 01:04:38,157 [Thread-1419] INFO  impl.RoleInfo (RoleInfo.java:shutdownFollowerState(121)) - a1c78c0e-869c-4f76-b4ce-2034448e0b80: shutdown FollowerState
2019-10-19 01:04:38,157 [Thread-1419] INFO  impl.RaftServerImpl (RaftServerImpl.java:setRole(184)) - a1c78c0e-869c-4f76-b4ce-2034448e0b80@group-D48B69A44692: changes role from  FOLLOWER to CANDIDATE at term 81 for changeToCandidate
2019-10-19 01:04:38,159 [Thread-1419] INFO  impl.RoleInfo (RoleInfo.java:updateAndGet(143)) - a1c78c0e-869c-4f76-b4ce-2034448e0b80: start LeaderElection
2019-10-19 01:04:38,173 [a1c78c0e-869c-4f76-b4ce-2034448e0b80@group-D48B69A44692-LeaderElection160] INFO  impl.LeaderElection (LeaderElection.java:askForVotes(178)) - a1c78c0e-869c-4f76-b4ce-2034448e0b80@group-D48B69A44692-LeaderElection160: begin an election at term 82 for -1: [51276c3c-a3b8-4274-b089-592ff4589f41:192.168.157.213:36639, 64c90977-e867-487c-b50d-c226f2d34a76:192.168.157.213:37433, a1c78c0e-869c-4f76-b4ce-2034448e0b80:192.168.157.213:33501], old=null
2019-10-19 01:04:38,184 [Thread-1416] INFO  impl.FollowerState (FollowerState.java:run(108)) - a54795b0-6c9c-4137-a866-f82f653c9bf9@group-FB3B7D7D89E3-FollowerState: change to CANDIDATE, lastRpcTime:177ms, electionTimeout:177ms
2019-10-19 01:04:38,184 [Thread-1416] INFO  impl.RoleInfo (RoleInfo.java:shutdownFollowerState(121)) - a54795b0-6c9c-4137-a866-f82f653c9bf9: shutdown FollowerState
2019-10-19 01:04:38,184 [Thread-1416] INFO  impl.RaftServerImpl (RaftServerImpl.java:setRole(184)) - a54795b0-6c9c-4137-a866-f82f653c9bf9@group-FB3B7D7D89E3: changes role from  FOLLOWER to CANDIDATE at term 84 for changeToCandidate
2019-10-19 01:04:38,186 [Thread-1416] INFO  impl.RoleInfo (RoleInfo.java:updateAndGet(143)) - a54795b0-6c9c-4137-a866-f82f653c9bf9: start LeaderElection
2019-10-19 01:04:38,192 [grpc-default-executor-7] INFO  impl.RaftServerImpl (RaftServerImpl.java:setRole(184)) - 64c90977-e867-487c-b50d-c226f2d34a76@group-D48B69A44692: changes role from  FOLLOWER to FOLLOWER at term 82 for recognizeCandidate:a1c78c0e-869c-4f76-b4ce-2034448e0b80
2019-10-19 01:04:38,192 [grpc-default-executor-5] INFO  impl.RaftServerImpl (RaftServerImpl.java:setRole(184)) - 51276c3c-a3b8-4274-b089-592ff4589f41@group-D48B69A44692: changes role from  FOLLOWER to FOLLOWER at term 82 for recognizeCandidate:a1c78c0e-869c-4f76-b4ce-2034448e0b80
2019-10-19 01:04:38,192 [grpc-default-executor-5] INFO  impl.RoleInfo (RoleInfo.java:shutdownFollowerState(121)) - 51276c3c-a3b8-4274-b089-592ff4589f41: shutdown FollowerState
2019-10-19 01:04:38,192 [grpc-default-executor-7] INFO  impl.RoleInfo (RoleInfo.java:shutdownFollowerState(121)) - 64c90977-e867-487c-b50d-c226f2d34a76: shutdown FollowerState
2019-10-19 01:04:38,192 [grpc-default-executor-5] INFO  impl.RoleInfo (RoleInfo.java:updateAndGet(143)) - 51276c3c-a3b8-4274-b089-592ff4589f41: start FollowerState
2019-10-19 01:04:38,192 [Thread-1417] INFO  impl.FollowerState (FollowerState.java:run(117)) - 51276c3c-a3b8-4274-b089-592ff4589f41@group-D48B69A44692-FollowerState was interrupted: java.lang.InterruptedException: sleep interrupted
2019-10-19 01:04:38,193 [Thread-1418] INFO  impl.FollowerState (FollowerState.java:run(117)) - 64c90977-e867-487c-b50d-c226f2d34a76@group-D48B69A44692-FollowerState was interrupted: java.lang.InterruptedException: sleep interrupted
2019-10-19 01:04:38,193 [a1c78c0e-869c-4f76-b4ce-2034448e0b80@group-D48B69A44692-LeaderElection160] INFO  impl.LeaderElection (LeaderElection.java:logAndReturn(56)) - a1c78c0e-869c-4f76-b4ce-2034448e0b80@group-D48B69A44692-LeaderElection160: Election TIMEOUT; received 0 response(s) [] and 0 exception(s); a1c78c0e-869c-4f76-b4ce-2034448e0b80@group-D48B69A44692:t82, leader=null, voted=a1c78c0e-869c-4f76-b4ce-2034448e0b80, raftlog=a1c78c0e-869c-4f76-b4ce-2034448e0b80@group-D48B69A44692-SegmentedRaftLog:OPENED:c-1,f-1,i0, conf=-1: [51276c3c-a3b8-4274-b089-592ff4589f41:192.168.157.213:36639, 64c90977-e867-487c-b50d-c226f2d34a76:192.168.157.213:37433, a1c78c0e-869c-4f76-b4ce-2034448e0b80:192.168.157.213:33501], old=null
2019-10-19 01:04:38,193 [grpc-default-executor-7] INFO  impl.RoleInfo (RoleInfo.java:updateAndGet(143)) - 64c90977-e867-487c-b50d-c226f2d34a76: start FollowerState
2019-10-19 01:04:38,205 [a54795b0-6c9c-4137-a866-f82f653c9bf9@group-FB3B7D7D89E3-LeaderElection161] INFO  impl.LeaderElection (LeaderElection.java:askForVotes(178)) - a54795b0-6c9c-4137-a866-f82f653c9bf9@group-FB3B7D7D89E3-LeaderElection161: begin an election at term 85 for -1: [a54795b0-6c9c-4137-a866-f82f653c9bf9:192.168.157.213:43688, b26a8d60-58dc-431d-8168-f89a9ab35f3a:192.168.157.213:35535, 16805c57-9f45-4377-8998-764a8f26e152:192.168.157.213:33728], old=null
2019-10-19 01:04:38,218 [main] WARN  io.KeyOutputStream (KeyOutputStream.java:handleException(274)) - Encountered exception java.io.IOException: Unexpected Storage Container Exception: java.util.concurrent.CompletionException: java.util.concurrent.CompletionException: org.apache.ratis.protocol.RaftRetryFailureException: Failed RaftClientRequest:client-8C6B60C8FC44->b26a8d60-58dc-431d-8168-f89a9ab35f3a@group-FB3B7D7D89E3, cid=19, seq=1*, RW, cmdType: WriteChunk
traceID: "1ce6581f7477e07:1ce6581f7477e07:0:0"
containerID: 1
datanodeUuid: "a54795b0-6c9c-4137-a866-f82f653c9bf9"
writeChunk {
  blockID {
    containerID: 1
    localID: 102986355073351680
    blockCommitSequenceId: 0
  }
  chunkData {
    chunkName: "102986355073351680_chunk_1"
    offset: 0
    len: 1048576
    checksumData {
      type: CRC32
      bytesPerChecksum: 1048576
      checksums: "\361\003\002\247"
    }
  }
}
, data.size=1048576 for 10 attempts with RetryLimited(maxAttempts=10, sleepTime=1000ms) on the pipeline Pipeline[ Id: 9b926b7b-8f17-43ce-9976-fb3b7d7d89e3, Nodes: a54795b0-6c9c-4137-a866-f82f653c9bf9{ip: 192.168.157.213, host: pr-hdds-2333-xd9jc-2947872914, networkLocation: /default-rack, certSerialId: null}b26a8d60-58dc-431d-8168-f89a9ab35f3a{ip: 192.168.157.213, host: pr-hdds-2333-xd9jc-2947872914, networkLocation: /default-rack, certSerialId: null}16805c57-9f45-4377-8998-764a8f26e152{ip: 192.168.157.213, host: pr-hdds-2333-xd9jc-2947872914, networkLocation: /default-rack, certSerialId: null}, Type:RATIS, Factor:THREE, State:OPEN]. The last committed block length is 0, uncommitted data length is 2097152 retry count 0
2019-10-19 01:04:38,219 [grpc-default-executor-5] INFO  impl.RaftServerImpl (RaftServerImpl.java:setRole(184)) - b26a8d60-58dc-431d-8168-f89a9ab35f3a@group-FB3B7D7D89E3: changes role from  FOLLOWER to FOLLOWER at term 85 for recognizeCandidate:a54795b0-6c9c-4137-a866-f82f653c9bf9
2019-10-19 01:04:38,219 [grpc-default-executor-5] INFO  impl.RoleInfo (RoleInfo.java:shutdownFollowerState(121)) - b26a8d60-58dc-431d-8168-f89a9ab35f3a: shutdown FollowerState
2019-10-19 01:04:38,219 [grpc-default-executor-4] INFO  impl.RaftServerImpl (RaftServerImpl.java:setRole(184)) - 16805c57-9f45-4377-8998-764a8f26e152@group-FB3B7D7D89E3: changes role from  FOLLOWER to FOLLOWER at term 85 for recognizeCandidate:a54795b0-6c9c-4137-a866-f82f653c9bf9
2019-10-19 01:04:38,219 [Thread-1413] INFO  impl.FollowerState (FollowerState.java:run(117)) - b26a8d60-58dc-431d-8168-f89a9ab35f3a@group-FB3B7D7D89E3-FollowerState was interrupted: java.lang.InterruptedException: sleep interrupted
2019-10-19 01:04:38,219 [grpc-default-executor-5] INFO  impl.RoleInfo (RoleInfo.java:updateAndGet(143)) - b26a8d60-58dc-431d-8168-f89a9ab35f3a: start FollowerState
2019-10-19 01:04:38,220 [grpc-default-executor-4] INFO  impl.RoleInfo (RoleInfo.java:shutdownFollowerState(121)) - 16805c57-9f45-4377-8998-764a8f26e152: shutdown FollowerState
2019-10-19 01:04:38,231 [a1c78c0e-869c-4f76-b4ce-2034448e0b80@group-D48B69A44692-LeaderElection160] INFO  impl.LeaderElection (LeaderElection.java:askForVotes(178)) - a1c78c0e-869c-4f76-b4ce-2034448e0b80@group-D48B69A44692-LeaderElection160: begin an election at term 83 for -1: [51276c3c-a3b8-4274-b089-592ff4589f41:192.168.157.213:36639, 64c90977-e867-487c-b50d-c226f2d34a76:192.168.157.213:37433, a1c78c0e-869c-4f76-b4ce-2034448e0b80:192.168.157.213:33501], old=null
2019-10-19 01:04:38,240 [Thread-1412] INFO  impl.FollowerState (FollowerState.java:run(117)) - 16805c57-9f45-4377-8998-764a8f26e152@group-FB3B7D7D89E3-FollowerState was interrupted: java.lang.InterruptedException: sleep interrupted
2019-10-19 01:04:38,249 [grpc-default-executor-4] INFO  impl.RoleInfo (RoleInfo.java:updateAndGet(143)) - 16805c57-9f45-4377-8998-764a8f26e152: start FollowerState
2019-10-19 01:04:38,252 [grpc-default-executor-7] INFO  impl.RaftServerImpl (RaftServerImpl.java:setRole(184)) - 64c90977-e867-487c-b50d-c226f2d34a76@group-D48B69A44692: changes role from  FOLLOWER to FOLLOWER at term 83 for recognizeCandidate:a1c78c0e-869c-4f76-b4ce-2034448e0b80
2019-10-19 01:04:38,252 [grpc-default-executor-7] INFO  impl.RoleInfo (RoleInfo.java:shutdownFollowerState(121)) - 64c90977-e867-487c-b50d-c226f2d34a76: shutdown FollowerState
2019-10-19 01:04:38,252 [grpc-default-executor-7] INFO  impl.RoleInfo (RoleInfo.java:updateAndGet(143)) - 64c90977-e867-487c-b50d-c226f2d34a76: start FollowerState
2019-10-19 01:04:38,252 [Thread-1427] INFO  impl.FollowerState (FollowerState.java:run(117)) - 64c90977-e867-487c-b50d-c226f2d34a76@group-D48B69A44692-FollowerState was interrupted: java.lang.InterruptedException: sleep interrupted
2019-10-19 01:04:38,253 [grpc-default-executor-6] INFO  impl.RaftServerImpl (RaftServerImpl.java:setRole(184)) - 51276c3c-a3b8-4274-b089-592ff4589f41@group-D48B69A44692: changes role from  FOLLOWER to FOLLOWER at term 83 for recognizeCandidate:a1c78c0e-869c-4f76-b4ce-2034448e0b80
2019-10-19 01:04:38,253 [grpc-default-executor-6] INFO  impl.RoleInfo (RoleInfo.java:shutdownFollowerState(121)) - 51276c3c-a3b8-4274-b089-592ff4589f41: shutdown FollowerState
2019-10-19 01:04:38,253 [grpc-default-executor-6] INFO  impl.RoleInfo (RoleInfo.java:updateAndGet(143)) - 51276c3c-a3b8-4274-b089-592ff4589f41: start FollowerState
2019-10-19 01:04:38,253 [Thread-1426] INFO  impl.FollowerState (FollowerState.java:run(117)) - 51276c3c-a3b8-4274-b089-592ff4589f41@group-D48B69A44692-FollowerState was interrupted: java.lang.InterruptedException: sleep interrupted
2019-10-19 01:04:38,275 [a1c78c0e-869c-4f76-b4ce-2034448e0b80@group-D48B69A44692-LeaderElection160] INFO  impl.LeaderElection (LeaderElection.java:logAndReturn(56)) - a1c78c0e-869c-4f76-b4ce-2034448e0b80@group-D48B69A44692-LeaderElection160: Election TIMEOUT; received 0 response(s) [] and 0 exception(s); a1c78c0e-869c-4f76-b4ce-2034448e0b80@group-D48B69A44692:t83, leader=null, voted=a1c78c0e-869c-4f76-b4ce-2034448e0b80, raftlog=a1c78c0e-869c-4f76-b4ce-2034448e0b80@group-D48B69A44692-SegmentedRaftLog:OPENED:c-1,f-1,i0, conf=-1: [51276c3c-a3b8-4274-b089-592ff4589f41:192.168.157.213:36639, 64c90977-e867-487c-b50d-c226f2d34a76:192.168.157.213:37433, a1c78c0e-869c-4f76-b4ce-2034448e0b80:192.168.157.213:33501], old=null
2019-10-19 01:04:38,284 [a1c78c0e-869c-4f76-b4ce-2034448e0b80@group-D48B69A44692-LeaderElection160] INFO  impl.LeaderElection (LeaderElection.java:askForVotes(178)) - a1c78c0e-869c-4f76-b4ce-2034448e0b80@group-D48B69A44692-LeaderElection160: begin an election at term 84 for -1: [51276c3c-a3b8-4274-b089-592ff4589f41:192.168.157.213:36639, 64c90977-e867-487c-b50d-c226f2d34a76:192.168.157.213:37433, a1c78c0e-869c-4f76-b4ce-2034448e0b80:192.168.157.213:33501], old=null
2019-10-19 01:04:38,285 [a54795b0-6c9c-4137-a866-f82f653c9bf9@group-FB3B7D7D89E3-LeaderElection161] INFO  impl.LeaderElection (LeaderElection.java:logAndReturn(56)) - a54795b0-6c9c-4137-a866-f82f653c9bf9@group-FB3B7D7D89E3-LeaderElection161: Election REJECTED; received 2 response(s) [a54795b0-6c9c-4137-a866-f82f653c9bf9<-b26a8d60-58dc-431d-8168-f89a9ab35f3a#0:FAIL-t85, a54795b0-6c9c-4137-a866-f82f653c9bf9<-16805c57-9f45-4377-8998-764a8f26e152#0:FAIL-t85] and 0 exception(s); a54795b0-6c9c-4137-a866-f82f653c9bf9@group-FB3B7D7D89E3:t85, leader=null, voted=a54795b0-6c9c-4137-a866-f82f653c9bf9, raftlog=a54795b0-6c9c-4137-a866-f82f653c9bf9@group-FB3B7D7D89E3-SegmentedRaftLog:OPENED:c-1,f-1,i0, conf=-1: [a54795b0-6c9c-4137-a866-f82f653c9bf9:192.168.157.213:43688, b26a8d60-58dc-431d-8168-f89a9ab35f3a:192.168.157.213:35535, 16805c57-9f45-4377-8998-764a8f26e152:192.168.157.213:33728], old=null
2019-10-19 01:04:38,285 [a54795b0-6c9c-4137-a866-f82f653c9bf9@group-FB3B7D7D89E3-LeaderElection161] INFO  impl.RaftServerImpl (RaftServerImpl.java:setRole(184)) - a54795b0-6c9c-4137-a866-f82f653c9bf9@group-FB3B7D7D89E3: changes role from CANDIDATE to FOLLOWER at term 85 for DISCOVERED_A_NEW_TERM
2019-10-19 01:04:38,286 [a54795b0-6c9c-4137-a866-f82f653c9bf9@group-FB3B7D7D89E3-LeaderElection161] INFO  impl.RoleInfo (RoleInfo.java:shutdownLeaderElection(134)) - a54795b0-6c9c-4137-a866-f82f653c9bf9: shutdown LeaderElection
2019-10-19 01:04:38,291 [a54795b0-6c9c-4137-a866-f82f653c9bf9@group-FB3B7D7D89E3-LeaderElection161] INFO  impl.RoleInfo (RoleInfo.java:updateAndGet(143)) - a54795b0-6c9c-4137-a866-f82f653c9bf9: start FollowerState
2019-10-19 01:04:38,291 [grpc-default-executor-7] INFO  impl.RaftServerImpl (RaftServerImpl.java:setRole(184)) - 51276c3c-a3b8-4274-b089-592ff4589f41@group-D48B69A44692: changes role from  FOLLOWER to FOLLOWER at term 84 for recognizeCandidate:a1c78c0e-869c-4f76-b4ce-2034448e0b80
2019-10-19 01:04:38,293 [grpc-default-executor-4] INFO  impl.RaftServerImpl (RaftServerImpl.java:setRole(184)) - 64c90977-e867-487c-b50d-c226f2d34a76@group-D48B69A44692: changes role from  FOLLOWER to FOLLOWER at term 84 for recognizeCandidate:a1c78c0e-869c-4f76-b4ce-2034448e0b80
2019-10-19 01:04:38,293 [grpc-default-executor-7] INFO  impl.RoleInfo (RoleInfo.java:shutdownFollowerState(121)) - 51276c3c-a3b8-4274-b089-592ff4589f41: shutdown FollowerState
2019-10-19 01:04:38,293 [grpc-default-executor-4] INFO  impl.RoleInfo (RoleInfo.java:shutdownFollowerState(121)) - 64c90977-e867-487c-b50d-c226f2d34a76: shutdown FollowerState
2019-10-19 01:04:38,295 [Thread-1435] INFO  impl.FollowerState (FollowerState.java:run(117)) - 51276c3c-a3b8-4274-b089-592ff4589f41@group-D48B69A44692-FollowerState was interrupted: java.lang.InterruptedException: sleep interrupted
2019-10-19 01:04:38,295 [grpc-default-executor-7] INFO  impl.RoleInfo (RoleInfo.java:updateAndGet(143)) - 51276c3c-a3b8-4274-b089-592ff4589f41: start FollowerState
2019-10-19 01:04:38,295 [Thread-1434] INFO  impl.FollowerState (FollowerState.java:run(117)) - 64c90977-e867-487c-b50d-c226f2d34a76@group-D48B69A44692-FollowerState was interrupted: java.lang.InterruptedException: sleep interrupted
2019-10-19 01:04:38,295 [grpc-default-executor-4] INFO  impl.RoleInfo (RoleInfo.java:updateAndGet(143)) - 64c90977-e867-487c-b50d-c226f2d34a76: start FollowerState
2019-10-19 01:04:38,319 [a1c78c0e-869c-4f76-b4ce-2034448e0b80@group-D48B69A44692-LeaderElection160] INFO  impl.LeaderElection (LeaderElection.java:logAndReturn(56)) - a1c78c0e-869c-4f76-b4ce-2034448e0b80@group-D48B69A44692-LeaderElection160: Election REJECTED; received 2 response(s) [a1c78c0e-869c-4f76-b4ce-2034448e0b80<-51276c3c-a3b8-4274-b089-592ff4589f41#0:FAIL-t84, a1c78c0e-869c-4f76-b4ce-2034448e0b80<-64c90977-e867-487c-b50d-c226f2d34a76#0:FAIL-t84] and 0 exception(s); a1c78c0e-869c-4f76-b4ce-2034448e0b80@group-D48B69A44692:t84, leader=null, voted=a1c78c0e-869c-4f76-b4ce-2034448e0b80, raftlog=a1c78c0e-869c-4f76-b4ce-2034448e0b80@group-D48B69A44692-SegmentedRaftLog:OPENED:c-1,f-1,i0, conf=-1: [51276c3c-a3b8-4274-b089-592ff4589f41:192.168.157.213:36639, 64c90977-e867-487c-b50d-c226f2d34a76:192.168.157.213:37433, a1c78c0e-869c-4f76-b4ce-2034448e0b80:192.168.157.213:33501], old=null
2019-10-19 01:04:38,319 [a1c78c0e-869c-4f76-b4ce-2034448e0b80@group-D48B69A44692-LeaderElection160] INFO  impl.RaftServerImpl (RaftServerImpl.java:setRole(184)) - a1c78c0e-869c-4f76-b4ce-2034448e0b80@group-D48B69A44692: changes role from CANDIDATE to FOLLOWER at term 84 for DISCOVERED_A_NEW_TERM
2019-10-19 01:04:38,319 [a1c78c0e-869c-4f76-b4ce-2034448e0b80@group-D48B69A44692-LeaderElection160] INFO  impl.RoleInfo (RoleInfo.java:shutdownLeaderElection(134)) - a1c78c0e-869c-4f76-b4ce-2034448e0b80: shutdown LeaderElection
2019-10-19 01:04:38,319 [a1c78c0e-869c-4f76-b4ce-2034448e0b80@group-D48B69A44692-LeaderElection160] INFO  impl.RoleInfo (RoleInfo.java:updateAndGet(143)) - a1c78c0e-869c-4f76-b4ce-2034448e0b80: start FollowerState
2019-10-19 01:04:38,334 [Thread-1440] INFO  impl.FollowerState (FollowerState.java:run(108)) - a54795b0-6c9c-4137-a866-f82f653c9bf9@group-FB3B7D7D89E3-FollowerState: change to CANDIDATE, lastRpcTime:43ms, electionTimeout:43ms
2019-10-19 01:04:38,335 [Thread-1440] INFO  impl.RoleInfo (RoleInfo.java:shutdownFollowerState(121)) - a54795b0-6c9c-4137-a866-f82f653c9bf9: shutdown FollowerState
2019-10-19 01:04:38,335 [Thread-1440] INFO  impl.RaftServerImpl (RaftServerImpl.java:setRole(184)) - a54795b0-6c9c-4137-a866-f82f653c9bf9@group-FB3B7D7D89E3: changes role from  FOLLOWER to CANDIDATE at term 85 for changeToCandidate
2019-10-19 01:04:38,335 [Thread-1440] INFO  impl.RoleInfo (RoleInfo.java:updateAndGet(143)) - a54795b0-6c9c-4137-a866-f82f653c9bf9: start LeaderElection
2019-10-19 01:04:38,360 [a54795b0-6c9c-4137-a866-f82f653c9bf9@group-FB3B7D7D89E3-LeaderElection162] INFO  impl.LeaderElection (LeaderElection.java:askForVotes(178)) - a54795b0-6c9c-4137-a866-f82f653c9bf9@group-FB3B7D7D89E3-LeaderElection162: begin an election at term 86 for -1: [a54795b0-6c9c-4137-a866-f82f653c9bf9:192.168.157.213:43688, b26a8d60-58dc-431d-8168-f89a9ab35f3a:192.168.157.213:35535, 16805c57-9f45-4377-8998-764a8f26e152:192.168.157.213:33728], old=null
2019-10-19 01:04:38,362 [grpc-default-executor-7] INFO  impl.RaftServerImpl (RaftServerImpl.java:setRole(184)) - 16805c57-9f45-4377-8998-764a8f26e152@group-FB3B7D7D89E3: changes role from  FOLLOWER to FOLLOWER at term 86 for recognizeCandidate:a54795b0-6c9c-4137-a866-f82f653c9bf9
2019-10-19 01:04:38,363 [grpc-default-executor-7] INFO  impl.RoleInfo (RoleInfo.java:shutdownFollowerState(121)) - 16805c57-9f45-4377-8998-764a8f26e152: shutdown FollowerState
2019-10-19 01:04:38,363 [grpc-default-executor-7] INFO  impl.RoleInfo (RoleInfo.java:updateAndGet(143)) - 16805c57-9f45-4377-8998-764a8f26e152: start FollowerState
2019-10-19 01:04:38,363 [Thread-1433] INFO  impl.FollowerState (FollowerState.java:run(117)) - 16805c57-9f45-4377-8998-764a8f26e152@group-FB3B7D7D89E3-FollowerState was interrupted: java.lang.InterruptedException: sleep interrupted
2019-10-19 01:04:38,364 [grpc-default-executor-5] INFO  impl.RaftServerImpl (RaftServerImpl.java:setRole(184)) - b26a8d60-58dc-431d-8168-f89a9ab35f3a@group-FB3B7D7D89E3: changes role from  FOLLOWER to FOLLOWER at term 86 for recognizeCandidate:a54795b0-6c9c-4137-a866-f82f653c9bf9
2019-10-19 01:04:38,364 [grpc-default-executor-5] INFO  impl.RoleInfo (RoleInfo.java:shutdownFollowerState(121)) - b26a8d60-58dc-431d-8168-f89a9ab35f3a: shutdown FollowerState
2019-10-19 01:04:38,364 [grpc-default-executor-5] INFO  impl.RoleInfo (RoleInfo.java:updateAndGet(143)) - b26a8d60-58dc-431d-8168-f89a9ab35f3a: start FollowerState
2019-10-19 01:04:38,364 [Thread-1430] INFO  impl.FollowerState (FollowerState.java:run(117)) - b26a8d60-58dc-431d-8168-f89a9ab35f3a@group-FB3B7D7D89E3-FollowerState was interrupted: java.lang.InterruptedException: sleep interrupted
2019-10-19 01:04:38,371 [Thread-1445] INFO  impl.FollowerState (FollowerState.java:run(108)) - a1c78c0e-869c-4f76-b4ce-2034448e0b80@group-D48B69A44692-FollowerState: change to CANDIDATE, lastRpcTime:51ms, electionTimeout:51ms
2019-10-19 01:04:38,371 [Thread-1445] INFO  impl.RoleInfo (RoleInfo.java:shutdownFollowerState(121)) - a1c78c0e-869c-4f76-b4ce-2034448e0b80: shutdown FollowerState
2019-10-19 01:04:38,371 [Thread-1445] INFO  impl.RaftServerImpl (RaftServerImpl.java:setRole(184)) - a1c78c0e-869c-4f76-b4ce-2034448e0b80@group-D48B69A44692: changes role from  FOLLOWER to CANDIDATE at term 84 for changeToCandidate
2019-10-19 01:04:38,371 [Thread-1445] INFO  impl.RoleInfo (RoleInfo.java:updateAndGet(143)) - a1c78c0e-869c-4f76-b4ce-2034448e0b80: start LeaderElection
2019-10-19 01:04:38,377 [a1c78c0e-869c-4f76-b4ce-2034448e0b80@group-D48B69A44692-LeaderElection163] INFO  impl.LeaderElection (LeaderElection.java:askForVotes(178)) - a1c78c0e-869c-4f76-b4ce-2034448e0b80@group-D48B69A44692-LeaderElection163: begin an election at term 85 for -1: [51276c3c-a3b8-4274-b089-592ff4589f41:192.168.157.213:36639, 64c90977-e867-487c-b50d-c226f2d34a76:192.168.157.213:37433, a1c78c0e-869c-4f76-b4ce-2034448e0b80:192.168.157.213:33501], old=null
2019-10-19 01:04:38,378 [a54795b0-6c9c-4137-a866-f82f653c9bf9@group-FB3B7D7D89E3-LeaderElection162] INFO  impl.LeaderElection (LeaderElection.java:logAndReturn(56)) - a54795b0-6c9c-4137-a866-f82f653c9bf9@group-FB3B7D7D89E3-LeaderElection162: Election REJECTED; received 2 response(s) [a54795b0-6c9c-4137-a866-f82f653c9bf9<-b26a8d60-58dc-431d-8168-f89a9ab35f3a#0:FAIL-t86, a54795b0-6c9c-4137-a866-f82f653c9bf9<-16805c57-9f45-4377-8998-764a8f26e152#0:FAIL-t86] and 0 exception(s); a54795b0-6c9c-4137-a866-f82f653c9bf9@group-FB3B7D7D89E3:t86, leader=null, voted=a54795b0-6c9c-4137-a866-f82f653c9bf9, raftlog=a54795b0-6c9c-4137-a866-f82f653c9bf9@group-FB3B7D7D89E3-SegmentedRaftLog:OPENED:c-1,f-1,i0, conf=-1: [a54795b0-6c9c-4137-a866-f82f653c9bf9:192.168.157.213:43688, b26a8d60-58dc-431d-8168-f89a9ab35f3a:192.168.157.213:35535, 16805c57-9f45-4377-8998-764a8f26e152:192.168.157.213:33728], old=null
2019-10-19 01:04:38,378 [a54795b0-6c9c-4137-a866-f82f653c9bf9@group-FB3B7D7D89E3-LeaderElection162] INFO  impl.RaftServerImpl (RaftServerImpl.java:setRole(184)) - a54795b0-6c9c-4137-a866-f82f653c9bf9@group-FB3B7D7D89E3: changes role from CANDIDATE to FOLLOWER at term 86 for DISCOVERED_A_NEW_TERM
2019-10-19 01:04:38,378 [a54795b0-6c9c-4137-a866-f82f653c9bf9@group-FB3B7D7D89E3-LeaderElection162] INFO  impl.RoleInfo (RoleInfo.java:shutdownLeaderElection(134)) - a54795b0-6c9c-4137-a866-f82f653c9bf9: shutdown LeaderElection
2019-10-19 01:04:38,378 [a54795b0-6c9c-4137-a866-f82f653c9bf9@group-FB3B7D7D89E3-LeaderElection162] INFO  impl.RoleInfo (RoleInfo.java:updateAndGet(143)) - a54795b0-6c9c-4137-a866-f82f653c9bf9: start FollowerState
2019-10-19 01:04:38,379 [grpc-default-executor-5] INFO  impl.RaftServerImpl (RaftServerImpl.java:setRole(184)) - 51276c3c-a3b8-4274-b089-592ff4589f41@group-D48B69A44692: changes role from  FOLLOWER to FOLLOWER at term 85 for recognizeCandidate:a1c78c0e-869c-4f76-b4ce-2034448e0b80
2019-10-19 01:04:38,379 [grpc-default-executor-5] INFO  impl.RoleInfo (RoleInfo.java:shutdownFollowerState(121)) - 51276c3c-a3b8-4274-b089-592ff4589f41: shutdown FollowerState
2019-10-19 01:04:38,379 [grpc-default-executor-7] INFO  impl.RaftServerImpl (RaftServerImpl.java:setRole(184)) - 64c90977-e867-487c-b50d-c226f2d34a76@group-D48B69A44692: changes role from  FOLLOWER to FOLLOWER at term 85 for recognizeCandidate:a1c78c0e-869c-4f76-b4ce-2034448e0b80
2019-10-19 01:04:38,379 [grpc-default-executor-7] INFO  impl.RoleInfo (RoleInfo.java:shutdownFollowerState(121)) - 64c90977-e867-487c-b50d-c226f2d34a76: shutdown FollowerState
2019-10-19 01:04:38,379 [grpc-default-executor-5] INFO  impl.RoleInfo (RoleInfo.java:updateAndGet(143)) - 51276c3c-a3b8-4274-b089-592ff4589f41: start FollowerState
2019-10-19 01:04:38,379 [Thread-1442] INFO  impl.FollowerState (FollowerState.java:run(117)) - 51276c3c-a3b8-4274-b089-592ff4589f41@group-D48B69A44692-FollowerState was interrupted: java.lang.InterruptedException: sleep interrupted
2019-10-19 01:04:38,380 [Thread-1443] INFO  impl.FollowerState (FollowerState.java:run(117)) - 64c90977-e867-487c-b50d-c226f2d34a76@group-D48B69A44692-FollowerState was interrupted: java.lang.InterruptedException: sleep interrupted
2019-10-19 01:04:38,380 [grpc-default-executor-7] INFO  impl.RoleInfo (RoleInfo.java:updateAndGet(143)) - 64c90977-e867-487c-b50d-c226f2d34a76: start FollowerState
2019-10-19 01:04:38,381 [a1c78c0e-869c-4f76-b4ce-2034448e0b80@group-D48B69A44692-LeaderElection163] INFO  impl.LeaderElection (LeaderElection.java:logAndReturn(56)) - a1c78c0e-869c-4f76-b4ce-2034448e0b80@group-D48B69A44692-LeaderElection163: Election TIMEOUT; received 0 response(s) [] and 0 exception(s); a1c78c0e-869c-4f76-b4ce-2034448e0b80@group-D48B69A44692:t85, leader=null, voted=a1c78c0e-869c-4f76-b4ce-2034448e0b80, raftlog=a1c78c0e-869c-4f76-b4ce-2034448e0b80@group-D48B69A44692-SegmentedRaftLog:OPENED:c-1,f-1,i0, conf=-1: [51276c3c-a3b8-4274-b089-592ff4589f41:192.168.157.213:36639, 64c90977-e867-487c-b50d-c226f2d34a76:192.168.157.213:37433, a1c78c0e-869c-4f76-b4ce-2034448e0b80:192.168.157.213:33501], old=null
2019-10-19 01:04:38,403 [a1c78c0e-869c-4f76-b4ce-2034448e0b80@group-D48B69A44692-LeaderElection163] INFO  impl.LeaderElection (LeaderElection.java:askForVotes(178)) - a1c78c0e-869c-4f76-b4ce-2034448e0b80@group-D48B69A44692-LeaderElection163: begin an election at term 86 for -1: [51276c3c-a3b8-4274-b089-592ff4589f41:192.168.157.213:36639, 64c90977-e867-487c-b50d-c226f2d34a76:192.168.157.213:37433, a1c78c0e-869c-4f76-b4ce-2034448e0b80:192.168.157.213:33501], old=null
2019-10-19 01:04:38,405 [grpc-default-executor-7] INFO  impl.RaftServerImpl (RaftServerImpl.java:setRole(184)) - 64c90977-e867-487c-b50d-c226f2d34a76@group-D48B69A44692: changes role from  FOLLOWER to FOLLOWER at term 86 for recognizeCandidate:a1c78c0e-869c-4f76-b4ce-2034448e0b80
2019-10-19 01:04:38,405 [grpc-default-executor-5] INFO  impl.RaftServerImpl (RaftServerImpl.java:setRole(184)) - 51276c3c-a3b8-4274-b089-592ff4589f41@group-D48B69A44692: changes role from  FOLLOWER to FOLLOWER at term 86 for recognizeCandidate:a1c78c0e-869c-4f76-b4ce-2034448e0b80
2019-10-19 01:04:38,405 [grpc-default-executor-7] INFO  impl.RoleInfo (RoleInfo.java:shutdownFollowerState(121)) - 64c90977-e867-487c-b50d-c226f2d34a76: shutdown FollowerState
2019-10-19 01:04:38,405 [grpc-default-executor-5] INFO  impl.RoleInfo (RoleInfo.java:shutdownFollowerState(121)) - 51276c3c-a3b8-4274-b089-592ff4589f41: shutdown FollowerState
2019-10-19 01:04:38,405 [Thread-1456] INFO  impl.FollowerState (FollowerState.java:run(117)) - 64c90977-e867-487c-b50d-c226f2d34a76@group-D48B69A44692-FollowerState was interrupted: java.lang.InterruptedException: sleep interrupted
2019-10-19 01:04:38,405 [grpc-default-executor-7] INFO  impl.RoleInfo (RoleInfo.java:updateAndGet(143)) - 64c90977-e867-487c-b50d-c226f2d34a76: start FollowerState
2019-10-19 01:04:38,405 [grpc-default-executor-5] INFO  impl.RoleInfo (RoleInfo.java:updateAndGet(143)) - 51276c3c-a3b8-4274-b089-592ff4589f41: start FollowerState
2019-10-19 01:04:38,405 [Thread-1455] INFO  impl.FollowerState (FollowerState.java:run(117)) - 51276c3c-a3b8-4274-b089-592ff4589f41@group-D48B69A44692-FollowerState was interrupted: java.lang.InterruptedException: sleep interrupted
2019-10-19 01:04:38,419 [a1c78c0e-869c-4f76-b4ce-2034448e0b80@group-D48B69A44692-LeaderElection163] INFO  impl.LeaderElection (LeaderElection.java:logAndReturn(56)) - a1c78c0e-869c-4f76-b4ce-2034448e0b80@group-D48B69A44692-LeaderElection163: Election REJECTED; received 2 response(s) [a1c78c0e-869c-4f76-b4ce-2034448e0b80<-51276c3c-a3b8-4274-b089-592ff4589f41#0:FAIL-t86, a1c78c0e-869c-4f76-b4ce-2034448e0b80<-64c90977-e867-487c-b50d-c226f2d34a76#0:FAIL-t86] and 0 exception(s); a1c78c0e-869c-4f76-b4ce-2034448e0b80@group-D48B69A44692:t86, leader=null, voted=a1c78c0e-869c-4f76-b4ce-2034448e0b80, raftlog=a1c78c0e-869c-4f76-b4ce-2034448e0b80@group-D48B69A44692-SegmentedRaftLog:OPENED:c-1,f-1,i0, conf=-1: [51276c3c-a3b8-4274-b089-592ff4589f41:192.168.157.213:36639, 64c90977-e867-487c-b50d-c226f2d34a76:192.168.157.213:37433, a1c78c0e-869c-4f76-b4ce-2034448e0b80:192.168.157.213:33501], old=null
2019-10-19 01:04:38,419 [a1c78c0e-869c-4f76-b4ce-2034448e0b80@group-D48B69A44692-LeaderElection163] INFO  impl.RaftServerImpl (RaftServerImpl.java:setRole(184)) - a1c78c0e-869c-4f76-b4ce-2034448e0b80@group-D48B69A44692: changes role from CANDIDATE to FOLLOWER at term 86 for DISCOVERED_A_NEW_TERM
2019-10-19 01:04:38,419 [a1c78c0e-869c-4f76-b4ce-2034448e0b80@group-D48B69A44692-LeaderElection163] INFO  impl.RoleInfo (RoleInfo.java:shutdownLeaderElection(134)) - a1c78c0e-869c-4f76-b4ce-2034448e0b80: shutdown LeaderElection
2019-10-19 01:04:38,419 [a1c78c0e-869c-4f76-b4ce-2034448e0b80@group-D48B69A44692-LeaderElection163] INFO  impl.RoleInfo (RoleInfo.java:updateAndGet(143)) - a1c78c0e-869c-4f76-b4ce-2034448e0b80: start FollowerState
2019-10-19 01:04:38,546 [Thread-1461] INFO  impl.FollowerState (FollowerState.java:run(108)) - a1c78c0e-869c-4f76-b4ce-2034448e0b80@group-D48B69A44692-FollowerState: change to CANDIDATE, lastRpcTime:126ms, electionTimeout:126ms
2019-10-19 01:04:38,546 [Thread-1461] INFO  impl.RoleInfo (RoleInfo.java:shutdownFollowerState(121)) - a1c78c0e-869c-4f76-b4ce-2034448e0b80: shutdown FollowerState
2019-10-19 01:04:38,546 [Thread-1461] INFO  impl.RaftServerImpl (RaftServerImpl.java:setRole(184)) - a1c78c0e-869c-4f76-b4ce-2034448e0b80@group-D48B69A44692: changes role from  FOLLOWER to CANDIDATE at term 86 for changeToCandidate
2019-10-19 01:04:38,547 [Thread-1461] INFO  impl.RoleInfo (RoleInfo.java:updateAndGet(143)) - a1c78c0e-869c-4f76-b4ce-2034448e0b80: start LeaderElection
2019-10-19 01:04:38,560 [Thread-1454] INFO  impl.FollowerState (FollowerState.java:run(108)) - a54795b0-6c9c-4137-a866-f82f653c9bf9@group-FB3B7D7D89E3-FollowerState: change to CANDIDATE, lastRpcTime:181ms, electionTimeout:181ms
2019-10-19 01:04:38,560 [Thread-1454] INFO  impl.RoleInfo (RoleInfo.java:shutdownFollowerState(121)) - a54795b0-6c9c-4137-a866-f82f653c9bf9: shutdown FollowerState
2019-10-19 01:04:38,560 [Thread-1454] INFO  impl.RaftServerImpl (RaftServerImpl.java:setRole(184)) - a54795b0-6c9c-4137-a866-f82f653c9bf9@group-FB3B7D7D89E3: changes role from  FOLLOWER to CANDIDATE at term 86 for changeToCandidate
2019-10-19 01:04:38,560 [a1c78c0e-869c-4f76-b4ce-2034448e0b80@group-D48B69A44692-LeaderElection164] INFO  impl.LeaderElection (LeaderElection.java:askForVotes(178)) - a1c78c0e-869c-4f76-b4ce-2034448e0b80@group-D48B69A44692-LeaderElection164: begin an election at term 87 for -1: [51276c3c-a3b8-4274-b089-592ff4589f41:192.168.157.213:36639, 64c90977-e867-487c-b50d-c226f2d34a76:192.168.157.213:37433, a1c78c0e-869c-4f76-b4ce-2034448e0b80:192.168.157.213:33501], old=null
2019-10-19 01:04:38,560 [Thread-1454] INFO  impl.RoleInfo (RoleInfo.java:updateAndGet(143)) - a54795b0-6c9c-4137-a866-f82f653c9bf9: start LeaderElection
2019-10-19 01:04:38,563 [grpc-default-executor-7] INFO  impl.RaftServerImpl (RaftServerImpl.java:setRole(184)) - 64c90977-e867-487c-b50d-c226f2d34a76@group-D48B69A44692: changes role from  FOLLOWER to FOLLOWER at term 87 for recognizeCandidate:a1c78c0e-869c-4f76-b4ce-2034448e0b80
2019-10-19 01:04:38,563 [grpc-default-executor-5] INFO  impl.RaftServerImpl (RaftServerImpl.java:setRole(184)) - 51276c3c-a3b8-4274-b089-592ff4589f41@group-D48B69A44692: changes role from  FOLLOWER to FOLLOWER at term 87 for recognizeCandidate:a1c78c0e-869c-4f76-b4ce-2034448e0b80
2019-10-19 01:04:38,563 [grpc-default-executor-5] INFO  impl.RoleInfo (RoleInfo.java:shutdownFollowerState(121)) - 51276c3c-a3b8-4274-b089-592ff4589f41: shutdown FollowerState
2019-10-19 01:04:38,563 [grpc-default-executor-7] INFO  impl.RoleInfo (RoleInfo.java:shutdownFollowerState(121)) - 64c90977-e867-487c-b50d-c226f2d34a76: shutdown FollowerState
2019-10-19 01:04:38,563 [grpc-default-executor-5] INFO  impl.RoleInfo (RoleInfo.java:updateAndGet(143)) - 51276c3c-a3b8-4274-b089-592ff4589f41: start FollowerState
2019-10-19 01:04:38,563 [Thread-1459] INFO  impl.FollowerState (FollowerState.java:run(117)) - 64c90977-e867-487c-b50d-c226f2d34a76@group-D48B69A44692-FollowerState was interrupted: java.lang.InterruptedException: sleep interrupted
2019-10-19 01:04:38,563 [Thread-1460] INFO  impl.FollowerState (FollowerState.java:run(117)) - 51276c3c-a3b8-4274-b089-592ff4589f41@group-D48B69A44692-FollowerState was interrupted: java.lang.InterruptedException: sleep interrupted
2019-10-19 01:04:38,563 [grpc-default-executor-7] INFO  impl.RoleInfo (RoleInfo.java:updateAndGet(143)) - 64c90977-e867-487c-b50d-c226f2d34a76: start FollowerState
2019-10-19 01:04:38,574 [a54795b0-6c9c-4137-a866-f82f653c9bf9@group-FB3B7D7D89E3-LeaderElection165] INFO  impl.LeaderElection (LeaderElection.java:askForVotes(178)) - a54795b0-6c9c-4137-a866-f82f653c9bf9@group-FB3B7D7D89E3-LeaderElection165: begin an election at term 87 for -1: [a54795b0-6c9c-4137-a866-f82f653c9bf9:192.168.157.213:43688, b26a8d60-58dc-431d-8168-f89a9ab35f3a:192.168.157.213:35535, 16805c57-9f45-4377-8998-764a8f26e152:192.168.157.213:33728], old=null
2019-10-19 01:04:38,575 [a1c78c0e-869c-4f76-b4ce-2034448e0b80@group-D48B69A44692-LeaderElection164] INFO  impl.LeaderElection (LeaderElection.java:logAndReturn(56)) - a1c78c0e-869c-4f76-b4ce-2034448e0b80@group-D48B69A44692-LeaderElection164: Election REJECTED; received 2 response(s) [a1c78c0e-869c-4f76-b4ce-2034448e0b80<-51276c3c-a3b8-4274-b089-592ff4589f41#0:FAIL-t87, a1c78c0e-869c-4f76-b4ce-2034448e0b80<-64c90977-e867-487c-b50d-c226f2d34a76#0:FAIL-t87] and 0 exception(s); a1c78c0e-869c-4f76-b4ce-2034448e0b80@group-D48B69A44692:t87, leader=null, voted=a1c78c0e-869c-4f76-b4ce-2034448e0b80, raftlog=a1c78c0e-869c-4f76-b4ce-2034448e0b80@group-D48B69A44692-SegmentedRaftLog:OPENED:c-1,f-1,i0, conf=-1: [51276c3c-a3b8-4274-b089-592ff4589f41:192.168.157.213:36639, 64c90977-e867-487c-b50d-c226f2d34a76:192.168.157.213:37433, a1c78c0e-869c-4f76-b4ce-2034448e0b80:192.168.157.213:33501], old=null
2019-10-19 01:04:38,575 [a1c78c0e-869c-4f76-b4ce-2034448e0b80@group-D48B69A44692-LeaderElection164] INFO  impl.RaftServerImpl (RaftServerImpl.java:setRole(184)) - a1c78c0e-869c-4f76-b4ce-2034448e0b80@group-D48B69A44692: changes role from CANDIDATE to FOLLOWER at term 87 for DISCOVERED_A_NEW_TERM
2019-10-19 01:04:38,575 [a1c78c0e-869c-4f76-b4ce-2034448e0b80@group-D48B69A44692-LeaderElection164] INFO  impl.RoleInfo (RoleInfo.java:shutdownLeaderElection(134)) - a1c78c0e-869c-4f76-b4ce-2034448e0b80: shutdown LeaderElection
2019-10-19 01:04:38,575 [grpc-default-executor-5] INFO  impl.RaftServerImpl (RaftServerImpl.java:setRole(184)) - 16805c57-9f45-4377-8998-764a8f26e152@group-FB3B7D7D89E3: changes role from  FOLLOWER to FOLLOWER at term 87 for recognizeCandidate:a54795b0-6c9c-4137-a866-f82f653c9bf9
2019-10-19 01:04:38,575 [grpc-default-executor-5] INFO  impl.RoleInfo (RoleInfo.java:shutdownFollowerState(121)) - 16805c57-9f45-4377-8998-764a8f26e152: shutdown FollowerState
2019-10-19 01:04:38,575 [grpc-default-executor-7] INFO  impl.RaftServerImpl (RaftServerImpl.java:setRole(184)) - b26a8d60-58dc-431d-8168-f89a9ab35f3a@group-FB3B7D7D89E3: changes role from  FOLLOWER to FOLLOWER at term 87 for recognizeCandidate:a54795b0-6c9c-4137-a866-f82f653c9bf9
2019-10-19 01:04:38,579 [Thread-1449] INFO  impl.FollowerState (FollowerState.java:run(117)) - 16805c57-9f45-4377-8998-764a8f26e152@group-FB3B7D7D89E3-FollowerState was interrupted: java.lang.InterruptedException: sleep interrupted
2019-10-19 01:04:38,578 [grpc-default-executor-5] INFO  impl.RoleInfo (RoleInfo.java:updateAndGet(143)) - 16805c57-9f45-4377-8998-764a8f26e152: start FollowerState
2019-10-19 01:04:38,575 [a1c78c0e-869c-4f76-b4ce-2034448e0b80@group-D48B69A44692-LeaderElection164] INFO  impl.RoleInfo (RoleInfo.java:updateAndGet(143)) - a1c78c0e-869c-4f76-b4ce-2034448e0b80: start FollowerState
2019-10-19 01:04:38,579 [grpc-default-executor-7] INFO  impl.RoleInfo (RoleInfo.java:shutdownFollowerState(121)) - b26a8d60-58dc-431d-8168-f89a9ab35f3a: shutdown FollowerState
2019-10-19 01:04:38,579 [grpc-default-executor-7] INFO  impl.RoleInfo (RoleInfo.java:updateAndGet(143)) - b26a8d60-58dc-431d-8168-f89a9ab35f3a: start FollowerState
2019-10-19 01:04:38,579 [Thread-1450] INFO  impl.FollowerState (FollowerState.java:run(117)) - b26a8d60-58dc-431d-8168-f89a9ab35f3a@group-FB3B7D7D89E3-FollowerState was interrupted: java.lang.InterruptedException: sleep interrupted
2019-10-19 01:04:38,590 [Thread-1473] INFO  impl.FollowerState (FollowerState.java:run(108)) - a1c78c0e-869c-4f76-b4ce-2034448e0b80@group-D48B69A44692-FollowerState: change to CANDIDATE, lastRpcTime:14ms, electionTimeout:10ms
2019-10-19 01:04:38,590 [Thread-1473] INFO  impl.RoleInfo (RoleInfo.java:shutdownFollowerState(121)) - a1c78c0e-869c-4f76-b4ce-2034448e0b80: shutdown FollowerState
2019-10-19 01:04:38,590 [Thread-1473] INFO  impl.RaftServerImpl (RaftServerImpl.java:setRole(184)) - a1c78c0e-869c-4f76-b4ce-2034448e0b80@group-D48B69A44692: changes role from  FOLLOWER to CANDIDATE at term 87 for changeToCandidate
2019-10-19 01:04:38,591 [Thread-1473] INFO  impl.RoleInfo (RoleInfo.java:updateAndGet(143)) - a1c78c0e-869c-4f76-b4ce-2034448e0b80: start LeaderElection
2019-10-19 01:04:38,593 [a54795b0-6c9c-4137-a866-f82f653c9bf9@group-FB3B7D7D89E3-LeaderElection165] INFO  impl.LeaderElection (LeaderElection.java:logAndReturn(56)) - a54795b0-6c9c-4137-a866-f82f653c9bf9@group-FB3B7D7D89E3-LeaderElection165: Election REJECTED; received 2 response(s) [a54795b0-6c9c-4137-a866-f82f653c9bf9<-b26a8d60-58dc-431d-8168-f89a9ab35f3a#0:FAIL-t87, a54795b0-6c9c-4137-a866-f82f653c9bf9<-16805c57-9f45-4377-8998-764a8f26e152#0:FAIL-t87] and 0 exception(s); a54795b0-6c9c-4137-a866-f82f653c9bf9@group-FB3B7D7D89E3:t87, leader=null, voted=a54795b0-6c9c-4137-a866-f82f653c9bf9, raftlog=a54795b0-6c9c-4137-a866-f82f653c9bf9@group-FB3B7D7D89E3-SegmentedRaftLog:OPENED:c-1,f-1,i0, conf=-1: [a54795b0-6c9c-4137-a866-f82f653c9bf9:192.168.157.213:43688, b26a8d60-58dc-431d-8168-f89a9ab35f3a:192.168.157.213:35535, 16805c57-9f45-4377-8998-764a8f26e152:192.168.157.213:33728], old=null
2019-10-19 01:04:38,593 [a54795b0-6c9c-4137-a866-f82f653c9bf9@group-FB3B7D7D89E3-LeaderElection165] INFO  impl.RaftServerImpl (RaftServerImpl.java:setRole(184)) - a54795b0-6c9c-4137-a866-f82f653c9bf9@group-FB3B7D7D89E3: changes role from CANDIDATE to FOLLOWER at term 87 for DISCOVERED_A_NEW_TERM
2019-10-19 01:04:38,593 [a54795b0-6c9c-4137-a866-f82f653c9bf9@group-FB3B7D7D89E3-LeaderElection165] INFO  impl.RoleInfo (RoleInfo.java:shutdownLeaderElection(134)) - a54795b0-6c9c-4137-a866-f82f653c9bf9: shutdown LeaderElection
2019-10-19 01:04:38,593 [a54795b0-6c9c-4137-a866-f82f653c9bf9@group-FB3B7D7D89E3-LeaderElection165] INFO  impl.RoleInfo (RoleInfo.java:updateAndGet(143)) - a54795b0-6c9c-4137-a866-f82f653c9bf9: start FollowerState
2019-10-19 01:04:38,596 [a1c78c0e-869c-4f76-b4ce-2034448e0b80@group-D48B69A44692-LeaderElection166] INFO  impl.LeaderElection (LeaderElection.java:askForVotes(178)) - a1c78c0e-869c-4f76-b4ce-2034448e0b80@group-D48B69A44692-LeaderElection166: begin an election at term 88 for -1: [51276c3c-a3b8-4274-b089-592ff4589f41:192.168.157.213:36639, 64c90977-e867-487c-b50d-c226f2d34a76:192.168.157.213:37433, a1c78c0e-869c-4f76-b4ce-2034448e0b80:192.168.157.213:33501], old=null
2019-10-19 01:04:38,602 [grpc-default-executor-6] INFO  impl.RaftServerImpl (RaftServerImpl.java:setRole(184)) - 64c90977-e867-487c-b50d-c226f2d34a76@group-D48B69A44692: changes role from  FOLLOWER to FOLLOWER at term 88 for recognizeCandidate:a1c78c0e-869c-4f76-b4ce-2034448e0b80
2019-10-19 01:04:38,602 [grpc-default-executor-5] INFO  impl.RaftServerImpl (RaftServerImpl.java:setRole(184)) - 51276c3c-a3b8-4274-b089-592ff4589f41@group-D48B69A44692: changes role from  FOLLOWER to FOLLOWER at term 88 for recognizeCandidate:a1c78c0e-869c-4f76-b4ce-2034448e0b80
2019-10-19 01:04:38,602 [grpc-default-executor-5] INFO  impl.RoleInfo (RoleInfo.java:shutdownFollowerState(121)) - 51276c3c-a3b8-4274-b089-592ff4589f41: shutdown FollowerState
2019-10-19 01:04:38,602 [grpc-default-executor-6] INFO  impl.RoleInfo (RoleInfo.java:shutdownFollowerState(121)) - 64c90977-e867-487c-b50d-c226f2d34a76: shutdown FollowerState
2019-10-19 01:04:38,602 [Thread-1467] INFO  impl.FollowerState (FollowerState.java:run(117)) - 51276c3c-a3b8-4274-b089-592ff4589f41@group-D48B69A44692-FollowerState was interrupted: java.lang.InterruptedException: sleep interrupted
2019-10-19 01:04:38,602 [grpc-default-executor-5] INFO  impl.RoleInfo (RoleInfo.java:updateAndGet(143)) - 51276c3c-a3b8-4274-b089-592ff4589f41: start FollowerState
2019-10-19 01:04:38,602 [Thread-1468] INFO  impl.FollowerState (FollowerState.java:run(117)) - 64c90977-e867-487c-b50d-c226f2d34a76@group-D48B69A44692-FollowerState was interrupted: java.lang.InterruptedException: sleep interrupted
2019-10-19 01:04:38,602 [grpc-default-executor-6] INFO  impl.RoleInfo (RoleInfo.java:updateAndGet(143)) - 64c90977-e867-487c-b50d-c226f2d34a76: start FollowerState
2019-10-19 01:04:38,622 [a1c78c0e-869c-4f76-b4ce-2034448e0b80@group-D48B69A44692-LeaderElection166] INFO  impl.LeaderElection (LeaderElection.java:logAndReturn(56)) - a1c78c0e-869c-4f76-b4ce-2034448e0b80@group-D48B69A44692-LeaderElection166: Election REJECTED; received 2 response(s) [a1c78c0e-869c-4f76-b4ce-2034448e0b80<-51276c3c-a3b8-4274-b089-592ff4589f41#0:FAIL-t88, a1c78c0e-869c-4f76-b4ce-2034448e0b80<-64c90977-e867-487c-b50d-c226f2d34a76#0:FAIL-t88] and 0 exception(s); a1c78c0e-869c-4f76-b4ce-2034448e0b80@group-D48B69A44692:t88, leader=null, voted=a1c78c0e-869c-4f76-b4ce-2034448e0b80, raftlog=a1c78c0e-869c-4f76-b4ce-2034448e0b80@group-D48B69A44692-SegmentedRaftLog:OPENED:c-1,f-1,i0, conf=-1: [51276c3c-a3b8-4274-b089-592ff4589f41:192.168.157.213:36639, 64c90977-e867-487c-b50d-c226f2d34a76:192.168.157.213:37433, a1c78c0e-869c-4f76-b4ce-2034448e0b80:192.168.157.213:33501], old=null
2019-10-19 01:04:38,623 [a1c78c0e-869c-4f76-b4ce-2034448e0b80@group-D48B69A44692-LeaderElection166] INFO  impl.RaftServerImpl (RaftServerImpl.java:setRole(184)) - a1c78c0e-869c-4f76-b4ce-2034448e0b80@group-D48B69A44692: changes role from CANDIDATE to FOLLOWER at term 88 for DISCOVERED_A_NEW_TERM
2019-10-19 01:04:38,623 [a1c78c0e-869c-4f76-b4ce-2034448e0b80@group-D48B69A44692-LeaderElection166] INFO  impl.RoleInfo (RoleInfo.java:shutdownLeaderElection(134)) - a1c78c0e-869c-4f76-b4ce-2034448e0b80: shutdown LeaderElection
2019-10-19 01:04:38,623 [a1c78c0e-869c-4f76-b4ce-2034448e0b80@group-D48B69A44692-LeaderElection166] INFO  impl.RoleInfo (RoleInfo.java:updateAndGet(143)) - a1c78c0e-869c-4f76-b4ce-2034448e0b80: start FollowerState
2019-10-19 01:04:38,728 [Thread-1496] INFO  impl.FollowerState (FollowerState.java:run(108)) - a1c78c0e-869c-4f76-b4ce-2034448e0b80@group-D48B69A44692-FollowerState: change to CANDIDATE, lastRpcTime:104ms, electionTimeout:101ms
2019-10-19 01:04:38,728 [Thread-1496] INFO  impl.RoleInfo (RoleInfo.java:shutdownFollowerState(121)) - a1c78c0e-869c-4f76-b4ce-2034448e0b80: shutdown FollowerState
2019-10-19 01:04:38,728 [Thread-1496] INFO  impl.RaftServerImpl (RaftServerImpl.java:setRole(184)) - a1c78c0e-869c-4f76-b4ce-2034448e0b80@group-D48B69A44692: changes role from  FOLLOWER to CANDIDATE at term 88 for changeToCandidate
2019-10-19 01:04:38,728 [Thread-1496] INFO  impl.RoleInfo (RoleInfo.java:updateAndGet(143)) - a1c78c0e-869c-4f76-b4ce-2034448e0b80: start LeaderElection
2019-10-19 01:04:38,732 [a1c78c0e-869c-4f76-b4ce-2034448e0b80@group-D48B69A44692-LeaderElection167] INFO  impl.LeaderElection (LeaderElection.java:askForVotes(178)) - a1c78c0e-869c-4f76-b4ce-2034448e0b80@group-D48B69A44692-LeaderElection167: begin an election at term 89 for -1: [51276c3c-a3b8-4274-b089-592ff4589f41:192.168.157.213:36639, 64c90977-e867-487c-b50d-c226f2d34a76:192.168.157.213:37433, a1c78c0e-869c-4f76-b4ce-2034448e0b80:192.168.157.213:33501], old=null
2019-10-19 01:04:38,736 [Thread-1483] INFO  impl.FollowerState (FollowerState.java:run(108)) - a54795b0-6c9c-4137-a866-f82f653c9bf9@group-FB3B7D7D89E3-FollowerState: change to CANDIDATE, lastRpcTime:143ms, electionTimeout:142ms
2019-10-19 01:04:38,737 [Thread-1483] INFO  impl.RoleInfo (RoleInfo.java:shutdownFollowerState(121)) - a54795b0-6c9c-4137-a866-f82f653c9bf9: shutdown FollowerState
2019-10-19 01:04:38,739 [Thread-1483] INFO  impl.RaftServerImpl (RaftServerImpl.java:setRole(184)) - a54795b0-6c9c-4137-a866-f82f653c9bf9@group-FB3B7D7D89E3: changes role from  FOLLOWER to CANDIDATE at term 87 for changeToCandidate
2019-10-19 01:04:38,739 [Thread-1483] INFO  impl.RoleInfo (RoleInfo.java:updateAndGet(143)) - a54795b0-6c9c-4137-a866-f82f653c9bf9: start LeaderElection
2019-10-19 01:04:38,739 [grpc-default-executor-6] INFO  impl.RaftServerImpl (RaftServerImpl.java:setRole(184)) - 51276c3c-a3b8-4274-b089-592ff4589f41@group-D48B69A44692: changes role from  FOLLOWER to FOLLOWER at term 89 for recognizeCandidate:a1c78c0e-869c-4f76-b4ce-2034448e0b80
2019-10-19 01:04:38,740 [grpc-default-executor-5] INFO  impl.RaftServerImpl (RaftServerImpl.java:setRole(184)) - 64c90977-e867-487c-b50d-c226f2d34a76@group-D48B69A44692: changes role from  FOLLOWER to FOLLOWER at term 89 for recognizeCandidate:a1c78c0e-869c-4f76-b4ce-2034448e0b80
2019-10-19 01:04:38,740 [grpc-default-executor-6] INFO  impl.RoleInfo (RoleInfo.java:shutdownFollowerState(121)) - 51276c3c-a3b8-4274-b089-592ff4589f41: shutdown FollowerState
2019-10-19 01:04:38,740 [grpc-default-executor-5] INFO  impl.RoleInfo (RoleInfo.java:shutdownFollowerState(121)) - 64c90977-e867-487c-b50d-c226f2d34a76: shutdown FollowerState
2019-10-19 01:04:38,740 [Thread-1486] INFO  impl.FollowerState (FollowerState.java:run(117)) - 51276c3c-a3b8-4274-b089-592ff4589f41@group-D48B69A44692-FollowerState was interrupted: java.lang.InterruptedException: sleep interrupted
2019-10-19 01:04:38,740 [Thread-1487] INFO  impl.FollowerState (FollowerState.java:run(117)) - 64c90977-e867-487c-b50d-c226f2d34a76@group-D48B69A44692-FollowerState was interrupted: java.lang.InterruptedException: sleep interrupted
2019-10-19 01:04:38,740 [grpc-default-executor-6] INFO  impl.RoleInfo (RoleInfo.java:updateAndGet(143)) - 51276c3c-a3b8-4274-b089-592ff4589f41: start FollowerState
2019-10-19 01:04:38,740 [grpc-default-executor-5] INFO  impl.RoleInfo (RoleInfo.java:updateAndGet(143)) - 64c90977-e867-487c-b50d-c226f2d34a76: start FollowerState
2019-10-19 01:04:38,749 [a54795b0-6c9c-4137-a866-f82f653c9bf9@group-FB3B7D7D89E3-LeaderElection168] INFO  impl.LeaderElection (LeaderElection.java:askForVotes(178)) - a54795b0-6c9c-4137-a866-f82f653c9bf9@group-FB3B7D7D89E3-LeaderElection168: begin an election at term 88 for -1: [a54795b0-6c9c-4137-a866-f82f653c9bf9:192.168.157.213:43688, b26a8d60-58dc-431d-8168-f89a9ab35f3a:192.168.157.213:35535, 16805c57-9f45-4377-8998-764a8f26e152:192.168.157.213:33728], old=null
2019-10-19 01:04:38,750 [a1c78c0e-869c-4f76-b4ce-2034448e0b80@group-D48B69A44692-LeaderElection167] INFO  impl.LeaderElection (LeaderElection.java:logAndReturn(56)) - a1c78c0e-869c-4f76-b4ce-2034448e0b80@group-D48B69A44692-LeaderElection167: Election REJECTED; received 2 response(s) [a1c78c0e-869c-4f76-b4ce-2034448e0b80<-51276c3c-a3b8-4274-b089-592ff4589f41#0:FAIL-t89, a1c78c0e-869c-4f76-b4ce-2034448e0b80<-64c90977-e867-487c-b50d-c226f2d34a76#0:FAIL-t89] and 0 exception(s); a1c78c0e-869c-4f76-b4ce-2034448e0b80@group-D48B69A44692:t89, leader=null, voted=a1c78c0e-869c-4f76-b4ce-2034448e0b80, raftlog=a1c78c0e-869c-4f76-b4ce-2034448e0b80@group-D48B69A44692-SegmentedRaftLog:OPENED:c-1,f-1,i0, conf=-1: [51276c3c-a3b8-4274-b089-592ff4589f41:192.168.157.213:36639, 64c90977-e867-487c-b50d-c226f2d34a76:192.168.157.213:37433, a1c78c0e-869c-4f76-b4ce-2034448e0b80:192.168.157.213:33501], old=null
2019-10-19 01:04:38,750 [a1c78c0e-869c-4f76-b4ce-2034448e0b80@group-D48B69A44692-LeaderElection167] INFO  impl.RaftServerImpl (RaftServerImpl.java:setRole(184)) - a1c78c0e-869c-4f76-b4ce-2034448e0b80@group-D48B69A44692: changes role from CANDIDATE to FOLLOWER at term 89 for DISCOVERED_A_NEW_TERM
2019-10-19 01:04:38,751 [a1c78c0e-869c-4f76-b4ce-2034448e0b80@group-D48B69A44692-LeaderElection167] INFO  impl.RoleInfo (RoleInfo.java:shutdownLeaderElection(134)) - a1c78c0e-869c-4f76-b4ce-2034448e0b80: shutdown LeaderElection
2019-10-19 01:04:38,751 [a1c78c0e-869c-4f76-b4ce-2034448e0b80@group-D48B69A44692-LeaderElection167] INFO  impl.RoleInfo (RoleInfo.java:updateAndGet(143)) - a1c78c0e-869c-4f76-b4ce-2034448e0b80: start FollowerState
2019-10-19 01:04:38,751 [grpc-default-executor-5] INFO  impl.RaftServerImpl (RaftServerImpl.java:setRole(184)) - b26a8d60-58dc-431d-8168-f89a9ab35f3a@group-FB3B7D7D89E3: changes role from  FOLLOWER to FOLLOWER at term 88 for recognizeCandidate:a54795b0-6c9c-4137-a866-f82f653c9bf9
2019-10-19 01:04:38,751 [grpc-default-executor-6] INFO  impl.RaftServerImpl (RaftServerImpl.java:setRole(184)) - 16805c57-9f45-4377-8998-764a8f26e152@group-FB3B7D7D89E3: changes role from  FOLLOWER to FOLLOWER at term 88 for recognizeCandidate:a54795b0-6c9c-4137-a866-f82f653c9bf9
2019-10-19 01:04:38,751 [grpc-default-executor-5] INFO  impl.RoleInfo (RoleInfo.java:shutdownFollowerState(121)) - b26a8d60-58dc-431d-8168-f89a9ab35f3a: shutdown FollowerState
2019-10-19 01:04:38,751 [grpc-default-executor-6] INFO  impl.RoleInfo (RoleInfo.java:shutdownFollowerState(121)) - 16805c57-9f45-4377-8998-764a8f26e152: shutdown FollowerState
2019-10-19 01:04:38,752 [grpc-default-executor-5] INFO  impl.RoleInfo (RoleInfo.java:updateAndGet(143)) - b26a8d60-58dc-431d-8168-f89a9ab35f3a: start FollowerState
2019-10-19 01:04:38,752 [Thread-1474] INFO  impl.FollowerState (FollowerState.java:run(117)) - 16805c57-9f45-4377-8998-764a8f26e152@group-FB3B7D7D89E3-FollowerState was interrupted: java.lang.InterruptedException: sleep interrupted
2019-10-19 01:04:38,752 [grpc-default-executor-6] INFO  impl.RoleInfo (RoleInfo.java:updateAndGet(143)) - 16805c57-9f45-4377-8998-764a8f26e152: start FollowerState
2019-10-19 01:04:38,752 [Thread-1476] INFO  impl.FollowerState (FollowerState.java:run(117)) - b26a8d60-58dc-431d-8168-f89a9ab35f3a@group-FB3B7D7D89E3-FollowerState was interrupted: java.lang.InterruptedException: sleep interrupted
2019-10-19 01:04:38,775 [Thread-1511] INFO  impl.FollowerState (FollowerState.java:run(108)) - a1c78c0e-869c-4f76-b4ce-2034448e0b80@group-D48B69A44692-FollowerState: change to CANDIDATE, lastRpcTime:24ms, electionTimeout:24ms
2019-10-19 01:04:38,775 [Thread-1511] INFO  impl.RoleInfo (RoleInfo.java:shutdownFollowerState(121)) - a1c78c0e-869c-4f76-b4ce-2034448e0b80: shutdown FollowerState
2019-10-19 01:04:38,775 [Thread-1511] INFO  impl.RaftServerImpl (RaftServerImpl.java:setRole(184)) - a1c78c0e-869c-4f76-b4ce-2034448e0b80@group-D48B69A44692: changes role from  FOLLOWER to CANDIDATE at term 89 for changeToCandidate
2019-10-19 01:04:38,775 [Thread-1511] INFO  impl.RoleInfo (RoleInfo.java:updateAndGet(143)) - a1c78c0e-869c-4f76-b4ce-2034448e0b80: start LeaderElection
2019-10-19 01:04:38,778 [a54795b0-6c9c-4137-a866-f82f653c9bf9@group-FB3B7D7D89E3-LeaderElection168] INFO  impl.LeaderElection (LeaderElection.java:logAndReturn(56)) - a54795b0-6c9c-4137-a866-f82f653c9bf9@group-FB3B7D7D89E3-LeaderElection168: Election REJECTED; received 2 response(s) [a54795b0-6c9c-4137-a866-f82f653c9bf9<-b26a8d60-58dc-431d-8168-f89a9ab35f3a#0:FAIL-t88, a54795b0-6c9c-4137-a866-f82f653c9bf9<-16805c57-9f45-4377-8998-764a8f26e152#0:FAIL-t88] and 0 exception(s); a54795b0-6c9c-4137-a866-f82f653c9bf9@group-FB3B7D7D89E3:t88, leader=null, voted=a54795b0-6c9c-4137-a866-f82f653c9bf9, raftlog=a54795b0-6c9c-4137-a866-f82f653c9bf9@group-FB3B7D7D89E3-SegmentedRaftLog:OPENED:c-1,f-1,i0, conf=-1: [a54795b0-6c9c-4137-a866-f82f653c9bf9:192.168.157.213:43688, b26a8d60-58dc-431d-8168-f89a9ab35f3a:192.168.157.213:35535, 16805c57-9f45-4377-8998-764a8f26e152:192.168.157.213:33728], old=null
2019-10-19 01:04:38,778 [a54795b0-6c9c-4137-a866-f82f653c9bf9@group-FB3B7D7D89E3-LeaderElection168] INFO  impl.RaftServerImpl (RaftServerImpl.java:setRole(184)) - a54795b0-6c9c-4137-a866-f82f653c9bf9@group-FB3B7D7D89E3: changes role from CANDIDATE to FOLLOWER at term 88 for DISCOVERED_A_NEW_TERM
2019-10-19 01:04:38,778 [a54795b0-6c9c-4137-a866-f82f653c9bf9@group-FB3B7D7D89E3-LeaderElection168] INFO  impl.RoleInfo (RoleInfo.java:shutdownLeaderElection(134)) - a54795b0-6c9c-4137-a866-f82f653c9bf9: shutdown LeaderElection
2019-10-19 01:04:38,778 [a54795b0-6c9c-4137-a866-f82f653c9bf9@group-FB3B7D7D89E3-LeaderElection168] INFO  impl.RoleInfo (RoleInfo.java:updateAndGet(143)) - a54795b0-6c9c-4137-a866-f82f653c9bf9: start FollowerState
2019-10-19 01:04:38,780 [a1c78c0e-869c-4f76-b4ce-2034448e0b80@group-D48B69A44692-LeaderElection169] INFO  impl.LeaderElection (LeaderElection.java:askForVotes(178)) - a1c78c0e-869c-4f76-b4ce-2034448e0b80@group-D48B69A44692-LeaderElection169: begin an election at term 90 for -1: [51276c3c-a3b8-4274-b089-592ff4589f41:192.168.157.213:36639, 64c90977-e867-487c-b50d-c226f2d34a76:192.168.157.213:37433, a1c78c0e-869c-4f76-b4ce-2034448e0b80:192.168.157.213:33501], old=null
2019-10-19 01:04:38,782 [grpc-default-executor-5] INFO  impl.RaftServerImpl (RaftServerImpl.java:setRole(184)) - 64c90977-e867-487c-b50d-c226f2d34a76@group-D48B69A44692: changes role from  FOLLOWER to FOLLOWER at term 90 for recognizeCandidate:a1c78c0e-869c-4f76-b4ce-2034448e0b80
2019-10-19 01:04:38,782 [grpc-default-executor-6] INFO  impl.RaftServerImpl (RaftServerImpl.java:setRole(184)) - 51276c3c-a3b8-4274-b089-592ff4589f41@group-D48B69A44692: changes role from  FOLLOWER to FOLLOWER at term 90 for recognizeCandidate:a1c78c0e-869c-4f76-b4ce-2034448e0b80
2019-10-19 01:04:38,782 [grpc-default-executor-6] INFO  impl.RoleInfo (RoleInfo.java:shutdownFollowerState(121)) - 51276c3c-a3b8-4274-b089-592ff4589f41: shutdown FollowerState
2019-10-19 01:04:38,782 [grpc-default-executor-5] INFO  impl.RoleInfo (RoleInfo.java:shutdownFollowerState(121)) - 64c90977-e867-487c-b50d-c226f2d34a76: shutdown FollowerState
2019-10-19 01:04:38,782 [grpc-default-executor-6] INFO  impl.RoleInfo (RoleInfo.java:updateAndGet(143)) - 51276c3c-a3b8-4274-b089-592ff4589f41: start FollowerState
2019-10-19 01:04:38,782 [Thread-1507] INFO  impl.FollowerState (FollowerState.java:run(117)) - 51276c3c-a3b8-4274-b089-592ff4589f41@group-D48B69A44692-FollowerState was interrupted: java.lang.InterruptedException: sleep interrupted
2019-10-19 01:04:38,782 [Thread-1508] INFO  impl.FollowerState (FollowerState.java:run(117)) - 64c90977-e867-487c-b50d-c226f2d34a76@group-D48B69A44692-FollowerState was interrupted: java.lang.InterruptedException: sleep interrupted
2019-10-19 01:04:38,782 [grpc-default-executor-5] INFO  impl.RoleInfo (RoleInfo.java:updateAndGet(143)) - 64c90977-e867-487c-b50d-c226f2d34a76: start FollowerState
2019-10-19 01:04:38,797 [a1c78c0e-869c-4f76-b4ce-2034448e0b80@group-D48B69A44692-LeaderElection169] INFO  impl.LeaderElection (LeaderElection.java:logAndReturn(56)) - a1c78c0e-869c-4f76-b4ce-2034448e0b80@group-D48B69A44692-LeaderElection169: Election REJECTED; received 2 response(s) [a1c78c0e-869c-4f76-b4ce-2034448e0b80<-51276c3c-a3b8-4274-b089-592ff4589f41#0:FAIL-t90, a1c78c0e-869c-4f76-b4ce-2034448e0b80<-64c90977-e867-487c-b50d-c226f2d34a76#0:FAIL-t90] and 0 exception(s); a1c78c0e-869c-4f76-b4ce-2034448e0b80@group-D48B69A44692:t90, leader=null, voted=a1c78c0e-869c-4f76-b4ce-2034448e0b80, raftlog=a1c78c0e-869c-4f76-b4ce-2034448e0b80@group-D48B69A44692-SegmentedRaftLog:OPENED:c-1,f-1,i0, conf=-1: [51276c3c-a3b8-4274-b089-592ff4589f41:192.168.157.213:36639, 64c90977-e867-487c-b50d-c226f2d34a76:192.168.157.213:37433, a1c78c0e-869c-4f76-b4ce-2034448e0b80:192.168.157.213:33501], old=null
2019-10-19 01:04:38,798 [a1c78c0e-869c-4f76-b4ce-2034448e0b80@group-D48B69A44692-LeaderElection169] INFO  impl.RaftServerImpl (RaftServerImpl.java:setRole(184)) - a1c78c0e-869c-4f76-b4ce-2034448e0b80@group-D48B69A44692: changes role from CANDIDATE to FOLLOWER at term 90 for DISCOVERED_A_NEW_TERM
2019-10-19 01:04:38,798 [a1c78c0e-869c-4f76-b4ce-2034448e0b80@group-D48B69A44692-LeaderElection169] INFO  impl.RoleInfo (RoleInfo.java:shutdownLeaderElection(134)) - a1c78c0e-869c-4f76-b4ce-2034448e0b80: shutdown LeaderElection
2019-10-19 01:04:38,798 [a1c78c0e-869c-4f76-b4ce-2034448e0b80@group-D48B69A44692-LeaderElection169] INFO  impl.RoleInfo (RoleInfo.java:updateAndGet(143)) - a1c78c0e-869c-4f76-b4ce-2034448e0b80: start FollowerState
2019-10-19 01:04:39,013 [Thread-1515] INFO  impl.FollowerState (FollowerState.java:run(108)) - a54795b0-6c9c-4137-a866-f82f653c9bf9@group-FB3B7D7D89E3-FollowerState: change to CANDIDATE, lastRpcTime:234ms, electionTimeout:181ms
2019-10-19 01:04:39,013 [Thread-1521] INFO  impl.FollowerState (FollowerState.java:run(108)) - a1c78c0e-869c-4f76-b4ce-2034448e0b80@group-D48B69A44692-FollowerState: change to CANDIDATE, lastRpcTime:215ms, electionTimeout:92ms
2019-10-19 01:04:39,014 [Thread-1515] INFO  impl.RoleInfo (RoleInfo.java:shutdownFollowerState(121)) - a54795b0-6c9c-4137-a866-f82f653c9bf9: shutdown FollowerState
2019-10-19 01:04:39,014 [Thread-1521] INFO  impl.RoleInfo (RoleInfo.java:shutdownFollowerState(121)) - a1c78c0e-869c-4f76-b4ce-2034448e0b80: shutdown FollowerState
2019-10-19 01:04:39,014 [Thread-1515] INFO  impl.RaftServerImpl (RaftServerImpl.java:setRole(184)) - a54795b0-6c9c-4137-a866-f82f653c9bf9@group-FB3B7D7D89E3: changes role from  FOLLOWER to CANDIDATE at term 88 for changeToCandidate
2019-10-19 01:04:39,014 [Thread-1521] INFO  impl.RaftServerImpl (RaftServerImpl.java:setRole(184)) - a1c78c0e-869c-4f76-b4ce-2034448e0b80@group-D48B69A44692: changes role from  FOLLOWER to CANDIDATE at term 90 for changeToCandidate
2019-10-19 01:04:39,015 [Thread-1515] INFO  impl.RoleInfo (RoleInfo.java:updateAndGet(143)) - a54795b0-6c9c-4137-a866-f82f653c9bf9: start LeaderElection
2019-10-19 01:04:39,015 [Thread-1521] INFO  impl.RoleInfo (RoleInfo.java:updateAndGet(143)) - a1c78c0e-869c-4f76-b4ce-2034448e0b80: start LeaderElection
2019-10-19 01:04:39,043 [a54795b0-6c9c-4137-a866-f82f653c9bf9@group-FB3B7D7D89E3-LeaderElection170] INFO  impl.LeaderElection (LeaderElection.java:askForVotes(178)) - a54795b0-6c9c-4137-a866-f82f653c9bf9@group-FB3B7D7D89E3-LeaderElection170: begin an election at term 89 for -1: [a54795b0-6c9c-4137-a866-f82f653c9bf9:192.168.157.213:43688, b26a8d60-58dc-431d-8168-f89a9ab35f3a:192.168.157.213:35535, 16805c57-9f45-4377-8998-764a8f26e152:192.168.157.213:33728], old=null
2019-10-19 01:04:39,043 [a1c78c0e-869c-4f76-b4ce-2034448e0b80@group-D48B69A44692-LeaderElection171] INFO  impl.LeaderElection (LeaderElection.java:askForVotes(178)) - a1c78c0e-869c-4f76-b4ce-2034448e0b80@group-D48B69A44692-LeaderElection171: begin an election at term 91 for -1: [51276c3c-a3b8-4274-b089-592ff4589f41:192.168.157.213:36639, 64c90977-e867-487c-b50d-c226f2d34a76:192.168.157.213:37433, a1c78c0e-869c-4f76-b4ce-2034448e0b80:192.168.157.213:33501], old=null
2019-10-19 01:04:39,052 [grpc-default-executor-5] INFO  impl.RaftServerImpl (RaftServerImpl.java:setRole(184)) - 51276c3c-a3b8-4274-b089-592ff4589f41@group-D48B69A44692: changes role from  FOLLOWER to FOLLOWER at term 91 for recognizeCandidate:a1c78c0e-869c-4f76-b4ce-2034448e0b80
2019-10-19 01:04:39,052 [grpc-default-executor-5] INFO  impl.RoleInfo (RoleInfo.java:shutdownFollowerState(121)) - 51276c3c-a3b8-4274-b089-592ff4589f41: shutdown FollowerState
2019-10-19 01:04:39,052 [grpc-default-executor-5] INFO  impl.RoleInfo (RoleInfo.java:updateAndGet(143)) - 51276c3c-a3b8-4274-b089-592ff4589f41: start FollowerState
2019-10-19 01:04:39,052 [Thread-1518] INFO  impl.FollowerState (FollowerState.java:run(117)) - 51276c3c-a3b8-4274-b089-592ff4589f41@group-D48B69A44692-FollowerState was interrupted: java.lang.InterruptedException: sleep interrupted
2019-10-19 01:04:39,053 [grpc-default-executor-4] INFO  impl.RaftServerImpl (RaftServerImpl.java:setRole(184)) - b26a8d60-58dc-431d-8168-f89a9ab35f3a@group-FB3B7D7D89E3: changes role from  FOLLOWER to FOLLOWER at term 89 for recognizeCandidate:a54795b0-6c9c-4137-a866-f82f653c9bf9
2019-10-19 01:04:39,053 [grpc-default-executor-4] INFO  impl.RoleInfo (RoleInfo.java:shutdownFollowerState(121)) - b26a8d60-58dc-431d-8168-f89a9ab35f3a: shutdown FollowerState
2019-10-19 01:04:39,054 [grpc-default-executor-1] INFO  impl.RaftServerImpl (RaftServerImpl.java:setRole(184)) - 16805c57-9f45-4377-8998-764a8f26e152@group-FB3B7D7D89E3: changes role from  FOLLOWER to FOLLOWER at term 89 for recognizeCandidate:a54795b0-6c9c-4137-a866-f82f653c9bf9
2019-10-19 01:04:39,054 [grpc-default-executor-4] INFO  impl.RoleInfo (RoleInfo.java:updateAndGet(143)) - b26a8d60-58dc-431d-8168-f89a9ab35f3a: start FollowerState
2019-10-19 01:04:39,054 [Thread-1512] INFO  impl.FollowerState (FollowerState.java:run(117)) - b26a8d60-58dc-431d-8168-f89a9ab35f3a@group-FB3B7D7D89E3-FollowerState was interrupted: java.lang.InterruptedException: sleep interrupted
2019-10-19 01:04:39,054 [grpc-default-executor-1] INFO  impl.RoleInfo (RoleInfo.java:shutdownFollowerState(121)) - 16805c57-9f45-4377-8998-764a8f26e152: shutdown FollowerState
2019-10-19 01:04:39,054 [grpc-default-executor-7] INFO  impl.RaftServerImpl (RaftServerImpl.java:setRole(184)) - 64c90977-e867-487c-b50d-c226f2d34a76@group-D48B69A44692: changes role from  FOLLOWER to FOLLOWER at term 91 for recognizeCandidate:a1c78c0e-869c-4f76-b4ce-2034448e0b80
2019-10-19 01:04:39,054 [Thread-1513] INFO  impl.FollowerState (FollowerState.java:run(117)) - 16805c57-9f45-4377-8998-764a8f26e152@group-FB3B7D7D89E3-FollowerState was interrupted: java.lang.InterruptedException: sleep interrupted
2019-10-19 01:04:39,054 [grpc-default-executor-1] INFO  impl.RoleInfo (RoleInfo.java:updateAndGet(143)) - 16805c57-9f45-4377-8998-764a8f26e152: start FollowerState
2019-10-19 01:04:39,054 [grpc-default-executor-7] INFO  impl.RoleInfo (RoleInfo.java:shutdownFollowerState(121)) - 64c90977-e867-487c-b50d-c226f2d34a76: shutdown FollowerState
2019-10-19 01:04:39,055 [grpc-default-executor-7] INFO  impl.RoleInfo (RoleInfo.java:updateAndGet(143)) - 64c90977-e867-487c-b50d-c226f2d34a76: start FollowerState
2019-10-19 01:04:39,055 [Thread-1519] INFO  impl.FollowerState (FollowerState.java:run(117)) - 64c90977-e867-487c-b50d-c226f2d34a76@group-D48B69A44692-FollowerState was interrupted: java.lang.InterruptedException: sleep interrupted
2019-10-19 01:04:39,095 [main] INFO  ozone.MiniOzoneClusterImpl (MiniOzoneClusterImpl.java:shutdown(314)) - Shutting down the Mini Ozone Cluster
2019-10-19 01:04:39,096 [main] INFO  ozone.MiniOzoneClusterImpl (MiniOzoneClusterImpl.java:stop(330)) - Stopping the Mini Ozone Cluster
2019-10-19 01:04:39,096 [main] INFO  ozone.MiniOzoneClusterImpl (MiniOzoneClusterImpl.java:stopOM(400)) - Stopping the OzoneManager
2019-10-19 01:04:39,096 [main] INFO  ipc.Server (Server.java:stop(3082)) - Stopping server on 39770
2019-10-19 01:04:39,101 [a1c78c0e-869c-4f76-b4ce-2034448e0b80@group-D48B69A44692-LeaderElection171] INFO  impl.LeaderElection (LeaderElection.java:logAndReturn(56)) - a1c78c0e-869c-4f76-b4ce-2034448e0b80@group-D48B69A44692-LeaderElection171: Election REJECTED; received 2 response(s) [a1c78c0e-869c-4f76-b4ce-2034448e0b80<-51276c3c-a3b8-4274-b089-592ff4589f41#0:FAIL-t91, a1c78c0e-869c-4f76-b4ce-2034448e0b80<-64c90977-e867-487c-b50d-c226f2d34a76#0:FAIL-t91] and 0 exception(s); a1c78c0e-869c-4f76-b4ce-2034448e0b80@group-D48B69A44692:t91, leader=null, voted=a1c78c0e-869c-4f76-b4ce-2034448e0b80, raftlog=a1c78c0e-869c-4f76-b4ce-2034448e0b80@group-D48B69A44692-SegmentedRaftLog:OPENED:c-1,f-1,i0, conf=-1: [51276c3c-a3b8-4274-b089-592ff4589f41:192.168.157.213:36639, 64c90977-e867-487c-b50d-c226f2d34a76:192.168.157.213:37433, a1c78c0e-869c-4f76-b4ce-2034448e0b80:192.168.157.213:33501], old=null
2019-10-19 01:04:39,106 [a54795b0-6c9c-4137-a866-f82f653c9bf9@group-FB3B7D7D89E3-LeaderElection170] INFO  impl.LeaderElection (LeaderElection.java:logAndReturn(56)) - a54795b0-6c9c-4137-a866-f82f653c9bf9@group-FB3B7D7D89E3-LeaderElection170: Election REJECTED; received 2 response(s) [a54795b0-6c9c-4137-a866-f82f653c9bf9<-b26a8d60-58dc-431d-8168-f89a9ab35f3a#0:FAIL-t89, a54795b0-6c9c-4137-a866-f82f653c9bf9<-16805c57-9f45-4377-8998-764a8f26e152#0:FAIL-t89] and 0 exception(s); a54795b0-6c9c-4137-a866-f82f653c9bf9@group-FB3B7D7D89E3:t89, leader=null, voted=a54795b0-6c9c-4137-a866-f82f653c9bf9, raftlog=a54795b0-6c9c-4137-a866-f82f653c9bf9@group-FB3B7D7D89E3-SegmentedRaftLog:OPENED:c-1,f-1,i0, conf=-1: [a54795b0-6c9c-4137-a866-f82f653c9bf9:192.168.157.213:43688, b26a8d60-58dc-431d-8168-f89a9ab35f3a:192.168.157.213:35535, 16805c57-9f45-4377-8998-764a8f26e152:192.168.157.213:33728], old=null
2019-10-19 01:04:39,107 [a1c78c0e-869c-4f76-b4ce-2034448e0b80@group-D48B69A44692-LeaderElection171] INFO  impl.RaftServerImpl (RaftServerImpl.java:setRole(184)) - a1c78c0e-869c-4f76-b4ce-2034448e0b80@group-D48B69A44692: changes role from CANDIDATE to FOLLOWER at term 91 for DISCOVERED_A_NEW_TERM
2019-10-19 01:04:39,115 [IPC Server listener on 39770] INFO  ipc.Server (Server.java:run(1185)) - Stopping IPC Server listener on 39770
2019-10-19 01:04:39,112 [a54795b0-6c9c-4137-a866-f82f653c9bf9@group-FB3B7D7D89E3-LeaderElection170] INFO  impl.RaftServerImpl (RaftServerImpl.java:setRole(184)) - a54795b0-6c9c-4137-a866-f82f653c9bf9@group-FB3B7D7D89E3: changes role from CANDIDATE to FOLLOWER at term 89 for DISCOVERED_A_NEW_TERM
2019-10-19 01:04:39,119 [a54795b0-6c9c-4137-a866-f82f653c9bf9@group-FB3B7D7D89E3-LeaderElection170] INFO  impl.RoleInfo (RoleInfo.java:shutdownLeaderElection(134)) - a54795b0-6c9c-4137-a866-f82f653c9bf9: shutdown LeaderElection
2019-10-19 01:04:39,119 [IPC Server Responder] INFO  ipc.Server (Server.java:run(1319)) - Stopping IPC Server Responder
2019-10-19 01:04:39,118 [main] INFO  ratis.OzoneManagerDoubleBuffer (OzoneManagerDoubleBuffer.java:stop(255)) - Stopping OMDoubleBuffer flush thread
2019-10-19 01:04:39,115 [a1c78c0e-869c-4f76-b4ce-2034448e0b80@group-D48B69A44692-LeaderElection171] INFO  impl.RoleInfo (RoleInfo.java:shutdownLeaderElection(134)) - a1c78c0e-869c-4f76-b4ce-2034448e0b80: shutdown LeaderElection
2019-10-19 01:04:39,123 [a54795b0-6c9c-4137-a866-f82f653c9bf9@group-FB3B7D7D89E3-LeaderElection170] INFO  impl.RoleInfo (RoleInfo.java:updateAndGet(143)) - a54795b0-6c9c-4137-a866-f82f653c9bf9: start FollowerState
2019-10-19 01:04:39,125 [a1c78c0e-869c-4f76-b4ce-2034448e0b80@group-D48B69A44692-LeaderElection171] INFO  impl.RoleInfo (RoleInfo.java:updateAndGet(143)) - a1c78c0e-869c-4f76-b4ce-2034448e0b80: start FollowerState
2019-10-19 01:04:39,125 [OMDoubleBufferFlushThread] INFO  ratis.OzoneManagerDoubleBuffer (OzoneManagerDoubleBuffer.java:flushTransactions(198)) - OMDoubleBuffer flush thread OMDoubleBufferFlushThread is interrupted and will exit. OMDoubleBufferFlushThread
2019-10-19 01:04:39,133 [Thread-1556] INFO  impl.FollowerState (FollowerState.java:run(108)) - a1c78c0e-869c-4f76-b4ce-2034448e0b80@group-D48B69A44692-FollowerState: change to CANDIDATE, lastRpcTime:7ms, electionTimeout:4ms
2019-10-19 01:04:39,133 [Thread-1556] INFO  impl.RoleInfo (RoleInfo.java:shutdownFollowerState(121)) - a1c78c0e-869c-4f76-b4ce-2034448e0b80: shutdown FollowerState
2019-10-19 01:04:39,133 [Thread-1556] INFO  impl.RaftServerImpl (RaftServerImpl.java:setRole(184)) - a1c78c0e-869c-4f76-b4ce-2034448e0b80@group-D48B69A44692: changes role from  FOLLOWER to CANDIDATE at term 91 for changeToCandidate
2019-10-19 01:04:39,133 [main] INFO  utils.BackgroundService (BackgroundService.java:shutdown(151)) - Shutting down service KeyDeletingService
2019-10-19 01:04:39,133 [Thread-1556] INFO  impl.RoleInfo (RoleInfo.java:updateAndGet(143)) - a1c78c0e-869c-4f76-b4ce-2034448e0b80: start LeaderElection
2019-10-19 01:04:39,141 [main] INFO  handler.ContextHandler (ContextHandler.java:doStop(910)) - Stopped o.e.j.w.WebAppContext@12db3386{/,null,UNAVAILABLE}{/ozoneManager}
2019-10-19 01:04:39,147 [main] INFO  server.AbstractConnector (AbstractConnector.java:doStop(318)) - Stopped ServerConnector@4078695f{HTTP/1.1,[http/1.1]}{0.0.0.0:0}
2019-10-19 01:04:39,148 [main] INFO  handler.ContextHandler (ContextHandler.java:doStop(910)) - Stopped o.e.j.s.ServletContextHandler@30b2b76f{/static,file:///workdir/hadoop-ozone/integration-test/target/test-classes/webapps/static,UNAVAILABLE}
2019-10-19 01:04:39,148 [a1c78c0e-869c-4f76-b4ce-2034448e0b80@group-D48B69A44692-LeaderElection172] INFO  impl.LeaderElection (LeaderElection.java:askForVotes(178)) - a1c78c0e-869c-4f76-b4ce-2034448e0b80@group-D48B69A44692-LeaderElection172: begin an election at term 92 for -1: [51276c3c-a3b8-4274-b089-592ff4589f41:192.168.157.213:36639, 64c90977-e867-487c-b50d-c226f2d34a76:192.168.157.213:37433, a1c78c0e-869c-4f76-b4ce-2034448e0b80:192.168.157.213:33501], old=null
2019-10-19 01:04:39,148 [main] INFO  handler.ContextHandler (ContextHandler.java:doStop(910)) - Stopped o.e.j.s.ServletContextHandler@6b63d445{/logs,file:///workdir/hadoop-ozone/integration-test/target/log,UNAVAILABLE}
2019-10-19 01:04:39,150 [grpc-default-executor-1] INFO  impl.RaftServerImpl (RaftServerImpl.java:setRole(184)) - 51276c3c-a3b8-4274-b089-592ff4589f41@group-D48B69A44692: changes role from  FOLLOWER to FOLLOWER at term 92 for recognizeCandidate:a1c78c0e-869c-4f76-b4ce-2034448e0b80
2019-10-19 01:04:39,150 [grpc-default-executor-4] INFO  impl.RaftServerImpl (RaftServerImpl.java:setRole(184)) - 64c90977-e867-487c-b50d-c226f2d34a76@group-D48B69A44692: changes role from  FOLLOWER to FOLLOWER at term 92 for recognizeCandidate:a1c78c0e-869c-4f76-b4ce-2034448e0b80
2019-10-19 01:04:39,150 [grpc-default-executor-1] INFO  impl.RoleInfo (RoleInfo.java:shutdownFollowerState(121)) - 51276c3c-a3b8-4274-b089-592ff4589f41: shutdown FollowerState
2019-10-19 01:04:39,150 [grpc-default-executor-4] INFO  impl.RoleInfo (RoleInfo.java:shutdownFollowerState(121)) - 64c90977-e867-487c-b50d-c226f2d34a76: shutdown FollowerState
2019-10-19 01:04:39,151 [Thread-1542] INFO  impl.FollowerState (FollowerState.java:run(117)) - 51276c3c-a3b8-4274-b089-592ff4589f41@group-D48B69A44692-FollowerState was interrupted: java.lang.InterruptedException: sleep interrupted
2019-10-19 01:04:39,151 [grpc-default-executor-1] INFO  impl.RoleInfo (RoleInfo.java:updateAndGet(143)) - 51276c3c-a3b8-4274-b089-592ff4589f41: start FollowerState
2019-10-19 01:04:39,151 [grpc-default-executor-4] INFO  impl.RoleInfo (RoleInfo.java:updateAndGet(143)) - 64c90977-e867-487c-b50d-c226f2d34a76: start FollowerState
2019-10-19 01:04:39,151 [Thread-1547] INFO  impl.FollowerState (FollowerState.java:run(117)) - 64c90977-e867-487c-b50d-c226f2d34a76@group-D48B69A44692-FollowerState was interrupted: java.lang.InterruptedException: sleep interrupted
2019-10-19 01:04:39,165 [main] INFO  ozone.MiniOzoneClusterImpl (MiniOzoneClusterImpl.java:stopDatanodes(377)) - Stopping the HddsDatanodes
2019-10-19 01:04:39,169 [a1c78c0e-869c-4f76-b4ce-2034448e0b80@group-D48B69A44692-LeaderElection172] INFO  impl.LeaderElection (LeaderElection.java:logAndReturn(56)) - a1c78c0e-869c-4f76-b4ce-2034448e0b80@group-D48B69A44692-LeaderElection172: Election REJECTED; received 2 response(s) [a1c78c0e-869c-4f76-b4ce-2034448e0b80<-51276c3c-a3b8-4274-b089-592ff4589f41#0:FAIL-t92, a1c78c0e-869c-4f76-b4ce-2034448e0b80<-64c90977-e867-487c-b50d-c226f2d34a76#0:FAIL-t92] and 0 exception(s); a1c78c0e-869c-4f76-b4ce-2034448e0b80@group-D48B69A44692:t92, leader=null, voted=a1c78c0e-869c-4f76-b4ce-2034448e0b80, raftlog=a1c78c0e-869c-4f76-b4ce-2034448e0b80@group-D48B69A44692-SegmentedRaftLog:OPENED:c-1,f-1,i0, conf=-1: [51276c3c-a3b8-4274-b089-592ff4589f41:192.168.157.213:36639, 64c90977-e867-487c-b50d-c226f2d34a76:192.168.157.213:37433, a1c78c0e-869c-4f76-b4ce-2034448e0b80:192.168.157.213:33501], old=null
2019-10-19 01:04:39,169 [a1c78c0e-869c-4f76-b4ce-2034448e0b80@group-D48B69A44692-LeaderElection172] INFO  impl.RaftServerImpl (RaftServerImpl.java:setRole(184)) - a1c78c0e-869c-4f76-b4ce-2034448e0b80@group-D48B69A44692: changes role from CANDIDATE to FOLLOWER at term 92 for DISCOVERED_A_NEW_TERM
2019-10-19 01:04:39,169 [a1c78c0e-869c-4f76-b4ce-2034448e0b80@group-D48B69A44692-LeaderElection172] INFO  impl.RoleInfo (RoleInfo.java:shutdownLeaderElection(134)) - a1c78c0e-869c-4f76-b4ce-2034448e0b80: shutdown LeaderElection
2019-10-19 01:04:39,169 [a1c78c0e-869c-4f76-b4ce-2034448e0b80@group-D48B69A44692-LeaderElection172] INFO  impl.RoleInfo (RoleInfo.java:updateAndGet(143)) - a1c78c0e-869c-4f76-b4ce-2034448e0b80: start FollowerState
2019-10-19 01:04:39,171 [Thread-1555] INFO  impl.FollowerState (FollowerState.java:run(108)) - a54795b0-6c9c-4137-a866-f82f653c9bf9@group-FB3B7D7D89E3-FollowerState: change to CANDIDATE, lastRpcTime:47ms, electionTimeout:45ms
2019-10-19 01:04:39,171 [Thread-1555] INFO  impl.RoleInfo (RoleInfo.java:shutdownFollowerState(121)) - a54795b0-6c9c-4137-a866-f82f653c9bf9: shutdown FollowerState
2019-10-19 01:04:39,171 [Thread-1555] INFO  impl.RaftServerImpl (RaftServerImpl.java:setRole(184)) - a54795b0-6c9c-4137-a866-f82f653c9bf9@group-FB3B7D7D89E3: changes role from  FOLLOWER to CANDIDATE at term 89 for changeToCandidate
2019-10-19 01:04:39,171 [Thread-1555] INFO  impl.RoleInfo (RoleInfo.java:updateAndGet(143)) - a54795b0-6c9c-4137-a866-f82f653c9bf9: start LeaderElection
2019-10-19 01:04:39,176 [a54795b0-6c9c-4137-a866-f82f653c9bf9@group-FB3B7D7D89E3-LeaderElection173] INFO  impl.LeaderElection (LeaderElection.java:askForVotes(178)) - a54795b0-6c9c-4137-a866-f82f653c9bf9@group-FB3B7D7D89E3-LeaderElection173: begin an election at term 90 for -1: [a54795b0-6c9c-4137-a866-f82f653c9bf9:192.168.157.213:43688, b26a8d60-58dc-431d-8168-f89a9ab35f3a:192.168.157.213:35535, 16805c57-9f45-4377-8998-764a8f26e152:192.168.157.213:33728], old=null
2019-10-19 01:04:39,178 [grpc-default-executor-4] INFO  impl.RaftServerImpl (RaftServerImpl.java:setRole(184)) - b26a8d60-58dc-431d-8168-f89a9ab35f3a@group-FB3B7D7D89E3: changes role from  FOLLOWER to FOLLOWER at term 90 for recognizeCandidate:a54795b0-6c9c-4137-a866-f82f653c9bf9
2019-10-19 01:04:39,178 [grpc-default-executor-1] INFO  impl.RaftServerImpl (RaftServerImpl.java:setRole(184)) - 16805c57-9f45-4377-8998-764a8f26e152@group-FB3B7D7D89E3: changes role from  FOLLOWER to FOLLOWER at term 90 for recognizeCandidate:a54795b0-6c9c-4137-a866-f82f653c9bf9
2019-10-19 01:04:39,178 [grpc-default-executor-4] INFO  impl.RoleInfo (RoleInfo.java:shutdownFollowerState(121)) - b26a8d60-58dc-431d-8168-f89a9ab35f3a: shutdown FollowerState
2019-10-19 01:04:39,178 [grpc-default-executor-1] INFO  impl.RoleInfo (RoleInfo.java:shutdownFollowerState(121)) - 16805c57-9f45-4377-8998-764a8f26e152: shutdown FollowerState
2019-10-19 01:04:39,178 [Thread-1545] INFO  impl.FollowerState (FollowerState.java:run(117)) - b26a8d60-58dc-431d-8168-f89a9ab35f3a@group-FB3B7D7D89E3-FollowerState was interrupted: java.lang.InterruptedException: sleep interrupted
2019-10-19 01:04:39,178 [grpc-default-executor-4] INFO  impl.RoleInfo (RoleInfo.java:updateAndGet(143)) - b26a8d60-58dc-431d-8168-f89a9ab35f3a: start FollowerState
2019-10-19 01:04:39,178 [grpc-default-executor-1] INFO  impl.RoleInfo (RoleInfo.java:updateAndGet(143)) - 16805c57-9f45-4377-8998-764a8f26e152: start FollowerState
2019-10-19 01:04:39,178 [Thread-1546] INFO  impl.FollowerState (FollowerState.java:run(117)) - 16805c57-9f45-4377-8998-764a8f26e152@group-FB3B7D7D89E3-FollowerState was interrupted: java.lang.InterruptedException: sleep interrupted
2019-10-19 01:04:39,194 [a54795b0-6c9c-4137-a866-f82f653c9bf9@group-FB3B7D7D89E3-LeaderElection173] INFO  impl.LeaderElection (LeaderElection.java:logAndReturn(56)) - a54795b0-6c9c-4137-a866-f82f653c9bf9@group-FB3B7D7D89E3-LeaderElection173: Election REJECTED; received 2 response(s) [a54795b0-6c9c-4137-a866-f82f653c9bf9<-b26a8d60-58dc-431d-8168-f89a9ab35f3a#0:FAIL-t90, a54795b0-6c9c-4137-a866-f82f653c9bf9<-16805c57-9f45-4377-8998-764a8f26e152#0:FAIL-t90] and 0 exception(s); a54795b0-6c9c-4137-a866-f82f653c9bf9@group-FB3B7D7D89E3:t90, leader=null, voted=a54795b0-6c9c-4137-a866-f82f653c9bf9, raftlog=a54795b0-6c9c-4137-a866-f82f653c9bf9@group-FB3B7D7D89E3-SegmentedRaftLog:OPENED:c-1,f-1,i0, conf=-1: [a54795b0-6c9c-4137-a866-f82f653c9bf9:192.168.157.213:43688, b26a8d60-58dc-431d-8168-f89a9ab35f3a:192.168.157.213:35535, 16805c57-9f45-4377-8998-764a8f26e152:192.168.157.213:33728], old=null
2019-10-19 01:04:39,194 [a54795b0-6c9c-4137-a866-f82f653c9bf9@group-FB3B7D7D89E3-LeaderElection173] INFO  impl.RaftServerImpl (RaftServerImpl.java:setRole(184)) - a54795b0-6c9c-4137-a866-f82f653c9bf9@group-FB3B7D7D89E3: changes role from CANDIDATE to FOLLOWER at term 90 for DISCOVERED_A_NEW_TERM
2019-10-19 01:04:39,194 [a54795b0-6c9c-4137-a866-f82f653c9bf9@group-FB3B7D7D89E3-LeaderElection173] INFO  impl.RoleInfo (RoleInfo.java:shutdownLeaderElection(134)) - a54795b0-6c9c-4137-a866-f82f653c9bf9: shutdown LeaderElection
2019-10-19 01:04:39,194 [a54795b0-6c9c-4137-a866-f82f653c9bf9@group-FB3B7D7D89E3-LeaderElection173] INFO  impl.RoleInfo (RoleInfo.java:updateAndGet(143)) - a54795b0-6c9c-4137-a866-f82f653c9bf9: start FollowerState
2019-10-19 01:04:39,235 [Thread-1568] INFO  impl.FollowerState (FollowerState.java:run(108)) - a54795b0-6c9c-4137-a866-f82f653c9bf9@group-FB3B7D7D89E3-FollowerState: change to CANDIDATE, lastRpcTime:40ms, electionTimeout:39ms
2019-10-19 01:04:39,235 [Thread-1568] INFO  impl.RoleInfo (RoleInfo.java:shutdownFollowerState(121)) - a54795b0-6c9c-4137-a866-f82f653c9bf9: shutdown FollowerState
2019-10-19 01:04:39,235 [Thread-1568] INFO  impl.RaftServerImpl (RaftServerImpl.java:setRole(184)) - a54795b0-6c9c-4137-a866-f82f653c9bf9@group-FB3B7D7D89E3: changes role from  FOLLOWER to CANDIDATE at term 90 for changeToCandidate
2019-10-19 01:04:39,235 [Thread-1568] INFO  impl.RoleInfo (RoleInfo.java:updateAndGet(143)) - a54795b0-6c9c-4137-a866-f82f653c9bf9: start LeaderElection
2019-10-19 01:04:39,240 [a54795b0-6c9c-4137-a866-f82f653c9bf9@group-FB3B7D7D89E3-LeaderElection174] INFO  impl.LeaderElection (LeaderElection.java:askForVotes(178)) - a54795b0-6c9c-4137-a866-f82f653c9bf9@group-FB3B7D7D89E3-LeaderElection174: begin an election at term 91 for -1: [a54795b0-6c9c-4137-a866-f82f653c9bf9:192.168.157.213:43688, b26a8d60-58dc-431d-8168-f89a9ab35f3a:192.168.157.213:35535, 16805c57-9f45-4377-8998-764a8f26e152:192.168.157.213:33728], old=null
2019-10-19 01:04:39,242 [grpc-default-executor-1] INFO  impl.RaftServerImpl (RaftServerImpl.java:setRole(184)) - 16805c57-9f45-4377-8998-764a8f26e152@group-FB3B7D7D89E3: changes role from  FOLLOWER to FOLLOWER at term 91 for recognizeCandidate:a54795b0-6c9c-4137-a866-f82f653c9bf9
2019-10-19 01:04:39,242 [grpc-default-executor-4] INFO  impl.RaftServerImpl (RaftServerImpl.java:setRole(184)) - b26a8d60-58dc-431d-8168-f89a9ab35f3a@group-FB3B7D7D89E3: changes role from  FOLLOWER to FOLLOWER at term 91 for recognizeCandidate:a54795b0-6c9c-4137-a866-f82f653c9bf9
2019-10-19 01:04:39,242 [grpc-default-executor-1] INFO  impl.RoleInfo (RoleInfo.java:shutdownFollowerState(121)) - 16805c57-9f45-4377-8998-764a8f26e152: shutdown FollowerState
2019-10-19 01:04:39,242 [grpc-default-executor-4] INFO  impl.RoleInfo (RoleInfo.java:shutdownFollowerState(121)) - b26a8d60-58dc-431d-8168-f89a9ab35f3a: shutdown FollowerState
2019-10-19 01:04:39,242 [grpc-default-executor-1] INFO  impl.RoleInfo (RoleInfo.java:updateAndGet(143)) - 16805c57-9f45-4377-8998-764a8f26e152: start FollowerState
2019-10-19 01:04:39,242 [Thread-1566] INFO  impl.FollowerState (FollowerState.java:run(117)) - b26a8d60-58dc-431d-8168-f89a9ab35f3a@group-FB3B7D7D89E3-FollowerState was interrupted: java.lang.InterruptedException: sleep interrupted
2019-10-19 01:04:39,242 [grpc-default-executor-4] INFO  impl.RoleInfo (RoleInfo.java:updateAndGet(143)) - b26a8d60-58dc-431d-8168-f89a9ab35f3a: start FollowerState
2019-10-19 01:04:39,242 [Thread-1567] INFO  impl.FollowerState (FollowerState.java:run(117)) - 16805c57-9f45-4377-8998-764a8f26e152@group-FB3B7D7D89E3-FollowerState was interrupted: java.lang.InterruptedException: sleep interrupted
2019-10-19 01:04:39,248 [a54795b0-6c9c-4137-a866-f82f653c9bf9@group-FB3B7D7D89E3-LeaderElection174] INFO  impl.LeaderElection (LeaderElection.java:logAndReturn(56)) - a54795b0-6c9c-4137-a866-f82f653c9bf9@group-FB3B7D7D89E3-LeaderElection174: Election REJECTED; received 2 response(s) [a54795b0-6c9c-4137-a866-f82f653c9bf9<-b26a8d60-58dc-431d-8168-f89a9ab35f3a#0:FAIL-t91, a54795b0-6c9c-4137-a866-f82f653c9bf9<-16805c57-9f45-4377-8998-764a8f26e152#0:FAIL-t91] and 0 exception(s); a54795b0-6c9c-4137-a866-f82f653c9bf9@group-FB3B7D7D89E3:t91, leader=null, voted=a54795b0-6c9c-4137-a866-f82f653c9bf9, raftlog=a54795b0-6c9c-4137-a866-f82f653c9bf9@group-FB3B7D7D89E3-SegmentedRaftLog:OPENED:c-1,f-1,i0, conf=-1: [a54795b0-6c9c-4137-a866-f82f653c9bf9:192.168.157.213:43688, b26a8d60-58dc-431d-8168-f89a9ab35f3a:192.168.157.213:35535, 16805c57-9f45-4377-8998-764a8f26e152:192.168.157.213:33728], old=null
2019-10-19 01:04:39,248 [a54795b0-6c9c-4137-a866-f82f653c9bf9@group-FB3B7D7D89E3-LeaderElection174] INFO  impl.RaftServerImpl (RaftServerImpl.java:setRole(184)) - a54795b0-6c9c-4137-a866-f82f653c9bf9@group-FB3B7D7D89E3: changes role from CANDIDATE to FOLLOWER at term 91 for DISCOVERED_A_NEW_TERM
2019-10-19 01:04:39,248 [a54795b0-6c9c-4137-a866-f82f653c9bf9@group-FB3B7D7D89E3-LeaderElection174] INFO  impl.RoleInfo (RoleInfo.java:shutdownLeaderElection(134)) - a54795b0-6c9c-4137-a866-f82f653c9bf9: shutdown LeaderElection
2019-10-19 01:04:39,248 [a54795b0-6c9c-4137-a866-f82f653c9bf9@group-FB3B7D7D89E3-LeaderElection174] INFO  impl.RoleInfo (RoleInfo.java:updateAndGet(143)) - a54795b0-6c9c-4137-a866-f82f653c9bf9: start FollowerState
2019-10-19 01:04:39,336 [Thread-1562] INFO  impl.FollowerState (FollowerState.java:run(108)) - a1c78c0e-869c-4f76-b4ce-2034448e0b80@group-D48B69A44692-FollowerState: change to CANDIDATE, lastRpcTime:167ms, electionTimeout:167ms
2019-10-19 01:04:39,336 [Thread-1562] INFO  impl.RoleInfo (RoleInfo.java:shutdownFollowerState(121)) - a1c78c0e-869c-4f76-b4ce-2034448e0b80: shutdown FollowerState
2019-10-19 01:04:39,337 [Thread-1562] INFO  impl.RaftServerImpl (RaftServerImpl.java:setRole(184)) - a1c78c0e-869c-4f76-b4ce-2034448e0b80@group-D48B69A44692: changes role from  FOLLOWER to CANDIDATE at term 92 for changeToCandidate
2019-10-19 01:04:39,337 [Thread-1562] INFO  impl.RoleInfo (RoleInfo.java:updateAndGet(143)) - a1c78c0e-869c-4f76-b4ce-2034448e0b80: start LeaderElection
2019-10-19 01:04:39,344 [a1c78c0e-869c-4f76-b4ce-2034448e0b80@group-D48B69A44692-LeaderElection175] INFO  impl.LeaderElection (LeaderElection.java:askForVotes(178)) - a1c78c0e-869c-4f76-b4ce-2034448e0b80@group-D48B69A44692-LeaderElection175: begin an election at term 93 for -1: [51276c3c-a3b8-4274-b089-592ff4589f41:192.168.157.213:36639, 64c90977-e867-487c-b50d-c226f2d34a76:192.168.157.213:37433, a1c78c0e-869c-4f76-b4ce-2034448e0b80:192.168.157.213:33501], old=null
2019-10-19 01:04:39,346 [grpc-default-executor-4] INFO  impl.RaftServerImpl (RaftServerImpl.java:setRole(184)) - 64c90977-e867-487c-b50d-c226f2d34a76@group-D48B69A44692: changes role from  FOLLOWER to FOLLOWER at term 93 for recognizeCandidate:a1c78c0e-869c-4f76-b4ce-2034448e0b80
2019-10-19 01:04:39,346 [grpc-default-executor-1] INFO  impl.RaftServerImpl (RaftServerImpl.java:setRole(184)) - 51276c3c-a3b8-4274-b089-592ff4589f41@group-D48B69A44692: changes role from  FOLLOWER to FOLLOWER at term 93 for recognizeCandidate:a1c78c0e-869c-4f76-b4ce-2034448e0b80
2019-10-19 01:04:39,346 [grpc-default-executor-4] INFO  impl.RoleInfo (RoleInfo.java:shutdownFollowerState(121)) - 64c90977-e867-487c-b50d-c226f2d34a76: shutdown FollowerState
2019-10-19 01:04:39,346 [grpc-default-executor-1] INFO  impl.RoleInfo (RoleInfo.java:shutdownFollowerState(121)) - 51276c3c-a3b8-4274-b089-592ff4589f41: shutdown FollowerState
2019-10-19 01:04:39,346 [Thread-1561] INFO  impl.FollowerState (FollowerState.java:run(117)) - 64c90977-e867-487c-b50d-c226f2d34a76@group-D48B69A44692-FollowerState was interrupted: java.lang.InterruptedException: sleep interrupted
2019-10-19 01:04:39,346 [Thread-1560] INFO  impl.FollowerState (FollowerState.java:run(117)) - 51276c3c-a3b8-4274-b089-592ff4589f41@group-D48B69A44692-FollowerState was interrupted: java.lang.InterruptedException: sleep interrupted
2019-10-19 01:04:39,346 [grpc-default-executor-4] INFO  impl.RoleInfo (RoleInfo.java:updateAndGet(143)) - 64c90977-e867-487c-b50d-c226f2d34a76: start FollowerState
2019-10-19 01:04:39,346 [grpc-default-executor-1] INFO  impl.RoleInfo (RoleInfo.java:updateAndGet(143)) - 51276c3c-a3b8-4274-b089-592ff4589f41: start FollowerState
2019-10-19 01:04:39,363 [a1c78c0e-869c-4f76-b4ce-2034448e0b80@group-D48B69A44692-LeaderElection175] INFO  impl.LeaderElection (LeaderElection.java:logAndReturn(56)) - a1c78c0e-869c-4f76-b4ce-2034448e0b80@group-D48B69A44692-LeaderElection175: Election REJECTED; received 2 response(s) [a1c78c0e-869c-4f76-b4ce-2034448e0b80<-51276c3c-a3b8-4274-b089-592ff4589f41#0:FAIL-t93, a1c78c0e-869c-4f76-b4ce-2034448e0b80<-64c90977-e867-487c-b50d-c226f2d34a76#0:FAIL-t93] and 0 exception(s); a1c78c0e-869c-4f76-b4ce-2034448e0b80@group-D48B69A44692:t93, leader=null, voted=a1c78c0e-869c-4f76-b4ce-2034448e0b80, raftlog=a1c78c0e-869c-4f76-b4ce-2034448e0b80@group-D48B69A44692-SegmentedRaftLog:OPENED:c-1,f-1,i0, conf=-1: [51276c3c-a3b8-4274-b089-592ff4589f41:192.168.157.213:36639, 64c90977-e867-487c-b50d-c226f2d34a76:192.168.157.213:37433, a1c78c0e-869c-4f76-b4ce-2034448e0b80:192.168.157.213:33501], old=null
2019-10-19 01:04:39,363 [a1c78c0e-869c-4f76-b4ce-2034448e0b80@group-D48B69A44692-LeaderElection175] INFO  impl.RaftServerImpl (RaftServerImpl.java:setRole(184)) - a1c78c0e-869c-4f76-b4ce-2034448e0b80@group-D48B69A44692: changes role from CANDIDATE to FOLLOWER at term 93 for DISCOVERED_A_NEW_TERM
2019-10-19 01:04:39,363 [a1c78c0e-869c-4f76-b4ce-2034448e0b80@group-D48B69A44692-LeaderElection175] INFO  impl.RoleInfo (RoleInfo.java:shutdownLeaderElection(134)) - a1c78c0e-869c-4f76-b4ce-2034448e0b80: shutdown LeaderElection
2019-10-19 01:04:39,363 [a1c78c0e-869c-4f76-b4ce-2034448e0b80@group-D48B69A44692-LeaderElection175] INFO  impl.RoleInfo (RoleInfo.java:updateAndGet(143)) - a1c78c0e-869c-4f76-b4ce-2034448e0b80: start FollowerState
2019-10-19 01:04:39,390 [Thread-1593] INFO  impl.FollowerState (FollowerState.java:run(108)) - a1c78c0e-869c-4f76-b4ce-2034448e0b80@group-D48B69A44692-FollowerState: change to CANDIDATE, lastRpcTime:27ms, electionTimeout:27ms
2019-10-19 01:04:39,390 [Thread-1593] INFO  impl.RoleInfo (RoleInfo.java:shutdownFollowerState(121)) - a1c78c0e-869c-4f76-b4ce-2034448e0b80: shutdown FollowerState
2019-10-19 01:04:39,390 [Thread-1593] INFO  impl.RaftServerImpl (RaftServerImpl.java:setRole(184)) - a1c78c0e-869c-4f76-b4ce-2034448e0b80@group-D48B69A44692: changes role from  FOLLOWER to CANDIDATE at term 93 for changeToCandidate
2019-10-19 01:04:39,390 [Thread-1593] INFO  impl.RoleInfo (RoleInfo.java:updateAndGet(143)) - a1c78c0e-869c-4f76-b4ce-2034448e0b80: start LeaderElection
2019-10-19 01:04:39,426 [a1c78c0e-869c-4f76-b4ce-2034448e0b80@group-D48B69A44692-LeaderElection176] INFO  impl.LeaderElection (LeaderElection.java:askForVotes(178)) - a1c78c0e-869c-4f76-b4ce-2034448e0b80@group-D48B69A44692-LeaderElection176: begin an election at term 94 for -1: [51276c3c-a3b8-4274-b089-592ff4589f41:192.168.157.213:36639, 64c90977-e867-487c-b50d-c226f2d34a76:192.168.157.213:37433, a1c78c0e-869c-4f76-b4ce-2034448e0b80:192.168.157.213:33501], old=null
2019-10-19 01:04:39,429 [grpc-default-executor-4] INFO  impl.RaftServerImpl (RaftServerImpl.java:setRole(184)) - 64c90977-e867-487c-b50d-c226f2d34a76@group-D48B69A44692: changes role from  FOLLOWER to FOLLOWER at term 94 for recognizeCandidate:a1c78c0e-869c-4f76-b4ce-2034448e0b80
2019-10-19 01:04:39,429 [grpc-default-executor-1] INFO  impl.RaftServerImpl (RaftServerImpl.java:setRole(184)) - 51276c3c-a3b8-4274-b089-592ff4589f41@group-D48B69A44692: changes role from  FOLLOWER to FOLLOWER at term 94 for recognizeCandidate:a1c78c0e-869c-4f76-b4ce-2034448e0b80
2019-10-19 01:04:39,429 [grpc-default-executor-1] INFO  impl.RoleInfo (RoleInfo.java:shutdownFollowerState(121)) - 51276c3c-a3b8-4274-b089-592ff4589f41: shutdown FollowerState
2019-10-19 01:04:39,429 [grpc-default-executor-4] INFO  impl.RoleInfo (RoleInfo.java:shutdownFollowerState(121)) - 64c90977-e867-487c-b50d-c226f2d34a76: shutdown FollowerState
2019-10-19 01:04:39,429 [Thread-1592] INFO  impl.FollowerState (FollowerState.java:run(117)) - 51276c3c-a3b8-4274-b089-592ff4589f41@group-D48B69A44692-FollowerState was interrupted: java.lang.InterruptedException: sleep interrupted
2019-10-19 01:04:39,429 [grpc-default-executor-1] INFO  impl.RoleInfo (RoleInfo.java:updateAndGet(143)) - 51276c3c-a3b8-4274-b089-592ff4589f41: start FollowerState
2019-10-19 01:04:39,429 [Thread-1591] INFO  impl.FollowerState (FollowerState.java:run(117)) - 64c90977-e867-487c-b50d-c226f2d34a76@group-D48B69A44692-FollowerState was interrupted: java.lang.InterruptedException: sleep interrupted
2019-10-19 01:04:39,429 [grpc-default-executor-4] INFO  impl.RoleInfo (RoleInfo.java:updateAndGet(143)) - 64c90977-e867-487c-b50d-c226f2d34a76: start FollowerState
2019-10-19 01:04:39,444 [a1c78c0e-869c-4f76-b4ce-2034448e0b80@group-D48B69A44692-LeaderElection176] INFO  impl.LeaderElection (LeaderElection.java:logAndReturn(56)) - a1c78c0e-869c-4f76-b4ce-2034448e0b80@group-D48B69A44692-LeaderElection176: Election REJECTED; received 2 response(s) [a1c78c0e-869c-4f76-b4ce-2034448e0b80<-51276c3c-a3b8-4274-b089-592ff4589f41#0:FAIL-t94, a1c78c0e-869c-4f76-b4ce-2034448e0b80<-64c90977-e867-487c-b50d-c226f2d34a76#0:FAIL-t94] and 0 exception(s); a1c78c0e-869c-4f76-b4ce-2034448e0b80@group-D48B69A44692:t94, leader=null, voted=a1c78c0e-869c-4f76-b4ce-2034448e0b80, raftlog=a1c78c0e-869c-4f76-b4ce-2034448e0b80@group-D48B69A44692-SegmentedRaftLog:OPENED:c-1,f-1,i0, conf=-1: [51276c3c-a3b8-4274-b089-592ff4589f41:192.168.157.213:36639, 64c90977-e867-487c-b50d-c226f2d34a76:192.168.157.213:37433, a1c78c0e-869c-4f76-b4ce-2034448e0b80:192.168.157.213:33501], old=null
2019-10-19 01:04:39,444 [a1c78c0e-869c-4f76-b4ce-2034448e0b80@group-D48B69A44692-LeaderElection176] INFO  impl.RaftServerImpl (RaftServerImpl.java:setRole(184)) - a1c78c0e-869c-4f76-b4ce-2034448e0b80@group-D48B69A44692: changes role from CANDIDATE to FOLLOWER at term 94 for DISCOVERED_A_NEW_TERM
2019-10-19 01:04:39,444 [a1c78c0e-869c-4f76-b4ce-2034448e0b80@group-D48B69A44692-LeaderElection176] INFO  impl.RoleInfo (RoleInfo.java:shutdownLeaderElection(134)) - a1c78c0e-869c-4f76-b4ce-2034448e0b80: shutdown LeaderElection
2019-10-19 01:04:39,445 [a1c78c0e-869c-4f76-b4ce-2034448e0b80@group-D48B69A44692-LeaderElection176] INFO  impl.RoleInfo (RoleInfo.java:updateAndGet(143)) - a1c78c0e-869c-4f76-b4ce-2034448e0b80: start FollowerState
2019-10-19 01:04:39,446 [Thread-1586] INFO  impl.FollowerState (FollowerState.java:run(108)) - a54795b0-6c9c-4137-a866-f82f653c9bf9@group-FB3B7D7D89E3-FollowerState: change to CANDIDATE, lastRpcTime:198ms, electionTimeout:198ms
2019-10-19 01:04:39,447 [Thread-1586] INFO  impl.RoleInfo (RoleInfo.java:shutdownFollowerState(121)) - a54795b0-6c9c-4137-a866-f82f653c9bf9: shutdown FollowerState
2019-10-19 01:04:39,447 [Thread-1586] INFO  impl.RaftServerImpl (RaftServerImpl.java:setRole(184)) - a54795b0-6c9c-4137-a866-f82f653c9bf9@group-FB3B7D7D89E3: changes role from  FOLLOWER to CANDIDATE at term 91 for changeToCandidate
2019-10-19 01:04:39,447 [Thread-1586] INFO  impl.RoleInfo (RoleInfo.java:updateAndGet(143)) - a54795b0-6c9c-4137-a866-f82f653c9bf9: start LeaderElection
2019-10-19 01:04:39,459 [Thread-1599] INFO  impl.FollowerState (FollowerState.java:run(108)) - a1c78c0e-869c-4f76-b4ce-2034448e0b80@group-D48B69A44692-FollowerState: change to CANDIDATE, lastRpcTime:14ms, electionTimeout:14ms
2019-10-19 01:04:39,459 [Thread-1599] INFO  impl.RoleInfo (RoleInfo.java:shutdownFollowerState(121)) - a1c78c0e-869c-4f76-b4ce-2034448e0b80: shutdown FollowerState
2019-10-19 01:04:39,459 [Thread-1599] INFO  impl.RaftServerImpl (RaftServerImpl.java:setRole(184)) - a1c78c0e-869c-4f76-b4ce-2034448e0b80@group-D48B69A44692: changes role from  FOLLOWER to CANDIDATE at term 94 for changeToCandidate
2019-10-19 01:04:39,459 [Thread-1599] INFO  impl.RoleInfo (RoleInfo.java:updateAndGet(143)) - a1c78c0e-869c-4f76-b4ce-2034448e0b80: start LeaderElection
2019-10-19 01:04:39,460 [a54795b0-6c9c-4137-a866-f82f653c9bf9@group-FB3B7D7D89E3-LeaderElection177] INFO  impl.LeaderElection (LeaderElection.java:askForVotes(178)) - a54795b0-6c9c-4137-a866-f82f653c9bf9@group-FB3B7D7D89E3-LeaderElection177: begin an election at term 92 for -1: [a54795b0-6c9c-4137-a866-f82f653c9bf9:192.168.157.213:43688, b26a8d60-58dc-431d-8168-f89a9ab35f3a:192.168.157.213:35535, 16805c57-9f45-4377-8998-764a8f26e152:192.168.157.213:33728], old=null
2019-10-19 01:04:39,462 [grpc-default-executor-1] INFO  impl.RaftServerImpl (RaftServerImpl.java:setRole(184)) - b26a8d60-58dc-431d-8168-f89a9ab35f3a@group-FB3B7D7D89E3: changes role from  FOLLOWER to FOLLOWER at term 92 for recognizeCandidate:a54795b0-6c9c-4137-a866-f82f653c9bf9
2019-10-19 01:04:39,462 [grpc-default-executor-1] INFO  impl.RoleInfo (RoleInfo.java:shutdownFollowerState(121)) - b26a8d60-58dc-431d-8168-f89a9ab35f3a: shutdown FollowerState
2019-10-19 01:04:39,462 [grpc-default-executor-4] INFO  impl.RaftServerImpl (RaftServerImpl.java:setRole(184)) - 16805c57-9f45-4377-8998-764a8f26e152@group-FB3B7D7D89E3: changes role from  FOLLOWER to FOLLOWER at term 92 for recognizeCandidate:a54795b0-6c9c-4137-a866-f82f653c9bf9
2019-10-19 01:04:39,463 [Thread-1585] INFO  impl.FollowerState (FollowerState.java:run(117)) - b26a8d60-58dc-431d-8168-f89a9ab35f3a@group-FB3B7D7D89E3-FollowerState was interrupted: java.lang.InterruptedException: sleep interrupted
2019-10-19 01:04:39,463 [grpc-default-executor-1] INFO  impl.RoleInfo (RoleInfo.java:updateAndGet(143)) - b26a8d60-58dc-431d-8168-f89a9ab35f3a: start FollowerState
2019-10-19 01:04:39,463 [grpc-default-executor-4] INFO  impl.RoleInfo (RoleInfo.java:shutdownFollowerState(121)) - 16805c57-9f45-4377-8998-764a8f26e152: shutdown FollowerState
2019-10-19 01:04:39,463 [grpc-default-executor-4] INFO  impl.RoleInfo (RoleInfo.java:updateAndGet(143)) - 16805c57-9f45-4377-8998-764a8f26e152: start FollowerState
2019-10-19 01:04:39,463 [Thread-1584] INFO  impl.FollowerState (FollowerState.java:run(117)) - 16805c57-9f45-4377-8998-764a8f26e152@group-FB3B7D7D89E3-FollowerState was interrupted: java.lang.InterruptedException: sleep interrupted
2019-10-19 01:04:39,474 [a1c78c0e-869c-4f76-b4ce-2034448e0b80@group-D48B69A44692-LeaderElection178] INFO  impl.LeaderElection (LeaderElection.java:askForVotes(178)) - a1c78c0e-869c-4f76-b4ce-2034448e0b80@group-D48B69A44692-LeaderElection178: begin an election at term 95 for -1: [51276c3c-a3b8-4274-b089-592ff4589f41:192.168.157.213:36639, 64c90977-e867-487c-b50d-c226f2d34a76:192.168.157.213:37433, a1c78c0e-869c-4f76-b4ce-2034448e0b80:192.168.157.213:33501], old=null
2019-10-19 01:04:39,474 [a54795b0-6c9c-4137-a866-f82f653c9bf9@group-FB3B7D7D89E3-LeaderElection177] INFO  impl.LeaderElection (LeaderElection.java:logAndReturn(56)) - a54795b0-6c9c-4137-a866-f82f653c9bf9@group-FB3B7D7D89E3-LeaderElection177: Election REJECTED; received 2 response(s) [a54795b0-6c9c-4137-a866-f82f653c9bf9<-b26a8d60-58dc-431d-8168-f89a9ab35f3a#0:FAIL-t92, a54795b0-6c9c-4137-a866-f82f653c9bf9<-16805c57-9f45-4377-8998-764a8f26e152#0:FAIL-t92] and 0 exception(s); a54795b0-6c9c-4137-a866-f82f653c9bf9@group-FB3B7D7D89E3:t92, leader=null, voted=a54795b0-6c9c-4137-a866-f82f653c9bf9, raftlog=a54795b0-6c9c-4137-a866-f82f653c9bf9@group-FB3B7D7D89E3-SegmentedRaftLog:OPENED:c-1,f-1,i0, conf=-1: [a54795b0-6c9c-4137-a866-f82f653c9bf9:192.168.157.213:43688, b26a8d60-58dc-431d-8168-f89a9ab35f3a:192.168.157.213:35535, 16805c57-9f45-4377-8998-764a8f26e152:192.168.157.213:33728], old=null
2019-10-19 01:04:39,475 [a54795b0-6c9c-4137-a866-f82f653c9bf9@group-FB3B7D7D89E3-LeaderElection177] INFO  impl.RaftServerImpl (RaftServerImpl.java:setRole(184)) - a54795b0-6c9c-4137-a866-f82f653c9bf9@group-FB3B7D7D89E3: changes role from CANDIDATE to FOLLOWER at term 92 for DISCOVERED_A_NEW_TERM
2019-10-19 01:04:39,475 [a54795b0-6c9c-4137-a866-f82f653c9bf9@group-FB3B7D7D89E3-LeaderElection177] INFO  impl.RoleInfo (RoleInfo.java:shutdownLeaderElection(134)) - a54795b0-6c9c-4137-a866-f82f653c9bf9: shutdown LeaderElection
2019-10-19 01:04:39,475 [a54795b0-6c9c-4137-a866-f82f653c9bf9@group-FB3B7D7D89E3-LeaderElection177] INFO  impl.RoleInfo (RoleInfo.java:updateAndGet(143)) - a54795b0-6c9c-4137-a866-f82f653c9bf9: start FollowerState
2019-10-19 01:04:39,476 [grpc-default-executor-4] INFO  impl.RaftServerImpl (RaftServerImpl.java:setRole(184)) - 51276c3c-a3b8-4274-b089-592ff4589f41@group-D48B69A44692: changes role from  FOLLOWER to FOLLOWER at term 95 for recognizeCandidate:a1c78c0e-869c-4f76-b4ce-2034448e0b80
2019-10-19 01:04:39,476 [grpc-default-executor-4] INFO  impl.RoleInfo (RoleInfo.java:shutdownFollowerState(121)) - 51276c3c-a3b8-4274-b089-592ff4589f41: shutdown FollowerState
2019-10-19 01:04:39,476 [grpc-default-executor-1] INFO  impl.RaftServerImpl (RaftServerImpl.java:setRole(184)) - 64c90977-e867-487c-b50d-c226f2d34a76@group-D48B69A44692: changes role from  FOLLOWER to FOLLOWER at term 95 for recognizeCandidate:a1c78c0e-869c-4f76-b4ce-2034448e0b80
2019-10-19 01:04:39,476 [Thread-1597] INFO  impl.FollowerState (FollowerState.java:run(117)) - 51276c3c-a3b8-4274-b089-592ff4589f41@group-D48B69A44692-FollowerState was interrupted: java.lang.InterruptedException: sleep interrupted
2019-10-19 01:04:39,476 [grpc-default-executor-4] INFO  impl.RoleInfo (RoleInfo.java:updateAndGet(143)) - 51276c3c-a3b8-4274-b089-592ff4589f41: start FollowerState
2019-10-19 01:04:39,476 [grpc-default-executor-1] INFO  impl.RoleInfo (RoleInfo.java:shutdownFollowerState(121)) - 64c90977-e867-487c-b50d-c226f2d34a76: shutdown FollowerState
2019-10-19 01:04:39,476 [grpc-default-executor-1] INFO  impl.RoleInfo (RoleInfo.java:updateAndGet(143)) - 64c90977-e867-487c-b50d-c226f2d34a76: start FollowerState
2019-10-19 01:04:39,476 [Thread-1598] INFO  impl.FollowerState (FollowerState.java:run(117)) - 64c90977-e867-487c-b50d-c226f2d34a76@group-D48B69A44692-FollowerState was interrupted: java.lang.InterruptedException: sleep interrupted
2019-10-19 01:04:39,497 [a1c78c0e-869c-4f76-b4ce-2034448e0b80@group-D48B69A44692-LeaderElection178] INFO  impl.LeaderElection (LeaderElection.java:logAndReturn(56)) - a1c78c0e-869c-4f76-b4ce-2034448e0b80@group-D48B69A44692-LeaderElection178: Election REJECTED; received 2 response(s) [a1c78c0e-869c-4f76-b4ce-2034448e0b80<-51276c3c-a3b8-4274-b089-592ff4589f41#0:FAIL-t95, a1c78c0e-869c-4f76-b4ce-2034448e0b80<-64c90977-e867-487c-b50d-c226f2d34a76#0:FAIL-t95] and 0 exception(s); a1c78c0e-869c-4f76-b4ce-2034448e0b80@group-D48B69A44692:t95, leader=null, voted=a1c78c0e-869c-4f76-b4ce-2034448e0b80, raftlog=a1c78c0e-869c-4f76-b4ce-2034448e0b80@group-D48B69A44692-SegmentedRaftLog:OPENED:c-1,f-1,i0, conf=-1: [51276c3c-a3b8-4274-b089-592ff4589f41:192.168.157.213:36639, 64c90977-e867-487c-b50d-c226f2d34a76:192.168.157.213:37433, a1c78c0e-869c-4f76-b4ce-2034448e0b80:192.168.157.213:33501], old=null
2019-10-19 01:04:39,498 [a1c78c0e-869c-4f76-b4ce-2034448e0b80@group-D48B69A44692-LeaderElection178] INFO  impl.RaftServerImpl (RaftServerImpl.java:setRole(184)) - a1c78c0e-869c-4f76-b4ce-2034448e0b80@group-D48B69A44692: changes role from CANDIDATE to FOLLOWER at term 95 for DISCOVERED_A_NEW_TERM
2019-10-19 01:04:39,498 [a1c78c0e-869c-4f76-b4ce-2034448e0b80@group-D48B69A44692-LeaderElection178] INFO  impl.RoleInfo (RoleInfo.java:shutdownLeaderElection(134)) - a1c78c0e-869c-4f76-b4ce-2034448e0b80: shutdown LeaderElection
2019-10-19 01:04:39,498 [a1c78c0e-869c-4f76-b4ce-2034448e0b80@group-D48B69A44692-LeaderElection178] INFO  impl.RoleInfo (RoleInfo.java:updateAndGet(143)) - a1c78c0e-869c-4f76-b4ce-2034448e0b80: start FollowerState
2019-10-19 01:04:39,561 [Thread-1608] INFO  impl.FollowerState (FollowerState.java:run(108)) - a54795b0-6c9c-4137-a866-f82f653c9bf9@group-FB3B7D7D89E3-FollowerState: change to CANDIDATE, lastRpcTime:86ms, electionTimeout:86ms
2019-10-19 01:04:39,562 [Thread-1608] INFO  impl.RoleInfo (RoleInfo.java:shutdownFollowerState(121)) - a54795b0-6c9c-4137-a866-f82f653c9bf9: shutdown FollowerState
2019-10-19 01:04:39,562 [Thread-1608] INFO  impl.RaftServerImpl (RaftServerImpl.java:setRole(184)) - a54795b0-6c9c-4137-a866-f82f653c9bf9@group-FB3B7D7D89E3: changes role from  FOLLOWER to CANDIDATE at term 92 for changeToCandidate
2019-10-19 01:04:39,562 [Thread-1608] INFO  impl.RoleInfo (RoleInfo.java:updateAndGet(143)) - a54795b0-6c9c-4137-a866-f82f653c9bf9: start LeaderElection
2019-10-19 01:04:39,575 [a54795b0-6c9c-4137-a866-f82f653c9bf9@group-FB3B7D7D89E3-LeaderElection179] INFO  impl.LeaderElection (LeaderElection.java:askForVotes(178)) - a54795b0-6c9c-4137-a866-f82f653c9bf9@group-FB3B7D7D89E3-LeaderElection179: begin an election at term 93 for -1: [a54795b0-6c9c-4137-a866-f82f653c9bf9:192.168.157.213:43688, b26a8d60-58dc-431d-8168-f89a9ab35f3a:192.168.157.213:35535, 16805c57-9f45-4377-8998-764a8f26e152:192.168.157.213:33728], old=null
2019-10-19 01:04:39,577 [grpc-default-executor-1] INFO  impl.RaftServerImpl (RaftServerImpl.java:setRole(184)) - 16805c57-9f45-4377-8998-764a8f26e152@group-FB3B7D7D89E3: changes role from  FOLLOWER to FOLLOWER at term 93 for recognizeCandidate:a54795b0-6c9c-4137-a866-f82f653c9bf9
2019-10-19 01:04:39,577 [grpc-default-executor-4] INFO  impl.RaftServerImpl (RaftServerImpl.java:setRole(184)) - b26a8d60-58dc-431d-8168-f89a9ab35f3a@group-FB3B7D7D89E3: changes role from  FOLLOWER to FOLLOWER at term 93 for recognizeCandidate:a54795b0-6c9c-4137-a866-f82f653c9bf9
2019-10-19 01:04:39,577 [grpc-default-executor-1] INFO  impl.RoleInfo (RoleInfo.java:shutdownFollowerState(121)) - 16805c57-9f45-4377-8998-764a8f26e152: shutdown FollowerState
2019-10-19 01:04:39,577 [grpc-default-executor-4] INFO  impl.RoleInfo (RoleInfo.java:shutdownFollowerState(121)) - b26a8d60-58dc-431d-8168-f89a9ab35f3a: shutdown FollowerState
2019-10-19 01:04:39,577 [Thread-1605] INFO  impl.FollowerState (FollowerState.java:run(117)) - 16805c57-9f45-4377-8998-764a8f26e152@group-FB3B7D7D89E3-FollowerState was interrupted: java.lang.InterruptedException: sleep interrupted
2019-10-19 01:04:39,577 [grpc-default-executor-1] INFO  impl.RoleInfo (RoleInfo.java:updateAndGet(143)) - 16805c57-9f45-4377-8998-764a8f26e152: start FollowerState
2019-10-19 01:04:39,577 [Thread-1604] INFO  impl.FollowerState (FollowerState.java:run(117)) - b26a8d60-58dc-431d-8168-f89a9ab35f3a@group-FB3B7D7D89E3-FollowerState was interrupted: java.lang.InterruptedException: sleep interrupted
2019-10-19 01:04:39,577 [grpc-default-executor-4] INFO  impl.RoleInfo (RoleInfo.java:updateAndGet(143)) - b26a8d60-58dc-431d-8168-f89a9ab35f3a: start FollowerState
2019-10-19 01:04:39,591 [a54795b0-6c9c-4137-a866-f82f653c9bf9@group-FB3B7D7D89E3-LeaderElection179] INFO  impl.LeaderElection (LeaderElection.java:logAndReturn(56)) - a54795b0-6c9c-4137-a866-f82f653c9bf9@group-FB3B7D7D89E3-LeaderElection179: Election REJECTED; received 2 response(s) [a54795b0-6c9c-4137-a866-f82f653c9bf9<-b26a8d60-58dc-431d-8168-f89a9ab35f3a#0:FAIL-t93, a54795b0-6c9c-4137-a866-f82f653c9bf9<-16805c57-9f45-4377-8998-764a8f26e152#0:FAIL-t93] and 0 exception(s); a54795b0-6c9c-4137-a866-f82f653c9bf9@group-FB3B7D7D89E3:t93, leader=null, voted=a54795b0-6c9c-4137-a866-f82f653c9bf9, raftlog=a54795b0-6c9c-4137-a866-f82f653c9bf9@group-FB3B7D7D89E3-SegmentedRaftLog:OPENED:c-1,f-1,i0, conf=-1: [a54795b0-6c9c-4137-a866-f82f653c9bf9:192.168.157.213:43688, b26a8d60-58dc-431d-8168-f89a9ab35f3a:192.168.157.213:35535, 16805c57-9f45-4377-8998-764a8f26e152:192.168.157.213:33728], old=null
2019-10-19 01:04:39,591 [a54795b0-6c9c-4137-a866-f82f653c9bf9@group-FB3B7D7D89E3-LeaderElection179] INFO  impl.RaftServerImpl (RaftServerImpl.java:setRole(184)) - a54795b0-6c9c-4137-a866-f82f653c9bf9@group-FB3B7D7D89E3: changes role from CANDIDATE to FOLLOWER at term 93 for DISCOVERED_A_NEW_TERM
2019-10-19 01:04:39,591 [a54795b0-6c9c-4137-a866-f82f653c9bf9@group-FB3B7D7D89E3-LeaderElection179] INFO  impl.RoleInfo (RoleInfo.java:shutdownLeaderElection(134)) - a54795b0-6c9c-4137-a866-f82f653c9bf9: shutdown LeaderElection
2019-10-19 01:04:39,591 [a54795b0-6c9c-4137-a866-f82f653c9bf9@group-FB3B7D7D89E3-LeaderElection179] INFO  impl.RoleInfo (RoleInfo.java:updateAndGet(143)) - a54795b0-6c9c-4137-a866-f82f653c9bf9: start FollowerState
2019-10-19 01:04:39,656 [Datanode State Machine Thread - 0] INFO  statemachine.DatanodeStateMachine (DatanodeStateMachine.java:lambda$startDaemon$0(350)) - Ozone container server started.
2019-10-19 01:04:39,670 [Thread-1611] INFO  impl.FollowerState (FollowerState.java:run(108)) - a1c78c0e-869c-4f76-b4ce-2034448e0b80@group-D48B69A44692-FollowerState: change to CANDIDATE, lastRpcTime:172ms, electionTimeout:172ms
2019-10-19 01:04:39,671 [Thread-1611] INFO  impl.RoleInfo (RoleInfo.java:shutdownFollowerState(121)) - a1c78c0e-869c-4f76-b4ce-2034448e0b80: shutdown FollowerState
2019-10-19 01:04:39,671 [Thread-1611] INFO  impl.RaftServerImpl (RaftServerImpl.java:setRole(184)) - a1c78c0e-869c-4f76-b4ce-2034448e0b80@group-D48B69A44692: changes role from  FOLLOWER to CANDIDATE at term 95 for changeToCandidate
2019-10-19 01:04:39,671 [Thread-1611] INFO  impl.RoleInfo (RoleInfo.java:updateAndGet(143)) - a1c78c0e-869c-4f76-b4ce-2034448e0b80: start LeaderElection
2019-10-19 01:04:39,684 [a1c78c0e-869c-4f76-b4ce-2034448e0b80@group-D48B69A44692-LeaderElection180] INFO  impl.LeaderElection (LeaderElection.java:askForVotes(178)) - a1c78c0e-869c-4f76-b4ce-2034448e0b80@group-D48B69A44692-LeaderElection180: begin an election at term 96 for -1: [51276c3c-a3b8-4274-b089-592ff4589f41:192.168.157.213:36639, 64c90977-e867-487c-b50d-c226f2d34a76:192.168.157.213:37433, a1c78c0e-869c-4f76-b4ce-2034448e0b80:192.168.157.213:33501], old=null
2019-10-19 01:04:39,686 [grpc-default-executor-4] INFO  impl.RaftServerImpl (RaftServerImpl.java:setRole(184)) - 51276c3c-a3b8-4274-b089-592ff4589f41@group-D48B69A44692: changes role from  FOLLOWER to FOLLOWER at term 96 for recognizeCandidate:a1c78c0e-869c-4f76-b4ce-2034448e0b80
2019-10-19 01:04:39,686 [grpc-default-executor-1] INFO  impl.RaftServerImpl (RaftServerImpl.java:setRole(184)) - 64c90977-e867-487c-b50d-c226f2d34a76@group-D48B69A44692: changes role from  FOLLOWER to FOLLOWER at term 96 for recognizeCandidate:a1c78c0e-869c-4f76-b4ce-2034448e0b80
2019-10-19 01:04:39,686 [grpc-default-executor-4] INFO  impl.RoleInfo (RoleInfo.java:shutdownFollowerState(121)) - 51276c3c-a3b8-4274-b089-592ff4589f41: shutdown FollowerState
2019-10-19 01:04:39,686 [grpc-default-executor-1] INFO  impl.RoleInfo (RoleInfo.java:shutdownFollowerState(121)) - 64c90977-e867-487c-b50d-c226f2d34a76: shutdown FollowerState
2019-10-19 01:04:39,687 [Thread-1609] INFO  impl.FollowerState (FollowerState.java:run(117)) - 51276c3c-a3b8-4274-b089-592ff4589f41@group-D48B69A44692-FollowerState was interrupted: java.lang.InterruptedException: sleep interrupted
2019-10-19 01:04:39,687 [grpc-default-executor-4] INFO  impl.RoleInfo (RoleInfo.java:updateAndGet(143)) - 51276c3c-a3b8-4274-b089-592ff4589f41: start FollowerState
2019-10-19 01:04:39,687 [Thread-1610] INFO  impl.FollowerState (FollowerState.java:run(117)) - 64c90977-e867-487c-b50d-c226f2d34a76@group-D48B69A44692-FollowerState was interrupted: java.lang.InterruptedException: sleep interrupted
2019-10-19 01:04:39,687 [grpc-default-executor-1] INFO  impl.RoleInfo (RoleInfo.java:updateAndGet(143)) - 64c90977-e867-487c-b50d-c226f2d34a76: start FollowerState
2019-10-19 01:04:39,701 [a1c78c0e-869c-4f76-b4ce-2034448e0b80@group-D48B69A44692-LeaderElection180] INFO  impl.LeaderElection (LeaderElection.java:logAndReturn(56)) - a1c78c0e-869c-4f76-b4ce-2034448e0b80@group-D48B69A44692-LeaderElection180: Election REJECTED; received 2 response(s) [a1c78c0e-869c-4f76-b4ce-2034448e0b80<-51276c3c-a3b8-4274-b089-592ff4589f41#0:FAIL-t96, a1c78c0e-869c-4f76-b4ce-2034448e0b80<-64c90977-e867-487c-b50d-c226f2d34a76#0:FAIL-t96] and 0 exception(s); a1c78c0e-869c-4f76-b4ce-2034448e0b80@group-D48B69A44692:t96, leader=null, voted=a1c78c0e-869c-4f76-b4ce-2034448e0b80, raftlog=a1c78c0e-869c-4f76-b4ce-2034448e0b80@group-D48B69A44692-SegmentedRaftLog:OPENED:c-1,f-1,i0, conf=-1: [51276c3c-a3b8-4274-b089-592ff4589f41:192.168.157.213:36639, 64c90977-e867-487c-b50d-c226f2d34a76:192.168.157.213:37433, a1c78c0e-869c-4f76-b4ce-2034448e0b80:192.168.157.213:33501], old=null
2019-10-19 01:04:39,701 [a1c78c0e-869c-4f76-b4ce-2034448e0b80@group-D48B69A44692-LeaderElection180] INFO  impl.RaftServerImpl (RaftServerImpl.java:setRole(184)) - a1c78c0e-869c-4f76-b4ce-2034448e0b80@group-D48B69A44692: changes role from CANDIDATE to FOLLOWER at term 96 for DISCOVERED_A_NEW_TERM
2019-10-19 01:04:39,701 [a1c78c0e-869c-4f76-b4ce-2034448e0b80@group-D48B69A44692-LeaderElection180] INFO  impl.RoleInfo (RoleInfo.java:shutdownLeaderElection(134)) - a1c78c0e-869c-4f76-b4ce-2034448e0b80: shutdown LeaderElection
2019-10-19 01:04:39,702 [a1c78c0e-869c-4f76-b4ce-2034448e0b80@group-D48B69A44692-LeaderElection180] INFO  impl.RoleInfo (RoleInfo.java:updateAndGet(143)) - a1c78c0e-869c-4f76-b4ce-2034448e0b80: start FollowerState
2019-10-19 01:04:39,764 [Thread-1617] INFO  impl.FollowerState (FollowerState.java:run(108)) - a54795b0-6c9c-4137-a866-f82f653c9bf9@group-FB3B7D7D89E3-FollowerState: change to CANDIDATE, lastRpcTime:173ms, electionTimeout:173ms
2019-10-19 01:04:39,764 [Thread-1617] INFO  impl.RoleInfo (RoleInfo.java:shutdownFollowerState(121)) - a54795b0-6c9c-4137-a866-f82f653c9bf9: shutdown FollowerState
2019-10-19 01:04:39,765 [Thread-1617] INFO  impl.RaftServerImpl (RaftServerImpl.java:setRole(184)) - a54795b0-6c9c-4137-a866-f82f653c9bf9@group-FB3B7D7D89E3: changes role from  FOLLOWER to CANDIDATE at term 93 for changeToCandidate
2019-10-19 01:04:39,765 [Thread-1617] INFO  impl.RoleInfo (RoleInfo.java:updateAndGet(143)) - a54795b0-6c9c-4137-a866-f82f653c9bf9: start LeaderElection
2019-10-19 01:04:39,778 [a54795b0-6c9c-4137-a866-f82f653c9bf9@group-FB3B7D7D89E3-LeaderElection181] INFO  impl.LeaderElection (LeaderElection.java:askForVotes(178)) - a54795b0-6c9c-4137-a866-f82f653c9bf9@group-FB3B7D7D89E3-LeaderElection181: begin an election at term 94 for -1: [a54795b0-6c9c-4137-a866-f82f653c9bf9:192.168.157.213:43688, b26a8d60-58dc-431d-8168-f89a9ab35f3a:192.168.157.213:35535, 16805c57-9f45-4377-8998-764a8f26e152:192.168.157.213:33728], old=null
2019-10-19 01:04:39,779 [Thread-1623] INFO  impl.FollowerState (FollowerState.java:run(108)) - a1c78c0e-869c-4f76-b4ce-2034448e0b80@group-D48B69A44692-FollowerState: change to CANDIDATE, lastRpcTime:77ms, electionTimeout:77ms
2019-10-19 01:04:39,779 [Thread-1623] INFO  impl.RoleInfo (RoleInfo.java:shutdownFollowerState(121)) - a1c78c0e-869c-4f76-b4ce-2034448e0b80: shutdown FollowerState
2019-10-19 01:04:39,779 [Thread-1623] INFO  impl.RaftServerImpl (RaftServerImpl.java:setRole(184)) - a1c78c0e-869c-4f76-b4ce-2034448e0b80@group-D48B69A44692: changes role from  FOLLOWER to CANDIDATE at term 96 for changeToCandidate
2019-10-19 01:04:39,779 [Thread-1623] INFO  impl.RoleInfo (RoleInfo.java:updateAndGet(143)) - a1c78c0e-869c-4f76-b4ce-2034448e0b80: start LeaderElection
2019-10-19 01:04:39,780 [grpc-default-executor-4] INFO  impl.RaftServerImpl (RaftServerImpl.java:setRole(184)) - b26a8d60-58dc-431d-8168-f89a9ab35f3a@group-FB3B7D7D89E3: changes role from  FOLLOWER to FOLLOWER at term 94 for recognizeCandidate:a54795b0-6c9c-4137-a866-f82f653c9bf9
2019-10-19 01:04:39,780 [grpc-default-executor-4] INFO  impl.RoleInfo (RoleInfo.java:shutdownFollowerState(121)) - b26a8d60-58dc-431d-8168-f89a9ab35f3a: shutdown FollowerState
2019-10-19 01:04:39,780 [grpc-default-executor-1] INFO  impl.RaftServerImpl (RaftServerImpl.java:setRole(184)) - 16805c57-9f45-4377-8998-764a8f26e152@group-FB3B7D7D89E3: changes role from  FOLLOWER to FOLLOWER at term 94 for recognizeCandidate:a54795b0-6c9c-4137-a866-f82f653c9bf9
2019-10-19 01:04:39,780 [Thread-1616] INFO  impl.FollowerState (FollowerState.java:run(117)) - b26a8d60-58dc-431d-8168-f89a9ab35f3a@group-FB3B7D7D89E3-FollowerState was interrupted: java.lang.InterruptedException: sleep interrupted
2019-10-19 01:04:39,780 [grpc-default-executor-4] INFO  impl.RoleInfo (RoleInfo.java:updateAndGet(143)) - b26a8d60-58dc-431d-8168-f89a9ab35f3a: start FollowerState
2019-10-19 01:04:39,780 [grpc-default-executor-1] INFO  impl.RoleInfo (RoleInfo.java:shutdownFollowerState(121)) - 16805c57-9f45-4377-8998-764a8f26e152: shutdown FollowerState
2019-10-19 01:04:39,780 [grpc-default-executor-1] INFO  impl.RoleInfo (RoleInfo.java:updateAndGet(143)) - 16805c57-9f45-4377-8998-764a8f26e152: start FollowerState
2019-10-19 01:04:39,780 [Thread-1615] INFO  impl.FollowerState (FollowerState.java:run(117)) - 16805c57-9f45-4377-8998-764a8f26e152@group-FB3B7D7D89E3-FollowerState was interrupted: java.lang.InterruptedException: sleep interrupted
2019-10-19 01:04:39,793 [a1c78c0e-869c-4f76-b4ce-2034448e0b80@group-D48B69A44692-LeaderElection182] INFO  impl.LeaderElection (LeaderElection.java:askForVotes(178)) - a1c78c0e-869c-4f76-b4ce-2034448e0b80@group-D48B69A44692-LeaderElection182: begin an election at term 97 for -1: [51276c3c-a3b8-4274-b089-592ff4589f41:192.168.157.213:36639, 64c90977-e867-487c-b50d-c226f2d34a76:192.168.157.213:37433, a1c78c0e-869c-4f76-b4ce-2034448e0b80:192.168.157.213:33501], old=null
2019-10-19 01:04:39,794 [a54795b0-6c9c-4137-a866-f82f653c9bf9@group-FB3B7D7D89E3-LeaderElection181] INFO  impl.LeaderElection (LeaderElection.java:logAndReturn(56)) - a54795b0-6c9c-4137-a866-f82f653c9bf9@group-FB3B7D7D89E3-LeaderElection181: Election REJECTED; received 2 response(s) [a54795b0-6c9c-4137-a866-f82f653c9bf9<-b26a8d60-58dc-431d-8168-f89a9ab35f3a#0:FAIL-t94, a54795b0-6c9c-4137-a866-f82f653c9bf9<-16805c57-9f45-4377-8998-764a8f26e152#0:FAIL-t94] and 0 exception(s); a54795b0-6c9c-4137-a866-f82f653c9bf9@group-FB3B7D7D89E3:t94, leader=null, voted=a54795b0-6c9c-4137-a866-f82f653c9bf9, raftlog=a54795b0-6c9c-4137-a866-f82f653c9bf9@group-FB3B7D7D89E3-SegmentedRaftLog:OPENED:c-1,f-1,i0, conf=-1: [a54795b0-6c9c-4137-a866-f82f653c9bf9:192.168.157.213:43688, b26a8d60-58dc-431d-8168-f89a9ab35f3a:192.168.157.213:35535, 16805c57-9f45-4377-8998-764a8f26e152:192.168.157.213:33728], old=null
2019-10-19 01:04:39,794 [a54795b0-6c9c-4137-a866-f82f653c9bf9@group-FB3B7D7D89E3-LeaderElection181] INFO  impl.RaftServerImpl (RaftServerImpl.java:setRole(184)) - a54795b0-6c9c-4137-a866-f82f653c9bf9@group-FB3B7D7D89E3: changes role from CANDIDATE to FOLLOWER at term 94 for DISCOVERED_A_NEW_TERM
2019-10-19 01:04:39,794 [a54795b0-6c9c-4137-a866-f82f653c9bf9@group-FB3B7D7D89E3-LeaderElection181] INFO  impl.RoleInfo (RoleInfo.java:shutdownLeaderElection(134)) - a54795b0-6c9c-4137-a866-f82f653c9bf9: shutdown LeaderElection
2019-10-19 01:04:39,794 [a54795b0-6c9c-4137-a866-f82f653c9bf9@group-FB3B7D7D89E3-LeaderElection181] INFO  impl.RoleInfo (RoleInfo.java:updateAndGet(143)) - a54795b0-6c9c-4137-a866-f82f653c9bf9: start FollowerState
2019-10-19 01:04:39,794 [grpc-default-executor-4] INFO  impl.RaftServerImpl (RaftServerImpl.java:setRole(184)) - 64c90977-e867-487c-b50d-c226f2d34a76@group-D48B69A44692: changes role from  FOLLOWER to FOLLOWER at term 97 for recognizeCandidate:a1c78c0e-869c-4f76-b4ce-2034448e0b80
2019-10-19 01:04:39,794 [grpc-default-executor-4] INFO  impl.RoleInfo (RoleInfo.java:shutdownFollowerState(121)) - 64c90977-e867-487c-b50d-c226f2d34a76: shutdown FollowerState
2019-10-19 01:04:39,795 [grpc-default-executor-4] INFO  impl.RoleInfo (RoleInfo.java:updateAndGet(143)) - 64c90977-e867-487c-b50d-c226f2d34a76: start FollowerState
2019-10-19 01:04:39,795 [Thread-1622] INFO  impl.FollowerState (FollowerState.java:run(117)) - 64c90977-e867-487c-b50d-c226f2d34a76@group-D48B69A44692-FollowerState was interrupted: java.lang.InterruptedException: sleep interrupted
2019-10-19 01:04:39,795 [grpc-default-executor-1] INFO  impl.RaftServerImpl (RaftServerImpl.java:setRole(184)) - 51276c3c-a3b8-4274-b089-592ff4589f41@group-D48B69A44692: changes role from  FOLLOWER to FOLLOWER at term 97 for recognizeCandidate:a1c78c0e-869c-4f76-b4ce-2034448e0b80
2019-10-19 01:04:39,796 [grpc-default-executor-1] INFO  impl.RoleInfo (RoleInfo.java:shutdownFollowerState(121)) - 51276c3c-a3b8-4274-b089-592ff4589f41: shutdown FollowerState
2019-10-19 01:04:39,796 [grpc-default-executor-1] INFO  impl.RoleInfo (RoleInfo.java:updateAndGet(143)) - 51276c3c-a3b8-4274-b089-592ff4589f41: start FollowerState
2019-10-19 01:04:39,796 [Thread-1621] INFO  impl.FollowerState (FollowerState.java:run(117)) - 51276c3c-a3b8-4274-b089-592ff4589f41@group-D48B69A44692-FollowerState was interrupted: java.lang.InterruptedException: sleep interrupted
2019-10-19 01:04:39,809 [a1c78c0e-869c-4f76-b4ce-2034448e0b80@group-D48B69A44692-LeaderElection182] INFO  impl.LeaderElection (LeaderElection.java:logAndReturn(56)) - a1c78c0e-869c-4f76-b4ce-2034448e0b80@group-D48B69A44692-LeaderElection182: Election REJECTED; received 2 response(s) [a1c78c0e-869c-4f76-b4ce-2034448e0b80<-51276c3c-a3b8-4274-b089-592ff4589f41#0:FAIL-t97, a1c78c0e-869c-4f76-b4ce-2034448e0b80<-64c90977-e867-487c-b50d-c226f2d34a76#0:FAIL-t97] and 0 exception(s); a1c78c0e-869c-4f76-b4ce-2034448e0b80@group-D48B69A44692:t97, leader=null, voted=a1c78c0e-869c-4f76-b4ce-2034448e0b80, raftlog=a1c78c0e-869c-4f76-b4ce-2034448e0b80@group-D48B69A44692-SegmentedRaftLog:OPENED:c-1,f-1,i0, conf=-1: [51276c3c-a3b8-4274-b089-592ff4589f41:192.168.157.213:36639, 64c90977-e867-487c-b50d-c226f2d34a76:192.168.157.213:37433, a1c78c0e-869c-4f76-b4ce-2034448e0b80:192.168.157.213:33501], old=null
2019-10-19 01:04:39,809 [a1c78c0e-869c-4f76-b4ce-2034448e0b80@group-D48B69A44692-LeaderElection182] INFO  impl.RaftServerImpl (RaftServerImpl.java:setRole(184)) - a1c78c0e-869c-4f76-b4ce-2034448e0b80@group-D48B69A44692: changes role from CANDIDATE to FOLLOWER at term 97 for DISCOVERED_A_NEW_TERM
2019-10-19 01:04:39,809 [a1c78c0e-869c-4f76-b4ce-2034448e0b80@group-D48B69A44692-LeaderElection182] INFO  impl.RoleInfo (RoleInfo.java:shutdownLeaderElection(134)) - a1c78c0e-869c-4f76-b4ce-2034448e0b80: shutdown LeaderElection
2019-10-19 01:04:39,809 [a1c78c0e-869c-4f76-b4ce-2034448e0b80@group-D48B69A44692-LeaderElection182] INFO  impl.RoleInfo (RoleInfo.java:updateAndGet(143)) - a1c78c0e-869c-4f76-b4ce-2034448e0b80: start FollowerState
2019-10-19 01:04:39,840 [Thread-1637] INFO  impl.FollowerState (FollowerState.java:run(108)) - a1c78c0e-869c-4f76-b4ce-2034448e0b80@group-D48B69A44692-FollowerState: change to CANDIDATE, lastRpcTime:30ms, electionTimeout:30ms
2019-10-19 01:04:39,840 [Thread-1637] INFO  impl.RoleInfo (RoleInfo.java:shutdownFollowerState(121)) - a1c78c0e-869c-4f76-b4ce-2034448e0b80: shutdown FollowerState
2019-10-19 01:04:39,840 [Thread-1637] INFO  impl.RaftServerImpl (RaftServerImpl.java:setRole(184)) - a1c78c0e-869c-4f76-b4ce-2034448e0b80@group-D48B69A44692: changes role from  FOLLOWER to CANDIDATE at term 97 for changeToCandidate
2019-10-19 01:04:39,840 [Thread-1637] INFO  impl.RoleInfo (RoleInfo.java:updateAndGet(143)) - a1c78c0e-869c-4f76-b4ce-2034448e0b80: start LeaderElection
2019-10-19 01:04:39,854 [a1c78c0e-869c-4f76-b4ce-2034448e0b80@group-D48B69A44692-LeaderElection183] INFO  impl.LeaderElection (LeaderElection.java:askForVotes(178)) - a1c78c0e-869c-4f76-b4ce-2034448e0b80@group-D48B69A44692-LeaderElection183: begin an election at term 98 for -1: [51276c3c-a3b8-4274-b089-592ff4589f41:192.168.157.213:36639, 64c90977-e867-487c-b50d-c226f2d34a76:192.168.157.213:37433, a1c78c0e-869c-4f76-b4ce-2034448e0b80:192.168.157.213:33501], old=null
2019-10-19 01:04:39,855 [grpc-default-executor-1] INFO  impl.RaftServerImpl (RaftServerImpl.java:setRole(184)) - 51276c3c-a3b8-4274-b089-592ff4589f41@group-D48B69A44692: changes role from  FOLLOWER to FOLLOWER at term 98 for recognizeCandidate:a1c78c0e-869c-4f76-b4ce-2034448e0b80
2019-10-19 01:04:39,855 [grpc-default-executor-4] INFO  impl.RaftServerImpl (RaftServerImpl.java:setRole(184)) - 64c90977-e867-487c-b50d-c226f2d34a76@group-D48B69A44692: changes role from  FOLLOWER to FOLLOWER at term 98 for recognizeCandidate:a1c78c0e-869c-4f76-b4ce-2034448e0b80
2019-10-19 01:04:39,856 [grpc-default-executor-4] INFO  impl.RoleInfo (RoleInfo.java:shutdownFollowerState(121)) - 64c90977-e867-487c-b50d-c226f2d34a76: shutdown FollowerState
2019-10-19 01:04:39,856 [grpc-default-executor-1] INFO  impl.RoleInfo (RoleInfo.java:shutdownFollowerState(121)) - 51276c3c-a3b8-4274-b089-592ff4589f41: shutdown FollowerState
2019-10-19 01:04:39,856 [Thread-1635] INFO  impl.FollowerState (FollowerState.java:run(117)) - 64c90977-e867-487c-b50d-c226f2d34a76@group-D48B69A44692-FollowerState was interrupted: java.lang.InterruptedException: sleep interrupted
2019-10-19 01:04:39,856 [Thread-1636] INFO  impl.FollowerState (FollowerState.java:run(117)) - 51276c3c-a3b8-4274-b089-592ff4589f41@group-D48B69A44692-FollowerState was interrupted: java.lang.InterruptedException: sleep interrupted
2019-10-19 01:04:39,856 [grpc-default-executor-4] INFO  impl.RoleInfo (RoleInfo.java:updateAndGet(143)) - 64c90977-e867-487c-b50d-c226f2d34a76: start FollowerState
2019-10-19 01:04:39,856 [grpc-default-executor-1] INFO  impl.RoleInfo (RoleInfo.java:updateAndGet(143)) - 51276c3c-a3b8-4274-b089-592ff4589f41: start FollowerState
2019-10-19 01:04:39,870 [a1c78c0e-869c-4f76-b4ce-2034448e0b80@group-D48B69A44692-LeaderElection183] INFO  impl.LeaderElection (LeaderElection.java:logAndReturn(56)) - a1c78c0e-869c-4f76-b4ce-2034448e0b80@group-D48B69A44692-LeaderElection183: Election REJECTED; received 2 response(s) [a1c78c0e-869c-4f76-b4ce-2034448e0b80<-51276c3c-a3b8-4274-b089-592ff4589f41#0:FAIL-t98, a1c78c0e-869c-4f76-b4ce-2034448e0b80<-64c90977-e867-487c-b50d-c226f2d34a76#0:FAIL-t98] and 0 exception(s); a1c78c0e-869c-4f76-b4ce-2034448e0b80@group-D48B69A44692:t98, leader=null, voted=a1c78c0e-869c-4f76-b4ce-2034448e0b80, raftlog=a1c78c0e-869c-4f76-b4ce-2034448e0b80@group-D48B69A44692-SegmentedRaftLog:OPENED:c-1,f-1,i0, conf=-1: [51276c3c-a3b8-4274-b089-592ff4589f41:192.168.157.213:36639, 64c90977-e867-487c-b50d-c226f2d34a76:192.168.157.213:37433, a1c78c0e-869c-4f76-b4ce-2034448e0b80:192.168.157.213:33501], old=null
2019-10-19 01:04:39,870 [a1c78c0e-869c-4f76-b4ce-2034448e0b80@group-D48B69A44692-LeaderElection183] INFO  impl.RaftServerImpl (RaftServerImpl.java:setRole(184)) - a1c78c0e-869c-4f76-b4ce-2034448e0b80@group-D48B69A44692: changes role from CANDIDATE to FOLLOWER at term 98 for DISCOVERED_A_NEW_TERM
2019-10-19 01:04:39,870 [a1c78c0e-869c-4f76-b4ce-2034448e0b80@group-D48B69A44692-LeaderElection183] INFO  impl.RoleInfo (RoleInfo.java:shutdownLeaderElection(134)) - a1c78c0e-869c-4f76-b4ce-2034448e0b80: shutdown LeaderElection
2019-10-19 01:04:39,870 [a1c78c0e-869c-4f76-b4ce-2034448e0b80@group-D48B69A44692-LeaderElection183] INFO  impl.RoleInfo (RoleInfo.java:updateAndGet(143)) - a1c78c0e-869c-4f76-b4ce-2034448e0b80: start FollowerState
2019-10-19 01:04:39,993 [Thread-1634] INFO  impl.FollowerState (FollowerState.java:run(108)) - a54795b0-6c9c-4137-a866-f82f653c9bf9@group-FB3B7D7D89E3-FollowerState: change to CANDIDATE, lastRpcTime:199ms, electionTimeout:199ms
2019-10-19 01:04:39,993 [Thread-1634] INFO  impl.RoleInfo (RoleInfo.java:shutdownFollowerState(121)) - a54795b0-6c9c-4137-a866-f82f653c9bf9: shutdown FollowerState
2019-10-19 01:04:39,993 [Thread-1634] INFO  impl.RaftServerImpl (RaftServerImpl.java:setRole(184)) - a54795b0-6c9c-4137-a866-f82f653c9bf9@group-FB3B7D7D89E3: changes role from  FOLLOWER to CANDIDATE at term 94 for changeToCandidate
2019-10-19 01:04:39,994 [Thread-1634] INFO  impl.RoleInfo (RoleInfo.java:updateAndGet(143)) - a54795b0-6c9c-4137-a866-f82f653c9bf9: start LeaderElection
2019-10-19 01:04:40,005 [Thread-1643] INFO  impl.FollowerState (FollowerState.java:run(108)) - a1c78c0e-869c-4f76-b4ce-2034448e0b80@group-D48B69A44692-FollowerState: change to CANDIDATE, lastRpcTime:134ms, electionTimeout:134ms
2019-10-19 01:04:40,005 [Thread-1643] INFO  impl.RoleInfo (RoleInfo.java:shutdownFollowerState(121)) - a1c78c0e-869c-4f76-b4ce-2034448e0b80: shutdown FollowerState
2019-10-19 01:04:40,005 [Thread-1643] INFO  impl.RaftServerImpl (RaftServerImpl.java:setRole(184)) - a1c78c0e-869c-4f76-b4ce-2034448e0b80@group-D48B69A44692: changes role from  FOLLOWER to CANDIDATE at term 98 for changeToCandidate
2019-10-19 01:04:40,005 [Thread-1643] INFO  impl.RoleInfo (RoleInfo.java:updateAndGet(143)) - a1c78c0e-869c-4f76-b4ce-2034448e0b80: start LeaderElection
2019-10-19 01:04:40,007 [a54795b0-6c9c-4137-a866-f82f653c9bf9@group-FB3B7D7D89E3-LeaderElection184] INFO  impl.LeaderElection (LeaderElection.java:askForVotes(178)) - a54795b0-6c9c-4137-a866-f82f653c9bf9@group-FB3B7D7D89E3-LeaderElection184: begin an election at term 95 for -1: [a54795b0-6c9c-4137-a866-f82f653c9bf9:192.168.157.213:43688, b26a8d60-58dc-431d-8168-f89a9ab35f3a:192.168.157.213:35535, 16805c57-9f45-4377-8998-764a8f26e152:192.168.157.213:33728], old=null
2019-10-19 01:04:40,009 [grpc-default-executor-1] INFO  impl.RaftServerImpl (RaftServerImpl.java:setRole(184)) - b26a8d60-58dc-431d-8168-f89a9ab35f3a@group-FB3B7D7D89E3: changes role from  FOLLOWER to FOLLOWER at term 95 for recognizeCandidate:a54795b0-6c9c-4137-a866-f82f653c9bf9
2019-10-19 01:04:40,009 [a1c78c0e-869c-4f76-b4ce-2034448e0b80@group-D48B69A44692-LeaderElection185] INFO  impl.LeaderElection (LeaderElection.java:askForVotes(178)) - a1c78c0e-869c-4f76-b4ce-2034448e0b80@group-D48B69A44692-LeaderElection185: begin an election at term 99 for -1: [51276c3c-a3b8-4274-b089-592ff4589f41:192.168.157.213:36639, 64c90977-e867-487c-b50d-c226f2d34a76:192.168.157.213:37433, a1c78c0e-869c-4f76-b4ce-2034448e0b80:192.168.157.213:33501], old=null
2019-10-19 01:04:40,009 [grpc-default-executor-4] INFO  impl.RaftServerImpl (RaftServerImpl.java:setRole(184)) - 16805c57-9f45-4377-8998-764a8f26e152@group-FB3B7D7D89E3: changes role from  FOLLOWER to FOLLOWER at term 95 for recognizeCandidate:a54795b0-6c9c-4137-a866-f82f653c9bf9
2019-10-19 01:04:40,009 [grpc-default-executor-1] INFO  impl.RoleInfo (RoleInfo.java:shutdownFollowerState(121)) - b26a8d60-58dc-431d-8168-f89a9ab35f3a: shutdown FollowerState
2019-10-19 01:04:40,013 [grpc-default-executor-4] INFO  impl.RoleInfo (RoleInfo.java:shutdownFollowerState(121)) - 16805c57-9f45-4377-8998-764a8f26e152: shutdown FollowerState
2019-10-19 01:04:40,009 [Datanode State Machine Thread - 0] INFO  statemachine.DatanodeStateMachine (DatanodeStateMachine.java:lambda$startDaemon$0(350)) - Ozone container server started.
2019-10-19 01:04:40,014 [grpc-default-executor-4] INFO  impl.RoleInfo (RoleInfo.java:updateAndGet(143)) - 16805c57-9f45-4377-8998-764a8f26e152: start FollowerState
2019-10-19 01:04:40,013 [Thread-1630] INFO  impl.FollowerState (FollowerState.java:run(117)) - b26a8d60-58dc-431d-8168-f89a9ab35f3a@group-FB3B7D7D89E3-FollowerState was interrupted: java.lang.InterruptedException: sleep interrupted
2019-10-19 01:04:40,013 [grpc-default-executor-1] INFO  impl.RoleInfo (RoleInfo.java:updateAndGet(143)) - b26a8d60-58dc-431d-8168-f89a9ab35f3a: start FollowerState
2019-10-19 01:04:40,014 [Thread-1631] INFO  impl.FollowerState (FollowerState.java:run(117)) - 16805c57-9f45-4377-8998-764a8f26e152@group-FB3B7D7D89E3-FollowerState was interrupted: java.lang.InterruptedException: sleep interrupted
2019-10-19 01:04:40,014 [grpc-default-executor-5] INFO  impl.RaftServerImpl (RaftServerImpl.java:setRole(184)) - 51276c3c-a3b8-4274-b089-592ff4589f41@group-D48B69A44692: changes role from  FOLLOWER to FOLLOWER at term 99 for recognizeCandidate:a1c78c0e-869c-4f76-b4ce-2034448e0b80
2019-10-19 01:04:40,014 [grpc-default-executor-5] INFO  impl.RoleInfo (RoleInfo.java:shutdownFollowerState(121)) - 51276c3c-a3b8-4274-b089-592ff4589f41: shutdown FollowerState
2019-10-19 01:04:40,014 [grpc-default-executor-5] INFO  impl.RoleInfo (RoleInfo.java:updateAndGet(143)) - 51276c3c-a3b8-4274-b089-592ff4589f41: start FollowerState
2019-10-19 01:04:40,015 [Thread-1642] INFO  impl.FollowerState (FollowerState.java:run(117)) - 51276c3c-a3b8-4274-b089-592ff4589f41@group-D48B69A44692-FollowerState was interrupted: java.lang.InterruptedException: sleep interrupted
2019-10-19 01:04:40,015 [grpc-default-executor-7] INFO  impl.RaftServerImpl (RaftServerImpl.java:setRole(184)) - 64c90977-e867-487c-b50d-c226f2d34a76@group-D48B69A44692: changes role from  FOLLOWER to FOLLOWER at term 99 for recognizeCandidate:a1c78c0e-869c-4f76-b4ce-2034448e0b80
2019-10-19 01:04:40,015 [grpc-default-executor-7] INFO  impl.RoleInfo (RoleInfo.java:shutdownFollowerState(121)) - 64c90977-e867-487c-b50d-c226f2d34a76: shutdown FollowerState
2019-10-19 01:04:40,015 [grpc-default-executor-7] INFO  impl.RoleInfo (RoleInfo.java:updateAndGet(143)) - 64c90977-e867-487c-b50d-c226f2d34a76: start FollowerState
2019-10-19 01:04:40,015 [Thread-1641] INFO  impl.FollowerState (FollowerState.java:run(117)) - 64c90977-e867-487c-b50d-c226f2d34a76@group-D48B69A44692-FollowerState was interrupted: java.lang.InterruptedException: sleep interrupted
2019-10-19 01:04:40,028 [a1c78c0e-869c-4f76-b4ce-2034448e0b80@group-D48B69A44692-LeaderElection185] INFO  impl.LeaderElection (LeaderElection.java:logAndReturn(56)) - a1c78c0e-869c-4f76-b4ce-2034448e0b80@group-D48B69A44692-LeaderElection185: Election REJECTED; received 2 response(s) [a1c78c0e-869c-4f76-b4ce-2034448e0b80<-51276c3c-a3b8-4274-b089-592ff4589f41#0:FAIL-t99, a1c78c0e-869c-4f76-b4ce-2034448e0b80<-64c90977-e867-487c-b50d-c226f2d34a76#0:FAIL-t99] and 0 exception(s); a1c78c0e-869c-4f76-b4ce-2034448e0b80@group-D48B69A44692:t99, leader=null, voted=a1c78c0e-869c-4f76-b4ce-2034448e0b80, raftlog=a1c78c0e-869c-4f76-b4ce-2034448e0b80@group-D48B69A44692-SegmentedRaftLog:OPENED:c-1,f-1,i0, conf=-1: [51276c3c-a3b8-4274-b089-592ff4589f41:192.168.157.213:36639, 64c90977-e867-487c-b50d-c226f2d34a76:192.168.157.213:37433, a1c78c0e-869c-4f76-b4ce-2034448e0b80:192.168.157.213:33501], old=null
2019-10-19 01:04:40,029 [a54795b0-6c9c-4137-a866-f82f653c9bf9@group-FB3B7D7D89E3-LeaderElection184] INFO  impl.LeaderElection (LeaderElection.java:logAndReturn(56)) - a54795b0-6c9c-4137-a866-f82f653c9bf9@group-FB3B7D7D89E3-LeaderElection184: Election REJECTED; received 2 response(s) [a54795b0-6c9c-4137-a866-f82f653c9bf9<-b26a8d60-58dc-431d-8168-f89a9ab35f3a#0:FAIL-t95, a54795b0-6c9c-4137-a866-f82f653c9bf9<-16805c57-9f45-4377-8998-764a8f26e152#0:FAIL-t95] and 0 exception(s); a54795b0-6c9c-4137-a866-f82f653c9bf9@group-FB3B7D7D89E3:t95, leader=null, voted=a54795b0-6c9c-4137-a866-f82f653c9bf9, raftlog=a54795b0-6c9c-4137-a866-f82f653c9bf9@group-FB3B7D7D89E3-SegmentedRaftLog:OPENED:c-1,f-1,i0, conf=-1: [a54795b0-6c9c-4137-a866-f82f653c9bf9:192.168.157.213:43688, b26a8d60-58dc-431d-8168-f89a9ab35f3a:192.168.157.213:35535, 16805c57-9f45-4377-8998-764a8f26e152:192.168.157.213:33728], old=null
2019-10-19 01:04:40,029 [a1c78c0e-869c-4f76-b4ce-2034448e0b80@group-D48B69A44692-LeaderElection185] INFO  impl.RaftServerImpl (RaftServerImpl.java:setRole(184)) - a1c78c0e-869c-4f76-b4ce-2034448e0b80@group-D48B69A44692: changes role from CANDIDATE to FOLLOWER at term 99 for DISCOVERED_A_NEW_TERM
2019-10-19 01:04:40,029 [a54795b0-6c9c-4137-a866-f82f653c9bf9@group-FB3B7D7D89E3-LeaderElection184] INFO  impl.RaftServerImpl (RaftServerImpl.java:setRole(184)) - a54795b0-6c9c-4137-a866-f82f653c9bf9@group-FB3B7D7D89E3: changes role from CANDIDATE to FOLLOWER at term 95 for DISCOVERED_A_NEW_TERM
2019-10-19 01:04:40,029 [a54795b0-6c9c-4137-a866-f82f653c9bf9@group-FB3B7D7D89E3-LeaderElection184] INFO  impl.RoleInfo (RoleInfo.java:shutdownLeaderElection(134)) - a54795b0-6c9c-4137-a866-f82f653c9bf9: shutdown LeaderElection
2019-10-19 01:04:40,029 [a1c78c0e-869c-4f76-b4ce-2034448e0b80@group-D48B69A44692-LeaderElection185] INFO  impl.RoleInfo (RoleInfo.java:shutdownLeaderElection(134)) - a1c78c0e-869c-4f76-b4ce-2034448e0b80: shutdown LeaderElection
2019-10-19 01:04:40,029 [a54795b0-6c9c-4137-a866-f82f653c9bf9@group-FB3B7D7D89E3-LeaderElection184] INFO  impl.RoleInfo (RoleInfo.java:updateAndGet(143)) - a54795b0-6c9c-4137-a866-f82f653c9bf9: start FollowerState
2019-10-19 01:04:40,029 [a1c78c0e-869c-4f76-b4ce-2034448e0b80@group-D48B69A44692-LeaderElection185] INFO  impl.RoleInfo (RoleInfo.java:updateAndGet(143)) - a1c78c0e-869c-4f76-b4ce-2034448e0b80: start FollowerState
2019-10-19 01:04:40,044 [Thread-1655] INFO  impl.FollowerState (FollowerState.java:run(108)) - a1c78c0e-869c-4f76-b4ce-2034448e0b80@group-D48B69A44692-FollowerState: change to CANDIDATE, lastRpcTime:14ms, electionTimeout:14ms
2019-10-19 01:04:40,044 [Thread-1655] INFO  impl.RoleInfo (RoleInfo.java:shutdownFollowerState(121)) - a1c78c0e-869c-4f76-b4ce-2034448e0b80: shutdown FollowerState
2019-10-19 01:04:40,044 [Thread-1655] INFO  impl.RaftServerImpl (RaftServerImpl.java:setRole(184)) - a1c78c0e-869c-4f76-b4ce-2034448e0b80@group-D48B69A44692: changes role from  FOLLOWER to CANDIDATE at term 99 for changeToCandidate
2019-10-19 01:04:40,044 [Thread-1655] INFO  impl.RoleInfo (RoleInfo.java:updateAndGet(143)) - a1c78c0e-869c-4f76-b4ce-2034448e0b80: start LeaderElection
2019-10-19 01:04:40,057 [a1c78c0e-869c-4f76-b4ce-2034448e0b80@group-D48B69A44692-LeaderElection186] INFO  impl.LeaderElection (LeaderElection.java:askForVotes(178)) - a1c78c0e-869c-4f76-b4ce-2034448e0b80@group-D48B69A44692-LeaderElection186: begin an election at term 100 for -1: [51276c3c-a3b8-4274-b089-592ff4589f41:192.168.157.213:36639, 64c90977-e867-487c-b50d-c226f2d34a76:192.168.157.213:37433, a1c78c0e-869c-4f76-b4ce-2034448e0b80:192.168.157.213:33501], old=null
2019-10-19 01:04:40,060 [grpc-default-executor-1] INFO  impl.RaftServerImpl (RaftServerImpl.java:setRole(184)) - 51276c3c-a3b8-4274-b089-592ff4589f41@group-D48B69A44692: changes role from  FOLLOWER to FOLLOWER at term 100 for recognizeCandidate:a1c78c0e-869c-4f76-b4ce-2034448e0b80
2019-10-19 01:04:40,060 [grpc-default-executor-1] INFO  impl.RoleInfo (RoleInfo.java:shutdownFollowerState(121)) - 51276c3c-a3b8-4274-b089-592ff4589f41: shutdown FollowerState
2019-10-19 01:04:40,060 [grpc-default-executor-1] INFO  impl.RoleInfo (RoleInfo.java:updateAndGet(143)) - 51276c3c-a3b8-4274-b089-592ff4589f41: start FollowerState
2019-10-19 01:04:40,060 [Thread-1652] INFO  impl.FollowerState (FollowerState.java:run(117)) - 51276c3c-a3b8-4274-b089-592ff4589f41@group-D48B69A44692-FollowerState was interrupted: java.lang.InterruptedException: sleep interrupted
2019-10-19 01:04:40,060 [grpc-default-executor-4] INFO  impl.RaftServerImpl (RaftServerImpl.java:setRole(184)) - 64c90977-e867-487c-b50d-c226f2d34a76@group-D48B69A44692: changes role from  FOLLOWER to FOLLOWER at term 100 for recognizeCandidate:a1c78c0e-869c-4f76-b4ce-2034448e0b80
2019-10-19 01:04:40,061 [grpc-default-executor-4] INFO  impl.RoleInfo (RoleInfo.java:shutdownFollowerState(121)) - 64c90977-e867-487c-b50d-c226f2d34a76: shutdown FollowerState
2019-10-19 01:04:40,061 [grpc-default-executor-4] INFO  impl.RoleInfo (RoleInfo.java:updateAndGet(143)) - 64c90977-e867-487c-b50d-c226f2d34a76: start FollowerState
2019-10-19 01:04:40,061 [Thread-1653] INFO  impl.FollowerState (FollowerState.java:run(117)) - 64c90977-e867-487c-b50d-c226f2d34a76@group-D48B69A44692-FollowerState was interrupted: java.lang.InterruptedException: sleep interrupted
2019-10-19 01:04:40,075 [a1c78c0e-869c-4f76-b4ce-2034448e0b80@group-D48B69A44692-LeaderElection186] INFO  impl.LeaderElection (LeaderElection.java:logAndReturn(56)) - a1c78c0e-869c-4f76-b4ce-2034448e0b80@group-D48B69A44692-LeaderElection186: Election REJECTED; received 2 response(s) [a1c78c0e-869c-4f76-b4ce-2034448e0b80<-51276c3c-a3b8-4274-b089-592ff4589f41#0:FAIL-t100, a1c78c0e-869c-4f76-b4ce-2034448e0b80<-64c90977-e867-487c-b50d-c226f2d34a76#0:FAIL-t100] and 0 exception(s); a1c78c0e-869c-4f76-b4ce-2034448e0b80@group-D48B69A44692:t100, leader=null, voted=a1c78c0e-869c-4f76-b4ce-2034448e0b80, raftlog=a1c78c0e-869c-4f76-b4ce-2034448e0b80@group-D48B69A44692-SegmentedRaftLog:OPENED:c-1,f-1,i0, conf=-1: [51276c3c-a3b8-4274-b089-592ff4589f41:192.168.157.213:36639, 64c90977-e867-487c-b50d-c226f2d34a76:192.168.157.213:37433, a1c78c0e-869c-4f76-b4ce-2034448e0b80:192.168.157.213:33501], old=null
2019-10-19 01:04:40,075 [a1c78c0e-869c-4f76-b4ce-2034448e0b80@group-D48B69A44692-LeaderElection186] INFO  impl.RaftServerImpl (RaftServerImpl.java:setRole(184)) - a1c78c0e-869c-4f76-b4ce-2034448e0b80@group-D48B69A44692: changes role from CANDIDATE to FOLLOWER at term 100 for DISCOVERED_A_NEW_TERM
2019-10-19 01:04:40,075 [a1c78c0e-869c-4f76-b4ce-2034448e0b80@group-D48B69A44692-LeaderElection186] INFO  impl.RoleInfo (RoleInfo.java:shutdownLeaderElection(134)) - a1c78c0e-869c-4f76-b4ce-2034448e0b80: shutdown LeaderElection
2019-10-19 01:04:40,075 [a1c78c0e-869c-4f76-b4ce-2034448e0b80@group-D48B69A44692-LeaderElection186] INFO  impl.RoleInfo (RoleInfo.java:updateAndGet(143)) - a1c78c0e-869c-4f76-b4ce-2034448e0b80: start FollowerState
2019-10-19 01:04:40,131 [Thread-1661] INFO  impl.FollowerState (FollowerState.java:run(108)) - a1c78c0e-869c-4f76-b4ce-2034448e0b80@group-D48B69A44692-FollowerState: change to CANDIDATE, lastRpcTime:55ms, electionTimeout:55ms
2019-10-19 01:04:40,131 [Thread-1661] INFO  impl.RoleInfo (RoleInfo.java:shutdownFollowerState(121)) - a1c78c0e-869c-4f76-b4ce-2034448e0b80: shutdown FollowerState
2019-10-19 01:04:40,131 [Thread-1661] INFO  impl.RaftServerImpl (RaftServerImpl.java:setRole(184)) - a1c78c0e-869c-4f76-b4ce-2034448e0b80@group-D48B69A44692: changes role from  FOLLOWER to CANDIDATE at term 100 for changeToCandidate
2019-10-19 01:04:40,131 [Thread-1661] INFO  impl.RoleInfo (RoleInfo.java:updateAndGet(143)) - a1c78c0e-869c-4f76-b4ce-2034448e0b80: start LeaderElection
2019-10-19 01:04:40,138 [a1c78c0e-869c-4f76-b4ce-2034448e0b80@group-D48B69A44692-LeaderElection187] INFO  impl.LeaderElection (LeaderElection.java:askForVotes(178)) - a1c78c0e-869c-4f76-b4ce-2034448e0b80@group-D48B69A44692-LeaderElection187: begin an election at term 101 for -1: [51276c3c-a3b8-4274-b089-592ff4589f41:192.168.157.213:36639, 64c90977-e867-487c-b50d-c226f2d34a76:192.168.157.213:37433, a1c78c0e-869c-4f76-b4ce-2034448e0b80:192.168.157.213:33501], old=null
2019-10-19 01:04:40,140 [grpc-default-executor-4] INFO  impl.RaftServerImpl (RaftServerImpl.java:setRole(184)) - 51276c3c-a3b8-4274-b089-592ff4589f41@group-D48B69A44692: changes role from  FOLLOWER to FOLLOWER at term 101 for recognizeCandidate:a1c78c0e-869c-4f76-b4ce-2034448e0b80
2019-10-19 01:04:40,140 [grpc-default-executor-4] INFO  impl.RoleInfo (RoleInfo.java:shutdownFollowerState(121)) - 51276c3c-a3b8-4274-b089-592ff4589f41: shutdown FollowerState
2019-10-19 01:04:40,140 [grpc-default-executor-4] INFO  impl.RoleInfo (RoleInfo.java:updateAndGet(143)) - 51276c3c-a3b8-4274-b089-592ff4589f41: start FollowerState
2019-10-19 01:04:40,140 [Thread-1659] INFO  impl.FollowerState (FollowerState.java:run(117)) - 51276c3c-a3b8-4274-b089-592ff4589f41@group-D48B69A44692-FollowerState was interrupted: java.lang.InterruptedException: sleep interrupted
2019-10-19 01:04:40,141 [grpc-default-executor-1] INFO  impl.RaftServerImpl (RaftServerImpl.java:setRole(184)) - 64c90977-e867-487c-b50d-c226f2d34a76@group-D48B69A44692: changes role from  FOLLOWER to FOLLOWER at term 101 for recognizeCandidate:a1c78c0e-869c-4f76-b4ce-2034448e0b80
2019-10-19 01:04:40,141 [grpc-default-executor-1] INFO  impl.RoleInfo (RoleInfo.java:shutdownFollowerState(121)) - 64c90977-e867-487c-b50d-c226f2d34a76: shutdown FollowerState
2019-10-19 01:04:40,141 [grpc-default-executor-1] INFO  impl.RoleInfo (RoleInfo.java:updateAndGet(143)) - 64c90977-e867-487c-b50d-c226f2d34a76: start FollowerState
2019-10-19 01:04:40,141 [Thread-1660] INFO  impl.FollowerState (FollowerState.java:run(117)) - 64c90977-e867-487c-b50d-c226f2d34a76@group-D48B69A44692-FollowerState was interrupted: java.lang.InterruptedException: sleep interrupted
2019-10-19 01:04:40,165 [a1c78c0e-869c-4f76-b4ce-2034448e0b80@group-D48B69A44692-LeaderElection187] INFO  impl.LeaderElection (LeaderElection.java:logAndReturn(56)) - a1c78c0e-869c-4f76-b4ce-2034448e0b80@group-D48B69A44692-LeaderElection187: Election TIMEOUT; received 0 response(s) [] and 0 exception(s); a1c78c0e-869c-4f76-b4ce-2034448e0b80@group-D48B69A44692:t101, leader=null, voted=a1c78c0e-869c-4f76-b4ce-2034448e0b80, raftlog=a1c78c0e-869c-4f76-b4ce-2034448e0b80@group-D48B69A44692-SegmentedRaftLog:OPENED:c-1,f-1,i0, conf=-1: [51276c3c-a3b8-4274-b089-592ff4589f41:192.168.157.213:36639, 64c90977-e867-487c-b50d-c226f2d34a76:192.168.157.213:37433, a1c78c0e-869c-4f76-b4ce-2034448e0b80:192.168.157.213:33501], old=null
2019-10-19 01:04:40,168 [a1c78c0e-869c-4f76-b4ce-2034448e0b80@group-D48B69A44692-LeaderElection187] INFO  impl.LeaderElection (LeaderElection.java:askForVotes(178)) - a1c78c0e-869c-4f76-b4ce-2034448e0b80@group-D48B69A44692-LeaderElection187: begin an election at term 102 for -1: [51276c3c-a3b8-4274-b089-592ff4589f41:192.168.157.213:36639, 64c90977-e867-487c-b50d-c226f2d34a76:192.168.157.213:37433, a1c78c0e-869c-4f76-b4ce-2034448e0b80:192.168.157.213:33501], old=null
2019-10-19 01:04:40,170 [grpc-default-executor-4] INFO  impl.RaftServerImpl (RaftServerImpl.java:setRole(184)) - 64c90977-e867-487c-b50d-c226f2d34a76@group-D48B69A44692: changes role from  FOLLOWER to FOLLOWER at term 102 for recognizeCandidate:a1c78c0e-869c-4f76-b4ce-2034448e0b80
2019-10-19 01:04:40,170 [grpc-default-executor-4] INFO  impl.RoleInfo (RoleInfo.java:shutdownFollowerState(121)) - 64c90977-e867-487c-b50d-c226f2d34a76: shutdown FollowerState
2019-10-19 01:04:40,170 [grpc-default-executor-4] INFO  impl.RoleInfo (RoleInfo.java:updateAndGet(143)) - 64c90977-e867-487c-b50d-c226f2d34a76: start FollowerState
2019-10-19 01:04:40,170 [Thread-1666] INFO  impl.FollowerState (FollowerState.java:run(117)) - 64c90977-e867-487c-b50d-c226f2d34a76@group-D48B69A44692-FollowerState was interrupted: java.lang.InterruptedException: sleep interrupted
2019-10-19 01:04:40,171 [grpc-default-executor-1] INFO  impl.RaftServerImpl (RaftServerImpl.java:setRole(184)) - 51276c3c-a3b8-4274-b089-592ff4589f41@group-D48B69A44692: changes role from  FOLLOWER to FOLLOWER at term 102 for recognizeCandidate:a1c78c0e-869c-4f76-b4ce-2034448e0b80
2019-10-19 01:04:40,171 [grpc-default-executor-1] INFO  impl.RoleInfo (RoleInfo.java:shutdownFollowerState(121)) - 51276c3c-a3b8-4274-b089-592ff4589f41: shutdown FollowerState
2019-10-19 01:04:40,171 [grpc-default-executor-1] INFO  impl.RoleInfo (RoleInfo.java:updateAndGet(143)) - 51276c3c-a3b8-4274-b089-592ff4589f41: start FollowerState
2019-10-19 01:04:40,171 [Thread-1665] INFO  impl.FollowerState (FollowerState.java:run(117)) - 51276c3c-a3b8-4274-b089-592ff4589f41@group-D48B69A44692-FollowerState was interrupted: java.lang.InterruptedException: sleep interrupted
2019-10-19 01:04:40,178 [Thread-1654] INFO  impl.FollowerState (FollowerState.java:run(108)) - a54795b0-6c9c-4137-a866-f82f653c9bf9@group-FB3B7D7D89E3-FollowerState: change to CANDIDATE, lastRpcTime:148ms, electionTimeout:148ms
2019-10-19 01:04:40,178 [Thread-1654] INFO  impl.RoleInfo (RoleInfo.java:shutdownFollowerState(121)) - a54795b0-6c9c-4137-a866-f82f653c9bf9: shutdown FollowerState
2019-10-19 01:04:40,178 [Thread-1654] INFO  impl.RaftServerImpl (RaftServerImpl.java:setRole(184)) - a54795b0-6c9c-4137-a866-f82f653c9bf9@group-FB3B7D7D89E3: changes role from  FOLLOWER to CANDIDATE at term 95 for changeToCandidate
2019-10-19 01:04:40,178 [Thread-1654] INFO  impl.RoleInfo (RoleInfo.java:updateAndGet(143)) - a54795b0-6c9c-4137-a866-f82f653c9bf9: start LeaderElection
2019-10-19 01:04:40,184 [a54795b0-6c9c-4137-a866-f82f653c9bf9@group-FB3B7D7D89E3-LeaderElection188] INFO  impl.LeaderElection (LeaderElection.java:askForVotes(178)) - a54795b0-6c9c-4137-a866-f82f653c9bf9@group-FB3B7D7D89E3-LeaderElection188: begin an election at term 96 for -1: [a54795b0-6c9c-4137-a866-f82f653c9bf9:192.168.157.213:43688, b26a8d60-58dc-431d-8168-f89a9ab35f3a:192.168.157.213:35535, 16805c57-9f45-4377-8998-764a8f26e152:192.168.157.213:33728], old=null
2019-10-19 01:04:40,188 [a1c78c0e-869c-4f76-b4ce-2034448e0b80@group-D48B69A44692-LeaderElection187] INFO  impl.LeaderElection (LeaderElection.java:logAndReturn(56)) - a1c78c0e-869c-4f76-b4ce-2034448e0b80@group-D48B69A44692-LeaderElection187: Election REJECTED; received 2 response(s) [a1c78c0e-869c-4f76-b4ce-2034448e0b80<-51276c3c-a3b8-4274-b089-592ff4589f41#0:FAIL-t102, a1c78c0e-869c-4f76-b4ce-2034448e0b80<-64c90977-e867-487c-b50d-c226f2d34a76#0:FAIL-t102] and 0 exception(s); a1c78c0e-869c-4f76-b4ce-2034448e0b80@group-D48B69A44692:t102, leader=null, voted=a1c78c0e-869c-4f76-b4ce-2034448e0b80, raftlog=a1c78c0e-869c-4f76-b4ce-2034448e0b80@group-D48B69A44692-SegmentedRaftLog:OPENED:c-1,f-1,i0, conf=-1: [51276c3c-a3b8-4274-b089-592ff4589f41:192.168.157.213:36639, 64c90977-e867-487c-b50d-c226f2d34a76:192.168.157.213:37433, a1c78c0e-869c-4f76-b4ce-2034448e0b80:192.168.157.213:33501], old=null
2019-10-19 01:04:40,188 [a1c78c0e-869c-4f76-b4ce-2034448e0b80@group-D48B69A44692-LeaderElection187] INFO  impl.RaftServerImpl (RaftServerImpl.java:setRole(184)) - a1c78c0e-869c-4f76-b4ce-2034448e0b80@group-D48B69A44692: changes role from CANDIDATE to FOLLOWER at term 102 for DISCOVERED_A_NEW_TERM
2019-10-19 01:04:40,189 [a1c78c0e-869c-4f76-b4ce-2034448e0b80@group-D48B69A44692-LeaderElection187] INFO  impl.RoleInfo (RoleInfo.java:shutdownLeaderElection(134)) - a1c78c0e-869c-4f76-b4ce-2034448e0b80: shutdown LeaderElection
2019-10-19 01:04:40,189 [a1c78c0e-869c-4f76-b4ce-2034448e0b80@group-D48B69A44692-LeaderElection187] INFO  impl.RoleInfo (RoleInfo.java:updateAndGet(143)) - a1c78c0e-869c-4f76-b4ce-2034448e0b80: start FollowerState
2019-10-19 01:04:40,190 [grpc-default-executor-4] INFO  impl.RaftServerImpl (RaftServerImpl.java:setRole(184)) - b26a8d60-58dc-431d-8168-f89a9ab35f3a@group-FB3B7D7D89E3: changes role from  FOLLOWER to FOLLOWER at term 96 for recognizeCandidate:a54795b0-6c9c-4137-a866-f82f653c9bf9
2019-10-19 01:04:40,190 [grpc-default-executor-4] INFO  impl.RoleInfo (RoleInfo.java:shutdownFollowerState(121)) - b26a8d60-58dc-431d-8168-f89a9ab35f3a: shutdown FollowerState
2019-10-19 01:04:40,190 [grpc-default-executor-1] INFO  impl.RaftServerImpl (RaftServerImpl.java:setRole(184)) - 16805c57-9f45-4377-8998-764a8f26e152@group-FB3B7D7D89E3: changes role from  FOLLOWER to FOLLOWER at term 96 for recognizeCandidate:a54795b0-6c9c-4137-a866-f82f653c9bf9
2019-10-19 01:04:40,190 [grpc-default-executor-1] INFO  impl.RoleInfo (RoleInfo.java:shutdownFollowerState(121)) - 16805c57-9f45-4377-8998-764a8f26e152: shutdown FollowerState
2019-10-19 01:04:40,190 [Thread-1650] INFO  impl.FollowerState (FollowerState.java:run(117)) - b26a8d60-58dc-431d-8168-f89a9ab35f3a@group-FB3B7D7D89E3-FollowerState was interrupted: java.lang.InterruptedException: sleep interrupted
2019-10-19 01:04:40,190 [grpc-default-executor-4] INFO  impl.RoleInfo (RoleInfo.java:updateAndGet(143)) - b26a8d60-58dc-431d-8168-f89a9ab35f3a: start FollowerState
2019-10-19 01:04:40,190 [Thread-1651] INFO  impl.FollowerState (FollowerState.java:run(117)) - 16805c57-9f45-4377-8998-764a8f26e152@group-FB3B7D7D89E3-FollowerState was interrupted: java.lang.InterruptedException: sleep interrupted
2019-10-19 01:04:40,190 [grpc-default-executor-1] INFO  impl.RoleInfo (RoleInfo.java:updateAndGet(143)) - 16805c57-9f45-4377-8998-764a8f26e152: start FollowerState
2019-10-19 01:04:40,201 [Thread-1674] INFO  impl.FollowerState (FollowerState.java:run(108)) - a1c78c0e-869c-4f76-b4ce-2034448e0b80@group-D48B69A44692-FollowerState: change to CANDIDATE, lastRpcTime:12ms, electionTimeout:12ms
2019-10-19 01:04:40,201 [Thread-1674] INFO  impl.RoleInfo (RoleInfo.java:shutdownFollowerState(121)) - a1c78c0e-869c-4f76-b4ce-2034448e0b80: shutdown FollowerState
2019-10-19 01:04:40,201 [Thread-1674] INFO  impl.RaftServerImpl (RaftServerImpl.java:setRole(184)) - a1c78c0e-869c-4f76-b4ce-2034448e0b80@group-D48B69A44692: changes role from  FOLLOWER to CANDIDATE at term 102 for changeToCandidate
2019-10-19 01:04:40,201 [Thread-1674] INFO  impl.RoleInfo (RoleInfo.java:updateAndGet(143)) - a1c78c0e-869c-4f76-b4ce-2034448e0b80: start LeaderElection
2019-10-19 01:04:40,217 [a54795b0-6c9c-4137-a866-f82f653c9bf9@group-FB3B7D7D89E3-LeaderElection188] INFO  impl.LeaderElection (LeaderElection.java:logAndReturn(56)) - a54795b0-6c9c-4137-a866-f82f653c9bf9@group-FB3B7D7D89E3-LeaderElection188: Election REJECTED; received 2 response(s) [a54795b0-6c9c-4137-a866-f82f653c9bf9<-b26a8d60-58dc-431d-8168-f89a9ab35f3a#0:FAIL-t96, a54795b0-6c9c-4137-a866-f82f653c9bf9<-16805c57-9f45-4377-8998-764a8f26e152#0:FAIL-t96] and 0 exception(s); a54795b0-6c9c-4137-a866-f82f653c9bf9@group-FB3B7D7D89E3:t96, leader=null, voted=a54795b0-6c9c-4137-a866-f82f653c9bf9, raftlog=a54795b0-6c9c-4137-a866-f82f653c9bf9@group-FB3B7D7D89E3-SegmentedRaftLog:OPENED:c-1,f-1,i0, conf=-1: [a54795b0-6c9c-4137-a866-f82f653c9bf9:192.168.157.213:43688, b26a8d60-58dc-431d-8168-f89a9ab35f3a:192.168.157.213:35535, 16805c57-9f45-4377-8998-764a8f26e152:192.168.157.213:33728], old=null
2019-10-19 01:04:40,217 [a1c78c0e-869c-4f76-b4ce-2034448e0b80@group-D48B69A44692-LeaderElection189] INFO  impl.LeaderElection (LeaderElection.java:askForVotes(178)) - a1c78c0e-869c-4f76-b4ce-2034448e0b80@group-D48B69A44692-LeaderElection189: begin an election at term 103 for -1: [51276c3c-a3b8-4274-b089-592ff4589f41:192.168.157.213:36639, 64c90977-e867-487c-b50d-c226f2d34a76:192.168.157.213:37433, a1c78c0e-869c-4f76-b4ce-2034448e0b80:192.168.157.213:33501], old=null
2019-10-19 01:04:40,217 [a54795b0-6c9c-4137-a866-f82f653c9bf9@group-FB3B7D7D89E3-LeaderElection188] INFO  impl.RaftServerImpl (RaftServerImpl.java:setRole(184)) - a54795b0-6c9c-4137-a866-f82f653c9bf9@group-FB3B7D7D89E3: changes role from CANDIDATE to FOLLOWER at term 96 for DISCOVERED_A_NEW_TERM
2019-10-19 01:04:40,218 [a54795b0-6c9c-4137-a866-f82f653c9bf9@group-FB3B7D7D89E3-LeaderElection188] INFO  impl.RoleInfo (RoleInfo.java:shutdownLeaderElection(134)) - a54795b0-6c9c-4137-a866-f82f653c9bf9: shutdown LeaderElection
2019-10-19 01:04:40,218 [a54795b0-6c9c-4137-a866-f82f653c9bf9@group-FB3B7D7D89E3-LeaderElection188] INFO  impl.RoleInfo (RoleInfo.java:updateAndGet(143)) - a54795b0-6c9c-4137-a866-f82f653c9bf9: start FollowerState
2019-10-19 01:04:40,219 [grpc-default-executor-1] INFO  impl.RaftServerImpl (RaftServerImpl.java:setRole(184)) - 64c90977-e867-487c-b50d-c226f2d34a76@group-D48B69A44692: changes role from  FOLLOWER to FOLLOWER at term 103 for recognizeCandidate:a1c78c0e-869c-4f76-b4ce-2034448e0b80
2019-10-19 01:04:40,219 [grpc-default-executor-1] INFO  impl.RoleInfo (RoleInfo.java:shutdownFollowerState(121)) - 64c90977-e867-487c-b50d-c226f2d34a76: shutdown FollowerState
2019-10-19 01:04:40,219 [grpc-default-executor-1] INFO  impl.RoleInfo (RoleInfo.java:updateAndGet(143)) - 64c90977-e867-487c-b50d-c226f2d34a76: start FollowerState
2019-10-19 01:04:40,219 [Thread-1669] INFO  impl.FollowerState (FollowerState.java:run(117)) - 64c90977-e867-487c-b50d-c226f2d34a76@group-D48B69A44692-FollowerState was interrupted: java.lang.InterruptedException: sleep interrupted
2019-10-19 01:04:40,220 [grpc-default-executor-4] INFO  impl.RaftServerImpl (RaftServerImpl.java:setRole(184)) - 51276c3c-a3b8-4274-b089-592ff4589f41@group-D48B69A44692: changes role from  FOLLOWER to FOLLOWER at term 103 for recognizeCandidate:a1c78c0e-869c-4f76-b4ce-2034448e0b80
2019-10-19 01:04:40,220 [grpc-default-executor-4] INFO  impl.RoleInfo (RoleInfo.java:shutdownFollowerState(121)) - 51276c3c-a3b8-4274-b089-592ff4589f41: shutdown FollowerState
2019-10-19 01:04:40,220 [grpc-default-executor-4] INFO  impl.RoleInfo (RoleInfo.java:updateAndGet(143)) - 51276c3c-a3b8-4274-b089-592ff4589f41: start FollowerState
2019-10-19 01:04:40,220 [Thread-1670] INFO  impl.FollowerState (FollowerState.java:run(117)) - 51276c3c-a3b8-4274-b089-592ff4589f41@group-D48B69A44692-FollowerState was interrupted: java.lang.InterruptedException: sleep interrupted
2019-10-19 01:04:40,234 [a1c78c0e-869c-4f76-b4ce-2034448e0b80@group-D48B69A44692-LeaderElection189] INFO  impl.LeaderElection (LeaderElection.java:logAndReturn(56)) - a1c78c0e-869c-4f76-b4ce-2034448e0b80@group-D48B69A44692-LeaderElection189: Election REJECTED; received 2 response(s) [a1c78c0e-869c-4f76-b4ce-2034448e0b80<-51276c3c-a3b8-4274-b089-592ff4589f41#0:FAIL-t103, a1c78c0e-869c-4f76-b4ce-2034448e0b80<-64c90977-e867-487c-b50d-c226f2d34a76#0:FAIL-t103] and 0 exception(s); a1c78c0e-869c-4f76-b4ce-2034448e0b80@group-D48B69A44692:t103, leader=null, voted=a1c78c0e-869c-4f76-b4ce-2034448e0b80, raftlog=a1c78c0e-869c-4f76-b4ce-2034448e0b80@group-D48B69A44692-SegmentedRaftLog:OPENED:c-1,f-1,i0, conf=-1: [51276c3c-a3b8-4274-b089-592ff4589f41:192.168.157.213:36639, 64c90977-e867-487c-b50d-c226f2d34a76:192.168.157.213:37433, a1c78c0e-869c-4f76-b4ce-2034448e0b80:192.168.157.213:33501], old=null
2019-10-19 01:04:40,234 [a1c78c0e-869c-4f76-b4ce-2034448e0b80@group-D48B69A44692-LeaderElection189] INFO  impl.RaftServerImpl (RaftServerImpl.java:setRole(184)) - a1c78c0e-869c-4f76-b4ce-2034448e0b80@group-D48B69A44692: changes role from CANDIDATE to FOLLOWER at term 103 for DISCOVERED_A_NEW_TERM
2019-10-19 01:04:40,234 [a1c78c0e-869c-4f76-b4ce-2034448e0b80@group-D48B69A44692-LeaderElection189] INFO  impl.RoleInfo (RoleInfo.java:shutdownLeaderElection(134)) - a1c78c0e-869c-4f76-b4ce-2034448e0b80: shutdown LeaderElection
2019-10-19 01:04:40,234 [a1c78c0e-869c-4f76-b4ce-2034448e0b80@group-D48B69A44692-LeaderElection189] INFO  impl.RoleInfo (RoleInfo.java:updateAndGet(143)) - a1c78c0e-869c-4f76-b4ce-2034448e0b80: start FollowerState
2019-10-19 01:04:40,294 [Thread-1683] INFO  impl.FollowerState (FollowerState.java:run(108)) - a1c78c0e-869c-4f76-b4ce-2034448e0b80@group-D48B69A44692-FollowerState: change to CANDIDATE, lastRpcTime:59ms, electionTimeout:59ms
2019-10-19 01:04:40,294 [Thread-1683] INFO  impl.RoleInfo (RoleInfo.java:shutdownFollowerState(121)) - a1c78c0e-869c-4f76-b4ce-2034448e0b80: shutdown FollowerState
2019-10-19 01:04:40,294 [Thread-1683] INFO  impl.RaftServerImpl (RaftServerImpl.java:setRole(184)) - a1c78c0e-869c-4f76-b4ce-2034448e0b80@group-D48B69A44692: changes role from  FOLLOWER to CANDIDATE at term 103 for changeToCandidate
2019-10-19 01:04:40,294 [Thread-1683] INFO  impl.RoleInfo (RoleInfo.java:updateAndGet(143)) - a1c78c0e-869c-4f76-b4ce-2034448e0b80: start LeaderElection
2019-10-19 01:04:40,307 [a1c78c0e-869c-4f76-b4ce-2034448e0b80@group-D48B69A44692-LeaderElection190] INFO  impl.LeaderElection (LeaderElection.java:askForVotes(178)) - a1c78c0e-869c-4f76-b4ce-2034448e0b80@group-D48B69A44692-LeaderElection190: begin an election at term 104 for -1: [51276c3c-a3b8-4274-b089-592ff4589f41:192.168.157.213:36639, 64c90977-e867-487c-b50d-c226f2d34a76:192.168.157.213:37433, a1c78c0e-869c-4f76-b4ce-2034448e0b80:192.168.157.213:33501], old=null
2019-10-19 01:04:40,309 [grpc-default-executor-1] INFO  impl.RaftServerImpl (RaftServerImpl.java:setRole(184)) - 64c90977-e867-487c-b50d-c226f2d34a76@group-D48B69A44692: changes role from  FOLLOWER to FOLLOWER at term 104 for recognizeCandidate:a1c78c0e-869c-4f76-b4ce-2034448e0b80
2019-10-19 01:04:40,309 [grpc-default-executor-1] INFO  impl.RoleInfo (RoleInfo.java:shutdownFollowerState(121)) - 64c90977-e867-487c-b50d-c226f2d34a76: shutdown FollowerState
2019-10-19 01:04:40,309 [grpc-default-executor-4] INFO  impl.RaftServerImpl (RaftServerImpl.java:setRole(184)) - 51276c3c-a3b8-4274-b089-592ff4589f41@group-D48B69A44692: changes role from  FOLLOWER to FOLLOWER at term 104 for recognizeCandidate:a1c78c0e-869c-4f76-b4ce-2034448e0b80
2019-10-19 01:04:40,310 [grpc-default-executor-4] INFO  impl.RoleInfo (RoleInfo.java:shutdownFollowerState(121)) - 51276c3c-a3b8-4274-b089-592ff4589f41: shutdown FollowerState
2019-10-19 01:04:40,309 [Thread-1681] INFO  impl.FollowerState (FollowerState.java:run(117)) - 64c90977-e867-487c-b50d-c226f2d34a76@group-D48B69A44692-FollowerState was interrupted: java.lang.InterruptedException: sleep interrupted
2019-10-19 01:04:40,309 [grpc-default-executor-1] INFO  impl.RoleInfo (RoleInfo.java:updateAndGet(143)) - 64c90977-e867-487c-b50d-c226f2d34a76: start FollowerState
2019-10-19 01:04:40,310 [Thread-1682] INFO  impl.FollowerState (FollowerState.java:run(117)) - 51276c3c-a3b8-4274-b089-592ff4589f41@group-D48B69A44692-FollowerState was interrupted: java.lang.InterruptedException: sleep interrupted
2019-10-19 01:04:40,310 [grpc-default-executor-4] INFO  impl.RoleInfo (RoleInfo.java:updateAndGet(143)) - 51276c3c-a3b8-4274-b089-592ff4589f41: start FollowerState
2019-10-19 01:04:40,324 [a1c78c0e-869c-4f76-b4ce-2034448e0b80@group-D48B69A44692-LeaderElection190] INFO  impl.LeaderElection (LeaderElection.java:logAndReturn(56)) - a1c78c0e-869c-4f76-b4ce-2034448e0b80@group-D48B69A44692-LeaderElection190: Election REJECTED; received 2 response(s) [a1c78c0e-869c-4f76-b4ce-2034448e0b80<-51276c3c-a3b8-4274-b089-592ff4589f41#0:FAIL-t104, a1c78c0e-869c-4f76-b4ce-2034448e0b80<-64c90977-e867-487c-b50d-c226f2d34a76#0:FAIL-t104] and 0 exception(s); a1c78c0e-869c-4f76-b4ce-2034448e0b80@group-D48B69A44692:t104, leader=null, voted=a1c78c0e-869c-4f76-b4ce-2034448e0b80, raftlog=a1c78c0e-869c-4f76-b4ce-2034448e0b80@group-D48B69A44692-SegmentedRaftLog:OPENED:c-1,f-1,i0, conf=-1: [51276c3c-a3b8-4274-b089-592ff4589f41:192.168.157.213:36639, 64c90977-e867-487c-b50d-c226f2d34a76:192.168.157.213:37433, a1c78c0e-869c-4f76-b4ce-2034448e0b80:192.168.157.213:33501], old=null
2019-10-19 01:04:40,325 [a1c78c0e-869c-4f76-b4ce-2034448e0b80@group-D48B69A44692-LeaderElection190] INFO  impl.RaftServerImpl (RaftServerImpl.java:setRole(184)) - a1c78c0e-869c-4f76-b4ce-2034448e0b80@group-D48B69A44692: changes role from CANDIDATE to FOLLOWER at term 104 for DISCOVERED_A_NEW_TERM
2019-10-19 01:04:40,325 [a1c78c0e-869c-4f76-b4ce-2034448e0b80@group-D48B69A44692-LeaderElection190] INFO  impl.RoleInfo (RoleInfo.java:shutdownLeaderElection(134)) - a1c78c0e-869c-4f76-b4ce-2034448e0b80: shutdown LeaderElection
2019-10-19 01:04:40,325 [a1c78c0e-869c-4f76-b4ce-2034448e0b80@group-D48B69A44692-LeaderElection190] INFO  impl.RoleInfo (RoleInfo.java:updateAndGet(143)) - a1c78c0e-869c-4f76-b4ce-2034448e0b80: start FollowerState
2019-10-19 01:04:40,365 [Thread-1680] INFO  impl.FollowerState (FollowerState.java:run(108)) - a54795b0-6c9c-4137-a866-f82f653c9bf9@group-FB3B7D7D89E3-FollowerState: change to CANDIDATE, lastRpcTime:147ms, electionTimeout:147ms
2019-10-19 01:04:40,365 [Thread-1680] INFO  impl.RoleInfo (RoleInfo.java:shutdownFollowerState(121)) - a54795b0-6c9c-4137-a866-f82f653c9bf9: shutdown FollowerState
2019-10-19 01:04:40,366 [Thread-1680] INFO  impl.RaftServerImpl (RaftServerImpl.java:setRole(184)) - a54795b0-6c9c-4137-a866-f82f653c9bf9@group-FB3B7D7D89E3: changes role from  FOLLOWER to CANDIDATE at term 96 for changeToCandidate
2019-10-19 01:04:40,366 [Thread-1680] INFO  impl.RoleInfo (RoleInfo.java:updateAndGet(143)) - a54795b0-6c9c-4137-a866-f82f653c9bf9: start LeaderElection
2019-10-19 01:04:40,379 [a54795b0-6c9c-4137-a866-f82f653c9bf9@group-FB3B7D7D89E3-LeaderElection191] INFO  impl.LeaderElection (LeaderElection.java:askForVotes(178)) - a54795b0-6c9c-4137-a866-f82f653c9bf9@group-FB3B7D7D89E3-LeaderElection191: begin an election at term 97 for -1: [a54795b0-6c9c-4137-a866-f82f653c9bf9:192.168.157.213:43688, b26a8d60-58dc-431d-8168-f89a9ab35f3a:192.168.157.213:35535, 16805c57-9f45-4377-8998-764a8f26e152:192.168.157.213:33728], old=null
2019-10-19 01:04:40,381 [grpc-default-executor-4] INFO  impl.RaftServerImpl (RaftServerImpl.java:setRole(184)) - b26a8d60-58dc-431d-8168-f89a9ab35f3a@group-FB3B7D7D89E3: changes role from  FOLLOWER to FOLLOWER at term 97 for recognizeCandidate:a54795b0-6c9c-4137-a866-f82f653c9bf9
2019-10-19 01:04:40,381 [grpc-default-executor-4] INFO  impl.RoleInfo (RoleInfo.java:shutdownFollowerState(121)) - b26a8d60-58dc-431d-8168-f89a9ab35f3a: shutdown FollowerState
2019-10-19 01:04:40,381 [grpc-default-executor-1] INFO  impl.RaftServerImpl (RaftServerImpl.java:setRole(184)) - 16805c57-9f45-4377-8998-764a8f26e152@group-FB3B7D7D89E3: changes role from  FOLLOWER to FOLLOWER at term 97 for recognizeCandidate:a54795b0-6c9c-4137-a866-f82f653c9bf9
2019-10-19 01:04:40,381 [Thread-1675] INFO  impl.FollowerState (FollowerState.java:run(117)) - b26a8d60-58dc-431d-8168-f89a9ab35f3a@group-FB3B7D7D89E3-FollowerState was interrupted: java.lang.InterruptedException: sleep interrupted
2019-10-19 01:04:40,381 [grpc-default-executor-4] INFO  impl.RoleInfo (RoleInfo.java:updateAndGet(143)) - b26a8d60-58dc-431d-8168-f89a9ab35f3a: start FollowerState
2019-10-19 01:04:40,381 [grpc-default-executor-1] INFO  impl.RoleInfo (RoleInfo.java:shutdownFollowerState(121)) - 16805c57-9f45-4377-8998-764a8f26e152: shutdown FollowerState
2019-10-19 01:04:40,382 [grpc-default-executor-1] INFO  impl.RoleInfo (RoleInfo.java:updateAndGet(143)) - 16805c57-9f45-4377-8998-764a8f26e152: start FollowerState
2019-10-19 01:04:40,382 [Thread-1676] INFO  impl.FollowerState (FollowerState.java:run(117)) - 16805c57-9f45-4377-8998-764a8f26e152@group-FB3B7D7D89E3-FollowerState was interrupted: java.lang.InterruptedException: sleep interrupted
2019-10-19 01:04:40,386 [a54795b0-6c9c-4137-a866-f82f653c9bf9@group-FB3B7D7D89E3-LeaderElection191] INFO  impl.LeaderElection (LeaderElection.java:logAndReturn(56)) - a54795b0-6c9c-4137-a866-f82f653c9bf9@group-FB3B7D7D89E3-LeaderElection191: Election TIMEOUT; received 0 response(s) [] and 0 exception(s); a54795b0-6c9c-4137-a866-f82f653c9bf9@group-FB3B7D7D89E3:t97, leader=null, voted=a54795b0-6c9c-4137-a866-f82f653c9bf9, raftlog=a54795b0-6c9c-4137-a866-f82f653c9bf9@group-FB3B7D7D89E3-SegmentedRaftLog:OPENED:c-1,f-1,i0, conf=-1: [a54795b0-6c9c-4137-a866-f82f653c9bf9:192.168.157.213:43688, b26a8d60-58dc-431d-8168-f89a9ab35f3a:192.168.157.213:35535, 16805c57-9f45-4377-8998-764a8f26e152:192.168.157.213:33728], old=null
2019-10-19 01:04:40,395 [a54795b0-6c9c-4137-a866-f82f653c9bf9@group-FB3B7D7D89E3-LeaderElection191] INFO  impl.LeaderElection (LeaderElection.java:askForVotes(178)) - a54795b0-6c9c-4137-a866-f82f653c9bf9@group-FB3B7D7D89E3-LeaderElection191: begin an election at term 98 for -1: [a54795b0-6c9c-4137-a866-f82f653c9bf9:192.168.157.213:43688, b26a8d60-58dc-431d-8168-f89a9ab35f3a:192.168.157.213:35535, 16805c57-9f45-4377-8998-764a8f26e152:192.168.157.213:33728], old=null
2019-10-19 01:04:40,396 [grpc-default-executor-4] INFO  impl.RaftServerImpl (RaftServerImpl.java:setRole(184)) - b26a8d60-58dc-431d-8168-f89a9ab35f3a@group-FB3B7D7D89E3: changes role from  FOLLOWER to FOLLOWER at term 98 for recognizeCandidate:a54795b0-6c9c-4137-a866-f82f653c9bf9
2019-10-19 01:04:40,396 [grpc-default-executor-1] INFO  impl.RaftServerImpl (RaftServerImpl.java:setRole(184)) - 16805c57-9f45-4377-8998-764a8f26e152@group-FB3B7D7D89E3: changes role from  FOLLOWER to FOLLOWER at term 98 for recognizeCandidate:a54795b0-6c9c-4137-a866-f82f653c9bf9
2019-10-19 01:04:40,397 [grpc-default-executor-1] INFO  impl.RoleInfo (RoleInfo.java:shutdownFollowerState(121)) - 16805c57-9f45-4377-8998-764a8f26e152: shutdown FollowerState
2019-10-19 01:04:40,396 [grpc-default-executor-4] INFO  impl.RoleInfo (RoleInfo.java:shutdownFollowerState(121)) - b26a8d60-58dc-431d-8168-f89a9ab35f3a: shutdown FollowerState
2019-10-19 01:04:40,397 [Thread-1696] INFO  impl.FollowerState (FollowerState.java:run(117)) - 16805c57-9f45-4377-8998-764a8f26e152@group-FB3B7D7D89E3-FollowerState was interrupted: java.lang.InterruptedException: sleep interrupted
2019-10-19 01:04:40,397 [grpc-default-executor-1] INFO  impl.RoleInfo (RoleInfo.java:updateAndGet(143)) - 16805c57-9f45-4377-8998-764a8f26e152: start FollowerState
2019-10-19 01:04:40,397 [Thread-1695] INFO  impl.FollowerState (FollowerState.java:run(117)) - b26a8d60-58dc-431d-8168-f89a9ab35f3a@group-FB3B7D7D89E3-FollowerState was interrupted: java.lang.InterruptedException: sleep interrupted
2019-10-19 01:04:40,397 [grpc-default-executor-4] INFO  impl.RoleInfo (RoleInfo.java:updateAndGet(143)) - b26a8d60-58dc-431d-8168-f89a9ab35f3a: start FollowerState
2019-10-19 01:04:40,416 [a54795b0-6c9c-4137-a866-f82f653c9bf9@group-FB3B7D7D89E3-LeaderElection191] INFO  impl.LeaderElection (LeaderElection.java:logAndReturn(56)) - a54795b0-6c9c-4137-a866-f82f653c9bf9@group-FB3B7D7D89E3-LeaderElection191: Election REJECTED; received 2 response(s) [a54795b0-6c9c-4137-a866-f82f653c9bf9<-b26a8d60-58dc-431d-8168-f89a9ab35f3a#0:FAIL-t98, a54795b0-6c9c-4137-a866-f82f653c9bf9<-16805c57-9f45-4377-8998-764a8f26e152#0:FAIL-t98] and 0 exception(s); a54795b0-6c9c-4137-a866-f82f653c9bf9@group-FB3B7D7D89E3:t98, leader=null, voted=a54795b0-6c9c-4137-a866-f82f653c9bf9, raftlog=a54795b0-6c9c-4137-a866-f82f653c9bf9@group-FB3B7D7D89E3-SegmentedRaftLog:OPENED:c-1,f-1,i0, conf=-1: [a54795b0-6c9c-4137-a866-f82f653c9bf9:192.168.157.213:43688, b26a8d60-58dc-431d-8168-f89a9ab35f3a:192.168.157.213:35535, 16805c57-9f45-4377-8998-764a8f26e152:192.168.157.213:33728], old=null
2019-10-19 01:04:40,417 [a54795b0-6c9c-4137-a866-f82f653c9bf9@group-FB3B7D7D89E3-LeaderElection191] INFO  impl.RaftServerImpl (RaftServerImpl.java:setRole(184)) - a54795b0-6c9c-4137-a866-f82f653c9bf9@group-FB3B7D7D89E3: changes role from CANDIDATE to FOLLOWER at term 98 for DISCOVERED_A_NEW_TERM
2019-10-19 01:04:40,417 [a54795b0-6c9c-4137-a866-f82f653c9bf9@group-FB3B7D7D89E3-LeaderElection191] INFO  impl.RoleInfo (RoleInfo.java:shutdownLeaderElection(134)) - a54795b0-6c9c-4137-a866-f82f653c9bf9: shutdown LeaderElection
2019-10-19 01:04:40,417 [a54795b0-6c9c-4137-a866-f82f653c9bf9@group-FB3B7D7D89E3-LeaderElection191] INFO  impl.RoleInfo (RoleInfo.java:updateAndGet(143)) - a54795b0-6c9c-4137-a866-f82f653c9bf9: start FollowerState
2019-10-19 01:04:40,517 [Thread-1701] INFO  impl.FollowerState (FollowerState.java:run(108)) - a54795b0-6c9c-4137-a866-f82f653c9bf9@group-FB3B7D7D89E3-FollowerState: change to CANDIDATE, lastRpcTime:99ms, electionTimeout:99ms
2019-10-19 01:04:40,517 [Thread-1701] INFO  impl.RoleInfo (RoleInfo.java:shutdownFollowerState(121)) - a54795b0-6c9c-4137-a866-f82f653c9bf9: shutdown FollowerState
2019-10-19 01:04:40,517 [Thread-1701] INFO  impl.RaftServerImpl (RaftServerImpl.java:setRole(184)) - a54795b0-6c9c-4137-a866-f82f653c9bf9@group-FB3B7D7D89E3: changes role from  FOLLOWER to CANDIDATE at term 98 for changeToCandidate
2019-10-19 01:04:40,517 [Thread-1701] INFO  impl.RoleInfo (RoleInfo.java:updateAndGet(143)) - a54795b0-6c9c-4137-a866-f82f653c9bf9: start LeaderElection
2019-10-19 01:04:40,518 [Thread-1691] INFO  impl.FollowerState (FollowerState.java:run(108)) - a1c78c0e-869c-4f76-b4ce-2034448e0b80@group-D48B69A44692-FollowerState: change to CANDIDATE, lastRpcTime:193ms, electionTimeout:193ms
2019-10-19 01:04:40,518 [Thread-1691] INFO  impl.RoleInfo (RoleInfo.java:shutdownFollowerState(121)) - a1c78c0e-869c-4f76-b4ce-2034448e0b80: shutdown FollowerState
2019-10-19 01:04:40,518 [Thread-1691] INFO  impl.RaftServerImpl (RaftServerImpl.java:setRole(184)) - a1c78c0e-869c-4f76-b4ce-2034448e0b80@group-D48B69A44692: changes role from  FOLLOWER to CANDIDATE at term 104 for changeToCandidate
2019-10-19 01:04:40,518 [Thread-1691] INFO  impl.RoleInfo (RoleInfo.java:updateAndGet(143)) - a1c78c0e-869c-4f76-b4ce-2034448e0b80: start LeaderElection
2019-10-19 01:04:40,531 [a1c78c0e-869c-4f76-b4ce-2034448e0b80@group-D48B69A44692-LeaderElection193] INFO  impl.LeaderElection (LeaderElection.java:askForVotes(178)) - a1c78c0e-869c-4f76-b4ce-2034448e0b80@group-D48B69A44692-LeaderElection193: begin an election at term 105 for -1: [51276c3c-a3b8-4274-b089-592ff4589f41:192.168.157.213:36639, 64c90977-e867-487c-b50d-c226f2d34a76:192.168.157.213:37433, a1c78c0e-869c-4f76-b4ce-2034448e0b80:192.168.157.213:33501], old=null
2019-10-19 01:04:40,531 [a54795b0-6c9c-4137-a866-f82f653c9bf9@group-FB3B7D7D89E3-LeaderElection192] INFO  impl.LeaderElection (LeaderElection.java:askForVotes(178)) - a54795b0-6c9c-4137-a866-f82f653c9bf9@group-FB3B7D7D89E3-LeaderElection192: begin an election at term 99 for -1: [a54795b0-6c9c-4137-a866-f82f653c9bf9:192.168.157.213:43688, b26a8d60-58dc-431d-8168-f89a9ab35f3a:192.168.157.213:35535, 16805c57-9f45-4377-8998-764a8f26e152:192.168.157.213:33728], old=null
2019-10-19 01:04:40,532 [grpc-default-executor-4] INFO  impl.RaftServerImpl (RaftServerImpl.java:setRole(184)) - 51276c3c-a3b8-4274-b089-592ff4589f41@group-D48B69A44692: changes role from  FOLLOWER to FOLLOWER at term 105 for recognizeCandidate:a1c78c0e-869c-4f76-b4ce-2034448e0b80
2019-10-19 01:04:40,533 [grpc-default-executor-4] INFO  impl.RoleInfo (RoleInfo.java:shutdownFollowerState(121)) - 51276c3c-a3b8-4274-b089-592ff4589f41: shutdown FollowerState
2019-10-19 01:04:40,533 [grpc-default-executor-1] INFO  impl.RaftServerImpl (RaftServerImpl.java:setRole(184)) - 64c90977-e867-487c-b50d-c226f2d34a76@group-D48B69A44692: changes role from  FOLLOWER to FOLLOWER at term 105 for recognizeCandidate:a1c78c0e-869c-4f76-b4ce-2034448e0b80
2019-10-19 01:04:40,533 [grpc-default-executor-5] INFO  impl.RaftServerImpl (RaftServerImpl.java:setRole(184)) - 16805c57-9f45-4377-8998-764a8f26e152@group-FB3B7D7D89E3: changes role from  FOLLOWER to FOLLOWER at term 99 for recognizeCandidate:a54795b0-6c9c-4137-a866-f82f653c9bf9
2019-10-19 01:04:40,533 [grpc-default-executor-5] INFO  impl.RoleInfo (RoleInfo.java:shutdownFollowerState(121)) - 16805c57-9f45-4377-8998-764a8f26e152: shutdown FollowerState
2019-10-19 01:04:40,533 [Thread-1690] INFO  impl.FollowerState (FollowerState.java:run(117)) - 51276c3c-a3b8-4274-b089-592ff4589f41@group-D48B69A44692-FollowerState was interrupted: java.lang.InterruptedException: sleep interrupted
2019-10-19 01:04:40,533 [grpc-default-executor-4] INFO  impl.RoleInfo (RoleInfo.java:updateAndGet(143)) - 51276c3c-a3b8-4274-b089-592ff4589f41: start FollowerState
2019-10-19 01:04:40,533 [Thread-1699] INFO  impl.FollowerState (FollowerState.java:run(117)) - 16805c57-9f45-4377-8998-764a8f26e152@group-FB3B7D7D89E3-FollowerState was interrupted: java.lang.InterruptedException: sleep interrupted
2019-10-19 01:04:40,533 [grpc-default-executor-5] INFO  impl.RoleInfo (RoleInfo.java:updateAndGet(143)) - 16805c57-9f45-4377-8998-764a8f26e152: start FollowerState
2019-10-19 01:04:40,533 [grpc-default-executor-7] INFO  impl.RaftServerImpl (RaftServerImpl.java:setRole(184)) - b26a8d60-58dc-431d-8168-f89a9ab35f3a@group-FB3B7D7D89E3: changes role from  FOLLOWER to FOLLOWER at term 99 for recognizeCandidate:a54795b0-6c9c-4137-a866-f82f653c9bf9
2019-10-19 01:04:40,533 [grpc-default-executor-1] INFO  impl.RoleInfo (RoleInfo.java:shutdownFollowerState(121)) - 64c90977-e867-487c-b50d-c226f2d34a76: shutdown FollowerState
2019-10-19 01:04:40,534 [grpc-default-executor-7] INFO  impl.RoleInfo (RoleInfo.java:shutdownFollowerState(121)) - b26a8d60-58dc-431d-8168-f89a9ab35f3a: shutdown FollowerState
2019-10-19 01:04:40,534 [Thread-1689] INFO  impl.FollowerState (FollowerState.java:run(117)) - 64c90977-e867-487c-b50d-c226f2d34a76@group-D48B69A44692-FollowerState was interrupted: java.lang.InterruptedException: sleep interrupted
2019-10-19 01:04:40,534 [grpc-default-executor-1] INFO  impl.RoleInfo (RoleInfo.java:updateAndGet(143)) - 64c90977-e867-487c-b50d-c226f2d34a76: start FollowerState
2019-10-19 01:04:40,534 [Thread-1700] INFO  impl.FollowerState (FollowerState.java:run(117)) - b26a8d60-58dc-431d-8168-f89a9ab35f3a@group-FB3B7D7D89E3-FollowerState was interrupted: java.lang.InterruptedException: sleep interrupted
2019-10-19 01:04:40,534 [grpc-default-executor-7] INFO  impl.RoleInfo (RoleInfo.java:updateAndGet(143)) - b26a8d60-58dc-431d-8168-f89a9ab35f3a: start FollowerState
2019-10-19 01:04:40,549 [a1c78c0e-869c-4f76-b4ce-2034448e0b80@group-D48B69A44692-LeaderElection193] INFO  impl.LeaderElection (LeaderElection.java:logAndReturn(56)) - a1c78c0e-869c-4f76-b4ce-2034448e0b80@group-D48B69A44692-LeaderElection193: Election REJECTED; received 2 response(s) [a1c78c0e-869c-4f76-b4ce-2034448e0b80<-51276c3c-a3b8-4274-b089-592ff4589f41#0:FAIL-t105, a1c78c0e-869c-4f76-b4ce-2034448e0b80<-64c90977-e867-487c-b50d-c226f2d34a76#0:FAIL-t105] and 0 exception(s); a1c78c0e-869c-4f76-b4ce-2034448e0b80@group-D48B69A44692:t105, leader=null, voted=a1c78c0e-869c-4f76-b4ce-2034448e0b80, raftlog=a1c78c0e-869c-4f76-b4ce-2034448e0b80@group-D48B69A44692-SegmentedRaftLog:OPENED:c-1,f-1,i0, conf=-1: [51276c3c-a3b8-4274-b089-592ff4589f41:192.168.157.213:36639, 64c90977-e867-487c-b50d-c226f2d34a76:192.168.157.213:37433, a1c78c0e-869c-4f76-b4ce-2034448e0b80:192.168.157.213:33501], old=null
2019-10-19 01:04:40,549 [a1c78c0e-869c-4f76-b4ce-2034448e0b80@group-D48B69A44692-LeaderElection193] INFO  impl.RaftServerImpl (RaftServerImpl.java:setRole(184)) - a1c78c0e-869c-4f76-b4ce-2034448e0b80@group-D48B69A44692: changes role from CANDIDATE to FOLLOWER at term 105 for DISCOVERED_A_NEW_TERM
2019-10-19 01:04:40,549 [a54795b0-6c9c-4137-a866-f82f653c9bf9@group-FB3B7D7D89E3-LeaderElection192] INFO  impl.LeaderElection (LeaderElection.java:logAndReturn(56)) - a54795b0-6c9c-4137-a866-f82f653c9bf9@group-FB3B7D7D89E3-LeaderElection192: Election REJECTED; received 2 response(s) [a54795b0-6c9c-4137-a866-f82f653c9bf9<-b26a8d60-58dc-431d-8168-f89a9ab35f3a#0:FAIL-t99, a54795b0-6c9c-4137-a866-f82f653c9bf9<-16805c57-9f45-4377-8998-764a8f26e152#0:FAIL-t99] and 0 exception(s); a54795b0-6c9c-4137-a866-f82f653c9bf9@group-FB3B7D7D89E3:t99, leader=null, voted=a54795b0-6c9c-4137-a866-f82f653c9bf9, raftlog=a54795b0-6c9c-4137-a866-f82f653c9bf9@group-FB3B7D7D89E3-SegmentedRaftLog:OPENED:c-1,f-1,i0, conf=-1: [a54795b0-6c9c-4137-a866-f82f653c9bf9:192.168.157.213:43688, b26a8d60-58dc-431d-8168-f89a9ab35f3a:192.168.157.213:35535, 16805c57-9f45-4377-8998-764a8f26e152:192.168.157.213:33728], old=null
2019-10-19 01:04:40,549 [a1c78c0e-869c-4f76-b4ce-2034448e0b80@group-D48B69A44692-LeaderElection193] INFO  impl.RoleInfo (RoleInfo.java:shutdownLeaderElection(134)) - a1c78c0e-869c-4f76-b4ce-2034448e0b80: shutdown LeaderElection
2019-10-19 01:04:40,549 [a54795b0-6c9c-4137-a866-f82f653c9bf9@group-FB3B7D7D89E3-LeaderElection192] INFO  impl.RaftServerImpl (RaftServerImpl.java:setRole(184)) - a54795b0-6c9c-4137-a866-f82f653c9bf9@group-FB3B7D7D89E3: changes role from CANDIDATE to FOLLOWER at term 99 for DISCOVERED_A_NEW_TERM
2019-10-19 01:04:40,549 [a1c78c0e-869c-4f76-b4ce-2034448e0b80@group-D48B69A44692-LeaderElection193] INFO  impl.RoleInfo (RoleInfo.java:updateAndGet(143)) - a1c78c0e-869c-4f76-b4ce-2034448e0b80: start FollowerState
2019-10-19 01:04:40,549 [a54795b0-6c9c-4137-a866-f82f653c9bf9@group-FB3B7D7D89E3-LeaderElection192] INFO  impl.RoleInfo (RoleInfo.java:shutdownLeaderElection(134)) - a54795b0-6c9c-4137-a866-f82f653c9bf9: shutdown LeaderElection
2019-10-19 01:04:40,550 [a54795b0-6c9c-4137-a866-f82f653c9bf9@group-FB3B7D7D89E3-LeaderElection192] INFO  impl.RoleInfo (RoleInfo.java:updateAndGet(143)) - a54795b0-6c9c-4137-a866-f82f653c9bf9: start FollowerState
2019-10-19 01:04:40,667 [Thread-1712] INFO  impl.FollowerState (FollowerState.java:run(108)) - a1c78c0e-869c-4f76-b4ce-2034448e0b80@group-D48B69A44692-FollowerState: change to CANDIDATE, lastRpcTime:117ms, electionTimeout:117ms
2019-10-19 01:04:40,667 [Thread-1712] INFO  impl.RoleInfo (RoleInfo.java:shutdownFollowerState(121)) - a1c78c0e-869c-4f76-b4ce-2034448e0b80: shutdown FollowerState
2019-10-19 01:04:40,667 [Thread-1712] INFO  impl.RaftServerImpl (RaftServerImpl.java:setRole(184)) - a1c78c0e-869c-4f76-b4ce-2034448e0b80@group-D48B69A44692: changes role from  FOLLOWER to CANDIDATE at term 105 for changeToCandidate
2019-10-19 01:04:40,667 [Thread-1712] INFO  impl.RoleInfo (RoleInfo.java:updateAndGet(143)) - a1c78c0e-869c-4f76-b4ce-2034448e0b80: start LeaderElection
2019-10-19 01:04:40,673 [a1c78c0e-869c-4f76-b4ce-2034448e0b80@group-D48B69A44692-LeaderElection194] INFO  impl.LeaderElection (LeaderElection.java:askForVotes(178)) - a1c78c0e-869c-4f76-b4ce-2034448e0b80@group-D48B69A44692-LeaderElection194: begin an election at term 106 for -1: [51276c3c-a3b8-4274-b089-592ff4589f41:192.168.157.213:36639, 64c90977-e867-487c-b50d-c226f2d34a76:192.168.157.213:37433, a1c78c0e-869c-4f76-b4ce-2034448e0b80:192.168.157.213:33501], old=null
2019-10-19 01:04:40,675 [grpc-default-executor-4] INFO  impl.RaftServerImpl (RaftServerImpl.java:setRole(184)) - 51276c3c-a3b8-4274-b089-592ff4589f41@group-D48B69A44692: changes role from  FOLLOWER to FOLLOWER at term 106 for recognizeCandidate:a1c78c0e-869c-4f76-b4ce-2034448e0b80
2019-10-19 01:04:40,675 [grpc-default-executor-5] INFO  impl.RaftServerImpl (RaftServerImpl.java:setRole(184)) - 64c90977-e867-487c-b50d-c226f2d34a76@group-D48B69A44692: changes role from  FOLLOWER to FOLLOWER at term 106 for recognizeCandidate:a1c78c0e-869c-4f76-b4ce-2034448e0b80
2019-10-19 01:04:40,675 [grpc-default-executor-4] INFO  impl.RoleInfo (RoleInfo.java:shutdownFollowerState(121)) - 51276c3c-a3b8-4274-b089-592ff4589f41: shutdown FollowerState
2019-10-19 01:04:40,675 [grpc-default-executor-5] INFO  impl.RoleInfo (RoleInfo.java:shutdownFollowerState(121)) - 64c90977-e867-487c-b50d-c226f2d34a76: shutdown FollowerState
2019-10-19 01:04:40,676 [grpc-default-executor-4] INFO  impl.RoleInfo (RoleInfo.java:updateAndGet(143)) - 51276c3c-a3b8-4274-b089-592ff4589f41: start FollowerState
2019-10-19 01:04:40,676 [Thread-1708] INFO  impl.FollowerState (FollowerState.java:run(117)) - 51276c3c-a3b8-4274-b089-592ff4589f41@group-D48B69A44692-FollowerState was interrupted: java.lang.InterruptedException: sleep interrupted
2019-10-19 01:04:40,676 [Thread-1710] INFO  impl.FollowerState (FollowerState.java:run(117)) - 64c90977-e867-487c-b50d-c226f2d34a76@group-D48B69A44692-FollowerState was interrupted: java.lang.InterruptedException: sleep interrupted
2019-10-19 01:04:40,676 [grpc-default-executor-5] INFO  impl.RoleInfo (RoleInfo.java:updateAndGet(143)) - 64c90977-e867-487c-b50d-c226f2d34a76: start FollowerState
2019-10-19 01:04:40,685 [a1c78c0e-869c-4f76-b4ce-2034448e0b80@group-D48B69A44692-LeaderElection194] INFO  impl.LeaderElection (LeaderElection.java:logAndReturn(56)) - a1c78c0e-869c-4f76-b4ce-2034448e0b80@group-D48B69A44692-LeaderElection194: Election REJECTED; received 2 response(s) [a1c78c0e-869c-4f76-b4ce-2034448e0b80<-51276c3c-a3b8-4274-b089-592ff4589f41#0:FAIL-t106, a1c78c0e-869c-4f76-b4ce-2034448e0b80<-64c90977-e867-487c-b50d-c226f2d34a76#0:FAIL-t106] and 0 exception(s); a1c78c0e-869c-4f76-b4ce-2034448e0b80@group-D48B69A44692:t106, leader=null, voted=a1c78c0e-869c-4f76-b4ce-2034448e0b80, raftlog=a1c78c0e-869c-4f76-b4ce-2034448e0b80@group-D48B69A44692-SegmentedRaftLog:OPENED:c-1,f-1,i0, conf=-1: [51276c3c-a3b8-4274-b089-592ff4589f41:192.168.157.213:36639, 64c90977-e867-487c-b50d-c226f2d34a76:192.168.157.213:37433, a1c78c0e-869c-4f76-b4ce-2034448e0b80:192.168.157.213:33501], old=null
2019-10-19 01:04:40,685 [a1c78c0e-869c-4f76-b4ce-2034448e0b80@group-D48B69A44692-LeaderElection194] INFO  impl.RaftServerImpl (RaftServerImpl.java:setRole(184)) - a1c78c0e-869c-4f76-b4ce-2034448e0b80@group-D48B69A44692: changes role from CANDIDATE to FOLLOWER at term 106 for DISCOVERED_A_NEW_TERM
2019-10-19 01:04:40,685 [a1c78c0e-869c-4f76-b4ce-2034448e0b80@group-D48B69A44692-LeaderElection194] INFO  impl.RoleInfo (RoleInfo.java:shutdownLeaderElection(134)) - a1c78c0e-869c-4f76-b4ce-2034448e0b80: shutdown LeaderElection
2019-10-19 01:04:40,685 [a1c78c0e-869c-4f76-b4ce-2034448e0b80@group-D48B69A44692-LeaderElection194] INFO  impl.RoleInfo (RoleInfo.java:updateAndGet(143)) - a1c78c0e-869c-4f76-b4ce-2034448e0b80: start FollowerState
2019-10-19 01:04:40,727 [Thread-1719] INFO  impl.FollowerState (FollowerState.java:run(108)) - a1c78c0e-869c-4f76-b4ce-2034448e0b80@group-D48B69A44692-FollowerState: change to CANDIDATE, lastRpcTime:42ms, electionTimeout:42ms
2019-10-19 01:04:40,728 [Thread-1719] INFO  impl.RoleInfo (RoleInfo.java:shutdownFollowerState(121)) - a1c78c0e-869c-4f76-b4ce-2034448e0b80: shutdown FollowerState
2019-10-19 01:04:40,728 [Thread-1719] INFO  impl.RaftServerImpl (RaftServerImpl.java:setRole(184)) - a1c78c0e-869c-4f76-b4ce-2034448e0b80@group-D48B69A44692: changes role from  FOLLOWER to CANDIDATE at term 106 for changeToCandidate
2019-10-19 01:04:40,728 [Thread-1719] INFO  impl.RoleInfo (RoleInfo.java:updateAndGet(143)) - a1c78c0e-869c-4f76-b4ce-2034448e0b80: start LeaderElection
2019-10-19 01:04:40,739 [Thread-1713] INFO  impl.FollowerState (FollowerState.java:run(108)) - a54795b0-6c9c-4137-a866-f82f653c9bf9@group-FB3B7D7D89E3-FollowerState: change to CANDIDATE, lastRpcTime:189ms, electionTimeout:189ms
2019-10-19 01:04:40,739 [Thread-1713] INFO  impl.RoleInfo (RoleInfo.java:shutdownFollowerState(121)) - a54795b0-6c9c-4137-a866-f82f653c9bf9: shutdown FollowerState
2019-10-19 01:04:40,739 [Thread-1713] INFO  impl.RaftServerImpl (RaftServerImpl.java:setRole(184)) - a54795b0-6c9c-4137-a866-f82f653c9bf9@group-FB3B7D7D89E3: changes role from  FOLLOWER to CANDIDATE at term 99 for changeToCandidate
2019-10-19 01:04:40,739 [Thread-1713] INFO  impl.RoleInfo (RoleInfo.java:updateAndGet(143)) - a54795b0-6c9c-4137-a866-f82f653c9bf9: start LeaderElection
2019-10-19 01:04:40,757 [a1c78c0e-869c-4f76-b4ce-2034448e0b80@group-D48B69A44692-LeaderElection195] INFO  impl.LeaderElection (LeaderElection.java:askForVotes(178)) - a1c78c0e-869c-4f76-b4ce-2034448e0b80@group-D48B69A44692-LeaderElection195: begin an election at term 107 for -1: [51276c3c-a3b8-4274-b089-592ff4589f41:192.168.157.213:36639, 64c90977-e867-487c-b50d-c226f2d34a76:192.168.157.213:37433, a1c78c0e-869c-4f76-b4ce-2034448e0b80:192.168.157.213:33501], old=null
2019-10-19 01:04:40,757 [a54795b0-6c9c-4137-a866-f82f653c9bf9@group-FB3B7D7D89E3-LeaderElection196] INFO  impl.LeaderElection (LeaderElection.java:askForVotes(178)) - a54795b0-6c9c-4137-a866-f82f653c9bf9@group-FB3B7D7D89E3-LeaderElection196: begin an election at term 100 for -1: [a54795b0-6c9c-4137-a866-f82f653c9bf9:192.168.157.213:43688, b26a8d60-58dc-431d-8168-f89a9ab35f3a:192.168.157.213:35535, 16805c57-9f45-4377-8998-764a8f26e152:192.168.157.213:33728], old=null
2019-10-19 01:04:40,759 [grpc-default-executor-4] INFO  impl.RaftServerImpl (RaftServerImpl.java:setRole(184)) - 64c90977-e867-487c-b50d-c226f2d34a76@group-D48B69A44692: changes role from  FOLLOWER to FOLLOWER at term 107 for recognizeCandidate:a1c78c0e-869c-4f76-b4ce-2034448e0b80
2019-10-19 01:04:40,759 [grpc-default-executor-5] INFO  impl.RaftServerImpl (RaftServerImpl.java:setRole(184)) - 51276c3c-a3b8-4274-b089-592ff4589f41@group-D48B69A44692: changes role from  FOLLOWER to FOLLOWER at term 107 for recognizeCandidate:a1c78c0e-869c-4f76-b4ce-2034448e0b80
2019-10-19 01:04:40,759 [grpc-default-executor-7] INFO  impl.RaftServerImpl (RaftServerImpl.java:setRole(184)) - 16805c57-9f45-4377-8998-764a8f26e152@group-FB3B7D7D89E3: changes role from  FOLLOWER to FOLLOWER at term 100 for recognizeCandidate:a54795b0-6c9c-4137-a866-f82f653c9bf9
2019-10-19 01:04:40,759 [grpc-default-executor-5] INFO  impl.RoleInfo (RoleInfo.java:shutdownFollowerState(121)) - 51276c3c-a3b8-4274-b089-592ff4589f41: shutdown FollowerState
2019-10-19 01:04:40,759 [grpc-default-executor-4] INFO  impl.RoleInfo (RoleInfo.java:shutdownFollowerState(121)) - 64c90977-e867-487c-b50d-c226f2d34a76: shutdown FollowerState
2019-10-19 01:04:40,760 [Thread-1717] INFO  impl.FollowerState (FollowerState.java:run(117)) - 51276c3c-a3b8-4274-b089-592ff4589f41@group-D48B69A44692-FollowerState was interrupted: java.lang.InterruptedException: sleep interrupted
2019-10-19 01:04:40,760 [grpc-default-executor-5] INFO  impl.RoleInfo (RoleInfo.java:updateAndGet(143)) - 51276c3c-a3b8-4274-b089-592ff4589f41: start FollowerState
2019-10-19 01:04:40,759 [grpc-default-executor-7] INFO  impl.RoleInfo (RoleInfo.java:shutdownFollowerState(121)) - 16805c57-9f45-4377-8998-764a8f26e152: shutdown FollowerState
2019-10-19 01:04:40,760 [Thread-1718] INFO  impl.FollowerState (FollowerState.java:run(117)) - 64c90977-e867-487c-b50d-c226f2d34a76@group-D48B69A44692-FollowerState was interrupted: java.lang.InterruptedException: sleep interrupted
2019-10-19 01:04:40,760 [grpc-default-executor-1] INFO  impl.RaftServerImpl (RaftServerImpl.java:setRole(184)) - b26a8d60-58dc-431d-8168-f89a9ab35f3a@group-FB3B7D7D89E3: changes role from  FOLLOWER to FOLLOWER at term 100 for recognizeCandidate:a54795b0-6c9c-4137-a866-f82f653c9bf9
2019-10-19 01:04:40,760 [grpc-default-executor-4] INFO  impl.RoleInfo (RoleInfo.java:updateAndGet(143)) - 64c90977-e867-487c-b50d-c226f2d34a76: start FollowerState
2019-10-19 01:04:40,760 [grpc-default-executor-1] INFO  impl.RoleInfo (RoleInfo.java:shutdownFollowerState(121)) - b26a8d60-58dc-431d-8168-f89a9ab35f3a: shutdown FollowerState
2019-10-19 01:04:40,760 [Thread-1709] INFO  impl.FollowerState (FollowerState.java:run(117)) - 16805c57-9f45-4377-8998-764a8f26e152@group-FB3B7D7D89E3-FollowerState was interrupted: java.lang.InterruptedException: sleep interrupted
2019-10-19 01:04:40,760 [grpc-default-executor-7] INFO  impl.RoleInfo (RoleInfo.java:updateAndGet(143)) - 16805c57-9f45-4377-8998-764a8f26e152: start FollowerState
2019-10-19 01:04:40,761 [grpc-default-executor-1] INFO  impl.RoleInfo (RoleInfo.java:updateAndGet(143)) - b26a8d60-58dc-431d-8168-f89a9ab35f3a: start FollowerState
2019-10-19 01:04:40,761 [Thread-1711] INFO  impl.FollowerState (FollowerState.java:run(117)) - b26a8d60-58dc-431d-8168-f89a9ab35f3a@group-FB3B7D7D89E3-FollowerState was interrupted: java.lang.InterruptedException: sleep interrupted
2019-10-19 01:04:40,770 [a54795b0-6c9c-4137-a866-f82f653c9bf9@group-FB3B7D7D89E3-LeaderElection196] INFO  impl.LeaderElection (LeaderElection.java:logAndReturn(56)) - a54795b0-6c9c-4137-a866-f82f653c9bf9@group-FB3B7D7D89E3-LeaderElection196: Election REJECTED; received 2 response(s) [a54795b0-6c9c-4137-a866-f82f653c9bf9<-b26a8d60-58dc-431d-8168-f89a9ab35f3a#0:FAIL-t100, a54795b0-6c9c-4137-a866-f82f653c9bf9<-16805c57-9f45-4377-8998-764a8f26e152#0:FAIL-t100] and 0 exception(s); a54795b0-6c9c-4137-a866-f82f653c9bf9@group-FB3B7D7D89E3:t100, leader=null, voted=a54795b0-6c9c-4137-a866-f82f653c9bf9, raftlog=a54795b0-6c9c-4137-a866-f82f653c9bf9@group-FB3B7D7D89E3-SegmentedRaftLog:OPENED:c-1,f-1,i0, conf=-1: [a54795b0-6c9c-4137-a866-f82f653c9bf9:192.168.157.213:43688, b26a8d60-58dc-431d-8168-f89a9ab35f3a:192.168.157.213:35535, 16805c57-9f45-4377-8998-764a8f26e152:192.168.157.213:33728], old=null
2019-10-19 01:04:40,771 [a54795b0-6c9c-4137-a866-f82f653c9bf9@group-FB3B7D7D89E3-LeaderElection196] INFO  impl.RaftServerImpl (RaftServerImpl.java:setRole(184)) - a54795b0-6c9c-4137-a866-f82f653c9bf9@group-FB3B7D7D89E3: changes role from CANDIDATE to FOLLOWER at term 100 for DISCOVERED_A_NEW_TERM
2019-10-19 01:04:40,771 [a1c78c0e-869c-4f76-b4ce-2034448e0b80@group-D48B69A44692-LeaderElection195] INFO  impl.LeaderElection (LeaderElection.java:logAndReturn(56)) - a1c78c0e-869c-4f76-b4ce-2034448e0b80@group-D48B69A44692-LeaderElection195: Election REJECTED; received 2 response(s) [a1c78c0e-869c-4f76-b4ce-2034448e0b80<-51276c3c-a3b8-4274-b089-592ff4589f41#0:FAIL-t107, a1c78c0e-869c-4f76-b4ce-2034448e0b80<-64c90977-e867-487c-b50d-c226f2d34a76#0:FAIL-t107] and 0 exception(s); a1c78c0e-869c-4f76-b4ce-2034448e0b80@group-D48B69A44692:t107, leader=null, voted=a1c78c0e-869c-4f76-b4ce-2034448e0b80, raftlog=a1c78c0e-869c-4f76-b4ce-2034448e0b80@group-D48B69A44692-SegmentedRaftLog:OPENED:c-1,f-1,i0, conf=-1: [51276c3c-a3b8-4274-b089-592ff4589f41:192.168.157.213:36639, 64c90977-e867-487c-b50d-c226f2d34a76:192.168.157.213:37433, a1c78c0e-869c-4f76-b4ce-2034448e0b80:192.168.157.213:33501], old=null
2019-10-19 01:04:40,771 [a54795b0-6c9c-4137-a866-f82f653c9bf9@group-FB3B7D7D89E3-LeaderElection196] INFO  impl.RoleInfo (RoleInfo.java:shutdownLeaderElection(134)) - a54795b0-6c9c-4137-a866-f82f653c9bf9: shutdown LeaderElection
2019-10-19 01:04:40,771 [a1c78c0e-869c-4f76-b4ce-2034448e0b80@group-D48B69A44692-LeaderElection195] INFO  impl.RaftServerImpl (RaftServerImpl.java:setRole(184)) - a1c78c0e-869c-4f76-b4ce-2034448e0b80@group-D48B69A44692: changes role from CANDIDATE to FOLLOWER at term 107 for DISCOVERED_A_NEW_TERM
2019-10-19 01:04:40,771 [a54795b0-6c9c-4137-a866-f82f653c9bf9@group-FB3B7D7D89E3-LeaderElection196] INFO  impl.RoleInfo (RoleInfo.java:updateAndGet(143)) - a54795b0-6c9c-4137-a866-f82f653c9bf9: start FollowerState
2019-10-19 01:04:40,771 [a1c78c0e-869c-4f76-b4ce-2034448e0b80@group-D48B69A44692-LeaderElection195] INFO  impl.RoleInfo (RoleInfo.java:shutdownLeaderElection(134)) - a1c78c0e-869c-4f76-b4ce-2034448e0b80: shutdown LeaderElection
2019-10-19 01:04:40,772 [a1c78c0e-869c-4f76-b4ce-2034448e0b80@group-D48B69A44692-LeaderElection195] INFO  impl.RoleInfo (RoleInfo.java:updateAndGet(143)) - a1c78c0e-869c-4f76-b4ce-2034448e0b80: start FollowerState
2019-10-19 01:04:40,843 [Thread-1732] INFO  impl.FollowerState (FollowerState.java:run(108)) - a54795b0-6c9c-4137-a866-f82f653c9bf9@group-FB3B7D7D89E3-FollowerState: change to CANDIDATE, lastRpcTime:71ms, electionTimeout:71ms
2019-10-19 01:04:40,843 [Thread-1732] INFO  impl.RoleInfo (RoleInfo.java:shutdownFollowerState(121)) - a54795b0-6c9c-4137-a866-f82f653c9bf9: shutdown FollowerState
2019-10-19 01:04:40,843 [Thread-1732] INFO  impl.RaftServerImpl (RaftServerImpl.java:setRole(184)) - a54795b0-6c9c-4137-a866-f82f653c9bf9@group-FB3B7D7D89E3: changes role from  FOLLOWER to CANDIDATE at term 100 for changeToCandidate
2019-10-19 01:04:40,843 [Thread-1732] INFO  impl.RoleInfo (RoleInfo.java:updateAndGet(143)) - a54795b0-6c9c-4137-a866-f82f653c9bf9: start LeaderElection
2019-10-19 01:04:40,858 [a54795b0-6c9c-4137-a866-f82f653c9bf9@group-FB3B7D7D89E3-LeaderElection197] INFO  impl.LeaderElection (LeaderElection.java:askForVotes(178)) - a54795b0-6c9c-4137-a866-f82f653c9bf9@group-FB3B7D7D89E3-LeaderElection197: begin an election at term 101 for -1: [a54795b0-6c9c-4137-a866-f82f653c9bf9:192.168.157.213:43688, b26a8d60-58dc-431d-8168-f89a9ab35f3a:192.168.157.213:35535, 16805c57-9f45-4377-8998-764a8f26e152:192.168.157.213:33728], old=null
2019-10-19 01:04:40,861 [grpc-default-executor-5] INFO  impl.RaftServerImpl (RaftServerImpl.java:setRole(184)) - b26a8d60-58dc-431d-8168-f89a9ab35f3a@group-FB3B7D7D89E3: changes role from  FOLLOWER to FOLLOWER at term 101 for recognizeCandidate:a54795b0-6c9c-4137-a866-f82f653c9bf9
2019-10-19 01:04:40,861 [grpc-default-executor-4] INFO  impl.RaftServerImpl (RaftServerImpl.java:setRole(184)) - 16805c57-9f45-4377-8998-764a8f26e152@group-FB3B7D7D89E3: changes role from  FOLLOWER to FOLLOWER at term 101 for recognizeCandidate:a54795b0-6c9c-4137-a866-f82f653c9bf9
2019-10-19 01:04:40,861 [grpc-default-executor-5] INFO  impl.RoleInfo (RoleInfo.java:shutdownFollowerState(121)) - b26a8d60-58dc-431d-8168-f89a9ab35f3a: shutdown FollowerState
2019-10-19 01:04:40,861 [grpc-default-executor-4] INFO  impl.RoleInfo (RoleInfo.java:shutdownFollowerState(121)) - 16805c57-9f45-4377-8998-764a8f26e152: shutdown FollowerState
2019-10-19 01:04:40,861 [Thread-1731] INFO  impl.FollowerState (FollowerState.java:run(117)) - b26a8d60-58dc-431d-8168-f89a9ab35f3a@group-FB3B7D7D89E3-FollowerState was interrupted: java.lang.InterruptedException: sleep interrupted
2019-10-19 01:04:40,861 [Thread-1730] INFO  impl.FollowerState (FollowerState.java:run(117)) - 16805c57-9f45-4377-8998-764a8f26e152@group-FB3B7D7D89E3-FollowerState was interrupted: java.lang.InterruptedException: sleep interrupted
2019-10-19 01:04:40,861 [grpc-default-executor-5] INFO  impl.RoleInfo (RoleInfo.java:updateAndGet(143)) - b26a8d60-58dc-431d-8168-f89a9ab35f3a: start FollowerState
2019-10-19 01:04:40,861 [grpc-default-executor-4] INFO  impl.RoleInfo (RoleInfo.java:updateAndGet(143)) - 16805c57-9f45-4377-8998-764a8f26e152: start FollowerState
2019-10-19 01:04:40,889 [a54795b0-6c9c-4137-a866-f82f653c9bf9@group-FB3B7D7D89E3-LeaderElection197] INFO  impl.LeaderElection (LeaderElection.java:logAndReturn(56)) - a54795b0-6c9c-4137-a866-f82f653c9bf9@group-FB3B7D7D89E3-LeaderElection197: Election REJECTED; received 2 response(s) [a54795b0-6c9c-4137-a866-f82f653c9bf9<-b26a8d60-58dc-431d-8168-f89a9ab35f3a#0:FAIL-t101, a54795b0-6c9c-4137-a866-f82f653c9bf9<-16805c57-9f45-4377-8998-764a8f26e152#0:FAIL-t101] and 0 exception(s); a54795b0-6c9c-4137-a866-f82f653c9bf9@group-FB3B7D7D89E3:t101, leader=null, voted=a54795b0-6c9c-4137-a866-f82f653c9bf9, raftlog=a54795b0-6c9c-4137-a866-f82f653c9bf9@group-FB3B7D7D89E3-SegmentedRaftLog:OPENED:c-1,f-1,i0, conf=-1: [a54795b0-6c9c-4137-a866-f82f653c9bf9:192.168.157.213:43688, b26a8d60-58dc-431d-8168-f89a9ab35f3a:192.168.157.213:35535, 16805c57-9f45-4377-8998-764a8f26e152:192.168.157.213:33728], old=null
2019-10-19 01:04:40,889 [a54795b0-6c9c-4137-a866-f82f653c9bf9@group-FB3B7D7D89E3-LeaderElection197] INFO  impl.RaftServerImpl (RaftServerImpl.java:setRole(184)) - a54795b0-6c9c-4137-a866-f82f653c9bf9@group-FB3B7D7D89E3: changes role from CANDIDATE to FOLLOWER at term 101 for DISCOVERED_A_NEW_TERM
2019-10-19 01:04:40,889 [a54795b0-6c9c-4137-a866-f82f653c9bf9@group-FB3B7D7D89E3-LeaderElection197] INFO  impl.RoleInfo (RoleInfo.java:shutdownLeaderElection(134)) - a54795b0-6c9c-4137-a866-f82f653c9bf9: shutdown LeaderElection
2019-10-19 01:04:40,889 [a54795b0-6c9c-4137-a866-f82f653c9bf9@group-FB3B7D7D89E3-LeaderElection197] INFO  impl.RoleInfo (RoleInfo.java:updateAndGet(143)) - a54795b0-6c9c-4137-a866-f82f653c9bf9: start FollowerState
2019-10-19 01:04:40,943 [Thread-1739] INFO  impl.FollowerState (FollowerState.java:run(108)) - a54795b0-6c9c-4137-a866-f82f653c9bf9@group-FB3B7D7D89E3-FollowerState: change to CANDIDATE, lastRpcTime:54ms, electionTimeout:54ms
2019-10-19 01:04:40,944 [Thread-1739] INFO  impl.RoleInfo (RoleInfo.java:shutdownFollowerState(121)) - a54795b0-6c9c-4137-a866-f82f653c9bf9: shutdown FollowerState
2019-10-19 01:04:40,944 [Thread-1739] INFO  impl.RaftServerImpl (RaftServerImpl.java:setRole(184)) - a54795b0-6c9c-4137-a866-f82f653c9bf9@group-FB3B7D7D89E3: changes role from  FOLLOWER to CANDIDATE at term 101 for changeToCandidate
2019-10-19 01:04:40,944 [Thread-1739] INFO  impl.RoleInfo (RoleInfo.java:updateAndGet(143)) - a54795b0-6c9c-4137-a866-f82f653c9bf9: start LeaderElection
2019-10-19 01:04:40,958 [a54795b0-6c9c-4137-a866-f82f653c9bf9@group-FB3B7D7D89E3-LeaderElection198] INFO  impl.LeaderElection (LeaderElection.java:askForVotes(178)) - a54795b0-6c9c-4137-a866-f82f653c9bf9@group-FB3B7D7D89E3-LeaderElection198: begin an election at term 102 for -1: [a54795b0-6c9c-4137-a866-f82f653c9bf9:192.168.157.213:43688, b26a8d60-58dc-431d-8168-f89a9ab35f3a:192.168.157.213:35535, 16805c57-9f45-4377-8998-764a8f26e152:192.168.157.213:33728], old=null
2019-10-19 01:04:40,958 [Thread-1733] INFO  impl.FollowerState (FollowerState.java:run(108)) - a1c78c0e-869c-4f76-b4ce-2034448e0b80@group-D48B69A44692-FollowerState: change to CANDIDATE, lastRpcTime:186ms, electionTimeout:186ms
2019-10-19 01:04:40,958 [Thread-1733] INFO  impl.RoleInfo (RoleInfo.java:shutdownFollowerState(121)) - a1c78c0e-869c-4f76-b4ce-2034448e0b80: shutdown FollowerState
2019-10-19 01:04:40,958 [Thread-1733] INFO  impl.RaftServerImpl (RaftServerImpl.java:setRole(184)) - a1c78c0e-869c-4f76-b4ce-2034448e0b80@group-D48B69A44692: changes role from  FOLLOWER to CANDIDATE at term 107 for changeToCandidate
2019-10-19 01:04:40,958 [Thread-1733] INFO  impl.RoleInfo (RoleInfo.java:updateAndGet(143)) - a1c78c0e-869c-4f76-b4ce-2034448e0b80: start LeaderElection
2019-10-19 01:04:40,960 [grpc-default-executor-5] INFO  impl.RaftServerImpl (RaftServerImpl.java:setRole(184)) - b26a8d60-58dc-431d-8168-f89a9ab35f3a@group-FB3B7D7D89E3: changes role from  FOLLOWER to FOLLOWER at term 102 for recognizeCandidate:a54795b0-6c9c-4137-a866-f82f653c9bf9
2019-10-19 01:04:40,961 [grpc-default-executor-4] INFO  impl.RaftServerImpl (RaftServerImpl.java:setRole(184)) - 16805c57-9f45-4377-8998-764a8f26e152@group-FB3B7D7D89E3: changes role from  FOLLOWER to FOLLOWER at term 102 for recognizeCandidate:a54795b0-6c9c-4137-a866-f82f653c9bf9
2019-10-19 01:04:40,961 [grpc-default-executor-5] INFO  impl.RoleInfo (RoleInfo.java:shutdownFollowerState(121)) - b26a8d60-58dc-431d-8168-f89a9ab35f3a: shutdown FollowerState
2019-10-19 01:04:40,961 [grpc-default-executor-4] INFO  impl.RoleInfo (RoleInfo.java:shutdownFollowerState(121)) - 16805c57-9f45-4377-8998-764a8f26e152: shutdown FollowerState
2019-10-19 01:04:40,961 [Thread-1737] INFO  impl.FollowerState (FollowerState.java:run(117)) - b26a8d60-58dc-431d-8168-f89a9ab35f3a@group-FB3B7D7D89E3-FollowerState was interrupted: java.lang.InterruptedException: sleep interrupted
2019-10-19 01:04:40,961 [grpc-default-executor-5] INFO  impl.RoleInfo (RoleInfo.java:updateAndGet(143)) - b26a8d60-58dc-431d-8168-f89a9ab35f3a: start FollowerState
2019-10-19 01:04:40,961 [Thread-1738] INFO  impl.FollowerState (FollowerState.java:run(117)) - 16805c57-9f45-4377-8998-764a8f26e152@group-FB3B7D7D89E3-FollowerState was interrupted: java.lang.InterruptedException: sleep interrupted
2019-10-19 01:04:40,961 [grpc-default-executor-4] INFO  impl.RoleInfo (RoleInfo.java:updateAndGet(143)) - 16805c57-9f45-4377-8998-764a8f26e152: start FollowerState
2019-10-19 01:04:40,972 [a1c78c0e-869c-4f76-b4ce-2034448e0b80@group-D48B69A44692-LeaderElection199] INFO  impl.LeaderElection (LeaderElection.java:askForVotes(178)) - a1c78c0e-869c-4f76-b4ce-2034448e0b80@group-D48B69A44692-LeaderElection199: begin an election at term 108 for -1: [51276c3c-a3b8-4274-b089-592ff4589f41:192.168.157.213:36639, 64c90977-e867-487c-b50d-c226f2d34a76:192.168.157.213:37433, a1c78c0e-869c-4f76-b4ce-2034448e0b80:192.168.157.213:33501], old=null
2019-10-19 01:04:40,973 [a54795b0-6c9c-4137-a866-f82f653c9bf9@group-FB3B7D7D89E3-LeaderElection198] INFO  impl.LeaderElection (LeaderElection.java:logAndReturn(56)) - a54795b0-6c9c-4137-a866-f82f653c9bf9@group-FB3B7D7D89E3-LeaderElection198: Election REJECTED; received 2 response(s) [a54795b0-6c9c-4137-a866-f82f653c9bf9<-b26a8d60-58dc-431d-8168-f89a9ab35f3a#0:FAIL-t102, a54795b0-6c9c-4137-a866-f82f653c9bf9<-16805c57-9f45-4377-8998-764a8f26e152#0:FAIL-t102] and 0 exception(s); a54795b0-6c9c-4137-a866-f82f653c9bf9@group-FB3B7D7D89E3:t102, leader=null, voted=a54795b0-6c9c-4137-a866-f82f653c9bf9, raftlog=a54795b0-6c9c-4137-a866-f82f653c9bf9@group-FB3B7D7D89E3-SegmentedRaftLog:OPENED:c-1,f-1,i0, conf=-1: [a54795b0-6c9c-4137-a866-f82f653c9bf9:192.168.157.213:43688, b26a8d60-58dc-431d-8168-f89a9ab35f3a:192.168.157.213:35535, 16805c57-9f45-4377-8998-764a8f26e152:192.168.157.213:33728], old=null
2019-10-19 01:04:40,973 [a54795b0-6c9c-4137-a866-f82f653c9bf9@group-FB3B7D7D89E3-LeaderElection198] INFO  impl.RaftServerImpl (RaftServerImpl.java:setRole(184)) - a54795b0-6c9c-4137-a866-f82f653c9bf9@group-FB3B7D7D89E3: changes role from CANDIDATE to FOLLOWER at term 102 for DISCOVERED_A_NEW_TERM
2019-10-19 01:04:40,973 [a54795b0-6c9c-4137-a866-f82f653c9bf9@group-FB3B7D7D89E3-LeaderElection198] INFO  impl.RoleInfo (RoleInfo.java:shutdownLeaderElection(134)) - a54795b0-6c9c-4137-a866-f82f653c9bf9: shutdown LeaderElection
2019-10-19 01:04:40,973 [a54795b0-6c9c-4137-a866-f82f653c9bf9@group-FB3B7D7D89E3-LeaderElection198] INFO  impl.RoleInfo (RoleInfo.java:updateAndGet(143)) - a54795b0-6c9c-4137-a866-f82f653c9bf9: start FollowerState
2019-10-19 01:04:40,975 [grpc-default-executor-4] INFO  impl.RaftServerImpl (RaftServerImpl.java:setRole(184)) - 51276c3c-a3b8-4274-b089-592ff4589f41@group-D48B69A44692: changes role from  FOLLOWER to FOLLOWER at term 108 for recognizeCandidate:a1c78c0e-869c-4f76-b4ce-2034448e0b80
2019-10-19 01:04:40,975 [grpc-default-executor-4] INFO  impl.RoleInfo (RoleInfo.java:shutdownFollowerState(121)) - 51276c3c-a3b8-4274-b089-592ff4589f41: shutdown FollowerState
2019-10-19 01:04:40,975 [grpc-default-executor-5] INFO  impl.RaftServerImpl (RaftServerImpl.java:setRole(184)) - 64c90977-e867-487c-b50d-c226f2d34a76@group-D48B69A44692: changes role from  FOLLOWER to FOLLOWER at term 108 for recognizeCandidate:a1c78c0e-869c-4f76-b4ce-2034448e0b80
2019-10-19 01:04:40,975 [Thread-1728] INFO  impl.FollowerState (FollowerState.java:run(117)) - 51276c3c-a3b8-4274-b089-592ff4589f41@group-D48B69A44692-FollowerState was interrupted: java.lang.InterruptedException: sleep interrupted
2019-10-19 01:04:40,975 [grpc-default-executor-4] INFO  impl.RoleInfo (RoleInfo.java:updateAndGet(143)) - 51276c3c-a3b8-4274-b089-592ff4589f41: start FollowerState
2019-10-19 01:04:40,975 [grpc-default-executor-5] INFO  impl.RoleInfo (RoleInfo.java:shutdownFollowerState(121)) - 64c90977-e867-487c-b50d-c226f2d34a76: shutdown FollowerState
2019-10-19 01:04:40,975 [grpc-default-executor-5] INFO  impl.RoleInfo (RoleInfo.java:updateAndGet(143)) - 64c90977-e867-487c-b50d-c226f2d34a76: start FollowerState
2019-10-19 01:04:40,975 [Thread-1729] INFO  impl.FollowerState (FollowerState.java:run(117)) - 64c90977-e867-487c-b50d-c226f2d34a76@group-D48B69A44692-FollowerState was interrupted: java.lang.InterruptedException: sleep interrupted
2019-10-19 01:04:40,990 [a1c78c0e-869c-4f76-b4ce-2034448e0b80@group-D48B69A44692-LeaderElection199] INFO  impl.LeaderElection (LeaderElection.java:logAndReturn(56)) - a1c78c0e-869c-4f76-b4ce-2034448e0b80@group-D48B69A44692-LeaderElection199: Election REJECTED; received 2 response(s) [a1c78c0e-869c-4f76-b4ce-2034448e0b80<-51276c3c-a3b8-4274-b089-592ff4589f41#0:FAIL-t108, a1c78c0e-869c-4f76-b4ce-2034448e0b80<-64c90977-e867-487c-b50d-c226f2d34a76#0:FAIL-t108] and 0 exception(s); a1c78c0e-869c-4f76-b4ce-2034448e0b80@group-D48B69A44692:t108, leader=null, voted=a1c78c0e-869c-4f76-b4ce-2034448e0b80, raftlog=a1c78c0e-869c-4f76-b4ce-2034448e0b80@group-D48B69A44692-SegmentedRaftLog:OPENED:c-1,f-1,i0, conf=-1: [51276c3c-a3b8-4274-b089-592ff4589f41:192.168.157.213:36639, 64c90977-e867-487c-b50d-c226f2d34a76:192.168.157.213:37433, a1c78c0e-869c-4f76-b4ce-2034448e0b80:192.168.157.213:33501], old=null
2019-10-19 01:04:40,990 [a1c78c0e-869c-4f76-b4ce-2034448e0b80@group-D48B69A44692-LeaderElection199] INFO  impl.RaftServerImpl (RaftServerImpl.java:setRole(184)) - a1c78c0e-869c-4f76-b4ce-2034448e0b80@group-D48B69A44692: changes role from CANDIDATE to FOLLOWER at term 108 for DISCOVERED_A_NEW_TERM
2019-10-19 01:04:40,990 [a1c78c0e-869c-4f76-b4ce-2034448e0b80@group-D48B69A44692-LeaderElection199] INFO  impl.RoleInfo (RoleInfo.java:shutdownLeaderElection(134)) - a1c78c0e-869c-4f76-b4ce-2034448e0b80: shutdown LeaderElection
2019-10-19 01:04:40,990 [a1c78c0e-869c-4f76-b4ce-2034448e0b80@group-D48B69A44692-LeaderElection199] INFO  impl.RoleInfo (RoleInfo.java:updateAndGet(143)) - a1c78c0e-869c-4f76-b4ce-2034448e0b80: start FollowerState
2019-10-19 01:04:41,132 [Thread-1751] INFO  impl.FollowerState (FollowerState.java:run(108)) - a1c78c0e-869c-4f76-b4ce-2034448e0b80@group-D48B69A44692-FollowerState: change to CANDIDATE, lastRpcTime:141ms, electionTimeout:141ms
2019-10-19 01:04:41,132 [Thread-1751] INFO  impl.RoleInfo (RoleInfo.java:shutdownFollowerState(121)) - a1c78c0e-869c-4f76-b4ce-2034448e0b80: shutdown FollowerState
2019-10-19 01:04:41,132 [Thread-1751] INFO  impl.RaftServerImpl (RaftServerImpl.java:setRole(184)) - a1c78c0e-869c-4f76-b4ce-2034448e0b80@group-D48B69A44692: changes role from  FOLLOWER to CANDIDATE at term 108 for changeToCandidate
2019-10-19 01:04:41,132 [Thread-1751] INFO  impl.RoleInfo (RoleInfo.java:updateAndGet(143)) - a1c78c0e-869c-4f76-b4ce-2034448e0b80: start LeaderElection
2019-10-19 01:04:41,134 [Thread-1748] INFO  impl.FollowerState (FollowerState.java:run(108)) - a54795b0-6c9c-4137-a866-f82f653c9bf9@group-FB3B7D7D89E3-FollowerState: change to CANDIDATE, lastRpcTime:160ms, electionTimeout:160ms
2019-10-19 01:04:41,134 [Thread-1748] INFO  impl.RoleInfo (RoleInfo.java:shutdownFollowerState(121)) - a54795b0-6c9c-4137-a866-f82f653c9bf9: shutdown FollowerState
2019-10-19 01:04:41,134 [Thread-1748] INFO  impl.RaftServerImpl (RaftServerImpl.java:setRole(184)) - a54795b0-6c9c-4137-a866-f82f653c9bf9@group-FB3B7D7D89E3: changes role from  FOLLOWER to CANDIDATE at term 102 for changeToCandidate
2019-10-19 01:04:41,134 [Thread-1748] INFO  impl.RoleInfo (RoleInfo.java:updateAndGet(143)) - a54795b0-6c9c-4137-a866-f82f653c9bf9: start LeaderElection
2019-10-19 01:04:41,147 [a1c78c0e-869c-4f76-b4ce-2034448e0b80@group-D48B69A44692-LeaderElection200] INFO  impl.LeaderElection (LeaderElection.java:askForVotes(178)) - a1c78c0e-869c-4f76-b4ce-2034448e0b80@group-D48B69A44692-LeaderElection200: begin an election at term 109 for -1: [51276c3c-a3b8-4274-b089-592ff4589f41:192.168.157.213:36639, 64c90977-e867-487c-b50d-c226f2d34a76:192.168.157.213:37433, a1c78c0e-869c-4f76-b4ce-2034448e0b80:192.168.157.213:33501], old=null
2019-10-19 01:04:41,147 [a54795b0-6c9c-4137-a866-f82f653c9bf9@group-FB3B7D7D89E3-LeaderElection201] INFO  impl.LeaderElection (LeaderElection.java:askForVotes(178)) - a54795b0-6c9c-4137-a866-f82f653c9bf9@group-FB3B7D7D89E3-LeaderElection201: begin an election at term 103 for -1: [a54795b0-6c9c-4137-a866-f82f653c9bf9:192.168.157.213:43688, b26a8d60-58dc-431d-8168-f89a9ab35f3a:192.168.157.213:35535, 16805c57-9f45-4377-8998-764a8f26e152:192.168.157.213:33728], old=null
2019-10-19 01:04:41,149 [grpc-default-executor-4] INFO  impl.RaftServerImpl (RaftServerImpl.java:setRole(184)) - b26a8d60-58dc-431d-8168-f89a9ab35f3a@group-FB3B7D7D89E3: changes role from  FOLLOWER to FOLLOWER at term 103 for recognizeCandidate:a54795b0-6c9c-4137-a866-f82f653c9bf9
2019-10-19 01:04:41,149 [grpc-default-executor-4] INFO  impl.RoleInfo (RoleInfo.java:shutdownFollowerState(121)) - b26a8d60-58dc-431d-8168-f89a9ab35f3a: shutdown FollowerState
2019-10-19 01:04:41,149 [grpc-default-executor-7] INFO  impl.RaftServerImpl (RaftServerImpl.java:setRole(184)) - 64c90977-e867-487c-b50d-c226f2d34a76@group-D48B69A44692: changes role from  FOLLOWER to FOLLOWER at term 109 for recognizeCandidate:a1c78c0e-869c-4f76-b4ce-2034448e0b80
2019-10-19 01:04:41,149 [grpc-default-executor-5] INFO  impl.RaftServerImpl (RaftServerImpl.java:setRole(184)) - 51276c3c-a3b8-4274-b089-592ff4589f41@group-D48B69A44692: changes role from  FOLLOWER to FOLLOWER at term 109 for recognizeCandidate:a1c78c0e-869c-4f76-b4ce-2034448e0b80
2019-10-19 01:04:41,149 [grpc-default-executor-7] INFO  impl.RoleInfo (RoleInfo.java:shutdownFollowerState(121)) - 64c90977-e867-487c-b50d-c226f2d34a76: shutdown FollowerState
2019-10-19 01:04:41,149 [Thread-1744] INFO  impl.FollowerState (FollowerState.java:run(117)) - b26a8d60-58dc-431d-8168-f89a9ab35f3a@group-FB3B7D7D89E3-FollowerState was interrupted: java.lang.InterruptedException: sleep interrupted
2019-10-19 01:04:41,149 [grpc-default-executor-4] INFO  impl.RoleInfo (RoleInfo.java:updateAndGet(143)) - b26a8d60-58dc-431d-8168-f89a9ab35f3a: start FollowerState
2019-10-19 01:04:41,150 [Thread-1750] INFO  impl.FollowerState (FollowerState.java:run(117)) - 64c90977-e867-487c-b50d-c226f2d34a76@group-D48B69A44692-FollowerState was interrupted: java.lang.InterruptedException: sleep interrupted
2019-10-19 01:04:41,150 [grpc-default-executor-7] INFO  impl.RoleInfo (RoleInfo.java:updateAndGet(143)) - 64c90977-e867-487c-b50d-c226f2d34a76: start FollowerState
2019-10-19 01:04:41,149 [grpc-default-executor-5] INFO  impl.RoleInfo (RoleInfo.java:shutdownFollowerState(121)) - 51276c3c-a3b8-4274-b089-592ff4589f41: shutdown FollowerState
2019-10-19 01:04:41,150 [grpc-default-executor-1] INFO  impl.RaftServerImpl (RaftServerImpl.java:setRole(184)) - 16805c57-9f45-4377-8998-764a8f26e152@group-FB3B7D7D89E3: changes role from  FOLLOWER to FOLLOWER at term 103 for recognizeCandidate:a54795b0-6c9c-4137-a866-f82f653c9bf9
2019-10-19 01:04:41,150 [Thread-1749] INFO  impl.FollowerState (FollowerState.java:run(117)) - 51276c3c-a3b8-4274-b089-592ff4589f41@group-D48B69A44692-FollowerState was interrupted: java.lang.InterruptedException: sleep interrupted
2019-10-19 01:04:41,150 [grpc-default-executor-5] INFO  impl.RoleInfo (RoleInfo.java:updateAndGet(143)) - 51276c3c-a3b8-4274-b089-592ff4589f41: start FollowerState
2019-10-19 01:04:41,150 [grpc-default-executor-1] INFO  impl.RoleInfo (RoleInfo.java:shutdownFollowerState(121)) - 16805c57-9f45-4377-8998-764a8f26e152: shutdown FollowerState
2019-10-19 01:04:41,151 [grpc-default-executor-1] INFO  impl.RoleInfo (RoleInfo.java:updateAndGet(143)) - 16805c57-9f45-4377-8998-764a8f26e152: start FollowerState
2019-10-19 01:04:41,151 [Thread-1745] INFO  impl.FollowerState (FollowerState.java:run(117)) - 16805c57-9f45-4377-8998-764a8f26e152@group-FB3B7D7D89E3-FollowerState was interrupted: java.lang.InterruptedException: sleep interrupted
2019-10-19 01:04:41,164 [a1c78c0e-869c-4f76-b4ce-2034448e0b80@group-D48B69A44692-LeaderElection200] INFO  impl.LeaderElection (LeaderElection.java:logAndReturn(56)) - a1c78c0e-869c-4f76-b4ce-2034448e0b80@group-D48B69A44692-LeaderElection200: Election REJECTED; received 2 response(s) [a1c78c0e-869c-4f76-b4ce-2034448e0b80<-51276c3c-a3b8-4274-b089-592ff4589f41#0:FAIL-t109, a1c78c0e-869c-4f76-b4ce-2034448e0b80<-64c90977-e867-487c-b50d-c226f2d34a76#0:FAIL-t109] and 0 exception(s); a1c78c0e-869c-4f76-b4ce-2034448e0b80@group-D48B69A44692:t109, leader=null, voted=a1c78c0e-869c-4f76-b4ce-2034448e0b80, raftlog=a1c78c0e-869c-4f76-b4ce-2034448e0b80@group-D48B69A44692-SegmentedRaftLog:OPENED:c-1,f-1,i0, conf=-1: [51276c3c-a3b8-4274-b089-592ff4589f41:192.168.157.213:36639, 64c90977-e867-487c-b50d-c226f2d34a76:192.168.157.213:37433, a1c78c0e-869c-4f76-b4ce-2034448e0b80:192.168.157.213:33501], old=null
2019-10-19 01:04:41,164 [a54795b0-6c9c-4137-a866-f82f653c9bf9@group-FB3B7D7D89E3-LeaderElection201] INFO  impl.LeaderElection (LeaderElection.java:logAndReturn(56)) - a54795b0-6c9c-4137-a866-f82f653c9bf9@group-FB3B7D7D89E3-LeaderElection201: Election REJECTED; received 2 response(s) [a54795b0-6c9c-4137-a866-f82f653c9bf9<-b26a8d60-58dc-431d-8168-f89a9ab35f3a#0:FAIL-t103, a54795b0-6c9c-4137-a866-f82f653c9bf9<-16805c57-9f45-4377-8998-764a8f26e152#0:FAIL-t103] and 0 exception(s); a54795b0-6c9c-4137-a866-f82f653c9bf9@group-FB3B7D7D89E3:t103, leader=null, voted=a54795b0-6c9c-4137-a866-f82f653c9bf9, raftlog=a54795b0-6c9c-4137-a866-f82f653c9bf9@group-FB3B7D7D89E3-SegmentedRaftLog:OPENED:c-1,f-1,i0, conf=-1: [a54795b0-6c9c-4137-a866-f82f653c9bf9:192.168.157.213:43688, b26a8d60-58dc-431d-8168-f89a9ab35f3a:192.168.157.213:35535, 16805c57-9f45-4377-8998-764a8f26e152:192.168.157.213:33728], old=null
2019-10-19 01:04:41,164 [a1c78c0e-869c-4f76-b4ce-2034448e0b80@group-D48B69A44692-LeaderElection200] INFO  impl.RaftServerImpl (RaftServerImpl.java:setRole(184)) - a1c78c0e-869c-4f76-b4ce-2034448e0b80@group-D48B69A44692: changes role from CANDIDATE to FOLLOWER at term 109 for DISCOVERED_A_NEW_TERM
2019-10-19 01:04:41,164 [a54795b0-6c9c-4137-a866-f82f653c9bf9@group-FB3B7D7D89E3-LeaderElection201] INFO  impl.RaftServerImpl (RaftServerImpl.java:setRole(184)) - a54795b0-6c9c-4137-a866-f82f653c9bf9@group-FB3B7D7D89E3: changes role from CANDIDATE to FOLLOWER at term 103 for DISCOVERED_A_NEW_TERM
2019-10-19 01:04:41,165 [a1c78c0e-869c-4f76-b4ce-2034448e0b80@group-D48B69A44692-LeaderElection200] INFO  impl.RoleInfo (RoleInfo.java:shutdownLeaderElection(134)) - a1c78c0e-869c-4f76-b4ce-2034448e0b80: shutdown LeaderElection
2019-10-19 01:04:41,165 [a54795b0-6c9c-4137-a866-f82f653c9bf9@group-FB3B7D7D89E3-LeaderElection201] INFO  impl.RoleInfo (RoleInfo.java:shutdownLeaderElection(134)) - a54795b0-6c9c-4137-a866-f82f653c9bf9: shutdown LeaderElection
2019-10-19 01:04:41,165 [a1c78c0e-869c-4f76-b4ce-2034448e0b80@group-D48B69A44692-LeaderElection200] INFO  impl.RoleInfo (RoleInfo.java:updateAndGet(143)) - a1c78c0e-869c-4f76-b4ce-2034448e0b80: start FollowerState
2019-10-19 01:04:41,165 [a54795b0-6c9c-4137-a866-f82f653c9bf9@group-FB3B7D7D89E3-LeaderElection201] INFO  impl.RoleInfo (RoleInfo.java:updateAndGet(143)) - a54795b0-6c9c-4137-a866-f82f653c9bf9: start FollowerState
2019-10-19 01:04:41,165 [Thread-1763] INFO  impl.FollowerState (FollowerState.java:run(108)) - a54795b0-6c9c-4137-a866-f82f653c9bf9@group-FB3B7D7D89E3-FollowerState: change to CANDIDATE, lastRpcTime:0ms, electionTimeout:0ms
2019-10-19 01:04:41,165 [Thread-1763] INFO  impl.RoleInfo (RoleInfo.java:shutdownFollowerState(121)) - a54795b0-6c9c-4137-a866-f82f653c9bf9: shutdown FollowerState
2019-10-19 01:04:41,165 [Thread-1763] INFO  impl.RaftServerImpl (RaftServerImpl.java:setRole(184)) - a54795b0-6c9c-4137-a866-f82f653c9bf9@group-FB3B7D7D89E3: changes role from  FOLLOWER to CANDIDATE at term 103 for changeToCandidate
2019-10-19 01:04:41,165 [Thread-1763] INFO  impl.RoleInfo (RoleInfo.java:updateAndGet(143)) - a54795b0-6c9c-4137-a866-f82f653c9bf9: start LeaderElection
2019-10-19 01:04:41,177 [Thread-1762] INFO  impl.FollowerState (FollowerState.java:run(108)) - a1c78c0e-869c-4f76-b4ce-2034448e0b80@group-D48B69A44692-FollowerState: change to CANDIDATE, lastRpcTime:12ms, electionTimeout:12ms
2019-10-19 01:04:41,177 [Thread-1762] INFO  impl.RoleInfo (RoleInfo.java:shutdownFollowerState(121)) - a1c78c0e-869c-4f76-b4ce-2034448e0b80: shutdown FollowerState
2019-10-19 01:04:41,177 [Thread-1762] INFO  impl.RaftServerImpl (RaftServerImpl.java:setRole(184)) - a1c78c0e-869c-4f76-b4ce-2034448e0b80@group-D48B69A44692: changes role from  FOLLOWER to CANDIDATE at term 109 for changeToCandidate
2019-10-19 01:04:41,177 [Thread-1762] INFO  impl.RoleInfo (RoleInfo.java:updateAndGet(143)) - a1c78c0e-869c-4f76-b4ce-2034448e0b80: start LeaderElection
2019-10-19 01:04:41,184 [a54795b0-6c9c-4137-a866-f82f653c9bf9@group-FB3B7D7D89E3-LeaderElection202] INFO  impl.LeaderElection (LeaderElection.java:askForVotes(178)) - a54795b0-6c9c-4137-a866-f82f653c9bf9@group-FB3B7D7D89E3-LeaderElection202: begin an election at term 104 for -1: [a54795b0-6c9c-4137-a866-f82f653c9bf9:192.168.157.213:43688, b26a8d60-58dc-431d-8168-f89a9ab35f3a:192.168.157.213:35535, 16805c57-9f45-4377-8998-764a8f26e152:192.168.157.213:33728], old=null
2019-10-19 01:04:41,184 [a1c78c0e-869c-4f76-b4ce-2034448e0b80@group-D48B69A44692-LeaderElection203] INFO  impl.LeaderElection (LeaderElection.java:askForVotes(178)) - a1c78c0e-869c-4f76-b4ce-2034448e0b80@group-D48B69A44692-LeaderElection203: begin an election at term 110 for -1: [51276c3c-a3b8-4274-b089-592ff4589f41:192.168.157.213:36639, 64c90977-e867-487c-b50d-c226f2d34a76:192.168.157.213:37433, a1c78c0e-869c-4f76-b4ce-2034448e0b80:192.168.157.213:33501], old=null
2019-10-19 01:04:41,186 [grpc-default-executor-5] INFO  impl.RaftServerImpl (RaftServerImpl.java:setRole(184)) - b26a8d60-58dc-431d-8168-f89a9ab35f3a@group-FB3B7D7D89E3: changes role from  FOLLOWER to FOLLOWER at term 104 for recognizeCandidate:a54795b0-6c9c-4137-a866-f82f653c9bf9
2019-10-19 01:04:41,186 [grpc-default-executor-5] INFO  impl.RoleInfo (RoleInfo.java:shutdownFollowerState(121)) - b26a8d60-58dc-431d-8168-f89a9ab35f3a: shutdown FollowerState
2019-10-19 01:04:41,186 [grpc-default-executor-7] INFO  impl.RaftServerImpl (RaftServerImpl.java:setRole(184)) - 64c90977-e867-487c-b50d-c226f2d34a76@group-D48B69A44692: changes role from  FOLLOWER to FOLLOWER at term 110 for recognizeCandidate:a1c78c0e-869c-4f76-b4ce-2034448e0b80
2019-10-19 01:04:41,186 [Thread-1758] INFO  impl.FollowerState (FollowerState.java:run(117)) - b26a8d60-58dc-431d-8168-f89a9ab35f3a@group-FB3B7D7D89E3-FollowerState was interrupted: java.lang.InterruptedException: sleep interrupted
2019-10-19 01:04:41,186 [grpc-default-executor-5] INFO  impl.RoleInfo (RoleInfo.java:updateAndGet(143)) - b26a8d60-58dc-431d-8168-f89a9ab35f3a: start FollowerState
2019-10-19 01:04:41,186 [grpc-default-executor-1] INFO  impl.RaftServerImpl (RaftServerImpl.java:setRole(184)) - 51276c3c-a3b8-4274-b089-592ff4589f41@group-D48B69A44692: changes role from  FOLLOWER to FOLLOWER at term 110 for recognizeCandidate:a1c78c0e-869c-4f76-b4ce-2034448e0b80
2019-10-19 01:04:41,186 [grpc-default-executor-1] INFO  impl.RoleInfo (RoleInfo.java:shutdownFollowerState(121)) - 51276c3c-a3b8-4274-b089-592ff4589f41: shutdown FollowerState
2019-10-19 01:04:41,186 [grpc-default-executor-4] INFO  impl.RaftServerImpl (RaftServerImpl.java:setRole(184)) - 16805c57-9f45-4377-8998-764a8f26e152@group-FB3B7D7D89E3: changes role from  FOLLOWER to FOLLOWER at term 104 for recognizeCandidate:a54795b0-6c9c-4137-a866-f82f653c9bf9
2019-10-19 01:04:41,186 [grpc-default-executor-7] INFO  impl.RoleInfo (RoleInfo.java:shutdownFollowerState(121)) - 64c90977-e867-487c-b50d-c226f2d34a76: shutdown FollowerState
2019-10-19 01:04:41,187 [grpc-default-executor-4] INFO  impl.RoleInfo (RoleInfo.java:shutdownFollowerState(121)) - 16805c57-9f45-4377-8998-764a8f26e152: shutdown FollowerState
2019-10-19 01:04:41,187 [Thread-1760] INFO  impl.FollowerState (FollowerState.java:run(117)) - 51276c3c-a3b8-4274-b089-592ff4589f41@group-D48B69A44692-FollowerState was interrupted: java.lang.InterruptedException: sleep interrupted
2019-10-19 01:04:41,187 [grpc-default-executor-1] INFO  impl.RoleInfo (RoleInfo.java:updateAndGet(143)) - 51276c3c-a3b8-4274-b089-592ff4589f41: start FollowerState
2019-10-19 01:04:41,187 [Thread-1761] INFO  impl.FollowerState (FollowerState.java:run(117)) - 16805c57-9f45-4377-8998-764a8f26e152@group-FB3B7D7D89E3-FollowerState was interrupted: java.lang.InterruptedException: sleep interrupted
2019-10-19 01:04:41,187 [grpc-default-executor-4] INFO  impl.RoleInfo (RoleInfo.java:updateAndGet(143)) - 16805c57-9f45-4377-8998-764a8f26e152: start FollowerState
2019-10-19 01:04:41,187 [Thread-1759] INFO  impl.FollowerState (FollowerState.java:run(117)) - 64c90977-e867-487c-b50d-c226f2d34a76@group-D48B69A44692-FollowerState was interrupted: java.lang.InterruptedException: sleep interrupted
2019-10-19 01:04:41,187 [grpc-default-executor-7] INFO  impl.RoleInfo (RoleInfo.java:updateAndGet(143)) - 64c90977-e867-487c-b50d-c226f2d34a76: start FollowerState
2019-10-19 01:04:41,200 [a1c78c0e-869c-4f76-b4ce-2034448e0b80@group-D48B69A44692-LeaderElection203] INFO  impl.LeaderElection (LeaderElection.java:logAndReturn(56)) - a1c78c0e-869c-4f76-b4ce-2034448e0b80@group-D48B69A44692-LeaderElection203: Election REJECTED; received 2 response(s) [a1c78c0e-869c-4f76-b4ce-2034448e0b80<-51276c3c-a3b8-4274-b089-592ff4589f41#0:FAIL-t110, a1c78c0e-869c-4f76-b4ce-2034448e0b80<-64c90977-e867-487c-b50d-c226f2d34a76#0:FAIL-t110] and 0 exception(s); a1c78c0e-869c-4f76-b4ce-2034448e0b80@group-D48B69A44692:t110, leader=null, voted=a1c78c0e-869c-4f76-b4ce-2034448e0b80, raftlog=a1c78c0e-869c-4f76-b4ce-2034448e0b80@group-D48B69A44692-SegmentedRaftLog:OPENED:c-1,f-1,i0, conf=-1: [51276c3c-a3b8-4274-b089-592ff4589f41:192.168.157.213:36639, 64c90977-e867-487c-b50d-c226f2d34a76:192.168.157.213:37433, a1c78c0e-869c-4f76-b4ce-2034448e0b80:192.168.157.213:33501], old=null
2019-10-19 01:04:41,200 [a54795b0-6c9c-4137-a866-f82f653c9bf9@group-FB3B7D7D89E3-LeaderElection202] INFO  impl.LeaderElection (LeaderElection.java:logAndReturn(56)) - a54795b0-6c9c-4137-a866-f82f653c9bf9@group-FB3B7D7D89E3-LeaderElection202: Election REJECTED; received 2 response(s) [a54795b0-6c9c-4137-a866-f82f653c9bf9<-b26a8d60-58dc-431d-8168-f89a9ab35f3a#0:FAIL-t104, a54795b0-6c9c-4137-a866-f82f653c9bf9<-16805c57-9f45-4377-8998-764a8f26e152#0:FAIL-t104] and 0 exception(s); a54795b0-6c9c-4137-a866-f82f653c9bf9@group-FB3B7D7D89E3:t104, leader=null, voted=a54795b0-6c9c-4137-a866-f82f653c9bf9, raftlog=a54795b0-6c9c-4137-a866-f82f653c9bf9@group-FB3B7D7D89E3-SegmentedRaftLog:OPENED:c-1,f-1,i0, conf=-1: [a54795b0-6c9c-4137-a866-f82f653c9bf9:192.168.157.213:43688, b26a8d60-58dc-431d-8168-f89a9ab35f3a:192.168.157.213:35535, 16805c57-9f45-4377-8998-764a8f26e152:192.168.157.213:33728], old=null
2019-10-19 01:04:41,200 [a1c78c0e-869c-4f76-b4ce-2034448e0b80@group-D48B69A44692-LeaderElection203] INFO  impl.RaftServerImpl (RaftServerImpl.java:setRole(184)) - a1c78c0e-869c-4f76-b4ce-2034448e0b80@group-D48B69A44692: changes role from CANDIDATE to FOLLOWER at term 110 for DISCOVERED_A_NEW_TERM
2019-10-19 01:04:41,200 [a54795b0-6c9c-4137-a866-f82f653c9bf9@group-FB3B7D7D89E3-LeaderElection202] INFO  impl.RaftServerImpl (RaftServerImpl.java:setRole(184)) - a54795b0-6c9c-4137-a866-f82f653c9bf9@group-FB3B7D7D89E3: changes role from CANDIDATE to FOLLOWER at term 104 for DISCOVERED_A_NEW_TERM
2019-10-19 01:04:41,200 [a1c78c0e-869c-4f76-b4ce-2034448e0b80@group-D48B69A44692-LeaderElection203] INFO  impl.RoleInfo (RoleInfo.java:shutdownLeaderElection(134)) - a1c78c0e-869c-4f76-b4ce-2034448e0b80: shutdown LeaderElection
2019-10-19 01:04:41,201 [a54795b0-6c9c-4137-a866-f82f653c9bf9@group-FB3B7D7D89E3-LeaderElection202] INFO  impl.RoleInfo (RoleInfo.java:shutdownLeaderElection(134)) - a54795b0-6c9c-4137-a866-f82f653c9bf9: shutdown LeaderElection
2019-10-19 01:04:41,201 [a1c78c0e-869c-4f76-b4ce-2034448e0b80@group-D48B69A44692-LeaderElection203] INFO  impl.RoleInfo (RoleInfo.java:updateAndGet(143)) - a1c78c0e-869c-4f76-b4ce-2034448e0b80: start FollowerState
2019-10-19 01:04:41,201 [a54795b0-6c9c-4137-a866-f82f653c9bf9@group-FB3B7D7D89E3-LeaderElection202] INFO  impl.RoleInfo (RoleInfo.java:updateAndGet(143)) - a54795b0-6c9c-4137-a866-f82f653c9bf9: start FollowerState
2019-10-19 01:04:41,246 [Thread-1774] INFO  impl.FollowerState (FollowerState.java:run(108)) - a1c78c0e-869c-4f76-b4ce-2034448e0b80@group-D48B69A44692-FollowerState: change to CANDIDATE, lastRpcTime:45ms, electionTimeout:45ms
2019-10-19 01:04:41,246 [Thread-1774] INFO  impl.RoleInfo (RoleInfo.java:shutdownFollowerState(121)) - a1c78c0e-869c-4f76-b4ce-2034448e0b80: shutdown FollowerState
2019-10-19 01:04:41,246 [Thread-1774] INFO  impl.RaftServerImpl (RaftServerImpl.java:setRole(184)) - a1c78c0e-869c-4f76-b4ce-2034448e0b80@group-D48B69A44692: changes role from  FOLLOWER to CANDIDATE at term 110 for changeToCandidate
2019-10-19 01:04:41,247 [Thread-1774] INFO  impl.RoleInfo (RoleInfo.java:updateAndGet(143)) - a1c78c0e-869c-4f76-b4ce-2034448e0b80: start LeaderElection
2019-10-19 01:04:41,257 [a1c78c0e-869c-4f76-b4ce-2034448e0b80@group-D48B69A44692-LeaderElection204] INFO  impl.LeaderElection (LeaderElection.java:askForVotes(178)) - a1c78c0e-869c-4f76-b4ce-2034448e0b80@group-D48B69A44692-LeaderElection204: begin an election at term 111 for -1: [51276c3c-a3b8-4274-b089-592ff4589f41:192.168.157.213:36639, 64c90977-e867-487c-b50d-c226f2d34a76:192.168.157.213:37433, a1c78c0e-869c-4f76-b4ce-2034448e0b80:192.168.157.213:33501], old=null
2019-10-19 01:04:41,259 [grpc-default-executor-1] INFO  impl.RaftServerImpl (RaftServerImpl.java:setRole(184)) - 51276c3c-a3b8-4274-b089-592ff4589f41@group-D48B69A44692: changes role from  FOLLOWER to FOLLOWER at term 111 for recognizeCandidate:a1c78c0e-869c-4f76-b4ce-2034448e0b80
2019-10-19 01:04:41,259 [grpc-default-executor-7] INFO  impl.RaftServerImpl (RaftServerImpl.java:setRole(184)) - 64c90977-e867-487c-b50d-c226f2d34a76@group-D48B69A44692: changes role from  FOLLOWER to FOLLOWER at term 111 for recognizeCandidate:a1c78c0e-869c-4f76-b4ce-2034448e0b80
2019-10-19 01:04:41,259 [grpc-default-executor-1] INFO  impl.RoleInfo (RoleInfo.java:shutdownFollowerState(121)) - 51276c3c-a3b8-4274-b089-592ff4589f41: shutdown FollowerState
2019-10-19 01:04:41,260 [grpc-default-executor-7] INFO  impl.RoleInfo (RoleInfo.java:shutdownFollowerState(121)) - 64c90977-e867-487c-b50d-c226f2d34a76: shutdown FollowerState
2019-10-19 01:04:41,260 [grpc-default-executor-1] INFO  impl.RoleInfo (RoleInfo.java:updateAndGet(143)) - 51276c3c-a3b8-4274-b089-592ff4589f41: start FollowerState
2019-10-19 01:04:41,260 [Thread-1771] INFO  impl.FollowerState (FollowerState.java:run(117)) - 51276c3c-a3b8-4274-b089-592ff4589f41@group-D48B69A44692-FollowerState was interrupted: java.lang.InterruptedException: sleep interrupted
2019-10-19 01:04:41,260 [Thread-1772] INFO  impl.FollowerState (FollowerState.java:run(117)) - 64c90977-e867-487c-b50d-c226f2d34a76@group-D48B69A44692-FollowerState was interrupted: java.lang.InterruptedException: sleep interrupted
2019-10-19 01:04:41,260 [grpc-default-executor-7] INFO  impl.RoleInfo (RoleInfo.java:updateAndGet(143)) - 64c90977-e867-487c-b50d-c226f2d34a76: start FollowerState
2019-10-19 01:04:41,274 [a1c78c0e-869c-4f76-b4ce-2034448e0b80@group-D48B69A44692-LeaderElection204] INFO  impl.LeaderElection (LeaderElection.java:logAndReturn(56)) - a1c78c0e-869c-4f76-b4ce-2034448e0b80@group-D48B69A44692-LeaderElection204: Election REJECTED; received 2 response(s) [a1c78c0e-869c-4f76-b4ce-2034448e0b80<-51276c3c-a3b8-4274-b089-592ff4589f41#0:FAIL-t111, a1c78c0e-869c-4f76-b4ce-2034448e0b80<-64c90977-e867-487c-b50d-c226f2d34a76#0:FAIL-t111] and 0 exception(s); a1c78c0e-869c-4f76-b4ce-2034448e0b80@group-D48B69A44692:t111, leader=null, voted=a1c78c0e-869c-4f76-b4ce-2034448e0b80, raftlog=a1c78c0e-869c-4f76-b4ce-2034448e0b80@group-D48B69A44692-SegmentedRaftLog:OPENED:c-1,f-1,i0, conf=-1: [51276c3c-a3b8-4274-b089-592ff4589f41:192.168.157.213:36639, 64c90977-e867-487c-b50d-c226f2d34a76:192.168.157.213:37433, a1c78c0e-869c-4f76-b4ce-2034448e0b80:192.168.157.213:33501], old=null
2019-10-19 01:04:41,274 [a1c78c0e-869c-4f76-b4ce-2034448e0b80@group-D48B69A44692-LeaderElection204] INFO  impl.RaftServerImpl (RaftServerImpl.java:setRole(184)) - a1c78c0e-869c-4f76-b4ce-2034448e0b80@group-D48B69A44692: changes role from CANDIDATE to FOLLOWER at term 111 for DISCOVERED_A_NEW_TERM
2019-10-19 01:04:41,274 [a1c78c0e-869c-4f76-b4ce-2034448e0b80@group-D48B69A44692-LeaderElection204] INFO  impl.RoleInfo (RoleInfo.java:shutdownLeaderElection(134)) - a1c78c0e-869c-4f76-b4ce-2034448e0b80: shutdown LeaderElection
2019-10-19 01:04:41,274 [a1c78c0e-869c-4f76-b4ce-2034448e0b80@group-D48B69A44692-LeaderElection204] INFO  impl.RoleInfo (RoleInfo.java:updateAndGet(143)) - a1c78c0e-869c-4f76-b4ce-2034448e0b80: start FollowerState
2019-10-19 01:04:41,346 [Thread-1775] INFO  impl.FollowerState (FollowerState.java:run(108)) - a54795b0-6c9c-4137-a866-f82f653c9bf9@group-FB3B7D7D89E3-FollowerState: change to CANDIDATE, lastRpcTime:145ms, electionTimeout:145ms
2019-10-19 01:04:41,346 [Thread-1775] INFO  impl.RoleInfo (RoleInfo.java:shutdownFollowerState(121)) - a54795b0-6c9c-4137-a866-f82f653c9bf9: shutdown FollowerState
2019-10-19 01:04:41,346 [Thread-1775] INFO  impl.RaftServerImpl (RaftServerImpl.java:setRole(184)) - a54795b0-6c9c-4137-a866-f82f653c9bf9@group-FB3B7D7D89E3: changes role from  FOLLOWER to CANDIDATE at term 104 for changeToCandidate
2019-10-19 01:04:41,347 [Thread-1775] INFO  impl.RoleInfo (RoleInfo.java:updateAndGet(143)) - a54795b0-6c9c-4137-a866-f82f653c9bf9: start LeaderElection
2019-10-19 01:04:41,350 [Thread-1783] INFO  impl.FollowerState (FollowerState.java:run(108)) - a1c78c0e-869c-4f76-b4ce-2034448e0b80@group-D48B69A44692-FollowerState: change to CANDIDATE, lastRpcTime:75ms, electionTimeout:75ms
2019-10-19 01:04:41,350 [Thread-1783] INFO  impl.RoleInfo (RoleInfo.java:shutdownFollowerState(121)) - a1c78c0e-869c-4f76-b4ce-2034448e0b80: shutdown FollowerState
2019-10-19 01:04:41,350 [Thread-1783] INFO  impl.RaftServerImpl (RaftServerImpl.java:setRole(184)) - a1c78c0e-869c-4f76-b4ce-2034448e0b80@group-D48B69A44692: changes role from  FOLLOWER to CANDIDATE at term 111 for changeToCandidate
2019-10-19 01:04:41,350 [Thread-1783] INFO  impl.RoleInfo (RoleInfo.java:updateAndGet(143)) - a1c78c0e-869c-4f76-b4ce-2034448e0b80: start LeaderElection
2019-10-19 01:04:41,361 [a1c78c0e-869c-4f76-b4ce-2034448e0b80@group-D48B69A44692-LeaderElection206] INFO  impl.LeaderElection (LeaderElection.java:askForVotes(178)) - a1c78c0e-869c-4f76-b4ce-2034448e0b80@group-D48B69A44692-LeaderElection206: begin an election at term 112 for -1: [51276c3c-a3b8-4274-b089-592ff4589f41:192.168.157.213:36639, 64c90977-e867-487c-b50d-c226f2d34a76:192.168.157.213:37433, a1c78c0e-869c-4f76-b4ce-2034448e0b80:192.168.157.213:33501], old=null
2019-10-19 01:04:41,361 [a54795b0-6c9c-4137-a866-f82f653c9bf9@group-FB3B7D7D89E3-LeaderElection205] INFO  impl.LeaderElection (LeaderElection.java:askForVotes(178)) - a54795b0-6c9c-4137-a866-f82f653c9bf9@group-FB3B7D7D89E3-LeaderElection205: begin an election at term 105 for -1: [a54795b0-6c9c-4137-a866-f82f653c9bf9:192.168.157.213:43688, b26a8d60-58dc-431d-8168-f89a9ab35f3a:192.168.157.213:35535, 16805c57-9f45-4377-8998-764a8f26e152:192.168.157.213:33728], old=null
2019-10-19 01:04:41,364 [grpc-default-executor-1] INFO  impl.RaftServerImpl (RaftServerImpl.java:setRole(184)) - 16805c57-9f45-4377-8998-764a8f26e152@group-FB3B7D7D89E3: changes role from  FOLLOWER to FOLLOWER at term 105 for recognizeCandidate:a54795b0-6c9c-4137-a866-f82f653c9bf9
2019-10-19 01:04:41,364 [grpc-default-executor-5] INFO  impl.RaftServerImpl (RaftServerImpl.java:setRole(184)) - 51276c3c-a3b8-4274-b089-592ff4589f41@group-D48B69A44692: changes role from  FOLLOWER to FOLLOWER at term 112 for recognizeCandidate:a1c78c0e-869c-4f76-b4ce-2034448e0b80
2019-10-19 01:04:41,365 [grpc-default-executor-4] INFO  impl.RaftServerImpl (RaftServerImpl.java:setRole(184)) - b26a8d60-58dc-431d-8168-f89a9ab35f3a@group-FB3B7D7D89E3: changes role from  FOLLOWER to FOLLOWER at term 105 for recognizeCandidate:a54795b0-6c9c-4137-a866-f82f653c9bf9
2019-10-19 01:04:41,365 [grpc-default-executor-4] INFO  impl.RoleInfo (RoleInfo.java:shutdownFollowerState(121)) - b26a8d60-58dc-431d-8168-f89a9ab35f3a: shutdown FollowerState
2019-10-19 01:04:41,364 [grpc-default-executor-7] INFO  impl.RaftServerImpl (RaftServerImpl.java:setRole(184)) - 64c90977-e867-487c-b50d-c226f2d34a76@group-D48B69A44692: changes role from  FOLLOWER to FOLLOWER at term 112 for recognizeCandidate:a1c78c0e-869c-4f76-b4ce-2034448e0b80
2019-10-19 01:04:41,365 [Thread-1770] INFO  impl.FollowerState (FollowerState.java:run(117)) - b26a8d60-58dc-431d-8168-f89a9ab35f3a@group-FB3B7D7D89E3-FollowerState was interrupted: java.lang.InterruptedException: sleep interrupted
2019-10-19 01:04:41,365 [grpc-default-executor-4] INFO  impl.RoleInfo (RoleInfo.java:updateAndGet(143)) - b26a8d60-58dc-431d-8168-f89a9ab35f3a: start FollowerState
2019-10-19 01:04:41,365 [grpc-default-executor-5] INFO  impl.RoleInfo (RoleInfo.java:shutdownFollowerState(121)) - 51276c3c-a3b8-4274-b089-592ff4589f41: shutdown FollowerState
2019-10-19 01:04:41,364 [grpc-default-executor-1] INFO  impl.RoleInfo (RoleInfo.java:shutdownFollowerState(121)) - 16805c57-9f45-4377-8998-764a8f26e152: shutdown FollowerState
2019-10-19 01:04:41,365 [Thread-1781] INFO  impl.FollowerState (FollowerState.java:run(117)) - 51276c3c-a3b8-4274-b089-592ff4589f41@group-D48B69A44692-FollowerState was interrupted: java.lang.InterruptedException: sleep interrupted
2019-10-19 01:04:41,365 [grpc-default-executor-5] INFO  impl.RoleInfo (RoleInfo.java:updateAndGet(143)) - 51276c3c-a3b8-4274-b089-592ff4589f41: start FollowerState
2019-10-19 01:04:41,365 [grpc-default-executor-7] INFO  impl.RoleInfo (RoleInfo.java:shutdownFollowerState(121)) - 64c90977-e867-487c-b50d-c226f2d34a76: shutdown FollowerState
2019-10-19 01:04:41,365 [Thread-1773] INFO  impl.FollowerState (FollowerState.java:run(117)) - 16805c57-9f45-4377-8998-764a8f26e152@group-FB3B7D7D89E3-FollowerState was interrupted: java.lang.InterruptedException: sleep interrupted
2019-10-19 01:04:41,365 [grpc-default-executor-1] INFO  impl.RoleInfo (RoleInfo.java:updateAndGet(143)) - 16805c57-9f45-4377-8998-764a8f26e152: start FollowerState
2019-10-19 01:04:41,366 [Thread-1782] INFO  impl.FollowerState (FollowerState.java:run(117)) - 64c90977-e867-487c-b50d-c226f2d34a76@group-D48B69A44692-FollowerState was interrupted: java.lang.InterruptedException: sleep interrupted
2019-10-19 01:04:41,366 [grpc-default-executor-7] INFO  impl.RoleInfo (RoleInfo.java:updateAndGet(143)) - 64c90977-e867-487c-b50d-c226f2d34a76: start FollowerState
2019-10-19 01:04:41,379 [a1c78c0e-869c-4f76-b4ce-2034448e0b80@group-D48B69A44692-LeaderElection206] INFO  impl.LeaderElection (LeaderElection.java:logAndReturn(56)) - a1c78c0e-869c-4f76-b4ce-2034448e0b80@group-D48B69A44692-LeaderElection206: Election REJECTED; received 2 response(s) [a1c78c0e-869c-4f76-b4ce-2034448e0b80<-51276c3c-a3b8-4274-b089-592ff4589f41#0:FAIL-t112, a1c78c0e-869c-4f76-b4ce-2034448e0b80<-64c90977-e867-487c-b50d-c226f2d34a76#0:FAIL-t112] and 0 exception(s); a1c78c0e-869c-4f76-b4ce-2034448e0b80@group-D48B69A44692:t112, leader=null, voted=a1c78c0e-869c-4f76-b4ce-2034448e0b80, raftlog=a1c78c0e-869c-4f76-b4ce-2034448e0b80@group-D48B69A44692-SegmentedRaftLog:OPENED:c-1,f-1,i0, conf=-1: [51276c3c-a3b8-4274-b089-592ff4589f41:192.168.157.213:36639, 64c90977-e867-487c-b50d-c226f2d34a76:192.168.157.213:37433, a1c78c0e-869c-4f76-b4ce-2034448e0b80:192.168.157.213:33501], old=null
2019-10-19 01:04:41,379 [a54795b0-6c9c-4137-a866-f82f653c9bf9@group-FB3B7D7D89E3-LeaderElection205] INFO  impl.LeaderElection (LeaderElection.java:logAndReturn(56)) - a54795b0-6c9c-4137-a866-f82f653c9bf9@group-FB3B7D7D89E3-LeaderElection205: Election REJECTED; received 2 response(s) [a54795b0-6c9c-4137-a866-f82f653c9bf9<-b26a8d60-58dc-431d-8168-f89a9ab35f3a#0:FAIL-t105, a54795b0-6c9c-4137-a866-f82f653c9bf9<-16805c57-9f45-4377-8998-764a8f26e152#0:FAIL-t105] and 0 exception(s); a54795b0-6c9c-4137-a866-f82f653c9bf9@group-FB3B7D7D89E3:t105, leader=null, voted=a54795b0-6c9c-4137-a866-f82f653c9bf9, raftlog=a54795b0-6c9c-4137-a866-f82f653c9bf9@group-FB3B7D7D89E3-SegmentedRaftLog:OPENED:c-1,f-1,i0, conf=-1: [a54795b0-6c9c-4137-a866-f82f653c9bf9:192.168.157.213:43688, b26a8d60-58dc-431d-8168-f89a9ab35f3a:192.168.157.213:35535, 16805c57-9f45-4377-8998-764a8f26e152:192.168.157.213:33728], old=null
2019-10-19 01:04:41,379 [a1c78c0e-869c-4f76-b4ce-2034448e0b80@group-D48B69A44692-LeaderElection206] INFO  impl.RaftServerImpl (RaftServerImpl.java:setRole(184)) - a1c78c0e-869c-4f76-b4ce-2034448e0b80@group-D48B69A44692: changes role from CANDIDATE to FOLLOWER at term 112 for DISCOVERED_A_NEW_TERM
2019-10-19 01:04:41,380 [a1c78c0e-869c-4f76-b4ce-2034448e0b80@group-D48B69A44692-LeaderElection206] INFO  impl.RoleInfo (RoleInfo.java:shutdownLeaderElection(134)) - a1c78c0e-869c-4f76-b4ce-2034448e0b80: shutdown LeaderElection
2019-10-19 01:04:41,380 [a54795b0-6c9c-4137-a866-f82f653c9bf9@group-FB3B7D7D89E3-LeaderElection205] INFO  impl.RaftServerImpl (RaftServerImpl.java:setRole(184)) - a54795b0-6c9c-4137-a866-f82f653c9bf9@group-FB3B7D7D89E3: changes role from CANDIDATE to FOLLOWER at term 105 for DISCOVERED_A_NEW_TERM
2019-10-19 01:04:41,380 [a1c78c0e-869c-4f76-b4ce-2034448e0b80@group-D48B69A44692-LeaderElection206] INFO  impl.RoleInfo (RoleInfo.java:updateAndGet(143)) - a1c78c0e-869c-4f76-b4ce-2034448e0b80: start FollowerState
2019-10-19 01:04:41,380 [a54795b0-6c9c-4137-a866-f82f653c9bf9@group-FB3B7D7D89E3-LeaderElection205] INFO  impl.RoleInfo (RoleInfo.java:shutdownLeaderElection(134)) - a54795b0-6c9c-4137-a866-f82f653c9bf9: shutdown LeaderElection
2019-10-19 01:04:41,380 [a54795b0-6c9c-4137-a866-f82f653c9bf9@group-FB3B7D7D89E3-LeaderElection205] INFO  impl.RoleInfo (RoleInfo.java:updateAndGet(143)) - a54795b0-6c9c-4137-a866-f82f653c9bf9: start FollowerState
2019-10-19 01:04:41,422 [Thread-1794] INFO  impl.FollowerState (FollowerState.java:run(108)) - a1c78c0e-869c-4f76-b4ce-2034448e0b80@group-D48B69A44692-FollowerState: change to CANDIDATE, lastRpcTime:42ms, electionTimeout:42ms
2019-10-19 01:04:41,422 [Thread-1794] INFO  impl.RoleInfo (RoleInfo.java:shutdownFollowerState(121)) - a1c78c0e-869c-4f76-b4ce-2034448e0b80: shutdown FollowerState
2019-10-19 01:04:41,422 [Thread-1794] INFO  impl.RaftServerImpl (RaftServerImpl.java:setRole(184)) - a1c78c0e-869c-4f76-b4ce-2034448e0b80@group-D48B69A44692: changes role from  FOLLOWER to CANDIDATE at term 112 for changeToCandidate
2019-10-19 01:04:41,422 [Thread-1794] INFO  impl.RoleInfo (RoleInfo.java:updateAndGet(143)) - a1c78c0e-869c-4f76-b4ce-2034448e0b80: start LeaderElection
2019-10-19 01:04:41,432 [a1c78c0e-869c-4f76-b4ce-2034448e0b80@group-D48B69A44692-LeaderElection207] INFO  impl.LeaderElection (LeaderElection.java:askForVotes(178)) - a1c78c0e-869c-4f76-b4ce-2034448e0b80@group-D48B69A44692-LeaderElection207: begin an election at term 113 for -1: [51276c3c-a3b8-4274-b089-592ff4589f41:192.168.157.213:36639, 64c90977-e867-487c-b50d-c226f2d34a76:192.168.157.213:37433, a1c78c0e-869c-4f76-b4ce-2034448e0b80:192.168.157.213:33501], old=null
2019-10-19 01:04:41,434 [grpc-default-executor-1] INFO  impl.RaftServerImpl (RaftServerImpl.java:setRole(184)) - 64c90977-e867-487c-b50d-c226f2d34a76@group-D48B69A44692: changes role from  FOLLOWER to FOLLOWER at term 113 for recognizeCandidate:a1c78c0e-869c-4f76-b4ce-2034448e0b80
2019-10-19 01:04:41,434 [grpc-default-executor-1] INFO  impl.RoleInfo (RoleInfo.java:shutdownFollowerState(121)) - 64c90977-e867-487c-b50d-c226f2d34a76: shutdown FollowerState
2019-10-19 01:04:41,434 [grpc-default-executor-4] INFO  impl.RaftServerImpl (RaftServerImpl.java:setRole(184)) - 51276c3c-a3b8-4274-b089-592ff4589f41@group-D48B69A44692: changes role from  FOLLOWER to FOLLOWER at term 113 for recognizeCandidate:a1c78c0e-869c-4f76-b4ce-2034448e0b80
2019-10-19 01:04:41,434 [Thread-1793] INFO  impl.FollowerState (FollowerState.java:run(117)) - 64c90977-e867-487c-b50d-c226f2d34a76@group-D48B69A44692-FollowerState was interrupted: java.lang.InterruptedException: sleep interrupted
2019-10-19 01:04:41,434 [grpc-default-executor-1] INFO  impl.RoleInfo (RoleInfo.java:updateAndGet(143)) - 64c90977-e867-487c-b50d-c226f2d34a76: start FollowerState
2019-10-19 01:04:41,434 [grpc-default-executor-4] INFO  impl.RoleInfo (RoleInfo.java:shutdownFollowerState(121)) - 51276c3c-a3b8-4274-b089-592ff4589f41: shutdown FollowerState
2019-10-19 01:04:41,435 [grpc-default-executor-4] INFO  impl.RoleInfo (RoleInfo.java:updateAndGet(143)) - 51276c3c-a3b8-4274-b089-592ff4589f41: start FollowerState
2019-10-19 01:04:41,435 [Thread-1791] INFO  impl.FollowerState (FollowerState.java:run(117)) - 51276c3c-a3b8-4274-b089-592ff4589f41@group-D48B69A44692-FollowerState was interrupted: java.lang.InterruptedException: sleep interrupted
2019-10-19 01:04:41,446 [a1c78c0e-869c-4f76-b4ce-2034448e0b80@group-D48B69A44692-LeaderElection207] INFO  impl.LeaderElection (LeaderElection.java:logAndReturn(56)) - a1c78c0e-869c-4f76-b4ce-2034448e0b80@group-D48B69A44692-LeaderElection207: Election REJECTED; received 2 response(s) [a1c78c0e-869c-4f76-b4ce-2034448e0b80<-51276c3c-a3b8-4274-b089-592ff4589f41#0:FAIL-t113, a1c78c0e-869c-4f76-b4ce-2034448e0b80<-64c90977-e867-487c-b50d-c226f2d34a76#0:FAIL-t113] and 0 exception(s); a1c78c0e-869c-4f76-b4ce-2034448e0b80@group-D48B69A44692:t113, leader=null, voted=a1c78c0e-869c-4f76-b4ce-2034448e0b80, raftlog=a1c78c0e-869c-4f76-b4ce-2034448e0b80@group-D48B69A44692-SegmentedRaftLog:OPENED:c-1,f-1,i0, conf=-1: [51276c3c-a3b8-4274-b089-592ff4589f41:192.168.157.213:36639, 64c90977-e867-487c-b50d-c226f2d34a76:192.168.157.213:37433, a1c78c0e-869c-4f76-b4ce-2034448e0b80:192.168.157.213:33501], old=null
2019-10-19 01:04:41,446 [a1c78c0e-869c-4f76-b4ce-2034448e0b80@group-D48B69A44692-LeaderElection207] INFO  impl.RaftServerImpl (RaftServerImpl.java:setRole(184)) - a1c78c0e-869c-4f76-b4ce-2034448e0b80@group-D48B69A44692: changes role from CANDIDATE to FOLLOWER at term 113 for DISCOVERED_A_NEW_TERM
2019-10-19 01:04:41,446 [a1c78c0e-869c-4f76-b4ce-2034448e0b80@group-D48B69A44692-LeaderElection207] INFO  impl.RoleInfo (RoleInfo.java:shutdownLeaderElection(134)) - a1c78c0e-869c-4f76-b4ce-2034448e0b80: shutdown LeaderElection
2019-10-19 01:04:41,446 [a1c78c0e-869c-4f76-b4ce-2034448e0b80@group-D48B69A44692-LeaderElection207] INFO  impl.RoleInfo (RoleInfo.java:updateAndGet(143)) - a1c78c0e-869c-4f76-b4ce-2034448e0b80: start FollowerState
2019-10-19 01:04:41,481 [Thread-1795] INFO  impl.FollowerState (FollowerState.java:run(108)) - a54795b0-6c9c-4137-a866-f82f653c9bf9@group-FB3B7D7D89E3-FollowerState: change to CANDIDATE, lastRpcTime:101ms, electionTimeout:101ms
2019-10-19 01:04:41,481 [Thread-1795] INFO  impl.RoleInfo (RoleInfo.java:shutdownFollowerState(121)) - a54795b0-6c9c-4137-a866-f82f653c9bf9: shutdown FollowerState
2019-10-19 01:04:41,482 [Thread-1795] INFO  impl.RaftServerImpl (RaftServerImpl.java:setRole(184)) - a54795b0-6c9c-4137-a866-f82f653c9bf9@group-FB3B7D7D89E3: changes role from  FOLLOWER to CANDIDATE at term 105 for changeToCandidate
2019-10-19 01:04:41,482 [Thread-1795] INFO  impl.RoleInfo (RoleInfo.java:updateAndGet(143)) - a54795b0-6c9c-4137-a866-f82f653c9bf9: start LeaderElection
2019-10-19 01:04:41,495 [a54795b0-6c9c-4137-a866-f82f653c9bf9@group-FB3B7D7D89E3-LeaderElection208] INFO  impl.LeaderElection (LeaderElection.java:askForVotes(178)) - a54795b0-6c9c-4137-a866-f82f653c9bf9@group-FB3B7D7D89E3-LeaderElection208: begin an election at term 106 for -1: [a54795b0-6c9c-4137-a866-f82f653c9bf9:192.168.157.213:43688, b26a8d60-58dc-431d-8168-f89a9ab35f3a:192.168.157.213:35535, 16805c57-9f45-4377-8998-764a8f26e152:192.168.157.213:33728], old=null
2019-10-19 01:04:41,497 [grpc-default-executor-4] INFO  impl.RaftServerImpl (RaftServerImpl.java:setRole(184)) - b26a8d60-58dc-431d-8168-f89a9ab35f3a@group-FB3B7D7D89E3: changes role from  FOLLOWER to FOLLOWER at term 106 for recognizeCandidate:a54795b0-6c9c-4137-a866-f82f653c9bf9
2019-10-19 01:04:41,497 [grpc-default-executor-4] INFO  impl.RoleInfo (RoleInfo.java:shutdownFollowerState(121)) - b26a8d60-58dc-431d-8168-f89a9ab35f3a: shutdown FollowerState
2019-10-19 01:04:41,497 [grpc-default-executor-1] INFO  impl.RaftServerImpl (RaftServerImpl.java:setRole(184)) - 16805c57-9f45-4377-8998-764a8f26e152@group-FB3B7D7D89E3: changes role from  FOLLOWER to FOLLOWER at term 106 for recognizeCandidate:a54795b0-6c9c-4137-a866-f82f653c9bf9
2019-10-19 01:04:41,497 [Thread-1790] INFO  impl.FollowerState (FollowerState.java:run(117)) - b26a8d60-58dc-431d-8168-f89a9ab35f3a@group-FB3B7D7D89E3-FollowerState was interrupted: java.lang.InterruptedException: sleep interrupted
2019-10-19 01:04:41,497 [grpc-default-executor-4] INFO  impl.RoleInfo (RoleInfo.java:updateAndGet(143)) - b26a8d60-58dc-431d-8168-f89a9ab35f3a: start FollowerState
2019-10-19 01:04:41,497 [grpc-default-executor-1] INFO  impl.RoleInfo (RoleInfo.java:shutdownFollowerState(121)) - 16805c57-9f45-4377-8998-764a8f26e152: shutdown FollowerState
2019-10-19 01:04:41,498 [Thread-1792] INFO  impl.FollowerState (FollowerState.java:run(117)) - 16805c57-9f45-4377-8998-764a8f26e152@group-FB3B7D7D89E3-FollowerState was interrupted: java.lang.InterruptedException: sleep interrupted
2019-10-19 01:04:41,498 [grpc-default-executor-1] INFO  impl.RoleInfo (RoleInfo.java:updateAndGet(143)) - 16805c57-9f45-4377-8998-764a8f26e152: start FollowerState
2019-10-19 01:04:41,507 [a54795b0-6c9c-4137-a866-f82f653c9bf9@group-FB3B7D7D89E3-LeaderElection208] INFO  impl.LeaderElection (LeaderElection.java:logAndReturn(56)) - a54795b0-6c9c-4137-a866-f82f653c9bf9@group-FB3B7D7D89E3-LeaderElection208: Election TIMEOUT; received 0 response(s) [] and 0 exception(s); a54795b0-6c9c-4137-a866-f82f653c9bf9@group-FB3B7D7D89E3:t106, leader=null, voted=a54795b0-6c9c-4137-a866-f82f653c9bf9, raftlog=a54795b0-6c9c-4137-a866-f82f653c9bf9@group-FB3B7D7D89E3-SegmentedRaftLog:OPENED:c-1,f-1,i0, conf=-1: [a54795b0-6c9c-4137-a866-f82f653c9bf9:192.168.157.213:43688, b26a8d60-58dc-431d-8168-f89a9ab35f3a:192.168.157.213:35535, 16805c57-9f45-4377-8998-764a8f26e152:192.168.157.213:33728], old=null
2019-10-19 01:04:41,522 [a54795b0-6c9c-4137-a866-f82f653c9bf9@group-FB3B7D7D89E3-LeaderElection208] INFO  impl.LeaderElection (LeaderElection.java:askForVotes(178)) - a54795b0-6c9c-4137-a866-f82f653c9bf9@group-FB3B7D7D89E3-LeaderElection208: begin an election at term 107 for -1: [a54795b0-6c9c-4137-a866-f82f653c9bf9:192.168.157.213:43688, b26a8d60-58dc-431d-8168-f89a9ab35f3a:192.168.157.213:35535, 16805c57-9f45-4377-8998-764a8f26e152:192.168.157.213:33728], old=null
2019-10-19 01:04:41,524 [grpc-default-executor-4] INFO  impl.RaftServerImpl (RaftServerImpl.java:setRole(184)) - b26a8d60-58dc-431d-8168-f89a9ab35f3a@group-FB3B7D7D89E3: changes role from  FOLLOWER to FOLLOWER at term 107 for recognizeCandidate:a54795b0-6c9c-4137-a866-f82f653c9bf9
2019-10-19 01:04:41,524 [grpc-default-executor-4] INFO  impl.RoleInfo (RoleInfo.java:shutdownFollowerState(121)) - b26a8d60-58dc-431d-8168-f89a9ab35f3a: shutdown FollowerState
2019-10-19 01:04:41,524 [grpc-default-executor-4] INFO  impl.RoleInfo (RoleInfo.java:updateAndGet(143)) - b26a8d60-58dc-431d-8168-f89a9ab35f3a: start FollowerState
2019-10-19 01:04:41,524 [Thread-1805] INFO  impl.FollowerState (FollowerState.java:run(117)) - b26a8d60-58dc-431d-8168-f89a9ab35f3a@group-FB3B7D7D89E3-FollowerState was interrupted: java.lang.InterruptedException: sleep interrupted
2019-10-19 01:04:41,524 [grpc-default-executor-1] INFO  impl.RaftServerImpl (RaftServerImpl.java:setRole(184)) - 16805c57-9f45-4377-8998-764a8f26e152@group-FB3B7D7D89E3: changes role from  FOLLOWER to FOLLOWER at term 107 for recognizeCandidate:a54795b0-6c9c-4137-a866-f82f653c9bf9
2019-10-19 01:04:41,524 [grpc-default-executor-1] INFO  impl.RoleInfo (RoleInfo.java:shutdownFollowerState(121)) - 16805c57-9f45-4377-8998-764a8f26e152: shutdown FollowerState
2019-10-19 01:04:41,525 [grpc-default-executor-1] INFO  impl.RoleInfo (RoleInfo.java:updateAndGet(143)) - 16805c57-9f45-4377-8998-764a8f26e152: start FollowerState
2019-10-19 01:04:41,525 [Thread-1806] INFO  impl.FollowerState (FollowerState.java:run(117)) - 16805c57-9f45-4377-8998-764a8f26e152@group-FB3B7D7D89E3-FollowerState was interrupted: java.lang.InterruptedException: sleep interrupted
2019-10-19 01:04:41,538 [a54795b0-6c9c-4137-a866-f82f653c9bf9@group-FB3B7D7D89E3-LeaderElection208] INFO  impl.LeaderElection (LeaderElection.java:logAndReturn(56)) - a54795b0-6c9c-4137-a866-f82f653c9bf9@group-FB3B7D7D89E3-LeaderElection208: Election REJECTED; received 2 response(s) [a54795b0-6c9c-4137-a866-f82f653c9bf9<-b26a8d60-58dc-431d-8168-f89a9ab35f3a#0:FAIL-t107, a54795b0-6c9c-4137-a866-f82f653c9bf9<-16805c57-9f45-4377-8998-764a8f26e152#0:FAIL-t107] and 0 exception(s); a54795b0-6c9c-4137-a866-f82f653c9bf9@group-FB3B7D7D89E3:t107, leader=null, voted=a54795b0-6c9c-4137-a866-f82f653c9bf9, raftlog=a54795b0-6c9c-4137-a866-f82f653c9bf9@group-FB3B7D7D89E3-SegmentedRaftLog:OPENED:c-1,f-1,i0, conf=-1: [a54795b0-6c9c-4137-a866-f82f653c9bf9:192.168.157.213:43688, b26a8d60-58dc-431d-8168-f89a9ab35f3a:192.168.157.213:35535, 16805c57-9f45-4377-8998-764a8f26e152:192.168.157.213:33728], old=null
2019-10-19 01:04:41,538 [a54795b0-6c9c-4137-a866-f82f653c9bf9@group-FB3B7D7D89E3-LeaderElection208] INFO  impl.RaftServerImpl (RaftServerImpl.java:setRole(184)) - a54795b0-6c9c-4137-a866-f82f653c9bf9@group-FB3B7D7D89E3: changes role from CANDIDATE to FOLLOWER at term 107 for DISCOVERED_A_NEW_TERM
2019-10-19 01:04:41,538 [a54795b0-6c9c-4137-a866-f82f653c9bf9@group-FB3B7D7D89E3-LeaderElection208] INFO  impl.RoleInfo (RoleInfo.java:shutdownLeaderElection(134)) - a54795b0-6c9c-4137-a866-f82f653c9bf9: shutdown LeaderElection
2019-10-19 01:04:41,538 [a54795b0-6c9c-4137-a866-f82f653c9bf9@group-FB3B7D7D89E3-LeaderElection208] INFO  impl.RoleInfo (RoleInfo.java:updateAndGet(143)) - a54795b0-6c9c-4137-a866-f82f653c9bf9: start FollowerState
2019-10-19 01:04:41,548 [Thread-1801] INFO  impl.FollowerState (FollowerState.java:run(108)) - a1c78c0e-869c-4f76-b4ce-2034448e0b80@group-D48B69A44692-FollowerState: change to CANDIDATE, lastRpcTime:101ms, electionTimeout:101ms
2019-10-19 01:04:41,548 [Thread-1801] INFO  impl.RoleInfo (RoleInfo.java:shutdownFollowerState(121)) - a1c78c0e-869c-4f76-b4ce-2034448e0b80: shutdown FollowerState
2019-10-19 01:04:41,548 [Thread-1801] INFO  impl.RaftServerImpl (RaftServerImpl.java:setRole(184)) - a1c78c0e-869c-4f76-b4ce-2034448e0b80@group-D48B69A44692: changes role from  FOLLOWER to CANDIDATE at term 113 for changeToCandidate
2019-10-19 01:04:41,548 [Thread-1801] INFO  impl.RoleInfo (RoleInfo.java:updateAndGet(143)) - a1c78c0e-869c-4f76-b4ce-2034448e0b80: start LeaderElection
2019-10-19 01:04:41,562 [a1c78c0e-869c-4f76-b4ce-2034448e0b80@group-D48B69A44692-LeaderElection209] INFO  impl.LeaderElection (LeaderElection.java:askForVotes(178)) - a1c78c0e-869c-4f76-b4ce-2034448e0b80@group-D48B69A44692-LeaderElection209: begin an election at term 114 for -1: [51276c3c-a3b8-4274-b089-592ff4589f41:192.168.157.213:36639, 64c90977-e867-487c-b50d-c226f2d34a76:192.168.157.213:37433, a1c78c0e-869c-4f76-b4ce-2034448e0b80:192.168.157.213:33501], old=null
2019-10-19 01:04:41,564 [grpc-default-executor-1] INFO  impl.RaftServerImpl (RaftServerImpl.java:setRole(184)) - 51276c3c-a3b8-4274-b089-592ff4589f41@group-D48B69A44692: changes role from  FOLLOWER to FOLLOWER at term 114 for recognizeCandidate:a1c78c0e-869c-4f76-b4ce-2034448e0b80
2019-10-19 01:04:41,564 [grpc-default-executor-1] INFO  impl.RoleInfo (RoleInfo.java:shutdownFollowerState(121)) - 51276c3c-a3b8-4274-b089-592ff4589f41: shutdown FollowerState
2019-10-19 01:04:41,564 [grpc-default-executor-4] INFO  impl.RaftServerImpl (RaftServerImpl.java:setRole(184)) - 64c90977-e867-487c-b50d-c226f2d34a76@group-D48B69A44692: changes role from  FOLLOWER to FOLLOWER at term 114 for recognizeCandidate:a1c78c0e-869c-4f76-b4ce-2034448e0b80
2019-10-19 01:04:41,564 [Thread-1800] INFO  impl.FollowerState (FollowerState.java:run(117)) - 51276c3c-a3b8-4274-b089-592ff4589f41@group-D48B69A44692-FollowerState was interrupted: java.lang.InterruptedException: sleep interrupted
2019-10-19 01:04:41,564 [grpc-default-executor-1] INFO  impl.RoleInfo (RoleInfo.java:updateAndGet(143)) - 51276c3c-a3b8-4274-b089-592ff4589f41: start FollowerState
2019-10-19 01:04:41,565 [grpc-default-executor-4] INFO  impl.RoleInfo (RoleInfo.java:shutdownFollowerState(121)) - 64c90977-e867-487c-b50d-c226f2d34a76: shutdown FollowerState
2019-10-19 01:04:41,565 [grpc-default-executor-4] INFO  impl.RoleInfo (RoleInfo.java:updateAndGet(143)) - 64c90977-e867-487c-b50d-c226f2d34a76: start FollowerState
2019-10-19 01:04:41,565 [Thread-1799] INFO  impl.FollowerState (FollowerState.java:run(117)) - 64c90977-e867-487c-b50d-c226f2d34a76@group-D48B69A44692-FollowerState was interrupted: java.lang.InterruptedException: sleep interrupted
2019-10-19 01:04:41,579 [a1c78c0e-869c-4f76-b4ce-2034448e0b80@group-D48B69A44692-LeaderElection209] INFO  impl.LeaderElection (LeaderElection.java:logAndReturn(56)) - a1c78c0e-869c-4f76-b4ce-2034448e0b80@group-D48B69A44692-LeaderElection209: Election REJECTED; received 2 response(s) [a1c78c0e-869c-4f76-b4ce-2034448e0b80<-51276c3c-a3b8-4274-b089-592ff4589f41#0:FAIL-t114, a1c78c0e-869c-4f76-b4ce-2034448e0b80<-64c90977-e867-487c-b50d-c226f2d34a76#0:FAIL-t114] and 0 exception(s); a1c78c0e-869c-4f76-b4ce-2034448e0b80@group-D48B69A44692:t114, leader=null, voted=a1c78c0e-869c-4f76-b4ce-2034448e0b80, raftlog=a1c78c0e-869c-4f76-b4ce-2034448e0b80@group-D48B69A44692-SegmentedRaftLog:OPENED:c-1,f-1,i0, conf=-1: [51276c3c-a3b8-4274-b089-592ff4589f41:192.168.157.213:36639, 64c90977-e867-487c-b50d-c226f2d34a76:192.168.157.213:37433, a1c78c0e-869c-4f76-b4ce-2034448e0b80:192.168.157.213:33501], old=null
2019-10-19 01:04:41,579 [a1c78c0e-869c-4f76-b4ce-2034448e0b80@group-D48B69A44692-LeaderElection209] INFO  impl.RaftServerImpl (RaftServerImpl.java:setRole(184)) - a1c78c0e-869c-4f76-b4ce-2034448e0b80@group-D48B69A44692: changes role from CANDIDATE to FOLLOWER at term 114 for DISCOVERED_A_NEW_TERM
2019-10-19 01:04:41,579 [a1c78c0e-869c-4f76-b4ce-2034448e0b80@group-D48B69A44692-LeaderElection209] INFO  impl.RoleInfo (RoleInfo.java:shutdownLeaderElection(134)) - a1c78c0e-869c-4f76-b4ce-2034448e0b80: shutdown LeaderElection
2019-10-19 01:04:41,579 [a1c78c0e-869c-4f76-b4ce-2034448e0b80@group-D48B69A44692-LeaderElection209] INFO  impl.RoleInfo (RoleInfo.java:updateAndGet(143)) - a1c78c0e-869c-4f76-b4ce-2034448e0b80: start FollowerState
2019-10-19 01:04:41,729 [Thread-1811] INFO  impl.FollowerState (FollowerState.java:run(108)) - a54795b0-6c9c-4137-a866-f82f653c9bf9@group-FB3B7D7D89E3-FollowerState: change to CANDIDATE, lastRpcTime:190ms, electionTimeout:190ms
2019-10-19 01:04:41,729 [Thread-1811] INFO  impl.RoleInfo (RoleInfo.java:shutdownFollowerState(121)) - a54795b0-6c9c-4137-a866-f82f653c9bf9: shutdown FollowerState
2019-10-19 01:04:41,729 [Thread-1811] INFO  impl.RaftServerImpl (RaftServerImpl.java:setRole(184)) - a54795b0-6c9c-4137-a866-f82f653c9bf9@group-FB3B7D7D89E3: changes role from  FOLLOWER to CANDIDATE at term 107 for changeToCandidate
2019-10-19 01:04:41,729 [Thread-1811] INFO  impl.RoleInfo (RoleInfo.java:updateAndGet(143)) - a54795b0-6c9c-4137-a866-f82f653c9bf9: start LeaderElection
2019-10-19 01:04:41,743 [a54795b0-6c9c-4137-a866-f82f653c9bf9@group-FB3B7D7D89E3-LeaderElection210] INFO  impl.LeaderElection (LeaderElection.java:askForVotes(178)) - a54795b0-6c9c-4137-a866-f82f653c9bf9@group-FB3B7D7D89E3-LeaderElection210: begin an election at term 108 for -1: [a54795b0-6c9c-4137-a866-f82f653c9bf9:192.168.157.213:43688, b26a8d60-58dc-431d-8168-f89a9ab35f3a:192.168.157.213:35535, 16805c57-9f45-4377-8998-764a8f26e152:192.168.157.213:33728], old=null
2019-10-19 01:04:41,744 [grpc-default-executor-4] INFO  impl.RaftServerImpl (RaftServerImpl.java:setRole(184)) - b26a8d60-58dc-431d-8168-f89a9ab35f3a@group-FB3B7D7D89E3: changes role from  FOLLOWER to FOLLOWER at term 108 for recognizeCandidate:a54795b0-6c9c-4137-a866-f82f653c9bf9
2019-10-19 01:04:41,744 [grpc-default-executor-4] INFO  impl.RoleInfo (RoleInfo.java:shutdownFollowerState(121)) - b26a8d60-58dc-431d-8168-f89a9ab35f3a: shutdown FollowerState
2019-10-19 01:04:41,744 [grpc-default-executor-1] INFO  impl.RaftServerImpl (RaftServerImpl.java:setRole(184)) - 16805c57-9f45-4377-8998-764a8f26e152@group-FB3B7D7D89E3: changes role from  FOLLOWER to FOLLOWER at term 108 for recognizeCandidate:a54795b0-6c9c-4137-a866-f82f653c9bf9
2019-10-19 01:04:41,745 [Thread-1809] INFO  impl.FollowerState (FollowerState.java:run(117)) - b26a8d60-58dc-431d-8168-f89a9ab35f3a@group-FB3B7D7D89E3-FollowerState was interrupted: java.lang.InterruptedException: sleep interrupted
2019-10-19 01:04:41,745 [grpc-default-executor-4] INFO  impl.RoleInfo (RoleInfo.java:updateAndGet(143)) - b26a8d60-58dc-431d-8168-f89a9ab35f3a: start FollowerState
2019-10-19 01:04:41,745 [grpc-default-executor-1] INFO  impl.RoleInfo (RoleInfo.java:shutdownFollowerState(121)) - 16805c57-9f45-4377-8998-764a8f26e152: shutdown FollowerState
2019-10-19 01:04:41,745 [grpc-default-executor-1] INFO  impl.RoleInfo (RoleInfo.java:updateAndGet(143)) - 16805c57-9f45-4377-8998-764a8f26e152: start FollowerState
2019-10-19 01:04:41,745 [Thread-1810] INFO  impl.FollowerState (FollowerState.java:run(117)) - 16805c57-9f45-4377-8998-764a8f26e152@group-FB3B7D7D89E3-FollowerState was interrupted: java.lang.InterruptedException: sleep interrupted
2019-10-19 01:04:41,759 [a54795b0-6c9c-4137-a866-f82f653c9bf9@group-FB3B7D7D89E3-LeaderElection210] INFO  impl.LeaderElection (LeaderElection.java:logAndReturn(56)) - a54795b0-6c9c-4137-a866-f82f653c9bf9@group-FB3B7D7D89E3-LeaderElection210: Election REJECTED; received 2 response(s) [a54795b0-6c9c-4137-a866-f82f653c9bf9<-b26a8d60-58dc-431d-8168-f89a9ab35f3a#0:FAIL-t108, a54795b0-6c9c-4137-a866-f82f653c9bf9<-16805c57-9f45-4377-8998-764a8f26e152#0:FAIL-t108] and 0 exception(s); a54795b0-6c9c-4137-a866-f82f653c9bf9@group-FB3B7D7D89E3:t108, leader=null, voted=a54795b0-6c9c-4137-a866-f82f653c9bf9, raftlog=a54795b0-6c9c-4137-a866-f82f653c9bf9@group-FB3B7D7D89E3-SegmentedRaftLog:OPENED:c-1,f-1,i0, conf=-1: [a54795b0-6c9c-4137-a866-f82f653c9bf9:192.168.157.213:43688, b26a8d60-58dc-431d-8168-f89a9ab35f3a:192.168.157.213:35535, 16805c57-9f45-4377-8998-764a8f26e152:192.168.157.213:33728], old=null
2019-10-19 01:04:41,759 [a54795b0-6c9c-4137-a866-f82f653c9bf9@group-FB3B7D7D89E3-LeaderElection210] INFO  impl.RaftServerImpl (RaftServerImpl.java:setRole(184)) - a54795b0-6c9c-4137-a866-f82f653c9bf9@group-FB3B7D7D89E3: changes role from CANDIDATE to FOLLOWER at term 108 for DISCOVERED_A_NEW_TERM
2019-10-19 01:04:41,759 [a54795b0-6c9c-4137-a866-f82f653c9bf9@group-FB3B7D7D89E3-LeaderElection210] INFO  impl.RoleInfo (RoleInfo.java:shutdownLeaderElection(134)) - a54795b0-6c9c-4137-a866-f82f653c9bf9: shutdown LeaderElection
2019-10-19 01:04:41,759 [a54795b0-6c9c-4137-a866-f82f653c9bf9@group-FB3B7D7D89E3-LeaderElection210] INFO  impl.RoleInfo (RoleInfo.java:updateAndGet(143)) - a54795b0-6c9c-4137-a866-f82f653c9bf9: start FollowerState
2019-10-19 01:04:41,765 [Thread-1817] INFO  impl.FollowerState (FollowerState.java:run(108)) - a1c78c0e-869c-4f76-b4ce-2034448e0b80@group-D48B69A44692-FollowerState: change to CANDIDATE, lastRpcTime:186ms, electionTimeout:186ms
2019-10-19 01:04:41,766 [Thread-1817] INFO  impl.RoleInfo (RoleInfo.java:shutdownFollowerState(121)) - a1c78c0e-869c-4f76-b4ce-2034448e0b80: shutdown FollowerState
2019-10-19 01:04:41,766 [Thread-1817] INFO  impl.RaftServerImpl (RaftServerImpl.java:setRole(184)) - a1c78c0e-869c-4f76-b4ce-2034448e0b80@group-D48B69A44692: changes role from  FOLLOWER to CANDIDATE at term 114 for changeToCandidate
2019-10-19 01:04:41,766 [Thread-1817] INFO  impl.RoleInfo (RoleInfo.java:updateAndGet(143)) - a1c78c0e-869c-4f76-b4ce-2034448e0b80: start LeaderElection
2019-10-19 01:04:41,780 [a1c78c0e-869c-4f76-b4ce-2034448e0b80@group-D48B69A44692-LeaderElection211] INFO  impl.LeaderElection (LeaderElection.java:askForVotes(178)) - a1c78c0e-869c-4f76-b4ce-2034448e0b80@group-D48B69A44692-LeaderElection211: begin an election at term 115 for -1: [51276c3c-a3b8-4274-b089-592ff4589f41:192.168.157.213:36639, 64c90977-e867-487c-b50d-c226f2d34a76:192.168.157.213:37433, a1c78c0e-869c-4f76-b4ce-2034448e0b80:192.168.157.213:33501], old=null
2019-10-19 01:04:41,781 [grpc-default-executor-1] INFO  impl.RaftServerImpl (RaftServerImpl.java:setRole(184)) - 51276c3c-a3b8-4274-b089-592ff4589f41@group-D48B69A44692: changes role from  FOLLOWER to FOLLOWER at term 115 for recognizeCandidate:a1c78c0e-869c-4f76-b4ce-2034448e0b80
2019-10-19 01:04:41,781 [grpc-default-executor-1] INFO  impl.RoleInfo (RoleInfo.java:shutdownFollowerState(121)) - 51276c3c-a3b8-4274-b089-592ff4589f41: shutdown FollowerState
2019-10-19 01:04:41,782 [grpc-default-executor-1] INFO  impl.RoleInfo (RoleInfo.java:updateAndGet(143)) - 51276c3c-a3b8-4274-b089-592ff4589f41: start FollowerState
2019-10-19 01:04:41,782 [grpc-default-executor-4] INFO  impl.RaftServerImpl (RaftServerImpl.java:setRole(184)) - 64c90977-e867-487c-b50d-c226f2d34a76@group-D48B69A44692: changes role from  FOLLOWER to FOLLOWER at term 115 for recognizeCandidate:a1c78c0e-869c-4f76-b4ce-2034448e0b80
2019-10-19 01:04:41,782 [Thread-1815] INFO  impl.FollowerState (FollowerState.java:run(117)) - 51276c3c-a3b8-4274-b089-592ff4589f41@group-D48B69A44692-FollowerState was interrupted: java.lang.InterruptedException: sleep interrupted
2019-10-19 01:04:41,782 [grpc-default-executor-4] INFO  impl.RoleInfo (RoleInfo.java:shutdownFollowerState(121)) - 64c90977-e867-487c-b50d-c226f2d34a76: shutdown FollowerState
2019-10-19 01:04:41,782 [grpc-default-executor-4] INFO  impl.RoleInfo (RoleInfo.java:updateAndGet(143)) - 64c90977-e867-487c-b50d-c226f2d34a76: start FollowerState
2019-10-19 01:04:41,782 [Thread-1816] INFO  impl.FollowerState (FollowerState.java:run(117)) - 64c90977-e867-487c-b50d-c226f2d34a76@group-D48B69A44692-FollowerState was interrupted: java.lang.InterruptedException: sleep interrupted
2019-10-19 01:04:41,796 [a1c78c0e-869c-4f76-b4ce-2034448e0b80@group-D48B69A44692-LeaderElection211] INFO  impl.LeaderElection (LeaderElection.java:logAndReturn(56)) - a1c78c0e-869c-4f76-b4ce-2034448e0b80@group-D48B69A44692-LeaderElection211: Election REJECTED; received 2 response(s) [a1c78c0e-869c-4f76-b4ce-2034448e0b80<-51276c3c-a3b8-4274-b089-592ff4589f41#0:FAIL-t115, a1c78c0e-869c-4f76-b4ce-2034448e0b80<-64c90977-e867-487c-b50d-c226f2d34a76#0:FAIL-t115] and 0 exception(s); a1c78c0e-869c-4f76-b4ce-2034448e0b80@group-D48B69A44692:t115, leader=null, voted=a1c78c0e-869c-4f76-b4ce-2034448e0b80, raftlog=a1c78c0e-869c-4f76-b4ce-2034448e0b80@group-D48B69A44692-SegmentedRaftLog:OPENED:c-1,f-1,i0, conf=-1: [51276c3c-a3b8-4274-b089-592ff4589f41:192.168.157.213:36639, 64c90977-e867-487c-b50d-c226f2d34a76:192.168.157.213:37433, a1c78c0e-869c-4f76-b4ce-2034448e0b80:192.168.157.213:33501], old=null
2019-10-19 01:04:41,796 [a1c78c0e-869c-4f76-b4ce-2034448e0b80@group-D48B69A44692-LeaderElection211] INFO  impl.RaftServerImpl (RaftServerImpl.java:setRole(184)) - a1c78c0e-869c-4f76-b4ce-2034448e0b80@group-D48B69A44692: changes role from CANDIDATE to FOLLOWER at term 115 for DISCOVERED_A_NEW_TERM
2019-10-19 01:04:41,796 [a1c78c0e-869c-4f76-b4ce-2034448e0b80@group-D48B69A44692-LeaderElection211] INFO  impl.RoleInfo (RoleInfo.java:shutdownLeaderElection(134)) - a1c78c0e-869c-4f76-b4ce-2034448e0b80: shutdown LeaderElection
2019-10-19 01:04:41,796 [a1c78c0e-869c-4f76-b4ce-2034448e0b80@group-D48B69A44692-LeaderElection211] INFO  impl.RoleInfo (RoleInfo.java:updateAndGet(143)) - a1c78c0e-869c-4f76-b4ce-2034448e0b80: start FollowerState
2019-10-19 01:04:41,911 [Thread-1825] INFO  impl.FollowerState (FollowerState.java:run(108)) - a54795b0-6c9c-4137-a866-f82f653c9bf9@group-FB3B7D7D89E3-FollowerState: change to CANDIDATE, lastRpcTime:151ms, electionTimeout:151ms
2019-10-19 01:04:41,911 [Thread-1825] INFO  impl.RoleInfo (RoleInfo.java:shutdownFollowerState(121)) - a54795b0-6c9c-4137-a866-f82f653c9bf9: shutdown FollowerState
2019-10-19 01:04:41,911 [Thread-1825] INFO  impl.RaftServerImpl (RaftServerImpl.java:setRole(184)) - a54795b0-6c9c-4137-a866-f82f653c9bf9@group-FB3B7D7D89E3: changes role from  FOLLOWER to CANDIDATE at term 108 for changeToCandidate
2019-10-19 01:04:41,911 [Thread-1825] INFO  impl.RoleInfo (RoleInfo.java:updateAndGet(143)) - a54795b0-6c9c-4137-a866-f82f653c9bf9: start LeaderElection
2019-10-19 01:04:41,923 [a54795b0-6c9c-4137-a866-f82f653c9bf9@group-FB3B7D7D89E3-LeaderElection212] INFO  impl.LeaderElection (LeaderElection.java:askForVotes(178)) - a54795b0-6c9c-4137-a866-f82f653c9bf9@group-FB3B7D7D89E3-LeaderElection212: begin an election at term 109 for -1: [a54795b0-6c9c-4137-a866-f82f653c9bf9:192.168.157.213:43688, b26a8d60-58dc-431d-8168-f89a9ab35f3a:192.168.157.213:35535, 16805c57-9f45-4377-8998-764a8f26e152:192.168.157.213:33728], old=null
2019-10-19 01:04:41,925 [grpc-default-executor-4] INFO  impl.RaftServerImpl (RaftServerImpl.java:setRole(184)) - b26a8d60-58dc-431d-8168-f89a9ab35f3a@group-FB3B7D7D89E3: changes role from  FOLLOWER to FOLLOWER at term 109 for recognizeCandidate:a54795b0-6c9c-4137-a866-f82f653c9bf9
2019-10-19 01:04:41,925 [grpc-default-executor-1] INFO  impl.RaftServerImpl (RaftServerImpl.java:setRole(184)) - 16805c57-9f45-4377-8998-764a8f26e152@group-FB3B7D7D89E3: changes role from  FOLLOWER to FOLLOWER at term 109 for recognizeCandidate:a54795b0-6c9c-4137-a866-f82f653c9bf9
2019-10-19 01:04:41,926 [grpc-default-executor-4] INFO  impl.RoleInfo (RoleInfo.java:shutdownFollowerState(121)) - b26a8d60-58dc-431d-8168-f89a9ab35f3a: shutdown FollowerState
2019-10-19 01:04:41,926 [grpc-default-executor-1] INFO  impl.RoleInfo (RoleInfo.java:shutdownFollowerState(121)) - 16805c57-9f45-4377-8998-764a8f26e152: shutdown FollowerState
2019-10-19 01:04:41,926 [Thread-1821] INFO  impl.FollowerState (FollowerState.java:run(117)) - b26a8d60-58dc-431d-8168-f89a9ab35f3a@group-FB3B7D7D89E3-FollowerState was interrupted: java.lang.InterruptedException: sleep interrupted
2019-10-19 01:04:41,926 [Thread-1822] INFO  impl.FollowerState (FollowerState.java:run(117)) - 16805c57-9f45-4377-8998-764a8f26e152@group-FB3B7D7D89E3-FollowerState was interrupted: java.lang.InterruptedException: sleep interrupted
2019-10-19 01:04:41,926 [grpc-default-executor-4] INFO  impl.RoleInfo (RoleInfo.java:updateAndGet(143)) - b26a8d60-58dc-431d-8168-f89a9ab35f3a: start FollowerState
2019-10-19 01:04:41,926 [grpc-default-executor-1] INFO  impl.RoleInfo (RoleInfo.java:updateAndGet(143)) - 16805c57-9f45-4377-8998-764a8f26e152: start FollowerState
2019-10-19 01:04:41,941 [a54795b0-6c9c-4137-a866-f82f653c9bf9@group-FB3B7D7D89E3-LeaderElection212] INFO  impl.LeaderElection (LeaderElection.java:logAndReturn(56)) - a54795b0-6c9c-4137-a866-f82f653c9bf9@group-FB3B7D7D89E3-LeaderElection212: Election REJECTED; received 2 response(s) [a54795b0-6c9c-4137-a866-f82f653c9bf9<-b26a8d60-58dc-431d-8168-f89a9ab35f3a#0:FAIL-t109, a54795b0-6c9c-4137-a866-f82f653c9bf9<-16805c57-9f45-4377-8998-764a8f26e152#0:FAIL-t109] and 0 exception(s); a54795b0-6c9c-4137-a866-f82f653c9bf9@group-FB3B7D7D89E3:t109, leader=null, voted=a54795b0-6c9c-4137-a866-f82f653c9bf9, raftlog=a54795b0-6c9c-4137-a866-f82f653c9bf9@group-FB3B7D7D89E3-SegmentedRaftLog:OPENED:c-1,f-1,i0, conf=-1: [a54795b0-6c9c-4137-a866-f82f653c9bf9:192.168.157.213:43688, b26a8d60-58dc-431d-8168-f89a9ab35f3a:192.168.157.213:35535, 16805c57-9f45-4377-8998-764a8f26e152:192.168.157.213:33728], old=null
2019-10-19 01:04:41,941 [a54795b0-6c9c-4137-a866-f82f653c9bf9@group-FB3B7D7D89E3-LeaderElection212] INFO  impl.RaftServerImpl (RaftServerImpl.java:setRole(184)) - a54795b0-6c9c-4137-a866-f82f653c9bf9@group-FB3B7D7D89E3: changes role from CANDIDATE to FOLLOWER at term 109 for DISCOVERED_A_NEW_TERM
2019-10-19 01:04:41,941 [a54795b0-6c9c-4137-a866-f82f653c9bf9@group-FB3B7D7D89E3-LeaderElection212] INFO  impl.RoleInfo (RoleInfo.java:shutdownLeaderElection(134)) - a54795b0-6c9c-4137-a866-f82f653c9bf9: shutdown LeaderElection
2019-10-19 01:04:41,941 [a54795b0-6c9c-4137-a866-f82f653c9bf9@group-FB3B7D7D89E3-LeaderElection212] INFO  impl.RoleInfo (RoleInfo.java:updateAndGet(143)) - a54795b0-6c9c-4137-a866-f82f653c9bf9: start FollowerState
2019-10-19 01:04:41,956 [Thread-1831] INFO  impl.FollowerState (FollowerState.java:run(108)) - a1c78c0e-869c-4f76-b4ce-2034448e0b80@group-D48B69A44692-FollowerState: change to CANDIDATE, lastRpcTime:159ms, electionTimeout:159ms
2019-10-19 01:04:41,956 [Thread-1831] INFO  impl.RoleInfo (RoleInfo.java:shutdownFollowerState(121)) - a1c78c0e-869c-4f76-b4ce-2034448e0b80: shutdown FollowerState
2019-10-19 01:04:41,956 [Thread-1831] INFO  impl.RaftServerImpl (RaftServerImpl.java:setRole(184)) - a1c78c0e-869c-4f76-b4ce-2034448e0b80@group-D48B69A44692: changes role from  FOLLOWER to CANDIDATE at term 115 for changeToCandidate
2019-10-19 01:04:41,956 [Thread-1831] INFO  impl.RoleInfo (RoleInfo.java:updateAndGet(143)) - a1c78c0e-869c-4f76-b4ce-2034448e0b80: start LeaderElection
2019-10-19 01:04:41,970 [a1c78c0e-869c-4f76-b4ce-2034448e0b80@group-D48B69A44692-LeaderElection213] INFO  impl.LeaderElection (LeaderElection.java:askForVotes(178)) - a1c78c0e-869c-4f76-b4ce-2034448e0b80@group-D48B69A44692-LeaderElection213: begin an election at term 116 for -1: [51276c3c-a3b8-4274-b089-592ff4589f41:192.168.157.213:36639, 64c90977-e867-487c-b50d-c226f2d34a76:192.168.157.213:37433, a1c78c0e-869c-4f76-b4ce-2034448e0b80:192.168.157.213:33501], old=null
2019-10-19 01:04:41,972 [grpc-default-executor-1] INFO  impl.RaftServerImpl (RaftServerImpl.java:setRole(184)) - 51276c3c-a3b8-4274-b089-592ff4589f41@group-D48B69A44692: changes role from  FOLLOWER to FOLLOWER at term 116 for recognizeCandidate:a1c78c0e-869c-4f76-b4ce-2034448e0b80
2019-10-19 01:04:41,972 [grpc-default-executor-1] INFO  impl.RoleInfo (RoleInfo.java:shutdownFollowerState(121)) - 51276c3c-a3b8-4274-b089-592ff4589f41: shutdown FollowerState
2019-10-19 01:04:41,972 [grpc-default-executor-4] INFO  impl.RaftServerImpl (RaftServerImpl.java:setRole(184)) - 64c90977-e867-487c-b50d-c226f2d34a76@group-D48B69A44692: changes role from  FOLLOWER to FOLLOWER at term 116 for recognizeCandidate:a1c78c0e-869c-4f76-b4ce-2034448e0b80
2019-10-19 01:04:41,973 [Thread-1829] INFO  impl.FollowerState (FollowerState.java:run(117)) - 51276c3c-a3b8-4274-b089-592ff4589f41@group-D48B69A44692-FollowerState was interrupted: java.lang.InterruptedException: sleep interrupted
2019-10-19 01:04:41,973 [grpc-default-executor-1] INFO  impl.RoleInfo (RoleInfo.java:updateAndGet(143)) - 51276c3c-a3b8-4274-b089-592ff4589f41: start FollowerState
2019-10-19 01:04:41,973 [grpc-default-executor-4] INFO  impl.RoleInfo (RoleInfo.java:shutdownFollowerState(121)) - 64c90977-e867-487c-b50d-c226f2d34a76: shutdown FollowerState
2019-10-19 01:04:41,973 [grpc-default-executor-4] INFO  impl.RoleInfo (RoleInfo.java:updateAndGet(143)) - 64c90977-e867-487c-b50d-c226f2d34a76: start FollowerState
2019-10-19 01:04:41,973 [Thread-1830] INFO  impl.FollowerState (FollowerState.java:run(117)) - 64c90977-e867-487c-b50d-c226f2d34a76@group-D48B69A44692-FollowerState was interrupted: java.lang.InterruptedException: sleep interrupted
2019-10-19 01:04:41,977 [Thread-1837] INFO  impl.FollowerState (FollowerState.java:run(108)) - a54795b0-6c9c-4137-a866-f82f653c9bf9@group-FB3B7D7D89E3-FollowerState: change to CANDIDATE, lastRpcTime:35ms, electionTimeout:35ms
2019-10-19 01:04:41,977 [Thread-1837] INFO  impl.RoleInfo (RoleInfo.java:shutdownFollowerState(121)) - a54795b0-6c9c-4137-a866-f82f653c9bf9: shutdown FollowerState
2019-10-19 01:04:41,977 [Thread-1837] INFO  impl.RaftServerImpl (RaftServerImpl.java:setRole(184)) - a54795b0-6c9c-4137-a866-f82f653c9bf9@group-FB3B7D7D89E3: changes role from  FOLLOWER to CANDIDATE at term 109 for changeToCandidate
2019-10-19 01:04:41,977 [Thread-1837] INFO  impl.RoleInfo (RoleInfo.java:updateAndGet(143)) - a54795b0-6c9c-4137-a866-f82f653c9bf9: start LeaderElection
2019-10-19 01:04:41,987 [a54795b0-6c9c-4137-a866-f82f653c9bf9@group-FB3B7D7D89E3-LeaderElection214] INFO  impl.LeaderElection (LeaderElection.java:askForVotes(178)) - a54795b0-6c9c-4137-a866-f82f653c9bf9@group-FB3B7D7D89E3-LeaderElection214: begin an election at term 110 for -1: [a54795b0-6c9c-4137-a866-f82f653c9bf9:192.168.157.213:43688, b26a8d60-58dc-431d-8168-f89a9ab35f3a:192.168.157.213:35535, 16805c57-9f45-4377-8998-764a8f26e152:192.168.157.213:33728], old=null
2019-10-19 01:04:41,988 [a1c78c0e-869c-4f76-b4ce-2034448e0b80@group-D48B69A44692-LeaderElection213] INFO  impl.LeaderElection (LeaderElection.java:logAndReturn(56)) - a1c78c0e-869c-4f76-b4ce-2034448e0b80@group-D48B69A44692-LeaderElection213: Election REJECTED; received 2 response(s) [a1c78c0e-869c-4f76-b4ce-2034448e0b80<-51276c3c-a3b8-4274-b089-592ff4589f41#0:FAIL-t116, a1c78c0e-869c-4f76-b4ce-2034448e0b80<-64c90977-e867-487c-b50d-c226f2d34a76#0:FAIL-t116] and 0 exception(s); a1c78c0e-869c-4f76-b4ce-2034448e0b80@group-D48B69A44692:t116, leader=null, voted=a1c78c0e-869c-4f76-b4ce-2034448e0b80, raftlog=a1c78c0e-869c-4f76-b4ce-2034448e0b80@group-D48B69A44692-SegmentedRaftLog:OPENED:c-1,f-1,i0, conf=-1: [51276c3c-a3b8-4274-b089-592ff4589f41:192.168.157.213:36639, 64c90977-e867-487c-b50d-c226f2d34a76:192.168.157.213:37433, a1c78c0e-869c-4f76-b4ce-2034448e0b80:192.168.157.213:33501], old=null
2019-10-19 01:04:41,988 [a1c78c0e-869c-4f76-b4ce-2034448e0b80@group-D48B69A44692-LeaderElection213] INFO  impl.RaftServerImpl (RaftServerImpl.java:setRole(184)) - a1c78c0e-869c-4f76-b4ce-2034448e0b80@group-D48B69A44692: changes role from CANDIDATE to FOLLOWER at term 116 for DISCOVERED_A_NEW_TERM
2019-10-19 01:04:41,988 [a1c78c0e-869c-4f76-b4ce-2034448e0b80@group-D48B69A44692-LeaderElection213] INFO  impl.RoleInfo (RoleInfo.java:shutdownLeaderElection(134)) - a1c78c0e-869c-4f76-b4ce-2034448e0b80: shutdown LeaderElection
2019-10-19 01:04:41,988 [grpc-default-executor-4] INFO  impl.RaftServerImpl (RaftServerImpl.java:setRole(184)) - b26a8d60-58dc-431d-8168-f89a9ab35f3a@group-FB3B7D7D89E3: changes role from  FOLLOWER to FOLLOWER at term 110 for recognizeCandidate:a54795b0-6c9c-4137-a866-f82f653c9bf9
2019-10-19 01:04:41,988 [grpc-default-executor-4] INFO  impl.RoleInfo (RoleInfo.java:shutdownFollowerState(121)) - b26a8d60-58dc-431d-8168-f89a9ab35f3a: shutdown FollowerState
2019-10-19 01:04:41,988 [a1c78c0e-869c-4f76-b4ce-2034448e0b80@group-D48B69A44692-LeaderElection213] INFO  impl.RoleInfo (RoleInfo.java:updateAndGet(143)) - a1c78c0e-869c-4f76-b4ce-2034448e0b80: start FollowerState
2019-10-19 01:04:41,989 [grpc-default-executor-1] INFO  impl.RaftServerImpl (RaftServerImpl.java:setRole(184)) - 16805c57-9f45-4377-8998-764a8f26e152@group-FB3B7D7D89E3: changes role from  FOLLOWER to FOLLOWER at term 110 for recognizeCandidate:a54795b0-6c9c-4137-a866-f82f653c9bf9
2019-10-19 01:04:41,989 [Thread-1835] INFO  impl.FollowerState (FollowerState.java:run(117)) - b26a8d60-58dc-431d-8168-f89a9ab35f3a@group-FB3B7D7D89E3-FollowerState was interrupted: java.lang.InterruptedException: sleep interrupted
2019-10-19 01:04:41,989 [grpc-default-executor-4] INFO  impl.RoleInfo (RoleInfo.java:updateAndGet(143)) - b26a8d60-58dc-431d-8168-f89a9ab35f3a: start FollowerState
2019-10-19 01:04:41,989 [grpc-default-executor-1] INFO  impl.RoleInfo (RoleInfo.java:shutdownFollowerState(121)) - 16805c57-9f45-4377-8998-764a8f26e152: shutdown FollowerState
2019-10-19 01:04:41,989 [grpc-default-executor-1] INFO  impl.RoleInfo (RoleInfo.java:updateAndGet(143)) - 16805c57-9f45-4377-8998-764a8f26e152: start FollowerState
2019-10-19 01:04:41,989 [Thread-1836] INFO  impl.FollowerState (FollowerState.java:run(117)) - 16805c57-9f45-4377-8998-764a8f26e152@group-FB3B7D7D89E3-FollowerState was interrupted: java.lang.InterruptedException: sleep interrupted
2019-10-19 01:04:42,003 [a54795b0-6c9c-4137-a866-f82f653c9bf9@group-FB3B7D7D89E3-LeaderElection214] INFO  impl.LeaderElection (LeaderElection.java:logAndReturn(56)) - a54795b0-6c9c-4137-a866-f82f653c9bf9@group-FB3B7D7D89E3-LeaderElection214: Election REJECTED; received 2 response(s) [a54795b0-6c9c-4137-a866-f82f653c9bf9<-b26a8d60-58dc-431d-8168-f89a9ab35f3a#0:FAIL-t110, a54795b0-6c9c-4137-a866-f82f653c9bf9<-16805c57-9f45-4377-8998-764a8f26e152#0:FAIL-t110] and 0 exception(s); a54795b0-6c9c-4137-a866-f82f653c9bf9@group-FB3B7D7D89E3:t110, leader=null, voted=a54795b0-6c9c-4137-a866-f82f653c9bf9, raftlog=a54795b0-6c9c-4137-a866-f82f653c9bf9@group-FB3B7D7D89E3-SegmentedRaftLog:OPENED:c-1,f-1,i0, conf=-1: [a54795b0-6c9c-4137-a866-f82f653c9bf9:192.168.157.213:43688, b26a8d60-58dc-431d-8168-f89a9ab35f3a:192.168.157.213:35535, 16805c57-9f45-4377-8998-764a8f26e152:192.168.157.213:33728], old=null
2019-10-19 01:04:42,003 [a54795b0-6c9c-4137-a866-f82f653c9bf9@group-FB3B7D7D89E3-LeaderElection214] INFO  impl.RaftServerImpl (RaftServerImpl.java:setRole(184)) - a54795b0-6c9c-4137-a866-f82f653c9bf9@group-FB3B7D7D89E3: changes role from CANDIDATE to FOLLOWER at term 110 for DISCOVERED_A_NEW_TERM
2019-10-19 01:04:42,003 [a54795b0-6c9c-4137-a866-f82f653c9bf9@group-FB3B7D7D89E3-LeaderElection214] INFO  impl.RoleInfo (RoleInfo.java:shutdownLeaderElection(134)) - a54795b0-6c9c-4137-a866-f82f653c9bf9: shutdown LeaderElection
2019-10-19 01:04:42,004 [a54795b0-6c9c-4137-a866-f82f653c9bf9@group-FB3B7D7D89E3-LeaderElection214] INFO  impl.RoleInfo (RoleInfo.java:updateAndGet(143)) - a54795b0-6c9c-4137-a866-f82f653c9bf9: start FollowerState
2019-10-19 01:04:42,114 [Thread-1849] INFO  impl.FollowerState (FollowerState.java:run(108)) - a54795b0-6c9c-4137-a866-f82f653c9bf9@group-FB3B7D7D89E3-FollowerState: change to CANDIDATE, lastRpcTime:110ms, electionTimeout:110ms
2019-10-19 01:04:42,114 [Thread-1849] INFO  impl.RoleInfo (RoleInfo.java:shutdownFollowerState(121)) - a54795b0-6c9c-4137-a866-f82f653c9bf9: shutdown FollowerState
2019-10-19 01:04:42,115 [Thread-1849] INFO  impl.RaftServerImpl (RaftServerImpl.java:setRole(184)) - a54795b0-6c9c-4137-a866-f82f653c9bf9@group-FB3B7D7D89E3: changes role from  FOLLOWER to CANDIDATE at term 110 for changeToCandidate
2019-10-19 01:04:42,115 [Thread-1849] INFO  impl.RoleInfo (RoleInfo.java:updateAndGet(143)) - a54795b0-6c9c-4137-a866-f82f653c9bf9: start LeaderElection
2019-10-19 01:04:42,129 [a54795b0-6c9c-4137-a866-f82f653c9bf9@group-FB3B7D7D89E3-LeaderElection215] INFO  impl.LeaderElection (LeaderElection.java:askForVotes(178)) - a54795b0-6c9c-4137-a866-f82f653c9bf9@group-FB3B7D7D89E3-LeaderElection215: begin an election at term 111 for -1: [a54795b0-6c9c-4137-a866-f82f653c9bf9:192.168.157.213:43688, b26a8d60-58dc-431d-8168-f89a9ab35f3a:192.168.157.213:35535, 16805c57-9f45-4377-8998-764a8f26e152:192.168.157.213:33728], old=null
2019-10-19 01:04:42,131 [grpc-default-executor-4] INFO  impl.RaftServerImpl (RaftServerImpl.java:setRole(184)) - b26a8d60-58dc-431d-8168-f89a9ab35f3a@group-FB3B7D7D89E3: changes role from  FOLLOWER to FOLLOWER at term 111 for recognizeCandidate:a54795b0-6c9c-4137-a866-f82f653c9bf9
2019-10-19 01:04:42,131 [grpc-default-executor-1] INFO  impl.RaftServerImpl (RaftServerImpl.java:setRole(184)) - 16805c57-9f45-4377-8998-764a8f26e152@group-FB3B7D7D89E3: changes role from  FOLLOWER to FOLLOWER at term 111 for recognizeCandidate:a54795b0-6c9c-4137-a866-f82f653c9bf9
2019-10-19 01:04:42,132 [grpc-default-executor-4] INFO  impl.RoleInfo (RoleInfo.java:shutdownFollowerState(121)) - b26a8d60-58dc-431d-8168-f89a9ab35f3a: shutdown FollowerState
2019-10-19 01:04:42,132 [grpc-default-executor-1] INFO  impl.RoleInfo (RoleInfo.java:shutdownFollowerState(121)) - 16805c57-9f45-4377-8998-764a8f26e152: shutdown FollowerState
2019-10-19 01:04:42,132 [Thread-1847] INFO  impl.FollowerState (FollowerState.java:run(117)) - b26a8d60-58dc-431d-8168-f89a9ab35f3a@group-FB3B7D7D89E3-FollowerState was interrupted: java.lang.InterruptedException: sleep interrupted
2019-10-19 01:04:42,132 [grpc-default-executor-4] INFO  impl.RoleInfo (RoleInfo.java:updateAndGet(143)) - b26a8d60-58dc-431d-8168-f89a9ab35f3a: start FollowerState
2019-10-19 01:04:42,132 [Thread-1848] INFO  impl.FollowerState (FollowerState.java:run(117)) - 16805c57-9f45-4377-8998-764a8f26e152@group-FB3B7D7D89E3-FollowerState was interrupted: java.lang.InterruptedException: sleep interrupted
2019-10-19 01:04:42,132 [grpc-default-executor-1] INFO  impl.RoleInfo (RoleInfo.java:updateAndGet(143)) - 16805c57-9f45-4377-8998-764a8f26e152: start FollowerState
2019-10-19 01:04:42,147 [a54795b0-6c9c-4137-a866-f82f653c9bf9@group-FB3B7D7D89E3-LeaderElection215] INFO  impl.LeaderElection (LeaderElection.java:logAndReturn(56)) - a54795b0-6c9c-4137-a866-f82f653c9bf9@group-FB3B7D7D89E3-LeaderElection215: Election REJECTED; received 2 response(s) [a54795b0-6c9c-4137-a866-f82f653c9bf9<-b26a8d60-58dc-431d-8168-f89a9ab35f3a#0:FAIL-t111, a54795b0-6c9c-4137-a866-f82f653c9bf9<-16805c57-9f45-4377-8998-764a8f26e152#0:FAIL-t111] and 0 exception(s); a54795b0-6c9c-4137-a866-f82f653c9bf9@group-FB3B7D7D89E3:t111, leader=null, voted=a54795b0-6c9c-4137-a866-f82f653c9bf9, raftlog=a54795b0-6c9c-4137-a866-f82f653c9bf9@group-FB3B7D7D89E3-SegmentedRaftLog:OPENED:c-1,f-1,i0, conf=-1: [a54795b0-6c9c-4137-a866-f82f653c9bf9:192.168.157.213:43688, b26a8d60-58dc-431d-8168-f89a9ab35f3a:192.168.157.213:35535, 16805c57-9f45-4377-8998-764a8f26e152:192.168.157.213:33728], old=null
2019-10-19 01:04:42,147 [a54795b0-6c9c-4137-a866-f82f653c9bf9@group-FB3B7D7D89E3-LeaderElection215] INFO  impl.RaftServerImpl (RaftServerImpl.java:setRole(184)) - a54795b0-6c9c-4137-a866-f82f653c9bf9@group-FB3B7D7D89E3: changes role from CANDIDATE to FOLLOWER at term 111 for DISCOVERED_A_NEW_TERM
2019-10-19 01:04:42,147 [a54795b0-6c9c-4137-a866-f82f653c9bf9@group-FB3B7D7D89E3-LeaderElection215] INFO  impl.RoleInfo (RoleInfo.java:shutdownLeaderElection(134)) - a54795b0-6c9c-4137-a866-f82f653c9bf9: shutdown LeaderElection
2019-10-19 01:04:42,147 [a54795b0-6c9c-4137-a866-f82f653c9bf9@group-FB3B7D7D89E3-LeaderElection215] INFO  impl.RoleInfo (RoleInfo.java:updateAndGet(143)) - a54795b0-6c9c-4137-a866-f82f653c9bf9: start FollowerState
2019-10-19 01:04:42,161 [Thread-1846] INFO  impl.FollowerState (FollowerState.java:run(108)) - a1c78c0e-869c-4f76-b4ce-2034448e0b80@group-D48B69A44692-FollowerState: change to CANDIDATE, lastRpcTime:172ms, electionTimeout:172ms
2019-10-19 01:04:42,161 [Thread-1846] INFO  impl.RoleInfo (RoleInfo.java:shutdownFollowerState(121)) - a1c78c0e-869c-4f76-b4ce-2034448e0b80: shutdown FollowerState
2019-10-19 01:04:42,161 [Thread-1846] INFO  impl.RaftServerImpl (RaftServerImpl.java:setRole(184)) - a1c78c0e-869c-4f76-b4ce-2034448e0b80@group-D48B69A44692: changes role from  FOLLOWER to CANDIDATE at term 116 for changeToCandidate
2019-10-19 01:04:42,162 [Thread-1846] INFO  impl.RoleInfo (RoleInfo.java:updateAndGet(143)) - a1c78c0e-869c-4f76-b4ce-2034448e0b80: start LeaderElection
2019-10-19 01:04:42,167 [a1c78c0e-869c-4f76-b4ce-2034448e0b80@group-D48B69A44692-LeaderElection216] INFO  impl.LeaderElection (LeaderElection.java:askForVotes(178)) - a1c78c0e-869c-4f76-b4ce-2034448e0b80@group-D48B69A44692-LeaderElection216: begin an election at term 117 for -1: [51276c3c-a3b8-4274-b089-592ff4589f41:192.168.157.213:36639, 64c90977-e867-487c-b50d-c226f2d34a76:192.168.157.213:37433, a1c78c0e-869c-4f76-b4ce-2034448e0b80:192.168.157.213:33501], old=null
2019-10-19 01:04:42,168 [Thread-1855] INFO  impl.FollowerState (FollowerState.java:run(108)) - a54795b0-6c9c-4137-a866-f82f653c9bf9@group-FB3B7D7D89E3-FollowerState: change to CANDIDATE, lastRpcTime:20ms, electionTimeout:20ms
2019-10-19 01:04:42,168 [Thread-1855] INFO  impl.RoleInfo (RoleInfo.java:shutdownFollowerState(121)) - a54795b0-6c9c-4137-a866-f82f653c9bf9: shutdown FollowerState
2019-10-19 01:04:42,168 [Thread-1855] INFO  impl.RaftServerImpl (RaftServerImpl.java:setRole(184)) - a54795b0-6c9c-4137-a866-f82f653c9bf9@group-FB3B7D7D89E3: changes role from  FOLLOWER to CANDIDATE at term 111 for changeToCandidate
2019-10-19 01:04:42,168 [Thread-1855] INFO  impl.RoleInfo (RoleInfo.java:updateAndGet(143)) - a54795b0-6c9c-4137-a866-f82f653c9bf9: start LeaderElection
2019-10-19 01:04:42,169 [grpc-default-executor-4] INFO  impl.RaftServerImpl (RaftServerImpl.java:setRole(184)) - 64c90977-e867-487c-b50d-c226f2d34a76@group-D48B69A44692: changes role from  FOLLOWER to FOLLOWER at term 117 for recognizeCandidate:a1c78c0e-869c-4f76-b4ce-2034448e0b80
2019-10-19 01:04:42,169 [grpc-default-executor-4] INFO  impl.RoleInfo (RoleInfo.java:shutdownFollowerState(121)) - 64c90977-e867-487c-b50d-c226f2d34a76: shutdown FollowerState
2019-10-19 01:04:42,169 [grpc-default-executor-1] INFO  impl.RaftServerImpl (RaftServerImpl.java:setRole(184)) - 51276c3c-a3b8-4274-b089-592ff4589f41@group-D48B69A44692: changes role from  FOLLOWER to FOLLOWER at term 117 for recognizeCandidate:a1c78c0e-869c-4f76-b4ce-2034448e0b80
2019-10-19 01:04:42,169 [Thread-1842] INFO  impl.FollowerState (FollowerState.java:run(117)) - 64c90977-e867-487c-b50d-c226f2d34a76@group-D48B69A44692-FollowerState was interrupted: java.lang.InterruptedException: sleep interrupted
2019-10-19 01:04:42,169 [grpc-default-executor-4] INFO  impl.RoleInfo (RoleInfo.java:updateAndGet(143)) - 64c90977-e867-487c-b50d-c226f2d34a76: start FollowerState
2019-10-19 01:04:42,169 [grpc-default-executor-1] INFO  impl.RoleInfo (RoleInfo.java:shutdownFollowerState(121)) - 51276c3c-a3b8-4274-b089-592ff4589f41: shutdown FollowerState
2019-10-19 01:04:42,170 [grpc-default-executor-1] INFO  impl.RoleInfo (RoleInfo.java:updateAndGet(143)) - 51276c3c-a3b8-4274-b089-592ff4589f41: start FollowerState
2019-10-19 01:04:42,170 [Thread-1841] INFO  impl.FollowerState (FollowerState.java:run(117)) - 51276c3c-a3b8-4274-b089-592ff4589f41@group-D48B69A44692-FollowerState was interrupted: java.lang.InterruptedException: sleep interrupted
2019-10-19 01:04:42,182 [a54795b0-6c9c-4137-a866-f82f653c9bf9@group-FB3B7D7D89E3-LeaderElection217] INFO  impl.LeaderElection (LeaderElection.java:askForVotes(178)) - a54795b0-6c9c-4137-a866-f82f653c9bf9@group-FB3B7D7D89E3-LeaderElection217: begin an election at term 112 for -1: [a54795b0-6c9c-4137-a866-f82f653c9bf9:192.168.157.213:43688, b26a8d60-58dc-431d-8168-f89a9ab35f3a:192.168.157.213:35535, 16805c57-9f45-4377-8998-764a8f26e152:192.168.157.213:33728], old=null
2019-10-19 01:04:42,183 [a1c78c0e-869c-4f76-b4ce-2034448e0b80@group-D48B69A44692-LeaderElection216] INFO  impl.LeaderElection (LeaderElection.java:logAndReturn(56)) - a1c78c0e-869c-4f76-b4ce-2034448e0b80@group-D48B69A44692-LeaderElection216: Election REJECTED; received 2 response(s) [a1c78c0e-869c-4f76-b4ce-2034448e0b80<-51276c3c-a3b8-4274-b089-592ff4589f41#0:FAIL-t117, a1c78c0e-869c-4f76-b4ce-2034448e0b80<-64c90977-e867-487c-b50d-c226f2d34a76#0:FAIL-t117] and 0 exception(s); a1c78c0e-869c-4f76-b4ce-2034448e0b80@group-D48B69A44692:t117, leader=null, voted=a1c78c0e-869c-4f76-b4ce-2034448e0b80, raftlog=a1c78c0e-869c-4f76-b4ce-2034448e0b80@group-D48B69A44692-SegmentedRaftLog:OPENED:c-1,f-1,i0, conf=-1: [51276c3c-a3b8-4274-b089-592ff4589f41:192.168.157.213:36639, 64c90977-e867-487c-b50d-c226f2d34a76:192.168.157.213:37433, a1c78c0e-869c-4f76-b4ce-2034448e0b80:192.168.157.213:33501], old=null
2019-10-19 01:04:42,183 [a1c78c0e-869c-4f76-b4ce-2034448e0b80@group-D48B69A44692-LeaderElection216] INFO  impl.RaftServerImpl (RaftServerImpl.java:setRole(184)) - a1c78c0e-869c-4f76-b4ce-2034448e0b80@group-D48B69A44692: changes role from CANDIDATE to FOLLOWER at term 117 for DISCOVERED_A_NEW_TERM
2019-10-19 01:04:42,183 [a1c78c0e-869c-4f76-b4ce-2034448e0b80@group-D48B69A44692-LeaderElection216] INFO  impl.RoleInfo (RoleInfo.java:shutdownLeaderElection(134)) - a1c78c0e-869c-4f76-b4ce-2034448e0b80: shutdown LeaderElection
2019-10-19 01:04:42,183 [a1c78c0e-869c-4f76-b4ce-2034448e0b80@group-D48B69A44692-LeaderElection216] INFO  impl.RoleInfo (RoleInfo.java:updateAndGet(143)) - a1c78c0e-869c-4f76-b4ce-2034448e0b80: start FollowerState
2019-10-19 01:04:42,184 [grpc-default-executor-1] INFO  impl.RaftServerImpl (RaftServerImpl.java:setRole(184)) - b26a8d60-58dc-431d-8168-f89a9ab35f3a@group-FB3B7D7D89E3: changes role from  FOLLOWER to FOLLOWER at term 112 for recognizeCandidate:a54795b0-6c9c-4137-a866-f82f653c9bf9
2019-10-19 01:04:42,184 [grpc-default-executor-1] INFO  impl.RoleInfo (RoleInfo.java:shutdownFollowerState(121)) - b26a8d60-58dc-431d-8168-f89a9ab35f3a: shutdown FollowerState
2019-10-19 01:04:42,184 [grpc-default-executor-1] INFO  impl.RoleInfo (RoleInfo.java:updateAndGet(143)) - b26a8d60-58dc-431d-8168-f89a9ab35f3a: start FollowerState
2019-10-19 01:04:42,184 [grpc-default-executor-4] INFO  impl.RaftServerImpl (RaftServerImpl.java:setRole(184)) - 16805c57-9f45-4377-8998-764a8f26e152@group-FB3B7D7D89E3: changes role from  FOLLOWER to FOLLOWER at term 112 for recognizeCandidate:a54795b0-6c9c-4137-a866-f82f653c9bf9
2019-10-19 01:04:42,184 [grpc-default-executor-4] INFO  impl.RoleInfo (RoleInfo.java:shutdownFollowerState(121)) - 16805c57-9f45-4377-8998-764a8f26e152: shutdown FollowerState
2019-10-19 01:04:42,184 [Thread-1853] INFO  impl.FollowerState (FollowerState.java:run(117)) - b26a8d60-58dc-431d-8168-f89a9ab35f3a@group-FB3B7D7D89E3-FollowerState was interrupted: java.lang.InterruptedException: sleep interrupted
2019-10-19 01:04:42,184 [grpc-default-executor-4] INFO  impl.RoleInfo (RoleInfo.java:updateAndGet(143)) - 16805c57-9f45-4377-8998-764a8f26e152: start FollowerState
2019-10-19 01:04:42,184 [Thread-1854] INFO  impl.FollowerState (FollowerState.java:run(117)) - 16805c57-9f45-4377-8998-764a8f26e152@group-FB3B7D7D89E3-FollowerState was interrupted: java.lang.InterruptedException: sleep interrupted
2019-10-19 01:04:42,206 [a54795b0-6c9c-4137-a866-f82f653c9bf9@group-FB3B7D7D89E3-LeaderElection217] INFO  impl.LeaderElection (LeaderElection.java:logAndReturn(56)) - a54795b0-6c9c-4137-a866-f82f653c9bf9@group-FB3B7D7D89E3-LeaderElection217: Election REJECTED; received 2 response(s) [a54795b0-6c9c-4137-a866-f82f653c9bf9<-b26a8d60-58dc-431d-8168-f89a9ab35f3a#0:FAIL-t112, a54795b0-6c9c-4137-a866-f82f653c9bf9<-16805c57-9f45-4377-8998-764a8f26e152#0:FAIL-t112] and 0 exception(s); a54795b0-6c9c-4137-a866-f82f653c9bf9@group-FB3B7D7D89E3:t112, leader=null, voted=a54795b0-6c9c-4137-a866-f82f653c9bf9, raftlog=a54795b0-6c9c-4137-a866-f82f653c9bf9@group-FB3B7D7D89E3-SegmentedRaftLog:OPENED:c-1,f-1,i0, conf=-1: [a54795b0-6c9c-4137-a866-f82f653c9bf9:192.168.157.213:43688, b26a8d60-58dc-431d-8168-f89a9ab35f3a:192.168.157.213:35535, 16805c57-9f45-4377-8998-764a8f26e152:192.168.157.213:33728], old=null
2019-10-19 01:04:42,206 [a54795b0-6c9c-4137-a866-f82f653c9bf9@group-FB3B7D7D89E3-LeaderElection217] INFO  impl.RaftServerImpl (RaftServerImpl.java:setRole(184)) - a54795b0-6c9c-4137-a866-f82f653c9bf9@group-FB3B7D7D89E3: changes role from CANDIDATE to FOLLOWER at term 112 for DISCOVERED_A_NEW_TERM
2019-10-19 01:04:42,206 [a54795b0-6c9c-4137-a866-f82f653c9bf9@group-FB3B7D7D89E3-LeaderElection217] INFO  impl.RoleInfo (RoleInfo.java:shutdownLeaderElection(134)) - a54795b0-6c9c-4137-a866-f82f653c9bf9: shutdown LeaderElection
2019-10-19 01:04:42,208 [a54795b0-6c9c-4137-a866-f82f653c9bf9@group-FB3B7D7D89E3-LeaderElection217] INFO  impl.RoleInfo (RoleInfo.java:updateAndGet(143)) - a54795b0-6c9c-4137-a866-f82f653c9bf9: start FollowerState
2019-10-19 01:04:42,231 [Thread-1864] INFO  impl.FollowerState (FollowerState.java:run(108)) - a1c78c0e-869c-4f76-b4ce-2034448e0b80@group-D48B69A44692-FollowerState: change to CANDIDATE, lastRpcTime:47ms, electionTimeout:47ms
2019-10-19 01:04:42,231 [Thread-1864] INFO  impl.RoleInfo (RoleInfo.java:shutdownFollowerState(121)) - a1c78c0e-869c-4f76-b4ce-2034448e0b80: shutdown FollowerState
2019-10-19 01:04:42,232 [Thread-1864] INFO  impl.RaftServerImpl (RaftServerImpl.java:setRole(184)) - a1c78c0e-869c-4f76-b4ce-2034448e0b80@group-D48B69A44692: changes role from  FOLLOWER to CANDIDATE at term 117 for changeToCandidate
2019-10-19 01:04:42,232 [Thread-1864] INFO  impl.RoleInfo (RoleInfo.java:updateAndGet(143)) - a1c78c0e-869c-4f76-b4ce-2034448e0b80: start LeaderElection
2019-10-19 01:04:42,236 [Thread-1867] INFO  impl.FollowerState (FollowerState.java:run(108)) - a54795b0-6c9c-4137-a866-f82f653c9bf9@group-FB3B7D7D89E3-FollowerState: change to CANDIDATE, lastRpcTime:28ms, electionTimeout:28ms
2019-10-19 01:04:42,236 [Thread-1867] INFO  impl.RoleInfo (RoleInfo.java:shutdownFollowerState(121)) - a54795b0-6c9c-4137-a866-f82f653c9bf9: shutdown FollowerState
2019-10-19 01:04:42,236 [Thread-1867] INFO  impl.RaftServerImpl (RaftServerImpl.java:setRole(184)) - a54795b0-6c9c-4137-a866-f82f653c9bf9@group-FB3B7D7D89E3: changes role from  FOLLOWER to CANDIDATE at term 112 for changeToCandidate
2019-10-19 01:04:42,237 [Thread-1867] INFO  impl.RoleInfo (RoleInfo.java:updateAndGet(143)) - a54795b0-6c9c-4137-a866-f82f653c9bf9: start LeaderElection
2019-10-19 01:04:42,247 [a54795b0-6c9c-4137-a866-f82f653c9bf9@group-FB3B7D7D89E3-LeaderElection219] INFO  impl.LeaderElection (LeaderElection.java:askForVotes(178)) - a54795b0-6c9c-4137-a866-f82f653c9bf9@group-FB3B7D7D89E3-LeaderElection219: begin an election at term 113 for -1: [a54795b0-6c9c-4137-a866-f82f653c9bf9:192.168.157.213:43688, b26a8d60-58dc-431d-8168-f89a9ab35f3a:192.168.157.213:35535, 16805c57-9f45-4377-8998-764a8f26e152:192.168.157.213:33728], old=null
2019-10-19 01:04:42,247 [a1c78c0e-869c-4f76-b4ce-2034448e0b80@group-D48B69A44692-LeaderElection218] INFO  impl.LeaderElection (LeaderElection.java:askForVotes(178)) - a1c78c0e-869c-4f76-b4ce-2034448e0b80@group-D48B69A44692-LeaderElection218: begin an election at term 118 for -1: [51276c3c-a3b8-4274-b089-592ff4589f41:192.168.157.213:36639, 64c90977-e867-487c-b50d-c226f2d34a76:192.168.157.213:37433, a1c78c0e-869c-4f76-b4ce-2034448e0b80:192.168.157.213:33501], old=null
2019-10-19 01:04:42,251 [grpc-default-executor-1] INFO  impl.RaftServerImpl (RaftServerImpl.java:setRole(184)) - 16805c57-9f45-4377-8998-764a8f26e152@group-FB3B7D7D89E3: changes role from  FOLLOWER to FOLLOWER at term 113 for recognizeCandidate:a54795b0-6c9c-4137-a866-f82f653c9bf9
2019-10-19 01:04:42,251 [grpc-default-executor-1] INFO  impl.RoleInfo (RoleInfo.java:shutdownFollowerState(121)) - 16805c57-9f45-4377-8998-764a8f26e152: shutdown FollowerState
2019-10-19 01:04:42,251 [grpc-default-executor-4] INFO  impl.RaftServerImpl (RaftServerImpl.java:setRole(184)) - 64c90977-e867-487c-b50d-c226f2d34a76@group-D48B69A44692: changes role from  FOLLOWER to FOLLOWER at term 118 for recognizeCandidate:a1c78c0e-869c-4f76-b4ce-2034448e0b80
2019-10-19 01:04:42,251 [grpc-default-executor-7] INFO  impl.RaftServerImpl (RaftServerImpl.java:setRole(184)) - 51276c3c-a3b8-4274-b089-592ff4589f41@group-D48B69A44692: changes role from  FOLLOWER to FOLLOWER at term 118 for recognizeCandidate:a1c78c0e-869c-4f76-b4ce-2034448e0b80
2019-10-19 01:04:42,252 [grpc-default-executor-7] INFO  impl.RoleInfo (RoleInfo.java:shutdownFollowerState(121)) - 51276c3c-a3b8-4274-b089-592ff4589f41: shutdown FollowerState
2019-10-19 01:04:42,251 [Thread-1866] INFO  impl.FollowerState (FollowerState.java:run(117)) - 16805c57-9f45-4377-8998-764a8f26e152@group-FB3B7D7D89E3-FollowerState was interrupted: java.lang.InterruptedException: sleep interrupted
2019-10-19 01:04:42,251 [grpc-default-executor-1] INFO  impl.RoleInfo (RoleInfo.java:updateAndGet(143)) - 16805c57-9f45-4377-8998-764a8f26e152: start FollowerState
2019-10-19 01:04:42,251 [grpc-default-executor-5] INFO  impl.RaftServerImpl (RaftServerImpl.java:setRole(184)) - b26a8d60-58dc-431d-8168-f89a9ab35f3a@group-FB3B7D7D89E3: changes role from  FOLLOWER to FOLLOWER at term 113 for recognizeCandidate:a54795b0-6c9c-4137-a866-f82f653c9bf9
2019-10-19 01:04:42,252 [Thread-1861] INFO  impl.FollowerState (FollowerState.java:run(117)) - 51276c3c-a3b8-4274-b089-592ff4589f41@group-D48B69A44692-FollowerState was interrupted: java.lang.InterruptedException: sleep interrupted
2019-10-19 01:04:42,252 [grpc-default-executor-7] INFO  impl.RoleInfo (RoleInfo.java:updateAndGet(143)) - 51276c3c-a3b8-4274-b089-592ff4589f41: start FollowerState
2019-10-19 01:04:42,251 [grpc-default-executor-4] INFO  impl.RoleInfo (RoleInfo.java:shutdownFollowerState(121)) - 64c90977-e867-487c-b50d-c226f2d34a76: shutdown FollowerState
2019-10-19 01:04:42,252 [grpc-default-executor-5] INFO  impl.RoleInfo (RoleInfo.java:shutdownFollowerState(121)) - b26a8d60-58dc-431d-8168-f89a9ab35f3a: shutdown FollowerState
2019-10-19 01:04:42,252 [Thread-1860] INFO  impl.FollowerState (FollowerState.java:run(117)) - 64c90977-e867-487c-b50d-c226f2d34a76@group-D48B69A44692-FollowerState was interrupted: java.lang.InterruptedException: sleep interrupted
2019-10-19 01:04:42,252 [grpc-default-executor-4] INFO  impl.RoleInfo (RoleInfo.java:updateAndGet(143)) - 64c90977-e867-487c-b50d-c226f2d34a76: start FollowerState
2019-10-19 01:04:42,253 [Thread-1865] INFO  impl.FollowerState (FollowerState.java:run(117)) - b26a8d60-58dc-431d-8168-f89a9ab35f3a@group-FB3B7D7D89E3-FollowerState was interrupted: java.lang.InterruptedException: sleep interrupted
2019-10-19 01:04:42,253 [grpc-default-executor-5] INFO  impl.RoleInfo (RoleInfo.java:updateAndGet(143)) - b26a8d60-58dc-431d-8168-f89a9ab35f3a: start FollowerState
2019-10-19 01:04:42,266 [a54795b0-6c9c-4137-a866-f82f653c9bf9@group-FB3B7D7D89E3-LeaderElection219] INFO  impl.LeaderElection (LeaderElection.java:logAndReturn(56)) - a54795b0-6c9c-4137-a866-f82f653c9bf9@group-FB3B7D7D89E3-LeaderElection219: Election REJECTED; received 2 response(s) [a54795b0-6c9c-4137-a866-f82f653c9bf9<-b26a8d60-58dc-431d-8168-f89a9ab35f3a#0:FAIL-t113, a54795b0-6c9c-4137-a866-f82f653c9bf9<-16805c57-9f45-4377-8998-764a8f26e152#0:FAIL-t113] and 0 exception(s); a54795b0-6c9c-4137-a866-f82f653c9bf9@group-FB3B7D7D89E3:t113, leader=null, voted=a54795b0-6c9c-4137-a866-f82f653c9bf9, raftlog=a54795b0-6c9c-4137-a866-f82f653c9bf9@group-FB3B7D7D89E3-SegmentedRaftLog:OPENED:c-1,f-1,i0, conf=-1: [a54795b0-6c9c-4137-a866-f82f653c9bf9:192.168.157.213:43688, b26a8d60-58dc-431d-8168-f89a9ab35f3a:192.168.157.213:35535, 16805c57-9f45-4377-8998-764a8f26e152:192.168.157.213:33728], old=null
2019-10-19 01:04:42,266 [a54795b0-6c9c-4137-a866-f82f653c9bf9@group-FB3B7D7D89E3-LeaderElection219] INFO  impl.RaftServerImpl (RaftServerImpl.java:setRole(184)) - a54795b0-6c9c-4137-a866-f82f653c9bf9@group-FB3B7D7D89E3: changes role from CANDIDATE to FOLLOWER at term 113 for DISCOVERED_A_NEW_TERM
2019-10-19 01:04:42,266 [a1c78c0e-869c-4f76-b4ce-2034448e0b80@group-D48B69A44692-LeaderElection218] INFO  impl.LeaderElection (LeaderElection.java:logAndReturn(56)) - a1c78c0e-869c-4f76-b4ce-2034448e0b80@group-D48B69A44692-LeaderElection218: Election REJECTED; received 2 response(s) [a1c78c0e-869c-4f76-b4ce-2034448e0b80<-51276c3c-a3b8-4274-b089-592ff4589f41#0:FAIL-t118, a1c78c0e-869c-4f76-b4ce-2034448e0b80<-64c90977-e867-487c-b50d-c226f2d34a76#0:FAIL-t118] and 0 exception(s); a1c78c0e-869c-4f76-b4ce-2034448e0b80@group-D48B69A44692:t118, leader=null, voted=a1c78c0e-869c-4f76-b4ce-2034448e0b80, raftlog=a1c78c0e-869c-4f76-b4ce-2034448e0b80@group-D48B69A44692-SegmentedRaftLog:OPENED:c-1,f-1,i0, conf=-1: [51276c3c-a3b8-4274-b089-592ff4589f41:192.168.157.213:36639, 64c90977-e867-487c-b50d-c226f2d34a76:192.168.157.213:37433, a1c78c0e-869c-4f76-b4ce-2034448e0b80:192.168.157.213:33501], old=null
2019-10-19 01:04:42,266 [a54795b0-6c9c-4137-a866-f82f653c9bf9@group-FB3B7D7D89E3-LeaderElection219] INFO  impl.RoleInfo (RoleInfo.java:shutdownLeaderElection(134)) - a54795b0-6c9c-4137-a866-f82f653c9bf9: shutdown LeaderElection
2019-10-19 01:04:42,266 [a1c78c0e-869c-4f76-b4ce-2034448e0b80@group-D48B69A44692-LeaderElection218] INFO  impl.RaftServerImpl (RaftServerImpl.java:setRole(184)) - a1c78c0e-869c-4f76-b4ce-2034448e0b80@group-D48B69A44692: changes role from CANDIDATE to FOLLOWER at term 118 for DISCOVERED_A_NEW_TERM
2019-10-19 01:04:42,266 [a54795b0-6c9c-4137-a866-f82f653c9bf9@group-FB3B7D7D89E3-LeaderElection219] INFO  impl.RoleInfo (RoleInfo.java:updateAndGet(143)) - a54795b0-6c9c-4137-a866-f82f653c9bf9: start FollowerState
2019-10-19 01:04:42,266 [a1c78c0e-869c-4f76-b4ce-2034448e0b80@group-D48B69A44692-LeaderElection218] INFO  impl.RoleInfo (RoleInfo.java:shutdownLeaderElection(134)) - a1c78c0e-869c-4f76-b4ce-2034448e0b80: shutdown LeaderElection
2019-10-19 01:04:42,267 [a1c78c0e-869c-4f76-b4ce-2034448e0b80@group-D48B69A44692-LeaderElection218] INFO  impl.RoleInfo (RoleInfo.java:updateAndGet(143)) - a1c78c0e-869c-4f76-b4ce-2034448e0b80: start FollowerState
2019-10-19 01:04:42,284 [Thread-1880] INFO  impl.FollowerState (FollowerState.java:run(108)) - a54795b0-6c9c-4137-a866-f82f653c9bf9@group-FB3B7D7D89E3-FollowerState: change to CANDIDATE, lastRpcTime:17ms, electionTimeout:17ms
2019-10-19 01:04:42,284 [Thread-1880] INFO  impl.RoleInfo (RoleInfo.java:shutdownFollowerState(121)) - a54795b0-6c9c-4137-a866-f82f653c9bf9: shutdown FollowerState
2019-10-19 01:04:42,284 [Thread-1880] INFO  impl.RaftServerImpl (RaftServerImpl.java:setRole(184)) - a54795b0-6c9c-4137-a866-f82f653c9bf9@group-FB3B7D7D89E3: changes role from  FOLLOWER to CANDIDATE at term 113 for changeToCandidate
2019-10-19 01:04:42,284 [Thread-1880] INFO  impl.RoleInfo (RoleInfo.java:updateAndGet(143)) - a54795b0-6c9c-4137-a866-f82f653c9bf9: start LeaderElection
2019-10-19 01:04:42,298 [a54795b0-6c9c-4137-a866-f82f653c9bf9@group-FB3B7D7D89E3-LeaderElection220] INFO  impl.LeaderElection (LeaderElection.java:askForVotes(178)) - a54795b0-6c9c-4137-a866-f82f653c9bf9@group-FB3B7D7D89E3-LeaderElection220: begin an election at term 114 for -1: [a54795b0-6c9c-4137-a866-f82f653c9bf9:192.168.157.213:43688, b26a8d60-58dc-431d-8168-f89a9ab35f3a:192.168.157.213:35535, 16805c57-9f45-4377-8998-764a8f26e152:192.168.157.213:33728], old=null
2019-10-19 01:04:42,301 [grpc-default-executor-1] INFO  impl.RaftServerImpl (RaftServerImpl.java:setRole(184)) - b26a8d60-58dc-431d-8168-f89a9ab35f3a@group-FB3B7D7D89E3: changes role from  FOLLOWER to FOLLOWER at term 114 for recognizeCandidate:a54795b0-6c9c-4137-a866-f82f653c9bf9
2019-10-19 01:04:42,301 [grpc-default-executor-1] INFO  impl.RoleInfo (RoleInfo.java:shutdownFollowerState(121)) - b26a8d60-58dc-431d-8168-f89a9ab35f3a: shutdown FollowerState
2019-10-19 01:04:42,301 [grpc-default-executor-1] INFO  impl.RoleInfo (RoleInfo.java:updateAndGet(143)) - b26a8d60-58dc-431d-8168-f89a9ab35f3a: start FollowerState
2019-10-19 01:04:42,301 [Thread-1877] INFO  impl.FollowerState (FollowerState.java:run(117)) - b26a8d60-58dc-431d-8168-f89a9ab35f3a@group-FB3B7D7D89E3-FollowerState was interrupted: java.lang.InterruptedException: sleep interrupted
2019-10-19 01:04:42,301 [grpc-default-executor-5] INFO  impl.RaftServerImpl (RaftServerImpl.java:setRole(184)) - 16805c57-9f45-4377-8998-764a8f26e152@group-FB3B7D7D89E3: changes role from  FOLLOWER to FOLLOWER at term 114 for recognizeCandidate:a54795b0-6c9c-4137-a866-f82f653c9bf9
2019-10-19 01:04:42,301 [grpc-default-executor-5] INFO  impl.RoleInfo (RoleInfo.java:shutdownFollowerState(121)) - 16805c57-9f45-4377-8998-764a8f26e152: shutdown FollowerState
2019-10-19 01:04:42,301 [grpc-default-executor-5] INFO  impl.RoleInfo (RoleInfo.java:updateAndGet(143)) - 16805c57-9f45-4377-8998-764a8f26e152: start FollowerState
2019-10-19 01:04:42,301 [Thread-1874] INFO  impl.FollowerState (FollowerState.java:run(117)) - 16805c57-9f45-4377-8998-764a8f26e152@group-FB3B7D7D89E3-FollowerState was interrupted: java.lang.InterruptedException: sleep interrupted
2019-10-19 01:04:42,315 [a54795b0-6c9c-4137-a866-f82f653c9bf9@group-FB3B7D7D89E3-LeaderElection220] INFO  impl.LeaderElection (LeaderElection.java:logAndReturn(56)) - a54795b0-6c9c-4137-a866-f82f653c9bf9@group-FB3B7D7D89E3-LeaderElection220: Election REJECTED; received 2 response(s) [a54795b0-6c9c-4137-a866-f82f653c9bf9<-b26a8d60-58dc-431d-8168-f89a9ab35f3a#0:FAIL-t114, a54795b0-6c9c-4137-a866-f82f653c9bf9<-16805c57-9f45-4377-8998-764a8f26e152#0:FAIL-t114] and 0 exception(s); a54795b0-6c9c-4137-a866-f82f653c9bf9@group-FB3B7D7D89E3:t114, leader=null, voted=a54795b0-6c9c-4137-a866-f82f653c9bf9, raftlog=a54795b0-6c9c-4137-a866-f82f653c9bf9@group-FB3B7D7D89E3-SegmentedRaftLog:OPENED:c-1,f-1,i0, conf=-1: [a54795b0-6c9c-4137-a866-f82f653c9bf9:192.168.157.213:43688, b26a8d60-58dc-431d-8168-f89a9ab35f3a:192.168.157.213:35535, 16805c57-9f45-4377-8998-764a8f26e152:192.168.157.213:33728], old=null
2019-10-19 01:04:42,316 [a54795b0-6c9c-4137-a866-f82f653c9bf9@group-FB3B7D7D89E3-LeaderElection220] INFO  impl.RaftServerImpl (RaftServerImpl.java:setRole(184)) - a54795b0-6c9c-4137-a866-f82f653c9bf9@group-FB3B7D7D89E3: changes role from CANDIDATE to FOLLOWER at term 114 for DISCOVERED_A_NEW_TERM
2019-10-19 01:04:42,316 [a54795b0-6c9c-4137-a866-f82f653c9bf9@group-FB3B7D7D89E3-LeaderElection220] INFO  impl.RoleInfo (RoleInfo.java:shutdownLeaderElection(134)) - a54795b0-6c9c-4137-a866-f82f653c9bf9: shutdown LeaderElection
2019-10-19 01:04:42,316 [a54795b0-6c9c-4137-a866-f82f653c9bf9@group-FB3B7D7D89E3-LeaderElection220] INFO  impl.RoleInfo (RoleInfo.java:updateAndGet(143)) - a54795b0-6c9c-4137-a866-f82f653c9bf9: start FollowerState
2019-10-19 01:04:42,393 [Thread-1887] INFO  impl.FollowerState (FollowerState.java:run(108)) - a54795b0-6c9c-4137-a866-f82f653c9bf9@group-FB3B7D7D89E3-FollowerState: change to CANDIDATE, lastRpcTime:77ms, electionTimeout:77ms
2019-10-19 01:04:42,393 [Thread-1887] INFO  impl.RoleInfo (RoleInfo.java:shutdownFollowerState(121)) - a54795b0-6c9c-4137-a866-f82f653c9bf9: shutdown FollowerState
2019-10-19 01:04:42,393 [Thread-1887] INFO  impl.RaftServerImpl (RaftServerImpl.java:setRole(184)) - a54795b0-6c9c-4137-a866-f82f653c9bf9@group-FB3B7D7D89E3: changes role from  FOLLOWER to CANDIDATE at term 114 for changeToCandidate
2019-10-19 01:04:42,394 [Thread-1887] INFO  impl.RoleInfo (RoleInfo.java:updateAndGet(143)) - a54795b0-6c9c-4137-a866-f82f653c9bf9: start LeaderElection
2019-10-19 01:04:42,402 [Thread-1881] INFO  impl.FollowerState (FollowerState.java:run(108)) - a1c78c0e-869c-4f76-b4ce-2034448e0b80@group-D48B69A44692-FollowerState: change to CANDIDATE, lastRpcTime:135ms, electionTimeout:135ms
2019-10-19 01:04:42,402 [Thread-1881] INFO  impl.RoleInfo (RoleInfo.java:shutdownFollowerState(121)) - a1c78c0e-869c-4f76-b4ce-2034448e0b80: shutdown FollowerState
2019-10-19 01:04:42,402 [Thread-1881] INFO  impl.RaftServerImpl (RaftServerImpl.java:setRole(184)) - a1c78c0e-869c-4f76-b4ce-2034448e0b80@group-D48B69A44692: changes role from  FOLLOWER to CANDIDATE at term 118 for changeToCandidate
2019-10-19 01:04:42,403 [Thread-1881] INFO  impl.RoleInfo (RoleInfo.java:updateAndGet(143)) - a1c78c0e-869c-4f76-b4ce-2034448e0b80: start LeaderElection
2019-10-19 01:04:42,407 [a54795b0-6c9c-4137-a866-f82f653c9bf9@group-FB3B7D7D89E3-LeaderElection221] INFO  impl.LeaderElection (LeaderElection.java:askForVotes(178)) - a54795b0-6c9c-4137-a866-f82f653c9bf9@group-FB3B7D7D89E3-LeaderElection221: begin an election at term 115 for -1: [a54795b0-6c9c-4137-a866-f82f653c9bf9:192.168.157.213:43688, b26a8d60-58dc-431d-8168-f89a9ab35f3a:192.168.157.213:35535, 16805c57-9f45-4377-8998-764a8f26e152:192.168.157.213:33728], old=null
2019-10-19 01:04:42,407 [a1c78c0e-869c-4f76-b4ce-2034448e0b80@group-D48B69A44692-LeaderElection222] INFO  impl.LeaderElection (LeaderElection.java:askForVotes(178)) - a1c78c0e-869c-4f76-b4ce-2034448e0b80@group-D48B69A44692-LeaderElection222: begin an election at term 119 for -1: [51276c3c-a3b8-4274-b089-592ff4589f41:192.168.157.213:36639, 64c90977-e867-487c-b50d-c226f2d34a76:192.168.157.213:37433, a1c78c0e-869c-4f76-b4ce-2034448e0b80:192.168.157.213:33501], old=null
2019-10-19 01:04:42,410 [grpc-default-executor-4] INFO  impl.RaftServerImpl (RaftServerImpl.java:setRole(184)) - 64c90977-e867-487c-b50d-c226f2d34a76@group-D48B69A44692: changes role from  FOLLOWER to FOLLOWER at term 119 for recognizeCandidate:a1c78c0e-869c-4f76-b4ce-2034448e0b80
2019-10-19 01:04:42,410 [grpc-default-executor-1] INFO  impl.RaftServerImpl (RaftServerImpl.java:setRole(184)) - 16805c57-9f45-4377-8998-764a8f26e152@group-FB3B7D7D89E3: changes role from  FOLLOWER to FOLLOWER at term 115 for recognizeCandidate:a54795b0-6c9c-4137-a866-f82f653c9bf9
2019-10-19 01:04:42,410 [grpc-default-executor-7] INFO  impl.RaftServerImpl (RaftServerImpl.java:setRole(184)) - b26a8d60-58dc-431d-8168-f89a9ab35f3a@group-FB3B7D7D89E3: changes role from  FOLLOWER to FOLLOWER at term 115 for recognizeCandidate:a54795b0-6c9c-4137-a866-f82f653c9bf9
2019-10-19 01:04:42,410 [grpc-default-executor-7] INFO  impl.RoleInfo (RoleInfo.java:shutdownFollowerState(121)) - b26a8d60-58dc-431d-8168-f89a9ab35f3a: shutdown FollowerState
2019-10-19 01:04:42,410 [grpc-default-executor-5] INFO  impl.RaftServerImpl (RaftServerImpl.java:setRole(184)) - 51276c3c-a3b8-4274-b089-592ff4589f41@group-D48B69A44692: changes role from  FOLLOWER to FOLLOWER at term 119 for recognizeCandidate:a1c78c0e-869c-4f76-b4ce-2034448e0b80
2019-10-19 01:04:42,411 [grpc-default-executor-5] INFO  impl.RoleInfo (RoleInfo.java:shutdownFollowerState(121)) - 51276c3c-a3b8-4274-b089-592ff4589f41: shutdown FollowerState
2019-10-19 01:04:42,411 [Thread-1885] INFO  impl.FollowerState (FollowerState.java:run(117)) - b26a8d60-58dc-431d-8168-f89a9ab35f3a@group-FB3B7D7D89E3-FollowerState was interrupted: java.lang.InterruptedException: sleep interrupted
2019-10-19 01:04:42,411 [grpc-default-executor-7] INFO  impl.RoleInfo (RoleInfo.java:updateAndGet(143)) - b26a8d60-58dc-431d-8168-f89a9ab35f3a: start FollowerState
2019-10-19 01:04:42,410 [grpc-default-executor-1] INFO  impl.RoleInfo (RoleInfo.java:shutdownFollowerState(121)) - 16805c57-9f45-4377-8998-764a8f26e152: shutdown FollowerState
2019-10-19 01:04:42,410 [grpc-default-executor-4] INFO  impl.RoleInfo (RoleInfo.java:shutdownFollowerState(121)) - 64c90977-e867-487c-b50d-c226f2d34a76: shutdown FollowerState
2019-10-19 01:04:42,411 [Thread-1886] INFO  impl.FollowerState (FollowerState.java:run(117)) - 16805c57-9f45-4377-8998-764a8f26e152@group-FB3B7D7D89E3-FollowerState was interrupted: java.lang.InterruptedException: sleep interrupted
2019-10-19 01:04:42,411 [grpc-default-executor-1] INFO  impl.RoleInfo (RoleInfo.java:updateAndGet(143)) - 16805c57-9f45-4377-8998-764a8f26e152: start FollowerState
2019-10-19 01:04:42,411 [Thread-1875] INFO  impl.FollowerState (FollowerState.java:run(117)) - 51276c3c-a3b8-4274-b089-592ff4589f41@group-D48B69A44692-FollowerState was interrupted: java.lang.InterruptedException: sleep interrupted
2019-10-19 01:04:42,411 [grpc-default-executor-5] INFO  impl.RoleInfo (RoleInfo.java:updateAndGet(143)) - 51276c3c-a3b8-4274-b089-592ff4589f41: start FollowerState
2019-10-19 01:04:42,411 [Thread-1876] INFO  impl.FollowerState (FollowerState.java:run(117)) - 64c90977-e867-487c-b50d-c226f2d34a76@group-D48B69A44692-FollowerState was interrupted: java.lang.InterruptedException: sleep interrupted
2019-10-19 01:04:42,411 [grpc-default-executor-4] INFO  impl.RoleInfo (RoleInfo.java:updateAndGet(143)) - 64c90977-e867-487c-b50d-c226f2d34a76: start FollowerState
2019-10-19 01:04:42,428 [a1c78c0e-869c-4f76-b4ce-2034448e0b80@group-D48B69A44692-LeaderElection222] INFO  impl.LeaderElection (LeaderElection.java:logAndReturn(56)) - a1c78c0e-869c-4f76-b4ce-2034448e0b80@group-D48B69A44692-LeaderElection222: Election TIMEOUT; received 0 response(s) [] and 0 exception(s); a1c78c0e-869c-4f76-b4ce-2034448e0b80@group-D48B69A44692:t119, leader=null, voted=a1c78c0e-869c-4f76-b4ce-2034448e0b80, raftlog=a1c78c0e-869c-4f76-b4ce-2034448e0b80@group-D48B69A44692-SegmentedRaftLog:OPENED:c-1,f-1,i0, conf=-1: [51276c3c-a3b8-4274-b089-592ff4589f41:192.168.157.213:36639, 64c90977-e867-487c-b50d-c226f2d34a76:192.168.157.213:37433, a1c78c0e-869c-4f76-b4ce-2034448e0b80:192.168.157.213:33501], old=null
2019-10-19 01:04:42,438 [a54795b0-6c9c-4137-a866-f82f653c9bf9@group-FB3B7D7D89E3-LeaderElection221] INFO  impl.LeaderElection (LeaderElection.java:logAndReturn(56)) - a54795b0-6c9c-4137-a866-f82f653c9bf9@group-FB3B7D7D89E3-LeaderElection221: Election REJECTED; received 2 response(s) [a54795b0-6c9c-4137-a866-f82f653c9bf9<-b26a8d60-58dc-431d-8168-f89a9ab35f3a#0:FAIL-t115, a54795b0-6c9c-4137-a866-f82f653c9bf9<-16805c57-9f45-4377-8998-764a8f26e152#0:FAIL-t115] and 0 exception(s); a54795b0-6c9c-4137-a866-f82f653c9bf9@group-FB3B7D7D89E3:t115, leader=null, voted=a54795b0-6c9c-4137-a866-f82f653c9bf9, raftlog=a54795b0-6c9c-4137-a866-f82f653c9bf9@group-FB3B7D7D89E3-SegmentedRaftLog:OPENED:c-1,f-1,i0, conf=-1: [a54795b0-6c9c-4137-a866-f82f653c9bf9:192.168.157.213:43688, b26a8d60-58dc-431d-8168-f89a9ab35f3a:192.168.157.213:35535, 16805c57-9f45-4377-8998-764a8f26e152:192.168.157.213:33728], old=null
2019-10-19 01:04:42,438 [a54795b0-6c9c-4137-a866-f82f653c9bf9@group-FB3B7D7D89E3-LeaderElection221] INFO  impl.RaftServerImpl (RaftServerImpl.java:setRole(184)) - a54795b0-6c9c-4137-a866-f82f653c9bf9@group-FB3B7D7D89E3: changes role from CANDIDATE to FOLLOWER at term 115 for DISCOVERED_A_NEW_TERM
2019-10-19 01:04:42,438 [a54795b0-6c9c-4137-a866-f82f653c9bf9@group-FB3B7D7D89E3-LeaderElection221] INFO  impl.RoleInfo (RoleInfo.java:shutdownLeaderElection(134)) - a54795b0-6c9c-4137-a866-f82f653c9bf9: shutdown LeaderElection
2019-10-19 01:04:42,438 [a54795b0-6c9c-4137-a866-f82f653c9bf9@group-FB3B7D7D89E3-LeaderElection221] INFO  impl.RoleInfo (RoleInfo.java:updateAndGet(143)) - a54795b0-6c9c-4137-a866-f82f653c9bf9: start FollowerState
2019-10-19 01:04:42,439 [a1c78c0e-869c-4f76-b4ce-2034448e0b80@group-D48B69A44692-LeaderElection222] INFO  impl.LeaderElection (LeaderElection.java:askForVotes(178)) - a1c78c0e-869c-4f76-b4ce-2034448e0b80@group-D48B69A44692-LeaderElection222: begin an election at term 120 for -1: [51276c3c-a3b8-4274-b089-592ff4589f41:192.168.157.213:36639, 64c90977-e867-487c-b50d-c226f2d34a76:192.168.157.213:37433, a1c78c0e-869c-4f76-b4ce-2034448e0b80:192.168.157.213:33501], old=null
2019-10-19 01:04:42,441 [grpc-default-executor-4] INFO  impl.RaftServerImpl (RaftServerImpl.java:setRole(184)) - 51276c3c-a3b8-4274-b089-592ff4589f41@group-D48B69A44692: changes role from  FOLLOWER to FOLLOWER at term 120 for recognizeCandidate:a1c78c0e-869c-4f76-b4ce-2034448e0b80
2019-10-19 01:04:42,441 [grpc-default-executor-7] INFO  impl.RaftServerImpl (RaftServerImpl.java:setRole(184)) - 64c90977-e867-487c-b50d-c226f2d34a76@group-D48B69A44692: changes role from  FOLLOWER to FOLLOWER at term 120 for recognizeCandidate:a1c78c0e-869c-4f76-b4ce-2034448e0b80
2019-10-19 01:04:42,441 [grpc-default-executor-4] INFO  impl.RoleInfo (RoleInfo.java:shutdownFollowerState(121)) - 51276c3c-a3b8-4274-b089-592ff4589f41: shutdown FollowerState
2019-10-19 01:04:42,441 [grpc-default-executor-7] INFO  impl.RoleInfo (RoleInfo.java:shutdownFollowerState(121)) - 64c90977-e867-487c-b50d-c226f2d34a76: shutdown FollowerState
2019-10-19 01:04:42,442 [Thread-1895] INFO  impl.FollowerState (FollowerState.java:run(117)) - 51276c3c-a3b8-4274-b089-592ff4589f41@group-D48B69A44692-FollowerState was interrupted: java.lang.InterruptedException: sleep interrupted
2019-10-19 01:04:42,442 [grpc-default-executor-4] INFO  impl.RoleInfo (RoleInfo.java:updateAndGet(143)) - 51276c3c-a3b8-4274-b089-592ff4589f41: start FollowerState
2019-10-19 01:04:42,442 [Thread-1897] INFO  impl.FollowerState (FollowerState.java:run(117)) - 64c90977-e867-487c-b50d-c226f2d34a76@group-D48B69A44692-FollowerState was interrupted: java.lang.InterruptedException: sleep interrupted
2019-10-19 01:04:42,442 [grpc-default-executor-7] INFO  impl.RoleInfo (RoleInfo.java:updateAndGet(143)) - 64c90977-e867-487c-b50d-c226f2d34a76: start FollowerState
2019-10-19 01:04:42,456 [a1c78c0e-869c-4f76-b4ce-2034448e0b80@group-D48B69A44692-LeaderElection222] INFO  impl.LeaderElection (LeaderElection.java:logAndReturn(56)) - a1c78c0e-869c-4f76-b4ce-2034448e0b80@group-D48B69A44692-LeaderElection222: Election REJECTED; received 2 response(s) [a1c78c0e-869c-4f76-b4ce-2034448e0b80<-51276c3c-a3b8-4274-b089-592ff4589f41#0:FAIL-t120, a1c78c0e-869c-4f76-b4ce-2034448e0b80<-64c90977-e867-487c-b50d-c226f2d34a76#0:FAIL-t120] and 0 exception(s); a1c78c0e-869c-4f76-b4ce-2034448e0b80@group-D48B69A44692:t120, leader=null, voted=a1c78c0e-869c-4f76-b4ce-2034448e0b80, raftlog=a1c78c0e-869c-4f76-b4ce-2034448e0b80@group-D48B69A44692-SegmentedRaftLog:OPENED:c-1,f-1,i0, conf=-1: [51276c3c-a3b8-4274-b089-592ff4589f41:192.168.157.213:36639, 64c90977-e867-487c-b50d-c226f2d34a76:192.168.157.213:37433, a1c78c0e-869c-4f76-b4ce-2034448e0b80:192.168.157.213:33501], old=null
2019-10-19 01:04:42,457 [a1c78c0e-869c-4f76-b4ce-2034448e0b80@group-D48B69A44692-LeaderElection222] INFO  impl.RaftServerImpl (RaftServerImpl.java:setRole(184)) - a1c78c0e-869c-4f76-b4ce-2034448e0b80@group-D48B69A44692: changes role from CANDIDATE to FOLLOWER at term 120 for DISCOVERED_A_NEW_TERM
2019-10-19 01:04:42,457 [a1c78c0e-869c-4f76-b4ce-2034448e0b80@group-D48B69A44692-LeaderElection222] INFO  impl.RoleInfo (RoleInfo.java:shutdownLeaderElection(134)) - a1c78c0e-869c-4f76-b4ce-2034448e0b80: shutdown LeaderElection
2019-10-19 01:04:42,457 [a1c78c0e-869c-4f76-b4ce-2034448e0b80@group-D48B69A44692-LeaderElection222] INFO  impl.RoleInfo (RoleInfo.java:updateAndGet(143)) - a1c78c0e-869c-4f76-b4ce-2034448e0b80: start FollowerState
2019-10-19 01:04:42,497 [Thread-1898] INFO  impl.FollowerState (FollowerState.java:run(108)) - a54795b0-6c9c-4137-a866-f82f653c9bf9@group-FB3B7D7D89E3-FollowerState: change to CANDIDATE, lastRpcTime:58ms, electionTimeout:58ms
2019-10-19 01:04:42,497 [Thread-1898] INFO  impl.RoleInfo (RoleInfo.java:shutdownFollowerState(121)) - a54795b0-6c9c-4137-a866-f82f653c9bf9: shutdown FollowerState
2019-10-19 01:04:42,497 [Thread-1898] INFO  impl.RaftServerImpl (RaftServerImpl.java:setRole(184)) - a54795b0-6c9c-4137-a866-f82f653c9bf9@group-FB3B7D7D89E3: changes role from  FOLLOWER to CANDIDATE at term 115 for changeToCandidate
2019-10-19 01:04:42,497 [Thread-1898] INFO  impl.RoleInfo (RoleInfo.java:updateAndGet(143)) - a54795b0-6c9c-4137-a866-f82f653c9bf9: start LeaderElection
2019-10-19 01:04:42,510 [a54795b0-6c9c-4137-a866-f82f653c9bf9@group-FB3B7D7D89E3-LeaderElection223] INFO  impl.LeaderElection (LeaderElection.java:askForVotes(178)) - a54795b0-6c9c-4137-a866-f82f653c9bf9@group-FB3B7D7D89E3-LeaderElection223: begin an election at term 116 for -1: [a54795b0-6c9c-4137-a866-f82f653c9bf9:192.168.157.213:43688, b26a8d60-58dc-431d-8168-f89a9ab35f3a:192.168.157.213:35535, 16805c57-9f45-4377-8998-764a8f26e152:192.168.157.213:33728], old=null
2019-10-19 01:04:42,512 [grpc-default-executor-4] INFO  impl.RaftServerImpl (RaftServerImpl.java:setRole(184)) - b26a8d60-58dc-431d-8168-f89a9ab35f3a@group-FB3B7D7D89E3: changes role from  FOLLOWER to FOLLOWER at term 116 for recognizeCandidate:a54795b0-6c9c-4137-a866-f82f653c9bf9
2019-10-19 01:04:42,512 [grpc-default-executor-4] INFO  impl.RoleInfo (RoleInfo.java:shutdownFollowerState(121)) - b26a8d60-58dc-431d-8168-f89a9ab35f3a: shutdown FollowerState
2019-10-19 01:04:42,512 [Thread-1894] INFO  impl.FollowerState (FollowerState.java:run(117)) - b26a8d60-58dc-431d-8168-f89a9ab35f3a@group-FB3B7D7D89E3-FollowerState was interrupted: java.lang.InterruptedException: sleep interrupted
2019-10-19 01:04:42,513 [grpc-default-executor-4] INFO  impl.RoleInfo (RoleInfo.java:updateAndGet(143)) - b26a8d60-58dc-431d-8168-f89a9ab35f3a: start FollowerState
2019-10-19 01:04:42,513 [grpc-default-executor-7] INFO  impl.RaftServerImpl (RaftServerImpl.java:setRole(184)) - 16805c57-9f45-4377-8998-764a8f26e152@group-FB3B7D7D89E3: changes role from  FOLLOWER to FOLLOWER at term 116 for recognizeCandidate:a54795b0-6c9c-4137-a866-f82f653c9bf9
2019-10-19 01:04:42,513 [grpc-default-executor-7] INFO  impl.RoleInfo (RoleInfo.java:shutdownFollowerState(121)) - 16805c57-9f45-4377-8998-764a8f26e152: shutdown FollowerState
2019-10-19 01:04:42,513 [grpc-default-executor-7] INFO  impl.RoleInfo (RoleInfo.java:updateAndGet(143)) - 16805c57-9f45-4377-8998-764a8f26e152: start FollowerState
2019-10-19 01:04:42,513 [Thread-1896] INFO  impl.FollowerState (FollowerState.java:run(117)) - 16805c57-9f45-4377-8998-764a8f26e152@group-FB3B7D7D89E3-FollowerState was interrupted: java.lang.InterruptedException: sleep interrupted
2019-10-19 01:04:42,527 [Thread-1903] INFO  impl.FollowerState (FollowerState.java:run(108)) - a1c78c0e-869c-4f76-b4ce-2034448e0b80@group-D48B69A44692-FollowerState: change to CANDIDATE, lastRpcTime:70ms, electionTimeout:70ms
2019-10-19 01:04:42,527 [a54795b0-6c9c-4137-a866-f82f653c9bf9@group-FB3B7D7D89E3-LeaderElection223] INFO  impl.LeaderElection (LeaderElection.java:logAndReturn(56)) - a54795b0-6c9c-4137-a866-f82f653c9bf9@group-FB3B7D7D89E3-LeaderElection223: Election REJECTED; received 2 response(s) [a54795b0-6c9c-4137-a866-f82f653c9bf9<-b26a8d60-58dc-431d-8168-f89a9ab35f3a#0:FAIL-t116, a54795b0-6c9c-4137-a866-f82f653c9bf9<-16805c57-9f45-4377-8998-764a8f26e152#0:FAIL-t116] and 0 exception(s); a54795b0-6c9c-4137-a866-f82f653c9bf9@group-FB3B7D7D89E3:t116, leader=null, voted=a54795b0-6c9c-4137-a866-f82f653c9bf9, raftlog=a54795b0-6c9c-4137-a866-f82f653c9bf9@group-FB3B7D7D89E3-SegmentedRaftLog:OPENED:c-1,f-1,i0, conf=-1: [a54795b0-6c9c-4137-a866-f82f653c9bf9:192.168.157.213:43688, b26a8d60-58dc-431d-8168-f89a9ab35f3a:192.168.157.213:35535, 16805c57-9f45-4377-8998-764a8f26e152:192.168.157.213:33728], old=null
2019-10-19 01:04:42,527 [Thread-1903] INFO  impl.RoleInfo (RoleInfo.java:shutdownFollowerState(121)) - a1c78c0e-869c-4f76-b4ce-2034448e0b80: shutdown FollowerState
2019-10-19 01:04:42,527 [a54795b0-6c9c-4137-a866-f82f653c9bf9@group-FB3B7D7D89E3-LeaderElection223] INFO  impl.RaftServerImpl (RaftServerImpl.java:setRole(184)) - a54795b0-6c9c-4137-a866-f82f653c9bf9@group-FB3B7D7D89E3: changes role from CANDIDATE to FOLLOWER at term 116 for DISCOVERED_A_NEW_TERM
2019-10-19 01:04:42,528 [a54795b0-6c9c-4137-a866-f82f653c9bf9@group-FB3B7D7D89E3-LeaderElection223] INFO  impl.RoleInfo (RoleInfo.java:shutdownLeaderElection(134)) - a54795b0-6c9c-4137-a866-f82f653c9bf9: shutdown LeaderElection
2019-10-19 01:04:42,528 [Thread-1903] INFO  impl.RaftServerImpl (RaftServerImpl.java:setRole(184)) - a1c78c0e-869c-4f76-b4ce-2034448e0b80@group-D48B69A44692: changes role from  FOLLOWER to CANDIDATE at term 120 for changeToCandidate
2019-10-19 01:04:42,528 [a54795b0-6c9c-4137-a866-f82f653c9bf9@group-FB3B7D7D89E3-LeaderElection223] INFO  impl.RoleInfo (RoleInfo.java:updateAndGet(143)) - a54795b0-6c9c-4137-a866-f82f653c9bf9: start FollowerState
2019-10-19 01:04:42,528 [Thread-1903] INFO  impl.RoleInfo (RoleInfo.java:updateAndGet(143)) - a1c78c0e-869c-4f76-b4ce-2034448e0b80: start LeaderElection
2019-10-19 01:04:42,542 [a1c78c0e-869c-4f76-b4ce-2034448e0b80@group-D48B69A44692-LeaderElection224] INFO  impl.LeaderElection (LeaderElection.java:askForVotes(178)) - a1c78c0e-869c-4f76-b4ce-2034448e0b80@group-D48B69A44692-LeaderElection224: begin an election at term 121 for -1: [51276c3c-a3b8-4274-b089-592ff4589f41:192.168.157.213:36639, 64c90977-e867-487c-b50d-c226f2d34a76:192.168.157.213:37433, a1c78c0e-869c-4f76-b4ce-2034448e0b80:192.168.157.213:33501], old=null
2019-10-19 01:04:42,543 [grpc-default-executor-4] INFO  impl.RaftServerImpl (RaftServerImpl.java:setRole(184)) - 51276c3c-a3b8-4274-b089-592ff4589f41@group-D48B69A44692: changes role from  FOLLOWER to FOLLOWER at term 121 for recognizeCandidate:a1c78c0e-869c-4f76-b4ce-2034448e0b80
2019-10-19 01:04:42,543 [grpc-default-executor-4] INFO  impl.RoleInfo (RoleInfo.java:shutdownFollowerState(121)) - 51276c3c-a3b8-4274-b089-592ff4589f41: shutdown FollowerState
2019-10-19 01:04:42,544 [grpc-default-executor-4] INFO  impl.RoleInfo (RoleInfo.java:updateAndGet(143)) - 51276c3c-a3b8-4274-b089-592ff4589f41: start FollowerState
2019-10-19 01:04:42,544 [grpc-default-executor-7] INFO  impl.RaftServerImpl (RaftServerImpl.java:setRole(184)) - 64c90977-e867-487c-b50d-c226f2d34a76@group-D48B69A44692: changes role from  FOLLOWER to FOLLOWER at term 121 for recognizeCandidate:a1c78c0e-869c-4f76-b4ce-2034448e0b80
2019-10-19 01:04:42,544 [grpc-default-executor-7] INFO  impl.RoleInfo (RoleInfo.java:shutdownFollowerState(121)) - 64c90977-e867-487c-b50d-c226f2d34a76: shutdown FollowerState
2019-10-19 01:04:42,544 [Thread-1901] INFO  impl.FollowerState (FollowerState.java:run(117)) - 51276c3c-a3b8-4274-b089-592ff4589f41@group-D48B69A44692-FollowerState was interrupted: java.lang.InterruptedException: sleep interrupted
2019-10-19 01:04:42,544 [grpc-default-executor-7] INFO  impl.RoleInfo (RoleInfo.java:updateAndGet(143)) - 64c90977-e867-487c-b50d-c226f2d34a76: start FollowerState
2019-10-19 01:04:42,544 [Thread-1902] INFO  impl.FollowerState (FollowerState.java:run(117)) - 64c90977-e867-487c-b50d-c226f2d34a76@group-D48B69A44692-FollowerState was interrupted: java.lang.InterruptedException: sleep interrupted
2019-10-19 01:04:42,553 [Thread-1909] INFO  impl.FollowerState (FollowerState.java:run(108)) - a54795b0-6c9c-4137-a866-f82f653c9bf9@group-FB3B7D7D89E3-FollowerState: change to CANDIDATE, lastRpcTime:25ms, electionTimeout:25ms
2019-10-19 01:04:42,553 [Thread-1909] INFO  impl.RoleInfo (RoleInfo.java:shutdownFollowerState(121)) - a54795b0-6c9c-4137-a866-f82f653c9bf9: shutdown FollowerState
2019-10-19 01:04:42,553 [Thread-1909] INFO  impl.RaftServerImpl (RaftServerImpl.java:setRole(184)) - a54795b0-6c9c-4137-a866-f82f653c9bf9@group-FB3B7D7D89E3: changes role from  FOLLOWER to CANDIDATE at term 116 for changeToCandidate
2019-10-19 01:04:42,553 [Thread-1909] INFO  impl.RoleInfo (RoleInfo.java:updateAndGet(143)) - a54795b0-6c9c-4137-a866-f82f653c9bf9: start LeaderElection
2019-10-19 01:04:42,557 [a54795b0-6c9c-4137-a866-f82f653c9bf9@group-FB3B7D7D89E3-LeaderElection225] INFO  impl.LeaderElection (LeaderElection.java:askForVotes(178)) - a54795b0-6c9c-4137-a866-f82f653c9bf9@group-FB3B7D7D89E3-LeaderElection225: begin an election at term 117 for -1: [a54795b0-6c9c-4137-a866-f82f653c9bf9:192.168.157.213:43688, b26a8d60-58dc-431d-8168-f89a9ab35f3a:192.168.157.213:35535, 16805c57-9f45-4377-8998-764a8f26e152:192.168.157.213:33728], old=null
2019-10-19 01:04:42,558 [a1c78c0e-869c-4f76-b4ce-2034448e0b80@group-D48B69A44692-LeaderElection224] INFO  impl.LeaderElection (LeaderElection.java:logAndReturn(56)) - a1c78c0e-869c-4f76-b4ce-2034448e0b80@group-D48B69A44692-LeaderElection224: Election REJECTED; received 2 response(s) [a1c78c0e-869c-4f76-b4ce-2034448e0b80<-51276c3c-a3b8-4274-b089-592ff4589f41#0:FAIL-t121, a1c78c0e-869c-4f76-b4ce-2034448e0b80<-64c90977-e867-487c-b50d-c226f2d34a76#0:FAIL-t121] and 0 exception(s); a1c78c0e-869c-4f76-b4ce-2034448e0b80@group-D48B69A44692:t121, leader=null, voted=a1c78c0e-869c-4f76-b4ce-2034448e0b80, raftlog=a1c78c0e-869c-4f76-b4ce-2034448e0b80@group-D48B69A44692-SegmentedRaftLog:OPENED:c-1,f-1,i0, conf=-1: [51276c3c-a3b8-4274-b089-592ff4589f41:192.168.157.213:36639, 64c90977-e867-487c-b50d-c226f2d34a76:192.168.157.213:37433, a1c78c0e-869c-4f76-b4ce-2034448e0b80:192.168.157.213:33501], old=null
2019-10-19 01:04:42,558 [a1c78c0e-869c-4f76-b4ce-2034448e0b80@group-D48B69A44692-LeaderElection224] INFO  impl.RaftServerImpl (RaftServerImpl.java:setRole(184)) - a1c78c0e-869c-4f76-b4ce-2034448e0b80@group-D48B69A44692: changes role from CANDIDATE to FOLLOWER at term 121 for DISCOVERED_A_NEW_TERM
2019-10-19 01:04:42,559 [a1c78c0e-869c-4f76-b4ce-2034448e0b80@group-D48B69A44692-LeaderElection224] INFO  impl.RoleInfo (RoleInfo.java:shutdownLeaderElection(134)) - a1c78c0e-869c-4f76-b4ce-2034448e0b80: shutdown LeaderElection
2019-10-19 01:04:42,559 [a1c78c0e-869c-4f76-b4ce-2034448e0b80@group-D48B69A44692-LeaderElection224] INFO  impl.RoleInfo (RoleInfo.java:updateAndGet(143)) - a1c78c0e-869c-4f76-b4ce-2034448e0b80: start FollowerState
2019-10-19 01:04:42,560 [grpc-default-executor-7] INFO  impl.RaftServerImpl (RaftServerImpl.java:setRole(184)) - b26a8d60-58dc-431d-8168-f89a9ab35f3a@group-FB3B7D7D89E3: changes role from  FOLLOWER to FOLLOWER at term 117 for recognizeCandidate:a54795b0-6c9c-4137-a866-f82f653c9bf9
2019-10-19 01:04:42,560 [grpc-default-executor-7] INFO  impl.RoleInfo (RoleInfo.java:shutdownFollowerState(121)) - b26a8d60-58dc-431d-8168-f89a9ab35f3a: shutdown FollowerState
2019-10-19 01:04:42,560 [grpc-default-executor-7] INFO  impl.RoleInfo (RoleInfo.java:updateAndGet(143)) - b26a8d60-58dc-431d-8168-f89a9ab35f3a: start FollowerState
2019-10-19 01:04:42,560 [grpc-default-executor-4] INFO  impl.RaftServerImpl (RaftServerImpl.java:setRole(184)) - 16805c57-9f45-4377-8998-764a8f26e152@group-FB3B7D7D89E3: changes role from  FOLLOWER to FOLLOWER at term 117 for recognizeCandidate:a54795b0-6c9c-4137-a866-f82f653c9bf9
2019-10-19 01:04:42,560 [Thread-1907] INFO  impl.FollowerState (FollowerState.java:run(117)) - b26a8d60-58dc-431d-8168-f89a9ab35f3a@group-FB3B7D7D89E3-FollowerState was interrupted: java.lang.InterruptedException: sleep interrupted
2019-10-19 01:04:42,561 [grpc-default-executor-4] INFO  impl.RoleInfo (RoleInfo.java:shutdownFollowerState(121)) - 16805c57-9f45-4377-8998-764a8f26e152: shutdown FollowerState
2019-10-19 01:04:42,561 [Thread-1908] INFO  impl.FollowerState (FollowerState.java:run(117)) - 16805c57-9f45-4377-8998-764a8f26e152@group-FB3B7D7D89E3-FollowerState was interrupted: java.lang.InterruptedException: sleep interrupted
2019-10-19 01:04:42,561 [grpc-default-executor-4] INFO  impl.RoleInfo (RoleInfo.java:updateAndGet(143)) - 16805c57-9f45-4377-8998-764a8f26e152: start FollowerState
2019-10-19 01:04:42,574 [a54795b0-6c9c-4137-a866-f82f653c9bf9@group-FB3B7D7D89E3-LeaderElection225] INFO  impl.LeaderElection (LeaderElection.java:logAndReturn(56)) - a54795b0-6c9c-4137-a866-f82f653c9bf9@group-FB3B7D7D89E3-LeaderElection225: Election REJECTED; received 2 response(s) [a54795b0-6c9c-4137-a866-f82f653c9bf9<-b26a8d60-58dc-431d-8168-f89a9ab35f3a#0:FAIL-t117, a54795b0-6c9c-4137-a866-f82f653c9bf9<-16805c57-9f45-4377-8998-764a8f26e152#0:FAIL-t117] and 0 exception(s); a54795b0-6c9c-4137-a866-f82f653c9bf9@group-FB3B7D7D89E3:t117, leader=null, voted=a54795b0-6c9c-4137-a866-f82f653c9bf9, raftlog=a54795b0-6c9c-4137-a866-f82f653c9bf9@group-FB3B7D7D89E3-SegmentedRaftLog:OPENED:c-1,f-1,i0, conf=-1: [a54795b0-6c9c-4137-a866-f82f653c9bf9:192.168.157.213:43688, b26a8d60-58dc-431d-8168-f89a9ab35f3a:192.168.157.213:35535, 16805c57-9f45-4377-8998-764a8f26e152:192.168.157.213:33728], old=null
2019-10-19 01:04:42,575 [a54795b0-6c9c-4137-a866-f82f653c9bf9@group-FB3B7D7D89E3-LeaderElection225] INFO  impl.RaftServerImpl (RaftServerImpl.java:setRole(184)) - a54795b0-6c9c-4137-a866-f82f653c9bf9@group-FB3B7D7D89E3: changes role from CANDIDATE to FOLLOWER at term 117 for DISCOVERED_A_NEW_TERM
2019-10-19 01:04:42,575 [a54795b0-6c9c-4137-a866-f82f653c9bf9@group-FB3B7D7D89E3-LeaderElection225] INFO  impl.RoleInfo (RoleInfo.java:shutdownLeaderElection(134)) - a54795b0-6c9c-4137-a866-f82f653c9bf9: shutdown LeaderElection
2019-10-19 01:04:42,575 [a54795b0-6c9c-4137-a866-f82f653c9bf9@group-FB3B7D7D89E3-LeaderElection225] INFO  impl.RoleInfo (RoleInfo.java:updateAndGet(143)) - a54795b0-6c9c-4137-a866-f82f653c9bf9: start FollowerState
2019-10-19 01:04:42,627 [Thread-1921] INFO  impl.FollowerState (FollowerState.java:run(108)) - a54795b0-6c9c-4137-a866-f82f653c9bf9@group-FB3B7D7D89E3-FollowerState: change to CANDIDATE, lastRpcTime:52ms, electionTimeout:52ms
2019-10-19 01:04:42,627 [Thread-1921] INFO  impl.RoleInfo (RoleInfo.java:shutdownFollowerState(121)) - a54795b0-6c9c-4137-a866-f82f653c9bf9: shutdown FollowerState
2019-10-19 01:04:42,627 [Thread-1921] INFO  impl.RaftServerImpl (RaftServerImpl.java:setRole(184)) - a54795b0-6c9c-4137-a866-f82f653c9bf9@group-FB3B7D7D89E3: changes role from  FOLLOWER to CANDIDATE at term 117 for changeToCandidate
2019-10-19 01:04:42,628 [Thread-1921] INFO  impl.RoleInfo (RoleInfo.java:updateAndGet(143)) - a54795b0-6c9c-4137-a866-f82f653c9bf9: start LeaderElection
2019-10-19 01:04:42,641 [a54795b0-6c9c-4137-a866-f82f653c9bf9@group-FB3B7D7D89E3-LeaderElection226] INFO  impl.LeaderElection (LeaderElection.java:askForVotes(178)) - a54795b0-6c9c-4137-a866-f82f653c9bf9@group-FB3B7D7D89E3-LeaderElection226: begin an election at term 118 for -1: [a54795b0-6c9c-4137-a866-f82f653c9bf9:192.168.157.213:43688, b26a8d60-58dc-431d-8168-f89a9ab35f3a:192.168.157.213:35535, 16805c57-9f45-4377-8998-764a8f26e152:192.168.157.213:33728], old=null
2019-10-19 01:04:42,643 [grpc-default-executor-7] INFO  impl.RaftServerImpl (RaftServerImpl.java:setRole(184)) - b26a8d60-58dc-431d-8168-f89a9ab35f3a@group-FB3B7D7D89E3: changes role from  FOLLOWER to FOLLOWER at term 118 for recognizeCandidate:a54795b0-6c9c-4137-a866-f82f653c9bf9
2019-10-19 01:04:42,644 [grpc-default-executor-7] INFO  impl.RoleInfo (RoleInfo.java:shutdownFollowerState(121)) - b26a8d60-58dc-431d-8168-f89a9ab35f3a: shutdown FollowerState
2019-10-19 01:04:42,644 [Thread-1919] INFO  impl.FollowerState (FollowerState.java:run(117)) - b26a8d60-58dc-431d-8168-f89a9ab35f3a@group-FB3B7D7D89E3-FollowerState was interrupted: java.lang.InterruptedException: sleep interrupted
2019-10-19 01:04:42,644 [grpc-default-executor-7] INFO  impl.RoleInfo (RoleInfo.java:updateAndGet(143)) - b26a8d60-58dc-431d-8168-f89a9ab35f3a: start FollowerState
2019-10-19 01:04:42,644 [grpc-default-executor-4] INFO  impl.RaftServerImpl (RaftServerImpl.java:setRole(184)) - 16805c57-9f45-4377-8998-764a8f26e152@group-FB3B7D7D89E3: changes role from  FOLLOWER to FOLLOWER at term 118 for recognizeCandidate:a54795b0-6c9c-4137-a866-f82f653c9bf9
2019-10-19 01:04:42,644 [grpc-default-executor-4] INFO  impl.RoleInfo (RoleInfo.java:shutdownFollowerState(121)) - 16805c57-9f45-4377-8998-764a8f26e152: shutdown FollowerState
2019-10-19 01:04:42,645 [grpc-default-executor-4] INFO  impl.RoleInfo (RoleInfo.java:updateAndGet(143)) - 16805c57-9f45-4377-8998-764a8f26e152: start FollowerState
2019-10-19 01:04:42,645 [Thread-1920] INFO  impl.FollowerState (FollowerState.java:run(117)) - 16805c57-9f45-4377-8998-764a8f26e152@group-FB3B7D7D89E3-FollowerState was interrupted: java.lang.InterruptedException: sleep interrupted
2019-10-19 01:04:42,656 [a54795b0-6c9c-4137-a866-f82f653c9bf9@group-FB3B7D7D89E3-LeaderElection226] INFO  impl.LeaderElection (LeaderElection.java:logAndReturn(56)) - a54795b0-6c9c-4137-a866-f82f653c9bf9@group-FB3B7D7D89E3-LeaderElection226: Election REJECTED; received 2 response(s) [a54795b0-6c9c-4137-a866-f82f653c9bf9<-b26a8d60-58dc-431d-8168-f89a9ab35f3a#0:FAIL-t118, a54795b0-6c9c-4137-a866-f82f653c9bf9<-16805c57-9f45-4377-8998-764a8f26e152#0:FAIL-t118] and 0 exception(s); a54795b0-6c9c-4137-a866-f82f653c9bf9@group-FB3B7D7D89E3:t118, leader=null, voted=a54795b0-6c9c-4137-a866-f82f653c9bf9, raftlog=a54795b0-6c9c-4137-a866-f82f653c9bf9@group-FB3B7D7D89E3-SegmentedRaftLog:OPENED:c-1,f-1,i0, conf=-1: [a54795b0-6c9c-4137-a866-f82f653c9bf9:192.168.157.213:43688, b26a8d60-58dc-431d-8168-f89a9ab35f3a:192.168.157.213:35535, 16805c57-9f45-4377-8998-764a8f26e152:192.168.157.213:33728], old=null
2019-10-19 01:04:42,656 [a54795b0-6c9c-4137-a866-f82f653c9bf9@group-FB3B7D7D89E3-LeaderElection226] INFO  impl.RaftServerImpl (RaftServerImpl.java:setRole(184)) - a54795b0-6c9c-4137-a866-f82f653c9bf9@group-FB3B7D7D89E3: changes role from CANDIDATE to FOLLOWER at term 118 for DISCOVERED_A_NEW_TERM
2019-10-19 01:04:42,657 [a54795b0-6c9c-4137-a866-f82f653c9bf9@group-FB3B7D7D89E3-LeaderElection226] INFO  impl.RoleInfo (RoleInfo.java:shutdownLeaderElection(134)) - a54795b0-6c9c-4137-a866-f82f653c9bf9: shutdown LeaderElection
2019-10-19 01:04:42,657 [a54795b0-6c9c-4137-a866-f82f653c9bf9@group-FB3B7D7D89E3-LeaderElection226] INFO  impl.RoleInfo (RoleInfo.java:updateAndGet(143)) - a54795b0-6c9c-4137-a866-f82f653c9bf9: start FollowerState
2019-10-19 01:04:42,704 [Thread-1927] INFO  impl.FollowerState (FollowerState.java:run(108)) - a54795b0-6c9c-4137-a866-f82f653c9bf9@group-FB3B7D7D89E3-FollowerState: change to CANDIDATE, lastRpcTime:47ms, electionTimeout:47ms
2019-10-19 01:04:42,704 [Thread-1927] INFO  impl.RoleInfo (RoleInfo.java:shutdownFollowerState(121)) - a54795b0-6c9c-4137-a866-f82f653c9bf9: shutdown FollowerState
2019-10-19 01:04:42,704 [Thread-1927] INFO  impl.RaftServerImpl (RaftServerImpl.java:setRole(184)) - a54795b0-6c9c-4137-a866-f82f653c9bf9@group-FB3B7D7D89E3: changes role from  FOLLOWER to CANDIDATE at term 118 for changeToCandidate
2019-10-19 01:04:42,704 [Thread-1927] INFO  impl.RoleInfo (RoleInfo.java:updateAndGet(143)) - a54795b0-6c9c-4137-a866-f82f653c9bf9: start LeaderElection
2019-10-19 01:04:42,707 [Thread-1918] INFO  impl.FollowerState (FollowerState.java:run(108)) - a1c78c0e-869c-4f76-b4ce-2034448e0b80@group-D48B69A44692-FollowerState: change to CANDIDATE, lastRpcTime:148ms, electionTimeout:148ms
2019-10-19 01:04:42,707 [Thread-1918] INFO  impl.RoleInfo (RoleInfo.java:shutdownFollowerState(121)) - a1c78c0e-869c-4f76-b4ce-2034448e0b80: shutdown FollowerState
2019-10-19 01:04:42,707 [Thread-1918] INFO  impl.RaftServerImpl (RaftServerImpl.java:setRole(184)) - a1c78c0e-869c-4f76-b4ce-2034448e0b80@group-D48B69A44692: changes role from  FOLLOWER to CANDIDATE at term 121 for changeToCandidate
2019-10-19 01:04:42,708 [Thread-1918] INFO  impl.RoleInfo (RoleInfo.java:updateAndGet(143)) - a1c78c0e-869c-4f76-b4ce-2034448e0b80: start LeaderElection
2019-10-19 01:04:42,708 [a54795b0-6c9c-4137-a866-f82f653c9bf9@group-FB3B7D7D89E3-LeaderElection227] INFO  impl.LeaderElection (LeaderElection.java:askForVotes(178)) - a54795b0-6c9c-4137-a866-f82f653c9bf9@group-FB3B7D7D89E3-LeaderElection227: begin an election at term 119 for -1: [a54795b0-6c9c-4137-a866-f82f653c9bf9:192.168.157.213:43688, b26a8d60-58dc-431d-8168-f89a9ab35f3a:192.168.157.213:35535, 16805c57-9f45-4377-8998-764a8f26e152:192.168.157.213:33728], old=null
2019-10-19 01:04:42,710 [grpc-default-executor-7] INFO  impl.RaftServerImpl (RaftServerImpl.java:setRole(184)) - b26a8d60-58dc-431d-8168-f89a9ab35f3a@group-FB3B7D7D89E3: changes role from  FOLLOWER to FOLLOWER at term 119 for recognizeCandidate:a54795b0-6c9c-4137-a866-f82f653c9bf9
2019-10-19 01:04:42,711 [grpc-default-executor-7] INFO  impl.RoleInfo (RoleInfo.java:shutdownFollowerState(121)) - b26a8d60-58dc-431d-8168-f89a9ab35f3a: shutdown FollowerState
2019-10-19 01:04:42,711 [grpc-default-executor-7] INFO  impl.RoleInfo (RoleInfo.java:updateAndGet(143)) - b26a8d60-58dc-431d-8168-f89a9ab35f3a: start FollowerState
2019-10-19 01:04:42,711 [Thread-1925] INFO  impl.FollowerState (FollowerState.java:run(117)) - b26a8d60-58dc-431d-8168-f89a9ab35f3a@group-FB3B7D7D89E3-FollowerState was interrupted: java.lang.InterruptedException: sleep interrupted
2019-10-19 01:04:42,711 [grpc-default-executor-4] INFO  impl.RaftServerImpl (RaftServerImpl.java:setRole(184)) - 16805c57-9f45-4377-8998-764a8f26e152@group-FB3B7D7D89E3: changes role from  FOLLOWER to FOLLOWER at term 119 for recognizeCandidate:a54795b0-6c9c-4137-a866-f82f653c9bf9
2019-10-19 01:04:42,711 [grpc-default-executor-4] INFO  impl.RoleInfo (RoleInfo.java:shutdownFollowerState(121)) - 16805c57-9f45-4377-8998-764a8f26e152: shutdown FollowerState
2019-10-19 01:04:42,711 [grpc-default-executor-4] INFO  impl.RoleInfo (RoleInfo.java:updateAndGet(143)) - 16805c57-9f45-4377-8998-764a8f26e152: start FollowerState
2019-10-19 01:04:42,711 [Thread-1926] INFO  impl.FollowerState (FollowerState.java:run(117)) - 16805c57-9f45-4377-8998-764a8f26e152@group-FB3B7D7D89E3-FollowerState was interrupted: java.lang.InterruptedException: sleep interrupted
2019-10-19 01:04:42,731 [a54795b0-6c9c-4137-a866-f82f653c9bf9@group-FB3B7D7D89E3-LeaderElection227] INFO  impl.LeaderElection (LeaderElection.java:logAndReturn(56)) - a54795b0-6c9c-4137-a866-f82f653c9bf9@group-FB3B7D7D89E3-LeaderElection227: Election TIMEOUT; received 0 response(s) [] and 0 exception(s); a54795b0-6c9c-4137-a866-f82f653c9bf9@group-FB3B7D7D89E3:t119, leader=null, voted=a54795b0-6c9c-4137-a866-f82f653c9bf9, raftlog=a54795b0-6c9c-4137-a866-f82f653c9bf9@group-FB3B7D7D89E3-SegmentedRaftLog:OPENED:c-1,f-1,i0, conf=-1: [a54795b0-6c9c-4137-a866-f82f653c9bf9:192.168.157.213:43688, b26a8d60-58dc-431d-8168-f89a9ab35f3a:192.168.157.213:35535, 16805c57-9f45-4377-8998-764a8f26e152:192.168.157.213:33728], old=null
2019-10-19 01:04:42,731 [a1c78c0e-869c-4f76-b4ce-2034448e0b80@group-D48B69A44692-LeaderElection228] INFO  impl.LeaderElection (LeaderElection.java:askForVotes(178)) - a1c78c0e-869c-4f76-b4ce-2034448e0b80@group-D48B69A44692-LeaderElection228: begin an election at term 122 for -1: [51276c3c-a3b8-4274-b089-592ff4589f41:192.168.157.213:36639, 64c90977-e867-487c-b50d-c226f2d34a76:192.168.157.213:37433, a1c78c0e-869c-4f76-b4ce-2034448e0b80:192.168.157.213:33501], old=null
2019-10-19 01:04:42,733 [grpc-default-executor-4] INFO  impl.RaftServerImpl (RaftServerImpl.java:setRole(184)) - 51276c3c-a3b8-4274-b089-592ff4589f41@group-D48B69A44692: changes role from  FOLLOWER to FOLLOWER at term 122 for recognizeCandidate:a1c78c0e-869c-4f76-b4ce-2034448e0b80
2019-10-19 01:04:42,733 [grpc-default-executor-4] INFO  impl.RoleInfo (RoleInfo.java:shutdownFollowerState(121)) - 51276c3c-a3b8-4274-b089-592ff4589f41: shutdown FollowerState
2019-10-19 01:04:42,734 [grpc-default-executor-4] INFO  impl.RoleInfo (RoleInfo.java:updateAndGet(143)) - 51276c3c-a3b8-4274-b089-592ff4589f41: start FollowerState
2019-10-19 01:04:42,734 [Thread-1913] INFO  impl.FollowerState (FollowerState.java:run(117)) - 51276c3c-a3b8-4274-b089-592ff4589f41@group-D48B69A44692-FollowerState was interrupted: java.lang.InterruptedException: sleep interrupted
2019-10-19 01:04:42,734 [grpc-default-executor-7] INFO  impl.RaftServerImpl (RaftServerImpl.java:setRole(184)) - 64c90977-e867-487c-b50d-c226f2d34a76@group-D48B69A44692: changes role from  FOLLOWER to FOLLOWER at term 122 for recognizeCandidate:a1c78c0e-869c-4f76-b4ce-2034448e0b80
2019-10-19 01:04:42,734 [grpc-default-executor-7] INFO  impl.RoleInfo (RoleInfo.java:shutdownFollowerState(121)) - 64c90977-e867-487c-b50d-c226f2d34a76: shutdown FollowerState
2019-10-19 01:04:42,734 [grpc-default-executor-7] INFO  impl.RoleInfo (RoleInfo.java:updateAndGet(143)) - 64c90977-e867-487c-b50d-c226f2d34a76: start FollowerState
2019-10-19 01:04:42,734 [Thread-1914] INFO  impl.FollowerState (FollowerState.java:run(117)) - 64c90977-e867-487c-b50d-c226f2d34a76@group-D48B69A44692-FollowerState was interrupted: java.lang.InterruptedException: sleep interrupted
2019-10-19 01:04:42,744 [a54795b0-6c9c-4137-a866-f82f653c9bf9@group-FB3B7D7D89E3-LeaderElection227] INFO  impl.LeaderElection (LeaderElection.java:askForVotes(178)) - a54795b0-6c9c-4137-a866-f82f653c9bf9@group-FB3B7D7D89E3-LeaderElection227: begin an election at term 120 for -1: [a54795b0-6c9c-4137-a866-f82f653c9bf9:192.168.157.213:43688, b26a8d60-58dc-431d-8168-f89a9ab35f3a:192.168.157.213:35535, 16805c57-9f45-4377-8998-764a8f26e152:192.168.157.213:33728], old=null
2019-10-19 01:04:42,745 [a1c78c0e-869c-4f76-b4ce-2034448e0b80@group-D48B69A44692-LeaderElection228] INFO  impl.LeaderElection (LeaderElection.java:logAndReturn(56)) - a1c78c0e-869c-4f76-b4ce-2034448e0b80@group-D48B69A44692-LeaderElection228: Election REJECTED; received 2 response(s) [a1c78c0e-869c-4f76-b4ce-2034448e0b80<-51276c3c-a3b8-4274-b089-592ff4589f41#0:FAIL-t122, a1c78c0e-869c-4f76-b4ce-2034448e0b80<-64c90977-e867-487c-b50d-c226f2d34a76#0:FAIL-t122] and 0 exception(s); a1c78c0e-869c-4f76-b4ce-2034448e0b80@group-D48B69A44692:t122, leader=null, voted=a1c78c0e-869c-4f76-b4ce-2034448e0b80, raftlog=a1c78c0e-869c-4f76-b4ce-2034448e0b80@group-D48B69A44692-SegmentedRaftLog:OPENED:c-1,f-1,i0, conf=-1: [51276c3c-a3b8-4274-b089-592ff4589f41:192.168.157.213:36639, 64c90977-e867-487c-b50d-c226f2d34a76:192.168.157.213:37433, a1c78c0e-869c-4f76-b4ce-2034448e0b80:192.168.157.213:33501], old=null
2019-10-19 01:04:42,746 [a1c78c0e-869c-4f76-b4ce-2034448e0b80@group-D48B69A44692-LeaderElection228] INFO  impl.RaftServerImpl (RaftServerImpl.java:setRole(184)) - a1c78c0e-869c-4f76-b4ce-2034448e0b80@group-D48B69A44692: changes role from CANDIDATE to FOLLOWER at term 122 for DISCOVERED_A_NEW_TERM
2019-10-19 01:04:42,746 [a1c78c0e-869c-4f76-b4ce-2034448e0b80@group-D48B69A44692-LeaderElection228] INFO  impl.RoleInfo (RoleInfo.java:shutdownLeaderElection(134)) - a1c78c0e-869c-4f76-b4ce-2034448e0b80: shutdown LeaderElection
2019-10-19 01:04:42,746 [a1c78c0e-869c-4f76-b4ce-2034448e0b80@group-D48B69A44692-LeaderElection228] INFO  impl.RoleInfo (RoleInfo.java:updateAndGet(143)) - a1c78c0e-869c-4f76-b4ce-2034448e0b80: start FollowerState
2019-10-19 01:04:42,747 [grpc-default-executor-7] INFO  impl.RaftServerImpl (RaftServerImpl.java:setRole(184)) - b26a8d60-58dc-431d-8168-f89a9ab35f3a@group-FB3B7D7D89E3: changes role from  FOLLOWER to FOLLOWER at term 120 for recognizeCandidate:a54795b0-6c9c-4137-a866-f82f653c9bf9
2019-10-19 01:04:42,747 [grpc-default-executor-7] INFO  impl.RoleInfo (RoleInfo.java:shutdownFollowerState(121)) - b26a8d60-58dc-431d-8168-f89a9ab35f3a: shutdown FollowerState
2019-10-19 01:04:42,747 [grpc-default-executor-7] INFO  impl.RoleInfo (RoleInfo.java:updateAndGet(143)) - b26a8d60-58dc-431d-8168-f89a9ab35f3a: start FollowerState
2019-10-19 01:04:42,747 [Thread-1932] INFO  impl.FollowerState (FollowerState.java:run(117)) - b26a8d60-58dc-431d-8168-f89a9ab35f3a@group-FB3B7D7D89E3-FollowerState was interrupted: java.lang.InterruptedException: sleep interrupted
2019-10-19 01:04:42,748 [grpc-default-executor-4] INFO  impl.RaftServerImpl (RaftServerImpl.java:setRole(184)) - 16805c57-9f45-4377-8998-764a8f26e152@group-FB3B7D7D89E3: changes role from  FOLLOWER to FOLLOWER at term 120 for recognizeCandidate:a54795b0-6c9c-4137-a866-f82f653c9bf9
2019-10-19 01:04:42,748 [grpc-default-executor-4] INFO  impl.RoleInfo (RoleInfo.java:shutdownFollowerState(121)) - 16805c57-9f45-4377-8998-764a8f26e152: shutdown FollowerState
2019-10-19 01:04:42,748 [grpc-default-executor-4] INFO  impl.RoleInfo (RoleInfo.java:updateAndGet(143)) - 16805c57-9f45-4377-8998-764a8f26e152: start FollowerState
2019-10-19 01:04:42,748 [Thread-1933] INFO  impl.FollowerState (FollowerState.java:run(117)) - 16805c57-9f45-4377-8998-764a8f26e152@group-FB3B7D7D89E3-FollowerState was interrupted: java.lang.InterruptedException: sleep interrupted
2019-10-19 01:04:42,751 [a54795b0-6c9c-4137-a866-f82f653c9bf9@group-FB3B7D7D89E3-LeaderElection227] INFO  impl.LeaderElection (LeaderElection.java:logAndReturn(56)) - a54795b0-6c9c-4137-a866-f82f653c9bf9@group-FB3B7D7D89E3-LeaderElection227: Election TIMEOUT; received 0 response(s) [] and 0 exception(s); a54795b0-6c9c-4137-a866-f82f653c9bf9@group-FB3B7D7D89E3:t120, leader=null, voted=a54795b0-6c9c-4137-a866-f82f653c9bf9, raftlog=a54795b0-6c9c-4137-a866-f82f653c9bf9@group-FB3B7D7D89E3-SegmentedRaftLog:OPENED:c-1,f-1,i0, conf=-1: [a54795b0-6c9c-4137-a866-f82f653c9bf9:192.168.157.213:43688, b26a8d60-58dc-431d-8168-f89a9ab35f3a:192.168.157.213:35535, 16805c57-9f45-4377-8998-764a8f26e152:192.168.157.213:33728], old=null
2019-10-19 01:04:42,783 [a54795b0-6c9c-4137-a866-f82f653c9bf9@group-FB3B7D7D89E3-LeaderElection227] INFO  impl.LeaderElection (LeaderElection.java:askForVotes(178)) - a54795b0-6c9c-4137-a866-f82f653c9bf9@group-FB3B7D7D89E3-LeaderElection227: begin an election at term 121 for -1: [a54795b0-6c9c-4137-a866-f82f653c9bf9:192.168.157.213:43688, b26a8d60-58dc-431d-8168-f89a9ab35f3a:192.168.157.213:35535, 16805c57-9f45-4377-8998-764a8f26e152:192.168.157.213:33728], old=null
2019-10-19 01:04:42,785 [grpc-default-executor-4] INFO  impl.RaftServerImpl (RaftServerImpl.java:setRole(184)) - b26a8d60-58dc-431d-8168-f89a9ab35f3a@group-FB3B7D7D89E3: changes role from  FOLLOWER to FOLLOWER at term 121 for recognizeCandidate:a54795b0-6c9c-4137-a866-f82f653c9bf9
2019-10-19 01:04:42,785 [grpc-default-executor-4] INFO  impl.RoleInfo (RoleInfo.java:shutdownFollowerState(121)) - b26a8d60-58dc-431d-8168-f89a9ab35f3a: shutdown FollowerState
2019-10-19 01:04:42,785 [grpc-default-executor-7] INFO  impl.RaftServerImpl (RaftServerImpl.java:setRole(184)) - 16805c57-9f45-4377-8998-764a8f26e152@group-FB3B7D7D89E3: changes role from  FOLLOWER to FOLLOWER at term 121 for recognizeCandidate:a54795b0-6c9c-4137-a866-f82f653c9bf9
2019-10-19 01:04:42,785 [Thread-1941] INFO  impl.FollowerState (FollowerState.java:run(117)) - b26a8d60-58dc-431d-8168-f89a9ab35f3a@group-FB3B7D7D89E3-FollowerState was interrupted: java.lang.InterruptedException: sleep interrupted
2019-10-19 01:04:42,785 [grpc-default-executor-4] INFO  impl.RoleInfo (RoleInfo.java:updateAndGet(143)) - b26a8d60-58dc-431d-8168-f89a9ab35f3a: start FollowerState
2019-10-19 01:04:42,786 [grpc-default-executor-7] INFO  impl.RoleInfo (RoleInfo.java:shutdownFollowerState(121)) - 16805c57-9f45-4377-8998-764a8f26e152: shutdown FollowerState
2019-10-19 01:04:42,786 [grpc-default-executor-7] INFO  impl.RoleInfo (RoleInfo.java:updateAndGet(143)) - 16805c57-9f45-4377-8998-764a8f26e152: start FollowerState
2019-10-19 01:04:42,786 [Thread-1942] INFO  impl.FollowerState (FollowerState.java:run(117)) - 16805c57-9f45-4377-8998-764a8f26e152@group-FB3B7D7D89E3-FollowerState was interrupted: java.lang.InterruptedException: sleep interrupted
2019-10-19 01:04:42,800 [a54795b0-6c9c-4137-a866-f82f653c9bf9@group-FB3B7D7D89E3-LeaderElection227] INFO  impl.LeaderElection (LeaderElection.java:logAndReturn(56)) - a54795b0-6c9c-4137-a866-f82f653c9bf9@group-FB3B7D7D89E3-LeaderElection227: Election REJECTED; received 2 response(s) [a54795b0-6c9c-4137-a866-f82f653c9bf9<-b26a8d60-58dc-431d-8168-f89a9ab35f3a#0:FAIL-t121, a54795b0-6c9c-4137-a866-f82f653c9bf9<-16805c57-9f45-4377-8998-764a8f26e152#0:FAIL-t121] and 0 exception(s); a54795b0-6c9c-4137-a866-f82f653c9bf9@group-FB3B7D7D89E3:t121, leader=null, voted=a54795b0-6c9c-4137-a866-f82f653c9bf9, raftlog=a54795b0-6c9c-4137-a866-f82f653c9bf9@group-FB3B7D7D89E3-SegmentedRaftLog:OPENED:c-1,f-1,i0, conf=-1: [a54795b0-6c9c-4137-a866-f82f653c9bf9:192.168.157.213:43688, b26a8d60-58dc-431d-8168-f89a9ab35f3a:192.168.157.213:35535, 16805c57-9f45-4377-8998-764a8f26e152:192.168.157.213:33728], old=null
2019-10-19 01:04:42,800 [a54795b0-6c9c-4137-a866-f82f653c9bf9@group-FB3B7D7D89E3-LeaderElection227] INFO  impl.RaftServerImpl (RaftServerImpl.java:setRole(184)) - a54795b0-6c9c-4137-a866-f82f653c9bf9@group-FB3B7D7D89E3: changes role from CANDIDATE to FOLLOWER at term 121 for DISCOVERED_A_NEW_TERM
2019-10-19 01:04:42,800 [a54795b0-6c9c-4137-a866-f82f653c9bf9@group-FB3B7D7D89E3-LeaderElection227] INFO  impl.RoleInfo (RoleInfo.java:shutdownLeaderElection(134)) - a54795b0-6c9c-4137-a866-f82f653c9bf9: shutdown LeaderElection
2019-10-19 01:04:42,801 [a54795b0-6c9c-4137-a866-f82f653c9bf9@group-FB3B7D7D89E3-LeaderElection227] INFO  impl.RoleInfo (RoleInfo.java:updateAndGet(143)) - a54795b0-6c9c-4137-a866-f82f653c9bf9: start FollowerState
2019-10-19 01:04:42,804 [Thread-1940] INFO  impl.FollowerState (FollowerState.java:run(108)) - a1c78c0e-869c-4f76-b4ce-2034448e0b80@group-D48B69A44692-FollowerState: change to CANDIDATE, lastRpcTime:57ms, electionTimeout:57ms
2019-10-19 01:04:42,804 [Thread-1940] INFO  impl.RoleInfo (RoleInfo.java:shutdownFollowerState(121)) - a1c78c0e-869c-4f76-b4ce-2034448e0b80: shutdown FollowerState
2019-10-19 01:04:42,804 [Thread-1940] INFO  impl.RaftServerImpl (RaftServerImpl.java:setRole(184)) - a1c78c0e-869c-4f76-b4ce-2034448e0b80@group-D48B69A44692: changes role from  FOLLOWER to CANDIDATE at term 122 for changeToCandidate
2019-10-19 01:04:42,804 [Thread-1940] INFO  impl.RoleInfo (RoleInfo.java:updateAndGet(143)) - a1c78c0e-869c-4f76-b4ce-2034448e0b80: start LeaderElection
2019-10-19 01:04:42,818 [a1c78c0e-869c-4f76-b4ce-2034448e0b80@group-D48B69A44692-LeaderElection229] INFO  impl.LeaderElection (LeaderElection.java:askForVotes(178)) - a1c78c0e-869c-4f76-b4ce-2034448e0b80@group-D48B69A44692-LeaderElection229: begin an election at term 123 for -1: [51276c3c-a3b8-4274-b089-592ff4589f41:192.168.157.213:36639, 64c90977-e867-487c-b50d-c226f2d34a76:192.168.157.213:37433, a1c78c0e-869c-4f76-b4ce-2034448e0b80:192.168.157.213:33501], old=null
2019-10-19 01:04:42,819 [grpc-default-executor-4] INFO  impl.RaftServerImpl (RaftServerImpl.java:setRole(184)) - 51276c3c-a3b8-4274-b089-592ff4589f41@group-D48B69A44692: changes role from  FOLLOWER to FOLLOWER at term 123 for recognizeCandidate:a1c78c0e-869c-4f76-b4ce-2034448e0b80
2019-10-19 01:04:42,819 [grpc-default-executor-4] INFO  impl.RoleInfo (RoleInfo.java:shutdownFollowerState(121)) - 51276c3c-a3b8-4274-b089-592ff4589f41: shutdown FollowerState
2019-10-19 01:04:42,819 [grpc-default-executor-4] INFO  impl.RoleInfo (RoleInfo.java:updateAndGet(143)) - 51276c3c-a3b8-4274-b089-592ff4589f41: start FollowerState
2019-10-19 01:04:42,820 [grpc-default-executor-7] INFO  impl.RaftServerImpl (RaftServerImpl.java:setRole(184)) - 64c90977-e867-487c-b50d-c226f2d34a76@group-D48B69A44692: changes role from  FOLLOWER to FOLLOWER at term 123 for recognizeCandidate:a1c78c0e-869c-4f76-b4ce-2034448e0b80
2019-10-19 01:04:42,819 [Thread-1936] INFO  impl.FollowerState (FollowerState.java:run(117)) - 51276c3c-a3b8-4274-b089-592ff4589f41@group-D48B69A44692-FollowerState was interrupted: java.lang.InterruptedException: sleep interrupted
2019-10-19 01:04:42,820 [grpc-default-executor-7] INFO  impl.RoleInfo (RoleInfo.java:shutdownFollowerState(121)) - 64c90977-e867-487c-b50d-c226f2d34a76: shutdown FollowerState
2019-10-19 01:04:42,820 [grpc-default-executor-7] INFO  impl.RoleInfo (RoleInfo.java:updateAndGet(143)) - 64c90977-e867-487c-b50d-c226f2d34a76: start FollowerState
2019-10-19 01:04:42,820 [Thread-1937] INFO  impl.FollowerState (FollowerState.java:run(117)) - 64c90977-e867-487c-b50d-c226f2d34a76@group-D48B69A44692-FollowerState was interrupted: java.lang.InterruptedException: sleep interrupted
2019-10-19 01:04:42,833 [a1c78c0e-869c-4f76-b4ce-2034448e0b80@group-D48B69A44692-LeaderElection229] INFO  impl.LeaderElection (LeaderElection.java:logAndReturn(56)) - a1c78c0e-869c-4f76-b4ce-2034448e0b80@group-D48B69A44692-LeaderElection229: Election REJECTED; received 2 response(s) [a1c78c0e-869c-4f76-b4ce-2034448e0b80<-51276c3c-a3b8-4274-b089-592ff4589f41#0:FAIL-t123, a1c78c0e-869c-4f76-b4ce-2034448e0b80<-64c90977-e867-487c-b50d-c226f2d34a76#0:FAIL-t123] and 0 exception(s); a1c78c0e-869c-4f76-b4ce-2034448e0b80@group-D48B69A44692:t123, leader=null, voted=a1c78c0e-869c-4f76-b4ce-2034448e0b80, raftlog=a1c78c0e-869c-4f76-b4ce-2034448e0b80@group-D48B69A44692-SegmentedRaftLog:OPENED:c-1,f-1,i0, conf=-1: [51276c3c-a3b8-4274-b089-592ff4589f41:192.168.157.213:36639, 64c90977-e867-487c-b50d-c226f2d34a76:192.168.157.213:37433, a1c78c0e-869c-4f76-b4ce-2034448e0b80:192.168.157.213:33501], old=null
2019-10-19 01:04:42,834 [a1c78c0e-869c-4f76-b4ce-2034448e0b80@group-D48B69A44692-LeaderElection229] INFO  impl.RaftServerImpl (RaftServerImpl.java:setRole(184)) - a1c78c0e-869c-4f76-b4ce-2034448e0b80@group-D48B69A44692: changes role from CANDIDATE to FOLLOWER at term 123 for DISCOVERED_A_NEW_TERM
2019-10-19 01:04:42,834 [a1c78c0e-869c-4f76-b4ce-2034448e0b80@group-D48B69A44692-LeaderElection229] INFO  impl.RoleInfo (RoleInfo.java:shutdownLeaderElection(134)) - a1c78c0e-869c-4f76-b4ce-2034448e0b80: shutdown LeaderElection
2019-10-19 01:04:42,834 [a1c78c0e-869c-4f76-b4ce-2034448e0b80@group-D48B69A44692-LeaderElection229] INFO  impl.RoleInfo (RoleInfo.java:updateAndGet(143)) - a1c78c0e-869c-4f76-b4ce-2034448e0b80: start FollowerState
2019-10-19 01:04:42,937 [Thread-1955] INFO  impl.FollowerState (FollowerState.java:run(108)) - a1c78c0e-869c-4f76-b4ce-2034448e0b80@group-D48B69A44692-FollowerState: change to CANDIDATE, lastRpcTime:102ms, electionTimeout:102ms
2019-10-19 01:04:42,937 [Thread-1955] INFO  impl.RoleInfo (RoleInfo.java:shutdownFollowerState(121)) - a1c78c0e-869c-4f76-b4ce-2034448e0b80: shutdown FollowerState
2019-10-19 01:04:42,937 [Thread-1955] INFO  impl.RaftServerImpl (RaftServerImpl.java:setRole(184)) - a1c78c0e-869c-4f76-b4ce-2034448e0b80@group-D48B69A44692: changes role from  FOLLOWER to CANDIDATE at term 123 for changeToCandidate
2019-10-19 01:04:42,937 [Thread-1955] INFO  impl.RoleInfo (RoleInfo.java:updateAndGet(143)) - a1c78c0e-869c-4f76-b4ce-2034448e0b80: start LeaderElection
2019-10-19 01:04:42,948 [a1c78c0e-869c-4f76-b4ce-2034448e0b80@group-D48B69A44692-LeaderElection230] INFO  impl.LeaderElection (LeaderElection.java:askForVotes(178)) - a1c78c0e-869c-4f76-b4ce-2034448e0b80@group-D48B69A44692-LeaderElection230: begin an election at term 124 for -1: [51276c3c-a3b8-4274-b089-592ff4589f41:192.168.157.213:36639, 64c90977-e867-487c-b50d-c226f2d34a76:192.168.157.213:37433, a1c78c0e-869c-4f76-b4ce-2034448e0b80:192.168.157.213:33501], old=null
2019-10-19 01:04:42,950 [grpc-default-executor-4] INFO  impl.RaftServerImpl (RaftServerImpl.java:setRole(184)) - 51276c3c-a3b8-4274-b089-592ff4589f41@group-D48B69A44692: changes role from  FOLLOWER to FOLLOWER at term 124 for recognizeCandidate:a1c78c0e-869c-4f76-b4ce-2034448e0b80
2019-10-19 01:04:42,950 [grpc-default-executor-4] INFO  impl.RoleInfo (RoleInfo.java:shutdownFollowerState(121)) - 51276c3c-a3b8-4274-b089-592ff4589f41: shutdown FollowerState
2019-10-19 01:04:42,950 [grpc-default-executor-7] INFO  impl.RaftServerImpl (RaftServerImpl.java:setRole(184)) - 64c90977-e867-487c-b50d-c226f2d34a76@group-D48B69A44692: changes role from  FOLLOWER to FOLLOWER at term 124 for recognizeCandidate:a1c78c0e-869c-4f76-b4ce-2034448e0b80
2019-10-19 01:04:42,951 [Thread-1953] INFO  impl.FollowerState (FollowerState.java:run(117)) - 51276c3c-a3b8-4274-b089-592ff4589f41@group-D48B69A44692-FollowerState was interrupted: java.lang.InterruptedException: sleep interrupted
2019-10-19 01:04:42,951 [grpc-default-executor-4] INFO  impl.RoleInfo (RoleInfo.java:updateAndGet(143)) - 51276c3c-a3b8-4274-b089-592ff4589f41: start FollowerState
2019-10-19 01:04:42,951 [grpc-default-executor-7] INFO  impl.RoleInfo (RoleInfo.java:shutdownFollowerState(121)) - 64c90977-e867-487c-b50d-c226f2d34a76: shutdown FollowerState
2019-10-19 01:04:42,951 [grpc-default-executor-7] INFO  impl.RoleInfo (RoleInfo.java:updateAndGet(143)) - 64c90977-e867-487c-b50d-c226f2d34a76: start FollowerState
2019-10-19 01:04:42,951 [Thread-1954] INFO  impl.FollowerState (FollowerState.java:run(117)) - 64c90977-e867-487c-b50d-c226f2d34a76@group-D48B69A44692-FollowerState was interrupted: java.lang.InterruptedException: sleep interrupted
2019-10-19 01:04:42,966 [a1c78c0e-869c-4f76-b4ce-2034448e0b80@group-D48B69A44692-LeaderElection230] INFO  impl.LeaderElection (LeaderElection.java:logAndReturn(56)) - a1c78c0e-869c-4f76-b4ce-2034448e0b80@group-D48B69A44692-LeaderElection230: Election REJECTED; received 2 response(s) [a1c78c0e-869c-4f76-b4ce-2034448e0b80<-51276c3c-a3b8-4274-b089-592ff4589f41#0:FAIL-t124, a1c78c0e-869c-4f76-b4ce-2034448e0b80<-64c90977-e867-487c-b50d-c226f2d34a76#0:FAIL-t124] and 0 exception(s); a1c78c0e-869c-4f76-b4ce-2034448e0b80@group-D48B69A44692:t124, leader=null, voted=a1c78c0e-869c-4f76-b4ce-2034448e0b80, raftlog=a1c78c0e-869c-4f76-b4ce-2034448e0b80@group-D48B69A44692-SegmentedRaftLog:OPENED:c-1,f-1,i0, conf=-1: [51276c3c-a3b8-4274-b089-592ff4589f41:192.168.157.213:36639, 64c90977-e867-487c-b50d-c226f2d34a76:192.168.157.213:37433, a1c78c0e-869c-4f76-b4ce-2034448e0b80:192.168.157.213:33501], old=null
2019-10-19 01:04:42,966 [a1c78c0e-869c-4f76-b4ce-2034448e0b80@group-D48B69A44692-LeaderElection230] INFO  impl.RaftServerImpl (RaftServerImpl.java:setRole(184)) - a1c78c0e-869c-4f76-b4ce-2034448e0b80@group-D48B69A44692: changes role from CANDIDATE to FOLLOWER at term 124 for DISCOVERED_A_NEW_TERM
2019-10-19 01:04:42,966 [a1c78c0e-869c-4f76-b4ce-2034448e0b80@group-D48B69A44692-LeaderElection230] INFO  impl.RoleInfo (RoleInfo.java:shutdownLeaderElection(134)) - a1c78c0e-869c-4f76-b4ce-2034448e0b80: shutdown LeaderElection
2019-10-19 01:04:42,966 [a1c78c0e-869c-4f76-b4ce-2034448e0b80@group-D48B69A44692-LeaderElection230] INFO  impl.RoleInfo (RoleInfo.java:updateAndGet(143)) - a1c78c0e-869c-4f76-b4ce-2034448e0b80: start FollowerState
2019-10-19 01:04:42,976 [Thread-1949] INFO  impl.FollowerState (FollowerState.java:run(108)) - a54795b0-6c9c-4137-a866-f82f653c9bf9@group-FB3B7D7D89E3-FollowerState: change to CANDIDATE, lastRpcTime:175ms, electionTimeout:175ms
2019-10-19 01:04:42,976 [Thread-1949] INFO  impl.RoleInfo (RoleInfo.java:shutdownFollowerState(121)) - a54795b0-6c9c-4137-a866-f82f653c9bf9: shutdown FollowerState
2019-10-19 01:04:42,976 [Thread-1949] INFO  impl.RaftServerImpl (RaftServerImpl.java:setRole(184)) - a54795b0-6c9c-4137-a866-f82f653c9bf9@group-FB3B7D7D89E3: changes role from  FOLLOWER to CANDIDATE at term 121 for changeToCandidate
2019-10-19 01:04:42,976 [Thread-1949] INFO  impl.RoleInfo (RoleInfo.java:updateAndGet(143)) - a54795b0-6c9c-4137-a866-f82f653c9bf9: start LeaderElection
2019-10-19 01:04:42,983 [a54795b0-6c9c-4137-a866-f82f653c9bf9@group-FB3B7D7D89E3-LeaderElection231] INFO  impl.LeaderElection (LeaderElection.java:askForVotes(178)) - a54795b0-6c9c-4137-a866-f82f653c9bf9@group-FB3B7D7D89E3-LeaderElection231: begin an election at term 122 for -1: [a54795b0-6c9c-4137-a866-f82f653c9bf9:192.168.157.213:43688, b26a8d60-58dc-431d-8168-f89a9ab35f3a:192.168.157.213:35535, 16805c57-9f45-4377-8998-764a8f26e152:192.168.157.213:33728], old=null
2019-10-19 01:04:42,984 [grpc-default-executor-7] INFO  impl.RaftServerImpl (RaftServerImpl.java:setRole(184)) - b26a8d60-58dc-431d-8168-f89a9ab35f3a@group-FB3B7D7D89E3: changes role from  FOLLOWER to FOLLOWER at term 122 for recognizeCandidate:a54795b0-6c9c-4137-a866-f82f653c9bf9
2019-10-19 01:04:42,984 [grpc-default-executor-7] INFO  impl.RoleInfo (RoleInfo.java:shutdownFollowerState(121)) - b26a8d60-58dc-431d-8168-f89a9ab35f3a: shutdown FollowerState
2019-10-19 01:04:42,984 [grpc-default-executor-4] INFO  impl.RaftServerImpl (RaftServerImpl.java:setRole(184)) - 16805c57-9f45-4377-8998-764a8f26e152@group-FB3B7D7D89E3: changes role from  FOLLOWER to FOLLOWER at term 122 for recognizeCandidate:a54795b0-6c9c-4137-a866-f82f653c9bf9
2019-10-19 01:04:42,984 [Thread-1947] INFO  impl.FollowerState (FollowerState.java:run(117)) - b26a8d60-58dc-431d-8168-f89a9ab35f3a@group-FB3B7D7D89E3-FollowerState was interrupted: java.lang.InterruptedException: sleep interrupted
2019-10-19 01:04:42,984 [grpc-default-executor-7] INFO  impl.RoleInfo (RoleInfo.java:updateAndGet(143)) - b26a8d60-58dc-431d-8168-f89a9ab35f3a: start FollowerState
2019-10-19 01:04:42,984 [grpc-default-executor-4] INFO  impl.RoleInfo (RoleInfo.java:shutdownFollowerState(121)) - 16805c57-9f45-4377-8998-764a8f26e152: shutdown FollowerState
2019-10-19 01:04:42,985 [grpc-default-executor-4] INFO  impl.RoleInfo (RoleInfo.java:updateAndGet(143)) - 16805c57-9f45-4377-8998-764a8f26e152: start FollowerState
2019-10-19 01:04:42,985 [Thread-1948] INFO  impl.FollowerState (FollowerState.java:run(117)) - 16805c57-9f45-4377-8998-764a8f26e152@group-FB3B7D7D89E3-FollowerState was interrupted: java.lang.InterruptedException: sleep interrupted
2019-10-19 01:04:43,021 [a54795b0-6c9c-4137-a866-f82f653c9bf9@group-FB3B7D7D89E3-LeaderElection231] INFO  impl.LeaderElection (LeaderElection.java:logAndReturn(56)) - a54795b0-6c9c-4137-a866-f82f653c9bf9@group-FB3B7D7D89E3-LeaderElection231: Election REJECTED; received 2 response(s) [a54795b0-6c9c-4137-a866-f82f653c9bf9<-b26a8d60-58dc-431d-8168-f89a9ab35f3a#0:FAIL-t122, a54795b0-6c9c-4137-a866-f82f653c9bf9<-16805c57-9f45-4377-8998-764a8f26e152#0:FAIL-t122] and 0 exception(s); a54795b0-6c9c-4137-a866-f82f653c9bf9@group-FB3B7D7D89E3:t122, leader=null, voted=a54795b0-6c9c-4137-a866-f82f653c9bf9, raftlog=a54795b0-6c9c-4137-a866-f82f653c9bf9@group-FB3B7D7D89E3-SegmentedRaftLog:OPENED:c-1,f-1,i0, conf=-1: [a54795b0-6c9c-4137-a866-f82f653c9bf9:192.168.157.213:43688, b26a8d60-58dc-431d-8168-f89a9ab35f3a:192.168.157.213:35535, 16805c57-9f45-4377-8998-764a8f26e152:192.168.157.213:33728], old=null
2019-10-19 01:04:43,021 [a54795b0-6c9c-4137-a866-f82f653c9bf9@group-FB3B7D7D89E3-LeaderElection231] INFO  impl.RaftServerImpl (RaftServerImpl.java:setRole(184)) - a54795b0-6c9c-4137-a866-f82f653c9bf9@group-FB3B7D7D89E3: changes role from CANDIDATE to FOLLOWER at term 122 for DISCOVERED_A_NEW_TERM
2019-10-19 01:04:43,021 [a54795b0-6c9c-4137-a866-f82f653c9bf9@group-FB3B7D7D89E3-LeaderElection231] INFO  impl.RoleInfo (RoleInfo.java:shutdownLeaderElection(134)) - a54795b0-6c9c-4137-a866-f82f653c9bf9: shutdown LeaderElection
2019-10-19 01:04:43,022 [a54795b0-6c9c-4137-a866-f82f653c9bf9@group-FB3B7D7D89E3-LeaderElection231] INFO  impl.RoleInfo (RoleInfo.java:updateAndGet(143)) - a54795b0-6c9c-4137-a866-f82f653c9bf9: start FollowerState
2019-10-19 01:04:43,049 [Thread-1961] INFO  impl.FollowerState (FollowerState.java:run(108)) - a1c78c0e-869c-4f76-b4ce-2034448e0b80@group-D48B69A44692-FollowerState: change to CANDIDATE, lastRpcTime:82ms, electionTimeout:82ms
2019-10-19 01:04:43,049 [Thread-1961] INFO  impl.RoleInfo (RoleInfo.java:shutdownFollowerState(121)) - a1c78c0e-869c-4f76-b4ce-2034448e0b80: shutdown FollowerState
2019-10-19 01:04:43,049 [Thread-1961] INFO  impl.RaftServerImpl (RaftServerImpl.java:setRole(184)) - a1c78c0e-869c-4f76-b4ce-2034448e0b80@group-D48B69A44692: changes role from  FOLLOWER to CANDIDATE at term 124 for changeToCandidate
2019-10-19 01:04:43,049 [Thread-1961] INFO  impl.RoleInfo (RoleInfo.java:updateAndGet(143)) - a1c78c0e-869c-4f76-b4ce-2034448e0b80: start LeaderElection
2019-10-19 01:04:43,063 [a1c78c0e-869c-4f76-b4ce-2034448e0b80@group-D48B69A44692-LeaderElection232] INFO  impl.LeaderElection (LeaderElection.java:askForVotes(178)) - a1c78c0e-869c-4f76-b4ce-2034448e0b80@group-D48B69A44692-LeaderElection232: begin an election at term 125 for -1: [51276c3c-a3b8-4274-b089-592ff4589f41:192.168.157.213:36639, 64c90977-e867-487c-b50d-c226f2d34a76:192.168.157.213:37433, a1c78c0e-869c-4f76-b4ce-2034448e0b80:192.168.157.213:33501], old=null
2019-10-19 01:04:43,065 [grpc-default-executor-4] INFO  impl.RaftServerImpl (RaftServerImpl.java:setRole(184)) - 51276c3c-a3b8-4274-b089-592ff4589f41@group-D48B69A44692: changes role from  FOLLOWER to FOLLOWER at term 125 for recognizeCandidate:a1c78c0e-869c-4f76-b4ce-2034448e0b80
2019-10-19 01:04:43,065 [grpc-default-executor-7] INFO  impl.RaftServerImpl (RaftServerImpl.java:setRole(184)) - 64c90977-e867-487c-b50d-c226f2d34a76@group-D48B69A44692: changes role from  FOLLOWER to FOLLOWER at term 125 for recognizeCandidate:a1c78c0e-869c-4f76-b4ce-2034448e0b80
2019-10-19 01:04:43,065 [grpc-default-executor-4] INFO  impl.RoleInfo (RoleInfo.java:shutdownFollowerState(121)) - 51276c3c-a3b8-4274-b089-592ff4589f41: shutdown FollowerState
2019-10-19 01:04:43,065 [grpc-default-executor-7] INFO  impl.RoleInfo (RoleInfo.java:shutdownFollowerState(121)) - 64c90977-e867-487c-b50d-c226f2d34a76: shutdown FollowerState
2019-10-19 01:04:43,065 [Thread-1959] INFO  impl.FollowerState (FollowerState.java:run(117)) - 51276c3c-a3b8-4274-b089-592ff4589f41@group-D48B69A44692-FollowerState was interrupted: java.lang.InterruptedException: sleep interrupted
2019-10-19 01:04:43,065 [grpc-default-executor-4] INFO  impl.RoleInfo (RoleInfo.java:updateAndGet(143)) - 51276c3c-a3b8-4274-b089-592ff4589f41: start FollowerState
2019-10-19 01:04:43,065 [Thread-1960] INFO  impl.FollowerState (FollowerState.java:run(117)) - 64c90977-e867-487c-b50d-c226f2d34a76@group-D48B69A44692-FollowerState was interrupted: java.lang.InterruptedException: sleep interrupted
2019-10-19 01:04:43,065 [grpc-default-executor-7] INFO  impl.RoleInfo (RoleInfo.java:updateAndGet(143)) - 64c90977-e867-487c-b50d-c226f2d34a76: start FollowerState
2019-10-19 01:04:43,080 [a1c78c0e-869c-4f76-b4ce-2034448e0b80@group-D48B69A44692-LeaderElection232] INFO  impl.LeaderElection (LeaderElection.java:logAndReturn(56)) - a1c78c0e-869c-4f76-b4ce-2034448e0b80@group-D48B69A44692-LeaderElection232: Election REJECTED; received 2 response(s) [a1c78c0e-869c-4f76-b4ce-2034448e0b80<-51276c3c-a3b8-4274-b089-592ff4589f41#0:FAIL-t125, a1c78c0e-869c-4f76-b4ce-2034448e0b80<-64c90977-e867-487c-b50d-c226f2d34a76#0:FAIL-t125] and 0 exception(s); a1c78c0e-869c-4f76-b4ce-2034448e0b80@group-D48B69A44692:t125, leader=null, voted=a1c78c0e-869c-4f76-b4ce-2034448e0b80, raftlog=a1c78c0e-869c-4f76-b4ce-2034448e0b80@group-D48B69A44692-SegmentedRaftLog:OPENED:c-1,f-1,i0, conf=-1: [51276c3c-a3b8-4274-b089-592ff4589f41:192.168.157.213:36639, 64c90977-e867-487c-b50d-c226f2d34a76:192.168.157.213:37433, a1c78c0e-869c-4f76-b4ce-2034448e0b80:192.168.157.213:33501], old=null
2019-10-19 01:04:43,080 [a1c78c0e-869c-4f76-b4ce-2034448e0b80@group-D48B69A44692-LeaderElection232] INFO  impl.RaftServerImpl (RaftServerImpl.java:setRole(184)) - a1c78c0e-869c-4f76-b4ce-2034448e0b80@group-D48B69A44692: changes role from CANDIDATE to FOLLOWER at term 125 for DISCOVERED_A_NEW_TERM
2019-10-19 01:04:43,080 [a1c78c0e-869c-4f76-b4ce-2034448e0b80@group-D48B69A44692-LeaderElection232] INFO  impl.RoleInfo (RoleInfo.java:shutdownLeaderElection(134)) - a1c78c0e-869c-4f76-b4ce-2034448e0b80: shutdown LeaderElection
2019-10-19 01:04:43,080 [a1c78c0e-869c-4f76-b4ce-2034448e0b80@group-D48B69A44692-LeaderElection232] INFO  impl.RoleInfo (RoleInfo.java:updateAndGet(143)) - a1c78c0e-869c-4f76-b4ce-2034448e0b80: start FollowerState
2019-10-19 01:04:43,192 [Thread-1967] INFO  impl.FollowerState (FollowerState.java:run(108)) - a54795b0-6c9c-4137-a866-f82f653c9bf9@group-FB3B7D7D89E3-FollowerState: change to CANDIDATE, lastRpcTime:170ms, electionTimeout:170ms
2019-10-19 01:04:43,192 [Thread-1967] INFO  impl.RoleInfo (RoleInfo.java:shutdownFollowerState(121)) - a54795b0-6c9c-4137-a866-f82f653c9bf9: shutdown FollowerState
2019-10-19 01:04:43,192 [Thread-1967] INFO  impl.RaftServerImpl (RaftServerImpl.java:setRole(184)) - a54795b0-6c9c-4137-a866-f82f653c9bf9@group-FB3B7D7D89E3: changes role from  FOLLOWER to CANDIDATE at term 122 for changeToCandidate
2019-10-19 01:04:43,193 [Thread-1967] INFO  impl.RoleInfo (RoleInfo.java:updateAndGet(143)) - a54795b0-6c9c-4137-a866-f82f653c9bf9: start LeaderElection
2019-10-19 01:04:43,207 [a54795b0-6c9c-4137-a866-f82f653c9bf9@group-FB3B7D7D89E3-LeaderElection233] INFO  impl.LeaderElection (LeaderElection.java:askForVotes(178)) - a54795b0-6c9c-4137-a866-f82f653c9bf9@group-FB3B7D7D89E3-LeaderElection233: begin an election at term 123 for -1: [a54795b0-6c9c-4137-a866-f82f653c9bf9:192.168.157.213:43688, b26a8d60-58dc-431d-8168-f89a9ab35f3a:192.168.157.213:35535, 16805c57-9f45-4377-8998-764a8f26e152:192.168.157.213:33728], old=null
2019-10-19 01:04:43,219 [grpc-default-executor-4] INFO  impl.RaftServerImpl (RaftServerImpl.java:setRole(184)) - b26a8d60-58dc-431d-8168-f89a9ab35f3a@group-FB3B7D7D89E3: changes role from  FOLLOWER to FOLLOWER at term 123 for recognizeCandidate:a54795b0-6c9c-4137-a866-f82f653c9bf9
2019-10-19 01:04:43,221 [grpc-default-executor-4] INFO  impl.RoleInfo (RoleInfo.java:shutdownFollowerState(121)) - b26a8d60-58dc-431d-8168-f89a9ab35f3a: shutdown FollowerState
2019-10-19 01:04:43,221 [grpc-default-executor-4] INFO  impl.RoleInfo (RoleInfo.java:updateAndGet(143)) - b26a8d60-58dc-431d-8168-f89a9ab35f3a: start FollowerState
2019-10-19 01:04:43,221 [Thread-1965] INFO  impl.FollowerState (FollowerState.java:run(117)) - b26a8d60-58dc-431d-8168-f89a9ab35f3a@group-FB3B7D7D89E3-FollowerState was interrupted: java.lang.InterruptedException: sleep interrupted
2019-10-19 01:04:43,221 [grpc-default-executor-7] INFO  impl.RaftServerImpl (RaftServerImpl.java:setRole(184)) - 16805c57-9f45-4377-8998-764a8f26e152@group-FB3B7D7D89E3: changes role from  FOLLOWER to FOLLOWER at term 123 for recognizeCandidate:a54795b0-6c9c-4137-a866-f82f653c9bf9
2019-10-19 01:04:43,221 [grpc-default-executor-7] INFO  impl.RoleInfo (RoleInfo.java:shutdownFollowerState(121)) - 16805c57-9f45-4377-8998-764a8f26e152: shutdown FollowerState
2019-10-19 01:04:43,221 [grpc-default-executor-7] INFO  impl.RoleInfo (RoleInfo.java:updateAndGet(143)) - 16805c57-9f45-4377-8998-764a8f26e152: start FollowerState
2019-10-19 01:04:43,221 [Thread-1966] INFO  impl.FollowerState (FollowerState.java:run(117)) - 16805c57-9f45-4377-8998-764a8f26e152@group-FB3B7D7D89E3-FollowerState was interrupted: java.lang.InterruptedException: sleep interrupted
2019-10-19 01:04:43,235 [Thread-1973] INFO  impl.FollowerState (FollowerState.java:run(108)) - a1c78c0e-869c-4f76-b4ce-2034448e0b80@group-D48B69A44692-FollowerState: change to CANDIDATE, lastRpcTime:154ms, electionTimeout:154ms
2019-10-19 01:04:43,235 [Thread-1973] INFO  impl.RoleInfo (RoleInfo.java:shutdownFollowerState(121)) - a1c78c0e-869c-4f76-b4ce-2034448e0b80: shutdown FollowerState
2019-10-19 01:04:43,235 [Thread-1973] INFO  impl.RaftServerImpl (RaftServerImpl.java:setRole(184)) - a1c78c0e-869c-4f76-b4ce-2034448e0b80@group-D48B69A44692: changes role from  FOLLOWER to CANDIDATE at term 125 for changeToCandidate
2019-10-19 01:04:43,235 [Thread-1973] INFO  impl.RoleInfo (RoleInfo.java:updateAndGet(143)) - a1c78c0e-869c-4f76-b4ce-2034448e0b80: start LeaderElection
2019-10-19 01:04:43,235 [a54795b0-6c9c-4137-a866-f82f653c9bf9@group-FB3B7D7D89E3-LeaderElection233] INFO  impl.LeaderElection (LeaderElection.java:logAndReturn(56)) - a54795b0-6c9c-4137-a866-f82f653c9bf9@group-FB3B7D7D89E3-LeaderElection233: Election REJECTED; received 2 response(s) [a54795b0-6c9c-4137-a866-f82f653c9bf9<-b26a8d60-58dc-431d-8168-f89a9ab35f3a#0:FAIL-t123, a54795b0-6c9c-4137-a866-f82f653c9bf9<-16805c57-9f45-4377-8998-764a8f26e152#0:FAIL-t123] and 0 exception(s); a54795b0-6c9c-4137-a866-f82f653c9bf9@group-FB3B7D7D89E3:t123, leader=null, voted=a54795b0-6c9c-4137-a866-f82f653c9bf9, raftlog=a54795b0-6c9c-4137-a866-f82f653c9bf9@group-FB3B7D7D89E3-SegmentedRaftLog:OPENED:c-1,f-1,i0, conf=-1: [a54795b0-6c9c-4137-a866-f82f653c9bf9:192.168.157.213:43688, b26a8d60-58dc-431d-8168-f89a9ab35f3a:192.168.157.213:35535, 16805c57-9f45-4377-8998-764a8f26e152:192.168.157.213:33728], old=null
2019-10-19 01:04:43,235 [a54795b0-6c9c-4137-a866-f82f653c9bf9@group-FB3B7D7D89E3-LeaderElection233] INFO  impl.RaftServerImpl (RaftServerImpl.java:setRole(184)) - a54795b0-6c9c-4137-a866-f82f653c9bf9@group-FB3B7D7D89E3: changes role from CANDIDATE to FOLLOWER at term 123 for DISCOVERED_A_NEW_TERM
2019-10-19 01:04:43,235 [a54795b0-6c9c-4137-a866-f82f653c9bf9@group-FB3B7D7D89E3-LeaderElection233] INFO  impl.RoleInfo (RoleInfo.java:shutdownLeaderElection(134)) - a54795b0-6c9c-4137-a866-f82f653c9bf9: shutdown LeaderElection
2019-10-19 01:04:43,236 [a54795b0-6c9c-4137-a866-f82f653c9bf9@group-FB3B7D7D89E3-LeaderElection233] INFO  impl.RoleInfo (RoleInfo.java:updateAndGet(143)) - a54795b0-6c9c-4137-a866-f82f653c9bf9: start FollowerState
2019-10-19 01:04:43,254 [a1c78c0e-869c-4f76-b4ce-2034448e0b80@group-D48B69A44692-LeaderElection234] INFO  impl.LeaderElection (LeaderElection.java:askForVotes(178)) - a1c78c0e-869c-4f76-b4ce-2034448e0b80@group-D48B69A44692-LeaderElection234: begin an election at term 126 for -1: [51276c3c-a3b8-4274-b089-592ff4589f41:192.168.157.213:36639, 64c90977-e867-487c-b50d-c226f2d34a76:192.168.157.213:37433, a1c78c0e-869c-4f76-b4ce-2034448e0b80:192.168.157.213:33501], old=null
2019-10-19 01:04:43,256 [grpc-default-executor-4] INFO  impl.RaftServerImpl (RaftServerImpl.java:setRole(184)) - 64c90977-e867-487c-b50d-c226f2d34a76@group-D48B69A44692: changes role from  FOLLOWER to FOLLOWER at term 126 for recognizeCandidate:a1c78c0e-869c-4f76-b4ce-2034448e0b80
2019-10-19 01:04:43,256 [grpc-default-executor-7] INFO  impl.RaftServerImpl (RaftServerImpl.java:setRole(184)) - 51276c3c-a3b8-4274-b089-592ff4589f41@group-D48B69A44692: changes role from  FOLLOWER to FOLLOWER at term 126 for recognizeCandidate:a1c78c0e-869c-4f76-b4ce-2034448e0b80
2019-10-19 01:04:43,256 [grpc-default-executor-4] INFO  impl.RoleInfo (RoleInfo.java:shutdownFollowerState(121)) - 64c90977-e867-487c-b50d-c226f2d34a76: shutdown FollowerState
2019-10-19 01:04:43,257 [grpc-default-executor-7] INFO  impl.RoleInfo (RoleInfo.java:shutdownFollowerState(121)) - 51276c3c-a3b8-4274-b089-592ff4589f41: shutdown FollowerState
2019-10-19 01:04:43,257 [Thread-1972] INFO  impl.FollowerState (FollowerState.java:run(117)) - 64c90977-e867-487c-b50d-c226f2d34a76@group-D48B69A44692-FollowerState was interrupted: java.lang.InterruptedException: sleep interrupted
2019-10-19 01:04:43,257 [grpc-default-executor-4] INFO  impl.RoleInfo (RoleInfo.java:updateAndGet(143)) - 64c90977-e867-487c-b50d-c226f2d34a76: start FollowerState
2019-10-19 01:04:43,257 [Thread-1971] INFO  impl.FollowerState (FollowerState.java:run(117)) - 51276c3c-a3b8-4274-b089-592ff4589f41@group-D48B69A44692-FollowerState was interrupted: java.lang.InterruptedException: sleep interrupted
2019-10-19 01:04:43,257 [grpc-default-executor-7] INFO  impl.RoleInfo (RoleInfo.java:updateAndGet(143)) - 51276c3c-a3b8-4274-b089-592ff4589f41: start FollowerState
2019-10-19 01:04:43,271 [a1c78c0e-869c-4f76-b4ce-2034448e0b80@group-D48B69A44692-LeaderElection234] INFO  impl.LeaderElection (LeaderElection.java:logAndReturn(56)) - a1c78c0e-869c-4f76-b4ce-2034448e0b80@group-D48B69A44692-LeaderElection234: Election REJECTED; received 2 response(s) [a1c78c0e-869c-4f76-b4ce-2034448e0b80<-51276c3c-a3b8-4274-b089-592ff4589f41#0:FAIL-t126, a1c78c0e-869c-4f76-b4ce-2034448e0b80<-64c90977-e867-487c-b50d-c226f2d34a76#0:FAIL-t126] and 0 exception(s); a1c78c0e-869c-4f76-b4ce-2034448e0b80@group-D48B69A44692:t126, leader=null, voted=a1c78c0e-869c-4f76-b4ce-2034448e0b80, raftlog=a1c78c0e-869c-4f76-b4ce-2034448e0b80@group-D48B69A44692-SegmentedRaftLog:OPENED:c-1,f-1,i0, conf=-1: [51276c3c-a3b8-4274-b089-592ff4589f41:192.168.157.213:36639, 64c90977-e867-487c-b50d-c226f2d34a76:192.168.157.213:37433, a1c78c0e-869c-4f76-b4ce-2034448e0b80:192.168.157.213:33501], old=null
2019-10-19 01:04:43,271 [a1c78c0e-869c-4f76-b4ce-2034448e0b80@group-D48B69A44692-LeaderElection234] INFO  impl.RaftServerImpl (RaftServerImpl.java:setRole(184)) - a1c78c0e-869c-4f76-b4ce-2034448e0b80@group-D48B69A44692: changes role from CANDIDATE to FOLLOWER at term 126 for DISCOVERED_A_NEW_TERM
2019-10-19 01:04:43,271 [a1c78c0e-869c-4f76-b4ce-2034448e0b80@group-D48B69A44692-LeaderElection234] INFO  impl.RoleInfo (RoleInfo.java:shutdownLeaderElection(134)) - a1c78c0e-869c-4f76-b4ce-2034448e0b80: shutdown LeaderElection
2019-10-19 01:04:43,271 [a1c78c0e-869c-4f76-b4ce-2034448e0b80@group-D48B69A44692-LeaderElection234] INFO  impl.RoleInfo (RoleInfo.java:updateAndGet(143)) - a1c78c0e-869c-4f76-b4ce-2034448e0b80: start FollowerState
2019-10-19 01:04:43,349 [Thread-1987] INFO  impl.FollowerState (FollowerState.java:run(108)) - a1c78c0e-869c-4f76-b4ce-2034448e0b80@group-D48B69A44692-FollowerState: change to CANDIDATE, lastRpcTime:78ms, electionTimeout:78ms
2019-10-19 01:04:43,350 [Thread-1987] INFO  impl.RoleInfo (RoleInfo.java:shutdownFollowerState(121)) - a1c78c0e-869c-4f76-b4ce-2034448e0b80: shutdown FollowerState
2019-10-19 01:04:43,350 [Thread-1987] INFO  impl.RaftServerImpl (RaftServerImpl.java:setRole(184)) - a1c78c0e-869c-4f76-b4ce-2034448e0b80@group-D48B69A44692: changes role from  FOLLOWER to CANDIDATE at term 126 for changeToCandidate
2019-10-19 01:04:43,350 [Thread-1987] INFO  impl.RoleInfo (RoleInfo.java:updateAndGet(143)) - a1c78c0e-869c-4f76-b4ce-2034448e0b80: start LeaderElection
2019-10-19 01:04:43,364 [a1c78c0e-869c-4f76-b4ce-2034448e0b80@group-D48B69A44692-LeaderElection235] INFO  impl.LeaderElection (LeaderElection.java:askForVotes(178)) - a1c78c0e-869c-4f76-b4ce-2034448e0b80@group-D48B69A44692-LeaderElection235: begin an election at term 127 for -1: [51276c3c-a3b8-4274-b089-592ff4589f41:192.168.157.213:36639, 64c90977-e867-487c-b50d-c226f2d34a76:192.168.157.213:37433, a1c78c0e-869c-4f76-b4ce-2034448e0b80:192.168.157.213:33501], old=null
2019-10-19 01:04:43,366 [grpc-default-executor-7] INFO  impl.RaftServerImpl (RaftServerImpl.java:setRole(184)) - 51276c3c-a3b8-4274-b089-592ff4589f41@group-D48B69A44692: changes role from  FOLLOWER to FOLLOWER at term 127 for recognizeCandidate:a1c78c0e-869c-4f76-b4ce-2034448e0b80
2019-10-19 01:04:43,366 [grpc-default-executor-4] INFO  impl.RaftServerImpl (RaftServerImpl.java:setRole(184)) - 64c90977-e867-487c-b50d-c226f2d34a76@group-D48B69A44692: changes role from  FOLLOWER to FOLLOWER at term 127 for recognizeCandidate:a1c78c0e-869c-4f76-b4ce-2034448e0b80
2019-10-19 01:04:43,366 [grpc-default-executor-7] INFO  impl.RoleInfo (RoleInfo.java:shutdownFollowerState(121)) - 51276c3c-a3b8-4274-b089-592ff4589f41: shutdown FollowerState
2019-10-19 01:04:43,366 [grpc-default-executor-4] INFO  impl.RoleInfo (RoleInfo.java:shutdownFollowerState(121)) - 64c90977-e867-487c-b50d-c226f2d34a76: shutdown FollowerState
2019-10-19 01:04:43,367 [Thread-1984] INFO  impl.FollowerState (FollowerState.java:run(117)) - 51276c3c-a3b8-4274-b089-592ff4589f41@group-D48B69A44692-FollowerState was interrupted: java.lang.InterruptedException: sleep interrupted
2019-10-19 01:04:43,367 [Thread-1983] INFO  impl.FollowerState (FollowerState.java:run(117)) - 64c90977-e867-487c-b50d-c226f2d34a76@group-D48B69A44692-FollowerState was interrupted: java.lang.InterruptedException: sleep interrupted
2019-10-19 01:04:43,367 [grpc-default-executor-7] INFO  impl.RoleInfo (RoleInfo.java:updateAndGet(143)) - 51276c3c-a3b8-4274-b089-592ff4589f41: start FollowerState
2019-10-19 01:04:43,367 [grpc-default-executor-4] INFO  impl.RoleInfo (RoleInfo.java:updateAndGet(143)) - 64c90977-e867-487c-b50d-c226f2d34a76: start FollowerState
2019-10-19 01:04:43,382 [a1c78c0e-869c-4f76-b4ce-2034448e0b80@group-D48B69A44692-LeaderElection235] INFO  impl.LeaderElection (LeaderElection.java:logAndReturn(56)) - a1c78c0e-869c-4f76-b4ce-2034448e0b80@group-D48B69A44692-LeaderElection235: Election REJECTED; received 2 response(s) [a1c78c0e-869c-4f76-b4ce-2034448e0b80<-51276c3c-a3b8-4274-b089-592ff4589f41#0:FAIL-t127, a1c78c0e-869c-4f76-b4ce-2034448e0b80<-64c90977-e867-487c-b50d-c226f2d34a76#0:FAIL-t127] and 0 exception(s); a1c78c0e-869c-4f76-b4ce-2034448e0b80@group-D48B69A44692:t127, leader=null, voted=a1c78c0e-869c-4f76-b4ce-2034448e0b80, raftlog=a1c78c0e-869c-4f76-b4ce-2034448e0b80@group-D48B69A44692-SegmentedRaftLog:OPENED:c-1,f-1,i0, conf=-1: [51276c3c-a3b8-4274-b089-592ff4589f41:192.168.157.213:36639, 64c90977-e867-487c-b50d-c226f2d34a76:192.168.157.213:37433, a1c78c0e-869c-4f76-b4ce-2034448e0b80:192.168.157.213:33501], old=null
2019-10-19 01:04:43,382 [a1c78c0e-869c-4f76-b4ce-2034448e0b80@group-D48B69A44692-LeaderElection235] INFO  impl.RaftServerImpl (RaftServerImpl.java:setRole(184)) - a1c78c0e-869c-4f76-b4ce-2034448e0b80@group-D48B69A44692: changes role from CANDIDATE to FOLLOWER at term 127 for DISCOVERED_A_NEW_TERM
2019-10-19 01:04:43,382 [a1c78c0e-869c-4f76-b4ce-2034448e0b80@group-D48B69A44692-LeaderElection235] INFO  impl.RoleInfo (RoleInfo.java:shutdownLeaderElection(134)) - a1c78c0e-869c-4f76-b4ce-2034448e0b80: shutdown LeaderElection
2019-10-19 01:04:43,382 [a1c78c0e-869c-4f76-b4ce-2034448e0b80@group-D48B69A44692-LeaderElection235] INFO  impl.RoleInfo (RoleInfo.java:updateAndGet(143)) - a1c78c0e-869c-4f76-b4ce-2034448e0b80: start FollowerState
2019-10-19 01:04:43,393 [Thread-1980] INFO  impl.FollowerState (FollowerState.java:run(108)) - a54795b0-6c9c-4137-a866-f82f653c9bf9@group-FB3B7D7D89E3-FollowerState: change to CANDIDATE, lastRpcTime:157ms, electionTimeout:157ms
2019-10-19 01:04:43,393 [Thread-1980] INFO  impl.RoleInfo (RoleInfo.java:shutdownFollowerState(121)) - a54795b0-6c9c-4137-a866-f82f653c9bf9: shutdown FollowerState
2019-10-19 01:04:43,393 [Thread-1980] INFO  impl.RaftServerImpl (RaftServerImpl.java:setRole(184)) - a54795b0-6c9c-4137-a866-f82f653c9bf9@group-FB3B7D7D89E3: changes role from  FOLLOWER to CANDIDATE at term 123 for changeToCandidate
2019-10-19 01:04:43,393 [Thread-1980] INFO  impl.RoleInfo (RoleInfo.java:updateAndGet(143)) - a54795b0-6c9c-4137-a866-f82f653c9bf9: start LeaderElection
2019-10-19 01:04:43,398 [a54795b0-6c9c-4137-a866-f82f653c9bf9@group-FB3B7D7D89E3-LeaderElection236] INFO  impl.LeaderElection (LeaderElection.java:askForVotes(178)) - a54795b0-6c9c-4137-a866-f82f653c9bf9@group-FB3B7D7D89E3-LeaderElection236: begin an election at term 124 for -1: [a54795b0-6c9c-4137-a866-f82f653c9bf9:192.168.157.213:43688, b26a8d60-58dc-431d-8168-f89a9ab35f3a:192.168.157.213:35535, 16805c57-9f45-4377-8998-764a8f26e152:192.168.157.213:33728], old=null
2019-10-19 01:04:43,399 [grpc-default-executor-7] INFO  impl.RaftServerImpl (RaftServerImpl.java:setRole(184)) - 16805c57-9f45-4377-8998-764a8f26e152@group-FB3B7D7D89E3: changes role from  FOLLOWER to FOLLOWER at term 124 for recognizeCandidate:a54795b0-6c9c-4137-a866-f82f653c9bf9
2019-10-19 01:04:43,399 [grpc-default-executor-4] INFO  impl.RaftServerImpl (RaftServerImpl.java:setRole(184)) - b26a8d60-58dc-431d-8168-f89a9ab35f3a@group-FB3B7D7D89E3: changes role from  FOLLOWER to FOLLOWER at term 124 for recognizeCandidate:a54795b0-6c9c-4137-a866-f82f653c9bf9
2019-10-19 01:04:43,399 [grpc-default-executor-7] INFO  impl.RoleInfo (RoleInfo.java:shutdownFollowerState(121)) - 16805c57-9f45-4377-8998-764a8f26e152: shutdown FollowerState
2019-10-19 01:04:43,399 [grpc-default-executor-4] INFO  impl.RoleInfo (RoleInfo.java:shutdownFollowerState(121)) - b26a8d60-58dc-431d-8168-f89a9ab35f3a: shutdown FollowerState
2019-10-19 01:04:43,400 [Thread-1978] INFO  impl.FollowerState (FollowerState.java:run(117)) - 16805c57-9f45-4377-8998-764a8f26e152@group-FB3B7D7D89E3-FollowerState was interrupted: java.lang.InterruptedException: sleep interrupted
2019-10-19 01:04:43,400 [grpc-default-executor-7] INFO  impl.RoleInfo (RoleInfo.java:updateAndGet(143)) - 16805c57-9f45-4377-8998-764a8f26e152: start FollowerState
2019-10-19 01:04:43,400 [Thread-1977] INFO  impl.FollowerState (FollowerState.java:run(117)) - b26a8d60-58dc-431d-8168-f89a9ab35f3a@group-FB3B7D7D89E3-FollowerState was interrupted: java.lang.InterruptedException: sleep interrupted
2019-10-19 01:04:43,400 [grpc-default-executor-4] INFO  impl.RoleInfo (RoleInfo.java:updateAndGet(143)) - b26a8d60-58dc-431d-8168-f89a9ab35f3a: start FollowerState
2019-10-19 01:04:43,414 [a54795b0-6c9c-4137-a866-f82f653c9bf9@group-FB3B7D7D89E3-LeaderElection236] INFO  impl.LeaderElection (LeaderElection.java:logAndReturn(56)) - a54795b0-6c9c-4137-a866-f82f653c9bf9@group-FB3B7D7D89E3-LeaderElection236: Election REJECTED; received 2 response(s) [a54795b0-6c9c-4137-a866-f82f653c9bf9<-b26a8d60-58dc-431d-8168-f89a9ab35f3a#0:FAIL-t124, a54795b0-6c9c-4137-a866-f82f653c9bf9<-16805c57-9f45-4377-8998-764a8f26e152#0:FAIL-t124] and 0 exception(s); a54795b0-6c9c-4137-a866-f82f653c9bf9@group-FB3B7D7D89E3:t124, leader=null, voted=a54795b0-6c9c-4137-a866-f82f653c9bf9, raftlog=a54795b0-6c9c-4137-a866-f82f653c9bf9@group-FB3B7D7D89E3-SegmentedRaftLog:OPENED:c-1,f-1,i0, conf=-1: [a54795b0-6c9c-4137-a866-f82f653c9bf9:192.168.157.213:43688, b26a8d60-58dc-431d-8168-f89a9ab35f3a:192.168.157.213:35535, 16805c57-9f45-4377-8998-764a8f26e152:192.168.157.213:33728], old=null
2019-10-19 01:04:43,414 [a54795b0-6c9c-4137-a866-f82f653c9bf9@group-FB3B7D7D89E3-LeaderElection236] INFO  impl.RaftServerImpl (RaftServerImpl.java:setRole(184)) - a54795b0-6c9c-4137-a866-f82f653c9bf9@group-FB3B7D7D89E3: changes role from CANDIDATE to FOLLOWER at term 124 for DISCOVERED_A_NEW_TERM
2019-10-19 01:04:43,414 [a54795b0-6c9c-4137-a866-f82f653c9bf9@group-FB3B7D7D89E3-LeaderElection236] INFO  impl.RoleInfo (RoleInfo.java:shutdownLeaderElection(134)) - a54795b0-6c9c-4137-a866-f82f653c9bf9: shutdown LeaderElection
2019-10-19 01:04:43,414 [a54795b0-6c9c-4137-a866-f82f653c9bf9@group-FB3B7D7D89E3-LeaderElection236] INFO  impl.RoleInfo (RoleInfo.java:updateAndGet(143)) - a54795b0-6c9c-4137-a866-f82f653c9bf9: start FollowerState
2019-10-19 01:04:43,508 [Thread-1993] INFO  impl.FollowerState (FollowerState.java:run(108)) - a1c78c0e-869c-4f76-b4ce-2034448e0b80@group-D48B69A44692-FollowerState: change to CANDIDATE, lastRpcTime:126ms, electionTimeout:126ms
2019-10-19 01:04:43,509 [Thread-1993] INFO  impl.RoleInfo (RoleInfo.java:shutdownFollowerState(121)) - a1c78c0e-869c-4f76-b4ce-2034448e0b80: shutdown FollowerState
2019-10-19 01:04:43,509 [Thread-1993] INFO  impl.RaftServerImpl (RaftServerImpl.java:setRole(184)) - a1c78c0e-869c-4f76-b4ce-2034448e0b80@group-D48B69A44692: changes role from  FOLLOWER to CANDIDATE at term 127 for changeToCandidate
2019-10-19 01:04:43,509 [Thread-1993] INFO  impl.RoleInfo (RoleInfo.java:updateAndGet(143)) - a1c78c0e-869c-4f76-b4ce-2034448e0b80: start LeaderElection
2019-10-19 01:04:43,556 [Thread-1999] INFO  impl.FollowerState (FollowerState.java:run(108)) - a54795b0-6c9c-4137-a866-f82f653c9bf9@group-FB3B7D7D89E3-FollowerState: change to CANDIDATE, lastRpcTime:142ms, electionTimeout:142ms
2019-10-19 01:04:43,557 [Thread-1999] INFO  impl.RoleInfo (RoleInfo.java:shutdownFollowerState(121)) - a54795b0-6c9c-4137-a866-f82f653c9bf9: shutdown FollowerState
2019-10-19 01:04:43,557 [Thread-1999] INFO  impl.RaftServerImpl (RaftServerImpl.java:setRole(184)) - a54795b0-6c9c-4137-a866-f82f653c9bf9@group-FB3B7D7D89E3: changes role from  FOLLOWER to CANDIDATE at term 124 for changeToCandidate
2019-10-19 01:04:43,557 [Thread-1999] INFO  impl.RoleInfo (RoleInfo.java:updateAndGet(143)) - a54795b0-6c9c-4137-a866-f82f653c9bf9: start LeaderElection
2019-10-19 01:04:43,574 [a1c78c0e-869c-4f76-b4ce-2034448e0b80@group-D48B69A44692-LeaderElection237] INFO  impl.LeaderElection (LeaderElection.java:askForVotes(178)) - a1c78c0e-869c-4f76-b4ce-2034448e0b80@group-D48B69A44692-LeaderElection237: begin an election at term 128 for -1: [51276c3c-a3b8-4274-b089-592ff4589f41:192.168.157.213:36639, 64c90977-e867-487c-b50d-c226f2d34a76:192.168.157.213:37433, a1c78c0e-869c-4f76-b4ce-2034448e0b80:192.168.157.213:33501], old=null
2019-10-19 01:04:43,576 [grpc-default-executor-7] INFO  impl.RaftServerImpl (RaftServerImpl.java:setRole(184)) - 64c90977-e867-487c-b50d-c226f2d34a76@group-D48B69A44692: changes role from  FOLLOWER to FOLLOWER at term 128 for recognizeCandidate:a1c78c0e-869c-4f76-b4ce-2034448e0b80
2019-10-19 01:04:43,576 [grpc-default-executor-4] INFO  impl.RaftServerImpl (RaftServerImpl.java:setRole(184)) - 51276c3c-a3b8-4274-b089-592ff4589f41@group-D48B69A44692: changes role from  FOLLOWER to FOLLOWER at term 128 for recognizeCandidate:a1c78c0e-869c-4f76-b4ce-2034448e0b80
2019-10-19 01:04:43,576 [grpc-default-executor-7] INFO  impl.RoleInfo (RoleInfo.java:shutdownFollowerState(121)) - 64c90977-e867-487c-b50d-c226f2d34a76: shutdown FollowerState
2019-10-19 01:04:43,576 [grpc-default-executor-4] INFO  impl.RoleInfo (RoleInfo.java:shutdownFollowerState(121)) - 51276c3c-a3b8-4274-b089-592ff4589f41: shutdown FollowerState
2019-10-19 01:04:43,576 [Thread-1992] INFO  impl.FollowerState (FollowerState.java:run(117)) - 64c90977-e867-487c-b50d-c226f2d34a76@group-D48B69A44692-FollowerState was interrupted: java.lang.InterruptedException: sleep interrupted
2019-10-19 01:04:43,576 [grpc-default-executor-7] INFO  impl.RoleInfo (RoleInfo.java:updateAndGet(143)) - 64c90977-e867-487c-b50d-c226f2d34a76: start FollowerState
2019-10-19 01:04:43,576 [Thread-1991] INFO  impl.FollowerState (FollowerState.java:run(117)) - 51276c3c-a3b8-4274-b089-592ff4589f41@group-D48B69A44692-FollowerState was interrupted: java.lang.InterruptedException: sleep interrupted
2019-10-19 01:04:43,576 [grpc-default-executor-4] INFO  impl.RoleInfo (RoleInfo.java:updateAndGet(143)) - 51276c3c-a3b8-4274-b089-592ff4589f41: start FollowerState
2019-10-19 01:04:43,771 [a1c78c0e-869c-4f76-b4ce-2034448e0b80@group-D48B69A44692-LeaderElection237] INFO  impl.LeaderElection (LeaderElection.java:logAndReturn(56)) - a1c78c0e-869c-4f76-b4ce-2034448e0b80@group-D48B69A44692-LeaderElection237: Election TIMEOUT; received 0 response(s) [] and 0 exception(s); a1c78c0e-869c-4f76-b4ce-2034448e0b80@group-D48B69A44692:t128, leader=null, voted=a1c78c0e-869c-4f76-b4ce-2034448e0b80, raftlog=a1c78c0e-869c-4f76-b4ce-2034448e0b80@group-D48B69A44692-SegmentedRaftLog:OPENED:c-1,f-1,i0, conf=-1: [51276c3c-a3b8-4274-b089-592ff4589f41:192.168.157.213:36639, 64c90977-e867-487c-b50d-c226f2d34a76:192.168.157.213:37433, a1c78c0e-869c-4f76-b4ce-2034448e0b80:192.168.157.213:33501], old=null
2019-10-19 01:04:43,775 [a54795b0-6c9c-4137-a866-f82f653c9bf9@group-FB3B7D7D89E3-LeaderElection238] INFO  impl.LeaderElection (LeaderElection.java:askForVotes(178)) - a54795b0-6c9c-4137-a866-f82f653c9bf9@group-FB3B7D7D89E3-LeaderElection238: begin an election at term 125 for -1: [a54795b0-6c9c-4137-a866-f82f653c9bf9:192.168.157.213:43688, b26a8d60-58dc-431d-8168-f89a9ab35f3a:192.168.157.213:35535, 16805c57-9f45-4377-8998-764a8f26e152:192.168.157.213:33728], old=null
2019-10-19 01:04:43,776 [a1c78c0e-869c-4f76-b4ce-2034448e0b80@group-D48B69A44692-LeaderElection237] INFO  impl.LeaderElection (LeaderElection.java:askForVotes(178)) - a1c78c0e-869c-4f76-b4ce-2034448e0b80@group-D48B69A44692-LeaderElection237: begin an election at term 129 for -1: [51276c3c-a3b8-4274-b089-592ff4589f41:192.168.157.213:36639, 64c90977-e867-487c-b50d-c226f2d34a76:192.168.157.213:37433, a1c78c0e-869c-4f76-b4ce-2034448e0b80:192.168.157.213:33501], old=null
2019-10-19 01:04:43,777 [grpc-default-executor-7] INFO  impl.RaftServerImpl (RaftServerImpl.java:setRole(184)) - 16805c57-9f45-4377-8998-764a8f26e152@group-FB3B7D7D89E3: changes role from  FOLLOWER to FOLLOWER at term 125 for recognizeCandidate:a54795b0-6c9c-4137-a866-f82f653c9bf9
2019-10-19 01:04:43,777 [grpc-default-executor-4] INFO  impl.RaftServerImpl (RaftServerImpl.java:setRole(184)) - b26a8d60-58dc-431d-8168-f89a9ab35f3a@group-FB3B7D7D89E3: changes role from  FOLLOWER to FOLLOWER at term 125 for recognizeCandidate:a54795b0-6c9c-4137-a866-f82f653c9bf9
2019-10-19 01:04:43,778 [grpc-default-executor-4] INFO  impl.RoleInfo (RoleInfo.java:shutdownFollowerState(121)) - b26a8d60-58dc-431d-8168-f89a9ab35f3a: shutdown FollowerState
2019-10-19 01:04:43,777 [grpc-default-executor-7] INFO  impl.RoleInfo (RoleInfo.java:shutdownFollowerState(121)) - 16805c57-9f45-4377-8998-764a8f26e152: shutdown FollowerState
2019-10-19 01:04:43,778 [grpc-default-executor-5] INFO  impl.RaftServerImpl (RaftServerImpl.java:setRole(184)) - 51276c3c-a3b8-4274-b089-592ff4589f41@group-D48B69A44692: changes role from  FOLLOWER to FOLLOWER at term 129 for recognizeCandidate:a1c78c0e-869c-4f76-b4ce-2034448e0b80
2019-10-19 01:04:43,778 [grpc-default-executor-5] INFO  impl.RoleInfo (RoleInfo.java:shutdownFollowerState(121)) - 51276c3c-a3b8-4274-b089-592ff4589f41: shutdown FollowerState
2019-10-19 01:04:43,778 [Thread-1998] INFO  impl.FollowerState (FollowerState.java:run(117)) - b26a8d60-58dc-431d-8168-f89a9ab35f3a@group-FB3B7D7D89E3-FollowerState was interrupted: java.lang.InterruptedException: sleep interrupted
2019-10-19 01:04:43,778 [grpc-default-executor-4] INFO  impl.RoleInfo (RoleInfo.java:updateAndGet(143)) - b26a8d60-58dc-431d-8168-f89a9ab35f3a: start FollowerState
2019-10-19 01:04:43,778 [grpc-default-executor-1] INFO  impl.RaftServerImpl (RaftServerImpl.java:setRole(184)) - 64c90977-e867-487c-b50d-c226f2d34a76@group-D48B69A44692: changes role from  FOLLOWER to FOLLOWER at term 129 for recognizeCandidate:a1c78c0e-869c-4f76-b4ce-2034448e0b80
2019-10-19 01:04:43,779 [grpc-default-executor-1] INFO  impl.RoleInfo (RoleInfo.java:shutdownFollowerState(121)) - 64c90977-e867-487c-b50d-c226f2d34a76: shutdown FollowerState
2019-10-19 01:04:43,778 [grpc-default-executor-5] INFO  impl.RoleInfo (RoleInfo.java:updateAndGet(143)) - 51276c3c-a3b8-4274-b089-592ff4589f41: start FollowerState
2019-10-19 01:04:43,778 [Thread-2005] INFO  impl.FollowerState (FollowerState.java:run(117)) - 51276c3c-a3b8-4274-b089-592ff4589f41@group-D48B69A44692-FollowerState was interrupted: java.lang.InterruptedException: sleep interrupted
2019-10-19 01:04:43,778 [Thread-1997] INFO  impl.FollowerState (FollowerState.java:run(117)) - 16805c57-9f45-4377-8998-764a8f26e152@group-FB3B7D7D89E3-FollowerState was interrupted: java.lang.InterruptedException: sleep interrupted
2019-10-19 01:04:43,778 [grpc-default-executor-7] INFO  impl.RoleInfo (RoleInfo.java:updateAndGet(143)) - 16805c57-9f45-4377-8998-764a8f26e152: start FollowerState
2019-10-19 01:04:43,779 [Thread-2004] INFO  impl.FollowerState (FollowerState.java:run(117)) - 64c90977-e867-487c-b50d-c226f2d34a76@group-D48B69A44692-FollowerState was interrupted: java.lang.InterruptedException: sleep interrupted
2019-10-19 01:04:43,779 [grpc-default-executor-1] INFO  impl.RoleInfo (RoleInfo.java:updateAndGet(143)) - 64c90977-e867-487c-b50d-c226f2d34a76: start FollowerState
2019-10-19 01:04:43,800 [a54795b0-6c9c-4137-a866-f82f653c9bf9@group-FB3B7D7D89E3-LeaderElection238] INFO  impl.LeaderElection (LeaderElection.java:logAndReturn(56)) - a54795b0-6c9c-4137-a866-f82f653c9bf9@group-FB3B7D7D89E3-LeaderElection238: Election REJECTED; received 2 response(s) [a54795b0-6c9c-4137-a866-f82f653c9bf9<-b26a8d60-58dc-431d-8168-f89a9ab35f3a#0:FAIL-t125, a54795b0-6c9c-4137-a866-f82f653c9bf9<-16805c57-9f45-4377-8998-764a8f26e152#0:FAIL-t125] and 0 exception(s); a54795b0-6c9c-4137-a866-f82f653c9bf9@group-FB3B7D7D89E3:t125, leader=null, voted=a54795b0-6c9c-4137-a866-f82f653c9bf9, raftlog=a54795b0-6c9c-4137-a866-f82f653c9bf9@group-FB3B7D7D89E3-SegmentedRaftLog:OPENED:c-1,f-1,i0, conf=-1: [a54795b0-6c9c-4137-a866-f82f653c9bf9:192.168.157.213:43688, b26a8d60-58dc-431d-8168-f89a9ab35f3a:192.168.157.213:35535, 16805c57-9f45-4377-8998-764a8f26e152:192.168.157.213:33728], old=null
2019-10-19 01:04:43,800 [a1c78c0e-869c-4f76-b4ce-2034448e0b80@group-D48B69A44692-LeaderElection237] INFO  impl.LeaderElection (LeaderElection.java:logAndReturn(56)) - a1c78c0e-869c-4f76-b4ce-2034448e0b80@group-D48B69A44692-LeaderElection237: Election REJECTED; received 2 response(s) [a1c78c0e-869c-4f76-b4ce-2034448e0b80<-51276c3c-a3b8-4274-b089-592ff4589f41#0:FAIL-t129, a1c78c0e-869c-4f76-b4ce-2034448e0b80<-64c90977-e867-487c-b50d-c226f2d34a76#0:FAIL-t129] and 0 exception(s); a1c78c0e-869c-4f76-b4ce-2034448e0b80@group-D48B69A44692:t129, leader=null, voted=a1c78c0e-869c-4f76-b4ce-2034448e0b80, raftlog=a1c78c0e-869c-4f76-b4ce-2034448e0b80@group-D48B69A44692-SegmentedRaftLog:OPENED:c-1,f-1,i0, conf=-1: [51276c3c-a3b8-4274-b089-592ff4589f41:192.168.157.213:36639, 64c90977-e867-487c-b50d-c226f2d34a76:192.168.157.213:37433, a1c78c0e-869c-4f76-b4ce-2034448e0b80:192.168.157.213:33501], old=null
2019-10-19 01:04:43,800 [a54795b0-6c9c-4137-a866-f82f653c9bf9@group-FB3B7D7D89E3-LeaderElection238] INFO  impl.RaftServerImpl (RaftServerImpl.java:setRole(184)) - a54795b0-6c9c-4137-a866-f82f653c9bf9@group-FB3B7D7D89E3: changes role from CANDIDATE to FOLLOWER at term 125 for DISCOVERED_A_NEW_TERM
2019-10-19 01:04:43,801 [a1c78c0e-869c-4f76-b4ce-2034448e0b80@group-D48B69A44692-LeaderElection237] INFO  impl.RaftServerImpl (RaftServerImpl.java:setRole(184)) - a1c78c0e-869c-4f76-b4ce-2034448e0b80@group-D48B69A44692: changes role from CANDIDATE to FOLLOWER at term 129 for DISCOVERED_A_NEW_TERM
2019-10-19 01:04:43,801 [a54795b0-6c9c-4137-a866-f82f653c9bf9@group-FB3B7D7D89E3-LeaderElection238] INFO  impl.RoleInfo (RoleInfo.java:shutdownLeaderElection(134)) - a54795b0-6c9c-4137-a866-f82f653c9bf9: shutdown LeaderElection
2019-10-19 01:04:43,801 [a1c78c0e-869c-4f76-b4ce-2034448e0b80@group-D48B69A44692-LeaderElection237] INFO  impl.RoleInfo (RoleInfo.java:shutdownLeaderElection(134)) - a1c78c0e-869c-4f76-b4ce-2034448e0b80: shutdown LeaderElection
2019-10-19 01:04:43,801 [a54795b0-6c9c-4137-a866-f82f653c9bf9@group-FB3B7D7D89E3-LeaderElection238] INFO  impl.RoleInfo (RoleInfo.java:updateAndGet(143)) - a54795b0-6c9c-4137-a866-f82f653c9bf9: start FollowerState
2019-10-19 01:04:43,801 [a1c78c0e-869c-4f76-b4ce-2034448e0b80@group-D48B69A44692-LeaderElection237] INFO  impl.RoleInfo (RoleInfo.java:updateAndGet(143)) - a1c78c0e-869c-4f76-b4ce-2034448e0b80: start FollowerState
2019-10-19 01:04:43,923 [Thread-2016] INFO  impl.FollowerState (FollowerState.java:run(108)) - a54795b0-6c9c-4137-a866-f82f653c9bf9@group-FB3B7D7D89E3-FollowerState: change to CANDIDATE, lastRpcTime:122ms, electionTimeout:122ms
2019-10-19 01:04:43,924 [Thread-2016] INFO  impl.RoleInfo (RoleInfo.java:shutdownFollowerState(121)) - a54795b0-6c9c-4137-a866-f82f653c9bf9: shutdown FollowerState
2019-10-19 01:04:43,924 [Thread-2016] INFO  impl.RaftServerImpl (RaftServerImpl.java:setRole(184)) - a54795b0-6c9c-4137-a866-f82f653c9bf9@group-FB3B7D7D89E3: changes role from  FOLLOWER to CANDIDATE at term 125 for changeToCandidate
2019-10-19 01:04:43,924 [Thread-2016] INFO  impl.RoleInfo (RoleInfo.java:updateAndGet(143)) - a54795b0-6c9c-4137-a866-f82f653c9bf9: start LeaderElection
2019-10-19 01:04:43,937 [a54795b0-6c9c-4137-a866-f82f653c9bf9@group-FB3B7D7D89E3-LeaderElection239] INFO  impl.LeaderElection (LeaderElection.java:askForVotes(178)) - a54795b0-6c9c-4137-a866-f82f653c9bf9@group-FB3B7D7D89E3-LeaderElection239: begin an election at term 126 for -1: [a54795b0-6c9c-4137-a866-f82f653c9bf9:192.168.157.213:43688, b26a8d60-58dc-431d-8168-f89a9ab35f3a:192.168.157.213:35535, 16805c57-9f45-4377-8998-764a8f26e152:192.168.157.213:33728], old=null
2019-10-19 01:04:43,939 [grpc-default-executor-5] INFO  impl.RaftServerImpl (RaftServerImpl.java:setRole(184)) - b26a8d60-58dc-431d-8168-f89a9ab35f3a@group-FB3B7D7D89E3: changes role from  FOLLOWER to FOLLOWER at term 126 for recognizeCandidate:a54795b0-6c9c-4137-a866-f82f653c9bf9
2019-10-19 01:04:43,939 [grpc-default-executor-5] INFO  impl.RoleInfo (RoleInfo.java:shutdownFollowerState(121)) - b26a8d60-58dc-431d-8168-f89a9ab35f3a: shutdown FollowerState
2019-10-19 01:04:43,939 [grpc-default-executor-1] INFO  impl.RaftServerImpl (RaftServerImpl.java:setRole(184)) - 16805c57-9f45-4377-8998-764a8f26e152@group-FB3B7D7D89E3: changes role from  FOLLOWER to FOLLOWER at term 126 for recognizeCandidate:a54795b0-6c9c-4137-a866-f82f653c9bf9
2019-10-19 01:04:43,940 [grpc-default-executor-1] INFO  impl.RoleInfo (RoleInfo.java:shutdownFollowerState(121)) - 16805c57-9f45-4377-8998-764a8f26e152: shutdown FollowerState
2019-10-19 01:04:43,940 [Thread-2012] INFO  impl.FollowerState (FollowerState.java:run(117)) - b26a8d60-58dc-431d-8168-f89a9ab35f3a@group-FB3B7D7D89E3-FollowerState was interrupted: java.lang.InterruptedException: sleep interrupted
2019-10-19 01:04:43,939 [grpc-default-executor-5] INFO  impl.RoleInfo (RoleInfo.java:updateAndGet(143)) - b26a8d60-58dc-431d-8168-f89a9ab35f3a: start FollowerState
2019-10-19 01:04:43,940 [Thread-2013] INFO  impl.FollowerState (FollowerState.java:run(117)) - 16805c57-9f45-4377-8998-764a8f26e152@group-FB3B7D7D89E3-FollowerState was interrupted: java.lang.InterruptedException: sleep interrupted
2019-10-19 01:04:43,940 [grpc-default-executor-1] INFO  impl.RoleInfo (RoleInfo.java:updateAndGet(143)) - 16805c57-9f45-4377-8998-764a8f26e152: start FollowerState
2019-10-19 01:04:43,954 [Thread-2017] INFO  impl.FollowerState (FollowerState.java:run(108)) - a1c78c0e-869c-4f76-b4ce-2034448e0b80@group-D48B69A44692-FollowerState: change to CANDIDATE, lastRpcTime:152ms, electionTimeout:152ms
2019-10-19 01:04:43,954 [Thread-2017] INFO  impl.RoleInfo (RoleInfo.java:shutdownFollowerState(121)) - a1c78c0e-869c-4f76-b4ce-2034448e0b80: shutdown FollowerState
2019-10-19 01:04:43,954 [Thread-2017] INFO  impl.RaftServerImpl (RaftServerImpl.java:setRole(184)) - a1c78c0e-869c-4f76-b4ce-2034448e0b80@group-D48B69A44692: changes role from  FOLLOWER to CANDIDATE at term 129 for changeToCandidate
2019-10-19 01:04:43,954 [Thread-2017] INFO  impl.RoleInfo (RoleInfo.java:updateAndGet(143)) - a1c78c0e-869c-4f76-b4ce-2034448e0b80: start LeaderElection
2019-10-19 01:04:43,955 [a54795b0-6c9c-4137-a866-f82f653c9bf9@group-FB3B7D7D89E3-LeaderElection239] INFO  impl.LeaderElection (LeaderElection.java:logAndReturn(56)) - a54795b0-6c9c-4137-a866-f82f653c9bf9@group-FB3B7D7D89E3-LeaderElection239: Election REJECTED; received 2 response(s) [a54795b0-6c9c-4137-a866-f82f653c9bf9<-b26a8d60-58dc-431d-8168-f89a9ab35f3a#0:FAIL-t126, a54795b0-6c9c-4137-a866-f82f653c9bf9<-16805c57-9f45-4377-8998-764a8f26e152#0:FAIL-t126] and 0 exception(s); a54795b0-6c9c-4137-a866-f82f653c9bf9@group-FB3B7D7D89E3:t126, leader=null, voted=a54795b0-6c9c-4137-a866-f82f653c9bf9, raftlog=a54795b0-6c9c-4137-a866-f82f653c9bf9@group-FB3B7D7D89E3-SegmentedRaftLog:OPENED:c-1,f-1,i0, conf=-1: [a54795b0-6c9c-4137-a866-f82f653c9bf9:192.168.157.213:43688, b26a8d60-58dc-431d-8168-f89a9ab35f3a:192.168.157.213:35535, 16805c57-9f45-4377-8998-764a8f26e152:192.168.157.213:33728], old=null
2019-10-19 01:04:43,955 [a54795b0-6c9c-4137-a866-f82f653c9bf9@group-FB3B7D7D89E3-LeaderElection239] INFO  impl.RaftServerImpl (RaftServerImpl.java:setRole(184)) - a54795b0-6c9c-4137-a866-f82f653c9bf9@group-FB3B7D7D89E3: changes role from CANDIDATE to FOLLOWER at term 126 for DISCOVERED_A_NEW_TERM
2019-10-19 01:04:43,955 [a54795b0-6c9c-4137-a866-f82f653c9bf9@group-FB3B7D7D89E3-LeaderElection239] INFO  impl.RoleInfo (RoleInfo.java:shutdownLeaderElection(134)) - a54795b0-6c9c-4137-a866-f82f653c9bf9: shutdown LeaderElection
2019-10-19 01:04:43,955 [a54795b0-6c9c-4137-a866-f82f653c9bf9@group-FB3B7D7D89E3-LeaderElection239] INFO  impl.RoleInfo (RoleInfo.java:updateAndGet(143)) - a54795b0-6c9c-4137-a866-f82f653c9bf9: start FollowerState
2019-10-19 01:04:43,975 [a1c78c0e-869c-4f76-b4ce-2034448e0b80@group-D48B69A44692-LeaderElection240] INFO  impl.LeaderElection (LeaderElection.java:askForVotes(178)) - a1c78c0e-869c-4f76-b4ce-2034448e0b80@group-D48B69A44692-LeaderElection240: begin an election at term 130 for -1: [51276c3c-a3b8-4274-b089-592ff4589f41:192.168.157.213:36639, 64c90977-e867-487c-b50d-c226f2d34a76:192.168.157.213:37433, a1c78c0e-869c-4f76-b4ce-2034448e0b80:192.168.157.213:33501], old=null
2019-10-19 01:04:43,976 [grpc-default-executor-5] INFO  impl.RaftServerImpl (RaftServerImpl.java:setRole(184)) - 51276c3c-a3b8-4274-b089-592ff4589f41@group-D48B69A44692: changes role from  FOLLOWER to FOLLOWER at term 130 for recognizeCandidate:a1c78c0e-869c-4f76-b4ce-2034448e0b80
2019-10-19 01:04:43,977 [grpc-default-executor-5] INFO  impl.RoleInfo (RoleInfo.java:shutdownFollowerState(121)) - 51276c3c-a3b8-4274-b089-592ff4589f41: shutdown FollowerState
2019-10-19 01:04:43,976 [grpc-default-executor-1] INFO  impl.RaftServerImpl (RaftServerImpl.java:setRole(184)) - 64c90977-e867-487c-b50d-c226f2d34a76@group-D48B69A44692: changes role from  FOLLOWER to FOLLOWER at term 130 for recognizeCandidate:a1c78c0e-869c-4f76-b4ce-2034448e0b80
2019-10-19 01:04:43,977 [grpc-default-executor-1] INFO  impl.RoleInfo (RoleInfo.java:shutdownFollowerState(121)) - 64c90977-e867-487c-b50d-c226f2d34a76: shutdown FollowerState
2019-10-19 01:04:43,977 [Thread-2014] INFO  impl.FollowerState (FollowerState.java:run(117)) - 51276c3c-a3b8-4274-b089-592ff4589f41@group-D48B69A44692-FollowerState was interrupted: java.lang.InterruptedException: sleep interrupted
2019-10-19 01:04:43,977 [grpc-default-executor-5] INFO  impl.RoleInfo (RoleInfo.java:updateAndGet(143)) - 51276c3c-a3b8-4274-b089-592ff4589f41: start FollowerState
2019-10-19 01:04:43,977 [grpc-default-executor-1] INFO  impl.RoleInfo (RoleInfo.java:updateAndGet(143)) - 64c90977-e867-487c-b50d-c226f2d34a76: start FollowerState
2019-10-19 01:04:43,977 [Thread-2015] INFO  impl.FollowerState (FollowerState.java:run(117)) - 64c90977-e867-487c-b50d-c226f2d34a76@group-D48B69A44692-FollowerState was interrupted: java.lang.InterruptedException: sleep interrupted
2019-10-19 01:04:43,982 [a1c78c0e-869c-4f76-b4ce-2034448e0b80@group-D48B69A44692-LeaderElection240] INFO  impl.LeaderElection (LeaderElection.java:logAndReturn(56)) - a1c78c0e-869c-4f76-b4ce-2034448e0b80@group-D48B69A44692-LeaderElection240: Election TIMEOUT; received 0 response(s) [] and 0 exception(s); a1c78c0e-869c-4f76-b4ce-2034448e0b80@group-D48B69A44692:t130, leader=null, voted=a1c78c0e-869c-4f76-b4ce-2034448e0b80, raftlog=a1c78c0e-869c-4f76-b4ce-2034448e0b80@group-D48B69A44692-SegmentedRaftLog:OPENED:c-1,f-1,i0, conf=-1: [51276c3c-a3b8-4274-b089-592ff4589f41:192.168.157.213:36639, 64c90977-e867-487c-b50d-c226f2d34a76:192.168.157.213:37433, a1c78c0e-869c-4f76-b4ce-2034448e0b80:192.168.157.213:33501], old=null
2019-10-19 01:04:43,989 [a1c78c0e-869c-4f76-b4ce-2034448e0b80@group-D48B69A44692-LeaderElection240] INFO  impl.LeaderElection (LeaderElection.java:askForVotes(178)) - a1c78c0e-869c-4f76-b4ce-2034448e0b80@group-D48B69A44692-LeaderElection240: begin an election at term 131 for -1: [51276c3c-a3b8-4274-b089-592ff4589f41:192.168.157.213:36639, 64c90977-e867-487c-b50d-c226f2d34a76:192.168.157.213:37433, a1c78c0e-869c-4f76-b4ce-2034448e0b80:192.168.157.213:33501], old=null
2019-10-19 01:04:43,990 [grpc-default-executor-5] INFO  impl.RaftServerImpl (RaftServerImpl.java:setRole(184)) - 64c90977-e867-487c-b50d-c226f2d34a76@group-D48B69A44692: changes role from  FOLLOWER to FOLLOWER at term 131 for recognizeCandidate:a1c78c0e-869c-4f76-b4ce-2034448e0b80
2019-10-19 01:04:43,990 [grpc-default-executor-5] INFO  impl.RoleInfo (RoleInfo.java:shutdownFollowerState(121)) - 64c90977-e867-487c-b50d-c226f2d34a76: shutdown FollowerState
2019-10-19 01:04:43,990 [grpc-default-executor-1] INFO  impl.RaftServerImpl (RaftServerImpl.java:setRole(184)) - 51276c3c-a3b8-4274-b089-592ff4589f41@group-D48B69A44692: changes role from  FOLLOWER to FOLLOWER at term 131 for recognizeCandidate:a1c78c0e-869c-4f76-b4ce-2034448e0b80
2019-10-19 01:04:43,990 [Thread-2028] INFO  impl.FollowerState (FollowerState.java:run(117)) - 64c90977-e867-487c-b50d-c226f2d34a76@group-D48B69A44692-FollowerState was interrupted: java.lang.InterruptedException: sleep interrupted
2019-10-19 01:04:43,990 [grpc-default-executor-5] INFO  impl.RoleInfo (RoleInfo.java:updateAndGet(143)) - 64c90977-e867-487c-b50d-c226f2d34a76: start FollowerState
2019-10-19 01:04:43,990 [grpc-default-executor-1] INFO  impl.RoleInfo (RoleInfo.java:shutdownFollowerState(121)) - 51276c3c-a3b8-4274-b089-592ff4589f41: shutdown FollowerState
2019-10-19 01:04:43,991 [grpc-default-executor-1] INFO  impl.RoleInfo (RoleInfo.java:updateAndGet(143)) - 51276c3c-a3b8-4274-b089-592ff4589f41: start FollowerState
2019-10-19 01:04:43,991 [Thread-2027] INFO  impl.FollowerState (FollowerState.java:run(117)) - 51276c3c-a3b8-4274-b089-592ff4589f41@group-D48B69A44692-FollowerState was interrupted: java.lang.InterruptedException: sleep interrupted
2019-10-19 01:04:44,019 [a1c78c0e-869c-4f76-b4ce-2034448e0b80@group-D48B69A44692-LeaderElection240] INFO  impl.LeaderElection (LeaderElection.java:logAndReturn(56)) - a1c78c0e-869c-4f76-b4ce-2034448e0b80@group-D48B69A44692-LeaderElection240: Election REJECTED; received 2 response(s) [a1c78c0e-869c-4f76-b4ce-2034448e0b80<-51276c3c-a3b8-4274-b089-592ff4589f41#0:FAIL-t131, a1c78c0e-869c-4f76-b4ce-2034448e0b80<-64c90977-e867-487c-b50d-c226f2d34a76#0:FAIL-t131] and 0 exception(s); a1c78c0e-869c-4f76-b4ce-2034448e0b80@group-D48B69A44692:t131, leader=null, voted=a1c78c0e-869c-4f76-b4ce-2034448e0b80, raftlog=a1c78c0e-869c-4f76-b4ce-2034448e0b80@group-D48B69A44692-SegmentedRaftLog:OPENED:c-1,f-1,i0, conf=-1: [51276c3c-a3b8-4274-b089-592ff4589f41:192.168.157.213:36639, 64c90977-e867-487c-b50d-c226f2d34a76:192.168.157.213:37433, a1c78c0e-869c-4f76-b4ce-2034448e0b80:192.168.157.213:33501], old=null
2019-10-19 01:04:44,020 [a1c78c0e-869c-4f76-b4ce-2034448e0b80@group-D48B69A44692-LeaderElection240] INFO  impl.RaftServerImpl (RaftServerImpl.java:setRole(184)) - a1c78c0e-869c-4f76-b4ce-2034448e0b80@group-D48B69A44692: changes role from CANDIDATE to FOLLOWER at term 131 for DISCOVERED_A_NEW_TERM
2019-10-19 01:04:44,020 [a1c78c0e-869c-4f76-b4ce-2034448e0b80@group-D48B69A44692-LeaderElection240] INFO  impl.RoleInfo (RoleInfo.java:shutdownLeaderElection(134)) - a1c78c0e-869c-4f76-b4ce-2034448e0b80: shutdown LeaderElection
2019-10-19 01:04:44,020 [a1c78c0e-869c-4f76-b4ce-2034448e0b80@group-D48B69A44692-LeaderElection240] INFO  impl.RoleInfo (RoleInfo.java:updateAndGet(143)) - a1c78c0e-869c-4f76-b4ce-2034448e0b80: start FollowerState
2019-10-19 01:04:44,093 [Thread-2024] INFO  impl.FollowerState (FollowerState.java:run(108)) - a54795b0-6c9c-4137-a866-f82f653c9bf9@group-FB3B7D7D89E3-FollowerState: change to CANDIDATE, lastRpcTime:138ms, electionTimeout:138ms
2019-10-19 01:04:44,093 [Thread-2024] INFO  impl.RoleInfo (RoleInfo.java:shutdownFollowerState(121)) - a54795b0-6c9c-4137-a866-f82f653c9bf9: shutdown FollowerState
2019-10-19 01:04:44,094 [Thread-2024] INFO  impl.RaftServerImpl (RaftServerImpl.java:setRole(184)) - a54795b0-6c9c-4137-a866-f82f653c9bf9@group-FB3B7D7D89E3: changes role from  FOLLOWER to CANDIDATE at term 126 for changeToCandidate
2019-10-19 01:04:44,094 [Thread-2024] INFO  impl.RoleInfo (RoleInfo.java:updateAndGet(143)) - a54795b0-6c9c-4137-a866-f82f653c9bf9: start LeaderElection
2019-10-19 01:04:44,100 [Thread-2033] INFO  impl.FollowerState (FollowerState.java:run(108)) - a1c78c0e-869c-4f76-b4ce-2034448e0b80@group-D48B69A44692-FollowerState: change to CANDIDATE, lastRpcTime:80ms, electionTimeout:80ms
2019-10-19 01:04:44,100 [Thread-2033] INFO  impl.RoleInfo (RoleInfo.java:shutdownFollowerState(121)) - a1c78c0e-869c-4f76-b4ce-2034448e0b80: shutdown FollowerState
2019-10-19 01:04:44,101 [Thread-2033] INFO  impl.RaftServerImpl (RaftServerImpl.java:setRole(184)) - a1c78c0e-869c-4f76-b4ce-2034448e0b80@group-D48B69A44692: changes role from  FOLLOWER to CANDIDATE at term 131 for changeToCandidate
2019-10-19 01:04:44,101 [Thread-2033] INFO  impl.RoleInfo (RoleInfo.java:updateAndGet(143)) - a1c78c0e-869c-4f76-b4ce-2034448e0b80: start LeaderElection
2019-10-19 01:04:44,106 [a1c78c0e-869c-4f76-b4ce-2034448e0b80@group-D48B69A44692-LeaderElection242] INFO  impl.LeaderElection (LeaderElection.java:askForVotes(178)) - a1c78c0e-869c-4f76-b4ce-2034448e0b80@group-D48B69A44692-LeaderElection242: begin an election at term 132 for -1: [51276c3c-a3b8-4274-b089-592ff4589f41:192.168.157.213:36639, 64c90977-e867-487c-b50d-c226f2d34a76:192.168.157.213:37433, a1c78c0e-869c-4f76-b4ce-2034448e0b80:192.168.157.213:33501], old=null
2019-10-19 01:04:44,106 [a54795b0-6c9c-4137-a866-f82f653c9bf9@group-FB3B7D7D89E3-LeaderElection241] INFO  impl.LeaderElection (LeaderElection.java:askForVotes(178)) - a54795b0-6c9c-4137-a866-f82f653c9bf9@group-FB3B7D7D89E3-LeaderElection241: begin an election at term 127 for -1: [a54795b0-6c9c-4137-a866-f82f653c9bf9:192.168.157.213:43688, b26a8d60-58dc-431d-8168-f89a9ab35f3a:192.168.157.213:35535, 16805c57-9f45-4377-8998-764a8f26e152:192.168.157.213:33728], old=null
2019-10-19 01:04:44,108 [grpc-default-executor-5] INFO  impl.RaftServerImpl (RaftServerImpl.java:setRole(184)) - 64c90977-e867-487c-b50d-c226f2d34a76@group-D48B69A44692: changes role from  FOLLOWER to FOLLOWER at term 132 for recognizeCandidate:a1c78c0e-869c-4f76-b4ce-2034448e0b80
2019-10-19 01:04:44,108 [grpc-default-executor-1] INFO  impl.RaftServerImpl (RaftServerImpl.java:setRole(184)) - 51276c3c-a3b8-4274-b089-592ff4589f41@group-D48B69A44692: changes role from  FOLLOWER to FOLLOWER at term 132 for recognizeCandidate:a1c78c0e-869c-4f76-b4ce-2034448e0b80
2019-10-19 01:04:44,108 [grpc-default-executor-5] INFO  impl.RoleInfo (RoleInfo.java:shutdownFollowerState(121)) - 64c90977-e867-487c-b50d-c226f2d34a76: shutdown FollowerState
2019-10-19 01:04:44,108 [grpc-default-executor-7] INFO  impl.RaftServerImpl (RaftServerImpl.java:setRole(184)) - 16805c57-9f45-4377-8998-764a8f26e152@group-FB3B7D7D89E3: changes role from  FOLLOWER to FOLLOWER at term 127 for recognizeCandidate:a54795b0-6c9c-4137-a866-f82f653c9bf9
2019-10-19 01:04:44,108 [grpc-default-executor-1] INFO  impl.RoleInfo (RoleInfo.java:shutdownFollowerState(121)) - 51276c3c-a3b8-4274-b089-592ff4589f41: shutdown FollowerState
2019-10-19 01:04:44,109 [grpc-default-executor-7] INFO  impl.RoleInfo (RoleInfo.java:shutdownFollowerState(121)) - 16805c57-9f45-4377-8998-764a8f26e152: shutdown FollowerState
2019-10-19 01:04:44,109 [Thread-2031] INFO  impl.FollowerState (FollowerState.java:run(117)) - 64c90977-e867-487c-b50d-c226f2d34a76@group-D48B69A44692-FollowerState was interrupted: java.lang.InterruptedException: sleep interrupted
2019-10-19 01:04:44,109 [grpc-default-executor-4] INFO  impl.RaftServerImpl (RaftServerImpl.java:setRole(184)) - b26a8d60-58dc-431d-8168-f89a9ab35f3a@group-FB3B7D7D89E3: changes role from  FOLLOWER to FOLLOWER at term 127 for recognizeCandidate:a54795b0-6c9c-4137-a866-f82f653c9bf9
2019-10-19 01:04:44,109 [grpc-default-executor-5] INFO  impl.RoleInfo (RoleInfo.java:updateAndGet(143)) - 64c90977-e867-487c-b50d-c226f2d34a76: start FollowerState
2019-10-19 01:04:44,109 [grpc-default-executor-4] INFO  impl.RoleInfo (RoleInfo.java:shutdownFollowerState(121)) - b26a8d60-58dc-431d-8168-f89a9ab35f3a: shutdown FollowerState
2019-10-19 01:04:44,109 [Thread-2022] INFO  impl.FollowerState (FollowerState.java:run(117)) - 16805c57-9f45-4377-8998-764a8f26e152@group-FB3B7D7D89E3-FollowerState was interrupted: java.lang.InterruptedException: sleep interrupted
2019-10-19 01:04:44,109 [grpc-default-executor-7] INFO  impl.RoleInfo (RoleInfo.java:updateAndGet(143)) - 16805c57-9f45-4377-8998-764a8f26e152: start FollowerState
2019-10-19 01:04:44,109 [Thread-2032] INFO  impl.FollowerState (FollowerState.java:run(117)) - 51276c3c-a3b8-4274-b089-592ff4589f41@group-D48B69A44692-FollowerState was interrupted: java.lang.InterruptedException: sleep interrupted
2019-10-19 01:04:44,109 [grpc-default-executor-1] INFO  impl.RoleInfo (RoleInfo.java:updateAndGet(143)) - 51276c3c-a3b8-4274-b089-592ff4589f41: start FollowerState
2019-10-19 01:04:44,110 [Thread-2021] INFO  impl.FollowerState (FollowerState.java:run(117)) - b26a8d60-58dc-431d-8168-f89a9ab35f3a@group-FB3B7D7D89E3-FollowerState was interrupted: java.lang.InterruptedException: sleep interrupted
2019-10-19 01:04:44,110 [grpc-default-executor-4] INFO  impl.RoleInfo (RoleInfo.java:updateAndGet(143)) - b26a8d60-58dc-431d-8168-f89a9ab35f3a: start FollowerState
2019-10-19 01:04:44,115 [a54795b0-6c9c-4137-a866-f82f653c9bf9@group-FB3B7D7D89E3-LeaderElection241] INFO  impl.LeaderElection (LeaderElection.java:logAndReturn(56)) - a54795b0-6c9c-4137-a866-f82f653c9bf9@group-FB3B7D7D89E3-LeaderElection241: Election TIMEOUT; received 0 response(s) [] and 0 exception(s); a54795b0-6c9c-4137-a866-f82f653c9bf9@group-FB3B7D7D89E3:t127, leader=null, voted=a54795b0-6c9c-4137-a866-f82f653c9bf9, raftlog=a54795b0-6c9c-4137-a866-f82f653c9bf9@group-FB3B7D7D89E3-SegmentedRaftLog:OPENED:c-1,f-1,i0, conf=-1: [a54795b0-6c9c-4137-a866-f82f653c9bf9:192.168.157.213:43688, b26a8d60-58dc-431d-8168-f89a9ab35f3a:192.168.157.213:35535, 16805c57-9f45-4377-8998-764a8f26e152:192.168.157.213:33728], old=null
2019-10-19 01:04:44,123 [a54795b0-6c9c-4137-a866-f82f653c9bf9@group-FB3B7D7D89E3-LeaderElection241] INFO  impl.LeaderElection (LeaderElection.java:askForVotes(178)) - a54795b0-6c9c-4137-a866-f82f653c9bf9@group-FB3B7D7D89E3-LeaderElection241: begin an election at term 128 for -1: [a54795b0-6c9c-4137-a866-f82f653c9bf9:192.168.157.213:43688, b26a8d60-58dc-431d-8168-f89a9ab35f3a:192.168.157.213:35535, 16805c57-9f45-4377-8998-764a8f26e152:192.168.157.213:33728], old=null
2019-10-19 01:04:44,124 [a1c78c0e-869c-4f76-b4ce-2034448e0b80@group-D48B69A44692-LeaderElection242] INFO  impl.LeaderElection (LeaderElection.java:logAndReturn(56)) - a1c78c0e-869c-4f76-b4ce-2034448e0b80@group-D48B69A44692-LeaderElection242: Election REJECTED; received 2 response(s) [a1c78c0e-869c-4f76-b4ce-2034448e0b80<-51276c3c-a3b8-4274-b089-592ff4589f41#0:FAIL-t132, a1c78c0e-869c-4f76-b4ce-2034448e0b80<-64c90977-e867-487c-b50d-c226f2d34a76#0:FAIL-t132] and 0 exception(s); a1c78c0e-869c-4f76-b4ce-2034448e0b80@group-D48B69A44692:t132, leader=null, voted=a1c78c0e-869c-4f76-b4ce-2034448e0b80, raftlog=a1c78c0e-869c-4f76-b4ce-2034448e0b80@group-D48B69A44692-SegmentedRaftLog:OPENED:c-1,f-1,i0, conf=-1: [51276c3c-a3b8-4274-b089-592ff4589f41:192.168.157.213:36639, 64c90977-e867-487c-b50d-c226f2d34a76:192.168.157.213:37433, a1c78c0e-869c-4f76-b4ce-2034448e0b80:192.168.157.213:33501], old=null
2019-10-19 01:04:44,124 [a1c78c0e-869c-4f76-b4ce-2034448e0b80@group-D48B69A44692-LeaderElection242] INFO  impl.RaftServerImpl (RaftServerImpl.java:setRole(184)) - a1c78c0e-869c-4f76-b4ce-2034448e0b80@group-D48B69A44692: changes role from CANDIDATE to FOLLOWER at term 132 for DISCOVERED_A_NEW_TERM
2019-10-19 01:04:44,124 [a1c78c0e-869c-4f76-b4ce-2034448e0b80@group-D48B69A44692-LeaderElection242] INFO  impl.RoleInfo (RoleInfo.java:shutdownLeaderElection(134)) - a1c78c0e-869c-4f76-b4ce-2034448e0b80: shutdown LeaderElection
2019-10-19 01:04:44,124 [a1c78c0e-869c-4f76-b4ce-2034448e0b80@group-D48B69A44692-LeaderElection242] INFO  impl.RoleInfo (RoleInfo.java:updateAndGet(143)) - a1c78c0e-869c-4f76-b4ce-2034448e0b80: start FollowerState
2019-10-19 01:04:44,124 [grpc-default-executor-1] INFO  impl.RaftServerImpl (RaftServerImpl.java:setRole(184)) - b26a8d60-58dc-431d-8168-f89a9ab35f3a@group-FB3B7D7D89E3: changes role from  FOLLOWER to FOLLOWER at term 128 for recognizeCandidate:a54795b0-6c9c-4137-a866-f82f653c9bf9
2019-10-19 01:04:44,125 [grpc-default-executor-1] INFO  impl.RoleInfo (RoleInfo.java:shutdownFollowerState(121)) - b26a8d60-58dc-431d-8168-f89a9ab35f3a: shutdown FollowerState
2019-10-19 01:04:44,125 [grpc-default-executor-7] INFO  impl.RaftServerImpl (RaftServerImpl.java:setRole(184)) - 16805c57-9f45-4377-8998-764a8f26e152@group-FB3B7D7D89E3: changes role from  FOLLOWER to FOLLOWER at term 128 for recognizeCandidate:a54795b0-6c9c-4137-a866-f82f653c9bf9
2019-10-19 01:04:44,125 [Thread-2043] INFO  impl.FollowerState (FollowerState.java:run(117)) - b26a8d60-58dc-431d-8168-f89a9ab35f3a@group-FB3B7D7D89E3-FollowerState was interrupted: java.lang.InterruptedException: sleep interrupted
2019-10-19 01:04:44,125 [grpc-default-executor-1] INFO  impl.RoleInfo (RoleInfo.java:updateAndGet(143)) - b26a8d60-58dc-431d-8168-f89a9ab35f3a: start FollowerState
2019-10-19 01:04:44,125 [grpc-default-executor-7] INFO  impl.RoleInfo (RoleInfo.java:shutdownFollowerState(121)) - 16805c57-9f45-4377-8998-764a8f26e152: shutdown FollowerState
2019-10-19 01:04:44,125 [Thread-2042] INFO  impl.FollowerState (FollowerState.java:run(117)) - 16805c57-9f45-4377-8998-764a8f26e152@group-FB3B7D7D89E3-FollowerState was interrupted: java.lang.InterruptedException: sleep interrupted
2019-10-19 01:04:44,125 [grpc-default-executor-7] INFO  impl.RoleInfo (RoleInfo.java:updateAndGet(143)) - 16805c57-9f45-4377-8998-764a8f26e152: start FollowerState
2019-10-19 01:04:44,136 [a54795b0-6c9c-4137-a866-f82f653c9bf9@group-FB3B7D7D89E3-LeaderElection241] INFO  impl.LeaderElection (LeaderElection.java:logAndReturn(56)) - a54795b0-6c9c-4137-a866-f82f653c9bf9@group-FB3B7D7D89E3-LeaderElection241: Election REJECTED; received 2 response(s) [a54795b0-6c9c-4137-a866-f82f653c9bf9<-b26a8d60-58dc-431d-8168-f89a9ab35f3a#0:FAIL-t128, a54795b0-6c9c-4137-a866-f82f653c9bf9<-16805c57-9f45-4377-8998-764a8f26e152#0:FAIL-t128] and 0 exception(s); a54795b0-6c9c-4137-a866-f82f653c9bf9@group-FB3B7D7D89E3:t128, leader=null, voted=a54795b0-6c9c-4137-a866-f82f653c9bf9, raftlog=a54795b0-6c9c-4137-a866-f82f653c9bf9@group-FB3B7D7D89E3-SegmentedRaftLog:OPENED:c-1,f-1,i0, conf=-1: [a54795b0-6c9c-4137-a866-f82f653c9bf9:192.168.157.213:43688, b26a8d60-58dc-431d-8168-f89a9ab35f3a:192.168.157.213:35535, 16805c57-9f45-4377-8998-764a8f26e152:192.168.157.213:33728], old=null
2019-10-19 01:04:44,136 [a54795b0-6c9c-4137-a866-f82f653c9bf9@group-FB3B7D7D89E3-LeaderElection241] INFO  impl.RaftServerImpl (RaftServerImpl.java:setRole(184)) - a54795b0-6c9c-4137-a866-f82f653c9bf9@group-FB3B7D7D89E3: changes role from CANDIDATE to FOLLOWER at term 128 for DISCOVERED_A_NEW_TERM
2019-10-19 01:04:44,136 [a54795b0-6c9c-4137-a866-f82f653c9bf9@group-FB3B7D7D89E3-LeaderElection241] INFO  impl.RoleInfo (RoleInfo.java:shutdownLeaderElection(134)) - a54795b0-6c9c-4137-a866-f82f653c9bf9: shutdown LeaderElection
2019-10-19 01:04:44,136 [a54795b0-6c9c-4137-a866-f82f653c9bf9@group-FB3B7D7D89E3-LeaderElection241] INFO  impl.RoleInfo (RoleInfo.java:updateAndGet(143)) - a54795b0-6c9c-4137-a866-f82f653c9bf9: start FollowerState
2019-10-19 01:04:44,165 [Thread-2046] INFO  impl.FollowerState (FollowerState.java:run(108)) - a1c78c0e-869c-4f76-b4ce-2034448e0b80@group-D48B69A44692-FollowerState: change to CANDIDATE, lastRpcTime:40ms, electionTimeout:40ms
2019-10-19 01:04:44,165 [Thread-2046] INFO  impl.RoleInfo (RoleInfo.java:shutdownFollowerState(121)) - a1c78c0e-869c-4f76-b4ce-2034448e0b80: shutdown FollowerState
2019-10-19 01:04:44,165 [Thread-2046] INFO  impl.RaftServerImpl (RaftServerImpl.java:setRole(184)) - a1c78c0e-869c-4f76-b4ce-2034448e0b80@group-D48B69A44692: changes role from  FOLLOWER to CANDIDATE at term 132 for changeToCandidate
2019-10-19 01:04:44,165 [Thread-2046] INFO  impl.RoleInfo (RoleInfo.java:updateAndGet(143)) - a1c78c0e-869c-4f76-b4ce-2034448e0b80: start LeaderElection
2019-10-19 01:04:44,170 [main] INFO  ozoneimpl.OzoneContainer (OzoneContainer.java:stop(227)) - Attempting to stop container services.
2019-10-19 01:04:44,170 [ForkJoinPool.commonPool-worker-0] INFO  ozoneimpl.OzoneContainer (OzoneContainer.java:stop(227)) - Attempting to stop container services.
2019-10-19 01:04:44,171 [main] INFO  impl.RaftServerProxy (RaftServerProxy.java:lambda$close$4(314)) - ea1052a1-1fa8-4b95-85d6-162914918cfe: close
2019-10-19 01:04:44,171 [ForkJoinPool.commonPool-worker-0] INFO  impl.RaftServerProxy (RaftServerProxy.java:lambda$close$4(314)) - a54795b0-6c9c-4137-a866-f82f653c9bf9: close
2019-10-19 01:04:44,173 [main] INFO  impl.RaftServerImpl (RaftServerImpl.java:lambda$shutdown$3(261)) - ea1052a1-1fa8-4b95-85d6-162914918cfe@group-380DDA929CBB: shutdown
2019-10-19 01:04:44,173 [ForkJoinPool.commonPool-worker-0] INFO  impl.RaftServerImpl (RaftServerImpl.java:lambda$shutdown$3(261)) - a54795b0-6c9c-4137-a866-f82f653c9bf9@group-0BC27EF3D61A: shutdown
2019-10-19 01:04:44,173 [main] INFO  util.JmxRegister (JmxRegister.java:unregister(73)) - Successfully un-registered JMX Bean with object name Ratis:service=RaftServer,group=group-380DDA929CBB,id=ea1052a1-1fa8-4b95-85d6-162914918cfe
2019-10-19 01:04:44,173 [ForkJoinPool.commonPool-worker-0] INFO  util.JmxRegister (JmxRegister.java:unregister(73)) - Successfully un-registered JMX Bean with object name Ratis:service=RaftServer,group=group-0BC27EF3D61A,id=a54795b0-6c9c-4137-a866-f82f653c9bf9
2019-10-19 01:04:44,174 [main] INFO  impl.RoleInfo (RoleInfo.java:shutdownLeaderState(104)) - ea1052a1-1fa8-4b95-85d6-162914918cfe: shutdown LeaderState
2019-10-19 01:04:44,174 [ForkJoinPool.commonPool-worker-0] INFO  impl.RoleInfo (RoleInfo.java:shutdownLeaderState(104)) - a54795b0-6c9c-4137-a866-f82f653c9bf9: shutdown LeaderState
2019-10-19 01:04:44,174 [main] INFO  impl.PendingRequests (PendingRequests.java:sendNotLeaderResponses(202)) - ea1052a1-1fa8-4b95-85d6-162914918cfe@group-380DDA929CBB-PendingRequests: sendNotLeaderResponses
2019-10-19 01:04:44,174 [ForkJoinPool.commonPool-worker-0] INFO  impl.PendingRequests (PendingRequests.java:sendNotLeaderResponses(202)) - a54795b0-6c9c-4137-a866-f82f653c9bf9@group-0BC27EF3D61A-PendingRequests: sendNotLeaderResponses
2019-10-19 01:04:44,175 [ForkJoinPool.commonPool-worker-0] INFO  impl.StateMachineUpdater (StateMachineUpdater.java:stopAndJoin(136)) - a54795b0-6c9c-4137-a866-f82f653c9bf9@group-0BC27EF3D61A-StateMachineUpdater: set stopIndex = 0
2019-10-19 01:04:44,175 [main] INFO  impl.StateMachineUpdater (StateMachineUpdater.java:stopAndJoin(136)) - ea1052a1-1fa8-4b95-85d6-162914918cfe@group-380DDA929CBB-StateMachineUpdater: set stopIndex = 0
2019-10-19 01:04:44,179 [main] INFO  impl.RaftServerImpl (ServerState.java:close(388)) - ea1052a1-1fa8-4b95-85d6-162914918cfe@group-380DDA929CBB: closes. applyIndex: 0
2019-10-19 01:04:44,179 [ForkJoinPool.commonPool-worker-0] INFO  impl.RaftServerImpl (ServerState.java:close(388)) - a54795b0-6c9c-4137-a866-f82f653c9bf9@group-0BC27EF3D61A: closes. applyIndex: 0
2019-10-19 01:04:44,180 [ea1052a1-1fa8-4b95-85d6-162914918cfe@group-380DDA929CBB-SegmentedRaftLogWorker] INFO  segmented.SegmentedRaftLogWorker (SegmentedRaftLogWorker.java:run(316)) - ea1052a1-1fa8-4b95-85d6-162914918cfe@group-380DDA929CBB-SegmentedRaftLogWorker was interrupted, exiting. There are 0 tasks remaining in the queue.
2019-10-19 01:04:44,180 [a54795b0-6c9c-4137-a866-f82f653c9bf9@group-0BC27EF3D61A-SegmentedRaftLogWorker] INFO  segmented.SegmentedRaftLogWorker (SegmentedRaftLogWorker.java:run(316)) - a54795b0-6c9c-4137-a866-f82f653c9bf9@group-0BC27EF3D61A-SegmentedRaftLogWorker was interrupted, exiting. There are 0 tasks remaining in the queue.
2019-10-19 01:04:44,182 [main] INFO  segmented.SegmentedRaftLogWorker (SegmentedRaftLogWorker.java:close(224)) - ea1052a1-1fa8-4b95-85d6-162914918cfe@group-380DDA929CBB-SegmentedRaftLogWorker close()
2019-10-19 01:04:44,182 [ForkJoinPool.commonPool-worker-0] INFO  segmented.SegmentedRaftLogWorker (SegmentedRaftLogWorker.java:close(224)) - a54795b0-6c9c-4137-a866-f82f653c9bf9@group-0BC27EF3D61A-SegmentedRaftLogWorker close()
2019-10-19 01:04:44,189 [ForkJoinPool.commonPool-worker-0] INFO  impl.RaftServerImpl (RaftServerImpl.java:lambda$shutdown$3(261)) - a54795b0-6c9c-4137-a866-f82f653c9bf9@group-FB3B7D7D89E3: shutdown
2019-10-19 01:04:44,189 [ForkJoinPool.commonPool-worker-0] INFO  util.JmxRegister (JmxRegister.java:unregister(73)) - Successfully un-registered JMX Bean with object name Ratis:service=RaftServer,group=group-FB3B7D7D89E3,id=a54795b0-6c9c-4137-a866-f82f653c9bf9
2019-10-19 01:04:44,189 [main] INFO  server.GrpcService (GrpcService.java:closeImpl(164)) - ea1052a1-1fa8-4b95-85d6-162914918cfe: shutdown server with port 38582 now
2019-10-19 01:04:44,189 [ForkJoinPool.commonPool-worker-0] INFO  impl.RoleInfo (RoleInfo.java:shutdownFollowerState(121)) - a54795b0-6c9c-4137-a866-f82f653c9bf9: shutdown FollowerState
2019-10-19 01:04:44,190 [ForkJoinPool.commonPool-worker-0] INFO  impl.StateMachineUpdater (StateMachineUpdater.java:stopAndJoin(136)) - a54795b0-6c9c-4137-a866-f82f653c9bf9@group-FB3B7D7D89E3-StateMachineUpdater: set stopIndex = -1
2019-10-19 01:04:44,190 [Thread-2049] INFO  impl.FollowerState (FollowerState.java:run(117)) - a54795b0-6c9c-4137-a866-f82f653c9bf9@group-FB3B7D7D89E3-FollowerState was interrupted: java.lang.InterruptedException: sleep interrupted
2019-10-19 01:04:44,190 [ForkJoinPool.commonPool-worker-0] INFO  impl.RaftServerImpl (ServerState.java:close(388)) - a54795b0-6c9c-4137-a866-f82f653c9bf9@group-FB3B7D7D89E3: closes. applyIndex: -1
2019-10-19 01:04:44,191 [a54795b0-6c9c-4137-a866-f82f653c9bf9@group-FB3B7D7D89E3-SegmentedRaftLogWorker] INFO  segmented.SegmentedRaftLogWorker (SegmentedRaftLogWorker.java:run(316)) - a54795b0-6c9c-4137-a866-f82f653c9bf9@group-FB3B7D7D89E3-SegmentedRaftLogWorker was interrupted, exiting. There are 0 tasks remaining in the queue.
2019-10-19 01:04:44,191 [ForkJoinPool.commonPool-worker-0] INFO  segmented.SegmentedRaftLogWorker (SegmentedRaftLogWorker.java:close(224)) - a54795b0-6c9c-4137-a866-f82f653c9bf9@group-FB3B7D7D89E3-SegmentedRaftLogWorker close()
2019-10-19 01:04:44,194 [ForkJoinPool.commonPool-worker-0] INFO  server.GrpcService (GrpcService.java:closeImpl(164)) - a54795b0-6c9c-4137-a866-f82f653c9bf9: shutdown server with port 43688 now
2019-10-19 01:04:44,197 [main] INFO  server.GrpcService (GrpcService.java:closeImpl(172)) - ea1052a1-1fa8-4b95-85d6-162914918cfe: shutdown server with port 38582 successfully
2019-10-19 01:04:44,198 [ForkJoinPool.commonPool-worker-0] INFO  server.GrpcService (GrpcService.java:closeImpl(172)) - a54795b0-6c9c-4137-a866-f82f653c9bf9: shutdown server with port 43688 successfully
2019-10-19 01:04:44,208 [refreshUsed-/workdir/hadoop-ozone/integration-test/target/test-dir/MiniOzoneClusterImpl-08d89ad4-f612-48fc-8979-c1cb428f8ac2/datanode-2/data/containers] WARN  fs.CachingGetSpaceUsed (CachingGetSpaceUsed.java:run(183)) - Thread Interrupted waiting to refresh disk information: sleep interrupted
2019-10-19 01:04:44,208 [refreshUsed-/workdir/hadoop-ozone/integration-test/target/test-dir/MiniOzoneClusterImpl-08d89ad4-f612-48fc-8979-c1cb428f8ac2/datanode-5/data/containers] WARN  fs.CachingGetSpaceUsed (CachingGetSpaceUsed.java:run(183)) - Thread Interrupted waiting to refresh disk information: sleep interrupted
2019-10-19 01:04:44,208 [a1c78c0e-869c-4f76-b4ce-2034448e0b80@group-D48B69A44692-LeaderElection243] INFO  impl.LeaderElection (LeaderElection.java:askForVotes(178)) - a1c78c0e-869c-4f76-b4ce-2034448e0b80@group-D48B69A44692-LeaderElection243: begin an election at term 133 for -1: [51276c3c-a3b8-4274-b089-592ff4589f41:192.168.157.213:36639, 64c90977-e867-487c-b50d-c226f2d34a76:192.168.157.213:37433, a1c78c0e-869c-4f76-b4ce-2034448e0b80:192.168.157.213:33501], old=null
2019-10-19 01:04:44,213 [grpc-default-executor-1] INFO  impl.RaftServerImpl (RaftServerImpl.java:setRole(184)) - 64c90977-e867-487c-b50d-c226f2d34a76@group-D48B69A44692: changes role from  FOLLOWER to FOLLOWER at term 133 for recognizeCandidate:a1c78c0e-869c-4f76-b4ce-2034448e0b80
2019-10-19 01:04:44,213 [grpc-default-executor-1] INFO  impl.RoleInfo (RoleInfo.java:shutdownFollowerState(121)) - 64c90977-e867-487c-b50d-c226f2d34a76: shutdown FollowerState
2019-10-19 01:04:44,213 [grpc-default-executor-1] INFO  impl.RoleInfo (RoleInfo.java:updateAndGet(143)) - 64c90977-e867-487c-b50d-c226f2d34a76: start FollowerState
2019-10-19 01:04:44,213 [Thread-2040] INFO  impl.FollowerState (FollowerState.java:run(117)) - 64c90977-e867-487c-b50d-c226f2d34a76@group-D48B69A44692-FollowerState was interrupted: java.lang.InterruptedException: sleep interrupted
2019-10-19 01:04:44,215 [grpc-default-executor-7] INFO  impl.RaftServerImpl (RaftServerImpl.java:setRole(184)) - 51276c3c-a3b8-4274-b089-592ff4589f41@group-D48B69A44692: changes role from  FOLLOWER to FOLLOWER at term 133 for recognizeCandidate:a1c78c0e-869c-4f76-b4ce-2034448e0b80
2019-10-19 01:04:44,215 [grpc-default-executor-7] INFO  impl.RoleInfo (RoleInfo.java:shutdownFollowerState(121)) - 51276c3c-a3b8-4274-b089-592ff4589f41: shutdown FollowerState
2019-10-19 01:04:44,215 [grpc-default-executor-7] INFO  impl.RoleInfo (RoleInfo.java:updateAndGet(143)) - 51276c3c-a3b8-4274-b089-592ff4589f41: start FollowerState
2019-10-19 01:04:44,215 [Thread-2041] INFO  impl.FollowerState (FollowerState.java:run(117)) - 51276c3c-a3b8-4274-b089-592ff4589f41@group-D48B69A44692-FollowerState was interrupted: java.lang.InterruptedException: sleep interrupted
2019-10-19 01:04:44,227 [a1c78c0e-869c-4f76-b4ce-2034448e0b80@group-D48B69A44692-LeaderElection243] INFO  impl.LeaderElection (LeaderElection.java:logAndReturn(56)) - a1c78c0e-869c-4f76-b4ce-2034448e0b80@group-D48B69A44692-LeaderElection243: Election REJECTED; received 2 response(s) [a1c78c0e-869c-4f76-b4ce-2034448e0b80<-51276c3c-a3b8-4274-b089-592ff4589f41#0:FAIL-t133, a1c78c0e-869c-4f76-b4ce-2034448e0b80<-64c90977-e867-487c-b50d-c226f2d34a76#0:FAIL-t133] and 0 exception(s); a1c78c0e-869c-4f76-b4ce-2034448e0b80@group-D48B69A44692:t133, leader=null, voted=a1c78c0e-869c-4f76-b4ce-2034448e0b80, raftlog=a1c78c0e-869c-4f76-b4ce-2034448e0b80@group-D48B69A44692-SegmentedRaftLog:OPENED:c-1,f-1,i0, conf=-1: [51276c3c-a3b8-4274-b089-592ff4589f41:192.168.157.213:36639, 64c90977-e867-487c-b50d-c226f2d34a76:192.168.157.213:37433, a1c78c0e-869c-4f76-b4ce-2034448e0b80:192.168.157.213:33501], old=null
2019-10-19 01:04:44,227 [a1c78c0e-869c-4f76-b4ce-2034448e0b80@group-D48B69A44692-LeaderElection243] INFO  impl.RaftServerImpl (RaftServerImpl.java:setRole(184)) - a1c78c0e-869c-4f76-b4ce-2034448e0b80@group-D48B69A44692: changes role from CANDIDATE to FOLLOWER at term 133 for DISCOVERED_A_NEW_TERM
2019-10-19 01:04:44,227 [a1c78c0e-869c-4f76-b4ce-2034448e0b80@group-D48B69A44692-LeaderElection243] INFO  impl.RoleInfo (RoleInfo.java:shutdownLeaderElection(134)) - a1c78c0e-869c-4f76-b4ce-2034448e0b80: shutdown LeaderElection
2019-10-19 01:04:44,228 [a1c78c0e-869c-4f76-b4ce-2034448e0b80@group-D48B69A44692-LeaderElection243] INFO  impl.RoleInfo (RoleInfo.java:updateAndGet(143)) - a1c78c0e-869c-4f76-b4ce-2034448e0b80: start FollowerState
2019-10-19 01:04:44,234 [ForkJoinPool.commonPool-worker-0] INFO  utils.BackgroundService (BackgroundService.java:shutdown(151)) - Shutting down service BlockDeletingService
2019-10-19 01:04:44,242 [ForkJoinPool.commonPool-worker-0] INFO  statemachine.DatanodeStateMachine (DatanodeStateMachine.java:stopDaemon(395)) - Ozone container server stopped.
2019-10-19 01:04:44,247 [ForkJoinPool.commonPool-worker-0] INFO  handler.ContextHandler (ContextHandler.java:doStop(910)) - Stopped o.e.j.w.WebAppContext@6edcad64{/,null,UNAVAILABLE}{/hddsDatanode}
2019-10-19 01:04:44,248 [main] INFO  utils.BackgroundService (BackgroundService.java:shutdown(151)) - Shutting down service BlockDeletingService
2019-10-19 01:04:44,248 [ForkJoinPool.commonPool-worker-0] INFO  server.AbstractConnector (AbstractConnector.java:doStop(318)) - Stopped ServerConnector@4c6007fb{HTTP/1.1,[http/1.1]}{0.0.0.0:0}
2019-10-19 01:04:44,250 [ForkJoinPool.commonPool-worker-0] INFO  handler.ContextHandler (ContextHandler.java:doStop(910)) - Stopped o.e.j.s.ServletContextHandler@3968bc60{/static,jar:file:/home/user/.m2/repository/org/apache/hadoop/hadoop-hdds-container-service/0.5.0-SNAPSHOT/hadoop-hdds-container-service-0.5.0-SNAPSHOT.jar!/webapps/static,UNAVAILABLE}
2019-10-19 01:04:44,253 [ForkJoinPool.commonPool-worker-0] INFO  handler.ContextHandler (ContextHandler.java:doStop(910)) - Stopped o.e.j.s.ServletContextHandler@767a014e{/logs,file:///workdir/hadoop-ozone/integration-test/target/log,UNAVAILABLE}
2019-10-19 01:04:44,254 [main] INFO  statemachine.DatanodeStateMachine (DatanodeStateMachine.java:stopDaemon(395)) - Ozone container server stopped.
2019-10-19 01:04:44,256 [main] INFO  handler.ContextHandler (ContextHandler.java:doStop(910)) - Stopped o.e.j.w.WebAppContext@715b886f{/,null,UNAVAILABLE}{/hddsDatanode}
2019-10-19 01:04:44,257 [main] INFO  server.AbstractConnector (AbstractConnector.java:doStop(318)) - Stopped ServerConnector@7fb29ca9{HTTP/1.1,[http/1.1]}{0.0.0.0:0}
2019-10-19 01:04:44,257 [main] INFO  handler.ContextHandler (ContextHandler.java:doStop(910)) - Stopped o.e.j.s.ServletContextHandler@4c1bdcc2{/static,jar:file:/home/user/.m2/repository/org/apache/hadoop/hadoop-hdds-container-service/0.5.0-SNAPSHOT/hadoop-hdds-container-service-0.5.0-SNAPSHOT.jar!/webapps/static,UNAVAILABLE}
2019-10-19 01:04:44,257 [main] INFO  handler.ContextHandler (ContextHandler.java:doStop(910)) - Stopped o.e.j.s.ServletContextHandler@1305c126{/logs,file:///workdir/hadoop-ozone/integration-test/target/log,UNAVAILABLE}
2019-10-19 01:04:44,258 [Thread-2055] INFO  impl.FollowerState (FollowerState.java:run(108)) - a1c78c0e-869c-4f76-b4ce-2034448e0b80@group-D48B69A44692-FollowerState: change to CANDIDATE, lastRpcTime:30ms, electionTimeout:30ms
2019-10-19 01:04:44,258 [Thread-2055] INFO  impl.RoleInfo (RoleInfo.java:shutdownFollowerState(121)) - a1c78c0e-869c-4f76-b4ce-2034448e0b80: shutdown FollowerState
2019-10-19 01:04:44,258 [Thread-2055] INFO  impl.RaftServerImpl (RaftServerImpl.java:setRole(184)) - a1c78c0e-869c-4f76-b4ce-2034448e0b80@group-D48B69A44692: changes role from  FOLLOWER to CANDIDATE at term 133 for changeToCandidate
2019-10-19 01:04:44,259 [Thread-2055] INFO  impl.RoleInfo (RoleInfo.java:updateAndGet(143)) - a1c78c0e-869c-4f76-b4ce-2034448e0b80: start LeaderElection
2019-10-19 01:04:44,284 [a1c78c0e-869c-4f76-b4ce-2034448e0b80@group-D48B69A44692-LeaderElection244] INFO  impl.LeaderElection (LeaderElection.java:askForVotes(178)) - a1c78c0e-869c-4f76-b4ce-2034448e0b80@group-D48B69A44692-LeaderElection244: begin an election at term 134 for -1: [51276c3c-a3b8-4274-b089-592ff4589f41:192.168.157.213:36639, 64c90977-e867-487c-b50d-c226f2d34a76:192.168.157.213:37433, a1c78c0e-869c-4f76-b4ce-2034448e0b80:192.168.157.213:33501], old=null
2019-10-19 01:04:44,286 [grpc-default-executor-1] INFO  impl.RaftServerImpl (RaftServerImpl.java:setRole(184)) - 64c90977-e867-487c-b50d-c226f2d34a76@group-D48B69A44692: changes role from  FOLLOWER to FOLLOWER at term 134 for recognizeCandidate:a1c78c0e-869c-4f76-b4ce-2034448e0b80
2019-10-19 01:04:44,286 [grpc-default-executor-7] INFO  impl.RaftServerImpl (RaftServerImpl.java:setRole(184)) - 51276c3c-a3b8-4274-b089-592ff4589f41@group-D48B69A44692: changes role from  FOLLOWER to FOLLOWER at term 134 for recognizeCandidate:a1c78c0e-869c-4f76-b4ce-2034448e0b80
2019-10-19 01:04:44,286 [grpc-default-executor-1] INFO  impl.RoleInfo (RoleInfo.java:shutdownFollowerState(121)) - 64c90977-e867-487c-b50d-c226f2d34a76: shutdown FollowerState
2019-10-19 01:04:44,286 [grpc-default-executor-7] INFO  impl.RoleInfo (RoleInfo.java:shutdownFollowerState(121)) - 51276c3c-a3b8-4274-b089-592ff4589f41: shutdown FollowerState
2019-10-19 01:04:44,286 [grpc-default-executor-1] INFO  impl.RoleInfo (RoleInfo.java:updateAndGet(143)) - 64c90977-e867-487c-b50d-c226f2d34a76: start FollowerState
2019-10-19 01:04:44,286 [grpc-default-executor-7] INFO  impl.RoleInfo (RoleInfo.java:updateAndGet(143)) - 51276c3c-a3b8-4274-b089-592ff4589f41: start FollowerState
2019-10-19 01:04:44,286 [Thread-2053] INFO  impl.FollowerState (FollowerState.java:run(117)) - 64c90977-e867-487c-b50d-c226f2d34a76@group-D48B69A44692-FollowerState was interrupted: java.lang.InterruptedException: sleep interrupted
2019-10-19 01:04:44,287 [Thread-2054] INFO  impl.FollowerState (FollowerState.java:run(117)) - 51276c3c-a3b8-4274-b089-592ff4589f41@group-D48B69A44692-FollowerState was interrupted: java.lang.InterruptedException: sleep interrupted
2019-10-19 01:04:44,300 [a1c78c0e-869c-4f76-b4ce-2034448e0b80@group-D48B69A44692-LeaderElection244] INFO  impl.LeaderElection (LeaderElection.java:logAndReturn(56)) - a1c78c0e-869c-4f76-b4ce-2034448e0b80@group-D48B69A44692-LeaderElection244: Election REJECTED; received 2 response(s) [a1c78c0e-869c-4f76-b4ce-2034448e0b80<-51276c3c-a3b8-4274-b089-592ff4589f41#0:FAIL-t134, a1c78c0e-869c-4f76-b4ce-2034448e0b80<-64c90977-e867-487c-b50d-c226f2d34a76#0:FAIL-t134] and 0 exception(s); a1c78c0e-869c-4f76-b4ce-2034448e0b80@group-D48B69A44692:t134, leader=null, voted=a1c78c0e-869c-4f76-b4ce-2034448e0b80, raftlog=a1c78c0e-869c-4f76-b4ce-2034448e0b80@group-D48B69A44692-SegmentedRaftLog:OPENED:c-1,f-1,i0, conf=-1: [51276c3c-a3b8-4274-b089-592ff4589f41:192.168.157.213:36639, 64c90977-e867-487c-b50d-c226f2d34a76:192.168.157.213:37433, a1c78c0e-869c-4f76-b4ce-2034448e0b80:192.168.157.213:33501], old=null
2019-10-19 01:04:44,301 [a1c78c0e-869c-4f76-b4ce-2034448e0b80@group-D48B69A44692-LeaderElection244] INFO  impl.RaftServerImpl (RaftServerImpl.java:setRole(184)) - a1c78c0e-869c-4f76-b4ce-2034448e0b80@group-D48B69A44692: changes role from CANDIDATE to FOLLOWER at term 134 for DISCOVERED_A_NEW_TERM
2019-10-19 01:04:44,301 [a1c78c0e-869c-4f76-b4ce-2034448e0b80@group-D48B69A44692-LeaderElection244] INFO  impl.RoleInfo (RoleInfo.java:shutdownLeaderElection(134)) - a1c78c0e-869c-4f76-b4ce-2034448e0b80: shutdown LeaderElection
2019-10-19 01:04:44,301 [a1c78c0e-869c-4f76-b4ce-2034448e0b80@group-D48B69A44692-LeaderElection244] INFO  impl.RoleInfo (RoleInfo.java:updateAndGet(143)) - a1c78c0e-869c-4f76-b4ce-2034448e0b80: start FollowerState
2019-10-19 01:04:44,479 [Thread-2063] INFO  impl.FollowerState (FollowerState.java:run(108)) - a1c78c0e-869c-4f76-b4ce-2034448e0b80@group-D48B69A44692-FollowerState: change to CANDIDATE, lastRpcTime:178ms, electionTimeout:178ms
2019-10-19 01:04:44,479 [Thread-2063] INFO  impl.RoleInfo (RoleInfo.java:shutdownFollowerState(121)) - a1c78c0e-869c-4f76-b4ce-2034448e0b80: shutdown FollowerState
2019-10-19 01:04:44,479 [Thread-2063] INFO  impl.RaftServerImpl (RaftServerImpl.java:setRole(184)) - a1c78c0e-869c-4f76-b4ce-2034448e0b80@group-D48B69A44692: changes role from  FOLLOWER to CANDIDATE at term 134 for changeToCandidate
2019-10-19 01:04:44,480 [Thread-2063] INFO  impl.RoleInfo (RoleInfo.java:updateAndGet(143)) - a1c78c0e-869c-4f76-b4ce-2034448e0b80: start LeaderElection
2019-10-19 01:04:44,493 [a1c78c0e-869c-4f76-b4ce-2034448e0b80@group-D48B69A44692-LeaderElection245] INFO  impl.LeaderElection (LeaderElection.java:askForVotes(178)) - a1c78c0e-869c-4f76-b4ce-2034448e0b80@group-D48B69A44692-LeaderElection245: begin an election at term 135 for -1: [51276c3c-a3b8-4274-b089-592ff4589f41:192.168.157.213:36639, 64c90977-e867-487c-b50d-c226f2d34a76:192.168.157.213:37433, a1c78c0e-869c-4f76-b4ce-2034448e0b80:192.168.157.213:33501], old=null
2019-10-19 01:04:44,496 [grpc-default-executor-1] INFO  impl.RaftServerImpl (RaftServerImpl.java:setRole(184)) - 64c90977-e867-487c-b50d-c226f2d34a76@group-D48B69A44692: changes role from  FOLLOWER to FOLLOWER at term 135 for recognizeCandidate:a1c78c0e-869c-4f76-b4ce-2034448e0b80
2019-10-19 01:04:44,496 [grpc-default-executor-1] INFO  impl.RoleInfo (RoleInfo.java:shutdownFollowerState(121)) - 64c90977-e867-487c-b50d-c226f2d34a76: shutdown FollowerState
2019-10-19 01:04:44,496 [grpc-default-executor-1] INFO  impl.RoleInfo (RoleInfo.java:updateAndGet(143)) - 64c90977-e867-487c-b50d-c226f2d34a76: start FollowerState
2019-10-19 01:04:44,496 [grpc-default-executor-4] INFO  impl.RaftServerImpl (RaftServerImpl.java:setRole(184)) - 51276c3c-a3b8-4274-b089-592ff4589f41@group-D48B69A44692: changes role from  FOLLOWER to FOLLOWER at term 135 for recognizeCandidate:a1c78c0e-869c-4f76-b4ce-2034448e0b80
2019-10-19 01:04:44,496 [Thread-2061] INFO  impl.FollowerState (FollowerState.java:run(117)) - 64c90977-e867-487c-b50d-c226f2d34a76@group-D48B69A44692-FollowerState was interrupted: java.lang.InterruptedException: sleep interrupted
2019-10-19 01:04:44,496 [grpc-default-executor-4] INFO  impl.RoleInfo (RoleInfo.java:shutdownFollowerState(121)) - 51276c3c-a3b8-4274-b089-592ff4589f41: shutdown FollowerState
2019-10-19 01:04:44,497 [Thread-2062] INFO  impl.FollowerState (FollowerState.java:run(117)) - 51276c3c-a3b8-4274-b089-592ff4589f41@group-D48B69A44692-FollowerState was interrupted: java.lang.InterruptedException: sleep interrupted
2019-10-19 01:04:44,497 [grpc-default-executor-4] INFO  impl.RoleInfo (RoleInfo.java:updateAndGet(143)) - 51276c3c-a3b8-4274-b089-592ff4589f41: start FollowerState
2019-10-19 01:04:44,499 [a1c78c0e-869c-4f76-b4ce-2034448e0b80@group-D48B69A44692-LeaderElection245] INFO  impl.LeaderElection (LeaderElection.java:logAndReturn(56)) - a1c78c0e-869c-4f76-b4ce-2034448e0b80@group-D48B69A44692-LeaderElection245: Election TIMEOUT; received 0 response(s) [] and 0 exception(s); a1c78c0e-869c-4f76-b4ce-2034448e0b80@group-D48B69A44692:t135, leader=null, voted=a1c78c0e-869c-4f76-b4ce-2034448e0b80, raftlog=a1c78c0e-869c-4f76-b4ce-2034448e0b80@group-D48B69A44692-SegmentedRaftLog:OPENED:c-1,f-1,i0, conf=-1: [51276c3c-a3b8-4274-b089-592ff4589f41:192.168.157.213:36639, 64c90977-e867-487c-b50d-c226f2d34a76:192.168.157.213:37433, a1c78c0e-869c-4f76-b4ce-2034448e0b80:192.168.157.213:33501], old=null
2019-10-19 01:04:44,510 [a1c78c0e-869c-4f76-b4ce-2034448e0b80@group-D48B69A44692-LeaderElection245] INFO  impl.LeaderElection (LeaderElection.java:askForVotes(178)) - a1c78c0e-869c-4f76-b4ce-2034448e0b80@group-D48B69A44692-LeaderElection245: begin an election at term 136 for -1: [51276c3c-a3b8-4274-b089-592ff4589f41:192.168.157.213:36639, 64c90977-e867-487c-b50d-c226f2d34a76:192.168.157.213:37433, a1c78c0e-869c-4f76-b4ce-2034448e0b80:192.168.157.213:33501], old=null
2019-10-19 01:04:44,512 [grpc-default-executor-1] INFO  impl.RaftServerImpl (RaftServerImpl.java:setRole(184)) - 51276c3c-a3b8-4274-b089-592ff4589f41@group-D48B69A44692: changes role from  FOLLOWER to FOLLOWER at term 136 for recognizeCandidate:a1c78c0e-869c-4f76-b4ce-2034448e0b80
2019-10-19 01:04:44,512 [grpc-default-executor-4] INFO  impl.RaftServerImpl (RaftServerImpl.java:setRole(184)) - 64c90977-e867-487c-b50d-c226f2d34a76@group-D48B69A44692: changes role from  FOLLOWER to FOLLOWER at term 136 for recognizeCandidate:a1c78c0e-869c-4f76-b4ce-2034448e0b80
2019-10-19 01:04:44,513 [grpc-default-executor-1] INFO  impl.RoleInfo (RoleInfo.java:shutdownFollowerState(121)) - 51276c3c-a3b8-4274-b089-592ff4589f41: shutdown FollowerState
2019-10-19 01:04:44,513 [grpc-default-executor-4] INFO  impl.RoleInfo (RoleInfo.java:shutdownFollowerState(121)) - 64c90977-e867-487c-b50d-c226f2d34a76: shutdown FollowerState
2019-10-19 01:04:44,513 [Thread-2068] INFO  impl.FollowerState (FollowerState.java:run(117)) - 51276c3c-a3b8-4274-b089-592ff4589f41@group-D48B69A44692-FollowerState was interrupted: java.lang.InterruptedException: sleep interrupted
2019-10-19 01:04:44,513 [grpc-default-executor-1] INFO  impl.RoleInfo (RoleInfo.java:updateAndGet(143)) - 51276c3c-a3b8-4274-b089-592ff4589f41: start FollowerState
2019-10-19 01:04:44,513 [grpc-default-executor-4] INFO  impl.RoleInfo (RoleInfo.java:updateAndGet(143)) - 64c90977-e867-487c-b50d-c226f2d34a76: start FollowerState
2019-10-19 01:04:44,513 [Thread-2067] INFO  impl.FollowerState (FollowerState.java:run(117)) - 64c90977-e867-487c-b50d-c226f2d34a76@group-D48B69A44692-FollowerState was interrupted: java.lang.InterruptedException: sleep interrupted
2019-10-19 01:04:44,527 [a1c78c0e-869c-4f76-b4ce-2034448e0b80@group-D48B69A44692-LeaderElection245] INFO  impl.LeaderElection (LeaderElection.java:logAndReturn(56)) - a1c78c0e-869c-4f76-b4ce-2034448e0b80@group-D48B69A44692-LeaderElection245: Election REJECTED; received 2 response(s) [a1c78c0e-869c-4f76-b4ce-2034448e0b80<-51276c3c-a3b8-4274-b089-592ff4589f41#0:FAIL-t136, a1c78c0e-869c-4f76-b4ce-2034448e0b80<-64c90977-e867-487c-b50d-c226f2d34a76#0:FAIL-t136] and 0 exception(s); a1c78c0e-869c-4f76-b4ce-2034448e0b80@group-D48B69A44692:t136, leader=null, voted=a1c78c0e-869c-4f76-b4ce-2034448e0b80, raftlog=a1c78c0e-869c-4f76-b4ce-2034448e0b80@group-D48B69A44692-SegmentedRaftLog:OPENED:c-1,f-1,i0, conf=-1: [51276c3c-a3b8-4274-b089-592ff4589f41:192.168.157.213:36639, 64c90977-e867-487c-b50d-c226f2d34a76:192.168.157.213:37433, a1c78c0e-869c-4f76-b4ce-2034448e0b80:192.168.157.213:33501], old=null
2019-10-19 01:04:44,527 [a1c78c0e-869c-4f76-b4ce-2034448e0b80@group-D48B69A44692-LeaderElection245] INFO  impl.RaftServerImpl (RaftServerImpl.java:setRole(184)) - a1c78c0e-869c-4f76-b4ce-2034448e0b80@group-D48B69A44692: changes role from CANDIDATE to FOLLOWER at term 136 for DISCOVERED_A_NEW_TERM
2019-10-19 01:04:44,527 [a1c78c0e-869c-4f76-b4ce-2034448e0b80@group-D48B69A44692-LeaderElection245] INFO  impl.RoleInfo (RoleInfo.java:shutdownLeaderElection(134)) - a1c78c0e-869c-4f76-b4ce-2034448e0b80: shutdown LeaderElection
2019-10-19 01:04:44,527 [a1c78c0e-869c-4f76-b4ce-2034448e0b80@group-D48B69A44692-LeaderElection245] INFO  impl.RoleInfo (RoleInfo.java:updateAndGet(143)) - a1c78c0e-869c-4f76-b4ce-2034448e0b80: start FollowerState
2019-10-19 01:04:44,580 [Thread-2073] INFO  impl.FollowerState (FollowerState.java:run(108)) - a1c78c0e-869c-4f76-b4ce-2034448e0b80@group-D48B69A44692-FollowerState: change to CANDIDATE, lastRpcTime:52ms, electionTimeout:52ms
2019-10-19 01:04:44,580 [Thread-2073] INFO  impl.RoleInfo (RoleInfo.java:shutdownFollowerState(121)) - a1c78c0e-869c-4f76-b4ce-2034448e0b80: shutdown FollowerState
2019-10-19 01:04:44,580 [Thread-2073] INFO  impl.RaftServerImpl (RaftServerImpl.java:setRole(184)) - a1c78c0e-869c-4f76-b4ce-2034448e0b80@group-D48B69A44692: changes role from  FOLLOWER to CANDIDATE at term 136 for changeToCandidate
2019-10-19 01:04:44,580 [Thread-2073] INFO  impl.RoleInfo (RoleInfo.java:updateAndGet(143)) - a1c78c0e-869c-4f76-b4ce-2034448e0b80: start LeaderElection
2019-10-19 01:04:44,591 [a1c78c0e-869c-4f76-b4ce-2034448e0b80@group-D48B69A44692-LeaderElection246] INFO  impl.LeaderElection (LeaderElection.java:askForVotes(178)) - a1c78c0e-869c-4f76-b4ce-2034448e0b80@group-D48B69A44692-LeaderElection246: begin an election at term 137 for -1: [51276c3c-a3b8-4274-b089-592ff4589f41:192.168.157.213:36639, 64c90977-e867-487c-b50d-c226f2d34a76:192.168.157.213:37433, a1c78c0e-869c-4f76-b4ce-2034448e0b80:192.168.157.213:33501], old=null
2019-10-19 01:04:44,593 [grpc-default-executor-1] INFO  impl.RaftServerImpl (RaftServerImpl.java:setRole(184)) - 51276c3c-a3b8-4274-b089-592ff4589f41@group-D48B69A44692: changes role from  FOLLOWER to FOLLOWER at term 137 for recognizeCandidate:a1c78c0e-869c-4f76-b4ce-2034448e0b80
2019-10-19 01:04:44,593 [grpc-default-executor-1] INFO  impl.RoleInfo (RoleInfo.java:shutdownFollowerState(121)) - 51276c3c-a3b8-4274-b089-592ff4589f41: shutdown FollowerState
2019-10-19 01:04:44,593 [grpc-default-executor-4] INFO  impl.RaftServerImpl (RaftServerImpl.java:setRole(184)) - 64c90977-e867-487c-b50d-c226f2d34a76@group-D48B69A44692: changes role from  FOLLOWER to FOLLOWER at term 137 for recognizeCandidate:a1c78c0e-869c-4f76-b4ce-2034448e0b80
2019-10-19 01:04:44,594 [grpc-default-executor-4] INFO  impl.RoleInfo (RoleInfo.java:shutdownFollowerState(121)) - 64c90977-e867-487c-b50d-c226f2d34a76: shutdown FollowerState
2019-10-19 01:04:44,593 [Thread-2071] INFO  impl.FollowerState (FollowerState.java:run(117)) - 51276c3c-a3b8-4274-b089-592ff4589f41@group-D48B69A44692-FollowerState was interrupted: java.lang.InterruptedException: sleep interrupted
2019-10-19 01:04:44,594 [Thread-2072] INFO  impl.FollowerState (FollowerState.java:run(117)) - 64c90977-e867-487c-b50d-c226f2d34a76@group-D48B69A44692-FollowerState was interrupted: java.lang.InterruptedException: sleep interrupted
2019-10-19 01:04:44,593 [grpc-default-executor-1] INFO  impl.RoleInfo (RoleInfo.java:updateAndGet(143)) - 51276c3c-a3b8-4274-b089-592ff4589f41: start FollowerState
2019-10-19 01:04:44,594 [grpc-default-executor-4] INFO  impl.RoleInfo (RoleInfo.java:updateAndGet(143)) - 64c90977-e867-487c-b50d-c226f2d34a76: start FollowerState
2019-10-19 01:04:44,607 [a1c78c0e-869c-4f76-b4ce-2034448e0b80@group-D48B69A44692-LeaderElection246] INFO  impl.LeaderElection (LeaderElection.java:logAndReturn(56)) - a1c78c0e-869c-4f76-b4ce-2034448e0b80@group-D48B69A44692-LeaderElection246: Election REJECTED; received 2 response(s) [a1c78c0e-869c-4f76-b4ce-2034448e0b80<-51276c3c-a3b8-4274-b089-592ff4589f41#0:FAIL-t137, a1c78c0e-869c-4f76-b4ce-2034448e0b80<-64c90977-e867-487c-b50d-c226f2d34a76#0:FAIL-t137] and 0 exception(s); a1c78c0e-869c-4f76-b4ce-2034448e0b80@group-D48B69A44692:t137, leader=null, voted=a1c78c0e-869c-4f76-b4ce-2034448e0b80, raftlog=a1c78c0e-869c-4f76-b4ce-2034448e0b80@group-D48B69A44692-SegmentedRaftLog:OPENED:c-1,f-1,i0, conf=-1: [51276c3c-a3b8-4274-b089-592ff4589f41:192.168.157.213:36639, 64c90977-e867-487c-b50d-c226f2d34a76:192.168.157.213:37433, a1c78c0e-869c-4f76-b4ce-2034448e0b80:192.168.157.213:33501], old=null
2019-10-19 01:04:44,607 [a1c78c0e-869c-4f76-b4ce-2034448e0b80@group-D48B69A44692-LeaderElection246] INFO  impl.RaftServerImpl (RaftServerImpl.java:setRole(184)) - a1c78c0e-869c-4f76-b4ce-2034448e0b80@group-D48B69A44692: changes role from CANDIDATE to FOLLOWER at term 137 for DISCOVERED_A_NEW_TERM
2019-10-19 01:04:44,607 [a1c78c0e-869c-4f76-b4ce-2034448e0b80@group-D48B69A44692-LeaderElection246] INFO  impl.RoleInfo (RoleInfo.java:shutdownLeaderElection(134)) - a1c78c0e-869c-4f76-b4ce-2034448e0b80: shutdown LeaderElection
2019-10-19 01:04:44,608 [a1c78c0e-869c-4f76-b4ce-2034448e0b80@group-D48B69A44692-LeaderElection246] INFO  impl.RoleInfo (RoleInfo.java:updateAndGet(143)) - a1c78c0e-869c-4f76-b4ce-2034448e0b80: start FollowerState
2019-10-19 01:04:44,750 [Thread-2079] INFO  impl.FollowerState (FollowerState.java:run(108)) - a1c78c0e-869c-4f76-b4ce-2034448e0b80@group-D48B69A44692-FollowerState: change to CANDIDATE, lastRpcTime:142ms, electionTimeout:142ms
2019-10-19 01:04:44,750 [Thread-2079] INFO  impl.RoleInfo (RoleInfo.java:shutdownFollowerState(121)) - a1c78c0e-869c-4f76-b4ce-2034448e0b80: shutdown FollowerState
2019-10-19 01:04:44,750 [Thread-2079] INFO  impl.RaftServerImpl (RaftServerImpl.java:setRole(184)) - a1c78c0e-869c-4f76-b4ce-2034448e0b80@group-D48B69A44692: changes role from  FOLLOWER to CANDIDATE at term 137 for changeToCandidate
2019-10-19 01:04:44,751 [Thread-2079] INFO  impl.RoleInfo (RoleInfo.java:updateAndGet(143)) - a1c78c0e-869c-4f76-b4ce-2034448e0b80: start LeaderElection
2019-10-19 01:04:44,764 [a1c78c0e-869c-4f76-b4ce-2034448e0b80@group-D48B69A44692-LeaderElection247] INFO  impl.LeaderElection (LeaderElection.java:askForVotes(178)) - a1c78c0e-869c-4f76-b4ce-2034448e0b80@group-D48B69A44692-LeaderElection247: begin an election at term 138 for -1: [51276c3c-a3b8-4274-b089-592ff4589f41:192.168.157.213:36639, 64c90977-e867-487c-b50d-c226f2d34a76:192.168.157.213:37433, a1c78c0e-869c-4f76-b4ce-2034448e0b80:192.168.157.213:33501], old=null
2019-10-19 01:04:44,766 [grpc-default-executor-7] INFO  impl.RaftServerImpl (RaftServerImpl.java:setRole(184)) - 51276c3c-a3b8-4274-b089-592ff4589f41@group-D48B69A44692: changes role from  FOLLOWER to FOLLOWER at term 138 for recognizeCandidate:a1c78c0e-869c-4f76-b4ce-2034448e0b80
2019-10-19 01:04:44,767 [grpc-default-executor-7] INFO  impl.RoleInfo (RoleInfo.java:shutdownFollowerState(121)) - 51276c3c-a3b8-4274-b089-592ff4589f41: shutdown FollowerState
2019-10-19 01:04:44,767 [grpc-default-executor-7] INFO  impl.RoleInfo (RoleInfo.java:updateAndGet(143)) - 51276c3c-a3b8-4274-b089-592ff4589f41: start FollowerState
2019-10-19 01:04:44,767 [Thread-2077] INFO  impl.FollowerState (FollowerState.java:run(117)) - 51276c3c-a3b8-4274-b089-592ff4589f41@group-D48B69A44692-FollowerState was interrupted: java.lang.InterruptedException: sleep interrupted
2019-10-19 01:04:44,767 [grpc-default-executor-1] INFO  impl.RaftServerImpl (RaftServerImpl.java:setRole(184)) - 64c90977-e867-487c-b50d-c226f2d34a76@group-D48B69A44692: changes role from  FOLLOWER to FOLLOWER at term 138 for recognizeCandidate:a1c78c0e-869c-4f76-b4ce-2034448e0b80
2019-10-19 01:04:44,767 [grpc-default-executor-1] INFO  impl.RoleInfo (RoleInfo.java:shutdownFollowerState(121)) - 64c90977-e867-487c-b50d-c226f2d34a76: shutdown FollowerState
2019-10-19 01:04:44,768 [Thread-2078] INFO  impl.FollowerState (FollowerState.java:run(117)) - 64c90977-e867-487c-b50d-c226f2d34a76@group-D48B69A44692-FollowerState was interrupted: java.lang.InterruptedException: sleep interrupted
2019-10-19 01:04:44,768 [grpc-default-executor-1] INFO  impl.RoleInfo (RoleInfo.java:updateAndGet(143)) - 64c90977-e867-487c-b50d-c226f2d34a76: start FollowerState
2019-10-19 01:04:44,781 [a1c78c0e-869c-4f76-b4ce-2034448e0b80@group-D48B69A44692-LeaderElection247] INFO  impl.LeaderElection (LeaderElection.java:logAndReturn(56)) - a1c78c0e-869c-4f76-b4ce-2034448e0b80@group-D48B69A44692-LeaderElection247: Election REJECTED; received 2 response(s) [a1c78c0e-869c-4f76-b4ce-2034448e0b80<-51276c3c-a3b8-4274-b089-592ff4589f41#0:FAIL-t138, a1c78c0e-869c-4f76-b4ce-2034448e0b80<-64c90977-e867-487c-b50d-c226f2d34a76#0:FAIL-t138] and 0 exception(s); a1c78c0e-869c-4f76-b4ce-2034448e0b80@group-D48B69A44692:t138, leader=null, voted=a1c78c0e-869c-4f76-b4ce-2034448e0b80, raftlog=a1c78c0e-869c-4f76-b4ce-2034448e0b80@group-D48B69A44692-SegmentedRaftLog:OPENED:c-1,f-1,i0, conf=-1: [51276c3c-a3b8-4274-b089-592ff4589f41:192.168.157.213:36639, 64c90977-e867-487c-b50d-c226f2d34a76:192.168.157.213:37433, a1c78c0e-869c-4f76-b4ce-2034448e0b80:192.168.157.213:33501], old=null
2019-10-19 01:04:44,781 [a1c78c0e-869c-4f76-b4ce-2034448e0b80@group-D48B69A44692-LeaderElection247] INFO  impl.RaftServerImpl (RaftServerImpl.java:setRole(184)) - a1c78c0e-869c-4f76-b4ce-2034448e0b80@group-D48B69A44692: changes role from CANDIDATE to FOLLOWER at term 138 for DISCOVERED_A_NEW_TERM
2019-10-19 01:04:44,781 [a1c78c0e-869c-4f76-b4ce-2034448e0b80@group-D48B69A44692-LeaderElection247] INFO  impl.RoleInfo (RoleInfo.java:shutdownLeaderElection(134)) - a1c78c0e-869c-4f76-b4ce-2034448e0b80: shutdown LeaderElection
2019-10-19 01:04:44,781 [a1c78c0e-869c-4f76-b4ce-2034448e0b80@group-D48B69A44692-LeaderElection247] INFO  impl.RoleInfo (RoleInfo.java:updateAndGet(143)) - a1c78c0e-869c-4f76-b4ce-2034448e0b80: start FollowerState
2019-10-19 01:04:44,789 [Datanode State Machine Thread - 0] INFO  statemachine.DatanodeStateMachine (DatanodeStateMachine.java:lambda$startDaemon$0(350)) - Ozone container server started.
2019-10-19 01:04:44,967 [Thread-2087] INFO  impl.FollowerState (FollowerState.java:run(108)) - a1c78c0e-869c-4f76-b4ce-2034448e0b80@group-D48B69A44692-FollowerState: change to CANDIDATE, lastRpcTime:185ms, electionTimeout:185ms
2019-10-19 01:04:44,967 [Thread-2087] INFO  impl.RoleInfo (RoleInfo.java:shutdownFollowerState(121)) - a1c78c0e-869c-4f76-b4ce-2034448e0b80: shutdown FollowerState
2019-10-19 01:04:44,967 [Thread-2087] INFO  impl.RaftServerImpl (RaftServerImpl.java:setRole(184)) - a1c78c0e-869c-4f76-b4ce-2034448e0b80@group-D48B69A44692: changes role from  FOLLOWER to CANDIDATE at term 138 for changeToCandidate
2019-10-19 01:04:44,967 [Thread-2087] INFO  impl.RoleInfo (RoleInfo.java:updateAndGet(143)) - a1c78c0e-869c-4f76-b4ce-2034448e0b80: start LeaderElection
2019-10-19 01:04:44,983 [a1c78c0e-869c-4f76-b4ce-2034448e0b80@group-D48B69A44692-LeaderElection248] INFO  impl.LeaderElection (LeaderElection.java:askForVotes(178)) - a1c78c0e-869c-4f76-b4ce-2034448e0b80@group-D48B69A44692-LeaderElection248: begin an election at term 139 for -1: [51276c3c-a3b8-4274-b089-592ff4589f41:192.168.157.213:36639, 64c90977-e867-487c-b50d-c226f2d34a76:192.168.157.213:37433, a1c78c0e-869c-4f76-b4ce-2034448e0b80:192.168.157.213:33501], old=null
2019-10-19 01:04:44,985 [grpc-default-executor-7] INFO  impl.RaftServerImpl (RaftServerImpl.java:setRole(184)) - 51276c3c-a3b8-4274-b089-592ff4589f41@group-D48B69A44692: changes role from  FOLLOWER to FOLLOWER at term 139 for recognizeCandidate:a1c78c0e-869c-4f76-b4ce-2034448e0b80
2019-10-19 01:04:44,985 [grpc-default-executor-7] INFO  impl.RoleInfo (RoleInfo.java:shutdownFollowerState(121)) - 51276c3c-a3b8-4274-b089-592ff4589f41: shutdown FollowerState
2019-10-19 01:04:44,986 [grpc-default-executor-7] INFO  impl.RoleInfo (RoleInfo.java:updateAndGet(143)) - 51276c3c-a3b8-4274-b089-592ff4589f41: start FollowerState
2019-10-19 01:04:44,986 [Thread-2085] INFO  impl.FollowerState (FollowerState.java:run(117)) - 51276c3c-a3b8-4274-b089-592ff4589f41@group-D48B69A44692-FollowerState was interrupted: java.lang.InterruptedException: sleep interrupted
2019-10-19 01:04:44,986 [grpc-default-executor-1] INFO  impl.RaftServerImpl (RaftServerImpl.java:setRole(184)) - 64c90977-e867-487c-b50d-c226f2d34a76@group-D48B69A44692: changes role from  FOLLOWER to FOLLOWER at term 139 for recognizeCandidate:a1c78c0e-869c-4f76-b4ce-2034448e0b80
2019-10-19 01:04:44,986 [grpc-default-executor-1] INFO  impl.RoleInfo (RoleInfo.java:shutdownFollowerState(121)) - 64c90977-e867-487c-b50d-c226f2d34a76: shutdown FollowerState
2019-10-19 01:04:44,986 [grpc-default-executor-1] INFO  impl.RoleInfo (RoleInfo.java:updateAndGet(143)) - 64c90977-e867-487c-b50d-c226f2d34a76: start FollowerState
2019-10-19 01:04:44,986 [Thread-2086] INFO  impl.FollowerState (FollowerState.java:run(117)) - 64c90977-e867-487c-b50d-c226f2d34a76@group-D48B69A44692-FollowerState was interrupted: java.lang.InterruptedException: sleep interrupted
2019-10-19 01:04:44,998 [a1c78c0e-869c-4f76-b4ce-2034448e0b80@group-D48B69A44692-LeaderElection248] INFO  impl.LeaderElection (LeaderElection.java:logAndReturn(56)) - a1c78c0e-869c-4f76-b4ce-2034448e0b80@group-D48B69A44692-LeaderElection248: Election REJECTED; received 2 response(s) [a1c78c0e-869c-4f76-b4ce-2034448e0b80<-51276c3c-a3b8-4274-b089-592ff4589f41#0:FAIL-t139, a1c78c0e-869c-4f76-b4ce-2034448e0b80<-64c90977-e867-487c-b50d-c226f2d34a76#0:FAIL-t139] and 0 exception(s); a1c78c0e-869c-4f76-b4ce-2034448e0b80@group-D48B69A44692:t139, leader=null, voted=a1c78c0e-869c-4f76-b4ce-2034448e0b80, raftlog=a1c78c0e-869c-4f76-b4ce-2034448e0b80@group-D48B69A44692-SegmentedRaftLog:OPENED:c-1,f-1,i0, conf=-1: [51276c3c-a3b8-4274-b089-592ff4589f41:192.168.157.213:36639, 64c90977-e867-487c-b50d-c226f2d34a76:192.168.157.213:37433, a1c78c0e-869c-4f76-b4ce-2034448e0b80:192.168.157.213:33501], old=null
2019-10-19 01:04:44,998 [a1c78c0e-869c-4f76-b4ce-2034448e0b80@group-D48B69A44692-LeaderElection248] INFO  impl.RaftServerImpl (RaftServerImpl.java:setRole(184)) - a1c78c0e-869c-4f76-b4ce-2034448e0b80@group-D48B69A44692: changes role from CANDIDATE to FOLLOWER at term 139 for DISCOVERED_A_NEW_TERM
2019-10-19 01:04:44,998 [a1c78c0e-869c-4f76-b4ce-2034448e0b80@group-D48B69A44692-LeaderElection248] INFO  impl.RoleInfo (RoleInfo.java:shutdownLeaderElection(134)) - a1c78c0e-869c-4f76-b4ce-2034448e0b80: shutdown LeaderElection
2019-10-19 01:04:44,998 [a1c78c0e-869c-4f76-b4ce-2034448e0b80@group-D48B69A44692-LeaderElection248] INFO  impl.RoleInfo (RoleInfo.java:updateAndGet(143)) - a1c78c0e-869c-4f76-b4ce-2034448e0b80: start FollowerState
2019-10-19 01:04:45,027 [Datanode State Machine Thread - 0] INFO  statemachine.DatanodeStateMachine (DatanodeStateMachine.java:lambda$startDaemon$0(350)) - Ozone container server started.
2019-10-19 01:04:45,131 [Thread-2047] INFO  impl.FollowerState (FollowerState.java:run(108)) - b26a8d60-58dc-431d-8168-f89a9ab35f3a@group-FB3B7D7D89E3-FollowerState: change to CANDIDATE, lastRpcTime:1006ms, electionTimeout:1006ms
2019-10-19 01:04:45,132 [Thread-2047] INFO  impl.RoleInfo (RoleInfo.java:shutdownFollowerState(121)) - b26a8d60-58dc-431d-8168-f89a9ab35f3a: shutdown FollowerState
2019-10-19 01:04:45,132 [Thread-2047] INFO  impl.RaftServerImpl (RaftServerImpl.java:setRole(184)) - b26a8d60-58dc-431d-8168-f89a9ab35f3a@group-FB3B7D7D89E3: changes role from  FOLLOWER to CANDIDATE at term 128 for changeToCandidate
2019-10-19 01:04:45,132 [Thread-2047] INFO  impl.RoleInfo (RoleInfo.java:updateAndGet(143)) - b26a8d60-58dc-431d-8168-f89a9ab35f3a: start LeaderElection
2019-10-19 01:04:45,138 [Thread-2093] INFO  impl.FollowerState (FollowerState.java:run(108)) - a1c78c0e-869c-4f76-b4ce-2034448e0b80@group-D48B69A44692-FollowerState: change to CANDIDATE, lastRpcTime:139ms, electionTimeout:139ms
2019-10-19 01:04:45,138 [Thread-2093] INFO  impl.RoleInfo (RoleInfo.java:shutdownFollowerState(121)) - a1c78c0e-869c-4f76-b4ce-2034448e0b80: shutdown FollowerState
2019-10-19 01:04:45,138 [Thread-2093] INFO  impl.RaftServerImpl (RaftServerImpl.java:setRole(184)) - a1c78c0e-869c-4f76-b4ce-2034448e0b80@group-D48B69A44692: changes role from  FOLLOWER to CANDIDATE at term 139 for changeToCandidate
2019-10-19 01:04:45,138 [Thread-2093] INFO  impl.RoleInfo (RoleInfo.java:updateAndGet(143)) - a1c78c0e-869c-4f76-b4ce-2034448e0b80: start LeaderElection
2019-10-19 01:04:45,145 [b26a8d60-58dc-431d-8168-f89a9ab35f3a@group-FB3B7D7D89E3-LeaderElection249] INFO  impl.LeaderElection (LeaderElection.java:askForVotes(178)) - b26a8d60-58dc-431d-8168-f89a9ab35f3a@group-FB3B7D7D89E3-LeaderElection249: begin an election at term 129 for 0: [a54795b0-6c9c-4137-a866-f82f653c9bf9:192.168.157.213:43688, b26a8d60-58dc-431d-8168-f89a9ab35f3a:192.168.157.213:35535, 16805c57-9f45-4377-8998-764a8f26e152:192.168.157.213:33728], old=null
2019-10-19 01:04:45,145 [a1c78c0e-869c-4f76-b4ce-2034448e0b80@group-D48B69A44692-LeaderElection250] INFO  impl.LeaderElection (LeaderElection.java:askForVotes(178)) - a1c78c0e-869c-4f76-b4ce-2034448e0b80@group-D48B69A44692-LeaderElection250: begin an election at term 140 for -1: [51276c3c-a3b8-4274-b089-592ff4589f41:192.168.157.213:36639, 64c90977-e867-487c-b50d-c226f2d34a76:192.168.157.213:37433, a1c78c0e-869c-4f76-b4ce-2034448e0b80:192.168.157.213:33501], old=null
2019-10-19 01:04:45,148 [grpc-default-executor-4] INFO  impl.RaftServerImpl (RaftServerImpl.java:setRole(184)) - 64c90977-e867-487c-b50d-c226f2d34a76@group-D48B69A44692: changes role from  FOLLOWER to FOLLOWER at term 140 for recognizeCandidate:a1c78c0e-869c-4f76-b4ce-2034448e0b80
2019-10-19 01:04:45,148 [grpc-default-executor-5] INFO  impl.RaftServerImpl (RaftServerImpl.java:setRole(184)) - 51276c3c-a3b8-4274-b089-592ff4589f41@group-D48B69A44692: changes role from  FOLLOWER to FOLLOWER at term 140 for recognizeCandidate:a1c78c0e-869c-4f76-b4ce-2034448e0b80
2019-10-19 01:04:45,148 [grpc-default-executor-4] INFO  impl.RoleInfo (RoleInfo.java:shutdownFollowerState(121)) - 64c90977-e867-487c-b50d-c226f2d34a76: shutdown FollowerState
2019-10-19 01:04:45,148 [grpc-default-executor-5] INFO  impl.RoleInfo (RoleInfo.java:shutdownFollowerState(121)) - 51276c3c-a3b8-4274-b089-592ff4589f41: shutdown FollowerState
2019-10-19 01:04:45,148 [Thread-2092] INFO  impl.FollowerState (FollowerState.java:run(117)) - 64c90977-e867-487c-b50d-c226f2d34a76@group-D48B69A44692-FollowerState was interrupted: java.lang.InterruptedException: sleep interrupted
2019-10-19 01:04:45,149 [Thread-2091] INFO  impl.FollowerState (FollowerState.java:run(117)) - 51276c3c-a3b8-4274-b089-592ff4589f41@group-D48B69A44692-FollowerState was interrupted: java.lang.InterruptedException: sleep interrupted
2019-10-19 01:04:45,148 [grpc-default-executor-4] INFO  impl.RoleInfo (RoleInfo.java:updateAndGet(143)) - 64c90977-e867-487c-b50d-c226f2d34a76: start FollowerState
2019-10-19 01:04:45,149 [grpc-default-executor-5] INFO  impl.RoleInfo (RoleInfo.java:updateAndGet(143)) - 51276c3c-a3b8-4274-b089-592ff4589f41: start FollowerState
2019-10-19 01:04:45,151 [grpc-default-executor-7] INFO  impl.RaftServerImpl (RaftServerImpl.java:setRole(184)) - 16805c57-9f45-4377-8998-764a8f26e152@group-FB3B7D7D89E3: changes role from  FOLLOWER to FOLLOWER at term 129 for recognizeCandidate:b26a8d60-58dc-431d-8168-f89a9ab35f3a
2019-10-19 01:04:45,151 [grpc-default-executor-7] INFO  impl.RoleInfo (RoleInfo.java:shutdownFollowerState(121)) - 16805c57-9f45-4377-8998-764a8f26e152: shutdown FollowerState
2019-10-19 01:04:45,151 [grpc-default-executor-7] INFO  impl.RoleInfo (RoleInfo.java:updateAndGet(143)) - 16805c57-9f45-4377-8998-764a8f26e152: start FollowerState
2019-10-19 01:04:45,151 [Thread-2048] INFO  impl.FollowerState (FollowerState.java:run(117)) - 16805c57-9f45-4377-8998-764a8f26e152@group-FB3B7D7D89E3-FollowerState was interrupted: java.lang.InterruptedException: sleep interrupted
2019-10-19 01:04:45,163 [b26a8d60-58dc-431d-8168-f89a9ab35f3a@group-FB3B7D7D89E3-LeaderElection249] INFO  impl.LeaderElection (LogUtils.java:infoOrTrace(149)) - b26a8d60-58dc-431d-8168-f89a9ab35f3a@group-FB3B7D7D89E3-LeaderElection249 got exception when requesting votes: {}
java.util.concurrent.ExecutionException: org.apache.ratis.thirdparty.io.grpc.StatusRuntimeException: UNAVAILABLE: io exception
	at java.util.concurrent.FutureTask.report(FutureTask.java:122)
	at java.util.concurrent.FutureTask.get(FutureTask.java:192)
	at org.apache.ratis.server.impl.LeaderElection.waitForResults(LeaderElection.java:259)
	at org.apache.ratis.server.impl.LeaderElection.askForVotes(LeaderElection.java:197)
	at org.apache.ratis.server.impl.LeaderElection.run(LeaderElection.java:133)
	at java.lang.Thread.run(Thread.java:748)
Caused by: org.apache.ratis.thirdparty.io.grpc.StatusRuntimeException: UNAVAILABLE: io exception
	at org.apache.ratis.thirdparty.io.grpc.stub.ClientCalls.toStatusRuntimeException(ClientCalls.java:233)
	at org.apache.ratis.thirdparty.io.grpc.stub.ClientCalls.getUnchecked(ClientCalls.java:214)
	at org.apache.ratis.thirdparty.io.grpc.stub.ClientCalls.blockingUnaryCall(ClientCalls.java:139)
	at org.apache.ratis.proto.grpc.RaftServerProtocolServiceGrpc$RaftServerProtocolServiceBlockingStub.requestVote(RaftServerProtocolServiceGrpc.java:265)
	at org.apache.ratis.grpc.server.GrpcServerProtocolClient.requestVote(GrpcServerProtocolClient.java:99)
	at org.apache.ratis.grpc.server.GrpcService.requestVote(GrpcService.java:204)
	at org.apache.ratis.server.impl.LeaderElection.lambda$submitRequests$1(LeaderElection.java:234)
	at java.util.concurrent.FutureTask.run(FutureTask.java:266)
	at java.util.concurrent.Executors$RunnableAdapter.call(Executors.java:511)
	at java.util.concurrent.FutureTask.run(FutureTask.java:266)
	at java.util.concurrent.ThreadPoolExecutor.runWorker(ThreadPoolExecutor.java:1149)
	at java.util.concurrent.ThreadPoolExecutor$Worker.run(ThreadPoolExecutor.java:624)
	... 1 more
Caused by: org.apache.ratis.thirdparty.io.netty.channel.AbstractChannel$AnnotatedConnectException: Connection refused: /192.168.157.213:43688
	at sun.nio.ch.SocketChannelImpl.checkConnect(Native Method)
	at sun.nio.ch.SocketChannelImpl.finishConnect(SocketChannelImpl.java:717)
	at org.apache.ratis.thirdparty.io.netty.channel.socket.nio.NioSocketChannel.doFinishConnect(NioSocketChannel.java:327)
	at org.apache.ratis.thirdparty.io.netty.channel.nio.AbstractNioChannel$AbstractNioUnsafe.finishConnect(AbstractNioChannel.java:340)
	at org.apache.ratis.thirdparty.io.netty.channel.nio.NioEventLoop.processSelectedKey(NioEventLoop.java:632)
	at org.apache.ratis.thirdparty.io.netty.channel.nio.NioEventLoop.processSelectedKeysOptimized(NioEventLoop.java:579)
	at org.apache.ratis.thirdparty.io.netty.channel.nio.NioEventLoop.processSelectedKeys(NioEventLoop.java:496)
	at org.apache.ratis.thirdparty.io.netty.channel.nio.NioEventLoop.run(NioEventLoop.java:458)
	at org.apache.ratis.thirdparty.io.netty.util.concurrent.SingleThreadEventExecutor$5.run(SingleThreadEventExecutor.java:897)
	at org.apache.ratis.thirdparty.io.netty.util.concurrent.FastThreadLocalRunnable.run(FastThreadLocalRunnable.java:30)
	... 1 more
Caused by: java.net.ConnectException: Connection refused
	... 11 more
2019-10-19 01:04:45,170 [a1c78c0e-869c-4f76-b4ce-2034448e0b80@group-D48B69A44692-LeaderElection250] INFO  impl.LeaderElection (LeaderElection.java:logAndReturn(56)) - a1c78c0e-869c-4f76-b4ce-2034448e0b80@group-D48B69A44692-LeaderElection250: Election REJECTED; received 2 response(s) [a1c78c0e-869c-4f76-b4ce-2034448e0b80<-51276c3c-a3b8-4274-b089-592ff4589f41#0:FAIL-t140, a1c78c0e-869c-4f76-b4ce-2034448e0b80<-64c90977-e867-487c-b50d-c226f2d34a76#0:FAIL-t140] and 0 exception(s); a1c78c0e-869c-4f76-b4ce-2034448e0b80@group-D48B69A44692:t140, leader=null, voted=a1c78c0e-869c-4f76-b4ce-2034448e0b80, raftlog=a1c78c0e-869c-4f76-b4ce-2034448e0b80@group-D48B69A44692-SegmentedRaftLog:OPENED:c-1,f-1,i0, conf=-1: [51276c3c-a3b8-4274-b089-592ff4589f41:192.168.157.213:36639, 64c90977-e867-487c-b50d-c226f2d34a76:192.168.157.213:37433, a1c78c0e-869c-4f76-b4ce-2034448e0b80:192.168.157.213:33501], old=null
2019-10-19 01:04:45,170 [b26a8d60-58dc-431d-8168-f89a9ab35f3a@group-FB3B7D7D89E3-LeaderElection249] INFO  impl.LeaderElection (LeaderElection.java:logAndReturn(56)) - b26a8d60-58dc-431d-8168-f89a9ab35f3a@group-FB3B7D7D89E3-LeaderElection249: Election PASSED; received 1 response(s) [b26a8d60-58dc-431d-8168-f89a9ab35f3a<-16805c57-9f45-4377-8998-764a8f26e152#0:OK-t129] and 1 exception(s); b26a8d60-58dc-431d-8168-f89a9ab35f3a@group-FB3B7D7D89E3:t129, leader=null, voted=b26a8d60-58dc-431d-8168-f89a9ab35f3a, raftlog=b26a8d60-58dc-431d-8168-f89a9ab35f3a@group-FB3B7D7D89E3-SegmentedRaftLog:OPENED:c-1,f0,i0, conf=0: [a54795b0-6c9c-4137-a866-f82f653c9bf9:192.168.157.213:43688, b26a8d60-58dc-431d-8168-f89a9ab35f3a:192.168.157.213:35535, 16805c57-9f45-4377-8998-764a8f26e152:192.168.157.213:33728], old=null
2019-10-19 01:04:45,171 [a1c78c0e-869c-4f76-b4ce-2034448e0b80@group-D48B69A44692-LeaderElection250] INFO  impl.RaftServerImpl (RaftServerImpl.java:setRole(184)) - a1c78c0e-869c-4f76-b4ce-2034448e0b80@group-D48B69A44692: changes role from CANDIDATE to FOLLOWER at term 140 for DISCOVERED_A_NEW_TERM
2019-10-19 01:04:45,171 [a1c78c0e-869c-4f76-b4ce-2034448e0b80@group-D48B69A44692-LeaderElection250] INFO  impl.RoleInfo (RoleInfo.java:shutdownLeaderElection(134)) - a1c78c0e-869c-4f76-b4ce-2034448e0b80: shutdown LeaderElection
2019-10-19 01:04:45,171 [a1c78c0e-869c-4f76-b4ce-2034448e0b80@group-D48B69A44692-LeaderElection250] INFO  impl.RoleInfo (RoleInfo.java:updateAndGet(143)) - a1c78c0e-869c-4f76-b4ce-2034448e0b80: start FollowerState
2019-10-19 01:04:45,171 [b26a8d60-58dc-431d-8168-f89a9ab35f3a@group-FB3B7D7D89E3-LeaderElection249] INFO  impl.LeaderElection (LogUtils.java:infoOrTrace(149)) -   Exception 0: {}
java.util.concurrent.ExecutionException: org.apache.ratis.thirdparty.io.grpc.StatusRuntimeException: UNAVAILABLE: io exception
	at java.util.concurrent.FutureTask.report(FutureTask.java:122)
	at java.util.concurrent.FutureTask.get(FutureTask.java:192)
	at org.apache.ratis.server.impl.LeaderElection.waitForResults(LeaderElection.java:259)
	at org.apache.ratis.server.impl.LeaderElection.askForVotes(LeaderElection.java:197)
	at org.apache.ratis.server.impl.LeaderElection.run(LeaderElection.java:133)
	at java.lang.Thread.run(Thread.java:748)
Caused by: org.apache.ratis.thirdparty.io.grpc.StatusRuntimeException: UNAVAILABLE: io exception
	at org.apache.ratis.thirdparty.io.grpc.stub.ClientCalls.toStatusRuntimeException(ClientCalls.java:233)
	at org.apache.ratis.thirdparty.io.grpc.stub.ClientCalls.getUnchecked(ClientCalls.java:214)
	at org.apache.ratis.thirdparty.io.grpc.stub.ClientCalls.blockingUnaryCall(ClientCalls.java:139)
	at org.apache.ratis.proto.grpc.RaftServerProtocolServiceGrpc$RaftServerProtocolServiceBlockingStub.requestVote(RaftServerProtocolServiceGrpc.java:265)
	at org.apache.ratis.grpc.server.GrpcServerProtocolClient.requestVote(GrpcServerProtocolClient.java:99)
	at org.apache.ratis.grpc.server.GrpcService.requestVote(GrpcService.java:204)
	at org.apache.ratis.server.impl.LeaderElection.lambda$submitRequests$1(LeaderElection.java:234)
	at java.util.concurrent.FutureTask.run(FutureTask.java:266)
	at java.util.concurrent.Executors$RunnableAdapter.call(Executors.java:511)
	at java.util.concurrent.FutureTask.run(FutureTask.java:266)
	at java.util.concurrent.ThreadPoolExecutor.runWorker(ThreadPoolExecutor.java:1149)
	at java.util.concurrent.ThreadPoolExecutor$Worker.run(ThreadPoolExecutor.java:624)
	... 1 more
Caused by: org.apache.ratis.thirdparty.io.netty.channel.AbstractChannel$AnnotatedConnectException: Connection refused: /192.168.157.213:43688
	at sun.nio.ch.SocketChannelImpl.checkConnect(Native Method)
	at sun.nio.ch.SocketChannelImpl.finishConnect(SocketChannelImpl.java:717)
	at org.apache.ratis.thirdparty.io.netty.channel.socket.nio.NioSocketChannel.doFinishConnect(NioSocketChannel.java:327)
	at org.apache.ratis.thirdparty.io.netty.channel.nio.AbstractNioChannel$AbstractNioUnsafe.finishConnect(AbstractNioChannel.java:340)
	at org.apache.ratis.thirdparty.io.netty.channel.nio.NioEventLoop.processSelectedKey(NioEventLoop.java:632)
	at org.apache.ratis.thirdparty.io.netty.channel.nio.NioEventLoop.processSelectedKeysOptimized(NioEventLoop.java:579)
	at org.apache.ratis.thirdparty.io.netty.channel.nio.NioEventLoop.processSelectedKeys(NioEventLoop.java:496)
	at org.apache.ratis.thirdparty.io.netty.channel.nio.NioEventLoop.run(NioEventLoop.java:458)
	at org.apache.ratis.thirdparty.io.netty.util.concurrent.SingleThreadEventExecutor$5.run(SingleThreadEventExecutor.java:897)
	at org.apache.ratis.thirdparty.io.netty.util.concurrent.FastThreadLocalRunnable.run(FastThreadLocalRunnable.java:30)
	... 1 more
Caused by: java.net.ConnectException: Connection refused
	... 11 more
2019-10-19 01:04:45,172 [b26a8d60-58dc-431d-8168-f89a9ab35f3a@group-FB3B7D7D89E3-LeaderElection249] INFO  impl.RoleInfo (RoleInfo.java:shutdownLeaderElection(134)) - b26a8d60-58dc-431d-8168-f89a9ab35f3a: shutdown LeaderElection
2019-10-19 01:04:45,172 [b26a8d60-58dc-431d-8168-f89a9ab35f3a@group-FB3B7D7D89E3-LeaderElection249] INFO  impl.RaftServerImpl (RaftServerImpl.java:setRole(184)) - b26a8d60-58dc-431d-8168-f89a9ab35f3a@group-FB3B7D7D89E3: changes role from CANDIDATE to LEADER at term 129 for changeToLeader
2019-10-19 01:04:45,172 [b26a8d60-58dc-431d-8168-f89a9ab35f3a@group-FB3B7D7D89E3-LeaderElection249] INFO  impl.RaftServerImpl (ServerState.java:setLeader(256)) - b26a8d60-58dc-431d-8168-f89a9ab35f3a@group-FB3B7D7D89E3: change Leader from null to b26a8d60-58dc-431d-8168-f89a9ab35f3a at term 129 for becomeLeader, leader elected after 18043ms
2019-10-19 01:04:45,172 [b26a8d60-58dc-431d-8168-f89a9ab35f3a@group-FB3B7D7D89E3-LeaderElection249] INFO  server.RaftServerConfigKeys (ConfUtils.java:logGet(43)) - raft.server.staging.catchup.gap = 1000 (default)
2019-10-19 01:04:45,173 [b26a8d60-58dc-431d-8168-f89a9ab35f3a@group-FB3B7D7D89E3-LeaderElection249] INFO  server.RaftServerConfigKeys (ConfUtils.java:logGet(43)) - raft.server.rpc.sleep.time = 25ms (default)
2019-10-19 01:04:45,173 [b26a8d60-58dc-431d-8168-f89a9ab35f3a@group-FB3B7D7D89E3-LeaderElection249] INFO  server.RaftServerConfigKeys (ConfUtils.java:logGet(43)) - raft.server.write.element-limit = 4096 (default)
2019-10-19 01:04:45,173 [b26a8d60-58dc-431d-8168-f89a9ab35f3a@group-FB3B7D7D89E3-LeaderElection249] INFO  server.RaftServerConfigKeys (ConfUtils.java:logGet(43)) - raft.server.watch.timeout = 10s (default)
2019-10-19 01:04:45,173 [b26a8d60-58dc-431d-8168-f89a9ab35f3a@group-FB3B7D7D89E3-LeaderElection249] INFO  server.RaftServerConfigKeys (ConfUtils.java:logGet(43)) - raft.server.watch.timeout.denomination = 1s (default)
2019-10-19 01:04:45,173 [b26a8d60-58dc-431d-8168-f89a9ab35f3a@group-FB3B7D7D89E3-LeaderElection249] INFO  server.RaftServerConfigKeys (ConfUtils.java:logGet(43)) - raft.server.watch.element-limit = 65536 (default)
2019-10-19 01:04:45,174 [b26a8d60-58dc-431d-8168-f89a9ab35f3a@group-FB3B7D7D89E3-LeaderElection249] INFO  server.RaftServerConfigKeys (ConfUtils.java:logGet(43)) - raft.server.log.appender.snapshot.chunk.size.max = 16MB (=16777216) (default)
2019-10-19 01:04:45,174 [b26a8d60-58dc-431d-8168-f89a9ab35f3a@group-FB3B7D7D89E3-LeaderElection249] INFO  server.RaftServerConfigKeys (ConfUtils.java:logGet(43)) - raft.server.log.appender.buffer.byte-limit = 33554432 (custom)
2019-10-19 01:04:45,174 [b26a8d60-58dc-431d-8168-f89a9ab35f3a@group-FB3B7D7D89E3-LeaderElection249] INFO  server.RaftServerConfigKeys (ConfUtils.java:logGet(43)) - raft.server.log.appender.buffer.element-limit = 1 (custom)
2019-10-19 01:04:45,174 [b26a8d60-58dc-431d-8168-f89a9ab35f3a@group-FB3B7D7D89E3-LeaderElection249] INFO  grpc.GrpcConfigKeys$Server (ConfUtils.java:logGet(43)) - raft.grpc.server.leader.outstanding.appends.max = 128 (default)
2019-10-19 01:04:45,174 [b26a8d60-58dc-431d-8168-f89a9ab35f3a@group-FB3B7D7D89E3-LeaderElection249] INFO  server.RaftServerConfigKeys (ConfUtils.java:logGet(43)) - raft.server.rpc.request.timeout = 3000ms (default)
2019-10-19 01:04:45,175 [b26a8d60-58dc-431d-8168-f89a9ab35f3a@group-FB3B7D7D89E3-LeaderElection249] INFO  server.RaftServerConfigKeys (ConfUtils.java:logGet(43)) - raft.server.log.appender.install.snapshot.enabled = false (custom)
2019-10-19 01:04:45,178 [b26a8d60-58dc-431d-8168-f89a9ab35f3a@group-FB3B7D7D89E3-LeaderElection249] INFO  server.RaftServerConfigKeys (ConfUtils.java:logGet(43)) - raft.server.log.appender.snapshot.chunk.size.max = 16MB (=16777216) (default)
2019-10-19 01:04:45,178 [b26a8d60-58dc-431d-8168-f89a9ab35f3a@group-FB3B7D7D89E3-LeaderElection249] INFO  server.RaftServerConfigKeys (ConfUtils.java:logGet(43)) - raft.server.log.appender.buffer.byte-limit = 33554432 (custom)
2019-10-19 01:04:45,178 [b26a8d60-58dc-431d-8168-f89a9ab35f3a@group-FB3B7D7D89E3-LeaderElection249] INFO  server.RaftServerConfigKeys (ConfUtils.java:logGet(43)) - raft.server.log.appender.buffer.element-limit = 1 (custom)
2019-10-19 01:04:45,178 [b26a8d60-58dc-431d-8168-f89a9ab35f3a@group-FB3B7D7D89E3-LeaderElection249] INFO  grpc.GrpcConfigKeys$Server (ConfUtils.java:logGet(43)) - raft.grpc.server.leader.outstanding.appends.max = 128 (default)
2019-10-19 01:04:45,178 [b26a8d60-58dc-431d-8168-f89a9ab35f3a@group-FB3B7D7D89E3-LeaderElection249] INFO  server.RaftServerConfigKeys (ConfUtils.java:logGet(43)) - raft.server.rpc.request.timeout = 3000ms (default)
2019-10-19 01:04:45,178 [b26a8d60-58dc-431d-8168-f89a9ab35f3a@group-FB3B7D7D89E3-LeaderElection249] INFO  server.RaftServerConfigKeys (ConfUtils.java:logGet(43)) - raft.server.log.appender.install.snapshot.enabled = false (custom)
2019-10-19 01:04:45,181 [b26a8d60-58dc-431d-8168-f89a9ab35f3a@group-FB3B7D7D89E3-LeaderElection249] INFO  impl.RoleInfo (RoleInfo.java:updateAndGet(143)) - b26a8d60-58dc-431d-8168-f89a9ab35f3a: start LeaderState
2019-10-19 01:04:45,181 [b26a8d60-58dc-431d-8168-f89a9ab35f3a@group-FB3B7D7D89E3-LeaderElection249] INFO  segmented.SegmentedRaftLogWorker (SegmentedRaftLogWorker.java:rollLogSegment(390)) - b26a8d60-58dc-431d-8168-f89a9ab35f3a@group-FB3B7D7D89E3-SegmentedRaftLogWorker: Rolling segment log-0_0 to index:0
2019-10-19 01:04:45,183 [b26a8d60-58dc-431d-8168-f89a9ab35f3a@group-FB3B7D7D89E3-LeaderElection249] INFO  impl.RaftServerImpl (ServerState.java:setRaftConf(357)) - b26a8d60-58dc-431d-8168-f89a9ab35f3a@group-FB3B7D7D89E3: set configuration 1: [a54795b0-6c9c-4137-a866-f82f653c9bf9:192.168.157.213:43688, b26a8d60-58dc-431d-8168-f89a9ab35f3a:192.168.157.213:35535, 16805c57-9f45-4377-8998-764a8f26e152:192.168.157.213:33728], old=null at 1
2019-10-19 01:04:45,183 [b26a8d60-58dc-431d-8168-f89a9ab35f3a@group-FB3B7D7D89E3-SegmentedRaftLogWorker] INFO  segmented.SegmentedRaftLogWorker (SegmentedRaftLogWorker.java:execute(533)) - b26a8d60-58dc-431d-8168-f89a9ab35f3a@group-FB3B7D7D89E3-SegmentedRaftLogWorker: Rolled log segment from /workdir/hadoop-ozone/integration-test/target/test-dir/MiniOzoneClusterImpl-08d89ad4-f612-48fc-8979-c1cb428f8ac2/datanode-9/data/ratis/9b926b7b-8f17-43ce-9976-fb3b7d7d89e3/current/log_inprogress_0 to /workdir/hadoop-ozone/integration-test/target/test-dir/MiniOzoneClusterImpl-08d89ad4-f612-48fc-8979-c1cb428f8ac2/datanode-9/data/ratis/9b926b7b-8f17-43ce-9976-fb3b7d7d89e3/current/log_0-0
2019-10-19 01:04:45,183 [grpc-default-executor-4] WARN  server.GrpcLogAppender (LogUtils.java:warn(134)) - b26a8d60-58dc-431d-8168-f89a9ab35f3a@group-FB3B7D7D89E3->a54795b0-6c9c-4137-a866-f82f653c9bf9-AppendLogResponseHandler: Failed appendEntries: org.apache.ratis.thirdparty.io.grpc.StatusRuntimeException: UNAVAILABLE: io exception
2019-10-19 01:04:45,184 [grpc-default-executor-5] INFO  impl.RaftServerImpl (ServerState.java:setLeader(256)) - 16805c57-9f45-4377-8998-764a8f26e152@group-FB3B7D7D89E3: change Leader from null to b26a8d60-58dc-431d-8168-f89a9ab35f3a at term 129 for appendEntries, leader elected after 18198ms
2019-10-19 01:04:45,184 [grpc-default-executor-5] INFO  impl.RaftServerImpl (RaftServerImpl.java:checkInconsistentAppendEntries(1023)) - 16805c57-9f45-4377-8998-764a8f26e152@group-FB3B7D7D89E3: Failed appendEntries as previous log entry ((t:3, i:0)) is not found
2019-10-19 01:04:45,185 [grpc-default-executor-5] INFO  impl.RaftServerImpl (RaftServerImpl.java:checkInconsistentAppendEntries(996)) - 16805c57-9f45-4377-8998-764a8f26e152@group-FB3B7D7D89E3: inconsistency entries. Reply:b26a8d60-58dc-431d-8168-f89a9ab35f3a<-16805c57-9f45-4377-8998-764a8f26e152#0:FAIL,INCONSISTENCY,nextIndex:0,term:129,followerCommit:-1
2019-10-19 01:04:45,210 [Thread-2103] INFO  impl.FollowerState (FollowerState.java:run(108)) - a1c78c0e-869c-4f76-b4ce-2034448e0b80@group-D48B69A44692-FollowerState: change to CANDIDATE, lastRpcTime:38ms, electionTimeout:29ms
2019-10-19 01:04:45,210 [Thread-2103] INFO  impl.RoleInfo (RoleInfo.java:shutdownFollowerState(121)) - a1c78c0e-869c-4f76-b4ce-2034448e0b80: shutdown FollowerState
2019-10-19 01:04:45,210 [Thread-2103] INFO  impl.RaftServerImpl (RaftServerImpl.java:setRole(184)) - a1c78c0e-869c-4f76-b4ce-2034448e0b80@group-D48B69A44692: changes role from  FOLLOWER to CANDIDATE at term 140 for changeToCandidate
2019-10-19 01:04:45,211 [Thread-2103] INFO  impl.RoleInfo (RoleInfo.java:updateAndGet(143)) - a1c78c0e-869c-4f76-b4ce-2034448e0b80: start LeaderElection
2019-10-19 01:04:45,212 [grpc-default-executor-5] INFO  impl.FollowerInfo (FollowerInfo.java:lambda$new$0(51)) - b26a8d60-58dc-431d-8168-f89a9ab35f3a@group-FB3B7D7D89E3->16805c57-9f45-4377-8998-764a8f26e152: nextIndex: updateUnconditionally 1 -> 0
2019-10-19 01:04:45,214 [b26a8d60-58dc-431d-8168-f89a9ab35f3a@group-FB3B7D7D89E3-SegmentedRaftLogWorker] INFO  segmented.SegmentedRaftLogWorker (SegmentedRaftLogWorker.java:execute(576)) - b26a8d60-58dc-431d-8168-f89a9ab35f3a@group-FB3B7D7D89E3-SegmentedRaftLogWorker: created new log segment /workdir/hadoop-ozone/integration-test/target/test-dir/MiniOzoneClusterImpl-08d89ad4-f612-48fc-8979-c1cb428f8ac2/datanode-9/data/ratis/9b926b7b-8f17-43ce-9976-fb3b7d7d89e3/current/log_inprogress_1
2019-10-19 01:04:45,214 [a1c78c0e-869c-4f76-b4ce-2034448e0b80@group-D48B69A44692-LeaderElection251] INFO  impl.LeaderElection (LeaderElection.java:askForVotes(178)) - a1c78c0e-869c-4f76-b4ce-2034448e0b80@group-D48B69A44692-LeaderElection251: begin an election at term 141 for -1: [51276c3c-a3b8-4274-b089-592ff4589f41:192.168.157.213:36639, 64c90977-e867-487c-b50d-c226f2d34a76:192.168.157.213:37433, a1c78c0e-869c-4f76-b4ce-2034448e0b80:192.168.157.213:33501], old=null
2019-10-19 01:04:45,215 [grpc-default-executor-4] INFO  impl.RaftServerImpl (ServerState.java:setRaftConf(357)) - 16805c57-9f45-4377-8998-764a8f26e152@group-FB3B7D7D89E3: set configuration 0: [a54795b0-6c9c-4137-a866-f82f653c9bf9:192.168.157.213:43688, b26a8d60-58dc-431d-8168-f89a9ab35f3a:192.168.157.213:35535, 16805c57-9f45-4377-8998-764a8f26e152:192.168.157.213:33728], old=null at 0
2019-10-19 01:04:45,215 [grpc-default-executor-4] INFO  segmented.SegmentedRaftLogWorker (SegmentedRaftLogWorker.java:truncate(401)) - 16805c57-9f45-4377-8998-764a8f26e152@group-FB3B7D7D89E3-SegmentedRaftLogWorker: Truncating segments toTruncate: null
  toDelete: [(0, 0) isOpen? true, length=0, newEndIndex=-1], start index 0
2019-10-19 01:04:45,215 [grpc-default-executor-4] INFO  segmented.SegmentedRaftLogWorker (SegmentedRaftLogWorker.java:startLogSegment(385)) - 16805c57-9f45-4377-8998-764a8f26e152@group-FB3B7D7D89E3-SegmentedRaftLogWorker: Starting segment from index:0
2019-10-19 01:04:45,216 [16805c57-9f45-4377-8998-764a8f26e152@group-FB3B7D7D89E3-SegmentedRaftLogWorker] INFO  segmented.SegmentedRaftLogWorker (SegmentedRaftLogWorker.java:execute(640)) - 16805c57-9f45-4377-8998-764a8f26e152@group-FB3B7D7D89E3-SegmentedRaftLogWorker: Deleted log file /workdir/hadoop-ozone/integration-test/target/test-dir/MiniOzoneClusterImpl-08d89ad4-f612-48fc-8979-c1cb428f8ac2/datanode-6/data/ratis/9b926b7b-8f17-43ce-9976-fb3b7d7d89e3/current/log_inprogress_0
2019-10-19 01:04:45,216 [16805c57-9f45-4377-8998-764a8f26e152@group-FB3B7D7D89E3-SegmentedRaftLogWorker] INFO  segmented.SegmentedRaftLogWorker (SegmentedRaftLogWorker.java:lambda$new$0(128)) - 16805c57-9f45-4377-8998-764a8f26e152@group-FB3B7D7D89E3-SegmentedRaftLogWorker: flushIndex: setUnconditionally 0 -> -1
2019-10-19 01:04:45,216 [grpc-default-executor-4] INFO  impl.RaftServerImpl (ServerState.java:setRaftConf(357)) - 16805c57-9f45-4377-8998-764a8f26e152@group-FB3B7D7D89E3: set configuration 1: [a54795b0-6c9c-4137-a866-f82f653c9bf9:192.168.157.213:43688, b26a8d60-58dc-431d-8168-f89a9ab35f3a:192.168.157.213:35535, 16805c57-9f45-4377-8998-764a8f26e152:192.168.157.213:33728], old=null at 1
2019-10-19 01:04:45,216 [grpc-default-executor-4] INFO  segmented.SegmentedRaftLogWorker (SegmentedRaftLogWorker.java:rollLogSegment(390)) - 16805c57-9f45-4377-8998-764a8f26e152@group-FB3B7D7D89E3-SegmentedRaftLogWorker: Rolling segment log-0_0 to index:0
2019-10-19 01:04:45,217 [grpc-default-executor-5] INFO  impl.RaftServerImpl (RaftServerImpl.java:setRole(184)) - 64c90977-e867-487c-b50d-c226f2d34a76@group-D48B69A44692: changes role from  FOLLOWER to FOLLOWER at term 141 for recognizeCandidate:a1c78c0e-869c-4f76-b4ce-2034448e0b80
2019-10-19 01:04:45,217 [grpc-default-executor-7] INFO  impl.RaftServerImpl (RaftServerImpl.java:setRole(184)) - 51276c3c-a3b8-4274-b089-592ff4589f41@group-D48B69A44692: changes role from  FOLLOWER to FOLLOWER at term 141 for recognizeCandidate:a1c78c0e-869c-4f76-b4ce-2034448e0b80
2019-10-19 01:04:45,217 [grpc-default-executor-7] INFO  impl.RoleInfo (RoleInfo.java:shutdownFollowerState(121)) - 51276c3c-a3b8-4274-b089-592ff4589f41: shutdown FollowerState
2019-10-19 01:04:45,217 [grpc-default-executor-5] INFO  impl.RoleInfo (RoleInfo.java:shutdownFollowerState(121)) - 64c90977-e867-487c-b50d-c226f2d34a76: shutdown FollowerState
2019-10-19 01:04:45,217 [Thread-2101] INFO  impl.FollowerState (FollowerState.java:run(117)) - 51276c3c-a3b8-4274-b089-592ff4589f41@group-D48B69A44692-FollowerState was interrupted: java.lang.InterruptedException: sleep interrupted
2019-10-19 01:04:45,217 [grpc-default-executor-7] INFO  impl.RoleInfo (RoleInfo.java:updateAndGet(143)) - 51276c3c-a3b8-4274-b089-592ff4589f41: start FollowerState
2019-10-19 01:04:45,242 [Thread-2100] INFO  impl.FollowerState (FollowerState.java:run(117)) - 64c90977-e867-487c-b50d-c226f2d34a76@group-D48B69A44692-FollowerState was interrupted: java.lang.InterruptedException: sleep interrupted
2019-10-19 01:04:45,217 [grpc-default-executor-5] INFO  impl.RoleInfo (RoleInfo.java:updateAndGet(143)) - 64c90977-e867-487c-b50d-c226f2d34a76: start FollowerState
2019-10-19 01:04:45,271 [16805c57-9f45-4377-8998-764a8f26e152@group-FB3B7D7D89E3-SegmentedRaftLogWorker] INFO  segmented.SegmentedRaftLogWorker (SegmentedRaftLogWorker.java:execute(576)) - 16805c57-9f45-4377-8998-764a8f26e152@group-FB3B7D7D89E3-SegmentedRaftLogWorker: created new log segment /workdir/hadoop-ozone/integration-test/target/test-dir/MiniOzoneClusterImpl-08d89ad4-f612-48fc-8979-c1cb428f8ac2/datanode-6/data/ratis/9b926b7b-8f17-43ce-9976-fb3b7d7d89e3/current/log_inprogress_0
2019-10-19 01:04:45,272 [a1c78c0e-869c-4f76-b4ce-2034448e0b80@group-D48B69A44692-LeaderElection251] INFO  impl.LeaderElection (LeaderElection.java:logAndReturn(56)) - a1c78c0e-869c-4f76-b4ce-2034448e0b80@group-D48B69A44692-LeaderElection251: Election REJECTED; received 2 response(s) [a1c78c0e-869c-4f76-b4ce-2034448e0b80<-51276c3c-a3b8-4274-b089-592ff4589f41#0:FAIL-t141, a1c78c0e-869c-4f76-b4ce-2034448e0b80<-64c90977-e867-487c-b50d-c226f2d34a76#0:FAIL-t141] and 0 exception(s); a1c78c0e-869c-4f76-b4ce-2034448e0b80@group-D48B69A44692:t141, leader=null, voted=a1c78c0e-869c-4f76-b4ce-2034448e0b80, raftlog=a1c78c0e-869c-4f76-b4ce-2034448e0b80@group-D48B69A44692-SegmentedRaftLog:OPENED:c-1,f-1,i0, conf=-1: [51276c3c-a3b8-4274-b089-592ff4589f41:192.168.157.213:36639, 64c90977-e867-487c-b50d-c226f2d34a76:192.168.157.213:37433, a1c78c0e-869c-4f76-b4ce-2034448e0b80:192.168.157.213:33501], old=null
2019-10-19 01:04:45,272 [a1c78c0e-869c-4f76-b4ce-2034448e0b80@group-D48B69A44692-LeaderElection251] INFO  impl.RaftServerImpl (RaftServerImpl.java:setRole(184)) - a1c78c0e-869c-4f76-b4ce-2034448e0b80@group-D48B69A44692: changes role from CANDIDATE to FOLLOWER at term 141 for DISCOVERED_A_NEW_TERM
2019-10-19 01:04:45,273 [a1c78c0e-869c-4f76-b4ce-2034448e0b80@group-D48B69A44692-LeaderElection251] INFO  impl.RoleInfo (RoleInfo.java:shutdownLeaderElection(134)) - a1c78c0e-869c-4f76-b4ce-2034448e0b80: shutdown LeaderElection
2019-10-19 01:04:45,273 [a1c78c0e-869c-4f76-b4ce-2034448e0b80@group-D48B69A44692-LeaderElection251] INFO  impl.RoleInfo (RoleInfo.java:updateAndGet(143)) - a1c78c0e-869c-4f76-b4ce-2034448e0b80: start FollowerState
2019-10-19 01:04:45,283 [16805c57-9f45-4377-8998-764a8f26e152@group-FB3B7D7D89E3-SegmentedRaftLogWorker] INFO  segmented.SegmentedRaftLogWorker (SegmentedRaftLogWorker.java:execute(533)) - 16805c57-9f45-4377-8998-764a8f26e152@group-FB3B7D7D89E3-SegmentedRaftLogWorker: Rolled log segment from /workdir/hadoop-ozone/integration-test/target/test-dir/MiniOzoneClusterImpl-08d89ad4-f612-48fc-8979-c1cb428f8ac2/datanode-6/data/ratis/9b926b7b-8f17-43ce-9976-fb3b7d7d89e3/current/log_inprogress_0 to /workdir/hadoop-ozone/integration-test/target/test-dir/MiniOzoneClusterImpl-08d89ad4-f612-48fc-8979-c1cb428f8ac2/datanode-6/data/ratis/9b926b7b-8f17-43ce-9976-fb3b7d7d89e3/current/log_0-0
2019-10-19 01:04:45,312 [Thread-2117] INFO  impl.FollowerState (FollowerState.java:run(108)) - a1c78c0e-869c-4f76-b4ce-2034448e0b80@group-D48B69A44692-FollowerState: change to CANDIDATE, lastRpcTime:39ms, electionTimeout:39ms
2019-10-19 01:04:45,312 [Thread-2117] INFO  impl.RoleInfo (RoleInfo.java:shutdownFollowerState(121)) - a1c78c0e-869c-4f76-b4ce-2034448e0b80: shutdown FollowerState
2019-10-19 01:04:45,313 [Thread-2117] INFO  impl.RaftServerImpl (RaftServerImpl.java:setRole(184)) - a1c78c0e-869c-4f76-b4ce-2034448e0b80@group-D48B69A44692: changes role from  FOLLOWER to CANDIDATE at term 141 for changeToCandidate
2019-10-19 01:04:45,313 [Thread-2117] INFO  impl.RoleInfo (RoleInfo.java:updateAndGet(143)) - a1c78c0e-869c-4f76-b4ce-2034448e0b80: start LeaderElection
2019-10-19 01:04:45,317 [16805c57-9f45-4377-8998-764a8f26e152@group-FB3B7D7D89E3-SegmentedRaftLogWorker] INFO  segmented.SegmentedRaftLogWorker (SegmentedRaftLogWorker.java:execute(576)) - 16805c57-9f45-4377-8998-764a8f26e152@group-FB3B7D7D89E3-SegmentedRaftLogWorker: created new log segment /workdir/hadoop-ozone/integration-test/target/test-dir/MiniOzoneClusterImpl-08d89ad4-f612-48fc-8979-c1cb428f8ac2/datanode-6/data/ratis/9b926b7b-8f17-43ce-9976-fb3b7d7d89e3/current/log_inprogress_1
2019-10-19 01:04:45,317 [a1c78c0e-869c-4f76-b4ce-2034448e0b80@group-D48B69A44692-LeaderElection252] INFO  impl.LeaderElection (LeaderElection.java:askForVotes(178)) - a1c78c0e-869c-4f76-b4ce-2034448e0b80@group-D48B69A44692-LeaderElection252: begin an election at term 142 for -1: [51276c3c-a3b8-4274-b089-592ff4589f41:192.168.157.213:36639, 64c90977-e867-487c-b50d-c226f2d34a76:192.168.157.213:37433, a1c78c0e-869c-4f76-b4ce-2034448e0b80:192.168.157.213:33501], old=null
2019-10-19 01:04:45,319 [grpc-default-executor-5] INFO  impl.RaftServerImpl (RaftServerImpl.java:setRole(184)) - 64c90977-e867-487c-b50d-c226f2d34a76@group-D48B69A44692: changes role from  FOLLOWER to FOLLOWER at term 142 for recognizeCandidate:a1c78c0e-869c-4f76-b4ce-2034448e0b80
2019-10-19 01:04:45,319 [grpc-default-executor-7] INFO  impl.RaftServerImpl (RaftServerImpl.java:setRole(184)) - 51276c3c-a3b8-4274-b089-592ff4589f41@group-D48B69A44692: changes role from  FOLLOWER to FOLLOWER at term 142 for recognizeCandidate:a1c78c0e-869c-4f76-b4ce-2034448e0b80
2019-10-19 01:04:45,319 [grpc-default-executor-5] INFO  impl.RoleInfo (RoleInfo.java:shutdownFollowerState(121)) - 64c90977-e867-487c-b50d-c226f2d34a76: shutdown FollowerState
2019-10-19 01:04:45,319 [grpc-default-executor-7] INFO  impl.RoleInfo (RoleInfo.java:shutdownFollowerState(121)) - 51276c3c-a3b8-4274-b089-592ff4589f41: shutdown FollowerState
2019-10-19 01:04:45,320 [Thread-2113] INFO  impl.FollowerState (FollowerState.java:run(117)) - 64c90977-e867-487c-b50d-c226f2d34a76@group-D48B69A44692-FollowerState was interrupted: java.lang.InterruptedException: sleep interrupted
2019-10-19 01:04:45,320 [grpc-default-executor-5] INFO  impl.RoleInfo (RoleInfo.java:updateAndGet(143)) - 64c90977-e867-487c-b50d-c226f2d34a76: start FollowerState
2019-10-19 01:04:45,320 [Thread-2112] INFO  impl.FollowerState (FollowerState.java:run(117)) - 51276c3c-a3b8-4274-b089-592ff4589f41@group-D48B69A44692-FollowerState was interrupted: java.lang.InterruptedException: sleep interrupted
2019-10-19 01:04:45,320 [grpc-default-executor-7] INFO  impl.RoleInfo (RoleInfo.java:updateAndGet(143)) - 51276c3c-a3b8-4274-b089-592ff4589f41: start FollowerState
2019-10-19 01:04:45,332 [a1c78c0e-869c-4f76-b4ce-2034448e0b80@group-D48B69A44692-LeaderElection252] INFO  impl.LeaderElection (LeaderElection.java:logAndReturn(56)) - a1c78c0e-869c-4f76-b4ce-2034448e0b80@group-D48B69A44692-LeaderElection252: Election REJECTED; received 2 response(s) [a1c78c0e-869c-4f76-b4ce-2034448e0b80<-51276c3c-a3b8-4274-b089-592ff4589f41#0:FAIL-t142, a1c78c0e-869c-4f76-b4ce-2034448e0b80<-64c90977-e867-487c-b50d-c226f2d34a76#0:FAIL-t142] and 0 exception(s); a1c78c0e-869c-4f76-b4ce-2034448e0b80@group-D48B69A44692:t142, leader=null, voted=a1c78c0e-869c-4f76-b4ce-2034448e0b80, raftlog=a1c78c0e-869c-4f76-b4ce-2034448e0b80@group-D48B69A44692-SegmentedRaftLog:OPENED:c-1,f-1,i0, conf=-1: [51276c3c-a3b8-4274-b089-592ff4589f41:192.168.157.213:36639, 64c90977-e867-487c-b50d-c226f2d34a76:192.168.157.213:37433, a1c78c0e-869c-4f76-b4ce-2034448e0b80:192.168.157.213:33501], old=null
2019-10-19 01:04:45,332 [a1c78c0e-869c-4f76-b4ce-2034448e0b80@group-D48B69A44692-LeaderElection252] INFO  impl.RaftServerImpl (RaftServerImpl.java:setRole(184)) - a1c78c0e-869c-4f76-b4ce-2034448e0b80@group-D48B69A44692: changes role from CANDIDATE to FOLLOWER at term 142 for DISCOVERED_A_NEW_TERM
2019-10-19 01:04:45,332 [a1c78c0e-869c-4f76-b4ce-2034448e0b80@group-D48B69A44692-LeaderElection252] INFO  impl.RoleInfo (RoleInfo.java:shutdownLeaderElection(134)) - a1c78c0e-869c-4f76-b4ce-2034448e0b80: shutdown LeaderElection
2019-10-19 01:04:45,332 [a1c78c0e-869c-4f76-b4ce-2034448e0b80@group-D48B69A44692-LeaderElection252] INFO  impl.RoleInfo (RoleInfo.java:updateAndGet(143)) - a1c78c0e-869c-4f76-b4ce-2034448e0b80: start FollowerState
2019-10-19 01:04:45,392 [Thread-2125] INFO  impl.FollowerState (FollowerState.java:run(108)) - a1c78c0e-869c-4f76-b4ce-2034448e0b80@group-D48B69A44692-FollowerState: change to CANDIDATE, lastRpcTime:59ms, electionTimeout:59ms
2019-10-19 01:04:45,392 [Thread-2125] INFO  impl.RoleInfo (RoleInfo.java:shutdownFollowerState(121)) - a1c78c0e-869c-4f76-b4ce-2034448e0b80: shutdown FollowerState
2019-10-19 01:04:45,392 [Thread-2125] INFO  impl.RaftServerImpl (RaftServerImpl.java:setRole(184)) - a1c78c0e-869c-4f76-b4ce-2034448e0b80@group-D48B69A44692: changes role from  FOLLOWER to CANDIDATE at term 142 for changeToCandidate
2019-10-19 01:04:45,392 [Thread-2125] INFO  impl.RoleInfo (RoleInfo.java:updateAndGet(143)) - a1c78c0e-869c-4f76-b4ce-2034448e0b80: start LeaderElection
2019-10-19 01:04:45,414 [a1c78c0e-869c-4f76-b4ce-2034448e0b80@group-D48B69A44692-LeaderElection253] INFO  impl.LeaderElection (LeaderElection.java:askForVotes(178)) - a1c78c0e-869c-4f76-b4ce-2034448e0b80@group-D48B69A44692-LeaderElection253: begin an election at term 143 for -1: [51276c3c-a3b8-4274-b089-592ff4589f41:192.168.157.213:36639, 64c90977-e867-487c-b50d-c226f2d34a76:192.168.157.213:37433, a1c78c0e-869c-4f76-b4ce-2034448e0b80:192.168.157.213:33501], old=null
2019-10-19 01:04:45,416 [grpc-default-executor-5] INFO  impl.RaftServerImpl (RaftServerImpl.java:setRole(184)) - 51276c3c-a3b8-4274-b089-592ff4589f41@group-D48B69A44692: changes role from  FOLLOWER to FOLLOWER at term 143 for recognizeCandidate:a1c78c0e-869c-4f76-b4ce-2034448e0b80
2019-10-19 01:04:45,416 [grpc-default-executor-7] INFO  impl.RaftServerImpl (RaftServerImpl.java:setRole(184)) - 64c90977-e867-487c-b50d-c226f2d34a76@group-D48B69A44692: changes role from  FOLLOWER to FOLLOWER at term 143 for recognizeCandidate:a1c78c0e-869c-4f76-b4ce-2034448e0b80
2019-10-19 01:04:45,417 [grpc-default-executor-5] INFO  impl.RoleInfo (RoleInfo.java:shutdownFollowerState(121)) - 51276c3c-a3b8-4274-b089-592ff4589f41: shutdown FollowerState
2019-10-19 01:04:45,417 [grpc-default-executor-7] INFO  impl.RoleInfo (RoleInfo.java:shutdownFollowerState(121)) - 64c90977-e867-487c-b50d-c226f2d34a76: shutdown FollowerState
2019-10-19 01:04:45,417 [Thread-2122] INFO  impl.FollowerState (FollowerState.java:run(117)) - 51276c3c-a3b8-4274-b089-592ff4589f41@group-D48B69A44692-FollowerState was interrupted: java.lang.InterruptedException: sleep interrupted
2019-10-19 01:04:45,417 [grpc-default-executor-5] INFO  impl.RoleInfo (RoleInfo.java:updateAndGet(143)) - 51276c3c-a3b8-4274-b089-592ff4589f41: start FollowerState
2019-10-19 01:04:45,417 [Thread-2121] INFO  impl.FollowerState (FollowerState.java:run(117)) - 64c90977-e867-487c-b50d-c226f2d34a76@group-D48B69A44692-FollowerState was interrupted: java.lang.InterruptedException: sleep interrupted
2019-10-19 01:04:45,417 [grpc-default-executor-7] INFO  impl.RoleInfo (RoleInfo.java:updateAndGet(143)) - 64c90977-e867-487c-b50d-c226f2d34a76: start FollowerState
2019-10-19 01:04:45,432 [a1c78c0e-869c-4f76-b4ce-2034448e0b80@group-D48B69A44692-LeaderElection253] INFO  impl.LeaderElection (LeaderElection.java:logAndReturn(56)) - a1c78c0e-869c-4f76-b4ce-2034448e0b80@group-D48B69A44692-LeaderElection253: Election REJECTED; received 2 response(s) [a1c78c0e-869c-4f76-b4ce-2034448e0b80<-51276c3c-a3b8-4274-b089-592ff4589f41#0:FAIL-t143, a1c78c0e-869c-4f76-b4ce-2034448e0b80<-64c90977-e867-487c-b50d-c226f2d34a76#0:FAIL-t143] and 0 exception(s); a1c78c0e-869c-4f76-b4ce-2034448e0b80@group-D48B69A44692:t143, leader=null, voted=a1c78c0e-869c-4f76-b4ce-2034448e0b80, raftlog=a1c78c0e-869c-4f76-b4ce-2034448e0b80@group-D48B69A44692-SegmentedRaftLog:OPENED:c-1,f-1,i0, conf=-1: [51276c3c-a3b8-4274-b089-592ff4589f41:192.168.157.213:36639, 64c90977-e867-487c-b50d-c226f2d34a76:192.168.157.213:37433, a1c78c0e-869c-4f76-b4ce-2034448e0b80:192.168.157.213:33501], old=null
2019-10-19 01:04:45,432 [a1c78c0e-869c-4f76-b4ce-2034448e0b80@group-D48B69A44692-LeaderElection253] INFO  impl.RaftServerImpl (RaftServerImpl.java:setRole(184)) - a1c78c0e-869c-4f76-b4ce-2034448e0b80@group-D48B69A44692: changes role from CANDIDATE to FOLLOWER at term 143 for DISCOVERED_A_NEW_TERM
2019-10-19 01:04:45,432 [a1c78c0e-869c-4f76-b4ce-2034448e0b80@group-D48B69A44692-LeaderElection253] INFO  impl.RoleInfo (RoleInfo.java:shutdownLeaderElection(134)) - a1c78c0e-869c-4f76-b4ce-2034448e0b80: shutdown LeaderElection
2019-10-19 01:04:45,432 [a1c78c0e-869c-4f76-b4ce-2034448e0b80@group-D48B69A44692-LeaderElection253] INFO  impl.RoleInfo (RoleInfo.java:updateAndGet(143)) - a1c78c0e-869c-4f76-b4ce-2034448e0b80: start FollowerState
2019-10-19 01:04:45,438 [Thread-2131] INFO  impl.FollowerState (FollowerState.java:run(108)) - a1c78c0e-869c-4f76-b4ce-2034448e0b80@group-D48B69A44692-FollowerState: change to CANDIDATE, lastRpcTime:6ms, electionTimeout:6ms
2019-10-19 01:04:45,439 [Thread-2131] INFO  impl.RoleInfo (RoleInfo.java:shutdownFollowerState(121)) - a1c78c0e-869c-4f76-b4ce-2034448e0b80: shutdown FollowerState
2019-10-19 01:04:45,439 [Thread-2131] INFO  impl.RaftServerImpl (RaftServerImpl.java:setRole(184)) - a1c78c0e-869c-4f76-b4ce-2034448e0b80@group-D48B69A44692: changes role from  FOLLOWER to CANDIDATE at term 143 for changeToCandidate
2019-10-19 01:04:45,439 [Thread-2131] INFO  impl.RoleInfo (RoleInfo.java:updateAndGet(143)) - a1c78c0e-869c-4f76-b4ce-2034448e0b80: start LeaderElection
2019-10-19 01:04:45,452 [a1c78c0e-869c-4f76-b4ce-2034448e0b80@group-D48B69A44692-LeaderElection254] INFO  impl.LeaderElection (LeaderElection.java:askForVotes(178)) - a1c78c0e-869c-4f76-b4ce-2034448e0b80@group-D48B69A44692-LeaderElection254: begin an election at term 144 for -1: [51276c3c-a3b8-4274-b089-592ff4589f41:192.168.157.213:36639, 64c90977-e867-487c-b50d-c226f2d34a76:192.168.157.213:37433, a1c78c0e-869c-4f76-b4ce-2034448e0b80:192.168.157.213:33501], old=null
2019-10-19 01:04:45,453 [grpc-default-executor-7] INFO  impl.RaftServerImpl (RaftServerImpl.java:setRole(184)) - 51276c3c-a3b8-4274-b089-592ff4589f41@group-D48B69A44692: changes role from  FOLLOWER to FOLLOWER at term 144 for recognizeCandidate:a1c78c0e-869c-4f76-b4ce-2034448e0b80
2019-10-19 01:04:45,453 [grpc-default-executor-5] INFO  impl.RaftServerImpl (RaftServerImpl.java:setRole(184)) - 64c90977-e867-487c-b50d-c226f2d34a76@group-D48B69A44692: changes role from  FOLLOWER to FOLLOWER at term 144 for recognizeCandidate:a1c78c0e-869c-4f76-b4ce-2034448e0b80
2019-10-19 01:04:45,454 [grpc-default-executor-5] INFO  impl.RoleInfo (RoleInfo.java:shutdownFollowerState(121)) - 64c90977-e867-487c-b50d-c226f2d34a76: shutdown FollowerState
2019-10-19 01:04:45,453 [grpc-default-executor-7] INFO  impl.RoleInfo (RoleInfo.java:shutdownFollowerState(121)) - 51276c3c-a3b8-4274-b089-592ff4589f41: shutdown FollowerState
2019-10-19 01:04:45,454 [Thread-2130] INFO  impl.FollowerState (FollowerState.java:run(117)) - 64c90977-e867-487c-b50d-c226f2d34a76@group-D48B69A44692-FollowerState was interrupted: java.lang.InterruptedException: sleep interrupted
2019-10-19 01:04:45,454 [grpc-default-executor-5] INFO  impl.RoleInfo (RoleInfo.java:updateAndGet(143)) - 64c90977-e867-487c-b50d-c226f2d34a76: start FollowerState
2019-10-19 01:04:45,454 [grpc-default-executor-7] INFO  impl.RoleInfo (RoleInfo.java:updateAndGet(143)) - 51276c3c-a3b8-4274-b089-592ff4589f41: start FollowerState
2019-10-19 01:04:45,454 [Thread-2129] INFO  impl.FollowerState (FollowerState.java:run(117)) - 51276c3c-a3b8-4274-b089-592ff4589f41@group-D48B69A44692-FollowerState was interrupted: java.lang.InterruptedException: sleep interrupted
2019-10-19 01:04:45,468 [a1c78c0e-869c-4f76-b4ce-2034448e0b80@group-D48B69A44692-LeaderElection254] INFO  impl.LeaderElection (LeaderElection.java:logAndReturn(56)) - a1c78c0e-869c-4f76-b4ce-2034448e0b80@group-D48B69A44692-LeaderElection254: Election REJECTED; received 2 response(s) [a1c78c0e-869c-4f76-b4ce-2034448e0b80<-51276c3c-a3b8-4274-b089-592ff4589f41#0:FAIL-t144, a1c78c0e-869c-4f76-b4ce-2034448e0b80<-64c90977-e867-487c-b50d-c226f2d34a76#0:FAIL-t144] and 0 exception(s); a1c78c0e-869c-4f76-b4ce-2034448e0b80@group-D48B69A44692:t144, leader=null, voted=a1c78c0e-869c-4f76-b4ce-2034448e0b80, raftlog=a1c78c0e-869c-4f76-b4ce-2034448e0b80@group-D48B69A44692-SegmentedRaftLog:OPENED:c-1,f-1,i0, conf=-1: [51276c3c-a3b8-4274-b089-592ff4589f41:192.168.157.213:36639, 64c90977-e867-487c-b50d-c226f2d34a76:192.168.157.213:37433, a1c78c0e-869c-4f76-b4ce-2034448e0b80:192.168.157.213:33501], old=null
2019-10-19 01:04:45,468 [a1c78c0e-869c-4f76-b4ce-2034448e0b80@group-D48B69A44692-LeaderElection254] INFO  impl.RaftServerImpl (RaftServerImpl.java:setRole(184)) - a1c78c0e-869c-4f76-b4ce-2034448e0b80@group-D48B69A44692: changes role from CANDIDATE to FOLLOWER at term 144 for DISCOVERED_A_NEW_TERM
2019-10-19 01:04:45,468 [a1c78c0e-869c-4f76-b4ce-2034448e0b80@group-D48B69A44692-LeaderElection254] INFO  impl.RoleInfo (RoleInfo.java:shutdownLeaderElection(134)) - a1c78c0e-869c-4f76-b4ce-2034448e0b80: shutdown LeaderElection
2019-10-19 01:04:45,469 [a1c78c0e-869c-4f76-b4ce-2034448e0b80@group-D48B69A44692-LeaderElection254] INFO  impl.RoleInfo (RoleInfo.java:updateAndGet(143)) - a1c78c0e-869c-4f76-b4ce-2034448e0b80: start FollowerState
2019-10-19 01:04:45,567 [Thread-2137] INFO  impl.FollowerState (FollowerState.java:run(108)) - a1c78c0e-869c-4f76-b4ce-2034448e0b80@group-D48B69A44692-FollowerState: change to CANDIDATE, lastRpcTime:98ms, electionTimeout:98ms
2019-10-19 01:04:45,567 [Thread-2137] INFO  impl.RoleInfo (RoleInfo.java:shutdownFollowerState(121)) - a1c78c0e-869c-4f76-b4ce-2034448e0b80: shutdown FollowerState
2019-10-19 01:04:45,567 [Thread-2137] INFO  impl.RaftServerImpl (RaftServerImpl.java:setRole(184)) - a1c78c0e-869c-4f76-b4ce-2034448e0b80@group-D48B69A44692: changes role from  FOLLOWER to CANDIDATE at term 144 for changeToCandidate
2019-10-19 01:04:45,568 [Thread-2137] INFO  impl.RoleInfo (RoleInfo.java:updateAndGet(143)) - a1c78c0e-869c-4f76-b4ce-2034448e0b80: start LeaderElection
2019-10-19 01:04:45,581 [a1c78c0e-869c-4f76-b4ce-2034448e0b80@group-D48B69A44692-LeaderElection255] INFO  impl.LeaderElection (LeaderElection.java:askForVotes(178)) - a1c78c0e-869c-4f76-b4ce-2034448e0b80@group-D48B69A44692-LeaderElection255: begin an election at term 145 for -1: [51276c3c-a3b8-4274-b089-592ff4589f41:192.168.157.213:36639, 64c90977-e867-487c-b50d-c226f2d34a76:192.168.157.213:37433, a1c78c0e-869c-4f76-b4ce-2034448e0b80:192.168.157.213:33501], old=null
2019-10-19 01:04:45,582 [grpc-default-executor-5] INFO  impl.RaftServerImpl (RaftServerImpl.java:setRole(184)) - 64c90977-e867-487c-b50d-c226f2d34a76@group-D48B69A44692: changes role from  FOLLOWER to FOLLOWER at term 145 for recognizeCandidate:a1c78c0e-869c-4f76-b4ce-2034448e0b80
2019-10-19 01:04:45,583 [grpc-default-executor-5] INFO  impl.RoleInfo (RoleInfo.java:shutdownFollowerState(121)) - 64c90977-e867-487c-b50d-c226f2d34a76: shutdown FollowerState
2019-10-19 01:04:45,583 [grpc-default-executor-7] INFO  impl.RaftServerImpl (RaftServerImpl.java:setRole(184)) - 51276c3c-a3b8-4274-b089-592ff4589f41@group-D48B69A44692: changes role from  FOLLOWER to FOLLOWER at term 145 for recognizeCandidate:a1c78c0e-869c-4f76-b4ce-2034448e0b80
2019-10-19 01:04:45,583 [grpc-default-executor-7] INFO  impl.RoleInfo (RoleInfo.java:shutdownFollowerState(121)) - 51276c3c-a3b8-4274-b089-592ff4589f41: shutdown FollowerState
2019-10-19 01:04:45,583 [Thread-2135] INFO  impl.FollowerState (FollowerState.java:run(117)) - 64c90977-e867-487c-b50d-c226f2d34a76@group-D48B69A44692-FollowerState was interrupted: java.lang.InterruptedException: sleep interrupted
2019-10-19 01:04:45,583 [grpc-default-executor-5] INFO  impl.RoleInfo (RoleInfo.java:updateAndGet(143)) - 64c90977-e867-487c-b50d-c226f2d34a76: start FollowerState
2019-10-19 01:04:45,583 [grpc-default-executor-7] INFO  impl.RoleInfo (RoleInfo.java:updateAndGet(143)) - 51276c3c-a3b8-4274-b089-592ff4589f41: start FollowerState
2019-10-19 01:04:45,583 [Thread-2136] INFO  impl.FollowerState (FollowerState.java:run(117)) - 51276c3c-a3b8-4274-b089-592ff4589f41@group-D48B69A44692-FollowerState was interrupted: java.lang.InterruptedException: sleep interrupted
2019-10-19 01:04:45,598 [a1c78c0e-869c-4f76-b4ce-2034448e0b80@group-D48B69A44692-LeaderElection255] INFO  impl.LeaderElection (LeaderElection.java:logAndReturn(56)) - a1c78c0e-869c-4f76-b4ce-2034448e0b80@group-D48B69A44692-LeaderElection255: Election REJECTED; received 2 response(s) [a1c78c0e-869c-4f76-b4ce-2034448e0b80<-51276c3c-a3b8-4274-b089-592ff4589f41#0:FAIL-t145, a1c78c0e-869c-4f76-b4ce-2034448e0b80<-64c90977-e867-487c-b50d-c226f2d34a76#0:FAIL-t145] and 0 exception(s); a1c78c0e-869c-4f76-b4ce-2034448e0b80@group-D48B69A44692:t145, leader=null, voted=a1c78c0e-869c-4f76-b4ce-2034448e0b80, raftlog=a1c78c0e-869c-4f76-b4ce-2034448e0b80@group-D48B69A44692-SegmentedRaftLog:OPENED:c-1,f-1,i0, conf=-1: [51276c3c-a3b8-4274-b089-592ff4589f41:192.168.157.213:36639, 64c90977-e867-487c-b50d-c226f2d34a76:192.168.157.213:37433, a1c78c0e-869c-4f76-b4ce-2034448e0b80:192.168.157.213:33501], old=null
2019-10-19 01:04:45,598 [a1c78c0e-869c-4f76-b4ce-2034448e0b80@group-D48B69A44692-LeaderElection255] INFO  impl.RaftServerImpl (RaftServerImpl.java:setRole(184)) - a1c78c0e-869c-4f76-b4ce-2034448e0b80@group-D48B69A44692: changes role from CANDIDATE to FOLLOWER at term 145 for DISCOVERED_A_NEW_TERM
2019-10-19 01:04:45,598 [a1c78c0e-869c-4f76-b4ce-2034448e0b80@group-D48B69A44692-LeaderElection255] INFO  impl.RoleInfo (RoleInfo.java:shutdownLeaderElection(134)) - a1c78c0e-869c-4f76-b4ce-2034448e0b80: shutdown LeaderElection
2019-10-19 01:04:45,598 [a1c78c0e-869c-4f76-b4ce-2034448e0b80@group-D48B69A44692-LeaderElection255] INFO  impl.RoleInfo (RoleInfo.java:updateAndGet(143)) - a1c78c0e-869c-4f76-b4ce-2034448e0b80: start FollowerState
2019-10-19 01:04:45,724 [Thread-2143] INFO  impl.FollowerState (FollowerState.java:run(108)) - a1c78c0e-869c-4f76-b4ce-2034448e0b80@group-D48B69A44692-FollowerState: change to CANDIDATE, lastRpcTime:126ms, electionTimeout:126ms
2019-10-19 01:04:45,725 [Thread-2143] INFO  impl.RoleInfo (RoleInfo.java:shutdownFollowerState(121)) - a1c78c0e-869c-4f76-b4ce-2034448e0b80: shutdown FollowerState
2019-10-19 01:04:45,725 [Thread-2143] INFO  impl.RaftServerImpl (RaftServerImpl.java:setRole(184)) - a1c78c0e-869c-4f76-b4ce-2034448e0b80@group-D48B69A44692: changes role from  FOLLOWER to CANDIDATE at term 145 for changeToCandidate
2019-10-19 01:04:45,725 [Thread-2143] INFO  impl.RoleInfo (RoleInfo.java:updateAndGet(143)) - a1c78c0e-869c-4f76-b4ce-2034448e0b80: start LeaderElection
2019-10-19 01:04:45,750 [a1c78c0e-869c-4f76-b4ce-2034448e0b80@group-D48B69A44692-LeaderElection256] INFO  impl.LeaderElection (LeaderElection.java:askForVotes(178)) - a1c78c0e-869c-4f76-b4ce-2034448e0b80@group-D48B69A44692-LeaderElection256: begin an election at term 146 for -1: [51276c3c-a3b8-4274-b089-592ff4589f41:192.168.157.213:36639, 64c90977-e867-487c-b50d-c226f2d34a76:192.168.157.213:37433, a1c78c0e-869c-4f76-b4ce-2034448e0b80:192.168.157.213:33501], old=null
2019-10-19 01:04:45,752 [grpc-default-executor-5] INFO  impl.RaftServerImpl (RaftServerImpl.java:setRole(184)) - 64c90977-e867-487c-b50d-c226f2d34a76@group-D48B69A44692: changes role from  FOLLOWER to FOLLOWER at term 146 for recognizeCandidate:a1c78c0e-869c-4f76-b4ce-2034448e0b80
2019-10-19 01:04:45,752 [grpc-default-executor-7] INFO  impl.RaftServerImpl (RaftServerImpl.java:setRole(184)) - 51276c3c-a3b8-4274-b089-592ff4589f41@group-D48B69A44692: changes role from  FOLLOWER to FOLLOWER at term 146 for recognizeCandidate:a1c78c0e-869c-4f76-b4ce-2034448e0b80
2019-10-19 01:04:45,752 [grpc-default-executor-5] INFO  impl.RoleInfo (RoleInfo.java:shutdownFollowerState(121)) - 64c90977-e867-487c-b50d-c226f2d34a76: shutdown FollowerState
2019-10-19 01:04:45,752 [grpc-default-executor-7] INFO  impl.RoleInfo (RoleInfo.java:shutdownFollowerState(121)) - 51276c3c-a3b8-4274-b089-592ff4589f41: shutdown FollowerState
2019-10-19 01:04:45,753 [Thread-2141] INFO  impl.FollowerState (FollowerState.java:run(117)) - 64c90977-e867-487c-b50d-c226f2d34a76@group-D48B69A44692-FollowerState was interrupted: java.lang.InterruptedException: sleep interrupted
2019-10-19 01:04:45,753 [grpc-default-executor-5] INFO  impl.RoleInfo (RoleInfo.java:updateAndGet(143)) - 64c90977-e867-487c-b50d-c226f2d34a76: start FollowerState
2019-10-19 01:04:45,753 [Thread-2142] INFO  impl.FollowerState (FollowerState.java:run(117)) - 51276c3c-a3b8-4274-b089-592ff4589f41@group-D48B69A44692-FollowerState was interrupted: java.lang.InterruptedException: sleep interrupted
2019-10-19 01:04:45,753 [grpc-default-executor-7] INFO  impl.RoleInfo (RoleInfo.java:updateAndGet(143)) - 51276c3c-a3b8-4274-b089-592ff4589f41: start FollowerState
2019-10-19 01:04:45,767 [a1c78c0e-869c-4f76-b4ce-2034448e0b80@group-D48B69A44692-LeaderElection256] INFO  impl.LeaderElection (LeaderElection.java:logAndReturn(56)) - a1c78c0e-869c-4f76-b4ce-2034448e0b80@group-D48B69A44692-LeaderElection256: Election REJECTED; received 2 response(s) [a1c78c0e-869c-4f76-b4ce-2034448e0b80<-51276c3c-a3b8-4274-b089-592ff4589f41#0:FAIL-t146, a1c78c0e-869c-4f76-b4ce-2034448e0b80<-64c90977-e867-487c-b50d-c226f2d34a76#0:FAIL-t146] and 0 exception(s); a1c78c0e-869c-4f76-b4ce-2034448e0b80@group-D48B69A44692:t146, leader=null, voted=a1c78c0e-869c-4f76-b4ce-2034448e0b80, raftlog=a1c78c0e-869c-4f76-b4ce-2034448e0b80@group-D48B69A44692-SegmentedRaftLog:OPENED:c-1,f-1,i0, conf=-1: [51276c3c-a3b8-4274-b089-592ff4589f41:192.168.157.213:36639, 64c90977-e867-487c-b50d-c226f2d34a76:192.168.157.213:37433, a1c78c0e-869c-4f76-b4ce-2034448e0b80:192.168.157.213:33501], old=null
2019-10-19 01:04:45,767 [a1c78c0e-869c-4f76-b4ce-2034448e0b80@group-D48B69A44692-LeaderElection256] INFO  impl.RaftServerImpl (RaftServerImpl.java:setRole(184)) - a1c78c0e-869c-4f76-b4ce-2034448e0b80@group-D48B69A44692: changes role from CANDIDATE to FOLLOWER at term 146 for DISCOVERED_A_NEW_TERM
2019-10-19 01:04:45,767 [a1c78c0e-869c-4f76-b4ce-2034448e0b80@group-D48B69A44692-LeaderElection256] INFO  impl.RoleInfo (RoleInfo.java:shutdownLeaderElection(134)) - a1c78c0e-869c-4f76-b4ce-2034448e0b80: shutdown LeaderElection
2019-10-19 01:04:45,768 [a1c78c0e-869c-4f76-b4ce-2034448e0b80@group-D48B69A44692-LeaderElection256] INFO  impl.RoleInfo (RoleInfo.java:updateAndGet(143)) - a1c78c0e-869c-4f76-b4ce-2034448e0b80: start FollowerState
2019-10-19 01:04:45,968 [Thread-2149] INFO  impl.FollowerState (FollowerState.java:run(108)) - a1c78c0e-869c-4f76-b4ce-2034448e0b80@group-D48B69A44692-FollowerState: change to CANDIDATE, lastRpcTime:200ms, electionTimeout:200ms
2019-10-19 01:04:45,968 [Thread-2149] INFO  impl.RoleInfo (RoleInfo.java:shutdownFollowerState(121)) - a1c78c0e-869c-4f76-b4ce-2034448e0b80: shutdown FollowerState
2019-10-19 01:04:45,968 [Thread-2149] INFO  impl.RaftServerImpl (RaftServerImpl.java:setRole(184)) - a1c78c0e-869c-4f76-b4ce-2034448e0b80@group-D48B69A44692: changes role from  FOLLOWER to CANDIDATE at term 146 for changeToCandidate
2019-10-19 01:04:45,968 [Thread-2149] INFO  impl.RoleInfo (RoleInfo.java:updateAndGet(143)) - a1c78c0e-869c-4f76-b4ce-2034448e0b80: start LeaderElection
2019-10-19 01:04:45,982 [a1c78c0e-869c-4f76-b4ce-2034448e0b80@group-D48B69A44692-LeaderElection257] INFO  impl.LeaderElection (LeaderElection.java:askForVotes(178)) - a1c78c0e-869c-4f76-b4ce-2034448e0b80@group-D48B69A44692-LeaderElection257: begin an election at term 147 for -1: [51276c3c-a3b8-4274-b089-592ff4589f41:192.168.157.213:36639, 64c90977-e867-487c-b50d-c226f2d34a76:192.168.157.213:37433, a1c78c0e-869c-4f76-b4ce-2034448e0b80:192.168.157.213:33501], old=null
2019-10-19 01:04:45,984 [grpc-default-executor-5] INFO  impl.RaftServerImpl (RaftServerImpl.java:setRole(184)) - 64c90977-e867-487c-b50d-c226f2d34a76@group-D48B69A44692: changes role from  FOLLOWER to FOLLOWER at term 147 for recognizeCandidate:a1c78c0e-869c-4f76-b4ce-2034448e0b80
2019-10-19 01:04:45,984 [grpc-default-executor-5] INFO  impl.RoleInfo (RoleInfo.java:shutdownFollowerState(121)) - 64c90977-e867-487c-b50d-c226f2d34a76: shutdown FollowerState
2019-10-19 01:04:45,984 [grpc-default-executor-5] INFO  impl.RoleInfo (RoleInfo.java:updateAndGet(143)) - 64c90977-e867-487c-b50d-c226f2d34a76: start FollowerState
2019-10-19 01:04:45,984 [Thread-2147] INFO  impl.FollowerState (FollowerState.java:run(117)) - 64c90977-e867-487c-b50d-c226f2d34a76@group-D48B69A44692-FollowerState was interrupted: java.lang.InterruptedException: sleep interrupted
2019-10-19 01:04:45,984 [grpc-default-executor-7] INFO  impl.RaftServerImpl (RaftServerImpl.java:setRole(184)) - 51276c3c-a3b8-4274-b089-592ff4589f41@group-D48B69A44692: changes role from  FOLLOWER to FOLLOWER at term 147 for recognizeCandidate:a1c78c0e-869c-4f76-b4ce-2034448e0b80
2019-10-19 01:04:45,985 [grpc-default-executor-7] INFO  impl.RoleInfo (RoleInfo.java:shutdownFollowerState(121)) - 51276c3c-a3b8-4274-b089-592ff4589f41: shutdown FollowerState
2019-10-19 01:04:45,985 [grpc-default-executor-7] INFO  impl.RoleInfo (RoleInfo.java:updateAndGet(143)) - 51276c3c-a3b8-4274-b089-592ff4589f41: start FollowerState
2019-10-19 01:04:45,985 [Thread-2148] INFO  impl.FollowerState (FollowerState.java:run(117)) - 51276c3c-a3b8-4274-b089-592ff4589f41@group-D48B69A44692-FollowerState was interrupted: java.lang.InterruptedException: sleep interrupted
2019-10-19 01:04:45,998 [a1c78c0e-869c-4f76-b4ce-2034448e0b80@group-D48B69A44692-LeaderElection257] INFO  impl.LeaderElection (LeaderElection.java:logAndReturn(56)) - a1c78c0e-869c-4f76-b4ce-2034448e0b80@group-D48B69A44692-LeaderElection257: Election REJECTED; received 2 response(s) [a1c78c0e-869c-4f76-b4ce-2034448e0b80<-51276c3c-a3b8-4274-b089-592ff4589f41#0:FAIL-t147, a1c78c0e-869c-4f76-b4ce-2034448e0b80<-64c90977-e867-487c-b50d-c226f2d34a76#0:FAIL-t147] and 0 exception(s); a1c78c0e-869c-4f76-b4ce-2034448e0b80@group-D48B69A44692:t147, leader=null, voted=a1c78c0e-869c-4f76-b4ce-2034448e0b80, raftlog=a1c78c0e-869c-4f76-b4ce-2034448e0b80@group-D48B69A44692-SegmentedRaftLog:OPENED:c-1,f-1,i0, conf=-1: [51276c3c-a3b8-4274-b089-592ff4589f41:192.168.157.213:36639, 64c90977-e867-487c-b50d-c226f2d34a76:192.168.157.213:37433, a1c78c0e-869c-4f76-b4ce-2034448e0b80:192.168.157.213:33501], old=null
2019-10-19 01:04:45,999 [a1c78c0e-869c-4f76-b4ce-2034448e0b80@group-D48B69A44692-LeaderElection257] INFO  impl.RaftServerImpl (RaftServerImpl.java:setRole(184)) - a1c78c0e-869c-4f76-b4ce-2034448e0b80@group-D48B69A44692: changes role from CANDIDATE to FOLLOWER at term 147 for DISCOVERED_A_NEW_TERM
2019-10-19 01:04:45,999 [a1c78c0e-869c-4f76-b4ce-2034448e0b80@group-D48B69A44692-LeaderElection257] INFO  impl.RoleInfo (RoleInfo.java:shutdownLeaderElection(134)) - a1c78c0e-869c-4f76-b4ce-2034448e0b80: shutdown LeaderElection
2019-10-19 01:04:45,999 [a1c78c0e-869c-4f76-b4ce-2034448e0b80@group-D48B69A44692-LeaderElection257] INFO  impl.RoleInfo (RoleInfo.java:updateAndGet(143)) - a1c78c0e-869c-4f76-b4ce-2034448e0b80: start FollowerState
2019-10-19 01:04:46,108 [Thread-2158] INFO  impl.FollowerState (FollowerState.java:run(108)) - a1c78c0e-869c-4f76-b4ce-2034448e0b80@group-D48B69A44692-FollowerState: change to CANDIDATE, lastRpcTime:109ms, electionTimeout:109ms
2019-10-19 01:04:46,108 [Thread-2158] INFO  impl.RoleInfo (RoleInfo.java:shutdownFollowerState(121)) - a1c78c0e-869c-4f76-b4ce-2034448e0b80: shutdown FollowerState
2019-10-19 01:04:46,108 [Thread-2158] INFO  impl.RaftServerImpl (RaftServerImpl.java:setRole(184)) - a1c78c0e-869c-4f76-b4ce-2034448e0b80@group-D48B69A44692: changes role from  FOLLOWER to CANDIDATE at term 147 for changeToCandidate
2019-10-19 01:04:46,109 [Thread-2158] INFO  impl.RoleInfo (RoleInfo.java:updateAndGet(143)) - a1c78c0e-869c-4f76-b4ce-2034448e0b80: start LeaderElection
2019-10-19 01:04:46,127 [a1c78c0e-869c-4f76-b4ce-2034448e0b80@group-D48B69A44692-LeaderElection258] INFO  impl.LeaderElection (LeaderElection.java:askForVotes(178)) - a1c78c0e-869c-4f76-b4ce-2034448e0b80@group-D48B69A44692-LeaderElection258: begin an election at term 148 for -1: [51276c3c-a3b8-4274-b089-592ff4589f41:192.168.157.213:36639, 64c90977-e867-487c-b50d-c226f2d34a76:192.168.157.213:37433, a1c78c0e-869c-4f76-b4ce-2034448e0b80:192.168.157.213:33501], old=null
2019-10-19 01:04:46,129 [grpc-default-executor-5] INFO  impl.RaftServerImpl (RaftServerImpl.java:setRole(184)) - 51276c3c-a3b8-4274-b089-592ff4589f41@group-D48B69A44692: changes role from  FOLLOWER to FOLLOWER at term 148 for recognizeCandidate:a1c78c0e-869c-4f76-b4ce-2034448e0b80
2019-10-19 01:04:46,129 [grpc-default-executor-5] INFO  impl.RoleInfo (RoleInfo.java:shutdownFollowerState(121)) - 51276c3c-a3b8-4274-b089-592ff4589f41: shutdown FollowerState
2019-10-19 01:04:46,129 [grpc-default-executor-7] INFO  impl.RaftServerImpl (RaftServerImpl.java:setRole(184)) - 64c90977-e867-487c-b50d-c226f2d34a76@group-D48B69A44692: changes role from  FOLLOWER to FOLLOWER at term 148 for recognizeCandidate:a1c78c0e-869c-4f76-b4ce-2034448e0b80
2019-10-19 01:04:46,130 [Thread-2157] INFO  impl.FollowerState (FollowerState.java:run(117)) - 51276c3c-a3b8-4274-b089-592ff4589f41@group-D48B69A44692-FollowerState was interrupted: java.lang.InterruptedException: sleep interrupted
2019-10-19 01:04:46,130 [grpc-default-executor-5] INFO  impl.RoleInfo (RoleInfo.java:updateAndGet(143)) - 51276c3c-a3b8-4274-b089-592ff4589f41: start FollowerState
2019-10-19 01:04:46,130 [grpc-default-executor-7] INFO  impl.RoleInfo (RoleInfo.java:shutdownFollowerState(121)) - 64c90977-e867-487c-b50d-c226f2d34a76: shutdown FollowerState
2019-10-19 01:04:46,130 [grpc-default-executor-7] INFO  impl.RoleInfo (RoleInfo.java:updateAndGet(143)) - 64c90977-e867-487c-b50d-c226f2d34a76: start FollowerState
2019-10-19 01:04:46,130 [Thread-2156] INFO  impl.FollowerState (FollowerState.java:run(117)) - 64c90977-e867-487c-b50d-c226f2d34a76@group-D48B69A44692-FollowerState was interrupted: java.lang.InterruptedException: sleep interrupted
2019-10-19 01:04:46,134 [a1c78c0e-869c-4f76-b4ce-2034448e0b80@group-D48B69A44692-LeaderElection258] INFO  impl.LeaderElection (LeaderElection.java:logAndReturn(56)) - a1c78c0e-869c-4f76-b4ce-2034448e0b80@group-D48B69A44692-LeaderElection258: Election REJECTED; received 2 response(s) [a1c78c0e-869c-4f76-b4ce-2034448e0b80<-51276c3c-a3b8-4274-b089-592ff4589f41#0:FAIL-t148, a1c78c0e-869c-4f76-b4ce-2034448e0b80<-64c90977-e867-487c-b50d-c226f2d34a76#0:FAIL-t148] and 0 exception(s); a1c78c0e-869c-4f76-b4ce-2034448e0b80@group-D48B69A44692:t148, leader=null, voted=a1c78c0e-869c-4f76-b4ce-2034448e0b80, raftlog=a1c78c0e-869c-4f76-b4ce-2034448e0b80@group-D48B69A44692-SegmentedRaftLog:OPENED:c-1,f-1,i0, conf=-1: [51276c3c-a3b8-4274-b089-592ff4589f41:192.168.157.213:36639, 64c90977-e867-487c-b50d-c226f2d34a76:192.168.157.213:37433, a1c78c0e-869c-4f76-b4ce-2034448e0b80:192.168.157.213:33501], old=null
2019-10-19 01:04:46,135 [a1c78c0e-869c-4f76-b4ce-2034448e0b80@group-D48B69A44692-LeaderElection258] INFO  impl.RaftServerImpl (RaftServerImpl.java:setRole(184)) - a1c78c0e-869c-4f76-b4ce-2034448e0b80@group-D48B69A44692: changes role from CANDIDATE to FOLLOWER at term 148 for DISCOVERED_A_NEW_TERM
2019-10-19 01:04:46,135 [a1c78c0e-869c-4f76-b4ce-2034448e0b80@group-D48B69A44692-LeaderElection258] INFO  impl.RoleInfo (RoleInfo.java:shutdownLeaderElection(134)) - a1c78c0e-869c-4f76-b4ce-2034448e0b80: shutdown LeaderElection
2019-10-19 01:04:46,135 [a1c78c0e-869c-4f76-b4ce-2034448e0b80@group-D48B69A44692-LeaderElection258] INFO  impl.RoleInfo (RoleInfo.java:updateAndGet(143)) - a1c78c0e-869c-4f76-b4ce-2034448e0b80: start FollowerState
2019-10-19 01:04:46,192 [Thread-2164] INFO  impl.FollowerState (FollowerState.java:run(108)) - a1c78c0e-869c-4f76-b4ce-2034448e0b80@group-D48B69A44692-FollowerState: change to CANDIDATE, lastRpcTime:57ms, electionTimeout:57ms
2019-10-19 01:04:46,193 [Thread-2164] INFO  impl.RoleInfo (RoleInfo.java:shutdownFollowerState(121)) - a1c78c0e-869c-4f76-b4ce-2034448e0b80: shutdown FollowerState
2019-10-19 01:04:46,193 [Thread-2164] INFO  impl.RaftServerImpl (RaftServerImpl.java:setRole(184)) - a1c78c0e-869c-4f76-b4ce-2034448e0b80@group-D48B69A44692: changes role from  FOLLOWER to CANDIDATE at term 148 for changeToCandidate
2019-10-19 01:04:46,193 [Thread-2164] INFO  impl.RoleInfo (RoleInfo.java:updateAndGet(143)) - a1c78c0e-869c-4f76-b4ce-2034448e0b80: start LeaderElection
2019-10-19 01:04:46,207 [a1c78c0e-869c-4f76-b4ce-2034448e0b80@group-D48B69A44692-LeaderElection259] INFO  impl.LeaderElection (LeaderElection.java:askForVotes(178)) - a1c78c0e-869c-4f76-b4ce-2034448e0b80@group-D48B69A44692-LeaderElection259: begin an election at term 149 for -1: [51276c3c-a3b8-4274-b089-592ff4589f41:192.168.157.213:36639, 64c90977-e867-487c-b50d-c226f2d34a76:192.168.157.213:37433, a1c78c0e-869c-4f76-b4ce-2034448e0b80:192.168.157.213:33501], old=null
2019-10-19 01:04:46,208 [grpc-default-executor-7] INFO  impl.RaftServerImpl (RaftServerImpl.java:setRole(184)) - 51276c3c-a3b8-4274-b089-592ff4589f41@group-D48B69A44692: changes role from  FOLLOWER to FOLLOWER at term 149 for recognizeCandidate:a1c78c0e-869c-4f76-b4ce-2034448e0b80
2019-10-19 01:04:46,208 [grpc-default-executor-7] INFO  impl.RoleInfo (RoleInfo.java:shutdownFollowerState(121)) - 51276c3c-a3b8-4274-b089-592ff4589f41: shutdown FollowerState
2019-10-19 01:04:46,209 [grpc-default-executor-7] INFO  impl.RoleInfo (RoleInfo.java:updateAndGet(143)) - 51276c3c-a3b8-4274-b089-592ff4589f41: start FollowerState
2019-10-19 01:04:46,209 [Thread-2162] INFO  impl.FollowerState (FollowerState.java:run(117)) - 51276c3c-a3b8-4274-b089-592ff4589f41@group-D48B69A44692-FollowerState was interrupted: java.lang.InterruptedException: sleep interrupted
2019-10-19 01:04:46,209 [grpc-default-executor-5] INFO  impl.RaftServerImpl (RaftServerImpl.java:setRole(184)) - 64c90977-e867-487c-b50d-c226f2d34a76@group-D48B69A44692: changes role from  FOLLOWER to FOLLOWER at term 149 for recognizeCandidate:a1c78c0e-869c-4f76-b4ce-2034448e0b80
2019-10-19 01:04:46,209 [grpc-default-executor-5] INFO  impl.RoleInfo (RoleInfo.java:shutdownFollowerState(121)) - 64c90977-e867-487c-b50d-c226f2d34a76: shutdown FollowerState
2019-10-19 01:04:46,209 [grpc-default-executor-5] INFO  impl.RoleInfo (RoleInfo.java:updateAndGet(143)) - 64c90977-e867-487c-b50d-c226f2d34a76: start FollowerState
2019-10-19 01:04:46,209 [Thread-2163] INFO  impl.FollowerState (FollowerState.java:run(117)) - 64c90977-e867-487c-b50d-c226f2d34a76@group-D48B69A44692-FollowerState was interrupted: java.lang.InterruptedException: sleep interrupted
2019-10-19 01:04:46,234 [a1c78c0e-869c-4f76-b4ce-2034448e0b80@group-D48B69A44692-LeaderElection259] INFO  impl.LeaderElection (LeaderElection.java:logAndReturn(56)) - a1c78c0e-869c-4f76-b4ce-2034448e0b80@group-D48B69A44692-LeaderElection259: Election REJECTED; received 2 response(s) [a1c78c0e-869c-4f76-b4ce-2034448e0b80<-51276c3c-a3b8-4274-b089-592ff4589f41#0:FAIL-t149, a1c78c0e-869c-4f76-b4ce-2034448e0b80<-64c90977-e867-487c-b50d-c226f2d34a76#0:FAIL-t149] and 0 exception(s); a1c78c0e-869c-4f76-b4ce-2034448e0b80@group-D48B69A44692:t149, leader=null, voted=a1c78c0e-869c-4f76-b4ce-2034448e0b80, raftlog=a1c78c0e-869c-4f76-b4ce-2034448e0b80@group-D48B69A44692-SegmentedRaftLog:OPENED:c-1,f-1,i0, conf=-1: [51276c3c-a3b8-4274-b089-592ff4589f41:192.168.157.213:36639, 64c90977-e867-487c-b50d-c226f2d34a76:192.168.157.213:37433, a1c78c0e-869c-4f76-b4ce-2034448e0b80:192.168.157.213:33501], old=null
2019-10-19 01:04:46,234 [a1c78c0e-869c-4f76-b4ce-2034448e0b80@group-D48B69A44692-LeaderElection259] INFO  impl.RaftServerImpl (RaftServerImpl.java:setRole(184)) - a1c78c0e-869c-4f76-b4ce-2034448e0b80@group-D48B69A44692: changes role from CANDIDATE to FOLLOWER at term 149 for DISCOVERED_A_NEW_TERM
2019-10-19 01:04:46,234 [a1c78c0e-869c-4f76-b4ce-2034448e0b80@group-D48B69A44692-LeaderElection259] INFO  impl.RoleInfo (RoleInfo.java:shutdownLeaderElection(134)) - a1c78c0e-869c-4f76-b4ce-2034448e0b80: shutdown LeaderElection
2019-10-19 01:04:46,235 [a1c78c0e-869c-4f76-b4ce-2034448e0b80@group-D48B69A44692-LeaderElection259] INFO  impl.RoleInfo (RoleInfo.java:updateAndGet(143)) - a1c78c0e-869c-4f76-b4ce-2034448e0b80: start FollowerState
2019-10-19 01:04:46,236 [Thread-2170] INFO  impl.FollowerState (FollowerState.java:run(108)) - a1c78c0e-869c-4f76-b4ce-2034448e0b80@group-D48B69A44692-FollowerState: change to CANDIDATE, lastRpcTime:1ms, electionTimeout:1ms
2019-10-19 01:04:46,236 [Thread-2170] INFO  impl.RoleInfo (RoleInfo.java:shutdownFollowerState(121)) - a1c78c0e-869c-4f76-b4ce-2034448e0b80: shutdown FollowerState
2019-10-19 01:04:46,236 [Thread-2170] INFO  impl.RaftServerImpl (RaftServerImpl.java:setRole(184)) - a1c78c0e-869c-4f76-b4ce-2034448e0b80@group-D48B69A44692: changes role from  FOLLOWER to CANDIDATE at term 149 for changeToCandidate
2019-10-19 01:04:46,236 [Thread-2170] INFO  impl.RoleInfo (RoleInfo.java:updateAndGet(143)) - a1c78c0e-869c-4f76-b4ce-2034448e0b80: start LeaderElection
2019-10-19 01:04:46,250 [a1c78c0e-869c-4f76-b4ce-2034448e0b80@group-D48B69A44692-LeaderElection260] INFO  impl.LeaderElection (LeaderElection.java:askForVotes(178)) - a1c78c0e-869c-4f76-b4ce-2034448e0b80@group-D48B69A44692-LeaderElection260: begin an election at term 150 for -1: [51276c3c-a3b8-4274-b089-592ff4589f41:192.168.157.213:36639, 64c90977-e867-487c-b50d-c226f2d34a76:192.168.157.213:37433, a1c78c0e-869c-4f76-b4ce-2034448e0b80:192.168.157.213:33501], old=null
2019-10-19 01:04:46,252 [grpc-default-executor-5] INFO  impl.RaftServerImpl (RaftServerImpl.java:setRole(184)) - 51276c3c-a3b8-4274-b089-592ff4589f41@group-D48B69A44692: changes role from  FOLLOWER to FOLLOWER at term 150 for recognizeCandidate:a1c78c0e-869c-4f76-b4ce-2034448e0b80
2019-10-19 01:04:46,252 [grpc-default-executor-5] INFO  impl.RoleInfo (RoleInfo.java:shutdownFollowerState(121)) - 51276c3c-a3b8-4274-b089-592ff4589f41: shutdown FollowerState
2019-10-19 01:04:46,252 [grpc-default-executor-7] INFO  impl.RaftServerImpl (RaftServerImpl.java:setRole(184)) - 64c90977-e867-487c-b50d-c226f2d34a76@group-D48B69A44692: changes role from  FOLLOWER to FOLLOWER at term 150 for recognizeCandidate:a1c78c0e-869c-4f76-b4ce-2034448e0b80
2019-10-19 01:04:46,252 [grpc-default-executor-7] INFO  impl.RoleInfo (RoleInfo.java:shutdownFollowerState(121)) - 64c90977-e867-487c-b50d-c226f2d34a76: shutdown FollowerState
2019-10-19 01:04:46,252 [Thread-2168] INFO  impl.FollowerState (FollowerState.java:run(117)) - 51276c3c-a3b8-4274-b089-592ff4589f41@group-D48B69A44692-FollowerState was interrupted: java.lang.InterruptedException: sleep interrupted
2019-10-19 01:04:46,252 [grpc-default-executor-5] INFO  impl.RoleInfo (RoleInfo.java:updateAndGet(143)) - 51276c3c-a3b8-4274-b089-592ff4589f41: start FollowerState
2019-10-19 01:04:46,253 [Thread-2169] INFO  impl.FollowerState (FollowerState.java:run(117)) - 64c90977-e867-487c-b50d-c226f2d34a76@group-D48B69A44692-FollowerState was interrupted: java.lang.InterruptedException: sleep interrupted
2019-10-19 01:04:46,252 [grpc-default-executor-7] INFO  impl.RoleInfo (RoleInfo.java:updateAndGet(143)) - 64c90977-e867-487c-b50d-c226f2d34a76: start FollowerState
2019-10-19 01:04:46,262 [a1c78c0e-869c-4f76-b4ce-2034448e0b80@group-D48B69A44692-LeaderElection260] INFO  impl.LeaderElection (LeaderElection.java:logAndReturn(56)) - a1c78c0e-869c-4f76-b4ce-2034448e0b80@group-D48B69A44692-LeaderElection260: Election TIMEOUT; received 0 response(s) [] and 0 exception(s); a1c78c0e-869c-4f76-b4ce-2034448e0b80@group-D48B69A44692:t150, leader=null, voted=a1c78c0e-869c-4f76-b4ce-2034448e0b80, raftlog=a1c78c0e-869c-4f76-b4ce-2034448e0b80@group-D48B69A44692-SegmentedRaftLog:OPENED:c-1,f-1,i0, conf=-1: [51276c3c-a3b8-4274-b089-592ff4589f41:192.168.157.213:36639, 64c90977-e867-487c-b50d-c226f2d34a76:192.168.157.213:37433, a1c78c0e-869c-4f76-b4ce-2034448e0b80:192.168.157.213:33501], old=null
2019-10-19 01:04:46,268 [a1c78c0e-869c-4f76-b4ce-2034448e0b80@group-D48B69A44692-LeaderElection260] INFO  impl.LeaderElection (LeaderElection.java:askForVotes(178)) - a1c78c0e-869c-4f76-b4ce-2034448e0b80@group-D48B69A44692-LeaderElection260: begin an election at term 151 for -1: [51276c3c-a3b8-4274-b089-592ff4589f41:192.168.157.213:36639, 64c90977-e867-487c-b50d-c226f2d34a76:192.168.157.213:37433, a1c78c0e-869c-4f76-b4ce-2034448e0b80:192.168.157.213:33501], old=null
2019-10-19 01:04:46,269 [grpc-default-executor-7] INFO  impl.RaftServerImpl (RaftServerImpl.java:setRole(184)) - 51276c3c-a3b8-4274-b089-592ff4589f41@group-D48B69A44692: changes role from  FOLLOWER to FOLLOWER at term 151 for recognizeCandidate:a1c78c0e-869c-4f76-b4ce-2034448e0b80
2019-10-19 01:04:46,269 [grpc-default-executor-5] INFO  impl.RaftServerImpl (RaftServerImpl.java:setRole(184)) - 64c90977-e867-487c-b50d-c226f2d34a76@group-D48B69A44692: changes role from  FOLLOWER to FOLLOWER at term 151 for recognizeCandidate:a1c78c0e-869c-4f76-b4ce-2034448e0b80
2019-10-19 01:04:46,269 [grpc-default-executor-7] INFO  impl.RoleInfo (RoleInfo.java:shutdownFollowerState(121)) - 51276c3c-a3b8-4274-b089-592ff4589f41: shutdown FollowerState
2019-10-19 01:04:46,269 [grpc-default-executor-5] INFO  impl.RoleInfo (RoleInfo.java:shutdownFollowerState(121)) - 64c90977-e867-487c-b50d-c226f2d34a76: shutdown FollowerState
2019-10-19 01:04:46,270 [Thread-2174] INFO  impl.FollowerState (FollowerState.java:run(117)) - 51276c3c-a3b8-4274-b089-592ff4589f41@group-D48B69A44692-FollowerState was interrupted: java.lang.InterruptedException: sleep interrupted
2019-10-19 01:04:46,269 [grpc-default-executor-7] INFO  impl.RoleInfo (RoleInfo.java:updateAndGet(143)) - 51276c3c-a3b8-4274-b089-592ff4589f41: start FollowerState
2019-10-19 01:04:46,270 [Thread-2175] INFO  impl.FollowerState (FollowerState.java:run(117)) - 64c90977-e867-487c-b50d-c226f2d34a76@group-D48B69A44692-FollowerState was interrupted: java.lang.InterruptedException: sleep interrupted
2019-10-19 01:04:46,270 [grpc-default-executor-5] INFO  impl.RoleInfo (RoleInfo.java:updateAndGet(143)) - 64c90977-e867-487c-b50d-c226f2d34a76: start FollowerState
2019-10-19 01:04:46,284 [a1c78c0e-869c-4f76-b4ce-2034448e0b80@group-D48B69A44692-LeaderElection260] INFO  impl.LeaderElection (LeaderElection.java:logAndReturn(56)) - a1c78c0e-869c-4f76-b4ce-2034448e0b80@group-D48B69A44692-LeaderElection260: Election REJECTED; received 2 response(s) [a1c78c0e-869c-4f76-b4ce-2034448e0b80<-51276c3c-a3b8-4274-b089-592ff4589f41#0:FAIL-t151, a1c78c0e-869c-4f76-b4ce-2034448e0b80<-64c90977-e867-487c-b50d-c226f2d34a76#0:FAIL-t151] and 0 exception(s); a1c78c0e-869c-4f76-b4ce-2034448e0b80@group-D48B69A44692:t151, leader=null, voted=a1c78c0e-869c-4f76-b4ce-2034448e0b80, raftlog=a1c78c0e-869c-4f76-b4ce-2034448e0b80@group-D48B69A44692-SegmentedRaftLog:OPENED:c-1,f-1,i0, conf=-1: [51276c3c-a3b8-4274-b089-592ff4589f41:192.168.157.213:36639, 64c90977-e867-487c-b50d-c226f2d34a76:192.168.157.213:37433, a1c78c0e-869c-4f76-b4ce-2034448e0b80:192.168.157.213:33501], old=null
2019-10-19 01:04:46,285 [a1c78c0e-869c-4f76-b4ce-2034448e0b80@group-D48B69A44692-LeaderElection260] INFO  impl.RaftServerImpl (RaftServerImpl.java:setRole(184)) - a1c78c0e-869c-4f76-b4ce-2034448e0b80@group-D48B69A44692: changes role from CANDIDATE to FOLLOWER at term 151 for DISCOVERED_A_NEW_TERM
2019-10-19 01:04:46,285 [a1c78c0e-869c-4f76-b4ce-2034448e0b80@group-D48B69A44692-LeaderElection260] INFO  impl.RoleInfo (RoleInfo.java:shutdownLeaderElection(134)) - a1c78c0e-869c-4f76-b4ce-2034448e0b80: shutdown LeaderElection
2019-10-19 01:04:46,285 [a1c78c0e-869c-4f76-b4ce-2034448e0b80@group-D48B69A44692-LeaderElection260] INFO  impl.RoleInfo (RoleInfo.java:updateAndGet(143)) - a1c78c0e-869c-4f76-b4ce-2034448e0b80: start FollowerState
2019-10-19 01:04:46,418 [Thread-2182] INFO  impl.FollowerState (FollowerState.java:run(108)) - a1c78c0e-869c-4f76-b4ce-2034448e0b80@group-D48B69A44692-FollowerState: change to CANDIDATE, lastRpcTime:133ms, electionTimeout:133ms
2019-10-19 01:04:46,418 [Thread-2182] INFO  impl.RoleInfo (RoleInfo.java:shutdownFollowerState(121)) - a1c78c0e-869c-4f76-b4ce-2034448e0b80: shutdown FollowerState
2019-10-19 01:04:46,418 [Thread-2182] INFO  impl.RaftServerImpl (RaftServerImpl.java:setRole(184)) - a1c78c0e-869c-4f76-b4ce-2034448e0b80@group-D48B69A44692: changes role from  FOLLOWER to CANDIDATE at term 151 for changeToCandidate
2019-10-19 01:04:46,418 [Thread-2182] INFO  impl.RoleInfo (RoleInfo.java:updateAndGet(143)) - a1c78c0e-869c-4f76-b4ce-2034448e0b80: start LeaderElection
2019-10-19 01:04:46,443 [a1c78c0e-869c-4f76-b4ce-2034448e0b80@group-D48B69A44692-LeaderElection261] INFO  impl.LeaderElection (LeaderElection.java:askForVotes(178)) - a1c78c0e-869c-4f76-b4ce-2034448e0b80@group-D48B69A44692-LeaderElection261: begin an election at term 152 for -1: [51276c3c-a3b8-4274-b089-592ff4589f41:192.168.157.213:36639, 64c90977-e867-487c-b50d-c226f2d34a76:192.168.157.213:37433, a1c78c0e-869c-4f76-b4ce-2034448e0b80:192.168.157.213:33501], old=null
2019-10-19 01:04:46,445 [grpc-default-executor-5] INFO  impl.RaftServerImpl (RaftServerImpl.java:setRole(184)) - 64c90977-e867-487c-b50d-c226f2d34a76@group-D48B69A44692: changes role from  FOLLOWER to FOLLOWER at term 152 for recognizeCandidate:a1c78c0e-869c-4f76-b4ce-2034448e0b80
2019-10-19 01:04:46,445 [grpc-default-executor-7] INFO  impl.RaftServerImpl (RaftServerImpl.java:setRole(184)) - 51276c3c-a3b8-4274-b089-592ff4589f41@group-D48B69A44692: changes role from  FOLLOWER to FOLLOWER at term 152 for recognizeCandidate:a1c78c0e-869c-4f76-b4ce-2034448e0b80
2019-10-19 01:04:46,445 [grpc-default-executor-7] INFO  impl.RoleInfo (RoleInfo.java:shutdownFollowerState(121)) - 51276c3c-a3b8-4274-b089-592ff4589f41: shutdown FollowerState
2019-10-19 01:04:46,445 [grpc-default-executor-5] INFO  impl.RoleInfo (RoleInfo.java:shutdownFollowerState(121)) - 64c90977-e867-487c-b50d-c226f2d34a76: shutdown FollowerState
2019-10-19 01:04:46,446 [Thread-2178] INFO  impl.FollowerState (FollowerState.java:run(117)) - 51276c3c-a3b8-4274-b089-592ff4589f41@group-D48B69A44692-FollowerState was interrupted: java.lang.InterruptedException: sleep interrupted
2019-10-19 01:04:46,445 [grpc-default-executor-7] INFO  impl.RoleInfo (RoleInfo.java:updateAndGet(143)) - 51276c3c-a3b8-4274-b089-592ff4589f41: start FollowerState
2019-10-19 01:04:46,446 [Thread-2179] INFO  impl.FollowerState (FollowerState.java:run(117)) - 64c90977-e867-487c-b50d-c226f2d34a76@group-D48B69A44692-FollowerState was interrupted: java.lang.InterruptedException: sleep interrupted
2019-10-19 01:04:46,446 [grpc-default-executor-5] INFO  impl.RoleInfo (RoleInfo.java:updateAndGet(143)) - 64c90977-e867-487c-b50d-c226f2d34a76: start FollowerState
2019-10-19 01:04:46,460 [a1c78c0e-869c-4f76-b4ce-2034448e0b80@group-D48B69A44692-LeaderElection261] INFO  impl.LeaderElection (LeaderElection.java:logAndReturn(56)) - a1c78c0e-869c-4f76-b4ce-2034448e0b80@group-D48B69A44692-LeaderElection261: Election REJECTED; received 2 response(s) [a1c78c0e-869c-4f76-b4ce-2034448e0b80<-51276c3c-a3b8-4274-b089-592ff4589f41#0:FAIL-t152, a1c78c0e-869c-4f76-b4ce-2034448e0b80<-64c90977-e867-487c-b50d-c226f2d34a76#0:FAIL-t152] and 0 exception(s); a1c78c0e-869c-4f76-b4ce-2034448e0b80@group-D48B69A44692:t152, leader=null, voted=a1c78c0e-869c-4f76-b4ce-2034448e0b80, raftlog=a1c78c0e-869c-4f76-b4ce-2034448e0b80@group-D48B69A44692-SegmentedRaftLog:OPENED:c-1,f-1,i0, conf=-1: [51276c3c-a3b8-4274-b089-592ff4589f41:192.168.157.213:36639, 64c90977-e867-487c-b50d-c226f2d34a76:192.168.157.213:37433, a1c78c0e-869c-4f76-b4ce-2034448e0b80:192.168.157.213:33501], old=null
2019-10-19 01:04:46,460 [a1c78c0e-869c-4f76-b4ce-2034448e0b80@group-D48B69A44692-LeaderElection261] INFO  impl.RaftServerImpl (RaftServerImpl.java:setRole(184)) - a1c78c0e-869c-4f76-b4ce-2034448e0b80@group-D48B69A44692: changes role from CANDIDATE to FOLLOWER at term 152 for DISCOVERED_A_NEW_TERM
2019-10-19 01:04:46,460 [a1c78c0e-869c-4f76-b4ce-2034448e0b80@group-D48B69A44692-LeaderElection261] INFO  impl.RoleInfo (RoleInfo.java:shutdownLeaderElection(134)) - a1c78c0e-869c-4f76-b4ce-2034448e0b80: shutdown LeaderElection
2019-10-19 01:04:46,460 [a1c78c0e-869c-4f76-b4ce-2034448e0b80@group-D48B69A44692-LeaderElection261] INFO  impl.RoleInfo (RoleInfo.java:updateAndGet(143)) - a1c78c0e-869c-4f76-b4ce-2034448e0b80: start FollowerState
2019-10-19 01:04:46,501 [Thread-2189] INFO  impl.FollowerState (FollowerState.java:run(108)) - a1c78c0e-869c-4f76-b4ce-2034448e0b80@group-D48B69A44692-FollowerState: change to CANDIDATE, lastRpcTime:41ms, electionTimeout:41ms
2019-10-19 01:04:46,502 [Thread-2189] INFO  impl.RoleInfo (RoleInfo.java:shutdownFollowerState(121)) - a1c78c0e-869c-4f76-b4ce-2034448e0b80: shutdown FollowerState
2019-10-19 01:04:46,502 [Thread-2189] INFO  impl.RaftServerImpl (RaftServerImpl.java:setRole(184)) - a1c78c0e-869c-4f76-b4ce-2034448e0b80@group-D48B69A44692: changes role from  FOLLOWER to CANDIDATE at term 152 for changeToCandidate
2019-10-19 01:04:46,502 [Thread-2189] INFO  impl.RoleInfo (RoleInfo.java:updateAndGet(143)) - a1c78c0e-869c-4f76-b4ce-2034448e0b80: start LeaderElection
2019-10-19 01:04:46,510 [a1c78c0e-869c-4f76-b4ce-2034448e0b80@group-D48B69A44692-LeaderElection262] INFO  impl.LeaderElection (LeaderElection.java:askForVotes(178)) - a1c78c0e-869c-4f76-b4ce-2034448e0b80@group-D48B69A44692-LeaderElection262: begin an election at term 153 for -1: [51276c3c-a3b8-4274-b089-592ff4589f41:192.168.157.213:36639, 64c90977-e867-487c-b50d-c226f2d34a76:192.168.157.213:37433, a1c78c0e-869c-4f76-b4ce-2034448e0b80:192.168.157.213:33501], old=null
2019-10-19 01:04:46,511 [grpc-default-executor-7] INFO  impl.RaftServerImpl (RaftServerImpl.java:setRole(184)) - 64c90977-e867-487c-b50d-c226f2d34a76@group-D48B69A44692: changes role from  FOLLOWER to FOLLOWER at term 153 for recognizeCandidate:a1c78c0e-869c-4f76-b4ce-2034448e0b80
2019-10-19 01:04:46,511 [grpc-default-executor-5] INFO  impl.RaftServerImpl (RaftServerImpl.java:setRole(184)) - 51276c3c-a3b8-4274-b089-592ff4589f41@group-D48B69A44692: changes role from  FOLLOWER to FOLLOWER at term 153 for recognizeCandidate:a1c78c0e-869c-4f76-b4ce-2034448e0b80
2019-10-19 01:04:46,512 [grpc-default-executor-5] INFO  impl.RoleInfo (RoleInfo.java:shutdownFollowerState(121)) - 51276c3c-a3b8-4274-b089-592ff4589f41: shutdown FollowerState
2019-10-19 01:04:46,512 [grpc-default-executor-7] INFO  impl.RoleInfo (RoleInfo.java:shutdownFollowerState(121)) - 64c90977-e867-487c-b50d-c226f2d34a76: shutdown FollowerState
2019-10-19 01:04:46,512 [Thread-2187] INFO  impl.FollowerState (FollowerState.java:run(117)) - 51276c3c-a3b8-4274-b089-592ff4589f41@group-D48B69A44692-FollowerState was interrupted: java.lang.InterruptedException: sleep interrupted
2019-10-19 01:04:46,512 [grpc-default-executor-5] INFO  impl.RoleInfo (RoleInfo.java:updateAndGet(143)) - 51276c3c-a3b8-4274-b089-592ff4589f41: start FollowerState
2019-10-19 01:04:46,512 [Thread-2188] INFO  impl.FollowerState (FollowerState.java:run(117)) - 64c90977-e867-487c-b50d-c226f2d34a76@group-D48B69A44692-FollowerState was interrupted: java.lang.InterruptedException: sleep interrupted
2019-10-19 01:04:46,512 [grpc-default-executor-7] INFO  impl.RoleInfo (RoleInfo.java:updateAndGet(143)) - 64c90977-e867-487c-b50d-c226f2d34a76: start FollowerState
2019-10-19 01:04:46,513 [a1c78c0e-869c-4f76-b4ce-2034448e0b80@group-D48B69A44692-LeaderElection262] INFO  impl.LeaderElection (LeaderElection.java:logAndReturn(56)) - a1c78c0e-869c-4f76-b4ce-2034448e0b80@group-D48B69A44692-LeaderElection262: Election TIMEOUT; received 0 response(s) [] and 0 exception(s); a1c78c0e-869c-4f76-b4ce-2034448e0b80@group-D48B69A44692:t153, leader=null, voted=a1c78c0e-869c-4f76-b4ce-2034448e0b80, raftlog=a1c78c0e-869c-4f76-b4ce-2034448e0b80@group-D48B69A44692-SegmentedRaftLog:OPENED:c-1,f-1,i0, conf=-1: [51276c3c-a3b8-4274-b089-592ff4589f41:192.168.157.213:36639, 64c90977-e867-487c-b50d-c226f2d34a76:192.168.157.213:37433, a1c78c0e-869c-4f76-b4ce-2034448e0b80:192.168.157.213:33501], old=null
2019-10-19 01:04:46,526 [a1c78c0e-869c-4f76-b4ce-2034448e0b80@group-D48B69A44692-LeaderElection262] INFO  impl.LeaderElection (LeaderElection.java:askForVotes(178)) - a1c78c0e-869c-4f76-b4ce-2034448e0b80@group-D48B69A44692-LeaderElection262: begin an election at term 154 for -1: [51276c3c-a3b8-4274-b089-592ff4589f41:192.168.157.213:36639, 64c90977-e867-487c-b50d-c226f2d34a76:192.168.157.213:37433, a1c78c0e-869c-4f76-b4ce-2034448e0b80:192.168.157.213:33501], old=null
2019-10-19 01:04:46,527 [grpc-default-executor-7] INFO  impl.RaftServerImpl (RaftServerImpl.java:setRole(184)) - 51276c3c-a3b8-4274-b089-592ff4589f41@group-D48B69A44692: changes role from  FOLLOWER to FOLLOWER at term 154 for recognizeCandidate:a1c78c0e-869c-4f76-b4ce-2034448e0b80
2019-10-19 01:04:46,527 [grpc-default-executor-7] INFO  impl.RoleInfo (RoleInfo.java:shutdownFollowerState(121)) - 51276c3c-a3b8-4274-b089-592ff4589f41: shutdown FollowerState
2019-10-19 01:04:46,528 [grpc-default-executor-7] INFO  impl.RoleInfo (RoleInfo.java:updateAndGet(143)) - 51276c3c-a3b8-4274-b089-592ff4589f41: start FollowerState
2019-10-19 01:04:46,528 [Thread-2193] INFO  impl.FollowerState (FollowerState.java:run(117)) - 51276c3c-a3b8-4274-b089-592ff4589f41@group-D48B69A44692-FollowerState was interrupted: java.lang.InterruptedException: sleep interrupted
2019-10-19 01:04:46,528 [grpc-default-executor-5] INFO  impl.RaftServerImpl (RaftServerImpl.java:setRole(184)) - 64c90977-e867-487c-b50d-c226f2d34a76@group-D48B69A44692: changes role from  FOLLOWER to FOLLOWER at term 154 for recognizeCandidate:a1c78c0e-869c-4f76-b4ce-2034448e0b80
2019-10-19 01:04:46,528 [grpc-default-executor-5] INFO  impl.RoleInfo (RoleInfo.java:shutdownFollowerState(121)) - 64c90977-e867-487c-b50d-c226f2d34a76: shutdown FollowerState
2019-10-19 01:04:46,528 [Thread-2194] INFO  impl.FollowerState (FollowerState.java:run(117)) - 64c90977-e867-487c-b50d-c226f2d34a76@group-D48B69A44692-FollowerState was interrupted: java.lang.InterruptedException: sleep interrupted
2019-10-19 01:04:46,528 [grpc-default-executor-5] INFO  impl.RoleInfo (RoleInfo.java:updateAndGet(143)) - 64c90977-e867-487c-b50d-c226f2d34a76: start FollowerState
2019-10-19 01:04:46,542 [a1c78c0e-869c-4f76-b4ce-2034448e0b80@group-D48B69A44692-LeaderElection262] INFO  impl.LeaderElection (LeaderElection.java:logAndReturn(56)) - a1c78c0e-869c-4f76-b4ce-2034448e0b80@group-D48B69A44692-LeaderElection262: Election REJECTED; received 2 response(s) [a1c78c0e-869c-4f76-b4ce-2034448e0b80<-51276c3c-a3b8-4274-b089-592ff4589f41#0:FAIL-t154, a1c78c0e-869c-4f76-b4ce-2034448e0b80<-64c90977-e867-487c-b50d-c226f2d34a76#0:FAIL-t154] and 0 exception(s); a1c78c0e-869c-4f76-b4ce-2034448e0b80@group-D48B69A44692:t154, leader=null, voted=a1c78c0e-869c-4f76-b4ce-2034448e0b80, raftlog=a1c78c0e-869c-4f76-b4ce-2034448e0b80@group-D48B69A44692-SegmentedRaftLog:OPENED:c-1,f-1,i0, conf=-1: [51276c3c-a3b8-4274-b089-592ff4589f41:192.168.157.213:36639, 64c90977-e867-487c-b50d-c226f2d34a76:192.168.157.213:37433, a1c78c0e-869c-4f76-b4ce-2034448e0b80:192.168.157.213:33501], old=null
2019-10-19 01:04:46,542 [a1c78c0e-869c-4f76-b4ce-2034448e0b80@group-D48B69A44692-LeaderElection262] INFO  impl.RaftServerImpl (RaftServerImpl.java:setRole(184)) - a1c78c0e-869c-4f76-b4ce-2034448e0b80@group-D48B69A44692: changes role from CANDIDATE to FOLLOWER at term 154 for DISCOVERED_A_NEW_TERM
2019-10-19 01:04:46,542 [a1c78c0e-869c-4f76-b4ce-2034448e0b80@group-D48B69A44692-LeaderElection262] INFO  impl.RoleInfo (RoleInfo.java:shutdownLeaderElection(134)) - a1c78c0e-869c-4f76-b4ce-2034448e0b80: shutdown LeaderElection
2019-10-19 01:04:46,542 [a1c78c0e-869c-4f76-b4ce-2034448e0b80@group-D48B69A44692-LeaderElection262] INFO  impl.RoleInfo (RoleInfo.java:updateAndGet(143)) - a1c78c0e-869c-4f76-b4ce-2034448e0b80: start FollowerState
2019-10-19 01:04:46,627 [Thread-2199] INFO  impl.FollowerState (FollowerState.java:run(108)) - a1c78c0e-869c-4f76-b4ce-2034448e0b80@group-D48B69A44692-FollowerState: change to CANDIDATE, lastRpcTime:84ms, electionTimeout:84ms
2019-10-19 01:04:46,627 [Thread-2199] INFO  impl.RoleInfo (RoleInfo.java:shutdownFollowerState(121)) - a1c78c0e-869c-4f76-b4ce-2034448e0b80: shutdown FollowerState
2019-10-19 01:04:46,627 [Thread-2199] INFO  impl.RaftServerImpl (RaftServerImpl.java:setRole(184)) - a1c78c0e-869c-4f76-b4ce-2034448e0b80@group-D48B69A44692: changes role from  FOLLOWER to CANDIDATE at term 154 for changeToCandidate
2019-10-19 01:04:46,627 [Thread-2199] INFO  impl.RoleInfo (RoleInfo.java:updateAndGet(143)) - a1c78c0e-869c-4f76-b4ce-2034448e0b80: start LeaderElection
2019-10-19 01:04:46,642 [a1c78c0e-869c-4f76-b4ce-2034448e0b80@group-D48B69A44692-LeaderElection263] INFO  impl.LeaderElection (LeaderElection.java:askForVotes(178)) - a1c78c0e-869c-4f76-b4ce-2034448e0b80@group-D48B69A44692-LeaderElection263: begin an election at term 155 for -1: [51276c3c-a3b8-4274-b089-592ff4589f41:192.168.157.213:36639, 64c90977-e867-487c-b50d-c226f2d34a76:192.168.157.213:37433, a1c78c0e-869c-4f76-b4ce-2034448e0b80:192.168.157.213:33501], old=null
2019-10-19 01:04:46,643 [grpc-default-executor-7] INFO  impl.RaftServerImpl (RaftServerImpl.java:setRole(184)) - 51276c3c-a3b8-4274-b089-592ff4589f41@group-D48B69A44692: changes role from  FOLLOWER to FOLLOWER at term 155 for recognizeCandidate:a1c78c0e-869c-4f76-b4ce-2034448e0b80
2019-10-19 01:04:46,643 [grpc-default-executor-7] INFO  impl.RoleInfo (RoleInfo.java:shutdownFollowerState(121)) - 51276c3c-a3b8-4274-b089-592ff4589f41: shutdown FollowerState
2019-10-19 01:04:46,643 [grpc-default-executor-5] INFO  impl.RaftServerImpl (RaftServerImpl.java:setRole(184)) - 64c90977-e867-487c-b50d-c226f2d34a76@group-D48B69A44692: changes role from  FOLLOWER to FOLLOWER at term 155 for recognizeCandidate:a1c78c0e-869c-4f76-b4ce-2034448e0b80
2019-10-19 01:04:46,644 [Thread-2197] INFO  impl.FollowerState (FollowerState.java:run(117)) - 51276c3c-a3b8-4274-b089-592ff4589f41@group-D48B69A44692-FollowerState was interrupted: java.lang.InterruptedException: sleep interrupted
2019-10-19 01:04:46,643 [grpc-default-executor-7] INFO  impl.RoleInfo (RoleInfo.java:updateAndGet(143)) - 51276c3c-a3b8-4274-b089-592ff4589f41: start FollowerState
2019-10-19 01:04:46,644 [grpc-default-executor-5] INFO  impl.RoleInfo (RoleInfo.java:shutdownFollowerState(121)) - 64c90977-e867-487c-b50d-c226f2d34a76: shutdown FollowerState
2019-10-19 01:04:46,644 [grpc-default-executor-5] INFO  impl.RoleInfo (RoleInfo.java:updateAndGet(143)) - 64c90977-e867-487c-b50d-c226f2d34a76: start FollowerState
2019-10-19 01:04:46,644 [Thread-2198] INFO  impl.FollowerState (FollowerState.java:run(117)) - 64c90977-e867-487c-b50d-c226f2d34a76@group-D48B69A44692-FollowerState was interrupted: java.lang.InterruptedException: sleep interrupted
2019-10-19 01:04:46,655 [a1c78c0e-869c-4f76-b4ce-2034448e0b80@group-D48B69A44692-LeaderElection263] INFO  impl.LeaderElection (LeaderElection.java:logAndReturn(56)) - a1c78c0e-869c-4f76-b4ce-2034448e0b80@group-D48B69A44692-LeaderElection263: Election REJECTED; received 2 response(s) [a1c78c0e-869c-4f76-b4ce-2034448e0b80<-51276c3c-a3b8-4274-b089-592ff4589f41#0:FAIL-t155, a1c78c0e-869c-4f76-b4ce-2034448e0b80<-64c90977-e867-487c-b50d-c226f2d34a76#0:FAIL-t155] and 0 exception(s); a1c78c0e-869c-4f76-b4ce-2034448e0b80@group-D48B69A44692:t155, leader=null, voted=a1c78c0e-869c-4f76-b4ce-2034448e0b80, raftlog=a1c78c0e-869c-4f76-b4ce-2034448e0b80@group-D48B69A44692-SegmentedRaftLog:OPENED:c-1,f-1,i0, conf=-1: [51276c3c-a3b8-4274-b089-592ff4589f41:192.168.157.213:36639, 64c90977-e867-487c-b50d-c226f2d34a76:192.168.157.213:37433, a1c78c0e-869c-4f76-b4ce-2034448e0b80:192.168.157.213:33501], old=null
2019-10-19 01:04:46,655 [a1c78c0e-869c-4f76-b4ce-2034448e0b80@group-D48B69A44692-LeaderElection263] INFO  impl.RaftServerImpl (RaftServerImpl.java:setRole(184)) - a1c78c0e-869c-4f76-b4ce-2034448e0b80@group-D48B69A44692: changes role from CANDIDATE to FOLLOWER at term 155 for DISCOVERED_A_NEW_TERM
2019-10-19 01:04:46,656 [a1c78c0e-869c-4f76-b4ce-2034448e0b80@group-D48B69A44692-LeaderElection263] INFO  impl.RoleInfo (RoleInfo.java:shutdownLeaderElection(134)) - a1c78c0e-869c-4f76-b4ce-2034448e0b80: shutdown LeaderElection
2019-10-19 01:04:46,656 [a1c78c0e-869c-4f76-b4ce-2034448e0b80@group-D48B69A44692-LeaderElection263] INFO  impl.RoleInfo (RoleInfo.java:updateAndGet(143)) - a1c78c0e-869c-4f76-b4ce-2034448e0b80: start FollowerState
2019-10-19 01:04:46,678 [Thread-2205] INFO  impl.FollowerState (FollowerState.java:run(108)) - a1c78c0e-869c-4f76-b4ce-2034448e0b80@group-D48B69A44692-FollowerState: change to CANDIDATE, lastRpcTime:22ms, electionTimeout:22ms
2019-10-19 01:04:46,678 [Thread-2205] INFO  impl.RoleInfo (RoleInfo.java:shutdownFollowerState(121)) - a1c78c0e-869c-4f76-b4ce-2034448e0b80: shutdown FollowerState
2019-10-19 01:04:46,678 [Thread-2205] INFO  impl.RaftServerImpl (RaftServerImpl.java:setRole(184)) - a1c78c0e-869c-4f76-b4ce-2034448e0b80@group-D48B69A44692: changes role from  FOLLOWER to CANDIDATE at term 155 for changeToCandidate
2019-10-19 01:04:46,679 [Thread-2205] INFO  impl.RoleInfo (RoleInfo.java:updateAndGet(143)) - a1c78c0e-869c-4f76-b4ce-2034448e0b80: start LeaderElection
2019-10-19 01:04:46,692 [a1c78c0e-869c-4f76-b4ce-2034448e0b80@group-D48B69A44692-LeaderElection264] INFO  impl.LeaderElection (LeaderElection.java:askForVotes(178)) - a1c78c0e-869c-4f76-b4ce-2034448e0b80@group-D48B69A44692-LeaderElection264: begin an election at term 156 for -1: [51276c3c-a3b8-4274-b089-592ff4589f41:192.168.157.213:36639, 64c90977-e867-487c-b50d-c226f2d34a76:192.168.157.213:37433, a1c78c0e-869c-4f76-b4ce-2034448e0b80:192.168.157.213:33501], old=null
2019-10-19 01:04:46,694 [grpc-default-executor-5] INFO  impl.RaftServerImpl (RaftServerImpl.java:setRole(184)) - 64c90977-e867-487c-b50d-c226f2d34a76@group-D48B69A44692: changes role from  FOLLOWER to FOLLOWER at term 156 for recognizeCandidate:a1c78c0e-869c-4f76-b4ce-2034448e0b80
2019-10-19 01:04:46,694 [grpc-default-executor-7] INFO  impl.RaftServerImpl (RaftServerImpl.java:setRole(184)) - 51276c3c-a3b8-4274-b089-592ff4589f41@group-D48B69A44692: changes role from  FOLLOWER to FOLLOWER at term 156 for recognizeCandidate:a1c78c0e-869c-4f76-b4ce-2034448e0b80
2019-10-19 01:04:46,694 [grpc-default-executor-5] INFO  impl.RoleInfo (RoleInfo.java:shutdownFollowerState(121)) - 64c90977-e867-487c-b50d-c226f2d34a76: shutdown FollowerState
2019-10-19 01:04:46,694 [grpc-default-executor-7] INFO  impl.RoleInfo (RoleInfo.java:shutdownFollowerState(121)) - 51276c3c-a3b8-4274-b089-592ff4589f41: shutdown FollowerState
2019-10-19 01:04:46,695 [grpc-default-executor-5] INFO  impl.RoleInfo (RoleInfo.java:updateAndGet(143)) - 64c90977-e867-487c-b50d-c226f2d34a76: start FollowerState
2019-10-19 01:04:46,695 [Thread-2204] INFO  impl.FollowerState (FollowerState.java:run(117)) - 64c90977-e867-487c-b50d-c226f2d34a76@group-D48B69A44692-FollowerState was interrupted: java.lang.InterruptedException: sleep interrupted
2019-10-19 01:04:46,695 [Thread-2203] INFO  impl.FollowerState (FollowerState.java:run(117)) - 51276c3c-a3b8-4274-b089-592ff4589f41@group-D48B69A44692-FollowerState was interrupted: java.lang.InterruptedException: sleep interrupted
2019-10-19 01:04:46,695 [grpc-default-executor-7] INFO  impl.RoleInfo (RoleInfo.java:updateAndGet(143)) - 51276c3c-a3b8-4274-b089-592ff4589f41: start FollowerState
2019-10-19 01:04:46,709 [a1c78c0e-869c-4f76-b4ce-2034448e0b80@group-D48B69A44692-LeaderElection264] INFO  impl.LeaderElection (LeaderElection.java:logAndReturn(56)) - a1c78c0e-869c-4f76-b4ce-2034448e0b80@group-D48B69A44692-LeaderElection264: Election REJECTED; received 2 response(s) [a1c78c0e-869c-4f76-b4ce-2034448e0b80<-51276c3c-a3b8-4274-b089-592ff4589f41#0:FAIL-t156, a1c78c0e-869c-4f76-b4ce-2034448e0b80<-64c90977-e867-487c-b50d-c226f2d34a76#0:FAIL-t156] and 0 exception(s); a1c78c0e-869c-4f76-b4ce-2034448e0b80@group-D48B69A44692:t156, leader=null, voted=a1c78c0e-869c-4f76-b4ce-2034448e0b80, raftlog=a1c78c0e-869c-4f76-b4ce-2034448e0b80@group-D48B69A44692-SegmentedRaftLog:OPENED:c-1,f-1,i0, conf=-1: [51276c3c-a3b8-4274-b089-592ff4589f41:192.168.157.213:36639, 64c90977-e867-487c-b50d-c226f2d34a76:192.168.157.213:37433, a1c78c0e-869c-4f76-b4ce-2034448e0b80:192.168.157.213:33501], old=null
2019-10-19 01:04:46,709 [a1c78c0e-869c-4f76-b4ce-2034448e0b80@group-D48B69A44692-LeaderElection264] INFO  impl.RaftServerImpl (RaftServerImpl.java:setRole(184)) - a1c78c0e-869c-4f76-b4ce-2034448e0b80@group-D48B69A44692: changes role from CANDIDATE to FOLLOWER at term 156 for DISCOVERED_A_NEW_TERM
2019-10-19 01:04:46,709 [a1c78c0e-869c-4f76-b4ce-2034448e0b80@group-D48B69A44692-LeaderElection264] INFO  impl.RoleInfo (RoleInfo.java:shutdownLeaderElection(134)) - a1c78c0e-869c-4f76-b4ce-2034448e0b80: shutdown LeaderElection
2019-10-19 01:04:46,709 [a1c78c0e-869c-4f76-b4ce-2034448e0b80@group-D48B69A44692-LeaderElection264] INFO  impl.RoleInfo (RoleInfo.java:updateAndGet(143)) - a1c78c0e-869c-4f76-b4ce-2034448e0b80: start FollowerState
2019-10-19 01:04:46,768 [Thread-2211] INFO  impl.FollowerState (FollowerState.java:run(108)) - a1c78c0e-869c-4f76-b4ce-2034448e0b80@group-D48B69A44692-FollowerState: change to CANDIDATE, lastRpcTime:59ms, electionTimeout:59ms
2019-10-19 01:04:46,768 [Thread-2211] INFO  impl.RoleInfo (RoleInfo.java:shutdownFollowerState(121)) - a1c78c0e-869c-4f76-b4ce-2034448e0b80: shutdown FollowerState
2019-10-19 01:04:46,768 [Thread-2211] INFO  impl.RaftServerImpl (RaftServerImpl.java:setRole(184)) - a1c78c0e-869c-4f76-b4ce-2034448e0b80@group-D48B69A44692: changes role from  FOLLOWER to CANDIDATE at term 156 for changeToCandidate
2019-10-19 01:04:46,769 [Thread-2211] INFO  impl.RoleInfo (RoleInfo.java:updateAndGet(143)) - a1c78c0e-869c-4f76-b4ce-2034448e0b80: start LeaderElection
2019-10-19 01:04:46,783 [a1c78c0e-869c-4f76-b4ce-2034448e0b80@group-D48B69A44692-LeaderElection265] INFO  impl.LeaderElection (LeaderElection.java:askForVotes(178)) - a1c78c0e-869c-4f76-b4ce-2034448e0b80@group-D48B69A44692-LeaderElection265: begin an election at term 157 for -1: [51276c3c-a3b8-4274-b089-592ff4589f41:192.168.157.213:36639, 64c90977-e867-487c-b50d-c226f2d34a76:192.168.157.213:37433, a1c78c0e-869c-4f76-b4ce-2034448e0b80:192.168.157.213:33501], old=null
2019-10-19 01:04:46,785 [grpc-default-executor-7] INFO  impl.RaftServerImpl (RaftServerImpl.java:setRole(184)) - 51276c3c-a3b8-4274-b089-592ff4589f41@group-D48B69A44692: changes role from  FOLLOWER to FOLLOWER at term 157 for recognizeCandidate:a1c78c0e-869c-4f76-b4ce-2034448e0b80
2019-10-19 01:04:46,785 [grpc-default-executor-5] INFO  impl.RaftServerImpl (RaftServerImpl.java:setRole(184)) - 64c90977-e867-487c-b50d-c226f2d34a76@group-D48B69A44692: changes role from  FOLLOWER to FOLLOWER at term 157 for recognizeCandidate:a1c78c0e-869c-4f76-b4ce-2034448e0b80
2019-10-19 01:04:46,785 [grpc-default-executor-7] INFO  impl.RoleInfo (RoleInfo.java:shutdownFollowerState(121)) - 51276c3c-a3b8-4274-b089-592ff4589f41: shutdown FollowerState
2019-10-19 01:04:46,786 [grpc-default-executor-5] INFO  impl.RoleInfo (RoleInfo.java:shutdownFollowerState(121)) - 64c90977-e867-487c-b50d-c226f2d34a76: shutdown FollowerState
2019-10-19 01:04:46,786 [Thread-2210] INFO  impl.FollowerState (FollowerState.java:run(117)) - 51276c3c-a3b8-4274-b089-592ff4589f41@group-D48B69A44692-FollowerState was interrupted: java.lang.InterruptedException: sleep interrupted
2019-10-19 01:04:46,786 [grpc-default-executor-7] INFO  impl.RoleInfo (RoleInfo.java:updateAndGet(143)) - 51276c3c-a3b8-4274-b089-592ff4589f41: start FollowerState
2019-10-19 01:04:46,786 [Thread-2209] INFO  impl.FollowerState (FollowerState.java:run(117)) - 64c90977-e867-487c-b50d-c226f2d34a76@group-D48B69A44692-FollowerState was interrupted: java.lang.InterruptedException: sleep interrupted
2019-10-19 01:04:46,786 [grpc-default-executor-5] INFO  impl.RoleInfo (RoleInfo.java:updateAndGet(143)) - 64c90977-e867-487c-b50d-c226f2d34a76: start FollowerState
2019-10-19 01:04:46,800 [a1c78c0e-869c-4f76-b4ce-2034448e0b80@group-D48B69A44692-LeaderElection265] INFO  impl.LeaderElection (LeaderElection.java:logAndReturn(56)) - a1c78c0e-869c-4f76-b4ce-2034448e0b80@group-D48B69A44692-LeaderElection265: Election REJECTED; received 2 response(s) [a1c78c0e-869c-4f76-b4ce-2034448e0b80<-51276c3c-a3b8-4274-b089-592ff4589f41#0:FAIL-t157, a1c78c0e-869c-4f76-b4ce-2034448e0b80<-64c90977-e867-487c-b50d-c226f2d34a76#0:FAIL-t157] and 0 exception(s); a1c78c0e-869c-4f76-b4ce-2034448e0b80@group-D48B69A44692:t157, leader=null, voted=a1c78c0e-869c-4f76-b4ce-2034448e0b80, raftlog=a1c78c0e-869c-4f76-b4ce-2034448e0b80@group-D48B69A44692-SegmentedRaftLog:OPENED:c-1,f-1,i0, conf=-1: [51276c3c-a3b8-4274-b089-592ff4589f41:192.168.157.213:36639, 64c90977-e867-487c-b50d-c226f2d34a76:192.168.157.213:37433, a1c78c0e-869c-4f76-b4ce-2034448e0b80:192.168.157.213:33501], old=null
2019-10-19 01:04:46,800 [a1c78c0e-869c-4f76-b4ce-2034448e0b80@group-D48B69A44692-LeaderElection265] INFO  impl.RaftServerImpl (RaftServerImpl.java:setRole(184)) - a1c78c0e-869c-4f76-b4ce-2034448e0b80@group-D48B69A44692: changes role from CANDIDATE to FOLLOWER at term 157 for DISCOVERED_A_NEW_TERM
2019-10-19 01:04:46,800 [a1c78c0e-869c-4f76-b4ce-2034448e0b80@group-D48B69A44692-LeaderElection265] INFO  impl.RoleInfo (RoleInfo.java:shutdownLeaderElection(134)) - a1c78c0e-869c-4f76-b4ce-2034448e0b80: shutdown LeaderElection
2019-10-19 01:04:46,800 [a1c78c0e-869c-4f76-b4ce-2034448e0b80@group-D48B69A44692-LeaderElection265] INFO  impl.RoleInfo (RoleInfo.java:updateAndGet(143)) - a1c78c0e-869c-4f76-b4ce-2034448e0b80: start FollowerState
2019-10-19 01:04:46,983 [Thread-2219] INFO  impl.FollowerState (FollowerState.java:run(108)) - a1c78c0e-869c-4f76-b4ce-2034448e0b80@group-D48B69A44692-FollowerState: change to CANDIDATE, lastRpcTime:182ms, electionTimeout:182ms
2019-10-19 01:04:46,983 [Thread-2219] INFO  impl.RoleInfo (RoleInfo.java:shutdownFollowerState(121)) - a1c78c0e-869c-4f76-b4ce-2034448e0b80: shutdown FollowerState
2019-10-19 01:04:46,983 [Thread-2219] INFO  impl.RaftServerImpl (RaftServerImpl.java:setRole(184)) - a1c78c0e-869c-4f76-b4ce-2034448e0b80@group-D48B69A44692: changes role from  FOLLOWER to CANDIDATE at term 157 for changeToCandidate
2019-10-19 01:04:46,983 [Thread-2219] INFO  impl.RoleInfo (RoleInfo.java:updateAndGet(143)) - a1c78c0e-869c-4f76-b4ce-2034448e0b80: start LeaderElection
2019-10-19 01:04:46,997 [a1c78c0e-869c-4f76-b4ce-2034448e0b80@group-D48B69A44692-LeaderElection266] INFO  impl.LeaderElection (LeaderElection.java:askForVotes(178)) - a1c78c0e-869c-4f76-b4ce-2034448e0b80@group-D48B69A44692-LeaderElection266: begin an election at term 158 for -1: [51276c3c-a3b8-4274-b089-592ff4589f41:192.168.157.213:36639, 64c90977-e867-487c-b50d-c226f2d34a76:192.168.157.213:37433, a1c78c0e-869c-4f76-b4ce-2034448e0b80:192.168.157.213:33501], old=null
2019-10-19 01:04:46,999 [grpc-default-executor-5] INFO  impl.RaftServerImpl (RaftServerImpl.java:setRole(184)) - 51276c3c-a3b8-4274-b089-592ff4589f41@group-D48B69A44692: changes role from  FOLLOWER to FOLLOWER at term 158 for recognizeCandidate:a1c78c0e-869c-4f76-b4ce-2034448e0b80
2019-10-19 01:04:46,999 [grpc-default-executor-5] INFO  impl.RoleInfo (RoleInfo.java:shutdownFollowerState(121)) - 51276c3c-a3b8-4274-b089-592ff4589f41: shutdown FollowerState
2019-10-19 01:04:46,999 [grpc-default-executor-7] INFO  impl.RaftServerImpl (RaftServerImpl.java:setRole(184)) - 64c90977-e867-487c-b50d-c226f2d34a76@group-D48B69A44692: changes role from  FOLLOWER to FOLLOWER at term 158 for recognizeCandidate:a1c78c0e-869c-4f76-b4ce-2034448e0b80
2019-10-19 01:04:46,999 [grpc-default-executor-7] INFO  impl.RoleInfo (RoleInfo.java:shutdownFollowerState(121)) - 64c90977-e867-487c-b50d-c226f2d34a76: shutdown FollowerState
2019-10-19 01:04:46,999 [Thread-2217] INFO  impl.FollowerState (FollowerState.java:run(117)) - 51276c3c-a3b8-4274-b089-592ff4589f41@group-D48B69A44692-FollowerState was interrupted: java.lang.InterruptedException: sleep interrupted
2019-10-19 01:04:46,999 [grpc-default-executor-5] INFO  impl.RoleInfo (RoleInfo.java:updateAndGet(143)) - 51276c3c-a3b8-4274-b089-592ff4589f41: start FollowerState
2019-10-19 01:04:47,000 [Thread-2218] INFO  impl.FollowerState (FollowerState.java:run(117)) - 64c90977-e867-487c-b50d-c226f2d34a76@group-D48B69A44692-FollowerState was interrupted: java.lang.InterruptedException: sleep interrupted
2019-10-19 01:04:47,000 [grpc-default-executor-7] INFO  impl.RoleInfo (RoleInfo.java:updateAndGet(143)) - 64c90977-e867-487c-b50d-c226f2d34a76: start FollowerState
2019-10-19 01:04:47,014 [a1c78c0e-869c-4f76-b4ce-2034448e0b80@group-D48B69A44692-LeaderElection266] INFO  impl.LeaderElection (LeaderElection.java:logAndReturn(56)) - a1c78c0e-869c-4f76-b4ce-2034448e0b80@group-D48B69A44692-LeaderElection266: Election REJECTED; received 2 response(s) [a1c78c0e-869c-4f76-b4ce-2034448e0b80<-51276c3c-a3b8-4274-b089-592ff4589f41#0:FAIL-t158, a1c78c0e-869c-4f76-b4ce-2034448e0b80<-64c90977-e867-487c-b50d-c226f2d34a76#0:FAIL-t158] and 0 exception(s); a1c78c0e-869c-4f76-b4ce-2034448e0b80@group-D48B69A44692:t158, leader=null, voted=a1c78c0e-869c-4f76-b4ce-2034448e0b80, raftlog=a1c78c0e-869c-4f76-b4ce-2034448e0b80@group-D48B69A44692-SegmentedRaftLog:OPENED:c-1,f-1,i0, conf=-1: [51276c3c-a3b8-4274-b089-592ff4589f41:192.168.157.213:36639, 64c90977-e867-487c-b50d-c226f2d34a76:192.168.157.213:37433, a1c78c0e-869c-4f76-b4ce-2034448e0b80:192.168.157.213:33501], old=null
2019-10-19 01:04:47,015 [a1c78c0e-869c-4f76-b4ce-2034448e0b80@group-D48B69A44692-LeaderElection266] INFO  impl.RaftServerImpl (RaftServerImpl.java:setRole(184)) - a1c78c0e-869c-4f76-b4ce-2034448e0b80@group-D48B69A44692: changes role from CANDIDATE to FOLLOWER at term 158 for DISCOVERED_A_NEW_TERM
2019-10-19 01:04:47,015 [a1c78c0e-869c-4f76-b4ce-2034448e0b80@group-D48B69A44692-LeaderElection266] INFO  impl.RoleInfo (RoleInfo.java:shutdownLeaderElection(134)) - a1c78c0e-869c-4f76-b4ce-2034448e0b80: shutdown LeaderElection
2019-10-19 01:04:47,015 [a1c78c0e-869c-4f76-b4ce-2034448e0b80@group-D48B69A44692-LeaderElection266] INFO  impl.RoleInfo (RoleInfo.java:updateAndGet(143)) - a1c78c0e-869c-4f76-b4ce-2034448e0b80: start FollowerState
2019-10-19 01:04:47,205 [Thread-2226] INFO  impl.FollowerState (FollowerState.java:run(108)) - a1c78c0e-869c-4f76-b4ce-2034448e0b80@group-D48B69A44692-FollowerState: change to CANDIDATE, lastRpcTime:189ms, electionTimeout:189ms
2019-10-19 01:04:47,205 [Thread-2226] INFO  impl.RoleInfo (RoleInfo.java:shutdownFollowerState(121)) - a1c78c0e-869c-4f76-b4ce-2034448e0b80: shutdown FollowerState
2019-10-19 01:04:47,205 [Thread-2226] INFO  impl.RaftServerImpl (RaftServerImpl.java:setRole(184)) - a1c78c0e-869c-4f76-b4ce-2034448e0b80@group-D48B69A44692: changes role from  FOLLOWER to CANDIDATE at term 158 for changeToCandidate
2019-10-19 01:04:47,205 [Thread-2226] INFO  impl.RoleInfo (RoleInfo.java:updateAndGet(143)) - a1c78c0e-869c-4f76-b4ce-2034448e0b80: start LeaderElection
2019-10-19 01:04:47,219 [a1c78c0e-869c-4f76-b4ce-2034448e0b80@group-D48B69A44692-LeaderElection267] INFO  impl.LeaderElection (LeaderElection.java:askForVotes(178)) - a1c78c0e-869c-4f76-b4ce-2034448e0b80@group-D48B69A44692-LeaderElection267: begin an election at term 159 for -1: [51276c3c-a3b8-4274-b089-592ff4589f41:192.168.157.213:36639, 64c90977-e867-487c-b50d-c226f2d34a76:192.168.157.213:37433, a1c78c0e-869c-4f76-b4ce-2034448e0b80:192.168.157.213:33501], old=null
2019-10-19 01:04:47,221 [grpc-default-executor-5] INFO  impl.RaftServerImpl (RaftServerImpl.java:setRole(184)) - 51276c3c-a3b8-4274-b089-592ff4589f41@group-D48B69A44692: changes role from  FOLLOWER to FOLLOWER at term 159 for recognizeCandidate:a1c78c0e-869c-4f76-b4ce-2034448e0b80
2019-10-19 01:04:47,221 [grpc-default-executor-7] INFO  impl.RaftServerImpl (RaftServerImpl.java:setRole(184)) - 64c90977-e867-487c-b50d-c226f2d34a76@group-D48B69A44692: changes role from  FOLLOWER to FOLLOWER at term 159 for recognizeCandidate:a1c78c0e-869c-4f76-b4ce-2034448e0b80
2019-10-19 01:04:47,222 [grpc-default-executor-7] INFO  impl.RoleInfo (RoleInfo.java:shutdownFollowerState(121)) - 64c90977-e867-487c-b50d-c226f2d34a76: shutdown FollowerState
2019-10-19 01:04:47,222 [grpc-default-executor-5] INFO  impl.RoleInfo (RoleInfo.java:shutdownFollowerState(121)) - 51276c3c-a3b8-4274-b089-592ff4589f41: shutdown FollowerState
2019-10-19 01:04:47,222 [Thread-2225] INFO  impl.FollowerState (FollowerState.java:run(117)) - 64c90977-e867-487c-b50d-c226f2d34a76@group-D48B69A44692-FollowerState was interrupted: java.lang.InterruptedException: sleep interrupted
2019-10-19 01:04:47,222 [grpc-default-executor-7] INFO  impl.RoleInfo (RoleInfo.java:updateAndGet(143)) - 64c90977-e867-487c-b50d-c226f2d34a76: start FollowerState
2019-10-19 01:04:47,222 [Thread-2224] INFO  impl.FollowerState (FollowerState.java:run(117)) - 51276c3c-a3b8-4274-b089-592ff4589f41@group-D48B69A44692-FollowerState was interrupted: java.lang.InterruptedException: sleep interrupted
2019-10-19 01:04:47,222 [grpc-default-executor-5] INFO  impl.RoleInfo (RoleInfo.java:updateAndGet(143)) - 51276c3c-a3b8-4274-b089-592ff4589f41: start FollowerState
2019-10-19 01:04:47,237 [a1c78c0e-869c-4f76-b4ce-2034448e0b80@group-D48B69A44692-LeaderElection267] INFO  impl.LeaderElection (LeaderElection.java:logAndReturn(56)) - a1c78c0e-869c-4f76-b4ce-2034448e0b80@group-D48B69A44692-LeaderElection267: Election REJECTED; received 2 response(s) [a1c78c0e-869c-4f76-b4ce-2034448e0b80<-51276c3c-a3b8-4274-b089-592ff4589f41#0:FAIL-t159, a1c78c0e-869c-4f76-b4ce-2034448e0b80<-64c90977-e867-487c-b50d-c226f2d34a76#0:FAIL-t159] and 0 exception(s); a1c78c0e-869c-4f76-b4ce-2034448e0b80@group-D48B69A44692:t159, leader=null, voted=a1c78c0e-869c-4f76-b4ce-2034448e0b80, raftlog=a1c78c0e-869c-4f76-b4ce-2034448e0b80@group-D48B69A44692-SegmentedRaftLog:OPENED:c-1,f-1,i0, conf=-1: [51276c3c-a3b8-4274-b089-592ff4589f41:192.168.157.213:36639, 64c90977-e867-487c-b50d-c226f2d34a76:192.168.157.213:37433, a1c78c0e-869c-4f76-b4ce-2034448e0b80:192.168.157.213:33501], old=null
2019-10-19 01:04:47,237 [a1c78c0e-869c-4f76-b4ce-2034448e0b80@group-D48B69A44692-LeaderElection267] INFO  impl.RaftServerImpl (RaftServerImpl.java:setRole(184)) - a1c78c0e-869c-4f76-b4ce-2034448e0b80@group-D48B69A44692: changes role from CANDIDATE to FOLLOWER at term 159 for DISCOVERED_A_NEW_TERM
2019-10-19 01:04:47,237 [a1c78c0e-869c-4f76-b4ce-2034448e0b80@group-D48B69A44692-LeaderElection267] INFO  impl.RoleInfo (RoleInfo.java:shutdownLeaderElection(134)) - a1c78c0e-869c-4f76-b4ce-2034448e0b80: shutdown LeaderElection
2019-10-19 01:04:47,237 [a1c78c0e-869c-4f76-b4ce-2034448e0b80@group-D48B69A44692-LeaderElection267] INFO  impl.RoleInfo (RoleInfo.java:updateAndGet(143)) - a1c78c0e-869c-4f76-b4ce-2034448e0b80: start FollowerState
2019-10-19 01:04:47,285 [Thread-2232] INFO  impl.FollowerState (FollowerState.java:run(108)) - a1c78c0e-869c-4f76-b4ce-2034448e0b80@group-D48B69A44692-FollowerState: change to CANDIDATE, lastRpcTime:48ms, electionTimeout:48ms
2019-10-19 01:04:47,285 [Thread-2232] INFO  impl.RoleInfo (RoleInfo.java:shutdownFollowerState(121)) - a1c78c0e-869c-4f76-b4ce-2034448e0b80: shutdown FollowerState
2019-10-19 01:04:47,286 [Thread-2232] INFO  impl.RaftServerImpl (RaftServerImpl.java:setRole(184)) - a1c78c0e-869c-4f76-b4ce-2034448e0b80@group-D48B69A44692: changes role from  FOLLOWER to CANDIDATE at term 159 for changeToCandidate
2019-10-19 01:04:47,286 [Thread-2232] INFO  impl.RoleInfo (RoleInfo.java:updateAndGet(143)) - a1c78c0e-869c-4f76-b4ce-2034448e0b80: start LeaderElection
2019-10-19 01:04:47,290 [a1c78c0e-869c-4f76-b4ce-2034448e0b80@group-D48B69A44692-LeaderElection268] INFO  impl.LeaderElection (LeaderElection.java:askForVotes(178)) - a1c78c0e-869c-4f76-b4ce-2034448e0b80@group-D48B69A44692-LeaderElection268: begin an election at term 160 for -1: [51276c3c-a3b8-4274-b089-592ff4589f41:192.168.157.213:36639, 64c90977-e867-487c-b50d-c226f2d34a76:192.168.157.213:37433, a1c78c0e-869c-4f76-b4ce-2034448e0b80:192.168.157.213:33501], old=null
2019-10-19 01:04:47,292 [grpc-default-executor-5] INFO  impl.RaftServerImpl (RaftServerImpl.java:setRole(184)) - 64c90977-e867-487c-b50d-c226f2d34a76@group-D48B69A44692: changes role from  FOLLOWER to FOLLOWER at term 160 for recognizeCandidate:a1c78c0e-869c-4f76-b4ce-2034448e0b80
2019-10-19 01:04:47,292 [grpc-default-executor-7] INFO  impl.RaftServerImpl (RaftServerImpl.java:setRole(184)) - 51276c3c-a3b8-4274-b089-592ff4589f41@group-D48B69A44692: changes role from  FOLLOWER to FOLLOWER at term 160 for recognizeCandidate:a1c78c0e-869c-4f76-b4ce-2034448e0b80
2019-10-19 01:04:47,292 [grpc-default-executor-5] INFO  impl.RoleInfo (RoleInfo.java:shutdownFollowerState(121)) - 64c90977-e867-487c-b50d-c226f2d34a76: shutdown FollowerState
2019-10-19 01:04:47,292 [grpc-default-executor-7] INFO  impl.RoleInfo (RoleInfo.java:shutdownFollowerState(121)) - 51276c3c-a3b8-4274-b089-592ff4589f41: shutdown FollowerState
2019-10-19 01:04:47,292 [Thread-2230] INFO  impl.FollowerState (FollowerState.java:run(117)) - 64c90977-e867-487c-b50d-c226f2d34a76@group-D48B69A44692-FollowerState was interrupted: java.lang.InterruptedException: sleep interrupted
2019-10-19 01:04:47,292 [Thread-2231] INFO  impl.FollowerState (FollowerState.java:run(117)) - 51276c3c-a3b8-4274-b089-592ff4589f41@group-D48B69A44692-FollowerState was interrupted: java.lang.InterruptedException: sleep interrupted
2019-10-19 01:04:47,292 [grpc-default-executor-5] INFO  impl.RoleInfo (RoleInfo.java:updateAndGet(143)) - 64c90977-e867-487c-b50d-c226f2d34a76: start FollowerState
2019-10-19 01:04:47,292 [grpc-default-executor-7] INFO  impl.RoleInfo (RoleInfo.java:updateAndGet(143)) - 51276c3c-a3b8-4274-b089-592ff4589f41: start FollowerState
2019-10-19 01:04:47,306 [a1c78c0e-869c-4f76-b4ce-2034448e0b80@group-D48B69A44692-LeaderElection268] INFO  impl.LeaderElection (LeaderElection.java:logAndReturn(56)) - a1c78c0e-869c-4f76-b4ce-2034448e0b80@group-D48B69A44692-LeaderElection268: Election REJECTED; received 2 response(s) [a1c78c0e-869c-4f76-b4ce-2034448e0b80<-51276c3c-a3b8-4274-b089-592ff4589f41#0:FAIL-t160, a1c78c0e-869c-4f76-b4ce-2034448e0b80<-64c90977-e867-487c-b50d-c226f2d34a76#0:FAIL-t160] and 0 exception(s); a1c78c0e-869c-4f76-b4ce-2034448e0b80@group-D48B69A44692:t160, leader=null, voted=a1c78c0e-869c-4f76-b4ce-2034448e0b80, raftlog=a1c78c0e-869c-4f76-b4ce-2034448e0b80@group-D48B69A44692-SegmentedRaftLog:OPENED:c-1,f-1,i0, conf=-1: [51276c3c-a3b8-4274-b089-592ff4589f41:192.168.157.213:36639, 64c90977-e867-487c-b50d-c226f2d34a76:192.168.157.213:37433, a1c78c0e-869c-4f76-b4ce-2034448e0b80:192.168.157.213:33501], old=null
2019-10-19 01:04:47,306 [a1c78c0e-869c-4f76-b4ce-2034448e0b80@group-D48B69A44692-LeaderElection268] INFO  impl.RaftServerImpl (RaftServerImpl.java:setRole(184)) - a1c78c0e-869c-4f76-b4ce-2034448e0b80@group-D48B69A44692: changes role from CANDIDATE to FOLLOWER at term 160 for DISCOVERED_A_NEW_TERM
2019-10-19 01:04:47,306 [a1c78c0e-869c-4f76-b4ce-2034448e0b80@group-D48B69A44692-LeaderElection268] INFO  impl.RoleInfo (RoleInfo.java:shutdownLeaderElection(134)) - a1c78c0e-869c-4f76-b4ce-2034448e0b80: shutdown LeaderElection
2019-10-19 01:04:47,306 [a1c78c0e-869c-4f76-b4ce-2034448e0b80@group-D48B69A44692-LeaderElection268] INFO  impl.RoleInfo (RoleInfo.java:updateAndGet(143)) - a1c78c0e-869c-4f76-b4ce-2034448e0b80: start FollowerState
2019-10-19 01:04:47,418 [Thread-2240] INFO  impl.FollowerState (FollowerState.java:run(108)) - a1c78c0e-869c-4f76-b4ce-2034448e0b80@group-D48B69A44692-FollowerState: change to CANDIDATE, lastRpcTime:112ms, electionTimeout:112ms
2019-10-19 01:04:47,418 [Thread-2240] INFO  impl.RoleInfo (RoleInfo.java:shutdownFollowerState(121)) - a1c78c0e-869c-4f76-b4ce-2034448e0b80: shutdown FollowerState
2019-10-19 01:04:47,419 [Thread-2240] INFO  impl.RaftServerImpl (RaftServerImpl.java:setRole(184)) - a1c78c0e-869c-4f76-b4ce-2034448e0b80@group-D48B69A44692: changes role from  FOLLOWER to CANDIDATE at term 160 for changeToCandidate
2019-10-19 01:04:47,419 [Thread-2240] INFO  impl.RoleInfo (RoleInfo.java:updateAndGet(143)) - a1c78c0e-869c-4f76-b4ce-2034448e0b80: start LeaderElection
2019-10-19 01:04:47,431 [a1c78c0e-869c-4f76-b4ce-2034448e0b80@group-D48B69A44692-LeaderElection269] INFO  impl.LeaderElection (LeaderElection.java:askForVotes(178)) - a1c78c0e-869c-4f76-b4ce-2034448e0b80@group-D48B69A44692-LeaderElection269: begin an election at term 161 for -1: [51276c3c-a3b8-4274-b089-592ff4589f41:192.168.157.213:36639, 64c90977-e867-487c-b50d-c226f2d34a76:192.168.157.213:37433, a1c78c0e-869c-4f76-b4ce-2034448e0b80:192.168.157.213:33501], old=null
2019-10-19 01:04:47,433 [grpc-default-executor-5] INFO  impl.RaftServerImpl (RaftServerImpl.java:setRole(184)) - 64c90977-e867-487c-b50d-c226f2d34a76@group-D48B69A44692: changes role from  FOLLOWER to FOLLOWER at term 161 for recognizeCandidate:a1c78c0e-869c-4f76-b4ce-2034448e0b80
2019-10-19 01:04:47,433 [grpc-default-executor-7] INFO  impl.RaftServerImpl (RaftServerImpl.java:setRole(184)) - 51276c3c-a3b8-4274-b089-592ff4589f41@group-D48B69A44692: changes role from  FOLLOWER to FOLLOWER at term 161 for recognizeCandidate:a1c78c0e-869c-4f76-b4ce-2034448e0b80
2019-10-19 01:04:47,433 [grpc-default-executor-5] INFO  impl.RoleInfo (RoleInfo.java:shutdownFollowerState(121)) - 64c90977-e867-487c-b50d-c226f2d34a76: shutdown FollowerState
2019-10-19 01:04:47,433 [grpc-default-executor-7] INFO  impl.RoleInfo (RoleInfo.java:shutdownFollowerState(121)) - 51276c3c-a3b8-4274-b089-592ff4589f41: shutdown FollowerState
2019-10-19 01:04:47,434 [Thread-2238] INFO  impl.FollowerState (FollowerState.java:run(117)) - 64c90977-e867-487c-b50d-c226f2d34a76@group-D48B69A44692-FollowerState was interrupted: java.lang.InterruptedException: sleep interrupted
2019-10-19 01:04:47,434 [grpc-default-executor-5] INFO  impl.RoleInfo (RoleInfo.java:updateAndGet(143)) - 64c90977-e867-487c-b50d-c226f2d34a76: start FollowerState
2019-10-19 01:04:47,434 [Thread-2239] INFO  impl.FollowerState (FollowerState.java:run(117)) - 51276c3c-a3b8-4274-b089-592ff4589f41@group-D48B69A44692-FollowerState was interrupted: java.lang.InterruptedException: sleep interrupted
2019-10-19 01:04:47,434 [grpc-default-executor-7] INFO  impl.RoleInfo (RoleInfo.java:updateAndGet(143)) - 51276c3c-a3b8-4274-b089-592ff4589f41: start FollowerState
2019-10-19 01:04:47,443 [a1c78c0e-869c-4f76-b4ce-2034448e0b80@group-D48B69A44692-LeaderElection269] INFO  impl.LeaderElection (LeaderElection.java:logAndReturn(56)) - a1c78c0e-869c-4f76-b4ce-2034448e0b80@group-D48B69A44692-LeaderElection269: Election REJECTED; received 2 response(s) [a1c78c0e-869c-4f76-b4ce-2034448e0b80<-51276c3c-a3b8-4274-b089-592ff4589f41#0:FAIL-t161, a1c78c0e-869c-4f76-b4ce-2034448e0b80<-64c90977-e867-487c-b50d-c226f2d34a76#0:FAIL-t161] and 0 exception(s); a1c78c0e-869c-4f76-b4ce-2034448e0b80@group-D48B69A44692:t161, leader=null, voted=a1c78c0e-869c-4f76-b4ce-2034448e0b80, raftlog=a1c78c0e-869c-4f76-b4ce-2034448e0b80@group-D48B69A44692-SegmentedRaftLog:OPENED:c-1,f-1,i0, conf=-1: [51276c3c-a3b8-4274-b089-592ff4589f41:192.168.157.213:36639, 64c90977-e867-487c-b50d-c226f2d34a76:192.168.157.213:37433, a1c78c0e-869c-4f76-b4ce-2034448e0b80:192.168.157.213:33501], old=null
2019-10-19 01:04:47,443 [a1c78c0e-869c-4f76-b4ce-2034448e0b80@group-D48B69A44692-LeaderElection269] INFO  impl.RaftServerImpl (RaftServerImpl.java:setRole(184)) - a1c78c0e-869c-4f76-b4ce-2034448e0b80@group-D48B69A44692: changes role from CANDIDATE to FOLLOWER at term 161 for DISCOVERED_A_NEW_TERM
2019-10-19 01:04:47,443 [a1c78c0e-869c-4f76-b4ce-2034448e0b80@group-D48B69A44692-LeaderElection269] INFO  impl.RoleInfo (RoleInfo.java:shutdownLeaderElection(134)) - a1c78c0e-869c-4f76-b4ce-2034448e0b80: shutdown LeaderElection
2019-10-19 01:04:47,444 [a1c78c0e-869c-4f76-b4ce-2034448e0b80@group-D48B69A44692-LeaderElection269] INFO  impl.RoleInfo (RoleInfo.java:updateAndGet(143)) - a1c78c0e-869c-4f76-b4ce-2034448e0b80: start FollowerState
2019-10-19 01:04:47,453 [Thread-2247] INFO  impl.FollowerState (FollowerState.java:run(108)) - a1c78c0e-869c-4f76-b4ce-2034448e0b80@group-D48B69A44692-FollowerState: change to CANDIDATE, lastRpcTime:9ms, electionTimeout:9ms
2019-10-19 01:04:47,453 [Thread-2247] INFO  impl.RoleInfo (RoleInfo.java:shutdownFollowerState(121)) - a1c78c0e-869c-4f76-b4ce-2034448e0b80: shutdown FollowerState
2019-10-19 01:04:47,453 [Thread-2247] INFO  impl.RaftServerImpl (RaftServerImpl.java:setRole(184)) - a1c78c0e-869c-4f76-b4ce-2034448e0b80@group-D48B69A44692: changes role from  FOLLOWER to CANDIDATE at term 161 for changeToCandidate
2019-10-19 01:04:47,453 [Thread-2247] INFO  impl.RoleInfo (RoleInfo.java:updateAndGet(143)) - a1c78c0e-869c-4f76-b4ce-2034448e0b80: start LeaderElection
2019-10-19 01:04:47,467 [a1c78c0e-869c-4f76-b4ce-2034448e0b80@group-D48B69A44692-LeaderElection270] INFO  impl.LeaderElection (LeaderElection.java:askForVotes(178)) - a1c78c0e-869c-4f76-b4ce-2034448e0b80@group-D48B69A44692-LeaderElection270: begin an election at term 162 for -1: [51276c3c-a3b8-4274-b089-592ff4589f41:192.168.157.213:36639, 64c90977-e867-487c-b50d-c226f2d34a76:192.168.157.213:37433, a1c78c0e-869c-4f76-b4ce-2034448e0b80:192.168.157.213:33501], old=null
2019-10-19 01:04:47,468 [grpc-default-executor-5] INFO  impl.RaftServerImpl (RaftServerImpl.java:setRole(184)) - 51276c3c-a3b8-4274-b089-592ff4589f41@group-D48B69A44692: changes role from  FOLLOWER to FOLLOWER at term 162 for recognizeCandidate:a1c78c0e-869c-4f76-b4ce-2034448e0b80
2019-10-19 01:04:47,468 [grpc-default-executor-5] INFO  impl.RoleInfo (RoleInfo.java:shutdownFollowerState(121)) - 51276c3c-a3b8-4274-b089-592ff4589f41: shutdown FollowerState
2019-10-19 01:04:47,468 [grpc-default-executor-7] INFO  impl.RaftServerImpl (RaftServerImpl.java:setRole(184)) - 64c90977-e867-487c-b50d-c226f2d34a76@group-D48B69A44692: changes role from  FOLLOWER to FOLLOWER at term 162 for recognizeCandidate:a1c78c0e-869c-4f76-b4ce-2034448e0b80
2019-10-19 01:04:47,468 [Thread-2246] INFO  impl.FollowerState (FollowerState.java:run(117)) - 51276c3c-a3b8-4274-b089-592ff4589f41@group-D48B69A44692-FollowerState was interrupted: java.lang.InterruptedException: sleep interrupted
2019-10-19 01:04:47,468 [grpc-default-executor-5] INFO  impl.RoleInfo (RoleInfo.java:updateAndGet(143)) - 51276c3c-a3b8-4274-b089-592ff4589f41: start FollowerState
2019-10-19 01:04:47,469 [grpc-default-executor-7] INFO  impl.RoleInfo (RoleInfo.java:shutdownFollowerState(121)) - 64c90977-e867-487c-b50d-c226f2d34a76: shutdown FollowerState
2019-10-19 01:04:47,469 [grpc-default-executor-7] INFO  impl.RoleInfo (RoleInfo.java:updateAndGet(143)) - 64c90977-e867-487c-b50d-c226f2d34a76: start FollowerState
2019-10-19 01:04:47,469 [Thread-2245] INFO  impl.FollowerState (FollowerState.java:run(117)) - 64c90977-e867-487c-b50d-c226f2d34a76@group-D48B69A44692-FollowerState was interrupted: java.lang.InterruptedException: sleep interrupted
2019-10-19 01:04:47,481 [a1c78c0e-869c-4f76-b4ce-2034448e0b80@group-D48B69A44692-LeaderElection270] INFO  impl.LeaderElection (LeaderElection.java:logAndReturn(56)) - a1c78c0e-869c-4f76-b4ce-2034448e0b80@group-D48B69A44692-LeaderElection270: Election TIMEOUT; received 0 response(s) [] and 0 exception(s); a1c78c0e-869c-4f76-b4ce-2034448e0b80@group-D48B69A44692:t162, leader=null, voted=a1c78c0e-869c-4f76-b4ce-2034448e0b80, raftlog=a1c78c0e-869c-4f76-b4ce-2034448e0b80@group-D48B69A44692-SegmentedRaftLog:OPENED:c-1,f-1,i0, conf=-1: [51276c3c-a3b8-4274-b089-592ff4589f41:192.168.157.213:36639, 64c90977-e867-487c-b50d-c226f2d34a76:192.168.157.213:37433, a1c78c0e-869c-4f76-b4ce-2034448e0b80:192.168.157.213:33501], old=null
2019-10-19 01:04:47,485 [a1c78c0e-869c-4f76-b4ce-2034448e0b80@group-D48B69A44692-LeaderElection270] INFO  impl.LeaderElection (LeaderElection.java:askForVotes(178)) - a1c78c0e-869c-4f76-b4ce-2034448e0b80@group-D48B69A44692-LeaderElection270: begin an election at term 163 for -1: [51276c3c-a3b8-4274-b089-592ff4589f41:192.168.157.213:36639, 64c90977-e867-487c-b50d-c226f2d34a76:192.168.157.213:37433, a1c78c0e-869c-4f76-b4ce-2034448e0b80:192.168.157.213:33501], old=null
2019-10-19 01:04:47,487 [grpc-default-executor-5] INFO  impl.RaftServerImpl (RaftServerImpl.java:setRole(184)) - 51276c3c-a3b8-4274-b089-592ff4589f41@group-D48B69A44692: changes role from  FOLLOWER to FOLLOWER at term 163 for recognizeCandidate:a1c78c0e-869c-4f76-b4ce-2034448e0b80
2019-10-19 01:04:47,487 [grpc-default-executor-7] INFO  impl.RaftServerImpl (RaftServerImpl.java:setRole(184)) - 64c90977-e867-487c-b50d-c226f2d34a76@group-D48B69A44692: changes role from  FOLLOWER to FOLLOWER at term 163 for recognizeCandidate:a1c78c0e-869c-4f76-b4ce-2034448e0b80
2019-10-19 01:04:47,487 [grpc-default-executor-5] INFO  impl.RoleInfo (RoleInfo.java:shutdownFollowerState(121)) - 51276c3c-a3b8-4274-b089-592ff4589f41: shutdown FollowerState
2019-10-19 01:04:47,487 [grpc-default-executor-7] INFO  impl.RoleInfo (RoleInfo.java:shutdownFollowerState(121)) - 64c90977-e867-487c-b50d-c226f2d34a76: shutdown FollowerState
2019-10-19 01:04:47,487 [Thread-2251] INFO  impl.FollowerState (FollowerState.java:run(117)) - 51276c3c-a3b8-4274-b089-592ff4589f41@group-D48B69A44692-FollowerState was interrupted: java.lang.InterruptedException: sleep interrupted
2019-10-19 01:04:47,487 [grpc-default-executor-5] INFO  impl.RoleInfo (RoleInfo.java:updateAndGet(143)) - 51276c3c-a3b8-4274-b089-592ff4589f41: start FollowerState
2019-10-19 01:04:47,488 [Thread-2252] INFO  impl.FollowerState (FollowerState.java:run(117)) - 64c90977-e867-487c-b50d-c226f2d34a76@group-D48B69A44692-FollowerState was interrupted: java.lang.InterruptedException: sleep interrupted
2019-10-19 01:04:47,488 [grpc-default-executor-7] INFO  impl.RoleInfo (RoleInfo.java:updateAndGet(143)) - 64c90977-e867-487c-b50d-c226f2d34a76: start FollowerState
2019-10-19 01:04:47,502 [a1c78c0e-869c-4f76-b4ce-2034448e0b80@group-D48B69A44692-LeaderElection270] INFO  impl.LeaderElection (LeaderElection.java:logAndReturn(56)) - a1c78c0e-869c-4f76-b4ce-2034448e0b80@group-D48B69A44692-LeaderElection270: Election REJECTED; received 2 response(s) [a1c78c0e-869c-4f76-b4ce-2034448e0b80<-51276c3c-a3b8-4274-b089-592ff4589f41#0:FAIL-t163, a1c78c0e-869c-4f76-b4ce-2034448e0b80<-64c90977-e867-487c-b50d-c226f2d34a76#0:FAIL-t163] and 0 exception(s); a1c78c0e-869c-4f76-b4ce-2034448e0b80@group-D48B69A44692:t163, leader=null, voted=a1c78c0e-869c-4f76-b4ce-2034448e0b80, raftlog=a1c78c0e-869c-4f76-b4ce-2034448e0b80@group-D48B69A44692-SegmentedRaftLog:OPENED:c-1,f-1,i0, conf=-1: [51276c3c-a3b8-4274-b089-592ff4589f41:192.168.157.213:36639, 64c90977-e867-487c-b50d-c226f2d34a76:192.168.157.213:37433, a1c78c0e-869c-4f76-b4ce-2034448e0b80:192.168.157.213:33501], old=null
2019-10-19 01:04:47,502 [a1c78c0e-869c-4f76-b4ce-2034448e0b80@group-D48B69A44692-LeaderElection270] INFO  impl.RaftServerImpl (RaftServerImpl.java:setRole(184)) - a1c78c0e-869c-4f76-b4ce-2034448e0b80@group-D48B69A44692: changes role from CANDIDATE to FOLLOWER at term 163 for DISCOVERED_A_NEW_TERM
2019-10-19 01:04:47,502 [a1c78c0e-869c-4f76-b4ce-2034448e0b80@group-D48B69A44692-LeaderElection270] INFO  impl.RoleInfo (RoleInfo.java:shutdownLeaderElection(134)) - a1c78c0e-869c-4f76-b4ce-2034448e0b80: shutdown LeaderElection
2019-10-19 01:04:47,502 [a1c78c0e-869c-4f76-b4ce-2034448e0b80@group-D48B69A44692-LeaderElection270] INFO  impl.RoleInfo (RoleInfo.java:updateAndGet(143)) - a1c78c0e-869c-4f76-b4ce-2034448e0b80: start FollowerState
2019-10-19 01:04:47,507 [Thread-2257] INFO  impl.FollowerState (FollowerState.java:run(108)) - a1c78c0e-869c-4f76-b4ce-2034448e0b80@group-D48B69A44692-FollowerState: change to CANDIDATE, lastRpcTime:4ms, electionTimeout:4ms
2019-10-19 01:04:47,507 [Thread-2257] INFO  impl.RoleInfo (RoleInfo.java:shutdownFollowerState(121)) - a1c78c0e-869c-4f76-b4ce-2034448e0b80: shutdown FollowerState
2019-10-19 01:04:47,507 [Thread-2257] INFO  impl.RaftServerImpl (RaftServerImpl.java:setRole(184)) - a1c78c0e-869c-4f76-b4ce-2034448e0b80@group-D48B69A44692: changes role from  FOLLOWER to CANDIDATE at term 163 for changeToCandidate
2019-10-19 01:04:47,507 [Thread-2257] INFO  impl.RoleInfo (RoleInfo.java:updateAndGet(143)) - a1c78c0e-869c-4f76-b4ce-2034448e0b80: start LeaderElection
2019-10-19 01:04:47,520 [a1c78c0e-869c-4f76-b4ce-2034448e0b80@group-D48B69A44692-LeaderElection271] INFO  impl.LeaderElection (LeaderElection.java:askForVotes(178)) - a1c78c0e-869c-4f76-b4ce-2034448e0b80@group-D48B69A44692-LeaderElection271: begin an election at term 164 for -1: [51276c3c-a3b8-4274-b089-592ff4589f41:192.168.157.213:36639, 64c90977-e867-487c-b50d-c226f2d34a76:192.168.157.213:37433, a1c78c0e-869c-4f76-b4ce-2034448e0b80:192.168.157.213:33501], old=null
2019-10-19 01:04:47,522 [grpc-default-executor-5] INFO  impl.RaftServerImpl (RaftServerImpl.java:setRole(184)) - 51276c3c-a3b8-4274-b089-592ff4589f41@group-D48B69A44692: changes role from  FOLLOWER to FOLLOWER at term 164 for recognizeCandidate:a1c78c0e-869c-4f76-b4ce-2034448e0b80
2019-10-19 01:04:47,522 [grpc-default-executor-7] INFO  impl.RaftServerImpl (RaftServerImpl.java:setRole(184)) - 64c90977-e867-487c-b50d-c226f2d34a76@group-D48B69A44692: changes role from  FOLLOWER to FOLLOWER at term 164 for recognizeCandidate:a1c78c0e-869c-4f76-b4ce-2034448e0b80
2019-10-19 01:04:47,523 [grpc-default-executor-7] INFO  impl.RoleInfo (RoleInfo.java:shutdownFollowerState(121)) - 64c90977-e867-487c-b50d-c226f2d34a76: shutdown FollowerState
2019-10-19 01:04:47,522 [grpc-default-executor-5] INFO  impl.RoleInfo (RoleInfo.java:shutdownFollowerState(121)) - 51276c3c-a3b8-4274-b089-592ff4589f41: shutdown FollowerState
2019-10-19 01:04:47,523 [Thread-2256] INFO  impl.FollowerState (FollowerState.java:run(117)) - 64c90977-e867-487c-b50d-c226f2d34a76@group-D48B69A44692-FollowerState was interrupted: java.lang.InterruptedException: sleep interrupted
2019-10-19 01:04:47,523 [grpc-default-executor-7] INFO  impl.RoleInfo (RoleInfo.java:updateAndGet(143)) - 64c90977-e867-487c-b50d-c226f2d34a76: start FollowerState
2019-10-19 01:04:47,523 [Thread-2255] INFO  impl.FollowerState (FollowerState.java:run(117)) - 51276c3c-a3b8-4274-b089-592ff4589f41@group-D48B69A44692-FollowerState was interrupted: java.lang.InterruptedException: sleep interrupted
2019-10-19 01:04:47,523 [grpc-default-executor-5] INFO  impl.RoleInfo (RoleInfo.java:updateAndGet(143)) - 51276c3c-a3b8-4274-b089-592ff4589f41: start FollowerState
2019-10-19 01:04:47,538 [a1c78c0e-869c-4f76-b4ce-2034448e0b80@group-D48B69A44692-LeaderElection271] INFO  impl.LeaderElection (LeaderElection.java:logAndReturn(56)) - a1c78c0e-869c-4f76-b4ce-2034448e0b80@group-D48B69A44692-LeaderElection271: Election REJECTED; received 2 response(s) [a1c78c0e-869c-4f76-b4ce-2034448e0b80<-51276c3c-a3b8-4274-b089-592ff4589f41#0:FAIL-t164, a1c78c0e-869c-4f76-b4ce-2034448e0b80<-64c90977-e867-487c-b50d-c226f2d34a76#0:FAIL-t164] and 0 exception(s); a1c78c0e-869c-4f76-b4ce-2034448e0b80@group-D48B69A44692:t164, leader=null, voted=a1c78c0e-869c-4f76-b4ce-2034448e0b80, raftlog=a1c78c0e-869c-4f76-b4ce-2034448e0b80@group-D48B69A44692-SegmentedRaftLog:OPENED:c-1,f-1,i0, conf=-1: [51276c3c-a3b8-4274-b089-592ff4589f41:192.168.157.213:36639, 64c90977-e867-487c-b50d-c226f2d34a76:192.168.157.213:37433, a1c78c0e-869c-4f76-b4ce-2034448e0b80:192.168.157.213:33501], old=null
2019-10-19 01:04:47,538 [a1c78c0e-869c-4f76-b4ce-2034448e0b80@group-D48B69A44692-LeaderElection271] INFO  impl.RaftServerImpl (RaftServerImpl.java:setRole(184)) - a1c78c0e-869c-4f76-b4ce-2034448e0b80@group-D48B69A44692: changes role from CANDIDATE to FOLLOWER at term 164 for DISCOVERED_A_NEW_TERM
2019-10-19 01:04:47,538 [a1c78c0e-869c-4f76-b4ce-2034448e0b80@group-D48B69A44692-LeaderElection271] INFO  impl.RoleInfo (RoleInfo.java:shutdownLeaderElection(134)) - a1c78c0e-869c-4f76-b4ce-2034448e0b80: shutdown LeaderElection
2019-10-19 01:04:47,538 [a1c78c0e-869c-4f76-b4ce-2034448e0b80@group-D48B69A44692-LeaderElection271] INFO  impl.RoleInfo (RoleInfo.java:updateAndGet(143)) - a1c78c0e-869c-4f76-b4ce-2034448e0b80: start FollowerState
2019-10-19 01:04:47,619 [Thread-2263] INFO  impl.FollowerState (FollowerState.java:run(108)) - a1c78c0e-869c-4f76-b4ce-2034448e0b80@group-D48B69A44692-FollowerState: change to CANDIDATE, lastRpcTime:80ms, electionTimeout:80ms
2019-10-19 01:04:47,619 [Thread-2263] INFO  impl.RoleInfo (RoleInfo.java:shutdownFollowerState(121)) - a1c78c0e-869c-4f76-b4ce-2034448e0b80: shutdown FollowerState
2019-10-19 01:04:47,619 [Thread-2263] INFO  impl.RaftServerImpl (RaftServerImpl.java:setRole(184)) - a1c78c0e-869c-4f76-b4ce-2034448e0b80@group-D48B69A44692: changes role from  FOLLOWER to CANDIDATE at term 164 for changeToCandidate
2019-10-19 01:04:47,619 [Thread-2263] INFO  impl.RoleInfo (RoleInfo.java:updateAndGet(143)) - a1c78c0e-869c-4f76-b4ce-2034448e0b80: start LeaderElection
2019-10-19 01:04:47,632 [a1c78c0e-869c-4f76-b4ce-2034448e0b80@group-D48B69A44692-LeaderElection272] INFO  impl.LeaderElection (LeaderElection.java:askForVotes(178)) - a1c78c0e-869c-4f76-b4ce-2034448e0b80@group-D48B69A44692-LeaderElection272: begin an election at term 165 for -1: [51276c3c-a3b8-4274-b089-592ff4589f41:192.168.157.213:36639, 64c90977-e867-487c-b50d-c226f2d34a76:192.168.157.213:37433, a1c78c0e-869c-4f76-b4ce-2034448e0b80:192.168.157.213:33501], old=null
2019-10-19 01:04:47,634 [grpc-default-executor-5] INFO  impl.RaftServerImpl (RaftServerImpl.java:setRole(184)) - 51276c3c-a3b8-4274-b089-592ff4589f41@group-D48B69A44692: changes role from  FOLLOWER to FOLLOWER at term 165 for recognizeCandidate:a1c78c0e-869c-4f76-b4ce-2034448e0b80
2019-10-19 01:04:47,634 [grpc-default-executor-7] INFO  impl.RaftServerImpl (RaftServerImpl.java:setRole(184)) - 64c90977-e867-487c-b50d-c226f2d34a76@group-D48B69A44692: changes role from  FOLLOWER to FOLLOWER at term 165 for recognizeCandidate:a1c78c0e-869c-4f76-b4ce-2034448e0b80
2019-10-19 01:04:47,634 [grpc-default-executor-5] INFO  impl.RoleInfo (RoleInfo.java:shutdownFollowerState(121)) - 51276c3c-a3b8-4274-b089-592ff4589f41: shutdown FollowerState
2019-10-19 01:04:47,634 [grpc-default-executor-7] INFO  impl.RoleInfo (RoleInfo.java:shutdownFollowerState(121)) - 64c90977-e867-487c-b50d-c226f2d34a76: shutdown FollowerState
2019-10-19 01:04:47,634 [Thread-2262] INFO  impl.FollowerState (FollowerState.java:run(117)) - 51276c3c-a3b8-4274-b089-592ff4589f41@group-D48B69A44692-FollowerState was interrupted: java.lang.InterruptedException: sleep interrupted
2019-10-19 01:04:47,634 [grpc-default-executor-5] INFO  impl.RoleInfo (RoleInfo.java:updateAndGet(143)) - 51276c3c-a3b8-4274-b089-592ff4589f41: start FollowerState
2019-10-19 01:04:47,635 [Thread-2261] INFO  impl.FollowerState (FollowerState.java:run(117)) - 64c90977-e867-487c-b50d-c226f2d34a76@group-D48B69A44692-FollowerState was interrupted: java.lang.InterruptedException: sleep interrupted
2019-10-19 01:04:47,634 [grpc-default-executor-7] INFO  impl.RoleInfo (RoleInfo.java:updateAndGet(143)) - 64c90977-e867-487c-b50d-c226f2d34a76: start FollowerState
2019-10-19 01:04:47,648 [a1c78c0e-869c-4f76-b4ce-2034448e0b80@group-D48B69A44692-LeaderElection272] INFO  impl.LeaderElection (LeaderElection.java:logAndReturn(56)) - a1c78c0e-869c-4f76-b4ce-2034448e0b80@group-D48B69A44692-LeaderElection272: Election REJECTED; received 2 response(s) [a1c78c0e-869c-4f76-b4ce-2034448e0b80<-51276c3c-a3b8-4274-b089-592ff4589f41#0:FAIL-t165, a1c78c0e-869c-4f76-b4ce-2034448e0b80<-64c90977-e867-487c-b50d-c226f2d34a76#0:FAIL-t165] and 0 exception(s); a1c78c0e-869c-4f76-b4ce-2034448e0b80@group-D48B69A44692:t165, leader=null, voted=a1c78c0e-869c-4f76-b4ce-2034448e0b80, raftlog=a1c78c0e-869c-4f76-b4ce-2034448e0b80@group-D48B69A44692-SegmentedRaftLog:OPENED:c-1,f-1,i0, conf=-1: [51276c3c-a3b8-4274-b089-592ff4589f41:192.168.157.213:36639, 64c90977-e867-487c-b50d-c226f2d34a76:192.168.157.213:37433, a1c78c0e-869c-4f76-b4ce-2034448e0b80:192.168.157.213:33501], old=null
2019-10-19 01:04:47,649 [a1c78c0e-869c-4f76-b4ce-2034448e0b80@group-D48B69A44692-LeaderElection272] INFO  impl.RaftServerImpl (RaftServerImpl.java:setRole(184)) - a1c78c0e-869c-4f76-b4ce-2034448e0b80@group-D48B69A44692: changes role from CANDIDATE to FOLLOWER at term 165 for DISCOVERED_A_NEW_TERM
2019-10-19 01:04:47,649 [a1c78c0e-869c-4f76-b4ce-2034448e0b80@group-D48B69A44692-LeaderElection272] INFO  impl.RoleInfo (RoleInfo.java:shutdownLeaderElection(134)) - a1c78c0e-869c-4f76-b4ce-2034448e0b80: shutdown LeaderElection
2019-10-19 01:04:47,649 [a1c78c0e-869c-4f76-b4ce-2034448e0b80@group-D48B69A44692-LeaderElection272] INFO  impl.RoleInfo (RoleInfo.java:updateAndGet(143)) - a1c78c0e-869c-4f76-b4ce-2034448e0b80: start FollowerState
2019-10-19 01:04:47,669 [Thread-2269] INFO  impl.FollowerState (FollowerState.java:run(108)) - a1c78c0e-869c-4f76-b4ce-2034448e0b80@group-D48B69A44692-FollowerState: change to CANDIDATE, lastRpcTime:20ms, electionTimeout:20ms
2019-10-19 01:04:47,669 [Thread-2269] INFO  impl.RoleInfo (RoleInfo.java:shutdownFollowerState(121)) - a1c78c0e-869c-4f76-b4ce-2034448e0b80: shutdown FollowerState
2019-10-19 01:04:47,669 [Thread-2269] INFO  impl.RaftServerImpl (RaftServerImpl.java:setRole(184)) - a1c78c0e-869c-4f76-b4ce-2034448e0b80@group-D48B69A44692: changes role from  FOLLOWER to CANDIDATE at term 165 for changeToCandidate
2019-10-19 01:04:47,670 [Thread-2269] INFO  impl.RoleInfo (RoleInfo.java:updateAndGet(143)) - a1c78c0e-869c-4f76-b4ce-2034448e0b80: start LeaderElection
2019-10-19 01:04:47,687 [a1c78c0e-869c-4f76-b4ce-2034448e0b80@group-D48B69A44692-LeaderElection273] INFO  impl.LeaderElection (LeaderElection.java:askForVotes(178)) - a1c78c0e-869c-4f76-b4ce-2034448e0b80@group-D48B69A44692-LeaderElection273: begin an election at term 166 for -1: [51276c3c-a3b8-4274-b089-592ff4589f41:192.168.157.213:36639, 64c90977-e867-487c-b50d-c226f2d34a76:192.168.157.213:37433, a1c78c0e-869c-4f76-b4ce-2034448e0b80:192.168.157.213:33501], old=null
2019-10-19 01:04:47,689 [grpc-default-executor-7] INFO  impl.RaftServerImpl (RaftServerImpl.java:setRole(184)) - 51276c3c-a3b8-4274-b089-592ff4589f41@group-D48B69A44692: changes role from  FOLLOWER to FOLLOWER at term 166 for recognizeCandidate:a1c78c0e-869c-4f76-b4ce-2034448e0b80
2019-10-19 01:04:47,689 [grpc-default-executor-7] INFO  impl.RoleInfo (RoleInfo.java:shutdownFollowerState(121)) - 51276c3c-a3b8-4274-b089-592ff4589f41: shutdown FollowerState
2019-10-19 01:04:47,689 [grpc-default-executor-5] INFO  impl.RaftServerImpl (RaftServerImpl.java:setRole(184)) - 64c90977-e867-487c-b50d-c226f2d34a76@group-D48B69A44692: changes role from  FOLLOWER to FOLLOWER at term 166 for recognizeCandidate:a1c78c0e-869c-4f76-b4ce-2034448e0b80
2019-10-19 01:04:47,689 [Thread-2267] INFO  impl.FollowerState (FollowerState.java:run(117)) - 51276c3c-a3b8-4274-b089-592ff4589f41@group-D48B69A44692-FollowerState was interrupted: java.lang.InterruptedException: sleep interrupted
2019-10-19 01:04:47,689 [grpc-default-executor-7] INFO  impl.RoleInfo (RoleInfo.java:updateAndGet(143)) - 51276c3c-a3b8-4274-b089-592ff4589f41: start FollowerState
2019-10-19 01:04:47,689 [grpc-default-executor-5] INFO  impl.RoleInfo (RoleInfo.java:shutdownFollowerState(121)) - 64c90977-e867-487c-b50d-c226f2d34a76: shutdown FollowerState
2019-10-19 01:04:47,690 [grpc-default-executor-5] INFO  impl.RoleInfo (RoleInfo.java:updateAndGet(143)) - 64c90977-e867-487c-b50d-c226f2d34a76: start FollowerState
2019-10-19 01:04:47,690 [Thread-2268] INFO  impl.FollowerState (FollowerState.java:run(117)) - 64c90977-e867-487c-b50d-c226f2d34a76@group-D48B69A44692-FollowerState was interrupted: java.lang.InterruptedException: sleep interrupted
2019-10-19 01:04:47,704 [a1c78c0e-869c-4f76-b4ce-2034448e0b80@group-D48B69A44692-LeaderElection273] INFO  impl.LeaderElection (LeaderElection.java:logAndReturn(56)) - a1c78c0e-869c-4f76-b4ce-2034448e0b80@group-D48B69A44692-LeaderElection273: Election REJECTED; received 2 response(s) [a1c78c0e-869c-4f76-b4ce-2034448e0b80<-51276c3c-a3b8-4274-b089-592ff4589f41#0:FAIL-t166, a1c78c0e-869c-4f76-b4ce-2034448e0b80<-64c90977-e867-487c-b50d-c226f2d34a76#0:FAIL-t166] and 0 exception(s); a1c78c0e-869c-4f76-b4ce-2034448e0b80@group-D48B69A44692:t166, leader=null, voted=a1c78c0e-869c-4f76-b4ce-2034448e0b80, raftlog=a1c78c0e-869c-4f76-b4ce-2034448e0b80@group-D48B69A44692-SegmentedRaftLog:OPENED:c-1,f-1,i0, conf=-1: [51276c3c-a3b8-4274-b089-592ff4589f41:192.168.157.213:36639, 64c90977-e867-487c-b50d-c226f2d34a76:192.168.157.213:37433, a1c78c0e-869c-4f76-b4ce-2034448e0b80:192.168.157.213:33501], old=null
2019-10-19 01:04:47,704 [a1c78c0e-869c-4f76-b4ce-2034448e0b80@group-D48B69A44692-LeaderElection273] INFO  impl.RaftServerImpl (RaftServerImpl.java:setRole(184)) - a1c78c0e-869c-4f76-b4ce-2034448e0b80@group-D48B69A44692: changes role from CANDIDATE to FOLLOWER at term 166 for DISCOVERED_A_NEW_TERM
2019-10-19 01:04:47,704 [a1c78c0e-869c-4f76-b4ce-2034448e0b80@group-D48B69A44692-LeaderElection273] INFO  impl.RoleInfo (RoleInfo.java:shutdownLeaderElection(134)) - a1c78c0e-869c-4f76-b4ce-2034448e0b80: shutdown LeaderElection
2019-10-19 01:04:47,704 [a1c78c0e-869c-4f76-b4ce-2034448e0b80@group-D48B69A44692-LeaderElection273] INFO  impl.RoleInfo (RoleInfo.java:updateAndGet(143)) - a1c78c0e-869c-4f76-b4ce-2034448e0b80: start FollowerState
2019-10-19 01:04:47,754 [Thread-2275] INFO  impl.FollowerState (FollowerState.java:run(108)) - a1c78c0e-869c-4f76-b4ce-2034448e0b80@group-D48B69A44692-FollowerState: change to CANDIDATE, lastRpcTime:49ms, electionTimeout:49ms
2019-10-19 01:04:47,754 [Thread-2275] INFO  impl.RoleInfo (RoleInfo.java:shutdownFollowerState(121)) - a1c78c0e-869c-4f76-b4ce-2034448e0b80: shutdown FollowerState
2019-10-19 01:04:47,754 [Thread-2275] INFO  impl.RaftServerImpl (RaftServerImpl.java:setRole(184)) - a1c78c0e-869c-4f76-b4ce-2034448e0b80@group-D48B69A44692: changes role from  FOLLOWER to CANDIDATE at term 166 for changeToCandidate
2019-10-19 01:04:47,754 [Thread-2275] INFO  impl.RoleInfo (RoleInfo.java:updateAndGet(143)) - a1c78c0e-869c-4f76-b4ce-2034448e0b80: start LeaderElection
2019-10-19 01:04:47,768 [a1c78c0e-869c-4f76-b4ce-2034448e0b80@group-D48B69A44692-LeaderElection274] INFO  impl.LeaderElection (LeaderElection.java:askForVotes(178)) - a1c78c0e-869c-4f76-b4ce-2034448e0b80@group-D48B69A44692-LeaderElection274: begin an election at term 167 for -1: [51276c3c-a3b8-4274-b089-592ff4589f41:192.168.157.213:36639, 64c90977-e867-487c-b50d-c226f2d34a76:192.168.157.213:37433, a1c78c0e-869c-4f76-b4ce-2034448e0b80:192.168.157.213:33501], old=null
2019-10-19 01:04:47,770 [grpc-default-executor-7] INFO  impl.RaftServerImpl (RaftServerImpl.java:setRole(184)) - 64c90977-e867-487c-b50d-c226f2d34a76@group-D48B69A44692: changes role from  FOLLOWER to FOLLOWER at term 167 for recognizeCandidate:a1c78c0e-869c-4f76-b4ce-2034448e0b80
2019-10-19 01:04:47,770 [grpc-default-executor-7] INFO  impl.RoleInfo (RoleInfo.java:shutdownFollowerState(121)) - 64c90977-e867-487c-b50d-c226f2d34a76: shutdown FollowerState
2019-10-19 01:04:47,770 [grpc-default-executor-5] INFO  impl.RaftServerImpl (RaftServerImpl.java:setRole(184)) - 51276c3c-a3b8-4274-b089-592ff4589f41@group-D48B69A44692: changes role from  FOLLOWER to FOLLOWER at term 167 for recognizeCandidate:a1c78c0e-869c-4f76-b4ce-2034448e0b80
2019-10-19 01:04:47,770 [Thread-2274] INFO  impl.FollowerState (FollowerState.java:run(117)) - 64c90977-e867-487c-b50d-c226f2d34a76@group-D48B69A44692-FollowerState was interrupted: java.lang.InterruptedException: sleep interrupted
2019-10-19 01:04:47,770 [grpc-default-executor-7] INFO  impl.RoleInfo (RoleInfo.java:updateAndGet(143)) - 64c90977-e867-487c-b50d-c226f2d34a76: start FollowerState
2019-10-19 01:04:47,770 [grpc-default-executor-5] INFO  impl.RoleInfo (RoleInfo.java:shutdownFollowerState(121)) - 51276c3c-a3b8-4274-b089-592ff4589f41: shutdown FollowerState
2019-10-19 01:04:47,771 [grpc-default-executor-5] INFO  impl.RoleInfo (RoleInfo.java:updateAndGet(143)) - 51276c3c-a3b8-4274-b089-592ff4589f41: start FollowerState
2019-10-19 01:04:47,771 [Thread-2273] INFO  impl.FollowerState (FollowerState.java:run(117)) - 51276c3c-a3b8-4274-b089-592ff4589f41@group-D48B69A44692-FollowerState was interrupted: java.lang.InterruptedException: sleep interrupted
2019-10-19 01:04:47,785 [a1c78c0e-869c-4f76-b4ce-2034448e0b80@group-D48B69A44692-LeaderElection274] INFO  impl.LeaderElection (LeaderElection.java:logAndReturn(56)) - a1c78c0e-869c-4f76-b4ce-2034448e0b80@group-D48B69A44692-LeaderElection274: Election REJECTED; received 2 response(s) [a1c78c0e-869c-4f76-b4ce-2034448e0b80<-51276c3c-a3b8-4274-b089-592ff4589f41#0:FAIL-t167, a1c78c0e-869c-4f76-b4ce-2034448e0b80<-64c90977-e867-487c-b50d-c226f2d34a76#0:FAIL-t167] and 0 exception(s); a1c78c0e-869c-4f76-b4ce-2034448e0b80@group-D48B69A44692:t167, leader=null, voted=a1c78c0e-869c-4f76-b4ce-2034448e0b80, raftlog=a1c78c0e-869c-4f76-b4ce-2034448e0b80@group-D48B69A44692-SegmentedRaftLog:OPENED:c-1,f-1,i0, conf=-1: [51276c3c-a3b8-4274-b089-592ff4589f41:192.168.157.213:36639, 64c90977-e867-487c-b50d-c226f2d34a76:192.168.157.213:37433, a1c78c0e-869c-4f76-b4ce-2034448e0b80:192.168.157.213:33501], old=null
2019-10-19 01:04:47,785 [a1c78c0e-869c-4f76-b4ce-2034448e0b80@group-D48B69A44692-LeaderElection274] INFO  impl.RaftServerImpl (RaftServerImpl.java:setRole(184)) - a1c78c0e-869c-4f76-b4ce-2034448e0b80@group-D48B69A44692: changes role from CANDIDATE to FOLLOWER at term 167 for DISCOVERED_A_NEW_TERM
2019-10-19 01:04:47,785 [a1c78c0e-869c-4f76-b4ce-2034448e0b80@group-D48B69A44692-LeaderElection274] INFO  impl.RoleInfo (RoleInfo.java:shutdownLeaderElection(134)) - a1c78c0e-869c-4f76-b4ce-2034448e0b80: shutdown LeaderElection
2019-10-19 01:04:47,785 [a1c78c0e-869c-4f76-b4ce-2034448e0b80@group-D48B69A44692-LeaderElection274] INFO  impl.RoleInfo (RoleInfo.java:updateAndGet(143)) - a1c78c0e-869c-4f76-b4ce-2034448e0b80: start FollowerState
2019-10-19 01:04:47,883 [Thread-2283] INFO  impl.FollowerState (FollowerState.java:run(108)) - a1c78c0e-869c-4f76-b4ce-2034448e0b80@group-D48B69A44692-FollowerState: change to CANDIDATE, lastRpcTime:98ms, electionTimeout:98ms
2019-10-19 01:04:47,884 [Thread-2283] INFO  impl.RoleInfo (RoleInfo.java:shutdownFollowerState(121)) - a1c78c0e-869c-4f76-b4ce-2034448e0b80: shutdown FollowerState
2019-10-19 01:04:47,884 [Thread-2283] INFO  impl.RaftServerImpl (RaftServerImpl.java:setRole(184)) - a1c78c0e-869c-4f76-b4ce-2034448e0b80@group-D48B69A44692: changes role from  FOLLOWER to CANDIDATE at term 167 for changeToCandidate
2019-10-19 01:04:47,884 [Thread-2283] INFO  impl.RoleInfo (RoleInfo.java:updateAndGet(143)) - a1c78c0e-869c-4f76-b4ce-2034448e0b80: start LeaderElection
2019-10-19 01:04:47,898 [a1c78c0e-869c-4f76-b4ce-2034448e0b80@group-D48B69A44692-LeaderElection275] INFO  impl.LeaderElection (LeaderElection.java:askForVotes(178)) - a1c78c0e-869c-4f76-b4ce-2034448e0b80@group-D48B69A44692-LeaderElection275: begin an election at term 168 for -1: [51276c3c-a3b8-4274-b089-592ff4589f41:192.168.157.213:36639, 64c90977-e867-487c-b50d-c226f2d34a76:192.168.157.213:37433, a1c78c0e-869c-4f76-b4ce-2034448e0b80:192.168.157.213:33501], old=null
2019-10-19 01:04:47,899 [grpc-default-executor-5] INFO  impl.RaftServerImpl (RaftServerImpl.java:setRole(184)) - 51276c3c-a3b8-4274-b089-592ff4589f41@group-D48B69A44692: changes role from  FOLLOWER to FOLLOWER at term 168 for recognizeCandidate:a1c78c0e-869c-4f76-b4ce-2034448e0b80
2019-10-19 01:04:47,899 [grpc-default-executor-5] INFO  impl.RoleInfo (RoleInfo.java:shutdownFollowerState(121)) - 51276c3c-a3b8-4274-b089-592ff4589f41: shutdown FollowerState
2019-10-19 01:04:47,900 [grpc-default-executor-5] INFO  impl.RoleInfo (RoleInfo.java:updateAndGet(143)) - 51276c3c-a3b8-4274-b089-592ff4589f41: start FollowerState
2019-10-19 01:04:47,900 [grpc-default-executor-7] INFO  impl.RaftServerImpl (RaftServerImpl.java:setRole(184)) - 64c90977-e867-487c-b50d-c226f2d34a76@group-D48B69A44692: changes role from  FOLLOWER to FOLLOWER at term 168 for recognizeCandidate:a1c78c0e-869c-4f76-b4ce-2034448e0b80
2019-10-19 01:04:47,900 [Thread-2280] INFO  impl.FollowerState (FollowerState.java:run(117)) - 51276c3c-a3b8-4274-b089-592ff4589f41@group-D48B69A44692-FollowerState was interrupted: java.lang.InterruptedException: sleep interrupted
2019-10-19 01:04:47,900 [grpc-default-executor-7] INFO  impl.RoleInfo (RoleInfo.java:shutdownFollowerState(121)) - 64c90977-e867-487c-b50d-c226f2d34a76: shutdown FollowerState
2019-10-19 01:04:47,900 [grpc-default-executor-7] INFO  impl.RoleInfo (RoleInfo.java:updateAndGet(143)) - 64c90977-e867-487c-b50d-c226f2d34a76: start FollowerState
2019-10-19 01:04:47,900 [Thread-2279] INFO  impl.FollowerState (FollowerState.java:run(117)) - 64c90977-e867-487c-b50d-c226f2d34a76@group-D48B69A44692-FollowerState was interrupted: java.lang.InterruptedException: sleep interrupted
2019-10-19 01:04:47,914 [a1c78c0e-869c-4f76-b4ce-2034448e0b80@group-D48B69A44692-LeaderElection275] INFO  impl.LeaderElection (LeaderElection.java:logAndReturn(56)) - a1c78c0e-869c-4f76-b4ce-2034448e0b80@group-D48B69A44692-LeaderElection275: Election REJECTED; received 2 response(s) [a1c78c0e-869c-4f76-b4ce-2034448e0b80<-51276c3c-a3b8-4274-b089-592ff4589f41#0:FAIL-t168, a1c78c0e-869c-4f76-b4ce-2034448e0b80<-64c90977-e867-487c-b50d-c226f2d34a76#0:FAIL-t168] and 0 exception(s); a1c78c0e-869c-4f76-b4ce-2034448e0b80@group-D48B69A44692:t168, leader=null, voted=a1c78c0e-869c-4f76-b4ce-2034448e0b80, raftlog=a1c78c0e-869c-4f76-b4ce-2034448e0b80@group-D48B69A44692-SegmentedRaftLog:OPENED:c-1,f-1,i0, conf=-1: [51276c3c-a3b8-4274-b089-592ff4589f41:192.168.157.213:36639, 64c90977-e867-487c-b50d-c226f2d34a76:192.168.157.213:37433, a1c78c0e-869c-4f76-b4ce-2034448e0b80:192.168.157.213:33501], old=null
2019-10-19 01:04:47,914 [a1c78c0e-869c-4f76-b4ce-2034448e0b80@group-D48B69A44692-LeaderElection275] INFO  impl.RaftServerImpl (RaftServerImpl.java:setRole(184)) - a1c78c0e-869c-4f76-b4ce-2034448e0b80@group-D48B69A44692: changes role from CANDIDATE to FOLLOWER at term 168 for DISCOVERED_A_NEW_TERM
2019-10-19 01:04:47,914 [a1c78c0e-869c-4f76-b4ce-2034448e0b80@group-D48B69A44692-LeaderElection275] INFO  impl.RoleInfo (RoleInfo.java:shutdownLeaderElection(134)) - a1c78c0e-869c-4f76-b4ce-2034448e0b80: shutdown LeaderElection
2019-10-19 01:04:47,914 [a1c78c0e-869c-4f76-b4ce-2034448e0b80@group-D48B69A44692-LeaderElection275] INFO  impl.RoleInfo (RoleInfo.java:updateAndGet(143)) - a1c78c0e-869c-4f76-b4ce-2034448e0b80: start FollowerState
2019-10-19 01:04:48,026 [Thread-2290] INFO  impl.FollowerState (FollowerState.java:run(108)) - a1c78c0e-869c-4f76-b4ce-2034448e0b80@group-D48B69A44692-FollowerState: change to CANDIDATE, lastRpcTime:112ms, electionTimeout:112ms
2019-10-19 01:04:48,027 [Thread-2290] INFO  impl.RoleInfo (RoleInfo.java:shutdownFollowerState(121)) - a1c78c0e-869c-4f76-b4ce-2034448e0b80: shutdown FollowerState
2019-10-19 01:04:48,027 [Thread-2290] INFO  impl.RaftServerImpl (RaftServerImpl.java:setRole(184)) - a1c78c0e-869c-4f76-b4ce-2034448e0b80@group-D48B69A44692: changes role from  FOLLOWER to CANDIDATE at term 168 for changeToCandidate
2019-10-19 01:04:48,028 [Thread-2290] INFO  impl.RoleInfo (RoleInfo.java:updateAndGet(143)) - a1c78c0e-869c-4f76-b4ce-2034448e0b80: start LeaderElection
2019-10-19 01:04:48,034 [a1c78c0e-869c-4f76-b4ce-2034448e0b80@group-D48B69A44692-LeaderElection276] INFO  impl.LeaderElection (LeaderElection.java:askForVotes(178)) - a1c78c0e-869c-4f76-b4ce-2034448e0b80@group-D48B69A44692-LeaderElection276: begin an election at term 169 for -1: [51276c3c-a3b8-4274-b089-592ff4589f41:192.168.157.213:36639, 64c90977-e867-487c-b50d-c226f2d34a76:192.168.157.213:37433, a1c78c0e-869c-4f76-b4ce-2034448e0b80:192.168.157.213:33501], old=null
2019-10-19 01:04:48,047 [grpc-default-executor-5] INFO  impl.RaftServerImpl (RaftServerImpl.java:setRole(184)) - 64c90977-e867-487c-b50d-c226f2d34a76@group-D48B69A44692: changes role from  FOLLOWER to FOLLOWER at term 169 for recognizeCandidate:a1c78c0e-869c-4f76-b4ce-2034448e0b80
2019-10-19 01:04:48,047 [grpc-default-executor-5] INFO  impl.RoleInfo (RoleInfo.java:shutdownFollowerState(121)) - 64c90977-e867-487c-b50d-c226f2d34a76: shutdown FollowerState
2019-10-19 01:04:48,047 [grpc-default-executor-7] INFO  impl.RaftServerImpl (RaftServerImpl.java:setRole(184)) - 51276c3c-a3b8-4274-b089-592ff4589f41@group-D48B69A44692: changes role from  FOLLOWER to FOLLOWER at term 169 for recognizeCandidate:a1c78c0e-869c-4f76-b4ce-2034448e0b80
2019-10-19 01:04:48,047 [grpc-default-executor-7] INFO  impl.RoleInfo (RoleInfo.java:shutdownFollowerState(121)) - 51276c3c-a3b8-4274-b089-592ff4589f41: shutdown FollowerState
2019-10-19 01:04:48,048 [a1c78c0e-869c-4f76-b4ce-2034448e0b80@group-D48B69A44692-LeaderElection276] INFO  impl.LeaderElection (LeaderElection.java:logAndReturn(56)) - a1c78c0e-869c-4f76-b4ce-2034448e0b80@group-D48B69A44692-LeaderElection276: Election TIMEOUT; received 0 response(s) [] and 0 exception(s); a1c78c0e-869c-4f76-b4ce-2034448e0b80@group-D48B69A44692:t169, leader=null, voted=a1c78c0e-869c-4f76-b4ce-2034448e0b80, raftlog=a1c78c0e-869c-4f76-b4ce-2034448e0b80@group-D48B69A44692-SegmentedRaftLog:OPENED:c-1,f-1,i0, conf=-1: [51276c3c-a3b8-4274-b089-592ff4589f41:192.168.157.213:36639, 64c90977-e867-487c-b50d-c226f2d34a76:192.168.157.213:37433, a1c78c0e-869c-4f76-b4ce-2034448e0b80:192.168.157.213:33501], old=null
2019-10-19 01:04:48,061 [grpc-default-executor-7] INFO  impl.RoleInfo (RoleInfo.java:updateAndGet(143)) - 51276c3c-a3b8-4274-b089-592ff4589f41: start FollowerState
2019-10-19 01:04:48,061 [grpc-default-executor-5] INFO  impl.RoleInfo (RoleInfo.java:updateAndGet(143)) - 64c90977-e867-487c-b50d-c226f2d34a76: start FollowerState
2019-10-19 01:04:48,061 [Thread-2289] INFO  impl.FollowerState (FollowerState.java:run(117)) - 64c90977-e867-487c-b50d-c226f2d34a76@group-D48B69A44692-FollowerState was interrupted: java.lang.InterruptedException: sleep interrupted
2019-10-19 01:04:48,061 [Thread-2288] INFO  impl.FollowerState (FollowerState.java:run(117)) - 51276c3c-a3b8-4274-b089-592ff4589f41@group-D48B69A44692-FollowerState was interrupted: java.lang.InterruptedException: sleep interrupted
2019-10-19 01:04:48,074 [a1c78c0e-869c-4f76-b4ce-2034448e0b80@group-D48B69A44692-LeaderElection276] INFO  impl.LeaderElection (LeaderElection.java:askForVotes(178)) - a1c78c0e-869c-4f76-b4ce-2034448e0b80@group-D48B69A44692-LeaderElection276: begin an election at term 170 for -1: [51276c3c-a3b8-4274-b089-592ff4589f41:192.168.157.213:36639, 64c90977-e867-487c-b50d-c226f2d34a76:192.168.157.213:37433, a1c78c0e-869c-4f76-b4ce-2034448e0b80:192.168.157.213:33501], old=null
2019-10-19 01:04:48,077 [grpc-default-executor-7] INFO  impl.RaftServerImpl (RaftServerImpl.java:setRole(184)) - 51276c3c-a3b8-4274-b089-592ff4589f41@group-D48B69A44692: changes role from  FOLLOWER to FOLLOWER at term 170 for recognizeCandidate:a1c78c0e-869c-4f76-b4ce-2034448e0b80
2019-10-19 01:04:48,077 [grpc-default-executor-5] INFO  impl.RaftServerImpl (RaftServerImpl.java:setRole(184)) - 64c90977-e867-487c-b50d-c226f2d34a76@group-D48B69A44692: changes role from  FOLLOWER to FOLLOWER at term 170 for recognizeCandidate:a1c78c0e-869c-4f76-b4ce-2034448e0b80
2019-10-19 01:04:48,077 [grpc-default-executor-5] INFO  impl.RoleInfo (RoleInfo.java:shutdownFollowerState(121)) - 64c90977-e867-487c-b50d-c226f2d34a76: shutdown FollowerState
2019-10-19 01:04:48,077 [grpc-default-executor-7] INFO  impl.RoleInfo (RoleInfo.java:shutdownFollowerState(121)) - 51276c3c-a3b8-4274-b089-592ff4589f41: shutdown FollowerState
2019-10-19 01:04:48,091 [grpc-default-executor-7] INFO  impl.RoleInfo (RoleInfo.java:updateAndGet(143)) - 51276c3c-a3b8-4274-b089-592ff4589f41: start FollowerState
2019-10-19 01:04:48,091 [Thread-2294] INFO  impl.FollowerState (FollowerState.java:run(117)) - 51276c3c-a3b8-4274-b089-592ff4589f41@group-D48B69A44692-FollowerState was interrupted: java.lang.InterruptedException: sleep interrupted
2019-10-19 01:04:48,091 [Thread-2295] INFO  impl.FollowerState (FollowerState.java:run(117)) - 64c90977-e867-487c-b50d-c226f2d34a76@group-D48B69A44692-FollowerState was interrupted: java.lang.InterruptedException: sleep interrupted
2019-10-19 01:04:48,091 [grpc-default-executor-5] INFO  impl.RoleInfo (RoleInfo.java:updateAndGet(143)) - 64c90977-e867-487c-b50d-c226f2d34a76: start FollowerState
2019-10-19 01:04:48,106 [a1c78c0e-869c-4f76-b4ce-2034448e0b80@group-D48B69A44692-LeaderElection276] INFO  impl.LeaderElection (LeaderElection.java:logAndReturn(56)) - a1c78c0e-869c-4f76-b4ce-2034448e0b80@group-D48B69A44692-LeaderElection276: Election REJECTED; received 2 response(s) [a1c78c0e-869c-4f76-b4ce-2034448e0b80<-51276c3c-a3b8-4274-b089-592ff4589f41#0:FAIL-t170, a1c78c0e-869c-4f76-b4ce-2034448e0b80<-64c90977-e867-487c-b50d-c226f2d34a76#0:FAIL-t170] and 0 exception(s); a1c78c0e-869c-4f76-b4ce-2034448e0b80@group-D48B69A44692:t170, leader=null, voted=a1c78c0e-869c-4f76-b4ce-2034448e0b80, raftlog=a1c78c0e-869c-4f76-b4ce-2034448e0b80@group-D48B69A44692-SegmentedRaftLog:OPENED:c-1,f-1,i0, conf=-1: [51276c3c-a3b8-4274-b089-592ff4589f41:192.168.157.213:36639, 64c90977-e867-487c-b50d-c226f2d34a76:192.168.157.213:37433, a1c78c0e-869c-4f76-b4ce-2034448e0b80:192.168.157.213:33501], old=null
2019-10-19 01:04:48,106 [a1c78c0e-869c-4f76-b4ce-2034448e0b80@group-D48B69A44692-LeaderElection276] INFO  impl.RaftServerImpl (RaftServerImpl.java:setRole(184)) - a1c78c0e-869c-4f76-b4ce-2034448e0b80@group-D48B69A44692: changes role from CANDIDATE to FOLLOWER at term 170 for DISCOVERED_A_NEW_TERM
2019-10-19 01:04:48,106 [a1c78c0e-869c-4f76-b4ce-2034448e0b80@group-D48B69A44692-LeaderElection276] INFO  impl.RoleInfo (RoleInfo.java:shutdownLeaderElection(134)) - a1c78c0e-869c-4f76-b4ce-2034448e0b80: shutdown LeaderElection
2019-10-19 01:04:48,106 [a1c78c0e-869c-4f76-b4ce-2034448e0b80@group-D48B69A44692-LeaderElection276] INFO  impl.RoleInfo (RoleInfo.java:updateAndGet(143)) - a1c78c0e-869c-4f76-b4ce-2034448e0b80: start FollowerState
2019-10-19 01:04:48,117 [Thread-2300] INFO  impl.FollowerState (FollowerState.java:run(108)) - a1c78c0e-869c-4f76-b4ce-2034448e0b80@group-D48B69A44692-FollowerState: change to CANDIDATE, lastRpcTime:10ms, electionTimeout:10ms
2019-10-19 01:04:48,117 [Thread-2300] INFO  impl.RoleInfo (RoleInfo.java:shutdownFollowerState(121)) - a1c78c0e-869c-4f76-b4ce-2034448e0b80: shutdown FollowerState
2019-10-19 01:04:48,117 [Thread-2300] INFO  impl.RaftServerImpl (RaftServerImpl.java:setRole(184)) - a1c78c0e-869c-4f76-b4ce-2034448e0b80@group-D48B69A44692: changes role from  FOLLOWER to CANDIDATE at term 170 for changeToCandidate
2019-10-19 01:04:48,121 [Thread-2300] INFO  impl.RoleInfo (RoleInfo.java:updateAndGet(143)) - a1c78c0e-869c-4f76-b4ce-2034448e0b80: start LeaderElection
2019-10-19 01:04:48,144 [a1c78c0e-869c-4f76-b4ce-2034448e0b80@group-D48B69A44692-LeaderElection277] INFO  impl.LeaderElection (LeaderElection.java:askForVotes(178)) - a1c78c0e-869c-4f76-b4ce-2034448e0b80@group-D48B69A44692-LeaderElection277: begin an election at term 171 for -1: [51276c3c-a3b8-4274-b089-592ff4589f41:192.168.157.213:36639, 64c90977-e867-487c-b50d-c226f2d34a76:192.168.157.213:37433, a1c78c0e-869c-4f76-b4ce-2034448e0b80:192.168.157.213:33501], old=null
2019-10-19 01:04:48,153 [grpc-default-executor-5] INFO  impl.RaftServerImpl (RaftServerImpl.java:setRole(184)) - 64c90977-e867-487c-b50d-c226f2d34a76@group-D48B69A44692: changes role from  FOLLOWER to FOLLOWER at term 171 for recognizeCandidate:a1c78c0e-869c-4f76-b4ce-2034448e0b80
2019-10-19 01:04:48,153 [grpc-default-executor-7] INFO  impl.RaftServerImpl (RaftServerImpl.java:setRole(184)) - 51276c3c-a3b8-4274-b089-592ff4589f41@group-D48B69A44692: changes role from  FOLLOWER to FOLLOWER at term 171 for recognizeCandidate:a1c78c0e-869c-4f76-b4ce-2034448e0b80
2019-10-19 01:04:48,153 [grpc-default-executor-7] INFO  impl.RoleInfo (RoleInfo.java:shutdownFollowerState(121)) - 51276c3c-a3b8-4274-b089-592ff4589f41: shutdown FollowerState
2019-10-19 01:04:48,153 [grpc-default-executor-5] INFO  impl.RoleInfo (RoleInfo.java:shutdownFollowerState(121)) - 64c90977-e867-487c-b50d-c226f2d34a76: shutdown FollowerState
2019-10-19 01:04:48,153 [Thread-2298] INFO  impl.FollowerState (FollowerState.java:run(117)) - 51276c3c-a3b8-4274-b089-592ff4589f41@group-D48B69A44692-FollowerState was interrupted: java.lang.InterruptedException: sleep interrupted
2019-10-19 01:04:48,153 [grpc-default-executor-7] INFO  impl.RoleInfo (RoleInfo.java:updateAndGet(143)) - 51276c3c-a3b8-4274-b089-592ff4589f41: start FollowerState
2019-10-19 01:04:48,153 [Thread-2299] INFO  impl.FollowerState (FollowerState.java:run(117)) - 64c90977-e867-487c-b50d-c226f2d34a76@group-D48B69A44692-FollowerState was interrupted: java.lang.InterruptedException: sleep interrupted
2019-10-19 01:04:48,153 [grpc-default-executor-5] INFO  impl.RoleInfo (RoleInfo.java:updateAndGet(143)) - 64c90977-e867-487c-b50d-c226f2d34a76: start FollowerState
2019-10-19 01:04:48,174 [a1c78c0e-869c-4f76-b4ce-2034448e0b80@group-D48B69A44692-LeaderElection277] INFO  impl.LeaderElection (LeaderElection.java:logAndReturn(56)) - a1c78c0e-869c-4f76-b4ce-2034448e0b80@group-D48B69A44692-LeaderElection277: Election REJECTED; received 2 response(s) [a1c78c0e-869c-4f76-b4ce-2034448e0b80<-51276c3c-a3b8-4274-b089-592ff4589f41#0:FAIL-t171, a1c78c0e-869c-4f76-b4ce-2034448e0b80<-64c90977-e867-487c-b50d-c226f2d34a76#0:FAIL-t171] and 0 exception(s); a1c78c0e-869c-4f76-b4ce-2034448e0b80@group-D48B69A44692:t171, leader=null, voted=a1c78c0e-869c-4f76-b4ce-2034448e0b80, raftlog=a1c78c0e-869c-4f76-b4ce-2034448e0b80@group-D48B69A44692-SegmentedRaftLog:OPENED:c-1,f-1,i0, conf=-1: [51276c3c-a3b8-4274-b089-592ff4589f41:192.168.157.213:36639, 64c90977-e867-487c-b50d-c226f2d34a76:192.168.157.213:37433, a1c78c0e-869c-4f76-b4ce-2034448e0b80:192.168.157.213:33501], old=null
2019-10-19 01:04:48,174 [a1c78c0e-869c-4f76-b4ce-2034448e0b80@group-D48B69A44692-LeaderElection277] INFO  impl.RaftServerImpl (RaftServerImpl.java:setRole(184)) - a1c78c0e-869c-4f76-b4ce-2034448e0b80@group-D48B69A44692: changes role from CANDIDATE to FOLLOWER at term 171 for DISCOVERED_A_NEW_TERM
2019-10-19 01:04:48,174 [a1c78c0e-869c-4f76-b4ce-2034448e0b80@group-D48B69A44692-LeaderElection277] INFO  impl.RoleInfo (RoleInfo.java:shutdownLeaderElection(134)) - a1c78c0e-869c-4f76-b4ce-2034448e0b80: shutdown LeaderElection
2019-10-19 01:04:48,175 [a1c78c0e-869c-4f76-b4ce-2034448e0b80@group-D48B69A44692-LeaderElection277] INFO  impl.RoleInfo (RoleInfo.java:updateAndGet(143)) - a1c78c0e-869c-4f76-b4ce-2034448e0b80: start FollowerState
2019-10-19 01:04:48,183 [java.util.concurrent.ThreadPoolExecutor$Worker@6bcea71[State = -1, empty queue]] WARN  server.GrpcLogAppender (GrpcLogAppender.java:timeoutAppendRequest(209)) - b26a8d60-58dc-431d-8168-f89a9ab35f3a@group-FB3B7D7D89E3->a54795b0-6c9c-4137-a866-f82f653c9bf9-GrpcLogAppender: appendEntries Timeout, request=b26a8d60-58dc-431d-8168-f89a9ab35f3a->a54795b0-6c9c-4137-a866-f82f653c9bf9#0-t129, previous=(t:3, i:0), leaderCommit=-1, initializing? false, entries: <empty>
2019-10-19 01:04:48,287 [Thread-2306] INFO  impl.FollowerState (FollowerState.java:run(108)) - a1c78c0e-869c-4f76-b4ce-2034448e0b80@group-D48B69A44692-FollowerState: change to CANDIDATE, lastRpcTime:112ms, electionTimeout:112ms
2019-10-19 01:04:48,287 [Thread-2306] INFO  impl.RoleInfo (RoleInfo.java:shutdownFollowerState(121)) - a1c78c0e-869c-4f76-b4ce-2034448e0b80: shutdown FollowerState
2019-10-19 01:04:48,287 [Thread-2306] INFO  impl.RaftServerImpl (RaftServerImpl.java:setRole(184)) - a1c78c0e-869c-4f76-b4ce-2034448e0b80@group-D48B69A44692: changes role from  FOLLOWER to CANDIDATE at term 171 for changeToCandidate
2019-10-19 01:04:48,287 [Thread-2306] INFO  impl.RoleInfo (RoleInfo.java:updateAndGet(143)) - a1c78c0e-869c-4f76-b4ce-2034448e0b80: start LeaderElection
2019-10-19 01:04:48,326 [a1c78c0e-869c-4f76-b4ce-2034448e0b80@group-D48B69A44692-LeaderElection278] INFO  impl.LeaderElection (LeaderElection.java:askForVotes(178)) - a1c78c0e-869c-4f76-b4ce-2034448e0b80@group-D48B69A44692-LeaderElection278: begin an election at term 172 for -1: [51276c3c-a3b8-4274-b089-592ff4589f41:192.168.157.213:36639, 64c90977-e867-487c-b50d-c226f2d34a76:192.168.157.213:37433, a1c78c0e-869c-4f76-b4ce-2034448e0b80:192.168.157.213:33501], old=null
2019-10-19 01:04:48,328 [grpc-default-executor-7] INFO  impl.RaftServerImpl (RaftServerImpl.java:setRole(184)) - 64c90977-e867-487c-b50d-c226f2d34a76@group-D48B69A44692: changes role from  FOLLOWER to FOLLOWER at term 172 for recognizeCandidate:a1c78c0e-869c-4f76-b4ce-2034448e0b80
2019-10-19 01:04:48,328 [grpc-default-executor-7] INFO  impl.RoleInfo (RoleInfo.java:shutdownFollowerState(121)) - 64c90977-e867-487c-b50d-c226f2d34a76: shutdown FollowerState
2019-10-19 01:04:48,328 [grpc-default-executor-5] INFO  impl.RaftServerImpl (RaftServerImpl.java:setRole(184)) - 51276c3c-a3b8-4274-b089-592ff4589f41@group-D48B69A44692: changes role from  FOLLOWER to FOLLOWER at term 172 for recognizeCandidate:a1c78c0e-869c-4f76-b4ce-2034448e0b80
2019-10-19 01:04:48,329 [Thread-2305] INFO  impl.FollowerState (FollowerState.java:run(117)) - 64c90977-e867-487c-b50d-c226f2d34a76@group-D48B69A44692-FollowerState was interrupted: java.lang.InterruptedException: sleep interrupted
2019-10-19 01:04:48,329 [grpc-default-executor-7] INFO  impl.RoleInfo (RoleInfo.java:updateAndGet(143)) - 64c90977-e867-487c-b50d-c226f2d34a76: start FollowerState
2019-10-19 01:04:48,329 [grpc-default-executor-5] INFO  impl.RoleInfo (RoleInfo.java:shutdownFollowerState(121)) - 51276c3c-a3b8-4274-b089-592ff4589f41: shutdown FollowerState
2019-10-19 01:04:48,329 [grpc-default-executor-5] INFO  impl.RoleInfo (RoleInfo.java:updateAndGet(143)) - 51276c3c-a3b8-4274-b089-592ff4589f41: start FollowerState
2019-10-19 01:04:48,329 [Thread-2304] INFO  impl.FollowerState (FollowerState.java:run(117)) - 51276c3c-a3b8-4274-b089-592ff4589f41@group-D48B69A44692-FollowerState was interrupted: java.lang.InterruptedException: sleep interrupted
2019-10-19 01:04:48,344 [a1c78c0e-869c-4f76-b4ce-2034448e0b80@group-D48B69A44692-LeaderElection278] INFO  impl.LeaderElection (LeaderElection.java:logAndReturn(56)) - a1c78c0e-869c-4f76-b4ce-2034448e0b80@group-D48B69A44692-LeaderElection278: Election REJECTED; received 2 response(s) [a1c78c0e-869c-4f76-b4ce-2034448e0b80<-51276c3c-a3b8-4274-b089-592ff4589f41#0:FAIL-t172, a1c78c0e-869c-4f76-b4ce-2034448e0b80<-64c90977-e867-487c-b50d-c226f2d34a76#0:FAIL-t172] and 0 exception(s); a1c78c0e-869c-4f76-b4ce-2034448e0b80@group-D48B69A44692:t172, leader=null, voted=a1c78c0e-869c-4f76-b4ce-2034448e0b80, raftlog=a1c78c0e-869c-4f76-b4ce-2034448e0b80@group-D48B69A44692-SegmentedRaftLog:OPENED:c-1,f-1,i0, conf=-1: [51276c3c-a3b8-4274-b089-592ff4589f41:192.168.157.213:36639, 64c90977-e867-487c-b50d-c226f2d34a76:192.168.157.213:37433, a1c78c0e-869c-4f76-b4ce-2034448e0b80:192.168.157.213:33501], old=null
2019-10-19 01:04:48,344 [a1c78c0e-869c-4f76-b4ce-2034448e0b80@group-D48B69A44692-LeaderElection278] INFO  impl.RaftServerImpl (RaftServerImpl.java:setRole(184)) - a1c78c0e-869c-4f76-b4ce-2034448e0b80@group-D48B69A44692: changes role from CANDIDATE to FOLLOWER at term 172 for DISCOVERED_A_NEW_TERM
2019-10-19 01:04:48,344 [a1c78c0e-869c-4f76-b4ce-2034448e0b80@group-D48B69A44692-LeaderElection278] INFO  impl.RoleInfo (RoleInfo.java:shutdownLeaderElection(134)) - a1c78c0e-869c-4f76-b4ce-2034448e0b80: shutdown LeaderElection
2019-10-19 01:04:48,344 [a1c78c0e-869c-4f76-b4ce-2034448e0b80@group-D48B69A44692-LeaderElection278] INFO  impl.RoleInfo (RoleInfo.java:updateAndGet(143)) - a1c78c0e-869c-4f76-b4ce-2034448e0b80: start FollowerState
2019-10-19 01:04:48,365 [Thread-2314] INFO  impl.FollowerState (FollowerState.java:run(108)) - a1c78c0e-869c-4f76-b4ce-2034448e0b80@group-D48B69A44692-FollowerState: change to CANDIDATE, lastRpcTime:21ms, electionTimeout:21ms
2019-10-19 01:04:48,365 [Thread-2314] INFO  impl.RoleInfo (RoleInfo.java:shutdownFollowerState(121)) - a1c78c0e-869c-4f76-b4ce-2034448e0b80: shutdown FollowerState
2019-10-19 01:04:48,365 [Thread-2314] INFO  impl.RaftServerImpl (RaftServerImpl.java:setRole(184)) - a1c78c0e-869c-4f76-b4ce-2034448e0b80@group-D48B69A44692: changes role from  FOLLOWER to CANDIDATE at term 172 for changeToCandidate
2019-10-19 01:04:48,366 [Thread-2314] INFO  impl.RoleInfo (RoleInfo.java:updateAndGet(143)) - a1c78c0e-869c-4f76-b4ce-2034448e0b80: start LeaderElection
2019-10-19 01:04:48,380 [a1c78c0e-869c-4f76-b4ce-2034448e0b80@group-D48B69A44692-LeaderElection279] INFO  impl.LeaderElection (LeaderElection.java:askForVotes(178)) - a1c78c0e-869c-4f76-b4ce-2034448e0b80@group-D48B69A44692-LeaderElection279: begin an election at term 173 for -1: [51276c3c-a3b8-4274-b089-592ff4589f41:192.168.157.213:36639, 64c90977-e867-487c-b50d-c226f2d34a76:192.168.157.213:37433, a1c78c0e-869c-4f76-b4ce-2034448e0b80:192.168.157.213:33501], old=null
2019-10-19 01:04:48,381 [grpc-default-executor-5] INFO  impl.RaftServerImpl (RaftServerImpl.java:setRole(184)) - 51276c3c-a3b8-4274-b089-592ff4589f41@group-D48B69A44692: changes role from  FOLLOWER to FOLLOWER at term 173 for recognizeCandidate:a1c78c0e-869c-4f76-b4ce-2034448e0b80
2019-10-19 01:04:48,381 [grpc-default-executor-7] INFO  impl.RaftServerImpl (RaftServerImpl.java:setRole(184)) - 64c90977-e867-487c-b50d-c226f2d34a76@group-D48B69A44692: changes role from  FOLLOWER to FOLLOWER at term 173 for recognizeCandidate:a1c78c0e-869c-4f76-b4ce-2034448e0b80
2019-10-19 01:04:48,382 [grpc-default-executor-7] INFO  impl.RoleInfo (RoleInfo.java:shutdownFollowerState(121)) - 64c90977-e867-487c-b50d-c226f2d34a76: shutdown FollowerState
2019-10-19 01:04:48,382 [grpc-default-executor-5] INFO  impl.RoleInfo (RoleInfo.java:shutdownFollowerState(121)) - 51276c3c-a3b8-4274-b089-592ff4589f41: shutdown FollowerState
2019-10-19 01:04:48,382 [Thread-2312] INFO  impl.FollowerState (FollowerState.java:run(117)) - 64c90977-e867-487c-b50d-c226f2d34a76@group-D48B69A44692-FollowerState was interrupted: java.lang.InterruptedException: sleep interrupted
2019-10-19 01:04:48,382 [grpc-default-executor-7] INFO  impl.RoleInfo (RoleInfo.java:updateAndGet(143)) - 64c90977-e867-487c-b50d-c226f2d34a76: start FollowerState
2019-10-19 01:04:48,382 [Thread-2313] INFO  impl.FollowerState (FollowerState.java:run(117)) - 51276c3c-a3b8-4274-b089-592ff4589f41@group-D48B69A44692-FollowerState was interrupted: java.lang.InterruptedException: sleep interrupted
2019-10-19 01:04:48,382 [grpc-default-executor-5] INFO  impl.RoleInfo (RoleInfo.java:updateAndGet(143)) - 51276c3c-a3b8-4274-b089-592ff4589f41: start FollowerState
2019-10-19 01:04:48,408 [a1c78c0e-869c-4f76-b4ce-2034448e0b80@group-D48B69A44692-LeaderElection279] INFO  impl.LeaderElection (LeaderElection.java:logAndReturn(56)) - a1c78c0e-869c-4f76-b4ce-2034448e0b80@group-D48B69A44692-LeaderElection279: Election REJECTED; received 2 response(s) [a1c78c0e-869c-4f76-b4ce-2034448e0b80<-51276c3c-a3b8-4274-b089-592ff4589f41#0:FAIL-t173, a1c78c0e-869c-4f76-b4ce-2034448e0b80<-64c90977-e867-487c-b50d-c226f2d34a76#0:FAIL-t173] and 0 exception(s); a1c78c0e-869c-4f76-b4ce-2034448e0b80@group-D48B69A44692:t173, leader=null, voted=a1c78c0e-869c-4f76-b4ce-2034448e0b80, raftlog=a1c78c0e-869c-4f76-b4ce-2034448e0b80@group-D48B69A44692-SegmentedRaftLog:OPENED:c-1,f-1,i0, conf=-1: [51276c3c-a3b8-4274-b089-592ff4589f41:192.168.157.213:36639, 64c90977-e867-487c-b50d-c226f2d34a76:192.168.157.213:37433, a1c78c0e-869c-4f76-b4ce-2034448e0b80:192.168.157.213:33501], old=null
2019-10-19 01:04:48,408 [a1c78c0e-869c-4f76-b4ce-2034448e0b80@group-D48B69A44692-LeaderElection279] INFO  impl.RaftServerImpl (RaftServerImpl.java:setRole(184)) - a1c78c0e-869c-4f76-b4ce-2034448e0b80@group-D48B69A44692: changes role from CANDIDATE to FOLLOWER at term 173 for DISCOVERED_A_NEW_TERM
2019-10-19 01:04:48,408 [a1c78c0e-869c-4f76-b4ce-2034448e0b80@group-D48B69A44692-LeaderElection279] INFO  impl.RoleInfo (RoleInfo.java:shutdownLeaderElection(134)) - a1c78c0e-869c-4f76-b4ce-2034448e0b80: shutdown LeaderElection
2019-10-19 01:04:48,409 [a1c78c0e-869c-4f76-b4ce-2034448e0b80@group-D48B69A44692-LeaderElection279] INFO  impl.RoleInfo (RoleInfo.java:updateAndGet(143)) - a1c78c0e-869c-4f76-b4ce-2034448e0b80: start FollowerState
2019-10-19 01:04:48,509 [Thread-2321] INFO  impl.FollowerState (FollowerState.java:run(108)) - a1c78c0e-869c-4f76-b4ce-2034448e0b80@group-D48B69A44692-FollowerState: change to CANDIDATE, lastRpcTime:100ms, electionTimeout:100ms
2019-10-19 01:04:48,509 [Thread-2321] INFO  impl.RoleInfo (RoleInfo.java:shutdownFollowerState(121)) - a1c78c0e-869c-4f76-b4ce-2034448e0b80: shutdown FollowerState
2019-10-19 01:04:48,509 [Thread-2321] INFO  impl.RaftServerImpl (RaftServerImpl.java:setRole(184)) - a1c78c0e-869c-4f76-b4ce-2034448e0b80@group-D48B69A44692: changes role from  FOLLOWER to CANDIDATE at term 173 for changeToCandidate
2019-10-19 01:04:48,509 [Thread-2321] INFO  impl.RoleInfo (RoleInfo.java:updateAndGet(143)) - a1c78c0e-869c-4f76-b4ce-2034448e0b80: start LeaderElection
2019-10-19 01:04:48,522 [a1c78c0e-869c-4f76-b4ce-2034448e0b80@group-D48B69A44692-LeaderElection280] INFO  impl.LeaderElection (LeaderElection.java:askForVotes(178)) - a1c78c0e-869c-4f76-b4ce-2034448e0b80@group-D48B69A44692-LeaderElection280: begin an election at term 174 for -1: [51276c3c-a3b8-4274-b089-592ff4589f41:192.168.157.213:36639, 64c90977-e867-487c-b50d-c226f2d34a76:192.168.157.213:37433, a1c78c0e-869c-4f76-b4ce-2034448e0b80:192.168.157.213:33501], old=null
2019-10-19 01:04:48,524 [grpc-default-executor-5] INFO  impl.RaftServerImpl (RaftServerImpl.java:setRole(184)) - 64c90977-e867-487c-b50d-c226f2d34a76@group-D48B69A44692: changes role from  FOLLOWER to FOLLOWER at term 174 for recognizeCandidate:a1c78c0e-869c-4f76-b4ce-2034448e0b80
2019-10-19 01:04:48,524 [grpc-default-executor-7] INFO  impl.RaftServerImpl (RaftServerImpl.java:setRole(184)) - 51276c3c-a3b8-4274-b089-592ff4589f41@group-D48B69A44692: changes role from  FOLLOWER to FOLLOWER at term 174 for recognizeCandidate:a1c78c0e-869c-4f76-b4ce-2034448e0b80
2019-10-19 01:04:48,524 [grpc-default-executor-5] INFO  impl.RoleInfo (RoleInfo.java:shutdownFollowerState(121)) - 64c90977-e867-487c-b50d-c226f2d34a76: shutdown FollowerState
2019-10-19 01:04:48,525 [grpc-default-executor-7] INFO  impl.RoleInfo (RoleInfo.java:shutdownFollowerState(121)) - 51276c3c-a3b8-4274-b089-592ff4589f41: shutdown FollowerState
2019-10-19 01:04:48,525 [Thread-2319] INFO  impl.FollowerState (FollowerState.java:run(117)) - 64c90977-e867-487c-b50d-c226f2d34a76@group-D48B69A44692-FollowerState was interrupted: java.lang.InterruptedException: sleep interrupted
2019-10-19 01:04:48,525 [grpc-default-executor-5] INFO  impl.RoleInfo (RoleInfo.java:updateAndGet(143)) - 64c90977-e867-487c-b50d-c226f2d34a76: start FollowerState
2019-10-19 01:04:48,525 [Thread-2320] INFO  impl.FollowerState (FollowerState.java:run(117)) - 51276c3c-a3b8-4274-b089-592ff4589f41@group-D48B69A44692-FollowerState was interrupted: java.lang.InterruptedException: sleep interrupted
2019-10-19 01:04:48,525 [grpc-default-executor-7] INFO  impl.RoleInfo (RoleInfo.java:updateAndGet(143)) - 51276c3c-a3b8-4274-b089-592ff4589f41: start FollowerState
2019-10-19 01:04:48,539 [a1c78c0e-869c-4f76-b4ce-2034448e0b80@group-D48B69A44692-LeaderElection280] INFO  impl.LeaderElection (LeaderElection.java:logAndReturn(56)) - a1c78c0e-869c-4f76-b4ce-2034448e0b80@group-D48B69A44692-LeaderElection280: Election REJECTED; received 2 response(s) [a1c78c0e-869c-4f76-b4ce-2034448e0b80<-51276c3c-a3b8-4274-b089-592ff4589f41#0:FAIL-t174, a1c78c0e-869c-4f76-b4ce-2034448e0b80<-64c90977-e867-487c-b50d-c226f2d34a76#0:FAIL-t174] and 0 exception(s); a1c78c0e-869c-4f76-b4ce-2034448e0b80@group-D48B69A44692:t174, leader=null, voted=a1c78c0e-869c-4f76-b4ce-2034448e0b80, raftlog=a1c78c0e-869c-4f76-b4ce-2034448e0b80@group-D48B69A44692-SegmentedRaftLog:OPENED:c-1,f-1,i0, conf=-1: [51276c3c-a3b8-4274-b089-592ff4589f41:192.168.157.213:36639, 64c90977-e867-487c-b50d-c226f2d34a76:192.168.157.213:37433, a1c78c0e-869c-4f76-b4ce-2034448e0b80:192.168.157.213:33501], old=null
2019-10-19 01:04:48,539 [a1c78c0e-869c-4f76-b4ce-2034448e0b80@group-D48B69A44692-LeaderElection280] INFO  impl.RaftServerImpl (RaftServerImpl.java:setRole(184)) - a1c78c0e-869c-4f76-b4ce-2034448e0b80@group-D48B69A44692: changes role from CANDIDATE to FOLLOWER at term 174 for DISCOVERED_A_NEW_TERM
2019-10-19 01:04:48,540 [a1c78c0e-869c-4f76-b4ce-2034448e0b80@group-D48B69A44692-LeaderElection280] INFO  impl.RoleInfo (RoleInfo.java:shutdownLeaderElection(134)) - a1c78c0e-869c-4f76-b4ce-2034448e0b80: shutdown LeaderElection
2019-10-19 01:04:48,540 [a1c78c0e-869c-4f76-b4ce-2034448e0b80@group-D48B69A44692-LeaderElection280] INFO  impl.RoleInfo (RoleInfo.java:updateAndGet(143)) - a1c78c0e-869c-4f76-b4ce-2034448e0b80: start FollowerState
2019-10-19 01:04:48,635 [Thread-2327] INFO  impl.FollowerState (FollowerState.java:run(108)) - a1c78c0e-869c-4f76-b4ce-2034448e0b80@group-D48B69A44692-FollowerState: change to CANDIDATE, lastRpcTime:95ms, electionTimeout:95ms
2019-10-19 01:04:48,635 [Thread-2327] INFO  impl.RoleInfo (RoleInfo.java:shutdownFollowerState(121)) - a1c78c0e-869c-4f76-b4ce-2034448e0b80: shutdown FollowerState
2019-10-19 01:04:48,635 [Thread-2327] INFO  impl.RaftServerImpl (RaftServerImpl.java:setRole(184)) - a1c78c0e-869c-4f76-b4ce-2034448e0b80@group-D48B69A44692: changes role from  FOLLOWER to CANDIDATE at term 174 for changeToCandidate
2019-10-19 01:04:48,635 [Thread-2327] INFO  impl.RoleInfo (RoleInfo.java:updateAndGet(143)) - a1c78c0e-869c-4f76-b4ce-2034448e0b80: start LeaderElection
2019-10-19 01:04:48,649 [a1c78c0e-869c-4f76-b4ce-2034448e0b80@group-D48B69A44692-LeaderElection281] INFO  impl.LeaderElection (LeaderElection.java:askForVotes(178)) - a1c78c0e-869c-4f76-b4ce-2034448e0b80@group-D48B69A44692-LeaderElection281: begin an election at term 175 for -1: [51276c3c-a3b8-4274-b089-592ff4589f41:192.168.157.213:36639, 64c90977-e867-487c-b50d-c226f2d34a76:192.168.157.213:37433, a1c78c0e-869c-4f76-b4ce-2034448e0b80:192.168.157.213:33501], old=null
2019-10-19 01:04:48,651 [grpc-default-executor-7] INFO  impl.RaftServerImpl (RaftServerImpl.java:setRole(184)) - 64c90977-e867-487c-b50d-c226f2d34a76@group-D48B69A44692: changes role from  FOLLOWER to FOLLOWER at term 175 for recognizeCandidate:a1c78c0e-869c-4f76-b4ce-2034448e0b80
2019-10-19 01:04:48,651 [grpc-default-executor-7] INFO  impl.RoleInfo (RoleInfo.java:shutdownFollowerState(121)) - 64c90977-e867-487c-b50d-c226f2d34a76: shutdown FollowerState
2019-10-19 01:04:48,651 [grpc-default-executor-5] INFO  impl.RaftServerImpl (RaftServerImpl.java:setRole(184)) - 51276c3c-a3b8-4274-b089-592ff4589f41@group-D48B69A44692: changes role from  FOLLOWER to FOLLOWER at term 175 for recognizeCandidate:a1c78c0e-869c-4f76-b4ce-2034448e0b80
2019-10-19 01:04:48,652 [grpc-default-executor-5] INFO  impl.RoleInfo (RoleInfo.java:shutdownFollowerState(121)) - 51276c3c-a3b8-4274-b089-592ff4589f41: shutdown FollowerState
2019-10-19 01:04:48,652 [Thread-2325] INFO  impl.FollowerState (FollowerState.java:run(117)) - 64c90977-e867-487c-b50d-c226f2d34a76@group-D48B69A44692-FollowerState was interrupted: java.lang.InterruptedException: sleep interrupted
2019-10-19 01:04:48,651 [grpc-default-executor-7] INFO  impl.RoleInfo (RoleInfo.java:updateAndGet(143)) - 64c90977-e867-487c-b50d-c226f2d34a76: start FollowerState
2019-10-19 01:04:48,652 [Thread-2326] INFO  impl.FollowerState (FollowerState.java:run(117)) - 51276c3c-a3b8-4274-b089-592ff4589f41@group-D48B69A44692-FollowerState was interrupted: java.lang.InterruptedException: sleep interrupted
2019-10-19 01:04:48,652 [grpc-default-executor-5] INFO  impl.RoleInfo (RoleInfo.java:updateAndGet(143)) - 51276c3c-a3b8-4274-b089-592ff4589f41: start FollowerState
2019-10-19 01:04:48,695 [a1c78c0e-869c-4f76-b4ce-2034448e0b80@group-D48B69A44692-LeaderElection281] INFO  impl.LeaderElection (LeaderElection.java:logAndReturn(56)) - a1c78c0e-869c-4f76-b4ce-2034448e0b80@group-D48B69A44692-LeaderElection281: Election REJECTED; received 2 response(s) [a1c78c0e-869c-4f76-b4ce-2034448e0b80<-51276c3c-a3b8-4274-b089-592ff4589f41#0:FAIL-t175, a1c78c0e-869c-4f76-b4ce-2034448e0b80<-64c90977-e867-487c-b50d-c226f2d34a76#0:FAIL-t175] and 0 exception(s); a1c78c0e-869c-4f76-b4ce-2034448e0b80@group-D48B69A44692:t175, leader=null, voted=a1c78c0e-869c-4f76-b4ce-2034448e0b80, raftlog=a1c78c0e-869c-4f76-b4ce-2034448e0b80@group-D48B69A44692-SegmentedRaftLog:OPENED:c-1,f-1,i0, conf=-1: [51276c3c-a3b8-4274-b089-592ff4589f41:192.168.157.213:36639, 64c90977-e867-487c-b50d-c226f2d34a76:192.168.157.213:37433, a1c78c0e-869c-4f76-b4ce-2034448e0b80:192.168.157.213:33501], old=null
2019-10-19 01:04:48,695 [a1c78c0e-869c-4f76-b4ce-2034448e0b80@group-D48B69A44692-LeaderElection281] INFO  impl.RaftServerImpl (RaftServerImpl.java:setRole(184)) - a1c78c0e-869c-4f76-b4ce-2034448e0b80@group-D48B69A44692: changes role from CANDIDATE to FOLLOWER at term 175 for DISCOVERED_A_NEW_TERM
2019-10-19 01:04:48,695 [a1c78c0e-869c-4f76-b4ce-2034448e0b80@group-D48B69A44692-LeaderElection281] INFO  impl.RoleInfo (RoleInfo.java:shutdownLeaderElection(134)) - a1c78c0e-869c-4f76-b4ce-2034448e0b80: shutdown LeaderElection
2019-10-19 01:04:48,696 [a1c78c0e-869c-4f76-b4ce-2034448e0b80@group-D48B69A44692-LeaderElection281] INFO  impl.RoleInfo (RoleInfo.java:updateAndGet(143)) - a1c78c0e-869c-4f76-b4ce-2034448e0b80: start FollowerState
2019-10-19 01:04:48,724 [Thread-2333] INFO  impl.FollowerState (FollowerState.java:run(108)) - a1c78c0e-869c-4f76-b4ce-2034448e0b80@group-D48B69A44692-FollowerState: change to CANDIDATE, lastRpcTime:28ms, electionTimeout:28ms
2019-10-19 01:04:48,724 [Thread-2333] INFO  impl.RoleInfo (RoleInfo.java:shutdownFollowerState(121)) - a1c78c0e-869c-4f76-b4ce-2034448e0b80: shutdown FollowerState
2019-10-19 01:04:48,724 [Thread-2333] INFO  impl.RaftServerImpl (RaftServerImpl.java:setRole(184)) - a1c78c0e-869c-4f76-b4ce-2034448e0b80@group-D48B69A44692: changes role from  FOLLOWER to CANDIDATE at term 175 for changeToCandidate
2019-10-19 01:04:48,724 [Thread-2333] INFO  impl.RoleInfo (RoleInfo.java:updateAndGet(143)) - a1c78c0e-869c-4f76-b4ce-2034448e0b80: start LeaderElection
2019-10-19 01:04:48,738 [a1c78c0e-869c-4f76-b4ce-2034448e0b80@group-D48B69A44692-LeaderElection282] INFO  impl.LeaderElection (LeaderElection.java:askForVotes(178)) - a1c78c0e-869c-4f76-b4ce-2034448e0b80@group-D48B69A44692-LeaderElection282: begin an election at term 176 for -1: [51276c3c-a3b8-4274-b089-592ff4589f41:192.168.157.213:36639, 64c90977-e867-487c-b50d-c226f2d34a76:192.168.157.213:37433, a1c78c0e-869c-4f76-b4ce-2034448e0b80:192.168.157.213:33501], old=null
2019-10-19 01:04:48,740 [grpc-default-executor-5] INFO  impl.RaftServerImpl (RaftServerImpl.java:setRole(184)) - 64c90977-e867-487c-b50d-c226f2d34a76@group-D48B69A44692: changes role from  FOLLOWER to FOLLOWER at term 176 for recognizeCandidate:a1c78c0e-869c-4f76-b4ce-2034448e0b80
2019-10-19 01:04:48,740 [grpc-default-executor-5] INFO  impl.RoleInfo (RoleInfo.java:shutdownFollowerState(121)) - 64c90977-e867-487c-b50d-c226f2d34a76: shutdown FollowerState
2019-10-19 01:04:48,740 [grpc-default-executor-7] INFO  impl.RaftServerImpl (RaftServerImpl.java:setRole(184)) - 51276c3c-a3b8-4274-b089-592ff4589f41@group-D48B69A44692: changes role from  FOLLOWER to FOLLOWER at term 176 for recognizeCandidate:a1c78c0e-869c-4f76-b4ce-2034448e0b80
2019-10-19 01:04:48,740 [Thread-2331] INFO  impl.FollowerState (FollowerState.java:run(117)) - 64c90977-e867-487c-b50d-c226f2d34a76@group-D48B69A44692-FollowerState was interrupted: java.lang.InterruptedException: sleep interrupted
2019-10-19 01:04:48,740 [grpc-default-executor-5] INFO  impl.RoleInfo (RoleInfo.java:updateAndGet(143)) - 64c90977-e867-487c-b50d-c226f2d34a76: start FollowerState
2019-10-19 01:04:48,740 [grpc-default-executor-7] INFO  impl.RoleInfo (RoleInfo.java:shutdownFollowerState(121)) - 51276c3c-a3b8-4274-b089-592ff4589f41: shutdown FollowerState
2019-10-19 01:04:48,741 [grpc-default-executor-7] INFO  impl.RoleInfo (RoleInfo.java:updateAndGet(143)) - 51276c3c-a3b8-4274-b089-592ff4589f41: start FollowerState
2019-10-19 01:04:48,741 [Thread-2332] INFO  impl.FollowerState (FollowerState.java:run(117)) - 51276c3c-a3b8-4274-b089-592ff4589f41@group-D48B69A44692-FollowerState was interrupted: java.lang.InterruptedException: sleep interrupted
2019-10-19 01:04:48,755 [a1c78c0e-869c-4f76-b4ce-2034448e0b80@group-D48B69A44692-LeaderElection282] INFO  impl.LeaderElection (LeaderElection.java:logAndReturn(56)) - a1c78c0e-869c-4f76-b4ce-2034448e0b80@group-D48B69A44692-LeaderElection282: Election REJECTED; received 2 response(s) [a1c78c0e-869c-4f76-b4ce-2034448e0b80<-51276c3c-a3b8-4274-b089-592ff4589f41#0:FAIL-t176, a1c78c0e-869c-4f76-b4ce-2034448e0b80<-64c90977-e867-487c-b50d-c226f2d34a76#0:FAIL-t176] and 0 exception(s); a1c78c0e-869c-4f76-b4ce-2034448e0b80@group-D48B69A44692:t176, leader=null, voted=a1c78c0e-869c-4f76-b4ce-2034448e0b80, raftlog=a1c78c0e-869c-4f76-b4ce-2034448e0b80@group-D48B69A44692-SegmentedRaftLog:OPENED:c-1,f-1,i0, conf=-1: [51276c3c-a3b8-4274-b089-592ff4589f41:192.168.157.213:36639, 64c90977-e867-487c-b50d-c226f2d34a76:192.168.157.213:37433, a1c78c0e-869c-4f76-b4ce-2034448e0b80:192.168.157.213:33501], old=null
2019-10-19 01:04:48,755 [a1c78c0e-869c-4f76-b4ce-2034448e0b80@group-D48B69A44692-LeaderElection282] INFO  impl.RaftServerImpl (RaftServerImpl.java:setRole(184)) - a1c78c0e-869c-4f76-b4ce-2034448e0b80@group-D48B69A44692: changes role from CANDIDATE to FOLLOWER at term 176 for DISCOVERED_A_NEW_TERM
2019-10-19 01:04:48,755 [a1c78c0e-869c-4f76-b4ce-2034448e0b80@group-D48B69A44692-LeaderElection282] INFO  impl.RoleInfo (RoleInfo.java:shutdownLeaderElection(134)) - a1c78c0e-869c-4f76-b4ce-2034448e0b80: shutdown LeaderElection
2019-10-19 01:04:48,755 [a1c78c0e-869c-4f76-b4ce-2034448e0b80@group-D48B69A44692-LeaderElection282] INFO  impl.RoleInfo (RoleInfo.java:updateAndGet(143)) - a1c78c0e-869c-4f76-b4ce-2034448e0b80: start FollowerState
2019-10-19 01:04:48,855 [Thread-2339] INFO  impl.FollowerState (FollowerState.java:run(108)) - a1c78c0e-869c-4f76-b4ce-2034448e0b80@group-D48B69A44692-FollowerState: change to CANDIDATE, lastRpcTime:99ms, electionTimeout:99ms
2019-10-19 01:04:48,855 [Thread-2339] INFO  impl.RoleInfo (RoleInfo.java:shutdownFollowerState(121)) - a1c78c0e-869c-4f76-b4ce-2034448e0b80: shutdown FollowerState
2019-10-19 01:04:48,855 [Thread-2339] INFO  impl.RaftServerImpl (RaftServerImpl.java:setRole(184)) - a1c78c0e-869c-4f76-b4ce-2034448e0b80@group-D48B69A44692: changes role from  FOLLOWER to CANDIDATE at term 176 for changeToCandidate
2019-10-19 01:04:48,855 [Thread-2339] INFO  impl.RoleInfo (RoleInfo.java:updateAndGet(143)) - a1c78c0e-869c-4f76-b4ce-2034448e0b80: start LeaderElection
2019-10-19 01:04:48,871 [a1c78c0e-869c-4f76-b4ce-2034448e0b80@group-D48B69A44692-LeaderElection283] INFO  impl.LeaderElection (LeaderElection.java:askForVotes(178)) - a1c78c0e-869c-4f76-b4ce-2034448e0b80@group-D48B69A44692-LeaderElection283: begin an election at term 177 for -1: [51276c3c-a3b8-4274-b089-592ff4589f41:192.168.157.213:36639, 64c90977-e867-487c-b50d-c226f2d34a76:192.168.157.213:37433, a1c78c0e-869c-4f76-b4ce-2034448e0b80:192.168.157.213:33501], old=null
2019-10-19 01:04:48,873 [grpc-default-executor-5] INFO  impl.RaftServerImpl (RaftServerImpl.java:setRole(184)) - 64c90977-e867-487c-b50d-c226f2d34a76@group-D48B69A44692: changes role from  FOLLOWER to FOLLOWER at term 177 for recognizeCandidate:a1c78c0e-869c-4f76-b4ce-2034448e0b80
2019-10-19 01:04:48,873 [grpc-default-executor-5] INFO  impl.RoleInfo (RoleInfo.java:shutdownFollowerState(121)) - 64c90977-e867-487c-b50d-c226f2d34a76: shutdown FollowerState
2019-10-19 01:04:48,873 [grpc-default-executor-7] INFO  impl.RaftServerImpl (RaftServerImpl.java:setRole(184)) - 51276c3c-a3b8-4274-b089-592ff4589f41@group-D48B69A44692: changes role from  FOLLOWER to FOLLOWER at term 177 for recognizeCandidate:a1c78c0e-869c-4f76-b4ce-2034448e0b80
2019-10-19 01:04:48,874 [grpc-default-executor-7] INFO  impl.RoleInfo (RoleInfo.java:shutdownFollowerState(121)) - 51276c3c-a3b8-4274-b089-592ff4589f41: shutdown FollowerState
2019-10-19 01:04:48,874 [Thread-2337] INFO  impl.FollowerState (FollowerState.java:run(117)) - 64c90977-e867-487c-b50d-c226f2d34a76@group-D48B69A44692-FollowerState was interrupted: java.lang.InterruptedException: sleep interrupted
2019-10-19 01:04:48,874 [Thread-2338] INFO  impl.FollowerState (FollowerState.java:run(117)) - 51276c3c-a3b8-4274-b089-592ff4589f41@group-D48B69A44692-FollowerState was interrupted: java.lang.InterruptedException: sleep interrupted
2019-10-19 01:04:48,874 [grpc-default-executor-5] INFO  impl.RoleInfo (RoleInfo.java:updateAndGet(143)) - 64c90977-e867-487c-b50d-c226f2d34a76: start FollowerState
2019-10-19 01:04:48,874 [grpc-default-executor-7] INFO  impl.RoleInfo (RoleInfo.java:updateAndGet(143)) - 51276c3c-a3b8-4274-b089-592ff4589f41: start FollowerState
2019-10-19 01:04:48,887 [a1c78c0e-869c-4f76-b4ce-2034448e0b80@group-D48B69A44692-LeaderElection283] INFO  impl.LeaderElection (LeaderElection.java:logAndReturn(56)) - a1c78c0e-869c-4f76-b4ce-2034448e0b80@group-D48B69A44692-LeaderElection283: Election REJECTED; received 2 response(s) [a1c78c0e-869c-4f76-b4ce-2034448e0b80<-51276c3c-a3b8-4274-b089-592ff4589f41#0:FAIL-t177, a1c78c0e-869c-4f76-b4ce-2034448e0b80<-64c90977-e867-487c-b50d-c226f2d34a76#0:FAIL-t177] and 0 exception(s); a1c78c0e-869c-4f76-b4ce-2034448e0b80@group-D48B69A44692:t177, leader=null, voted=a1c78c0e-869c-4f76-b4ce-2034448e0b80, raftlog=a1c78c0e-869c-4f76-b4ce-2034448e0b80@group-D48B69A44692-SegmentedRaftLog:OPENED:c-1,f-1,i0, conf=-1: [51276c3c-a3b8-4274-b089-592ff4589f41:192.168.157.213:36639, 64c90977-e867-487c-b50d-c226f2d34a76:192.168.157.213:37433, a1c78c0e-869c-4f76-b4ce-2034448e0b80:192.168.157.213:33501], old=null
2019-10-19 01:04:48,888 [a1c78c0e-869c-4f76-b4ce-2034448e0b80@group-D48B69A44692-LeaderElection283] INFO  impl.RaftServerImpl (RaftServerImpl.java:setRole(184)) - a1c78c0e-869c-4f76-b4ce-2034448e0b80@group-D48B69A44692: changes role from CANDIDATE to FOLLOWER at term 177 for DISCOVERED_A_NEW_TERM
2019-10-19 01:04:48,888 [a1c78c0e-869c-4f76-b4ce-2034448e0b80@group-D48B69A44692-LeaderElection283] INFO  impl.RoleInfo (RoleInfo.java:shutdownLeaderElection(134)) - a1c78c0e-869c-4f76-b4ce-2034448e0b80: shutdown LeaderElection
2019-10-19 01:04:48,888 [a1c78c0e-869c-4f76-b4ce-2034448e0b80@group-D48B69A44692-LeaderElection283] INFO  impl.RoleInfo (RoleInfo.java:updateAndGet(143)) - a1c78c0e-869c-4f76-b4ce-2034448e0b80: start FollowerState
2019-10-19 01:04:48,900 [Thread-2348] INFO  impl.FollowerState (FollowerState.java:run(108)) - a1c78c0e-869c-4f76-b4ce-2034448e0b80@group-D48B69A44692-FollowerState: change to CANDIDATE, lastRpcTime:12ms, electionTimeout:12ms
2019-10-19 01:04:48,901 [Thread-2348] INFO  impl.RoleInfo (RoleInfo.java:shutdownFollowerState(121)) - a1c78c0e-869c-4f76-b4ce-2034448e0b80: shutdown FollowerState
2019-10-19 01:04:48,901 [Thread-2348] INFO  impl.RaftServerImpl (RaftServerImpl.java:setRole(184)) - a1c78c0e-869c-4f76-b4ce-2034448e0b80@group-D48B69A44692: changes role from  FOLLOWER to CANDIDATE at term 177 for changeToCandidate
2019-10-19 01:04:48,901 [Thread-2348] INFO  impl.RoleInfo (RoleInfo.java:updateAndGet(143)) - a1c78c0e-869c-4f76-b4ce-2034448e0b80: start LeaderElection
2019-10-19 01:04:48,912 [a1c78c0e-869c-4f76-b4ce-2034448e0b80@group-D48B69A44692-LeaderElection284] INFO  impl.LeaderElection (LeaderElection.java:askForVotes(178)) - a1c78c0e-869c-4f76-b4ce-2034448e0b80@group-D48B69A44692-LeaderElection284: begin an election at term 178 for -1: [51276c3c-a3b8-4274-b089-592ff4589f41:192.168.157.213:36639, 64c90977-e867-487c-b50d-c226f2d34a76:192.168.157.213:37433, a1c78c0e-869c-4f76-b4ce-2034448e0b80:192.168.157.213:33501], old=null
2019-10-19 01:04:48,914 [grpc-default-executor-5] INFO  impl.RaftServerImpl (RaftServerImpl.java:setRole(184)) - 51276c3c-a3b8-4274-b089-592ff4589f41@group-D48B69A44692: changes role from  FOLLOWER to FOLLOWER at term 178 for recognizeCandidate:a1c78c0e-869c-4f76-b4ce-2034448e0b80
2019-10-19 01:04:48,915 [grpc-default-executor-5] INFO  impl.RoleInfo (RoleInfo.java:shutdownFollowerState(121)) - 51276c3c-a3b8-4274-b089-592ff4589f41: shutdown FollowerState
2019-10-19 01:04:48,914 [grpc-default-executor-7] INFO  impl.RaftServerImpl (RaftServerImpl.java:setRole(184)) - 64c90977-e867-487c-b50d-c226f2d34a76@group-D48B69A44692: changes role from  FOLLOWER to FOLLOWER at term 178 for recognizeCandidate:a1c78c0e-869c-4f76-b4ce-2034448e0b80
2019-10-19 01:04:48,915 [Thread-2347] INFO  impl.FollowerState (FollowerState.java:run(117)) - 51276c3c-a3b8-4274-b089-592ff4589f41@group-D48B69A44692-FollowerState was interrupted: java.lang.InterruptedException: sleep interrupted
2019-10-19 01:04:48,915 [grpc-default-executor-5] INFO  impl.RoleInfo (RoleInfo.java:updateAndGet(143)) - 51276c3c-a3b8-4274-b089-592ff4589f41: start FollowerState
2019-10-19 01:04:48,915 [grpc-default-executor-7] INFO  impl.RoleInfo (RoleInfo.java:shutdownFollowerState(121)) - 64c90977-e867-487c-b50d-c226f2d34a76: shutdown FollowerState
2019-10-19 01:04:48,915 [grpc-default-executor-7] INFO  impl.RoleInfo (RoleInfo.java:updateAndGet(143)) - 64c90977-e867-487c-b50d-c226f2d34a76: start FollowerState
2019-10-19 01:04:48,916 [Thread-2346] INFO  impl.FollowerState (FollowerState.java:run(117)) - 64c90977-e867-487c-b50d-c226f2d34a76@group-D48B69A44692-FollowerState was interrupted: java.lang.InterruptedException: sleep interrupted
2019-10-19 01:04:48,929 [a1c78c0e-869c-4f76-b4ce-2034448e0b80@group-D48B69A44692-LeaderElection284] INFO  impl.LeaderElection (LeaderElection.java:logAndReturn(56)) - a1c78c0e-869c-4f76-b4ce-2034448e0b80@group-D48B69A44692-LeaderElection284: Election REJECTED; received 2 response(s) [a1c78c0e-869c-4f76-b4ce-2034448e0b80<-51276c3c-a3b8-4274-b089-592ff4589f41#0:FAIL-t178, a1c78c0e-869c-4f76-b4ce-2034448e0b80<-64c90977-e867-487c-b50d-c226f2d34a76#0:FAIL-t178] and 0 exception(s); a1c78c0e-869c-4f76-b4ce-2034448e0b80@group-D48B69A44692:t178, leader=null, voted=a1c78c0e-869c-4f76-b4ce-2034448e0b80, raftlog=a1c78c0e-869c-4f76-b4ce-2034448e0b80@group-D48B69A44692-SegmentedRaftLog:OPENED:c-1,f-1,i0, conf=-1: [51276c3c-a3b8-4274-b089-592ff4589f41:192.168.157.213:36639, 64c90977-e867-487c-b50d-c226f2d34a76:192.168.157.213:37433, a1c78c0e-869c-4f76-b4ce-2034448e0b80:192.168.157.213:33501], old=null
2019-10-19 01:04:48,930 [a1c78c0e-869c-4f76-b4ce-2034448e0b80@group-D48B69A44692-LeaderElection284] INFO  impl.RaftServerImpl (RaftServerImpl.java:setRole(184)) - a1c78c0e-869c-4f76-b4ce-2034448e0b80@group-D48B69A44692: changes role from CANDIDATE to FOLLOWER at term 178 for DISCOVERED_A_NEW_TERM
2019-10-19 01:04:48,930 [a1c78c0e-869c-4f76-b4ce-2034448e0b80@group-D48B69A44692-LeaderElection284] INFO  impl.RoleInfo (RoleInfo.java:shutdownLeaderElection(134)) - a1c78c0e-869c-4f76-b4ce-2034448e0b80: shutdown LeaderElection
2019-10-19 01:04:48,930 [a1c78c0e-869c-4f76-b4ce-2034448e0b80@group-D48B69A44692-LeaderElection284] INFO  impl.RoleInfo (RoleInfo.java:updateAndGet(143)) - a1c78c0e-869c-4f76-b4ce-2034448e0b80: start FollowerState
2019-10-19 01:04:48,950 [Thread-2354] INFO  impl.FollowerState (FollowerState.java:run(108)) - a1c78c0e-869c-4f76-b4ce-2034448e0b80@group-D48B69A44692-FollowerState: change to CANDIDATE, lastRpcTime:20ms, electionTimeout:20ms
2019-10-19 01:04:48,950 [Thread-2354] INFO  impl.RoleInfo (RoleInfo.java:shutdownFollowerState(121)) - a1c78c0e-869c-4f76-b4ce-2034448e0b80: shutdown FollowerState
2019-10-19 01:04:48,950 [Thread-2354] INFO  impl.RaftServerImpl (RaftServerImpl.java:setRole(184)) - a1c78c0e-869c-4f76-b4ce-2034448e0b80@group-D48B69A44692: changes role from  FOLLOWER to CANDIDATE at term 178 for changeToCandidate
2019-10-19 01:04:48,950 [Thread-2354] INFO  impl.RoleInfo (RoleInfo.java:updateAndGet(143)) - a1c78c0e-869c-4f76-b4ce-2034448e0b80: start LeaderElection
2019-10-19 01:04:48,955 [a1c78c0e-869c-4f76-b4ce-2034448e0b80@group-D48B69A44692-LeaderElection285] INFO  impl.LeaderElection (LeaderElection.java:askForVotes(178)) - a1c78c0e-869c-4f76-b4ce-2034448e0b80@group-D48B69A44692-LeaderElection285: begin an election at term 179 for -1: [51276c3c-a3b8-4274-b089-592ff4589f41:192.168.157.213:36639, 64c90977-e867-487c-b50d-c226f2d34a76:192.168.157.213:37433, a1c78c0e-869c-4f76-b4ce-2034448e0b80:192.168.157.213:33501], old=null
2019-10-19 01:04:48,956 [grpc-default-executor-5] INFO  impl.RaftServerImpl (RaftServerImpl.java:setRole(184)) - 64c90977-e867-487c-b50d-c226f2d34a76@group-D48B69A44692: changes role from  FOLLOWER to FOLLOWER at term 179 for recognizeCandidate:a1c78c0e-869c-4f76-b4ce-2034448e0b80
2019-10-19 01:04:48,956 [grpc-default-executor-5] INFO  impl.RoleInfo (RoleInfo.java:shutdownFollowerState(121)) - 64c90977-e867-487c-b50d-c226f2d34a76: shutdown FollowerState
2019-10-19 01:04:48,956 [grpc-default-executor-7] INFO  impl.RaftServerImpl (RaftServerImpl.java:setRole(184)) - 51276c3c-a3b8-4274-b089-592ff4589f41@group-D48B69A44692: changes role from  FOLLOWER to FOLLOWER at term 179 for recognizeCandidate:a1c78c0e-869c-4f76-b4ce-2034448e0b80
2019-10-19 01:04:48,956 [Thread-2353] INFO  impl.FollowerState (FollowerState.java:run(117)) - 64c90977-e867-487c-b50d-c226f2d34a76@group-D48B69A44692-FollowerState was interrupted: java.lang.InterruptedException: sleep interrupted
2019-10-19 01:04:48,956 [grpc-default-executor-5] INFO  impl.RoleInfo (RoleInfo.java:updateAndGet(143)) - 64c90977-e867-487c-b50d-c226f2d34a76: start FollowerState
2019-10-19 01:04:48,957 [grpc-default-executor-7] INFO  impl.RoleInfo (RoleInfo.java:shutdownFollowerState(121)) - 51276c3c-a3b8-4274-b089-592ff4589f41: shutdown FollowerState
2019-10-19 01:04:48,957 [grpc-default-executor-7] INFO  impl.RoleInfo (RoleInfo.java:updateAndGet(143)) - 51276c3c-a3b8-4274-b089-592ff4589f41: start FollowerState
2019-10-19 01:04:48,957 [Thread-2352] INFO  impl.FollowerState (FollowerState.java:run(117)) - 51276c3c-a3b8-4274-b089-592ff4589f41@group-D48B69A44692-FollowerState was interrupted: java.lang.InterruptedException: sleep interrupted
2019-10-19 01:04:48,971 [a1c78c0e-869c-4f76-b4ce-2034448e0b80@group-D48B69A44692-LeaderElection285] INFO  impl.LeaderElection (LeaderElection.java:logAndReturn(56)) - a1c78c0e-869c-4f76-b4ce-2034448e0b80@group-D48B69A44692-LeaderElection285: Election REJECTED; received 2 response(s) [a1c78c0e-869c-4f76-b4ce-2034448e0b80<-51276c3c-a3b8-4274-b089-592ff4589f41#0:FAIL-t179, a1c78c0e-869c-4f76-b4ce-2034448e0b80<-64c90977-e867-487c-b50d-c226f2d34a76#0:FAIL-t179] and 0 exception(s); a1c78c0e-869c-4f76-b4ce-2034448e0b80@group-D48B69A44692:t179, leader=null, voted=a1c78c0e-869c-4f76-b4ce-2034448e0b80, raftlog=a1c78c0e-869c-4f76-b4ce-2034448e0b80@group-D48B69A44692-SegmentedRaftLog:OPENED:c-1,f-1,i0, conf=-1: [51276c3c-a3b8-4274-b089-592ff4589f41:192.168.157.213:36639, 64c90977-e867-487c-b50d-c226f2d34a76:192.168.157.213:37433, a1c78c0e-869c-4f76-b4ce-2034448e0b80:192.168.157.213:33501], old=null
2019-10-19 01:04:48,971 [a1c78c0e-869c-4f76-b4ce-2034448e0b80@group-D48B69A44692-LeaderElection285] INFO  impl.RaftServerImpl (RaftServerImpl.java:setRole(184)) - a1c78c0e-869c-4f76-b4ce-2034448e0b80@group-D48B69A44692: changes role from CANDIDATE to FOLLOWER at term 179 for DISCOVERED_A_NEW_TERM
2019-10-19 01:04:48,971 [a1c78c0e-869c-4f76-b4ce-2034448e0b80@group-D48B69A44692-LeaderElection285] INFO  impl.RoleInfo (RoleInfo.java:shutdownLeaderElection(134)) - a1c78c0e-869c-4f76-b4ce-2034448e0b80: shutdown LeaderElection
2019-10-19 01:04:48,971 [a1c78c0e-869c-4f76-b4ce-2034448e0b80@group-D48B69A44692-LeaderElection285] INFO  impl.RoleInfo (RoleInfo.java:updateAndGet(143)) - a1c78c0e-869c-4f76-b4ce-2034448e0b80: start FollowerState
2019-10-19 01:04:49,010 [Thread-2360] INFO  impl.FollowerState (FollowerState.java:run(108)) - a1c78c0e-869c-4f76-b4ce-2034448e0b80@group-D48B69A44692-FollowerState: change to CANDIDATE, lastRpcTime:38ms, electionTimeout:38ms
2019-10-19 01:04:49,010 [Thread-2360] INFO  impl.RoleInfo (RoleInfo.java:shutdownFollowerState(121)) - a1c78c0e-869c-4f76-b4ce-2034448e0b80: shutdown FollowerState
2019-10-19 01:04:49,010 [Thread-2360] INFO  impl.RaftServerImpl (RaftServerImpl.java:setRole(184)) - a1c78c0e-869c-4f76-b4ce-2034448e0b80@group-D48B69A44692: changes role from  FOLLOWER to CANDIDATE at term 179 for changeToCandidate
2019-10-19 01:04:49,010 [Thread-2360] INFO  impl.RoleInfo (RoleInfo.java:updateAndGet(143)) - a1c78c0e-869c-4f76-b4ce-2034448e0b80: start LeaderElection
2019-10-19 01:04:49,015 [a1c78c0e-869c-4f76-b4ce-2034448e0b80@group-D48B69A44692-LeaderElection286] INFO  impl.LeaderElection (LeaderElection.java:askForVotes(178)) - a1c78c0e-869c-4f76-b4ce-2034448e0b80@group-D48B69A44692-LeaderElection286: begin an election at term 180 for -1: [51276c3c-a3b8-4274-b089-592ff4589f41:192.168.157.213:36639, 64c90977-e867-487c-b50d-c226f2d34a76:192.168.157.213:37433, a1c78c0e-869c-4f76-b4ce-2034448e0b80:192.168.157.213:33501], old=null
2019-10-19 01:04:49,018 [grpc-default-executor-5] INFO  impl.RaftServerImpl (RaftServerImpl.java:setRole(184)) - 64c90977-e867-487c-b50d-c226f2d34a76@group-D48B69A44692: changes role from  FOLLOWER to FOLLOWER at term 180 for recognizeCandidate:a1c78c0e-869c-4f76-b4ce-2034448e0b80
2019-10-19 01:04:49,018 [grpc-default-executor-5] INFO  impl.RoleInfo (RoleInfo.java:shutdownFollowerState(121)) - 64c90977-e867-487c-b50d-c226f2d34a76: shutdown FollowerState
2019-10-19 01:04:49,018 [grpc-default-executor-7] INFO  impl.RaftServerImpl (RaftServerImpl.java:setRole(184)) - 51276c3c-a3b8-4274-b089-592ff4589f41@group-D48B69A44692: changes role from  FOLLOWER to FOLLOWER at term 180 for recognizeCandidate:a1c78c0e-869c-4f76-b4ce-2034448e0b80
2019-10-19 01:04:49,018 [grpc-default-executor-7] INFO  impl.RoleInfo (RoleInfo.java:shutdownFollowerState(121)) - 51276c3c-a3b8-4274-b089-592ff4589f41: shutdown FollowerState
2019-10-19 01:04:49,018 [Thread-2358] INFO  impl.FollowerState (FollowerState.java:run(117)) - 64c90977-e867-487c-b50d-c226f2d34a76@group-D48B69A44692-FollowerState was interrupted: java.lang.InterruptedException: sleep interrupted
2019-10-19 01:04:49,018 [grpc-default-executor-5] INFO  impl.RoleInfo (RoleInfo.java:updateAndGet(143)) - 64c90977-e867-487c-b50d-c226f2d34a76: start FollowerState
2019-10-19 01:04:49,018 [Thread-2359] INFO  impl.FollowerState (FollowerState.java:run(117)) - 51276c3c-a3b8-4274-b089-592ff4589f41@group-D48B69A44692-FollowerState was interrupted: java.lang.InterruptedException: sleep interrupted
2019-10-19 01:04:49,018 [grpc-default-executor-7] INFO  impl.RoleInfo (RoleInfo.java:updateAndGet(143)) - 51276c3c-a3b8-4274-b089-592ff4589f41: start FollowerState
2019-10-19 01:04:49,032 [a1c78c0e-869c-4f76-b4ce-2034448e0b80@group-D48B69A44692-LeaderElection286] INFO  impl.LeaderElection (LeaderElection.java:logAndReturn(56)) - a1c78c0e-869c-4f76-b4ce-2034448e0b80@group-D48B69A44692-LeaderElection286: Election REJECTED; received 2 response(s) [a1c78c0e-869c-4f76-b4ce-2034448e0b80<-51276c3c-a3b8-4274-b089-592ff4589f41#0:FAIL-t180, a1c78c0e-869c-4f76-b4ce-2034448e0b80<-64c90977-e867-487c-b50d-c226f2d34a76#0:FAIL-t180] and 0 exception(s); a1c78c0e-869c-4f76-b4ce-2034448e0b80@group-D48B69A44692:t180, leader=null, voted=a1c78c0e-869c-4f76-b4ce-2034448e0b80, raftlog=a1c78c0e-869c-4f76-b4ce-2034448e0b80@group-D48B69A44692-SegmentedRaftLog:OPENED:c-1,f-1,i0, conf=-1: [51276c3c-a3b8-4274-b089-592ff4589f41:192.168.157.213:36639, 64c90977-e867-487c-b50d-c226f2d34a76:192.168.157.213:37433, a1c78c0e-869c-4f76-b4ce-2034448e0b80:192.168.157.213:33501], old=null
2019-10-19 01:04:49,032 [a1c78c0e-869c-4f76-b4ce-2034448e0b80@group-D48B69A44692-LeaderElection286] INFO  impl.RaftServerImpl (RaftServerImpl.java:setRole(184)) - a1c78c0e-869c-4f76-b4ce-2034448e0b80@group-D48B69A44692: changes role from CANDIDATE to FOLLOWER at term 180 for DISCOVERED_A_NEW_TERM
2019-10-19 01:04:49,032 [a1c78c0e-869c-4f76-b4ce-2034448e0b80@group-D48B69A44692-LeaderElection286] INFO  impl.RoleInfo (RoleInfo.java:shutdownLeaderElection(134)) - a1c78c0e-869c-4f76-b4ce-2034448e0b80: shutdown LeaderElection
2019-10-19 01:04:49,032 [a1c78c0e-869c-4f76-b4ce-2034448e0b80@group-D48B69A44692-LeaderElection286] INFO  impl.RoleInfo (RoleInfo.java:updateAndGet(143)) - a1c78c0e-869c-4f76-b4ce-2034448e0b80: start FollowerState
2019-10-19 01:04:49,206 [Thread-2366] INFO  impl.FollowerState (FollowerState.java:run(108)) - a1c78c0e-869c-4f76-b4ce-2034448e0b80@group-D48B69A44692-FollowerState: change to CANDIDATE, lastRpcTime:173ms, electionTimeout:173ms
2019-10-19 01:04:49,206 [Thread-2366] INFO  impl.RoleInfo (RoleInfo.java:shutdownFollowerState(121)) - a1c78c0e-869c-4f76-b4ce-2034448e0b80: shutdown FollowerState
2019-10-19 01:04:49,206 [Thread-2366] INFO  impl.RaftServerImpl (RaftServerImpl.java:setRole(184)) - a1c78c0e-869c-4f76-b4ce-2034448e0b80@group-D48B69A44692: changes role from  FOLLOWER to CANDIDATE at term 180 for changeToCandidate
2019-10-19 01:04:49,206 [Thread-2366] INFO  impl.RoleInfo (RoleInfo.java:updateAndGet(143)) - a1c78c0e-869c-4f76-b4ce-2034448e0b80: start LeaderElection
2019-10-19 01:04:49,212 [a1c78c0e-869c-4f76-b4ce-2034448e0b80@group-D48B69A44692-LeaderElection287] INFO  impl.LeaderElection (LeaderElection.java:askForVotes(178)) - a1c78c0e-869c-4f76-b4ce-2034448e0b80@group-D48B69A44692-LeaderElection287: begin an election at term 181 for -1: [51276c3c-a3b8-4274-b089-592ff4589f41:192.168.157.213:36639, 64c90977-e867-487c-b50d-c226f2d34a76:192.168.157.213:37433, a1c78c0e-869c-4f76-b4ce-2034448e0b80:192.168.157.213:33501], old=null
2019-10-19 01:04:49,214 [grpc-default-executor-5] INFO  impl.RaftServerImpl (RaftServerImpl.java:setRole(184)) - 51276c3c-a3b8-4274-b089-592ff4589f41@group-D48B69A44692: changes role from  FOLLOWER to FOLLOWER at term 181 for recognizeCandidate:a1c78c0e-869c-4f76-b4ce-2034448e0b80
2019-10-19 01:04:49,214 [grpc-default-executor-7] INFO  impl.RaftServerImpl (RaftServerImpl.java:setRole(184)) - 64c90977-e867-487c-b50d-c226f2d34a76@group-D48B69A44692: changes role from  FOLLOWER to FOLLOWER at term 181 for recognizeCandidate:a1c78c0e-869c-4f76-b4ce-2034448e0b80
2019-10-19 01:04:49,214 [grpc-default-executor-5] INFO  impl.RoleInfo (RoleInfo.java:shutdownFollowerState(121)) - 51276c3c-a3b8-4274-b089-592ff4589f41: shutdown FollowerState
2019-10-19 01:04:49,214 [grpc-default-executor-7] INFO  impl.RoleInfo (RoleInfo.java:shutdownFollowerState(121)) - 64c90977-e867-487c-b50d-c226f2d34a76: shutdown FollowerState
2019-10-19 01:04:49,214 [Thread-2365] INFO  impl.FollowerState (FollowerState.java:run(117)) - 51276c3c-a3b8-4274-b089-592ff4589f41@group-D48B69A44692-FollowerState was interrupted: java.lang.InterruptedException: sleep interrupted
2019-10-19 01:04:49,214 [grpc-default-executor-5] INFO  impl.RoleInfo (RoleInfo.java:updateAndGet(143)) - 51276c3c-a3b8-4274-b089-592ff4589f41: start FollowerState
2019-10-19 01:04:49,214 [Thread-2364] INFO  impl.FollowerState (FollowerState.java:run(117)) - 64c90977-e867-487c-b50d-c226f2d34a76@group-D48B69A44692-FollowerState was interrupted: java.lang.InterruptedException: sleep interrupted
2019-10-19 01:04:49,214 [grpc-default-executor-7] INFO  impl.RoleInfo (RoleInfo.java:updateAndGet(143)) - 64c90977-e867-487c-b50d-c226f2d34a76: start FollowerState
2019-10-19 01:04:49,241 [a1c78c0e-869c-4f76-b4ce-2034448e0b80@group-D48B69A44692-LeaderElection287] INFO  impl.LeaderElection (LeaderElection.java:logAndReturn(56)) - a1c78c0e-869c-4f76-b4ce-2034448e0b80@group-D48B69A44692-LeaderElection287: Election REJECTED; received 2 response(s) [a1c78c0e-869c-4f76-b4ce-2034448e0b80<-51276c3c-a3b8-4274-b089-592ff4589f41#0:FAIL-t181, a1c78c0e-869c-4f76-b4ce-2034448e0b80<-64c90977-e867-487c-b50d-c226f2d34a76#0:FAIL-t181] and 0 exception(s); a1c78c0e-869c-4f76-b4ce-2034448e0b80@group-D48B69A44692:t181, leader=null, voted=a1c78c0e-869c-4f76-b4ce-2034448e0b80, raftlog=a1c78c0e-869c-4f76-b4ce-2034448e0b80@group-D48B69A44692-SegmentedRaftLog:OPENED:c-1,f-1,i0, conf=-1: [51276c3c-a3b8-4274-b089-592ff4589f41:192.168.157.213:36639, 64c90977-e867-487c-b50d-c226f2d34a76:192.168.157.213:37433, a1c78c0e-869c-4f76-b4ce-2034448e0b80:192.168.157.213:33501], old=null
2019-10-19 01:04:49,241 [a1c78c0e-869c-4f76-b4ce-2034448e0b80@group-D48B69A44692-LeaderElection287] INFO  impl.RaftServerImpl (RaftServerImpl.java:setRole(184)) - a1c78c0e-869c-4f76-b4ce-2034448e0b80@group-D48B69A44692: changes role from CANDIDATE to FOLLOWER at term 181 for DISCOVERED_A_NEW_TERM
2019-10-19 01:04:49,241 [a1c78c0e-869c-4f76-b4ce-2034448e0b80@group-D48B69A44692-LeaderElection287] INFO  impl.RoleInfo (RoleInfo.java:shutdownLeaderElection(134)) - a1c78c0e-869c-4f76-b4ce-2034448e0b80: shutdown LeaderElection
2019-10-19 01:04:49,241 [a1c78c0e-869c-4f76-b4ce-2034448e0b80@group-D48B69A44692-LeaderElection287] INFO  impl.RoleInfo (RoleInfo.java:updateAndGet(143)) - a1c78c0e-869c-4f76-b4ce-2034448e0b80: start FollowerState
2019-10-19 01:04:49,256 [ForkJoinPool.commonPool-worker-0] INFO  ozoneimpl.OzoneContainer (OzoneContainer.java:stop(227)) - Attempting to stop container services.
2019-10-19 01:04:49,257 [ForkJoinPool.commonPool-worker-0] INFO  impl.RaftServerProxy (RaftServerProxy.java:lambda$close$4(314)) - 51276c3c-a3b8-4274-b089-592ff4589f41: close
2019-10-19 01:04:49,257 [ForkJoinPool.commonPool-worker-0] INFO  impl.RaftServerImpl (RaftServerImpl.java:lambda$shutdown$3(261)) - 51276c3c-a3b8-4274-b089-592ff4589f41@group-D48B69A44692: shutdown
2019-10-19 01:04:49,257 [ForkJoinPool.commonPool-worker-0] INFO  util.JmxRegister (JmxRegister.java:unregister(73)) - Successfully un-registered JMX Bean with object name Ratis:service=RaftServer,group=group-D48B69A44692,id=51276c3c-a3b8-4274-b089-592ff4589f41
2019-10-19 01:04:49,257 [ForkJoinPool.commonPool-worker-0] INFO  impl.RoleInfo (RoleInfo.java:shutdownFollowerState(121)) - 51276c3c-a3b8-4274-b089-592ff4589f41: shutdown FollowerState
2019-10-19 01:04:49,257 [ForkJoinPool.commonPool-worker-0] INFO  impl.StateMachineUpdater (StateMachineUpdater.java:stopAndJoin(136)) - 51276c3c-a3b8-4274-b089-592ff4589f41@group-D48B69A44692-StateMachineUpdater: set stopIndex = 0
2019-10-19 01:04:49,257 [Thread-2370] INFO  impl.FollowerState (FollowerState.java:run(117)) - 51276c3c-a3b8-4274-b089-592ff4589f41@group-D48B69A44692-FollowerState was interrupted: java.lang.InterruptedException: sleep interrupted
2019-10-19 01:04:49,258 [ForkJoinPool.commonPool-worker-0] INFO  impl.RaftServerImpl (ServerState.java:close(388)) - 51276c3c-a3b8-4274-b089-592ff4589f41@group-D48B69A44692: closes. applyIndex: 0
2019-10-19 01:04:49,258 [51276c3c-a3b8-4274-b089-592ff4589f41@group-D48B69A44692-SegmentedRaftLogWorker] INFO  segmented.SegmentedRaftLogWorker (SegmentedRaftLogWorker.java:run(316)) - 51276c3c-a3b8-4274-b089-592ff4589f41@group-D48B69A44692-SegmentedRaftLogWorker was interrupted, exiting. There are 0 tasks remaining in the queue.
2019-10-19 01:04:49,261 [ForkJoinPool.commonPool-worker-0] INFO  segmented.SegmentedRaftLogWorker (SegmentedRaftLogWorker.java:close(224)) - 51276c3c-a3b8-4274-b089-592ff4589f41@group-D48B69A44692-SegmentedRaftLogWorker close()
2019-10-19 01:04:49,261 [main] INFO  ozoneimpl.OzoneContainer (OzoneContainer.java:stop(227)) - Attempting to stop container services.
2019-10-19 01:04:49,264 [ForkJoinPool.commonPool-worker-0] INFO  impl.RaftServerImpl (RaftServerImpl.java:lambda$shutdown$3(261)) - 51276c3c-a3b8-4274-b089-592ff4589f41@group-C04EA9408AEF: shutdown
2019-10-19 01:04:49,265 [main] INFO  impl.RaftServerProxy (RaftServerProxy.java:lambda$close$4(314)) - 16805c57-9f45-4377-8998-764a8f26e152: close
2019-10-19 01:04:49,265 [ForkJoinPool.commonPool-worker-0] INFO  util.JmxRegister (JmxRegister.java:unregister(73)) - Successfully un-registered JMX Bean with object name Ratis:service=RaftServer,group=group-C04EA9408AEF,id=51276c3c-a3b8-4274-b089-592ff4589f41
2019-10-19 01:04:49,265 [main] INFO  impl.RaftServerImpl (RaftServerImpl.java:lambda$shutdown$3(261)) - 16805c57-9f45-4377-8998-764a8f26e152@group-FB3B7D7D89E3: shutdown
2019-10-19 01:04:49,265 [ForkJoinPool.commonPool-worker-0] INFO  impl.RoleInfo (RoleInfo.java:shutdownLeaderState(104)) - 51276c3c-a3b8-4274-b089-592ff4589f41: shutdown LeaderState
2019-10-19 01:04:49,265 [main] INFO  util.JmxRegister (JmxRegister.java:unregister(73)) - Successfully un-registered JMX Bean with object name Ratis:service=RaftServer,group=group-FB3B7D7D89E3,id=16805c57-9f45-4377-8998-764a8f26e152
2019-10-19 01:04:49,266 [ForkJoinPool.commonPool-worker-0] INFO  impl.PendingRequests (PendingRequests.java:sendNotLeaderResponses(202)) - 51276c3c-a3b8-4274-b089-592ff4589f41@group-C04EA9408AEF-PendingRequests: sendNotLeaderResponses
2019-10-19 01:04:49,266 [main] INFO  impl.RoleInfo (RoleInfo.java:shutdownFollowerState(121)) - 16805c57-9f45-4377-8998-764a8f26e152: shutdown FollowerState
2019-10-19 01:04:49,266 [ForkJoinPool.commonPool-worker-0] INFO  impl.StateMachineUpdater (StateMachineUpdater.java:stopAndJoin(136)) - 51276c3c-a3b8-4274-b089-592ff4589f41@group-C04EA9408AEF-StateMachineUpdater: set stopIndex = 0
2019-10-19 01:04:49,266 [ForkJoinPool.commonPool-worker-0] INFO  impl.RaftServerImpl (ServerState.java:close(388)) - 51276c3c-a3b8-4274-b089-592ff4589f41@group-C04EA9408AEF: closes. applyIndex: 0
2019-10-19 01:04:49,266 [Thread-2102] INFO  impl.FollowerState (FollowerState.java:run(117)) - 16805c57-9f45-4377-8998-764a8f26e152@group-FB3B7D7D89E3-FollowerState was interrupted: java.lang.InterruptedException: sleep interrupted
2019-10-19 01:04:49,266 [main] INFO  impl.StateMachineUpdater (StateMachineUpdater.java:stopAndJoin(136)) - 16805c57-9f45-4377-8998-764a8f26e152@group-FB3B7D7D89E3-StateMachineUpdater: set stopIndex = 2
2019-10-19 01:04:49,267 [main] INFO  impl.RaftServerImpl (ServerState.java:close(388)) - 16805c57-9f45-4377-8998-764a8f26e152@group-FB3B7D7D89E3: closes. applyIndex: 2
2019-10-19 01:04:49,267 [51276c3c-a3b8-4274-b089-592ff4589f41@group-C04EA9408AEF-SegmentedRaftLogWorker] INFO  segmented.SegmentedRaftLogWorker (SegmentedRaftLogWorker.java:run(316)) - 51276c3c-a3b8-4274-b089-592ff4589f41@group-C04EA9408AEF-SegmentedRaftLogWorker was interrupted, exiting. There are 0 tasks remaining in the queue.
2019-10-19 01:04:49,268 [16805c57-9f45-4377-8998-764a8f26e152@group-FB3B7D7D89E3-SegmentedRaftLogWorker] INFO  segmented.SegmentedRaftLogWorker (SegmentedRaftLogWorker.java:run(316)) - 16805c57-9f45-4377-8998-764a8f26e152@group-FB3B7D7D89E3-SegmentedRaftLogWorker was interrupted, exiting. There are 0 tasks remaining in the queue.
2019-10-19 01:04:49,269 [ForkJoinPool.commonPool-worker-0] INFO  segmented.SegmentedRaftLogWorker (SegmentedRaftLogWorker.java:close(224)) - 51276c3c-a3b8-4274-b089-592ff4589f41@group-C04EA9408AEF-SegmentedRaftLogWorker close()
2019-10-19 01:04:49,271 [Thread-2372] INFO  impl.FollowerState (FollowerState.java:run(108)) - a1c78c0e-869c-4f76-b4ce-2034448e0b80@group-D48B69A44692-FollowerState: change to CANDIDATE, lastRpcTime:29ms, electionTimeout:29ms
2019-10-19 01:04:49,273 [Thread-2372] INFO  impl.RoleInfo (RoleInfo.java:shutdownFollowerState(121)) - a1c78c0e-869c-4f76-b4ce-2034448e0b80: shutdown FollowerState
2019-10-19 01:04:49,271 [main] INFO  segmented.SegmentedRaftLogWorker (SegmentedRaftLogWorker.java:close(224)) - 16805c57-9f45-4377-8998-764a8f26e152@group-FB3B7D7D89E3-SegmentedRaftLogWorker close()
2019-10-19 01:04:49,274 [Thread-2372] INFO  impl.RaftServerImpl (RaftServerImpl.java:setRole(184)) - a1c78c0e-869c-4f76-b4ce-2034448e0b80@group-D48B69A44692: changes role from  FOLLOWER to CANDIDATE at term 181 for changeToCandidate
2019-10-19 01:04:49,273 [ForkJoinPool.commonPool-worker-0] INFO  server.GrpcService (GrpcService.java:closeImpl(164)) - 51276c3c-a3b8-4274-b089-592ff4589f41: shutdown server with port 36639 now
2019-10-19 01:04:49,276 [Thread-2372] INFO  impl.RoleInfo (RoleInfo.java:updateAndGet(143)) - a1c78c0e-869c-4f76-b4ce-2034448e0b80: start LeaderElection
2019-10-19 01:04:49,276 [main] INFO  impl.RaftServerImpl (RaftServerImpl.java:lambda$shutdown$3(261)) - 16805c57-9f45-4377-8998-764a8f26e152@group-FCFEBB2FD2C1: shutdown
2019-10-19 01:04:49,277 [main] INFO  util.JmxRegister (JmxRegister.java:unregister(73)) - Successfully un-registered JMX Bean with object name Ratis:service=RaftServer,group=group-FCFEBB2FD2C1,id=16805c57-9f45-4377-8998-764a8f26e152
2019-10-19 01:04:49,277 [main] INFO  impl.RoleInfo (RoleInfo.java:shutdownLeaderState(104)) - 16805c57-9f45-4377-8998-764a8f26e152: shutdown LeaderState
2019-10-19 01:04:49,278 [main] INFO  impl.PendingRequests (PendingRequests.java:sendNotLeaderResponses(202)) - 16805c57-9f45-4377-8998-764a8f26e152@group-FCFEBB2FD2C1-PendingRequests: sendNotLeaderResponses
2019-10-19 01:04:49,278 [main] INFO  impl.StateMachineUpdater (StateMachineUpdater.java:stopAndJoin(136)) - 16805c57-9f45-4377-8998-764a8f26e152@group-FCFEBB2FD2C1-StateMachineUpdater: set stopIndex = 0
2019-10-19 01:04:49,278 [ForkJoinPool.commonPool-worker-0] INFO  server.GrpcService (GrpcService.java:closeImpl(172)) - 51276c3c-a3b8-4274-b089-592ff4589f41: shutdown server with port 36639 successfully
2019-10-19 01:04:49,278 [main] INFO  impl.RaftServerImpl (ServerState.java:close(388)) - 16805c57-9f45-4377-8998-764a8f26e152@group-FCFEBB2FD2C1: closes. applyIndex: 0
2019-10-19 01:04:49,279 [16805c57-9f45-4377-8998-764a8f26e152@group-FCFEBB2FD2C1-SegmentedRaftLogWorker] INFO  segmented.SegmentedRaftLogWorker (SegmentedRaftLogWorker.java:run(316)) - 16805c57-9f45-4377-8998-764a8f26e152@group-FCFEBB2FD2C1-SegmentedRaftLogWorker was interrupted, exiting. There are 0 tasks remaining in the queue.
2019-10-19 01:04:49,281 [main] INFO  segmented.SegmentedRaftLogWorker (SegmentedRaftLogWorker.java:close(224)) - 16805c57-9f45-4377-8998-764a8f26e152@group-FCFEBB2FD2C1-SegmentedRaftLogWorker close()
2019-10-19 01:04:49,281 [refreshUsed-/workdir/hadoop-ozone/integration-test/target/test-dir/MiniOzoneClusterImpl-08d89ad4-f612-48fc-8979-c1cb428f8ac2/datanode-3/data/containers] WARN  fs.CachingGetSpaceUsed (CachingGetSpaceUsed.java:run(183)) - Thread Interrupted waiting to refresh disk information: sleep interrupted
2019-10-19 01:04:49,284 [main] INFO  server.GrpcService (GrpcService.java:closeImpl(164)) - 16805c57-9f45-4377-8998-764a8f26e152: shutdown server with port 33728 now
2019-10-19 01:04:49,287 [grpc-default-executor-5] WARN  server.GrpcServerProtocolService (LogUtils.java:warn(134)) - 16805c57-9f45-4377-8998-764a8f26e152: installSnapshot onError, lastRequest: b26a8d60-58dc-431d-8168-f89a9ab35f3a->16805c57-9f45-4377-8998-764a8f26e152#10-t129, previous=(t:129, i:2), leaderCommit=2, initializing? false, entries: <empty>: org.apache.ratis.thirdparty.io.grpc.StatusRuntimeException: CANCELLED: cancelled before receiving half close
2019-10-19 01:04:49,287 [main] INFO  server.GrpcService (GrpcService.java:closeImpl(172)) - 16805c57-9f45-4377-8998-764a8f26e152: shutdown server with port 33728 successfully
2019-10-19 01:04:49,291 [grpc-default-executor-7] WARN  server.GrpcLogAppender (LogUtils.java:warn(134)) - b26a8d60-58dc-431d-8168-f89a9ab35f3a@group-FB3B7D7D89E3->16805c57-9f45-4377-8998-764a8f26e152-AppendLogResponseHandler: Failed appendEntries: org.apache.ratis.thirdparty.io.grpc.StatusRuntimeException: CANCELLED: HTTP/2 error code: CANCEL
Received Rst Stream
2019-10-19 01:04:49,293 [a1c78c0e-869c-4f76-b4ce-2034448e0b80@group-D48B69A44692-LeaderElection288] INFO  impl.LeaderElection (LeaderElection.java:askForVotes(178)) - a1c78c0e-869c-4f76-b4ce-2034448e0b80@group-D48B69A44692-LeaderElection288: begin an election at term 182 for -1: [51276c3c-a3b8-4274-b089-592ff4589f41:192.168.157.213:36639, 64c90977-e867-487c-b50d-c226f2d34a76:192.168.157.213:37433, a1c78c0e-869c-4f76-b4ce-2034448e0b80:192.168.157.213:33501], old=null
2019-10-19 01:04:49,296 [grpc-default-executor-7] INFO  impl.RaftServerImpl (RaftServerImpl.java:setRole(184)) - 64c90977-e867-487c-b50d-c226f2d34a76@group-D48B69A44692: changes role from  FOLLOWER to FOLLOWER at term 182 for recognizeCandidate:a1c78c0e-869c-4f76-b4ce-2034448e0b80
2019-10-19 01:04:49,297 [grpc-default-executor-7] INFO  impl.RoleInfo (RoleInfo.java:shutdownFollowerState(121)) - 64c90977-e867-487c-b50d-c226f2d34a76: shutdown FollowerState
2019-10-19 01:04:49,297 [grpc-default-executor-7] INFO  impl.RoleInfo (RoleInfo.java:updateAndGet(143)) - 64c90977-e867-487c-b50d-c226f2d34a76: start FollowerState
2019-10-19 01:04:49,297 [Thread-2371] INFO  impl.FollowerState (FollowerState.java:run(117)) - 64c90977-e867-487c-b50d-c226f2d34a76@group-D48B69A44692-FollowerState was interrupted: java.lang.InterruptedException: sleep interrupted
2019-10-19 01:04:49,297 [a1c78c0e-869c-4f76-b4ce-2034448e0b80@group-D48B69A44692-LeaderElection288] INFO  impl.LeaderElection (LogUtils.java:infoOrTrace(149)) - a1c78c0e-869c-4f76-b4ce-2034448e0b80@group-D48B69A44692-LeaderElection288 got exception when requesting votes: {}
java.util.concurrent.ExecutionException: org.apache.ratis.thirdparty.io.grpc.StatusRuntimeException: UNAVAILABLE: io exception
	at java.util.concurrent.FutureTask.report(FutureTask.java:122)
	at java.util.concurrent.FutureTask.get(FutureTask.java:192)
	at org.apache.ratis.server.impl.LeaderElection.waitForResults(LeaderElection.java:259)
	at org.apache.ratis.server.impl.LeaderElection.askForVotes(LeaderElection.java:197)
	at org.apache.ratis.server.impl.LeaderElection.run(LeaderElection.java:133)
	at java.lang.Thread.run(Thread.java:748)
Caused by: org.apache.ratis.thirdparty.io.grpc.StatusRuntimeException: UNAVAILABLE: io exception
	at org.apache.ratis.thirdparty.io.grpc.stub.ClientCalls.toStatusRuntimeException(ClientCalls.java:233)
	at org.apache.ratis.thirdparty.io.grpc.stub.ClientCalls.getUnchecked(ClientCalls.java:214)
	at org.apache.ratis.thirdparty.io.grpc.stub.ClientCalls.blockingUnaryCall(ClientCalls.java:139)
	at org.apache.ratis.proto.grpc.RaftServerProtocolServiceGrpc$RaftServerProtocolServiceBlockingStub.requestVote(RaftServerProtocolServiceGrpc.java:265)
	at org.apache.ratis.grpc.server.GrpcServerProtocolClient.requestVote(GrpcServerProtocolClient.java:99)
	at org.apache.ratis.grpc.server.GrpcService.requestVote(GrpcService.java:204)
	at org.apache.ratis.server.impl.LeaderElection.lambda$submitRequests$1(LeaderElection.java:234)
	at java.util.concurrent.FutureTask.run(FutureTask.java:266)
	at java.util.concurrent.Executors$RunnableAdapter.call(Executors.java:511)
	at java.util.concurrent.FutureTask.run(FutureTask.java:266)
	at java.util.concurrent.ThreadPoolExecutor.runWorker(ThreadPoolExecutor.java:1149)
	at java.util.concurrent.ThreadPoolExecutor$Worker.run(ThreadPoolExecutor.java:624)
	... 1 more
Caused by: org.apache.ratis.thirdparty.io.netty.channel.AbstractChannel$AnnotatedConnectException: Connection refused: /192.168.157.213:36639
	at sun.nio.ch.SocketChannelImpl.checkConnect(Native Method)
	at sun.nio.ch.SocketChannelImpl.finishConnect(SocketChannelImpl.java:717)
	at org.apache.ratis.thirdparty.io.netty.channel.socket.nio.NioSocketChannel.doFinishConnect(NioSocketChannel.java:327)
	at org.apache.ratis.thirdparty.io.netty.channel.nio.AbstractNioChannel$AbstractNioUnsafe.finishConnect(AbstractNioChannel.java:340)
	at org.apache.ratis.thirdparty.io.netty.channel.nio.NioEventLoop.processSelectedKey(NioEventLoop.java:632)
	at org.apache.ratis.thirdparty.io.netty.channel.nio.NioEventLoop.processSelectedKeysOptimized(NioEventLoop.java:579)
	at org.apache.ratis.thirdparty.io.netty.channel.nio.NioEventLoop.processSelectedKeys(NioEventLoop.java:496)
	at org.apache.ratis.thirdparty.io.netty.channel.nio.NioEventLoop.run(NioEventLoop.java:458)
	at org.apache.ratis.thirdparty.io.netty.util.concurrent.SingleThreadEventExecutor$5.run(SingleThreadEventExecutor.java:897)
	at org.apache.ratis.thirdparty.io.netty.util.concurrent.FastThreadLocalRunnable.run(FastThreadLocalRunnable.java:30)
	... 1 more
Caused by: java.net.ConnectException: Connection refused
	... 11 more
2019-10-19 01:04:49,298 [refreshUsed-/workdir/hadoop-ozone/integration-test/target/test-dir/MiniOzoneClusterImpl-08d89ad4-f612-48fc-8979-c1cb428f8ac2/datanode-6/data/containers] WARN  fs.CachingGetSpaceUsed (CachingGetSpaceUsed.java:run(183)) - Thread Interrupted waiting to refresh disk information: sleep interrupted
2019-10-19 01:04:49,302 [a1c78c0e-869c-4f76-b4ce-2034448e0b80@group-D48B69A44692-LeaderElection288] INFO  impl.LeaderElection (LeaderElection.java:logAndReturn(56)) - a1c78c0e-869c-4f76-b4ce-2034448e0b80@group-D48B69A44692-LeaderElection288: Election REJECTED; received 1 response(s) [a1c78c0e-869c-4f76-b4ce-2034448e0b80<-64c90977-e867-487c-b50d-c226f2d34a76#0:FAIL-t182] and 1 exception(s); a1c78c0e-869c-4f76-b4ce-2034448e0b80@group-D48B69A44692:t182, leader=null, voted=a1c78c0e-869c-4f76-b4ce-2034448e0b80, raftlog=a1c78c0e-869c-4f76-b4ce-2034448e0b80@group-D48B69A44692-SegmentedRaftLog:OPENED:c-1,f-1,i0, conf=-1: [51276c3c-a3b8-4274-b089-592ff4589f41:192.168.157.213:36639, 64c90977-e867-487c-b50d-c226f2d34a76:192.168.157.213:37433, a1c78c0e-869c-4f76-b4ce-2034448e0b80:192.168.157.213:33501], old=null
2019-10-19 01:04:49,303 [a1c78c0e-869c-4f76-b4ce-2034448e0b80@group-D48B69A44692-LeaderElection288] INFO  impl.LeaderElection (LogUtils.java:infoOrTrace(149)) -   Exception 0: {}
java.util.concurrent.ExecutionException: org.apache.ratis.thirdparty.io.grpc.StatusRuntimeException: UNAVAILABLE: io exception
	at java.util.concurrent.FutureTask.report(FutureTask.java:122)
	at java.util.concurrent.FutureTask.get(FutureTask.java:192)
	at org.apache.ratis.server.impl.LeaderElection.waitForResults(LeaderElection.java:259)
	at org.apache.ratis.server.impl.LeaderElection.askForVotes(LeaderElection.java:197)
	at org.apache.ratis.server.impl.LeaderElection.run(LeaderElection.java:133)
	at java.lang.Thread.run(Thread.java:748)
Caused by: org.apache.ratis.thirdparty.io.grpc.StatusRuntimeException: UNAVAILABLE: io exception
	at org.apache.ratis.thirdparty.io.grpc.stub.ClientCalls.toStatusRuntimeException(ClientCalls.java:233)
	at org.apache.ratis.thirdparty.io.grpc.stub.ClientCalls.getUnchecked(ClientCalls.java:214)
	at org.apache.ratis.thirdparty.io.grpc.stub.ClientCalls.blockingUnaryCall(ClientCalls.java:139)
	at org.apache.ratis.proto.grpc.RaftServerProtocolServiceGrpc$RaftServerProtocolServiceBlockingStub.requestVote(RaftServerProtocolServiceGrpc.java:265)
	at org.apache.ratis.grpc.server.GrpcServerProtocolClient.requestVote(GrpcServerProtocolClient.java:99)
	at org.apache.ratis.grpc.server.GrpcService.requestVote(GrpcService.java:204)
	at org.apache.ratis.server.impl.LeaderElection.lambda$submitRequests$1(LeaderElection.java:234)
	at java.util.concurrent.FutureTask.run(FutureTask.java:266)
	at java.util.concurrent.Executors$RunnableAdapter.call(Executors.java:511)
	at java.util.concurrent.FutureTask.run(FutureTask.java:266)
	at java.util.concurrent.ThreadPoolExecutor.runWorker(ThreadPoolExecutor.java:1149)
	at java.util.concurrent.ThreadPoolExecutor$Worker.run(ThreadPoolExecutor.java:624)
	... 1 more
Caused by: org.apache.ratis.thirdparty.io.netty.channel.AbstractChannel$AnnotatedConnectException: Connection refused: /192.168.157.213:36639
	at sun.nio.ch.SocketChannelImpl.checkConnect(Native Method)
	at sun.nio.ch.SocketChannelImpl.finishConnect(SocketChannelImpl.java:717)
	at org.apache.ratis.thirdparty.io.netty.channel.socket.nio.NioSocketChannel.doFinishConnect(NioSocketChannel.java:327)
	at org.apache.ratis.thirdparty.io.netty.channel.nio.AbstractNioChannel$AbstractNioUnsafe.finishConnect(AbstractNioChannel.java:340)
	at org.apache.ratis.thirdparty.io.netty.channel.nio.NioEventLoop.processSelectedKey(NioEventLoop.java:632)
	at org.apache.ratis.thirdparty.io.netty.channel.nio.NioEventLoop.processSelectedKeysOptimized(NioEventLoop.java:579)
	at org.apache.ratis.thirdparty.io.netty.channel.nio.NioEventLoop.processSelectedKeys(NioEventLoop.java:496)
	at org.apache.ratis.thirdparty.io.netty.channel.nio.NioEventLoop.run(NioEventLoop.java:458)
	at org.apache.ratis.thirdparty.io.netty.util.concurrent.SingleThreadEventExecutor$5.run(SingleThreadEventExecutor.java:897)
	at org.apache.ratis.thirdparty.io.netty.util.concurrent.FastThreadLocalRunnable.run(FastThreadLocalRunnable.java:30)
	... 1 more
Caused by: java.net.ConnectException: Connection refused
	... 11 more
2019-10-19 01:04:49,303 [a1c78c0e-869c-4f76-b4ce-2034448e0b80@group-D48B69A44692-LeaderElection288] INFO  impl.RaftServerImpl (RaftServerImpl.java:setRole(184)) - a1c78c0e-869c-4f76-b4ce-2034448e0b80@group-D48B69A44692: changes role from CANDIDATE to FOLLOWER at term 182 for DISCOVERED_A_NEW_TERM
2019-10-19 01:04:49,304 [a1c78c0e-869c-4f76-b4ce-2034448e0b80@group-D48B69A44692-LeaderElection288] INFO  impl.RoleInfo (RoleInfo.java:shutdownLeaderElection(134)) - a1c78c0e-869c-4f76-b4ce-2034448e0b80: shutdown LeaderElection
2019-10-19 01:04:49,304 [a1c78c0e-869c-4f76-b4ce-2034448e0b80@group-D48B69A44692-LeaderElection288] INFO  impl.RoleInfo (RoleInfo.java:updateAndGet(143)) - a1c78c0e-869c-4f76-b4ce-2034448e0b80: start FollowerState
2019-10-19 01:04:49,307 [ForkJoinPool.commonPool-worker-0] INFO  utils.BackgroundService (BackgroundService.java:shutdown(151)) - Shutting down service BlockDeletingService
2019-10-19 01:04:49,311 [ForkJoinPool.commonPool-worker-0] INFO  statemachine.DatanodeStateMachine (DatanodeStateMachine.java:stopDaemon(395)) - Ozone container server stopped.
2019-10-19 01:04:49,314 [ForkJoinPool.commonPool-worker-0] INFO  handler.ContextHandler (ContextHandler.java:doStop(910)) - Stopped o.e.j.w.WebAppContext@52d97ab6{/,null,UNAVAILABLE}{/hddsDatanode}
2019-10-19 01:04:49,315 [ForkJoinPool.commonPool-worker-0] INFO  server.AbstractConnector (AbstractConnector.java:doStop(318)) - Stopped ServerConnector@4da6d664{HTTP/1.1,[http/1.1]}{0.0.0.0:0}
2019-10-19 01:04:49,316 [ForkJoinPool.commonPool-worker-0] INFO  handler.ContextHandler (ContextHandler.java:doStop(910)) - Stopped o.e.j.s.ServletContextHandler@1a2bcd56{/static,jar:file:/home/user/.m2/repository/org/apache/hadoop/hadoop-hdds-container-service/0.5.0-SNAPSHOT/hadoop-hdds-container-service-0.5.0-SNAPSHOT.jar!/webapps/static,UNAVAILABLE}
2019-10-19 01:04:49,318 [ForkJoinPool.commonPool-worker-0] INFO  handler.ContextHandler (ContextHandler.java:doStop(910)) - Stopped o.e.j.s.ServletContextHandler@c27a3a2{/logs,file:///workdir/hadoop-ozone/integration-test/target/log,UNAVAILABLE}
2019-10-19 01:04:49,323 [main] INFO  utils.BackgroundService (BackgroundService.java:shutdown(151)) - Shutting down service BlockDeletingService
2019-10-19 01:04:49,327 [main] INFO  statemachine.DatanodeStateMachine (DatanodeStateMachine.java:stopDaemon(395)) - Ozone container server stopped.
2019-10-19 01:04:49,327 [main] INFO  handler.ContextHandler (ContextHandler.java:doStop(910)) - Stopped o.e.j.w.WebAppContext@934b52f{/,null,UNAVAILABLE}{/hddsDatanode}
2019-10-19 01:04:49,328 [main] INFO  server.AbstractConnector (AbstractConnector.java:doStop(318)) - Stopped ServerConnector@2630dbc4{HTTP/1.1,[http/1.1]}{0.0.0.0:0}
2019-10-19 01:04:49,328 [main] INFO  handler.ContextHandler (ContextHandler.java:doStop(910)) - Stopped o.e.j.s.ServletContextHandler@4228bf58{/static,jar:file:/home/user/.m2/repository/org/apache/hadoop/hadoop-hdds-container-service/0.5.0-SNAPSHOT/hadoop-hdds-container-service-0.5.0-SNAPSHOT.jar!/webapps/static,UNAVAILABLE}
2019-10-19 01:04:49,329 [main] INFO  handler.ContextHandler (ContextHandler.java:doStop(910)) - Stopped o.e.j.s.ServletContextHandler@6f94fb9d{/logs,file:///workdir/hadoop-ozone/integration-test/target/log,UNAVAILABLE}
2019-10-19 01:04:49,436 [Thread-2379] INFO  impl.FollowerState (FollowerState.java:run(108)) - a1c78c0e-869c-4f76-b4ce-2034448e0b80@group-D48B69A44692-FollowerState: change to CANDIDATE, lastRpcTime:132ms, electionTimeout:132ms
2019-10-19 01:04:49,436 [Thread-2379] INFO  impl.RoleInfo (RoleInfo.java:shutdownFollowerState(121)) - a1c78c0e-869c-4f76-b4ce-2034448e0b80: shutdown FollowerState
2019-10-19 01:04:49,436 [Thread-2379] INFO  impl.RaftServerImpl (RaftServerImpl.java:setRole(184)) - a1c78c0e-869c-4f76-b4ce-2034448e0b80@group-D48B69A44692: changes role from  FOLLOWER to CANDIDATE at term 182 for changeToCandidate
2019-10-19 01:04:49,436 [Thread-2379] INFO  impl.RoleInfo (RoleInfo.java:updateAndGet(143)) - a1c78c0e-869c-4f76-b4ce-2034448e0b80: start LeaderElection
2019-10-19 01:04:49,462 [a1c78c0e-869c-4f76-b4ce-2034448e0b80@group-D48B69A44692-LeaderElection289] INFO  impl.LeaderElection (LeaderElection.java:askForVotes(178)) - a1c78c0e-869c-4f76-b4ce-2034448e0b80@group-D48B69A44692-LeaderElection289: begin an election at term 183 for -1: [51276c3c-a3b8-4274-b089-592ff4589f41:192.168.157.213:36639, 64c90977-e867-487c-b50d-c226f2d34a76:192.168.157.213:37433, a1c78c0e-869c-4f76-b4ce-2034448e0b80:192.168.157.213:33501], old=null
2019-10-19 01:04:49,463 [a1c78c0e-869c-4f76-b4ce-2034448e0b80@group-D48B69A44692-LeaderElection289] INFO  impl.LeaderElection (LogUtils.java:infoOrTrace(149)) - a1c78c0e-869c-4f76-b4ce-2034448e0b80@group-D48B69A44692-LeaderElection289 got exception when requesting votes: {}
java.util.concurrent.ExecutionException: org.apache.ratis.thirdparty.io.grpc.StatusRuntimeException: UNAVAILABLE: io exception
	at java.util.concurrent.FutureTask.report(FutureTask.java:122)
	at java.util.concurrent.FutureTask.get(FutureTask.java:192)
	at org.apache.ratis.server.impl.LeaderElection.waitForResults(LeaderElection.java:259)
	at org.apache.ratis.server.impl.LeaderElection.askForVotes(LeaderElection.java:197)
	at org.apache.ratis.server.impl.LeaderElection.run(LeaderElection.java:133)
	at java.lang.Thread.run(Thread.java:748)
Caused by: org.apache.ratis.thirdparty.io.grpc.StatusRuntimeException: UNAVAILABLE: io exception
	at org.apache.ratis.thirdparty.io.grpc.stub.ClientCalls.toStatusRuntimeException(ClientCalls.java:233)
	at org.apache.ratis.thirdparty.io.grpc.stub.ClientCalls.getUnchecked(ClientCalls.java:214)
	at org.apache.ratis.thirdparty.io.grpc.stub.ClientCalls.blockingUnaryCall(ClientCalls.java:139)
	at org.apache.ratis.proto.grpc.RaftServerProtocolServiceGrpc$RaftServerProtocolServiceBlockingStub.requestVote(RaftServerProtocolServiceGrpc.java:265)
	at org.apache.ratis.grpc.server.GrpcServerProtocolClient.requestVote(GrpcServerProtocolClient.java:99)
	at org.apache.ratis.grpc.server.GrpcService.requestVote(GrpcService.java:204)
	at org.apache.ratis.server.impl.LeaderElection.lambda$submitRequests$1(LeaderElection.java:234)
	at java.util.concurrent.FutureTask.run(FutureTask.java:266)
	at java.util.concurrent.Executors$RunnableAdapter.call(Executors.java:511)
	at java.util.concurrent.FutureTask.run(FutureTask.java:266)
	at java.util.concurrent.ThreadPoolExecutor.runWorker(ThreadPoolExecutor.java:1149)
	at java.util.concurrent.ThreadPoolExecutor$Worker.run(ThreadPoolExecutor.java:624)
	... 1 more
Caused by: org.apache.ratis.thirdparty.io.netty.channel.AbstractChannel$AnnotatedConnectException: Connection refused: /192.168.157.213:36639
	at sun.nio.ch.SocketChannelImpl.checkConnect(Native Method)
	at sun.nio.ch.SocketChannelImpl.finishConnect(SocketChannelImpl.java:717)
	at org.apache.ratis.thirdparty.io.netty.channel.socket.nio.NioSocketChannel.doFinishConnect(NioSocketChannel.java:327)
	at org.apache.ratis.thirdparty.io.netty.channel.nio.AbstractNioChannel$AbstractNioUnsafe.finishConnect(AbstractNioChannel.java:340)
	at org.apache.ratis.thirdparty.io.netty.channel.nio.NioEventLoop.processSelectedKey(NioEventLoop.java:632)
	at org.apache.ratis.thirdparty.io.netty.channel.nio.NioEventLoop.processSelectedKeysOptimized(NioEventLoop.java:579)
	at org.apache.ratis.thirdparty.io.netty.channel.nio.NioEventLoop.processSelectedKeys(NioEventLoop.java:496)
	at org.apache.ratis.thirdparty.io.netty.channel.nio.NioEventLoop.run(NioEventLoop.java:458)
	at org.apache.ratis.thirdparty.io.netty.util.concurrent.SingleThreadEventExecutor$5.run(SingleThreadEventExecutor.java:897)
	at org.apache.ratis.thirdparty.io.netty.util.concurrent.FastThreadLocalRunnable.run(FastThreadLocalRunnable.java:30)
	... 1 more
Caused by: java.net.ConnectException: Connection refused
	... 11 more
2019-10-19 01:04:49,467 [grpc-default-executor-7] INFO  impl.RaftServerImpl (RaftServerImpl.java:setRole(184)) - 64c90977-e867-487c-b50d-c226f2d34a76@group-D48B69A44692: changes role from  FOLLOWER to FOLLOWER at term 183 for recognizeCandidate:a1c78c0e-869c-4f76-b4ce-2034448e0b80
2019-10-19 01:04:49,467 [grpc-default-executor-7] INFO  impl.RoleInfo (RoleInfo.java:shutdownFollowerState(121)) - 64c90977-e867-487c-b50d-c226f2d34a76: shutdown FollowerState
2019-10-19 01:04:49,467 [grpc-default-executor-7] INFO  impl.RoleInfo (RoleInfo.java:updateAndGet(143)) - 64c90977-e867-487c-b50d-c226f2d34a76: start FollowerState
2019-10-19 01:04:49,467 [Thread-2378] INFO  impl.FollowerState (FollowerState.java:run(117)) - 64c90977-e867-487c-b50d-c226f2d34a76@group-D48B69A44692-FollowerState was interrupted: java.lang.InterruptedException: sleep interrupted
2019-10-19 01:04:49,493 [a1c78c0e-869c-4f76-b4ce-2034448e0b80@group-D48B69A44692-LeaderElection289] INFO  impl.LeaderElection (LeaderElection.java:logAndReturn(56)) - a1c78c0e-869c-4f76-b4ce-2034448e0b80@group-D48B69A44692-LeaderElection289: Election REJECTED; received 1 response(s) [a1c78c0e-869c-4f76-b4ce-2034448e0b80<-64c90977-e867-487c-b50d-c226f2d34a76#0:FAIL-t183] and 1 exception(s); a1c78c0e-869c-4f76-b4ce-2034448e0b80@group-D48B69A44692:t183, leader=null, voted=a1c78c0e-869c-4f76-b4ce-2034448e0b80, raftlog=a1c78c0e-869c-4f76-b4ce-2034448e0b80@group-D48B69A44692-SegmentedRaftLog:OPENED:c-1,f-1,i0, conf=-1: [51276c3c-a3b8-4274-b089-592ff4589f41:192.168.157.213:36639, 64c90977-e867-487c-b50d-c226f2d34a76:192.168.157.213:37433, a1c78c0e-869c-4f76-b4ce-2034448e0b80:192.168.157.213:33501], old=null
2019-10-19 01:04:49,493 [a1c78c0e-869c-4f76-b4ce-2034448e0b80@group-D48B69A44692-LeaderElection289] INFO  impl.LeaderElection (LogUtils.java:infoOrTrace(149)) -   Exception 0: {}
java.util.concurrent.ExecutionException: org.apache.ratis.thirdparty.io.grpc.StatusRuntimeException: UNAVAILABLE: io exception
	at java.util.concurrent.FutureTask.report(FutureTask.java:122)
	at java.util.concurrent.FutureTask.get(FutureTask.java:192)
	at org.apache.ratis.server.impl.LeaderElection.waitForResults(LeaderElection.java:259)
	at org.apache.ratis.server.impl.LeaderElection.askForVotes(LeaderElection.java:197)
	at org.apache.ratis.server.impl.LeaderElection.run(LeaderElection.java:133)
	at java.lang.Thread.run(Thread.java:748)
Caused by: org.apache.ratis.thirdparty.io.grpc.StatusRuntimeException: UNAVAILABLE: io exception
	at org.apache.ratis.thirdparty.io.grpc.stub.ClientCalls.toStatusRuntimeException(ClientCalls.java:233)
	at org.apache.ratis.thirdparty.io.grpc.stub.ClientCalls.getUnchecked(ClientCalls.java:214)
	at org.apache.ratis.thirdparty.io.grpc.stub.ClientCalls.blockingUnaryCall(ClientCalls.java:139)
	at org.apache.ratis.proto.grpc.RaftServerProtocolServiceGrpc$RaftServerProtocolServiceBlockingStub.requestVote(RaftServerProtocolServiceGrpc.java:265)
	at org.apache.ratis.grpc.server.GrpcServerProtocolClient.requestVote(GrpcServerProtocolClient.java:99)
	at org.apache.ratis.grpc.server.GrpcService.requestVote(GrpcService.java:204)
	at org.apache.ratis.server.impl.LeaderElection.lambda$submitRequests$1(LeaderElection.java:234)
	at java.util.concurrent.FutureTask.run(FutureTask.java:266)
	at java.util.concurrent.Executors$RunnableAdapter.call(Executors.java:511)
	at java.util.concurrent.FutureTask.run(FutureTask.java:266)
	at java.util.concurrent.ThreadPoolExecutor.runWorker(ThreadPoolExecutor.java:1149)
	at java.util.concurrent.ThreadPoolExecutor$Worker.run(ThreadPoolExecutor.java:624)
	... 1 more
Caused by: org.apache.ratis.thirdparty.io.netty.channel.AbstractChannel$AnnotatedConnectException: Connection refused: /192.168.157.213:36639
	at sun.nio.ch.SocketChannelImpl.checkConnect(Native Method)
	at sun.nio.ch.SocketChannelImpl.finishConnect(SocketChannelImpl.java:717)
	at org.apache.ratis.thirdparty.io.netty.channel.socket.nio.NioSocketChannel.doFinishConnect(NioSocketChannel.java:327)
	at org.apache.ratis.thirdparty.io.netty.channel.nio.AbstractNioChannel$AbstractNioUnsafe.finishConnect(AbstractNioChannel.java:340)
	at org.apache.ratis.thirdparty.io.netty.channel.nio.NioEventLoop.processSelectedKey(NioEventLoop.java:632)
	at org.apache.ratis.thirdparty.io.netty.channel.nio.NioEventLoop.processSelectedKeysOptimized(NioEventLoop.java:579)
	at org.apache.ratis.thirdparty.io.netty.channel.nio.NioEventLoop.processSelectedKeys(NioEventLoop.java:496)
	at org.apache.ratis.thirdparty.io.netty.channel.nio.NioEventLoop.run(NioEventLoop.java:458)
	at org.apache.ratis.thirdparty.io.netty.util.concurrent.SingleThreadEventExecutor$5.run(SingleThreadEventExecutor.java:897)
	at org.apache.ratis.thirdparty.io.netty.util.concurrent.FastThreadLocalRunnable.run(FastThreadLocalRunnable.java:30)
	... 1 more
Caused by: java.net.ConnectException: Connection refused
	... 11 more
2019-10-19 01:04:49,494 [a1c78c0e-869c-4f76-b4ce-2034448e0b80@group-D48B69A44692-LeaderElection289] INFO  impl.RaftServerImpl (RaftServerImpl.java:setRole(184)) - a1c78c0e-869c-4f76-b4ce-2034448e0b80@group-D48B69A44692: changes role from CANDIDATE to FOLLOWER at term 183 for DISCOVERED_A_NEW_TERM
2019-10-19 01:04:49,494 [a1c78c0e-869c-4f76-b4ce-2034448e0b80@group-D48B69A44692-LeaderElection289] INFO  impl.RoleInfo (RoleInfo.java:shutdownLeaderElection(134)) - a1c78c0e-869c-4f76-b4ce-2034448e0b80: shutdown LeaderElection
2019-10-19 01:04:49,494 [a1c78c0e-869c-4f76-b4ce-2034448e0b80@group-D48B69A44692-LeaderElection289] INFO  impl.RoleInfo (RoleInfo.java:updateAndGet(143)) - a1c78c0e-869c-4f76-b4ce-2034448e0b80: start FollowerState
2019-10-19 01:04:49,686 [Thread-2384] INFO  impl.FollowerState (FollowerState.java:run(108)) - a1c78c0e-869c-4f76-b4ce-2034448e0b80@group-D48B69A44692-FollowerState: change to CANDIDATE, lastRpcTime:192ms, electionTimeout:192ms
2019-10-19 01:04:49,686 [Thread-2384] INFO  impl.RoleInfo (RoleInfo.java:shutdownFollowerState(121)) - a1c78c0e-869c-4f76-b4ce-2034448e0b80: shutdown FollowerState
2019-10-19 01:04:49,687 [Thread-2384] INFO  impl.RaftServerImpl (RaftServerImpl.java:setRole(184)) - a1c78c0e-869c-4f76-b4ce-2034448e0b80@group-D48B69A44692: changes role from  FOLLOWER to CANDIDATE at term 183 for changeToCandidate
2019-10-19 01:04:49,687 [Thread-2384] INFO  impl.RoleInfo (RoleInfo.java:updateAndGet(143)) - a1c78c0e-869c-4f76-b4ce-2034448e0b80: start LeaderElection
2019-10-19 01:04:49,701 [a1c78c0e-869c-4f76-b4ce-2034448e0b80@group-D48B69A44692-LeaderElection290] INFO  impl.LeaderElection (LeaderElection.java:askForVotes(178)) - a1c78c0e-869c-4f76-b4ce-2034448e0b80@group-D48B69A44692-LeaderElection290: begin an election at term 184 for -1: [51276c3c-a3b8-4274-b089-592ff4589f41:192.168.157.213:36639, 64c90977-e867-487c-b50d-c226f2d34a76:192.168.157.213:37433, a1c78c0e-869c-4f76-b4ce-2034448e0b80:192.168.157.213:33501], old=null
2019-10-19 01:04:49,702 [a1c78c0e-869c-4f76-b4ce-2034448e0b80@group-D48B69A44692-LeaderElection290] INFO  impl.LeaderElection (LogUtils.java:infoOrTrace(149)) - a1c78c0e-869c-4f76-b4ce-2034448e0b80@group-D48B69A44692-LeaderElection290 got exception when requesting votes: {}
java.util.concurrent.ExecutionException: org.apache.ratis.thirdparty.io.grpc.StatusRuntimeException: UNAVAILABLE: io exception
	at java.util.concurrent.FutureTask.report(FutureTask.java:122)
	at java.util.concurrent.FutureTask.get(FutureTask.java:192)
	at org.apache.ratis.server.impl.LeaderElection.waitForResults(LeaderElection.java:259)
	at org.apache.ratis.server.impl.LeaderElection.askForVotes(LeaderElection.java:197)
	at org.apache.ratis.server.impl.LeaderElection.run(LeaderElection.java:133)
	at java.lang.Thread.run(Thread.java:748)
Caused by: org.apache.ratis.thirdparty.io.grpc.StatusRuntimeException: UNAVAILABLE: io exception
	at org.apache.ratis.thirdparty.io.grpc.stub.ClientCalls.toStatusRuntimeException(ClientCalls.java:233)
	at org.apache.ratis.thirdparty.io.grpc.stub.ClientCalls.getUnchecked(ClientCalls.java:214)
	at org.apache.ratis.thirdparty.io.grpc.stub.ClientCalls.blockingUnaryCall(ClientCalls.java:139)
	at org.apache.ratis.proto.grpc.RaftServerProtocolServiceGrpc$RaftServerProtocolServiceBlockingStub.requestVote(RaftServerProtocolServiceGrpc.java:265)
	at org.apache.ratis.grpc.server.GrpcServerProtocolClient.requestVote(GrpcServerProtocolClient.java:99)
	at org.apache.ratis.grpc.server.GrpcService.requestVote(GrpcService.java:204)
	at org.apache.ratis.server.impl.LeaderElection.lambda$submitRequests$1(LeaderElection.java:234)
	at java.util.concurrent.FutureTask.run(FutureTask.java:266)
	at java.util.concurrent.Executors$RunnableAdapter.call(Executors.java:511)
	at java.util.concurrent.FutureTask.run(FutureTask.java:266)
	at java.util.concurrent.ThreadPoolExecutor.runWorker(ThreadPoolExecutor.java:1149)
	at java.util.concurrent.ThreadPoolExecutor$Worker.run(ThreadPoolExecutor.java:624)
	... 1 more
Caused by: org.apache.ratis.thirdparty.io.netty.channel.AbstractChannel$AnnotatedConnectException: Connection refused: /192.168.157.213:36639
	at sun.nio.ch.SocketChannelImpl.checkConnect(Native Method)
	at sun.nio.ch.SocketChannelImpl.finishConnect(SocketChannelImpl.java:717)
	at org.apache.ratis.thirdparty.io.netty.channel.socket.nio.NioSocketChannel.doFinishConnect(NioSocketChannel.java:327)
	at org.apache.ratis.thirdparty.io.netty.channel.nio.AbstractNioChannel$AbstractNioUnsafe.finishConnect(AbstractNioChannel.java:340)
	at org.apache.ratis.thirdparty.io.netty.channel.nio.NioEventLoop.processSelectedKey(NioEventLoop.java:632)
	at org.apache.ratis.thirdparty.io.netty.channel.nio.NioEventLoop.processSelectedKeysOptimized(NioEventLoop.java:579)
	at org.apache.ratis.thirdparty.io.netty.channel.nio.NioEventLoop.processSelectedKeys(NioEventLoop.java:496)
	at org.apache.ratis.thirdparty.io.netty.channel.nio.NioEventLoop.run(NioEventLoop.java:458)
	at org.apache.ratis.thirdparty.io.netty.util.concurrent.SingleThreadEventExecutor$5.run(SingleThreadEventExecutor.java:897)
	at org.apache.ratis.thirdparty.io.netty.util.concurrent.FastThreadLocalRunnable.run(FastThreadLocalRunnable.java:30)
	... 1 more
Caused by: java.net.ConnectException: Connection refused
	... 11 more
2019-10-19 01:04:49,705 [grpc-default-executor-7] INFO  impl.RaftServerImpl (RaftServerImpl.java:setRole(184)) - 64c90977-e867-487c-b50d-c226f2d34a76@group-D48B69A44692: changes role from  FOLLOWER to FOLLOWER at term 184 for recognizeCandidate:a1c78c0e-869c-4f76-b4ce-2034448e0b80
2019-10-19 01:04:49,705 [grpc-default-executor-7] INFO  impl.RoleInfo (RoleInfo.java:shutdownFollowerState(121)) - 64c90977-e867-487c-b50d-c226f2d34a76: shutdown FollowerState
2019-10-19 01:04:49,705 [grpc-default-executor-7] INFO  impl.RoleInfo (RoleInfo.java:updateAndGet(143)) - 64c90977-e867-487c-b50d-c226f2d34a76: start FollowerState
2019-10-19 01:04:49,705 [Thread-2383] INFO  impl.FollowerState (FollowerState.java:run(117)) - 64c90977-e867-487c-b50d-c226f2d34a76@group-D48B69A44692-FollowerState was interrupted: java.lang.InterruptedException: sleep interrupted
2019-10-19 01:04:49,728 [a1c78c0e-869c-4f76-b4ce-2034448e0b80@group-D48B69A44692-LeaderElection290] INFO  impl.LeaderElection (LeaderElection.java:logAndReturn(56)) - a1c78c0e-869c-4f76-b4ce-2034448e0b80@group-D48B69A44692-LeaderElection290: Election REJECTED; received 1 response(s) [a1c78c0e-869c-4f76-b4ce-2034448e0b80<-64c90977-e867-487c-b50d-c226f2d34a76#0:FAIL-t184] and 1 exception(s); a1c78c0e-869c-4f76-b4ce-2034448e0b80@group-D48B69A44692:t184, leader=null, voted=a1c78c0e-869c-4f76-b4ce-2034448e0b80, raftlog=a1c78c0e-869c-4f76-b4ce-2034448e0b80@group-D48B69A44692-SegmentedRaftLog:OPENED:c-1,f-1,i0, conf=-1: [51276c3c-a3b8-4274-b089-592ff4589f41:192.168.157.213:36639, 64c90977-e867-487c-b50d-c226f2d34a76:192.168.157.213:37433, a1c78c0e-869c-4f76-b4ce-2034448e0b80:192.168.157.213:33501], old=null
2019-10-19 01:04:49,728 [a1c78c0e-869c-4f76-b4ce-2034448e0b80@group-D48B69A44692-LeaderElection290] INFO  impl.LeaderElection (LogUtils.java:infoOrTrace(149)) -   Exception 0: {}
java.util.concurrent.ExecutionException: org.apache.ratis.thirdparty.io.grpc.StatusRuntimeException: UNAVAILABLE: io exception
	at java.util.concurrent.FutureTask.report(FutureTask.java:122)
	at java.util.concurrent.FutureTask.get(FutureTask.java:192)
	at org.apache.ratis.server.impl.LeaderElection.waitForResults(LeaderElection.java:259)
	at org.apache.ratis.server.impl.LeaderElection.askForVotes(LeaderElection.java:197)
	at org.apache.ratis.server.impl.LeaderElection.run(LeaderElection.java:133)
	at java.lang.Thread.run(Thread.java:748)
Caused by: org.apache.ratis.thirdparty.io.grpc.StatusRuntimeException: UNAVAILABLE: io exception
	at org.apache.ratis.thirdparty.io.grpc.stub.ClientCalls.toStatusRuntimeException(ClientCalls.java:233)
	at org.apache.ratis.thirdparty.io.grpc.stub.ClientCalls.getUnchecked(ClientCalls.java:214)
	at org.apache.ratis.thirdparty.io.grpc.stub.ClientCalls.blockingUnaryCall(ClientCalls.java:139)
	at org.apache.ratis.proto.grpc.RaftServerProtocolServiceGrpc$RaftServerProtocolServiceBlockingStub.requestVote(RaftServerProtocolServiceGrpc.java:265)
	at org.apache.ratis.grpc.server.GrpcServerProtocolClient.requestVote(GrpcServerProtocolClient.java:99)
	at org.apache.ratis.grpc.server.GrpcService.requestVote(GrpcService.java:204)
	at org.apache.ratis.server.impl.LeaderElection.lambda$submitRequests$1(LeaderElection.java:234)
	at java.util.concurrent.FutureTask.run(FutureTask.java:266)
	at java.util.concurrent.Executors$RunnableAdapter.call(Executors.java:511)
	at java.util.concurrent.FutureTask.run(FutureTask.java:266)
	at java.util.concurrent.ThreadPoolExecutor.runWorker(ThreadPoolExecutor.java:1149)
	at java.util.concurrent.ThreadPoolExecutor$Worker.run(ThreadPoolExecutor.java:624)
	... 1 more
Caused by: org.apache.ratis.thirdparty.io.netty.channel.AbstractChannel$AnnotatedConnectException: Connection refused: /192.168.157.213:36639
	at sun.nio.ch.SocketChannelImpl.checkConnect(Native Method)
	at sun.nio.ch.SocketChannelImpl.finishConnect(SocketChannelImpl.java:717)
	at org.apache.ratis.thirdparty.io.netty.channel.socket.nio.NioSocketChannel.doFinishConnect(NioSocketChannel.java:327)
	at org.apache.ratis.thirdparty.io.netty.channel.nio.AbstractNioChannel$AbstractNioUnsafe.finishConnect(AbstractNioChannel.java:340)
	at org.apache.ratis.thirdparty.io.netty.channel.nio.NioEventLoop.processSelectedKey(NioEventLoop.java:632)
	at org.apache.ratis.thirdparty.io.netty.channel.nio.NioEventLoop.processSelectedKeysOptimized(NioEventLoop.java:579)
	at org.apache.ratis.thirdparty.io.netty.channel.nio.NioEventLoop.processSelectedKeys(NioEventLoop.java:496)
	at org.apache.ratis.thirdparty.io.netty.channel.nio.NioEventLoop.run(NioEventLoop.java:458)
	at org.apache.ratis.thirdparty.io.netty.util.concurrent.SingleThreadEventExecutor$5.run(SingleThreadEventExecutor.java:897)
	at org.apache.ratis.thirdparty.io.netty.util.concurrent.FastThreadLocalRunnable.run(FastThreadLocalRunnable.java:30)
	... 1 more
Caused by: java.net.ConnectException: Connection refused
	... 11 more
2019-10-19 01:04:49,729 [a1c78c0e-869c-4f76-b4ce-2034448e0b80@group-D48B69A44692-LeaderElection290] INFO  impl.RaftServerImpl (RaftServerImpl.java:setRole(184)) - a1c78c0e-869c-4f76-b4ce-2034448e0b80@group-D48B69A44692: changes role from CANDIDATE to FOLLOWER at term 184 for DISCOVERED_A_NEW_TERM
2019-10-19 01:04:49,729 [a1c78c0e-869c-4f76-b4ce-2034448e0b80@group-D48B69A44692-LeaderElection290] INFO  impl.RoleInfo (RoleInfo.java:shutdownLeaderElection(134)) - a1c78c0e-869c-4f76-b4ce-2034448e0b80: shutdown LeaderElection
2019-10-19 01:04:49,729 [a1c78c0e-869c-4f76-b4ce-2034448e0b80@group-D48B69A44692-LeaderElection290] INFO  impl.RoleInfo (RoleInfo.java:updateAndGet(143)) - a1c78c0e-869c-4f76-b4ce-2034448e0b80: start FollowerState
2019-10-19 01:04:49,804 [Thread-2389] INFO  impl.FollowerState (FollowerState.java:run(108)) - a1c78c0e-869c-4f76-b4ce-2034448e0b80@group-D48B69A44692-FollowerState: change to CANDIDATE, lastRpcTime:75ms, electionTimeout:75ms
2019-10-19 01:04:49,805 [Thread-2389] INFO  impl.RoleInfo (RoleInfo.java:shutdownFollowerState(121)) - a1c78c0e-869c-4f76-b4ce-2034448e0b80: shutdown FollowerState
2019-10-19 01:04:49,805 [Thread-2389] INFO  impl.RaftServerImpl (RaftServerImpl.java:setRole(184)) - a1c78c0e-869c-4f76-b4ce-2034448e0b80@group-D48B69A44692: changes role from  FOLLOWER to CANDIDATE at term 184 for changeToCandidate
2019-10-19 01:04:49,805 [Thread-2389] INFO  impl.RoleInfo (RoleInfo.java:updateAndGet(143)) - a1c78c0e-869c-4f76-b4ce-2034448e0b80: start LeaderElection
2019-10-19 01:04:49,818 [a1c78c0e-869c-4f76-b4ce-2034448e0b80@group-D48B69A44692-LeaderElection291] INFO  impl.LeaderElection (LeaderElection.java:askForVotes(178)) - a1c78c0e-869c-4f76-b4ce-2034448e0b80@group-D48B69A44692-LeaderElection291: begin an election at term 185 for -1: [51276c3c-a3b8-4274-b089-592ff4589f41:192.168.157.213:36639, 64c90977-e867-487c-b50d-c226f2d34a76:192.168.157.213:37433, a1c78c0e-869c-4f76-b4ce-2034448e0b80:192.168.157.213:33501], old=null
2019-10-19 01:04:49,819 [a1c78c0e-869c-4f76-b4ce-2034448e0b80@group-D48B69A44692-LeaderElection291] INFO  impl.LeaderElection (LogUtils.java:infoOrTrace(149)) - a1c78c0e-869c-4f76-b4ce-2034448e0b80@group-D48B69A44692-LeaderElection291 got exception when requesting votes: {}
java.util.concurrent.ExecutionException: org.apache.ratis.thirdparty.io.grpc.StatusRuntimeException: UNAVAILABLE: io exception
	at java.util.concurrent.FutureTask.report(FutureTask.java:122)
	at java.util.concurrent.FutureTask.get(FutureTask.java:192)
	at org.apache.ratis.server.impl.LeaderElection.waitForResults(LeaderElection.java:259)
	at org.apache.ratis.server.impl.LeaderElection.askForVotes(LeaderElection.java:197)
	at org.apache.ratis.server.impl.LeaderElection.run(LeaderElection.java:133)
	at java.lang.Thread.run(Thread.java:748)
Caused by: org.apache.ratis.thirdparty.io.grpc.StatusRuntimeException: UNAVAILABLE: io exception
	at org.apache.ratis.thirdparty.io.grpc.stub.ClientCalls.toStatusRuntimeException(ClientCalls.java:233)
	at org.apache.ratis.thirdparty.io.grpc.stub.ClientCalls.getUnchecked(ClientCalls.java:214)
	at org.apache.ratis.thirdparty.io.grpc.stub.ClientCalls.blockingUnaryCall(ClientCalls.java:139)
	at org.apache.ratis.proto.grpc.RaftServerProtocolServiceGrpc$RaftServerProtocolServiceBlockingStub.requestVote(RaftServerProtocolServiceGrpc.java:265)
	at org.apache.ratis.grpc.server.GrpcServerProtocolClient.requestVote(GrpcServerProtocolClient.java:99)
	at org.apache.ratis.grpc.server.GrpcService.requestVote(GrpcService.java:204)
	at org.apache.ratis.server.impl.LeaderElection.lambda$submitRequests$1(LeaderElection.java:234)
	at java.util.concurrent.FutureTask.run(FutureTask.java:266)
	at java.util.concurrent.Executors$RunnableAdapter.call(Executors.java:511)
	at java.util.concurrent.FutureTask.run(FutureTask.java:266)
	at java.util.concurrent.ThreadPoolExecutor.runWorker(ThreadPoolExecutor.java:1149)
	at java.util.concurrent.ThreadPoolExecutor$Worker.run(ThreadPoolExecutor.java:624)
	... 1 more
Caused by: org.apache.ratis.thirdparty.io.netty.channel.AbstractChannel$AnnotatedConnectException: Connection refused: /192.168.157.213:36639
	at sun.nio.ch.SocketChannelImpl.checkConnect(Native Method)
	at sun.nio.ch.SocketChannelImpl.finishConnect(SocketChannelImpl.java:717)
	at org.apache.ratis.thirdparty.io.netty.channel.socket.nio.NioSocketChannel.doFinishConnect(NioSocketChannel.java:327)
	at org.apache.ratis.thirdparty.io.netty.channel.nio.AbstractNioChannel$AbstractNioUnsafe.finishConnect(AbstractNioChannel.java:340)
	at org.apache.ratis.thirdparty.io.netty.channel.nio.NioEventLoop.processSelectedKey(NioEventLoop.java:632)
	at org.apache.ratis.thirdparty.io.netty.channel.nio.NioEventLoop.processSelectedKeysOptimized(NioEventLoop.java:579)
	at org.apache.ratis.thirdparty.io.netty.channel.nio.NioEventLoop.processSelectedKeys(NioEventLoop.java:496)
	at org.apache.ratis.thirdparty.io.netty.channel.nio.NioEventLoop.run(NioEventLoop.java:458)
	at org.apache.ratis.thirdparty.io.netty.util.concurrent.SingleThreadEventExecutor$5.run(SingleThreadEventExecutor.java:897)
	at org.apache.ratis.thirdparty.io.netty.util.concurrent.FastThreadLocalRunnable.run(FastThreadLocalRunnable.java:30)
	... 1 more
Caused by: java.net.ConnectException: Connection refused
	... 11 more
2019-10-19 01:04:49,821 [grpc-default-executor-7] INFO  impl.RaftServerImpl (RaftServerImpl.java:setRole(184)) - 64c90977-e867-487c-b50d-c226f2d34a76@group-D48B69A44692: changes role from  FOLLOWER to FOLLOWER at term 185 for recognizeCandidate:a1c78c0e-869c-4f76-b4ce-2034448e0b80
2019-10-19 01:04:49,821 [grpc-default-executor-7] INFO  impl.RoleInfo (RoleInfo.java:shutdownFollowerState(121)) - 64c90977-e867-487c-b50d-c226f2d34a76: shutdown FollowerState
2019-10-19 01:04:49,822 [grpc-default-executor-7] INFO  impl.RoleInfo (RoleInfo.java:updateAndGet(143)) - 64c90977-e867-487c-b50d-c226f2d34a76: start FollowerState
2019-10-19 01:04:49,822 [Thread-2388] INFO  impl.FollowerState (FollowerState.java:run(117)) - 64c90977-e867-487c-b50d-c226f2d34a76@group-D48B69A44692-FollowerState was interrupted: java.lang.InterruptedException: sleep interrupted
2019-10-19 01:04:49,835 [a1c78c0e-869c-4f76-b4ce-2034448e0b80@group-D48B69A44692-LeaderElection291] INFO  impl.LeaderElection (LeaderElection.java:logAndReturn(56)) - a1c78c0e-869c-4f76-b4ce-2034448e0b80@group-D48B69A44692-LeaderElection291: Election REJECTED; received 1 response(s) [a1c78c0e-869c-4f76-b4ce-2034448e0b80<-64c90977-e867-487c-b50d-c226f2d34a76#0:FAIL-t185] and 1 exception(s); a1c78c0e-869c-4f76-b4ce-2034448e0b80@group-D48B69A44692:t185, leader=null, voted=a1c78c0e-869c-4f76-b4ce-2034448e0b80, raftlog=a1c78c0e-869c-4f76-b4ce-2034448e0b80@group-D48B69A44692-SegmentedRaftLog:OPENED:c-1,f-1,i0, conf=-1: [51276c3c-a3b8-4274-b089-592ff4589f41:192.168.157.213:36639, 64c90977-e867-487c-b50d-c226f2d34a76:192.168.157.213:37433, a1c78c0e-869c-4f76-b4ce-2034448e0b80:192.168.157.213:33501], old=null
2019-10-19 01:04:49,835 [a1c78c0e-869c-4f76-b4ce-2034448e0b80@group-D48B69A44692-LeaderElection291] INFO  impl.LeaderElection (LogUtils.java:infoOrTrace(149)) -   Exception 0: {}
java.util.concurrent.ExecutionException: org.apache.ratis.thirdparty.io.grpc.StatusRuntimeException: UNAVAILABLE: io exception
	at java.util.concurrent.FutureTask.report(FutureTask.java:122)
	at java.util.concurrent.FutureTask.get(FutureTask.java:192)
	at org.apache.ratis.server.impl.LeaderElection.waitForResults(LeaderElection.java:259)
	at org.apache.ratis.server.impl.LeaderElection.askForVotes(LeaderElection.java:197)
	at org.apache.ratis.server.impl.LeaderElection.run(LeaderElection.java:133)
	at java.lang.Thread.run(Thread.java:748)
Caused by: org.apache.ratis.thirdparty.io.grpc.StatusRuntimeException: UNAVAILABLE: io exception
	at org.apache.ratis.thirdparty.io.grpc.stub.ClientCalls.toStatusRuntimeException(ClientCalls.java:233)
	at org.apache.ratis.thirdparty.io.grpc.stub.ClientCalls.getUnchecked(ClientCalls.java:214)
	at org.apache.ratis.thirdparty.io.grpc.stub.ClientCalls.blockingUnaryCall(ClientCalls.java:139)
	at org.apache.ratis.proto.grpc.RaftServerProtocolServiceGrpc$RaftServerProtocolServiceBlockingStub.requestVote(RaftServerProtocolServiceGrpc.java:265)
	at org.apache.ratis.grpc.server.GrpcServerProtocolClient.requestVote(GrpcServerProtocolClient.java:99)
	at org.apache.ratis.grpc.server.GrpcService.requestVote(GrpcService.java:204)
	at org.apache.ratis.server.impl.LeaderElection.lambda$submitRequests$1(LeaderElection.java:234)
	at java.util.concurrent.FutureTask.run(FutureTask.java:266)
	at java.util.concurrent.Executors$RunnableAdapter.call(Executors.java:511)
	at java.util.concurrent.FutureTask.run(FutureTask.java:266)
	at java.util.concurrent.ThreadPoolExecutor.runWorker(ThreadPoolExecutor.java:1149)
	at java.util.concurrent.ThreadPoolExecutor$Worker.run(ThreadPoolExecutor.java:624)
	... 1 more
Caused by: org.apache.ratis.thirdparty.io.netty.channel.AbstractChannel$AnnotatedConnectException: Connection refused: /192.168.157.213:36639
	at sun.nio.ch.SocketChannelImpl.checkConnect(Native Method)
	at sun.nio.ch.SocketChannelImpl.finishConnect(SocketChannelImpl.java:717)
	at org.apache.ratis.thirdparty.io.netty.channel.socket.nio.NioSocketChannel.doFinishConnect(NioSocketChannel.java:327)
	at org.apache.ratis.thirdparty.io.netty.channel.nio.AbstractNioChannel$AbstractNioUnsafe.finishConnect(AbstractNioChannel.java:340)
	at org.apache.ratis.thirdparty.io.netty.channel.nio.NioEventLoop.processSelectedKey(NioEventLoop.java:632)
	at org.apache.ratis.thirdparty.io.netty.channel.nio.NioEventLoop.processSelectedKeysOptimized(NioEventLoop.java:579)
	at org.apache.ratis.thirdparty.io.netty.channel.nio.NioEventLoop.processSelectedKeys(NioEventLoop.java:496)
	at org.apache.ratis.thirdparty.io.netty.channel.nio.NioEventLoop.run(NioEventLoop.java:458)
	at org.apache.ratis.thirdparty.io.netty.util.concurrent.SingleThreadEventExecutor$5.run(SingleThreadEventExecutor.java:897)
	at org.apache.ratis.thirdparty.io.netty.util.concurrent.FastThreadLocalRunnable.run(FastThreadLocalRunnable.java:30)
	... 1 more
Caused by: java.net.ConnectException: Connection refused
	... 11 more
2019-10-19 01:04:49,837 [a1c78c0e-869c-4f76-b4ce-2034448e0b80@group-D48B69A44692-LeaderElection291] INFO  impl.RaftServerImpl (RaftServerImpl.java:setRole(184)) - a1c78c0e-869c-4f76-b4ce-2034448e0b80@group-D48B69A44692: changes role from CANDIDATE to FOLLOWER at term 185 for DISCOVERED_A_NEW_TERM
2019-10-19 01:04:49,837 [a1c78c0e-869c-4f76-b4ce-2034448e0b80@group-D48B69A44692-LeaderElection291] INFO  impl.RoleInfo (RoleInfo.java:shutdownLeaderElection(134)) - a1c78c0e-869c-4f76-b4ce-2034448e0b80: shutdown LeaderElection
2019-10-19 01:04:49,837 [a1c78c0e-869c-4f76-b4ce-2034448e0b80@group-D48B69A44692-LeaderElection291] INFO  impl.RoleInfo (RoleInfo.java:updateAndGet(143)) - a1c78c0e-869c-4f76-b4ce-2034448e0b80: start FollowerState
2019-10-19 01:04:49,918 [Thread-2396] INFO  impl.FollowerState (FollowerState.java:run(108)) - a1c78c0e-869c-4f76-b4ce-2034448e0b80@group-D48B69A44692-FollowerState: change to CANDIDATE, lastRpcTime:81ms, electionTimeout:81ms
2019-10-19 01:04:49,919 [Thread-2396] INFO  impl.RoleInfo (RoleInfo.java:shutdownFollowerState(121)) - a1c78c0e-869c-4f76-b4ce-2034448e0b80: shutdown FollowerState
2019-10-19 01:04:49,919 [Thread-2396] INFO  impl.RaftServerImpl (RaftServerImpl.java:setRole(184)) - a1c78c0e-869c-4f76-b4ce-2034448e0b80@group-D48B69A44692: changes role from  FOLLOWER to CANDIDATE at term 185 for changeToCandidate
2019-10-19 01:04:49,919 [Thread-2396] INFO  impl.RoleInfo (RoleInfo.java:updateAndGet(143)) - a1c78c0e-869c-4f76-b4ce-2034448e0b80: start LeaderElection
2019-10-19 01:04:49,932 [a1c78c0e-869c-4f76-b4ce-2034448e0b80@group-D48B69A44692-LeaderElection292] INFO  impl.LeaderElection (LeaderElection.java:askForVotes(178)) - a1c78c0e-869c-4f76-b4ce-2034448e0b80@group-D48B69A44692-LeaderElection292: begin an election at term 186 for -1: [51276c3c-a3b8-4274-b089-592ff4589f41:192.168.157.213:36639, 64c90977-e867-487c-b50d-c226f2d34a76:192.168.157.213:37433, a1c78c0e-869c-4f76-b4ce-2034448e0b80:192.168.157.213:33501], old=null
2019-10-19 01:04:49,933 [a1c78c0e-869c-4f76-b4ce-2034448e0b80@group-D48B69A44692-LeaderElection292] INFO  impl.LeaderElection (LogUtils.java:infoOrTrace(149)) - a1c78c0e-869c-4f76-b4ce-2034448e0b80@group-D48B69A44692-LeaderElection292 got exception when requesting votes: {}
java.util.concurrent.ExecutionException: org.apache.ratis.thirdparty.io.grpc.StatusRuntimeException: UNAVAILABLE: io exception
	at java.util.concurrent.FutureTask.report(FutureTask.java:122)
	at java.util.concurrent.FutureTask.get(FutureTask.java:192)
	at org.apache.ratis.server.impl.LeaderElection.waitForResults(LeaderElection.java:259)
	at org.apache.ratis.server.impl.LeaderElection.askForVotes(LeaderElection.java:197)
	at org.apache.ratis.server.impl.LeaderElection.run(LeaderElection.java:133)
	at java.lang.Thread.run(Thread.java:748)
Caused by: org.apache.ratis.thirdparty.io.grpc.StatusRuntimeException: UNAVAILABLE: io exception
	at org.apache.ratis.thirdparty.io.grpc.stub.ClientCalls.toStatusRuntimeException(ClientCalls.java:233)
	at org.apache.ratis.thirdparty.io.grpc.stub.ClientCalls.getUnchecked(ClientCalls.java:214)
	at org.apache.ratis.thirdparty.io.grpc.stub.ClientCalls.blockingUnaryCall(ClientCalls.java:139)
	at org.apache.ratis.proto.grpc.RaftServerProtocolServiceGrpc$RaftServerProtocolServiceBlockingStub.requestVote(RaftServerProtocolServiceGrpc.java:265)
	at org.apache.ratis.grpc.server.GrpcServerProtocolClient.requestVote(GrpcServerProtocolClient.java:99)
	at org.apache.ratis.grpc.server.GrpcService.requestVote(GrpcService.java:204)
	at org.apache.ratis.server.impl.LeaderElection.lambda$submitRequests$1(LeaderElection.java:234)
	at java.util.concurrent.FutureTask.run(FutureTask.java:266)
	at java.util.concurrent.Executors$RunnableAdapter.call(Executors.java:511)
	at java.util.concurrent.FutureTask.run(FutureTask.java:266)
	at java.util.concurrent.ThreadPoolExecutor.runWorker(ThreadPoolExecutor.java:1149)
	at java.util.concurrent.ThreadPoolExecutor$Worker.run(ThreadPoolExecutor.java:624)
	... 1 more
Caused by: org.apache.ratis.thirdparty.io.netty.channel.AbstractChannel$AnnotatedConnectException: Connection refused: /192.168.157.213:36639
	at sun.nio.ch.SocketChannelImpl.checkConnect(Native Method)
	at sun.nio.ch.SocketChannelImpl.finishConnect(SocketChannelImpl.java:717)
	at org.apache.ratis.thirdparty.io.netty.channel.socket.nio.NioSocketChannel.doFinishConnect(NioSocketChannel.java:327)
	at org.apache.ratis.thirdparty.io.netty.channel.nio.AbstractNioChannel$AbstractNioUnsafe.finishConnect(AbstractNioChannel.java:340)
	at org.apache.ratis.thirdparty.io.netty.channel.nio.NioEventLoop.processSelectedKey(NioEventLoop.java:632)
	at org.apache.ratis.thirdparty.io.netty.channel.nio.NioEventLoop.processSelectedKeysOptimized(NioEventLoop.java:579)
	at org.apache.ratis.thirdparty.io.netty.channel.nio.NioEventLoop.processSelectedKeys(NioEventLoop.java:496)
	at org.apache.ratis.thirdparty.io.netty.channel.nio.NioEventLoop.run(NioEventLoop.java:458)
	at org.apache.ratis.thirdparty.io.netty.util.concurrent.SingleThreadEventExecutor$5.run(SingleThreadEventExecutor.java:897)
	at org.apache.ratis.thirdparty.io.netty.util.concurrent.FastThreadLocalRunnable.run(FastThreadLocalRunnable.java:30)
	... 1 more
Caused by: java.net.ConnectException: Connection refused
	... 11 more
2019-10-19 01:04:49,936 [grpc-default-executor-7] INFO  impl.RaftServerImpl (RaftServerImpl.java:setRole(184)) - 64c90977-e867-487c-b50d-c226f2d34a76@group-D48B69A44692: changes role from  FOLLOWER to FOLLOWER at term 186 for recognizeCandidate:a1c78c0e-869c-4f76-b4ce-2034448e0b80
2019-10-19 01:04:49,936 [grpc-default-executor-7] INFO  impl.RoleInfo (RoleInfo.java:shutdownFollowerState(121)) - 64c90977-e867-487c-b50d-c226f2d34a76: shutdown FollowerState
2019-10-19 01:04:49,937 [grpc-default-executor-7] INFO  impl.RoleInfo (RoleInfo.java:updateAndGet(143)) - 64c90977-e867-487c-b50d-c226f2d34a76: start FollowerState
2019-10-19 01:04:49,937 [Thread-2395] INFO  impl.FollowerState (FollowerState.java:run(117)) - 64c90977-e867-487c-b50d-c226f2d34a76@group-D48B69A44692-FollowerState was interrupted: java.lang.InterruptedException: sleep interrupted
2019-10-19 01:04:49,951 [a1c78c0e-869c-4f76-b4ce-2034448e0b80@group-D48B69A44692-LeaderElection292] INFO  impl.LeaderElection (LeaderElection.java:logAndReturn(56)) - a1c78c0e-869c-4f76-b4ce-2034448e0b80@group-D48B69A44692-LeaderElection292: Election REJECTED; received 1 response(s) [a1c78c0e-869c-4f76-b4ce-2034448e0b80<-64c90977-e867-487c-b50d-c226f2d34a76#0:FAIL-t186] and 1 exception(s); a1c78c0e-869c-4f76-b4ce-2034448e0b80@group-D48B69A44692:t186, leader=null, voted=a1c78c0e-869c-4f76-b4ce-2034448e0b80, raftlog=a1c78c0e-869c-4f76-b4ce-2034448e0b80@group-D48B69A44692-SegmentedRaftLog:OPENED:c-1,f-1,i0, conf=-1: [51276c3c-a3b8-4274-b089-592ff4589f41:192.168.157.213:36639, 64c90977-e867-487c-b50d-c226f2d34a76:192.168.157.213:37433, a1c78c0e-869c-4f76-b4ce-2034448e0b80:192.168.157.213:33501], old=null
2019-10-19 01:04:49,951 [a1c78c0e-869c-4f76-b4ce-2034448e0b80@group-D48B69A44692-LeaderElection292] INFO  impl.LeaderElection (LogUtils.java:infoOrTrace(149)) -   Exception 0: {}
java.util.concurrent.ExecutionException: org.apache.ratis.thirdparty.io.grpc.StatusRuntimeException: UNAVAILABLE: io exception
	at java.util.concurrent.FutureTask.report(FutureTask.java:122)
	at java.util.concurrent.FutureTask.get(FutureTask.java:192)
	at org.apache.ratis.server.impl.LeaderElection.waitForResults(LeaderElection.java:259)
	at org.apache.ratis.server.impl.LeaderElection.askForVotes(LeaderElection.java:197)
	at org.apache.ratis.server.impl.LeaderElection.run(LeaderElection.java:133)
	at java.lang.Thread.run(Thread.java:748)
Caused by: org.apache.ratis.thirdparty.io.grpc.StatusRuntimeException: UNAVAILABLE: io exception
	at org.apache.ratis.thirdparty.io.grpc.stub.ClientCalls.toStatusRuntimeException(ClientCalls.java:233)
	at org.apache.ratis.thirdparty.io.grpc.stub.ClientCalls.getUnchecked(ClientCalls.java:214)
	at org.apache.ratis.thirdparty.io.grpc.stub.ClientCalls.blockingUnaryCall(ClientCalls.java:139)
	at org.apache.ratis.proto.grpc.RaftServerProtocolServiceGrpc$RaftServerProtocolServiceBlockingStub.requestVote(RaftServerProtocolServiceGrpc.java:265)
	at org.apache.ratis.grpc.server.GrpcServerProtocolClient.requestVote(GrpcServerProtocolClient.java:99)
	at org.apache.ratis.grpc.server.GrpcService.requestVote(GrpcService.java:204)
	at org.apache.ratis.server.impl.LeaderElection.lambda$submitRequests$1(LeaderElection.java:234)
	at java.util.concurrent.FutureTask.run(FutureTask.java:266)
	at java.util.concurrent.Executors$RunnableAdapter.call(Executors.java:511)
	at java.util.concurrent.FutureTask.run(FutureTask.java:266)
	at java.util.concurrent.ThreadPoolExecutor.runWorker(ThreadPoolExecutor.java:1149)
	at java.util.concurrent.ThreadPoolExecutor$Worker.run(ThreadPoolExecutor.java:624)
	... 1 more
Caused by: org.apache.ratis.thirdparty.io.netty.channel.AbstractChannel$AnnotatedConnectException: Connection refused: /192.168.157.213:36639
	at sun.nio.ch.SocketChannelImpl.checkConnect(Native Method)
	at sun.nio.ch.SocketChannelImpl.finishConnect(SocketChannelImpl.java:717)
	at org.apache.ratis.thirdparty.io.netty.channel.socket.nio.NioSocketChannel.doFinishConnect(NioSocketChannel.java:327)
	at org.apache.ratis.thirdparty.io.netty.channel.nio.AbstractNioChannel$AbstractNioUnsafe.finishConnect(AbstractNioChannel.java:340)
	at org.apache.ratis.thirdparty.io.netty.channel.nio.NioEventLoop.processSelectedKey(NioEventLoop.java:632)
	at org.apache.ratis.thirdparty.io.netty.channel.nio.NioEventLoop.processSelectedKeysOptimized(NioEventLoop.java:579)
	at org.apache.ratis.thirdparty.io.netty.channel.nio.NioEventLoop.processSelectedKeys(NioEventLoop.java:496)
	at org.apache.ratis.thirdparty.io.netty.channel.nio.NioEventLoop.run(NioEventLoop.java:458)
	at org.apache.ratis.thirdparty.io.netty.util.concurrent.SingleThreadEventExecutor$5.run(SingleThreadEventExecutor.java:897)
	at org.apache.ratis.thirdparty.io.netty.util.concurrent.FastThreadLocalRunnable.run(FastThreadLocalRunnable.java:30)
	... 1 more
Caused by: java.net.ConnectException: Connection refused
	... 11 more
2019-10-19 01:04:49,952 [a1c78c0e-869c-4f76-b4ce-2034448e0b80@group-D48B69A44692-LeaderElection292] INFO  impl.RaftServerImpl (RaftServerImpl.java:setRole(184)) - a1c78c0e-869c-4f76-b4ce-2034448e0b80@group-D48B69A44692: changes role from CANDIDATE to FOLLOWER at term 186 for DISCOVERED_A_NEW_TERM
2019-10-19 01:04:49,952 [a1c78c0e-869c-4f76-b4ce-2034448e0b80@group-D48B69A44692-LeaderElection292] INFO  impl.RoleInfo (RoleInfo.java:shutdownLeaderElection(134)) - a1c78c0e-869c-4f76-b4ce-2034448e0b80: shutdown LeaderElection
2019-10-19 01:04:49,952 [a1c78c0e-869c-4f76-b4ce-2034448e0b80@group-D48B69A44692-LeaderElection292] INFO  impl.RoleInfo (RoleInfo.java:updateAndGet(143)) - a1c78c0e-869c-4f76-b4ce-2034448e0b80: start FollowerState
2019-10-19 01:04:49,967 [Thread-2401] INFO  impl.FollowerState (FollowerState.java:run(108)) - a1c78c0e-869c-4f76-b4ce-2034448e0b80@group-D48B69A44692-FollowerState: change to CANDIDATE, lastRpcTime:15ms, electionTimeout:15ms
2019-10-19 01:04:49,967 [Thread-2401] INFO  impl.RoleInfo (RoleInfo.java:shutdownFollowerState(121)) - a1c78c0e-869c-4f76-b4ce-2034448e0b80: shutdown FollowerState
2019-10-19 01:04:49,967 [Thread-2401] INFO  impl.RaftServerImpl (RaftServerImpl.java:setRole(184)) - a1c78c0e-869c-4f76-b4ce-2034448e0b80@group-D48B69A44692: changes role from  FOLLOWER to CANDIDATE at term 186 for changeToCandidate
2019-10-19 01:04:49,968 [Thread-2401] INFO  impl.RoleInfo (RoleInfo.java:updateAndGet(143)) - a1c78c0e-869c-4f76-b4ce-2034448e0b80: start LeaderElection
2019-10-19 01:04:49,981 [a1c78c0e-869c-4f76-b4ce-2034448e0b80@group-D48B69A44692-LeaderElection293] INFO  impl.LeaderElection (LeaderElection.java:askForVotes(178)) - a1c78c0e-869c-4f76-b4ce-2034448e0b80@group-D48B69A44692-LeaderElection293: begin an election at term 187 for -1: [51276c3c-a3b8-4274-b089-592ff4589f41:192.168.157.213:36639, 64c90977-e867-487c-b50d-c226f2d34a76:192.168.157.213:37433, a1c78c0e-869c-4f76-b4ce-2034448e0b80:192.168.157.213:33501], old=null
2019-10-19 01:04:49,982 [a1c78c0e-869c-4f76-b4ce-2034448e0b80@group-D48B69A44692-LeaderElection293] INFO  impl.LeaderElection (LogUtils.java:infoOrTrace(149)) - a1c78c0e-869c-4f76-b4ce-2034448e0b80@group-D48B69A44692-LeaderElection293 got exception when requesting votes: {}
java.util.concurrent.ExecutionException: org.apache.ratis.thirdparty.io.grpc.StatusRuntimeException: UNAVAILABLE: io exception
	at java.util.concurrent.FutureTask.report(FutureTask.java:122)
	at java.util.concurrent.FutureTask.get(FutureTask.java:192)
	at org.apache.ratis.server.impl.LeaderElection.waitForResults(LeaderElection.java:259)
	at org.apache.ratis.server.impl.LeaderElection.askForVotes(LeaderElection.java:197)
	at org.apache.ratis.server.impl.LeaderElection.run(LeaderElection.java:133)
	at java.lang.Thread.run(Thread.java:748)
Caused by: org.apache.ratis.thirdparty.io.grpc.StatusRuntimeException: UNAVAILABLE: io exception
	at org.apache.ratis.thirdparty.io.grpc.stub.ClientCalls.toStatusRuntimeException(ClientCalls.java:233)
	at org.apache.ratis.thirdparty.io.grpc.stub.ClientCalls.getUnchecked(ClientCalls.java:214)
	at org.apache.ratis.thirdparty.io.grpc.stub.ClientCalls.blockingUnaryCall(ClientCalls.java:139)
	at org.apache.ratis.proto.grpc.RaftServerProtocolServiceGrpc$RaftServerProtocolServiceBlockingStub.requestVote(RaftServerProtocolServiceGrpc.java:265)
	at org.apache.ratis.grpc.server.GrpcServerProtocolClient.requestVote(GrpcServerProtocolClient.java:99)
	at org.apache.ratis.grpc.server.GrpcService.requestVote(GrpcService.java:204)
	at org.apache.ratis.server.impl.LeaderElection.lambda$submitRequests$1(LeaderElection.java:234)
	at java.util.concurrent.FutureTask.run(FutureTask.java:266)
	at java.util.concurrent.Executors$RunnableAdapter.call(Executors.java:511)
	at java.util.concurrent.FutureTask.run(FutureTask.java:266)
	at java.util.concurrent.ThreadPoolExecutor.runWorker(ThreadPoolExecutor.java:1149)
	at java.util.concurrent.ThreadPoolExecutor$Worker.run(ThreadPoolExecutor.java:624)
	... 1 more
Caused by: org.apache.ratis.thirdparty.io.netty.channel.AbstractChannel$AnnotatedConnectException: Connection refused: /192.168.157.213:36639
	at sun.nio.ch.SocketChannelImpl.checkConnect(Native Method)
	at sun.nio.ch.SocketChannelImpl.finishConnect(SocketChannelImpl.java:717)
	at org.apache.ratis.thirdparty.io.netty.channel.socket.nio.NioSocketChannel.doFinishConnect(NioSocketChannel.java:327)
	at org.apache.ratis.thirdparty.io.netty.channel.nio.AbstractNioChannel$AbstractNioUnsafe.finishConnect(AbstractNioChannel.java:340)
	at org.apache.ratis.thirdparty.io.netty.channel.nio.NioEventLoop.processSelectedKey(NioEventLoop.java:632)
	at org.apache.ratis.thirdparty.io.netty.channel.nio.NioEventLoop.processSelectedKeysOptimized(NioEventLoop.java:579)
	at org.apache.ratis.thirdparty.io.netty.channel.nio.NioEventLoop.processSelectedKeys(NioEventLoop.java:496)
	at org.apache.ratis.thirdparty.io.netty.channel.nio.NioEventLoop.run(NioEventLoop.java:458)
	at org.apache.ratis.thirdparty.io.netty.util.concurrent.SingleThreadEventExecutor$5.run(SingleThreadEventExecutor.java:897)
	at org.apache.ratis.thirdparty.io.netty.util.concurrent.FastThreadLocalRunnable.run(FastThreadLocalRunnable.java:30)
	... 1 more
Caused by: java.net.ConnectException: Connection refused
	... 11 more
2019-10-19 01:04:49,984 [grpc-default-executor-7] INFO  impl.RaftServerImpl (RaftServerImpl.java:setRole(184)) - 64c90977-e867-487c-b50d-c226f2d34a76@group-D48B69A44692: changes role from  FOLLOWER to FOLLOWER at term 187 for recognizeCandidate:a1c78c0e-869c-4f76-b4ce-2034448e0b80
2019-10-19 01:04:49,984 [grpc-default-executor-7] INFO  impl.RoleInfo (RoleInfo.java:shutdownFollowerState(121)) - 64c90977-e867-487c-b50d-c226f2d34a76: shutdown FollowerState
2019-10-19 01:04:49,985 [grpc-default-executor-7] INFO  impl.RoleInfo (RoleInfo.java:updateAndGet(143)) - 64c90977-e867-487c-b50d-c226f2d34a76: start FollowerState
2019-10-19 01:04:49,985 [Thread-2400] INFO  impl.FollowerState (FollowerState.java:run(117)) - 64c90977-e867-487c-b50d-c226f2d34a76@group-D48B69A44692-FollowerState was interrupted: java.lang.InterruptedException: sleep interrupted
2019-10-19 01:04:49,999 [a1c78c0e-869c-4f76-b4ce-2034448e0b80@group-D48B69A44692-LeaderElection293] INFO  impl.LeaderElection (LeaderElection.java:logAndReturn(56)) - a1c78c0e-869c-4f76-b4ce-2034448e0b80@group-D48B69A44692-LeaderElection293: Election REJECTED; received 1 response(s) [a1c78c0e-869c-4f76-b4ce-2034448e0b80<-64c90977-e867-487c-b50d-c226f2d34a76#0:FAIL-t187] and 1 exception(s); a1c78c0e-869c-4f76-b4ce-2034448e0b80@group-D48B69A44692:t187, leader=null, voted=a1c78c0e-869c-4f76-b4ce-2034448e0b80, raftlog=a1c78c0e-869c-4f76-b4ce-2034448e0b80@group-D48B69A44692-SegmentedRaftLog:OPENED:c-1,f-1,i0, conf=-1: [51276c3c-a3b8-4274-b089-592ff4589f41:192.168.157.213:36639, 64c90977-e867-487c-b50d-c226f2d34a76:192.168.157.213:37433, a1c78c0e-869c-4f76-b4ce-2034448e0b80:192.168.157.213:33501], old=null
2019-10-19 01:04:49,999 [a1c78c0e-869c-4f76-b4ce-2034448e0b80@group-D48B69A44692-LeaderElection293] INFO  impl.LeaderElection (LogUtils.java:infoOrTrace(149)) -   Exception 0: {}
java.util.concurrent.ExecutionException: org.apache.ratis.thirdparty.io.grpc.StatusRuntimeException: UNAVAILABLE: io exception
	at java.util.concurrent.FutureTask.report(FutureTask.java:122)
	at java.util.concurrent.FutureTask.get(FutureTask.java:192)
	at org.apache.ratis.server.impl.LeaderElection.waitForResults(LeaderElection.java:259)
	at org.apache.ratis.server.impl.LeaderElection.askForVotes(LeaderElection.java:197)
	at org.apache.ratis.server.impl.LeaderElection.run(LeaderElection.java:133)
	at java.lang.Thread.run(Thread.java:748)
Caused by: org.apache.ratis.thirdparty.io.grpc.StatusRuntimeException: UNAVAILABLE: io exception
	at org.apache.ratis.thirdparty.io.grpc.stub.ClientCalls.toStatusRuntimeException(ClientCalls.java:233)
	at org.apache.ratis.thirdparty.io.grpc.stub.ClientCalls.getUnchecked(ClientCalls.java:214)
	at org.apache.ratis.thirdparty.io.grpc.stub.ClientCalls.blockingUnaryCall(ClientCalls.java:139)
	at org.apache.ratis.proto.grpc.RaftServerProtocolServiceGrpc$RaftServerProtocolServiceBlockingStub.requestVote(RaftServerProtocolServiceGrpc.java:265)
	at org.apache.ratis.grpc.server.GrpcServerProtocolClient.requestVote(GrpcServerProtocolClient.java:99)
	at org.apache.ratis.grpc.server.GrpcService.requestVote(GrpcService.java:204)
	at org.apache.ratis.server.impl.LeaderElection.lambda$submitRequests$1(LeaderElection.java:234)
	at java.util.concurrent.FutureTask.run(FutureTask.java:266)
	at java.util.concurrent.Executors$RunnableAdapter.call(Executors.java:511)
	at java.util.concurrent.FutureTask.run(FutureTask.java:266)
	at java.util.concurrent.ThreadPoolExecutor.runWorker(ThreadPoolExecutor.java:1149)
	at java.util.concurrent.ThreadPoolExecutor$Worker.run(ThreadPoolExecutor.java:624)
	... 1 more
Caused by: org.apache.ratis.thirdparty.io.netty.channel.AbstractChannel$AnnotatedConnectException: Connection refused: /192.168.157.213:36639
	at sun.nio.ch.SocketChannelImpl.checkConnect(Native Method)
	at sun.nio.ch.SocketChannelImpl.finishConnect(SocketChannelImpl.java:717)
	at org.apache.ratis.thirdparty.io.netty.channel.socket.nio.NioSocketChannel.doFinishConnect(NioSocketChannel.java:327)
	at org.apache.ratis.thirdparty.io.netty.channel.nio.AbstractNioChannel$AbstractNioUnsafe.finishConnect(AbstractNioChannel.java:340)
	at org.apache.ratis.thirdparty.io.netty.channel.nio.NioEventLoop.processSelectedKey(NioEventLoop.java:632)
	at org.apache.ratis.thirdparty.io.netty.channel.nio.NioEventLoop.processSelectedKeysOptimized(NioEventLoop.java:579)
	at org.apache.ratis.thirdparty.io.netty.channel.nio.NioEventLoop.processSelectedKeys(NioEventLoop.java:496)
	at org.apache.ratis.thirdparty.io.netty.channel.nio.NioEventLoop.run(NioEventLoop.java:458)
	at org.apache.ratis.thirdparty.io.netty.util.concurrent.SingleThreadEventExecutor$5.run(SingleThreadEventExecutor.java:897)
	at org.apache.ratis.thirdparty.io.netty.util.concurrent.FastThreadLocalRunnable.run(FastThreadLocalRunnable.java:30)
	... 1 more
Caused by: java.net.ConnectException: Connection refused
	... 11 more
2019-10-19 01:04:49,999 [a1c78c0e-869c-4f76-b4ce-2034448e0b80@group-D48B69A44692-LeaderElection293] INFO  impl.RaftServerImpl (RaftServerImpl.java:setRole(184)) - a1c78c0e-869c-4f76-b4ce-2034448e0b80@group-D48B69A44692: changes role from CANDIDATE to FOLLOWER at term 187 for DISCOVERED_A_NEW_TERM
2019-10-19 01:04:49,999 [a1c78c0e-869c-4f76-b4ce-2034448e0b80@group-D48B69A44692-LeaderElection293] INFO  impl.RoleInfo (RoleInfo.java:shutdownLeaderElection(134)) - a1c78c0e-869c-4f76-b4ce-2034448e0b80: shutdown LeaderElection
2019-10-19 01:04:49,999 [a1c78c0e-869c-4f76-b4ce-2034448e0b80@group-D48B69A44692-LeaderElection293] INFO  impl.RoleInfo (RoleInfo.java:updateAndGet(143)) - a1c78c0e-869c-4f76-b4ce-2034448e0b80: start FollowerState
2019-10-19 01:04:50,117 [Thread-2406] INFO  impl.FollowerState (FollowerState.java:run(108)) - a1c78c0e-869c-4f76-b4ce-2034448e0b80@group-D48B69A44692-FollowerState: change to CANDIDATE, lastRpcTime:117ms, electionTimeout:117ms
2019-10-19 01:04:50,117 [Thread-2406] INFO  impl.RoleInfo (RoleInfo.java:shutdownFollowerState(121)) - a1c78c0e-869c-4f76-b4ce-2034448e0b80: shutdown FollowerState
2019-10-19 01:04:50,117 [Thread-2406] INFO  impl.RaftServerImpl (RaftServerImpl.java:setRole(184)) - a1c78c0e-869c-4f76-b4ce-2034448e0b80@group-D48B69A44692: changes role from  FOLLOWER to CANDIDATE at term 187 for changeToCandidate
2019-10-19 01:04:50,117 [Thread-2406] INFO  impl.RoleInfo (RoleInfo.java:updateAndGet(143)) - a1c78c0e-869c-4f76-b4ce-2034448e0b80: start LeaderElection
2019-10-19 01:04:50,128 [a1c78c0e-869c-4f76-b4ce-2034448e0b80@group-D48B69A44692-LeaderElection294] INFO  impl.LeaderElection (LeaderElection.java:askForVotes(178)) - a1c78c0e-869c-4f76-b4ce-2034448e0b80@group-D48B69A44692-LeaderElection294: begin an election at term 188 for -1: [51276c3c-a3b8-4274-b089-592ff4589f41:192.168.157.213:36639, 64c90977-e867-487c-b50d-c226f2d34a76:192.168.157.213:37433, a1c78c0e-869c-4f76-b4ce-2034448e0b80:192.168.157.213:33501], old=null
2019-10-19 01:04:50,129 [a1c78c0e-869c-4f76-b4ce-2034448e0b80@group-D48B69A44692-LeaderElection294] INFO  impl.LeaderElection (LogUtils.java:infoOrTrace(149)) - a1c78c0e-869c-4f76-b4ce-2034448e0b80@group-D48B69A44692-LeaderElection294 got exception when requesting votes: {}
java.util.concurrent.ExecutionException: org.apache.ratis.thirdparty.io.grpc.StatusRuntimeException: UNAVAILABLE: io exception
	at java.util.concurrent.FutureTask.report(FutureTask.java:122)
	at java.util.concurrent.FutureTask.get(FutureTask.java:192)
	at org.apache.ratis.server.impl.LeaderElection.waitForResults(LeaderElection.java:259)
	at org.apache.ratis.server.impl.LeaderElection.askForVotes(LeaderElection.java:197)
	at org.apache.ratis.server.impl.LeaderElection.run(LeaderElection.java:133)
	at java.lang.Thread.run(Thread.java:748)
Caused by: org.apache.ratis.thirdparty.io.grpc.StatusRuntimeException: UNAVAILABLE: io exception
	at org.apache.ratis.thirdparty.io.grpc.stub.ClientCalls.toStatusRuntimeException(ClientCalls.java:233)
	at org.apache.ratis.thirdparty.io.grpc.stub.ClientCalls.getUnchecked(ClientCalls.java:214)
	at org.apache.ratis.thirdparty.io.grpc.stub.ClientCalls.blockingUnaryCall(ClientCalls.java:139)
	at org.apache.ratis.proto.grpc.RaftServerProtocolServiceGrpc$RaftServerProtocolServiceBlockingStub.requestVote(RaftServerProtocolServiceGrpc.java:265)
	at org.apache.ratis.grpc.server.GrpcServerProtocolClient.requestVote(GrpcServerProtocolClient.java:99)
	at org.apache.ratis.grpc.server.GrpcService.requestVote(GrpcService.java:204)
	at org.apache.ratis.server.impl.LeaderElection.lambda$submitRequests$1(LeaderElection.java:234)
	at java.util.concurrent.FutureTask.run(FutureTask.java:266)
	at java.util.concurrent.Executors$RunnableAdapter.call(Executors.java:511)
	at java.util.concurrent.FutureTask.run(FutureTask.java:266)
	at java.util.concurrent.ThreadPoolExecutor.runWorker(ThreadPoolExecutor.java:1149)
	at java.util.concurrent.ThreadPoolExecutor$Worker.run(ThreadPoolExecutor.java:624)
	... 1 more
Caused by: org.apache.ratis.thirdparty.io.netty.channel.AbstractChannel$AnnotatedConnectException: Connection refused: /192.168.157.213:36639
	at sun.nio.ch.SocketChannelImpl.checkConnect(Native Method)
	at sun.nio.ch.SocketChannelImpl.finishConnect(SocketChannelImpl.java:717)
	at org.apache.ratis.thirdparty.io.netty.channel.socket.nio.NioSocketChannel.doFinishConnect(NioSocketChannel.java:327)
	at org.apache.ratis.thirdparty.io.netty.channel.nio.AbstractNioChannel$AbstractNioUnsafe.finishConnect(AbstractNioChannel.java:340)
	at org.apache.ratis.thirdparty.io.netty.channel.nio.NioEventLoop.processSelectedKey(NioEventLoop.java:632)
	at org.apache.ratis.thirdparty.io.netty.channel.nio.NioEventLoop.processSelectedKeysOptimized(NioEventLoop.java:579)
	at org.apache.ratis.thirdparty.io.netty.channel.nio.NioEventLoop.processSelectedKeys(NioEventLoop.java:496)
	at org.apache.ratis.thirdparty.io.netty.channel.nio.NioEventLoop.run(NioEventLoop.java:458)
	at org.apache.ratis.thirdparty.io.netty.util.concurrent.SingleThreadEventExecutor$5.run(SingleThreadEventExecutor.java:897)
	at org.apache.ratis.thirdparty.io.netty.util.concurrent.FastThreadLocalRunnable.run(FastThreadLocalRunnable.java:30)
	... 1 more
Caused by: java.net.ConnectException: Connection refused
	... 11 more
2019-10-19 01:04:50,132 [grpc-default-executor-7] INFO  impl.RaftServerImpl (RaftServerImpl.java:setRole(184)) - 64c90977-e867-487c-b50d-c226f2d34a76@group-D48B69A44692: changes role from  FOLLOWER to FOLLOWER at term 188 for recognizeCandidate:a1c78c0e-869c-4f76-b4ce-2034448e0b80
2019-10-19 01:04:50,133 [grpc-default-executor-7] INFO  impl.RoleInfo (RoleInfo.java:shutdownFollowerState(121)) - 64c90977-e867-487c-b50d-c226f2d34a76: shutdown FollowerState
2019-10-19 01:04:50,133 [grpc-default-executor-7] INFO  impl.RoleInfo (RoleInfo.java:updateAndGet(143)) - 64c90977-e867-487c-b50d-c226f2d34a76: start FollowerState
2019-10-19 01:04:50,133 [Thread-2405] INFO  impl.FollowerState (FollowerState.java:run(117)) - 64c90977-e867-487c-b50d-c226f2d34a76@group-D48B69A44692-FollowerState was interrupted: java.lang.InterruptedException: sleep interrupted
2019-10-19 01:04:50,144 [a1c78c0e-869c-4f76-b4ce-2034448e0b80@group-D48B69A44692-LeaderElection294] INFO  impl.LeaderElection (LeaderElection.java:logAndReturn(56)) - a1c78c0e-869c-4f76-b4ce-2034448e0b80@group-D48B69A44692-LeaderElection294: Election REJECTED; received 1 response(s) [a1c78c0e-869c-4f76-b4ce-2034448e0b80<-64c90977-e867-487c-b50d-c226f2d34a76#0:FAIL-t188] and 1 exception(s); a1c78c0e-869c-4f76-b4ce-2034448e0b80@group-D48B69A44692:t188, leader=null, voted=a1c78c0e-869c-4f76-b4ce-2034448e0b80, raftlog=a1c78c0e-869c-4f76-b4ce-2034448e0b80@group-D48B69A44692-SegmentedRaftLog:OPENED:c-1,f-1,i0, conf=-1: [51276c3c-a3b8-4274-b089-592ff4589f41:192.168.157.213:36639, 64c90977-e867-487c-b50d-c226f2d34a76:192.168.157.213:37433, a1c78c0e-869c-4f76-b4ce-2034448e0b80:192.168.157.213:33501], old=null
2019-10-19 01:04:50,145 [a1c78c0e-869c-4f76-b4ce-2034448e0b80@group-D48B69A44692-LeaderElection294] INFO  impl.LeaderElection (LogUtils.java:infoOrTrace(149)) -   Exception 0: {}
java.util.concurrent.ExecutionException: org.apache.ratis.thirdparty.io.grpc.StatusRuntimeException: UNAVAILABLE: io exception
	at java.util.concurrent.FutureTask.report(FutureTask.java:122)
	at java.util.concurrent.FutureTask.get(FutureTask.java:192)
	at org.apache.ratis.server.impl.LeaderElection.waitForResults(LeaderElection.java:259)
	at org.apache.ratis.server.impl.LeaderElection.askForVotes(LeaderElection.java:197)
	at org.apache.ratis.server.impl.LeaderElection.run(LeaderElection.java:133)
	at java.lang.Thread.run(Thread.java:748)
Caused by: org.apache.ratis.thirdparty.io.grpc.StatusRuntimeException: UNAVAILABLE: io exception
	at org.apache.ratis.thirdparty.io.grpc.stub.ClientCalls.toStatusRuntimeException(ClientCalls.java:233)
	at org.apache.ratis.thirdparty.io.grpc.stub.ClientCalls.getUnchecked(ClientCalls.java:214)
	at org.apache.ratis.thirdparty.io.grpc.stub.ClientCalls.blockingUnaryCall(ClientCalls.java:139)
	at org.apache.ratis.proto.grpc.RaftServerProtocolServiceGrpc$RaftServerProtocolServiceBlockingStub.requestVote(RaftServerProtocolServiceGrpc.java:265)
	at org.apache.ratis.grpc.server.GrpcServerProtocolClient.requestVote(GrpcServerProtocolClient.java:99)
	at org.apache.ratis.grpc.server.GrpcService.requestVote(GrpcService.java:204)
	at org.apache.ratis.server.impl.LeaderElection.lambda$submitRequests$1(LeaderElection.java:234)
	at java.util.concurrent.FutureTask.run(FutureTask.java:266)
	at java.util.concurrent.Executors$RunnableAdapter.call(Executors.java:511)
	at java.util.concurrent.FutureTask.run(FutureTask.java:266)
	at java.util.concurrent.ThreadPoolExecutor.runWorker(ThreadPoolExecutor.java:1149)
	at java.util.concurrent.ThreadPoolExecutor$Worker.run(ThreadPoolExecutor.java:624)
	... 1 more
Caused by: org.apache.ratis.thirdparty.io.netty.channel.AbstractChannel$AnnotatedConnectException: Connection refused: /192.168.157.213:36639
	at sun.nio.ch.SocketChannelImpl.checkConnect(Native Method)
	at sun.nio.ch.SocketChannelImpl.finishConnect(SocketChannelImpl.java:717)
	at org.apache.ratis.thirdparty.io.netty.channel.socket.nio.NioSocketChannel.doFinishConnect(NioSocketChannel.java:327)
	at org.apache.ratis.thirdparty.io.netty.channel.nio.AbstractNioChannel$AbstractNioUnsafe.finishConnect(AbstractNioChannel.java:340)
	at org.apache.ratis.thirdparty.io.netty.channel.nio.NioEventLoop.processSelectedKey(NioEventLoop.java:632)
	at org.apache.ratis.thirdparty.io.netty.channel.nio.NioEventLoop.processSelectedKeysOptimized(NioEventLoop.java:579)
	at org.apache.ratis.thirdparty.io.netty.channel.nio.NioEventLoop.processSelectedKeys(NioEventLoop.java:496)
	at org.apache.ratis.thirdparty.io.netty.channel.nio.NioEventLoop.run(NioEventLoop.java:458)
	at org.apache.ratis.thirdparty.io.netty.util.concurrent.SingleThreadEventExecutor$5.run(SingleThreadEventExecutor.java:897)
	at org.apache.ratis.thirdparty.io.netty.util.concurrent.FastThreadLocalRunnable.run(FastThreadLocalRunnable.java:30)
	... 1 more
Caused by: java.net.ConnectException: Connection refused
	... 11 more
2019-10-19 01:04:50,145 [a1c78c0e-869c-4f76-b4ce-2034448e0b80@group-D48B69A44692-LeaderElection294] INFO  impl.RaftServerImpl (RaftServerImpl.java:setRole(184)) - a1c78c0e-869c-4f76-b4ce-2034448e0b80@group-D48B69A44692: changes role from CANDIDATE to FOLLOWER at term 188 for DISCOVERED_A_NEW_TERM
2019-10-19 01:04:50,145 [a1c78c0e-869c-4f76-b4ce-2034448e0b80@group-D48B69A44692-LeaderElection294] INFO  impl.RoleInfo (RoleInfo.java:shutdownLeaderElection(134)) - a1c78c0e-869c-4f76-b4ce-2034448e0b80: shutdown LeaderElection
2019-10-19 01:04:50,145 [a1c78c0e-869c-4f76-b4ce-2034448e0b80@group-D48B69A44692-LeaderElection294] INFO  impl.RoleInfo (RoleInfo.java:updateAndGet(143)) - a1c78c0e-869c-4f76-b4ce-2034448e0b80: start FollowerState
2019-10-19 01:04:50,169 [Thread-2411] INFO  impl.FollowerState (FollowerState.java:run(108)) - a1c78c0e-869c-4f76-b4ce-2034448e0b80@group-D48B69A44692-FollowerState: change to CANDIDATE, lastRpcTime:24ms, electionTimeout:24ms
2019-10-19 01:04:50,170 [Thread-2411] INFO  impl.RoleInfo (RoleInfo.java:shutdownFollowerState(121)) - a1c78c0e-869c-4f76-b4ce-2034448e0b80: shutdown FollowerState
2019-10-19 01:04:50,170 [Thread-2411] INFO  impl.RaftServerImpl (RaftServerImpl.java:setRole(184)) - a1c78c0e-869c-4f76-b4ce-2034448e0b80@group-D48B69A44692: changes role from  FOLLOWER to CANDIDATE at term 188 for changeToCandidate
2019-10-19 01:04:50,170 [Thread-2411] INFO  impl.RoleInfo (RoleInfo.java:updateAndGet(143)) - a1c78c0e-869c-4f76-b4ce-2034448e0b80: start LeaderElection
2019-10-19 01:04:50,194 [a1c78c0e-869c-4f76-b4ce-2034448e0b80@group-D48B69A44692-LeaderElection295] INFO  impl.LeaderElection (LeaderElection.java:askForVotes(178)) - a1c78c0e-869c-4f76-b4ce-2034448e0b80@group-D48B69A44692-LeaderElection295: begin an election at term 189 for -1: [51276c3c-a3b8-4274-b089-592ff4589f41:192.168.157.213:36639, 64c90977-e867-487c-b50d-c226f2d34a76:192.168.157.213:37433, a1c78c0e-869c-4f76-b4ce-2034448e0b80:192.168.157.213:33501], old=null
2019-10-19 01:04:50,195 [a1c78c0e-869c-4f76-b4ce-2034448e0b80@group-D48B69A44692-LeaderElection295] INFO  impl.LeaderElection (LogUtils.java:infoOrTrace(149)) - a1c78c0e-869c-4f76-b4ce-2034448e0b80@group-D48B69A44692-LeaderElection295 got exception when requesting votes: {}
java.util.concurrent.ExecutionException: org.apache.ratis.thirdparty.io.grpc.StatusRuntimeException: UNAVAILABLE: io exception
	at java.util.concurrent.FutureTask.report(FutureTask.java:122)
	at java.util.concurrent.FutureTask.get(FutureTask.java:192)
	at org.apache.ratis.server.impl.LeaderElection.waitForResults(LeaderElection.java:259)
	at org.apache.ratis.server.impl.LeaderElection.askForVotes(LeaderElection.java:197)
	at org.apache.ratis.server.impl.LeaderElection.run(LeaderElection.java:133)
	at java.lang.Thread.run(Thread.java:748)
Caused by: org.apache.ratis.thirdparty.io.grpc.StatusRuntimeException: UNAVAILABLE: io exception
	at org.apache.ratis.thirdparty.io.grpc.stub.ClientCalls.toStatusRuntimeException(ClientCalls.java:233)
	at org.apache.ratis.thirdparty.io.grpc.stub.ClientCalls.getUnchecked(ClientCalls.java:214)
	at org.apache.ratis.thirdparty.io.grpc.stub.ClientCalls.blockingUnaryCall(ClientCalls.java:139)
	at org.apache.ratis.proto.grpc.RaftServerProtocolServiceGrpc$RaftServerProtocolServiceBlockingStub.requestVote(RaftServerProtocolServiceGrpc.java:265)
	at org.apache.ratis.grpc.server.GrpcServerProtocolClient.requestVote(GrpcServerProtocolClient.java:99)
	at org.apache.ratis.grpc.server.GrpcService.requestVote(GrpcService.java:204)
	at org.apache.ratis.server.impl.LeaderElection.lambda$submitRequests$1(LeaderElection.java:234)
	at java.util.concurrent.FutureTask.run(FutureTask.java:266)
	at java.util.concurrent.Executors$RunnableAdapter.call(Executors.java:511)
	at java.util.concurrent.FutureTask.run(FutureTask.java:266)
	at java.util.concurrent.ThreadPoolExecutor.runWorker(ThreadPoolExecutor.java:1149)
	at java.util.concurrent.ThreadPoolExecutor$Worker.run(ThreadPoolExecutor.java:624)
	... 1 more
Caused by: org.apache.ratis.thirdparty.io.netty.channel.AbstractChannel$AnnotatedConnectException: Connection refused: /192.168.157.213:36639
	at sun.nio.ch.SocketChannelImpl.checkConnect(Native Method)
	at sun.nio.ch.SocketChannelImpl.finishConnect(SocketChannelImpl.java:717)
	at org.apache.ratis.thirdparty.io.netty.channel.socket.nio.NioSocketChannel.doFinishConnect(NioSocketChannel.java:327)
	at org.apache.ratis.thirdparty.io.netty.channel.nio.AbstractNioChannel$AbstractNioUnsafe.finishConnect(AbstractNioChannel.java:340)
	at org.apache.ratis.thirdparty.io.netty.channel.nio.NioEventLoop.processSelectedKey(NioEventLoop.java:632)
	at org.apache.ratis.thirdparty.io.netty.channel.nio.NioEventLoop.processSelectedKeysOptimized(NioEventLoop.java:579)
	at org.apache.ratis.thirdparty.io.netty.channel.nio.NioEventLoop.processSelectedKeys(NioEventLoop.java:496)
	at org.apache.ratis.thirdparty.io.netty.channel.nio.NioEventLoop.run(NioEventLoop.java:458)
	at org.apache.ratis.thirdparty.io.netty.util.concurrent.SingleThreadEventExecutor$5.run(SingleThreadEventExecutor.java:897)
	at org.apache.ratis.thirdparty.io.netty.util.concurrent.FastThreadLocalRunnable.run(FastThreadLocalRunnable.java:30)
	... 1 more
Caused by: java.net.ConnectException: Connection refused
	... 11 more
2019-10-19 01:04:50,199 [grpc-default-executor-7] INFO  impl.RaftServerImpl (RaftServerImpl.java:setRole(184)) - 64c90977-e867-487c-b50d-c226f2d34a76@group-D48B69A44692: changes role from  FOLLOWER to FOLLOWER at term 189 for recognizeCandidate:a1c78c0e-869c-4f76-b4ce-2034448e0b80
2019-10-19 01:04:50,199 [grpc-default-executor-7] INFO  impl.RoleInfo (RoleInfo.java:shutdownFollowerState(121)) - 64c90977-e867-487c-b50d-c226f2d34a76: shutdown FollowerState
2019-10-19 01:04:50,199 [grpc-default-executor-7] INFO  impl.RoleInfo (RoleInfo.java:updateAndGet(143)) - 64c90977-e867-487c-b50d-c226f2d34a76: start FollowerState
2019-10-19 01:04:50,199 [Thread-2410] INFO  impl.FollowerState (FollowerState.java:run(117)) - 64c90977-e867-487c-b50d-c226f2d34a76@group-D48B69A44692-FollowerState was interrupted: java.lang.InterruptedException: sleep interrupted
2019-10-19 01:04:50,212 [a1c78c0e-869c-4f76-b4ce-2034448e0b80@group-D48B69A44692-LeaderElection295] INFO  impl.LeaderElection (LeaderElection.java:logAndReturn(56)) - a1c78c0e-869c-4f76-b4ce-2034448e0b80@group-D48B69A44692-LeaderElection295: Election REJECTED; received 1 response(s) [a1c78c0e-869c-4f76-b4ce-2034448e0b80<-64c90977-e867-487c-b50d-c226f2d34a76#0:FAIL-t189] and 1 exception(s); a1c78c0e-869c-4f76-b4ce-2034448e0b80@group-D48B69A44692:t189, leader=null, voted=a1c78c0e-869c-4f76-b4ce-2034448e0b80, raftlog=a1c78c0e-869c-4f76-b4ce-2034448e0b80@group-D48B69A44692-SegmentedRaftLog:OPENED:c-1,f-1,i0, conf=-1: [51276c3c-a3b8-4274-b089-592ff4589f41:192.168.157.213:36639, 64c90977-e867-487c-b50d-c226f2d34a76:192.168.157.213:37433, a1c78c0e-869c-4f76-b4ce-2034448e0b80:192.168.157.213:33501], old=null
2019-10-19 01:04:50,213 [a1c78c0e-869c-4f76-b4ce-2034448e0b80@group-D48B69A44692-LeaderElection295] INFO  impl.LeaderElection (LogUtils.java:infoOrTrace(149)) -   Exception 0: {}
java.util.concurrent.ExecutionException: org.apache.ratis.thirdparty.io.grpc.StatusRuntimeException: UNAVAILABLE: io exception
	at java.util.concurrent.FutureTask.report(FutureTask.java:122)
	at java.util.concurrent.FutureTask.get(FutureTask.java:192)
	at org.apache.ratis.server.impl.LeaderElection.waitForResults(LeaderElection.java:259)
	at org.apache.ratis.server.impl.LeaderElection.askForVotes(LeaderElection.java:197)
	at org.apache.ratis.server.impl.LeaderElection.run(LeaderElection.java:133)
	at java.lang.Thread.run(Thread.java:748)
Caused by: org.apache.ratis.thirdparty.io.grpc.StatusRuntimeException: UNAVAILABLE: io exception
	at org.apache.ratis.thirdparty.io.grpc.stub.ClientCalls.toStatusRuntimeException(ClientCalls.java:233)
	at org.apache.ratis.thirdparty.io.grpc.stub.ClientCalls.getUnchecked(ClientCalls.java:214)
	at org.apache.ratis.thirdparty.io.grpc.stub.ClientCalls.blockingUnaryCall(ClientCalls.java:139)
	at org.apache.ratis.proto.grpc.RaftServerProtocolServiceGrpc$RaftServerProtocolServiceBlockingStub.requestVote(RaftServerProtocolServiceGrpc.java:265)
	at org.apache.ratis.grpc.server.GrpcServerProtocolClient.requestVote(GrpcServerProtocolClient.java:99)
	at org.apache.ratis.grpc.server.GrpcService.requestVote(GrpcService.java:204)
	at org.apache.ratis.server.impl.LeaderElection.lambda$submitRequests$1(LeaderElection.java:234)
	at java.util.concurrent.FutureTask.run(FutureTask.java:266)
	at java.util.concurrent.Executors$RunnableAdapter.call(Executors.java:511)
	at java.util.concurrent.FutureTask.run(FutureTask.java:266)
	at java.util.concurrent.ThreadPoolExecutor.runWorker(ThreadPoolExecutor.java:1149)
	at java.util.concurrent.ThreadPoolExecutor$Worker.run(ThreadPoolExecutor.java:624)
	... 1 more
Caused by: org.apache.ratis.thirdparty.io.netty.channel.AbstractChannel$AnnotatedConnectException: Connection refused: /192.168.157.213:36639
	at sun.nio.ch.SocketChannelImpl.checkConnect(Native Method)
	at sun.nio.ch.SocketChannelImpl.finishConnect(SocketChannelImpl.java:717)
	at org.apache.ratis.thirdparty.io.netty.channel.socket.nio.NioSocketChannel.doFinishConnect(NioSocketChannel.java:327)
	at org.apache.ratis.thirdparty.io.netty.channel.nio.AbstractNioChannel$AbstractNioUnsafe.finishConnect(AbstractNioChannel.java:340)
	at org.apache.ratis.thirdparty.io.netty.channel.nio.NioEventLoop.processSelectedKey(NioEventLoop.java:632)
	at org.apache.ratis.thirdparty.io.netty.channel.nio.NioEventLoop.processSelectedKeysOptimized(NioEventLoop.java:579)
	at org.apache.ratis.thirdparty.io.netty.channel.nio.NioEventLoop.processSelectedKeys(NioEventLoop.java:496)
	at org.apache.ratis.thirdparty.io.netty.channel.nio.NioEventLoop.run(NioEventLoop.java:458)
	at org.apache.ratis.thirdparty.io.netty.util.concurrent.SingleThreadEventExecutor$5.run(SingleThreadEventExecutor.java:897)
	at org.apache.ratis.thirdparty.io.netty.util.concurrent.FastThreadLocalRunnable.run(FastThreadLocalRunnable.java:30)
	... 1 more
Caused by: java.net.ConnectException: Connection refused
	... 11 more
2019-10-19 01:04:50,213 [a1c78c0e-869c-4f76-b4ce-2034448e0b80@group-D48B69A44692-LeaderElection295] INFO  impl.RaftServerImpl (RaftServerImpl.java:setRole(184)) - a1c78c0e-869c-4f76-b4ce-2034448e0b80@group-D48B69A44692: changes role from CANDIDATE to FOLLOWER at term 189 for DISCOVERED_A_NEW_TERM
2019-10-19 01:04:50,214 [a1c78c0e-869c-4f76-b4ce-2034448e0b80@group-D48B69A44692-LeaderElection295] INFO  impl.RoleInfo (RoleInfo.java:shutdownLeaderElection(134)) - a1c78c0e-869c-4f76-b4ce-2034448e0b80: shutdown LeaderElection
2019-10-19 01:04:50,214 [a1c78c0e-869c-4f76-b4ce-2034448e0b80@group-D48B69A44692-LeaderElection295] INFO  impl.RoleInfo (RoleInfo.java:updateAndGet(143)) - a1c78c0e-869c-4f76-b4ce-2034448e0b80: start FollowerState
2019-10-19 01:04:50,235 [Thread-2416] INFO  impl.FollowerState (FollowerState.java:run(108)) - a1c78c0e-869c-4f76-b4ce-2034448e0b80@group-D48B69A44692-FollowerState: change to CANDIDATE, lastRpcTime:21ms, electionTimeout:21ms
2019-10-19 01:04:50,235 [Thread-2416] INFO  impl.RoleInfo (RoleInfo.java:shutdownFollowerState(121)) - a1c78c0e-869c-4f76-b4ce-2034448e0b80: shutdown FollowerState
2019-10-19 01:04:50,235 [Thread-2416] INFO  impl.RaftServerImpl (RaftServerImpl.java:setRole(184)) - a1c78c0e-869c-4f76-b4ce-2034448e0b80@group-D48B69A44692: changes role from  FOLLOWER to CANDIDATE at term 189 for changeToCandidate
2019-10-19 01:04:50,236 [Thread-2416] INFO  impl.RoleInfo (RoleInfo.java:updateAndGet(143)) - a1c78c0e-869c-4f76-b4ce-2034448e0b80: start LeaderElection
2019-10-19 01:04:50,241 [Datanode State Machine Thread - 0] INFO  statemachine.DatanodeStateMachine (DatanodeStateMachine.java:lambda$startDaemon$0(350)) - Ozone container server started.
2019-10-19 01:04:50,243 [Datanode State Machine Thread - 0] INFO  statemachine.DatanodeStateMachine (DatanodeStateMachine.java:lambda$startDaemon$0(350)) - Ozone container server started.
2019-10-19 01:04:50,249 [a1c78c0e-869c-4f76-b4ce-2034448e0b80@group-D48B69A44692-LeaderElection296] INFO  impl.LeaderElection (LeaderElection.java:askForVotes(178)) - a1c78c0e-869c-4f76-b4ce-2034448e0b80@group-D48B69A44692-LeaderElection296: begin an election at term 190 for -1: [51276c3c-a3b8-4274-b089-592ff4589f41:192.168.157.213:36639, 64c90977-e867-487c-b50d-c226f2d34a76:192.168.157.213:37433, a1c78c0e-869c-4f76-b4ce-2034448e0b80:192.168.157.213:33501], old=null
2019-10-19 01:04:50,250 [a1c78c0e-869c-4f76-b4ce-2034448e0b80@group-D48B69A44692-LeaderElection296] INFO  impl.LeaderElection (LogUtils.java:infoOrTrace(149)) - a1c78c0e-869c-4f76-b4ce-2034448e0b80@group-D48B69A44692-LeaderElection296 got exception when requesting votes: {}
java.util.concurrent.ExecutionException: org.apache.ratis.thirdparty.io.grpc.StatusRuntimeException: UNAVAILABLE: io exception
	at java.util.concurrent.FutureTask.report(FutureTask.java:122)
	at java.util.concurrent.FutureTask.get(FutureTask.java:192)
	at org.apache.ratis.server.impl.LeaderElection.waitForResults(LeaderElection.java:259)
	at org.apache.ratis.server.impl.LeaderElection.askForVotes(LeaderElection.java:197)
	at org.apache.ratis.server.impl.LeaderElection.run(LeaderElection.java:133)
	at java.lang.Thread.run(Thread.java:748)
Caused by: org.apache.ratis.thirdparty.io.grpc.StatusRuntimeException: UNAVAILABLE: io exception
	at org.apache.ratis.thirdparty.io.grpc.stub.ClientCalls.toStatusRuntimeException(ClientCalls.java:233)
	at org.apache.ratis.thirdparty.io.grpc.stub.ClientCalls.getUnchecked(ClientCalls.java:214)
	at org.apache.ratis.thirdparty.io.grpc.stub.ClientCalls.blockingUnaryCall(ClientCalls.java:139)
	at org.apache.ratis.proto.grpc.RaftServerProtocolServiceGrpc$RaftServerProtocolServiceBlockingStub.requestVote(RaftServerProtocolServiceGrpc.java:265)
	at org.apache.ratis.grpc.server.GrpcServerProtocolClient.requestVote(GrpcServerProtocolClient.java:99)
	at org.apache.ratis.grpc.server.GrpcService.requestVote(GrpcService.java:204)
	at org.apache.ratis.server.impl.LeaderElection.lambda$submitRequests$1(LeaderElection.java:234)
	at java.util.concurrent.FutureTask.run(FutureTask.java:266)
	at java.util.concurrent.Executors$RunnableAdapter.call(Executors.java:511)
	at java.util.concurrent.FutureTask.run(FutureTask.java:266)
	at java.util.concurrent.ThreadPoolExecutor.runWorker(ThreadPoolExecutor.java:1149)
	at java.util.concurrent.ThreadPoolExecutor$Worker.run(ThreadPoolExecutor.java:624)
	... 1 more
Caused by: org.apache.ratis.thirdparty.io.netty.channel.AbstractChannel$AnnotatedConnectException: Connection refused: /192.168.157.213:36639
	at sun.nio.ch.SocketChannelImpl.checkConnect(Native Method)
	at sun.nio.ch.SocketChannelImpl.finishConnect(SocketChannelImpl.java:717)
	at org.apache.ratis.thirdparty.io.netty.channel.socket.nio.NioSocketChannel.doFinishConnect(NioSocketChannel.java:327)
	at org.apache.ratis.thirdparty.io.netty.channel.nio.AbstractNioChannel$AbstractNioUnsafe.finishConnect(AbstractNioChannel.java:340)
	at org.apache.ratis.thirdparty.io.netty.channel.nio.NioEventLoop.processSelectedKey(NioEventLoop.java:632)
	at org.apache.ratis.thirdparty.io.netty.channel.nio.NioEventLoop.processSelectedKeysOptimized(NioEventLoop.java:579)
	at org.apache.ratis.thirdparty.io.netty.channel.nio.NioEventLoop.processSelectedKeys(NioEventLoop.java:496)
	at org.apache.ratis.thirdparty.io.netty.channel.nio.NioEventLoop.run(NioEventLoop.java:458)
	at org.apache.ratis.thirdparty.io.netty.util.concurrent.SingleThreadEventExecutor$5.run(SingleThreadEventExecutor.java:897)
	at org.apache.ratis.thirdparty.io.netty.util.concurrent.FastThreadLocalRunnable.run(FastThreadLocalRunnable.java:30)
	... 1 more
Caused by: java.net.ConnectException: Connection refused
	... 11 more
2019-10-19 01:04:50,253 [grpc-default-executor-7] INFO  impl.RaftServerImpl (RaftServerImpl.java:setRole(184)) - 64c90977-e867-487c-b50d-c226f2d34a76@group-D48B69A44692: changes role from  FOLLOWER to FOLLOWER at term 190 for recognizeCandidate:a1c78c0e-869c-4f76-b4ce-2034448e0b80
2019-10-19 01:04:50,253 [grpc-default-executor-7] INFO  impl.RoleInfo (RoleInfo.java:shutdownFollowerState(121)) - 64c90977-e867-487c-b50d-c226f2d34a76: shutdown FollowerState
2019-10-19 01:04:50,253 [grpc-default-executor-7] INFO  impl.RoleInfo (RoleInfo.java:updateAndGet(143)) - 64c90977-e867-487c-b50d-c226f2d34a76: start FollowerState
2019-10-19 01:04:50,253 [Thread-2415] INFO  impl.FollowerState (FollowerState.java:run(117)) - 64c90977-e867-487c-b50d-c226f2d34a76@group-D48B69A44692-FollowerState was interrupted: java.lang.InterruptedException: sleep interrupted
2019-10-19 01:04:50,268 [a1c78c0e-869c-4f76-b4ce-2034448e0b80@group-D48B69A44692-LeaderElection296] INFO  impl.LeaderElection (LeaderElection.java:logAndReturn(56)) - a1c78c0e-869c-4f76-b4ce-2034448e0b80@group-D48B69A44692-LeaderElection296: Election REJECTED; received 1 response(s) [a1c78c0e-869c-4f76-b4ce-2034448e0b80<-64c90977-e867-487c-b50d-c226f2d34a76#0:FAIL-t190] and 1 exception(s); a1c78c0e-869c-4f76-b4ce-2034448e0b80@group-D48B69A44692:t190, leader=null, voted=a1c78c0e-869c-4f76-b4ce-2034448e0b80, raftlog=a1c78c0e-869c-4f76-b4ce-2034448e0b80@group-D48B69A44692-SegmentedRaftLog:OPENED:c-1,f-1,i0, conf=-1: [51276c3c-a3b8-4274-b089-592ff4589f41:192.168.157.213:36639, 64c90977-e867-487c-b50d-c226f2d34a76:192.168.157.213:37433, a1c78c0e-869c-4f76-b4ce-2034448e0b80:192.168.157.213:33501], old=null
2019-10-19 01:04:50,268 [a1c78c0e-869c-4f76-b4ce-2034448e0b80@group-D48B69A44692-LeaderElection296] INFO  impl.LeaderElection (LogUtils.java:infoOrTrace(149)) -   Exception 0: {}
java.util.concurrent.ExecutionException: org.apache.ratis.thirdparty.io.grpc.StatusRuntimeException: UNAVAILABLE: io exception
	at java.util.concurrent.FutureTask.report(FutureTask.java:122)
	at java.util.concurrent.FutureTask.get(FutureTask.java:192)
	at org.apache.ratis.server.impl.LeaderElection.waitForResults(LeaderElection.java:259)
	at org.apache.ratis.server.impl.LeaderElection.askForVotes(LeaderElection.java:197)
	at org.apache.ratis.server.impl.LeaderElection.run(LeaderElection.java:133)
	at java.lang.Thread.run(Thread.java:748)
Caused by: org.apache.ratis.thirdparty.io.grpc.StatusRuntimeException: UNAVAILABLE: io exception
	at org.apache.ratis.thirdparty.io.grpc.stub.ClientCalls.toStatusRuntimeException(ClientCalls.java:233)
	at org.apache.ratis.thirdparty.io.grpc.stub.ClientCalls.getUnchecked(ClientCalls.java:214)
	at org.apache.ratis.thirdparty.io.grpc.stub.ClientCalls.blockingUnaryCall(ClientCalls.java:139)
	at org.apache.ratis.proto.grpc.RaftServerProtocolServiceGrpc$RaftServerProtocolServiceBlockingStub.requestVote(RaftServerProtocolServiceGrpc.java:265)
	at org.apache.ratis.grpc.server.GrpcServerProtocolClient.requestVote(GrpcServerProtocolClient.java:99)
	at org.apache.ratis.grpc.server.GrpcService.requestVote(GrpcService.java:204)
	at org.apache.ratis.server.impl.LeaderElection.lambda$submitRequests$1(LeaderElection.java:234)
	at java.util.concurrent.FutureTask.run(FutureTask.java:266)
	at java.util.concurrent.Executors$RunnableAdapter.call(Executors.java:511)
	at java.util.concurrent.FutureTask.run(FutureTask.java:266)
	at java.util.concurrent.ThreadPoolExecutor.runWorker(ThreadPoolExecutor.java:1149)
	at java.util.concurrent.ThreadPoolExecutor$Worker.run(ThreadPoolExecutor.java:624)
	... 1 more
Caused by: org.apache.ratis.thirdparty.io.netty.channel.AbstractChannel$AnnotatedConnectException: Connection refused: /192.168.157.213:36639
	at sun.nio.ch.SocketChannelImpl.checkConnect(Native Method)
	at sun.nio.ch.SocketChannelImpl.finishConnect(SocketChannelImpl.java:717)
	at org.apache.ratis.thirdparty.io.netty.channel.socket.nio.NioSocketChannel.doFinishConnect(NioSocketChannel.java:327)
	at org.apache.ratis.thirdparty.io.netty.channel.nio.AbstractNioChannel$AbstractNioUnsafe.finishConnect(AbstractNioChannel.java:340)
	at org.apache.ratis.thirdparty.io.netty.channel.nio.NioEventLoop.processSelectedKey(NioEventLoop.java:632)
	at org.apache.ratis.thirdparty.io.netty.channel.nio.NioEventLoop.processSelectedKeysOptimized(NioEventLoop.java:579)
	at org.apache.ratis.thirdparty.io.netty.channel.nio.NioEventLoop.processSelectedKeys(NioEventLoop.java:496)
	at org.apache.ratis.thirdparty.io.netty.channel.nio.NioEventLoop.run(NioEventLoop.java:458)
	at org.apache.ratis.thirdparty.io.netty.util.concurrent.SingleThreadEventExecutor$5.run(SingleThreadEventExecutor.java:897)
	at org.apache.ratis.thirdparty.io.netty.util.concurrent.FastThreadLocalRunnable.run(FastThreadLocalRunnable.java:30)
	... 1 more
Caused by: java.net.ConnectException: Connection refused
	... 11 more
2019-10-19 01:04:50,268 [a1c78c0e-869c-4f76-b4ce-2034448e0b80@group-D48B69A44692-LeaderElection296] INFO  impl.RaftServerImpl (RaftServerImpl.java:setRole(184)) - a1c78c0e-869c-4f76-b4ce-2034448e0b80@group-D48B69A44692: changes role from CANDIDATE to FOLLOWER at term 190 for DISCOVERED_A_NEW_TERM
2019-10-19 01:04:50,269 [a1c78c0e-869c-4f76-b4ce-2034448e0b80@group-D48B69A44692-LeaderElection296] INFO  impl.RoleInfo (RoleInfo.java:shutdownLeaderElection(134)) - a1c78c0e-869c-4f76-b4ce-2034448e0b80: shutdown LeaderElection
2019-10-19 01:04:50,269 [a1c78c0e-869c-4f76-b4ce-2034448e0b80@group-D48B69A44692-LeaderElection296] INFO  impl.RoleInfo (RoleInfo.java:updateAndGet(143)) - a1c78c0e-869c-4f76-b4ce-2034448e0b80: start FollowerState
2019-10-19 01:04:50,429 [Thread-2421] INFO  impl.FollowerState (FollowerState.java:run(108)) - a1c78c0e-869c-4f76-b4ce-2034448e0b80@group-D48B69A44692-FollowerState: change to CANDIDATE, lastRpcTime:160ms, electionTimeout:160ms
2019-10-19 01:04:50,429 [Thread-2421] INFO  impl.RoleInfo (RoleInfo.java:shutdownFollowerState(121)) - a1c78c0e-869c-4f76-b4ce-2034448e0b80: shutdown FollowerState
2019-10-19 01:04:50,429 [Thread-2421] INFO  impl.RaftServerImpl (RaftServerImpl.java:setRole(184)) - a1c78c0e-869c-4f76-b4ce-2034448e0b80@group-D48B69A44692: changes role from  FOLLOWER to CANDIDATE at term 190 for changeToCandidate
2019-10-19 01:04:50,430 [Thread-2421] INFO  impl.RoleInfo (RoleInfo.java:updateAndGet(143)) - a1c78c0e-869c-4f76-b4ce-2034448e0b80: start LeaderElection
2019-10-19 01:04:50,445 [a1c78c0e-869c-4f76-b4ce-2034448e0b80@group-D48B69A44692-LeaderElection297] INFO  impl.LeaderElection (LeaderElection.java:askForVotes(178)) - a1c78c0e-869c-4f76-b4ce-2034448e0b80@group-D48B69A44692-LeaderElection297: begin an election at term 191 for -1: [51276c3c-a3b8-4274-b089-592ff4589f41:192.168.157.213:36639, 64c90977-e867-487c-b50d-c226f2d34a76:192.168.157.213:37433, a1c78c0e-869c-4f76-b4ce-2034448e0b80:192.168.157.213:33501], old=null
2019-10-19 01:04:50,446 [a1c78c0e-869c-4f76-b4ce-2034448e0b80@group-D48B69A44692-LeaderElection297] INFO  impl.LeaderElection (LogUtils.java:infoOrTrace(149)) - a1c78c0e-869c-4f76-b4ce-2034448e0b80@group-D48B69A44692-LeaderElection297 got exception when requesting votes: {}
java.util.concurrent.ExecutionException: org.apache.ratis.thirdparty.io.grpc.StatusRuntimeException: UNAVAILABLE: io exception
	at java.util.concurrent.FutureTask.report(FutureTask.java:122)
	at java.util.concurrent.FutureTask.get(FutureTask.java:192)
	at org.apache.ratis.server.impl.LeaderElection.waitForResults(LeaderElection.java:259)
	at org.apache.ratis.server.impl.LeaderElection.askForVotes(LeaderElection.java:197)
	at org.apache.ratis.server.impl.LeaderElection.run(LeaderElection.java:133)
	at java.lang.Thread.run(Thread.java:748)
Caused by: org.apache.ratis.thirdparty.io.grpc.StatusRuntimeException: UNAVAILABLE: io exception
	at org.apache.ratis.thirdparty.io.grpc.stub.ClientCalls.toStatusRuntimeException(ClientCalls.java:233)
	at org.apache.ratis.thirdparty.io.grpc.stub.ClientCalls.getUnchecked(ClientCalls.java:214)
	at org.apache.ratis.thirdparty.io.grpc.stub.ClientCalls.blockingUnaryCall(ClientCalls.java:139)
	at org.apache.ratis.proto.grpc.RaftServerProtocolServiceGrpc$RaftServerProtocolServiceBlockingStub.requestVote(RaftServerProtocolServiceGrpc.java:265)
	at org.apache.ratis.grpc.server.GrpcServerProtocolClient.requestVote(GrpcServerProtocolClient.java:99)
	at org.apache.ratis.grpc.server.GrpcService.requestVote(GrpcService.java:204)
	at org.apache.ratis.server.impl.LeaderElection.lambda$submitRequests$1(LeaderElection.java:234)
	at java.util.concurrent.FutureTask.run(FutureTask.java:266)
	at java.util.concurrent.Executors$RunnableAdapter.call(Executors.java:511)
	at java.util.concurrent.FutureTask.run(FutureTask.java:266)
	at java.util.concurrent.ThreadPoolExecutor.runWorker(ThreadPoolExecutor.java:1149)
	at java.util.concurrent.ThreadPoolExecutor$Worker.run(ThreadPoolExecutor.java:624)
	... 1 more
Caused by: org.apache.ratis.thirdparty.io.netty.channel.AbstractChannel$AnnotatedConnectException: Connection refused: /192.168.157.213:36639
	at sun.nio.ch.SocketChannelImpl.checkConnect(Native Method)
	at sun.nio.ch.SocketChannelImpl.finishConnect(SocketChannelImpl.java:717)
	at org.apache.ratis.thirdparty.io.netty.channel.socket.nio.NioSocketChannel.doFinishConnect(NioSocketChannel.java:327)
	at org.apache.ratis.thirdparty.io.netty.channel.nio.AbstractNioChannel$AbstractNioUnsafe.finishConnect(AbstractNioChannel.java:340)
	at org.apache.ratis.thirdparty.io.netty.channel.nio.NioEventLoop.processSelectedKey(NioEventLoop.java:632)
	at org.apache.ratis.thirdparty.io.netty.channel.nio.NioEventLoop.processSelectedKeysOptimized(NioEventLoop.java:579)
	at org.apache.ratis.thirdparty.io.netty.channel.nio.NioEventLoop.processSelectedKeys(NioEventLoop.java:496)
	at org.apache.ratis.thirdparty.io.netty.channel.nio.NioEventLoop.run(NioEventLoop.java:458)
	at org.apache.ratis.thirdparty.io.netty.util.concurrent.SingleThreadEventExecutor$5.run(SingleThreadEventExecutor.java:897)
	at org.apache.ratis.thirdparty.io.netty.util.concurrent.FastThreadLocalRunnable.run(FastThreadLocalRunnable.java:30)
	... 1 more
Caused by: java.net.ConnectException: Connection refused
	... 11 more
2019-10-19 01:04:50,449 [grpc-default-executor-7] INFO  impl.RaftServerImpl (RaftServerImpl.java:setRole(184)) - 64c90977-e867-487c-b50d-c226f2d34a76@group-D48B69A44692: changes role from  FOLLOWER to FOLLOWER at term 191 for recognizeCandidate:a1c78c0e-869c-4f76-b4ce-2034448e0b80
2019-10-19 01:04:50,450 [grpc-default-executor-7] INFO  impl.RoleInfo (RoleInfo.java:shutdownFollowerState(121)) - 64c90977-e867-487c-b50d-c226f2d34a76: shutdown FollowerState
2019-10-19 01:04:50,450 [grpc-default-executor-7] INFO  impl.RoleInfo (RoleInfo.java:updateAndGet(143)) - 64c90977-e867-487c-b50d-c226f2d34a76: start FollowerState
2019-10-19 01:04:50,450 [Thread-2420] INFO  impl.FollowerState (FollowerState.java:run(117)) - 64c90977-e867-487c-b50d-c226f2d34a76@group-D48B69A44692-FollowerState was interrupted: java.lang.InterruptedException: sleep interrupted
2019-10-19 01:04:50,468 [a1c78c0e-869c-4f76-b4ce-2034448e0b80@group-D48B69A44692-LeaderElection297] INFO  impl.LeaderElection (LeaderElection.java:logAndReturn(56)) - a1c78c0e-869c-4f76-b4ce-2034448e0b80@group-D48B69A44692-LeaderElection297: Election REJECTED; received 1 response(s) [a1c78c0e-869c-4f76-b4ce-2034448e0b80<-64c90977-e867-487c-b50d-c226f2d34a76#0:FAIL-t191] and 1 exception(s); a1c78c0e-869c-4f76-b4ce-2034448e0b80@group-D48B69A44692:t191, leader=null, voted=a1c78c0e-869c-4f76-b4ce-2034448e0b80, raftlog=a1c78c0e-869c-4f76-b4ce-2034448e0b80@group-D48B69A44692-SegmentedRaftLog:OPENED:c-1,f-1,i0, conf=-1: [51276c3c-a3b8-4274-b089-592ff4589f41:192.168.157.213:36639, 64c90977-e867-487c-b50d-c226f2d34a76:192.168.157.213:37433, a1c78c0e-869c-4f76-b4ce-2034448e0b80:192.168.157.213:33501], old=null
2019-10-19 01:04:50,468 [a1c78c0e-869c-4f76-b4ce-2034448e0b80@group-D48B69A44692-LeaderElection297] INFO  impl.LeaderElection (LogUtils.java:infoOrTrace(149)) -   Exception 0: {}
java.util.concurrent.ExecutionException: org.apache.ratis.thirdparty.io.grpc.StatusRuntimeException: UNAVAILABLE: io exception
	at java.util.concurrent.FutureTask.report(FutureTask.java:122)
	at java.util.concurrent.FutureTask.get(FutureTask.java:192)
	at org.apache.ratis.server.impl.LeaderElection.waitForResults(LeaderElection.java:259)
	at org.apache.ratis.server.impl.LeaderElection.askForVotes(LeaderElection.java:197)
	at org.apache.ratis.server.impl.LeaderElection.run(LeaderElection.java:133)
	at java.lang.Thread.run(Thread.java:748)
Caused by: org.apache.ratis.thirdparty.io.grpc.StatusRuntimeException: UNAVAILABLE: io exception
	at org.apache.ratis.thirdparty.io.grpc.stub.ClientCalls.toStatusRuntimeException(ClientCalls.java:233)
	at org.apache.ratis.thirdparty.io.grpc.stub.ClientCalls.getUnchecked(ClientCalls.java:214)
	at org.apache.ratis.thirdparty.io.grpc.stub.ClientCalls.blockingUnaryCall(ClientCalls.java:139)
	at org.apache.ratis.proto.grpc.RaftServerProtocolServiceGrpc$RaftServerProtocolServiceBlockingStub.requestVote(RaftServerProtocolServiceGrpc.java:265)
	at org.apache.ratis.grpc.server.GrpcServerProtocolClient.requestVote(GrpcServerProtocolClient.java:99)
	at org.apache.ratis.grpc.server.GrpcService.requestVote(GrpcService.java:204)
	at org.apache.ratis.server.impl.LeaderElection.lambda$submitRequests$1(LeaderElection.java:234)
	at java.util.concurrent.FutureTask.run(FutureTask.java:266)
	at java.util.concurrent.Executors$RunnableAdapter.call(Executors.java:511)
	at java.util.concurrent.FutureTask.run(FutureTask.java:266)
	at java.util.concurrent.ThreadPoolExecutor.runWorker(ThreadPoolExecutor.java:1149)
	at java.util.concurrent.ThreadPoolExecutor$Worker.run(ThreadPoolExecutor.java:624)
	... 1 more
Caused by: org.apache.ratis.thirdparty.io.netty.channel.AbstractChannel$AnnotatedConnectException: Connection refused: /192.168.157.213:36639
	at sun.nio.ch.SocketChannelImpl.checkConnect(Native Method)
	at sun.nio.ch.SocketChannelImpl.finishConnect(SocketChannelImpl.java:717)
	at org.apache.ratis.thirdparty.io.netty.channel.socket.nio.NioSocketChannel.doFinishConnect(NioSocketChannel.java:327)
	at org.apache.ratis.thirdparty.io.netty.channel.nio.AbstractNioChannel$AbstractNioUnsafe.finishConnect(AbstractNioChannel.java:340)
	at org.apache.ratis.thirdparty.io.netty.channel.nio.NioEventLoop.processSelectedKey(NioEventLoop.java:632)
	at org.apache.ratis.thirdparty.io.netty.channel.nio.NioEventLoop.processSelectedKeysOptimized(NioEventLoop.java:579)
	at org.apache.ratis.thirdparty.io.netty.channel.nio.NioEventLoop.processSelectedKeys(NioEventLoop.java:496)
	at org.apache.ratis.thirdparty.io.netty.channel.nio.NioEventLoop.run(NioEventLoop.java:458)
	at org.apache.ratis.thirdparty.io.netty.util.concurrent.SingleThreadEventExecutor$5.run(SingleThreadEventExecutor.java:897)
	at org.apache.ratis.thirdparty.io.netty.util.concurrent.FastThreadLocalRunnable.run(FastThreadLocalRunnable.java:30)
	... 1 more
Caused by: java.net.ConnectException: Connection refused
	... 11 more
2019-10-19 01:04:50,469 [a1c78c0e-869c-4f76-b4ce-2034448e0b80@group-D48B69A44692-LeaderElection297] INFO  impl.RaftServerImpl (RaftServerImpl.java:setRole(184)) - a1c78c0e-869c-4f76-b4ce-2034448e0b80@group-D48B69A44692: changes role from CANDIDATE to FOLLOWER at term 191 for DISCOVERED_A_NEW_TERM
2019-10-19 01:04:50,469 [a1c78c0e-869c-4f76-b4ce-2034448e0b80@group-D48B69A44692-LeaderElection297] INFO  impl.RoleInfo (RoleInfo.java:shutdownLeaderElection(134)) - a1c78c0e-869c-4f76-b4ce-2034448e0b80: shutdown LeaderElection
2019-10-19 01:04:50,469 [a1c78c0e-869c-4f76-b4ce-2034448e0b80@group-D48B69A44692-LeaderElection297] INFO  impl.RoleInfo (RoleInfo.java:updateAndGet(143)) - a1c78c0e-869c-4f76-b4ce-2034448e0b80: start FollowerState
2019-10-19 01:04:50,519 [Thread-2428] INFO  impl.FollowerState (FollowerState.java:run(108)) - a1c78c0e-869c-4f76-b4ce-2034448e0b80@group-D48B69A44692-FollowerState: change to CANDIDATE, lastRpcTime:50ms, electionTimeout:50ms
2019-10-19 01:04:50,519 [Thread-2428] INFO  impl.RoleInfo (RoleInfo.java:shutdownFollowerState(121)) - a1c78c0e-869c-4f76-b4ce-2034448e0b80: shutdown FollowerState
2019-10-19 01:04:50,520 [Thread-2428] INFO  impl.RaftServerImpl (RaftServerImpl.java:setRole(184)) - a1c78c0e-869c-4f76-b4ce-2034448e0b80@group-D48B69A44692: changes role from  FOLLOWER to CANDIDATE at term 191 for changeToCandidate
2019-10-19 01:04:50,520 [Thread-2428] INFO  impl.RoleInfo (RoleInfo.java:updateAndGet(143)) - a1c78c0e-869c-4f76-b4ce-2034448e0b80: start LeaderElection
2019-10-19 01:04:50,533 [a1c78c0e-869c-4f76-b4ce-2034448e0b80@group-D48B69A44692-LeaderElection298] INFO  impl.LeaderElection (LeaderElection.java:askForVotes(178)) - a1c78c0e-869c-4f76-b4ce-2034448e0b80@group-D48B69A44692-LeaderElection298: begin an election at term 192 for -1: [51276c3c-a3b8-4274-b089-592ff4589f41:192.168.157.213:36639, 64c90977-e867-487c-b50d-c226f2d34a76:192.168.157.213:37433, a1c78c0e-869c-4f76-b4ce-2034448e0b80:192.168.157.213:33501], old=null
2019-10-19 01:04:50,534 [a1c78c0e-869c-4f76-b4ce-2034448e0b80@group-D48B69A44692-LeaderElection298] INFO  impl.LeaderElection (LogUtils.java:infoOrTrace(149)) - a1c78c0e-869c-4f76-b4ce-2034448e0b80@group-D48B69A44692-LeaderElection298 got exception when requesting votes: {}
java.util.concurrent.ExecutionException: org.apache.ratis.thirdparty.io.grpc.StatusRuntimeException: UNAVAILABLE: io exception
	at java.util.concurrent.FutureTask.report(FutureTask.java:122)
	at java.util.concurrent.FutureTask.get(FutureTask.java:192)
	at org.apache.ratis.server.impl.LeaderElection.waitForResults(LeaderElection.java:259)
	at org.apache.ratis.server.impl.LeaderElection.askForVotes(LeaderElection.java:197)
	at org.apache.ratis.server.impl.LeaderElection.run(LeaderElection.java:133)
	at java.lang.Thread.run(Thread.java:748)
Caused by: org.apache.ratis.thirdparty.io.grpc.StatusRuntimeException: UNAVAILABLE: io exception
	at org.apache.ratis.thirdparty.io.grpc.stub.ClientCalls.toStatusRuntimeException(ClientCalls.java:233)
	at org.apache.ratis.thirdparty.io.grpc.stub.ClientCalls.getUnchecked(ClientCalls.java:214)
	at org.apache.ratis.thirdparty.io.grpc.stub.ClientCalls.blockingUnaryCall(ClientCalls.java:139)
	at org.apache.ratis.proto.grpc.RaftServerProtocolServiceGrpc$RaftServerProtocolServiceBlockingStub.requestVote(RaftServerProtocolServiceGrpc.java:265)
	at org.apache.ratis.grpc.server.GrpcServerProtocolClient.requestVote(GrpcServerProtocolClient.java:99)
	at org.apache.ratis.grpc.server.GrpcService.requestVote(GrpcService.java:204)
	at org.apache.ratis.server.impl.LeaderElection.lambda$submitRequests$1(LeaderElection.java:234)
	at java.util.concurrent.FutureTask.run(FutureTask.java:266)
	at java.util.concurrent.Executors$RunnableAdapter.call(Executors.java:511)
	at java.util.concurrent.FutureTask.run(FutureTask.java:266)
	at java.util.concurrent.ThreadPoolExecutor.runWorker(ThreadPoolExecutor.java:1149)
	at java.util.concurrent.ThreadPoolExecutor$Worker.run(ThreadPoolExecutor.java:624)
	... 1 more
Caused by: org.apache.ratis.thirdparty.io.netty.channel.AbstractChannel$AnnotatedConnectException: Connection refused: /192.168.157.213:36639
	at sun.nio.ch.SocketChannelImpl.checkConnect(Native Method)
	at sun.nio.ch.SocketChannelImpl.finishConnect(SocketChannelImpl.java:717)
	at org.apache.ratis.thirdparty.io.netty.channel.socket.nio.NioSocketChannel.doFinishConnect(NioSocketChannel.java:327)
	at org.apache.ratis.thirdparty.io.netty.channel.nio.AbstractNioChannel$AbstractNioUnsafe.finishConnect(AbstractNioChannel.java:340)
	at org.apache.ratis.thirdparty.io.netty.channel.nio.NioEventLoop.processSelectedKey(NioEventLoop.java:632)
	at org.apache.ratis.thirdparty.io.netty.channel.nio.NioEventLoop.processSelectedKeysOptimized(NioEventLoop.java:579)
	at org.apache.ratis.thirdparty.io.netty.channel.nio.NioEventLoop.processSelectedKeys(NioEventLoop.java:496)
	at org.apache.ratis.thirdparty.io.netty.channel.nio.NioEventLoop.run(NioEventLoop.java:458)
	at org.apache.ratis.thirdparty.io.netty.util.concurrent.SingleThreadEventExecutor$5.run(SingleThreadEventExecutor.java:897)
	at org.apache.ratis.thirdparty.io.netty.util.concurrent.FastThreadLocalRunnable.run(FastThreadLocalRunnable.java:30)
	... 1 more
Caused by: java.net.ConnectException: Connection refused
	... 11 more
2019-10-19 01:04:50,536 [grpc-default-executor-7] INFO  impl.RaftServerImpl (RaftServerImpl.java:setRole(184)) - 64c90977-e867-487c-b50d-c226f2d34a76@group-D48B69A44692: changes role from  FOLLOWER to FOLLOWER at term 192 for recognizeCandidate:a1c78c0e-869c-4f76-b4ce-2034448e0b80
2019-10-19 01:04:50,537 [grpc-default-executor-7] INFO  impl.RoleInfo (RoleInfo.java:shutdownFollowerState(121)) - 64c90977-e867-487c-b50d-c226f2d34a76: shutdown FollowerState
2019-10-19 01:04:50,537 [grpc-default-executor-7] INFO  impl.RoleInfo (RoleInfo.java:updateAndGet(143)) - 64c90977-e867-487c-b50d-c226f2d34a76: start FollowerState
2019-10-19 01:04:50,537 [Thread-2427] INFO  impl.FollowerState (FollowerState.java:run(117)) - 64c90977-e867-487c-b50d-c226f2d34a76@group-D48B69A44692-FollowerState was interrupted: java.lang.InterruptedException: sleep interrupted
2019-10-19 01:04:50,550 [a1c78c0e-869c-4f76-b4ce-2034448e0b80@group-D48B69A44692-LeaderElection298] INFO  impl.LeaderElection (LeaderElection.java:logAndReturn(56)) - a1c78c0e-869c-4f76-b4ce-2034448e0b80@group-D48B69A44692-LeaderElection298: Election REJECTED; received 1 response(s) [a1c78c0e-869c-4f76-b4ce-2034448e0b80<-64c90977-e867-487c-b50d-c226f2d34a76#0:FAIL-t192] and 1 exception(s); a1c78c0e-869c-4f76-b4ce-2034448e0b80@group-D48B69A44692:t192, leader=null, voted=a1c78c0e-869c-4f76-b4ce-2034448e0b80, raftlog=a1c78c0e-869c-4f76-b4ce-2034448e0b80@group-D48B69A44692-SegmentedRaftLog:OPENED:c-1,f-1,i0, conf=-1: [51276c3c-a3b8-4274-b089-592ff4589f41:192.168.157.213:36639, 64c90977-e867-487c-b50d-c226f2d34a76:192.168.157.213:37433, a1c78c0e-869c-4f76-b4ce-2034448e0b80:192.168.157.213:33501], old=null
2019-10-19 01:04:50,551 [a1c78c0e-869c-4f76-b4ce-2034448e0b80@group-D48B69A44692-LeaderElection298] INFO  impl.LeaderElection (LogUtils.java:infoOrTrace(149)) -   Exception 0: {}
java.util.concurrent.ExecutionException: org.apache.ratis.thirdparty.io.grpc.StatusRuntimeException: UNAVAILABLE: io exception
	at java.util.concurrent.FutureTask.report(FutureTask.java:122)
	at java.util.concurrent.FutureTask.get(FutureTask.java:192)
	at org.apache.ratis.server.impl.LeaderElection.waitForResults(LeaderElection.java:259)
	at org.apache.ratis.server.impl.LeaderElection.askForVotes(LeaderElection.java:197)
	at org.apache.ratis.server.impl.LeaderElection.run(LeaderElection.java:133)
	at java.lang.Thread.run(Thread.java:748)
Caused by: org.apache.ratis.thirdparty.io.grpc.StatusRuntimeException: UNAVAILABLE: io exception
	at org.apache.ratis.thirdparty.io.grpc.stub.ClientCalls.toStatusRuntimeException(ClientCalls.java:233)
	at org.apache.ratis.thirdparty.io.grpc.stub.ClientCalls.getUnchecked(ClientCalls.java:214)
	at org.apache.ratis.thirdparty.io.grpc.stub.ClientCalls.blockingUnaryCall(ClientCalls.java:139)
	at org.apache.ratis.proto.grpc.RaftServerProtocolServiceGrpc$RaftServerProtocolServiceBlockingStub.requestVote(RaftServerProtocolServiceGrpc.java:265)
	at org.apache.ratis.grpc.server.GrpcServerProtocolClient.requestVote(GrpcServerProtocolClient.java:99)
	at org.apache.ratis.grpc.server.GrpcService.requestVote(GrpcService.java:204)
	at org.apache.ratis.server.impl.LeaderElection.lambda$submitRequests$1(LeaderElection.java:234)
	at java.util.concurrent.FutureTask.run(FutureTask.java:266)
	at java.util.concurrent.Executors$RunnableAdapter.call(Executors.java:511)
	at java.util.concurrent.FutureTask.run(FutureTask.java:266)
	at java.util.concurrent.ThreadPoolExecutor.runWorker(ThreadPoolExecutor.java:1149)
	at java.util.concurrent.ThreadPoolExecutor$Worker.run(ThreadPoolExecutor.java:624)
	... 1 more
Caused by: org.apache.ratis.thirdparty.io.netty.channel.AbstractChannel$AnnotatedConnectException: Connection refused: /192.168.157.213:36639
	at sun.nio.ch.SocketChannelImpl.checkConnect(Native Method)
	at sun.nio.ch.SocketChannelImpl.finishConnect(SocketChannelImpl.java:717)
	at org.apache.ratis.thirdparty.io.netty.channel.socket.nio.NioSocketChannel.doFinishConnect(NioSocketChannel.java:327)
	at org.apache.ratis.thirdparty.io.netty.channel.nio.AbstractNioChannel$AbstractNioUnsafe.finishConnect(AbstractNioChannel.java:340)
	at org.apache.ratis.thirdparty.io.netty.channel.nio.NioEventLoop.processSelectedKey(NioEventLoop.java:632)
	at org.apache.ratis.thirdparty.io.netty.channel.nio.NioEventLoop.processSelectedKeysOptimized(NioEventLoop.java:579)
	at org.apache.ratis.thirdparty.io.netty.channel.nio.NioEventLoop.processSelectedKeys(NioEventLoop.java:496)
	at org.apache.ratis.thirdparty.io.netty.channel.nio.NioEventLoop.run(NioEventLoop.java:458)
	at org.apache.ratis.thirdparty.io.netty.util.concurrent.SingleThreadEventExecutor$5.run(SingleThreadEventExecutor.java:897)
	at org.apache.ratis.thirdparty.io.netty.util.concurrent.FastThreadLocalRunnable.run(FastThreadLocalRunnable.java:30)
	... 1 more
Caused by: java.net.ConnectException: Connection refused
	... 11 more
2019-10-19 01:04:50,551 [a1c78c0e-869c-4f76-b4ce-2034448e0b80@group-D48B69A44692-LeaderElection298] INFO  impl.RaftServerImpl (RaftServerImpl.java:setRole(184)) - a1c78c0e-869c-4f76-b4ce-2034448e0b80@group-D48B69A44692: changes role from CANDIDATE to FOLLOWER at term 192 for DISCOVERED_A_NEW_TERM
2019-10-19 01:04:50,551 [a1c78c0e-869c-4f76-b4ce-2034448e0b80@group-D48B69A44692-LeaderElection298] INFO  impl.RoleInfo (RoleInfo.java:shutdownLeaderElection(134)) - a1c78c0e-869c-4f76-b4ce-2034448e0b80: shutdown LeaderElection
2019-10-19 01:04:50,551 [a1c78c0e-869c-4f76-b4ce-2034448e0b80@group-D48B69A44692-LeaderElection298] INFO  impl.RoleInfo (RoleInfo.java:updateAndGet(143)) - a1c78c0e-869c-4f76-b4ce-2034448e0b80: start FollowerState
2019-10-19 01:04:50,697 [Thread-2433] INFO  impl.FollowerState (FollowerState.java:run(108)) - a1c78c0e-869c-4f76-b4ce-2034448e0b80@group-D48B69A44692-FollowerState: change to CANDIDATE, lastRpcTime:145ms, electionTimeout:145ms
2019-10-19 01:04:50,697 [Thread-2433] INFO  impl.RoleInfo (RoleInfo.java:shutdownFollowerState(121)) - a1c78c0e-869c-4f76-b4ce-2034448e0b80: shutdown FollowerState
2019-10-19 01:04:50,697 [Thread-2433] INFO  impl.RaftServerImpl (RaftServerImpl.java:setRole(184)) - a1c78c0e-869c-4f76-b4ce-2034448e0b80@group-D48B69A44692: changes role from  FOLLOWER to CANDIDATE at term 192 for changeToCandidate
2019-10-19 01:04:50,697 [Thread-2433] INFO  impl.RoleInfo (RoleInfo.java:updateAndGet(143)) - a1c78c0e-869c-4f76-b4ce-2034448e0b80: start LeaderElection
2019-10-19 01:04:50,729 [a1c78c0e-869c-4f76-b4ce-2034448e0b80@group-D48B69A44692-LeaderElection299] INFO  impl.LeaderElection (LeaderElection.java:askForVotes(178)) - a1c78c0e-869c-4f76-b4ce-2034448e0b80@group-D48B69A44692-LeaderElection299: begin an election at term 193 for -1: [51276c3c-a3b8-4274-b089-592ff4589f41:192.168.157.213:36639, 64c90977-e867-487c-b50d-c226f2d34a76:192.168.157.213:37433, a1c78c0e-869c-4f76-b4ce-2034448e0b80:192.168.157.213:33501], old=null
2019-10-19 01:04:50,730 [a1c78c0e-869c-4f76-b4ce-2034448e0b80@group-D48B69A44692-LeaderElection299] INFO  impl.LeaderElection (LogUtils.java:infoOrTrace(149)) - a1c78c0e-869c-4f76-b4ce-2034448e0b80@group-D48B69A44692-LeaderElection299 got exception when requesting votes: {}
java.util.concurrent.ExecutionException: org.apache.ratis.thirdparty.io.grpc.StatusRuntimeException: UNAVAILABLE: io exception
	at java.util.concurrent.FutureTask.report(FutureTask.java:122)
	at java.util.concurrent.FutureTask.get(FutureTask.java:192)
	at org.apache.ratis.server.impl.LeaderElection.waitForResults(LeaderElection.java:259)
	at org.apache.ratis.server.impl.LeaderElection.askForVotes(LeaderElection.java:197)
	at org.apache.ratis.server.impl.LeaderElection.run(LeaderElection.java:133)
	at java.lang.Thread.run(Thread.java:748)
Caused by: org.apache.ratis.thirdparty.io.grpc.StatusRuntimeException: UNAVAILABLE: io exception
	at org.apache.ratis.thirdparty.io.grpc.stub.ClientCalls.toStatusRuntimeException(ClientCalls.java:233)
	at org.apache.ratis.thirdparty.io.grpc.stub.ClientCalls.getUnchecked(ClientCalls.java:214)
	at org.apache.ratis.thirdparty.io.grpc.stub.ClientCalls.blockingUnaryCall(ClientCalls.java:139)
	at org.apache.ratis.proto.grpc.RaftServerProtocolServiceGrpc$RaftServerProtocolServiceBlockingStub.requestVote(RaftServerProtocolServiceGrpc.java:265)
	at org.apache.ratis.grpc.server.GrpcServerProtocolClient.requestVote(GrpcServerProtocolClient.java:99)
	at org.apache.ratis.grpc.server.GrpcService.requestVote(GrpcService.java:204)
	at org.apache.ratis.server.impl.LeaderElection.lambda$submitRequests$1(LeaderElection.java:234)
	at java.util.concurrent.FutureTask.run(FutureTask.java:266)
	at java.util.concurrent.Executors$RunnableAdapter.call(Executors.java:511)
	at java.util.concurrent.FutureTask.run(FutureTask.java:266)
	at java.util.concurrent.ThreadPoolExecutor.runWorker(ThreadPoolExecutor.java:1149)
	at java.util.concurrent.ThreadPoolExecutor$Worker.run(ThreadPoolExecutor.java:624)
	... 1 more
Caused by: org.apache.ratis.thirdparty.io.netty.channel.AbstractChannel$AnnotatedConnectException: Connection refused: /192.168.157.213:36639
	at sun.nio.ch.SocketChannelImpl.checkConnect(Native Method)
	at sun.nio.ch.SocketChannelImpl.finishConnect(SocketChannelImpl.java:717)
	at org.apache.ratis.thirdparty.io.netty.channel.socket.nio.NioSocketChannel.doFinishConnect(NioSocketChannel.java:327)
	at org.apache.ratis.thirdparty.io.netty.channel.nio.AbstractNioChannel$AbstractNioUnsafe.finishConnect(AbstractNioChannel.java:340)
	at org.apache.ratis.thirdparty.io.netty.channel.nio.NioEventLoop.processSelectedKey(NioEventLoop.java:632)
	at org.apache.ratis.thirdparty.io.netty.channel.nio.NioEventLoop.processSelectedKeysOptimized(NioEventLoop.java:579)
	at org.apache.ratis.thirdparty.io.netty.channel.nio.NioEventLoop.processSelectedKeys(NioEventLoop.java:496)
	at org.apache.ratis.thirdparty.io.netty.channel.nio.NioEventLoop.run(NioEventLoop.java:458)
	at org.apache.ratis.thirdparty.io.netty.util.concurrent.SingleThreadEventExecutor$5.run(SingleThreadEventExecutor.java:897)
	at org.apache.ratis.thirdparty.io.netty.util.concurrent.FastThreadLocalRunnable.run(FastThreadLocalRunnable.java:30)
	... 1 more
Caused by: java.net.ConnectException: Connection refused
	... 11 more
2019-10-19 01:04:50,734 [grpc-default-executor-7] INFO  impl.RaftServerImpl (RaftServerImpl.java:setRole(184)) - 64c90977-e867-487c-b50d-c226f2d34a76@group-D48B69A44692: changes role from  FOLLOWER to FOLLOWER at term 193 for recognizeCandidate:a1c78c0e-869c-4f76-b4ce-2034448e0b80
2019-10-19 01:04:50,734 [grpc-default-executor-7] INFO  impl.RoleInfo (RoleInfo.java:shutdownFollowerState(121)) - 64c90977-e867-487c-b50d-c226f2d34a76: shutdown FollowerState
2019-10-19 01:04:50,734 [grpc-default-executor-7] INFO  impl.RoleInfo (RoleInfo.java:updateAndGet(143)) - 64c90977-e867-487c-b50d-c226f2d34a76: start FollowerState
2019-10-19 01:04:50,734 [Thread-2432] INFO  impl.FollowerState (FollowerState.java:run(117)) - 64c90977-e867-487c-b50d-c226f2d34a76@group-D48B69A44692-FollowerState was interrupted: java.lang.InterruptedException: sleep interrupted
2019-10-19 01:04:50,742 [a1c78c0e-869c-4f76-b4ce-2034448e0b80@group-D48B69A44692-LeaderElection299] INFO  impl.LeaderElection (LeaderElection.java:logAndReturn(56)) - a1c78c0e-869c-4f76-b4ce-2034448e0b80@group-D48B69A44692-LeaderElection299: Election REJECTED; received 1 response(s) [a1c78c0e-869c-4f76-b4ce-2034448e0b80<-64c90977-e867-487c-b50d-c226f2d34a76#0:FAIL-t193] and 1 exception(s); a1c78c0e-869c-4f76-b4ce-2034448e0b80@group-D48B69A44692:t193, leader=null, voted=a1c78c0e-869c-4f76-b4ce-2034448e0b80, raftlog=a1c78c0e-869c-4f76-b4ce-2034448e0b80@group-D48B69A44692-SegmentedRaftLog:OPENED:c-1,f-1,i0, conf=-1: [51276c3c-a3b8-4274-b089-592ff4589f41:192.168.157.213:36639, 64c90977-e867-487c-b50d-c226f2d34a76:192.168.157.213:37433, a1c78c0e-869c-4f76-b4ce-2034448e0b80:192.168.157.213:33501], old=null
2019-10-19 01:04:50,742 [a1c78c0e-869c-4f76-b4ce-2034448e0b80@group-D48B69A44692-LeaderElection299] INFO  impl.LeaderElection (LogUtils.java:infoOrTrace(149)) -   Exception 0: {}
java.util.concurrent.ExecutionException: org.apache.ratis.thirdparty.io.grpc.StatusRuntimeException: UNAVAILABLE: io exception
	at java.util.concurrent.FutureTask.report(FutureTask.java:122)
	at java.util.concurrent.FutureTask.get(FutureTask.java:192)
	at org.apache.ratis.server.impl.LeaderElection.waitForResults(LeaderElection.java:259)
	at org.apache.ratis.server.impl.LeaderElection.askForVotes(LeaderElection.java:197)
	at org.apache.ratis.server.impl.LeaderElection.run(LeaderElection.java:133)
	at java.lang.Thread.run(Thread.java:748)
Caused by: org.apache.ratis.thirdparty.io.grpc.StatusRuntimeException: UNAVAILABLE: io exception
	at org.apache.ratis.thirdparty.io.grpc.stub.ClientCalls.toStatusRuntimeException(ClientCalls.java:233)
	at org.apache.ratis.thirdparty.io.grpc.stub.ClientCalls.getUnchecked(ClientCalls.java:214)
	at org.apache.ratis.thirdparty.io.grpc.stub.ClientCalls.blockingUnaryCall(ClientCalls.java:139)
	at org.apache.ratis.proto.grpc.RaftServerProtocolServiceGrpc$RaftServerProtocolServiceBlockingStub.requestVote(RaftServerProtocolServiceGrpc.java:265)
	at org.apache.ratis.grpc.server.GrpcServerProtocolClient.requestVote(GrpcServerProtocolClient.java:99)
	at org.apache.ratis.grpc.server.GrpcService.requestVote(GrpcService.java:204)
	at org.apache.ratis.server.impl.LeaderElection.lambda$submitRequests$1(LeaderElection.java:234)
	at java.util.concurrent.FutureTask.run(FutureTask.java:266)
	at java.util.concurrent.Executors$RunnableAdapter.call(Executors.java:511)
	at java.util.concurrent.FutureTask.run(FutureTask.java:266)
	at java.util.concurrent.ThreadPoolExecutor.runWorker(ThreadPoolExecutor.java:1149)
	at java.util.concurrent.ThreadPoolExecutor$Worker.run(ThreadPoolExecutor.java:624)
	... 1 more
Caused by: org.apache.ratis.thirdparty.io.netty.channel.AbstractChannel$AnnotatedConnectException: Connection refused: /192.168.157.213:36639
	at sun.nio.ch.SocketChannelImpl.checkConnect(Native Method)
	at sun.nio.ch.SocketChannelImpl.finishConnect(SocketChannelImpl.java:717)
	at org.apache.ratis.thirdparty.io.netty.channel.socket.nio.NioSocketChannel.doFinishConnect(NioSocketChannel.java:327)
	at org.apache.ratis.thirdparty.io.netty.channel.nio.AbstractNioChannel$AbstractNioUnsafe.finishConnect(AbstractNioChannel.java:340)
	at org.apache.ratis.thirdparty.io.netty.channel.nio.NioEventLoop.processSelectedKey(NioEventLoop.java:632)
	at org.apache.ratis.thirdparty.io.netty.channel.nio.NioEventLoop.processSelectedKeysOptimized(NioEventLoop.java:579)
	at org.apache.ratis.thirdparty.io.netty.channel.nio.NioEventLoop.processSelectedKeys(NioEventLoop.java:496)
	at org.apache.ratis.thirdparty.io.netty.channel.nio.NioEventLoop.run(NioEventLoop.java:458)
	at org.apache.ratis.thirdparty.io.netty.util.concurrent.SingleThreadEventExecutor$5.run(SingleThreadEventExecutor.java:897)
	at org.apache.ratis.thirdparty.io.netty.util.concurrent.FastThreadLocalRunnable.run(FastThreadLocalRunnable.java:30)
	... 1 more
Caused by: java.net.ConnectException: Connection refused
	... 11 more
2019-10-19 01:04:50,743 [a1c78c0e-869c-4f76-b4ce-2034448e0b80@group-D48B69A44692-LeaderElection299] INFO  impl.RaftServerImpl (RaftServerImpl.java:setRole(184)) - a1c78c0e-869c-4f76-b4ce-2034448e0b80@group-D48B69A44692: changes role from CANDIDATE to FOLLOWER at term 193 for DISCOVERED_A_NEW_TERM
2019-10-19 01:04:50,743 [a1c78c0e-869c-4f76-b4ce-2034448e0b80@group-D48B69A44692-LeaderElection299] INFO  impl.RoleInfo (RoleInfo.java:shutdownLeaderElection(134)) - a1c78c0e-869c-4f76-b4ce-2034448e0b80: shutdown LeaderElection
2019-10-19 01:04:50,743 [a1c78c0e-869c-4f76-b4ce-2034448e0b80@group-D48B69A44692-LeaderElection299] INFO  impl.RoleInfo (RoleInfo.java:updateAndGet(143)) - a1c78c0e-869c-4f76-b4ce-2034448e0b80: start FollowerState
2019-10-19 01:04:50,939 [Thread-2438] INFO  impl.FollowerState (FollowerState.java:run(108)) - a1c78c0e-869c-4f76-b4ce-2034448e0b80@group-D48B69A44692-FollowerState: change to CANDIDATE, lastRpcTime:195ms, electionTimeout:195ms
2019-10-19 01:04:50,939 [Thread-2438] INFO  impl.RoleInfo (RoleInfo.java:shutdownFollowerState(121)) - a1c78c0e-869c-4f76-b4ce-2034448e0b80: shutdown FollowerState
2019-10-19 01:04:50,939 [Thread-2438] INFO  impl.RaftServerImpl (RaftServerImpl.java:setRole(184)) - a1c78c0e-869c-4f76-b4ce-2034448e0b80@group-D48B69A44692: changes role from  FOLLOWER to CANDIDATE at term 193 for changeToCandidate
2019-10-19 01:04:50,939 [Thread-2438] INFO  impl.RoleInfo (RoleInfo.java:updateAndGet(143)) - a1c78c0e-869c-4f76-b4ce-2034448e0b80: start LeaderElection
2019-10-19 01:04:50,952 [a1c78c0e-869c-4f76-b4ce-2034448e0b80@group-D48B69A44692-LeaderElection300] INFO  impl.LeaderElection (LeaderElection.java:askForVotes(178)) - a1c78c0e-869c-4f76-b4ce-2034448e0b80@group-D48B69A44692-LeaderElection300: begin an election at term 194 for -1: [51276c3c-a3b8-4274-b089-592ff4589f41:192.168.157.213:36639, 64c90977-e867-487c-b50d-c226f2d34a76:192.168.157.213:37433, a1c78c0e-869c-4f76-b4ce-2034448e0b80:192.168.157.213:33501], old=null
2019-10-19 01:04:50,953 [a1c78c0e-869c-4f76-b4ce-2034448e0b80@group-D48B69A44692-LeaderElection300] INFO  impl.LeaderElection (LogUtils.java:infoOrTrace(149)) - a1c78c0e-869c-4f76-b4ce-2034448e0b80@group-D48B69A44692-LeaderElection300 got exception when requesting votes: {}
java.util.concurrent.ExecutionException: org.apache.ratis.thirdparty.io.grpc.StatusRuntimeException: UNAVAILABLE: io exception
	at java.util.concurrent.FutureTask.report(FutureTask.java:122)
	at java.util.concurrent.FutureTask.get(FutureTask.java:192)
	at org.apache.ratis.server.impl.LeaderElection.waitForResults(LeaderElection.java:259)
	at org.apache.ratis.server.impl.LeaderElection.askForVotes(LeaderElection.java:197)
	at org.apache.ratis.server.impl.LeaderElection.run(LeaderElection.java:133)
	at java.lang.Thread.run(Thread.java:748)
Caused by: org.apache.ratis.thirdparty.io.grpc.StatusRuntimeException: UNAVAILABLE: io exception
	at org.apache.ratis.thirdparty.io.grpc.stub.ClientCalls.toStatusRuntimeException(ClientCalls.java:233)
	at org.apache.ratis.thirdparty.io.grpc.stub.ClientCalls.getUnchecked(ClientCalls.java:214)
	at org.apache.ratis.thirdparty.io.grpc.stub.ClientCalls.blockingUnaryCall(ClientCalls.java:139)
	at org.apache.ratis.proto.grpc.RaftServerProtocolServiceGrpc$RaftServerProtocolServiceBlockingStub.requestVote(RaftServerProtocolServiceGrpc.java:265)
	at org.apache.ratis.grpc.server.GrpcServerProtocolClient.requestVote(GrpcServerProtocolClient.java:99)
	at org.apache.ratis.grpc.server.GrpcService.requestVote(GrpcService.java:204)
	at org.apache.ratis.server.impl.LeaderElection.lambda$submitRequests$1(LeaderElection.java:234)
	at java.util.concurrent.FutureTask.run(FutureTask.java:266)
	at java.util.concurrent.Executors$RunnableAdapter.call(Executors.java:511)
	at java.util.concurrent.FutureTask.run(FutureTask.java:266)
	at java.util.concurrent.ThreadPoolExecutor.runWorker(ThreadPoolExecutor.java:1149)
	at java.util.concurrent.ThreadPoolExecutor$Worker.run(ThreadPoolExecutor.java:624)
	... 1 more
Caused by: org.apache.ratis.thirdparty.io.netty.channel.AbstractChannel$AnnotatedConnectException: Connection refused: /192.168.157.213:36639
	at sun.nio.ch.SocketChannelImpl.checkConnect(Native Method)
	at sun.nio.ch.SocketChannelImpl.finishConnect(SocketChannelImpl.java:717)
	at org.apache.ratis.thirdparty.io.netty.channel.socket.nio.NioSocketChannel.doFinishConnect(NioSocketChannel.java:327)
	at org.apache.ratis.thirdparty.io.netty.channel.nio.AbstractNioChannel$AbstractNioUnsafe.finishConnect(AbstractNioChannel.java:340)
	at org.apache.ratis.thirdparty.io.netty.channel.nio.NioEventLoop.processSelectedKey(NioEventLoop.java:632)
	at org.apache.ratis.thirdparty.io.netty.channel.nio.NioEventLoop.processSelectedKeysOptimized(NioEventLoop.java:579)
	at org.apache.ratis.thirdparty.io.netty.channel.nio.NioEventLoop.processSelectedKeys(NioEventLoop.java:496)
	at org.apache.ratis.thirdparty.io.netty.channel.nio.NioEventLoop.run(NioEventLoop.java:458)
	at org.apache.ratis.thirdparty.io.netty.util.concurrent.SingleThreadEventExecutor$5.run(SingleThreadEventExecutor.java:897)
	at org.apache.ratis.thirdparty.io.netty.util.concurrent.FastThreadLocalRunnable.run(FastThreadLocalRunnable.java:30)
	... 1 more
Caused by: java.net.ConnectException: Connection refused
	... 11 more
2019-10-19 01:04:50,956 [grpc-default-executor-7] INFO  impl.RaftServerImpl (RaftServerImpl.java:setRole(184)) - 64c90977-e867-487c-b50d-c226f2d34a76@group-D48B69A44692: changes role from  FOLLOWER to FOLLOWER at term 194 for recognizeCandidate:a1c78c0e-869c-4f76-b4ce-2034448e0b80
2019-10-19 01:04:50,956 [grpc-default-executor-7] INFO  impl.RoleInfo (RoleInfo.java:shutdownFollowerState(121)) - 64c90977-e867-487c-b50d-c226f2d34a76: shutdown FollowerState
2019-10-19 01:04:50,956 [grpc-default-executor-7] INFO  impl.RoleInfo (RoleInfo.java:updateAndGet(143)) - 64c90977-e867-487c-b50d-c226f2d34a76: start FollowerState
2019-10-19 01:04:50,956 [Thread-2437] INFO  impl.FollowerState (FollowerState.java:run(117)) - 64c90977-e867-487c-b50d-c226f2d34a76@group-D48B69A44692-FollowerState was interrupted: java.lang.InterruptedException: sleep interrupted
2019-10-19 01:04:50,964 [a1c78c0e-869c-4f76-b4ce-2034448e0b80@group-D48B69A44692-LeaderElection300] INFO  impl.LeaderElection (LeaderElection.java:logAndReturn(56)) - a1c78c0e-869c-4f76-b4ce-2034448e0b80@group-D48B69A44692-LeaderElection300: Election TIMEOUT; received 0 response(s) [] and 1 exception(s); a1c78c0e-869c-4f76-b4ce-2034448e0b80@group-D48B69A44692:t194, leader=null, voted=a1c78c0e-869c-4f76-b4ce-2034448e0b80, raftlog=a1c78c0e-869c-4f76-b4ce-2034448e0b80@group-D48B69A44692-SegmentedRaftLog:OPENED:c-1,f-1,i0, conf=-1: [51276c3c-a3b8-4274-b089-592ff4589f41:192.168.157.213:36639, 64c90977-e867-487c-b50d-c226f2d34a76:192.168.157.213:37433, a1c78c0e-869c-4f76-b4ce-2034448e0b80:192.168.157.213:33501], old=null
2019-10-19 01:04:50,964 [a1c78c0e-869c-4f76-b4ce-2034448e0b80@group-D48B69A44692-LeaderElection300] INFO  impl.LeaderElection (LogUtils.java:infoOrTrace(149)) -   Exception 0: {}
java.util.concurrent.ExecutionException: org.apache.ratis.thirdparty.io.grpc.StatusRuntimeException: UNAVAILABLE: io exception
	at java.util.concurrent.FutureTask.report(FutureTask.java:122)
	at java.util.concurrent.FutureTask.get(FutureTask.java:192)
	at org.apache.ratis.server.impl.LeaderElection.waitForResults(LeaderElection.java:259)
	at org.apache.ratis.server.impl.LeaderElection.askForVotes(LeaderElection.java:197)
	at org.apache.ratis.server.impl.LeaderElection.run(LeaderElection.java:133)
	at java.lang.Thread.run(Thread.java:748)
Caused by: org.apache.ratis.thirdparty.io.grpc.StatusRuntimeException: UNAVAILABLE: io exception
	at org.apache.ratis.thirdparty.io.grpc.stub.ClientCalls.toStatusRuntimeException(ClientCalls.java:233)
	at org.apache.ratis.thirdparty.io.grpc.stub.ClientCalls.getUnchecked(ClientCalls.java:214)
	at org.apache.ratis.thirdparty.io.grpc.stub.ClientCalls.blockingUnaryCall(ClientCalls.java:139)
	at org.apache.ratis.proto.grpc.RaftServerProtocolServiceGrpc$RaftServerProtocolServiceBlockingStub.requestVote(RaftServerProtocolServiceGrpc.java:265)
	at org.apache.ratis.grpc.server.GrpcServerProtocolClient.requestVote(GrpcServerProtocolClient.java:99)
	at org.apache.ratis.grpc.server.GrpcService.requestVote(GrpcService.java:204)
	at org.apache.ratis.server.impl.LeaderElection.lambda$submitRequests$1(LeaderElection.java:234)
	at java.util.concurrent.FutureTask.run(FutureTask.java:266)
	at java.util.concurrent.Executors$RunnableAdapter.call(Executors.java:511)
	at java.util.concurrent.FutureTask.run(FutureTask.java:266)
	at java.util.concurrent.ThreadPoolExecutor.runWorker(ThreadPoolExecutor.java:1149)
	at java.util.concurrent.ThreadPoolExecutor$Worker.run(ThreadPoolExecutor.java:624)
	... 1 more
Caused by: org.apache.ratis.thirdparty.io.netty.channel.AbstractChannel$AnnotatedConnectException: Connection refused: /192.168.157.213:36639
	at sun.nio.ch.SocketChannelImpl.checkConnect(Native Method)
	at sun.nio.ch.SocketChannelImpl.finishConnect(SocketChannelImpl.java:717)
	at org.apache.ratis.thirdparty.io.netty.channel.socket.nio.NioSocketChannel.doFinishConnect(NioSocketChannel.java:327)
	at org.apache.ratis.thirdparty.io.netty.channel.nio.AbstractNioChannel$AbstractNioUnsafe.finishConnect(AbstractNioChannel.java:340)
	at org.apache.ratis.thirdparty.io.netty.channel.nio.NioEventLoop.processSelectedKey(NioEventLoop.java:632)
	at org.apache.ratis.thirdparty.io.netty.channel.nio.NioEventLoop.processSelectedKeysOptimized(NioEventLoop.java:579)
	at org.apache.ratis.thirdparty.io.netty.channel.nio.NioEventLoop.processSelectedKeys(NioEventLoop.java:496)
	at org.apache.ratis.thirdparty.io.netty.channel.nio.NioEventLoop.run(NioEventLoop.java:458)
	at org.apache.ratis.thirdparty.io.netty.util.concurrent.SingleThreadEventExecutor$5.run(SingleThreadEventExecutor.java:897)
	at org.apache.ratis.thirdparty.io.netty.util.concurrent.FastThreadLocalRunnable.run(FastThreadLocalRunnable.java:30)
	... 1 more
Caused by: java.net.ConnectException: Connection refused
	... 11 more
2019-10-19 01:04:50,971 [a1c78c0e-869c-4f76-b4ce-2034448e0b80@group-D48B69A44692-LeaderElection300] INFO  impl.LeaderElection (LeaderElection.java:askForVotes(178)) - a1c78c0e-869c-4f76-b4ce-2034448e0b80@group-D48B69A44692-LeaderElection300: begin an election at term 195 for -1: [51276c3c-a3b8-4274-b089-592ff4589f41:192.168.157.213:36639, 64c90977-e867-487c-b50d-c226f2d34a76:192.168.157.213:37433, a1c78c0e-869c-4f76-b4ce-2034448e0b80:192.168.157.213:33501], old=null
2019-10-19 01:04:50,972 [a1c78c0e-869c-4f76-b4ce-2034448e0b80@group-D48B69A44692-LeaderElection300] INFO  impl.LeaderElection (LogUtils.java:infoOrTrace(149)) - a1c78c0e-869c-4f76-b4ce-2034448e0b80@group-D48B69A44692-LeaderElection300 got exception when requesting votes: {}
java.util.concurrent.ExecutionException: org.apache.ratis.thirdparty.io.grpc.StatusRuntimeException: UNAVAILABLE: io exception
	at java.util.concurrent.FutureTask.report(FutureTask.java:122)
	at java.util.concurrent.FutureTask.get(FutureTask.java:192)
	at org.apache.ratis.server.impl.LeaderElection.waitForResults(LeaderElection.java:259)
	at org.apache.ratis.server.impl.LeaderElection.askForVotes(LeaderElection.java:197)
	at org.apache.ratis.server.impl.LeaderElection.run(LeaderElection.java:133)
	at java.lang.Thread.run(Thread.java:748)
Caused by: org.apache.ratis.thirdparty.io.grpc.StatusRuntimeException: UNAVAILABLE: io exception
	at org.apache.ratis.thirdparty.io.grpc.stub.ClientCalls.toStatusRuntimeException(ClientCalls.java:233)
	at org.apache.ratis.thirdparty.io.grpc.stub.ClientCalls.getUnchecked(ClientCalls.java:214)
	at org.apache.ratis.thirdparty.io.grpc.stub.ClientCalls.blockingUnaryCall(ClientCalls.java:139)
	at org.apache.ratis.proto.grpc.RaftServerProtocolServiceGrpc$RaftServerProtocolServiceBlockingStub.requestVote(RaftServerProtocolServiceGrpc.java:265)
	at org.apache.ratis.grpc.server.GrpcServerProtocolClient.requestVote(GrpcServerProtocolClient.java:99)
	at org.apache.ratis.grpc.server.GrpcService.requestVote(GrpcService.java:204)
	at org.apache.ratis.server.impl.LeaderElection.lambda$submitRequests$1(LeaderElection.java:234)
	at java.util.concurrent.FutureTask.run(FutureTask.java:266)
	at java.util.concurrent.Executors$RunnableAdapter.call(Executors.java:511)
	at java.util.concurrent.FutureTask.run(FutureTask.java:266)
	at java.util.concurrent.ThreadPoolExecutor.runWorker(ThreadPoolExecutor.java:1149)
	at java.util.concurrent.ThreadPoolExecutor$Worker.run(ThreadPoolExecutor.java:624)
	... 1 more
Caused by: org.apache.ratis.thirdparty.io.netty.channel.AbstractChannel$AnnotatedConnectException: Connection refused: /192.168.157.213:36639
	at sun.nio.ch.SocketChannelImpl.checkConnect(Native Method)
	at sun.nio.ch.SocketChannelImpl.finishConnect(SocketChannelImpl.java:717)
	at org.apache.ratis.thirdparty.io.netty.channel.socket.nio.NioSocketChannel.doFinishConnect(NioSocketChannel.java:327)
	at org.apache.ratis.thirdparty.io.netty.channel.nio.AbstractNioChannel$AbstractNioUnsafe.finishConnect(AbstractNioChannel.java:340)
	at org.apache.ratis.thirdparty.io.netty.channel.nio.NioEventLoop.processSelectedKey(NioEventLoop.java:632)
	at org.apache.ratis.thirdparty.io.netty.channel.nio.NioEventLoop.processSelectedKeysOptimized(NioEventLoop.java:579)
	at org.apache.ratis.thirdparty.io.netty.channel.nio.NioEventLoop.processSelectedKeys(NioEventLoop.java:496)
	at org.apache.ratis.thirdparty.io.netty.channel.nio.NioEventLoop.run(NioEventLoop.java:458)
	at org.apache.ratis.thirdparty.io.netty.util.concurrent.SingleThreadEventExecutor$5.run(SingleThreadEventExecutor.java:897)
	at org.apache.ratis.thirdparty.io.netty.util.concurrent.FastThreadLocalRunnable.run(FastThreadLocalRunnable.java:30)
	... 1 more
Caused by: java.net.ConnectException: Connection refused
	... 11 more
2019-10-19 01:04:50,975 [grpc-default-executor-7] INFO  impl.RaftServerImpl (RaftServerImpl.java:setRole(184)) - 64c90977-e867-487c-b50d-c226f2d34a76@group-D48B69A44692: changes role from  FOLLOWER to FOLLOWER at term 195 for recognizeCandidate:a1c78c0e-869c-4f76-b4ce-2034448e0b80
2019-10-19 01:04:50,975 [grpc-default-executor-7] INFO  impl.RoleInfo (RoleInfo.java:shutdownFollowerState(121)) - 64c90977-e867-487c-b50d-c226f2d34a76: shutdown FollowerState
2019-10-19 01:04:50,976 [grpc-default-executor-7] INFO  impl.RoleInfo (RoleInfo.java:updateAndGet(143)) - 64c90977-e867-487c-b50d-c226f2d34a76: start FollowerState
2019-10-19 01:04:50,976 [Thread-2444] INFO  impl.FollowerState (FollowerState.java:run(117)) - 64c90977-e867-487c-b50d-c226f2d34a76@group-D48B69A44692-FollowerState was interrupted: java.lang.InterruptedException: sleep interrupted
2019-10-19 01:04:50,981 [a1c78c0e-869c-4f76-b4ce-2034448e0b80@group-D48B69A44692-LeaderElection300] INFO  impl.LeaderElection (LeaderElection.java:logAndReturn(56)) - a1c78c0e-869c-4f76-b4ce-2034448e0b80@group-D48B69A44692-LeaderElection300: Election REJECTED; received 1 response(s) [a1c78c0e-869c-4f76-b4ce-2034448e0b80<-64c90977-e867-487c-b50d-c226f2d34a76#0:FAIL-t195] and 1 exception(s); a1c78c0e-869c-4f76-b4ce-2034448e0b80@group-D48B69A44692:t195, leader=null, voted=a1c78c0e-869c-4f76-b4ce-2034448e0b80, raftlog=a1c78c0e-869c-4f76-b4ce-2034448e0b80@group-D48B69A44692-SegmentedRaftLog:OPENED:c-1,f-1,i0, conf=-1: [51276c3c-a3b8-4274-b089-592ff4589f41:192.168.157.213:36639, 64c90977-e867-487c-b50d-c226f2d34a76:192.168.157.213:37433, a1c78c0e-869c-4f76-b4ce-2034448e0b80:192.168.157.213:33501], old=null
2019-10-19 01:04:50,981 [a1c78c0e-869c-4f76-b4ce-2034448e0b80@group-D48B69A44692-LeaderElection300] INFO  impl.LeaderElection (LogUtils.java:infoOrTrace(149)) -   Exception 0: {}
java.util.concurrent.ExecutionException: org.apache.ratis.thirdparty.io.grpc.StatusRuntimeException: UNAVAILABLE: io exception
	at java.util.concurrent.FutureTask.report(FutureTask.java:122)
	at java.util.concurrent.FutureTask.get(FutureTask.java:192)
	at org.apache.ratis.server.impl.LeaderElection.waitForResults(LeaderElection.java:259)
	at org.apache.ratis.server.impl.LeaderElection.askForVotes(LeaderElection.java:197)
	at org.apache.ratis.server.impl.LeaderElection.run(LeaderElection.java:133)
	at java.lang.Thread.run(Thread.java:748)
Caused by: org.apache.ratis.thirdparty.io.grpc.StatusRuntimeException: UNAVAILABLE: io exception
	at org.apache.ratis.thirdparty.io.grpc.stub.ClientCalls.toStatusRuntimeException(ClientCalls.java:233)
	at org.apache.ratis.thirdparty.io.grpc.stub.ClientCalls.getUnchecked(ClientCalls.java:214)
	at org.apache.ratis.thirdparty.io.grpc.stub.ClientCalls.blockingUnaryCall(ClientCalls.java:139)
	at org.apache.ratis.proto.grpc.RaftServerProtocolServiceGrpc$RaftServerProtocolServiceBlockingStub.requestVote(RaftServerProtocolServiceGrpc.java:265)
	at org.apache.ratis.grpc.server.GrpcServerProtocolClient.requestVote(GrpcServerProtocolClient.java:99)
	at org.apache.ratis.grpc.server.GrpcService.requestVote(GrpcService.java:204)
	at org.apache.ratis.server.impl.LeaderElection.lambda$submitRequests$1(LeaderElection.java:234)
	at java.util.concurrent.FutureTask.run(FutureTask.java:266)
	at java.util.concurrent.Executors$RunnableAdapter.call(Executors.java:511)
	at java.util.concurrent.FutureTask.run(FutureTask.java:266)
	at java.util.concurrent.ThreadPoolExecutor.runWorker(ThreadPoolExecutor.java:1149)
	at java.util.concurrent.ThreadPoolExecutor$Worker.run(ThreadPoolExecutor.java:624)
	... 1 more
Caused by: org.apache.ratis.thirdparty.io.netty.channel.AbstractChannel$AnnotatedConnectException: Connection refused: /192.168.157.213:36639
	at sun.nio.ch.SocketChannelImpl.checkConnect(Native Method)
	at sun.nio.ch.SocketChannelImpl.finishConnect(SocketChannelImpl.java:717)
	at org.apache.ratis.thirdparty.io.netty.channel.socket.nio.NioSocketChannel.doFinishConnect(NioSocketChannel.java:327)
	at org.apache.ratis.thirdparty.io.netty.channel.nio.AbstractNioChannel$AbstractNioUnsafe.finishConnect(AbstractNioChannel.java:340)
	at org.apache.ratis.thirdparty.io.netty.channel.nio.NioEventLoop.processSelectedKey(NioEventLoop.java:632)
	at org.apache.ratis.thirdparty.io.netty.channel.nio.NioEventLoop.processSelectedKeysOptimized(NioEventLoop.java:579)
	at org.apache.ratis.thirdparty.io.netty.channel.nio.NioEventLoop.processSelectedKeys(NioEventLoop.java:496)
	at org.apache.ratis.thirdparty.io.netty.channel.nio.NioEventLoop.run(NioEventLoop.java:458)
	at org.apache.ratis.thirdparty.io.netty.util.concurrent.SingleThreadEventExecutor$5.run(SingleThreadEventExecutor.java:897)
	at org.apache.ratis.thirdparty.io.netty.util.concurrent.FastThreadLocalRunnable.run(FastThreadLocalRunnable.java:30)
	... 1 more
Caused by: java.net.ConnectException: Connection refused
	... 11 more
2019-10-19 01:04:50,981 [a1c78c0e-869c-4f76-b4ce-2034448e0b80@group-D48B69A44692-LeaderElection300] INFO  impl.RaftServerImpl (RaftServerImpl.java:setRole(184)) - a1c78c0e-869c-4f76-b4ce-2034448e0b80@group-D48B69A44692: changes role from CANDIDATE to FOLLOWER at term 195 for DISCOVERED_A_NEW_TERM
2019-10-19 01:04:50,982 [a1c78c0e-869c-4f76-b4ce-2034448e0b80@group-D48B69A44692-LeaderElection300] INFO  impl.RoleInfo (RoleInfo.java:shutdownLeaderElection(134)) - a1c78c0e-869c-4f76-b4ce-2034448e0b80: shutdown LeaderElection
2019-10-19 01:04:50,982 [a1c78c0e-869c-4f76-b4ce-2034448e0b80@group-D48B69A44692-LeaderElection300] INFO  impl.RoleInfo (RoleInfo.java:updateAndGet(143)) - a1c78c0e-869c-4f76-b4ce-2034448e0b80: start FollowerState
2019-10-19 01:04:51,009 [Thread-2448] INFO  impl.FollowerState (FollowerState.java:run(108)) - a1c78c0e-869c-4f76-b4ce-2034448e0b80@group-D48B69A44692-FollowerState: change to CANDIDATE, lastRpcTime:27ms, electionTimeout:27ms
2019-10-19 01:04:51,009 [Thread-2448] INFO  impl.RoleInfo (RoleInfo.java:shutdownFollowerState(121)) - a1c78c0e-869c-4f76-b4ce-2034448e0b80: shutdown FollowerState
2019-10-19 01:04:51,009 [Thread-2448] INFO  impl.RaftServerImpl (RaftServerImpl.java:setRole(184)) - a1c78c0e-869c-4f76-b4ce-2034448e0b80@group-D48B69A44692: changes role from  FOLLOWER to CANDIDATE at term 195 for changeToCandidate
2019-10-19 01:04:51,010 [Thread-2448] INFO  impl.RoleInfo (RoleInfo.java:updateAndGet(143)) - a1c78c0e-869c-4f76-b4ce-2034448e0b80: start LeaderElection
2019-10-19 01:04:51,014 [a1c78c0e-869c-4f76-b4ce-2034448e0b80@group-D48B69A44692-LeaderElection301] INFO  impl.LeaderElection (LeaderElection.java:askForVotes(178)) - a1c78c0e-869c-4f76-b4ce-2034448e0b80@group-D48B69A44692-LeaderElection301: begin an election at term 196 for -1: [51276c3c-a3b8-4274-b089-592ff4589f41:192.168.157.213:36639, 64c90977-e867-487c-b50d-c226f2d34a76:192.168.157.213:37433, a1c78c0e-869c-4f76-b4ce-2034448e0b80:192.168.157.213:33501], old=null
2019-10-19 01:04:51,014 [a1c78c0e-869c-4f76-b4ce-2034448e0b80@group-D48B69A44692-LeaderElection301] INFO  impl.LeaderElection (LogUtils.java:infoOrTrace(149)) - a1c78c0e-869c-4f76-b4ce-2034448e0b80@group-D48B69A44692-LeaderElection301 got exception when requesting votes: {}
java.util.concurrent.ExecutionException: org.apache.ratis.thirdparty.io.grpc.StatusRuntimeException: UNAVAILABLE: io exception
	at java.util.concurrent.FutureTask.report(FutureTask.java:122)
	at java.util.concurrent.FutureTask.get(FutureTask.java:192)
	at org.apache.ratis.server.impl.LeaderElection.waitForResults(LeaderElection.java:259)
	at org.apache.ratis.server.impl.LeaderElection.askForVotes(LeaderElection.java:197)
	at org.apache.ratis.server.impl.LeaderElection.run(LeaderElection.java:133)
	at java.lang.Thread.run(Thread.java:748)
Caused by: org.apache.ratis.thirdparty.io.grpc.StatusRuntimeException: UNAVAILABLE: io exception
	at org.apache.ratis.thirdparty.io.grpc.stub.ClientCalls.toStatusRuntimeException(ClientCalls.java:233)
	at org.apache.ratis.thirdparty.io.grpc.stub.ClientCalls.getUnchecked(ClientCalls.java:214)
	at org.apache.ratis.thirdparty.io.grpc.stub.ClientCalls.blockingUnaryCall(ClientCalls.java:139)
	at org.apache.ratis.proto.grpc.RaftServerProtocolServiceGrpc$RaftServerProtocolServiceBlockingStub.requestVote(RaftServerProtocolServiceGrpc.java:265)
	at org.apache.ratis.grpc.server.GrpcServerProtocolClient.requestVote(GrpcServerProtocolClient.java:99)
	at org.apache.ratis.grpc.server.GrpcService.requestVote(GrpcService.java:204)
	at org.apache.ratis.server.impl.LeaderElection.lambda$submitRequests$1(LeaderElection.java:234)
	at java.util.concurrent.FutureTask.run(FutureTask.java:266)
	at java.util.concurrent.Executors$RunnableAdapter.call(Executors.java:511)
	at java.util.concurrent.FutureTask.run(FutureTask.java:266)
	at java.util.concurrent.ThreadPoolExecutor.runWorker(ThreadPoolExecutor.java:1149)
	at java.util.concurrent.ThreadPoolExecutor$Worker.run(ThreadPoolExecutor.java:624)
	... 1 more
Caused by: org.apache.ratis.thirdparty.io.netty.channel.AbstractChannel$AnnotatedConnectException: Connection refused: /192.168.157.213:36639
	at sun.nio.ch.SocketChannelImpl.checkConnect(Native Method)
	at sun.nio.ch.SocketChannelImpl.finishConnect(SocketChannelImpl.java:717)
	at org.apache.ratis.thirdparty.io.netty.channel.socket.nio.NioSocketChannel.doFinishConnect(NioSocketChannel.java:327)
	at org.apache.ratis.thirdparty.io.netty.channel.nio.AbstractNioChannel$AbstractNioUnsafe.finishConnect(AbstractNioChannel.java:340)
	at org.apache.ratis.thirdparty.io.netty.channel.nio.NioEventLoop.processSelectedKey(NioEventLoop.java:632)
	at org.apache.ratis.thirdparty.io.netty.channel.nio.NioEventLoop.processSelectedKeysOptimized(NioEventLoop.java:579)
	at org.apache.ratis.thirdparty.io.netty.channel.nio.NioEventLoop.processSelectedKeys(NioEventLoop.java:496)
	at org.apache.ratis.thirdparty.io.netty.channel.nio.NioEventLoop.run(NioEventLoop.java:458)
	at org.apache.ratis.thirdparty.io.netty.util.concurrent.SingleThreadEventExecutor$5.run(SingleThreadEventExecutor.java:897)
	at org.apache.ratis.thirdparty.io.netty.util.concurrent.FastThreadLocalRunnable.run(FastThreadLocalRunnable.java:30)
	... 1 more
Caused by: java.net.ConnectException: Connection refused
	... 11 more
2019-10-19 01:04:51,017 [grpc-default-executor-7] INFO  impl.RaftServerImpl (RaftServerImpl.java:setRole(184)) - 64c90977-e867-487c-b50d-c226f2d34a76@group-D48B69A44692: changes role from  FOLLOWER to FOLLOWER at term 196 for recognizeCandidate:a1c78c0e-869c-4f76-b4ce-2034448e0b80
2019-10-19 01:04:51,018 [grpc-default-executor-7] INFO  impl.RoleInfo (RoleInfo.java:shutdownFollowerState(121)) - 64c90977-e867-487c-b50d-c226f2d34a76: shutdown FollowerState
2019-10-19 01:04:51,018 [grpc-default-executor-7] INFO  impl.RoleInfo (RoleInfo.java:updateAndGet(143)) - 64c90977-e867-487c-b50d-c226f2d34a76: start FollowerState
2019-10-19 01:04:51,018 [Thread-2447] INFO  impl.FollowerState (FollowerState.java:run(117)) - 64c90977-e867-487c-b50d-c226f2d34a76@group-D48B69A44692-FollowerState was interrupted: java.lang.InterruptedException: sleep interrupted
2019-10-19 01:04:51,030 [a1c78c0e-869c-4f76-b4ce-2034448e0b80@group-D48B69A44692-LeaderElection301] INFO  impl.LeaderElection (LeaderElection.java:logAndReturn(56)) - a1c78c0e-869c-4f76-b4ce-2034448e0b80@group-D48B69A44692-LeaderElection301: Election REJECTED; received 1 response(s) [a1c78c0e-869c-4f76-b4ce-2034448e0b80<-64c90977-e867-487c-b50d-c226f2d34a76#0:FAIL-t196] and 1 exception(s); a1c78c0e-869c-4f76-b4ce-2034448e0b80@group-D48B69A44692:t196, leader=null, voted=a1c78c0e-869c-4f76-b4ce-2034448e0b80, raftlog=a1c78c0e-869c-4f76-b4ce-2034448e0b80@group-D48B69A44692-SegmentedRaftLog:OPENED:c-1,f-1,i0, conf=-1: [51276c3c-a3b8-4274-b089-592ff4589f41:192.168.157.213:36639, 64c90977-e867-487c-b50d-c226f2d34a76:192.168.157.213:37433, a1c78c0e-869c-4f76-b4ce-2034448e0b80:192.168.157.213:33501], old=null
2019-10-19 01:04:51,030 [a1c78c0e-869c-4f76-b4ce-2034448e0b80@group-D48B69A44692-LeaderElection301] INFO  impl.LeaderElection (LogUtils.java:infoOrTrace(149)) -   Exception 0: {}
java.util.concurrent.ExecutionException: org.apache.ratis.thirdparty.io.grpc.StatusRuntimeException: UNAVAILABLE: io exception
	at java.util.concurrent.FutureTask.report(FutureTask.java:122)
	at java.util.concurrent.FutureTask.get(FutureTask.java:192)
	at org.apache.ratis.server.impl.LeaderElection.waitForResults(LeaderElection.java:259)
	at org.apache.ratis.server.impl.LeaderElection.askForVotes(LeaderElection.java:197)
	at org.apache.ratis.server.impl.LeaderElection.run(LeaderElection.java:133)
	at java.lang.Thread.run(Thread.java:748)
Caused by: org.apache.ratis.thirdparty.io.grpc.StatusRuntimeException: UNAVAILABLE: io exception
	at org.apache.ratis.thirdparty.io.grpc.stub.ClientCalls.toStatusRuntimeException(ClientCalls.java:233)
	at org.apache.ratis.thirdparty.io.grpc.stub.ClientCalls.getUnchecked(ClientCalls.java:214)
	at org.apache.ratis.thirdparty.io.grpc.stub.ClientCalls.blockingUnaryCall(ClientCalls.java:139)
	at org.apache.ratis.proto.grpc.RaftServerProtocolServiceGrpc$RaftServerProtocolServiceBlockingStub.requestVote(RaftServerProtocolServiceGrpc.java:265)
	at org.apache.ratis.grpc.server.GrpcServerProtocolClient.requestVote(GrpcServerProtocolClient.java:99)
	at org.apache.ratis.grpc.server.GrpcService.requestVote(GrpcService.java:204)
	at org.apache.ratis.server.impl.LeaderElection.lambda$submitRequests$1(LeaderElection.java:234)
	at java.util.concurrent.FutureTask.run(FutureTask.java:266)
	at java.util.concurrent.Executors$RunnableAdapter.call(Executors.java:511)
	at java.util.concurrent.FutureTask.run(FutureTask.java:266)
	at java.util.concurrent.ThreadPoolExecutor.runWorker(ThreadPoolExecutor.java:1149)
	at java.util.concurrent.ThreadPoolExecutor$Worker.run(ThreadPoolExecutor.java:624)
	... 1 more
Caused by: org.apache.ratis.thirdparty.io.netty.channel.AbstractChannel$AnnotatedConnectException: Connection refused: /192.168.157.213:36639
	at sun.nio.ch.SocketChannelImpl.checkConnect(Native Method)
	at sun.nio.ch.SocketChannelImpl.finishConnect(SocketChannelImpl.java:717)
	at org.apache.ratis.thirdparty.io.netty.channel.socket.nio.NioSocketChannel.doFinishConnect(NioSocketChannel.java:327)
	at org.apache.ratis.thirdparty.io.netty.channel.nio.AbstractNioChannel$AbstractNioUnsafe.finishConnect(AbstractNioChannel.java:340)
	at org.apache.ratis.thirdparty.io.netty.channel.nio.NioEventLoop.processSelectedKey(NioEventLoop.java:632)
	at org.apache.ratis.thirdparty.io.netty.channel.nio.NioEventLoop.processSelectedKeysOptimized(NioEventLoop.java:579)
	at org.apache.ratis.thirdparty.io.netty.channel.nio.NioEventLoop.processSelectedKeys(NioEventLoop.java:496)
	at org.apache.ratis.thirdparty.io.netty.channel.nio.NioEventLoop.run(NioEventLoop.java:458)
	at org.apache.ratis.thirdparty.io.netty.util.concurrent.SingleThreadEventExecutor$5.run(SingleThreadEventExecutor.java:897)
	at org.apache.ratis.thirdparty.io.netty.util.concurrent.FastThreadLocalRunnable.run(FastThreadLocalRunnable.java:30)
	... 1 more
Caused by: java.net.ConnectException: Connection refused
	... 11 more
2019-10-19 01:04:51,031 [a1c78c0e-869c-4f76-b4ce-2034448e0b80@group-D48B69A44692-LeaderElection301] INFO  impl.RaftServerImpl (RaftServerImpl.java:setRole(184)) - a1c78c0e-869c-4f76-b4ce-2034448e0b80@group-D48B69A44692: changes role from CANDIDATE to FOLLOWER at term 196 for DISCOVERED_A_NEW_TERM
2019-10-19 01:04:51,031 [a1c78c0e-869c-4f76-b4ce-2034448e0b80@group-D48B69A44692-LeaderElection301] INFO  impl.RoleInfo (RoleInfo.java:shutdownLeaderElection(134)) - a1c78c0e-869c-4f76-b4ce-2034448e0b80: shutdown LeaderElection
2019-10-19 01:04:51,031 [a1c78c0e-869c-4f76-b4ce-2034448e0b80@group-D48B69A44692-LeaderElection301] INFO  impl.RoleInfo (RoleInfo.java:updateAndGet(143)) - a1c78c0e-869c-4f76-b4ce-2034448e0b80: start FollowerState
2019-10-19 01:04:51,103 [Thread-2453] INFO  impl.FollowerState (FollowerState.java:run(108)) - a1c78c0e-869c-4f76-b4ce-2034448e0b80@group-D48B69A44692-FollowerState: change to CANDIDATE, lastRpcTime:72ms, electionTimeout:72ms
2019-10-19 01:04:51,103 [Thread-2453] INFO  impl.RoleInfo (RoleInfo.java:shutdownFollowerState(121)) - a1c78c0e-869c-4f76-b4ce-2034448e0b80: shutdown FollowerState
2019-10-19 01:04:51,104 [Thread-2453] INFO  impl.RaftServerImpl (RaftServerImpl.java:setRole(184)) - a1c78c0e-869c-4f76-b4ce-2034448e0b80@group-D48B69A44692: changes role from  FOLLOWER to CANDIDATE at term 196 for changeToCandidate
2019-10-19 01:04:51,104 [Thread-2453] INFO  impl.RoleInfo (RoleInfo.java:updateAndGet(143)) - a1c78c0e-869c-4f76-b4ce-2034448e0b80: start LeaderElection
2019-10-19 01:04:51,119 [a1c78c0e-869c-4f76-b4ce-2034448e0b80@group-D48B69A44692-LeaderElection302] INFO  impl.LeaderElection (LeaderElection.java:askForVotes(178)) - a1c78c0e-869c-4f76-b4ce-2034448e0b80@group-D48B69A44692-LeaderElection302: begin an election at term 197 for -1: [51276c3c-a3b8-4274-b089-592ff4589f41:192.168.157.213:36639, 64c90977-e867-487c-b50d-c226f2d34a76:192.168.157.213:37433, a1c78c0e-869c-4f76-b4ce-2034448e0b80:192.168.157.213:33501], old=null
2019-10-19 01:04:51,120 [a1c78c0e-869c-4f76-b4ce-2034448e0b80@group-D48B69A44692-LeaderElection302] INFO  impl.LeaderElection (LogUtils.java:infoOrTrace(149)) - a1c78c0e-869c-4f76-b4ce-2034448e0b80@group-D48B69A44692-LeaderElection302 got exception when requesting votes: {}
java.util.concurrent.ExecutionException: org.apache.ratis.thirdparty.io.grpc.StatusRuntimeException: UNAVAILABLE: io exception
	at java.util.concurrent.FutureTask.report(FutureTask.java:122)
	at java.util.concurrent.FutureTask.get(FutureTask.java:192)
	at org.apache.ratis.server.impl.LeaderElection.waitForResults(LeaderElection.java:259)
	at org.apache.ratis.server.impl.LeaderElection.askForVotes(LeaderElection.java:197)
	at org.apache.ratis.server.impl.LeaderElection.run(LeaderElection.java:133)
	at java.lang.Thread.run(Thread.java:748)
Caused by: org.apache.ratis.thirdparty.io.grpc.StatusRuntimeException: UNAVAILABLE: io exception
	at org.apache.ratis.thirdparty.io.grpc.stub.ClientCalls.toStatusRuntimeException(ClientCalls.java:233)
	at org.apache.ratis.thirdparty.io.grpc.stub.ClientCalls.getUnchecked(ClientCalls.java:214)
	at org.apache.ratis.thirdparty.io.grpc.stub.ClientCalls.blockingUnaryCall(ClientCalls.java:139)
	at org.apache.ratis.proto.grpc.RaftServerProtocolServiceGrpc$RaftServerProtocolServiceBlockingStub.requestVote(RaftServerProtocolServiceGrpc.java:265)
	at org.apache.ratis.grpc.server.GrpcServerProtocolClient.requestVote(GrpcServerProtocolClient.java:99)
	at org.apache.ratis.grpc.server.GrpcService.requestVote(GrpcService.java:204)
	at org.apache.ratis.server.impl.LeaderElection.lambda$submitRequests$1(LeaderElection.java:234)
	at java.util.concurrent.FutureTask.run(FutureTask.java:266)
	at java.util.concurrent.Executors$RunnableAdapter.call(Executors.java:511)
	at java.util.concurrent.FutureTask.run(FutureTask.java:266)
	at java.util.concurrent.ThreadPoolExecutor.runWorker(ThreadPoolExecutor.java:1149)
	at java.util.concurrent.ThreadPoolExecutor$Worker.run(ThreadPoolExecutor.java:624)
	... 1 more
Caused by: org.apache.ratis.thirdparty.io.netty.channel.AbstractChannel$AnnotatedConnectException: Connection refused: /192.168.157.213:36639
	at sun.nio.ch.SocketChannelImpl.checkConnect(Native Method)
	at sun.nio.ch.SocketChannelImpl.finishConnect(SocketChannelImpl.java:717)
	at org.apache.ratis.thirdparty.io.netty.channel.socket.nio.NioSocketChannel.doFinishConnect(NioSocketChannel.java:327)
	at org.apache.ratis.thirdparty.io.netty.channel.nio.AbstractNioChannel$AbstractNioUnsafe.finishConnect(AbstractNioChannel.java:340)
	at org.apache.ratis.thirdparty.io.netty.channel.nio.NioEventLoop.processSelectedKey(NioEventLoop.java:632)
	at org.apache.ratis.thirdparty.io.netty.channel.nio.NioEventLoop.processSelectedKeysOptimized(NioEventLoop.java:579)
	at org.apache.ratis.thirdparty.io.netty.channel.nio.NioEventLoop.processSelectedKeys(NioEventLoop.java:496)
	at org.apache.ratis.thirdparty.io.netty.channel.nio.NioEventLoop.run(NioEventLoop.java:458)
	at org.apache.ratis.thirdparty.io.netty.util.concurrent.SingleThreadEventExecutor$5.run(SingleThreadEventExecutor.java:897)
	at org.apache.ratis.thirdparty.io.netty.util.concurrent.FastThreadLocalRunnable.run(FastThreadLocalRunnable.java:30)
	... 1 more
Caused by: java.net.ConnectException: Connection refused
	... 11 more
2019-10-19 01:04:51,125 [grpc-default-executor-7] INFO  impl.RaftServerImpl (RaftServerImpl.java:setRole(184)) - 64c90977-e867-487c-b50d-c226f2d34a76@group-D48B69A44692: changes role from  FOLLOWER to FOLLOWER at term 197 for recognizeCandidate:a1c78c0e-869c-4f76-b4ce-2034448e0b80
2019-10-19 01:04:51,125 [grpc-default-executor-7] INFO  impl.RoleInfo (RoleInfo.java:shutdownFollowerState(121)) - 64c90977-e867-487c-b50d-c226f2d34a76: shutdown FollowerState
2019-10-19 01:04:51,125 [grpc-default-executor-7] INFO  impl.RoleInfo (RoleInfo.java:updateAndGet(143)) - 64c90977-e867-487c-b50d-c226f2d34a76: start FollowerState
2019-10-19 01:04:51,125 [Thread-2452] INFO  impl.FollowerState (FollowerState.java:run(117)) - 64c90977-e867-487c-b50d-c226f2d34a76@group-D48B69A44692-FollowerState was interrupted: java.lang.InterruptedException: sleep interrupted
2019-10-19 01:04:51,139 [a1c78c0e-869c-4f76-b4ce-2034448e0b80@group-D48B69A44692-LeaderElection302] INFO  impl.LeaderElection (LeaderElection.java:logAndReturn(56)) - a1c78c0e-869c-4f76-b4ce-2034448e0b80@group-D48B69A44692-LeaderElection302: Election REJECTED; received 1 response(s) [a1c78c0e-869c-4f76-b4ce-2034448e0b80<-64c90977-e867-487c-b50d-c226f2d34a76#0:FAIL-t197] and 1 exception(s); a1c78c0e-869c-4f76-b4ce-2034448e0b80@group-D48B69A44692:t197, leader=null, voted=a1c78c0e-869c-4f76-b4ce-2034448e0b80, raftlog=a1c78c0e-869c-4f76-b4ce-2034448e0b80@group-D48B69A44692-SegmentedRaftLog:OPENED:c-1,f-1,i0, conf=-1: [51276c3c-a3b8-4274-b089-592ff4589f41:192.168.157.213:36639, 64c90977-e867-487c-b50d-c226f2d34a76:192.168.157.213:37433, a1c78c0e-869c-4f76-b4ce-2034448e0b80:192.168.157.213:33501], old=null
2019-10-19 01:04:51,139 [a1c78c0e-869c-4f76-b4ce-2034448e0b80@group-D48B69A44692-LeaderElection302] INFO  impl.LeaderElection (LogUtils.java:infoOrTrace(149)) -   Exception 0: {}
java.util.concurrent.ExecutionException: org.apache.ratis.thirdparty.io.grpc.StatusRuntimeException: UNAVAILABLE: io exception
	at java.util.concurrent.FutureTask.report(FutureTask.java:122)
	at java.util.concurrent.FutureTask.get(FutureTask.java:192)
	at org.apache.ratis.server.impl.LeaderElection.waitForResults(LeaderElection.java:259)
	at org.apache.ratis.server.impl.LeaderElection.askForVotes(LeaderElection.java:197)
	at org.apache.ratis.server.impl.LeaderElection.run(LeaderElection.java:133)
	at java.lang.Thread.run(Thread.java:748)
Caused by: org.apache.ratis.thirdparty.io.grpc.StatusRuntimeException: UNAVAILABLE: io exception
	at org.apache.ratis.thirdparty.io.grpc.stub.ClientCalls.toStatusRuntimeException(ClientCalls.java:233)
	at org.apache.ratis.thirdparty.io.grpc.stub.ClientCalls.getUnchecked(ClientCalls.java:214)
	at org.apache.ratis.thirdparty.io.grpc.stub.ClientCalls.blockingUnaryCall(ClientCalls.java:139)
	at org.apache.ratis.proto.grpc.RaftServerProtocolServiceGrpc$RaftServerProtocolServiceBlockingStub.requestVote(RaftServerProtocolServiceGrpc.java:265)
	at org.apache.ratis.grpc.server.GrpcServerProtocolClient.requestVote(GrpcServerProtocolClient.java:99)
	at org.apache.ratis.grpc.server.GrpcService.requestVote(GrpcService.java:204)
	at org.apache.ratis.server.impl.LeaderElection.lambda$submitRequests$1(LeaderElection.java:234)
	at java.util.concurrent.FutureTask.run(FutureTask.java:266)
	at java.util.concurrent.Executors$RunnableAdapter.call(Executors.java:511)
	at java.util.concurrent.FutureTask.run(FutureTask.java:266)
	at java.util.concurrent.ThreadPoolExecutor.runWorker(ThreadPoolExecutor.java:1149)
	at java.util.concurrent.ThreadPoolExecutor$Worker.run(ThreadPoolExecutor.java:624)
	... 1 more
Caused by: org.apache.ratis.thirdparty.io.netty.channel.AbstractChannel$AnnotatedConnectException: Connection refused: /192.168.157.213:36639
	at sun.nio.ch.SocketChannelImpl.checkConnect(Native Method)
	at sun.nio.ch.SocketChannelImpl.finishConnect(SocketChannelImpl.java:717)
	at org.apache.ratis.thirdparty.io.netty.channel.socket.nio.NioSocketChannel.doFinishConnect(NioSocketChannel.java:327)
	at org.apache.ratis.thirdparty.io.netty.channel.nio.AbstractNioChannel$AbstractNioUnsafe.finishConnect(AbstractNioChannel.java:340)
	at org.apache.ratis.thirdparty.io.netty.channel.nio.NioEventLoop.processSelectedKey(NioEventLoop.java:632)
	at org.apache.ratis.thirdparty.io.netty.channel.nio.NioEventLoop.processSelectedKeysOptimized(NioEventLoop.java:579)
	at org.apache.ratis.thirdparty.io.netty.channel.nio.NioEventLoop.processSelectedKeys(NioEventLoop.java:496)
	at org.apache.ratis.thirdparty.io.netty.channel.nio.NioEventLoop.run(NioEventLoop.java:458)
	at org.apache.ratis.thirdparty.io.netty.util.concurrent.SingleThreadEventExecutor$5.run(SingleThreadEventExecutor.java:897)
	at org.apache.ratis.thirdparty.io.netty.util.concurrent.FastThreadLocalRunnable.run(FastThreadLocalRunnable.java:30)
	... 1 more
Caused by: java.net.ConnectException: Connection refused
	... 11 more
2019-10-19 01:04:51,139 [a1c78c0e-869c-4f76-b4ce-2034448e0b80@group-D48B69A44692-LeaderElection302] INFO  impl.RaftServerImpl (RaftServerImpl.java:setRole(184)) - a1c78c0e-869c-4f76-b4ce-2034448e0b80@group-D48B69A44692: changes role from CANDIDATE to FOLLOWER at term 197 for DISCOVERED_A_NEW_TERM
2019-10-19 01:04:51,139 [a1c78c0e-869c-4f76-b4ce-2034448e0b80@group-D48B69A44692-LeaderElection302] INFO  impl.RoleInfo (RoleInfo.java:shutdownLeaderElection(134)) - a1c78c0e-869c-4f76-b4ce-2034448e0b80: shutdown LeaderElection
2019-10-19 01:04:51,140 [a1c78c0e-869c-4f76-b4ce-2034448e0b80@group-D48B69A44692-LeaderElection302] INFO  impl.RoleInfo (RoleInfo.java:updateAndGet(143)) - a1c78c0e-869c-4f76-b4ce-2034448e0b80: start FollowerState
2019-10-19 01:04:51,320 [Thread-2458] INFO  impl.FollowerState (FollowerState.java:run(108)) - a1c78c0e-869c-4f76-b4ce-2034448e0b80@group-D48B69A44692-FollowerState: change to CANDIDATE, lastRpcTime:180ms, electionTimeout:180ms
2019-10-19 01:04:51,320 [Thread-2458] INFO  impl.RoleInfo (RoleInfo.java:shutdownFollowerState(121)) - a1c78c0e-869c-4f76-b4ce-2034448e0b80: shutdown FollowerState
2019-10-19 01:04:51,320 [Thread-2458] INFO  impl.RaftServerImpl (RaftServerImpl.java:setRole(184)) - a1c78c0e-869c-4f76-b4ce-2034448e0b80@group-D48B69A44692: changes role from  FOLLOWER to CANDIDATE at term 197 for changeToCandidate
2019-10-19 01:04:51,320 [Thread-2458] INFO  impl.RoleInfo (RoleInfo.java:updateAndGet(143)) - a1c78c0e-869c-4f76-b4ce-2034448e0b80: start LeaderElection
2019-10-19 01:04:51,328 [a1c78c0e-869c-4f76-b4ce-2034448e0b80@group-D48B69A44692-LeaderElection303] INFO  impl.LeaderElection (LeaderElection.java:askForVotes(178)) - a1c78c0e-869c-4f76-b4ce-2034448e0b80@group-D48B69A44692-LeaderElection303: begin an election at term 198 for -1: [51276c3c-a3b8-4274-b089-592ff4589f41:192.168.157.213:36639, 64c90977-e867-487c-b50d-c226f2d34a76:192.168.157.213:37433, a1c78c0e-869c-4f76-b4ce-2034448e0b80:192.168.157.213:33501], old=null
2019-10-19 01:04:51,329 [a1c78c0e-869c-4f76-b4ce-2034448e0b80@group-D48B69A44692-LeaderElection303] INFO  impl.LeaderElection (LogUtils.java:infoOrTrace(149)) - a1c78c0e-869c-4f76-b4ce-2034448e0b80@group-D48B69A44692-LeaderElection303 got exception when requesting votes: {}
java.util.concurrent.ExecutionException: org.apache.ratis.thirdparty.io.grpc.StatusRuntimeException: UNAVAILABLE: io exception
	at java.util.concurrent.FutureTask.report(FutureTask.java:122)
	at java.util.concurrent.FutureTask.get(FutureTask.java:192)
	at org.apache.ratis.server.impl.LeaderElection.waitForResults(LeaderElection.java:259)
	at org.apache.ratis.server.impl.LeaderElection.askForVotes(LeaderElection.java:197)
	at org.apache.ratis.server.impl.LeaderElection.run(LeaderElection.java:133)
	at java.lang.Thread.run(Thread.java:748)
Caused by: org.apache.ratis.thirdparty.io.grpc.StatusRuntimeException: UNAVAILABLE: io exception
	at org.apache.ratis.thirdparty.io.grpc.stub.ClientCalls.toStatusRuntimeException(ClientCalls.java:233)
	at org.apache.ratis.thirdparty.io.grpc.stub.ClientCalls.getUnchecked(ClientCalls.java:214)
	at org.apache.ratis.thirdparty.io.grpc.stub.ClientCalls.blockingUnaryCall(ClientCalls.java:139)
	at org.apache.ratis.proto.grpc.RaftServerProtocolServiceGrpc$RaftServerProtocolServiceBlockingStub.requestVote(RaftServerProtocolServiceGrpc.java:265)
	at org.apache.ratis.grpc.server.GrpcServerProtocolClient.requestVote(GrpcServerProtocolClient.java:99)
	at org.apache.ratis.grpc.server.GrpcService.requestVote(GrpcService.java:204)
	at org.apache.ratis.server.impl.LeaderElection.lambda$submitRequests$1(LeaderElection.java:234)
	at java.util.concurrent.FutureTask.run(FutureTask.java:266)
	at java.util.concurrent.Executors$RunnableAdapter.call(Executors.java:511)
	at java.util.concurrent.FutureTask.run(FutureTask.java:266)
	at java.util.concurrent.ThreadPoolExecutor.runWorker(ThreadPoolExecutor.java:1149)
	at java.util.concurrent.ThreadPoolExecutor$Worker.run(ThreadPoolExecutor.java:624)
	... 1 more
Caused by: org.apache.ratis.thirdparty.io.netty.channel.AbstractChannel$AnnotatedConnectException: Connection refused: /192.168.157.213:36639
	at sun.nio.ch.SocketChannelImpl.checkConnect(Native Method)
	at sun.nio.ch.SocketChannelImpl.finishConnect(SocketChannelImpl.java:717)
	at org.apache.ratis.thirdparty.io.netty.channel.socket.nio.NioSocketChannel.doFinishConnect(NioSocketChannel.java:327)
	at org.apache.ratis.thirdparty.io.netty.channel.nio.AbstractNioChannel$AbstractNioUnsafe.finishConnect(AbstractNioChannel.java:340)
	at org.apache.ratis.thirdparty.io.netty.channel.nio.NioEventLoop.processSelectedKey(NioEventLoop.java:632)
	at org.apache.ratis.thirdparty.io.netty.channel.nio.NioEventLoop.processSelectedKeysOptimized(NioEventLoop.java:579)
	at org.apache.ratis.thirdparty.io.netty.channel.nio.NioEventLoop.processSelectedKeys(NioEventLoop.java:496)
	at org.apache.ratis.thirdparty.io.netty.channel.nio.NioEventLoop.run(NioEventLoop.java:458)
	at org.apache.ratis.thirdparty.io.netty.util.concurrent.SingleThreadEventExecutor$5.run(SingleThreadEventExecutor.java:897)
	at org.apache.ratis.thirdparty.io.netty.util.concurrent.FastThreadLocalRunnable.run(FastThreadLocalRunnable.java:30)
	... 1 more
Caused by: java.net.ConnectException: Connection refused
	... 11 more
2019-10-19 01:04:51,332 [grpc-default-executor-7] INFO  impl.RaftServerImpl (RaftServerImpl.java:setRole(184)) - 64c90977-e867-487c-b50d-c226f2d34a76@group-D48B69A44692: changes role from  FOLLOWER to FOLLOWER at term 198 for recognizeCandidate:a1c78c0e-869c-4f76-b4ce-2034448e0b80
2019-10-19 01:04:51,332 [grpc-default-executor-7] INFO  impl.RoleInfo (RoleInfo.java:shutdownFollowerState(121)) - 64c90977-e867-487c-b50d-c226f2d34a76: shutdown FollowerState
2019-10-19 01:04:51,332 [grpc-default-executor-7] INFO  impl.RoleInfo (RoleInfo.java:updateAndGet(143)) - 64c90977-e867-487c-b50d-c226f2d34a76: start FollowerState
2019-10-19 01:04:51,332 [Thread-2457] INFO  impl.FollowerState (FollowerState.java:run(117)) - 64c90977-e867-487c-b50d-c226f2d34a76@group-D48B69A44692-FollowerState was interrupted: java.lang.InterruptedException: sleep interrupted
2019-10-19 01:04:51,334 [java.util.concurrent.ThreadPoolExecutor$Worker@6bcea71[State = -1, empty queue]] WARN  server.GrpcLogAppender (GrpcLogAppender.java:timeoutAppendRequest(209)) - b26a8d60-58dc-431d-8168-f89a9ab35f3a@group-FB3B7D7D89E3->a54795b0-6c9c-4137-a866-f82f653c9bf9-GrpcLogAppender: appendEntries Timeout, request=b26a8d60-58dc-431d-8168-f89a9ab35f3a->a54795b0-6c9c-4137-a866-f82f653c9bf9#1-t129, previous=(t:3, i:0), leaderCommit=2, initializing? false, entries: <empty>
2019-10-19 01:04:51,347 [a1c78c0e-869c-4f76-b4ce-2034448e0b80@group-D48B69A44692-LeaderElection303] INFO  impl.LeaderElection (LeaderElection.java:logAndReturn(56)) - a1c78c0e-869c-4f76-b4ce-2034448e0b80@group-D48B69A44692-LeaderElection303: Election REJECTED; received 1 response(s) [a1c78c0e-869c-4f76-b4ce-2034448e0b80<-64c90977-e867-487c-b50d-c226f2d34a76#0:FAIL-t198] and 1 exception(s); a1c78c0e-869c-4f76-b4ce-2034448e0b80@group-D48B69A44692:t198, leader=null, voted=a1c78c0e-869c-4f76-b4ce-2034448e0b80, raftlog=a1c78c0e-869c-4f76-b4ce-2034448e0b80@group-D48B69A44692-SegmentedRaftLog:OPENED:c-1,f-1,i0, conf=-1: [51276c3c-a3b8-4274-b089-592ff4589f41:192.168.157.213:36639, 64c90977-e867-487c-b50d-c226f2d34a76:192.168.157.213:37433, a1c78c0e-869c-4f76-b4ce-2034448e0b80:192.168.157.213:33501], old=null
2019-10-19 01:04:51,347 [a1c78c0e-869c-4f76-b4ce-2034448e0b80@group-D48B69A44692-LeaderElection303] INFO  impl.LeaderElection (LogUtils.java:infoOrTrace(149)) -   Exception 0: {}
java.util.concurrent.ExecutionException: org.apache.ratis.thirdparty.io.grpc.StatusRuntimeException: UNAVAILABLE: io exception
	at java.util.concurrent.FutureTask.report(FutureTask.java:122)
	at java.util.concurrent.FutureTask.get(FutureTask.java:192)
	at org.apache.ratis.server.impl.LeaderElection.waitForResults(LeaderElection.java:259)
	at org.apache.ratis.server.impl.LeaderElection.askForVotes(LeaderElection.java:197)
	at org.apache.ratis.server.impl.LeaderElection.run(LeaderElection.java:133)
	at java.lang.Thread.run(Thread.java:748)
Caused by: org.apache.ratis.thirdparty.io.grpc.StatusRuntimeException: UNAVAILABLE: io exception
	at org.apache.ratis.thirdparty.io.grpc.stub.ClientCalls.toStatusRuntimeException(ClientCalls.java:233)
	at org.apache.ratis.thirdparty.io.grpc.stub.ClientCalls.getUnchecked(ClientCalls.java:214)
	at org.apache.ratis.thirdparty.io.grpc.stub.ClientCalls.blockingUnaryCall(ClientCalls.java:139)
	at org.apache.ratis.proto.grpc.RaftServerProtocolServiceGrpc$RaftServerProtocolServiceBlockingStub.requestVote(RaftServerProtocolServiceGrpc.java:265)
	at org.apache.ratis.grpc.server.GrpcServerProtocolClient.requestVote(GrpcServerProtocolClient.java:99)
	at org.apache.ratis.grpc.server.GrpcService.requestVote(GrpcService.java:204)
	at org.apache.ratis.server.impl.LeaderElection.lambda$submitRequests$1(LeaderElection.java:234)
	at java.util.concurrent.FutureTask.run(FutureTask.java:266)
	at java.util.concurrent.Executors$RunnableAdapter.call(Executors.java:511)
	at java.util.concurrent.FutureTask.run(FutureTask.java:266)
	at java.util.concurrent.ThreadPoolExecutor.runWorker(ThreadPoolExecutor.java:1149)
	at java.util.concurrent.ThreadPoolExecutor$Worker.run(ThreadPoolExecutor.java:624)
	... 1 more
Caused by: org.apache.ratis.thirdparty.io.netty.channel.AbstractChannel$AnnotatedConnectException: Connection refused: /192.168.157.213:36639
	at sun.nio.ch.SocketChannelImpl.checkConnect(Native Method)
	at sun.nio.ch.SocketChannelImpl.finishConnect(SocketChannelImpl.java:717)
	at org.apache.ratis.thirdparty.io.netty.channel.socket.nio.NioSocketChannel.doFinishConnect(NioSocketChannel.java:327)
	at org.apache.ratis.thirdparty.io.netty.channel.nio.AbstractNioChannel$AbstractNioUnsafe.finishConnect(AbstractNioChannel.java:340)
	at org.apache.ratis.thirdparty.io.netty.channel.nio.NioEventLoop.processSelectedKey(NioEventLoop.java:632)
	at org.apache.ratis.thirdparty.io.netty.channel.nio.NioEventLoop.processSelectedKeysOptimized(NioEventLoop.java:579)
	at org.apache.ratis.thirdparty.io.netty.channel.nio.NioEventLoop.processSelectedKeys(NioEventLoop.java:496)
	at org.apache.ratis.thirdparty.io.netty.channel.nio.NioEventLoop.run(NioEventLoop.java:458)
	at org.apache.ratis.thirdparty.io.netty.util.concurrent.SingleThreadEventExecutor$5.run(SingleThreadEventExecutor.java:897)
	at org.apache.ratis.thirdparty.io.netty.util.concurrent.FastThreadLocalRunnable.run(FastThreadLocalRunnable.java:30)
	... 1 more
Caused by: java.net.ConnectException: Connection refused
	... 11 more
2019-10-19 01:04:51,347 [a1c78c0e-869c-4f76-b4ce-2034448e0b80@group-D48B69A44692-LeaderElection303] INFO  impl.RaftServerImpl (RaftServerImpl.java:setRole(184)) - a1c78c0e-869c-4f76-b4ce-2034448e0b80@group-D48B69A44692: changes role from CANDIDATE to FOLLOWER at term 198 for DISCOVERED_A_NEW_TERM
2019-10-19 01:04:51,347 [a1c78c0e-869c-4f76-b4ce-2034448e0b80@group-D48B69A44692-LeaderElection303] INFO  impl.RoleInfo (RoleInfo.java:shutdownLeaderElection(134)) - a1c78c0e-869c-4f76-b4ce-2034448e0b80: shutdown LeaderElection
2019-10-19 01:04:51,347 [a1c78c0e-869c-4f76-b4ce-2034448e0b80@group-D48B69A44692-LeaderElection303] INFO  impl.RoleInfo (RoleInfo.java:updateAndGet(143)) - a1c78c0e-869c-4f76-b4ce-2034448e0b80: start FollowerState
2019-10-19 01:04:51,413 [Thread-2465] INFO  impl.FollowerState (FollowerState.java:run(108)) - a1c78c0e-869c-4f76-b4ce-2034448e0b80@group-D48B69A44692-FollowerState: change to CANDIDATE, lastRpcTime:65ms, electionTimeout:65ms
2019-10-19 01:04:51,413 [Thread-2465] INFO  impl.RoleInfo (RoleInfo.java:shutdownFollowerState(121)) - a1c78c0e-869c-4f76-b4ce-2034448e0b80: shutdown FollowerState
2019-10-19 01:04:51,413 [Thread-2465] INFO  impl.RaftServerImpl (RaftServerImpl.java:setRole(184)) - a1c78c0e-869c-4f76-b4ce-2034448e0b80@group-D48B69A44692: changes role from  FOLLOWER to CANDIDATE at term 198 for changeToCandidate
2019-10-19 01:04:51,413 [Thread-2465] INFO  impl.RoleInfo (RoleInfo.java:updateAndGet(143)) - a1c78c0e-869c-4f76-b4ce-2034448e0b80: start LeaderElection
2019-10-19 01:04:51,426 [a1c78c0e-869c-4f76-b4ce-2034448e0b80@group-D48B69A44692-LeaderElection304] INFO  impl.LeaderElection (LeaderElection.java:askForVotes(178)) - a1c78c0e-869c-4f76-b4ce-2034448e0b80@group-D48B69A44692-LeaderElection304: begin an election at term 199 for -1: [51276c3c-a3b8-4274-b089-592ff4589f41:192.168.157.213:36639, 64c90977-e867-487c-b50d-c226f2d34a76:192.168.157.213:37433, a1c78c0e-869c-4f76-b4ce-2034448e0b80:192.168.157.213:33501], old=null
2019-10-19 01:04:51,427 [a1c78c0e-869c-4f76-b4ce-2034448e0b80@group-D48B69A44692-LeaderElection304] INFO  impl.LeaderElection (LogUtils.java:infoOrTrace(149)) - a1c78c0e-869c-4f76-b4ce-2034448e0b80@group-D48B69A44692-LeaderElection304 got exception when requesting votes: {}
java.util.concurrent.ExecutionException: org.apache.ratis.thirdparty.io.grpc.StatusRuntimeException: UNAVAILABLE: io exception
	at java.util.concurrent.FutureTask.report(FutureTask.java:122)
	at java.util.concurrent.FutureTask.get(FutureTask.java:192)
	at org.apache.ratis.server.impl.LeaderElection.waitForResults(LeaderElection.java:259)
	at org.apache.ratis.server.impl.LeaderElection.askForVotes(LeaderElection.java:197)
	at org.apache.ratis.server.impl.LeaderElection.run(LeaderElection.java:133)
	at java.lang.Thread.run(Thread.java:748)
Caused by: org.apache.ratis.thirdparty.io.grpc.StatusRuntimeException: UNAVAILABLE: io exception
	at org.apache.ratis.thirdparty.io.grpc.stub.ClientCalls.toStatusRuntimeException(ClientCalls.java:233)
	at org.apache.ratis.thirdparty.io.grpc.stub.ClientCalls.getUnchecked(ClientCalls.java:214)
	at org.apache.ratis.thirdparty.io.grpc.stub.ClientCalls.blockingUnaryCall(ClientCalls.java:139)
	at org.apache.ratis.proto.grpc.RaftServerProtocolServiceGrpc$RaftServerProtocolServiceBlockingStub.requestVote(RaftServerProtocolServiceGrpc.java:265)
	at org.apache.ratis.grpc.server.GrpcServerProtocolClient.requestVote(GrpcServerProtocolClient.java:99)
	at org.apache.ratis.grpc.server.GrpcService.requestVote(GrpcService.java:204)
	at org.apache.ratis.server.impl.LeaderElection.lambda$submitRequests$1(LeaderElection.java:234)
	at java.util.concurrent.FutureTask.run(FutureTask.java:266)
	at java.util.concurrent.Executors$RunnableAdapter.call(Executors.java:511)
	at java.util.concurrent.FutureTask.run(FutureTask.java:266)
	at java.util.concurrent.ThreadPoolExecutor.runWorker(ThreadPoolExecutor.java:1149)
	at java.util.concurrent.ThreadPoolExecutor$Worker.run(ThreadPoolExecutor.java:624)
	... 1 more
Caused by: org.apache.ratis.thirdparty.io.netty.channel.AbstractChannel$AnnotatedConnectException: Connection refused: /192.168.157.213:36639
	at sun.nio.ch.SocketChannelImpl.checkConnect(Native Method)
	at sun.nio.ch.SocketChannelImpl.finishConnect(SocketChannelImpl.java:717)
	at org.apache.ratis.thirdparty.io.netty.channel.socket.nio.NioSocketChannel.doFinishConnect(NioSocketChannel.java:327)
	at org.apache.ratis.thirdparty.io.netty.channel.nio.AbstractNioChannel$AbstractNioUnsafe.finishConnect(AbstractNioChannel.java:340)
	at org.apache.ratis.thirdparty.io.netty.channel.nio.NioEventLoop.processSelectedKey(NioEventLoop.java:632)
	at org.apache.ratis.thirdparty.io.netty.channel.nio.NioEventLoop.processSelectedKeysOptimized(NioEventLoop.java:579)
	at org.apache.ratis.thirdparty.io.netty.channel.nio.NioEventLoop.processSelectedKeys(NioEventLoop.java:496)
	at org.apache.ratis.thirdparty.io.netty.channel.nio.NioEventLoop.run(NioEventLoop.java:458)
	at org.apache.ratis.thirdparty.io.netty.util.concurrent.SingleThreadEventExecutor$5.run(SingleThreadEventExecutor.java:897)
	at org.apache.ratis.thirdparty.io.netty.util.concurrent.FastThreadLocalRunnable.run(FastThreadLocalRunnable.java:30)
	... 1 more
Caused by: java.net.ConnectException: Connection refused
	... 11 more
2019-10-19 01:04:51,436 [grpc-default-executor-7] INFO  impl.RaftServerImpl (RaftServerImpl.java:setRole(184)) - 64c90977-e867-487c-b50d-c226f2d34a76@group-D48B69A44692: changes role from  FOLLOWER to FOLLOWER at term 199 for recognizeCandidate:a1c78c0e-869c-4f76-b4ce-2034448e0b80
2019-10-19 01:04:51,436 [grpc-default-executor-7] INFO  impl.RoleInfo (RoleInfo.java:shutdownFollowerState(121)) - 64c90977-e867-487c-b50d-c226f2d34a76: shutdown FollowerState
2019-10-19 01:04:51,436 [grpc-default-executor-7] INFO  impl.RoleInfo (RoleInfo.java:updateAndGet(143)) - 64c90977-e867-487c-b50d-c226f2d34a76: start FollowerState
2019-10-19 01:04:51,436 [Thread-2464] INFO  impl.FollowerState (FollowerState.java:run(117)) - 64c90977-e867-487c-b50d-c226f2d34a76@group-D48B69A44692-FollowerState was interrupted: java.lang.InterruptedException: sleep interrupted
2019-10-19 01:04:51,449 [a1c78c0e-869c-4f76-b4ce-2034448e0b80@group-D48B69A44692-LeaderElection304] INFO  impl.LeaderElection (LeaderElection.java:logAndReturn(56)) - a1c78c0e-869c-4f76-b4ce-2034448e0b80@group-D48B69A44692-LeaderElection304: Election REJECTED; received 1 response(s) [a1c78c0e-869c-4f76-b4ce-2034448e0b80<-64c90977-e867-487c-b50d-c226f2d34a76#0:FAIL-t199] and 1 exception(s); a1c78c0e-869c-4f76-b4ce-2034448e0b80@group-D48B69A44692:t199, leader=null, voted=a1c78c0e-869c-4f76-b4ce-2034448e0b80, raftlog=a1c78c0e-869c-4f76-b4ce-2034448e0b80@group-D48B69A44692-SegmentedRaftLog:OPENED:c-1,f-1,i0, conf=-1: [51276c3c-a3b8-4274-b089-592ff4589f41:192.168.157.213:36639, 64c90977-e867-487c-b50d-c226f2d34a76:192.168.157.213:37433, a1c78c0e-869c-4f76-b4ce-2034448e0b80:192.168.157.213:33501], old=null
2019-10-19 01:04:51,450 [a1c78c0e-869c-4f76-b4ce-2034448e0b80@group-D48B69A44692-LeaderElection304] INFO  impl.LeaderElection (LogUtils.java:infoOrTrace(149)) -   Exception 0: {}
java.util.concurrent.ExecutionException: org.apache.ratis.thirdparty.io.grpc.StatusRuntimeException: UNAVAILABLE: io exception
	at java.util.concurrent.FutureTask.report(FutureTask.java:122)
	at java.util.concurrent.FutureTask.get(FutureTask.java:192)
	at org.apache.ratis.server.impl.LeaderElection.waitForResults(LeaderElection.java:259)
	at org.apache.ratis.server.impl.LeaderElection.askForVotes(LeaderElection.java:197)
	at org.apache.ratis.server.impl.LeaderElection.run(LeaderElection.java:133)
	at java.lang.Thread.run(Thread.java:748)
Caused by: org.apache.ratis.thirdparty.io.grpc.StatusRuntimeException: UNAVAILABLE: io exception
	at org.apache.ratis.thirdparty.io.grpc.stub.ClientCalls.toStatusRuntimeException(ClientCalls.java:233)
	at org.apache.ratis.thirdparty.io.grpc.stub.ClientCalls.getUnchecked(ClientCalls.java:214)
	at org.apache.ratis.thirdparty.io.grpc.stub.ClientCalls.blockingUnaryCall(ClientCalls.java:139)
	at org.apache.ratis.proto.grpc.RaftServerProtocolServiceGrpc$RaftServerProtocolServiceBlockingStub.requestVote(RaftServerProtocolServiceGrpc.java:265)
	at org.apache.ratis.grpc.server.GrpcServerProtocolClient.requestVote(GrpcServerProtocolClient.java:99)
	at org.apache.ratis.grpc.server.GrpcService.requestVote(GrpcService.java:204)
	at org.apache.ratis.server.impl.LeaderElection.lambda$submitRequests$1(LeaderElection.java:234)
	at java.util.concurrent.FutureTask.run(FutureTask.java:266)
	at java.util.concurrent.Executors$RunnableAdapter.call(Executors.java:511)
	at java.util.concurrent.FutureTask.run(FutureTask.java:266)
	at java.util.concurrent.ThreadPoolExecutor.runWorker(ThreadPoolExecutor.java:1149)
	at java.util.concurrent.ThreadPoolExecutor$Worker.run(ThreadPoolExecutor.java:624)
	... 1 more
Caused by: org.apache.ratis.thirdparty.io.netty.channel.AbstractChannel$AnnotatedConnectException: Connection refused: /192.168.157.213:36639
	at sun.nio.ch.SocketChannelImpl.checkConnect(Native Method)
	at sun.nio.ch.SocketChannelImpl.finishConnect(SocketChannelImpl.java:717)
	at org.apache.ratis.thirdparty.io.netty.channel.socket.nio.NioSocketChannel.doFinishConnect(NioSocketChannel.java:327)
	at org.apache.ratis.thirdparty.io.netty.channel.nio.AbstractNioChannel$AbstractNioUnsafe.finishConnect(AbstractNioChannel.java:340)
	at org.apache.ratis.thirdparty.io.netty.channel.nio.NioEventLoop.processSelectedKey(NioEventLoop.java:632)
	at org.apache.ratis.thirdparty.io.netty.channel.nio.NioEventLoop.processSelectedKeysOptimized(NioEventLoop.java:579)
	at org.apache.ratis.thirdparty.io.netty.channel.nio.NioEventLoop.processSelectedKeys(NioEventLoop.java:496)
	at org.apache.ratis.thirdparty.io.netty.channel.nio.NioEventLoop.run(NioEventLoop.java:458)
	at org.apache.ratis.thirdparty.io.netty.util.concurrent.SingleThreadEventExecutor$5.run(SingleThreadEventExecutor.java:897)
	at org.apache.ratis.thirdparty.io.netty.util.concurrent.FastThreadLocalRunnable.run(FastThreadLocalRunnable.java:30)
	... 1 more
Caused by: java.net.ConnectException: Connection refused
	... 11 more
2019-10-19 01:04:51,450 [a1c78c0e-869c-4f76-b4ce-2034448e0b80@group-D48B69A44692-LeaderElection304] INFO  impl.RaftServerImpl (RaftServerImpl.java:setRole(184)) - a1c78c0e-869c-4f76-b4ce-2034448e0b80@group-D48B69A44692: changes role from CANDIDATE to FOLLOWER at term 199 for DISCOVERED_A_NEW_TERM
2019-10-19 01:04:51,450 [a1c78c0e-869c-4f76-b4ce-2034448e0b80@group-D48B69A44692-LeaderElection304] INFO  impl.RoleInfo (RoleInfo.java:shutdownLeaderElection(134)) - a1c78c0e-869c-4f76-b4ce-2034448e0b80: shutdown LeaderElection
2019-10-19 01:04:51,450 [a1c78c0e-869c-4f76-b4ce-2034448e0b80@group-D48B69A44692-LeaderElection304] INFO  impl.RoleInfo (RoleInfo.java:updateAndGet(143)) - a1c78c0e-869c-4f76-b4ce-2034448e0b80: start FollowerState
2019-10-19 01:04:51,470 [Thread-2470] INFO  impl.FollowerState (FollowerState.java:run(108)) - a1c78c0e-869c-4f76-b4ce-2034448e0b80@group-D48B69A44692-FollowerState: change to CANDIDATE, lastRpcTime:19ms, electionTimeout:19ms
2019-10-19 01:04:51,470 [Thread-2470] INFO  impl.RoleInfo (RoleInfo.java:shutdownFollowerState(121)) - a1c78c0e-869c-4f76-b4ce-2034448e0b80: shutdown FollowerState
2019-10-19 01:04:51,470 [Thread-2470] INFO  impl.RaftServerImpl (RaftServerImpl.java:setRole(184)) - a1c78c0e-869c-4f76-b4ce-2034448e0b80@group-D48B69A44692: changes role from  FOLLOWER to CANDIDATE at term 199 for changeToCandidate
2019-10-19 01:04:51,470 [Thread-2470] INFO  impl.RoleInfo (RoleInfo.java:updateAndGet(143)) - a1c78c0e-869c-4f76-b4ce-2034448e0b80: start LeaderElection
2019-10-19 01:04:51,490 [a1c78c0e-869c-4f76-b4ce-2034448e0b80@group-D48B69A44692-LeaderElection305] INFO  impl.LeaderElection (LeaderElection.java:askForVotes(178)) - a1c78c0e-869c-4f76-b4ce-2034448e0b80@group-D48B69A44692-LeaderElection305: begin an election at term 200 for -1: [51276c3c-a3b8-4274-b089-592ff4589f41:192.168.157.213:36639, 64c90977-e867-487c-b50d-c226f2d34a76:192.168.157.213:37433, a1c78c0e-869c-4f76-b4ce-2034448e0b80:192.168.157.213:33501], old=null
2019-10-19 01:04:51,490 [a1c78c0e-869c-4f76-b4ce-2034448e0b80@group-D48B69A44692-LeaderElection305] INFO  impl.LeaderElection (LogUtils.java:infoOrTrace(149)) - a1c78c0e-869c-4f76-b4ce-2034448e0b80@group-D48B69A44692-LeaderElection305 got exception when requesting votes: {}
java.util.concurrent.ExecutionException: org.apache.ratis.thirdparty.io.grpc.StatusRuntimeException: UNAVAILABLE: io exception
	at java.util.concurrent.FutureTask.report(FutureTask.java:122)
	at java.util.concurrent.FutureTask.get(FutureTask.java:192)
	at org.apache.ratis.server.impl.LeaderElection.waitForResults(LeaderElection.java:259)
	at org.apache.ratis.server.impl.LeaderElection.askForVotes(LeaderElection.java:197)
	at org.apache.ratis.server.impl.LeaderElection.run(LeaderElection.java:133)
	at java.lang.Thread.run(Thread.java:748)
Caused by: org.apache.ratis.thirdparty.io.grpc.StatusRuntimeException: UNAVAILABLE: io exception
	at org.apache.ratis.thirdparty.io.grpc.stub.ClientCalls.toStatusRuntimeException(ClientCalls.java:233)
	at org.apache.ratis.thirdparty.io.grpc.stub.ClientCalls.getUnchecked(ClientCalls.java:214)
	at org.apache.ratis.thirdparty.io.grpc.stub.ClientCalls.blockingUnaryCall(ClientCalls.java:139)
	at org.apache.ratis.proto.grpc.RaftServerProtocolServiceGrpc$RaftServerProtocolServiceBlockingStub.requestVote(RaftServerProtocolServiceGrpc.java:265)
	at org.apache.ratis.grpc.server.GrpcServerProtocolClient.requestVote(GrpcServerProtocolClient.java:99)
	at org.apache.ratis.grpc.server.GrpcService.requestVote(GrpcService.java:204)
	at org.apache.ratis.server.impl.LeaderElection.lambda$submitRequests$1(LeaderElection.java:234)
	at java.util.concurrent.FutureTask.run(FutureTask.java:266)
	at java.util.concurrent.Executors$RunnableAdapter.call(Executors.java:511)
	at java.util.concurrent.FutureTask.run(FutureTask.java:266)
	at java.util.concurrent.ThreadPoolExecutor.runWorker(ThreadPoolExecutor.java:1149)
	at java.util.concurrent.ThreadPoolExecutor$Worker.run(ThreadPoolExecutor.java:624)
	... 1 more
Caused by: org.apache.ratis.thirdparty.io.netty.channel.AbstractChannel$AnnotatedConnectException: Connection refused: /192.168.157.213:36639
	at sun.nio.ch.SocketChannelImpl.checkConnect(Native Method)
	at sun.nio.ch.SocketChannelImpl.finishConnect(SocketChannelImpl.java:717)
	at org.apache.ratis.thirdparty.io.netty.channel.socket.nio.NioSocketChannel.doFinishConnect(NioSocketChannel.java:327)
	at org.apache.ratis.thirdparty.io.netty.channel.nio.AbstractNioChannel$AbstractNioUnsafe.finishConnect(AbstractNioChannel.java:340)
	at org.apache.ratis.thirdparty.io.netty.channel.nio.NioEventLoop.processSelectedKey(NioEventLoop.java:632)
	at org.apache.ratis.thirdparty.io.netty.channel.nio.NioEventLoop.processSelectedKeysOptimized(NioEventLoop.java:579)
	at org.apache.ratis.thirdparty.io.netty.channel.nio.NioEventLoop.processSelectedKeys(NioEventLoop.java:496)
	at org.apache.ratis.thirdparty.io.netty.channel.nio.NioEventLoop.run(NioEventLoop.java:458)
	at org.apache.ratis.thirdparty.io.netty.util.concurrent.SingleThreadEventExecutor$5.run(SingleThreadEventExecutor.java:897)
	at org.apache.ratis.thirdparty.io.netty.util.concurrent.FastThreadLocalRunnable.run(FastThreadLocalRunnable.java:30)
	... 1 more
Caused by: java.net.ConnectException: Connection refused
	... 11 more
2019-10-19 01:04:51,500 [grpc-default-executor-7] INFO  impl.RaftServerImpl (RaftServerImpl.java:setRole(184)) - 64c90977-e867-487c-b50d-c226f2d34a76@group-D48B69A44692: changes role from  FOLLOWER to FOLLOWER at term 200 for recognizeCandidate:a1c78c0e-869c-4f76-b4ce-2034448e0b80
2019-10-19 01:04:51,500 [grpc-default-executor-7] INFO  impl.RoleInfo (RoleInfo.java:shutdownFollowerState(121)) - 64c90977-e867-487c-b50d-c226f2d34a76: shutdown FollowerState
2019-10-19 01:04:51,500 [grpc-default-executor-7] INFO  impl.RoleInfo (RoleInfo.java:updateAndGet(143)) - 64c90977-e867-487c-b50d-c226f2d34a76: start FollowerState
2019-10-19 01:04:51,500 [Thread-2469] INFO  impl.FollowerState (FollowerState.java:run(117)) - 64c90977-e867-487c-b50d-c226f2d34a76@group-D48B69A44692-FollowerState was interrupted: java.lang.InterruptedException: sleep interrupted
2019-10-19 01:04:51,514 [a1c78c0e-869c-4f76-b4ce-2034448e0b80@group-D48B69A44692-LeaderElection305] INFO  impl.LeaderElection (LeaderElection.java:logAndReturn(56)) - a1c78c0e-869c-4f76-b4ce-2034448e0b80@group-D48B69A44692-LeaderElection305: Election REJECTED; received 1 response(s) [a1c78c0e-869c-4f76-b4ce-2034448e0b80<-64c90977-e867-487c-b50d-c226f2d34a76#0:FAIL-t200] and 1 exception(s); a1c78c0e-869c-4f76-b4ce-2034448e0b80@group-D48B69A44692:t200, leader=null, voted=a1c78c0e-869c-4f76-b4ce-2034448e0b80, raftlog=a1c78c0e-869c-4f76-b4ce-2034448e0b80@group-D48B69A44692-SegmentedRaftLog:OPENED:c-1,f-1,i0, conf=-1: [51276c3c-a3b8-4274-b089-592ff4589f41:192.168.157.213:36639, 64c90977-e867-487c-b50d-c226f2d34a76:192.168.157.213:37433, a1c78c0e-869c-4f76-b4ce-2034448e0b80:192.168.157.213:33501], old=null
2019-10-19 01:04:51,514 [a1c78c0e-869c-4f76-b4ce-2034448e0b80@group-D48B69A44692-LeaderElection305] INFO  impl.LeaderElection (LogUtils.java:infoOrTrace(149)) -   Exception 0: {}
java.util.concurrent.ExecutionException: org.apache.ratis.thirdparty.io.grpc.StatusRuntimeException: UNAVAILABLE: io exception
	at java.util.concurrent.FutureTask.report(FutureTask.java:122)
	at java.util.concurrent.FutureTask.get(FutureTask.java:192)
	at org.apache.ratis.server.impl.LeaderElection.waitForResults(LeaderElection.java:259)
	at org.apache.ratis.server.impl.LeaderElection.askForVotes(LeaderElection.java:197)
	at org.apache.ratis.server.impl.LeaderElection.run(LeaderElection.java:133)
	at java.lang.Thread.run(Thread.java:748)
Caused by: org.apache.ratis.thirdparty.io.grpc.StatusRuntimeException: UNAVAILABLE: io exception
	at org.apache.ratis.thirdparty.io.grpc.stub.ClientCalls.toStatusRuntimeException(ClientCalls.java:233)
	at org.apache.ratis.thirdparty.io.grpc.stub.ClientCalls.getUnchecked(ClientCalls.java:214)
	at org.apache.ratis.thirdparty.io.grpc.stub.ClientCalls.blockingUnaryCall(ClientCalls.java:139)
	at org.apache.ratis.proto.grpc.RaftServerProtocolServiceGrpc$RaftServerProtocolServiceBlockingStub.requestVote(RaftServerProtocolServiceGrpc.java:265)
	at org.apache.ratis.grpc.server.GrpcServerProtocolClient.requestVote(GrpcServerProtocolClient.java:99)
	at org.apache.ratis.grpc.server.GrpcService.requestVote(GrpcService.java:204)
	at org.apache.ratis.server.impl.LeaderElection.lambda$submitRequests$1(LeaderElection.java:234)
	at java.util.concurrent.FutureTask.run(FutureTask.java:266)
	at java.util.concurrent.Executors$RunnableAdapter.call(Executors.java:511)
	at java.util.concurrent.FutureTask.run(FutureTask.java:266)
	at java.util.concurrent.ThreadPoolExecutor.runWorker(ThreadPoolExecutor.java:1149)
	at java.util.concurrent.ThreadPoolExecutor$Worker.run(ThreadPoolExecutor.java:624)
	... 1 more
Caused by: org.apache.ratis.thirdparty.io.netty.channel.AbstractChannel$AnnotatedConnectException: Connection refused: /192.168.157.213:36639
	at sun.nio.ch.SocketChannelImpl.checkConnect(Native Method)
	at sun.nio.ch.SocketChannelImpl.finishConnect(SocketChannelImpl.java:717)
	at org.apache.ratis.thirdparty.io.netty.channel.socket.nio.NioSocketChannel.doFinishConnect(NioSocketChannel.java:327)
	at org.apache.ratis.thirdparty.io.netty.channel.nio.AbstractNioChannel$AbstractNioUnsafe.finishConnect(AbstractNioChannel.java:340)
	at org.apache.ratis.thirdparty.io.netty.channel.nio.NioEventLoop.processSelectedKey(NioEventLoop.java:632)
	at org.apache.ratis.thirdparty.io.netty.channel.nio.NioEventLoop.processSelectedKeysOptimized(NioEventLoop.java:579)
	at org.apache.ratis.thirdparty.io.netty.channel.nio.NioEventLoop.processSelectedKeys(NioEventLoop.java:496)
	at org.apache.ratis.thirdparty.io.netty.channel.nio.NioEventLoop.run(NioEventLoop.java:458)
	at org.apache.ratis.thirdparty.io.netty.util.concurrent.SingleThreadEventExecutor$5.run(SingleThreadEventExecutor.java:897)
	at org.apache.ratis.thirdparty.io.netty.util.concurrent.FastThreadLocalRunnable.run(FastThreadLocalRunnable.java:30)
	... 1 more
Caused by: java.net.ConnectException: Connection refused
	... 11 more
2019-10-19 01:04:51,514 [a1c78c0e-869c-4f76-b4ce-2034448e0b80@group-D48B69A44692-LeaderElection305] INFO  impl.RaftServerImpl (RaftServerImpl.java:setRole(184)) - a1c78c0e-869c-4f76-b4ce-2034448e0b80@group-D48B69A44692: changes role from CANDIDATE to FOLLOWER at term 200 for DISCOVERED_A_NEW_TERM
2019-10-19 01:04:51,514 [a1c78c0e-869c-4f76-b4ce-2034448e0b80@group-D48B69A44692-LeaderElection305] INFO  impl.RoleInfo (RoleInfo.java:shutdownLeaderElection(134)) - a1c78c0e-869c-4f76-b4ce-2034448e0b80: shutdown LeaderElection
2019-10-19 01:04:51,515 [a1c78c0e-869c-4f76-b4ce-2034448e0b80@group-D48B69A44692-LeaderElection305] INFO  impl.RoleInfo (RoleInfo.java:updateAndGet(143)) - a1c78c0e-869c-4f76-b4ce-2034448e0b80: start FollowerState
2019-10-19 01:04:51,519 [Thread-2475] INFO  impl.FollowerState (FollowerState.java:run(108)) - a1c78c0e-869c-4f76-b4ce-2034448e0b80@group-D48B69A44692-FollowerState: change to CANDIDATE, lastRpcTime:4ms, electionTimeout:4ms
2019-10-19 01:04:51,519 [Thread-2475] INFO  impl.RoleInfo (RoleInfo.java:shutdownFollowerState(121)) - a1c78c0e-869c-4f76-b4ce-2034448e0b80: shutdown FollowerState
2019-10-19 01:04:51,519 [Thread-2475] INFO  impl.RaftServerImpl (RaftServerImpl.java:setRole(184)) - a1c78c0e-869c-4f76-b4ce-2034448e0b80@group-D48B69A44692: changes role from  FOLLOWER to CANDIDATE at term 200 for changeToCandidate
2019-10-19 01:04:51,519 [Thread-2475] INFO  impl.RoleInfo (RoleInfo.java:updateAndGet(143)) - a1c78c0e-869c-4f76-b4ce-2034448e0b80: start LeaderElection
2019-10-19 01:04:51,543 [a1c78c0e-869c-4f76-b4ce-2034448e0b80@group-D48B69A44692-LeaderElection306] INFO  impl.LeaderElection (LeaderElection.java:askForVotes(178)) - a1c78c0e-869c-4f76-b4ce-2034448e0b80@group-D48B69A44692-LeaderElection306: begin an election at term 201 for -1: [51276c3c-a3b8-4274-b089-592ff4589f41:192.168.157.213:36639, 64c90977-e867-487c-b50d-c226f2d34a76:192.168.157.213:37433, a1c78c0e-869c-4f76-b4ce-2034448e0b80:192.168.157.213:33501], old=null
2019-10-19 01:04:51,543 [a1c78c0e-869c-4f76-b4ce-2034448e0b80@group-D48B69A44692-LeaderElection306] INFO  impl.LeaderElection (LogUtils.java:infoOrTrace(149)) - a1c78c0e-869c-4f76-b4ce-2034448e0b80@group-D48B69A44692-LeaderElection306 got exception when requesting votes: {}
java.util.concurrent.ExecutionException: org.apache.ratis.thirdparty.io.grpc.StatusRuntimeException: UNAVAILABLE: io exception
	at java.util.concurrent.FutureTask.report(FutureTask.java:122)
	at java.util.concurrent.FutureTask.get(FutureTask.java:192)
	at org.apache.ratis.server.impl.LeaderElection.waitForResults(LeaderElection.java:259)
	at org.apache.ratis.server.impl.LeaderElection.askForVotes(LeaderElection.java:197)
	at org.apache.ratis.server.impl.LeaderElection.run(LeaderElection.java:133)
	at java.lang.Thread.run(Thread.java:748)
Caused by: org.apache.ratis.thirdparty.io.grpc.StatusRuntimeException: UNAVAILABLE: io exception
	at org.apache.ratis.thirdparty.io.grpc.stub.ClientCalls.toStatusRuntimeException(ClientCalls.java:233)
	at org.apache.ratis.thirdparty.io.grpc.stub.ClientCalls.getUnchecked(ClientCalls.java:214)
	at org.apache.ratis.thirdparty.io.grpc.stub.ClientCalls.blockingUnaryCall(ClientCalls.java:139)
	at org.apache.ratis.proto.grpc.RaftServerProtocolServiceGrpc$RaftServerProtocolServiceBlockingStub.requestVote(RaftServerProtocolServiceGrpc.java:265)
	at org.apache.ratis.grpc.server.GrpcServerProtocolClient.requestVote(GrpcServerProtocolClient.java:99)
	at org.apache.ratis.grpc.server.GrpcService.requestVote(GrpcService.java:204)
	at org.apache.ratis.server.impl.LeaderElection.lambda$submitRequests$1(LeaderElection.java:234)
	at java.util.concurrent.FutureTask.run(FutureTask.java:266)
	at java.util.concurrent.Executors$RunnableAdapter.call(Executors.java:511)
	at java.util.concurrent.FutureTask.run(FutureTask.java:266)
	at java.util.concurrent.ThreadPoolExecutor.runWorker(ThreadPoolExecutor.java:1149)
	at java.util.concurrent.ThreadPoolExecutor$Worker.run(ThreadPoolExecutor.java:624)
	... 1 more
Caused by: org.apache.ratis.thirdparty.io.netty.channel.AbstractChannel$AnnotatedConnectException: Connection refused: /192.168.157.213:36639
	at sun.nio.ch.SocketChannelImpl.checkConnect(Native Method)
	at sun.nio.ch.SocketChannelImpl.finishConnect(SocketChannelImpl.java:717)
	at org.apache.ratis.thirdparty.io.netty.channel.socket.nio.NioSocketChannel.doFinishConnect(NioSocketChannel.java:327)
	at org.apache.ratis.thirdparty.io.netty.channel.nio.AbstractNioChannel$AbstractNioUnsafe.finishConnect(AbstractNioChannel.java:340)
	at org.apache.ratis.thirdparty.io.netty.channel.nio.NioEventLoop.processSelectedKey(NioEventLoop.java:632)
	at org.apache.ratis.thirdparty.io.netty.channel.nio.NioEventLoop.processSelectedKeysOptimized(NioEventLoop.java:579)
	at org.apache.ratis.thirdparty.io.netty.channel.nio.NioEventLoop.processSelectedKeys(NioEventLoop.java:496)
	at org.apache.ratis.thirdparty.io.netty.channel.nio.NioEventLoop.run(NioEventLoop.java:458)
	at org.apache.ratis.thirdparty.io.netty.util.concurrent.SingleThreadEventExecutor$5.run(SingleThreadEventExecutor.java:897)
	at org.apache.ratis.thirdparty.io.netty.util.concurrent.FastThreadLocalRunnable.run(FastThreadLocalRunnable.java:30)
	... 1 more
Caused by: java.net.ConnectException: Connection refused
	... 11 more
2019-10-19 01:04:51,546 [grpc-default-executor-7] INFO  impl.RaftServerImpl (RaftServerImpl.java:setRole(184)) - 64c90977-e867-487c-b50d-c226f2d34a76@group-D48B69A44692: changes role from  FOLLOWER to FOLLOWER at term 201 for recognizeCandidate:a1c78c0e-869c-4f76-b4ce-2034448e0b80
2019-10-19 01:04:51,547 [grpc-default-executor-7] INFO  impl.RoleInfo (RoleInfo.java:shutdownFollowerState(121)) - 64c90977-e867-487c-b50d-c226f2d34a76: shutdown FollowerState
2019-10-19 01:04:51,547 [grpc-default-executor-7] INFO  impl.RoleInfo (RoleInfo.java:updateAndGet(143)) - 64c90977-e867-487c-b50d-c226f2d34a76: start FollowerState
2019-10-19 01:04:51,547 [Thread-2474] INFO  impl.FollowerState (FollowerState.java:run(117)) - 64c90977-e867-487c-b50d-c226f2d34a76@group-D48B69A44692-FollowerState was interrupted: java.lang.InterruptedException: sleep interrupted
2019-10-19 01:04:51,558 [a1c78c0e-869c-4f76-b4ce-2034448e0b80@group-D48B69A44692-LeaderElection306] INFO  impl.LeaderElection (LeaderElection.java:logAndReturn(56)) - a1c78c0e-869c-4f76-b4ce-2034448e0b80@group-D48B69A44692-LeaderElection306: Election REJECTED; received 1 response(s) [a1c78c0e-869c-4f76-b4ce-2034448e0b80<-64c90977-e867-487c-b50d-c226f2d34a76#0:FAIL-t201] and 1 exception(s); a1c78c0e-869c-4f76-b4ce-2034448e0b80@group-D48B69A44692:t201, leader=null, voted=a1c78c0e-869c-4f76-b4ce-2034448e0b80, raftlog=a1c78c0e-869c-4f76-b4ce-2034448e0b80@group-D48B69A44692-SegmentedRaftLog:OPENED:c-1,f-1,i0, conf=-1: [51276c3c-a3b8-4274-b089-592ff4589f41:192.168.157.213:36639, 64c90977-e867-487c-b50d-c226f2d34a76:192.168.157.213:37433, a1c78c0e-869c-4f76-b4ce-2034448e0b80:192.168.157.213:33501], old=null
2019-10-19 01:04:51,558 [a1c78c0e-869c-4f76-b4ce-2034448e0b80@group-D48B69A44692-LeaderElection306] INFO  impl.LeaderElection (LogUtils.java:infoOrTrace(149)) -   Exception 0: {}
java.util.concurrent.ExecutionException: org.apache.ratis.thirdparty.io.grpc.StatusRuntimeException: UNAVAILABLE: io exception
	at java.util.concurrent.FutureTask.report(FutureTask.java:122)
	at java.util.concurrent.FutureTask.get(FutureTask.java:192)
	at org.apache.ratis.server.impl.LeaderElection.waitForResults(LeaderElection.java:259)
	at org.apache.ratis.server.impl.LeaderElection.askForVotes(LeaderElection.java:197)
	at org.apache.ratis.server.impl.LeaderElection.run(LeaderElection.java:133)
	at java.lang.Thread.run(Thread.java:748)
Caused by: org.apache.ratis.thirdparty.io.grpc.StatusRuntimeException: UNAVAILABLE: io exception
	at org.apache.ratis.thirdparty.io.grpc.stub.ClientCalls.toStatusRuntimeException(ClientCalls.java:233)
	at org.apache.ratis.thirdparty.io.grpc.stub.ClientCalls.getUnchecked(ClientCalls.java:214)
	at org.apache.ratis.thirdparty.io.grpc.stub.ClientCalls.blockingUnaryCall(ClientCalls.java:139)
	at org.apache.ratis.proto.grpc.RaftServerProtocolServiceGrpc$RaftServerProtocolServiceBlockingStub.requestVote(RaftServerProtocolServiceGrpc.java:265)
	at org.apache.ratis.grpc.server.GrpcServerProtocolClient.requestVote(GrpcServerProtocolClient.java:99)
	at org.apache.ratis.grpc.server.GrpcService.requestVote(GrpcService.java:204)
	at org.apache.ratis.server.impl.LeaderElection.lambda$submitRequests$1(LeaderElection.java:234)
	at java.util.concurrent.FutureTask.run(FutureTask.java:266)
	at java.util.concurrent.Executors$RunnableAdapter.call(Executors.java:511)
	at java.util.concurrent.FutureTask.run(FutureTask.java:266)
	at java.util.concurrent.ThreadPoolExecutor.runWorker(ThreadPoolExecutor.java:1149)
	at java.util.concurrent.ThreadPoolExecutor$Worker.run(ThreadPoolExecutor.java:624)
	... 1 more
Caused by: org.apache.ratis.thirdparty.io.netty.channel.AbstractChannel$AnnotatedConnectException: Connection refused: /192.168.157.213:36639
	at sun.nio.ch.SocketChannelImpl.checkConnect(Native Method)
	at sun.nio.ch.SocketChannelImpl.finishConnect(SocketChannelImpl.java:717)
	at org.apache.ratis.thirdparty.io.netty.channel.socket.nio.NioSocketChannel.doFinishConnect(NioSocketChannel.java:327)
	at org.apache.ratis.thirdparty.io.netty.channel.nio.AbstractNioChannel$AbstractNioUnsafe.finishConnect(AbstractNioChannel.java:340)
	at org.apache.ratis.thirdparty.io.netty.channel.nio.NioEventLoop.processSelectedKey(NioEventLoop.java:632)
	at org.apache.ratis.thirdparty.io.netty.channel.nio.NioEventLoop.processSelectedKeysOptimized(NioEventLoop.java:579)
	at org.apache.ratis.thirdparty.io.netty.channel.nio.NioEventLoop.processSelectedKeys(NioEventLoop.java:496)
	at org.apache.ratis.thirdparty.io.netty.channel.nio.NioEventLoop.run(NioEventLoop.java:458)
	at org.apache.ratis.thirdparty.io.netty.util.concurrent.SingleThreadEventExecutor$5.run(SingleThreadEventExecutor.java:897)
	at org.apache.ratis.thirdparty.io.netty.util.concurrent.FastThreadLocalRunnable.run(FastThreadLocalRunnable.java:30)
	... 1 more
Caused by: java.net.ConnectException: Connection refused
	... 11 more
2019-10-19 01:04:51,559 [a1c78c0e-869c-4f76-b4ce-2034448e0b80@group-D48B69A44692-LeaderElection306] INFO  impl.RaftServerImpl (RaftServerImpl.java:setRole(184)) - a1c78c0e-869c-4f76-b4ce-2034448e0b80@group-D48B69A44692: changes role from CANDIDATE to FOLLOWER at term 201 for DISCOVERED_A_NEW_TERM
2019-10-19 01:04:51,559 [a1c78c0e-869c-4f76-b4ce-2034448e0b80@group-D48B69A44692-LeaderElection306] INFO  impl.RoleInfo (RoleInfo.java:shutdownLeaderElection(134)) - a1c78c0e-869c-4f76-b4ce-2034448e0b80: shutdown LeaderElection
2019-10-19 01:04:51,559 [a1c78c0e-869c-4f76-b4ce-2034448e0b80@group-D48B69A44692-LeaderElection306] INFO  impl.RoleInfo (RoleInfo.java:updateAndGet(143)) - a1c78c0e-869c-4f76-b4ce-2034448e0b80: start FollowerState
2019-10-19 01:04:51,667 [Thread-2480] INFO  impl.FollowerState (FollowerState.java:run(108)) - a1c78c0e-869c-4f76-b4ce-2034448e0b80@group-D48B69A44692-FollowerState: change to CANDIDATE, lastRpcTime:107ms, electionTimeout:107ms
2019-10-19 01:04:51,667 [Thread-2480] INFO  impl.RoleInfo (RoleInfo.java:shutdownFollowerState(121)) - a1c78c0e-869c-4f76-b4ce-2034448e0b80: shutdown FollowerState
2019-10-19 01:04:51,667 [Thread-2480] INFO  impl.RaftServerImpl (RaftServerImpl.java:setRole(184)) - a1c78c0e-869c-4f76-b4ce-2034448e0b80@group-D48B69A44692: changes role from  FOLLOWER to CANDIDATE at term 201 for changeToCandidate
2019-10-19 01:04:51,667 [Thread-2480] INFO  impl.RoleInfo (RoleInfo.java:updateAndGet(143)) - a1c78c0e-869c-4f76-b4ce-2034448e0b80: start LeaderElection
2019-10-19 01:04:51,681 [a1c78c0e-869c-4f76-b4ce-2034448e0b80@group-D48B69A44692-LeaderElection307] INFO  impl.LeaderElection (LeaderElection.java:askForVotes(178)) - a1c78c0e-869c-4f76-b4ce-2034448e0b80@group-D48B69A44692-LeaderElection307: begin an election at term 202 for -1: [51276c3c-a3b8-4274-b089-592ff4589f41:192.168.157.213:36639, 64c90977-e867-487c-b50d-c226f2d34a76:192.168.157.213:37433, a1c78c0e-869c-4f76-b4ce-2034448e0b80:192.168.157.213:33501], old=null
2019-10-19 01:04:51,681 [a1c78c0e-869c-4f76-b4ce-2034448e0b80@group-D48B69A44692-LeaderElection307] INFO  impl.LeaderElection (LogUtils.java:infoOrTrace(149)) - a1c78c0e-869c-4f76-b4ce-2034448e0b80@group-D48B69A44692-LeaderElection307 got exception when requesting votes: {}
java.util.concurrent.ExecutionException: org.apache.ratis.thirdparty.io.grpc.StatusRuntimeException: UNAVAILABLE: io exception
	at java.util.concurrent.FutureTask.report(FutureTask.java:122)
	at java.util.concurrent.FutureTask.get(FutureTask.java:192)
	at org.apache.ratis.server.impl.LeaderElection.waitForResults(LeaderElection.java:259)
	at org.apache.ratis.server.impl.LeaderElection.askForVotes(LeaderElection.java:197)
	at org.apache.ratis.server.impl.LeaderElection.run(LeaderElection.java:133)
	at java.lang.Thread.run(Thread.java:748)
Caused by: org.apache.ratis.thirdparty.io.grpc.StatusRuntimeException: UNAVAILABLE: io exception
	at org.apache.ratis.thirdparty.io.grpc.stub.ClientCalls.toStatusRuntimeException(ClientCalls.java:233)
	at org.apache.ratis.thirdparty.io.grpc.stub.ClientCalls.getUnchecked(ClientCalls.java:214)
	at org.apache.ratis.thirdparty.io.grpc.stub.ClientCalls.blockingUnaryCall(ClientCalls.java:139)
	at org.apache.ratis.proto.grpc.RaftServerProtocolServiceGrpc$RaftServerProtocolServiceBlockingStub.requestVote(RaftServerProtocolServiceGrpc.java:265)
	at org.apache.ratis.grpc.server.GrpcServerProtocolClient.requestVote(GrpcServerProtocolClient.java:99)
	at org.apache.ratis.grpc.server.GrpcService.requestVote(GrpcService.java:204)
	at org.apache.ratis.server.impl.LeaderElection.lambda$submitRequests$1(LeaderElection.java:234)
	at java.util.concurrent.FutureTask.run(FutureTask.java:266)
	at java.util.concurrent.Executors$RunnableAdapter.call(Executors.java:511)
	at java.util.concurrent.FutureTask.run(FutureTask.java:266)
	at java.util.concurrent.ThreadPoolExecutor.runWorker(ThreadPoolExecutor.java:1149)
	at java.util.concurrent.ThreadPoolExecutor$Worker.run(ThreadPoolExecutor.java:624)
	... 1 more
Caused by: org.apache.ratis.thirdparty.io.netty.channel.AbstractChannel$AnnotatedConnectException: Connection refused: /192.168.157.213:36639
	at sun.nio.ch.SocketChannelImpl.checkConnect(Native Method)
	at sun.nio.ch.SocketChannelImpl.finishConnect(SocketChannelImpl.java:717)
	at org.apache.ratis.thirdparty.io.netty.channel.socket.nio.NioSocketChannel.doFinishConnect(NioSocketChannel.java:327)
	at org.apache.ratis.thirdparty.io.netty.channel.nio.AbstractNioChannel$AbstractNioUnsafe.finishConnect(AbstractNioChannel.java:340)
	at org.apache.ratis.thirdparty.io.netty.channel.nio.NioEventLoop.processSelectedKey(NioEventLoop.java:632)
	at org.apache.ratis.thirdparty.io.netty.channel.nio.NioEventLoop.processSelectedKeysOptimized(NioEventLoop.java:579)
	at org.apache.ratis.thirdparty.io.netty.channel.nio.NioEventLoop.processSelectedKeys(NioEventLoop.java:496)
	at org.apache.ratis.thirdparty.io.netty.channel.nio.NioEventLoop.run(NioEventLoop.java:458)
	at org.apache.ratis.thirdparty.io.netty.util.concurrent.SingleThreadEventExecutor$5.run(SingleThreadEventExecutor.java:897)
	at org.apache.ratis.thirdparty.io.netty.util.concurrent.FastThreadLocalRunnable.run(FastThreadLocalRunnable.java:30)
	... 1 more
Caused by: java.net.ConnectException: Connection refused
	... 11 more
2019-10-19 01:04:51,684 [grpc-default-executor-7] INFO  impl.RaftServerImpl (RaftServerImpl.java:setRole(184)) - 64c90977-e867-487c-b50d-c226f2d34a76@group-D48B69A44692: changes role from  FOLLOWER to FOLLOWER at term 202 for recognizeCandidate:a1c78c0e-869c-4f76-b4ce-2034448e0b80
2019-10-19 01:04:51,684 [grpc-default-executor-7] INFO  impl.RoleInfo (RoleInfo.java:shutdownFollowerState(121)) - 64c90977-e867-487c-b50d-c226f2d34a76: shutdown FollowerState
2019-10-19 01:04:51,685 [grpc-default-executor-7] INFO  impl.RoleInfo (RoleInfo.java:updateAndGet(143)) - 64c90977-e867-487c-b50d-c226f2d34a76: start FollowerState
2019-10-19 01:04:51,685 [Thread-2479] INFO  impl.FollowerState (FollowerState.java:run(117)) - 64c90977-e867-487c-b50d-c226f2d34a76@group-D48B69A44692-FollowerState was interrupted: java.lang.InterruptedException: sleep interrupted
2019-10-19 01:04:51,699 [a1c78c0e-869c-4f76-b4ce-2034448e0b80@group-D48B69A44692-LeaderElection307] INFO  impl.LeaderElection (LeaderElection.java:logAndReturn(56)) - a1c78c0e-869c-4f76-b4ce-2034448e0b80@group-D48B69A44692-LeaderElection307: Election REJECTED; received 1 response(s) [a1c78c0e-869c-4f76-b4ce-2034448e0b80<-64c90977-e867-487c-b50d-c226f2d34a76#0:FAIL-t202] and 1 exception(s); a1c78c0e-869c-4f76-b4ce-2034448e0b80@group-D48B69A44692:t202, leader=null, voted=a1c78c0e-869c-4f76-b4ce-2034448e0b80, raftlog=a1c78c0e-869c-4f76-b4ce-2034448e0b80@group-D48B69A44692-SegmentedRaftLog:OPENED:c-1,f-1,i0, conf=-1: [51276c3c-a3b8-4274-b089-592ff4589f41:192.168.157.213:36639, 64c90977-e867-487c-b50d-c226f2d34a76:192.168.157.213:37433, a1c78c0e-869c-4f76-b4ce-2034448e0b80:192.168.157.213:33501], old=null
2019-10-19 01:04:51,699 [a1c78c0e-869c-4f76-b4ce-2034448e0b80@group-D48B69A44692-LeaderElection307] INFO  impl.LeaderElection (LogUtils.java:infoOrTrace(149)) -   Exception 0: {}
java.util.concurrent.ExecutionException: org.apache.ratis.thirdparty.io.grpc.StatusRuntimeException: UNAVAILABLE: io exception
	at java.util.concurrent.FutureTask.report(FutureTask.java:122)
	at java.util.concurrent.FutureTask.get(FutureTask.java:192)
	at org.apache.ratis.server.impl.LeaderElection.waitForResults(LeaderElection.java:259)
	at org.apache.ratis.server.impl.LeaderElection.askForVotes(LeaderElection.java:197)
	at org.apache.ratis.server.impl.LeaderElection.run(LeaderElection.java:133)
	at java.lang.Thread.run(Thread.java:748)
Caused by: org.apache.ratis.thirdparty.io.grpc.StatusRuntimeException: UNAVAILABLE: io exception
	at org.apache.ratis.thirdparty.io.grpc.stub.ClientCalls.toStatusRuntimeException(ClientCalls.java:233)
	at org.apache.ratis.thirdparty.io.grpc.stub.ClientCalls.getUnchecked(ClientCalls.java:214)
	at org.apache.ratis.thirdparty.io.grpc.stub.ClientCalls.blockingUnaryCall(ClientCalls.java:139)
	at org.apache.ratis.proto.grpc.RaftServerProtocolServiceGrpc$RaftServerProtocolServiceBlockingStub.requestVote(RaftServerProtocolServiceGrpc.java:265)
	at org.apache.ratis.grpc.server.GrpcServerProtocolClient.requestVote(GrpcServerProtocolClient.java:99)
	at org.apache.ratis.grpc.server.GrpcService.requestVote(GrpcService.java:204)
	at org.apache.ratis.server.impl.LeaderElection.lambda$submitRequests$1(LeaderElection.java:234)
	at java.util.concurrent.FutureTask.run(FutureTask.java:266)
	at java.util.concurrent.Executors$RunnableAdapter.call(Executors.java:511)
	at java.util.concurrent.FutureTask.run(FutureTask.java:266)
	at java.util.concurrent.ThreadPoolExecutor.runWorker(ThreadPoolExecutor.java:1149)
	at java.util.concurrent.ThreadPoolExecutor$Worker.run(ThreadPoolExecutor.java:624)
	... 1 more
Caused by: org.apache.ratis.thirdparty.io.netty.channel.AbstractChannel$AnnotatedConnectException: Connection refused: /192.168.157.213:36639
	at sun.nio.ch.SocketChannelImpl.checkConnect(Native Method)
	at sun.nio.ch.SocketChannelImpl.finishConnect(SocketChannelImpl.java:717)
	at org.apache.ratis.thirdparty.io.netty.channel.socket.nio.NioSocketChannel.doFinishConnect(NioSocketChannel.java:327)
	at org.apache.ratis.thirdparty.io.netty.channel.nio.AbstractNioChannel$AbstractNioUnsafe.finishConnect(AbstractNioChannel.java:340)
	at org.apache.ratis.thirdparty.io.netty.channel.nio.NioEventLoop.processSelectedKey(NioEventLoop.java:632)
	at org.apache.ratis.thirdparty.io.netty.channel.nio.NioEventLoop.processSelectedKeysOptimized(NioEventLoop.java:579)
	at org.apache.ratis.thirdparty.io.netty.channel.nio.NioEventLoop.processSelectedKeys(NioEventLoop.java:496)
	at org.apache.ratis.thirdparty.io.netty.channel.nio.NioEventLoop.run(NioEventLoop.java:458)
	at org.apache.ratis.thirdparty.io.netty.util.concurrent.SingleThreadEventExecutor$5.run(SingleThreadEventExecutor.java:897)
	at org.apache.ratis.thirdparty.io.netty.util.concurrent.FastThreadLocalRunnable.run(FastThreadLocalRunnable.java:30)
	... 1 more
Caused by: java.net.ConnectException: Connection refused
	... 11 more
2019-10-19 01:04:51,699 [a1c78c0e-869c-4f76-b4ce-2034448e0b80@group-D48B69A44692-LeaderElection307] INFO  impl.RaftServerImpl (RaftServerImpl.java:setRole(184)) - a1c78c0e-869c-4f76-b4ce-2034448e0b80@group-D48B69A44692: changes role from CANDIDATE to FOLLOWER at term 202 for DISCOVERED_A_NEW_TERM
2019-10-19 01:04:51,700 [a1c78c0e-869c-4f76-b4ce-2034448e0b80@group-D48B69A44692-LeaderElection307] INFO  impl.RoleInfo (RoleInfo.java:shutdownLeaderElection(134)) - a1c78c0e-869c-4f76-b4ce-2034448e0b80: shutdown LeaderElection
2019-10-19 01:04:51,700 [a1c78c0e-869c-4f76-b4ce-2034448e0b80@group-D48B69A44692-LeaderElection307] INFO  impl.RoleInfo (RoleInfo.java:updateAndGet(143)) - a1c78c0e-869c-4f76-b4ce-2034448e0b80: start FollowerState
2019-10-19 01:04:51,737 [Thread-2485] INFO  impl.FollowerState (FollowerState.java:run(108)) - a1c78c0e-869c-4f76-b4ce-2034448e0b80@group-D48B69A44692-FollowerState: change to CANDIDATE, lastRpcTime:37ms, electionTimeout:37ms
2019-10-19 01:04:51,737 [Thread-2485] INFO  impl.RoleInfo (RoleInfo.java:shutdownFollowerState(121)) - a1c78c0e-869c-4f76-b4ce-2034448e0b80: shutdown FollowerState
2019-10-19 01:04:51,737 [Thread-2485] INFO  impl.RaftServerImpl (RaftServerImpl.java:setRole(184)) - a1c78c0e-869c-4f76-b4ce-2034448e0b80@group-D48B69A44692: changes role from  FOLLOWER to CANDIDATE at term 202 for changeToCandidate
2019-10-19 01:04:51,738 [Thread-2485] INFO  impl.RoleInfo (RoleInfo.java:updateAndGet(143)) - a1c78c0e-869c-4f76-b4ce-2034448e0b80: start LeaderElection
2019-10-19 01:04:51,771 [a1c78c0e-869c-4f76-b4ce-2034448e0b80@group-D48B69A44692-LeaderElection308] INFO  impl.LeaderElection (LeaderElection.java:askForVotes(178)) - a1c78c0e-869c-4f76-b4ce-2034448e0b80@group-D48B69A44692-LeaderElection308: begin an election at term 203 for -1: [51276c3c-a3b8-4274-b089-592ff4589f41:192.168.157.213:36639, 64c90977-e867-487c-b50d-c226f2d34a76:192.168.157.213:37433, a1c78c0e-869c-4f76-b4ce-2034448e0b80:192.168.157.213:33501], old=null
2019-10-19 01:04:51,772 [a1c78c0e-869c-4f76-b4ce-2034448e0b80@group-D48B69A44692-LeaderElection308] INFO  impl.LeaderElection (LogUtils.java:infoOrTrace(149)) - a1c78c0e-869c-4f76-b4ce-2034448e0b80@group-D48B69A44692-LeaderElection308 got exception when requesting votes: {}
java.util.concurrent.ExecutionException: org.apache.ratis.thirdparty.io.grpc.StatusRuntimeException: UNAVAILABLE: io exception
	at java.util.concurrent.FutureTask.report(FutureTask.java:122)
	at java.util.concurrent.FutureTask.get(FutureTask.java:192)
	at org.apache.ratis.server.impl.LeaderElection.waitForResults(LeaderElection.java:259)
	at org.apache.ratis.server.impl.LeaderElection.askForVotes(LeaderElection.java:197)
	at org.apache.ratis.server.impl.LeaderElection.run(LeaderElection.java:133)
	at java.lang.Thread.run(Thread.java:748)
Caused by: org.apache.ratis.thirdparty.io.grpc.StatusRuntimeException: UNAVAILABLE: io exception
	at org.apache.ratis.thirdparty.io.grpc.stub.ClientCalls.toStatusRuntimeException(ClientCalls.java:233)
	at org.apache.ratis.thirdparty.io.grpc.stub.ClientCalls.getUnchecked(ClientCalls.java:214)
	at org.apache.ratis.thirdparty.io.grpc.stub.ClientCalls.blockingUnaryCall(ClientCalls.java:139)
	at org.apache.ratis.proto.grpc.RaftServerProtocolServiceGrpc$RaftServerProtocolServiceBlockingStub.requestVote(RaftServerProtocolServiceGrpc.java:265)
	at org.apache.ratis.grpc.server.GrpcServerProtocolClient.requestVote(GrpcServerProtocolClient.java:99)
	at org.apache.ratis.grpc.server.GrpcService.requestVote(GrpcService.java:204)
	at org.apache.ratis.server.impl.LeaderElection.lambda$submitRequests$1(LeaderElection.java:234)
	at java.util.concurrent.FutureTask.run(FutureTask.java:266)
	at java.util.concurrent.Executors$RunnableAdapter.call(Executors.java:511)
	at java.util.concurrent.FutureTask.run(FutureTask.java:266)
	at java.util.concurrent.ThreadPoolExecutor.runWorker(ThreadPoolExecutor.java:1149)
	at java.util.concurrent.ThreadPoolExecutor$Worker.run(ThreadPoolExecutor.java:624)
	... 1 more
Caused by: org.apache.ratis.thirdparty.io.netty.channel.AbstractChannel$AnnotatedConnectException: Connection refused: /192.168.157.213:36639
	at sun.nio.ch.SocketChannelImpl.checkConnect(Native Method)
	at sun.nio.ch.SocketChannelImpl.finishConnect(SocketChannelImpl.java:717)
	at org.apache.ratis.thirdparty.io.netty.channel.socket.nio.NioSocketChannel.doFinishConnect(NioSocketChannel.java:327)
	at org.apache.ratis.thirdparty.io.netty.channel.nio.AbstractNioChannel$AbstractNioUnsafe.finishConnect(AbstractNioChannel.java:340)
	at org.apache.ratis.thirdparty.io.netty.channel.nio.NioEventLoop.processSelectedKey(NioEventLoop.java:632)
	at org.apache.ratis.thirdparty.io.netty.channel.nio.NioEventLoop.processSelectedKeysOptimized(NioEventLoop.java:579)
	at org.apache.ratis.thirdparty.io.netty.channel.nio.NioEventLoop.processSelectedKeys(NioEventLoop.java:496)
	at org.apache.ratis.thirdparty.io.netty.channel.nio.NioEventLoop.run(NioEventLoop.java:458)
	at org.apache.ratis.thirdparty.io.netty.util.concurrent.SingleThreadEventExecutor$5.run(SingleThreadEventExecutor.java:897)
	at org.apache.ratis.thirdparty.io.netty.util.concurrent.FastThreadLocalRunnable.run(FastThreadLocalRunnable.java:30)
	... 1 more
Caused by: java.net.ConnectException: Connection refused
	... 11 more
2019-10-19 01:04:51,775 [grpc-default-executor-7] INFO  impl.RaftServerImpl (RaftServerImpl.java:setRole(184)) - 64c90977-e867-487c-b50d-c226f2d34a76@group-D48B69A44692: changes role from  FOLLOWER to FOLLOWER at term 203 for recognizeCandidate:a1c78c0e-869c-4f76-b4ce-2034448e0b80
2019-10-19 01:04:51,775 [grpc-default-executor-7] INFO  impl.RoleInfo (RoleInfo.java:shutdownFollowerState(121)) - 64c90977-e867-487c-b50d-c226f2d34a76: shutdown FollowerState
2019-10-19 01:04:51,775 [grpc-default-executor-7] INFO  impl.RoleInfo (RoleInfo.java:updateAndGet(143)) - 64c90977-e867-487c-b50d-c226f2d34a76: start FollowerState
2019-10-19 01:04:51,775 [Thread-2484] INFO  impl.FollowerState (FollowerState.java:run(117)) - 64c90977-e867-487c-b50d-c226f2d34a76@group-D48B69A44692-FollowerState was interrupted: java.lang.InterruptedException: sleep interrupted
2019-10-19 01:04:51,791 [a1c78c0e-869c-4f76-b4ce-2034448e0b80@group-D48B69A44692-LeaderElection308] INFO  impl.LeaderElection (LeaderElection.java:logAndReturn(56)) - a1c78c0e-869c-4f76-b4ce-2034448e0b80@group-D48B69A44692-LeaderElection308: Election REJECTED; received 1 response(s) [a1c78c0e-869c-4f76-b4ce-2034448e0b80<-64c90977-e867-487c-b50d-c226f2d34a76#0:FAIL-t203] and 1 exception(s); a1c78c0e-869c-4f76-b4ce-2034448e0b80@group-D48B69A44692:t203, leader=null, voted=a1c78c0e-869c-4f76-b4ce-2034448e0b80, raftlog=a1c78c0e-869c-4f76-b4ce-2034448e0b80@group-D48B69A44692-SegmentedRaftLog:OPENED:c-1,f-1,i0, conf=-1: [51276c3c-a3b8-4274-b089-592ff4589f41:192.168.157.213:36639, 64c90977-e867-487c-b50d-c226f2d34a76:192.168.157.213:37433, a1c78c0e-869c-4f76-b4ce-2034448e0b80:192.168.157.213:33501], old=null
2019-10-19 01:04:51,791 [a1c78c0e-869c-4f76-b4ce-2034448e0b80@group-D48B69A44692-LeaderElection308] INFO  impl.LeaderElection (LogUtils.java:infoOrTrace(149)) -   Exception 0: {}
java.util.concurrent.ExecutionException: org.apache.ratis.thirdparty.io.grpc.StatusRuntimeException: UNAVAILABLE: io exception
	at java.util.concurrent.FutureTask.report(FutureTask.java:122)
	at java.util.concurrent.FutureTask.get(FutureTask.java:192)
	at org.apache.ratis.server.impl.LeaderElection.waitForResults(LeaderElection.java:259)
	at org.apache.ratis.server.impl.LeaderElection.askForVotes(LeaderElection.java:197)
	at org.apache.ratis.server.impl.LeaderElection.run(LeaderElection.java:133)
	at java.lang.Thread.run(Thread.java:748)
Caused by: org.apache.ratis.thirdparty.io.grpc.StatusRuntimeException: UNAVAILABLE: io exception
	at org.apache.ratis.thirdparty.io.grpc.stub.ClientCalls.toStatusRuntimeException(ClientCalls.java:233)
	at org.apache.ratis.thirdparty.io.grpc.stub.ClientCalls.getUnchecked(ClientCalls.java:214)
	at org.apache.ratis.thirdparty.io.grpc.stub.ClientCalls.blockingUnaryCall(ClientCalls.java:139)
	at org.apache.ratis.proto.grpc.RaftServerProtocolServiceGrpc$RaftServerProtocolServiceBlockingStub.requestVote(RaftServerProtocolServiceGrpc.java:265)
	at org.apache.ratis.grpc.server.GrpcServerProtocolClient.requestVote(GrpcServerProtocolClient.java:99)
	at org.apache.ratis.grpc.server.GrpcService.requestVote(GrpcService.java:204)
	at org.apache.ratis.server.impl.LeaderElection.lambda$submitRequests$1(LeaderElection.java:234)
	at java.util.concurrent.FutureTask.run(FutureTask.java:266)
	at java.util.concurrent.Executors$RunnableAdapter.call(Executors.java:511)
	at java.util.concurrent.FutureTask.run(FutureTask.java:266)
	at java.util.concurrent.ThreadPoolExecutor.runWorker(ThreadPoolExecutor.java:1149)
	at java.util.concurrent.ThreadPoolExecutor$Worker.run(ThreadPoolExecutor.java:624)
	... 1 more
Caused by: org.apache.ratis.thirdparty.io.netty.channel.AbstractChannel$AnnotatedConnectException: Connection refused: /192.168.157.213:36639
	at sun.nio.ch.SocketChannelImpl.checkConnect(Native Method)
	at sun.nio.ch.SocketChannelImpl.finishConnect(SocketChannelImpl.java:717)
	at org.apache.ratis.thirdparty.io.netty.channel.socket.nio.NioSocketChannel.doFinishConnect(NioSocketChannel.java:327)
	at org.apache.ratis.thirdparty.io.netty.channel.nio.AbstractNioChannel$AbstractNioUnsafe.finishConnect(AbstractNioChannel.java:340)
	at org.apache.ratis.thirdparty.io.netty.channel.nio.NioEventLoop.processSelectedKey(NioEventLoop.java:632)
	at org.apache.ratis.thirdparty.io.netty.channel.nio.NioEventLoop.processSelectedKeysOptimized(NioEventLoop.java:579)
	at org.apache.ratis.thirdparty.io.netty.channel.nio.NioEventLoop.processSelectedKeys(NioEventLoop.java:496)
	at org.apache.ratis.thirdparty.io.netty.channel.nio.NioEventLoop.run(NioEventLoop.java:458)
	at org.apache.ratis.thirdparty.io.netty.util.concurrent.SingleThreadEventExecutor$5.run(SingleThreadEventExecutor.java:897)
	at org.apache.ratis.thirdparty.io.netty.util.concurrent.FastThreadLocalRunnable.run(FastThreadLocalRunnable.java:30)
	... 1 more
Caused by: java.net.ConnectException: Connection refused
	... 11 more
2019-10-19 01:04:51,792 [a1c78c0e-869c-4f76-b4ce-2034448e0b80@group-D48B69A44692-LeaderElection308] INFO  impl.RaftServerImpl (RaftServerImpl.java:setRole(184)) - a1c78c0e-869c-4f76-b4ce-2034448e0b80@group-D48B69A44692: changes role from CANDIDATE to FOLLOWER at term 203 for DISCOVERED_A_NEW_TERM
2019-10-19 01:04:51,792 [a1c78c0e-869c-4f76-b4ce-2034448e0b80@group-D48B69A44692-LeaderElection308] INFO  impl.RoleInfo (RoleInfo.java:shutdownLeaderElection(134)) - a1c78c0e-869c-4f76-b4ce-2034448e0b80: shutdown LeaderElection
2019-10-19 01:04:51,792 [a1c78c0e-869c-4f76-b4ce-2034448e0b80@group-D48B69A44692-LeaderElection308] INFO  impl.RoleInfo (RoleInfo.java:updateAndGet(143)) - a1c78c0e-869c-4f76-b4ce-2034448e0b80: start FollowerState
2019-10-19 01:04:51,821 [Thread-2490] INFO  impl.FollowerState (FollowerState.java:run(108)) - a1c78c0e-869c-4f76-b4ce-2034448e0b80@group-D48B69A44692-FollowerState: change to CANDIDATE, lastRpcTime:29ms, electionTimeout:29ms
2019-10-19 01:04:51,821 [Thread-2490] INFO  impl.RoleInfo (RoleInfo.java:shutdownFollowerState(121)) - a1c78c0e-869c-4f76-b4ce-2034448e0b80: shutdown FollowerState
2019-10-19 01:04:51,821 [Thread-2490] INFO  impl.RaftServerImpl (RaftServerImpl.java:setRole(184)) - a1c78c0e-869c-4f76-b4ce-2034448e0b80@group-D48B69A44692: changes role from  FOLLOWER to CANDIDATE at term 203 for changeToCandidate
2019-10-19 01:04:51,821 [Thread-2490] INFO  impl.RoleInfo (RoleInfo.java:updateAndGet(143)) - a1c78c0e-869c-4f76-b4ce-2034448e0b80: start LeaderElection
2019-10-19 01:04:51,834 [a1c78c0e-869c-4f76-b4ce-2034448e0b80@group-D48B69A44692-LeaderElection309] INFO  impl.LeaderElection (LeaderElection.java:askForVotes(178)) - a1c78c0e-869c-4f76-b4ce-2034448e0b80@group-D48B69A44692-LeaderElection309: begin an election at term 204 for -1: [51276c3c-a3b8-4274-b089-592ff4589f41:192.168.157.213:36639, 64c90977-e867-487c-b50d-c226f2d34a76:192.168.157.213:37433, a1c78c0e-869c-4f76-b4ce-2034448e0b80:192.168.157.213:33501], old=null
2019-10-19 01:04:51,834 [a1c78c0e-869c-4f76-b4ce-2034448e0b80@group-D48B69A44692-LeaderElection309] INFO  impl.LeaderElection (LogUtils.java:infoOrTrace(149)) - a1c78c0e-869c-4f76-b4ce-2034448e0b80@group-D48B69A44692-LeaderElection309 got exception when requesting votes: {}
java.util.concurrent.ExecutionException: org.apache.ratis.thirdparty.io.grpc.StatusRuntimeException: UNAVAILABLE: io exception
	at java.util.concurrent.FutureTask.report(FutureTask.java:122)
	at java.util.concurrent.FutureTask.get(FutureTask.java:192)
	at org.apache.ratis.server.impl.LeaderElection.waitForResults(LeaderElection.java:259)
	at org.apache.ratis.server.impl.LeaderElection.askForVotes(LeaderElection.java:197)
	at org.apache.ratis.server.impl.LeaderElection.run(LeaderElection.java:133)
	at java.lang.Thread.run(Thread.java:748)
Caused by: org.apache.ratis.thirdparty.io.grpc.StatusRuntimeException: UNAVAILABLE: io exception
	at org.apache.ratis.thirdparty.io.grpc.stub.ClientCalls.toStatusRuntimeException(ClientCalls.java:233)
	at org.apache.ratis.thirdparty.io.grpc.stub.ClientCalls.getUnchecked(ClientCalls.java:214)
	at org.apache.ratis.thirdparty.io.grpc.stub.ClientCalls.blockingUnaryCall(ClientCalls.java:139)
	at org.apache.ratis.proto.grpc.RaftServerProtocolServiceGrpc$RaftServerProtocolServiceBlockingStub.requestVote(RaftServerProtocolServiceGrpc.java:265)
	at org.apache.ratis.grpc.server.GrpcServerProtocolClient.requestVote(GrpcServerProtocolClient.java:99)
	at org.apache.ratis.grpc.server.GrpcService.requestVote(GrpcService.java:204)
	at org.apache.ratis.server.impl.LeaderElection.lambda$submitRequests$1(LeaderElection.java:234)
	at java.util.concurrent.FutureTask.run(FutureTask.java:266)
	at java.util.concurrent.Executors$RunnableAdapter.call(Executors.java:511)
	at java.util.concurrent.FutureTask.run(FutureTask.java:266)
	at java.util.concurrent.ThreadPoolExecutor.runWorker(ThreadPoolExecutor.java:1149)
	at java.util.concurrent.ThreadPoolExecutor$Worker.run(ThreadPoolExecutor.java:624)
	... 1 more
Caused by: org.apache.ratis.thirdparty.io.netty.channel.AbstractChannel$AnnotatedConnectException: Connection refused: /192.168.157.213:36639
	at sun.nio.ch.SocketChannelImpl.checkConnect(Native Method)
	at sun.nio.ch.SocketChannelImpl.finishConnect(SocketChannelImpl.java:717)
	at org.apache.ratis.thirdparty.io.netty.channel.socket.nio.NioSocketChannel.doFinishConnect(NioSocketChannel.java:327)
	at org.apache.ratis.thirdparty.io.netty.channel.nio.AbstractNioChannel$AbstractNioUnsafe.finishConnect(AbstractNioChannel.java:340)
	at org.apache.ratis.thirdparty.io.netty.channel.nio.NioEventLoop.processSelectedKey(NioEventLoop.java:632)
	at org.apache.ratis.thirdparty.io.netty.channel.nio.NioEventLoop.processSelectedKeysOptimized(NioEventLoop.java:579)
	at org.apache.ratis.thirdparty.io.netty.channel.nio.NioEventLoop.processSelectedKeys(NioEventLoop.java:496)
	at org.apache.ratis.thirdparty.io.netty.channel.nio.NioEventLoop.run(NioEventLoop.java:458)
	at org.apache.ratis.thirdparty.io.netty.util.concurrent.SingleThreadEventExecutor$5.run(SingleThreadEventExecutor.java:897)
	at org.apache.ratis.thirdparty.io.netty.util.concurrent.FastThreadLocalRunnable.run(FastThreadLocalRunnable.java:30)
	... 1 more
Caused by: java.net.ConnectException: Connection refused
	... 11 more
2019-10-19 01:04:51,837 [grpc-default-executor-7] INFO  impl.RaftServerImpl (RaftServerImpl.java:setRole(184)) - 64c90977-e867-487c-b50d-c226f2d34a76@group-D48B69A44692: changes role from  FOLLOWER to FOLLOWER at term 204 for recognizeCandidate:a1c78c0e-869c-4f76-b4ce-2034448e0b80
2019-10-19 01:04:51,837 [grpc-default-executor-7] INFO  impl.RoleInfo (RoleInfo.java:shutdownFollowerState(121)) - 64c90977-e867-487c-b50d-c226f2d34a76: shutdown FollowerState
2019-10-19 01:04:51,837 [grpc-default-executor-7] INFO  impl.RoleInfo (RoleInfo.java:updateAndGet(143)) - 64c90977-e867-487c-b50d-c226f2d34a76: start FollowerState
2019-10-19 01:04:51,837 [Thread-2489] INFO  impl.FollowerState (FollowerState.java:run(117)) - 64c90977-e867-487c-b50d-c226f2d34a76@group-D48B69A44692-FollowerState was interrupted: java.lang.InterruptedException: sleep interrupted
2019-10-19 01:04:51,851 [a1c78c0e-869c-4f76-b4ce-2034448e0b80@group-D48B69A44692-LeaderElection309] INFO  impl.LeaderElection (LeaderElection.java:logAndReturn(56)) - a1c78c0e-869c-4f76-b4ce-2034448e0b80@group-D48B69A44692-LeaderElection309: Election REJECTED; received 1 response(s) [a1c78c0e-869c-4f76-b4ce-2034448e0b80<-64c90977-e867-487c-b50d-c226f2d34a76#0:FAIL-t204] and 1 exception(s); a1c78c0e-869c-4f76-b4ce-2034448e0b80@group-D48B69A44692:t204, leader=null, voted=a1c78c0e-869c-4f76-b4ce-2034448e0b80, raftlog=a1c78c0e-869c-4f76-b4ce-2034448e0b80@group-D48B69A44692-SegmentedRaftLog:OPENED:c-1,f-1,i0, conf=-1: [51276c3c-a3b8-4274-b089-592ff4589f41:192.168.157.213:36639, 64c90977-e867-487c-b50d-c226f2d34a76:192.168.157.213:37433, a1c78c0e-869c-4f76-b4ce-2034448e0b80:192.168.157.213:33501], old=null
2019-10-19 01:04:51,851 [a1c78c0e-869c-4f76-b4ce-2034448e0b80@group-D48B69A44692-LeaderElection309] INFO  impl.LeaderElection (LogUtils.java:infoOrTrace(149)) -   Exception 0: {}
java.util.concurrent.ExecutionException: org.apache.ratis.thirdparty.io.grpc.StatusRuntimeException: UNAVAILABLE: io exception
	at java.util.concurrent.FutureTask.report(FutureTask.java:122)
	at java.util.concurrent.FutureTask.get(FutureTask.java:192)
	at org.apache.ratis.server.impl.LeaderElection.waitForResults(LeaderElection.java:259)
	at org.apache.ratis.server.impl.LeaderElection.askForVotes(LeaderElection.java:197)
	at org.apache.ratis.server.impl.LeaderElection.run(LeaderElection.java:133)
	at java.lang.Thread.run(Thread.java:748)
Caused by: org.apache.ratis.thirdparty.io.grpc.StatusRuntimeException: UNAVAILABLE: io exception
	at org.apache.ratis.thirdparty.io.grpc.stub.ClientCalls.toStatusRuntimeException(ClientCalls.java:233)
	at org.apache.ratis.thirdparty.io.grpc.stub.ClientCalls.getUnchecked(ClientCalls.java:214)
	at org.apache.ratis.thirdparty.io.grpc.stub.ClientCalls.blockingUnaryCall(ClientCalls.java:139)
	at org.apache.ratis.proto.grpc.RaftServerProtocolServiceGrpc$RaftServerProtocolServiceBlockingStub.requestVote(RaftServerProtocolServiceGrpc.java:265)
	at org.apache.ratis.grpc.server.GrpcServerProtocolClient.requestVote(GrpcServerProtocolClient.java:99)
	at org.apache.ratis.grpc.server.GrpcService.requestVote(GrpcService.java:204)
	at org.apache.ratis.server.impl.LeaderElection.lambda$submitRequests$1(LeaderElection.java:234)
	at java.util.concurrent.FutureTask.run(FutureTask.java:266)
	at java.util.concurrent.Executors$RunnableAdapter.call(Executors.java:511)
	at java.util.concurrent.FutureTask.run(FutureTask.java:266)
	at java.util.concurrent.ThreadPoolExecutor.runWorker(ThreadPoolExecutor.java:1149)
	at java.util.concurrent.ThreadPoolExecutor$Worker.run(ThreadPoolExecutor.java:624)
	... 1 more
Caused by: org.apache.ratis.thirdparty.io.netty.channel.AbstractChannel$AnnotatedConnectException: Connection refused: /192.168.157.213:36639
	at sun.nio.ch.SocketChannelImpl.checkConnect(Native Method)
	at sun.nio.ch.SocketChannelImpl.finishConnect(SocketChannelImpl.java:717)
	at org.apache.ratis.thirdparty.io.netty.channel.socket.nio.NioSocketChannel.doFinishConnect(NioSocketChannel.java:327)
	at org.apache.ratis.thirdparty.io.netty.channel.nio.AbstractNioChannel$AbstractNioUnsafe.finishConnect(AbstractNioChannel.java:340)
	at org.apache.ratis.thirdparty.io.netty.channel.nio.NioEventLoop.processSelectedKey(NioEventLoop.java:632)
	at org.apache.ratis.thirdparty.io.netty.channel.nio.NioEventLoop.processSelectedKeysOptimized(NioEventLoop.java:579)
	at org.apache.ratis.thirdparty.io.netty.channel.nio.NioEventLoop.processSelectedKeys(NioEventLoop.java:496)
	at org.apache.ratis.thirdparty.io.netty.channel.nio.NioEventLoop.run(NioEventLoop.java:458)
	at org.apache.ratis.thirdparty.io.netty.util.concurrent.SingleThreadEventExecutor$5.run(SingleThreadEventExecutor.java:897)
	at org.apache.ratis.thirdparty.io.netty.util.concurrent.FastThreadLocalRunnable.run(FastThreadLocalRunnable.java:30)
	... 1 more
Caused by: java.net.ConnectException: Connection refused
	... 11 more
2019-10-19 01:04:51,851 [a1c78c0e-869c-4f76-b4ce-2034448e0b80@group-D48B69A44692-LeaderElection309] INFO  impl.RaftServerImpl (RaftServerImpl.java:setRole(184)) - a1c78c0e-869c-4f76-b4ce-2034448e0b80@group-D48B69A44692: changes role from CANDIDATE to FOLLOWER at term 204 for DISCOVERED_A_NEW_TERM
2019-10-19 01:04:51,851 [a1c78c0e-869c-4f76-b4ce-2034448e0b80@group-D48B69A44692-LeaderElection309] INFO  impl.RoleInfo (RoleInfo.java:shutdownLeaderElection(134)) - a1c78c0e-869c-4f76-b4ce-2034448e0b80: shutdown LeaderElection
2019-10-19 01:04:51,852 [a1c78c0e-869c-4f76-b4ce-2034448e0b80@group-D48B69A44692-LeaderElection309] INFO  impl.RoleInfo (RoleInfo.java:updateAndGet(143)) - a1c78c0e-869c-4f76-b4ce-2034448e0b80: start FollowerState
2019-10-19 01:04:51,854 [Thread-2497] INFO  impl.FollowerState (FollowerState.java:run(108)) - a1c78c0e-869c-4f76-b4ce-2034448e0b80@group-D48B69A44692-FollowerState: change to CANDIDATE, lastRpcTime:2ms, electionTimeout:2ms
2019-10-19 01:04:51,854 [Thread-2497] INFO  impl.RoleInfo (RoleInfo.java:shutdownFollowerState(121)) - a1c78c0e-869c-4f76-b4ce-2034448e0b80: shutdown FollowerState
2019-10-19 01:04:51,854 [Thread-2497] INFO  impl.RaftServerImpl (RaftServerImpl.java:setRole(184)) - a1c78c0e-869c-4f76-b4ce-2034448e0b80@group-D48B69A44692: changes role from  FOLLOWER to CANDIDATE at term 204 for changeToCandidate
2019-10-19 01:04:51,854 [Thread-2497] INFO  impl.RoleInfo (RoleInfo.java:updateAndGet(143)) - a1c78c0e-869c-4f76-b4ce-2034448e0b80: start LeaderElection
2019-10-19 01:04:51,875 [a1c78c0e-869c-4f76-b4ce-2034448e0b80@group-D48B69A44692-LeaderElection310] INFO  impl.LeaderElection (LeaderElection.java:askForVotes(178)) - a1c78c0e-869c-4f76-b4ce-2034448e0b80@group-D48B69A44692-LeaderElection310: begin an election at term 205 for -1: [51276c3c-a3b8-4274-b089-592ff4589f41:192.168.157.213:36639, 64c90977-e867-487c-b50d-c226f2d34a76:192.168.157.213:37433, a1c78c0e-869c-4f76-b4ce-2034448e0b80:192.168.157.213:33501], old=null
2019-10-19 01:04:51,876 [a1c78c0e-869c-4f76-b4ce-2034448e0b80@group-D48B69A44692-LeaderElection310] INFO  impl.LeaderElection (LogUtils.java:infoOrTrace(149)) - a1c78c0e-869c-4f76-b4ce-2034448e0b80@group-D48B69A44692-LeaderElection310 got exception when requesting votes: {}
java.util.concurrent.ExecutionException: org.apache.ratis.thirdparty.io.grpc.StatusRuntimeException: UNAVAILABLE: io exception
	at java.util.concurrent.FutureTask.report(FutureTask.java:122)
	at java.util.concurrent.FutureTask.get(FutureTask.java:192)
	at org.apache.ratis.server.impl.LeaderElection.waitForResults(LeaderElection.java:259)
	at org.apache.ratis.server.impl.LeaderElection.askForVotes(LeaderElection.java:197)
	at org.apache.ratis.server.impl.LeaderElection.run(LeaderElection.java:133)
	at java.lang.Thread.run(Thread.java:748)
Caused by: org.apache.ratis.thirdparty.io.grpc.StatusRuntimeException: UNAVAILABLE: io exception
	at org.apache.ratis.thirdparty.io.grpc.stub.ClientCalls.toStatusRuntimeException(ClientCalls.java:233)
	at org.apache.ratis.thirdparty.io.grpc.stub.ClientCalls.getUnchecked(ClientCalls.java:214)
	at org.apache.ratis.thirdparty.io.grpc.stub.ClientCalls.blockingUnaryCall(ClientCalls.java:139)
	at org.apache.ratis.proto.grpc.RaftServerProtocolServiceGrpc$RaftServerProtocolServiceBlockingStub.requestVote(RaftServerProtocolServiceGrpc.java:265)
	at org.apache.ratis.grpc.server.GrpcServerProtocolClient.requestVote(GrpcServerProtocolClient.java:99)
	at org.apache.ratis.grpc.server.GrpcService.requestVote(GrpcService.java:204)
	at org.apache.ratis.server.impl.LeaderElection.lambda$submitRequests$1(LeaderElection.java:234)
	at java.util.concurrent.FutureTask.run(FutureTask.java:266)
	at java.util.concurrent.Executors$RunnableAdapter.call(Executors.java:511)
	at java.util.concurrent.FutureTask.run(FutureTask.java:266)
	at java.util.concurrent.ThreadPoolExecutor.runWorker(ThreadPoolExecutor.java:1149)
	at java.util.concurrent.ThreadPoolExecutor$Worker.run(ThreadPoolExecutor.java:624)
	... 1 more
Caused by: org.apache.ratis.thirdparty.io.netty.channel.AbstractChannel$AnnotatedConnectException: Connection refused: /192.168.157.213:36639
	at sun.nio.ch.SocketChannelImpl.checkConnect(Native Method)
	at sun.nio.ch.SocketChannelImpl.finishConnect(SocketChannelImpl.java:717)
	at org.apache.ratis.thirdparty.io.netty.channel.socket.nio.NioSocketChannel.doFinishConnect(NioSocketChannel.java:327)
	at org.apache.ratis.thirdparty.io.netty.channel.nio.AbstractNioChannel$AbstractNioUnsafe.finishConnect(AbstractNioChannel.java:340)
	at org.apache.ratis.thirdparty.io.netty.channel.nio.NioEventLoop.processSelectedKey(NioEventLoop.java:632)
	at org.apache.ratis.thirdparty.io.netty.channel.nio.NioEventLoop.processSelectedKeysOptimized(NioEventLoop.java:579)
	at org.apache.ratis.thirdparty.io.netty.channel.nio.NioEventLoop.processSelectedKeys(NioEventLoop.java:496)
	at org.apache.ratis.thirdparty.io.netty.channel.nio.NioEventLoop.run(NioEventLoop.java:458)
	at org.apache.ratis.thirdparty.io.netty.util.concurrent.SingleThreadEventExecutor$5.run(SingleThreadEventExecutor.java:897)
	at org.apache.ratis.thirdparty.io.netty.util.concurrent.FastThreadLocalRunnable.run(FastThreadLocalRunnable.java:30)
	... 1 more
Caused by: java.net.ConnectException: Connection refused
	... 11 more
2019-10-19 01:04:51,879 [grpc-default-executor-7] INFO  impl.RaftServerImpl (RaftServerImpl.java:setRole(184)) - 64c90977-e867-487c-b50d-c226f2d34a76@group-D48B69A44692: changes role from  FOLLOWER to FOLLOWER at term 205 for recognizeCandidate:a1c78c0e-869c-4f76-b4ce-2034448e0b80
2019-10-19 01:04:51,879 [grpc-default-executor-7] INFO  impl.RoleInfo (RoleInfo.java:shutdownFollowerState(121)) - 64c90977-e867-487c-b50d-c226f2d34a76: shutdown FollowerState
2019-10-19 01:04:51,879 [grpc-default-executor-7] INFO  impl.RoleInfo (RoleInfo.java:updateAndGet(143)) - 64c90977-e867-487c-b50d-c226f2d34a76: start FollowerState
2019-10-19 01:04:51,879 [Thread-2496] INFO  impl.FollowerState (FollowerState.java:run(117)) - 64c90977-e867-487c-b50d-c226f2d34a76@group-D48B69A44692-FollowerState was interrupted: java.lang.InterruptedException: sleep interrupted
2019-10-19 01:04:51,893 [a1c78c0e-869c-4f76-b4ce-2034448e0b80@group-D48B69A44692-LeaderElection310] INFO  impl.LeaderElection (LeaderElection.java:logAndReturn(56)) - a1c78c0e-869c-4f76-b4ce-2034448e0b80@group-D48B69A44692-LeaderElection310: Election REJECTED; received 1 response(s) [a1c78c0e-869c-4f76-b4ce-2034448e0b80<-64c90977-e867-487c-b50d-c226f2d34a76#0:FAIL-t205] and 1 exception(s); a1c78c0e-869c-4f76-b4ce-2034448e0b80@group-D48B69A44692:t205, leader=null, voted=a1c78c0e-869c-4f76-b4ce-2034448e0b80, raftlog=a1c78c0e-869c-4f76-b4ce-2034448e0b80@group-D48B69A44692-SegmentedRaftLog:OPENED:c-1,f-1,i0, conf=-1: [51276c3c-a3b8-4274-b089-592ff4589f41:192.168.157.213:36639, 64c90977-e867-487c-b50d-c226f2d34a76:192.168.157.213:37433, a1c78c0e-869c-4f76-b4ce-2034448e0b80:192.168.157.213:33501], old=null
2019-10-19 01:04:51,893 [a1c78c0e-869c-4f76-b4ce-2034448e0b80@group-D48B69A44692-LeaderElection310] INFO  impl.LeaderElection (LogUtils.java:infoOrTrace(149)) -   Exception 0: {}
java.util.concurrent.ExecutionException: org.apache.ratis.thirdparty.io.grpc.StatusRuntimeException: UNAVAILABLE: io exception
	at java.util.concurrent.FutureTask.report(FutureTask.java:122)
	at java.util.concurrent.FutureTask.get(FutureTask.java:192)
	at org.apache.ratis.server.impl.LeaderElection.waitForResults(LeaderElection.java:259)
	at org.apache.ratis.server.impl.LeaderElection.askForVotes(LeaderElection.java:197)
	at org.apache.ratis.server.impl.LeaderElection.run(LeaderElection.java:133)
	at java.lang.Thread.run(Thread.java:748)
Caused by: org.apache.ratis.thirdparty.io.grpc.StatusRuntimeException: UNAVAILABLE: io exception
	at org.apache.ratis.thirdparty.io.grpc.stub.ClientCalls.toStatusRuntimeException(ClientCalls.java:233)
	at org.apache.ratis.thirdparty.io.grpc.stub.ClientCalls.getUnchecked(ClientCalls.java:214)
	at org.apache.ratis.thirdparty.io.grpc.stub.ClientCalls.blockingUnaryCall(ClientCalls.java:139)
	at org.apache.ratis.proto.grpc.RaftServerProtocolServiceGrpc$RaftServerProtocolServiceBlockingStub.requestVote(RaftServerProtocolServiceGrpc.java:265)
	at org.apache.ratis.grpc.server.GrpcServerProtocolClient.requestVote(GrpcServerProtocolClient.java:99)
	at org.apache.ratis.grpc.server.GrpcService.requestVote(GrpcService.java:204)
	at org.apache.ratis.server.impl.LeaderElection.lambda$submitRequests$1(LeaderElection.java:234)
	at java.util.concurrent.FutureTask.run(FutureTask.java:266)
	at java.util.concurrent.Executors$RunnableAdapter.call(Executors.java:511)
	at java.util.concurrent.FutureTask.run(FutureTask.java:266)
	at java.util.concurrent.ThreadPoolExecutor.runWorker(ThreadPoolExecutor.java:1149)
	at java.util.concurrent.ThreadPoolExecutor$Worker.run(ThreadPoolExecutor.java:624)
	... 1 more
Caused by: org.apache.ratis.thirdparty.io.netty.channel.AbstractChannel$AnnotatedConnectException: Connection refused: /192.168.157.213:36639
	at sun.nio.ch.SocketChannelImpl.checkConnect(Native Method)
	at sun.nio.ch.SocketChannelImpl.finishConnect(SocketChannelImpl.java:717)
	at org.apache.ratis.thirdparty.io.netty.channel.socket.nio.NioSocketChannel.doFinishConnect(NioSocketChannel.java:327)
	at org.apache.ratis.thirdparty.io.netty.channel.nio.AbstractNioChannel$AbstractNioUnsafe.finishConnect(AbstractNioChannel.java:340)
	at org.apache.ratis.thirdparty.io.netty.channel.nio.NioEventLoop.processSelectedKey(NioEventLoop.java:632)
	at org.apache.ratis.thirdparty.io.netty.channel.nio.NioEventLoop.processSelectedKeysOptimized(NioEventLoop.java:579)
	at org.apache.ratis.thirdparty.io.netty.channel.nio.NioEventLoop.processSelectedKeys(NioEventLoop.java:496)
	at org.apache.ratis.thirdparty.io.netty.channel.nio.NioEventLoop.run(NioEventLoop.java:458)
	at org.apache.ratis.thirdparty.io.netty.util.concurrent.SingleThreadEventExecutor$5.run(SingleThreadEventExecutor.java:897)
	at org.apache.ratis.thirdparty.io.netty.util.concurrent.FastThreadLocalRunnable.run(FastThreadLocalRunnable.java:30)
	... 1 more
Caused by: java.net.ConnectException: Connection refused
	... 11 more
2019-10-19 01:04:51,894 [a1c78c0e-869c-4f76-b4ce-2034448e0b80@group-D48B69A44692-LeaderElection310] INFO  impl.RaftServerImpl (RaftServerImpl.java:setRole(184)) - a1c78c0e-869c-4f76-b4ce-2034448e0b80@group-D48B69A44692: changes role from CANDIDATE to FOLLOWER at term 205 for DISCOVERED_A_NEW_TERM
2019-10-19 01:04:51,894 [a1c78c0e-869c-4f76-b4ce-2034448e0b80@group-D48B69A44692-LeaderElection310] INFO  impl.RoleInfo (RoleInfo.java:shutdownLeaderElection(134)) - a1c78c0e-869c-4f76-b4ce-2034448e0b80: shutdown LeaderElection
2019-10-19 01:04:51,894 [a1c78c0e-869c-4f76-b4ce-2034448e0b80@group-D48B69A44692-LeaderElection310] INFO  impl.RoleInfo (RoleInfo.java:updateAndGet(143)) - a1c78c0e-869c-4f76-b4ce-2034448e0b80: start FollowerState
2019-10-19 01:04:52,020 [Thread-2502] INFO  impl.FollowerState (FollowerState.java:run(108)) - a1c78c0e-869c-4f76-b4ce-2034448e0b80@group-D48B69A44692-FollowerState: change to CANDIDATE, lastRpcTime:126ms, electionTimeout:126ms
2019-10-19 01:04:52,021 [Thread-2502] INFO  impl.RoleInfo (RoleInfo.java:shutdownFollowerState(121)) - a1c78c0e-869c-4f76-b4ce-2034448e0b80: shutdown FollowerState
2019-10-19 01:04:52,021 [Thread-2502] INFO  impl.RaftServerImpl (RaftServerImpl.java:setRole(184)) - a1c78c0e-869c-4f76-b4ce-2034448e0b80@group-D48B69A44692: changes role from  FOLLOWER to CANDIDATE at term 205 for changeToCandidate
2019-10-19 01:04:52,021 [Thread-2502] INFO  impl.RoleInfo (RoleInfo.java:updateAndGet(143)) - a1c78c0e-869c-4f76-b4ce-2034448e0b80: start LeaderElection
2019-10-19 01:04:52,046 [a1c78c0e-869c-4f76-b4ce-2034448e0b80@group-D48B69A44692-LeaderElection311] INFO  impl.LeaderElection (LeaderElection.java:askForVotes(178)) - a1c78c0e-869c-4f76-b4ce-2034448e0b80@group-D48B69A44692-LeaderElection311: begin an election at term 206 for -1: [51276c3c-a3b8-4274-b089-592ff4589f41:192.168.157.213:36639, 64c90977-e867-487c-b50d-c226f2d34a76:192.168.157.213:37433, a1c78c0e-869c-4f76-b4ce-2034448e0b80:192.168.157.213:33501], old=null
2019-10-19 01:04:52,047 [a1c78c0e-869c-4f76-b4ce-2034448e0b80@group-D48B69A44692-LeaderElection311] INFO  impl.LeaderElection (LogUtils.java:infoOrTrace(149)) - a1c78c0e-869c-4f76-b4ce-2034448e0b80@group-D48B69A44692-LeaderElection311 got exception when requesting votes: {}
java.util.concurrent.ExecutionException: org.apache.ratis.thirdparty.io.grpc.StatusRuntimeException: UNAVAILABLE: io exception
	at java.util.concurrent.FutureTask.report(FutureTask.java:122)
	at java.util.concurrent.FutureTask.get(FutureTask.java:192)
	at org.apache.ratis.server.impl.LeaderElection.waitForResults(LeaderElection.java:259)
	at org.apache.ratis.server.impl.LeaderElection.askForVotes(LeaderElection.java:197)
	at org.apache.ratis.server.impl.LeaderElection.run(LeaderElection.java:133)
	at java.lang.Thread.run(Thread.java:748)
Caused by: org.apache.ratis.thirdparty.io.grpc.StatusRuntimeException: UNAVAILABLE: io exception
	at org.apache.ratis.thirdparty.io.grpc.stub.ClientCalls.toStatusRuntimeException(ClientCalls.java:233)
	at org.apache.ratis.thirdparty.io.grpc.stub.ClientCalls.getUnchecked(ClientCalls.java:214)
	at org.apache.ratis.thirdparty.io.grpc.stub.ClientCalls.blockingUnaryCall(ClientCalls.java:139)
	at org.apache.ratis.proto.grpc.RaftServerProtocolServiceGrpc$RaftServerProtocolServiceBlockingStub.requestVote(RaftServerProtocolServiceGrpc.java:265)
	at org.apache.ratis.grpc.server.GrpcServerProtocolClient.requestVote(GrpcServerProtocolClient.java:99)
	at org.apache.ratis.grpc.server.GrpcService.requestVote(GrpcService.java:204)
	at org.apache.ratis.server.impl.LeaderElection.lambda$submitRequests$1(LeaderElection.java:234)
	at java.util.concurrent.FutureTask.run(FutureTask.java:266)
	at java.util.concurrent.Executors$RunnableAdapter.call(Executors.java:511)
	at java.util.concurrent.FutureTask.run(FutureTask.java:266)
	at java.util.concurrent.ThreadPoolExecutor.runWorker(ThreadPoolExecutor.java:1149)
	at java.util.concurrent.ThreadPoolExecutor$Worker.run(ThreadPoolExecutor.java:624)
	... 1 more
Caused by: org.apache.ratis.thirdparty.io.netty.channel.AbstractChannel$AnnotatedConnectException: Connection refused: /192.168.157.213:36639
	at sun.nio.ch.SocketChannelImpl.checkConnect(Native Method)
	at sun.nio.ch.SocketChannelImpl.finishConnect(SocketChannelImpl.java:717)
	at org.apache.ratis.thirdparty.io.netty.channel.socket.nio.NioSocketChannel.doFinishConnect(NioSocketChannel.java:327)
	at org.apache.ratis.thirdparty.io.netty.channel.nio.AbstractNioChannel$AbstractNioUnsafe.finishConnect(AbstractNioChannel.java:340)
	at org.apache.ratis.thirdparty.io.netty.channel.nio.NioEventLoop.processSelectedKey(NioEventLoop.java:632)
	at org.apache.ratis.thirdparty.io.netty.channel.nio.NioEventLoop.processSelectedKeysOptimized(NioEventLoop.java:579)
	at org.apache.ratis.thirdparty.io.netty.channel.nio.NioEventLoop.processSelectedKeys(NioEventLoop.java:496)
	at org.apache.ratis.thirdparty.io.netty.channel.nio.NioEventLoop.run(NioEventLoop.java:458)
	at org.apache.ratis.thirdparty.io.netty.util.concurrent.SingleThreadEventExecutor$5.run(SingleThreadEventExecutor.java:897)
	at org.apache.ratis.thirdparty.io.netty.util.concurrent.FastThreadLocalRunnable.run(FastThreadLocalRunnable.java:30)
	... 1 more
Caused by: java.net.ConnectException: Connection refused
	... 11 more
2019-10-19 01:04:52,050 [grpc-default-executor-7] INFO  impl.RaftServerImpl (RaftServerImpl.java:setRole(184)) - 64c90977-e867-487c-b50d-c226f2d34a76@group-D48B69A44692: changes role from  FOLLOWER to FOLLOWER at term 206 for recognizeCandidate:a1c78c0e-869c-4f76-b4ce-2034448e0b80
2019-10-19 01:04:52,050 [grpc-default-executor-7] INFO  impl.RoleInfo (RoleInfo.java:shutdownFollowerState(121)) - 64c90977-e867-487c-b50d-c226f2d34a76: shutdown FollowerState
2019-10-19 01:04:52,050 [grpc-default-executor-7] INFO  impl.RoleInfo (RoleInfo.java:updateAndGet(143)) - 64c90977-e867-487c-b50d-c226f2d34a76: start FollowerState
2019-10-19 01:04:52,050 [Thread-2501] INFO  impl.FollowerState (FollowerState.java:run(117)) - 64c90977-e867-487c-b50d-c226f2d34a76@group-D48B69A44692-FollowerState was interrupted: java.lang.InterruptedException: sleep interrupted
2019-10-19 01:04:52,064 [a1c78c0e-869c-4f76-b4ce-2034448e0b80@group-D48B69A44692-LeaderElection311] INFO  impl.LeaderElection (LeaderElection.java:logAndReturn(56)) - a1c78c0e-869c-4f76-b4ce-2034448e0b80@group-D48B69A44692-LeaderElection311: Election REJECTED; received 1 response(s) [a1c78c0e-869c-4f76-b4ce-2034448e0b80<-64c90977-e867-487c-b50d-c226f2d34a76#0:FAIL-t206] and 1 exception(s); a1c78c0e-869c-4f76-b4ce-2034448e0b80@group-D48B69A44692:t206, leader=null, voted=a1c78c0e-869c-4f76-b4ce-2034448e0b80, raftlog=a1c78c0e-869c-4f76-b4ce-2034448e0b80@group-D48B69A44692-SegmentedRaftLog:OPENED:c-1,f-1,i0, conf=-1: [51276c3c-a3b8-4274-b089-592ff4589f41:192.168.157.213:36639, 64c90977-e867-487c-b50d-c226f2d34a76:192.168.157.213:37433, a1c78c0e-869c-4f76-b4ce-2034448e0b80:192.168.157.213:33501], old=null
2019-10-19 01:04:52,064 [a1c78c0e-869c-4f76-b4ce-2034448e0b80@group-D48B69A44692-LeaderElection311] INFO  impl.LeaderElection (LogUtils.java:infoOrTrace(149)) -   Exception 0: {}
java.util.concurrent.ExecutionException: org.apache.ratis.thirdparty.io.grpc.StatusRuntimeException: UNAVAILABLE: io exception
	at java.util.concurrent.FutureTask.report(FutureTask.java:122)
	at java.util.concurrent.FutureTask.get(FutureTask.java:192)
	at org.apache.ratis.server.impl.LeaderElection.waitForResults(LeaderElection.java:259)
	at org.apache.ratis.server.impl.LeaderElection.askForVotes(LeaderElection.java:197)
	at org.apache.ratis.server.impl.LeaderElection.run(LeaderElection.java:133)
	at java.lang.Thread.run(Thread.java:748)
Caused by: org.apache.ratis.thirdparty.io.grpc.StatusRuntimeException: UNAVAILABLE: io exception
	at org.apache.ratis.thirdparty.io.grpc.stub.ClientCalls.toStatusRuntimeException(ClientCalls.java:233)
	at org.apache.ratis.thirdparty.io.grpc.stub.ClientCalls.getUnchecked(ClientCalls.java:214)
	at org.apache.ratis.thirdparty.io.grpc.stub.ClientCalls.blockingUnaryCall(ClientCalls.java:139)
	at org.apache.ratis.proto.grpc.RaftServerProtocolServiceGrpc$RaftServerProtocolServiceBlockingStub.requestVote(RaftServerProtocolServiceGrpc.java:265)
	at org.apache.ratis.grpc.server.GrpcServerProtocolClient.requestVote(GrpcServerProtocolClient.java:99)
	at org.apache.ratis.grpc.server.GrpcService.requestVote(GrpcService.java:204)
	at org.apache.ratis.server.impl.LeaderElection.lambda$submitRequests$1(LeaderElection.java:234)
	at java.util.concurrent.FutureTask.run(FutureTask.java:266)
	at java.util.concurrent.Executors$RunnableAdapter.call(Executors.java:511)
	at java.util.concurrent.FutureTask.run(FutureTask.java:266)
	at java.util.concurrent.ThreadPoolExecutor.runWorker(ThreadPoolExecutor.java:1149)
	at java.util.concurrent.ThreadPoolExecutor$Worker.run(ThreadPoolExecutor.java:624)
	... 1 more
Caused by: org.apache.ratis.thirdparty.io.netty.channel.AbstractChannel$AnnotatedConnectException: Connection refused: /192.168.157.213:36639
	at sun.nio.ch.SocketChannelImpl.checkConnect(Native Method)
	at sun.nio.ch.SocketChannelImpl.finishConnect(SocketChannelImpl.java:717)
	at org.apache.ratis.thirdparty.io.netty.channel.socket.nio.NioSocketChannel.doFinishConnect(NioSocketChannel.java:327)
	at org.apache.ratis.thirdparty.io.netty.channel.nio.AbstractNioChannel$AbstractNioUnsafe.finishConnect(AbstractNioChannel.java:340)
	at org.apache.ratis.thirdparty.io.netty.channel.nio.NioEventLoop.processSelectedKey(NioEventLoop.java:632)
	at org.apache.ratis.thirdparty.io.netty.channel.nio.NioEventLoop.processSelectedKeysOptimized(NioEventLoop.java:579)
	at org.apache.ratis.thirdparty.io.netty.channel.nio.NioEventLoop.processSelectedKeys(NioEventLoop.java:496)
	at org.apache.ratis.thirdparty.io.netty.channel.nio.NioEventLoop.run(NioEventLoop.java:458)
	at org.apache.ratis.thirdparty.io.netty.util.concurrent.SingleThreadEventExecutor$5.run(SingleThreadEventExecutor.java:897)
	at org.apache.ratis.thirdparty.io.netty.util.concurrent.FastThreadLocalRunnable.run(FastThreadLocalRunnable.java:30)
	... 1 more
Caused by: java.net.ConnectException: Connection refused
	... 11 more
2019-10-19 01:04:52,064 [a1c78c0e-869c-4f76-b4ce-2034448e0b80@group-D48B69A44692-LeaderElection311] INFO  impl.RaftServerImpl (RaftServerImpl.java:setRole(184)) - a1c78c0e-869c-4f76-b4ce-2034448e0b80@group-D48B69A44692: changes role from CANDIDATE to FOLLOWER at term 206 for DISCOVERED_A_NEW_TERM
2019-10-19 01:04:52,064 [a1c78c0e-869c-4f76-b4ce-2034448e0b80@group-D48B69A44692-LeaderElection311] INFO  impl.RoleInfo (RoleInfo.java:shutdownLeaderElection(134)) - a1c78c0e-869c-4f76-b4ce-2034448e0b80: shutdown LeaderElection
2019-10-19 01:04:52,065 [a1c78c0e-869c-4f76-b4ce-2034448e0b80@group-D48B69A44692-LeaderElection311] INFO  impl.RoleInfo (RoleInfo.java:updateAndGet(143)) - a1c78c0e-869c-4f76-b4ce-2034448e0b80: start FollowerState
2019-10-19 01:04:52,258 [Thread-2507] INFO  impl.FollowerState (FollowerState.java:run(108)) - a1c78c0e-869c-4f76-b4ce-2034448e0b80@group-D48B69A44692-FollowerState: change to CANDIDATE, lastRpcTime:193ms, electionTimeout:193ms
2019-10-19 01:04:52,258 [Thread-2507] INFO  impl.RoleInfo (RoleInfo.java:shutdownFollowerState(121)) - a1c78c0e-869c-4f76-b4ce-2034448e0b80: shutdown FollowerState
2019-10-19 01:04:52,258 [Thread-2507] INFO  impl.RaftServerImpl (RaftServerImpl.java:setRole(184)) - a1c78c0e-869c-4f76-b4ce-2034448e0b80@group-D48B69A44692: changes role from  FOLLOWER to CANDIDATE at term 206 for changeToCandidate
2019-10-19 01:04:52,259 [Thread-2507] INFO  impl.RoleInfo (RoleInfo.java:updateAndGet(143)) - a1c78c0e-869c-4f76-b4ce-2034448e0b80: start LeaderElection
2019-10-19 01:04:52,292 [a1c78c0e-869c-4f76-b4ce-2034448e0b80@group-D48B69A44692-LeaderElection312] INFO  impl.LeaderElection (LeaderElection.java:askForVotes(178)) - a1c78c0e-869c-4f76-b4ce-2034448e0b80@group-D48B69A44692-LeaderElection312: begin an election at term 207 for -1: [51276c3c-a3b8-4274-b089-592ff4589f41:192.168.157.213:36639, 64c90977-e867-487c-b50d-c226f2d34a76:192.168.157.213:37433, a1c78c0e-869c-4f76-b4ce-2034448e0b80:192.168.157.213:33501], old=null
2019-10-19 01:04:52,293 [a1c78c0e-869c-4f76-b4ce-2034448e0b80@group-D48B69A44692-LeaderElection312] INFO  impl.LeaderElection (LogUtils.java:infoOrTrace(149)) - a1c78c0e-869c-4f76-b4ce-2034448e0b80@group-D48B69A44692-LeaderElection312 got exception when requesting votes: {}
java.util.concurrent.ExecutionException: org.apache.ratis.thirdparty.io.grpc.StatusRuntimeException: UNAVAILABLE: io exception
	at java.util.concurrent.FutureTask.report(FutureTask.java:122)
	at java.util.concurrent.FutureTask.get(FutureTask.java:192)
	at org.apache.ratis.server.impl.LeaderElection.waitForResults(LeaderElection.java:259)
	at org.apache.ratis.server.impl.LeaderElection.askForVotes(LeaderElection.java:197)
	at org.apache.ratis.server.impl.LeaderElection.run(LeaderElection.java:133)
	at java.lang.Thread.run(Thread.java:748)
Caused by: org.apache.ratis.thirdparty.io.grpc.StatusRuntimeException: UNAVAILABLE: io exception
	at org.apache.ratis.thirdparty.io.grpc.stub.ClientCalls.toStatusRuntimeException(ClientCalls.java:233)
	at org.apache.ratis.thirdparty.io.grpc.stub.ClientCalls.getUnchecked(ClientCalls.java:214)
	at org.apache.ratis.thirdparty.io.grpc.stub.ClientCalls.blockingUnaryCall(ClientCalls.java:139)
	at org.apache.ratis.proto.grpc.RaftServerProtocolServiceGrpc$RaftServerProtocolServiceBlockingStub.requestVote(RaftServerProtocolServiceGrpc.java:265)
	at org.apache.ratis.grpc.server.GrpcServerProtocolClient.requestVote(GrpcServerProtocolClient.java:99)
	at org.apache.ratis.grpc.server.GrpcService.requestVote(GrpcService.java:204)
	at org.apache.ratis.server.impl.LeaderElection.lambda$submitRequests$1(LeaderElection.java:234)
	at java.util.concurrent.FutureTask.run(FutureTask.java:266)
	at java.util.concurrent.Executors$RunnableAdapter.call(Executors.java:511)
	at java.util.concurrent.FutureTask.run(FutureTask.java:266)
	at java.util.concurrent.ThreadPoolExecutor.runWorker(ThreadPoolExecutor.java:1149)
	at java.util.concurrent.ThreadPoolExecutor$Worker.run(ThreadPoolExecutor.java:624)
	... 1 more
Caused by: org.apache.ratis.thirdparty.io.netty.channel.AbstractChannel$AnnotatedConnectException: Connection refused: /192.168.157.213:36639
	at sun.nio.ch.SocketChannelImpl.checkConnect(Native Method)
	at sun.nio.ch.SocketChannelImpl.finishConnect(SocketChannelImpl.java:717)
	at org.apache.ratis.thirdparty.io.netty.channel.socket.nio.NioSocketChannel.doFinishConnect(NioSocketChannel.java:327)
	at org.apache.ratis.thirdparty.io.netty.channel.nio.AbstractNioChannel$AbstractNioUnsafe.finishConnect(AbstractNioChannel.java:340)
	at org.apache.ratis.thirdparty.io.netty.channel.nio.NioEventLoop.processSelectedKey(NioEventLoop.java:632)
	at org.apache.ratis.thirdparty.io.netty.channel.nio.NioEventLoop.processSelectedKeysOptimized(NioEventLoop.java:579)
	at org.apache.ratis.thirdparty.io.netty.channel.nio.NioEventLoop.processSelectedKeys(NioEventLoop.java:496)
	at org.apache.ratis.thirdparty.io.netty.channel.nio.NioEventLoop.run(NioEventLoop.java:458)
	at org.apache.ratis.thirdparty.io.netty.util.concurrent.SingleThreadEventExecutor$5.run(SingleThreadEventExecutor.java:897)
	at org.apache.ratis.thirdparty.io.netty.util.concurrent.FastThreadLocalRunnable.run(FastThreadLocalRunnable.java:30)
	... 1 more
Caused by: java.net.ConnectException: Connection refused
	... 11 more
2019-10-19 01:04:52,295 [grpc-default-executor-7] INFO  impl.RaftServerImpl (RaftServerImpl.java:setRole(184)) - 64c90977-e867-487c-b50d-c226f2d34a76@group-D48B69A44692: changes role from  FOLLOWER to FOLLOWER at term 207 for recognizeCandidate:a1c78c0e-869c-4f76-b4ce-2034448e0b80
2019-10-19 01:04:52,295 [grpc-default-executor-7] INFO  impl.RoleInfo (RoleInfo.java:shutdownFollowerState(121)) - 64c90977-e867-487c-b50d-c226f2d34a76: shutdown FollowerState
2019-10-19 01:04:52,296 [grpc-default-executor-7] INFO  impl.RoleInfo (RoleInfo.java:updateAndGet(143)) - 64c90977-e867-487c-b50d-c226f2d34a76: start FollowerState
2019-10-19 01:04:52,296 [Thread-2506] INFO  impl.FollowerState (FollowerState.java:run(117)) - 64c90977-e867-487c-b50d-c226f2d34a76@group-D48B69A44692-FollowerState was interrupted: java.lang.InterruptedException: sleep interrupted
2019-10-19 01:04:52,320 [a1c78c0e-869c-4f76-b4ce-2034448e0b80@group-D48B69A44692-LeaderElection312] INFO  impl.LeaderElection (LeaderElection.java:logAndReturn(56)) - a1c78c0e-869c-4f76-b4ce-2034448e0b80@group-D48B69A44692-LeaderElection312: Election REJECTED; received 1 response(s) [a1c78c0e-869c-4f76-b4ce-2034448e0b80<-64c90977-e867-487c-b50d-c226f2d34a76#0:FAIL-t207] and 1 exception(s); a1c78c0e-869c-4f76-b4ce-2034448e0b80@group-D48B69A44692:t207, leader=null, voted=a1c78c0e-869c-4f76-b4ce-2034448e0b80, raftlog=a1c78c0e-869c-4f76-b4ce-2034448e0b80@group-D48B69A44692-SegmentedRaftLog:OPENED:c-1,f-1,i0, conf=-1: [51276c3c-a3b8-4274-b089-592ff4589f41:192.168.157.213:36639, 64c90977-e867-487c-b50d-c226f2d34a76:192.168.157.213:37433, a1c78c0e-869c-4f76-b4ce-2034448e0b80:192.168.157.213:33501], old=null
2019-10-19 01:04:52,320 [a1c78c0e-869c-4f76-b4ce-2034448e0b80@group-D48B69A44692-LeaderElection312] INFO  impl.LeaderElection (LogUtils.java:infoOrTrace(149)) -   Exception 0: {}
java.util.concurrent.ExecutionException: org.apache.ratis.thirdparty.io.grpc.StatusRuntimeException: UNAVAILABLE: io exception
	at java.util.concurrent.FutureTask.report(FutureTask.java:122)
	at java.util.concurrent.FutureTask.get(FutureTask.java:192)
	at org.apache.ratis.server.impl.LeaderElection.waitForResults(LeaderElection.java:259)
	at org.apache.ratis.server.impl.LeaderElection.askForVotes(LeaderElection.java:197)
	at org.apache.ratis.server.impl.LeaderElection.run(LeaderElection.java:133)
	at java.lang.Thread.run(Thread.java:748)
Caused by: org.apache.ratis.thirdparty.io.grpc.StatusRuntimeException: UNAVAILABLE: io exception
	at org.apache.ratis.thirdparty.io.grpc.stub.ClientCalls.toStatusRuntimeException(ClientCalls.java:233)
	at org.apache.ratis.thirdparty.io.grpc.stub.ClientCalls.getUnchecked(ClientCalls.java:214)
	at org.apache.ratis.thirdparty.io.grpc.stub.ClientCalls.blockingUnaryCall(ClientCalls.java:139)
	at org.apache.ratis.proto.grpc.RaftServerProtocolServiceGrpc$RaftServerProtocolServiceBlockingStub.requestVote(RaftServerProtocolServiceGrpc.java:265)
	at org.apache.ratis.grpc.server.GrpcServerProtocolClient.requestVote(GrpcServerProtocolClient.java:99)
	at org.apache.ratis.grpc.server.GrpcService.requestVote(GrpcService.java:204)
	at org.apache.ratis.server.impl.LeaderElection.lambda$submitRequests$1(LeaderElection.java:234)
	at java.util.concurrent.FutureTask.run(FutureTask.java:266)
	at java.util.concurrent.Executors$RunnableAdapter.call(Executors.java:511)
	at java.util.concurrent.FutureTask.run(FutureTask.java:266)
	at java.util.concurrent.ThreadPoolExecutor.runWorker(ThreadPoolExecutor.java:1149)
	at java.util.concurrent.ThreadPoolExecutor$Worker.run(ThreadPoolExecutor.java:624)
	... 1 more
Caused by: org.apache.ratis.thirdparty.io.netty.channel.AbstractChannel$AnnotatedConnectException: Connection refused: /192.168.157.213:36639
	at sun.nio.ch.SocketChannelImpl.checkConnect(Native Method)
	at sun.nio.ch.SocketChannelImpl.finishConnect(SocketChannelImpl.java:717)
	at org.apache.ratis.thirdparty.io.netty.channel.socket.nio.NioSocketChannel.doFinishConnect(NioSocketChannel.java:327)
	at org.apache.ratis.thirdparty.io.netty.channel.nio.AbstractNioChannel$AbstractNioUnsafe.finishConnect(AbstractNioChannel.java:340)
	at org.apache.ratis.thirdparty.io.netty.channel.nio.NioEventLoop.processSelectedKey(NioEventLoop.java:632)
	at org.apache.ratis.thirdparty.io.netty.channel.nio.NioEventLoop.processSelectedKeysOptimized(NioEventLoop.java:579)
	at org.apache.ratis.thirdparty.io.netty.channel.nio.NioEventLoop.processSelectedKeys(NioEventLoop.java:496)
	at org.apache.ratis.thirdparty.io.netty.channel.nio.NioEventLoop.run(NioEventLoop.java:458)
	at org.apache.ratis.thirdparty.io.netty.util.concurrent.SingleThreadEventExecutor$5.run(SingleThreadEventExecutor.java:897)
	at org.apache.ratis.thirdparty.io.netty.util.concurrent.FastThreadLocalRunnable.run(FastThreadLocalRunnable.java:30)
	... 1 more
Caused by: java.net.ConnectException: Connection refused
	... 11 more
2019-10-19 01:04:52,320 [a1c78c0e-869c-4f76-b4ce-2034448e0b80@group-D48B69A44692-LeaderElection312] INFO  impl.RaftServerImpl (RaftServerImpl.java:setRole(184)) - a1c78c0e-869c-4f76-b4ce-2034448e0b80@group-D48B69A44692: changes role from CANDIDATE to FOLLOWER at term 207 for DISCOVERED_A_NEW_TERM
2019-10-19 01:04:52,320 [a1c78c0e-869c-4f76-b4ce-2034448e0b80@group-D48B69A44692-LeaderElection312] INFO  impl.RoleInfo (RoleInfo.java:shutdownLeaderElection(134)) - a1c78c0e-869c-4f76-b4ce-2034448e0b80: shutdown LeaderElection
2019-10-19 01:04:52,320 [a1c78c0e-869c-4f76-b4ce-2034448e0b80@group-D48B69A44692-LeaderElection312] INFO  impl.RoleInfo (RoleInfo.java:updateAndGet(143)) - a1c78c0e-869c-4f76-b4ce-2034448e0b80: start FollowerState
2019-10-19 01:04:52,350 [java.util.concurrent.ThreadPoolExecutor$Worker@3d9b74b8[State = -1, empty queue]] WARN  server.GrpcLogAppender (GrpcLogAppender.java:timeoutAppendRequest(209)) - b26a8d60-58dc-431d-8168-f89a9ab35f3a@group-FB3B7D7D89E3->16805c57-9f45-4377-8998-764a8f26e152-GrpcLogAppender: appendEntries Timeout, request=b26a8d60-58dc-431d-8168-f89a9ab35f3a->16805c57-9f45-4377-8998-764a8f26e152#11-t129, previous=(t:129, i:2), leaderCommit=2, initializing? false, entries: <empty>
2019-10-19 01:04:52,464 [Thread-2514] INFO  impl.FollowerState (FollowerState.java:run(108)) - a1c78c0e-869c-4f76-b4ce-2034448e0b80@group-D48B69A44692-FollowerState: change to CANDIDATE, lastRpcTime:143ms, electionTimeout:143ms
2019-10-19 01:04:52,464 [Thread-2514] INFO  impl.RoleInfo (RoleInfo.java:shutdownFollowerState(121)) - a1c78c0e-869c-4f76-b4ce-2034448e0b80: shutdown FollowerState
2019-10-19 01:04:52,464 [Thread-2514] INFO  impl.RaftServerImpl (RaftServerImpl.java:setRole(184)) - a1c78c0e-869c-4f76-b4ce-2034448e0b80@group-D48B69A44692: changes role from  FOLLOWER to CANDIDATE at term 207 for changeToCandidate
2019-10-19 01:04:52,464 [Thread-2514] INFO  impl.RoleInfo (RoleInfo.java:updateAndGet(143)) - a1c78c0e-869c-4f76-b4ce-2034448e0b80: start LeaderElection
2019-10-19 01:04:52,475 [a1c78c0e-869c-4f76-b4ce-2034448e0b80@group-D48B69A44692-LeaderElection313] INFO  impl.LeaderElection (LeaderElection.java:askForVotes(178)) - a1c78c0e-869c-4f76-b4ce-2034448e0b80@group-D48B69A44692-LeaderElection313: begin an election at term 208 for -1: [51276c3c-a3b8-4274-b089-592ff4589f41:192.168.157.213:36639, 64c90977-e867-487c-b50d-c226f2d34a76:192.168.157.213:37433, a1c78c0e-869c-4f76-b4ce-2034448e0b80:192.168.157.213:33501], old=null
2019-10-19 01:04:52,475 [a1c78c0e-869c-4f76-b4ce-2034448e0b80@group-D48B69A44692-LeaderElection313] INFO  impl.LeaderElection (LogUtils.java:infoOrTrace(149)) - a1c78c0e-869c-4f76-b4ce-2034448e0b80@group-D48B69A44692-LeaderElection313 got exception when requesting votes: {}
java.util.concurrent.ExecutionException: org.apache.ratis.thirdparty.io.grpc.StatusRuntimeException: UNAVAILABLE: io exception
	at java.util.concurrent.FutureTask.report(FutureTask.java:122)
	at java.util.concurrent.FutureTask.get(FutureTask.java:192)
	at org.apache.ratis.server.impl.LeaderElection.waitForResults(LeaderElection.java:259)
	at org.apache.ratis.server.impl.LeaderElection.askForVotes(LeaderElection.java:197)
	at org.apache.ratis.server.impl.LeaderElection.run(LeaderElection.java:133)
	at java.lang.Thread.run(Thread.java:748)
Caused by: org.apache.ratis.thirdparty.io.grpc.StatusRuntimeException: UNAVAILABLE: io exception
	at org.apache.ratis.thirdparty.io.grpc.stub.ClientCalls.toStatusRuntimeException(ClientCalls.java:233)
	at org.apache.ratis.thirdparty.io.grpc.stub.ClientCalls.getUnchecked(ClientCalls.java:214)
	at org.apache.ratis.thirdparty.io.grpc.stub.ClientCalls.blockingUnaryCall(ClientCalls.java:139)
	at org.apache.ratis.proto.grpc.RaftServerProtocolServiceGrpc$RaftServerProtocolServiceBlockingStub.requestVote(RaftServerProtocolServiceGrpc.java:265)
	at org.apache.ratis.grpc.server.GrpcServerProtocolClient.requestVote(GrpcServerProtocolClient.java:99)
	at org.apache.ratis.grpc.server.GrpcService.requestVote(GrpcService.java:204)
	at org.apache.ratis.server.impl.LeaderElection.lambda$submitRequests$1(LeaderElection.java:234)
	at java.util.concurrent.FutureTask.run(FutureTask.java:266)
	at java.util.concurrent.Executors$RunnableAdapter.call(Executors.java:511)
	at java.util.concurrent.FutureTask.run(FutureTask.java:266)
	at java.util.concurrent.ThreadPoolExecutor.runWorker(ThreadPoolExecutor.java:1149)
	at java.util.concurrent.ThreadPoolExecutor$Worker.run(ThreadPoolExecutor.java:624)
	... 1 more
Caused by: org.apache.ratis.thirdparty.io.netty.channel.AbstractChannel$AnnotatedConnectException: Connection refused: /192.168.157.213:36639
	at sun.nio.ch.SocketChannelImpl.checkConnect(Native Method)
	at sun.nio.ch.SocketChannelImpl.finishConnect(SocketChannelImpl.java:717)
	at org.apache.ratis.thirdparty.io.netty.channel.socket.nio.NioSocketChannel.doFinishConnect(NioSocketChannel.java:327)
	at org.apache.ratis.thirdparty.io.netty.channel.nio.AbstractNioChannel$AbstractNioUnsafe.finishConnect(AbstractNioChannel.java:340)
	at org.apache.ratis.thirdparty.io.netty.channel.nio.NioEventLoop.processSelectedKey(NioEventLoop.java:632)
	at org.apache.ratis.thirdparty.io.netty.channel.nio.NioEventLoop.processSelectedKeysOptimized(NioEventLoop.java:579)
	at org.apache.ratis.thirdparty.io.netty.channel.nio.NioEventLoop.processSelectedKeys(NioEventLoop.java:496)
	at org.apache.ratis.thirdparty.io.netty.channel.nio.NioEventLoop.run(NioEventLoop.java:458)
	at org.apache.ratis.thirdparty.io.netty.util.concurrent.SingleThreadEventExecutor$5.run(SingleThreadEventExecutor.java:897)
	at org.apache.ratis.thirdparty.io.netty.util.concurrent.FastThreadLocalRunnable.run(FastThreadLocalRunnable.java:30)
	... 1 more
Caused by: java.net.ConnectException: Connection refused
	... 11 more
2019-10-19 01:04:52,478 [grpc-default-executor-7] INFO  impl.RaftServerImpl (RaftServerImpl.java:setRole(184)) - 64c90977-e867-487c-b50d-c226f2d34a76@group-D48B69A44692: changes role from  FOLLOWER to FOLLOWER at term 208 for recognizeCandidate:a1c78c0e-869c-4f76-b4ce-2034448e0b80
2019-10-19 01:04:52,478 [grpc-default-executor-7] INFO  impl.RoleInfo (RoleInfo.java:shutdownFollowerState(121)) - 64c90977-e867-487c-b50d-c226f2d34a76: shutdown FollowerState
2019-10-19 01:04:52,478 [grpc-default-executor-7] INFO  impl.RoleInfo (RoleInfo.java:updateAndGet(143)) - 64c90977-e867-487c-b50d-c226f2d34a76: start FollowerState
2019-10-19 01:04:52,479 [Thread-2511] INFO  impl.FollowerState (FollowerState.java:run(117)) - 64c90977-e867-487c-b50d-c226f2d34a76@group-D48B69A44692-FollowerState was interrupted: java.lang.InterruptedException: sleep interrupted
2019-10-19 01:04:52,489 [a1c78c0e-869c-4f76-b4ce-2034448e0b80@group-D48B69A44692-LeaderElection313] INFO  impl.LeaderElection (LeaderElection.java:logAndReturn(56)) - a1c78c0e-869c-4f76-b4ce-2034448e0b80@group-D48B69A44692-LeaderElection313: Election REJECTED; received 1 response(s) [a1c78c0e-869c-4f76-b4ce-2034448e0b80<-64c90977-e867-487c-b50d-c226f2d34a76#0:FAIL-t208] and 1 exception(s); a1c78c0e-869c-4f76-b4ce-2034448e0b80@group-D48B69A44692:t208, leader=null, voted=a1c78c0e-869c-4f76-b4ce-2034448e0b80, raftlog=a1c78c0e-869c-4f76-b4ce-2034448e0b80@group-D48B69A44692-SegmentedRaftLog:OPENED:c-1,f-1,i0, conf=-1: [51276c3c-a3b8-4274-b089-592ff4589f41:192.168.157.213:36639, 64c90977-e867-487c-b50d-c226f2d34a76:192.168.157.213:37433, a1c78c0e-869c-4f76-b4ce-2034448e0b80:192.168.157.213:33501], old=null
2019-10-19 01:04:52,489 [a1c78c0e-869c-4f76-b4ce-2034448e0b80@group-D48B69A44692-LeaderElection313] INFO  impl.LeaderElection (LogUtils.java:infoOrTrace(149)) -   Exception 0: {}
java.util.concurrent.ExecutionException: org.apache.ratis.thirdparty.io.grpc.StatusRuntimeException: UNAVAILABLE: io exception
	at java.util.concurrent.FutureTask.report(FutureTask.java:122)
	at java.util.concurrent.FutureTask.get(FutureTask.java:192)
	at org.apache.ratis.server.impl.LeaderElection.waitForResults(LeaderElection.java:259)
	at org.apache.ratis.server.impl.LeaderElection.askForVotes(LeaderElection.java:197)
	at org.apache.ratis.server.impl.LeaderElection.run(LeaderElection.java:133)
	at java.lang.Thread.run(Thread.java:748)
Caused by: org.apache.ratis.thirdparty.io.grpc.StatusRuntimeException: UNAVAILABLE: io exception
	at org.apache.ratis.thirdparty.io.grpc.stub.ClientCalls.toStatusRuntimeException(ClientCalls.java:233)
	at org.apache.ratis.thirdparty.io.grpc.stub.ClientCalls.getUnchecked(ClientCalls.java:214)
	at org.apache.ratis.thirdparty.io.grpc.stub.ClientCalls.blockingUnaryCall(ClientCalls.java:139)
	at org.apache.ratis.proto.grpc.RaftServerProtocolServiceGrpc$RaftServerProtocolServiceBlockingStub.requestVote(RaftServerProtocolServiceGrpc.java:265)
	at org.apache.ratis.grpc.server.GrpcServerProtocolClient.requestVote(GrpcServerProtocolClient.java:99)
	at org.apache.ratis.grpc.server.GrpcService.requestVote(GrpcService.java:204)
	at org.apache.ratis.server.impl.LeaderElection.lambda$submitRequests$1(LeaderElection.java:234)
	at java.util.concurrent.FutureTask.run(FutureTask.java:266)
	at java.util.concurrent.Executors$RunnableAdapter.call(Executors.java:511)
	at java.util.concurrent.FutureTask.run(FutureTask.java:266)
	at java.util.concurrent.ThreadPoolExecutor.runWorker(ThreadPoolExecutor.java:1149)
	at java.util.concurrent.ThreadPoolExecutor$Worker.run(ThreadPoolExecutor.java:624)
	... 1 more
Caused by: org.apache.ratis.thirdparty.io.netty.channel.AbstractChannel$AnnotatedConnectException: Connection refused: /192.168.157.213:36639
	at sun.nio.ch.SocketChannelImpl.checkConnect(Native Method)
	at sun.nio.ch.SocketChannelImpl.finishConnect(SocketChannelImpl.java:717)
	at org.apache.ratis.thirdparty.io.netty.channel.socket.nio.NioSocketChannel.doFinishConnect(NioSocketChannel.java:327)
	at org.apache.ratis.thirdparty.io.netty.channel.nio.AbstractNioChannel$AbstractNioUnsafe.finishConnect(AbstractNioChannel.java:340)
	at org.apache.ratis.thirdparty.io.netty.channel.nio.NioEventLoop.processSelectedKey(NioEventLoop.java:632)
	at org.apache.ratis.thirdparty.io.netty.channel.nio.NioEventLoop.processSelectedKeysOptimized(NioEventLoop.java:579)
	at org.apache.ratis.thirdparty.io.netty.channel.nio.NioEventLoop.processSelectedKeys(NioEventLoop.java:496)
	at org.apache.ratis.thirdparty.io.netty.channel.nio.NioEventLoop.run(NioEventLoop.java:458)
	at org.apache.ratis.thirdparty.io.netty.util.concurrent.SingleThreadEventExecutor$5.run(SingleThreadEventExecutor.java:897)
	at org.apache.ratis.thirdparty.io.netty.util.concurrent.FastThreadLocalRunnable.run(FastThreadLocalRunnable.java:30)
	... 1 more
Caused by: java.net.ConnectException: Connection refused
	... 11 more
2019-10-19 01:04:52,489 [a1c78c0e-869c-4f76-b4ce-2034448e0b80@group-D48B69A44692-LeaderElection313] INFO  impl.RaftServerImpl (RaftServerImpl.java:setRole(184)) - a1c78c0e-869c-4f76-b4ce-2034448e0b80@group-D48B69A44692: changes role from CANDIDATE to FOLLOWER at term 208 for DISCOVERED_A_NEW_TERM
2019-10-19 01:04:52,489 [a1c78c0e-869c-4f76-b4ce-2034448e0b80@group-D48B69A44692-LeaderElection313] INFO  impl.RoleInfo (RoleInfo.java:shutdownLeaderElection(134)) - a1c78c0e-869c-4f76-b4ce-2034448e0b80: shutdown LeaderElection
2019-10-19 01:04:52,490 [a1c78c0e-869c-4f76-b4ce-2034448e0b80@group-D48B69A44692-LeaderElection313] INFO  impl.RoleInfo (RoleInfo.java:updateAndGet(143)) - a1c78c0e-869c-4f76-b4ce-2034448e0b80: start FollowerState
2019-10-19 01:04:52,667 [Thread-2519] INFO  impl.FollowerState (FollowerState.java:run(108)) - a1c78c0e-869c-4f76-b4ce-2034448e0b80@group-D48B69A44692-FollowerState: change to CANDIDATE, lastRpcTime:177ms, electionTimeout:177ms
2019-10-19 01:04:52,667 [Thread-2519] INFO  impl.RoleInfo (RoleInfo.java:shutdownFollowerState(121)) - a1c78c0e-869c-4f76-b4ce-2034448e0b80: shutdown FollowerState
2019-10-19 01:04:52,667 [Thread-2519] INFO  impl.RaftServerImpl (RaftServerImpl.java:setRole(184)) - a1c78c0e-869c-4f76-b4ce-2034448e0b80@group-D48B69A44692: changes role from  FOLLOWER to CANDIDATE at term 208 for changeToCandidate
2019-10-19 01:04:52,667 [Thread-2519] INFO  impl.RoleInfo (RoleInfo.java:updateAndGet(143)) - a1c78c0e-869c-4f76-b4ce-2034448e0b80: start LeaderElection
2019-10-19 01:04:52,672 [a1c78c0e-869c-4f76-b4ce-2034448e0b80@group-D48B69A44692-LeaderElection314] INFO  impl.LeaderElection (LeaderElection.java:askForVotes(178)) - a1c78c0e-869c-4f76-b4ce-2034448e0b80@group-D48B69A44692-LeaderElection314: begin an election at term 209 for -1: [51276c3c-a3b8-4274-b089-592ff4589f41:192.168.157.213:36639, 64c90977-e867-487c-b50d-c226f2d34a76:192.168.157.213:37433, a1c78c0e-869c-4f76-b4ce-2034448e0b80:192.168.157.213:33501], old=null
2019-10-19 01:04:52,673 [a1c78c0e-869c-4f76-b4ce-2034448e0b80@group-D48B69A44692-LeaderElection314] INFO  impl.LeaderElection (LogUtils.java:infoOrTrace(149)) - a1c78c0e-869c-4f76-b4ce-2034448e0b80@group-D48B69A44692-LeaderElection314 got exception when requesting votes: {}
java.util.concurrent.ExecutionException: org.apache.ratis.thirdparty.io.grpc.StatusRuntimeException: UNAVAILABLE: io exception
	at java.util.concurrent.FutureTask.report(FutureTask.java:122)
	at java.util.concurrent.FutureTask.get(FutureTask.java:192)
	at org.apache.ratis.server.impl.LeaderElection.waitForResults(LeaderElection.java:259)
	at org.apache.ratis.server.impl.LeaderElection.askForVotes(LeaderElection.java:197)
	at org.apache.ratis.server.impl.LeaderElection.run(LeaderElection.java:133)
	at java.lang.Thread.run(Thread.java:748)
Caused by: org.apache.ratis.thirdparty.io.grpc.StatusRuntimeException: UNAVAILABLE: io exception
	at org.apache.ratis.thirdparty.io.grpc.stub.ClientCalls.toStatusRuntimeException(ClientCalls.java:233)
	at org.apache.ratis.thirdparty.io.grpc.stub.ClientCalls.getUnchecked(ClientCalls.java:214)
	at org.apache.ratis.thirdparty.io.grpc.stub.ClientCalls.blockingUnaryCall(ClientCalls.java:139)
	at org.apache.ratis.proto.grpc.RaftServerProtocolServiceGrpc$RaftServerProtocolServiceBlockingStub.requestVote(RaftServerProtocolServiceGrpc.java:265)
	at org.apache.ratis.grpc.server.GrpcServerProtocolClient.requestVote(GrpcServerProtocolClient.java:99)
	at org.apache.ratis.grpc.server.GrpcService.requestVote(GrpcService.java:204)
	at org.apache.ratis.server.impl.LeaderElection.lambda$submitRequests$1(LeaderElection.java:234)
	at java.util.concurrent.FutureTask.run(FutureTask.java:266)
	at java.util.concurrent.Executors$RunnableAdapter.call(Executors.java:511)
	at java.util.concurrent.FutureTask.run(FutureTask.java:266)
	at java.util.concurrent.ThreadPoolExecutor.runWorker(ThreadPoolExecutor.java:1149)
	at java.util.concurrent.ThreadPoolExecutor$Worker.run(ThreadPoolExecutor.java:624)
	... 1 more
Caused by: org.apache.ratis.thirdparty.io.netty.channel.AbstractChannel$AnnotatedConnectException: Connection refused: /192.168.157.213:36639
	at sun.nio.ch.SocketChannelImpl.checkConnect(Native Method)
	at sun.nio.ch.SocketChannelImpl.finishConnect(SocketChannelImpl.java:717)
	at org.apache.ratis.thirdparty.io.netty.channel.socket.nio.NioSocketChannel.doFinishConnect(NioSocketChannel.java:327)
	at org.apache.ratis.thirdparty.io.netty.channel.nio.AbstractNioChannel$AbstractNioUnsafe.finishConnect(AbstractNioChannel.java:340)
	at org.apache.ratis.thirdparty.io.netty.channel.nio.NioEventLoop.processSelectedKey(NioEventLoop.java:632)
	at org.apache.ratis.thirdparty.io.netty.channel.nio.NioEventLoop.processSelectedKeysOptimized(NioEventLoop.java:579)
	at org.apache.ratis.thirdparty.io.netty.channel.nio.NioEventLoop.processSelectedKeys(NioEventLoop.java:496)
	at org.apache.ratis.thirdparty.io.netty.channel.nio.NioEventLoop.run(NioEventLoop.java:458)
	at org.apache.ratis.thirdparty.io.netty.util.concurrent.SingleThreadEventExecutor$5.run(SingleThreadEventExecutor.java:897)
	at org.apache.ratis.thirdparty.io.netty.util.concurrent.FastThreadLocalRunnable.run(FastThreadLocalRunnable.java:30)
	... 1 more
Caused by: java.net.ConnectException: Connection refused
	... 11 more
2019-10-19 01:04:52,677 [grpc-default-executor-7] INFO  impl.RaftServerImpl (RaftServerImpl.java:setRole(184)) - 64c90977-e867-487c-b50d-c226f2d34a76@group-D48B69A44692: changes role from  FOLLOWER to FOLLOWER at term 209 for recognizeCandidate:a1c78c0e-869c-4f76-b4ce-2034448e0b80
2019-10-19 01:04:52,677 [grpc-default-executor-7] INFO  impl.RoleInfo (RoleInfo.java:shutdownFollowerState(121)) - 64c90977-e867-487c-b50d-c226f2d34a76: shutdown FollowerState
2019-10-19 01:04:52,677 [grpc-default-executor-7] INFO  impl.RoleInfo (RoleInfo.java:updateAndGet(143)) - 64c90977-e867-487c-b50d-c226f2d34a76: start FollowerState
2019-10-19 01:04:52,677 [Thread-2518] INFO  impl.FollowerState (FollowerState.java:run(117)) - 64c90977-e867-487c-b50d-c226f2d34a76@group-D48B69A44692-FollowerState was interrupted: java.lang.InterruptedException: sleep interrupted
2019-10-19 01:04:52,711 [a1c78c0e-869c-4f76-b4ce-2034448e0b80@group-D48B69A44692-LeaderElection314] INFO  impl.LeaderElection (LeaderElection.java:logAndReturn(56)) - a1c78c0e-869c-4f76-b4ce-2034448e0b80@group-D48B69A44692-LeaderElection314: Election REJECTED; received 1 response(s) [a1c78c0e-869c-4f76-b4ce-2034448e0b80<-64c90977-e867-487c-b50d-c226f2d34a76#0:FAIL-t209] and 1 exception(s); a1c78c0e-869c-4f76-b4ce-2034448e0b80@group-D48B69A44692:t209, leader=null, voted=a1c78c0e-869c-4f76-b4ce-2034448e0b80, raftlog=a1c78c0e-869c-4f76-b4ce-2034448e0b80@group-D48B69A44692-SegmentedRaftLog:OPENED:c-1,f-1,i0, conf=-1: [51276c3c-a3b8-4274-b089-592ff4589f41:192.168.157.213:36639, 64c90977-e867-487c-b50d-c226f2d34a76:192.168.157.213:37433, a1c78c0e-869c-4f76-b4ce-2034448e0b80:192.168.157.213:33501], old=null
2019-10-19 01:04:52,711 [a1c78c0e-869c-4f76-b4ce-2034448e0b80@group-D48B69A44692-LeaderElection314] INFO  impl.LeaderElection (LogUtils.java:infoOrTrace(149)) -   Exception 0: {}
java.util.concurrent.ExecutionException: org.apache.ratis.thirdparty.io.grpc.StatusRuntimeException: UNAVAILABLE: io exception
	at java.util.concurrent.FutureTask.report(FutureTask.java:122)
	at java.util.concurrent.FutureTask.get(FutureTask.java:192)
	at org.apache.ratis.server.impl.LeaderElection.waitForResults(LeaderElection.java:259)
	at org.apache.ratis.server.impl.LeaderElection.askForVotes(LeaderElection.java:197)
	at org.apache.ratis.server.impl.LeaderElection.run(LeaderElection.java:133)
	at java.lang.Thread.run(Thread.java:748)
Caused by: org.apache.ratis.thirdparty.io.grpc.StatusRuntimeException: UNAVAILABLE: io exception
	at org.apache.ratis.thirdparty.io.grpc.stub.ClientCalls.toStatusRuntimeException(ClientCalls.java:233)
	at org.apache.ratis.thirdparty.io.grpc.stub.ClientCalls.getUnchecked(ClientCalls.java:214)
	at org.apache.ratis.thirdparty.io.grpc.stub.ClientCalls.blockingUnaryCall(ClientCalls.java:139)
	at org.apache.ratis.proto.grpc.RaftServerProtocolServiceGrpc$RaftServerProtocolServiceBlockingStub.requestVote(RaftServerProtocolServiceGrpc.java:265)
	at org.apache.ratis.grpc.server.GrpcServerProtocolClient.requestVote(GrpcServerProtocolClient.java:99)
	at org.apache.ratis.grpc.server.GrpcService.requestVote(GrpcService.java:204)
	at org.apache.ratis.server.impl.LeaderElection.lambda$submitRequests$1(LeaderElection.java:234)
	at java.util.concurrent.FutureTask.run(FutureTask.java:266)
	at java.util.concurrent.Executors$RunnableAdapter.call(Executors.java:511)
	at java.util.concurrent.FutureTask.run(FutureTask.java:266)
	at java.util.concurrent.ThreadPoolExecutor.runWorker(ThreadPoolExecutor.java:1149)
	at java.util.concurrent.ThreadPoolExecutor$Worker.run(ThreadPoolExecutor.java:624)
	... 1 more
Caused by: org.apache.ratis.thirdparty.io.netty.channel.AbstractChannel$AnnotatedConnectException: Connection refused: /192.168.157.213:36639
	at sun.nio.ch.SocketChannelImpl.checkConnect(Native Method)
	at sun.nio.ch.SocketChannelImpl.finishConnect(SocketChannelImpl.java:717)
	at org.apache.ratis.thirdparty.io.netty.channel.socket.nio.NioSocketChannel.doFinishConnect(NioSocketChannel.java:327)
	at org.apache.ratis.thirdparty.io.netty.channel.nio.AbstractNioChannel$AbstractNioUnsafe.finishConnect(AbstractNioChannel.java:340)
	at org.apache.ratis.thirdparty.io.netty.channel.nio.NioEventLoop.processSelectedKey(NioEventLoop.java:632)
	at org.apache.ratis.thirdparty.io.netty.channel.nio.NioEventLoop.processSelectedKeysOptimized(NioEventLoop.java:579)
	at org.apache.ratis.thirdparty.io.netty.channel.nio.NioEventLoop.processSelectedKeys(NioEventLoop.java:496)
	at org.apache.ratis.thirdparty.io.netty.channel.nio.NioEventLoop.run(NioEventLoop.java:458)
	at org.apache.ratis.thirdparty.io.netty.util.concurrent.SingleThreadEventExecutor$5.run(SingleThreadEventExecutor.java:897)
	at org.apache.ratis.thirdparty.io.netty.util.concurrent.FastThreadLocalRunnable.run(FastThreadLocalRunnable.java:30)
	... 1 more
Caused by: java.net.ConnectException: Connection refused
	... 11 more
2019-10-19 01:04:52,712 [a1c78c0e-869c-4f76-b4ce-2034448e0b80@group-D48B69A44692-LeaderElection314] INFO  impl.RaftServerImpl (RaftServerImpl.java:setRole(184)) - a1c78c0e-869c-4f76-b4ce-2034448e0b80@group-D48B69A44692: changes role from CANDIDATE to FOLLOWER at term 209 for DISCOVERED_A_NEW_TERM
2019-10-19 01:04:52,712 [a1c78c0e-869c-4f76-b4ce-2034448e0b80@group-D48B69A44692-LeaderElection314] INFO  impl.RoleInfo (RoleInfo.java:shutdownLeaderElection(134)) - a1c78c0e-869c-4f76-b4ce-2034448e0b80: shutdown LeaderElection
2019-10-19 01:04:52,712 [a1c78c0e-869c-4f76-b4ce-2034448e0b80@group-D48B69A44692-LeaderElection314] INFO  impl.RoleInfo (RoleInfo.java:updateAndGet(143)) - a1c78c0e-869c-4f76-b4ce-2034448e0b80: start FollowerState
2019-10-19 01:04:52,833 [Thread-2524] INFO  impl.FollowerState (FollowerState.java:run(108)) - a1c78c0e-869c-4f76-b4ce-2034448e0b80@group-D48B69A44692-FollowerState: change to CANDIDATE, lastRpcTime:121ms, electionTimeout:121ms
2019-10-19 01:04:52,834 [Thread-2524] INFO  impl.RoleInfo (RoleInfo.java:shutdownFollowerState(121)) - a1c78c0e-869c-4f76-b4ce-2034448e0b80: shutdown FollowerState
2019-10-19 01:04:52,834 [Thread-2524] INFO  impl.RaftServerImpl (RaftServerImpl.java:setRole(184)) - a1c78c0e-869c-4f76-b4ce-2034448e0b80@group-D48B69A44692: changes role from  FOLLOWER to CANDIDATE at term 209 for changeToCandidate
2019-10-19 01:04:52,834 [Thread-2524] INFO  impl.RoleInfo (RoleInfo.java:updateAndGet(143)) - a1c78c0e-869c-4f76-b4ce-2034448e0b80: start LeaderElection
2019-10-19 01:04:52,850 [java.util.concurrent.ThreadPoolExecutor$Worker@3d9b74b8[State = -1, empty queue]] WARN  server.GrpcLogAppender (GrpcLogAppender.java:timeoutAppendRequest(209)) - b26a8d60-58dc-431d-8168-f89a9ab35f3a@group-FB3B7D7D89E3->16805c57-9f45-4377-8998-764a8f26e152-GrpcLogAppender: appendEntries Timeout, request=b26a8d60-58dc-431d-8168-f89a9ab35f3a->16805c57-9f45-4377-8998-764a8f26e152#12-t129, previous=(t:129, i:2), leaderCommit=2, initializing? false, entries: <empty>
2019-10-19 01:04:52,858 [a1c78c0e-869c-4f76-b4ce-2034448e0b80@group-D48B69A44692-LeaderElection315] INFO  impl.LeaderElection (LeaderElection.java:askForVotes(178)) - a1c78c0e-869c-4f76-b4ce-2034448e0b80@group-D48B69A44692-LeaderElection315: begin an election at term 210 for -1: [51276c3c-a3b8-4274-b089-592ff4589f41:192.168.157.213:36639, 64c90977-e867-487c-b50d-c226f2d34a76:192.168.157.213:37433, a1c78c0e-869c-4f76-b4ce-2034448e0b80:192.168.157.213:33501], old=null
2019-10-19 01:04:52,859 [a1c78c0e-869c-4f76-b4ce-2034448e0b80@group-D48B69A44692-LeaderElection315] INFO  impl.LeaderElection (LogUtils.java:infoOrTrace(149)) - a1c78c0e-869c-4f76-b4ce-2034448e0b80@group-D48B69A44692-LeaderElection315 got exception when requesting votes: {}
java.util.concurrent.ExecutionException: org.apache.ratis.thirdparty.io.grpc.StatusRuntimeException: UNAVAILABLE: io exception
	at java.util.concurrent.FutureTask.report(FutureTask.java:122)
	at java.util.concurrent.FutureTask.get(FutureTask.java:192)
	at org.apache.ratis.server.impl.LeaderElection.waitForResults(LeaderElection.java:259)
	at org.apache.ratis.server.impl.LeaderElection.askForVotes(LeaderElection.java:197)
	at org.apache.ratis.server.impl.LeaderElection.run(LeaderElection.java:133)
	at java.lang.Thread.run(Thread.java:748)
Caused by: org.apache.ratis.thirdparty.io.grpc.StatusRuntimeException: UNAVAILABLE: io exception
	at org.apache.ratis.thirdparty.io.grpc.stub.ClientCalls.toStatusRuntimeException(ClientCalls.java:233)
	at org.apache.ratis.thirdparty.io.grpc.stub.ClientCalls.getUnchecked(ClientCalls.java:214)
	at org.apache.ratis.thirdparty.io.grpc.stub.ClientCalls.blockingUnaryCall(ClientCalls.java:139)
	at org.apache.ratis.proto.grpc.RaftServerProtocolServiceGrpc$RaftServerProtocolServiceBlockingStub.requestVote(RaftServerProtocolServiceGrpc.java:265)
	at org.apache.ratis.grpc.server.GrpcServerProtocolClient.requestVote(GrpcServerProtocolClient.java:99)
	at org.apache.ratis.grpc.server.GrpcService.requestVote(GrpcService.java:204)
	at org.apache.ratis.server.impl.LeaderElection.lambda$submitRequests$1(LeaderElection.java:234)
	at java.util.concurrent.FutureTask.run(FutureTask.java:266)
	at java.util.concurrent.Executors$RunnableAdapter.call(Executors.java:511)
	at java.util.concurrent.FutureTask.run(FutureTask.java:266)
	at java.util.concurrent.ThreadPoolExecutor.runWorker(ThreadPoolExecutor.java:1149)
	at java.util.concurrent.ThreadPoolExecutor$Worker.run(ThreadPoolExecutor.java:624)
	... 1 more
Caused by: org.apache.ratis.thirdparty.io.netty.channel.AbstractChannel$AnnotatedConnectException: Connection refused: /192.168.157.213:36639
	at sun.nio.ch.SocketChannelImpl.checkConnect(Native Method)
	at sun.nio.ch.SocketChannelImpl.finishConnect(SocketChannelImpl.java:717)
	at org.apache.ratis.thirdparty.io.netty.channel.socket.nio.NioSocketChannel.doFinishConnect(NioSocketChannel.java:327)
	at org.apache.ratis.thirdparty.io.netty.channel.nio.AbstractNioChannel$AbstractNioUnsafe.finishConnect(AbstractNioChannel.java:340)
	at org.apache.ratis.thirdparty.io.netty.channel.nio.NioEventLoop.processSelectedKey(NioEventLoop.java:632)
	at org.apache.ratis.thirdparty.io.netty.channel.nio.NioEventLoop.processSelectedKeysOptimized(NioEventLoop.java:579)
	at org.apache.ratis.thirdparty.io.netty.channel.nio.NioEventLoop.processSelectedKeys(NioEventLoop.java:496)
	at org.apache.ratis.thirdparty.io.netty.channel.nio.NioEventLoop.run(NioEventLoop.java:458)
	at org.apache.ratis.thirdparty.io.netty.util.concurrent.SingleThreadEventExecutor$5.run(SingleThreadEventExecutor.java:897)
	at org.apache.ratis.thirdparty.io.netty.util.concurrent.FastThreadLocalRunnable.run(FastThreadLocalRunnable.java:30)
	... 1 more
Caused by: java.net.ConnectException: Connection refused
	... 11 more
2019-10-19 01:04:52,862 [grpc-default-executor-7] INFO  impl.RaftServerImpl (RaftServerImpl.java:setRole(184)) - 64c90977-e867-487c-b50d-c226f2d34a76@group-D48B69A44692: changes role from  FOLLOWER to FOLLOWER at term 210 for recognizeCandidate:a1c78c0e-869c-4f76-b4ce-2034448e0b80
2019-10-19 01:04:52,862 [grpc-default-executor-7] INFO  impl.RoleInfo (RoleInfo.java:shutdownFollowerState(121)) - 64c90977-e867-487c-b50d-c226f2d34a76: shutdown FollowerState
2019-10-19 01:04:52,862 [grpc-default-executor-7] INFO  impl.RoleInfo (RoleInfo.java:updateAndGet(143)) - 64c90977-e867-487c-b50d-c226f2d34a76: start FollowerState
2019-10-19 01:04:52,862 [Thread-2523] INFO  impl.FollowerState (FollowerState.java:run(117)) - 64c90977-e867-487c-b50d-c226f2d34a76@group-D48B69A44692-FollowerState was interrupted: java.lang.InterruptedException: sleep interrupted
2019-10-19 01:04:52,875 [a1c78c0e-869c-4f76-b4ce-2034448e0b80@group-D48B69A44692-LeaderElection315] INFO  impl.LeaderElection (LeaderElection.java:logAndReturn(56)) - a1c78c0e-869c-4f76-b4ce-2034448e0b80@group-D48B69A44692-LeaderElection315: Election REJECTED; received 1 response(s) [a1c78c0e-869c-4f76-b4ce-2034448e0b80<-64c90977-e867-487c-b50d-c226f2d34a76#0:FAIL-t210] and 1 exception(s); a1c78c0e-869c-4f76-b4ce-2034448e0b80@group-D48B69A44692:t210, leader=null, voted=a1c78c0e-869c-4f76-b4ce-2034448e0b80, raftlog=a1c78c0e-869c-4f76-b4ce-2034448e0b80@group-D48B69A44692-SegmentedRaftLog:OPENED:c-1,f-1,i0, conf=-1: [51276c3c-a3b8-4274-b089-592ff4589f41:192.168.157.213:36639, 64c90977-e867-487c-b50d-c226f2d34a76:192.168.157.213:37433, a1c78c0e-869c-4f76-b4ce-2034448e0b80:192.168.157.213:33501], old=null
2019-10-19 01:04:52,875 [a1c78c0e-869c-4f76-b4ce-2034448e0b80@group-D48B69A44692-LeaderElection315] INFO  impl.LeaderElection (LogUtils.java:infoOrTrace(149)) -   Exception 0: {}
java.util.concurrent.ExecutionException: org.apache.ratis.thirdparty.io.grpc.StatusRuntimeException: UNAVAILABLE: io exception
	at java.util.concurrent.FutureTask.report(FutureTask.java:122)
	at java.util.concurrent.FutureTask.get(FutureTask.java:192)
	at org.apache.ratis.server.impl.LeaderElection.waitForResults(LeaderElection.java:259)
	at org.apache.ratis.server.impl.LeaderElection.askForVotes(LeaderElection.java:197)
	at org.apache.ratis.server.impl.LeaderElection.run(LeaderElection.java:133)
	at java.lang.Thread.run(Thread.java:748)
Caused by: org.apache.ratis.thirdparty.io.grpc.StatusRuntimeException: UNAVAILABLE: io exception
	at org.apache.ratis.thirdparty.io.grpc.stub.ClientCalls.toStatusRuntimeException(ClientCalls.java:233)
	at org.apache.ratis.thirdparty.io.grpc.stub.ClientCalls.getUnchecked(ClientCalls.java:214)
	at org.apache.ratis.thirdparty.io.grpc.stub.ClientCalls.blockingUnaryCall(ClientCalls.java:139)
	at org.apache.ratis.proto.grpc.RaftServerProtocolServiceGrpc$RaftServerProtocolServiceBlockingStub.requestVote(RaftServerProtocolServiceGrpc.java:265)
	at org.apache.ratis.grpc.server.GrpcServerProtocolClient.requestVote(GrpcServerProtocolClient.java:99)
	at org.apache.ratis.grpc.server.GrpcService.requestVote(GrpcService.java:204)
	at org.apache.ratis.server.impl.LeaderElection.lambda$submitRequests$1(LeaderElection.java:234)
	at java.util.concurrent.FutureTask.run(FutureTask.java:266)
	at java.util.concurrent.Executors$RunnableAdapter.call(Executors.java:511)
	at java.util.concurrent.FutureTask.run(FutureTask.java:266)
	at java.util.concurrent.ThreadPoolExecutor.runWorker(ThreadPoolExecutor.java:1149)
	at java.util.concurrent.ThreadPoolExecutor$Worker.run(ThreadPoolExecutor.java:624)
	... 1 more
Caused by: org.apache.ratis.thirdparty.io.netty.channel.AbstractChannel$AnnotatedConnectException: Connection refused: /192.168.157.213:36639
	at sun.nio.ch.SocketChannelImpl.checkConnect(Native Method)
	at sun.nio.ch.SocketChannelImpl.finishConnect(SocketChannelImpl.java:717)
	at org.apache.ratis.thirdparty.io.netty.channel.socket.nio.NioSocketChannel.doFinishConnect(NioSocketChannel.java:327)
	at org.apache.ratis.thirdparty.io.netty.channel.nio.AbstractNioChannel$AbstractNioUnsafe.finishConnect(AbstractNioChannel.java:340)
	at org.apache.ratis.thirdparty.io.netty.channel.nio.NioEventLoop.processSelectedKey(NioEventLoop.java:632)
	at org.apache.ratis.thirdparty.io.netty.channel.nio.NioEventLoop.processSelectedKeysOptimized(NioEventLoop.java:579)
	at org.apache.ratis.thirdparty.io.netty.channel.nio.NioEventLoop.processSelectedKeys(NioEventLoop.java:496)
	at org.apache.ratis.thirdparty.io.netty.channel.nio.NioEventLoop.run(NioEventLoop.java:458)
	at org.apache.ratis.thirdparty.io.netty.util.concurrent.SingleThreadEventExecutor$5.run(SingleThreadEventExecutor.java:897)
	at org.apache.ratis.thirdparty.io.netty.util.concurrent.FastThreadLocalRunnable.run(FastThreadLocalRunnable.java:30)
	... 1 more
Caused by: java.net.ConnectException: Connection refused
	... 11 more
2019-10-19 01:04:52,875 [a1c78c0e-869c-4f76-b4ce-2034448e0b80@group-D48B69A44692-LeaderElection315] INFO  impl.RaftServerImpl (RaftServerImpl.java:setRole(184)) - a1c78c0e-869c-4f76-b4ce-2034448e0b80@group-D48B69A44692: changes role from CANDIDATE to FOLLOWER at term 210 for DISCOVERED_A_NEW_TERM
2019-10-19 01:04:52,875 [a1c78c0e-869c-4f76-b4ce-2034448e0b80@group-D48B69A44692-LeaderElection315] INFO  impl.RoleInfo (RoleInfo.java:shutdownLeaderElection(134)) - a1c78c0e-869c-4f76-b4ce-2034448e0b80: shutdown LeaderElection
2019-10-19 01:04:52,876 [a1c78c0e-869c-4f76-b4ce-2034448e0b80@group-D48B69A44692-LeaderElection315] INFO  impl.RoleInfo (RoleInfo.java:updateAndGet(143)) - a1c78c0e-869c-4f76-b4ce-2034448e0b80: start FollowerState
2019-10-19 01:04:53,059 [Thread-2531] INFO  impl.FollowerState (FollowerState.java:run(108)) - a1c78c0e-869c-4f76-b4ce-2034448e0b80@group-D48B69A44692-FollowerState: change to CANDIDATE, lastRpcTime:183ms, electionTimeout:183ms
2019-10-19 01:04:53,059 [Thread-2531] INFO  impl.RoleInfo (RoleInfo.java:shutdownFollowerState(121)) - a1c78c0e-869c-4f76-b4ce-2034448e0b80: shutdown FollowerState
2019-10-19 01:04:53,059 [Thread-2531] INFO  impl.RaftServerImpl (RaftServerImpl.java:setRole(184)) - a1c78c0e-869c-4f76-b4ce-2034448e0b80@group-D48B69A44692: changes role from  FOLLOWER to CANDIDATE at term 210 for changeToCandidate
2019-10-19 01:04:53,059 [Thread-2531] INFO  impl.RoleInfo (RoleInfo.java:updateAndGet(143)) - a1c78c0e-869c-4f76-b4ce-2034448e0b80: start LeaderElection
2019-10-19 01:04:53,074 [a1c78c0e-869c-4f76-b4ce-2034448e0b80@group-D48B69A44692-LeaderElection316] INFO  impl.LeaderElection (LeaderElection.java:askForVotes(178)) - a1c78c0e-869c-4f76-b4ce-2034448e0b80@group-D48B69A44692-LeaderElection316: begin an election at term 211 for -1: [51276c3c-a3b8-4274-b089-592ff4589f41:192.168.157.213:36639, 64c90977-e867-487c-b50d-c226f2d34a76:192.168.157.213:37433, a1c78c0e-869c-4f76-b4ce-2034448e0b80:192.168.157.213:33501], old=null
2019-10-19 01:04:53,075 [a1c78c0e-869c-4f76-b4ce-2034448e0b80@group-D48B69A44692-LeaderElection316] INFO  impl.LeaderElection (LogUtils.java:infoOrTrace(149)) - a1c78c0e-869c-4f76-b4ce-2034448e0b80@group-D48B69A44692-LeaderElection316 got exception when requesting votes: {}
java.util.concurrent.ExecutionException: org.apache.ratis.thirdparty.io.grpc.StatusRuntimeException: UNAVAILABLE: io exception
	at java.util.concurrent.FutureTask.report(FutureTask.java:122)
	at java.util.concurrent.FutureTask.get(FutureTask.java:192)
	at org.apache.ratis.server.impl.LeaderElection.waitForResults(LeaderElection.java:259)
	at org.apache.ratis.server.impl.LeaderElection.askForVotes(LeaderElection.java:197)
	at org.apache.ratis.server.impl.LeaderElection.run(LeaderElection.java:133)
	at java.lang.Thread.run(Thread.java:748)
Caused by: org.apache.ratis.thirdparty.io.grpc.StatusRuntimeException: UNAVAILABLE: io exception
	at org.apache.ratis.thirdparty.io.grpc.stub.ClientCalls.toStatusRuntimeException(ClientCalls.java:233)
	at org.apache.ratis.thirdparty.io.grpc.stub.ClientCalls.getUnchecked(ClientCalls.java:214)
	at org.apache.ratis.thirdparty.io.grpc.stub.ClientCalls.blockingUnaryCall(ClientCalls.java:139)
	at org.apache.ratis.proto.grpc.RaftServerProtocolServiceGrpc$RaftServerProtocolServiceBlockingStub.requestVote(RaftServerProtocolServiceGrpc.java:265)
	at org.apache.ratis.grpc.server.GrpcServerProtocolClient.requestVote(GrpcServerProtocolClient.java:99)
	at org.apache.ratis.grpc.server.GrpcService.requestVote(GrpcService.java:204)
	at org.apache.ratis.server.impl.LeaderElection.lambda$submitRequests$1(LeaderElection.java:234)
	at java.util.concurrent.FutureTask.run(FutureTask.java:266)
	at java.util.concurrent.Executors$RunnableAdapter.call(Executors.java:511)
	at java.util.concurrent.FutureTask.run(FutureTask.java:266)
	at java.util.concurrent.ThreadPoolExecutor.runWorker(ThreadPoolExecutor.java:1149)
	at java.util.concurrent.ThreadPoolExecutor$Worker.run(ThreadPoolExecutor.java:624)
	... 1 more
Caused by: org.apache.ratis.thirdparty.io.netty.channel.AbstractChannel$AnnotatedConnectException: Connection refused: /192.168.157.213:36639
	at sun.nio.ch.SocketChannelImpl.checkConnect(Native Method)
	at sun.nio.ch.SocketChannelImpl.finishConnect(SocketChannelImpl.java:717)
	at org.apache.ratis.thirdparty.io.netty.channel.socket.nio.NioSocketChannel.doFinishConnect(NioSocketChannel.java:327)
	at org.apache.ratis.thirdparty.io.netty.channel.nio.AbstractNioChannel$AbstractNioUnsafe.finishConnect(AbstractNioChannel.java:340)
	at org.apache.ratis.thirdparty.io.netty.channel.nio.NioEventLoop.processSelectedKey(NioEventLoop.java:632)
	at org.apache.ratis.thirdparty.io.netty.channel.nio.NioEventLoop.processSelectedKeysOptimized(NioEventLoop.java:579)
	at org.apache.ratis.thirdparty.io.netty.channel.nio.NioEventLoop.processSelectedKeys(NioEventLoop.java:496)
	at org.apache.ratis.thirdparty.io.netty.channel.nio.NioEventLoop.run(NioEventLoop.java:458)
	at org.apache.ratis.thirdparty.io.netty.util.concurrent.SingleThreadEventExecutor$5.run(SingleThreadEventExecutor.java:897)
	at org.apache.ratis.thirdparty.io.netty.util.concurrent.FastThreadLocalRunnable.run(FastThreadLocalRunnable.java:30)
	... 1 more
Caused by: java.net.ConnectException: Connection refused
	... 11 more
2019-10-19 01:04:53,078 [grpc-default-executor-7] INFO  impl.RaftServerImpl (RaftServerImpl.java:setRole(184)) - 64c90977-e867-487c-b50d-c226f2d34a76@group-D48B69A44692: changes role from  FOLLOWER to FOLLOWER at term 211 for recognizeCandidate:a1c78c0e-869c-4f76-b4ce-2034448e0b80
2019-10-19 01:04:53,078 [grpc-default-executor-7] INFO  impl.RoleInfo (RoleInfo.java:shutdownFollowerState(121)) - 64c90977-e867-487c-b50d-c226f2d34a76: shutdown FollowerState
2019-10-19 01:04:53,078 [grpc-default-executor-7] INFO  impl.RoleInfo (RoleInfo.java:updateAndGet(143)) - 64c90977-e867-487c-b50d-c226f2d34a76: start FollowerState
2019-10-19 01:04:53,078 [Thread-2530] INFO  impl.FollowerState (FollowerState.java:run(117)) - 64c90977-e867-487c-b50d-c226f2d34a76@group-D48B69A44692-FollowerState was interrupted: java.lang.InterruptedException: sleep interrupted
2019-10-19 01:04:53,095 [a1c78c0e-869c-4f76-b4ce-2034448e0b80@group-D48B69A44692-LeaderElection316] INFO  impl.LeaderElection (LeaderElection.java:logAndReturn(56)) - a1c78c0e-869c-4f76-b4ce-2034448e0b80@group-D48B69A44692-LeaderElection316: Election REJECTED; received 1 response(s) [a1c78c0e-869c-4f76-b4ce-2034448e0b80<-64c90977-e867-487c-b50d-c226f2d34a76#0:FAIL-t211] and 1 exception(s); a1c78c0e-869c-4f76-b4ce-2034448e0b80@group-D48B69A44692:t211, leader=null, voted=a1c78c0e-869c-4f76-b4ce-2034448e0b80, raftlog=a1c78c0e-869c-4f76-b4ce-2034448e0b80@group-D48B69A44692-SegmentedRaftLog:OPENED:c-1,f-1,i0, conf=-1: [51276c3c-a3b8-4274-b089-592ff4589f41:192.168.157.213:36639, 64c90977-e867-487c-b50d-c226f2d34a76:192.168.157.213:37433, a1c78c0e-869c-4f76-b4ce-2034448e0b80:192.168.157.213:33501], old=null
2019-10-19 01:04:53,095 [a1c78c0e-869c-4f76-b4ce-2034448e0b80@group-D48B69A44692-LeaderElection316] INFO  impl.LeaderElection (LogUtils.java:infoOrTrace(149)) -   Exception 0: {}
java.util.concurrent.ExecutionException: org.apache.ratis.thirdparty.io.grpc.StatusRuntimeException: UNAVAILABLE: io exception
	at java.util.concurrent.FutureTask.report(FutureTask.java:122)
	at java.util.concurrent.FutureTask.get(FutureTask.java:192)
	at org.apache.ratis.server.impl.LeaderElection.waitForResults(LeaderElection.java:259)
	at org.apache.ratis.server.impl.LeaderElection.askForVotes(LeaderElection.java:197)
	at org.apache.ratis.server.impl.LeaderElection.run(LeaderElection.java:133)
	at java.lang.Thread.run(Thread.java:748)
Caused by: org.apache.ratis.thirdparty.io.grpc.StatusRuntimeException: UNAVAILABLE: io exception
	at org.apache.ratis.thirdparty.io.grpc.stub.ClientCalls.toStatusRuntimeException(ClientCalls.java:233)
	at org.apache.ratis.thirdparty.io.grpc.stub.ClientCalls.getUnchecked(ClientCalls.java:214)
	at org.apache.ratis.thirdparty.io.grpc.stub.ClientCalls.blockingUnaryCall(ClientCalls.java:139)
	at org.apache.ratis.proto.grpc.RaftServerProtocolServiceGrpc$RaftServerProtocolServiceBlockingStub.requestVote(RaftServerProtocolServiceGrpc.java:265)
	at org.apache.ratis.grpc.server.GrpcServerProtocolClient.requestVote(GrpcServerProtocolClient.java:99)
	at org.apache.ratis.grpc.server.GrpcService.requestVote(GrpcService.java:204)
	at org.apache.ratis.server.impl.LeaderElection.lambda$submitRequests$1(LeaderElection.java:234)
	at java.util.concurrent.FutureTask.run(FutureTask.java:266)
	at java.util.concurrent.Executors$RunnableAdapter.call(Executors.java:511)
	at java.util.concurrent.FutureTask.run(FutureTask.java:266)
	at java.util.concurrent.ThreadPoolExecutor.runWorker(ThreadPoolExecutor.java:1149)
	at java.util.concurrent.ThreadPoolExecutor$Worker.run(ThreadPoolExecutor.java:624)
	... 1 more
Caused by: org.apache.ratis.thirdparty.io.netty.channel.AbstractChannel$AnnotatedConnectException: Connection refused: /192.168.157.213:36639
	at sun.nio.ch.SocketChannelImpl.checkConnect(Native Method)
	at sun.nio.ch.SocketChannelImpl.finishConnect(SocketChannelImpl.java:717)
	at org.apache.ratis.thirdparty.io.netty.channel.socket.nio.NioSocketChannel.doFinishConnect(NioSocketChannel.java:327)
	at org.apache.ratis.thirdparty.io.netty.channel.nio.AbstractNioChannel$AbstractNioUnsafe.finishConnect(AbstractNioChannel.java:340)
	at org.apache.ratis.thirdparty.io.netty.channel.nio.NioEventLoop.processSelectedKey(NioEventLoop.java:632)
	at org.apache.ratis.thirdparty.io.netty.channel.nio.NioEventLoop.processSelectedKeysOptimized(NioEventLoop.java:579)
	at org.apache.ratis.thirdparty.io.netty.channel.nio.NioEventLoop.processSelectedKeys(NioEventLoop.java:496)
	at org.apache.ratis.thirdparty.io.netty.channel.nio.NioEventLoop.run(NioEventLoop.java:458)
	at org.apache.ratis.thirdparty.io.netty.util.concurrent.SingleThreadEventExecutor$5.run(SingleThreadEventExecutor.java:897)
	at org.apache.ratis.thirdparty.io.netty.util.concurrent.FastThreadLocalRunnable.run(FastThreadLocalRunnable.java:30)
	... 1 more
Caused by: java.net.ConnectException: Connection refused
	... 11 more
2019-10-19 01:04:53,096 [a1c78c0e-869c-4f76-b4ce-2034448e0b80@group-D48B69A44692-LeaderElection316] INFO  impl.RaftServerImpl (RaftServerImpl.java:setRole(184)) - a1c78c0e-869c-4f76-b4ce-2034448e0b80@group-D48B69A44692: changes role from CANDIDATE to FOLLOWER at term 211 for DISCOVERED_A_NEW_TERM
2019-10-19 01:04:53,096 [a1c78c0e-869c-4f76-b4ce-2034448e0b80@group-D48B69A44692-LeaderElection316] INFO  impl.RoleInfo (RoleInfo.java:shutdownLeaderElection(134)) - a1c78c0e-869c-4f76-b4ce-2034448e0b80: shutdown LeaderElection
2019-10-19 01:04:53,096 [a1c78c0e-869c-4f76-b4ce-2034448e0b80@group-D48B69A44692-LeaderElection316] INFO  impl.RoleInfo (RoleInfo.java:updateAndGet(143)) - a1c78c0e-869c-4f76-b4ce-2034448e0b80: start FollowerState
2019-10-19 01:04:53,179 [Thread-2536] INFO  impl.FollowerState (FollowerState.java:run(108)) - a1c78c0e-869c-4f76-b4ce-2034448e0b80@group-D48B69A44692-FollowerState: change to CANDIDATE, lastRpcTime:83ms, electionTimeout:83ms
2019-10-19 01:04:53,179 [Thread-2536] INFO  impl.RoleInfo (RoleInfo.java:shutdownFollowerState(121)) - a1c78c0e-869c-4f76-b4ce-2034448e0b80: shutdown FollowerState
2019-10-19 01:04:53,180 [Thread-2536] INFO  impl.RaftServerImpl (RaftServerImpl.java:setRole(184)) - a1c78c0e-869c-4f76-b4ce-2034448e0b80@group-D48B69A44692: changes role from  FOLLOWER to CANDIDATE at term 211 for changeToCandidate
2019-10-19 01:04:53,180 [Thread-2536] INFO  impl.RoleInfo (RoleInfo.java:updateAndGet(143)) - a1c78c0e-869c-4f76-b4ce-2034448e0b80: start LeaderElection
2019-10-19 01:04:53,205 [a1c78c0e-869c-4f76-b4ce-2034448e0b80@group-D48B69A44692-LeaderElection317] INFO  impl.LeaderElection (LeaderElection.java:askForVotes(178)) - a1c78c0e-869c-4f76-b4ce-2034448e0b80@group-D48B69A44692-LeaderElection317: begin an election at term 212 for -1: [51276c3c-a3b8-4274-b089-592ff4589f41:192.168.157.213:36639, 64c90977-e867-487c-b50d-c226f2d34a76:192.168.157.213:37433, a1c78c0e-869c-4f76-b4ce-2034448e0b80:192.168.157.213:33501], old=null
2019-10-19 01:04:53,206 [a1c78c0e-869c-4f76-b4ce-2034448e0b80@group-D48B69A44692-LeaderElection317] INFO  impl.LeaderElection (LogUtils.java:infoOrTrace(149)) - a1c78c0e-869c-4f76-b4ce-2034448e0b80@group-D48B69A44692-LeaderElection317 got exception when requesting votes: {}
java.util.concurrent.ExecutionException: org.apache.ratis.thirdparty.io.grpc.StatusRuntimeException: UNAVAILABLE: io exception
	at java.util.concurrent.FutureTask.report(FutureTask.java:122)
	at java.util.concurrent.FutureTask.get(FutureTask.java:192)
	at org.apache.ratis.server.impl.LeaderElection.waitForResults(LeaderElection.java:259)
	at org.apache.ratis.server.impl.LeaderElection.askForVotes(LeaderElection.java:197)
	at org.apache.ratis.server.impl.LeaderElection.run(LeaderElection.java:133)
	at java.lang.Thread.run(Thread.java:748)
Caused by: org.apache.ratis.thirdparty.io.grpc.StatusRuntimeException: UNAVAILABLE: io exception
	at org.apache.ratis.thirdparty.io.grpc.stub.ClientCalls.toStatusRuntimeException(ClientCalls.java:233)
	at org.apache.ratis.thirdparty.io.grpc.stub.ClientCalls.getUnchecked(ClientCalls.java:214)
	at org.apache.ratis.thirdparty.io.grpc.stub.ClientCalls.blockingUnaryCall(ClientCalls.java:139)
	at org.apache.ratis.proto.grpc.RaftServerProtocolServiceGrpc$RaftServerProtocolServiceBlockingStub.requestVote(RaftServerProtocolServiceGrpc.java:265)
	at org.apache.ratis.grpc.server.GrpcServerProtocolClient.requestVote(GrpcServerProtocolClient.java:99)
	at org.apache.ratis.grpc.server.GrpcService.requestVote(GrpcService.java:204)
	at org.apache.ratis.server.impl.LeaderElection.lambda$submitRequests$1(LeaderElection.java:234)
	at java.util.concurrent.FutureTask.run(FutureTask.java:266)
	at java.util.concurrent.Executors$RunnableAdapter.call(Executors.java:511)
	at java.util.concurrent.FutureTask.run(FutureTask.java:266)
	at java.util.concurrent.ThreadPoolExecutor.runWorker(ThreadPoolExecutor.java:1149)
	at java.util.concurrent.ThreadPoolExecutor$Worker.run(ThreadPoolExecutor.java:624)
	... 1 more
Caused by: org.apache.ratis.thirdparty.io.netty.channel.AbstractChannel$AnnotatedConnectException: Connection refused: /192.168.157.213:36639
	at sun.nio.ch.SocketChannelImpl.checkConnect(Native Method)
	at sun.nio.ch.SocketChannelImpl.finishConnect(SocketChannelImpl.java:717)
	at org.apache.ratis.thirdparty.io.netty.channel.socket.nio.NioSocketChannel.doFinishConnect(NioSocketChannel.java:327)
	at org.apache.ratis.thirdparty.io.netty.channel.nio.AbstractNioChannel$AbstractNioUnsafe.finishConnect(AbstractNioChannel.java:340)
	at org.apache.ratis.thirdparty.io.netty.channel.nio.NioEventLoop.processSelectedKey(NioEventLoop.java:632)
	at org.apache.ratis.thirdparty.io.netty.channel.nio.NioEventLoop.processSelectedKeysOptimized(NioEventLoop.java:579)
	at org.apache.ratis.thirdparty.io.netty.channel.nio.NioEventLoop.processSelectedKeys(NioEventLoop.java:496)
	at org.apache.ratis.thirdparty.io.netty.channel.nio.NioEventLoop.run(NioEventLoop.java:458)
	at org.apache.ratis.thirdparty.io.netty.util.concurrent.SingleThreadEventExecutor$5.run(SingleThreadEventExecutor.java:897)
	at org.apache.ratis.thirdparty.io.netty.util.concurrent.FastThreadLocalRunnable.run(FastThreadLocalRunnable.java:30)
	... 1 more
Caused by: java.net.ConnectException: Connection refused
	... 11 more
2019-10-19 01:04:53,209 [grpc-default-executor-7] INFO  impl.RaftServerImpl (RaftServerImpl.java:setRole(184)) - 64c90977-e867-487c-b50d-c226f2d34a76@group-D48B69A44692: changes role from  FOLLOWER to FOLLOWER at term 212 for recognizeCandidate:a1c78c0e-869c-4f76-b4ce-2034448e0b80
2019-10-19 01:04:53,209 [grpc-default-executor-7] INFO  impl.RoleInfo (RoleInfo.java:shutdownFollowerState(121)) - 64c90977-e867-487c-b50d-c226f2d34a76: shutdown FollowerState
2019-10-19 01:04:53,210 [grpc-default-executor-7] INFO  impl.RoleInfo (RoleInfo.java:updateAndGet(143)) - 64c90977-e867-487c-b50d-c226f2d34a76: start FollowerState
2019-10-19 01:04:53,210 [Thread-2535] INFO  impl.FollowerState (FollowerState.java:run(117)) - 64c90977-e867-487c-b50d-c226f2d34a76@group-D48B69A44692-FollowerState was interrupted: java.lang.InterruptedException: sleep interrupted
2019-10-19 01:04:53,224 [a1c78c0e-869c-4f76-b4ce-2034448e0b80@group-D48B69A44692-LeaderElection317] INFO  impl.LeaderElection (LeaderElection.java:logAndReturn(56)) - a1c78c0e-869c-4f76-b4ce-2034448e0b80@group-D48B69A44692-LeaderElection317: Election REJECTED; received 1 response(s) [a1c78c0e-869c-4f76-b4ce-2034448e0b80<-64c90977-e867-487c-b50d-c226f2d34a76#0:FAIL-t212] and 1 exception(s); a1c78c0e-869c-4f76-b4ce-2034448e0b80@group-D48B69A44692:t212, leader=null, voted=a1c78c0e-869c-4f76-b4ce-2034448e0b80, raftlog=a1c78c0e-869c-4f76-b4ce-2034448e0b80@group-D48B69A44692-SegmentedRaftLog:OPENED:c-1,f-1,i0, conf=-1: [51276c3c-a3b8-4274-b089-592ff4589f41:192.168.157.213:36639, 64c90977-e867-487c-b50d-c226f2d34a76:192.168.157.213:37433, a1c78c0e-869c-4f76-b4ce-2034448e0b80:192.168.157.213:33501], old=null
2019-10-19 01:04:53,224 [a1c78c0e-869c-4f76-b4ce-2034448e0b80@group-D48B69A44692-LeaderElection317] INFO  impl.LeaderElection (LogUtils.java:infoOrTrace(149)) -   Exception 0: {}
java.util.concurrent.ExecutionException: org.apache.ratis.thirdparty.io.grpc.StatusRuntimeException: UNAVAILABLE: io exception
	at java.util.concurrent.FutureTask.report(FutureTask.java:122)
	at java.util.concurrent.FutureTask.get(FutureTask.java:192)
	at org.apache.ratis.server.impl.LeaderElection.waitForResults(LeaderElection.java:259)
	at org.apache.ratis.server.impl.LeaderElection.askForVotes(LeaderElection.java:197)
	at org.apache.ratis.server.impl.LeaderElection.run(LeaderElection.java:133)
	at java.lang.Thread.run(Thread.java:748)
Caused by: org.apache.ratis.thirdparty.io.grpc.StatusRuntimeException: UNAVAILABLE: io exception
	at org.apache.ratis.thirdparty.io.grpc.stub.ClientCalls.toStatusRuntimeException(ClientCalls.java:233)
	at org.apache.ratis.thirdparty.io.grpc.stub.ClientCalls.getUnchecked(ClientCalls.java:214)
	at org.apache.ratis.thirdparty.io.grpc.stub.ClientCalls.blockingUnaryCall(ClientCalls.java:139)
	at org.apache.ratis.proto.grpc.RaftServerProtocolServiceGrpc$RaftServerProtocolServiceBlockingStub.requestVote(RaftServerProtocolServiceGrpc.java:265)
	at org.apache.ratis.grpc.server.GrpcServerProtocolClient.requestVote(GrpcServerProtocolClient.java:99)
	at org.apache.ratis.grpc.server.GrpcService.requestVote(GrpcService.java:204)
	at org.apache.ratis.server.impl.LeaderElection.lambda$submitRequests$1(LeaderElection.java:234)
	at java.util.concurrent.FutureTask.run(FutureTask.java:266)
	at java.util.concurrent.Executors$RunnableAdapter.call(Executors.java:511)
	at java.util.concurrent.FutureTask.run(FutureTask.java:266)
	at java.util.concurrent.ThreadPoolExecutor.runWorker(ThreadPoolExecutor.java:1149)
	at java.util.concurrent.ThreadPoolExecutor$Worker.run(ThreadPoolExecutor.java:624)
	... 1 more
Caused by: org.apache.ratis.thirdparty.io.netty.channel.AbstractChannel$AnnotatedConnectException: Connection refused: /192.168.157.213:36639
	at sun.nio.ch.SocketChannelImpl.checkConnect(Native Method)
	at sun.nio.ch.SocketChannelImpl.finishConnect(SocketChannelImpl.java:717)
	at org.apache.ratis.thirdparty.io.netty.channel.socket.nio.NioSocketChannel.doFinishConnect(NioSocketChannel.java:327)
	at org.apache.ratis.thirdparty.io.netty.channel.nio.AbstractNioChannel$AbstractNioUnsafe.finishConnect(AbstractNioChannel.java:340)
	at org.apache.ratis.thirdparty.io.netty.channel.nio.NioEventLoop.processSelectedKey(NioEventLoop.java:632)
	at org.apache.ratis.thirdparty.io.netty.channel.nio.NioEventLoop.processSelectedKeysOptimized(NioEventLoop.java:579)
	at org.apache.ratis.thirdparty.io.netty.channel.nio.NioEventLoop.processSelectedKeys(NioEventLoop.java:496)
	at org.apache.ratis.thirdparty.io.netty.channel.nio.NioEventLoop.run(NioEventLoop.java:458)
	at org.apache.ratis.thirdparty.io.netty.util.concurrent.SingleThreadEventExecutor$5.run(SingleThreadEventExecutor.java:897)
	at org.apache.ratis.thirdparty.io.netty.util.concurrent.FastThreadLocalRunnable.run(FastThreadLocalRunnable.java:30)
	... 1 more
Caused by: java.net.ConnectException: Connection refused
	... 11 more
2019-10-19 01:04:53,225 [a1c78c0e-869c-4f76-b4ce-2034448e0b80@group-D48B69A44692-LeaderElection317] INFO  impl.RaftServerImpl (RaftServerImpl.java:setRole(184)) - a1c78c0e-869c-4f76-b4ce-2034448e0b80@group-D48B69A44692: changes role from CANDIDATE to FOLLOWER at term 212 for DISCOVERED_A_NEW_TERM
2019-10-19 01:04:53,225 [a1c78c0e-869c-4f76-b4ce-2034448e0b80@group-D48B69A44692-LeaderElection317] INFO  impl.RoleInfo (RoleInfo.java:shutdownLeaderElection(134)) - a1c78c0e-869c-4f76-b4ce-2034448e0b80: shutdown LeaderElection
2019-10-19 01:04:53,225 [a1c78c0e-869c-4f76-b4ce-2034448e0b80@group-D48B69A44692-LeaderElection317] INFO  impl.RoleInfo (RoleInfo.java:updateAndGet(143)) - a1c78c0e-869c-4f76-b4ce-2034448e0b80: start FollowerState
2019-10-19 01:04:53,350 [java.util.concurrent.ThreadPoolExecutor$Worker@3d9b74b8[State = -1, empty queue]] WARN  server.GrpcLogAppender (GrpcLogAppender.java:timeoutAppendRequest(209)) - b26a8d60-58dc-431d-8168-f89a9ab35f3a@group-FB3B7D7D89E3->16805c57-9f45-4377-8998-764a8f26e152-GrpcLogAppender: appendEntries Timeout, request=b26a8d60-58dc-431d-8168-f89a9ab35f3a->16805c57-9f45-4377-8998-764a8f26e152#13-t129, previous=(t:129, i:2), leaderCommit=2, initializing? false, entries: <empty>
2019-10-19 01:04:53,378 [Thread-2541] INFO  impl.FollowerState (FollowerState.java:run(108)) - a1c78c0e-869c-4f76-b4ce-2034448e0b80@group-D48B69A44692-FollowerState: change to CANDIDATE, lastRpcTime:153ms, electionTimeout:153ms
2019-10-19 01:04:53,378 [Thread-2541] INFO  impl.RoleInfo (RoleInfo.java:shutdownFollowerState(121)) - a1c78c0e-869c-4f76-b4ce-2034448e0b80: shutdown FollowerState
2019-10-19 01:04:53,378 [Thread-2541] INFO  impl.RaftServerImpl (RaftServerImpl.java:setRole(184)) - a1c78c0e-869c-4f76-b4ce-2034448e0b80@group-D48B69A44692: changes role from  FOLLOWER to CANDIDATE at term 212 for changeToCandidate
2019-10-19 01:04:53,379 [Thread-2541] INFO  impl.RoleInfo (RoleInfo.java:updateAndGet(143)) - a1c78c0e-869c-4f76-b4ce-2034448e0b80: start LeaderElection
2019-10-19 01:04:53,392 [a1c78c0e-869c-4f76-b4ce-2034448e0b80@group-D48B69A44692-LeaderElection318] INFO  impl.LeaderElection (LeaderElection.java:askForVotes(178)) - a1c78c0e-869c-4f76-b4ce-2034448e0b80@group-D48B69A44692-LeaderElection318: begin an election at term 213 for -1: [51276c3c-a3b8-4274-b089-592ff4589f41:192.168.157.213:36639, 64c90977-e867-487c-b50d-c226f2d34a76:192.168.157.213:37433, a1c78c0e-869c-4f76-b4ce-2034448e0b80:192.168.157.213:33501], old=null
2019-10-19 01:04:53,393 [a1c78c0e-869c-4f76-b4ce-2034448e0b80@group-D48B69A44692-LeaderElection318] INFO  impl.LeaderElection (LogUtils.java:infoOrTrace(149)) - a1c78c0e-869c-4f76-b4ce-2034448e0b80@group-D48B69A44692-LeaderElection318 got exception when requesting votes: {}
java.util.concurrent.ExecutionException: org.apache.ratis.thirdparty.io.grpc.StatusRuntimeException: UNAVAILABLE: io exception
	at java.util.concurrent.FutureTask.report(FutureTask.java:122)
	at java.util.concurrent.FutureTask.get(FutureTask.java:192)
	at org.apache.ratis.server.impl.LeaderElection.waitForResults(LeaderElection.java:259)
	at org.apache.ratis.server.impl.LeaderElection.askForVotes(LeaderElection.java:197)
	at org.apache.ratis.server.impl.LeaderElection.run(LeaderElection.java:133)
	at java.lang.Thread.run(Thread.java:748)
Caused by: org.apache.ratis.thirdparty.io.grpc.StatusRuntimeException: UNAVAILABLE: io exception
	at org.apache.ratis.thirdparty.io.grpc.stub.ClientCalls.toStatusRuntimeException(ClientCalls.java:233)
	at org.apache.ratis.thirdparty.io.grpc.stub.ClientCalls.getUnchecked(ClientCalls.java:214)
	at org.apache.ratis.thirdparty.io.grpc.stub.ClientCalls.blockingUnaryCall(ClientCalls.java:139)
	at org.apache.ratis.proto.grpc.RaftServerProtocolServiceGrpc$RaftServerProtocolServiceBlockingStub.requestVote(RaftServerProtocolServiceGrpc.java:265)
	at org.apache.ratis.grpc.server.GrpcServerProtocolClient.requestVote(GrpcServerProtocolClient.java:99)
	at org.apache.ratis.grpc.server.GrpcService.requestVote(GrpcService.java:204)
	at org.apache.ratis.server.impl.LeaderElection.lambda$submitRequests$1(LeaderElection.java:234)
	at java.util.concurrent.FutureTask.run(FutureTask.java:266)
	at java.util.concurrent.Executors$RunnableAdapter.call(Executors.java:511)
	at java.util.concurrent.FutureTask.run(FutureTask.java:266)
	at java.util.concurrent.ThreadPoolExecutor.runWorker(ThreadPoolExecutor.java:1149)
	at java.util.concurrent.ThreadPoolExecutor$Worker.run(ThreadPoolExecutor.java:624)
	... 1 more
Caused by: org.apache.ratis.thirdparty.io.netty.channel.AbstractChannel$AnnotatedConnectException: Connection refused: /192.168.157.213:36639
	at sun.nio.ch.SocketChannelImpl.checkConnect(Native Method)
	at sun.nio.ch.SocketChannelImpl.finishConnect(SocketChannelImpl.java:717)
	at org.apache.ratis.thirdparty.io.netty.channel.socket.nio.NioSocketChannel.doFinishConnect(NioSocketChannel.java:327)
	at org.apache.ratis.thirdparty.io.netty.channel.nio.AbstractNioChannel$AbstractNioUnsafe.finishConnect(AbstractNioChannel.java:340)
	at org.apache.ratis.thirdparty.io.netty.channel.nio.NioEventLoop.processSelectedKey(NioEventLoop.java:632)
	at org.apache.ratis.thirdparty.io.netty.channel.nio.NioEventLoop.processSelectedKeysOptimized(NioEventLoop.java:579)
	at org.apache.ratis.thirdparty.io.netty.channel.nio.NioEventLoop.processSelectedKeys(NioEventLoop.java:496)
	at org.apache.ratis.thirdparty.io.netty.channel.nio.NioEventLoop.run(NioEventLoop.java:458)
	at org.apache.ratis.thirdparty.io.netty.util.concurrent.SingleThreadEventExecutor$5.run(SingleThreadEventExecutor.java:897)
	at org.apache.ratis.thirdparty.io.netty.util.concurrent.FastThreadLocalRunnable.run(FastThreadLocalRunnable.java:30)
	... 1 more
Caused by: java.net.ConnectException: Connection refused
	... 11 more
2019-10-19 01:04:53,396 [grpc-default-executor-7] INFO  impl.RaftServerImpl (RaftServerImpl.java:setRole(184)) - 64c90977-e867-487c-b50d-c226f2d34a76@group-D48B69A44692: changes role from  FOLLOWER to FOLLOWER at term 213 for recognizeCandidate:a1c78c0e-869c-4f76-b4ce-2034448e0b80
2019-10-19 01:04:53,396 [grpc-default-executor-7] INFO  impl.RoleInfo (RoleInfo.java:shutdownFollowerState(121)) - 64c90977-e867-487c-b50d-c226f2d34a76: shutdown FollowerState
2019-10-19 01:04:53,396 [grpc-default-executor-7] INFO  impl.RoleInfo (RoleInfo.java:updateAndGet(143)) - 64c90977-e867-487c-b50d-c226f2d34a76: start FollowerState
2019-10-19 01:04:53,397 [Thread-2540] INFO  impl.FollowerState (FollowerState.java:run(117)) - 64c90977-e867-487c-b50d-c226f2d34a76@group-D48B69A44692-FollowerState was interrupted: java.lang.InterruptedException: sleep interrupted
2019-10-19 01:04:53,410 [a1c78c0e-869c-4f76-b4ce-2034448e0b80@group-D48B69A44692-LeaderElection318] INFO  impl.LeaderElection (LeaderElection.java:logAndReturn(56)) - a1c78c0e-869c-4f76-b4ce-2034448e0b80@group-D48B69A44692-LeaderElection318: Election REJECTED; received 1 response(s) [a1c78c0e-869c-4f76-b4ce-2034448e0b80<-64c90977-e867-487c-b50d-c226f2d34a76#0:FAIL-t213] and 1 exception(s); a1c78c0e-869c-4f76-b4ce-2034448e0b80@group-D48B69A44692:t213, leader=null, voted=a1c78c0e-869c-4f76-b4ce-2034448e0b80, raftlog=a1c78c0e-869c-4f76-b4ce-2034448e0b80@group-D48B69A44692-SegmentedRaftLog:OPENED:c-1,f-1,i0, conf=-1: [51276c3c-a3b8-4274-b089-592ff4589f41:192.168.157.213:36639, 64c90977-e867-487c-b50d-c226f2d34a76:192.168.157.213:37433, a1c78c0e-869c-4f76-b4ce-2034448e0b80:192.168.157.213:33501], old=null
2019-10-19 01:04:53,410 [a1c78c0e-869c-4f76-b4ce-2034448e0b80@group-D48B69A44692-LeaderElection318] INFO  impl.LeaderElection (LogUtils.java:infoOrTrace(149)) -   Exception 0: {}
java.util.concurrent.ExecutionException: org.apache.ratis.thirdparty.io.grpc.StatusRuntimeException: UNAVAILABLE: io exception
	at java.util.concurrent.FutureTask.report(FutureTask.java:122)
	at java.util.concurrent.FutureTask.get(FutureTask.java:192)
	at org.apache.ratis.server.impl.LeaderElection.waitForResults(LeaderElection.java:259)
	at org.apache.ratis.server.impl.LeaderElection.askForVotes(LeaderElection.java:197)
	at org.apache.ratis.server.impl.LeaderElection.run(LeaderElection.java:133)
	at java.lang.Thread.run(Thread.java:748)
Caused by: org.apache.ratis.thirdparty.io.grpc.StatusRuntimeException: UNAVAILABLE: io exception
	at org.apache.ratis.thirdparty.io.grpc.stub.ClientCalls.toStatusRuntimeException(ClientCalls.java:233)
	at org.apache.ratis.thirdparty.io.grpc.stub.ClientCalls.getUnchecked(ClientCalls.java:214)
	at org.apache.ratis.thirdparty.io.grpc.stub.ClientCalls.blockingUnaryCall(ClientCalls.java:139)
	at org.apache.ratis.proto.grpc.RaftServerProtocolServiceGrpc$RaftServerProtocolServiceBlockingStub.requestVote(RaftServerProtocolServiceGrpc.java:265)
	at org.apache.ratis.grpc.server.GrpcServerProtocolClient.requestVote(GrpcServerProtocolClient.java:99)
	at org.apache.ratis.grpc.server.GrpcService.requestVote(GrpcService.java:204)
	at org.apache.ratis.server.impl.LeaderElection.lambda$submitRequests$1(LeaderElection.java:234)
	at java.util.concurrent.FutureTask.run(FutureTask.java:266)
	at java.util.concurrent.Executors$RunnableAdapter.call(Executors.java:511)
	at java.util.concurrent.FutureTask.run(FutureTask.java:266)
	at java.util.concurrent.ThreadPoolExecutor.runWorker(ThreadPoolExecutor.java:1149)
	at java.util.concurrent.ThreadPoolExecutor$Worker.run(ThreadPoolExecutor.java:624)
	... 1 more
Caused by: org.apache.ratis.thirdparty.io.netty.channel.AbstractChannel$AnnotatedConnectException: Connection refused: /192.168.157.213:36639
	at sun.nio.ch.SocketChannelImpl.checkConnect(Native Method)
	at sun.nio.ch.SocketChannelImpl.finishConnect(SocketChannelImpl.java:717)
	at org.apache.ratis.thirdparty.io.netty.channel.socket.nio.NioSocketChannel.doFinishConnect(NioSocketChannel.java:327)
	at org.apache.ratis.thirdparty.io.netty.channel.nio.AbstractNioChannel$AbstractNioUnsafe.finishConnect(AbstractNioChannel.java:340)
	at org.apache.ratis.thirdparty.io.netty.channel.nio.NioEventLoop.processSelectedKey(NioEventLoop.java:632)
	at org.apache.ratis.thirdparty.io.netty.channel.nio.NioEventLoop.processSelectedKeysOptimized(NioEventLoop.java:579)
	at org.apache.ratis.thirdparty.io.netty.channel.nio.NioEventLoop.processSelectedKeys(NioEventLoop.java:496)
	at org.apache.ratis.thirdparty.io.netty.channel.nio.NioEventLoop.run(NioEventLoop.java:458)
	at org.apache.ratis.thirdparty.io.netty.util.concurrent.SingleThreadEventExecutor$5.run(SingleThreadEventExecutor.java:897)
	at org.apache.ratis.thirdparty.io.netty.util.concurrent.FastThreadLocalRunnable.run(FastThreadLocalRunnable.java:30)
	... 1 more
Caused by: java.net.ConnectException: Connection refused
	... 11 more
2019-10-19 01:04:53,411 [a1c78c0e-869c-4f76-b4ce-2034448e0b80@group-D48B69A44692-LeaderElection318] INFO  impl.RaftServerImpl (RaftServerImpl.java:setRole(184)) - a1c78c0e-869c-4f76-b4ce-2034448e0b80@group-D48B69A44692: changes role from CANDIDATE to FOLLOWER at term 213 for DISCOVERED_A_NEW_TERM
2019-10-19 01:04:53,411 [a1c78c0e-869c-4f76-b4ce-2034448e0b80@group-D48B69A44692-LeaderElection318] INFO  impl.RoleInfo (RoleInfo.java:shutdownLeaderElection(134)) - a1c78c0e-869c-4f76-b4ce-2034448e0b80: shutdown LeaderElection
2019-10-19 01:04:53,411 [a1c78c0e-869c-4f76-b4ce-2034448e0b80@group-D48B69A44692-LeaderElection318] INFO  impl.RoleInfo (RoleInfo.java:updateAndGet(143)) - a1c78c0e-869c-4f76-b4ce-2034448e0b80: start FollowerState
2019-10-19 01:04:53,461 [Thread-2548] INFO  impl.FollowerState (FollowerState.java:run(108)) - a1c78c0e-869c-4f76-b4ce-2034448e0b80@group-D48B69A44692-FollowerState: change to CANDIDATE, lastRpcTime:50ms, electionTimeout:50ms
2019-10-19 01:04:53,461 [Thread-2548] INFO  impl.RoleInfo (RoleInfo.java:shutdownFollowerState(121)) - a1c78c0e-869c-4f76-b4ce-2034448e0b80: shutdown FollowerState
2019-10-19 01:04:53,462 [Thread-2548] INFO  impl.RaftServerImpl (RaftServerImpl.java:setRole(184)) - a1c78c0e-869c-4f76-b4ce-2034448e0b80@group-D48B69A44692: changes role from  FOLLOWER to CANDIDATE at term 213 for changeToCandidate
2019-10-19 01:04:53,462 [Thread-2548] INFO  impl.RoleInfo (RoleInfo.java:updateAndGet(143)) - a1c78c0e-869c-4f76-b4ce-2034448e0b80: start LeaderElection
2019-10-19 01:04:53,475 [a1c78c0e-869c-4f76-b4ce-2034448e0b80@group-D48B69A44692-LeaderElection319] INFO  impl.LeaderElection (LeaderElection.java:askForVotes(178)) - a1c78c0e-869c-4f76-b4ce-2034448e0b80@group-D48B69A44692-LeaderElection319: begin an election at term 214 for -1: [51276c3c-a3b8-4274-b089-592ff4589f41:192.168.157.213:36639, 64c90977-e867-487c-b50d-c226f2d34a76:192.168.157.213:37433, a1c78c0e-869c-4f76-b4ce-2034448e0b80:192.168.157.213:33501], old=null
2019-10-19 01:04:53,476 [a1c78c0e-869c-4f76-b4ce-2034448e0b80@group-D48B69A44692-LeaderElection319] INFO  impl.LeaderElection (LogUtils.java:infoOrTrace(149)) - a1c78c0e-869c-4f76-b4ce-2034448e0b80@group-D48B69A44692-LeaderElection319 got exception when requesting votes: {}
java.util.concurrent.ExecutionException: org.apache.ratis.thirdparty.io.grpc.StatusRuntimeException: UNAVAILABLE: io exception
	at java.util.concurrent.FutureTask.report(FutureTask.java:122)
	at java.util.concurrent.FutureTask.get(FutureTask.java:192)
	at org.apache.ratis.server.impl.LeaderElection.waitForResults(LeaderElection.java:259)
	at org.apache.ratis.server.impl.LeaderElection.askForVotes(LeaderElection.java:197)
	at org.apache.ratis.server.impl.LeaderElection.run(LeaderElection.java:133)
	at java.lang.Thread.run(Thread.java:748)
Caused by: org.apache.ratis.thirdparty.io.grpc.StatusRuntimeException: UNAVAILABLE: io exception
	at org.apache.ratis.thirdparty.io.grpc.stub.ClientCalls.toStatusRuntimeException(ClientCalls.java:233)
	at org.apache.ratis.thirdparty.io.grpc.stub.ClientCalls.getUnchecked(ClientCalls.java:214)
	at org.apache.ratis.thirdparty.io.grpc.stub.ClientCalls.blockingUnaryCall(ClientCalls.java:139)
	at org.apache.ratis.proto.grpc.RaftServerProtocolServiceGrpc$RaftServerProtocolServiceBlockingStub.requestVote(RaftServerProtocolServiceGrpc.java:265)
	at org.apache.ratis.grpc.server.GrpcServerProtocolClient.requestVote(GrpcServerProtocolClient.java:99)
	at org.apache.ratis.grpc.server.GrpcService.requestVote(GrpcService.java:204)
	at org.apache.ratis.server.impl.LeaderElection.lambda$submitRequests$1(LeaderElection.java:234)
	at java.util.concurrent.FutureTask.run(FutureTask.java:266)
	at java.util.concurrent.Executors$RunnableAdapter.call(Executors.java:511)
	at java.util.concurrent.FutureTask.run(FutureTask.java:266)
	at java.util.concurrent.ThreadPoolExecutor.runWorker(ThreadPoolExecutor.java:1149)
	at java.util.concurrent.ThreadPoolExecutor$Worker.run(ThreadPoolExecutor.java:624)
	... 1 more
Caused by: org.apache.ratis.thirdparty.io.netty.channel.AbstractChannel$AnnotatedConnectException: Connection refused: /192.168.157.213:36639
	at sun.nio.ch.SocketChannelImpl.checkConnect(Native Method)
	at sun.nio.ch.SocketChannelImpl.finishConnect(SocketChannelImpl.java:717)
	at org.apache.ratis.thirdparty.io.netty.channel.socket.nio.NioSocketChannel.doFinishConnect(NioSocketChannel.java:327)
	at org.apache.ratis.thirdparty.io.netty.channel.nio.AbstractNioChannel$AbstractNioUnsafe.finishConnect(AbstractNioChannel.java:340)
	at org.apache.ratis.thirdparty.io.netty.channel.nio.NioEventLoop.processSelectedKey(NioEventLoop.java:632)
	at org.apache.ratis.thirdparty.io.netty.channel.nio.NioEventLoop.processSelectedKeysOptimized(NioEventLoop.java:579)
	at org.apache.ratis.thirdparty.io.netty.channel.nio.NioEventLoop.processSelectedKeys(NioEventLoop.java:496)
	at org.apache.ratis.thirdparty.io.netty.channel.nio.NioEventLoop.run(NioEventLoop.java:458)
	at org.apache.ratis.thirdparty.io.netty.util.concurrent.SingleThreadEventExecutor$5.run(SingleThreadEventExecutor.java:897)
	at org.apache.ratis.thirdparty.io.netty.util.concurrent.FastThreadLocalRunnable.run(FastThreadLocalRunnable.java:30)
	... 1 more
Caused by: java.net.ConnectException: Connection refused
	... 11 more
2019-10-19 01:04:53,479 [grpc-default-executor-7] INFO  impl.RaftServerImpl (RaftServerImpl.java:setRole(184)) - 64c90977-e867-487c-b50d-c226f2d34a76@group-D48B69A44692: changes role from  FOLLOWER to FOLLOWER at term 214 for recognizeCandidate:a1c78c0e-869c-4f76-b4ce-2034448e0b80
2019-10-19 01:04:53,479 [grpc-default-executor-7] INFO  impl.RoleInfo (RoleInfo.java:shutdownFollowerState(121)) - 64c90977-e867-487c-b50d-c226f2d34a76: shutdown FollowerState
2019-10-19 01:04:53,480 [grpc-default-executor-7] INFO  impl.RoleInfo (RoleInfo.java:updateAndGet(143)) - 64c90977-e867-487c-b50d-c226f2d34a76: start FollowerState
2019-10-19 01:04:53,480 [Thread-2547] INFO  impl.FollowerState (FollowerState.java:run(117)) - 64c90977-e867-487c-b50d-c226f2d34a76@group-D48B69A44692-FollowerState was interrupted: java.lang.InterruptedException: sleep interrupted
2019-10-19 01:04:53,493 [a1c78c0e-869c-4f76-b4ce-2034448e0b80@group-D48B69A44692-LeaderElection319] INFO  impl.LeaderElection (LeaderElection.java:logAndReturn(56)) - a1c78c0e-869c-4f76-b4ce-2034448e0b80@group-D48B69A44692-LeaderElection319: Election REJECTED; received 1 response(s) [a1c78c0e-869c-4f76-b4ce-2034448e0b80<-64c90977-e867-487c-b50d-c226f2d34a76#0:FAIL-t214] and 1 exception(s); a1c78c0e-869c-4f76-b4ce-2034448e0b80@group-D48B69A44692:t214, leader=null, voted=a1c78c0e-869c-4f76-b4ce-2034448e0b80, raftlog=a1c78c0e-869c-4f76-b4ce-2034448e0b80@group-D48B69A44692-SegmentedRaftLog:OPENED:c-1,f-1,i0, conf=-1: [51276c3c-a3b8-4274-b089-592ff4589f41:192.168.157.213:36639, 64c90977-e867-487c-b50d-c226f2d34a76:192.168.157.213:37433, a1c78c0e-869c-4f76-b4ce-2034448e0b80:192.168.157.213:33501], old=null
2019-10-19 01:04:53,494 [a1c78c0e-869c-4f76-b4ce-2034448e0b80@group-D48B69A44692-LeaderElection319] INFO  impl.LeaderElection (LogUtils.java:infoOrTrace(149)) -   Exception 0: {}
java.util.concurrent.ExecutionException: org.apache.ratis.thirdparty.io.grpc.StatusRuntimeException: UNAVAILABLE: io exception
	at java.util.concurrent.FutureTask.report(FutureTask.java:122)
	at java.util.concurrent.FutureTask.get(FutureTask.java:192)
	at org.apache.ratis.server.impl.LeaderElection.waitForResults(LeaderElection.java:259)
	at org.apache.ratis.server.impl.LeaderElection.askForVotes(LeaderElection.java:197)
	at org.apache.ratis.server.impl.LeaderElection.run(LeaderElection.java:133)
	at java.lang.Thread.run(Thread.java:748)
Caused by: org.apache.ratis.thirdparty.io.grpc.StatusRuntimeException: UNAVAILABLE: io exception
	at org.apache.ratis.thirdparty.io.grpc.stub.ClientCalls.toStatusRuntimeException(ClientCalls.java:233)
	at org.apache.ratis.thirdparty.io.grpc.stub.ClientCalls.getUnchecked(ClientCalls.java:214)
	at org.apache.ratis.thirdparty.io.grpc.stub.ClientCalls.blockingUnaryCall(ClientCalls.java:139)
	at org.apache.ratis.proto.grpc.RaftServerProtocolServiceGrpc$RaftServerProtocolServiceBlockingStub.requestVote(RaftServerProtocolServiceGrpc.java:265)
	at org.apache.ratis.grpc.server.GrpcServerProtocolClient.requestVote(GrpcServerProtocolClient.java:99)
	at org.apache.ratis.grpc.server.GrpcService.requestVote(GrpcService.java:204)
	at org.apache.ratis.server.impl.LeaderElection.lambda$submitRequests$1(LeaderElection.java:234)
	at java.util.concurrent.FutureTask.run(FutureTask.java:266)
	at java.util.concurrent.Executors$RunnableAdapter.call(Executors.java:511)
	at java.util.concurrent.FutureTask.run(FutureTask.java:266)
	at java.util.concurrent.ThreadPoolExecutor.runWorker(ThreadPoolExecutor.java:1149)
	at java.util.concurrent.ThreadPoolExecutor$Worker.run(ThreadPoolExecutor.java:624)
	... 1 more
Caused by: org.apache.ratis.thirdparty.io.netty.channel.AbstractChannel$AnnotatedConnectException: Connection refused: /192.168.157.213:36639
	at sun.nio.ch.SocketChannelImpl.checkConnect(Native Method)
	at sun.nio.ch.SocketChannelImpl.finishConnect(SocketChannelImpl.java:717)
	at org.apache.ratis.thirdparty.io.netty.channel.socket.nio.NioSocketChannel.doFinishConnect(NioSocketChannel.java:327)
	at org.apache.ratis.thirdparty.io.netty.channel.nio.AbstractNioChannel$AbstractNioUnsafe.finishConnect(AbstractNioChannel.java:340)
	at org.apache.ratis.thirdparty.io.netty.channel.nio.NioEventLoop.processSelectedKey(NioEventLoop.java:632)
	at org.apache.ratis.thirdparty.io.netty.channel.nio.NioEventLoop.processSelectedKeysOptimized(NioEventLoop.java:579)
	at org.apache.ratis.thirdparty.io.netty.channel.nio.NioEventLoop.processSelectedKeys(NioEventLoop.java:496)
	at org.apache.ratis.thirdparty.io.netty.channel.nio.NioEventLoop.run(NioEventLoop.java:458)
	at org.apache.ratis.thirdparty.io.netty.util.concurrent.SingleThreadEventExecutor$5.run(SingleThreadEventExecutor.java:897)
	at org.apache.ratis.thirdparty.io.netty.util.concurrent.FastThreadLocalRunnable.run(FastThreadLocalRunnable.java:30)
	... 1 more
Caused by: java.net.ConnectException: Connection refused
	... 11 more
2019-10-19 01:04:53,494 [a1c78c0e-869c-4f76-b4ce-2034448e0b80@group-D48B69A44692-LeaderElection319] INFO  impl.RaftServerImpl (RaftServerImpl.java:setRole(184)) - a1c78c0e-869c-4f76-b4ce-2034448e0b80@group-D48B69A44692: changes role from CANDIDATE to FOLLOWER at term 214 for DISCOVERED_A_NEW_TERM
2019-10-19 01:04:53,494 [a1c78c0e-869c-4f76-b4ce-2034448e0b80@group-D48B69A44692-LeaderElection319] INFO  impl.RoleInfo (RoleInfo.java:shutdownLeaderElection(134)) - a1c78c0e-869c-4f76-b4ce-2034448e0b80: shutdown LeaderElection
2019-10-19 01:04:53,494 [a1c78c0e-869c-4f76-b4ce-2034448e0b80@group-D48B69A44692-LeaderElection319] INFO  impl.RoleInfo (RoleInfo.java:updateAndGet(143)) - a1c78c0e-869c-4f76-b4ce-2034448e0b80: start FollowerState
2019-10-19 01:04:53,649 [Thread-2553] INFO  impl.FollowerState (FollowerState.java:run(108)) - a1c78c0e-869c-4f76-b4ce-2034448e0b80@group-D48B69A44692-FollowerState: change to CANDIDATE, lastRpcTime:155ms, electionTimeout:155ms
2019-10-19 01:04:53,649 [Thread-2553] INFO  impl.RoleInfo (RoleInfo.java:shutdownFollowerState(121)) - a1c78c0e-869c-4f76-b4ce-2034448e0b80: shutdown FollowerState
2019-10-19 01:04:53,650 [Thread-2553] INFO  impl.RaftServerImpl (RaftServerImpl.java:setRole(184)) - a1c78c0e-869c-4f76-b4ce-2034448e0b80@group-D48B69A44692: changes role from  FOLLOWER to CANDIDATE at term 214 for changeToCandidate
2019-10-19 01:04:53,650 [Thread-2553] INFO  impl.RoleInfo (RoleInfo.java:updateAndGet(143)) - a1c78c0e-869c-4f76-b4ce-2034448e0b80: start LeaderElection
2019-10-19 01:04:53,671 [a1c78c0e-869c-4f76-b4ce-2034448e0b80@group-D48B69A44692-LeaderElection320] INFO  impl.LeaderElection (LeaderElection.java:askForVotes(178)) - a1c78c0e-869c-4f76-b4ce-2034448e0b80@group-D48B69A44692-LeaderElection320: begin an election at term 215 for -1: [51276c3c-a3b8-4274-b089-592ff4589f41:192.168.157.213:36639, 64c90977-e867-487c-b50d-c226f2d34a76:192.168.157.213:37433, a1c78c0e-869c-4f76-b4ce-2034448e0b80:192.168.157.213:33501], old=null
2019-10-19 01:04:53,672 [a1c78c0e-869c-4f76-b4ce-2034448e0b80@group-D48B69A44692-LeaderElection320] INFO  impl.LeaderElection (LogUtils.java:infoOrTrace(149)) - a1c78c0e-869c-4f76-b4ce-2034448e0b80@group-D48B69A44692-LeaderElection320 got exception when requesting votes: {}
java.util.concurrent.ExecutionException: org.apache.ratis.thirdparty.io.grpc.StatusRuntimeException: UNAVAILABLE: io exception
	at java.util.concurrent.FutureTask.report(FutureTask.java:122)
	at java.util.concurrent.FutureTask.get(FutureTask.java:192)
	at org.apache.ratis.server.impl.LeaderElection.waitForResults(LeaderElection.java:259)
	at org.apache.ratis.server.impl.LeaderElection.askForVotes(LeaderElection.java:197)
	at org.apache.ratis.server.impl.LeaderElection.run(LeaderElection.java:133)
	at java.lang.Thread.run(Thread.java:748)
Caused by: org.apache.ratis.thirdparty.io.grpc.StatusRuntimeException: UNAVAILABLE: io exception
	at org.apache.ratis.thirdparty.io.grpc.stub.ClientCalls.toStatusRuntimeException(ClientCalls.java:233)
	at org.apache.ratis.thirdparty.io.grpc.stub.ClientCalls.getUnchecked(ClientCalls.java:214)
	at org.apache.ratis.thirdparty.io.grpc.stub.ClientCalls.blockingUnaryCall(ClientCalls.java:139)
	at org.apache.ratis.proto.grpc.RaftServerProtocolServiceGrpc$RaftServerProtocolServiceBlockingStub.requestVote(RaftServerProtocolServiceGrpc.java:265)
	at org.apache.ratis.grpc.server.GrpcServerProtocolClient.requestVote(GrpcServerProtocolClient.java:99)
	at org.apache.ratis.grpc.server.GrpcService.requestVote(GrpcService.java:204)
	at org.apache.ratis.server.impl.LeaderElection.lambda$submitRequests$1(LeaderElection.java:234)
	at java.util.concurrent.FutureTask.run(FutureTask.java:266)
	at java.util.concurrent.Executors$RunnableAdapter.call(Executors.java:511)
	at java.util.concurrent.FutureTask.run(FutureTask.java:266)
	at java.util.concurrent.ThreadPoolExecutor.runWorker(ThreadPoolExecutor.java:1149)
	at java.util.concurrent.ThreadPoolExecutor$Worker.run(ThreadPoolExecutor.java:624)
	... 1 more
Caused by: org.apache.ratis.thirdparty.io.netty.channel.AbstractChannel$AnnotatedConnectException: Connection refused: /192.168.157.213:36639
	at sun.nio.ch.SocketChannelImpl.checkConnect(Native Method)
	at sun.nio.ch.SocketChannelImpl.finishConnect(SocketChannelImpl.java:717)
	at org.apache.ratis.thirdparty.io.netty.channel.socket.nio.NioSocketChannel.doFinishConnect(NioSocketChannel.java:327)
	at org.apache.ratis.thirdparty.io.netty.channel.nio.AbstractNioChannel$AbstractNioUnsafe.finishConnect(AbstractNioChannel.java:340)
	at org.apache.ratis.thirdparty.io.netty.channel.nio.NioEventLoop.processSelectedKey(NioEventLoop.java:632)
	at org.apache.ratis.thirdparty.io.netty.channel.nio.NioEventLoop.processSelectedKeysOptimized(NioEventLoop.java:579)
	at org.apache.ratis.thirdparty.io.netty.channel.nio.NioEventLoop.processSelectedKeys(NioEventLoop.java:496)
	at org.apache.ratis.thirdparty.io.netty.channel.nio.NioEventLoop.run(NioEventLoop.java:458)
	at org.apache.ratis.thirdparty.io.netty.util.concurrent.SingleThreadEventExecutor$5.run(SingleThreadEventExecutor.java:897)
	at org.apache.ratis.thirdparty.io.netty.util.concurrent.FastThreadLocalRunnable.run(FastThreadLocalRunnable.java:30)
	... 1 more
Caused by: java.net.ConnectException: Connection refused
	... 11 more
2019-10-19 01:04:53,677 [grpc-default-executor-7] INFO  impl.RaftServerImpl (RaftServerImpl.java:setRole(184)) - 64c90977-e867-487c-b50d-c226f2d34a76@group-D48B69A44692: changes role from  FOLLOWER to FOLLOWER at term 215 for recognizeCandidate:a1c78c0e-869c-4f76-b4ce-2034448e0b80
2019-10-19 01:04:53,677 [grpc-default-executor-7] INFO  impl.RoleInfo (RoleInfo.java:shutdownFollowerState(121)) - 64c90977-e867-487c-b50d-c226f2d34a76: shutdown FollowerState
2019-10-19 01:04:53,678 [grpc-default-executor-7] INFO  impl.RoleInfo (RoleInfo.java:updateAndGet(143)) - 64c90977-e867-487c-b50d-c226f2d34a76: start FollowerState
2019-10-19 01:04:53,678 [Thread-2552] INFO  impl.FollowerState (FollowerState.java:run(117)) - 64c90977-e867-487c-b50d-c226f2d34a76@group-D48B69A44692-FollowerState was interrupted: java.lang.InterruptedException: sleep interrupted
2019-10-19 01:04:53,684 [a1c78c0e-869c-4f76-b4ce-2034448e0b80@group-D48B69A44692-LeaderElection320] INFO  impl.LeaderElection (LeaderElection.java:logAndReturn(56)) - a1c78c0e-869c-4f76-b4ce-2034448e0b80@group-D48B69A44692-LeaderElection320: Election REJECTED; received 1 response(s) [a1c78c0e-869c-4f76-b4ce-2034448e0b80<-64c90977-e867-487c-b50d-c226f2d34a76#0:FAIL-t215] and 1 exception(s); a1c78c0e-869c-4f76-b4ce-2034448e0b80@group-D48B69A44692:t215, leader=null, voted=a1c78c0e-869c-4f76-b4ce-2034448e0b80, raftlog=a1c78c0e-869c-4f76-b4ce-2034448e0b80@group-D48B69A44692-SegmentedRaftLog:OPENED:c-1,f-1,i0, conf=-1: [51276c3c-a3b8-4274-b089-592ff4589f41:192.168.157.213:36639, 64c90977-e867-487c-b50d-c226f2d34a76:192.168.157.213:37433, a1c78c0e-869c-4f76-b4ce-2034448e0b80:192.168.157.213:33501], old=null
2019-10-19 01:04:53,684 [a1c78c0e-869c-4f76-b4ce-2034448e0b80@group-D48B69A44692-LeaderElection320] INFO  impl.LeaderElection (LogUtils.java:infoOrTrace(149)) -   Exception 0: {}
java.util.concurrent.ExecutionException: org.apache.ratis.thirdparty.io.grpc.StatusRuntimeException: UNAVAILABLE: io exception
	at java.util.concurrent.FutureTask.report(FutureTask.java:122)
	at java.util.concurrent.FutureTask.get(FutureTask.java:192)
	at org.apache.ratis.server.impl.LeaderElection.waitForResults(LeaderElection.java:259)
	at org.apache.ratis.server.impl.LeaderElection.askForVotes(LeaderElection.java:197)
	at org.apache.ratis.server.impl.LeaderElection.run(LeaderElection.java:133)
	at java.lang.Thread.run(Thread.java:748)
Caused by: org.apache.ratis.thirdparty.io.grpc.StatusRuntimeException: UNAVAILABLE: io exception
	at org.apache.ratis.thirdparty.io.grpc.stub.ClientCalls.toStatusRuntimeException(ClientCalls.java:233)
	at org.apache.ratis.thirdparty.io.grpc.stub.ClientCalls.getUnchecked(ClientCalls.java:214)
	at org.apache.ratis.thirdparty.io.grpc.stub.ClientCalls.blockingUnaryCall(ClientCalls.java:139)
	at org.apache.ratis.proto.grpc.RaftServerProtocolServiceGrpc$RaftServerProtocolServiceBlockingStub.requestVote(RaftServerProtocolServiceGrpc.java:265)
	at org.apache.ratis.grpc.server.GrpcServerProtocolClient.requestVote(GrpcServerProtocolClient.java:99)
	at org.apache.ratis.grpc.server.GrpcService.requestVote(GrpcService.java:204)
	at org.apache.ratis.server.impl.LeaderElection.lambda$submitRequests$1(LeaderElection.java:234)
	at java.util.concurrent.FutureTask.run(FutureTask.java:266)
	at java.util.concurrent.Executors$RunnableAdapter.call(Executors.java:511)
	at java.util.concurrent.FutureTask.run(FutureTask.java:266)
	at java.util.concurrent.ThreadPoolExecutor.runWorker(ThreadPoolExecutor.java:1149)
	at java.util.concurrent.ThreadPoolExecutor$Worker.run(ThreadPoolExecutor.java:624)
	... 1 more
Caused by: org.apache.ratis.thirdparty.io.netty.channel.AbstractChannel$AnnotatedConnectException: Connection refused: /192.168.157.213:36639
	at sun.nio.ch.SocketChannelImpl.checkConnect(Native Method)
	at sun.nio.ch.SocketChannelImpl.finishConnect(SocketChannelImpl.java:717)
	at org.apache.ratis.thirdparty.io.netty.channel.socket.nio.NioSocketChannel.doFinishConnect(NioSocketChannel.java:327)
	at org.apache.ratis.thirdparty.io.netty.channel.nio.AbstractNioChannel$AbstractNioUnsafe.finishConnect(AbstractNioChannel.java:340)
	at org.apache.ratis.thirdparty.io.netty.channel.nio.NioEventLoop.processSelectedKey(NioEventLoop.java:632)
	at org.apache.ratis.thirdparty.io.netty.channel.nio.NioEventLoop.processSelectedKeysOptimized(NioEventLoop.java:579)
	at org.apache.ratis.thirdparty.io.netty.channel.nio.NioEventLoop.processSelectedKeys(NioEventLoop.java:496)
	at org.apache.ratis.thirdparty.io.netty.channel.nio.NioEventLoop.run(NioEventLoop.java:458)
	at org.apache.ratis.thirdparty.io.netty.util.concurrent.SingleThreadEventExecutor$5.run(SingleThreadEventExecutor.java:897)
	at org.apache.ratis.thirdparty.io.netty.util.concurrent.FastThreadLocalRunnable.run(FastThreadLocalRunnable.java:30)
	... 1 more
Caused by: java.net.ConnectException: Connection refused
	... 11 more
2019-10-19 01:04:53,684 [a1c78c0e-869c-4f76-b4ce-2034448e0b80@group-D48B69A44692-LeaderElection320] INFO  impl.RaftServerImpl (RaftServerImpl.java:setRole(184)) - a1c78c0e-869c-4f76-b4ce-2034448e0b80@group-D48B69A44692: changes role from CANDIDATE to FOLLOWER at term 215 for DISCOVERED_A_NEW_TERM
2019-10-19 01:04:53,684 [a1c78c0e-869c-4f76-b4ce-2034448e0b80@group-D48B69A44692-LeaderElection320] INFO  impl.RoleInfo (RoleInfo.java:shutdownLeaderElection(134)) - a1c78c0e-869c-4f76-b4ce-2034448e0b80: shutdown LeaderElection
2019-10-19 01:04:53,684 [a1c78c0e-869c-4f76-b4ce-2034448e0b80@group-D48B69A44692-LeaderElection320] INFO  impl.RoleInfo (RoleInfo.java:updateAndGet(143)) - a1c78c0e-869c-4f76-b4ce-2034448e0b80: start FollowerState
2019-10-19 01:04:53,786 [Thread-2558] INFO  impl.FollowerState (FollowerState.java:run(108)) - a1c78c0e-869c-4f76-b4ce-2034448e0b80@group-D48B69A44692-FollowerState: change to CANDIDATE, lastRpcTime:101ms, electionTimeout:101ms
2019-10-19 01:04:53,786 [Thread-2558] INFO  impl.RoleInfo (RoleInfo.java:shutdownFollowerState(121)) - a1c78c0e-869c-4f76-b4ce-2034448e0b80: shutdown FollowerState
2019-10-19 01:04:53,786 [Thread-2558] INFO  impl.RaftServerImpl (RaftServerImpl.java:setRole(184)) - a1c78c0e-869c-4f76-b4ce-2034448e0b80@group-D48B69A44692: changes role from  FOLLOWER to CANDIDATE at term 215 for changeToCandidate
2019-10-19 01:04:53,786 [Thread-2558] INFO  impl.RoleInfo (RoleInfo.java:updateAndGet(143)) - a1c78c0e-869c-4f76-b4ce-2034448e0b80: start LeaderElection
2019-10-19 01:04:53,792 [a1c78c0e-869c-4f76-b4ce-2034448e0b80@group-D48B69A44692-LeaderElection321] INFO  impl.LeaderElection (LeaderElection.java:askForVotes(178)) - a1c78c0e-869c-4f76-b4ce-2034448e0b80@group-D48B69A44692-LeaderElection321: begin an election at term 216 for -1: [51276c3c-a3b8-4274-b089-592ff4589f41:192.168.157.213:36639, 64c90977-e867-487c-b50d-c226f2d34a76:192.168.157.213:37433, a1c78c0e-869c-4f76-b4ce-2034448e0b80:192.168.157.213:33501], old=null
2019-10-19 01:04:53,793 [a1c78c0e-869c-4f76-b4ce-2034448e0b80@group-D48B69A44692-LeaderElection321] INFO  impl.LeaderElection (LogUtils.java:infoOrTrace(149)) - a1c78c0e-869c-4f76-b4ce-2034448e0b80@group-D48B69A44692-LeaderElection321 got exception when requesting votes: {}
java.util.concurrent.ExecutionException: org.apache.ratis.thirdparty.io.grpc.StatusRuntimeException: UNAVAILABLE: io exception
	at java.util.concurrent.FutureTask.report(FutureTask.java:122)
	at java.util.concurrent.FutureTask.get(FutureTask.java:192)
	at org.apache.ratis.server.impl.LeaderElection.waitForResults(LeaderElection.java:259)
	at org.apache.ratis.server.impl.LeaderElection.askForVotes(LeaderElection.java:197)
	at org.apache.ratis.server.impl.LeaderElection.run(LeaderElection.java:133)
	at java.lang.Thread.run(Thread.java:748)
Caused by: org.apache.ratis.thirdparty.io.grpc.StatusRuntimeException: UNAVAILABLE: io exception
	at org.apache.ratis.thirdparty.io.grpc.stub.ClientCalls.toStatusRuntimeException(ClientCalls.java:233)
	at org.apache.ratis.thirdparty.io.grpc.stub.ClientCalls.getUnchecked(ClientCalls.java:214)
	at org.apache.ratis.thirdparty.io.grpc.stub.ClientCalls.blockingUnaryCall(ClientCalls.java:139)
	at org.apache.ratis.proto.grpc.RaftServerProtocolServiceGrpc$RaftServerProtocolServiceBlockingStub.requestVote(RaftServerProtocolServiceGrpc.java:265)
	at org.apache.ratis.grpc.server.GrpcServerProtocolClient.requestVote(GrpcServerProtocolClient.java:99)
	at org.apache.ratis.grpc.server.GrpcService.requestVote(GrpcService.java:204)
	at org.apache.ratis.server.impl.LeaderElection.lambda$submitRequests$1(LeaderElection.java:234)
	at java.util.concurrent.FutureTask.run(FutureTask.java:266)
	at java.util.concurrent.Executors$RunnableAdapter.call(Executors.java:511)
	at java.util.concurrent.FutureTask.run(FutureTask.java:266)
	at java.util.concurrent.ThreadPoolExecutor.runWorker(ThreadPoolExecutor.java:1149)
	at java.util.concurrent.ThreadPoolExecutor$Worker.run(ThreadPoolExecutor.java:624)
	... 1 more
Caused by: org.apache.ratis.thirdparty.io.netty.channel.AbstractChannel$AnnotatedConnectException: Connection refused: /192.168.157.213:36639
	at sun.nio.ch.SocketChannelImpl.checkConnect(Native Method)
	at sun.nio.ch.SocketChannelImpl.finishConnect(SocketChannelImpl.java:717)
	at org.apache.ratis.thirdparty.io.netty.channel.socket.nio.NioSocketChannel.doFinishConnect(NioSocketChannel.java:327)
	at org.apache.ratis.thirdparty.io.netty.channel.nio.AbstractNioChannel$AbstractNioUnsafe.finishConnect(AbstractNioChannel.java:340)
	at org.apache.ratis.thirdparty.io.netty.channel.nio.NioEventLoop.processSelectedKey(NioEventLoop.java:632)
	at org.apache.ratis.thirdparty.io.netty.channel.nio.NioEventLoop.processSelectedKeysOptimized(NioEventLoop.java:579)
	at org.apache.ratis.thirdparty.io.netty.channel.nio.NioEventLoop.processSelectedKeys(NioEventLoop.java:496)
	at org.apache.ratis.thirdparty.io.netty.channel.nio.NioEventLoop.run(NioEventLoop.java:458)
	at org.apache.ratis.thirdparty.io.netty.util.concurrent.SingleThreadEventExecutor$5.run(SingleThreadEventExecutor.java:897)
	at org.apache.ratis.thirdparty.io.netty.util.concurrent.FastThreadLocalRunnable.run(FastThreadLocalRunnable.java:30)
	... 1 more
Caused by: java.net.ConnectException: Connection refused
	... 11 more
2019-10-19 01:04:53,798 [grpc-default-executor-7] INFO  impl.RaftServerImpl (RaftServerImpl.java:setRole(184)) - 64c90977-e867-487c-b50d-c226f2d34a76@group-D48B69A44692: changes role from  FOLLOWER to FOLLOWER at term 216 for recognizeCandidate:a1c78c0e-869c-4f76-b4ce-2034448e0b80
2019-10-19 01:04:53,798 [grpc-default-executor-7] INFO  impl.RoleInfo (RoleInfo.java:shutdownFollowerState(121)) - 64c90977-e867-487c-b50d-c226f2d34a76: shutdown FollowerState
2019-10-19 01:04:53,798 [grpc-default-executor-7] INFO  impl.RoleInfo (RoleInfo.java:updateAndGet(143)) - 64c90977-e867-487c-b50d-c226f2d34a76: start FollowerState
2019-10-19 01:04:53,798 [Thread-2557] INFO  impl.FollowerState (FollowerState.java:run(117)) - 64c90977-e867-487c-b50d-c226f2d34a76@group-D48B69A44692-FollowerState was interrupted: java.lang.InterruptedException: sleep interrupted
2019-10-19 01:04:53,813 [a1c78c0e-869c-4f76-b4ce-2034448e0b80@group-D48B69A44692-LeaderElection321] INFO  impl.LeaderElection (LeaderElection.java:logAndReturn(56)) - a1c78c0e-869c-4f76-b4ce-2034448e0b80@group-D48B69A44692-LeaderElection321: Election REJECTED; received 1 response(s) [a1c78c0e-869c-4f76-b4ce-2034448e0b80<-64c90977-e867-487c-b50d-c226f2d34a76#0:FAIL-t216] and 1 exception(s); a1c78c0e-869c-4f76-b4ce-2034448e0b80@group-D48B69A44692:t216, leader=null, voted=a1c78c0e-869c-4f76-b4ce-2034448e0b80, raftlog=a1c78c0e-869c-4f76-b4ce-2034448e0b80@group-D48B69A44692-SegmentedRaftLog:OPENED:c-1,f-1,i0, conf=-1: [51276c3c-a3b8-4274-b089-592ff4589f41:192.168.157.213:36639, 64c90977-e867-487c-b50d-c226f2d34a76:192.168.157.213:37433, a1c78c0e-869c-4f76-b4ce-2034448e0b80:192.168.157.213:33501], old=null
2019-10-19 01:04:53,813 [a1c78c0e-869c-4f76-b4ce-2034448e0b80@group-D48B69A44692-LeaderElection321] INFO  impl.LeaderElection (LogUtils.java:infoOrTrace(149)) -   Exception 0: {}
java.util.concurrent.ExecutionException: org.apache.ratis.thirdparty.io.grpc.StatusRuntimeException: UNAVAILABLE: io exception
	at java.util.concurrent.FutureTask.report(FutureTask.java:122)
	at java.util.concurrent.FutureTask.get(FutureTask.java:192)
	at org.apache.ratis.server.impl.LeaderElection.waitForResults(LeaderElection.java:259)
	at org.apache.ratis.server.impl.LeaderElection.askForVotes(LeaderElection.java:197)
	at org.apache.ratis.server.impl.LeaderElection.run(LeaderElection.java:133)
	at java.lang.Thread.run(Thread.java:748)
Caused by: org.apache.ratis.thirdparty.io.grpc.StatusRuntimeException: UNAVAILABLE: io exception
	at org.apache.ratis.thirdparty.io.grpc.stub.ClientCalls.toStatusRuntimeException(ClientCalls.java:233)
	at org.apache.ratis.thirdparty.io.grpc.stub.ClientCalls.getUnchecked(ClientCalls.java:214)
	at org.apache.ratis.thirdparty.io.grpc.stub.ClientCalls.blockingUnaryCall(ClientCalls.java:139)
	at org.apache.ratis.proto.grpc.RaftServerProtocolServiceGrpc$RaftServerProtocolServiceBlockingStub.requestVote(RaftServerProtocolServiceGrpc.java:265)
	at org.apache.ratis.grpc.server.GrpcServerProtocolClient.requestVote(GrpcServerProtocolClient.java:99)
	at org.apache.ratis.grpc.server.GrpcService.requestVote(GrpcService.java:204)
	at org.apache.ratis.server.impl.LeaderElection.lambda$submitRequests$1(LeaderElection.java:234)
	at java.util.concurrent.FutureTask.run(FutureTask.java:266)
	at java.util.concurrent.Executors$RunnableAdapter.call(Executors.java:511)
	at java.util.concurrent.FutureTask.run(FutureTask.java:266)
	at java.util.concurrent.ThreadPoolExecutor.runWorker(ThreadPoolExecutor.java:1149)
	at java.util.concurrent.ThreadPoolExecutor$Worker.run(ThreadPoolExecutor.java:624)
	... 1 more
Caused by: org.apache.ratis.thirdparty.io.netty.channel.AbstractChannel$AnnotatedConnectException: Connection refused: /192.168.157.213:36639
	at sun.nio.ch.SocketChannelImpl.checkConnect(Native Method)
	at sun.nio.ch.SocketChannelImpl.finishConnect(SocketChannelImpl.java:717)
	at org.apache.ratis.thirdparty.io.netty.channel.socket.nio.NioSocketChannel.doFinishConnect(NioSocketChannel.java:327)
	at org.apache.ratis.thirdparty.io.netty.channel.nio.AbstractNioChannel$AbstractNioUnsafe.finishConnect(AbstractNioChannel.java:340)
	at org.apache.ratis.thirdparty.io.netty.channel.nio.NioEventLoop.processSelectedKey(NioEventLoop.java:632)
	at org.apache.ratis.thirdparty.io.netty.channel.nio.NioEventLoop.processSelectedKeysOptimized(NioEventLoop.java:579)
	at org.apache.ratis.thirdparty.io.netty.channel.nio.NioEventLoop.processSelectedKeys(NioEventLoop.java:496)
	at org.apache.ratis.thirdparty.io.netty.channel.nio.NioEventLoop.run(NioEventLoop.java:458)
	at org.apache.ratis.thirdparty.io.netty.util.concurrent.SingleThreadEventExecutor$5.run(SingleThreadEventExecutor.java:897)
	at org.apache.ratis.thirdparty.io.netty.util.concurrent.FastThreadLocalRunnable.run(FastThreadLocalRunnable.java:30)
	... 1 more
Caused by: java.net.ConnectException: Connection refused
	... 11 more
2019-10-19 01:04:53,814 [a1c78c0e-869c-4f76-b4ce-2034448e0b80@group-D48B69A44692-LeaderElection321] INFO  impl.RaftServerImpl (RaftServerImpl.java:setRole(184)) - a1c78c0e-869c-4f76-b4ce-2034448e0b80@group-D48B69A44692: changes role from CANDIDATE to FOLLOWER at term 216 for DISCOVERED_A_NEW_TERM
2019-10-19 01:04:53,814 [a1c78c0e-869c-4f76-b4ce-2034448e0b80@group-D48B69A44692-LeaderElection321] INFO  impl.RoleInfo (RoleInfo.java:shutdownLeaderElection(134)) - a1c78c0e-869c-4f76-b4ce-2034448e0b80: shutdown LeaderElection
2019-10-19 01:04:53,814 [a1c78c0e-869c-4f76-b4ce-2034448e0b80@group-D48B69A44692-LeaderElection321] INFO  impl.RoleInfo (RoleInfo.java:updateAndGet(143)) - a1c78c0e-869c-4f76-b4ce-2034448e0b80: start FollowerState
2019-10-19 01:04:53,851 [java.util.concurrent.ThreadPoolExecutor$Worker@3d9b74b8[State = -1, empty queue]] WARN  server.GrpcLogAppender (GrpcLogAppender.java:timeoutAppendRequest(209)) - b26a8d60-58dc-431d-8168-f89a9ab35f3a@group-FB3B7D7D89E3->16805c57-9f45-4377-8998-764a8f26e152-GrpcLogAppender: appendEntries Timeout, request=b26a8d60-58dc-431d-8168-f89a9ab35f3a->16805c57-9f45-4377-8998-764a8f26e152#14-t129, previous=(t:129, i:2), leaderCommit=2, initializing? false, entries: <empty>
2019-10-19 01:04:54,000 [Thread-2565] INFO  impl.FollowerState (FollowerState.java:run(108)) - a1c78c0e-869c-4f76-b4ce-2034448e0b80@group-D48B69A44692-FollowerState: change to CANDIDATE, lastRpcTime:185ms, electionTimeout:185ms
2019-10-19 01:04:54,000 [Thread-2565] INFO  impl.RoleInfo (RoleInfo.java:shutdownFollowerState(121)) - a1c78c0e-869c-4f76-b4ce-2034448e0b80: shutdown FollowerState
2019-10-19 01:04:54,000 [Thread-2565] INFO  impl.RaftServerImpl (RaftServerImpl.java:setRole(184)) - a1c78c0e-869c-4f76-b4ce-2034448e0b80@group-D48B69A44692: changes role from  FOLLOWER to CANDIDATE at term 216 for changeToCandidate
2019-10-19 01:04:54,000 [Thread-2565] INFO  impl.RoleInfo (RoleInfo.java:updateAndGet(143)) - a1c78c0e-869c-4f76-b4ce-2034448e0b80: start LeaderElection
2019-10-19 01:04:54,015 [a1c78c0e-869c-4f76-b4ce-2034448e0b80@group-D48B69A44692-LeaderElection322] INFO  impl.LeaderElection (LeaderElection.java:askForVotes(178)) - a1c78c0e-869c-4f76-b4ce-2034448e0b80@group-D48B69A44692-LeaderElection322: begin an election at term 217 for -1: [51276c3c-a3b8-4274-b089-592ff4589f41:192.168.157.213:36639, 64c90977-e867-487c-b50d-c226f2d34a76:192.168.157.213:37433, a1c78c0e-869c-4f76-b4ce-2034448e0b80:192.168.157.213:33501], old=null
2019-10-19 01:04:54,016 [a1c78c0e-869c-4f76-b4ce-2034448e0b80@group-D48B69A44692-LeaderElection322] INFO  impl.LeaderElection (LogUtils.java:infoOrTrace(149)) - a1c78c0e-869c-4f76-b4ce-2034448e0b80@group-D48B69A44692-LeaderElection322 got exception when requesting votes: {}
java.util.concurrent.ExecutionException: org.apache.ratis.thirdparty.io.grpc.StatusRuntimeException: UNAVAILABLE: io exception
	at java.util.concurrent.FutureTask.report(FutureTask.java:122)
	at java.util.concurrent.FutureTask.get(FutureTask.java:192)
	at org.apache.ratis.server.impl.LeaderElection.waitForResults(LeaderElection.java:259)
	at org.apache.ratis.server.impl.LeaderElection.askForVotes(LeaderElection.java:197)
	at org.apache.ratis.server.impl.LeaderElection.run(LeaderElection.java:133)
	at java.lang.Thread.run(Thread.java:748)
Caused by: org.apache.ratis.thirdparty.io.grpc.StatusRuntimeException: UNAVAILABLE: io exception
	at org.apache.ratis.thirdparty.io.grpc.stub.ClientCalls.toStatusRuntimeException(ClientCalls.java:233)
	at org.apache.ratis.thirdparty.io.grpc.stub.ClientCalls.getUnchecked(ClientCalls.java:214)
	at org.apache.ratis.thirdparty.io.grpc.stub.ClientCalls.blockingUnaryCall(ClientCalls.java:139)
	at org.apache.ratis.proto.grpc.RaftServerProtocolServiceGrpc$RaftServerProtocolServiceBlockingStub.requestVote(RaftServerProtocolServiceGrpc.java:265)
	at org.apache.ratis.grpc.server.GrpcServerProtocolClient.requestVote(GrpcServerProtocolClient.java:99)
	at org.apache.ratis.grpc.server.GrpcService.requestVote(GrpcService.java:204)
	at org.apache.ratis.server.impl.LeaderElection.lambda$submitRequests$1(LeaderElection.java:234)
	at java.util.concurrent.FutureTask.run(FutureTask.java:266)
	at java.util.concurrent.Executors$RunnableAdapter.call(Executors.java:511)
	at java.util.concurrent.FutureTask.run(FutureTask.java:266)
	at java.util.concurrent.ThreadPoolExecutor.runWorker(ThreadPoolExecutor.java:1149)
	at java.util.concurrent.ThreadPoolExecutor$Worker.run(ThreadPoolExecutor.java:624)
	... 1 more
Caused by: org.apache.ratis.thirdparty.io.netty.channel.AbstractChannel$AnnotatedConnectException: Connection refused: /192.168.157.213:36639
	at sun.nio.ch.SocketChannelImpl.checkConnect(Native Method)
	at sun.nio.ch.SocketChannelImpl.finishConnect(SocketChannelImpl.java:717)
	at org.apache.ratis.thirdparty.io.netty.channel.socket.nio.NioSocketChannel.doFinishConnect(NioSocketChannel.java:327)
	at org.apache.ratis.thirdparty.io.netty.channel.nio.AbstractNioChannel$AbstractNioUnsafe.finishConnect(AbstractNioChannel.java:340)
	at org.apache.ratis.thirdparty.io.netty.channel.nio.NioEventLoop.processSelectedKey(NioEventLoop.java:632)
	at org.apache.ratis.thirdparty.io.netty.channel.nio.NioEventLoop.processSelectedKeysOptimized(NioEventLoop.java:579)
	at org.apache.ratis.thirdparty.io.netty.channel.nio.NioEventLoop.processSelectedKeys(NioEventLoop.java:496)
	at org.apache.ratis.thirdparty.io.netty.channel.nio.NioEventLoop.run(NioEventLoop.java:458)
	at org.apache.ratis.thirdparty.io.netty.util.concurrent.SingleThreadEventExecutor$5.run(SingleThreadEventExecutor.java:897)
	at org.apache.ratis.thirdparty.io.netty.util.concurrent.FastThreadLocalRunnable.run(FastThreadLocalRunnable.java:30)
	... 1 more
Caused by: java.net.ConnectException: Connection refused
	... 11 more
2019-10-19 01:04:54,021 [grpc-default-executor-4] INFO  impl.RaftServerImpl (RaftServerImpl.java:setRole(184)) - 64c90977-e867-487c-b50d-c226f2d34a76@group-D48B69A44692: changes role from  FOLLOWER to FOLLOWER at term 217 for recognizeCandidate:a1c78c0e-869c-4f76-b4ce-2034448e0b80
2019-10-19 01:04:54,021 [grpc-default-executor-4] INFO  impl.RoleInfo (RoleInfo.java:shutdownFollowerState(121)) - 64c90977-e867-487c-b50d-c226f2d34a76: shutdown FollowerState
2019-10-19 01:04:54,021 [grpc-default-executor-4] INFO  impl.RoleInfo (RoleInfo.java:updateAndGet(143)) - 64c90977-e867-487c-b50d-c226f2d34a76: start FollowerState
2019-10-19 01:04:54,021 [Thread-2562] INFO  impl.FollowerState (FollowerState.java:run(117)) - 64c90977-e867-487c-b50d-c226f2d34a76@group-D48B69A44692-FollowerState was interrupted: java.lang.InterruptedException: sleep interrupted
2019-10-19 01:04:54,046 [a1c78c0e-869c-4f76-b4ce-2034448e0b80@group-D48B69A44692-LeaderElection322] INFO  impl.LeaderElection (LeaderElection.java:logAndReturn(56)) - a1c78c0e-869c-4f76-b4ce-2034448e0b80@group-D48B69A44692-LeaderElection322: Election REJECTED; received 1 response(s) [a1c78c0e-869c-4f76-b4ce-2034448e0b80<-64c90977-e867-487c-b50d-c226f2d34a76#0:FAIL-t217] and 1 exception(s); a1c78c0e-869c-4f76-b4ce-2034448e0b80@group-D48B69A44692:t217, leader=null, voted=a1c78c0e-869c-4f76-b4ce-2034448e0b80, raftlog=a1c78c0e-869c-4f76-b4ce-2034448e0b80@group-D48B69A44692-SegmentedRaftLog:OPENED:c-1,f-1,i0, conf=-1: [51276c3c-a3b8-4274-b089-592ff4589f41:192.168.157.213:36639, 64c90977-e867-487c-b50d-c226f2d34a76:192.168.157.213:37433, a1c78c0e-869c-4f76-b4ce-2034448e0b80:192.168.157.213:33501], old=null
2019-10-19 01:04:54,047 [a1c78c0e-869c-4f76-b4ce-2034448e0b80@group-D48B69A44692-LeaderElection322] INFO  impl.LeaderElection (LogUtils.java:infoOrTrace(149)) -   Exception 0: {}
java.util.concurrent.ExecutionException: org.apache.ratis.thirdparty.io.grpc.StatusRuntimeException: UNAVAILABLE: io exception
	at java.util.concurrent.FutureTask.report(FutureTask.java:122)
	at java.util.concurrent.FutureTask.get(FutureTask.java:192)
	at org.apache.ratis.server.impl.LeaderElection.waitForResults(LeaderElection.java:259)
	at org.apache.ratis.server.impl.LeaderElection.askForVotes(LeaderElection.java:197)
	at org.apache.ratis.server.impl.LeaderElection.run(LeaderElection.java:133)
	at java.lang.Thread.run(Thread.java:748)
Caused by: org.apache.ratis.thirdparty.io.grpc.StatusRuntimeException: UNAVAILABLE: io exception
	at org.apache.ratis.thirdparty.io.grpc.stub.ClientCalls.toStatusRuntimeException(ClientCalls.java:233)
	at org.apache.ratis.thirdparty.io.grpc.stub.ClientCalls.getUnchecked(ClientCalls.java:214)
	at org.apache.ratis.thirdparty.io.grpc.stub.ClientCalls.blockingUnaryCall(ClientCalls.java:139)
	at org.apache.ratis.proto.grpc.RaftServerProtocolServiceGrpc$RaftServerProtocolServiceBlockingStub.requestVote(RaftServerProtocolServiceGrpc.java:265)
	at org.apache.ratis.grpc.server.GrpcServerProtocolClient.requestVote(GrpcServerProtocolClient.java:99)
	at org.apache.ratis.grpc.server.GrpcService.requestVote(GrpcService.java:204)
	at org.apache.ratis.server.impl.LeaderElection.lambda$submitRequests$1(LeaderElection.java:234)
	at java.util.concurrent.FutureTask.run(FutureTask.java:266)
	at java.util.concurrent.Executors$RunnableAdapter.call(Executors.java:511)
	at java.util.concurrent.FutureTask.run(FutureTask.java:266)
	at java.util.concurrent.ThreadPoolExecutor.runWorker(ThreadPoolExecutor.java:1149)
	at java.util.concurrent.ThreadPoolExecutor$Worker.run(ThreadPoolExecutor.java:624)
	... 1 more
Caused by: org.apache.ratis.thirdparty.io.netty.channel.AbstractChannel$AnnotatedConnectException: Connection refused: /192.168.157.213:36639
	at sun.nio.ch.SocketChannelImpl.checkConnect(Native Method)
	at sun.nio.ch.SocketChannelImpl.finishConnect(SocketChannelImpl.java:717)
	at org.apache.ratis.thirdparty.io.netty.channel.socket.nio.NioSocketChannel.doFinishConnect(NioSocketChannel.java:327)
	at org.apache.ratis.thirdparty.io.netty.channel.nio.AbstractNioChannel$AbstractNioUnsafe.finishConnect(AbstractNioChannel.java:340)
	at org.apache.ratis.thirdparty.io.netty.channel.nio.NioEventLoop.processSelectedKey(NioEventLoop.java:632)
	at org.apache.ratis.thirdparty.io.netty.channel.nio.NioEventLoop.processSelectedKeysOptimized(NioEventLoop.java:579)
	at org.apache.ratis.thirdparty.io.netty.channel.nio.NioEventLoop.processSelectedKeys(NioEventLoop.java:496)
	at org.apache.ratis.thirdparty.io.netty.channel.nio.NioEventLoop.run(NioEventLoop.java:458)
	at org.apache.ratis.thirdparty.io.netty.util.concurrent.SingleThreadEventExecutor$5.run(SingleThreadEventExecutor.java:897)
	at org.apache.ratis.thirdparty.io.netty.util.concurrent.FastThreadLocalRunnable.run(FastThreadLocalRunnable.java:30)
	... 1 more
Caused by: java.net.ConnectException: Connection refused
	... 11 more
2019-10-19 01:04:54,047 [a1c78c0e-869c-4f76-b4ce-2034448e0b80@group-D48B69A44692-LeaderElection322] INFO  impl.RaftServerImpl (RaftServerImpl.java:setRole(184)) - a1c78c0e-869c-4f76-b4ce-2034448e0b80@group-D48B69A44692: changes role from CANDIDATE to FOLLOWER at term 217 for DISCOVERED_A_NEW_TERM
2019-10-19 01:04:54,047 [a1c78c0e-869c-4f76-b4ce-2034448e0b80@group-D48B69A44692-LeaderElection322] INFO  impl.RoleInfo (RoleInfo.java:shutdownLeaderElection(134)) - a1c78c0e-869c-4f76-b4ce-2034448e0b80: shutdown LeaderElection
2019-10-19 01:04:54,047 [a1c78c0e-869c-4f76-b4ce-2034448e0b80@group-D48B69A44692-LeaderElection322] INFO  impl.RoleInfo (RoleInfo.java:updateAndGet(143)) - a1c78c0e-869c-4f76-b4ce-2034448e0b80: start FollowerState
2019-10-19 01:04:54,235 [Thread-2570] INFO  impl.FollowerState (FollowerState.java:run(108)) - a1c78c0e-869c-4f76-b4ce-2034448e0b80@group-D48B69A44692-FollowerState: change to CANDIDATE, lastRpcTime:187ms, electionTimeout:187ms
2019-10-19 01:04:54,236 [Thread-2570] INFO  impl.RoleInfo (RoleInfo.java:shutdownFollowerState(121)) - a1c78c0e-869c-4f76-b4ce-2034448e0b80: shutdown FollowerState
2019-10-19 01:04:54,237 [Thread-2570] INFO  impl.RaftServerImpl (RaftServerImpl.java:setRole(184)) - a1c78c0e-869c-4f76-b4ce-2034448e0b80@group-D48B69A44692: changes role from  FOLLOWER to CANDIDATE at term 217 for changeToCandidate
2019-10-19 01:04:54,238 [Thread-2570] INFO  impl.RoleInfo (RoleInfo.java:updateAndGet(143)) - a1c78c0e-869c-4f76-b4ce-2034448e0b80: start LeaderElection
2019-10-19 01:04:54,267 [a1c78c0e-869c-4f76-b4ce-2034448e0b80@group-D48B69A44692-LeaderElection323] INFO  impl.LeaderElection (LeaderElection.java:askForVotes(178)) - a1c78c0e-869c-4f76-b4ce-2034448e0b80@group-D48B69A44692-LeaderElection323: begin an election at term 218 for -1: [51276c3c-a3b8-4274-b089-592ff4589f41:192.168.157.213:36639, 64c90977-e867-487c-b50d-c226f2d34a76:192.168.157.213:37433, a1c78c0e-869c-4f76-b4ce-2034448e0b80:192.168.157.213:33501], old=null
2019-10-19 01:04:54,270 [a1c78c0e-869c-4f76-b4ce-2034448e0b80@group-D48B69A44692-LeaderElection323] INFO  impl.LeaderElection (LogUtils.java:infoOrTrace(149)) - a1c78c0e-869c-4f76-b4ce-2034448e0b80@group-D48B69A44692-LeaderElection323 got exception when requesting votes: {}
java.util.concurrent.ExecutionException: org.apache.ratis.thirdparty.io.grpc.StatusRuntimeException: UNAVAILABLE: io exception
	at java.util.concurrent.FutureTask.report(FutureTask.java:122)
	at java.util.concurrent.FutureTask.get(FutureTask.java:192)
	at org.apache.ratis.server.impl.LeaderElection.waitForResults(LeaderElection.java:259)
	at org.apache.ratis.server.impl.LeaderElection.askForVotes(LeaderElection.java:197)
	at org.apache.ratis.server.impl.LeaderElection.run(LeaderElection.java:133)
	at java.lang.Thread.run(Thread.java:748)
Caused by: org.apache.ratis.thirdparty.io.grpc.StatusRuntimeException: UNAVAILABLE: io exception
	at org.apache.ratis.thirdparty.io.grpc.stub.ClientCalls.toStatusRuntimeException(ClientCalls.java:233)
	at org.apache.ratis.thirdparty.io.grpc.stub.ClientCalls.getUnchecked(ClientCalls.java:214)
	at org.apache.ratis.thirdparty.io.grpc.stub.ClientCalls.blockingUnaryCall(ClientCalls.java:139)
	at org.apache.ratis.proto.grpc.RaftServerProtocolServiceGrpc$RaftServerProtocolServiceBlockingStub.requestVote(RaftServerProtocolServiceGrpc.java:265)
	at org.apache.ratis.grpc.server.GrpcServerProtocolClient.requestVote(GrpcServerProtocolClient.java:99)
	at org.apache.ratis.grpc.server.GrpcService.requestVote(GrpcService.java:204)
	at org.apache.ratis.server.impl.LeaderElection.lambda$submitRequests$1(LeaderElection.java:234)
	at java.util.concurrent.FutureTask.run(FutureTask.java:266)
	at java.util.concurrent.Executors$RunnableAdapter.call(Executors.java:511)
	at java.util.concurrent.FutureTask.run(FutureTask.java:266)
	at java.util.concurrent.ThreadPoolExecutor.runWorker(ThreadPoolExecutor.java:1149)
	at java.util.concurrent.ThreadPoolExecutor$Worker.run(ThreadPoolExecutor.java:624)
	... 1 more
Caused by: org.apache.ratis.thirdparty.io.netty.channel.AbstractChannel$AnnotatedConnectException: Connection refused: /192.168.157.213:36639
	at sun.nio.ch.SocketChannelImpl.checkConnect(Native Method)
	at sun.nio.ch.SocketChannelImpl.finishConnect(SocketChannelImpl.java:717)
	at org.apache.ratis.thirdparty.io.netty.channel.socket.nio.NioSocketChannel.doFinishConnect(NioSocketChannel.java:327)
	at org.apache.ratis.thirdparty.io.netty.channel.nio.AbstractNioChannel$AbstractNioUnsafe.finishConnect(AbstractNioChannel.java:340)
	at org.apache.ratis.thirdparty.io.netty.channel.nio.NioEventLoop.processSelectedKey(NioEventLoop.java:632)
	at org.apache.ratis.thirdparty.io.netty.channel.nio.NioEventLoop.processSelectedKeysOptimized(NioEventLoop.java:579)
	at org.apache.ratis.thirdparty.io.netty.channel.nio.NioEventLoop.processSelectedKeys(NioEventLoop.java:496)
	at org.apache.ratis.thirdparty.io.netty.channel.nio.NioEventLoop.run(NioEventLoop.java:458)
	at org.apache.ratis.thirdparty.io.netty.util.concurrent.SingleThreadEventExecutor$5.run(SingleThreadEventExecutor.java:897)
	at org.apache.ratis.thirdparty.io.netty.util.concurrent.FastThreadLocalRunnable.run(FastThreadLocalRunnable.java:30)
	... 1 more
Caused by: java.net.ConnectException: Connection refused
	... 11 more
2019-10-19 01:04:54,284 [grpc-default-executor-4] INFO  impl.RaftServerImpl (RaftServerImpl.java:setRole(184)) - 64c90977-e867-487c-b50d-c226f2d34a76@group-D48B69A44692: changes role from  FOLLOWER to FOLLOWER at term 218 for recognizeCandidate:a1c78c0e-869c-4f76-b4ce-2034448e0b80
2019-10-19 01:04:54,284 [grpc-default-executor-4] INFO  impl.RoleInfo (RoleInfo.java:shutdownFollowerState(121)) - 64c90977-e867-487c-b50d-c226f2d34a76: shutdown FollowerState
2019-10-19 01:04:54,284 [grpc-default-executor-4] INFO  impl.RoleInfo (RoleInfo.java:updateAndGet(143)) - 64c90977-e867-487c-b50d-c226f2d34a76: start FollowerState
2019-10-19 01:04:54,284 [Thread-2569] INFO  impl.FollowerState (FollowerState.java:run(117)) - 64c90977-e867-487c-b50d-c226f2d34a76@group-D48B69A44692-FollowerState was interrupted: java.lang.InterruptedException: sleep interrupted
2019-10-19 01:04:54,305 [a1c78c0e-869c-4f76-b4ce-2034448e0b80@group-D48B69A44692-LeaderElection323] INFO  impl.LeaderElection (LeaderElection.java:logAndReturn(56)) - a1c78c0e-869c-4f76-b4ce-2034448e0b80@group-D48B69A44692-LeaderElection323: Election REJECTED; received 1 response(s) [a1c78c0e-869c-4f76-b4ce-2034448e0b80<-64c90977-e867-487c-b50d-c226f2d34a76#0:FAIL-t218] and 1 exception(s); a1c78c0e-869c-4f76-b4ce-2034448e0b80@group-D48B69A44692:t218, leader=null, voted=a1c78c0e-869c-4f76-b4ce-2034448e0b80, raftlog=a1c78c0e-869c-4f76-b4ce-2034448e0b80@group-D48B69A44692-SegmentedRaftLog:OPENED:c-1,f-1,i0, conf=-1: [51276c3c-a3b8-4274-b089-592ff4589f41:192.168.157.213:36639, 64c90977-e867-487c-b50d-c226f2d34a76:192.168.157.213:37433, a1c78c0e-869c-4f76-b4ce-2034448e0b80:192.168.157.213:33501], old=null
2019-10-19 01:04:54,305 [a1c78c0e-869c-4f76-b4ce-2034448e0b80@group-D48B69A44692-LeaderElection323] INFO  impl.LeaderElection (LogUtils.java:infoOrTrace(149)) -   Exception 0: {}
java.util.concurrent.ExecutionException: org.apache.ratis.thirdparty.io.grpc.StatusRuntimeException: UNAVAILABLE: io exception
	at java.util.concurrent.FutureTask.report(FutureTask.java:122)
	at java.util.concurrent.FutureTask.get(FutureTask.java:192)
	at org.apache.ratis.server.impl.LeaderElection.waitForResults(LeaderElection.java:259)
	at org.apache.ratis.server.impl.LeaderElection.askForVotes(LeaderElection.java:197)
	at org.apache.ratis.server.impl.LeaderElection.run(LeaderElection.java:133)
	at java.lang.Thread.run(Thread.java:748)
Caused by: org.apache.ratis.thirdparty.io.grpc.StatusRuntimeException: UNAVAILABLE: io exception
	at org.apache.ratis.thirdparty.io.grpc.stub.ClientCalls.toStatusRuntimeException(ClientCalls.java:233)
	at org.apache.ratis.thirdparty.io.grpc.stub.ClientCalls.getUnchecked(ClientCalls.java:214)
	at org.apache.ratis.thirdparty.io.grpc.stub.ClientCalls.blockingUnaryCall(ClientCalls.java:139)
	at org.apache.ratis.proto.grpc.RaftServerProtocolServiceGrpc$RaftServerProtocolServiceBlockingStub.requestVote(RaftServerProtocolServiceGrpc.java:265)
	at org.apache.ratis.grpc.server.GrpcServerProtocolClient.requestVote(GrpcServerProtocolClient.java:99)
	at org.apache.ratis.grpc.server.GrpcService.requestVote(GrpcService.java:204)
	at org.apache.ratis.server.impl.LeaderElection.lambda$submitRequests$1(LeaderElection.java:234)
	at java.util.concurrent.FutureTask.run(FutureTask.java:266)
	at java.util.concurrent.Executors$RunnableAdapter.call(Executors.java:511)
	at java.util.concurrent.FutureTask.run(FutureTask.java:266)
	at java.util.concurrent.ThreadPoolExecutor.runWorker(ThreadPoolExecutor.java:1149)
	at java.util.concurrent.ThreadPoolExecutor$Worker.run(ThreadPoolExecutor.java:624)
	... 1 more
Caused by: org.apache.ratis.thirdparty.io.netty.channel.AbstractChannel$AnnotatedConnectException: Connection refused: /192.168.157.213:36639
	at sun.nio.ch.SocketChannelImpl.checkConnect(Native Method)
	at sun.nio.ch.SocketChannelImpl.finishConnect(SocketChannelImpl.java:717)
	at org.apache.ratis.thirdparty.io.netty.channel.socket.nio.NioSocketChannel.doFinishConnect(NioSocketChannel.java:327)
	at org.apache.ratis.thirdparty.io.netty.channel.nio.AbstractNioChannel$AbstractNioUnsafe.finishConnect(AbstractNioChannel.java:340)
	at org.apache.ratis.thirdparty.io.netty.channel.nio.NioEventLoop.processSelectedKey(NioEventLoop.java:632)
	at org.apache.ratis.thirdparty.io.netty.channel.nio.NioEventLoop.processSelectedKeysOptimized(NioEventLoop.java:579)
	at org.apache.ratis.thirdparty.io.netty.channel.nio.NioEventLoop.processSelectedKeys(NioEventLoop.java:496)
	at org.apache.ratis.thirdparty.io.netty.channel.nio.NioEventLoop.run(NioEventLoop.java:458)
	at org.apache.ratis.thirdparty.io.netty.util.concurrent.SingleThreadEventExecutor$5.run(SingleThreadEventExecutor.java:897)
	at org.apache.ratis.thirdparty.io.netty.util.concurrent.FastThreadLocalRunnable.run(FastThreadLocalRunnable.java:30)
	... 1 more
Caused by: java.net.ConnectException: Connection refused
	... 11 more
2019-10-19 01:04:54,305 [a1c78c0e-869c-4f76-b4ce-2034448e0b80@group-D48B69A44692-LeaderElection323] INFO  impl.RaftServerImpl (RaftServerImpl.java:setRole(184)) - a1c78c0e-869c-4f76-b4ce-2034448e0b80@group-D48B69A44692: changes role from CANDIDATE to FOLLOWER at term 218 for DISCOVERED_A_NEW_TERM
2019-10-19 01:04:54,306 [a1c78c0e-869c-4f76-b4ce-2034448e0b80@group-D48B69A44692-LeaderElection323] INFO  impl.RoleInfo (RoleInfo.java:shutdownLeaderElection(134)) - a1c78c0e-869c-4f76-b4ce-2034448e0b80: shutdown LeaderElection
2019-10-19 01:04:54,306 [a1c78c0e-869c-4f76-b4ce-2034448e0b80@group-D48B69A44692-LeaderElection323] INFO  impl.RoleInfo (RoleInfo.java:updateAndGet(143)) - a1c78c0e-869c-4f76-b4ce-2034448e0b80: start FollowerState
2019-10-19 01:04:54,320 [Thread-2575] INFO  impl.FollowerState (FollowerState.java:run(108)) - a1c78c0e-869c-4f76-b4ce-2034448e0b80@group-D48B69A44692-FollowerState: change to CANDIDATE, lastRpcTime:14ms, electionTimeout:14ms
2019-10-19 01:04:54,320 [ForkJoinPool.commonPool-worker-0] INFO  ozoneimpl.OzoneContainer (OzoneContainer.java:stop(227)) - Attempting to stop container services.
2019-10-19 01:04:54,320 [Thread-2575] INFO  impl.RoleInfo (RoleInfo.java:shutdownFollowerState(121)) - a1c78c0e-869c-4f76-b4ce-2034448e0b80: shutdown FollowerState
2019-10-19 01:04:54,321 [Thread-2575] INFO  impl.RaftServerImpl (RaftServerImpl.java:setRole(184)) - a1c78c0e-869c-4f76-b4ce-2034448e0b80@group-D48B69A44692: changes role from  FOLLOWER to CANDIDATE at term 218 for changeToCandidate
2019-10-19 01:04:54,321 [Thread-2575] INFO  impl.RoleInfo (RoleInfo.java:updateAndGet(143)) - a1c78c0e-869c-4f76-b4ce-2034448e0b80: start LeaderElection
2019-10-19 01:04:54,321 [ForkJoinPool.commonPool-worker-0] INFO  impl.RaftServerProxy (RaftServerProxy.java:lambda$close$4(314)) - bd96e850-7fd3-40f8-8499-55f7f41be4fe: close
2019-10-19 01:04:54,322 [ForkJoinPool.commonPool-worker-0] INFO  impl.RaftServerImpl (RaftServerImpl.java:lambda$shutdown$3(261)) - bd96e850-7fd3-40f8-8499-55f7f41be4fe@group-EFF8D6679E36: shutdown
2019-10-19 01:04:54,322 [ForkJoinPool.commonPool-worker-0] INFO  util.JmxRegister (JmxRegister.java:unregister(73)) - Successfully un-registered JMX Bean with object name Ratis:service=RaftServer,group=group-EFF8D6679E36,id=bd96e850-7fd3-40f8-8499-55f7f41be4fe
2019-10-19 01:04:54,322 [ForkJoinPool.commonPool-worker-0] INFO  impl.RoleInfo (RoleInfo.java:shutdownLeaderState(104)) - bd96e850-7fd3-40f8-8499-55f7f41be4fe: shutdown LeaderState
2019-10-19 01:04:54,326 [org.apache.ratis.server.impl.LogAppender$AppenderDaemon$$Lambda$421/1922320946@41c84bd] WARN  server.GrpcLogAppender (GrpcLogAppender.java:mayWait(149)) - bd96e850-7fd3-40f8-8499-55f7f41be4fe@group-EFF8D6679E36->390d33c4-98c8-495f-9f34-63cdf16532b5-GrpcLogAppender: Wait interrupted by java.lang.InterruptedException
2019-10-19 01:04:54,326 [org.apache.ratis.server.impl.LogAppender$AppenderDaemon$$Lambda$421/1922320946@3563b56c] WARN  server.GrpcLogAppender (GrpcLogAppender.java:mayWait(149)) - bd96e850-7fd3-40f8-8499-55f7f41be4fe@group-EFF8D6679E36->7f3fb33d-9d98-4be4-bfb4-e5618e23eafb-GrpcLogAppender: Wait interrupted by java.lang.InterruptedException
2019-10-19 01:04:54,326 [ForkJoinPool.commonPool-worker-0] INFO  impl.PendingRequests (PendingRequests.java:sendNotLeaderResponses(202)) - bd96e850-7fd3-40f8-8499-55f7f41be4fe@group-EFF8D6679E36-PendingRequests: sendNotLeaderResponses
2019-10-19 01:04:54,327 [grpc-default-executor-7] INFO  server.GrpcServerProtocolService (GrpcServerProtocolService.java:onCompleted(113)) - 7f3fb33d-9d98-4be4-bfb4-e5618e23eafb: Completed APPEND_ENTRIES, lastRequest: bd96e850-7fd3-40f8-8499-55f7f41be4fe->7f3fb33d-9d98-4be4-bfb4-e5618e23eafb#71-t3, previous=(t:3, i:20), leaderCommit=20, initializing? false, entries: <empty>
2019-10-19 01:04:54,327 [grpc-default-executor-4] INFO  server.GrpcServerProtocolService (GrpcServerProtocolService.java:onCompleted(113)) - 390d33c4-98c8-495f-9f34-63cdf16532b5: Completed APPEND_ENTRIES, lastRequest: bd96e850-7fd3-40f8-8499-55f7f41be4fe->390d33c4-98c8-495f-9f34-63cdf16532b5#71-t3, previous=(t:3, i:20), leaderCommit=20, initializing? false, entries: <empty>
2019-10-19 01:04:54,327 [grpc-default-executor-7] INFO  server.GrpcLogAppender (GrpcLogAppender.java:onCompleted(308)) - bd96e850-7fd3-40f8-8499-55f7f41be4fe@group-EFF8D6679E36->7f3fb33d-9d98-4be4-bfb4-e5618e23eafb-AppendLogResponseHandler: follower responses appendEntries COMPLETED
2019-10-19 01:04:54,328 [grpc-default-executor-5] INFO  server.GrpcLogAppender (GrpcLogAppender.java:onCompleted(308)) - bd96e850-7fd3-40f8-8499-55f7f41be4fe@group-EFF8D6679E36->390d33c4-98c8-495f-9f34-63cdf16532b5-AppendLogResponseHandler: follower responses appendEntries COMPLETED
2019-10-19 01:04:54,330 [main] INFO  ozoneimpl.OzoneContainer (OzoneContainer.java:stop(227)) - Attempting to stop container services.
2019-10-19 01:04:54,331 [ForkJoinPool.commonPool-worker-0] INFO  impl.StateMachineUpdater (StateMachineUpdater.java:stopAndJoin(136)) - bd96e850-7fd3-40f8-8499-55f7f41be4fe@group-EFF8D6679E36-StateMachineUpdater: set stopIndex = 20
2019-10-19 01:04:54,331 [bd96e850-7fd3-40f8-8499-55f7f41be4fe@group-EFF8D6679E36-StateMachineUpdater] INFO  ratis.ContainerStateMachine (ContainerStateMachine.java:takeSnapshot(294)) - group-EFF8D6679E36: Taking a snapshot at:(t:3, i:20) file /workdir/hadoop-ozone/integration-test/target/test-dir/MiniOzoneClusterImpl-08d89ad4-f612-48fc-8979-c1cb428f8ac2/datanode-4/data/ratis/0dfdf3c4-3684-4afb-bbd7-eff8d6679e36/sm/snapshot.3_20
2019-10-19 01:04:54,331 [main] INFO  impl.RaftServerProxy (RaftServerProxy.java:lambda$close$4(314)) - 7f3fb33d-9d98-4be4-bfb4-e5618e23eafb: close
2019-10-19 01:04:54,332 [grpc-default-executor-7] INFO  impl.FollowerInfo (FollowerInfo.java:lambda$new$0(51)) - bd96e850-7fd3-40f8-8499-55f7f41be4fe@group-EFF8D6679E36->7f3fb33d-9d98-4be4-bfb4-e5618e23eafb: nextIndex: updateUnconditionally 21 -> 20
2019-10-19 01:04:54,332 [main] INFO  impl.RaftServerImpl (RaftServerImpl.java:lambda$shutdown$3(261)) - 7f3fb33d-9d98-4be4-bfb4-e5618e23eafb@group-5C2AC259D01C: shutdown
2019-10-19 01:04:54,332 [main] INFO  util.JmxRegister (JmxRegister.java:unregister(73)) - Successfully un-registered JMX Bean with object name Ratis:service=RaftServer,group=group-5C2AC259D01C,id=7f3fb33d-9d98-4be4-bfb4-e5618e23eafb
2019-10-19 01:04:54,332 [grpc-default-executor-5] INFO  impl.FollowerInfo (FollowerInfo.java:lambda$new$0(51)) - bd96e850-7fd3-40f8-8499-55f7f41be4fe@group-EFF8D6679E36->390d33c4-98c8-495f-9f34-63cdf16532b5: nextIndex: updateUnconditionally 21 -> 20
2019-10-19 01:04:54,332 [main] INFO  impl.RoleInfo (RoleInfo.java:shutdownLeaderState(104)) - 7f3fb33d-9d98-4be4-bfb4-e5618e23eafb: shutdown LeaderState
2019-10-19 01:04:54,333 [main] INFO  impl.PendingRequests (PendingRequests.java:sendNotLeaderResponses(202)) - 7f3fb33d-9d98-4be4-bfb4-e5618e23eafb@group-5C2AC259D01C-PendingRequests: sendNotLeaderResponses
2019-10-19 01:04:54,334 [main] INFO  impl.StateMachineUpdater (StateMachineUpdater.java:stopAndJoin(136)) - 7f3fb33d-9d98-4be4-bfb4-e5618e23eafb@group-5C2AC259D01C-StateMachineUpdater: set stopIndex = 0
2019-10-19 01:04:54,334 [main] INFO  impl.RaftServerImpl (ServerState.java:close(388)) - 7f3fb33d-9d98-4be4-bfb4-e5618e23eafb@group-5C2AC259D01C: closes. applyIndex: 0
2019-10-19 01:04:54,335 [7f3fb33d-9d98-4be4-bfb4-e5618e23eafb@group-5C2AC259D01C-SegmentedRaftLogWorker] INFO  segmented.SegmentedRaftLogWorker (SegmentedRaftLogWorker.java:run(316)) - 7f3fb33d-9d98-4be4-bfb4-e5618e23eafb@group-5C2AC259D01C-SegmentedRaftLogWorker was interrupted, exiting. There are 0 tasks remaining in the queue.
2019-10-19 01:04:54,335 [a1c78c0e-869c-4f76-b4ce-2034448e0b80@group-D48B69A44692-LeaderElection324] INFO  impl.LeaderElection (LeaderElection.java:askForVotes(178)) - a1c78c0e-869c-4f76-b4ce-2034448e0b80@group-D48B69A44692-LeaderElection324: begin an election at term 219 for -1: [51276c3c-a3b8-4274-b089-592ff4589f41:192.168.157.213:36639, 64c90977-e867-487c-b50d-c226f2d34a76:192.168.157.213:37433, a1c78c0e-869c-4f76-b4ce-2034448e0b80:192.168.157.213:33501], old=null
2019-10-19 01:04:54,335 [java.util.concurrent.ThreadPoolExecutor$Worker@6bcea71[State = -1, empty queue]] WARN  server.GrpcLogAppender (GrpcLogAppender.java:timeoutAppendRequest(209)) - b26a8d60-58dc-431d-8168-f89a9ab35f3a@group-FB3B7D7D89E3->a54795b0-6c9c-4137-a866-f82f653c9bf9-GrpcLogAppender: appendEntries Timeout, request=b26a8d60-58dc-431d-8168-f89a9ab35f3a->a54795b0-6c9c-4137-a866-f82f653c9bf9#2-t129, previous=(t:3, i:0), leaderCommit=2, initializing? false, entries: <empty>
2019-10-19 01:04:54,337 [main] INFO  segmented.SegmentedRaftLogWorker (SegmentedRaftLogWorker.java:close(224)) - 7f3fb33d-9d98-4be4-bfb4-e5618e23eafb@group-5C2AC259D01C-SegmentedRaftLogWorker close()
2019-10-19 01:04:54,339 [a1c78c0e-869c-4f76-b4ce-2034448e0b80@group-D48B69A44692-LeaderElection324] INFO  impl.LeaderElection (LogUtils.java:infoOrTrace(149)) - a1c78c0e-869c-4f76-b4ce-2034448e0b80@group-D48B69A44692-LeaderElection324 got exception when requesting votes: {}
java.util.concurrent.ExecutionException: org.apache.ratis.thirdparty.io.grpc.StatusRuntimeException: UNAVAILABLE: io exception
	at java.util.concurrent.FutureTask.report(FutureTask.java:122)
	at java.util.concurrent.FutureTask.get(FutureTask.java:192)
	at org.apache.ratis.server.impl.LeaderElection.waitForResults(LeaderElection.java:259)
	at org.apache.ratis.server.impl.LeaderElection.askForVotes(LeaderElection.java:197)
	at org.apache.ratis.server.impl.LeaderElection.run(LeaderElection.java:133)
	at java.lang.Thread.run(Thread.java:748)
Caused by: org.apache.ratis.thirdparty.io.grpc.StatusRuntimeException: UNAVAILABLE: io exception
	at org.apache.ratis.thirdparty.io.grpc.stub.ClientCalls.toStatusRuntimeException(ClientCalls.java:233)
	at org.apache.ratis.thirdparty.io.grpc.stub.ClientCalls.getUnchecked(ClientCalls.java:214)
	at org.apache.ratis.thirdparty.io.grpc.stub.ClientCalls.blockingUnaryCall(ClientCalls.java:139)
	at org.apache.ratis.proto.grpc.RaftServerProtocolServiceGrpc$RaftServerProtocolServiceBlockingStub.requestVote(RaftServerProtocolServiceGrpc.java:265)
	at org.apache.ratis.grpc.server.GrpcServerProtocolClient.requestVote(GrpcServerProtocolClient.java:99)
	at org.apache.ratis.grpc.server.GrpcService.requestVote(GrpcService.java:204)
	at org.apache.ratis.server.impl.LeaderElection.lambda$submitRequests$1(LeaderElection.java:234)
	at java.util.concurrent.FutureTask.run(FutureTask.java:266)
	at java.util.concurrent.Executors$RunnableAdapter.call(Executors.java:511)
	at java.util.concurrent.FutureTask.run(FutureTask.java:266)
	at java.util.concurrent.ThreadPoolExecutor.runWorker(ThreadPoolExecutor.java:1149)
	at java.util.concurrent.ThreadPoolExecutor$Worker.run(ThreadPoolExecutor.java:624)
	... 1 more
Caused by: org.apache.ratis.thirdparty.io.netty.channel.AbstractChannel$AnnotatedConnectException: Connection refused: /192.168.157.213:36639
	at sun.nio.ch.SocketChannelImpl.checkConnect(Native Method)
	at sun.nio.ch.SocketChannelImpl.finishConnect(SocketChannelImpl.java:717)
	at org.apache.ratis.thirdparty.io.netty.channel.socket.nio.NioSocketChannel.doFinishConnect(NioSocketChannel.java:327)
	at org.apache.ratis.thirdparty.io.netty.channel.nio.AbstractNioChannel$AbstractNioUnsafe.finishConnect(AbstractNioChannel.java:340)
	at org.apache.ratis.thirdparty.io.netty.channel.nio.NioEventLoop.processSelectedKey(NioEventLoop.java:632)
	at org.apache.ratis.thirdparty.io.netty.channel.nio.NioEventLoop.processSelectedKeysOptimized(NioEventLoop.java:579)
	at org.apache.ratis.thirdparty.io.netty.channel.nio.NioEventLoop.processSelectedKeys(NioEventLoop.java:496)
	at org.apache.ratis.thirdparty.io.netty.channel.nio.NioEventLoop.run(NioEventLoop.java:458)
	at org.apache.ratis.thirdparty.io.netty.util.concurrent.SingleThreadEventExecutor$5.run(SingleThreadEventExecutor.java:897)
	at org.apache.ratis.thirdparty.io.netty.util.concurrent.FastThreadLocalRunnable.run(FastThreadLocalRunnable.java:30)
	... 1 more
Caused by: java.net.ConnectException: Connection refused
	... 11 more
2019-10-19 01:04:54,340 [main] INFO  impl.RaftServerImpl (RaftServerImpl.java:lambda$shutdown$3(261)) - 7f3fb33d-9d98-4be4-bfb4-e5618e23eafb@group-EFF8D6679E36: shutdown
2019-10-19 01:04:54,345 [grpc-default-executor-5] INFO  impl.RaftServerImpl (RaftServerImpl.java:setRole(184)) - 64c90977-e867-487c-b50d-c226f2d34a76@group-D48B69A44692: changes role from  FOLLOWER to FOLLOWER at term 219 for recognizeCandidate:a1c78c0e-869c-4f76-b4ce-2034448e0b80
2019-10-19 01:04:54,345 [main] INFO  util.JmxRegister (JmxRegister.java:unregister(73)) - Successfully un-registered JMX Bean with object name Ratis:service=RaftServer,group=group-EFF8D6679E36,id=7f3fb33d-9d98-4be4-bfb4-e5618e23eafb
2019-10-19 01:04:54,346 [grpc-default-executor-5] INFO  impl.RoleInfo (RoleInfo.java:shutdownFollowerState(121)) - 64c90977-e867-487c-b50d-c226f2d34a76: shutdown FollowerState
2019-10-19 01:04:54,346 [main] INFO  impl.RoleInfo (RoleInfo.java:shutdownFollowerState(121)) - 7f3fb33d-9d98-4be4-bfb4-e5618e23eafb: shutdown FollowerState
2019-10-19 01:04:54,346 [Thread-2574] INFO  impl.FollowerState (FollowerState.java:run(117)) - 64c90977-e867-487c-b50d-c226f2d34a76@group-D48B69A44692-FollowerState was interrupted: java.lang.InterruptedException: sleep interrupted
2019-10-19 01:04:54,346 [grpc-default-executor-5] INFO  impl.RoleInfo (RoleInfo.java:updateAndGet(143)) - 64c90977-e867-487c-b50d-c226f2d34a76: start FollowerState
2019-10-19 01:04:54,346 [Thread-395] INFO  impl.FollowerState (FollowerState.java:run(117)) - 7f3fb33d-9d98-4be4-bfb4-e5618e23eafb@group-EFF8D6679E36-FollowerState was interrupted: java.lang.InterruptedException: sleep interrupted
2019-10-19 01:04:54,346 [main] INFO  impl.StateMachineUpdater (StateMachineUpdater.java:stopAndJoin(136)) - 7f3fb33d-9d98-4be4-bfb4-e5618e23eafb@group-EFF8D6679E36-StateMachineUpdater: set stopIndex = 20
2019-10-19 01:04:54,347 [7f3fb33d-9d98-4be4-bfb4-e5618e23eafb@group-EFF8D6679E36-StateMachineUpdater] INFO  ratis.ContainerStateMachine (ContainerStateMachine.java:takeSnapshot(294)) - group-EFF8D6679E36: Taking a snapshot at:(t:3, i:18) file /workdir/hadoop-ozone/integration-test/target/test-dir/MiniOzoneClusterImpl-08d89ad4-f612-48fc-8979-c1cb428f8ac2/datanode-8/data/ratis/0dfdf3c4-3684-4afb-bbd7-eff8d6679e36/sm/snapshot.3_18
2019-10-19 01:04:54,351 [java.util.concurrent.ThreadPoolExecutor$Worker@3d9b74b8[State = -1, empty queue]] WARN  server.GrpcLogAppender (GrpcLogAppender.java:timeoutAppendRequest(209)) - b26a8d60-58dc-431d-8168-f89a9ab35f3a@group-FB3B7D7D89E3->16805c57-9f45-4377-8998-764a8f26e152-GrpcLogAppender: appendEntries Timeout, request=b26a8d60-58dc-431d-8168-f89a9ab35f3a->16805c57-9f45-4377-8998-764a8f26e152#15-t129, previous=(t:129, i:2), leaderCommit=2, initializing? false, entries: <empty>
2019-10-19 01:04:54,362 [a1c78c0e-869c-4f76-b4ce-2034448e0b80@group-D48B69A44692-LeaderElection324] INFO  impl.LeaderElection (LeaderElection.java:logAndReturn(56)) - a1c78c0e-869c-4f76-b4ce-2034448e0b80@group-D48B69A44692-LeaderElection324: Election REJECTED; received 1 response(s) [a1c78c0e-869c-4f76-b4ce-2034448e0b80<-64c90977-e867-487c-b50d-c226f2d34a76#0:FAIL-t219] and 1 exception(s); a1c78c0e-869c-4f76-b4ce-2034448e0b80@group-D48B69A44692:t219, leader=null, voted=a1c78c0e-869c-4f76-b4ce-2034448e0b80, raftlog=a1c78c0e-869c-4f76-b4ce-2034448e0b80@group-D48B69A44692-SegmentedRaftLog:OPENED:c-1,f-1,i0, conf=-1: [51276c3c-a3b8-4274-b089-592ff4589f41:192.168.157.213:36639, 64c90977-e867-487c-b50d-c226f2d34a76:192.168.157.213:37433, a1c78c0e-869c-4f76-b4ce-2034448e0b80:192.168.157.213:33501], old=null
2019-10-19 01:04:54,362 [a1c78c0e-869c-4f76-b4ce-2034448e0b80@group-D48B69A44692-LeaderElection324] INFO  impl.LeaderElection (LogUtils.java:infoOrTrace(149)) -   Exception 0: {}
java.util.concurrent.ExecutionException: org.apache.ratis.thirdparty.io.grpc.StatusRuntimeException: UNAVAILABLE: io exception
	at java.util.concurrent.FutureTask.report(FutureTask.java:122)
	at java.util.concurrent.FutureTask.get(FutureTask.java:192)
	at org.apache.ratis.server.impl.LeaderElection.waitForResults(LeaderElection.java:259)
	at org.apache.ratis.server.impl.LeaderElection.askForVotes(LeaderElection.java:197)
	at org.apache.ratis.server.impl.LeaderElection.run(LeaderElection.java:133)
	at java.lang.Thread.run(Thread.java:748)
Caused by: org.apache.ratis.thirdparty.io.grpc.StatusRuntimeException: UNAVAILABLE: io exception
	at org.apache.ratis.thirdparty.io.grpc.stub.ClientCalls.toStatusRuntimeException(ClientCalls.java:233)
	at org.apache.ratis.thirdparty.io.grpc.stub.ClientCalls.getUnchecked(ClientCalls.java:214)
	at org.apache.ratis.thirdparty.io.grpc.stub.ClientCalls.blockingUnaryCall(ClientCalls.java:139)
	at org.apache.ratis.proto.grpc.RaftServerProtocolServiceGrpc$RaftServerProtocolServiceBlockingStub.requestVote(RaftServerProtocolServiceGrpc.java:265)
	at org.apache.ratis.grpc.server.GrpcServerProtocolClient.requestVote(GrpcServerProtocolClient.java:99)
	at org.apache.ratis.grpc.server.GrpcService.requestVote(GrpcService.java:204)
	at org.apache.ratis.server.impl.LeaderElection.lambda$submitRequests$1(LeaderElection.java:234)
	at java.util.concurrent.FutureTask.run(FutureTask.java:266)
	at java.util.concurrent.Executors$RunnableAdapter.call(Executors.java:511)
	at java.util.concurrent.FutureTask.run(FutureTask.java:266)
	at java.util.concurrent.ThreadPoolExecutor.runWorker(ThreadPoolExecutor.java:1149)
	at java.util.concurrent.ThreadPoolExecutor$Worker.run(ThreadPoolExecutor.java:624)
	... 1 more
Caused by: org.apache.ratis.thirdparty.io.netty.channel.AbstractChannel$AnnotatedConnectException: Connection refused: /192.168.157.213:36639
	at sun.nio.ch.SocketChannelImpl.checkConnect(Native Method)
	at sun.nio.ch.SocketChannelImpl.finishConnect(SocketChannelImpl.java:717)
	at org.apache.ratis.thirdparty.io.netty.channel.socket.nio.NioSocketChannel.doFinishConnect(NioSocketChannel.java:327)
	at org.apache.ratis.thirdparty.io.netty.channel.nio.AbstractNioChannel$AbstractNioUnsafe.finishConnect(AbstractNioChannel.java:340)
	at org.apache.ratis.thirdparty.io.netty.channel.nio.NioEventLoop.processSelectedKey(NioEventLoop.java:632)
	at org.apache.ratis.thirdparty.io.netty.channel.nio.NioEventLoop.processSelectedKeysOptimized(NioEventLoop.java:579)
	at org.apache.ratis.thirdparty.io.netty.channel.nio.NioEventLoop.processSelectedKeys(NioEventLoop.java:496)
	at org.apache.ratis.thirdparty.io.netty.channel.nio.NioEventLoop.run(NioEventLoop.java:458)
	at org.apache.ratis.thirdparty.io.netty.util.concurrent.SingleThreadEventExecutor$5.run(SingleThreadEventExecutor.java:897)
	at org.apache.ratis.thirdparty.io.netty.util.concurrent.FastThreadLocalRunnable.run(FastThreadLocalRunnable.java:30)
	... 1 more
Caused by: java.net.ConnectException: Connection refused
	... 11 more
2019-10-19 01:04:54,362 [a1c78c0e-869c-4f76-b4ce-2034448e0b80@group-D48B69A44692-LeaderElection324] INFO  impl.RaftServerImpl (RaftServerImpl.java:setRole(184)) - a1c78c0e-869c-4f76-b4ce-2034448e0b80@group-D48B69A44692: changes role from CANDIDATE to FOLLOWER at term 219 for DISCOVERED_A_NEW_TERM
2019-10-19 01:04:54,362 [a1c78c0e-869c-4f76-b4ce-2034448e0b80@group-D48B69A44692-LeaderElection324] INFO  impl.RoleInfo (RoleInfo.java:shutdownLeaderElection(134)) - a1c78c0e-869c-4f76-b4ce-2034448e0b80: shutdown LeaderElection
2019-10-19 01:04:54,362 [a1c78c0e-869c-4f76-b4ce-2034448e0b80@group-D48B69A44692-LeaderElection324] INFO  impl.RoleInfo (RoleInfo.java:updateAndGet(143)) - a1c78c0e-869c-4f76-b4ce-2034448e0b80: start FollowerState
2019-10-19 01:04:54,379 [7f3fb33d-9d98-4be4-bfb4-e5618e23eafb@group-EFF8D6679E36-StateMachineUpdater] INFO  ratis.ContainerStateMachine (ContainerStateMachine.java:takeSnapshot(305)) - group-EFF8D6679E36: Finished taking a snapshot at:(t:3, i:18) file:/workdir/hadoop-ozone/integration-test/target/test-dir/MiniOzoneClusterImpl-08d89ad4-f612-48fc-8979-c1cb428f8ac2/datanode-8/data/ratis/0dfdf3c4-3684-4afb-bbd7-eff8d6679e36/sm/snapshot.3_18 time:33
2019-10-19 01:04:54,379 [bd96e850-7fd3-40f8-8499-55f7f41be4fe@group-EFF8D6679E36-StateMachineUpdater] INFO  ratis.ContainerStateMachine (ContainerStateMachine.java:takeSnapshot(305)) - group-EFF8D6679E36: Finished taking a snapshot at:(t:3, i:20) file:/workdir/hadoop-ozone/integration-test/target/test-dir/MiniOzoneClusterImpl-08d89ad4-f612-48fc-8979-c1cb428f8ac2/datanode-4/data/ratis/0dfdf3c4-3684-4afb-bbd7-eff8d6679e36/sm/snapshot.3_20 time:49
2019-10-19 01:04:54,384 [bd96e850-7fd3-40f8-8499-55f7f41be4fe@group-EFF8D6679E36-StateMachineUpdater] INFO  impl.StateMachineUpdater (StateMachineUpdater.java:takeSnapshot(269)) - bd96e850-7fd3-40f8-8499-55f7f41be4fe@group-EFF8D6679E36-StateMachineUpdater: Took a snapshot at index 20
2019-10-19 01:04:54,384 [7f3fb33d-9d98-4be4-bfb4-e5618e23eafb@group-EFF8D6679E36-StateMachineUpdater] INFO  impl.StateMachineUpdater (StateMachineUpdater.java:takeSnapshot(269)) - 7f3fb33d-9d98-4be4-bfb4-e5618e23eafb@group-EFF8D6679E36-StateMachineUpdater: Took a snapshot at index 18
2019-10-19 01:04:54,384 [bd96e850-7fd3-40f8-8499-55f7f41be4fe@group-EFF8D6679E36-StateMachineUpdater] INFO  impl.StateMachineUpdater (StateMachineUpdater.java:lambda$new$0(84)) - bd96e850-7fd3-40f8-8499-55f7f41be4fe@group-EFF8D6679E36-StateMachineUpdater: snapshotIndex: updateIncreasingly -1 -> 20
2019-10-19 01:04:54,384 [7f3fb33d-9d98-4be4-bfb4-e5618e23eafb@group-EFF8D6679E36-StateMachineUpdater] INFO  impl.StateMachineUpdater (StateMachineUpdater.java:lambda$new$0(84)) - 7f3fb33d-9d98-4be4-bfb4-e5618e23eafb@group-EFF8D6679E36-StateMachineUpdater: snapshotIndex: updateIncreasingly -1 -> 18
2019-10-19 01:04:54,389 [7f3fb33d-9d98-4be4-bfb4-e5618e23eafb@group-EFF8D6679E36-StateMachineUpdater] INFO  ratis.ContainerStateMachine (ContainerStateMachine.java:takeSnapshot(294)) - group-EFF8D6679E36: Taking a snapshot at:(t:3, i:18) file /workdir/hadoop-ozone/integration-test/target/test-dir/MiniOzoneClusterImpl-08d89ad4-f612-48fc-8979-c1cb428f8ac2/datanode-8/data/ratis/0dfdf3c4-3684-4afb-bbd7-eff8d6679e36/sm/snapshot.3_18
2019-10-19 01:04:54,389 [ForkJoinPool.commonPool-worker-0] INFO  impl.RaftServerImpl (ServerState.java:close(388)) - bd96e850-7fd3-40f8-8499-55f7f41be4fe@group-EFF8D6679E36: closes. applyIndex: 20
2019-10-19 01:04:54,390 [bd96e850-7fd3-40f8-8499-55f7f41be4fe@group-EFF8D6679E36-SegmentedRaftLogWorker] INFO  segmented.SegmentedRaftLogWorker (SegmentedRaftLogWorker.java:run(316)) - bd96e850-7fd3-40f8-8499-55f7f41be4fe@group-EFF8D6679E36-SegmentedRaftLogWorker was interrupted, exiting. There are 0 tasks remaining in the queue.
2019-10-19 01:04:54,391 [ForkJoinPool.commonPool-worker-0] INFO  segmented.SegmentedRaftLogWorker (SegmentedRaftLogWorker.java:close(224)) - bd96e850-7fd3-40f8-8499-55f7f41be4fe@group-EFF8D6679E36-SegmentedRaftLogWorker close()
2019-10-19 01:04:54,393 [ForkJoinPool.commonPool-worker-0] INFO  impl.RaftServerImpl (RaftServerImpl.java:lambda$shutdown$3(261)) - bd96e850-7fd3-40f8-8499-55f7f41be4fe@group-E875C27AF545: shutdown
2019-10-19 01:04:54,393 [ForkJoinPool.commonPool-worker-0] INFO  util.JmxRegister (JmxRegister.java:unregister(73)) - Successfully un-registered JMX Bean with object name Ratis:service=RaftServer,group=group-E875C27AF545,id=bd96e850-7fd3-40f8-8499-55f7f41be4fe
2019-10-19 01:04:54,393 [ForkJoinPool.commonPool-worker-0] INFO  impl.RoleInfo (RoleInfo.java:shutdownLeaderState(104)) - bd96e850-7fd3-40f8-8499-55f7f41be4fe: shutdown LeaderState
2019-10-19 01:04:54,394 [ForkJoinPool.commonPool-worker-0] INFO  impl.PendingRequests (PendingRequests.java:sendNotLeaderResponses(202)) - bd96e850-7fd3-40f8-8499-55f7f41be4fe@group-E875C27AF545-PendingRequests: sendNotLeaderResponses
2019-10-19 01:04:54,394 [ForkJoinPool.commonPool-worker-0] INFO  impl.StateMachineUpdater (StateMachineUpdater.java:stopAndJoin(136)) - bd96e850-7fd3-40f8-8499-55f7f41be4fe@group-E875C27AF545-StateMachineUpdater: set stopIndex = 0
2019-10-19 01:04:54,394 [ForkJoinPool.commonPool-worker-0] INFO  impl.RaftServerImpl (ServerState.java:close(388)) - bd96e850-7fd3-40f8-8499-55f7f41be4fe@group-E875C27AF545: closes. applyIndex: 0
2019-10-19 01:04:54,395 [bd96e850-7fd3-40f8-8499-55f7f41be4fe@group-E875C27AF545-SegmentedRaftLogWorker] INFO  segmented.SegmentedRaftLogWorker (SegmentedRaftLogWorker.java:run(316)) - bd96e850-7fd3-40f8-8499-55f7f41be4fe@group-E875C27AF545-SegmentedRaftLogWorker was interrupted, exiting. There are 0 tasks remaining in the queue.
2019-10-19 01:04:54,396 [ForkJoinPool.commonPool-worker-0] INFO  segmented.SegmentedRaftLogWorker (SegmentedRaftLogWorker.java:close(224)) - bd96e850-7fd3-40f8-8499-55f7f41be4fe@group-E875C27AF545-SegmentedRaftLogWorker close()
2019-10-19 01:04:54,398 [ForkJoinPool.commonPool-worker-0] INFO  server.GrpcService (GrpcService.java:closeImpl(164)) - bd96e850-7fd3-40f8-8499-55f7f41be4fe: shutdown server with port 46800 now
2019-10-19 01:04:54,399 [ForkJoinPool.commonPool-worker-0] INFO  server.GrpcService (GrpcService.java:closeImpl(172)) - bd96e850-7fd3-40f8-8499-55f7f41be4fe: shutdown server with port 46800 successfully
2019-10-19 01:04:54,399 [grpc-default-executor-7] WARN  client.GrpcClientProtocolService (LogUtils.java:warn(134)) - 1-UnorderedRequestStreamObserver1: onError: org.apache.ratis.thirdparty.io.grpc.StatusRuntimeException: CANCELLED: cancelled before receiving half close
2019-10-19 01:04:54,402 [7f3fb33d-9d98-4be4-bfb4-e5618e23eafb@group-EFF8D6679E36-StateMachineUpdater] INFO  ratis.ContainerStateMachine (ContainerStateMachine.java:takeSnapshot(305)) - group-EFF8D6679E36: Finished taking a snapshot at:(t:3, i:18) file:/workdir/hadoop-ozone/integration-test/target/test-dir/MiniOzoneClusterImpl-08d89ad4-f612-48fc-8979-c1cb428f8ac2/datanode-8/data/ratis/0dfdf3c4-3684-4afb-bbd7-eff8d6679e36/sm/snapshot.3_18 time:12
2019-10-19 01:04:54,402 [7f3fb33d-9d98-4be4-bfb4-e5618e23eafb@group-EFF8D6679E36-StateMachineUpdater] INFO  impl.StateMachineUpdater (StateMachineUpdater.java:takeSnapshot(269)) - 7f3fb33d-9d98-4be4-bfb4-e5618e23eafb@group-EFF8D6679E36-StateMachineUpdater: Took a snapshot at index 18
2019-10-19 01:04:54,402 [7f3fb33d-9d98-4be4-bfb4-e5618e23eafb@group-EFF8D6679E36-StateMachineUpdater] INFO  impl.StateMachineUpdater (StateMachineUpdater.java:lambda$new$0(84)) - 7f3fb33d-9d98-4be4-bfb4-e5618e23eafb@group-EFF8D6679E36-StateMachineUpdater: snapshotIndex: updateIncreasingly 18 -> 18
2019-10-19 01:04:54,402 [refreshUsed-/workdir/hadoop-ozone/integration-test/target/test-dir/MiniOzoneClusterImpl-08d89ad4-f612-48fc-8979-c1cb428f8ac2/datanode-4/data/containers] WARN  fs.CachingGetSpaceUsed (CachingGetSpaceUsed.java:run(183)) - Thread Interrupted waiting to refresh disk information: sleep interrupted
2019-10-19 01:04:54,403 [main] INFO  impl.RaftServerImpl (ServerState.java:close(388)) - 7f3fb33d-9d98-4be4-bfb4-e5618e23eafb@group-EFF8D6679E36: closes. applyIndex: 20
2019-10-19 01:04:54,404 [7f3fb33d-9d98-4be4-bfb4-e5618e23eafb@group-EFF8D6679E36-SegmentedRaftLogWorker] INFO  segmented.SegmentedRaftLogWorker (SegmentedRaftLogWorker.java:run(316)) - 7f3fb33d-9d98-4be4-bfb4-e5618e23eafb@group-EFF8D6679E36-SegmentedRaftLogWorker was interrupted, exiting. There are 0 tasks remaining in the queue.
2019-10-19 01:04:54,409 [main] INFO  segmented.SegmentedRaftLogWorker (SegmentedRaftLogWorker.java:close(224)) - 7f3fb33d-9d98-4be4-bfb4-e5618e23eafb@group-EFF8D6679E36-SegmentedRaftLogWorker close()
2019-10-19 01:04:54,411 [main] INFO  server.GrpcService (GrpcService.java:closeImpl(164)) - 7f3fb33d-9d98-4be4-bfb4-e5618e23eafb: shutdown server with port 46612 now
2019-10-19 01:04:54,411 [main] INFO  server.GrpcService (GrpcService.java:closeImpl(172)) - 7f3fb33d-9d98-4be4-bfb4-e5618e23eafb: shutdown server with port 46612 successfully
2019-10-19 01:04:54,415 [refreshUsed-/workdir/hadoop-ozone/integration-test/target/test-dir/MiniOzoneClusterImpl-08d89ad4-f612-48fc-8979-c1cb428f8ac2/datanode-8/data/containers] WARN  fs.CachingGetSpaceUsed (CachingGetSpaceUsed.java:run(183)) - Thread Interrupted waiting to refresh disk information: sleep interrupted
2019-10-19 01:04:54,428 [ForkJoinPool.commonPool-worker-0] INFO  utils.BackgroundService (BackgroundService.java:shutdown(151)) - Shutting down service BlockDeletingService
2019-10-19 01:04:54,432 [ForkJoinPool.commonPool-worker-0] INFO  statemachine.DatanodeStateMachine (DatanodeStateMachine.java:stopDaemon(395)) - Ozone container server stopped.
2019-10-19 01:04:54,436 [ForkJoinPool.commonPool-worker-0] INFO  handler.ContextHandler (ContextHandler.java:doStop(910)) - Stopped o.e.j.w.WebAppContext@5a6fa56e{/,null,UNAVAILABLE}{/hddsDatanode}
2019-10-19 01:04:54,437 [ForkJoinPool.commonPool-worker-0] INFO  server.AbstractConnector (AbstractConnector.java:doStop(318)) - Stopped ServerConnector@1981d861{HTTP/1.1,[http/1.1]}{0.0.0.0:0}
2019-10-19 01:04:54,437 [main] INFO  utils.BackgroundService (BackgroundService.java:shutdown(151)) - Shutting down service BlockDeletingService
2019-10-19 01:04:54,438 [ForkJoinPool.commonPool-worker-0] INFO  handler.ContextHandler (ContextHandler.java:doStop(910)) - Stopped o.e.j.s.ServletContextHandler@15639440{/static,jar:file:/home/user/.m2/repository/org/apache/hadoop/hadoop-hdds-container-service/0.5.0-SNAPSHOT/hadoop-hdds-container-service-0.5.0-SNAPSHOT.jar!/webapps/static,UNAVAILABLE}
2019-10-19 01:04:54,439 [ForkJoinPool.commonPool-worker-0] INFO  handler.ContextHandler (ContextHandler.java:doStop(910)) - Stopped o.e.j.s.ServletContextHandler@712cfb63{/logs,file:///workdir/hadoop-ozone/integration-test/target/log,UNAVAILABLE}
2019-10-19 01:04:54,442 [main] INFO  statemachine.DatanodeStateMachine (DatanodeStateMachine.java:stopDaemon(395)) - Ozone container server stopped.
2019-10-19 01:04:54,443 [main] INFO  handler.ContextHandler (ContextHandler.java:doStop(910)) - Stopped o.e.j.w.WebAppContext@59696551{/,null,UNAVAILABLE}{/hddsDatanode}
2019-10-19 01:04:54,444 [main] INFO  server.AbstractConnector (AbstractConnector.java:doStop(318)) - Stopped ServerConnector@648d0e6d{HTTP/1.1,[http/1.1]}{0.0.0.0:0}
2019-10-19 01:04:54,444 [main] INFO  handler.ContextHandler (ContextHandler.java:doStop(910)) - Stopped o.e.j.s.ServletContextHandler@53311681{/static,jar:file:/home/user/.m2/repository/org/apache/hadoop/hadoop-hdds-container-service/0.5.0-SNAPSHOT/hadoop-hdds-container-service-0.5.0-SNAPSHOT.jar!/webapps/static,UNAVAILABLE}
2019-10-19 01:04:54,444 [main] INFO  handler.ContextHandler (ContextHandler.java:doStop(910)) - Stopped o.e.j.s.ServletContextHandler@79a04e5f{/logs,file:///workdir/hadoop-ozone/integration-test/target/log,UNAVAILABLE}
2019-10-19 01:04:54,557 [Thread-2582] INFO  impl.FollowerState (FollowerState.java:run(108)) - a1c78c0e-869c-4f76-b4ce-2034448e0b80@group-D48B69A44692-FollowerState: change to CANDIDATE, lastRpcTime:194ms, electionTimeout:194ms
2019-10-19 01:04:54,557 [Thread-2582] INFO  impl.RoleInfo (RoleInfo.java:shutdownFollowerState(121)) - a1c78c0e-869c-4f76-b4ce-2034448e0b80: shutdown FollowerState
2019-10-19 01:04:54,557 [Thread-2582] INFO  impl.RaftServerImpl (RaftServerImpl.java:setRole(184)) - a1c78c0e-869c-4f76-b4ce-2034448e0b80@group-D48B69A44692: changes role from  FOLLOWER to CANDIDATE at term 219 for changeToCandidate
2019-10-19 01:04:54,557 [Thread-2582] INFO  impl.RoleInfo (RoleInfo.java:updateAndGet(143)) - a1c78c0e-869c-4f76-b4ce-2034448e0b80: start LeaderElection
2019-10-19 01:04:54,572 [a1c78c0e-869c-4f76-b4ce-2034448e0b80@group-D48B69A44692-LeaderElection325] INFO  impl.LeaderElection (LeaderElection.java:askForVotes(178)) - a1c78c0e-869c-4f76-b4ce-2034448e0b80@group-D48B69A44692-LeaderElection325: begin an election at term 220 for -1: [51276c3c-a3b8-4274-b089-592ff4589f41:192.168.157.213:36639, 64c90977-e867-487c-b50d-c226f2d34a76:192.168.157.213:37433, a1c78c0e-869c-4f76-b4ce-2034448e0b80:192.168.157.213:33501], old=null
2019-10-19 01:04:54,573 [a1c78c0e-869c-4f76-b4ce-2034448e0b80@group-D48B69A44692-LeaderElection325] INFO  impl.LeaderElection (LogUtils.java:infoOrTrace(149)) - a1c78c0e-869c-4f76-b4ce-2034448e0b80@group-D48B69A44692-LeaderElection325 got exception when requesting votes: {}
java.util.concurrent.ExecutionException: org.apache.ratis.thirdparty.io.grpc.StatusRuntimeException: UNAVAILABLE: io exception
	at java.util.concurrent.FutureTask.report(FutureTask.java:122)
	at java.util.concurrent.FutureTask.get(FutureTask.java:192)
	at org.apache.ratis.server.impl.LeaderElection.waitForResults(LeaderElection.java:259)
	at org.apache.ratis.server.impl.LeaderElection.askForVotes(LeaderElection.java:197)
	at org.apache.ratis.server.impl.LeaderElection.run(LeaderElection.java:133)
	at java.lang.Thread.run(Thread.java:748)
Caused by: org.apache.ratis.thirdparty.io.grpc.StatusRuntimeException: UNAVAILABLE: io exception
	at org.apache.ratis.thirdparty.io.grpc.stub.ClientCalls.toStatusRuntimeException(ClientCalls.java:233)
	at org.apache.ratis.thirdparty.io.grpc.stub.ClientCalls.getUnchecked(ClientCalls.java:214)
	at org.apache.ratis.thirdparty.io.grpc.stub.ClientCalls.blockingUnaryCall(ClientCalls.java:139)
	at org.apache.ratis.proto.grpc.RaftServerProtocolServiceGrpc$RaftServerProtocolServiceBlockingStub.requestVote(RaftServerProtocolServiceGrpc.java:265)
	at org.apache.ratis.grpc.server.GrpcServerProtocolClient.requestVote(GrpcServerProtocolClient.java:99)
	at org.apache.ratis.grpc.server.GrpcService.requestVote(GrpcService.java:204)
	at org.apache.ratis.server.impl.LeaderElection.lambda$submitRequests$1(LeaderElection.java:234)
	at java.util.concurrent.FutureTask.run(FutureTask.java:266)
	at java.util.concurrent.Executors$RunnableAdapter.call(Executors.java:511)
	at java.util.concurrent.FutureTask.run(FutureTask.java:266)
	at java.util.concurrent.ThreadPoolExecutor.runWorker(ThreadPoolExecutor.java:1149)
	at java.util.concurrent.ThreadPoolExecutor$Worker.run(ThreadPoolExecutor.java:624)
	... 1 more
Caused by: org.apache.ratis.thirdparty.io.netty.channel.AbstractChannel$AnnotatedConnectException: Connection refused: /192.168.157.213:36639
	at sun.nio.ch.SocketChannelImpl.checkConnect(Native Method)
	at sun.nio.ch.SocketChannelImpl.finishConnect(SocketChannelImpl.java:717)
	at org.apache.ratis.thirdparty.io.netty.channel.socket.nio.NioSocketChannel.doFinishConnect(NioSocketChannel.java:327)
	at org.apache.ratis.thirdparty.io.netty.channel.nio.AbstractNioChannel$AbstractNioUnsafe.finishConnect(AbstractNioChannel.java:340)
	at org.apache.ratis.thirdparty.io.netty.channel.nio.NioEventLoop.processSelectedKey(NioEventLoop.java:632)
	at org.apache.ratis.thirdparty.io.netty.channel.nio.NioEventLoop.processSelectedKeysOptimized(NioEventLoop.java:579)
	at org.apache.ratis.thirdparty.io.netty.channel.nio.NioEventLoop.processSelectedKeys(NioEventLoop.java:496)
	at org.apache.ratis.thirdparty.io.netty.channel.nio.NioEventLoop.run(NioEventLoop.java:458)
	at org.apache.ratis.thirdparty.io.netty.util.concurrent.SingleThreadEventExecutor$5.run(SingleThreadEventExecutor.java:897)
	at org.apache.ratis.thirdparty.io.netty.util.concurrent.FastThreadLocalRunnable.run(FastThreadLocalRunnable.java:30)
	... 1 more
Caused by: java.net.ConnectException: Connection refused
	... 11 more
2019-10-19 01:04:54,579 [grpc-default-executor-4] INFO  impl.RaftServerImpl (RaftServerImpl.java:setRole(184)) - 64c90977-e867-487c-b50d-c226f2d34a76@group-D48B69A44692: changes role from  FOLLOWER to FOLLOWER at term 220 for recognizeCandidate:a1c78c0e-869c-4f76-b4ce-2034448e0b80
2019-10-19 01:04:54,579 [grpc-default-executor-4] INFO  impl.RoleInfo (RoleInfo.java:shutdownFollowerState(121)) - 64c90977-e867-487c-b50d-c226f2d34a76: shutdown FollowerState
2019-10-19 01:04:54,580 [Thread-2581] INFO  impl.FollowerState (FollowerState.java:run(117)) - 64c90977-e867-487c-b50d-c226f2d34a76@group-D48B69A44692-FollowerState was interrupted: java.lang.InterruptedException: sleep interrupted
2019-10-19 01:04:54,580 [grpc-default-executor-4] INFO  impl.RoleInfo (RoleInfo.java:updateAndGet(143)) - 64c90977-e867-487c-b50d-c226f2d34a76: start FollowerState
2019-10-19 01:04:54,595 [a1c78c0e-869c-4f76-b4ce-2034448e0b80@group-D48B69A44692-LeaderElection325] INFO  impl.LeaderElection (LeaderElection.java:logAndReturn(56)) - a1c78c0e-869c-4f76-b4ce-2034448e0b80@group-D48B69A44692-LeaderElection325: Election REJECTED; received 1 response(s) [a1c78c0e-869c-4f76-b4ce-2034448e0b80<-64c90977-e867-487c-b50d-c226f2d34a76#0:FAIL-t220] and 1 exception(s); a1c78c0e-869c-4f76-b4ce-2034448e0b80@group-D48B69A44692:t220, leader=null, voted=a1c78c0e-869c-4f76-b4ce-2034448e0b80, raftlog=a1c78c0e-869c-4f76-b4ce-2034448e0b80@group-D48B69A44692-SegmentedRaftLog:OPENED:c-1,f-1,i0, conf=-1: [51276c3c-a3b8-4274-b089-592ff4589f41:192.168.157.213:36639, 64c90977-e867-487c-b50d-c226f2d34a76:192.168.157.213:37433, a1c78c0e-869c-4f76-b4ce-2034448e0b80:192.168.157.213:33501], old=null
2019-10-19 01:04:54,596 [a1c78c0e-869c-4f76-b4ce-2034448e0b80@group-D48B69A44692-LeaderElection325] INFO  impl.LeaderElection (LogUtils.java:infoOrTrace(149)) -   Exception 0: {}
java.util.concurrent.ExecutionException: org.apache.ratis.thirdparty.io.grpc.StatusRuntimeException: UNAVAILABLE: io exception
	at java.util.concurrent.FutureTask.report(FutureTask.java:122)
	at java.util.concurrent.FutureTask.get(FutureTask.java:192)
	at org.apache.ratis.server.impl.LeaderElection.waitForResults(LeaderElection.java:259)
	at org.apache.ratis.server.impl.LeaderElection.askForVotes(LeaderElection.java:197)
	at org.apache.ratis.server.impl.LeaderElection.run(LeaderElection.java:133)
	at java.lang.Thread.run(Thread.java:748)
Caused by: org.apache.ratis.thirdparty.io.grpc.StatusRuntimeException: UNAVAILABLE: io exception
	at org.apache.ratis.thirdparty.io.grpc.stub.ClientCalls.toStatusRuntimeException(ClientCalls.java:233)
	at org.apache.ratis.thirdparty.io.grpc.stub.ClientCalls.getUnchecked(ClientCalls.java:214)
	at org.apache.ratis.thirdparty.io.grpc.stub.ClientCalls.blockingUnaryCall(ClientCalls.java:139)
	at org.apache.ratis.proto.grpc.RaftServerProtocolServiceGrpc$RaftServerProtocolServiceBlockingStub.requestVote(RaftServerProtocolServiceGrpc.java:265)
	at org.apache.ratis.grpc.server.GrpcServerProtocolClient.requestVote(GrpcServerProtocolClient.java:99)
	at org.apache.ratis.grpc.server.GrpcService.requestVote(GrpcService.java:204)
	at org.apache.ratis.server.impl.LeaderElection.lambda$submitRequests$1(LeaderElection.java:234)
	at java.util.concurrent.FutureTask.run(FutureTask.java:266)
	at java.util.concurrent.Executors$RunnableAdapter.call(Executors.java:511)
	at java.util.concurrent.FutureTask.run(FutureTask.java:266)
	at java.util.concurrent.ThreadPoolExecutor.runWorker(ThreadPoolExecutor.java:1149)
	at java.util.concurrent.ThreadPoolExecutor$Worker.run(ThreadPoolExecutor.java:624)
	... 1 more
Caused by: org.apache.ratis.thirdparty.io.netty.channel.AbstractChannel$AnnotatedConnectException: Connection refused: /192.168.157.213:36639
	at sun.nio.ch.SocketChannelImpl.checkConnect(Native Method)
	at sun.nio.ch.SocketChannelImpl.finishConnect(SocketChannelImpl.java:717)
	at org.apache.ratis.thirdparty.io.netty.channel.socket.nio.NioSocketChannel.doFinishConnect(NioSocketChannel.java:327)
	at org.apache.ratis.thirdparty.io.netty.channel.nio.AbstractNioChannel$AbstractNioUnsafe.finishConnect(AbstractNioChannel.java:340)
	at org.apache.ratis.thirdparty.io.netty.channel.nio.NioEventLoop.processSelectedKey(NioEventLoop.java:632)
	at org.apache.ratis.thirdparty.io.netty.channel.nio.NioEventLoop.processSelectedKeysOptimized(NioEventLoop.java:579)
	at org.apache.ratis.thirdparty.io.netty.channel.nio.NioEventLoop.processSelectedKeys(NioEventLoop.java:496)
	at org.apache.ratis.thirdparty.io.netty.channel.nio.NioEventLoop.run(NioEventLoop.java:458)
	at org.apache.ratis.thirdparty.io.netty.util.concurrent.SingleThreadEventExecutor$5.run(SingleThreadEventExecutor.java:897)
	at org.apache.ratis.thirdparty.io.netty.util.concurrent.FastThreadLocalRunnable.run(FastThreadLocalRunnable.java:30)
	... 1 more
Caused by: java.net.ConnectException: Connection refused
	... 11 more
2019-10-19 01:04:54,596 [a1c78c0e-869c-4f76-b4ce-2034448e0b80@group-D48B69A44692-LeaderElection325] INFO  impl.RaftServerImpl (RaftServerImpl.java:setRole(184)) - a1c78c0e-869c-4f76-b4ce-2034448e0b80@group-D48B69A44692: changes role from CANDIDATE to FOLLOWER at term 220 for DISCOVERED_A_NEW_TERM
2019-10-19 01:04:54,596 [a1c78c0e-869c-4f76-b4ce-2034448e0b80@group-D48B69A44692-LeaderElection325] INFO  impl.RoleInfo (RoleInfo.java:shutdownLeaderElection(134)) - a1c78c0e-869c-4f76-b4ce-2034448e0b80: shutdown LeaderElection
2019-10-19 01:04:54,596 [a1c78c0e-869c-4f76-b4ce-2034448e0b80@group-D48B69A44692-LeaderElection325] INFO  impl.RoleInfo (RoleInfo.java:updateAndGet(143)) - a1c78c0e-869c-4f76-b4ce-2034448e0b80: start FollowerState
2019-10-19 01:04:54,640 [Thread-2587] INFO  impl.FollowerState (FollowerState.java:run(108)) - a1c78c0e-869c-4f76-b4ce-2034448e0b80@group-D48B69A44692-FollowerState: change to CANDIDATE, lastRpcTime:43ms, electionTimeout:43ms
2019-10-19 01:04:54,640 [Thread-2587] INFO  impl.RoleInfo (RoleInfo.java:shutdownFollowerState(121)) - a1c78c0e-869c-4f76-b4ce-2034448e0b80: shutdown FollowerState
2019-10-19 01:04:54,640 [Thread-2587] INFO  impl.RaftServerImpl (RaftServerImpl.java:setRole(184)) - a1c78c0e-869c-4f76-b4ce-2034448e0b80@group-D48B69A44692: changes role from  FOLLOWER to CANDIDATE at term 220 for changeToCandidate
2019-10-19 01:04:54,640 [Thread-2587] INFO  impl.RoleInfo (RoleInfo.java:updateAndGet(143)) - a1c78c0e-869c-4f76-b4ce-2034448e0b80: start LeaderElection
2019-10-19 01:04:54,648 [Datanode State Machine Thread - 0] INFO  statemachine.DatanodeStateMachine (DatanodeStateMachine.java:lambda$startDaemon$0(350)) - Ozone container server started.
2019-10-19 01:04:54,654 [a1c78c0e-869c-4f76-b4ce-2034448e0b80@group-D48B69A44692-LeaderElection326] INFO  impl.LeaderElection (LeaderElection.java:askForVotes(178)) - a1c78c0e-869c-4f76-b4ce-2034448e0b80@group-D48B69A44692-LeaderElection326: begin an election at term 221 for -1: [51276c3c-a3b8-4274-b089-592ff4589f41:192.168.157.213:36639, 64c90977-e867-487c-b50d-c226f2d34a76:192.168.157.213:37433, a1c78c0e-869c-4f76-b4ce-2034448e0b80:192.168.157.213:33501], old=null
2019-10-19 01:04:54,654 [a1c78c0e-869c-4f76-b4ce-2034448e0b80@group-D48B69A44692-LeaderElection326] INFO  impl.LeaderElection (LogUtils.java:infoOrTrace(149)) - a1c78c0e-869c-4f76-b4ce-2034448e0b80@group-D48B69A44692-LeaderElection326 got exception when requesting votes: {}
java.util.concurrent.ExecutionException: org.apache.ratis.thirdparty.io.grpc.StatusRuntimeException: UNAVAILABLE: io exception
	at java.util.concurrent.FutureTask.report(FutureTask.java:122)
	at java.util.concurrent.FutureTask.get(FutureTask.java:192)
	at org.apache.ratis.server.impl.LeaderElection.waitForResults(LeaderElection.java:259)
	at org.apache.ratis.server.impl.LeaderElection.askForVotes(LeaderElection.java:197)
	at org.apache.ratis.server.impl.LeaderElection.run(LeaderElection.java:133)
	at java.lang.Thread.run(Thread.java:748)
Caused by: org.apache.ratis.thirdparty.io.grpc.StatusRuntimeException: UNAVAILABLE: io exception
	at org.apache.ratis.thirdparty.io.grpc.stub.ClientCalls.toStatusRuntimeException(ClientCalls.java:233)
	at org.apache.ratis.thirdparty.io.grpc.stub.ClientCalls.getUnchecked(ClientCalls.java:214)
	at org.apache.ratis.thirdparty.io.grpc.stub.ClientCalls.blockingUnaryCall(ClientCalls.java:139)
	at org.apache.ratis.proto.grpc.RaftServerProtocolServiceGrpc$RaftServerProtocolServiceBlockingStub.requestVote(RaftServerProtocolServiceGrpc.java:265)
	at org.apache.ratis.grpc.server.GrpcServerProtocolClient.requestVote(GrpcServerProtocolClient.java:99)
	at org.apache.ratis.grpc.server.GrpcService.requestVote(GrpcService.java:204)
	at org.apache.ratis.server.impl.LeaderElection.lambda$submitRequests$1(LeaderElection.java:234)
	at java.util.concurrent.FutureTask.run(FutureTask.java:266)
	at java.util.concurrent.Executors$RunnableAdapter.call(Executors.java:511)
	at java.util.concurrent.FutureTask.run(FutureTask.java:266)
	at java.util.concurrent.ThreadPoolExecutor.runWorker(ThreadPoolExecutor.java:1149)
	at java.util.concurrent.ThreadPoolExecutor$Worker.run(ThreadPoolExecutor.java:624)
	... 1 more
Caused by: org.apache.ratis.thirdparty.io.netty.channel.AbstractChannel$AnnotatedConnectException: Connection refused: /192.168.157.213:36639
	at sun.nio.ch.SocketChannelImpl.checkConnect(Native Method)
	at sun.nio.ch.SocketChannelImpl.finishConnect(SocketChannelImpl.java:717)
	at org.apache.ratis.thirdparty.io.netty.channel.socket.nio.NioSocketChannel.doFinishConnect(NioSocketChannel.java:327)
	at org.apache.ratis.thirdparty.io.netty.channel.nio.AbstractNioChannel$AbstractNioUnsafe.finishConnect(AbstractNioChannel.java:340)
	at org.apache.ratis.thirdparty.io.netty.channel.nio.NioEventLoop.processSelectedKey(NioEventLoop.java:632)
	at org.apache.ratis.thirdparty.io.netty.channel.nio.NioEventLoop.processSelectedKeysOptimized(NioEventLoop.java:579)
	at org.apache.ratis.thirdparty.io.netty.channel.nio.NioEventLoop.processSelectedKeys(NioEventLoop.java:496)
	at org.apache.ratis.thirdparty.io.netty.channel.nio.NioEventLoop.run(NioEventLoop.java:458)
	at org.apache.ratis.thirdparty.io.netty.util.concurrent.SingleThreadEventExecutor$5.run(SingleThreadEventExecutor.java:897)
	at org.apache.ratis.thirdparty.io.netty.util.concurrent.FastThreadLocalRunnable.run(FastThreadLocalRunnable.java:30)
	... 1 more
Caused by: java.net.ConnectException: Connection refused
	... 11 more
2019-10-19 01:04:54,655 [grpc-default-executor-4] INFO  impl.RaftServerImpl (RaftServerImpl.java:setRole(184)) - 64c90977-e867-487c-b50d-c226f2d34a76@group-D48B69A44692: changes role from  FOLLOWER to FOLLOWER at term 221 for recognizeCandidate:a1c78c0e-869c-4f76-b4ce-2034448e0b80
2019-10-19 01:04:54,655 [grpc-default-executor-4] INFO  impl.RoleInfo (RoleInfo.java:shutdownFollowerState(121)) - 64c90977-e867-487c-b50d-c226f2d34a76: shutdown FollowerState
2019-10-19 01:04:54,655 [grpc-default-executor-4] INFO  impl.RoleInfo (RoleInfo.java:updateAndGet(143)) - 64c90977-e867-487c-b50d-c226f2d34a76: start FollowerState
2019-10-19 01:04:54,655 [Thread-2586] INFO  impl.FollowerState (FollowerState.java:run(117)) - 64c90977-e867-487c-b50d-c226f2d34a76@group-D48B69A44692-FollowerState was interrupted: java.lang.InterruptedException: sleep interrupted
2019-10-19 01:04:54,666 [a1c78c0e-869c-4f76-b4ce-2034448e0b80@group-D48B69A44692-LeaderElection326] INFO  impl.LeaderElection (LeaderElection.java:logAndReturn(56)) - a1c78c0e-869c-4f76-b4ce-2034448e0b80@group-D48B69A44692-LeaderElection326: Election REJECTED; received 1 response(s) [a1c78c0e-869c-4f76-b4ce-2034448e0b80<-64c90977-e867-487c-b50d-c226f2d34a76#0:FAIL-t221] and 1 exception(s); a1c78c0e-869c-4f76-b4ce-2034448e0b80@group-D48B69A44692:t221, leader=null, voted=a1c78c0e-869c-4f76-b4ce-2034448e0b80, raftlog=a1c78c0e-869c-4f76-b4ce-2034448e0b80@group-D48B69A44692-SegmentedRaftLog:OPENED:c-1,f-1,i0, conf=-1: [51276c3c-a3b8-4274-b089-592ff4589f41:192.168.157.213:36639, 64c90977-e867-487c-b50d-c226f2d34a76:192.168.157.213:37433, a1c78c0e-869c-4f76-b4ce-2034448e0b80:192.168.157.213:33501], old=null
2019-10-19 01:04:54,666 [a1c78c0e-869c-4f76-b4ce-2034448e0b80@group-D48B69A44692-LeaderElection326] INFO  impl.LeaderElection (LogUtils.java:infoOrTrace(149)) -   Exception 0: {}
java.util.concurrent.ExecutionException: org.apache.ratis.thirdparty.io.grpc.StatusRuntimeException: UNAVAILABLE: io exception
	at java.util.concurrent.FutureTask.report(FutureTask.java:122)
	at java.util.concurrent.FutureTask.get(FutureTask.java:192)
	at org.apache.ratis.server.impl.LeaderElection.waitForResults(LeaderElection.java:259)
	at org.apache.ratis.server.impl.LeaderElection.askForVotes(LeaderElection.java:197)
	at org.apache.ratis.server.impl.LeaderElection.run(LeaderElection.java:133)
	at java.lang.Thread.run(Thread.java:748)
Caused by: org.apache.ratis.thirdparty.io.grpc.StatusRuntimeException: UNAVAILABLE: io exception
	at org.apache.ratis.thirdparty.io.grpc.stub.ClientCalls.toStatusRuntimeException(ClientCalls.java:233)
	at org.apache.ratis.thirdparty.io.grpc.stub.ClientCalls.getUnchecked(ClientCalls.java:214)
	at org.apache.ratis.thirdparty.io.grpc.stub.ClientCalls.blockingUnaryCall(ClientCalls.java:139)
	at org.apache.ratis.proto.grpc.RaftServerProtocolServiceGrpc$RaftServerProtocolServiceBlockingStub.requestVote(RaftServerProtocolServiceGrpc.java:265)
	at org.apache.ratis.grpc.server.GrpcServerProtocolClient.requestVote(GrpcServerProtocolClient.java:99)
	at org.apache.ratis.grpc.server.GrpcService.requestVote(GrpcService.java:204)
	at org.apache.ratis.server.impl.LeaderElection.lambda$submitRequests$1(LeaderElection.java:234)
	at java.util.concurrent.FutureTask.run(FutureTask.java:266)
	at java.util.concurrent.Executors$RunnableAdapter.call(Executors.java:511)
	at java.util.concurrent.FutureTask.run(FutureTask.java:266)
	at java.util.concurrent.ThreadPoolExecutor.runWorker(ThreadPoolExecutor.java:1149)
	at java.util.concurrent.ThreadPoolExecutor$Worker.run(ThreadPoolExecutor.java:624)
	... 1 more
Caused by: org.apache.ratis.thirdparty.io.netty.channel.AbstractChannel$AnnotatedConnectException: Connection refused: /192.168.157.213:36639
	at sun.nio.ch.SocketChannelImpl.checkConnect(Native Method)
	at sun.nio.ch.SocketChannelImpl.finishConnect(SocketChannelImpl.java:717)
	at org.apache.ratis.thirdparty.io.netty.channel.socket.nio.NioSocketChannel.doFinishConnect(NioSocketChannel.java:327)
	at org.apache.ratis.thirdparty.io.netty.channel.nio.AbstractNioChannel$AbstractNioUnsafe.finishConnect(AbstractNioChannel.java:340)
	at org.apache.ratis.thirdparty.io.netty.channel.nio.NioEventLoop.processSelectedKey(NioEventLoop.java:632)
	at org.apache.ratis.thirdparty.io.netty.channel.nio.NioEventLoop.processSelectedKeysOptimized(NioEventLoop.java:579)
	at org.apache.ratis.thirdparty.io.netty.channel.nio.NioEventLoop.processSelectedKeys(NioEventLoop.java:496)
	at org.apache.ratis.thirdparty.io.netty.channel.nio.NioEventLoop.run(NioEventLoop.java:458)
	at org.apache.ratis.thirdparty.io.netty.util.concurrent.SingleThreadEventExecutor$5.run(SingleThreadEventExecutor.java:897)
	at org.apache.ratis.thirdparty.io.netty.util.concurrent.FastThreadLocalRunnable.run(FastThreadLocalRunnable.java:30)
	... 1 more
Caused by: java.net.ConnectException: Connection refused
	... 11 more
2019-10-19 01:04:54,667 [a1c78c0e-869c-4f76-b4ce-2034448e0b80@group-D48B69A44692-LeaderElection326] INFO  impl.RaftServerImpl (RaftServerImpl.java:setRole(184)) - a1c78c0e-869c-4f76-b4ce-2034448e0b80@group-D48B69A44692: changes role from CANDIDATE to FOLLOWER at term 221 for DISCOVERED_A_NEW_TERM
2019-10-19 01:04:54,667 [a1c78c0e-869c-4f76-b4ce-2034448e0b80@group-D48B69A44692-LeaderElection326] INFO  impl.RoleInfo (RoleInfo.java:shutdownLeaderElection(134)) - a1c78c0e-869c-4f76-b4ce-2034448e0b80: shutdown LeaderElection
2019-10-19 01:04:54,667 [a1c78c0e-869c-4f76-b4ce-2034448e0b80@group-D48B69A44692-LeaderElection326] INFO  impl.RoleInfo (RoleInfo.java:updateAndGet(143)) - a1c78c0e-869c-4f76-b4ce-2034448e0b80: start FollowerState
2019-10-19 01:04:54,668 [Thread-2592] INFO  impl.FollowerState (FollowerState.java:run(108)) - a1c78c0e-869c-4f76-b4ce-2034448e0b80@group-D48B69A44692-FollowerState: change to CANDIDATE, lastRpcTime:1ms, electionTimeout:1ms
2019-10-19 01:04:54,668 [Thread-2592] INFO  impl.RoleInfo (RoleInfo.java:shutdownFollowerState(121)) - a1c78c0e-869c-4f76-b4ce-2034448e0b80: shutdown FollowerState
2019-10-19 01:04:54,668 [Thread-2592] INFO  impl.RaftServerImpl (RaftServerImpl.java:setRole(184)) - a1c78c0e-869c-4f76-b4ce-2034448e0b80@group-D48B69A44692: changes role from  FOLLOWER to CANDIDATE at term 221 for changeToCandidate
2019-10-19 01:04:54,669 [Thread-2592] INFO  impl.RoleInfo (RoleInfo.java:updateAndGet(143)) - a1c78c0e-869c-4f76-b4ce-2034448e0b80: start LeaderElection
2019-10-19 01:04:54,683 [a1c78c0e-869c-4f76-b4ce-2034448e0b80@group-D48B69A44692-LeaderElection327] INFO  impl.LeaderElection (LeaderElection.java:askForVotes(178)) - a1c78c0e-869c-4f76-b4ce-2034448e0b80@group-D48B69A44692-LeaderElection327: begin an election at term 222 for -1: [51276c3c-a3b8-4274-b089-592ff4589f41:192.168.157.213:36639, 64c90977-e867-487c-b50d-c226f2d34a76:192.168.157.213:37433, a1c78c0e-869c-4f76-b4ce-2034448e0b80:192.168.157.213:33501], old=null
2019-10-19 01:04:54,684 [a1c78c0e-869c-4f76-b4ce-2034448e0b80@group-D48B69A44692-LeaderElection327] INFO  impl.LeaderElection (LogUtils.java:infoOrTrace(149)) - a1c78c0e-869c-4f76-b4ce-2034448e0b80@group-D48B69A44692-LeaderElection327 got exception when requesting votes: {}
java.util.concurrent.ExecutionException: org.apache.ratis.thirdparty.io.grpc.StatusRuntimeException: UNAVAILABLE: io exception
	at java.util.concurrent.FutureTask.report(FutureTask.java:122)
	at java.util.concurrent.FutureTask.get(FutureTask.java:192)
	at org.apache.ratis.server.impl.LeaderElection.waitForResults(LeaderElection.java:259)
	at org.apache.ratis.server.impl.LeaderElection.askForVotes(LeaderElection.java:197)
	at org.apache.ratis.server.impl.LeaderElection.run(LeaderElection.java:133)
	at java.lang.Thread.run(Thread.java:748)
Caused by: org.apache.ratis.thirdparty.io.grpc.StatusRuntimeException: UNAVAILABLE: io exception
	at org.apache.ratis.thirdparty.io.grpc.stub.ClientCalls.toStatusRuntimeException(ClientCalls.java:233)
	at org.apache.ratis.thirdparty.io.grpc.stub.ClientCalls.getUnchecked(ClientCalls.java:214)
	at org.apache.ratis.thirdparty.io.grpc.stub.ClientCalls.blockingUnaryCall(ClientCalls.java:139)
	at org.apache.ratis.proto.grpc.RaftServerProtocolServiceGrpc$RaftServerProtocolServiceBlockingStub.requestVote(RaftServerProtocolServiceGrpc.java:265)
	at org.apache.ratis.grpc.server.GrpcServerProtocolClient.requestVote(GrpcServerProtocolClient.java:99)
	at org.apache.ratis.grpc.server.GrpcService.requestVote(GrpcService.java:204)
	at org.apache.ratis.server.impl.LeaderElection.lambda$submitRequests$1(LeaderElection.java:234)
	at java.util.concurrent.FutureTask.run(FutureTask.java:266)
	at java.util.concurrent.Executors$RunnableAdapter.call(Executors.java:511)
	at java.util.concurrent.FutureTask.run(FutureTask.java:266)
	at java.util.concurrent.ThreadPoolExecutor.runWorker(ThreadPoolExecutor.java:1149)
	at java.util.concurrent.ThreadPoolExecutor$Worker.run(ThreadPoolExecutor.java:624)
	... 1 more
Caused by: org.apache.ratis.thirdparty.io.netty.channel.AbstractChannel$AnnotatedConnectException: Connection refused: /192.168.157.213:36639
	at sun.nio.ch.SocketChannelImpl.checkConnect(Native Method)
	at sun.nio.ch.SocketChannelImpl.finishConnect(SocketChannelImpl.java:717)
	at org.apache.ratis.thirdparty.io.netty.channel.socket.nio.NioSocketChannel.doFinishConnect(NioSocketChannel.java:327)
	at org.apache.ratis.thirdparty.io.netty.channel.nio.AbstractNioChannel$AbstractNioUnsafe.finishConnect(AbstractNioChannel.java:340)
	at org.apache.ratis.thirdparty.io.netty.channel.nio.NioEventLoop.processSelectedKey(NioEventLoop.java:632)
	at org.apache.ratis.thirdparty.io.netty.channel.nio.NioEventLoop.processSelectedKeysOptimized(NioEventLoop.java:579)
	at org.apache.ratis.thirdparty.io.netty.channel.nio.NioEventLoop.processSelectedKeys(NioEventLoop.java:496)
	at org.apache.ratis.thirdparty.io.netty.channel.nio.NioEventLoop.run(NioEventLoop.java:458)
	at org.apache.ratis.thirdparty.io.netty.util.concurrent.SingleThreadEventExecutor$5.run(SingleThreadEventExecutor.java:897)
	at org.apache.ratis.thirdparty.io.netty.util.concurrent.FastThreadLocalRunnable.run(FastThreadLocalRunnable.java:30)
	... 1 more
Caused by: java.net.ConnectException: Connection refused
	... 11 more
2019-10-19 01:04:54,685 [grpc-default-executor-4] INFO  impl.RaftServerImpl (RaftServerImpl.java:setRole(184)) - 64c90977-e867-487c-b50d-c226f2d34a76@group-D48B69A44692: changes role from  FOLLOWER to FOLLOWER at term 222 for recognizeCandidate:a1c78c0e-869c-4f76-b4ce-2034448e0b80
2019-10-19 01:04:54,685 [grpc-default-executor-4] INFO  impl.RoleInfo (RoleInfo.java:shutdownFollowerState(121)) - 64c90977-e867-487c-b50d-c226f2d34a76: shutdown FollowerState
2019-10-19 01:04:54,685 [grpc-default-executor-4] INFO  impl.RoleInfo (RoleInfo.java:updateAndGet(143)) - 64c90977-e867-487c-b50d-c226f2d34a76: start FollowerState
2019-10-19 01:04:54,685 [Thread-2591] INFO  impl.FollowerState (FollowerState.java:run(117)) - 64c90977-e867-487c-b50d-c226f2d34a76@group-D48B69A44692-FollowerState was interrupted: java.lang.InterruptedException: sleep interrupted
2019-10-19 01:04:54,699 [a1c78c0e-869c-4f76-b4ce-2034448e0b80@group-D48B69A44692-LeaderElection327] INFO  impl.LeaderElection (LeaderElection.java:logAndReturn(56)) - a1c78c0e-869c-4f76-b4ce-2034448e0b80@group-D48B69A44692-LeaderElection327: Election REJECTED; received 1 response(s) [a1c78c0e-869c-4f76-b4ce-2034448e0b80<-64c90977-e867-487c-b50d-c226f2d34a76#0:FAIL-t222] and 1 exception(s); a1c78c0e-869c-4f76-b4ce-2034448e0b80@group-D48B69A44692:t222, leader=null, voted=a1c78c0e-869c-4f76-b4ce-2034448e0b80, raftlog=a1c78c0e-869c-4f76-b4ce-2034448e0b80@group-D48B69A44692-SegmentedRaftLog:OPENED:c-1,f-1,i0, conf=-1: [51276c3c-a3b8-4274-b089-592ff4589f41:192.168.157.213:36639, 64c90977-e867-487c-b50d-c226f2d34a76:192.168.157.213:37433, a1c78c0e-869c-4f76-b4ce-2034448e0b80:192.168.157.213:33501], old=null
2019-10-19 01:04:54,699 [a1c78c0e-869c-4f76-b4ce-2034448e0b80@group-D48B69A44692-LeaderElection327] INFO  impl.LeaderElection (LogUtils.java:infoOrTrace(149)) -   Exception 0: {}
java.util.concurrent.ExecutionException: org.apache.ratis.thirdparty.io.grpc.StatusRuntimeException: UNAVAILABLE: io exception
	at java.util.concurrent.FutureTask.report(FutureTask.java:122)
	at java.util.concurrent.FutureTask.get(FutureTask.java:192)
	at org.apache.ratis.server.impl.LeaderElection.waitForResults(LeaderElection.java:259)
	at org.apache.ratis.server.impl.LeaderElection.askForVotes(LeaderElection.java:197)
	at org.apache.ratis.server.impl.LeaderElection.run(LeaderElection.java:133)
	at java.lang.Thread.run(Thread.java:748)
Caused by: org.apache.ratis.thirdparty.io.grpc.StatusRuntimeException: UNAVAILABLE: io exception
	at org.apache.ratis.thirdparty.io.grpc.stub.ClientCalls.toStatusRuntimeException(ClientCalls.java:233)
	at org.apache.ratis.thirdparty.io.grpc.stub.ClientCalls.getUnchecked(ClientCalls.java:214)
	at org.apache.ratis.thirdparty.io.grpc.stub.ClientCalls.blockingUnaryCall(ClientCalls.java:139)
	at org.apache.ratis.proto.grpc.RaftServerProtocolServiceGrpc$RaftServerProtocolServiceBlockingStub.requestVote(RaftServerProtocolServiceGrpc.java:265)
	at org.apache.ratis.grpc.server.GrpcServerProtocolClient.requestVote(GrpcServerProtocolClient.java:99)
	at org.apache.ratis.grpc.server.GrpcService.requestVote(GrpcService.java:204)
	at org.apache.ratis.server.impl.LeaderElection.lambda$submitRequests$1(LeaderElection.java:234)
	at java.util.concurrent.FutureTask.run(FutureTask.java:266)
	at java.util.concurrent.Executors$RunnableAdapter.call(Executors.java:511)
	at java.util.concurrent.FutureTask.run(FutureTask.java:266)
	at java.util.concurrent.ThreadPoolExecutor.runWorker(ThreadPoolExecutor.java:1149)
	at java.util.concurrent.ThreadPoolExecutor$Worker.run(ThreadPoolExecutor.java:624)
	... 1 more
Caused by: org.apache.ratis.thirdparty.io.netty.channel.AbstractChannel$AnnotatedConnectException: Connection refused: /192.168.157.213:36639
	at sun.nio.ch.SocketChannelImpl.checkConnect(Native Method)
	at sun.nio.ch.SocketChannelImpl.finishConnect(SocketChannelImpl.java:717)
	at org.apache.ratis.thirdparty.io.netty.channel.socket.nio.NioSocketChannel.doFinishConnect(NioSocketChannel.java:327)
	at org.apache.ratis.thirdparty.io.netty.channel.nio.AbstractNioChannel$AbstractNioUnsafe.finishConnect(AbstractNioChannel.java:340)
	at org.apache.ratis.thirdparty.io.netty.channel.nio.NioEventLoop.processSelectedKey(NioEventLoop.java:632)
	at org.apache.ratis.thirdparty.io.netty.channel.nio.NioEventLoop.processSelectedKeysOptimized(NioEventLoop.java:579)
	at org.apache.ratis.thirdparty.io.netty.channel.nio.NioEventLoop.processSelectedKeys(NioEventLoop.java:496)
	at org.apache.ratis.thirdparty.io.netty.channel.nio.NioEventLoop.run(NioEventLoop.java:458)
	at org.apache.ratis.thirdparty.io.netty.util.concurrent.SingleThreadEventExecutor$5.run(SingleThreadEventExecutor.java:897)
	at org.apache.ratis.thirdparty.io.netty.util.concurrent.FastThreadLocalRunnable.run(FastThreadLocalRunnable.java:30)
	... 1 more
Caused by: java.net.ConnectException: Connection refused
	... 11 more
2019-10-19 01:04:54,700 [a1c78c0e-869c-4f76-b4ce-2034448e0b80@group-D48B69A44692-LeaderElection327] INFO  impl.RaftServerImpl (RaftServerImpl.java:setRole(184)) - a1c78c0e-869c-4f76-b4ce-2034448e0b80@group-D48B69A44692: changes role from CANDIDATE to FOLLOWER at term 222 for DISCOVERED_A_NEW_TERM
2019-10-19 01:04:54,700 [a1c78c0e-869c-4f76-b4ce-2034448e0b80@group-D48B69A44692-LeaderElection327] INFO  impl.RoleInfo (RoleInfo.java:shutdownLeaderElection(134)) - a1c78c0e-869c-4f76-b4ce-2034448e0b80: shutdown LeaderElection
2019-10-19 01:04:54,700 [a1c78c0e-869c-4f76-b4ce-2034448e0b80@group-D48B69A44692-LeaderElection327] INFO  impl.RoleInfo (RoleInfo.java:updateAndGet(143)) - a1c78c0e-869c-4f76-b4ce-2034448e0b80: start FollowerState
2019-10-19 01:04:54,769 [Thread-2597] INFO  impl.FollowerState (FollowerState.java:run(108)) - a1c78c0e-869c-4f76-b4ce-2034448e0b80@group-D48B69A44692-FollowerState: change to CANDIDATE, lastRpcTime:69ms, electionTimeout:69ms
2019-10-19 01:04:54,769 [Thread-2597] INFO  impl.RoleInfo (RoleInfo.java:shutdownFollowerState(121)) - a1c78c0e-869c-4f76-b4ce-2034448e0b80: shutdown FollowerState
2019-10-19 01:04:54,769 [Thread-2597] INFO  impl.RaftServerImpl (RaftServerImpl.java:setRole(184)) - a1c78c0e-869c-4f76-b4ce-2034448e0b80@group-D48B69A44692: changes role from  FOLLOWER to CANDIDATE at term 222 for changeToCandidate
2019-10-19 01:04:54,770 [Thread-2597] INFO  impl.RoleInfo (RoleInfo.java:updateAndGet(143)) - a1c78c0e-869c-4f76-b4ce-2034448e0b80: start LeaderElection
2019-10-19 01:04:54,783 [a1c78c0e-869c-4f76-b4ce-2034448e0b80@group-D48B69A44692-LeaderElection328] INFO  impl.LeaderElection (LeaderElection.java:askForVotes(178)) - a1c78c0e-869c-4f76-b4ce-2034448e0b80@group-D48B69A44692-LeaderElection328: begin an election at term 223 for -1: [51276c3c-a3b8-4274-b089-592ff4589f41:192.168.157.213:36639, 64c90977-e867-487c-b50d-c226f2d34a76:192.168.157.213:37433, a1c78c0e-869c-4f76-b4ce-2034448e0b80:192.168.157.213:33501], old=null
2019-10-19 01:04:54,784 [a1c78c0e-869c-4f76-b4ce-2034448e0b80@group-D48B69A44692-LeaderElection328] INFO  impl.LeaderElection (LogUtils.java:infoOrTrace(149)) - a1c78c0e-869c-4f76-b4ce-2034448e0b80@group-D48B69A44692-LeaderElection328 got exception when requesting votes: {}
java.util.concurrent.ExecutionException: org.apache.ratis.thirdparty.io.grpc.StatusRuntimeException: UNAVAILABLE: io exception
	at java.util.concurrent.FutureTask.report(FutureTask.java:122)
	at java.util.concurrent.FutureTask.get(FutureTask.java:192)
	at org.apache.ratis.server.impl.LeaderElection.waitForResults(LeaderElection.java:259)
	at org.apache.ratis.server.impl.LeaderElection.askForVotes(LeaderElection.java:197)
	at org.apache.ratis.server.impl.LeaderElection.run(LeaderElection.java:133)
	at java.lang.Thread.run(Thread.java:748)
Caused by: org.apache.ratis.thirdparty.io.grpc.StatusRuntimeException: UNAVAILABLE: io exception
	at org.apache.ratis.thirdparty.io.grpc.stub.ClientCalls.toStatusRuntimeException(ClientCalls.java:233)
	at org.apache.ratis.thirdparty.io.grpc.stub.ClientCalls.getUnchecked(ClientCalls.java:214)
	at org.apache.ratis.thirdparty.io.grpc.stub.ClientCalls.blockingUnaryCall(ClientCalls.java:139)
	at org.apache.ratis.proto.grpc.RaftServerProtocolServiceGrpc$RaftServerProtocolServiceBlockingStub.requestVote(RaftServerProtocolServiceGrpc.java:265)
	at org.apache.ratis.grpc.server.GrpcServerProtocolClient.requestVote(GrpcServerProtocolClient.java:99)
	at org.apache.ratis.grpc.server.GrpcService.requestVote(GrpcService.java:204)
	at org.apache.ratis.server.impl.LeaderElection.lambda$submitRequests$1(LeaderElection.java:234)
	at java.util.concurrent.FutureTask.run(FutureTask.java:266)
	at java.util.concurrent.Executors$RunnableAdapter.call(Executors.java:511)
	at java.util.concurrent.FutureTask.run(FutureTask.java:266)
	at java.util.concurrent.ThreadPoolExecutor.runWorker(ThreadPoolExecutor.java:1149)
	at java.util.concurrent.ThreadPoolExecutor$Worker.run(ThreadPoolExecutor.java:624)
	... 1 more
Caused by: org.apache.ratis.thirdparty.io.netty.channel.AbstractChannel$AnnotatedConnectException: Connection refused: /192.168.157.213:36639
	at sun.nio.ch.SocketChannelImpl.checkConnect(Native Method)
	at sun.nio.ch.SocketChannelImpl.finishConnect(SocketChannelImpl.java:717)
	at org.apache.ratis.thirdparty.io.netty.channel.socket.nio.NioSocketChannel.doFinishConnect(NioSocketChannel.java:327)
	at org.apache.ratis.thirdparty.io.netty.channel.nio.AbstractNioChannel$AbstractNioUnsafe.finishConnect(AbstractNioChannel.java:340)
	at org.apache.ratis.thirdparty.io.netty.channel.nio.NioEventLoop.processSelectedKey(NioEventLoop.java:632)
	at org.apache.ratis.thirdparty.io.netty.channel.nio.NioEventLoop.processSelectedKeysOptimized(NioEventLoop.java:579)
	at org.apache.ratis.thirdparty.io.netty.channel.nio.NioEventLoop.processSelectedKeys(NioEventLoop.java:496)
	at org.apache.ratis.thirdparty.io.netty.channel.nio.NioEventLoop.run(NioEventLoop.java:458)
	at org.apache.ratis.thirdparty.io.netty.util.concurrent.SingleThreadEventExecutor$5.run(SingleThreadEventExecutor.java:897)
	at org.apache.ratis.thirdparty.io.netty.util.concurrent.FastThreadLocalRunnable.run(FastThreadLocalRunnable.java:30)
	... 1 more
Caused by: java.net.ConnectException: Connection refused
	... 11 more
2019-10-19 01:04:54,785 [grpc-default-executor-4] INFO  impl.RaftServerImpl (RaftServerImpl.java:setRole(184)) - 64c90977-e867-487c-b50d-c226f2d34a76@group-D48B69A44692: changes role from  FOLLOWER to FOLLOWER at term 223 for recognizeCandidate:a1c78c0e-869c-4f76-b4ce-2034448e0b80
2019-10-19 01:04:54,785 [grpc-default-executor-4] INFO  impl.RoleInfo (RoleInfo.java:shutdownFollowerState(121)) - 64c90977-e867-487c-b50d-c226f2d34a76: shutdown FollowerState
2019-10-19 01:04:54,786 [Thread-2596] INFO  impl.FollowerState (FollowerState.java:run(117)) - 64c90977-e867-487c-b50d-c226f2d34a76@group-D48B69A44692-FollowerState was interrupted: java.lang.InterruptedException: sleep interrupted
2019-10-19 01:04:54,786 [grpc-default-executor-4] INFO  impl.RoleInfo (RoleInfo.java:updateAndGet(143)) - 64c90977-e867-487c-b50d-c226f2d34a76: start FollowerState
2019-10-19 01:04:54,799 [a1c78c0e-869c-4f76-b4ce-2034448e0b80@group-D48B69A44692-LeaderElection328] INFO  impl.LeaderElection (LeaderElection.java:logAndReturn(56)) - a1c78c0e-869c-4f76-b4ce-2034448e0b80@group-D48B69A44692-LeaderElection328: Election REJECTED; received 1 response(s) [a1c78c0e-869c-4f76-b4ce-2034448e0b80<-64c90977-e867-487c-b50d-c226f2d34a76#0:FAIL-t223] and 1 exception(s); a1c78c0e-869c-4f76-b4ce-2034448e0b80@group-D48B69A44692:t223, leader=null, voted=a1c78c0e-869c-4f76-b4ce-2034448e0b80, raftlog=a1c78c0e-869c-4f76-b4ce-2034448e0b80@group-D48B69A44692-SegmentedRaftLog:OPENED:c-1,f-1,i0, conf=-1: [51276c3c-a3b8-4274-b089-592ff4589f41:192.168.157.213:36639, 64c90977-e867-487c-b50d-c226f2d34a76:192.168.157.213:37433, a1c78c0e-869c-4f76-b4ce-2034448e0b80:192.168.157.213:33501], old=null
2019-10-19 01:04:54,799 [a1c78c0e-869c-4f76-b4ce-2034448e0b80@group-D48B69A44692-LeaderElection328] INFO  impl.LeaderElection (LogUtils.java:infoOrTrace(149)) -   Exception 0: {}
java.util.concurrent.ExecutionException: org.apache.ratis.thirdparty.io.grpc.StatusRuntimeException: UNAVAILABLE: io exception
	at java.util.concurrent.FutureTask.report(FutureTask.java:122)
	at java.util.concurrent.FutureTask.get(FutureTask.java:192)
	at org.apache.ratis.server.impl.LeaderElection.waitForResults(LeaderElection.java:259)
	at org.apache.ratis.server.impl.LeaderElection.askForVotes(LeaderElection.java:197)
	at org.apache.ratis.server.impl.LeaderElection.run(LeaderElection.java:133)
	at java.lang.Thread.run(Thread.java:748)
Caused by: org.apache.ratis.thirdparty.io.grpc.StatusRuntimeException: UNAVAILABLE: io exception
	at org.apache.ratis.thirdparty.io.grpc.stub.ClientCalls.toStatusRuntimeException(ClientCalls.java:233)
	at org.apache.ratis.thirdparty.io.grpc.stub.ClientCalls.getUnchecked(ClientCalls.java:214)
	at org.apache.ratis.thirdparty.io.grpc.stub.ClientCalls.blockingUnaryCall(ClientCalls.java:139)
	at org.apache.ratis.proto.grpc.RaftServerProtocolServiceGrpc$RaftServerProtocolServiceBlockingStub.requestVote(RaftServerProtocolServiceGrpc.java:265)
	at org.apache.ratis.grpc.server.GrpcServerProtocolClient.requestVote(GrpcServerProtocolClient.java:99)
	at org.apache.ratis.grpc.server.GrpcService.requestVote(GrpcService.java:204)
	at org.apache.ratis.server.impl.LeaderElection.lambda$submitRequests$1(LeaderElection.java:234)
	at java.util.concurrent.FutureTask.run(FutureTask.java:266)
	at java.util.concurrent.Executors$RunnableAdapter.call(Executors.java:511)
	at java.util.concurrent.FutureTask.run(FutureTask.java:266)
	at java.util.concurrent.ThreadPoolExecutor.runWorker(ThreadPoolExecutor.java:1149)
	at java.util.concurrent.ThreadPoolExecutor$Worker.run(ThreadPoolExecutor.java:624)
	... 1 more
Caused by: org.apache.ratis.thirdparty.io.netty.channel.AbstractChannel$AnnotatedConnectException: Connection refused: /192.168.157.213:36639
	at sun.nio.ch.SocketChannelImpl.checkConnect(Native Method)
	at sun.nio.ch.SocketChannelImpl.finishConnect(SocketChannelImpl.java:717)
	at org.apache.ratis.thirdparty.io.netty.channel.socket.nio.NioSocketChannel.doFinishConnect(NioSocketChannel.java:327)
	at org.apache.ratis.thirdparty.io.netty.channel.nio.AbstractNioChannel$AbstractNioUnsafe.finishConnect(AbstractNioChannel.java:340)
	at org.apache.ratis.thirdparty.io.netty.channel.nio.NioEventLoop.processSelectedKey(NioEventLoop.java:632)
	at org.apache.ratis.thirdparty.io.netty.channel.nio.NioEventLoop.processSelectedKeysOptimized(NioEventLoop.java:579)
	at org.apache.ratis.thirdparty.io.netty.channel.nio.NioEventLoop.processSelectedKeys(NioEventLoop.java:496)
	at org.apache.ratis.thirdparty.io.netty.channel.nio.NioEventLoop.run(NioEventLoop.java:458)
	at org.apache.ratis.thirdparty.io.netty.util.concurrent.SingleThreadEventExecutor$5.run(SingleThreadEventExecutor.java:897)
	at org.apache.ratis.thirdparty.io.netty.util.concurrent.FastThreadLocalRunnable.run(FastThreadLocalRunnable.java:30)
	... 1 more
Caused by: java.net.ConnectException: Connection refused
	... 11 more
2019-10-19 01:04:54,800 [a1c78c0e-869c-4f76-b4ce-2034448e0b80@group-D48B69A44692-LeaderElection328] INFO  impl.RaftServerImpl (RaftServerImpl.java:setRole(184)) - a1c78c0e-869c-4f76-b4ce-2034448e0b80@group-D48B69A44692: changes role from CANDIDATE to FOLLOWER at term 223 for DISCOVERED_A_NEW_TERM
2019-10-19 01:04:54,800 [a1c78c0e-869c-4f76-b4ce-2034448e0b80@group-D48B69A44692-LeaderElection328] INFO  impl.RoleInfo (RoleInfo.java:shutdownLeaderElection(134)) - a1c78c0e-869c-4f76-b4ce-2034448e0b80: shutdown LeaderElection
2019-10-19 01:04:54,800 [a1c78c0e-869c-4f76-b4ce-2034448e0b80@group-D48B69A44692-LeaderElection328] INFO  impl.RoleInfo (RoleInfo.java:updateAndGet(143)) - a1c78c0e-869c-4f76-b4ce-2034448e0b80: start FollowerState
2019-10-19 01:04:54,822 [Thread-2602] INFO  impl.FollowerState (FollowerState.java:run(108)) - a1c78c0e-869c-4f76-b4ce-2034448e0b80@group-D48B69A44692-FollowerState: change to CANDIDATE, lastRpcTime:22ms, electionTimeout:22ms
2019-10-19 01:04:54,823 [Thread-2602] INFO  impl.RoleInfo (RoleInfo.java:shutdownFollowerState(121)) - a1c78c0e-869c-4f76-b4ce-2034448e0b80: shutdown FollowerState
2019-10-19 01:04:54,823 [Thread-2602] INFO  impl.RaftServerImpl (RaftServerImpl.java:setRole(184)) - a1c78c0e-869c-4f76-b4ce-2034448e0b80@group-D48B69A44692: changes role from  FOLLOWER to CANDIDATE at term 223 for changeToCandidate
2019-10-19 01:04:54,823 [Thread-2602] INFO  impl.RoleInfo (RoleInfo.java:updateAndGet(143)) - a1c78c0e-869c-4f76-b4ce-2034448e0b80: start LeaderElection
2019-10-19 01:04:54,837 [a1c78c0e-869c-4f76-b4ce-2034448e0b80@group-D48B69A44692-LeaderElection329] INFO  impl.LeaderElection (LeaderElection.java:askForVotes(178)) - a1c78c0e-869c-4f76-b4ce-2034448e0b80@group-D48B69A44692-LeaderElection329: begin an election at term 224 for -1: [51276c3c-a3b8-4274-b089-592ff4589f41:192.168.157.213:36639, 64c90977-e867-487c-b50d-c226f2d34a76:192.168.157.213:37433, a1c78c0e-869c-4f76-b4ce-2034448e0b80:192.168.157.213:33501], old=null
2019-10-19 01:04:54,838 [a1c78c0e-869c-4f76-b4ce-2034448e0b80@group-D48B69A44692-LeaderElection329] INFO  impl.LeaderElection (LogUtils.java:infoOrTrace(149)) - a1c78c0e-869c-4f76-b4ce-2034448e0b80@group-D48B69A44692-LeaderElection329 got exception when requesting votes: {}
java.util.concurrent.ExecutionException: org.apache.ratis.thirdparty.io.grpc.StatusRuntimeException: UNAVAILABLE: io exception
	at java.util.concurrent.FutureTask.report(FutureTask.java:122)
	at java.util.concurrent.FutureTask.get(FutureTask.java:192)
	at org.apache.ratis.server.impl.LeaderElection.waitForResults(LeaderElection.java:259)
	at org.apache.ratis.server.impl.LeaderElection.askForVotes(LeaderElection.java:197)
	at org.apache.ratis.server.impl.LeaderElection.run(LeaderElection.java:133)
	at java.lang.Thread.run(Thread.java:748)
Caused by: org.apache.ratis.thirdparty.io.grpc.StatusRuntimeException: UNAVAILABLE: io exception
	at org.apache.ratis.thirdparty.io.grpc.stub.ClientCalls.toStatusRuntimeException(ClientCalls.java:233)
	at org.apache.ratis.thirdparty.io.grpc.stub.ClientCalls.getUnchecked(ClientCalls.java:214)
	at org.apache.ratis.thirdparty.io.grpc.stub.ClientCalls.blockingUnaryCall(ClientCalls.java:139)
	at org.apache.ratis.proto.grpc.RaftServerProtocolServiceGrpc$RaftServerProtocolServiceBlockingStub.requestVote(RaftServerProtocolServiceGrpc.java:265)
	at org.apache.ratis.grpc.server.GrpcServerProtocolClient.requestVote(GrpcServerProtocolClient.java:99)
	at org.apache.ratis.grpc.server.GrpcService.requestVote(GrpcService.java:204)
	at org.apache.ratis.server.impl.LeaderElection.lambda$submitRequests$1(LeaderElection.java:234)
	at java.util.concurrent.FutureTask.run(FutureTask.java:266)
	at java.util.concurrent.Executors$RunnableAdapter.call(Executors.java:511)
	at java.util.concurrent.FutureTask.run(FutureTask.java:266)
	at java.util.concurrent.ThreadPoolExecutor.runWorker(ThreadPoolExecutor.java:1149)
	at java.util.concurrent.ThreadPoolExecutor$Worker.run(ThreadPoolExecutor.java:624)
	... 1 more
Caused by: org.apache.ratis.thirdparty.io.netty.channel.AbstractChannel$AnnotatedConnectException: Connection refused: /192.168.157.213:36639
	at sun.nio.ch.SocketChannelImpl.checkConnect(Native Method)
	at sun.nio.ch.SocketChannelImpl.finishConnect(SocketChannelImpl.java:717)
	at org.apache.ratis.thirdparty.io.netty.channel.socket.nio.NioSocketChannel.doFinishConnect(NioSocketChannel.java:327)
	at org.apache.ratis.thirdparty.io.netty.channel.nio.AbstractNioChannel$AbstractNioUnsafe.finishConnect(AbstractNioChannel.java:340)
	at org.apache.ratis.thirdparty.io.netty.channel.nio.NioEventLoop.processSelectedKey(NioEventLoop.java:632)
	at org.apache.ratis.thirdparty.io.netty.channel.nio.NioEventLoop.processSelectedKeysOptimized(NioEventLoop.java:579)
	at org.apache.ratis.thirdparty.io.netty.channel.nio.NioEventLoop.processSelectedKeys(NioEventLoop.java:496)
	at org.apache.ratis.thirdparty.io.netty.channel.nio.NioEventLoop.run(NioEventLoop.java:458)
	at org.apache.ratis.thirdparty.io.netty.util.concurrent.SingleThreadEventExecutor$5.run(SingleThreadEventExecutor.java:897)
	at org.apache.ratis.thirdparty.io.netty.util.concurrent.FastThreadLocalRunnable.run(FastThreadLocalRunnable.java:30)
	... 1 more
Caused by: java.net.ConnectException: Connection refused
	... 11 more
2019-10-19 01:04:54,839 [grpc-default-executor-4] INFO  impl.RaftServerImpl (RaftServerImpl.java:setRole(184)) - 64c90977-e867-487c-b50d-c226f2d34a76@group-D48B69A44692: changes role from  FOLLOWER to FOLLOWER at term 224 for recognizeCandidate:a1c78c0e-869c-4f76-b4ce-2034448e0b80
2019-10-19 01:04:54,839 [grpc-default-executor-4] INFO  impl.RoleInfo (RoleInfo.java:shutdownFollowerState(121)) - 64c90977-e867-487c-b50d-c226f2d34a76: shutdown FollowerState
2019-10-19 01:04:54,839 [grpc-default-executor-4] INFO  impl.RoleInfo (RoleInfo.java:updateAndGet(143)) - 64c90977-e867-487c-b50d-c226f2d34a76: start FollowerState
2019-10-19 01:04:54,839 [Thread-2601] INFO  impl.FollowerState (FollowerState.java:run(117)) - 64c90977-e867-487c-b50d-c226f2d34a76@group-D48B69A44692-FollowerState was interrupted: java.lang.InterruptedException: sleep interrupted
2019-10-19 01:04:54,852 [java.util.concurrent.ThreadPoolExecutor$Worker@3d9b74b8[State = -1, empty queue]] WARN  server.GrpcLogAppender (GrpcLogAppender.java:timeoutAppendRequest(209)) - b26a8d60-58dc-431d-8168-f89a9ab35f3a@group-FB3B7D7D89E3->16805c57-9f45-4377-8998-764a8f26e152-GrpcLogAppender: appendEntries Timeout, request=b26a8d60-58dc-431d-8168-f89a9ab35f3a->16805c57-9f45-4377-8998-764a8f26e152#16-t129, previous=(t:129, i:2), leaderCommit=2, initializing? false, entries: <empty>
2019-10-19 01:04:54,853 [a1c78c0e-869c-4f76-b4ce-2034448e0b80@group-D48B69A44692-LeaderElection329] INFO  impl.LeaderElection (LeaderElection.java:logAndReturn(56)) - a1c78c0e-869c-4f76-b4ce-2034448e0b80@group-D48B69A44692-LeaderElection329: Election REJECTED; received 1 response(s) [a1c78c0e-869c-4f76-b4ce-2034448e0b80<-64c90977-e867-487c-b50d-c226f2d34a76#0:FAIL-t224] and 1 exception(s); a1c78c0e-869c-4f76-b4ce-2034448e0b80@group-D48B69A44692:t224, leader=null, voted=a1c78c0e-869c-4f76-b4ce-2034448e0b80, raftlog=a1c78c0e-869c-4f76-b4ce-2034448e0b80@group-D48B69A44692-SegmentedRaftLog:OPENED:c-1,f-1,i0, conf=-1: [51276c3c-a3b8-4274-b089-592ff4589f41:192.168.157.213:36639, 64c90977-e867-487c-b50d-c226f2d34a76:192.168.157.213:37433, a1c78c0e-869c-4f76-b4ce-2034448e0b80:192.168.157.213:33501], old=null
2019-10-19 01:04:54,853 [a1c78c0e-869c-4f76-b4ce-2034448e0b80@group-D48B69A44692-LeaderElection329] INFO  impl.LeaderElection (LogUtils.java:infoOrTrace(149)) -   Exception 0: {}
java.util.concurrent.ExecutionException: org.apache.ratis.thirdparty.io.grpc.StatusRuntimeException: UNAVAILABLE: io exception
	at java.util.concurrent.FutureTask.report(FutureTask.java:122)
	at java.util.concurrent.FutureTask.get(FutureTask.java:192)
	at org.apache.ratis.server.impl.LeaderElection.waitForResults(LeaderElection.java:259)
	at org.apache.ratis.server.impl.LeaderElection.askForVotes(LeaderElection.java:197)
	at org.apache.ratis.server.impl.LeaderElection.run(LeaderElection.java:133)
	at java.lang.Thread.run(Thread.java:748)
Caused by: org.apache.ratis.thirdparty.io.grpc.StatusRuntimeException: UNAVAILABLE: io exception
	at org.apache.ratis.thirdparty.io.grpc.stub.ClientCalls.toStatusRuntimeException(ClientCalls.java:233)
	at org.apache.ratis.thirdparty.io.grpc.stub.ClientCalls.getUnchecked(ClientCalls.java:214)
	at org.apache.ratis.thirdparty.io.grpc.stub.ClientCalls.blockingUnaryCall(ClientCalls.java:139)
	at org.apache.ratis.proto.grpc.RaftServerProtocolServiceGrpc$RaftServerProtocolServiceBlockingStub.requestVote(RaftServerProtocolServiceGrpc.java:265)
	at org.apache.ratis.grpc.server.GrpcServerProtocolClient.requestVote(GrpcServerProtocolClient.java:99)
	at org.apache.ratis.grpc.server.GrpcService.requestVote(GrpcService.java:204)
	at org.apache.ratis.server.impl.LeaderElection.lambda$submitRequests$1(LeaderElection.java:234)
	at java.util.concurrent.FutureTask.run(FutureTask.java:266)
	at java.util.concurrent.Executors$RunnableAdapter.call(Executors.java:511)
	at java.util.concurrent.FutureTask.run(FutureTask.java:266)
	at java.util.concurrent.ThreadPoolExecutor.runWorker(ThreadPoolExecutor.java:1149)
	at java.util.concurrent.ThreadPoolExecutor$Worker.run(ThreadPoolExecutor.java:624)
	... 1 more
Caused by: org.apache.ratis.thirdparty.io.netty.channel.AbstractChannel$AnnotatedConnectException: Connection refused: /192.168.157.213:36639
	at sun.nio.ch.SocketChannelImpl.checkConnect(Native Method)
	at sun.nio.ch.SocketChannelImpl.finishConnect(SocketChannelImpl.java:717)
	at org.apache.ratis.thirdparty.io.netty.channel.socket.nio.NioSocketChannel.doFinishConnect(NioSocketChannel.java:327)
	at org.apache.ratis.thirdparty.io.netty.channel.nio.AbstractNioChannel$AbstractNioUnsafe.finishConnect(AbstractNioChannel.java:340)
	at org.apache.ratis.thirdparty.io.netty.channel.nio.NioEventLoop.processSelectedKey(NioEventLoop.java:632)
	at org.apache.ratis.thirdparty.io.netty.channel.nio.NioEventLoop.processSelectedKeysOptimized(NioEventLoop.java:579)
	at org.apache.ratis.thirdparty.io.netty.channel.nio.NioEventLoop.processSelectedKeys(NioEventLoop.java:496)
	at org.apache.ratis.thirdparty.io.netty.channel.nio.NioEventLoop.run(NioEventLoop.java:458)
	at org.apache.ratis.thirdparty.io.netty.util.concurrent.SingleThreadEventExecutor$5.run(SingleThreadEventExecutor.java:897)
	at org.apache.ratis.thirdparty.io.netty.util.concurrent.FastThreadLocalRunnable.run(FastThreadLocalRunnable.java:30)
	... 1 more
Caused by: java.net.ConnectException: Connection refused
	... 11 more
2019-10-19 01:04:54,853 [a1c78c0e-869c-4f76-b4ce-2034448e0b80@group-D48B69A44692-LeaderElection329] INFO  impl.RaftServerImpl (RaftServerImpl.java:setRole(184)) - a1c78c0e-869c-4f76-b4ce-2034448e0b80@group-D48B69A44692: changes role from CANDIDATE to FOLLOWER at term 224 for DISCOVERED_A_NEW_TERM
2019-10-19 01:04:54,853 [a1c78c0e-869c-4f76-b4ce-2034448e0b80@group-D48B69A44692-LeaderElection329] INFO  impl.RoleInfo (RoleInfo.java:shutdownLeaderElection(134)) - a1c78c0e-869c-4f76-b4ce-2034448e0b80: shutdown LeaderElection
2019-10-19 01:04:54,853 [a1c78c0e-869c-4f76-b4ce-2034448e0b80@group-D48B69A44692-LeaderElection329] INFO  impl.RoleInfo (RoleInfo.java:updateAndGet(143)) - a1c78c0e-869c-4f76-b4ce-2034448e0b80: start FollowerState
2019-10-19 01:04:54,959 [Thread-2607] INFO  impl.FollowerState (FollowerState.java:run(108)) - a1c78c0e-869c-4f76-b4ce-2034448e0b80@group-D48B69A44692-FollowerState: change to CANDIDATE, lastRpcTime:106ms, electionTimeout:106ms
2019-10-19 01:04:54,960 [Thread-2607] INFO  impl.RoleInfo (RoleInfo.java:shutdownFollowerState(121)) - a1c78c0e-869c-4f76-b4ce-2034448e0b80: shutdown FollowerState
2019-10-19 01:04:54,960 [Thread-2607] INFO  impl.RaftServerImpl (RaftServerImpl.java:setRole(184)) - a1c78c0e-869c-4f76-b4ce-2034448e0b80@group-D48B69A44692: changes role from  FOLLOWER to CANDIDATE at term 224 for changeToCandidate
2019-10-19 01:04:54,960 [Thread-2607] INFO  impl.RoleInfo (RoleInfo.java:updateAndGet(143)) - a1c78c0e-869c-4f76-b4ce-2034448e0b80: start LeaderElection
2019-10-19 01:04:54,969 [a1c78c0e-869c-4f76-b4ce-2034448e0b80@group-D48B69A44692-LeaderElection330] INFO  impl.LeaderElection (LeaderElection.java:askForVotes(178)) - a1c78c0e-869c-4f76-b4ce-2034448e0b80@group-D48B69A44692-LeaderElection330: begin an election at term 225 for -1: [51276c3c-a3b8-4274-b089-592ff4589f41:192.168.157.213:36639, 64c90977-e867-487c-b50d-c226f2d34a76:192.168.157.213:37433, a1c78c0e-869c-4f76-b4ce-2034448e0b80:192.168.157.213:33501], old=null
2019-10-19 01:04:54,970 [a1c78c0e-869c-4f76-b4ce-2034448e0b80@group-D48B69A44692-LeaderElection330] INFO  impl.LeaderElection (LogUtils.java:infoOrTrace(149)) - a1c78c0e-869c-4f76-b4ce-2034448e0b80@group-D48B69A44692-LeaderElection330 got exception when requesting votes: {}
java.util.concurrent.ExecutionException: org.apache.ratis.thirdparty.io.grpc.StatusRuntimeException: UNAVAILABLE: io exception
	at java.util.concurrent.FutureTask.report(FutureTask.java:122)
	at java.util.concurrent.FutureTask.get(FutureTask.java:192)
	at org.apache.ratis.server.impl.LeaderElection.waitForResults(LeaderElection.java:259)
	at org.apache.ratis.server.impl.LeaderElection.askForVotes(LeaderElection.java:197)
	at org.apache.ratis.server.impl.LeaderElection.run(LeaderElection.java:133)
	at java.lang.Thread.run(Thread.java:748)
Caused by: org.apache.ratis.thirdparty.io.grpc.StatusRuntimeException: UNAVAILABLE: io exception
	at org.apache.ratis.thirdparty.io.grpc.stub.ClientCalls.toStatusRuntimeException(ClientCalls.java:233)
	at org.apache.ratis.thirdparty.io.grpc.stub.ClientCalls.getUnchecked(ClientCalls.java:214)
	at org.apache.ratis.thirdparty.io.grpc.stub.ClientCalls.blockingUnaryCall(ClientCalls.java:139)
	at org.apache.ratis.proto.grpc.RaftServerProtocolServiceGrpc$RaftServerProtocolServiceBlockingStub.requestVote(RaftServerProtocolServiceGrpc.java:265)
	at org.apache.ratis.grpc.server.GrpcServerProtocolClient.requestVote(GrpcServerProtocolClient.java:99)
	at org.apache.ratis.grpc.server.GrpcService.requestVote(GrpcService.java:204)
	at org.apache.ratis.server.impl.LeaderElection.lambda$submitRequests$1(LeaderElection.java:234)
	at java.util.concurrent.FutureTask.run(FutureTask.java:266)
	at java.util.concurrent.Executors$RunnableAdapter.call(Executors.java:511)
	at java.util.concurrent.FutureTask.run(FutureTask.java:266)
	at java.util.concurrent.ThreadPoolExecutor.runWorker(ThreadPoolExecutor.java:1149)
	at java.util.concurrent.ThreadPoolExecutor$Worker.run(ThreadPoolExecutor.java:624)
	... 1 more
Caused by: org.apache.ratis.thirdparty.io.netty.channel.AbstractChannel$AnnotatedConnectException: Connection refused: /192.168.157.213:36639
	at sun.nio.ch.SocketChannelImpl.checkConnect(Native Method)
	at sun.nio.ch.SocketChannelImpl.finishConnect(SocketChannelImpl.java:717)
	at org.apache.ratis.thirdparty.io.netty.channel.socket.nio.NioSocketChannel.doFinishConnect(NioSocketChannel.java:327)
	at org.apache.ratis.thirdparty.io.netty.channel.nio.AbstractNioChannel$AbstractNioUnsafe.finishConnect(AbstractNioChannel.java:340)
	at org.apache.ratis.thirdparty.io.netty.channel.nio.NioEventLoop.processSelectedKey(NioEventLoop.java:632)
	at org.apache.ratis.thirdparty.io.netty.channel.nio.NioEventLoop.processSelectedKeysOptimized(NioEventLoop.java:579)
	at org.apache.ratis.thirdparty.io.netty.channel.nio.NioEventLoop.processSelectedKeys(NioEventLoop.java:496)
	at org.apache.ratis.thirdparty.io.netty.channel.nio.NioEventLoop.run(NioEventLoop.java:458)
	at org.apache.ratis.thirdparty.io.netty.util.concurrent.SingleThreadEventExecutor$5.run(SingleThreadEventExecutor.java:897)
	at org.apache.ratis.thirdparty.io.netty.util.concurrent.FastThreadLocalRunnable.run(FastThreadLocalRunnable.java:30)
	... 1 more
Caused by: java.net.ConnectException: Connection refused
	... 11 more
2019-10-19 01:04:54,971 [grpc-default-executor-4] INFO  impl.RaftServerImpl (RaftServerImpl.java:setRole(184)) - 64c90977-e867-487c-b50d-c226f2d34a76@group-D48B69A44692: changes role from  FOLLOWER to FOLLOWER at term 225 for recognizeCandidate:a1c78c0e-869c-4f76-b4ce-2034448e0b80
2019-10-19 01:04:54,971 [grpc-default-executor-4] INFO  impl.RoleInfo (RoleInfo.java:shutdownFollowerState(121)) - 64c90977-e867-487c-b50d-c226f2d34a76: shutdown FollowerState
2019-10-19 01:04:54,971 [grpc-default-executor-4] INFO  impl.RoleInfo (RoleInfo.java:updateAndGet(143)) - 64c90977-e867-487c-b50d-c226f2d34a76: start FollowerState
2019-10-19 01:04:54,971 [Thread-2606] INFO  impl.FollowerState (FollowerState.java:run(117)) - 64c90977-e867-487c-b50d-c226f2d34a76@group-D48B69A44692-FollowerState was interrupted: java.lang.InterruptedException: sleep interrupted
2019-10-19 01:04:54,992 [a1c78c0e-869c-4f76-b4ce-2034448e0b80@group-D48B69A44692-LeaderElection330] INFO  impl.LeaderElection (LeaderElection.java:logAndReturn(56)) - a1c78c0e-869c-4f76-b4ce-2034448e0b80@group-D48B69A44692-LeaderElection330: Election REJECTED; received 1 response(s) [a1c78c0e-869c-4f76-b4ce-2034448e0b80<-64c90977-e867-487c-b50d-c226f2d34a76#0:FAIL-t225] and 1 exception(s); a1c78c0e-869c-4f76-b4ce-2034448e0b80@group-D48B69A44692:t225, leader=null, voted=a1c78c0e-869c-4f76-b4ce-2034448e0b80, raftlog=a1c78c0e-869c-4f76-b4ce-2034448e0b80@group-D48B69A44692-SegmentedRaftLog:OPENED:c-1,f-1,i0, conf=-1: [51276c3c-a3b8-4274-b089-592ff4589f41:192.168.157.213:36639, 64c90977-e867-487c-b50d-c226f2d34a76:192.168.157.213:37433, a1c78c0e-869c-4f76-b4ce-2034448e0b80:192.168.157.213:33501], old=null
2019-10-19 01:04:54,992 [a1c78c0e-869c-4f76-b4ce-2034448e0b80@group-D48B69A44692-LeaderElection330] INFO  impl.LeaderElection (LogUtils.java:infoOrTrace(149)) -   Exception 0: {}
java.util.concurrent.ExecutionException: org.apache.ratis.thirdparty.io.grpc.StatusRuntimeException: UNAVAILABLE: io exception
	at java.util.concurrent.FutureTask.report(FutureTask.java:122)
	at java.util.concurrent.FutureTask.get(FutureTask.java:192)
	at org.apache.ratis.server.impl.LeaderElection.waitForResults(LeaderElection.java:259)
	at org.apache.ratis.server.impl.LeaderElection.askForVotes(LeaderElection.java:197)
	at org.apache.ratis.server.impl.LeaderElection.run(LeaderElection.java:133)
	at java.lang.Thread.run(Thread.java:748)
Caused by: org.apache.ratis.thirdparty.io.grpc.StatusRuntimeException: UNAVAILABLE: io exception
	at org.apache.ratis.thirdparty.io.grpc.stub.ClientCalls.toStatusRuntimeException(ClientCalls.java:233)
	at org.apache.ratis.thirdparty.io.grpc.stub.ClientCalls.getUnchecked(ClientCalls.java:214)
	at org.apache.ratis.thirdparty.io.grpc.stub.ClientCalls.blockingUnaryCall(ClientCalls.java:139)
	at org.apache.ratis.proto.grpc.RaftServerProtocolServiceGrpc$RaftServerProtocolServiceBlockingStub.requestVote(RaftServerProtocolServiceGrpc.java:265)
	at org.apache.ratis.grpc.server.GrpcServerProtocolClient.requestVote(GrpcServerProtocolClient.java:99)
	at org.apache.ratis.grpc.server.GrpcService.requestVote(GrpcService.java:204)
	at org.apache.ratis.server.impl.LeaderElection.lambda$submitRequests$1(LeaderElection.java:234)
	at java.util.concurrent.FutureTask.run(FutureTask.java:266)
	at java.util.concurrent.Executors$RunnableAdapter.call(Executors.java:511)
	at java.util.concurrent.FutureTask.run(FutureTask.java:266)
	at java.util.concurrent.ThreadPoolExecutor.runWorker(ThreadPoolExecutor.java:1149)
	at java.util.concurrent.ThreadPoolExecutor$Worker.run(ThreadPoolExecutor.java:624)
	... 1 more
Caused by: org.apache.ratis.thirdparty.io.netty.channel.AbstractChannel$AnnotatedConnectException: Connection refused: /192.168.157.213:36639
	at sun.nio.ch.SocketChannelImpl.checkConnect(Native Method)
	at sun.nio.ch.SocketChannelImpl.finishConnect(SocketChannelImpl.java:717)
	at org.apache.ratis.thirdparty.io.netty.channel.socket.nio.NioSocketChannel.doFinishConnect(NioSocketChannel.java:327)
	at org.apache.ratis.thirdparty.io.netty.channel.nio.AbstractNioChannel$AbstractNioUnsafe.finishConnect(AbstractNioChannel.java:340)
	at org.apache.ratis.thirdparty.io.netty.channel.nio.NioEventLoop.processSelectedKey(NioEventLoop.java:632)
	at org.apache.ratis.thirdparty.io.netty.channel.nio.NioEventLoop.processSelectedKeysOptimized(NioEventLoop.java:579)
	at org.apache.ratis.thirdparty.io.netty.channel.nio.NioEventLoop.processSelectedKeys(NioEventLoop.java:496)
	at org.apache.ratis.thirdparty.io.netty.channel.nio.NioEventLoop.run(NioEventLoop.java:458)
	at org.apache.ratis.thirdparty.io.netty.util.concurrent.SingleThreadEventExecutor$5.run(SingleThreadEventExecutor.java:897)
	at org.apache.ratis.thirdparty.io.netty.util.concurrent.FastThreadLocalRunnable.run(FastThreadLocalRunnable.java:30)
	... 1 more
Caused by: java.net.ConnectException: Connection refused
	... 11 more
2019-10-19 01:04:54,993 [a1c78c0e-869c-4f76-b4ce-2034448e0b80@group-D48B69A44692-LeaderElection330] INFO  impl.RaftServerImpl (RaftServerImpl.java:setRole(184)) - a1c78c0e-869c-4f76-b4ce-2034448e0b80@group-D48B69A44692: changes role from CANDIDATE to FOLLOWER at term 225 for DISCOVERED_A_NEW_TERM
2019-10-19 01:04:54,993 [a1c78c0e-869c-4f76-b4ce-2034448e0b80@group-D48B69A44692-LeaderElection330] INFO  impl.RoleInfo (RoleInfo.java:shutdownLeaderElection(134)) - a1c78c0e-869c-4f76-b4ce-2034448e0b80: shutdown LeaderElection
2019-10-19 01:04:54,993 [a1c78c0e-869c-4f76-b4ce-2034448e0b80@group-D48B69A44692-LeaderElection330] INFO  impl.RoleInfo (RoleInfo.java:updateAndGet(143)) - a1c78c0e-869c-4f76-b4ce-2034448e0b80: start FollowerState
2019-10-19 01:04:55,121 [Thread-2612] INFO  impl.FollowerState (FollowerState.java:run(108)) - a1c78c0e-869c-4f76-b4ce-2034448e0b80@group-D48B69A44692-FollowerState: change to CANDIDATE, lastRpcTime:128ms, electionTimeout:128ms
2019-10-19 01:04:55,122 [Thread-2612] INFO  impl.RoleInfo (RoleInfo.java:shutdownFollowerState(121)) - a1c78c0e-869c-4f76-b4ce-2034448e0b80: shutdown FollowerState
2019-10-19 01:04:55,122 [Thread-2612] INFO  impl.RaftServerImpl (RaftServerImpl.java:setRole(184)) - a1c78c0e-869c-4f76-b4ce-2034448e0b80@group-D48B69A44692: changes role from  FOLLOWER to CANDIDATE at term 225 for changeToCandidate
2019-10-19 01:04:55,122 [Thread-2612] INFO  impl.RoleInfo (RoleInfo.java:updateAndGet(143)) - a1c78c0e-869c-4f76-b4ce-2034448e0b80: start LeaderElection
2019-10-19 01:04:55,126 [a1c78c0e-869c-4f76-b4ce-2034448e0b80@group-D48B69A44692-LeaderElection331] INFO  impl.LeaderElection (LeaderElection.java:askForVotes(178)) - a1c78c0e-869c-4f76-b4ce-2034448e0b80@group-D48B69A44692-LeaderElection331: begin an election at term 226 for -1: [51276c3c-a3b8-4274-b089-592ff4589f41:192.168.157.213:36639, 64c90977-e867-487c-b50d-c226f2d34a76:192.168.157.213:37433, a1c78c0e-869c-4f76-b4ce-2034448e0b80:192.168.157.213:33501], old=null
2019-10-19 01:04:55,127 [a1c78c0e-869c-4f76-b4ce-2034448e0b80@group-D48B69A44692-LeaderElection331] INFO  impl.LeaderElection (LogUtils.java:infoOrTrace(149)) - a1c78c0e-869c-4f76-b4ce-2034448e0b80@group-D48B69A44692-LeaderElection331 got exception when requesting votes: {}
java.util.concurrent.ExecutionException: org.apache.ratis.thirdparty.io.grpc.StatusRuntimeException: UNAVAILABLE: io exception
	at java.util.concurrent.FutureTask.report(FutureTask.java:122)
	at java.util.concurrent.FutureTask.get(FutureTask.java:192)
	at org.apache.ratis.server.impl.LeaderElection.waitForResults(LeaderElection.java:259)
	at org.apache.ratis.server.impl.LeaderElection.askForVotes(LeaderElection.java:197)
	at org.apache.ratis.server.impl.LeaderElection.run(LeaderElection.java:133)
	at java.lang.Thread.run(Thread.java:748)
Caused by: org.apache.ratis.thirdparty.io.grpc.StatusRuntimeException: UNAVAILABLE: io exception
	at org.apache.ratis.thirdparty.io.grpc.stub.ClientCalls.toStatusRuntimeException(ClientCalls.java:233)
	at org.apache.ratis.thirdparty.io.grpc.stub.ClientCalls.getUnchecked(ClientCalls.java:214)
	at org.apache.ratis.thirdparty.io.grpc.stub.ClientCalls.blockingUnaryCall(ClientCalls.java:139)
	at org.apache.ratis.proto.grpc.RaftServerProtocolServiceGrpc$RaftServerProtocolServiceBlockingStub.requestVote(RaftServerProtocolServiceGrpc.java:265)
	at org.apache.ratis.grpc.server.GrpcServerProtocolClient.requestVote(GrpcServerProtocolClient.java:99)
	at org.apache.ratis.grpc.server.GrpcService.requestVote(GrpcService.java:204)
	at org.apache.ratis.server.impl.LeaderElection.lambda$submitRequests$1(LeaderElection.java:234)
	at java.util.concurrent.FutureTask.run(FutureTask.java:266)
	at java.util.concurrent.Executors$RunnableAdapter.call(Executors.java:511)
	at java.util.concurrent.FutureTask.run(FutureTask.java:266)
	at java.util.concurrent.ThreadPoolExecutor.runWorker(ThreadPoolExecutor.java:1149)
	at java.util.concurrent.ThreadPoolExecutor$Worker.run(ThreadPoolExecutor.java:624)
	... 1 more
Caused by: org.apache.ratis.thirdparty.io.netty.channel.AbstractChannel$AnnotatedConnectException: Connection refused: /192.168.157.213:36639
	at sun.nio.ch.SocketChannelImpl.checkConnect(Native Method)
	at sun.nio.ch.SocketChannelImpl.finishConnect(SocketChannelImpl.java:717)
	at org.apache.ratis.thirdparty.io.netty.channel.socket.nio.NioSocketChannel.doFinishConnect(NioSocketChannel.java:327)
	at org.apache.ratis.thirdparty.io.netty.channel.nio.AbstractNioChannel$AbstractNioUnsafe.finishConnect(AbstractNioChannel.java:340)
	at org.apache.ratis.thirdparty.io.netty.channel.nio.NioEventLoop.processSelectedKey(NioEventLoop.java:632)
	at org.apache.ratis.thirdparty.io.netty.channel.nio.NioEventLoop.processSelectedKeysOptimized(NioEventLoop.java:579)
	at org.apache.ratis.thirdparty.io.netty.channel.nio.NioEventLoop.processSelectedKeys(NioEventLoop.java:496)
	at org.apache.ratis.thirdparty.io.netty.channel.nio.NioEventLoop.run(NioEventLoop.java:458)
	at org.apache.ratis.thirdparty.io.netty.util.concurrent.SingleThreadEventExecutor$5.run(SingleThreadEventExecutor.java:897)
	at org.apache.ratis.thirdparty.io.netty.util.concurrent.FastThreadLocalRunnable.run(FastThreadLocalRunnable.java:30)
	... 1 more
Caused by: java.net.ConnectException: Connection refused
	... 11 more
2019-10-19 01:04:55,129 [grpc-default-executor-4] INFO  impl.RaftServerImpl (RaftServerImpl.java:setRole(184)) - 64c90977-e867-487c-b50d-c226f2d34a76@group-D48B69A44692: changes role from  FOLLOWER to FOLLOWER at term 226 for recognizeCandidate:a1c78c0e-869c-4f76-b4ce-2034448e0b80
2019-10-19 01:04:55,129 [grpc-default-executor-4] INFO  impl.RoleInfo (RoleInfo.java:shutdownFollowerState(121)) - 64c90977-e867-487c-b50d-c226f2d34a76: shutdown FollowerState
2019-10-19 01:04:55,129 [grpc-default-executor-4] INFO  impl.RoleInfo (RoleInfo.java:updateAndGet(143)) - 64c90977-e867-487c-b50d-c226f2d34a76: start FollowerState
2019-10-19 01:04:55,129 [Thread-2611] INFO  impl.FollowerState (FollowerState.java:run(117)) - 64c90977-e867-487c-b50d-c226f2d34a76@group-D48B69A44692-FollowerState was interrupted: java.lang.InterruptedException: sleep interrupted
2019-10-19 01:04:55,147 [a1c78c0e-869c-4f76-b4ce-2034448e0b80@group-D48B69A44692-LeaderElection331] INFO  impl.LeaderElection (LeaderElection.java:logAndReturn(56)) - a1c78c0e-869c-4f76-b4ce-2034448e0b80@group-D48B69A44692-LeaderElection331: Election REJECTED; received 1 response(s) [a1c78c0e-869c-4f76-b4ce-2034448e0b80<-64c90977-e867-487c-b50d-c226f2d34a76#0:FAIL-t226] and 1 exception(s); a1c78c0e-869c-4f76-b4ce-2034448e0b80@group-D48B69A44692:t226, leader=null, voted=a1c78c0e-869c-4f76-b4ce-2034448e0b80, raftlog=a1c78c0e-869c-4f76-b4ce-2034448e0b80@group-D48B69A44692-SegmentedRaftLog:OPENED:c-1,f-1,i0, conf=-1: [51276c3c-a3b8-4274-b089-592ff4589f41:192.168.157.213:36639, 64c90977-e867-487c-b50d-c226f2d34a76:192.168.157.213:37433, a1c78c0e-869c-4f76-b4ce-2034448e0b80:192.168.157.213:33501], old=null
2019-10-19 01:04:55,148 [a1c78c0e-869c-4f76-b4ce-2034448e0b80@group-D48B69A44692-LeaderElection331] INFO  impl.LeaderElection (LogUtils.java:infoOrTrace(149)) -   Exception 0: {}
java.util.concurrent.ExecutionException: org.apache.ratis.thirdparty.io.grpc.StatusRuntimeException: UNAVAILABLE: io exception
	at java.util.concurrent.FutureTask.report(FutureTask.java:122)
	at java.util.concurrent.FutureTask.get(FutureTask.java:192)
	at org.apache.ratis.server.impl.LeaderElection.waitForResults(LeaderElection.java:259)
	at org.apache.ratis.server.impl.LeaderElection.askForVotes(LeaderElection.java:197)
	at org.apache.ratis.server.impl.LeaderElection.run(LeaderElection.java:133)
	at java.lang.Thread.run(Thread.java:748)
Caused by: org.apache.ratis.thirdparty.io.grpc.StatusRuntimeException: UNAVAILABLE: io exception
	at org.apache.ratis.thirdparty.io.grpc.stub.ClientCalls.toStatusRuntimeException(ClientCalls.java:233)
	at org.apache.ratis.thirdparty.io.grpc.stub.ClientCalls.getUnchecked(ClientCalls.java:214)
	at org.apache.ratis.thirdparty.io.grpc.stub.ClientCalls.blockingUnaryCall(ClientCalls.java:139)
	at org.apache.ratis.proto.grpc.RaftServerProtocolServiceGrpc$RaftServerProtocolServiceBlockingStub.requestVote(RaftServerProtocolServiceGrpc.java:265)
	at org.apache.ratis.grpc.server.GrpcServerProtocolClient.requestVote(GrpcServerProtocolClient.java:99)
	at org.apache.ratis.grpc.server.GrpcService.requestVote(GrpcService.java:204)
	at org.apache.ratis.server.impl.LeaderElection.lambda$submitRequests$1(LeaderElection.java:234)
	at java.util.concurrent.FutureTask.run(FutureTask.java:266)
	at java.util.concurrent.Executors$RunnableAdapter.call(Executors.java:511)
	at java.util.concurrent.FutureTask.run(FutureTask.java:266)
	at java.util.concurrent.ThreadPoolExecutor.runWorker(ThreadPoolExecutor.java:1149)
	at java.util.concurrent.ThreadPoolExecutor$Worker.run(ThreadPoolExecutor.java:624)
	... 1 more
Caused by: org.apache.ratis.thirdparty.io.netty.channel.AbstractChannel$AnnotatedConnectException: Connection refused: /192.168.157.213:36639
	at sun.nio.ch.SocketChannelImpl.checkConnect(Native Method)
	at sun.nio.ch.SocketChannelImpl.finishConnect(SocketChannelImpl.java:717)
	at org.apache.ratis.thirdparty.io.netty.channel.socket.nio.NioSocketChannel.doFinishConnect(NioSocketChannel.java:327)
	at org.apache.ratis.thirdparty.io.netty.channel.nio.AbstractNioChannel$AbstractNioUnsafe.finishConnect(AbstractNioChannel.java:340)
	at org.apache.ratis.thirdparty.io.netty.channel.nio.NioEventLoop.processSelectedKey(NioEventLoop.java:632)
	at org.apache.ratis.thirdparty.io.netty.channel.nio.NioEventLoop.processSelectedKeysOptimized(NioEventLoop.java:579)
	at org.apache.ratis.thirdparty.io.netty.channel.nio.NioEventLoop.processSelectedKeys(NioEventLoop.java:496)
	at org.apache.ratis.thirdparty.io.netty.channel.nio.NioEventLoop.run(NioEventLoop.java:458)
	at org.apache.ratis.thirdparty.io.netty.util.concurrent.SingleThreadEventExecutor$5.run(SingleThreadEventExecutor.java:897)
	at org.apache.ratis.thirdparty.io.netty.util.concurrent.FastThreadLocalRunnable.run(FastThreadLocalRunnable.java:30)
	... 1 more
Caused by: java.net.ConnectException: Connection refused
	... 11 more
2019-10-19 01:04:55,148 [a1c78c0e-869c-4f76-b4ce-2034448e0b80@group-D48B69A44692-LeaderElection331] INFO  impl.RaftServerImpl (RaftServerImpl.java:setRole(184)) - a1c78c0e-869c-4f76-b4ce-2034448e0b80@group-D48B69A44692: changes role from CANDIDATE to FOLLOWER at term 226 for DISCOVERED_A_NEW_TERM
2019-10-19 01:04:55,148 [a1c78c0e-869c-4f76-b4ce-2034448e0b80@group-D48B69A44692-LeaderElection331] INFO  impl.RoleInfo (RoleInfo.java:shutdownLeaderElection(134)) - a1c78c0e-869c-4f76-b4ce-2034448e0b80: shutdown LeaderElection
2019-10-19 01:04:55,149 [a1c78c0e-869c-4f76-b4ce-2034448e0b80@group-D48B69A44692-LeaderElection331] INFO  impl.RoleInfo (RoleInfo.java:updateAndGet(143)) - a1c78c0e-869c-4f76-b4ce-2034448e0b80: start FollowerState
2019-10-19 01:04:55,179 [Thread-2617] INFO  impl.FollowerState (FollowerState.java:run(108)) - a1c78c0e-869c-4f76-b4ce-2034448e0b80@group-D48B69A44692-FollowerState: change to CANDIDATE, lastRpcTime:30ms, electionTimeout:30ms
2019-10-19 01:04:55,179 [Thread-2617] INFO  impl.RoleInfo (RoleInfo.java:shutdownFollowerState(121)) - a1c78c0e-869c-4f76-b4ce-2034448e0b80: shutdown FollowerState
2019-10-19 01:04:55,179 [Thread-2617] INFO  impl.RaftServerImpl (RaftServerImpl.java:setRole(184)) - a1c78c0e-869c-4f76-b4ce-2034448e0b80@group-D48B69A44692: changes role from  FOLLOWER to CANDIDATE at term 226 for changeToCandidate
2019-10-19 01:04:55,179 [Thread-2617] INFO  impl.RoleInfo (RoleInfo.java:updateAndGet(143)) - a1c78c0e-869c-4f76-b4ce-2034448e0b80: start LeaderElection
2019-10-19 01:04:55,204 [a1c78c0e-869c-4f76-b4ce-2034448e0b80@group-D48B69A44692-LeaderElection332] INFO  impl.LeaderElection (LeaderElection.java:askForVotes(178)) - a1c78c0e-869c-4f76-b4ce-2034448e0b80@group-D48B69A44692-LeaderElection332: begin an election at term 227 for -1: [51276c3c-a3b8-4274-b089-592ff4589f41:192.168.157.213:36639, 64c90977-e867-487c-b50d-c226f2d34a76:192.168.157.213:37433, a1c78c0e-869c-4f76-b4ce-2034448e0b80:192.168.157.213:33501], old=null
2019-10-19 01:04:55,205 [a1c78c0e-869c-4f76-b4ce-2034448e0b80@group-D48B69A44692-LeaderElection332] INFO  impl.LeaderElection (LogUtils.java:infoOrTrace(149)) - a1c78c0e-869c-4f76-b4ce-2034448e0b80@group-D48B69A44692-LeaderElection332 got exception when requesting votes: {}
java.util.concurrent.ExecutionException: org.apache.ratis.thirdparty.io.grpc.StatusRuntimeException: UNAVAILABLE: io exception
	at java.util.concurrent.FutureTask.report(FutureTask.java:122)
	at java.util.concurrent.FutureTask.get(FutureTask.java:192)
	at org.apache.ratis.server.impl.LeaderElection.waitForResults(LeaderElection.java:259)
	at org.apache.ratis.server.impl.LeaderElection.askForVotes(LeaderElection.java:197)
	at org.apache.ratis.server.impl.LeaderElection.run(LeaderElection.java:133)
	at java.lang.Thread.run(Thread.java:748)
Caused by: org.apache.ratis.thirdparty.io.grpc.StatusRuntimeException: UNAVAILABLE: io exception
	at org.apache.ratis.thirdparty.io.grpc.stub.ClientCalls.toStatusRuntimeException(ClientCalls.java:233)
	at org.apache.ratis.thirdparty.io.grpc.stub.ClientCalls.getUnchecked(ClientCalls.java:214)
	at org.apache.ratis.thirdparty.io.grpc.stub.ClientCalls.blockingUnaryCall(ClientCalls.java:139)
	at org.apache.ratis.proto.grpc.RaftServerProtocolServiceGrpc$RaftServerProtocolServiceBlockingStub.requestVote(RaftServerProtocolServiceGrpc.java:265)
	at org.apache.ratis.grpc.server.GrpcServerProtocolClient.requestVote(GrpcServerProtocolClient.java:99)
	at org.apache.ratis.grpc.server.GrpcService.requestVote(GrpcService.java:204)
	at org.apache.ratis.server.impl.LeaderElection.lambda$submitRequests$1(LeaderElection.java:234)
	at java.util.concurrent.FutureTask.run(FutureTask.java:266)
	at java.util.concurrent.Executors$RunnableAdapter.call(Executors.java:511)
	at java.util.concurrent.FutureTask.run(FutureTask.java:266)
	at java.util.concurrent.ThreadPoolExecutor.runWorker(ThreadPoolExecutor.java:1149)
	at java.util.concurrent.ThreadPoolExecutor$Worker.run(ThreadPoolExecutor.java:624)
	... 1 more
Caused by: org.apache.ratis.thirdparty.io.netty.channel.AbstractChannel$AnnotatedConnectException: Connection refused: /192.168.157.213:36639
	at sun.nio.ch.SocketChannelImpl.checkConnect(Native Method)
	at sun.nio.ch.SocketChannelImpl.finishConnect(SocketChannelImpl.java:717)
	at org.apache.ratis.thirdparty.io.netty.channel.socket.nio.NioSocketChannel.doFinishConnect(NioSocketChannel.java:327)
	at org.apache.ratis.thirdparty.io.netty.channel.nio.AbstractNioChannel$AbstractNioUnsafe.finishConnect(AbstractNioChannel.java:340)
	at org.apache.ratis.thirdparty.io.netty.channel.nio.NioEventLoop.processSelectedKey(NioEventLoop.java:632)
	at org.apache.ratis.thirdparty.io.netty.channel.nio.NioEventLoop.processSelectedKeysOptimized(NioEventLoop.java:579)
	at org.apache.ratis.thirdparty.io.netty.channel.nio.NioEventLoop.processSelectedKeys(NioEventLoop.java:496)
	at org.apache.ratis.thirdparty.io.netty.channel.nio.NioEventLoop.run(NioEventLoop.java:458)
	at org.apache.ratis.thirdparty.io.netty.util.concurrent.SingleThreadEventExecutor$5.run(SingleThreadEventExecutor.java:897)
	at org.apache.ratis.thirdparty.io.netty.util.concurrent.FastThreadLocalRunnable.run(FastThreadLocalRunnable.java:30)
	... 1 more
Caused by: java.net.ConnectException: Connection refused
	... 11 more
2019-10-19 01:04:55,207 [grpc-default-executor-4] INFO  impl.RaftServerImpl (RaftServerImpl.java:setRole(184)) - 64c90977-e867-487c-b50d-c226f2d34a76@group-D48B69A44692: changes role from  FOLLOWER to FOLLOWER at term 227 for recognizeCandidate:a1c78c0e-869c-4f76-b4ce-2034448e0b80
2019-10-19 01:04:55,207 [grpc-default-executor-4] INFO  impl.RoleInfo (RoleInfo.java:shutdownFollowerState(121)) - 64c90977-e867-487c-b50d-c226f2d34a76: shutdown FollowerState
2019-10-19 01:04:55,207 [grpc-default-executor-4] INFO  impl.RoleInfo (RoleInfo.java:updateAndGet(143)) - 64c90977-e867-487c-b50d-c226f2d34a76: start FollowerState
2019-10-19 01:04:55,207 [Thread-2616] INFO  impl.FollowerState (FollowerState.java:run(117)) - 64c90977-e867-487c-b50d-c226f2d34a76@group-D48B69A44692-FollowerState was interrupted: java.lang.InterruptedException: sleep interrupted
2019-10-19 01:04:55,223 [a1c78c0e-869c-4f76-b4ce-2034448e0b80@group-D48B69A44692-LeaderElection332] INFO  impl.LeaderElection (LeaderElection.java:logAndReturn(56)) - a1c78c0e-869c-4f76-b4ce-2034448e0b80@group-D48B69A44692-LeaderElection332: Election REJECTED; received 1 response(s) [a1c78c0e-869c-4f76-b4ce-2034448e0b80<-64c90977-e867-487c-b50d-c226f2d34a76#0:FAIL-t227] and 1 exception(s); a1c78c0e-869c-4f76-b4ce-2034448e0b80@group-D48B69A44692:t227, leader=null, voted=a1c78c0e-869c-4f76-b4ce-2034448e0b80, raftlog=a1c78c0e-869c-4f76-b4ce-2034448e0b80@group-D48B69A44692-SegmentedRaftLog:OPENED:c-1,f-1,i0, conf=-1: [51276c3c-a3b8-4274-b089-592ff4589f41:192.168.157.213:36639, 64c90977-e867-487c-b50d-c226f2d34a76:192.168.157.213:37433, a1c78c0e-869c-4f76-b4ce-2034448e0b80:192.168.157.213:33501], old=null
2019-10-19 01:04:55,223 [a1c78c0e-869c-4f76-b4ce-2034448e0b80@group-D48B69A44692-LeaderElection332] INFO  impl.LeaderElection (LogUtils.java:infoOrTrace(149)) -   Exception 0: {}
java.util.concurrent.ExecutionException: org.apache.ratis.thirdparty.io.grpc.StatusRuntimeException: UNAVAILABLE: io exception
	at java.util.concurrent.FutureTask.report(FutureTask.java:122)
	at java.util.concurrent.FutureTask.get(FutureTask.java:192)
	at org.apache.ratis.server.impl.LeaderElection.waitForResults(LeaderElection.java:259)
	at org.apache.ratis.server.impl.LeaderElection.askForVotes(LeaderElection.java:197)
	at org.apache.ratis.server.impl.LeaderElection.run(LeaderElection.java:133)
	at java.lang.Thread.run(Thread.java:748)
Caused by: org.apache.ratis.thirdparty.io.grpc.StatusRuntimeException: UNAVAILABLE: io exception
	at org.apache.ratis.thirdparty.io.grpc.stub.ClientCalls.toStatusRuntimeException(ClientCalls.java:233)
	at org.apache.ratis.thirdparty.io.grpc.stub.ClientCalls.getUnchecked(ClientCalls.java:214)
	at org.apache.ratis.thirdparty.io.grpc.stub.ClientCalls.blockingUnaryCall(ClientCalls.java:139)
	at org.apache.ratis.proto.grpc.RaftServerProtocolServiceGrpc$RaftServerProtocolServiceBlockingStub.requestVote(RaftServerProtocolServiceGrpc.java:265)
	at org.apache.ratis.grpc.server.GrpcServerProtocolClient.requestVote(GrpcServerProtocolClient.java:99)
	at org.apache.ratis.grpc.server.GrpcService.requestVote(GrpcService.java:204)
	at org.apache.ratis.server.impl.LeaderElection.lambda$submitRequests$1(LeaderElection.java:234)
	at java.util.concurrent.FutureTask.run(FutureTask.java:266)
	at java.util.concurrent.Executors$RunnableAdapter.call(Executors.java:511)
	at java.util.concurrent.FutureTask.run(FutureTask.java:266)
	at java.util.concurrent.ThreadPoolExecutor.runWorker(ThreadPoolExecutor.java:1149)
	at java.util.concurrent.ThreadPoolExecutor$Worker.run(ThreadPoolExecutor.java:624)
	... 1 more
Caused by: org.apache.ratis.thirdparty.io.netty.channel.AbstractChannel$AnnotatedConnectException: Connection refused: /192.168.157.213:36639
	at sun.nio.ch.SocketChannelImpl.checkConnect(Native Method)
	at sun.nio.ch.SocketChannelImpl.finishConnect(SocketChannelImpl.java:717)
	at org.apache.ratis.thirdparty.io.netty.channel.socket.nio.NioSocketChannel.doFinishConnect(NioSocketChannel.java:327)
	at org.apache.ratis.thirdparty.io.netty.channel.nio.AbstractNioChannel$AbstractNioUnsafe.finishConnect(AbstractNioChannel.java:340)
	at org.apache.ratis.thirdparty.io.netty.channel.nio.NioEventLoop.processSelectedKey(NioEventLoop.java:632)
	at org.apache.ratis.thirdparty.io.netty.channel.nio.NioEventLoop.processSelectedKeysOptimized(NioEventLoop.java:579)
	at org.apache.ratis.thirdparty.io.netty.channel.nio.NioEventLoop.processSelectedKeys(NioEventLoop.java:496)
	at org.apache.ratis.thirdparty.io.netty.channel.nio.NioEventLoop.run(NioEventLoop.java:458)
	at org.apache.ratis.thirdparty.io.netty.util.concurrent.SingleThreadEventExecutor$5.run(SingleThreadEventExecutor.java:897)
	at org.apache.ratis.thirdparty.io.netty.util.concurrent.FastThreadLocalRunnable.run(FastThreadLocalRunnable.java:30)
	... 1 more
Caused by: java.net.ConnectException: Connection refused
	... 11 more
2019-10-19 01:04:55,223 [a1c78c0e-869c-4f76-b4ce-2034448e0b80@group-D48B69A44692-LeaderElection332] INFO  impl.RaftServerImpl (RaftServerImpl.java:setRole(184)) - a1c78c0e-869c-4f76-b4ce-2034448e0b80@group-D48B69A44692: changes role from CANDIDATE to FOLLOWER at term 227 for DISCOVERED_A_NEW_TERM
2019-10-19 01:04:55,223 [a1c78c0e-869c-4f76-b4ce-2034448e0b80@group-D48B69A44692-LeaderElection332] INFO  impl.RoleInfo (RoleInfo.java:shutdownLeaderElection(134)) - a1c78c0e-869c-4f76-b4ce-2034448e0b80: shutdown LeaderElection
2019-10-19 01:04:55,223 [a1c78c0e-869c-4f76-b4ce-2034448e0b80@group-D48B69A44692-LeaderElection332] INFO  impl.RoleInfo (RoleInfo.java:updateAndGet(143)) - a1c78c0e-869c-4f76-b4ce-2034448e0b80: start FollowerState
2019-10-19 01:04:55,259 [Thread-2622] INFO  impl.FollowerState (FollowerState.java:run(108)) - a1c78c0e-869c-4f76-b4ce-2034448e0b80@group-D48B69A44692-FollowerState: change to CANDIDATE, lastRpcTime:35ms, electionTimeout:35ms
2019-10-19 01:04:55,259 [Thread-2622] INFO  impl.RoleInfo (RoleInfo.java:shutdownFollowerState(121)) - a1c78c0e-869c-4f76-b4ce-2034448e0b80: shutdown FollowerState
2019-10-19 01:04:55,259 [Thread-2622] INFO  impl.RaftServerImpl (RaftServerImpl.java:setRole(184)) - a1c78c0e-869c-4f76-b4ce-2034448e0b80@group-D48B69A44692: changes role from  FOLLOWER to CANDIDATE at term 227 for changeToCandidate
2019-10-19 01:04:55,259 [Thread-2622] INFO  impl.RoleInfo (RoleInfo.java:updateAndGet(143)) - a1c78c0e-869c-4f76-b4ce-2034448e0b80: start LeaderElection
2019-10-19 01:04:55,273 [a1c78c0e-869c-4f76-b4ce-2034448e0b80@group-D48B69A44692-LeaderElection333] INFO  impl.LeaderElection (LeaderElection.java:askForVotes(178)) - a1c78c0e-869c-4f76-b4ce-2034448e0b80@group-D48B69A44692-LeaderElection333: begin an election at term 228 for -1: [51276c3c-a3b8-4274-b089-592ff4589f41:192.168.157.213:36639, 64c90977-e867-487c-b50d-c226f2d34a76:192.168.157.213:37433, a1c78c0e-869c-4f76-b4ce-2034448e0b80:192.168.157.213:33501], old=null
2019-10-19 01:04:55,274 [a1c78c0e-869c-4f76-b4ce-2034448e0b80@group-D48B69A44692-LeaderElection333] INFO  impl.LeaderElection (LogUtils.java:infoOrTrace(149)) - a1c78c0e-869c-4f76-b4ce-2034448e0b80@group-D48B69A44692-LeaderElection333 got exception when requesting votes: {}
java.util.concurrent.ExecutionException: org.apache.ratis.thirdparty.io.grpc.StatusRuntimeException: UNAVAILABLE: io exception
	at java.util.concurrent.FutureTask.report(FutureTask.java:122)
	at java.util.concurrent.FutureTask.get(FutureTask.java:192)
	at org.apache.ratis.server.impl.LeaderElection.waitForResults(LeaderElection.java:259)
	at org.apache.ratis.server.impl.LeaderElection.askForVotes(LeaderElection.java:197)
	at org.apache.ratis.server.impl.LeaderElection.run(LeaderElection.java:133)
	at java.lang.Thread.run(Thread.java:748)
Caused by: org.apache.ratis.thirdparty.io.grpc.StatusRuntimeException: UNAVAILABLE: io exception
	at org.apache.ratis.thirdparty.io.grpc.stub.ClientCalls.toStatusRuntimeException(ClientCalls.java:233)
	at org.apache.ratis.thirdparty.io.grpc.stub.ClientCalls.getUnchecked(ClientCalls.java:214)
	at org.apache.ratis.thirdparty.io.grpc.stub.ClientCalls.blockingUnaryCall(ClientCalls.java:139)
	at org.apache.ratis.proto.grpc.RaftServerProtocolServiceGrpc$RaftServerProtocolServiceBlockingStub.requestVote(RaftServerProtocolServiceGrpc.java:265)
	at org.apache.ratis.grpc.server.GrpcServerProtocolClient.requestVote(GrpcServerProtocolClient.java:99)
	at org.apache.ratis.grpc.server.GrpcService.requestVote(GrpcService.java:204)
	at org.apache.ratis.server.impl.LeaderElection.lambda$submitRequests$1(LeaderElection.java:234)
	at java.util.concurrent.FutureTask.run(FutureTask.java:266)
	at java.util.concurrent.Executors$RunnableAdapter.call(Executors.java:511)
	at java.util.concurrent.FutureTask.run(FutureTask.java:266)
	at java.util.concurrent.ThreadPoolExecutor.runWorker(ThreadPoolExecutor.java:1149)
	at java.util.concurrent.ThreadPoolExecutor$Worker.run(ThreadPoolExecutor.java:624)
	... 1 more
Caused by: org.apache.ratis.thirdparty.io.netty.channel.AbstractChannel$AnnotatedConnectException: Connection refused: /192.168.157.213:36639
	at sun.nio.ch.SocketChannelImpl.checkConnect(Native Method)
	at sun.nio.ch.SocketChannelImpl.finishConnect(SocketChannelImpl.java:717)
	at org.apache.ratis.thirdparty.io.netty.channel.socket.nio.NioSocketChannel.doFinishConnect(NioSocketChannel.java:327)
	at org.apache.ratis.thirdparty.io.netty.channel.nio.AbstractNioChannel$AbstractNioUnsafe.finishConnect(AbstractNioChannel.java:340)
	at org.apache.ratis.thirdparty.io.netty.channel.nio.NioEventLoop.processSelectedKey(NioEventLoop.java:632)
	at org.apache.ratis.thirdparty.io.netty.channel.nio.NioEventLoop.processSelectedKeysOptimized(NioEventLoop.java:579)
	at org.apache.ratis.thirdparty.io.netty.channel.nio.NioEventLoop.processSelectedKeys(NioEventLoop.java:496)
	at org.apache.ratis.thirdparty.io.netty.channel.nio.NioEventLoop.run(NioEventLoop.java:458)
	at org.apache.ratis.thirdparty.io.netty.util.concurrent.SingleThreadEventExecutor$5.run(SingleThreadEventExecutor.java:897)
	at org.apache.ratis.thirdparty.io.netty.util.concurrent.FastThreadLocalRunnable.run(FastThreadLocalRunnable.java:30)
	... 1 more
Caused by: java.net.ConnectException: Connection refused
	... 11 more
2019-10-19 01:04:55,275 [grpc-default-executor-4] INFO  impl.RaftServerImpl (RaftServerImpl.java:setRole(184)) - 64c90977-e867-487c-b50d-c226f2d34a76@group-D48B69A44692: changes role from  FOLLOWER to FOLLOWER at term 228 for recognizeCandidate:a1c78c0e-869c-4f76-b4ce-2034448e0b80
2019-10-19 01:04:55,276 [grpc-default-executor-4] INFO  impl.RoleInfo (RoleInfo.java:shutdownFollowerState(121)) - 64c90977-e867-487c-b50d-c226f2d34a76: shutdown FollowerState
2019-10-19 01:04:55,276 [grpc-default-executor-4] INFO  impl.RoleInfo (RoleInfo.java:updateAndGet(143)) - 64c90977-e867-487c-b50d-c226f2d34a76: start FollowerState
2019-10-19 01:04:55,276 [Thread-2621] INFO  impl.FollowerState (FollowerState.java:run(117)) - 64c90977-e867-487c-b50d-c226f2d34a76@group-D48B69A44692-FollowerState was interrupted: java.lang.InterruptedException: sleep interrupted
2019-10-19 01:04:55,281 [Datanode State Machine Thread - 0] INFO  statemachine.DatanodeStateMachine (DatanodeStateMachine.java:lambda$startDaemon$0(350)) - Ozone container server started.
2019-10-19 01:04:55,297 [a1c78c0e-869c-4f76-b4ce-2034448e0b80@group-D48B69A44692-LeaderElection333] INFO  impl.LeaderElection (LeaderElection.java:logAndReturn(56)) - a1c78c0e-869c-4f76-b4ce-2034448e0b80@group-D48B69A44692-LeaderElection333: Election REJECTED; received 1 response(s) [a1c78c0e-869c-4f76-b4ce-2034448e0b80<-64c90977-e867-487c-b50d-c226f2d34a76#0:FAIL-t228] and 1 exception(s); a1c78c0e-869c-4f76-b4ce-2034448e0b80@group-D48B69A44692:t228, leader=null, voted=a1c78c0e-869c-4f76-b4ce-2034448e0b80, raftlog=a1c78c0e-869c-4f76-b4ce-2034448e0b80@group-D48B69A44692-SegmentedRaftLog:OPENED:c-1,f-1,i0, conf=-1: [51276c3c-a3b8-4274-b089-592ff4589f41:192.168.157.213:36639, 64c90977-e867-487c-b50d-c226f2d34a76:192.168.157.213:37433, a1c78c0e-869c-4f76-b4ce-2034448e0b80:192.168.157.213:33501], old=null
2019-10-19 01:04:55,297 [a1c78c0e-869c-4f76-b4ce-2034448e0b80@group-D48B69A44692-LeaderElection333] INFO  impl.LeaderElection (LogUtils.java:infoOrTrace(149)) -   Exception 0: {}
java.util.concurrent.ExecutionException: org.apache.ratis.thirdparty.io.grpc.StatusRuntimeException: UNAVAILABLE: io exception
	at java.util.concurrent.FutureTask.report(FutureTask.java:122)
	at java.util.concurrent.FutureTask.get(FutureTask.java:192)
	at org.apache.ratis.server.impl.LeaderElection.waitForResults(LeaderElection.java:259)
	at org.apache.ratis.server.impl.LeaderElection.askForVotes(LeaderElection.java:197)
	at org.apache.ratis.server.impl.LeaderElection.run(LeaderElection.java:133)
	at java.lang.Thread.run(Thread.java:748)
Caused by: org.apache.ratis.thirdparty.io.grpc.StatusRuntimeException: UNAVAILABLE: io exception
	at org.apache.ratis.thirdparty.io.grpc.stub.ClientCalls.toStatusRuntimeException(ClientCalls.java:233)
	at org.apache.ratis.thirdparty.io.grpc.stub.ClientCalls.getUnchecked(ClientCalls.java:214)
	at org.apache.ratis.thirdparty.io.grpc.stub.ClientCalls.blockingUnaryCall(ClientCalls.java:139)
	at org.apache.ratis.proto.grpc.RaftServerProtocolServiceGrpc$RaftServerProtocolServiceBlockingStub.requestVote(RaftServerProtocolServiceGrpc.java:265)
	at org.apache.ratis.grpc.server.GrpcServerProtocolClient.requestVote(GrpcServerProtocolClient.java:99)
	at org.apache.ratis.grpc.server.GrpcService.requestVote(GrpcService.java:204)
	at org.apache.ratis.server.impl.LeaderElection.lambda$submitRequests$1(LeaderElection.java:234)
	at java.util.concurrent.FutureTask.run(FutureTask.java:266)
	at java.util.concurrent.Executors$RunnableAdapter.call(Executors.java:511)
	at java.util.concurrent.FutureTask.run(FutureTask.java:266)
	at java.util.concurrent.ThreadPoolExecutor.runWorker(ThreadPoolExecutor.java:1149)
	at java.util.concurrent.ThreadPoolExecutor$Worker.run(ThreadPoolExecutor.java:624)
	... 1 more
Caused by: org.apache.ratis.thirdparty.io.netty.channel.AbstractChannel$AnnotatedConnectException: Connection refused: /192.168.157.213:36639
	at sun.nio.ch.SocketChannelImpl.checkConnect(Native Method)
	at sun.nio.ch.SocketChannelImpl.finishConnect(SocketChannelImpl.java:717)
	at org.apache.ratis.thirdparty.io.netty.channel.socket.nio.NioSocketChannel.doFinishConnect(NioSocketChannel.java:327)
	at org.apache.ratis.thirdparty.io.netty.channel.nio.AbstractNioChannel$AbstractNioUnsafe.finishConnect(AbstractNioChannel.java:340)
	at org.apache.ratis.thirdparty.io.netty.channel.nio.NioEventLoop.processSelectedKey(NioEventLoop.java:632)
	at org.apache.ratis.thirdparty.io.netty.channel.nio.NioEventLoop.processSelectedKeysOptimized(NioEventLoop.java:579)
	at org.apache.ratis.thirdparty.io.netty.channel.nio.NioEventLoop.processSelectedKeys(NioEventLoop.java:496)
	at org.apache.ratis.thirdparty.io.netty.channel.nio.NioEventLoop.run(NioEventLoop.java:458)
	at org.apache.ratis.thirdparty.io.netty.util.concurrent.SingleThreadEventExecutor$5.run(SingleThreadEventExecutor.java:897)
	at org.apache.ratis.thirdparty.io.netty.util.concurrent.FastThreadLocalRunnable.run(FastThreadLocalRunnable.java:30)
	... 1 more
Caused by: java.net.ConnectException: Connection refused
	... 11 more
2019-10-19 01:04:55,297 [a1c78c0e-869c-4f76-b4ce-2034448e0b80@group-D48B69A44692-LeaderElection333] INFO  impl.RaftServerImpl (RaftServerImpl.java:setRole(184)) - a1c78c0e-869c-4f76-b4ce-2034448e0b80@group-D48B69A44692: changes role from CANDIDATE to FOLLOWER at term 228 for DISCOVERED_A_NEW_TERM
2019-10-19 01:04:55,298 [a1c78c0e-869c-4f76-b4ce-2034448e0b80@group-D48B69A44692-LeaderElection333] INFO  impl.RoleInfo (RoleInfo.java:shutdownLeaderElection(134)) - a1c78c0e-869c-4f76-b4ce-2034448e0b80: shutdown LeaderElection
2019-10-19 01:04:55,298 [a1c78c0e-869c-4f76-b4ce-2034448e0b80@group-D48B69A44692-LeaderElection333] INFO  impl.RoleInfo (RoleInfo.java:updateAndGet(143)) - a1c78c0e-869c-4f76-b4ce-2034448e0b80: start FollowerState
2019-10-19 01:04:55,344 [Thread-2627] INFO  impl.FollowerState (FollowerState.java:run(108)) - a1c78c0e-869c-4f76-b4ce-2034448e0b80@group-D48B69A44692-FollowerState: change to CANDIDATE, lastRpcTime:46ms, electionTimeout:46ms
2019-10-19 01:04:55,344 [Thread-2627] INFO  impl.RoleInfo (RoleInfo.java:shutdownFollowerState(121)) - a1c78c0e-869c-4f76-b4ce-2034448e0b80: shutdown FollowerState
2019-10-19 01:04:55,344 [Thread-2627] INFO  impl.RaftServerImpl (RaftServerImpl.java:setRole(184)) - a1c78c0e-869c-4f76-b4ce-2034448e0b80@group-D48B69A44692: changes role from  FOLLOWER to CANDIDATE at term 228 for changeToCandidate
2019-10-19 01:04:55,344 [Thread-2627] INFO  impl.RoleInfo (RoleInfo.java:updateAndGet(143)) - a1c78c0e-869c-4f76-b4ce-2034448e0b80: start LeaderElection
2019-10-19 01:04:55,349 [a1c78c0e-869c-4f76-b4ce-2034448e0b80@group-D48B69A44692-LeaderElection334] INFO  impl.LeaderElection (LeaderElection.java:askForVotes(178)) - a1c78c0e-869c-4f76-b4ce-2034448e0b80@group-D48B69A44692-LeaderElection334: begin an election at term 229 for -1: [51276c3c-a3b8-4274-b089-592ff4589f41:192.168.157.213:36639, 64c90977-e867-487c-b50d-c226f2d34a76:192.168.157.213:37433, a1c78c0e-869c-4f76-b4ce-2034448e0b80:192.168.157.213:33501], old=null
2019-10-19 01:04:55,350 [a1c78c0e-869c-4f76-b4ce-2034448e0b80@group-D48B69A44692-LeaderElection334] INFO  impl.LeaderElection (LogUtils.java:infoOrTrace(149)) - a1c78c0e-869c-4f76-b4ce-2034448e0b80@group-D48B69A44692-LeaderElection334 got exception when requesting votes: {}
java.util.concurrent.ExecutionException: org.apache.ratis.thirdparty.io.grpc.StatusRuntimeException: UNAVAILABLE: io exception
	at java.util.concurrent.FutureTask.report(FutureTask.java:122)
	at java.util.concurrent.FutureTask.get(FutureTask.java:192)
	at org.apache.ratis.server.impl.LeaderElection.waitForResults(LeaderElection.java:259)
	at org.apache.ratis.server.impl.LeaderElection.askForVotes(LeaderElection.java:197)
	at org.apache.ratis.server.impl.LeaderElection.run(LeaderElection.java:133)
	at java.lang.Thread.run(Thread.java:748)
Caused by: org.apache.ratis.thirdparty.io.grpc.StatusRuntimeException: UNAVAILABLE: io exception
	at org.apache.ratis.thirdparty.io.grpc.stub.ClientCalls.toStatusRuntimeException(ClientCalls.java:233)
	at org.apache.ratis.thirdparty.io.grpc.stub.ClientCalls.getUnchecked(ClientCalls.java:214)
	at org.apache.ratis.thirdparty.io.grpc.stub.ClientCalls.blockingUnaryCall(ClientCalls.java:139)
	at org.apache.ratis.proto.grpc.RaftServerProtocolServiceGrpc$RaftServerProtocolServiceBlockingStub.requestVote(RaftServerProtocolServiceGrpc.java:265)
	at org.apache.ratis.grpc.server.GrpcServerProtocolClient.requestVote(GrpcServerProtocolClient.java:99)
	at org.apache.ratis.grpc.server.GrpcService.requestVote(GrpcService.java:204)
	at org.apache.ratis.server.impl.LeaderElection.lambda$submitRequests$1(LeaderElection.java:234)
	at java.util.concurrent.FutureTask.run(FutureTask.java:266)
	at java.util.concurrent.Executors$RunnableAdapter.call(Executors.java:511)
	at java.util.concurrent.FutureTask.run(FutureTask.java:266)
	at java.util.concurrent.ThreadPoolExecutor.runWorker(ThreadPoolExecutor.java:1149)
	at java.util.concurrent.ThreadPoolExecutor$Worker.run(ThreadPoolExecutor.java:624)
	... 1 more
Caused by: org.apache.ratis.thirdparty.io.netty.channel.AbstractChannel$AnnotatedConnectException: Connection refused: /192.168.157.213:36639
	at sun.nio.ch.SocketChannelImpl.checkConnect(Native Method)
	at sun.nio.ch.SocketChannelImpl.finishConnect(SocketChannelImpl.java:717)
	at org.apache.ratis.thirdparty.io.netty.channel.socket.nio.NioSocketChannel.doFinishConnect(NioSocketChannel.java:327)
	at org.apache.ratis.thirdparty.io.netty.channel.nio.AbstractNioChannel$AbstractNioUnsafe.finishConnect(AbstractNioChannel.java:340)
	at org.apache.ratis.thirdparty.io.netty.channel.nio.NioEventLoop.processSelectedKey(NioEventLoop.java:632)
	at org.apache.ratis.thirdparty.io.netty.channel.nio.NioEventLoop.processSelectedKeysOptimized(NioEventLoop.java:579)
	at org.apache.ratis.thirdparty.io.netty.channel.nio.NioEventLoop.processSelectedKeys(NioEventLoop.java:496)
	at org.apache.ratis.thirdparty.io.netty.channel.nio.NioEventLoop.run(NioEventLoop.java:458)
	at org.apache.ratis.thirdparty.io.netty.util.concurrent.SingleThreadEventExecutor$5.run(SingleThreadEventExecutor.java:897)
	at org.apache.ratis.thirdparty.io.netty.util.concurrent.FastThreadLocalRunnable.run(FastThreadLocalRunnable.java:30)
	... 1 more
Caused by: java.net.ConnectException: Connection refused
	... 11 more
2019-10-19 01:04:55,351 [grpc-default-executor-4] INFO  impl.RaftServerImpl (RaftServerImpl.java:setRole(184)) - 64c90977-e867-487c-b50d-c226f2d34a76@group-D48B69A44692: changes role from  FOLLOWER to FOLLOWER at term 229 for recognizeCandidate:a1c78c0e-869c-4f76-b4ce-2034448e0b80
2019-10-19 01:04:55,351 [grpc-default-executor-4] INFO  impl.RoleInfo (RoleInfo.java:shutdownFollowerState(121)) - 64c90977-e867-487c-b50d-c226f2d34a76: shutdown FollowerState
2019-10-19 01:04:55,352 [grpc-default-executor-4] INFO  impl.RoleInfo (RoleInfo.java:updateAndGet(143)) - 64c90977-e867-487c-b50d-c226f2d34a76: start FollowerState
2019-10-19 01:04:55,352 [Thread-2626] INFO  impl.FollowerState (FollowerState.java:run(117)) - 64c90977-e867-487c-b50d-c226f2d34a76@group-D48B69A44692-FollowerState was interrupted: java.lang.InterruptedException: sleep interrupted
2019-10-19 01:04:55,352 [java.util.concurrent.ThreadPoolExecutor$Worker@3d9b74b8[State = -1, empty queue]] WARN  server.GrpcLogAppender (GrpcLogAppender.java:timeoutAppendRequest(209)) - b26a8d60-58dc-431d-8168-f89a9ab35f3a@group-FB3B7D7D89E3->16805c57-9f45-4377-8998-764a8f26e152-GrpcLogAppender: appendEntries Timeout, request=b26a8d60-58dc-431d-8168-f89a9ab35f3a->16805c57-9f45-4377-8998-764a8f26e152#17-t129, previous=(t:129, i:2), leaderCommit=2, initializing? false, entries: <empty>
2019-10-19 01:04:55,365 [a1c78c0e-869c-4f76-b4ce-2034448e0b80@group-D48B69A44692-LeaderElection334] INFO  impl.LeaderElection (LeaderElection.java:logAndReturn(56)) - a1c78c0e-869c-4f76-b4ce-2034448e0b80@group-D48B69A44692-LeaderElection334: Election REJECTED; received 1 response(s) [a1c78c0e-869c-4f76-b4ce-2034448e0b80<-64c90977-e867-487c-b50d-c226f2d34a76#0:FAIL-t229] and 1 exception(s); a1c78c0e-869c-4f76-b4ce-2034448e0b80@group-D48B69A44692:t229, leader=null, voted=a1c78c0e-869c-4f76-b4ce-2034448e0b80, raftlog=a1c78c0e-869c-4f76-b4ce-2034448e0b80@group-D48B69A44692-SegmentedRaftLog:OPENED:c-1,f-1,i0, conf=-1: [51276c3c-a3b8-4274-b089-592ff4589f41:192.168.157.213:36639, 64c90977-e867-487c-b50d-c226f2d34a76:192.168.157.213:37433, a1c78c0e-869c-4f76-b4ce-2034448e0b80:192.168.157.213:33501], old=null
2019-10-19 01:04:55,365 [a1c78c0e-869c-4f76-b4ce-2034448e0b80@group-D48B69A44692-LeaderElection334] INFO  impl.LeaderElection (LogUtils.java:infoOrTrace(149)) -   Exception 0: {}
java.util.concurrent.ExecutionException: org.apache.ratis.thirdparty.io.grpc.StatusRuntimeException: UNAVAILABLE: io exception
	at java.util.concurrent.FutureTask.report(FutureTask.java:122)
	at java.util.concurrent.FutureTask.get(FutureTask.java:192)
	at org.apache.ratis.server.impl.LeaderElection.waitForResults(LeaderElection.java:259)
	at org.apache.ratis.server.impl.LeaderElection.askForVotes(LeaderElection.java:197)
	at org.apache.ratis.server.impl.LeaderElection.run(LeaderElection.java:133)
	at java.lang.Thread.run(Thread.java:748)
Caused by: org.apache.ratis.thirdparty.io.grpc.StatusRuntimeException: UNAVAILABLE: io exception
	at org.apache.ratis.thirdparty.io.grpc.stub.ClientCalls.toStatusRuntimeException(ClientCalls.java:233)
	at org.apache.ratis.thirdparty.io.grpc.stub.ClientCalls.getUnchecked(ClientCalls.java:214)
	at org.apache.ratis.thirdparty.io.grpc.stub.ClientCalls.blockingUnaryCall(ClientCalls.java:139)
	at org.apache.ratis.proto.grpc.RaftServerProtocolServiceGrpc$RaftServerProtocolServiceBlockingStub.requestVote(RaftServerProtocolServiceGrpc.java:265)
	at org.apache.ratis.grpc.server.GrpcServerProtocolClient.requestVote(GrpcServerProtocolClient.java:99)
	at org.apache.ratis.grpc.server.GrpcService.requestVote(GrpcService.java:204)
	at org.apache.ratis.server.impl.LeaderElection.lambda$submitRequests$1(LeaderElection.java:234)
	at java.util.concurrent.FutureTask.run(FutureTask.java:266)
	at java.util.concurrent.Executors$RunnableAdapter.call(Executors.java:511)
	at java.util.concurrent.FutureTask.run(FutureTask.java:266)
	at java.util.concurrent.ThreadPoolExecutor.runWorker(ThreadPoolExecutor.java:1149)
	at java.util.concurrent.ThreadPoolExecutor$Worker.run(ThreadPoolExecutor.java:624)
	... 1 more
Caused by: org.apache.ratis.thirdparty.io.netty.channel.AbstractChannel$AnnotatedConnectException: Connection refused: /192.168.157.213:36639
	at sun.nio.ch.SocketChannelImpl.checkConnect(Native Method)
	at sun.nio.ch.SocketChannelImpl.finishConnect(SocketChannelImpl.java:717)
	at org.apache.ratis.thirdparty.io.netty.channel.socket.nio.NioSocketChannel.doFinishConnect(NioSocketChannel.java:327)
	at org.apache.ratis.thirdparty.io.netty.channel.nio.AbstractNioChannel$AbstractNioUnsafe.finishConnect(AbstractNioChannel.java:340)
	at org.apache.ratis.thirdparty.io.netty.channel.nio.NioEventLoop.processSelectedKey(NioEventLoop.java:632)
	at org.apache.ratis.thirdparty.io.netty.channel.nio.NioEventLoop.processSelectedKeysOptimized(NioEventLoop.java:579)
	at org.apache.ratis.thirdparty.io.netty.channel.nio.NioEventLoop.processSelectedKeys(NioEventLoop.java:496)
	at org.apache.ratis.thirdparty.io.netty.channel.nio.NioEventLoop.run(NioEventLoop.java:458)
	at org.apache.ratis.thirdparty.io.netty.util.concurrent.SingleThreadEventExecutor$5.run(SingleThreadEventExecutor.java:897)
	at org.apache.ratis.thirdparty.io.netty.util.concurrent.FastThreadLocalRunnable.run(FastThreadLocalRunnable.java:30)
	... 1 more
Caused by: java.net.ConnectException: Connection refused
	... 11 more
2019-10-19 01:04:55,365 [a1c78c0e-869c-4f76-b4ce-2034448e0b80@group-D48B69A44692-LeaderElection334] INFO  impl.RaftServerImpl (RaftServerImpl.java:setRole(184)) - a1c78c0e-869c-4f76-b4ce-2034448e0b80@group-D48B69A44692: changes role from CANDIDATE to FOLLOWER at term 229 for DISCOVERED_A_NEW_TERM
2019-10-19 01:04:55,365 [a1c78c0e-869c-4f76-b4ce-2034448e0b80@group-D48B69A44692-LeaderElection334] INFO  impl.RoleInfo (RoleInfo.java:shutdownLeaderElection(134)) - a1c78c0e-869c-4f76-b4ce-2034448e0b80: shutdown LeaderElection
2019-10-19 01:04:55,366 [a1c78c0e-869c-4f76-b4ce-2034448e0b80@group-D48B69A44692-LeaderElection334] INFO  impl.RoleInfo (RoleInfo.java:updateAndGet(143)) - a1c78c0e-869c-4f76-b4ce-2034448e0b80: start FollowerState
2019-10-19 01:04:55,545 [Thread-2632] INFO  impl.FollowerState (FollowerState.java:run(108)) - a1c78c0e-869c-4f76-b4ce-2034448e0b80@group-D48B69A44692-FollowerState: change to CANDIDATE, lastRpcTime:179ms, electionTimeout:179ms
2019-10-19 01:04:55,545 [Thread-2632] INFO  impl.RoleInfo (RoleInfo.java:shutdownFollowerState(121)) - a1c78c0e-869c-4f76-b4ce-2034448e0b80: shutdown FollowerState
2019-10-19 01:04:55,545 [Thread-2632] INFO  impl.RaftServerImpl (RaftServerImpl.java:setRole(184)) - a1c78c0e-869c-4f76-b4ce-2034448e0b80@group-D48B69A44692: changes role from  FOLLOWER to CANDIDATE at term 229 for changeToCandidate
2019-10-19 01:04:55,545 [Thread-2632] INFO  impl.RoleInfo (RoleInfo.java:updateAndGet(143)) - a1c78c0e-869c-4f76-b4ce-2034448e0b80: start LeaderElection
2019-10-19 01:04:55,571 [a1c78c0e-869c-4f76-b4ce-2034448e0b80@group-D48B69A44692-LeaderElection335] INFO  impl.LeaderElection (LeaderElection.java:askForVotes(178)) - a1c78c0e-869c-4f76-b4ce-2034448e0b80@group-D48B69A44692-LeaderElection335: begin an election at term 230 for -1: [51276c3c-a3b8-4274-b089-592ff4589f41:192.168.157.213:36639, 64c90977-e867-487c-b50d-c226f2d34a76:192.168.157.213:37433, a1c78c0e-869c-4f76-b4ce-2034448e0b80:192.168.157.213:33501], old=null
2019-10-19 01:04:55,571 [a1c78c0e-869c-4f76-b4ce-2034448e0b80@group-D48B69A44692-LeaderElection335] INFO  impl.LeaderElection (LogUtils.java:infoOrTrace(149)) - a1c78c0e-869c-4f76-b4ce-2034448e0b80@group-D48B69A44692-LeaderElection335 got exception when requesting votes: {}
java.util.concurrent.ExecutionException: org.apache.ratis.thirdparty.io.grpc.StatusRuntimeException: UNAVAILABLE: io exception
	at java.util.concurrent.FutureTask.report(FutureTask.java:122)
	at java.util.concurrent.FutureTask.get(FutureTask.java:192)
	at org.apache.ratis.server.impl.LeaderElection.waitForResults(LeaderElection.java:259)
	at org.apache.ratis.server.impl.LeaderElection.askForVotes(LeaderElection.java:197)
	at org.apache.ratis.server.impl.LeaderElection.run(LeaderElection.java:133)
	at java.lang.Thread.run(Thread.java:748)
Caused by: org.apache.ratis.thirdparty.io.grpc.StatusRuntimeException: UNAVAILABLE: io exception
	at org.apache.ratis.thirdparty.io.grpc.stub.ClientCalls.toStatusRuntimeException(ClientCalls.java:233)
	at org.apache.ratis.thirdparty.io.grpc.stub.ClientCalls.getUnchecked(ClientCalls.java:214)
	at org.apache.ratis.thirdparty.io.grpc.stub.ClientCalls.blockingUnaryCall(ClientCalls.java:139)
	at org.apache.ratis.proto.grpc.RaftServerProtocolServiceGrpc$RaftServerProtocolServiceBlockingStub.requestVote(RaftServerProtocolServiceGrpc.java:265)
	at org.apache.ratis.grpc.server.GrpcServerProtocolClient.requestVote(GrpcServerProtocolClient.java:99)
	at org.apache.ratis.grpc.server.GrpcService.requestVote(GrpcService.java:204)
	at org.apache.ratis.server.impl.LeaderElection.lambda$submitRequests$1(LeaderElection.java:234)
	at java.util.concurrent.FutureTask.run(FutureTask.java:266)
	at java.util.concurrent.Executors$RunnableAdapter.call(Executors.java:511)
	at java.util.concurrent.FutureTask.run(FutureTask.java:266)
	at java.util.concurrent.ThreadPoolExecutor.runWorker(ThreadPoolExecutor.java:1149)
	at java.util.concurrent.ThreadPoolExecutor$Worker.run(ThreadPoolExecutor.java:624)
	... 1 more
Caused by: org.apache.ratis.thirdparty.io.netty.channel.AbstractChannel$AnnotatedConnectException: Connection refused: /192.168.157.213:36639
	at sun.nio.ch.SocketChannelImpl.checkConnect(Native Method)
	at sun.nio.ch.SocketChannelImpl.finishConnect(SocketChannelImpl.java:717)
	at org.apache.ratis.thirdparty.io.netty.channel.socket.nio.NioSocketChannel.doFinishConnect(NioSocketChannel.java:327)
	at org.apache.ratis.thirdparty.io.netty.channel.nio.AbstractNioChannel$AbstractNioUnsafe.finishConnect(AbstractNioChannel.java:340)
	at org.apache.ratis.thirdparty.io.netty.channel.nio.NioEventLoop.processSelectedKey(NioEventLoop.java:632)
	at org.apache.ratis.thirdparty.io.netty.channel.nio.NioEventLoop.processSelectedKeysOptimized(NioEventLoop.java:579)
	at org.apache.ratis.thirdparty.io.netty.channel.nio.NioEventLoop.processSelectedKeys(NioEventLoop.java:496)
	at org.apache.ratis.thirdparty.io.netty.channel.nio.NioEventLoop.run(NioEventLoop.java:458)
	at org.apache.ratis.thirdparty.io.netty.util.concurrent.SingleThreadEventExecutor$5.run(SingleThreadEventExecutor.java:897)
	at org.apache.ratis.thirdparty.io.netty.util.concurrent.FastThreadLocalRunnable.run(FastThreadLocalRunnable.java:30)
	... 1 more
Caused by: java.net.ConnectException: Connection refused
	... 11 more
2019-10-19 01:04:55,573 [grpc-default-executor-4] INFO  impl.RaftServerImpl (RaftServerImpl.java:setRole(184)) - 64c90977-e867-487c-b50d-c226f2d34a76@group-D48B69A44692: changes role from  FOLLOWER to FOLLOWER at term 230 for recognizeCandidate:a1c78c0e-869c-4f76-b4ce-2034448e0b80
2019-10-19 01:04:55,573 [grpc-default-executor-4] INFO  impl.RoleInfo (RoleInfo.java:shutdownFollowerState(121)) - 64c90977-e867-487c-b50d-c226f2d34a76: shutdown FollowerState
2019-10-19 01:04:55,573 [grpc-default-executor-4] INFO  impl.RoleInfo (RoleInfo.java:updateAndGet(143)) - 64c90977-e867-487c-b50d-c226f2d34a76: start FollowerState
2019-10-19 01:04:55,573 [Thread-2631] INFO  impl.FollowerState (FollowerState.java:run(117)) - 64c90977-e867-487c-b50d-c226f2d34a76@group-D48B69A44692-FollowerState was interrupted: java.lang.InterruptedException: sleep interrupted
2019-10-19 01:04:55,599 [a1c78c0e-869c-4f76-b4ce-2034448e0b80@group-D48B69A44692-LeaderElection335] INFO  impl.LeaderElection (LeaderElection.java:logAndReturn(56)) - a1c78c0e-869c-4f76-b4ce-2034448e0b80@group-D48B69A44692-LeaderElection335: Election REJECTED; received 1 response(s) [a1c78c0e-869c-4f76-b4ce-2034448e0b80<-64c90977-e867-487c-b50d-c226f2d34a76#0:FAIL-t230] and 1 exception(s); a1c78c0e-869c-4f76-b4ce-2034448e0b80@group-D48B69A44692:t230, leader=null, voted=a1c78c0e-869c-4f76-b4ce-2034448e0b80, raftlog=a1c78c0e-869c-4f76-b4ce-2034448e0b80@group-D48B69A44692-SegmentedRaftLog:OPENED:c-1,f-1,i0, conf=-1: [51276c3c-a3b8-4274-b089-592ff4589f41:192.168.157.213:36639, 64c90977-e867-487c-b50d-c226f2d34a76:192.168.157.213:37433, a1c78c0e-869c-4f76-b4ce-2034448e0b80:192.168.157.213:33501], old=null
2019-10-19 01:04:55,599 [a1c78c0e-869c-4f76-b4ce-2034448e0b80@group-D48B69A44692-LeaderElection335] INFO  impl.LeaderElection (LogUtils.java:infoOrTrace(149)) -   Exception 0: {}
java.util.concurrent.ExecutionException: org.apache.ratis.thirdparty.io.grpc.StatusRuntimeException: UNAVAILABLE: io exception
	at java.util.concurrent.FutureTask.report(FutureTask.java:122)
	at java.util.concurrent.FutureTask.get(FutureTask.java:192)
	at org.apache.ratis.server.impl.LeaderElection.waitForResults(LeaderElection.java:259)
	at org.apache.ratis.server.impl.LeaderElection.askForVotes(LeaderElection.java:197)
	at org.apache.ratis.server.impl.LeaderElection.run(LeaderElection.java:133)
	at java.lang.Thread.run(Thread.java:748)
Caused by: org.apache.ratis.thirdparty.io.grpc.StatusRuntimeException: UNAVAILABLE: io exception
	at org.apache.ratis.thirdparty.io.grpc.stub.ClientCalls.toStatusRuntimeException(ClientCalls.java:233)
	at org.apache.ratis.thirdparty.io.grpc.stub.ClientCalls.getUnchecked(ClientCalls.java:214)
	at org.apache.ratis.thirdparty.io.grpc.stub.ClientCalls.blockingUnaryCall(ClientCalls.java:139)
	at org.apache.ratis.proto.grpc.RaftServerProtocolServiceGrpc$RaftServerProtocolServiceBlockingStub.requestVote(RaftServerProtocolServiceGrpc.java:265)
	at org.apache.ratis.grpc.server.GrpcServerProtocolClient.requestVote(GrpcServerProtocolClient.java:99)
	at org.apache.ratis.grpc.server.GrpcService.requestVote(GrpcService.java:204)
	at org.apache.ratis.server.impl.LeaderElection.lambda$submitRequests$1(LeaderElection.java:234)
	at java.util.concurrent.FutureTask.run(FutureTask.java:266)
	at java.util.concurrent.Executors$RunnableAdapter.call(Executors.java:511)
	at java.util.concurrent.FutureTask.run(FutureTask.java:266)
	at java.util.concurrent.ThreadPoolExecutor.runWorker(ThreadPoolExecutor.java:1149)
	at java.util.concurrent.ThreadPoolExecutor$Worker.run(ThreadPoolExecutor.java:624)
	... 1 more
Caused by: org.apache.ratis.thirdparty.io.netty.channel.AbstractChannel$AnnotatedConnectException: Connection refused: /192.168.157.213:36639
	at sun.nio.ch.SocketChannelImpl.checkConnect(Native Method)
	at sun.nio.ch.SocketChannelImpl.finishConnect(SocketChannelImpl.java:717)
	at org.apache.ratis.thirdparty.io.netty.channel.socket.nio.NioSocketChannel.doFinishConnect(NioSocketChannel.java:327)
	at org.apache.ratis.thirdparty.io.netty.channel.nio.AbstractNioChannel$AbstractNioUnsafe.finishConnect(AbstractNioChannel.java:340)
	at org.apache.ratis.thirdparty.io.netty.channel.nio.NioEventLoop.processSelectedKey(NioEventLoop.java:632)
	at org.apache.ratis.thirdparty.io.netty.channel.nio.NioEventLoop.processSelectedKeysOptimized(NioEventLoop.java:579)
	at org.apache.ratis.thirdparty.io.netty.channel.nio.NioEventLoop.processSelectedKeys(NioEventLoop.java:496)
	at org.apache.ratis.thirdparty.io.netty.channel.nio.NioEventLoop.run(NioEventLoop.java:458)
	at org.apache.ratis.thirdparty.io.netty.util.concurrent.SingleThreadEventExecutor$5.run(SingleThreadEventExecutor.java:897)
	at org.apache.ratis.thirdparty.io.netty.util.concurrent.FastThreadLocalRunnable.run(FastThreadLocalRunnable.java:30)
	... 1 more
Caused by: java.net.ConnectException: Connection refused
	... 11 more
2019-10-19 01:04:55,599 [a1c78c0e-869c-4f76-b4ce-2034448e0b80@group-D48B69A44692-LeaderElection335] INFO  impl.RaftServerImpl (RaftServerImpl.java:setRole(184)) - a1c78c0e-869c-4f76-b4ce-2034448e0b80@group-D48B69A44692: changes role from CANDIDATE to FOLLOWER at term 230 for DISCOVERED_A_NEW_TERM
2019-10-19 01:04:55,599 [a1c78c0e-869c-4f76-b4ce-2034448e0b80@group-D48B69A44692-LeaderElection335] INFO  impl.RoleInfo (RoleInfo.java:shutdownLeaderElection(134)) - a1c78c0e-869c-4f76-b4ce-2034448e0b80: shutdown LeaderElection
2019-10-19 01:04:55,599 [a1c78c0e-869c-4f76-b4ce-2034448e0b80@group-D48B69A44692-LeaderElection335] INFO  impl.RoleInfo (RoleInfo.java:updateAndGet(143)) - a1c78c0e-869c-4f76-b4ce-2034448e0b80: start FollowerState
2019-10-19 01:04:55,766 [Thread-2637] INFO  impl.FollowerState (FollowerState.java:run(108)) - a1c78c0e-869c-4f76-b4ce-2034448e0b80@group-D48B69A44692-FollowerState: change to CANDIDATE, lastRpcTime:166ms, electionTimeout:166ms
2019-10-19 01:04:55,766 [Thread-2637] INFO  impl.RoleInfo (RoleInfo.java:shutdownFollowerState(121)) - a1c78c0e-869c-4f76-b4ce-2034448e0b80: shutdown FollowerState
2019-10-19 01:04:55,766 [Thread-2637] INFO  impl.RaftServerImpl (RaftServerImpl.java:setRole(184)) - a1c78c0e-869c-4f76-b4ce-2034448e0b80@group-D48B69A44692: changes role from  FOLLOWER to CANDIDATE at term 230 for changeToCandidate
2019-10-19 01:04:55,766 [Thread-2637] INFO  impl.RoleInfo (RoleInfo.java:updateAndGet(143)) - a1c78c0e-869c-4f76-b4ce-2034448e0b80: start LeaderElection
2019-10-19 01:04:55,773 [a1c78c0e-869c-4f76-b4ce-2034448e0b80@group-D48B69A44692-LeaderElection336] INFO  impl.LeaderElection (LeaderElection.java:askForVotes(178)) - a1c78c0e-869c-4f76-b4ce-2034448e0b80@group-D48B69A44692-LeaderElection336: begin an election at term 231 for -1: [51276c3c-a3b8-4274-b089-592ff4589f41:192.168.157.213:36639, 64c90977-e867-487c-b50d-c226f2d34a76:192.168.157.213:37433, a1c78c0e-869c-4f76-b4ce-2034448e0b80:192.168.157.213:33501], old=null
2019-10-19 01:04:55,774 [a1c78c0e-869c-4f76-b4ce-2034448e0b80@group-D48B69A44692-LeaderElection336] INFO  impl.LeaderElection (LogUtils.java:infoOrTrace(149)) - a1c78c0e-869c-4f76-b4ce-2034448e0b80@group-D48B69A44692-LeaderElection336 got exception when requesting votes: {}
java.util.concurrent.ExecutionException: org.apache.ratis.thirdparty.io.grpc.StatusRuntimeException: UNAVAILABLE: io exception
	at java.util.concurrent.FutureTask.report(FutureTask.java:122)
	at java.util.concurrent.FutureTask.get(FutureTask.java:192)
	at org.apache.ratis.server.impl.LeaderElection.waitForResults(LeaderElection.java:259)
	at org.apache.ratis.server.impl.LeaderElection.askForVotes(LeaderElection.java:197)
	at org.apache.ratis.server.impl.LeaderElection.run(LeaderElection.java:133)
	at java.lang.Thread.run(Thread.java:748)
Caused by: org.apache.ratis.thirdparty.io.grpc.StatusRuntimeException: UNAVAILABLE: io exception
	at org.apache.ratis.thirdparty.io.grpc.stub.ClientCalls.toStatusRuntimeException(ClientCalls.java:233)
	at org.apache.ratis.thirdparty.io.grpc.stub.ClientCalls.getUnchecked(ClientCalls.java:214)
	at org.apache.ratis.thirdparty.io.grpc.stub.ClientCalls.blockingUnaryCall(ClientCalls.java:139)
	at org.apache.ratis.proto.grpc.RaftServerProtocolServiceGrpc$RaftServerProtocolServiceBlockingStub.requestVote(RaftServerProtocolServiceGrpc.java:265)
	at org.apache.ratis.grpc.server.GrpcServerProtocolClient.requestVote(GrpcServerProtocolClient.java:99)
	at org.apache.ratis.grpc.server.GrpcService.requestVote(GrpcService.java:204)
	at org.apache.ratis.server.impl.LeaderElection.lambda$submitRequests$1(LeaderElection.java:234)
	at java.util.concurrent.FutureTask.run(FutureTask.java:266)
	at java.util.concurrent.Executors$RunnableAdapter.call(Executors.java:511)
	at java.util.concurrent.FutureTask.run(FutureTask.java:266)
	at java.util.concurrent.ThreadPoolExecutor.runWorker(ThreadPoolExecutor.java:1149)
	at java.util.concurrent.ThreadPoolExecutor$Worker.run(ThreadPoolExecutor.java:624)
	... 1 more
Caused by: org.apache.ratis.thirdparty.io.netty.channel.AbstractChannel$AnnotatedConnectException: Connection refused: /192.168.157.213:36639
	at sun.nio.ch.SocketChannelImpl.checkConnect(Native Method)
	at sun.nio.ch.SocketChannelImpl.finishConnect(SocketChannelImpl.java:717)
	at org.apache.ratis.thirdparty.io.netty.channel.socket.nio.NioSocketChannel.doFinishConnect(NioSocketChannel.java:327)
	at org.apache.ratis.thirdparty.io.netty.channel.nio.AbstractNioChannel$AbstractNioUnsafe.finishConnect(AbstractNioChannel.java:340)
	at org.apache.ratis.thirdparty.io.netty.channel.nio.NioEventLoop.processSelectedKey(NioEventLoop.java:632)
	at org.apache.ratis.thirdparty.io.netty.channel.nio.NioEventLoop.processSelectedKeysOptimized(NioEventLoop.java:579)
	at org.apache.ratis.thirdparty.io.netty.channel.nio.NioEventLoop.processSelectedKeys(NioEventLoop.java:496)
	at org.apache.ratis.thirdparty.io.netty.channel.nio.NioEventLoop.run(NioEventLoop.java:458)
	at org.apache.ratis.thirdparty.io.netty.util.concurrent.SingleThreadEventExecutor$5.run(SingleThreadEventExecutor.java:897)
	at org.apache.ratis.thirdparty.io.netty.util.concurrent.FastThreadLocalRunnable.run(FastThreadLocalRunnable.java:30)
	... 1 more
Caused by: java.net.ConnectException: Connection refused
	... 11 more
2019-10-19 01:04:55,774 [grpc-default-executor-4] INFO  impl.RaftServerImpl (RaftServerImpl.java:setRole(184)) - 64c90977-e867-487c-b50d-c226f2d34a76@group-D48B69A44692: changes role from  FOLLOWER to FOLLOWER at term 231 for recognizeCandidate:a1c78c0e-869c-4f76-b4ce-2034448e0b80
2019-10-19 01:04:55,774 [grpc-default-executor-4] INFO  impl.RoleInfo (RoleInfo.java:shutdownFollowerState(121)) - 64c90977-e867-487c-b50d-c226f2d34a76: shutdown FollowerState
2019-10-19 01:04:55,775 [grpc-default-executor-4] INFO  impl.RoleInfo (RoleInfo.java:updateAndGet(143)) - 64c90977-e867-487c-b50d-c226f2d34a76: start FollowerState
2019-10-19 01:04:55,775 [Thread-2636] INFO  impl.FollowerState (FollowerState.java:run(117)) - 64c90977-e867-487c-b50d-c226f2d34a76@group-D48B69A44692-FollowerState was interrupted: java.lang.InterruptedException: sleep interrupted
2019-10-19 01:04:55,784 [a1c78c0e-869c-4f76-b4ce-2034448e0b80@group-D48B69A44692-LeaderElection336] INFO  impl.LeaderElection (LeaderElection.java:logAndReturn(56)) - a1c78c0e-869c-4f76-b4ce-2034448e0b80@group-D48B69A44692-LeaderElection336: Election REJECTED; received 1 response(s) [a1c78c0e-869c-4f76-b4ce-2034448e0b80<-64c90977-e867-487c-b50d-c226f2d34a76#0:FAIL-t231] and 1 exception(s); a1c78c0e-869c-4f76-b4ce-2034448e0b80@group-D48B69A44692:t231, leader=null, voted=a1c78c0e-869c-4f76-b4ce-2034448e0b80, raftlog=a1c78c0e-869c-4f76-b4ce-2034448e0b80@group-D48B69A44692-SegmentedRaftLog:OPENED:c-1,f-1,i0, conf=-1: [51276c3c-a3b8-4274-b089-592ff4589f41:192.168.157.213:36639, 64c90977-e867-487c-b50d-c226f2d34a76:192.168.157.213:37433, a1c78c0e-869c-4f76-b4ce-2034448e0b80:192.168.157.213:33501], old=null
2019-10-19 01:04:55,784 [a1c78c0e-869c-4f76-b4ce-2034448e0b80@group-D48B69A44692-LeaderElection336] INFO  impl.LeaderElection (LogUtils.java:infoOrTrace(149)) -   Exception 0: {}
java.util.concurrent.ExecutionException: org.apache.ratis.thirdparty.io.grpc.StatusRuntimeException: UNAVAILABLE: io exception
	at java.util.concurrent.FutureTask.report(FutureTask.java:122)
	at java.util.concurrent.FutureTask.get(FutureTask.java:192)
	at org.apache.ratis.server.impl.LeaderElection.waitForResults(LeaderElection.java:259)
	at org.apache.ratis.server.impl.LeaderElection.askForVotes(LeaderElection.java:197)
	at org.apache.ratis.server.impl.LeaderElection.run(LeaderElection.java:133)
	at java.lang.Thread.run(Thread.java:748)
Caused by: org.apache.ratis.thirdparty.io.grpc.StatusRuntimeException: UNAVAILABLE: io exception
	at org.apache.ratis.thirdparty.io.grpc.stub.ClientCalls.toStatusRuntimeException(ClientCalls.java:233)
	at org.apache.ratis.thirdparty.io.grpc.stub.ClientCalls.getUnchecked(ClientCalls.java:214)
	at org.apache.ratis.thirdparty.io.grpc.stub.ClientCalls.blockingUnaryCall(ClientCalls.java:139)
	at org.apache.ratis.proto.grpc.RaftServerProtocolServiceGrpc$RaftServerProtocolServiceBlockingStub.requestVote(RaftServerProtocolServiceGrpc.java:265)
	at org.apache.ratis.grpc.server.GrpcServerProtocolClient.requestVote(GrpcServerProtocolClient.java:99)
	at org.apache.ratis.grpc.server.GrpcService.requestVote(GrpcService.java:204)
	at org.apache.ratis.server.impl.LeaderElection.lambda$submitRequests$1(LeaderElection.java:234)
	at java.util.concurrent.FutureTask.run(FutureTask.java:266)
	at java.util.concurrent.Executors$RunnableAdapter.call(Executors.java:511)
	at java.util.concurrent.FutureTask.run(FutureTask.java:266)
	at java.util.concurrent.ThreadPoolExecutor.runWorker(ThreadPoolExecutor.java:1149)
	at java.util.concurrent.ThreadPoolExecutor$Worker.run(ThreadPoolExecutor.java:624)
	... 1 more
Caused by: org.apache.ratis.thirdparty.io.netty.channel.AbstractChannel$AnnotatedConnectException: Connection refused: /192.168.157.213:36639
	at sun.nio.ch.SocketChannelImpl.checkConnect(Native Method)
	at sun.nio.ch.SocketChannelImpl.finishConnect(SocketChannelImpl.java:717)
	at org.apache.ratis.thirdparty.io.netty.channel.socket.nio.NioSocketChannel.doFinishConnect(NioSocketChannel.java:327)
	at org.apache.ratis.thirdparty.io.netty.channel.nio.AbstractNioChannel$AbstractNioUnsafe.finishConnect(AbstractNioChannel.java:340)
	at org.apache.ratis.thirdparty.io.netty.channel.nio.NioEventLoop.processSelectedKey(NioEventLoop.java:632)
	at org.apache.ratis.thirdparty.io.netty.channel.nio.NioEventLoop.processSelectedKeysOptimized(NioEventLoop.java:579)
	at org.apache.ratis.thirdparty.io.netty.channel.nio.NioEventLoop.processSelectedKeys(NioEventLoop.java:496)
	at org.apache.ratis.thirdparty.io.netty.channel.nio.NioEventLoop.run(NioEventLoop.java:458)
	at org.apache.ratis.thirdparty.io.netty.util.concurrent.SingleThreadEventExecutor$5.run(SingleThreadEventExecutor.java:897)
	at org.apache.ratis.thirdparty.io.netty.util.concurrent.FastThreadLocalRunnable.run(FastThreadLocalRunnable.java:30)
	... 1 more
Caused by: java.net.ConnectException: Connection refused
	... 11 more
2019-10-19 01:04:55,784 [a1c78c0e-869c-4f76-b4ce-2034448e0b80@group-D48B69A44692-LeaderElection336] INFO  impl.RaftServerImpl (RaftServerImpl.java:setRole(184)) - a1c78c0e-869c-4f76-b4ce-2034448e0b80@group-D48B69A44692: changes role from CANDIDATE to FOLLOWER at term 231 for DISCOVERED_A_NEW_TERM
2019-10-19 01:04:55,784 [a1c78c0e-869c-4f76-b4ce-2034448e0b80@group-D48B69A44692-LeaderElection336] INFO  impl.RoleInfo (RoleInfo.java:shutdownLeaderElection(134)) - a1c78c0e-869c-4f76-b4ce-2034448e0b80: shutdown LeaderElection
2019-10-19 01:04:55,784 [a1c78c0e-869c-4f76-b4ce-2034448e0b80@group-D48B69A44692-LeaderElection336] INFO  impl.RoleInfo (RoleInfo.java:updateAndGet(143)) - a1c78c0e-869c-4f76-b4ce-2034448e0b80: start FollowerState
2019-10-19 01:04:55,852 [java.util.concurrent.ThreadPoolExecutor$Worker@3d9b74b8[State = -1, empty queue]] WARN  server.GrpcLogAppender (GrpcLogAppender.java:timeoutAppendRequest(209)) - b26a8d60-58dc-431d-8168-f89a9ab35f3a@group-FB3B7D7D89E3->16805c57-9f45-4377-8998-764a8f26e152-GrpcLogAppender: appendEntries Timeout, request=b26a8d60-58dc-431d-8168-f89a9ab35f3a->16805c57-9f45-4377-8998-764a8f26e152#18-t129, previous=(t:129, i:2), leaderCommit=2, initializing? false, entries: <empty>
2019-10-19 01:04:55,959 [Thread-2642] INFO  impl.FollowerState (FollowerState.java:run(108)) - a1c78c0e-869c-4f76-b4ce-2034448e0b80@group-D48B69A44692-FollowerState: change to CANDIDATE, lastRpcTime:174ms, electionTimeout:174ms
2019-10-19 01:04:55,959 [Thread-2642] INFO  impl.RoleInfo (RoleInfo.java:shutdownFollowerState(121)) - a1c78c0e-869c-4f76-b4ce-2034448e0b80: shutdown FollowerState
2019-10-19 01:04:55,959 [Thread-2642] INFO  impl.RaftServerImpl (RaftServerImpl.java:setRole(184)) - a1c78c0e-869c-4f76-b4ce-2034448e0b80@group-D48B69A44692: changes role from  FOLLOWER to CANDIDATE at term 231 for changeToCandidate
2019-10-19 01:04:55,959 [Thread-2642] INFO  impl.RoleInfo (RoleInfo.java:updateAndGet(143)) - a1c78c0e-869c-4f76-b4ce-2034448e0b80: start LeaderElection
2019-10-19 01:04:55,965 [a1c78c0e-869c-4f76-b4ce-2034448e0b80@group-D48B69A44692-LeaderElection337] INFO  impl.LeaderElection (LeaderElection.java:askForVotes(178)) - a1c78c0e-869c-4f76-b4ce-2034448e0b80@group-D48B69A44692-LeaderElection337: begin an election at term 232 for -1: [51276c3c-a3b8-4274-b089-592ff4589f41:192.168.157.213:36639, 64c90977-e867-487c-b50d-c226f2d34a76:192.168.157.213:37433, a1c78c0e-869c-4f76-b4ce-2034448e0b80:192.168.157.213:33501], old=null
2019-10-19 01:04:55,966 [a1c78c0e-869c-4f76-b4ce-2034448e0b80@group-D48B69A44692-LeaderElection337] INFO  impl.LeaderElection (LogUtils.java:infoOrTrace(149)) - a1c78c0e-869c-4f76-b4ce-2034448e0b80@group-D48B69A44692-LeaderElection337 got exception when requesting votes: {}
java.util.concurrent.ExecutionException: org.apache.ratis.thirdparty.io.grpc.StatusRuntimeException: UNAVAILABLE: io exception
	at java.util.concurrent.FutureTask.report(FutureTask.java:122)
	at java.util.concurrent.FutureTask.get(FutureTask.java:192)
	at org.apache.ratis.server.impl.LeaderElection.waitForResults(LeaderElection.java:259)
	at org.apache.ratis.server.impl.LeaderElection.askForVotes(LeaderElection.java:197)
	at org.apache.ratis.server.impl.LeaderElection.run(LeaderElection.java:133)
	at java.lang.Thread.run(Thread.java:748)
Caused by: org.apache.ratis.thirdparty.io.grpc.StatusRuntimeException: UNAVAILABLE: io exception
	at org.apache.ratis.thirdparty.io.grpc.stub.ClientCalls.toStatusRuntimeException(ClientCalls.java:233)
	at org.apache.ratis.thirdparty.io.grpc.stub.ClientCalls.getUnchecked(ClientCalls.java:214)
	at org.apache.ratis.thirdparty.io.grpc.stub.ClientCalls.blockingUnaryCall(ClientCalls.java:139)
	at org.apache.ratis.proto.grpc.RaftServerProtocolServiceGrpc$RaftServerProtocolServiceBlockingStub.requestVote(RaftServerProtocolServiceGrpc.java:265)
	at org.apache.ratis.grpc.server.GrpcServerProtocolClient.requestVote(GrpcServerProtocolClient.java:99)
	at org.apache.ratis.grpc.server.GrpcService.requestVote(GrpcService.java:204)
	at org.apache.ratis.server.impl.LeaderElection.lambda$submitRequests$1(LeaderElection.java:234)
	at java.util.concurrent.FutureTask.run(FutureTask.java:266)
	at java.util.concurrent.Executors$RunnableAdapter.call(Executors.java:511)
	at java.util.concurrent.FutureTask.run(FutureTask.java:266)
	at java.util.concurrent.ThreadPoolExecutor.runWorker(ThreadPoolExecutor.java:1149)
	at java.util.concurrent.ThreadPoolExecutor$Worker.run(ThreadPoolExecutor.java:624)
	... 1 more
Caused by: org.apache.ratis.thirdparty.io.netty.channel.AbstractChannel$AnnotatedConnectException: Connection refused: /192.168.157.213:36639
	at sun.nio.ch.SocketChannelImpl.checkConnect(Native Method)
	at sun.nio.ch.SocketChannelImpl.finishConnect(SocketChannelImpl.java:717)
	at org.apache.ratis.thirdparty.io.netty.channel.socket.nio.NioSocketChannel.doFinishConnect(NioSocketChannel.java:327)
	at org.apache.ratis.thirdparty.io.netty.channel.nio.AbstractNioChannel$AbstractNioUnsafe.finishConnect(AbstractNioChannel.java:340)
	at org.apache.ratis.thirdparty.io.netty.channel.nio.NioEventLoop.processSelectedKey(NioEventLoop.java:632)
	at org.apache.ratis.thirdparty.io.netty.channel.nio.NioEventLoop.processSelectedKeysOptimized(NioEventLoop.java:579)
	at org.apache.ratis.thirdparty.io.netty.channel.nio.NioEventLoop.processSelectedKeys(NioEventLoop.java:496)
	at org.apache.ratis.thirdparty.io.netty.channel.nio.NioEventLoop.run(NioEventLoop.java:458)
	at org.apache.ratis.thirdparty.io.netty.util.concurrent.SingleThreadEventExecutor$5.run(SingleThreadEventExecutor.java:897)
	at org.apache.ratis.thirdparty.io.netty.util.concurrent.FastThreadLocalRunnable.run(FastThreadLocalRunnable.java:30)
	... 1 more
Caused by: java.net.ConnectException: Connection refused
	... 11 more
2019-10-19 01:04:55,967 [grpc-default-executor-4] INFO  impl.RaftServerImpl (RaftServerImpl.java:setRole(184)) - 64c90977-e867-487c-b50d-c226f2d34a76@group-D48B69A44692: changes role from  FOLLOWER to FOLLOWER at term 232 for recognizeCandidate:a1c78c0e-869c-4f76-b4ce-2034448e0b80
2019-10-19 01:04:55,967 [grpc-default-executor-4] INFO  impl.RoleInfo (RoleInfo.java:shutdownFollowerState(121)) - 64c90977-e867-487c-b50d-c226f2d34a76: shutdown FollowerState
2019-10-19 01:04:55,968 [grpc-default-executor-4] INFO  impl.RoleInfo (RoleInfo.java:updateAndGet(143)) - 64c90977-e867-487c-b50d-c226f2d34a76: start FollowerState
2019-10-19 01:04:55,968 [Thread-2641] INFO  impl.FollowerState (FollowerState.java:run(117)) - 64c90977-e867-487c-b50d-c226f2d34a76@group-D48B69A44692-FollowerState was interrupted: java.lang.InterruptedException: sleep interrupted
2019-10-19 01:04:55,982 [a1c78c0e-869c-4f76-b4ce-2034448e0b80@group-D48B69A44692-LeaderElection337] INFO  impl.LeaderElection (LeaderElection.java:logAndReturn(56)) - a1c78c0e-869c-4f76-b4ce-2034448e0b80@group-D48B69A44692-LeaderElection337: Election REJECTED; received 1 response(s) [a1c78c0e-869c-4f76-b4ce-2034448e0b80<-64c90977-e867-487c-b50d-c226f2d34a76#0:FAIL-t232] and 1 exception(s); a1c78c0e-869c-4f76-b4ce-2034448e0b80@group-D48B69A44692:t232, leader=null, voted=a1c78c0e-869c-4f76-b4ce-2034448e0b80, raftlog=a1c78c0e-869c-4f76-b4ce-2034448e0b80@group-D48B69A44692-SegmentedRaftLog:OPENED:c-1,f-1,i0, conf=-1: [51276c3c-a3b8-4274-b089-592ff4589f41:192.168.157.213:36639, 64c90977-e867-487c-b50d-c226f2d34a76:192.168.157.213:37433, a1c78c0e-869c-4f76-b4ce-2034448e0b80:192.168.157.213:33501], old=null
2019-10-19 01:04:55,982 [a1c78c0e-869c-4f76-b4ce-2034448e0b80@group-D48B69A44692-LeaderElection337] INFO  impl.LeaderElection (LogUtils.java:infoOrTrace(149)) -   Exception 0: {}
java.util.concurrent.ExecutionException: org.apache.ratis.thirdparty.io.grpc.StatusRuntimeException: UNAVAILABLE: io exception
	at java.util.concurrent.FutureTask.report(FutureTask.java:122)
	at java.util.concurrent.FutureTask.get(FutureTask.java:192)
	at org.apache.ratis.server.impl.LeaderElection.waitForResults(LeaderElection.java:259)
	at org.apache.ratis.server.impl.LeaderElection.askForVotes(LeaderElection.java:197)
	at org.apache.ratis.server.impl.LeaderElection.run(LeaderElection.java:133)
	at java.lang.Thread.run(Thread.java:748)
Caused by: org.apache.ratis.thirdparty.io.grpc.StatusRuntimeException: UNAVAILABLE: io exception
	at org.apache.ratis.thirdparty.io.grpc.stub.ClientCalls.toStatusRuntimeException(ClientCalls.java:233)
	at org.apache.ratis.thirdparty.io.grpc.stub.ClientCalls.getUnchecked(ClientCalls.java:214)
	at org.apache.ratis.thirdparty.io.grpc.stub.ClientCalls.blockingUnaryCall(ClientCalls.java:139)
	at org.apache.ratis.proto.grpc.RaftServerProtocolServiceGrpc$RaftServerProtocolServiceBlockingStub.requestVote(RaftServerProtocolServiceGrpc.java:265)
	at org.apache.ratis.grpc.server.GrpcServerProtocolClient.requestVote(GrpcServerProtocolClient.java:99)
	at org.apache.ratis.grpc.server.GrpcService.requestVote(GrpcService.java:204)
	at org.apache.ratis.server.impl.LeaderElection.lambda$submitRequests$1(LeaderElection.java:234)
	at java.util.concurrent.FutureTask.run(FutureTask.java:266)
	at java.util.concurrent.Executors$RunnableAdapter.call(Executors.java:511)
	at java.util.concurrent.FutureTask.run(FutureTask.java:266)
	at java.util.concurrent.ThreadPoolExecutor.runWorker(ThreadPoolExecutor.java:1149)
	at java.util.concurrent.ThreadPoolExecutor$Worker.run(ThreadPoolExecutor.java:624)
	... 1 more
Caused by: org.apache.ratis.thirdparty.io.netty.channel.AbstractChannel$AnnotatedConnectException: Connection refused: /192.168.157.213:36639
	at sun.nio.ch.SocketChannelImpl.checkConnect(Native Method)
	at sun.nio.ch.SocketChannelImpl.finishConnect(SocketChannelImpl.java:717)
	at org.apache.ratis.thirdparty.io.netty.channel.socket.nio.NioSocketChannel.doFinishConnect(NioSocketChannel.java:327)
	at org.apache.ratis.thirdparty.io.netty.channel.nio.AbstractNioChannel$AbstractNioUnsafe.finishConnect(AbstractNioChannel.java:340)
	at org.apache.ratis.thirdparty.io.netty.channel.nio.NioEventLoop.processSelectedKey(NioEventLoop.java:632)
	at org.apache.ratis.thirdparty.io.netty.channel.nio.NioEventLoop.processSelectedKeysOptimized(NioEventLoop.java:579)
	at org.apache.ratis.thirdparty.io.netty.channel.nio.NioEventLoop.processSelectedKeys(NioEventLoop.java:496)
	at org.apache.ratis.thirdparty.io.netty.channel.nio.NioEventLoop.run(NioEventLoop.java:458)
	at org.apache.ratis.thirdparty.io.netty.util.concurrent.SingleThreadEventExecutor$5.run(SingleThreadEventExecutor.java:897)
	at org.apache.ratis.thirdparty.io.netty.util.concurrent.FastThreadLocalRunnable.run(FastThreadLocalRunnable.java:30)
	... 1 more
Caused by: java.net.ConnectException: Connection refused
	... 11 more
2019-10-19 01:04:55,983 [a1c78c0e-869c-4f76-b4ce-2034448e0b80@group-D48B69A44692-LeaderElection337] INFO  impl.RaftServerImpl (RaftServerImpl.java:setRole(184)) - a1c78c0e-869c-4f76-b4ce-2034448e0b80@group-D48B69A44692: changes role from CANDIDATE to FOLLOWER at term 232 for DISCOVERED_A_NEW_TERM
2019-10-19 01:04:55,983 [a1c78c0e-869c-4f76-b4ce-2034448e0b80@group-D48B69A44692-LeaderElection337] INFO  impl.RoleInfo (RoleInfo.java:shutdownLeaderElection(134)) - a1c78c0e-869c-4f76-b4ce-2034448e0b80: shutdown LeaderElection
2019-10-19 01:04:55,983 [a1c78c0e-869c-4f76-b4ce-2034448e0b80@group-D48B69A44692-LeaderElection337] INFO  impl.RoleInfo (RoleInfo.java:updateAndGet(143)) - a1c78c0e-869c-4f76-b4ce-2034448e0b80: start FollowerState
2019-10-19 01:04:56,137 [Thread-2647] INFO  impl.FollowerState (FollowerState.java:run(108)) - a1c78c0e-869c-4f76-b4ce-2034448e0b80@group-D48B69A44692-FollowerState: change to CANDIDATE, lastRpcTime:153ms, electionTimeout:153ms
2019-10-19 01:04:56,137 [Thread-2647] INFO  impl.RoleInfo (RoleInfo.java:shutdownFollowerState(121)) - a1c78c0e-869c-4f76-b4ce-2034448e0b80: shutdown FollowerState
2019-10-19 01:04:56,137 [Thread-2647] INFO  impl.RaftServerImpl (RaftServerImpl.java:setRole(184)) - a1c78c0e-869c-4f76-b4ce-2034448e0b80@group-D48B69A44692: changes role from  FOLLOWER to CANDIDATE at term 232 for changeToCandidate
2019-10-19 01:04:56,138 [Thread-2647] INFO  impl.RoleInfo (RoleInfo.java:updateAndGet(143)) - a1c78c0e-869c-4f76-b4ce-2034448e0b80: start LeaderElection
2019-10-19 01:04:56,151 [a1c78c0e-869c-4f76-b4ce-2034448e0b80@group-D48B69A44692-LeaderElection338] INFO  impl.LeaderElection (LeaderElection.java:askForVotes(178)) - a1c78c0e-869c-4f76-b4ce-2034448e0b80@group-D48B69A44692-LeaderElection338: begin an election at term 233 for -1: [51276c3c-a3b8-4274-b089-592ff4589f41:192.168.157.213:36639, 64c90977-e867-487c-b50d-c226f2d34a76:192.168.157.213:37433, a1c78c0e-869c-4f76-b4ce-2034448e0b80:192.168.157.213:33501], old=null
2019-10-19 01:04:56,152 [a1c78c0e-869c-4f76-b4ce-2034448e0b80@group-D48B69A44692-LeaderElection338] INFO  impl.LeaderElection (LogUtils.java:infoOrTrace(149)) - a1c78c0e-869c-4f76-b4ce-2034448e0b80@group-D48B69A44692-LeaderElection338 got exception when requesting votes: {}
java.util.concurrent.ExecutionException: org.apache.ratis.thirdparty.io.grpc.StatusRuntimeException: UNAVAILABLE: io exception
	at java.util.concurrent.FutureTask.report(FutureTask.java:122)
	at java.util.concurrent.FutureTask.get(FutureTask.java:192)
	at org.apache.ratis.server.impl.LeaderElection.waitForResults(LeaderElection.java:259)
	at org.apache.ratis.server.impl.LeaderElection.askForVotes(LeaderElection.java:197)
	at org.apache.ratis.server.impl.LeaderElection.run(LeaderElection.java:133)
	at java.lang.Thread.run(Thread.java:748)
Caused by: org.apache.ratis.thirdparty.io.grpc.StatusRuntimeException: UNAVAILABLE: io exception
	at org.apache.ratis.thirdparty.io.grpc.stub.ClientCalls.toStatusRuntimeException(ClientCalls.java:233)
	at org.apache.ratis.thirdparty.io.grpc.stub.ClientCalls.getUnchecked(ClientCalls.java:214)
	at org.apache.ratis.thirdparty.io.grpc.stub.ClientCalls.blockingUnaryCall(ClientCalls.java:139)
	at org.apache.ratis.proto.grpc.RaftServerProtocolServiceGrpc$RaftServerProtocolServiceBlockingStub.requestVote(RaftServerProtocolServiceGrpc.java:265)
	at org.apache.ratis.grpc.server.GrpcServerProtocolClient.requestVote(GrpcServerProtocolClient.java:99)
	at org.apache.ratis.grpc.server.GrpcService.requestVote(GrpcService.java:204)
	at org.apache.ratis.server.impl.LeaderElection.lambda$submitRequests$1(LeaderElection.java:234)
	at java.util.concurrent.FutureTask.run(FutureTask.java:266)
	at java.util.concurrent.Executors$RunnableAdapter.call(Executors.java:511)
	at java.util.concurrent.FutureTask.run(FutureTask.java:266)
	at java.util.concurrent.ThreadPoolExecutor.runWorker(ThreadPoolExecutor.java:1149)
	at java.util.concurrent.ThreadPoolExecutor$Worker.run(ThreadPoolExecutor.java:624)
	... 1 more
Caused by: org.apache.ratis.thirdparty.io.netty.channel.AbstractChannel$AnnotatedConnectException: Connection refused: /192.168.157.213:36639
	at sun.nio.ch.SocketChannelImpl.checkConnect(Native Method)
	at sun.nio.ch.SocketChannelImpl.finishConnect(SocketChannelImpl.java:717)
	at org.apache.ratis.thirdparty.io.netty.channel.socket.nio.NioSocketChannel.doFinishConnect(NioSocketChannel.java:327)
	at org.apache.ratis.thirdparty.io.netty.channel.nio.AbstractNioChannel$AbstractNioUnsafe.finishConnect(AbstractNioChannel.java:340)
	at org.apache.ratis.thirdparty.io.netty.channel.nio.NioEventLoop.processSelectedKey(NioEventLoop.java:632)
	at org.apache.ratis.thirdparty.io.netty.channel.nio.NioEventLoop.processSelectedKeysOptimized(NioEventLoop.java:579)
	at org.apache.ratis.thirdparty.io.netty.channel.nio.NioEventLoop.processSelectedKeys(NioEventLoop.java:496)
	at org.apache.ratis.thirdparty.io.netty.channel.nio.NioEventLoop.run(NioEventLoop.java:458)
	at org.apache.ratis.thirdparty.io.netty.util.concurrent.SingleThreadEventExecutor$5.run(SingleThreadEventExecutor.java:897)
	at org.apache.ratis.thirdparty.io.netty.util.concurrent.FastThreadLocalRunnable.run(FastThreadLocalRunnable.java:30)
	... 1 more
Caused by: java.net.ConnectException: Connection refused
	... 11 more
2019-10-19 01:04:56,154 [grpc-default-executor-4] INFO  impl.RaftServerImpl (RaftServerImpl.java:setRole(184)) - 64c90977-e867-487c-b50d-c226f2d34a76@group-D48B69A44692: changes role from  FOLLOWER to FOLLOWER at term 233 for recognizeCandidate:a1c78c0e-869c-4f76-b4ce-2034448e0b80
2019-10-19 01:04:56,154 [grpc-default-executor-4] INFO  impl.RoleInfo (RoleInfo.java:shutdownFollowerState(121)) - 64c90977-e867-487c-b50d-c226f2d34a76: shutdown FollowerState
2019-10-19 01:04:56,154 [grpc-default-executor-4] INFO  impl.RoleInfo (RoleInfo.java:updateAndGet(143)) - 64c90977-e867-487c-b50d-c226f2d34a76: start FollowerState
2019-10-19 01:04:56,154 [Thread-2646] INFO  impl.FollowerState (FollowerState.java:run(117)) - 64c90977-e867-487c-b50d-c226f2d34a76@group-D48B69A44692-FollowerState was interrupted: java.lang.InterruptedException: sleep interrupted
2019-10-19 01:04:56,167 [a1c78c0e-869c-4f76-b4ce-2034448e0b80@group-D48B69A44692-LeaderElection338] INFO  impl.LeaderElection (LeaderElection.java:logAndReturn(56)) - a1c78c0e-869c-4f76-b4ce-2034448e0b80@group-D48B69A44692-LeaderElection338: Election REJECTED; received 1 response(s) [a1c78c0e-869c-4f76-b4ce-2034448e0b80<-64c90977-e867-487c-b50d-c226f2d34a76#0:FAIL-t233] and 1 exception(s); a1c78c0e-869c-4f76-b4ce-2034448e0b80@group-D48B69A44692:t233, leader=null, voted=a1c78c0e-869c-4f76-b4ce-2034448e0b80, raftlog=a1c78c0e-869c-4f76-b4ce-2034448e0b80@group-D48B69A44692-SegmentedRaftLog:OPENED:c-1,f-1,i0, conf=-1: [51276c3c-a3b8-4274-b089-592ff4589f41:192.168.157.213:36639, 64c90977-e867-487c-b50d-c226f2d34a76:192.168.157.213:37433, a1c78c0e-869c-4f76-b4ce-2034448e0b80:192.168.157.213:33501], old=null
2019-10-19 01:04:56,167 [a1c78c0e-869c-4f76-b4ce-2034448e0b80@group-D48B69A44692-LeaderElection338] INFO  impl.LeaderElection (LogUtils.java:infoOrTrace(149)) -   Exception 0: {}
java.util.concurrent.ExecutionException: org.apache.ratis.thirdparty.io.grpc.StatusRuntimeException: UNAVAILABLE: io exception
	at java.util.concurrent.FutureTask.report(FutureTask.java:122)
	at java.util.concurrent.FutureTask.get(FutureTask.java:192)
	at org.apache.ratis.server.impl.LeaderElection.waitForResults(LeaderElection.java:259)
	at org.apache.ratis.server.impl.LeaderElection.askForVotes(LeaderElection.java:197)
	at org.apache.ratis.server.impl.LeaderElection.run(LeaderElection.java:133)
	at java.lang.Thread.run(Thread.java:748)
Caused by: org.apache.ratis.thirdparty.io.grpc.StatusRuntimeException: UNAVAILABLE: io exception
	at org.apache.ratis.thirdparty.io.grpc.stub.ClientCalls.toStatusRuntimeException(ClientCalls.java:233)
	at org.apache.ratis.thirdparty.io.grpc.stub.ClientCalls.getUnchecked(ClientCalls.java:214)
	at org.apache.ratis.thirdparty.io.grpc.stub.ClientCalls.blockingUnaryCall(ClientCalls.java:139)
	at org.apache.ratis.proto.grpc.RaftServerProtocolServiceGrpc$RaftServerProtocolServiceBlockingStub.requestVote(RaftServerProtocolServiceGrpc.java:265)
	at org.apache.ratis.grpc.server.GrpcServerProtocolClient.requestVote(GrpcServerProtocolClient.java:99)
	at org.apache.ratis.grpc.server.GrpcService.requestVote(GrpcService.java:204)
	at org.apache.ratis.server.impl.LeaderElection.lambda$submitRequests$1(LeaderElection.java:234)
	at java.util.concurrent.FutureTask.run(FutureTask.java:266)
	at java.util.concurrent.Executors$RunnableAdapter.call(Executors.java:511)
	at java.util.concurrent.FutureTask.run(FutureTask.java:266)
	at java.util.concurrent.ThreadPoolExecutor.runWorker(ThreadPoolExecutor.java:1149)
	at java.util.concurrent.ThreadPoolExecutor$Worker.run(ThreadPoolExecutor.java:624)
	... 1 more
Caused by: org.apache.ratis.thirdparty.io.netty.channel.AbstractChannel$AnnotatedConnectException: Connection refused: /192.168.157.213:36639
	at sun.nio.ch.SocketChannelImpl.checkConnect(Native Method)
	at sun.nio.ch.SocketChannelImpl.finishConnect(SocketChannelImpl.java:717)
	at org.apache.ratis.thirdparty.io.netty.channel.socket.nio.NioSocketChannel.doFinishConnect(NioSocketChannel.java:327)
	at org.apache.ratis.thirdparty.io.netty.channel.nio.AbstractNioChannel$AbstractNioUnsafe.finishConnect(AbstractNioChannel.java:340)
	at org.apache.ratis.thirdparty.io.netty.channel.nio.NioEventLoop.processSelectedKey(NioEventLoop.java:632)
	at org.apache.ratis.thirdparty.io.netty.channel.nio.NioEventLoop.processSelectedKeysOptimized(NioEventLoop.java:579)
	at org.apache.ratis.thirdparty.io.netty.channel.nio.NioEventLoop.processSelectedKeys(NioEventLoop.java:496)
	at org.apache.ratis.thirdparty.io.netty.channel.nio.NioEventLoop.run(NioEventLoop.java:458)
	at org.apache.ratis.thirdparty.io.netty.util.concurrent.SingleThreadEventExecutor$5.run(SingleThreadEventExecutor.java:897)
	at org.apache.ratis.thirdparty.io.netty.util.concurrent.FastThreadLocalRunnable.run(FastThreadLocalRunnable.java:30)
	... 1 more
Caused by: java.net.ConnectException: Connection refused
	... 11 more
2019-10-19 01:04:56,168 [a1c78c0e-869c-4f76-b4ce-2034448e0b80@group-D48B69A44692-LeaderElection338] INFO  impl.RaftServerImpl (RaftServerImpl.java:setRole(184)) - a1c78c0e-869c-4f76-b4ce-2034448e0b80@group-D48B69A44692: changes role from CANDIDATE to FOLLOWER at term 233 for DISCOVERED_A_NEW_TERM
2019-10-19 01:04:56,168 [a1c78c0e-869c-4f76-b4ce-2034448e0b80@group-D48B69A44692-LeaderElection338] INFO  impl.RoleInfo (RoleInfo.java:shutdownLeaderElection(134)) - a1c78c0e-869c-4f76-b4ce-2034448e0b80: shutdown LeaderElection
2019-10-19 01:04:56,168 [a1c78c0e-869c-4f76-b4ce-2034448e0b80@group-D48B69A44692-LeaderElection338] INFO  impl.RoleInfo (RoleInfo.java:updateAndGet(143)) - a1c78c0e-869c-4f76-b4ce-2034448e0b80: start FollowerState
2019-10-19 01:04:56,273 [Thread-2652] INFO  impl.FollowerState (FollowerState.java:run(108)) - a1c78c0e-869c-4f76-b4ce-2034448e0b80@group-D48B69A44692-FollowerState: change to CANDIDATE, lastRpcTime:105ms, electionTimeout:105ms
2019-10-19 01:04:56,273 [Thread-2652] INFO  impl.RoleInfo (RoleInfo.java:shutdownFollowerState(121)) - a1c78c0e-869c-4f76-b4ce-2034448e0b80: shutdown FollowerState
2019-10-19 01:04:56,273 [Thread-2652] INFO  impl.RaftServerImpl (RaftServerImpl.java:setRole(184)) - a1c78c0e-869c-4f76-b4ce-2034448e0b80@group-D48B69A44692: changes role from  FOLLOWER to CANDIDATE at term 233 for changeToCandidate
2019-10-19 01:04:56,273 [Thread-2652] INFO  impl.RoleInfo (RoleInfo.java:updateAndGet(143)) - a1c78c0e-869c-4f76-b4ce-2034448e0b80: start LeaderElection
2019-10-19 01:04:56,277 [a1c78c0e-869c-4f76-b4ce-2034448e0b80@group-D48B69A44692-LeaderElection339] INFO  impl.LeaderElection (LeaderElection.java:askForVotes(178)) - a1c78c0e-869c-4f76-b4ce-2034448e0b80@group-D48B69A44692-LeaderElection339: begin an election at term 234 for -1: [51276c3c-a3b8-4274-b089-592ff4589f41:192.168.157.213:36639, 64c90977-e867-487c-b50d-c226f2d34a76:192.168.157.213:37433, a1c78c0e-869c-4f76-b4ce-2034448e0b80:192.168.157.213:33501], old=null
2019-10-19 01:04:56,278 [a1c78c0e-869c-4f76-b4ce-2034448e0b80@group-D48B69A44692-LeaderElection339] INFO  impl.LeaderElection (LogUtils.java:infoOrTrace(149)) - a1c78c0e-869c-4f76-b4ce-2034448e0b80@group-D48B69A44692-LeaderElection339 got exception when requesting votes: {}
java.util.concurrent.ExecutionException: org.apache.ratis.thirdparty.io.grpc.StatusRuntimeException: UNAVAILABLE: io exception
	at java.util.concurrent.FutureTask.report(FutureTask.java:122)
	at java.util.concurrent.FutureTask.get(FutureTask.java:192)
	at org.apache.ratis.server.impl.LeaderElection.waitForResults(LeaderElection.java:259)
	at org.apache.ratis.server.impl.LeaderElection.askForVotes(LeaderElection.java:197)
	at org.apache.ratis.server.impl.LeaderElection.run(LeaderElection.java:133)
	at java.lang.Thread.run(Thread.java:748)
Caused by: org.apache.ratis.thirdparty.io.grpc.StatusRuntimeException: UNAVAILABLE: io exception
	at org.apache.ratis.thirdparty.io.grpc.stub.ClientCalls.toStatusRuntimeException(ClientCalls.java:233)
	at org.apache.ratis.thirdparty.io.grpc.stub.ClientCalls.getUnchecked(ClientCalls.java:214)
	at org.apache.ratis.thirdparty.io.grpc.stub.ClientCalls.blockingUnaryCall(ClientCalls.java:139)
	at org.apache.ratis.proto.grpc.RaftServerProtocolServiceGrpc$RaftServerProtocolServiceBlockingStub.requestVote(RaftServerProtocolServiceGrpc.java:265)
	at org.apache.ratis.grpc.server.GrpcServerProtocolClient.requestVote(GrpcServerProtocolClient.java:99)
	at org.apache.ratis.grpc.server.GrpcService.requestVote(GrpcService.java:204)
	at org.apache.ratis.server.impl.LeaderElection.lambda$submitRequests$1(LeaderElection.java:234)
	at java.util.concurrent.FutureTask.run(FutureTask.java:266)
	at java.util.concurrent.Executors$RunnableAdapter.call(Executors.java:511)
	at java.util.concurrent.FutureTask.run(FutureTask.java:266)
	at java.util.concurrent.ThreadPoolExecutor.runWorker(ThreadPoolExecutor.java:1149)
	at java.util.concurrent.ThreadPoolExecutor$Worker.run(ThreadPoolExecutor.java:624)
	... 1 more
Caused by: org.apache.ratis.thirdparty.io.netty.channel.AbstractChannel$AnnotatedConnectException: Connection refused: /192.168.157.213:36639
	at sun.nio.ch.SocketChannelImpl.checkConnect(Native Method)
	at sun.nio.ch.SocketChannelImpl.finishConnect(SocketChannelImpl.java:717)
	at org.apache.ratis.thirdparty.io.netty.channel.socket.nio.NioSocketChannel.doFinishConnect(NioSocketChannel.java:327)
	at org.apache.ratis.thirdparty.io.netty.channel.nio.AbstractNioChannel$AbstractNioUnsafe.finishConnect(AbstractNioChannel.java:340)
	at org.apache.ratis.thirdparty.io.netty.channel.nio.NioEventLoop.processSelectedKey(NioEventLoop.java:632)
	at org.apache.ratis.thirdparty.io.netty.channel.nio.NioEventLoop.processSelectedKeysOptimized(NioEventLoop.java:579)
	at org.apache.ratis.thirdparty.io.netty.channel.nio.NioEventLoop.processSelectedKeys(NioEventLoop.java:496)
	at org.apache.ratis.thirdparty.io.netty.channel.nio.NioEventLoop.run(NioEventLoop.java:458)
	at org.apache.ratis.thirdparty.io.netty.util.concurrent.SingleThreadEventExecutor$5.run(SingleThreadEventExecutor.java:897)
	at org.apache.ratis.thirdparty.io.netty.util.concurrent.FastThreadLocalRunnable.run(FastThreadLocalRunnable.java:30)
	... 1 more
Caused by: java.net.ConnectException: Connection refused
	... 11 more
2019-10-19 01:04:56,279 [grpc-default-executor-4] INFO  impl.RaftServerImpl (RaftServerImpl.java:setRole(184)) - 64c90977-e867-487c-b50d-c226f2d34a76@group-D48B69A44692: changes role from  FOLLOWER to FOLLOWER at term 234 for recognizeCandidate:a1c78c0e-869c-4f76-b4ce-2034448e0b80
2019-10-19 01:04:56,279 [grpc-default-executor-4] INFO  impl.RoleInfo (RoleInfo.java:shutdownFollowerState(121)) - 64c90977-e867-487c-b50d-c226f2d34a76: shutdown FollowerState
2019-10-19 01:04:56,279 [grpc-default-executor-4] INFO  impl.RoleInfo (RoleInfo.java:updateAndGet(143)) - 64c90977-e867-487c-b50d-c226f2d34a76: start FollowerState
2019-10-19 01:04:56,279 [Thread-2651] INFO  impl.FollowerState (FollowerState.java:run(117)) - 64c90977-e867-487c-b50d-c226f2d34a76@group-D48B69A44692-FollowerState was interrupted: java.lang.InterruptedException: sleep interrupted
2019-10-19 01:04:56,286 [Thread-412] INFO  impl.FollowerState (FollowerState.java:run(108)) - 390d33c4-98c8-495f-9f34-63cdf16532b5@group-EFF8D6679E36-FollowerState: change to CANDIDATE, lastRpcTime:1970ms, electionTimeout:1110ms
2019-10-19 01:04:56,287 [Thread-412] INFO  impl.RoleInfo (RoleInfo.java:shutdownFollowerState(121)) - 390d33c4-98c8-495f-9f34-63cdf16532b5: shutdown FollowerState
2019-10-19 01:04:56,287 [Thread-412] INFO  impl.RaftServerImpl (RaftServerImpl.java:setRole(184)) - 390d33c4-98c8-495f-9f34-63cdf16532b5@group-EFF8D6679E36: changes role from  FOLLOWER to CANDIDATE at term 3 for changeToCandidate
2019-10-19 01:04:56,287 [Thread-412] INFO  impl.RoleInfo (RoleInfo.java:updateAndGet(143)) - 390d33c4-98c8-495f-9f34-63cdf16532b5: start LeaderElection
2019-10-19 01:04:56,287 [390d33c4-98c8-495f-9f34-63cdf16532b5@group-EFF8D6679E36-LeaderElection340] INFO  impl.RaftServerImpl (ServerState.java:setLeader(256)) - 390d33c4-98c8-495f-9f34-63cdf16532b5@group-EFF8D6679E36: change Leader from bd96e850-7fd3-40f8-8499-55f7f41be4fe to null at term 3 for initElection
2019-10-19 01:04:56,293 [390d33c4-98c8-495f-9f34-63cdf16532b5@group-EFF8D6679E36-LeaderElection340] INFO  impl.LeaderElection (LeaderElection.java:askForVotes(178)) - 390d33c4-98c8-495f-9f34-63cdf16532b5@group-EFF8D6679E36-LeaderElection340: begin an election at term 4 for 0: [7f3fb33d-9d98-4be4-bfb4-e5618e23eafb:192.168.157.213:46612, 390d33c4-98c8-495f-9f34-63cdf16532b5:192.168.157.213:40184, bd96e850-7fd3-40f8-8499-55f7f41be4fe:192.168.157.213:46800], old=null
2019-10-19 01:04:56,294 [a1c78c0e-869c-4f76-b4ce-2034448e0b80@group-D48B69A44692-LeaderElection339] INFO  impl.LeaderElection (LeaderElection.java:logAndReturn(56)) - a1c78c0e-869c-4f76-b4ce-2034448e0b80@group-D48B69A44692-LeaderElection339: Election REJECTED; received 1 response(s) [a1c78c0e-869c-4f76-b4ce-2034448e0b80<-64c90977-e867-487c-b50d-c226f2d34a76#0:FAIL-t234] and 1 exception(s); a1c78c0e-869c-4f76-b4ce-2034448e0b80@group-D48B69A44692:t234, leader=null, voted=a1c78c0e-869c-4f76-b4ce-2034448e0b80, raftlog=a1c78c0e-869c-4f76-b4ce-2034448e0b80@group-D48B69A44692-SegmentedRaftLog:OPENED:c-1,f-1,i0, conf=-1: [51276c3c-a3b8-4274-b089-592ff4589f41:192.168.157.213:36639, 64c90977-e867-487c-b50d-c226f2d34a76:192.168.157.213:37433, a1c78c0e-869c-4f76-b4ce-2034448e0b80:192.168.157.213:33501], old=null
2019-10-19 01:04:56,294 [a1c78c0e-869c-4f76-b4ce-2034448e0b80@group-D48B69A44692-LeaderElection339] INFO  impl.LeaderElection (LogUtils.java:infoOrTrace(149)) -   Exception 0: {}
java.util.concurrent.ExecutionException: org.apache.ratis.thirdparty.io.grpc.StatusRuntimeException: UNAVAILABLE: io exception
	at java.util.concurrent.FutureTask.report(FutureTask.java:122)
	at java.util.concurrent.FutureTask.get(FutureTask.java:192)
	at org.apache.ratis.server.impl.LeaderElection.waitForResults(LeaderElection.java:259)
	at org.apache.ratis.server.impl.LeaderElection.askForVotes(LeaderElection.java:197)
	at org.apache.ratis.server.impl.LeaderElection.run(LeaderElection.java:133)
	at java.lang.Thread.run(Thread.java:748)
Caused by: org.apache.ratis.thirdparty.io.grpc.StatusRuntimeException: UNAVAILABLE: io exception
	at org.apache.ratis.thirdparty.io.grpc.stub.ClientCalls.toStatusRuntimeException(ClientCalls.java:233)
	at org.apache.ratis.thirdparty.io.grpc.stub.ClientCalls.getUnchecked(ClientCalls.java:214)
	at org.apache.ratis.thirdparty.io.grpc.stub.ClientCalls.blockingUnaryCall(ClientCalls.java:139)
	at org.apache.ratis.proto.grpc.RaftServerProtocolServiceGrpc$RaftServerProtocolServiceBlockingStub.requestVote(RaftServerProtocolServiceGrpc.java:265)
	at org.apache.ratis.grpc.server.GrpcServerProtocolClient.requestVote(GrpcServerProtocolClient.java:99)
	at org.apache.ratis.grpc.server.GrpcService.requestVote(GrpcService.java:204)
	at org.apache.ratis.server.impl.LeaderElection.lambda$submitRequests$1(LeaderElection.java:234)
	at java.util.concurrent.FutureTask.run(FutureTask.java:266)
	at java.util.concurrent.Executors$RunnableAdapter.call(Executors.java:511)
	at java.util.concurrent.FutureTask.run(FutureTask.java:266)
	at java.util.concurrent.ThreadPoolExecutor.runWorker(ThreadPoolExecutor.java:1149)
	at java.util.concurrent.ThreadPoolExecutor$Worker.run(ThreadPoolExecutor.java:624)
	... 1 more
Caused by: org.apache.ratis.thirdparty.io.netty.channel.AbstractChannel$AnnotatedConnectException: Connection refused: /192.168.157.213:36639
	at sun.nio.ch.SocketChannelImpl.checkConnect(Native Method)
	at sun.nio.ch.SocketChannelImpl.finishConnect(SocketChannelImpl.java:717)
	at org.apache.ratis.thirdparty.io.netty.channel.socket.nio.NioSocketChannel.doFinishConnect(NioSocketChannel.java:327)
	at org.apache.ratis.thirdparty.io.netty.channel.nio.AbstractNioChannel$AbstractNioUnsafe.finishConnect(AbstractNioChannel.java:340)
	at org.apache.ratis.thirdparty.io.netty.channel.nio.NioEventLoop.processSelectedKey(NioEventLoop.java:632)
	at org.apache.ratis.thirdparty.io.netty.channel.nio.NioEventLoop.processSelectedKeysOptimized(NioEventLoop.java:579)
	at org.apache.ratis.thirdparty.io.netty.channel.nio.NioEventLoop.processSelectedKeys(NioEventLoop.java:496)
	at org.apache.ratis.thirdparty.io.netty.channel.nio.NioEventLoop.run(NioEventLoop.java:458)
	at org.apache.ratis.thirdparty.io.netty.util.concurrent.SingleThreadEventExecutor$5.run(SingleThreadEventExecutor.java:897)
	at org.apache.ratis.thirdparty.io.netty.util.concurrent.FastThreadLocalRunnable.run(FastThreadLocalRunnable.java:30)
	... 1 more
Caused by: java.net.ConnectException: Connection refused
	... 11 more
2019-10-19 01:04:56,294 [a1c78c0e-869c-4f76-b4ce-2034448e0b80@group-D48B69A44692-LeaderElection339] INFO  impl.RaftServerImpl (RaftServerImpl.java:setRole(184)) - a1c78c0e-869c-4f76-b4ce-2034448e0b80@group-D48B69A44692: changes role from CANDIDATE to FOLLOWER at term 234 for DISCOVERED_A_NEW_TERM
2019-10-19 01:04:56,294 [a1c78c0e-869c-4f76-b4ce-2034448e0b80@group-D48B69A44692-LeaderElection339] INFO  impl.RoleInfo (RoleInfo.java:shutdownLeaderElection(134)) - a1c78c0e-869c-4f76-b4ce-2034448e0b80: shutdown LeaderElection
2019-10-19 01:04:56,295 [a1c78c0e-869c-4f76-b4ce-2034448e0b80@group-D48B69A44692-LeaderElection339] INFO  impl.RoleInfo (RoleInfo.java:updateAndGet(143)) - a1c78c0e-869c-4f76-b4ce-2034448e0b80: start FollowerState
2019-10-19 01:04:56,296 [390d33c4-98c8-495f-9f34-63cdf16532b5@group-EFF8D6679E36-LeaderElection340] INFO  impl.LeaderElection (LogUtils.java:infoOrTrace(149)) - 390d33c4-98c8-495f-9f34-63cdf16532b5@group-EFF8D6679E36-LeaderElection340 got exception when requesting votes: {}
java.util.concurrent.ExecutionException: org.apache.ratis.thirdparty.io.grpc.StatusRuntimeException: UNAVAILABLE: io exception
	at java.util.concurrent.FutureTask.report(FutureTask.java:122)
	at java.util.concurrent.FutureTask.get(FutureTask.java:192)
	at org.apache.ratis.server.impl.LeaderElection.waitForResults(LeaderElection.java:259)
	at org.apache.ratis.server.impl.LeaderElection.askForVotes(LeaderElection.java:197)
	at org.apache.ratis.server.impl.LeaderElection.run(LeaderElection.java:133)
	at java.lang.Thread.run(Thread.java:748)
Caused by: org.apache.ratis.thirdparty.io.grpc.StatusRuntimeException: UNAVAILABLE: io exception
	at org.apache.ratis.thirdparty.io.grpc.stub.ClientCalls.toStatusRuntimeException(ClientCalls.java:233)
	at org.apache.ratis.thirdparty.io.grpc.stub.ClientCalls.getUnchecked(ClientCalls.java:214)
	at org.apache.ratis.thirdparty.io.grpc.stub.ClientCalls.blockingUnaryCall(ClientCalls.java:139)
	at org.apache.ratis.proto.grpc.RaftServerProtocolServiceGrpc$RaftServerProtocolServiceBlockingStub.requestVote(RaftServerProtocolServiceGrpc.java:265)
	at org.apache.ratis.grpc.server.GrpcServerProtocolClient.requestVote(GrpcServerProtocolClient.java:99)
	at org.apache.ratis.grpc.server.GrpcService.requestVote(GrpcService.java:204)
	at org.apache.ratis.server.impl.LeaderElection.lambda$submitRequests$1(LeaderElection.java:234)
	at java.util.concurrent.FutureTask.run(FutureTask.java:266)
	at java.util.concurrent.Executors$RunnableAdapter.call(Executors.java:511)
	at java.util.concurrent.FutureTask.run(FutureTask.java:266)
	at java.util.concurrent.ThreadPoolExecutor.runWorker(ThreadPoolExecutor.java:1149)
	at java.util.concurrent.ThreadPoolExecutor$Worker.run(ThreadPoolExecutor.java:624)
	... 1 more
Caused by: org.apache.ratis.thirdparty.io.netty.channel.AbstractChannel$AnnotatedConnectException: Connection refused: /192.168.157.213:46800
	at sun.nio.ch.SocketChannelImpl.checkConnect(Native Method)
	at sun.nio.ch.SocketChannelImpl.finishConnect(SocketChannelImpl.java:717)
	at org.apache.ratis.thirdparty.io.netty.channel.socket.nio.NioSocketChannel.doFinishConnect(NioSocketChannel.java:327)
	at org.apache.ratis.thirdparty.io.netty.channel.nio.AbstractNioChannel$AbstractNioUnsafe.finishConnect(AbstractNioChannel.java:340)
	at org.apache.ratis.thirdparty.io.netty.channel.nio.NioEventLoop.processSelectedKey(NioEventLoop.java:632)
	at org.apache.ratis.thirdparty.io.netty.channel.nio.NioEventLoop.processSelectedKeysOptimized(NioEventLoop.java:579)
	at org.apache.ratis.thirdparty.io.netty.channel.nio.NioEventLoop.processSelectedKeys(NioEventLoop.java:496)
	at org.apache.ratis.thirdparty.io.netty.channel.nio.NioEventLoop.run(NioEventLoop.java:458)
	at org.apache.ratis.thirdparty.io.netty.util.concurrent.SingleThreadEventExecutor$5.run(SingleThreadEventExecutor.java:897)
	at org.apache.ratis.thirdparty.io.netty.util.concurrent.FastThreadLocalRunnable.run(FastThreadLocalRunnable.java:30)
	... 1 more
Caused by: java.net.ConnectException: Connection refused
	... 11 more
2019-10-19 01:04:56,297 [390d33c4-98c8-495f-9f34-63cdf16532b5@group-EFF8D6679E36-LeaderElection340] INFO  impl.LeaderElection (LogUtils.java:infoOrTrace(149)) - 390d33c4-98c8-495f-9f34-63cdf16532b5@group-EFF8D6679E36-LeaderElection340 got exception when requesting votes: {}
java.util.concurrent.ExecutionException: org.apache.ratis.thirdparty.io.grpc.StatusRuntimeException: UNAVAILABLE: io exception
	at java.util.concurrent.FutureTask.report(FutureTask.java:122)
	at java.util.concurrent.FutureTask.get(FutureTask.java:192)
	at org.apache.ratis.server.impl.LeaderElection.waitForResults(LeaderElection.java:259)
	at org.apache.ratis.server.impl.LeaderElection.askForVotes(LeaderElection.java:197)
	at org.apache.ratis.server.impl.LeaderElection.run(LeaderElection.java:133)
	at java.lang.Thread.run(Thread.java:748)
Caused by: org.apache.ratis.thirdparty.io.grpc.StatusRuntimeException: UNAVAILABLE: io exception
	at org.apache.ratis.thirdparty.io.grpc.stub.ClientCalls.toStatusRuntimeException(ClientCalls.java:233)
	at org.apache.ratis.thirdparty.io.grpc.stub.ClientCalls.getUnchecked(ClientCalls.java:214)
	at org.apache.ratis.thirdparty.io.grpc.stub.ClientCalls.blockingUnaryCall(ClientCalls.java:139)
	at org.apache.ratis.proto.grpc.RaftServerProtocolServiceGrpc$RaftServerProtocolServiceBlockingStub.requestVote(RaftServerProtocolServiceGrpc.java:265)
	at org.apache.ratis.grpc.server.GrpcServerProtocolClient.requestVote(GrpcServerProtocolClient.java:99)
	at org.apache.ratis.grpc.server.GrpcService.requestVote(GrpcService.java:204)
	at org.apache.ratis.server.impl.LeaderElection.lambda$submitRequests$1(LeaderElection.java:234)
	at java.util.concurrent.FutureTask.run(FutureTask.java:266)
	at java.util.concurrent.Executors$RunnableAdapter.call(Executors.java:511)
	at java.util.concurrent.FutureTask.run(FutureTask.java:266)
	at java.util.concurrent.ThreadPoolExecutor.runWorker(ThreadPoolExecutor.java:1149)
	at java.util.concurrent.ThreadPoolExecutor$Worker.run(ThreadPoolExecutor.java:624)
	... 1 more
Caused by: org.apache.ratis.thirdparty.io.netty.channel.AbstractChannel$AnnotatedConnectException: Connection refused: /192.168.157.213:46612
	at sun.nio.ch.SocketChannelImpl.checkConnect(Native Method)
	at sun.nio.ch.SocketChannelImpl.finishConnect(SocketChannelImpl.java:717)
	at org.apache.ratis.thirdparty.io.netty.channel.socket.nio.NioSocketChannel.doFinishConnect(NioSocketChannel.java:327)
	at org.apache.ratis.thirdparty.io.netty.channel.nio.AbstractNioChannel$AbstractNioUnsafe.finishConnect(AbstractNioChannel.java:340)
	at org.apache.ratis.thirdparty.io.netty.channel.nio.NioEventLoop.processSelectedKey(NioEventLoop.java:632)
	at org.apache.ratis.thirdparty.io.netty.channel.nio.NioEventLoop.processSelectedKeysOptimized(NioEventLoop.java:579)
	at org.apache.ratis.thirdparty.io.netty.channel.nio.NioEventLoop.processSelectedKeys(NioEventLoop.java:496)
	at org.apache.ratis.thirdparty.io.netty.channel.nio.NioEventLoop.run(NioEventLoop.java:458)
	at org.apache.ratis.thirdparty.io.netty.util.concurrent.SingleThreadEventExecutor$5.run(SingleThreadEventExecutor.java:897)
	at org.apache.ratis.thirdparty.io.netty.util.concurrent.FastThreadLocalRunnable.run(FastThreadLocalRunnable.java:30)
	... 1 more
Caused by: java.net.ConnectException: Connection refused
	... 11 more
2019-10-19 01:04:56,297 [390d33c4-98c8-495f-9f34-63cdf16532b5@group-EFF8D6679E36-LeaderElection340] INFO  impl.LeaderElection (LeaderElection.java:logAndReturn(56)) - 390d33c4-98c8-495f-9f34-63cdf16532b5@group-EFF8D6679E36-LeaderElection340: Election REJECTED; received 0 response(s) [] and 2 exception(s); 390d33c4-98c8-495f-9f34-63cdf16532b5@group-EFF8D6679E36:t4, leader=null, voted=390d33c4-98c8-495f-9f34-63cdf16532b5, raftlog=390d33c4-98c8-495f-9f34-63cdf16532b5@group-EFF8D6679E36-SegmentedRaftLog:OPENED:c20,f20,i20, conf=0: [7f3fb33d-9d98-4be4-bfb4-e5618e23eafb:192.168.157.213:46612, 390d33c4-98c8-495f-9f34-63cdf16532b5:192.168.157.213:40184, bd96e850-7fd3-40f8-8499-55f7f41be4fe:192.168.157.213:46800], old=null
2019-10-19 01:04:56,297 [390d33c4-98c8-495f-9f34-63cdf16532b5@group-EFF8D6679E36-LeaderElection340] INFO  impl.LeaderElection (LogUtils.java:infoOrTrace(149)) -   Exception 0: {}
java.util.concurrent.ExecutionException: org.apache.ratis.thirdparty.io.grpc.StatusRuntimeException: UNAVAILABLE: io exception
	at java.util.concurrent.FutureTask.report(FutureTask.java:122)
	at java.util.concurrent.FutureTask.get(FutureTask.java:192)
	at org.apache.ratis.server.impl.LeaderElection.waitForResults(LeaderElection.java:259)
	at org.apache.ratis.server.impl.LeaderElection.askForVotes(LeaderElection.java:197)
	at org.apache.ratis.server.impl.LeaderElection.run(LeaderElection.java:133)
	at java.lang.Thread.run(Thread.java:748)
Caused by: org.apache.ratis.thirdparty.io.grpc.StatusRuntimeException: UNAVAILABLE: io exception
	at org.apache.ratis.thirdparty.io.grpc.stub.ClientCalls.toStatusRuntimeException(ClientCalls.java:233)
	at org.apache.ratis.thirdparty.io.grpc.stub.ClientCalls.getUnchecked(ClientCalls.java:214)
	at org.apache.ratis.thirdparty.io.grpc.stub.ClientCalls.blockingUnaryCall(ClientCalls.java:139)
	at org.apache.ratis.proto.grpc.RaftServerProtocolServiceGrpc$RaftServerProtocolServiceBlockingStub.requestVote(RaftServerProtocolServiceGrpc.java:265)
	at org.apache.ratis.grpc.server.GrpcServerProtocolClient.requestVote(GrpcServerProtocolClient.java:99)
	at org.apache.ratis.grpc.server.GrpcService.requestVote(GrpcService.java:204)
	at org.apache.ratis.server.impl.LeaderElection.lambda$submitRequests$1(LeaderElection.java:234)
	at java.util.concurrent.FutureTask.run(FutureTask.java:266)
	at java.util.concurrent.Executors$RunnableAdapter.call(Executors.java:511)
	at java.util.concurrent.FutureTask.run(FutureTask.java:266)
	at java.util.concurrent.ThreadPoolExecutor.runWorker(ThreadPoolExecutor.java:1149)
	at java.util.concurrent.ThreadPoolExecutor$Worker.run(ThreadPoolExecutor.java:624)
	... 1 more
Caused by: org.apache.ratis.thirdparty.io.netty.channel.AbstractChannel$AnnotatedConnectException: Connection refused: /192.168.157.213:46800
	at sun.nio.ch.SocketChannelImpl.checkConnect(Native Method)
	at sun.nio.ch.SocketChannelImpl.finishConnect(SocketChannelImpl.java:717)
	at org.apache.ratis.thirdparty.io.netty.channel.socket.nio.NioSocketChannel.doFinishConnect(NioSocketChannel.java:327)
	at org.apache.ratis.thirdparty.io.netty.channel.nio.AbstractNioChannel$AbstractNioUnsafe.finishConnect(AbstractNioChannel.java:340)
	at org.apache.ratis.thirdparty.io.netty.channel.nio.NioEventLoop.processSelectedKey(NioEventLoop.java:632)
	at org.apache.ratis.thirdparty.io.netty.channel.nio.NioEventLoop.processSelectedKeysOptimized(NioEventLoop.java:579)
	at org.apache.ratis.thirdparty.io.netty.channel.nio.NioEventLoop.processSelectedKeys(NioEventLoop.java:496)
	at org.apache.ratis.thirdparty.io.netty.channel.nio.NioEventLoop.run(NioEventLoop.java:458)
	at org.apache.ratis.thirdparty.io.netty.util.concurrent.SingleThreadEventExecutor$5.run(SingleThreadEventExecutor.java:897)
	at org.apache.ratis.thirdparty.io.netty.util.concurrent.FastThreadLocalRunnable.run(FastThreadLocalRunnable.java:30)
	... 1 more
Caused by: java.net.ConnectException: Connection refused
	... 11 more
2019-10-19 01:04:56,298 [390d33c4-98c8-495f-9f34-63cdf16532b5@group-EFF8D6679E36-LeaderElection340] INFO  impl.LeaderElection (LogUtils.java:infoOrTrace(149)) -   Exception 1: {}
java.util.concurrent.ExecutionException: org.apache.ratis.thirdparty.io.grpc.StatusRuntimeException: UNAVAILABLE: io exception
	at java.util.concurrent.FutureTask.report(FutureTask.java:122)
	at java.util.concurrent.FutureTask.get(FutureTask.java:192)
	at org.apache.ratis.server.impl.LeaderElection.waitForResults(LeaderElection.java:259)
	at org.apache.ratis.server.impl.LeaderElection.askForVotes(LeaderElection.java:197)
	at org.apache.ratis.server.impl.LeaderElection.run(LeaderElection.java:133)
	at java.lang.Thread.run(Thread.java:748)
Caused by: org.apache.ratis.thirdparty.io.grpc.StatusRuntimeException: UNAVAILABLE: io exception
	at org.apache.ratis.thirdparty.io.grpc.stub.ClientCalls.toStatusRuntimeException(ClientCalls.java:233)
	at org.apache.ratis.thirdparty.io.grpc.stub.ClientCalls.getUnchecked(ClientCalls.java:214)
	at org.apache.ratis.thirdparty.io.grpc.stub.ClientCalls.blockingUnaryCall(ClientCalls.java:139)
	at org.apache.ratis.proto.grpc.RaftServerProtocolServiceGrpc$RaftServerProtocolServiceBlockingStub.requestVote(RaftServerProtocolServiceGrpc.java:265)
	at org.apache.ratis.grpc.server.GrpcServerProtocolClient.requestVote(GrpcServerProtocolClient.java:99)
	at org.apache.ratis.grpc.server.GrpcService.requestVote(GrpcService.java:204)
	at org.apache.ratis.server.impl.LeaderElection.lambda$submitRequests$1(LeaderElection.java:234)
	at java.util.concurrent.FutureTask.run(FutureTask.java:266)
	at java.util.concurrent.Executors$RunnableAdapter.call(Executors.java:511)
	at java.util.concurrent.FutureTask.run(FutureTask.java:266)
	at java.util.concurrent.ThreadPoolExecutor.runWorker(ThreadPoolExecutor.java:1149)
	at java.util.concurrent.ThreadPoolExecutor$Worker.run(ThreadPoolExecutor.java:624)
	... 1 more
Caused by: org.apache.ratis.thirdparty.io.netty.channel.AbstractChannel$AnnotatedConnectException: Connection refused: /192.168.157.213:46612
	at sun.nio.ch.SocketChannelImpl.checkConnect(Native Method)
	at sun.nio.ch.SocketChannelImpl.finishConnect(SocketChannelImpl.java:717)
	at org.apache.ratis.thirdparty.io.netty.channel.socket.nio.NioSocketChannel.doFinishConnect(NioSocketChannel.java:327)
	at org.apache.ratis.thirdparty.io.netty.channel.nio.AbstractNioChannel$AbstractNioUnsafe.finishConnect(AbstractNioChannel.java:340)
	at org.apache.ratis.thirdparty.io.netty.channel.nio.NioEventLoop.processSelectedKey(NioEventLoop.java:632)
	at org.apache.ratis.thirdparty.io.netty.channel.nio.NioEventLoop.processSelectedKeysOptimized(NioEventLoop.java:579)
	at org.apache.ratis.thirdparty.io.netty.channel.nio.NioEventLoop.processSelectedKeys(NioEventLoop.java:496)
	at org.apache.ratis.thirdparty.io.netty.channel.nio.NioEventLoop.run(NioEventLoop.java:458)
	at org.apache.ratis.thirdparty.io.netty.util.concurrent.SingleThreadEventExecutor$5.run(SingleThreadEventExecutor.java:897)
	at org.apache.ratis.thirdparty.io.netty.util.concurrent.FastThreadLocalRunnable.run(FastThreadLocalRunnable.java:30)
	... 1 more
Caused by: java.net.ConnectException: Connection refused
	... 11 more
2019-10-19 01:04:56,298 [390d33c4-98c8-495f-9f34-63cdf16532b5@group-EFF8D6679E36-LeaderElection340] INFO  impl.RaftServerImpl (RaftServerImpl.java:setRole(184)) - 390d33c4-98c8-495f-9f34-63cdf16532b5@group-EFF8D6679E36: changes role from CANDIDATE to FOLLOWER at term 4 for DISCOVERED_A_NEW_TERM
2019-10-19 01:04:56,299 [390d33c4-98c8-495f-9f34-63cdf16532b5@group-EFF8D6679E36-LeaderElection340] INFO  impl.RoleInfo (RoleInfo.java:shutdownLeaderElection(134)) - 390d33c4-98c8-495f-9f34-63cdf16532b5: shutdown LeaderElection
2019-10-19 01:04:56,299 [390d33c4-98c8-495f-9f34-63cdf16532b5@group-EFF8D6679E36-LeaderElection340] INFO  impl.RoleInfo (RoleInfo.java:updateAndGet(143)) - 390d33c4-98c8-495f-9f34-63cdf16532b5: start FollowerState
2019-10-19 01:04:56,313 [Thread-2660] INFO  impl.FollowerState (FollowerState.java:run(108)) - a1c78c0e-869c-4f76-b4ce-2034448e0b80@group-D48B69A44692-FollowerState: change to CANDIDATE, lastRpcTime:18ms, electionTimeout:18ms
2019-10-19 01:04:56,313 [Thread-2660] INFO  impl.RoleInfo (RoleInfo.java:shutdownFollowerState(121)) - a1c78c0e-869c-4f76-b4ce-2034448e0b80: shutdown FollowerState
2019-10-19 01:04:56,313 [Thread-2660] INFO  impl.RaftServerImpl (RaftServerImpl.java:setRole(184)) - a1c78c0e-869c-4f76-b4ce-2034448e0b80@group-D48B69A44692: changes role from  FOLLOWER to CANDIDATE at term 234 for changeToCandidate
2019-10-19 01:04:56,313 [Thread-2660] INFO  impl.RoleInfo (RoleInfo.java:updateAndGet(143)) - a1c78c0e-869c-4f76-b4ce-2034448e0b80: start LeaderElection
2019-10-19 01:04:56,327 [a1c78c0e-869c-4f76-b4ce-2034448e0b80@group-D48B69A44692-LeaderElection341] INFO  impl.LeaderElection (LeaderElection.java:askForVotes(178)) - a1c78c0e-869c-4f76-b4ce-2034448e0b80@group-D48B69A44692-LeaderElection341: begin an election at term 235 for -1: [51276c3c-a3b8-4274-b089-592ff4589f41:192.168.157.213:36639, 64c90977-e867-487c-b50d-c226f2d34a76:192.168.157.213:37433, a1c78c0e-869c-4f76-b4ce-2034448e0b80:192.168.157.213:33501], old=null
2019-10-19 01:04:56,327 [a1c78c0e-869c-4f76-b4ce-2034448e0b80@group-D48B69A44692-LeaderElection341] INFO  impl.LeaderElection (LogUtils.java:infoOrTrace(149)) - a1c78c0e-869c-4f76-b4ce-2034448e0b80@group-D48B69A44692-LeaderElection341 got exception when requesting votes: {}
java.util.concurrent.ExecutionException: org.apache.ratis.thirdparty.io.grpc.StatusRuntimeException: UNAVAILABLE: io exception
	at java.util.concurrent.FutureTask.report(FutureTask.java:122)
	at java.util.concurrent.FutureTask.get(FutureTask.java:192)
	at org.apache.ratis.server.impl.LeaderElection.waitForResults(LeaderElection.java:259)
	at org.apache.ratis.server.impl.LeaderElection.askForVotes(LeaderElection.java:197)
	at org.apache.ratis.server.impl.LeaderElection.run(LeaderElection.java:133)
	at java.lang.Thread.run(Thread.java:748)
Caused by: org.apache.ratis.thirdparty.io.grpc.StatusRuntimeException: UNAVAILABLE: io exception
	at org.apache.ratis.thirdparty.io.grpc.stub.ClientCalls.toStatusRuntimeException(ClientCalls.java:233)
	at org.apache.ratis.thirdparty.io.grpc.stub.ClientCalls.getUnchecked(ClientCalls.java:214)
	at org.apache.ratis.thirdparty.io.grpc.stub.ClientCalls.blockingUnaryCall(ClientCalls.java:139)
	at org.apache.ratis.proto.grpc.RaftServerProtocolServiceGrpc$RaftServerProtocolServiceBlockingStub.requestVote(RaftServerProtocolServiceGrpc.java:265)
	at org.apache.ratis.grpc.server.GrpcServerProtocolClient.requestVote(GrpcServerProtocolClient.java:99)
	at org.apache.ratis.grpc.server.GrpcService.requestVote(GrpcService.java:204)
	at org.apache.ratis.server.impl.LeaderElection.lambda$submitRequests$1(LeaderElection.java:234)
	at java.util.concurrent.FutureTask.run(FutureTask.java:266)
	at java.util.concurrent.Executors$RunnableAdapter.call(Executors.java:511)
	at java.util.concurrent.FutureTask.run(FutureTask.java:266)
	at java.util.concurrent.ThreadPoolExecutor.runWorker(ThreadPoolExecutor.java:1149)
	at java.util.concurrent.ThreadPoolExecutor$Worker.run(ThreadPoolExecutor.java:624)
	... 1 more
Caused by: org.apache.ratis.thirdparty.io.netty.channel.AbstractChannel$AnnotatedConnectException: Connection refused: /192.168.157.213:36639
	at sun.nio.ch.SocketChannelImpl.checkConnect(Native Method)
	at sun.nio.ch.SocketChannelImpl.finishConnect(SocketChannelImpl.java:717)
	at org.apache.ratis.thirdparty.io.netty.channel.socket.nio.NioSocketChannel.doFinishConnect(NioSocketChannel.java:327)
	at org.apache.ratis.thirdparty.io.netty.channel.nio.AbstractNioChannel$AbstractNioUnsafe.finishConnect(AbstractNioChannel.java:340)
	at org.apache.ratis.thirdparty.io.netty.channel.nio.NioEventLoop.processSelectedKey(NioEventLoop.java:632)
	at org.apache.ratis.thirdparty.io.netty.channel.nio.NioEventLoop.processSelectedKeysOptimized(NioEventLoop.java:579)
	at org.apache.ratis.thirdparty.io.netty.channel.nio.NioEventLoop.processSelectedKeys(NioEventLoop.java:496)
	at org.apache.ratis.thirdparty.io.netty.channel.nio.NioEventLoop.run(NioEventLoop.java:458)
	at org.apache.ratis.thirdparty.io.netty.util.concurrent.SingleThreadEventExecutor$5.run(SingleThreadEventExecutor.java:897)
	at org.apache.ratis.thirdparty.io.netty.util.concurrent.FastThreadLocalRunnable.run(FastThreadLocalRunnable.java:30)
	... 1 more
Caused by: java.net.ConnectException: Connection refused
	... 11 more
2019-10-19 01:04:56,329 [grpc-default-executor-4] INFO  impl.RaftServerImpl (RaftServerImpl.java:setRole(184)) - 64c90977-e867-487c-b50d-c226f2d34a76@group-D48B69A44692: changes role from  FOLLOWER to FOLLOWER at term 235 for recognizeCandidate:a1c78c0e-869c-4f76-b4ce-2034448e0b80
2019-10-19 01:04:56,329 [grpc-default-executor-4] INFO  impl.RoleInfo (RoleInfo.java:shutdownFollowerState(121)) - 64c90977-e867-487c-b50d-c226f2d34a76: shutdown FollowerState
2019-10-19 01:04:56,329 [grpc-default-executor-4] INFO  impl.RoleInfo (RoleInfo.java:updateAndGet(143)) - 64c90977-e867-487c-b50d-c226f2d34a76: start FollowerState
2019-10-19 01:04:56,329 [Thread-2656] INFO  impl.FollowerState (FollowerState.java:run(117)) - 64c90977-e867-487c-b50d-c226f2d34a76@group-D48B69A44692-FollowerState was interrupted: java.lang.InterruptedException: sleep interrupted
2019-10-19 01:04:56,352 [a1c78c0e-869c-4f76-b4ce-2034448e0b80@group-D48B69A44692-LeaderElection341] INFO  impl.LeaderElection (LeaderElection.java:logAndReturn(56)) - a1c78c0e-869c-4f76-b4ce-2034448e0b80@group-D48B69A44692-LeaderElection341: Election REJECTED; received 1 response(s) [a1c78c0e-869c-4f76-b4ce-2034448e0b80<-64c90977-e867-487c-b50d-c226f2d34a76#0:FAIL-t235] and 1 exception(s); a1c78c0e-869c-4f76-b4ce-2034448e0b80@group-D48B69A44692:t235, leader=null, voted=a1c78c0e-869c-4f76-b4ce-2034448e0b80, raftlog=a1c78c0e-869c-4f76-b4ce-2034448e0b80@group-D48B69A44692-SegmentedRaftLog:OPENED:c-1,f-1,i0, conf=-1: [51276c3c-a3b8-4274-b089-592ff4589f41:192.168.157.213:36639, 64c90977-e867-487c-b50d-c226f2d34a76:192.168.157.213:37433, a1c78c0e-869c-4f76-b4ce-2034448e0b80:192.168.157.213:33501], old=null
2019-10-19 01:04:56,352 [a1c78c0e-869c-4f76-b4ce-2034448e0b80@group-D48B69A44692-LeaderElection341] INFO  impl.LeaderElection (LogUtils.java:infoOrTrace(149)) -   Exception 0: {}
java.util.concurrent.ExecutionException: org.apache.ratis.thirdparty.io.grpc.StatusRuntimeException: UNAVAILABLE: io exception
	at java.util.concurrent.FutureTask.report(FutureTask.java:122)
	at java.util.concurrent.FutureTask.get(FutureTask.java:192)
	at org.apache.ratis.server.impl.LeaderElection.waitForResults(LeaderElection.java:259)
	at org.apache.ratis.server.impl.LeaderElection.askForVotes(LeaderElection.java:197)
	at org.apache.ratis.server.impl.LeaderElection.run(LeaderElection.java:133)
	at java.lang.Thread.run(Thread.java:748)
Caused by: org.apache.ratis.thirdparty.io.grpc.StatusRuntimeException: UNAVAILABLE: io exception
	at org.apache.ratis.thirdparty.io.grpc.stub.ClientCalls.toStatusRuntimeException(ClientCalls.java:233)
	at org.apache.ratis.thirdparty.io.grpc.stub.ClientCalls.getUnchecked(ClientCalls.java:214)
	at org.apache.ratis.thirdparty.io.grpc.stub.ClientCalls.blockingUnaryCall(ClientCalls.java:139)
	at org.apache.ratis.proto.grpc.RaftServerProtocolServiceGrpc$RaftServerProtocolServiceBlockingStub.requestVote(RaftServerProtocolServiceGrpc.java:265)
	at org.apache.ratis.grpc.server.GrpcServerProtocolClient.requestVote(GrpcServerProtocolClient.java:99)
	at org.apache.ratis.grpc.server.GrpcService.requestVote(GrpcService.java:204)
	at org.apache.ratis.server.impl.LeaderElection.lambda$submitRequests$1(LeaderElection.java:234)
	at java.util.concurrent.FutureTask.run(FutureTask.java:266)
	at java.util.concurrent.Executors$RunnableAdapter.call(Executors.java:511)
	at java.util.concurrent.FutureTask.run(FutureTask.java:266)
	at java.util.concurrent.ThreadPoolExecutor.runWorker(ThreadPoolExecutor.java:1149)
	at java.util.concurrent.ThreadPoolExecutor$Worker.run(ThreadPoolExecutor.java:624)
	... 1 more
Caused by: org.apache.ratis.thirdparty.io.netty.channel.AbstractChannel$AnnotatedConnectException: Connection refused: /192.168.157.213:36639
	at sun.nio.ch.SocketChannelImpl.checkConnect(Native Method)
	at sun.nio.ch.SocketChannelImpl.finishConnect(SocketChannelImpl.java:717)
	at org.apache.ratis.thirdparty.io.netty.channel.socket.nio.NioSocketChannel.doFinishConnect(NioSocketChannel.java:327)
	at org.apache.ratis.thirdparty.io.netty.channel.nio.AbstractNioChannel$AbstractNioUnsafe.finishConnect(AbstractNioChannel.java:340)
	at org.apache.ratis.thirdparty.io.netty.channel.nio.NioEventLoop.processSelectedKey(NioEventLoop.java:632)
	at org.apache.ratis.thirdparty.io.netty.channel.nio.NioEventLoop.processSelectedKeysOptimized(NioEventLoop.java:579)
	at org.apache.ratis.thirdparty.io.netty.channel.nio.NioEventLoop.processSelectedKeys(NioEventLoop.java:496)
	at org.apache.ratis.thirdparty.io.netty.channel.nio.NioEventLoop.run(NioEventLoop.java:458)
	at org.apache.ratis.thirdparty.io.netty.util.concurrent.SingleThreadEventExecutor$5.run(SingleThreadEventExecutor.java:897)
	at org.apache.ratis.thirdparty.io.netty.util.concurrent.FastThreadLocalRunnable.run(FastThreadLocalRunnable.java:30)
	... 1 more
Caused by: java.net.ConnectException: Connection refused
	... 11 more
2019-10-19 01:04:56,353 [java.util.concurrent.ThreadPoolExecutor$Worker@3d9b74b8[State = -1, empty queue]] WARN  server.GrpcLogAppender (GrpcLogAppender.java:timeoutAppendRequest(209)) - b26a8d60-58dc-431d-8168-f89a9ab35f3a@group-FB3B7D7D89E3->16805c57-9f45-4377-8998-764a8f26e152-GrpcLogAppender: appendEntries Timeout, request=b26a8d60-58dc-431d-8168-f89a9ab35f3a->16805c57-9f45-4377-8998-764a8f26e152#19-t129, previous=(t:129, i:2), leaderCommit=2, initializing? false, entries: <empty>
2019-10-19 01:04:56,353 [a1c78c0e-869c-4f76-b4ce-2034448e0b80@group-D48B69A44692-LeaderElection341] INFO  impl.RaftServerImpl (RaftServerImpl.java:setRole(184)) - a1c78c0e-869c-4f76-b4ce-2034448e0b80@group-D48B69A44692: changes role from CANDIDATE to FOLLOWER at term 235 for DISCOVERED_A_NEW_TERM
2019-10-19 01:04:56,354 [a1c78c0e-869c-4f76-b4ce-2034448e0b80@group-D48B69A44692-LeaderElection341] INFO  impl.RoleInfo (RoleInfo.java:shutdownLeaderElection(134)) - a1c78c0e-869c-4f76-b4ce-2034448e0b80: shutdown LeaderElection
2019-10-19 01:04:56,354 [a1c78c0e-869c-4f76-b4ce-2034448e0b80@group-D48B69A44692-LeaderElection341] INFO  impl.RoleInfo (RoleInfo.java:updateAndGet(143)) - a1c78c0e-869c-4f76-b4ce-2034448e0b80: start FollowerState
2019-10-19 01:04:56,531 [Thread-2666] INFO  impl.FollowerState (FollowerState.java:run(108)) - a1c78c0e-869c-4f76-b4ce-2034448e0b80@group-D48B69A44692-FollowerState: change to CANDIDATE, lastRpcTime:177ms, electionTimeout:177ms
2019-10-19 01:04:56,531 [Thread-2666] INFO  impl.RoleInfo (RoleInfo.java:shutdownFollowerState(121)) - a1c78c0e-869c-4f76-b4ce-2034448e0b80: shutdown FollowerState
2019-10-19 01:04:56,531 [Thread-2666] INFO  impl.RaftServerImpl (RaftServerImpl.java:setRole(184)) - a1c78c0e-869c-4f76-b4ce-2034448e0b80@group-D48B69A44692: changes role from  FOLLOWER to CANDIDATE at term 235 for changeToCandidate
2019-10-19 01:04:56,532 [Thread-2666] INFO  impl.RoleInfo (RoleInfo.java:updateAndGet(143)) - a1c78c0e-869c-4f76-b4ce-2034448e0b80: start LeaderElection
2019-10-19 01:04:56,543 [a1c78c0e-869c-4f76-b4ce-2034448e0b80@group-D48B69A44692-LeaderElection342] INFO  impl.LeaderElection (LeaderElection.java:askForVotes(178)) - a1c78c0e-869c-4f76-b4ce-2034448e0b80@group-D48B69A44692-LeaderElection342: begin an election at term 236 for -1: [51276c3c-a3b8-4274-b089-592ff4589f41:192.168.157.213:36639, 64c90977-e867-487c-b50d-c226f2d34a76:192.168.157.213:37433, a1c78c0e-869c-4f76-b4ce-2034448e0b80:192.168.157.213:33501], old=null
2019-10-19 01:04:56,544 [a1c78c0e-869c-4f76-b4ce-2034448e0b80@group-D48B69A44692-LeaderElection342] INFO  impl.LeaderElection (LogUtils.java:infoOrTrace(149)) - a1c78c0e-869c-4f76-b4ce-2034448e0b80@group-D48B69A44692-LeaderElection342 got exception when requesting votes: {}
java.util.concurrent.ExecutionException: org.apache.ratis.thirdparty.io.grpc.StatusRuntimeException: UNAVAILABLE: io exception
	at java.util.concurrent.FutureTask.report(FutureTask.java:122)
	at java.util.concurrent.FutureTask.get(FutureTask.java:192)
	at org.apache.ratis.server.impl.LeaderElection.waitForResults(LeaderElection.java:259)
	at org.apache.ratis.server.impl.LeaderElection.askForVotes(LeaderElection.java:197)
	at org.apache.ratis.server.impl.LeaderElection.run(LeaderElection.java:133)
	at java.lang.Thread.run(Thread.java:748)
Caused by: org.apache.ratis.thirdparty.io.grpc.StatusRuntimeException: UNAVAILABLE: io exception
	at org.apache.ratis.thirdparty.io.grpc.stub.ClientCalls.toStatusRuntimeException(ClientCalls.java:233)
	at org.apache.ratis.thirdparty.io.grpc.stub.ClientCalls.getUnchecked(ClientCalls.java:214)
	at org.apache.ratis.thirdparty.io.grpc.stub.ClientCalls.blockingUnaryCall(ClientCalls.java:139)
	at org.apache.ratis.proto.grpc.RaftServerProtocolServiceGrpc$RaftServerProtocolServiceBlockingStub.requestVote(RaftServerProtocolServiceGrpc.java:265)
	at org.apache.ratis.grpc.server.GrpcServerProtocolClient.requestVote(GrpcServerProtocolClient.java:99)
	at org.apache.ratis.grpc.server.GrpcService.requestVote(GrpcService.java:204)
	at org.apache.ratis.server.impl.LeaderElection.lambda$submitRequests$1(LeaderElection.java:234)
	at java.util.concurrent.FutureTask.run(FutureTask.java:266)
	at java.util.concurrent.Executors$RunnableAdapter.call(Executors.java:511)
	at java.util.concurrent.FutureTask.run(FutureTask.java:266)
	at java.util.concurrent.ThreadPoolExecutor.runWorker(ThreadPoolExecutor.java:1149)
	at java.util.concurrent.ThreadPoolExecutor$Worker.run(ThreadPoolExecutor.java:624)
	... 1 more
Caused by: org.apache.ratis.thirdparty.io.netty.channel.AbstractChannel$AnnotatedConnectException: Connection refused: /192.168.157.213:36639
	at sun.nio.ch.SocketChannelImpl.checkConnect(Native Method)
	at sun.nio.ch.SocketChannelImpl.finishConnect(SocketChannelImpl.java:717)
	at org.apache.ratis.thirdparty.io.netty.channel.socket.nio.NioSocketChannel.doFinishConnect(NioSocketChannel.java:327)
	at org.apache.ratis.thirdparty.io.netty.channel.nio.AbstractNioChannel$AbstractNioUnsafe.finishConnect(AbstractNioChannel.java:340)
	at org.apache.ratis.thirdparty.io.netty.channel.nio.NioEventLoop.processSelectedKey(NioEventLoop.java:632)
	at org.apache.ratis.thirdparty.io.netty.channel.nio.NioEventLoop.processSelectedKeysOptimized(NioEventLoop.java:579)
	at org.apache.ratis.thirdparty.io.netty.channel.nio.NioEventLoop.processSelectedKeys(NioEventLoop.java:496)
	at org.apache.ratis.thirdparty.io.netty.channel.nio.NioEventLoop.run(NioEventLoop.java:458)
	at org.apache.ratis.thirdparty.io.netty.util.concurrent.SingleThreadEventExecutor$5.run(SingleThreadEventExecutor.java:897)
	at org.apache.ratis.thirdparty.io.netty.util.concurrent.FastThreadLocalRunnable.run(FastThreadLocalRunnable.java:30)
	... 1 more
Caused by: java.net.ConnectException: Connection refused
	... 11 more
2019-10-19 01:04:56,546 [grpc-default-executor-4] INFO  impl.RaftServerImpl (RaftServerImpl.java:setRole(184)) - 64c90977-e867-487c-b50d-c226f2d34a76@group-D48B69A44692: changes role from  FOLLOWER to FOLLOWER at term 236 for recognizeCandidate:a1c78c0e-869c-4f76-b4ce-2034448e0b80
2019-10-19 01:04:56,546 [grpc-default-executor-4] INFO  impl.RoleInfo (RoleInfo.java:shutdownFollowerState(121)) - 64c90977-e867-487c-b50d-c226f2d34a76: shutdown FollowerState
2019-10-19 01:04:56,546 [grpc-default-executor-4] INFO  impl.RoleInfo (RoleInfo.java:updateAndGet(143)) - 64c90977-e867-487c-b50d-c226f2d34a76: start FollowerState
2019-10-19 01:04:56,546 [Thread-2665] INFO  impl.FollowerState (FollowerState.java:run(117)) - 64c90977-e867-487c-b50d-c226f2d34a76@group-D48B69A44692-FollowerState was interrupted: java.lang.InterruptedException: sleep interrupted
2019-10-19 01:04:56,557 [a1c78c0e-869c-4f76-b4ce-2034448e0b80@group-D48B69A44692-LeaderElection342] INFO  impl.LeaderElection (LeaderElection.java:logAndReturn(56)) - a1c78c0e-869c-4f76-b4ce-2034448e0b80@group-D48B69A44692-LeaderElection342: Election REJECTED; received 1 response(s) [a1c78c0e-869c-4f76-b4ce-2034448e0b80<-64c90977-e867-487c-b50d-c226f2d34a76#0:FAIL-t236] and 1 exception(s); a1c78c0e-869c-4f76-b4ce-2034448e0b80@group-D48B69A44692:t236, leader=null, voted=a1c78c0e-869c-4f76-b4ce-2034448e0b80, raftlog=a1c78c0e-869c-4f76-b4ce-2034448e0b80@group-D48B69A44692-SegmentedRaftLog:OPENED:c-1,f-1,i0, conf=-1: [51276c3c-a3b8-4274-b089-592ff4589f41:192.168.157.213:36639, 64c90977-e867-487c-b50d-c226f2d34a76:192.168.157.213:37433, a1c78c0e-869c-4f76-b4ce-2034448e0b80:192.168.157.213:33501], old=null
2019-10-19 01:04:56,557 [a1c78c0e-869c-4f76-b4ce-2034448e0b80@group-D48B69A44692-LeaderElection342] INFO  impl.LeaderElection (LogUtils.java:infoOrTrace(149)) -   Exception 0: {}
java.util.concurrent.ExecutionException: org.apache.ratis.thirdparty.io.grpc.StatusRuntimeException: UNAVAILABLE: io exception
	at java.util.concurrent.FutureTask.report(FutureTask.java:122)
	at java.util.concurrent.FutureTask.get(FutureTask.java:192)
	at org.apache.ratis.server.impl.LeaderElection.waitForResults(LeaderElection.java:259)
	at org.apache.ratis.server.impl.LeaderElection.askForVotes(LeaderElection.java:197)
	at org.apache.ratis.server.impl.LeaderElection.run(LeaderElection.java:133)
	at java.lang.Thread.run(Thread.java:748)
Caused by: org.apache.ratis.thirdparty.io.grpc.StatusRuntimeException: UNAVAILABLE: io exception
	at org.apache.ratis.thirdparty.io.grpc.stub.ClientCalls.toStatusRuntimeException(ClientCalls.java:233)
	at org.apache.ratis.thirdparty.io.grpc.stub.ClientCalls.getUnchecked(ClientCalls.java:214)
	at org.apache.ratis.thirdparty.io.grpc.stub.ClientCalls.blockingUnaryCall(ClientCalls.java:139)
	at org.apache.ratis.proto.grpc.RaftServerProtocolServiceGrpc$RaftServerProtocolServiceBlockingStub.requestVote(RaftServerProtocolServiceGrpc.java:265)
	at org.apache.ratis.grpc.server.GrpcServerProtocolClient.requestVote(GrpcServerProtocolClient.java:99)
	at org.apache.ratis.grpc.server.GrpcService.requestVote(GrpcService.java:204)
	at org.apache.ratis.server.impl.LeaderElection.lambda$submitRequests$1(LeaderElection.java:234)
	at java.util.concurrent.FutureTask.run(FutureTask.java:266)
	at java.util.concurrent.Executors$RunnableAdapter.call(Executors.java:511)
	at java.util.concurrent.FutureTask.run(FutureTask.java:266)
	at java.util.concurrent.ThreadPoolExecutor.runWorker(ThreadPoolExecutor.java:1149)
	at java.util.concurrent.ThreadPoolExecutor$Worker.run(ThreadPoolExecutor.java:624)
	... 1 more
Caused by: org.apache.ratis.thirdparty.io.netty.channel.AbstractChannel$AnnotatedConnectException: Connection refused: /192.168.157.213:36639
	at sun.nio.ch.SocketChannelImpl.checkConnect(Native Method)
	at sun.nio.ch.SocketChannelImpl.finishConnect(SocketChannelImpl.java:717)
	at org.apache.ratis.thirdparty.io.netty.channel.socket.nio.NioSocketChannel.doFinishConnect(NioSocketChannel.java:327)
	at org.apache.ratis.thirdparty.io.netty.channel.nio.AbstractNioChannel$AbstractNioUnsafe.finishConnect(AbstractNioChannel.java:340)
	at org.apache.ratis.thirdparty.io.netty.channel.nio.NioEventLoop.processSelectedKey(NioEventLoop.java:632)
	at org.apache.ratis.thirdparty.io.netty.channel.nio.NioEventLoop.processSelectedKeysOptimized(NioEventLoop.java:579)
	at org.apache.ratis.thirdparty.io.netty.channel.nio.NioEventLoop.processSelectedKeys(NioEventLoop.java:496)
	at org.apache.ratis.thirdparty.io.netty.channel.nio.NioEventLoop.run(NioEventLoop.java:458)
	at org.apache.ratis.thirdparty.io.netty.util.concurrent.SingleThreadEventExecutor$5.run(SingleThreadEventExecutor.java:897)
	at org.apache.ratis.thirdparty.io.netty.util.concurrent.FastThreadLocalRunnable.run(FastThreadLocalRunnable.java:30)
	... 1 more
Caused by: java.net.ConnectException: Connection refused
	... 11 more
2019-10-19 01:04:56,558 [a1c78c0e-869c-4f76-b4ce-2034448e0b80@group-D48B69A44692-LeaderElection342] INFO  impl.RaftServerImpl (RaftServerImpl.java:setRole(184)) - a1c78c0e-869c-4f76-b4ce-2034448e0b80@group-D48B69A44692: changes role from CANDIDATE to FOLLOWER at term 236 for DISCOVERED_A_NEW_TERM
2019-10-19 01:04:56,558 [a1c78c0e-869c-4f76-b4ce-2034448e0b80@group-D48B69A44692-LeaderElection342] INFO  impl.RoleInfo (RoleInfo.java:shutdownLeaderElection(134)) - a1c78c0e-869c-4f76-b4ce-2034448e0b80: shutdown LeaderElection
2019-10-19 01:04:56,558 [a1c78c0e-869c-4f76-b4ce-2034448e0b80@group-D48B69A44692-LeaderElection342] INFO  impl.RoleInfo (RoleInfo.java:updateAndGet(143)) - a1c78c0e-869c-4f76-b4ce-2034448e0b80: start FollowerState
2019-10-19 01:04:56,742 [Thread-2671] INFO  impl.FollowerState (FollowerState.java:run(108)) - a1c78c0e-869c-4f76-b4ce-2034448e0b80@group-D48B69A44692-FollowerState: change to CANDIDATE, lastRpcTime:184ms, electionTimeout:184ms
2019-10-19 01:04:56,742 [Thread-2671] INFO  impl.RoleInfo (RoleInfo.java:shutdownFollowerState(121)) - a1c78c0e-869c-4f76-b4ce-2034448e0b80: shutdown FollowerState
2019-10-19 01:04:56,743 [Thread-2671] INFO  impl.RaftServerImpl (RaftServerImpl.java:setRole(184)) - a1c78c0e-869c-4f76-b4ce-2034448e0b80@group-D48B69A44692: changes role from  FOLLOWER to CANDIDATE at term 236 for changeToCandidate
2019-10-19 01:04:56,743 [Thread-2671] INFO  impl.RoleInfo (RoleInfo.java:updateAndGet(143)) - a1c78c0e-869c-4f76-b4ce-2034448e0b80: start LeaderElection
2019-10-19 01:04:56,756 [a1c78c0e-869c-4f76-b4ce-2034448e0b80@group-D48B69A44692-LeaderElection343] INFO  impl.LeaderElection (LeaderElection.java:askForVotes(178)) - a1c78c0e-869c-4f76-b4ce-2034448e0b80@group-D48B69A44692-LeaderElection343: begin an election at term 237 for -1: [51276c3c-a3b8-4274-b089-592ff4589f41:192.168.157.213:36639, 64c90977-e867-487c-b50d-c226f2d34a76:192.168.157.213:37433, a1c78c0e-869c-4f76-b4ce-2034448e0b80:192.168.157.213:33501], old=null
2019-10-19 01:04:56,758 [a1c78c0e-869c-4f76-b4ce-2034448e0b80@group-D48B69A44692-LeaderElection343] INFO  impl.LeaderElection (LogUtils.java:infoOrTrace(149)) - a1c78c0e-869c-4f76-b4ce-2034448e0b80@group-D48B69A44692-LeaderElection343 got exception when requesting votes: {}
java.util.concurrent.ExecutionException: org.apache.ratis.thirdparty.io.grpc.StatusRuntimeException: UNAVAILABLE: io exception
	at java.util.concurrent.FutureTask.report(FutureTask.java:122)
	at java.util.concurrent.FutureTask.get(FutureTask.java:192)
	at org.apache.ratis.server.impl.LeaderElection.waitForResults(LeaderElection.java:259)
	at org.apache.ratis.server.impl.LeaderElection.askForVotes(LeaderElection.java:197)
	at org.apache.ratis.server.impl.LeaderElection.run(LeaderElection.java:133)
	at java.lang.Thread.run(Thread.java:748)
Caused by: org.apache.ratis.thirdparty.io.grpc.StatusRuntimeException: UNAVAILABLE: io exception
	at org.apache.ratis.thirdparty.io.grpc.stub.ClientCalls.toStatusRuntimeException(ClientCalls.java:233)
	at org.apache.ratis.thirdparty.io.grpc.stub.ClientCalls.getUnchecked(ClientCalls.java:214)
	at org.apache.ratis.thirdparty.io.grpc.stub.ClientCalls.blockingUnaryCall(ClientCalls.java:139)
	at org.apache.ratis.proto.grpc.RaftServerProtocolServiceGrpc$RaftServerProtocolServiceBlockingStub.requestVote(RaftServerProtocolServiceGrpc.java:265)
	at org.apache.ratis.grpc.server.GrpcServerProtocolClient.requestVote(GrpcServerProtocolClient.java:99)
	at org.apache.ratis.grpc.server.GrpcService.requestVote(GrpcService.java:204)
	at org.apache.ratis.server.impl.LeaderElection.lambda$submitRequests$1(LeaderElection.java:234)
	at java.util.concurrent.FutureTask.run(FutureTask.java:266)
	at java.util.concurrent.Executors$RunnableAdapter.call(Executors.java:511)
	at java.util.concurrent.FutureTask.run(FutureTask.java:266)
	at java.util.concurrent.ThreadPoolExecutor.runWorker(ThreadPoolExecutor.java:1149)
	at java.util.concurrent.ThreadPoolExecutor$Worker.run(ThreadPoolExecutor.java:624)
	... 1 more
Caused by: org.apache.ratis.thirdparty.io.netty.channel.AbstractChannel$AnnotatedConnectException: Connection refused: /192.168.157.213:36639
	at sun.nio.ch.SocketChannelImpl.checkConnect(Native Method)
	at sun.nio.ch.SocketChannelImpl.finishConnect(SocketChannelImpl.java:717)
	at org.apache.ratis.thirdparty.io.netty.channel.socket.nio.NioSocketChannel.doFinishConnect(NioSocketChannel.java:327)
	at org.apache.ratis.thirdparty.io.netty.channel.nio.AbstractNioChannel$AbstractNioUnsafe.finishConnect(AbstractNioChannel.java:340)
	at org.apache.ratis.thirdparty.io.netty.channel.nio.NioEventLoop.processSelectedKey(NioEventLoop.java:632)
	at org.apache.ratis.thirdparty.io.netty.channel.nio.NioEventLoop.processSelectedKeysOptimized(NioEventLoop.java:579)
	at org.apache.ratis.thirdparty.io.netty.channel.nio.NioEventLoop.processSelectedKeys(NioEventLoop.java:496)
	at org.apache.ratis.thirdparty.io.netty.channel.nio.NioEventLoop.run(NioEventLoop.java:458)
	at org.apache.ratis.thirdparty.io.netty.util.concurrent.SingleThreadEventExecutor$5.run(SingleThreadEventExecutor.java:897)
	at org.apache.ratis.thirdparty.io.netty.util.concurrent.FastThreadLocalRunnable.run(FastThreadLocalRunnable.java:30)
	... 1 more
Caused by: java.net.ConnectException: Connection refused
	... 11 more
2019-10-19 01:04:56,759 [grpc-default-executor-4] INFO  impl.RaftServerImpl (RaftServerImpl.java:setRole(184)) - 64c90977-e867-487c-b50d-c226f2d34a76@group-D48B69A44692: changes role from  FOLLOWER to FOLLOWER at term 237 for recognizeCandidate:a1c78c0e-869c-4f76-b4ce-2034448e0b80
2019-10-19 01:04:56,760 [grpc-default-executor-4] INFO  impl.RoleInfo (RoleInfo.java:shutdownFollowerState(121)) - 64c90977-e867-487c-b50d-c226f2d34a76: shutdown FollowerState
2019-10-19 01:04:56,760 [grpc-default-executor-4] INFO  impl.RoleInfo (RoleInfo.java:updateAndGet(143)) - 64c90977-e867-487c-b50d-c226f2d34a76: start FollowerState
2019-10-19 01:04:56,760 [Thread-2670] INFO  impl.FollowerState (FollowerState.java:run(117)) - 64c90977-e867-487c-b50d-c226f2d34a76@group-D48B69A44692-FollowerState was interrupted: java.lang.InterruptedException: sleep interrupted
2019-10-19 01:04:56,773 [a1c78c0e-869c-4f76-b4ce-2034448e0b80@group-D48B69A44692-LeaderElection343] INFO  impl.LeaderElection (LeaderElection.java:logAndReturn(56)) - a1c78c0e-869c-4f76-b4ce-2034448e0b80@group-D48B69A44692-LeaderElection343: Election REJECTED; received 1 response(s) [a1c78c0e-869c-4f76-b4ce-2034448e0b80<-64c90977-e867-487c-b50d-c226f2d34a76#0:FAIL-t237] and 1 exception(s); a1c78c0e-869c-4f76-b4ce-2034448e0b80@group-D48B69A44692:t237, leader=null, voted=a1c78c0e-869c-4f76-b4ce-2034448e0b80, raftlog=a1c78c0e-869c-4f76-b4ce-2034448e0b80@group-D48B69A44692-SegmentedRaftLog:OPENED:c-1,f-1,i0, conf=-1: [51276c3c-a3b8-4274-b089-592ff4589f41:192.168.157.213:36639, 64c90977-e867-487c-b50d-c226f2d34a76:192.168.157.213:37433, a1c78c0e-869c-4f76-b4ce-2034448e0b80:192.168.157.213:33501], old=null
2019-10-19 01:04:56,773 [a1c78c0e-869c-4f76-b4ce-2034448e0b80@group-D48B69A44692-LeaderElection343] INFO  impl.LeaderElection (LogUtils.java:infoOrTrace(149)) -   Exception 0: {}
java.util.concurrent.ExecutionException: org.apache.ratis.thirdparty.io.grpc.StatusRuntimeException: UNAVAILABLE: io exception
	at java.util.concurrent.FutureTask.report(FutureTask.java:122)
	at java.util.concurrent.FutureTask.get(FutureTask.java:192)
	at org.apache.ratis.server.impl.LeaderElection.waitForResults(LeaderElection.java:259)
	at org.apache.ratis.server.impl.LeaderElection.askForVotes(LeaderElection.java:197)
	at org.apache.ratis.server.impl.LeaderElection.run(LeaderElection.java:133)
	at java.lang.Thread.run(Thread.java:748)
Caused by: org.apache.ratis.thirdparty.io.grpc.StatusRuntimeException: UNAVAILABLE: io exception
	at org.apache.ratis.thirdparty.io.grpc.stub.ClientCalls.toStatusRuntimeException(ClientCalls.java:233)
	at org.apache.ratis.thirdparty.io.grpc.stub.ClientCalls.getUnchecked(ClientCalls.java:214)
	at org.apache.ratis.thirdparty.io.grpc.stub.ClientCalls.blockingUnaryCall(ClientCalls.java:139)
	at org.apache.ratis.proto.grpc.RaftServerProtocolServiceGrpc$RaftServerProtocolServiceBlockingStub.requestVote(RaftServerProtocolServiceGrpc.java:265)
	at org.apache.ratis.grpc.server.GrpcServerProtocolClient.requestVote(GrpcServerProtocolClient.java:99)
	at org.apache.ratis.grpc.server.GrpcService.requestVote(GrpcService.java:204)
	at org.apache.ratis.server.impl.LeaderElection.lambda$submitRequests$1(LeaderElection.java:234)
	at java.util.concurrent.FutureTask.run(FutureTask.java:266)
	at java.util.concurrent.Executors$RunnableAdapter.call(Executors.java:511)
	at java.util.concurrent.FutureTask.run(FutureTask.java:266)
	at java.util.concurrent.ThreadPoolExecutor.runWorker(ThreadPoolExecutor.java:1149)
	at java.util.concurrent.ThreadPoolExecutor$Worker.run(ThreadPoolExecutor.java:624)
	... 1 more
Caused by: org.apache.ratis.thirdparty.io.netty.channel.AbstractChannel$AnnotatedConnectException: Connection refused: /192.168.157.213:36639
	at sun.nio.ch.SocketChannelImpl.checkConnect(Native Method)
	at sun.nio.ch.SocketChannelImpl.finishConnect(SocketChannelImpl.java:717)
	at org.apache.ratis.thirdparty.io.netty.channel.socket.nio.NioSocketChannel.doFinishConnect(NioSocketChannel.java:327)
	at org.apache.ratis.thirdparty.io.netty.channel.nio.AbstractNioChannel$AbstractNioUnsafe.finishConnect(AbstractNioChannel.java:340)
	at org.apache.ratis.thirdparty.io.netty.channel.nio.NioEventLoop.processSelectedKey(NioEventLoop.java:632)
	at org.apache.ratis.thirdparty.io.netty.channel.nio.NioEventLoop.processSelectedKeysOptimized(NioEventLoop.java:579)
	at org.apache.ratis.thirdparty.io.netty.channel.nio.NioEventLoop.processSelectedKeys(NioEventLoop.java:496)
	at org.apache.ratis.thirdparty.io.netty.channel.nio.NioEventLoop.run(NioEventLoop.java:458)
	at org.apache.ratis.thirdparty.io.netty.util.concurrent.SingleThreadEventExecutor$5.run(SingleThreadEventExecutor.java:897)
	at org.apache.ratis.thirdparty.io.netty.util.concurrent.FastThreadLocalRunnable.run(FastThreadLocalRunnable.java:30)
	... 1 more
Caused by: java.net.ConnectException: Connection refused
	... 11 more
2019-10-19 01:04:56,774 [a1c78c0e-869c-4f76-b4ce-2034448e0b80@group-D48B69A44692-LeaderElection343] INFO  impl.RaftServerImpl (RaftServerImpl.java:setRole(184)) - a1c78c0e-869c-4f76-b4ce-2034448e0b80@group-D48B69A44692: changes role from CANDIDATE to FOLLOWER at term 237 for DISCOVERED_A_NEW_TERM
2019-10-19 01:04:56,774 [a1c78c0e-869c-4f76-b4ce-2034448e0b80@group-D48B69A44692-LeaderElection343] INFO  impl.RoleInfo (RoleInfo.java:shutdownLeaderElection(134)) - a1c78c0e-869c-4f76-b4ce-2034448e0b80: shutdown LeaderElection
2019-10-19 01:04:56,774 [a1c78c0e-869c-4f76-b4ce-2034448e0b80@group-D48B69A44692-LeaderElection343] INFO  impl.RoleInfo (RoleInfo.java:updateAndGet(143)) - a1c78c0e-869c-4f76-b4ce-2034448e0b80: start FollowerState
2019-10-19 01:04:56,853 [java.util.concurrent.ThreadPoolExecutor$Worker@3d9b74b8[State = -1, empty queue]] WARN  server.GrpcLogAppender (GrpcLogAppender.java:timeoutAppendRequest(209)) - b26a8d60-58dc-431d-8168-f89a9ab35f3a@group-FB3B7D7D89E3->16805c57-9f45-4377-8998-764a8f26e152-GrpcLogAppender: appendEntries Timeout, request=b26a8d60-58dc-431d-8168-f89a9ab35f3a->16805c57-9f45-4377-8998-764a8f26e152#20-t129, previous=(t:129, i:2), leaderCommit=2, initializing? false, entries: <empty>
2019-10-19 01:04:56,967 [Thread-2676] INFO  impl.FollowerState (FollowerState.java:run(108)) - a1c78c0e-869c-4f76-b4ce-2034448e0b80@group-D48B69A44692-FollowerState: change to CANDIDATE, lastRpcTime:193ms, electionTimeout:193ms
2019-10-19 01:04:56,967 [Thread-2676] INFO  impl.RoleInfo (RoleInfo.java:shutdownFollowerState(121)) - a1c78c0e-869c-4f76-b4ce-2034448e0b80: shutdown FollowerState
2019-10-19 01:04:56,967 [Thread-2676] INFO  impl.RaftServerImpl (RaftServerImpl.java:setRole(184)) - a1c78c0e-869c-4f76-b4ce-2034448e0b80@group-D48B69A44692: changes role from  FOLLOWER to CANDIDATE at term 237 for changeToCandidate
2019-10-19 01:04:56,968 [Thread-2676] INFO  impl.RoleInfo (RoleInfo.java:updateAndGet(143)) - a1c78c0e-869c-4f76-b4ce-2034448e0b80: start LeaderElection
2019-10-19 01:04:56,993 [a1c78c0e-869c-4f76-b4ce-2034448e0b80@group-D48B69A44692-LeaderElection344] INFO  impl.LeaderElection (LeaderElection.java:askForVotes(178)) - a1c78c0e-869c-4f76-b4ce-2034448e0b80@group-D48B69A44692-LeaderElection344: begin an election at term 238 for -1: [51276c3c-a3b8-4274-b089-592ff4589f41:192.168.157.213:36639, 64c90977-e867-487c-b50d-c226f2d34a76:192.168.157.213:37433, a1c78c0e-869c-4f76-b4ce-2034448e0b80:192.168.157.213:33501], old=null
2019-10-19 01:04:56,994 [a1c78c0e-869c-4f76-b4ce-2034448e0b80@group-D48B69A44692-LeaderElection344] INFO  impl.LeaderElection (LogUtils.java:infoOrTrace(149)) - a1c78c0e-869c-4f76-b4ce-2034448e0b80@group-D48B69A44692-LeaderElection344 got exception when requesting votes: {}
java.util.concurrent.ExecutionException: org.apache.ratis.thirdparty.io.grpc.StatusRuntimeException: UNAVAILABLE: io exception
	at java.util.concurrent.FutureTask.report(FutureTask.java:122)
	at java.util.concurrent.FutureTask.get(FutureTask.java:192)
	at org.apache.ratis.server.impl.LeaderElection.waitForResults(LeaderElection.java:259)
	at org.apache.ratis.server.impl.LeaderElection.askForVotes(LeaderElection.java:197)
	at org.apache.ratis.server.impl.LeaderElection.run(LeaderElection.java:133)
	at java.lang.Thread.run(Thread.java:748)
Caused by: org.apache.ratis.thirdparty.io.grpc.StatusRuntimeException: UNAVAILABLE: io exception
	at org.apache.ratis.thirdparty.io.grpc.stub.ClientCalls.toStatusRuntimeException(ClientCalls.java:233)
	at org.apache.ratis.thirdparty.io.grpc.stub.ClientCalls.getUnchecked(ClientCalls.java:214)
	at org.apache.ratis.thirdparty.io.grpc.stub.ClientCalls.blockingUnaryCall(ClientCalls.java:139)
	at org.apache.ratis.proto.grpc.RaftServerProtocolServiceGrpc$RaftServerProtocolServiceBlockingStub.requestVote(RaftServerProtocolServiceGrpc.java:265)
	at org.apache.ratis.grpc.server.GrpcServerProtocolClient.requestVote(GrpcServerProtocolClient.java:99)
	at org.apache.ratis.grpc.server.GrpcService.requestVote(GrpcService.java:204)
	at org.apache.ratis.server.impl.LeaderElection.lambda$submitRequests$1(LeaderElection.java:234)
	at java.util.concurrent.FutureTask.run(FutureTask.java:266)
	at java.util.concurrent.Executors$RunnableAdapter.call(Executors.java:511)
	at java.util.concurrent.FutureTask.run(FutureTask.java:266)
	at java.util.concurrent.ThreadPoolExecutor.runWorker(ThreadPoolExecutor.java:1149)
	at java.util.concurrent.ThreadPoolExecutor$Worker.run(ThreadPoolExecutor.java:624)
	... 1 more
Caused by: org.apache.ratis.thirdparty.io.netty.channel.AbstractChannel$AnnotatedConnectException: Connection refused: /192.168.157.213:36639
	at sun.nio.ch.SocketChannelImpl.checkConnect(Native Method)
	at sun.nio.ch.SocketChannelImpl.finishConnect(SocketChannelImpl.java:717)
	at org.apache.ratis.thirdparty.io.netty.channel.socket.nio.NioSocketChannel.doFinishConnect(NioSocketChannel.java:327)
	at org.apache.ratis.thirdparty.io.netty.channel.nio.AbstractNioChannel$AbstractNioUnsafe.finishConnect(AbstractNioChannel.java:340)
	at org.apache.ratis.thirdparty.io.netty.channel.nio.NioEventLoop.processSelectedKey(NioEventLoop.java:632)
	at org.apache.ratis.thirdparty.io.netty.channel.nio.NioEventLoop.processSelectedKeysOptimized(NioEventLoop.java:579)
	at org.apache.ratis.thirdparty.io.netty.channel.nio.NioEventLoop.processSelectedKeys(NioEventLoop.java:496)
	at org.apache.ratis.thirdparty.io.netty.channel.nio.NioEventLoop.run(NioEventLoop.java:458)
	at org.apache.ratis.thirdparty.io.netty.util.concurrent.SingleThreadEventExecutor$5.run(SingleThreadEventExecutor.java:897)
	at org.apache.ratis.thirdparty.io.netty.util.concurrent.FastThreadLocalRunnable.run(FastThreadLocalRunnable.java:30)
	... 1 more
Caused by: java.net.ConnectException: Connection refused
	... 11 more
2019-10-19 01:04:56,995 [grpc-default-executor-4] INFO  impl.RaftServerImpl (RaftServerImpl.java:setRole(184)) - 64c90977-e867-487c-b50d-c226f2d34a76@group-D48B69A44692: changes role from  FOLLOWER to FOLLOWER at term 238 for recognizeCandidate:a1c78c0e-869c-4f76-b4ce-2034448e0b80
2019-10-19 01:04:56,995 [grpc-default-executor-4] INFO  impl.RoleInfo (RoleInfo.java:shutdownFollowerState(121)) - 64c90977-e867-487c-b50d-c226f2d34a76: shutdown FollowerState
2019-10-19 01:04:56,996 [grpc-default-executor-4] INFO  impl.RoleInfo (RoleInfo.java:updateAndGet(143)) - 64c90977-e867-487c-b50d-c226f2d34a76: start FollowerState
2019-10-19 01:04:56,996 [Thread-2675] INFO  impl.FollowerState (FollowerState.java:run(117)) - 64c90977-e867-487c-b50d-c226f2d34a76@group-D48B69A44692-FollowerState was interrupted: java.lang.InterruptedException: sleep interrupted
2019-10-19 01:04:57,010 [a1c78c0e-869c-4f76-b4ce-2034448e0b80@group-D48B69A44692-LeaderElection344] INFO  impl.LeaderElection (LeaderElection.java:logAndReturn(56)) - a1c78c0e-869c-4f76-b4ce-2034448e0b80@group-D48B69A44692-LeaderElection344: Election REJECTED; received 1 response(s) [a1c78c0e-869c-4f76-b4ce-2034448e0b80<-64c90977-e867-487c-b50d-c226f2d34a76#0:FAIL-t238] and 1 exception(s); a1c78c0e-869c-4f76-b4ce-2034448e0b80@group-D48B69A44692:t238, leader=null, voted=a1c78c0e-869c-4f76-b4ce-2034448e0b80, raftlog=a1c78c0e-869c-4f76-b4ce-2034448e0b80@group-D48B69A44692-SegmentedRaftLog:OPENED:c-1,f-1,i0, conf=-1: [51276c3c-a3b8-4274-b089-592ff4589f41:192.168.157.213:36639, 64c90977-e867-487c-b50d-c226f2d34a76:192.168.157.213:37433, a1c78c0e-869c-4f76-b4ce-2034448e0b80:192.168.157.213:33501], old=null
2019-10-19 01:04:57,010 [a1c78c0e-869c-4f76-b4ce-2034448e0b80@group-D48B69A44692-LeaderElection344] INFO  impl.LeaderElection (LogUtils.java:infoOrTrace(149)) -   Exception 0: {}
java.util.concurrent.ExecutionException: org.apache.ratis.thirdparty.io.grpc.StatusRuntimeException: UNAVAILABLE: io exception
	at java.util.concurrent.FutureTask.report(FutureTask.java:122)
	at java.util.concurrent.FutureTask.get(FutureTask.java:192)
	at org.apache.ratis.server.impl.LeaderElection.waitForResults(LeaderElection.java:259)
	at org.apache.ratis.server.impl.LeaderElection.askForVotes(LeaderElection.java:197)
	at org.apache.ratis.server.impl.LeaderElection.run(LeaderElection.java:133)
	at java.lang.Thread.run(Thread.java:748)
Caused by: org.apache.ratis.thirdparty.io.grpc.StatusRuntimeException: UNAVAILABLE: io exception
	at org.apache.ratis.thirdparty.io.grpc.stub.ClientCalls.toStatusRuntimeException(ClientCalls.java:233)
	at org.apache.ratis.thirdparty.io.grpc.stub.ClientCalls.getUnchecked(ClientCalls.java:214)
	at org.apache.ratis.thirdparty.io.grpc.stub.ClientCalls.blockingUnaryCall(ClientCalls.java:139)
	at org.apache.ratis.proto.grpc.RaftServerProtocolServiceGrpc$RaftServerProtocolServiceBlockingStub.requestVote(RaftServerProtocolServiceGrpc.java:265)
	at org.apache.ratis.grpc.server.GrpcServerProtocolClient.requestVote(GrpcServerProtocolClient.java:99)
	at org.apache.ratis.grpc.server.GrpcService.requestVote(GrpcService.java:204)
	at org.apache.ratis.server.impl.LeaderElection.lambda$submitRequests$1(LeaderElection.java:234)
	at java.util.concurrent.FutureTask.run(FutureTask.java:266)
	at java.util.concurrent.Executors$RunnableAdapter.call(Executors.java:511)
	at java.util.concurrent.FutureTask.run(FutureTask.java:266)
	at java.util.concurrent.ThreadPoolExecutor.runWorker(ThreadPoolExecutor.java:1149)
	at java.util.concurrent.ThreadPoolExecutor$Worker.run(ThreadPoolExecutor.java:624)
	... 1 more
Caused by: org.apache.ratis.thirdparty.io.netty.channel.AbstractChannel$AnnotatedConnectException: Connection refused: /192.168.157.213:36639
	at sun.nio.ch.SocketChannelImpl.checkConnect(Native Method)
	at sun.nio.ch.SocketChannelImpl.finishConnect(SocketChannelImpl.java:717)
	at org.apache.ratis.thirdparty.io.netty.channel.socket.nio.NioSocketChannel.doFinishConnect(NioSocketChannel.java:327)
	at org.apache.ratis.thirdparty.io.netty.channel.nio.AbstractNioChannel$AbstractNioUnsafe.finishConnect(AbstractNioChannel.java:340)
	at org.apache.ratis.thirdparty.io.netty.channel.nio.NioEventLoop.processSelectedKey(NioEventLoop.java:632)
	at org.apache.ratis.thirdparty.io.netty.channel.nio.NioEventLoop.processSelectedKeysOptimized(NioEventLoop.java:579)
	at org.apache.ratis.thirdparty.io.netty.channel.nio.NioEventLoop.processSelectedKeys(NioEventLoop.java:496)
	at org.apache.ratis.thirdparty.io.netty.channel.nio.NioEventLoop.run(NioEventLoop.java:458)
	at org.apache.ratis.thirdparty.io.netty.util.concurrent.SingleThreadEventExecutor$5.run(SingleThreadEventExecutor.java:897)
	at org.apache.ratis.thirdparty.io.netty.util.concurrent.FastThreadLocalRunnable.run(FastThreadLocalRunnable.java:30)
	... 1 more
Caused by: java.net.ConnectException: Connection refused
	... 11 more
2019-10-19 01:04:57,010 [a1c78c0e-869c-4f76-b4ce-2034448e0b80@group-D48B69A44692-LeaderElection344] INFO  impl.RaftServerImpl (RaftServerImpl.java:setRole(184)) - a1c78c0e-869c-4f76-b4ce-2034448e0b80@group-D48B69A44692: changes role from CANDIDATE to FOLLOWER at term 238 for DISCOVERED_A_NEW_TERM
2019-10-19 01:04:57,011 [a1c78c0e-869c-4f76-b4ce-2034448e0b80@group-D48B69A44692-LeaderElection344] INFO  impl.RoleInfo (RoleInfo.java:shutdownLeaderElection(134)) - a1c78c0e-869c-4f76-b4ce-2034448e0b80: shutdown LeaderElection
2019-10-19 01:04:57,011 [a1c78c0e-869c-4f76-b4ce-2034448e0b80@group-D48B69A44692-LeaderElection344] INFO  impl.RoleInfo (RoleInfo.java:updateAndGet(143)) - a1c78c0e-869c-4f76-b4ce-2034448e0b80: start FollowerState
2019-10-19 01:04:57,063 [Thread-2681] INFO  impl.FollowerState (FollowerState.java:run(108)) - a1c78c0e-869c-4f76-b4ce-2034448e0b80@group-D48B69A44692-FollowerState: change to CANDIDATE, lastRpcTime:52ms, electionTimeout:52ms
2019-10-19 01:04:57,063 [Thread-2681] INFO  impl.RoleInfo (RoleInfo.java:shutdownFollowerState(121)) - a1c78c0e-869c-4f76-b4ce-2034448e0b80: shutdown FollowerState
2019-10-19 01:04:57,063 [Thread-2681] INFO  impl.RaftServerImpl (RaftServerImpl.java:setRole(184)) - a1c78c0e-869c-4f76-b4ce-2034448e0b80@group-D48B69A44692: changes role from  FOLLOWER to CANDIDATE at term 238 for changeToCandidate
2019-10-19 01:04:57,064 [Thread-2681] INFO  impl.RoleInfo (RoleInfo.java:updateAndGet(143)) - a1c78c0e-869c-4f76-b4ce-2034448e0b80: start LeaderElection
2019-10-19 01:04:57,077 [a1c78c0e-869c-4f76-b4ce-2034448e0b80@group-D48B69A44692-LeaderElection345] INFO  impl.LeaderElection (LeaderElection.java:askForVotes(178)) - a1c78c0e-869c-4f76-b4ce-2034448e0b80@group-D48B69A44692-LeaderElection345: begin an election at term 239 for -1: [51276c3c-a3b8-4274-b089-592ff4589f41:192.168.157.213:36639, 64c90977-e867-487c-b50d-c226f2d34a76:192.168.157.213:37433, a1c78c0e-869c-4f76-b4ce-2034448e0b80:192.168.157.213:33501], old=null
2019-10-19 01:04:57,077 [a1c78c0e-869c-4f76-b4ce-2034448e0b80@group-D48B69A44692-LeaderElection345] INFO  impl.LeaderElection (LogUtils.java:infoOrTrace(149)) - a1c78c0e-869c-4f76-b4ce-2034448e0b80@group-D48B69A44692-LeaderElection345 got exception when requesting votes: {}
java.util.concurrent.ExecutionException: org.apache.ratis.thirdparty.io.grpc.StatusRuntimeException: UNAVAILABLE: io exception
	at java.util.concurrent.FutureTask.report(FutureTask.java:122)
	at java.util.concurrent.FutureTask.get(FutureTask.java:192)
	at org.apache.ratis.server.impl.LeaderElection.waitForResults(LeaderElection.java:259)
	at org.apache.ratis.server.impl.LeaderElection.askForVotes(LeaderElection.java:197)
	at org.apache.ratis.server.impl.LeaderElection.run(LeaderElection.java:133)
	at java.lang.Thread.run(Thread.java:748)
Caused by: org.apache.ratis.thirdparty.io.grpc.StatusRuntimeException: UNAVAILABLE: io exception
	at org.apache.ratis.thirdparty.io.grpc.stub.ClientCalls.toStatusRuntimeException(ClientCalls.java:233)
	at org.apache.ratis.thirdparty.io.grpc.stub.ClientCalls.getUnchecked(ClientCalls.java:214)
	at org.apache.ratis.thirdparty.io.grpc.stub.ClientCalls.blockingUnaryCall(ClientCalls.java:139)
	at org.apache.ratis.proto.grpc.RaftServerProtocolServiceGrpc$RaftServerProtocolServiceBlockingStub.requestVote(RaftServerProtocolServiceGrpc.java:265)
	at org.apache.ratis.grpc.server.GrpcServerProtocolClient.requestVote(GrpcServerProtocolClient.java:99)
	at org.apache.ratis.grpc.server.GrpcService.requestVote(GrpcService.java:204)
	at org.apache.ratis.server.impl.LeaderElection.lambda$submitRequests$1(LeaderElection.java:234)
	at java.util.concurrent.FutureTask.run(FutureTask.java:266)
	at java.util.concurrent.Executors$RunnableAdapter.call(Executors.java:511)
	at java.util.concurrent.FutureTask.run(FutureTask.java:266)
	at java.util.concurrent.ThreadPoolExecutor.runWorker(ThreadPoolExecutor.java:1149)
	at java.util.concurrent.ThreadPoolExecutor$Worker.run(ThreadPoolExecutor.java:624)
	... 1 more
Caused by: org.apache.ratis.thirdparty.io.netty.channel.AbstractChannel$AnnotatedConnectException: Connection refused: /192.168.157.213:36639
	at sun.nio.ch.SocketChannelImpl.checkConnect(Native Method)
	at sun.nio.ch.SocketChannelImpl.finishConnect(SocketChannelImpl.java:717)
	at org.apache.ratis.thirdparty.io.netty.channel.socket.nio.NioSocketChannel.doFinishConnect(NioSocketChannel.java:327)
	at org.apache.ratis.thirdparty.io.netty.channel.nio.AbstractNioChannel$AbstractNioUnsafe.finishConnect(AbstractNioChannel.java:340)
	at org.apache.ratis.thirdparty.io.netty.channel.nio.NioEventLoop.processSelectedKey(NioEventLoop.java:632)
	at org.apache.ratis.thirdparty.io.netty.channel.nio.NioEventLoop.processSelectedKeysOptimized(NioEventLoop.java:579)
	at org.apache.ratis.thirdparty.io.netty.channel.nio.NioEventLoop.processSelectedKeys(NioEventLoop.java:496)
	at org.apache.ratis.thirdparty.io.netty.channel.nio.NioEventLoop.run(NioEventLoop.java:458)
	at org.apache.ratis.thirdparty.io.netty.util.concurrent.SingleThreadEventExecutor$5.run(SingleThreadEventExecutor.java:897)
	at org.apache.ratis.thirdparty.io.netty.util.concurrent.FastThreadLocalRunnable.run(FastThreadLocalRunnable.java:30)
	... 1 more
Caused by: java.net.ConnectException: Connection refused
	... 11 more
2019-10-19 01:04:57,078 [grpc-default-executor-4] INFO  impl.RaftServerImpl (RaftServerImpl.java:setRole(184)) - 64c90977-e867-487c-b50d-c226f2d34a76@group-D48B69A44692: changes role from  FOLLOWER to FOLLOWER at term 239 for recognizeCandidate:a1c78c0e-869c-4f76-b4ce-2034448e0b80
2019-10-19 01:04:57,078 [grpc-default-executor-4] INFO  impl.RoleInfo (RoleInfo.java:shutdownFollowerState(121)) - 64c90977-e867-487c-b50d-c226f2d34a76: shutdown FollowerState
2019-10-19 01:04:57,079 [grpc-default-executor-4] INFO  impl.RoleInfo (RoleInfo.java:updateAndGet(143)) - 64c90977-e867-487c-b50d-c226f2d34a76: start FollowerState
2019-10-19 01:04:57,079 [Thread-2680] INFO  impl.FollowerState (FollowerState.java:run(117)) - 64c90977-e867-487c-b50d-c226f2d34a76@group-D48B69A44692-FollowerState was interrupted: java.lang.InterruptedException: sleep interrupted
2019-10-19 01:04:57,092 [a1c78c0e-869c-4f76-b4ce-2034448e0b80@group-D48B69A44692-LeaderElection345] INFO  impl.LeaderElection (LeaderElection.java:logAndReturn(56)) - a1c78c0e-869c-4f76-b4ce-2034448e0b80@group-D48B69A44692-LeaderElection345: Election REJECTED; received 1 response(s) [a1c78c0e-869c-4f76-b4ce-2034448e0b80<-64c90977-e867-487c-b50d-c226f2d34a76#0:FAIL-t239] and 1 exception(s); a1c78c0e-869c-4f76-b4ce-2034448e0b80@group-D48B69A44692:t239, leader=null, voted=a1c78c0e-869c-4f76-b4ce-2034448e0b80, raftlog=a1c78c0e-869c-4f76-b4ce-2034448e0b80@group-D48B69A44692-SegmentedRaftLog:OPENED:c-1,f-1,i0, conf=-1: [51276c3c-a3b8-4274-b089-592ff4589f41:192.168.157.213:36639, 64c90977-e867-487c-b50d-c226f2d34a76:192.168.157.213:37433, a1c78c0e-869c-4f76-b4ce-2034448e0b80:192.168.157.213:33501], old=null
2019-10-19 01:04:57,092 [a1c78c0e-869c-4f76-b4ce-2034448e0b80@group-D48B69A44692-LeaderElection345] INFO  impl.LeaderElection (LogUtils.java:infoOrTrace(149)) -   Exception 0: {}
java.util.concurrent.ExecutionException: org.apache.ratis.thirdparty.io.grpc.StatusRuntimeException: UNAVAILABLE: io exception
	at java.util.concurrent.FutureTask.report(FutureTask.java:122)
	at java.util.concurrent.FutureTask.get(FutureTask.java:192)
	at org.apache.ratis.server.impl.LeaderElection.waitForResults(LeaderElection.java:259)
	at org.apache.ratis.server.impl.LeaderElection.askForVotes(LeaderElection.java:197)
	at org.apache.ratis.server.impl.LeaderElection.run(LeaderElection.java:133)
	at java.lang.Thread.run(Thread.java:748)
Caused by: org.apache.ratis.thirdparty.io.grpc.StatusRuntimeException: UNAVAILABLE: io exception
	at org.apache.ratis.thirdparty.io.grpc.stub.ClientCalls.toStatusRuntimeException(ClientCalls.java:233)
	at org.apache.ratis.thirdparty.io.grpc.stub.ClientCalls.getUnchecked(ClientCalls.java:214)
	at org.apache.ratis.thirdparty.io.grpc.stub.ClientCalls.blockingUnaryCall(ClientCalls.java:139)
	at org.apache.ratis.proto.grpc.RaftServerProtocolServiceGrpc$RaftServerProtocolServiceBlockingStub.requestVote(RaftServerProtocolServiceGrpc.java:265)
	at org.apache.ratis.grpc.server.GrpcServerProtocolClient.requestVote(GrpcServerProtocolClient.java:99)
	at org.apache.ratis.grpc.server.GrpcService.requestVote(GrpcService.java:204)
	at org.apache.ratis.server.impl.LeaderElection.lambda$submitRequests$1(LeaderElection.java:234)
	at java.util.concurrent.FutureTask.run(FutureTask.java:266)
	at java.util.concurrent.Executors$RunnableAdapter.call(Executors.java:511)
	at java.util.concurrent.FutureTask.run(FutureTask.java:266)
	at java.util.concurrent.ThreadPoolExecutor.runWorker(ThreadPoolExecutor.java:1149)
	at java.util.concurrent.ThreadPoolExecutor$Worker.run(ThreadPoolExecutor.java:624)
	... 1 more
Caused by: org.apache.ratis.thirdparty.io.netty.channel.AbstractChannel$AnnotatedConnectException: Connection refused: /192.168.157.213:36639
	at sun.nio.ch.SocketChannelImpl.checkConnect(Native Method)
	at sun.nio.ch.SocketChannelImpl.finishConnect(SocketChannelImpl.java:717)
	at org.apache.ratis.thirdparty.io.netty.channel.socket.nio.NioSocketChannel.doFinishConnect(NioSocketChannel.java:327)
	at org.apache.ratis.thirdparty.io.netty.channel.nio.AbstractNioChannel$AbstractNioUnsafe.finishConnect(AbstractNioChannel.java:340)
	at org.apache.ratis.thirdparty.io.netty.channel.nio.NioEventLoop.processSelectedKey(NioEventLoop.java:632)
	at org.apache.ratis.thirdparty.io.netty.channel.nio.NioEventLoop.processSelectedKeysOptimized(NioEventLoop.java:579)
	at org.apache.ratis.thirdparty.io.netty.channel.nio.NioEventLoop.processSelectedKeys(NioEventLoop.java:496)
	at org.apache.ratis.thirdparty.io.netty.channel.nio.NioEventLoop.run(NioEventLoop.java:458)
	at org.apache.ratis.thirdparty.io.netty.util.concurrent.SingleThreadEventExecutor$5.run(SingleThreadEventExecutor.java:897)
	at org.apache.ratis.thirdparty.io.netty.util.concurrent.FastThreadLocalRunnable.run(FastThreadLocalRunnable.java:30)
	... 1 more
Caused by: java.net.ConnectException: Connection refused
	... 11 more
2019-10-19 01:04:57,092 [a1c78c0e-869c-4f76-b4ce-2034448e0b80@group-D48B69A44692-LeaderElection345] INFO  impl.RaftServerImpl (RaftServerImpl.java:setRole(184)) - a1c78c0e-869c-4f76-b4ce-2034448e0b80@group-D48B69A44692: changes role from CANDIDATE to FOLLOWER at term 239 for DISCOVERED_A_NEW_TERM
2019-10-19 01:04:57,092 [a1c78c0e-869c-4f76-b4ce-2034448e0b80@group-D48B69A44692-LeaderElection345] INFO  impl.RoleInfo (RoleInfo.java:shutdownLeaderElection(134)) - a1c78c0e-869c-4f76-b4ce-2034448e0b80: shutdown LeaderElection
2019-10-19 01:04:57,093 [a1c78c0e-869c-4f76-b4ce-2034448e0b80@group-D48B69A44692-LeaderElection345] INFO  impl.RoleInfo (RoleInfo.java:updateAndGet(143)) - a1c78c0e-869c-4f76-b4ce-2034448e0b80: start FollowerState
2019-10-19 01:04:57,280 [Thread-2686] INFO  impl.FollowerState (FollowerState.java:run(108)) - a1c78c0e-869c-4f76-b4ce-2034448e0b80@group-D48B69A44692-FollowerState: change to CANDIDATE, lastRpcTime:187ms, electionTimeout:187ms
2019-10-19 01:04:57,280 [Thread-2686] INFO  impl.RoleInfo (RoleInfo.java:shutdownFollowerState(121)) - a1c78c0e-869c-4f76-b4ce-2034448e0b80: shutdown FollowerState
2019-10-19 01:04:57,280 [Thread-2686] INFO  impl.RaftServerImpl (RaftServerImpl.java:setRole(184)) - a1c78c0e-869c-4f76-b4ce-2034448e0b80@group-D48B69A44692: changes role from  FOLLOWER to CANDIDATE at term 239 for changeToCandidate
2019-10-19 01:04:57,281 [Thread-2686] INFO  impl.RoleInfo (RoleInfo.java:updateAndGet(143)) - a1c78c0e-869c-4f76-b4ce-2034448e0b80: start LeaderElection
2019-10-19 01:04:57,307 [a1c78c0e-869c-4f76-b4ce-2034448e0b80@group-D48B69A44692-LeaderElection346] INFO  impl.LeaderElection (LeaderElection.java:askForVotes(178)) - a1c78c0e-869c-4f76-b4ce-2034448e0b80@group-D48B69A44692-LeaderElection346: begin an election at term 240 for -1: [51276c3c-a3b8-4274-b089-592ff4589f41:192.168.157.213:36639, 64c90977-e867-487c-b50d-c226f2d34a76:192.168.157.213:37433, a1c78c0e-869c-4f76-b4ce-2034448e0b80:192.168.157.213:33501], old=null
2019-10-19 01:04:57,308 [a1c78c0e-869c-4f76-b4ce-2034448e0b80@group-D48B69A44692-LeaderElection346] INFO  impl.LeaderElection (LogUtils.java:infoOrTrace(149)) - a1c78c0e-869c-4f76-b4ce-2034448e0b80@group-D48B69A44692-LeaderElection346 got exception when requesting votes: {}
java.util.concurrent.ExecutionException: org.apache.ratis.thirdparty.io.grpc.StatusRuntimeException: UNAVAILABLE: io exception
	at java.util.concurrent.FutureTask.report(FutureTask.java:122)
	at java.util.concurrent.FutureTask.get(FutureTask.java:192)
	at org.apache.ratis.server.impl.LeaderElection.waitForResults(LeaderElection.java:259)
	at org.apache.ratis.server.impl.LeaderElection.askForVotes(LeaderElection.java:197)
	at org.apache.ratis.server.impl.LeaderElection.run(LeaderElection.java:133)
	at java.lang.Thread.run(Thread.java:748)
Caused by: org.apache.ratis.thirdparty.io.grpc.StatusRuntimeException: UNAVAILABLE: io exception
	at org.apache.ratis.thirdparty.io.grpc.stub.ClientCalls.toStatusRuntimeException(ClientCalls.java:233)
	at org.apache.ratis.thirdparty.io.grpc.stub.ClientCalls.getUnchecked(ClientCalls.java:214)
	at org.apache.ratis.thirdparty.io.grpc.stub.ClientCalls.blockingUnaryCall(ClientCalls.java:139)
	at org.apache.ratis.proto.grpc.RaftServerProtocolServiceGrpc$RaftServerProtocolServiceBlockingStub.requestVote(RaftServerProtocolServiceGrpc.java:265)
	at org.apache.ratis.grpc.server.GrpcServerProtocolClient.requestVote(GrpcServerProtocolClient.java:99)
	at org.apache.ratis.grpc.server.GrpcService.requestVote(GrpcService.java:204)
	at org.apache.ratis.server.impl.LeaderElection.lambda$submitRequests$1(LeaderElection.java:234)
	at java.util.concurrent.FutureTask.run(FutureTask.java:266)
	at java.util.concurrent.Executors$RunnableAdapter.call(Executors.java:511)
	at java.util.concurrent.FutureTask.run(FutureTask.java:266)
	at java.util.concurrent.ThreadPoolExecutor.runWorker(ThreadPoolExecutor.java:1149)
	at java.util.concurrent.ThreadPoolExecutor$Worker.run(ThreadPoolExecutor.java:624)
	... 1 more
Caused by: org.apache.ratis.thirdparty.io.netty.channel.AbstractChannel$AnnotatedConnectException: Connection refused: /192.168.157.213:36639
	at sun.nio.ch.SocketChannelImpl.checkConnect(Native Method)
	at sun.nio.ch.SocketChannelImpl.finishConnect(SocketChannelImpl.java:717)
	at org.apache.ratis.thirdparty.io.netty.channel.socket.nio.NioSocketChannel.doFinishConnect(NioSocketChannel.java:327)
	at org.apache.ratis.thirdparty.io.netty.channel.nio.AbstractNioChannel$AbstractNioUnsafe.finishConnect(AbstractNioChannel.java:340)
	at org.apache.ratis.thirdparty.io.netty.channel.nio.NioEventLoop.processSelectedKey(NioEventLoop.java:632)
	at org.apache.ratis.thirdparty.io.netty.channel.nio.NioEventLoop.processSelectedKeysOptimized(NioEventLoop.java:579)
	at org.apache.ratis.thirdparty.io.netty.channel.nio.NioEventLoop.processSelectedKeys(NioEventLoop.java:496)
	at org.apache.ratis.thirdparty.io.netty.channel.nio.NioEventLoop.run(NioEventLoop.java:458)
	at org.apache.ratis.thirdparty.io.netty.util.concurrent.SingleThreadEventExecutor$5.run(SingleThreadEventExecutor.java:897)
	at org.apache.ratis.thirdparty.io.netty.util.concurrent.FastThreadLocalRunnable.run(FastThreadLocalRunnable.java:30)
	... 1 more
Caused by: java.net.ConnectException: Connection refused
	... 11 more
2019-10-19 01:04:57,310 [grpc-default-executor-4] INFO  impl.RaftServerImpl (RaftServerImpl.java:setRole(184)) - 64c90977-e867-487c-b50d-c226f2d34a76@group-D48B69A44692: changes role from  FOLLOWER to FOLLOWER at term 240 for recognizeCandidate:a1c78c0e-869c-4f76-b4ce-2034448e0b80
2019-10-19 01:04:57,310 [grpc-default-executor-4] INFO  impl.RoleInfo (RoleInfo.java:shutdownFollowerState(121)) - 64c90977-e867-487c-b50d-c226f2d34a76: shutdown FollowerState
2019-10-19 01:04:57,310 [grpc-default-executor-4] INFO  impl.RoleInfo (RoleInfo.java:updateAndGet(143)) - 64c90977-e867-487c-b50d-c226f2d34a76: start FollowerState
2019-10-19 01:04:57,310 [Thread-2685] INFO  impl.FollowerState (FollowerState.java:run(117)) - 64c90977-e867-487c-b50d-c226f2d34a76@group-D48B69A44692-FollowerState was interrupted: java.lang.InterruptedException: sleep interrupted
2019-10-19 01:04:57,324 [a1c78c0e-869c-4f76-b4ce-2034448e0b80@group-D48B69A44692-LeaderElection346] INFO  impl.LeaderElection (LeaderElection.java:logAndReturn(56)) - a1c78c0e-869c-4f76-b4ce-2034448e0b80@group-D48B69A44692-LeaderElection346: Election REJECTED; received 1 response(s) [a1c78c0e-869c-4f76-b4ce-2034448e0b80<-64c90977-e867-487c-b50d-c226f2d34a76#0:FAIL-t240] and 1 exception(s); a1c78c0e-869c-4f76-b4ce-2034448e0b80@group-D48B69A44692:t240, leader=null, voted=a1c78c0e-869c-4f76-b4ce-2034448e0b80, raftlog=a1c78c0e-869c-4f76-b4ce-2034448e0b80@group-D48B69A44692-SegmentedRaftLog:OPENED:c-1,f-1,i0, conf=-1: [51276c3c-a3b8-4274-b089-592ff4589f41:192.168.157.213:36639, 64c90977-e867-487c-b50d-c226f2d34a76:192.168.157.213:37433, a1c78c0e-869c-4f76-b4ce-2034448e0b80:192.168.157.213:33501], old=null
2019-10-19 01:04:57,324 [a1c78c0e-869c-4f76-b4ce-2034448e0b80@group-D48B69A44692-LeaderElection346] INFO  impl.LeaderElection (LogUtils.java:infoOrTrace(149)) -   Exception 0: {}
java.util.concurrent.ExecutionException: org.apache.ratis.thirdparty.io.grpc.StatusRuntimeException: UNAVAILABLE: io exception
	at java.util.concurrent.FutureTask.report(FutureTask.java:122)
	at java.util.concurrent.FutureTask.get(FutureTask.java:192)
	at org.apache.ratis.server.impl.LeaderElection.waitForResults(LeaderElection.java:259)
	at org.apache.ratis.server.impl.LeaderElection.askForVotes(LeaderElection.java:197)
	at org.apache.ratis.server.impl.LeaderElection.run(LeaderElection.java:133)
	at java.lang.Thread.run(Thread.java:748)
Caused by: org.apache.ratis.thirdparty.io.grpc.StatusRuntimeException: UNAVAILABLE: io exception
	at org.apache.ratis.thirdparty.io.grpc.stub.ClientCalls.toStatusRuntimeException(ClientCalls.java:233)
	at org.apache.ratis.thirdparty.io.grpc.stub.ClientCalls.getUnchecked(ClientCalls.java:214)
	at org.apache.ratis.thirdparty.io.grpc.stub.ClientCalls.blockingUnaryCall(ClientCalls.java:139)
	at org.apache.ratis.proto.grpc.RaftServerProtocolServiceGrpc$RaftServerProtocolServiceBlockingStub.requestVote(RaftServerProtocolServiceGrpc.java:265)
	at org.apache.ratis.grpc.server.GrpcServerProtocolClient.requestVote(GrpcServerProtocolClient.java:99)
	at org.apache.ratis.grpc.server.GrpcService.requestVote(GrpcService.java:204)
	at org.apache.ratis.server.impl.LeaderElection.lambda$submitRequests$1(LeaderElection.java:234)
	at java.util.concurrent.FutureTask.run(FutureTask.java:266)
	at java.util.concurrent.Executors$RunnableAdapter.call(Executors.java:511)
	at java.util.concurrent.FutureTask.run(FutureTask.java:266)
	at java.util.concurrent.ThreadPoolExecutor.runWorker(ThreadPoolExecutor.java:1149)
	at java.util.concurrent.ThreadPoolExecutor$Worker.run(ThreadPoolExecutor.java:624)
	... 1 more
Caused by: org.apache.ratis.thirdparty.io.netty.channel.AbstractChannel$AnnotatedConnectException: Connection refused: /192.168.157.213:36639
	at sun.nio.ch.SocketChannelImpl.checkConnect(Native Method)
	at sun.nio.ch.SocketChannelImpl.finishConnect(SocketChannelImpl.java:717)
	at org.apache.ratis.thirdparty.io.netty.channel.socket.nio.NioSocketChannel.doFinishConnect(NioSocketChannel.java:327)
	at org.apache.ratis.thirdparty.io.netty.channel.nio.AbstractNioChannel$AbstractNioUnsafe.finishConnect(AbstractNioChannel.java:340)
	at org.apache.ratis.thirdparty.io.netty.channel.nio.NioEventLoop.processSelectedKey(NioEventLoop.java:632)
	at org.apache.ratis.thirdparty.io.netty.channel.nio.NioEventLoop.processSelectedKeysOptimized(NioEventLoop.java:579)
	at org.apache.ratis.thirdparty.io.netty.channel.nio.NioEventLoop.processSelectedKeys(NioEventLoop.java:496)
	at org.apache.ratis.thirdparty.io.netty.channel.nio.NioEventLoop.run(NioEventLoop.java:458)
	at org.apache.ratis.thirdparty.io.netty.util.concurrent.SingleThreadEventExecutor$5.run(SingleThreadEventExecutor.java:897)
	at org.apache.ratis.thirdparty.io.netty.util.concurrent.FastThreadLocalRunnable.run(FastThreadLocalRunnable.java:30)
	... 1 more
Caused by: java.net.ConnectException: Connection refused
	... 11 more
2019-10-19 01:04:57,325 [a1c78c0e-869c-4f76-b4ce-2034448e0b80@group-D48B69A44692-LeaderElection346] INFO  impl.RaftServerImpl (RaftServerImpl.java:setRole(184)) - a1c78c0e-869c-4f76-b4ce-2034448e0b80@group-D48B69A44692: changes role from CANDIDATE to FOLLOWER at term 240 for DISCOVERED_A_NEW_TERM
2019-10-19 01:04:57,325 [a1c78c0e-869c-4f76-b4ce-2034448e0b80@group-D48B69A44692-LeaderElection346] INFO  impl.RoleInfo (RoleInfo.java:shutdownLeaderElection(134)) - a1c78c0e-869c-4f76-b4ce-2034448e0b80: shutdown LeaderElection
2019-10-19 01:04:57,325 [a1c78c0e-869c-4f76-b4ce-2034448e0b80@group-D48B69A44692-LeaderElection346] INFO  impl.RoleInfo (RoleInfo.java:updateAndGet(143)) - a1c78c0e-869c-4f76-b4ce-2034448e0b80: start FollowerState
2019-10-19 01:04:57,340 [java.util.concurrent.ThreadPoolExecutor$Worker@6bcea71[State = -1, empty queue]] WARN  server.GrpcLogAppender (GrpcLogAppender.java:timeoutAppendRequest(209)) - b26a8d60-58dc-431d-8168-f89a9ab35f3a@group-FB3B7D7D89E3->a54795b0-6c9c-4137-a866-f82f653c9bf9-GrpcLogAppender: appendEntries Timeout, request=b26a8d60-58dc-431d-8168-f89a9ab35f3a->a54795b0-6c9c-4137-a866-f82f653c9bf9#3-t129, previous=(t:3, i:0), leaderCommit=2, initializing? false, entries: <empty>
2019-10-19 01:04:57,354 [java.util.concurrent.ThreadPoolExecutor$Worker@3d9b74b8[State = -1, empty queue]] WARN  server.GrpcLogAppender (GrpcLogAppender.java:timeoutAppendRequest(209)) - b26a8d60-58dc-431d-8168-f89a9ab35f3a@group-FB3B7D7D89E3->16805c57-9f45-4377-8998-764a8f26e152-GrpcLogAppender: appendEntries Timeout, request=b26a8d60-58dc-431d-8168-f89a9ab35f3a->16805c57-9f45-4377-8998-764a8f26e152#21-t129, previous=(t:129, i:2), leaderCommit=2, initializing? false, entries: <empty>
2019-10-19 01:04:57,405 [Thread-2691] INFO  impl.FollowerState (FollowerState.java:run(108)) - a1c78c0e-869c-4f76-b4ce-2034448e0b80@group-D48B69A44692-FollowerState: change to CANDIDATE, lastRpcTime:80ms, electionTimeout:80ms
2019-10-19 01:04:57,405 [Thread-2691] INFO  impl.RoleInfo (RoleInfo.java:shutdownFollowerState(121)) - a1c78c0e-869c-4f76-b4ce-2034448e0b80: shutdown FollowerState
2019-10-19 01:04:57,406 [Thread-2691] INFO  impl.RaftServerImpl (RaftServerImpl.java:setRole(184)) - a1c78c0e-869c-4f76-b4ce-2034448e0b80@group-D48B69A44692: changes role from  FOLLOWER to CANDIDATE at term 240 for changeToCandidate
2019-10-19 01:04:57,406 [Thread-2691] INFO  impl.RoleInfo (RoleInfo.java:updateAndGet(143)) - a1c78c0e-869c-4f76-b4ce-2034448e0b80: start LeaderElection
2019-10-19 01:04:57,420 [a1c78c0e-869c-4f76-b4ce-2034448e0b80@group-D48B69A44692-LeaderElection347] INFO  impl.LeaderElection (LeaderElection.java:askForVotes(178)) - a1c78c0e-869c-4f76-b4ce-2034448e0b80@group-D48B69A44692-LeaderElection347: begin an election at term 241 for -1: [51276c3c-a3b8-4274-b089-592ff4589f41:192.168.157.213:36639, 64c90977-e867-487c-b50d-c226f2d34a76:192.168.157.213:37433, a1c78c0e-869c-4f76-b4ce-2034448e0b80:192.168.157.213:33501], old=null
2019-10-19 01:04:57,421 [a1c78c0e-869c-4f76-b4ce-2034448e0b80@group-D48B69A44692-LeaderElection347] INFO  impl.LeaderElection (LogUtils.java:infoOrTrace(149)) - a1c78c0e-869c-4f76-b4ce-2034448e0b80@group-D48B69A44692-LeaderElection347 got exception when requesting votes: {}
java.util.concurrent.ExecutionException: org.apache.ratis.thirdparty.io.grpc.StatusRuntimeException: UNAVAILABLE: io exception
	at java.util.concurrent.FutureTask.report(FutureTask.java:122)
	at java.util.concurrent.FutureTask.get(FutureTask.java:192)
	at org.apache.ratis.server.impl.LeaderElection.waitForResults(LeaderElection.java:259)
	at org.apache.ratis.server.impl.LeaderElection.askForVotes(LeaderElection.java:197)
	at org.apache.ratis.server.impl.LeaderElection.run(LeaderElection.java:133)
	at java.lang.Thread.run(Thread.java:748)
Caused by: org.apache.ratis.thirdparty.io.grpc.StatusRuntimeException: UNAVAILABLE: io exception
	at org.apache.ratis.thirdparty.io.grpc.stub.ClientCalls.toStatusRuntimeException(ClientCalls.java:233)
	at org.apache.ratis.thirdparty.io.grpc.stub.ClientCalls.getUnchecked(ClientCalls.java:214)
	at org.apache.ratis.thirdparty.io.grpc.stub.ClientCalls.blockingUnaryCall(ClientCalls.java:139)
	at org.apache.ratis.proto.grpc.RaftServerProtocolServiceGrpc$RaftServerProtocolServiceBlockingStub.requestVote(RaftServerProtocolServiceGrpc.java:265)
	at org.apache.ratis.grpc.server.GrpcServerProtocolClient.requestVote(GrpcServerProtocolClient.java:99)
	at org.apache.ratis.grpc.server.GrpcService.requestVote(GrpcService.java:204)
	at org.apache.ratis.server.impl.LeaderElection.lambda$submitRequests$1(LeaderElection.java:234)
	at java.util.concurrent.FutureTask.run(FutureTask.java:266)
	at java.util.concurrent.Executors$RunnableAdapter.call(Executors.java:511)
	at java.util.concurrent.FutureTask.run(FutureTask.java:266)
	at java.util.concurrent.ThreadPoolExecutor.runWorker(ThreadPoolExecutor.java:1149)
	at java.util.concurrent.ThreadPoolExecutor$Worker.run(ThreadPoolExecutor.java:624)
	... 1 more
Caused by: org.apache.ratis.thirdparty.io.netty.channel.AbstractChannel$AnnotatedConnectException: Connection refused: /192.168.157.213:36639
	at sun.nio.ch.SocketChannelImpl.checkConnect(Native Method)
	at sun.nio.ch.SocketChannelImpl.finishConnect(SocketChannelImpl.java:717)
	at org.apache.ratis.thirdparty.io.netty.channel.socket.nio.NioSocketChannel.doFinishConnect(NioSocketChannel.java:327)
	at org.apache.ratis.thirdparty.io.netty.channel.nio.AbstractNioChannel$AbstractNioUnsafe.finishConnect(AbstractNioChannel.java:340)
	at org.apache.ratis.thirdparty.io.netty.channel.nio.NioEventLoop.processSelectedKey(NioEventLoop.java:632)
	at org.apache.ratis.thirdparty.io.netty.channel.nio.NioEventLoop.processSelectedKeysOptimized(NioEventLoop.java:579)
	at org.apache.ratis.thirdparty.io.netty.channel.nio.NioEventLoop.processSelectedKeys(NioEventLoop.java:496)
	at org.apache.ratis.thirdparty.io.netty.channel.nio.NioEventLoop.run(NioEventLoop.java:458)
	at org.apache.ratis.thirdparty.io.netty.util.concurrent.SingleThreadEventExecutor$5.run(SingleThreadEventExecutor.java:897)
	at org.apache.ratis.thirdparty.io.netty.util.concurrent.FastThreadLocalRunnable.run(FastThreadLocalRunnable.java:30)
	... 1 more
Caused by: java.net.ConnectException: Connection refused
	... 11 more
2019-10-19 01:04:57,421 [grpc-default-executor-4] INFO  impl.RaftServerImpl (RaftServerImpl.java:setRole(184)) - 64c90977-e867-487c-b50d-c226f2d34a76@group-D48B69A44692: changes role from  FOLLOWER to FOLLOWER at term 241 for recognizeCandidate:a1c78c0e-869c-4f76-b4ce-2034448e0b80
2019-10-19 01:04:57,422 [grpc-default-executor-4] INFO  impl.RoleInfo (RoleInfo.java:shutdownFollowerState(121)) - 64c90977-e867-487c-b50d-c226f2d34a76: shutdown FollowerState
2019-10-19 01:04:57,422 [grpc-default-executor-4] INFO  impl.RoleInfo (RoleInfo.java:updateAndGet(143)) - 64c90977-e867-487c-b50d-c226f2d34a76: start FollowerState
2019-10-19 01:04:57,422 [Thread-2690] INFO  impl.FollowerState (FollowerState.java:run(117)) - 64c90977-e867-487c-b50d-c226f2d34a76@group-D48B69A44692-FollowerState was interrupted: java.lang.InterruptedException: sleep interrupted
2019-10-19 01:04:57,436 [a1c78c0e-869c-4f76-b4ce-2034448e0b80@group-D48B69A44692-LeaderElection347] INFO  impl.LeaderElection (LeaderElection.java:logAndReturn(56)) - a1c78c0e-869c-4f76-b4ce-2034448e0b80@group-D48B69A44692-LeaderElection347: Election REJECTED; received 1 response(s) [a1c78c0e-869c-4f76-b4ce-2034448e0b80<-64c90977-e867-487c-b50d-c226f2d34a76#0:FAIL-t241] and 1 exception(s); a1c78c0e-869c-4f76-b4ce-2034448e0b80@group-D48B69A44692:t241, leader=null, voted=a1c78c0e-869c-4f76-b4ce-2034448e0b80, raftlog=a1c78c0e-869c-4f76-b4ce-2034448e0b80@group-D48B69A44692-SegmentedRaftLog:OPENED:c-1,f-1,i0, conf=-1: [51276c3c-a3b8-4274-b089-592ff4589f41:192.168.157.213:36639, 64c90977-e867-487c-b50d-c226f2d34a76:192.168.157.213:37433, a1c78c0e-869c-4f76-b4ce-2034448e0b80:192.168.157.213:33501], old=null
2019-10-19 01:04:57,436 [a1c78c0e-869c-4f76-b4ce-2034448e0b80@group-D48B69A44692-LeaderElection347] INFO  impl.LeaderElection (LogUtils.java:infoOrTrace(149)) -   Exception 0: {}
java.util.concurrent.ExecutionException: org.apache.ratis.thirdparty.io.grpc.StatusRuntimeException: UNAVAILABLE: io exception
	at java.util.concurrent.FutureTask.report(FutureTask.java:122)
	at java.util.concurrent.FutureTask.get(FutureTask.java:192)
	at org.apache.ratis.server.impl.LeaderElection.waitForResults(LeaderElection.java:259)
	at org.apache.ratis.server.impl.LeaderElection.askForVotes(LeaderElection.java:197)
	at org.apache.ratis.server.impl.LeaderElection.run(LeaderElection.java:133)
	at java.lang.Thread.run(Thread.java:748)
Caused by: org.apache.ratis.thirdparty.io.grpc.StatusRuntimeException: UNAVAILABLE: io exception
	at org.apache.ratis.thirdparty.io.grpc.stub.ClientCalls.toStatusRuntimeException(ClientCalls.java:233)
	at org.apache.ratis.thirdparty.io.grpc.stub.ClientCalls.getUnchecked(ClientCalls.java:214)
	at org.apache.ratis.thirdparty.io.grpc.stub.ClientCalls.blockingUnaryCall(ClientCalls.java:139)
	at org.apache.ratis.proto.grpc.RaftServerProtocolServiceGrpc$RaftServerProtocolServiceBlockingStub.requestVote(RaftServerProtocolServiceGrpc.java:265)
	at org.apache.ratis.grpc.server.GrpcServerProtocolClient.requestVote(GrpcServerProtocolClient.java:99)
	at org.apache.ratis.grpc.server.GrpcService.requestVote(GrpcService.java:204)
	at org.apache.ratis.server.impl.LeaderElection.lambda$submitRequests$1(LeaderElection.java:234)
	at java.util.concurrent.FutureTask.run(FutureTask.java:266)
	at java.util.concurrent.Executors$RunnableAdapter.call(Executors.java:511)
	at java.util.concurrent.FutureTask.run(FutureTask.java:266)
	at java.util.concurrent.ThreadPoolExecutor.runWorker(ThreadPoolExecutor.java:1149)
	at java.util.concurrent.ThreadPoolExecutor$Worker.run(ThreadPoolExecutor.java:624)
	... 1 more
Caused by: org.apache.ratis.thirdparty.io.netty.channel.AbstractChannel$AnnotatedConnectException: Connection refused: /192.168.157.213:36639
	at sun.nio.ch.SocketChannelImpl.checkConnect(Native Method)
	at sun.nio.ch.SocketChannelImpl.finishConnect(SocketChannelImpl.java:717)
	at org.apache.ratis.thirdparty.io.netty.channel.socket.nio.NioSocketChannel.doFinishConnect(NioSocketChannel.java:327)
	at org.apache.ratis.thirdparty.io.netty.channel.nio.AbstractNioChannel$AbstractNioUnsafe.finishConnect(AbstractNioChannel.java:340)
	at org.apache.ratis.thirdparty.io.netty.channel.nio.NioEventLoop.processSelectedKey(NioEventLoop.java:632)
	at org.apache.ratis.thirdparty.io.netty.channel.nio.NioEventLoop.processSelectedKeysOptimized(NioEventLoop.java:579)
	at org.apache.ratis.thirdparty.io.netty.channel.nio.NioEventLoop.processSelectedKeys(NioEventLoop.java:496)
	at org.apache.ratis.thirdparty.io.netty.channel.nio.NioEventLoop.run(NioEventLoop.java:458)
	at org.apache.ratis.thirdparty.io.netty.util.concurrent.SingleThreadEventExecutor$5.run(SingleThreadEventExecutor.java:897)
	at org.apache.ratis.thirdparty.io.netty.util.concurrent.FastThreadLocalRunnable.run(FastThreadLocalRunnable.java:30)
	... 1 more
Caused by: java.net.ConnectException: Connection refused
	... 11 more
2019-10-19 01:04:57,436 [a1c78c0e-869c-4f76-b4ce-2034448e0b80@group-D48B69A44692-LeaderElection347] INFO  impl.RaftServerImpl (RaftServerImpl.java:setRole(184)) - a1c78c0e-869c-4f76-b4ce-2034448e0b80@group-D48B69A44692: changes role from CANDIDATE to FOLLOWER at term 241 for DISCOVERED_A_NEW_TERM
2019-10-19 01:04:57,436 [a1c78c0e-869c-4f76-b4ce-2034448e0b80@group-D48B69A44692-LeaderElection347] INFO  impl.RoleInfo (RoleInfo.java:shutdownLeaderElection(134)) - a1c78c0e-869c-4f76-b4ce-2034448e0b80: shutdown LeaderElection
2019-10-19 01:04:57,436 [a1c78c0e-869c-4f76-b4ce-2034448e0b80@group-D48B69A44692-LeaderElection347] INFO  impl.RoleInfo (RoleInfo.java:updateAndGet(143)) - a1c78c0e-869c-4f76-b4ce-2034448e0b80: start FollowerState
2019-10-19 01:04:57,457 [Thread-2661] INFO  impl.FollowerState (FollowerState.java:run(108)) - 390d33c4-98c8-495f-9f34-63cdf16532b5@group-EFF8D6679E36-FollowerState: change to CANDIDATE, lastRpcTime:1158ms, electionTimeout:1158ms
2019-10-19 01:04:57,457 [Thread-2661] INFO  impl.RoleInfo (RoleInfo.java:shutdownFollowerState(121)) - 390d33c4-98c8-495f-9f34-63cdf16532b5: shutdown FollowerState
2019-10-19 01:04:57,457 [Thread-2661] INFO  impl.RaftServerImpl (RaftServerImpl.java:setRole(184)) - 390d33c4-98c8-495f-9f34-63cdf16532b5@group-EFF8D6679E36: changes role from  FOLLOWER to CANDIDATE at term 4 for changeToCandidate
2019-10-19 01:04:57,458 [Thread-2661] INFO  impl.RoleInfo (RoleInfo.java:updateAndGet(143)) - 390d33c4-98c8-495f-9f34-63cdf16532b5: start LeaderElection
2019-10-19 01:04:57,471 [390d33c4-98c8-495f-9f34-63cdf16532b5@group-EFF8D6679E36-LeaderElection348] INFO  impl.LeaderElection (LeaderElection.java:askForVotes(178)) - 390d33c4-98c8-495f-9f34-63cdf16532b5@group-EFF8D6679E36-LeaderElection348: begin an election at term 5 for 0: [7f3fb33d-9d98-4be4-bfb4-e5618e23eafb:192.168.157.213:46612, 390d33c4-98c8-495f-9f34-63cdf16532b5:192.168.157.213:40184, bd96e850-7fd3-40f8-8499-55f7f41be4fe:192.168.157.213:46800], old=null
2019-10-19 01:04:57,471 [Thread-2696] INFO  impl.FollowerState (FollowerState.java:run(108)) - a1c78c0e-869c-4f76-b4ce-2034448e0b80@group-D48B69A44692-FollowerState: change to CANDIDATE, lastRpcTime:34ms, electionTimeout:34ms
2019-10-19 01:04:57,471 [Thread-2696] INFO  impl.RoleInfo (RoleInfo.java:shutdownFollowerState(121)) - a1c78c0e-869c-4f76-b4ce-2034448e0b80: shutdown FollowerState
2019-10-19 01:04:57,471 [Thread-2696] INFO  impl.RaftServerImpl (RaftServerImpl.java:setRole(184)) - a1c78c0e-869c-4f76-b4ce-2034448e0b80@group-D48B69A44692: changes role from  FOLLOWER to CANDIDATE at term 241 for changeToCandidate
2019-10-19 01:04:57,471 [Thread-2696] INFO  impl.RoleInfo (RoleInfo.java:updateAndGet(143)) - a1c78c0e-869c-4f76-b4ce-2034448e0b80: start LeaderElection
2019-10-19 01:04:57,472 [390d33c4-98c8-495f-9f34-63cdf16532b5@group-EFF8D6679E36-LeaderElection348] INFO  impl.LeaderElection (LogUtils.java:infoOrTrace(149)) - 390d33c4-98c8-495f-9f34-63cdf16532b5@group-EFF8D6679E36-LeaderElection348 got exception when requesting votes: {}
java.util.concurrent.ExecutionException: org.apache.ratis.thirdparty.io.grpc.StatusRuntimeException: UNAVAILABLE: io exception
	at java.util.concurrent.FutureTask.report(FutureTask.java:122)
	at java.util.concurrent.FutureTask.get(FutureTask.java:192)
	at org.apache.ratis.server.impl.LeaderElection.waitForResults(LeaderElection.java:259)
	at org.apache.ratis.server.impl.LeaderElection.askForVotes(LeaderElection.java:197)
	at org.apache.ratis.server.impl.LeaderElection.run(LeaderElection.java:133)
	at java.lang.Thread.run(Thread.java:748)
Caused by: org.apache.ratis.thirdparty.io.grpc.StatusRuntimeException: UNAVAILABLE: io exception
	at org.apache.ratis.thirdparty.io.grpc.stub.ClientCalls.toStatusRuntimeException(ClientCalls.java:233)
	at org.apache.ratis.thirdparty.io.grpc.stub.ClientCalls.getUnchecked(ClientCalls.java:214)
	at org.apache.ratis.thirdparty.io.grpc.stub.ClientCalls.blockingUnaryCall(ClientCalls.java:139)
	at org.apache.ratis.proto.grpc.RaftServerProtocolServiceGrpc$RaftServerProtocolServiceBlockingStub.requestVote(RaftServerProtocolServiceGrpc.java:265)
	at org.apache.ratis.grpc.server.GrpcServerProtocolClient.requestVote(GrpcServerProtocolClient.java:99)
	at org.apache.ratis.grpc.server.GrpcService.requestVote(GrpcService.java:204)
	at org.apache.ratis.server.impl.LeaderElection.lambda$submitRequests$1(LeaderElection.java:234)
	at java.util.concurrent.FutureTask.run(FutureTask.java:266)
	at java.util.concurrent.Executors$RunnableAdapter.call(Executors.java:511)
	at java.util.concurrent.FutureTask.run(FutureTask.java:266)
	at java.util.concurrent.ThreadPoolExecutor.runWorker(ThreadPoolExecutor.java:1149)
	at java.util.concurrent.ThreadPoolExecutor$Worker.run(ThreadPoolExecutor.java:624)
	... 1 more
Caused by: org.apache.ratis.thirdparty.io.netty.channel.AbstractChannel$AnnotatedConnectException: Connection refused: /192.168.157.213:46612
	at sun.nio.ch.SocketChannelImpl.checkConnect(Native Method)
	at sun.nio.ch.SocketChannelImpl.finishConnect(SocketChannelImpl.java:717)
	at org.apache.ratis.thirdparty.io.netty.channel.socket.nio.NioSocketChannel.doFinishConnect(NioSocketChannel.java:327)
	at org.apache.ratis.thirdparty.io.netty.channel.nio.AbstractNioChannel$AbstractNioUnsafe.finishConnect(AbstractNioChannel.java:340)
	at org.apache.ratis.thirdparty.io.netty.channel.nio.NioEventLoop.processSelectedKey(NioEventLoop.java:632)
	at org.apache.ratis.thirdparty.io.netty.channel.nio.NioEventLoop.processSelectedKeysOptimized(NioEventLoop.java:579)
	at org.apache.ratis.thirdparty.io.netty.channel.nio.NioEventLoop.processSelectedKeys(NioEventLoop.java:496)
	at org.apache.ratis.thirdparty.io.netty.channel.nio.NioEventLoop.run(NioEventLoop.java:458)
	at org.apache.ratis.thirdparty.io.netty.util.concurrent.SingleThreadEventExecutor$5.run(SingleThreadEventExecutor.java:897)
	at org.apache.ratis.thirdparty.io.netty.util.concurrent.FastThreadLocalRunnable.run(FastThreadLocalRunnable.java:30)
	... 1 more
Caused by: java.net.ConnectException: Connection refused
	... 11 more
2019-10-19 01:04:57,472 [390d33c4-98c8-495f-9f34-63cdf16532b5@group-EFF8D6679E36-LeaderElection348] INFO  impl.LeaderElection (LogUtils.java:infoOrTrace(149)) - 390d33c4-98c8-495f-9f34-63cdf16532b5@group-EFF8D6679E36-LeaderElection348 got exception when requesting votes: {}
java.util.concurrent.ExecutionException: org.apache.ratis.thirdparty.io.grpc.StatusRuntimeException: UNAVAILABLE: io exception
	at java.util.concurrent.FutureTask.report(FutureTask.java:122)
	at java.util.concurrent.FutureTask.get(FutureTask.java:192)
	at org.apache.ratis.server.impl.LeaderElection.waitForResults(LeaderElection.java:259)
	at org.apache.ratis.server.impl.LeaderElection.askForVotes(LeaderElection.java:197)
	at org.apache.ratis.server.impl.LeaderElection.run(LeaderElection.java:133)
	at java.lang.Thread.run(Thread.java:748)
Caused by: org.apache.ratis.thirdparty.io.grpc.StatusRuntimeException: UNAVAILABLE: io exception
	at org.apache.ratis.thirdparty.io.grpc.stub.ClientCalls.toStatusRuntimeException(ClientCalls.java:233)
	at org.apache.ratis.thirdparty.io.grpc.stub.ClientCalls.getUnchecked(ClientCalls.java:214)
	at org.apache.ratis.thirdparty.io.grpc.stub.ClientCalls.blockingUnaryCall(ClientCalls.java:139)
	at org.apache.ratis.proto.grpc.RaftServerProtocolServiceGrpc$RaftServerProtocolServiceBlockingStub.requestVote(RaftServerProtocolServiceGrpc.java:265)
	at org.apache.ratis.grpc.server.GrpcServerProtocolClient.requestVote(GrpcServerProtocolClient.java:99)
	at org.apache.ratis.grpc.server.GrpcService.requestVote(GrpcService.java:204)
	at org.apache.ratis.server.impl.LeaderElection.lambda$submitRequests$1(LeaderElection.java:234)
	at java.util.concurrent.FutureTask.run(FutureTask.java:266)
	at java.util.concurrent.Executors$RunnableAdapter.call(Executors.java:511)
	at java.util.concurrent.FutureTask.run(FutureTask.java:266)
	at java.util.concurrent.ThreadPoolExecutor.runWorker(ThreadPoolExecutor.java:1149)
	at java.util.concurrent.ThreadPoolExecutor$Worker.run(ThreadPoolExecutor.java:624)
	... 1 more
Caused by: org.apache.ratis.thirdparty.io.netty.channel.AbstractChannel$AnnotatedConnectException: Connection refused: /192.168.157.213:46800
	at sun.nio.ch.SocketChannelImpl.checkConnect(Native Method)
	at sun.nio.ch.SocketChannelImpl.finishConnect(SocketChannelImpl.java:717)
	at org.apache.ratis.thirdparty.io.netty.channel.socket.nio.NioSocketChannel.doFinishConnect(NioSocketChannel.java:327)
	at org.apache.ratis.thirdparty.io.netty.channel.nio.AbstractNioChannel$AbstractNioUnsafe.finishConnect(AbstractNioChannel.java:340)
	at org.apache.ratis.thirdparty.io.netty.channel.nio.NioEventLoop.processSelectedKey(NioEventLoop.java:632)
	at org.apache.ratis.thirdparty.io.netty.channel.nio.NioEventLoop.processSelectedKeysOptimized(NioEventLoop.java:579)
	at org.apache.ratis.thirdparty.io.netty.channel.nio.NioEventLoop.processSelectedKeys(NioEventLoop.java:496)
	at org.apache.ratis.thirdparty.io.netty.channel.nio.NioEventLoop.run(NioEventLoop.java:458)
	at org.apache.ratis.thirdparty.io.netty.util.concurrent.SingleThreadEventExecutor$5.run(SingleThreadEventExecutor.java:897)
	at org.apache.ratis.thirdparty.io.netty.util.concurrent.FastThreadLocalRunnable.run(FastThreadLocalRunnable.java:30)
	... 1 more
Caused by: java.net.ConnectException: Connection refused
	... 11 more
2019-10-19 01:04:57,472 [390d33c4-98c8-495f-9f34-63cdf16532b5@group-EFF8D6679E36-LeaderElection348] INFO  impl.LeaderElection (LeaderElection.java:logAndReturn(56)) - 390d33c4-98c8-495f-9f34-63cdf16532b5@group-EFF8D6679E36-LeaderElection348: Election REJECTED; received 0 response(s) [] and 2 exception(s); 390d33c4-98c8-495f-9f34-63cdf16532b5@group-EFF8D6679E36:t5, leader=null, voted=390d33c4-98c8-495f-9f34-63cdf16532b5, raftlog=390d33c4-98c8-495f-9f34-63cdf16532b5@group-EFF8D6679E36-SegmentedRaftLog:OPENED:c20,f20,i20, conf=0: [7f3fb33d-9d98-4be4-bfb4-e5618e23eafb:192.168.157.213:46612, 390d33c4-98c8-495f-9f34-63cdf16532b5:192.168.157.213:40184, bd96e850-7fd3-40f8-8499-55f7f41be4fe:192.168.157.213:46800], old=null
2019-10-19 01:04:57,472 [390d33c4-98c8-495f-9f34-63cdf16532b5@group-EFF8D6679E36-LeaderElection348] INFO  impl.LeaderElection (LogUtils.java:infoOrTrace(149)) -   Exception 0: {}
java.util.concurrent.ExecutionException: org.apache.ratis.thirdparty.io.grpc.StatusRuntimeException: UNAVAILABLE: io exception
	at java.util.concurrent.FutureTask.report(FutureTask.java:122)
	at java.util.concurrent.FutureTask.get(FutureTask.java:192)
	at org.apache.ratis.server.impl.LeaderElection.waitForResults(LeaderElection.java:259)
	at org.apache.ratis.server.impl.LeaderElection.askForVotes(LeaderElection.java:197)
	at org.apache.ratis.server.impl.LeaderElection.run(LeaderElection.java:133)
	at java.lang.Thread.run(Thread.java:748)
Caused by: org.apache.ratis.thirdparty.io.grpc.StatusRuntimeException: UNAVAILABLE: io exception
	at org.apache.ratis.thirdparty.io.grpc.stub.ClientCalls.toStatusRuntimeException(ClientCalls.java:233)
	at org.apache.ratis.thirdparty.io.grpc.stub.ClientCalls.getUnchecked(ClientCalls.java:214)
	at org.apache.ratis.thirdparty.io.grpc.stub.ClientCalls.blockingUnaryCall(ClientCalls.java:139)
	at org.apache.ratis.proto.grpc.RaftServerProtocolServiceGrpc$RaftServerProtocolServiceBlockingStub.requestVote(RaftServerProtocolServiceGrpc.java:265)
	at org.apache.ratis.grpc.server.GrpcServerProtocolClient.requestVote(GrpcServerProtocolClient.java:99)
	at org.apache.ratis.grpc.server.GrpcService.requestVote(GrpcService.java:204)
	at org.apache.ratis.server.impl.LeaderElection.lambda$submitRequests$1(LeaderElection.java:234)
	at java.util.concurrent.FutureTask.run(FutureTask.java:266)
	at java.util.concurrent.Executors$RunnableAdapter.call(Executors.java:511)
	at java.util.concurrent.FutureTask.run(FutureTask.java:266)
	at java.util.concurrent.ThreadPoolExecutor.runWorker(ThreadPoolExecutor.java:1149)
	at java.util.concurrent.ThreadPoolExecutor$Worker.run(ThreadPoolExecutor.java:624)
	... 1 more
Caused by: org.apache.ratis.thirdparty.io.netty.channel.AbstractChannel$AnnotatedConnectException: Connection refused: /192.168.157.213:46612
	at sun.nio.ch.SocketChannelImpl.checkConnect(Native Method)
	at sun.nio.ch.SocketChannelImpl.finishConnect(SocketChannelImpl.java:717)
	at org.apache.ratis.thirdparty.io.netty.channel.socket.nio.NioSocketChannel.doFinishConnect(NioSocketChannel.java:327)
	at org.apache.ratis.thirdparty.io.netty.channel.nio.AbstractNioChannel$AbstractNioUnsafe.finishConnect(AbstractNioChannel.java:340)
	at org.apache.ratis.thirdparty.io.netty.channel.nio.NioEventLoop.processSelectedKey(NioEventLoop.java:632)
	at org.apache.ratis.thirdparty.io.netty.channel.nio.NioEventLoop.processSelectedKeysOptimized(NioEventLoop.java:579)
	at org.apache.ratis.thirdparty.io.netty.channel.nio.NioEventLoop.processSelectedKeys(NioEventLoop.java:496)
	at org.apache.ratis.thirdparty.io.netty.channel.nio.NioEventLoop.run(NioEventLoop.java:458)
	at org.apache.ratis.thirdparty.io.netty.util.concurrent.SingleThreadEventExecutor$5.run(SingleThreadEventExecutor.java:897)
	at org.apache.ratis.thirdparty.io.netty.util.concurrent.FastThreadLocalRunnable.run(FastThreadLocalRunnable.java:30)
	... 1 more
Caused by: java.net.ConnectException: Connection refused
	... 11 more
2019-10-19 01:04:57,473 [390d33c4-98c8-495f-9f34-63cdf16532b5@group-EFF8D6679E36-LeaderElection348] INFO  impl.LeaderElection (LogUtils.java:infoOrTrace(149)) -   Exception 1: {}
java.util.concurrent.ExecutionException: org.apache.ratis.thirdparty.io.grpc.StatusRuntimeException: UNAVAILABLE: io exception
	at java.util.concurrent.FutureTask.report(FutureTask.java:122)
	at java.util.concurrent.FutureTask.get(FutureTask.java:192)
	at org.apache.ratis.server.impl.LeaderElection.waitForResults(LeaderElection.java:259)
	at org.apache.ratis.server.impl.LeaderElection.askForVotes(LeaderElection.java:197)
	at org.apache.ratis.server.impl.LeaderElection.run(LeaderElection.java:133)
	at java.lang.Thread.run(Thread.java:748)
Caused by: org.apache.ratis.thirdparty.io.grpc.StatusRuntimeException: UNAVAILABLE: io exception
	at org.apache.ratis.thirdparty.io.grpc.stub.ClientCalls.toStatusRuntimeException(ClientCalls.java:233)
	at org.apache.ratis.thirdparty.io.grpc.stub.ClientCalls.getUnchecked(ClientCalls.java:214)
	at org.apache.ratis.thirdparty.io.grpc.stub.ClientCalls.blockingUnaryCall(ClientCalls.java:139)
	at org.apache.ratis.proto.grpc.RaftServerProtocolServiceGrpc$RaftServerProtocolServiceBlockingStub.requestVote(RaftServerProtocolServiceGrpc.java:265)
	at org.apache.ratis.grpc.server.GrpcServerProtocolClient.requestVote(GrpcServerProtocolClient.java:99)
	at org.apache.ratis.grpc.server.GrpcService.requestVote(GrpcService.java:204)
	at org.apache.ratis.server.impl.LeaderElection.lambda$submitRequests$1(LeaderElection.java:234)
	at java.util.concurrent.FutureTask.run(FutureTask.java:266)
	at java.util.concurrent.Executors$RunnableAdapter.call(Executors.java:511)
	at java.util.concurrent.FutureTask.run(FutureTask.java:266)
	at java.util.concurrent.ThreadPoolExecutor.runWorker(ThreadPoolExecutor.java:1149)
	at java.util.concurrent.ThreadPoolExecutor$Worker.run(ThreadPoolExecutor.java:624)
	... 1 more
Caused by: org.apache.ratis.thirdparty.io.netty.channel.AbstractChannel$AnnotatedConnectException: Connection refused: /192.168.157.213:46800
	at sun.nio.ch.SocketChannelImpl.checkConnect(Native Method)
	at sun.nio.ch.SocketChannelImpl.finishConnect(SocketChannelImpl.java:717)
	at org.apache.ratis.thirdparty.io.netty.channel.socket.nio.NioSocketChannel.doFinishConnect(NioSocketChannel.java:327)
	at org.apache.ratis.thirdparty.io.netty.channel.nio.AbstractNioChannel$AbstractNioUnsafe.finishConnect(AbstractNioChannel.java:340)
	at org.apache.ratis.thirdparty.io.netty.channel.nio.NioEventLoop.processSelectedKey(NioEventLoop.java:632)
	at org.apache.ratis.thirdparty.io.netty.channel.nio.NioEventLoop.processSelectedKeysOptimized(NioEventLoop.java:579)
	at org.apache.ratis.thirdparty.io.netty.channel.nio.NioEventLoop.processSelectedKeys(NioEventLoop.java:496)
	at org.apache.ratis.thirdparty.io.netty.channel.nio.NioEventLoop.run(NioEventLoop.java:458)
	at org.apache.ratis.thirdparty.io.netty.util.concurrent.SingleThreadEventExecutor$5.run(SingleThreadEventExecutor.java:897)
	at org.apache.ratis.thirdparty.io.netty.util.concurrent.FastThreadLocalRunnable.run(FastThreadLocalRunnable.java:30)
	... 1 more
Caused by: java.net.ConnectException: Connection refused
	... 11 more
2019-10-19 01:04:57,473 [390d33c4-98c8-495f-9f34-63cdf16532b5@group-EFF8D6679E36-LeaderElection348] INFO  impl.RaftServerImpl (RaftServerImpl.java:setRole(184)) - 390d33c4-98c8-495f-9f34-63cdf16532b5@group-EFF8D6679E36: changes role from CANDIDATE to FOLLOWER at term 5 for DISCOVERED_A_NEW_TERM
2019-10-19 01:04:57,473 [390d33c4-98c8-495f-9f34-63cdf16532b5@group-EFF8D6679E36-LeaderElection348] INFO  impl.RoleInfo (RoleInfo.java:shutdownLeaderElection(134)) - 390d33c4-98c8-495f-9f34-63cdf16532b5: shutdown LeaderElection
2019-10-19 01:04:57,473 [390d33c4-98c8-495f-9f34-63cdf16532b5@group-EFF8D6679E36-LeaderElection348] INFO  impl.RoleInfo (RoleInfo.java:updateAndGet(143)) - 390d33c4-98c8-495f-9f34-63cdf16532b5: start FollowerState
2019-10-19 01:04:57,475 [a1c78c0e-869c-4f76-b4ce-2034448e0b80@group-D48B69A44692-LeaderElection349] INFO  impl.LeaderElection (LeaderElection.java:askForVotes(178)) - a1c78c0e-869c-4f76-b4ce-2034448e0b80@group-D48B69A44692-LeaderElection349: begin an election at term 242 for -1: [51276c3c-a3b8-4274-b089-592ff4589f41:192.168.157.213:36639, 64c90977-e867-487c-b50d-c226f2d34a76:192.168.157.213:37433, a1c78c0e-869c-4f76-b4ce-2034448e0b80:192.168.157.213:33501], old=null
2019-10-19 01:04:57,476 [a1c78c0e-869c-4f76-b4ce-2034448e0b80@group-D48B69A44692-LeaderElection349] INFO  impl.LeaderElection (LogUtils.java:infoOrTrace(149)) - a1c78c0e-869c-4f76-b4ce-2034448e0b80@group-D48B69A44692-LeaderElection349 got exception when requesting votes: {}
java.util.concurrent.ExecutionException: org.apache.ratis.thirdparty.io.grpc.StatusRuntimeException: UNAVAILABLE: io exception
	at java.util.concurrent.FutureTask.report(FutureTask.java:122)
	at java.util.concurrent.FutureTask.get(FutureTask.java:192)
	at org.apache.ratis.server.impl.LeaderElection.waitForResults(LeaderElection.java:259)
	at org.apache.ratis.server.impl.LeaderElection.askForVotes(LeaderElection.java:197)
	at org.apache.ratis.server.impl.LeaderElection.run(LeaderElection.java:133)
	at java.lang.Thread.run(Thread.java:748)
Caused by: org.apache.ratis.thirdparty.io.grpc.StatusRuntimeException: UNAVAILABLE: io exception
	at org.apache.ratis.thirdparty.io.grpc.stub.ClientCalls.toStatusRuntimeException(ClientCalls.java:233)
	at org.apache.ratis.thirdparty.io.grpc.stub.ClientCalls.getUnchecked(ClientCalls.java:214)
	at org.apache.ratis.thirdparty.io.grpc.stub.ClientCalls.blockingUnaryCall(ClientCalls.java:139)
	at org.apache.ratis.proto.grpc.RaftServerProtocolServiceGrpc$RaftServerProtocolServiceBlockingStub.requestVote(RaftServerProtocolServiceGrpc.java:265)
	at org.apache.ratis.grpc.server.GrpcServerProtocolClient.requestVote(GrpcServerProtocolClient.java:99)
	at org.apache.ratis.grpc.server.GrpcService.requestVote(GrpcService.java:204)
	at org.apache.ratis.server.impl.LeaderElection.lambda$submitRequests$1(LeaderElection.java:234)
	at java.util.concurrent.FutureTask.run(FutureTask.java:266)
	at java.util.concurrent.Executors$RunnableAdapter.call(Executors.java:511)
	at java.util.concurrent.FutureTask.run(FutureTask.java:266)
	at java.util.concurrent.ThreadPoolExecutor.runWorker(ThreadPoolExecutor.java:1149)
	at java.util.concurrent.ThreadPoolExecutor$Worker.run(ThreadPoolExecutor.java:624)
	... 1 more
Caused by: org.apache.ratis.thirdparty.io.netty.channel.AbstractChannel$AnnotatedConnectException: Connection refused: /192.168.157.213:36639
	at sun.nio.ch.SocketChannelImpl.checkConnect(Native Method)
	at sun.nio.ch.SocketChannelImpl.finishConnect(SocketChannelImpl.java:717)
	at org.apache.ratis.thirdparty.io.netty.channel.socket.nio.NioSocketChannel.doFinishConnect(NioSocketChannel.java:327)
	at org.apache.ratis.thirdparty.io.netty.channel.nio.AbstractNioChannel$AbstractNioUnsafe.finishConnect(AbstractNioChannel.java:340)
	at org.apache.ratis.thirdparty.io.netty.channel.nio.NioEventLoop.processSelectedKey(NioEventLoop.java:632)
	at org.apache.ratis.thirdparty.io.netty.channel.nio.NioEventLoop.processSelectedKeysOptimized(NioEventLoop.java:579)
	at org.apache.ratis.thirdparty.io.netty.channel.nio.NioEventLoop.processSelectedKeys(NioEventLoop.java:496)
	at org.apache.ratis.thirdparty.io.netty.channel.nio.NioEventLoop.run(NioEventLoop.java:458)
	at org.apache.ratis.thirdparty.io.netty.util.concurrent.SingleThreadEventExecutor$5.run(SingleThreadEventExecutor.java:897)
	at org.apache.ratis.thirdparty.io.netty.util.concurrent.FastThreadLocalRunnable.run(FastThreadLocalRunnable.java:30)
	... 1 more
Caused by: java.net.ConnectException: Connection refused
	... 11 more
2019-10-19 01:04:57,477 [grpc-default-executor-7] INFO  impl.RaftServerImpl (RaftServerImpl.java:setRole(184)) - 64c90977-e867-487c-b50d-c226f2d34a76@group-D48B69A44692: changes role from  FOLLOWER to FOLLOWER at term 242 for recognizeCandidate:a1c78c0e-869c-4f76-b4ce-2034448e0b80
2019-10-19 01:04:57,477 [grpc-default-executor-7] INFO  impl.RoleInfo (RoleInfo.java:shutdownFollowerState(121)) - 64c90977-e867-487c-b50d-c226f2d34a76: shutdown FollowerState
2019-10-19 01:04:57,477 [grpc-default-executor-7] INFO  impl.RoleInfo (RoleInfo.java:updateAndGet(143)) - 64c90977-e867-487c-b50d-c226f2d34a76: start FollowerState
2019-10-19 01:04:57,478 [Thread-2695] INFO  impl.FollowerState (FollowerState.java:run(117)) - 64c90977-e867-487c-b50d-c226f2d34a76@group-D48B69A44692-FollowerState was interrupted: java.lang.InterruptedException: sleep interrupted
2019-10-19 01:04:57,481 [a1c78c0e-869c-4f76-b4ce-2034448e0b80@group-D48B69A44692-LeaderElection349] INFO  impl.LeaderElection (LeaderElection.java:logAndReturn(56)) - a1c78c0e-869c-4f76-b4ce-2034448e0b80@group-D48B69A44692-LeaderElection349: Election REJECTED; received 1 response(s) [a1c78c0e-869c-4f76-b4ce-2034448e0b80<-64c90977-e867-487c-b50d-c226f2d34a76#0:FAIL-t242] and 1 exception(s); a1c78c0e-869c-4f76-b4ce-2034448e0b80@group-D48B69A44692:t242, leader=null, voted=a1c78c0e-869c-4f76-b4ce-2034448e0b80, raftlog=a1c78c0e-869c-4f76-b4ce-2034448e0b80@group-D48B69A44692-SegmentedRaftLog:OPENED:c-1,f-1,i0, conf=-1: [51276c3c-a3b8-4274-b089-592ff4589f41:192.168.157.213:36639, 64c90977-e867-487c-b50d-c226f2d34a76:192.168.157.213:37433, a1c78c0e-869c-4f76-b4ce-2034448e0b80:192.168.157.213:33501], old=null
2019-10-19 01:04:57,481 [a1c78c0e-869c-4f76-b4ce-2034448e0b80@group-D48B69A44692-LeaderElection349] INFO  impl.LeaderElection (LogUtils.java:infoOrTrace(149)) -   Exception 0: {}
java.util.concurrent.ExecutionException: org.apache.ratis.thirdparty.io.grpc.StatusRuntimeException: UNAVAILABLE: io exception
	at java.util.concurrent.FutureTask.report(FutureTask.java:122)
	at java.util.concurrent.FutureTask.get(FutureTask.java:192)
	at org.apache.ratis.server.impl.LeaderElection.waitForResults(LeaderElection.java:259)
	at org.apache.ratis.server.impl.LeaderElection.askForVotes(LeaderElection.java:197)
	at org.apache.ratis.server.impl.LeaderElection.run(LeaderElection.java:133)
	at java.lang.Thread.run(Thread.java:748)
Caused by: org.apache.ratis.thirdparty.io.grpc.StatusRuntimeException: UNAVAILABLE: io exception
	at org.apache.ratis.thirdparty.io.grpc.stub.ClientCalls.toStatusRuntimeException(ClientCalls.java:233)
	at org.apache.ratis.thirdparty.io.grpc.stub.ClientCalls.getUnchecked(ClientCalls.java:214)
	at org.apache.ratis.thirdparty.io.grpc.stub.ClientCalls.blockingUnaryCall(ClientCalls.java:139)
	at org.apache.ratis.proto.grpc.RaftServerProtocolServiceGrpc$RaftServerProtocolServiceBlockingStub.requestVote(RaftServerProtocolServiceGrpc.java:265)
	at org.apache.ratis.grpc.server.GrpcServerProtocolClient.requestVote(GrpcServerProtocolClient.java:99)
	at org.apache.ratis.grpc.server.GrpcService.requestVote(GrpcService.java:204)
	at org.apache.ratis.server.impl.LeaderElection.lambda$submitRequests$1(LeaderElection.java:234)
	at java.util.concurrent.FutureTask.run(FutureTask.java:266)
	at java.util.concurrent.Executors$RunnableAdapter.call(Executors.java:511)
	at java.util.concurrent.FutureTask.run(FutureTask.java:266)
	at java.util.concurrent.ThreadPoolExecutor.runWorker(ThreadPoolExecutor.java:1149)
	at java.util.concurrent.ThreadPoolExecutor$Worker.run(ThreadPoolExecutor.java:624)
	... 1 more
Caused by: org.apache.ratis.thirdparty.io.netty.channel.AbstractChannel$AnnotatedConnectException: Connection refused: /192.168.157.213:36639
	at sun.nio.ch.SocketChannelImpl.checkConnect(Native Method)
	at sun.nio.ch.SocketChannelImpl.finishConnect(SocketChannelImpl.java:717)
	at org.apache.ratis.thirdparty.io.netty.channel.socket.nio.NioSocketChannel.doFinishConnect(NioSocketChannel.java:327)
	at org.apache.ratis.thirdparty.io.netty.channel.nio.AbstractNioChannel$AbstractNioUnsafe.finishConnect(AbstractNioChannel.java:340)
	at org.apache.ratis.thirdparty.io.netty.channel.nio.NioEventLoop.processSelectedKey(NioEventLoop.java:632)
	at org.apache.ratis.thirdparty.io.netty.channel.nio.NioEventLoop.processSelectedKeysOptimized(NioEventLoop.java:579)
	at org.apache.ratis.thirdparty.io.netty.channel.nio.NioEventLoop.processSelectedKeys(NioEventLoop.java:496)
	at org.apache.ratis.thirdparty.io.netty.channel.nio.NioEventLoop.run(NioEventLoop.java:458)
	at org.apache.ratis.thirdparty.io.netty.util.concurrent.SingleThreadEventExecutor$5.run(SingleThreadEventExecutor.java:897)
	at org.apache.ratis.thirdparty.io.netty.util.concurrent.FastThreadLocalRunnable.run(FastThreadLocalRunnable.java:30)
	... 1 more
Caused by: java.net.ConnectException: Connection refused
	... 11 more
2019-10-19 01:04:57,482 [a1c78c0e-869c-4f76-b4ce-2034448e0b80@group-D48B69A44692-LeaderElection349] INFO  impl.RaftServerImpl (RaftServerImpl.java:setRole(184)) - a1c78c0e-869c-4f76-b4ce-2034448e0b80@group-D48B69A44692: changes role from CANDIDATE to FOLLOWER at term 242 for DISCOVERED_A_NEW_TERM
2019-10-19 01:04:57,482 [a1c78c0e-869c-4f76-b4ce-2034448e0b80@group-D48B69A44692-LeaderElection349] INFO  impl.RoleInfo (RoleInfo.java:shutdownLeaderElection(134)) - a1c78c0e-869c-4f76-b4ce-2034448e0b80: shutdown LeaderElection
2019-10-19 01:04:57,482 [a1c78c0e-869c-4f76-b4ce-2034448e0b80@group-D48B69A44692-LeaderElection349] INFO  impl.RoleInfo (RoleInfo.java:updateAndGet(143)) - a1c78c0e-869c-4f76-b4ce-2034448e0b80: start FollowerState
2019-10-19 01:04:57,491 [Thread-2705] INFO  impl.FollowerState (FollowerState.java:run(108)) - a1c78c0e-869c-4f76-b4ce-2034448e0b80@group-D48B69A44692-FollowerState: change to CANDIDATE, lastRpcTime:9ms, electionTimeout:9ms
2019-10-19 01:04:57,491 [Thread-2705] INFO  impl.RoleInfo (RoleInfo.java:shutdownFollowerState(121)) - a1c78c0e-869c-4f76-b4ce-2034448e0b80: shutdown FollowerState
2019-10-19 01:04:57,492 [Thread-2705] INFO  impl.RaftServerImpl (RaftServerImpl.java:setRole(184)) - a1c78c0e-869c-4f76-b4ce-2034448e0b80@group-D48B69A44692: changes role from  FOLLOWER to CANDIDATE at term 242 for changeToCandidate
2019-10-19 01:04:57,492 [Thread-2705] INFO  impl.RoleInfo (RoleInfo.java:updateAndGet(143)) - a1c78c0e-869c-4f76-b4ce-2034448e0b80: start LeaderElection
2019-10-19 01:04:57,497 [a1c78c0e-869c-4f76-b4ce-2034448e0b80@group-D48B69A44692-LeaderElection350] INFO  impl.LeaderElection (LeaderElection.java:askForVotes(178)) - a1c78c0e-869c-4f76-b4ce-2034448e0b80@group-D48B69A44692-LeaderElection350: begin an election at term 243 for -1: [51276c3c-a3b8-4274-b089-592ff4589f41:192.168.157.213:36639, 64c90977-e867-487c-b50d-c226f2d34a76:192.168.157.213:37433, a1c78c0e-869c-4f76-b4ce-2034448e0b80:192.168.157.213:33501], old=null
2019-10-19 01:04:57,498 [a1c78c0e-869c-4f76-b4ce-2034448e0b80@group-D48B69A44692-LeaderElection350] INFO  impl.LeaderElection (LogUtils.java:infoOrTrace(149)) - a1c78c0e-869c-4f76-b4ce-2034448e0b80@group-D48B69A44692-LeaderElection350 got exception when requesting votes: {}
java.util.concurrent.ExecutionException: org.apache.ratis.thirdparty.io.grpc.StatusRuntimeException: UNAVAILABLE: io exception
	at java.util.concurrent.FutureTask.report(FutureTask.java:122)
	at java.util.concurrent.FutureTask.get(FutureTask.java:192)
	at org.apache.ratis.server.impl.LeaderElection.waitForResults(LeaderElection.java:259)
	at org.apache.ratis.server.impl.LeaderElection.askForVotes(LeaderElection.java:197)
	at org.apache.ratis.server.impl.LeaderElection.run(LeaderElection.java:133)
	at java.lang.Thread.run(Thread.java:748)
Caused by: org.apache.ratis.thirdparty.io.grpc.StatusRuntimeException: UNAVAILABLE: io exception
	at org.apache.ratis.thirdparty.io.grpc.stub.ClientCalls.toStatusRuntimeException(ClientCalls.java:233)
	at org.apache.ratis.thirdparty.io.grpc.stub.ClientCalls.getUnchecked(ClientCalls.java:214)
	at org.apache.ratis.thirdparty.io.grpc.stub.ClientCalls.blockingUnaryCall(ClientCalls.java:139)
	at org.apache.ratis.proto.grpc.RaftServerProtocolServiceGrpc$RaftServerProtocolServiceBlockingStub.requestVote(RaftServerProtocolServiceGrpc.java:265)
	at org.apache.ratis.grpc.server.GrpcServerProtocolClient.requestVote(GrpcServerProtocolClient.java:99)
	at org.apache.ratis.grpc.server.GrpcService.requestVote(GrpcService.java:204)
	at org.apache.ratis.server.impl.LeaderElection.lambda$submitRequests$1(LeaderElection.java:234)
	at java.util.concurrent.FutureTask.run(FutureTask.java:266)
	at java.util.concurrent.Executors$RunnableAdapter.call(Executors.java:511)
	at java.util.concurrent.FutureTask.run(FutureTask.java:266)
	at java.util.concurrent.ThreadPoolExecutor.runWorker(ThreadPoolExecutor.java:1149)
	at java.util.concurrent.ThreadPoolExecutor$Worker.run(ThreadPoolExecutor.java:624)
	... 1 more
Caused by: org.apache.ratis.thirdparty.io.netty.channel.AbstractChannel$AnnotatedConnectException: Connection refused: /192.168.157.213:36639
	at sun.nio.ch.SocketChannelImpl.checkConnect(Native Method)
	at sun.nio.ch.SocketChannelImpl.finishConnect(SocketChannelImpl.java:717)
	at org.apache.ratis.thirdparty.io.netty.channel.socket.nio.NioSocketChannel.doFinishConnect(NioSocketChannel.java:327)
	at org.apache.ratis.thirdparty.io.netty.channel.nio.AbstractNioChannel$AbstractNioUnsafe.finishConnect(AbstractNioChannel.java:340)
	at org.apache.ratis.thirdparty.io.netty.channel.nio.NioEventLoop.processSelectedKey(NioEventLoop.java:632)
	at org.apache.ratis.thirdparty.io.netty.channel.nio.NioEventLoop.processSelectedKeysOptimized(NioEventLoop.java:579)
	at org.apache.ratis.thirdparty.io.netty.channel.nio.NioEventLoop.processSelectedKeys(NioEventLoop.java:496)
	at org.apache.ratis.thirdparty.io.netty.channel.nio.NioEventLoop.run(NioEventLoop.java:458)
	at org.apache.ratis.thirdparty.io.netty.util.concurrent.SingleThreadEventExecutor$5.run(SingleThreadEventExecutor.java:897)
	at org.apache.ratis.thirdparty.io.netty.util.concurrent.FastThreadLocalRunnable.run(FastThreadLocalRunnable.java:30)
	... 1 more
Caused by: java.net.ConnectException: Connection refused
	... 11 more
2019-10-19 01:04:57,500 [grpc-default-executor-7] INFO  impl.RaftServerImpl (RaftServerImpl.java:setRole(184)) - 64c90977-e867-487c-b50d-c226f2d34a76@group-D48B69A44692: changes role from  FOLLOWER to FOLLOWER at term 243 for recognizeCandidate:a1c78c0e-869c-4f76-b4ce-2034448e0b80
2019-10-19 01:04:57,500 [grpc-default-executor-7] INFO  impl.RoleInfo (RoleInfo.java:shutdownFollowerState(121)) - 64c90977-e867-487c-b50d-c226f2d34a76: shutdown FollowerState
2019-10-19 01:04:57,500 [grpc-default-executor-7] INFO  impl.RoleInfo (RoleInfo.java:updateAndGet(143)) - 64c90977-e867-487c-b50d-c226f2d34a76: start FollowerState
2019-10-19 01:04:57,500 [Thread-2704] INFO  impl.FollowerState (FollowerState.java:run(117)) - 64c90977-e867-487c-b50d-c226f2d34a76@group-D48B69A44692-FollowerState was interrupted: java.lang.InterruptedException: sleep interrupted
2019-10-19 01:04:57,508 [a1c78c0e-869c-4f76-b4ce-2034448e0b80@group-D48B69A44692-LeaderElection350] INFO  impl.LeaderElection (LeaderElection.java:logAndReturn(56)) - a1c78c0e-869c-4f76-b4ce-2034448e0b80@group-D48B69A44692-LeaderElection350: Election REJECTED; received 1 response(s) [a1c78c0e-869c-4f76-b4ce-2034448e0b80<-64c90977-e867-487c-b50d-c226f2d34a76#0:FAIL-t243] and 1 exception(s); a1c78c0e-869c-4f76-b4ce-2034448e0b80@group-D48B69A44692:t243, leader=null, voted=a1c78c0e-869c-4f76-b4ce-2034448e0b80, raftlog=a1c78c0e-869c-4f76-b4ce-2034448e0b80@group-D48B69A44692-SegmentedRaftLog:OPENED:c-1,f-1,i0, conf=-1: [51276c3c-a3b8-4274-b089-592ff4589f41:192.168.157.213:36639, 64c90977-e867-487c-b50d-c226f2d34a76:192.168.157.213:37433, a1c78c0e-869c-4f76-b4ce-2034448e0b80:192.168.157.213:33501], old=null
2019-10-19 01:04:57,508 [a1c78c0e-869c-4f76-b4ce-2034448e0b80@group-D48B69A44692-LeaderElection350] INFO  impl.LeaderElection (LogUtils.java:infoOrTrace(149)) -   Exception 0: {}
java.util.concurrent.ExecutionException: org.apache.ratis.thirdparty.io.grpc.StatusRuntimeException: UNAVAILABLE: io exception
	at java.util.concurrent.FutureTask.report(FutureTask.java:122)
	at java.util.concurrent.FutureTask.get(FutureTask.java:192)
	at org.apache.ratis.server.impl.LeaderElection.waitForResults(LeaderElection.java:259)
	at org.apache.ratis.server.impl.LeaderElection.askForVotes(LeaderElection.java:197)
	at org.apache.ratis.server.impl.LeaderElection.run(LeaderElection.java:133)
	at java.lang.Thread.run(Thread.java:748)
Caused by: org.apache.ratis.thirdparty.io.grpc.StatusRuntimeException: UNAVAILABLE: io exception
	at org.apache.ratis.thirdparty.io.grpc.stub.ClientCalls.toStatusRuntimeException(ClientCalls.java:233)
	at org.apache.ratis.thirdparty.io.grpc.stub.ClientCalls.getUnchecked(ClientCalls.java:214)
	at org.apache.ratis.thirdparty.io.grpc.stub.ClientCalls.blockingUnaryCall(ClientCalls.java:139)
	at org.apache.ratis.proto.grpc.RaftServerProtocolServiceGrpc$RaftServerProtocolServiceBlockingStub.requestVote(RaftServerProtocolServiceGrpc.java:265)
	at org.apache.ratis.grpc.server.GrpcServerProtocolClient.requestVote(GrpcServerProtocolClient.java:99)
	at org.apache.ratis.grpc.server.GrpcService.requestVote(GrpcService.java:204)
	at org.apache.ratis.server.impl.LeaderElection.lambda$submitRequests$1(LeaderElection.java:234)
	at java.util.concurrent.FutureTask.run(FutureTask.java:266)
	at java.util.concurrent.Executors$RunnableAdapter.call(Executors.java:511)
	at java.util.concurrent.FutureTask.run(FutureTask.java:266)
	at java.util.concurrent.ThreadPoolExecutor.runWorker(ThreadPoolExecutor.java:1149)
	at java.util.concurrent.ThreadPoolExecutor$Worker.run(ThreadPoolExecutor.java:624)
	... 1 more
Caused by: org.apache.ratis.thirdparty.io.netty.channel.AbstractChannel$AnnotatedConnectException: Connection refused: /192.168.157.213:36639
	at sun.nio.ch.SocketChannelImpl.checkConnect(Native Method)
	at sun.nio.ch.SocketChannelImpl.finishConnect(SocketChannelImpl.java:717)
	at org.apache.ratis.thirdparty.io.netty.channel.socket.nio.NioSocketChannel.doFinishConnect(NioSocketChannel.java:327)
	at org.apache.ratis.thirdparty.io.netty.channel.nio.AbstractNioChannel$AbstractNioUnsafe.finishConnect(AbstractNioChannel.java:340)
	at org.apache.ratis.thirdparty.io.netty.channel.nio.NioEventLoop.processSelectedKey(NioEventLoop.java:632)
	at org.apache.ratis.thirdparty.io.netty.channel.nio.NioEventLoop.processSelectedKeysOptimized(NioEventLoop.java:579)
	at org.apache.ratis.thirdparty.io.netty.channel.nio.NioEventLoop.processSelectedKeys(NioEventLoop.java:496)
	at org.apache.ratis.thirdparty.io.netty.channel.nio.NioEventLoop.run(NioEventLoop.java:458)
	at org.apache.ratis.thirdparty.io.netty.util.concurrent.SingleThreadEventExecutor$5.run(SingleThreadEventExecutor.java:897)
	at org.apache.ratis.thirdparty.io.netty.util.concurrent.FastThreadLocalRunnable.run(FastThreadLocalRunnable.java:30)
	... 1 more
Caused by: java.net.ConnectException: Connection refused
	... 11 more
2019-10-19 01:04:57,509 [a1c78c0e-869c-4f76-b4ce-2034448e0b80@group-D48B69A44692-LeaderElection350] INFO  impl.RaftServerImpl (RaftServerImpl.java:setRole(184)) - a1c78c0e-869c-4f76-b4ce-2034448e0b80@group-D48B69A44692: changes role from CANDIDATE to FOLLOWER at term 243 for DISCOVERED_A_NEW_TERM
2019-10-19 01:04:57,509 [a1c78c0e-869c-4f76-b4ce-2034448e0b80@group-D48B69A44692-LeaderElection350] INFO  impl.RoleInfo (RoleInfo.java:shutdownLeaderElection(134)) - a1c78c0e-869c-4f76-b4ce-2034448e0b80: shutdown LeaderElection
2019-10-19 01:04:57,509 [a1c78c0e-869c-4f76-b4ce-2034448e0b80@group-D48B69A44692-LeaderElection350] INFO  impl.RoleInfo (RoleInfo.java:updateAndGet(143)) - a1c78c0e-869c-4f76-b4ce-2034448e0b80: start FollowerState
2019-10-19 01:04:57,517 [Thread-2710] INFO  impl.FollowerState (FollowerState.java:run(108)) - a1c78c0e-869c-4f76-b4ce-2034448e0b80@group-D48B69A44692-FollowerState: change to CANDIDATE, lastRpcTime:8ms, electionTimeout:8ms
2019-10-19 01:04:57,518 [Thread-2710] INFO  impl.RoleInfo (RoleInfo.java:shutdownFollowerState(121)) - a1c78c0e-869c-4f76-b4ce-2034448e0b80: shutdown FollowerState
2019-10-19 01:04:57,518 [Thread-2710] INFO  impl.RaftServerImpl (RaftServerImpl.java:setRole(184)) - a1c78c0e-869c-4f76-b4ce-2034448e0b80@group-D48B69A44692: changes role from  FOLLOWER to CANDIDATE at term 243 for changeToCandidate
2019-10-19 01:04:57,518 [Thread-2710] INFO  impl.RoleInfo (RoleInfo.java:updateAndGet(143)) - a1c78c0e-869c-4f76-b4ce-2034448e0b80: start LeaderElection
2019-10-19 01:04:57,530 [a1c78c0e-869c-4f76-b4ce-2034448e0b80@group-D48B69A44692-LeaderElection351] INFO  impl.LeaderElection (LeaderElection.java:askForVotes(178)) - a1c78c0e-869c-4f76-b4ce-2034448e0b80@group-D48B69A44692-LeaderElection351: begin an election at term 244 for -1: [51276c3c-a3b8-4274-b089-592ff4589f41:192.168.157.213:36639, 64c90977-e867-487c-b50d-c226f2d34a76:192.168.157.213:37433, a1c78c0e-869c-4f76-b4ce-2034448e0b80:192.168.157.213:33501], old=null
2019-10-19 01:04:57,531 [a1c78c0e-869c-4f76-b4ce-2034448e0b80@group-D48B69A44692-LeaderElection351] INFO  impl.LeaderElection (LogUtils.java:infoOrTrace(149)) - a1c78c0e-869c-4f76-b4ce-2034448e0b80@group-D48B69A44692-LeaderElection351 got exception when requesting votes: {}
java.util.concurrent.ExecutionException: org.apache.ratis.thirdparty.io.grpc.StatusRuntimeException: UNAVAILABLE: io exception
	at java.util.concurrent.FutureTask.report(FutureTask.java:122)
	at java.util.concurrent.FutureTask.get(FutureTask.java:192)
	at org.apache.ratis.server.impl.LeaderElection.waitForResults(LeaderElection.java:259)
	at org.apache.ratis.server.impl.LeaderElection.askForVotes(LeaderElection.java:197)
	at org.apache.ratis.server.impl.LeaderElection.run(LeaderElection.java:133)
	at java.lang.Thread.run(Thread.java:748)
Caused by: org.apache.ratis.thirdparty.io.grpc.StatusRuntimeException: UNAVAILABLE: io exception
	at org.apache.ratis.thirdparty.io.grpc.stub.ClientCalls.toStatusRuntimeException(ClientCalls.java:233)
	at org.apache.ratis.thirdparty.io.grpc.stub.ClientCalls.getUnchecked(ClientCalls.java:214)
	at org.apache.ratis.thirdparty.io.grpc.stub.ClientCalls.blockingUnaryCall(ClientCalls.java:139)
	at org.apache.ratis.proto.grpc.RaftServerProtocolServiceGrpc$RaftServerProtocolServiceBlockingStub.requestVote(RaftServerProtocolServiceGrpc.java:265)
	at org.apache.ratis.grpc.server.GrpcServerProtocolClient.requestVote(GrpcServerProtocolClient.java:99)
	at org.apache.ratis.grpc.server.GrpcService.requestVote(GrpcService.java:204)
	at org.apache.ratis.server.impl.LeaderElection.lambda$submitRequests$1(LeaderElection.java:234)
	at java.util.concurrent.FutureTask.run(FutureTask.java:266)
	at java.util.concurrent.Executors$RunnableAdapter.call(Executors.java:511)
	at java.util.concurrent.FutureTask.run(FutureTask.java:266)
	at java.util.concurrent.ThreadPoolExecutor.runWorker(ThreadPoolExecutor.java:1149)
	at java.util.concurrent.ThreadPoolExecutor$Worker.run(ThreadPoolExecutor.java:624)
	... 1 more
Caused by: org.apache.ratis.thirdparty.io.netty.channel.AbstractChannel$AnnotatedConnectException: Connection refused: /192.168.157.213:36639
	at sun.nio.ch.SocketChannelImpl.checkConnect(Native Method)
	at sun.nio.ch.SocketChannelImpl.finishConnect(SocketChannelImpl.java:717)
	at org.apache.ratis.thirdparty.io.netty.channel.socket.nio.NioSocketChannel.doFinishConnect(NioSocketChannel.java:327)
	at org.apache.ratis.thirdparty.io.netty.channel.nio.AbstractNioChannel$AbstractNioUnsafe.finishConnect(AbstractNioChannel.java:340)
	at org.apache.ratis.thirdparty.io.netty.channel.nio.NioEventLoop.processSelectedKey(NioEventLoop.java:632)
	at org.apache.ratis.thirdparty.io.netty.channel.nio.NioEventLoop.processSelectedKeysOptimized(NioEventLoop.java:579)
	at org.apache.ratis.thirdparty.io.netty.channel.nio.NioEventLoop.processSelectedKeys(NioEventLoop.java:496)
	at org.apache.ratis.thirdparty.io.netty.channel.nio.NioEventLoop.run(NioEventLoop.java:458)
	at org.apache.ratis.thirdparty.io.netty.util.concurrent.SingleThreadEventExecutor$5.run(SingleThreadEventExecutor.java:897)
	at org.apache.ratis.thirdparty.io.netty.util.concurrent.FastThreadLocalRunnable.run(FastThreadLocalRunnable.java:30)
	... 1 more
Caused by: java.net.ConnectException: Connection refused
	... 11 more
2019-10-19 01:04:57,532 [grpc-default-executor-7] INFO  impl.RaftServerImpl (RaftServerImpl.java:setRole(184)) - 64c90977-e867-487c-b50d-c226f2d34a76@group-D48B69A44692: changes role from  FOLLOWER to FOLLOWER at term 244 for recognizeCandidate:a1c78c0e-869c-4f76-b4ce-2034448e0b80
2019-10-19 01:04:57,532 [grpc-default-executor-7] INFO  impl.RoleInfo (RoleInfo.java:shutdownFollowerState(121)) - 64c90977-e867-487c-b50d-c226f2d34a76: shutdown FollowerState
2019-10-19 01:04:57,533 [grpc-default-executor-7] INFO  impl.RoleInfo (RoleInfo.java:updateAndGet(143)) - 64c90977-e867-487c-b50d-c226f2d34a76: start FollowerState
2019-10-19 01:04:57,533 [Thread-2709] INFO  impl.FollowerState (FollowerState.java:run(117)) - 64c90977-e867-487c-b50d-c226f2d34a76@group-D48B69A44692-FollowerState was interrupted: java.lang.InterruptedException: sleep interrupted
2019-10-19 01:04:57,545 [a1c78c0e-869c-4f76-b4ce-2034448e0b80@group-D48B69A44692-LeaderElection351] INFO  impl.LeaderElection (LeaderElection.java:logAndReturn(56)) - a1c78c0e-869c-4f76-b4ce-2034448e0b80@group-D48B69A44692-LeaderElection351: Election REJECTED; received 1 response(s) [a1c78c0e-869c-4f76-b4ce-2034448e0b80<-64c90977-e867-487c-b50d-c226f2d34a76#0:FAIL-t244] and 1 exception(s); a1c78c0e-869c-4f76-b4ce-2034448e0b80@group-D48B69A44692:t244, leader=null, voted=a1c78c0e-869c-4f76-b4ce-2034448e0b80, raftlog=a1c78c0e-869c-4f76-b4ce-2034448e0b80@group-D48B69A44692-SegmentedRaftLog:OPENED:c-1,f-1,i0, conf=-1: [51276c3c-a3b8-4274-b089-592ff4589f41:192.168.157.213:36639, 64c90977-e867-487c-b50d-c226f2d34a76:192.168.157.213:37433, a1c78c0e-869c-4f76-b4ce-2034448e0b80:192.168.157.213:33501], old=null
2019-10-19 01:04:57,545 [a1c78c0e-869c-4f76-b4ce-2034448e0b80@group-D48B69A44692-LeaderElection351] INFO  impl.LeaderElection (LogUtils.java:infoOrTrace(149)) -   Exception 0: {}
java.util.concurrent.ExecutionException: org.apache.ratis.thirdparty.io.grpc.StatusRuntimeException: UNAVAILABLE: io exception
	at java.util.concurrent.FutureTask.report(FutureTask.java:122)
	at java.util.concurrent.FutureTask.get(FutureTask.java:192)
	at org.apache.ratis.server.impl.LeaderElection.waitForResults(LeaderElection.java:259)
	at org.apache.ratis.server.impl.LeaderElection.askForVotes(LeaderElection.java:197)
	at org.apache.ratis.server.impl.LeaderElection.run(LeaderElection.java:133)
	at java.lang.Thread.run(Thread.java:748)
Caused by: org.apache.ratis.thirdparty.io.grpc.StatusRuntimeException: UNAVAILABLE: io exception
	at org.apache.ratis.thirdparty.io.grpc.stub.ClientCalls.toStatusRuntimeException(ClientCalls.java:233)
	at org.apache.ratis.thirdparty.io.grpc.stub.ClientCalls.getUnchecked(ClientCalls.java:214)
	at org.apache.ratis.thirdparty.io.grpc.stub.ClientCalls.blockingUnaryCall(ClientCalls.java:139)
	at org.apache.ratis.proto.grpc.RaftServerProtocolServiceGrpc$RaftServerProtocolServiceBlockingStub.requestVote(RaftServerProtocolServiceGrpc.java:265)
	at org.apache.ratis.grpc.server.GrpcServerProtocolClient.requestVote(GrpcServerProtocolClient.java:99)
	at org.apache.ratis.grpc.server.GrpcService.requestVote(GrpcService.java:204)
	at org.apache.ratis.server.impl.LeaderElection.lambda$submitRequests$1(LeaderElection.java:234)
	at java.util.concurrent.FutureTask.run(FutureTask.java:266)
	at java.util.concurrent.Executors$RunnableAdapter.call(Executors.java:511)
	at java.util.concurrent.FutureTask.run(FutureTask.java:266)
	at java.util.concurrent.ThreadPoolExecutor.runWorker(ThreadPoolExecutor.java:1149)
	at java.util.concurrent.ThreadPoolExecutor$Worker.run(ThreadPoolExecutor.java:624)
	... 1 more
Caused by: org.apache.ratis.thirdparty.io.netty.channel.AbstractChannel$AnnotatedConnectException: Connection refused: /192.168.157.213:36639
	at sun.nio.ch.SocketChannelImpl.checkConnect(Native Method)
	at sun.nio.ch.SocketChannelImpl.finishConnect(SocketChannelImpl.java:717)
	at org.apache.ratis.thirdparty.io.netty.channel.socket.nio.NioSocketChannel.doFinishConnect(NioSocketChannel.java:327)
	at org.apache.ratis.thirdparty.io.netty.channel.nio.AbstractNioChannel$AbstractNioUnsafe.finishConnect(AbstractNioChannel.java:340)
	at org.apache.ratis.thirdparty.io.netty.channel.nio.NioEventLoop.processSelectedKey(NioEventLoop.java:632)
	at org.apache.ratis.thirdparty.io.netty.channel.nio.NioEventLoop.processSelectedKeysOptimized(NioEventLoop.java:579)
	at org.apache.ratis.thirdparty.io.netty.channel.nio.NioEventLoop.processSelectedKeys(NioEventLoop.java:496)
	at org.apache.ratis.thirdparty.io.netty.channel.nio.NioEventLoop.run(NioEventLoop.java:458)
	at org.apache.ratis.thirdparty.io.netty.util.concurrent.SingleThreadEventExecutor$5.run(SingleThreadEventExecutor.java:897)
	at org.apache.ratis.thirdparty.io.netty.util.concurrent.FastThreadLocalRunnable.run(FastThreadLocalRunnable.java:30)
	... 1 more
Caused by: java.net.ConnectException: Connection refused
	... 11 more
2019-10-19 01:04:57,546 [a1c78c0e-869c-4f76-b4ce-2034448e0b80@group-D48B69A44692-LeaderElection351] INFO  impl.RaftServerImpl (RaftServerImpl.java:setRole(184)) - a1c78c0e-869c-4f76-b4ce-2034448e0b80@group-D48B69A44692: changes role from CANDIDATE to FOLLOWER at term 244 for DISCOVERED_A_NEW_TERM
2019-10-19 01:04:57,546 [a1c78c0e-869c-4f76-b4ce-2034448e0b80@group-D48B69A44692-LeaderElection351] INFO  impl.RoleInfo (RoleInfo.java:shutdownLeaderElection(134)) - a1c78c0e-869c-4f76-b4ce-2034448e0b80: shutdown LeaderElection
2019-10-19 01:04:57,546 [a1c78c0e-869c-4f76-b4ce-2034448e0b80@group-D48B69A44692-LeaderElection351] INFO  impl.RoleInfo (RoleInfo.java:updateAndGet(143)) - a1c78c0e-869c-4f76-b4ce-2034448e0b80: start FollowerState
2019-10-19 01:04:57,605 [Thread-2715] INFO  impl.FollowerState (FollowerState.java:run(108)) - a1c78c0e-869c-4f76-b4ce-2034448e0b80@group-D48B69A44692-FollowerState: change to CANDIDATE, lastRpcTime:59ms, electionTimeout:59ms
2019-10-19 01:04:57,605 [Thread-2715] INFO  impl.RoleInfo (RoleInfo.java:shutdownFollowerState(121)) - a1c78c0e-869c-4f76-b4ce-2034448e0b80: shutdown FollowerState
2019-10-19 01:04:57,606 [Thread-2715] INFO  impl.RaftServerImpl (RaftServerImpl.java:setRole(184)) - a1c78c0e-869c-4f76-b4ce-2034448e0b80@group-D48B69A44692: changes role from  FOLLOWER to CANDIDATE at term 244 for changeToCandidate
2019-10-19 01:04:57,606 [Thread-2715] INFO  impl.RoleInfo (RoleInfo.java:updateAndGet(143)) - a1c78c0e-869c-4f76-b4ce-2034448e0b80: start LeaderElection
2019-10-19 01:04:57,619 [a1c78c0e-869c-4f76-b4ce-2034448e0b80@group-D48B69A44692-LeaderElection352] INFO  impl.LeaderElection (LeaderElection.java:askForVotes(178)) - a1c78c0e-869c-4f76-b4ce-2034448e0b80@group-D48B69A44692-LeaderElection352: begin an election at term 245 for -1: [51276c3c-a3b8-4274-b089-592ff4589f41:192.168.157.213:36639, 64c90977-e867-487c-b50d-c226f2d34a76:192.168.157.213:37433, a1c78c0e-869c-4f76-b4ce-2034448e0b80:192.168.157.213:33501], old=null
2019-10-19 01:04:57,619 [a1c78c0e-869c-4f76-b4ce-2034448e0b80@group-D48B69A44692-LeaderElection352] INFO  impl.LeaderElection (LogUtils.java:infoOrTrace(149)) - a1c78c0e-869c-4f76-b4ce-2034448e0b80@group-D48B69A44692-LeaderElection352 got exception when requesting votes: {}
java.util.concurrent.ExecutionException: org.apache.ratis.thirdparty.io.grpc.StatusRuntimeException: UNAVAILABLE: io exception
	at java.util.concurrent.FutureTask.report(FutureTask.java:122)
	at java.util.concurrent.FutureTask.get(FutureTask.java:192)
	at org.apache.ratis.server.impl.LeaderElection.waitForResults(LeaderElection.java:259)
	at org.apache.ratis.server.impl.LeaderElection.askForVotes(LeaderElection.java:197)
	at org.apache.ratis.server.impl.LeaderElection.run(LeaderElection.java:133)
	at java.lang.Thread.run(Thread.java:748)
Caused by: org.apache.ratis.thirdparty.io.grpc.StatusRuntimeException: UNAVAILABLE: io exception
	at org.apache.ratis.thirdparty.io.grpc.stub.ClientCalls.toStatusRuntimeException(ClientCalls.java:233)
	at org.apache.ratis.thirdparty.io.grpc.stub.ClientCalls.getUnchecked(ClientCalls.java:214)
	at org.apache.ratis.thirdparty.io.grpc.stub.ClientCalls.blockingUnaryCall(ClientCalls.java:139)
	at org.apache.ratis.proto.grpc.RaftServerProtocolServiceGrpc$RaftServerProtocolServiceBlockingStub.requestVote(RaftServerProtocolServiceGrpc.java:265)
	at org.apache.ratis.grpc.server.GrpcServerProtocolClient.requestVote(GrpcServerProtocolClient.java:99)
	at org.apache.ratis.grpc.server.GrpcService.requestVote(GrpcService.java:204)
	at org.apache.ratis.server.impl.LeaderElection.lambda$submitRequests$1(LeaderElection.java:234)
	at java.util.concurrent.FutureTask.run(FutureTask.java:266)
	at java.util.concurrent.Executors$RunnableAdapter.call(Executors.java:511)
	at java.util.concurrent.FutureTask.run(FutureTask.java:266)
	at java.util.concurrent.ThreadPoolExecutor.runWorker(ThreadPoolExecutor.java:1149)
	at java.util.concurrent.ThreadPoolExecutor$Worker.run(ThreadPoolExecutor.java:624)
	... 1 more
Caused by: org.apache.ratis.thirdparty.io.netty.channel.AbstractChannel$AnnotatedConnectException: Connection refused: /192.168.157.213:36639
	at sun.nio.ch.SocketChannelImpl.checkConnect(Native Method)
	at sun.nio.ch.SocketChannelImpl.finishConnect(SocketChannelImpl.java:717)
	at org.apache.ratis.thirdparty.io.netty.channel.socket.nio.NioSocketChannel.doFinishConnect(NioSocketChannel.java:327)
	at org.apache.ratis.thirdparty.io.netty.channel.nio.AbstractNioChannel$AbstractNioUnsafe.finishConnect(AbstractNioChannel.java:340)
	at org.apache.ratis.thirdparty.io.netty.channel.nio.NioEventLoop.processSelectedKey(NioEventLoop.java:632)
	at org.apache.ratis.thirdparty.io.netty.channel.nio.NioEventLoop.processSelectedKeysOptimized(NioEventLoop.java:579)
	at org.apache.ratis.thirdparty.io.netty.channel.nio.NioEventLoop.processSelectedKeys(NioEventLoop.java:496)
	at org.apache.ratis.thirdparty.io.netty.channel.nio.NioEventLoop.run(NioEventLoop.java:458)
	at org.apache.ratis.thirdparty.io.netty.util.concurrent.SingleThreadEventExecutor$5.run(SingleThreadEventExecutor.java:897)
	at org.apache.ratis.thirdparty.io.netty.util.concurrent.FastThreadLocalRunnable.run(FastThreadLocalRunnable.java:30)
	... 1 more
Caused by: java.net.ConnectException: Connection refused
	... 11 more
2019-10-19 01:04:57,621 [grpc-default-executor-7] INFO  impl.RaftServerImpl (RaftServerImpl.java:setRole(184)) - 64c90977-e867-487c-b50d-c226f2d34a76@group-D48B69A44692: changes role from  FOLLOWER to FOLLOWER at term 245 for recognizeCandidate:a1c78c0e-869c-4f76-b4ce-2034448e0b80
2019-10-19 01:04:57,621 [grpc-default-executor-7] INFO  impl.RoleInfo (RoleInfo.java:shutdownFollowerState(121)) - 64c90977-e867-487c-b50d-c226f2d34a76: shutdown FollowerState
2019-10-19 01:04:57,621 [grpc-default-executor-7] INFO  impl.RoleInfo (RoleInfo.java:updateAndGet(143)) - 64c90977-e867-487c-b50d-c226f2d34a76: start FollowerState
2019-10-19 01:04:57,621 [Thread-2714] INFO  impl.FollowerState (FollowerState.java:run(117)) - 64c90977-e867-487c-b50d-c226f2d34a76@group-D48B69A44692-FollowerState was interrupted: java.lang.InterruptedException: sleep interrupted
2019-10-19 01:04:57,635 [a1c78c0e-869c-4f76-b4ce-2034448e0b80@group-D48B69A44692-LeaderElection352] INFO  impl.LeaderElection (LeaderElection.java:logAndReturn(56)) - a1c78c0e-869c-4f76-b4ce-2034448e0b80@group-D48B69A44692-LeaderElection352: Election REJECTED; received 1 response(s) [a1c78c0e-869c-4f76-b4ce-2034448e0b80<-64c90977-e867-487c-b50d-c226f2d34a76#0:FAIL-t245] and 1 exception(s); a1c78c0e-869c-4f76-b4ce-2034448e0b80@group-D48B69A44692:t245, leader=null, voted=a1c78c0e-869c-4f76-b4ce-2034448e0b80, raftlog=a1c78c0e-869c-4f76-b4ce-2034448e0b80@group-D48B69A44692-SegmentedRaftLog:OPENED:c-1,f-1,i0, conf=-1: [51276c3c-a3b8-4274-b089-592ff4589f41:192.168.157.213:36639, 64c90977-e867-487c-b50d-c226f2d34a76:192.168.157.213:37433, a1c78c0e-869c-4f76-b4ce-2034448e0b80:192.168.157.213:33501], old=null
2019-10-19 01:04:57,635 [a1c78c0e-869c-4f76-b4ce-2034448e0b80@group-D48B69A44692-LeaderElection352] INFO  impl.LeaderElection (LogUtils.java:infoOrTrace(149)) -   Exception 0: {}
java.util.concurrent.ExecutionException: org.apache.ratis.thirdparty.io.grpc.StatusRuntimeException: UNAVAILABLE: io exception
	at java.util.concurrent.FutureTask.report(FutureTask.java:122)
	at java.util.concurrent.FutureTask.get(FutureTask.java:192)
	at org.apache.ratis.server.impl.LeaderElection.waitForResults(LeaderElection.java:259)
	at org.apache.ratis.server.impl.LeaderElection.askForVotes(LeaderElection.java:197)
	at org.apache.ratis.server.impl.LeaderElection.run(LeaderElection.java:133)
	at java.lang.Thread.run(Thread.java:748)
Caused by: org.apache.ratis.thirdparty.io.grpc.StatusRuntimeException: UNAVAILABLE: io exception
	at org.apache.ratis.thirdparty.io.grpc.stub.ClientCalls.toStatusRuntimeException(ClientCalls.java:233)
	at org.apache.ratis.thirdparty.io.grpc.stub.ClientCalls.getUnchecked(ClientCalls.java:214)
	at org.apache.ratis.thirdparty.io.grpc.stub.ClientCalls.blockingUnaryCall(ClientCalls.java:139)
	at org.apache.ratis.proto.grpc.RaftServerProtocolServiceGrpc$RaftServerProtocolServiceBlockingStub.requestVote(RaftServerProtocolServiceGrpc.java:265)
	at org.apache.ratis.grpc.server.GrpcServerProtocolClient.requestVote(GrpcServerProtocolClient.java:99)
	at org.apache.ratis.grpc.server.GrpcService.requestVote(GrpcService.java:204)
	at org.apache.ratis.server.impl.LeaderElection.lambda$submitRequests$1(LeaderElection.java:234)
	at java.util.concurrent.FutureTask.run(FutureTask.java:266)
	at java.util.concurrent.Executors$RunnableAdapter.call(Executors.java:511)
	at java.util.concurrent.FutureTask.run(FutureTask.java:266)
	at java.util.concurrent.ThreadPoolExecutor.runWorker(ThreadPoolExecutor.java:1149)
	at java.util.concurrent.ThreadPoolExecutor$Worker.run(ThreadPoolExecutor.java:624)
	... 1 more
Caused by: org.apache.ratis.thirdparty.io.netty.channel.AbstractChannel$AnnotatedConnectException: Connection refused: /192.168.157.213:36639
	at sun.nio.ch.SocketChannelImpl.checkConnect(Native Method)
	at sun.nio.ch.SocketChannelImpl.finishConnect(SocketChannelImpl.java:717)
	at org.apache.ratis.thirdparty.io.netty.channel.socket.nio.NioSocketChannel.doFinishConnect(NioSocketChannel.java:327)
	at org.apache.ratis.thirdparty.io.netty.channel.nio.AbstractNioChannel$AbstractNioUnsafe.finishConnect(AbstractNioChannel.java:340)
	at org.apache.ratis.thirdparty.io.netty.channel.nio.NioEventLoop.processSelectedKey(NioEventLoop.java:632)
	at org.apache.ratis.thirdparty.io.netty.channel.nio.NioEventLoop.processSelectedKeysOptimized(NioEventLoop.java:579)
	at org.apache.ratis.thirdparty.io.netty.channel.nio.NioEventLoop.processSelectedKeys(NioEventLoop.java:496)
	at org.apache.ratis.thirdparty.io.netty.channel.nio.NioEventLoop.run(NioEventLoop.java:458)
	at org.apache.ratis.thirdparty.io.netty.util.concurrent.SingleThreadEventExecutor$5.run(SingleThreadEventExecutor.java:897)
	at org.apache.ratis.thirdparty.io.netty.util.concurrent.FastThreadLocalRunnable.run(FastThreadLocalRunnable.java:30)
	... 1 more
Caused by: java.net.ConnectException: Connection refused
	... 11 more
2019-10-19 01:04:57,636 [a1c78c0e-869c-4f76-b4ce-2034448e0b80@group-D48B69A44692-LeaderElection352] INFO  impl.RaftServerImpl (RaftServerImpl.java:setRole(184)) - a1c78c0e-869c-4f76-b4ce-2034448e0b80@group-D48B69A44692: changes role from CANDIDATE to FOLLOWER at term 245 for DISCOVERED_A_NEW_TERM
2019-10-19 01:04:57,636 [a1c78c0e-869c-4f76-b4ce-2034448e0b80@group-D48B69A44692-LeaderElection352] INFO  impl.RoleInfo (RoleInfo.java:shutdownLeaderElection(134)) - a1c78c0e-869c-4f76-b4ce-2034448e0b80: shutdown LeaderElection
2019-10-19 01:04:57,636 [a1c78c0e-869c-4f76-b4ce-2034448e0b80@group-D48B69A44692-LeaderElection352] INFO  impl.RoleInfo (RoleInfo.java:updateAndGet(143)) - a1c78c0e-869c-4f76-b4ce-2034448e0b80: start FollowerState
2019-10-19 01:04:57,783 [Thread-2720] INFO  impl.FollowerState (FollowerState.java:run(108)) - a1c78c0e-869c-4f76-b4ce-2034448e0b80@group-D48B69A44692-FollowerState: change to CANDIDATE, lastRpcTime:147ms, electionTimeout:147ms
2019-10-19 01:04:57,783 [Thread-2720] INFO  impl.RoleInfo (RoleInfo.java:shutdownFollowerState(121)) - a1c78c0e-869c-4f76-b4ce-2034448e0b80: shutdown FollowerState
2019-10-19 01:04:57,784 [Thread-2720] INFO  impl.RaftServerImpl (RaftServerImpl.java:setRole(184)) - a1c78c0e-869c-4f76-b4ce-2034448e0b80@group-D48B69A44692: changes role from  FOLLOWER to CANDIDATE at term 245 for changeToCandidate
2019-10-19 01:04:57,784 [Thread-2720] INFO  impl.RoleInfo (RoleInfo.java:updateAndGet(143)) - a1c78c0e-869c-4f76-b4ce-2034448e0b80: start LeaderElection
2019-10-19 01:04:57,800 [a1c78c0e-869c-4f76-b4ce-2034448e0b80@group-D48B69A44692-LeaderElection353] INFO  impl.LeaderElection (LeaderElection.java:askForVotes(178)) - a1c78c0e-869c-4f76-b4ce-2034448e0b80@group-D48B69A44692-LeaderElection353: begin an election at term 246 for -1: [51276c3c-a3b8-4274-b089-592ff4589f41:192.168.157.213:36639, 64c90977-e867-487c-b50d-c226f2d34a76:192.168.157.213:37433, a1c78c0e-869c-4f76-b4ce-2034448e0b80:192.168.157.213:33501], old=null
2019-10-19 01:04:57,802 [a1c78c0e-869c-4f76-b4ce-2034448e0b80@group-D48B69A44692-LeaderElection353] INFO  impl.LeaderElection (LogUtils.java:infoOrTrace(149)) - a1c78c0e-869c-4f76-b4ce-2034448e0b80@group-D48B69A44692-LeaderElection353 got exception when requesting votes: {}
java.util.concurrent.ExecutionException: org.apache.ratis.thirdparty.io.grpc.StatusRuntimeException: UNAVAILABLE: io exception
	at java.util.concurrent.FutureTask.report(FutureTask.java:122)
	at java.util.concurrent.FutureTask.get(FutureTask.java:192)
	at org.apache.ratis.server.impl.LeaderElection.waitForResults(LeaderElection.java:259)
	at org.apache.ratis.server.impl.LeaderElection.askForVotes(LeaderElection.java:197)
	at org.apache.ratis.server.impl.LeaderElection.run(LeaderElection.java:133)
	at java.lang.Thread.run(Thread.java:748)
Caused by: org.apache.ratis.thirdparty.io.grpc.StatusRuntimeException: UNAVAILABLE: io exception
	at org.apache.ratis.thirdparty.io.grpc.stub.ClientCalls.toStatusRuntimeException(ClientCalls.java:233)
	at org.apache.ratis.thirdparty.io.grpc.stub.ClientCalls.getUnchecked(ClientCalls.java:214)
	at org.apache.ratis.thirdparty.io.grpc.stub.ClientCalls.blockingUnaryCall(ClientCalls.java:139)
	at org.apache.ratis.proto.grpc.RaftServerProtocolServiceGrpc$RaftServerProtocolServiceBlockingStub.requestVote(RaftServerProtocolServiceGrpc.java:265)
	at org.apache.ratis.grpc.server.GrpcServerProtocolClient.requestVote(GrpcServerProtocolClient.java:99)
	at org.apache.ratis.grpc.server.GrpcService.requestVote(GrpcService.java:204)
	at org.apache.ratis.server.impl.LeaderElection.lambda$submitRequests$1(LeaderElection.java:234)
	at java.util.concurrent.FutureTask.run(FutureTask.java:266)
	at java.util.concurrent.Executors$RunnableAdapter.call(Executors.java:511)
	at java.util.concurrent.FutureTask.run(FutureTask.java:266)
	at java.util.concurrent.ThreadPoolExecutor.runWorker(ThreadPoolExecutor.java:1149)
	at java.util.concurrent.ThreadPoolExecutor$Worker.run(ThreadPoolExecutor.java:624)
	... 1 more
Caused by: org.apache.ratis.thirdparty.io.netty.channel.AbstractChannel$AnnotatedConnectException: Connection refused: /192.168.157.213:36639
	at sun.nio.ch.SocketChannelImpl.checkConnect(Native Method)
	at sun.nio.ch.SocketChannelImpl.finishConnect(SocketChannelImpl.java:717)
	at org.apache.ratis.thirdparty.io.netty.channel.socket.nio.NioSocketChannel.doFinishConnect(NioSocketChannel.java:327)
	at org.apache.ratis.thirdparty.io.netty.channel.nio.AbstractNioChannel$AbstractNioUnsafe.finishConnect(AbstractNioChannel.java:340)
	at org.apache.ratis.thirdparty.io.netty.channel.nio.NioEventLoop.processSelectedKey(NioEventLoop.java:632)
	at org.apache.ratis.thirdparty.io.netty.channel.nio.NioEventLoop.processSelectedKeysOptimized(NioEventLoop.java:579)
	at org.apache.ratis.thirdparty.io.netty.channel.nio.NioEventLoop.processSelectedKeys(NioEventLoop.java:496)
	at org.apache.ratis.thirdparty.io.netty.channel.nio.NioEventLoop.run(NioEventLoop.java:458)
	at org.apache.ratis.thirdparty.io.netty.util.concurrent.SingleThreadEventExecutor$5.run(SingleThreadEventExecutor.java:897)
	at org.apache.ratis.thirdparty.io.netty.util.concurrent.FastThreadLocalRunnable.run(FastThreadLocalRunnable.java:30)
	... 1 more
Caused by: java.net.ConnectException: Connection refused
	... 11 more
2019-10-19 01:04:57,804 [grpc-default-executor-7] INFO  impl.RaftServerImpl (RaftServerImpl.java:setRole(184)) - 64c90977-e867-487c-b50d-c226f2d34a76@group-D48B69A44692: changes role from  FOLLOWER to FOLLOWER at term 246 for recognizeCandidate:a1c78c0e-869c-4f76-b4ce-2034448e0b80
2019-10-19 01:04:57,804 [grpc-default-executor-7] INFO  impl.RoleInfo (RoleInfo.java:shutdownFollowerState(121)) - 64c90977-e867-487c-b50d-c226f2d34a76: shutdown FollowerState
2019-10-19 01:04:57,805 [grpc-default-executor-7] INFO  impl.RoleInfo (RoleInfo.java:updateAndGet(143)) - 64c90977-e867-487c-b50d-c226f2d34a76: start FollowerState
2019-10-19 01:04:57,805 [Thread-2719] INFO  impl.FollowerState (FollowerState.java:run(117)) - 64c90977-e867-487c-b50d-c226f2d34a76@group-D48B69A44692-FollowerState was interrupted: java.lang.InterruptedException: sleep interrupted
2019-10-19 01:04:57,817 [a1c78c0e-869c-4f76-b4ce-2034448e0b80@group-D48B69A44692-LeaderElection353] INFO  impl.LeaderElection (LeaderElection.java:logAndReturn(56)) - a1c78c0e-869c-4f76-b4ce-2034448e0b80@group-D48B69A44692-LeaderElection353: Election REJECTED; received 1 response(s) [a1c78c0e-869c-4f76-b4ce-2034448e0b80<-64c90977-e867-487c-b50d-c226f2d34a76#0:FAIL-t246] and 1 exception(s); a1c78c0e-869c-4f76-b4ce-2034448e0b80@group-D48B69A44692:t246, leader=null, voted=a1c78c0e-869c-4f76-b4ce-2034448e0b80, raftlog=a1c78c0e-869c-4f76-b4ce-2034448e0b80@group-D48B69A44692-SegmentedRaftLog:OPENED:c-1,f-1,i0, conf=-1: [51276c3c-a3b8-4274-b089-592ff4589f41:192.168.157.213:36639, 64c90977-e867-487c-b50d-c226f2d34a76:192.168.157.213:37433, a1c78c0e-869c-4f76-b4ce-2034448e0b80:192.168.157.213:33501], old=null
2019-10-19 01:04:57,817 [a1c78c0e-869c-4f76-b4ce-2034448e0b80@group-D48B69A44692-LeaderElection353] INFO  impl.LeaderElection (LogUtils.java:infoOrTrace(149)) -   Exception 0: {}
java.util.concurrent.ExecutionException: org.apache.ratis.thirdparty.io.grpc.StatusRuntimeException: UNAVAILABLE: io exception
	at java.util.concurrent.FutureTask.report(FutureTask.java:122)
	at java.util.concurrent.FutureTask.get(FutureTask.java:192)
	at org.apache.ratis.server.impl.LeaderElection.waitForResults(LeaderElection.java:259)
	at org.apache.ratis.server.impl.LeaderElection.askForVotes(LeaderElection.java:197)
	at org.apache.ratis.server.impl.LeaderElection.run(LeaderElection.java:133)
	at java.lang.Thread.run(Thread.java:748)
Caused by: org.apache.ratis.thirdparty.io.grpc.StatusRuntimeException: UNAVAILABLE: io exception
	at org.apache.ratis.thirdparty.io.grpc.stub.ClientCalls.toStatusRuntimeException(ClientCalls.java:233)
	at org.apache.ratis.thirdparty.io.grpc.stub.ClientCalls.getUnchecked(ClientCalls.java:214)
	at org.apache.ratis.thirdparty.io.grpc.stub.ClientCalls.blockingUnaryCall(ClientCalls.java:139)
	at org.apache.ratis.proto.grpc.RaftServerProtocolServiceGrpc$RaftServerProtocolServiceBlockingStub.requestVote(RaftServerProtocolServiceGrpc.java:265)
	at org.apache.ratis.grpc.server.GrpcServerProtocolClient.requestVote(GrpcServerProtocolClient.java:99)
	at org.apache.ratis.grpc.server.GrpcService.requestVote(GrpcService.java:204)
	at org.apache.ratis.server.impl.LeaderElection.lambda$submitRequests$1(LeaderElection.java:234)
	at java.util.concurrent.FutureTask.run(FutureTask.java:266)
	at java.util.concurrent.Executors$RunnableAdapter.call(Executors.java:511)
	at java.util.concurrent.FutureTask.run(FutureTask.java:266)
	at java.util.concurrent.ThreadPoolExecutor.runWorker(ThreadPoolExecutor.java:1149)
	at java.util.concurrent.ThreadPoolExecutor$Worker.run(ThreadPoolExecutor.java:624)
	... 1 more
Caused by: org.apache.ratis.thirdparty.io.netty.channel.AbstractChannel$AnnotatedConnectException: Connection refused: /192.168.157.213:36639
	at sun.nio.ch.SocketChannelImpl.checkConnect(Native Method)
	at sun.nio.ch.SocketChannelImpl.finishConnect(SocketChannelImpl.java:717)
	at org.apache.ratis.thirdparty.io.netty.channel.socket.nio.NioSocketChannel.doFinishConnect(NioSocketChannel.java:327)
	at org.apache.ratis.thirdparty.io.netty.channel.nio.AbstractNioChannel$AbstractNioUnsafe.finishConnect(AbstractNioChannel.java:340)
	at org.apache.ratis.thirdparty.io.netty.channel.nio.NioEventLoop.processSelectedKey(NioEventLoop.java:632)
	at org.apache.ratis.thirdparty.io.netty.channel.nio.NioEventLoop.processSelectedKeysOptimized(NioEventLoop.java:579)
	at org.apache.ratis.thirdparty.io.netty.channel.nio.NioEventLoop.processSelectedKeys(NioEventLoop.java:496)
	at org.apache.ratis.thirdparty.io.netty.channel.nio.NioEventLoop.run(NioEventLoop.java:458)
	at org.apache.ratis.thirdparty.io.netty.util.concurrent.SingleThreadEventExecutor$5.run(SingleThreadEventExecutor.java:897)
	at org.apache.ratis.thirdparty.io.netty.util.concurrent.FastThreadLocalRunnable.run(FastThreadLocalRunnable.java:30)
	... 1 more
Caused by: java.net.ConnectException: Connection refused
	... 11 more
2019-10-19 01:04:57,817 [a1c78c0e-869c-4f76-b4ce-2034448e0b80@group-D48B69A44692-LeaderElection353] INFO  impl.RaftServerImpl (RaftServerImpl.java:setRole(184)) - a1c78c0e-869c-4f76-b4ce-2034448e0b80@group-D48B69A44692: changes role from CANDIDATE to FOLLOWER at term 246 for DISCOVERED_A_NEW_TERM
2019-10-19 01:04:57,818 [a1c78c0e-869c-4f76-b4ce-2034448e0b80@group-D48B69A44692-LeaderElection353] INFO  impl.RoleInfo (RoleInfo.java:shutdownLeaderElection(134)) - a1c78c0e-869c-4f76-b4ce-2034448e0b80: shutdown LeaderElection
2019-10-19 01:04:57,818 [a1c78c0e-869c-4f76-b4ce-2034448e0b80@group-D48B69A44692-LeaderElection353] INFO  impl.RoleInfo (RoleInfo.java:updateAndGet(143)) - a1c78c0e-869c-4f76-b4ce-2034448e0b80: start FollowerState
2019-10-19 01:04:57,854 [java.util.concurrent.ThreadPoolExecutor$Worker@3d9b74b8[State = -1, empty queue]] WARN  server.GrpcLogAppender (GrpcLogAppender.java:timeoutAppendRequest(209)) - b26a8d60-58dc-431d-8168-f89a9ab35f3a@group-FB3B7D7D89E3->16805c57-9f45-4377-8998-764a8f26e152-GrpcLogAppender: appendEntries Timeout, request=b26a8d60-58dc-431d-8168-f89a9ab35f3a->16805c57-9f45-4377-8998-764a8f26e152#22-t129, previous=(t:129, i:2), leaderCommit=2, initializing? false, entries: <empty>
2019-10-19 01:04:57,913 [Thread-2725] INFO  impl.FollowerState (FollowerState.java:run(108)) - a1c78c0e-869c-4f76-b4ce-2034448e0b80@group-D48B69A44692-FollowerState: change to CANDIDATE, lastRpcTime:95ms, electionTimeout:95ms
2019-10-19 01:04:57,913 [Thread-2725] INFO  impl.RoleInfo (RoleInfo.java:shutdownFollowerState(121)) - a1c78c0e-869c-4f76-b4ce-2034448e0b80: shutdown FollowerState
2019-10-19 01:04:57,913 [Thread-2725] INFO  impl.RaftServerImpl (RaftServerImpl.java:setRole(184)) - a1c78c0e-869c-4f76-b4ce-2034448e0b80@group-D48B69A44692: changes role from  FOLLOWER to CANDIDATE at term 246 for changeToCandidate
2019-10-19 01:04:57,913 [Thread-2725] INFO  impl.RoleInfo (RoleInfo.java:updateAndGet(143)) - a1c78c0e-869c-4f76-b4ce-2034448e0b80: start LeaderElection
2019-10-19 01:04:57,938 [a1c78c0e-869c-4f76-b4ce-2034448e0b80@group-D48B69A44692-LeaderElection354] INFO  impl.LeaderElection (LeaderElection.java:askForVotes(178)) - a1c78c0e-869c-4f76-b4ce-2034448e0b80@group-D48B69A44692-LeaderElection354: begin an election at term 247 for -1: [51276c3c-a3b8-4274-b089-592ff4589f41:192.168.157.213:36639, 64c90977-e867-487c-b50d-c226f2d34a76:192.168.157.213:37433, a1c78c0e-869c-4f76-b4ce-2034448e0b80:192.168.157.213:33501], old=null
2019-10-19 01:04:57,940 [a1c78c0e-869c-4f76-b4ce-2034448e0b80@group-D48B69A44692-LeaderElection354] INFO  impl.LeaderElection (LogUtils.java:infoOrTrace(149)) - a1c78c0e-869c-4f76-b4ce-2034448e0b80@group-D48B69A44692-LeaderElection354 got exception when requesting votes: {}
java.util.concurrent.ExecutionException: org.apache.ratis.thirdparty.io.grpc.StatusRuntimeException: UNAVAILABLE: io exception
	at java.util.concurrent.FutureTask.report(FutureTask.java:122)
	at java.util.concurrent.FutureTask.get(FutureTask.java:192)
	at org.apache.ratis.server.impl.LeaderElection.waitForResults(LeaderElection.java:259)
	at org.apache.ratis.server.impl.LeaderElection.askForVotes(LeaderElection.java:197)
	at org.apache.ratis.server.impl.LeaderElection.run(LeaderElection.java:133)
	at java.lang.Thread.run(Thread.java:748)
Caused by: org.apache.ratis.thirdparty.io.grpc.StatusRuntimeException: UNAVAILABLE: io exception
	at org.apache.ratis.thirdparty.io.grpc.stub.ClientCalls.toStatusRuntimeException(ClientCalls.java:233)
	at org.apache.ratis.thirdparty.io.grpc.stub.ClientCalls.getUnchecked(ClientCalls.java:214)
	at org.apache.ratis.thirdparty.io.grpc.stub.ClientCalls.blockingUnaryCall(ClientCalls.java:139)
	at org.apache.ratis.proto.grpc.RaftServerProtocolServiceGrpc$RaftServerProtocolServiceBlockingStub.requestVote(RaftServerProtocolServiceGrpc.java:265)
	at org.apache.ratis.grpc.server.GrpcServerProtocolClient.requestVote(GrpcServerProtocolClient.java:99)
	at org.apache.ratis.grpc.server.GrpcService.requestVote(GrpcService.java:204)
	at org.apache.ratis.server.impl.LeaderElection.lambda$submitRequests$1(LeaderElection.java:234)
	at java.util.concurrent.FutureTask.run(FutureTask.java:266)
	at java.util.concurrent.Executors$RunnableAdapter.call(Executors.java:511)
	at java.util.concurrent.FutureTask.run(FutureTask.java:266)
	at java.util.concurrent.ThreadPoolExecutor.runWorker(ThreadPoolExecutor.java:1149)
	at java.util.concurrent.ThreadPoolExecutor$Worker.run(ThreadPoolExecutor.java:624)
	... 1 more
Caused by: org.apache.ratis.thirdparty.io.netty.channel.AbstractChannel$AnnotatedConnectException: Connection refused: /192.168.157.213:36639
	at sun.nio.ch.SocketChannelImpl.checkConnect(Native Method)
	at sun.nio.ch.SocketChannelImpl.finishConnect(SocketChannelImpl.java:717)
	at org.apache.ratis.thirdparty.io.netty.channel.socket.nio.NioSocketChannel.doFinishConnect(NioSocketChannel.java:327)
	at org.apache.ratis.thirdparty.io.netty.channel.nio.AbstractNioChannel$AbstractNioUnsafe.finishConnect(AbstractNioChannel.java:340)
	at org.apache.ratis.thirdparty.io.netty.channel.nio.NioEventLoop.processSelectedKey(NioEventLoop.java:632)
	at org.apache.ratis.thirdparty.io.netty.channel.nio.NioEventLoop.processSelectedKeysOptimized(NioEventLoop.java:579)
	at org.apache.ratis.thirdparty.io.netty.channel.nio.NioEventLoop.processSelectedKeys(NioEventLoop.java:496)
	at org.apache.ratis.thirdparty.io.netty.channel.nio.NioEventLoop.run(NioEventLoop.java:458)
	at org.apache.ratis.thirdparty.io.netty.util.concurrent.SingleThreadEventExecutor$5.run(SingleThreadEventExecutor.java:897)
	at org.apache.ratis.thirdparty.io.netty.util.concurrent.FastThreadLocalRunnable.run(FastThreadLocalRunnable.java:30)
	... 1 more
Caused by: java.net.ConnectException: Connection refused
	... 11 more
2019-10-19 01:04:57,940 [grpc-default-executor-7] INFO  impl.RaftServerImpl (RaftServerImpl.java:setRole(184)) - 64c90977-e867-487c-b50d-c226f2d34a76@group-D48B69A44692: changes role from  FOLLOWER to FOLLOWER at term 247 for recognizeCandidate:a1c78c0e-869c-4f76-b4ce-2034448e0b80
2019-10-19 01:04:57,941 [grpc-default-executor-7] INFO  impl.RoleInfo (RoleInfo.java:shutdownFollowerState(121)) - 64c90977-e867-487c-b50d-c226f2d34a76: shutdown FollowerState
2019-10-19 01:04:57,941 [grpc-default-executor-7] INFO  impl.RoleInfo (RoleInfo.java:updateAndGet(143)) - 64c90977-e867-487c-b50d-c226f2d34a76: start FollowerState
2019-10-19 01:04:57,941 [Thread-2724] INFO  impl.FollowerState (FollowerState.java:run(117)) - 64c90977-e867-487c-b50d-c226f2d34a76@group-D48B69A44692-FollowerState was interrupted: java.lang.InterruptedException: sleep interrupted
2019-10-19 01:04:57,955 [a1c78c0e-869c-4f76-b4ce-2034448e0b80@group-D48B69A44692-LeaderElection354] INFO  impl.LeaderElection (LeaderElection.java:logAndReturn(56)) - a1c78c0e-869c-4f76-b4ce-2034448e0b80@group-D48B69A44692-LeaderElection354: Election REJECTED; received 1 response(s) [a1c78c0e-869c-4f76-b4ce-2034448e0b80<-64c90977-e867-487c-b50d-c226f2d34a76#0:FAIL-t247] and 1 exception(s); a1c78c0e-869c-4f76-b4ce-2034448e0b80@group-D48B69A44692:t247, leader=null, voted=a1c78c0e-869c-4f76-b4ce-2034448e0b80, raftlog=a1c78c0e-869c-4f76-b4ce-2034448e0b80@group-D48B69A44692-SegmentedRaftLog:OPENED:c-1,f-1,i0, conf=-1: [51276c3c-a3b8-4274-b089-592ff4589f41:192.168.157.213:36639, 64c90977-e867-487c-b50d-c226f2d34a76:192.168.157.213:37433, a1c78c0e-869c-4f76-b4ce-2034448e0b80:192.168.157.213:33501], old=null
2019-10-19 01:04:57,955 [a1c78c0e-869c-4f76-b4ce-2034448e0b80@group-D48B69A44692-LeaderElection354] INFO  impl.LeaderElection (LogUtils.java:infoOrTrace(149)) -   Exception 0: {}
java.util.concurrent.ExecutionException: org.apache.ratis.thirdparty.io.grpc.StatusRuntimeException: UNAVAILABLE: io exception
	at java.util.concurrent.FutureTask.report(FutureTask.java:122)
	at java.util.concurrent.FutureTask.get(FutureTask.java:192)
	at org.apache.ratis.server.impl.LeaderElection.waitForResults(LeaderElection.java:259)
	at org.apache.ratis.server.impl.LeaderElection.askForVotes(LeaderElection.java:197)
	at org.apache.ratis.server.impl.LeaderElection.run(LeaderElection.java:133)
	at java.lang.Thread.run(Thread.java:748)
Caused by: org.apache.ratis.thirdparty.io.grpc.StatusRuntimeException: UNAVAILABLE: io exception
	at org.apache.ratis.thirdparty.io.grpc.stub.ClientCalls.toStatusRuntimeException(ClientCalls.java:233)
	at org.apache.ratis.thirdparty.io.grpc.stub.ClientCalls.getUnchecked(ClientCalls.java:214)
	at org.apache.ratis.thirdparty.io.grpc.stub.ClientCalls.blockingUnaryCall(ClientCalls.java:139)
	at org.apache.ratis.proto.grpc.RaftServerProtocolServiceGrpc$RaftServerProtocolServiceBlockingStub.requestVote(RaftServerProtocolServiceGrpc.java:265)
	at org.apache.ratis.grpc.server.GrpcServerProtocolClient.requestVote(GrpcServerProtocolClient.java:99)
	at org.apache.ratis.grpc.server.GrpcService.requestVote(GrpcService.java:204)
	at org.apache.ratis.server.impl.LeaderElection.lambda$submitRequests$1(LeaderElection.java:234)
	at java.util.concurrent.FutureTask.run(FutureTask.java:266)
	at java.util.concurrent.Executors$RunnableAdapter.call(Executors.java:511)
	at java.util.concurrent.FutureTask.run(FutureTask.java:266)
	at java.util.concurrent.ThreadPoolExecutor.runWorker(ThreadPoolExecutor.java:1149)
	at java.util.concurrent.ThreadPoolExecutor$Worker.run(ThreadPoolExecutor.java:624)
	... 1 more
Caused by: org.apache.ratis.thirdparty.io.netty.channel.AbstractChannel$AnnotatedConnectException: Connection refused: /192.168.157.213:36639
	at sun.nio.ch.SocketChannelImpl.checkConnect(Native Method)
	at sun.nio.ch.SocketChannelImpl.finishConnect(SocketChannelImpl.java:717)
	at org.apache.ratis.thirdparty.io.netty.channel.socket.nio.NioSocketChannel.doFinishConnect(NioSocketChannel.java:327)
	at org.apache.ratis.thirdparty.io.netty.channel.nio.AbstractNioChannel$AbstractNioUnsafe.finishConnect(AbstractNioChannel.java:340)
	at org.apache.ratis.thirdparty.io.netty.channel.nio.NioEventLoop.processSelectedKey(NioEventLoop.java:632)
	at org.apache.ratis.thirdparty.io.netty.channel.nio.NioEventLoop.processSelectedKeysOptimized(NioEventLoop.java:579)
	at org.apache.ratis.thirdparty.io.netty.channel.nio.NioEventLoop.processSelectedKeys(NioEventLoop.java:496)
	at org.apache.ratis.thirdparty.io.netty.channel.nio.NioEventLoop.run(NioEventLoop.java:458)
	at org.apache.ratis.thirdparty.io.netty.util.concurrent.SingleThreadEventExecutor$5.run(SingleThreadEventExecutor.java:897)
	at org.apache.ratis.thirdparty.io.netty.util.concurrent.FastThreadLocalRunnable.run(FastThreadLocalRunnable.java:30)
	... 1 more
Caused by: java.net.ConnectException: Connection refused
	... 11 more
2019-10-19 01:04:57,956 [a1c78c0e-869c-4f76-b4ce-2034448e0b80@group-D48B69A44692-LeaderElection354] INFO  impl.RaftServerImpl (RaftServerImpl.java:setRole(184)) - a1c78c0e-869c-4f76-b4ce-2034448e0b80@group-D48B69A44692: changes role from CANDIDATE to FOLLOWER at term 247 for DISCOVERED_A_NEW_TERM
2019-10-19 01:04:57,956 [a1c78c0e-869c-4f76-b4ce-2034448e0b80@group-D48B69A44692-LeaderElection354] INFO  impl.RoleInfo (RoleInfo.java:shutdownLeaderElection(134)) - a1c78c0e-869c-4f76-b4ce-2034448e0b80: shutdown LeaderElection
2019-10-19 01:04:57,956 [a1c78c0e-869c-4f76-b4ce-2034448e0b80@group-D48B69A44692-LeaderElection354] INFO  impl.RoleInfo (RoleInfo.java:updateAndGet(143)) - a1c78c0e-869c-4f76-b4ce-2034448e0b80: start FollowerState
2019-10-19 01:04:58,136 [Thread-2730] INFO  impl.FollowerState (FollowerState.java:run(108)) - a1c78c0e-869c-4f76-b4ce-2034448e0b80@group-D48B69A44692-FollowerState: change to CANDIDATE, lastRpcTime:179ms, electionTimeout:179ms
2019-10-19 01:04:58,136 [Thread-2730] INFO  impl.RoleInfo (RoleInfo.java:shutdownFollowerState(121)) - a1c78c0e-869c-4f76-b4ce-2034448e0b80: shutdown FollowerState
2019-10-19 01:04:58,136 [Thread-2730] INFO  impl.RaftServerImpl (RaftServerImpl.java:setRole(184)) - a1c78c0e-869c-4f76-b4ce-2034448e0b80@group-D48B69A44692: changes role from  FOLLOWER to CANDIDATE at term 247 for changeToCandidate
2019-10-19 01:04:58,136 [Thread-2730] INFO  impl.RoleInfo (RoleInfo.java:updateAndGet(143)) - a1c78c0e-869c-4f76-b4ce-2034448e0b80: start LeaderElection
2019-10-19 01:04:58,150 [a1c78c0e-869c-4f76-b4ce-2034448e0b80@group-D48B69A44692-LeaderElection355] INFO  impl.LeaderElection (LeaderElection.java:askForVotes(178)) - a1c78c0e-869c-4f76-b4ce-2034448e0b80@group-D48B69A44692-LeaderElection355: begin an election at term 248 for -1: [51276c3c-a3b8-4274-b089-592ff4589f41:192.168.157.213:36639, 64c90977-e867-487c-b50d-c226f2d34a76:192.168.157.213:37433, a1c78c0e-869c-4f76-b4ce-2034448e0b80:192.168.157.213:33501], old=null
2019-10-19 01:04:58,151 [a1c78c0e-869c-4f76-b4ce-2034448e0b80@group-D48B69A44692-LeaderElection355] INFO  impl.LeaderElection (LogUtils.java:infoOrTrace(149)) - a1c78c0e-869c-4f76-b4ce-2034448e0b80@group-D48B69A44692-LeaderElection355 got exception when requesting votes: {}
java.util.concurrent.ExecutionException: org.apache.ratis.thirdparty.io.grpc.StatusRuntimeException: UNAVAILABLE: io exception
	at java.util.concurrent.FutureTask.report(FutureTask.java:122)
	at java.util.concurrent.FutureTask.get(FutureTask.java:192)
	at org.apache.ratis.server.impl.LeaderElection.waitForResults(LeaderElection.java:259)
	at org.apache.ratis.server.impl.LeaderElection.askForVotes(LeaderElection.java:197)
	at org.apache.ratis.server.impl.LeaderElection.run(LeaderElection.java:133)
	at java.lang.Thread.run(Thread.java:748)
Caused by: org.apache.ratis.thirdparty.io.grpc.StatusRuntimeException: UNAVAILABLE: io exception
	at org.apache.ratis.thirdparty.io.grpc.stub.ClientCalls.toStatusRuntimeException(ClientCalls.java:233)
	at org.apache.ratis.thirdparty.io.grpc.stub.ClientCalls.getUnchecked(ClientCalls.java:214)
	at org.apache.ratis.thirdparty.io.grpc.stub.ClientCalls.blockingUnaryCall(ClientCalls.java:139)
	at org.apache.ratis.proto.grpc.RaftServerProtocolServiceGrpc$RaftServerProtocolServiceBlockingStub.requestVote(RaftServerProtocolServiceGrpc.java:265)
	at org.apache.ratis.grpc.server.GrpcServerProtocolClient.requestVote(GrpcServerProtocolClient.java:99)
	at org.apache.ratis.grpc.server.GrpcService.requestVote(GrpcService.java:204)
	at org.apache.ratis.server.impl.LeaderElection.lambda$submitRequests$1(LeaderElection.java:234)
	at java.util.concurrent.FutureTask.run(FutureTask.java:266)
	at java.util.concurrent.Executors$RunnableAdapter.call(Executors.java:511)
	at java.util.concurrent.FutureTask.run(FutureTask.java:266)
	at java.util.concurrent.ThreadPoolExecutor.runWorker(ThreadPoolExecutor.java:1149)
	at java.util.concurrent.ThreadPoolExecutor$Worker.run(ThreadPoolExecutor.java:624)
	... 1 more
Caused by: org.apache.ratis.thirdparty.io.netty.channel.AbstractChannel$AnnotatedConnectException: Connection refused: /192.168.157.213:36639
	at sun.nio.ch.SocketChannelImpl.checkConnect(Native Method)
	at sun.nio.ch.SocketChannelImpl.finishConnect(SocketChannelImpl.java:717)
	at org.apache.ratis.thirdparty.io.netty.channel.socket.nio.NioSocketChannel.doFinishConnect(NioSocketChannel.java:327)
	at org.apache.ratis.thirdparty.io.netty.channel.nio.AbstractNioChannel$AbstractNioUnsafe.finishConnect(AbstractNioChannel.java:340)
	at org.apache.ratis.thirdparty.io.netty.channel.nio.NioEventLoop.processSelectedKey(NioEventLoop.java:632)
	at org.apache.ratis.thirdparty.io.netty.channel.nio.NioEventLoop.processSelectedKeysOptimized(NioEventLoop.java:579)
	at org.apache.ratis.thirdparty.io.netty.channel.nio.NioEventLoop.processSelectedKeys(NioEventLoop.java:496)
	at org.apache.ratis.thirdparty.io.netty.channel.nio.NioEventLoop.run(NioEventLoop.java:458)
	at org.apache.ratis.thirdparty.io.netty.util.concurrent.SingleThreadEventExecutor$5.run(SingleThreadEventExecutor.java:897)
	at org.apache.ratis.thirdparty.io.netty.util.concurrent.FastThreadLocalRunnable.run(FastThreadLocalRunnable.java:30)
	... 1 more
Caused by: java.net.ConnectException: Connection refused
	... 11 more
2019-10-19 01:04:58,152 [grpc-default-executor-7] INFO  impl.RaftServerImpl (RaftServerImpl.java:setRole(184)) - 64c90977-e867-487c-b50d-c226f2d34a76@group-D48B69A44692: changes role from  FOLLOWER to FOLLOWER at term 248 for recognizeCandidate:a1c78c0e-869c-4f76-b4ce-2034448e0b80
2019-10-19 01:04:58,152 [grpc-default-executor-7] INFO  impl.RoleInfo (RoleInfo.java:shutdownFollowerState(121)) - 64c90977-e867-487c-b50d-c226f2d34a76: shutdown FollowerState
2019-10-19 01:04:58,152 [grpc-default-executor-7] INFO  impl.RoleInfo (RoleInfo.java:updateAndGet(143)) - 64c90977-e867-487c-b50d-c226f2d34a76: start FollowerState
2019-10-19 01:04:58,152 [Thread-2729] INFO  impl.FollowerState (FollowerState.java:run(117)) - 64c90977-e867-487c-b50d-c226f2d34a76@group-D48B69A44692-FollowerState was interrupted: java.lang.InterruptedException: sleep interrupted
2019-10-19 01:04:58,166 [a1c78c0e-869c-4f76-b4ce-2034448e0b80@group-D48B69A44692-LeaderElection355] INFO  impl.LeaderElection (LeaderElection.java:logAndReturn(56)) - a1c78c0e-869c-4f76-b4ce-2034448e0b80@group-D48B69A44692-LeaderElection355: Election REJECTED; received 1 response(s) [a1c78c0e-869c-4f76-b4ce-2034448e0b80<-64c90977-e867-487c-b50d-c226f2d34a76#0:FAIL-t248] and 1 exception(s); a1c78c0e-869c-4f76-b4ce-2034448e0b80@group-D48B69A44692:t248, leader=null, voted=a1c78c0e-869c-4f76-b4ce-2034448e0b80, raftlog=a1c78c0e-869c-4f76-b4ce-2034448e0b80@group-D48B69A44692-SegmentedRaftLog:OPENED:c-1,f-1,i0, conf=-1: [51276c3c-a3b8-4274-b089-592ff4589f41:192.168.157.213:36639, 64c90977-e867-487c-b50d-c226f2d34a76:192.168.157.213:37433, a1c78c0e-869c-4f76-b4ce-2034448e0b80:192.168.157.213:33501], old=null
2019-10-19 01:04:58,166 [a1c78c0e-869c-4f76-b4ce-2034448e0b80@group-D48B69A44692-LeaderElection355] INFO  impl.LeaderElection (LogUtils.java:infoOrTrace(149)) -   Exception 0: {}
java.util.concurrent.ExecutionException: org.apache.ratis.thirdparty.io.grpc.StatusRuntimeException: UNAVAILABLE: io exception
	at java.util.concurrent.FutureTask.report(FutureTask.java:122)
	at java.util.concurrent.FutureTask.get(FutureTask.java:192)
	at org.apache.ratis.server.impl.LeaderElection.waitForResults(LeaderElection.java:259)
	at org.apache.ratis.server.impl.LeaderElection.askForVotes(LeaderElection.java:197)
	at org.apache.ratis.server.impl.LeaderElection.run(LeaderElection.java:133)
	at java.lang.Thread.run(Thread.java:748)
Caused by: org.apache.ratis.thirdparty.io.grpc.StatusRuntimeException: UNAVAILABLE: io exception
	at org.apache.ratis.thirdparty.io.grpc.stub.ClientCalls.toStatusRuntimeException(ClientCalls.java:233)
	at org.apache.ratis.thirdparty.io.grpc.stub.ClientCalls.getUnchecked(ClientCalls.java:214)
	at org.apache.ratis.thirdparty.io.grpc.stub.ClientCalls.blockingUnaryCall(ClientCalls.java:139)
	at org.apache.ratis.proto.grpc.RaftServerProtocolServiceGrpc$RaftServerProtocolServiceBlockingStub.requestVote(RaftServerProtocolServiceGrpc.java:265)
	at org.apache.ratis.grpc.server.GrpcServerProtocolClient.requestVote(GrpcServerProtocolClient.java:99)
	at org.apache.ratis.grpc.server.GrpcService.requestVote(GrpcService.java:204)
	at org.apache.ratis.server.impl.LeaderElection.lambda$submitRequests$1(LeaderElection.java:234)
	at java.util.concurrent.FutureTask.run(FutureTask.java:266)
	at java.util.concurrent.Executors$RunnableAdapter.call(Executors.java:511)
	at java.util.concurrent.FutureTask.run(FutureTask.java:266)
	at java.util.concurrent.ThreadPoolExecutor.runWorker(ThreadPoolExecutor.java:1149)
	at java.util.concurrent.ThreadPoolExecutor$Worker.run(ThreadPoolExecutor.java:624)
	... 1 more
Caused by: org.apache.ratis.thirdparty.io.netty.channel.AbstractChannel$AnnotatedConnectException: Connection refused: /192.168.157.213:36639
	at sun.nio.ch.SocketChannelImpl.checkConnect(Native Method)
	at sun.nio.ch.SocketChannelImpl.finishConnect(SocketChannelImpl.java:717)
	at org.apache.ratis.thirdparty.io.netty.channel.socket.nio.NioSocketChannel.doFinishConnect(NioSocketChannel.java:327)
	at org.apache.ratis.thirdparty.io.netty.channel.nio.AbstractNioChannel$AbstractNioUnsafe.finishConnect(AbstractNioChannel.java:340)
	at org.apache.ratis.thirdparty.io.netty.channel.nio.NioEventLoop.processSelectedKey(NioEventLoop.java:632)
	at org.apache.ratis.thirdparty.io.netty.channel.nio.NioEventLoop.processSelectedKeysOptimized(NioEventLoop.java:579)
	at org.apache.ratis.thirdparty.io.netty.channel.nio.NioEventLoop.processSelectedKeys(NioEventLoop.java:496)
	at org.apache.ratis.thirdparty.io.netty.channel.nio.NioEventLoop.run(NioEventLoop.java:458)
	at org.apache.ratis.thirdparty.io.netty.util.concurrent.SingleThreadEventExecutor$5.run(SingleThreadEventExecutor.java:897)
	at org.apache.ratis.thirdparty.io.netty.util.concurrent.FastThreadLocalRunnable.run(FastThreadLocalRunnable.java:30)
	... 1 more
Caused by: java.net.ConnectException: Connection refused
	... 11 more
2019-10-19 01:04:58,166 [a1c78c0e-869c-4f76-b4ce-2034448e0b80@group-D48B69A44692-LeaderElection355] INFO  impl.RaftServerImpl (RaftServerImpl.java:setRole(184)) - a1c78c0e-869c-4f76-b4ce-2034448e0b80@group-D48B69A44692: changes role from CANDIDATE to FOLLOWER at term 248 for DISCOVERED_A_NEW_TERM
2019-10-19 01:04:58,166 [a1c78c0e-869c-4f76-b4ce-2034448e0b80@group-D48B69A44692-LeaderElection355] INFO  impl.RoleInfo (RoleInfo.java:shutdownLeaderElection(134)) - a1c78c0e-869c-4f76-b4ce-2034448e0b80: shutdown LeaderElection
2019-10-19 01:04:58,166 [a1c78c0e-869c-4f76-b4ce-2034448e0b80@group-D48B69A44692-LeaderElection355] INFO  impl.RoleInfo (RoleInfo.java:updateAndGet(143)) - a1c78c0e-869c-4f76-b4ce-2034448e0b80: start FollowerState
2019-10-19 01:04:58,267 [Thread-2735] INFO  impl.FollowerState (FollowerState.java:run(108)) - a1c78c0e-869c-4f76-b4ce-2034448e0b80@group-D48B69A44692-FollowerState: change to CANDIDATE, lastRpcTime:100ms, electionTimeout:100ms
2019-10-19 01:04:58,267 [Thread-2735] INFO  impl.RoleInfo (RoleInfo.java:shutdownFollowerState(121)) - a1c78c0e-869c-4f76-b4ce-2034448e0b80: shutdown FollowerState
2019-10-19 01:04:58,267 [Thread-2735] INFO  impl.RaftServerImpl (RaftServerImpl.java:setRole(184)) - a1c78c0e-869c-4f76-b4ce-2034448e0b80@group-D48B69A44692: changes role from  FOLLOWER to CANDIDATE at term 248 for changeToCandidate
2019-10-19 01:04:58,267 [Thread-2735] INFO  impl.RoleInfo (RoleInfo.java:updateAndGet(143)) - a1c78c0e-869c-4f76-b4ce-2034448e0b80: start LeaderElection
2019-10-19 01:04:58,271 [a1c78c0e-869c-4f76-b4ce-2034448e0b80@group-D48B69A44692-LeaderElection356] INFO  impl.LeaderElection (LeaderElection.java:askForVotes(178)) - a1c78c0e-869c-4f76-b4ce-2034448e0b80@group-D48B69A44692-LeaderElection356: begin an election at term 249 for -1: [51276c3c-a3b8-4274-b089-592ff4589f41:192.168.157.213:36639, 64c90977-e867-487c-b50d-c226f2d34a76:192.168.157.213:37433, a1c78c0e-869c-4f76-b4ce-2034448e0b80:192.168.157.213:33501], old=null
2019-10-19 01:04:58,272 [a1c78c0e-869c-4f76-b4ce-2034448e0b80@group-D48B69A44692-LeaderElection356] INFO  impl.LeaderElection (LogUtils.java:infoOrTrace(149)) - a1c78c0e-869c-4f76-b4ce-2034448e0b80@group-D48B69A44692-LeaderElection356 got exception when requesting votes: {}
java.util.concurrent.ExecutionException: org.apache.ratis.thirdparty.io.grpc.StatusRuntimeException: UNAVAILABLE: io exception
	at java.util.concurrent.FutureTask.report(FutureTask.java:122)
	at java.util.concurrent.FutureTask.get(FutureTask.java:192)
	at org.apache.ratis.server.impl.LeaderElection.waitForResults(LeaderElection.java:259)
	at org.apache.ratis.server.impl.LeaderElection.askForVotes(LeaderElection.java:197)
	at org.apache.ratis.server.impl.LeaderElection.run(LeaderElection.java:133)
	at java.lang.Thread.run(Thread.java:748)
Caused by: org.apache.ratis.thirdparty.io.grpc.StatusRuntimeException: UNAVAILABLE: io exception
	at org.apache.ratis.thirdparty.io.grpc.stub.ClientCalls.toStatusRuntimeException(ClientCalls.java:233)
	at org.apache.ratis.thirdparty.io.grpc.stub.ClientCalls.getUnchecked(ClientCalls.java:214)
	at org.apache.ratis.thirdparty.io.grpc.stub.ClientCalls.blockingUnaryCall(ClientCalls.java:139)
	at org.apache.ratis.proto.grpc.RaftServerProtocolServiceGrpc$RaftServerProtocolServiceBlockingStub.requestVote(RaftServerProtocolServiceGrpc.java:265)
	at org.apache.ratis.grpc.server.GrpcServerProtocolClient.requestVote(GrpcServerProtocolClient.java:99)
	at org.apache.ratis.grpc.server.GrpcService.requestVote(GrpcService.java:204)
	at org.apache.ratis.server.impl.LeaderElection.lambda$submitRequests$1(LeaderElection.java:234)
	at java.util.concurrent.FutureTask.run(FutureTask.java:266)
	at java.util.concurrent.Executors$RunnableAdapter.call(Executors.java:511)
	at java.util.concurrent.FutureTask.run(FutureTask.java:266)
	at java.util.concurrent.ThreadPoolExecutor.runWorker(ThreadPoolExecutor.java:1149)
	at java.util.concurrent.ThreadPoolExecutor$Worker.run(ThreadPoolExecutor.java:624)
	... 1 more
Caused by: org.apache.ratis.thirdparty.io.netty.channel.AbstractChannel$AnnotatedConnectException: Connection refused: /192.168.157.213:36639
	at sun.nio.ch.SocketChannelImpl.checkConnect(Native Method)
	at sun.nio.ch.SocketChannelImpl.finishConnect(SocketChannelImpl.java:717)
	at org.apache.ratis.thirdparty.io.netty.channel.socket.nio.NioSocketChannel.doFinishConnect(NioSocketChannel.java:327)
	at org.apache.ratis.thirdparty.io.netty.channel.nio.AbstractNioChannel$AbstractNioUnsafe.finishConnect(AbstractNioChannel.java:340)
	at org.apache.ratis.thirdparty.io.netty.channel.nio.NioEventLoop.processSelectedKey(NioEventLoop.java:632)
	at org.apache.ratis.thirdparty.io.netty.channel.nio.NioEventLoop.processSelectedKeysOptimized(NioEventLoop.java:579)
	at org.apache.ratis.thirdparty.io.netty.channel.nio.NioEventLoop.processSelectedKeys(NioEventLoop.java:496)
	at org.apache.ratis.thirdparty.io.netty.channel.nio.NioEventLoop.run(NioEventLoop.java:458)
	at org.apache.ratis.thirdparty.io.netty.util.concurrent.SingleThreadEventExecutor$5.run(SingleThreadEventExecutor.java:897)
	at org.apache.ratis.thirdparty.io.netty.util.concurrent.FastThreadLocalRunnable.run(FastThreadLocalRunnable.java:30)
	... 1 more
Caused by: java.net.ConnectException: Connection refused
	... 11 more
2019-10-19 01:04:58,273 [grpc-default-executor-7] INFO  impl.RaftServerImpl (RaftServerImpl.java:setRole(184)) - 64c90977-e867-487c-b50d-c226f2d34a76@group-D48B69A44692: changes role from  FOLLOWER to FOLLOWER at term 249 for recognizeCandidate:a1c78c0e-869c-4f76-b4ce-2034448e0b80
2019-10-19 01:04:58,273 [grpc-default-executor-7] INFO  impl.RoleInfo (RoleInfo.java:shutdownFollowerState(121)) - 64c90977-e867-487c-b50d-c226f2d34a76: shutdown FollowerState
2019-10-19 01:04:58,273 [grpc-default-executor-7] INFO  impl.RoleInfo (RoleInfo.java:updateAndGet(143)) - 64c90977-e867-487c-b50d-c226f2d34a76: start FollowerState
2019-10-19 01:04:58,273 [Thread-2734] INFO  impl.FollowerState (FollowerState.java:run(117)) - 64c90977-e867-487c-b50d-c226f2d34a76@group-D48B69A44692-FollowerState was interrupted: java.lang.InterruptedException: sleep interrupted
2019-10-19 01:04:58,302 [a1c78c0e-869c-4f76-b4ce-2034448e0b80@group-D48B69A44692-LeaderElection356] INFO  impl.LeaderElection (LeaderElection.java:logAndReturn(56)) - a1c78c0e-869c-4f76-b4ce-2034448e0b80@group-D48B69A44692-LeaderElection356: Election REJECTED; received 1 response(s) [a1c78c0e-869c-4f76-b4ce-2034448e0b80<-64c90977-e867-487c-b50d-c226f2d34a76#0:FAIL-t249] and 1 exception(s); a1c78c0e-869c-4f76-b4ce-2034448e0b80@group-D48B69A44692:t249, leader=null, voted=a1c78c0e-869c-4f76-b4ce-2034448e0b80, raftlog=a1c78c0e-869c-4f76-b4ce-2034448e0b80@group-D48B69A44692-SegmentedRaftLog:OPENED:c-1,f-1,i0, conf=-1: [51276c3c-a3b8-4274-b089-592ff4589f41:192.168.157.213:36639, 64c90977-e867-487c-b50d-c226f2d34a76:192.168.157.213:37433, a1c78c0e-869c-4f76-b4ce-2034448e0b80:192.168.157.213:33501], old=null
2019-10-19 01:04:58,302 [a1c78c0e-869c-4f76-b4ce-2034448e0b80@group-D48B69A44692-LeaderElection356] INFO  impl.LeaderElection (LogUtils.java:infoOrTrace(149)) -   Exception 0: {}
java.util.concurrent.ExecutionException: org.apache.ratis.thirdparty.io.grpc.StatusRuntimeException: UNAVAILABLE: io exception
	at java.util.concurrent.FutureTask.report(FutureTask.java:122)
	at java.util.concurrent.FutureTask.get(FutureTask.java:192)
	at org.apache.ratis.server.impl.LeaderElection.waitForResults(LeaderElection.java:259)
	at org.apache.ratis.server.impl.LeaderElection.askForVotes(LeaderElection.java:197)
	at org.apache.ratis.server.impl.LeaderElection.run(LeaderElection.java:133)
	at java.lang.Thread.run(Thread.java:748)
Caused by: org.apache.ratis.thirdparty.io.grpc.StatusRuntimeException: UNAVAILABLE: io exception
	at org.apache.ratis.thirdparty.io.grpc.stub.ClientCalls.toStatusRuntimeException(ClientCalls.java:233)
	at org.apache.ratis.thirdparty.io.grpc.stub.ClientCalls.getUnchecked(ClientCalls.java:214)
	at org.apache.ratis.thirdparty.io.grpc.stub.ClientCalls.blockingUnaryCall(ClientCalls.java:139)
	at org.apache.ratis.proto.grpc.RaftServerProtocolServiceGrpc$RaftServerProtocolServiceBlockingStub.requestVote(RaftServerProtocolServiceGrpc.java:265)
	at org.apache.ratis.grpc.server.GrpcServerProtocolClient.requestVote(GrpcServerProtocolClient.java:99)
	at org.apache.ratis.grpc.server.GrpcService.requestVote(GrpcService.java:204)
	at org.apache.ratis.server.impl.LeaderElection.lambda$submitRequests$1(LeaderElection.java:234)
	at java.util.concurrent.FutureTask.run(FutureTask.java:266)
	at java.util.concurrent.Executors$RunnableAdapter.call(Executors.java:511)
	at java.util.concurrent.FutureTask.run(FutureTask.java:266)
	at java.util.concurrent.ThreadPoolExecutor.runWorker(ThreadPoolExecutor.java:1149)
	at java.util.concurrent.ThreadPoolExecutor$Worker.run(ThreadPoolExecutor.java:624)
	... 1 more
Caused by: org.apache.ratis.thirdparty.io.netty.channel.AbstractChannel$AnnotatedConnectException: Connection refused: /192.168.157.213:36639
	at sun.nio.ch.SocketChannelImpl.checkConnect(Native Method)
	at sun.nio.ch.SocketChannelImpl.finishConnect(SocketChannelImpl.java:717)
	at org.apache.ratis.thirdparty.io.netty.channel.socket.nio.NioSocketChannel.doFinishConnect(NioSocketChannel.java:327)
	at org.apache.ratis.thirdparty.io.netty.channel.nio.AbstractNioChannel$AbstractNioUnsafe.finishConnect(AbstractNioChannel.java:340)
	at org.apache.ratis.thirdparty.io.netty.channel.nio.NioEventLoop.processSelectedKey(NioEventLoop.java:632)
	at org.apache.ratis.thirdparty.io.netty.channel.nio.NioEventLoop.processSelectedKeysOptimized(NioEventLoop.java:579)
	at org.apache.ratis.thirdparty.io.netty.channel.nio.NioEventLoop.processSelectedKeys(NioEventLoop.java:496)
	at org.apache.ratis.thirdparty.io.netty.channel.nio.NioEventLoop.run(NioEventLoop.java:458)
	at org.apache.ratis.thirdparty.io.netty.util.concurrent.SingleThreadEventExecutor$5.run(SingleThreadEventExecutor.java:897)
	at org.apache.ratis.thirdparty.io.netty.util.concurrent.FastThreadLocalRunnable.run(FastThreadLocalRunnable.java:30)
	... 1 more
Caused by: java.net.ConnectException: Connection refused
	... 11 more
2019-10-19 01:04:58,303 [a1c78c0e-869c-4f76-b4ce-2034448e0b80@group-D48B69A44692-LeaderElection356] INFO  impl.RaftServerImpl (RaftServerImpl.java:setRole(184)) - a1c78c0e-869c-4f76-b4ce-2034448e0b80@group-D48B69A44692: changes role from CANDIDATE to FOLLOWER at term 249 for DISCOVERED_A_NEW_TERM
2019-10-19 01:04:58,303 [a1c78c0e-869c-4f76-b4ce-2034448e0b80@group-D48B69A44692-LeaderElection356] INFO  impl.RoleInfo (RoleInfo.java:shutdownLeaderElection(134)) - a1c78c0e-869c-4f76-b4ce-2034448e0b80: shutdown LeaderElection
2019-10-19 01:04:58,303 [a1c78c0e-869c-4f76-b4ce-2034448e0b80@group-D48B69A44692-LeaderElection356] INFO  impl.RoleInfo (RoleInfo.java:updateAndGet(143)) - a1c78c0e-869c-4f76-b4ce-2034448e0b80: start FollowerState
2019-10-19 01:04:58,341 [Thread-2740] INFO  impl.FollowerState (FollowerState.java:run(108)) - a1c78c0e-869c-4f76-b4ce-2034448e0b80@group-D48B69A44692-FollowerState: change to CANDIDATE, lastRpcTime:38ms, electionTimeout:38ms
2019-10-19 01:04:58,342 [Thread-2740] INFO  impl.RoleInfo (RoleInfo.java:shutdownFollowerState(121)) - a1c78c0e-869c-4f76-b4ce-2034448e0b80: shutdown FollowerState
2019-10-19 01:04:58,342 [Thread-2740] INFO  impl.RaftServerImpl (RaftServerImpl.java:setRole(184)) - a1c78c0e-869c-4f76-b4ce-2034448e0b80@group-D48B69A44692: changes role from  FOLLOWER to CANDIDATE at term 249 for changeToCandidate
2019-10-19 01:04:58,342 [Thread-2740] INFO  impl.RoleInfo (RoleInfo.java:updateAndGet(143)) - a1c78c0e-869c-4f76-b4ce-2034448e0b80: start LeaderElection
2019-10-19 01:04:58,348 [a1c78c0e-869c-4f76-b4ce-2034448e0b80@group-D48B69A44692-LeaderElection357] INFO  impl.LeaderElection (LeaderElection.java:askForVotes(178)) - a1c78c0e-869c-4f76-b4ce-2034448e0b80@group-D48B69A44692-LeaderElection357: begin an election at term 250 for -1: [51276c3c-a3b8-4274-b089-592ff4589f41:192.168.157.213:36639, 64c90977-e867-487c-b50d-c226f2d34a76:192.168.157.213:37433, a1c78c0e-869c-4f76-b4ce-2034448e0b80:192.168.157.213:33501], old=null
2019-10-19 01:04:58,349 [a1c78c0e-869c-4f76-b4ce-2034448e0b80@group-D48B69A44692-LeaderElection357] INFO  impl.LeaderElection (LogUtils.java:infoOrTrace(149)) - a1c78c0e-869c-4f76-b4ce-2034448e0b80@group-D48B69A44692-LeaderElection357 got exception when requesting votes: {}
java.util.concurrent.ExecutionException: org.apache.ratis.thirdparty.io.grpc.StatusRuntimeException: UNAVAILABLE: io exception
	at java.util.concurrent.FutureTask.report(FutureTask.java:122)
	at java.util.concurrent.FutureTask.get(FutureTask.java:192)
	at org.apache.ratis.server.impl.LeaderElection.waitForResults(LeaderElection.java:259)
	at org.apache.ratis.server.impl.LeaderElection.askForVotes(LeaderElection.java:197)
	at org.apache.ratis.server.impl.LeaderElection.run(LeaderElection.java:133)
	at java.lang.Thread.run(Thread.java:748)
Caused by: org.apache.ratis.thirdparty.io.grpc.StatusRuntimeException: UNAVAILABLE: io exception
	at org.apache.ratis.thirdparty.io.grpc.stub.ClientCalls.toStatusRuntimeException(ClientCalls.java:233)
	at org.apache.ratis.thirdparty.io.grpc.stub.ClientCalls.getUnchecked(ClientCalls.java:214)
	at org.apache.ratis.thirdparty.io.grpc.stub.ClientCalls.blockingUnaryCall(ClientCalls.java:139)
	at org.apache.ratis.proto.grpc.RaftServerProtocolServiceGrpc$RaftServerProtocolServiceBlockingStub.requestVote(RaftServerProtocolServiceGrpc.java:265)
	at org.apache.ratis.grpc.server.GrpcServerProtocolClient.requestVote(GrpcServerProtocolClient.java:99)
	at org.apache.ratis.grpc.server.GrpcService.requestVote(GrpcService.java:204)
	at org.apache.ratis.server.impl.LeaderElection.lambda$submitRequests$1(LeaderElection.java:234)
	at java.util.concurrent.FutureTask.run(FutureTask.java:266)
	at java.util.concurrent.Executors$RunnableAdapter.call(Executors.java:511)
	at java.util.concurrent.FutureTask.run(FutureTask.java:266)
	at java.util.concurrent.ThreadPoolExecutor.runWorker(ThreadPoolExecutor.java:1149)
	at java.util.concurrent.ThreadPoolExecutor$Worker.run(ThreadPoolExecutor.java:624)
	... 1 more
Caused by: org.apache.ratis.thirdparty.io.netty.channel.AbstractChannel$AnnotatedConnectException: Connection refused: /192.168.157.213:36639
	at sun.nio.ch.SocketChannelImpl.checkConnect(Native Method)
	at sun.nio.ch.SocketChannelImpl.finishConnect(SocketChannelImpl.java:717)
	at org.apache.ratis.thirdparty.io.netty.channel.socket.nio.NioSocketChannel.doFinishConnect(NioSocketChannel.java:327)
	at org.apache.ratis.thirdparty.io.netty.channel.nio.AbstractNioChannel$AbstractNioUnsafe.finishConnect(AbstractNioChannel.java:340)
	at org.apache.ratis.thirdparty.io.netty.channel.nio.NioEventLoop.processSelectedKey(NioEventLoop.java:632)
	at org.apache.ratis.thirdparty.io.netty.channel.nio.NioEventLoop.processSelectedKeysOptimized(NioEventLoop.java:579)
	at org.apache.ratis.thirdparty.io.netty.channel.nio.NioEventLoop.processSelectedKeys(NioEventLoop.java:496)
	at org.apache.ratis.thirdparty.io.netty.channel.nio.NioEventLoop.run(NioEventLoop.java:458)
	at org.apache.ratis.thirdparty.io.netty.util.concurrent.SingleThreadEventExecutor$5.run(SingleThreadEventExecutor.java:897)
	at org.apache.ratis.thirdparty.io.netty.util.concurrent.FastThreadLocalRunnable.run(FastThreadLocalRunnable.java:30)
	... 1 more
Caused by: java.net.ConnectException: Connection refused
	... 11 more
2019-10-19 01:04:58,350 [grpc-default-executor-7] INFO  impl.RaftServerImpl (RaftServerImpl.java:setRole(184)) - 64c90977-e867-487c-b50d-c226f2d34a76@group-D48B69A44692: changes role from  FOLLOWER to FOLLOWER at term 250 for recognizeCandidate:a1c78c0e-869c-4f76-b4ce-2034448e0b80
2019-10-19 01:04:58,350 [grpc-default-executor-7] INFO  impl.RoleInfo (RoleInfo.java:shutdownFollowerState(121)) - 64c90977-e867-487c-b50d-c226f2d34a76: shutdown FollowerState
2019-10-19 01:04:58,350 [grpc-default-executor-7] INFO  impl.RoleInfo (RoleInfo.java:updateAndGet(143)) - 64c90977-e867-487c-b50d-c226f2d34a76: start FollowerState
2019-10-19 01:04:58,351 [Thread-2739] INFO  impl.FollowerState (FollowerState.java:run(117)) - 64c90977-e867-487c-b50d-c226f2d34a76@group-D48B69A44692-FollowerState was interrupted: java.lang.InterruptedException: sleep interrupted
2019-10-19 01:04:58,354 [java.util.concurrent.ThreadPoolExecutor$Worker@3d9b74b8[State = -1, empty queue]] WARN  server.GrpcLogAppender (GrpcLogAppender.java:timeoutAppendRequest(209)) - b26a8d60-58dc-431d-8168-f89a9ab35f3a@group-FB3B7D7D89E3->16805c57-9f45-4377-8998-764a8f26e152-GrpcLogAppender: appendEntries Timeout, request=b26a8d60-58dc-431d-8168-f89a9ab35f3a->16805c57-9f45-4377-8998-764a8f26e152#23-t129, previous=(t:129, i:2), leaderCommit=2, initializing? false, entries: <empty>
2019-10-19 01:04:58,364 [a1c78c0e-869c-4f76-b4ce-2034448e0b80@group-D48B69A44692-LeaderElection357] INFO  impl.LeaderElection (LeaderElection.java:logAndReturn(56)) - a1c78c0e-869c-4f76-b4ce-2034448e0b80@group-D48B69A44692-LeaderElection357: Election REJECTED; received 1 response(s) [a1c78c0e-869c-4f76-b4ce-2034448e0b80<-64c90977-e867-487c-b50d-c226f2d34a76#0:FAIL-t250] and 1 exception(s); a1c78c0e-869c-4f76-b4ce-2034448e0b80@group-D48B69A44692:t250, leader=null, voted=a1c78c0e-869c-4f76-b4ce-2034448e0b80, raftlog=a1c78c0e-869c-4f76-b4ce-2034448e0b80@group-D48B69A44692-SegmentedRaftLog:OPENED:c-1,f-1,i0, conf=-1: [51276c3c-a3b8-4274-b089-592ff4589f41:192.168.157.213:36639, 64c90977-e867-487c-b50d-c226f2d34a76:192.168.157.213:37433, a1c78c0e-869c-4f76-b4ce-2034448e0b80:192.168.157.213:33501], old=null
2019-10-19 01:04:58,365 [a1c78c0e-869c-4f76-b4ce-2034448e0b80@group-D48B69A44692-LeaderElection357] INFO  impl.LeaderElection (LogUtils.java:infoOrTrace(149)) -   Exception 0: {}
java.util.concurrent.ExecutionException: org.apache.ratis.thirdparty.io.grpc.StatusRuntimeException: UNAVAILABLE: io exception
	at java.util.concurrent.FutureTask.report(FutureTask.java:122)
	at java.util.concurrent.FutureTask.get(FutureTask.java:192)
	at org.apache.ratis.server.impl.LeaderElection.waitForResults(LeaderElection.java:259)
	at org.apache.ratis.server.impl.LeaderElection.askForVotes(LeaderElection.java:197)
	at org.apache.ratis.server.impl.LeaderElection.run(LeaderElection.java:133)
	at java.lang.Thread.run(Thread.java:748)
Caused by: org.apache.ratis.thirdparty.io.grpc.StatusRuntimeException: UNAVAILABLE: io exception
	at org.apache.ratis.thirdparty.io.grpc.stub.ClientCalls.toStatusRuntimeException(ClientCalls.java:233)
	at org.apache.ratis.thirdparty.io.grpc.stub.ClientCalls.getUnchecked(ClientCalls.java:214)
	at org.apache.ratis.thirdparty.io.grpc.stub.ClientCalls.blockingUnaryCall(ClientCalls.java:139)
	at org.apache.ratis.proto.grpc.RaftServerProtocolServiceGrpc$RaftServerProtocolServiceBlockingStub.requestVote(RaftServerProtocolServiceGrpc.java:265)
	at org.apache.ratis.grpc.server.GrpcServerProtocolClient.requestVote(GrpcServerProtocolClient.java:99)
	at org.apache.ratis.grpc.server.GrpcService.requestVote(GrpcService.java:204)
	at org.apache.ratis.server.impl.LeaderElection.lambda$submitRequests$1(LeaderElection.java:234)
	at java.util.concurrent.FutureTask.run(FutureTask.java:266)
	at java.util.concurrent.Executors$RunnableAdapter.call(Executors.java:511)
	at java.util.concurrent.FutureTask.run(FutureTask.java:266)
	at java.util.concurrent.ThreadPoolExecutor.runWorker(ThreadPoolExecutor.java:1149)
	at java.util.concurrent.ThreadPoolExecutor$Worker.run(ThreadPoolExecutor.java:624)
	... 1 more
Caused by: org.apache.ratis.thirdparty.io.netty.channel.AbstractChannel$AnnotatedConnectException: Connection refused: /192.168.157.213:36639
	at sun.nio.ch.SocketChannelImpl.checkConnect(Native Method)
	at sun.nio.ch.SocketChannelImpl.finishConnect(SocketChannelImpl.java:717)
	at org.apache.ratis.thirdparty.io.netty.channel.socket.nio.NioSocketChannel.doFinishConnect(NioSocketChannel.java:327)
	at org.apache.ratis.thirdparty.io.netty.channel.nio.AbstractNioChannel$AbstractNioUnsafe.finishConnect(AbstractNioChannel.java:340)
	at org.apache.ratis.thirdparty.io.netty.channel.nio.NioEventLoop.processSelectedKey(NioEventLoop.java:632)
	at org.apache.ratis.thirdparty.io.netty.channel.nio.NioEventLoop.processSelectedKeysOptimized(NioEventLoop.java:579)
	at org.apache.ratis.thirdparty.io.netty.channel.nio.NioEventLoop.processSelectedKeys(NioEventLoop.java:496)
	at org.apache.ratis.thirdparty.io.netty.channel.nio.NioEventLoop.run(NioEventLoop.java:458)
	at org.apache.ratis.thirdparty.io.netty.util.concurrent.SingleThreadEventExecutor$5.run(SingleThreadEventExecutor.java:897)
	at org.apache.ratis.thirdparty.io.netty.util.concurrent.FastThreadLocalRunnable.run(FastThreadLocalRunnable.java:30)
	... 1 more
Caused by: java.net.ConnectException: Connection refused
	... 11 more
2019-10-19 01:04:58,365 [a1c78c0e-869c-4f76-b4ce-2034448e0b80@group-D48B69A44692-LeaderElection357] INFO  impl.RaftServerImpl (RaftServerImpl.java:setRole(184)) - a1c78c0e-869c-4f76-b4ce-2034448e0b80@group-D48B69A44692: changes role from CANDIDATE to FOLLOWER at term 250 for DISCOVERED_A_NEW_TERM
2019-10-19 01:04:58,365 [a1c78c0e-869c-4f76-b4ce-2034448e0b80@group-D48B69A44692-LeaderElection357] INFO  impl.RoleInfo (RoleInfo.java:shutdownLeaderElection(134)) - a1c78c0e-869c-4f76-b4ce-2034448e0b80: shutdown LeaderElection
2019-10-19 01:04:58,365 [a1c78c0e-869c-4f76-b4ce-2034448e0b80@group-D48B69A44692-LeaderElection357] INFO  impl.RoleInfo (RoleInfo.java:updateAndGet(143)) - a1c78c0e-869c-4f76-b4ce-2034448e0b80: start FollowerState
2019-10-19 01:04:58,508 [Thread-2745] INFO  impl.FollowerState (FollowerState.java:run(108)) - a1c78c0e-869c-4f76-b4ce-2034448e0b80@group-D48B69A44692-FollowerState: change to CANDIDATE, lastRpcTime:142ms, electionTimeout:142ms
2019-10-19 01:04:58,508 [Thread-2745] INFO  impl.RoleInfo (RoleInfo.java:shutdownFollowerState(121)) - a1c78c0e-869c-4f76-b4ce-2034448e0b80: shutdown FollowerState
2019-10-19 01:04:58,508 [Thread-2745] INFO  impl.RaftServerImpl (RaftServerImpl.java:setRole(184)) - a1c78c0e-869c-4f76-b4ce-2034448e0b80@group-D48B69A44692: changes role from  FOLLOWER to CANDIDATE at term 250 for changeToCandidate
2019-10-19 01:04:58,508 [Thread-2745] INFO  impl.RoleInfo (RoleInfo.java:updateAndGet(143)) - a1c78c0e-869c-4f76-b4ce-2034448e0b80: start LeaderElection
2019-10-19 01:04:58,522 [a1c78c0e-869c-4f76-b4ce-2034448e0b80@group-D48B69A44692-LeaderElection358] INFO  impl.LeaderElection (LeaderElection.java:askForVotes(178)) - a1c78c0e-869c-4f76-b4ce-2034448e0b80@group-D48B69A44692-LeaderElection358: begin an election at term 251 for -1: [51276c3c-a3b8-4274-b089-592ff4589f41:192.168.157.213:36639, 64c90977-e867-487c-b50d-c226f2d34a76:192.168.157.213:37433, a1c78c0e-869c-4f76-b4ce-2034448e0b80:192.168.157.213:33501], old=null
2019-10-19 01:04:58,523 [a1c78c0e-869c-4f76-b4ce-2034448e0b80@group-D48B69A44692-LeaderElection358] INFO  impl.LeaderElection (LogUtils.java:infoOrTrace(149)) - a1c78c0e-869c-4f76-b4ce-2034448e0b80@group-D48B69A44692-LeaderElection358 got exception when requesting votes: {}
java.util.concurrent.ExecutionException: org.apache.ratis.thirdparty.io.grpc.StatusRuntimeException: UNAVAILABLE: io exception
	at java.util.concurrent.FutureTask.report(FutureTask.java:122)
	at java.util.concurrent.FutureTask.get(FutureTask.java:192)
	at org.apache.ratis.server.impl.LeaderElection.waitForResults(LeaderElection.java:259)
	at org.apache.ratis.server.impl.LeaderElection.askForVotes(LeaderElection.java:197)
	at org.apache.ratis.server.impl.LeaderElection.run(LeaderElection.java:133)
	at java.lang.Thread.run(Thread.java:748)
Caused by: org.apache.ratis.thirdparty.io.grpc.StatusRuntimeException: UNAVAILABLE: io exception
	at org.apache.ratis.thirdparty.io.grpc.stub.ClientCalls.toStatusRuntimeException(ClientCalls.java:233)
	at org.apache.ratis.thirdparty.io.grpc.stub.ClientCalls.getUnchecked(ClientCalls.java:214)
	at org.apache.ratis.thirdparty.io.grpc.stub.ClientCalls.blockingUnaryCall(ClientCalls.java:139)
	at org.apache.ratis.proto.grpc.RaftServerProtocolServiceGrpc$RaftServerProtocolServiceBlockingStub.requestVote(RaftServerProtocolServiceGrpc.java:265)
	at org.apache.ratis.grpc.server.GrpcServerProtocolClient.requestVote(GrpcServerProtocolClient.java:99)
	at org.apache.ratis.grpc.server.GrpcService.requestVote(GrpcService.java:204)
	at org.apache.ratis.server.impl.LeaderElection.lambda$submitRequests$1(LeaderElection.java:234)
	at java.util.concurrent.FutureTask.run(FutureTask.java:266)
	at java.util.concurrent.Executors$RunnableAdapter.call(Executors.java:511)
	at java.util.concurrent.FutureTask.run(FutureTask.java:266)
	at java.util.concurrent.ThreadPoolExecutor.runWorker(ThreadPoolExecutor.java:1149)
	at java.util.concurrent.ThreadPoolExecutor$Worker.run(ThreadPoolExecutor.java:624)
	... 1 more
Caused by: org.apache.ratis.thirdparty.io.netty.channel.AbstractChannel$AnnotatedConnectException: Connection refused: /192.168.157.213:36639
	at sun.nio.ch.SocketChannelImpl.checkConnect(Native Method)
	at sun.nio.ch.SocketChannelImpl.finishConnect(SocketChannelImpl.java:717)
	at org.apache.ratis.thirdparty.io.netty.channel.socket.nio.NioSocketChannel.doFinishConnect(NioSocketChannel.java:327)
	at org.apache.ratis.thirdparty.io.netty.channel.nio.AbstractNioChannel$AbstractNioUnsafe.finishConnect(AbstractNioChannel.java:340)
	at org.apache.ratis.thirdparty.io.netty.channel.nio.NioEventLoop.processSelectedKey(NioEventLoop.java:632)
	at org.apache.ratis.thirdparty.io.netty.channel.nio.NioEventLoop.processSelectedKeysOptimized(NioEventLoop.java:579)
	at org.apache.ratis.thirdparty.io.netty.channel.nio.NioEventLoop.processSelectedKeys(NioEventLoop.java:496)
	at org.apache.ratis.thirdparty.io.netty.channel.nio.NioEventLoop.run(NioEventLoop.java:458)
	at org.apache.ratis.thirdparty.io.netty.util.concurrent.SingleThreadEventExecutor$5.run(SingleThreadEventExecutor.java:897)
	at org.apache.ratis.thirdparty.io.netty.util.concurrent.FastThreadLocalRunnable.run(FastThreadLocalRunnable.java:30)
	... 1 more
Caused by: java.net.ConnectException: Connection refused
	... 11 more
2019-10-19 01:04:58,525 [grpc-default-executor-7] INFO  impl.RaftServerImpl (RaftServerImpl.java:setRole(184)) - 64c90977-e867-487c-b50d-c226f2d34a76@group-D48B69A44692: changes role from  FOLLOWER to FOLLOWER at term 251 for recognizeCandidate:a1c78c0e-869c-4f76-b4ce-2034448e0b80
2019-10-19 01:04:58,525 [grpc-default-executor-7] INFO  impl.RoleInfo (RoleInfo.java:shutdownFollowerState(121)) - 64c90977-e867-487c-b50d-c226f2d34a76: shutdown FollowerState
2019-10-19 01:04:58,525 [grpc-default-executor-7] INFO  impl.RoleInfo (RoleInfo.java:updateAndGet(143)) - 64c90977-e867-487c-b50d-c226f2d34a76: start FollowerState
2019-10-19 01:04:58,525 [Thread-2744] INFO  impl.FollowerState (FollowerState.java:run(117)) - 64c90977-e867-487c-b50d-c226f2d34a76@group-D48B69A44692-FollowerState was interrupted: java.lang.InterruptedException: sleep interrupted
2019-10-19 01:04:58,550 [a1c78c0e-869c-4f76-b4ce-2034448e0b80@group-D48B69A44692-LeaderElection358] INFO  impl.LeaderElection (LeaderElection.java:logAndReturn(56)) - a1c78c0e-869c-4f76-b4ce-2034448e0b80@group-D48B69A44692-LeaderElection358: Election REJECTED; received 1 response(s) [a1c78c0e-869c-4f76-b4ce-2034448e0b80<-64c90977-e867-487c-b50d-c226f2d34a76#0:FAIL-t251] and 1 exception(s); a1c78c0e-869c-4f76-b4ce-2034448e0b80@group-D48B69A44692:t251, leader=null, voted=a1c78c0e-869c-4f76-b4ce-2034448e0b80, raftlog=a1c78c0e-869c-4f76-b4ce-2034448e0b80@group-D48B69A44692-SegmentedRaftLog:OPENED:c-1,f-1,i0, conf=-1: [51276c3c-a3b8-4274-b089-592ff4589f41:192.168.157.213:36639, 64c90977-e867-487c-b50d-c226f2d34a76:192.168.157.213:37433, a1c78c0e-869c-4f76-b4ce-2034448e0b80:192.168.157.213:33501], old=null
2019-10-19 01:04:58,550 [a1c78c0e-869c-4f76-b4ce-2034448e0b80@group-D48B69A44692-LeaderElection358] INFO  impl.LeaderElection (LogUtils.java:infoOrTrace(149)) -   Exception 0: {}
java.util.concurrent.ExecutionException: org.apache.ratis.thirdparty.io.grpc.StatusRuntimeException: UNAVAILABLE: io exception
	at java.util.concurrent.FutureTask.report(FutureTask.java:122)
	at java.util.concurrent.FutureTask.get(FutureTask.java:192)
	at org.apache.ratis.server.impl.LeaderElection.waitForResults(LeaderElection.java:259)
	at org.apache.ratis.server.impl.LeaderElection.askForVotes(LeaderElection.java:197)
	at org.apache.ratis.server.impl.LeaderElection.run(LeaderElection.java:133)
	at java.lang.Thread.run(Thread.java:748)
Caused by: org.apache.ratis.thirdparty.io.grpc.StatusRuntimeException: UNAVAILABLE: io exception
	at org.apache.ratis.thirdparty.io.grpc.stub.ClientCalls.toStatusRuntimeException(ClientCalls.java:233)
	at org.apache.ratis.thirdparty.io.grpc.stub.ClientCalls.getUnchecked(ClientCalls.java:214)
	at org.apache.ratis.thirdparty.io.grpc.stub.ClientCalls.blockingUnaryCall(ClientCalls.java:139)
	at org.apache.ratis.proto.grpc.RaftServerProtocolServiceGrpc$RaftServerProtocolServiceBlockingStub.requestVote(RaftServerProtocolServiceGrpc.java:265)
	at org.apache.ratis.grpc.server.GrpcServerProtocolClient.requestVote(GrpcServerProtocolClient.java:99)
	at org.apache.ratis.grpc.server.GrpcService.requestVote(GrpcService.java:204)
	at org.apache.ratis.server.impl.LeaderElection.lambda$submitRequests$1(LeaderElection.java:234)
	at java.util.concurrent.FutureTask.run(FutureTask.java:266)
	at java.util.concurrent.Executors$RunnableAdapter.call(Executors.java:511)
	at java.util.concurrent.FutureTask.run(FutureTask.java:266)
	at java.util.concurrent.ThreadPoolExecutor.runWorker(ThreadPoolExecutor.java:1149)
	at java.util.concurrent.ThreadPoolExecutor$Worker.run(ThreadPoolExecutor.java:624)
	... 1 more
Caused by: org.apache.ratis.thirdparty.io.netty.channel.AbstractChannel$AnnotatedConnectException: Connection refused: /192.168.157.213:36639
	at sun.nio.ch.SocketChannelImpl.checkConnect(Native Method)
	at sun.nio.ch.SocketChannelImpl.finishConnect(SocketChannelImpl.java:717)
	at org.apache.ratis.thirdparty.io.netty.channel.socket.nio.NioSocketChannel.doFinishConnect(NioSocketChannel.java:327)
	at org.apache.ratis.thirdparty.io.netty.channel.nio.AbstractNioChannel$AbstractNioUnsafe.finishConnect(AbstractNioChannel.java:340)
	at org.apache.ratis.thirdparty.io.netty.channel.nio.NioEventLoop.processSelectedKey(NioEventLoop.java:632)
	at org.apache.ratis.thirdparty.io.netty.channel.nio.NioEventLoop.processSelectedKeysOptimized(NioEventLoop.java:579)
	at org.apache.ratis.thirdparty.io.netty.channel.nio.NioEventLoop.processSelectedKeys(NioEventLoop.java:496)
	at org.apache.ratis.thirdparty.io.netty.channel.nio.NioEventLoop.run(NioEventLoop.java:458)
	at org.apache.ratis.thirdparty.io.netty.util.concurrent.SingleThreadEventExecutor$5.run(SingleThreadEventExecutor.java:897)
	at org.apache.ratis.thirdparty.io.netty.util.concurrent.FastThreadLocalRunnable.run(FastThreadLocalRunnable.java:30)
	... 1 more
Caused by: java.net.ConnectException: Connection refused
	... 11 more
2019-10-19 01:04:58,551 [a1c78c0e-869c-4f76-b4ce-2034448e0b80@group-D48B69A44692-LeaderElection358] INFO  impl.RaftServerImpl (RaftServerImpl.java:setRole(184)) - a1c78c0e-869c-4f76-b4ce-2034448e0b80@group-D48B69A44692: changes role from CANDIDATE to FOLLOWER at term 251 for DISCOVERED_A_NEW_TERM
2019-10-19 01:04:58,552 [a1c78c0e-869c-4f76-b4ce-2034448e0b80@group-D48B69A44692-LeaderElection358] INFO  impl.RoleInfo (RoleInfo.java:shutdownLeaderElection(134)) - a1c78c0e-869c-4f76-b4ce-2034448e0b80: shutdown LeaderElection
2019-10-19 01:04:58,552 [a1c78c0e-869c-4f76-b4ce-2034448e0b80@group-D48B69A44692-LeaderElection358] INFO  impl.RoleInfo (RoleInfo.java:updateAndGet(143)) - a1c78c0e-869c-4f76-b4ce-2034448e0b80: start FollowerState
2019-10-19 01:04:58,556 [Thread-2750] INFO  impl.FollowerState (FollowerState.java:run(108)) - a1c78c0e-869c-4f76-b4ce-2034448e0b80@group-D48B69A44692-FollowerState: change to CANDIDATE, lastRpcTime:4ms, electionTimeout:4ms
2019-10-19 01:04:58,556 [Thread-2750] INFO  impl.RoleInfo (RoleInfo.java:shutdownFollowerState(121)) - a1c78c0e-869c-4f76-b4ce-2034448e0b80: shutdown FollowerState
2019-10-19 01:04:58,556 [Thread-2750] INFO  impl.RaftServerImpl (RaftServerImpl.java:setRole(184)) - a1c78c0e-869c-4f76-b4ce-2034448e0b80@group-D48B69A44692: changes role from  FOLLOWER to CANDIDATE at term 251 for changeToCandidate
2019-10-19 01:04:58,557 [Thread-2750] INFO  impl.RoleInfo (RoleInfo.java:updateAndGet(143)) - a1c78c0e-869c-4f76-b4ce-2034448e0b80: start LeaderElection
2019-10-19 01:04:58,573 [Thread-2701] INFO  impl.FollowerState (FollowerState.java:run(108)) - 390d33c4-98c8-495f-9f34-63cdf16532b5@group-EFF8D6679E36-FollowerState: change to CANDIDATE, lastRpcTime:1099ms, electionTimeout:1099ms
2019-10-19 01:04:58,573 [Thread-2701] INFO  impl.RoleInfo (RoleInfo.java:shutdownFollowerState(121)) - 390d33c4-98c8-495f-9f34-63cdf16532b5: shutdown FollowerState
2019-10-19 01:04:58,573 [Thread-2701] INFO  impl.RaftServerImpl (RaftServerImpl.java:setRole(184)) - 390d33c4-98c8-495f-9f34-63cdf16532b5@group-EFF8D6679E36: changes role from  FOLLOWER to CANDIDATE at term 5 for changeToCandidate
2019-10-19 01:04:58,573 [Thread-2701] INFO  impl.RoleInfo (RoleInfo.java:updateAndGet(143)) - 390d33c4-98c8-495f-9f34-63cdf16532b5: start LeaderElection
2019-10-19 01:04:58,588 [a1c78c0e-869c-4f76-b4ce-2034448e0b80@group-D48B69A44692-LeaderElection359] INFO  impl.LeaderElection (LeaderElection.java:askForVotes(178)) - a1c78c0e-869c-4f76-b4ce-2034448e0b80@group-D48B69A44692-LeaderElection359: begin an election at term 252 for -1: [51276c3c-a3b8-4274-b089-592ff4589f41:192.168.157.213:36639, 64c90977-e867-487c-b50d-c226f2d34a76:192.168.157.213:37433, a1c78c0e-869c-4f76-b4ce-2034448e0b80:192.168.157.213:33501], old=null
2019-10-19 01:04:58,588 [390d33c4-98c8-495f-9f34-63cdf16532b5@group-EFF8D6679E36-LeaderElection360] INFO  impl.LeaderElection (LeaderElection.java:askForVotes(178)) - 390d33c4-98c8-495f-9f34-63cdf16532b5@group-EFF8D6679E36-LeaderElection360: begin an election at term 6 for 0: [7f3fb33d-9d98-4be4-bfb4-e5618e23eafb:192.168.157.213:46612, 390d33c4-98c8-495f-9f34-63cdf16532b5:192.168.157.213:40184, bd96e850-7fd3-40f8-8499-55f7f41be4fe:192.168.157.213:46800], old=null
2019-10-19 01:04:58,590 [390d33c4-98c8-495f-9f34-63cdf16532b5@group-EFF8D6679E36-LeaderElection360] INFO  impl.LeaderElection (LogUtils.java:infoOrTrace(149)) - 390d33c4-98c8-495f-9f34-63cdf16532b5@group-EFF8D6679E36-LeaderElection360 got exception when requesting votes: {}
java.util.concurrent.ExecutionException: org.apache.ratis.thirdparty.io.grpc.StatusRuntimeException: UNAVAILABLE: io exception
	at java.util.concurrent.FutureTask.report(FutureTask.java:122)
	at java.util.concurrent.FutureTask.get(FutureTask.java:192)
	at org.apache.ratis.server.impl.LeaderElection.waitForResults(LeaderElection.java:259)
	at org.apache.ratis.server.impl.LeaderElection.askForVotes(LeaderElection.java:197)
	at org.apache.ratis.server.impl.LeaderElection.run(LeaderElection.java:133)
	at java.lang.Thread.run(Thread.java:748)
Caused by: org.apache.ratis.thirdparty.io.grpc.StatusRuntimeException: UNAVAILABLE: io exception
	at org.apache.ratis.thirdparty.io.grpc.stub.ClientCalls.toStatusRuntimeException(ClientCalls.java:233)
	at org.apache.ratis.thirdparty.io.grpc.stub.ClientCalls.getUnchecked(ClientCalls.java:214)
	at org.apache.ratis.thirdparty.io.grpc.stub.ClientCalls.blockingUnaryCall(ClientCalls.java:139)
	at org.apache.ratis.proto.grpc.RaftServerProtocolServiceGrpc$RaftServerProtocolServiceBlockingStub.requestVote(RaftServerProtocolServiceGrpc.java:265)
	at org.apache.ratis.grpc.server.GrpcServerProtocolClient.requestVote(GrpcServerProtocolClient.java:99)
	at org.apache.ratis.grpc.server.GrpcService.requestVote(GrpcService.java:204)
	at org.apache.ratis.server.impl.LeaderElection.lambda$submitRequests$1(LeaderElection.java:234)
	at java.util.concurrent.FutureTask.run(FutureTask.java:266)
	at java.util.concurrent.Executors$RunnableAdapter.call(Executors.java:511)
	at java.util.concurrent.FutureTask.run(FutureTask.java:266)
	at java.util.concurrent.ThreadPoolExecutor.runWorker(ThreadPoolExecutor.java:1149)
	at java.util.concurrent.ThreadPoolExecutor$Worker.run(ThreadPoolExecutor.java:624)
	... 1 more
Caused by: org.apache.ratis.thirdparty.io.netty.channel.AbstractChannel$AnnotatedConnectException: Connection refused: /192.168.157.213:46612
	at sun.nio.ch.SocketChannelImpl.checkConnect(Native Method)
	at sun.nio.ch.SocketChannelImpl.finishConnect(SocketChannelImpl.java:717)
	at org.apache.ratis.thirdparty.io.netty.channel.socket.nio.NioSocketChannel.doFinishConnect(NioSocketChannel.java:327)
	at org.apache.ratis.thirdparty.io.netty.channel.nio.AbstractNioChannel$AbstractNioUnsafe.finishConnect(AbstractNioChannel.java:340)
	at org.apache.ratis.thirdparty.io.netty.channel.nio.NioEventLoop.processSelectedKey(NioEventLoop.java:632)
	at org.apache.ratis.thirdparty.io.netty.channel.nio.NioEventLoop.processSelectedKeysOptimized(NioEventLoop.java:579)
	at org.apache.ratis.thirdparty.io.netty.channel.nio.NioEventLoop.processSelectedKeys(NioEventLoop.java:496)
	at org.apache.ratis.thirdparty.io.netty.channel.nio.NioEventLoop.run(NioEventLoop.java:458)
	at org.apache.ratis.thirdparty.io.netty.util.concurrent.SingleThreadEventExecutor$5.run(SingleThreadEventExecutor.java:897)
	at org.apache.ratis.thirdparty.io.netty.util.concurrent.FastThreadLocalRunnable.run(FastThreadLocalRunnable.java:30)
	... 1 more
Caused by: java.net.ConnectException: Connection refused
	... 11 more
2019-10-19 01:04:58,590 [a1c78c0e-869c-4f76-b4ce-2034448e0b80@group-D48B69A44692-LeaderElection359] INFO  impl.LeaderElection (LogUtils.java:infoOrTrace(149)) - a1c78c0e-869c-4f76-b4ce-2034448e0b80@group-D48B69A44692-LeaderElection359 got exception when requesting votes: {}
java.util.concurrent.ExecutionException: org.apache.ratis.thirdparty.io.grpc.StatusRuntimeException: UNAVAILABLE: io exception
	at java.util.concurrent.FutureTask.report(FutureTask.java:122)
	at java.util.concurrent.FutureTask.get(FutureTask.java:192)
	at org.apache.ratis.server.impl.LeaderElection.waitForResults(LeaderElection.java:259)
	at org.apache.ratis.server.impl.LeaderElection.askForVotes(LeaderElection.java:197)
	at org.apache.ratis.server.impl.LeaderElection.run(LeaderElection.java:133)
	at java.lang.Thread.run(Thread.java:748)
Caused by: org.apache.ratis.thirdparty.io.grpc.StatusRuntimeException: UNAVAILABLE: io exception
	at org.apache.ratis.thirdparty.io.grpc.stub.ClientCalls.toStatusRuntimeException(ClientCalls.java:233)
	at org.apache.ratis.thirdparty.io.grpc.stub.ClientCalls.getUnchecked(ClientCalls.java:214)
	at org.apache.ratis.thirdparty.io.grpc.stub.ClientCalls.blockingUnaryCall(ClientCalls.java:139)
	at org.apache.ratis.proto.grpc.RaftServerProtocolServiceGrpc$RaftServerProtocolServiceBlockingStub.requestVote(RaftServerProtocolServiceGrpc.java:265)
	at org.apache.ratis.grpc.server.GrpcServerProtocolClient.requestVote(GrpcServerProtocolClient.java:99)
	at org.apache.ratis.grpc.server.GrpcService.requestVote(GrpcService.java:204)
	at org.apache.ratis.server.impl.LeaderElection.lambda$submitRequests$1(LeaderElection.java:234)
	at java.util.concurrent.FutureTask.run(FutureTask.java:266)
	at java.util.concurrent.Executors$RunnableAdapter.call(Executors.java:511)
	at java.util.concurrent.FutureTask.run(FutureTask.java:266)
	at java.util.concurrent.ThreadPoolExecutor.runWorker(ThreadPoolExecutor.java:1149)
	at java.util.concurrent.ThreadPoolExecutor$Worker.run(ThreadPoolExecutor.java:624)
	... 1 more
Caused by: org.apache.ratis.thirdparty.io.netty.channel.AbstractChannel$AnnotatedConnectException: Connection refused: /192.168.157.213:36639
	at sun.nio.ch.SocketChannelImpl.checkConnect(Native Method)
	at sun.nio.ch.SocketChannelImpl.finishConnect(SocketChannelImpl.java:717)
	at org.apache.ratis.thirdparty.io.netty.channel.socket.nio.NioSocketChannel.doFinishConnect(NioSocketChannel.java:327)
	at org.apache.ratis.thirdparty.io.netty.channel.nio.AbstractNioChannel$AbstractNioUnsafe.finishConnect(AbstractNioChannel.java:340)
	at org.apache.ratis.thirdparty.io.netty.channel.nio.NioEventLoop.processSelectedKey(NioEventLoop.java:632)
	at org.apache.ratis.thirdparty.io.netty.channel.nio.NioEventLoop.processSelectedKeysOptimized(NioEventLoop.java:579)
	at org.apache.ratis.thirdparty.io.netty.channel.nio.NioEventLoop.processSelectedKeys(NioEventLoop.java:496)
	at org.apache.ratis.thirdparty.io.netty.channel.nio.NioEventLoop.run(NioEventLoop.java:458)
	at org.apache.ratis.thirdparty.io.netty.util.concurrent.SingleThreadEventExecutor$5.run(SingleThreadEventExecutor.java:897)
	at org.apache.ratis.thirdparty.io.netty.util.concurrent.FastThreadLocalRunnable.run(FastThreadLocalRunnable.java:30)
	... 1 more
Caused by: java.net.ConnectException: Connection refused
	... 11 more
2019-10-19 01:04:58,590 [390d33c4-98c8-495f-9f34-63cdf16532b5@group-EFF8D6679E36-LeaderElection360] INFO  impl.LeaderElection (LogUtils.java:infoOrTrace(149)) - 390d33c4-98c8-495f-9f34-63cdf16532b5@group-EFF8D6679E36-LeaderElection360 got exception when requesting votes: {}
java.util.concurrent.ExecutionException: org.apache.ratis.thirdparty.io.grpc.StatusRuntimeException: UNAVAILABLE: io exception
	at java.util.concurrent.FutureTask.report(FutureTask.java:122)
	at java.util.concurrent.FutureTask.get(FutureTask.java:192)
	at org.apache.ratis.server.impl.LeaderElection.waitForResults(LeaderElection.java:259)
	at org.apache.ratis.server.impl.LeaderElection.askForVotes(LeaderElection.java:197)
	at org.apache.ratis.server.impl.LeaderElection.run(LeaderElection.java:133)
	at java.lang.Thread.run(Thread.java:748)
Caused by: org.apache.ratis.thirdparty.io.grpc.StatusRuntimeException: UNAVAILABLE: io exception
	at org.apache.ratis.thirdparty.io.grpc.stub.ClientCalls.toStatusRuntimeException(ClientCalls.java:233)
	at org.apache.ratis.thirdparty.io.grpc.stub.ClientCalls.getUnchecked(ClientCalls.java:214)
	at org.apache.ratis.thirdparty.io.grpc.stub.ClientCalls.blockingUnaryCall(ClientCalls.java:139)
	at org.apache.ratis.proto.grpc.RaftServerProtocolServiceGrpc$RaftServerProtocolServiceBlockingStub.requestVote(RaftServerProtocolServiceGrpc.java:265)
	at org.apache.ratis.grpc.server.GrpcServerProtocolClient.requestVote(GrpcServerProtocolClient.java:99)
	at org.apache.ratis.grpc.server.GrpcService.requestVote(GrpcService.java:204)
	at org.apache.ratis.server.impl.LeaderElection.lambda$submitRequests$1(LeaderElection.java:234)
	at java.util.concurrent.FutureTask.run(FutureTask.java:266)
	at java.util.concurrent.Executors$RunnableAdapter.call(Executors.java:511)
	at java.util.concurrent.FutureTask.run(FutureTask.java:266)
	at java.util.concurrent.ThreadPoolExecutor.runWorker(ThreadPoolExecutor.java:1149)
	at java.util.concurrent.ThreadPoolExecutor$Worker.run(ThreadPoolExecutor.java:624)
	... 1 more
Caused by: org.apache.ratis.thirdparty.io.netty.channel.AbstractChannel$AnnotatedConnectException: Connection refused: /192.168.157.213:46800
	at sun.nio.ch.SocketChannelImpl.checkConnect(Native Method)
	at sun.nio.ch.SocketChannelImpl.finishConnect(SocketChannelImpl.java:717)
	at org.apache.ratis.thirdparty.io.netty.channel.socket.nio.NioSocketChannel.doFinishConnect(NioSocketChannel.java:327)
	at org.apache.ratis.thirdparty.io.netty.channel.nio.AbstractNioChannel$AbstractNioUnsafe.finishConnect(AbstractNioChannel.java:340)
	at org.apache.ratis.thirdparty.io.netty.channel.nio.NioEventLoop.processSelectedKey(NioEventLoop.java:632)
	at org.apache.ratis.thirdparty.io.netty.channel.nio.NioEventLoop.processSelectedKeysOptimized(NioEventLoop.java:579)
	at org.apache.ratis.thirdparty.io.netty.channel.nio.NioEventLoop.processSelectedKeys(NioEventLoop.java:496)
	at org.apache.ratis.thirdparty.io.netty.channel.nio.NioEventLoop.run(NioEventLoop.java:458)
	at org.apache.ratis.thirdparty.io.netty.util.concurrent.SingleThreadEventExecutor$5.run(SingleThreadEventExecutor.java:897)
	at org.apache.ratis.thirdparty.io.netty.util.concurrent.FastThreadLocalRunnable.run(FastThreadLocalRunnable.java:30)
	... 1 more
Caused by: java.net.ConnectException: Connection refused
	... 11 more
2019-10-19 01:04:58,591 [390d33c4-98c8-495f-9f34-63cdf16532b5@group-EFF8D6679E36-LeaderElection360] INFO  impl.LeaderElection (LeaderElection.java:logAndReturn(56)) - 390d33c4-98c8-495f-9f34-63cdf16532b5@group-EFF8D6679E36-LeaderElection360: Election REJECTED; received 0 response(s) [] and 2 exception(s); 390d33c4-98c8-495f-9f34-63cdf16532b5@group-EFF8D6679E36:t6, leader=null, voted=390d33c4-98c8-495f-9f34-63cdf16532b5, raftlog=390d33c4-98c8-495f-9f34-63cdf16532b5@group-EFF8D6679E36-SegmentedRaftLog:OPENED:c20,f20,i20, conf=0: [7f3fb33d-9d98-4be4-bfb4-e5618e23eafb:192.168.157.213:46612, 390d33c4-98c8-495f-9f34-63cdf16532b5:192.168.157.213:40184, bd96e850-7fd3-40f8-8499-55f7f41be4fe:192.168.157.213:46800], old=null
2019-10-19 01:04:58,591 [390d33c4-98c8-495f-9f34-63cdf16532b5@group-EFF8D6679E36-LeaderElection360] INFO  impl.LeaderElection (LogUtils.java:infoOrTrace(149)) -   Exception 0: {}
java.util.concurrent.ExecutionException: org.apache.ratis.thirdparty.io.grpc.StatusRuntimeException: UNAVAILABLE: io exception
	at java.util.concurrent.FutureTask.report(FutureTask.java:122)
	at java.util.concurrent.FutureTask.get(FutureTask.java:192)
	at org.apache.ratis.server.impl.LeaderElection.waitForResults(LeaderElection.java:259)
	at org.apache.ratis.server.impl.LeaderElection.askForVotes(LeaderElection.java:197)
	at org.apache.ratis.server.impl.LeaderElection.run(LeaderElection.java:133)
	at java.lang.Thread.run(Thread.java:748)
Caused by: org.apache.ratis.thirdparty.io.grpc.StatusRuntimeException: UNAVAILABLE: io exception
	at org.apache.ratis.thirdparty.io.grpc.stub.ClientCalls.toStatusRuntimeException(ClientCalls.java:233)
	at org.apache.ratis.thirdparty.io.grpc.stub.ClientCalls.getUnchecked(ClientCalls.java:214)
	at org.apache.ratis.thirdparty.io.grpc.stub.ClientCalls.blockingUnaryCall(ClientCalls.java:139)
	at org.apache.ratis.proto.grpc.RaftServerProtocolServiceGrpc$RaftServerProtocolServiceBlockingStub.requestVote(RaftServerProtocolServiceGrpc.java:265)
	at org.apache.ratis.grpc.server.GrpcServerProtocolClient.requestVote(GrpcServerProtocolClient.java:99)
	at org.apache.ratis.grpc.server.GrpcService.requestVote(GrpcService.java:204)
	at org.apache.ratis.server.impl.LeaderElection.lambda$submitRequests$1(LeaderElection.java:234)
	at java.util.concurrent.FutureTask.run(FutureTask.java:266)
	at java.util.concurrent.Executors$RunnableAdapter.call(Executors.java:511)
	at java.util.concurrent.FutureTask.run(FutureTask.java:266)
	at java.util.concurrent.ThreadPoolExecutor.runWorker(ThreadPoolExecutor.java:1149)
	at java.util.concurrent.ThreadPoolExecutor$Worker.run(ThreadPoolExecutor.java:624)
	... 1 more
Caused by: org.apache.ratis.thirdparty.io.netty.channel.AbstractChannel$AnnotatedConnectException: Connection refused: /192.168.157.213:46612
	at sun.nio.ch.SocketChannelImpl.checkConnect(Native Method)
	at sun.nio.ch.SocketChannelImpl.finishConnect(SocketChannelImpl.java:717)
	at org.apache.ratis.thirdparty.io.netty.channel.socket.nio.NioSocketChannel.doFinishConnect(NioSocketChannel.java:327)
	at org.apache.ratis.thirdparty.io.netty.channel.nio.AbstractNioChannel$AbstractNioUnsafe.finishConnect(AbstractNioChannel.java:340)
	at org.apache.ratis.thirdparty.io.netty.channel.nio.NioEventLoop.processSelectedKey(NioEventLoop.java:632)
	at org.apache.ratis.thirdparty.io.netty.channel.nio.NioEventLoop.processSelectedKeysOptimized(NioEventLoop.java:579)
	at org.apache.ratis.thirdparty.io.netty.channel.nio.NioEventLoop.processSelectedKeys(NioEventLoop.java:496)
	at org.apache.ratis.thirdparty.io.netty.channel.nio.NioEventLoop.run(NioEventLoop.java:458)
	at org.apache.ratis.thirdparty.io.netty.util.concurrent.SingleThreadEventExecutor$5.run(SingleThreadEventExecutor.java:897)
	at org.apache.ratis.thirdparty.io.netty.util.concurrent.FastThreadLocalRunnable.run(FastThreadLocalRunnable.java:30)
	... 1 more
Caused by: java.net.ConnectException: Connection refused
	... 11 more
2019-10-19 01:04:58,591 [390d33c4-98c8-495f-9f34-63cdf16532b5@group-EFF8D6679E36-LeaderElection360] INFO  impl.LeaderElection (LogUtils.java:infoOrTrace(149)) -   Exception 1: {}
java.util.concurrent.ExecutionException: org.apache.ratis.thirdparty.io.grpc.StatusRuntimeException: UNAVAILABLE: io exception
	at java.util.concurrent.FutureTask.report(FutureTask.java:122)
	at java.util.concurrent.FutureTask.get(FutureTask.java:192)
	at org.apache.ratis.server.impl.LeaderElection.waitForResults(LeaderElection.java:259)
	at org.apache.ratis.server.impl.LeaderElection.askForVotes(LeaderElection.java:197)
	at org.apache.ratis.server.impl.LeaderElection.run(LeaderElection.java:133)
	at java.lang.Thread.run(Thread.java:748)
Caused by: org.apache.ratis.thirdparty.io.grpc.StatusRuntimeException: UNAVAILABLE: io exception
	at org.apache.ratis.thirdparty.io.grpc.stub.ClientCalls.toStatusRuntimeException(ClientCalls.java:233)
	at org.apache.ratis.thirdparty.io.grpc.stub.ClientCalls.getUnchecked(ClientCalls.java:214)
	at org.apache.ratis.thirdparty.io.grpc.stub.ClientCalls.blockingUnaryCall(ClientCalls.java:139)
	at org.apache.ratis.proto.grpc.RaftServerProtocolServiceGrpc$RaftServerProtocolServiceBlockingStub.requestVote(RaftServerProtocolServiceGrpc.java:265)
	at org.apache.ratis.grpc.server.GrpcServerProtocolClient.requestVote(GrpcServerProtocolClient.java:99)
	at org.apache.ratis.grpc.server.GrpcService.requestVote(GrpcService.java:204)
	at org.apache.ratis.server.impl.LeaderElection.lambda$submitRequests$1(LeaderElection.java:234)
	at java.util.concurrent.FutureTask.run(FutureTask.java:266)
	at java.util.concurrent.Executors$RunnableAdapter.call(Executors.java:511)
	at java.util.concurrent.FutureTask.run(FutureTask.java:266)
	at java.util.concurrent.ThreadPoolExecutor.runWorker(ThreadPoolExecutor.java:1149)
	at java.util.concurrent.ThreadPoolExecutor$Worker.run(ThreadPoolExecutor.java:624)
	... 1 more
Caused by: org.apache.ratis.thirdparty.io.netty.channel.AbstractChannel$AnnotatedConnectException: Connection refused: /192.168.157.213:46800
	at sun.nio.ch.SocketChannelImpl.checkConnect(Native Method)
	at sun.nio.ch.SocketChannelImpl.finishConnect(SocketChannelImpl.java:717)
	at org.apache.ratis.thirdparty.io.netty.channel.socket.nio.NioSocketChannel.doFinishConnect(NioSocketChannel.java:327)
	at org.apache.ratis.thirdparty.io.netty.channel.nio.AbstractNioChannel$AbstractNioUnsafe.finishConnect(AbstractNioChannel.java:340)
	at org.apache.ratis.thirdparty.io.netty.channel.nio.NioEventLoop.processSelectedKey(NioEventLoop.java:632)
	at org.apache.ratis.thirdparty.io.netty.channel.nio.NioEventLoop.processSelectedKeysOptimized(NioEventLoop.java:579)
	at org.apache.ratis.thirdparty.io.netty.channel.nio.NioEventLoop.processSelectedKeys(NioEventLoop.java:496)
	at org.apache.ratis.thirdparty.io.netty.channel.nio.NioEventLoop.run(NioEventLoop.java:458)
	at org.apache.ratis.thirdparty.io.netty.util.concurrent.SingleThreadEventExecutor$5.run(SingleThreadEventExecutor.java:897)
	at org.apache.ratis.thirdparty.io.netty.util.concurrent.FastThreadLocalRunnable.run(FastThreadLocalRunnable.java:30)
	... 1 more
Caused by: java.net.ConnectException: Connection refused
	... 11 more
2019-10-19 01:04:58,591 [grpc-default-executor-7] INFO  impl.RaftServerImpl (RaftServerImpl.java:setRole(184)) - 64c90977-e867-487c-b50d-c226f2d34a76@group-D48B69A44692: changes role from  FOLLOWER to FOLLOWER at term 252 for recognizeCandidate:a1c78c0e-869c-4f76-b4ce-2034448e0b80
2019-10-19 01:04:58,592 [390d33c4-98c8-495f-9f34-63cdf16532b5@group-EFF8D6679E36-LeaderElection360] INFO  impl.RaftServerImpl (RaftServerImpl.java:setRole(184)) - 390d33c4-98c8-495f-9f34-63cdf16532b5@group-EFF8D6679E36: changes role from CANDIDATE to FOLLOWER at term 6 for DISCOVERED_A_NEW_TERM
2019-10-19 01:04:58,592 [390d33c4-98c8-495f-9f34-63cdf16532b5@group-EFF8D6679E36-LeaderElection360] INFO  impl.RoleInfo (RoleInfo.java:shutdownLeaderElection(134)) - 390d33c4-98c8-495f-9f34-63cdf16532b5: shutdown LeaderElection
2019-10-19 01:04:58,592 [grpc-default-executor-7] INFO  impl.RoleInfo (RoleInfo.java:shutdownFollowerState(121)) - 64c90977-e867-487c-b50d-c226f2d34a76: shutdown FollowerState
2019-10-19 01:04:58,592 [390d33c4-98c8-495f-9f34-63cdf16532b5@group-EFF8D6679E36-LeaderElection360] INFO  impl.RoleInfo (RoleInfo.java:updateAndGet(143)) - 390d33c4-98c8-495f-9f34-63cdf16532b5: start FollowerState
2019-10-19 01:04:58,592 [grpc-default-executor-7] INFO  impl.RoleInfo (RoleInfo.java:updateAndGet(143)) - 64c90977-e867-487c-b50d-c226f2d34a76: start FollowerState
2019-10-19 01:04:58,592 [Thread-2749] INFO  impl.FollowerState (FollowerState.java:run(117)) - 64c90977-e867-487c-b50d-c226f2d34a76@group-D48B69A44692-FollowerState was interrupted: java.lang.InterruptedException: sleep interrupted
2019-10-19 01:04:58,619 [a1c78c0e-869c-4f76-b4ce-2034448e0b80@group-D48B69A44692-LeaderElection359] INFO  impl.LeaderElection (LeaderElection.java:logAndReturn(56)) - a1c78c0e-869c-4f76-b4ce-2034448e0b80@group-D48B69A44692-LeaderElection359: Election REJECTED; received 1 response(s) [a1c78c0e-869c-4f76-b4ce-2034448e0b80<-64c90977-e867-487c-b50d-c226f2d34a76#0:FAIL-t252] and 1 exception(s); a1c78c0e-869c-4f76-b4ce-2034448e0b80@group-D48B69A44692:t252, leader=null, voted=a1c78c0e-869c-4f76-b4ce-2034448e0b80, raftlog=a1c78c0e-869c-4f76-b4ce-2034448e0b80@group-D48B69A44692-SegmentedRaftLog:OPENED:c-1,f-1,i0, conf=-1: [51276c3c-a3b8-4274-b089-592ff4589f41:192.168.157.213:36639, 64c90977-e867-487c-b50d-c226f2d34a76:192.168.157.213:37433, a1c78c0e-869c-4f76-b4ce-2034448e0b80:192.168.157.213:33501], old=null
2019-10-19 01:04:58,619 [a1c78c0e-869c-4f76-b4ce-2034448e0b80@group-D48B69A44692-LeaderElection359] INFO  impl.LeaderElection (LogUtils.java:infoOrTrace(149)) -   Exception 0: {}
java.util.concurrent.ExecutionException: org.apache.ratis.thirdparty.io.grpc.StatusRuntimeException: UNAVAILABLE: io exception
	at java.util.concurrent.FutureTask.report(FutureTask.java:122)
	at java.util.concurrent.FutureTask.get(FutureTask.java:192)
	at org.apache.ratis.server.impl.LeaderElection.waitForResults(LeaderElection.java:259)
	at org.apache.ratis.server.impl.LeaderElection.askForVotes(LeaderElection.java:197)
	at org.apache.ratis.server.impl.LeaderElection.run(LeaderElection.java:133)
	at java.lang.Thread.run(Thread.java:748)
Caused by: org.apache.ratis.thirdparty.io.grpc.StatusRuntimeException: UNAVAILABLE: io exception
	at org.apache.ratis.thirdparty.io.grpc.stub.ClientCalls.toStatusRuntimeException(ClientCalls.java:233)
	at org.apache.ratis.thirdparty.io.grpc.stub.ClientCalls.getUnchecked(ClientCalls.java:214)
	at org.apache.ratis.thirdparty.io.grpc.stub.ClientCalls.blockingUnaryCall(ClientCalls.java:139)
	at org.apache.ratis.proto.grpc.RaftServerProtocolServiceGrpc$RaftServerProtocolServiceBlockingStub.requestVote(RaftServerProtocolServiceGrpc.java:265)
	at org.apache.ratis.grpc.server.GrpcServerProtocolClient.requestVote(GrpcServerProtocolClient.java:99)
	at org.apache.ratis.grpc.server.GrpcService.requestVote(GrpcService.java:204)
	at org.apache.ratis.server.impl.LeaderElection.lambda$submitRequests$1(LeaderElection.java:234)
	at java.util.concurrent.FutureTask.run(FutureTask.java:266)
	at java.util.concurrent.Executors$RunnableAdapter.call(Executors.java:511)
	at java.util.concurrent.FutureTask.run(FutureTask.java:266)
	at java.util.concurrent.ThreadPoolExecutor.runWorker(ThreadPoolExecutor.java:1149)
	at java.util.concurrent.ThreadPoolExecutor$Worker.run(ThreadPoolExecutor.java:624)
	... 1 more
Caused by: org.apache.ratis.thirdparty.io.netty.channel.AbstractChannel$AnnotatedConnectException: Connection refused: /192.168.157.213:36639
	at sun.nio.ch.SocketChannelImpl.checkConnect(Native Method)
	at sun.nio.ch.SocketChannelImpl.finishConnect(SocketChannelImpl.java:717)
	at org.apache.ratis.thirdparty.io.netty.channel.socket.nio.NioSocketChannel.doFinishConnect(NioSocketChannel.java:327)
	at org.apache.ratis.thirdparty.io.netty.channel.nio.AbstractNioChannel$AbstractNioUnsafe.finishConnect(AbstractNioChannel.java:340)
	at org.apache.ratis.thirdparty.io.netty.channel.nio.NioEventLoop.processSelectedKey(NioEventLoop.java:632)
	at org.apache.ratis.thirdparty.io.netty.channel.nio.NioEventLoop.processSelectedKeysOptimized(NioEventLoop.java:579)
	at org.apache.ratis.thirdparty.io.netty.channel.nio.NioEventLoop.processSelectedKeys(NioEventLoop.java:496)
	at org.apache.ratis.thirdparty.io.netty.channel.nio.NioEventLoop.run(NioEventLoop.java:458)
	at org.apache.ratis.thirdparty.io.netty.util.concurrent.SingleThreadEventExecutor$5.run(SingleThreadEventExecutor.java:897)
	at org.apache.ratis.thirdparty.io.netty.util.concurrent.FastThreadLocalRunnable.run(FastThreadLocalRunnable.java:30)
	... 1 more
Caused by: java.net.ConnectException: Connection refused
	... 11 more
2019-10-19 01:04:58,620 [a1c78c0e-869c-4f76-b4ce-2034448e0b80@group-D48B69A44692-LeaderElection359] INFO  impl.RaftServerImpl (RaftServerImpl.java:setRole(184)) - a1c78c0e-869c-4f76-b4ce-2034448e0b80@group-D48B69A44692: changes role from CANDIDATE to FOLLOWER at term 252 for DISCOVERED_A_NEW_TERM
2019-10-19 01:04:58,620 [a1c78c0e-869c-4f76-b4ce-2034448e0b80@group-D48B69A44692-LeaderElection359] INFO  impl.RoleInfo (RoleInfo.java:shutdownLeaderElection(134)) - a1c78c0e-869c-4f76-b4ce-2034448e0b80: shutdown LeaderElection
2019-10-19 01:04:58,620 [a1c78c0e-869c-4f76-b4ce-2034448e0b80@group-D48B69A44692-LeaderElection359] INFO  impl.RoleInfo (RoleInfo.java:updateAndGet(143)) - a1c78c0e-869c-4f76-b4ce-2034448e0b80: start FollowerState
2019-10-19 01:04:58,645 [Thread-2759] INFO  impl.FollowerState (FollowerState.java:run(108)) - a1c78c0e-869c-4f76-b4ce-2034448e0b80@group-D48B69A44692-FollowerState: change to CANDIDATE, lastRpcTime:24ms, electionTimeout:24ms
2019-10-19 01:04:58,645 [Thread-2759] INFO  impl.RoleInfo (RoleInfo.java:shutdownFollowerState(121)) - a1c78c0e-869c-4f76-b4ce-2034448e0b80: shutdown FollowerState
2019-10-19 01:04:58,645 [Thread-2759] INFO  impl.RaftServerImpl (RaftServerImpl.java:setRole(184)) - a1c78c0e-869c-4f76-b4ce-2034448e0b80@group-D48B69A44692: changes role from  FOLLOWER to CANDIDATE at term 252 for changeToCandidate
2019-10-19 01:04:58,645 [Thread-2759] INFO  impl.RoleInfo (RoleInfo.java:updateAndGet(143)) - a1c78c0e-869c-4f76-b4ce-2034448e0b80: start LeaderElection
2019-10-19 01:04:58,659 [a1c78c0e-869c-4f76-b4ce-2034448e0b80@group-D48B69A44692-LeaderElection361] INFO  impl.LeaderElection (LeaderElection.java:askForVotes(178)) - a1c78c0e-869c-4f76-b4ce-2034448e0b80@group-D48B69A44692-LeaderElection361: begin an election at term 253 for -1: [51276c3c-a3b8-4274-b089-592ff4589f41:192.168.157.213:36639, 64c90977-e867-487c-b50d-c226f2d34a76:192.168.157.213:37433, a1c78c0e-869c-4f76-b4ce-2034448e0b80:192.168.157.213:33501], old=null
2019-10-19 01:04:58,660 [a1c78c0e-869c-4f76-b4ce-2034448e0b80@group-D48B69A44692-LeaderElection361] INFO  impl.LeaderElection (LogUtils.java:infoOrTrace(149)) - a1c78c0e-869c-4f76-b4ce-2034448e0b80@group-D48B69A44692-LeaderElection361 got exception when requesting votes: {}
java.util.concurrent.ExecutionException: org.apache.ratis.thirdparty.io.grpc.StatusRuntimeException: UNAVAILABLE: io exception
	at java.util.concurrent.FutureTask.report(FutureTask.java:122)
	at java.util.concurrent.FutureTask.get(FutureTask.java:192)
	at org.apache.ratis.server.impl.LeaderElection.waitForResults(LeaderElection.java:259)
	at org.apache.ratis.server.impl.LeaderElection.askForVotes(LeaderElection.java:197)
	at org.apache.ratis.server.impl.LeaderElection.run(LeaderElection.java:133)
	at java.lang.Thread.run(Thread.java:748)
Caused by: org.apache.ratis.thirdparty.io.grpc.StatusRuntimeException: UNAVAILABLE: io exception
	at org.apache.ratis.thirdparty.io.grpc.stub.ClientCalls.toStatusRuntimeException(ClientCalls.java:233)
	at org.apache.ratis.thirdparty.io.grpc.stub.ClientCalls.getUnchecked(ClientCalls.java:214)
	at org.apache.ratis.thirdparty.io.grpc.stub.ClientCalls.blockingUnaryCall(ClientCalls.java:139)
	at org.apache.ratis.proto.grpc.RaftServerProtocolServiceGrpc$RaftServerProtocolServiceBlockingStub.requestVote(RaftServerProtocolServiceGrpc.java:265)
	at org.apache.ratis.grpc.server.GrpcServerProtocolClient.requestVote(GrpcServerProtocolClient.java:99)
	at org.apache.ratis.grpc.server.GrpcService.requestVote(GrpcService.java:204)
	at org.apache.ratis.server.impl.LeaderElection.lambda$submitRequests$1(LeaderElection.java:234)
	at java.util.concurrent.FutureTask.run(FutureTask.java:266)
	at java.util.concurrent.Executors$RunnableAdapter.call(Executors.java:511)
	at java.util.concurrent.FutureTask.run(FutureTask.java:266)
	at java.util.concurrent.ThreadPoolExecutor.runWorker(ThreadPoolExecutor.java:1149)
	at java.util.concurrent.ThreadPoolExecutor$Worker.run(ThreadPoolExecutor.java:624)
	... 1 more
Caused by: org.apache.ratis.thirdparty.io.netty.channel.AbstractChannel$AnnotatedConnectException: Connection refused: /192.168.157.213:36639
	at sun.nio.ch.SocketChannelImpl.checkConnect(Native Method)
	at sun.nio.ch.SocketChannelImpl.finishConnect(SocketChannelImpl.java:717)
	at org.apache.ratis.thirdparty.io.netty.channel.socket.nio.NioSocketChannel.doFinishConnect(NioSocketChannel.java:327)
	at org.apache.ratis.thirdparty.io.netty.channel.nio.AbstractNioChannel$AbstractNioUnsafe.finishConnect(AbstractNioChannel.java:340)
	at org.apache.ratis.thirdparty.io.netty.channel.nio.NioEventLoop.processSelectedKey(NioEventLoop.java:632)
	at org.apache.ratis.thirdparty.io.netty.channel.nio.NioEventLoop.processSelectedKeysOptimized(NioEventLoop.java:579)
	at org.apache.ratis.thirdparty.io.netty.channel.nio.NioEventLoop.processSelectedKeys(NioEventLoop.java:496)
	at org.apache.ratis.thirdparty.io.netty.channel.nio.NioEventLoop.run(NioEventLoop.java:458)
	at org.apache.ratis.thirdparty.io.netty.util.concurrent.SingleThreadEventExecutor$5.run(SingleThreadEventExecutor.java:897)
	at org.apache.ratis.thirdparty.io.netty.util.concurrent.FastThreadLocalRunnable.run(FastThreadLocalRunnable.java:30)
	... 1 more
Caused by: java.net.ConnectException: Connection refused
	... 11 more
2019-10-19 01:04:58,661 [grpc-default-executor-7] INFO  impl.RaftServerImpl (RaftServerImpl.java:setRole(184)) - 64c90977-e867-487c-b50d-c226f2d34a76@group-D48B69A44692: changes role from  FOLLOWER to FOLLOWER at term 253 for recognizeCandidate:a1c78c0e-869c-4f76-b4ce-2034448e0b80
2019-10-19 01:04:58,661 [grpc-default-executor-7] INFO  impl.RoleInfo (RoleInfo.java:shutdownFollowerState(121)) - 64c90977-e867-487c-b50d-c226f2d34a76: shutdown FollowerState
2019-10-19 01:04:58,661 [grpc-default-executor-7] INFO  impl.RoleInfo (RoleInfo.java:updateAndGet(143)) - 64c90977-e867-487c-b50d-c226f2d34a76: start FollowerState
2019-10-19 01:04:58,661 [Thread-2758] INFO  impl.FollowerState (FollowerState.java:run(117)) - 64c90977-e867-487c-b50d-c226f2d34a76@group-D48B69A44692-FollowerState was interrupted: java.lang.InterruptedException: sleep interrupted
2019-10-19 01:04:58,665 [a1c78c0e-869c-4f76-b4ce-2034448e0b80@group-D48B69A44692-LeaderElection361] INFO  impl.LeaderElection (LeaderElection.java:logAndReturn(56)) - a1c78c0e-869c-4f76-b4ce-2034448e0b80@group-D48B69A44692-LeaderElection361: Election TIMEOUT; received 0 response(s) [] and 1 exception(s); a1c78c0e-869c-4f76-b4ce-2034448e0b80@group-D48B69A44692:t253, leader=null, voted=a1c78c0e-869c-4f76-b4ce-2034448e0b80, raftlog=a1c78c0e-869c-4f76-b4ce-2034448e0b80@group-D48B69A44692-SegmentedRaftLog:OPENED:c-1,f-1,i0, conf=-1: [51276c3c-a3b8-4274-b089-592ff4589f41:192.168.157.213:36639, 64c90977-e867-487c-b50d-c226f2d34a76:192.168.157.213:37433, a1c78c0e-869c-4f76-b4ce-2034448e0b80:192.168.157.213:33501], old=null
2019-10-19 01:04:58,666 [a1c78c0e-869c-4f76-b4ce-2034448e0b80@group-D48B69A44692-LeaderElection361] INFO  impl.LeaderElection (LogUtils.java:infoOrTrace(149)) -   Exception 0: {}
java.util.concurrent.ExecutionException: org.apache.ratis.thirdparty.io.grpc.StatusRuntimeException: UNAVAILABLE: io exception
	at java.util.concurrent.FutureTask.report(FutureTask.java:122)
	at java.util.concurrent.FutureTask.get(FutureTask.java:192)
	at org.apache.ratis.server.impl.LeaderElection.waitForResults(LeaderElection.java:259)
	at org.apache.ratis.server.impl.LeaderElection.askForVotes(LeaderElection.java:197)
	at org.apache.ratis.server.impl.LeaderElection.run(LeaderElection.java:133)
	at java.lang.Thread.run(Thread.java:748)
Caused by: org.apache.ratis.thirdparty.io.grpc.StatusRuntimeException: UNAVAILABLE: io exception
	at org.apache.ratis.thirdparty.io.grpc.stub.ClientCalls.toStatusRuntimeException(ClientCalls.java:233)
	at org.apache.ratis.thirdparty.io.grpc.stub.ClientCalls.getUnchecked(ClientCalls.java:214)
	at org.apache.ratis.thirdparty.io.grpc.stub.ClientCalls.blockingUnaryCall(ClientCalls.java:139)
	at org.apache.ratis.proto.grpc.RaftServerProtocolServiceGrpc$RaftServerProtocolServiceBlockingStub.requestVote(RaftServerProtocolServiceGrpc.java:265)
	at org.apache.ratis.grpc.server.GrpcServerProtocolClient.requestVote(GrpcServerProtocolClient.java:99)
	at org.apache.ratis.grpc.server.GrpcService.requestVote(GrpcService.java:204)
	at org.apache.ratis.server.impl.LeaderElection.lambda$submitRequests$1(LeaderElection.java:234)
	at java.util.concurrent.FutureTask.run(FutureTask.java:266)
	at java.util.concurrent.Executors$RunnableAdapter.call(Executors.java:511)
	at java.util.concurrent.FutureTask.run(FutureTask.java:266)
	at java.util.concurrent.ThreadPoolExecutor.runWorker(ThreadPoolExecutor.java:1149)
	at java.util.concurrent.ThreadPoolExecutor$Worker.run(ThreadPoolExecutor.java:624)
	... 1 more
Caused by: org.apache.ratis.thirdparty.io.netty.channel.AbstractChannel$AnnotatedConnectException: Connection refused: /192.168.157.213:36639
	at sun.nio.ch.SocketChannelImpl.checkConnect(Native Method)
	at sun.nio.ch.SocketChannelImpl.finishConnect(SocketChannelImpl.java:717)
	at org.apache.ratis.thirdparty.io.netty.channel.socket.nio.NioSocketChannel.doFinishConnect(NioSocketChannel.java:327)
	at org.apache.ratis.thirdparty.io.netty.channel.nio.AbstractNioChannel$AbstractNioUnsafe.finishConnect(AbstractNioChannel.java:340)
	at org.apache.ratis.thirdparty.io.netty.channel.nio.NioEventLoop.processSelectedKey(NioEventLoop.java:632)
	at org.apache.ratis.thirdparty.io.netty.channel.nio.NioEventLoop.processSelectedKeysOptimized(NioEventLoop.java:579)
	at org.apache.ratis.thirdparty.io.netty.channel.nio.NioEventLoop.processSelectedKeys(NioEventLoop.java:496)
	at org.apache.ratis.thirdparty.io.netty.channel.nio.NioEventLoop.run(NioEventLoop.java:458)
	at org.apache.ratis.thirdparty.io.netty.util.concurrent.SingleThreadEventExecutor$5.run(SingleThreadEventExecutor.java:897)
	at org.apache.ratis.thirdparty.io.netty.util.concurrent.FastThreadLocalRunnable.run(FastThreadLocalRunnable.java:30)
	... 1 more
Caused by: java.net.ConnectException: Connection refused
	... 11 more
2019-10-19 01:04:58,675 [a1c78c0e-869c-4f76-b4ce-2034448e0b80@group-D48B69A44692-LeaderElection361] INFO  impl.LeaderElection (LeaderElection.java:askForVotes(178)) - a1c78c0e-869c-4f76-b4ce-2034448e0b80@group-D48B69A44692-LeaderElection361: begin an election at term 254 for -1: [51276c3c-a3b8-4274-b089-592ff4589f41:192.168.157.213:36639, 64c90977-e867-487c-b50d-c226f2d34a76:192.168.157.213:37433, a1c78c0e-869c-4f76-b4ce-2034448e0b80:192.168.157.213:33501], old=null
2019-10-19 01:04:58,675 [a1c78c0e-869c-4f76-b4ce-2034448e0b80@group-D48B69A44692-LeaderElection361] INFO  impl.LeaderElection (LogUtils.java:infoOrTrace(149)) - a1c78c0e-869c-4f76-b4ce-2034448e0b80@group-D48B69A44692-LeaderElection361 got exception when requesting votes: {}
java.util.concurrent.ExecutionException: org.apache.ratis.thirdparty.io.grpc.StatusRuntimeException: UNAVAILABLE: io exception
	at java.util.concurrent.FutureTask.report(FutureTask.java:122)
	at java.util.concurrent.FutureTask.get(FutureTask.java:192)
	at org.apache.ratis.server.impl.LeaderElection.waitForResults(LeaderElection.java:259)
	at org.apache.ratis.server.impl.LeaderElection.askForVotes(LeaderElection.java:197)
	at org.apache.ratis.server.impl.LeaderElection.run(LeaderElection.java:133)
	at java.lang.Thread.run(Thread.java:748)
Caused by: org.apache.ratis.thirdparty.io.grpc.StatusRuntimeException: UNAVAILABLE: io exception
	at org.apache.ratis.thirdparty.io.grpc.stub.ClientCalls.toStatusRuntimeException(ClientCalls.java:233)
	at org.apache.ratis.thirdparty.io.grpc.stub.ClientCalls.getUnchecked(ClientCalls.java:214)
	at org.apache.ratis.thirdparty.io.grpc.stub.ClientCalls.blockingUnaryCall(ClientCalls.java:139)
	at org.apache.ratis.proto.grpc.RaftServerProtocolServiceGrpc$RaftServerProtocolServiceBlockingStub.requestVote(RaftServerProtocolServiceGrpc.java:265)
	at org.apache.ratis.grpc.server.GrpcServerProtocolClient.requestVote(GrpcServerProtocolClient.java:99)
	at org.apache.ratis.grpc.server.GrpcService.requestVote(GrpcService.java:204)
	at org.apache.ratis.server.impl.LeaderElection.lambda$submitRequests$1(LeaderElection.java:234)
	at java.util.concurrent.FutureTask.run(FutureTask.java:266)
	at java.util.concurrent.Executors$RunnableAdapter.call(Executors.java:511)
	at java.util.concurrent.FutureTask.run(FutureTask.java:266)
	at java.util.concurrent.ThreadPoolExecutor.runWorker(ThreadPoolExecutor.java:1149)
	at java.util.concurrent.ThreadPoolExecutor$Worker.run(ThreadPoolExecutor.java:624)
	... 1 more
Caused by: org.apache.ratis.thirdparty.io.netty.channel.AbstractChannel$AnnotatedConnectException: Connection refused: /192.168.157.213:36639
	at sun.nio.ch.SocketChannelImpl.checkConnect(Native Method)
	at sun.nio.ch.SocketChannelImpl.finishConnect(SocketChannelImpl.java:717)
	at org.apache.ratis.thirdparty.io.netty.channel.socket.nio.NioSocketChannel.doFinishConnect(NioSocketChannel.java:327)
	at org.apache.ratis.thirdparty.io.netty.channel.nio.AbstractNioChannel$AbstractNioUnsafe.finishConnect(AbstractNioChannel.java:340)
	at org.apache.ratis.thirdparty.io.netty.channel.nio.NioEventLoop.processSelectedKey(NioEventLoop.java:632)
	at org.apache.ratis.thirdparty.io.netty.channel.nio.NioEventLoop.processSelectedKeysOptimized(NioEventLoop.java:579)
	at org.apache.ratis.thirdparty.io.netty.channel.nio.NioEventLoop.processSelectedKeys(NioEventLoop.java:496)
	at org.apache.ratis.thirdparty.io.netty.channel.nio.NioEventLoop.run(NioEventLoop.java:458)
	at org.apache.ratis.thirdparty.io.netty.util.concurrent.SingleThreadEventExecutor$5.run(SingleThreadEventExecutor.java:897)
	at org.apache.ratis.thirdparty.io.netty.util.concurrent.FastThreadLocalRunnable.run(FastThreadLocalRunnable.java:30)
	... 1 more
Caused by: java.net.ConnectException: Connection refused
	... 11 more
2019-10-19 01:04:58,676 [grpc-default-executor-7] INFO  impl.RaftServerImpl (RaftServerImpl.java:setRole(184)) - 64c90977-e867-487c-b50d-c226f2d34a76@group-D48B69A44692: changes role from  FOLLOWER to FOLLOWER at term 254 for recognizeCandidate:a1c78c0e-869c-4f76-b4ce-2034448e0b80
2019-10-19 01:04:58,676 [grpc-default-executor-7] INFO  impl.RoleInfo (RoleInfo.java:shutdownFollowerState(121)) - 64c90977-e867-487c-b50d-c226f2d34a76: shutdown FollowerState
2019-10-19 01:04:58,677 [grpc-default-executor-7] INFO  impl.RoleInfo (RoleInfo.java:updateAndGet(143)) - 64c90977-e867-487c-b50d-c226f2d34a76: start FollowerState
2019-10-19 01:04:58,677 [Thread-2763] INFO  impl.FollowerState (FollowerState.java:run(117)) - 64c90977-e867-487c-b50d-c226f2d34a76@group-D48B69A44692-FollowerState was interrupted: java.lang.InterruptedException: sleep interrupted
2019-10-19 01:04:58,691 [a1c78c0e-869c-4f76-b4ce-2034448e0b80@group-D48B69A44692-LeaderElection361] INFO  impl.LeaderElection (LeaderElection.java:logAndReturn(56)) - a1c78c0e-869c-4f76-b4ce-2034448e0b80@group-D48B69A44692-LeaderElection361: Election REJECTED; received 1 response(s) [a1c78c0e-869c-4f76-b4ce-2034448e0b80<-64c90977-e867-487c-b50d-c226f2d34a76#0:FAIL-t254] and 1 exception(s); a1c78c0e-869c-4f76-b4ce-2034448e0b80@group-D48B69A44692:t254, leader=null, voted=a1c78c0e-869c-4f76-b4ce-2034448e0b80, raftlog=a1c78c0e-869c-4f76-b4ce-2034448e0b80@group-D48B69A44692-SegmentedRaftLog:OPENED:c-1,f-1,i0, conf=-1: [51276c3c-a3b8-4274-b089-592ff4589f41:192.168.157.213:36639, 64c90977-e867-487c-b50d-c226f2d34a76:192.168.157.213:37433, a1c78c0e-869c-4f76-b4ce-2034448e0b80:192.168.157.213:33501], old=null
2019-10-19 01:04:58,691 [a1c78c0e-869c-4f76-b4ce-2034448e0b80@group-D48B69A44692-LeaderElection361] INFO  impl.LeaderElection (LogUtils.java:infoOrTrace(149)) -   Exception 0: {}
java.util.concurrent.ExecutionException: org.apache.ratis.thirdparty.io.grpc.StatusRuntimeException: UNAVAILABLE: io exception
	at java.util.concurrent.FutureTask.report(FutureTask.java:122)
	at java.util.concurrent.FutureTask.get(FutureTask.java:192)
	at org.apache.ratis.server.impl.LeaderElection.waitForResults(LeaderElection.java:259)
	at org.apache.ratis.server.impl.LeaderElection.askForVotes(LeaderElection.java:197)
	at org.apache.ratis.server.impl.LeaderElection.run(LeaderElection.java:133)
	at java.lang.Thread.run(Thread.java:748)
Caused by: org.apache.ratis.thirdparty.io.grpc.StatusRuntimeException: UNAVAILABLE: io exception
	at org.apache.ratis.thirdparty.io.grpc.stub.ClientCalls.toStatusRuntimeException(ClientCalls.java:233)
	at org.apache.ratis.thirdparty.io.grpc.stub.ClientCalls.getUnchecked(ClientCalls.java:214)
	at org.apache.ratis.thirdparty.io.grpc.stub.ClientCalls.blockingUnaryCall(ClientCalls.java:139)
	at org.apache.ratis.proto.grpc.RaftServerProtocolServiceGrpc$RaftServerProtocolServiceBlockingStub.requestVote(RaftServerProtocolServiceGrpc.java:265)
	at org.apache.ratis.grpc.server.GrpcServerProtocolClient.requestVote(GrpcServerProtocolClient.java:99)
	at org.apache.ratis.grpc.server.GrpcService.requestVote(GrpcService.java:204)
	at org.apache.ratis.server.impl.LeaderElection.lambda$submitRequests$1(LeaderElection.java:234)
	at java.util.concurrent.FutureTask.run(FutureTask.java:266)
	at java.util.concurrent.Executors$RunnableAdapter.call(Executors.java:511)
	at java.util.concurrent.FutureTask.run(FutureTask.java:266)
	at java.util.concurrent.ThreadPoolExecutor.runWorker(ThreadPoolExecutor.java:1149)
	at java.util.concurrent.ThreadPoolExecutor$Worker.run(ThreadPoolExecutor.java:624)
	... 1 more
Caused by: org.apache.ratis.thirdparty.io.netty.channel.AbstractChannel$AnnotatedConnectException: Connection refused: /192.168.157.213:36639
	at sun.nio.ch.SocketChannelImpl.checkConnect(Native Method)
	at sun.nio.ch.SocketChannelImpl.finishConnect(SocketChannelImpl.java:717)
	at org.apache.ratis.thirdparty.io.netty.channel.socket.nio.NioSocketChannel.doFinishConnect(NioSocketChannel.java:327)
	at org.apache.ratis.thirdparty.io.netty.channel.nio.AbstractNioChannel$AbstractNioUnsafe.finishConnect(AbstractNioChannel.java:340)
	at org.apache.ratis.thirdparty.io.netty.channel.nio.NioEventLoop.processSelectedKey(NioEventLoop.java:632)
	at org.apache.ratis.thirdparty.io.netty.channel.nio.NioEventLoop.processSelectedKeysOptimized(NioEventLoop.java:579)
	at org.apache.ratis.thirdparty.io.netty.channel.nio.NioEventLoop.processSelectedKeys(NioEventLoop.java:496)
	at org.apache.ratis.thirdparty.io.netty.channel.nio.NioEventLoop.run(NioEventLoop.java:458)
	at org.apache.ratis.thirdparty.io.netty.util.concurrent.SingleThreadEventExecutor$5.run(SingleThreadEventExecutor.java:897)
	at org.apache.ratis.thirdparty.io.netty.util.concurrent.FastThreadLocalRunnable.run(FastThreadLocalRunnable.java:30)
	... 1 more
Caused by: java.net.ConnectException: Connection refused
	... 11 more
2019-10-19 01:04:58,691 [a1c78c0e-869c-4f76-b4ce-2034448e0b80@group-D48B69A44692-LeaderElection361] INFO  impl.RaftServerImpl (RaftServerImpl.java:setRole(184)) - a1c78c0e-869c-4f76-b4ce-2034448e0b80@group-D48B69A44692: changes role from CANDIDATE to FOLLOWER at term 254 for DISCOVERED_A_NEW_TERM
2019-10-19 01:04:58,691 [a1c78c0e-869c-4f76-b4ce-2034448e0b80@group-D48B69A44692-LeaderElection361] INFO  impl.RoleInfo (RoleInfo.java:shutdownLeaderElection(134)) - a1c78c0e-869c-4f76-b4ce-2034448e0b80: shutdown LeaderElection
2019-10-19 01:04:58,691 [a1c78c0e-869c-4f76-b4ce-2034448e0b80@group-D48B69A44692-LeaderElection361] INFO  impl.RoleInfo (RoleInfo.java:updateAndGet(143)) - a1c78c0e-869c-4f76-b4ce-2034448e0b80: start FollowerState
2019-10-19 01:04:58,787 [Thread-2767] INFO  impl.FollowerState (FollowerState.java:run(108)) - a1c78c0e-869c-4f76-b4ce-2034448e0b80@group-D48B69A44692-FollowerState: change to CANDIDATE, lastRpcTime:95ms, electionTimeout:95ms
2019-10-19 01:04:58,787 [Thread-2767] INFO  impl.RoleInfo (RoleInfo.java:shutdownFollowerState(121)) - a1c78c0e-869c-4f76-b4ce-2034448e0b80: shutdown FollowerState
2019-10-19 01:04:58,787 [Thread-2767] INFO  impl.RaftServerImpl (RaftServerImpl.java:setRole(184)) - a1c78c0e-869c-4f76-b4ce-2034448e0b80@group-D48B69A44692: changes role from  FOLLOWER to CANDIDATE at term 254 for changeToCandidate
2019-10-19 01:04:58,787 [Thread-2767] INFO  impl.RoleInfo (RoleInfo.java:updateAndGet(143)) - a1c78c0e-869c-4f76-b4ce-2034448e0b80: start LeaderElection
2019-10-19 01:04:58,800 [a1c78c0e-869c-4f76-b4ce-2034448e0b80@group-D48B69A44692-LeaderElection362] INFO  impl.LeaderElection (LeaderElection.java:askForVotes(178)) - a1c78c0e-869c-4f76-b4ce-2034448e0b80@group-D48B69A44692-LeaderElection362: begin an election at term 255 for -1: [51276c3c-a3b8-4274-b089-592ff4589f41:192.168.157.213:36639, 64c90977-e867-487c-b50d-c226f2d34a76:192.168.157.213:37433, a1c78c0e-869c-4f76-b4ce-2034448e0b80:192.168.157.213:33501], old=null
2019-10-19 01:04:58,800 [a1c78c0e-869c-4f76-b4ce-2034448e0b80@group-D48B69A44692-LeaderElection362] INFO  impl.LeaderElection (LogUtils.java:infoOrTrace(149)) - a1c78c0e-869c-4f76-b4ce-2034448e0b80@group-D48B69A44692-LeaderElection362 got exception when requesting votes: {}
java.util.concurrent.ExecutionException: org.apache.ratis.thirdparty.io.grpc.StatusRuntimeException: UNAVAILABLE: io exception
	at java.util.concurrent.FutureTask.report(FutureTask.java:122)
	at java.util.concurrent.FutureTask.get(FutureTask.java:192)
	at org.apache.ratis.server.impl.LeaderElection.waitForResults(LeaderElection.java:259)
	at org.apache.ratis.server.impl.LeaderElection.askForVotes(LeaderElection.java:197)
	at org.apache.ratis.server.impl.LeaderElection.run(LeaderElection.java:133)
	at java.lang.Thread.run(Thread.java:748)
Caused by: org.apache.ratis.thirdparty.io.grpc.StatusRuntimeException: UNAVAILABLE: io exception
	at org.apache.ratis.thirdparty.io.grpc.stub.ClientCalls.toStatusRuntimeException(ClientCalls.java:233)
	at org.apache.ratis.thirdparty.io.grpc.stub.ClientCalls.getUnchecked(ClientCalls.java:214)
	at org.apache.ratis.thirdparty.io.grpc.stub.ClientCalls.blockingUnaryCall(ClientCalls.java:139)
	at org.apache.ratis.proto.grpc.RaftServerProtocolServiceGrpc$RaftServerProtocolServiceBlockingStub.requestVote(RaftServerProtocolServiceGrpc.java:265)
	at org.apache.ratis.grpc.server.GrpcServerProtocolClient.requestVote(GrpcServerProtocolClient.java:99)
	at org.apache.ratis.grpc.server.GrpcService.requestVote(GrpcService.java:204)
	at org.apache.ratis.server.impl.LeaderElection.lambda$submitRequests$1(LeaderElection.java:234)
	at java.util.concurrent.FutureTask.run(FutureTask.java:266)
	at java.util.concurrent.Executors$RunnableAdapter.call(Executors.java:511)
	at java.util.concurrent.FutureTask.run(FutureTask.java:266)
	at java.util.concurrent.ThreadPoolExecutor.runWorker(ThreadPoolExecutor.java:1149)
	at java.util.concurrent.ThreadPoolExecutor$Worker.run(ThreadPoolExecutor.java:624)
	... 1 more
Caused by: org.apache.ratis.thirdparty.io.netty.channel.AbstractChannel$AnnotatedConnectException: Connection refused: /192.168.157.213:36639
	at sun.nio.ch.SocketChannelImpl.checkConnect(Native Method)
	at sun.nio.ch.SocketChannelImpl.finishConnect(SocketChannelImpl.java:717)
	at org.apache.ratis.thirdparty.io.netty.channel.socket.nio.NioSocketChannel.doFinishConnect(NioSocketChannel.java:327)
	at org.apache.ratis.thirdparty.io.netty.channel.nio.AbstractNioChannel$AbstractNioUnsafe.finishConnect(AbstractNioChannel.java:340)
	at org.apache.ratis.thirdparty.io.netty.channel.nio.NioEventLoop.processSelectedKey(NioEventLoop.java:632)
	at org.apache.ratis.thirdparty.io.netty.channel.nio.NioEventLoop.processSelectedKeysOptimized(NioEventLoop.java:579)
	at org.apache.ratis.thirdparty.io.netty.channel.nio.NioEventLoop.processSelectedKeys(NioEventLoop.java:496)
	at org.apache.ratis.thirdparty.io.netty.channel.nio.NioEventLoop.run(NioEventLoop.java:458)
	at org.apache.ratis.thirdparty.io.netty.util.concurrent.SingleThreadEventExecutor$5.run(SingleThreadEventExecutor.java:897)
	at org.apache.ratis.thirdparty.io.netty.util.concurrent.FastThreadLocalRunnable.run(FastThreadLocalRunnable.java:30)
	... 1 more
Caused by: java.net.ConnectException: Connection refused
	... 11 more
2019-10-19 01:04:58,802 [grpc-default-executor-7] INFO  impl.RaftServerImpl (RaftServerImpl.java:setRole(184)) - 64c90977-e867-487c-b50d-c226f2d34a76@group-D48B69A44692: changes role from  FOLLOWER to FOLLOWER at term 255 for recognizeCandidate:a1c78c0e-869c-4f76-b4ce-2034448e0b80
2019-10-19 01:04:58,802 [grpc-default-executor-7] INFO  impl.RoleInfo (RoleInfo.java:shutdownFollowerState(121)) - 64c90977-e867-487c-b50d-c226f2d34a76: shutdown FollowerState
2019-10-19 01:04:58,802 [grpc-default-executor-7] INFO  impl.RoleInfo (RoleInfo.java:updateAndGet(143)) - 64c90977-e867-487c-b50d-c226f2d34a76: start FollowerState
2019-10-19 01:04:58,802 [Thread-2766] INFO  impl.FollowerState (FollowerState.java:run(117)) - 64c90977-e867-487c-b50d-c226f2d34a76@group-D48B69A44692-FollowerState was interrupted: java.lang.InterruptedException: sleep interrupted
2019-10-19 01:04:58,823 [a1c78c0e-869c-4f76-b4ce-2034448e0b80@group-D48B69A44692-LeaderElection362] INFO  impl.LeaderElection (LeaderElection.java:logAndReturn(56)) - a1c78c0e-869c-4f76-b4ce-2034448e0b80@group-D48B69A44692-LeaderElection362: Election REJECTED; received 1 response(s) [a1c78c0e-869c-4f76-b4ce-2034448e0b80<-64c90977-e867-487c-b50d-c226f2d34a76#0:FAIL-t255] and 1 exception(s); a1c78c0e-869c-4f76-b4ce-2034448e0b80@group-D48B69A44692:t255, leader=null, voted=a1c78c0e-869c-4f76-b4ce-2034448e0b80, raftlog=a1c78c0e-869c-4f76-b4ce-2034448e0b80@group-D48B69A44692-SegmentedRaftLog:OPENED:c-1,f-1,i0, conf=-1: [51276c3c-a3b8-4274-b089-592ff4589f41:192.168.157.213:36639, 64c90977-e867-487c-b50d-c226f2d34a76:192.168.157.213:37433, a1c78c0e-869c-4f76-b4ce-2034448e0b80:192.168.157.213:33501], old=null
2019-10-19 01:04:58,823 [a1c78c0e-869c-4f76-b4ce-2034448e0b80@group-D48B69A44692-LeaderElection362] INFO  impl.LeaderElection (LogUtils.java:infoOrTrace(149)) -   Exception 0: {}
java.util.concurrent.ExecutionException: org.apache.ratis.thirdparty.io.grpc.StatusRuntimeException: UNAVAILABLE: io exception
	at java.util.concurrent.FutureTask.report(FutureTask.java:122)
	at java.util.concurrent.FutureTask.get(FutureTask.java:192)
	at org.apache.ratis.server.impl.LeaderElection.waitForResults(LeaderElection.java:259)
	at org.apache.ratis.server.impl.LeaderElection.askForVotes(LeaderElection.java:197)
	at org.apache.ratis.server.impl.LeaderElection.run(LeaderElection.java:133)
	at java.lang.Thread.run(Thread.java:748)
Caused by: org.apache.ratis.thirdparty.io.grpc.StatusRuntimeException: UNAVAILABLE: io exception
	at org.apache.ratis.thirdparty.io.grpc.stub.ClientCalls.toStatusRuntimeException(ClientCalls.java:233)
	at org.apache.ratis.thirdparty.io.grpc.stub.ClientCalls.getUnchecked(ClientCalls.java:214)
	at org.apache.ratis.thirdparty.io.grpc.stub.ClientCalls.blockingUnaryCall(ClientCalls.java:139)
	at org.apache.ratis.proto.grpc.RaftServerProtocolServiceGrpc$RaftServerProtocolServiceBlockingStub.requestVote(RaftServerProtocolServiceGrpc.java:265)
	at org.apache.ratis.grpc.server.GrpcServerProtocolClient.requestVote(GrpcServerProtocolClient.java:99)
	at org.apache.ratis.grpc.server.GrpcService.requestVote(GrpcService.java:204)
	at org.apache.ratis.server.impl.LeaderElection.lambda$submitRequests$1(LeaderElection.java:234)
	at java.util.concurrent.FutureTask.run(FutureTask.java:266)
	at java.util.concurrent.Executors$RunnableAdapter.call(Executors.java:511)
	at java.util.concurrent.FutureTask.run(FutureTask.java:266)
	at java.util.concurrent.ThreadPoolExecutor.runWorker(ThreadPoolExecutor.java:1149)
	at java.util.concurrent.ThreadPoolExecutor$Worker.run(ThreadPoolExecutor.java:624)
	... 1 more
Caused by: org.apache.ratis.thirdparty.io.netty.channel.AbstractChannel$AnnotatedConnectException: Connection refused: /192.168.157.213:36639
	at sun.nio.ch.SocketChannelImpl.checkConnect(Native Method)
	at sun.nio.ch.SocketChannelImpl.finishConnect(SocketChannelImpl.java:717)
	at org.apache.ratis.thirdparty.io.netty.channel.socket.nio.NioSocketChannel.doFinishConnect(NioSocketChannel.java:327)
	at org.apache.ratis.thirdparty.io.netty.channel.nio.AbstractNioChannel$AbstractNioUnsafe.finishConnect(AbstractNioChannel.java:340)
	at org.apache.ratis.thirdparty.io.netty.channel.nio.NioEventLoop.processSelectedKey(NioEventLoop.java:632)
	at org.apache.ratis.thirdparty.io.netty.channel.nio.NioEventLoop.processSelectedKeysOptimized(NioEventLoop.java:579)
	at org.apache.ratis.thirdparty.io.netty.channel.nio.NioEventLoop.processSelectedKeys(NioEventLoop.java:496)
	at org.apache.ratis.thirdparty.io.netty.channel.nio.NioEventLoop.run(NioEventLoop.java:458)
	at org.apache.ratis.thirdparty.io.netty.util.concurrent.SingleThreadEventExecutor$5.run(SingleThreadEventExecutor.java:897)
	at org.apache.ratis.thirdparty.io.netty.util.concurrent.FastThreadLocalRunnable.run(FastThreadLocalRunnable.java:30)
	... 1 more
Caused by: java.net.ConnectException: Connection refused
	... 11 more
2019-10-19 01:04:58,824 [a1c78c0e-869c-4f76-b4ce-2034448e0b80@group-D48B69A44692-LeaderElection362] INFO  impl.RaftServerImpl (RaftServerImpl.java:setRole(184)) - a1c78c0e-869c-4f76-b4ce-2034448e0b80@group-D48B69A44692: changes role from CANDIDATE to FOLLOWER at term 255 for DISCOVERED_A_NEW_TERM
2019-10-19 01:04:58,824 [a1c78c0e-869c-4f76-b4ce-2034448e0b80@group-D48B69A44692-LeaderElection362] INFO  impl.RoleInfo (RoleInfo.java:shutdownLeaderElection(134)) - a1c78c0e-869c-4f76-b4ce-2034448e0b80: shutdown LeaderElection
2019-10-19 01:04:58,824 [a1c78c0e-869c-4f76-b4ce-2034448e0b80@group-D48B69A44692-LeaderElection362] INFO  impl.RoleInfo (RoleInfo.java:updateAndGet(143)) - a1c78c0e-869c-4f76-b4ce-2034448e0b80: start FollowerState
2019-10-19 01:04:58,855 [java.util.concurrent.ThreadPoolExecutor$Worker@3d9b74b8[State = -1, empty queue]] WARN  server.GrpcLogAppender (GrpcLogAppender.java:timeoutAppendRequest(209)) - b26a8d60-58dc-431d-8168-f89a9ab35f3a@group-FB3B7D7D89E3->16805c57-9f45-4377-8998-764a8f26e152-GrpcLogAppender: appendEntries Timeout, request=b26a8d60-58dc-431d-8168-f89a9ab35f3a->16805c57-9f45-4377-8998-764a8f26e152#24-t129, previous=(t:129, i:2), leaderCommit=2, initializing? false, entries: <empty>
2019-10-19 01:04:58,936 [Thread-2772] INFO  impl.FollowerState (FollowerState.java:run(108)) - a1c78c0e-869c-4f76-b4ce-2034448e0b80@group-D48B69A44692-FollowerState: change to CANDIDATE, lastRpcTime:112ms, electionTimeout:112ms
2019-10-19 01:04:58,937 [Thread-2772] INFO  impl.RoleInfo (RoleInfo.java:shutdownFollowerState(121)) - a1c78c0e-869c-4f76-b4ce-2034448e0b80: shutdown FollowerState
2019-10-19 01:04:58,937 [Thread-2772] INFO  impl.RaftServerImpl (RaftServerImpl.java:setRole(184)) - a1c78c0e-869c-4f76-b4ce-2034448e0b80@group-D48B69A44692: changes role from  FOLLOWER to CANDIDATE at term 255 for changeToCandidate
2019-10-19 01:04:58,937 [Thread-2772] INFO  impl.RoleInfo (RoleInfo.java:updateAndGet(143)) - a1c78c0e-869c-4f76-b4ce-2034448e0b80: start LeaderElection
2019-10-19 01:04:58,950 [a1c78c0e-869c-4f76-b4ce-2034448e0b80@group-D48B69A44692-LeaderElection363] INFO  impl.LeaderElection (LeaderElection.java:askForVotes(178)) - a1c78c0e-869c-4f76-b4ce-2034448e0b80@group-D48B69A44692-LeaderElection363: begin an election at term 256 for -1: [51276c3c-a3b8-4274-b089-592ff4589f41:192.168.157.213:36639, 64c90977-e867-487c-b50d-c226f2d34a76:192.168.157.213:37433, a1c78c0e-869c-4f76-b4ce-2034448e0b80:192.168.157.213:33501], old=null
2019-10-19 01:04:58,951 [a1c78c0e-869c-4f76-b4ce-2034448e0b80@group-D48B69A44692-LeaderElection363] INFO  impl.LeaderElection (LogUtils.java:infoOrTrace(149)) - a1c78c0e-869c-4f76-b4ce-2034448e0b80@group-D48B69A44692-LeaderElection363 got exception when requesting votes: {}
java.util.concurrent.ExecutionException: org.apache.ratis.thirdparty.io.grpc.StatusRuntimeException: UNAVAILABLE: io exception
	at java.util.concurrent.FutureTask.report(FutureTask.java:122)
	at java.util.concurrent.FutureTask.get(FutureTask.java:192)
	at org.apache.ratis.server.impl.LeaderElection.waitForResults(LeaderElection.java:259)
	at org.apache.ratis.server.impl.LeaderElection.askForVotes(LeaderElection.java:197)
	at org.apache.ratis.server.impl.LeaderElection.run(LeaderElection.java:133)
	at java.lang.Thread.run(Thread.java:748)
Caused by: org.apache.ratis.thirdparty.io.grpc.StatusRuntimeException: UNAVAILABLE: io exception
	at org.apache.ratis.thirdparty.io.grpc.stub.ClientCalls.toStatusRuntimeException(ClientCalls.java:233)
	at org.apache.ratis.thirdparty.io.grpc.stub.ClientCalls.getUnchecked(ClientCalls.java:214)
	at org.apache.ratis.thirdparty.io.grpc.stub.ClientCalls.blockingUnaryCall(ClientCalls.java:139)
	at org.apache.ratis.proto.grpc.RaftServerProtocolServiceGrpc$RaftServerProtocolServiceBlockingStub.requestVote(RaftServerProtocolServiceGrpc.java:265)
	at org.apache.ratis.grpc.server.GrpcServerProtocolClient.requestVote(GrpcServerProtocolClient.java:99)
	at org.apache.ratis.grpc.server.GrpcService.requestVote(GrpcService.java:204)
	at org.apache.ratis.server.impl.LeaderElection.lambda$submitRequests$1(LeaderElection.java:234)
	at java.util.concurrent.FutureTask.run(FutureTask.java:266)
	at java.util.concurrent.Executors$RunnableAdapter.call(Executors.java:511)
	at java.util.concurrent.FutureTask.run(FutureTask.java:266)
	at java.util.concurrent.ThreadPoolExecutor.runWorker(ThreadPoolExecutor.java:1149)
	at java.util.concurrent.ThreadPoolExecutor$Worker.run(ThreadPoolExecutor.java:624)
	... 1 more
Caused by: org.apache.ratis.thirdparty.io.netty.channel.AbstractChannel$AnnotatedConnectException: Connection refused: /192.168.157.213:36639
	at sun.nio.ch.SocketChannelImpl.checkConnect(Native Method)
	at sun.nio.ch.SocketChannelImpl.finishConnect(SocketChannelImpl.java:717)
	at org.apache.ratis.thirdparty.io.netty.channel.socket.nio.NioSocketChannel.doFinishConnect(NioSocketChannel.java:327)
	at org.apache.ratis.thirdparty.io.netty.channel.nio.AbstractNioChannel$AbstractNioUnsafe.finishConnect(AbstractNioChannel.java:340)
	at org.apache.ratis.thirdparty.io.netty.channel.nio.NioEventLoop.processSelectedKey(NioEventLoop.java:632)
	at org.apache.ratis.thirdparty.io.netty.channel.nio.NioEventLoop.processSelectedKeysOptimized(NioEventLoop.java:579)
	at org.apache.ratis.thirdparty.io.netty.channel.nio.NioEventLoop.processSelectedKeys(NioEventLoop.java:496)
	at org.apache.ratis.thirdparty.io.netty.channel.nio.NioEventLoop.run(NioEventLoop.java:458)
	at org.apache.ratis.thirdparty.io.netty.util.concurrent.SingleThreadEventExecutor$5.run(SingleThreadEventExecutor.java:897)
	at org.apache.ratis.thirdparty.io.netty.util.concurrent.FastThreadLocalRunnable.run(FastThreadLocalRunnable.java:30)
	... 1 more
Caused by: java.net.ConnectException: Connection refused
	... 11 more
2019-10-19 01:04:58,952 [grpc-default-executor-7] INFO  impl.RaftServerImpl (RaftServerImpl.java:setRole(184)) - 64c90977-e867-487c-b50d-c226f2d34a76@group-D48B69A44692: changes role from  FOLLOWER to FOLLOWER at term 256 for recognizeCandidate:a1c78c0e-869c-4f76-b4ce-2034448e0b80
2019-10-19 01:04:58,952 [grpc-default-executor-7] INFO  impl.RoleInfo (RoleInfo.java:shutdownFollowerState(121)) - 64c90977-e867-487c-b50d-c226f2d34a76: shutdown FollowerState
2019-10-19 01:04:58,953 [grpc-default-executor-7] INFO  impl.RoleInfo (RoleInfo.java:updateAndGet(143)) - 64c90977-e867-487c-b50d-c226f2d34a76: start FollowerState
2019-10-19 01:04:58,953 [Thread-2771] INFO  impl.FollowerState (FollowerState.java:run(117)) - 64c90977-e867-487c-b50d-c226f2d34a76@group-D48B69A44692-FollowerState was interrupted: java.lang.InterruptedException: sleep interrupted
2019-10-19 01:04:58,967 [a1c78c0e-869c-4f76-b4ce-2034448e0b80@group-D48B69A44692-LeaderElection363] INFO  impl.LeaderElection (LeaderElection.java:logAndReturn(56)) - a1c78c0e-869c-4f76-b4ce-2034448e0b80@group-D48B69A44692-LeaderElection363: Election REJECTED; received 1 response(s) [a1c78c0e-869c-4f76-b4ce-2034448e0b80<-64c90977-e867-487c-b50d-c226f2d34a76#0:FAIL-t256] and 1 exception(s); a1c78c0e-869c-4f76-b4ce-2034448e0b80@group-D48B69A44692:t256, leader=null, voted=a1c78c0e-869c-4f76-b4ce-2034448e0b80, raftlog=a1c78c0e-869c-4f76-b4ce-2034448e0b80@group-D48B69A44692-SegmentedRaftLog:OPENED:c-1,f-1,i0, conf=-1: [51276c3c-a3b8-4274-b089-592ff4589f41:192.168.157.213:36639, 64c90977-e867-487c-b50d-c226f2d34a76:192.168.157.213:37433, a1c78c0e-869c-4f76-b4ce-2034448e0b80:192.168.157.213:33501], old=null
2019-10-19 01:04:58,967 [a1c78c0e-869c-4f76-b4ce-2034448e0b80@group-D48B69A44692-LeaderElection363] INFO  impl.LeaderElection (LogUtils.java:infoOrTrace(149)) -   Exception 0: {}
java.util.concurrent.ExecutionException: org.apache.ratis.thirdparty.io.grpc.StatusRuntimeException: UNAVAILABLE: io exception
	at java.util.concurrent.FutureTask.report(FutureTask.java:122)
	at java.util.concurrent.FutureTask.get(FutureTask.java:192)
	at org.apache.ratis.server.impl.LeaderElection.waitForResults(LeaderElection.java:259)
	at org.apache.ratis.server.impl.LeaderElection.askForVotes(LeaderElection.java:197)
	at org.apache.ratis.server.impl.LeaderElection.run(LeaderElection.java:133)
	at java.lang.Thread.run(Thread.java:748)
Caused by: org.apache.ratis.thirdparty.io.grpc.StatusRuntimeException: UNAVAILABLE: io exception
	at org.apache.ratis.thirdparty.io.grpc.stub.ClientCalls.toStatusRuntimeException(ClientCalls.java:233)
	at org.apache.ratis.thirdparty.io.grpc.stub.ClientCalls.getUnchecked(ClientCalls.java:214)
	at org.apache.ratis.thirdparty.io.grpc.stub.ClientCalls.blockingUnaryCall(ClientCalls.java:139)
	at org.apache.ratis.proto.grpc.RaftServerProtocolServiceGrpc$RaftServerProtocolServiceBlockingStub.requestVote(RaftServerProtocolServiceGrpc.java:265)
	at org.apache.ratis.grpc.server.GrpcServerProtocolClient.requestVote(GrpcServerProtocolClient.java:99)
	at org.apache.ratis.grpc.server.GrpcService.requestVote(GrpcService.java:204)
	at org.apache.ratis.server.impl.LeaderElection.lambda$submitRequests$1(LeaderElection.java:234)
	at java.util.concurrent.FutureTask.run(FutureTask.java:266)
	at java.util.concurrent.Executors$RunnableAdapter.call(Executors.java:511)
	at java.util.concurrent.FutureTask.run(FutureTask.java:266)
	at java.util.concurrent.ThreadPoolExecutor.runWorker(ThreadPoolExecutor.java:1149)
	at java.util.concurrent.ThreadPoolExecutor$Worker.run(ThreadPoolExecutor.java:624)
	... 1 more
Caused by: org.apache.ratis.thirdparty.io.netty.channel.AbstractChannel$AnnotatedConnectException: Connection refused: /192.168.157.213:36639
	at sun.nio.ch.SocketChannelImpl.checkConnect(Native Method)
	at sun.nio.ch.SocketChannelImpl.finishConnect(SocketChannelImpl.java:717)
	at org.apache.ratis.thirdparty.io.netty.channel.socket.nio.NioSocketChannel.doFinishConnect(NioSocketChannel.java:327)
	at org.apache.ratis.thirdparty.io.netty.channel.nio.AbstractNioChannel$AbstractNioUnsafe.finishConnect(AbstractNioChannel.java:340)
	at org.apache.ratis.thirdparty.io.netty.channel.nio.NioEventLoop.processSelectedKey(NioEventLoop.java:632)
	at org.apache.ratis.thirdparty.io.netty.channel.nio.NioEventLoop.processSelectedKeysOptimized(NioEventLoop.java:579)
	at org.apache.ratis.thirdparty.io.netty.channel.nio.NioEventLoop.processSelectedKeys(NioEventLoop.java:496)
	at org.apache.ratis.thirdparty.io.netty.channel.nio.NioEventLoop.run(NioEventLoop.java:458)
	at org.apache.ratis.thirdparty.io.netty.util.concurrent.SingleThreadEventExecutor$5.run(SingleThreadEventExecutor.java:897)
	at org.apache.ratis.thirdparty.io.netty.util.concurrent.FastThreadLocalRunnable.run(FastThreadLocalRunnable.java:30)
	... 1 more
Caused by: java.net.ConnectException: Connection refused
	... 11 more
2019-10-19 01:04:58,967 [a1c78c0e-869c-4f76-b4ce-2034448e0b80@group-D48B69A44692-LeaderElection363] INFO  impl.RaftServerImpl (RaftServerImpl.java:setRole(184)) - a1c78c0e-869c-4f76-b4ce-2034448e0b80@group-D48B69A44692: changes role from CANDIDATE to FOLLOWER at term 256 for DISCOVERED_A_NEW_TERM
2019-10-19 01:04:58,967 [a1c78c0e-869c-4f76-b4ce-2034448e0b80@group-D48B69A44692-LeaderElection363] INFO  impl.RoleInfo (RoleInfo.java:shutdownLeaderElection(134)) - a1c78c0e-869c-4f76-b4ce-2034448e0b80: shutdown LeaderElection
2019-10-19 01:04:58,967 [a1c78c0e-869c-4f76-b4ce-2034448e0b80@group-D48B69A44692-LeaderElection363] INFO  impl.RoleInfo (RoleInfo.java:updateAndGet(143)) - a1c78c0e-869c-4f76-b4ce-2034448e0b80: start FollowerState
2019-10-19 01:04:59,048 [Thread-2777] INFO  impl.FollowerState (FollowerState.java:run(108)) - a1c78c0e-869c-4f76-b4ce-2034448e0b80@group-D48B69A44692-FollowerState: change to CANDIDATE, lastRpcTime:81ms, electionTimeout:81ms
2019-10-19 01:04:59,049 [Thread-2777] INFO  impl.RoleInfo (RoleInfo.java:shutdownFollowerState(121)) - a1c78c0e-869c-4f76-b4ce-2034448e0b80: shutdown FollowerState
2019-10-19 01:04:59,049 [Thread-2777] INFO  impl.RaftServerImpl (RaftServerImpl.java:setRole(184)) - a1c78c0e-869c-4f76-b4ce-2034448e0b80@group-D48B69A44692: changes role from  FOLLOWER to CANDIDATE at term 256 for changeToCandidate
2019-10-19 01:04:59,049 [Thread-2777] INFO  impl.RoleInfo (RoleInfo.java:updateAndGet(143)) - a1c78c0e-869c-4f76-b4ce-2034448e0b80: start LeaderElection
2019-10-19 01:04:59,052 [a1c78c0e-869c-4f76-b4ce-2034448e0b80@group-D48B69A44692-LeaderElection364] INFO  impl.LeaderElection (LeaderElection.java:askForVotes(178)) - a1c78c0e-869c-4f76-b4ce-2034448e0b80@group-D48B69A44692-LeaderElection364: begin an election at term 257 for -1: [51276c3c-a3b8-4274-b089-592ff4589f41:192.168.157.213:36639, 64c90977-e867-487c-b50d-c226f2d34a76:192.168.157.213:37433, a1c78c0e-869c-4f76-b4ce-2034448e0b80:192.168.157.213:33501], old=null
2019-10-19 01:04:59,053 [a1c78c0e-869c-4f76-b4ce-2034448e0b80@group-D48B69A44692-LeaderElection364] INFO  impl.LeaderElection (LogUtils.java:infoOrTrace(149)) - a1c78c0e-869c-4f76-b4ce-2034448e0b80@group-D48B69A44692-LeaderElection364 got exception when requesting votes: {}
java.util.concurrent.ExecutionException: org.apache.ratis.thirdparty.io.grpc.StatusRuntimeException: UNAVAILABLE: io exception
	at java.util.concurrent.FutureTask.report(FutureTask.java:122)
	at java.util.concurrent.FutureTask.get(FutureTask.java:192)
	at org.apache.ratis.server.impl.LeaderElection.waitForResults(LeaderElection.java:259)
	at org.apache.ratis.server.impl.LeaderElection.askForVotes(LeaderElection.java:197)
	at org.apache.ratis.server.impl.LeaderElection.run(LeaderElection.java:133)
	at java.lang.Thread.run(Thread.java:748)
Caused by: org.apache.ratis.thirdparty.io.grpc.StatusRuntimeException: UNAVAILABLE: io exception
	at org.apache.ratis.thirdparty.io.grpc.stub.ClientCalls.toStatusRuntimeException(ClientCalls.java:233)
	at org.apache.ratis.thirdparty.io.grpc.stub.ClientCalls.getUnchecked(ClientCalls.java:214)
	at org.apache.ratis.thirdparty.io.grpc.stub.ClientCalls.blockingUnaryCall(ClientCalls.java:139)
	at org.apache.ratis.proto.grpc.RaftServerProtocolServiceGrpc$RaftServerProtocolServiceBlockingStub.requestVote(RaftServerProtocolServiceGrpc.java:265)
	at org.apache.ratis.grpc.server.GrpcServerProtocolClient.requestVote(GrpcServerProtocolClient.java:99)
	at org.apache.ratis.grpc.server.GrpcService.requestVote(GrpcService.java:204)
	at org.apache.ratis.server.impl.LeaderElection.lambda$submitRequests$1(LeaderElection.java:234)
	at java.util.concurrent.FutureTask.run(FutureTask.java:266)
	at java.util.concurrent.Executors$RunnableAdapter.call(Executors.java:511)
	at java.util.concurrent.FutureTask.run(FutureTask.java:266)
	at java.util.concurrent.ThreadPoolExecutor.runWorker(ThreadPoolExecutor.java:1149)
	at java.util.concurrent.ThreadPoolExecutor$Worker.run(ThreadPoolExecutor.java:624)
	... 1 more
Caused by: org.apache.ratis.thirdparty.io.netty.channel.AbstractChannel$AnnotatedConnectException: Connection refused: /192.168.157.213:36639
	at sun.nio.ch.SocketChannelImpl.checkConnect(Native Method)
	at sun.nio.ch.SocketChannelImpl.finishConnect(SocketChannelImpl.java:717)
	at org.apache.ratis.thirdparty.io.netty.channel.socket.nio.NioSocketChannel.doFinishConnect(NioSocketChannel.java:327)
	at org.apache.ratis.thirdparty.io.netty.channel.nio.AbstractNioChannel$AbstractNioUnsafe.finishConnect(AbstractNioChannel.java:340)
	at org.apache.ratis.thirdparty.io.netty.channel.nio.NioEventLoop.processSelectedKey(NioEventLoop.java:632)
	at org.apache.ratis.thirdparty.io.netty.channel.nio.NioEventLoop.processSelectedKeysOptimized(NioEventLoop.java:579)
	at org.apache.ratis.thirdparty.io.netty.channel.nio.NioEventLoop.processSelectedKeys(NioEventLoop.java:496)
	at org.apache.ratis.thirdparty.io.netty.channel.nio.NioEventLoop.run(NioEventLoop.java:458)
	at org.apache.ratis.thirdparty.io.netty.util.concurrent.SingleThreadEventExecutor$5.run(SingleThreadEventExecutor.java:897)
	at org.apache.ratis.thirdparty.io.netty.util.concurrent.FastThreadLocalRunnable.run(FastThreadLocalRunnable.java:30)
	... 1 more
Caused by: java.net.ConnectException: Connection refused
	... 11 more
2019-10-19 01:04:59,054 [grpc-default-executor-7] INFO  impl.RaftServerImpl (RaftServerImpl.java:setRole(184)) - 64c90977-e867-487c-b50d-c226f2d34a76@group-D48B69A44692: changes role from  FOLLOWER to FOLLOWER at term 257 for recognizeCandidate:a1c78c0e-869c-4f76-b4ce-2034448e0b80
2019-10-19 01:04:59,054 [grpc-default-executor-7] INFO  impl.RoleInfo (RoleInfo.java:shutdownFollowerState(121)) - 64c90977-e867-487c-b50d-c226f2d34a76: shutdown FollowerState
2019-10-19 01:04:59,054 [grpc-default-executor-7] INFO  impl.RoleInfo (RoleInfo.java:updateAndGet(143)) - 64c90977-e867-487c-b50d-c226f2d34a76: start FollowerState
2019-10-19 01:04:59,054 [Thread-2776] INFO  impl.FollowerState (FollowerState.java:run(117)) - 64c90977-e867-487c-b50d-c226f2d34a76@group-D48B69A44692-FollowerState was interrupted: java.lang.InterruptedException: sleep interrupted
2019-10-19 01:04:59,086 [a1c78c0e-869c-4f76-b4ce-2034448e0b80@group-D48B69A44692-LeaderElection364] INFO  impl.LeaderElection (LeaderElection.java:logAndReturn(56)) - a1c78c0e-869c-4f76-b4ce-2034448e0b80@group-D48B69A44692-LeaderElection364: Election REJECTED; received 1 response(s) [a1c78c0e-869c-4f76-b4ce-2034448e0b80<-64c90977-e867-487c-b50d-c226f2d34a76#0:FAIL-t257] and 1 exception(s); a1c78c0e-869c-4f76-b4ce-2034448e0b80@group-D48B69A44692:t257, leader=null, voted=a1c78c0e-869c-4f76-b4ce-2034448e0b80, raftlog=a1c78c0e-869c-4f76-b4ce-2034448e0b80@group-D48B69A44692-SegmentedRaftLog:OPENED:c-1,f-1,i0, conf=-1: [51276c3c-a3b8-4274-b089-592ff4589f41:192.168.157.213:36639, 64c90977-e867-487c-b50d-c226f2d34a76:192.168.157.213:37433, a1c78c0e-869c-4f76-b4ce-2034448e0b80:192.168.157.213:33501], old=null
2019-10-19 01:04:59,087 [a1c78c0e-869c-4f76-b4ce-2034448e0b80@group-D48B69A44692-LeaderElection364] INFO  impl.LeaderElection (LogUtils.java:infoOrTrace(149)) -   Exception 0: {}
java.util.concurrent.ExecutionException: org.apache.ratis.thirdparty.io.grpc.StatusRuntimeException: UNAVAILABLE: io exception
	at java.util.concurrent.FutureTask.report(FutureTask.java:122)
	at java.util.concurrent.FutureTask.get(FutureTask.java:192)
	at org.apache.ratis.server.impl.LeaderElection.waitForResults(LeaderElection.java:259)
	at org.apache.ratis.server.impl.LeaderElection.askForVotes(LeaderElection.java:197)
	at org.apache.ratis.server.impl.LeaderElection.run(LeaderElection.java:133)
	at java.lang.Thread.run(Thread.java:748)
Caused by: org.apache.ratis.thirdparty.io.grpc.StatusRuntimeException: UNAVAILABLE: io exception
	at org.apache.ratis.thirdparty.io.grpc.stub.ClientCalls.toStatusRuntimeException(ClientCalls.java:233)
	at org.apache.ratis.thirdparty.io.grpc.stub.ClientCalls.getUnchecked(ClientCalls.java:214)
	at org.apache.ratis.thirdparty.io.grpc.stub.ClientCalls.blockingUnaryCall(ClientCalls.java:139)
	at org.apache.ratis.proto.grpc.RaftServerProtocolServiceGrpc$RaftServerProtocolServiceBlockingStub.requestVote(RaftServerProtocolServiceGrpc.java:265)
	at org.apache.ratis.grpc.server.GrpcServerProtocolClient.requestVote(GrpcServerProtocolClient.java:99)
	at org.apache.ratis.grpc.server.GrpcService.requestVote(GrpcService.java:204)
	at org.apache.ratis.server.impl.LeaderElection.lambda$submitRequests$1(LeaderElection.java:234)
	at java.util.concurrent.FutureTask.run(FutureTask.java:266)
	at java.util.concurrent.Executors$RunnableAdapter.call(Executors.java:511)
	at java.util.concurrent.FutureTask.run(FutureTask.java:266)
	at java.util.concurrent.ThreadPoolExecutor.runWorker(ThreadPoolExecutor.java:1149)
	at java.util.concurrent.ThreadPoolExecutor$Worker.run(ThreadPoolExecutor.java:624)
	... 1 more
Caused by: org.apache.ratis.thirdparty.io.netty.channel.AbstractChannel$AnnotatedConnectException: Connection refused: /192.168.157.213:36639
	at sun.nio.ch.SocketChannelImpl.checkConnect(Native Method)
	at sun.nio.ch.SocketChannelImpl.finishConnect(SocketChannelImpl.java:717)
	at org.apache.ratis.thirdparty.io.netty.channel.socket.nio.NioSocketChannel.doFinishConnect(NioSocketChannel.java:327)
	at org.apache.ratis.thirdparty.io.netty.channel.nio.AbstractNioChannel$AbstractNioUnsafe.finishConnect(AbstractNioChannel.java:340)
	at org.apache.ratis.thirdparty.io.netty.channel.nio.NioEventLoop.processSelectedKey(NioEventLoop.java:632)
	at org.apache.ratis.thirdparty.io.netty.channel.nio.NioEventLoop.processSelectedKeysOptimized(NioEventLoop.java:579)
	at org.apache.ratis.thirdparty.io.netty.channel.nio.NioEventLoop.processSelectedKeys(NioEventLoop.java:496)
	at org.apache.ratis.thirdparty.io.netty.channel.nio.NioEventLoop.run(NioEventLoop.java:458)
	at org.apache.ratis.thirdparty.io.netty.util.concurrent.SingleThreadEventExecutor$5.run(SingleThreadEventExecutor.java:897)
	at org.apache.ratis.thirdparty.io.netty.util.concurrent.FastThreadLocalRunnable.run(FastThreadLocalRunnable.java:30)
	... 1 more
Caused by: java.net.ConnectException: Connection refused
	... 11 more
2019-10-19 01:04:59,089 [a1c78c0e-869c-4f76-b4ce-2034448e0b80@group-D48B69A44692-LeaderElection364] INFO  impl.RaftServerImpl (RaftServerImpl.java:setRole(184)) - a1c78c0e-869c-4f76-b4ce-2034448e0b80@group-D48B69A44692: changes role from CANDIDATE to FOLLOWER at term 257 for DISCOVERED_A_NEW_TERM
2019-10-19 01:04:59,089 [a1c78c0e-869c-4f76-b4ce-2034448e0b80@group-D48B69A44692-LeaderElection364] INFO  impl.RoleInfo (RoleInfo.java:shutdownLeaderElection(134)) - a1c78c0e-869c-4f76-b4ce-2034448e0b80: shutdown LeaderElection
2019-10-19 01:04:59,089 [a1c78c0e-869c-4f76-b4ce-2034448e0b80@group-D48B69A44692-LeaderElection364] INFO  impl.RoleInfo (RoleInfo.java:updateAndGet(143)) - a1c78c0e-869c-4f76-b4ce-2034448e0b80: start FollowerState
2019-10-19 01:04:59,246 [Thread-2782] INFO  impl.FollowerState (FollowerState.java:run(108)) - a1c78c0e-869c-4f76-b4ce-2034448e0b80@group-D48B69A44692-FollowerState: change to CANDIDATE, lastRpcTime:156ms, electionTimeout:156ms
2019-10-19 01:04:59,246 [Thread-2782] INFO  impl.RoleInfo (RoleInfo.java:shutdownFollowerState(121)) - a1c78c0e-869c-4f76-b4ce-2034448e0b80: shutdown FollowerState
2019-10-19 01:04:59,246 [Thread-2782] INFO  impl.RaftServerImpl (RaftServerImpl.java:setRole(184)) - a1c78c0e-869c-4f76-b4ce-2034448e0b80@group-D48B69A44692: changes role from  FOLLOWER to CANDIDATE at term 257 for changeToCandidate
2019-10-19 01:04:59,247 [Thread-2782] INFO  impl.RoleInfo (RoleInfo.java:updateAndGet(143)) - a1c78c0e-869c-4f76-b4ce-2034448e0b80: start LeaderElection
2019-10-19 01:04:59,269 [a1c78c0e-869c-4f76-b4ce-2034448e0b80@group-D48B69A44692-LeaderElection365] INFO  impl.LeaderElection (LeaderElection.java:askForVotes(178)) - a1c78c0e-869c-4f76-b4ce-2034448e0b80@group-D48B69A44692-LeaderElection365: begin an election at term 258 for -1: [51276c3c-a3b8-4274-b089-592ff4589f41:192.168.157.213:36639, 64c90977-e867-487c-b50d-c226f2d34a76:192.168.157.213:37433, a1c78c0e-869c-4f76-b4ce-2034448e0b80:192.168.157.213:33501], old=null
2019-10-19 01:04:59,276 [a1c78c0e-869c-4f76-b4ce-2034448e0b80@group-D48B69A44692-LeaderElection365] INFO  impl.LeaderElection (LogUtils.java:infoOrTrace(149)) - a1c78c0e-869c-4f76-b4ce-2034448e0b80@group-D48B69A44692-LeaderElection365 got exception when requesting votes: {}
java.util.concurrent.ExecutionException: org.apache.ratis.thirdparty.io.grpc.StatusRuntimeException: UNAVAILABLE: io exception
	at java.util.concurrent.FutureTask.report(FutureTask.java:122)
	at java.util.concurrent.FutureTask.get(FutureTask.java:192)
	at org.apache.ratis.server.impl.LeaderElection.waitForResults(LeaderElection.java:259)
	at org.apache.ratis.server.impl.LeaderElection.askForVotes(LeaderElection.java:197)
	at org.apache.ratis.server.impl.LeaderElection.run(LeaderElection.java:133)
	at java.lang.Thread.run(Thread.java:748)
Caused by: org.apache.ratis.thirdparty.io.grpc.StatusRuntimeException: UNAVAILABLE: io exception
	at org.apache.ratis.thirdparty.io.grpc.stub.ClientCalls.toStatusRuntimeException(ClientCalls.java:233)
	at org.apache.ratis.thirdparty.io.grpc.stub.ClientCalls.getUnchecked(ClientCalls.java:214)
	at org.apache.ratis.thirdparty.io.grpc.stub.ClientCalls.blockingUnaryCall(ClientCalls.java:139)
	at org.apache.ratis.proto.grpc.RaftServerProtocolServiceGrpc$RaftServerProtocolServiceBlockingStub.requestVote(RaftServerProtocolServiceGrpc.java:265)
	at org.apache.ratis.grpc.server.GrpcServerProtocolClient.requestVote(GrpcServerProtocolClient.java:99)
	at org.apache.ratis.grpc.server.GrpcService.requestVote(GrpcService.java:204)
	at org.apache.ratis.server.impl.LeaderElection.lambda$submitRequests$1(LeaderElection.java:234)
	at java.util.concurrent.FutureTask.run(FutureTask.java:266)
	at java.util.concurrent.Executors$RunnableAdapter.call(Executors.java:511)
	at java.util.concurrent.FutureTask.run(FutureTask.java:266)
	at java.util.concurrent.ThreadPoolExecutor.runWorker(ThreadPoolExecutor.java:1149)
	at java.util.concurrent.ThreadPoolExecutor$Worker.run(ThreadPoolExecutor.java:624)
	... 1 more
Caused by: org.apache.ratis.thirdparty.io.netty.channel.AbstractChannel$AnnotatedConnectException: Connection refused: /192.168.157.213:36639
	at sun.nio.ch.SocketChannelImpl.checkConnect(Native Method)
	at sun.nio.ch.SocketChannelImpl.finishConnect(SocketChannelImpl.java:717)
	at org.apache.ratis.thirdparty.io.netty.channel.socket.nio.NioSocketChannel.doFinishConnect(NioSocketChannel.java:327)
	at org.apache.ratis.thirdparty.io.netty.channel.nio.AbstractNioChannel$AbstractNioUnsafe.finishConnect(AbstractNioChannel.java:340)
	at org.apache.ratis.thirdparty.io.netty.channel.nio.NioEventLoop.processSelectedKey(NioEventLoop.java:632)
	at org.apache.ratis.thirdparty.io.netty.channel.nio.NioEventLoop.processSelectedKeysOptimized(NioEventLoop.java:579)
	at org.apache.ratis.thirdparty.io.netty.channel.nio.NioEventLoop.processSelectedKeys(NioEventLoop.java:496)
	at org.apache.ratis.thirdparty.io.netty.channel.nio.NioEventLoop.run(NioEventLoop.java:458)
	at org.apache.ratis.thirdparty.io.netty.util.concurrent.SingleThreadEventExecutor$5.run(SingleThreadEventExecutor.java:897)
	at org.apache.ratis.thirdparty.io.netty.util.concurrent.FastThreadLocalRunnable.run(FastThreadLocalRunnable.java:30)
	... 1 more
Caused by: java.net.ConnectException: Connection refused
	... 11 more
2019-10-19 01:04:59,276 [a1c78c0e-869c-4f76-b4ce-2034448e0b80@group-D48B69A44692-LeaderElection365] INFO  impl.LeaderElection (LeaderElection.java:logAndReturn(56)) - a1c78c0e-869c-4f76-b4ce-2034448e0b80@group-D48B69A44692-LeaderElection365: Election TIMEOUT; received 0 response(s) [] and 1 exception(s); a1c78c0e-869c-4f76-b4ce-2034448e0b80@group-D48B69A44692:t258, leader=null, voted=a1c78c0e-869c-4f76-b4ce-2034448e0b80, raftlog=a1c78c0e-869c-4f76-b4ce-2034448e0b80@group-D48B69A44692-SegmentedRaftLog:OPENED:c-1,f-1,i0, conf=-1: [51276c3c-a3b8-4274-b089-592ff4589f41:192.168.157.213:36639, 64c90977-e867-487c-b50d-c226f2d34a76:192.168.157.213:37433, a1c78c0e-869c-4f76-b4ce-2034448e0b80:192.168.157.213:33501], old=null
2019-10-19 01:04:59,276 [a1c78c0e-869c-4f76-b4ce-2034448e0b80@group-D48B69A44692-LeaderElection365] INFO  impl.LeaderElection (LogUtils.java:infoOrTrace(149)) -   Exception 0: {}
java.util.concurrent.ExecutionException: org.apache.ratis.thirdparty.io.grpc.StatusRuntimeException: UNAVAILABLE: io exception
	at java.util.concurrent.FutureTask.report(FutureTask.java:122)
	at java.util.concurrent.FutureTask.get(FutureTask.java:192)
	at org.apache.ratis.server.impl.LeaderElection.waitForResults(LeaderElection.java:259)
	at org.apache.ratis.server.impl.LeaderElection.askForVotes(LeaderElection.java:197)
	at org.apache.ratis.server.impl.LeaderElection.run(LeaderElection.java:133)
	at java.lang.Thread.run(Thread.java:748)
Caused by: org.apache.ratis.thirdparty.io.grpc.StatusRuntimeException: UNAVAILABLE: io exception
	at org.apache.ratis.thirdparty.io.grpc.stub.ClientCalls.toStatusRuntimeException(ClientCalls.java:233)
	at org.apache.ratis.thirdparty.io.grpc.stub.ClientCalls.getUnchecked(ClientCalls.java:214)
	at org.apache.ratis.thirdparty.io.grpc.stub.ClientCalls.blockingUnaryCall(ClientCalls.java:139)
	at org.apache.ratis.proto.grpc.RaftServerProtocolServiceGrpc$RaftServerProtocolServiceBlockingStub.requestVote(RaftServerProtocolServiceGrpc.java:265)
	at org.apache.ratis.grpc.server.GrpcServerProtocolClient.requestVote(GrpcServerProtocolClient.java:99)
	at org.apache.ratis.grpc.server.GrpcService.requestVote(GrpcService.java:204)
	at org.apache.ratis.server.impl.LeaderElection.lambda$submitRequests$1(LeaderElection.java:234)
	at java.util.concurrent.FutureTask.run(FutureTask.java:266)
	at java.util.concurrent.Executors$RunnableAdapter.call(Executors.java:511)
	at java.util.concurrent.FutureTask.run(FutureTask.java:266)
	at java.util.concurrent.ThreadPoolExecutor.runWorker(ThreadPoolExecutor.java:1149)
	at java.util.concurrent.ThreadPoolExecutor$Worker.run(ThreadPoolExecutor.java:624)
	... 1 more
Caused by: org.apache.ratis.thirdparty.io.netty.channel.AbstractChannel$AnnotatedConnectException: Connection refused: /192.168.157.213:36639
	at sun.nio.ch.SocketChannelImpl.checkConnect(Native Method)
	at sun.nio.ch.SocketChannelImpl.finishConnect(SocketChannelImpl.java:717)
	at org.apache.ratis.thirdparty.io.netty.channel.socket.nio.NioSocketChannel.doFinishConnect(NioSocketChannel.java:327)
	at org.apache.ratis.thirdparty.io.netty.channel.nio.AbstractNioChannel$AbstractNioUnsafe.finishConnect(AbstractNioChannel.java:340)
	at org.apache.ratis.thirdparty.io.netty.channel.nio.NioEventLoop.processSelectedKey(NioEventLoop.java:632)
	at org.apache.ratis.thirdparty.io.netty.channel.nio.NioEventLoop.processSelectedKeysOptimized(NioEventLoop.java:579)
	at org.apache.ratis.thirdparty.io.netty.channel.nio.NioEventLoop.processSelectedKeys(NioEventLoop.java:496)
	at org.apache.ratis.thirdparty.io.netty.channel.nio.NioEventLoop.run(NioEventLoop.java:458)
	at org.apache.ratis.thirdparty.io.netty.util.concurrent.SingleThreadEventExecutor$5.run(SingleThreadEventExecutor.java:897)
	at org.apache.ratis.thirdparty.io.netty.util.concurrent.FastThreadLocalRunnable.run(FastThreadLocalRunnable.java:30)
	... 1 more
Caused by: java.net.ConnectException: Connection refused
	... 11 more
2019-10-19 01:04:59,277 [grpc-default-executor-7] INFO  impl.RaftServerImpl (RaftServerImpl.java:setRole(184)) - 64c90977-e867-487c-b50d-c226f2d34a76@group-D48B69A44692: changes role from  FOLLOWER to FOLLOWER at term 258 for recognizeCandidate:a1c78c0e-869c-4f76-b4ce-2034448e0b80
2019-10-19 01:04:59,278 [grpc-default-executor-7] INFO  impl.RoleInfo (RoleInfo.java:shutdownFollowerState(121)) - 64c90977-e867-487c-b50d-c226f2d34a76: shutdown FollowerState
2019-10-19 01:04:59,278 [grpc-default-executor-7] INFO  impl.RoleInfo (RoleInfo.java:updateAndGet(143)) - 64c90977-e867-487c-b50d-c226f2d34a76: start FollowerState
2019-10-19 01:04:59,278 [Thread-2781] INFO  impl.FollowerState (FollowerState.java:run(117)) - 64c90977-e867-487c-b50d-c226f2d34a76@group-D48B69A44692-FollowerState was interrupted: java.lang.InterruptedException: sleep interrupted
2019-10-19 01:04:59,291 [a1c78c0e-869c-4f76-b4ce-2034448e0b80@group-D48B69A44692-LeaderElection365] INFO  impl.LeaderElection (LeaderElection.java:askForVotes(178)) - a1c78c0e-869c-4f76-b4ce-2034448e0b80@group-D48B69A44692-LeaderElection365: begin an election at term 259 for -1: [51276c3c-a3b8-4274-b089-592ff4589f41:192.168.157.213:36639, 64c90977-e867-487c-b50d-c226f2d34a76:192.168.157.213:37433, a1c78c0e-869c-4f76-b4ce-2034448e0b80:192.168.157.213:33501], old=null
2019-10-19 01:04:59,292 [a1c78c0e-869c-4f76-b4ce-2034448e0b80@group-D48B69A44692-LeaderElection365] INFO  impl.LeaderElection (LogUtils.java:infoOrTrace(149)) - a1c78c0e-869c-4f76-b4ce-2034448e0b80@group-D48B69A44692-LeaderElection365 got exception when requesting votes: {}
java.util.concurrent.ExecutionException: org.apache.ratis.thirdparty.io.grpc.StatusRuntimeException: UNAVAILABLE: io exception
	at java.util.concurrent.FutureTask.report(FutureTask.java:122)
	at java.util.concurrent.FutureTask.get(FutureTask.java:192)
	at org.apache.ratis.server.impl.LeaderElection.waitForResults(LeaderElection.java:259)
	at org.apache.ratis.server.impl.LeaderElection.askForVotes(LeaderElection.java:197)
	at org.apache.ratis.server.impl.LeaderElection.run(LeaderElection.java:133)
	at java.lang.Thread.run(Thread.java:748)
Caused by: org.apache.ratis.thirdparty.io.grpc.StatusRuntimeException: UNAVAILABLE: io exception
	at org.apache.ratis.thirdparty.io.grpc.stub.ClientCalls.toStatusRuntimeException(ClientCalls.java:233)
	at org.apache.ratis.thirdparty.io.grpc.stub.ClientCalls.getUnchecked(ClientCalls.java:214)
	at org.apache.ratis.thirdparty.io.grpc.stub.ClientCalls.blockingUnaryCall(ClientCalls.java:139)
	at org.apache.ratis.proto.grpc.RaftServerProtocolServiceGrpc$RaftServerProtocolServiceBlockingStub.requestVote(RaftServerProtocolServiceGrpc.java:265)
	at org.apache.ratis.grpc.server.GrpcServerProtocolClient.requestVote(GrpcServerProtocolClient.java:99)
	at org.apache.ratis.grpc.server.GrpcService.requestVote(GrpcService.java:204)
	at org.apache.ratis.server.impl.LeaderElection.lambda$submitRequests$1(LeaderElection.java:234)
	at java.util.concurrent.FutureTask.run(FutureTask.java:266)
	at java.util.concurrent.Executors$RunnableAdapter.call(Executors.java:511)
	at java.util.concurrent.FutureTask.run(FutureTask.java:266)
	at java.util.concurrent.ThreadPoolExecutor.runWorker(ThreadPoolExecutor.java:1149)
	at java.util.concurrent.ThreadPoolExecutor$Worker.run(ThreadPoolExecutor.java:624)
	... 1 more
Caused by: org.apache.ratis.thirdparty.io.netty.channel.AbstractChannel$AnnotatedConnectException: Connection refused: /192.168.157.213:36639
	at sun.nio.ch.SocketChannelImpl.checkConnect(Native Method)
	at sun.nio.ch.SocketChannelImpl.finishConnect(SocketChannelImpl.java:717)
	at org.apache.ratis.thirdparty.io.netty.channel.socket.nio.NioSocketChannel.doFinishConnect(NioSocketChannel.java:327)
	at org.apache.ratis.thirdparty.io.netty.channel.nio.AbstractNioChannel$AbstractNioUnsafe.finishConnect(AbstractNioChannel.java:340)
	at org.apache.ratis.thirdparty.io.netty.channel.nio.NioEventLoop.processSelectedKey(NioEventLoop.java:632)
	at org.apache.ratis.thirdparty.io.netty.channel.nio.NioEventLoop.processSelectedKeysOptimized(NioEventLoop.java:579)
	at org.apache.ratis.thirdparty.io.netty.channel.nio.NioEventLoop.processSelectedKeys(NioEventLoop.java:496)
	at org.apache.ratis.thirdparty.io.netty.channel.nio.NioEventLoop.run(NioEventLoop.java:458)
	at org.apache.ratis.thirdparty.io.netty.util.concurrent.SingleThreadEventExecutor$5.run(SingleThreadEventExecutor.java:897)
	at org.apache.ratis.thirdparty.io.netty.util.concurrent.FastThreadLocalRunnable.run(FastThreadLocalRunnable.java:30)
	... 1 more
Caused by: java.net.ConnectException: Connection refused
	... 11 more
2019-10-19 01:04:59,292 [grpc-default-executor-7] INFO  impl.RaftServerImpl (RaftServerImpl.java:setRole(184)) - 64c90977-e867-487c-b50d-c226f2d34a76@group-D48B69A44692: changes role from  FOLLOWER to FOLLOWER at term 259 for recognizeCandidate:a1c78c0e-869c-4f76-b4ce-2034448e0b80
2019-10-19 01:04:59,293 [grpc-default-executor-7] INFO  impl.RoleInfo (RoleInfo.java:shutdownFollowerState(121)) - 64c90977-e867-487c-b50d-c226f2d34a76: shutdown FollowerState
2019-10-19 01:04:59,293 [grpc-default-executor-7] INFO  impl.RoleInfo (RoleInfo.java:updateAndGet(143)) - 64c90977-e867-487c-b50d-c226f2d34a76: start FollowerState
2019-10-19 01:04:59,293 [Thread-2786] INFO  impl.FollowerState (FollowerState.java:run(117)) - 64c90977-e867-487c-b50d-c226f2d34a76@group-D48B69A44692-FollowerState was interrupted: java.lang.InterruptedException: sleep interrupted
2019-10-19 01:04:59,315 [a1c78c0e-869c-4f76-b4ce-2034448e0b80@group-D48B69A44692-LeaderElection365] INFO  impl.LeaderElection (LeaderElection.java:logAndReturn(56)) - a1c78c0e-869c-4f76-b4ce-2034448e0b80@group-D48B69A44692-LeaderElection365: Election REJECTED; received 1 response(s) [a1c78c0e-869c-4f76-b4ce-2034448e0b80<-64c90977-e867-487c-b50d-c226f2d34a76#0:FAIL-t259] and 1 exception(s); a1c78c0e-869c-4f76-b4ce-2034448e0b80@group-D48B69A44692:t259, leader=null, voted=a1c78c0e-869c-4f76-b4ce-2034448e0b80, raftlog=a1c78c0e-869c-4f76-b4ce-2034448e0b80@group-D48B69A44692-SegmentedRaftLog:OPENED:c-1,f-1,i0, conf=-1: [51276c3c-a3b8-4274-b089-592ff4589f41:192.168.157.213:36639, 64c90977-e867-487c-b50d-c226f2d34a76:192.168.157.213:37433, a1c78c0e-869c-4f76-b4ce-2034448e0b80:192.168.157.213:33501], old=null
2019-10-19 01:04:59,315 [a1c78c0e-869c-4f76-b4ce-2034448e0b80@group-D48B69A44692-LeaderElection365] INFO  impl.LeaderElection (LogUtils.java:infoOrTrace(149)) -   Exception 0: {}
java.util.concurrent.ExecutionException: org.apache.ratis.thirdparty.io.grpc.StatusRuntimeException: UNAVAILABLE: io exception
	at java.util.concurrent.FutureTask.report(FutureTask.java:122)
	at java.util.concurrent.FutureTask.get(FutureTask.java:192)
	at org.apache.ratis.server.impl.LeaderElection.waitForResults(LeaderElection.java:259)
	at org.apache.ratis.server.impl.LeaderElection.askForVotes(LeaderElection.java:197)
	at org.apache.ratis.server.impl.LeaderElection.run(LeaderElection.java:133)
	at java.lang.Thread.run(Thread.java:748)
Caused by: org.apache.ratis.thirdparty.io.grpc.StatusRuntimeException: UNAVAILABLE: io exception
	at org.apache.ratis.thirdparty.io.grpc.stub.ClientCalls.toStatusRuntimeException(ClientCalls.java:233)
	at org.apache.ratis.thirdparty.io.grpc.stub.ClientCalls.getUnchecked(ClientCalls.java:214)
	at org.apache.ratis.thirdparty.io.grpc.stub.ClientCalls.blockingUnaryCall(ClientCalls.java:139)
	at org.apache.ratis.proto.grpc.RaftServerProtocolServiceGrpc$RaftServerProtocolServiceBlockingStub.requestVote(RaftServerProtocolServiceGrpc.java:265)
	at org.apache.ratis.grpc.server.GrpcServerProtocolClient.requestVote(GrpcServerProtocolClient.java:99)
	at org.apache.ratis.grpc.server.GrpcService.requestVote(GrpcService.java:204)
	at org.apache.ratis.server.impl.LeaderElection.lambda$submitRequests$1(LeaderElection.java:234)
	at java.util.concurrent.FutureTask.run(FutureTask.java:266)
	at java.util.concurrent.Executors$RunnableAdapter.call(Executors.java:511)
	at java.util.concurrent.FutureTask.run(FutureTask.java:266)
	at java.util.concurrent.ThreadPoolExecutor.runWorker(ThreadPoolExecutor.java:1149)
	at java.util.concurrent.ThreadPoolExecutor$Worker.run(ThreadPoolExecutor.java:624)
	... 1 more
Caused by: org.apache.ratis.thirdparty.io.netty.channel.AbstractChannel$AnnotatedConnectException: Connection refused: /192.168.157.213:36639
	at sun.nio.ch.SocketChannelImpl.checkConnect(Native Method)
	at sun.nio.ch.SocketChannelImpl.finishConnect(SocketChannelImpl.java:717)
	at org.apache.ratis.thirdparty.io.netty.channel.socket.nio.NioSocketChannel.doFinishConnect(NioSocketChannel.java:327)
	at org.apache.ratis.thirdparty.io.netty.channel.nio.AbstractNioChannel$AbstractNioUnsafe.finishConnect(AbstractNioChannel.java:340)
	at org.apache.ratis.thirdparty.io.netty.channel.nio.NioEventLoop.processSelectedKey(NioEventLoop.java:632)
	at org.apache.ratis.thirdparty.io.netty.channel.nio.NioEventLoop.processSelectedKeysOptimized(NioEventLoop.java:579)
	at org.apache.ratis.thirdparty.io.netty.channel.nio.NioEventLoop.processSelectedKeys(NioEventLoop.java:496)
	at org.apache.ratis.thirdparty.io.netty.channel.nio.NioEventLoop.run(NioEventLoop.java:458)
	at org.apache.ratis.thirdparty.io.netty.util.concurrent.SingleThreadEventExecutor$5.run(SingleThreadEventExecutor.java:897)
	at org.apache.ratis.thirdparty.io.netty.util.concurrent.FastThreadLocalRunnable.run(FastThreadLocalRunnable.java:30)
	... 1 more
Caused by: java.net.ConnectException: Connection refused
	... 11 more
2019-10-19 01:04:59,316 [a1c78c0e-869c-4f76-b4ce-2034448e0b80@group-D48B69A44692-LeaderElection365] INFO  impl.RaftServerImpl (RaftServerImpl.java:setRole(184)) - a1c78c0e-869c-4f76-b4ce-2034448e0b80@group-D48B69A44692: changes role from CANDIDATE to FOLLOWER at term 259 for DISCOVERED_A_NEW_TERM
2019-10-19 01:04:59,316 [a1c78c0e-869c-4f76-b4ce-2034448e0b80@group-D48B69A44692-LeaderElection365] INFO  impl.RoleInfo (RoleInfo.java:shutdownLeaderElection(134)) - a1c78c0e-869c-4f76-b4ce-2034448e0b80: shutdown LeaderElection
2019-10-19 01:04:59,316 [a1c78c0e-869c-4f76-b4ce-2034448e0b80@group-D48B69A44692-LeaderElection365] INFO  impl.RoleInfo (RoleInfo.java:updateAndGet(143)) - a1c78c0e-869c-4f76-b4ce-2034448e0b80: start FollowerState
2019-10-19 01:04:59,356 [java.util.concurrent.ThreadPoolExecutor$Worker@3d9b74b8[State = -1, empty queue]] WARN  server.GrpcLogAppender (GrpcLogAppender.java:timeoutAppendRequest(209)) - b26a8d60-58dc-431d-8168-f89a9ab35f3a@group-FB3B7D7D89E3->16805c57-9f45-4377-8998-764a8f26e152-GrpcLogAppender: appendEntries Timeout, request=b26a8d60-58dc-431d-8168-f89a9ab35f3a->16805c57-9f45-4377-8998-764a8f26e152#25-t129, previous=(t:129, i:2), leaderCommit=2, initializing? false, entries: <empty>
2019-10-19 01:04:59,444 [ForkJoinPool.commonPool-worker-0] INFO  ozoneimpl.OzoneContainer (OzoneContainer.java:stop(227)) - Attempting to stop container services.
2019-10-19 01:04:59,445 [ForkJoinPool.commonPool-worker-0] INFO  impl.RaftServerProxy (RaftServerProxy.java:lambda$close$4(314)) - 64c90977-e867-487c-b50d-c226f2d34a76: close
2019-10-19 01:04:59,445 [ForkJoinPool.commonPool-worker-0] INFO  impl.RaftServerImpl (RaftServerImpl.java:lambda$shutdown$3(261)) - 64c90977-e867-487c-b50d-c226f2d34a76@group-D48B69A44692: shutdown
2019-10-19 01:04:59,446 [main] INFO  ozoneimpl.OzoneContainer (OzoneContainer.java:stop(227)) - Attempting to stop container services.
2019-10-19 01:04:59,446 [ForkJoinPool.commonPool-worker-0] INFO  util.JmxRegister (JmxRegister.java:unregister(73)) - Successfully un-registered JMX Bean with object name Ratis:service=RaftServer,group=group-D48B69A44692,id=64c90977-e867-487c-b50d-c226f2d34a76
2019-10-19 01:04:59,446 [main] INFO  impl.RaftServerProxy (RaftServerProxy.java:lambda$close$4(314)) - b26a8d60-58dc-431d-8168-f89a9ab35f3a: close
2019-10-19 01:04:59,446 [ForkJoinPool.commonPool-worker-0] INFO  impl.RoleInfo (RoleInfo.java:shutdownFollowerState(121)) - 64c90977-e867-487c-b50d-c226f2d34a76: shutdown FollowerState
2019-10-19 01:04:59,447 [main] INFO  impl.RaftServerImpl (RaftServerImpl.java:lambda$shutdown$3(261)) - b26a8d60-58dc-431d-8168-f89a9ab35f3a@group-551133B94023: shutdown
2019-10-19 01:04:59,447 [Thread-2789] INFO  impl.FollowerState (FollowerState.java:run(117)) - 64c90977-e867-487c-b50d-c226f2d34a76@group-D48B69A44692-FollowerState was interrupted: java.lang.InterruptedException: sleep interrupted
2019-10-19 01:04:59,447 [ForkJoinPool.commonPool-worker-0] INFO  impl.StateMachineUpdater (StateMachineUpdater.java:stopAndJoin(136)) - 64c90977-e867-487c-b50d-c226f2d34a76@group-D48B69A44692-StateMachineUpdater: set stopIndex = 0
2019-10-19 01:04:59,447 [main] INFO  util.JmxRegister (JmxRegister.java:unregister(73)) - Successfully un-registered JMX Bean with object name Ratis:service=RaftServer,group=group-551133B94023,id=b26a8d60-58dc-431d-8168-f89a9ab35f3a
2019-10-19 01:04:59,448 [ForkJoinPool.commonPool-worker-0] INFO  impl.RaftServerImpl (ServerState.java:close(388)) - 64c90977-e867-487c-b50d-c226f2d34a76@group-D48B69A44692: closes. applyIndex: 0
2019-10-19 01:04:59,448 [main] INFO  impl.RoleInfo (RoleInfo.java:shutdownLeaderState(104)) - b26a8d60-58dc-431d-8168-f89a9ab35f3a: shutdown LeaderState
2019-10-19 01:04:59,449 [64c90977-e867-487c-b50d-c226f2d34a76@group-D48B69A44692-SegmentedRaftLogWorker] INFO  segmented.SegmentedRaftLogWorker (SegmentedRaftLogWorker.java:run(316)) - 64c90977-e867-487c-b50d-c226f2d34a76@group-D48B69A44692-SegmentedRaftLogWorker was interrupted, exiting. There are 0 tasks remaining in the queue.
2019-10-19 01:04:59,449 [main] INFO  impl.PendingRequests (PendingRequests.java:sendNotLeaderResponses(202)) - b26a8d60-58dc-431d-8168-f89a9ab35f3a@group-551133B94023-PendingRequests: sendNotLeaderResponses
2019-10-19 01:04:59,449 [ForkJoinPool.commonPool-worker-0] INFO  segmented.SegmentedRaftLogWorker (SegmentedRaftLogWorker.java:close(224)) - 64c90977-e867-487c-b50d-c226f2d34a76@group-D48B69A44692-SegmentedRaftLogWorker close()
2019-10-19 01:04:59,450 [main] INFO  impl.StateMachineUpdater (StateMachineUpdater.java:stopAndJoin(136)) - b26a8d60-58dc-431d-8168-f89a9ab35f3a@group-551133B94023-StateMachineUpdater: set stopIndex = 0
2019-10-19 01:04:59,452 [ForkJoinPool.commonPool-worker-0] INFO  impl.RaftServerImpl (RaftServerImpl.java:lambda$shutdown$3(261)) - 64c90977-e867-487c-b50d-c226f2d34a76@group-8108A593CD98: shutdown
2019-10-19 01:04:59,452 [main] INFO  impl.RaftServerImpl (ServerState.java:close(388)) - b26a8d60-58dc-431d-8168-f89a9ab35f3a@group-551133B94023: closes. applyIndex: 0
2019-10-19 01:04:59,452 [ForkJoinPool.commonPool-worker-0] INFO  util.JmxRegister (JmxRegister.java:unregister(73)) - Successfully un-registered JMX Bean with object name Ratis:service=RaftServer,group=group-8108A593CD98,id=64c90977-e867-487c-b50d-c226f2d34a76
2019-10-19 01:04:59,453 [ForkJoinPool.commonPool-worker-0] INFO  impl.RoleInfo (RoleInfo.java:shutdownLeaderState(104)) - 64c90977-e867-487c-b50d-c226f2d34a76: shutdown LeaderState
2019-10-19 01:04:59,453 [b26a8d60-58dc-431d-8168-f89a9ab35f3a@group-551133B94023-SegmentedRaftLogWorker] INFO  segmented.SegmentedRaftLogWorker (SegmentedRaftLogWorker.java:run(316)) - b26a8d60-58dc-431d-8168-f89a9ab35f3a@group-551133B94023-SegmentedRaftLogWorker was interrupted, exiting. There are 0 tasks remaining in the queue.
2019-10-19 01:04:59,453 [ForkJoinPool.commonPool-worker-0] INFO  impl.PendingRequests (PendingRequests.java:sendNotLeaderResponses(202)) - 64c90977-e867-487c-b50d-c226f2d34a76@group-8108A593CD98-PendingRequests: sendNotLeaderResponses
2019-10-19 01:04:59,453 [main] INFO  segmented.SegmentedRaftLogWorker (SegmentedRaftLogWorker.java:close(224)) - b26a8d60-58dc-431d-8168-f89a9ab35f3a@group-551133B94023-SegmentedRaftLogWorker close()
2019-10-19 01:04:59,454 [ForkJoinPool.commonPool-worker-0] INFO  impl.StateMachineUpdater (StateMachineUpdater.java:stopAndJoin(136)) - 64c90977-e867-487c-b50d-c226f2d34a76@group-8108A593CD98-StateMachineUpdater: set stopIndex = 0
2019-10-19 01:04:59,455 [main] INFO  impl.RaftServerImpl (RaftServerImpl.java:lambda$shutdown$3(261)) - b26a8d60-58dc-431d-8168-f89a9ab35f3a@group-FB3B7D7D89E3: shutdown
2019-10-19 01:04:59,455 [ForkJoinPool.commonPool-worker-0] INFO  impl.RaftServerImpl (ServerState.java:close(388)) - 64c90977-e867-487c-b50d-c226f2d34a76@group-8108A593CD98: closes. applyIndex: 0
2019-10-19 01:04:59,456 [main] INFO  util.JmxRegister (JmxRegister.java:unregister(73)) - Successfully un-registered JMX Bean with object name Ratis:service=RaftServer,group=group-FB3B7D7D89E3,id=b26a8d60-58dc-431d-8168-f89a9ab35f3a
2019-10-19 01:04:59,456 [64c90977-e867-487c-b50d-c226f2d34a76@group-8108A593CD98-SegmentedRaftLogWorker] INFO  segmented.SegmentedRaftLogWorker (SegmentedRaftLogWorker.java:run(316)) - 64c90977-e867-487c-b50d-c226f2d34a76@group-8108A593CD98-SegmentedRaftLogWorker was interrupted, exiting. There are 0 tasks remaining in the queue.
2019-10-19 01:04:59,456 [main] INFO  impl.RoleInfo (RoleInfo.java:shutdownLeaderState(104)) - b26a8d60-58dc-431d-8168-f89a9ab35f3a: shutdown LeaderState
2019-10-19 01:04:59,456 [ForkJoinPool.commonPool-worker-0] INFO  segmented.SegmentedRaftLogWorker (SegmentedRaftLogWorker.java:close(224)) - 64c90977-e867-487c-b50d-c226f2d34a76@group-8108A593CD98-SegmentedRaftLogWorker close()
2019-10-19 01:04:59,458 [main] INFO  impl.PendingRequests (PendingRequests.java:sendNotLeaderResponses(202)) - b26a8d60-58dc-431d-8168-f89a9ab35f3a@group-FB3B7D7D89E3-PendingRequests: sendNotLeaderResponses
2019-10-19 01:04:59,460 [ForkJoinPool.commonPool-worker-0] INFO  server.GrpcService (GrpcService.java:closeImpl(164)) - 64c90977-e867-487c-b50d-c226f2d34a76: shutdown server with port 37433 now
2019-10-19 01:04:59,459 [org.apache.ratis.server.impl.LogAppender$AppenderDaemon$$Lambda$421/1922320946@590167ce] WARN  server.GrpcLogAppender (GrpcLogAppender.java:mayWait(149)) - b26a8d60-58dc-431d-8168-f89a9ab35f3a@group-FB3B7D7D89E3->16805c57-9f45-4377-8998-764a8f26e152-GrpcLogAppender: Wait interrupted by java.lang.InterruptedException
2019-10-19 01:04:59,458 [org.apache.ratis.server.impl.LogAppender$AppenderDaemon$$Lambda$421/1922320946@4a9f9548] WARN  server.GrpcLogAppender (GrpcLogAppender.java:mayWait(149)) - b26a8d60-58dc-431d-8168-f89a9ab35f3a@group-FB3B7D7D89E3->a54795b0-6c9c-4137-a866-f82f653c9bf9-GrpcLogAppender: Wait interrupted by java.lang.InterruptedException
2019-10-19 01:04:59,461 [main] INFO  impl.StateMachineUpdater (StateMachineUpdater.java:stopAndJoin(136)) - b26a8d60-58dc-431d-8168-f89a9ab35f3a@group-FB3B7D7D89E3-StateMachineUpdater: set stopIndex = 2
2019-10-19 01:04:59,461 [main] INFO  impl.RaftServerImpl (ServerState.java:close(388)) - b26a8d60-58dc-431d-8168-f89a9ab35f3a@group-FB3B7D7D89E3: closes. applyIndex: 2
2019-10-19 01:04:59,462 [b26a8d60-58dc-431d-8168-f89a9ab35f3a@group-FB3B7D7D89E3-SegmentedRaftLogWorker] INFO  segmented.SegmentedRaftLogWorker (SegmentedRaftLogWorker.java:run(316)) - b26a8d60-58dc-431d-8168-f89a9ab35f3a@group-FB3B7D7D89E3-SegmentedRaftLogWorker was interrupted, exiting. There are 0 tasks remaining in the queue.
2019-10-19 01:04:59,462 [main] INFO  segmented.SegmentedRaftLogWorker (SegmentedRaftLogWorker.java:close(224)) - b26a8d60-58dc-431d-8168-f89a9ab35f3a@group-FB3B7D7D89E3-SegmentedRaftLogWorker close()
2019-10-19 01:04:59,462 [ForkJoinPool.commonPool-worker-0] INFO  server.GrpcService (GrpcService.java:closeImpl(172)) - 64c90977-e867-487c-b50d-c226f2d34a76: shutdown server with port 37433 successfully
2019-10-19 01:04:59,464 [main] INFO  server.GrpcService (GrpcService.java:closeImpl(164)) - b26a8d60-58dc-431d-8168-f89a9ab35f3a: shutdown server with port 35535 now
2019-10-19 01:04:59,467 [main] INFO  server.GrpcService (GrpcService.java:closeImpl(172)) - b26a8d60-58dc-431d-8168-f89a9ab35f3a: shutdown server with port 35535 successfully
2019-10-19 01:04:59,468 [refreshUsed-/workdir/hadoop-ozone/integration-test/target/test-dir/MiniOzoneClusterImpl-08d89ad4-f612-48fc-8979-c1cb428f8ac2/datanode-0/data/containers] WARN  fs.CachingGetSpaceUsed (CachingGetSpaceUsed.java:run(183)) - Thread Interrupted waiting to refresh disk information: sleep interrupted
2019-10-19 01:04:59,472 [refreshUsed-/workdir/hadoop-ozone/integration-test/target/test-dir/MiniOzoneClusterImpl-08d89ad4-f612-48fc-8979-c1cb428f8ac2/datanode-9/data/containers] WARN  fs.CachingGetSpaceUsed (CachingGetSpaceUsed.java:run(183)) - Thread Interrupted waiting to refresh disk information: sleep interrupted
2019-10-19 01:04:59,490 [main] INFO  utils.BackgroundService (BackgroundService.java:shutdown(151)) - Shutting down service BlockDeletingService
2019-10-19 01:04:59,493 [main] INFO  statemachine.DatanodeStateMachine (DatanodeStateMachine.java:stopDaemon(395)) - Ozone container server stopped.
2019-10-19 01:04:59,494 [ForkJoinPool.commonPool-worker-0] INFO  utils.BackgroundService (BackgroundService.java:shutdown(151)) - Shutting down service BlockDeletingService
2019-10-19 01:04:59,495 [main] INFO  handler.ContextHandler (ContextHandler.java:doStop(910)) - Stopped o.e.j.w.WebAppContext@10c72a6f{/,null,UNAVAILABLE}{/hddsDatanode}
2019-10-19 01:04:59,497 [ForkJoinPool.commonPool-worker-0] INFO  statemachine.DatanodeStateMachine (DatanodeStateMachine.java:stopDaemon(395)) - Ozone container server stopped.
2019-10-19 01:04:59,499 [main] INFO  server.AbstractConnector (AbstractConnector.java:doStop(318)) - Stopped ServerConnector@70e94ecb{HTTP/1.1,[http/1.1]}{0.0.0.0:0}
2019-10-19 01:04:59,500 [ForkJoinPool.commonPool-worker-0] INFO  handler.ContextHandler (ContextHandler.java:doStop(910)) - Stopped o.e.j.w.WebAppContext@61cd1c71{/,null,UNAVAILABLE}{/hddsDatanode}
2019-10-19 01:04:59,501 [main] INFO  handler.ContextHandler (ContextHandler.java:doStop(910)) - Stopped o.e.j.s.ServletContextHandler@19a64eae{/static,jar:file:/home/user/.m2/repository/org/apache/hadoop/hadoop-hdds-container-service/0.5.0-SNAPSHOT/hadoop-hdds-container-service-0.5.0-SNAPSHOT.jar!/webapps/static,UNAVAILABLE}
2019-10-19 01:04:59,501 [main] INFO  handler.ContextHandler (ContextHandler.java:doStop(910)) - Stopped o.e.j.s.ServletContextHandler@6cbd0674{/logs,file:///workdir/hadoop-ozone/integration-test/target/log,UNAVAILABLE}
2019-10-19 01:04:59,501 [ForkJoinPool.commonPool-worker-0] INFO  server.AbstractConnector (AbstractConnector.java:doStop(318)) - Stopped ServerConnector@6724cdec{HTTP/1.1,[http/1.1]}{0.0.0.0:0}
2019-10-19 01:04:59,502 [ForkJoinPool.commonPool-worker-0] INFO  handler.ContextHandler (ContextHandler.java:doStop(910)) - Stopped o.e.j.s.ServletContextHandler@13d9261f{/static,jar:file:/home/user/.m2/repository/org/apache/hadoop/hadoop-hdds-container-service/0.5.0-SNAPSHOT/hadoop-hdds-container-service-0.5.0-SNAPSHOT.jar!/webapps/static,UNAVAILABLE}
2019-10-19 01:04:59,504 [ForkJoinPool.commonPool-worker-0] INFO  handler.ContextHandler (ContextHandler.java:doStop(910)) - Stopped o.e.j.s.ServletContextHandler@644ded04{/logs,file:///workdir/hadoop-ozone/integration-test/target/log,UNAVAILABLE}
2019-10-19 01:04:59,505 [Thread-2790] INFO  impl.FollowerState (FollowerState.java:run(108)) - a1c78c0e-869c-4f76-b4ce-2034448e0b80@group-D48B69A44692-FollowerState: change to CANDIDATE, lastRpcTime:189ms, electionTimeout:189ms
2019-10-19 01:04:59,505 [Thread-2790] INFO  impl.RoleInfo (RoleInfo.java:shutdownFollowerState(121)) - a1c78c0e-869c-4f76-b4ce-2034448e0b80: shutdown FollowerState
2019-10-19 01:04:59,505 [Thread-2790] INFO  impl.RaftServerImpl (RaftServerImpl.java:setRole(184)) - a1c78c0e-869c-4f76-b4ce-2034448e0b80@group-D48B69A44692: changes role from  FOLLOWER to CANDIDATE at term 259 for changeToCandidate
2019-10-19 01:04:59,506 [Thread-2790] INFO  impl.RoleInfo (RoleInfo.java:updateAndGet(143)) - a1c78c0e-869c-4f76-b4ce-2034448e0b80: start LeaderElection
2019-10-19 01:04:59,513 [a1c78c0e-869c-4f76-b4ce-2034448e0b80@group-D48B69A44692-LeaderElection366] INFO  impl.LeaderElection (LeaderElection.java:askForVotes(178)) - a1c78c0e-869c-4f76-b4ce-2034448e0b80@group-D48B69A44692-LeaderElection366: begin an election at term 260 for -1: [51276c3c-a3b8-4274-b089-592ff4589f41:192.168.157.213:36639, 64c90977-e867-487c-b50d-c226f2d34a76:192.168.157.213:37433, a1c78c0e-869c-4f76-b4ce-2034448e0b80:192.168.157.213:33501], old=null
2019-10-19 01:04:59,513 [a1c78c0e-869c-4f76-b4ce-2034448e0b80@group-D48B69A44692-LeaderElection366] INFO  impl.LeaderElection (LogUtils.java:infoOrTrace(149)) - a1c78c0e-869c-4f76-b4ce-2034448e0b80@group-D48B69A44692-LeaderElection366 got exception when requesting votes: {}
java.util.concurrent.ExecutionException: org.apache.ratis.thirdparty.io.grpc.StatusRuntimeException: UNAVAILABLE: io exception
	at java.util.concurrent.FutureTask.report(FutureTask.java:122)
	at java.util.concurrent.FutureTask.get(FutureTask.java:192)
	at org.apache.ratis.server.impl.LeaderElection.waitForResults(LeaderElection.java:259)
	at org.apache.ratis.server.impl.LeaderElection.askForVotes(LeaderElection.java:197)
	at org.apache.ratis.server.impl.LeaderElection.run(LeaderElection.java:133)
	at java.lang.Thread.run(Thread.java:748)
Caused by: org.apache.ratis.thirdparty.io.grpc.StatusRuntimeException: UNAVAILABLE: io exception
	at org.apache.ratis.thirdparty.io.grpc.stub.ClientCalls.toStatusRuntimeException(ClientCalls.java:233)
	at org.apache.ratis.thirdparty.io.grpc.stub.ClientCalls.getUnchecked(ClientCalls.java:214)
	at org.apache.ratis.thirdparty.io.grpc.stub.ClientCalls.blockingUnaryCall(ClientCalls.java:139)
	at org.apache.ratis.proto.grpc.RaftServerProtocolServiceGrpc$RaftServerProtocolServiceBlockingStub.requestVote(RaftServerProtocolServiceGrpc.java:265)
	at org.apache.ratis.grpc.server.GrpcServerProtocolClient.requestVote(GrpcServerProtocolClient.java:99)
	at org.apache.ratis.grpc.server.GrpcService.requestVote(GrpcService.java:204)
	at org.apache.ratis.server.impl.LeaderElection.lambda$submitRequests$1(LeaderElection.java:234)
	at java.util.concurrent.FutureTask.run(FutureTask.java:266)
	at java.util.concurrent.Executors$RunnableAdapter.call(Executors.java:511)
	at java.util.concurrent.FutureTask.run(FutureTask.java:266)
	at java.util.concurrent.ThreadPoolExecutor.runWorker(ThreadPoolExecutor.java:1149)
	at java.util.concurrent.ThreadPoolExecutor$Worker.run(ThreadPoolExecutor.java:624)
	... 1 more
Caused by: org.apache.ratis.thirdparty.io.netty.channel.AbstractChannel$AnnotatedConnectException: Connection refused: /192.168.157.213:36639
	at sun.nio.ch.SocketChannelImpl.checkConnect(Native Method)
	at sun.nio.ch.SocketChannelImpl.finishConnect(SocketChannelImpl.java:717)
	at org.apache.ratis.thirdparty.io.netty.channel.socket.nio.NioSocketChannel.doFinishConnect(NioSocketChannel.java:327)
	at org.apache.ratis.thirdparty.io.netty.channel.nio.AbstractNioChannel$AbstractNioUnsafe.finishConnect(AbstractNioChannel.java:340)
	at org.apache.ratis.thirdparty.io.netty.channel.nio.NioEventLoop.processSelectedKey(NioEventLoop.java:632)
	at org.apache.ratis.thirdparty.io.netty.channel.nio.NioEventLoop.processSelectedKeysOptimized(NioEventLoop.java:579)
	at org.apache.ratis.thirdparty.io.netty.channel.nio.NioEventLoop.processSelectedKeys(NioEventLoop.java:496)
	at org.apache.ratis.thirdparty.io.netty.channel.nio.NioEventLoop.run(NioEventLoop.java:458)
	at org.apache.ratis.thirdparty.io.netty.util.concurrent.SingleThreadEventExecutor$5.run(SingleThreadEventExecutor.java:897)
	at org.apache.ratis.thirdparty.io.netty.util.concurrent.FastThreadLocalRunnable.run(FastThreadLocalRunnable.java:30)
	... 1 more
Caused by: java.net.ConnectException: Connection refused
	... 11 more
2019-10-19 01:04:59,515 [a1c78c0e-869c-4f76-b4ce-2034448e0b80@group-D48B69A44692-LeaderElection366] INFO  impl.LeaderElection (LogUtils.java:infoOrTrace(149)) - a1c78c0e-869c-4f76-b4ce-2034448e0b80@group-D48B69A44692-LeaderElection366 got exception when requesting votes: {}
java.util.concurrent.ExecutionException: org.apache.ratis.thirdparty.io.grpc.StatusRuntimeException: UNAVAILABLE: io exception
	at java.util.concurrent.FutureTask.report(FutureTask.java:122)
	at java.util.concurrent.FutureTask.get(FutureTask.java:192)
	at org.apache.ratis.server.impl.LeaderElection.waitForResults(LeaderElection.java:259)
	at org.apache.ratis.server.impl.LeaderElection.askForVotes(LeaderElection.java:197)
	at org.apache.ratis.server.impl.LeaderElection.run(LeaderElection.java:133)
	at java.lang.Thread.run(Thread.java:748)
Caused by: org.apache.ratis.thirdparty.io.grpc.StatusRuntimeException: UNAVAILABLE: io exception
	at org.apache.ratis.thirdparty.io.grpc.stub.ClientCalls.toStatusRuntimeException(ClientCalls.java:233)
	at org.apache.ratis.thirdparty.io.grpc.stub.ClientCalls.getUnchecked(ClientCalls.java:214)
	at org.apache.ratis.thirdparty.io.grpc.stub.ClientCalls.blockingUnaryCall(ClientCalls.java:139)
	at org.apache.ratis.proto.grpc.RaftServerProtocolServiceGrpc$RaftServerProtocolServiceBlockingStub.requestVote(RaftServerProtocolServiceGrpc.java:265)
	at org.apache.ratis.grpc.server.GrpcServerProtocolClient.requestVote(GrpcServerProtocolClient.java:99)
	at org.apache.ratis.grpc.server.GrpcService.requestVote(GrpcService.java:204)
	at org.apache.ratis.server.impl.LeaderElection.lambda$submitRequests$1(LeaderElection.java:234)
	at java.util.concurrent.FutureTask.run(FutureTask.java:266)
	at java.util.concurrent.Executors$RunnableAdapter.call(Executors.java:511)
	at java.util.concurrent.FutureTask.run(FutureTask.java:266)
	at java.util.concurrent.ThreadPoolExecutor.runWorker(ThreadPoolExecutor.java:1149)
	at java.util.concurrent.ThreadPoolExecutor$Worker.run(ThreadPoolExecutor.java:624)
	... 1 more
Caused by: org.apache.ratis.thirdparty.io.netty.channel.AbstractChannel$AnnotatedConnectException: Connection refused: /192.168.157.213:37433
	at sun.nio.ch.SocketChannelImpl.checkConnect(Native Method)
	at sun.nio.ch.SocketChannelImpl.finishConnect(SocketChannelImpl.java:717)
	at org.apache.ratis.thirdparty.io.netty.channel.socket.nio.NioSocketChannel.doFinishConnect(NioSocketChannel.java:327)
	at org.apache.ratis.thirdparty.io.netty.channel.nio.AbstractNioChannel$AbstractNioUnsafe.finishConnect(AbstractNioChannel.java:340)
	at org.apache.ratis.thirdparty.io.netty.channel.nio.NioEventLoop.processSelectedKey(NioEventLoop.java:632)
	at org.apache.ratis.thirdparty.io.netty.channel.nio.NioEventLoop.processSelectedKeysOptimized(NioEventLoop.java:579)
	at org.apache.ratis.thirdparty.io.netty.channel.nio.NioEventLoop.processSelectedKeys(NioEventLoop.java:496)
	at org.apache.ratis.thirdparty.io.netty.channel.nio.NioEventLoop.run(NioEventLoop.java:458)
	at org.apache.ratis.thirdparty.io.netty.util.concurrent.SingleThreadEventExecutor$5.run(SingleThreadEventExecutor.java:897)
	at org.apache.ratis.thirdparty.io.netty.util.concurrent.FastThreadLocalRunnable.run(FastThreadLocalRunnable.java:30)
	... 1 more
Caused by: java.net.ConnectException: Connection refused
	... 11 more
2019-10-19 01:04:59,515 [a1c78c0e-869c-4f76-b4ce-2034448e0b80@group-D48B69A44692-LeaderElection366] INFO  impl.LeaderElection (LeaderElection.java:logAndReturn(56)) - a1c78c0e-869c-4f76-b4ce-2034448e0b80@group-D48B69A44692-LeaderElection366: Election REJECTED; received 0 response(s) [] and 2 exception(s); a1c78c0e-869c-4f76-b4ce-2034448e0b80@group-D48B69A44692:t260, leader=null, voted=a1c78c0e-869c-4f76-b4ce-2034448e0b80, raftlog=a1c78c0e-869c-4f76-b4ce-2034448e0b80@group-D48B69A44692-SegmentedRaftLog:OPENED:c-1,f-1,i0, conf=-1: [51276c3c-a3b8-4274-b089-592ff4589f41:192.168.157.213:36639, 64c90977-e867-487c-b50d-c226f2d34a76:192.168.157.213:37433, a1c78c0e-869c-4f76-b4ce-2034448e0b80:192.168.157.213:33501], old=null
2019-10-19 01:04:59,515 [a1c78c0e-869c-4f76-b4ce-2034448e0b80@group-D48B69A44692-LeaderElection366] INFO  impl.LeaderElection (LogUtils.java:infoOrTrace(149)) -   Exception 0: {}
java.util.concurrent.ExecutionException: org.apache.ratis.thirdparty.io.grpc.StatusRuntimeException: UNAVAILABLE: io exception
	at java.util.concurrent.FutureTask.report(FutureTask.java:122)
	at java.util.concurrent.FutureTask.get(FutureTask.java:192)
	at org.apache.ratis.server.impl.LeaderElection.waitForResults(LeaderElection.java:259)
	at org.apache.ratis.server.impl.LeaderElection.askForVotes(LeaderElection.java:197)
	at org.apache.ratis.server.impl.LeaderElection.run(LeaderElection.java:133)
	at java.lang.Thread.run(Thread.java:748)
Caused by: org.apache.ratis.thirdparty.io.grpc.StatusRuntimeException: UNAVAILABLE: io exception
	at org.apache.ratis.thirdparty.io.grpc.stub.ClientCalls.toStatusRuntimeException(ClientCalls.java:233)
	at org.apache.ratis.thirdparty.io.grpc.stub.ClientCalls.getUnchecked(ClientCalls.java:214)
	at org.apache.ratis.thirdparty.io.grpc.stub.ClientCalls.blockingUnaryCall(ClientCalls.java:139)
	at org.apache.ratis.proto.grpc.RaftServerProtocolServiceGrpc$RaftServerProtocolServiceBlockingStub.requestVote(RaftServerProtocolServiceGrpc.java:265)
	at org.apache.ratis.grpc.server.GrpcServerProtocolClient.requestVote(GrpcServerProtocolClient.java:99)
	at org.apache.ratis.grpc.server.GrpcService.requestVote(GrpcService.java:204)
	at org.apache.ratis.server.impl.LeaderElection.lambda$submitRequests$1(LeaderElection.java:234)
	at java.util.concurrent.FutureTask.run(FutureTask.java:266)
	at java.util.concurrent.Executors$RunnableAdapter.call(Executors.java:511)
	at java.util.concurrent.FutureTask.run(FutureTask.java:266)
	at java.util.concurrent.ThreadPoolExecutor.runWorker(ThreadPoolExecutor.java:1149)
	at java.util.concurrent.ThreadPoolExecutor$Worker.run(ThreadPoolExecutor.java:624)
	... 1 more
Caused by: org.apache.ratis.thirdparty.io.netty.channel.AbstractChannel$AnnotatedConnectException: Connection refused: /192.168.157.213:36639
	at sun.nio.ch.SocketChannelImpl.checkConnect(Native Method)
	at sun.nio.ch.SocketChannelImpl.finishConnect(SocketChannelImpl.java:717)
	at org.apache.ratis.thirdparty.io.netty.channel.socket.nio.NioSocketChannel.doFinishConnect(NioSocketChannel.java:327)
	at org.apache.ratis.thirdparty.io.netty.channel.nio.AbstractNioChannel$AbstractNioUnsafe.finishConnect(AbstractNioChannel.java:340)
	at org.apache.ratis.thirdparty.io.netty.channel.nio.NioEventLoop.processSelectedKey(NioEventLoop.java:632)
	at org.apache.ratis.thirdparty.io.netty.channel.nio.NioEventLoop.processSelectedKeysOptimized(NioEventLoop.java:579)
	at org.apache.ratis.thirdparty.io.netty.channel.nio.NioEventLoop.processSelectedKeys(NioEventLoop.java:496)
	at org.apache.ratis.thirdparty.io.netty.channel.nio.NioEventLoop.run(NioEventLoop.java:458)
	at org.apache.ratis.thirdparty.io.netty.util.concurrent.SingleThreadEventExecutor$5.run(SingleThreadEventExecutor.java:897)
	at org.apache.ratis.thirdparty.io.netty.util.concurrent.FastThreadLocalRunnable.run(FastThreadLocalRunnable.java:30)
	... 1 more
Caused by: java.net.ConnectException: Connection refused
	... 11 more
2019-10-19 01:04:59,516 [a1c78c0e-869c-4f76-b4ce-2034448e0b80@group-D48B69A44692-LeaderElection366] INFO  impl.LeaderElection (LogUtils.java:infoOrTrace(149)) -   Exception 1: {}
java.util.concurrent.ExecutionException: org.apache.ratis.thirdparty.io.grpc.StatusRuntimeException: UNAVAILABLE: io exception
	at java.util.concurrent.FutureTask.report(FutureTask.java:122)
	at java.util.concurrent.FutureTask.get(FutureTask.java:192)
	at org.apache.ratis.server.impl.LeaderElection.waitForResults(LeaderElection.java:259)
	at org.apache.ratis.server.impl.LeaderElection.askForVotes(LeaderElection.java:197)
	at org.apache.ratis.server.impl.LeaderElection.run(LeaderElection.java:133)
	at java.lang.Thread.run(Thread.java:748)
Caused by: org.apache.ratis.thirdparty.io.grpc.StatusRuntimeException: UNAVAILABLE: io exception
	at org.apache.ratis.thirdparty.io.grpc.stub.ClientCalls.toStatusRuntimeException(ClientCalls.java:233)
	at org.apache.ratis.thirdparty.io.grpc.stub.ClientCalls.getUnchecked(ClientCalls.java:214)
	at org.apache.ratis.thirdparty.io.grpc.stub.ClientCalls.blockingUnaryCall(ClientCalls.java:139)
	at org.apache.ratis.proto.grpc.RaftServerProtocolServiceGrpc$RaftServerProtocolServiceBlockingStub.requestVote(RaftServerProtocolServiceGrpc.java:265)
	at org.apache.ratis.grpc.server.GrpcServerProtocolClient.requestVote(GrpcServerProtocolClient.java:99)
	at org.apache.ratis.grpc.server.GrpcService.requestVote(GrpcService.java:204)
	at org.apache.ratis.server.impl.LeaderElection.lambda$submitRequests$1(LeaderElection.java:234)
	at java.util.concurrent.FutureTask.run(FutureTask.java:266)
	at java.util.concurrent.Executors$RunnableAdapter.call(Executors.java:511)
	at java.util.concurrent.FutureTask.run(FutureTask.java:266)
	at java.util.concurrent.ThreadPoolExecutor.runWorker(ThreadPoolExecutor.java:1149)
	at java.util.concurrent.ThreadPoolExecutor$Worker.run(ThreadPoolExecutor.java:624)
	... 1 more
Caused by: org.apache.ratis.thirdparty.io.netty.channel.AbstractChannel$AnnotatedConnectException: Connection refused: /192.168.157.213:37433
	at sun.nio.ch.SocketChannelImpl.checkConnect(Native Method)
	at sun.nio.ch.SocketChannelImpl.finishConnect(SocketChannelImpl.java:717)
	at org.apache.ratis.thirdparty.io.netty.channel.socket.nio.NioSocketChannel.doFinishConnect(NioSocketChannel.java:327)
	at org.apache.ratis.thirdparty.io.netty.channel.nio.AbstractNioChannel$AbstractNioUnsafe.finishConnect(AbstractNioChannel.java:340)
	at org.apache.ratis.thirdparty.io.netty.channel.nio.NioEventLoop.processSelectedKey(NioEventLoop.java:632)
	at org.apache.ratis.thirdparty.io.netty.channel.nio.NioEventLoop.processSelectedKeysOptimized(NioEventLoop.java:579)
	at org.apache.ratis.thirdparty.io.netty.channel.nio.NioEventLoop.processSelectedKeys(NioEventLoop.java:496)
	at org.apache.ratis.thirdparty.io.netty.channel.nio.NioEventLoop.run(NioEventLoop.java:458)
	at org.apache.ratis.thirdparty.io.netty.util.concurrent.SingleThreadEventExecutor$5.run(SingleThreadEventExecutor.java:897)
	at org.apache.ratis.thirdparty.io.netty.util.concurrent.FastThreadLocalRunnable.run(FastThreadLocalRunnable.java:30)
	... 1 more
Caused by: java.net.ConnectException: Connection refused
	... 11 more
2019-10-19 01:04:59,516 [a1c78c0e-869c-4f76-b4ce-2034448e0b80@group-D48B69A44692-LeaderElection366] INFO  impl.RaftServerImpl (RaftServerImpl.java:setRole(184)) - a1c78c0e-869c-4f76-b4ce-2034448e0b80@group-D48B69A44692: changes role from CANDIDATE to FOLLOWER at term 260 for DISCOVERED_A_NEW_TERM
2019-10-19 01:04:59,516 [a1c78c0e-869c-4f76-b4ce-2034448e0b80@group-D48B69A44692-LeaderElection366] INFO  impl.RoleInfo (RoleInfo.java:shutdownLeaderElection(134)) - a1c78c0e-869c-4f76-b4ce-2034448e0b80: shutdown LeaderElection
2019-10-19 01:04:59,516 [a1c78c0e-869c-4f76-b4ce-2034448e0b80@group-D48B69A44692-LeaderElection366] INFO  impl.RoleInfo (RoleInfo.java:updateAndGet(143)) - a1c78c0e-869c-4f76-b4ce-2034448e0b80: start FollowerState
2019-10-19 01:04:59,609 [Thread-2757] INFO  impl.FollowerState (FollowerState.java:run(108)) - 390d33c4-98c8-495f-9f34-63cdf16532b5@group-EFF8D6679E36-FollowerState: change to CANDIDATE, lastRpcTime:1016ms, electionTimeout:1016ms
2019-10-19 01:04:59,609 [Thread-2757] INFO  impl.RoleInfo (RoleInfo.java:shutdownFollowerState(121)) - 390d33c4-98c8-495f-9f34-63cdf16532b5: shutdown FollowerState
2019-10-19 01:04:59,609 [Thread-2757] INFO  impl.RaftServerImpl (RaftServerImpl.java:setRole(184)) - 390d33c4-98c8-495f-9f34-63cdf16532b5@group-EFF8D6679E36: changes role from  FOLLOWER to CANDIDATE at term 6 for changeToCandidate
2019-10-19 01:04:59,609 [Thread-2757] INFO  impl.RoleInfo (RoleInfo.java:updateAndGet(143)) - 390d33c4-98c8-495f-9f34-63cdf16532b5: start LeaderElection
2019-10-19 01:04:59,635 [390d33c4-98c8-495f-9f34-63cdf16532b5@group-EFF8D6679E36-LeaderElection367] INFO  impl.LeaderElection (LeaderElection.java:askForVotes(178)) - 390d33c4-98c8-495f-9f34-63cdf16532b5@group-EFF8D6679E36-LeaderElection367: begin an election at term 7 for 0: [7f3fb33d-9d98-4be4-bfb4-e5618e23eafb:192.168.157.213:46612, 390d33c4-98c8-495f-9f34-63cdf16532b5:192.168.157.213:40184, bd96e850-7fd3-40f8-8499-55f7f41be4fe:192.168.157.213:46800], old=null
2019-10-19 01:04:59,636 [390d33c4-98c8-495f-9f34-63cdf16532b5@group-EFF8D6679E36-LeaderElection367] INFO  impl.LeaderElection (LogUtils.java:infoOrTrace(149)) - 390d33c4-98c8-495f-9f34-63cdf16532b5@group-EFF8D6679E36-LeaderElection367 got exception when requesting votes: {}
java.util.concurrent.ExecutionException: org.apache.ratis.thirdparty.io.grpc.StatusRuntimeException: UNAVAILABLE: io exception
	at java.util.concurrent.FutureTask.report(FutureTask.java:122)
	at java.util.concurrent.FutureTask.get(FutureTask.java:192)
	at org.apache.ratis.server.impl.LeaderElection.waitForResults(LeaderElection.java:259)
	at org.apache.ratis.server.impl.LeaderElection.askForVotes(LeaderElection.java:197)
	at org.apache.ratis.server.impl.LeaderElection.run(LeaderElection.java:133)
	at java.lang.Thread.run(Thread.java:748)
Caused by: org.apache.ratis.thirdparty.io.grpc.StatusRuntimeException: UNAVAILABLE: io exception
	at org.apache.ratis.thirdparty.io.grpc.stub.ClientCalls.toStatusRuntimeException(ClientCalls.java:233)
	at org.apache.ratis.thirdparty.io.grpc.stub.ClientCalls.getUnchecked(ClientCalls.java:214)
	at org.apache.ratis.thirdparty.io.grpc.stub.ClientCalls.blockingUnaryCall(ClientCalls.java:139)
	at org.apache.ratis.proto.grpc.RaftServerProtocolServiceGrpc$RaftServerProtocolServiceBlockingStub.requestVote(RaftServerProtocolServiceGrpc.java:265)
	at org.apache.ratis.grpc.server.GrpcServerProtocolClient.requestVote(GrpcServerProtocolClient.java:99)
	at org.apache.ratis.grpc.server.GrpcService.requestVote(GrpcService.java:204)
	at org.apache.ratis.server.impl.LeaderElection.lambda$submitRequests$1(LeaderElection.java:234)
	at java.util.concurrent.FutureTask.run(FutureTask.java:266)
	at java.util.concurrent.Executors$RunnableAdapter.call(Executors.java:511)
	at java.util.concurrent.FutureTask.run(FutureTask.java:266)
	at java.util.concurrent.ThreadPoolExecutor.runWorker(ThreadPoolExecutor.java:1149)
	at java.util.concurrent.ThreadPoolExecutor$Worker.run(ThreadPoolExecutor.java:624)
	... 1 more
Caused by: org.apache.ratis.thirdparty.io.netty.channel.AbstractChannel$AnnotatedConnectException: Connection refused: /192.168.157.213:46800
	at sun.nio.ch.SocketChannelImpl.checkConnect(Native Method)
	at sun.nio.ch.SocketChannelImpl.finishConnect(SocketChannelImpl.java:717)
	at org.apache.ratis.thirdparty.io.netty.channel.socket.nio.NioSocketChannel.doFinishConnect(NioSocketChannel.java:327)
	at org.apache.ratis.thirdparty.io.netty.channel.nio.AbstractNioChannel$AbstractNioUnsafe.finishConnect(AbstractNioChannel.java:340)
	at org.apache.ratis.thirdparty.io.netty.channel.nio.NioEventLoop.processSelectedKey(NioEventLoop.java:632)
	at org.apache.ratis.thirdparty.io.netty.channel.nio.NioEventLoop.processSelectedKeysOptimized(NioEventLoop.java:579)
	at org.apache.ratis.thirdparty.io.netty.channel.nio.NioEventLoop.processSelectedKeys(NioEventLoop.java:496)
	at org.apache.ratis.thirdparty.io.netty.channel.nio.NioEventLoop.run(NioEventLoop.java:458)
	at org.apache.ratis.thirdparty.io.netty.util.concurrent.SingleThreadEventExecutor$5.run(SingleThreadEventExecutor.java:897)
	at org.apache.ratis.thirdparty.io.netty.util.concurrent.FastThreadLocalRunnable.run(FastThreadLocalRunnable.java:30)
	... 1 more
Caused by: java.net.ConnectException: Connection refused
	... 11 more
2019-10-19 01:04:59,636 [390d33c4-98c8-495f-9f34-63cdf16532b5@group-EFF8D6679E36-LeaderElection367] INFO  impl.LeaderElection (LogUtils.java:infoOrTrace(149)) - 390d33c4-98c8-495f-9f34-63cdf16532b5@group-EFF8D6679E36-LeaderElection367 got exception when requesting votes: {}
java.util.concurrent.ExecutionException: org.apache.ratis.thirdparty.io.grpc.StatusRuntimeException: UNAVAILABLE: io exception
	at java.util.concurrent.FutureTask.report(FutureTask.java:122)
	at java.util.concurrent.FutureTask.get(FutureTask.java:192)
	at org.apache.ratis.server.impl.LeaderElection.waitForResults(LeaderElection.java:259)
	at org.apache.ratis.server.impl.LeaderElection.askForVotes(LeaderElection.java:197)
	at org.apache.ratis.server.impl.LeaderElection.run(LeaderElection.java:133)
	at java.lang.Thread.run(Thread.java:748)
Caused by: org.apache.ratis.thirdparty.io.grpc.StatusRuntimeException: UNAVAILABLE: io exception
	at org.apache.ratis.thirdparty.io.grpc.stub.ClientCalls.toStatusRuntimeException(ClientCalls.java:233)
	at org.apache.ratis.thirdparty.io.grpc.stub.ClientCalls.getUnchecked(ClientCalls.java:214)
	at org.apache.ratis.thirdparty.io.grpc.stub.ClientCalls.blockingUnaryCall(ClientCalls.java:139)
	at org.apache.ratis.proto.grpc.RaftServerProtocolServiceGrpc$RaftServerProtocolServiceBlockingStub.requestVote(RaftServerProtocolServiceGrpc.java:265)
	at org.apache.ratis.grpc.server.GrpcServerProtocolClient.requestVote(GrpcServerProtocolClient.java:99)
	at org.apache.ratis.grpc.server.GrpcService.requestVote(GrpcService.java:204)
	at org.apache.ratis.server.impl.LeaderElection.lambda$submitRequests$1(LeaderElection.java:234)
	at java.util.concurrent.FutureTask.run(FutureTask.java:266)
	at java.util.concurrent.Executors$RunnableAdapter.call(Executors.java:511)
	at java.util.concurrent.FutureTask.run(FutureTask.java:266)
	at java.util.concurrent.ThreadPoolExecutor.runWorker(ThreadPoolExecutor.java:1149)
	at java.util.concurrent.ThreadPoolExecutor$Worker.run(ThreadPoolExecutor.java:624)
	... 1 more
Caused by: org.apache.ratis.thirdparty.io.netty.channel.AbstractChannel$AnnotatedConnectException: Connection refused: /192.168.157.213:46612
	at sun.nio.ch.SocketChannelImpl.checkConnect(Native Method)
	at sun.nio.ch.SocketChannelImpl.finishConnect(SocketChannelImpl.java:717)
	at org.apache.ratis.thirdparty.io.netty.channel.socket.nio.NioSocketChannel.doFinishConnect(NioSocketChannel.java:327)
	at org.apache.ratis.thirdparty.io.netty.channel.nio.AbstractNioChannel$AbstractNioUnsafe.finishConnect(AbstractNioChannel.java:340)
	at org.apache.ratis.thirdparty.io.netty.channel.nio.NioEventLoop.processSelectedKey(NioEventLoop.java:632)
	at org.apache.ratis.thirdparty.io.netty.channel.nio.NioEventLoop.processSelectedKeysOptimized(NioEventLoop.java:579)
	at org.apache.ratis.thirdparty.io.netty.channel.nio.NioEventLoop.processSelectedKeys(NioEventLoop.java:496)
	at org.apache.ratis.thirdparty.io.netty.channel.nio.NioEventLoop.run(NioEventLoop.java:458)
	at org.apache.ratis.thirdparty.io.netty.util.concurrent.SingleThreadEventExecutor$5.run(SingleThreadEventExecutor.java:897)
	at org.apache.ratis.thirdparty.io.netty.util.concurrent.FastThreadLocalRunnable.run(FastThreadLocalRunnable.java:30)
	... 1 more
Caused by: java.net.ConnectException: Connection refused
	... 11 more
2019-10-19 01:04:59,636 [390d33c4-98c8-495f-9f34-63cdf16532b5@group-EFF8D6679E36-LeaderElection367] INFO  impl.LeaderElection (LeaderElection.java:logAndReturn(56)) - 390d33c4-98c8-495f-9f34-63cdf16532b5@group-EFF8D6679E36-LeaderElection367: Election REJECTED; received 0 response(s) [] and 2 exception(s); 390d33c4-98c8-495f-9f34-63cdf16532b5@group-EFF8D6679E36:t7, leader=null, voted=390d33c4-98c8-495f-9f34-63cdf16532b5, raftlog=390d33c4-98c8-495f-9f34-63cdf16532b5@group-EFF8D6679E36-SegmentedRaftLog:OPENED:c20,f20,i20, conf=0: [7f3fb33d-9d98-4be4-bfb4-e5618e23eafb:192.168.157.213:46612, 390d33c4-98c8-495f-9f34-63cdf16532b5:192.168.157.213:40184, bd96e850-7fd3-40f8-8499-55f7f41be4fe:192.168.157.213:46800], old=null
2019-10-19 01:04:59,636 [390d33c4-98c8-495f-9f34-63cdf16532b5@group-EFF8D6679E36-LeaderElection367] INFO  impl.LeaderElection (LogUtils.java:infoOrTrace(149)) -   Exception 0: {}
java.util.concurrent.ExecutionException: org.apache.ratis.thirdparty.io.grpc.StatusRuntimeException: UNAVAILABLE: io exception
	at java.util.concurrent.FutureTask.report(FutureTask.java:122)
	at java.util.concurrent.FutureTask.get(FutureTask.java:192)
	at org.apache.ratis.server.impl.LeaderElection.waitForResults(LeaderElection.java:259)
	at org.apache.ratis.server.impl.LeaderElection.askForVotes(LeaderElection.java:197)
	at org.apache.ratis.server.impl.LeaderElection.run(LeaderElection.java:133)
	at java.lang.Thread.run(Thread.java:748)
Caused by: org.apache.ratis.thirdparty.io.grpc.StatusRuntimeException: UNAVAILABLE: io exception
	at org.apache.ratis.thirdparty.io.grpc.stub.ClientCalls.toStatusRuntimeException(ClientCalls.java:233)
	at org.apache.ratis.thirdparty.io.grpc.stub.ClientCalls.getUnchecked(ClientCalls.java:214)
	at org.apache.ratis.thirdparty.io.grpc.stub.ClientCalls.blockingUnaryCall(ClientCalls.java:139)
	at org.apache.ratis.proto.grpc.RaftServerProtocolServiceGrpc$RaftServerProtocolServiceBlockingStub.requestVote(RaftServerProtocolServiceGrpc.java:265)
	at org.apache.ratis.grpc.server.GrpcServerProtocolClient.requestVote(GrpcServerProtocolClient.java:99)
	at org.apache.ratis.grpc.server.GrpcService.requestVote(GrpcService.java:204)
	at org.apache.ratis.server.impl.LeaderElection.lambda$submitRequests$1(LeaderElection.java:234)
	at java.util.concurrent.FutureTask.run(FutureTask.java:266)
	at java.util.concurrent.Executors$RunnableAdapter.call(Executors.java:511)
	at java.util.concurrent.FutureTask.run(FutureTask.java:266)
	at java.util.concurrent.ThreadPoolExecutor.runWorker(ThreadPoolExecutor.java:1149)
	at java.util.concurrent.ThreadPoolExecutor$Worker.run(ThreadPoolExecutor.java:624)
	... 1 more
Caused by: org.apache.ratis.thirdparty.io.netty.channel.AbstractChannel$AnnotatedConnectException: Connection refused: /192.168.157.213:46800
	at sun.nio.ch.SocketChannelImpl.checkConnect(Native Method)
	at sun.nio.ch.SocketChannelImpl.finishConnect(SocketChannelImpl.java:717)
	at org.apache.ratis.thirdparty.io.netty.channel.socket.nio.NioSocketChannel.doFinishConnect(NioSocketChannel.java:327)
	at org.apache.ratis.thirdparty.io.netty.channel.nio.AbstractNioChannel$AbstractNioUnsafe.finishConnect(AbstractNioChannel.java:340)
	at org.apache.ratis.thirdparty.io.netty.channel.nio.NioEventLoop.processSelectedKey(NioEventLoop.java:632)
	at org.apache.ratis.thirdparty.io.netty.channel.nio.NioEventLoop.processSelectedKeysOptimized(NioEventLoop.java:579)
	at org.apache.ratis.thirdparty.io.netty.channel.nio.NioEventLoop.processSelectedKeys(NioEventLoop.java:496)
	at org.apache.ratis.thirdparty.io.netty.channel.nio.NioEventLoop.run(NioEventLoop.java:458)
	at org.apache.ratis.thirdparty.io.netty.util.concurrent.SingleThreadEventExecutor$5.run(SingleThreadEventExecutor.java:897)
	at org.apache.ratis.thirdparty.io.netty.util.concurrent.FastThreadLocalRunnable.run(FastThreadLocalRunnable.java:30)
	... 1 more
Caused by: java.net.ConnectException: Connection refused
	... 11 more
2019-10-19 01:04:59,637 [390d33c4-98c8-495f-9f34-63cdf16532b5@group-EFF8D6679E36-LeaderElection367] INFO  impl.LeaderElection (LogUtils.java:infoOrTrace(149)) -   Exception 1: {}
java.util.concurrent.ExecutionException: org.apache.ratis.thirdparty.io.grpc.StatusRuntimeException: UNAVAILABLE: io exception
	at java.util.concurrent.FutureTask.report(FutureTask.java:122)
	at java.util.concurrent.FutureTask.get(FutureTask.java:192)
	at org.apache.ratis.server.impl.LeaderElection.waitForResults(LeaderElection.java:259)
	at org.apache.ratis.server.impl.LeaderElection.askForVotes(LeaderElection.java:197)
	at org.apache.ratis.server.impl.LeaderElection.run(LeaderElection.java:133)
	at java.lang.Thread.run(Thread.java:748)
Caused by: org.apache.ratis.thirdparty.io.grpc.StatusRuntimeException: UNAVAILABLE: io exception
	at org.apache.ratis.thirdparty.io.grpc.stub.ClientCalls.toStatusRuntimeException(ClientCalls.java:233)
	at org.apache.ratis.thirdparty.io.grpc.stub.ClientCalls.getUnchecked(ClientCalls.java:214)
	at org.apache.ratis.thirdparty.io.grpc.stub.ClientCalls.blockingUnaryCall(ClientCalls.java:139)
	at org.apache.ratis.proto.grpc.RaftServerProtocolServiceGrpc$RaftServerProtocolServiceBlockingStub.requestVote(RaftServerProtocolServiceGrpc.java:265)
	at org.apache.ratis.grpc.server.GrpcServerProtocolClient.requestVote(GrpcServerProtocolClient.java:99)
	at org.apache.ratis.grpc.server.GrpcService.requestVote(GrpcService.java:204)
	at org.apache.ratis.server.impl.LeaderElection.lambda$submitRequests$1(LeaderElection.java:234)
	at java.util.concurrent.FutureTask.run(FutureTask.java:266)
	at java.util.concurrent.Executors$RunnableAdapter.call(Executors.java:511)
	at java.util.concurrent.FutureTask.run(FutureTask.java:266)
	at java.util.concurrent.ThreadPoolExecutor.runWorker(ThreadPoolExecutor.java:1149)
	at java.util.concurrent.ThreadPoolExecutor$Worker.run(ThreadPoolExecutor.java:624)
	... 1 more
Caused by: org.apache.ratis.thirdparty.io.netty.channel.AbstractChannel$AnnotatedConnectException: Connection refused: /192.168.157.213:46612
	at sun.nio.ch.SocketChannelImpl.checkConnect(Native Method)
	at sun.nio.ch.SocketChannelImpl.finishConnect(SocketChannelImpl.java:717)
	at org.apache.ratis.thirdparty.io.netty.channel.socket.nio.NioSocketChannel.doFinishConnect(NioSocketChannel.java:327)
	at org.apache.ratis.thirdparty.io.netty.channel.nio.AbstractNioChannel$AbstractNioUnsafe.finishConnect(AbstractNioChannel.java:340)
	at org.apache.ratis.thirdparty.io.netty.channel.nio.NioEventLoop.processSelectedKey(NioEventLoop.java:632)
	at org.apache.ratis.thirdparty.io.netty.channel.nio.NioEventLoop.processSelectedKeysOptimized(NioEventLoop.java:579)
	at org.apache.ratis.thirdparty.io.netty.channel.nio.NioEventLoop.processSelectedKeys(NioEventLoop.java:496)
	at org.apache.ratis.thirdparty.io.netty.channel.nio.NioEventLoop.run(NioEventLoop.java:458)
	at org.apache.ratis.thirdparty.io.netty.util.concurrent.SingleThreadEventExecutor$5.run(SingleThreadEventExecutor.java:897)
	at org.apache.ratis.thirdparty.io.netty.util.concurrent.FastThreadLocalRunnable.run(FastThreadLocalRunnable.java:30)
	... 1 more
Caused by: java.net.ConnectException: Connection refused
	... 11 more
2019-10-19 01:04:59,637 [390d33c4-98c8-495f-9f34-63cdf16532b5@group-EFF8D6679E36-LeaderElection367] INFO  impl.RaftServerImpl (RaftServerImpl.java:setRole(184)) - 390d33c4-98c8-495f-9f34-63cdf16532b5@group-EFF8D6679E36: changes role from CANDIDATE to FOLLOWER at term 7 for DISCOVERED_A_NEW_TERM
2019-10-19 01:04:59,637 [390d33c4-98c8-495f-9f34-63cdf16532b5@group-EFF8D6679E36-LeaderElection367] INFO  impl.RoleInfo (RoleInfo.java:shutdownLeaderElection(134)) - 390d33c4-98c8-495f-9f34-63cdf16532b5: shutdown LeaderElection
2019-10-19 01:04:59,637 [390d33c4-98c8-495f-9f34-63cdf16532b5@group-EFF8D6679E36-LeaderElection367] INFO  impl.RoleInfo (RoleInfo.java:updateAndGet(143)) - 390d33c4-98c8-495f-9f34-63cdf16532b5: start FollowerState
2019-10-19 01:04:59,704 [Thread-2794] INFO  impl.FollowerState (FollowerState.java:run(108)) - a1c78c0e-869c-4f76-b4ce-2034448e0b80@group-D48B69A44692-FollowerState: change to CANDIDATE, lastRpcTime:188ms, electionTimeout:188ms
2019-10-19 01:04:59,704 [Thread-2794] INFO  impl.RoleInfo (RoleInfo.java:shutdownFollowerState(121)) - a1c78c0e-869c-4f76-b4ce-2034448e0b80: shutdown FollowerState
2019-10-19 01:04:59,705 [Thread-2794] INFO  impl.RaftServerImpl (RaftServerImpl.java:setRole(184)) - a1c78c0e-869c-4f76-b4ce-2034448e0b80@group-D48B69A44692: changes role from  FOLLOWER to CANDIDATE at term 260 for changeToCandidate
2019-10-19 01:04:59,705 [Thread-2794] INFO  impl.RoleInfo (RoleInfo.java:updateAndGet(143)) - a1c78c0e-869c-4f76-b4ce-2034448e0b80: start LeaderElection
2019-10-19 01:04:59,718 [a1c78c0e-869c-4f76-b4ce-2034448e0b80@group-D48B69A44692-LeaderElection368] INFO  impl.LeaderElection (LeaderElection.java:askForVotes(178)) - a1c78c0e-869c-4f76-b4ce-2034448e0b80@group-D48B69A44692-LeaderElection368: begin an election at term 261 for -1: [51276c3c-a3b8-4274-b089-592ff4589f41:192.168.157.213:36639, 64c90977-e867-487c-b50d-c226f2d34a76:192.168.157.213:37433, a1c78c0e-869c-4f76-b4ce-2034448e0b80:192.168.157.213:33501], old=null
2019-10-19 01:04:59,719 [a1c78c0e-869c-4f76-b4ce-2034448e0b80@group-D48B69A44692-LeaderElection368] INFO  impl.LeaderElection (LogUtils.java:infoOrTrace(149)) - a1c78c0e-869c-4f76-b4ce-2034448e0b80@group-D48B69A44692-LeaderElection368 got exception when requesting votes: {}
java.util.concurrent.ExecutionException: org.apache.ratis.thirdparty.io.grpc.StatusRuntimeException: UNAVAILABLE: io exception
	at java.util.concurrent.FutureTask.report(FutureTask.java:122)
	at java.util.concurrent.FutureTask.get(FutureTask.java:192)
	at org.apache.ratis.server.impl.LeaderElection.waitForResults(LeaderElection.java:259)
	at org.apache.ratis.server.impl.LeaderElection.askForVotes(LeaderElection.java:197)
	at org.apache.ratis.server.impl.LeaderElection.run(LeaderElection.java:133)
	at java.lang.Thread.run(Thread.java:748)
Caused by: org.apache.ratis.thirdparty.io.grpc.StatusRuntimeException: UNAVAILABLE: io exception
	at org.apache.ratis.thirdparty.io.grpc.stub.ClientCalls.toStatusRuntimeException(ClientCalls.java:233)
	at org.apache.ratis.thirdparty.io.grpc.stub.ClientCalls.getUnchecked(ClientCalls.java:214)
	at org.apache.ratis.thirdparty.io.grpc.stub.ClientCalls.blockingUnaryCall(ClientCalls.java:139)
	at org.apache.ratis.proto.grpc.RaftServerProtocolServiceGrpc$RaftServerProtocolServiceBlockingStub.requestVote(RaftServerProtocolServiceGrpc.java:265)
	at org.apache.ratis.grpc.server.GrpcServerProtocolClient.requestVote(GrpcServerProtocolClient.java:99)
	at org.apache.ratis.grpc.server.GrpcService.requestVote(GrpcService.java:204)
	at org.apache.ratis.server.impl.LeaderElection.lambda$submitRequests$1(LeaderElection.java:234)
	at java.util.concurrent.FutureTask.run(FutureTask.java:266)
	at java.util.concurrent.Executors$RunnableAdapter.call(Executors.java:511)
	at java.util.concurrent.FutureTask.run(FutureTask.java:266)
	at java.util.concurrent.ThreadPoolExecutor.runWorker(ThreadPoolExecutor.java:1149)
	at java.util.concurrent.ThreadPoolExecutor$Worker.run(ThreadPoolExecutor.java:624)
	... 1 more
Caused by: org.apache.ratis.thirdparty.io.netty.channel.AbstractChannel$AnnotatedConnectException: Connection refused: /192.168.157.213:37433
	at sun.nio.ch.SocketChannelImpl.checkConnect(Native Method)
	at sun.nio.ch.SocketChannelImpl.finishConnect(SocketChannelImpl.java:717)
	at org.apache.ratis.thirdparty.io.netty.channel.socket.nio.NioSocketChannel.doFinishConnect(NioSocketChannel.java:327)
	at org.apache.ratis.thirdparty.io.netty.channel.nio.AbstractNioChannel$AbstractNioUnsafe.finishConnect(AbstractNioChannel.java:340)
	at org.apache.ratis.thirdparty.io.netty.channel.nio.NioEventLoop.processSelectedKey(NioEventLoop.java:632)
	at org.apache.ratis.thirdparty.io.netty.channel.nio.NioEventLoop.processSelectedKeysOptimized(NioEventLoop.java:579)
	at org.apache.ratis.thirdparty.io.netty.channel.nio.NioEventLoop.processSelectedKeys(NioEventLoop.java:496)
	at org.apache.ratis.thirdparty.io.netty.channel.nio.NioEventLoop.run(NioEventLoop.java:458)
	at org.apache.ratis.thirdparty.io.netty.util.concurrent.SingleThreadEventExecutor$5.run(SingleThreadEventExecutor.java:897)
	at org.apache.ratis.thirdparty.io.netty.util.concurrent.FastThreadLocalRunnable.run(FastThreadLocalRunnable.java:30)
	... 1 more
Caused by: java.net.ConnectException: Connection refused
	... 11 more
2019-10-19 01:04:59,720 [a1c78c0e-869c-4f76-b4ce-2034448e0b80@group-D48B69A44692-LeaderElection368] INFO  impl.LeaderElection (LogUtils.java:infoOrTrace(149)) - a1c78c0e-869c-4f76-b4ce-2034448e0b80@group-D48B69A44692-LeaderElection368 got exception when requesting votes: {}
java.util.concurrent.ExecutionException: org.apache.ratis.thirdparty.io.grpc.StatusRuntimeException: UNAVAILABLE: io exception
	at java.util.concurrent.FutureTask.report(FutureTask.java:122)
	at java.util.concurrent.FutureTask.get(FutureTask.java:192)
	at org.apache.ratis.server.impl.LeaderElection.waitForResults(LeaderElection.java:259)
	at org.apache.ratis.server.impl.LeaderElection.askForVotes(LeaderElection.java:197)
	at org.apache.ratis.server.impl.LeaderElection.run(LeaderElection.java:133)
	at java.lang.Thread.run(Thread.java:748)
Caused by: org.apache.ratis.thirdparty.io.grpc.StatusRuntimeException: UNAVAILABLE: io exception
	at org.apache.ratis.thirdparty.io.grpc.stub.ClientCalls.toStatusRuntimeException(ClientCalls.java:233)
	at org.apache.ratis.thirdparty.io.grpc.stub.ClientCalls.getUnchecked(ClientCalls.java:214)
	at org.apache.ratis.thirdparty.io.grpc.stub.ClientCalls.blockingUnaryCall(ClientCalls.java:139)
	at org.apache.ratis.proto.grpc.RaftServerProtocolServiceGrpc$RaftServerProtocolServiceBlockingStub.requestVote(RaftServerProtocolServiceGrpc.java:265)
	at org.apache.ratis.grpc.server.GrpcServerProtocolClient.requestVote(GrpcServerProtocolClient.java:99)
	at org.apache.ratis.grpc.server.GrpcService.requestVote(GrpcService.java:204)
	at org.apache.ratis.server.impl.LeaderElection.lambda$submitRequests$1(LeaderElection.java:234)
	at java.util.concurrent.FutureTask.run(FutureTask.java:266)
	at java.util.concurrent.Executors$RunnableAdapter.call(Executors.java:511)
	at java.util.concurrent.FutureTask.run(FutureTask.java:266)
	at java.util.concurrent.ThreadPoolExecutor.runWorker(ThreadPoolExecutor.java:1149)
	at java.util.concurrent.ThreadPoolExecutor$Worker.run(ThreadPoolExecutor.java:624)
	... 1 more
Caused by: org.apache.ratis.thirdparty.io.netty.channel.AbstractChannel$AnnotatedConnectException: Connection refused: /192.168.157.213:36639
	at sun.nio.ch.SocketChannelImpl.checkConnect(Native Method)
	at sun.nio.ch.SocketChannelImpl.finishConnect(SocketChannelImpl.java:717)
	at org.apache.ratis.thirdparty.io.netty.channel.socket.nio.NioSocketChannel.doFinishConnect(NioSocketChannel.java:327)
	at org.apache.ratis.thirdparty.io.netty.channel.nio.AbstractNioChannel$AbstractNioUnsafe.finishConnect(AbstractNioChannel.java:340)
	at org.apache.ratis.thirdparty.io.netty.channel.nio.NioEventLoop.processSelectedKey(NioEventLoop.java:632)
	at org.apache.ratis.thirdparty.io.netty.channel.nio.NioEventLoop.processSelectedKeysOptimized(NioEventLoop.java:579)
	at org.apache.ratis.thirdparty.io.netty.channel.nio.NioEventLoop.processSelectedKeys(NioEventLoop.java:496)
	at org.apache.ratis.thirdparty.io.netty.channel.nio.NioEventLoop.run(NioEventLoop.java:458)
	at org.apache.ratis.thirdparty.io.netty.util.concurrent.SingleThreadEventExecutor$5.run(SingleThreadEventExecutor.java:897)
	at org.apache.ratis.thirdparty.io.netty.util.concurrent.FastThreadLocalRunnable.run(FastThreadLocalRunnable.java:30)
	... 1 more
Caused by: java.net.ConnectException: Connection refused
	... 11 more
2019-10-19 01:04:59,720 [a1c78c0e-869c-4f76-b4ce-2034448e0b80@group-D48B69A44692-LeaderElection368] INFO  impl.LeaderElection (LeaderElection.java:logAndReturn(56)) - a1c78c0e-869c-4f76-b4ce-2034448e0b80@group-D48B69A44692-LeaderElection368: Election REJECTED; received 0 response(s) [] and 2 exception(s); a1c78c0e-869c-4f76-b4ce-2034448e0b80@group-D48B69A44692:t261, leader=null, voted=a1c78c0e-869c-4f76-b4ce-2034448e0b80, raftlog=a1c78c0e-869c-4f76-b4ce-2034448e0b80@group-D48B69A44692-SegmentedRaftLog:OPENED:c-1,f-1,i0, conf=-1: [51276c3c-a3b8-4274-b089-592ff4589f41:192.168.157.213:36639, 64c90977-e867-487c-b50d-c226f2d34a76:192.168.157.213:37433, a1c78c0e-869c-4f76-b4ce-2034448e0b80:192.168.157.213:33501], old=null
2019-10-19 01:04:59,720 [a1c78c0e-869c-4f76-b4ce-2034448e0b80@group-D48B69A44692-LeaderElection368] INFO  impl.LeaderElection (LogUtils.java:infoOrTrace(149)) -   Exception 0: {}
java.util.concurrent.ExecutionException: org.apache.ratis.thirdparty.io.grpc.StatusRuntimeException: UNAVAILABLE: io exception
	at java.util.concurrent.FutureTask.report(FutureTask.java:122)
	at java.util.concurrent.FutureTask.get(FutureTask.java:192)
	at org.apache.ratis.server.impl.LeaderElection.waitForResults(LeaderElection.java:259)
	at org.apache.ratis.server.impl.LeaderElection.askForVotes(LeaderElection.java:197)
	at org.apache.ratis.server.impl.LeaderElection.run(LeaderElection.java:133)
	at java.lang.Thread.run(Thread.java:748)
Caused by: org.apache.ratis.thirdparty.io.grpc.StatusRuntimeException: UNAVAILABLE: io exception
	at org.apache.ratis.thirdparty.io.grpc.stub.ClientCalls.toStatusRuntimeException(ClientCalls.java:233)
	at org.apache.ratis.thirdparty.io.grpc.stub.ClientCalls.getUnchecked(ClientCalls.java:214)
	at org.apache.ratis.thirdparty.io.grpc.stub.ClientCalls.blockingUnaryCall(ClientCalls.java:139)
	at org.apache.ratis.proto.grpc.RaftServerProtocolServiceGrpc$RaftServerProtocolServiceBlockingStub.requestVote(RaftServerProtocolServiceGrpc.java:265)
	at org.apache.ratis.grpc.server.GrpcServerProtocolClient.requestVote(GrpcServerProtocolClient.java:99)
	at org.apache.ratis.grpc.server.GrpcService.requestVote(GrpcService.java:204)
	at org.apache.ratis.server.impl.LeaderElection.lambda$submitRequests$1(LeaderElection.java:234)
	at java.util.concurrent.FutureTask.run(FutureTask.java:266)
	at java.util.concurrent.Executors$RunnableAdapter.call(Executors.java:511)
	at java.util.concurrent.FutureTask.run(FutureTask.java:266)
	at java.util.concurrent.ThreadPoolExecutor.runWorker(ThreadPoolExecutor.java:1149)
	at java.util.concurrent.ThreadPoolExecutor$Worker.run(ThreadPoolExecutor.java:624)
	... 1 more
Caused by: org.apache.ratis.thirdparty.io.netty.channel.AbstractChannel$AnnotatedConnectException: Connection refused: /192.168.157.213:37433
	at sun.nio.ch.SocketChannelImpl.checkConnect(Native Method)
	at sun.nio.ch.SocketChannelImpl.finishConnect(SocketChannelImpl.java:717)
	at org.apache.ratis.thirdparty.io.netty.channel.socket.nio.NioSocketChannel.doFinishConnect(NioSocketChannel.java:327)
	at org.apache.ratis.thirdparty.io.netty.channel.nio.AbstractNioChannel$AbstractNioUnsafe.finishConnect(AbstractNioChannel.java:340)
	at org.apache.ratis.thirdparty.io.netty.channel.nio.NioEventLoop.processSelectedKey(NioEventLoop.java:632)
	at org.apache.ratis.thirdparty.io.netty.channel.nio.NioEventLoop.processSelectedKeysOptimized(NioEventLoop.java:579)
	at org.apache.ratis.thirdparty.io.netty.channel.nio.NioEventLoop.processSelectedKeys(NioEventLoop.java:496)
	at org.apache.ratis.thirdparty.io.netty.channel.nio.NioEventLoop.run(NioEventLoop.java:458)
	at org.apache.ratis.thirdparty.io.netty.util.concurrent.SingleThreadEventExecutor$5.run(SingleThreadEventExecutor.java:897)
	at org.apache.ratis.thirdparty.io.netty.util.concurrent.FastThreadLocalRunnable.run(FastThreadLocalRunnable.java:30)
	... 1 more
Caused by: java.net.ConnectException: Connection refused
	... 11 more
2019-10-19 01:04:59,720 [a1c78c0e-869c-4f76-b4ce-2034448e0b80@group-D48B69A44692-LeaderElection368] INFO  impl.LeaderElection (LogUtils.java:infoOrTrace(149)) -   Exception 1: {}
java.util.concurrent.ExecutionException: org.apache.ratis.thirdparty.io.grpc.StatusRuntimeException: UNAVAILABLE: io exception
	at java.util.concurrent.FutureTask.report(FutureTask.java:122)
	at java.util.concurrent.FutureTask.get(FutureTask.java:192)
	at org.apache.ratis.server.impl.LeaderElection.waitForResults(LeaderElection.java:259)
	at org.apache.ratis.server.impl.LeaderElection.askForVotes(LeaderElection.java:197)
	at org.apache.ratis.server.impl.LeaderElection.run(LeaderElection.java:133)
	at java.lang.Thread.run(Thread.java:748)
Caused by: org.apache.ratis.thirdparty.io.grpc.StatusRuntimeException: UNAVAILABLE: io exception
	at org.apache.ratis.thirdparty.io.grpc.stub.ClientCalls.toStatusRuntimeException(ClientCalls.java:233)
	at org.apache.ratis.thirdparty.io.grpc.stub.ClientCalls.getUnchecked(ClientCalls.java:214)
	at org.apache.ratis.thirdparty.io.grpc.stub.ClientCalls.blockingUnaryCall(ClientCalls.java:139)
	at org.apache.ratis.proto.grpc.RaftServerProtocolServiceGrpc$RaftServerProtocolServiceBlockingStub.requestVote(RaftServerProtocolServiceGrpc.java:265)
	at org.apache.ratis.grpc.server.GrpcServerProtocolClient.requestVote(GrpcServerProtocolClient.java:99)
	at org.apache.ratis.grpc.server.GrpcService.requestVote(GrpcService.java:204)
	at org.apache.ratis.server.impl.LeaderElection.lambda$submitRequests$1(LeaderElection.java:234)
	at java.util.concurrent.FutureTask.run(FutureTask.java:266)
	at java.util.concurrent.Executors$RunnableAdapter.call(Executors.java:511)
	at java.util.concurrent.FutureTask.run(FutureTask.java:266)
	at java.util.concurrent.ThreadPoolExecutor.runWorker(ThreadPoolExecutor.java:1149)
	at java.util.concurrent.ThreadPoolExecutor$Worker.run(ThreadPoolExecutor.java:624)
	... 1 more
Caused by: org.apache.ratis.thirdparty.io.netty.channel.AbstractChannel$AnnotatedConnectException: Connection refused: /192.168.157.213:36639
	at sun.nio.ch.SocketChannelImpl.checkConnect(Native Method)
	at sun.nio.ch.SocketChannelImpl.finishConnect(SocketChannelImpl.java:717)
	at org.apache.ratis.thirdparty.io.netty.channel.socket.nio.NioSocketChannel.doFinishConnect(NioSocketChannel.java:327)
	at org.apache.ratis.thirdparty.io.netty.channel.nio.AbstractNioChannel$AbstractNioUnsafe.finishConnect(AbstractNioChannel.java:340)
	at org.apache.ratis.thirdparty.io.netty.channel.nio.NioEventLoop.processSelectedKey(NioEventLoop.java:632)
	at org.apache.ratis.thirdparty.io.netty.channel.nio.NioEventLoop.processSelectedKeysOptimized(NioEventLoop.java:579)
	at org.apache.ratis.thirdparty.io.netty.channel.nio.NioEventLoop.processSelectedKeys(NioEventLoop.java:496)
	at org.apache.ratis.thirdparty.io.netty.channel.nio.NioEventLoop.run(NioEventLoop.java:458)
	at org.apache.ratis.thirdparty.io.netty.util.concurrent.SingleThreadEventExecutor$5.run(SingleThreadEventExecutor.java:897)
	at org.apache.ratis.thirdparty.io.netty.util.concurrent.FastThreadLocalRunnable.run(FastThreadLocalRunnable.java:30)
	... 1 more
Caused by: java.net.ConnectException: Connection refused
	... 11 more
2019-10-19 01:04:59,721 [a1c78c0e-869c-4f76-b4ce-2034448e0b80@group-D48B69A44692-LeaderElection368] INFO  impl.RaftServerImpl (RaftServerImpl.java:setRole(184)) - a1c78c0e-869c-4f76-b4ce-2034448e0b80@group-D48B69A44692: changes role from CANDIDATE to FOLLOWER at term 261 for DISCOVERED_A_NEW_TERM
2019-10-19 01:04:59,721 [a1c78c0e-869c-4f76-b4ce-2034448e0b80@group-D48B69A44692-LeaderElection368] INFO  impl.RoleInfo (RoleInfo.java:shutdownLeaderElection(134)) - a1c78c0e-869c-4f76-b4ce-2034448e0b80: shutdown LeaderElection
2019-10-19 01:04:59,721 [a1c78c0e-869c-4f76-b4ce-2034448e0b80@group-D48B69A44692-LeaderElection368] INFO  impl.RoleInfo (RoleInfo.java:updateAndGet(143)) - a1c78c0e-869c-4f76-b4ce-2034448e0b80: start FollowerState
2019-10-19 01:04:59,856 [java.util.concurrent.ThreadPoolExecutor$Worker@3d9b74b8[State = -1, empty queue]] WARN  server.GrpcLogAppender (GrpcLogAppender.java:timeoutAppendRequest(209)) - b26a8d60-58dc-431d-8168-f89a9ab35f3a@group-FB3B7D7D89E3->16805c57-9f45-4377-8998-764a8f26e152-GrpcLogAppender: appendEntries Timeout, request=b26a8d60-58dc-431d-8168-f89a9ab35f3a->16805c57-9f45-4377-8998-764a8f26e152#26-t129, previous=(t:129, i:2), leaderCommit=2, initializing? false, entries: <empty>
2019-10-19 01:04:59,915 [Thread-2802] INFO  impl.FollowerState (FollowerState.java:run(108)) - a1c78c0e-869c-4f76-b4ce-2034448e0b80@group-D48B69A44692-FollowerState: change to CANDIDATE, lastRpcTime:194ms, electionTimeout:194ms
2019-10-19 01:04:59,915 [Thread-2802] INFO  impl.RoleInfo (RoleInfo.java:shutdownFollowerState(121)) - a1c78c0e-869c-4f76-b4ce-2034448e0b80: shutdown FollowerState
2019-10-19 01:04:59,915 [Thread-2802] INFO  impl.RaftServerImpl (RaftServerImpl.java:setRole(184)) - a1c78c0e-869c-4f76-b4ce-2034448e0b80@group-D48B69A44692: changes role from  FOLLOWER to CANDIDATE at term 261 for changeToCandidate
2019-10-19 01:04:59,916 [Thread-2802] INFO  impl.RoleInfo (RoleInfo.java:updateAndGet(143)) - a1c78c0e-869c-4f76-b4ce-2034448e0b80: start LeaderElection
2019-10-19 01:04:59,946 [a1c78c0e-869c-4f76-b4ce-2034448e0b80@group-D48B69A44692-LeaderElection369] INFO  impl.LeaderElection (LeaderElection.java:askForVotes(178)) - a1c78c0e-869c-4f76-b4ce-2034448e0b80@group-D48B69A44692-LeaderElection369: begin an election at term 262 for -1: [51276c3c-a3b8-4274-b089-592ff4589f41:192.168.157.213:36639, 64c90977-e867-487c-b50d-c226f2d34a76:192.168.157.213:37433, a1c78c0e-869c-4f76-b4ce-2034448e0b80:192.168.157.213:33501], old=null
2019-10-19 01:04:59,947 [a1c78c0e-869c-4f76-b4ce-2034448e0b80@group-D48B69A44692-LeaderElection369] INFO  impl.LeaderElection (LogUtils.java:infoOrTrace(149)) - a1c78c0e-869c-4f76-b4ce-2034448e0b80@group-D48B69A44692-LeaderElection369 got exception when requesting votes: {}
java.util.concurrent.ExecutionException: org.apache.ratis.thirdparty.io.grpc.StatusRuntimeException: UNAVAILABLE: io exception
	at java.util.concurrent.FutureTask.report(FutureTask.java:122)
	at java.util.concurrent.FutureTask.get(FutureTask.java:192)
	at org.apache.ratis.server.impl.LeaderElection.waitForResults(LeaderElection.java:259)
	at org.apache.ratis.server.impl.LeaderElection.askForVotes(LeaderElection.java:197)
	at org.apache.ratis.server.impl.LeaderElection.run(LeaderElection.java:133)
	at java.lang.Thread.run(Thread.java:748)
Caused by: org.apache.ratis.thirdparty.io.grpc.StatusRuntimeException: UNAVAILABLE: io exception
	at org.apache.ratis.thirdparty.io.grpc.stub.ClientCalls.toStatusRuntimeException(ClientCalls.java:233)
	at org.apache.ratis.thirdparty.io.grpc.stub.ClientCalls.getUnchecked(ClientCalls.java:214)
	at org.apache.ratis.thirdparty.io.grpc.stub.ClientCalls.blockingUnaryCall(ClientCalls.java:139)
	at org.apache.ratis.proto.grpc.RaftServerProtocolServiceGrpc$RaftServerProtocolServiceBlockingStub.requestVote(RaftServerProtocolServiceGrpc.java:265)
	at org.apache.ratis.grpc.server.GrpcServerProtocolClient.requestVote(GrpcServerProtocolClient.java:99)
	at org.apache.ratis.grpc.server.GrpcService.requestVote(GrpcService.java:204)
	at org.apache.ratis.server.impl.LeaderElection.lambda$submitRequests$1(LeaderElection.java:234)
	at java.util.concurrent.FutureTask.run(FutureTask.java:266)
	at java.util.concurrent.Executors$RunnableAdapter.call(Executors.java:511)
	at java.util.concurrent.FutureTask.run(FutureTask.java:266)
	at java.util.concurrent.ThreadPoolExecutor.runWorker(ThreadPoolExecutor.java:1149)
	at java.util.concurrent.ThreadPoolExecutor$Worker.run(ThreadPoolExecutor.java:624)
	... 1 more
Caused by: org.apache.ratis.thirdparty.io.netty.channel.AbstractChannel$AnnotatedConnectException: Connection refused: /192.168.157.213:36639
	at sun.nio.ch.SocketChannelImpl.checkConnect(Native Method)
	at sun.nio.ch.SocketChannelImpl.finishConnect(SocketChannelImpl.java:717)
	at org.apache.ratis.thirdparty.io.netty.channel.socket.nio.NioSocketChannel.doFinishConnect(NioSocketChannel.java:327)
	at org.apache.ratis.thirdparty.io.netty.channel.nio.AbstractNioChannel$AbstractNioUnsafe.finishConnect(AbstractNioChannel.java:340)
	at org.apache.ratis.thirdparty.io.netty.channel.nio.NioEventLoop.processSelectedKey(NioEventLoop.java:632)
	at org.apache.ratis.thirdparty.io.netty.channel.nio.NioEventLoop.processSelectedKeysOptimized(NioEventLoop.java:579)
	at org.apache.ratis.thirdparty.io.netty.channel.nio.NioEventLoop.processSelectedKeys(NioEventLoop.java:496)
	at org.apache.ratis.thirdparty.io.netty.channel.nio.NioEventLoop.run(NioEventLoop.java:458)
	at org.apache.ratis.thirdparty.io.netty.util.concurrent.SingleThreadEventExecutor$5.run(SingleThreadEventExecutor.java:897)
	at org.apache.ratis.thirdparty.io.netty.util.concurrent.FastThreadLocalRunnable.run(FastThreadLocalRunnable.java:30)
	... 1 more
Caused by: java.net.ConnectException: Connection refused
	... 11 more
2019-10-19 01:04:59,947 [a1c78c0e-869c-4f76-b4ce-2034448e0b80@group-D48B69A44692-LeaderElection369] INFO  impl.LeaderElection (LogUtils.java:infoOrTrace(149)) - a1c78c0e-869c-4f76-b4ce-2034448e0b80@group-D48B69A44692-LeaderElection369 got exception when requesting votes: {}
java.util.concurrent.ExecutionException: org.apache.ratis.thirdparty.io.grpc.StatusRuntimeException: UNAVAILABLE: io exception
	at java.util.concurrent.FutureTask.report(FutureTask.java:122)
	at java.util.concurrent.FutureTask.get(FutureTask.java:192)
	at org.apache.ratis.server.impl.LeaderElection.waitForResults(LeaderElection.java:259)
	at org.apache.ratis.server.impl.LeaderElection.askForVotes(LeaderElection.java:197)
	at org.apache.ratis.server.impl.LeaderElection.run(LeaderElection.java:133)
	at java.lang.Thread.run(Thread.java:748)
Caused by: org.apache.ratis.thirdparty.io.grpc.StatusRuntimeException: UNAVAILABLE: io exception
	at org.apache.ratis.thirdparty.io.grpc.stub.ClientCalls.toStatusRuntimeException(ClientCalls.java:233)
	at org.apache.ratis.thirdparty.io.grpc.stub.ClientCalls.getUnchecked(ClientCalls.java:214)
	at org.apache.ratis.thirdparty.io.grpc.stub.ClientCalls.blockingUnaryCall(ClientCalls.java:139)
	at org.apache.ratis.proto.grpc.RaftServerProtocolServiceGrpc$RaftServerProtocolServiceBlockingStub.requestVote(RaftServerProtocolServiceGrpc.java:265)
	at org.apache.ratis.grpc.server.GrpcServerProtocolClient.requestVote(GrpcServerProtocolClient.java:99)
	at org.apache.ratis.grpc.server.GrpcService.requestVote(GrpcService.java:204)
	at org.apache.ratis.server.impl.LeaderElection.lambda$submitRequests$1(LeaderElection.java:234)
	at java.util.concurrent.FutureTask.run(FutureTask.java:266)
	at java.util.concurrent.Executors$RunnableAdapter.call(Executors.java:511)
	at java.util.concurrent.FutureTask.run(FutureTask.java:266)
	at java.util.concurrent.ThreadPoolExecutor.runWorker(ThreadPoolExecutor.java:1149)
	at java.util.concurrent.ThreadPoolExecutor$Worker.run(ThreadPoolExecutor.java:624)
	... 1 more
Caused by: org.apache.ratis.thirdparty.io.netty.channel.AbstractChannel$AnnotatedConnectException: Connection refused: /192.168.157.213:37433
	at sun.nio.ch.SocketChannelImpl.checkConnect(Native Method)
	at sun.nio.ch.SocketChannelImpl.finishConnect(SocketChannelImpl.java:717)
	at org.apache.ratis.thirdparty.io.netty.channel.socket.nio.NioSocketChannel.doFinishConnect(NioSocketChannel.java:327)
	at org.apache.ratis.thirdparty.io.netty.channel.nio.AbstractNioChannel$AbstractNioUnsafe.finishConnect(AbstractNioChannel.java:340)
	at org.apache.ratis.thirdparty.io.netty.channel.nio.NioEventLoop.processSelectedKey(NioEventLoop.java:632)
	at org.apache.ratis.thirdparty.io.netty.channel.nio.NioEventLoop.processSelectedKeysOptimized(NioEventLoop.java:579)
	at org.apache.ratis.thirdparty.io.netty.channel.nio.NioEventLoop.processSelectedKeys(NioEventLoop.java:496)
	at org.apache.ratis.thirdparty.io.netty.channel.nio.NioEventLoop.run(NioEventLoop.java:458)
	at org.apache.ratis.thirdparty.io.netty.util.concurrent.SingleThreadEventExecutor$5.run(SingleThreadEventExecutor.java:897)
	at org.apache.ratis.thirdparty.io.netty.util.concurrent.FastThreadLocalRunnable.run(FastThreadLocalRunnable.java:30)
	... 1 more
Caused by: java.net.ConnectException: Connection refused
	... 11 more
2019-10-19 01:04:59,948 [a1c78c0e-869c-4f76-b4ce-2034448e0b80@group-D48B69A44692-LeaderElection369] INFO  impl.LeaderElection (LeaderElection.java:logAndReturn(56)) - a1c78c0e-869c-4f76-b4ce-2034448e0b80@group-D48B69A44692-LeaderElection369: Election REJECTED; received 0 response(s) [] and 2 exception(s); a1c78c0e-869c-4f76-b4ce-2034448e0b80@group-D48B69A44692:t262, leader=null, voted=a1c78c0e-869c-4f76-b4ce-2034448e0b80, raftlog=a1c78c0e-869c-4f76-b4ce-2034448e0b80@group-D48B69A44692-SegmentedRaftLog:OPENED:c-1,f-1,i0, conf=-1: [51276c3c-a3b8-4274-b089-592ff4589f41:192.168.157.213:36639, 64c90977-e867-487c-b50d-c226f2d34a76:192.168.157.213:37433, a1c78c0e-869c-4f76-b4ce-2034448e0b80:192.168.157.213:33501], old=null
2019-10-19 01:04:59,948 [a1c78c0e-869c-4f76-b4ce-2034448e0b80@group-D48B69A44692-LeaderElection369] INFO  impl.LeaderElection (LogUtils.java:infoOrTrace(149)) -   Exception 0: {}
java.util.concurrent.ExecutionException: org.apache.ratis.thirdparty.io.grpc.StatusRuntimeException: UNAVAILABLE: io exception
	at java.util.concurrent.FutureTask.report(FutureTask.java:122)
	at java.util.concurrent.FutureTask.get(FutureTask.java:192)
	at org.apache.ratis.server.impl.LeaderElection.waitForResults(LeaderElection.java:259)
	at org.apache.ratis.server.impl.LeaderElection.askForVotes(LeaderElection.java:197)
	at org.apache.ratis.server.impl.LeaderElection.run(LeaderElection.java:133)
	at java.lang.Thread.run(Thread.java:748)
Caused by: org.apache.ratis.thirdparty.io.grpc.StatusRuntimeException: UNAVAILABLE: io exception
	at org.apache.ratis.thirdparty.io.grpc.stub.ClientCalls.toStatusRuntimeException(ClientCalls.java:233)
	at org.apache.ratis.thirdparty.io.grpc.stub.ClientCalls.getUnchecked(ClientCalls.java:214)
	at org.apache.ratis.thirdparty.io.grpc.stub.ClientCalls.blockingUnaryCall(ClientCalls.java:139)
	at org.apache.ratis.proto.grpc.RaftServerProtocolServiceGrpc$RaftServerProtocolServiceBlockingStub.requestVote(RaftServerProtocolServiceGrpc.java:265)
	at org.apache.ratis.grpc.server.GrpcServerProtocolClient.requestVote(GrpcServerProtocolClient.java:99)
	at org.apache.ratis.grpc.server.GrpcService.requestVote(GrpcService.java:204)
	at org.apache.ratis.server.impl.LeaderElection.lambda$submitRequests$1(LeaderElection.java:234)
	at java.util.concurrent.FutureTask.run(FutureTask.java:266)
	at java.util.concurrent.Executors$RunnableAdapter.call(Executors.java:511)
	at java.util.concurrent.FutureTask.run(FutureTask.java:266)
	at java.util.concurrent.ThreadPoolExecutor.runWorker(ThreadPoolExecutor.java:1149)
	at java.util.concurrent.ThreadPoolExecutor$Worker.run(ThreadPoolExecutor.java:624)
	... 1 more
Caused by: org.apache.ratis.thirdparty.io.netty.channel.AbstractChannel$AnnotatedConnectException: Connection refused: /192.168.157.213:36639
	at sun.nio.ch.SocketChannelImpl.checkConnect(Native Method)
	at sun.nio.ch.SocketChannelImpl.finishConnect(SocketChannelImpl.java:717)
	at org.apache.ratis.thirdparty.io.netty.channel.socket.nio.NioSocketChannel.doFinishConnect(NioSocketChannel.java:327)
	at org.apache.ratis.thirdparty.io.netty.channel.nio.AbstractNioChannel$AbstractNioUnsafe.finishConnect(AbstractNioChannel.java:340)
	at org.apache.ratis.thirdparty.io.netty.channel.nio.NioEventLoop.processSelectedKey(NioEventLoop.java:632)
	at org.apache.ratis.thirdparty.io.netty.channel.nio.NioEventLoop.processSelectedKeysOptimized(NioEventLoop.java:579)
	at org.apache.ratis.thirdparty.io.netty.channel.nio.NioEventLoop.processSelectedKeys(NioEventLoop.java:496)
	at org.apache.ratis.thirdparty.io.netty.channel.nio.NioEventLoop.run(NioEventLoop.java:458)
	at org.apache.ratis.thirdparty.io.netty.util.concurrent.SingleThreadEventExecutor$5.run(SingleThreadEventExecutor.java:897)
	at org.apache.ratis.thirdparty.io.netty.util.concurrent.FastThreadLocalRunnable.run(FastThreadLocalRunnable.java:30)
	... 1 more
Caused by: java.net.ConnectException: Connection refused
	... 11 more
2019-10-19 01:04:59,948 [a1c78c0e-869c-4f76-b4ce-2034448e0b80@group-D48B69A44692-LeaderElection369] INFO  impl.LeaderElection (LogUtils.java:infoOrTrace(149)) -   Exception 1: {}
java.util.concurrent.ExecutionException: org.apache.ratis.thirdparty.io.grpc.StatusRuntimeException: UNAVAILABLE: io exception
	at java.util.concurrent.FutureTask.report(FutureTask.java:122)
	at java.util.concurrent.FutureTask.get(FutureTask.java:192)
	at org.apache.ratis.server.impl.LeaderElection.waitForResults(LeaderElection.java:259)
	at org.apache.ratis.server.impl.LeaderElection.askForVotes(LeaderElection.java:197)
	at org.apache.ratis.server.impl.LeaderElection.run(LeaderElection.java:133)
	at java.lang.Thread.run(Thread.java:748)
Caused by: org.apache.ratis.thirdparty.io.grpc.StatusRuntimeException: UNAVAILABLE: io exception
	at org.apache.ratis.thirdparty.io.grpc.stub.ClientCalls.toStatusRuntimeException(ClientCalls.java:233)
	at org.apache.ratis.thirdparty.io.grpc.stub.ClientCalls.getUnchecked(ClientCalls.java:214)
	at org.apache.ratis.thirdparty.io.grpc.stub.ClientCalls.blockingUnaryCall(ClientCalls.java:139)
	at org.apache.ratis.proto.grpc.RaftServerProtocolServiceGrpc$RaftServerProtocolServiceBlockingStub.requestVote(RaftServerProtocolServiceGrpc.java:265)
	at org.apache.ratis.grpc.server.GrpcServerProtocolClient.requestVote(GrpcServerProtocolClient.java:99)
	at org.apache.ratis.grpc.server.GrpcService.requestVote(GrpcService.java:204)
	at org.apache.ratis.server.impl.LeaderElection.lambda$submitRequests$1(LeaderElection.java:234)
	at java.util.concurrent.FutureTask.run(FutureTask.java:266)
	at java.util.concurrent.Executors$RunnableAdapter.call(Executors.java:511)
	at java.util.concurrent.FutureTask.run(FutureTask.java:266)
	at java.util.concurrent.ThreadPoolExecutor.runWorker(ThreadPoolExecutor.java:1149)
	at java.util.concurrent.ThreadPoolExecutor$Worker.run(ThreadPoolExecutor.java:624)
	... 1 more
Caused by: org.apache.ratis.thirdparty.io.netty.channel.AbstractChannel$AnnotatedConnectException: Connection refused: /192.168.157.213:37433
	at sun.nio.ch.SocketChannelImpl.checkConnect(Native Method)
	at sun.nio.ch.SocketChannelImpl.finishConnect(SocketChannelImpl.java:717)
	at org.apache.ratis.thirdparty.io.netty.channel.socket.nio.NioSocketChannel.doFinishConnect(NioSocketChannel.java:327)
	at org.apache.ratis.thirdparty.io.netty.channel.nio.AbstractNioChannel$AbstractNioUnsafe.finishConnect(AbstractNioChannel.java:340)
	at org.apache.ratis.thirdparty.io.netty.channel.nio.NioEventLoop.processSelectedKey(NioEventLoop.java:632)
	at org.apache.ratis.thirdparty.io.netty.channel.nio.NioEventLoop.processSelectedKeysOptimized(NioEventLoop.java:579)
	at org.apache.ratis.thirdparty.io.netty.channel.nio.NioEventLoop.processSelectedKeys(NioEventLoop.java:496)
	at org.apache.ratis.thirdparty.io.netty.channel.nio.NioEventLoop.run(NioEventLoop.java:458)
	at org.apache.ratis.thirdparty.io.netty.util.concurrent.SingleThreadEventExecutor$5.run(SingleThreadEventExecutor.java:897)
	at org.apache.ratis.thirdparty.io.netty.util.concurrent.FastThreadLocalRunnable.run(FastThreadLocalRunnable.java:30)
	... 1 more
Caused by: java.net.ConnectException: Connection refused
	... 11 more
2019-10-19 01:04:59,948 [a1c78c0e-869c-4f76-b4ce-2034448e0b80@group-D48B69A44692-LeaderElection369] INFO  impl.RaftServerImpl (RaftServerImpl.java:setRole(184)) - a1c78c0e-869c-4f76-b4ce-2034448e0b80@group-D48B69A44692: changes role from CANDIDATE to FOLLOWER at term 262 for DISCOVERED_A_NEW_TERM
2019-10-19 01:04:59,948 [a1c78c0e-869c-4f76-b4ce-2034448e0b80@group-D48B69A44692-LeaderElection369] INFO  impl.RoleInfo (RoleInfo.java:shutdownLeaderElection(134)) - a1c78c0e-869c-4f76-b4ce-2034448e0b80: shutdown LeaderElection
2019-10-19 01:04:59,948 [a1c78c0e-869c-4f76-b4ce-2034448e0b80@group-D48B69A44692-LeaderElection369] INFO  impl.RoleInfo (RoleInfo.java:updateAndGet(143)) - a1c78c0e-869c-4f76-b4ce-2034448e0b80: start FollowerState
2019-10-19 01:05:00,078 [Thread-2806] INFO  impl.FollowerState (FollowerState.java:run(108)) - a1c78c0e-869c-4f76-b4ce-2034448e0b80@group-D48B69A44692-FollowerState: change to CANDIDATE, lastRpcTime:129ms, electionTimeout:129ms
2019-10-19 01:05:00,078 [Thread-2806] INFO  impl.RoleInfo (RoleInfo.java:shutdownFollowerState(121)) - a1c78c0e-869c-4f76-b4ce-2034448e0b80: shutdown FollowerState
2019-10-19 01:05:00,078 [Thread-2806] INFO  impl.RaftServerImpl (RaftServerImpl.java:setRole(184)) - a1c78c0e-869c-4f76-b4ce-2034448e0b80@group-D48B69A44692: changes role from  FOLLOWER to CANDIDATE at term 262 for changeToCandidate
2019-10-19 01:05:00,078 [Thread-2806] INFO  impl.RoleInfo (RoleInfo.java:updateAndGet(143)) - a1c78c0e-869c-4f76-b4ce-2034448e0b80: start LeaderElection
2019-10-19 01:05:00,090 [a1c78c0e-869c-4f76-b4ce-2034448e0b80@group-D48B69A44692-LeaderElection370] INFO  impl.LeaderElection (LeaderElection.java:askForVotes(178)) - a1c78c0e-869c-4f76-b4ce-2034448e0b80@group-D48B69A44692-LeaderElection370: begin an election at term 263 for -1: [51276c3c-a3b8-4274-b089-592ff4589f41:192.168.157.213:36639, 64c90977-e867-487c-b50d-c226f2d34a76:192.168.157.213:37433, a1c78c0e-869c-4f76-b4ce-2034448e0b80:192.168.157.213:33501], old=null
2019-10-19 01:05:00,091 [a1c78c0e-869c-4f76-b4ce-2034448e0b80@group-D48B69A44692-LeaderElection370] INFO  impl.LeaderElection (LogUtils.java:infoOrTrace(149)) - a1c78c0e-869c-4f76-b4ce-2034448e0b80@group-D48B69A44692-LeaderElection370 got exception when requesting votes: {}
java.util.concurrent.ExecutionException: org.apache.ratis.thirdparty.io.grpc.StatusRuntimeException: UNAVAILABLE: io exception
	at java.util.concurrent.FutureTask.report(FutureTask.java:122)
	at java.util.concurrent.FutureTask.get(FutureTask.java:192)
	at org.apache.ratis.server.impl.LeaderElection.waitForResults(LeaderElection.java:259)
	at org.apache.ratis.server.impl.LeaderElection.askForVotes(LeaderElection.java:197)
	at org.apache.ratis.server.impl.LeaderElection.run(LeaderElection.java:133)
	at java.lang.Thread.run(Thread.java:748)
Caused by: org.apache.ratis.thirdparty.io.grpc.StatusRuntimeException: UNAVAILABLE: io exception
	at org.apache.ratis.thirdparty.io.grpc.stub.ClientCalls.toStatusRuntimeException(ClientCalls.java:233)
	at org.apache.ratis.thirdparty.io.grpc.stub.ClientCalls.getUnchecked(ClientCalls.java:214)
	at org.apache.ratis.thirdparty.io.grpc.stub.ClientCalls.blockingUnaryCall(ClientCalls.java:139)
	at org.apache.ratis.proto.grpc.RaftServerProtocolServiceGrpc$RaftServerProtocolServiceBlockingStub.requestVote(RaftServerProtocolServiceGrpc.java:265)
	at org.apache.ratis.grpc.server.GrpcServerProtocolClient.requestVote(GrpcServerProtocolClient.java:99)
	at org.apache.ratis.grpc.server.GrpcService.requestVote(GrpcService.java:204)
	at org.apache.ratis.server.impl.LeaderElection.lambda$submitRequests$1(LeaderElection.java:234)
	at java.util.concurrent.FutureTask.run(FutureTask.java:266)
	at java.util.concurrent.Executors$RunnableAdapter.call(Executors.java:511)
	at java.util.concurrent.FutureTask.run(FutureTask.java:266)
	at java.util.concurrent.ThreadPoolExecutor.runWorker(ThreadPoolExecutor.java:1149)
	at java.util.concurrent.ThreadPoolExecutor$Worker.run(ThreadPoolExecutor.java:624)
	... 1 more
Caused by: org.apache.ratis.thirdparty.io.netty.channel.AbstractChannel$AnnotatedConnectException: Connection refused: /192.168.157.213:37433
	at sun.nio.ch.SocketChannelImpl.checkConnect(Native Method)
	at sun.nio.ch.SocketChannelImpl.finishConnect(SocketChannelImpl.java:717)
	at org.apache.ratis.thirdparty.io.netty.channel.socket.nio.NioSocketChannel.doFinishConnect(NioSocketChannel.java:327)
	at org.apache.ratis.thirdparty.io.netty.channel.nio.AbstractNioChannel$AbstractNioUnsafe.finishConnect(AbstractNioChannel.java:340)
	at org.apache.ratis.thirdparty.io.netty.channel.nio.NioEventLoop.processSelectedKey(NioEventLoop.java:632)
	at org.apache.ratis.thirdparty.io.netty.channel.nio.NioEventLoop.processSelectedKeysOptimized(NioEventLoop.java:579)
	at org.apache.ratis.thirdparty.io.netty.channel.nio.NioEventLoop.processSelectedKeys(NioEventLoop.java:496)
	at org.apache.ratis.thirdparty.io.netty.channel.nio.NioEventLoop.run(NioEventLoop.java:458)
	at org.apache.ratis.thirdparty.io.netty.util.concurrent.SingleThreadEventExecutor$5.run(SingleThreadEventExecutor.java:897)
	at org.apache.ratis.thirdparty.io.netty.util.concurrent.FastThreadLocalRunnable.run(FastThreadLocalRunnable.java:30)
	... 1 more
Caused by: java.net.ConnectException: Connection refused
	... 11 more
2019-10-19 01:05:00,091 [a1c78c0e-869c-4f76-b4ce-2034448e0b80@group-D48B69A44692-LeaderElection370] INFO  impl.LeaderElection (LogUtils.java:infoOrTrace(149)) - a1c78c0e-869c-4f76-b4ce-2034448e0b80@group-D48B69A44692-LeaderElection370 got exception when requesting votes: {}
java.util.concurrent.ExecutionException: org.apache.ratis.thirdparty.io.grpc.StatusRuntimeException: UNAVAILABLE: io exception
	at java.util.concurrent.FutureTask.report(FutureTask.java:122)
	at java.util.concurrent.FutureTask.get(FutureTask.java:192)
	at org.apache.ratis.server.impl.LeaderElection.waitForResults(LeaderElection.java:259)
	at org.apache.ratis.server.impl.LeaderElection.askForVotes(LeaderElection.java:197)
	at org.apache.ratis.server.impl.LeaderElection.run(LeaderElection.java:133)
	at java.lang.Thread.run(Thread.java:748)
Caused by: org.apache.ratis.thirdparty.io.grpc.StatusRuntimeException: UNAVAILABLE: io exception
	at org.apache.ratis.thirdparty.io.grpc.stub.ClientCalls.toStatusRuntimeException(ClientCalls.java:233)
	at org.apache.ratis.thirdparty.io.grpc.stub.ClientCalls.getUnchecked(ClientCalls.java:214)
	at org.apache.ratis.thirdparty.io.grpc.stub.ClientCalls.blockingUnaryCall(ClientCalls.java:139)
	at org.apache.ratis.proto.grpc.RaftServerProtocolServiceGrpc$RaftServerProtocolServiceBlockingStub.requestVote(RaftServerProtocolServiceGrpc.java:265)
	at org.apache.ratis.grpc.server.GrpcServerProtocolClient.requestVote(GrpcServerProtocolClient.java:99)
	at org.apache.ratis.grpc.server.GrpcService.requestVote(GrpcService.java:204)
	at org.apache.ratis.server.impl.LeaderElection.lambda$submitRequests$1(LeaderElection.java:234)
	at java.util.concurrent.FutureTask.run(FutureTask.java:266)
	at java.util.concurrent.Executors$RunnableAdapter.call(Executors.java:511)
	at java.util.concurrent.FutureTask.run(FutureTask.java:266)
	at java.util.concurrent.ThreadPoolExecutor.runWorker(ThreadPoolExecutor.java:1149)
	at java.util.concurrent.ThreadPoolExecutor$Worker.run(ThreadPoolExecutor.java:624)
	... 1 more
Caused by: org.apache.ratis.thirdparty.io.netty.channel.AbstractChannel$AnnotatedConnectException: Connection refused: /192.168.157.213:36639
	at sun.nio.ch.SocketChannelImpl.checkConnect(Native Method)
	at sun.nio.ch.SocketChannelImpl.finishConnect(SocketChannelImpl.java:717)
	at org.apache.ratis.thirdparty.io.netty.channel.socket.nio.NioSocketChannel.doFinishConnect(NioSocketChannel.java:327)
	at org.apache.ratis.thirdparty.io.netty.channel.nio.AbstractNioChannel$AbstractNioUnsafe.finishConnect(AbstractNioChannel.java:340)
	at org.apache.ratis.thirdparty.io.netty.channel.nio.NioEventLoop.processSelectedKey(NioEventLoop.java:632)
	at org.apache.ratis.thirdparty.io.netty.channel.nio.NioEventLoop.processSelectedKeysOptimized(NioEventLoop.java:579)
	at org.apache.ratis.thirdparty.io.netty.channel.nio.NioEventLoop.processSelectedKeys(NioEventLoop.java:496)
	at org.apache.ratis.thirdparty.io.netty.channel.nio.NioEventLoop.run(NioEventLoop.java:458)
	at org.apache.ratis.thirdparty.io.netty.util.concurrent.SingleThreadEventExecutor$5.run(SingleThreadEventExecutor.java:897)
	at org.apache.ratis.thirdparty.io.netty.util.concurrent.FastThreadLocalRunnable.run(FastThreadLocalRunnable.java:30)
	... 1 more
Caused by: java.net.ConnectException: Connection refused
	... 11 more
2019-10-19 01:05:00,092 [a1c78c0e-869c-4f76-b4ce-2034448e0b80@group-D48B69A44692-LeaderElection370] INFO  impl.LeaderElection (LeaderElection.java:logAndReturn(56)) - a1c78c0e-869c-4f76-b4ce-2034448e0b80@group-D48B69A44692-LeaderElection370: Election REJECTED; received 0 response(s) [] and 2 exception(s); a1c78c0e-869c-4f76-b4ce-2034448e0b80@group-D48B69A44692:t263, leader=null, voted=a1c78c0e-869c-4f76-b4ce-2034448e0b80, raftlog=a1c78c0e-869c-4f76-b4ce-2034448e0b80@group-D48B69A44692-SegmentedRaftLog:OPENED:c-1,f-1,i0, conf=-1: [51276c3c-a3b8-4274-b089-592ff4589f41:192.168.157.213:36639, 64c90977-e867-487c-b50d-c226f2d34a76:192.168.157.213:37433, a1c78c0e-869c-4f76-b4ce-2034448e0b80:192.168.157.213:33501], old=null
2019-10-19 01:05:00,092 [a1c78c0e-869c-4f76-b4ce-2034448e0b80@group-D48B69A44692-LeaderElection370] INFO  impl.LeaderElection (LogUtils.java:infoOrTrace(149)) -   Exception 0: {}
java.util.concurrent.ExecutionException: org.apache.ratis.thirdparty.io.grpc.StatusRuntimeException: UNAVAILABLE: io exception
	at java.util.concurrent.FutureTask.report(FutureTask.java:122)
	at java.util.concurrent.FutureTask.get(FutureTask.java:192)
	at org.apache.ratis.server.impl.LeaderElection.waitForResults(LeaderElection.java:259)
	at org.apache.ratis.server.impl.LeaderElection.askForVotes(LeaderElection.java:197)
	at org.apache.ratis.server.impl.LeaderElection.run(LeaderElection.java:133)
	at java.lang.Thread.run(Thread.java:748)
Caused by: org.apache.ratis.thirdparty.io.grpc.StatusRuntimeException: UNAVAILABLE: io exception
	at org.apache.ratis.thirdparty.io.grpc.stub.ClientCalls.toStatusRuntimeException(ClientCalls.java:233)
	at org.apache.ratis.thirdparty.io.grpc.stub.ClientCalls.getUnchecked(ClientCalls.java:214)
	at org.apache.ratis.thirdparty.io.grpc.stub.ClientCalls.blockingUnaryCall(ClientCalls.java:139)
	at org.apache.ratis.proto.grpc.RaftServerProtocolServiceGrpc$RaftServerProtocolServiceBlockingStub.requestVote(RaftServerProtocolServiceGrpc.java:265)
	at org.apache.ratis.grpc.server.GrpcServerProtocolClient.requestVote(GrpcServerProtocolClient.java:99)
	at org.apache.ratis.grpc.server.GrpcService.requestVote(GrpcService.java:204)
	at org.apache.ratis.server.impl.LeaderElection.lambda$submitRequests$1(LeaderElection.java:234)
	at java.util.concurrent.FutureTask.run(FutureTask.java:266)
	at java.util.concurrent.Executors$RunnableAdapter.call(Executors.java:511)
	at java.util.concurrent.FutureTask.run(FutureTask.java:266)
	at java.util.concurrent.ThreadPoolExecutor.runWorker(ThreadPoolExecutor.java:1149)
	at java.util.concurrent.ThreadPoolExecutor$Worker.run(ThreadPoolExecutor.java:624)
	... 1 more
Caused by: org.apache.ratis.thirdparty.io.netty.channel.AbstractChannel$AnnotatedConnectException: Connection refused: /192.168.157.213:37433
	at sun.nio.ch.SocketChannelImpl.checkConnect(Native Method)
	at sun.nio.ch.SocketChannelImpl.finishConnect(SocketChannelImpl.java:717)
	at org.apache.ratis.thirdparty.io.netty.channel.socket.nio.NioSocketChannel.doFinishConnect(NioSocketChannel.java:327)
	at org.apache.ratis.thirdparty.io.netty.channel.nio.AbstractNioChannel$AbstractNioUnsafe.finishConnect(AbstractNioChannel.java:340)
	at org.apache.ratis.thirdparty.io.netty.channel.nio.NioEventLoop.processSelectedKey(NioEventLoop.java:632)
	at org.apache.ratis.thirdparty.io.netty.channel.nio.NioEventLoop.processSelectedKeysOptimized(NioEventLoop.java:579)
	at org.apache.ratis.thirdparty.io.netty.channel.nio.NioEventLoop.processSelectedKeys(NioEventLoop.java:496)
	at org.apache.ratis.thirdparty.io.netty.channel.nio.NioEventLoop.run(NioEventLoop.java:458)
	at org.apache.ratis.thirdparty.io.netty.util.concurrent.SingleThreadEventExecutor$5.run(SingleThreadEventExecutor.java:897)
	at org.apache.ratis.thirdparty.io.netty.util.concurrent.FastThreadLocalRunnable.run(FastThreadLocalRunnable.java:30)
	... 1 more
Caused by: java.net.ConnectException: Connection refused
	... 11 more
2019-10-19 01:05:00,092 [a1c78c0e-869c-4f76-b4ce-2034448e0b80@group-D48B69A44692-LeaderElection370] INFO  impl.LeaderElection (LogUtils.java:infoOrTrace(149)) -   Exception 1: {}
java.util.concurrent.ExecutionException: org.apache.ratis.thirdparty.io.grpc.StatusRuntimeException: UNAVAILABLE: io exception
	at java.util.concurrent.FutureTask.report(FutureTask.java:122)
	at java.util.concurrent.FutureTask.get(FutureTask.java:192)
	at org.apache.ratis.server.impl.LeaderElection.waitForResults(LeaderElection.java:259)
	at org.apache.ratis.server.impl.LeaderElection.askForVotes(LeaderElection.java:197)
	at org.apache.ratis.server.impl.LeaderElection.run(LeaderElection.java:133)
	at java.lang.Thread.run(Thread.java:748)
Caused by: org.apache.ratis.thirdparty.io.grpc.StatusRuntimeException: UNAVAILABLE: io exception
	at org.apache.ratis.thirdparty.io.grpc.stub.ClientCalls.toStatusRuntimeException(ClientCalls.java:233)
	at org.apache.ratis.thirdparty.io.grpc.stub.ClientCalls.getUnchecked(ClientCalls.java:214)
	at org.apache.ratis.thirdparty.io.grpc.stub.ClientCalls.blockingUnaryCall(ClientCalls.java:139)
	at org.apache.ratis.proto.grpc.RaftServerProtocolServiceGrpc$RaftServerProtocolServiceBlockingStub.requestVote(RaftServerProtocolServiceGrpc.java:265)
	at org.apache.ratis.grpc.server.GrpcServerProtocolClient.requestVote(GrpcServerProtocolClient.java:99)
	at org.apache.ratis.grpc.server.GrpcService.requestVote(GrpcService.java:204)
	at org.apache.ratis.server.impl.LeaderElection.lambda$submitRequests$1(LeaderElection.java:234)
	at java.util.concurrent.FutureTask.run(FutureTask.java:266)
	at java.util.concurrent.Executors$RunnableAdapter.call(Executors.java:511)
	at java.util.concurrent.FutureTask.run(FutureTask.java:266)
	at java.util.concurrent.ThreadPoolExecutor.runWorker(ThreadPoolExecutor.java:1149)
	at java.util.concurrent.ThreadPoolExecutor$Worker.run(ThreadPoolExecutor.java:624)
	... 1 more
Caused by: org.apache.ratis.thirdparty.io.netty.channel.AbstractChannel$AnnotatedConnectException: Connection refused: /192.168.157.213:36639
	at sun.nio.ch.SocketChannelImpl.checkConnect(Native Method)
	at sun.nio.ch.SocketChannelImpl.finishConnect(SocketChannelImpl.java:717)
	at org.apache.ratis.thirdparty.io.netty.channel.socket.nio.NioSocketChannel.doFinishConnect(NioSocketChannel.java:327)
	at org.apache.ratis.thirdparty.io.netty.channel.nio.AbstractNioChannel$AbstractNioUnsafe.finishConnect(AbstractNioChannel.java:340)
	at org.apache.ratis.thirdparty.io.netty.channel.nio.NioEventLoop.processSelectedKey(NioEventLoop.java:632)
	at org.apache.ratis.thirdparty.io.netty.channel.nio.NioEventLoop.processSelectedKeysOptimized(NioEventLoop.java:579)
	at org.apache.ratis.thirdparty.io.netty.channel.nio.NioEventLoop.processSelectedKeys(NioEventLoop.java:496)
	at org.apache.ratis.thirdparty.io.netty.channel.nio.NioEventLoop.run(NioEventLoop.java:458)
	at org.apache.ratis.thirdparty.io.netty.util.concurrent.SingleThreadEventExecutor$5.run(SingleThreadEventExecutor.java:897)
	at org.apache.ratis.thirdparty.io.netty.util.concurrent.FastThreadLocalRunnable.run(FastThreadLocalRunnable.java:30)
	... 1 more
Caused by: java.net.ConnectException: Connection refused
	... 11 more
2019-10-19 01:05:00,092 [a1c78c0e-869c-4f76-b4ce-2034448e0b80@group-D48B69A44692-LeaderElection370] INFO  impl.RaftServerImpl (RaftServerImpl.java:setRole(184)) - a1c78c0e-869c-4f76-b4ce-2034448e0b80@group-D48B69A44692: changes role from CANDIDATE to FOLLOWER at term 263 for DISCOVERED_A_NEW_TERM
2019-10-19 01:05:00,092 [a1c78c0e-869c-4f76-b4ce-2034448e0b80@group-D48B69A44692-LeaderElection370] INFO  impl.RoleInfo (RoleInfo.java:shutdownLeaderElection(134)) - a1c78c0e-869c-4f76-b4ce-2034448e0b80: shutdown LeaderElection
2019-10-19 01:05:00,092 [a1c78c0e-869c-4f76-b4ce-2034448e0b80@group-D48B69A44692-LeaderElection370] INFO  impl.RoleInfo (RoleInfo.java:updateAndGet(143)) - a1c78c0e-869c-4f76-b4ce-2034448e0b80: start FollowerState
2019-10-19 01:05:00,116 [Datanode State Machine Thread - 0] INFO  statemachine.DatanodeStateMachine (DatanodeStateMachine.java:lambda$startDaemon$0(350)) - Ozone container server started.
2019-10-19 01:05:00,163 [Thread-2810] INFO  impl.FollowerState (FollowerState.java:run(108)) - a1c78c0e-869c-4f76-b4ce-2034448e0b80@group-D48B69A44692-FollowerState: change to CANDIDATE, lastRpcTime:70ms, electionTimeout:70ms
2019-10-19 01:05:00,163 [Thread-2810] INFO  impl.RoleInfo (RoleInfo.java:shutdownFollowerState(121)) - a1c78c0e-869c-4f76-b4ce-2034448e0b80: shutdown FollowerState
2019-10-19 01:05:00,163 [Thread-2810] INFO  impl.RaftServerImpl (RaftServerImpl.java:setRole(184)) - a1c78c0e-869c-4f76-b4ce-2034448e0b80@group-D48B69A44692: changes role from  FOLLOWER to CANDIDATE at term 263 for changeToCandidate
2019-10-19 01:05:00,163 [Thread-2810] INFO  impl.RoleInfo (RoleInfo.java:updateAndGet(143)) - a1c78c0e-869c-4f76-b4ce-2034448e0b80: start LeaderElection
2019-10-19 01:05:00,173 [a1c78c0e-869c-4f76-b4ce-2034448e0b80@group-D48B69A44692-LeaderElection371] INFO  impl.LeaderElection (LeaderElection.java:askForVotes(178)) - a1c78c0e-869c-4f76-b4ce-2034448e0b80@group-D48B69A44692-LeaderElection371: begin an election at term 264 for -1: [51276c3c-a3b8-4274-b089-592ff4589f41:192.168.157.213:36639, 64c90977-e867-487c-b50d-c226f2d34a76:192.168.157.213:37433, a1c78c0e-869c-4f76-b4ce-2034448e0b80:192.168.157.213:33501], old=null
2019-10-19 01:05:00,174 [a1c78c0e-869c-4f76-b4ce-2034448e0b80@group-D48B69A44692-LeaderElection371] INFO  impl.LeaderElection (LogUtils.java:infoOrTrace(149)) - a1c78c0e-869c-4f76-b4ce-2034448e0b80@group-D48B69A44692-LeaderElection371 got exception when requesting votes: {}
java.util.concurrent.ExecutionException: org.apache.ratis.thirdparty.io.grpc.StatusRuntimeException: UNAVAILABLE: io exception
	at java.util.concurrent.FutureTask.report(FutureTask.java:122)
	at java.util.concurrent.FutureTask.get(FutureTask.java:192)
	at org.apache.ratis.server.impl.LeaderElection.waitForResults(LeaderElection.java:259)
	at org.apache.ratis.server.impl.LeaderElection.askForVotes(LeaderElection.java:197)
	at org.apache.ratis.server.impl.LeaderElection.run(LeaderElection.java:133)
	at java.lang.Thread.run(Thread.java:748)
Caused by: org.apache.ratis.thirdparty.io.grpc.StatusRuntimeException: UNAVAILABLE: io exception
	at org.apache.ratis.thirdparty.io.grpc.stub.ClientCalls.toStatusRuntimeException(ClientCalls.java:233)
	at org.apache.ratis.thirdparty.io.grpc.stub.ClientCalls.getUnchecked(ClientCalls.java:214)
	at org.apache.ratis.thirdparty.io.grpc.stub.ClientCalls.blockingUnaryCall(ClientCalls.java:139)
	at org.apache.ratis.proto.grpc.RaftServerProtocolServiceGrpc$RaftServerProtocolServiceBlockingStub.requestVote(RaftServerProtocolServiceGrpc.java:265)
	at org.apache.ratis.grpc.server.GrpcServerProtocolClient.requestVote(GrpcServerProtocolClient.java:99)
	at org.apache.ratis.grpc.server.GrpcService.requestVote(GrpcService.java:204)
	at org.apache.ratis.server.impl.LeaderElection.lambda$submitRequests$1(LeaderElection.java:234)
	at java.util.concurrent.FutureTask.run(FutureTask.java:266)
	at java.util.concurrent.Executors$RunnableAdapter.call(Executors.java:511)
	at java.util.concurrent.FutureTask.run(FutureTask.java:266)
	at java.util.concurrent.ThreadPoolExecutor.runWorker(ThreadPoolExecutor.java:1149)
	at java.util.concurrent.ThreadPoolExecutor$Worker.run(ThreadPoolExecutor.java:624)
	... 1 more
Caused by: org.apache.ratis.thirdparty.io.netty.channel.AbstractChannel$AnnotatedConnectException: Connection refused: /192.168.157.213:37433
	at sun.nio.ch.SocketChannelImpl.checkConnect(Native Method)
	at sun.nio.ch.SocketChannelImpl.finishConnect(SocketChannelImpl.java:717)
	at org.apache.ratis.thirdparty.io.netty.channel.socket.nio.NioSocketChannel.doFinishConnect(NioSocketChannel.java:327)
	at org.apache.ratis.thirdparty.io.netty.channel.nio.AbstractNioChannel$AbstractNioUnsafe.finishConnect(AbstractNioChannel.java:340)
	at org.apache.ratis.thirdparty.io.netty.channel.nio.NioEventLoop.processSelectedKey(NioEventLoop.java:632)
	at org.apache.ratis.thirdparty.io.netty.channel.nio.NioEventLoop.processSelectedKeysOptimized(NioEventLoop.java:579)
	at org.apache.ratis.thirdparty.io.netty.channel.nio.NioEventLoop.processSelectedKeys(NioEventLoop.java:496)
	at org.apache.ratis.thirdparty.io.netty.channel.nio.NioEventLoop.run(NioEventLoop.java:458)
	at org.apache.ratis.thirdparty.io.netty.util.concurrent.SingleThreadEventExecutor$5.run(SingleThreadEventExecutor.java:897)
	at org.apache.ratis.thirdparty.io.netty.util.concurrent.FastThreadLocalRunnable.run(FastThreadLocalRunnable.java:30)
	... 1 more
Caused by: java.net.ConnectException: Connection refused
	... 11 more
2019-10-19 01:05:00,175 [a1c78c0e-869c-4f76-b4ce-2034448e0b80@group-D48B69A44692-LeaderElection371] INFO  impl.LeaderElection (LogUtils.java:infoOrTrace(149)) - a1c78c0e-869c-4f76-b4ce-2034448e0b80@group-D48B69A44692-LeaderElection371 got exception when requesting votes: {}
java.util.concurrent.ExecutionException: org.apache.ratis.thirdparty.io.grpc.StatusRuntimeException: UNAVAILABLE: io exception
	at java.util.concurrent.FutureTask.report(FutureTask.java:122)
	at java.util.concurrent.FutureTask.get(FutureTask.java:192)
	at org.apache.ratis.server.impl.LeaderElection.waitForResults(LeaderElection.java:259)
	at org.apache.ratis.server.impl.LeaderElection.askForVotes(LeaderElection.java:197)
	at org.apache.ratis.server.impl.LeaderElection.run(LeaderElection.java:133)
	at java.lang.Thread.run(Thread.java:748)
Caused by: org.apache.ratis.thirdparty.io.grpc.StatusRuntimeException: UNAVAILABLE: io exception
	at org.apache.ratis.thirdparty.io.grpc.stub.ClientCalls.toStatusRuntimeException(ClientCalls.java:233)
	at org.apache.ratis.thirdparty.io.grpc.stub.ClientCalls.getUnchecked(ClientCalls.java:214)
	at org.apache.ratis.thirdparty.io.grpc.stub.ClientCalls.blockingUnaryCall(ClientCalls.java:139)
	at org.apache.ratis.proto.grpc.RaftServerProtocolServiceGrpc$RaftServerProtocolServiceBlockingStub.requestVote(RaftServerProtocolServiceGrpc.java:265)
	at org.apache.ratis.grpc.server.GrpcServerProtocolClient.requestVote(GrpcServerProtocolClient.java:99)
	at org.apache.ratis.grpc.server.GrpcService.requestVote(GrpcService.java:204)
	at org.apache.ratis.server.impl.LeaderElection.lambda$submitRequests$1(LeaderElection.java:234)
	at java.util.concurrent.FutureTask.run(FutureTask.java:266)
	at java.util.concurrent.Executors$RunnableAdapter.call(Executors.java:511)
	at java.util.concurrent.FutureTask.run(FutureTask.java:266)
	at java.util.concurrent.ThreadPoolExecutor.runWorker(ThreadPoolExecutor.java:1149)
	at java.util.concurrent.ThreadPoolExecutor$Worker.run(ThreadPoolExecutor.java:624)
	... 1 more
Caused by: org.apache.ratis.thirdparty.io.netty.channel.AbstractChannel$AnnotatedConnectException: Connection refused: /192.168.157.213:36639
	at sun.nio.ch.SocketChannelImpl.checkConnect(Native Method)
	at sun.nio.ch.SocketChannelImpl.finishConnect(SocketChannelImpl.java:717)
	at org.apache.ratis.thirdparty.io.netty.channel.socket.nio.NioSocketChannel.doFinishConnect(NioSocketChannel.java:327)
	at org.apache.ratis.thirdparty.io.netty.channel.nio.AbstractNioChannel$AbstractNioUnsafe.finishConnect(AbstractNioChannel.java:340)
	at org.apache.ratis.thirdparty.io.netty.channel.nio.NioEventLoop.processSelectedKey(NioEventLoop.java:632)
	at org.apache.ratis.thirdparty.io.netty.channel.nio.NioEventLoop.processSelectedKeysOptimized(NioEventLoop.java:579)
	at org.apache.ratis.thirdparty.io.netty.channel.nio.NioEventLoop.processSelectedKeys(NioEventLoop.java:496)
	at org.apache.ratis.thirdparty.io.netty.channel.nio.NioEventLoop.run(NioEventLoop.java:458)
	at org.apache.ratis.thirdparty.io.netty.util.concurrent.SingleThreadEventExecutor$5.run(SingleThreadEventExecutor.java:897)
	at org.apache.ratis.thirdparty.io.netty.util.concurrent.FastThreadLocalRunnable.run(FastThreadLocalRunnable.java:30)
	... 1 more
Caused by: java.net.ConnectException: Connection refused
	... 11 more
2019-10-19 01:05:00,175 [a1c78c0e-869c-4f76-b4ce-2034448e0b80@group-D48B69A44692-LeaderElection371] INFO  impl.LeaderElection (LeaderElection.java:logAndReturn(56)) - a1c78c0e-869c-4f76-b4ce-2034448e0b80@group-D48B69A44692-LeaderElection371: Election REJECTED; received 0 response(s) [] and 2 exception(s); a1c78c0e-869c-4f76-b4ce-2034448e0b80@group-D48B69A44692:t264, leader=null, voted=a1c78c0e-869c-4f76-b4ce-2034448e0b80, raftlog=a1c78c0e-869c-4f76-b4ce-2034448e0b80@group-D48B69A44692-SegmentedRaftLog:OPENED:c-1,f-1,i0, conf=-1: [51276c3c-a3b8-4274-b089-592ff4589f41:192.168.157.213:36639, 64c90977-e867-487c-b50d-c226f2d34a76:192.168.157.213:37433, a1c78c0e-869c-4f76-b4ce-2034448e0b80:192.168.157.213:33501], old=null
2019-10-19 01:05:00,175 [a1c78c0e-869c-4f76-b4ce-2034448e0b80@group-D48B69A44692-LeaderElection371] INFO  impl.LeaderElection (LogUtils.java:infoOrTrace(149)) -   Exception 0: {}
java.util.concurrent.ExecutionException: org.apache.ratis.thirdparty.io.grpc.StatusRuntimeException: UNAVAILABLE: io exception
	at java.util.concurrent.FutureTask.report(FutureTask.java:122)
	at java.util.concurrent.FutureTask.get(FutureTask.java:192)
	at org.apache.ratis.server.impl.LeaderElection.waitForResults(LeaderElection.java:259)
	at org.apache.ratis.server.impl.LeaderElection.askForVotes(LeaderElection.java:197)
	at org.apache.ratis.server.impl.LeaderElection.run(LeaderElection.java:133)
	at java.lang.Thread.run(Thread.java:748)
Caused by: org.apache.ratis.thirdparty.io.grpc.StatusRuntimeException: UNAVAILABLE: io exception
	at org.apache.ratis.thirdparty.io.grpc.stub.ClientCalls.toStatusRuntimeException(ClientCalls.java:233)
	at org.apache.ratis.thirdparty.io.grpc.stub.ClientCalls.getUnchecked(ClientCalls.java:214)
	at org.apache.ratis.thirdparty.io.grpc.stub.ClientCalls.blockingUnaryCall(ClientCalls.java:139)
	at org.apache.ratis.proto.grpc.RaftServerProtocolServiceGrpc$RaftServerProtocolServiceBlockingStub.requestVote(RaftServerProtocolServiceGrpc.java:265)
	at org.apache.ratis.grpc.server.GrpcServerProtocolClient.requestVote(GrpcServerProtocolClient.java:99)
	at org.apache.ratis.grpc.server.GrpcService.requestVote(GrpcService.java:204)
	at org.apache.ratis.server.impl.LeaderElection.lambda$submitRequests$1(LeaderElection.java:234)
	at java.util.concurrent.FutureTask.run(FutureTask.java:266)
	at java.util.concurrent.Executors$RunnableAdapter.call(Executors.java:511)
	at java.util.concurrent.FutureTask.run(FutureTask.java:266)
	at java.util.concurrent.ThreadPoolExecutor.runWorker(ThreadPoolExecutor.java:1149)
	at java.util.concurrent.ThreadPoolExecutor$Worker.run(ThreadPoolExecutor.java:624)
	... 1 more
Caused by: org.apache.ratis.thirdparty.io.netty.channel.AbstractChannel$AnnotatedConnectException: Connection refused: /192.168.157.213:37433
	at sun.nio.ch.SocketChannelImpl.checkConnect(Native Method)
	at sun.nio.ch.SocketChannelImpl.finishConnect(SocketChannelImpl.java:717)
	at org.apache.ratis.thirdparty.io.netty.channel.socket.nio.NioSocketChannel.doFinishConnect(NioSocketChannel.java:327)
	at org.apache.ratis.thirdparty.io.netty.channel.nio.AbstractNioChannel$AbstractNioUnsafe.finishConnect(AbstractNioChannel.java:340)
	at org.apache.ratis.thirdparty.io.netty.channel.nio.NioEventLoop.processSelectedKey(NioEventLoop.java:632)
	at org.apache.ratis.thirdparty.io.netty.channel.nio.NioEventLoop.processSelectedKeysOptimized(NioEventLoop.java:579)
	at org.apache.ratis.thirdparty.io.netty.channel.nio.NioEventLoop.processSelectedKeys(NioEventLoop.java:496)
	at org.apache.ratis.thirdparty.io.netty.channel.nio.NioEventLoop.run(NioEventLoop.java:458)
	at org.apache.ratis.thirdparty.io.netty.util.concurrent.SingleThreadEventExecutor$5.run(SingleThreadEventExecutor.java:897)
	at org.apache.ratis.thirdparty.io.netty.util.concurrent.FastThreadLocalRunnable.run(FastThreadLocalRunnable.java:30)
	... 1 more
Caused by: java.net.ConnectException: Connection refused
	... 11 more
2019-10-19 01:05:00,176 [a1c78c0e-869c-4f76-b4ce-2034448e0b80@group-D48B69A44692-LeaderElection371] INFO  impl.LeaderElection (LogUtils.java:infoOrTrace(149)) -   Exception 1: {}
java.util.concurrent.ExecutionException: org.apache.ratis.thirdparty.io.grpc.StatusRuntimeException: UNAVAILABLE: io exception
	at java.util.concurrent.FutureTask.report(FutureTask.java:122)
	at java.util.concurrent.FutureTask.get(FutureTask.java:192)
	at org.apache.ratis.server.impl.LeaderElection.waitForResults(LeaderElection.java:259)
	at org.apache.ratis.server.impl.LeaderElection.askForVotes(LeaderElection.java:197)
	at org.apache.ratis.server.impl.LeaderElection.run(LeaderElection.java:133)
	at java.lang.Thread.run(Thread.java:748)
Caused by: org.apache.ratis.thirdparty.io.grpc.StatusRuntimeException: UNAVAILABLE: io exception
	at org.apache.ratis.thirdparty.io.grpc.stub.ClientCalls.toStatusRuntimeException(ClientCalls.java:233)
	at org.apache.ratis.thirdparty.io.grpc.stub.ClientCalls.getUnchecked(ClientCalls.java:214)
	at org.apache.ratis.thirdparty.io.grpc.stub.ClientCalls.blockingUnaryCall(ClientCalls.java:139)
	at org.apache.ratis.proto.grpc.RaftServerProtocolServiceGrpc$RaftServerProtocolServiceBlockingStub.requestVote(RaftServerProtocolServiceGrpc.java:265)
	at org.apache.ratis.grpc.server.GrpcServerProtocolClient.requestVote(GrpcServerProtocolClient.java:99)
	at org.apache.ratis.grpc.server.GrpcService.requestVote(GrpcService.java:204)
	at org.apache.ratis.server.impl.LeaderElection.lambda$submitRequests$1(LeaderElection.java:234)
	at java.util.concurrent.FutureTask.run(FutureTask.java:266)
	at java.util.concurrent.Executors$RunnableAdapter.call(Executors.java:511)
	at java.util.concurrent.FutureTask.run(FutureTask.java:266)
	at java.util.concurrent.ThreadPoolExecutor.runWorker(ThreadPoolExecutor.java:1149)
	at java.util.concurrent.ThreadPoolExecutor$Worker.run(ThreadPoolExecutor.java:624)
	... 1 more
Caused by: org.apache.ratis.thirdparty.io.netty.channel.AbstractChannel$AnnotatedConnectException: Connection refused: /192.168.157.213:36639
	at sun.nio.ch.SocketChannelImpl.checkConnect(Native Method)
	at sun.nio.ch.SocketChannelImpl.finishConnect(SocketChannelImpl.java:717)
	at org.apache.ratis.thirdparty.io.netty.channel.socket.nio.NioSocketChannel.doFinishConnect(NioSocketChannel.java:327)
	at org.apache.ratis.thirdparty.io.netty.channel.nio.AbstractNioChannel$AbstractNioUnsafe.finishConnect(AbstractNioChannel.java:340)
	at org.apache.ratis.thirdparty.io.netty.channel.nio.NioEventLoop.processSelectedKey(NioEventLoop.java:632)
	at org.apache.ratis.thirdparty.io.netty.channel.nio.NioEventLoop.processSelectedKeysOptimized(NioEventLoop.java:579)
	at org.apache.ratis.thirdparty.io.netty.channel.nio.NioEventLoop.processSelectedKeys(NioEventLoop.java:496)
	at org.apache.ratis.thirdparty.io.netty.channel.nio.NioEventLoop.run(NioEventLoop.java:458)
	at org.apache.ratis.thirdparty.io.netty.util.concurrent.SingleThreadEventExecutor$5.run(SingleThreadEventExecutor.java:897)
	at org.apache.ratis.thirdparty.io.netty.util.concurrent.FastThreadLocalRunnable.run(FastThreadLocalRunnable.java:30)
	... 1 more
Caused by: java.net.ConnectException: Connection refused
	... 11 more
2019-10-19 01:05:00,176 [a1c78c0e-869c-4f76-b4ce-2034448e0b80@group-D48B69A44692-LeaderElection371] INFO  impl.RaftServerImpl (RaftServerImpl.java:setRole(184)) - a1c78c0e-869c-4f76-b4ce-2034448e0b80@group-D48B69A44692: changes role from CANDIDATE to FOLLOWER at term 264 for DISCOVERED_A_NEW_TERM
2019-10-19 01:05:00,176 [a1c78c0e-869c-4f76-b4ce-2034448e0b80@group-D48B69A44692-LeaderElection371] INFO  impl.RoleInfo (RoleInfo.java:shutdownLeaderElection(134)) - a1c78c0e-869c-4f76-b4ce-2034448e0b80: shutdown LeaderElection
2019-10-19 01:05:00,176 [a1c78c0e-869c-4f76-b4ce-2034448e0b80@group-D48B69A44692-LeaderElection371] INFO  impl.RoleInfo (RoleInfo.java:updateAndGet(143)) - a1c78c0e-869c-4f76-b4ce-2034448e0b80: start FollowerState
2019-10-19 01:05:00,176 [Thread-2814] INFO  impl.FollowerState (FollowerState.java:run(108)) - a1c78c0e-869c-4f76-b4ce-2034448e0b80@group-D48B69A44692-FollowerState: change to CANDIDATE, lastRpcTime:0ms, electionTimeout:0ms
2019-10-19 01:05:00,176 [Thread-2814] INFO  impl.RoleInfo (RoleInfo.java:shutdownFollowerState(121)) - a1c78c0e-869c-4f76-b4ce-2034448e0b80: shutdown FollowerState
2019-10-19 01:05:00,177 [Thread-2814] INFO  impl.RaftServerImpl (RaftServerImpl.java:setRole(184)) - a1c78c0e-869c-4f76-b4ce-2034448e0b80@group-D48B69A44692: changes role from  FOLLOWER to CANDIDATE at term 264 for changeToCandidate
2019-10-19 01:05:00,177 [Thread-2814] INFO  impl.RoleInfo (RoleInfo.java:updateAndGet(143)) - a1c78c0e-869c-4f76-b4ce-2034448e0b80: start LeaderElection
2019-10-19 01:05:00,189 [a1c78c0e-869c-4f76-b4ce-2034448e0b80@group-D48B69A44692-LeaderElection372] INFO  impl.LeaderElection (LeaderElection.java:askForVotes(178)) - a1c78c0e-869c-4f76-b4ce-2034448e0b80@group-D48B69A44692-LeaderElection372: begin an election at term 265 for -1: [51276c3c-a3b8-4274-b089-592ff4589f41:192.168.157.213:36639, 64c90977-e867-487c-b50d-c226f2d34a76:192.168.157.213:37433, a1c78c0e-869c-4f76-b4ce-2034448e0b80:192.168.157.213:33501], old=null
2019-10-19 01:05:00,190 [a1c78c0e-869c-4f76-b4ce-2034448e0b80@group-D48B69A44692-LeaderElection372] INFO  impl.LeaderElection (LogUtils.java:infoOrTrace(149)) - a1c78c0e-869c-4f76-b4ce-2034448e0b80@group-D48B69A44692-LeaderElection372 got exception when requesting votes: {}
java.util.concurrent.ExecutionException: org.apache.ratis.thirdparty.io.grpc.StatusRuntimeException: UNAVAILABLE: io exception
	at java.util.concurrent.FutureTask.report(FutureTask.java:122)
	at java.util.concurrent.FutureTask.get(FutureTask.java:192)
	at org.apache.ratis.server.impl.LeaderElection.waitForResults(LeaderElection.java:259)
	at org.apache.ratis.server.impl.LeaderElection.askForVotes(LeaderElection.java:197)
	at org.apache.ratis.server.impl.LeaderElection.run(LeaderElection.java:133)
	at java.lang.Thread.run(Thread.java:748)
Caused by: org.apache.ratis.thirdparty.io.grpc.StatusRuntimeException: UNAVAILABLE: io exception
	at org.apache.ratis.thirdparty.io.grpc.stub.ClientCalls.toStatusRuntimeException(ClientCalls.java:233)
	at org.apache.ratis.thirdparty.io.grpc.stub.ClientCalls.getUnchecked(ClientCalls.java:214)
	at org.apache.ratis.thirdparty.io.grpc.stub.ClientCalls.blockingUnaryCall(ClientCalls.java:139)
	at org.apache.ratis.proto.grpc.RaftServerProtocolServiceGrpc$RaftServerProtocolServiceBlockingStub.requestVote(RaftServerProtocolServiceGrpc.java:265)
	at org.apache.ratis.grpc.server.GrpcServerProtocolClient.requestVote(GrpcServerProtocolClient.java:99)
	at org.apache.ratis.grpc.server.GrpcService.requestVote(GrpcService.java:204)
	at org.apache.ratis.server.impl.LeaderElection.lambda$submitRequests$1(LeaderElection.java:234)
	at java.util.concurrent.FutureTask.run(FutureTask.java:266)
	at java.util.concurrent.Executors$RunnableAdapter.call(Executors.java:511)
	at java.util.concurrent.FutureTask.run(FutureTask.java:266)
	at java.util.concurrent.ThreadPoolExecutor.runWorker(ThreadPoolExecutor.java:1149)
	at java.util.concurrent.ThreadPoolExecutor$Worker.run(ThreadPoolExecutor.java:624)
	... 1 more
Caused by: org.apache.ratis.thirdparty.io.netty.channel.AbstractChannel$AnnotatedConnectException: Connection refused: /192.168.157.213:36639
	at sun.nio.ch.SocketChannelImpl.checkConnect(Native Method)
	at sun.nio.ch.SocketChannelImpl.finishConnect(SocketChannelImpl.java:717)
	at org.apache.ratis.thirdparty.io.netty.channel.socket.nio.NioSocketChannel.doFinishConnect(NioSocketChannel.java:327)
	at org.apache.ratis.thirdparty.io.netty.channel.nio.AbstractNioChannel$AbstractNioUnsafe.finishConnect(AbstractNioChannel.java:340)
	at org.apache.ratis.thirdparty.io.netty.channel.nio.NioEventLoop.processSelectedKey(NioEventLoop.java:632)
	at org.apache.ratis.thirdparty.io.netty.channel.nio.NioEventLoop.processSelectedKeysOptimized(NioEventLoop.java:579)
	at org.apache.ratis.thirdparty.io.netty.channel.nio.NioEventLoop.processSelectedKeys(NioEventLoop.java:496)
	at org.apache.ratis.thirdparty.io.netty.channel.nio.NioEventLoop.run(NioEventLoop.java:458)
	at org.apache.ratis.thirdparty.io.netty.util.concurrent.SingleThreadEventExecutor$5.run(SingleThreadEventExecutor.java:897)
	at org.apache.ratis.thirdparty.io.netty.util.concurrent.FastThreadLocalRunnable.run(FastThreadLocalRunnable.java:30)
	... 1 more
Caused by: java.net.ConnectException: Connection refused
	... 11 more
2019-10-19 01:05:00,190 [a1c78c0e-869c-4f76-b4ce-2034448e0b80@group-D48B69A44692-LeaderElection372] INFO  impl.LeaderElection (LogUtils.java:infoOrTrace(149)) - a1c78c0e-869c-4f76-b4ce-2034448e0b80@group-D48B69A44692-LeaderElection372 got exception when requesting votes: {}
java.util.concurrent.ExecutionException: org.apache.ratis.thirdparty.io.grpc.StatusRuntimeException: UNAVAILABLE: io exception
	at java.util.concurrent.FutureTask.report(FutureTask.java:122)
	at java.util.concurrent.FutureTask.get(FutureTask.java:192)
	at org.apache.ratis.server.impl.LeaderElection.waitForResults(LeaderElection.java:259)
	at org.apache.ratis.server.impl.LeaderElection.askForVotes(LeaderElection.java:197)
	at org.apache.ratis.server.impl.LeaderElection.run(LeaderElection.java:133)
	at java.lang.Thread.run(Thread.java:748)
Caused by: org.apache.ratis.thirdparty.io.grpc.StatusRuntimeException: UNAVAILABLE: io exception
	at org.apache.ratis.thirdparty.io.grpc.stub.ClientCalls.toStatusRuntimeException(ClientCalls.java:233)
	at org.apache.ratis.thirdparty.io.grpc.stub.ClientCalls.getUnchecked(ClientCalls.java:214)
	at org.apache.ratis.thirdparty.io.grpc.stub.ClientCalls.blockingUnaryCall(ClientCalls.java:139)
	at org.apache.ratis.proto.grpc.RaftServerProtocolServiceGrpc$RaftServerProtocolServiceBlockingStub.requestVote(RaftServerProtocolServiceGrpc.java:265)
	at org.apache.ratis.grpc.server.GrpcServerProtocolClient.requestVote(GrpcServerProtocolClient.java:99)
	at org.apache.ratis.grpc.server.GrpcService.requestVote(GrpcService.java:204)
	at org.apache.ratis.server.impl.LeaderElection.lambda$submitRequests$1(LeaderElection.java:234)
	at java.util.concurrent.FutureTask.run(FutureTask.java:266)
	at java.util.concurrent.Executors$RunnableAdapter.call(Executors.java:511)
	at java.util.concurrent.FutureTask.run(FutureTask.java:266)
	at java.util.concurrent.ThreadPoolExecutor.runWorker(ThreadPoolExecutor.java:1149)
	at java.util.concurrent.ThreadPoolExecutor$Worker.run(ThreadPoolExecutor.java:624)
	... 1 more
Caused by: org.apache.ratis.thirdparty.io.netty.channel.AbstractChannel$AnnotatedConnectException: Connection refused: /192.168.157.213:37433
	at sun.nio.ch.SocketChannelImpl.checkConnect(Native Method)
	at sun.nio.ch.SocketChannelImpl.finishConnect(SocketChannelImpl.java:717)
	at org.apache.ratis.thirdparty.io.netty.channel.socket.nio.NioSocketChannel.doFinishConnect(NioSocketChannel.java:327)
	at org.apache.ratis.thirdparty.io.netty.channel.nio.AbstractNioChannel$AbstractNioUnsafe.finishConnect(AbstractNioChannel.java:340)
	at org.apache.ratis.thirdparty.io.netty.channel.nio.NioEventLoop.processSelectedKey(NioEventLoop.java:632)
	at org.apache.ratis.thirdparty.io.netty.channel.nio.NioEventLoop.processSelectedKeysOptimized(NioEventLoop.java:579)
	at org.apache.ratis.thirdparty.io.netty.channel.nio.NioEventLoop.processSelectedKeys(NioEventLoop.java:496)
	at org.apache.ratis.thirdparty.io.netty.channel.nio.NioEventLoop.run(NioEventLoop.java:458)
	at org.apache.ratis.thirdparty.io.netty.util.concurrent.SingleThreadEventExecutor$5.run(SingleThreadEventExecutor.java:897)
	at org.apache.ratis.thirdparty.io.netty.util.concurrent.FastThreadLocalRunnable.run(FastThreadLocalRunnable.java:30)
	... 1 more
Caused by: java.net.ConnectException: Connection refused
	... 11 more
2019-10-19 01:05:00,190 [a1c78c0e-869c-4f76-b4ce-2034448e0b80@group-D48B69A44692-LeaderElection372] INFO  impl.LeaderElection (LeaderElection.java:logAndReturn(56)) - a1c78c0e-869c-4f76-b4ce-2034448e0b80@group-D48B69A44692-LeaderElection372: Election REJECTED; received 0 response(s) [] and 2 exception(s); a1c78c0e-869c-4f76-b4ce-2034448e0b80@group-D48B69A44692:t265, leader=null, voted=a1c78c0e-869c-4f76-b4ce-2034448e0b80, raftlog=a1c78c0e-869c-4f76-b4ce-2034448e0b80@group-D48B69A44692-SegmentedRaftLog:OPENED:c-1,f-1,i0, conf=-1: [51276c3c-a3b8-4274-b089-592ff4589f41:192.168.157.213:36639, 64c90977-e867-487c-b50d-c226f2d34a76:192.168.157.213:37433, a1c78c0e-869c-4f76-b4ce-2034448e0b80:192.168.157.213:33501], old=null
2019-10-19 01:05:00,190 [a1c78c0e-869c-4f76-b4ce-2034448e0b80@group-D48B69A44692-LeaderElection372] INFO  impl.LeaderElection (LogUtils.java:infoOrTrace(149)) -   Exception 0: {}
java.util.concurrent.ExecutionException: org.apache.ratis.thirdparty.io.grpc.StatusRuntimeException: UNAVAILABLE: io exception
	at java.util.concurrent.FutureTask.report(FutureTask.java:122)
	at java.util.concurrent.FutureTask.get(FutureTask.java:192)
	at org.apache.ratis.server.impl.LeaderElection.waitForResults(LeaderElection.java:259)
	at org.apache.ratis.server.impl.LeaderElection.askForVotes(LeaderElection.java:197)
	at org.apache.ratis.server.impl.LeaderElection.run(LeaderElection.java:133)
	at java.lang.Thread.run(Thread.java:748)
Caused by: org.apache.ratis.thirdparty.io.grpc.StatusRuntimeException: UNAVAILABLE: io exception
	at org.apache.ratis.thirdparty.io.grpc.stub.ClientCalls.toStatusRuntimeException(ClientCalls.java:233)
	at org.apache.ratis.thirdparty.io.grpc.stub.ClientCalls.getUnchecked(ClientCalls.java:214)
	at org.apache.ratis.thirdparty.io.grpc.stub.ClientCalls.blockingUnaryCall(ClientCalls.java:139)
	at org.apache.ratis.proto.grpc.RaftServerProtocolServiceGrpc$RaftServerProtocolServiceBlockingStub.requestVote(RaftServerProtocolServiceGrpc.java:265)
	at org.apache.ratis.grpc.server.GrpcServerProtocolClient.requestVote(GrpcServerProtocolClient.java:99)
	at org.apache.ratis.grpc.server.GrpcService.requestVote(GrpcService.java:204)
	at org.apache.ratis.server.impl.LeaderElection.lambda$submitRequests$1(LeaderElection.java:234)
	at java.util.concurrent.FutureTask.run(FutureTask.java:266)
	at java.util.concurrent.Executors$RunnableAdapter.call(Executors.java:511)
	at java.util.concurrent.FutureTask.run(FutureTask.java:266)
	at java.util.concurrent.ThreadPoolExecutor.runWorker(ThreadPoolExecutor.java:1149)
	at java.util.concurrent.ThreadPoolExecutor$Worker.run(ThreadPoolExecutor.java:624)
	... 1 more
Caused by: org.apache.ratis.thirdparty.io.netty.channel.AbstractChannel$AnnotatedConnectException: Connection refused: /192.168.157.213:36639
	at sun.nio.ch.SocketChannelImpl.checkConnect(Native Method)
	at sun.nio.ch.SocketChannelImpl.finishConnect(SocketChannelImpl.java:717)
	at org.apache.ratis.thirdparty.io.netty.channel.socket.nio.NioSocketChannel.doFinishConnect(NioSocketChannel.java:327)
	at org.apache.ratis.thirdparty.io.netty.channel.nio.AbstractNioChannel$AbstractNioUnsafe.finishConnect(AbstractNioChannel.java:340)
	at org.apache.ratis.thirdparty.io.netty.channel.nio.NioEventLoop.processSelectedKey(NioEventLoop.java:632)
	at org.apache.ratis.thirdparty.io.netty.channel.nio.NioEventLoop.processSelectedKeysOptimized(NioEventLoop.java:579)
	at org.apache.ratis.thirdparty.io.netty.channel.nio.NioEventLoop.processSelectedKeys(NioEventLoop.java:496)
	at org.apache.ratis.thirdparty.io.netty.channel.nio.NioEventLoop.run(NioEventLoop.java:458)
	at org.apache.ratis.thirdparty.io.netty.util.concurrent.SingleThreadEventExecutor$5.run(SingleThreadEventExecutor.java:897)
	at org.apache.ratis.thirdparty.io.netty.util.concurrent.FastThreadLocalRunnable.run(FastThreadLocalRunnable.java:30)
	... 1 more
Caused by: java.net.ConnectException: Connection refused
	... 11 more
2019-10-19 01:05:00,191 [a1c78c0e-869c-4f76-b4ce-2034448e0b80@group-D48B69A44692-LeaderElection372] INFO  impl.LeaderElection (LogUtils.java:infoOrTrace(149)) -   Exception 1: {}
java.util.concurrent.ExecutionException: org.apache.ratis.thirdparty.io.grpc.StatusRuntimeException: UNAVAILABLE: io exception
	at java.util.concurrent.FutureTask.report(FutureTask.java:122)
	at java.util.concurrent.FutureTask.get(FutureTask.java:192)
	at org.apache.ratis.server.impl.LeaderElection.waitForResults(LeaderElection.java:259)
	at org.apache.ratis.server.impl.LeaderElection.askForVotes(LeaderElection.java:197)
	at org.apache.ratis.server.impl.LeaderElection.run(LeaderElection.java:133)
	at java.lang.Thread.run(Thread.java:748)
Caused by: org.apache.ratis.thirdparty.io.grpc.StatusRuntimeException: UNAVAILABLE: io exception
	at org.apache.ratis.thirdparty.io.grpc.stub.ClientCalls.toStatusRuntimeException(ClientCalls.java:233)
	at org.apache.ratis.thirdparty.io.grpc.stub.ClientCalls.getUnchecked(ClientCalls.java:214)
	at org.apache.ratis.thirdparty.io.grpc.stub.ClientCalls.blockingUnaryCall(ClientCalls.java:139)
	at org.apache.ratis.proto.grpc.RaftServerProtocolServiceGrpc$RaftServerProtocolServiceBlockingStub.requestVote(RaftServerProtocolServiceGrpc.java:265)
	at org.apache.ratis.grpc.server.GrpcServerProtocolClient.requestVote(GrpcServerProtocolClient.java:99)
	at org.apache.ratis.grpc.server.GrpcService.requestVote(GrpcService.java:204)
	at org.apache.ratis.server.impl.LeaderElection.lambda$submitRequests$1(LeaderElection.java:234)
	at java.util.concurrent.FutureTask.run(FutureTask.java:266)
	at java.util.concurrent.Executors$RunnableAdapter.call(Executors.java:511)
	at java.util.concurrent.FutureTask.run(FutureTask.java:266)
	at java.util.concurrent.ThreadPoolExecutor.runWorker(ThreadPoolExecutor.java:1149)
	at java.util.concurrent.ThreadPoolExecutor$Worker.run(ThreadPoolExecutor.java:624)
	... 1 more
Caused by: org.apache.ratis.thirdparty.io.netty.channel.AbstractChannel$AnnotatedConnectException: Connection refused: /192.168.157.213:37433
	at sun.nio.ch.SocketChannelImpl.checkConnect(Native Method)
	at sun.nio.ch.SocketChannelImpl.finishConnect(SocketChannelImpl.java:717)
	at org.apache.ratis.thirdparty.io.netty.channel.socket.nio.NioSocketChannel.doFinishConnect(NioSocketChannel.java:327)
	at org.apache.ratis.thirdparty.io.netty.channel.nio.AbstractNioChannel$AbstractNioUnsafe.finishConnect(AbstractNioChannel.java:340)
	at org.apache.ratis.thirdparty.io.netty.channel.nio.NioEventLoop.processSelectedKey(NioEventLoop.java:632)
	at org.apache.ratis.thirdparty.io.netty.channel.nio.NioEventLoop.processSelectedKeysOptimized(NioEventLoop.java:579)
	at org.apache.ratis.thirdparty.io.netty.channel.nio.NioEventLoop.processSelectedKeys(NioEventLoop.java:496)
	at org.apache.ratis.thirdparty.io.netty.channel.nio.NioEventLoop.run(NioEventLoop.java:458)
	at org.apache.ratis.thirdparty.io.netty.util.concurrent.SingleThreadEventExecutor$5.run(SingleThreadEventExecutor.java:897)
	at org.apache.ratis.thirdparty.io.netty.util.concurrent.FastThreadLocalRunnable.run(FastThreadLocalRunnable.java:30)
	... 1 more
Caused by: java.net.ConnectException: Connection refused
	... 11 more
2019-10-19 01:05:00,191 [a1c78c0e-869c-4f76-b4ce-2034448e0b80@group-D48B69A44692-LeaderElection372] INFO  impl.RaftServerImpl (RaftServerImpl.java:setRole(184)) - a1c78c0e-869c-4f76-b4ce-2034448e0b80@group-D48B69A44692: changes role from CANDIDATE to FOLLOWER at term 265 for DISCOVERED_A_NEW_TERM
2019-10-19 01:05:00,191 [a1c78c0e-869c-4f76-b4ce-2034448e0b80@group-D48B69A44692-LeaderElection372] INFO  impl.RoleInfo (RoleInfo.java:shutdownLeaderElection(134)) - a1c78c0e-869c-4f76-b4ce-2034448e0b80: shutdown LeaderElection
2019-10-19 01:05:00,191 [a1c78c0e-869c-4f76-b4ce-2034448e0b80@group-D48B69A44692-LeaderElection372] INFO  impl.RoleInfo (RoleInfo.java:updateAndGet(143)) - a1c78c0e-869c-4f76-b4ce-2034448e0b80: start FollowerState
2019-10-19 01:05:00,226 [Thread-2818] INFO  impl.FollowerState (FollowerState.java:run(108)) - a1c78c0e-869c-4f76-b4ce-2034448e0b80@group-D48B69A44692-FollowerState: change to CANDIDATE, lastRpcTime:34ms, electionTimeout:34ms
2019-10-19 01:05:00,226 [Thread-2818] INFO  impl.RoleInfo (RoleInfo.java:shutdownFollowerState(121)) - a1c78c0e-869c-4f76-b4ce-2034448e0b80: shutdown FollowerState
2019-10-19 01:05:00,226 [Thread-2818] INFO  impl.RaftServerImpl (RaftServerImpl.java:setRole(184)) - a1c78c0e-869c-4f76-b4ce-2034448e0b80@group-D48B69A44692: changes role from  FOLLOWER to CANDIDATE at term 265 for changeToCandidate
2019-10-19 01:05:00,226 [Thread-2818] INFO  impl.RoleInfo (RoleInfo.java:updateAndGet(143)) - a1c78c0e-869c-4f76-b4ce-2034448e0b80: start LeaderElection
2019-10-19 01:05:00,240 [a1c78c0e-869c-4f76-b4ce-2034448e0b80@group-D48B69A44692-LeaderElection373] INFO  impl.LeaderElection (LeaderElection.java:askForVotes(178)) - a1c78c0e-869c-4f76-b4ce-2034448e0b80@group-D48B69A44692-LeaderElection373: begin an election at term 266 for -1: [51276c3c-a3b8-4274-b089-592ff4589f41:192.168.157.213:36639, 64c90977-e867-487c-b50d-c226f2d34a76:192.168.157.213:37433, a1c78c0e-869c-4f76-b4ce-2034448e0b80:192.168.157.213:33501], old=null
2019-10-19 01:05:00,241 [a1c78c0e-869c-4f76-b4ce-2034448e0b80@group-D48B69A44692-LeaderElection373] INFO  impl.LeaderElection (LogUtils.java:infoOrTrace(149)) - a1c78c0e-869c-4f76-b4ce-2034448e0b80@group-D48B69A44692-LeaderElection373 got exception when requesting votes: {}
java.util.concurrent.ExecutionException: org.apache.ratis.thirdparty.io.grpc.StatusRuntimeException: UNAVAILABLE: io exception
	at java.util.concurrent.FutureTask.report(FutureTask.java:122)
	at java.util.concurrent.FutureTask.get(FutureTask.java:192)
	at org.apache.ratis.server.impl.LeaderElection.waitForResults(LeaderElection.java:259)
	at org.apache.ratis.server.impl.LeaderElection.askForVotes(LeaderElection.java:197)
	at org.apache.ratis.server.impl.LeaderElection.run(LeaderElection.java:133)
	at java.lang.Thread.run(Thread.java:748)
Caused by: org.apache.ratis.thirdparty.io.grpc.StatusRuntimeException: UNAVAILABLE: io exception
	at org.apache.ratis.thirdparty.io.grpc.stub.ClientCalls.toStatusRuntimeException(ClientCalls.java:233)
	at org.apache.ratis.thirdparty.io.grpc.stub.ClientCalls.getUnchecked(ClientCalls.java:214)
	at org.apache.ratis.thirdparty.io.grpc.stub.ClientCalls.blockingUnaryCall(ClientCalls.java:139)
	at org.apache.ratis.proto.grpc.RaftServerProtocolServiceGrpc$RaftServerProtocolServiceBlockingStub.requestVote(RaftServerProtocolServiceGrpc.java:265)
	at org.apache.ratis.grpc.server.GrpcServerProtocolClient.requestVote(GrpcServerProtocolClient.java:99)
	at org.apache.ratis.grpc.server.GrpcService.requestVote(GrpcService.java:204)
	at org.apache.ratis.server.impl.LeaderElection.lambda$submitRequests$1(LeaderElection.java:234)
	at java.util.concurrent.FutureTask.run(FutureTask.java:266)
	at java.util.concurrent.Executors$RunnableAdapter.call(Executors.java:511)
	at java.util.concurrent.FutureTask.run(FutureTask.java:266)
	at java.util.concurrent.ThreadPoolExecutor.runWorker(ThreadPoolExecutor.java:1149)
	at java.util.concurrent.ThreadPoolExecutor$Worker.run(ThreadPoolExecutor.java:624)
	... 1 more
Caused by: org.apache.ratis.thirdparty.io.netty.channel.AbstractChannel$AnnotatedConnectException: Connection refused: /192.168.157.213:36639
	at sun.nio.ch.SocketChannelImpl.checkConnect(Native Method)
	at sun.nio.ch.SocketChannelImpl.finishConnect(SocketChannelImpl.java:717)
	at org.apache.ratis.thirdparty.io.netty.channel.socket.nio.NioSocketChannel.doFinishConnect(NioSocketChannel.java:327)
	at org.apache.ratis.thirdparty.io.netty.channel.nio.AbstractNioChannel$AbstractNioUnsafe.finishConnect(AbstractNioChannel.java:340)
	at org.apache.ratis.thirdparty.io.netty.channel.nio.NioEventLoop.processSelectedKey(NioEventLoop.java:632)
	at org.apache.ratis.thirdparty.io.netty.channel.nio.NioEventLoop.processSelectedKeysOptimized(NioEventLoop.java:579)
	at org.apache.ratis.thirdparty.io.netty.channel.nio.NioEventLoop.processSelectedKeys(NioEventLoop.java:496)
	at org.apache.ratis.thirdparty.io.netty.channel.nio.NioEventLoop.run(NioEventLoop.java:458)
	at org.apache.ratis.thirdparty.io.netty.util.concurrent.SingleThreadEventExecutor$5.run(SingleThreadEventExecutor.java:897)
	at org.apache.ratis.thirdparty.io.netty.util.concurrent.FastThreadLocalRunnable.run(FastThreadLocalRunnable.java:30)
	... 1 more
Caused by: java.net.ConnectException: Connection refused
	... 11 more
2019-10-19 01:05:00,241 [a1c78c0e-869c-4f76-b4ce-2034448e0b80@group-D48B69A44692-LeaderElection373] INFO  impl.LeaderElection (LogUtils.java:infoOrTrace(149)) - a1c78c0e-869c-4f76-b4ce-2034448e0b80@group-D48B69A44692-LeaderElection373 got exception when requesting votes: {}
java.util.concurrent.ExecutionException: org.apache.ratis.thirdparty.io.grpc.StatusRuntimeException: UNAVAILABLE: io exception
	at java.util.concurrent.FutureTask.report(FutureTask.java:122)
	at java.util.concurrent.FutureTask.get(FutureTask.java:192)
	at org.apache.ratis.server.impl.LeaderElection.waitForResults(LeaderElection.java:259)
	at org.apache.ratis.server.impl.LeaderElection.askForVotes(LeaderElection.java:197)
	at org.apache.ratis.server.impl.LeaderElection.run(LeaderElection.java:133)
	at java.lang.Thread.run(Thread.java:748)
Caused by: org.apache.ratis.thirdparty.io.grpc.StatusRuntimeException: UNAVAILABLE: io exception
	at org.apache.ratis.thirdparty.io.grpc.stub.ClientCalls.toStatusRuntimeException(ClientCalls.java:233)
	at org.apache.ratis.thirdparty.io.grpc.stub.ClientCalls.getUnchecked(ClientCalls.java:214)
	at org.apache.ratis.thirdparty.io.grpc.stub.ClientCalls.blockingUnaryCall(ClientCalls.java:139)
	at org.apache.ratis.proto.grpc.RaftServerProtocolServiceGrpc$RaftServerProtocolServiceBlockingStub.requestVote(RaftServerProtocolServiceGrpc.java:265)
	at org.apache.ratis.grpc.server.GrpcServerProtocolClient.requestVote(GrpcServerProtocolClient.java:99)
	at org.apache.ratis.grpc.server.GrpcService.requestVote(GrpcService.java:204)
	at org.apache.ratis.server.impl.LeaderElection.lambda$submitRequests$1(LeaderElection.java:234)
	at java.util.concurrent.FutureTask.run(FutureTask.java:266)
	at java.util.concurrent.Executors$RunnableAdapter.call(Executors.java:511)
	at java.util.concurrent.FutureTask.run(FutureTask.java:266)
	at java.util.concurrent.ThreadPoolExecutor.runWorker(ThreadPoolExecutor.java:1149)
	at java.util.concurrent.ThreadPoolExecutor$Worker.run(ThreadPoolExecutor.java:624)
	... 1 more
Caused by: org.apache.ratis.thirdparty.io.netty.channel.AbstractChannel$AnnotatedConnectException: Connection refused: /192.168.157.213:37433
	at sun.nio.ch.SocketChannelImpl.checkConnect(Native Method)
	at sun.nio.ch.SocketChannelImpl.finishConnect(SocketChannelImpl.java:717)
	at org.apache.ratis.thirdparty.io.netty.channel.socket.nio.NioSocketChannel.doFinishConnect(NioSocketChannel.java:327)
	at org.apache.ratis.thirdparty.io.netty.channel.nio.AbstractNioChannel$AbstractNioUnsafe.finishConnect(AbstractNioChannel.java:340)
	at org.apache.ratis.thirdparty.io.netty.channel.nio.NioEventLoop.processSelectedKey(NioEventLoop.java:632)
	at org.apache.ratis.thirdparty.io.netty.channel.nio.NioEventLoop.processSelectedKeysOptimized(NioEventLoop.java:579)
	at org.apache.ratis.thirdparty.io.netty.channel.nio.NioEventLoop.processSelectedKeys(NioEventLoop.java:496)
	at org.apache.ratis.thirdparty.io.netty.channel.nio.NioEventLoop.run(NioEventLoop.java:458)
	at org.apache.ratis.thirdparty.io.netty.util.concurrent.SingleThreadEventExecutor$5.run(SingleThreadEventExecutor.java:897)
	at org.apache.ratis.thirdparty.io.netty.util.concurrent.FastThreadLocalRunnable.run(FastThreadLocalRunnable.java:30)
	... 1 more
Caused by: java.net.ConnectException: Connection refused
	... 11 more
2019-10-19 01:05:00,242 [a1c78c0e-869c-4f76-b4ce-2034448e0b80@group-D48B69A44692-LeaderElection373] INFO  impl.LeaderElection (LeaderElection.java:logAndReturn(56)) - a1c78c0e-869c-4f76-b4ce-2034448e0b80@group-D48B69A44692-LeaderElection373: Election REJECTED; received 0 response(s) [] and 2 exception(s); a1c78c0e-869c-4f76-b4ce-2034448e0b80@group-D48B69A44692:t266, leader=null, voted=a1c78c0e-869c-4f76-b4ce-2034448e0b80, raftlog=a1c78c0e-869c-4f76-b4ce-2034448e0b80@group-D48B69A44692-SegmentedRaftLog:OPENED:c-1,f-1,i0, conf=-1: [51276c3c-a3b8-4274-b089-592ff4589f41:192.168.157.213:36639, 64c90977-e867-487c-b50d-c226f2d34a76:192.168.157.213:37433, a1c78c0e-869c-4f76-b4ce-2034448e0b80:192.168.157.213:33501], old=null
2019-10-19 01:05:00,242 [a1c78c0e-869c-4f76-b4ce-2034448e0b80@group-D48B69A44692-LeaderElection373] INFO  impl.LeaderElection (LogUtils.java:infoOrTrace(149)) -   Exception 0: {}
java.util.concurrent.ExecutionException: org.apache.ratis.thirdparty.io.grpc.StatusRuntimeException: UNAVAILABLE: io exception
	at java.util.concurrent.FutureTask.report(FutureTask.java:122)
	at java.util.concurrent.FutureTask.get(FutureTask.java:192)
	at org.apache.ratis.server.impl.LeaderElection.waitForResults(LeaderElection.java:259)
	at org.apache.ratis.server.impl.LeaderElection.askForVotes(LeaderElection.java:197)
	at org.apache.ratis.server.impl.LeaderElection.run(LeaderElection.java:133)
	at java.lang.Thread.run(Thread.java:748)
Caused by: org.apache.ratis.thirdparty.io.grpc.StatusRuntimeException: UNAVAILABLE: io exception
	at org.apache.ratis.thirdparty.io.grpc.stub.ClientCalls.toStatusRuntimeException(ClientCalls.java:233)
	at org.apache.ratis.thirdparty.io.grpc.stub.ClientCalls.getUnchecked(ClientCalls.java:214)
	at org.apache.ratis.thirdparty.io.grpc.stub.ClientCalls.blockingUnaryCall(ClientCalls.java:139)
	at org.apache.ratis.proto.grpc.RaftServerProtocolServiceGrpc$RaftServerProtocolServiceBlockingStub.requestVote(RaftServerProtocolServiceGrpc.java:265)
	at org.apache.ratis.grpc.server.GrpcServerProtocolClient.requestVote(GrpcServerProtocolClient.java:99)
	at org.apache.ratis.grpc.server.GrpcService.requestVote(GrpcService.java:204)
	at org.apache.ratis.server.impl.LeaderElection.lambda$submitRequests$1(LeaderElection.java:234)
	at java.util.concurrent.FutureTask.run(FutureTask.java:266)
	at java.util.concurrent.Executors$RunnableAdapter.call(Executors.java:511)
	at java.util.concurrent.FutureTask.run(FutureTask.java:266)
	at java.util.concurrent.ThreadPoolExecutor.runWorker(ThreadPoolExecutor.java:1149)
	at java.util.concurrent.ThreadPoolExecutor$Worker.run(ThreadPoolExecutor.java:624)
	... 1 more
Caused by: org.apache.ratis.thirdparty.io.netty.channel.AbstractChannel$AnnotatedConnectException: Connection refused: /192.168.157.213:36639
	at sun.nio.ch.SocketChannelImpl.checkConnect(Native Method)
	at sun.nio.ch.SocketChannelImpl.finishConnect(SocketChannelImpl.java:717)
	at org.apache.ratis.thirdparty.io.netty.channel.socket.nio.NioSocketChannel.doFinishConnect(NioSocketChannel.java:327)
	at org.apache.ratis.thirdparty.io.netty.channel.nio.AbstractNioChannel$AbstractNioUnsafe.finishConnect(AbstractNioChannel.java:340)
	at org.apache.ratis.thirdparty.io.netty.channel.nio.NioEventLoop.processSelectedKey(NioEventLoop.java:632)
	at org.apache.ratis.thirdparty.io.netty.channel.nio.NioEventLoop.processSelectedKeysOptimized(NioEventLoop.java:579)
	at org.apache.ratis.thirdparty.io.netty.channel.nio.NioEventLoop.processSelectedKeys(NioEventLoop.java:496)
	at org.apache.ratis.thirdparty.io.netty.channel.nio.NioEventLoop.run(NioEventLoop.java:458)
	at org.apache.ratis.thirdparty.io.netty.util.concurrent.SingleThreadEventExecutor$5.run(SingleThreadEventExecutor.java:897)
	at org.apache.ratis.thirdparty.io.netty.util.concurrent.FastThreadLocalRunnable.run(FastThreadLocalRunnable.java:30)
	... 1 more
Caused by: java.net.ConnectException: Connection refused
	... 11 more
2019-10-19 01:05:00,242 [a1c78c0e-869c-4f76-b4ce-2034448e0b80@group-D48B69A44692-LeaderElection373] INFO  impl.LeaderElection (LogUtils.java:infoOrTrace(149)) -   Exception 1: {}
java.util.concurrent.ExecutionException: org.apache.ratis.thirdparty.io.grpc.StatusRuntimeException: UNAVAILABLE: io exception
	at java.util.concurrent.FutureTask.report(FutureTask.java:122)
	at java.util.concurrent.FutureTask.get(FutureTask.java:192)
	at org.apache.ratis.server.impl.LeaderElection.waitForResults(LeaderElection.java:259)
	at org.apache.ratis.server.impl.LeaderElection.askForVotes(LeaderElection.java:197)
	at org.apache.ratis.server.impl.LeaderElection.run(LeaderElection.java:133)
	at java.lang.Thread.run(Thread.java:748)
Caused by: org.apache.ratis.thirdparty.io.grpc.StatusRuntimeException: UNAVAILABLE: io exception
	at org.apache.ratis.thirdparty.io.grpc.stub.ClientCalls.toStatusRuntimeException(ClientCalls.java:233)
	at org.apache.ratis.thirdparty.io.grpc.stub.ClientCalls.getUnchecked(ClientCalls.java:214)
	at org.apache.ratis.thirdparty.io.grpc.stub.ClientCalls.blockingUnaryCall(ClientCalls.java:139)
	at org.apache.ratis.proto.grpc.RaftServerProtocolServiceGrpc$RaftServerProtocolServiceBlockingStub.requestVote(RaftServerProtocolServiceGrpc.java:265)
	at org.apache.ratis.grpc.server.GrpcServerProtocolClient.requestVote(GrpcServerProtocolClient.java:99)
	at org.apache.ratis.grpc.server.GrpcService.requestVote(GrpcService.java:204)
	at org.apache.ratis.server.impl.LeaderElection.lambda$submitRequests$1(LeaderElection.java:234)
	at java.util.concurrent.FutureTask.run(FutureTask.java:266)
	at java.util.concurrent.Executors$RunnableAdapter.call(Executors.java:511)
	at java.util.concurrent.FutureTask.run(FutureTask.java:266)
	at java.util.concurrent.ThreadPoolExecutor.runWorker(ThreadPoolExecutor.java:1149)
	at java.util.concurrent.ThreadPoolExecutor$Worker.run(ThreadPoolExecutor.java:624)
	... 1 more
Caused by: org.apache.ratis.thirdparty.io.netty.channel.AbstractChannel$AnnotatedConnectException: Connection refused: /192.168.157.213:37433
	at sun.nio.ch.SocketChannelImpl.checkConnect(Native Method)
	at sun.nio.ch.SocketChannelImpl.finishConnect(SocketChannelImpl.java:717)
	at org.apache.ratis.thirdparty.io.netty.channel.socket.nio.NioSocketChannel.doFinishConnect(NioSocketChannel.java:327)
	at org.apache.ratis.thirdparty.io.netty.channel.nio.AbstractNioChannel$AbstractNioUnsafe.finishConnect(AbstractNioChannel.java:340)
	at org.apache.ratis.thirdparty.io.netty.channel.nio.NioEventLoop.processSelectedKey(NioEventLoop.java:632)
	at org.apache.ratis.thirdparty.io.netty.channel.nio.NioEventLoop.processSelectedKeysOptimized(NioEventLoop.java:579)
	at org.apache.ratis.thirdparty.io.netty.channel.nio.NioEventLoop.processSelectedKeys(NioEventLoop.java:496)
	at org.apache.ratis.thirdparty.io.netty.channel.nio.NioEventLoop.run(NioEventLoop.java:458)
	at org.apache.ratis.thirdparty.io.netty.util.concurrent.SingleThreadEventExecutor$5.run(SingleThreadEventExecutor.java:897)
	at org.apache.ratis.thirdparty.io.netty.util.concurrent.FastThreadLocalRunnable.run(FastThreadLocalRunnable.java:30)
	... 1 more
Caused by: java.net.ConnectException: Connection refused
	... 11 more
2019-10-19 01:05:00,242 [a1c78c0e-869c-4f76-b4ce-2034448e0b80@group-D48B69A44692-LeaderElection373] INFO  impl.RaftServerImpl (RaftServerImpl.java:setRole(184)) - a1c78c0e-869c-4f76-b4ce-2034448e0b80@group-D48B69A44692: changes role from CANDIDATE to FOLLOWER at term 266 for DISCOVERED_A_NEW_TERM
2019-10-19 01:05:00,242 [a1c78c0e-869c-4f76-b4ce-2034448e0b80@group-D48B69A44692-LeaderElection373] INFO  impl.RoleInfo (RoleInfo.java:shutdownLeaderElection(134)) - a1c78c0e-869c-4f76-b4ce-2034448e0b80: shutdown LeaderElection
2019-10-19 01:05:00,242 [a1c78c0e-869c-4f76-b4ce-2034448e0b80@group-D48B69A44692-LeaderElection373] INFO  impl.RoleInfo (RoleInfo.java:updateAndGet(143)) - a1c78c0e-869c-4f76-b4ce-2034448e0b80: start FollowerState
2019-10-19 01:05:00,243 [Datanode State Machine Thread - 0] INFO  statemachine.DatanodeStateMachine (DatanodeStateMachine.java:lambda$startDaemon$0(350)) - Ozone container server started.
2019-10-19 01:05:00,342 [java.util.concurrent.ThreadPoolExecutor$Worker@6bcea71[State = -1, empty queue]] WARN  server.GrpcLogAppender (GrpcLogAppender.java:timeoutAppendRequest(209)) - b26a8d60-58dc-431d-8168-f89a9ab35f3a@group-FB3B7D7D89E3->a54795b0-6c9c-4137-a866-f82f653c9bf9-GrpcLogAppender: appendEntries Timeout, request=b26a8d60-58dc-431d-8168-f89a9ab35f3a->a54795b0-6c9c-4137-a866-f82f653c9bf9#4-t129, previous=(t:3, i:0), leaderCommit=2, initializing? false, entries: <empty>
2019-10-19 01:05:00,356 [java.util.concurrent.ThreadPoolExecutor$Worker@3d9b74b8[State = -1, empty queue]] WARN  server.GrpcLogAppender (GrpcLogAppender.java:timeoutAppendRequest(209)) - b26a8d60-58dc-431d-8168-f89a9ab35f3a@group-FB3B7D7D89E3->16805c57-9f45-4377-8998-764a8f26e152-GrpcLogAppender: appendEntries Timeout, request=b26a8d60-58dc-431d-8168-f89a9ab35f3a->16805c57-9f45-4377-8998-764a8f26e152#27-t129, previous=(t:129, i:2), leaderCommit=2, initializing? false, entries: <empty>
2019-10-19 01:05:00,434 [Thread-2822] INFO  impl.FollowerState (FollowerState.java:run(108)) - a1c78c0e-869c-4f76-b4ce-2034448e0b80@group-D48B69A44692-FollowerState: change to CANDIDATE, lastRpcTime:191ms, electionTimeout:191ms
2019-10-19 01:05:00,434 [Thread-2822] INFO  impl.RoleInfo (RoleInfo.java:shutdownFollowerState(121)) - a1c78c0e-869c-4f76-b4ce-2034448e0b80: shutdown FollowerState
2019-10-19 01:05:00,434 [Thread-2822] INFO  impl.RaftServerImpl (RaftServerImpl.java:setRole(184)) - a1c78c0e-869c-4f76-b4ce-2034448e0b80@group-D48B69A44692: changes role from  FOLLOWER to CANDIDATE at term 266 for changeToCandidate
2019-10-19 01:05:00,434 [Thread-2822] INFO  impl.RoleInfo (RoleInfo.java:updateAndGet(143)) - a1c78c0e-869c-4f76-b4ce-2034448e0b80: start LeaderElection
2019-10-19 01:05:00,448 [a1c78c0e-869c-4f76-b4ce-2034448e0b80@group-D48B69A44692-LeaderElection374] INFO  impl.LeaderElection (LeaderElection.java:askForVotes(178)) - a1c78c0e-869c-4f76-b4ce-2034448e0b80@group-D48B69A44692-LeaderElection374: begin an election at term 267 for -1: [51276c3c-a3b8-4274-b089-592ff4589f41:192.168.157.213:36639, 64c90977-e867-487c-b50d-c226f2d34a76:192.168.157.213:37433, a1c78c0e-869c-4f76-b4ce-2034448e0b80:192.168.157.213:33501], old=null
2019-10-19 01:05:00,449 [a1c78c0e-869c-4f76-b4ce-2034448e0b80@group-D48B69A44692-LeaderElection374] INFO  impl.LeaderElection (LogUtils.java:infoOrTrace(149)) - a1c78c0e-869c-4f76-b4ce-2034448e0b80@group-D48B69A44692-LeaderElection374 got exception when requesting votes: {}
java.util.concurrent.ExecutionException: org.apache.ratis.thirdparty.io.grpc.StatusRuntimeException: UNAVAILABLE: io exception
	at java.util.concurrent.FutureTask.report(FutureTask.java:122)
	at java.util.concurrent.FutureTask.get(FutureTask.java:192)
	at org.apache.ratis.server.impl.LeaderElection.waitForResults(LeaderElection.java:259)
	at org.apache.ratis.server.impl.LeaderElection.askForVotes(LeaderElection.java:197)
	at org.apache.ratis.server.impl.LeaderElection.run(LeaderElection.java:133)
	at java.lang.Thread.run(Thread.java:748)
Caused by: org.apache.ratis.thirdparty.io.grpc.StatusRuntimeException: UNAVAILABLE: io exception
	at org.apache.ratis.thirdparty.io.grpc.stub.ClientCalls.toStatusRuntimeException(ClientCalls.java:233)
	at org.apache.ratis.thirdparty.io.grpc.stub.ClientCalls.getUnchecked(ClientCalls.java:214)
	at org.apache.ratis.thirdparty.io.grpc.stub.ClientCalls.blockingUnaryCall(ClientCalls.java:139)
	at org.apache.ratis.proto.grpc.RaftServerProtocolServiceGrpc$RaftServerProtocolServiceBlockingStub.requestVote(RaftServerProtocolServiceGrpc.java:265)
	at org.apache.ratis.grpc.server.GrpcServerProtocolClient.requestVote(GrpcServerProtocolClient.java:99)
	at org.apache.ratis.grpc.server.GrpcService.requestVote(GrpcService.java:204)
	at org.apache.ratis.server.impl.LeaderElection.lambda$submitRequests$1(LeaderElection.java:234)
	at java.util.concurrent.FutureTask.run(FutureTask.java:266)
	at java.util.concurrent.Executors$RunnableAdapter.call(Executors.java:511)
	at java.util.concurrent.FutureTask.run(FutureTask.java:266)
	at java.util.concurrent.ThreadPoolExecutor.runWorker(ThreadPoolExecutor.java:1149)
	at java.util.concurrent.ThreadPoolExecutor$Worker.run(ThreadPoolExecutor.java:624)
	... 1 more
Caused by: org.apache.ratis.thirdparty.io.netty.channel.AbstractChannel$AnnotatedConnectException: Connection refused: /192.168.157.213:36639
	at sun.nio.ch.SocketChannelImpl.checkConnect(Native Method)
	at sun.nio.ch.SocketChannelImpl.finishConnect(SocketChannelImpl.java:717)
	at org.apache.ratis.thirdparty.io.netty.channel.socket.nio.NioSocketChannel.doFinishConnect(NioSocketChannel.java:327)
	at org.apache.ratis.thirdparty.io.netty.channel.nio.AbstractNioChannel$AbstractNioUnsafe.finishConnect(AbstractNioChannel.java:340)
	at org.apache.ratis.thirdparty.io.netty.channel.nio.NioEventLoop.processSelectedKey(NioEventLoop.java:632)
	at org.apache.ratis.thirdparty.io.netty.channel.nio.NioEventLoop.processSelectedKeysOptimized(NioEventLoop.java:579)
	at org.apache.ratis.thirdparty.io.netty.channel.nio.NioEventLoop.processSelectedKeys(NioEventLoop.java:496)
	at org.apache.ratis.thirdparty.io.netty.channel.nio.NioEventLoop.run(NioEventLoop.java:458)
	at org.apache.ratis.thirdparty.io.netty.util.concurrent.SingleThreadEventExecutor$5.run(SingleThreadEventExecutor.java:897)
	at org.apache.ratis.thirdparty.io.netty.util.concurrent.FastThreadLocalRunnable.run(FastThreadLocalRunnable.java:30)
	... 1 more
Caused by: java.net.ConnectException: Connection refused
	... 11 more
2019-10-19 01:05:00,450 [a1c78c0e-869c-4f76-b4ce-2034448e0b80@group-D48B69A44692-LeaderElection374] INFO  impl.LeaderElection (LogUtils.java:infoOrTrace(149)) - a1c78c0e-869c-4f76-b4ce-2034448e0b80@group-D48B69A44692-LeaderElection374 got exception when requesting votes: {}
java.util.concurrent.ExecutionException: org.apache.ratis.thirdparty.io.grpc.StatusRuntimeException: UNAVAILABLE: io exception
	at java.util.concurrent.FutureTask.report(FutureTask.java:122)
	at java.util.concurrent.FutureTask.get(FutureTask.java:192)
	at org.apache.ratis.server.impl.LeaderElection.waitForResults(LeaderElection.java:259)
	at org.apache.ratis.server.impl.LeaderElection.askForVotes(LeaderElection.java:197)
	at org.apache.ratis.server.impl.LeaderElection.run(LeaderElection.java:133)
	at java.lang.Thread.run(Thread.java:748)
Caused by: org.apache.ratis.thirdparty.io.grpc.StatusRuntimeException: UNAVAILABLE: io exception
	at org.apache.ratis.thirdparty.io.grpc.stub.ClientCalls.toStatusRuntimeException(ClientCalls.java:233)
	at org.apache.ratis.thirdparty.io.grpc.stub.ClientCalls.getUnchecked(ClientCalls.java:214)
	at org.apache.ratis.thirdparty.io.grpc.stub.ClientCalls.blockingUnaryCall(ClientCalls.java:139)
	at org.apache.ratis.proto.grpc.RaftServerProtocolServiceGrpc$RaftServerProtocolServiceBlockingStub.requestVote(RaftServerProtocolServiceGrpc.java:265)
	at org.apache.ratis.grpc.server.GrpcServerProtocolClient.requestVote(GrpcServerProtocolClient.java:99)
	at org.apache.ratis.grpc.server.GrpcService.requestVote(GrpcService.java:204)
	at org.apache.ratis.server.impl.LeaderElection.lambda$submitRequests$1(LeaderElection.java:234)
	at java.util.concurrent.FutureTask.run(FutureTask.java:266)
	at java.util.concurrent.Executors$RunnableAdapter.call(Executors.java:511)
	at java.util.concurrent.FutureTask.run(FutureTask.java:266)
	at java.util.concurrent.ThreadPoolExecutor.runWorker(ThreadPoolExecutor.java:1149)
	at java.util.concurrent.ThreadPoolExecutor$Worker.run(ThreadPoolExecutor.java:624)
	... 1 more
Caused by: org.apache.ratis.thirdparty.io.netty.channel.AbstractChannel$AnnotatedConnectException: Connection refused: /192.168.157.213:37433
	at sun.nio.ch.SocketChannelImpl.checkConnect(Native Method)
	at sun.nio.ch.SocketChannelImpl.finishConnect(SocketChannelImpl.java:717)
	at org.apache.ratis.thirdparty.io.netty.channel.socket.nio.NioSocketChannel.doFinishConnect(NioSocketChannel.java:327)
	at org.apache.ratis.thirdparty.io.netty.channel.nio.AbstractNioChannel$AbstractNioUnsafe.finishConnect(AbstractNioChannel.java:340)
	at org.apache.ratis.thirdparty.io.netty.channel.nio.NioEventLoop.processSelectedKey(NioEventLoop.java:632)
	at org.apache.ratis.thirdparty.io.netty.channel.nio.NioEventLoop.processSelectedKeysOptimized(NioEventLoop.java:579)
	at org.apache.ratis.thirdparty.io.netty.channel.nio.NioEventLoop.processSelectedKeys(NioEventLoop.java:496)
	at org.apache.ratis.thirdparty.io.netty.channel.nio.NioEventLoop.run(NioEventLoop.java:458)
	at org.apache.ratis.thirdparty.io.netty.util.concurrent.SingleThreadEventExecutor$5.run(SingleThreadEventExecutor.java:897)
	at org.apache.ratis.thirdparty.io.netty.util.concurrent.FastThreadLocalRunnable.run(FastThreadLocalRunnable.java:30)
	... 1 more
Caused by: java.net.ConnectException: Connection refused
	... 11 more
2019-10-19 01:05:00,450 [a1c78c0e-869c-4f76-b4ce-2034448e0b80@group-D48B69A44692-LeaderElection374] INFO  impl.LeaderElection (LeaderElection.java:logAndReturn(56)) - a1c78c0e-869c-4f76-b4ce-2034448e0b80@group-D48B69A44692-LeaderElection374: Election REJECTED; received 0 response(s) [] and 2 exception(s); a1c78c0e-869c-4f76-b4ce-2034448e0b80@group-D48B69A44692:t267, leader=null, voted=a1c78c0e-869c-4f76-b4ce-2034448e0b80, raftlog=a1c78c0e-869c-4f76-b4ce-2034448e0b80@group-D48B69A44692-SegmentedRaftLog:OPENED:c-1,f-1,i0, conf=-1: [51276c3c-a3b8-4274-b089-592ff4589f41:192.168.157.213:36639, 64c90977-e867-487c-b50d-c226f2d34a76:192.168.157.213:37433, a1c78c0e-869c-4f76-b4ce-2034448e0b80:192.168.157.213:33501], old=null
2019-10-19 01:05:00,450 [a1c78c0e-869c-4f76-b4ce-2034448e0b80@group-D48B69A44692-LeaderElection374] INFO  impl.LeaderElection (LogUtils.java:infoOrTrace(149)) -   Exception 0: {}
java.util.concurrent.ExecutionException: org.apache.ratis.thirdparty.io.grpc.StatusRuntimeException: UNAVAILABLE: io exception
	at java.util.concurrent.FutureTask.report(FutureTask.java:122)
	at java.util.concurrent.FutureTask.get(FutureTask.java:192)
	at org.apache.ratis.server.impl.LeaderElection.waitForResults(LeaderElection.java:259)
	at org.apache.ratis.server.impl.LeaderElection.askForVotes(LeaderElection.java:197)
	at org.apache.ratis.server.impl.LeaderElection.run(LeaderElection.java:133)
	at java.lang.Thread.run(Thread.java:748)
Caused by: org.apache.ratis.thirdparty.io.grpc.StatusRuntimeException: UNAVAILABLE: io exception
	at org.apache.ratis.thirdparty.io.grpc.stub.ClientCalls.toStatusRuntimeException(ClientCalls.java:233)
	at org.apache.ratis.thirdparty.io.grpc.stub.ClientCalls.getUnchecked(ClientCalls.java:214)
	at org.apache.ratis.thirdparty.io.grpc.stub.ClientCalls.blockingUnaryCall(ClientCalls.java:139)
	at org.apache.ratis.proto.grpc.RaftServerProtocolServiceGrpc$RaftServerProtocolServiceBlockingStub.requestVote(RaftServerProtocolServiceGrpc.java:265)
	at org.apache.ratis.grpc.server.GrpcServerProtocolClient.requestVote(GrpcServerProtocolClient.java:99)
	at org.apache.ratis.grpc.server.GrpcService.requestVote(GrpcService.java:204)
	at org.apache.ratis.server.impl.LeaderElection.lambda$submitRequests$1(LeaderElection.java:234)
	at java.util.concurrent.FutureTask.run(FutureTask.java:266)
	at java.util.concurrent.Executors$RunnableAdapter.call(Executors.java:511)
	at java.util.concurrent.FutureTask.run(FutureTask.java:266)
	at java.util.concurrent.ThreadPoolExecutor.runWorker(ThreadPoolExecutor.java:1149)
	at java.util.concurrent.ThreadPoolExecutor$Worker.run(ThreadPoolExecutor.java:624)
	... 1 more
Caused by: org.apache.ratis.thirdparty.io.netty.channel.AbstractChannel$AnnotatedConnectException: Connection refused: /192.168.157.213:36639
	at sun.nio.ch.SocketChannelImpl.checkConnect(Native Method)
	at sun.nio.ch.SocketChannelImpl.finishConnect(SocketChannelImpl.java:717)
	at org.apache.ratis.thirdparty.io.netty.channel.socket.nio.NioSocketChannel.doFinishConnect(NioSocketChannel.java:327)
	at org.apache.ratis.thirdparty.io.netty.channel.nio.AbstractNioChannel$AbstractNioUnsafe.finishConnect(AbstractNioChannel.java:340)
	at org.apache.ratis.thirdparty.io.netty.channel.nio.NioEventLoop.processSelectedKey(NioEventLoop.java:632)
	at org.apache.ratis.thirdparty.io.netty.channel.nio.NioEventLoop.processSelectedKeysOptimized(NioEventLoop.java:579)
	at org.apache.ratis.thirdparty.io.netty.channel.nio.NioEventLoop.processSelectedKeys(NioEventLoop.java:496)
	at org.apache.ratis.thirdparty.io.netty.channel.nio.NioEventLoop.run(NioEventLoop.java:458)
	at org.apache.ratis.thirdparty.io.netty.util.concurrent.SingleThreadEventExecutor$5.run(SingleThreadEventExecutor.java:897)
	at org.apache.ratis.thirdparty.io.netty.util.concurrent.FastThreadLocalRunnable.run(FastThreadLocalRunnable.java:30)
	... 1 more
Caused by: java.net.ConnectException: Connection refused
	... 11 more
2019-10-19 01:05:00,450 [a1c78c0e-869c-4f76-b4ce-2034448e0b80@group-D48B69A44692-LeaderElection374] INFO  impl.LeaderElection (LogUtils.java:infoOrTrace(149)) -   Exception 1: {}
java.util.concurrent.ExecutionException: org.apache.ratis.thirdparty.io.grpc.StatusRuntimeException: UNAVAILABLE: io exception
	at java.util.concurrent.FutureTask.report(FutureTask.java:122)
	at java.util.concurrent.FutureTask.get(FutureTask.java:192)
	at org.apache.ratis.server.impl.LeaderElection.waitForResults(LeaderElection.java:259)
	at org.apache.ratis.server.impl.LeaderElection.askForVotes(LeaderElection.java:197)
	at org.apache.ratis.server.impl.LeaderElection.run(LeaderElection.java:133)
	at java.lang.Thread.run(Thread.java:748)
Caused by: org.apache.ratis.thirdparty.io.grpc.StatusRuntimeException: UNAVAILABLE: io exception
	at org.apache.ratis.thirdparty.io.grpc.stub.ClientCalls.toStatusRuntimeException(ClientCalls.java:233)
	at org.apache.ratis.thirdparty.io.grpc.stub.ClientCalls.getUnchecked(ClientCalls.java:214)
	at org.apache.ratis.thirdparty.io.grpc.stub.ClientCalls.blockingUnaryCall(ClientCalls.java:139)
	at org.apache.ratis.proto.grpc.RaftServerProtocolServiceGrpc$RaftServerProtocolServiceBlockingStub.requestVote(RaftServerProtocolServiceGrpc.java:265)
	at org.apache.ratis.grpc.server.GrpcServerProtocolClient.requestVote(GrpcServerProtocolClient.java:99)
	at org.apache.ratis.grpc.server.GrpcService.requestVote(GrpcService.java:204)
	at org.apache.ratis.server.impl.LeaderElection.lambda$submitRequests$1(LeaderElection.java:234)
	at java.util.concurrent.FutureTask.run(FutureTask.java:266)
	at java.util.concurrent.Executors$RunnableAdapter.call(Executors.java:511)
	at java.util.concurrent.FutureTask.run(FutureTask.java:266)
	at java.util.concurrent.ThreadPoolExecutor.runWorker(ThreadPoolExecutor.java:1149)
	at java.util.concurrent.ThreadPoolExecutor$Worker.run(ThreadPoolExecutor.java:624)
	... 1 more
Caused by: org.apache.ratis.thirdparty.io.netty.channel.AbstractChannel$AnnotatedConnectException: Connection refused: /192.168.157.213:37433
	at sun.nio.ch.SocketChannelImpl.checkConnect(Native Method)
	at sun.nio.ch.SocketChannelImpl.finishConnect(SocketChannelImpl.java:717)
	at org.apache.ratis.thirdparty.io.netty.channel.socket.nio.NioSocketChannel.doFinishConnect(NioSocketChannel.java:327)
	at org.apache.ratis.thirdparty.io.netty.channel.nio.AbstractNioChannel$AbstractNioUnsafe.finishConnect(AbstractNioChannel.java:340)
	at org.apache.ratis.thirdparty.io.netty.channel.nio.NioEventLoop.processSelectedKey(NioEventLoop.java:632)
	at org.apache.ratis.thirdparty.io.netty.channel.nio.NioEventLoop.processSelectedKeysOptimized(NioEventLoop.java:579)
	at org.apache.ratis.thirdparty.io.netty.channel.nio.NioEventLoop.processSelectedKeys(NioEventLoop.java:496)
	at org.apache.ratis.thirdparty.io.netty.channel.nio.NioEventLoop.run(NioEventLoop.java:458)
	at org.apache.ratis.thirdparty.io.netty.util.concurrent.SingleThreadEventExecutor$5.run(SingleThreadEventExecutor.java:897)
	at org.apache.ratis.thirdparty.io.netty.util.concurrent.FastThreadLocalRunnable.run(FastThreadLocalRunnable.java:30)
	... 1 more
Caused by: java.net.ConnectException: Connection refused
	... 11 more
2019-10-19 01:05:00,451 [a1c78c0e-869c-4f76-b4ce-2034448e0b80@group-D48B69A44692-LeaderElection374] INFO  impl.RaftServerImpl (RaftServerImpl.java:setRole(184)) - a1c78c0e-869c-4f76-b4ce-2034448e0b80@group-D48B69A44692: changes role from CANDIDATE to FOLLOWER at term 267 for DISCOVERED_A_NEW_TERM
2019-10-19 01:05:00,451 [a1c78c0e-869c-4f76-b4ce-2034448e0b80@group-D48B69A44692-LeaderElection374] INFO  impl.RoleInfo (RoleInfo.java:shutdownLeaderElection(134)) - a1c78c0e-869c-4f76-b4ce-2034448e0b80: shutdown LeaderElection
2019-10-19 01:05:00,451 [a1c78c0e-869c-4f76-b4ce-2034448e0b80@group-D48B69A44692-LeaderElection374] INFO  impl.RoleInfo (RoleInfo.java:updateAndGet(143)) - a1c78c0e-869c-4f76-b4ce-2034448e0b80: start FollowerState
2019-10-19 01:05:00,597 [Thread-2826] INFO  impl.FollowerState (FollowerState.java:run(108)) - a1c78c0e-869c-4f76-b4ce-2034448e0b80@group-D48B69A44692-FollowerState: change to CANDIDATE, lastRpcTime:146ms, electionTimeout:146ms
2019-10-19 01:05:00,597 [Thread-2826] INFO  impl.RoleInfo (RoleInfo.java:shutdownFollowerState(121)) - a1c78c0e-869c-4f76-b4ce-2034448e0b80: shutdown FollowerState
2019-10-19 01:05:00,597 [Thread-2826] INFO  impl.RaftServerImpl (RaftServerImpl.java:setRole(184)) - a1c78c0e-869c-4f76-b4ce-2034448e0b80@group-D48B69A44692: changes role from  FOLLOWER to CANDIDATE at term 267 for changeToCandidate
2019-10-19 01:05:00,598 [Thread-2826] INFO  impl.RoleInfo (RoleInfo.java:updateAndGet(143)) - a1c78c0e-869c-4f76-b4ce-2034448e0b80: start LeaderElection
2019-10-19 01:05:00,611 [a1c78c0e-869c-4f76-b4ce-2034448e0b80@group-D48B69A44692-LeaderElection375] INFO  impl.LeaderElection (LeaderElection.java:askForVotes(178)) - a1c78c0e-869c-4f76-b4ce-2034448e0b80@group-D48B69A44692-LeaderElection375: begin an election at term 268 for -1: [51276c3c-a3b8-4274-b089-592ff4589f41:192.168.157.213:36639, 64c90977-e867-487c-b50d-c226f2d34a76:192.168.157.213:37433, a1c78c0e-869c-4f76-b4ce-2034448e0b80:192.168.157.213:33501], old=null
2019-10-19 01:05:00,612 [a1c78c0e-869c-4f76-b4ce-2034448e0b80@group-D48B69A44692-LeaderElection375] INFO  impl.LeaderElection (LogUtils.java:infoOrTrace(149)) - a1c78c0e-869c-4f76-b4ce-2034448e0b80@group-D48B69A44692-LeaderElection375 got exception when requesting votes: {}
java.util.concurrent.ExecutionException: org.apache.ratis.thirdparty.io.grpc.StatusRuntimeException: UNAVAILABLE: io exception
	at java.util.concurrent.FutureTask.report(FutureTask.java:122)
	at java.util.concurrent.FutureTask.get(FutureTask.java:192)
	at org.apache.ratis.server.impl.LeaderElection.waitForResults(LeaderElection.java:259)
	at org.apache.ratis.server.impl.LeaderElection.askForVotes(LeaderElection.java:197)
	at org.apache.ratis.server.impl.LeaderElection.run(LeaderElection.java:133)
	at java.lang.Thread.run(Thread.java:748)
Caused by: org.apache.ratis.thirdparty.io.grpc.StatusRuntimeException: UNAVAILABLE: io exception
	at org.apache.ratis.thirdparty.io.grpc.stub.ClientCalls.toStatusRuntimeException(ClientCalls.java:233)
	at org.apache.ratis.thirdparty.io.grpc.stub.ClientCalls.getUnchecked(ClientCalls.java:214)
	at org.apache.ratis.thirdparty.io.grpc.stub.ClientCalls.blockingUnaryCall(ClientCalls.java:139)
	at org.apache.ratis.proto.grpc.RaftServerProtocolServiceGrpc$RaftServerProtocolServiceBlockingStub.requestVote(RaftServerProtocolServiceGrpc.java:265)
	at org.apache.ratis.grpc.server.GrpcServerProtocolClient.requestVote(GrpcServerProtocolClient.java:99)
	at org.apache.ratis.grpc.server.GrpcService.requestVote(GrpcService.java:204)
	at org.apache.ratis.server.impl.LeaderElection.lambda$submitRequests$1(LeaderElection.java:234)
	at java.util.concurrent.FutureTask.run(FutureTask.java:266)
	at java.util.concurrent.Executors$RunnableAdapter.call(Executors.java:511)
	at java.util.concurrent.FutureTask.run(FutureTask.java:266)
	at java.util.concurrent.ThreadPoolExecutor.runWorker(ThreadPoolExecutor.java:1149)
	at java.util.concurrent.ThreadPoolExecutor$Worker.run(ThreadPoolExecutor.java:624)
	... 1 more
Caused by: org.apache.ratis.thirdparty.io.netty.channel.AbstractChannel$AnnotatedConnectException: Connection refused: /192.168.157.213:36639
	at sun.nio.ch.SocketChannelImpl.checkConnect(Native Method)
	at sun.nio.ch.SocketChannelImpl.finishConnect(SocketChannelImpl.java:717)
	at org.apache.ratis.thirdparty.io.netty.channel.socket.nio.NioSocketChannel.doFinishConnect(NioSocketChannel.java:327)
	at org.apache.ratis.thirdparty.io.netty.channel.nio.AbstractNioChannel$AbstractNioUnsafe.finishConnect(AbstractNioChannel.java:340)
	at org.apache.ratis.thirdparty.io.netty.channel.nio.NioEventLoop.processSelectedKey(NioEventLoop.java:632)
	at org.apache.ratis.thirdparty.io.netty.channel.nio.NioEventLoop.processSelectedKeysOptimized(NioEventLoop.java:579)
	at org.apache.ratis.thirdparty.io.netty.channel.nio.NioEventLoop.processSelectedKeys(NioEventLoop.java:496)
	at org.apache.ratis.thirdparty.io.netty.channel.nio.NioEventLoop.run(NioEventLoop.java:458)
	at org.apache.ratis.thirdparty.io.netty.util.concurrent.SingleThreadEventExecutor$5.run(SingleThreadEventExecutor.java:897)
	at org.apache.ratis.thirdparty.io.netty.util.concurrent.FastThreadLocalRunnable.run(FastThreadLocalRunnable.java:30)
	... 1 more
Caused by: java.net.ConnectException: Connection refused
	... 11 more
2019-10-19 01:05:00,612 [a1c78c0e-869c-4f76-b4ce-2034448e0b80@group-D48B69A44692-LeaderElection375] INFO  impl.LeaderElection (LogUtils.java:infoOrTrace(149)) - a1c78c0e-869c-4f76-b4ce-2034448e0b80@group-D48B69A44692-LeaderElection375 got exception when requesting votes: {}
java.util.concurrent.ExecutionException: org.apache.ratis.thirdparty.io.grpc.StatusRuntimeException: UNAVAILABLE: io exception
	at java.util.concurrent.FutureTask.report(FutureTask.java:122)
	at java.util.concurrent.FutureTask.get(FutureTask.java:192)
	at org.apache.ratis.server.impl.LeaderElection.waitForResults(LeaderElection.java:259)
	at org.apache.ratis.server.impl.LeaderElection.askForVotes(LeaderElection.java:197)
	at org.apache.ratis.server.impl.LeaderElection.run(LeaderElection.java:133)
	at java.lang.Thread.run(Thread.java:748)
Caused by: org.apache.ratis.thirdparty.io.grpc.StatusRuntimeException: UNAVAILABLE: io exception
	at org.apache.ratis.thirdparty.io.grpc.stub.ClientCalls.toStatusRuntimeException(ClientCalls.java:233)
	at org.apache.ratis.thirdparty.io.grpc.stub.ClientCalls.getUnchecked(ClientCalls.java:214)
	at org.apache.ratis.thirdparty.io.grpc.stub.ClientCalls.blockingUnaryCall(ClientCalls.java:139)
	at org.apache.ratis.proto.grpc.RaftServerProtocolServiceGrpc$RaftServerProtocolServiceBlockingStub.requestVote(RaftServerProtocolServiceGrpc.java:265)
	at org.apache.ratis.grpc.server.GrpcServerProtocolClient.requestVote(GrpcServerProtocolClient.java:99)
	at org.apache.ratis.grpc.server.GrpcService.requestVote(GrpcService.java:204)
	at org.apache.ratis.server.impl.LeaderElection.lambda$submitRequests$1(LeaderElection.java:234)
	at java.util.concurrent.FutureTask.run(FutureTask.java:266)
	at java.util.concurrent.Executors$RunnableAdapter.call(Executors.java:511)
	at java.util.concurrent.FutureTask.run(FutureTask.java:266)
	at java.util.concurrent.ThreadPoolExecutor.runWorker(ThreadPoolExecutor.java:1149)
	at java.util.concurrent.ThreadPoolExecutor$Worker.run(ThreadPoolExecutor.java:624)
	... 1 more
Caused by: org.apache.ratis.thirdparty.io.netty.channel.AbstractChannel$AnnotatedConnectException: Connection refused: /192.168.157.213:37433
	at sun.nio.ch.SocketChannelImpl.checkConnect(Native Method)
	at sun.nio.ch.SocketChannelImpl.finishConnect(SocketChannelImpl.java:717)
	at org.apache.ratis.thirdparty.io.netty.channel.socket.nio.NioSocketChannel.doFinishConnect(NioSocketChannel.java:327)
	at org.apache.ratis.thirdparty.io.netty.channel.nio.AbstractNioChannel$AbstractNioUnsafe.finishConnect(AbstractNioChannel.java:340)
	at org.apache.ratis.thirdparty.io.netty.channel.nio.NioEventLoop.processSelectedKey(NioEventLoop.java:632)
	at org.apache.ratis.thirdparty.io.netty.channel.nio.NioEventLoop.processSelectedKeysOptimized(NioEventLoop.java:579)
	at org.apache.ratis.thirdparty.io.netty.channel.nio.NioEventLoop.processSelectedKeys(NioEventLoop.java:496)
	at org.apache.ratis.thirdparty.io.netty.channel.nio.NioEventLoop.run(NioEventLoop.java:458)
	at org.apache.ratis.thirdparty.io.netty.util.concurrent.SingleThreadEventExecutor$5.run(SingleThreadEventExecutor.java:897)
	at org.apache.ratis.thirdparty.io.netty.util.concurrent.FastThreadLocalRunnable.run(FastThreadLocalRunnable.java:30)
	... 1 more
Caused by: java.net.ConnectException: Connection refused
	... 11 more
2019-10-19 01:05:00,613 [a1c78c0e-869c-4f76-b4ce-2034448e0b80@group-D48B69A44692-LeaderElection375] INFO  impl.LeaderElection (LeaderElection.java:logAndReturn(56)) - a1c78c0e-869c-4f76-b4ce-2034448e0b80@group-D48B69A44692-LeaderElection375: Election REJECTED; received 0 response(s) [] and 2 exception(s); a1c78c0e-869c-4f76-b4ce-2034448e0b80@group-D48B69A44692:t268, leader=null, voted=a1c78c0e-869c-4f76-b4ce-2034448e0b80, raftlog=a1c78c0e-869c-4f76-b4ce-2034448e0b80@group-D48B69A44692-SegmentedRaftLog:OPENED:c-1,f-1,i0, conf=-1: [51276c3c-a3b8-4274-b089-592ff4589f41:192.168.157.213:36639, 64c90977-e867-487c-b50d-c226f2d34a76:192.168.157.213:37433, a1c78c0e-869c-4f76-b4ce-2034448e0b80:192.168.157.213:33501], old=null
2019-10-19 01:05:00,613 [a1c78c0e-869c-4f76-b4ce-2034448e0b80@group-D48B69A44692-LeaderElection375] INFO  impl.LeaderElection (LogUtils.java:infoOrTrace(149)) -   Exception 0: {}
java.util.concurrent.ExecutionException: org.apache.ratis.thirdparty.io.grpc.StatusRuntimeException: UNAVAILABLE: io exception
	at java.util.concurrent.FutureTask.report(FutureTask.java:122)
	at java.util.concurrent.FutureTask.get(FutureTask.java:192)
	at org.apache.ratis.server.impl.LeaderElection.waitForResults(LeaderElection.java:259)
	at org.apache.ratis.server.impl.LeaderElection.askForVotes(LeaderElection.java:197)
	at org.apache.ratis.server.impl.LeaderElection.run(LeaderElection.java:133)
	at java.lang.Thread.run(Thread.java:748)
Caused by: org.apache.ratis.thirdparty.io.grpc.StatusRuntimeException: UNAVAILABLE: io exception
	at org.apache.ratis.thirdparty.io.grpc.stub.ClientCalls.toStatusRuntimeException(ClientCalls.java:233)
	at org.apache.ratis.thirdparty.io.grpc.stub.ClientCalls.getUnchecked(ClientCalls.java:214)
	at org.apache.ratis.thirdparty.io.grpc.stub.ClientCalls.blockingUnaryCall(ClientCalls.java:139)
	at org.apache.ratis.proto.grpc.RaftServerProtocolServiceGrpc$RaftServerProtocolServiceBlockingStub.requestVote(RaftServerProtocolServiceGrpc.java:265)
	at org.apache.ratis.grpc.server.GrpcServerProtocolClient.requestVote(GrpcServerProtocolClient.java:99)
	at org.apache.ratis.grpc.server.GrpcService.requestVote(GrpcService.java:204)
	at org.apache.ratis.server.impl.LeaderElection.lambda$submitRequests$1(LeaderElection.java:234)
	at java.util.concurrent.FutureTask.run(FutureTask.java:266)
	at java.util.concurrent.Executors$RunnableAdapter.call(Executors.java:511)
	at java.util.concurrent.FutureTask.run(FutureTask.java:266)
	at java.util.concurrent.ThreadPoolExecutor.runWorker(ThreadPoolExecutor.java:1149)
	at java.util.concurrent.ThreadPoolExecutor$Worker.run(ThreadPoolExecutor.java:624)
	... 1 more
Caused by: org.apache.ratis.thirdparty.io.netty.channel.AbstractChannel$AnnotatedConnectException: Connection refused: /192.168.157.213:36639
	at sun.nio.ch.SocketChannelImpl.checkConnect(Native Method)
	at sun.nio.ch.SocketChannelImpl.finishConnect(SocketChannelImpl.java:717)
	at org.apache.ratis.thirdparty.io.netty.channel.socket.nio.NioSocketChannel.doFinishConnect(NioSocketChannel.java:327)
	at org.apache.ratis.thirdparty.io.netty.channel.nio.AbstractNioChannel$AbstractNioUnsafe.finishConnect(AbstractNioChannel.java:340)
	at org.apache.ratis.thirdparty.io.netty.channel.nio.NioEventLoop.processSelectedKey(NioEventLoop.java:632)
	at org.apache.ratis.thirdparty.io.netty.channel.nio.NioEventLoop.processSelectedKeysOptimized(NioEventLoop.java:579)
	at org.apache.ratis.thirdparty.io.netty.channel.nio.NioEventLoop.processSelectedKeys(NioEventLoop.java:496)
	at org.apache.ratis.thirdparty.io.netty.channel.nio.NioEventLoop.run(NioEventLoop.java:458)
	at org.apache.ratis.thirdparty.io.netty.util.concurrent.SingleThreadEventExecutor$5.run(SingleThreadEventExecutor.java:897)
	at org.apache.ratis.thirdparty.io.netty.util.concurrent.FastThreadLocalRunnable.run(FastThreadLocalRunnable.java:30)
	... 1 more
Caused by: java.net.ConnectException: Connection refused
	... 11 more
2019-10-19 01:05:00,613 [a1c78c0e-869c-4f76-b4ce-2034448e0b80@group-D48B69A44692-LeaderElection375] INFO  impl.LeaderElection (LogUtils.java:infoOrTrace(149)) -   Exception 1: {}
java.util.concurrent.ExecutionException: org.apache.ratis.thirdparty.io.grpc.StatusRuntimeException: UNAVAILABLE: io exception
	at java.util.concurrent.FutureTask.report(FutureTask.java:122)
	at java.util.concurrent.FutureTask.get(FutureTask.java:192)
	at org.apache.ratis.server.impl.LeaderElection.waitForResults(LeaderElection.java:259)
	at org.apache.ratis.server.impl.LeaderElection.askForVotes(LeaderElection.java:197)
	at org.apache.ratis.server.impl.LeaderElection.run(LeaderElection.java:133)
	at java.lang.Thread.run(Thread.java:748)
Caused by: org.apache.ratis.thirdparty.io.grpc.StatusRuntimeException: UNAVAILABLE: io exception
	at org.apache.ratis.thirdparty.io.grpc.stub.ClientCalls.toStatusRuntimeException(ClientCalls.java:233)
	at org.apache.ratis.thirdparty.io.grpc.stub.ClientCalls.getUnchecked(ClientCalls.java:214)
	at org.apache.ratis.thirdparty.io.grpc.stub.ClientCalls.blockingUnaryCall(ClientCalls.java:139)
	at org.apache.ratis.proto.grpc.RaftServerProtocolServiceGrpc$RaftServerProtocolServiceBlockingStub.requestVote(RaftServerProtocolServiceGrpc.java:265)
	at org.apache.ratis.grpc.server.GrpcServerProtocolClient.requestVote(GrpcServerProtocolClient.java:99)
	at org.apache.ratis.grpc.server.GrpcService.requestVote(GrpcService.java:204)
	at org.apache.ratis.server.impl.LeaderElection.lambda$submitRequests$1(LeaderElection.java:234)
	at java.util.concurrent.FutureTask.run(FutureTask.java:266)
	at java.util.concurrent.Executors$RunnableAdapter.call(Executors.java:511)
	at java.util.concurrent.FutureTask.run(FutureTask.java:266)
	at java.util.concurrent.ThreadPoolExecutor.runWorker(ThreadPoolExecutor.java:1149)
	at java.util.concurrent.ThreadPoolExecutor$Worker.run(ThreadPoolExecutor.java:624)
	... 1 more
Caused by: org.apache.ratis.thirdparty.io.netty.channel.AbstractChannel$AnnotatedConnectException: Connection refused: /192.168.157.213:37433
	at sun.nio.ch.SocketChannelImpl.checkConnect(Native Method)
	at sun.nio.ch.SocketChannelImpl.finishConnect(SocketChannelImpl.java:717)
	at org.apache.ratis.thirdparty.io.netty.channel.socket.nio.NioSocketChannel.doFinishConnect(NioSocketChannel.java:327)
	at org.apache.ratis.thirdparty.io.netty.channel.nio.AbstractNioChannel$AbstractNioUnsafe.finishConnect(AbstractNioChannel.java:340)
	at org.apache.ratis.thirdparty.io.netty.channel.nio.NioEventLoop.processSelectedKey(NioEventLoop.java:632)
	at org.apache.ratis.thirdparty.io.netty.channel.nio.NioEventLoop.processSelectedKeysOptimized(NioEventLoop.java:579)
	at org.apache.ratis.thirdparty.io.netty.channel.nio.NioEventLoop.processSelectedKeys(NioEventLoop.java:496)
	at org.apache.ratis.thirdparty.io.netty.channel.nio.NioEventLoop.run(NioEventLoop.java:458)
	at org.apache.ratis.thirdparty.io.netty.util.concurrent.SingleThreadEventExecutor$5.run(SingleThreadEventExecutor.java:897)
	at org.apache.ratis.thirdparty.io.netty.util.concurrent.FastThreadLocalRunnable.run(FastThreadLocalRunnable.java:30)
	... 1 more
Caused by: java.net.ConnectException: Connection refused
	... 11 more
2019-10-19 01:05:00,613 [a1c78c0e-869c-4f76-b4ce-2034448e0b80@group-D48B69A44692-LeaderElection375] INFO  impl.RaftServerImpl (RaftServerImpl.java:setRole(184)) - a1c78c0e-869c-4f76-b4ce-2034448e0b80@group-D48B69A44692: changes role from CANDIDATE to FOLLOWER at term 268 for DISCOVERED_A_NEW_TERM
2019-10-19 01:05:00,614 [a1c78c0e-869c-4f76-b4ce-2034448e0b80@group-D48B69A44692-LeaderElection375] INFO  impl.RoleInfo (RoleInfo.java:shutdownLeaderElection(134)) - a1c78c0e-869c-4f76-b4ce-2034448e0b80: shutdown LeaderElection
2019-10-19 01:05:00,614 [a1c78c0e-869c-4f76-b4ce-2034448e0b80@group-D48B69A44692-LeaderElection375] INFO  impl.RoleInfo (RoleInfo.java:updateAndGet(143)) - a1c78c0e-869c-4f76-b4ce-2034448e0b80: start FollowerState
2019-10-19 01:05:00,659 [Thread-2830] INFO  impl.FollowerState (FollowerState.java:run(108)) - a1c78c0e-869c-4f76-b4ce-2034448e0b80@group-D48B69A44692-FollowerState: change to CANDIDATE, lastRpcTime:45ms, electionTimeout:45ms
2019-10-19 01:05:00,659 [Thread-2830] INFO  impl.RoleInfo (RoleInfo.java:shutdownFollowerState(121)) - a1c78c0e-869c-4f76-b4ce-2034448e0b80: shutdown FollowerState
2019-10-19 01:05:00,659 [Thread-2830] INFO  impl.RaftServerImpl (RaftServerImpl.java:setRole(184)) - a1c78c0e-869c-4f76-b4ce-2034448e0b80@group-D48B69A44692: changes role from  FOLLOWER to CANDIDATE at term 268 for changeToCandidate
2019-10-19 01:05:00,659 [Thread-2830] INFO  impl.RoleInfo (RoleInfo.java:updateAndGet(143)) - a1c78c0e-869c-4f76-b4ce-2034448e0b80: start LeaderElection
2019-10-19 01:05:00,666 [a1c78c0e-869c-4f76-b4ce-2034448e0b80@group-D48B69A44692-LeaderElection376] INFO  impl.LeaderElection (LeaderElection.java:askForVotes(178)) - a1c78c0e-869c-4f76-b4ce-2034448e0b80@group-D48B69A44692-LeaderElection376: begin an election at term 269 for -1: [51276c3c-a3b8-4274-b089-592ff4589f41:192.168.157.213:36639, 64c90977-e867-487c-b50d-c226f2d34a76:192.168.157.213:37433, a1c78c0e-869c-4f76-b4ce-2034448e0b80:192.168.157.213:33501], old=null
2019-10-19 01:05:00,667 [a1c78c0e-869c-4f76-b4ce-2034448e0b80@group-D48B69A44692-LeaderElection376] INFO  impl.LeaderElection (LogUtils.java:infoOrTrace(149)) - a1c78c0e-869c-4f76-b4ce-2034448e0b80@group-D48B69A44692-LeaderElection376 got exception when requesting votes: {}
java.util.concurrent.ExecutionException: org.apache.ratis.thirdparty.io.grpc.StatusRuntimeException: UNAVAILABLE: io exception
	at java.util.concurrent.FutureTask.report(FutureTask.java:122)
	at java.util.concurrent.FutureTask.get(FutureTask.java:192)
	at org.apache.ratis.server.impl.LeaderElection.waitForResults(LeaderElection.java:259)
	at org.apache.ratis.server.impl.LeaderElection.askForVotes(LeaderElection.java:197)
	at org.apache.ratis.server.impl.LeaderElection.run(LeaderElection.java:133)
	at java.lang.Thread.run(Thread.java:748)
Caused by: org.apache.ratis.thirdparty.io.grpc.StatusRuntimeException: UNAVAILABLE: io exception
	at org.apache.ratis.thirdparty.io.grpc.stub.ClientCalls.toStatusRuntimeException(ClientCalls.java:233)
	at org.apache.ratis.thirdparty.io.grpc.stub.ClientCalls.getUnchecked(ClientCalls.java:214)
	at org.apache.ratis.thirdparty.io.grpc.stub.ClientCalls.blockingUnaryCall(ClientCalls.java:139)
	at org.apache.ratis.proto.grpc.RaftServerProtocolServiceGrpc$RaftServerProtocolServiceBlockingStub.requestVote(RaftServerProtocolServiceGrpc.java:265)
	at org.apache.ratis.grpc.server.GrpcServerProtocolClient.requestVote(GrpcServerProtocolClient.java:99)
	at org.apache.ratis.grpc.server.GrpcService.requestVote(GrpcService.java:204)
	at org.apache.ratis.server.impl.LeaderElection.lambda$submitRequests$1(LeaderElection.java:234)
	at java.util.concurrent.FutureTask.run(FutureTask.java:266)
	at java.util.concurrent.Executors$RunnableAdapter.call(Executors.java:511)
	at java.util.concurrent.FutureTask.run(FutureTask.java:266)
	at java.util.concurrent.ThreadPoolExecutor.runWorker(ThreadPoolExecutor.java:1149)
	at java.util.concurrent.ThreadPoolExecutor$Worker.run(ThreadPoolExecutor.java:624)
	... 1 more
Caused by: org.apache.ratis.thirdparty.io.netty.channel.AbstractChannel$AnnotatedConnectException: Connection refused: /192.168.157.213:36639
	at sun.nio.ch.SocketChannelImpl.checkConnect(Native Method)
	at sun.nio.ch.SocketChannelImpl.finishConnect(SocketChannelImpl.java:717)
	at org.apache.ratis.thirdparty.io.netty.channel.socket.nio.NioSocketChannel.doFinishConnect(NioSocketChannel.java:327)
	at org.apache.ratis.thirdparty.io.netty.channel.nio.AbstractNioChannel$AbstractNioUnsafe.finishConnect(AbstractNioChannel.java:340)
	at org.apache.ratis.thirdparty.io.netty.channel.nio.NioEventLoop.processSelectedKey(NioEventLoop.java:632)
	at org.apache.ratis.thirdparty.io.netty.channel.nio.NioEventLoop.processSelectedKeysOptimized(NioEventLoop.java:579)
	at org.apache.ratis.thirdparty.io.netty.channel.nio.NioEventLoop.processSelectedKeys(NioEventLoop.java:496)
	at org.apache.ratis.thirdparty.io.netty.channel.nio.NioEventLoop.run(NioEventLoop.java:458)
	at org.apache.ratis.thirdparty.io.netty.util.concurrent.SingleThreadEventExecutor$5.run(SingleThreadEventExecutor.java:897)
	at org.apache.ratis.thirdparty.io.netty.util.concurrent.FastThreadLocalRunnable.run(FastThreadLocalRunnable.java:30)
	... 1 more
Caused by: java.net.ConnectException: Connection refused
	... 11 more
2019-10-19 01:05:00,668 [a1c78c0e-869c-4f76-b4ce-2034448e0b80@group-D48B69A44692-LeaderElection376] INFO  impl.LeaderElection (LogUtils.java:infoOrTrace(149)) - a1c78c0e-869c-4f76-b4ce-2034448e0b80@group-D48B69A44692-LeaderElection376 got exception when requesting votes: {}
java.util.concurrent.ExecutionException: org.apache.ratis.thirdparty.io.grpc.StatusRuntimeException: UNAVAILABLE: io exception
	at java.util.concurrent.FutureTask.report(FutureTask.java:122)
	at java.util.concurrent.FutureTask.get(FutureTask.java:192)
	at org.apache.ratis.server.impl.LeaderElection.waitForResults(LeaderElection.java:259)
	at org.apache.ratis.server.impl.LeaderElection.askForVotes(LeaderElection.java:197)
	at org.apache.ratis.server.impl.LeaderElection.run(LeaderElection.java:133)
	at java.lang.Thread.run(Thread.java:748)
Caused by: org.apache.ratis.thirdparty.io.grpc.StatusRuntimeException: UNAVAILABLE: io exception
	at org.apache.ratis.thirdparty.io.grpc.stub.ClientCalls.toStatusRuntimeException(ClientCalls.java:233)
	at org.apache.ratis.thirdparty.io.grpc.stub.ClientCalls.getUnchecked(ClientCalls.java:214)
	at org.apache.ratis.thirdparty.io.grpc.stub.ClientCalls.blockingUnaryCall(ClientCalls.java:139)
	at org.apache.ratis.proto.grpc.RaftServerProtocolServiceGrpc$RaftServerProtocolServiceBlockingStub.requestVote(RaftServerProtocolServiceGrpc.java:265)
	at org.apache.ratis.grpc.server.GrpcServerProtocolClient.requestVote(GrpcServerProtocolClient.java:99)
	at org.apache.ratis.grpc.server.GrpcService.requestVote(GrpcService.java:204)
	at org.apache.ratis.server.impl.LeaderElection.lambda$submitRequests$1(LeaderElection.java:234)
	at java.util.concurrent.FutureTask.run(FutureTask.java:266)
	at java.util.concurrent.Executors$RunnableAdapter.call(Executors.java:511)
	at java.util.concurrent.FutureTask.run(FutureTask.java:266)
	at java.util.concurrent.ThreadPoolExecutor.runWorker(ThreadPoolExecutor.java:1149)
	at java.util.concurrent.ThreadPoolExecutor$Worker.run(ThreadPoolExecutor.java:624)
	... 1 more
Caused by: org.apache.ratis.thirdparty.io.netty.channel.AbstractChannel$AnnotatedConnectException: Connection refused: /192.168.157.213:37433
	at sun.nio.ch.SocketChannelImpl.checkConnect(Native Method)
	at sun.nio.ch.SocketChannelImpl.finishConnect(SocketChannelImpl.java:717)
	at org.apache.ratis.thirdparty.io.netty.channel.socket.nio.NioSocketChannel.doFinishConnect(NioSocketChannel.java:327)
	at org.apache.ratis.thirdparty.io.netty.channel.nio.AbstractNioChannel$AbstractNioUnsafe.finishConnect(AbstractNioChannel.java:340)
	at org.apache.ratis.thirdparty.io.netty.channel.nio.NioEventLoop.processSelectedKey(NioEventLoop.java:632)
	at org.apache.ratis.thirdparty.io.netty.channel.nio.NioEventLoop.processSelectedKeysOptimized(NioEventLoop.java:579)
	at org.apache.ratis.thirdparty.io.netty.channel.nio.NioEventLoop.processSelectedKeys(NioEventLoop.java:496)
	at org.apache.ratis.thirdparty.io.netty.channel.nio.NioEventLoop.run(NioEventLoop.java:458)
	at org.apache.ratis.thirdparty.io.netty.util.concurrent.SingleThreadEventExecutor$5.run(SingleThreadEventExecutor.java:897)
	at org.apache.ratis.thirdparty.io.netty.util.concurrent.FastThreadLocalRunnable.run(FastThreadLocalRunnable.java:30)
	... 1 more
Caused by: java.net.ConnectException: Connection refused
	... 11 more
2019-10-19 01:05:00,668 [a1c78c0e-869c-4f76-b4ce-2034448e0b80@group-D48B69A44692-LeaderElection376] INFO  impl.LeaderElection (LeaderElection.java:logAndReturn(56)) - a1c78c0e-869c-4f76-b4ce-2034448e0b80@group-D48B69A44692-LeaderElection376: Election REJECTED; received 0 response(s) [] and 2 exception(s); a1c78c0e-869c-4f76-b4ce-2034448e0b80@group-D48B69A44692:t269, leader=null, voted=a1c78c0e-869c-4f76-b4ce-2034448e0b80, raftlog=a1c78c0e-869c-4f76-b4ce-2034448e0b80@group-D48B69A44692-SegmentedRaftLog:OPENED:c-1,f-1,i0, conf=-1: [51276c3c-a3b8-4274-b089-592ff4589f41:192.168.157.213:36639, 64c90977-e867-487c-b50d-c226f2d34a76:192.168.157.213:37433, a1c78c0e-869c-4f76-b4ce-2034448e0b80:192.168.157.213:33501], old=null
2019-10-19 01:05:00,668 [a1c78c0e-869c-4f76-b4ce-2034448e0b80@group-D48B69A44692-LeaderElection376] INFO  impl.LeaderElection (LogUtils.java:infoOrTrace(149)) -   Exception 0: {}
java.util.concurrent.ExecutionException: org.apache.ratis.thirdparty.io.grpc.StatusRuntimeException: UNAVAILABLE: io exception
	at java.util.concurrent.FutureTask.report(FutureTask.java:122)
	at java.util.concurrent.FutureTask.get(FutureTask.java:192)
	at org.apache.ratis.server.impl.LeaderElection.waitForResults(LeaderElection.java:259)
	at org.apache.ratis.server.impl.LeaderElection.askForVotes(LeaderElection.java:197)
	at org.apache.ratis.server.impl.LeaderElection.run(LeaderElection.java:133)
	at java.lang.Thread.run(Thread.java:748)
Caused by: org.apache.ratis.thirdparty.io.grpc.StatusRuntimeException: UNAVAILABLE: io exception
	at org.apache.ratis.thirdparty.io.grpc.stub.ClientCalls.toStatusRuntimeException(ClientCalls.java:233)
	at org.apache.ratis.thirdparty.io.grpc.stub.ClientCalls.getUnchecked(ClientCalls.java:214)
	at org.apache.ratis.thirdparty.io.grpc.stub.ClientCalls.blockingUnaryCall(ClientCalls.java:139)
	at org.apache.ratis.proto.grpc.RaftServerProtocolServiceGrpc$RaftServerProtocolServiceBlockingStub.requestVote(RaftServerProtocolServiceGrpc.java:265)
	at org.apache.ratis.grpc.server.GrpcServerProtocolClient.requestVote(GrpcServerProtocolClient.java:99)
	at org.apache.ratis.grpc.server.GrpcService.requestVote(GrpcService.java:204)
	at org.apache.ratis.server.impl.LeaderElection.lambda$submitRequests$1(LeaderElection.java:234)
	at java.util.concurrent.FutureTask.run(FutureTask.java:266)
	at java.util.concurrent.Executors$RunnableAdapter.call(Executors.java:511)
	at java.util.concurrent.FutureTask.run(FutureTask.java:266)
	at java.util.concurrent.ThreadPoolExecutor.runWorker(ThreadPoolExecutor.java:1149)
	at java.util.concurrent.ThreadPoolExecutor$Worker.run(ThreadPoolExecutor.java:624)
	... 1 more
Caused by: org.apache.ratis.thirdparty.io.netty.channel.AbstractChannel$AnnotatedConnectException: Connection refused: /192.168.157.213:36639
	at sun.nio.ch.SocketChannelImpl.checkConnect(Native Method)
	at sun.nio.ch.SocketChannelImpl.finishConnect(SocketChannelImpl.java:717)
	at org.apache.ratis.thirdparty.io.netty.channel.socket.nio.NioSocketChannel.doFinishConnect(NioSocketChannel.java:327)
	at org.apache.ratis.thirdparty.io.netty.channel.nio.AbstractNioChannel$AbstractNioUnsafe.finishConnect(AbstractNioChannel.java:340)
	at org.apache.ratis.thirdparty.io.netty.channel.nio.NioEventLoop.processSelectedKey(NioEventLoop.java:632)
	at org.apache.ratis.thirdparty.io.netty.channel.nio.NioEventLoop.processSelectedKeysOptimized(NioEventLoop.java:579)
	at org.apache.ratis.thirdparty.io.netty.channel.nio.NioEventLoop.processSelectedKeys(NioEventLoop.java:496)
	at org.apache.ratis.thirdparty.io.netty.channel.nio.NioEventLoop.run(NioEventLoop.java:458)
	at org.apache.ratis.thirdparty.io.netty.util.concurrent.SingleThreadEventExecutor$5.run(SingleThreadEventExecutor.java:897)
	at org.apache.ratis.thirdparty.io.netty.util.concurrent.FastThreadLocalRunnable.run(FastThreadLocalRunnable.java:30)
	... 1 more
Caused by: java.net.ConnectException: Connection refused
	... 11 more
2019-10-19 01:05:00,669 [a1c78c0e-869c-4f76-b4ce-2034448e0b80@group-D48B69A44692-LeaderElection376] INFO  impl.LeaderElection (LogUtils.java:infoOrTrace(149)) -   Exception 1: {}
java.util.concurrent.ExecutionException: org.apache.ratis.thirdparty.io.grpc.StatusRuntimeException: UNAVAILABLE: io exception
	at java.util.concurrent.FutureTask.report(FutureTask.java:122)
	at java.util.concurrent.FutureTask.get(FutureTask.java:192)
	at org.apache.ratis.server.impl.LeaderElection.waitForResults(LeaderElection.java:259)
	at org.apache.ratis.server.impl.LeaderElection.askForVotes(LeaderElection.java:197)
	at org.apache.ratis.server.impl.LeaderElection.run(LeaderElection.java:133)
	at java.lang.Thread.run(Thread.java:748)
Caused by: org.apache.ratis.thirdparty.io.grpc.StatusRuntimeException: UNAVAILABLE: io exception
	at org.apache.ratis.thirdparty.io.grpc.stub.ClientCalls.toStatusRuntimeException(ClientCalls.java:233)
	at org.apache.ratis.thirdparty.io.grpc.stub.ClientCalls.getUnchecked(ClientCalls.java:214)
	at org.apache.ratis.thirdparty.io.grpc.stub.ClientCalls.blockingUnaryCall(ClientCalls.java:139)
	at org.apache.ratis.proto.grpc.RaftServerProtocolServiceGrpc$RaftServerProtocolServiceBlockingStub.requestVote(RaftServerProtocolServiceGrpc.java:265)
	at org.apache.ratis.grpc.server.GrpcServerProtocolClient.requestVote(GrpcServerProtocolClient.java:99)
	at org.apache.ratis.grpc.server.GrpcService.requestVote(GrpcService.java:204)
	at org.apache.ratis.server.impl.LeaderElection.lambda$submitRequests$1(LeaderElection.java:234)
	at java.util.concurrent.FutureTask.run(FutureTask.java:266)
	at java.util.concurrent.Executors$RunnableAdapter.call(Executors.java:511)
	at java.util.concurrent.FutureTask.run(FutureTask.java:266)
	at java.util.concurrent.ThreadPoolExecutor.runWorker(ThreadPoolExecutor.java:1149)
	at java.util.concurrent.ThreadPoolExecutor$Worker.run(ThreadPoolExecutor.java:624)
	... 1 more
Caused by: org.apache.ratis.thirdparty.io.netty.channel.AbstractChannel$AnnotatedConnectException: Connection refused: /192.168.157.213:37433
	at sun.nio.ch.SocketChannelImpl.checkConnect(Native Method)
	at sun.nio.ch.SocketChannelImpl.finishConnect(SocketChannelImpl.java:717)
	at org.apache.ratis.thirdparty.io.netty.channel.socket.nio.NioSocketChannel.doFinishConnect(NioSocketChannel.java:327)
	at org.apache.ratis.thirdparty.io.netty.channel.nio.AbstractNioChannel$AbstractNioUnsafe.finishConnect(AbstractNioChannel.java:340)
	at org.apache.ratis.thirdparty.io.netty.channel.nio.NioEventLoop.processSelectedKey(NioEventLoop.java:632)
	at org.apache.ratis.thirdparty.io.netty.channel.nio.NioEventLoop.processSelectedKeysOptimized(NioEventLoop.java:579)
	at org.apache.ratis.thirdparty.io.netty.channel.nio.NioEventLoop.processSelectedKeys(NioEventLoop.java:496)
	at org.apache.ratis.thirdparty.io.netty.channel.nio.NioEventLoop.run(NioEventLoop.java:458)
	at org.apache.ratis.thirdparty.io.netty.util.concurrent.SingleThreadEventExecutor$5.run(SingleThreadEventExecutor.java:897)
	at org.apache.ratis.thirdparty.io.netty.util.concurrent.FastThreadLocalRunnable.run(FastThreadLocalRunnable.java:30)
	... 1 more
Caused by: java.net.ConnectException: Connection refused
	... 11 more
2019-10-19 01:05:00,669 [a1c78c0e-869c-4f76-b4ce-2034448e0b80@group-D48B69A44692-LeaderElection376] INFO  impl.RaftServerImpl (RaftServerImpl.java:setRole(184)) - a1c78c0e-869c-4f76-b4ce-2034448e0b80@group-D48B69A44692: changes role from CANDIDATE to FOLLOWER at term 269 for DISCOVERED_A_NEW_TERM
2019-10-19 01:05:00,669 [a1c78c0e-869c-4f76-b4ce-2034448e0b80@group-D48B69A44692-LeaderElection376] INFO  impl.RoleInfo (RoleInfo.java:shutdownLeaderElection(134)) - a1c78c0e-869c-4f76-b4ce-2034448e0b80: shutdown LeaderElection
2019-10-19 01:05:00,669 [a1c78c0e-869c-4f76-b4ce-2034448e0b80@group-D48B69A44692-LeaderElection376] INFO  impl.RoleInfo (RoleInfo.java:updateAndGet(143)) - a1c78c0e-869c-4f76-b4ce-2034448e0b80: start FollowerState
2019-10-19 01:05:00,784 [Thread-2798] INFO  impl.FollowerState (FollowerState.java:run(108)) - 390d33c4-98c8-495f-9f34-63cdf16532b5@group-EFF8D6679E36-FollowerState: change to CANDIDATE, lastRpcTime:1147ms, electionTimeout:1147ms
2019-10-19 01:05:00,784 [Thread-2798] INFO  impl.RoleInfo (RoleInfo.java:shutdownFollowerState(121)) - 390d33c4-98c8-495f-9f34-63cdf16532b5: shutdown FollowerState
2019-10-19 01:05:00,785 [Thread-2798] INFO  impl.RaftServerImpl (RaftServerImpl.java:setRole(184)) - 390d33c4-98c8-495f-9f34-63cdf16532b5@group-EFF8D6679E36: changes role from  FOLLOWER to CANDIDATE at term 7 for changeToCandidate
2019-10-19 01:05:00,785 [Thread-2798] INFO  impl.RoleInfo (RoleInfo.java:updateAndGet(143)) - 390d33c4-98c8-495f-9f34-63cdf16532b5: start LeaderElection
2019-10-19 01:05:00,792 [Thread-2834] INFO  impl.FollowerState (FollowerState.java:run(108)) - a1c78c0e-869c-4f76-b4ce-2034448e0b80@group-D48B69A44692-FollowerState: change to CANDIDATE, lastRpcTime:122ms, electionTimeout:122ms
2019-10-19 01:05:00,792 [Thread-2834] INFO  impl.RoleInfo (RoleInfo.java:shutdownFollowerState(121)) - a1c78c0e-869c-4f76-b4ce-2034448e0b80: shutdown FollowerState
2019-10-19 01:05:00,792 [Thread-2834] INFO  impl.RaftServerImpl (RaftServerImpl.java:setRole(184)) - a1c78c0e-869c-4f76-b4ce-2034448e0b80@group-D48B69A44692: changes role from  FOLLOWER to CANDIDATE at term 269 for changeToCandidate
2019-10-19 01:05:00,792 [Thread-2834] INFO  impl.RoleInfo (RoleInfo.java:updateAndGet(143)) - a1c78c0e-869c-4f76-b4ce-2034448e0b80: start LeaderElection
2019-10-19 01:05:00,797 [390d33c4-98c8-495f-9f34-63cdf16532b5@group-EFF8D6679E36-LeaderElection377] INFO  impl.LeaderElection (LeaderElection.java:askForVotes(178)) - 390d33c4-98c8-495f-9f34-63cdf16532b5@group-EFF8D6679E36-LeaderElection377: begin an election at term 8 for 0: [7f3fb33d-9d98-4be4-bfb4-e5618e23eafb:192.168.157.213:46612, 390d33c4-98c8-495f-9f34-63cdf16532b5:192.168.157.213:40184, bd96e850-7fd3-40f8-8499-55f7f41be4fe:192.168.157.213:46800], old=null
2019-10-19 01:05:00,797 [a1c78c0e-869c-4f76-b4ce-2034448e0b80@group-D48B69A44692-LeaderElection378] INFO  impl.LeaderElection (LeaderElection.java:askForVotes(178)) - a1c78c0e-869c-4f76-b4ce-2034448e0b80@group-D48B69A44692-LeaderElection378: begin an election at term 270 for -1: [51276c3c-a3b8-4274-b089-592ff4589f41:192.168.157.213:36639, 64c90977-e867-487c-b50d-c226f2d34a76:192.168.157.213:37433, a1c78c0e-869c-4f76-b4ce-2034448e0b80:192.168.157.213:33501], old=null
2019-10-19 01:05:00,798 [390d33c4-98c8-495f-9f34-63cdf16532b5@group-EFF8D6679E36-LeaderElection377] INFO  impl.LeaderElection (LogUtils.java:infoOrTrace(149)) - 390d33c4-98c8-495f-9f34-63cdf16532b5@group-EFF8D6679E36-LeaderElection377 got exception when requesting votes: {}
java.util.concurrent.ExecutionException: org.apache.ratis.thirdparty.io.grpc.StatusRuntimeException: UNAVAILABLE: io exception
	at java.util.concurrent.FutureTask.report(FutureTask.java:122)
	at java.util.concurrent.FutureTask.get(FutureTask.java:192)
	at org.apache.ratis.server.impl.LeaderElection.waitForResults(LeaderElection.java:259)
	at org.apache.ratis.server.impl.LeaderElection.askForVotes(LeaderElection.java:197)
	at org.apache.ratis.server.impl.LeaderElection.run(LeaderElection.java:133)
	at java.lang.Thread.run(Thread.java:748)
Caused by: org.apache.ratis.thirdparty.io.grpc.StatusRuntimeException: UNAVAILABLE: io exception
	at org.apache.ratis.thirdparty.io.grpc.stub.ClientCalls.toStatusRuntimeException(ClientCalls.java:233)
	at org.apache.ratis.thirdparty.io.grpc.stub.ClientCalls.getUnchecked(ClientCalls.java:214)
	at org.apache.ratis.thirdparty.io.grpc.stub.ClientCalls.blockingUnaryCall(ClientCalls.java:139)
	at org.apache.ratis.proto.grpc.RaftServerProtocolServiceGrpc$RaftServerProtocolServiceBlockingStub.requestVote(RaftServerProtocolServiceGrpc.java:265)
	at org.apache.ratis.grpc.server.GrpcServerProtocolClient.requestVote(GrpcServerProtocolClient.java:99)
	at org.apache.ratis.grpc.server.GrpcService.requestVote(GrpcService.java:204)
	at org.apache.ratis.server.impl.LeaderElection.lambda$submitRequests$1(LeaderElection.java:234)
	at java.util.concurrent.FutureTask.run(FutureTask.java:266)
	at java.util.concurrent.Executors$RunnableAdapter.call(Executors.java:511)
	at java.util.concurrent.FutureTask.run(FutureTask.java:266)
	at java.util.concurrent.ThreadPoolExecutor.runWorker(ThreadPoolExecutor.java:1149)
	at java.util.concurrent.ThreadPoolExecutor$Worker.run(ThreadPoolExecutor.java:624)
	... 1 more
Caused by: org.apache.ratis.thirdparty.io.netty.channel.AbstractChannel$AnnotatedConnectException: Connection refused: /192.168.157.213:46612
	at sun.nio.ch.SocketChannelImpl.checkConnect(Native Method)
	at sun.nio.ch.SocketChannelImpl.finishConnect(SocketChannelImpl.java:717)
	at org.apache.ratis.thirdparty.io.netty.channel.socket.nio.NioSocketChannel.doFinishConnect(NioSocketChannel.java:327)
	at org.apache.ratis.thirdparty.io.netty.channel.nio.AbstractNioChannel$AbstractNioUnsafe.finishConnect(AbstractNioChannel.java:340)
	at org.apache.ratis.thirdparty.io.netty.channel.nio.NioEventLoop.processSelectedKey(NioEventLoop.java:632)
	at org.apache.ratis.thirdparty.io.netty.channel.nio.NioEventLoop.processSelectedKeysOptimized(NioEventLoop.java:579)
	at org.apache.ratis.thirdparty.io.netty.channel.nio.NioEventLoop.processSelectedKeys(NioEventLoop.java:496)
	at org.apache.ratis.thirdparty.io.netty.channel.nio.NioEventLoop.run(NioEventLoop.java:458)
	at org.apache.ratis.thirdparty.io.netty.util.concurrent.SingleThreadEventExecutor$5.run(SingleThreadEventExecutor.java:897)
	at org.apache.ratis.thirdparty.io.netty.util.concurrent.FastThreadLocalRunnable.run(FastThreadLocalRunnable.java:30)
	... 1 more
Caused by: java.net.ConnectException: Connection refused
	... 11 more
2019-10-19 01:05:00,798 [a1c78c0e-869c-4f76-b4ce-2034448e0b80@group-D48B69A44692-LeaderElection378] INFO  impl.LeaderElection (LogUtils.java:infoOrTrace(149)) - a1c78c0e-869c-4f76-b4ce-2034448e0b80@group-D48B69A44692-LeaderElection378 got exception when requesting votes: {}
java.util.concurrent.ExecutionException: org.apache.ratis.thirdparty.io.grpc.StatusRuntimeException: UNAVAILABLE: io exception
	at java.util.concurrent.FutureTask.report(FutureTask.java:122)
	at java.util.concurrent.FutureTask.get(FutureTask.java:192)
	at org.apache.ratis.server.impl.LeaderElection.waitForResults(LeaderElection.java:259)
	at org.apache.ratis.server.impl.LeaderElection.askForVotes(LeaderElection.java:197)
	at org.apache.ratis.server.impl.LeaderElection.run(LeaderElection.java:133)
	at java.lang.Thread.run(Thread.java:748)
Caused by: org.apache.ratis.thirdparty.io.grpc.StatusRuntimeException: UNAVAILABLE: io exception
	at org.apache.ratis.thirdparty.io.grpc.stub.ClientCalls.toStatusRuntimeException(ClientCalls.java:233)
	at org.apache.ratis.thirdparty.io.grpc.stub.ClientCalls.getUnchecked(ClientCalls.java:214)
	at org.apache.ratis.thirdparty.io.grpc.stub.ClientCalls.blockingUnaryCall(ClientCalls.java:139)
	at org.apache.ratis.proto.grpc.RaftServerProtocolServiceGrpc$RaftServerProtocolServiceBlockingStub.requestVote(RaftServerProtocolServiceGrpc.java:265)
	at org.apache.ratis.grpc.server.GrpcServerProtocolClient.requestVote(GrpcServerProtocolClient.java:99)
	at org.apache.ratis.grpc.server.GrpcService.requestVote(GrpcService.java:204)
	at org.apache.ratis.server.impl.LeaderElection.lambda$submitRequests$1(LeaderElection.java:234)
	at java.util.concurrent.FutureTask.run(FutureTask.java:266)
	at java.util.concurrent.Executors$RunnableAdapter.call(Executors.java:511)
	at java.util.concurrent.FutureTask.run(FutureTask.java:266)
	at java.util.concurrent.ThreadPoolExecutor.runWorker(ThreadPoolExecutor.java:1149)
	at java.util.concurrent.ThreadPoolExecutor$Worker.run(ThreadPoolExecutor.java:624)
	... 1 more
Caused by: org.apache.ratis.thirdparty.io.netty.channel.AbstractChannel$AnnotatedConnectException: Connection refused: /192.168.157.213:36639
	at sun.nio.ch.SocketChannelImpl.checkConnect(Native Method)
	at sun.nio.ch.SocketChannelImpl.finishConnect(SocketChannelImpl.java:717)
	at org.apache.ratis.thirdparty.io.netty.channel.socket.nio.NioSocketChannel.doFinishConnect(NioSocketChannel.java:327)
	at org.apache.ratis.thirdparty.io.netty.channel.nio.AbstractNioChannel$AbstractNioUnsafe.finishConnect(AbstractNioChannel.java:340)
	at org.apache.ratis.thirdparty.io.netty.channel.nio.NioEventLoop.processSelectedKey(NioEventLoop.java:632)
	at org.apache.ratis.thirdparty.io.netty.channel.nio.NioEventLoop.processSelectedKeysOptimized(NioEventLoop.java:579)
	at org.apache.ratis.thirdparty.io.netty.channel.nio.NioEventLoop.processSelectedKeys(NioEventLoop.java:496)
	at org.apache.ratis.thirdparty.io.netty.channel.nio.NioEventLoop.run(NioEventLoop.java:458)
	at org.apache.ratis.thirdparty.io.netty.util.concurrent.SingleThreadEventExecutor$5.run(SingleThreadEventExecutor.java:897)
	at org.apache.ratis.thirdparty.io.netty.util.concurrent.FastThreadLocalRunnable.run(FastThreadLocalRunnable.java:30)
	... 1 more
Caused by: java.net.ConnectException: Connection refused
	... 11 more
2019-10-19 01:05:00,799 [390d33c4-98c8-495f-9f34-63cdf16532b5@group-EFF8D6679E36-LeaderElection377] INFO  impl.LeaderElection (LogUtils.java:infoOrTrace(149)) - 390d33c4-98c8-495f-9f34-63cdf16532b5@group-EFF8D6679E36-LeaderElection377 got exception when requesting votes: {}
java.util.concurrent.ExecutionException: org.apache.ratis.thirdparty.io.grpc.StatusRuntimeException: UNAVAILABLE: io exception
	at java.util.concurrent.FutureTask.report(FutureTask.java:122)
	at java.util.concurrent.FutureTask.get(FutureTask.java:192)
	at org.apache.ratis.server.impl.LeaderElection.waitForResults(LeaderElection.java:259)
	at org.apache.ratis.server.impl.LeaderElection.askForVotes(LeaderElection.java:197)
	at org.apache.ratis.server.impl.LeaderElection.run(LeaderElection.java:133)
	at java.lang.Thread.run(Thread.java:748)
Caused by: org.apache.ratis.thirdparty.io.grpc.StatusRuntimeException: UNAVAILABLE: io exception
	at org.apache.ratis.thirdparty.io.grpc.stub.ClientCalls.toStatusRuntimeException(ClientCalls.java:233)
	at org.apache.ratis.thirdparty.io.grpc.stub.ClientCalls.getUnchecked(ClientCalls.java:214)
	at org.apache.ratis.thirdparty.io.grpc.stub.ClientCalls.blockingUnaryCall(ClientCalls.java:139)
	at org.apache.ratis.proto.grpc.RaftServerProtocolServiceGrpc$RaftServerProtocolServiceBlockingStub.requestVote(RaftServerProtocolServiceGrpc.java:265)
	at org.apache.ratis.grpc.server.GrpcServerProtocolClient.requestVote(GrpcServerProtocolClient.java:99)
	at org.apache.ratis.grpc.server.GrpcService.requestVote(GrpcService.java:204)
	at org.apache.ratis.server.impl.LeaderElection.lambda$submitRequests$1(LeaderElection.java:234)
	at java.util.concurrent.FutureTask.run(FutureTask.java:266)
	at java.util.concurrent.Executors$RunnableAdapter.call(Executors.java:511)
	at java.util.concurrent.FutureTask.run(FutureTask.java:266)
	at java.util.concurrent.ThreadPoolExecutor.runWorker(ThreadPoolExecutor.java:1149)
	at java.util.concurrent.ThreadPoolExecutor$Worker.run(ThreadPoolExecutor.java:624)
	... 1 more
Caused by: org.apache.ratis.thirdparty.io.netty.channel.AbstractChannel$AnnotatedConnectException: Connection refused: /192.168.157.213:46800
	at sun.nio.ch.SocketChannelImpl.checkConnect(Native Method)
	at sun.nio.ch.SocketChannelImpl.finishConnect(SocketChannelImpl.java:717)
	at org.apache.ratis.thirdparty.io.netty.channel.socket.nio.NioSocketChannel.doFinishConnect(NioSocketChannel.java:327)
	at org.apache.ratis.thirdparty.io.netty.channel.nio.AbstractNioChannel$AbstractNioUnsafe.finishConnect(AbstractNioChannel.java:340)
	at org.apache.ratis.thirdparty.io.netty.channel.nio.NioEventLoop.processSelectedKey(NioEventLoop.java:632)
	at org.apache.ratis.thirdparty.io.netty.channel.nio.NioEventLoop.processSelectedKeysOptimized(NioEventLoop.java:579)
	at org.apache.ratis.thirdparty.io.netty.channel.nio.NioEventLoop.processSelectedKeys(NioEventLoop.java:496)
	at org.apache.ratis.thirdparty.io.netty.channel.nio.NioEventLoop.run(NioEventLoop.java:458)
	at org.apache.ratis.thirdparty.io.netty.util.concurrent.SingleThreadEventExecutor$5.run(SingleThreadEventExecutor.java:897)
	at org.apache.ratis.thirdparty.io.netty.util.concurrent.FastThreadLocalRunnable.run(FastThreadLocalRunnable.java:30)
	... 1 more
Caused by: java.net.ConnectException: Connection refused
	... 11 more
2019-10-19 01:05:00,799 [a1c78c0e-869c-4f76-b4ce-2034448e0b80@group-D48B69A44692-LeaderElection378] INFO  impl.LeaderElection (LogUtils.java:infoOrTrace(149)) - a1c78c0e-869c-4f76-b4ce-2034448e0b80@group-D48B69A44692-LeaderElection378 got exception when requesting votes: {}
java.util.concurrent.ExecutionException: org.apache.ratis.thirdparty.io.grpc.StatusRuntimeException: UNAVAILABLE: io exception
	at java.util.concurrent.FutureTask.report(FutureTask.java:122)
	at java.util.concurrent.FutureTask.get(FutureTask.java:192)
	at org.apache.ratis.server.impl.LeaderElection.waitForResults(LeaderElection.java:259)
	at org.apache.ratis.server.impl.LeaderElection.askForVotes(LeaderElection.java:197)
	at org.apache.ratis.server.impl.LeaderElection.run(LeaderElection.java:133)
	at java.lang.Thread.run(Thread.java:748)
Caused by: org.apache.ratis.thirdparty.io.grpc.StatusRuntimeException: UNAVAILABLE: io exception
	at org.apache.ratis.thirdparty.io.grpc.stub.ClientCalls.toStatusRuntimeException(ClientCalls.java:233)
	at org.apache.ratis.thirdparty.io.grpc.stub.ClientCalls.getUnchecked(ClientCalls.java:214)
	at org.apache.ratis.thirdparty.io.grpc.stub.ClientCalls.blockingUnaryCall(ClientCalls.java:139)
	at org.apache.ratis.proto.grpc.RaftServerProtocolServiceGrpc$RaftServerProtocolServiceBlockingStub.requestVote(RaftServerProtocolServiceGrpc.java:265)
	at org.apache.ratis.grpc.server.GrpcServerProtocolClient.requestVote(GrpcServerProtocolClient.java:99)
	at org.apache.ratis.grpc.server.GrpcService.requestVote(GrpcService.java:204)
	at org.apache.ratis.server.impl.LeaderElection.lambda$submitRequests$1(LeaderElection.java:234)
	at java.util.concurrent.FutureTask.run(FutureTask.java:266)
	at java.util.concurrent.Executors$RunnableAdapter.call(Executors.java:511)
	at java.util.concurrent.FutureTask.run(FutureTask.java:266)
	at java.util.concurrent.ThreadPoolExecutor.runWorker(ThreadPoolExecutor.java:1149)
	at java.util.concurrent.ThreadPoolExecutor$Worker.run(ThreadPoolExecutor.java:624)
	... 1 more
Caused by: org.apache.ratis.thirdparty.io.netty.channel.AbstractChannel$AnnotatedConnectException: Connection refused: /192.168.157.213:37433
	at sun.nio.ch.SocketChannelImpl.checkConnect(Native Method)
	at sun.nio.ch.SocketChannelImpl.finishConnect(SocketChannelImpl.java:717)
	at org.apache.ratis.thirdparty.io.netty.channel.socket.nio.NioSocketChannel.doFinishConnect(NioSocketChannel.java:327)
	at org.apache.ratis.thirdparty.io.netty.channel.nio.AbstractNioChannel$AbstractNioUnsafe.finishConnect(AbstractNioChannel.java:340)
	at org.apache.ratis.thirdparty.io.netty.channel.nio.NioEventLoop.processSelectedKey(NioEventLoop.java:632)
	at org.apache.ratis.thirdparty.io.netty.channel.nio.NioEventLoop.processSelectedKeysOptimized(NioEventLoop.java:579)
	at org.apache.ratis.thirdparty.io.netty.channel.nio.NioEventLoop.processSelectedKeys(NioEventLoop.java:496)
	at org.apache.ratis.thirdparty.io.netty.channel.nio.NioEventLoop.run(NioEventLoop.java:458)
	at org.apache.ratis.thirdparty.io.netty.util.concurrent.SingleThreadEventExecutor$5.run(SingleThreadEventExecutor.java:897)
	at org.apache.ratis.thirdparty.io.netty.util.concurrent.FastThreadLocalRunnable.run(FastThreadLocalRunnable.java:30)
	... 1 more
Caused by: java.net.ConnectException: Connection refused
	... 11 more
2019-10-19 01:05:00,800 [390d33c4-98c8-495f-9f34-63cdf16532b5@group-EFF8D6679E36-LeaderElection377] INFO  impl.LeaderElection (LeaderElection.java:logAndReturn(56)) - 390d33c4-98c8-495f-9f34-63cdf16532b5@group-EFF8D6679E36-LeaderElection377: Election REJECTED; received 0 response(s) [] and 2 exception(s); 390d33c4-98c8-495f-9f34-63cdf16532b5@group-EFF8D6679E36:t8, leader=null, voted=390d33c4-98c8-495f-9f34-63cdf16532b5, raftlog=390d33c4-98c8-495f-9f34-63cdf16532b5@group-EFF8D6679E36-SegmentedRaftLog:OPENED:c20,f20,i20, conf=0: [7f3fb33d-9d98-4be4-bfb4-e5618e23eafb:192.168.157.213:46612, 390d33c4-98c8-495f-9f34-63cdf16532b5:192.168.157.213:40184, bd96e850-7fd3-40f8-8499-55f7f41be4fe:192.168.157.213:46800], old=null
2019-10-19 01:05:00,800 [a1c78c0e-869c-4f76-b4ce-2034448e0b80@group-D48B69A44692-LeaderElection378] INFO  impl.LeaderElection (LeaderElection.java:logAndReturn(56)) - a1c78c0e-869c-4f76-b4ce-2034448e0b80@group-D48B69A44692-LeaderElection378: Election REJECTED; received 0 response(s) [] and 2 exception(s); a1c78c0e-869c-4f76-b4ce-2034448e0b80@group-D48B69A44692:t270, leader=null, voted=a1c78c0e-869c-4f76-b4ce-2034448e0b80, raftlog=a1c78c0e-869c-4f76-b4ce-2034448e0b80@group-D48B69A44692-SegmentedRaftLog:OPENED:c-1,f-1,i0, conf=-1: [51276c3c-a3b8-4274-b089-592ff4589f41:192.168.157.213:36639, 64c90977-e867-487c-b50d-c226f2d34a76:192.168.157.213:37433, a1c78c0e-869c-4f76-b4ce-2034448e0b80:192.168.157.213:33501], old=null
2019-10-19 01:05:00,800 [390d33c4-98c8-495f-9f34-63cdf16532b5@group-EFF8D6679E36-LeaderElection377] INFO  impl.LeaderElection (LogUtils.java:infoOrTrace(149)) -   Exception 0: {}
java.util.concurrent.ExecutionException: org.apache.ratis.thirdparty.io.grpc.StatusRuntimeException: UNAVAILABLE: io exception
	at java.util.concurrent.FutureTask.report(FutureTask.java:122)
	at java.util.concurrent.FutureTask.get(FutureTask.java:192)
	at org.apache.ratis.server.impl.LeaderElection.waitForResults(LeaderElection.java:259)
	at org.apache.ratis.server.impl.LeaderElection.askForVotes(LeaderElection.java:197)
	at org.apache.ratis.server.impl.LeaderElection.run(LeaderElection.java:133)
	at java.lang.Thread.run(Thread.java:748)
Caused by: org.apache.ratis.thirdparty.io.grpc.StatusRuntimeException: UNAVAILABLE: io exception
	at org.apache.ratis.thirdparty.io.grpc.stub.ClientCalls.toStatusRuntimeException(ClientCalls.java:233)
	at org.apache.ratis.thirdparty.io.grpc.stub.ClientCalls.getUnchecked(ClientCalls.java:214)
	at org.apache.ratis.thirdparty.io.grpc.stub.ClientCalls.blockingUnaryCall(ClientCalls.java:139)
	at org.apache.ratis.proto.grpc.RaftServerProtocolServiceGrpc$RaftServerProtocolServiceBlockingStub.requestVote(RaftServerProtocolServiceGrpc.java:265)
	at org.apache.ratis.grpc.server.GrpcServerProtocolClient.requestVote(GrpcServerProtocolClient.java:99)
	at org.apache.ratis.grpc.server.GrpcService.requestVote(GrpcService.java:204)
	at org.apache.ratis.server.impl.LeaderElection.lambda$submitRequests$1(LeaderElection.java:234)
	at java.util.concurrent.FutureTask.run(FutureTask.java:266)
	at java.util.concurrent.Executors$RunnableAdapter.call(Executors.java:511)
	at java.util.concurrent.FutureTask.run(FutureTask.java:266)
	at java.util.concurrent.ThreadPoolExecutor.runWorker(ThreadPoolExecutor.java:1149)
	at java.util.concurrent.ThreadPoolExecutor$Worker.run(ThreadPoolExecutor.java:624)
	... 1 more
Caused by: org.apache.ratis.thirdparty.io.netty.channel.AbstractChannel$AnnotatedConnectException: Connection refused: /192.168.157.213:46612
	at sun.nio.ch.SocketChannelImpl.checkConnect(Native Method)
	at sun.nio.ch.SocketChannelImpl.finishConnect(SocketChannelImpl.java:717)
	at org.apache.ratis.thirdparty.io.netty.channel.socket.nio.NioSocketChannel.doFinishConnect(NioSocketChannel.java:327)
	at org.apache.ratis.thirdparty.io.netty.channel.nio.AbstractNioChannel$AbstractNioUnsafe.finishConnect(AbstractNioChannel.java:340)
	at org.apache.ratis.thirdparty.io.netty.channel.nio.NioEventLoop.processSelectedKey(NioEventLoop.java:632)
	at org.apache.ratis.thirdparty.io.netty.channel.nio.NioEventLoop.processSelectedKeysOptimized(NioEventLoop.java:579)
	at org.apache.ratis.thirdparty.io.netty.channel.nio.NioEventLoop.processSelectedKeys(NioEventLoop.java:496)
	at org.apache.ratis.thirdparty.io.netty.channel.nio.NioEventLoop.run(NioEventLoop.java:458)
	at org.apache.ratis.thirdparty.io.netty.util.concurrent.SingleThreadEventExecutor$5.run(SingleThreadEventExecutor.java:897)
	at org.apache.ratis.thirdparty.io.netty.util.concurrent.FastThreadLocalRunnable.run(FastThreadLocalRunnable.java:30)
	... 1 more
Caused by: java.net.ConnectException: Connection refused
	... 11 more
2019-10-19 01:05:00,800 [a1c78c0e-869c-4f76-b4ce-2034448e0b80@group-D48B69A44692-LeaderElection378] INFO  impl.LeaderElection (LogUtils.java:infoOrTrace(149)) -   Exception 0: {}
java.util.concurrent.ExecutionException: org.apache.ratis.thirdparty.io.grpc.StatusRuntimeException: UNAVAILABLE: io exception
	at java.util.concurrent.FutureTask.report(FutureTask.java:122)
	at java.util.concurrent.FutureTask.get(FutureTask.java:192)
	at org.apache.ratis.server.impl.LeaderElection.waitForResults(LeaderElection.java:259)
	at org.apache.ratis.server.impl.LeaderElection.askForVotes(LeaderElection.java:197)
	at org.apache.ratis.server.impl.LeaderElection.run(LeaderElection.java:133)
	at java.lang.Thread.run(Thread.java:748)
Caused by: org.apache.ratis.thirdparty.io.grpc.StatusRuntimeException: UNAVAILABLE: io exception
	at org.apache.ratis.thirdparty.io.grpc.stub.ClientCalls.toStatusRuntimeException(ClientCalls.java:233)
	at org.apache.ratis.thirdparty.io.grpc.stub.ClientCalls.getUnchecked(ClientCalls.java:214)
	at org.apache.ratis.thirdparty.io.grpc.stub.ClientCalls.blockingUnaryCall(ClientCalls.java:139)
	at org.apache.ratis.proto.grpc.RaftServerProtocolServiceGrpc$RaftServerProtocolServiceBlockingStub.requestVote(RaftServerProtocolServiceGrpc.java:265)
	at org.apache.ratis.grpc.server.GrpcServerProtocolClient.requestVote(GrpcServerProtocolClient.java:99)
	at org.apache.ratis.grpc.server.GrpcService.requestVote(GrpcService.java:204)
	at org.apache.ratis.server.impl.LeaderElection.lambda$submitRequests$1(LeaderElection.java:234)
	at java.util.concurrent.FutureTask.run(FutureTask.java:266)
	at java.util.concurrent.Executors$RunnableAdapter.call(Executors.java:511)
	at java.util.concurrent.FutureTask.run(FutureTask.java:266)
	at java.util.concurrent.ThreadPoolExecutor.runWorker(ThreadPoolExecutor.java:1149)
	at java.util.concurrent.ThreadPoolExecutor$Worker.run(ThreadPoolExecutor.java:624)
	... 1 more
Caused by: org.apache.ratis.thirdparty.io.netty.channel.AbstractChannel$AnnotatedConnectException: Connection refused: /192.168.157.213:36639
	at sun.nio.ch.SocketChannelImpl.checkConnect(Native Method)
	at sun.nio.ch.SocketChannelImpl.finishConnect(SocketChannelImpl.java:717)
	at org.apache.ratis.thirdparty.io.netty.channel.socket.nio.NioSocketChannel.doFinishConnect(NioSocketChannel.java:327)
	at org.apache.ratis.thirdparty.io.netty.channel.nio.AbstractNioChannel$AbstractNioUnsafe.finishConnect(AbstractNioChannel.java:340)
	at org.apache.ratis.thirdparty.io.netty.channel.nio.NioEventLoop.processSelectedKey(NioEventLoop.java:632)
	at org.apache.ratis.thirdparty.io.netty.channel.nio.NioEventLoop.processSelectedKeysOptimized(NioEventLoop.java:579)
	at org.apache.ratis.thirdparty.io.netty.channel.nio.NioEventLoop.processSelectedKeys(NioEventLoop.java:496)
	at org.apache.ratis.thirdparty.io.netty.channel.nio.NioEventLoop.run(NioEventLoop.java:458)
	at org.apache.ratis.thirdparty.io.netty.util.concurrent.SingleThreadEventExecutor$5.run(SingleThreadEventExecutor.java:897)
	at org.apache.ratis.thirdparty.io.netty.util.concurrent.FastThreadLocalRunnable.run(FastThreadLocalRunnable.java:30)
	... 1 more
Caused by: java.net.ConnectException: Connection refused
	... 11 more
2019-10-19 01:05:00,801 [a1c78c0e-869c-4f76-b4ce-2034448e0b80@group-D48B69A44692-LeaderElection378] INFO  impl.LeaderElection (LogUtils.java:infoOrTrace(149)) -   Exception 1: {}
java.util.concurrent.ExecutionException: org.apache.ratis.thirdparty.io.grpc.StatusRuntimeException: UNAVAILABLE: io exception
	at java.util.concurrent.FutureTask.report(FutureTask.java:122)
	at java.util.concurrent.FutureTask.get(FutureTask.java:192)
	at org.apache.ratis.server.impl.LeaderElection.waitForResults(LeaderElection.java:259)
	at org.apache.ratis.server.impl.LeaderElection.askForVotes(LeaderElection.java:197)
	at org.apache.ratis.server.impl.LeaderElection.run(LeaderElection.java:133)
	at java.lang.Thread.run(Thread.java:748)
Caused by: org.apache.ratis.thirdparty.io.grpc.StatusRuntimeException: UNAVAILABLE: io exception
	at org.apache.ratis.thirdparty.io.grpc.stub.ClientCalls.toStatusRuntimeException(ClientCalls.java:233)
	at org.apache.ratis.thirdparty.io.grpc.stub.ClientCalls.getUnchecked(ClientCalls.java:214)
	at org.apache.ratis.thirdparty.io.grpc.stub.ClientCalls.blockingUnaryCall(ClientCalls.java:139)
	at org.apache.ratis.proto.grpc.RaftServerProtocolServiceGrpc$RaftServerProtocolServiceBlockingStub.requestVote(RaftServerProtocolServiceGrpc.java:265)
	at org.apache.ratis.grpc.server.GrpcServerProtocolClient.requestVote(GrpcServerProtocolClient.java:99)
	at org.apache.ratis.grpc.server.GrpcService.requestVote(GrpcService.java:204)
	at org.apache.ratis.server.impl.LeaderElection.lambda$submitRequests$1(LeaderElection.java:234)
	at java.util.concurrent.FutureTask.run(FutureTask.java:266)
	at java.util.concurrent.Executors$RunnableAdapter.call(Executors.java:511)
	at java.util.concurrent.FutureTask.run(FutureTask.java:266)
	at java.util.concurrent.ThreadPoolExecutor.runWorker(ThreadPoolExecutor.java:1149)
	at java.util.concurrent.ThreadPoolExecutor$Worker.run(ThreadPoolExecutor.java:624)
	... 1 more
Caused by: org.apache.ratis.thirdparty.io.netty.channel.AbstractChannel$AnnotatedConnectException: Connection refused: /192.168.157.213:37433
	at sun.nio.ch.SocketChannelImpl.checkConnect(Native Method)
	at sun.nio.ch.SocketChannelImpl.finishConnect(SocketChannelImpl.java:717)
	at org.apache.ratis.thirdparty.io.netty.channel.socket.nio.NioSocketChannel.doFinishConnect(NioSocketChannel.java:327)
	at org.apache.ratis.thirdparty.io.netty.channel.nio.AbstractNioChannel$AbstractNioUnsafe.finishConnect(AbstractNioChannel.java:340)
	at org.apache.ratis.thirdparty.io.netty.channel.nio.NioEventLoop.processSelectedKey(NioEventLoop.java:632)
	at org.apache.ratis.thirdparty.io.netty.channel.nio.NioEventLoop.processSelectedKeysOptimized(NioEventLoop.java:579)
	at org.apache.ratis.thirdparty.io.netty.channel.nio.NioEventLoop.processSelectedKeys(NioEventLoop.java:496)
	at org.apache.ratis.thirdparty.io.netty.channel.nio.NioEventLoop.run(NioEventLoop.java:458)
	at org.apache.ratis.thirdparty.io.netty.util.concurrent.SingleThreadEventExecutor$5.run(SingleThreadEventExecutor.java:897)
	at org.apache.ratis.thirdparty.io.netty.util.concurrent.FastThreadLocalRunnable.run(FastThreadLocalRunnable.java:30)
	... 1 more
Caused by: java.net.ConnectException: Connection refused
	... 11 more
2019-10-19 01:05:00,800 [390d33c4-98c8-495f-9f34-63cdf16532b5@group-EFF8D6679E36-LeaderElection377] INFO  impl.LeaderElection (LogUtils.java:infoOrTrace(149)) -   Exception 1: {}
java.util.concurrent.ExecutionException: org.apache.ratis.thirdparty.io.grpc.StatusRuntimeException: UNAVAILABLE: io exception
	at java.util.concurrent.FutureTask.report(FutureTask.java:122)
	at java.util.concurrent.FutureTask.get(FutureTask.java:192)
	at org.apache.ratis.server.impl.LeaderElection.waitForResults(LeaderElection.java:259)
	at org.apache.ratis.server.impl.LeaderElection.askForVotes(LeaderElection.java:197)
	at org.apache.ratis.server.impl.LeaderElection.run(LeaderElection.java:133)
	at java.lang.Thread.run(Thread.java:748)
Caused by: org.apache.ratis.thirdparty.io.grpc.StatusRuntimeException: UNAVAILABLE: io exception
	at org.apache.ratis.thirdparty.io.grpc.stub.ClientCalls.toStatusRuntimeException(ClientCalls.java:233)
	at org.apache.ratis.thirdparty.io.grpc.stub.ClientCalls.getUnchecked(ClientCalls.java:214)
	at org.apache.ratis.thirdparty.io.grpc.stub.ClientCalls.blockingUnaryCall(ClientCalls.java:139)
	at org.apache.ratis.proto.grpc.RaftServerProtocolServiceGrpc$RaftServerProtocolServiceBlockingStub.requestVote(RaftServerProtocolServiceGrpc.java:265)
	at org.apache.ratis.grpc.server.GrpcServerProtocolClient.requestVote(GrpcServerProtocolClient.java:99)
	at org.apache.ratis.grpc.server.GrpcService.requestVote(GrpcService.java:204)
	at org.apache.ratis.server.impl.LeaderElection.lambda$submitRequests$1(LeaderElection.java:234)
	at java.util.concurrent.FutureTask.run(FutureTask.java:266)
	at java.util.concurrent.Executors$RunnableAdapter.call(Executors.java:511)
	at java.util.concurrent.FutureTask.run(FutureTask.java:266)
	at java.util.concurrent.ThreadPoolExecutor.runWorker(ThreadPoolExecutor.java:1149)
	at java.util.concurrent.ThreadPoolExecutor$Worker.run(ThreadPoolExecutor.java:624)
	... 1 more
Caused by: org.apache.ratis.thirdparty.io.netty.channel.AbstractChannel$AnnotatedConnectException: Connection refused: /192.168.157.213:46800
	at sun.nio.ch.SocketChannelImpl.checkConnect(Native Method)
	at sun.nio.ch.SocketChannelImpl.finishConnect(SocketChannelImpl.java:717)
	at org.apache.ratis.thirdparty.io.netty.channel.socket.nio.NioSocketChannel.doFinishConnect(NioSocketChannel.java:327)
	at org.apache.ratis.thirdparty.io.netty.channel.nio.AbstractNioChannel$AbstractNioUnsafe.finishConnect(AbstractNioChannel.java:340)
	at org.apache.ratis.thirdparty.io.netty.channel.nio.NioEventLoop.processSelectedKey(NioEventLoop.java:632)
	at org.apache.ratis.thirdparty.io.netty.channel.nio.NioEventLoop.processSelectedKeysOptimized(NioEventLoop.java:579)
	at org.apache.ratis.thirdparty.io.netty.channel.nio.NioEventLoop.processSelectedKeys(NioEventLoop.java:496)
	at org.apache.ratis.thirdparty.io.netty.channel.nio.NioEventLoop.run(NioEventLoop.java:458)
	at org.apache.ratis.thirdparty.io.netty.util.concurrent.SingleThreadEventExecutor$5.run(SingleThreadEventExecutor.java:897)
	at org.apache.ratis.thirdparty.io.netty.util.concurrent.FastThreadLocalRunnable.run(FastThreadLocalRunnable.java:30)
	... 1 more
Caused by: java.net.ConnectException: Connection refused
	... 11 more
2019-10-19 01:05:00,801 [a1c78c0e-869c-4f76-b4ce-2034448e0b80@group-D48B69A44692-LeaderElection378] INFO  impl.RaftServerImpl (RaftServerImpl.java:setRole(184)) - a1c78c0e-869c-4f76-b4ce-2034448e0b80@group-D48B69A44692: changes role from CANDIDATE to FOLLOWER at term 270 for DISCOVERED_A_NEW_TERM
2019-10-19 01:05:00,802 [a1c78c0e-869c-4f76-b4ce-2034448e0b80@group-D48B69A44692-LeaderElection378] INFO  impl.RoleInfo (RoleInfo.java:shutdownLeaderElection(134)) - a1c78c0e-869c-4f76-b4ce-2034448e0b80: shutdown LeaderElection
2019-10-19 01:05:00,801 [390d33c4-98c8-495f-9f34-63cdf16532b5@group-EFF8D6679E36-LeaderElection377] INFO  impl.RaftServerImpl (RaftServerImpl.java:setRole(184)) - 390d33c4-98c8-495f-9f34-63cdf16532b5@group-EFF8D6679E36: changes role from CANDIDATE to FOLLOWER at term 8 for DISCOVERED_A_NEW_TERM
2019-10-19 01:05:00,802 [a1c78c0e-869c-4f76-b4ce-2034448e0b80@group-D48B69A44692-LeaderElection378] INFO  impl.RoleInfo (RoleInfo.java:updateAndGet(143)) - a1c78c0e-869c-4f76-b4ce-2034448e0b80: start FollowerState
2019-10-19 01:05:00,802 [390d33c4-98c8-495f-9f34-63cdf16532b5@group-EFF8D6679E36-LeaderElection377] INFO  impl.RoleInfo (RoleInfo.java:shutdownLeaderElection(134)) - 390d33c4-98c8-495f-9f34-63cdf16532b5: shutdown LeaderElection
2019-10-19 01:05:00,802 [390d33c4-98c8-495f-9f34-63cdf16532b5@group-EFF8D6679E36-LeaderElection377] INFO  impl.RoleInfo (RoleInfo.java:updateAndGet(143)) - 390d33c4-98c8-495f-9f34-63cdf16532b5: start FollowerState
2019-10-19 01:05:00,857 [java.util.concurrent.ThreadPoolExecutor$Worker@3d9b74b8[State = -1, empty queue]] WARN  server.GrpcLogAppender (GrpcLogAppender.java:timeoutAppendRequest(209)) - b26a8d60-58dc-431d-8168-f89a9ab35f3a@group-FB3B7D7D89E3->16805c57-9f45-4377-8998-764a8f26e152-GrpcLogAppender: appendEntries Timeout, request=b26a8d60-58dc-431d-8168-f89a9ab35f3a->16805c57-9f45-4377-8998-764a8f26e152#28-t129, previous=(t:129, i:2), leaderCommit=2, initializing? false, entries: <empty>
2019-10-19 01:05:00,870 [Thread-2841] INFO  impl.FollowerState (FollowerState.java:run(108)) - a1c78c0e-869c-4f76-b4ce-2034448e0b80@group-D48B69A44692-FollowerState: change to CANDIDATE, lastRpcTime:68ms, electionTimeout:68ms
2019-10-19 01:05:00,870 [Thread-2841] INFO  impl.RoleInfo (RoleInfo.java:shutdownFollowerState(121)) - a1c78c0e-869c-4f76-b4ce-2034448e0b80: shutdown FollowerState
2019-10-19 01:05:00,870 [Thread-2841] INFO  impl.RaftServerImpl (RaftServerImpl.java:setRole(184)) - a1c78c0e-869c-4f76-b4ce-2034448e0b80@group-D48B69A44692: changes role from  FOLLOWER to CANDIDATE at term 270 for changeToCandidate
2019-10-19 01:05:00,870 [Thread-2841] INFO  impl.RoleInfo (RoleInfo.java:updateAndGet(143)) - a1c78c0e-869c-4f76-b4ce-2034448e0b80: start LeaderElection
2019-10-19 01:05:00,884 [a1c78c0e-869c-4f76-b4ce-2034448e0b80@group-D48B69A44692-LeaderElection379] INFO  impl.LeaderElection (LeaderElection.java:askForVotes(178)) - a1c78c0e-869c-4f76-b4ce-2034448e0b80@group-D48B69A44692-LeaderElection379: begin an election at term 271 for -1: [51276c3c-a3b8-4274-b089-592ff4589f41:192.168.157.213:36639, 64c90977-e867-487c-b50d-c226f2d34a76:192.168.157.213:37433, a1c78c0e-869c-4f76-b4ce-2034448e0b80:192.168.157.213:33501], old=null
2019-10-19 01:05:00,885 [a1c78c0e-869c-4f76-b4ce-2034448e0b80@group-D48B69A44692-LeaderElection379] INFO  impl.LeaderElection (LogUtils.java:infoOrTrace(149)) - a1c78c0e-869c-4f76-b4ce-2034448e0b80@group-D48B69A44692-LeaderElection379 got exception when requesting votes: {}
java.util.concurrent.ExecutionException: org.apache.ratis.thirdparty.io.grpc.StatusRuntimeException: UNAVAILABLE: io exception
	at java.util.concurrent.FutureTask.report(FutureTask.java:122)
	at java.util.concurrent.FutureTask.get(FutureTask.java:192)
	at org.apache.ratis.server.impl.LeaderElection.waitForResults(LeaderElection.java:259)
	at org.apache.ratis.server.impl.LeaderElection.askForVotes(LeaderElection.java:197)
	at org.apache.ratis.server.impl.LeaderElection.run(LeaderElection.java:133)
	at java.lang.Thread.run(Thread.java:748)
Caused by: org.apache.ratis.thirdparty.io.grpc.StatusRuntimeException: UNAVAILABLE: io exception
	at org.apache.ratis.thirdparty.io.grpc.stub.ClientCalls.toStatusRuntimeException(ClientCalls.java:233)
	at org.apache.ratis.thirdparty.io.grpc.stub.ClientCalls.getUnchecked(ClientCalls.java:214)
	at org.apache.ratis.thirdparty.io.grpc.stub.ClientCalls.blockingUnaryCall(ClientCalls.java:139)
	at org.apache.ratis.proto.grpc.RaftServerProtocolServiceGrpc$RaftServerProtocolServiceBlockingStub.requestVote(RaftServerProtocolServiceGrpc.java:265)
	at org.apache.ratis.grpc.server.GrpcServerProtocolClient.requestVote(GrpcServerProtocolClient.java:99)
	at org.apache.ratis.grpc.server.GrpcService.requestVote(GrpcService.java:204)
	at org.apache.ratis.server.impl.LeaderElection.lambda$submitRequests$1(LeaderElection.java:234)
	at java.util.concurrent.FutureTask.run(FutureTask.java:266)
	at java.util.concurrent.Executors$RunnableAdapter.call(Executors.java:511)
	at java.util.concurrent.FutureTask.run(FutureTask.java:266)
	at java.util.concurrent.ThreadPoolExecutor.runWorker(ThreadPoolExecutor.java:1149)
	at java.util.concurrent.ThreadPoolExecutor$Worker.run(ThreadPoolExecutor.java:624)
	... 1 more
Caused by: org.apache.ratis.thirdparty.io.netty.channel.AbstractChannel$AnnotatedConnectException: Connection refused: /192.168.157.213:36639
	at sun.nio.ch.SocketChannelImpl.checkConnect(Native Method)
	at sun.nio.ch.SocketChannelImpl.finishConnect(SocketChannelImpl.java:717)
	at org.apache.ratis.thirdparty.io.netty.channel.socket.nio.NioSocketChannel.doFinishConnect(NioSocketChannel.java:327)
	at org.apache.ratis.thirdparty.io.netty.channel.nio.AbstractNioChannel$AbstractNioUnsafe.finishConnect(AbstractNioChannel.java:340)
	at org.apache.ratis.thirdparty.io.netty.channel.nio.NioEventLoop.processSelectedKey(NioEventLoop.java:632)
	at org.apache.ratis.thirdparty.io.netty.channel.nio.NioEventLoop.processSelectedKeysOptimized(NioEventLoop.java:579)
	at org.apache.ratis.thirdparty.io.netty.channel.nio.NioEventLoop.processSelectedKeys(NioEventLoop.java:496)
	at org.apache.ratis.thirdparty.io.netty.channel.nio.NioEventLoop.run(NioEventLoop.java:458)
	at org.apache.ratis.thirdparty.io.netty.util.concurrent.SingleThreadEventExecutor$5.run(SingleThreadEventExecutor.java:897)
	at org.apache.ratis.thirdparty.io.netty.util.concurrent.FastThreadLocalRunnable.run(FastThreadLocalRunnable.java:30)
	... 1 more
Caused by: java.net.ConnectException: Connection refused
	... 11 more
2019-10-19 01:05:00,885 [a1c78c0e-869c-4f76-b4ce-2034448e0b80@group-D48B69A44692-LeaderElection379] INFO  impl.LeaderElection (LogUtils.java:infoOrTrace(149)) - a1c78c0e-869c-4f76-b4ce-2034448e0b80@group-D48B69A44692-LeaderElection379 got exception when requesting votes: {}
java.util.concurrent.ExecutionException: org.apache.ratis.thirdparty.io.grpc.StatusRuntimeException: UNAVAILABLE: io exception
	at java.util.concurrent.FutureTask.report(FutureTask.java:122)
	at java.util.concurrent.FutureTask.get(FutureTask.java:192)
	at org.apache.ratis.server.impl.LeaderElection.waitForResults(LeaderElection.java:259)
	at org.apache.ratis.server.impl.LeaderElection.askForVotes(LeaderElection.java:197)
	at org.apache.ratis.server.impl.LeaderElection.run(LeaderElection.java:133)
	at java.lang.Thread.run(Thread.java:748)
Caused by: org.apache.ratis.thirdparty.io.grpc.StatusRuntimeException: UNAVAILABLE: io exception
	at org.apache.ratis.thirdparty.io.grpc.stub.ClientCalls.toStatusRuntimeException(ClientCalls.java:233)
	at org.apache.ratis.thirdparty.io.grpc.stub.ClientCalls.getUnchecked(ClientCalls.java:214)
	at org.apache.ratis.thirdparty.io.grpc.stub.ClientCalls.blockingUnaryCall(ClientCalls.java:139)
	at org.apache.ratis.proto.grpc.RaftServerProtocolServiceGrpc$RaftServerProtocolServiceBlockingStub.requestVote(RaftServerProtocolServiceGrpc.java:265)
	at org.apache.ratis.grpc.server.GrpcServerProtocolClient.requestVote(GrpcServerProtocolClient.java:99)
	at org.apache.ratis.grpc.server.GrpcService.requestVote(GrpcService.java:204)
	at org.apache.ratis.server.impl.LeaderElection.lambda$submitRequests$1(LeaderElection.java:234)
	at java.util.concurrent.FutureTask.run(FutureTask.java:266)
	at java.util.concurrent.Executors$RunnableAdapter.call(Executors.java:511)
	at java.util.concurrent.FutureTask.run(FutureTask.java:266)
	at java.util.concurrent.ThreadPoolExecutor.runWorker(ThreadPoolExecutor.java:1149)
	at java.util.concurrent.ThreadPoolExecutor$Worker.run(ThreadPoolExecutor.java:624)
	... 1 more
Caused by: org.apache.ratis.thirdparty.io.netty.channel.AbstractChannel$AnnotatedConnectException: Connection refused: /192.168.157.213:37433
	at sun.nio.ch.SocketChannelImpl.checkConnect(Native Method)
	at sun.nio.ch.SocketChannelImpl.finishConnect(SocketChannelImpl.java:717)
	at org.apache.ratis.thirdparty.io.netty.channel.socket.nio.NioSocketChannel.doFinishConnect(NioSocketChannel.java:327)
	at org.apache.ratis.thirdparty.io.netty.channel.nio.AbstractNioChannel$AbstractNioUnsafe.finishConnect(AbstractNioChannel.java:340)
	at org.apache.ratis.thirdparty.io.netty.channel.nio.NioEventLoop.processSelectedKey(NioEventLoop.java:632)
	at org.apache.ratis.thirdparty.io.netty.channel.nio.NioEventLoop.processSelectedKeysOptimized(NioEventLoop.java:579)
	at org.apache.ratis.thirdparty.io.netty.channel.nio.NioEventLoop.processSelectedKeys(NioEventLoop.java:496)
	at org.apache.ratis.thirdparty.io.netty.channel.nio.NioEventLoop.run(NioEventLoop.java:458)
	at org.apache.ratis.thirdparty.io.netty.util.concurrent.SingleThreadEventExecutor$5.run(SingleThreadEventExecutor.java:897)
	at org.apache.ratis.thirdparty.io.netty.util.concurrent.FastThreadLocalRunnable.run(FastThreadLocalRunnable.java:30)
	... 1 more
Caused by: java.net.ConnectException: Connection refused
	... 11 more
2019-10-19 01:05:00,885 [a1c78c0e-869c-4f76-b4ce-2034448e0b80@group-D48B69A44692-LeaderElection379] INFO  impl.LeaderElection (LeaderElection.java:logAndReturn(56)) - a1c78c0e-869c-4f76-b4ce-2034448e0b80@group-D48B69A44692-LeaderElection379: Election REJECTED; received 0 response(s) [] and 2 exception(s); a1c78c0e-869c-4f76-b4ce-2034448e0b80@group-D48B69A44692:t271, leader=null, voted=a1c78c0e-869c-4f76-b4ce-2034448e0b80, raftlog=a1c78c0e-869c-4f76-b4ce-2034448e0b80@group-D48B69A44692-SegmentedRaftLog:OPENED:c-1,f-1,i0, conf=-1: [51276c3c-a3b8-4274-b089-592ff4589f41:192.168.157.213:36639, 64c90977-e867-487c-b50d-c226f2d34a76:192.168.157.213:37433, a1c78c0e-869c-4f76-b4ce-2034448e0b80:192.168.157.213:33501], old=null
2019-10-19 01:05:00,885 [a1c78c0e-869c-4f76-b4ce-2034448e0b80@group-D48B69A44692-LeaderElection379] INFO  impl.LeaderElection (LogUtils.java:infoOrTrace(149)) -   Exception 0: {}
java.util.concurrent.ExecutionException: org.apache.ratis.thirdparty.io.grpc.StatusRuntimeException: UNAVAILABLE: io exception
	at java.util.concurrent.FutureTask.report(FutureTask.java:122)
	at java.util.concurrent.FutureTask.get(FutureTask.java:192)
	at org.apache.ratis.server.impl.LeaderElection.waitForResults(LeaderElection.java:259)
	at org.apache.ratis.server.impl.LeaderElection.askForVotes(LeaderElection.java:197)
	at org.apache.ratis.server.impl.LeaderElection.run(LeaderElection.java:133)
	at java.lang.Thread.run(Thread.java:748)
Caused by: org.apache.ratis.thirdparty.io.grpc.StatusRuntimeException: UNAVAILABLE: io exception
	at org.apache.ratis.thirdparty.io.grpc.stub.ClientCalls.toStatusRuntimeException(ClientCalls.java:233)
	at org.apache.ratis.thirdparty.io.grpc.stub.ClientCalls.getUnchecked(ClientCalls.java:214)
	at org.apache.ratis.thirdparty.io.grpc.stub.ClientCalls.blockingUnaryCall(ClientCalls.java:139)
	at org.apache.ratis.proto.grpc.RaftServerProtocolServiceGrpc$RaftServerProtocolServiceBlockingStub.requestVote(RaftServerProtocolServiceGrpc.java:265)
	at org.apache.ratis.grpc.server.GrpcServerProtocolClient.requestVote(GrpcServerProtocolClient.java:99)
	at org.apache.ratis.grpc.server.GrpcService.requestVote(GrpcService.java:204)
	at org.apache.ratis.server.impl.LeaderElection.lambda$submitRequests$1(LeaderElection.java:234)
	at java.util.concurrent.FutureTask.run(FutureTask.java:266)
	at java.util.concurrent.Executors$RunnableAdapter.call(Executors.java:511)
	at java.util.concurrent.FutureTask.run(FutureTask.java:266)
	at java.util.concurrent.ThreadPoolExecutor.runWorker(ThreadPoolExecutor.java:1149)
	at java.util.concurrent.ThreadPoolExecutor$Worker.run(ThreadPoolExecutor.java:624)
	... 1 more
Caused by: org.apache.ratis.thirdparty.io.netty.channel.AbstractChannel$AnnotatedConnectException: Connection refused: /192.168.157.213:36639
	at sun.nio.ch.SocketChannelImpl.checkConnect(Native Method)
	at sun.nio.ch.SocketChannelImpl.finishConnect(SocketChannelImpl.java:717)
	at org.apache.ratis.thirdparty.io.netty.channel.socket.nio.NioSocketChannel.doFinishConnect(NioSocketChannel.java:327)
	at org.apache.ratis.thirdparty.io.netty.channel.nio.AbstractNioChannel$AbstractNioUnsafe.finishConnect(AbstractNioChannel.java:340)
	at org.apache.ratis.thirdparty.io.netty.channel.nio.NioEventLoop.processSelectedKey(NioEventLoop.java:632)
	at org.apache.ratis.thirdparty.io.netty.channel.nio.NioEventLoop.processSelectedKeysOptimized(NioEventLoop.java:579)
	at org.apache.ratis.thirdparty.io.netty.channel.nio.NioEventLoop.processSelectedKeys(NioEventLoop.java:496)
	at org.apache.ratis.thirdparty.io.netty.channel.nio.NioEventLoop.run(NioEventLoop.java:458)
	at org.apache.ratis.thirdparty.io.netty.util.concurrent.SingleThreadEventExecutor$5.run(SingleThreadEventExecutor.java:897)
	at org.apache.ratis.thirdparty.io.netty.util.concurrent.FastThreadLocalRunnable.run(FastThreadLocalRunnable.java:30)
	... 1 more
Caused by: java.net.ConnectException: Connection refused
	... 11 more
2019-10-19 01:05:00,886 [a1c78c0e-869c-4f76-b4ce-2034448e0b80@group-D48B69A44692-LeaderElection379] INFO  impl.LeaderElection (LogUtils.java:infoOrTrace(149)) -   Exception 1: {}
java.util.concurrent.ExecutionException: org.apache.ratis.thirdparty.io.grpc.StatusRuntimeException: UNAVAILABLE: io exception
	at java.util.concurrent.FutureTask.report(FutureTask.java:122)
	at java.util.concurrent.FutureTask.get(FutureTask.java:192)
	at org.apache.ratis.server.impl.LeaderElection.waitForResults(LeaderElection.java:259)
	at org.apache.ratis.server.impl.LeaderElection.askForVotes(LeaderElection.java:197)
	at org.apache.ratis.server.impl.LeaderElection.run(LeaderElection.java:133)
	at java.lang.Thread.run(Thread.java:748)
Caused by: org.apache.ratis.thirdparty.io.grpc.StatusRuntimeException: UNAVAILABLE: io exception
	at org.apache.ratis.thirdparty.io.grpc.stub.ClientCalls.toStatusRuntimeException(ClientCalls.java:233)
	at org.apache.ratis.thirdparty.io.grpc.stub.ClientCalls.getUnchecked(ClientCalls.java:214)
	at org.apache.ratis.thirdparty.io.grpc.stub.ClientCalls.blockingUnaryCall(ClientCalls.java:139)
	at org.apache.ratis.proto.grpc.RaftServerProtocolServiceGrpc$RaftServerProtocolServiceBlockingStub.requestVote(RaftServerProtocolServiceGrpc.java:265)
	at org.apache.ratis.grpc.server.GrpcServerProtocolClient.requestVote(GrpcServerProtocolClient.java:99)
	at org.apache.ratis.grpc.server.GrpcService.requestVote(GrpcService.java:204)
	at org.apache.ratis.server.impl.LeaderElection.lambda$submitRequests$1(LeaderElection.java:234)
	at java.util.concurrent.FutureTask.run(FutureTask.java:266)
	at java.util.concurrent.Executors$RunnableAdapter.call(Executors.java:511)
	at java.util.concurrent.FutureTask.run(FutureTask.java:266)
	at java.util.concurrent.ThreadPoolExecutor.runWorker(ThreadPoolExecutor.java:1149)
	at java.util.concurrent.ThreadPoolExecutor$Worker.run(ThreadPoolExecutor.java:624)
	... 1 more
Caused by: org.apache.ratis.thirdparty.io.netty.channel.AbstractChannel$AnnotatedConnectException: Connection refused: /192.168.157.213:37433
	at sun.nio.ch.SocketChannelImpl.checkConnect(Native Method)
	at sun.nio.ch.SocketChannelImpl.finishConnect(SocketChannelImpl.java:717)
	at org.apache.ratis.thirdparty.io.netty.channel.socket.nio.NioSocketChannel.doFinishConnect(NioSocketChannel.java:327)
	at org.apache.ratis.thirdparty.io.netty.channel.nio.AbstractNioChannel$AbstractNioUnsafe.finishConnect(AbstractNioChannel.java:340)
	at org.apache.ratis.thirdparty.io.netty.channel.nio.NioEventLoop.processSelectedKey(NioEventLoop.java:632)
	at org.apache.ratis.thirdparty.io.netty.channel.nio.NioEventLoop.processSelectedKeysOptimized(NioEventLoop.java:579)
	at org.apache.ratis.thirdparty.io.netty.channel.nio.NioEventLoop.processSelectedKeys(NioEventLoop.java:496)
	at org.apache.ratis.thirdparty.io.netty.channel.nio.NioEventLoop.run(NioEventLoop.java:458)
	at org.apache.ratis.thirdparty.io.netty.util.concurrent.SingleThreadEventExecutor$5.run(SingleThreadEventExecutor.java:897)
	at org.apache.ratis.thirdparty.io.netty.util.concurrent.FastThreadLocalRunnable.run(FastThreadLocalRunnable.java:30)
	... 1 more
Caused by: java.net.ConnectException: Connection refused
	... 11 more
2019-10-19 01:05:00,886 [a1c78c0e-869c-4f76-b4ce-2034448e0b80@group-D48B69A44692-LeaderElection379] INFO  impl.RaftServerImpl (RaftServerImpl.java:setRole(184)) - a1c78c0e-869c-4f76-b4ce-2034448e0b80@group-D48B69A44692: changes role from CANDIDATE to FOLLOWER at term 271 for DISCOVERED_A_NEW_TERM
2019-10-19 01:05:00,886 [a1c78c0e-869c-4f76-b4ce-2034448e0b80@group-D48B69A44692-LeaderElection379] INFO  impl.RoleInfo (RoleInfo.java:shutdownLeaderElection(134)) - a1c78c0e-869c-4f76-b4ce-2034448e0b80: shutdown LeaderElection
2019-10-19 01:05:00,886 [a1c78c0e-869c-4f76-b4ce-2034448e0b80@group-D48B69A44692-LeaderElection379] INFO  impl.RoleInfo (RoleInfo.java:updateAndGet(143)) - a1c78c0e-869c-4f76-b4ce-2034448e0b80: start FollowerState
2019-10-19 01:05:00,931 [Thread-2846] INFO  impl.FollowerState (FollowerState.java:run(108)) - a1c78c0e-869c-4f76-b4ce-2034448e0b80@group-D48B69A44692-FollowerState: change to CANDIDATE, lastRpcTime:44ms, electionTimeout:44ms
2019-10-19 01:05:00,931 [Thread-2846] INFO  impl.RoleInfo (RoleInfo.java:shutdownFollowerState(121)) - a1c78c0e-869c-4f76-b4ce-2034448e0b80: shutdown FollowerState
2019-10-19 01:05:00,931 [Thread-2846] INFO  impl.RaftServerImpl (RaftServerImpl.java:setRole(184)) - a1c78c0e-869c-4f76-b4ce-2034448e0b80@group-D48B69A44692: changes role from  FOLLOWER to CANDIDATE at term 271 for changeToCandidate
2019-10-19 01:05:00,931 [Thread-2846] INFO  impl.RoleInfo (RoleInfo.java:updateAndGet(143)) - a1c78c0e-869c-4f76-b4ce-2034448e0b80: start LeaderElection
2019-10-19 01:05:00,944 [a1c78c0e-869c-4f76-b4ce-2034448e0b80@group-D48B69A44692-LeaderElection380] INFO  impl.LeaderElection (LeaderElection.java:askForVotes(178)) - a1c78c0e-869c-4f76-b4ce-2034448e0b80@group-D48B69A44692-LeaderElection380: begin an election at term 272 for -1: [51276c3c-a3b8-4274-b089-592ff4589f41:192.168.157.213:36639, 64c90977-e867-487c-b50d-c226f2d34a76:192.168.157.213:37433, a1c78c0e-869c-4f76-b4ce-2034448e0b80:192.168.157.213:33501], old=null
2019-10-19 01:05:00,945 [a1c78c0e-869c-4f76-b4ce-2034448e0b80@group-D48B69A44692-LeaderElection380] INFO  impl.LeaderElection (LogUtils.java:infoOrTrace(149)) - a1c78c0e-869c-4f76-b4ce-2034448e0b80@group-D48B69A44692-LeaderElection380 got exception when requesting votes: {}
java.util.concurrent.ExecutionException: org.apache.ratis.thirdparty.io.grpc.StatusRuntimeException: UNAVAILABLE: io exception
	at java.util.concurrent.FutureTask.report(FutureTask.java:122)
	at java.util.concurrent.FutureTask.get(FutureTask.java:192)
	at org.apache.ratis.server.impl.LeaderElection.waitForResults(LeaderElection.java:259)
	at org.apache.ratis.server.impl.LeaderElection.askForVotes(LeaderElection.java:197)
	at org.apache.ratis.server.impl.LeaderElection.run(LeaderElection.java:133)
	at java.lang.Thread.run(Thread.java:748)
Caused by: org.apache.ratis.thirdparty.io.grpc.StatusRuntimeException: UNAVAILABLE: io exception
	at org.apache.ratis.thirdparty.io.grpc.stub.ClientCalls.toStatusRuntimeException(ClientCalls.java:233)
	at org.apache.ratis.thirdparty.io.grpc.stub.ClientCalls.getUnchecked(ClientCalls.java:214)
	at org.apache.ratis.thirdparty.io.grpc.stub.ClientCalls.blockingUnaryCall(ClientCalls.java:139)
	at org.apache.ratis.proto.grpc.RaftServerProtocolServiceGrpc$RaftServerProtocolServiceBlockingStub.requestVote(RaftServerProtocolServiceGrpc.java:265)
	at org.apache.ratis.grpc.server.GrpcServerProtocolClient.requestVote(GrpcServerProtocolClient.java:99)
	at org.apache.ratis.grpc.server.GrpcService.requestVote(GrpcService.java:204)
	at org.apache.ratis.server.impl.LeaderElection.lambda$submitRequests$1(LeaderElection.java:234)
	at java.util.concurrent.FutureTask.run(FutureTask.java:266)
	at java.util.concurrent.Executors$RunnableAdapter.call(Executors.java:511)
	at java.util.concurrent.FutureTask.run(FutureTask.java:266)
	at java.util.concurrent.ThreadPoolExecutor.runWorker(ThreadPoolExecutor.java:1149)
	at java.util.concurrent.ThreadPoolExecutor$Worker.run(ThreadPoolExecutor.java:624)
	... 1 more
Caused by: org.apache.ratis.thirdparty.io.netty.channel.AbstractChannel$AnnotatedConnectException: Connection refused: /192.168.157.213:36639
	at sun.nio.ch.SocketChannelImpl.checkConnect(Native Method)
	at sun.nio.ch.SocketChannelImpl.finishConnect(SocketChannelImpl.java:717)
	at org.apache.ratis.thirdparty.io.netty.channel.socket.nio.NioSocketChannel.doFinishConnect(NioSocketChannel.java:327)
	at org.apache.ratis.thirdparty.io.netty.channel.nio.AbstractNioChannel$AbstractNioUnsafe.finishConnect(AbstractNioChannel.java:340)
	at org.apache.ratis.thirdparty.io.netty.channel.nio.NioEventLoop.processSelectedKey(NioEventLoop.java:632)
	at org.apache.ratis.thirdparty.io.netty.channel.nio.NioEventLoop.processSelectedKeysOptimized(NioEventLoop.java:579)
	at org.apache.ratis.thirdparty.io.netty.channel.nio.NioEventLoop.processSelectedKeys(NioEventLoop.java:496)
	at org.apache.ratis.thirdparty.io.netty.channel.nio.NioEventLoop.run(NioEventLoop.java:458)
	at org.apache.ratis.thirdparty.io.netty.util.concurrent.SingleThreadEventExecutor$5.run(SingleThreadEventExecutor.java:897)
	at org.apache.ratis.thirdparty.io.netty.util.concurrent.FastThreadLocalRunnable.run(FastThreadLocalRunnable.java:30)
	... 1 more
Caused by: java.net.ConnectException: Connection refused
	... 11 more
2019-10-19 01:05:00,945 [a1c78c0e-869c-4f76-b4ce-2034448e0b80@group-D48B69A44692-LeaderElection380] INFO  impl.LeaderElection (LogUtils.java:infoOrTrace(149)) - a1c78c0e-869c-4f76-b4ce-2034448e0b80@group-D48B69A44692-LeaderElection380 got exception when requesting votes: {}
java.util.concurrent.ExecutionException: org.apache.ratis.thirdparty.io.grpc.StatusRuntimeException: UNAVAILABLE: io exception
	at java.util.concurrent.FutureTask.report(FutureTask.java:122)
	at java.util.concurrent.FutureTask.get(FutureTask.java:192)
	at org.apache.ratis.server.impl.LeaderElection.waitForResults(LeaderElection.java:259)
	at org.apache.ratis.server.impl.LeaderElection.askForVotes(LeaderElection.java:197)
	at org.apache.ratis.server.impl.LeaderElection.run(LeaderElection.java:133)
	at java.lang.Thread.run(Thread.java:748)
Caused by: org.apache.ratis.thirdparty.io.grpc.StatusRuntimeException: UNAVAILABLE: io exception
	at org.apache.ratis.thirdparty.io.grpc.stub.ClientCalls.toStatusRuntimeException(ClientCalls.java:233)
	at org.apache.ratis.thirdparty.io.grpc.stub.ClientCalls.getUnchecked(ClientCalls.java:214)
	at org.apache.ratis.thirdparty.io.grpc.stub.ClientCalls.blockingUnaryCall(ClientCalls.java:139)
	at org.apache.ratis.proto.grpc.RaftServerProtocolServiceGrpc$RaftServerProtocolServiceBlockingStub.requestVote(RaftServerProtocolServiceGrpc.java:265)
	at org.apache.ratis.grpc.server.GrpcServerProtocolClient.requestVote(GrpcServerProtocolClient.java:99)
	at org.apache.ratis.grpc.server.GrpcService.requestVote(GrpcService.java:204)
	at org.apache.ratis.server.impl.LeaderElection.lambda$submitRequests$1(LeaderElection.java:234)
	at java.util.concurrent.FutureTask.run(FutureTask.java:266)
	at java.util.concurrent.Executors$RunnableAdapter.call(Executors.java:511)
	at java.util.concurrent.FutureTask.run(FutureTask.java:266)
	at java.util.concurrent.ThreadPoolExecutor.runWorker(ThreadPoolExecutor.java:1149)
	at java.util.concurrent.ThreadPoolExecutor$Worker.run(ThreadPoolExecutor.java:624)
	... 1 more
Caused by: org.apache.ratis.thirdparty.io.netty.channel.AbstractChannel$AnnotatedConnectException: Connection refused: /192.168.157.213:37433
	at sun.nio.ch.SocketChannelImpl.checkConnect(Native Method)
	at sun.nio.ch.SocketChannelImpl.finishConnect(SocketChannelImpl.java:717)
	at org.apache.ratis.thirdparty.io.netty.channel.socket.nio.NioSocketChannel.doFinishConnect(NioSocketChannel.java:327)
	at org.apache.ratis.thirdparty.io.netty.channel.nio.AbstractNioChannel$AbstractNioUnsafe.finishConnect(AbstractNioChannel.java:340)
	at org.apache.ratis.thirdparty.io.netty.channel.nio.NioEventLoop.processSelectedKey(NioEventLoop.java:632)
	at org.apache.ratis.thirdparty.io.netty.channel.nio.NioEventLoop.processSelectedKeysOptimized(NioEventLoop.java:579)
	at org.apache.ratis.thirdparty.io.netty.channel.nio.NioEventLoop.processSelectedKeys(NioEventLoop.java:496)
	at org.apache.ratis.thirdparty.io.netty.channel.nio.NioEventLoop.run(NioEventLoop.java:458)
	at org.apache.ratis.thirdparty.io.netty.util.concurrent.SingleThreadEventExecutor$5.run(SingleThreadEventExecutor.java:897)
	at org.apache.ratis.thirdparty.io.netty.util.concurrent.FastThreadLocalRunnable.run(FastThreadLocalRunnable.java:30)
	... 1 more
Caused by: java.net.ConnectException: Connection refused
	... 11 more
2019-10-19 01:05:00,945 [a1c78c0e-869c-4f76-b4ce-2034448e0b80@group-D48B69A44692-LeaderElection380] INFO  impl.LeaderElection (LeaderElection.java:logAndReturn(56)) - a1c78c0e-869c-4f76-b4ce-2034448e0b80@group-D48B69A44692-LeaderElection380: Election REJECTED; received 0 response(s) [] and 2 exception(s); a1c78c0e-869c-4f76-b4ce-2034448e0b80@group-D48B69A44692:t272, leader=null, voted=a1c78c0e-869c-4f76-b4ce-2034448e0b80, raftlog=a1c78c0e-869c-4f76-b4ce-2034448e0b80@group-D48B69A44692-SegmentedRaftLog:OPENED:c-1,f-1,i0, conf=-1: [51276c3c-a3b8-4274-b089-592ff4589f41:192.168.157.213:36639, 64c90977-e867-487c-b50d-c226f2d34a76:192.168.157.213:37433, a1c78c0e-869c-4f76-b4ce-2034448e0b80:192.168.157.213:33501], old=null
2019-10-19 01:05:00,945 [a1c78c0e-869c-4f76-b4ce-2034448e0b80@group-D48B69A44692-LeaderElection380] INFO  impl.LeaderElection (LogUtils.java:infoOrTrace(149)) -   Exception 0: {}
java.util.concurrent.ExecutionException: org.apache.ratis.thirdparty.io.grpc.StatusRuntimeException: UNAVAILABLE: io exception
	at java.util.concurrent.FutureTask.report(FutureTask.java:122)
	at java.util.concurrent.FutureTask.get(FutureTask.java:192)
	at org.apache.ratis.server.impl.LeaderElection.waitForResults(LeaderElection.java:259)
	at org.apache.ratis.server.impl.LeaderElection.askForVotes(LeaderElection.java:197)
	at org.apache.ratis.server.impl.LeaderElection.run(LeaderElection.java:133)
	at java.lang.Thread.run(Thread.java:748)
Caused by: org.apache.ratis.thirdparty.io.grpc.StatusRuntimeException: UNAVAILABLE: io exception
	at org.apache.ratis.thirdparty.io.grpc.stub.ClientCalls.toStatusRuntimeException(ClientCalls.java:233)
	at org.apache.ratis.thirdparty.io.grpc.stub.ClientCalls.getUnchecked(ClientCalls.java:214)
	at org.apache.ratis.thirdparty.io.grpc.stub.ClientCalls.blockingUnaryCall(ClientCalls.java:139)
	at org.apache.ratis.proto.grpc.RaftServerProtocolServiceGrpc$RaftServerProtocolServiceBlockingStub.requestVote(RaftServerProtocolServiceGrpc.java:265)
	at org.apache.ratis.grpc.server.GrpcServerProtocolClient.requestVote(GrpcServerProtocolClient.java:99)
	at org.apache.ratis.grpc.server.GrpcService.requestVote(GrpcService.java:204)
	at org.apache.ratis.server.impl.LeaderElection.lambda$submitRequests$1(LeaderElection.java:234)
	at java.util.concurrent.FutureTask.run(FutureTask.java:266)
	at java.util.concurrent.Executors$RunnableAdapter.call(Executors.java:511)
	at java.util.concurrent.FutureTask.run(FutureTask.java:266)
	at java.util.concurrent.ThreadPoolExecutor.runWorker(ThreadPoolExecutor.java:1149)
	at java.util.concurrent.ThreadPoolExecutor$Worker.run(ThreadPoolExecutor.java:624)
	... 1 more
Caused by: org.apache.ratis.thirdparty.io.netty.channel.AbstractChannel$AnnotatedConnectException: Connection refused: /192.168.157.213:36639
	at sun.nio.ch.SocketChannelImpl.checkConnect(Native Method)
	at sun.nio.ch.SocketChannelImpl.finishConnect(SocketChannelImpl.java:717)
	at org.apache.ratis.thirdparty.io.netty.channel.socket.nio.NioSocketChannel.doFinishConnect(NioSocketChannel.java:327)
	at org.apache.ratis.thirdparty.io.netty.channel.nio.AbstractNioChannel$AbstractNioUnsafe.finishConnect(AbstractNioChannel.java:340)
	at org.apache.ratis.thirdparty.io.netty.channel.nio.NioEventLoop.processSelectedKey(NioEventLoop.java:632)
	at org.apache.ratis.thirdparty.io.netty.channel.nio.NioEventLoop.processSelectedKeysOptimized(NioEventLoop.java:579)
	at org.apache.ratis.thirdparty.io.netty.channel.nio.NioEventLoop.processSelectedKeys(NioEventLoop.java:496)
	at org.apache.ratis.thirdparty.io.netty.channel.nio.NioEventLoop.run(NioEventLoop.java:458)
	at org.apache.ratis.thirdparty.io.netty.util.concurrent.SingleThreadEventExecutor$5.run(SingleThreadEventExecutor.java:897)
	at org.apache.ratis.thirdparty.io.netty.util.concurrent.FastThreadLocalRunnable.run(FastThreadLocalRunnable.java:30)
	... 1 more
Caused by: java.net.ConnectException: Connection refused
	... 11 more
2019-10-19 01:05:00,946 [a1c78c0e-869c-4f76-b4ce-2034448e0b80@group-D48B69A44692-LeaderElection380] INFO  impl.LeaderElection (LogUtils.java:infoOrTrace(149)) -   Exception 1: {}
java.util.concurrent.ExecutionException: org.apache.ratis.thirdparty.io.grpc.StatusRuntimeException: UNAVAILABLE: io exception
	at java.util.concurrent.FutureTask.report(FutureTask.java:122)
	at java.util.concurrent.FutureTask.get(FutureTask.java:192)
	at org.apache.ratis.server.impl.LeaderElection.waitForResults(LeaderElection.java:259)
	at org.apache.ratis.server.impl.LeaderElection.askForVotes(LeaderElection.java:197)
	at org.apache.ratis.server.impl.LeaderElection.run(LeaderElection.java:133)
	at java.lang.Thread.run(Thread.java:748)
Caused by: org.apache.ratis.thirdparty.io.grpc.StatusRuntimeException: UNAVAILABLE: io exception
	at org.apache.ratis.thirdparty.io.grpc.stub.ClientCalls.toStatusRuntimeException(ClientCalls.java:233)
	at org.apache.ratis.thirdparty.io.grpc.stub.ClientCalls.getUnchecked(ClientCalls.java:214)
	at org.apache.ratis.thirdparty.io.grpc.stub.ClientCalls.blockingUnaryCall(ClientCalls.java:139)
	at org.apache.ratis.proto.grpc.RaftServerProtocolServiceGrpc$RaftServerProtocolServiceBlockingStub.requestVote(RaftServerProtocolServiceGrpc.java:265)
	at org.apache.ratis.grpc.server.GrpcServerProtocolClient.requestVote(GrpcServerProtocolClient.java:99)
	at org.apache.ratis.grpc.server.GrpcService.requestVote(GrpcService.java:204)
	at org.apache.ratis.server.impl.LeaderElection.lambda$submitRequests$1(LeaderElection.java:234)
	at java.util.concurrent.FutureTask.run(FutureTask.java:266)
	at java.util.concurrent.Executors$RunnableAdapter.call(Executors.java:511)
	at java.util.concurrent.FutureTask.run(FutureTask.java:266)
	at java.util.concurrent.ThreadPoolExecutor.runWorker(ThreadPoolExecutor.java:1149)
	at java.util.concurrent.ThreadPoolExecutor$Worker.run(ThreadPoolExecutor.java:624)
	... 1 more
Caused by: org.apache.ratis.thirdparty.io.netty.channel.AbstractChannel$AnnotatedConnectException: Connection refused: /192.168.157.213:37433
	at sun.nio.ch.SocketChannelImpl.checkConnect(Native Method)
	at sun.nio.ch.SocketChannelImpl.finishConnect(SocketChannelImpl.java:717)
	at org.apache.ratis.thirdparty.io.netty.channel.socket.nio.NioSocketChannel.doFinishConnect(NioSocketChannel.java:327)
	at org.apache.ratis.thirdparty.io.netty.channel.nio.AbstractNioChannel$AbstractNioUnsafe.finishConnect(AbstractNioChannel.java:340)
	at org.apache.ratis.thirdparty.io.netty.channel.nio.NioEventLoop.processSelectedKey(NioEventLoop.java:632)
	at org.apache.ratis.thirdparty.io.netty.channel.nio.NioEventLoop.processSelectedKeysOptimized(NioEventLoop.java:579)
	at org.apache.ratis.thirdparty.io.netty.channel.nio.NioEventLoop.processSelectedKeys(NioEventLoop.java:496)
	at org.apache.ratis.thirdparty.io.netty.channel.nio.NioEventLoop.run(NioEventLoop.java:458)
	at org.apache.ratis.thirdparty.io.netty.util.concurrent.SingleThreadEventExecutor$5.run(SingleThreadEventExecutor.java:897)
	at org.apache.ratis.thirdparty.io.netty.util.concurrent.FastThreadLocalRunnable.run(FastThreadLocalRunnable.java:30)
	... 1 more
Caused by: java.net.ConnectException: Connection refused
	... 11 more
2019-10-19 01:05:00,946 [a1c78c0e-869c-4f76-b4ce-2034448e0b80@group-D48B69A44692-LeaderElection380] INFO  impl.RaftServerImpl (RaftServerImpl.java:setRole(184)) - a1c78c0e-869c-4f76-b4ce-2034448e0b80@group-D48B69A44692: changes role from CANDIDATE to FOLLOWER at term 272 for DISCOVERED_A_NEW_TERM
2019-10-19 01:05:00,946 [a1c78c0e-869c-4f76-b4ce-2034448e0b80@group-D48B69A44692-LeaderElection380] INFO  impl.RoleInfo (RoleInfo.java:shutdownLeaderElection(134)) - a1c78c0e-869c-4f76-b4ce-2034448e0b80: shutdown LeaderElection
2019-10-19 01:05:00,946 [a1c78c0e-869c-4f76-b4ce-2034448e0b80@group-D48B69A44692-LeaderElection380] INFO  impl.RoleInfo (RoleInfo.java:updateAndGet(143)) - a1c78c0e-869c-4f76-b4ce-2034448e0b80: start FollowerState
2019-10-19 01:05:01,114 [Thread-2850] INFO  impl.FollowerState (FollowerState.java:run(108)) - a1c78c0e-869c-4f76-b4ce-2034448e0b80@group-D48B69A44692-FollowerState: change to CANDIDATE, lastRpcTime:168ms, electionTimeout:168ms
2019-10-19 01:05:01,115 [Thread-2850] INFO  impl.RoleInfo (RoleInfo.java:shutdownFollowerState(121)) - a1c78c0e-869c-4f76-b4ce-2034448e0b80: shutdown FollowerState
2019-10-19 01:05:01,115 [Thread-2850] INFO  impl.RaftServerImpl (RaftServerImpl.java:setRole(184)) - a1c78c0e-869c-4f76-b4ce-2034448e0b80@group-D48B69A44692: changes role from  FOLLOWER to CANDIDATE at term 272 for changeToCandidate
2019-10-19 01:05:01,115 [Thread-2850] INFO  impl.RoleInfo (RoleInfo.java:updateAndGet(143)) - a1c78c0e-869c-4f76-b4ce-2034448e0b80: start LeaderElection
2019-10-19 01:05:01,128 [a1c78c0e-869c-4f76-b4ce-2034448e0b80@group-D48B69A44692-LeaderElection381] INFO  impl.LeaderElection (LeaderElection.java:askForVotes(178)) - a1c78c0e-869c-4f76-b4ce-2034448e0b80@group-D48B69A44692-LeaderElection381: begin an election at term 273 for -1: [51276c3c-a3b8-4274-b089-592ff4589f41:192.168.157.213:36639, 64c90977-e867-487c-b50d-c226f2d34a76:192.168.157.213:37433, a1c78c0e-869c-4f76-b4ce-2034448e0b80:192.168.157.213:33501], old=null
2019-10-19 01:05:01,129 [a1c78c0e-869c-4f76-b4ce-2034448e0b80@group-D48B69A44692-LeaderElection381] INFO  impl.LeaderElection (LogUtils.java:infoOrTrace(149)) - a1c78c0e-869c-4f76-b4ce-2034448e0b80@group-D48B69A44692-LeaderElection381 got exception when requesting votes: {}
java.util.concurrent.ExecutionException: org.apache.ratis.thirdparty.io.grpc.StatusRuntimeException: UNAVAILABLE: io exception
	at java.util.concurrent.FutureTask.report(FutureTask.java:122)
	at java.util.concurrent.FutureTask.get(FutureTask.java:192)
	at org.apache.ratis.server.impl.LeaderElection.waitForResults(LeaderElection.java:259)
	at org.apache.ratis.server.impl.LeaderElection.askForVotes(LeaderElection.java:197)
	at org.apache.ratis.server.impl.LeaderElection.run(LeaderElection.java:133)
	at java.lang.Thread.run(Thread.java:748)
Caused by: org.apache.ratis.thirdparty.io.grpc.StatusRuntimeException: UNAVAILABLE: io exception
	at org.apache.ratis.thirdparty.io.grpc.stub.ClientCalls.toStatusRuntimeException(ClientCalls.java:233)
	at org.apache.ratis.thirdparty.io.grpc.stub.ClientCalls.getUnchecked(ClientCalls.java:214)
	at org.apache.ratis.thirdparty.io.grpc.stub.ClientCalls.blockingUnaryCall(ClientCalls.java:139)
	at org.apache.ratis.proto.grpc.RaftServerProtocolServiceGrpc$RaftServerProtocolServiceBlockingStub.requestVote(RaftServerProtocolServiceGrpc.java:265)
	at org.apache.ratis.grpc.server.GrpcServerProtocolClient.requestVote(GrpcServerProtocolClient.java:99)
	at org.apache.ratis.grpc.server.GrpcService.requestVote(GrpcService.java:204)
	at org.apache.ratis.server.impl.LeaderElection.lambda$submitRequests$1(LeaderElection.java:234)
	at java.util.concurrent.FutureTask.run(FutureTask.java:266)
	at java.util.concurrent.Executors$RunnableAdapter.call(Executors.java:511)
	at java.util.concurrent.FutureTask.run(FutureTask.java:266)
	at java.util.concurrent.ThreadPoolExecutor.runWorker(ThreadPoolExecutor.java:1149)
	at java.util.concurrent.ThreadPoolExecutor$Worker.run(ThreadPoolExecutor.java:624)
	... 1 more
Caused by: org.apache.ratis.thirdparty.io.netty.channel.AbstractChannel$AnnotatedConnectException: Connection refused: /192.168.157.213:37433
	at sun.nio.ch.SocketChannelImpl.checkConnect(Native Method)
	at sun.nio.ch.SocketChannelImpl.finishConnect(SocketChannelImpl.java:717)
	at org.apache.ratis.thirdparty.io.netty.channel.socket.nio.NioSocketChannel.doFinishConnect(NioSocketChannel.java:327)
	at org.apache.ratis.thirdparty.io.netty.channel.nio.AbstractNioChannel$AbstractNioUnsafe.finishConnect(AbstractNioChannel.java:340)
	at org.apache.ratis.thirdparty.io.netty.channel.nio.NioEventLoop.processSelectedKey(NioEventLoop.java:632)
	at org.apache.ratis.thirdparty.io.netty.channel.nio.NioEventLoop.processSelectedKeysOptimized(NioEventLoop.java:579)
	at org.apache.ratis.thirdparty.io.netty.channel.nio.NioEventLoop.processSelectedKeys(NioEventLoop.java:496)
	at org.apache.ratis.thirdparty.io.netty.channel.nio.NioEventLoop.run(NioEventLoop.java:458)
	at org.apache.ratis.thirdparty.io.netty.util.concurrent.SingleThreadEventExecutor$5.run(SingleThreadEventExecutor.java:897)
	at org.apache.ratis.thirdparty.io.netty.util.concurrent.FastThreadLocalRunnable.run(FastThreadLocalRunnable.java:30)
	... 1 more
Caused by: java.net.ConnectException: Connection refused
	... 11 more
2019-10-19 01:05:01,129 [a1c78c0e-869c-4f76-b4ce-2034448e0b80@group-D48B69A44692-LeaderElection381] INFO  impl.LeaderElection (LogUtils.java:infoOrTrace(149)) - a1c78c0e-869c-4f76-b4ce-2034448e0b80@group-D48B69A44692-LeaderElection381 got exception when requesting votes: {}
java.util.concurrent.ExecutionException: org.apache.ratis.thirdparty.io.grpc.StatusRuntimeException: UNAVAILABLE: io exception
	at java.util.concurrent.FutureTask.report(FutureTask.java:122)
	at java.util.concurrent.FutureTask.get(FutureTask.java:192)
	at org.apache.ratis.server.impl.LeaderElection.waitForResults(LeaderElection.java:259)
	at org.apache.ratis.server.impl.LeaderElection.askForVotes(LeaderElection.java:197)
	at org.apache.ratis.server.impl.LeaderElection.run(LeaderElection.java:133)
	at java.lang.Thread.run(Thread.java:748)
Caused by: org.apache.ratis.thirdparty.io.grpc.StatusRuntimeException: UNAVAILABLE: io exception
	at org.apache.ratis.thirdparty.io.grpc.stub.ClientCalls.toStatusRuntimeException(ClientCalls.java:233)
	at org.apache.ratis.thirdparty.io.grpc.stub.ClientCalls.getUnchecked(ClientCalls.java:214)
	at org.apache.ratis.thirdparty.io.grpc.stub.ClientCalls.blockingUnaryCall(ClientCalls.java:139)
	at org.apache.ratis.proto.grpc.RaftServerProtocolServiceGrpc$RaftServerProtocolServiceBlockingStub.requestVote(RaftServerProtocolServiceGrpc.java:265)
	at org.apache.ratis.grpc.server.GrpcServerProtocolClient.requestVote(GrpcServerProtocolClient.java:99)
	at org.apache.ratis.grpc.server.GrpcService.requestVote(GrpcService.java:204)
	at org.apache.ratis.server.impl.LeaderElection.lambda$submitRequests$1(LeaderElection.java:234)
	at java.util.concurrent.FutureTask.run(FutureTask.java:266)
	at java.util.concurrent.Executors$RunnableAdapter.call(Executors.java:511)
	at java.util.concurrent.FutureTask.run(FutureTask.java:266)
	at java.util.concurrent.ThreadPoolExecutor.runWorker(ThreadPoolExecutor.java:1149)
	at java.util.concurrent.ThreadPoolExecutor$Worker.run(ThreadPoolExecutor.java:624)
	... 1 more
Caused by: org.apache.ratis.thirdparty.io.netty.channel.AbstractChannel$AnnotatedConnectException: Connection refused: /192.168.157.213:36639
	at sun.nio.ch.SocketChannelImpl.checkConnect(Native Method)
	at sun.nio.ch.SocketChannelImpl.finishConnect(SocketChannelImpl.java:717)
	at org.apache.ratis.thirdparty.io.netty.channel.socket.nio.NioSocketChannel.doFinishConnect(NioSocketChannel.java:327)
	at org.apache.ratis.thirdparty.io.netty.channel.nio.AbstractNioChannel$AbstractNioUnsafe.finishConnect(AbstractNioChannel.java:340)
	at org.apache.ratis.thirdparty.io.netty.channel.nio.NioEventLoop.processSelectedKey(NioEventLoop.java:632)
	at org.apache.ratis.thirdparty.io.netty.channel.nio.NioEventLoop.processSelectedKeysOptimized(NioEventLoop.java:579)
	at org.apache.ratis.thirdparty.io.netty.channel.nio.NioEventLoop.processSelectedKeys(NioEventLoop.java:496)
	at org.apache.ratis.thirdparty.io.netty.channel.nio.NioEventLoop.run(NioEventLoop.java:458)
	at org.apache.ratis.thirdparty.io.netty.util.concurrent.SingleThreadEventExecutor$5.run(SingleThreadEventExecutor.java:897)
	at org.apache.ratis.thirdparty.io.netty.util.concurrent.FastThreadLocalRunnable.run(FastThreadLocalRunnable.java:30)
	... 1 more
Caused by: java.net.ConnectException: Connection refused
	... 11 more
2019-10-19 01:05:01,130 [a1c78c0e-869c-4f76-b4ce-2034448e0b80@group-D48B69A44692-LeaderElection381] INFO  impl.LeaderElection (LeaderElection.java:logAndReturn(56)) - a1c78c0e-869c-4f76-b4ce-2034448e0b80@group-D48B69A44692-LeaderElection381: Election REJECTED; received 0 response(s) [] and 2 exception(s); a1c78c0e-869c-4f76-b4ce-2034448e0b80@group-D48B69A44692:t273, leader=null, voted=a1c78c0e-869c-4f76-b4ce-2034448e0b80, raftlog=a1c78c0e-869c-4f76-b4ce-2034448e0b80@group-D48B69A44692-SegmentedRaftLog:OPENED:c-1,f-1,i0, conf=-1: [51276c3c-a3b8-4274-b089-592ff4589f41:192.168.157.213:36639, 64c90977-e867-487c-b50d-c226f2d34a76:192.168.157.213:37433, a1c78c0e-869c-4f76-b4ce-2034448e0b80:192.168.157.213:33501], old=null
2019-10-19 01:05:01,130 [a1c78c0e-869c-4f76-b4ce-2034448e0b80@group-D48B69A44692-LeaderElection381] INFO  impl.LeaderElection (LogUtils.java:infoOrTrace(149)) -   Exception 0: {}
java.util.concurrent.ExecutionException: org.apache.ratis.thirdparty.io.grpc.StatusRuntimeException: UNAVAILABLE: io exception
	at java.util.concurrent.FutureTask.report(FutureTask.java:122)
	at java.util.concurrent.FutureTask.get(FutureTask.java:192)
	at org.apache.ratis.server.impl.LeaderElection.waitForResults(LeaderElection.java:259)
	at org.apache.ratis.server.impl.LeaderElection.askForVotes(LeaderElection.java:197)
	at org.apache.ratis.server.impl.LeaderElection.run(LeaderElection.java:133)
	at java.lang.Thread.run(Thread.java:748)
Caused by: org.apache.ratis.thirdparty.io.grpc.StatusRuntimeException: UNAVAILABLE: io exception
	at org.apache.ratis.thirdparty.io.grpc.stub.ClientCalls.toStatusRuntimeException(ClientCalls.java:233)
	at org.apache.ratis.thirdparty.io.grpc.stub.ClientCalls.getUnchecked(ClientCalls.java:214)
	at org.apache.ratis.thirdparty.io.grpc.stub.ClientCalls.blockingUnaryCall(ClientCalls.java:139)
	at org.apache.ratis.proto.grpc.RaftServerProtocolServiceGrpc$RaftServerProtocolServiceBlockingStub.requestVote(RaftServerProtocolServiceGrpc.java:265)
	at org.apache.ratis.grpc.server.GrpcServerProtocolClient.requestVote(GrpcServerProtocolClient.java:99)
	at org.apache.ratis.grpc.server.GrpcService.requestVote(GrpcService.java:204)
	at org.apache.ratis.server.impl.LeaderElection.lambda$submitRequests$1(LeaderElection.java:234)
	at java.util.concurrent.FutureTask.run(FutureTask.java:266)
	at java.util.concurrent.Executors$RunnableAdapter.call(Executors.java:511)
	at java.util.concurrent.FutureTask.run(FutureTask.java:266)
	at java.util.concurrent.ThreadPoolExecutor.runWorker(ThreadPoolExecutor.java:1149)
	at java.util.concurrent.ThreadPoolExecutor$Worker.run(ThreadPoolExecutor.java:624)
	... 1 more
Caused by: org.apache.ratis.thirdparty.io.netty.channel.AbstractChannel$AnnotatedConnectException: Connection refused: /192.168.157.213:37433
	at sun.nio.ch.SocketChannelImpl.checkConnect(Native Method)
	at sun.nio.ch.SocketChannelImpl.finishConnect(SocketChannelImpl.java:717)
	at org.apache.ratis.thirdparty.io.netty.channel.socket.nio.NioSocketChannel.doFinishConnect(NioSocketChannel.java:327)
	at org.apache.ratis.thirdparty.io.netty.channel.nio.AbstractNioChannel$AbstractNioUnsafe.finishConnect(AbstractNioChannel.java:340)
	at org.apache.ratis.thirdparty.io.netty.channel.nio.NioEventLoop.processSelectedKey(NioEventLoop.java:632)
	at org.apache.ratis.thirdparty.io.netty.channel.nio.NioEventLoop.processSelectedKeysOptimized(NioEventLoop.java:579)
	at org.apache.ratis.thirdparty.io.netty.channel.nio.NioEventLoop.processSelectedKeys(NioEventLoop.java:496)
	at org.apache.ratis.thirdparty.io.netty.channel.nio.NioEventLoop.run(NioEventLoop.java:458)
	at org.apache.ratis.thirdparty.io.netty.util.concurrent.SingleThreadEventExecutor$5.run(SingleThreadEventExecutor.java:897)
	at org.apache.ratis.thirdparty.io.netty.util.concurrent.FastThreadLocalRunnable.run(FastThreadLocalRunnable.java:30)
	... 1 more
Caused by: java.net.ConnectException: Connection refused
	... 11 more
2019-10-19 01:05:01,130 [a1c78c0e-869c-4f76-b4ce-2034448e0b80@group-D48B69A44692-LeaderElection381] INFO  impl.LeaderElection (LogUtils.java:infoOrTrace(149)) -   Exception 1: {}
java.util.concurrent.ExecutionException: org.apache.ratis.thirdparty.io.grpc.StatusRuntimeException: UNAVAILABLE: io exception
	at java.util.concurrent.FutureTask.report(FutureTask.java:122)
	at java.util.concurrent.FutureTask.get(FutureTask.java:192)
	at org.apache.ratis.server.impl.LeaderElection.waitForResults(LeaderElection.java:259)
	at org.apache.ratis.server.impl.LeaderElection.askForVotes(LeaderElection.java:197)
	at org.apache.ratis.server.impl.LeaderElection.run(LeaderElection.java:133)
	at java.lang.Thread.run(Thread.java:748)
Caused by: org.apache.ratis.thirdparty.io.grpc.StatusRuntimeException: UNAVAILABLE: io exception
	at org.apache.ratis.thirdparty.io.grpc.stub.ClientCalls.toStatusRuntimeException(ClientCalls.java:233)
	at org.apache.ratis.thirdparty.io.grpc.stub.ClientCalls.getUnchecked(ClientCalls.java:214)
	at org.apache.ratis.thirdparty.io.grpc.stub.ClientCalls.blockingUnaryCall(ClientCalls.java:139)
	at org.apache.ratis.proto.grpc.RaftServerProtocolServiceGrpc$RaftServerProtocolServiceBlockingStub.requestVote(RaftServerProtocolServiceGrpc.java:265)
	at org.apache.ratis.grpc.server.GrpcServerProtocolClient.requestVote(GrpcServerProtocolClient.java:99)
	at org.apache.ratis.grpc.server.GrpcService.requestVote(GrpcService.java:204)
	at org.apache.ratis.server.impl.LeaderElection.lambda$submitRequests$1(LeaderElection.java:234)
	at java.util.concurrent.FutureTask.run(FutureTask.java:266)
	at java.util.concurrent.Executors$RunnableAdapter.call(Executors.java:511)
	at java.util.concurrent.FutureTask.run(FutureTask.java:266)
	at java.util.concurrent.ThreadPoolExecutor.runWorker(ThreadPoolExecutor.java:1149)
	at java.util.concurrent.ThreadPoolExecutor$Worker.run(ThreadPoolExecutor.java:624)
	... 1 more
Caused by: org.apache.ratis.thirdparty.io.netty.channel.AbstractChannel$AnnotatedConnectException: Connection refused: /192.168.157.213:36639
	at sun.nio.ch.SocketChannelImpl.checkConnect(Native Method)
	at sun.nio.ch.SocketChannelImpl.finishConnect(SocketChannelImpl.java:717)
	at org.apache.ratis.thirdparty.io.netty.channel.socket.nio.NioSocketChannel.doFinishConnect(NioSocketChannel.java:327)
	at org.apache.ratis.thirdparty.io.netty.channel.nio.AbstractNioChannel$AbstractNioUnsafe.finishConnect(AbstractNioChannel.java:340)
	at org.apache.ratis.thirdparty.io.netty.channel.nio.NioEventLoop.processSelectedKey(NioEventLoop.java:632)
	at org.apache.ratis.thirdparty.io.netty.channel.nio.NioEventLoop.processSelectedKeysOptimized(NioEventLoop.java:579)
	at org.apache.ratis.thirdparty.io.netty.channel.nio.NioEventLoop.processSelectedKeys(NioEventLoop.java:496)
	at org.apache.ratis.thirdparty.io.netty.channel.nio.NioEventLoop.run(NioEventLoop.java:458)
	at org.apache.ratis.thirdparty.io.netty.util.concurrent.SingleThreadEventExecutor$5.run(SingleThreadEventExecutor.java:897)
	at org.apache.ratis.thirdparty.io.netty.util.concurrent.FastThreadLocalRunnable.run(FastThreadLocalRunnable.java:30)
	... 1 more
Caused by: java.net.ConnectException: Connection refused
	... 11 more
2019-10-19 01:05:01,130 [a1c78c0e-869c-4f76-b4ce-2034448e0b80@group-D48B69A44692-LeaderElection381] INFO  impl.RaftServerImpl (RaftServerImpl.java:setRole(184)) - a1c78c0e-869c-4f76-b4ce-2034448e0b80@group-D48B69A44692: changes role from CANDIDATE to FOLLOWER at term 273 for DISCOVERED_A_NEW_TERM
2019-10-19 01:05:01,130 [a1c78c0e-869c-4f76-b4ce-2034448e0b80@group-D48B69A44692-LeaderElection381] INFO  impl.RoleInfo (RoleInfo.java:shutdownLeaderElection(134)) - a1c78c0e-869c-4f76-b4ce-2034448e0b80: shutdown LeaderElection
2019-10-19 01:05:01,130 [a1c78c0e-869c-4f76-b4ce-2034448e0b80@group-D48B69A44692-LeaderElection381] INFO  impl.RoleInfo (RoleInfo.java:updateAndGet(143)) - a1c78c0e-869c-4f76-b4ce-2034448e0b80: start FollowerState
2019-10-19 01:05:01,201 [Thread-2854] INFO  impl.FollowerState (FollowerState.java:run(108)) - a1c78c0e-869c-4f76-b4ce-2034448e0b80@group-D48B69A44692-FollowerState: change to CANDIDATE, lastRpcTime:70ms, electionTimeout:70ms
2019-10-19 01:05:01,201 [Thread-2854] INFO  impl.RoleInfo (RoleInfo.java:shutdownFollowerState(121)) - a1c78c0e-869c-4f76-b4ce-2034448e0b80: shutdown FollowerState
2019-10-19 01:05:01,201 [Thread-2854] INFO  impl.RaftServerImpl (RaftServerImpl.java:setRole(184)) - a1c78c0e-869c-4f76-b4ce-2034448e0b80@group-D48B69A44692: changes role from  FOLLOWER to CANDIDATE at term 273 for changeToCandidate
2019-10-19 01:05:01,201 [Thread-2854] INFO  impl.RoleInfo (RoleInfo.java:updateAndGet(143)) - a1c78c0e-869c-4f76-b4ce-2034448e0b80: start LeaderElection
2019-10-19 01:05:01,209 [a1c78c0e-869c-4f76-b4ce-2034448e0b80@group-D48B69A44692-LeaderElection382] INFO  impl.LeaderElection (LeaderElection.java:askForVotes(178)) - a1c78c0e-869c-4f76-b4ce-2034448e0b80@group-D48B69A44692-LeaderElection382: begin an election at term 274 for -1: [51276c3c-a3b8-4274-b089-592ff4589f41:192.168.157.213:36639, 64c90977-e867-487c-b50d-c226f2d34a76:192.168.157.213:37433, a1c78c0e-869c-4f76-b4ce-2034448e0b80:192.168.157.213:33501], old=null
2019-10-19 01:05:01,210 [a1c78c0e-869c-4f76-b4ce-2034448e0b80@group-D48B69A44692-LeaderElection382] INFO  impl.LeaderElection (LogUtils.java:infoOrTrace(149)) - a1c78c0e-869c-4f76-b4ce-2034448e0b80@group-D48B69A44692-LeaderElection382 got exception when requesting votes: {}
java.util.concurrent.ExecutionException: org.apache.ratis.thirdparty.io.grpc.StatusRuntimeException: UNAVAILABLE: io exception
	at java.util.concurrent.FutureTask.report(FutureTask.java:122)
	at java.util.concurrent.FutureTask.get(FutureTask.java:192)
	at org.apache.ratis.server.impl.LeaderElection.waitForResults(LeaderElection.java:259)
	at org.apache.ratis.server.impl.LeaderElection.askForVotes(LeaderElection.java:197)
	at org.apache.ratis.server.impl.LeaderElection.run(LeaderElection.java:133)
	at java.lang.Thread.run(Thread.java:748)
Caused by: org.apache.ratis.thirdparty.io.grpc.StatusRuntimeException: UNAVAILABLE: io exception
	at org.apache.ratis.thirdparty.io.grpc.stub.ClientCalls.toStatusRuntimeException(ClientCalls.java:233)
	at org.apache.ratis.thirdparty.io.grpc.stub.ClientCalls.getUnchecked(ClientCalls.java:214)
	at org.apache.ratis.thirdparty.io.grpc.stub.ClientCalls.blockingUnaryCall(ClientCalls.java:139)
	at org.apache.ratis.proto.grpc.RaftServerProtocolServiceGrpc$RaftServerProtocolServiceBlockingStub.requestVote(RaftServerProtocolServiceGrpc.java:265)
	at org.apache.ratis.grpc.server.GrpcServerProtocolClient.requestVote(GrpcServerProtocolClient.java:99)
	at org.apache.ratis.grpc.server.GrpcService.requestVote(GrpcService.java:204)
	at org.apache.ratis.server.impl.LeaderElection.lambda$submitRequests$1(LeaderElection.java:234)
	at java.util.concurrent.FutureTask.run(FutureTask.java:266)
	at java.util.concurrent.Executors$RunnableAdapter.call(Executors.java:511)
	at java.util.concurrent.FutureTask.run(FutureTask.java:266)
	at java.util.concurrent.ThreadPoolExecutor.runWorker(ThreadPoolExecutor.java:1149)
	at java.util.concurrent.ThreadPoolExecutor$Worker.run(ThreadPoolExecutor.java:624)
	... 1 more
Caused by: org.apache.ratis.thirdparty.io.netty.channel.AbstractChannel$AnnotatedConnectException: Connection refused: /192.168.157.213:37433
	at sun.nio.ch.SocketChannelImpl.checkConnect(Native Method)
	at sun.nio.ch.SocketChannelImpl.finishConnect(SocketChannelImpl.java:717)
	at org.apache.ratis.thirdparty.io.netty.channel.socket.nio.NioSocketChannel.doFinishConnect(NioSocketChannel.java:327)
	at org.apache.ratis.thirdparty.io.netty.channel.nio.AbstractNioChannel$AbstractNioUnsafe.finishConnect(AbstractNioChannel.java:340)
	at org.apache.ratis.thirdparty.io.netty.channel.nio.NioEventLoop.processSelectedKey(NioEventLoop.java:632)
	at org.apache.ratis.thirdparty.io.netty.channel.nio.NioEventLoop.processSelectedKeysOptimized(NioEventLoop.java:579)
	at org.apache.ratis.thirdparty.io.netty.channel.nio.NioEventLoop.processSelectedKeys(NioEventLoop.java:496)
	at org.apache.ratis.thirdparty.io.netty.channel.nio.NioEventLoop.run(NioEventLoop.java:458)
	at org.apache.ratis.thirdparty.io.netty.util.concurrent.SingleThreadEventExecutor$5.run(SingleThreadEventExecutor.java:897)
	at org.apache.ratis.thirdparty.io.netty.util.concurrent.FastThreadLocalRunnable.run(FastThreadLocalRunnable.java:30)
	... 1 more
Caused by: java.net.ConnectException: Connection refused
	... 11 more
2019-10-19 01:05:01,210 [a1c78c0e-869c-4f76-b4ce-2034448e0b80@group-D48B69A44692-LeaderElection382] INFO  impl.LeaderElection (LogUtils.java:infoOrTrace(149)) - a1c78c0e-869c-4f76-b4ce-2034448e0b80@group-D48B69A44692-LeaderElection382 got exception when requesting votes: {}
java.util.concurrent.ExecutionException: org.apache.ratis.thirdparty.io.grpc.StatusRuntimeException: UNAVAILABLE: io exception
	at java.util.concurrent.FutureTask.report(FutureTask.java:122)
	at java.util.concurrent.FutureTask.get(FutureTask.java:192)
	at org.apache.ratis.server.impl.LeaderElection.waitForResults(LeaderElection.java:259)
	at org.apache.ratis.server.impl.LeaderElection.askForVotes(LeaderElection.java:197)
	at org.apache.ratis.server.impl.LeaderElection.run(LeaderElection.java:133)
	at java.lang.Thread.run(Thread.java:748)
Caused by: org.apache.ratis.thirdparty.io.grpc.StatusRuntimeException: UNAVAILABLE: io exception
	at org.apache.ratis.thirdparty.io.grpc.stub.ClientCalls.toStatusRuntimeException(ClientCalls.java:233)
	at org.apache.ratis.thirdparty.io.grpc.stub.ClientCalls.getUnchecked(ClientCalls.java:214)
	at org.apache.ratis.thirdparty.io.grpc.stub.ClientCalls.blockingUnaryCall(ClientCalls.java:139)
	at org.apache.ratis.proto.grpc.RaftServerProtocolServiceGrpc$RaftServerProtocolServiceBlockingStub.requestVote(RaftServerProtocolServiceGrpc.java:265)
	at org.apache.ratis.grpc.server.GrpcServerProtocolClient.requestVote(GrpcServerProtocolClient.java:99)
	at org.apache.ratis.grpc.server.GrpcService.requestVote(GrpcService.java:204)
	at org.apache.ratis.server.impl.LeaderElection.lambda$submitRequests$1(LeaderElection.java:234)
	at java.util.concurrent.FutureTask.run(FutureTask.java:266)
	at java.util.concurrent.Executors$RunnableAdapter.call(Executors.java:511)
	at java.util.concurrent.FutureTask.run(FutureTask.java:266)
	at java.util.concurrent.ThreadPoolExecutor.runWorker(ThreadPoolExecutor.java:1149)
	at java.util.concurrent.ThreadPoolExecutor$Worker.run(ThreadPoolExecutor.java:624)
	... 1 more
Caused by: org.apache.ratis.thirdparty.io.netty.channel.AbstractChannel$AnnotatedConnectException: Connection refused: /192.168.157.213:36639
	at sun.nio.ch.SocketChannelImpl.checkConnect(Native Method)
	at sun.nio.ch.SocketChannelImpl.finishConnect(SocketChannelImpl.java:717)
	at org.apache.ratis.thirdparty.io.netty.channel.socket.nio.NioSocketChannel.doFinishConnect(NioSocketChannel.java:327)
	at org.apache.ratis.thirdparty.io.netty.channel.nio.AbstractNioChannel$AbstractNioUnsafe.finishConnect(AbstractNioChannel.java:340)
	at org.apache.ratis.thirdparty.io.netty.channel.nio.NioEventLoop.processSelectedKey(NioEventLoop.java:632)
	at org.apache.ratis.thirdparty.io.netty.channel.nio.NioEventLoop.processSelectedKeysOptimized(NioEventLoop.java:579)
	at org.apache.ratis.thirdparty.io.netty.channel.nio.NioEventLoop.processSelectedKeys(NioEventLoop.java:496)
	at org.apache.ratis.thirdparty.io.netty.channel.nio.NioEventLoop.run(NioEventLoop.java:458)
	at org.apache.ratis.thirdparty.io.netty.util.concurrent.SingleThreadEventExecutor$5.run(SingleThreadEventExecutor.java:897)
	at org.apache.ratis.thirdparty.io.netty.util.concurrent.FastThreadLocalRunnable.run(FastThreadLocalRunnable.java:30)
	... 1 more
Caused by: java.net.ConnectException: Connection refused
	... 11 more
2019-10-19 01:05:01,211 [a1c78c0e-869c-4f76-b4ce-2034448e0b80@group-D48B69A44692-LeaderElection382] INFO  impl.LeaderElection (LeaderElection.java:logAndReturn(56)) - a1c78c0e-869c-4f76-b4ce-2034448e0b80@group-D48B69A44692-LeaderElection382: Election REJECTED; received 0 response(s) [] and 2 exception(s); a1c78c0e-869c-4f76-b4ce-2034448e0b80@group-D48B69A44692:t274, leader=null, voted=a1c78c0e-869c-4f76-b4ce-2034448e0b80, raftlog=a1c78c0e-869c-4f76-b4ce-2034448e0b80@group-D48B69A44692-SegmentedRaftLog:OPENED:c-1,f-1,i0, conf=-1: [51276c3c-a3b8-4274-b089-592ff4589f41:192.168.157.213:36639, 64c90977-e867-487c-b50d-c226f2d34a76:192.168.157.213:37433, a1c78c0e-869c-4f76-b4ce-2034448e0b80:192.168.157.213:33501], old=null
2019-10-19 01:05:01,211 [a1c78c0e-869c-4f76-b4ce-2034448e0b80@group-D48B69A44692-LeaderElection382] INFO  impl.LeaderElection (LogUtils.java:infoOrTrace(149)) -   Exception 0: {}
java.util.concurrent.ExecutionException: org.apache.ratis.thirdparty.io.grpc.StatusRuntimeException: UNAVAILABLE: io exception
	at java.util.concurrent.FutureTask.report(FutureTask.java:122)
	at java.util.concurrent.FutureTask.get(FutureTask.java:192)
	at org.apache.ratis.server.impl.LeaderElection.waitForResults(LeaderElection.java:259)
	at org.apache.ratis.server.impl.LeaderElection.askForVotes(LeaderElection.java:197)
	at org.apache.ratis.server.impl.LeaderElection.run(LeaderElection.java:133)
	at java.lang.Thread.run(Thread.java:748)
Caused by: org.apache.ratis.thirdparty.io.grpc.StatusRuntimeException: UNAVAILABLE: io exception
	at org.apache.ratis.thirdparty.io.grpc.stub.ClientCalls.toStatusRuntimeException(ClientCalls.java:233)
	at org.apache.ratis.thirdparty.io.grpc.stub.ClientCalls.getUnchecked(ClientCalls.java:214)
	at org.apache.ratis.thirdparty.io.grpc.stub.ClientCalls.blockingUnaryCall(ClientCalls.java:139)
	at org.apache.ratis.proto.grpc.RaftServerProtocolServiceGrpc$RaftServerProtocolServiceBlockingStub.requestVote(RaftServerProtocolServiceGrpc.java:265)
	at org.apache.ratis.grpc.server.GrpcServerProtocolClient.requestVote(GrpcServerProtocolClient.java:99)
	at org.apache.ratis.grpc.server.GrpcService.requestVote(GrpcService.java:204)
	at org.apache.ratis.server.impl.LeaderElection.lambda$submitRequests$1(LeaderElection.java:234)
	at java.util.concurrent.FutureTask.run(FutureTask.java:266)
	at java.util.concurrent.Executors$RunnableAdapter.call(Executors.java:511)
	at java.util.concurrent.FutureTask.run(FutureTask.java:266)
	at java.util.concurrent.ThreadPoolExecutor.runWorker(ThreadPoolExecutor.java:1149)
	at java.util.concurrent.ThreadPoolExecutor$Worker.run(ThreadPoolExecutor.java:624)
	... 1 more
Caused by: org.apache.ratis.thirdparty.io.netty.channel.AbstractChannel$AnnotatedConnectException: Connection refused: /192.168.157.213:37433
	at sun.nio.ch.SocketChannelImpl.checkConnect(Native Method)
	at sun.nio.ch.SocketChannelImpl.finishConnect(SocketChannelImpl.java:717)
	at org.apache.ratis.thirdparty.io.netty.channel.socket.nio.NioSocketChannel.doFinishConnect(NioSocketChannel.java:327)
	at org.apache.ratis.thirdparty.io.netty.channel.nio.AbstractNioChannel$AbstractNioUnsafe.finishConnect(AbstractNioChannel.java:340)
	at org.apache.ratis.thirdparty.io.netty.channel.nio.NioEventLoop.processSelectedKey(NioEventLoop.java:632)
	at org.apache.ratis.thirdparty.io.netty.channel.nio.NioEventLoop.processSelectedKeysOptimized(NioEventLoop.java:579)
	at org.apache.ratis.thirdparty.io.netty.channel.nio.NioEventLoop.processSelectedKeys(NioEventLoop.java:496)
	at org.apache.ratis.thirdparty.io.netty.channel.nio.NioEventLoop.run(NioEventLoop.java:458)
	at org.apache.ratis.thirdparty.io.netty.util.concurrent.SingleThreadEventExecutor$5.run(SingleThreadEventExecutor.java:897)
	at org.apache.ratis.thirdparty.io.netty.util.concurrent.FastThreadLocalRunnable.run(FastThreadLocalRunnable.java:30)
	... 1 more
Caused by: java.net.ConnectException: Connection refused
	... 11 more
2019-10-19 01:05:01,211 [a1c78c0e-869c-4f76-b4ce-2034448e0b80@group-D48B69A44692-LeaderElection382] INFO  impl.LeaderElection (LogUtils.java:infoOrTrace(149)) -   Exception 1: {}
java.util.concurrent.ExecutionException: org.apache.ratis.thirdparty.io.grpc.StatusRuntimeException: UNAVAILABLE: io exception
	at java.util.concurrent.FutureTask.report(FutureTask.java:122)
	at java.util.concurrent.FutureTask.get(FutureTask.java:192)
	at org.apache.ratis.server.impl.LeaderElection.waitForResults(LeaderElection.java:259)
	at org.apache.ratis.server.impl.LeaderElection.askForVotes(LeaderElection.java:197)
	at org.apache.ratis.server.impl.LeaderElection.run(LeaderElection.java:133)
	at java.lang.Thread.run(Thread.java:748)
Caused by: org.apache.ratis.thirdparty.io.grpc.StatusRuntimeException: UNAVAILABLE: io exception
	at org.apache.ratis.thirdparty.io.grpc.stub.ClientCalls.toStatusRuntimeException(ClientCalls.java:233)
	at org.apache.ratis.thirdparty.io.grpc.stub.ClientCalls.getUnchecked(ClientCalls.java:214)
	at org.apache.ratis.thirdparty.io.grpc.stub.ClientCalls.blockingUnaryCall(ClientCalls.java:139)
	at org.apache.ratis.proto.grpc.RaftServerProtocolServiceGrpc$RaftServerProtocolServiceBlockingStub.requestVote(RaftServerProtocolServiceGrpc.java:265)
	at org.apache.ratis.grpc.server.GrpcServerProtocolClient.requestVote(GrpcServerProtocolClient.java:99)
	at org.apache.ratis.grpc.server.GrpcService.requestVote(GrpcService.java:204)
	at org.apache.ratis.server.impl.LeaderElection.lambda$submitRequests$1(LeaderElection.java:234)
	at java.util.concurrent.FutureTask.run(FutureTask.java:266)
	at java.util.concurrent.Executors$RunnableAdapter.call(Executors.java:511)
	at java.util.concurrent.FutureTask.run(FutureTask.java:266)
	at java.util.concurrent.ThreadPoolExecutor.runWorker(ThreadPoolExecutor.java:1149)
	at java.util.concurrent.ThreadPoolExecutor$Worker.run(ThreadPoolExecutor.java:624)
	... 1 more
Caused by: org.apache.ratis.thirdparty.io.netty.channel.AbstractChannel$AnnotatedConnectException: Connection refused: /192.168.157.213:36639
	at sun.nio.ch.SocketChannelImpl.checkConnect(Native Method)
	at sun.nio.ch.SocketChannelImpl.finishConnect(SocketChannelImpl.java:717)
	at org.apache.ratis.thirdparty.io.netty.channel.socket.nio.NioSocketChannel.doFinishConnect(NioSocketChannel.java:327)
	at org.apache.ratis.thirdparty.io.netty.channel.nio.AbstractNioChannel$AbstractNioUnsafe.finishConnect(AbstractNioChannel.java:340)
	at org.apache.ratis.thirdparty.io.netty.channel.nio.NioEventLoop.processSelectedKey(NioEventLoop.java:632)
	at org.apache.ratis.thirdparty.io.netty.channel.nio.NioEventLoop.processSelectedKeysOptimized(NioEventLoop.java:579)
	at org.apache.ratis.thirdparty.io.netty.channel.nio.NioEventLoop.processSelectedKeys(NioEventLoop.java:496)
	at org.apache.ratis.thirdparty.io.netty.channel.nio.NioEventLoop.run(NioEventLoop.java:458)
	at org.apache.ratis.thirdparty.io.netty.util.concurrent.SingleThreadEventExecutor$5.run(SingleThreadEventExecutor.java:897)
	at org.apache.ratis.thirdparty.io.netty.util.concurrent.FastThreadLocalRunnable.run(FastThreadLocalRunnable.java:30)
	... 1 more
Caused by: java.net.ConnectException: Connection refused
	... 11 more
2019-10-19 01:05:01,212 [a1c78c0e-869c-4f76-b4ce-2034448e0b80@group-D48B69A44692-LeaderElection382] INFO  impl.RaftServerImpl (RaftServerImpl.java:setRole(184)) - a1c78c0e-869c-4f76-b4ce-2034448e0b80@group-D48B69A44692: changes role from CANDIDATE to FOLLOWER at term 274 for DISCOVERED_A_NEW_TERM
2019-10-19 01:05:01,212 [a1c78c0e-869c-4f76-b4ce-2034448e0b80@group-D48B69A44692-LeaderElection382] INFO  impl.RoleInfo (RoleInfo.java:shutdownLeaderElection(134)) - a1c78c0e-869c-4f76-b4ce-2034448e0b80: shutdown LeaderElection
2019-10-19 01:05:01,212 [a1c78c0e-869c-4f76-b4ce-2034448e0b80@group-D48B69A44692-LeaderElection382] INFO  impl.RoleInfo (RoleInfo.java:updateAndGet(143)) - a1c78c0e-869c-4f76-b4ce-2034448e0b80: start FollowerState
2019-10-19 01:05:01,250 [Thread-2858] INFO  impl.FollowerState (FollowerState.java:run(108)) - a1c78c0e-869c-4f76-b4ce-2034448e0b80@group-D48B69A44692-FollowerState: change to CANDIDATE, lastRpcTime:38ms, electionTimeout:38ms
2019-10-19 01:05:01,251 [Thread-2858] INFO  impl.RoleInfo (RoleInfo.java:shutdownFollowerState(121)) - a1c78c0e-869c-4f76-b4ce-2034448e0b80: shutdown FollowerState
2019-10-19 01:05:01,251 [Thread-2858] INFO  impl.RaftServerImpl (RaftServerImpl.java:setRole(184)) - a1c78c0e-869c-4f76-b4ce-2034448e0b80@group-D48B69A44692: changes role from  FOLLOWER to CANDIDATE at term 274 for changeToCandidate
2019-10-19 01:05:01,251 [Thread-2858] INFO  impl.RoleInfo (RoleInfo.java:updateAndGet(143)) - a1c78c0e-869c-4f76-b4ce-2034448e0b80: start LeaderElection
2019-10-19 01:05:01,264 [a1c78c0e-869c-4f76-b4ce-2034448e0b80@group-D48B69A44692-LeaderElection383] INFO  impl.LeaderElection (LeaderElection.java:askForVotes(178)) - a1c78c0e-869c-4f76-b4ce-2034448e0b80@group-D48B69A44692-LeaderElection383: begin an election at term 275 for -1: [51276c3c-a3b8-4274-b089-592ff4589f41:192.168.157.213:36639, 64c90977-e867-487c-b50d-c226f2d34a76:192.168.157.213:37433, a1c78c0e-869c-4f76-b4ce-2034448e0b80:192.168.157.213:33501], old=null
2019-10-19 01:05:01,265 [a1c78c0e-869c-4f76-b4ce-2034448e0b80@group-D48B69A44692-LeaderElection383] INFO  impl.LeaderElection (LogUtils.java:infoOrTrace(149)) - a1c78c0e-869c-4f76-b4ce-2034448e0b80@group-D48B69A44692-LeaderElection383 got exception when requesting votes: {}
java.util.concurrent.ExecutionException: org.apache.ratis.thirdparty.io.grpc.StatusRuntimeException: UNAVAILABLE: io exception
	at java.util.concurrent.FutureTask.report(FutureTask.java:122)
	at java.util.concurrent.FutureTask.get(FutureTask.java:192)
	at org.apache.ratis.server.impl.LeaderElection.waitForResults(LeaderElection.java:259)
	at org.apache.ratis.server.impl.LeaderElection.askForVotes(LeaderElection.java:197)
	at org.apache.ratis.server.impl.LeaderElection.run(LeaderElection.java:133)
	at java.lang.Thread.run(Thread.java:748)
Caused by: org.apache.ratis.thirdparty.io.grpc.StatusRuntimeException: UNAVAILABLE: io exception
	at org.apache.ratis.thirdparty.io.grpc.stub.ClientCalls.toStatusRuntimeException(ClientCalls.java:233)
	at org.apache.ratis.thirdparty.io.grpc.stub.ClientCalls.getUnchecked(ClientCalls.java:214)
	at org.apache.ratis.thirdparty.io.grpc.stub.ClientCalls.blockingUnaryCall(ClientCalls.java:139)
	at org.apache.ratis.proto.grpc.RaftServerProtocolServiceGrpc$RaftServerProtocolServiceBlockingStub.requestVote(RaftServerProtocolServiceGrpc.java:265)
	at org.apache.ratis.grpc.server.GrpcServerProtocolClient.requestVote(GrpcServerProtocolClient.java:99)
	at org.apache.ratis.grpc.server.GrpcService.requestVote(GrpcService.java:204)
	at org.apache.ratis.server.impl.LeaderElection.lambda$submitRequests$1(LeaderElection.java:234)
	at java.util.concurrent.FutureTask.run(FutureTask.java:266)
	at java.util.concurrent.Executors$RunnableAdapter.call(Executors.java:511)
	at java.util.concurrent.FutureTask.run(FutureTask.java:266)
	at java.util.concurrent.ThreadPoolExecutor.runWorker(ThreadPoolExecutor.java:1149)
	at java.util.concurrent.ThreadPoolExecutor$Worker.run(ThreadPoolExecutor.java:624)
	... 1 more
Caused by: org.apache.ratis.thirdparty.io.netty.channel.AbstractChannel$AnnotatedConnectException: Connection refused: /192.168.157.213:36639
	at sun.nio.ch.SocketChannelImpl.checkConnect(Native Method)
	at sun.nio.ch.SocketChannelImpl.finishConnect(SocketChannelImpl.java:717)
	at org.apache.ratis.thirdparty.io.netty.channel.socket.nio.NioSocketChannel.doFinishConnect(NioSocketChannel.java:327)
	at org.apache.ratis.thirdparty.io.netty.channel.nio.AbstractNioChannel$AbstractNioUnsafe.finishConnect(AbstractNioChannel.java:340)
	at org.apache.ratis.thirdparty.io.netty.channel.nio.NioEventLoop.processSelectedKey(NioEventLoop.java:632)
	at org.apache.ratis.thirdparty.io.netty.channel.nio.NioEventLoop.processSelectedKeysOptimized(NioEventLoop.java:579)
	at org.apache.ratis.thirdparty.io.netty.channel.nio.NioEventLoop.processSelectedKeys(NioEventLoop.java:496)
	at org.apache.ratis.thirdparty.io.netty.channel.nio.NioEventLoop.run(NioEventLoop.java:458)
	at org.apache.ratis.thirdparty.io.netty.util.concurrent.SingleThreadEventExecutor$5.run(SingleThreadEventExecutor.java:897)
	at org.apache.ratis.thirdparty.io.netty.util.concurrent.FastThreadLocalRunnable.run(FastThreadLocalRunnable.java:30)
	... 1 more
Caused by: java.net.ConnectException: Connection refused
	... 11 more
2019-10-19 01:05:01,265 [a1c78c0e-869c-4f76-b4ce-2034448e0b80@group-D48B69A44692-LeaderElection383] INFO  impl.LeaderElection (LogUtils.java:infoOrTrace(149)) - a1c78c0e-869c-4f76-b4ce-2034448e0b80@group-D48B69A44692-LeaderElection383 got exception when requesting votes: {}
java.util.concurrent.ExecutionException: org.apache.ratis.thirdparty.io.grpc.StatusRuntimeException: UNAVAILABLE: io exception
	at java.util.concurrent.FutureTask.report(FutureTask.java:122)
	at java.util.concurrent.FutureTask.get(FutureTask.java:192)
	at org.apache.ratis.server.impl.LeaderElection.waitForResults(LeaderElection.java:259)
	at org.apache.ratis.server.impl.LeaderElection.askForVotes(LeaderElection.java:197)
	at org.apache.ratis.server.impl.LeaderElection.run(LeaderElection.java:133)
	at java.lang.Thread.run(Thread.java:748)
Caused by: org.apache.ratis.thirdparty.io.grpc.StatusRuntimeException: UNAVAILABLE: io exception
	at org.apache.ratis.thirdparty.io.grpc.stub.ClientCalls.toStatusRuntimeException(ClientCalls.java:233)
	at org.apache.ratis.thirdparty.io.grpc.stub.ClientCalls.getUnchecked(ClientCalls.java:214)
	at org.apache.ratis.thirdparty.io.grpc.stub.ClientCalls.blockingUnaryCall(ClientCalls.java:139)
	at org.apache.ratis.proto.grpc.RaftServerProtocolServiceGrpc$RaftServerProtocolServiceBlockingStub.requestVote(RaftServerProtocolServiceGrpc.java:265)
	at org.apache.ratis.grpc.server.GrpcServerProtocolClient.requestVote(GrpcServerProtocolClient.java:99)
	at org.apache.ratis.grpc.server.GrpcService.requestVote(GrpcService.java:204)
	at org.apache.ratis.server.impl.LeaderElection.lambda$submitRequests$1(LeaderElection.java:234)
	at java.util.concurrent.FutureTask.run(FutureTask.java:266)
	at java.util.concurrent.Executors$RunnableAdapter.call(Executors.java:511)
	at java.util.concurrent.FutureTask.run(FutureTask.java:266)
	at java.util.concurrent.ThreadPoolExecutor.runWorker(ThreadPoolExecutor.java:1149)
	at java.util.concurrent.ThreadPoolExecutor$Worker.run(ThreadPoolExecutor.java:624)
	... 1 more
Caused by: org.apache.ratis.thirdparty.io.netty.channel.AbstractChannel$AnnotatedConnectException: Connection refused: /192.168.157.213:37433
	at sun.nio.ch.SocketChannelImpl.checkConnect(Native Method)
	at sun.nio.ch.SocketChannelImpl.finishConnect(SocketChannelImpl.java:717)
	at org.apache.ratis.thirdparty.io.netty.channel.socket.nio.NioSocketChannel.doFinishConnect(NioSocketChannel.java:327)
	at org.apache.ratis.thirdparty.io.netty.channel.nio.AbstractNioChannel$AbstractNioUnsafe.finishConnect(AbstractNioChannel.java:340)
	at org.apache.ratis.thirdparty.io.netty.channel.nio.NioEventLoop.processSelectedKey(NioEventLoop.java:632)
	at org.apache.ratis.thirdparty.io.netty.channel.nio.NioEventLoop.processSelectedKeysOptimized(NioEventLoop.java:579)
	at org.apache.ratis.thirdparty.io.netty.channel.nio.NioEventLoop.processSelectedKeys(NioEventLoop.java:496)
	at org.apache.ratis.thirdparty.io.netty.channel.nio.NioEventLoop.run(NioEventLoop.java:458)
	at org.apache.ratis.thirdparty.io.netty.util.concurrent.SingleThreadEventExecutor$5.run(SingleThreadEventExecutor.java:897)
	at org.apache.ratis.thirdparty.io.netty.util.concurrent.FastThreadLocalRunnable.run(FastThreadLocalRunnable.java:30)
	... 1 more
Caused by: java.net.ConnectException: Connection refused
	... 11 more
2019-10-19 01:05:01,266 [a1c78c0e-869c-4f76-b4ce-2034448e0b80@group-D48B69A44692-LeaderElection383] INFO  impl.LeaderElection (LeaderElection.java:logAndReturn(56)) - a1c78c0e-869c-4f76-b4ce-2034448e0b80@group-D48B69A44692-LeaderElection383: Election REJECTED; received 0 response(s) [] and 2 exception(s); a1c78c0e-869c-4f76-b4ce-2034448e0b80@group-D48B69A44692:t275, leader=null, voted=a1c78c0e-869c-4f76-b4ce-2034448e0b80, raftlog=a1c78c0e-869c-4f76-b4ce-2034448e0b80@group-D48B69A44692-SegmentedRaftLog:OPENED:c-1,f-1,i0, conf=-1: [51276c3c-a3b8-4274-b089-592ff4589f41:192.168.157.213:36639, 64c90977-e867-487c-b50d-c226f2d34a76:192.168.157.213:37433, a1c78c0e-869c-4f76-b4ce-2034448e0b80:192.168.157.213:33501], old=null
2019-10-19 01:05:01,266 [a1c78c0e-869c-4f76-b4ce-2034448e0b80@group-D48B69A44692-LeaderElection383] INFO  impl.LeaderElection (LogUtils.java:infoOrTrace(149)) -   Exception 0: {}
java.util.concurrent.ExecutionException: org.apache.ratis.thirdparty.io.grpc.StatusRuntimeException: UNAVAILABLE: io exception
	at java.util.concurrent.FutureTask.report(FutureTask.java:122)
	at java.util.concurrent.FutureTask.get(FutureTask.java:192)
	at org.apache.ratis.server.impl.LeaderElection.waitForResults(LeaderElection.java:259)
	at org.apache.ratis.server.impl.LeaderElection.askForVotes(LeaderElection.java:197)
	at org.apache.ratis.server.impl.LeaderElection.run(LeaderElection.java:133)
	at java.lang.Thread.run(Thread.java:748)
Caused by: org.apache.ratis.thirdparty.io.grpc.StatusRuntimeException: UNAVAILABLE: io exception
	at org.apache.ratis.thirdparty.io.grpc.stub.ClientCalls.toStatusRuntimeException(ClientCalls.java:233)
	at org.apache.ratis.thirdparty.io.grpc.stub.ClientCalls.getUnchecked(ClientCalls.java:214)
	at org.apache.ratis.thirdparty.io.grpc.stub.ClientCalls.blockingUnaryCall(ClientCalls.java:139)
	at org.apache.ratis.proto.grpc.RaftServerProtocolServiceGrpc$RaftServerProtocolServiceBlockingStub.requestVote(RaftServerProtocolServiceGrpc.java:265)
	at org.apache.ratis.grpc.server.GrpcServerProtocolClient.requestVote(GrpcServerProtocolClient.java:99)
	at org.apache.ratis.grpc.server.GrpcService.requestVote(GrpcService.java:204)
	at org.apache.ratis.server.impl.LeaderElection.lambda$submitRequests$1(LeaderElection.java:234)
	at java.util.concurrent.FutureTask.run(FutureTask.java:266)
	at java.util.concurrent.Executors$RunnableAdapter.call(Executors.java:511)
	at java.util.concurrent.FutureTask.run(FutureTask.java:266)
	at java.util.concurrent.ThreadPoolExecutor.runWorker(ThreadPoolExecutor.java:1149)
	at java.util.concurrent.ThreadPoolExecutor$Worker.run(ThreadPoolExecutor.java:624)
	... 1 more
Caused by: org.apache.ratis.thirdparty.io.netty.channel.AbstractChannel$AnnotatedConnectException: Connection refused: /192.168.157.213:36639
	at sun.nio.ch.SocketChannelImpl.checkConnect(Native Method)
	at sun.nio.ch.SocketChannelImpl.finishConnect(SocketChannelImpl.java:717)
	at org.apache.ratis.thirdparty.io.netty.channel.socket.nio.NioSocketChannel.doFinishConnect(NioSocketChannel.java:327)
	at org.apache.ratis.thirdparty.io.netty.channel.nio.AbstractNioChannel$AbstractNioUnsafe.finishConnect(AbstractNioChannel.java:340)
	at org.apache.ratis.thirdparty.io.netty.channel.nio.NioEventLoop.processSelectedKey(NioEventLoop.java:632)
	at org.apache.ratis.thirdparty.io.netty.channel.nio.NioEventLoop.processSelectedKeysOptimized(NioEventLoop.java:579)
	at org.apache.ratis.thirdparty.io.netty.channel.nio.NioEventLoop.processSelectedKeys(NioEventLoop.java:496)
	at org.apache.ratis.thirdparty.io.netty.channel.nio.NioEventLoop.run(NioEventLoop.java:458)
	at org.apache.ratis.thirdparty.io.netty.util.concurrent.SingleThreadEventExecutor$5.run(SingleThreadEventExecutor.java:897)
	at org.apache.ratis.thirdparty.io.netty.util.concurrent.FastThreadLocalRunnable.run(FastThreadLocalRunnable.java:30)
	... 1 more
Caused by: java.net.ConnectException: Connection refused
	... 11 more
2019-10-19 01:05:01,266 [a1c78c0e-869c-4f76-b4ce-2034448e0b80@group-D48B69A44692-LeaderElection383] INFO  impl.LeaderElection (LogUtils.java:infoOrTrace(149)) -   Exception 1: {}
java.util.concurrent.ExecutionException: org.apache.ratis.thirdparty.io.grpc.StatusRuntimeException: UNAVAILABLE: io exception
	at java.util.concurrent.FutureTask.report(FutureTask.java:122)
	at java.util.concurrent.FutureTask.get(FutureTask.java:192)
	at org.apache.ratis.server.impl.LeaderElection.waitForResults(LeaderElection.java:259)
	at org.apache.ratis.server.impl.LeaderElection.askForVotes(LeaderElection.java:197)
	at org.apache.ratis.server.impl.LeaderElection.run(LeaderElection.java:133)
	at java.lang.Thread.run(Thread.java:748)
Caused by: org.apache.ratis.thirdparty.io.grpc.StatusRuntimeException: UNAVAILABLE: io exception
	at org.apache.ratis.thirdparty.io.grpc.stub.ClientCalls.toStatusRuntimeException(ClientCalls.java:233)
	at org.apache.ratis.thirdparty.io.grpc.stub.ClientCalls.getUnchecked(ClientCalls.java:214)
	at org.apache.ratis.thirdparty.io.grpc.stub.ClientCalls.blockingUnaryCall(ClientCalls.java:139)
	at org.apache.ratis.proto.grpc.RaftServerProtocolServiceGrpc$RaftServerProtocolServiceBlockingStub.requestVote(RaftServerProtocolServiceGrpc.java:265)
	at org.apache.ratis.grpc.server.GrpcServerProtocolClient.requestVote(GrpcServerProtocolClient.java:99)
	at org.apache.ratis.grpc.server.GrpcService.requestVote(GrpcService.java:204)
	at org.apache.ratis.server.impl.LeaderElection.lambda$submitRequests$1(LeaderElection.java:234)
	at java.util.concurrent.FutureTask.run(FutureTask.java:266)
	at java.util.concurrent.Executors$RunnableAdapter.call(Executors.java:511)
	at java.util.concurrent.FutureTask.run(FutureTask.java:266)
	at java.util.concurrent.ThreadPoolExecutor.runWorker(ThreadPoolExecutor.java:1149)
	at java.util.concurrent.ThreadPoolExecutor$Worker.run(ThreadPoolExecutor.java:624)
	... 1 more
Caused by: org.apache.ratis.thirdparty.io.netty.channel.AbstractChannel$AnnotatedConnectException: Connection refused: /192.168.157.213:37433
	at sun.nio.ch.SocketChannelImpl.checkConnect(Native Method)
	at sun.nio.ch.SocketChannelImpl.finishConnect(SocketChannelImpl.java:717)
	at org.apache.ratis.thirdparty.io.netty.channel.socket.nio.NioSocketChannel.doFinishConnect(NioSocketChannel.java:327)
	at org.apache.ratis.thirdparty.io.netty.channel.nio.AbstractNioChannel$AbstractNioUnsafe.finishConnect(AbstractNioChannel.java:340)
	at org.apache.ratis.thirdparty.io.netty.channel.nio.NioEventLoop.processSelectedKey(NioEventLoop.java:632)
	at org.apache.ratis.thirdparty.io.netty.channel.nio.NioEventLoop.processSelectedKeysOptimized(NioEventLoop.java:579)
	at org.apache.ratis.thirdparty.io.netty.channel.nio.NioEventLoop.processSelectedKeys(NioEventLoop.java:496)
	at org.apache.ratis.thirdparty.io.netty.channel.nio.NioEventLoop.run(NioEventLoop.java:458)
	at org.apache.ratis.thirdparty.io.netty.util.concurrent.SingleThreadEventExecutor$5.run(SingleThreadEventExecutor.java:897)
	at org.apache.ratis.thirdparty.io.netty.util.concurrent.FastThreadLocalRunnable.run(FastThreadLocalRunnable.java:30)
	... 1 more
Caused by: java.net.ConnectException: Connection refused
	... 11 more
2019-10-19 01:05:01,267 [a1c78c0e-869c-4f76-b4ce-2034448e0b80@group-D48B69A44692-LeaderElection383] INFO  impl.RaftServerImpl (RaftServerImpl.java:setRole(184)) - a1c78c0e-869c-4f76-b4ce-2034448e0b80@group-D48B69A44692: changes role from CANDIDATE to FOLLOWER at term 275 for DISCOVERED_A_NEW_TERM
2019-10-19 01:05:01,267 [a1c78c0e-869c-4f76-b4ce-2034448e0b80@group-D48B69A44692-LeaderElection383] INFO  impl.RoleInfo (RoleInfo.java:shutdownLeaderElection(134)) - a1c78c0e-869c-4f76-b4ce-2034448e0b80: shutdown LeaderElection
2019-10-19 01:05:01,267 [a1c78c0e-869c-4f76-b4ce-2034448e0b80@group-D48B69A44692-LeaderElection383] INFO  impl.RoleInfo (RoleInfo.java:updateAndGet(143)) - a1c78c0e-869c-4f76-b4ce-2034448e0b80: start FollowerState
2019-10-19 01:05:01,358 [java.util.concurrent.ThreadPoolExecutor$Worker@3d9b74b8[State = -1, empty queue]] WARN  server.GrpcLogAppender (GrpcLogAppender.java:timeoutAppendRequest(209)) - b26a8d60-58dc-431d-8168-f89a9ab35f3a@group-FB3B7D7D89E3->16805c57-9f45-4377-8998-764a8f26e152-GrpcLogAppender: appendEntries Timeout, request=b26a8d60-58dc-431d-8168-f89a9ab35f3a->16805c57-9f45-4377-8998-764a8f26e152#29-t129, previous=(t:129, i:2), leaderCommit=2, initializing? false, entries: <empty>
2019-10-19 01:05:01,371 [Thread-2862] INFO  impl.FollowerState (FollowerState.java:run(108)) - a1c78c0e-869c-4f76-b4ce-2034448e0b80@group-D48B69A44692-FollowerState: change to CANDIDATE, lastRpcTime:104ms, electionTimeout:104ms
2019-10-19 01:05:01,371 [Thread-2862] INFO  impl.RoleInfo (RoleInfo.java:shutdownFollowerState(121)) - a1c78c0e-869c-4f76-b4ce-2034448e0b80: shutdown FollowerState
2019-10-19 01:05:01,371 [Thread-2862] INFO  impl.RaftServerImpl (RaftServerImpl.java:setRole(184)) - a1c78c0e-869c-4f76-b4ce-2034448e0b80@group-D48B69A44692: changes role from  FOLLOWER to CANDIDATE at term 275 for changeToCandidate
2019-10-19 01:05:01,372 [Thread-2862] INFO  impl.RoleInfo (RoleInfo.java:updateAndGet(143)) - a1c78c0e-869c-4f76-b4ce-2034448e0b80: start LeaderElection
2019-10-19 01:05:01,386 [a1c78c0e-869c-4f76-b4ce-2034448e0b80@group-D48B69A44692-LeaderElection384] INFO  impl.LeaderElection (LeaderElection.java:askForVotes(178)) - a1c78c0e-869c-4f76-b4ce-2034448e0b80@group-D48B69A44692-LeaderElection384: begin an election at term 276 for -1: [51276c3c-a3b8-4274-b089-592ff4589f41:192.168.157.213:36639, 64c90977-e867-487c-b50d-c226f2d34a76:192.168.157.213:37433, a1c78c0e-869c-4f76-b4ce-2034448e0b80:192.168.157.213:33501], old=null
2019-10-19 01:05:01,386 [a1c78c0e-869c-4f76-b4ce-2034448e0b80@group-D48B69A44692-LeaderElection384] INFO  impl.LeaderElection (LogUtils.java:infoOrTrace(149)) - a1c78c0e-869c-4f76-b4ce-2034448e0b80@group-D48B69A44692-LeaderElection384 got exception when requesting votes: {}
java.util.concurrent.ExecutionException: org.apache.ratis.thirdparty.io.grpc.StatusRuntimeException: UNAVAILABLE: io exception
	at java.util.concurrent.FutureTask.report(FutureTask.java:122)
	at java.util.concurrent.FutureTask.get(FutureTask.java:192)
	at org.apache.ratis.server.impl.LeaderElection.waitForResults(LeaderElection.java:259)
	at org.apache.ratis.server.impl.LeaderElection.askForVotes(LeaderElection.java:197)
	at org.apache.ratis.server.impl.LeaderElection.run(LeaderElection.java:133)
	at java.lang.Thread.run(Thread.java:748)
Caused by: org.apache.ratis.thirdparty.io.grpc.StatusRuntimeException: UNAVAILABLE: io exception
	at org.apache.ratis.thirdparty.io.grpc.stub.ClientCalls.toStatusRuntimeException(ClientCalls.java:233)
	at org.apache.ratis.thirdparty.io.grpc.stub.ClientCalls.getUnchecked(ClientCalls.java:214)
	at org.apache.ratis.thirdparty.io.grpc.stub.ClientCalls.blockingUnaryCall(ClientCalls.java:139)
	at org.apache.ratis.proto.grpc.RaftServerProtocolServiceGrpc$RaftServerProtocolServiceBlockingStub.requestVote(RaftServerProtocolServiceGrpc.java:265)
	at org.apache.ratis.grpc.server.GrpcServerProtocolClient.requestVote(GrpcServerProtocolClient.java:99)
	at org.apache.ratis.grpc.server.GrpcService.requestVote(GrpcService.java:204)
	at org.apache.ratis.server.impl.LeaderElection.lambda$submitRequests$1(LeaderElection.java:234)
	at java.util.concurrent.FutureTask.run(FutureTask.java:266)
	at java.util.concurrent.Executors$RunnableAdapter.call(Executors.java:511)
	at java.util.concurrent.FutureTask.run(FutureTask.java:266)
	at java.util.concurrent.ThreadPoolExecutor.runWorker(ThreadPoolExecutor.java:1149)
	at java.util.concurrent.ThreadPoolExecutor$Worker.run(ThreadPoolExecutor.java:624)
	... 1 more
Caused by: org.apache.ratis.thirdparty.io.netty.channel.AbstractChannel$AnnotatedConnectException: Connection refused: /192.168.157.213:36639
	at sun.nio.ch.SocketChannelImpl.checkConnect(Native Method)
	at sun.nio.ch.SocketChannelImpl.finishConnect(SocketChannelImpl.java:717)
	at org.apache.ratis.thirdparty.io.netty.channel.socket.nio.NioSocketChannel.doFinishConnect(NioSocketChannel.java:327)
	at org.apache.ratis.thirdparty.io.netty.channel.nio.AbstractNioChannel$AbstractNioUnsafe.finishConnect(AbstractNioChannel.java:340)
	at org.apache.ratis.thirdparty.io.netty.channel.nio.NioEventLoop.processSelectedKey(NioEventLoop.java:632)
	at org.apache.ratis.thirdparty.io.netty.channel.nio.NioEventLoop.processSelectedKeysOptimized(NioEventLoop.java:579)
	at org.apache.ratis.thirdparty.io.netty.channel.nio.NioEventLoop.processSelectedKeys(NioEventLoop.java:496)
	at org.apache.ratis.thirdparty.io.netty.channel.nio.NioEventLoop.run(NioEventLoop.java:458)
	at org.apache.ratis.thirdparty.io.netty.util.concurrent.SingleThreadEventExecutor$5.run(SingleThreadEventExecutor.java:897)
	at org.apache.ratis.thirdparty.io.netty.util.concurrent.FastThreadLocalRunnable.run(FastThreadLocalRunnable.java:30)
	... 1 more
Caused by: java.net.ConnectException: Connection refused
	... 11 more
2019-10-19 01:05:01,387 [a1c78c0e-869c-4f76-b4ce-2034448e0b80@group-D48B69A44692-LeaderElection384] INFO  impl.LeaderElection (LogUtils.java:infoOrTrace(149)) - a1c78c0e-869c-4f76-b4ce-2034448e0b80@group-D48B69A44692-LeaderElection384 got exception when requesting votes: {}
java.util.concurrent.ExecutionException: org.apache.ratis.thirdparty.io.grpc.StatusRuntimeException: UNAVAILABLE: io exception
	at java.util.concurrent.FutureTask.report(FutureTask.java:122)
	at java.util.concurrent.FutureTask.get(FutureTask.java:192)
	at org.apache.ratis.server.impl.LeaderElection.waitForResults(LeaderElection.java:259)
	at org.apache.ratis.server.impl.LeaderElection.askForVotes(LeaderElection.java:197)
	at org.apache.ratis.server.impl.LeaderElection.run(LeaderElection.java:133)
	at java.lang.Thread.run(Thread.java:748)
Caused by: org.apache.ratis.thirdparty.io.grpc.StatusRuntimeException: UNAVAILABLE: io exception
	at org.apache.ratis.thirdparty.io.grpc.stub.ClientCalls.toStatusRuntimeException(ClientCalls.java:233)
	at org.apache.ratis.thirdparty.io.grpc.stub.ClientCalls.getUnchecked(ClientCalls.java:214)
	at org.apache.ratis.thirdparty.io.grpc.stub.ClientCalls.blockingUnaryCall(ClientCalls.java:139)
	at org.apache.ratis.proto.grpc.RaftServerProtocolServiceGrpc$RaftServerProtocolServiceBlockingStub.requestVote(RaftServerProtocolServiceGrpc.java:265)
	at org.apache.ratis.grpc.server.GrpcServerProtocolClient.requestVote(GrpcServerProtocolClient.java:99)
	at org.apache.ratis.grpc.server.GrpcService.requestVote(GrpcService.java:204)
	at org.apache.ratis.server.impl.LeaderElection.lambda$submitRequests$1(LeaderElection.java:234)
	at java.util.concurrent.FutureTask.run(FutureTask.java:266)
	at java.util.concurrent.Executors$RunnableAdapter.call(Executors.java:511)
	at java.util.concurrent.FutureTask.run(FutureTask.java:266)
	at java.util.concurrent.ThreadPoolExecutor.runWorker(ThreadPoolExecutor.java:1149)
	at java.util.concurrent.ThreadPoolExecutor$Worker.run(ThreadPoolExecutor.java:624)
	... 1 more
Caused by: org.apache.ratis.thirdparty.io.netty.channel.AbstractChannel$AnnotatedConnectException: Connection refused: /192.168.157.213:37433
	at sun.nio.ch.SocketChannelImpl.checkConnect(Native Method)
	at sun.nio.ch.SocketChannelImpl.finishConnect(SocketChannelImpl.java:717)
	at org.apache.ratis.thirdparty.io.netty.channel.socket.nio.NioSocketChannel.doFinishConnect(NioSocketChannel.java:327)
	at org.apache.ratis.thirdparty.io.netty.channel.nio.AbstractNioChannel$AbstractNioUnsafe.finishConnect(AbstractNioChannel.java:340)
	at org.apache.ratis.thirdparty.io.netty.channel.nio.NioEventLoop.processSelectedKey(NioEventLoop.java:632)
	at org.apache.ratis.thirdparty.io.netty.channel.nio.NioEventLoop.processSelectedKeysOptimized(NioEventLoop.java:579)
	at org.apache.ratis.thirdparty.io.netty.channel.nio.NioEventLoop.processSelectedKeys(NioEventLoop.java:496)
	at org.apache.ratis.thirdparty.io.netty.channel.nio.NioEventLoop.run(NioEventLoop.java:458)
	at org.apache.ratis.thirdparty.io.netty.util.concurrent.SingleThreadEventExecutor$5.run(SingleThreadEventExecutor.java:897)
	at org.apache.ratis.thirdparty.io.netty.util.concurrent.FastThreadLocalRunnable.run(FastThreadLocalRunnable.java:30)
	... 1 more
Caused by: java.net.ConnectException: Connection refused
	... 11 more
2019-10-19 01:05:01,388 [a1c78c0e-869c-4f76-b4ce-2034448e0b80@group-D48B69A44692-LeaderElection384] INFO  impl.LeaderElection (LeaderElection.java:logAndReturn(56)) - a1c78c0e-869c-4f76-b4ce-2034448e0b80@group-D48B69A44692-LeaderElection384: Election REJECTED; received 0 response(s) [] and 2 exception(s); a1c78c0e-869c-4f76-b4ce-2034448e0b80@group-D48B69A44692:t276, leader=null, voted=a1c78c0e-869c-4f76-b4ce-2034448e0b80, raftlog=a1c78c0e-869c-4f76-b4ce-2034448e0b80@group-D48B69A44692-SegmentedRaftLog:OPENED:c-1,f-1,i0, conf=-1: [51276c3c-a3b8-4274-b089-592ff4589f41:192.168.157.213:36639, 64c90977-e867-487c-b50d-c226f2d34a76:192.168.157.213:37433, a1c78c0e-869c-4f76-b4ce-2034448e0b80:192.168.157.213:33501], old=null
2019-10-19 01:05:01,388 [a1c78c0e-869c-4f76-b4ce-2034448e0b80@group-D48B69A44692-LeaderElection384] INFO  impl.LeaderElection (LogUtils.java:infoOrTrace(149)) -   Exception 0: {}
java.util.concurrent.ExecutionException: org.apache.ratis.thirdparty.io.grpc.StatusRuntimeException: UNAVAILABLE: io exception
	at java.util.concurrent.FutureTask.report(FutureTask.java:122)
	at java.util.concurrent.FutureTask.get(FutureTask.java:192)
	at org.apache.ratis.server.impl.LeaderElection.waitForResults(LeaderElection.java:259)
	at org.apache.ratis.server.impl.LeaderElection.askForVotes(LeaderElection.java:197)
	at org.apache.ratis.server.impl.LeaderElection.run(LeaderElection.java:133)
	at java.lang.Thread.run(Thread.java:748)
Caused by: org.apache.ratis.thirdparty.io.grpc.StatusRuntimeException: UNAVAILABLE: io exception
	at org.apache.ratis.thirdparty.io.grpc.stub.ClientCalls.toStatusRuntimeException(ClientCalls.java:233)
	at org.apache.ratis.thirdparty.io.grpc.stub.ClientCalls.getUnchecked(ClientCalls.java:214)
	at org.apache.ratis.thirdparty.io.grpc.stub.ClientCalls.blockingUnaryCall(ClientCalls.java:139)
	at org.apache.ratis.proto.grpc.RaftServerProtocolServiceGrpc$RaftServerProtocolServiceBlockingStub.requestVote(RaftServerProtocolServiceGrpc.java:265)
	at org.apache.ratis.grpc.server.GrpcServerProtocolClient.requestVote(GrpcServerProtocolClient.java:99)
	at org.apache.ratis.grpc.server.GrpcService.requestVote(GrpcService.java:204)
	at org.apache.ratis.server.impl.LeaderElection.lambda$submitRequests$1(LeaderElection.java:234)
	at java.util.concurrent.FutureTask.run(FutureTask.java:266)
	at java.util.concurrent.Executors$RunnableAdapter.call(Executors.java:511)
	at java.util.concurrent.FutureTask.run(FutureTask.java:266)
	at java.util.concurrent.ThreadPoolExecutor.runWorker(ThreadPoolExecutor.java:1149)
	at java.util.concurrent.ThreadPoolExecutor$Worker.run(ThreadPoolExecutor.java:624)
	... 1 more
Caused by: org.apache.ratis.thirdparty.io.netty.channel.AbstractChannel$AnnotatedConnectException: Connection refused: /192.168.157.213:36639
	at sun.nio.ch.SocketChannelImpl.checkConnect(Native Method)
	at sun.nio.ch.SocketChannelImpl.finishConnect(SocketChannelImpl.java:717)
	at org.apache.ratis.thirdparty.io.netty.channel.socket.nio.NioSocketChannel.doFinishConnect(NioSocketChannel.java:327)
	at org.apache.ratis.thirdparty.io.netty.channel.nio.AbstractNioChannel$AbstractNioUnsafe.finishConnect(AbstractNioChannel.java:340)
	at org.apache.ratis.thirdparty.io.netty.channel.nio.NioEventLoop.processSelectedKey(NioEventLoop.java:632)
	at org.apache.ratis.thirdparty.io.netty.channel.nio.NioEventLoop.processSelectedKeysOptimized(NioEventLoop.java:579)
	at org.apache.ratis.thirdparty.io.netty.channel.nio.NioEventLoop.processSelectedKeys(NioEventLoop.java:496)
	at org.apache.ratis.thirdparty.io.netty.channel.nio.NioEventLoop.run(NioEventLoop.java:458)
	at org.apache.ratis.thirdparty.io.netty.util.concurrent.SingleThreadEventExecutor$5.run(SingleThreadEventExecutor.java:897)
	at org.apache.ratis.thirdparty.io.netty.util.concurrent.FastThreadLocalRunnable.run(FastThreadLocalRunnable.java:30)
	... 1 more
Caused by: java.net.ConnectException: Connection refused
	... 11 more
2019-10-19 01:05:01,389 [a1c78c0e-869c-4f76-b4ce-2034448e0b80@group-D48B69A44692-LeaderElection384] INFO  impl.LeaderElection (LogUtils.java:infoOrTrace(149)) -   Exception 1: {}
java.util.concurrent.ExecutionException: org.apache.ratis.thirdparty.io.grpc.StatusRuntimeException: UNAVAILABLE: io exception
	at java.util.concurrent.FutureTask.report(FutureTask.java:122)
	at java.util.concurrent.FutureTask.get(FutureTask.java:192)
	at org.apache.ratis.server.impl.LeaderElection.waitForResults(LeaderElection.java:259)
	at org.apache.ratis.server.impl.LeaderElection.askForVotes(LeaderElection.java:197)
	at org.apache.ratis.server.impl.LeaderElection.run(LeaderElection.java:133)
	at java.lang.Thread.run(Thread.java:748)
Caused by: org.apache.ratis.thirdparty.io.grpc.StatusRuntimeException: UNAVAILABLE: io exception
	at org.apache.ratis.thirdparty.io.grpc.stub.ClientCalls.toStatusRuntimeException(ClientCalls.java:233)
	at org.apache.ratis.thirdparty.io.grpc.stub.ClientCalls.getUnchecked(ClientCalls.java:214)
	at org.apache.ratis.thirdparty.io.grpc.stub.ClientCalls.blockingUnaryCall(ClientCalls.java:139)
	at org.apache.ratis.proto.grpc.RaftServerProtocolServiceGrpc$RaftServerProtocolServiceBlockingStub.requestVote(RaftServerProtocolServiceGrpc.java:265)
	at org.apache.ratis.grpc.server.GrpcServerProtocolClient.requestVote(GrpcServerProtocolClient.java:99)
	at org.apache.ratis.grpc.server.GrpcService.requestVote(GrpcService.java:204)
	at org.apache.ratis.server.impl.LeaderElection.lambda$submitRequests$1(LeaderElection.java:234)
	at java.util.concurrent.FutureTask.run(FutureTask.java:266)
	at java.util.concurrent.Executors$RunnableAdapter.call(Executors.java:511)
	at java.util.concurrent.FutureTask.run(FutureTask.java:266)
	at java.util.concurrent.ThreadPoolExecutor.runWorker(ThreadPoolExecutor.java:1149)
	at java.util.concurrent.ThreadPoolExecutor$Worker.run(ThreadPoolExecutor.java:624)
	... 1 more
Caused by: org.apache.ratis.thirdparty.io.netty.channel.AbstractChannel$AnnotatedConnectException: Connection refused: /192.168.157.213:37433
	at sun.nio.ch.SocketChannelImpl.checkConnect(Native Method)
	at sun.nio.ch.SocketChannelImpl.finishConnect(SocketChannelImpl.java:717)
	at org.apache.ratis.thirdparty.io.netty.channel.socket.nio.NioSocketChannel.doFinishConnect(NioSocketChannel.java:327)
	at org.apache.ratis.thirdparty.io.netty.channel.nio.AbstractNioChannel$AbstractNioUnsafe.finishConnect(AbstractNioChannel.java:340)
	at org.apache.ratis.thirdparty.io.netty.channel.nio.NioEventLoop.processSelectedKey(NioEventLoop.java:632)
	at org.apache.ratis.thirdparty.io.netty.channel.nio.NioEventLoop.processSelectedKeysOptimized(NioEventLoop.java:579)
	at org.apache.ratis.thirdparty.io.netty.channel.nio.NioEventLoop.processSelectedKeys(NioEventLoop.java:496)
	at org.apache.ratis.thirdparty.io.netty.channel.nio.NioEventLoop.run(NioEventLoop.java:458)
	at org.apache.ratis.thirdparty.io.netty.util.concurrent.SingleThreadEventExecutor$5.run(SingleThreadEventExecutor.java:897)
	at org.apache.ratis.thirdparty.io.netty.util.concurrent.FastThreadLocalRunnable.run(FastThreadLocalRunnable.java:30)
	... 1 more
Caused by: java.net.ConnectException: Connection refused
	... 11 more
2019-10-19 01:05:01,389 [a1c78c0e-869c-4f76-b4ce-2034448e0b80@group-D48B69A44692-LeaderElection384] INFO  impl.RaftServerImpl (RaftServerImpl.java:setRole(184)) - a1c78c0e-869c-4f76-b4ce-2034448e0b80@group-D48B69A44692: changes role from CANDIDATE to FOLLOWER at term 276 for DISCOVERED_A_NEW_TERM
2019-10-19 01:05:01,389 [a1c78c0e-869c-4f76-b4ce-2034448e0b80@group-D48B69A44692-LeaderElection384] INFO  impl.RoleInfo (RoleInfo.java:shutdownLeaderElection(134)) - a1c78c0e-869c-4f76-b4ce-2034448e0b80: shutdown LeaderElection
2019-10-19 01:05:01,390 [a1c78c0e-869c-4f76-b4ce-2034448e0b80@group-D48B69A44692-LeaderElection384] INFO  impl.RoleInfo (RoleInfo.java:updateAndGet(143)) - a1c78c0e-869c-4f76-b4ce-2034448e0b80: start FollowerState
2019-10-19 01:05:01,532 [Thread-2866] INFO  impl.FollowerState (FollowerState.java:run(108)) - a1c78c0e-869c-4f76-b4ce-2034448e0b80@group-D48B69A44692-FollowerState: change to CANDIDATE, lastRpcTime:142ms, electionTimeout:142ms
2019-10-19 01:05:01,532 [Thread-2866] INFO  impl.RoleInfo (RoleInfo.java:shutdownFollowerState(121)) - a1c78c0e-869c-4f76-b4ce-2034448e0b80: shutdown FollowerState
2019-10-19 01:05:01,532 [Thread-2866] INFO  impl.RaftServerImpl (RaftServerImpl.java:setRole(184)) - a1c78c0e-869c-4f76-b4ce-2034448e0b80@group-D48B69A44692: changes role from  FOLLOWER to CANDIDATE at term 276 for changeToCandidate
2019-10-19 01:05:01,532 [Thread-2866] INFO  impl.RoleInfo (RoleInfo.java:updateAndGet(143)) - a1c78c0e-869c-4f76-b4ce-2034448e0b80: start LeaderElection
2019-10-19 01:05:01,545 [a1c78c0e-869c-4f76-b4ce-2034448e0b80@group-D48B69A44692-LeaderElection385] INFO  impl.LeaderElection (LeaderElection.java:askForVotes(178)) - a1c78c0e-869c-4f76-b4ce-2034448e0b80@group-D48B69A44692-LeaderElection385: begin an election at term 277 for -1: [51276c3c-a3b8-4274-b089-592ff4589f41:192.168.157.213:36639, 64c90977-e867-487c-b50d-c226f2d34a76:192.168.157.213:37433, a1c78c0e-869c-4f76-b4ce-2034448e0b80:192.168.157.213:33501], old=null
2019-10-19 01:05:01,546 [a1c78c0e-869c-4f76-b4ce-2034448e0b80@group-D48B69A44692-LeaderElection385] INFO  impl.LeaderElection (LogUtils.java:infoOrTrace(149)) - a1c78c0e-869c-4f76-b4ce-2034448e0b80@group-D48B69A44692-LeaderElection385 got exception when requesting votes: {}
java.util.concurrent.ExecutionException: org.apache.ratis.thirdparty.io.grpc.StatusRuntimeException: UNAVAILABLE: io exception
	at java.util.concurrent.FutureTask.report(FutureTask.java:122)
	at java.util.concurrent.FutureTask.get(FutureTask.java:192)
	at org.apache.ratis.server.impl.LeaderElection.waitForResults(LeaderElection.java:259)
	at org.apache.ratis.server.impl.LeaderElection.askForVotes(LeaderElection.java:197)
	at org.apache.ratis.server.impl.LeaderElection.run(LeaderElection.java:133)
	at java.lang.Thread.run(Thread.java:748)
Caused by: org.apache.ratis.thirdparty.io.grpc.StatusRuntimeException: UNAVAILABLE: io exception
	at org.apache.ratis.thirdparty.io.grpc.stub.ClientCalls.toStatusRuntimeException(ClientCalls.java:233)
	at org.apache.ratis.thirdparty.io.grpc.stub.ClientCalls.getUnchecked(ClientCalls.java:214)
	at org.apache.ratis.thirdparty.io.grpc.stub.ClientCalls.blockingUnaryCall(ClientCalls.java:139)
	at org.apache.ratis.proto.grpc.RaftServerProtocolServiceGrpc$RaftServerProtocolServiceBlockingStub.requestVote(RaftServerProtocolServiceGrpc.java:265)
	at org.apache.ratis.grpc.server.GrpcServerProtocolClient.requestVote(GrpcServerProtocolClient.java:99)
	at org.apache.ratis.grpc.server.GrpcService.requestVote(GrpcService.java:204)
	at org.apache.ratis.server.impl.LeaderElection.lambda$submitRequests$1(LeaderElection.java:234)
	at java.util.concurrent.FutureTask.run(FutureTask.java:266)
	at java.util.concurrent.Executors$RunnableAdapter.call(Executors.java:511)
	at java.util.concurrent.FutureTask.run(FutureTask.java:266)
	at java.util.concurrent.ThreadPoolExecutor.runWorker(ThreadPoolExecutor.java:1149)
	at java.util.concurrent.ThreadPoolExecutor$Worker.run(ThreadPoolExecutor.java:624)
	... 1 more
Caused by: org.apache.ratis.thirdparty.io.netty.channel.AbstractChannel$AnnotatedConnectException: Connection refused: /192.168.157.213:36639
	at sun.nio.ch.SocketChannelImpl.checkConnect(Native Method)
	at sun.nio.ch.SocketChannelImpl.finishConnect(SocketChannelImpl.java:717)
	at org.apache.ratis.thirdparty.io.netty.channel.socket.nio.NioSocketChannel.doFinishConnect(NioSocketChannel.java:327)
	at org.apache.ratis.thirdparty.io.netty.channel.nio.AbstractNioChannel$AbstractNioUnsafe.finishConnect(AbstractNioChannel.java:340)
	at org.apache.ratis.thirdparty.io.netty.channel.nio.NioEventLoop.processSelectedKey(NioEventLoop.java:632)
	at org.apache.ratis.thirdparty.io.netty.channel.nio.NioEventLoop.processSelectedKeysOptimized(NioEventLoop.java:579)
	at org.apache.ratis.thirdparty.io.netty.channel.nio.NioEventLoop.processSelectedKeys(NioEventLoop.java:496)
	at org.apache.ratis.thirdparty.io.netty.channel.nio.NioEventLoop.run(NioEventLoop.java:458)
	at org.apache.ratis.thirdparty.io.netty.util.concurrent.SingleThreadEventExecutor$5.run(SingleThreadEventExecutor.java:897)
	at org.apache.ratis.thirdparty.io.netty.util.concurrent.FastThreadLocalRunnable.run(FastThreadLocalRunnable.java:30)
	... 1 more
Caused by: java.net.ConnectException: Connection refused
	... 11 more
2019-10-19 01:05:01,547 [a1c78c0e-869c-4f76-b4ce-2034448e0b80@group-D48B69A44692-LeaderElection385] INFO  impl.LeaderElection (LogUtils.java:infoOrTrace(149)) - a1c78c0e-869c-4f76-b4ce-2034448e0b80@group-D48B69A44692-LeaderElection385 got exception when requesting votes: {}
java.util.concurrent.ExecutionException: org.apache.ratis.thirdparty.io.grpc.StatusRuntimeException: UNAVAILABLE: io exception
	at java.util.concurrent.FutureTask.report(FutureTask.java:122)
	at java.util.concurrent.FutureTask.get(FutureTask.java:192)
	at org.apache.ratis.server.impl.LeaderElection.waitForResults(LeaderElection.java:259)
	at org.apache.ratis.server.impl.LeaderElection.askForVotes(LeaderElection.java:197)
	at org.apache.ratis.server.impl.LeaderElection.run(LeaderElection.java:133)
	at java.lang.Thread.run(Thread.java:748)
Caused by: org.apache.ratis.thirdparty.io.grpc.StatusRuntimeException: UNAVAILABLE: io exception
	at org.apache.ratis.thirdparty.io.grpc.stub.ClientCalls.toStatusRuntimeException(ClientCalls.java:233)
	at org.apache.ratis.thirdparty.io.grpc.stub.ClientCalls.getUnchecked(ClientCalls.java:214)
	at org.apache.ratis.thirdparty.io.grpc.stub.ClientCalls.blockingUnaryCall(ClientCalls.java:139)
	at org.apache.ratis.proto.grpc.RaftServerProtocolServiceGrpc$RaftServerProtocolServiceBlockingStub.requestVote(RaftServerProtocolServiceGrpc.java:265)
	at org.apache.ratis.grpc.server.GrpcServerProtocolClient.requestVote(GrpcServerProtocolClient.java:99)
	at org.apache.ratis.grpc.server.GrpcService.requestVote(GrpcService.java:204)
	at org.apache.ratis.server.impl.LeaderElection.lambda$submitRequests$1(LeaderElection.java:234)
	at java.util.concurrent.FutureTask.run(FutureTask.java:266)
	at java.util.concurrent.Executors$RunnableAdapter.call(Executors.java:511)
	at java.util.concurrent.FutureTask.run(FutureTask.java:266)
	at java.util.concurrent.ThreadPoolExecutor.runWorker(ThreadPoolExecutor.java:1149)
	at java.util.concurrent.ThreadPoolExecutor$Worker.run(ThreadPoolExecutor.java:624)
	... 1 more
Caused by: org.apache.ratis.thirdparty.io.netty.channel.AbstractChannel$AnnotatedConnectException: Connection refused: /192.168.157.213:37433
	at sun.nio.ch.SocketChannelImpl.checkConnect(Native Method)
	at sun.nio.ch.SocketChannelImpl.finishConnect(SocketChannelImpl.java:717)
	at org.apache.ratis.thirdparty.io.netty.channel.socket.nio.NioSocketChannel.doFinishConnect(NioSocketChannel.java:327)
	at org.apache.ratis.thirdparty.io.netty.channel.nio.AbstractNioChannel$AbstractNioUnsafe.finishConnect(AbstractNioChannel.java:340)
	at org.apache.ratis.thirdparty.io.netty.channel.nio.NioEventLoop.processSelectedKey(NioEventLoop.java:632)
	at org.apache.ratis.thirdparty.io.netty.channel.nio.NioEventLoop.processSelectedKeysOptimized(NioEventLoop.java:579)
	at org.apache.ratis.thirdparty.io.netty.channel.nio.NioEventLoop.processSelectedKeys(NioEventLoop.java:496)
	at org.apache.ratis.thirdparty.io.netty.channel.nio.NioEventLoop.run(NioEventLoop.java:458)
	at org.apache.ratis.thirdparty.io.netty.util.concurrent.SingleThreadEventExecutor$5.run(SingleThreadEventExecutor.java:897)
	at org.apache.ratis.thirdparty.io.netty.util.concurrent.FastThreadLocalRunnable.run(FastThreadLocalRunnable.java:30)
	... 1 more
Caused by: java.net.ConnectException: Connection refused
	... 11 more
2019-10-19 01:05:01,547 [a1c78c0e-869c-4f76-b4ce-2034448e0b80@group-D48B69A44692-LeaderElection385] INFO  impl.LeaderElection (LeaderElection.java:logAndReturn(56)) - a1c78c0e-869c-4f76-b4ce-2034448e0b80@group-D48B69A44692-LeaderElection385: Election REJECTED; received 0 response(s) [] and 2 exception(s); a1c78c0e-869c-4f76-b4ce-2034448e0b80@group-D48B69A44692:t277, leader=null, voted=a1c78c0e-869c-4f76-b4ce-2034448e0b80, raftlog=a1c78c0e-869c-4f76-b4ce-2034448e0b80@group-D48B69A44692-SegmentedRaftLog:OPENED:c-1,f-1,i0, conf=-1: [51276c3c-a3b8-4274-b089-592ff4589f41:192.168.157.213:36639, 64c90977-e867-487c-b50d-c226f2d34a76:192.168.157.213:37433, a1c78c0e-869c-4f76-b4ce-2034448e0b80:192.168.157.213:33501], old=null
2019-10-19 01:05:01,547 [a1c78c0e-869c-4f76-b4ce-2034448e0b80@group-D48B69A44692-LeaderElection385] INFO  impl.LeaderElection (LogUtils.java:infoOrTrace(149)) -   Exception 0: {}
java.util.concurrent.ExecutionException: org.apache.ratis.thirdparty.io.grpc.StatusRuntimeException: UNAVAILABLE: io exception
	at java.util.concurrent.FutureTask.report(FutureTask.java:122)
	at java.util.concurrent.FutureTask.get(FutureTask.java:192)
	at org.apache.ratis.server.impl.LeaderElection.waitForResults(LeaderElection.java:259)
	at org.apache.ratis.server.impl.LeaderElection.askForVotes(LeaderElection.java:197)
	at org.apache.ratis.server.impl.LeaderElection.run(LeaderElection.java:133)
	at java.lang.Thread.run(Thread.java:748)
Caused by: org.apache.ratis.thirdparty.io.grpc.StatusRuntimeException: UNAVAILABLE: io exception
	at org.apache.ratis.thirdparty.io.grpc.stub.ClientCalls.toStatusRuntimeException(ClientCalls.java:233)
	at org.apache.ratis.thirdparty.io.grpc.stub.ClientCalls.getUnchecked(ClientCalls.java:214)
	at org.apache.ratis.thirdparty.io.grpc.stub.ClientCalls.blockingUnaryCall(ClientCalls.java:139)
	at org.apache.ratis.proto.grpc.RaftServerProtocolServiceGrpc$RaftServerProtocolServiceBlockingStub.requestVote(RaftServerProtocolServiceGrpc.java:265)
	at org.apache.ratis.grpc.server.GrpcServerProtocolClient.requestVote(GrpcServerProtocolClient.java:99)
	at org.apache.ratis.grpc.server.GrpcService.requestVote(GrpcService.java:204)
	at org.apache.ratis.server.impl.LeaderElection.lambda$submitRequests$1(LeaderElection.java:234)
	at java.util.concurrent.FutureTask.run(FutureTask.java:266)
	at java.util.concurrent.Executors$RunnableAdapter.call(Executors.java:511)
	at java.util.concurrent.FutureTask.run(FutureTask.java:266)
	at java.util.concurrent.ThreadPoolExecutor.runWorker(ThreadPoolExecutor.java:1149)
	at java.util.concurrent.ThreadPoolExecutor$Worker.run(ThreadPoolExecutor.java:624)
	... 1 more
Caused by: org.apache.ratis.thirdparty.io.netty.channel.AbstractChannel$AnnotatedConnectException: Connection refused: /192.168.157.213:36639
	at sun.nio.ch.SocketChannelImpl.checkConnect(Native Method)
	at sun.nio.ch.SocketChannelImpl.finishConnect(SocketChannelImpl.java:717)
	at org.apache.ratis.thirdparty.io.netty.channel.socket.nio.NioSocketChannel.doFinishConnect(NioSocketChannel.java:327)
	at org.apache.ratis.thirdparty.io.netty.channel.nio.AbstractNioChannel$AbstractNioUnsafe.finishConnect(AbstractNioChannel.java:340)
	at org.apache.ratis.thirdparty.io.netty.channel.nio.NioEventLoop.processSelectedKey(NioEventLoop.java:632)
	at org.apache.ratis.thirdparty.io.netty.channel.nio.NioEventLoop.processSelectedKeysOptimized(NioEventLoop.java:579)
	at org.apache.ratis.thirdparty.io.netty.channel.nio.NioEventLoop.processSelectedKeys(NioEventLoop.java:496)
	at org.apache.ratis.thirdparty.io.netty.channel.nio.NioEventLoop.run(NioEventLoop.java:458)
	at org.apache.ratis.thirdparty.io.netty.util.concurrent.SingleThreadEventExecutor$5.run(SingleThreadEventExecutor.java:897)
	at org.apache.ratis.thirdparty.io.netty.util.concurrent.FastThreadLocalRunnable.run(FastThreadLocalRunnable.java:30)
	... 1 more
Caused by: java.net.ConnectException: Connection refused
	... 11 more
2019-10-19 01:05:01,547 [a1c78c0e-869c-4f76-b4ce-2034448e0b80@group-D48B69A44692-LeaderElection385] INFO  impl.LeaderElection (LogUtils.java:infoOrTrace(149)) -   Exception 1: {}
java.util.concurrent.ExecutionException: org.apache.ratis.thirdparty.io.grpc.StatusRuntimeException: UNAVAILABLE: io exception
	at java.util.concurrent.FutureTask.report(FutureTask.java:122)
	at java.util.concurrent.FutureTask.get(FutureTask.java:192)
	at org.apache.ratis.server.impl.LeaderElection.waitForResults(LeaderElection.java:259)
	at org.apache.ratis.server.impl.LeaderElection.askForVotes(LeaderElection.java:197)
	at org.apache.ratis.server.impl.LeaderElection.run(LeaderElection.java:133)
	at java.lang.Thread.run(Thread.java:748)
Caused by: org.apache.ratis.thirdparty.io.grpc.StatusRuntimeException: UNAVAILABLE: io exception
	at org.apache.ratis.thirdparty.io.grpc.stub.ClientCalls.toStatusRuntimeException(ClientCalls.java:233)
	at org.apache.ratis.thirdparty.io.grpc.stub.ClientCalls.getUnchecked(ClientCalls.java:214)
	at org.apache.ratis.thirdparty.io.grpc.stub.ClientCalls.blockingUnaryCall(ClientCalls.java:139)
	at org.apache.ratis.proto.grpc.RaftServerProtocolServiceGrpc$RaftServerProtocolServiceBlockingStub.requestVote(RaftServerProtocolServiceGrpc.java:265)
	at org.apache.ratis.grpc.server.GrpcServerProtocolClient.requestVote(GrpcServerProtocolClient.java:99)
	at org.apache.ratis.grpc.server.GrpcService.requestVote(GrpcService.java:204)
	at org.apache.ratis.server.impl.LeaderElection.lambda$submitRequests$1(LeaderElection.java:234)
	at java.util.concurrent.FutureTask.run(FutureTask.java:266)
	at java.util.concurrent.Executors$RunnableAdapter.call(Executors.java:511)
	at java.util.concurrent.FutureTask.run(FutureTask.java:266)
	at java.util.concurrent.ThreadPoolExecutor.runWorker(ThreadPoolExecutor.java:1149)
	at java.util.concurrent.ThreadPoolExecutor$Worker.run(ThreadPoolExecutor.java:624)
	... 1 more
Caused by: org.apache.ratis.thirdparty.io.netty.channel.AbstractChannel$AnnotatedConnectException: Connection refused: /192.168.157.213:37433
	at sun.nio.ch.SocketChannelImpl.checkConnect(Native Method)
	at sun.nio.ch.SocketChannelImpl.finishConnect(SocketChannelImpl.java:717)
	at org.apache.ratis.thirdparty.io.netty.channel.socket.nio.NioSocketChannel.doFinishConnect(NioSocketChannel.java:327)
	at org.apache.ratis.thirdparty.io.netty.channel.nio.AbstractNioChannel$AbstractNioUnsafe.finishConnect(AbstractNioChannel.java:340)
	at org.apache.ratis.thirdparty.io.netty.channel.nio.NioEventLoop.processSelectedKey(NioEventLoop.java:632)
	at org.apache.ratis.thirdparty.io.netty.channel.nio.NioEventLoop.processSelectedKeysOptimized(NioEventLoop.java:579)
	at org.apache.ratis.thirdparty.io.netty.channel.nio.NioEventLoop.processSelectedKeys(NioEventLoop.java:496)
	at org.apache.ratis.thirdparty.io.netty.channel.nio.NioEventLoop.run(NioEventLoop.java:458)
	at org.apache.ratis.thirdparty.io.netty.util.concurrent.SingleThreadEventExecutor$5.run(SingleThreadEventExecutor.java:897)
	at org.apache.ratis.thirdparty.io.netty.util.concurrent.FastThreadLocalRunnable.run(FastThreadLocalRunnable.java:30)
	... 1 more
Caused by: java.net.ConnectException: Connection refused
	... 11 more
2019-10-19 01:05:01,548 [a1c78c0e-869c-4f76-b4ce-2034448e0b80@group-D48B69A44692-LeaderElection385] INFO  impl.RaftServerImpl (RaftServerImpl.java:setRole(184)) - a1c78c0e-869c-4f76-b4ce-2034448e0b80@group-D48B69A44692: changes role from CANDIDATE to FOLLOWER at term 277 for DISCOVERED_A_NEW_TERM
2019-10-19 01:05:01,548 [a1c78c0e-869c-4f76-b4ce-2034448e0b80@group-D48B69A44692-LeaderElection385] INFO  impl.RoleInfo (RoleInfo.java:shutdownLeaderElection(134)) - a1c78c0e-869c-4f76-b4ce-2034448e0b80: shutdown LeaderElection
2019-10-19 01:05:01,548 [a1c78c0e-869c-4f76-b4ce-2034448e0b80@group-D48B69A44692-LeaderElection385] INFO  impl.RoleInfo (RoleInfo.java:updateAndGet(143)) - a1c78c0e-869c-4f76-b4ce-2034448e0b80: start FollowerState
2019-10-19 01:05:01,617 [Thread-2870] INFO  impl.FollowerState (FollowerState.java:run(108)) - a1c78c0e-869c-4f76-b4ce-2034448e0b80@group-D48B69A44692-FollowerState: change to CANDIDATE, lastRpcTime:69ms, electionTimeout:69ms
2019-10-19 01:05:01,617 [Thread-2870] INFO  impl.RoleInfo (RoleInfo.java:shutdownFollowerState(121)) - a1c78c0e-869c-4f76-b4ce-2034448e0b80: shutdown FollowerState
2019-10-19 01:05:01,618 [Thread-2870] INFO  impl.RaftServerImpl (RaftServerImpl.java:setRole(184)) - a1c78c0e-869c-4f76-b4ce-2034448e0b80@group-D48B69A44692: changes role from  FOLLOWER to CANDIDATE at term 277 for changeToCandidate
2019-10-19 01:05:01,618 [Thread-2870] INFO  impl.RoleInfo (RoleInfo.java:updateAndGet(143)) - a1c78c0e-869c-4f76-b4ce-2034448e0b80: start LeaderElection
2019-10-19 01:05:01,643 [a1c78c0e-869c-4f76-b4ce-2034448e0b80@group-D48B69A44692-LeaderElection386] INFO  impl.LeaderElection (LeaderElection.java:askForVotes(178)) - a1c78c0e-869c-4f76-b4ce-2034448e0b80@group-D48B69A44692-LeaderElection386: begin an election at term 278 for -1: [51276c3c-a3b8-4274-b089-592ff4589f41:192.168.157.213:36639, 64c90977-e867-487c-b50d-c226f2d34a76:192.168.157.213:37433, a1c78c0e-869c-4f76-b4ce-2034448e0b80:192.168.157.213:33501], old=null
2019-10-19 01:05:01,644 [a1c78c0e-869c-4f76-b4ce-2034448e0b80@group-D48B69A44692-LeaderElection386] INFO  impl.LeaderElection (LogUtils.java:infoOrTrace(149)) - a1c78c0e-869c-4f76-b4ce-2034448e0b80@group-D48B69A44692-LeaderElection386 got exception when requesting votes: {}
java.util.concurrent.ExecutionException: org.apache.ratis.thirdparty.io.grpc.StatusRuntimeException: UNAVAILABLE: io exception
	at java.util.concurrent.FutureTask.report(FutureTask.java:122)
	at java.util.concurrent.FutureTask.get(FutureTask.java:192)
	at org.apache.ratis.server.impl.LeaderElection.waitForResults(LeaderElection.java:259)
	at org.apache.ratis.server.impl.LeaderElection.askForVotes(LeaderElection.java:197)
	at org.apache.ratis.server.impl.LeaderElection.run(LeaderElection.java:133)
	at java.lang.Thread.run(Thread.java:748)
Caused by: org.apache.ratis.thirdparty.io.grpc.StatusRuntimeException: UNAVAILABLE: io exception
	at org.apache.ratis.thirdparty.io.grpc.stub.ClientCalls.toStatusRuntimeException(ClientCalls.java:233)
	at org.apache.ratis.thirdparty.io.grpc.stub.ClientCalls.getUnchecked(ClientCalls.java:214)
	at org.apache.ratis.thirdparty.io.grpc.stub.ClientCalls.blockingUnaryCall(ClientCalls.java:139)
	at org.apache.ratis.proto.grpc.RaftServerProtocolServiceGrpc$RaftServerProtocolServiceBlockingStub.requestVote(RaftServerProtocolServiceGrpc.java:265)
	at org.apache.ratis.grpc.server.GrpcServerProtocolClient.requestVote(GrpcServerProtocolClient.java:99)
	at org.apache.ratis.grpc.server.GrpcService.requestVote(GrpcService.java:204)
	at org.apache.ratis.server.impl.LeaderElection.lambda$submitRequests$1(LeaderElection.java:234)
	at java.util.concurrent.FutureTask.run(FutureTask.java:266)
	at java.util.concurrent.Executors$RunnableAdapter.call(Executors.java:511)
	at java.util.concurrent.FutureTask.run(FutureTask.java:266)
	at java.util.concurrent.ThreadPoolExecutor.runWorker(ThreadPoolExecutor.java:1149)
	at java.util.concurrent.ThreadPoolExecutor$Worker.run(ThreadPoolExecutor.java:624)
	... 1 more
Caused by: org.apache.ratis.thirdparty.io.netty.channel.AbstractChannel$AnnotatedConnectException: Connection refused: /192.168.157.213:36639
	at sun.nio.ch.SocketChannelImpl.checkConnect(Native Method)
	at sun.nio.ch.SocketChannelImpl.finishConnect(SocketChannelImpl.java:717)
	at org.apache.ratis.thirdparty.io.netty.channel.socket.nio.NioSocketChannel.doFinishConnect(NioSocketChannel.java:327)
	at org.apache.ratis.thirdparty.io.netty.channel.nio.AbstractNioChannel$AbstractNioUnsafe.finishConnect(AbstractNioChannel.java:340)
	at org.apache.ratis.thirdparty.io.netty.channel.nio.NioEventLoop.processSelectedKey(NioEventLoop.java:632)
	at org.apache.ratis.thirdparty.io.netty.channel.nio.NioEventLoop.processSelectedKeysOptimized(NioEventLoop.java:579)
	at org.apache.ratis.thirdparty.io.netty.channel.nio.NioEventLoop.processSelectedKeys(NioEventLoop.java:496)
	at org.apache.ratis.thirdparty.io.netty.channel.nio.NioEventLoop.run(NioEventLoop.java:458)
	at org.apache.ratis.thirdparty.io.netty.util.concurrent.SingleThreadEventExecutor$5.run(SingleThreadEventExecutor.java:897)
	at org.apache.ratis.thirdparty.io.netty.util.concurrent.FastThreadLocalRunnable.run(FastThreadLocalRunnable.java:30)
	... 1 more
Caused by: java.net.ConnectException: Connection refused
	... 11 more
2019-10-19 01:05:01,644 [a1c78c0e-869c-4f76-b4ce-2034448e0b80@group-D48B69A44692-LeaderElection386] INFO  impl.LeaderElection (LogUtils.java:infoOrTrace(149)) - a1c78c0e-869c-4f76-b4ce-2034448e0b80@group-D48B69A44692-LeaderElection386 got exception when requesting votes: {}
java.util.concurrent.ExecutionException: org.apache.ratis.thirdparty.io.grpc.StatusRuntimeException: UNAVAILABLE: io exception
	at java.util.concurrent.FutureTask.report(FutureTask.java:122)
	at java.util.concurrent.FutureTask.get(FutureTask.java:192)
	at org.apache.ratis.server.impl.LeaderElection.waitForResults(LeaderElection.java:259)
	at org.apache.ratis.server.impl.LeaderElection.askForVotes(LeaderElection.java:197)
	at org.apache.ratis.server.impl.LeaderElection.run(LeaderElection.java:133)
	at java.lang.Thread.run(Thread.java:748)
Caused by: org.apache.ratis.thirdparty.io.grpc.StatusRuntimeException: UNAVAILABLE: io exception
	at org.apache.ratis.thirdparty.io.grpc.stub.ClientCalls.toStatusRuntimeException(ClientCalls.java:233)
	at org.apache.ratis.thirdparty.io.grpc.stub.ClientCalls.getUnchecked(ClientCalls.java:214)
	at org.apache.ratis.thirdparty.io.grpc.stub.ClientCalls.blockingUnaryCall(ClientCalls.java:139)
	at org.apache.ratis.proto.grpc.RaftServerProtocolServiceGrpc$RaftServerProtocolServiceBlockingStub.requestVote(RaftServerProtocolServiceGrpc.java:265)
	at org.apache.ratis.grpc.server.GrpcServerProtocolClient.requestVote(GrpcServerProtocolClient.java:99)
	at org.apache.ratis.grpc.server.GrpcService.requestVote(GrpcService.java:204)
	at org.apache.ratis.server.impl.LeaderElection.lambda$submitRequests$1(LeaderElection.java:234)
	at java.util.concurrent.FutureTask.run(FutureTask.java:266)
	at java.util.concurrent.Executors$RunnableAdapter.call(Executors.java:511)
	at java.util.concurrent.FutureTask.run(FutureTask.java:266)
	at java.util.concurrent.ThreadPoolExecutor.runWorker(ThreadPoolExecutor.java:1149)
	at java.util.concurrent.ThreadPoolExecutor$Worker.run(ThreadPoolExecutor.java:624)
	... 1 more
Caused by: org.apache.ratis.thirdparty.io.netty.channel.AbstractChannel$AnnotatedConnectException: Connection refused: /192.168.157.213:37433
	at sun.nio.ch.SocketChannelImpl.checkConnect(Native Method)
	at sun.nio.ch.SocketChannelImpl.finishConnect(SocketChannelImpl.java:717)
	at org.apache.ratis.thirdparty.io.netty.channel.socket.nio.NioSocketChannel.doFinishConnect(NioSocketChannel.java:327)
	at org.apache.ratis.thirdparty.io.netty.channel.nio.AbstractNioChannel$AbstractNioUnsafe.finishConnect(AbstractNioChannel.java:340)
	at org.apache.ratis.thirdparty.io.netty.channel.nio.NioEventLoop.processSelectedKey(NioEventLoop.java:632)
	at org.apache.ratis.thirdparty.io.netty.channel.nio.NioEventLoop.processSelectedKeysOptimized(NioEventLoop.java:579)
	at org.apache.ratis.thirdparty.io.netty.channel.nio.NioEventLoop.processSelectedKeys(NioEventLoop.java:496)
	at org.apache.ratis.thirdparty.io.netty.channel.nio.NioEventLoop.run(NioEventLoop.java:458)
	at org.apache.ratis.thirdparty.io.netty.util.concurrent.SingleThreadEventExecutor$5.run(SingleThreadEventExecutor.java:897)
	at org.apache.ratis.thirdparty.io.netty.util.concurrent.FastThreadLocalRunnable.run(FastThreadLocalRunnable.java:30)
	... 1 more
Caused by: java.net.ConnectException: Connection refused
	... 11 more
2019-10-19 01:05:01,644 [a1c78c0e-869c-4f76-b4ce-2034448e0b80@group-D48B69A44692-LeaderElection386] INFO  impl.LeaderElection (LeaderElection.java:logAndReturn(56)) - a1c78c0e-869c-4f76-b4ce-2034448e0b80@group-D48B69A44692-LeaderElection386: Election REJECTED; received 0 response(s) [] and 2 exception(s); a1c78c0e-869c-4f76-b4ce-2034448e0b80@group-D48B69A44692:t278, leader=null, voted=a1c78c0e-869c-4f76-b4ce-2034448e0b80, raftlog=a1c78c0e-869c-4f76-b4ce-2034448e0b80@group-D48B69A44692-SegmentedRaftLog:OPENED:c-1,f-1,i0, conf=-1: [51276c3c-a3b8-4274-b089-592ff4589f41:192.168.157.213:36639, 64c90977-e867-487c-b50d-c226f2d34a76:192.168.157.213:37433, a1c78c0e-869c-4f76-b4ce-2034448e0b80:192.168.157.213:33501], old=null
2019-10-19 01:05:01,644 [a1c78c0e-869c-4f76-b4ce-2034448e0b80@group-D48B69A44692-LeaderElection386] INFO  impl.LeaderElection (LogUtils.java:infoOrTrace(149)) -   Exception 0: {}
java.util.concurrent.ExecutionException: org.apache.ratis.thirdparty.io.grpc.StatusRuntimeException: UNAVAILABLE: io exception
	at java.util.concurrent.FutureTask.report(FutureTask.java:122)
	at java.util.concurrent.FutureTask.get(FutureTask.java:192)
	at org.apache.ratis.server.impl.LeaderElection.waitForResults(LeaderElection.java:259)
	at org.apache.ratis.server.impl.LeaderElection.askForVotes(LeaderElection.java:197)
	at org.apache.ratis.server.impl.LeaderElection.run(LeaderElection.java:133)
	at java.lang.Thread.run(Thread.java:748)
Caused by: org.apache.ratis.thirdparty.io.grpc.StatusRuntimeException: UNAVAILABLE: io exception
	at org.apache.ratis.thirdparty.io.grpc.stub.ClientCalls.toStatusRuntimeException(ClientCalls.java:233)
	at org.apache.ratis.thirdparty.io.grpc.stub.ClientCalls.getUnchecked(ClientCalls.java:214)
	at org.apache.ratis.thirdparty.io.grpc.stub.ClientCalls.blockingUnaryCall(ClientCalls.java:139)
	at org.apache.ratis.proto.grpc.RaftServerProtocolServiceGrpc$RaftServerProtocolServiceBlockingStub.requestVote(RaftServerProtocolServiceGrpc.java:265)
	at org.apache.ratis.grpc.server.GrpcServerProtocolClient.requestVote(GrpcServerProtocolClient.java:99)
	at org.apache.ratis.grpc.server.GrpcService.requestVote(GrpcService.java:204)
	at org.apache.ratis.server.impl.LeaderElection.lambda$submitRequests$1(LeaderElection.java:234)
	at java.util.concurrent.FutureTask.run(FutureTask.java:266)
	at java.util.concurrent.Executors$RunnableAdapter.call(Executors.java:511)
	at java.util.concurrent.FutureTask.run(FutureTask.java:266)
	at java.util.concurrent.ThreadPoolExecutor.runWorker(ThreadPoolExecutor.java:1149)
	at java.util.concurrent.ThreadPoolExecutor$Worker.run(ThreadPoolExecutor.java:624)
	... 1 more
Caused by: org.apache.ratis.thirdparty.io.netty.channel.AbstractChannel$AnnotatedConnectException: Connection refused: /192.168.157.213:36639
	at sun.nio.ch.SocketChannelImpl.checkConnect(Native Method)
	at sun.nio.ch.SocketChannelImpl.finishConnect(SocketChannelImpl.java:717)
	at org.apache.ratis.thirdparty.io.netty.channel.socket.nio.NioSocketChannel.doFinishConnect(NioSocketChannel.java:327)
	at org.apache.ratis.thirdparty.io.netty.channel.nio.AbstractNioChannel$AbstractNioUnsafe.finishConnect(AbstractNioChannel.java:340)
	at org.apache.ratis.thirdparty.io.netty.channel.nio.NioEventLoop.processSelectedKey(NioEventLoop.java:632)
	at org.apache.ratis.thirdparty.io.netty.channel.nio.NioEventLoop.processSelectedKeysOptimized(NioEventLoop.java:579)
	at org.apache.ratis.thirdparty.io.netty.channel.nio.NioEventLoop.processSelectedKeys(NioEventLoop.java:496)
	at org.apache.ratis.thirdparty.io.netty.channel.nio.NioEventLoop.run(NioEventLoop.java:458)
	at org.apache.ratis.thirdparty.io.netty.util.concurrent.SingleThreadEventExecutor$5.run(SingleThreadEventExecutor.java:897)
	at org.apache.ratis.thirdparty.io.netty.util.concurrent.FastThreadLocalRunnable.run(FastThreadLocalRunnable.java:30)
	... 1 more
Caused by: java.net.ConnectException: Connection refused
	... 11 more
2019-10-19 01:05:01,644 [a1c78c0e-869c-4f76-b4ce-2034448e0b80@group-D48B69A44692-LeaderElection386] INFO  impl.LeaderElection (LogUtils.java:infoOrTrace(149)) -   Exception 1: {}
java.util.concurrent.ExecutionException: org.apache.ratis.thirdparty.io.grpc.StatusRuntimeException: UNAVAILABLE: io exception
	at java.util.concurrent.FutureTask.report(FutureTask.java:122)
	at java.util.concurrent.FutureTask.get(FutureTask.java:192)
	at org.apache.ratis.server.impl.LeaderElection.waitForResults(LeaderElection.java:259)
	at org.apache.ratis.server.impl.LeaderElection.askForVotes(LeaderElection.java:197)
	at org.apache.ratis.server.impl.LeaderElection.run(LeaderElection.java:133)
	at java.lang.Thread.run(Thread.java:748)
Caused by: org.apache.ratis.thirdparty.io.grpc.StatusRuntimeException: UNAVAILABLE: io exception
	at org.apache.ratis.thirdparty.io.grpc.stub.ClientCalls.toStatusRuntimeException(ClientCalls.java:233)
	at org.apache.ratis.thirdparty.io.grpc.stub.ClientCalls.getUnchecked(ClientCalls.java:214)
	at org.apache.ratis.thirdparty.io.grpc.stub.ClientCalls.blockingUnaryCall(ClientCalls.java:139)
	at org.apache.ratis.proto.grpc.RaftServerProtocolServiceGrpc$RaftServerProtocolServiceBlockingStub.requestVote(RaftServerProtocolServiceGrpc.java:265)
	at org.apache.ratis.grpc.server.GrpcServerProtocolClient.requestVote(GrpcServerProtocolClient.java:99)
	at org.apache.ratis.grpc.server.GrpcService.requestVote(GrpcService.java:204)
	at org.apache.ratis.server.impl.LeaderElection.lambda$submitRequests$1(LeaderElection.java:234)
	at java.util.concurrent.FutureTask.run(FutureTask.java:266)
	at java.util.concurrent.Executors$RunnableAdapter.call(Executors.java:511)
	at java.util.concurrent.FutureTask.run(FutureTask.java:266)
	at java.util.concurrent.ThreadPoolExecutor.runWorker(ThreadPoolExecutor.java:1149)
	at java.util.concurrent.ThreadPoolExecutor$Worker.run(ThreadPoolExecutor.java:624)
	... 1 more
Caused by: org.apache.ratis.thirdparty.io.netty.channel.AbstractChannel$AnnotatedConnectException: Connection refused: /192.168.157.213:37433
	at sun.nio.ch.SocketChannelImpl.checkConnect(Native Method)
	at sun.nio.ch.SocketChannelImpl.finishConnect(SocketChannelImpl.java:717)
	at org.apache.ratis.thirdparty.io.netty.channel.socket.nio.NioSocketChannel.doFinishConnect(NioSocketChannel.java:327)
	at org.apache.ratis.thirdparty.io.netty.channel.nio.AbstractNioChannel$AbstractNioUnsafe.finishConnect(AbstractNioChannel.java:340)
	at org.apache.ratis.thirdparty.io.netty.channel.nio.NioEventLoop.processSelectedKey(NioEventLoop.java:632)
	at org.apache.ratis.thirdparty.io.netty.channel.nio.NioEventLoop.processSelectedKeysOptimized(NioEventLoop.java:579)
	at org.apache.ratis.thirdparty.io.netty.channel.nio.NioEventLoop.processSelectedKeys(NioEventLoop.java:496)
	at org.apache.ratis.thirdparty.io.netty.channel.nio.NioEventLoop.run(NioEventLoop.java:458)
	at org.apache.ratis.thirdparty.io.netty.util.concurrent.SingleThreadEventExecutor$5.run(SingleThreadEventExecutor.java:897)
	at org.apache.ratis.thirdparty.io.netty.util.concurrent.FastThreadLocalRunnable.run(FastThreadLocalRunnable.java:30)
	... 1 more
Caused by: java.net.ConnectException: Connection refused
	... 11 more
2019-10-19 01:05:01,645 [a1c78c0e-869c-4f76-b4ce-2034448e0b80@group-D48B69A44692-LeaderElection386] INFO  impl.RaftServerImpl (RaftServerImpl.java:setRole(184)) - a1c78c0e-869c-4f76-b4ce-2034448e0b80@group-D48B69A44692: changes role from CANDIDATE to FOLLOWER at term 278 for DISCOVERED_A_NEW_TERM
2019-10-19 01:05:01,645 [a1c78c0e-869c-4f76-b4ce-2034448e0b80@group-D48B69A44692-LeaderElection386] INFO  impl.RoleInfo (RoleInfo.java:shutdownLeaderElection(134)) - a1c78c0e-869c-4f76-b4ce-2034448e0b80: shutdown LeaderElection
2019-10-19 01:05:01,645 [a1c78c0e-869c-4f76-b4ce-2034448e0b80@group-D48B69A44692-LeaderElection386] INFO  impl.RoleInfo (RoleInfo.java:updateAndGet(143)) - a1c78c0e-869c-4f76-b4ce-2034448e0b80: start FollowerState
2019-10-19 01:05:01,740 [Thread-2874] INFO  impl.FollowerState (FollowerState.java:run(108)) - a1c78c0e-869c-4f76-b4ce-2034448e0b80@group-D48B69A44692-FollowerState: change to CANDIDATE, lastRpcTime:95ms, electionTimeout:95ms
2019-10-19 01:05:01,740 [Thread-2874] INFO  impl.RoleInfo (RoleInfo.java:shutdownFollowerState(121)) - a1c78c0e-869c-4f76-b4ce-2034448e0b80: shutdown FollowerState
2019-10-19 01:05:01,740 [Thread-2874] INFO  impl.RaftServerImpl (RaftServerImpl.java:setRole(184)) - a1c78c0e-869c-4f76-b4ce-2034448e0b80@group-D48B69A44692: changes role from  FOLLOWER to CANDIDATE at term 278 for changeToCandidate
2019-10-19 01:05:01,740 [Thread-2874] INFO  impl.RoleInfo (RoleInfo.java:updateAndGet(143)) - a1c78c0e-869c-4f76-b4ce-2034448e0b80: start LeaderElection
2019-10-19 01:05:01,761 [a1c78c0e-869c-4f76-b4ce-2034448e0b80@group-D48B69A44692-LeaderElection387] INFO  impl.LeaderElection (LeaderElection.java:askForVotes(178)) - a1c78c0e-869c-4f76-b4ce-2034448e0b80@group-D48B69A44692-LeaderElection387: begin an election at term 279 for -1: [51276c3c-a3b8-4274-b089-592ff4589f41:192.168.157.213:36639, 64c90977-e867-487c-b50d-c226f2d34a76:192.168.157.213:37433, a1c78c0e-869c-4f76-b4ce-2034448e0b80:192.168.157.213:33501], old=null
2019-10-19 01:05:01,762 [a1c78c0e-869c-4f76-b4ce-2034448e0b80@group-D48B69A44692-LeaderElection387] INFO  impl.LeaderElection (LogUtils.java:infoOrTrace(149)) - a1c78c0e-869c-4f76-b4ce-2034448e0b80@group-D48B69A44692-LeaderElection387 got exception when requesting votes: {}
java.util.concurrent.ExecutionException: org.apache.ratis.thirdparty.io.grpc.StatusRuntimeException: UNAVAILABLE: io exception
	at java.util.concurrent.FutureTask.report(FutureTask.java:122)
	at java.util.concurrent.FutureTask.get(FutureTask.java:192)
	at org.apache.ratis.server.impl.LeaderElection.waitForResults(LeaderElection.java:259)
	at org.apache.ratis.server.impl.LeaderElection.askForVotes(LeaderElection.java:197)
	at org.apache.ratis.server.impl.LeaderElection.run(LeaderElection.java:133)
	at java.lang.Thread.run(Thread.java:748)
Caused by: org.apache.ratis.thirdparty.io.grpc.StatusRuntimeException: UNAVAILABLE: io exception
	at org.apache.ratis.thirdparty.io.grpc.stub.ClientCalls.toStatusRuntimeException(ClientCalls.java:233)
	at org.apache.ratis.thirdparty.io.grpc.stub.ClientCalls.getUnchecked(ClientCalls.java:214)
	at org.apache.ratis.thirdparty.io.grpc.stub.ClientCalls.blockingUnaryCall(ClientCalls.java:139)
	at org.apache.ratis.proto.grpc.RaftServerProtocolServiceGrpc$RaftServerProtocolServiceBlockingStub.requestVote(RaftServerProtocolServiceGrpc.java:265)
	at org.apache.ratis.grpc.server.GrpcServerProtocolClient.requestVote(GrpcServerProtocolClient.java:99)
	at org.apache.ratis.grpc.server.GrpcService.requestVote(GrpcService.java:204)
	at org.apache.ratis.server.impl.LeaderElection.lambda$submitRequests$1(LeaderElection.java:234)
	at java.util.concurrent.FutureTask.run(FutureTask.java:266)
	at java.util.concurrent.Executors$RunnableAdapter.call(Executors.java:511)
	at java.util.concurrent.FutureTask.run(FutureTask.java:266)
	at java.util.concurrent.ThreadPoolExecutor.runWorker(ThreadPoolExecutor.java:1149)
	at java.util.concurrent.ThreadPoolExecutor$Worker.run(ThreadPoolExecutor.java:624)
	... 1 more
Caused by: org.apache.ratis.thirdparty.io.netty.channel.AbstractChannel$AnnotatedConnectException: Connection refused: /192.168.157.213:36639
	at sun.nio.ch.SocketChannelImpl.checkConnect(Native Method)
	at sun.nio.ch.SocketChannelImpl.finishConnect(SocketChannelImpl.java:717)
	at org.apache.ratis.thirdparty.io.netty.channel.socket.nio.NioSocketChannel.doFinishConnect(NioSocketChannel.java:327)
	at org.apache.ratis.thirdparty.io.netty.channel.nio.AbstractNioChannel$AbstractNioUnsafe.finishConnect(AbstractNioChannel.java:340)
	at org.apache.ratis.thirdparty.io.netty.channel.nio.NioEventLoop.processSelectedKey(NioEventLoop.java:632)
	at org.apache.ratis.thirdparty.io.netty.channel.nio.NioEventLoop.processSelectedKeysOptimized(NioEventLoop.java:579)
	at org.apache.ratis.thirdparty.io.netty.channel.nio.NioEventLoop.processSelectedKeys(NioEventLoop.java:496)
	at org.apache.ratis.thirdparty.io.netty.channel.nio.NioEventLoop.run(NioEventLoop.java:458)
	at org.apache.ratis.thirdparty.io.netty.util.concurrent.SingleThreadEventExecutor$5.run(SingleThreadEventExecutor.java:897)
	at org.apache.ratis.thirdparty.io.netty.util.concurrent.FastThreadLocalRunnable.run(FastThreadLocalRunnable.java:30)
	... 1 more
Caused by: java.net.ConnectException: Connection refused
	... 11 more
2019-10-19 01:05:01,763 [a1c78c0e-869c-4f76-b4ce-2034448e0b80@group-D48B69A44692-LeaderElection387] INFO  impl.LeaderElection (LogUtils.java:infoOrTrace(149)) - a1c78c0e-869c-4f76-b4ce-2034448e0b80@group-D48B69A44692-LeaderElection387 got exception when requesting votes: {}
java.util.concurrent.ExecutionException: org.apache.ratis.thirdparty.io.grpc.StatusRuntimeException: UNAVAILABLE: io exception
	at java.util.concurrent.FutureTask.report(FutureTask.java:122)
	at java.util.concurrent.FutureTask.get(FutureTask.java:192)
	at org.apache.ratis.server.impl.LeaderElection.waitForResults(LeaderElection.java:259)
	at org.apache.ratis.server.impl.LeaderElection.askForVotes(LeaderElection.java:197)
	at org.apache.ratis.server.impl.LeaderElection.run(LeaderElection.java:133)
	at java.lang.Thread.run(Thread.java:748)
Caused by: org.apache.ratis.thirdparty.io.grpc.StatusRuntimeException: UNAVAILABLE: io exception
	at org.apache.ratis.thirdparty.io.grpc.stub.ClientCalls.toStatusRuntimeException(ClientCalls.java:233)
	at org.apache.ratis.thirdparty.io.grpc.stub.ClientCalls.getUnchecked(ClientCalls.java:214)
	at org.apache.ratis.thirdparty.io.grpc.stub.ClientCalls.blockingUnaryCall(ClientCalls.java:139)
	at org.apache.ratis.proto.grpc.RaftServerProtocolServiceGrpc$RaftServerProtocolServiceBlockingStub.requestVote(RaftServerProtocolServiceGrpc.java:265)
	at org.apache.ratis.grpc.server.GrpcServerProtocolClient.requestVote(GrpcServerProtocolClient.java:99)
	at org.apache.ratis.grpc.server.GrpcService.requestVote(GrpcService.java:204)
	at org.apache.ratis.server.impl.LeaderElection.lambda$submitRequests$1(LeaderElection.java:234)
	at java.util.concurrent.FutureTask.run(FutureTask.java:266)
	at java.util.concurrent.Executors$RunnableAdapter.call(Executors.java:511)
	at java.util.concurrent.FutureTask.run(FutureTask.java:266)
	at java.util.concurrent.ThreadPoolExecutor.runWorker(ThreadPoolExecutor.java:1149)
	at java.util.concurrent.ThreadPoolExecutor$Worker.run(ThreadPoolExecutor.java:624)
	... 1 more
Caused by: org.apache.ratis.thirdparty.io.netty.channel.AbstractChannel$AnnotatedConnectException: Connection refused: /192.168.157.213:37433
	at sun.nio.ch.SocketChannelImpl.checkConnect(Native Method)
	at sun.nio.ch.SocketChannelImpl.finishConnect(SocketChannelImpl.java:717)
	at org.apache.ratis.thirdparty.io.netty.channel.socket.nio.NioSocketChannel.doFinishConnect(NioSocketChannel.java:327)
	at org.apache.ratis.thirdparty.io.netty.channel.nio.AbstractNioChannel$AbstractNioUnsafe.finishConnect(AbstractNioChannel.java:340)
	at org.apache.ratis.thirdparty.io.netty.channel.nio.NioEventLoop.processSelectedKey(NioEventLoop.java:632)
	at org.apache.ratis.thirdparty.io.netty.channel.nio.NioEventLoop.processSelectedKeysOptimized(NioEventLoop.java:579)
	at org.apache.ratis.thirdparty.io.netty.channel.nio.NioEventLoop.processSelectedKeys(NioEventLoop.java:496)
	at org.apache.ratis.thirdparty.io.netty.channel.nio.NioEventLoop.run(NioEventLoop.java:458)
	at org.apache.ratis.thirdparty.io.netty.util.concurrent.SingleThreadEventExecutor$5.run(SingleThreadEventExecutor.java:897)
	at org.apache.ratis.thirdparty.io.netty.util.concurrent.FastThreadLocalRunnable.run(FastThreadLocalRunnable.java:30)
	... 1 more
Caused by: java.net.ConnectException: Connection refused
	... 11 more
2019-10-19 01:05:01,763 [a1c78c0e-869c-4f76-b4ce-2034448e0b80@group-D48B69A44692-LeaderElection387] INFO  impl.LeaderElection (LeaderElection.java:logAndReturn(56)) - a1c78c0e-869c-4f76-b4ce-2034448e0b80@group-D48B69A44692-LeaderElection387: Election REJECTED; received 0 response(s) [] and 2 exception(s); a1c78c0e-869c-4f76-b4ce-2034448e0b80@group-D48B69A44692:t279, leader=null, voted=a1c78c0e-869c-4f76-b4ce-2034448e0b80, raftlog=a1c78c0e-869c-4f76-b4ce-2034448e0b80@group-D48B69A44692-SegmentedRaftLog:OPENED:c-1,f-1,i0, conf=-1: [51276c3c-a3b8-4274-b089-592ff4589f41:192.168.157.213:36639, 64c90977-e867-487c-b50d-c226f2d34a76:192.168.157.213:37433, a1c78c0e-869c-4f76-b4ce-2034448e0b80:192.168.157.213:33501], old=null
2019-10-19 01:05:01,763 [a1c78c0e-869c-4f76-b4ce-2034448e0b80@group-D48B69A44692-LeaderElection387] INFO  impl.LeaderElection (LogUtils.java:infoOrTrace(149)) -   Exception 0: {}
java.util.concurrent.ExecutionException: org.apache.ratis.thirdparty.io.grpc.StatusRuntimeException: UNAVAILABLE: io exception
	at java.util.concurrent.FutureTask.report(FutureTask.java:122)
	at java.util.concurrent.FutureTask.get(FutureTask.java:192)
	at org.apache.ratis.server.impl.LeaderElection.waitForResults(LeaderElection.java:259)
	at org.apache.ratis.server.impl.LeaderElection.askForVotes(LeaderElection.java:197)
	at org.apache.ratis.server.impl.LeaderElection.run(LeaderElection.java:133)
	at java.lang.Thread.run(Thread.java:748)
Caused by: org.apache.ratis.thirdparty.io.grpc.StatusRuntimeException: UNAVAILABLE: io exception
	at org.apache.ratis.thirdparty.io.grpc.stub.ClientCalls.toStatusRuntimeException(ClientCalls.java:233)
	at org.apache.ratis.thirdparty.io.grpc.stub.ClientCalls.getUnchecked(ClientCalls.java:214)
	at org.apache.ratis.thirdparty.io.grpc.stub.ClientCalls.blockingUnaryCall(ClientCalls.java:139)
	at org.apache.ratis.proto.grpc.RaftServerProtocolServiceGrpc$RaftServerProtocolServiceBlockingStub.requestVote(RaftServerProtocolServiceGrpc.java:265)
	at org.apache.ratis.grpc.server.GrpcServerProtocolClient.requestVote(GrpcServerProtocolClient.java:99)
	at org.apache.ratis.grpc.server.GrpcService.requestVote(GrpcService.java:204)
	at org.apache.ratis.server.impl.LeaderElection.lambda$submitRequests$1(LeaderElection.java:234)
	at java.util.concurrent.FutureTask.run(FutureTask.java:266)
	at java.util.concurrent.Executors$RunnableAdapter.call(Executors.java:511)
	at java.util.concurrent.FutureTask.run(FutureTask.java:266)
	at java.util.concurrent.ThreadPoolExecutor.runWorker(ThreadPoolExecutor.java:1149)
	at java.util.concurrent.ThreadPoolExecutor$Worker.run(ThreadPoolExecutor.java:624)
	... 1 more
Caused by: org.apache.ratis.thirdparty.io.netty.channel.AbstractChannel$AnnotatedConnectException: Connection refused: /192.168.157.213:36639
	at sun.nio.ch.SocketChannelImpl.checkConnect(Native Method)
	at sun.nio.ch.SocketChannelImpl.finishConnect(SocketChannelImpl.java:717)
	at org.apache.ratis.thirdparty.io.netty.channel.socket.nio.NioSocketChannel.doFinishConnect(NioSocketChannel.java:327)
	at org.apache.ratis.thirdparty.io.netty.channel.nio.AbstractNioChannel$AbstractNioUnsafe.finishConnect(AbstractNioChannel.java:340)
	at org.apache.ratis.thirdparty.io.netty.channel.nio.NioEventLoop.processSelectedKey(NioEventLoop.java:632)
	at org.apache.ratis.thirdparty.io.netty.channel.nio.NioEventLoop.processSelectedKeysOptimized(NioEventLoop.java:579)
	at org.apache.ratis.thirdparty.io.netty.channel.nio.NioEventLoop.processSelectedKeys(NioEventLoop.java:496)
	at org.apache.ratis.thirdparty.io.netty.channel.nio.NioEventLoop.run(NioEventLoop.java:458)
	at org.apache.ratis.thirdparty.io.netty.util.concurrent.SingleThreadEventExecutor$5.run(SingleThreadEventExecutor.java:897)
	at org.apache.ratis.thirdparty.io.netty.util.concurrent.FastThreadLocalRunnable.run(FastThreadLocalRunnable.java:30)
	... 1 more
Caused by: java.net.ConnectException: Connection refused
	... 11 more
2019-10-19 01:05:01,764 [a1c78c0e-869c-4f76-b4ce-2034448e0b80@group-D48B69A44692-LeaderElection387] INFO  impl.LeaderElection (LogUtils.java:infoOrTrace(149)) -   Exception 1: {}
java.util.concurrent.ExecutionException: org.apache.ratis.thirdparty.io.grpc.StatusRuntimeException: UNAVAILABLE: io exception
	at java.util.concurrent.FutureTask.report(FutureTask.java:122)
	at java.util.concurrent.FutureTask.get(FutureTask.java:192)
	at org.apache.ratis.server.impl.LeaderElection.waitForResults(LeaderElection.java:259)
	at org.apache.ratis.server.impl.LeaderElection.askForVotes(LeaderElection.java:197)
	at org.apache.ratis.server.impl.LeaderElection.run(LeaderElection.java:133)
	at java.lang.Thread.run(Thread.java:748)
Caused by: org.apache.ratis.thirdparty.io.grpc.StatusRuntimeException: UNAVAILABLE: io exception
	at org.apache.ratis.thirdparty.io.grpc.stub.ClientCalls.toStatusRuntimeException(ClientCalls.java:233)
	at org.apache.ratis.thirdparty.io.grpc.stub.ClientCalls.getUnchecked(ClientCalls.java:214)
	at org.apache.ratis.thirdparty.io.grpc.stub.ClientCalls.blockingUnaryCall(ClientCalls.java:139)
	at org.apache.ratis.proto.grpc.RaftServerProtocolServiceGrpc$RaftServerProtocolServiceBlockingStub.requestVote(RaftServerProtocolServiceGrpc.java:265)
	at org.apache.ratis.grpc.server.GrpcServerProtocolClient.requestVote(GrpcServerProtocolClient.java:99)
	at org.apache.ratis.grpc.server.GrpcService.requestVote(GrpcService.java:204)
	at org.apache.ratis.server.impl.LeaderElection.lambda$submitRequests$1(LeaderElection.java:234)
	at java.util.concurrent.FutureTask.run(FutureTask.java:266)
	at java.util.concurrent.Executors$RunnableAdapter.call(Executors.java:511)
	at java.util.concurrent.FutureTask.run(FutureTask.java:266)
	at java.util.concurrent.ThreadPoolExecutor.runWorker(ThreadPoolExecutor.java:1149)
	at java.util.concurrent.ThreadPoolExecutor$Worker.run(ThreadPoolExecutor.java:624)
	... 1 more
Caused by: org.apache.ratis.thirdparty.io.netty.channel.AbstractChannel$AnnotatedConnectException: Connection refused: /192.168.157.213:37433
	at sun.nio.ch.SocketChannelImpl.checkConnect(Native Method)
	at sun.nio.ch.SocketChannelImpl.finishConnect(SocketChannelImpl.java:717)
	at org.apache.ratis.thirdparty.io.netty.channel.socket.nio.NioSocketChannel.doFinishConnect(NioSocketChannel.java:327)
	at org.apache.ratis.thirdparty.io.netty.channel.nio.AbstractNioChannel$AbstractNioUnsafe.finishConnect(AbstractNioChannel.java:340)
	at org.apache.ratis.thirdparty.io.netty.channel.nio.NioEventLoop.processSelectedKey(NioEventLoop.java:632)
	at org.apache.ratis.thirdparty.io.netty.channel.nio.NioEventLoop.processSelectedKeysOptimized(NioEventLoop.java:579)
	at org.apache.ratis.thirdparty.io.netty.channel.nio.NioEventLoop.processSelectedKeys(NioEventLoop.java:496)
	at org.apache.ratis.thirdparty.io.netty.channel.nio.NioEventLoop.run(NioEventLoop.java:458)
	at org.apache.ratis.thirdparty.io.netty.util.concurrent.SingleThreadEventExecutor$5.run(SingleThreadEventExecutor.java:897)
	at org.apache.ratis.thirdparty.io.netty.util.concurrent.FastThreadLocalRunnable.run(FastThreadLocalRunnable.java:30)
	... 1 more
Caused by: java.net.ConnectException: Connection refused
	... 11 more
2019-10-19 01:05:01,764 [a1c78c0e-869c-4f76-b4ce-2034448e0b80@group-D48B69A44692-LeaderElection387] INFO  impl.RaftServerImpl (RaftServerImpl.java:setRole(184)) - a1c78c0e-869c-4f76-b4ce-2034448e0b80@group-D48B69A44692: changes role from CANDIDATE to FOLLOWER at term 279 for DISCOVERED_A_NEW_TERM
2019-10-19 01:05:01,764 [a1c78c0e-869c-4f76-b4ce-2034448e0b80@group-D48B69A44692-LeaderElection387] INFO  impl.RoleInfo (RoleInfo.java:shutdownLeaderElection(134)) - a1c78c0e-869c-4f76-b4ce-2034448e0b80: shutdown LeaderElection
2019-10-19 01:05:01,764 [a1c78c0e-869c-4f76-b4ce-2034448e0b80@group-D48B69A44692-LeaderElection387] INFO  impl.RoleInfo (RoleInfo.java:updateAndGet(143)) - a1c78c0e-869c-4f76-b4ce-2034448e0b80: start FollowerState
2019-10-19 01:05:01,853 [Thread-2878] INFO  impl.FollowerState (FollowerState.java:run(108)) - a1c78c0e-869c-4f76-b4ce-2034448e0b80@group-D48B69A44692-FollowerState: change to CANDIDATE, lastRpcTime:89ms, electionTimeout:89ms
2019-10-19 01:05:01,854 [Thread-2878] INFO  impl.RoleInfo (RoleInfo.java:shutdownFollowerState(121)) - a1c78c0e-869c-4f76-b4ce-2034448e0b80: shutdown FollowerState
2019-10-19 01:05:01,854 [Thread-2878] INFO  impl.RaftServerImpl (RaftServerImpl.java:setRole(184)) - a1c78c0e-869c-4f76-b4ce-2034448e0b80@group-D48B69A44692: changes role from  FOLLOWER to CANDIDATE at term 279 for changeToCandidate
2019-10-19 01:05:01,854 [Thread-2878] INFO  impl.RoleInfo (RoleInfo.java:updateAndGet(143)) - a1c78c0e-869c-4f76-b4ce-2034448e0b80: start LeaderElection
2019-10-19 01:05:01,859 [java.util.concurrent.ThreadPoolExecutor$Worker@3d9b74b8[State = -1, empty queue]] WARN  server.GrpcLogAppender (GrpcLogAppender.java:timeoutAppendRequest(209)) - b26a8d60-58dc-431d-8168-f89a9ab35f3a@group-FB3B7D7D89E3->16805c57-9f45-4377-8998-764a8f26e152-GrpcLogAppender: appendEntries Timeout, request=b26a8d60-58dc-431d-8168-f89a9ab35f3a->16805c57-9f45-4377-8998-764a8f26e152#30-t129, previous=(t:129, i:2), leaderCommit=2, initializing? false, entries: <empty>
2019-10-19 01:05:01,867 [a1c78c0e-869c-4f76-b4ce-2034448e0b80@group-D48B69A44692-LeaderElection388] INFO  impl.LeaderElection (LeaderElection.java:askForVotes(178)) - a1c78c0e-869c-4f76-b4ce-2034448e0b80@group-D48B69A44692-LeaderElection388: begin an election at term 280 for -1: [51276c3c-a3b8-4274-b089-592ff4589f41:192.168.157.213:36639, 64c90977-e867-487c-b50d-c226f2d34a76:192.168.157.213:37433, a1c78c0e-869c-4f76-b4ce-2034448e0b80:192.168.157.213:33501], old=null
2019-10-19 01:05:01,868 [a1c78c0e-869c-4f76-b4ce-2034448e0b80@group-D48B69A44692-LeaderElection388] INFO  impl.LeaderElection (LogUtils.java:infoOrTrace(149)) - a1c78c0e-869c-4f76-b4ce-2034448e0b80@group-D48B69A44692-LeaderElection388 got exception when requesting votes: {}
java.util.concurrent.ExecutionException: org.apache.ratis.thirdparty.io.grpc.StatusRuntimeException: UNAVAILABLE: io exception
	at java.util.concurrent.FutureTask.report(FutureTask.java:122)
	at java.util.concurrent.FutureTask.get(FutureTask.java:192)
	at org.apache.ratis.server.impl.LeaderElection.waitForResults(LeaderElection.java:259)
	at org.apache.ratis.server.impl.LeaderElection.askForVotes(LeaderElection.java:197)
	at org.apache.ratis.server.impl.LeaderElection.run(LeaderElection.java:133)
	at java.lang.Thread.run(Thread.java:748)
Caused by: org.apache.ratis.thirdparty.io.grpc.StatusRuntimeException: UNAVAILABLE: io exception
	at org.apache.ratis.thirdparty.io.grpc.stub.ClientCalls.toStatusRuntimeException(ClientCalls.java:233)
	at org.apache.ratis.thirdparty.io.grpc.stub.ClientCalls.getUnchecked(ClientCalls.java:214)
	at org.apache.ratis.thirdparty.io.grpc.stub.ClientCalls.blockingUnaryCall(ClientCalls.java:139)
	at org.apache.ratis.proto.grpc.RaftServerProtocolServiceGrpc$RaftServerProtocolServiceBlockingStub.requestVote(RaftServerProtocolServiceGrpc.java:265)
	at org.apache.ratis.grpc.server.GrpcServerProtocolClient.requestVote(GrpcServerProtocolClient.java:99)
	at org.apache.ratis.grpc.server.GrpcService.requestVote(GrpcService.java:204)
	at org.apache.ratis.server.impl.LeaderElection.lambda$submitRequests$1(LeaderElection.java:234)
	at java.util.concurrent.FutureTask.run(FutureTask.java:266)
	at java.util.concurrent.Executors$RunnableAdapter.call(Executors.java:511)
	at java.util.concurrent.FutureTask.run(FutureTask.java:266)
	at java.util.concurrent.ThreadPoolExecutor.runWorker(ThreadPoolExecutor.java:1149)
	at java.util.concurrent.ThreadPoolExecutor$Worker.run(ThreadPoolExecutor.java:624)
	... 1 more
Caused by: org.apache.ratis.thirdparty.io.netty.channel.AbstractChannel$AnnotatedConnectException: Connection refused: /192.168.157.213:36639
	at sun.nio.ch.SocketChannelImpl.checkConnect(Native Method)
	at sun.nio.ch.SocketChannelImpl.finishConnect(SocketChannelImpl.java:717)
	at org.apache.ratis.thirdparty.io.netty.channel.socket.nio.NioSocketChannel.doFinishConnect(NioSocketChannel.java:327)
	at org.apache.ratis.thirdparty.io.netty.channel.nio.AbstractNioChannel$AbstractNioUnsafe.finishConnect(AbstractNioChannel.java:340)
	at org.apache.ratis.thirdparty.io.netty.channel.nio.NioEventLoop.processSelectedKey(NioEventLoop.java:632)
	at org.apache.ratis.thirdparty.io.netty.channel.nio.NioEventLoop.processSelectedKeysOptimized(NioEventLoop.java:579)
	at org.apache.ratis.thirdparty.io.netty.channel.nio.NioEventLoop.processSelectedKeys(NioEventLoop.java:496)
	at org.apache.ratis.thirdparty.io.netty.channel.nio.NioEventLoop.run(NioEventLoop.java:458)
	at org.apache.ratis.thirdparty.io.netty.util.concurrent.SingleThreadEventExecutor$5.run(SingleThreadEventExecutor.java:897)
	at org.apache.ratis.thirdparty.io.netty.util.concurrent.FastThreadLocalRunnable.run(FastThreadLocalRunnable.java:30)
	... 1 more
Caused by: java.net.ConnectException: Connection refused
	... 11 more
2019-10-19 01:05:01,869 [a1c78c0e-869c-4f76-b4ce-2034448e0b80@group-D48B69A44692-LeaderElection388] INFO  impl.LeaderElection (LogUtils.java:infoOrTrace(149)) - a1c78c0e-869c-4f76-b4ce-2034448e0b80@group-D48B69A44692-LeaderElection388 got exception when requesting votes: {}
java.util.concurrent.ExecutionException: org.apache.ratis.thirdparty.io.grpc.StatusRuntimeException: UNAVAILABLE: io exception
	at java.util.concurrent.FutureTask.report(FutureTask.java:122)
	at java.util.concurrent.FutureTask.get(FutureTask.java:192)
	at org.apache.ratis.server.impl.LeaderElection.waitForResults(LeaderElection.java:259)
	at org.apache.ratis.server.impl.LeaderElection.askForVotes(LeaderElection.java:197)
	at org.apache.ratis.server.impl.LeaderElection.run(LeaderElection.java:133)
	at java.lang.Thread.run(Thread.java:748)
Caused by: org.apache.ratis.thirdparty.io.grpc.StatusRuntimeException: UNAVAILABLE: io exception
	at org.apache.ratis.thirdparty.io.grpc.stub.ClientCalls.toStatusRuntimeException(ClientCalls.java:233)
	at org.apache.ratis.thirdparty.io.grpc.stub.ClientCalls.getUnchecked(ClientCalls.java:214)
	at org.apache.ratis.thirdparty.io.grpc.stub.ClientCalls.blockingUnaryCall(ClientCalls.java:139)
	at org.apache.ratis.proto.grpc.RaftServerProtocolServiceGrpc$RaftServerProtocolServiceBlockingStub.requestVote(RaftServerProtocolServiceGrpc.java:265)
	at org.apache.ratis.grpc.server.GrpcServerProtocolClient.requestVote(GrpcServerProtocolClient.java:99)
	at org.apache.ratis.grpc.server.GrpcService.requestVote(GrpcService.java:204)
	at org.apache.ratis.server.impl.LeaderElection.lambda$submitRequests$1(LeaderElection.java:234)
	at java.util.concurrent.FutureTask.run(FutureTask.java:266)
	at java.util.concurrent.Executors$RunnableAdapter.call(Executors.java:511)
	at java.util.concurrent.FutureTask.run(FutureTask.java:266)
	at java.util.concurrent.ThreadPoolExecutor.runWorker(ThreadPoolExecutor.java:1149)
	at java.util.concurrent.ThreadPoolExecutor$Worker.run(ThreadPoolExecutor.java:624)
	... 1 more
Caused by: org.apache.ratis.thirdparty.io.netty.channel.AbstractChannel$AnnotatedConnectException: Connection refused: /192.168.157.213:37433
	at sun.nio.ch.SocketChannelImpl.checkConnect(Native Method)
	at sun.nio.ch.SocketChannelImpl.finishConnect(SocketChannelImpl.java:717)
	at org.apache.ratis.thirdparty.io.netty.channel.socket.nio.NioSocketChannel.doFinishConnect(NioSocketChannel.java:327)
	at org.apache.ratis.thirdparty.io.netty.channel.nio.AbstractNioChannel$AbstractNioUnsafe.finishConnect(AbstractNioChannel.java:340)
	at org.apache.ratis.thirdparty.io.netty.channel.nio.NioEventLoop.processSelectedKey(NioEventLoop.java:632)
	at org.apache.ratis.thirdparty.io.netty.channel.nio.NioEventLoop.processSelectedKeysOptimized(NioEventLoop.java:579)
	at org.apache.ratis.thirdparty.io.netty.channel.nio.NioEventLoop.processSelectedKeys(NioEventLoop.java:496)
	at org.apache.ratis.thirdparty.io.netty.channel.nio.NioEventLoop.run(NioEventLoop.java:458)
	at org.apache.ratis.thirdparty.io.netty.util.concurrent.SingleThreadEventExecutor$5.run(SingleThreadEventExecutor.java:897)
	at org.apache.ratis.thirdparty.io.netty.util.concurrent.FastThreadLocalRunnable.run(FastThreadLocalRunnable.java:30)
	... 1 more
Caused by: java.net.ConnectException: Connection refused
	... 11 more
2019-10-19 01:05:01,870 [a1c78c0e-869c-4f76-b4ce-2034448e0b80@group-D48B69A44692-LeaderElection388] INFO  impl.LeaderElection (LeaderElection.java:logAndReturn(56)) - a1c78c0e-869c-4f76-b4ce-2034448e0b80@group-D48B69A44692-LeaderElection388: Election REJECTED; received 0 response(s) [] and 2 exception(s); a1c78c0e-869c-4f76-b4ce-2034448e0b80@group-D48B69A44692:t280, leader=null, voted=a1c78c0e-869c-4f76-b4ce-2034448e0b80, raftlog=a1c78c0e-869c-4f76-b4ce-2034448e0b80@group-D48B69A44692-SegmentedRaftLog:OPENED:c-1,f-1,i0, conf=-1: [51276c3c-a3b8-4274-b089-592ff4589f41:192.168.157.213:36639, 64c90977-e867-487c-b50d-c226f2d34a76:192.168.157.213:37433, a1c78c0e-869c-4f76-b4ce-2034448e0b80:192.168.157.213:33501], old=null
2019-10-19 01:05:01,870 [a1c78c0e-869c-4f76-b4ce-2034448e0b80@group-D48B69A44692-LeaderElection388] INFO  impl.LeaderElection (LogUtils.java:infoOrTrace(149)) -   Exception 0: {}
java.util.concurrent.ExecutionException: org.apache.ratis.thirdparty.io.grpc.StatusRuntimeException: UNAVAILABLE: io exception
	at java.util.concurrent.FutureTask.report(FutureTask.java:122)
	at java.util.concurrent.FutureTask.get(FutureTask.java:192)
	at org.apache.ratis.server.impl.LeaderElection.waitForResults(LeaderElection.java:259)
	at org.apache.ratis.server.impl.LeaderElection.askForVotes(LeaderElection.java:197)
	at org.apache.ratis.server.impl.LeaderElection.run(LeaderElection.java:133)
	at java.lang.Thread.run(Thread.java:748)
Caused by: org.apache.ratis.thirdparty.io.grpc.StatusRuntimeException: UNAVAILABLE: io exception
	at org.apache.ratis.thirdparty.io.grpc.stub.ClientCalls.toStatusRuntimeException(ClientCalls.java:233)
	at org.apache.ratis.thirdparty.io.grpc.stub.ClientCalls.getUnchecked(ClientCalls.java:214)
	at org.apache.ratis.thirdparty.io.grpc.stub.ClientCalls.blockingUnaryCall(ClientCalls.java:139)
	at org.apache.ratis.proto.grpc.RaftServerProtocolServiceGrpc$RaftServerProtocolServiceBlockingStub.requestVote(RaftServerProtocolServiceGrpc.java:265)
	at org.apache.ratis.grpc.server.GrpcServerProtocolClient.requestVote(GrpcServerProtocolClient.java:99)
	at org.apache.ratis.grpc.server.GrpcService.requestVote(GrpcService.java:204)
	at org.apache.ratis.server.impl.LeaderElection.lambda$submitRequests$1(LeaderElection.java:234)
	at java.util.concurrent.FutureTask.run(FutureTask.java:266)
	at java.util.concurrent.Executors$RunnableAdapter.call(Executors.java:511)
	at java.util.concurrent.FutureTask.run(FutureTask.java:266)
	at java.util.concurrent.ThreadPoolExecutor.runWorker(ThreadPoolExecutor.java:1149)
	at java.util.concurrent.ThreadPoolExecutor$Worker.run(ThreadPoolExecutor.java:624)
	... 1 more
Caused by: org.apache.ratis.thirdparty.io.netty.channel.AbstractChannel$AnnotatedConnectException: Connection refused: /192.168.157.213:36639
	at sun.nio.ch.SocketChannelImpl.checkConnect(Native Method)
	at sun.nio.ch.SocketChannelImpl.finishConnect(SocketChannelImpl.java:717)
	at org.apache.ratis.thirdparty.io.netty.channel.socket.nio.NioSocketChannel.doFinishConnect(NioSocketChannel.java:327)
	at org.apache.ratis.thirdparty.io.netty.channel.nio.AbstractNioChannel$AbstractNioUnsafe.finishConnect(AbstractNioChannel.java:340)
	at org.apache.ratis.thirdparty.io.netty.channel.nio.NioEventLoop.processSelectedKey(NioEventLoop.java:632)
	at org.apache.ratis.thirdparty.io.netty.channel.nio.NioEventLoop.processSelectedKeysOptimized(NioEventLoop.java:579)
	at org.apache.ratis.thirdparty.io.netty.channel.nio.NioEventLoop.processSelectedKeys(NioEventLoop.java:496)
	at org.apache.ratis.thirdparty.io.netty.channel.nio.NioEventLoop.run(NioEventLoop.java:458)
	at org.apache.ratis.thirdparty.io.netty.util.concurrent.SingleThreadEventExecutor$5.run(SingleThreadEventExecutor.java:897)
	at org.apache.ratis.thirdparty.io.netty.util.concurrent.FastThreadLocalRunnable.run(FastThreadLocalRunnable.java:30)
	... 1 more
Caused by: java.net.ConnectException: Connection refused
	... 11 more
2019-10-19 01:05:01,870 [a1c78c0e-869c-4f76-b4ce-2034448e0b80@group-D48B69A44692-LeaderElection388] INFO  impl.LeaderElection (LogUtils.java:infoOrTrace(149)) -   Exception 1: {}
java.util.concurrent.ExecutionException: org.apache.ratis.thirdparty.io.grpc.StatusRuntimeException: UNAVAILABLE: io exception
	at java.util.concurrent.FutureTask.report(FutureTask.java:122)
	at java.util.concurrent.FutureTask.get(FutureTask.java:192)
	at org.apache.ratis.server.impl.LeaderElection.waitForResults(LeaderElection.java:259)
	at org.apache.ratis.server.impl.LeaderElection.askForVotes(LeaderElection.java:197)
	at org.apache.ratis.server.impl.LeaderElection.run(LeaderElection.java:133)
	at java.lang.Thread.run(Thread.java:748)
Caused by: org.apache.ratis.thirdparty.io.grpc.StatusRuntimeException: UNAVAILABLE: io exception
	at org.apache.ratis.thirdparty.io.grpc.stub.ClientCalls.toStatusRuntimeException(ClientCalls.java:233)
	at org.apache.ratis.thirdparty.io.grpc.stub.ClientCalls.getUnchecked(ClientCalls.java:214)
	at org.apache.ratis.thirdparty.io.grpc.stub.ClientCalls.blockingUnaryCall(ClientCalls.java:139)
	at org.apache.ratis.proto.grpc.RaftServerProtocolServiceGrpc$RaftServerProtocolServiceBlockingStub.requestVote(RaftServerProtocolServiceGrpc.java:265)
	at org.apache.ratis.grpc.server.GrpcServerProtocolClient.requestVote(GrpcServerProtocolClient.java:99)
	at org.apache.ratis.grpc.server.GrpcService.requestVote(GrpcService.java:204)
	at org.apache.ratis.server.impl.LeaderElection.lambda$submitRequests$1(LeaderElection.java:234)
	at java.util.concurrent.FutureTask.run(FutureTask.java:266)
	at java.util.concurrent.Executors$RunnableAdapter.call(Executors.java:511)
	at java.util.concurrent.FutureTask.run(FutureTask.java:266)
	at java.util.concurrent.ThreadPoolExecutor.runWorker(ThreadPoolExecutor.java:1149)
	at java.util.concurrent.ThreadPoolExecutor$Worker.run(ThreadPoolExecutor.java:624)
	... 1 more
Caused by: org.apache.ratis.thirdparty.io.netty.channel.AbstractChannel$AnnotatedConnectException: Connection refused: /192.168.157.213:37433
	at sun.nio.ch.SocketChannelImpl.checkConnect(Native Method)
	at sun.nio.ch.SocketChannelImpl.finishConnect(SocketChannelImpl.java:717)
	at org.apache.ratis.thirdparty.io.netty.channel.socket.nio.NioSocketChannel.doFinishConnect(NioSocketChannel.java:327)
	at org.apache.ratis.thirdparty.io.netty.channel.nio.AbstractNioChannel$AbstractNioUnsafe.finishConnect(AbstractNioChannel.java:340)
	at org.apache.ratis.thirdparty.io.netty.channel.nio.NioEventLoop.processSelectedKey(NioEventLoop.java:632)
	at org.apache.ratis.thirdparty.io.netty.channel.nio.NioEventLoop.processSelectedKeysOptimized(NioEventLoop.java:579)
	at org.apache.ratis.thirdparty.io.netty.channel.nio.NioEventLoop.processSelectedKeys(NioEventLoop.java:496)
	at org.apache.ratis.thirdparty.io.netty.channel.nio.NioEventLoop.run(NioEventLoop.java:458)
	at org.apache.ratis.thirdparty.io.netty.util.concurrent.SingleThreadEventExecutor$5.run(SingleThreadEventExecutor.java:897)
	at org.apache.ratis.thirdparty.io.netty.util.concurrent.FastThreadLocalRunnable.run(FastThreadLocalRunnable.java:30)
	... 1 more
Caused by: java.net.ConnectException: Connection refused
	... 11 more
2019-10-19 01:05:01,871 [a1c78c0e-869c-4f76-b4ce-2034448e0b80@group-D48B69A44692-LeaderElection388] INFO  impl.RaftServerImpl (RaftServerImpl.java:setRole(184)) - a1c78c0e-869c-4f76-b4ce-2034448e0b80@group-D48B69A44692: changes role from CANDIDATE to FOLLOWER at term 280 for DISCOVERED_A_NEW_TERM
2019-10-19 01:05:01,871 [a1c78c0e-869c-4f76-b4ce-2034448e0b80@group-D48B69A44692-LeaderElection388] INFO  impl.RoleInfo (RoleInfo.java:shutdownLeaderElection(134)) - a1c78c0e-869c-4f76-b4ce-2034448e0b80: shutdown LeaderElection
2019-10-19 01:05:01,871 [a1c78c0e-869c-4f76-b4ce-2034448e0b80@group-D48B69A44692-LeaderElection388] INFO  impl.RoleInfo (RoleInfo.java:updateAndGet(143)) - a1c78c0e-869c-4f76-b4ce-2034448e0b80: start FollowerState
2019-10-19 01:05:01,924 [Thread-2882] INFO  impl.FollowerState (FollowerState.java:run(108)) - a1c78c0e-869c-4f76-b4ce-2034448e0b80@group-D48B69A44692-FollowerState: change to CANDIDATE, lastRpcTime:53ms, electionTimeout:53ms
2019-10-19 01:05:01,924 [Thread-2882] INFO  impl.RoleInfo (RoleInfo.java:shutdownFollowerState(121)) - a1c78c0e-869c-4f76-b4ce-2034448e0b80: shutdown FollowerState
2019-10-19 01:05:01,925 [Thread-2882] INFO  impl.RaftServerImpl (RaftServerImpl.java:setRole(184)) - a1c78c0e-869c-4f76-b4ce-2034448e0b80@group-D48B69A44692: changes role from  FOLLOWER to CANDIDATE at term 280 for changeToCandidate
2019-10-19 01:05:01,925 [Thread-2882] INFO  impl.RoleInfo (RoleInfo.java:updateAndGet(143)) - a1c78c0e-869c-4f76-b4ce-2034448e0b80: start LeaderElection
2019-10-19 01:05:01,935 [a1c78c0e-869c-4f76-b4ce-2034448e0b80@group-D48B69A44692-LeaderElection389] INFO  impl.LeaderElection (LeaderElection.java:askForVotes(178)) - a1c78c0e-869c-4f76-b4ce-2034448e0b80@group-D48B69A44692-LeaderElection389: begin an election at term 281 for -1: [51276c3c-a3b8-4274-b089-592ff4589f41:192.168.157.213:36639, 64c90977-e867-487c-b50d-c226f2d34a76:192.168.157.213:37433, a1c78c0e-869c-4f76-b4ce-2034448e0b80:192.168.157.213:33501], old=null
2019-10-19 01:05:01,936 [a1c78c0e-869c-4f76-b4ce-2034448e0b80@group-D48B69A44692-LeaderElection389] INFO  impl.LeaderElection (LogUtils.java:infoOrTrace(149)) - a1c78c0e-869c-4f76-b4ce-2034448e0b80@group-D48B69A44692-LeaderElection389 got exception when requesting votes: {}
java.util.concurrent.ExecutionException: org.apache.ratis.thirdparty.io.grpc.StatusRuntimeException: UNAVAILABLE: io exception
	at java.util.concurrent.FutureTask.report(FutureTask.java:122)
	at java.util.concurrent.FutureTask.get(FutureTask.java:192)
	at org.apache.ratis.server.impl.LeaderElection.waitForResults(LeaderElection.java:259)
	at org.apache.ratis.server.impl.LeaderElection.askForVotes(LeaderElection.java:197)
	at org.apache.ratis.server.impl.LeaderElection.run(LeaderElection.java:133)
	at java.lang.Thread.run(Thread.java:748)
Caused by: org.apache.ratis.thirdparty.io.grpc.StatusRuntimeException: UNAVAILABLE: io exception
	at org.apache.ratis.thirdparty.io.grpc.stub.ClientCalls.toStatusRuntimeException(ClientCalls.java:233)
	at org.apache.ratis.thirdparty.io.grpc.stub.ClientCalls.getUnchecked(ClientCalls.java:214)
	at org.apache.ratis.thirdparty.io.grpc.stub.ClientCalls.blockingUnaryCall(ClientCalls.java:139)
	at org.apache.ratis.proto.grpc.RaftServerProtocolServiceGrpc$RaftServerProtocolServiceBlockingStub.requestVote(RaftServerProtocolServiceGrpc.java:265)
	at org.apache.ratis.grpc.server.GrpcServerProtocolClient.requestVote(GrpcServerProtocolClient.java:99)
	at org.apache.ratis.grpc.server.GrpcService.requestVote(GrpcService.java:204)
	at org.apache.ratis.server.impl.LeaderElection.lambda$submitRequests$1(LeaderElection.java:234)
	at java.util.concurrent.FutureTask.run(FutureTask.java:266)
	at java.util.concurrent.Executors$RunnableAdapter.call(Executors.java:511)
	at java.util.concurrent.FutureTask.run(FutureTask.java:266)
	at java.util.concurrent.ThreadPoolExecutor.runWorker(ThreadPoolExecutor.java:1149)
	at java.util.concurrent.ThreadPoolExecutor$Worker.run(ThreadPoolExecutor.java:624)
	... 1 more
Caused by: org.apache.ratis.thirdparty.io.netty.channel.AbstractChannel$AnnotatedConnectException: Connection refused: /192.168.157.213:36639
	at sun.nio.ch.SocketChannelImpl.checkConnect(Native Method)
	at sun.nio.ch.SocketChannelImpl.finishConnect(SocketChannelImpl.java:717)
	at org.apache.ratis.thirdparty.io.netty.channel.socket.nio.NioSocketChannel.doFinishConnect(NioSocketChannel.java:327)
	at org.apache.ratis.thirdparty.io.netty.channel.nio.AbstractNioChannel$AbstractNioUnsafe.finishConnect(AbstractNioChannel.java:340)
	at org.apache.ratis.thirdparty.io.netty.channel.nio.NioEventLoop.processSelectedKey(NioEventLoop.java:632)
	at org.apache.ratis.thirdparty.io.netty.channel.nio.NioEventLoop.processSelectedKeysOptimized(NioEventLoop.java:579)
	at org.apache.ratis.thirdparty.io.netty.channel.nio.NioEventLoop.processSelectedKeys(NioEventLoop.java:496)
	at org.apache.ratis.thirdparty.io.netty.channel.nio.NioEventLoop.run(NioEventLoop.java:458)
	at org.apache.ratis.thirdparty.io.netty.util.concurrent.SingleThreadEventExecutor$5.run(SingleThreadEventExecutor.java:897)
	at org.apache.ratis.thirdparty.io.netty.util.concurrent.FastThreadLocalRunnable.run(FastThreadLocalRunnable.java:30)
	... 1 more
Caused by: java.net.ConnectException: Connection refused
	... 11 more
2019-10-19 01:05:01,936 [a1c78c0e-869c-4f76-b4ce-2034448e0b80@group-D48B69A44692-LeaderElection389] INFO  impl.LeaderElection (LogUtils.java:infoOrTrace(149)) - a1c78c0e-869c-4f76-b4ce-2034448e0b80@group-D48B69A44692-LeaderElection389 got exception when requesting votes: {}
java.util.concurrent.ExecutionException: org.apache.ratis.thirdparty.io.grpc.StatusRuntimeException: UNAVAILABLE: io exception
	at java.util.concurrent.FutureTask.report(FutureTask.java:122)
	at java.util.concurrent.FutureTask.get(FutureTask.java:192)
	at org.apache.ratis.server.impl.LeaderElection.waitForResults(LeaderElection.java:259)
	at org.apache.ratis.server.impl.LeaderElection.askForVotes(LeaderElection.java:197)
	at org.apache.ratis.server.impl.LeaderElection.run(LeaderElection.java:133)
	at java.lang.Thread.run(Thread.java:748)
Caused by: org.apache.ratis.thirdparty.io.grpc.StatusRuntimeException: UNAVAILABLE: io exception
	at org.apache.ratis.thirdparty.io.grpc.stub.ClientCalls.toStatusRuntimeException(ClientCalls.java:233)
	at org.apache.ratis.thirdparty.io.grpc.stub.ClientCalls.getUnchecked(ClientCalls.java:214)
	at org.apache.ratis.thirdparty.io.grpc.stub.ClientCalls.blockingUnaryCall(ClientCalls.java:139)
	at org.apache.ratis.proto.grpc.RaftServerProtocolServiceGrpc$RaftServerProtocolServiceBlockingStub.requestVote(RaftServerProtocolServiceGrpc.java:265)
	at org.apache.ratis.grpc.server.GrpcServerProtocolClient.requestVote(GrpcServerProtocolClient.java:99)
	at org.apache.ratis.grpc.server.GrpcService.requestVote(GrpcService.java:204)
	at org.apache.ratis.server.impl.LeaderElection.lambda$submitRequests$1(LeaderElection.java:234)
	at java.util.concurrent.FutureTask.run(FutureTask.java:266)
	at java.util.concurrent.Executors$RunnableAdapter.call(Executors.java:511)
	at java.util.concurrent.FutureTask.run(FutureTask.java:266)
	at java.util.concurrent.ThreadPoolExecutor.runWorker(ThreadPoolExecutor.java:1149)
	at java.util.concurrent.ThreadPoolExecutor$Worker.run(ThreadPoolExecutor.java:624)
	... 1 more
Caused by: org.apache.ratis.thirdparty.io.netty.channel.AbstractChannel$AnnotatedConnectException: Connection refused: /192.168.157.213:37433
	at sun.nio.ch.SocketChannelImpl.checkConnect(Native Method)
	at sun.nio.ch.SocketChannelImpl.finishConnect(SocketChannelImpl.java:717)
	at org.apache.ratis.thirdparty.io.netty.channel.socket.nio.NioSocketChannel.doFinishConnect(NioSocketChannel.java:327)
	at org.apache.ratis.thirdparty.io.netty.channel.nio.AbstractNioChannel$AbstractNioUnsafe.finishConnect(AbstractNioChannel.java:340)
	at org.apache.ratis.thirdparty.io.netty.channel.nio.NioEventLoop.processSelectedKey(NioEventLoop.java:632)
	at org.apache.ratis.thirdparty.io.netty.channel.nio.NioEventLoop.processSelectedKeysOptimized(NioEventLoop.java:579)
	at org.apache.ratis.thirdparty.io.netty.channel.nio.NioEventLoop.processSelectedKeys(NioEventLoop.java:496)
	at org.apache.ratis.thirdparty.io.netty.channel.nio.NioEventLoop.run(NioEventLoop.java:458)
	at org.apache.ratis.thirdparty.io.netty.util.concurrent.SingleThreadEventExecutor$5.run(SingleThreadEventExecutor.java:897)
	at org.apache.ratis.thirdparty.io.netty.util.concurrent.FastThreadLocalRunnable.run(FastThreadLocalRunnable.java:30)
	... 1 more
Caused by: java.net.ConnectException: Connection refused
	... 11 more
2019-10-19 01:05:01,937 [a1c78c0e-869c-4f76-b4ce-2034448e0b80@group-D48B69A44692-LeaderElection389] INFO  impl.LeaderElection (LeaderElection.java:logAndReturn(56)) - a1c78c0e-869c-4f76-b4ce-2034448e0b80@group-D48B69A44692-LeaderElection389: Election REJECTED; received 0 response(s) [] and 2 exception(s); a1c78c0e-869c-4f76-b4ce-2034448e0b80@group-D48B69A44692:t281, leader=null, voted=a1c78c0e-869c-4f76-b4ce-2034448e0b80, raftlog=a1c78c0e-869c-4f76-b4ce-2034448e0b80@group-D48B69A44692-SegmentedRaftLog:OPENED:c-1,f-1,i0, conf=-1: [51276c3c-a3b8-4274-b089-592ff4589f41:192.168.157.213:36639, 64c90977-e867-487c-b50d-c226f2d34a76:192.168.157.213:37433, a1c78c0e-869c-4f76-b4ce-2034448e0b80:192.168.157.213:33501], old=null
2019-10-19 01:05:01,937 [a1c78c0e-869c-4f76-b4ce-2034448e0b80@group-D48B69A44692-LeaderElection389] INFO  impl.LeaderElection (LogUtils.java:infoOrTrace(149)) -   Exception 0: {}
java.util.concurrent.ExecutionException: org.apache.ratis.thirdparty.io.grpc.StatusRuntimeException: UNAVAILABLE: io exception
	at java.util.concurrent.FutureTask.report(FutureTask.java:122)
	at java.util.concurrent.FutureTask.get(FutureTask.java:192)
	at org.apache.ratis.server.impl.LeaderElection.waitForResults(LeaderElection.java:259)
	at org.apache.ratis.server.impl.LeaderElection.askForVotes(LeaderElection.java:197)
	at org.apache.ratis.server.impl.LeaderElection.run(LeaderElection.java:133)
	at java.lang.Thread.run(Thread.java:748)
Caused by: org.apache.ratis.thirdparty.io.grpc.StatusRuntimeException: UNAVAILABLE: io exception
	at org.apache.ratis.thirdparty.io.grpc.stub.ClientCalls.toStatusRuntimeException(ClientCalls.java:233)
	at org.apache.ratis.thirdparty.io.grpc.stub.ClientCalls.getUnchecked(ClientCalls.java:214)
	at org.apache.ratis.thirdparty.io.grpc.stub.ClientCalls.blockingUnaryCall(ClientCalls.java:139)
	at org.apache.ratis.proto.grpc.RaftServerProtocolServiceGrpc$RaftServerProtocolServiceBlockingStub.requestVote(RaftServerProtocolServiceGrpc.java:265)
	at org.apache.ratis.grpc.server.GrpcServerProtocolClient.requestVote(GrpcServerProtocolClient.java:99)
	at org.apache.ratis.grpc.server.GrpcService.requestVote(GrpcService.java:204)
	at org.apache.ratis.server.impl.LeaderElection.lambda$submitRequests$1(LeaderElection.java:234)
	at java.util.concurrent.FutureTask.run(FutureTask.java:266)
	at java.util.concurrent.Executors$RunnableAdapter.call(Executors.java:511)
	at java.util.concurrent.FutureTask.run(FutureTask.java:266)
	at java.util.concurrent.ThreadPoolExecutor.runWorker(ThreadPoolExecutor.java:1149)
	at java.util.concurrent.ThreadPoolExecutor$Worker.run(ThreadPoolExecutor.java:624)
	... 1 more
Caused by: org.apache.ratis.thirdparty.io.netty.channel.AbstractChannel$AnnotatedConnectException: Connection refused: /192.168.157.213:36639
	at sun.nio.ch.SocketChannelImpl.checkConnect(Native Method)
	at sun.nio.ch.SocketChannelImpl.finishConnect(SocketChannelImpl.java:717)
	at org.apache.ratis.thirdparty.io.netty.channel.socket.nio.NioSocketChannel.doFinishConnect(NioSocketChannel.java:327)
	at org.apache.ratis.thirdparty.io.netty.channel.nio.AbstractNioChannel$AbstractNioUnsafe.finishConnect(AbstractNioChannel.java:340)
	at org.apache.ratis.thirdparty.io.netty.channel.nio.NioEventLoop.processSelectedKey(NioEventLoop.java:632)
	at org.apache.ratis.thirdparty.io.netty.channel.nio.NioEventLoop.processSelectedKeysOptimized(NioEventLoop.java:579)
	at org.apache.ratis.thirdparty.io.netty.channel.nio.NioEventLoop.processSelectedKeys(NioEventLoop.java:496)
	at org.apache.ratis.thirdparty.io.netty.channel.nio.NioEventLoop.run(NioEventLoop.java:458)
	at org.apache.ratis.thirdparty.io.netty.util.concurrent.SingleThreadEventExecutor$5.run(SingleThreadEventExecutor.java:897)
	at org.apache.ratis.thirdparty.io.netty.util.concurrent.FastThreadLocalRunnable.run(FastThreadLocalRunnable.java:30)
	... 1 more
Caused by: java.net.ConnectException: Connection refused
	... 11 more
2019-10-19 01:05:01,937 [a1c78c0e-869c-4f76-b4ce-2034448e0b80@group-D48B69A44692-LeaderElection389] INFO  impl.LeaderElection (LogUtils.java:infoOrTrace(149)) -   Exception 1: {}
java.util.concurrent.ExecutionException: org.apache.ratis.thirdparty.io.grpc.StatusRuntimeException: UNAVAILABLE: io exception
	at java.util.concurrent.FutureTask.report(FutureTask.java:122)
	at java.util.concurrent.FutureTask.get(FutureTask.java:192)
	at org.apache.ratis.server.impl.LeaderElection.waitForResults(LeaderElection.java:259)
	at org.apache.ratis.server.impl.LeaderElection.askForVotes(LeaderElection.java:197)
	at org.apache.ratis.server.impl.LeaderElection.run(LeaderElection.java:133)
	at java.lang.Thread.run(Thread.java:748)
Caused by: org.apache.ratis.thirdparty.io.grpc.StatusRuntimeException: UNAVAILABLE: io exception
	at org.apache.ratis.thirdparty.io.grpc.stub.ClientCalls.toStatusRuntimeException(ClientCalls.java:233)
	at org.apache.ratis.thirdparty.io.grpc.stub.ClientCalls.getUnchecked(ClientCalls.java:214)
	at org.apache.ratis.thirdparty.io.grpc.stub.ClientCalls.blockingUnaryCall(ClientCalls.java:139)
	at org.apache.ratis.proto.grpc.RaftServerProtocolServiceGrpc$RaftServerProtocolServiceBlockingStub.requestVote(RaftServerProtocolServiceGrpc.java:265)
	at org.apache.ratis.grpc.server.GrpcServerProtocolClient.requestVote(GrpcServerProtocolClient.java:99)
	at org.apache.ratis.grpc.server.GrpcService.requestVote(GrpcService.java:204)
	at org.apache.ratis.server.impl.LeaderElection.lambda$submitRequests$1(LeaderElection.java:234)
	at java.util.concurrent.FutureTask.run(FutureTask.java:266)
	at java.util.concurrent.Executors$RunnableAdapter.call(Executors.java:511)
	at java.util.concurrent.FutureTask.run(FutureTask.java:266)
	at java.util.concurrent.ThreadPoolExecutor.runWorker(ThreadPoolExecutor.java:1149)
	at java.util.concurrent.ThreadPoolExecutor$Worker.run(ThreadPoolExecutor.java:624)
	... 1 more
Caused by: org.apache.ratis.thirdparty.io.netty.channel.AbstractChannel$AnnotatedConnectException: Connection refused: /192.168.157.213:37433
	at sun.nio.ch.SocketChannelImpl.checkConnect(Native Method)
	at sun.nio.ch.SocketChannelImpl.finishConnect(SocketChannelImpl.java:717)
	at org.apache.ratis.thirdparty.io.netty.channel.socket.nio.NioSocketChannel.doFinishConnect(NioSocketChannel.java:327)
	at org.apache.ratis.thirdparty.io.netty.channel.nio.AbstractNioChannel$AbstractNioUnsafe.finishConnect(AbstractNioChannel.java:340)
	at org.apache.ratis.thirdparty.io.netty.channel.nio.NioEventLoop.processSelectedKey(NioEventLoop.java:632)
	at org.apache.ratis.thirdparty.io.netty.channel.nio.NioEventLoop.processSelectedKeysOptimized(NioEventLoop.java:579)
	at org.apache.ratis.thirdparty.io.netty.channel.nio.NioEventLoop.processSelectedKeys(NioEventLoop.java:496)
	at org.apache.ratis.thirdparty.io.netty.channel.nio.NioEventLoop.run(NioEventLoop.java:458)
	at org.apache.ratis.thirdparty.io.netty.util.concurrent.SingleThreadEventExecutor$5.run(SingleThreadEventExecutor.java:897)
	at org.apache.ratis.thirdparty.io.netty.util.concurrent.FastThreadLocalRunnable.run(FastThreadLocalRunnable.java:30)
	... 1 more
Caused by: java.net.ConnectException: Connection refused
	... 11 more
2019-10-19 01:05:01,938 [a1c78c0e-869c-4f76-b4ce-2034448e0b80@group-D48B69A44692-LeaderElection389] INFO  impl.RaftServerImpl (RaftServerImpl.java:setRole(184)) - a1c78c0e-869c-4f76-b4ce-2034448e0b80@group-D48B69A44692: changes role from CANDIDATE to FOLLOWER at term 281 for DISCOVERED_A_NEW_TERM
2019-10-19 01:05:01,938 [a1c78c0e-869c-4f76-b4ce-2034448e0b80@group-D48B69A44692-LeaderElection389] INFO  impl.RoleInfo (RoleInfo.java:shutdownLeaderElection(134)) - a1c78c0e-869c-4f76-b4ce-2034448e0b80: shutdown LeaderElection
2019-10-19 01:05:01,938 [a1c78c0e-869c-4f76-b4ce-2034448e0b80@group-D48B69A44692-LeaderElection389] INFO  impl.RoleInfo (RoleInfo.java:updateAndGet(143)) - a1c78c0e-869c-4f76-b4ce-2034448e0b80: start FollowerState
2019-10-19 01:05:01,952 [Thread-2886] INFO  impl.FollowerState (FollowerState.java:run(108)) - a1c78c0e-869c-4f76-b4ce-2034448e0b80@group-D48B69A44692-FollowerState: change to CANDIDATE, lastRpcTime:14ms, electionTimeout:14ms
2019-10-19 01:05:01,952 [Thread-2886] INFO  impl.RoleInfo (RoleInfo.java:shutdownFollowerState(121)) - a1c78c0e-869c-4f76-b4ce-2034448e0b80: shutdown FollowerState
2019-10-19 01:05:01,953 [Thread-2886] INFO  impl.RaftServerImpl (RaftServerImpl.java:setRole(184)) - a1c78c0e-869c-4f76-b4ce-2034448e0b80@group-D48B69A44692: changes role from  FOLLOWER to CANDIDATE at term 281 for changeToCandidate
2019-10-19 01:05:01,953 [Thread-2886] INFO  impl.RoleInfo (RoleInfo.java:updateAndGet(143)) - a1c78c0e-869c-4f76-b4ce-2034448e0b80: start LeaderElection
2019-10-19 01:05:01,963 [a1c78c0e-869c-4f76-b4ce-2034448e0b80@group-D48B69A44692-LeaderElection390] INFO  impl.LeaderElection (LeaderElection.java:askForVotes(178)) - a1c78c0e-869c-4f76-b4ce-2034448e0b80@group-D48B69A44692-LeaderElection390: begin an election at term 282 for -1: [51276c3c-a3b8-4274-b089-592ff4589f41:192.168.157.213:36639, 64c90977-e867-487c-b50d-c226f2d34a76:192.168.157.213:37433, a1c78c0e-869c-4f76-b4ce-2034448e0b80:192.168.157.213:33501], old=null
2019-10-19 01:05:01,963 [a1c78c0e-869c-4f76-b4ce-2034448e0b80@group-D48B69A44692-LeaderElection390] INFO  impl.LeaderElection (LogUtils.java:infoOrTrace(149)) - a1c78c0e-869c-4f76-b4ce-2034448e0b80@group-D48B69A44692-LeaderElection390 got exception when requesting votes: {}
java.util.concurrent.ExecutionException: org.apache.ratis.thirdparty.io.grpc.StatusRuntimeException: UNAVAILABLE: io exception
	at java.util.concurrent.FutureTask.report(FutureTask.java:122)
	at java.util.concurrent.FutureTask.get(FutureTask.java:192)
	at org.apache.ratis.server.impl.LeaderElection.waitForResults(LeaderElection.java:259)
	at org.apache.ratis.server.impl.LeaderElection.askForVotes(LeaderElection.java:197)
	at org.apache.ratis.server.impl.LeaderElection.run(LeaderElection.java:133)
	at java.lang.Thread.run(Thread.java:748)
Caused by: org.apache.ratis.thirdparty.io.grpc.StatusRuntimeException: UNAVAILABLE: io exception
	at org.apache.ratis.thirdparty.io.grpc.stub.ClientCalls.toStatusRuntimeException(ClientCalls.java:233)
	at org.apache.ratis.thirdparty.io.grpc.stub.ClientCalls.getUnchecked(ClientCalls.java:214)
	at org.apache.ratis.thirdparty.io.grpc.stub.ClientCalls.blockingUnaryCall(ClientCalls.java:139)
	at org.apache.ratis.proto.grpc.RaftServerProtocolServiceGrpc$RaftServerProtocolServiceBlockingStub.requestVote(RaftServerProtocolServiceGrpc.java:265)
	at org.apache.ratis.grpc.server.GrpcServerProtocolClient.requestVote(GrpcServerProtocolClient.java:99)
	at org.apache.ratis.grpc.server.GrpcService.requestVote(GrpcService.java:204)
	at org.apache.ratis.server.impl.LeaderElection.lambda$submitRequests$1(LeaderElection.java:234)
	at java.util.concurrent.FutureTask.run(FutureTask.java:266)
	at java.util.concurrent.Executors$RunnableAdapter.call(Executors.java:511)
	at java.util.concurrent.FutureTask.run(FutureTask.java:266)
	at java.util.concurrent.ThreadPoolExecutor.runWorker(ThreadPoolExecutor.java:1149)
	at java.util.concurrent.ThreadPoolExecutor$Worker.run(ThreadPoolExecutor.java:624)
	... 1 more
Caused by: org.apache.ratis.thirdparty.io.netty.channel.AbstractChannel$AnnotatedConnectException: Connection refused: /192.168.157.213:36639
	at sun.nio.ch.SocketChannelImpl.checkConnect(Native Method)
	at sun.nio.ch.SocketChannelImpl.finishConnect(SocketChannelImpl.java:717)
	at org.apache.ratis.thirdparty.io.netty.channel.socket.nio.NioSocketChannel.doFinishConnect(NioSocketChannel.java:327)
	at org.apache.ratis.thirdparty.io.netty.channel.nio.AbstractNioChannel$AbstractNioUnsafe.finishConnect(AbstractNioChannel.java:340)
	at org.apache.ratis.thirdparty.io.netty.channel.nio.NioEventLoop.processSelectedKey(NioEventLoop.java:632)
	at org.apache.ratis.thirdparty.io.netty.channel.nio.NioEventLoop.processSelectedKeysOptimized(NioEventLoop.java:579)
	at org.apache.ratis.thirdparty.io.netty.channel.nio.NioEventLoop.processSelectedKeys(NioEventLoop.java:496)
	at org.apache.ratis.thirdparty.io.netty.channel.nio.NioEventLoop.run(NioEventLoop.java:458)
	at org.apache.ratis.thirdparty.io.netty.util.concurrent.SingleThreadEventExecutor$5.run(SingleThreadEventExecutor.java:897)
	at org.apache.ratis.thirdparty.io.netty.util.concurrent.FastThreadLocalRunnable.run(FastThreadLocalRunnable.java:30)
	... 1 more
Caused by: java.net.ConnectException: Connection refused
	... 11 more
2019-10-19 01:05:01,964 [a1c78c0e-869c-4f76-b4ce-2034448e0b80@group-D48B69A44692-LeaderElection390] INFO  impl.LeaderElection (LogUtils.java:infoOrTrace(149)) - a1c78c0e-869c-4f76-b4ce-2034448e0b80@group-D48B69A44692-LeaderElection390 got exception when requesting votes: {}
java.util.concurrent.ExecutionException: org.apache.ratis.thirdparty.io.grpc.StatusRuntimeException: UNAVAILABLE: io exception
	at java.util.concurrent.FutureTask.report(FutureTask.java:122)
	at java.util.concurrent.FutureTask.get(FutureTask.java:192)
	at org.apache.ratis.server.impl.LeaderElection.waitForResults(LeaderElection.java:259)
	at org.apache.ratis.server.impl.LeaderElection.askForVotes(LeaderElection.java:197)
	at org.apache.ratis.server.impl.LeaderElection.run(LeaderElection.java:133)
	at java.lang.Thread.run(Thread.java:748)
Caused by: org.apache.ratis.thirdparty.io.grpc.StatusRuntimeException: UNAVAILABLE: io exception
	at org.apache.ratis.thirdparty.io.grpc.stub.ClientCalls.toStatusRuntimeException(ClientCalls.java:233)
	at org.apache.ratis.thirdparty.io.grpc.stub.ClientCalls.getUnchecked(ClientCalls.java:214)
	at org.apache.ratis.thirdparty.io.grpc.stub.ClientCalls.blockingUnaryCall(ClientCalls.java:139)
	at org.apache.ratis.proto.grpc.RaftServerProtocolServiceGrpc$RaftServerProtocolServiceBlockingStub.requestVote(RaftServerProtocolServiceGrpc.java:265)
	at org.apache.ratis.grpc.server.GrpcServerProtocolClient.requestVote(GrpcServerProtocolClient.java:99)
	at org.apache.ratis.grpc.server.GrpcService.requestVote(GrpcService.java:204)
	at org.apache.ratis.server.impl.LeaderElection.lambda$submitRequests$1(LeaderElection.java:234)
	at java.util.concurrent.FutureTask.run(FutureTask.java:266)
	at java.util.concurrent.Executors$RunnableAdapter.call(Executors.java:511)
	at java.util.concurrent.FutureTask.run(FutureTask.java:266)
	at java.util.concurrent.ThreadPoolExecutor.runWorker(ThreadPoolExecutor.java:1149)
	at java.util.concurrent.ThreadPoolExecutor$Worker.run(ThreadPoolExecutor.java:624)
	... 1 more
Caused by: org.apache.ratis.thirdparty.io.netty.channel.AbstractChannel$AnnotatedConnectException: Connection refused: /192.168.157.213:37433
	at sun.nio.ch.SocketChannelImpl.checkConnect(Native Method)
	at sun.nio.ch.SocketChannelImpl.finishConnect(SocketChannelImpl.java:717)
	at org.apache.ratis.thirdparty.io.netty.channel.socket.nio.NioSocketChannel.doFinishConnect(NioSocketChannel.java:327)
	at org.apache.ratis.thirdparty.io.netty.channel.nio.AbstractNioChannel$AbstractNioUnsafe.finishConnect(AbstractNioChannel.java:340)
	at org.apache.ratis.thirdparty.io.netty.channel.nio.NioEventLoop.processSelectedKey(NioEventLoop.java:632)
	at org.apache.ratis.thirdparty.io.netty.channel.nio.NioEventLoop.processSelectedKeysOptimized(NioEventLoop.java:579)
	at org.apache.ratis.thirdparty.io.netty.channel.nio.NioEventLoop.processSelectedKeys(NioEventLoop.java:496)
	at org.apache.ratis.thirdparty.io.netty.channel.nio.NioEventLoop.run(NioEventLoop.java:458)
	at org.apache.ratis.thirdparty.io.netty.util.concurrent.SingleThreadEventExecutor$5.run(SingleThreadEventExecutor.java:897)
	at org.apache.ratis.thirdparty.io.netty.util.concurrent.FastThreadLocalRunnable.run(FastThreadLocalRunnable.java:30)
	... 1 more
Caused by: java.net.ConnectException: Connection refused
	... 11 more
2019-10-19 01:05:01,964 [a1c78c0e-869c-4f76-b4ce-2034448e0b80@group-D48B69A44692-LeaderElection390] INFO  impl.LeaderElection (LeaderElection.java:logAndReturn(56)) - a1c78c0e-869c-4f76-b4ce-2034448e0b80@group-D48B69A44692-LeaderElection390: Election REJECTED; received 0 response(s) [] and 2 exception(s); a1c78c0e-869c-4f76-b4ce-2034448e0b80@group-D48B69A44692:t282, leader=null, voted=a1c78c0e-869c-4f76-b4ce-2034448e0b80, raftlog=a1c78c0e-869c-4f76-b4ce-2034448e0b80@group-D48B69A44692-SegmentedRaftLog:OPENED:c-1,f-1,i0, conf=-1: [51276c3c-a3b8-4274-b089-592ff4589f41:192.168.157.213:36639, 64c90977-e867-487c-b50d-c226f2d34a76:192.168.157.213:37433, a1c78c0e-869c-4f76-b4ce-2034448e0b80:192.168.157.213:33501], old=null
2019-10-19 01:05:01,964 [a1c78c0e-869c-4f76-b4ce-2034448e0b80@group-D48B69A44692-LeaderElection390] INFO  impl.LeaderElection (LogUtils.java:infoOrTrace(149)) -   Exception 0: {}
java.util.concurrent.ExecutionException: org.apache.ratis.thirdparty.io.grpc.StatusRuntimeException: UNAVAILABLE: io exception
	at java.util.concurrent.FutureTask.report(FutureTask.java:122)
	at java.util.concurrent.FutureTask.get(FutureTask.java:192)
	at org.apache.ratis.server.impl.LeaderElection.waitForResults(LeaderElection.java:259)
	at org.apache.ratis.server.impl.LeaderElection.askForVotes(LeaderElection.java:197)
	at org.apache.ratis.server.impl.LeaderElection.run(LeaderElection.java:133)
	at java.lang.Thread.run(Thread.java:748)
Caused by: org.apache.ratis.thirdparty.io.grpc.StatusRuntimeException: UNAVAILABLE: io exception
	at org.apache.ratis.thirdparty.io.grpc.stub.ClientCalls.toStatusRuntimeException(ClientCalls.java:233)
	at org.apache.ratis.thirdparty.io.grpc.stub.ClientCalls.getUnchecked(ClientCalls.java:214)
	at org.apache.ratis.thirdparty.io.grpc.stub.ClientCalls.blockingUnaryCall(ClientCalls.java:139)
	at org.apache.ratis.proto.grpc.RaftServerProtocolServiceGrpc$RaftServerProtocolServiceBlockingStub.requestVote(RaftServerProtocolServiceGrpc.java:265)
	at org.apache.ratis.grpc.server.GrpcServerProtocolClient.requestVote(GrpcServerProtocolClient.java:99)
	at org.apache.ratis.grpc.server.GrpcService.requestVote(GrpcService.java:204)
	at org.apache.ratis.server.impl.LeaderElection.lambda$submitRequests$1(LeaderElection.java:234)
	at java.util.concurrent.FutureTask.run(FutureTask.java:266)
	at java.util.concurrent.Executors$RunnableAdapter.call(Executors.java:511)
	at java.util.concurrent.FutureTask.run(FutureTask.java:266)
	at java.util.concurrent.ThreadPoolExecutor.runWorker(ThreadPoolExecutor.java:1149)
	at java.util.concurrent.ThreadPoolExecutor$Worker.run(ThreadPoolExecutor.java:624)
	... 1 more
Caused by: org.apache.ratis.thirdparty.io.netty.channel.AbstractChannel$AnnotatedConnectException: Connection refused: /192.168.157.213:36639
	at sun.nio.ch.SocketChannelImpl.checkConnect(Native Method)
	at sun.nio.ch.SocketChannelImpl.finishConnect(SocketChannelImpl.java:717)
	at org.apache.ratis.thirdparty.io.netty.channel.socket.nio.NioSocketChannel.doFinishConnect(NioSocketChannel.java:327)
	at org.apache.ratis.thirdparty.io.netty.channel.nio.AbstractNioChannel$AbstractNioUnsafe.finishConnect(AbstractNioChannel.java:340)
	at org.apache.ratis.thirdparty.io.netty.channel.nio.NioEventLoop.processSelectedKey(NioEventLoop.java:632)
	at org.apache.ratis.thirdparty.io.netty.channel.nio.NioEventLoop.processSelectedKeysOptimized(NioEventLoop.java:579)
	at org.apache.ratis.thirdparty.io.netty.channel.nio.NioEventLoop.processSelectedKeys(NioEventLoop.java:496)
	at org.apache.ratis.thirdparty.io.netty.channel.nio.NioEventLoop.run(NioEventLoop.java:458)
	at org.apache.ratis.thirdparty.io.netty.util.concurrent.SingleThreadEventExecutor$5.run(SingleThreadEventExecutor.java:897)
	at org.apache.ratis.thirdparty.io.netty.util.concurrent.FastThreadLocalRunnable.run(FastThreadLocalRunnable.java:30)
	... 1 more
Caused by: java.net.ConnectException: Connection refused
	... 11 more
2019-10-19 01:05:01,964 [a1c78c0e-869c-4f76-b4ce-2034448e0b80@group-D48B69A44692-LeaderElection390] INFO  impl.LeaderElection (LogUtils.java:infoOrTrace(149)) -   Exception 1: {}
java.util.concurrent.ExecutionException: org.apache.ratis.thirdparty.io.grpc.StatusRuntimeException: UNAVAILABLE: io exception
	at java.util.concurrent.FutureTask.report(FutureTask.java:122)
	at java.util.concurrent.FutureTask.get(FutureTask.java:192)
	at org.apache.ratis.server.impl.LeaderElection.waitForResults(LeaderElection.java:259)
	at org.apache.ratis.server.impl.LeaderElection.askForVotes(LeaderElection.java:197)
	at org.apache.ratis.server.impl.LeaderElection.run(LeaderElection.java:133)
	at java.lang.Thread.run(Thread.java:748)
Caused by: org.apache.ratis.thirdparty.io.grpc.StatusRuntimeException: UNAVAILABLE: io exception
	at org.apache.ratis.thirdparty.io.grpc.stub.ClientCalls.toStatusRuntimeException(ClientCalls.java:233)
	at org.apache.ratis.thirdparty.io.grpc.stub.ClientCalls.getUnchecked(ClientCalls.java:214)
	at org.apache.ratis.thirdparty.io.grpc.stub.ClientCalls.blockingUnaryCall(ClientCalls.java:139)
	at org.apache.ratis.proto.grpc.RaftServerProtocolServiceGrpc$RaftServerProtocolServiceBlockingStub.requestVote(RaftServerProtocolServiceGrpc.java:265)
	at org.apache.ratis.grpc.server.GrpcServerProtocolClient.requestVote(GrpcServerProtocolClient.java:99)
	at org.apache.ratis.grpc.server.GrpcService.requestVote(GrpcService.java:204)
	at org.apache.ratis.server.impl.LeaderElection.lambda$submitRequests$1(LeaderElection.java:234)
	at java.util.concurrent.FutureTask.run(FutureTask.java:266)
	at java.util.concurrent.Executors$RunnableAdapter.call(Executors.java:511)
	at java.util.concurrent.FutureTask.run(FutureTask.java:266)
	at java.util.concurrent.ThreadPoolExecutor.runWorker(ThreadPoolExecutor.java:1149)
	at java.util.concurrent.ThreadPoolExecutor$Worker.run(ThreadPoolExecutor.java:624)
	... 1 more
Caused by: org.apache.ratis.thirdparty.io.netty.channel.AbstractChannel$AnnotatedConnectException: Connection refused: /192.168.157.213:37433
	at sun.nio.ch.SocketChannelImpl.checkConnect(Native Method)
	at sun.nio.ch.SocketChannelImpl.finishConnect(SocketChannelImpl.java:717)
	at org.apache.ratis.thirdparty.io.netty.channel.socket.nio.NioSocketChannel.doFinishConnect(NioSocketChannel.java:327)
	at org.apache.ratis.thirdparty.io.netty.channel.nio.AbstractNioChannel$AbstractNioUnsafe.finishConnect(AbstractNioChannel.java:340)
	at org.apache.ratis.thirdparty.io.netty.channel.nio.NioEventLoop.processSelectedKey(NioEventLoop.java:632)
	at org.apache.ratis.thirdparty.io.netty.channel.nio.NioEventLoop.processSelectedKeysOptimized(NioEventLoop.java:579)
	at org.apache.ratis.thirdparty.io.netty.channel.nio.NioEventLoop.processSelectedKeys(NioEventLoop.java:496)
	at org.apache.ratis.thirdparty.io.netty.channel.nio.NioEventLoop.run(NioEventLoop.java:458)
	at org.apache.ratis.thirdparty.io.netty.util.concurrent.SingleThreadEventExecutor$5.run(SingleThreadEventExecutor.java:897)
	at org.apache.ratis.thirdparty.io.netty.util.concurrent.FastThreadLocalRunnable.run(FastThreadLocalRunnable.java:30)
	... 1 more
Caused by: java.net.ConnectException: Connection refused
	... 11 more
2019-10-19 01:05:01,965 [a1c78c0e-869c-4f76-b4ce-2034448e0b80@group-D48B69A44692-LeaderElection390] INFO  impl.RaftServerImpl (RaftServerImpl.java:setRole(184)) - a1c78c0e-869c-4f76-b4ce-2034448e0b80@group-D48B69A44692: changes role from CANDIDATE to FOLLOWER at term 282 for DISCOVERED_A_NEW_TERM
2019-10-19 01:05:01,965 [a1c78c0e-869c-4f76-b4ce-2034448e0b80@group-D48B69A44692-LeaderElection390] INFO  impl.RoleInfo (RoleInfo.java:shutdownLeaderElection(134)) - a1c78c0e-869c-4f76-b4ce-2034448e0b80: shutdown LeaderElection
2019-10-19 01:05:01,965 [a1c78c0e-869c-4f76-b4ce-2034448e0b80@group-D48B69A44692-LeaderElection390] INFO  impl.RoleInfo (RoleInfo.java:updateAndGet(143)) - a1c78c0e-869c-4f76-b4ce-2034448e0b80: start FollowerState
2019-10-19 01:05:01,994 [Thread-2842] INFO  impl.FollowerState (FollowerState.java:run(108)) - 390d33c4-98c8-495f-9f34-63cdf16532b5@group-EFF8D6679E36-FollowerState: change to CANDIDATE, lastRpcTime:1192ms, electionTimeout:1192ms
2019-10-19 01:05:01,995 [Thread-2842] INFO  impl.RoleInfo (RoleInfo.java:shutdownFollowerState(121)) - 390d33c4-98c8-495f-9f34-63cdf16532b5: shutdown FollowerState
2019-10-19 01:05:01,995 [Thread-2842] INFO  impl.RaftServerImpl (RaftServerImpl.java:setRole(184)) - 390d33c4-98c8-495f-9f34-63cdf16532b5@group-EFF8D6679E36: changes role from  FOLLOWER to CANDIDATE at term 8 for changeToCandidate
2019-10-19 01:05:01,995 [Thread-2842] INFO  impl.RoleInfo (RoleInfo.java:updateAndGet(143)) - 390d33c4-98c8-495f-9f34-63cdf16532b5: start LeaderElection
2019-10-19 01:05:02,007 [390d33c4-98c8-495f-9f34-63cdf16532b5@group-EFF8D6679E36-LeaderElection391] INFO  impl.LeaderElection (LeaderElection.java:askForVotes(178)) - 390d33c4-98c8-495f-9f34-63cdf16532b5@group-EFF8D6679E36-LeaderElection391: begin an election at term 9 for 0: [7f3fb33d-9d98-4be4-bfb4-e5618e23eafb:192.168.157.213:46612, 390d33c4-98c8-495f-9f34-63cdf16532b5:192.168.157.213:40184, bd96e850-7fd3-40f8-8499-55f7f41be4fe:192.168.157.213:46800], old=null
2019-10-19 01:05:02,008 [390d33c4-98c8-495f-9f34-63cdf16532b5@group-EFF8D6679E36-LeaderElection391] INFO  impl.LeaderElection (LogUtils.java:infoOrTrace(149)) - 390d33c4-98c8-495f-9f34-63cdf16532b5@group-EFF8D6679E36-LeaderElection391 got exception when requesting votes: {}
java.util.concurrent.ExecutionException: org.apache.ratis.thirdparty.io.grpc.StatusRuntimeException: UNAVAILABLE: io exception
	at java.util.concurrent.FutureTask.report(FutureTask.java:122)
	at java.util.concurrent.FutureTask.get(FutureTask.java:192)
	at org.apache.ratis.server.impl.LeaderElection.waitForResults(LeaderElection.java:259)
	at org.apache.ratis.server.impl.LeaderElection.askForVotes(LeaderElection.java:197)
	at org.apache.ratis.server.impl.LeaderElection.run(LeaderElection.java:133)
	at java.lang.Thread.run(Thread.java:748)
Caused by: org.apache.ratis.thirdparty.io.grpc.StatusRuntimeException: UNAVAILABLE: io exception
	at org.apache.ratis.thirdparty.io.grpc.stub.ClientCalls.toStatusRuntimeException(ClientCalls.java:233)
	at org.apache.ratis.thirdparty.io.grpc.stub.ClientCalls.getUnchecked(ClientCalls.java:214)
	at org.apache.ratis.thirdparty.io.grpc.stub.ClientCalls.blockingUnaryCall(ClientCalls.java:139)
	at org.apache.ratis.proto.grpc.RaftServerProtocolServiceGrpc$RaftServerProtocolServiceBlockingStub.requestVote(RaftServerProtocolServiceGrpc.java:265)
	at org.apache.ratis.grpc.server.GrpcServerProtocolClient.requestVote(GrpcServerProtocolClient.java:99)
	at org.apache.ratis.grpc.server.GrpcService.requestVote(GrpcService.java:204)
	at org.apache.ratis.server.impl.LeaderElection.lambda$submitRequests$1(LeaderElection.java:234)
	at java.util.concurrent.FutureTask.run(FutureTask.java:266)
	at java.util.concurrent.Executors$RunnableAdapter.call(Executors.java:511)
	at java.util.concurrent.FutureTask.run(FutureTask.java:266)
	at java.util.concurrent.ThreadPoolExecutor.runWorker(ThreadPoolExecutor.java:1149)
	at java.util.concurrent.ThreadPoolExecutor$Worker.run(ThreadPoolExecutor.java:624)
	... 1 more
Caused by: org.apache.ratis.thirdparty.io.netty.channel.AbstractChannel$AnnotatedConnectException: Connection refused: /192.168.157.213:46612
	at sun.nio.ch.SocketChannelImpl.checkConnect(Native Method)
	at sun.nio.ch.SocketChannelImpl.finishConnect(SocketChannelImpl.java:717)
	at org.apache.ratis.thirdparty.io.netty.channel.socket.nio.NioSocketChannel.doFinishConnect(NioSocketChannel.java:327)
	at org.apache.ratis.thirdparty.io.netty.channel.nio.AbstractNioChannel$AbstractNioUnsafe.finishConnect(AbstractNioChannel.java:340)
	at org.apache.ratis.thirdparty.io.netty.channel.nio.NioEventLoop.processSelectedKey(NioEventLoop.java:632)
	at org.apache.ratis.thirdparty.io.netty.channel.nio.NioEventLoop.processSelectedKeysOptimized(NioEventLoop.java:579)
	at org.apache.ratis.thirdparty.io.netty.channel.nio.NioEventLoop.processSelectedKeys(NioEventLoop.java:496)
	at org.apache.ratis.thirdparty.io.netty.channel.nio.NioEventLoop.run(NioEventLoop.java:458)
	at org.apache.ratis.thirdparty.io.netty.util.concurrent.SingleThreadEventExecutor$5.run(SingleThreadEventExecutor.java:897)
	at org.apache.ratis.thirdparty.io.netty.util.concurrent.FastThreadLocalRunnable.run(FastThreadLocalRunnable.java:30)
	... 1 more
Caused by: java.net.ConnectException: Connection refused
	... 11 more
2019-10-19 01:05:02,009 [390d33c4-98c8-495f-9f34-63cdf16532b5@group-EFF8D6679E36-LeaderElection391] INFO  impl.LeaderElection (LogUtils.java:infoOrTrace(149)) - 390d33c4-98c8-495f-9f34-63cdf16532b5@group-EFF8D6679E36-LeaderElection391 got exception when requesting votes: {}
java.util.concurrent.ExecutionException: org.apache.ratis.thirdparty.io.grpc.StatusRuntimeException: UNAVAILABLE: io exception
	at java.util.concurrent.FutureTask.report(FutureTask.java:122)
	at java.util.concurrent.FutureTask.get(FutureTask.java:192)
	at org.apache.ratis.server.impl.LeaderElection.waitForResults(LeaderElection.java:259)
	at org.apache.ratis.server.impl.LeaderElection.askForVotes(LeaderElection.java:197)
	at org.apache.ratis.server.impl.LeaderElection.run(LeaderElection.java:133)
	at java.lang.Thread.run(Thread.java:748)
Caused by: org.apache.ratis.thirdparty.io.grpc.StatusRuntimeException: UNAVAILABLE: io exception
	at org.apache.ratis.thirdparty.io.grpc.stub.ClientCalls.toStatusRuntimeException(ClientCalls.java:233)
	at org.apache.ratis.thirdparty.io.grpc.stub.ClientCalls.getUnchecked(ClientCalls.java:214)
	at org.apache.ratis.thirdparty.io.grpc.stub.ClientCalls.blockingUnaryCall(ClientCalls.java:139)
	at org.apache.ratis.proto.grpc.RaftServerProtocolServiceGrpc$RaftServerProtocolServiceBlockingStub.requestVote(RaftServerProtocolServiceGrpc.java:265)
	at org.apache.ratis.grpc.server.GrpcServerProtocolClient.requestVote(GrpcServerProtocolClient.java:99)
	at org.apache.ratis.grpc.server.GrpcService.requestVote(GrpcService.java:204)
	at org.apache.ratis.server.impl.LeaderElection.lambda$submitRequests$1(LeaderElection.java:234)
	at java.util.concurrent.FutureTask.run(FutureTask.java:266)
	at java.util.concurrent.Executors$RunnableAdapter.call(Executors.java:511)
	at java.util.concurrent.FutureTask.run(FutureTask.java:266)
	at java.util.concurrent.ThreadPoolExecutor.runWorker(ThreadPoolExecutor.java:1149)
	at java.util.concurrent.ThreadPoolExecutor$Worker.run(ThreadPoolExecutor.java:624)
	... 1 more
Caused by: org.apache.ratis.thirdparty.io.netty.channel.AbstractChannel$AnnotatedConnectException: Connection refused: /192.168.157.213:46800
	at sun.nio.ch.SocketChannelImpl.checkConnect(Native Method)
	at sun.nio.ch.SocketChannelImpl.finishConnect(SocketChannelImpl.java:717)
	at org.apache.ratis.thirdparty.io.netty.channel.socket.nio.NioSocketChannel.doFinishConnect(NioSocketChannel.java:327)
	at org.apache.ratis.thirdparty.io.netty.channel.nio.AbstractNioChannel$AbstractNioUnsafe.finishConnect(AbstractNioChannel.java:340)
	at org.apache.ratis.thirdparty.io.netty.channel.nio.NioEventLoop.processSelectedKey(NioEventLoop.java:632)
	at org.apache.ratis.thirdparty.io.netty.channel.nio.NioEventLoop.processSelectedKeysOptimized(NioEventLoop.java:579)
	at org.apache.ratis.thirdparty.io.netty.channel.nio.NioEventLoop.processSelectedKeys(NioEventLoop.java:496)
	at org.apache.ratis.thirdparty.io.netty.channel.nio.NioEventLoop.run(NioEventLoop.java:458)
	at org.apache.ratis.thirdparty.io.netty.util.concurrent.SingleThreadEventExecutor$5.run(SingleThreadEventExecutor.java:897)
	at org.apache.ratis.thirdparty.io.netty.util.concurrent.FastThreadLocalRunnable.run(FastThreadLocalRunnable.java:30)
	... 1 more
Caused by: java.net.ConnectException: Connection refused
	... 11 more
2019-10-19 01:05:02,009 [390d33c4-98c8-495f-9f34-63cdf16532b5@group-EFF8D6679E36-LeaderElection391] INFO  impl.LeaderElection (LeaderElection.java:logAndReturn(56)) - 390d33c4-98c8-495f-9f34-63cdf16532b5@group-EFF8D6679E36-LeaderElection391: Election REJECTED; received 0 response(s) [] and 2 exception(s); 390d33c4-98c8-495f-9f34-63cdf16532b5@group-EFF8D6679E36:t9, leader=null, voted=390d33c4-98c8-495f-9f34-63cdf16532b5, raftlog=390d33c4-98c8-495f-9f34-63cdf16532b5@group-EFF8D6679E36-SegmentedRaftLog:OPENED:c20,f20,i20, conf=0: [7f3fb33d-9d98-4be4-bfb4-e5618e23eafb:192.168.157.213:46612, 390d33c4-98c8-495f-9f34-63cdf16532b5:192.168.157.213:40184, bd96e850-7fd3-40f8-8499-55f7f41be4fe:192.168.157.213:46800], old=null
2019-10-19 01:05:02,009 [390d33c4-98c8-495f-9f34-63cdf16532b5@group-EFF8D6679E36-LeaderElection391] INFO  impl.LeaderElection (LogUtils.java:infoOrTrace(149)) -   Exception 0: {}
java.util.concurrent.ExecutionException: org.apache.ratis.thirdparty.io.grpc.StatusRuntimeException: UNAVAILABLE: io exception
	at java.util.concurrent.FutureTask.report(FutureTask.java:122)
	at java.util.concurrent.FutureTask.get(FutureTask.java:192)
	at org.apache.ratis.server.impl.LeaderElection.waitForResults(LeaderElection.java:259)
	at org.apache.ratis.server.impl.LeaderElection.askForVotes(LeaderElection.java:197)
	at org.apache.ratis.server.impl.LeaderElection.run(LeaderElection.java:133)
	at java.lang.Thread.run(Thread.java:748)
Caused by: org.apache.ratis.thirdparty.io.grpc.StatusRuntimeException: UNAVAILABLE: io exception
	at org.apache.ratis.thirdparty.io.grpc.stub.ClientCalls.toStatusRuntimeException(ClientCalls.java:233)
	at org.apache.ratis.thirdparty.io.grpc.stub.ClientCalls.getUnchecked(ClientCalls.java:214)
	at org.apache.ratis.thirdparty.io.grpc.stub.ClientCalls.blockingUnaryCall(ClientCalls.java:139)
	at org.apache.ratis.proto.grpc.RaftServerProtocolServiceGrpc$RaftServerProtocolServiceBlockingStub.requestVote(RaftServerProtocolServiceGrpc.java:265)
	at org.apache.ratis.grpc.server.GrpcServerProtocolClient.requestVote(GrpcServerProtocolClient.java:99)
	at org.apache.ratis.grpc.server.GrpcService.requestVote(GrpcService.java:204)
	at org.apache.ratis.server.impl.LeaderElection.lambda$submitRequests$1(LeaderElection.java:234)
	at java.util.concurrent.FutureTask.run(FutureTask.java:266)
	at java.util.concurrent.Executors$RunnableAdapter.call(Executors.java:511)
	at java.util.concurrent.FutureTask.run(FutureTask.java:266)
	at java.util.concurrent.ThreadPoolExecutor.runWorker(ThreadPoolExecutor.java:1149)
	at java.util.concurrent.ThreadPoolExecutor$Worker.run(ThreadPoolExecutor.java:624)
	... 1 more
Caused by: org.apache.ratis.thirdparty.io.netty.channel.AbstractChannel$AnnotatedConnectException: Connection refused: /192.168.157.213:46612
	at sun.nio.ch.SocketChannelImpl.checkConnect(Native Method)
	at sun.nio.ch.SocketChannelImpl.finishConnect(SocketChannelImpl.java:717)
	at org.apache.ratis.thirdparty.io.netty.channel.socket.nio.NioSocketChannel.doFinishConnect(NioSocketChannel.java:327)
	at org.apache.ratis.thirdparty.io.netty.channel.nio.AbstractNioChannel$AbstractNioUnsafe.finishConnect(AbstractNioChannel.java:340)
	at org.apache.ratis.thirdparty.io.netty.channel.nio.NioEventLoop.processSelectedKey(NioEventLoop.java:632)
	at org.apache.ratis.thirdparty.io.netty.channel.nio.NioEventLoop.processSelectedKeysOptimized(NioEventLoop.java:579)
	at org.apache.ratis.thirdparty.io.netty.channel.nio.NioEventLoop.processSelectedKeys(NioEventLoop.java:496)
	at org.apache.ratis.thirdparty.io.netty.channel.nio.NioEventLoop.run(NioEventLoop.java:458)
	at org.apache.ratis.thirdparty.io.netty.util.concurrent.SingleThreadEventExecutor$5.run(SingleThreadEventExecutor.java:897)
	at org.apache.ratis.thirdparty.io.netty.util.concurrent.FastThreadLocalRunnable.run(FastThreadLocalRunnable.java:30)
	... 1 more
Caused by: java.net.ConnectException: Connection refused
	... 11 more
2019-10-19 01:05:02,010 [390d33c4-98c8-495f-9f34-63cdf16532b5@group-EFF8D6679E36-LeaderElection391] INFO  impl.LeaderElection (LogUtils.java:infoOrTrace(149)) -   Exception 1: {}
java.util.concurrent.ExecutionException: org.apache.ratis.thirdparty.io.grpc.StatusRuntimeException: UNAVAILABLE: io exception
	at java.util.concurrent.FutureTask.report(FutureTask.java:122)
	at java.util.concurrent.FutureTask.get(FutureTask.java:192)
	at org.apache.ratis.server.impl.LeaderElection.waitForResults(LeaderElection.java:259)
	at org.apache.ratis.server.impl.LeaderElection.askForVotes(LeaderElection.java:197)
	at org.apache.ratis.server.impl.LeaderElection.run(LeaderElection.java:133)
	at java.lang.Thread.run(Thread.java:748)
Caused by: org.apache.ratis.thirdparty.io.grpc.StatusRuntimeException: UNAVAILABLE: io exception
	at org.apache.ratis.thirdparty.io.grpc.stub.ClientCalls.toStatusRuntimeException(ClientCalls.java:233)
	at org.apache.ratis.thirdparty.io.grpc.stub.ClientCalls.getUnchecked(ClientCalls.java:214)
	at org.apache.ratis.thirdparty.io.grpc.stub.ClientCalls.blockingUnaryCall(ClientCalls.java:139)
	at org.apache.ratis.proto.grpc.RaftServerProtocolServiceGrpc$RaftServerProtocolServiceBlockingStub.requestVote(RaftServerProtocolServiceGrpc.java:265)
	at org.apache.ratis.grpc.server.GrpcServerProtocolClient.requestVote(GrpcServerProtocolClient.java:99)
	at org.apache.ratis.grpc.server.GrpcService.requestVote(GrpcService.java:204)
	at org.apache.ratis.server.impl.LeaderElection.lambda$submitRequests$1(LeaderElection.java:234)
	at java.util.concurrent.FutureTask.run(FutureTask.java:266)
	at java.util.concurrent.Executors$RunnableAdapter.call(Executors.java:511)
	at java.util.concurrent.FutureTask.run(FutureTask.java:266)
	at java.util.concurrent.ThreadPoolExecutor.runWorker(ThreadPoolExecutor.java:1149)
	at java.util.concurrent.ThreadPoolExecutor$Worker.run(ThreadPoolExecutor.java:624)
	... 1 more
Caused by: org.apache.ratis.thirdparty.io.netty.channel.AbstractChannel$AnnotatedConnectException: Connection refused: /192.168.157.213:46800
	at sun.nio.ch.SocketChannelImpl.checkConnect(Native Method)
	at sun.nio.ch.SocketChannelImpl.finishConnect(SocketChannelImpl.java:717)
	at org.apache.ratis.thirdparty.io.netty.channel.socket.nio.NioSocketChannel.doFinishConnect(NioSocketChannel.java:327)
	at org.apache.ratis.thirdparty.io.netty.channel.nio.AbstractNioChannel$AbstractNioUnsafe.finishConnect(AbstractNioChannel.java:340)
	at org.apache.ratis.thirdparty.io.netty.channel.nio.NioEventLoop.processSelectedKey(NioEventLoop.java:632)
	at org.apache.ratis.thirdparty.io.netty.channel.nio.NioEventLoop.processSelectedKeysOptimized(NioEventLoop.java:579)
	at org.apache.ratis.thirdparty.io.netty.channel.nio.NioEventLoop.processSelectedKeys(NioEventLoop.java:496)
	at org.apache.ratis.thirdparty.io.netty.channel.nio.NioEventLoop.run(NioEventLoop.java:458)
	at org.apache.ratis.thirdparty.io.netty.util.concurrent.SingleThreadEventExecutor$5.run(SingleThreadEventExecutor.java:897)
	at org.apache.ratis.thirdparty.io.netty.util.concurrent.FastThreadLocalRunnable.run(FastThreadLocalRunnable.java:30)
	... 1 more
Caused by: java.net.ConnectException: Connection refused
	... 11 more
2019-10-19 01:05:02,010 [390d33c4-98c8-495f-9f34-63cdf16532b5@group-EFF8D6679E36-LeaderElection391] INFO  impl.RaftServerImpl (RaftServerImpl.java:setRole(184)) - 390d33c4-98c8-495f-9f34-63cdf16532b5@group-EFF8D6679E36: changes role from CANDIDATE to FOLLOWER at term 9 for DISCOVERED_A_NEW_TERM
2019-10-19 01:05:02,010 [390d33c4-98c8-495f-9f34-63cdf16532b5@group-EFF8D6679E36-LeaderElection391] INFO  impl.RoleInfo (RoleInfo.java:shutdownLeaderElection(134)) - 390d33c4-98c8-495f-9f34-63cdf16532b5: shutdown LeaderElection
2019-10-19 01:05:02,010 [390d33c4-98c8-495f-9f34-63cdf16532b5@group-EFF8D6679E36-LeaderElection391] INFO  impl.RoleInfo (RoleInfo.java:updateAndGet(143)) - 390d33c4-98c8-495f-9f34-63cdf16532b5: start FollowerState
2019-10-19 01:05:02,129 [Thread-2890] INFO  impl.FollowerState (FollowerState.java:run(108)) - a1c78c0e-869c-4f76-b4ce-2034448e0b80@group-D48B69A44692-FollowerState: change to CANDIDATE, lastRpcTime:164ms, electionTimeout:164ms
2019-10-19 01:05:02,130 [Thread-2890] INFO  impl.RoleInfo (RoleInfo.java:shutdownFollowerState(121)) - a1c78c0e-869c-4f76-b4ce-2034448e0b80: shutdown FollowerState
2019-10-19 01:05:02,130 [Thread-2890] INFO  impl.RaftServerImpl (RaftServerImpl.java:setRole(184)) - a1c78c0e-869c-4f76-b4ce-2034448e0b80@group-D48B69A44692: changes role from  FOLLOWER to CANDIDATE at term 282 for changeToCandidate
2019-10-19 01:05:02,130 [Thread-2890] INFO  impl.RoleInfo (RoleInfo.java:updateAndGet(143)) - a1c78c0e-869c-4f76-b4ce-2034448e0b80: start LeaderElection
2019-10-19 01:05:02,152 [a1c78c0e-869c-4f76-b4ce-2034448e0b80@group-D48B69A44692-LeaderElection392] INFO  impl.LeaderElection (LeaderElection.java:askForVotes(178)) - a1c78c0e-869c-4f76-b4ce-2034448e0b80@group-D48B69A44692-LeaderElection392: begin an election at term 283 for -1: [51276c3c-a3b8-4274-b089-592ff4589f41:192.168.157.213:36639, 64c90977-e867-487c-b50d-c226f2d34a76:192.168.157.213:37433, a1c78c0e-869c-4f76-b4ce-2034448e0b80:192.168.157.213:33501], old=null
2019-10-19 01:05:02,153 [a1c78c0e-869c-4f76-b4ce-2034448e0b80@group-D48B69A44692-LeaderElection392] INFO  impl.LeaderElection (LogUtils.java:infoOrTrace(149)) - a1c78c0e-869c-4f76-b4ce-2034448e0b80@group-D48B69A44692-LeaderElection392 got exception when requesting votes: {}
java.util.concurrent.ExecutionException: org.apache.ratis.thirdparty.io.grpc.StatusRuntimeException: UNAVAILABLE: io exception
	at java.util.concurrent.FutureTask.report(FutureTask.java:122)
	at java.util.concurrent.FutureTask.get(FutureTask.java:192)
	at org.apache.ratis.server.impl.LeaderElection.waitForResults(LeaderElection.java:259)
	at org.apache.ratis.server.impl.LeaderElection.askForVotes(LeaderElection.java:197)
	at org.apache.ratis.server.impl.LeaderElection.run(LeaderElection.java:133)
	at java.lang.Thread.run(Thread.java:748)
Caused by: org.apache.ratis.thirdparty.io.grpc.StatusRuntimeException: UNAVAILABLE: io exception
	at org.apache.ratis.thirdparty.io.grpc.stub.ClientCalls.toStatusRuntimeException(ClientCalls.java:233)
	at org.apache.ratis.thirdparty.io.grpc.stub.ClientCalls.getUnchecked(ClientCalls.java:214)
	at org.apache.ratis.thirdparty.io.grpc.stub.ClientCalls.blockingUnaryCall(ClientCalls.java:139)
	at org.apache.ratis.proto.grpc.RaftServerProtocolServiceGrpc$RaftServerProtocolServiceBlockingStub.requestVote(RaftServerProtocolServiceGrpc.java:265)
	at org.apache.ratis.grpc.server.GrpcServerProtocolClient.requestVote(GrpcServerProtocolClient.java:99)
	at org.apache.ratis.grpc.server.GrpcService.requestVote(GrpcService.java:204)
	at org.apache.ratis.server.impl.LeaderElection.lambda$submitRequests$1(LeaderElection.java:234)
	at java.util.concurrent.FutureTask.run(FutureTask.java:266)
	at java.util.concurrent.Executors$RunnableAdapter.call(Executors.java:511)
	at java.util.concurrent.FutureTask.run(FutureTask.java:266)
	at java.util.concurrent.ThreadPoolExecutor.runWorker(ThreadPoolExecutor.java:1149)
	at java.util.concurrent.ThreadPoolExecutor$Worker.run(ThreadPoolExecutor.java:624)
	... 1 more
Caused by: org.apache.ratis.thirdparty.io.netty.channel.AbstractChannel$AnnotatedConnectException: Connection refused: /192.168.157.213:36639
	at sun.nio.ch.SocketChannelImpl.checkConnect(Native Method)
	at sun.nio.ch.SocketChannelImpl.finishConnect(SocketChannelImpl.java:717)
	at org.apache.ratis.thirdparty.io.netty.channel.socket.nio.NioSocketChannel.doFinishConnect(NioSocketChannel.java:327)
	at org.apache.ratis.thirdparty.io.netty.channel.nio.AbstractNioChannel$AbstractNioUnsafe.finishConnect(AbstractNioChannel.java:340)
	at org.apache.ratis.thirdparty.io.netty.channel.nio.NioEventLoop.processSelectedKey(NioEventLoop.java:632)
	at org.apache.ratis.thirdparty.io.netty.channel.nio.NioEventLoop.processSelectedKeysOptimized(NioEventLoop.java:579)
	at org.apache.ratis.thirdparty.io.netty.channel.nio.NioEventLoop.processSelectedKeys(NioEventLoop.java:496)
	at org.apache.ratis.thirdparty.io.netty.channel.nio.NioEventLoop.run(NioEventLoop.java:458)
	at org.apache.ratis.thirdparty.io.netty.util.concurrent.SingleThreadEventExecutor$5.run(SingleThreadEventExecutor.java:897)
	at org.apache.ratis.thirdparty.io.netty.util.concurrent.FastThreadLocalRunnable.run(FastThreadLocalRunnable.java:30)
	... 1 more
Caused by: java.net.ConnectException: Connection refused
	... 11 more
2019-10-19 01:05:02,154 [a1c78c0e-869c-4f76-b4ce-2034448e0b80@group-D48B69A44692-LeaderElection392] INFO  impl.LeaderElection (LogUtils.java:infoOrTrace(149)) - a1c78c0e-869c-4f76-b4ce-2034448e0b80@group-D48B69A44692-LeaderElection392 got exception when requesting votes: {}
java.util.concurrent.ExecutionException: org.apache.ratis.thirdparty.io.grpc.StatusRuntimeException: UNAVAILABLE: io exception
	at java.util.concurrent.FutureTask.report(FutureTask.java:122)
	at java.util.concurrent.FutureTask.get(FutureTask.java:192)
	at org.apache.ratis.server.impl.LeaderElection.waitForResults(LeaderElection.java:259)
	at org.apache.ratis.server.impl.LeaderElection.askForVotes(LeaderElection.java:197)
	at org.apache.ratis.server.impl.LeaderElection.run(LeaderElection.java:133)
	at java.lang.Thread.run(Thread.java:748)
Caused by: org.apache.ratis.thirdparty.io.grpc.StatusRuntimeException: UNAVAILABLE: io exception
	at org.apache.ratis.thirdparty.io.grpc.stub.ClientCalls.toStatusRuntimeException(ClientCalls.java:233)
	at org.apache.ratis.thirdparty.io.grpc.stub.ClientCalls.getUnchecked(ClientCalls.java:214)
	at org.apache.ratis.thirdparty.io.grpc.stub.ClientCalls.blockingUnaryCall(ClientCalls.java:139)
	at org.apache.ratis.proto.grpc.RaftServerProtocolServiceGrpc$RaftServerProtocolServiceBlockingStub.requestVote(RaftServerProtocolServiceGrpc.java:265)
	at org.apache.ratis.grpc.server.GrpcServerProtocolClient.requestVote(GrpcServerProtocolClient.java:99)
	at org.apache.ratis.grpc.server.GrpcService.requestVote(GrpcService.java:204)
	at org.apache.ratis.server.impl.LeaderElection.lambda$submitRequests$1(LeaderElection.java:234)
	at java.util.concurrent.FutureTask.run(FutureTask.java:266)
	at java.util.concurrent.Executors$RunnableAdapter.call(Executors.java:511)
	at java.util.concurrent.FutureTask.run(FutureTask.java:266)
	at java.util.concurrent.ThreadPoolExecutor.runWorker(ThreadPoolExecutor.java:1149)
	at java.util.concurrent.ThreadPoolExecutor$Worker.run(ThreadPoolExecutor.java:624)
	... 1 more
Caused by: org.apache.ratis.thirdparty.io.netty.channel.AbstractChannel$AnnotatedConnectException: Connection refused: /192.168.157.213:37433
	at sun.nio.ch.SocketChannelImpl.checkConnect(Native Method)
	at sun.nio.ch.SocketChannelImpl.finishConnect(SocketChannelImpl.java:717)
	at org.apache.ratis.thirdparty.io.netty.channel.socket.nio.NioSocketChannel.doFinishConnect(NioSocketChannel.java:327)
	at org.apache.ratis.thirdparty.io.netty.channel.nio.AbstractNioChannel$AbstractNioUnsafe.finishConnect(AbstractNioChannel.java:340)
	at org.apache.ratis.thirdparty.io.netty.channel.nio.NioEventLoop.processSelectedKey(NioEventLoop.java:632)
	at org.apache.ratis.thirdparty.io.netty.channel.nio.NioEventLoop.processSelectedKeysOptimized(NioEventLoop.java:579)
	at org.apache.ratis.thirdparty.io.netty.channel.nio.NioEventLoop.processSelectedKeys(NioEventLoop.java:496)
	at org.apache.ratis.thirdparty.io.netty.channel.nio.NioEventLoop.run(NioEventLoop.java:458)
	at org.apache.ratis.thirdparty.io.netty.util.concurrent.SingleThreadEventExecutor$5.run(SingleThreadEventExecutor.java:897)
	at org.apache.ratis.thirdparty.io.netty.util.concurrent.FastThreadLocalRunnable.run(FastThreadLocalRunnable.java:30)
	... 1 more
Caused by: java.net.ConnectException: Connection refused
	... 11 more
2019-10-19 01:05:02,154 [a1c78c0e-869c-4f76-b4ce-2034448e0b80@group-D48B69A44692-LeaderElection392] INFO  impl.LeaderElection (LeaderElection.java:logAndReturn(56)) - a1c78c0e-869c-4f76-b4ce-2034448e0b80@group-D48B69A44692-LeaderElection392: Election REJECTED; received 0 response(s) [] and 2 exception(s); a1c78c0e-869c-4f76-b4ce-2034448e0b80@group-D48B69A44692:t283, leader=null, voted=a1c78c0e-869c-4f76-b4ce-2034448e0b80, raftlog=a1c78c0e-869c-4f76-b4ce-2034448e0b80@group-D48B69A44692-SegmentedRaftLog:OPENED:c-1,f-1,i0, conf=-1: [51276c3c-a3b8-4274-b089-592ff4589f41:192.168.157.213:36639, 64c90977-e867-487c-b50d-c226f2d34a76:192.168.157.213:37433, a1c78c0e-869c-4f76-b4ce-2034448e0b80:192.168.157.213:33501], old=null
2019-10-19 01:05:02,154 [a1c78c0e-869c-4f76-b4ce-2034448e0b80@group-D48B69A44692-LeaderElection392] INFO  impl.LeaderElection (LogUtils.java:infoOrTrace(149)) -   Exception 0: {}
java.util.concurrent.ExecutionException: org.apache.ratis.thirdparty.io.grpc.StatusRuntimeException: UNAVAILABLE: io exception
	at java.util.concurrent.FutureTask.report(FutureTask.java:122)
	at java.util.concurrent.FutureTask.get(FutureTask.java:192)
	at org.apache.ratis.server.impl.LeaderElection.waitForResults(LeaderElection.java:259)
	at org.apache.ratis.server.impl.LeaderElection.askForVotes(LeaderElection.java:197)
	at org.apache.ratis.server.impl.LeaderElection.run(LeaderElection.java:133)
	at java.lang.Thread.run(Thread.java:748)
Caused by: org.apache.ratis.thirdparty.io.grpc.StatusRuntimeException: UNAVAILABLE: io exception
	at org.apache.ratis.thirdparty.io.grpc.stub.ClientCalls.toStatusRuntimeException(ClientCalls.java:233)
	at org.apache.ratis.thirdparty.io.grpc.stub.ClientCalls.getUnchecked(ClientCalls.java:214)
	at org.apache.ratis.thirdparty.io.grpc.stub.ClientCalls.blockingUnaryCall(ClientCalls.java:139)
	at org.apache.ratis.proto.grpc.RaftServerProtocolServiceGrpc$RaftServerProtocolServiceBlockingStub.requestVote(RaftServerProtocolServiceGrpc.java:265)
	at org.apache.ratis.grpc.server.GrpcServerProtocolClient.requestVote(GrpcServerProtocolClient.java:99)
	at org.apache.ratis.grpc.server.GrpcService.requestVote(GrpcService.java:204)
	at org.apache.ratis.server.impl.LeaderElection.lambda$submitRequests$1(LeaderElection.java:234)
	at java.util.concurrent.FutureTask.run(FutureTask.java:266)
	at java.util.concurrent.Executors$RunnableAdapter.call(Executors.java:511)
	at java.util.concurrent.FutureTask.run(FutureTask.java:266)
	at java.util.concurrent.ThreadPoolExecutor.runWorker(ThreadPoolExecutor.java:1149)
	at java.util.concurrent.ThreadPoolExecutor$Worker.run(ThreadPoolExecutor.java:624)
	... 1 more
Caused by: org.apache.ratis.thirdparty.io.netty.channel.AbstractChannel$AnnotatedConnectException: Connection refused: /192.168.157.213:36639
	at sun.nio.ch.SocketChannelImpl.checkConnect(Native Method)
	at sun.nio.ch.SocketChannelImpl.finishConnect(SocketChannelImpl.java:717)
	at org.apache.ratis.thirdparty.io.netty.channel.socket.nio.NioSocketChannel.doFinishConnect(NioSocketChannel.java:327)
	at org.apache.ratis.thirdparty.io.netty.channel.nio.AbstractNioChannel$AbstractNioUnsafe.finishConnect(AbstractNioChannel.java:340)
	at org.apache.ratis.thirdparty.io.netty.channel.nio.NioEventLoop.processSelectedKey(NioEventLoop.java:632)
	at org.apache.ratis.thirdparty.io.netty.channel.nio.NioEventLoop.processSelectedKeysOptimized(NioEventLoop.java:579)
	at org.apache.ratis.thirdparty.io.netty.channel.nio.NioEventLoop.processSelectedKeys(NioEventLoop.java:496)
	at org.apache.ratis.thirdparty.io.netty.channel.nio.NioEventLoop.run(NioEventLoop.java:458)
	at org.apache.ratis.thirdparty.io.netty.util.concurrent.SingleThreadEventExecutor$5.run(SingleThreadEventExecutor.java:897)
	at org.apache.ratis.thirdparty.io.netty.util.concurrent.FastThreadLocalRunnable.run(FastThreadLocalRunnable.java:30)
	... 1 more
Caused by: java.net.ConnectException: Connection refused
	... 11 more
2019-10-19 01:05:02,155 [a1c78c0e-869c-4f76-b4ce-2034448e0b80@group-D48B69A44692-LeaderElection392] INFO  impl.LeaderElection (LogUtils.java:infoOrTrace(149)) -   Exception 1: {}
java.util.concurrent.ExecutionException: org.apache.ratis.thirdparty.io.grpc.StatusRuntimeException: UNAVAILABLE: io exception
	at java.util.concurrent.FutureTask.report(FutureTask.java:122)
	at java.util.concurrent.FutureTask.get(FutureTask.java:192)
	at org.apache.ratis.server.impl.LeaderElection.waitForResults(LeaderElection.java:259)
	at org.apache.ratis.server.impl.LeaderElection.askForVotes(LeaderElection.java:197)
	at org.apache.ratis.server.impl.LeaderElection.run(LeaderElection.java:133)
	at java.lang.Thread.run(Thread.java:748)
Caused by: org.apache.ratis.thirdparty.io.grpc.StatusRuntimeException: UNAVAILABLE: io exception
	at org.apache.ratis.thirdparty.io.grpc.stub.ClientCalls.toStatusRuntimeException(ClientCalls.java:233)
	at org.apache.ratis.thirdparty.io.grpc.stub.ClientCalls.getUnchecked(ClientCalls.java:214)
	at org.apache.ratis.thirdparty.io.grpc.stub.ClientCalls.blockingUnaryCall(ClientCalls.java:139)
	at org.apache.ratis.proto.grpc.RaftServerProtocolServiceGrpc$RaftServerProtocolServiceBlockingStub.requestVote(RaftServerProtocolServiceGrpc.java:265)
	at org.apache.ratis.grpc.server.GrpcServerProtocolClient.requestVote(GrpcServerProtocolClient.java:99)
	at org.apache.ratis.grpc.server.GrpcService.requestVote(GrpcService.java:204)
	at org.apache.ratis.server.impl.LeaderElection.lambda$submitRequests$1(LeaderElection.java:234)
	at java.util.concurrent.FutureTask.run(FutureTask.java:266)
	at java.util.concurrent.Executors$RunnableAdapter.call(Executors.java:511)
	at java.util.concurrent.FutureTask.run(FutureTask.java:266)
	at java.util.concurrent.ThreadPoolExecutor.runWorker(ThreadPoolExecutor.java:1149)
	at java.util.concurrent.ThreadPoolExecutor$Worker.run(ThreadPoolExecutor.java:624)
	... 1 more
Caused by: org.apache.ratis.thirdparty.io.netty.channel.AbstractChannel$AnnotatedConnectException: Connection refused: /192.168.157.213:37433
	at sun.nio.ch.SocketChannelImpl.checkConnect(Native Method)
	at sun.nio.ch.SocketChannelImpl.finishConnect(SocketChannelImpl.java:717)
	at org.apache.ratis.thirdparty.io.netty.channel.socket.nio.NioSocketChannel.doFinishConnect(NioSocketChannel.java:327)
	at org.apache.ratis.thirdparty.io.netty.channel.nio.AbstractNioChannel$AbstractNioUnsafe.finishConnect(AbstractNioChannel.java:340)
	at org.apache.ratis.thirdparty.io.netty.channel.nio.NioEventLoop.processSelectedKey(NioEventLoop.java:632)
	at org.apache.ratis.thirdparty.io.netty.channel.nio.NioEventLoop.processSelectedKeysOptimized(NioEventLoop.java:579)
	at org.apache.ratis.thirdparty.io.netty.channel.nio.NioEventLoop.processSelectedKeys(NioEventLoop.java:496)
	at org.apache.ratis.thirdparty.io.netty.channel.nio.NioEventLoop.run(NioEventLoop.java:458)
	at org.apache.ratis.thirdparty.io.netty.util.concurrent.SingleThreadEventExecutor$5.run(SingleThreadEventExecutor.java:897)
	at org.apache.ratis.thirdparty.io.netty.util.concurrent.FastThreadLocalRunnable.run(FastThreadLocalRunnable.java:30)
	... 1 more
Caused by: java.net.ConnectException: Connection refused
	... 11 more
2019-10-19 01:05:02,155 [a1c78c0e-869c-4f76-b4ce-2034448e0b80@group-D48B69A44692-LeaderElection392] INFO  impl.RaftServerImpl (RaftServerImpl.java:setRole(184)) - a1c78c0e-869c-4f76-b4ce-2034448e0b80@group-D48B69A44692: changes role from CANDIDATE to FOLLOWER at term 283 for DISCOVERED_A_NEW_TERM
2019-10-19 01:05:02,155 [a1c78c0e-869c-4f76-b4ce-2034448e0b80@group-D48B69A44692-LeaderElection392] INFO  impl.RoleInfo (RoleInfo.java:shutdownLeaderElection(134)) - a1c78c0e-869c-4f76-b4ce-2034448e0b80: shutdown LeaderElection
2019-10-19 01:05:02,155 [a1c78c0e-869c-4f76-b4ce-2034448e0b80@group-D48B69A44692-LeaderElection392] INFO  impl.RoleInfo (RoleInfo.java:updateAndGet(143)) - a1c78c0e-869c-4f76-b4ce-2034448e0b80: start FollowerState
2019-10-19 01:05:02,259 [Thread-2898] INFO  impl.FollowerState (FollowerState.java:run(108)) - a1c78c0e-869c-4f76-b4ce-2034448e0b80@group-D48B69A44692-FollowerState: change to CANDIDATE, lastRpcTime:103ms, electionTimeout:98ms
2019-10-19 01:05:02,262 [Thread-2898] INFO  impl.RoleInfo (RoleInfo.java:shutdownFollowerState(121)) - a1c78c0e-869c-4f76-b4ce-2034448e0b80: shutdown FollowerState
2019-10-19 01:05:02,262 [Thread-2898] INFO  impl.RaftServerImpl (RaftServerImpl.java:setRole(184)) - a1c78c0e-869c-4f76-b4ce-2034448e0b80@group-D48B69A44692: changes role from  FOLLOWER to CANDIDATE at term 283 for changeToCandidate
2019-10-19 01:05:02,262 [Thread-2898] INFO  impl.RoleInfo (RoleInfo.java:updateAndGet(143)) - a1c78c0e-869c-4f76-b4ce-2034448e0b80: start LeaderElection
2019-10-19 01:05:02,296 [a1c78c0e-869c-4f76-b4ce-2034448e0b80@group-D48B69A44692-LeaderElection393] INFO  impl.LeaderElection (LeaderElection.java:askForVotes(178)) - a1c78c0e-869c-4f76-b4ce-2034448e0b80@group-D48B69A44692-LeaderElection393: begin an election at term 284 for -1: [51276c3c-a3b8-4274-b089-592ff4589f41:192.168.157.213:36639, 64c90977-e867-487c-b50d-c226f2d34a76:192.168.157.213:37433, a1c78c0e-869c-4f76-b4ce-2034448e0b80:192.168.157.213:33501], old=null
2019-10-19 01:05:02,297 [a1c78c0e-869c-4f76-b4ce-2034448e0b80@group-D48B69A44692-LeaderElection393] INFO  impl.LeaderElection (LogUtils.java:infoOrTrace(149)) - a1c78c0e-869c-4f76-b4ce-2034448e0b80@group-D48B69A44692-LeaderElection393 got exception when requesting votes: {}
java.util.concurrent.ExecutionException: org.apache.ratis.thirdparty.io.grpc.StatusRuntimeException: UNAVAILABLE: io exception
	at java.util.concurrent.FutureTask.report(FutureTask.java:122)
	at java.util.concurrent.FutureTask.get(FutureTask.java:192)
	at org.apache.ratis.server.impl.LeaderElection.waitForResults(LeaderElection.java:259)
	at org.apache.ratis.server.impl.LeaderElection.askForVotes(LeaderElection.java:197)
	at org.apache.ratis.server.impl.LeaderElection.run(LeaderElection.java:133)
	at java.lang.Thread.run(Thread.java:748)
Caused by: org.apache.ratis.thirdparty.io.grpc.StatusRuntimeException: UNAVAILABLE: io exception
	at org.apache.ratis.thirdparty.io.grpc.stub.ClientCalls.toStatusRuntimeException(ClientCalls.java:233)
	at org.apache.ratis.thirdparty.io.grpc.stub.ClientCalls.getUnchecked(ClientCalls.java:214)
	at org.apache.ratis.thirdparty.io.grpc.stub.ClientCalls.blockingUnaryCall(ClientCalls.java:139)
	at org.apache.ratis.proto.grpc.RaftServerProtocolServiceGrpc$RaftServerProtocolServiceBlockingStub.requestVote(RaftServerProtocolServiceGrpc.java:265)
	at org.apache.ratis.grpc.server.GrpcServerProtocolClient.requestVote(GrpcServerProtocolClient.java:99)
	at org.apache.ratis.grpc.server.GrpcService.requestVote(GrpcService.java:204)
	at org.apache.ratis.server.impl.LeaderElection.lambda$submitRequests$1(LeaderElection.java:234)
	at java.util.concurrent.FutureTask.run(FutureTask.java:266)
	at java.util.concurrent.Executors$RunnableAdapter.call(Executors.java:511)
	at java.util.concurrent.FutureTask.run(FutureTask.java:266)
	at java.util.concurrent.ThreadPoolExecutor.runWorker(ThreadPoolExecutor.java:1149)
	at java.util.concurrent.ThreadPoolExecutor$Worker.run(ThreadPoolExecutor.java:624)
	... 1 more
Caused by: org.apache.ratis.thirdparty.io.netty.channel.AbstractChannel$AnnotatedConnectException: Connection refused: /192.168.157.213:36639
	at sun.nio.ch.SocketChannelImpl.checkConnect(Native Method)
	at sun.nio.ch.SocketChannelImpl.finishConnect(SocketChannelImpl.java:717)
	at org.apache.ratis.thirdparty.io.netty.channel.socket.nio.NioSocketChannel.doFinishConnect(NioSocketChannel.java:327)
	at org.apache.ratis.thirdparty.io.netty.channel.nio.AbstractNioChannel$AbstractNioUnsafe.finishConnect(AbstractNioChannel.java:340)
	at org.apache.ratis.thirdparty.io.netty.channel.nio.NioEventLoop.processSelectedKey(NioEventLoop.java:632)
	at org.apache.ratis.thirdparty.io.netty.channel.nio.NioEventLoop.processSelectedKeysOptimized(NioEventLoop.java:579)
	at org.apache.ratis.thirdparty.io.netty.channel.nio.NioEventLoop.processSelectedKeys(NioEventLoop.java:496)
	at org.apache.ratis.thirdparty.io.netty.channel.nio.NioEventLoop.run(NioEventLoop.java:458)
	at org.apache.ratis.thirdparty.io.netty.util.concurrent.SingleThreadEventExecutor$5.run(SingleThreadEventExecutor.java:897)
	at org.apache.ratis.thirdparty.io.netty.util.concurrent.FastThreadLocalRunnable.run(FastThreadLocalRunnable.java:30)
	... 1 more
Caused by: java.net.ConnectException: Connection refused
	... 11 more
2019-10-19 01:05:02,297 [a1c78c0e-869c-4f76-b4ce-2034448e0b80@group-D48B69A44692-LeaderElection393] INFO  impl.LeaderElection (LogUtils.java:infoOrTrace(149)) - a1c78c0e-869c-4f76-b4ce-2034448e0b80@group-D48B69A44692-LeaderElection393 got exception when requesting votes: {}
java.util.concurrent.ExecutionException: org.apache.ratis.thirdparty.io.grpc.StatusRuntimeException: UNAVAILABLE: io exception
	at java.util.concurrent.FutureTask.report(FutureTask.java:122)
	at java.util.concurrent.FutureTask.get(FutureTask.java:192)
	at org.apache.ratis.server.impl.LeaderElection.waitForResults(LeaderElection.java:259)
	at org.apache.ratis.server.impl.LeaderElection.askForVotes(LeaderElection.java:197)
	at org.apache.ratis.server.impl.LeaderElection.run(LeaderElection.java:133)
	at java.lang.Thread.run(Thread.java:748)
Caused by: org.apache.ratis.thirdparty.io.grpc.StatusRuntimeException: UNAVAILABLE: io exception
	at org.apache.ratis.thirdparty.io.grpc.stub.ClientCalls.toStatusRuntimeException(ClientCalls.java:233)
	at org.apache.ratis.thirdparty.io.grpc.stub.ClientCalls.getUnchecked(ClientCalls.java:214)
	at org.apache.ratis.thirdparty.io.grpc.stub.ClientCalls.blockingUnaryCall(ClientCalls.java:139)
	at org.apache.ratis.proto.grpc.RaftServerProtocolServiceGrpc$RaftServerProtocolServiceBlockingStub.requestVote(RaftServerProtocolServiceGrpc.java:265)
	at org.apache.ratis.grpc.server.GrpcServerProtocolClient.requestVote(GrpcServerProtocolClient.java:99)
	at org.apache.ratis.grpc.server.GrpcService.requestVote(GrpcService.java:204)
	at org.apache.ratis.server.impl.LeaderElection.lambda$submitRequests$1(LeaderElection.java:234)
	at java.util.concurrent.FutureTask.run(FutureTask.java:266)
	at java.util.concurrent.Executors$RunnableAdapter.call(Executors.java:511)
	at java.util.concurrent.FutureTask.run(FutureTask.java:266)
	at java.util.concurrent.ThreadPoolExecutor.runWorker(ThreadPoolExecutor.java:1149)
	at java.util.concurrent.ThreadPoolExecutor$Worker.run(ThreadPoolExecutor.java:624)
	... 1 more
Caused by: org.apache.ratis.thirdparty.io.netty.channel.AbstractChannel$AnnotatedConnectException: Connection refused: /192.168.157.213:37433
	at sun.nio.ch.SocketChannelImpl.checkConnect(Native Method)
	at sun.nio.ch.SocketChannelImpl.finishConnect(SocketChannelImpl.java:717)
	at org.apache.ratis.thirdparty.io.netty.channel.socket.nio.NioSocketChannel.doFinishConnect(NioSocketChannel.java:327)
	at org.apache.ratis.thirdparty.io.netty.channel.nio.AbstractNioChannel$AbstractNioUnsafe.finishConnect(AbstractNioChannel.java:340)
	at org.apache.ratis.thirdparty.io.netty.channel.nio.NioEventLoop.processSelectedKey(NioEventLoop.java:632)
	at org.apache.ratis.thirdparty.io.netty.channel.nio.NioEventLoop.processSelectedKeysOptimized(NioEventLoop.java:579)
	at org.apache.ratis.thirdparty.io.netty.channel.nio.NioEventLoop.processSelectedKeys(NioEventLoop.java:496)
	at org.apache.ratis.thirdparty.io.netty.channel.nio.NioEventLoop.run(NioEventLoop.java:458)
	at org.apache.ratis.thirdparty.io.netty.util.concurrent.SingleThreadEventExecutor$5.run(SingleThreadEventExecutor.java:897)
	at org.apache.ratis.thirdparty.io.netty.util.concurrent.FastThreadLocalRunnable.run(FastThreadLocalRunnable.java:30)
	... 1 more
Caused by: java.net.ConnectException: Connection refused
	... 11 more
2019-10-19 01:05:02,298 [a1c78c0e-869c-4f76-b4ce-2034448e0b80@group-D48B69A44692-LeaderElection393] INFO  impl.LeaderElection (LeaderElection.java:logAndReturn(56)) - a1c78c0e-869c-4f76-b4ce-2034448e0b80@group-D48B69A44692-LeaderElection393: Election REJECTED; received 0 response(s) [] and 2 exception(s); a1c78c0e-869c-4f76-b4ce-2034448e0b80@group-D48B69A44692:t284, leader=null, voted=a1c78c0e-869c-4f76-b4ce-2034448e0b80, raftlog=a1c78c0e-869c-4f76-b4ce-2034448e0b80@group-D48B69A44692-SegmentedRaftLog:OPENED:c-1,f-1,i0, conf=-1: [51276c3c-a3b8-4274-b089-592ff4589f41:192.168.157.213:36639, 64c90977-e867-487c-b50d-c226f2d34a76:192.168.157.213:37433, a1c78c0e-869c-4f76-b4ce-2034448e0b80:192.168.157.213:33501], old=null
2019-10-19 01:05:02,298 [a1c78c0e-869c-4f76-b4ce-2034448e0b80@group-D48B69A44692-LeaderElection393] INFO  impl.LeaderElection (LogUtils.java:infoOrTrace(149)) -   Exception 0: {}
java.util.concurrent.ExecutionException: org.apache.ratis.thirdparty.io.grpc.StatusRuntimeException: UNAVAILABLE: io exception
	at java.util.concurrent.FutureTask.report(FutureTask.java:122)
	at java.util.concurrent.FutureTask.get(FutureTask.java:192)
	at org.apache.ratis.server.impl.LeaderElection.waitForResults(LeaderElection.java:259)
	at org.apache.ratis.server.impl.LeaderElection.askForVotes(LeaderElection.java:197)
	at org.apache.ratis.server.impl.LeaderElection.run(LeaderElection.java:133)
	at java.lang.Thread.run(Thread.java:748)
Caused by: org.apache.ratis.thirdparty.io.grpc.StatusRuntimeException: UNAVAILABLE: io exception
	at org.apache.ratis.thirdparty.io.grpc.stub.ClientCalls.toStatusRuntimeException(ClientCalls.java:233)
	at org.apache.ratis.thirdparty.io.grpc.stub.ClientCalls.getUnchecked(ClientCalls.java:214)
	at org.apache.ratis.thirdparty.io.grpc.stub.ClientCalls.blockingUnaryCall(ClientCalls.java:139)
	at org.apache.ratis.proto.grpc.RaftServerProtocolServiceGrpc$RaftServerProtocolServiceBlockingStub.requestVote(RaftServerProtocolServiceGrpc.java:265)
	at org.apache.ratis.grpc.server.GrpcServerProtocolClient.requestVote(GrpcServerProtocolClient.java:99)
	at org.apache.ratis.grpc.server.GrpcService.requestVote(GrpcService.java:204)
	at org.apache.ratis.server.impl.LeaderElection.lambda$submitRequests$1(LeaderElection.java:234)
	at java.util.concurrent.FutureTask.run(FutureTask.java:266)
	at java.util.concurrent.Executors$RunnableAdapter.call(Executors.java:511)
	at java.util.concurrent.FutureTask.run(FutureTask.java:266)
	at java.util.concurrent.ThreadPoolExecutor.runWorker(ThreadPoolExecutor.java:1149)
	at java.util.concurrent.ThreadPoolExecutor$Worker.run(ThreadPoolExecutor.java:624)
	... 1 more
Caused by: org.apache.ratis.thirdparty.io.netty.channel.AbstractChannel$AnnotatedConnectException: Connection refused: /192.168.157.213:36639
	at sun.nio.ch.SocketChannelImpl.checkConnect(Native Method)
	at sun.nio.ch.SocketChannelImpl.finishConnect(SocketChannelImpl.java:717)
	at org.apache.ratis.thirdparty.io.netty.channel.socket.nio.NioSocketChannel.doFinishConnect(NioSocketChannel.java:327)
	at org.apache.ratis.thirdparty.io.netty.channel.nio.AbstractNioChannel$AbstractNioUnsafe.finishConnect(AbstractNioChannel.java:340)
	at org.apache.ratis.thirdparty.io.netty.channel.nio.NioEventLoop.processSelectedKey(NioEventLoop.java:632)
	at org.apache.ratis.thirdparty.io.netty.channel.nio.NioEventLoop.processSelectedKeysOptimized(NioEventLoop.java:579)
	at org.apache.ratis.thirdparty.io.netty.channel.nio.NioEventLoop.processSelectedKeys(NioEventLoop.java:496)
	at org.apache.ratis.thirdparty.io.netty.channel.nio.NioEventLoop.run(NioEventLoop.java:458)
	at org.apache.ratis.thirdparty.io.netty.util.concurrent.SingleThreadEventExecutor$5.run(SingleThreadEventExecutor.java:897)
	at org.apache.ratis.thirdparty.io.netty.util.concurrent.FastThreadLocalRunnable.run(FastThreadLocalRunnable.java:30)
	... 1 more
Caused by: java.net.ConnectException: Connection refused
	... 11 more
2019-10-19 01:05:02,298 [a1c78c0e-869c-4f76-b4ce-2034448e0b80@group-D48B69A44692-LeaderElection393] INFO  impl.LeaderElection (LogUtils.java:infoOrTrace(149)) -   Exception 1: {}
java.util.concurrent.ExecutionException: org.apache.ratis.thirdparty.io.grpc.StatusRuntimeException: UNAVAILABLE: io exception
	at java.util.concurrent.FutureTask.report(FutureTask.java:122)
	at java.util.concurrent.FutureTask.get(FutureTask.java:192)
	at org.apache.ratis.server.impl.LeaderElection.waitForResults(LeaderElection.java:259)
	at org.apache.ratis.server.impl.LeaderElection.askForVotes(LeaderElection.java:197)
	at org.apache.ratis.server.impl.LeaderElection.run(LeaderElection.java:133)
	at java.lang.Thread.run(Thread.java:748)
Caused by: org.apache.ratis.thirdparty.io.grpc.StatusRuntimeException: UNAVAILABLE: io exception
	at org.apache.ratis.thirdparty.io.grpc.stub.ClientCalls.toStatusRuntimeException(ClientCalls.java:233)
	at org.apache.ratis.thirdparty.io.grpc.stub.ClientCalls.getUnchecked(ClientCalls.java:214)
	at org.apache.ratis.thirdparty.io.grpc.stub.ClientCalls.blockingUnaryCall(ClientCalls.java:139)
	at org.apache.ratis.proto.grpc.RaftServerProtocolServiceGrpc$RaftServerProtocolServiceBlockingStub.requestVote(RaftServerProtocolServiceGrpc.java:265)
	at org.apache.ratis.grpc.server.GrpcServerProtocolClient.requestVote(GrpcServerProtocolClient.java:99)
	at org.apache.ratis.grpc.server.GrpcService.requestVote(GrpcService.java:204)
	at org.apache.ratis.server.impl.LeaderElection.lambda$submitRequests$1(LeaderElection.java:234)
	at java.util.concurrent.FutureTask.run(FutureTask.java:266)
	at java.util.concurrent.Executors$RunnableAdapter.call(Executors.java:511)
	at java.util.concurrent.FutureTask.run(FutureTask.java:266)
	at java.util.concurrent.ThreadPoolExecutor.runWorker(ThreadPoolExecutor.java:1149)
	at java.util.concurrent.ThreadPoolExecutor$Worker.run(ThreadPoolExecutor.java:624)
	... 1 more
Caused by: org.apache.ratis.thirdparty.io.netty.channel.AbstractChannel$AnnotatedConnectException: Connection refused: /192.168.157.213:37433
	at sun.nio.ch.SocketChannelImpl.checkConnect(Native Method)
	at sun.nio.ch.SocketChannelImpl.finishConnect(SocketChannelImpl.java:717)
	at org.apache.ratis.thirdparty.io.netty.channel.socket.nio.NioSocketChannel.doFinishConnect(NioSocketChannel.java:327)
	at org.apache.ratis.thirdparty.io.netty.channel.nio.AbstractNioChannel$AbstractNioUnsafe.finishConnect(AbstractNioChannel.java:340)
	at org.apache.ratis.thirdparty.io.netty.channel.nio.NioEventLoop.processSelectedKey(NioEventLoop.java:632)
	at org.apache.ratis.thirdparty.io.netty.channel.nio.NioEventLoop.processSelectedKeysOptimized(NioEventLoop.java:579)
	at org.apache.ratis.thirdparty.io.netty.channel.nio.NioEventLoop.processSelectedKeys(NioEventLoop.java:496)
	at org.apache.ratis.thirdparty.io.netty.channel.nio.NioEventLoop.run(NioEventLoop.java:458)
	at org.apache.ratis.thirdparty.io.netty.util.concurrent.SingleThreadEventExecutor$5.run(SingleThreadEventExecutor.java:897)
	at org.apache.ratis.thirdparty.io.netty.util.concurrent.FastThreadLocalRunnable.run(FastThreadLocalRunnable.java:30)
	... 1 more
Caused by: java.net.ConnectException: Connection refused
	... 11 more
2019-10-19 01:05:02,299 [a1c78c0e-869c-4f76-b4ce-2034448e0b80@group-D48B69A44692-LeaderElection393] INFO  impl.RaftServerImpl (RaftServerImpl.java:setRole(184)) - a1c78c0e-869c-4f76-b4ce-2034448e0b80@group-D48B69A44692: changes role from CANDIDATE to FOLLOWER at term 284 for DISCOVERED_A_NEW_TERM
2019-10-19 01:05:02,299 [a1c78c0e-869c-4f76-b4ce-2034448e0b80@group-D48B69A44692-LeaderElection393] INFO  impl.RoleInfo (RoleInfo.java:shutdownLeaderElection(134)) - a1c78c0e-869c-4f76-b4ce-2034448e0b80: shutdown LeaderElection
2019-10-19 01:05:02,299 [a1c78c0e-869c-4f76-b4ce-2034448e0b80@group-D48B69A44692-LeaderElection393] INFO  impl.RoleInfo (RoleInfo.java:updateAndGet(143)) - a1c78c0e-869c-4f76-b4ce-2034448e0b80: start FollowerState
2019-10-19 01:05:02,327 [Thread-2902] INFO  impl.FollowerState (FollowerState.java:run(108)) - a1c78c0e-869c-4f76-b4ce-2034448e0b80@group-D48B69A44692-FollowerState: change to CANDIDATE, lastRpcTime:28ms, electionTimeout:28ms
2019-10-19 01:05:02,327 [Thread-2902] INFO  impl.RoleInfo (RoleInfo.java:shutdownFollowerState(121)) - a1c78c0e-869c-4f76-b4ce-2034448e0b80: shutdown FollowerState
2019-10-19 01:05:02,327 [Thread-2902] INFO  impl.RaftServerImpl (RaftServerImpl.java:setRole(184)) - a1c78c0e-869c-4f76-b4ce-2034448e0b80@group-D48B69A44692: changes role from  FOLLOWER to CANDIDATE at term 284 for changeToCandidate
2019-10-19 01:05:02,328 [Thread-2902] INFO  impl.RoleInfo (RoleInfo.java:updateAndGet(143)) - a1c78c0e-869c-4f76-b4ce-2034448e0b80: start LeaderElection
2019-10-19 01:05:02,359 [java.util.concurrent.ThreadPoolExecutor$Worker@3d9b74b8[State = -1, empty queue]] WARN  server.GrpcLogAppender (GrpcLogAppender.java:timeoutAppendRequest(209)) - b26a8d60-58dc-431d-8168-f89a9ab35f3a@group-FB3B7D7D89E3->16805c57-9f45-4377-8998-764a8f26e152-GrpcLogAppender: appendEntries Timeout, request=b26a8d60-58dc-431d-8168-f89a9ab35f3a->16805c57-9f45-4377-8998-764a8f26e152#31-t129, previous=(t:129, i:2), leaderCommit=2, initializing? false, entries: <empty>
2019-10-19 01:05:02,360 [a1c78c0e-869c-4f76-b4ce-2034448e0b80@group-D48B69A44692-LeaderElection394] INFO  impl.LeaderElection (LeaderElection.java:askForVotes(178)) - a1c78c0e-869c-4f76-b4ce-2034448e0b80@group-D48B69A44692-LeaderElection394: begin an election at term 285 for -1: [51276c3c-a3b8-4274-b089-592ff4589f41:192.168.157.213:36639, 64c90977-e867-487c-b50d-c226f2d34a76:192.168.157.213:37433, a1c78c0e-869c-4f76-b4ce-2034448e0b80:192.168.157.213:33501], old=null
2019-10-19 01:05:02,361 [a1c78c0e-869c-4f76-b4ce-2034448e0b80@group-D48B69A44692-LeaderElection394] INFO  impl.LeaderElection (LogUtils.java:infoOrTrace(149)) - a1c78c0e-869c-4f76-b4ce-2034448e0b80@group-D48B69A44692-LeaderElection394 got exception when requesting votes: {}
java.util.concurrent.ExecutionException: org.apache.ratis.thirdparty.io.grpc.StatusRuntimeException: UNAVAILABLE: io exception
	at java.util.concurrent.FutureTask.report(FutureTask.java:122)
	at java.util.concurrent.FutureTask.get(FutureTask.java:192)
	at org.apache.ratis.server.impl.LeaderElection.waitForResults(LeaderElection.java:259)
	at org.apache.ratis.server.impl.LeaderElection.askForVotes(LeaderElection.java:197)
	at org.apache.ratis.server.impl.LeaderElection.run(LeaderElection.java:133)
	at java.lang.Thread.run(Thread.java:748)
Caused by: org.apache.ratis.thirdparty.io.grpc.StatusRuntimeException: UNAVAILABLE: io exception
	at org.apache.ratis.thirdparty.io.grpc.stub.ClientCalls.toStatusRuntimeException(ClientCalls.java:233)
	at org.apache.ratis.thirdparty.io.grpc.stub.ClientCalls.getUnchecked(ClientCalls.java:214)
	at org.apache.ratis.thirdparty.io.grpc.stub.ClientCalls.blockingUnaryCall(ClientCalls.java:139)
	at org.apache.ratis.proto.grpc.RaftServerProtocolServiceGrpc$RaftServerProtocolServiceBlockingStub.requestVote(RaftServerProtocolServiceGrpc.java:265)
	at org.apache.ratis.grpc.server.GrpcServerProtocolClient.requestVote(GrpcServerProtocolClient.java:99)
	at org.apache.ratis.grpc.server.GrpcService.requestVote(GrpcService.java:204)
	at org.apache.ratis.server.impl.LeaderElection.lambda$submitRequests$1(LeaderElection.java:234)
	at java.util.concurrent.FutureTask.run(FutureTask.java:266)
	at java.util.concurrent.Executors$RunnableAdapter.call(Executors.java:511)
	at java.util.concurrent.FutureTask.run(FutureTask.java:266)
	at java.util.concurrent.ThreadPoolExecutor.runWorker(ThreadPoolExecutor.java:1149)
	at java.util.concurrent.ThreadPoolExecutor$Worker.run(ThreadPoolExecutor.java:624)
	... 1 more
Caused by: org.apache.ratis.thirdparty.io.netty.channel.AbstractChannel$AnnotatedConnectException: Connection refused: /192.168.157.213:36639
	at sun.nio.ch.SocketChannelImpl.checkConnect(Native Method)
	at sun.nio.ch.SocketChannelImpl.finishConnect(SocketChannelImpl.java:717)
	at org.apache.ratis.thirdparty.io.netty.channel.socket.nio.NioSocketChannel.doFinishConnect(NioSocketChannel.java:327)
	at org.apache.ratis.thirdparty.io.netty.channel.nio.AbstractNioChannel$AbstractNioUnsafe.finishConnect(AbstractNioChannel.java:340)
	at org.apache.ratis.thirdparty.io.netty.channel.nio.NioEventLoop.processSelectedKey(NioEventLoop.java:632)
	at org.apache.ratis.thirdparty.io.netty.channel.nio.NioEventLoop.processSelectedKeysOptimized(NioEventLoop.java:579)
	at org.apache.ratis.thirdparty.io.netty.channel.nio.NioEventLoop.processSelectedKeys(NioEventLoop.java:496)
	at org.apache.ratis.thirdparty.io.netty.channel.nio.NioEventLoop.run(NioEventLoop.java:458)
	at org.apache.ratis.thirdparty.io.netty.util.concurrent.SingleThreadEventExecutor$5.run(SingleThreadEventExecutor.java:897)
	at org.apache.ratis.thirdparty.io.netty.util.concurrent.FastThreadLocalRunnable.run(FastThreadLocalRunnable.java:30)
	... 1 more
Caused by: java.net.ConnectException: Connection refused
	... 11 more
2019-10-19 01:05:02,361 [a1c78c0e-869c-4f76-b4ce-2034448e0b80@group-D48B69A44692-LeaderElection394] INFO  impl.LeaderElection (LogUtils.java:infoOrTrace(149)) - a1c78c0e-869c-4f76-b4ce-2034448e0b80@group-D48B69A44692-LeaderElection394 got exception when requesting votes: {}
java.util.concurrent.ExecutionException: org.apache.ratis.thirdparty.io.grpc.StatusRuntimeException: UNAVAILABLE: io exception
	at java.util.concurrent.FutureTask.report(FutureTask.java:122)
	at java.util.concurrent.FutureTask.get(FutureTask.java:192)
	at org.apache.ratis.server.impl.LeaderElection.waitForResults(LeaderElection.java:259)
	at org.apache.ratis.server.impl.LeaderElection.askForVotes(LeaderElection.java:197)
	at org.apache.ratis.server.impl.LeaderElection.run(LeaderElection.java:133)
	at java.lang.Thread.run(Thread.java:748)
Caused by: org.apache.ratis.thirdparty.io.grpc.StatusRuntimeException: UNAVAILABLE: io exception
	at org.apache.ratis.thirdparty.io.grpc.stub.ClientCalls.toStatusRuntimeException(ClientCalls.java:233)
	at org.apache.ratis.thirdparty.io.grpc.stub.ClientCalls.getUnchecked(ClientCalls.java:214)
	at org.apache.ratis.thirdparty.io.grpc.stub.ClientCalls.blockingUnaryCall(ClientCalls.java:139)
	at org.apache.ratis.proto.grpc.RaftServerProtocolServiceGrpc$RaftServerProtocolServiceBlockingStub.requestVote(RaftServerProtocolServiceGrpc.java:265)
	at org.apache.ratis.grpc.server.GrpcServerProtocolClient.requestVote(GrpcServerProtocolClient.java:99)
	at org.apache.ratis.grpc.server.GrpcService.requestVote(GrpcService.java:204)
	at org.apache.ratis.server.impl.LeaderElection.lambda$submitRequests$1(LeaderElection.java:234)
	at java.util.concurrent.FutureTask.run(FutureTask.java:266)
	at java.util.concurrent.Executors$RunnableAdapter.call(Executors.java:511)
	at java.util.concurrent.FutureTask.run(FutureTask.java:266)
	at java.util.concurrent.ThreadPoolExecutor.runWorker(ThreadPoolExecutor.java:1149)
	at java.util.concurrent.ThreadPoolExecutor$Worker.run(ThreadPoolExecutor.java:624)
	... 1 more
Caused by: org.apache.ratis.thirdparty.io.netty.channel.AbstractChannel$AnnotatedConnectException: Connection refused: /192.168.157.213:37433
	at sun.nio.ch.SocketChannelImpl.checkConnect(Native Method)
	at sun.nio.ch.SocketChannelImpl.finishConnect(SocketChannelImpl.java:717)
	at org.apache.ratis.thirdparty.io.netty.channel.socket.nio.NioSocketChannel.doFinishConnect(NioSocketChannel.java:327)
	at org.apache.ratis.thirdparty.io.netty.channel.nio.AbstractNioChannel$AbstractNioUnsafe.finishConnect(AbstractNioChannel.java:340)
	at org.apache.ratis.thirdparty.io.netty.channel.nio.NioEventLoop.processSelectedKey(NioEventLoop.java:632)
	at org.apache.ratis.thirdparty.io.netty.channel.nio.NioEventLoop.processSelectedKeysOptimized(NioEventLoop.java:579)
	at org.apache.ratis.thirdparty.io.netty.channel.nio.NioEventLoop.processSelectedKeys(NioEventLoop.java:496)
	at org.apache.ratis.thirdparty.io.netty.channel.nio.NioEventLoop.run(NioEventLoop.java:458)
	at org.apache.ratis.thirdparty.io.netty.util.concurrent.SingleThreadEventExecutor$5.run(SingleThreadEventExecutor.java:897)
	at org.apache.ratis.thirdparty.io.netty.util.concurrent.FastThreadLocalRunnable.run(FastThreadLocalRunnable.java:30)
	... 1 more
Caused by: java.net.ConnectException: Connection refused
	... 11 more
2019-10-19 01:05:02,361 [a1c78c0e-869c-4f76-b4ce-2034448e0b80@group-D48B69A44692-LeaderElection394] INFO  impl.LeaderElection (LeaderElection.java:logAndReturn(56)) - a1c78c0e-869c-4f76-b4ce-2034448e0b80@group-D48B69A44692-LeaderElection394: Election REJECTED; received 0 response(s) [] and 2 exception(s); a1c78c0e-869c-4f76-b4ce-2034448e0b80@group-D48B69A44692:t285, leader=null, voted=a1c78c0e-869c-4f76-b4ce-2034448e0b80, raftlog=a1c78c0e-869c-4f76-b4ce-2034448e0b80@group-D48B69A44692-SegmentedRaftLog:OPENED:c-1,f-1,i0, conf=-1: [51276c3c-a3b8-4274-b089-592ff4589f41:192.168.157.213:36639, 64c90977-e867-487c-b50d-c226f2d34a76:192.168.157.213:37433, a1c78c0e-869c-4f76-b4ce-2034448e0b80:192.168.157.213:33501], old=null
2019-10-19 01:05:02,362 [a1c78c0e-869c-4f76-b4ce-2034448e0b80@group-D48B69A44692-LeaderElection394] INFO  impl.LeaderElection (LogUtils.java:infoOrTrace(149)) -   Exception 0: {}
java.util.concurrent.ExecutionException: org.apache.ratis.thirdparty.io.grpc.StatusRuntimeException: UNAVAILABLE: io exception
	at java.util.concurrent.FutureTask.report(FutureTask.java:122)
	at java.util.concurrent.FutureTask.get(FutureTask.java:192)
	at org.apache.ratis.server.impl.LeaderElection.waitForResults(LeaderElection.java:259)
	at org.apache.ratis.server.impl.LeaderElection.askForVotes(LeaderElection.java:197)
	at org.apache.ratis.server.impl.LeaderElection.run(LeaderElection.java:133)
	at java.lang.Thread.run(Thread.java:748)
Caused by: org.apache.ratis.thirdparty.io.grpc.StatusRuntimeException: UNAVAILABLE: io exception
	at org.apache.ratis.thirdparty.io.grpc.stub.ClientCalls.toStatusRuntimeException(ClientCalls.java:233)
	at org.apache.ratis.thirdparty.io.grpc.stub.ClientCalls.getUnchecked(ClientCalls.java:214)
	at org.apache.ratis.thirdparty.io.grpc.stub.ClientCalls.blockingUnaryCall(ClientCalls.java:139)
	at org.apache.ratis.proto.grpc.RaftServerProtocolServiceGrpc$RaftServerProtocolServiceBlockingStub.requestVote(RaftServerProtocolServiceGrpc.java:265)
	at org.apache.ratis.grpc.server.GrpcServerProtocolClient.requestVote(GrpcServerProtocolClient.java:99)
	at org.apache.ratis.grpc.server.GrpcService.requestVote(GrpcService.java:204)
	at org.apache.ratis.server.impl.LeaderElection.lambda$submitRequests$1(LeaderElection.java:234)
	at java.util.concurrent.FutureTask.run(FutureTask.java:266)
	at java.util.concurrent.Executors$RunnableAdapter.call(Executors.java:511)
	at java.util.concurrent.FutureTask.run(FutureTask.java:266)
	at java.util.concurrent.ThreadPoolExecutor.runWorker(ThreadPoolExecutor.java:1149)
	at java.util.concurrent.ThreadPoolExecutor$Worker.run(ThreadPoolExecutor.java:624)
	... 1 more
Caused by: org.apache.ratis.thirdparty.io.netty.channel.AbstractChannel$AnnotatedConnectException: Connection refused: /192.168.157.213:36639
	at sun.nio.ch.SocketChannelImpl.checkConnect(Native Method)
	at sun.nio.ch.SocketChannelImpl.finishConnect(SocketChannelImpl.java:717)
	at org.apache.ratis.thirdparty.io.netty.channel.socket.nio.NioSocketChannel.doFinishConnect(NioSocketChannel.java:327)
	at org.apache.ratis.thirdparty.io.netty.channel.nio.AbstractNioChannel$AbstractNioUnsafe.finishConnect(AbstractNioChannel.java:340)
	at org.apache.ratis.thirdparty.io.netty.channel.nio.NioEventLoop.processSelectedKey(NioEventLoop.java:632)
	at org.apache.ratis.thirdparty.io.netty.channel.nio.NioEventLoop.processSelectedKeysOptimized(NioEventLoop.java:579)
	at org.apache.ratis.thirdparty.io.netty.channel.nio.NioEventLoop.processSelectedKeys(NioEventLoop.java:496)
	at org.apache.ratis.thirdparty.io.netty.channel.nio.NioEventLoop.run(NioEventLoop.java:458)
	at org.apache.ratis.thirdparty.io.netty.util.concurrent.SingleThreadEventExecutor$5.run(SingleThreadEventExecutor.java:897)
	at org.apache.ratis.thirdparty.io.netty.util.concurrent.FastThreadLocalRunnable.run(FastThreadLocalRunnable.java:30)
	... 1 more
Caused by: java.net.ConnectException: Connection refused
	... 11 more
2019-10-19 01:05:02,362 [a1c78c0e-869c-4f76-b4ce-2034448e0b80@group-D48B69A44692-LeaderElection394] INFO  impl.LeaderElection (LogUtils.java:infoOrTrace(149)) -   Exception 1: {}
java.util.concurrent.ExecutionException: org.apache.ratis.thirdparty.io.grpc.StatusRuntimeException: UNAVAILABLE: io exception
	at java.util.concurrent.FutureTask.report(FutureTask.java:122)
	at java.util.concurrent.FutureTask.get(FutureTask.java:192)
	at org.apache.ratis.server.impl.LeaderElection.waitForResults(LeaderElection.java:259)
	at org.apache.ratis.server.impl.LeaderElection.askForVotes(LeaderElection.java:197)
	at org.apache.ratis.server.impl.LeaderElection.run(LeaderElection.java:133)
	at java.lang.Thread.run(Thread.java:748)
Caused by: org.apache.ratis.thirdparty.io.grpc.StatusRuntimeException: UNAVAILABLE: io exception
	at org.apache.ratis.thirdparty.io.grpc.stub.ClientCalls.toStatusRuntimeException(ClientCalls.java:233)
	at org.apache.ratis.thirdparty.io.grpc.stub.ClientCalls.getUnchecked(ClientCalls.java:214)
	at org.apache.ratis.thirdparty.io.grpc.stub.ClientCalls.blockingUnaryCall(ClientCalls.java:139)
	at org.apache.ratis.proto.grpc.RaftServerProtocolServiceGrpc$RaftServerProtocolServiceBlockingStub.requestVote(RaftServerProtocolServiceGrpc.java:265)
	at org.apache.ratis.grpc.server.GrpcServerProtocolClient.requestVote(GrpcServerProtocolClient.java:99)
	at org.apache.ratis.grpc.server.GrpcService.requestVote(GrpcService.java:204)
	at org.apache.ratis.server.impl.LeaderElection.lambda$submitRequests$1(LeaderElection.java:234)
	at java.util.concurrent.FutureTask.run(FutureTask.java:266)
	at java.util.concurrent.Executors$RunnableAdapter.call(Executors.java:511)
	at java.util.concurrent.FutureTask.run(FutureTask.java:266)
	at java.util.concurrent.ThreadPoolExecutor.runWorker(ThreadPoolExecutor.java:1149)
	at java.util.concurrent.ThreadPoolExecutor$Worker.run(ThreadPoolExecutor.java:624)
	... 1 more
Caused by: org.apache.ratis.thirdparty.io.netty.channel.AbstractChannel$AnnotatedConnectException: Connection refused: /192.168.157.213:37433
	at sun.nio.ch.SocketChannelImpl.checkConnect(Native Method)
	at sun.nio.ch.SocketChannelImpl.finishConnect(SocketChannelImpl.java:717)
	at org.apache.ratis.thirdparty.io.netty.channel.socket.nio.NioSocketChannel.doFinishConnect(NioSocketChannel.java:327)
	at org.apache.ratis.thirdparty.io.netty.channel.nio.AbstractNioChannel$AbstractNioUnsafe.finishConnect(AbstractNioChannel.java:340)
	at org.apache.ratis.thirdparty.io.netty.channel.nio.NioEventLoop.processSelectedKey(NioEventLoop.java:632)
	at org.apache.ratis.thirdparty.io.netty.channel.nio.NioEventLoop.processSelectedKeysOptimized(NioEventLoop.java:579)
	at org.apache.ratis.thirdparty.io.netty.channel.nio.NioEventLoop.processSelectedKeys(NioEventLoop.java:496)
	at org.apache.ratis.thirdparty.io.netty.channel.nio.NioEventLoop.run(NioEventLoop.java:458)
	at org.apache.ratis.thirdparty.io.netty.util.concurrent.SingleThreadEventExecutor$5.run(SingleThreadEventExecutor.java:897)
	at org.apache.ratis.thirdparty.io.netty.util.concurrent.FastThreadLocalRunnable.run(FastThreadLocalRunnable.java:30)
	... 1 more
Caused by: java.net.ConnectException: Connection refused
	... 11 more
2019-10-19 01:05:02,362 [a1c78c0e-869c-4f76-b4ce-2034448e0b80@group-D48B69A44692-LeaderElection394] INFO  impl.RaftServerImpl (RaftServerImpl.java:setRole(184)) - a1c78c0e-869c-4f76-b4ce-2034448e0b80@group-D48B69A44692: changes role from CANDIDATE to FOLLOWER at term 285 for DISCOVERED_A_NEW_TERM
2019-10-19 01:05:02,362 [a1c78c0e-869c-4f76-b4ce-2034448e0b80@group-D48B69A44692-LeaderElection394] INFO  impl.RoleInfo (RoleInfo.java:shutdownLeaderElection(134)) - a1c78c0e-869c-4f76-b4ce-2034448e0b80: shutdown LeaderElection
2019-10-19 01:05:02,362 [a1c78c0e-869c-4f76-b4ce-2034448e0b80@group-D48B69A44692-LeaderElection394] INFO  impl.RoleInfo (RoleInfo.java:updateAndGet(143)) - a1c78c0e-869c-4f76-b4ce-2034448e0b80: start FollowerState
2019-10-19 01:05:02,466 [Thread-2906] INFO  impl.FollowerState (FollowerState.java:run(108)) - a1c78c0e-869c-4f76-b4ce-2034448e0b80@group-D48B69A44692-FollowerState: change to CANDIDATE, lastRpcTime:103ms, electionTimeout:103ms
2019-10-19 01:05:02,466 [Thread-2906] INFO  impl.RoleInfo (RoleInfo.java:shutdownFollowerState(121)) - a1c78c0e-869c-4f76-b4ce-2034448e0b80: shutdown FollowerState
2019-10-19 01:05:02,466 [Thread-2906] INFO  impl.RaftServerImpl (RaftServerImpl.java:setRole(184)) - a1c78c0e-869c-4f76-b4ce-2034448e0b80@group-D48B69A44692: changes role from  FOLLOWER to CANDIDATE at term 285 for changeToCandidate
2019-10-19 01:05:02,466 [Thread-2906] INFO  impl.RoleInfo (RoleInfo.java:updateAndGet(143)) - a1c78c0e-869c-4f76-b4ce-2034448e0b80: start LeaderElection
2019-10-19 01:05:02,481 [a1c78c0e-869c-4f76-b4ce-2034448e0b80@group-D48B69A44692-LeaderElection395] INFO  impl.LeaderElection (LeaderElection.java:askForVotes(178)) - a1c78c0e-869c-4f76-b4ce-2034448e0b80@group-D48B69A44692-LeaderElection395: begin an election at term 286 for -1: [51276c3c-a3b8-4274-b089-592ff4589f41:192.168.157.213:36639, 64c90977-e867-487c-b50d-c226f2d34a76:192.168.157.213:37433, a1c78c0e-869c-4f76-b4ce-2034448e0b80:192.168.157.213:33501], old=null
2019-10-19 01:05:02,483 [a1c78c0e-869c-4f76-b4ce-2034448e0b80@group-D48B69A44692-LeaderElection395] INFO  impl.LeaderElection (LogUtils.java:infoOrTrace(149)) - a1c78c0e-869c-4f76-b4ce-2034448e0b80@group-D48B69A44692-LeaderElection395 got exception when requesting votes: {}
java.util.concurrent.ExecutionException: org.apache.ratis.thirdparty.io.grpc.StatusRuntimeException: UNAVAILABLE: io exception
	at java.util.concurrent.FutureTask.report(FutureTask.java:122)
	at java.util.concurrent.FutureTask.get(FutureTask.java:192)
	at org.apache.ratis.server.impl.LeaderElection.waitForResults(LeaderElection.java:259)
	at org.apache.ratis.server.impl.LeaderElection.askForVotes(LeaderElection.java:197)
	at org.apache.ratis.server.impl.LeaderElection.run(LeaderElection.java:133)
	at java.lang.Thread.run(Thread.java:748)
Caused by: org.apache.ratis.thirdparty.io.grpc.StatusRuntimeException: UNAVAILABLE: io exception
	at org.apache.ratis.thirdparty.io.grpc.stub.ClientCalls.toStatusRuntimeException(ClientCalls.java:233)
	at org.apache.ratis.thirdparty.io.grpc.stub.ClientCalls.getUnchecked(ClientCalls.java:214)
	at org.apache.ratis.thirdparty.io.grpc.stub.ClientCalls.blockingUnaryCall(ClientCalls.java:139)
	at org.apache.ratis.proto.grpc.RaftServerProtocolServiceGrpc$RaftServerProtocolServiceBlockingStub.requestVote(RaftServerProtocolServiceGrpc.java:265)
	at org.apache.ratis.grpc.server.GrpcServerProtocolClient.requestVote(GrpcServerProtocolClient.java:99)
	at org.apache.ratis.grpc.server.GrpcService.requestVote(GrpcService.java:204)
	at org.apache.ratis.server.impl.LeaderElection.lambda$submitRequests$1(LeaderElection.java:234)
	at java.util.concurrent.FutureTask.run(FutureTask.java:266)
	at java.util.concurrent.Executors$RunnableAdapter.call(Executors.java:511)
	at java.util.concurrent.FutureTask.run(FutureTask.java:266)
	at java.util.concurrent.ThreadPoolExecutor.runWorker(ThreadPoolExecutor.java:1149)
	at java.util.concurrent.ThreadPoolExecutor$Worker.run(ThreadPoolExecutor.java:624)
	... 1 more
Caused by: org.apache.ratis.thirdparty.io.netty.channel.AbstractChannel$AnnotatedConnectException: Connection refused: /192.168.157.213:37433
	at sun.nio.ch.SocketChannelImpl.checkConnect(Native Method)
	at sun.nio.ch.SocketChannelImpl.finishConnect(SocketChannelImpl.java:717)
	at org.apache.ratis.thirdparty.io.netty.channel.socket.nio.NioSocketChannel.doFinishConnect(NioSocketChannel.java:327)
	at org.apache.ratis.thirdparty.io.netty.channel.nio.AbstractNioChannel$AbstractNioUnsafe.finishConnect(AbstractNioChannel.java:340)
	at org.apache.ratis.thirdparty.io.netty.channel.nio.NioEventLoop.processSelectedKey(NioEventLoop.java:632)
	at org.apache.ratis.thirdparty.io.netty.channel.nio.NioEventLoop.processSelectedKeysOptimized(NioEventLoop.java:579)
	at org.apache.ratis.thirdparty.io.netty.channel.nio.NioEventLoop.processSelectedKeys(NioEventLoop.java:496)
	at org.apache.ratis.thirdparty.io.netty.channel.nio.NioEventLoop.run(NioEventLoop.java:458)
	at org.apache.ratis.thirdparty.io.netty.util.concurrent.SingleThreadEventExecutor$5.run(SingleThreadEventExecutor.java:897)
	at org.apache.ratis.thirdparty.io.netty.util.concurrent.FastThreadLocalRunnable.run(FastThreadLocalRunnable.java:30)
	... 1 more
Caused by: java.net.ConnectException: Connection refused
	... 11 more
2019-10-19 01:05:02,483 [a1c78c0e-869c-4f76-b4ce-2034448e0b80@group-D48B69A44692-LeaderElection395] INFO  impl.LeaderElection (LogUtils.java:infoOrTrace(149)) - a1c78c0e-869c-4f76-b4ce-2034448e0b80@group-D48B69A44692-LeaderElection395 got exception when requesting votes: {}
java.util.concurrent.ExecutionException: org.apache.ratis.thirdparty.io.grpc.StatusRuntimeException: UNAVAILABLE: io exception
	at java.util.concurrent.FutureTask.report(FutureTask.java:122)
	at java.util.concurrent.FutureTask.get(FutureTask.java:192)
	at org.apache.ratis.server.impl.LeaderElection.waitForResults(LeaderElection.java:259)
	at org.apache.ratis.server.impl.LeaderElection.askForVotes(LeaderElection.java:197)
	at org.apache.ratis.server.impl.LeaderElection.run(LeaderElection.java:133)
	at java.lang.Thread.run(Thread.java:748)
Caused by: org.apache.ratis.thirdparty.io.grpc.StatusRuntimeException: UNAVAILABLE: io exception
	at org.apache.ratis.thirdparty.io.grpc.stub.ClientCalls.toStatusRuntimeException(ClientCalls.java:233)
	at org.apache.ratis.thirdparty.io.grpc.stub.ClientCalls.getUnchecked(ClientCalls.java:214)
	at org.apache.ratis.thirdparty.io.grpc.stub.ClientCalls.blockingUnaryCall(ClientCalls.java:139)
	at org.apache.ratis.proto.grpc.RaftServerProtocolServiceGrpc$RaftServerProtocolServiceBlockingStub.requestVote(RaftServerProtocolServiceGrpc.java:265)
	at org.apache.ratis.grpc.server.GrpcServerProtocolClient.requestVote(GrpcServerProtocolClient.java:99)
	at org.apache.ratis.grpc.server.GrpcService.requestVote(GrpcService.java:204)
	at org.apache.ratis.server.impl.LeaderElection.lambda$submitRequests$1(LeaderElection.java:234)
	at java.util.concurrent.FutureTask.run(FutureTask.java:266)
	at java.util.concurrent.Executors$RunnableAdapter.call(Executors.java:511)
	at java.util.concurrent.FutureTask.run(FutureTask.java:266)
	at java.util.concurrent.ThreadPoolExecutor.runWorker(ThreadPoolExecutor.java:1149)
	at java.util.concurrent.ThreadPoolExecutor$Worker.run(ThreadPoolExecutor.java:624)
	... 1 more
Caused by: org.apache.ratis.thirdparty.io.netty.channel.AbstractChannel$AnnotatedConnectException: Connection refused: /192.168.157.213:36639
	at sun.nio.ch.SocketChannelImpl.checkConnect(Native Method)
	at sun.nio.ch.SocketChannelImpl.finishConnect(SocketChannelImpl.java:717)
	at org.apache.ratis.thirdparty.io.netty.channel.socket.nio.NioSocketChannel.doFinishConnect(NioSocketChannel.java:327)
	at org.apache.ratis.thirdparty.io.netty.channel.nio.AbstractNioChannel$AbstractNioUnsafe.finishConnect(AbstractNioChannel.java:340)
	at org.apache.ratis.thirdparty.io.netty.channel.nio.NioEventLoop.processSelectedKey(NioEventLoop.java:632)
	at org.apache.ratis.thirdparty.io.netty.channel.nio.NioEventLoop.processSelectedKeysOptimized(NioEventLoop.java:579)
	at org.apache.ratis.thirdparty.io.netty.channel.nio.NioEventLoop.processSelectedKeys(NioEventLoop.java:496)
	at org.apache.ratis.thirdparty.io.netty.channel.nio.NioEventLoop.run(NioEventLoop.java:458)
	at org.apache.ratis.thirdparty.io.netty.util.concurrent.SingleThreadEventExecutor$5.run(SingleThreadEventExecutor.java:897)
	at org.apache.ratis.thirdparty.io.netty.util.concurrent.FastThreadLocalRunnable.run(FastThreadLocalRunnable.java:30)
	... 1 more
Caused by: java.net.ConnectException: Connection refused
	... 11 more
2019-10-19 01:05:02,484 [a1c78c0e-869c-4f76-b4ce-2034448e0b80@group-D48B69A44692-LeaderElection395] INFO  impl.LeaderElection (LeaderElection.java:logAndReturn(56)) - a1c78c0e-869c-4f76-b4ce-2034448e0b80@group-D48B69A44692-LeaderElection395: Election REJECTED; received 0 response(s) [] and 2 exception(s); a1c78c0e-869c-4f76-b4ce-2034448e0b80@group-D48B69A44692:t286, leader=null, voted=a1c78c0e-869c-4f76-b4ce-2034448e0b80, raftlog=a1c78c0e-869c-4f76-b4ce-2034448e0b80@group-D48B69A44692-SegmentedRaftLog:OPENED:c-1,f-1,i0, conf=-1: [51276c3c-a3b8-4274-b089-592ff4589f41:192.168.157.213:36639, 64c90977-e867-487c-b50d-c226f2d34a76:192.168.157.213:37433, a1c78c0e-869c-4f76-b4ce-2034448e0b80:192.168.157.213:33501], old=null
2019-10-19 01:05:02,484 [a1c78c0e-869c-4f76-b4ce-2034448e0b80@group-D48B69A44692-LeaderElection395] INFO  impl.LeaderElection (LogUtils.java:infoOrTrace(149)) -   Exception 0: {}
java.util.concurrent.ExecutionException: org.apache.ratis.thirdparty.io.grpc.StatusRuntimeException: UNAVAILABLE: io exception
	at java.util.concurrent.FutureTask.report(FutureTask.java:122)
	at java.util.concurrent.FutureTask.get(FutureTask.java:192)
	at org.apache.ratis.server.impl.LeaderElection.waitForResults(LeaderElection.java:259)
	at org.apache.ratis.server.impl.LeaderElection.askForVotes(LeaderElection.java:197)
	at org.apache.ratis.server.impl.LeaderElection.run(LeaderElection.java:133)
	at java.lang.Thread.run(Thread.java:748)
Caused by: org.apache.ratis.thirdparty.io.grpc.StatusRuntimeException: UNAVAILABLE: io exception
	at org.apache.ratis.thirdparty.io.grpc.stub.ClientCalls.toStatusRuntimeException(ClientCalls.java:233)
	at org.apache.ratis.thirdparty.io.grpc.stub.ClientCalls.getUnchecked(ClientCalls.java:214)
	at org.apache.ratis.thirdparty.io.grpc.stub.ClientCalls.blockingUnaryCall(ClientCalls.java:139)
	at org.apache.ratis.proto.grpc.RaftServerProtocolServiceGrpc$RaftServerProtocolServiceBlockingStub.requestVote(RaftServerProtocolServiceGrpc.java:265)
	at org.apache.ratis.grpc.server.GrpcServerProtocolClient.requestVote(GrpcServerProtocolClient.java:99)
	at org.apache.ratis.grpc.server.GrpcService.requestVote(GrpcService.java:204)
	at org.apache.ratis.server.impl.LeaderElection.lambda$submitRequests$1(LeaderElection.java:234)
	at java.util.concurrent.FutureTask.run(FutureTask.java:266)
	at java.util.concurrent.Executors$RunnableAdapter.call(Executors.java:511)
	at java.util.concurrent.FutureTask.run(FutureTask.java:266)
	at java.util.concurrent.ThreadPoolExecutor.runWorker(ThreadPoolExecutor.java:1149)
	at java.util.concurrent.ThreadPoolExecutor$Worker.run(ThreadPoolExecutor.java:624)
	... 1 more
Caused by: org.apache.ratis.thirdparty.io.netty.channel.AbstractChannel$AnnotatedConnectException: Connection refused: /192.168.157.213:37433
	at sun.nio.ch.SocketChannelImpl.checkConnect(Native Method)
	at sun.nio.ch.SocketChannelImpl.finishConnect(SocketChannelImpl.java:717)
	at org.apache.ratis.thirdparty.io.netty.channel.socket.nio.NioSocketChannel.doFinishConnect(NioSocketChannel.java:327)
	at org.apache.ratis.thirdparty.io.netty.channel.nio.AbstractNioChannel$AbstractNioUnsafe.finishConnect(AbstractNioChannel.java:340)
	at org.apache.ratis.thirdparty.io.netty.channel.nio.NioEventLoop.processSelectedKey(NioEventLoop.java:632)
	at org.apache.ratis.thirdparty.io.netty.channel.nio.NioEventLoop.processSelectedKeysOptimized(NioEventLoop.java:579)
	at org.apache.ratis.thirdparty.io.netty.channel.nio.NioEventLoop.processSelectedKeys(NioEventLoop.java:496)
	at org.apache.ratis.thirdparty.io.netty.channel.nio.NioEventLoop.run(NioEventLoop.java:458)
	at org.apache.ratis.thirdparty.io.netty.util.concurrent.SingleThreadEventExecutor$5.run(SingleThreadEventExecutor.java:897)
	at org.apache.ratis.thirdparty.io.netty.util.concurrent.FastThreadLocalRunnable.run(FastThreadLocalRunnable.java:30)
	... 1 more
Caused by: java.net.ConnectException: Connection refused
	... 11 more
2019-10-19 01:05:02,484 [a1c78c0e-869c-4f76-b4ce-2034448e0b80@group-D48B69A44692-LeaderElection395] INFO  impl.LeaderElection (LogUtils.java:infoOrTrace(149)) -   Exception 1: {}
java.util.concurrent.ExecutionException: org.apache.ratis.thirdparty.io.grpc.StatusRuntimeException: UNAVAILABLE: io exception
	at java.util.concurrent.FutureTask.report(FutureTask.java:122)
	at java.util.concurrent.FutureTask.get(FutureTask.java:192)
	at org.apache.ratis.server.impl.LeaderElection.waitForResults(LeaderElection.java:259)
	at org.apache.ratis.server.impl.LeaderElection.askForVotes(LeaderElection.java:197)
	at org.apache.ratis.server.impl.LeaderElection.run(LeaderElection.java:133)
	at java.lang.Thread.run(Thread.java:748)
Caused by: org.apache.ratis.thirdparty.io.grpc.StatusRuntimeException: UNAVAILABLE: io exception
	at org.apache.ratis.thirdparty.io.grpc.stub.ClientCalls.toStatusRuntimeException(ClientCalls.java:233)
	at org.apache.ratis.thirdparty.io.grpc.stub.ClientCalls.getUnchecked(ClientCalls.java:214)
	at org.apache.ratis.thirdparty.io.grpc.stub.ClientCalls.blockingUnaryCall(ClientCalls.java:139)
	at org.apache.ratis.proto.grpc.RaftServerProtocolServiceGrpc$RaftServerProtocolServiceBlockingStub.requestVote(RaftServerProtocolServiceGrpc.java:265)
	at org.apache.ratis.grpc.server.GrpcServerProtocolClient.requestVote(GrpcServerProtocolClient.java:99)
	at org.apache.ratis.grpc.server.GrpcService.requestVote(GrpcService.java:204)
	at org.apache.ratis.server.impl.LeaderElection.lambda$submitRequests$1(LeaderElection.java:234)
	at java.util.concurrent.FutureTask.run(FutureTask.java:266)
	at java.util.concurrent.Executors$RunnableAdapter.call(Executors.java:511)
	at java.util.concurrent.FutureTask.run(FutureTask.java:266)
	at java.util.concurrent.ThreadPoolExecutor.runWorker(ThreadPoolExecutor.java:1149)
	at java.util.concurrent.ThreadPoolExecutor$Worker.run(ThreadPoolExecutor.java:624)
	... 1 more
Caused by: org.apache.ratis.thirdparty.io.netty.channel.AbstractChannel$AnnotatedConnectException: Connection refused: /192.168.157.213:36639
	at sun.nio.ch.SocketChannelImpl.checkConnect(Native Method)
	at sun.nio.ch.SocketChannelImpl.finishConnect(SocketChannelImpl.java:717)
	at org.apache.ratis.thirdparty.io.netty.channel.socket.nio.NioSocketChannel.doFinishConnect(NioSocketChannel.java:327)
	at org.apache.ratis.thirdparty.io.netty.channel.nio.AbstractNioChannel$AbstractNioUnsafe.finishConnect(AbstractNioChannel.java:340)
	at org.apache.ratis.thirdparty.io.netty.channel.nio.NioEventLoop.processSelectedKey(NioEventLoop.java:632)
	at org.apache.ratis.thirdparty.io.netty.channel.nio.NioEventLoop.processSelectedKeysOptimized(NioEventLoop.java:579)
	at org.apache.ratis.thirdparty.io.netty.channel.nio.NioEventLoop.processSelectedKeys(NioEventLoop.java:496)
	at org.apache.ratis.thirdparty.io.netty.channel.nio.NioEventLoop.run(NioEventLoop.java:458)
	at org.apache.ratis.thirdparty.io.netty.util.concurrent.SingleThreadEventExecutor$5.run(SingleThreadEventExecutor.java:897)
	at org.apache.ratis.thirdparty.io.netty.util.concurrent.FastThreadLocalRunnable.run(FastThreadLocalRunnable.java:30)
	... 1 more
Caused by: java.net.ConnectException: Connection refused
	... 11 more
2019-10-19 01:05:02,484 [a1c78c0e-869c-4f76-b4ce-2034448e0b80@group-D48B69A44692-LeaderElection395] INFO  impl.RaftServerImpl (RaftServerImpl.java:setRole(184)) - a1c78c0e-869c-4f76-b4ce-2034448e0b80@group-D48B69A44692: changes role from CANDIDATE to FOLLOWER at term 286 for DISCOVERED_A_NEW_TERM
2019-10-19 01:05:02,485 [a1c78c0e-869c-4f76-b4ce-2034448e0b80@group-D48B69A44692-LeaderElection395] INFO  impl.RoleInfo (RoleInfo.java:shutdownLeaderElection(134)) - a1c78c0e-869c-4f76-b4ce-2034448e0b80: shutdown LeaderElection
2019-10-19 01:05:02,485 [a1c78c0e-869c-4f76-b4ce-2034448e0b80@group-D48B69A44692-LeaderElection395] INFO  impl.RoleInfo (RoleInfo.java:updateAndGet(143)) - a1c78c0e-869c-4f76-b4ce-2034448e0b80: start FollowerState
2019-10-19 01:05:02,674 [Thread-2910] INFO  impl.FollowerState (FollowerState.java:run(108)) - a1c78c0e-869c-4f76-b4ce-2034448e0b80@group-D48B69A44692-FollowerState: change to CANDIDATE, lastRpcTime:189ms, electionTimeout:189ms
2019-10-19 01:05:02,674 [Thread-2910] INFO  impl.RoleInfo (RoleInfo.java:shutdownFollowerState(121)) - a1c78c0e-869c-4f76-b4ce-2034448e0b80: shutdown FollowerState
2019-10-19 01:05:02,674 [Thread-2910] INFO  impl.RaftServerImpl (RaftServerImpl.java:setRole(184)) - a1c78c0e-869c-4f76-b4ce-2034448e0b80@group-D48B69A44692: changes role from  FOLLOWER to CANDIDATE at term 286 for changeToCandidate
2019-10-19 01:05:02,674 [Thread-2910] INFO  impl.RoleInfo (RoleInfo.java:updateAndGet(143)) - a1c78c0e-869c-4f76-b4ce-2034448e0b80: start LeaderElection
2019-10-19 01:05:02,689 [a1c78c0e-869c-4f76-b4ce-2034448e0b80@group-D48B69A44692-LeaderElection396] INFO  impl.LeaderElection (LeaderElection.java:askForVotes(178)) - a1c78c0e-869c-4f76-b4ce-2034448e0b80@group-D48B69A44692-LeaderElection396: begin an election at term 287 for -1: [51276c3c-a3b8-4274-b089-592ff4589f41:192.168.157.213:36639, 64c90977-e867-487c-b50d-c226f2d34a76:192.168.157.213:37433, a1c78c0e-869c-4f76-b4ce-2034448e0b80:192.168.157.213:33501], old=null
2019-10-19 01:05:02,689 [a1c78c0e-869c-4f76-b4ce-2034448e0b80@group-D48B69A44692-LeaderElection396] INFO  impl.LeaderElection (LogUtils.java:infoOrTrace(149)) - a1c78c0e-869c-4f76-b4ce-2034448e0b80@group-D48B69A44692-LeaderElection396 got exception when requesting votes: {}
java.util.concurrent.ExecutionException: org.apache.ratis.thirdparty.io.grpc.StatusRuntimeException: UNAVAILABLE: io exception
	at java.util.concurrent.FutureTask.report(FutureTask.java:122)
	at java.util.concurrent.FutureTask.get(FutureTask.java:192)
	at org.apache.ratis.server.impl.LeaderElection.waitForResults(LeaderElection.java:259)
	at org.apache.ratis.server.impl.LeaderElection.askForVotes(LeaderElection.java:197)
	at org.apache.ratis.server.impl.LeaderElection.run(LeaderElection.java:133)
	at java.lang.Thread.run(Thread.java:748)
Caused by: org.apache.ratis.thirdparty.io.grpc.StatusRuntimeException: UNAVAILABLE: io exception
	at org.apache.ratis.thirdparty.io.grpc.stub.ClientCalls.toStatusRuntimeException(ClientCalls.java:233)
	at org.apache.ratis.thirdparty.io.grpc.stub.ClientCalls.getUnchecked(ClientCalls.java:214)
	at org.apache.ratis.thirdparty.io.grpc.stub.ClientCalls.blockingUnaryCall(ClientCalls.java:139)
	at org.apache.ratis.proto.grpc.RaftServerProtocolServiceGrpc$RaftServerProtocolServiceBlockingStub.requestVote(RaftServerProtocolServiceGrpc.java:265)
	at org.apache.ratis.grpc.server.GrpcServerProtocolClient.requestVote(GrpcServerProtocolClient.java:99)
	at org.apache.ratis.grpc.server.GrpcService.requestVote(GrpcService.java:204)
	at org.apache.ratis.server.impl.LeaderElection.lambda$submitRequests$1(LeaderElection.java:234)
	at java.util.concurrent.FutureTask.run(FutureTask.java:266)
	at java.util.concurrent.Executors$RunnableAdapter.call(Executors.java:511)
	at java.util.concurrent.FutureTask.run(FutureTask.java:266)
	at java.util.concurrent.ThreadPoolExecutor.runWorker(ThreadPoolExecutor.java:1149)
	at java.util.concurrent.ThreadPoolExecutor$Worker.run(ThreadPoolExecutor.java:624)
	... 1 more
Caused by: org.apache.ratis.thirdparty.io.netty.channel.AbstractChannel$AnnotatedConnectException: Connection refused: /192.168.157.213:36639
	at sun.nio.ch.SocketChannelImpl.checkConnect(Native Method)
	at sun.nio.ch.SocketChannelImpl.finishConnect(SocketChannelImpl.java:717)
	at org.apache.ratis.thirdparty.io.netty.channel.socket.nio.NioSocketChannel.doFinishConnect(NioSocketChannel.java:327)
	at org.apache.ratis.thirdparty.io.netty.channel.nio.AbstractNioChannel$AbstractNioUnsafe.finishConnect(AbstractNioChannel.java:340)
	at org.apache.ratis.thirdparty.io.netty.channel.nio.NioEventLoop.processSelectedKey(NioEventLoop.java:632)
	at org.apache.ratis.thirdparty.io.netty.channel.nio.NioEventLoop.processSelectedKeysOptimized(NioEventLoop.java:579)
	at org.apache.ratis.thirdparty.io.netty.channel.nio.NioEventLoop.processSelectedKeys(NioEventLoop.java:496)
	at org.apache.ratis.thirdparty.io.netty.channel.nio.NioEventLoop.run(NioEventLoop.java:458)
	at org.apache.ratis.thirdparty.io.netty.util.concurrent.SingleThreadEventExecutor$5.run(SingleThreadEventExecutor.java:897)
	at org.apache.ratis.thirdparty.io.netty.util.concurrent.FastThreadLocalRunnable.run(FastThreadLocalRunnable.java:30)
	... 1 more
Caused by: java.net.ConnectException: Connection refused
	... 11 more
2019-10-19 01:05:02,690 [a1c78c0e-869c-4f76-b4ce-2034448e0b80@group-D48B69A44692-LeaderElection396] INFO  impl.LeaderElection (LogUtils.java:infoOrTrace(149)) - a1c78c0e-869c-4f76-b4ce-2034448e0b80@group-D48B69A44692-LeaderElection396 got exception when requesting votes: {}
java.util.concurrent.ExecutionException: org.apache.ratis.thirdparty.io.grpc.StatusRuntimeException: UNAVAILABLE: io exception
	at java.util.concurrent.FutureTask.report(FutureTask.java:122)
	at java.util.concurrent.FutureTask.get(FutureTask.java:192)
	at org.apache.ratis.server.impl.LeaderElection.waitForResults(LeaderElection.java:259)
	at org.apache.ratis.server.impl.LeaderElection.askForVotes(LeaderElection.java:197)
	at org.apache.ratis.server.impl.LeaderElection.run(LeaderElection.java:133)
	at java.lang.Thread.run(Thread.java:748)
Caused by: org.apache.ratis.thirdparty.io.grpc.StatusRuntimeException: UNAVAILABLE: io exception
	at org.apache.ratis.thirdparty.io.grpc.stub.ClientCalls.toStatusRuntimeException(ClientCalls.java:233)
	at org.apache.ratis.thirdparty.io.grpc.stub.ClientCalls.getUnchecked(ClientCalls.java:214)
	at org.apache.ratis.thirdparty.io.grpc.stub.ClientCalls.blockingUnaryCall(ClientCalls.java:139)
	at org.apache.ratis.proto.grpc.RaftServerProtocolServiceGrpc$RaftServerProtocolServiceBlockingStub.requestVote(RaftServerProtocolServiceGrpc.java:265)
	at org.apache.ratis.grpc.server.GrpcServerProtocolClient.requestVote(GrpcServerProtocolClient.java:99)
	at org.apache.ratis.grpc.server.GrpcService.requestVote(GrpcService.java:204)
	at org.apache.ratis.server.impl.LeaderElection.lambda$submitRequests$1(LeaderElection.java:234)
	at java.util.concurrent.FutureTask.run(FutureTask.java:266)
	at java.util.concurrent.Executors$RunnableAdapter.call(Executors.java:511)
	at java.util.concurrent.FutureTask.run(FutureTask.java:266)
	at java.util.concurrent.ThreadPoolExecutor.runWorker(ThreadPoolExecutor.java:1149)
	at java.util.concurrent.ThreadPoolExecutor$Worker.run(ThreadPoolExecutor.java:624)
	... 1 more
Caused by: org.apache.ratis.thirdparty.io.netty.channel.AbstractChannel$AnnotatedConnectException: Connection refused: /192.168.157.213:37433
	at sun.nio.ch.SocketChannelImpl.checkConnect(Native Method)
	at sun.nio.ch.SocketChannelImpl.finishConnect(SocketChannelImpl.java:717)
	at org.apache.ratis.thirdparty.io.netty.channel.socket.nio.NioSocketChannel.doFinishConnect(NioSocketChannel.java:327)
	at org.apache.ratis.thirdparty.io.netty.channel.nio.AbstractNioChannel$AbstractNioUnsafe.finishConnect(AbstractNioChannel.java:340)
	at org.apache.ratis.thirdparty.io.netty.channel.nio.NioEventLoop.processSelectedKey(NioEventLoop.java:632)
	at org.apache.ratis.thirdparty.io.netty.channel.nio.NioEventLoop.processSelectedKeysOptimized(NioEventLoop.java:579)
	at org.apache.ratis.thirdparty.io.netty.channel.nio.NioEventLoop.processSelectedKeys(NioEventLoop.java:496)
	at org.apache.ratis.thirdparty.io.netty.channel.nio.NioEventLoop.run(NioEventLoop.java:458)
	at org.apache.ratis.thirdparty.io.netty.util.concurrent.SingleThreadEventExecutor$5.run(SingleThreadEventExecutor.java:897)
	at org.apache.ratis.thirdparty.io.netty.util.concurrent.FastThreadLocalRunnable.run(FastThreadLocalRunnable.java:30)
	... 1 more
Caused by: java.net.ConnectException: Connection refused
	... 11 more
2019-10-19 01:05:02,690 [a1c78c0e-869c-4f76-b4ce-2034448e0b80@group-D48B69A44692-LeaderElection396] INFO  impl.LeaderElection (LeaderElection.java:logAndReturn(56)) - a1c78c0e-869c-4f76-b4ce-2034448e0b80@group-D48B69A44692-LeaderElection396: Election REJECTED; received 0 response(s) [] and 2 exception(s); a1c78c0e-869c-4f76-b4ce-2034448e0b80@group-D48B69A44692:t287, leader=null, voted=a1c78c0e-869c-4f76-b4ce-2034448e0b80, raftlog=a1c78c0e-869c-4f76-b4ce-2034448e0b80@group-D48B69A44692-SegmentedRaftLog:OPENED:c-1,f-1,i0, conf=-1: [51276c3c-a3b8-4274-b089-592ff4589f41:192.168.157.213:36639, 64c90977-e867-487c-b50d-c226f2d34a76:192.168.157.213:37433, a1c78c0e-869c-4f76-b4ce-2034448e0b80:192.168.157.213:33501], old=null
2019-10-19 01:05:02,690 [a1c78c0e-869c-4f76-b4ce-2034448e0b80@group-D48B69A44692-LeaderElection396] INFO  impl.LeaderElection (LogUtils.java:infoOrTrace(149)) -   Exception 0: {}
java.util.concurrent.ExecutionException: org.apache.ratis.thirdparty.io.grpc.StatusRuntimeException: UNAVAILABLE: io exception
	at java.util.concurrent.FutureTask.report(FutureTask.java:122)
	at java.util.concurrent.FutureTask.get(FutureTask.java:192)
	at org.apache.ratis.server.impl.LeaderElection.waitForResults(LeaderElection.java:259)
	at org.apache.ratis.server.impl.LeaderElection.askForVotes(LeaderElection.java:197)
	at org.apache.ratis.server.impl.LeaderElection.run(LeaderElection.java:133)
	at java.lang.Thread.run(Thread.java:748)
Caused by: org.apache.ratis.thirdparty.io.grpc.StatusRuntimeException: UNAVAILABLE: io exception
	at org.apache.ratis.thirdparty.io.grpc.stub.ClientCalls.toStatusRuntimeException(ClientCalls.java:233)
	at org.apache.ratis.thirdparty.io.grpc.stub.ClientCalls.getUnchecked(ClientCalls.java:214)
	at org.apache.ratis.thirdparty.io.grpc.stub.ClientCalls.blockingUnaryCall(ClientCalls.java:139)
	at org.apache.ratis.proto.grpc.RaftServerProtocolServiceGrpc$RaftServerProtocolServiceBlockingStub.requestVote(RaftServerProtocolServiceGrpc.java:265)
	at org.apache.ratis.grpc.server.GrpcServerProtocolClient.requestVote(GrpcServerProtocolClient.java:99)
	at org.apache.ratis.grpc.server.GrpcService.requestVote(GrpcService.java:204)
	at org.apache.ratis.server.impl.LeaderElection.lambda$submitRequests$1(LeaderElection.java:234)
	at java.util.concurrent.FutureTask.run(FutureTask.java:266)
	at java.util.concurrent.Executors$RunnableAdapter.call(Executors.java:511)
	at java.util.concurrent.FutureTask.run(FutureTask.java:266)
	at java.util.concurrent.ThreadPoolExecutor.runWorker(ThreadPoolExecutor.java:1149)
	at java.util.concurrent.ThreadPoolExecutor$Worker.run(ThreadPoolExecutor.java:624)
	... 1 more
Caused by: org.apache.ratis.thirdparty.io.netty.channel.AbstractChannel$AnnotatedConnectException: Connection refused: /192.168.157.213:36639
	at sun.nio.ch.SocketChannelImpl.checkConnect(Native Method)
	at sun.nio.ch.SocketChannelImpl.finishConnect(SocketChannelImpl.java:717)
	at org.apache.ratis.thirdparty.io.netty.channel.socket.nio.NioSocketChannel.doFinishConnect(NioSocketChannel.java:327)
	at org.apache.ratis.thirdparty.io.netty.channel.nio.AbstractNioChannel$AbstractNioUnsafe.finishConnect(AbstractNioChannel.java:340)
	at org.apache.ratis.thirdparty.io.netty.channel.nio.NioEventLoop.processSelectedKey(NioEventLoop.java:632)
	at org.apache.ratis.thirdparty.io.netty.channel.nio.NioEventLoop.processSelectedKeysOptimized(NioEventLoop.java:579)
	at org.apache.ratis.thirdparty.io.netty.channel.nio.NioEventLoop.processSelectedKeys(NioEventLoop.java:496)
	at org.apache.ratis.thirdparty.io.netty.channel.nio.NioEventLoop.run(NioEventLoop.java:458)
	at org.apache.ratis.thirdparty.io.netty.util.concurrent.SingleThreadEventExecutor$5.run(SingleThreadEventExecutor.java:897)
	at org.apache.ratis.thirdparty.io.netty.util.concurrent.FastThreadLocalRunnable.run(FastThreadLocalRunnable.java:30)
	... 1 more
Caused by: java.net.ConnectException: Connection refused
	... 11 more
2019-10-19 01:05:02,691 [a1c78c0e-869c-4f76-b4ce-2034448e0b80@group-D48B69A44692-LeaderElection396] INFO  impl.LeaderElection (LogUtils.java:infoOrTrace(149)) -   Exception 1: {}
java.util.concurrent.ExecutionException: org.apache.ratis.thirdparty.io.grpc.StatusRuntimeException: UNAVAILABLE: io exception
	at java.util.concurrent.FutureTask.report(FutureTask.java:122)
	at java.util.concurrent.FutureTask.get(FutureTask.java:192)
	at org.apache.ratis.server.impl.LeaderElection.waitForResults(LeaderElection.java:259)
	at org.apache.ratis.server.impl.LeaderElection.askForVotes(LeaderElection.java:197)
	at org.apache.ratis.server.impl.LeaderElection.run(LeaderElection.java:133)
	at java.lang.Thread.run(Thread.java:748)
Caused by: org.apache.ratis.thirdparty.io.grpc.StatusRuntimeException: UNAVAILABLE: io exception
	at org.apache.ratis.thirdparty.io.grpc.stub.ClientCalls.toStatusRuntimeException(ClientCalls.java:233)
	at org.apache.ratis.thirdparty.io.grpc.stub.ClientCalls.getUnchecked(ClientCalls.java:214)
	at org.apache.ratis.thirdparty.io.grpc.stub.ClientCalls.blockingUnaryCall(ClientCalls.java:139)
	at org.apache.ratis.proto.grpc.RaftServerProtocolServiceGrpc$RaftServerProtocolServiceBlockingStub.requestVote(RaftServerProtocolServiceGrpc.java:265)
	at org.apache.ratis.grpc.server.GrpcServerProtocolClient.requestVote(GrpcServerProtocolClient.java:99)
	at org.apache.ratis.grpc.server.GrpcService.requestVote(GrpcService.java:204)
	at org.apache.ratis.server.impl.LeaderElection.lambda$submitRequests$1(LeaderElection.java:234)
	at java.util.concurrent.FutureTask.run(FutureTask.java:266)
	at java.util.concurrent.Executors$RunnableAdapter.call(Executors.java:511)
	at java.util.concurrent.FutureTask.run(FutureTask.java:266)
	at java.util.concurrent.ThreadPoolExecutor.runWorker(ThreadPoolExecutor.java:1149)
	at java.util.concurrent.ThreadPoolExecutor$Worker.run(ThreadPoolExecutor.java:624)
	... 1 more
Caused by: org.apache.ratis.thirdparty.io.netty.channel.AbstractChannel$AnnotatedConnectException: Connection refused: /192.168.157.213:37433
	at sun.nio.ch.SocketChannelImpl.checkConnect(Native Method)
	at sun.nio.ch.SocketChannelImpl.finishConnect(SocketChannelImpl.java:717)
	at org.apache.ratis.thirdparty.io.netty.channel.socket.nio.NioSocketChannel.doFinishConnect(NioSocketChannel.java:327)
	at org.apache.ratis.thirdparty.io.netty.channel.nio.AbstractNioChannel$AbstractNioUnsafe.finishConnect(AbstractNioChannel.java:340)
	at org.apache.ratis.thirdparty.io.netty.channel.nio.NioEventLoop.processSelectedKey(NioEventLoop.java:632)
	at org.apache.ratis.thirdparty.io.netty.channel.nio.NioEventLoop.processSelectedKeysOptimized(NioEventLoop.java:579)
	at org.apache.ratis.thirdparty.io.netty.channel.nio.NioEventLoop.processSelectedKeys(NioEventLoop.java:496)
	at org.apache.ratis.thirdparty.io.netty.channel.nio.NioEventLoop.run(NioEventLoop.java:458)
	at org.apache.ratis.thirdparty.io.netty.util.concurrent.SingleThreadEventExecutor$5.run(SingleThreadEventExecutor.java:897)
	at org.apache.ratis.thirdparty.io.netty.util.concurrent.FastThreadLocalRunnable.run(FastThreadLocalRunnable.java:30)
	... 1 more
Caused by: java.net.ConnectException: Connection refused
	... 11 more
2019-10-19 01:05:02,691 [a1c78c0e-869c-4f76-b4ce-2034448e0b80@group-D48B69A44692-LeaderElection396] INFO  impl.RaftServerImpl (RaftServerImpl.java:setRole(184)) - a1c78c0e-869c-4f76-b4ce-2034448e0b80@group-D48B69A44692: changes role from CANDIDATE to FOLLOWER at term 287 for DISCOVERED_A_NEW_TERM
2019-10-19 01:05:02,691 [a1c78c0e-869c-4f76-b4ce-2034448e0b80@group-D48B69A44692-LeaderElection396] INFO  impl.RoleInfo (RoleInfo.java:shutdownLeaderElection(134)) - a1c78c0e-869c-4f76-b4ce-2034448e0b80: shutdown LeaderElection
2019-10-19 01:05:02,691 [a1c78c0e-869c-4f76-b4ce-2034448e0b80@group-D48B69A44692-LeaderElection396] INFO  impl.RoleInfo (RoleInfo.java:updateAndGet(143)) - a1c78c0e-869c-4f76-b4ce-2034448e0b80: start FollowerState
2019-10-19 01:05:02,837 [Thread-2914] INFO  impl.FollowerState (FollowerState.java:run(108)) - a1c78c0e-869c-4f76-b4ce-2034448e0b80@group-D48B69A44692-FollowerState: change to CANDIDATE, lastRpcTime:146ms, electionTimeout:146ms
2019-10-19 01:05:02,838 [Thread-2914] INFO  impl.RoleInfo (RoleInfo.java:shutdownFollowerState(121)) - a1c78c0e-869c-4f76-b4ce-2034448e0b80: shutdown FollowerState
2019-10-19 01:05:02,838 [Thread-2914] INFO  impl.RaftServerImpl (RaftServerImpl.java:setRole(184)) - a1c78c0e-869c-4f76-b4ce-2034448e0b80@group-D48B69A44692: changes role from  FOLLOWER to CANDIDATE at term 287 for changeToCandidate
2019-10-19 01:05:02,838 [Thread-2914] INFO  impl.RoleInfo (RoleInfo.java:updateAndGet(143)) - a1c78c0e-869c-4f76-b4ce-2034448e0b80: start LeaderElection
2019-10-19 01:05:02,853 [a1c78c0e-869c-4f76-b4ce-2034448e0b80@group-D48B69A44692-LeaderElection397] INFO  impl.LeaderElection (LeaderElection.java:askForVotes(178)) - a1c78c0e-869c-4f76-b4ce-2034448e0b80@group-D48B69A44692-LeaderElection397: begin an election at term 288 for -1: [51276c3c-a3b8-4274-b089-592ff4589f41:192.168.157.213:36639, 64c90977-e867-487c-b50d-c226f2d34a76:192.168.157.213:37433, a1c78c0e-869c-4f76-b4ce-2034448e0b80:192.168.157.213:33501], old=null
2019-10-19 01:05:02,854 [a1c78c0e-869c-4f76-b4ce-2034448e0b80@group-D48B69A44692-LeaderElection397] INFO  impl.LeaderElection (LogUtils.java:infoOrTrace(149)) - a1c78c0e-869c-4f76-b4ce-2034448e0b80@group-D48B69A44692-LeaderElection397 got exception when requesting votes: {}
java.util.concurrent.ExecutionException: org.apache.ratis.thirdparty.io.grpc.StatusRuntimeException: UNAVAILABLE: io exception
	at java.util.concurrent.FutureTask.report(FutureTask.java:122)
	at java.util.concurrent.FutureTask.get(FutureTask.java:192)
	at org.apache.ratis.server.impl.LeaderElection.waitForResults(LeaderElection.java:259)
	at org.apache.ratis.server.impl.LeaderElection.askForVotes(LeaderElection.java:197)
	at org.apache.ratis.server.impl.LeaderElection.run(LeaderElection.java:133)
	at java.lang.Thread.run(Thread.java:748)
Caused by: org.apache.ratis.thirdparty.io.grpc.StatusRuntimeException: UNAVAILABLE: io exception
	at org.apache.ratis.thirdparty.io.grpc.stub.ClientCalls.toStatusRuntimeException(ClientCalls.java:233)
	at org.apache.ratis.thirdparty.io.grpc.stub.ClientCalls.getUnchecked(ClientCalls.java:214)
	at org.apache.ratis.thirdparty.io.grpc.stub.ClientCalls.blockingUnaryCall(ClientCalls.java:139)
	at org.apache.ratis.proto.grpc.RaftServerProtocolServiceGrpc$RaftServerProtocolServiceBlockingStub.requestVote(RaftServerProtocolServiceGrpc.java:265)
	at org.apache.ratis.grpc.server.GrpcServerProtocolClient.requestVote(GrpcServerProtocolClient.java:99)
	at org.apache.ratis.grpc.server.GrpcService.requestVote(GrpcService.java:204)
	at org.apache.ratis.server.impl.LeaderElection.lambda$submitRequests$1(LeaderElection.java:234)
	at java.util.concurrent.FutureTask.run(FutureTask.java:266)
	at java.util.concurrent.Executors$RunnableAdapter.call(Executors.java:511)
	at java.util.concurrent.FutureTask.run(FutureTask.java:266)
	at java.util.concurrent.ThreadPoolExecutor.runWorker(ThreadPoolExecutor.java:1149)
	at java.util.concurrent.ThreadPoolExecutor$Worker.run(ThreadPoolExecutor.java:624)
	... 1 more
Caused by: org.apache.ratis.thirdparty.io.netty.channel.AbstractChannel$AnnotatedConnectException: Connection refused: /192.168.157.213:36639
	at sun.nio.ch.SocketChannelImpl.checkConnect(Native Method)
	at sun.nio.ch.SocketChannelImpl.finishConnect(SocketChannelImpl.java:717)
	at org.apache.ratis.thirdparty.io.netty.channel.socket.nio.NioSocketChannel.doFinishConnect(NioSocketChannel.java:327)
	at org.apache.ratis.thirdparty.io.netty.channel.nio.AbstractNioChannel$AbstractNioUnsafe.finishConnect(AbstractNioChannel.java:340)
	at org.apache.ratis.thirdparty.io.netty.channel.nio.NioEventLoop.processSelectedKey(NioEventLoop.java:632)
	at org.apache.ratis.thirdparty.io.netty.channel.nio.NioEventLoop.processSelectedKeysOptimized(NioEventLoop.java:579)
	at org.apache.ratis.thirdparty.io.netty.channel.nio.NioEventLoop.processSelectedKeys(NioEventLoop.java:496)
	at org.apache.ratis.thirdparty.io.netty.channel.nio.NioEventLoop.run(NioEventLoop.java:458)
	at org.apache.ratis.thirdparty.io.netty.util.concurrent.SingleThreadEventExecutor$5.run(SingleThreadEventExecutor.java:897)
	at org.apache.ratis.thirdparty.io.netty.util.concurrent.FastThreadLocalRunnable.run(FastThreadLocalRunnable.java:30)
	... 1 more
Caused by: java.net.ConnectException: Connection refused
	... 11 more
2019-10-19 01:05:02,854 [a1c78c0e-869c-4f76-b4ce-2034448e0b80@group-D48B69A44692-LeaderElection397] INFO  impl.LeaderElection (LogUtils.java:infoOrTrace(149)) - a1c78c0e-869c-4f76-b4ce-2034448e0b80@group-D48B69A44692-LeaderElection397 got exception when requesting votes: {}
java.util.concurrent.ExecutionException: org.apache.ratis.thirdparty.io.grpc.StatusRuntimeException: UNAVAILABLE: io exception
	at java.util.concurrent.FutureTask.report(FutureTask.java:122)
	at java.util.concurrent.FutureTask.get(FutureTask.java:192)
	at org.apache.ratis.server.impl.LeaderElection.waitForResults(LeaderElection.java:259)
	at org.apache.ratis.server.impl.LeaderElection.askForVotes(LeaderElection.java:197)
	at org.apache.ratis.server.impl.LeaderElection.run(LeaderElection.java:133)
	at java.lang.Thread.run(Thread.java:748)
Caused by: org.apache.ratis.thirdparty.io.grpc.StatusRuntimeException: UNAVAILABLE: io exception
	at org.apache.ratis.thirdparty.io.grpc.stub.ClientCalls.toStatusRuntimeException(ClientCalls.java:233)
	at org.apache.ratis.thirdparty.io.grpc.stub.ClientCalls.getUnchecked(ClientCalls.java:214)
	at org.apache.ratis.thirdparty.io.grpc.stub.ClientCalls.blockingUnaryCall(ClientCalls.java:139)
	at org.apache.ratis.proto.grpc.RaftServerProtocolServiceGrpc$RaftServerProtocolServiceBlockingStub.requestVote(RaftServerProtocolServiceGrpc.java:265)
	at org.apache.ratis.grpc.server.GrpcServerProtocolClient.requestVote(GrpcServerProtocolClient.java:99)
	at org.apache.ratis.grpc.server.GrpcService.requestVote(GrpcService.java:204)
	at org.apache.ratis.server.impl.LeaderElection.lambda$submitRequests$1(LeaderElection.java:234)
	at java.util.concurrent.FutureTask.run(FutureTask.java:266)
	at java.util.concurrent.Executors$RunnableAdapter.call(Executors.java:511)
	at java.util.concurrent.FutureTask.run(FutureTask.java:266)
	at java.util.concurrent.ThreadPoolExecutor.runWorker(ThreadPoolExecutor.java:1149)
	at java.util.concurrent.ThreadPoolExecutor$Worker.run(ThreadPoolExecutor.java:624)
	... 1 more
Caused by: org.apache.ratis.thirdparty.io.netty.channel.AbstractChannel$AnnotatedConnectException: Connection refused: /192.168.157.213:37433
	at sun.nio.ch.SocketChannelImpl.checkConnect(Native Method)
	at sun.nio.ch.SocketChannelImpl.finishConnect(SocketChannelImpl.java:717)
	at org.apache.ratis.thirdparty.io.netty.channel.socket.nio.NioSocketChannel.doFinishConnect(NioSocketChannel.java:327)
	at org.apache.ratis.thirdparty.io.netty.channel.nio.AbstractNioChannel$AbstractNioUnsafe.finishConnect(AbstractNioChannel.java:340)
	at org.apache.ratis.thirdparty.io.netty.channel.nio.NioEventLoop.processSelectedKey(NioEventLoop.java:632)
	at org.apache.ratis.thirdparty.io.netty.channel.nio.NioEventLoop.processSelectedKeysOptimized(NioEventLoop.java:579)
	at org.apache.ratis.thirdparty.io.netty.channel.nio.NioEventLoop.processSelectedKeys(NioEventLoop.java:496)
	at org.apache.ratis.thirdparty.io.netty.channel.nio.NioEventLoop.run(NioEventLoop.java:458)
	at org.apache.ratis.thirdparty.io.netty.util.concurrent.SingleThreadEventExecutor$5.run(SingleThreadEventExecutor.java:897)
	at org.apache.ratis.thirdparty.io.netty.util.concurrent.FastThreadLocalRunnable.run(FastThreadLocalRunnable.java:30)
	... 1 more
Caused by: java.net.ConnectException: Connection refused
	... 11 more
2019-10-19 01:05:02,854 [a1c78c0e-869c-4f76-b4ce-2034448e0b80@group-D48B69A44692-LeaderElection397] INFO  impl.LeaderElection (LeaderElection.java:logAndReturn(56)) - a1c78c0e-869c-4f76-b4ce-2034448e0b80@group-D48B69A44692-LeaderElection397: Election REJECTED; received 0 response(s) [] and 2 exception(s); a1c78c0e-869c-4f76-b4ce-2034448e0b80@group-D48B69A44692:t288, leader=null, voted=a1c78c0e-869c-4f76-b4ce-2034448e0b80, raftlog=a1c78c0e-869c-4f76-b4ce-2034448e0b80@group-D48B69A44692-SegmentedRaftLog:OPENED:c-1,f-1,i0, conf=-1: [51276c3c-a3b8-4274-b089-592ff4589f41:192.168.157.213:36639, 64c90977-e867-487c-b50d-c226f2d34a76:192.168.157.213:37433, a1c78c0e-869c-4f76-b4ce-2034448e0b80:192.168.157.213:33501], old=null
2019-10-19 01:05:02,854 [a1c78c0e-869c-4f76-b4ce-2034448e0b80@group-D48B69A44692-LeaderElection397] INFO  impl.LeaderElection (LogUtils.java:infoOrTrace(149)) -   Exception 0: {}
java.util.concurrent.ExecutionException: org.apache.ratis.thirdparty.io.grpc.StatusRuntimeException: UNAVAILABLE: io exception
	at java.util.concurrent.FutureTask.report(FutureTask.java:122)
	at java.util.concurrent.FutureTask.get(FutureTask.java:192)
	at org.apache.ratis.server.impl.LeaderElection.waitForResults(LeaderElection.java:259)
	at org.apache.ratis.server.impl.LeaderElection.askForVotes(LeaderElection.java:197)
	at org.apache.ratis.server.impl.LeaderElection.run(LeaderElection.java:133)
	at java.lang.Thread.run(Thread.java:748)
Caused by: org.apache.ratis.thirdparty.io.grpc.StatusRuntimeException: UNAVAILABLE: io exception
	at org.apache.ratis.thirdparty.io.grpc.stub.ClientCalls.toStatusRuntimeException(ClientCalls.java:233)
	at org.apache.ratis.thirdparty.io.grpc.stub.ClientCalls.getUnchecked(ClientCalls.java:214)
	at org.apache.ratis.thirdparty.io.grpc.stub.ClientCalls.blockingUnaryCall(ClientCalls.java:139)
	at org.apache.ratis.proto.grpc.RaftServerProtocolServiceGrpc$RaftServerProtocolServiceBlockingStub.requestVote(RaftServerProtocolServiceGrpc.java:265)
	at org.apache.ratis.grpc.server.GrpcServerProtocolClient.requestVote(GrpcServerProtocolClient.java:99)
	at org.apache.ratis.grpc.server.GrpcService.requestVote(GrpcService.java:204)
	at org.apache.ratis.server.impl.LeaderElection.lambda$submitRequests$1(LeaderElection.java:234)
	at java.util.concurrent.FutureTask.run(FutureTask.java:266)
	at java.util.concurrent.Executors$RunnableAdapter.call(Executors.java:511)
	at java.util.concurrent.FutureTask.run(FutureTask.java:266)
	at java.util.concurrent.ThreadPoolExecutor.runWorker(ThreadPoolExecutor.java:1149)
	at java.util.concurrent.ThreadPoolExecutor$Worker.run(ThreadPoolExecutor.java:624)
	... 1 more
Caused by: org.apache.ratis.thirdparty.io.netty.channel.AbstractChannel$AnnotatedConnectException: Connection refused: /192.168.157.213:36639
	at sun.nio.ch.SocketChannelImpl.checkConnect(Native Method)
	at sun.nio.ch.SocketChannelImpl.finishConnect(SocketChannelImpl.java:717)
	at org.apache.ratis.thirdparty.io.netty.channel.socket.nio.NioSocketChannel.doFinishConnect(NioSocketChannel.java:327)
	at org.apache.ratis.thirdparty.io.netty.channel.nio.AbstractNioChannel$AbstractNioUnsafe.finishConnect(AbstractNioChannel.java:340)
	at org.apache.ratis.thirdparty.io.netty.channel.nio.NioEventLoop.processSelectedKey(NioEventLoop.java:632)
	at org.apache.ratis.thirdparty.io.netty.channel.nio.NioEventLoop.processSelectedKeysOptimized(NioEventLoop.java:579)
	at org.apache.ratis.thirdparty.io.netty.channel.nio.NioEventLoop.processSelectedKeys(NioEventLoop.java:496)
	at org.apache.ratis.thirdparty.io.netty.channel.nio.NioEventLoop.run(NioEventLoop.java:458)
	at org.apache.ratis.thirdparty.io.netty.util.concurrent.SingleThreadEventExecutor$5.run(SingleThreadEventExecutor.java:897)
	at org.apache.ratis.thirdparty.io.netty.util.concurrent.FastThreadLocalRunnable.run(FastThreadLocalRunnable.java:30)
	... 1 more
Caused by: java.net.ConnectException: Connection refused
	... 11 more
2019-10-19 01:05:02,855 [a1c78c0e-869c-4f76-b4ce-2034448e0b80@group-D48B69A44692-LeaderElection397] INFO  impl.LeaderElection (LogUtils.java:infoOrTrace(149)) -   Exception 1: {}
java.util.concurrent.ExecutionException: org.apache.ratis.thirdparty.io.grpc.StatusRuntimeException: UNAVAILABLE: io exception
	at java.util.concurrent.FutureTask.report(FutureTask.java:122)
	at java.util.concurrent.FutureTask.get(FutureTask.java:192)
	at org.apache.ratis.server.impl.LeaderElection.waitForResults(LeaderElection.java:259)
	at org.apache.ratis.server.impl.LeaderElection.askForVotes(LeaderElection.java:197)
	at org.apache.ratis.server.impl.LeaderElection.run(LeaderElection.java:133)
	at java.lang.Thread.run(Thread.java:748)
Caused by: org.apache.ratis.thirdparty.io.grpc.StatusRuntimeException: UNAVAILABLE: io exception
	at org.apache.ratis.thirdparty.io.grpc.stub.ClientCalls.toStatusRuntimeException(ClientCalls.java:233)
	at org.apache.ratis.thirdparty.io.grpc.stub.ClientCalls.getUnchecked(ClientCalls.java:214)
	at org.apache.ratis.thirdparty.io.grpc.stub.ClientCalls.blockingUnaryCall(ClientCalls.java:139)
	at org.apache.ratis.proto.grpc.RaftServerProtocolServiceGrpc$RaftServerProtocolServiceBlockingStub.requestVote(RaftServerProtocolServiceGrpc.java:265)
	at org.apache.ratis.grpc.server.GrpcServerProtocolClient.requestVote(GrpcServerProtocolClient.java:99)
	at org.apache.ratis.grpc.server.GrpcService.requestVote(GrpcService.java:204)
	at org.apache.ratis.server.impl.LeaderElection.lambda$submitRequests$1(LeaderElection.java:234)
	at java.util.concurrent.FutureTask.run(FutureTask.java:266)
	at java.util.concurrent.Executors$RunnableAdapter.call(Executors.java:511)
	at java.util.concurrent.FutureTask.run(FutureTask.java:266)
	at java.util.concurrent.ThreadPoolExecutor.runWorker(ThreadPoolExecutor.java:1149)
	at java.util.concurrent.ThreadPoolExecutor$Worker.run(ThreadPoolExecutor.java:624)
	... 1 more
Caused by: org.apache.ratis.thirdparty.io.netty.channel.AbstractChannel$AnnotatedConnectException: Connection refused: /192.168.157.213:37433
	at sun.nio.ch.SocketChannelImpl.checkConnect(Native Method)
	at sun.nio.ch.SocketChannelImpl.finishConnect(SocketChannelImpl.java:717)
	at org.apache.ratis.thirdparty.io.netty.channel.socket.nio.NioSocketChannel.doFinishConnect(NioSocketChannel.java:327)
	at org.apache.ratis.thirdparty.io.netty.channel.nio.AbstractNioChannel$AbstractNioUnsafe.finishConnect(AbstractNioChannel.java:340)
	at org.apache.ratis.thirdparty.io.netty.channel.nio.NioEventLoop.processSelectedKey(NioEventLoop.java:632)
	at org.apache.ratis.thirdparty.io.netty.channel.nio.NioEventLoop.processSelectedKeysOptimized(NioEventLoop.java:579)
	at org.apache.ratis.thirdparty.io.netty.channel.nio.NioEventLoop.processSelectedKeys(NioEventLoop.java:496)
	at org.apache.ratis.thirdparty.io.netty.channel.nio.NioEventLoop.run(NioEventLoop.java:458)
	at org.apache.ratis.thirdparty.io.netty.util.concurrent.SingleThreadEventExecutor$5.run(SingleThreadEventExecutor.java:897)
	at org.apache.ratis.thirdparty.io.netty.util.concurrent.FastThreadLocalRunnable.run(FastThreadLocalRunnable.java:30)
	... 1 more
Caused by: java.net.ConnectException: Connection refused
	... 11 more
2019-10-19 01:05:02,855 [a1c78c0e-869c-4f76-b4ce-2034448e0b80@group-D48B69A44692-LeaderElection397] INFO  impl.RaftServerImpl (RaftServerImpl.java:setRole(184)) - a1c78c0e-869c-4f76-b4ce-2034448e0b80@group-D48B69A44692: changes role from CANDIDATE to FOLLOWER at term 288 for DISCOVERED_A_NEW_TERM
2019-10-19 01:05:02,855 [a1c78c0e-869c-4f76-b4ce-2034448e0b80@group-D48B69A44692-LeaderElection397] INFO  impl.RoleInfo (RoleInfo.java:shutdownLeaderElection(134)) - a1c78c0e-869c-4f76-b4ce-2034448e0b80: shutdown LeaderElection
2019-10-19 01:05:02,855 [a1c78c0e-869c-4f76-b4ce-2034448e0b80@group-D48B69A44692-LeaderElection397] INFO  impl.RoleInfo (RoleInfo.java:updateAndGet(143)) - a1c78c0e-869c-4f76-b4ce-2034448e0b80: start FollowerState
2019-10-19 01:05:02,978 [Thread-2918] INFO  impl.FollowerState (FollowerState.java:run(108)) - a1c78c0e-869c-4f76-b4ce-2034448e0b80@group-D48B69A44692-FollowerState: change to CANDIDATE, lastRpcTime:123ms, electionTimeout:123ms
2019-10-19 01:05:02,979 [Thread-2918] INFO  impl.RoleInfo (RoleInfo.java:shutdownFollowerState(121)) - a1c78c0e-869c-4f76-b4ce-2034448e0b80: shutdown FollowerState
2019-10-19 01:05:02,979 [Thread-2918] INFO  impl.RaftServerImpl (RaftServerImpl.java:setRole(184)) - a1c78c0e-869c-4f76-b4ce-2034448e0b80@group-D48B69A44692: changes role from  FOLLOWER to CANDIDATE at term 288 for changeToCandidate
2019-10-19 01:05:02,979 [Thread-2918] INFO  impl.RoleInfo (RoleInfo.java:updateAndGet(143)) - a1c78c0e-869c-4f76-b4ce-2034448e0b80: start LeaderElection
2019-10-19 01:05:02,992 [a1c78c0e-869c-4f76-b4ce-2034448e0b80@group-D48B69A44692-LeaderElection398] INFO  impl.LeaderElection (LeaderElection.java:askForVotes(178)) - a1c78c0e-869c-4f76-b4ce-2034448e0b80@group-D48B69A44692-LeaderElection398: begin an election at term 289 for -1: [51276c3c-a3b8-4274-b089-592ff4589f41:192.168.157.213:36639, 64c90977-e867-487c-b50d-c226f2d34a76:192.168.157.213:37433, a1c78c0e-869c-4f76-b4ce-2034448e0b80:192.168.157.213:33501], old=null
2019-10-19 01:05:02,993 [a1c78c0e-869c-4f76-b4ce-2034448e0b80@group-D48B69A44692-LeaderElection398] INFO  impl.LeaderElection (LogUtils.java:infoOrTrace(149)) - a1c78c0e-869c-4f76-b4ce-2034448e0b80@group-D48B69A44692-LeaderElection398 got exception when requesting votes: {}
java.util.concurrent.ExecutionException: org.apache.ratis.thirdparty.io.grpc.StatusRuntimeException: UNAVAILABLE: io exception
	at java.util.concurrent.FutureTask.report(FutureTask.java:122)
	at java.util.concurrent.FutureTask.get(FutureTask.java:192)
	at org.apache.ratis.server.impl.LeaderElection.waitForResults(LeaderElection.java:259)
	at org.apache.ratis.server.impl.LeaderElection.askForVotes(LeaderElection.java:197)
	at org.apache.ratis.server.impl.LeaderElection.run(LeaderElection.java:133)
	at java.lang.Thread.run(Thread.java:748)
Caused by: org.apache.ratis.thirdparty.io.grpc.StatusRuntimeException: UNAVAILABLE: io exception
	at org.apache.ratis.thirdparty.io.grpc.stub.ClientCalls.toStatusRuntimeException(ClientCalls.java:233)
	at org.apache.ratis.thirdparty.io.grpc.stub.ClientCalls.getUnchecked(ClientCalls.java:214)
	at org.apache.ratis.thirdparty.io.grpc.stub.ClientCalls.blockingUnaryCall(ClientCalls.java:139)
	at org.apache.ratis.proto.grpc.RaftServerProtocolServiceGrpc$RaftServerProtocolServiceBlockingStub.requestVote(RaftServerProtocolServiceGrpc.java:265)
	at org.apache.ratis.grpc.server.GrpcServerProtocolClient.requestVote(GrpcServerProtocolClient.java:99)
	at org.apache.ratis.grpc.server.GrpcService.requestVote(GrpcService.java:204)
	at org.apache.ratis.server.impl.LeaderElection.lambda$submitRequests$1(LeaderElection.java:234)
	at java.util.concurrent.FutureTask.run(FutureTask.java:266)
	at java.util.concurrent.Executors$RunnableAdapter.call(Executors.java:511)
	at java.util.concurrent.FutureTask.run(FutureTask.java:266)
	at java.util.concurrent.ThreadPoolExecutor.runWorker(ThreadPoolExecutor.java:1149)
	at java.util.concurrent.ThreadPoolExecutor$Worker.run(ThreadPoolExecutor.java:624)
	... 1 more
Caused by: org.apache.ratis.thirdparty.io.netty.channel.AbstractChannel$AnnotatedConnectException: Connection refused: /192.168.157.213:36639
	at sun.nio.ch.SocketChannelImpl.checkConnect(Native Method)
	at sun.nio.ch.SocketChannelImpl.finishConnect(SocketChannelImpl.java:717)
	at org.apache.ratis.thirdparty.io.netty.channel.socket.nio.NioSocketChannel.doFinishConnect(NioSocketChannel.java:327)
	at org.apache.ratis.thirdparty.io.netty.channel.nio.AbstractNioChannel$AbstractNioUnsafe.finishConnect(AbstractNioChannel.java:340)
	at org.apache.ratis.thirdparty.io.netty.channel.nio.NioEventLoop.processSelectedKey(NioEventLoop.java:632)
	at org.apache.ratis.thirdparty.io.netty.channel.nio.NioEventLoop.processSelectedKeysOptimized(NioEventLoop.java:579)
	at org.apache.ratis.thirdparty.io.netty.channel.nio.NioEventLoop.processSelectedKeys(NioEventLoop.java:496)
	at org.apache.ratis.thirdparty.io.netty.channel.nio.NioEventLoop.run(NioEventLoop.java:458)
	at org.apache.ratis.thirdparty.io.netty.util.concurrent.SingleThreadEventExecutor$5.run(SingleThreadEventExecutor.java:897)
	at org.apache.ratis.thirdparty.io.netty.util.concurrent.FastThreadLocalRunnable.run(FastThreadLocalRunnable.java:30)
	... 1 more
Caused by: java.net.ConnectException: Connection refused
	... 11 more
2019-10-19 01:05:02,993 [a1c78c0e-869c-4f76-b4ce-2034448e0b80@group-D48B69A44692-LeaderElection398] INFO  impl.LeaderElection (LogUtils.java:infoOrTrace(149)) - a1c78c0e-869c-4f76-b4ce-2034448e0b80@group-D48B69A44692-LeaderElection398 got exception when requesting votes: {}
java.util.concurrent.ExecutionException: org.apache.ratis.thirdparty.io.grpc.StatusRuntimeException: UNAVAILABLE: io exception
	at java.util.concurrent.FutureTask.report(FutureTask.java:122)
	at java.util.concurrent.FutureTask.get(FutureTask.java:192)
	at org.apache.ratis.server.impl.LeaderElection.waitForResults(LeaderElection.java:259)
	at org.apache.ratis.server.impl.LeaderElection.askForVotes(LeaderElection.java:197)
	at org.apache.ratis.server.impl.LeaderElection.run(LeaderElection.java:133)
	at java.lang.Thread.run(Thread.java:748)
Caused by: org.apache.ratis.thirdparty.io.grpc.StatusRuntimeException: UNAVAILABLE: io exception
	at org.apache.ratis.thirdparty.io.grpc.stub.ClientCalls.toStatusRuntimeException(ClientCalls.java:233)
	at org.apache.ratis.thirdparty.io.grpc.stub.ClientCalls.getUnchecked(ClientCalls.java:214)
	at org.apache.ratis.thirdparty.io.grpc.stub.ClientCalls.blockingUnaryCall(ClientCalls.java:139)
	at org.apache.ratis.proto.grpc.RaftServerProtocolServiceGrpc$RaftServerProtocolServiceBlockingStub.requestVote(RaftServerProtocolServiceGrpc.java:265)
	at org.apache.ratis.grpc.server.GrpcServerProtocolClient.requestVote(GrpcServerProtocolClient.java:99)
	at org.apache.ratis.grpc.server.GrpcService.requestVote(GrpcService.java:204)
	at org.apache.ratis.server.impl.LeaderElection.lambda$submitRequests$1(LeaderElection.java:234)
	at java.util.concurrent.FutureTask.run(FutureTask.java:266)
	at java.util.concurrent.Executors$RunnableAdapter.call(Executors.java:511)
	at java.util.concurrent.FutureTask.run(FutureTask.java:266)
	at java.util.concurrent.ThreadPoolExecutor.runWorker(ThreadPoolExecutor.java:1149)
	at java.util.concurrent.ThreadPoolExecutor$Worker.run(ThreadPoolExecutor.java:624)
	... 1 more
Caused by: org.apache.ratis.thirdparty.io.netty.channel.AbstractChannel$AnnotatedConnectException: Connection refused: /192.168.157.213:37433
	at sun.nio.ch.SocketChannelImpl.checkConnect(Native Method)
	at sun.nio.ch.SocketChannelImpl.finishConnect(SocketChannelImpl.java:717)
	at org.apache.ratis.thirdparty.io.netty.channel.socket.nio.NioSocketChannel.doFinishConnect(NioSocketChannel.java:327)
	at org.apache.ratis.thirdparty.io.netty.channel.nio.AbstractNioChannel$AbstractNioUnsafe.finishConnect(AbstractNioChannel.java:340)
	at org.apache.ratis.thirdparty.io.netty.channel.nio.NioEventLoop.processSelectedKey(NioEventLoop.java:632)
	at org.apache.ratis.thirdparty.io.netty.channel.nio.NioEventLoop.processSelectedKeysOptimized(NioEventLoop.java:579)
	at org.apache.ratis.thirdparty.io.netty.channel.nio.NioEventLoop.processSelectedKeys(NioEventLoop.java:496)
	at org.apache.ratis.thirdparty.io.netty.channel.nio.NioEventLoop.run(NioEventLoop.java:458)
	at org.apache.ratis.thirdparty.io.netty.util.concurrent.SingleThreadEventExecutor$5.run(SingleThreadEventExecutor.java:897)
	at org.apache.ratis.thirdparty.io.netty.util.concurrent.FastThreadLocalRunnable.run(FastThreadLocalRunnable.java:30)
	... 1 more
Caused by: java.net.ConnectException: Connection refused
	... 11 more
2019-10-19 01:05:02,993 [a1c78c0e-869c-4f76-b4ce-2034448e0b80@group-D48B69A44692-LeaderElection398] INFO  impl.LeaderElection (LeaderElection.java:logAndReturn(56)) - a1c78c0e-869c-4f76-b4ce-2034448e0b80@group-D48B69A44692-LeaderElection398: Election REJECTED; received 0 response(s) [] and 2 exception(s); a1c78c0e-869c-4f76-b4ce-2034448e0b80@group-D48B69A44692:t289, leader=null, voted=a1c78c0e-869c-4f76-b4ce-2034448e0b80, raftlog=a1c78c0e-869c-4f76-b4ce-2034448e0b80@group-D48B69A44692-SegmentedRaftLog:OPENED:c-1,f-1,i0, conf=-1: [51276c3c-a3b8-4274-b089-592ff4589f41:192.168.157.213:36639, 64c90977-e867-487c-b50d-c226f2d34a76:192.168.157.213:37433, a1c78c0e-869c-4f76-b4ce-2034448e0b80:192.168.157.213:33501], old=null
2019-10-19 01:05:02,993 [a1c78c0e-869c-4f76-b4ce-2034448e0b80@group-D48B69A44692-LeaderElection398] INFO  impl.LeaderElection (LogUtils.java:infoOrTrace(149)) -   Exception 0: {}
java.util.concurrent.ExecutionException: org.apache.ratis.thirdparty.io.grpc.StatusRuntimeException: UNAVAILABLE: io exception
	at java.util.concurrent.FutureTask.report(FutureTask.java:122)
	at java.util.concurrent.FutureTask.get(FutureTask.java:192)
	at org.apache.ratis.server.impl.LeaderElection.waitForResults(LeaderElection.java:259)
	at org.apache.ratis.server.impl.LeaderElection.askForVotes(LeaderElection.java:197)
	at org.apache.ratis.server.impl.LeaderElection.run(LeaderElection.java:133)
	at java.lang.Thread.run(Thread.java:748)
Caused by: org.apache.ratis.thirdparty.io.grpc.StatusRuntimeException: UNAVAILABLE: io exception
	at org.apache.ratis.thirdparty.io.grpc.stub.ClientCalls.toStatusRuntimeException(ClientCalls.java:233)
	at org.apache.ratis.thirdparty.io.grpc.stub.ClientCalls.getUnchecked(ClientCalls.java:214)
	at org.apache.ratis.thirdparty.io.grpc.stub.ClientCalls.blockingUnaryCall(ClientCalls.java:139)
	at org.apache.ratis.proto.grpc.RaftServerProtocolServiceGrpc$RaftServerProtocolServiceBlockingStub.requestVote(RaftServerProtocolServiceGrpc.java:265)
	at org.apache.ratis.grpc.server.GrpcServerProtocolClient.requestVote(GrpcServerProtocolClient.java:99)
	at org.apache.ratis.grpc.server.GrpcService.requestVote(GrpcService.java:204)
	at org.apache.ratis.server.impl.LeaderElection.lambda$submitRequests$1(LeaderElection.java:234)
	at java.util.concurrent.FutureTask.run(FutureTask.java:266)
	at java.util.concurrent.Executors$RunnableAdapter.call(Executors.java:511)
	at java.util.concurrent.FutureTask.run(FutureTask.java:266)
	at java.util.concurrent.ThreadPoolExecutor.runWorker(ThreadPoolExecutor.java:1149)
	at java.util.concurrent.ThreadPoolExecutor$Worker.run(ThreadPoolExecutor.java:624)
	... 1 more
Caused by: org.apache.ratis.thirdparty.io.netty.channel.AbstractChannel$AnnotatedConnectException: Connection refused: /192.168.157.213:36639
	at sun.nio.ch.SocketChannelImpl.checkConnect(Native Method)
	at sun.nio.ch.SocketChannelImpl.finishConnect(SocketChannelImpl.java:717)
	at org.apache.ratis.thirdparty.io.netty.channel.socket.nio.NioSocketChannel.doFinishConnect(NioSocketChannel.java:327)
	at org.apache.ratis.thirdparty.io.netty.channel.nio.AbstractNioChannel$AbstractNioUnsafe.finishConnect(AbstractNioChannel.java:340)
	at org.apache.ratis.thirdparty.io.netty.channel.nio.NioEventLoop.processSelectedKey(NioEventLoop.java:632)
	at org.apache.ratis.thirdparty.io.netty.channel.nio.NioEventLoop.processSelectedKeysOptimized(NioEventLoop.java:579)
	at org.apache.ratis.thirdparty.io.netty.channel.nio.NioEventLoop.processSelectedKeys(NioEventLoop.java:496)
	at org.apache.ratis.thirdparty.io.netty.channel.nio.NioEventLoop.run(NioEventLoop.java:458)
	at org.apache.ratis.thirdparty.io.netty.util.concurrent.SingleThreadEventExecutor$5.run(SingleThreadEventExecutor.java:897)
	at org.apache.ratis.thirdparty.io.netty.util.concurrent.FastThreadLocalRunnable.run(FastThreadLocalRunnable.java:30)
	... 1 more
Caused by: java.net.ConnectException: Connection refused
	... 11 more
2019-10-19 01:05:02,993 [a1c78c0e-869c-4f76-b4ce-2034448e0b80@group-D48B69A44692-LeaderElection398] INFO  impl.LeaderElection (LogUtils.java:infoOrTrace(149)) -   Exception 1: {}
java.util.concurrent.ExecutionException: org.apache.ratis.thirdparty.io.grpc.StatusRuntimeException: UNAVAILABLE: io exception
	at java.util.concurrent.FutureTask.report(FutureTask.java:122)
	at java.util.concurrent.FutureTask.get(FutureTask.java:192)
	at org.apache.ratis.server.impl.LeaderElection.waitForResults(LeaderElection.java:259)
	at org.apache.ratis.server.impl.LeaderElection.askForVotes(LeaderElection.java:197)
	at org.apache.ratis.server.impl.LeaderElection.run(LeaderElection.java:133)
	at java.lang.Thread.run(Thread.java:748)
Caused by: org.apache.ratis.thirdparty.io.grpc.StatusRuntimeException: UNAVAILABLE: io exception
	at org.apache.ratis.thirdparty.io.grpc.stub.ClientCalls.toStatusRuntimeException(ClientCalls.java:233)
	at org.apache.ratis.thirdparty.io.grpc.stub.ClientCalls.getUnchecked(ClientCalls.java:214)
	at org.apache.ratis.thirdparty.io.grpc.stub.ClientCalls.blockingUnaryCall(ClientCalls.java:139)
	at org.apache.ratis.proto.grpc.RaftServerProtocolServiceGrpc$RaftServerProtocolServiceBlockingStub.requestVote(RaftServerProtocolServiceGrpc.java:265)
	at org.apache.ratis.grpc.server.GrpcServerProtocolClient.requestVote(GrpcServerProtocolClient.java:99)
	at org.apache.ratis.grpc.server.GrpcService.requestVote(GrpcService.java:204)
	at org.apache.ratis.server.impl.LeaderElection.lambda$submitRequests$1(LeaderElection.java:234)
	at java.util.concurrent.FutureTask.run(FutureTask.java:266)
	at java.util.concurrent.Executors$RunnableAdapter.call(Executors.java:511)
	at java.util.concurrent.FutureTask.run(FutureTask.java:266)
	at java.util.concurrent.ThreadPoolExecutor.runWorker(ThreadPoolExecutor.java:1149)
	at java.util.concurrent.ThreadPoolExecutor$Worker.run(ThreadPoolExecutor.java:624)
	... 1 more
Caused by: org.apache.ratis.thirdparty.io.netty.channel.AbstractChannel$AnnotatedConnectException: Connection refused: /192.168.157.213:37433
	at sun.nio.ch.SocketChannelImpl.checkConnect(Native Method)
	at sun.nio.ch.SocketChannelImpl.finishConnect(SocketChannelImpl.java:717)
	at org.apache.ratis.thirdparty.io.netty.channel.socket.nio.NioSocketChannel.doFinishConnect(NioSocketChannel.java:327)
	at org.apache.ratis.thirdparty.io.netty.channel.nio.AbstractNioChannel$AbstractNioUnsafe.finishConnect(AbstractNioChannel.java:340)
	at org.apache.ratis.thirdparty.io.netty.channel.nio.NioEventLoop.processSelectedKey(NioEventLoop.java:632)
	at org.apache.ratis.thirdparty.io.netty.channel.nio.NioEventLoop.processSelectedKeysOptimized(NioEventLoop.java:579)
	at org.apache.ratis.thirdparty.io.netty.channel.nio.NioEventLoop.processSelectedKeys(NioEventLoop.java:496)
	at org.apache.ratis.thirdparty.io.netty.channel.nio.NioEventLoop.run(NioEventLoop.java:458)
	at org.apache.ratis.thirdparty.io.netty.util.concurrent.SingleThreadEventExecutor$5.run(SingleThreadEventExecutor.java:897)
	at org.apache.ratis.thirdparty.io.netty.util.concurrent.FastThreadLocalRunnable.run(FastThreadLocalRunnable.java:30)
	... 1 more
Caused by: java.net.ConnectException: Connection refused
	... 11 more
2019-10-19 01:05:02,994 [a1c78c0e-869c-4f76-b4ce-2034448e0b80@group-D48B69A44692-LeaderElection398] INFO  impl.RaftServerImpl (RaftServerImpl.java:setRole(184)) - a1c78c0e-869c-4f76-b4ce-2034448e0b80@group-D48B69A44692: changes role from CANDIDATE to FOLLOWER at term 289 for DISCOVERED_A_NEW_TERM
2019-10-19 01:05:02,994 [a1c78c0e-869c-4f76-b4ce-2034448e0b80@group-D48B69A44692-LeaderElection398] INFO  impl.RoleInfo (RoleInfo.java:shutdownLeaderElection(134)) - a1c78c0e-869c-4f76-b4ce-2034448e0b80: shutdown LeaderElection
2019-10-19 01:05:02,994 [a1c78c0e-869c-4f76-b4ce-2034448e0b80@group-D48B69A44692-LeaderElection398] INFO  impl.RoleInfo (RoleInfo.java:updateAndGet(143)) - a1c78c0e-869c-4f76-b4ce-2034448e0b80: start FollowerState
2019-10-19 01:05:03,028 [Thread-2922] INFO  impl.FollowerState (FollowerState.java:run(108)) - a1c78c0e-869c-4f76-b4ce-2034448e0b80@group-D48B69A44692-FollowerState: change to CANDIDATE, lastRpcTime:34ms, electionTimeout:34ms
2019-10-19 01:05:03,028 [Thread-2922] INFO  impl.RoleInfo (RoleInfo.java:shutdownFollowerState(121)) - a1c78c0e-869c-4f76-b4ce-2034448e0b80: shutdown FollowerState
2019-10-19 01:05:03,028 [Thread-2922] INFO  impl.RaftServerImpl (RaftServerImpl.java:setRole(184)) - a1c78c0e-869c-4f76-b4ce-2034448e0b80@group-D48B69A44692: changes role from  FOLLOWER to CANDIDATE at term 289 for changeToCandidate
2019-10-19 01:05:03,028 [Thread-2922] INFO  impl.RoleInfo (RoleInfo.java:updateAndGet(143)) - a1c78c0e-869c-4f76-b4ce-2034448e0b80: start LeaderElection
2019-10-19 01:05:03,042 [a1c78c0e-869c-4f76-b4ce-2034448e0b80@group-D48B69A44692-LeaderElection399] INFO  impl.LeaderElection (LeaderElection.java:askForVotes(178)) - a1c78c0e-869c-4f76-b4ce-2034448e0b80@group-D48B69A44692-LeaderElection399: begin an election at term 290 for -1: [51276c3c-a3b8-4274-b089-592ff4589f41:192.168.157.213:36639, 64c90977-e867-487c-b50d-c226f2d34a76:192.168.157.213:37433, a1c78c0e-869c-4f76-b4ce-2034448e0b80:192.168.157.213:33501], old=null
2019-10-19 01:05:03,043 [a1c78c0e-869c-4f76-b4ce-2034448e0b80@group-D48B69A44692-LeaderElection399] INFO  impl.LeaderElection (LogUtils.java:infoOrTrace(149)) - a1c78c0e-869c-4f76-b4ce-2034448e0b80@group-D48B69A44692-LeaderElection399 got exception when requesting votes: {}
java.util.concurrent.ExecutionException: org.apache.ratis.thirdparty.io.grpc.StatusRuntimeException: UNAVAILABLE: io exception
	at java.util.concurrent.FutureTask.report(FutureTask.java:122)
	at java.util.concurrent.FutureTask.get(FutureTask.java:192)
	at org.apache.ratis.server.impl.LeaderElection.waitForResults(LeaderElection.java:259)
	at org.apache.ratis.server.impl.LeaderElection.askForVotes(LeaderElection.java:197)
	at org.apache.ratis.server.impl.LeaderElection.run(LeaderElection.java:133)
	at java.lang.Thread.run(Thread.java:748)
Caused by: org.apache.ratis.thirdparty.io.grpc.StatusRuntimeException: UNAVAILABLE: io exception
	at org.apache.ratis.thirdparty.io.grpc.stub.ClientCalls.toStatusRuntimeException(ClientCalls.java:233)
	at org.apache.ratis.thirdparty.io.grpc.stub.ClientCalls.getUnchecked(ClientCalls.java:214)
	at org.apache.ratis.thirdparty.io.grpc.stub.ClientCalls.blockingUnaryCall(ClientCalls.java:139)
	at org.apache.ratis.proto.grpc.RaftServerProtocolServiceGrpc$RaftServerProtocolServiceBlockingStub.requestVote(RaftServerProtocolServiceGrpc.java:265)
	at org.apache.ratis.grpc.server.GrpcServerProtocolClient.requestVote(GrpcServerProtocolClient.java:99)
	at org.apache.ratis.grpc.server.GrpcService.requestVote(GrpcService.java:204)
	at org.apache.ratis.server.impl.LeaderElection.lambda$submitRequests$1(LeaderElection.java:234)
	at java.util.concurrent.FutureTask.run(FutureTask.java:266)
	at java.util.concurrent.Executors$RunnableAdapter.call(Executors.java:511)
	at java.util.concurrent.FutureTask.run(FutureTask.java:266)
	at java.util.concurrent.ThreadPoolExecutor.runWorker(ThreadPoolExecutor.java:1149)
	at java.util.concurrent.ThreadPoolExecutor$Worker.run(ThreadPoolExecutor.java:624)
	... 1 more
Caused by: org.apache.ratis.thirdparty.io.netty.channel.AbstractChannel$AnnotatedConnectException: Connection refused: /192.168.157.213:36639
	at sun.nio.ch.SocketChannelImpl.checkConnect(Native Method)
	at sun.nio.ch.SocketChannelImpl.finishConnect(SocketChannelImpl.java:717)
	at org.apache.ratis.thirdparty.io.netty.channel.socket.nio.NioSocketChannel.doFinishConnect(NioSocketChannel.java:327)
	at org.apache.ratis.thirdparty.io.netty.channel.nio.AbstractNioChannel$AbstractNioUnsafe.finishConnect(AbstractNioChannel.java:340)
	at org.apache.ratis.thirdparty.io.netty.channel.nio.NioEventLoop.processSelectedKey(NioEventLoop.java:632)
	at org.apache.ratis.thirdparty.io.netty.channel.nio.NioEventLoop.processSelectedKeysOptimized(NioEventLoop.java:579)
	at org.apache.ratis.thirdparty.io.netty.channel.nio.NioEventLoop.processSelectedKeys(NioEventLoop.java:496)
	at org.apache.ratis.thirdparty.io.netty.channel.nio.NioEventLoop.run(NioEventLoop.java:458)
	at org.apache.ratis.thirdparty.io.netty.util.concurrent.SingleThreadEventExecutor$5.run(SingleThreadEventExecutor.java:897)
	at org.apache.ratis.thirdparty.io.netty.util.concurrent.FastThreadLocalRunnable.run(FastThreadLocalRunnable.java:30)
	... 1 more
Caused by: java.net.ConnectException: Connection refused
	... 11 more
2019-10-19 01:05:03,043 [a1c78c0e-869c-4f76-b4ce-2034448e0b80@group-D48B69A44692-LeaderElection399] INFO  impl.LeaderElection (LogUtils.java:infoOrTrace(149)) - a1c78c0e-869c-4f76-b4ce-2034448e0b80@group-D48B69A44692-LeaderElection399 got exception when requesting votes: {}
java.util.concurrent.ExecutionException: org.apache.ratis.thirdparty.io.grpc.StatusRuntimeException: UNAVAILABLE: io exception
	at java.util.concurrent.FutureTask.report(FutureTask.java:122)
	at java.util.concurrent.FutureTask.get(FutureTask.java:192)
	at org.apache.ratis.server.impl.LeaderElection.waitForResults(LeaderElection.java:259)
	at org.apache.ratis.server.impl.LeaderElection.askForVotes(LeaderElection.java:197)
	at org.apache.ratis.server.impl.LeaderElection.run(LeaderElection.java:133)
	at java.lang.Thread.run(Thread.java:748)
Caused by: org.apache.ratis.thirdparty.io.grpc.StatusRuntimeException: UNAVAILABLE: io exception
	at org.apache.ratis.thirdparty.io.grpc.stub.ClientCalls.toStatusRuntimeException(ClientCalls.java:233)
	at org.apache.ratis.thirdparty.io.grpc.stub.ClientCalls.getUnchecked(ClientCalls.java:214)
	at org.apache.ratis.thirdparty.io.grpc.stub.ClientCalls.blockingUnaryCall(ClientCalls.java:139)
	at org.apache.ratis.proto.grpc.RaftServerProtocolServiceGrpc$RaftServerProtocolServiceBlockingStub.requestVote(RaftServerProtocolServiceGrpc.java:265)
	at org.apache.ratis.grpc.server.GrpcServerProtocolClient.requestVote(GrpcServerProtocolClient.java:99)
	at org.apache.ratis.grpc.server.GrpcService.requestVote(GrpcService.java:204)
	at org.apache.ratis.server.impl.LeaderElection.lambda$submitRequests$1(LeaderElection.java:234)
	at java.util.concurrent.FutureTask.run(FutureTask.java:266)
	at java.util.concurrent.Executors$RunnableAdapter.call(Executors.java:511)
	at java.util.concurrent.FutureTask.run(FutureTask.java:266)
	at java.util.concurrent.ThreadPoolExecutor.runWorker(ThreadPoolExecutor.java:1149)
	at java.util.concurrent.ThreadPoolExecutor$Worker.run(ThreadPoolExecutor.java:624)
	... 1 more
Caused by: org.apache.ratis.thirdparty.io.netty.channel.AbstractChannel$AnnotatedConnectException: Connection refused: /192.168.157.213:37433
	at sun.nio.ch.SocketChannelImpl.checkConnect(Native Method)
	at sun.nio.ch.SocketChannelImpl.finishConnect(SocketChannelImpl.java:717)
	at org.apache.ratis.thirdparty.io.netty.channel.socket.nio.NioSocketChannel.doFinishConnect(NioSocketChannel.java:327)
	at org.apache.ratis.thirdparty.io.netty.channel.nio.AbstractNioChannel$AbstractNioUnsafe.finishConnect(AbstractNioChannel.java:340)
	at org.apache.ratis.thirdparty.io.netty.channel.nio.NioEventLoop.processSelectedKey(NioEventLoop.java:632)
	at org.apache.ratis.thirdparty.io.netty.channel.nio.NioEventLoop.processSelectedKeysOptimized(NioEventLoop.java:579)
	at org.apache.ratis.thirdparty.io.netty.channel.nio.NioEventLoop.processSelectedKeys(NioEventLoop.java:496)
	at org.apache.ratis.thirdparty.io.netty.channel.nio.NioEventLoop.run(NioEventLoop.java:458)
	at org.apache.ratis.thirdparty.io.netty.util.concurrent.SingleThreadEventExecutor$5.run(SingleThreadEventExecutor.java:897)
	at org.apache.ratis.thirdparty.io.netty.util.concurrent.FastThreadLocalRunnable.run(FastThreadLocalRunnable.java:30)
	... 1 more
Caused by: java.net.ConnectException: Connection refused
	... 11 more
2019-10-19 01:05:03,043 [a1c78c0e-869c-4f76-b4ce-2034448e0b80@group-D48B69A44692-LeaderElection399] INFO  impl.LeaderElection (LeaderElection.java:logAndReturn(56)) - a1c78c0e-869c-4f76-b4ce-2034448e0b80@group-D48B69A44692-LeaderElection399: Election REJECTED; received 0 response(s) [] and 2 exception(s); a1c78c0e-869c-4f76-b4ce-2034448e0b80@group-D48B69A44692:t290, leader=null, voted=a1c78c0e-869c-4f76-b4ce-2034448e0b80, raftlog=a1c78c0e-869c-4f76-b4ce-2034448e0b80@group-D48B69A44692-SegmentedRaftLog:OPENED:c-1,f-1,i0, conf=-1: [51276c3c-a3b8-4274-b089-592ff4589f41:192.168.157.213:36639, 64c90977-e867-487c-b50d-c226f2d34a76:192.168.157.213:37433, a1c78c0e-869c-4f76-b4ce-2034448e0b80:192.168.157.213:33501], old=null
2019-10-19 01:05:03,044 [a1c78c0e-869c-4f76-b4ce-2034448e0b80@group-D48B69A44692-LeaderElection399] INFO  impl.LeaderElection (LogUtils.java:infoOrTrace(149)) -   Exception 0: {}
java.util.concurrent.ExecutionException: org.apache.ratis.thirdparty.io.grpc.StatusRuntimeException: UNAVAILABLE: io exception
	at java.util.concurrent.FutureTask.report(FutureTask.java:122)
	at java.util.concurrent.FutureTask.get(FutureTask.java:192)
	at org.apache.ratis.server.impl.LeaderElection.waitForResults(LeaderElection.java:259)
	at org.apache.ratis.server.impl.LeaderElection.askForVotes(LeaderElection.java:197)
	at org.apache.ratis.server.impl.LeaderElection.run(LeaderElection.java:133)
	at java.lang.Thread.run(Thread.java:748)
Caused by: org.apache.ratis.thirdparty.io.grpc.StatusRuntimeException: UNAVAILABLE: io exception
	at org.apache.ratis.thirdparty.io.grpc.stub.ClientCalls.toStatusRuntimeException(ClientCalls.java:233)
	at org.apache.ratis.thirdparty.io.grpc.stub.ClientCalls.getUnchecked(ClientCalls.java:214)
	at org.apache.ratis.thirdparty.io.grpc.stub.ClientCalls.blockingUnaryCall(ClientCalls.java:139)
	at org.apache.ratis.proto.grpc.RaftServerProtocolServiceGrpc$RaftServerProtocolServiceBlockingStub.requestVote(RaftServerProtocolServiceGrpc.java:265)
	at org.apache.ratis.grpc.server.GrpcServerProtocolClient.requestVote(GrpcServerProtocolClient.java:99)
	at org.apache.ratis.grpc.server.GrpcService.requestVote(GrpcService.java:204)
	at org.apache.ratis.server.impl.LeaderElection.lambda$submitRequests$1(LeaderElection.java:234)
	at java.util.concurrent.FutureTask.run(FutureTask.java:266)
	at java.util.concurrent.Executors$RunnableAdapter.call(Executors.java:511)
	at java.util.concurrent.FutureTask.run(FutureTask.java:266)
	at java.util.concurrent.ThreadPoolExecutor.runWorker(ThreadPoolExecutor.java:1149)
	at java.util.concurrent.ThreadPoolExecutor$Worker.run(ThreadPoolExecutor.java:624)
	... 1 more
Caused by: org.apache.ratis.thirdparty.io.netty.channel.AbstractChannel$AnnotatedConnectException: Connection refused: /192.168.157.213:36639
	at sun.nio.ch.SocketChannelImpl.checkConnect(Native Method)
	at sun.nio.ch.SocketChannelImpl.finishConnect(SocketChannelImpl.java:717)
	at org.apache.ratis.thirdparty.io.netty.channel.socket.nio.NioSocketChannel.doFinishConnect(NioSocketChannel.java:327)
	at org.apache.ratis.thirdparty.io.netty.channel.nio.AbstractNioChannel$AbstractNioUnsafe.finishConnect(AbstractNioChannel.java:340)
	at org.apache.ratis.thirdparty.io.netty.channel.nio.NioEventLoop.processSelectedKey(NioEventLoop.java:632)
	at org.apache.ratis.thirdparty.io.netty.channel.nio.NioEventLoop.processSelectedKeysOptimized(NioEventLoop.java:579)
	at org.apache.ratis.thirdparty.io.netty.channel.nio.NioEventLoop.processSelectedKeys(NioEventLoop.java:496)
	at org.apache.ratis.thirdparty.io.netty.channel.nio.NioEventLoop.run(NioEventLoop.java:458)
	at org.apache.ratis.thirdparty.io.netty.util.concurrent.SingleThreadEventExecutor$5.run(SingleThreadEventExecutor.java:897)
	at org.apache.ratis.thirdparty.io.netty.util.concurrent.FastThreadLocalRunnable.run(FastThreadLocalRunnable.java:30)
	... 1 more
Caused by: java.net.ConnectException: Connection refused
	... 11 more
2019-10-19 01:05:03,044 [a1c78c0e-869c-4f76-b4ce-2034448e0b80@group-D48B69A44692-LeaderElection399] INFO  impl.LeaderElection (LogUtils.java:infoOrTrace(149)) -   Exception 1: {}
java.util.concurrent.ExecutionException: org.apache.ratis.thirdparty.io.grpc.StatusRuntimeException: UNAVAILABLE: io exception
	at java.util.concurrent.FutureTask.report(FutureTask.java:122)
	at java.util.concurrent.FutureTask.get(FutureTask.java:192)
	at org.apache.ratis.server.impl.LeaderElection.waitForResults(LeaderElection.java:259)
	at org.apache.ratis.server.impl.LeaderElection.askForVotes(LeaderElection.java:197)
	at org.apache.ratis.server.impl.LeaderElection.run(LeaderElection.java:133)
	at java.lang.Thread.run(Thread.java:748)
Caused by: org.apache.ratis.thirdparty.io.grpc.StatusRuntimeException: UNAVAILABLE: io exception
	at org.apache.ratis.thirdparty.io.grpc.stub.ClientCalls.toStatusRuntimeException(ClientCalls.java:233)
	at org.apache.ratis.thirdparty.io.grpc.stub.ClientCalls.getUnchecked(ClientCalls.java:214)
	at org.apache.ratis.thirdparty.io.grpc.stub.ClientCalls.blockingUnaryCall(ClientCalls.java:139)
	at org.apache.ratis.proto.grpc.RaftServerProtocolServiceGrpc$RaftServerProtocolServiceBlockingStub.requestVote(RaftServerProtocolServiceGrpc.java:265)
	at org.apache.ratis.grpc.server.GrpcServerProtocolClient.requestVote(GrpcServerProtocolClient.java:99)
	at org.apache.ratis.grpc.server.GrpcService.requestVote(GrpcService.java:204)
	at org.apache.ratis.server.impl.LeaderElection.lambda$submitRequests$1(LeaderElection.java:234)
	at java.util.concurrent.FutureTask.run(FutureTask.java:266)
	at java.util.concurrent.Executors$RunnableAdapter.call(Executors.java:511)
	at java.util.concurrent.FutureTask.run(FutureTask.java:266)
	at java.util.concurrent.ThreadPoolExecutor.runWorker(ThreadPoolExecutor.java:1149)
	at java.util.concurrent.ThreadPoolExecutor$Worker.run(ThreadPoolExecutor.java:624)
	... 1 more
Caused by: org.apache.ratis.thirdparty.io.netty.channel.AbstractChannel$AnnotatedConnectException: Connection refused: /192.168.157.213:37433
	at sun.nio.ch.SocketChannelImpl.checkConnect(Native Method)
	at sun.nio.ch.SocketChannelImpl.finishConnect(SocketChannelImpl.java:717)
	at org.apache.ratis.thirdparty.io.netty.channel.socket.nio.NioSocketChannel.doFinishConnect(NioSocketChannel.java:327)
	at org.apache.ratis.thirdparty.io.netty.channel.nio.AbstractNioChannel$AbstractNioUnsafe.finishConnect(AbstractNioChannel.java:340)
	at org.apache.ratis.thirdparty.io.netty.channel.nio.NioEventLoop.processSelectedKey(NioEventLoop.java:632)
	at org.apache.ratis.thirdparty.io.netty.channel.nio.NioEventLoop.processSelectedKeysOptimized(NioEventLoop.java:579)
	at org.apache.ratis.thirdparty.io.netty.channel.nio.NioEventLoop.processSelectedKeys(NioEventLoop.java:496)
	at org.apache.ratis.thirdparty.io.netty.channel.nio.NioEventLoop.run(NioEventLoop.java:458)
	at org.apache.ratis.thirdparty.io.netty.util.concurrent.SingleThreadEventExecutor$5.run(SingleThreadEventExecutor.java:897)
	at org.apache.ratis.thirdparty.io.netty.util.concurrent.FastThreadLocalRunnable.run(FastThreadLocalRunnable.java:30)
	... 1 more
Caused by: java.net.ConnectException: Connection refused
	... 11 more
2019-10-19 01:05:03,044 [a1c78c0e-869c-4f76-b4ce-2034448e0b80@group-D48B69A44692-LeaderElection399] INFO  impl.RaftServerImpl (RaftServerImpl.java:setRole(184)) - a1c78c0e-869c-4f76-b4ce-2034448e0b80@group-D48B69A44692: changes role from CANDIDATE to FOLLOWER at term 290 for DISCOVERED_A_NEW_TERM
2019-10-19 01:05:03,044 [a1c78c0e-869c-4f76-b4ce-2034448e0b80@group-D48B69A44692-LeaderElection399] INFO  impl.RoleInfo (RoleInfo.java:shutdownLeaderElection(134)) - a1c78c0e-869c-4f76-b4ce-2034448e0b80: shutdown LeaderElection
2019-10-19 01:05:03,044 [a1c78c0e-869c-4f76-b4ce-2034448e0b80@group-D48B69A44692-LeaderElection399] INFO  impl.RoleInfo (RoleInfo.java:updateAndGet(143)) - a1c78c0e-869c-4f76-b4ce-2034448e0b80: start FollowerState
2019-10-19 01:05:03,070 [Thread-2926] INFO  impl.FollowerState (FollowerState.java:run(108)) - a1c78c0e-869c-4f76-b4ce-2034448e0b80@group-D48B69A44692-FollowerState: change to CANDIDATE, lastRpcTime:25ms, electionTimeout:25ms
2019-10-19 01:05:03,070 [Thread-2926] INFO  impl.RoleInfo (RoleInfo.java:shutdownFollowerState(121)) - a1c78c0e-869c-4f76-b4ce-2034448e0b80: shutdown FollowerState
2019-10-19 01:05:03,070 [Thread-2926] INFO  impl.RaftServerImpl (RaftServerImpl.java:setRole(184)) - a1c78c0e-869c-4f76-b4ce-2034448e0b80@group-D48B69A44692: changes role from  FOLLOWER to CANDIDATE at term 290 for changeToCandidate
2019-10-19 01:05:03,070 [Thread-2926] INFO  impl.RoleInfo (RoleInfo.java:updateAndGet(143)) - a1c78c0e-869c-4f76-b4ce-2034448e0b80: start LeaderElection
2019-10-19 01:05:03,084 [a1c78c0e-869c-4f76-b4ce-2034448e0b80@group-D48B69A44692-LeaderElection400] INFO  impl.LeaderElection (LeaderElection.java:askForVotes(178)) - a1c78c0e-869c-4f76-b4ce-2034448e0b80@group-D48B69A44692-LeaderElection400: begin an election at term 291 for -1: [51276c3c-a3b8-4274-b089-592ff4589f41:192.168.157.213:36639, 64c90977-e867-487c-b50d-c226f2d34a76:192.168.157.213:37433, a1c78c0e-869c-4f76-b4ce-2034448e0b80:192.168.157.213:33501], old=null
2019-10-19 01:05:03,084 [a1c78c0e-869c-4f76-b4ce-2034448e0b80@group-D48B69A44692-LeaderElection400] INFO  impl.LeaderElection (LogUtils.java:infoOrTrace(149)) - a1c78c0e-869c-4f76-b4ce-2034448e0b80@group-D48B69A44692-LeaderElection400 got exception when requesting votes: {}
java.util.concurrent.ExecutionException: org.apache.ratis.thirdparty.io.grpc.StatusRuntimeException: UNAVAILABLE: io exception
	at java.util.concurrent.FutureTask.report(FutureTask.java:122)
	at java.util.concurrent.FutureTask.get(FutureTask.java:192)
	at org.apache.ratis.server.impl.LeaderElection.waitForResults(LeaderElection.java:259)
	at org.apache.ratis.server.impl.LeaderElection.askForVotes(LeaderElection.java:197)
	at org.apache.ratis.server.impl.LeaderElection.run(LeaderElection.java:133)
	at java.lang.Thread.run(Thread.java:748)
Caused by: org.apache.ratis.thirdparty.io.grpc.StatusRuntimeException: UNAVAILABLE: io exception
	at org.apache.ratis.thirdparty.io.grpc.stub.ClientCalls.toStatusRuntimeException(ClientCalls.java:233)
	at org.apache.ratis.thirdparty.io.grpc.stub.ClientCalls.getUnchecked(ClientCalls.java:214)
	at org.apache.ratis.thirdparty.io.grpc.stub.ClientCalls.blockingUnaryCall(ClientCalls.java:139)
	at org.apache.ratis.proto.grpc.RaftServerProtocolServiceGrpc$RaftServerProtocolServiceBlockingStub.requestVote(RaftServerProtocolServiceGrpc.java:265)
	at org.apache.ratis.grpc.server.GrpcServerProtocolClient.requestVote(GrpcServerProtocolClient.java:99)
	at org.apache.ratis.grpc.server.GrpcService.requestVote(GrpcService.java:204)
	at org.apache.ratis.server.impl.LeaderElection.lambda$submitRequests$1(LeaderElection.java:234)
	at java.util.concurrent.FutureTask.run(FutureTask.java:266)
	at java.util.concurrent.Executors$RunnableAdapter.call(Executors.java:511)
	at java.util.concurrent.FutureTask.run(FutureTask.java:266)
	at java.util.concurrent.ThreadPoolExecutor.runWorker(ThreadPoolExecutor.java:1149)
	at java.util.concurrent.ThreadPoolExecutor$Worker.run(ThreadPoolExecutor.java:624)
	... 1 more
Caused by: org.apache.ratis.thirdparty.io.netty.channel.AbstractChannel$AnnotatedConnectException: Connection refused: /192.168.157.213:36639
	at sun.nio.ch.SocketChannelImpl.checkConnect(Native Method)
	at sun.nio.ch.SocketChannelImpl.finishConnect(SocketChannelImpl.java:717)
	at org.apache.ratis.thirdparty.io.netty.channel.socket.nio.NioSocketChannel.doFinishConnect(NioSocketChannel.java:327)
	at org.apache.ratis.thirdparty.io.netty.channel.nio.AbstractNioChannel$AbstractNioUnsafe.finishConnect(AbstractNioChannel.java:340)
	at org.apache.ratis.thirdparty.io.netty.channel.nio.NioEventLoop.processSelectedKey(NioEventLoop.java:632)
	at org.apache.ratis.thirdparty.io.netty.channel.nio.NioEventLoop.processSelectedKeysOptimized(NioEventLoop.java:579)
	at org.apache.ratis.thirdparty.io.netty.channel.nio.NioEventLoop.processSelectedKeys(NioEventLoop.java:496)
	at org.apache.ratis.thirdparty.io.netty.channel.nio.NioEventLoop.run(NioEventLoop.java:458)
	at org.apache.ratis.thirdparty.io.netty.util.concurrent.SingleThreadEventExecutor$5.run(SingleThreadEventExecutor.java:897)
	at org.apache.ratis.thirdparty.io.netty.util.concurrent.FastThreadLocalRunnable.run(FastThreadLocalRunnable.java:30)
	... 1 more
Caused by: java.net.ConnectException: Connection refused
	... 11 more
2019-10-19 01:05:03,085 [a1c78c0e-869c-4f76-b4ce-2034448e0b80@group-D48B69A44692-LeaderElection400] INFO  impl.LeaderElection (LogUtils.java:infoOrTrace(149)) - a1c78c0e-869c-4f76-b4ce-2034448e0b80@group-D48B69A44692-LeaderElection400 got exception when requesting votes: {}
java.util.concurrent.ExecutionException: org.apache.ratis.thirdparty.io.grpc.StatusRuntimeException: UNAVAILABLE: io exception
	at java.util.concurrent.FutureTask.report(FutureTask.java:122)
	at java.util.concurrent.FutureTask.get(FutureTask.java:192)
	at org.apache.ratis.server.impl.LeaderElection.waitForResults(LeaderElection.java:259)
	at org.apache.ratis.server.impl.LeaderElection.askForVotes(LeaderElection.java:197)
	at org.apache.ratis.server.impl.LeaderElection.run(LeaderElection.java:133)
	at java.lang.Thread.run(Thread.java:748)
Caused by: org.apache.ratis.thirdparty.io.grpc.StatusRuntimeException: UNAVAILABLE: io exception
	at org.apache.ratis.thirdparty.io.grpc.stub.ClientCalls.toStatusRuntimeException(ClientCalls.java:233)
	at org.apache.ratis.thirdparty.io.grpc.stub.ClientCalls.getUnchecked(ClientCalls.java:214)
	at org.apache.ratis.thirdparty.io.grpc.stub.ClientCalls.blockingUnaryCall(ClientCalls.java:139)
	at org.apache.ratis.proto.grpc.RaftServerProtocolServiceGrpc$RaftServerProtocolServiceBlockingStub.requestVote(RaftServerProtocolServiceGrpc.java:265)
	at org.apache.ratis.grpc.server.GrpcServerProtocolClient.requestVote(GrpcServerProtocolClient.java:99)
	at org.apache.ratis.grpc.server.GrpcService.requestVote(GrpcService.java:204)
	at org.apache.ratis.server.impl.LeaderElection.lambda$submitRequests$1(LeaderElection.java:234)
	at java.util.concurrent.FutureTask.run(FutureTask.java:266)
	at java.util.concurrent.Executors$RunnableAdapter.call(Executors.java:511)
	at java.util.concurrent.FutureTask.run(FutureTask.java:266)
	at java.util.concurrent.ThreadPoolExecutor.runWorker(ThreadPoolExecutor.java:1149)
	at java.util.concurrent.ThreadPoolExecutor$Worker.run(ThreadPoolExecutor.java:624)
	... 1 more
Caused by: org.apache.ratis.thirdparty.io.netty.channel.AbstractChannel$AnnotatedConnectException: Connection refused: /192.168.157.213:37433
	at sun.nio.ch.SocketChannelImpl.checkConnect(Native Method)
	at sun.nio.ch.SocketChannelImpl.finishConnect(SocketChannelImpl.java:717)
	at org.apache.ratis.thirdparty.io.netty.channel.socket.nio.NioSocketChannel.doFinishConnect(NioSocketChannel.java:327)
	at org.apache.ratis.thirdparty.io.netty.channel.nio.AbstractNioChannel$AbstractNioUnsafe.finishConnect(AbstractNioChannel.java:340)
	at org.apache.ratis.thirdparty.io.netty.channel.nio.NioEventLoop.processSelectedKey(NioEventLoop.java:632)
	at org.apache.ratis.thirdparty.io.netty.channel.nio.NioEventLoop.processSelectedKeysOptimized(NioEventLoop.java:579)
	at org.apache.ratis.thirdparty.io.netty.channel.nio.NioEventLoop.processSelectedKeys(NioEventLoop.java:496)
	at org.apache.ratis.thirdparty.io.netty.channel.nio.NioEventLoop.run(NioEventLoop.java:458)
	at org.apache.ratis.thirdparty.io.netty.util.concurrent.SingleThreadEventExecutor$5.run(SingleThreadEventExecutor.java:897)
	at org.apache.ratis.thirdparty.io.netty.util.concurrent.FastThreadLocalRunnable.run(FastThreadLocalRunnable.java:30)
	... 1 more
Caused by: java.net.ConnectException: Connection refused
	... 11 more
2019-10-19 01:05:03,085 [a1c78c0e-869c-4f76-b4ce-2034448e0b80@group-D48B69A44692-LeaderElection400] INFO  impl.LeaderElection (LeaderElection.java:logAndReturn(56)) - a1c78c0e-869c-4f76-b4ce-2034448e0b80@group-D48B69A44692-LeaderElection400: Election REJECTED; received 0 response(s) [] and 2 exception(s); a1c78c0e-869c-4f76-b4ce-2034448e0b80@group-D48B69A44692:t291, leader=null, voted=a1c78c0e-869c-4f76-b4ce-2034448e0b80, raftlog=a1c78c0e-869c-4f76-b4ce-2034448e0b80@group-D48B69A44692-SegmentedRaftLog:OPENED:c-1,f-1,i0, conf=-1: [51276c3c-a3b8-4274-b089-592ff4589f41:192.168.157.213:36639, 64c90977-e867-487c-b50d-c226f2d34a76:192.168.157.213:37433, a1c78c0e-869c-4f76-b4ce-2034448e0b80:192.168.157.213:33501], old=null
2019-10-19 01:05:03,085 [a1c78c0e-869c-4f76-b4ce-2034448e0b80@group-D48B69A44692-LeaderElection400] INFO  impl.LeaderElection (LogUtils.java:infoOrTrace(149)) -   Exception 0: {}
java.util.concurrent.ExecutionException: org.apache.ratis.thirdparty.io.grpc.StatusRuntimeException: UNAVAILABLE: io exception
	at java.util.concurrent.FutureTask.report(FutureTask.java:122)
	at java.util.concurrent.FutureTask.get(FutureTask.java:192)
	at org.apache.ratis.server.impl.LeaderElection.waitForResults(LeaderElection.java:259)
	at org.apache.ratis.server.impl.LeaderElection.askForVotes(LeaderElection.java:197)
	at org.apache.ratis.server.impl.LeaderElection.run(LeaderElection.java:133)
	at java.lang.Thread.run(Thread.java:748)
Caused by: org.apache.ratis.thirdparty.io.grpc.StatusRuntimeException: UNAVAILABLE: io exception
	at org.apache.ratis.thirdparty.io.grpc.stub.ClientCalls.toStatusRuntimeException(ClientCalls.java:233)
	at org.apache.ratis.thirdparty.io.grpc.stub.ClientCalls.getUnchecked(ClientCalls.java:214)
	at org.apache.ratis.thirdparty.io.grpc.stub.ClientCalls.blockingUnaryCall(ClientCalls.java:139)
	at org.apache.ratis.proto.grpc.RaftServerProtocolServiceGrpc$RaftServerProtocolServiceBlockingStub.requestVote(RaftServerProtocolServiceGrpc.java:265)
	at org.apache.ratis.grpc.server.GrpcServerProtocolClient.requestVote(GrpcServerProtocolClient.java:99)
	at org.apache.ratis.grpc.server.GrpcService.requestVote(GrpcService.java:204)
	at org.apache.ratis.server.impl.LeaderElection.lambda$submitRequests$1(LeaderElection.java:234)
	at java.util.concurrent.FutureTask.run(FutureTask.java:266)
	at java.util.concurrent.Executors$RunnableAdapter.call(Executors.java:511)
	at java.util.concurrent.FutureTask.run(FutureTask.java:266)
	at java.util.concurrent.ThreadPoolExecutor.runWorker(ThreadPoolExecutor.java:1149)
	at java.util.concurrent.ThreadPoolExecutor$Worker.run(ThreadPoolExecutor.java:624)
	... 1 more
Caused by: org.apache.ratis.thirdparty.io.netty.channel.AbstractChannel$AnnotatedConnectException: Connection refused: /192.168.157.213:36639
	at sun.nio.ch.SocketChannelImpl.checkConnect(Native Method)
	at sun.nio.ch.SocketChannelImpl.finishConnect(SocketChannelImpl.java:717)
	at org.apache.ratis.thirdparty.io.netty.channel.socket.nio.NioSocketChannel.doFinishConnect(NioSocketChannel.java:327)
	at org.apache.ratis.thirdparty.io.netty.channel.nio.AbstractNioChannel$AbstractNioUnsafe.finishConnect(AbstractNioChannel.java:340)
	at org.apache.ratis.thirdparty.io.netty.channel.nio.NioEventLoop.processSelectedKey(NioEventLoop.java:632)
	at org.apache.ratis.thirdparty.io.netty.channel.nio.NioEventLoop.processSelectedKeysOptimized(NioEventLoop.java:579)
	at org.apache.ratis.thirdparty.io.netty.channel.nio.NioEventLoop.processSelectedKeys(NioEventLoop.java:496)
	at org.apache.ratis.thirdparty.io.netty.channel.nio.NioEventLoop.run(NioEventLoop.java:458)
	at org.apache.ratis.thirdparty.io.netty.util.concurrent.SingleThreadEventExecutor$5.run(SingleThreadEventExecutor.java:897)
	at org.apache.ratis.thirdparty.io.netty.util.concurrent.FastThreadLocalRunnable.run(FastThreadLocalRunnable.java:30)
	... 1 more
Caused by: java.net.ConnectException: Connection refused
	... 11 more
2019-10-19 01:05:03,085 [a1c78c0e-869c-4f76-b4ce-2034448e0b80@group-D48B69A44692-LeaderElection400] INFO  impl.LeaderElection (LogUtils.java:infoOrTrace(149)) -   Exception 1: {}
java.util.concurrent.ExecutionException: org.apache.ratis.thirdparty.io.grpc.StatusRuntimeException: UNAVAILABLE: io exception
	at java.util.concurrent.FutureTask.report(FutureTask.java:122)
	at java.util.concurrent.FutureTask.get(FutureTask.java:192)
	at org.apache.ratis.server.impl.LeaderElection.waitForResults(LeaderElection.java:259)
	at org.apache.ratis.server.impl.LeaderElection.askForVotes(LeaderElection.java:197)
	at org.apache.ratis.server.impl.LeaderElection.run(LeaderElection.java:133)
	at java.lang.Thread.run(Thread.java:748)
Caused by: org.apache.ratis.thirdparty.io.grpc.StatusRuntimeException: UNAVAILABLE: io exception
	at org.apache.ratis.thirdparty.io.grpc.stub.ClientCalls.toStatusRuntimeException(ClientCalls.java:233)
	at org.apache.ratis.thirdparty.io.grpc.stub.ClientCalls.getUnchecked(ClientCalls.java:214)
	at org.apache.ratis.thirdparty.io.grpc.stub.ClientCalls.blockingUnaryCall(ClientCalls.java:139)
	at org.apache.ratis.proto.grpc.RaftServerProtocolServiceGrpc$RaftServerProtocolServiceBlockingStub.requestVote(RaftServerProtocolServiceGrpc.java:265)
	at org.apache.ratis.grpc.server.GrpcServerProtocolClient.requestVote(GrpcServerProtocolClient.java:99)
	at org.apache.ratis.grpc.server.GrpcService.requestVote(GrpcService.java:204)
	at org.apache.ratis.server.impl.LeaderElection.lambda$submitRequests$1(LeaderElection.java:234)
	at java.util.concurrent.FutureTask.run(FutureTask.java:266)
	at java.util.concurrent.Executors$RunnableAdapter.call(Executors.java:511)
	at java.util.concurrent.FutureTask.run(FutureTask.java:266)
	at java.util.concurrent.ThreadPoolExecutor.runWorker(ThreadPoolExecutor.java:1149)
	at java.util.concurrent.ThreadPoolExecutor$Worker.run(ThreadPoolExecutor.java:624)
	... 1 more
Caused by: org.apache.ratis.thirdparty.io.netty.channel.AbstractChannel$AnnotatedConnectException: Connection refused: /192.168.157.213:37433
	at sun.nio.ch.SocketChannelImpl.checkConnect(Native Method)
	at sun.nio.ch.SocketChannelImpl.finishConnect(SocketChannelImpl.java:717)
	at org.apache.ratis.thirdparty.io.netty.channel.socket.nio.NioSocketChannel.doFinishConnect(NioSocketChannel.java:327)
	at org.apache.ratis.thirdparty.io.netty.channel.nio.AbstractNioChannel$AbstractNioUnsafe.finishConnect(AbstractNioChannel.java:340)
	at org.apache.ratis.thirdparty.io.netty.channel.nio.NioEventLoop.processSelectedKey(NioEventLoop.java:632)
	at org.apache.ratis.thirdparty.io.netty.channel.nio.NioEventLoop.processSelectedKeysOptimized(NioEventLoop.java:579)
	at org.apache.ratis.thirdparty.io.netty.channel.nio.NioEventLoop.processSelectedKeys(NioEventLoop.java:496)
	at org.apache.ratis.thirdparty.io.netty.channel.nio.NioEventLoop.run(NioEventLoop.java:458)
	at org.apache.ratis.thirdparty.io.netty.util.concurrent.SingleThreadEventExecutor$5.run(SingleThreadEventExecutor.java:897)
	at org.apache.ratis.thirdparty.io.netty.util.concurrent.FastThreadLocalRunnable.run(FastThreadLocalRunnable.java:30)
	... 1 more
Caused by: java.net.ConnectException: Connection refused
	... 11 more
2019-10-19 01:05:03,086 [a1c78c0e-869c-4f76-b4ce-2034448e0b80@group-D48B69A44692-LeaderElection400] INFO  impl.RaftServerImpl (RaftServerImpl.java:setRole(184)) - a1c78c0e-869c-4f76-b4ce-2034448e0b80@group-D48B69A44692: changes role from CANDIDATE to FOLLOWER at term 291 for DISCOVERED_A_NEW_TERM
2019-10-19 01:05:03,086 [a1c78c0e-869c-4f76-b4ce-2034448e0b80@group-D48B69A44692-LeaderElection400] INFO  impl.RoleInfo (RoleInfo.java:shutdownLeaderElection(134)) - a1c78c0e-869c-4f76-b4ce-2034448e0b80: shutdown LeaderElection
2019-10-19 01:05:03,086 [a1c78c0e-869c-4f76-b4ce-2034448e0b80@group-D48B69A44692-LeaderElection400] INFO  impl.RoleInfo (RoleInfo.java:updateAndGet(143)) - a1c78c0e-869c-4f76-b4ce-2034448e0b80: start FollowerState
2019-10-19 01:05:03,195 [Thread-2894] INFO  impl.FollowerState (FollowerState.java:run(108)) - 390d33c4-98c8-495f-9f34-63cdf16532b5@group-EFF8D6679E36-FollowerState: change to CANDIDATE, lastRpcTime:1184ms, electionTimeout:1184ms
2019-10-19 01:05:03,195 [Thread-2894] INFO  impl.RoleInfo (RoleInfo.java:shutdownFollowerState(121)) - 390d33c4-98c8-495f-9f34-63cdf16532b5: shutdown FollowerState
2019-10-19 01:05:03,195 [Thread-2894] INFO  impl.RaftServerImpl (RaftServerImpl.java:setRole(184)) - 390d33c4-98c8-495f-9f34-63cdf16532b5@group-EFF8D6679E36: changes role from  FOLLOWER to CANDIDATE at term 9 for changeToCandidate
2019-10-19 01:05:03,195 [Thread-2894] INFO  impl.RoleInfo (RoleInfo.java:updateAndGet(143)) - 390d33c4-98c8-495f-9f34-63cdf16532b5: start LeaderElection
2019-10-19 01:05:03,210 [390d33c4-98c8-495f-9f34-63cdf16532b5@group-EFF8D6679E36-LeaderElection401] INFO  impl.LeaderElection (LeaderElection.java:askForVotes(178)) - 390d33c4-98c8-495f-9f34-63cdf16532b5@group-EFF8D6679E36-LeaderElection401: begin an election at term 10 for 0: [7f3fb33d-9d98-4be4-bfb4-e5618e23eafb:192.168.157.213:46612, 390d33c4-98c8-495f-9f34-63cdf16532b5:192.168.157.213:40184, bd96e850-7fd3-40f8-8499-55f7f41be4fe:192.168.157.213:46800], old=null
2019-10-19 01:05:03,211 [390d33c4-98c8-495f-9f34-63cdf16532b5@group-EFF8D6679E36-LeaderElection401] INFO  impl.LeaderElection (LogUtils.java:infoOrTrace(149)) - 390d33c4-98c8-495f-9f34-63cdf16532b5@group-EFF8D6679E36-LeaderElection401 got exception when requesting votes: {}
java.util.concurrent.ExecutionException: org.apache.ratis.thirdparty.io.grpc.StatusRuntimeException: UNAVAILABLE: io exception
	at java.util.concurrent.FutureTask.report(FutureTask.java:122)
	at java.util.concurrent.FutureTask.get(FutureTask.java:192)
	at org.apache.ratis.server.impl.LeaderElection.waitForResults(LeaderElection.java:259)
	at org.apache.ratis.server.impl.LeaderElection.askForVotes(LeaderElection.java:197)
	at org.apache.ratis.server.impl.LeaderElection.run(LeaderElection.java:133)
	at java.lang.Thread.run(Thread.java:748)
Caused by: org.apache.ratis.thirdparty.io.grpc.StatusRuntimeException: UNAVAILABLE: io exception
	at org.apache.ratis.thirdparty.io.grpc.stub.ClientCalls.toStatusRuntimeException(ClientCalls.java:233)
	at org.apache.ratis.thirdparty.io.grpc.stub.ClientCalls.getUnchecked(ClientCalls.java:214)
	at org.apache.ratis.thirdparty.io.grpc.stub.ClientCalls.blockingUnaryCall(ClientCalls.java:139)
	at org.apache.ratis.proto.grpc.RaftServerProtocolServiceGrpc$RaftServerProtocolServiceBlockingStub.requestVote(RaftServerProtocolServiceGrpc.java:265)
	at org.apache.ratis.grpc.server.GrpcServerProtocolClient.requestVote(GrpcServerProtocolClient.java:99)
	at org.apache.ratis.grpc.server.GrpcService.requestVote(GrpcService.java:204)
	at org.apache.ratis.server.impl.LeaderElection.lambda$submitRequests$1(LeaderElection.java:234)
	at java.util.concurrent.FutureTask.run(FutureTask.java:266)
	at java.util.concurrent.Executors$RunnableAdapter.call(Executors.java:511)
	at java.util.concurrent.FutureTask.run(FutureTask.java:266)
	at java.util.concurrent.ThreadPoolExecutor.runWorker(ThreadPoolExecutor.java:1149)
	at java.util.concurrent.ThreadPoolExecutor$Worker.run(ThreadPoolExecutor.java:624)
	... 1 more
Caused by: org.apache.ratis.thirdparty.io.netty.channel.AbstractChannel$AnnotatedConnectException: Connection refused: /192.168.157.213:46800
	at sun.nio.ch.SocketChannelImpl.checkConnect(Native Method)
	at sun.nio.ch.SocketChannelImpl.finishConnect(SocketChannelImpl.java:717)
	at org.apache.ratis.thirdparty.io.netty.channel.socket.nio.NioSocketChannel.doFinishConnect(NioSocketChannel.java:327)
	at org.apache.ratis.thirdparty.io.netty.channel.nio.AbstractNioChannel$AbstractNioUnsafe.finishConnect(AbstractNioChannel.java:340)
	at org.apache.ratis.thirdparty.io.netty.channel.nio.NioEventLoop.processSelectedKey(NioEventLoop.java:632)
	at org.apache.ratis.thirdparty.io.netty.channel.nio.NioEventLoop.processSelectedKeysOptimized(NioEventLoop.java:579)
	at org.apache.ratis.thirdparty.io.netty.channel.nio.NioEventLoop.processSelectedKeys(NioEventLoop.java:496)
	at org.apache.ratis.thirdparty.io.netty.channel.nio.NioEventLoop.run(NioEventLoop.java:458)
	at org.apache.ratis.thirdparty.io.netty.util.concurrent.SingleThreadEventExecutor$5.run(SingleThreadEventExecutor.java:897)
	at org.apache.ratis.thirdparty.io.netty.util.concurrent.FastThreadLocalRunnable.run(FastThreadLocalRunnable.java:30)
	... 1 more
Caused by: java.net.ConnectException: Connection refused
	... 11 more
2019-10-19 01:05:03,212 [390d33c4-98c8-495f-9f34-63cdf16532b5@group-EFF8D6679E36-LeaderElection401] INFO  impl.LeaderElection (LogUtils.java:infoOrTrace(149)) - 390d33c4-98c8-495f-9f34-63cdf16532b5@group-EFF8D6679E36-LeaderElection401 got exception when requesting votes: {}
java.util.concurrent.ExecutionException: org.apache.ratis.thirdparty.io.grpc.StatusRuntimeException: UNAVAILABLE: io exception
	at java.util.concurrent.FutureTask.report(FutureTask.java:122)
	at java.util.concurrent.FutureTask.get(FutureTask.java:192)
	at org.apache.ratis.server.impl.LeaderElection.waitForResults(LeaderElection.java:259)
	at org.apache.ratis.server.impl.LeaderElection.askForVotes(LeaderElection.java:197)
	at org.apache.ratis.server.impl.LeaderElection.run(LeaderElection.java:133)
	at java.lang.Thread.run(Thread.java:748)
Caused by: org.apache.ratis.thirdparty.io.grpc.StatusRuntimeException: UNAVAILABLE: io exception
	at org.apache.ratis.thirdparty.io.grpc.stub.ClientCalls.toStatusRuntimeException(ClientCalls.java:233)
	at org.apache.ratis.thirdparty.io.grpc.stub.ClientCalls.getUnchecked(ClientCalls.java:214)
	at org.apache.ratis.thirdparty.io.grpc.stub.ClientCalls.blockingUnaryCall(ClientCalls.java:139)
	at org.apache.ratis.proto.grpc.RaftServerProtocolServiceGrpc$RaftServerProtocolServiceBlockingStub.requestVote(RaftServerProtocolServiceGrpc.java:265)
	at org.apache.ratis.grpc.server.GrpcServerProtocolClient.requestVote(GrpcServerProtocolClient.java:99)
	at org.apache.ratis.grpc.server.GrpcService.requestVote(GrpcService.java:204)
	at org.apache.ratis.server.impl.LeaderElection.lambda$submitRequests$1(LeaderElection.java:234)
	at java.util.concurrent.FutureTask.run(FutureTask.java:266)
	at java.util.concurrent.Executors$RunnableAdapter.call(Executors.java:511)
	at java.util.concurrent.FutureTask.run(FutureTask.java:266)
	at java.util.concurrent.ThreadPoolExecutor.runWorker(ThreadPoolExecutor.java:1149)
	at java.util.concurrent.ThreadPoolExecutor$Worker.run(ThreadPoolExecutor.java:624)
	... 1 more
Caused by: org.apache.ratis.thirdparty.io.netty.channel.AbstractChannel$AnnotatedConnectException: Connection refused: /192.168.157.213:46612
	at sun.nio.ch.SocketChannelImpl.checkConnect(Native Method)
	at sun.nio.ch.SocketChannelImpl.finishConnect(SocketChannelImpl.java:717)
	at org.apache.ratis.thirdparty.io.netty.channel.socket.nio.NioSocketChannel.doFinishConnect(NioSocketChannel.java:327)
	at org.apache.ratis.thirdparty.io.netty.channel.nio.AbstractNioChannel$AbstractNioUnsafe.finishConnect(AbstractNioChannel.java:340)
	at org.apache.ratis.thirdparty.io.netty.channel.nio.NioEventLoop.processSelectedKey(NioEventLoop.java:632)
	at org.apache.ratis.thirdparty.io.netty.channel.nio.NioEventLoop.processSelectedKeysOptimized(NioEventLoop.java:579)
	at org.apache.ratis.thirdparty.io.netty.channel.nio.NioEventLoop.processSelectedKeys(NioEventLoop.java:496)
	at org.apache.ratis.thirdparty.io.netty.channel.nio.NioEventLoop.run(NioEventLoop.java:458)
	at org.apache.ratis.thirdparty.io.netty.util.concurrent.SingleThreadEventExecutor$5.run(SingleThreadEventExecutor.java:897)
	at org.apache.ratis.thirdparty.io.netty.util.concurrent.FastThreadLocalRunnable.run(FastThreadLocalRunnable.java:30)
	... 1 more
Caused by: java.net.ConnectException: Connection refused
	... 11 more
2019-10-19 01:05:03,212 [390d33c4-98c8-495f-9f34-63cdf16532b5@group-EFF8D6679E36-LeaderElection401] INFO  impl.LeaderElection (LeaderElection.java:logAndReturn(56)) - 390d33c4-98c8-495f-9f34-63cdf16532b5@group-EFF8D6679E36-LeaderElection401: Election REJECTED; received 0 response(s) [] and 2 exception(s); 390d33c4-98c8-495f-9f34-63cdf16532b5@group-EFF8D6679E36:t10, leader=null, voted=390d33c4-98c8-495f-9f34-63cdf16532b5, raftlog=390d33c4-98c8-495f-9f34-63cdf16532b5@group-EFF8D6679E36-SegmentedRaftLog:OPENED:c20,f20,i20, conf=0: [7f3fb33d-9d98-4be4-bfb4-e5618e23eafb:192.168.157.213:46612, 390d33c4-98c8-495f-9f34-63cdf16532b5:192.168.157.213:40184, bd96e850-7fd3-40f8-8499-55f7f41be4fe:192.168.157.213:46800], old=null
2019-10-19 01:05:03,212 [390d33c4-98c8-495f-9f34-63cdf16532b5@group-EFF8D6679E36-LeaderElection401] INFO  impl.LeaderElection (LogUtils.java:infoOrTrace(149)) -   Exception 0: {}
java.util.concurrent.ExecutionException: org.apache.ratis.thirdparty.io.grpc.StatusRuntimeException: UNAVAILABLE: io exception
	at java.util.concurrent.FutureTask.report(FutureTask.java:122)
	at java.util.concurrent.FutureTask.get(FutureTask.java:192)
	at org.apache.ratis.server.impl.LeaderElection.waitForResults(LeaderElection.java:259)
	at org.apache.ratis.server.impl.LeaderElection.askForVotes(LeaderElection.java:197)
	at org.apache.ratis.server.impl.LeaderElection.run(LeaderElection.java:133)
	at java.lang.Thread.run(Thread.java:748)
Caused by: org.apache.ratis.thirdparty.io.grpc.StatusRuntimeException: UNAVAILABLE: io exception
	at org.apache.ratis.thirdparty.io.grpc.stub.ClientCalls.toStatusRuntimeException(ClientCalls.java:233)
	at org.apache.ratis.thirdparty.io.grpc.stub.ClientCalls.getUnchecked(ClientCalls.java:214)
	at org.apache.ratis.thirdparty.io.grpc.stub.ClientCalls.blockingUnaryCall(ClientCalls.java:139)
	at org.apache.ratis.proto.grpc.RaftServerProtocolServiceGrpc$RaftServerProtocolServiceBlockingStub.requestVote(RaftServerProtocolServiceGrpc.java:265)
	at org.apache.ratis.grpc.server.GrpcServerProtocolClient.requestVote(GrpcServerProtocolClient.java:99)
	at org.apache.ratis.grpc.server.GrpcService.requestVote(GrpcService.java:204)
	at org.apache.ratis.server.impl.LeaderElection.lambda$submitRequests$1(LeaderElection.java:234)
	at java.util.concurrent.FutureTask.run(FutureTask.java:266)
	at java.util.concurrent.Executors$RunnableAdapter.call(Executors.java:511)
	at java.util.concurrent.FutureTask.run(FutureTask.java:266)
	at java.util.concurrent.ThreadPoolExecutor.runWorker(ThreadPoolExecutor.java:1149)
	at java.util.concurrent.ThreadPoolExecutor$Worker.run(ThreadPoolExecutor.java:624)
	... 1 more
Caused by: org.apache.ratis.thirdparty.io.netty.channel.AbstractChannel$AnnotatedConnectException: Connection refused: /192.168.157.213:46800
	at sun.nio.ch.SocketChannelImpl.checkConnect(Native Method)
	at sun.nio.ch.SocketChannelImpl.finishConnect(SocketChannelImpl.java:717)
	at org.apache.ratis.thirdparty.io.netty.channel.socket.nio.NioSocketChannel.doFinishConnect(NioSocketChannel.java:327)
	at org.apache.ratis.thirdparty.io.netty.channel.nio.AbstractNioChannel$AbstractNioUnsafe.finishConnect(AbstractNioChannel.java:340)
	at org.apache.ratis.thirdparty.io.netty.channel.nio.NioEventLoop.processSelectedKey(NioEventLoop.java:632)
	at org.apache.ratis.thirdparty.io.netty.channel.nio.NioEventLoop.processSelectedKeysOptimized(NioEventLoop.java:579)
	at org.apache.ratis.thirdparty.io.netty.channel.nio.NioEventLoop.processSelectedKeys(NioEventLoop.java:496)
	at org.apache.ratis.thirdparty.io.netty.channel.nio.NioEventLoop.run(NioEventLoop.java:458)
	at org.apache.ratis.thirdparty.io.netty.util.concurrent.SingleThreadEventExecutor$5.run(SingleThreadEventExecutor.java:897)
	at org.apache.ratis.thirdparty.io.netty.util.concurrent.FastThreadLocalRunnable.run(FastThreadLocalRunnable.java:30)
	... 1 more
Caused by: java.net.ConnectException: Connection refused
	... 11 more
2019-10-19 01:05:03,212 [390d33c4-98c8-495f-9f34-63cdf16532b5@group-EFF8D6679E36-LeaderElection401] INFO  impl.LeaderElection (LogUtils.java:infoOrTrace(149)) -   Exception 1: {}
java.util.concurrent.ExecutionException: org.apache.ratis.thirdparty.io.grpc.StatusRuntimeException: UNAVAILABLE: io exception
	at java.util.concurrent.FutureTask.report(FutureTask.java:122)
	at java.util.concurrent.FutureTask.get(FutureTask.java:192)
	at org.apache.ratis.server.impl.LeaderElection.waitForResults(LeaderElection.java:259)
	at org.apache.ratis.server.impl.LeaderElection.askForVotes(LeaderElection.java:197)
	at org.apache.ratis.server.impl.LeaderElection.run(LeaderElection.java:133)
	at java.lang.Thread.run(Thread.java:748)
Caused by: org.apache.ratis.thirdparty.io.grpc.StatusRuntimeException: UNAVAILABLE: io exception
	at org.apache.ratis.thirdparty.io.grpc.stub.ClientCalls.toStatusRuntimeException(ClientCalls.java:233)
	at org.apache.ratis.thirdparty.io.grpc.stub.ClientCalls.getUnchecked(ClientCalls.java:214)
	at org.apache.ratis.thirdparty.io.grpc.stub.ClientCalls.blockingUnaryCall(ClientCalls.java:139)
	at org.apache.ratis.proto.grpc.RaftServerProtocolServiceGrpc$RaftServerProtocolServiceBlockingStub.requestVote(RaftServerProtocolServiceGrpc.java:265)
	at org.apache.ratis.grpc.server.GrpcServerProtocolClient.requestVote(GrpcServerProtocolClient.java:99)
	at org.apache.ratis.grpc.server.GrpcService.requestVote(GrpcService.java:204)
	at org.apache.ratis.server.impl.LeaderElection.lambda$submitRequests$1(LeaderElection.java:234)
	at java.util.concurrent.FutureTask.run(FutureTask.java:266)
	at java.util.concurrent.Executors$RunnableAdapter.call(Executors.java:511)
	at java.util.concurrent.FutureTask.run(FutureTask.java:266)
	at java.util.concurrent.ThreadPoolExecutor.runWorker(ThreadPoolExecutor.java:1149)
	at java.util.concurrent.ThreadPoolExecutor$Worker.run(ThreadPoolExecutor.java:624)
	... 1 more
Caused by: org.apache.ratis.thirdparty.io.netty.channel.AbstractChannel$AnnotatedConnectException: Connection refused: /192.168.157.213:46612
	at sun.nio.ch.SocketChannelImpl.checkConnect(Native Method)
	at sun.nio.ch.SocketChannelImpl.finishConnect(SocketChannelImpl.java:717)
	at org.apache.ratis.thirdparty.io.netty.channel.socket.nio.NioSocketChannel.doFinishConnect(NioSocketChannel.java:327)
	at org.apache.ratis.thirdparty.io.netty.channel.nio.AbstractNioChannel$AbstractNioUnsafe.finishConnect(AbstractNioChannel.java:340)
	at org.apache.ratis.thirdparty.io.netty.channel.nio.NioEventLoop.processSelectedKey(NioEventLoop.java:632)
	at org.apache.ratis.thirdparty.io.netty.channel.nio.NioEventLoop.processSelectedKeysOptimized(NioEventLoop.java:579)
	at org.apache.ratis.thirdparty.io.netty.channel.nio.NioEventLoop.processSelectedKeys(NioEventLoop.java:496)
	at org.apache.ratis.thirdparty.io.netty.channel.nio.NioEventLoop.run(NioEventLoop.java:458)
	at org.apache.ratis.thirdparty.io.netty.util.concurrent.SingleThreadEventExecutor$5.run(SingleThreadEventExecutor.java:897)
	at org.apache.ratis.thirdparty.io.netty.util.concurrent.FastThreadLocalRunnable.run(FastThreadLocalRunnable.java:30)
	... 1 more
Caused by: java.net.ConnectException: Connection refused
	... 11 more
2019-10-19 01:05:03,213 [390d33c4-98c8-495f-9f34-63cdf16532b5@group-EFF8D6679E36-LeaderElection401] INFO  impl.RaftServerImpl (RaftServerImpl.java:setRole(184)) - 390d33c4-98c8-495f-9f34-63cdf16532b5@group-EFF8D6679E36: changes role from CANDIDATE to FOLLOWER at term 10 for DISCOVERED_A_NEW_TERM
2019-10-19 01:05:03,213 [390d33c4-98c8-495f-9f34-63cdf16532b5@group-EFF8D6679E36-LeaderElection401] INFO  impl.RoleInfo (RoleInfo.java:shutdownLeaderElection(134)) - 390d33c4-98c8-495f-9f34-63cdf16532b5: shutdown LeaderElection
2019-10-19 01:05:03,213 [390d33c4-98c8-495f-9f34-63cdf16532b5@group-EFF8D6679E36-LeaderElection401] INFO  impl.RoleInfo (RoleInfo.java:updateAndGet(143)) - 390d33c4-98c8-495f-9f34-63cdf16532b5: start FollowerState
2019-10-19 01:05:03,262 [Thread-2930] INFO  impl.FollowerState (FollowerState.java:run(108)) - a1c78c0e-869c-4f76-b4ce-2034448e0b80@group-D48B69A44692-FollowerState: change to CANDIDATE, lastRpcTime:176ms, electionTimeout:176ms
2019-10-19 01:05:03,262 [Thread-2930] INFO  impl.RoleInfo (RoleInfo.java:shutdownFollowerState(121)) - a1c78c0e-869c-4f76-b4ce-2034448e0b80: shutdown FollowerState
2019-10-19 01:05:03,262 [Thread-2930] INFO  impl.RaftServerImpl (RaftServerImpl.java:setRole(184)) - a1c78c0e-869c-4f76-b4ce-2034448e0b80@group-D48B69A44692: changes role from  FOLLOWER to CANDIDATE at term 291 for changeToCandidate
2019-10-19 01:05:03,263 [Thread-2930] INFO  impl.RoleInfo (RoleInfo.java:updateAndGet(143)) - a1c78c0e-869c-4f76-b4ce-2034448e0b80: start LeaderElection
2019-10-19 01:05:03,278 [a1c78c0e-869c-4f76-b4ce-2034448e0b80@group-D48B69A44692-LeaderElection402] INFO  impl.LeaderElection (LeaderElection.java:askForVotes(178)) - a1c78c0e-869c-4f76-b4ce-2034448e0b80@group-D48B69A44692-LeaderElection402: begin an election at term 292 for -1: [51276c3c-a3b8-4274-b089-592ff4589f41:192.168.157.213:36639, 64c90977-e867-487c-b50d-c226f2d34a76:192.168.157.213:37433, a1c78c0e-869c-4f76-b4ce-2034448e0b80:192.168.157.213:33501], old=null
2019-10-19 01:05:03,279 [a1c78c0e-869c-4f76-b4ce-2034448e0b80@group-D48B69A44692-LeaderElection402] INFO  impl.LeaderElection (LeaderElection.java:logAndReturn(56)) - a1c78c0e-869c-4f76-b4ce-2034448e0b80@group-D48B69A44692-LeaderElection402: Election TIMEOUT; received 0 response(s) [] and 0 exception(s); a1c78c0e-869c-4f76-b4ce-2034448e0b80@group-D48B69A44692:t292, leader=null, voted=a1c78c0e-869c-4f76-b4ce-2034448e0b80, raftlog=a1c78c0e-869c-4f76-b4ce-2034448e0b80@group-D48B69A44692-SegmentedRaftLog:OPENED:c-1,f-1,i0, conf=-1: [51276c3c-a3b8-4274-b089-592ff4589f41:192.168.157.213:36639, 64c90977-e867-487c-b50d-c226f2d34a76:192.168.157.213:37433, a1c78c0e-869c-4f76-b4ce-2034448e0b80:192.168.157.213:33501], old=null
2019-10-19 01:05:03,293 [a1c78c0e-869c-4f76-b4ce-2034448e0b80@group-D48B69A44692-LeaderElection402] INFO  impl.LeaderElection (LeaderElection.java:askForVotes(178)) - a1c78c0e-869c-4f76-b4ce-2034448e0b80@group-D48B69A44692-LeaderElection402: begin an election at term 293 for -1: [51276c3c-a3b8-4274-b089-592ff4589f41:192.168.157.213:36639, 64c90977-e867-487c-b50d-c226f2d34a76:192.168.157.213:37433, a1c78c0e-869c-4f76-b4ce-2034448e0b80:192.168.157.213:33501], old=null
2019-10-19 01:05:03,294 [a1c78c0e-869c-4f76-b4ce-2034448e0b80@group-D48B69A44692-LeaderElection402] INFO  impl.LeaderElection (LogUtils.java:infoOrTrace(149)) - a1c78c0e-869c-4f76-b4ce-2034448e0b80@group-D48B69A44692-LeaderElection402 got exception when requesting votes: {}
java.util.concurrent.ExecutionException: org.apache.ratis.thirdparty.io.grpc.StatusRuntimeException: UNAVAILABLE: io exception
	at java.util.concurrent.FutureTask.report(FutureTask.java:122)
	at java.util.concurrent.FutureTask.get(FutureTask.java:192)
	at org.apache.ratis.server.impl.LeaderElection.waitForResults(LeaderElection.java:259)
	at org.apache.ratis.server.impl.LeaderElection.askForVotes(LeaderElection.java:197)
	at org.apache.ratis.server.impl.LeaderElection.run(LeaderElection.java:133)
	at java.lang.Thread.run(Thread.java:748)
Caused by: org.apache.ratis.thirdparty.io.grpc.StatusRuntimeException: UNAVAILABLE: io exception
	at org.apache.ratis.thirdparty.io.grpc.stub.ClientCalls.toStatusRuntimeException(ClientCalls.java:233)
	at org.apache.ratis.thirdparty.io.grpc.stub.ClientCalls.getUnchecked(ClientCalls.java:214)
	at org.apache.ratis.thirdparty.io.grpc.stub.ClientCalls.blockingUnaryCall(ClientCalls.java:139)
	at org.apache.ratis.proto.grpc.RaftServerProtocolServiceGrpc$RaftServerProtocolServiceBlockingStub.requestVote(RaftServerProtocolServiceGrpc.java:265)
	at org.apache.ratis.grpc.server.GrpcServerProtocolClient.requestVote(GrpcServerProtocolClient.java:99)
	at org.apache.ratis.grpc.server.GrpcService.requestVote(GrpcService.java:204)
	at org.apache.ratis.server.impl.LeaderElection.lambda$submitRequests$1(LeaderElection.java:234)
	at java.util.concurrent.FutureTask.run(FutureTask.java:266)
	at java.util.concurrent.Executors$RunnableAdapter.call(Executors.java:511)
	at java.util.concurrent.FutureTask.run(FutureTask.java:266)
	at java.util.concurrent.ThreadPoolExecutor.runWorker(ThreadPoolExecutor.java:1149)
	at java.util.concurrent.ThreadPoolExecutor$Worker.run(ThreadPoolExecutor.java:624)
	... 1 more
Caused by: org.apache.ratis.thirdparty.io.netty.channel.AbstractChannel$AnnotatedConnectException: Connection refused: /192.168.157.213:36639
	at sun.nio.ch.SocketChannelImpl.checkConnect(Native Method)
	at sun.nio.ch.SocketChannelImpl.finishConnect(SocketChannelImpl.java:717)
	at org.apache.ratis.thirdparty.io.netty.channel.socket.nio.NioSocketChannel.doFinishConnect(NioSocketChannel.java:327)
	at org.apache.ratis.thirdparty.io.netty.channel.nio.AbstractNioChannel$AbstractNioUnsafe.finishConnect(AbstractNioChannel.java:340)
	at org.apache.ratis.thirdparty.io.netty.channel.nio.NioEventLoop.processSelectedKey(NioEventLoop.java:632)
	at org.apache.ratis.thirdparty.io.netty.channel.nio.NioEventLoop.processSelectedKeysOptimized(NioEventLoop.java:579)
	at org.apache.ratis.thirdparty.io.netty.channel.nio.NioEventLoop.processSelectedKeys(NioEventLoop.java:496)
	at org.apache.ratis.thirdparty.io.netty.channel.nio.NioEventLoop.run(NioEventLoop.java:458)
	at org.apache.ratis.thirdparty.io.netty.util.concurrent.SingleThreadEventExecutor$5.run(SingleThreadEventExecutor.java:897)
	at org.apache.ratis.thirdparty.io.netty.util.concurrent.FastThreadLocalRunnable.run(FastThreadLocalRunnable.java:30)
	... 1 more
Caused by: java.net.ConnectException: Connection refused
	... 11 more
2019-10-19 01:05:03,295 [a1c78c0e-869c-4f76-b4ce-2034448e0b80@group-D48B69A44692-LeaderElection402] INFO  impl.LeaderElection (LogUtils.java:infoOrTrace(149)) - a1c78c0e-869c-4f76-b4ce-2034448e0b80@group-D48B69A44692-LeaderElection402 got exception when requesting votes: {}
java.util.concurrent.ExecutionException: org.apache.ratis.thirdparty.io.grpc.StatusRuntimeException: UNAVAILABLE: io exception
	at java.util.concurrent.FutureTask.report(FutureTask.java:122)
	at java.util.concurrent.FutureTask.get(FutureTask.java:192)
	at org.apache.ratis.server.impl.LeaderElection.waitForResults(LeaderElection.java:259)
	at org.apache.ratis.server.impl.LeaderElection.askForVotes(LeaderElection.java:197)
	at org.apache.ratis.server.impl.LeaderElection.run(LeaderElection.java:133)
	at java.lang.Thread.run(Thread.java:748)
Caused by: org.apache.ratis.thirdparty.io.grpc.StatusRuntimeException: UNAVAILABLE: io exception
	at org.apache.ratis.thirdparty.io.grpc.stub.ClientCalls.toStatusRuntimeException(ClientCalls.java:233)
	at org.apache.ratis.thirdparty.io.grpc.stub.ClientCalls.getUnchecked(ClientCalls.java:214)
	at org.apache.ratis.thirdparty.io.grpc.stub.ClientCalls.blockingUnaryCall(ClientCalls.java:139)
	at org.apache.ratis.proto.grpc.RaftServerProtocolServiceGrpc$RaftServerProtocolServiceBlockingStub.requestVote(RaftServerProtocolServiceGrpc.java:265)
	at org.apache.ratis.grpc.server.GrpcServerProtocolClient.requestVote(GrpcServerProtocolClient.java:99)
	at org.apache.ratis.grpc.server.GrpcService.requestVote(GrpcService.java:204)
	at org.apache.ratis.server.impl.LeaderElection.lambda$submitRequests$1(LeaderElection.java:234)
	at java.util.concurrent.FutureTask.run(FutureTask.java:266)
	at java.util.concurrent.Executors$RunnableAdapter.call(Executors.java:511)
	at java.util.concurrent.FutureTask.run(FutureTask.java:266)
	at java.util.concurrent.ThreadPoolExecutor.runWorker(ThreadPoolExecutor.java:1149)
	at java.util.concurrent.ThreadPoolExecutor$Worker.run(ThreadPoolExecutor.java:624)
	... 1 more
Caused by: org.apache.ratis.thirdparty.io.netty.channel.AbstractChannel$AnnotatedConnectException: Connection refused: /192.168.157.213:37433
	at sun.nio.ch.SocketChannelImpl.checkConnect(Native Method)
	at sun.nio.ch.SocketChannelImpl.finishConnect(SocketChannelImpl.java:717)
	at org.apache.ratis.thirdparty.io.netty.channel.socket.nio.NioSocketChannel.doFinishConnect(NioSocketChannel.java:327)
	at org.apache.ratis.thirdparty.io.netty.channel.nio.AbstractNioChannel$AbstractNioUnsafe.finishConnect(AbstractNioChannel.java:340)
	at org.apache.ratis.thirdparty.io.netty.channel.nio.NioEventLoop.processSelectedKey(NioEventLoop.java:632)
	at org.apache.ratis.thirdparty.io.netty.channel.nio.NioEventLoop.processSelectedKeysOptimized(NioEventLoop.java:579)
	at org.apache.ratis.thirdparty.io.netty.channel.nio.NioEventLoop.processSelectedKeys(NioEventLoop.java:496)
	at org.apache.ratis.thirdparty.io.netty.channel.nio.NioEventLoop.run(NioEventLoop.java:458)
	at org.apache.ratis.thirdparty.io.netty.util.concurrent.SingleThreadEventExecutor$5.run(SingleThreadEventExecutor.java:897)
	at org.apache.ratis.thirdparty.io.netty.util.concurrent.FastThreadLocalRunnable.run(FastThreadLocalRunnable.java:30)
	... 1 more
Caused by: java.net.ConnectException: Connection refused
	... 11 more
2019-10-19 01:05:03,295 [a1c78c0e-869c-4f76-b4ce-2034448e0b80@group-D48B69A44692-LeaderElection402] INFO  impl.LeaderElection (LeaderElection.java:logAndReturn(56)) - a1c78c0e-869c-4f76-b4ce-2034448e0b80@group-D48B69A44692-LeaderElection402: Election REJECTED; received 0 response(s) [] and 2 exception(s); a1c78c0e-869c-4f76-b4ce-2034448e0b80@group-D48B69A44692:t293, leader=null, voted=a1c78c0e-869c-4f76-b4ce-2034448e0b80, raftlog=a1c78c0e-869c-4f76-b4ce-2034448e0b80@group-D48B69A44692-SegmentedRaftLog:OPENED:c-1,f-1,i0, conf=-1: [51276c3c-a3b8-4274-b089-592ff4589f41:192.168.157.213:36639, 64c90977-e867-487c-b50d-c226f2d34a76:192.168.157.213:37433, a1c78c0e-869c-4f76-b4ce-2034448e0b80:192.168.157.213:33501], old=null
2019-10-19 01:05:03,295 [a1c78c0e-869c-4f76-b4ce-2034448e0b80@group-D48B69A44692-LeaderElection402] INFO  impl.LeaderElection (LogUtils.java:infoOrTrace(149)) -   Exception 0: {}
java.util.concurrent.ExecutionException: org.apache.ratis.thirdparty.io.grpc.StatusRuntimeException: UNAVAILABLE: io exception
	at java.util.concurrent.FutureTask.report(FutureTask.java:122)
	at java.util.concurrent.FutureTask.get(FutureTask.java:192)
	at org.apache.ratis.server.impl.LeaderElection.waitForResults(LeaderElection.java:259)
	at org.apache.ratis.server.impl.LeaderElection.askForVotes(LeaderElection.java:197)
	at org.apache.ratis.server.impl.LeaderElection.run(LeaderElection.java:133)
	at java.lang.Thread.run(Thread.java:748)
Caused by: org.apache.ratis.thirdparty.io.grpc.StatusRuntimeException: UNAVAILABLE: io exception
	at org.apache.ratis.thirdparty.io.grpc.stub.ClientCalls.toStatusRuntimeException(ClientCalls.java:233)
	at org.apache.ratis.thirdparty.io.grpc.stub.ClientCalls.getUnchecked(ClientCalls.java:214)
	at org.apache.ratis.thirdparty.io.grpc.stub.ClientCalls.blockingUnaryCall(ClientCalls.java:139)
	at org.apache.ratis.proto.grpc.RaftServerProtocolServiceGrpc$RaftServerProtocolServiceBlockingStub.requestVote(RaftServerProtocolServiceGrpc.java:265)
	at org.apache.ratis.grpc.server.GrpcServerProtocolClient.requestVote(GrpcServerProtocolClient.java:99)
	at org.apache.ratis.grpc.server.GrpcService.requestVote(GrpcService.java:204)
	at org.apache.ratis.server.impl.LeaderElection.lambda$submitRequests$1(LeaderElection.java:234)
	at java.util.concurrent.FutureTask.run(FutureTask.java:266)
	at java.util.concurrent.Executors$RunnableAdapter.call(Executors.java:511)
	at java.util.concurrent.FutureTask.run(FutureTask.java:266)
	at java.util.concurrent.ThreadPoolExecutor.runWorker(ThreadPoolExecutor.java:1149)
	at java.util.concurrent.ThreadPoolExecutor$Worker.run(ThreadPoolExecutor.java:624)
	... 1 more
Caused by: org.apache.ratis.thirdparty.io.netty.channel.AbstractChannel$AnnotatedConnectException: Connection refused: /192.168.157.213:36639
	at sun.nio.ch.SocketChannelImpl.checkConnect(Native Method)
	at sun.nio.ch.SocketChannelImpl.finishConnect(SocketChannelImpl.java:717)
	at org.apache.ratis.thirdparty.io.netty.channel.socket.nio.NioSocketChannel.doFinishConnect(NioSocketChannel.java:327)
	at org.apache.ratis.thirdparty.io.netty.channel.nio.AbstractNioChannel$AbstractNioUnsafe.finishConnect(AbstractNioChannel.java:340)
	at org.apache.ratis.thirdparty.io.netty.channel.nio.NioEventLoop.processSelectedKey(NioEventLoop.java:632)
	at org.apache.ratis.thirdparty.io.netty.channel.nio.NioEventLoop.processSelectedKeysOptimized(NioEventLoop.java:579)
	at org.apache.ratis.thirdparty.io.netty.channel.nio.NioEventLoop.processSelectedKeys(NioEventLoop.java:496)
	at org.apache.ratis.thirdparty.io.netty.channel.nio.NioEventLoop.run(NioEventLoop.java:458)
	at org.apache.ratis.thirdparty.io.netty.util.concurrent.SingleThreadEventExecutor$5.run(SingleThreadEventExecutor.java:897)
	at org.apache.ratis.thirdparty.io.netty.util.concurrent.FastThreadLocalRunnable.run(FastThreadLocalRunnable.java:30)
	... 1 more
Caused by: java.net.ConnectException: Connection refused
	... 11 more
2019-10-19 01:05:03,295 [a1c78c0e-869c-4f76-b4ce-2034448e0b80@group-D48B69A44692-LeaderElection402] INFO  impl.LeaderElection (LogUtils.java:infoOrTrace(149)) -   Exception 1: {}
java.util.concurrent.ExecutionException: org.apache.ratis.thirdparty.io.grpc.StatusRuntimeException: UNAVAILABLE: io exception
	at java.util.concurrent.FutureTask.report(FutureTask.java:122)
	at java.util.concurrent.FutureTask.get(FutureTask.java:192)
	at org.apache.ratis.server.impl.LeaderElection.waitForResults(LeaderElection.java:259)
	at org.apache.ratis.server.impl.LeaderElection.askForVotes(LeaderElection.java:197)
	at org.apache.ratis.server.impl.LeaderElection.run(LeaderElection.java:133)
	at java.lang.Thread.run(Thread.java:748)
Caused by: org.apache.ratis.thirdparty.io.grpc.StatusRuntimeException: UNAVAILABLE: io exception
	at org.apache.ratis.thirdparty.io.grpc.stub.ClientCalls.toStatusRuntimeException(ClientCalls.java:233)
	at org.apache.ratis.thirdparty.io.grpc.stub.ClientCalls.getUnchecked(ClientCalls.java:214)
	at org.apache.ratis.thirdparty.io.grpc.stub.ClientCalls.blockingUnaryCall(ClientCalls.java:139)
	at org.apache.ratis.proto.grpc.RaftServerProtocolServiceGrpc$RaftServerProtocolServiceBlockingStub.requestVote(RaftServerProtocolServiceGrpc.java:265)
	at org.apache.ratis.grpc.server.GrpcServerProtocolClient.requestVote(GrpcServerProtocolClient.java:99)
	at org.apache.ratis.grpc.server.GrpcService.requestVote(GrpcService.java:204)
	at org.apache.ratis.server.impl.LeaderElection.lambda$submitRequests$1(LeaderElection.java:234)
	at java.util.concurrent.FutureTask.run(FutureTask.java:266)
	at java.util.concurrent.Executors$RunnableAdapter.call(Executors.java:511)
	at java.util.concurrent.FutureTask.run(FutureTask.java:266)
	at java.util.concurrent.ThreadPoolExecutor.runWorker(ThreadPoolExecutor.java:1149)
	at java.util.concurrent.ThreadPoolExecutor$Worker.run(ThreadPoolExecutor.java:624)
	... 1 more
Caused by: org.apache.ratis.thirdparty.io.netty.channel.AbstractChannel$AnnotatedConnectException: Connection refused: /192.168.157.213:37433
	at sun.nio.ch.SocketChannelImpl.checkConnect(Native Method)
	at sun.nio.ch.SocketChannelImpl.finishConnect(SocketChannelImpl.java:717)
	at org.apache.ratis.thirdparty.io.netty.channel.socket.nio.NioSocketChannel.doFinishConnect(NioSocketChannel.java:327)
	at org.apache.ratis.thirdparty.io.netty.channel.nio.AbstractNioChannel$AbstractNioUnsafe.finishConnect(AbstractNioChannel.java:340)
	at org.apache.ratis.thirdparty.io.netty.channel.nio.NioEventLoop.processSelectedKey(NioEventLoop.java:632)
	at org.apache.ratis.thirdparty.io.netty.channel.nio.NioEventLoop.processSelectedKeysOptimized(NioEventLoop.java:579)
	at org.apache.ratis.thirdparty.io.netty.channel.nio.NioEventLoop.processSelectedKeys(NioEventLoop.java:496)
	at org.apache.ratis.thirdparty.io.netty.channel.nio.NioEventLoop.run(NioEventLoop.java:458)
	at org.apache.ratis.thirdparty.io.netty.util.concurrent.SingleThreadEventExecutor$5.run(SingleThreadEventExecutor.java:897)
	at org.apache.ratis.thirdparty.io.netty.util.concurrent.FastThreadLocalRunnable.run(FastThreadLocalRunnable.java:30)
	... 1 more
Caused by: java.net.ConnectException: Connection refused
	... 11 more
2019-10-19 01:05:03,295 [a1c78c0e-869c-4f76-b4ce-2034448e0b80@group-D48B69A44692-LeaderElection402] INFO  impl.RaftServerImpl (RaftServerImpl.java:setRole(184)) - a1c78c0e-869c-4f76-b4ce-2034448e0b80@group-D48B69A44692: changes role from CANDIDATE to FOLLOWER at term 293 for DISCOVERED_A_NEW_TERM
2019-10-19 01:05:03,296 [a1c78c0e-869c-4f76-b4ce-2034448e0b80@group-D48B69A44692-LeaderElection402] INFO  impl.RoleInfo (RoleInfo.java:shutdownLeaderElection(134)) - a1c78c0e-869c-4f76-b4ce-2034448e0b80: shutdown LeaderElection
2019-10-19 01:05:03,296 [a1c78c0e-869c-4f76-b4ce-2034448e0b80@group-D48B69A44692-LeaderElection402] INFO  impl.RoleInfo (RoleInfo.java:updateAndGet(143)) - a1c78c0e-869c-4f76-b4ce-2034448e0b80: start FollowerState
2019-10-19 01:05:03,339 [Thread-2940] INFO  impl.FollowerState (FollowerState.java:run(108)) - a1c78c0e-869c-4f76-b4ce-2034448e0b80@group-D48B69A44692-FollowerState: change to CANDIDATE, lastRpcTime:43ms, electionTimeout:43ms
2019-10-19 01:05:03,339 [Thread-2940] INFO  impl.RoleInfo (RoleInfo.java:shutdownFollowerState(121)) - a1c78c0e-869c-4f76-b4ce-2034448e0b80: shutdown FollowerState
2019-10-19 01:05:03,339 [Thread-2940] INFO  impl.RaftServerImpl (RaftServerImpl.java:setRole(184)) - a1c78c0e-869c-4f76-b4ce-2034448e0b80@group-D48B69A44692: changes role from  FOLLOWER to CANDIDATE at term 293 for changeToCandidate
2019-10-19 01:05:03,339 [Thread-2940] INFO  impl.RoleInfo (RoleInfo.java:updateAndGet(143)) - a1c78c0e-869c-4f76-b4ce-2034448e0b80: start LeaderElection
2019-10-19 01:05:03,354 [a1c78c0e-869c-4f76-b4ce-2034448e0b80@group-D48B69A44692-LeaderElection403] INFO  impl.LeaderElection (LeaderElection.java:askForVotes(178)) - a1c78c0e-869c-4f76-b4ce-2034448e0b80@group-D48B69A44692-LeaderElection403: begin an election at term 294 for -1: [51276c3c-a3b8-4274-b089-592ff4589f41:192.168.157.213:36639, 64c90977-e867-487c-b50d-c226f2d34a76:192.168.157.213:37433, a1c78c0e-869c-4f76-b4ce-2034448e0b80:192.168.157.213:33501], old=null
2019-10-19 01:05:03,355 [a1c78c0e-869c-4f76-b4ce-2034448e0b80@group-D48B69A44692-LeaderElection403] INFO  impl.LeaderElection (LogUtils.java:infoOrTrace(149)) - a1c78c0e-869c-4f76-b4ce-2034448e0b80@group-D48B69A44692-LeaderElection403 got exception when requesting votes: {}
java.util.concurrent.ExecutionException: org.apache.ratis.thirdparty.io.grpc.StatusRuntimeException: UNAVAILABLE: io exception
	at java.util.concurrent.FutureTask.report(FutureTask.java:122)
	at java.util.concurrent.FutureTask.get(FutureTask.java:192)
	at org.apache.ratis.server.impl.LeaderElection.waitForResults(LeaderElection.java:259)
	at org.apache.ratis.server.impl.LeaderElection.askForVotes(LeaderElection.java:197)
	at org.apache.ratis.server.impl.LeaderElection.run(LeaderElection.java:133)
	at java.lang.Thread.run(Thread.java:748)
Caused by: org.apache.ratis.thirdparty.io.grpc.StatusRuntimeException: UNAVAILABLE: io exception
	at org.apache.ratis.thirdparty.io.grpc.stub.ClientCalls.toStatusRuntimeException(ClientCalls.java:233)
	at org.apache.ratis.thirdparty.io.grpc.stub.ClientCalls.getUnchecked(ClientCalls.java:214)
	at org.apache.ratis.thirdparty.io.grpc.stub.ClientCalls.blockingUnaryCall(ClientCalls.java:139)
	at org.apache.ratis.proto.grpc.RaftServerProtocolServiceGrpc$RaftServerProtocolServiceBlockingStub.requestVote(RaftServerProtocolServiceGrpc.java:265)
	at org.apache.ratis.grpc.server.GrpcServerProtocolClient.requestVote(GrpcServerProtocolClient.java:99)
	at org.apache.ratis.grpc.server.GrpcService.requestVote(GrpcService.java:204)
	at org.apache.ratis.server.impl.LeaderElection.lambda$submitRequests$1(LeaderElection.java:234)
	at java.util.concurrent.FutureTask.run(FutureTask.java:266)
	at java.util.concurrent.Executors$RunnableAdapter.call(Executors.java:511)
	at java.util.concurrent.FutureTask.run(FutureTask.java:266)
	at java.util.concurrent.ThreadPoolExecutor.runWorker(ThreadPoolExecutor.java:1149)
	at java.util.concurrent.ThreadPoolExecutor$Worker.run(ThreadPoolExecutor.java:624)
	... 1 more
Caused by: org.apache.ratis.thirdparty.io.netty.channel.AbstractChannel$AnnotatedConnectException: Connection refused: /192.168.157.213:36639
	at sun.nio.ch.SocketChannelImpl.checkConnect(Native Method)
	at sun.nio.ch.SocketChannelImpl.finishConnect(SocketChannelImpl.java:717)
	at org.apache.ratis.thirdparty.io.netty.channel.socket.nio.NioSocketChannel.doFinishConnect(NioSocketChannel.java:327)
	at org.apache.ratis.thirdparty.io.netty.channel.nio.AbstractNioChannel$AbstractNioUnsafe.finishConnect(AbstractNioChannel.java:340)
	at org.apache.ratis.thirdparty.io.netty.channel.nio.NioEventLoop.processSelectedKey(NioEventLoop.java:632)
	at org.apache.ratis.thirdparty.io.netty.channel.nio.NioEventLoop.processSelectedKeysOptimized(NioEventLoop.java:579)
	at org.apache.ratis.thirdparty.io.netty.channel.nio.NioEventLoop.processSelectedKeys(NioEventLoop.java:496)
	at org.apache.ratis.thirdparty.io.netty.channel.nio.NioEventLoop.run(NioEventLoop.java:458)
	at org.apache.ratis.thirdparty.io.netty.util.concurrent.SingleThreadEventExecutor$5.run(SingleThreadEventExecutor.java:897)
	at org.apache.ratis.thirdparty.io.netty.util.concurrent.FastThreadLocalRunnable.run(FastThreadLocalRunnable.java:30)
	... 1 more
Caused by: java.net.ConnectException: Connection refused
	... 11 more
2019-10-19 01:05:03,355 [a1c78c0e-869c-4f76-b4ce-2034448e0b80@group-D48B69A44692-LeaderElection403] INFO  impl.LeaderElection (LogUtils.java:infoOrTrace(149)) - a1c78c0e-869c-4f76-b4ce-2034448e0b80@group-D48B69A44692-LeaderElection403 got exception when requesting votes: {}
java.util.concurrent.ExecutionException: org.apache.ratis.thirdparty.io.grpc.StatusRuntimeException: UNAVAILABLE: io exception
	at java.util.concurrent.FutureTask.report(FutureTask.java:122)
	at java.util.concurrent.FutureTask.get(FutureTask.java:192)
	at org.apache.ratis.server.impl.LeaderElection.waitForResults(LeaderElection.java:259)
	at org.apache.ratis.server.impl.LeaderElection.askForVotes(LeaderElection.java:197)
	at org.apache.ratis.server.impl.LeaderElection.run(LeaderElection.java:133)
	at java.lang.Thread.run(Thread.java:748)
Caused by: org.apache.ratis.thirdparty.io.grpc.StatusRuntimeException: UNAVAILABLE: io exception
	at org.apache.ratis.thirdparty.io.grpc.stub.ClientCalls.toStatusRuntimeException(ClientCalls.java:233)
	at org.apache.ratis.thirdparty.io.grpc.stub.ClientCalls.getUnchecked(ClientCalls.java:214)
	at org.apache.ratis.thirdparty.io.grpc.stub.ClientCalls.blockingUnaryCall(ClientCalls.java:139)
	at org.apache.ratis.proto.grpc.RaftServerProtocolServiceGrpc$RaftServerProtocolServiceBlockingStub.requestVote(RaftServerProtocolServiceGrpc.java:265)
	at org.apache.ratis.grpc.server.GrpcServerProtocolClient.requestVote(GrpcServerProtocolClient.java:99)
	at org.apache.ratis.grpc.server.GrpcService.requestVote(GrpcService.java:204)
	at org.apache.ratis.server.impl.LeaderElection.lambda$submitRequests$1(LeaderElection.java:234)
	at java.util.concurrent.FutureTask.run(FutureTask.java:266)
	at java.util.concurrent.Executors$RunnableAdapter.call(Executors.java:511)
	at java.util.concurrent.FutureTask.run(FutureTask.java:266)
	at java.util.concurrent.ThreadPoolExecutor.runWorker(ThreadPoolExecutor.java:1149)
	at java.util.concurrent.ThreadPoolExecutor$Worker.run(ThreadPoolExecutor.java:624)
	... 1 more
Caused by: org.apache.ratis.thirdparty.io.netty.channel.AbstractChannel$AnnotatedConnectException: Connection refused: /192.168.157.213:37433
	at sun.nio.ch.SocketChannelImpl.checkConnect(Native Method)
	at sun.nio.ch.SocketChannelImpl.finishConnect(SocketChannelImpl.java:717)
	at org.apache.ratis.thirdparty.io.netty.channel.socket.nio.NioSocketChannel.doFinishConnect(NioSocketChannel.java:327)
	at org.apache.ratis.thirdparty.io.netty.channel.nio.AbstractNioChannel$AbstractNioUnsafe.finishConnect(AbstractNioChannel.java:340)
	at org.apache.ratis.thirdparty.io.netty.channel.nio.NioEventLoop.processSelectedKey(NioEventLoop.java:632)
	at org.apache.ratis.thirdparty.io.netty.channel.nio.NioEventLoop.processSelectedKeysOptimized(NioEventLoop.java:579)
	at org.apache.ratis.thirdparty.io.netty.channel.nio.NioEventLoop.processSelectedKeys(NioEventLoop.java:496)
	at org.apache.ratis.thirdparty.io.netty.channel.nio.NioEventLoop.run(NioEventLoop.java:458)
	at org.apache.ratis.thirdparty.io.netty.util.concurrent.SingleThreadEventExecutor$5.run(SingleThreadEventExecutor.java:897)
	at org.apache.ratis.thirdparty.io.netty.util.concurrent.FastThreadLocalRunnable.run(FastThreadLocalRunnable.java:30)
	... 1 more
Caused by: java.net.ConnectException: Connection refused
	... 11 more
2019-10-19 01:05:03,355 [a1c78c0e-869c-4f76-b4ce-2034448e0b80@group-D48B69A44692-LeaderElection403] INFO  impl.LeaderElection (LeaderElection.java:logAndReturn(56)) - a1c78c0e-869c-4f76-b4ce-2034448e0b80@group-D48B69A44692-LeaderElection403: Election REJECTED; received 0 response(s) [] and 2 exception(s); a1c78c0e-869c-4f76-b4ce-2034448e0b80@group-D48B69A44692:t294, leader=null, voted=a1c78c0e-869c-4f76-b4ce-2034448e0b80, raftlog=a1c78c0e-869c-4f76-b4ce-2034448e0b80@group-D48B69A44692-SegmentedRaftLog:OPENED:c-1,f-1,i0, conf=-1: [51276c3c-a3b8-4274-b089-592ff4589f41:192.168.157.213:36639, 64c90977-e867-487c-b50d-c226f2d34a76:192.168.157.213:37433, a1c78c0e-869c-4f76-b4ce-2034448e0b80:192.168.157.213:33501], old=null
2019-10-19 01:05:03,355 [a1c78c0e-869c-4f76-b4ce-2034448e0b80@group-D48B69A44692-LeaderElection403] INFO  impl.LeaderElection (LogUtils.java:infoOrTrace(149)) -   Exception 0: {}
java.util.concurrent.ExecutionException: org.apache.ratis.thirdparty.io.grpc.StatusRuntimeException: UNAVAILABLE: io exception
	at java.util.concurrent.FutureTask.report(FutureTask.java:122)
	at java.util.concurrent.FutureTask.get(FutureTask.java:192)
	at org.apache.ratis.server.impl.LeaderElection.waitForResults(LeaderElection.java:259)
	at org.apache.ratis.server.impl.LeaderElection.askForVotes(LeaderElection.java:197)
	at org.apache.ratis.server.impl.LeaderElection.run(LeaderElection.java:133)
	at java.lang.Thread.run(Thread.java:748)
Caused by: org.apache.ratis.thirdparty.io.grpc.StatusRuntimeException: UNAVAILABLE: io exception
	at org.apache.ratis.thirdparty.io.grpc.stub.ClientCalls.toStatusRuntimeException(ClientCalls.java:233)
	at org.apache.ratis.thirdparty.io.grpc.stub.ClientCalls.getUnchecked(ClientCalls.java:214)
	at org.apache.ratis.thirdparty.io.grpc.stub.ClientCalls.blockingUnaryCall(ClientCalls.java:139)
	at org.apache.ratis.proto.grpc.RaftServerProtocolServiceGrpc$RaftServerProtocolServiceBlockingStub.requestVote(RaftServerProtocolServiceGrpc.java:265)
	at org.apache.ratis.grpc.server.GrpcServerProtocolClient.requestVote(GrpcServerProtocolClient.java:99)
	at org.apache.ratis.grpc.server.GrpcService.requestVote(GrpcService.java:204)
	at org.apache.ratis.server.impl.LeaderElection.lambda$submitRequests$1(LeaderElection.java:234)
	at java.util.concurrent.FutureTask.run(FutureTask.java:266)
	at java.util.concurrent.Executors$RunnableAdapter.call(Executors.java:511)
	at java.util.concurrent.FutureTask.run(FutureTask.java:266)
	at java.util.concurrent.ThreadPoolExecutor.runWorker(ThreadPoolExecutor.java:1149)
	at java.util.concurrent.ThreadPoolExecutor$Worker.run(ThreadPoolExecutor.java:624)
	... 1 more
Caused by: org.apache.ratis.thirdparty.io.netty.channel.AbstractChannel$AnnotatedConnectException: Connection refused: /192.168.157.213:36639
	at sun.nio.ch.SocketChannelImpl.checkConnect(Native Method)
	at sun.nio.ch.SocketChannelImpl.finishConnect(SocketChannelImpl.java:717)
	at org.apache.ratis.thirdparty.io.netty.channel.socket.nio.NioSocketChannel.doFinishConnect(NioSocketChannel.java:327)
	at org.apache.ratis.thirdparty.io.netty.channel.nio.AbstractNioChannel$AbstractNioUnsafe.finishConnect(AbstractNioChannel.java:340)
	at org.apache.ratis.thirdparty.io.netty.channel.nio.NioEventLoop.processSelectedKey(NioEventLoop.java:632)
	at org.apache.ratis.thirdparty.io.netty.channel.nio.NioEventLoop.processSelectedKeysOptimized(NioEventLoop.java:579)
	at org.apache.ratis.thirdparty.io.netty.channel.nio.NioEventLoop.processSelectedKeys(NioEventLoop.java:496)
	at org.apache.ratis.thirdparty.io.netty.channel.nio.NioEventLoop.run(NioEventLoop.java:458)
	at org.apache.ratis.thirdparty.io.netty.util.concurrent.SingleThreadEventExecutor$5.run(SingleThreadEventExecutor.java:897)
	at org.apache.ratis.thirdparty.io.netty.util.concurrent.FastThreadLocalRunnable.run(FastThreadLocalRunnable.java:30)
	... 1 more
Caused by: java.net.ConnectException: Connection refused
	... 11 more
2019-10-19 01:05:03,356 [a1c78c0e-869c-4f76-b4ce-2034448e0b80@group-D48B69A44692-LeaderElection403] INFO  impl.LeaderElection (LogUtils.java:infoOrTrace(149)) -   Exception 1: {}
java.util.concurrent.ExecutionException: org.apache.ratis.thirdparty.io.grpc.StatusRuntimeException: UNAVAILABLE: io exception
	at java.util.concurrent.FutureTask.report(FutureTask.java:122)
	at java.util.concurrent.FutureTask.get(FutureTask.java:192)
	at org.apache.ratis.server.impl.LeaderElection.waitForResults(LeaderElection.java:259)
	at org.apache.ratis.server.impl.LeaderElection.askForVotes(LeaderElection.java:197)
	at org.apache.ratis.server.impl.LeaderElection.run(LeaderElection.java:133)
	at java.lang.Thread.run(Thread.java:748)
Caused by: org.apache.ratis.thirdparty.io.grpc.StatusRuntimeException: UNAVAILABLE: io exception
	at org.apache.ratis.thirdparty.io.grpc.stub.ClientCalls.toStatusRuntimeException(ClientCalls.java:233)
	at org.apache.ratis.thirdparty.io.grpc.stub.ClientCalls.getUnchecked(ClientCalls.java:214)
	at org.apache.ratis.thirdparty.io.grpc.stub.ClientCalls.blockingUnaryCall(ClientCalls.java:139)
	at org.apache.ratis.proto.grpc.RaftServerProtocolServiceGrpc$RaftServerProtocolServiceBlockingStub.requestVote(RaftServerProtocolServiceGrpc.java:265)
	at org.apache.ratis.grpc.server.GrpcServerProtocolClient.requestVote(GrpcServerProtocolClient.java:99)
	at org.apache.ratis.grpc.server.GrpcService.requestVote(GrpcService.java:204)
	at org.apache.ratis.server.impl.LeaderElection.lambda$submitRequests$1(LeaderElection.java:234)
	at java.util.concurrent.FutureTask.run(FutureTask.java:266)
	at java.util.concurrent.Executors$RunnableAdapter.call(Executors.java:511)
	at java.util.concurrent.FutureTask.run(FutureTask.java:266)
	at java.util.concurrent.ThreadPoolExecutor.runWorker(ThreadPoolExecutor.java:1149)
	at java.util.concurrent.ThreadPoolExecutor$Worker.run(ThreadPoolExecutor.java:624)
	... 1 more
Caused by: org.apache.ratis.thirdparty.io.netty.channel.AbstractChannel$AnnotatedConnectException: Connection refused: /192.168.157.213:37433
	at sun.nio.ch.SocketChannelImpl.checkConnect(Native Method)
	at sun.nio.ch.SocketChannelImpl.finishConnect(SocketChannelImpl.java:717)
	at org.apache.ratis.thirdparty.io.netty.channel.socket.nio.NioSocketChannel.doFinishConnect(NioSocketChannel.java:327)
	at org.apache.ratis.thirdparty.io.netty.channel.nio.AbstractNioChannel$AbstractNioUnsafe.finishConnect(AbstractNioChannel.java:340)
	at org.apache.ratis.thirdparty.io.netty.channel.nio.NioEventLoop.processSelectedKey(NioEventLoop.java:632)
	at org.apache.ratis.thirdparty.io.netty.channel.nio.NioEventLoop.processSelectedKeysOptimized(NioEventLoop.java:579)
	at org.apache.ratis.thirdparty.io.netty.channel.nio.NioEventLoop.processSelectedKeys(NioEventLoop.java:496)
	at org.apache.ratis.thirdparty.io.netty.channel.nio.NioEventLoop.run(NioEventLoop.java:458)
	at org.apache.ratis.thirdparty.io.netty.util.concurrent.SingleThreadEventExecutor$5.run(SingleThreadEventExecutor.java:897)
	at org.apache.ratis.thirdparty.io.netty.util.concurrent.FastThreadLocalRunnable.run(FastThreadLocalRunnable.java:30)
	... 1 more
Caused by: java.net.ConnectException: Connection refused
	... 11 more
2019-10-19 01:05:03,356 [a1c78c0e-869c-4f76-b4ce-2034448e0b80@group-D48B69A44692-LeaderElection403] INFO  impl.RaftServerImpl (RaftServerImpl.java:setRole(184)) - a1c78c0e-869c-4f76-b4ce-2034448e0b80@group-D48B69A44692: changes role from CANDIDATE to FOLLOWER at term 294 for DISCOVERED_A_NEW_TERM
2019-10-19 01:05:03,356 [a1c78c0e-869c-4f76-b4ce-2034448e0b80@group-D48B69A44692-LeaderElection403] INFO  impl.RoleInfo (RoleInfo.java:shutdownLeaderElection(134)) - a1c78c0e-869c-4f76-b4ce-2034448e0b80: shutdown LeaderElection
2019-10-19 01:05:03,356 [a1c78c0e-869c-4f76-b4ce-2034448e0b80@group-D48B69A44692-LeaderElection403] INFO  impl.RoleInfo (RoleInfo.java:updateAndGet(143)) - a1c78c0e-869c-4f76-b4ce-2034448e0b80: start FollowerState
2019-10-19 01:05:03,555 [Thread-2944] INFO  impl.FollowerState (FollowerState.java:run(108)) - a1c78c0e-869c-4f76-b4ce-2034448e0b80@group-D48B69A44692-FollowerState: change to CANDIDATE, lastRpcTime:198ms, electionTimeout:198ms
2019-10-19 01:05:03,555 [Thread-2944] INFO  impl.RoleInfo (RoleInfo.java:shutdownFollowerState(121)) - a1c78c0e-869c-4f76-b4ce-2034448e0b80: shutdown FollowerState
2019-10-19 01:05:03,555 [Thread-2944] INFO  impl.RaftServerImpl (RaftServerImpl.java:setRole(184)) - a1c78c0e-869c-4f76-b4ce-2034448e0b80@group-D48B69A44692: changes role from  FOLLOWER to CANDIDATE at term 294 for changeToCandidate
2019-10-19 01:05:03,555 [Thread-2944] INFO  impl.RoleInfo (RoleInfo.java:updateAndGet(143)) - a1c78c0e-869c-4f76-b4ce-2034448e0b80: start LeaderElection
2019-10-19 01:05:03,569 [a1c78c0e-869c-4f76-b4ce-2034448e0b80@group-D48B69A44692-LeaderElection404] INFO  impl.LeaderElection (LeaderElection.java:askForVotes(178)) - a1c78c0e-869c-4f76-b4ce-2034448e0b80@group-D48B69A44692-LeaderElection404: begin an election at term 295 for -1: [51276c3c-a3b8-4274-b089-592ff4589f41:192.168.157.213:36639, 64c90977-e867-487c-b50d-c226f2d34a76:192.168.157.213:37433, a1c78c0e-869c-4f76-b4ce-2034448e0b80:192.168.157.213:33501], old=null
2019-10-19 01:05:03,570 [a1c78c0e-869c-4f76-b4ce-2034448e0b80@group-D48B69A44692-LeaderElection404] INFO  impl.LeaderElection (LogUtils.java:infoOrTrace(149)) - a1c78c0e-869c-4f76-b4ce-2034448e0b80@group-D48B69A44692-LeaderElection404 got exception when requesting votes: {}
java.util.concurrent.ExecutionException: org.apache.ratis.thirdparty.io.grpc.StatusRuntimeException: UNAVAILABLE: io exception
	at java.util.concurrent.FutureTask.report(FutureTask.java:122)
	at java.util.concurrent.FutureTask.get(FutureTask.java:192)
	at org.apache.ratis.server.impl.LeaderElection.waitForResults(LeaderElection.java:259)
	at org.apache.ratis.server.impl.LeaderElection.askForVotes(LeaderElection.java:197)
	at org.apache.ratis.server.impl.LeaderElection.run(LeaderElection.java:133)
	at java.lang.Thread.run(Thread.java:748)
Caused by: org.apache.ratis.thirdparty.io.grpc.StatusRuntimeException: UNAVAILABLE: io exception
	at org.apache.ratis.thirdparty.io.grpc.stub.ClientCalls.toStatusRuntimeException(ClientCalls.java:233)
	at org.apache.ratis.thirdparty.io.grpc.stub.ClientCalls.getUnchecked(ClientCalls.java:214)
	at org.apache.ratis.thirdparty.io.grpc.stub.ClientCalls.blockingUnaryCall(ClientCalls.java:139)
	at org.apache.ratis.proto.grpc.RaftServerProtocolServiceGrpc$RaftServerProtocolServiceBlockingStub.requestVote(RaftServerProtocolServiceGrpc.java:265)
	at org.apache.ratis.grpc.server.GrpcServerProtocolClient.requestVote(GrpcServerProtocolClient.java:99)
	at org.apache.ratis.grpc.server.GrpcService.requestVote(GrpcService.java:204)
	at org.apache.ratis.server.impl.LeaderElection.lambda$submitRequests$1(LeaderElection.java:234)
	at java.util.concurrent.FutureTask.run(FutureTask.java:266)
	at java.util.concurrent.Executors$RunnableAdapter.call(Executors.java:511)
	at java.util.concurrent.FutureTask.run(FutureTask.java:266)
	at java.util.concurrent.ThreadPoolExecutor.runWorker(ThreadPoolExecutor.java:1149)
	at java.util.concurrent.ThreadPoolExecutor$Worker.run(ThreadPoolExecutor.java:624)
	... 1 more
Caused by: org.apache.ratis.thirdparty.io.netty.channel.AbstractChannel$AnnotatedConnectException: Connection refused: /192.168.157.213:36639
	at sun.nio.ch.SocketChannelImpl.checkConnect(Native Method)
	at sun.nio.ch.SocketChannelImpl.finishConnect(SocketChannelImpl.java:717)
	at org.apache.ratis.thirdparty.io.netty.channel.socket.nio.NioSocketChannel.doFinishConnect(NioSocketChannel.java:327)
	at org.apache.ratis.thirdparty.io.netty.channel.nio.AbstractNioChannel$AbstractNioUnsafe.finishConnect(AbstractNioChannel.java:340)
	at org.apache.ratis.thirdparty.io.netty.channel.nio.NioEventLoop.processSelectedKey(NioEventLoop.java:632)
	at org.apache.ratis.thirdparty.io.netty.channel.nio.NioEventLoop.processSelectedKeysOptimized(NioEventLoop.java:579)
	at org.apache.ratis.thirdparty.io.netty.channel.nio.NioEventLoop.processSelectedKeys(NioEventLoop.java:496)
	at org.apache.ratis.thirdparty.io.netty.channel.nio.NioEventLoop.run(NioEventLoop.java:458)
	at org.apache.ratis.thirdparty.io.netty.util.concurrent.SingleThreadEventExecutor$5.run(SingleThreadEventExecutor.java:897)
	at org.apache.ratis.thirdparty.io.netty.util.concurrent.FastThreadLocalRunnable.run(FastThreadLocalRunnable.java:30)
	... 1 more
Caused by: java.net.ConnectException: Connection refused
	... 11 more
2019-10-19 01:05:03,570 [a1c78c0e-869c-4f76-b4ce-2034448e0b80@group-D48B69A44692-LeaderElection404] INFO  impl.LeaderElection (LogUtils.java:infoOrTrace(149)) - a1c78c0e-869c-4f76-b4ce-2034448e0b80@group-D48B69A44692-LeaderElection404 got exception when requesting votes: {}
java.util.concurrent.ExecutionException: org.apache.ratis.thirdparty.io.grpc.StatusRuntimeException: UNAVAILABLE: io exception
	at java.util.concurrent.FutureTask.report(FutureTask.java:122)
	at java.util.concurrent.FutureTask.get(FutureTask.java:192)
	at org.apache.ratis.server.impl.LeaderElection.waitForResults(LeaderElection.java:259)
	at org.apache.ratis.server.impl.LeaderElection.askForVotes(LeaderElection.java:197)
	at org.apache.ratis.server.impl.LeaderElection.run(LeaderElection.java:133)
	at java.lang.Thread.run(Thread.java:748)
Caused by: org.apache.ratis.thirdparty.io.grpc.StatusRuntimeException: UNAVAILABLE: io exception
	at org.apache.ratis.thirdparty.io.grpc.stub.ClientCalls.toStatusRuntimeException(ClientCalls.java:233)
	at org.apache.ratis.thirdparty.io.grpc.stub.ClientCalls.getUnchecked(ClientCalls.java:214)
	at org.apache.ratis.thirdparty.io.grpc.stub.ClientCalls.blockingUnaryCall(ClientCalls.java:139)
	at org.apache.ratis.proto.grpc.RaftServerProtocolServiceGrpc$RaftServerProtocolServiceBlockingStub.requestVote(RaftServerProtocolServiceGrpc.java:265)
	at org.apache.ratis.grpc.server.GrpcServerProtocolClient.requestVote(GrpcServerProtocolClient.java:99)
	at org.apache.ratis.grpc.server.GrpcService.requestVote(GrpcService.java:204)
	at org.apache.ratis.server.impl.LeaderElection.lambda$submitRequests$1(LeaderElection.java:234)
	at java.util.concurrent.FutureTask.run(FutureTask.java:266)
	at java.util.concurrent.Executors$RunnableAdapter.call(Executors.java:511)
	at java.util.concurrent.FutureTask.run(FutureTask.java:266)
	at java.util.concurrent.ThreadPoolExecutor.runWorker(ThreadPoolExecutor.java:1149)
	at java.util.concurrent.ThreadPoolExecutor$Worker.run(ThreadPoolExecutor.java:624)
	... 1 more
Caused by: org.apache.ratis.thirdparty.io.netty.channel.AbstractChannel$AnnotatedConnectException: Connection refused: /192.168.157.213:37433
	at sun.nio.ch.SocketChannelImpl.checkConnect(Native Method)
	at sun.nio.ch.SocketChannelImpl.finishConnect(SocketChannelImpl.java:717)
	at org.apache.ratis.thirdparty.io.netty.channel.socket.nio.NioSocketChannel.doFinishConnect(NioSocketChannel.java:327)
	at org.apache.ratis.thirdparty.io.netty.channel.nio.AbstractNioChannel$AbstractNioUnsafe.finishConnect(AbstractNioChannel.java:340)
	at org.apache.ratis.thirdparty.io.netty.channel.nio.NioEventLoop.processSelectedKey(NioEventLoop.java:632)
	at org.apache.ratis.thirdparty.io.netty.channel.nio.NioEventLoop.processSelectedKeysOptimized(NioEventLoop.java:579)
	at org.apache.ratis.thirdparty.io.netty.channel.nio.NioEventLoop.processSelectedKeys(NioEventLoop.java:496)
	at org.apache.ratis.thirdparty.io.netty.channel.nio.NioEventLoop.run(NioEventLoop.java:458)
	at org.apache.ratis.thirdparty.io.netty.util.concurrent.SingleThreadEventExecutor$5.run(SingleThreadEventExecutor.java:897)
	at org.apache.ratis.thirdparty.io.netty.util.concurrent.FastThreadLocalRunnable.run(FastThreadLocalRunnable.java:30)
	... 1 more
Caused by: java.net.ConnectException: Connection refused
	... 11 more
2019-10-19 01:05:03,571 [a1c78c0e-869c-4f76-b4ce-2034448e0b80@group-D48B69A44692-LeaderElection404] INFO  impl.LeaderElection (LeaderElection.java:logAndReturn(56)) - a1c78c0e-869c-4f76-b4ce-2034448e0b80@group-D48B69A44692-LeaderElection404: Election REJECTED; received 0 response(s) [] and 2 exception(s); a1c78c0e-869c-4f76-b4ce-2034448e0b80@group-D48B69A44692:t295, leader=null, voted=a1c78c0e-869c-4f76-b4ce-2034448e0b80, raftlog=a1c78c0e-869c-4f76-b4ce-2034448e0b80@group-D48B69A44692-SegmentedRaftLog:OPENED:c-1,f-1,i0, conf=-1: [51276c3c-a3b8-4274-b089-592ff4589f41:192.168.157.213:36639, 64c90977-e867-487c-b50d-c226f2d34a76:192.168.157.213:37433, a1c78c0e-869c-4f76-b4ce-2034448e0b80:192.168.157.213:33501], old=null
2019-10-19 01:05:03,571 [a1c78c0e-869c-4f76-b4ce-2034448e0b80@group-D48B69A44692-LeaderElection404] INFO  impl.LeaderElection (LogUtils.java:infoOrTrace(149)) -   Exception 0: {}
java.util.concurrent.ExecutionException: org.apache.ratis.thirdparty.io.grpc.StatusRuntimeException: UNAVAILABLE: io exception
	at java.util.concurrent.FutureTask.report(FutureTask.java:122)
	at java.util.concurrent.FutureTask.get(FutureTask.java:192)
	at org.apache.ratis.server.impl.LeaderElection.waitForResults(LeaderElection.java:259)
	at org.apache.ratis.server.impl.LeaderElection.askForVotes(LeaderElection.java:197)
	at org.apache.ratis.server.impl.LeaderElection.run(LeaderElection.java:133)
	at java.lang.Thread.run(Thread.java:748)
Caused by: org.apache.ratis.thirdparty.io.grpc.StatusRuntimeException: UNAVAILABLE: io exception
	at org.apache.ratis.thirdparty.io.grpc.stub.ClientCalls.toStatusRuntimeException(ClientCalls.java:233)
	at org.apache.ratis.thirdparty.io.grpc.stub.ClientCalls.getUnchecked(ClientCalls.java:214)
	at org.apache.ratis.thirdparty.io.grpc.stub.ClientCalls.blockingUnaryCall(ClientCalls.java:139)
	at org.apache.ratis.proto.grpc.RaftServerProtocolServiceGrpc$RaftServerProtocolServiceBlockingStub.requestVote(RaftServerProtocolServiceGrpc.java:265)
	at org.apache.ratis.grpc.server.GrpcServerProtocolClient.requestVote(GrpcServerProtocolClient.java:99)
	at org.apache.ratis.grpc.server.GrpcService.requestVote(GrpcService.java:204)
	at org.apache.ratis.server.impl.LeaderElection.lambda$submitRequests$1(LeaderElection.java:234)
	at java.util.concurrent.FutureTask.run(FutureTask.java:266)
	at java.util.concurrent.Executors$RunnableAdapter.call(Executors.java:511)
	at java.util.concurrent.FutureTask.run(FutureTask.java:266)
	at java.util.concurrent.ThreadPoolExecutor.runWorker(ThreadPoolExecutor.java:1149)
	at java.util.concurrent.ThreadPoolExecutor$Worker.run(ThreadPoolExecutor.java:624)
	... 1 more
Caused by: org.apache.ratis.thirdparty.io.netty.channel.AbstractChannel$AnnotatedConnectException: Connection refused: /192.168.157.213:36639
	at sun.nio.ch.SocketChannelImpl.checkConnect(Native Method)
	at sun.nio.ch.SocketChannelImpl.finishConnect(SocketChannelImpl.java:717)
	at org.apache.ratis.thirdparty.io.netty.channel.socket.nio.NioSocketChannel.doFinishConnect(NioSocketChannel.java:327)
	at org.apache.ratis.thirdparty.io.netty.channel.nio.AbstractNioChannel$AbstractNioUnsafe.finishConnect(AbstractNioChannel.java:340)
	at org.apache.ratis.thirdparty.io.netty.channel.nio.NioEventLoop.processSelectedKey(NioEventLoop.java:632)
	at org.apache.ratis.thirdparty.io.netty.channel.nio.NioEventLoop.processSelectedKeysOptimized(NioEventLoop.java:579)
	at org.apache.ratis.thirdparty.io.netty.channel.nio.NioEventLoop.processSelectedKeys(NioEventLoop.java:496)
	at org.apache.ratis.thirdparty.io.netty.channel.nio.NioEventLoop.run(NioEventLoop.java:458)
	at org.apache.ratis.thirdparty.io.netty.util.concurrent.SingleThreadEventExecutor$5.run(SingleThreadEventExecutor.java:897)
	at org.apache.ratis.thirdparty.io.netty.util.concurrent.FastThreadLocalRunnable.run(FastThreadLocalRunnable.java:30)
	... 1 more
Caused by: java.net.ConnectException: Connection refused
	... 11 more
2019-10-19 01:05:03,571 [a1c78c0e-869c-4f76-b4ce-2034448e0b80@group-D48B69A44692-LeaderElection404] INFO  impl.LeaderElection (LogUtils.java:infoOrTrace(149)) -   Exception 1: {}
java.util.concurrent.ExecutionException: org.apache.ratis.thirdparty.io.grpc.StatusRuntimeException: UNAVAILABLE: io exception
	at java.util.concurrent.FutureTask.report(FutureTask.java:122)
	at java.util.concurrent.FutureTask.get(FutureTask.java:192)
	at org.apache.ratis.server.impl.LeaderElection.waitForResults(LeaderElection.java:259)
	at org.apache.ratis.server.impl.LeaderElection.askForVotes(LeaderElection.java:197)
	at org.apache.ratis.server.impl.LeaderElection.run(LeaderElection.java:133)
	at java.lang.Thread.run(Thread.java:748)
Caused by: org.apache.ratis.thirdparty.io.grpc.StatusRuntimeException: UNAVAILABLE: io exception
	at org.apache.ratis.thirdparty.io.grpc.stub.ClientCalls.toStatusRuntimeException(ClientCalls.java:233)
	at org.apache.ratis.thirdparty.io.grpc.stub.ClientCalls.getUnchecked(ClientCalls.java:214)
	at org.apache.ratis.thirdparty.io.grpc.stub.ClientCalls.blockingUnaryCall(ClientCalls.java:139)
	at org.apache.ratis.proto.grpc.RaftServerProtocolServiceGrpc$RaftServerProtocolServiceBlockingStub.requestVote(RaftServerProtocolServiceGrpc.java:265)
	at org.apache.ratis.grpc.server.GrpcServerProtocolClient.requestVote(GrpcServerProtocolClient.java:99)
	at org.apache.ratis.grpc.server.GrpcService.requestVote(GrpcService.java:204)
	at org.apache.ratis.server.impl.LeaderElection.lambda$submitRequests$1(LeaderElection.java:234)
	at java.util.concurrent.FutureTask.run(FutureTask.java:266)
	at java.util.concurrent.Executors$RunnableAdapter.call(Executors.java:511)
	at java.util.concurrent.FutureTask.run(FutureTask.java:266)
	at java.util.concurrent.ThreadPoolExecutor.runWorker(ThreadPoolExecutor.java:1149)
	at java.util.concurrent.ThreadPoolExecutor$Worker.run(ThreadPoolExecutor.java:624)
	... 1 more
Caused by: org.apache.ratis.thirdparty.io.netty.channel.AbstractChannel$AnnotatedConnectException: Connection refused: /192.168.157.213:37433
	at sun.nio.ch.SocketChannelImpl.checkConnect(Native Method)
	at sun.nio.ch.SocketChannelImpl.finishConnect(SocketChannelImpl.java:717)
	at org.apache.ratis.thirdparty.io.netty.channel.socket.nio.NioSocketChannel.doFinishConnect(NioSocketChannel.java:327)
	at org.apache.ratis.thirdparty.io.netty.channel.nio.AbstractNioChannel$AbstractNioUnsafe.finishConnect(AbstractNioChannel.java:340)
	at org.apache.ratis.thirdparty.io.netty.channel.nio.NioEventLoop.processSelectedKey(NioEventLoop.java:632)
	at org.apache.ratis.thirdparty.io.netty.channel.nio.NioEventLoop.processSelectedKeysOptimized(NioEventLoop.java:579)
	at org.apache.ratis.thirdparty.io.netty.channel.nio.NioEventLoop.processSelectedKeys(NioEventLoop.java:496)
	at org.apache.ratis.thirdparty.io.netty.channel.nio.NioEventLoop.run(NioEventLoop.java:458)
	at org.apache.ratis.thirdparty.io.netty.util.concurrent.SingleThreadEventExecutor$5.run(SingleThreadEventExecutor.java:897)
	at org.apache.ratis.thirdparty.io.netty.util.concurrent.FastThreadLocalRunnable.run(FastThreadLocalRunnable.java:30)
	... 1 more
Caused by: java.net.ConnectException: Connection refused
	... 11 more
2019-10-19 01:05:03,571 [a1c78c0e-869c-4f76-b4ce-2034448e0b80@group-D48B69A44692-LeaderElection404] INFO  impl.RaftServerImpl (RaftServerImpl.java:setRole(184)) - a1c78c0e-869c-4f76-b4ce-2034448e0b80@group-D48B69A44692: changes role from CANDIDATE to FOLLOWER at term 295 for DISCOVERED_A_NEW_TERM
2019-10-19 01:05:03,572 [a1c78c0e-869c-4f76-b4ce-2034448e0b80@group-D48B69A44692-LeaderElection404] INFO  impl.RoleInfo (RoleInfo.java:shutdownLeaderElection(134)) - a1c78c0e-869c-4f76-b4ce-2034448e0b80: shutdown LeaderElection
2019-10-19 01:05:03,572 [a1c78c0e-869c-4f76-b4ce-2034448e0b80@group-D48B69A44692-LeaderElection404] INFO  impl.RoleInfo (RoleInfo.java:updateAndGet(143)) - a1c78c0e-869c-4f76-b4ce-2034448e0b80: start FollowerState
2019-10-19 01:05:03,590 [Thread-2948] INFO  impl.FollowerState (FollowerState.java:run(108)) - a1c78c0e-869c-4f76-b4ce-2034448e0b80@group-D48B69A44692-FollowerState: change to CANDIDATE, lastRpcTime:18ms, electionTimeout:18ms
2019-10-19 01:05:03,590 [Thread-2948] INFO  impl.RoleInfo (RoleInfo.java:shutdownFollowerState(121)) - a1c78c0e-869c-4f76-b4ce-2034448e0b80: shutdown FollowerState
2019-10-19 01:05:03,590 [Thread-2948] INFO  impl.RaftServerImpl (RaftServerImpl.java:setRole(184)) - a1c78c0e-869c-4f76-b4ce-2034448e0b80@group-D48B69A44692: changes role from  FOLLOWER to CANDIDATE at term 295 for changeToCandidate
2019-10-19 01:05:03,590 [Thread-2948] INFO  impl.RoleInfo (RoleInfo.java:updateAndGet(143)) - a1c78c0e-869c-4f76-b4ce-2034448e0b80: start LeaderElection
2019-10-19 01:05:03,640 [a1c78c0e-869c-4f76-b4ce-2034448e0b80@group-D48B69A44692-LeaderElection405] INFO  impl.LeaderElection (LeaderElection.java:askForVotes(178)) - a1c78c0e-869c-4f76-b4ce-2034448e0b80@group-D48B69A44692-LeaderElection405: begin an election at term 296 for -1: [51276c3c-a3b8-4274-b089-592ff4589f41:192.168.157.213:36639, 64c90977-e867-487c-b50d-c226f2d34a76:192.168.157.213:37433, a1c78c0e-869c-4f76-b4ce-2034448e0b80:192.168.157.213:33501], old=null
2019-10-19 01:05:03,641 [a1c78c0e-869c-4f76-b4ce-2034448e0b80@group-D48B69A44692-LeaderElection405] INFO  impl.LeaderElection (LogUtils.java:infoOrTrace(149)) - a1c78c0e-869c-4f76-b4ce-2034448e0b80@group-D48B69A44692-LeaderElection405 got exception when requesting votes: {}
java.util.concurrent.ExecutionException: org.apache.ratis.thirdparty.io.grpc.StatusRuntimeException: UNAVAILABLE: io exception
	at java.util.concurrent.FutureTask.report(FutureTask.java:122)
	at java.util.concurrent.FutureTask.get(FutureTask.java:192)
	at org.apache.ratis.server.impl.LeaderElection.waitForResults(LeaderElection.java:259)
	at org.apache.ratis.server.impl.LeaderElection.askForVotes(LeaderElection.java:197)
	at org.apache.ratis.server.impl.LeaderElection.run(LeaderElection.java:133)
	at java.lang.Thread.run(Thread.java:748)
Caused by: org.apache.ratis.thirdparty.io.grpc.StatusRuntimeException: UNAVAILABLE: io exception
	at org.apache.ratis.thirdparty.io.grpc.stub.ClientCalls.toStatusRuntimeException(ClientCalls.java:233)
	at org.apache.ratis.thirdparty.io.grpc.stub.ClientCalls.getUnchecked(ClientCalls.java:214)
	at org.apache.ratis.thirdparty.io.grpc.stub.ClientCalls.blockingUnaryCall(ClientCalls.java:139)
	at org.apache.ratis.proto.grpc.RaftServerProtocolServiceGrpc$RaftServerProtocolServiceBlockingStub.requestVote(RaftServerProtocolServiceGrpc.java:265)
	at org.apache.ratis.grpc.server.GrpcServerProtocolClient.requestVote(GrpcServerProtocolClient.java:99)
	at org.apache.ratis.grpc.server.GrpcService.requestVote(GrpcService.java:204)
	at org.apache.ratis.server.impl.LeaderElection.lambda$submitRequests$1(LeaderElection.java:234)
	at java.util.concurrent.FutureTask.run(FutureTask.java:266)
	at java.util.concurrent.Executors$RunnableAdapter.call(Executors.java:511)
	at java.util.concurrent.FutureTask.run(FutureTask.java:266)
	at java.util.concurrent.ThreadPoolExecutor.runWorker(ThreadPoolExecutor.java:1149)
	at java.util.concurrent.ThreadPoolExecutor$Worker.run(ThreadPoolExecutor.java:624)
	... 1 more
Caused by: org.apache.ratis.thirdparty.io.netty.channel.AbstractChannel$AnnotatedConnectException: Connection refused: /192.168.157.213:36639
	at sun.nio.ch.SocketChannelImpl.checkConnect(Native Method)
	at sun.nio.ch.SocketChannelImpl.finishConnect(SocketChannelImpl.java:717)
	at org.apache.ratis.thirdparty.io.netty.channel.socket.nio.NioSocketChannel.doFinishConnect(NioSocketChannel.java:327)
	at org.apache.ratis.thirdparty.io.netty.channel.nio.AbstractNioChannel$AbstractNioUnsafe.finishConnect(AbstractNioChannel.java:340)
	at org.apache.ratis.thirdparty.io.netty.channel.nio.NioEventLoop.processSelectedKey(NioEventLoop.java:632)
	at org.apache.ratis.thirdparty.io.netty.channel.nio.NioEventLoop.processSelectedKeysOptimized(NioEventLoop.java:579)
	at org.apache.ratis.thirdparty.io.netty.channel.nio.NioEventLoop.processSelectedKeys(NioEventLoop.java:496)
	at org.apache.ratis.thirdparty.io.netty.channel.nio.NioEventLoop.run(NioEventLoop.java:458)
	at org.apache.ratis.thirdparty.io.netty.util.concurrent.SingleThreadEventExecutor$5.run(SingleThreadEventExecutor.java:897)
	at org.apache.ratis.thirdparty.io.netty.util.concurrent.FastThreadLocalRunnable.run(FastThreadLocalRunnable.java:30)
	... 1 more
Caused by: java.net.ConnectException: Connection refused
	... 11 more
2019-10-19 01:05:03,642 [a1c78c0e-869c-4f76-b4ce-2034448e0b80@group-D48B69A44692-LeaderElection405] INFO  impl.LeaderElection (LogUtils.java:infoOrTrace(149)) - a1c78c0e-869c-4f76-b4ce-2034448e0b80@group-D48B69A44692-LeaderElection405 got exception when requesting votes: {}
java.util.concurrent.ExecutionException: org.apache.ratis.thirdparty.io.grpc.StatusRuntimeException: UNAVAILABLE: io exception
	at java.util.concurrent.FutureTask.report(FutureTask.java:122)
	at java.util.concurrent.FutureTask.get(FutureTask.java:192)
	at org.apache.ratis.server.impl.LeaderElection.waitForResults(LeaderElection.java:259)
	at org.apache.ratis.server.impl.LeaderElection.askForVotes(LeaderElection.java:197)
	at org.apache.ratis.server.impl.LeaderElection.run(LeaderElection.java:133)
	at java.lang.Thread.run(Thread.java:748)
Caused by: org.apache.ratis.thirdparty.io.grpc.StatusRuntimeException: UNAVAILABLE: io exception
	at org.apache.ratis.thirdparty.io.grpc.stub.ClientCalls.toStatusRuntimeException(ClientCalls.java:233)
	at org.apache.ratis.thirdparty.io.grpc.stub.ClientCalls.getUnchecked(ClientCalls.java:214)
	at org.apache.ratis.thirdparty.io.grpc.stub.ClientCalls.blockingUnaryCall(ClientCalls.java:139)
	at org.apache.ratis.proto.grpc.RaftServerProtocolServiceGrpc$RaftServerProtocolServiceBlockingStub.requestVote(RaftServerProtocolServiceGrpc.java:265)
	at org.apache.ratis.grpc.server.GrpcServerProtocolClient.requestVote(GrpcServerProtocolClient.java:99)
	at org.apache.ratis.grpc.server.GrpcService.requestVote(GrpcService.java:204)
	at org.apache.ratis.server.impl.LeaderElection.lambda$submitRequests$1(LeaderElection.java:234)
	at java.util.concurrent.FutureTask.run(FutureTask.java:266)
	at java.util.concurrent.Executors$RunnableAdapter.call(Executors.java:511)
	at java.util.concurrent.FutureTask.run(FutureTask.java:266)
	at java.util.concurrent.ThreadPoolExecutor.runWorker(ThreadPoolExecutor.java:1149)
	at java.util.concurrent.ThreadPoolExecutor$Worker.run(ThreadPoolExecutor.java:624)
	... 1 more
Caused by: org.apache.ratis.thirdparty.io.netty.channel.AbstractChannel$AnnotatedConnectException: Connection refused: /192.168.157.213:37433
	at sun.nio.ch.SocketChannelImpl.checkConnect(Native Method)
	at sun.nio.ch.SocketChannelImpl.finishConnect(SocketChannelImpl.java:717)
	at org.apache.ratis.thirdparty.io.netty.channel.socket.nio.NioSocketChannel.doFinishConnect(NioSocketChannel.java:327)
	at org.apache.ratis.thirdparty.io.netty.channel.nio.AbstractNioChannel$AbstractNioUnsafe.finishConnect(AbstractNioChannel.java:340)
	at org.apache.ratis.thirdparty.io.netty.channel.nio.NioEventLoop.processSelectedKey(NioEventLoop.java:632)
	at org.apache.ratis.thirdparty.io.netty.channel.nio.NioEventLoop.processSelectedKeysOptimized(NioEventLoop.java:579)
	at org.apache.ratis.thirdparty.io.netty.channel.nio.NioEventLoop.processSelectedKeys(NioEventLoop.java:496)
	at org.apache.ratis.thirdparty.io.netty.channel.nio.NioEventLoop.run(NioEventLoop.java:458)
	at org.apache.ratis.thirdparty.io.netty.util.concurrent.SingleThreadEventExecutor$5.run(SingleThreadEventExecutor.java:897)
	at org.apache.ratis.thirdparty.io.netty.util.concurrent.FastThreadLocalRunnable.run(FastThreadLocalRunnable.java:30)
	... 1 more
Caused by: java.net.ConnectException: Connection refused
	... 11 more
2019-10-19 01:05:03,642 [a1c78c0e-869c-4f76-b4ce-2034448e0b80@group-D48B69A44692-LeaderElection405] INFO  impl.LeaderElection (LeaderElection.java:logAndReturn(56)) - a1c78c0e-869c-4f76-b4ce-2034448e0b80@group-D48B69A44692-LeaderElection405: Election REJECTED; received 0 response(s) [] and 2 exception(s); a1c78c0e-869c-4f76-b4ce-2034448e0b80@group-D48B69A44692:t296, leader=null, voted=a1c78c0e-869c-4f76-b4ce-2034448e0b80, raftlog=a1c78c0e-869c-4f76-b4ce-2034448e0b80@group-D48B69A44692-SegmentedRaftLog:OPENED:c-1,f-1,i0, conf=-1: [51276c3c-a3b8-4274-b089-592ff4589f41:192.168.157.213:36639, 64c90977-e867-487c-b50d-c226f2d34a76:192.168.157.213:37433, a1c78c0e-869c-4f76-b4ce-2034448e0b80:192.168.157.213:33501], old=null
2019-10-19 01:05:03,642 [a1c78c0e-869c-4f76-b4ce-2034448e0b80@group-D48B69A44692-LeaderElection405] INFO  impl.LeaderElection (LogUtils.java:infoOrTrace(149)) -   Exception 0: {}
java.util.concurrent.ExecutionException: org.apache.ratis.thirdparty.io.grpc.StatusRuntimeException: UNAVAILABLE: io exception
	at java.util.concurrent.FutureTask.report(FutureTask.java:122)
	at java.util.concurrent.FutureTask.get(FutureTask.java:192)
	at org.apache.ratis.server.impl.LeaderElection.waitForResults(LeaderElection.java:259)
	at org.apache.ratis.server.impl.LeaderElection.askForVotes(LeaderElection.java:197)
	at org.apache.ratis.server.impl.LeaderElection.run(LeaderElection.java:133)
	at java.lang.Thread.run(Thread.java:748)
Caused by: org.apache.ratis.thirdparty.io.grpc.StatusRuntimeException: UNAVAILABLE: io exception
	at org.apache.ratis.thirdparty.io.grpc.stub.ClientCalls.toStatusRuntimeException(ClientCalls.java:233)
	at org.apache.ratis.thirdparty.io.grpc.stub.ClientCalls.getUnchecked(ClientCalls.java:214)
	at org.apache.ratis.thirdparty.io.grpc.stub.ClientCalls.blockingUnaryCall(ClientCalls.java:139)
	at org.apache.ratis.proto.grpc.RaftServerProtocolServiceGrpc$RaftServerProtocolServiceBlockingStub.requestVote(RaftServerProtocolServiceGrpc.java:265)
	at org.apache.ratis.grpc.server.GrpcServerProtocolClient.requestVote(GrpcServerProtocolClient.java:99)
	at org.apache.ratis.grpc.server.GrpcService.requestVote(GrpcService.java:204)
	at org.apache.ratis.server.impl.LeaderElection.lambda$submitRequests$1(LeaderElection.java:234)
	at java.util.concurrent.FutureTask.run(FutureTask.java:266)
	at java.util.concurrent.Executors$RunnableAdapter.call(Executors.java:511)
	at java.util.concurrent.FutureTask.run(FutureTask.java:266)
	at java.util.concurrent.ThreadPoolExecutor.runWorker(ThreadPoolExecutor.java:1149)
	at java.util.concurrent.ThreadPoolExecutor$Worker.run(ThreadPoolExecutor.java:624)
	... 1 more
Caused by: org.apache.ratis.thirdparty.io.netty.channel.AbstractChannel$AnnotatedConnectException: Connection refused: /192.168.157.213:36639
	at sun.nio.ch.SocketChannelImpl.checkConnect(Native Method)
	at sun.nio.ch.SocketChannelImpl.finishConnect(SocketChannelImpl.java:717)
	at org.apache.ratis.thirdparty.io.netty.channel.socket.nio.NioSocketChannel.doFinishConnect(NioSocketChannel.java:327)
	at org.apache.ratis.thirdparty.io.netty.channel.nio.AbstractNioChannel$AbstractNioUnsafe.finishConnect(AbstractNioChannel.java:340)
	at org.apache.ratis.thirdparty.io.netty.channel.nio.NioEventLoop.processSelectedKey(NioEventLoop.java:632)
	at org.apache.ratis.thirdparty.io.netty.channel.nio.NioEventLoop.processSelectedKeysOptimized(NioEventLoop.java:579)
	at org.apache.ratis.thirdparty.io.netty.channel.nio.NioEventLoop.processSelectedKeys(NioEventLoop.java:496)
	at org.apache.ratis.thirdparty.io.netty.channel.nio.NioEventLoop.run(NioEventLoop.java:458)
	at org.apache.ratis.thirdparty.io.netty.util.concurrent.SingleThreadEventExecutor$5.run(SingleThreadEventExecutor.java:897)
	at org.apache.ratis.thirdparty.io.netty.util.concurrent.FastThreadLocalRunnable.run(FastThreadLocalRunnable.java:30)
	... 1 more
Caused by: java.net.ConnectException: Connection refused
	... 11 more
2019-10-19 01:05:03,642 [a1c78c0e-869c-4f76-b4ce-2034448e0b80@group-D48B69A44692-LeaderElection405] INFO  impl.LeaderElection (LogUtils.java:infoOrTrace(149)) -   Exception 1: {}
java.util.concurrent.ExecutionException: org.apache.ratis.thirdparty.io.grpc.StatusRuntimeException: UNAVAILABLE: io exception
	at java.util.concurrent.FutureTask.report(FutureTask.java:122)
	at java.util.concurrent.FutureTask.get(FutureTask.java:192)
	at org.apache.ratis.server.impl.LeaderElection.waitForResults(LeaderElection.java:259)
	at org.apache.ratis.server.impl.LeaderElection.askForVotes(LeaderElection.java:197)
	at org.apache.ratis.server.impl.LeaderElection.run(LeaderElection.java:133)
	at java.lang.Thread.run(Thread.java:748)
Caused by: org.apache.ratis.thirdparty.io.grpc.StatusRuntimeException: UNAVAILABLE: io exception
	at org.apache.ratis.thirdparty.io.grpc.stub.ClientCalls.toStatusRuntimeException(ClientCalls.java:233)
	at org.apache.ratis.thirdparty.io.grpc.stub.ClientCalls.getUnchecked(ClientCalls.java:214)
	at org.apache.ratis.thirdparty.io.grpc.stub.ClientCalls.blockingUnaryCall(ClientCalls.java:139)
	at org.apache.ratis.proto.grpc.RaftServerProtocolServiceGrpc$RaftServerProtocolServiceBlockingStub.requestVote(RaftServerProtocolServiceGrpc.java:265)
	at org.apache.ratis.grpc.server.GrpcServerProtocolClient.requestVote(GrpcServerProtocolClient.java:99)
	at org.apache.ratis.grpc.server.GrpcService.requestVote(GrpcService.java:204)
	at org.apache.ratis.server.impl.LeaderElection.lambda$submitRequests$1(LeaderElection.java:234)
	at java.util.concurrent.FutureTask.run(FutureTask.java:266)
	at java.util.concurrent.Executors$RunnableAdapter.call(Executors.java:511)
	at java.util.concurrent.FutureTask.run(FutureTask.java:266)
	at java.util.concurrent.ThreadPoolExecutor.runWorker(ThreadPoolExecutor.java:1149)
	at java.util.concurrent.ThreadPoolExecutor$Worker.run(ThreadPoolExecutor.java:624)
	... 1 more
Caused by: org.apache.ratis.thirdparty.io.netty.channel.AbstractChannel$AnnotatedConnectException: Connection refused: /192.168.157.213:37433
	at sun.nio.ch.SocketChannelImpl.checkConnect(Native Method)
	at sun.nio.ch.SocketChannelImpl.finishConnect(SocketChannelImpl.java:717)
	at org.apache.ratis.thirdparty.io.netty.channel.socket.nio.NioSocketChannel.doFinishConnect(NioSocketChannel.java:327)
	at org.apache.ratis.thirdparty.io.netty.channel.nio.AbstractNioChannel$AbstractNioUnsafe.finishConnect(AbstractNioChannel.java:340)
	at org.apache.ratis.thirdparty.io.netty.channel.nio.NioEventLoop.processSelectedKey(NioEventLoop.java:632)
	at org.apache.ratis.thirdparty.io.netty.channel.nio.NioEventLoop.processSelectedKeysOptimized(NioEventLoop.java:579)
	at org.apache.ratis.thirdparty.io.netty.channel.nio.NioEventLoop.processSelectedKeys(NioEventLoop.java:496)
	at org.apache.ratis.thirdparty.io.netty.channel.nio.NioEventLoop.run(NioEventLoop.java:458)
	at org.apache.ratis.thirdparty.io.netty.util.concurrent.SingleThreadEventExecutor$5.run(SingleThreadEventExecutor.java:897)
	at org.apache.ratis.thirdparty.io.netty.util.concurrent.FastThreadLocalRunnable.run(FastThreadLocalRunnable.java:30)
	... 1 more
Caused by: java.net.ConnectException: Connection refused
	... 11 more
2019-10-19 01:05:03,643 [a1c78c0e-869c-4f76-b4ce-2034448e0b80@group-D48B69A44692-LeaderElection405] INFO  impl.RaftServerImpl (RaftServerImpl.java:setRole(184)) - a1c78c0e-869c-4f76-b4ce-2034448e0b80@group-D48B69A44692: changes role from CANDIDATE to FOLLOWER at term 296 for DISCOVERED_A_NEW_TERM
2019-10-19 01:05:03,643 [a1c78c0e-869c-4f76-b4ce-2034448e0b80@group-D48B69A44692-LeaderElection405] INFO  impl.RoleInfo (RoleInfo.java:shutdownLeaderElection(134)) - a1c78c0e-869c-4f76-b4ce-2034448e0b80: shutdown LeaderElection
2019-10-19 01:05:03,643 [a1c78c0e-869c-4f76-b4ce-2034448e0b80@group-D48B69A44692-LeaderElection405] INFO  impl.RoleInfo (RoleInfo.java:updateAndGet(143)) - a1c78c0e-869c-4f76-b4ce-2034448e0b80: start FollowerState
2019-10-19 01:05:03,838 [Thread-2952] INFO  impl.FollowerState (FollowerState.java:run(108)) - a1c78c0e-869c-4f76-b4ce-2034448e0b80@group-D48B69A44692-FollowerState: change to CANDIDATE, lastRpcTime:194ms, electionTimeout:194ms
2019-10-19 01:05:03,838 [Thread-2952] INFO  impl.RoleInfo (RoleInfo.java:shutdownFollowerState(121)) - a1c78c0e-869c-4f76-b4ce-2034448e0b80: shutdown FollowerState
2019-10-19 01:05:03,838 [Thread-2952] INFO  impl.RaftServerImpl (RaftServerImpl.java:setRole(184)) - a1c78c0e-869c-4f76-b4ce-2034448e0b80@group-D48B69A44692: changes role from  FOLLOWER to CANDIDATE at term 296 for changeToCandidate
2019-10-19 01:05:03,838 [Thread-2952] INFO  impl.RoleInfo (RoleInfo.java:updateAndGet(143)) - a1c78c0e-869c-4f76-b4ce-2034448e0b80: start LeaderElection
2019-10-19 01:05:03,864 [a1c78c0e-869c-4f76-b4ce-2034448e0b80@group-D48B69A44692-LeaderElection406] INFO  impl.LeaderElection (LeaderElection.java:askForVotes(178)) - a1c78c0e-869c-4f76-b4ce-2034448e0b80@group-D48B69A44692-LeaderElection406: begin an election at term 297 for -1: [51276c3c-a3b8-4274-b089-592ff4589f41:192.168.157.213:36639, 64c90977-e867-487c-b50d-c226f2d34a76:192.168.157.213:37433, a1c78c0e-869c-4f76-b4ce-2034448e0b80:192.168.157.213:33501], old=null
2019-10-19 01:05:03,865 [a1c78c0e-869c-4f76-b4ce-2034448e0b80@group-D48B69A44692-LeaderElection406] INFO  impl.LeaderElection (LogUtils.java:infoOrTrace(149)) - a1c78c0e-869c-4f76-b4ce-2034448e0b80@group-D48B69A44692-LeaderElection406 got exception when requesting votes: {}
java.util.concurrent.ExecutionException: org.apache.ratis.thirdparty.io.grpc.StatusRuntimeException: UNAVAILABLE: io exception
	at java.util.concurrent.FutureTask.report(FutureTask.java:122)
	at java.util.concurrent.FutureTask.get(FutureTask.java:192)
	at org.apache.ratis.server.impl.LeaderElection.waitForResults(LeaderElection.java:259)
	at org.apache.ratis.server.impl.LeaderElection.askForVotes(LeaderElection.java:197)
	at org.apache.ratis.server.impl.LeaderElection.run(LeaderElection.java:133)
	at java.lang.Thread.run(Thread.java:748)
Caused by: org.apache.ratis.thirdparty.io.grpc.StatusRuntimeException: UNAVAILABLE: io exception
	at org.apache.ratis.thirdparty.io.grpc.stub.ClientCalls.toStatusRuntimeException(ClientCalls.java:233)
	at org.apache.ratis.thirdparty.io.grpc.stub.ClientCalls.getUnchecked(ClientCalls.java:214)
	at org.apache.ratis.thirdparty.io.grpc.stub.ClientCalls.blockingUnaryCall(ClientCalls.java:139)
	at org.apache.ratis.proto.grpc.RaftServerProtocolServiceGrpc$RaftServerProtocolServiceBlockingStub.requestVote(RaftServerProtocolServiceGrpc.java:265)
	at org.apache.ratis.grpc.server.GrpcServerProtocolClient.requestVote(GrpcServerProtocolClient.java:99)
	at org.apache.ratis.grpc.server.GrpcService.requestVote(GrpcService.java:204)
	at org.apache.ratis.server.impl.LeaderElection.lambda$submitRequests$1(LeaderElection.java:234)
	at java.util.concurrent.FutureTask.run(FutureTask.java:266)
	at java.util.concurrent.Executors$RunnableAdapter.call(Executors.java:511)
	at java.util.concurrent.FutureTask.run(FutureTask.java:266)
	at java.util.concurrent.ThreadPoolExecutor.runWorker(ThreadPoolExecutor.java:1149)
	at java.util.concurrent.ThreadPoolExecutor$Worker.run(ThreadPoolExecutor.java:624)
	... 1 more
Caused by: org.apache.ratis.thirdparty.io.netty.channel.AbstractChannel$AnnotatedConnectException: Connection refused: /192.168.157.213:36639
	at sun.nio.ch.SocketChannelImpl.checkConnect(Native Method)
	at sun.nio.ch.SocketChannelImpl.finishConnect(SocketChannelImpl.java:717)
	at org.apache.ratis.thirdparty.io.netty.channel.socket.nio.NioSocketChannel.doFinishConnect(NioSocketChannel.java:327)
	at org.apache.ratis.thirdparty.io.netty.channel.nio.AbstractNioChannel$AbstractNioUnsafe.finishConnect(AbstractNioChannel.java:340)
	at org.apache.ratis.thirdparty.io.netty.channel.nio.NioEventLoop.processSelectedKey(NioEventLoop.java:632)
	at org.apache.ratis.thirdparty.io.netty.channel.nio.NioEventLoop.processSelectedKeysOptimized(NioEventLoop.java:579)
	at org.apache.ratis.thirdparty.io.netty.channel.nio.NioEventLoop.processSelectedKeys(NioEventLoop.java:496)
	at org.apache.ratis.thirdparty.io.netty.channel.nio.NioEventLoop.run(NioEventLoop.java:458)
	at org.apache.ratis.thirdparty.io.netty.util.concurrent.SingleThreadEventExecutor$5.run(SingleThreadEventExecutor.java:897)
	at org.apache.ratis.thirdparty.io.netty.util.concurrent.FastThreadLocalRunnable.run(FastThreadLocalRunnable.java:30)
	... 1 more
Caused by: java.net.ConnectException: Connection refused
	... 11 more
2019-10-19 01:05:03,865 [a1c78c0e-869c-4f76-b4ce-2034448e0b80@group-D48B69A44692-LeaderElection406] INFO  impl.LeaderElection (LogUtils.java:infoOrTrace(149)) - a1c78c0e-869c-4f76-b4ce-2034448e0b80@group-D48B69A44692-LeaderElection406 got exception when requesting votes: {}
java.util.concurrent.ExecutionException: org.apache.ratis.thirdparty.io.grpc.StatusRuntimeException: UNAVAILABLE: io exception
	at java.util.concurrent.FutureTask.report(FutureTask.java:122)
	at java.util.concurrent.FutureTask.get(FutureTask.java:192)
	at org.apache.ratis.server.impl.LeaderElection.waitForResults(LeaderElection.java:259)
	at org.apache.ratis.server.impl.LeaderElection.askForVotes(LeaderElection.java:197)
	at org.apache.ratis.server.impl.LeaderElection.run(LeaderElection.java:133)
	at java.lang.Thread.run(Thread.java:748)
Caused by: org.apache.ratis.thirdparty.io.grpc.StatusRuntimeException: UNAVAILABLE: io exception
	at org.apache.ratis.thirdparty.io.grpc.stub.ClientCalls.toStatusRuntimeException(ClientCalls.java:233)
	at org.apache.ratis.thirdparty.io.grpc.stub.ClientCalls.getUnchecked(ClientCalls.java:214)
	at org.apache.ratis.thirdparty.io.grpc.stub.ClientCalls.blockingUnaryCall(ClientCalls.java:139)
	at org.apache.ratis.proto.grpc.RaftServerProtocolServiceGrpc$RaftServerProtocolServiceBlockingStub.requestVote(RaftServerProtocolServiceGrpc.java:265)
	at org.apache.ratis.grpc.server.GrpcServerProtocolClient.requestVote(GrpcServerProtocolClient.java:99)
	at org.apache.ratis.grpc.server.GrpcService.requestVote(GrpcService.java:204)
	at org.apache.ratis.server.impl.LeaderElection.lambda$submitRequests$1(LeaderElection.java:234)
	at java.util.concurrent.FutureTask.run(FutureTask.java:266)
	at java.util.concurrent.Executors$RunnableAdapter.call(Executors.java:511)
	at java.util.concurrent.FutureTask.run(FutureTask.java:266)
	at java.util.concurrent.ThreadPoolExecutor.runWorker(ThreadPoolExecutor.java:1149)
	at java.util.concurrent.ThreadPoolExecutor$Worker.run(ThreadPoolExecutor.java:624)
	... 1 more
Caused by: org.apache.ratis.thirdparty.io.netty.channel.AbstractChannel$AnnotatedConnectException: Connection refused: /192.168.157.213:37433
	at sun.nio.ch.SocketChannelImpl.checkConnect(Native Method)
	at sun.nio.ch.SocketChannelImpl.finishConnect(SocketChannelImpl.java:717)
	at org.apache.ratis.thirdparty.io.netty.channel.socket.nio.NioSocketChannel.doFinishConnect(NioSocketChannel.java:327)
	at org.apache.ratis.thirdparty.io.netty.channel.nio.AbstractNioChannel$AbstractNioUnsafe.finishConnect(AbstractNioChannel.java:340)
	at org.apache.ratis.thirdparty.io.netty.channel.nio.NioEventLoop.processSelectedKey(NioEventLoop.java:632)
	at org.apache.ratis.thirdparty.io.netty.channel.nio.NioEventLoop.processSelectedKeysOptimized(NioEventLoop.java:579)
	at org.apache.ratis.thirdparty.io.netty.channel.nio.NioEventLoop.processSelectedKeys(NioEventLoop.java:496)
	at org.apache.ratis.thirdparty.io.netty.channel.nio.NioEventLoop.run(NioEventLoop.java:458)
	at org.apache.ratis.thirdparty.io.netty.util.concurrent.SingleThreadEventExecutor$5.run(SingleThreadEventExecutor.java:897)
	at org.apache.ratis.thirdparty.io.netty.util.concurrent.FastThreadLocalRunnable.run(FastThreadLocalRunnable.java:30)
	... 1 more
Caused by: java.net.ConnectException: Connection refused
	... 11 more
2019-10-19 01:05:03,866 [a1c78c0e-869c-4f76-b4ce-2034448e0b80@group-D48B69A44692-LeaderElection406] INFO  impl.LeaderElection (LeaderElection.java:logAndReturn(56)) - a1c78c0e-869c-4f76-b4ce-2034448e0b80@group-D48B69A44692-LeaderElection406: Election REJECTED; received 0 response(s) [] and 2 exception(s); a1c78c0e-869c-4f76-b4ce-2034448e0b80@group-D48B69A44692:t297, leader=null, voted=a1c78c0e-869c-4f76-b4ce-2034448e0b80, raftlog=a1c78c0e-869c-4f76-b4ce-2034448e0b80@group-D48B69A44692-SegmentedRaftLog:OPENED:c-1,f-1,i0, conf=-1: [51276c3c-a3b8-4274-b089-592ff4589f41:192.168.157.213:36639, 64c90977-e867-487c-b50d-c226f2d34a76:192.168.157.213:37433, a1c78c0e-869c-4f76-b4ce-2034448e0b80:192.168.157.213:33501], old=null
2019-10-19 01:05:03,866 [a1c78c0e-869c-4f76-b4ce-2034448e0b80@group-D48B69A44692-LeaderElection406] INFO  impl.LeaderElection (LogUtils.java:infoOrTrace(149)) -   Exception 0: {}
java.util.concurrent.ExecutionException: org.apache.ratis.thirdparty.io.grpc.StatusRuntimeException: UNAVAILABLE: io exception
	at java.util.concurrent.FutureTask.report(FutureTask.java:122)
	at java.util.concurrent.FutureTask.get(FutureTask.java:192)
	at org.apache.ratis.server.impl.LeaderElection.waitForResults(LeaderElection.java:259)
	at org.apache.ratis.server.impl.LeaderElection.askForVotes(LeaderElection.java:197)
	at org.apache.ratis.server.impl.LeaderElection.run(LeaderElection.java:133)
	at java.lang.Thread.run(Thread.java:748)
Caused by: org.apache.ratis.thirdparty.io.grpc.StatusRuntimeException: UNAVAILABLE: io exception
	at org.apache.ratis.thirdparty.io.grpc.stub.ClientCalls.toStatusRuntimeException(ClientCalls.java:233)
	at org.apache.ratis.thirdparty.io.grpc.stub.ClientCalls.getUnchecked(ClientCalls.java:214)
	at org.apache.ratis.thirdparty.io.grpc.stub.ClientCalls.blockingUnaryCall(ClientCalls.java:139)
	at org.apache.ratis.proto.grpc.RaftServerProtocolServiceGrpc$RaftServerProtocolServiceBlockingStub.requestVote(RaftServerProtocolServiceGrpc.java:265)
	at org.apache.ratis.grpc.server.GrpcServerProtocolClient.requestVote(GrpcServerProtocolClient.java:99)
	at org.apache.ratis.grpc.server.GrpcService.requestVote(GrpcService.java:204)
	at org.apache.ratis.server.impl.LeaderElection.lambda$submitRequests$1(LeaderElection.java:234)
	at java.util.concurrent.FutureTask.run(FutureTask.java:266)
	at java.util.concurrent.Executors$RunnableAdapter.call(Executors.java:511)
	at java.util.concurrent.FutureTask.run(FutureTask.java:266)
	at java.util.concurrent.ThreadPoolExecutor.runWorker(ThreadPoolExecutor.java:1149)
	at java.util.concurrent.ThreadPoolExecutor$Worker.run(ThreadPoolExecutor.java:624)
	... 1 more
Caused by: org.apache.ratis.thirdparty.io.netty.channel.AbstractChannel$AnnotatedConnectException: Connection refused: /192.168.157.213:36639
	at sun.nio.ch.SocketChannelImpl.checkConnect(Native Method)
	at sun.nio.ch.SocketChannelImpl.finishConnect(SocketChannelImpl.java:717)
	at org.apache.ratis.thirdparty.io.netty.channel.socket.nio.NioSocketChannel.doFinishConnect(NioSocketChannel.java:327)
	at org.apache.ratis.thirdparty.io.netty.channel.nio.AbstractNioChannel$AbstractNioUnsafe.finishConnect(AbstractNioChannel.java:340)
	at org.apache.ratis.thirdparty.io.netty.channel.nio.NioEventLoop.processSelectedKey(NioEventLoop.java:632)
	at org.apache.ratis.thirdparty.io.netty.channel.nio.NioEventLoop.processSelectedKeysOptimized(NioEventLoop.java:579)
	at org.apache.ratis.thirdparty.io.netty.channel.nio.NioEventLoop.processSelectedKeys(NioEventLoop.java:496)
	at org.apache.ratis.thirdparty.io.netty.channel.nio.NioEventLoop.run(NioEventLoop.java:458)
	at org.apache.ratis.thirdparty.io.netty.util.concurrent.SingleThreadEventExecutor$5.run(SingleThreadEventExecutor.java:897)
	at org.apache.ratis.thirdparty.io.netty.util.concurrent.FastThreadLocalRunnable.run(FastThreadLocalRunnable.java:30)
	... 1 more
Caused by: java.net.ConnectException: Connection refused
	... 11 more
2019-10-19 01:05:03,866 [a1c78c0e-869c-4f76-b4ce-2034448e0b80@group-D48B69A44692-LeaderElection406] INFO  impl.LeaderElection (LogUtils.java:infoOrTrace(149)) -   Exception 1: {}
java.util.concurrent.ExecutionException: org.apache.ratis.thirdparty.io.grpc.StatusRuntimeException: UNAVAILABLE: io exception
	at java.util.concurrent.FutureTask.report(FutureTask.java:122)
	at java.util.concurrent.FutureTask.get(FutureTask.java:192)
	at org.apache.ratis.server.impl.LeaderElection.waitForResults(LeaderElection.java:259)
	at org.apache.ratis.server.impl.LeaderElection.askForVotes(LeaderElection.java:197)
	at org.apache.ratis.server.impl.LeaderElection.run(LeaderElection.java:133)
	at java.lang.Thread.run(Thread.java:748)
Caused by: org.apache.ratis.thirdparty.io.grpc.StatusRuntimeException: UNAVAILABLE: io exception
	at org.apache.ratis.thirdparty.io.grpc.stub.ClientCalls.toStatusRuntimeException(ClientCalls.java:233)
	at org.apache.ratis.thirdparty.io.grpc.stub.ClientCalls.getUnchecked(ClientCalls.java:214)
	at org.apache.ratis.thirdparty.io.grpc.stub.ClientCalls.blockingUnaryCall(ClientCalls.java:139)
	at org.apache.ratis.proto.grpc.RaftServerProtocolServiceGrpc$RaftServerProtocolServiceBlockingStub.requestVote(RaftServerProtocolServiceGrpc.java:265)
	at org.apache.ratis.grpc.server.GrpcServerProtocolClient.requestVote(GrpcServerProtocolClient.java:99)
	at org.apache.ratis.grpc.server.GrpcService.requestVote(GrpcService.java:204)
	at org.apache.ratis.server.impl.LeaderElection.lambda$submitRequests$1(LeaderElection.java:234)
	at java.util.concurrent.FutureTask.run(FutureTask.java:266)
	at java.util.concurrent.Executors$RunnableAdapter.call(Executors.java:511)
	at java.util.concurrent.FutureTask.run(FutureTask.java:266)
	at java.util.concurrent.ThreadPoolExecutor.runWorker(ThreadPoolExecutor.java:1149)
	at java.util.concurrent.ThreadPoolExecutor$Worker.run(ThreadPoolExecutor.java:624)
	... 1 more
Caused by: org.apache.ratis.thirdparty.io.netty.channel.AbstractChannel$AnnotatedConnectException: Connection refused: /192.168.157.213:37433
	at sun.nio.ch.SocketChannelImpl.checkConnect(Native Method)
	at sun.nio.ch.SocketChannelImpl.finishConnect(SocketChannelImpl.java:717)
	at org.apache.ratis.thirdparty.io.netty.channel.socket.nio.NioSocketChannel.doFinishConnect(NioSocketChannel.java:327)
	at org.apache.ratis.thirdparty.io.netty.channel.nio.AbstractNioChannel$AbstractNioUnsafe.finishConnect(AbstractNioChannel.java:340)
	at org.apache.ratis.thirdparty.io.netty.channel.nio.NioEventLoop.processSelectedKey(NioEventLoop.java:632)
	at org.apache.ratis.thirdparty.io.netty.channel.nio.NioEventLoop.processSelectedKeysOptimized(NioEventLoop.java:579)
	at org.apache.ratis.thirdparty.io.netty.channel.nio.NioEventLoop.processSelectedKeys(NioEventLoop.java:496)
	at org.apache.ratis.thirdparty.io.netty.channel.nio.NioEventLoop.run(NioEventLoop.java:458)
	at org.apache.ratis.thirdparty.io.netty.util.concurrent.SingleThreadEventExecutor$5.run(SingleThreadEventExecutor.java:897)
	at org.apache.ratis.thirdparty.io.netty.util.concurrent.FastThreadLocalRunnable.run(FastThreadLocalRunnable.java:30)
	... 1 more
Caused by: java.net.ConnectException: Connection refused
	... 11 more
2019-10-19 01:05:03,866 [a1c78c0e-869c-4f76-b4ce-2034448e0b80@group-D48B69A44692-LeaderElection406] INFO  impl.RaftServerImpl (RaftServerImpl.java:setRole(184)) - a1c78c0e-869c-4f76-b4ce-2034448e0b80@group-D48B69A44692: changes role from CANDIDATE to FOLLOWER at term 297 for DISCOVERED_A_NEW_TERM
2019-10-19 01:05:03,867 [a1c78c0e-869c-4f76-b4ce-2034448e0b80@group-D48B69A44692-LeaderElection406] INFO  impl.RoleInfo (RoleInfo.java:shutdownLeaderElection(134)) - a1c78c0e-869c-4f76-b4ce-2034448e0b80: shutdown LeaderElection
2019-10-19 01:05:03,867 [a1c78c0e-869c-4f76-b4ce-2034448e0b80@group-D48B69A44692-LeaderElection406] INFO  impl.RoleInfo (RoleInfo.java:updateAndGet(143)) - a1c78c0e-869c-4f76-b4ce-2034448e0b80: start FollowerState
2019-10-19 01:05:04,036 [Thread-2956] INFO  impl.FollowerState (FollowerState.java:run(108)) - a1c78c0e-869c-4f76-b4ce-2034448e0b80@group-D48B69A44692-FollowerState: change to CANDIDATE, lastRpcTime:169ms, electionTimeout:169ms
2019-10-19 01:05:04,037 [Thread-2956] INFO  impl.RoleInfo (RoleInfo.java:shutdownFollowerState(121)) - a1c78c0e-869c-4f76-b4ce-2034448e0b80: shutdown FollowerState
2019-10-19 01:05:04,038 [Thread-2956] INFO  impl.RaftServerImpl (RaftServerImpl.java:setRole(184)) - a1c78c0e-869c-4f76-b4ce-2034448e0b80@group-D48B69A44692: changes role from  FOLLOWER to CANDIDATE at term 297 for changeToCandidate
2019-10-19 01:05:04,038 [Thread-2956] INFO  impl.RoleInfo (RoleInfo.java:updateAndGet(143)) - a1c78c0e-869c-4f76-b4ce-2034448e0b80: start LeaderElection
2019-10-19 01:05:04,065 [a1c78c0e-869c-4f76-b4ce-2034448e0b80@group-D48B69A44692-LeaderElection407] INFO  impl.LeaderElection (LeaderElection.java:askForVotes(178)) - a1c78c0e-869c-4f76-b4ce-2034448e0b80@group-D48B69A44692-LeaderElection407: begin an election at term 298 for -1: [51276c3c-a3b8-4274-b089-592ff4589f41:192.168.157.213:36639, 64c90977-e867-487c-b50d-c226f2d34a76:192.168.157.213:37433, a1c78c0e-869c-4f76-b4ce-2034448e0b80:192.168.157.213:33501], old=null
2019-10-19 01:05:04,068 [a1c78c0e-869c-4f76-b4ce-2034448e0b80@group-D48B69A44692-LeaderElection407] INFO  impl.LeaderElection (LogUtils.java:infoOrTrace(149)) - a1c78c0e-869c-4f76-b4ce-2034448e0b80@group-D48B69A44692-LeaderElection407 got exception when requesting votes: {}
java.util.concurrent.ExecutionException: org.apache.ratis.thirdparty.io.grpc.StatusRuntimeException: UNAVAILABLE: io exception
	at java.util.concurrent.FutureTask.report(FutureTask.java:122)
	at java.util.concurrent.FutureTask.get(FutureTask.java:192)
	at org.apache.ratis.server.impl.LeaderElection.waitForResults(LeaderElection.java:259)
	at org.apache.ratis.server.impl.LeaderElection.askForVotes(LeaderElection.java:197)
	at org.apache.ratis.server.impl.LeaderElection.run(LeaderElection.java:133)
	at java.lang.Thread.run(Thread.java:748)
Caused by: org.apache.ratis.thirdparty.io.grpc.StatusRuntimeException: UNAVAILABLE: io exception
	at org.apache.ratis.thirdparty.io.grpc.stub.ClientCalls.toStatusRuntimeException(ClientCalls.java:233)
	at org.apache.ratis.thirdparty.io.grpc.stub.ClientCalls.getUnchecked(ClientCalls.java:214)
	at org.apache.ratis.thirdparty.io.grpc.stub.ClientCalls.blockingUnaryCall(ClientCalls.java:139)
	at org.apache.ratis.proto.grpc.RaftServerProtocolServiceGrpc$RaftServerProtocolServiceBlockingStub.requestVote(RaftServerProtocolServiceGrpc.java:265)
	at org.apache.ratis.grpc.server.GrpcServerProtocolClient.requestVote(GrpcServerProtocolClient.java:99)
	at org.apache.ratis.grpc.server.GrpcService.requestVote(GrpcService.java:204)
	at org.apache.ratis.server.impl.LeaderElection.lambda$submitRequests$1(LeaderElection.java:234)
	at java.util.concurrent.FutureTask.run(FutureTask.java:266)
	at java.util.concurrent.Executors$RunnableAdapter.call(Executors.java:511)
	at java.util.concurrent.FutureTask.run(FutureTask.java:266)
	at java.util.concurrent.ThreadPoolExecutor.runWorker(ThreadPoolExecutor.java:1149)
	at java.util.concurrent.ThreadPoolExecutor$Worker.run(ThreadPoolExecutor.java:624)
	... 1 more
Caused by: org.apache.ratis.thirdparty.io.netty.channel.AbstractChannel$AnnotatedConnectException: Connection refused: /192.168.157.213:36639
	at sun.nio.ch.SocketChannelImpl.checkConnect(Native Method)
	at sun.nio.ch.SocketChannelImpl.finishConnect(SocketChannelImpl.java:717)
	at org.apache.ratis.thirdparty.io.netty.channel.socket.nio.NioSocketChannel.doFinishConnect(NioSocketChannel.java:327)
	at org.apache.ratis.thirdparty.io.netty.channel.nio.AbstractNioChannel$AbstractNioUnsafe.finishConnect(AbstractNioChannel.java:340)
	at org.apache.ratis.thirdparty.io.netty.channel.nio.NioEventLoop.processSelectedKey(NioEventLoop.java:632)
	at org.apache.ratis.thirdparty.io.netty.channel.nio.NioEventLoop.processSelectedKeysOptimized(NioEventLoop.java:579)
	at org.apache.ratis.thirdparty.io.netty.channel.nio.NioEventLoop.processSelectedKeys(NioEventLoop.java:496)
	at org.apache.ratis.thirdparty.io.netty.channel.nio.NioEventLoop.run(NioEventLoop.java:458)
	at org.apache.ratis.thirdparty.io.netty.util.concurrent.SingleThreadEventExecutor$5.run(SingleThreadEventExecutor.java:897)
	at org.apache.ratis.thirdparty.io.netty.util.concurrent.FastThreadLocalRunnable.run(FastThreadLocalRunnable.java:30)
	... 1 more
Caused by: java.net.ConnectException: Connection refused
	... 11 more
2019-10-19 01:05:04,069 [a1c78c0e-869c-4f76-b4ce-2034448e0b80@group-D48B69A44692-LeaderElection407] INFO  impl.LeaderElection (LogUtils.java:infoOrTrace(149)) - a1c78c0e-869c-4f76-b4ce-2034448e0b80@group-D48B69A44692-LeaderElection407 got exception when requesting votes: {}
java.util.concurrent.ExecutionException: org.apache.ratis.thirdparty.io.grpc.StatusRuntimeException: UNAVAILABLE: io exception
	at java.util.concurrent.FutureTask.report(FutureTask.java:122)
	at java.util.concurrent.FutureTask.get(FutureTask.java:192)
	at org.apache.ratis.server.impl.LeaderElection.waitForResults(LeaderElection.java:259)
	at org.apache.ratis.server.impl.LeaderElection.askForVotes(LeaderElection.java:197)
	at org.apache.ratis.server.impl.LeaderElection.run(LeaderElection.java:133)
	at java.lang.Thread.run(Thread.java:748)
Caused by: org.apache.ratis.thirdparty.io.grpc.StatusRuntimeException: UNAVAILABLE: io exception
	at org.apache.ratis.thirdparty.io.grpc.stub.ClientCalls.toStatusRuntimeException(ClientCalls.java:233)
	at org.apache.ratis.thirdparty.io.grpc.stub.ClientCalls.getUnchecked(ClientCalls.java:214)
	at org.apache.ratis.thirdparty.io.grpc.stub.ClientCalls.blockingUnaryCall(ClientCalls.java:139)
	at org.apache.ratis.proto.grpc.RaftServerProtocolServiceGrpc$RaftServerProtocolServiceBlockingStub.requestVote(RaftServerProtocolServiceGrpc.java:265)
	at org.apache.ratis.grpc.server.GrpcServerProtocolClient.requestVote(GrpcServerProtocolClient.java:99)
	at org.apache.ratis.grpc.server.GrpcService.requestVote(GrpcService.java:204)
	at org.apache.ratis.server.impl.LeaderElection.lambda$submitRequests$1(LeaderElection.java:234)
	at java.util.concurrent.FutureTask.run(FutureTask.java:266)
	at java.util.concurrent.Executors$RunnableAdapter.call(Executors.java:511)
	at java.util.concurrent.FutureTask.run(FutureTask.java:266)
	at java.util.concurrent.ThreadPoolExecutor.runWorker(ThreadPoolExecutor.java:1149)
	at java.util.concurrent.ThreadPoolExecutor$Worker.run(ThreadPoolExecutor.java:624)
	... 1 more
Caused by: org.apache.ratis.thirdparty.io.netty.channel.AbstractChannel$AnnotatedConnectException: Connection refused: /192.168.157.213:37433
	at sun.nio.ch.SocketChannelImpl.checkConnect(Native Method)
	at sun.nio.ch.SocketChannelImpl.finishConnect(SocketChannelImpl.java:717)
	at org.apache.ratis.thirdparty.io.netty.channel.socket.nio.NioSocketChannel.doFinishConnect(NioSocketChannel.java:327)
	at org.apache.ratis.thirdparty.io.netty.channel.nio.AbstractNioChannel$AbstractNioUnsafe.finishConnect(AbstractNioChannel.java:340)
	at org.apache.ratis.thirdparty.io.netty.channel.nio.NioEventLoop.processSelectedKey(NioEventLoop.java:632)
	at org.apache.ratis.thirdparty.io.netty.channel.nio.NioEventLoop.processSelectedKeysOptimized(NioEventLoop.java:579)
	at org.apache.ratis.thirdparty.io.netty.channel.nio.NioEventLoop.processSelectedKeys(NioEventLoop.java:496)
	at org.apache.ratis.thirdparty.io.netty.channel.nio.NioEventLoop.run(NioEventLoop.java:458)
	at org.apache.ratis.thirdparty.io.netty.util.concurrent.SingleThreadEventExecutor$5.run(SingleThreadEventExecutor.java:897)
	at org.apache.ratis.thirdparty.io.netty.util.concurrent.FastThreadLocalRunnable.run(FastThreadLocalRunnable.java:30)
	... 1 more
Caused by: java.net.ConnectException: Connection refused
	... 11 more
2019-10-19 01:05:04,069 [a1c78c0e-869c-4f76-b4ce-2034448e0b80@group-D48B69A44692-LeaderElection407] INFO  impl.LeaderElection (LeaderElection.java:logAndReturn(56)) - a1c78c0e-869c-4f76-b4ce-2034448e0b80@group-D48B69A44692-LeaderElection407: Election REJECTED; received 0 response(s) [] and 2 exception(s); a1c78c0e-869c-4f76-b4ce-2034448e0b80@group-D48B69A44692:t298, leader=null, voted=a1c78c0e-869c-4f76-b4ce-2034448e0b80, raftlog=a1c78c0e-869c-4f76-b4ce-2034448e0b80@group-D48B69A44692-SegmentedRaftLog:OPENED:c-1,f-1,i0, conf=-1: [51276c3c-a3b8-4274-b089-592ff4589f41:192.168.157.213:36639, 64c90977-e867-487c-b50d-c226f2d34a76:192.168.157.213:37433, a1c78c0e-869c-4f76-b4ce-2034448e0b80:192.168.157.213:33501], old=null
2019-10-19 01:05:04,069 [a1c78c0e-869c-4f76-b4ce-2034448e0b80@group-D48B69A44692-LeaderElection407] INFO  impl.LeaderElection (LogUtils.java:infoOrTrace(149)) -   Exception 0: {}
java.util.concurrent.ExecutionException: org.apache.ratis.thirdparty.io.grpc.StatusRuntimeException: UNAVAILABLE: io exception
	at java.util.concurrent.FutureTask.report(FutureTask.java:122)
	at java.util.concurrent.FutureTask.get(FutureTask.java:192)
	at org.apache.ratis.server.impl.LeaderElection.waitForResults(LeaderElection.java:259)
	at org.apache.ratis.server.impl.LeaderElection.askForVotes(LeaderElection.java:197)
	at org.apache.ratis.server.impl.LeaderElection.run(LeaderElection.java:133)
	at java.lang.Thread.run(Thread.java:748)
Caused by: org.apache.ratis.thirdparty.io.grpc.StatusRuntimeException: UNAVAILABLE: io exception
	at org.apache.ratis.thirdparty.io.grpc.stub.ClientCalls.toStatusRuntimeException(ClientCalls.java:233)
	at org.apache.ratis.thirdparty.io.grpc.stub.ClientCalls.getUnchecked(ClientCalls.java:214)
	at org.apache.ratis.thirdparty.io.grpc.stub.ClientCalls.blockingUnaryCall(ClientCalls.java:139)
	at org.apache.ratis.proto.grpc.RaftServerProtocolServiceGrpc$RaftServerProtocolServiceBlockingStub.requestVote(RaftServerProtocolServiceGrpc.java:265)
	at org.apache.ratis.grpc.server.GrpcServerProtocolClient.requestVote(GrpcServerProtocolClient.java:99)
	at org.apache.ratis.grpc.server.GrpcService.requestVote(GrpcService.java:204)
	at org.apache.ratis.server.impl.LeaderElection.lambda$submitRequests$1(LeaderElection.java:234)
	at java.util.concurrent.FutureTask.run(FutureTask.java:266)
	at java.util.concurrent.Executors$RunnableAdapter.call(Executors.java:511)
	at java.util.concurrent.FutureTask.run(FutureTask.java:266)
	at java.util.concurrent.ThreadPoolExecutor.runWorker(ThreadPoolExecutor.java:1149)
	at java.util.concurrent.ThreadPoolExecutor$Worker.run(ThreadPoolExecutor.java:624)
	... 1 more
Caused by: org.apache.ratis.thirdparty.io.netty.channel.AbstractChannel$AnnotatedConnectException: Connection refused: /192.168.157.213:36639
	at sun.nio.ch.SocketChannelImpl.checkConnect(Native Method)
	at sun.nio.ch.SocketChannelImpl.finishConnect(SocketChannelImpl.java:717)
	at org.apache.ratis.thirdparty.io.netty.channel.socket.nio.NioSocketChannel.doFinishConnect(NioSocketChannel.java:327)
	at org.apache.ratis.thirdparty.io.netty.channel.nio.AbstractNioChannel$AbstractNioUnsafe.finishConnect(AbstractNioChannel.java:340)
	at org.apache.ratis.thirdparty.io.netty.channel.nio.NioEventLoop.processSelectedKey(NioEventLoop.java:632)
	at org.apache.ratis.thirdparty.io.netty.channel.nio.NioEventLoop.processSelectedKeysOptimized(NioEventLoop.java:579)
	at org.apache.ratis.thirdparty.io.netty.channel.nio.NioEventLoop.processSelectedKeys(NioEventLoop.java:496)
	at org.apache.ratis.thirdparty.io.netty.channel.nio.NioEventLoop.run(NioEventLoop.java:458)
	at org.apache.ratis.thirdparty.io.netty.util.concurrent.SingleThreadEventExecutor$5.run(SingleThreadEventExecutor.java:897)
	at org.apache.ratis.thirdparty.io.netty.util.concurrent.FastThreadLocalRunnable.run(FastThreadLocalRunnable.java:30)
	... 1 more
Caused by: java.net.ConnectException: Connection refused
	... 11 more
2019-10-19 01:05:04,070 [a1c78c0e-869c-4f76-b4ce-2034448e0b80@group-D48B69A44692-LeaderElection407] INFO  impl.LeaderElection (LogUtils.java:infoOrTrace(149)) -   Exception 1: {}
java.util.concurrent.ExecutionException: org.apache.ratis.thirdparty.io.grpc.StatusRuntimeException: UNAVAILABLE: io exception
	at java.util.concurrent.FutureTask.report(FutureTask.java:122)
	at java.util.concurrent.FutureTask.get(FutureTask.java:192)
	at org.apache.ratis.server.impl.LeaderElection.waitForResults(LeaderElection.java:259)
	at org.apache.ratis.server.impl.LeaderElection.askForVotes(LeaderElection.java:197)
	at org.apache.ratis.server.impl.LeaderElection.run(LeaderElection.java:133)
	at java.lang.Thread.run(Thread.java:748)
Caused by: org.apache.ratis.thirdparty.io.grpc.StatusRuntimeException: UNAVAILABLE: io exception
	at org.apache.ratis.thirdparty.io.grpc.stub.ClientCalls.toStatusRuntimeException(ClientCalls.java:233)
	at org.apache.ratis.thirdparty.io.grpc.stub.ClientCalls.getUnchecked(ClientCalls.java:214)
	at org.apache.ratis.thirdparty.io.grpc.stub.ClientCalls.blockingUnaryCall(ClientCalls.java:139)
	at org.apache.ratis.proto.grpc.RaftServerProtocolServiceGrpc$RaftServerProtocolServiceBlockingStub.requestVote(RaftServerProtocolServiceGrpc.java:265)
	at org.apache.ratis.grpc.server.GrpcServerProtocolClient.requestVote(GrpcServerProtocolClient.java:99)
	at org.apache.ratis.grpc.server.GrpcService.requestVote(GrpcService.java:204)
	at org.apache.ratis.server.impl.LeaderElection.lambda$submitRequests$1(LeaderElection.java:234)
	at java.util.concurrent.FutureTask.run(FutureTask.java:266)
	at java.util.concurrent.Executors$RunnableAdapter.call(Executors.java:511)
	at java.util.concurrent.FutureTask.run(FutureTask.java:266)
	at java.util.concurrent.ThreadPoolExecutor.runWorker(ThreadPoolExecutor.java:1149)
	at java.util.concurrent.ThreadPoolExecutor$Worker.run(ThreadPoolExecutor.java:624)
	... 1 more
Caused by: org.apache.ratis.thirdparty.io.netty.channel.AbstractChannel$AnnotatedConnectException: Connection refused: /192.168.157.213:37433
	at sun.nio.ch.SocketChannelImpl.checkConnect(Native Method)
	at sun.nio.ch.SocketChannelImpl.finishConnect(SocketChannelImpl.java:717)
	at org.apache.ratis.thirdparty.io.netty.channel.socket.nio.NioSocketChannel.doFinishConnect(NioSocketChannel.java:327)
	at org.apache.ratis.thirdparty.io.netty.channel.nio.AbstractNioChannel$AbstractNioUnsafe.finishConnect(AbstractNioChannel.java:340)
	at org.apache.ratis.thirdparty.io.netty.channel.nio.NioEventLoop.processSelectedKey(NioEventLoop.java:632)
	at org.apache.ratis.thirdparty.io.netty.channel.nio.NioEventLoop.processSelectedKeysOptimized(NioEventLoop.java:579)
	at org.apache.ratis.thirdparty.io.netty.channel.nio.NioEventLoop.processSelectedKeys(NioEventLoop.java:496)
	at org.apache.ratis.thirdparty.io.netty.channel.nio.NioEventLoop.run(NioEventLoop.java:458)
	at org.apache.ratis.thirdparty.io.netty.util.concurrent.SingleThreadEventExecutor$5.run(SingleThreadEventExecutor.java:897)
	at org.apache.ratis.thirdparty.io.netty.util.concurrent.FastThreadLocalRunnable.run(FastThreadLocalRunnable.java:30)
	... 1 more
Caused by: java.net.ConnectException: Connection refused
	... 11 more
2019-10-19 01:05:04,070 [a1c78c0e-869c-4f76-b4ce-2034448e0b80@group-D48B69A44692-LeaderElection407] INFO  impl.RaftServerImpl (RaftServerImpl.java:setRole(184)) - a1c78c0e-869c-4f76-b4ce-2034448e0b80@group-D48B69A44692: changes role from CANDIDATE to FOLLOWER at term 298 for DISCOVERED_A_NEW_TERM
2019-10-19 01:05:04,070 [a1c78c0e-869c-4f76-b4ce-2034448e0b80@group-D48B69A44692-LeaderElection407] INFO  impl.RoleInfo (RoleInfo.java:shutdownLeaderElection(134)) - a1c78c0e-869c-4f76-b4ce-2034448e0b80: shutdown LeaderElection
2019-10-19 01:05:04,070 [a1c78c0e-869c-4f76-b4ce-2034448e0b80@group-D48B69A44692-LeaderElection407] INFO  impl.RoleInfo (RoleInfo.java:updateAndGet(143)) - a1c78c0e-869c-4f76-b4ce-2034448e0b80: start FollowerState
2019-10-19 01:05:04,178 [Thread-2960] INFO  impl.FollowerState (FollowerState.java:run(108)) - a1c78c0e-869c-4f76-b4ce-2034448e0b80@group-D48B69A44692-FollowerState: change to CANDIDATE, lastRpcTime:107ms, electionTimeout:107ms
2019-10-19 01:05:04,178 [Thread-2960] INFO  impl.RoleInfo (RoleInfo.java:shutdownFollowerState(121)) - a1c78c0e-869c-4f76-b4ce-2034448e0b80: shutdown FollowerState
2019-10-19 01:05:04,178 [Thread-2960] INFO  impl.RaftServerImpl (RaftServerImpl.java:setRole(184)) - a1c78c0e-869c-4f76-b4ce-2034448e0b80@group-D48B69A44692: changes role from  FOLLOWER to CANDIDATE at term 298 for changeToCandidate
2019-10-19 01:05:04,178 [Thread-2960] INFO  impl.RoleInfo (RoleInfo.java:updateAndGet(143)) - a1c78c0e-869c-4f76-b4ce-2034448e0b80: start LeaderElection
2019-10-19 01:05:04,192 [a1c78c0e-869c-4f76-b4ce-2034448e0b80@group-D48B69A44692-LeaderElection408] INFO  impl.LeaderElection (LeaderElection.java:askForVotes(178)) - a1c78c0e-869c-4f76-b4ce-2034448e0b80@group-D48B69A44692-LeaderElection408: begin an election at term 299 for -1: [51276c3c-a3b8-4274-b089-592ff4589f41:192.168.157.213:36639, 64c90977-e867-487c-b50d-c226f2d34a76:192.168.157.213:37433, a1c78c0e-869c-4f76-b4ce-2034448e0b80:192.168.157.213:33501], old=null
2019-10-19 01:05:04,193 [a1c78c0e-869c-4f76-b4ce-2034448e0b80@group-D48B69A44692-LeaderElection408] INFO  impl.LeaderElection (LogUtils.java:infoOrTrace(149)) - a1c78c0e-869c-4f76-b4ce-2034448e0b80@group-D48B69A44692-LeaderElection408 got exception when requesting votes: {}
java.util.concurrent.ExecutionException: org.apache.ratis.thirdparty.io.grpc.StatusRuntimeException: UNAVAILABLE: io exception
	at java.util.concurrent.FutureTask.report(FutureTask.java:122)
	at java.util.concurrent.FutureTask.get(FutureTask.java:192)
	at org.apache.ratis.server.impl.LeaderElection.waitForResults(LeaderElection.java:259)
	at org.apache.ratis.server.impl.LeaderElection.askForVotes(LeaderElection.java:197)
	at org.apache.ratis.server.impl.LeaderElection.run(LeaderElection.java:133)
	at java.lang.Thread.run(Thread.java:748)
Caused by: org.apache.ratis.thirdparty.io.grpc.StatusRuntimeException: UNAVAILABLE: io exception
	at org.apache.ratis.thirdparty.io.grpc.stub.ClientCalls.toStatusRuntimeException(ClientCalls.java:233)
	at org.apache.ratis.thirdparty.io.grpc.stub.ClientCalls.getUnchecked(ClientCalls.java:214)
	at org.apache.ratis.thirdparty.io.grpc.stub.ClientCalls.blockingUnaryCall(ClientCalls.java:139)
	at org.apache.ratis.proto.grpc.RaftServerProtocolServiceGrpc$RaftServerProtocolServiceBlockingStub.requestVote(RaftServerProtocolServiceGrpc.java:265)
	at org.apache.ratis.grpc.server.GrpcServerProtocolClient.requestVote(GrpcServerProtocolClient.java:99)
	at org.apache.ratis.grpc.server.GrpcService.requestVote(GrpcService.java:204)
	at org.apache.ratis.server.impl.LeaderElection.lambda$submitRequests$1(LeaderElection.java:234)
	at java.util.concurrent.FutureTask.run(FutureTask.java:266)
	at java.util.concurrent.Executors$RunnableAdapter.call(Executors.java:511)
	at java.util.concurrent.FutureTask.run(FutureTask.java:266)
	at java.util.concurrent.ThreadPoolExecutor.runWorker(ThreadPoolExecutor.java:1149)
	at java.util.concurrent.ThreadPoolExecutor$Worker.run(ThreadPoolExecutor.java:624)
	... 1 more
Caused by: org.apache.ratis.thirdparty.io.netty.channel.AbstractChannel$AnnotatedConnectException: Connection refused: /192.168.157.213:36639
	at sun.nio.ch.SocketChannelImpl.checkConnect(Native Method)
	at sun.nio.ch.SocketChannelImpl.finishConnect(SocketChannelImpl.java:717)
	at org.apache.ratis.thirdparty.io.netty.channel.socket.nio.NioSocketChannel.doFinishConnect(NioSocketChannel.java:327)
	at org.apache.ratis.thirdparty.io.netty.channel.nio.AbstractNioChannel$AbstractNioUnsafe.finishConnect(AbstractNioChannel.java:340)
	at org.apache.ratis.thirdparty.io.netty.channel.nio.NioEventLoop.processSelectedKey(NioEventLoop.java:632)
	at org.apache.ratis.thirdparty.io.netty.channel.nio.NioEventLoop.processSelectedKeysOptimized(NioEventLoop.java:579)
	at org.apache.ratis.thirdparty.io.netty.channel.nio.NioEventLoop.processSelectedKeys(NioEventLoop.java:496)
	at org.apache.ratis.thirdparty.io.netty.channel.nio.NioEventLoop.run(NioEventLoop.java:458)
	at org.apache.ratis.thirdparty.io.netty.util.concurrent.SingleThreadEventExecutor$5.run(SingleThreadEventExecutor.java:897)
	at org.apache.ratis.thirdparty.io.netty.util.concurrent.FastThreadLocalRunnable.run(FastThreadLocalRunnable.java:30)
	... 1 more
Caused by: java.net.ConnectException: Connection refused
	... 11 more
2019-10-19 01:05:04,194 [a1c78c0e-869c-4f76-b4ce-2034448e0b80@group-D48B69A44692-LeaderElection408] INFO  impl.LeaderElection (LogUtils.java:infoOrTrace(149)) - a1c78c0e-869c-4f76-b4ce-2034448e0b80@group-D48B69A44692-LeaderElection408 got exception when requesting votes: {}
java.util.concurrent.ExecutionException: org.apache.ratis.thirdparty.io.grpc.StatusRuntimeException: UNAVAILABLE: io exception
	at java.util.concurrent.FutureTask.report(FutureTask.java:122)
	at java.util.concurrent.FutureTask.get(FutureTask.java:192)
	at org.apache.ratis.server.impl.LeaderElection.waitForResults(LeaderElection.java:259)
	at org.apache.ratis.server.impl.LeaderElection.askForVotes(LeaderElection.java:197)
	at org.apache.ratis.server.impl.LeaderElection.run(LeaderElection.java:133)
	at java.lang.Thread.run(Thread.java:748)
Caused by: org.apache.ratis.thirdparty.io.grpc.StatusRuntimeException: UNAVAILABLE: io exception
	at org.apache.ratis.thirdparty.io.grpc.stub.ClientCalls.toStatusRuntimeException(ClientCalls.java:233)
	at org.apache.ratis.thirdparty.io.grpc.stub.ClientCalls.getUnchecked(ClientCalls.java:214)
	at org.apache.ratis.thirdparty.io.grpc.stub.ClientCalls.blockingUnaryCall(ClientCalls.java:139)
	at org.apache.ratis.proto.grpc.RaftServerProtocolServiceGrpc$RaftServerProtocolServiceBlockingStub.requestVote(RaftServerProtocolServiceGrpc.java:265)
	at org.apache.ratis.grpc.server.GrpcServerProtocolClient.requestVote(GrpcServerProtocolClient.java:99)
	at org.apache.ratis.grpc.server.GrpcService.requestVote(GrpcService.java:204)
	at org.apache.ratis.server.impl.LeaderElection.lambda$submitRequests$1(LeaderElection.java:234)
	at java.util.concurrent.FutureTask.run(FutureTask.java:266)
	at java.util.concurrent.Executors$RunnableAdapter.call(Executors.java:511)
	at java.util.concurrent.FutureTask.run(FutureTask.java:266)
	at java.util.concurrent.ThreadPoolExecutor.runWorker(ThreadPoolExecutor.java:1149)
	at java.util.concurrent.ThreadPoolExecutor$Worker.run(ThreadPoolExecutor.java:624)
	... 1 more
Caused by: org.apache.ratis.thirdparty.io.netty.channel.AbstractChannel$AnnotatedConnectException: Connection refused: /192.168.157.213:37433
	at sun.nio.ch.SocketChannelImpl.checkConnect(Native Method)
	at sun.nio.ch.SocketChannelImpl.finishConnect(SocketChannelImpl.java:717)
	at org.apache.ratis.thirdparty.io.netty.channel.socket.nio.NioSocketChannel.doFinishConnect(NioSocketChannel.java:327)
	at org.apache.ratis.thirdparty.io.netty.channel.nio.AbstractNioChannel$AbstractNioUnsafe.finishConnect(AbstractNioChannel.java:340)
	at org.apache.ratis.thirdparty.io.netty.channel.nio.NioEventLoop.processSelectedKey(NioEventLoop.java:632)
	at org.apache.ratis.thirdparty.io.netty.channel.nio.NioEventLoop.processSelectedKeysOptimized(NioEventLoop.java:579)
	at org.apache.ratis.thirdparty.io.netty.channel.nio.NioEventLoop.processSelectedKeys(NioEventLoop.java:496)
	at org.apache.ratis.thirdparty.io.netty.channel.nio.NioEventLoop.run(NioEventLoop.java:458)
	at org.apache.ratis.thirdparty.io.netty.util.concurrent.SingleThreadEventExecutor$5.run(SingleThreadEventExecutor.java:897)
	at org.apache.ratis.thirdparty.io.netty.util.concurrent.FastThreadLocalRunnable.run(FastThreadLocalRunnable.java:30)
	... 1 more
Caused by: java.net.ConnectException: Connection refused
	... 11 more
2019-10-19 01:05:04,194 [a1c78c0e-869c-4f76-b4ce-2034448e0b80@group-D48B69A44692-LeaderElection408] INFO  impl.LeaderElection (LeaderElection.java:logAndReturn(56)) - a1c78c0e-869c-4f76-b4ce-2034448e0b80@group-D48B69A44692-LeaderElection408: Election REJECTED; received 0 response(s) [] and 2 exception(s); a1c78c0e-869c-4f76-b4ce-2034448e0b80@group-D48B69A44692:t299, leader=null, voted=a1c78c0e-869c-4f76-b4ce-2034448e0b80, raftlog=a1c78c0e-869c-4f76-b4ce-2034448e0b80@group-D48B69A44692-SegmentedRaftLog:OPENED:c-1,f-1,i0, conf=-1: [51276c3c-a3b8-4274-b089-592ff4589f41:192.168.157.213:36639, 64c90977-e867-487c-b50d-c226f2d34a76:192.168.157.213:37433, a1c78c0e-869c-4f76-b4ce-2034448e0b80:192.168.157.213:33501], old=null
2019-10-19 01:05:04,194 [a1c78c0e-869c-4f76-b4ce-2034448e0b80@group-D48B69A44692-LeaderElection408] INFO  impl.LeaderElection (LogUtils.java:infoOrTrace(149)) -   Exception 0: {}
java.util.concurrent.ExecutionException: org.apache.ratis.thirdparty.io.grpc.StatusRuntimeException: UNAVAILABLE: io exception
	at java.util.concurrent.FutureTask.report(FutureTask.java:122)
	at java.util.concurrent.FutureTask.get(FutureTask.java:192)
	at org.apache.ratis.server.impl.LeaderElection.waitForResults(LeaderElection.java:259)
	at org.apache.ratis.server.impl.LeaderElection.askForVotes(LeaderElection.java:197)
	at org.apache.ratis.server.impl.LeaderElection.run(LeaderElection.java:133)
	at java.lang.Thread.run(Thread.java:748)
Caused by: org.apache.ratis.thirdparty.io.grpc.StatusRuntimeException: UNAVAILABLE: io exception
	at org.apache.ratis.thirdparty.io.grpc.stub.ClientCalls.toStatusRuntimeException(ClientCalls.java:233)
	at org.apache.ratis.thirdparty.io.grpc.stub.ClientCalls.getUnchecked(ClientCalls.java:214)
	at org.apache.ratis.thirdparty.io.grpc.stub.ClientCalls.blockingUnaryCall(ClientCalls.java:139)
	at org.apache.ratis.proto.grpc.RaftServerProtocolServiceGrpc$RaftServerProtocolServiceBlockingStub.requestVote(RaftServerProtocolServiceGrpc.java:265)
	at org.apache.ratis.grpc.server.GrpcServerProtocolClient.requestVote(GrpcServerProtocolClient.java:99)
	at org.apache.ratis.grpc.server.GrpcService.requestVote(GrpcService.java:204)
	at org.apache.ratis.server.impl.LeaderElection.lambda$submitRequests$1(LeaderElection.java:234)
	at java.util.concurrent.FutureTask.run(FutureTask.java:266)
	at java.util.concurrent.Executors$RunnableAdapter.call(Executors.java:511)
	at java.util.concurrent.FutureTask.run(FutureTask.java:266)
	at java.util.concurrent.ThreadPoolExecutor.runWorker(ThreadPoolExecutor.java:1149)
	at java.util.concurrent.ThreadPoolExecutor$Worker.run(ThreadPoolExecutor.java:624)
	... 1 more
Caused by: org.apache.ratis.thirdparty.io.netty.channel.AbstractChannel$AnnotatedConnectException: Connection refused: /192.168.157.213:36639
	at sun.nio.ch.SocketChannelImpl.checkConnect(Native Method)
	at sun.nio.ch.SocketChannelImpl.finishConnect(SocketChannelImpl.java:717)
	at org.apache.ratis.thirdparty.io.netty.channel.socket.nio.NioSocketChannel.doFinishConnect(NioSocketChannel.java:327)
	at org.apache.ratis.thirdparty.io.netty.channel.nio.AbstractNioChannel$AbstractNioUnsafe.finishConnect(AbstractNioChannel.java:340)
	at org.apache.ratis.thirdparty.io.netty.channel.nio.NioEventLoop.processSelectedKey(NioEventLoop.java:632)
	at org.apache.ratis.thirdparty.io.netty.channel.nio.NioEventLoop.processSelectedKeysOptimized(NioEventLoop.java:579)
	at org.apache.ratis.thirdparty.io.netty.channel.nio.NioEventLoop.processSelectedKeys(NioEventLoop.java:496)
	at org.apache.ratis.thirdparty.io.netty.channel.nio.NioEventLoop.run(NioEventLoop.java:458)
	at org.apache.ratis.thirdparty.io.netty.util.concurrent.SingleThreadEventExecutor$5.run(SingleThreadEventExecutor.java:897)
	at org.apache.ratis.thirdparty.io.netty.util.concurrent.FastThreadLocalRunnable.run(FastThreadLocalRunnable.java:30)
	... 1 more
Caused by: java.net.ConnectException: Connection refused
	... 11 more
2019-10-19 01:05:04,194 [a1c78c0e-869c-4f76-b4ce-2034448e0b80@group-D48B69A44692-LeaderElection408] INFO  impl.LeaderElection (LogUtils.java:infoOrTrace(149)) -   Exception 1: {}
java.util.concurrent.ExecutionException: org.apache.ratis.thirdparty.io.grpc.StatusRuntimeException: UNAVAILABLE: io exception
	at java.util.concurrent.FutureTask.report(FutureTask.java:122)
	at java.util.concurrent.FutureTask.get(FutureTask.java:192)
	at org.apache.ratis.server.impl.LeaderElection.waitForResults(LeaderElection.java:259)
	at org.apache.ratis.server.impl.LeaderElection.askForVotes(LeaderElection.java:197)
	at org.apache.ratis.server.impl.LeaderElection.run(LeaderElection.java:133)
	at java.lang.Thread.run(Thread.java:748)
Caused by: org.apache.ratis.thirdparty.io.grpc.StatusRuntimeException: UNAVAILABLE: io exception
	at org.apache.ratis.thirdparty.io.grpc.stub.ClientCalls.toStatusRuntimeException(ClientCalls.java:233)
	at org.apache.ratis.thirdparty.io.grpc.stub.ClientCalls.getUnchecked(ClientCalls.java:214)
	at org.apache.ratis.thirdparty.io.grpc.stub.ClientCalls.blockingUnaryCall(ClientCalls.java:139)
	at org.apache.ratis.proto.grpc.RaftServerProtocolServiceGrpc$RaftServerProtocolServiceBlockingStub.requestVote(RaftServerProtocolServiceGrpc.java:265)
	at org.apache.ratis.grpc.server.GrpcServerProtocolClient.requestVote(GrpcServerProtocolClient.java:99)
	at org.apache.ratis.grpc.server.GrpcService.requestVote(GrpcService.java:204)
	at org.apache.ratis.server.impl.LeaderElection.lambda$submitRequests$1(LeaderElection.java:234)
	at java.util.concurrent.FutureTask.run(FutureTask.java:266)
	at java.util.concurrent.Executors$RunnableAdapter.call(Executors.java:511)
	at java.util.concurrent.FutureTask.run(FutureTask.java:266)
	at java.util.concurrent.ThreadPoolExecutor.runWorker(ThreadPoolExecutor.java:1149)
	at java.util.concurrent.ThreadPoolExecutor$Worker.run(ThreadPoolExecutor.java:624)
	... 1 more
Caused by: org.apache.ratis.thirdparty.io.netty.channel.AbstractChannel$AnnotatedConnectException: Connection refused: /192.168.157.213:37433
	at sun.nio.ch.SocketChannelImpl.checkConnect(Native Method)
	at sun.nio.ch.SocketChannelImpl.finishConnect(SocketChannelImpl.java:717)
	at org.apache.ratis.thirdparty.io.netty.channel.socket.nio.NioSocketChannel.doFinishConnect(NioSocketChannel.java:327)
	at org.apache.ratis.thirdparty.io.netty.channel.nio.AbstractNioChannel$AbstractNioUnsafe.finishConnect(AbstractNioChannel.java:340)
	at org.apache.ratis.thirdparty.io.netty.channel.nio.NioEventLoop.processSelectedKey(NioEventLoop.java:632)
	at org.apache.ratis.thirdparty.io.netty.channel.nio.NioEventLoop.processSelectedKeysOptimized(NioEventLoop.java:579)
	at org.apache.ratis.thirdparty.io.netty.channel.nio.NioEventLoop.processSelectedKeys(NioEventLoop.java:496)
	at org.apache.ratis.thirdparty.io.netty.channel.nio.NioEventLoop.run(NioEventLoop.java:458)
	at org.apache.ratis.thirdparty.io.netty.util.concurrent.SingleThreadEventExecutor$5.run(SingleThreadEventExecutor.java:897)
	at org.apache.ratis.thirdparty.io.netty.util.concurrent.FastThreadLocalRunnable.run(FastThreadLocalRunnable.java:30)
	... 1 more
Caused by: java.net.ConnectException: Connection refused
	... 11 more
2019-10-19 01:05:04,195 [a1c78c0e-869c-4f76-b4ce-2034448e0b80@group-D48B69A44692-LeaderElection408] INFO  impl.RaftServerImpl (RaftServerImpl.java:setRole(184)) - a1c78c0e-869c-4f76-b4ce-2034448e0b80@group-D48B69A44692: changes role from CANDIDATE to FOLLOWER at term 299 for DISCOVERED_A_NEW_TERM
2019-10-19 01:05:04,195 [a1c78c0e-869c-4f76-b4ce-2034448e0b80@group-D48B69A44692-LeaderElection408] INFO  impl.RoleInfo (RoleInfo.java:shutdownLeaderElection(134)) - a1c78c0e-869c-4f76-b4ce-2034448e0b80: shutdown LeaderElection
2019-10-19 01:05:04,195 [a1c78c0e-869c-4f76-b4ce-2034448e0b80@group-D48B69A44692-LeaderElection408] INFO  impl.RoleInfo (RoleInfo.java:updateAndGet(143)) - a1c78c0e-869c-4f76-b4ce-2034448e0b80: start FollowerState
2019-10-19 01:05:04,249 [Thread-2934] INFO  impl.FollowerState (FollowerState.java:run(108)) - 390d33c4-98c8-495f-9f34-63cdf16532b5@group-EFF8D6679E36-FollowerState: change to CANDIDATE, lastRpcTime:1036ms, electionTimeout:1036ms
2019-10-19 01:05:04,249 [Thread-2934] INFO  impl.RoleInfo (RoleInfo.java:shutdownFollowerState(121)) - 390d33c4-98c8-495f-9f34-63cdf16532b5: shutdown FollowerState
2019-10-19 01:05:04,249 [Thread-2934] INFO  impl.RaftServerImpl (RaftServerImpl.java:setRole(184)) - 390d33c4-98c8-495f-9f34-63cdf16532b5@group-EFF8D6679E36: changes role from  FOLLOWER to CANDIDATE at term 10 for changeToCandidate
2019-10-19 01:05:04,249 [Thread-2934] INFO  impl.RoleInfo (RoleInfo.java:updateAndGet(143)) - 390d33c4-98c8-495f-9f34-63cdf16532b5: start LeaderElection
2019-10-19 01:05:04,275 [390d33c4-98c8-495f-9f34-63cdf16532b5@group-EFF8D6679E36-LeaderElection409] INFO  impl.LeaderElection (LeaderElection.java:askForVotes(178)) - 390d33c4-98c8-495f-9f34-63cdf16532b5@group-EFF8D6679E36-LeaderElection409: begin an election at term 11 for 0: [7f3fb33d-9d98-4be4-bfb4-e5618e23eafb:192.168.157.213:46612, 390d33c4-98c8-495f-9f34-63cdf16532b5:192.168.157.213:40184, bd96e850-7fd3-40f8-8499-55f7f41be4fe:192.168.157.213:46800], old=null
2019-10-19 01:05:04,276 [390d33c4-98c8-495f-9f34-63cdf16532b5@group-EFF8D6679E36-LeaderElection409] INFO  impl.LeaderElection (LogUtils.java:infoOrTrace(149)) - 390d33c4-98c8-495f-9f34-63cdf16532b5@group-EFF8D6679E36-LeaderElection409 got exception when requesting votes: {}
java.util.concurrent.ExecutionException: org.apache.ratis.thirdparty.io.grpc.StatusRuntimeException: UNAVAILABLE: io exception
	at java.util.concurrent.FutureTask.report(FutureTask.java:122)
	at java.util.concurrent.FutureTask.get(FutureTask.java:192)
	at org.apache.ratis.server.impl.LeaderElection.waitForResults(LeaderElection.java:259)
	at org.apache.ratis.server.impl.LeaderElection.askForVotes(LeaderElection.java:197)
	at org.apache.ratis.server.impl.LeaderElection.run(LeaderElection.java:133)
	at java.lang.Thread.run(Thread.java:748)
Caused by: org.apache.ratis.thirdparty.io.grpc.StatusRuntimeException: UNAVAILABLE: io exception
	at org.apache.ratis.thirdparty.io.grpc.stub.ClientCalls.toStatusRuntimeException(ClientCalls.java:233)
	at org.apache.ratis.thirdparty.io.grpc.stub.ClientCalls.getUnchecked(ClientCalls.java:214)
	at org.apache.ratis.thirdparty.io.grpc.stub.ClientCalls.blockingUnaryCall(ClientCalls.java:139)
	at org.apache.ratis.proto.grpc.RaftServerProtocolServiceGrpc$RaftServerProtocolServiceBlockingStub.requestVote(RaftServerProtocolServiceGrpc.java:265)
	at org.apache.ratis.grpc.server.GrpcServerProtocolClient.requestVote(GrpcServerProtocolClient.java:99)
	at org.apache.ratis.grpc.server.GrpcService.requestVote(GrpcService.java:204)
	at org.apache.ratis.server.impl.LeaderElection.lambda$submitRequests$1(LeaderElection.java:234)
	at java.util.concurrent.FutureTask.run(FutureTask.java:266)
	at java.util.concurrent.Executors$RunnableAdapter.call(Executors.java:511)
	at java.util.concurrent.FutureTask.run(FutureTask.java:266)
	at java.util.concurrent.ThreadPoolExecutor.runWorker(ThreadPoolExecutor.java:1149)
	at java.util.concurrent.ThreadPoolExecutor$Worker.run(ThreadPoolExecutor.java:624)
	... 1 more
Caused by: org.apache.ratis.thirdparty.io.netty.channel.AbstractChannel$AnnotatedConnectException: Connection refused: /192.168.157.213:46800
	at sun.nio.ch.SocketChannelImpl.checkConnect(Native Method)
	at sun.nio.ch.SocketChannelImpl.finishConnect(SocketChannelImpl.java:717)
	at org.apache.ratis.thirdparty.io.netty.channel.socket.nio.NioSocketChannel.doFinishConnect(NioSocketChannel.java:327)
	at org.apache.ratis.thirdparty.io.netty.channel.nio.AbstractNioChannel$AbstractNioUnsafe.finishConnect(AbstractNioChannel.java:340)
	at org.apache.ratis.thirdparty.io.netty.channel.nio.NioEventLoop.processSelectedKey(NioEventLoop.java:632)
	at org.apache.ratis.thirdparty.io.netty.channel.nio.NioEventLoop.processSelectedKeysOptimized(NioEventLoop.java:579)
	at org.apache.ratis.thirdparty.io.netty.channel.nio.NioEventLoop.processSelectedKeys(NioEventLoop.java:496)
	at org.apache.ratis.thirdparty.io.netty.channel.nio.NioEventLoop.run(NioEventLoop.java:458)
	at org.apache.ratis.thirdparty.io.netty.util.concurrent.SingleThreadEventExecutor$5.run(SingleThreadEventExecutor.java:897)
	at org.apache.ratis.thirdparty.io.netty.util.concurrent.FastThreadLocalRunnable.run(FastThreadLocalRunnable.java:30)
	... 1 more
Caused by: java.net.ConnectException: Connection refused
	... 11 more
2019-10-19 01:05:04,276 [390d33c4-98c8-495f-9f34-63cdf16532b5@group-EFF8D6679E36-LeaderElection409] INFO  impl.LeaderElection (LogUtils.java:infoOrTrace(149)) - 390d33c4-98c8-495f-9f34-63cdf16532b5@group-EFF8D6679E36-LeaderElection409 got exception when requesting votes: {}
java.util.concurrent.ExecutionException: org.apache.ratis.thirdparty.io.grpc.StatusRuntimeException: UNAVAILABLE: io exception
	at java.util.concurrent.FutureTask.report(FutureTask.java:122)
	at java.util.concurrent.FutureTask.get(FutureTask.java:192)
	at org.apache.ratis.server.impl.LeaderElection.waitForResults(LeaderElection.java:259)
	at org.apache.ratis.server.impl.LeaderElection.askForVotes(LeaderElection.java:197)
	at org.apache.ratis.server.impl.LeaderElection.run(LeaderElection.java:133)
	at java.lang.Thread.run(Thread.java:748)
Caused by: org.apache.ratis.thirdparty.io.grpc.StatusRuntimeException: UNAVAILABLE: io exception
	at org.apache.ratis.thirdparty.io.grpc.stub.ClientCalls.toStatusRuntimeException(ClientCalls.java:233)
	at org.apache.ratis.thirdparty.io.grpc.stub.ClientCalls.getUnchecked(ClientCalls.java:214)
	at org.apache.ratis.thirdparty.io.grpc.stub.ClientCalls.blockingUnaryCall(ClientCalls.java:139)
	at org.apache.ratis.proto.grpc.RaftServerProtocolServiceGrpc$RaftServerProtocolServiceBlockingStub.requestVote(RaftServerProtocolServiceGrpc.java:265)
	at org.apache.ratis.grpc.server.GrpcServerProtocolClient.requestVote(GrpcServerProtocolClient.java:99)
	at org.apache.ratis.grpc.server.GrpcService.requestVote(GrpcService.java:204)
	at org.apache.ratis.server.impl.LeaderElection.lambda$submitRequests$1(LeaderElection.java:234)
	at java.util.concurrent.FutureTask.run(FutureTask.java:266)
	at java.util.concurrent.Executors$RunnableAdapter.call(Executors.java:511)
	at java.util.concurrent.FutureTask.run(FutureTask.java:266)
	at java.util.concurrent.ThreadPoolExecutor.runWorker(ThreadPoolExecutor.java:1149)
	at java.util.concurrent.ThreadPoolExecutor$Worker.run(ThreadPoolExecutor.java:624)
	... 1 more
Caused by: org.apache.ratis.thirdparty.io.netty.channel.AbstractChannel$AnnotatedConnectException: Connection refused: /192.168.157.213:46612
	at sun.nio.ch.SocketChannelImpl.checkConnect(Native Method)
	at sun.nio.ch.SocketChannelImpl.finishConnect(SocketChannelImpl.java:717)
	at org.apache.ratis.thirdparty.io.netty.channel.socket.nio.NioSocketChannel.doFinishConnect(NioSocketChannel.java:327)
	at org.apache.ratis.thirdparty.io.netty.channel.nio.AbstractNioChannel$AbstractNioUnsafe.finishConnect(AbstractNioChannel.java:340)
	at org.apache.ratis.thirdparty.io.netty.channel.nio.NioEventLoop.processSelectedKey(NioEventLoop.java:632)
	at org.apache.ratis.thirdparty.io.netty.channel.nio.NioEventLoop.processSelectedKeysOptimized(NioEventLoop.java:579)
	at org.apache.ratis.thirdparty.io.netty.channel.nio.NioEventLoop.processSelectedKeys(NioEventLoop.java:496)
	at org.apache.ratis.thirdparty.io.netty.channel.nio.NioEventLoop.run(NioEventLoop.java:458)
	at org.apache.ratis.thirdparty.io.netty.util.concurrent.SingleThreadEventExecutor$5.run(SingleThreadEventExecutor.java:897)
	at org.apache.ratis.thirdparty.io.netty.util.concurrent.FastThreadLocalRunnable.run(FastThreadLocalRunnable.java:30)
	... 1 more
Caused by: java.net.ConnectException: Connection refused
	... 11 more
2019-10-19 01:05:04,277 [390d33c4-98c8-495f-9f34-63cdf16532b5@group-EFF8D6679E36-LeaderElection409] INFO  impl.LeaderElection (LeaderElection.java:logAndReturn(56)) - 390d33c4-98c8-495f-9f34-63cdf16532b5@group-EFF8D6679E36-LeaderElection409: Election REJECTED; received 0 response(s) [] and 2 exception(s); 390d33c4-98c8-495f-9f34-63cdf16532b5@group-EFF8D6679E36:t11, leader=null, voted=390d33c4-98c8-495f-9f34-63cdf16532b5, raftlog=390d33c4-98c8-495f-9f34-63cdf16532b5@group-EFF8D6679E36-SegmentedRaftLog:OPENED:c20,f20,i20, conf=0: [7f3fb33d-9d98-4be4-bfb4-e5618e23eafb:192.168.157.213:46612, 390d33c4-98c8-495f-9f34-63cdf16532b5:192.168.157.213:40184, bd96e850-7fd3-40f8-8499-55f7f41be4fe:192.168.157.213:46800], old=null
2019-10-19 01:05:04,277 [390d33c4-98c8-495f-9f34-63cdf16532b5@group-EFF8D6679E36-LeaderElection409] INFO  impl.LeaderElection (LogUtils.java:infoOrTrace(149)) -   Exception 0: {}
java.util.concurrent.ExecutionException: org.apache.ratis.thirdparty.io.grpc.StatusRuntimeException: UNAVAILABLE: io exception
	at java.util.concurrent.FutureTask.report(FutureTask.java:122)
	at java.util.concurrent.FutureTask.get(FutureTask.java:192)
	at org.apache.ratis.server.impl.LeaderElection.waitForResults(LeaderElection.java:259)
	at org.apache.ratis.server.impl.LeaderElection.askForVotes(LeaderElection.java:197)
	at org.apache.ratis.server.impl.LeaderElection.run(LeaderElection.java:133)
	at java.lang.Thread.run(Thread.java:748)
Caused by: org.apache.ratis.thirdparty.io.grpc.StatusRuntimeException: UNAVAILABLE: io exception
	at org.apache.ratis.thirdparty.io.grpc.stub.ClientCalls.toStatusRuntimeException(ClientCalls.java:233)
	at org.apache.ratis.thirdparty.io.grpc.stub.ClientCalls.getUnchecked(ClientCalls.java:214)
	at org.apache.ratis.thirdparty.io.grpc.stub.ClientCalls.blockingUnaryCall(ClientCalls.java:139)
	at org.apache.ratis.proto.grpc.RaftServerProtocolServiceGrpc$RaftServerProtocolServiceBlockingStub.requestVote(RaftServerProtocolServiceGrpc.java:265)
	at org.apache.ratis.grpc.server.GrpcServerProtocolClient.requestVote(GrpcServerProtocolClient.java:99)
	at org.apache.ratis.grpc.server.GrpcService.requestVote(GrpcService.java:204)
	at org.apache.ratis.server.impl.LeaderElection.lambda$submitRequests$1(LeaderElection.java:234)
	at java.util.concurrent.FutureTask.run(FutureTask.java:266)
	at java.util.concurrent.Executors$RunnableAdapter.call(Executors.java:511)
	at java.util.concurrent.FutureTask.run(FutureTask.java:266)
	at java.util.concurrent.ThreadPoolExecutor.runWorker(ThreadPoolExecutor.java:1149)
	at java.util.concurrent.ThreadPoolExecutor$Worker.run(ThreadPoolExecutor.java:624)
	... 1 more
Caused by: org.apache.ratis.thirdparty.io.netty.channel.AbstractChannel$AnnotatedConnectException: Connection refused: /192.168.157.213:46800
	at sun.nio.ch.SocketChannelImpl.checkConnect(Native Method)
	at sun.nio.ch.SocketChannelImpl.finishConnect(SocketChannelImpl.java:717)
	at org.apache.ratis.thirdparty.io.netty.channel.socket.nio.NioSocketChannel.doFinishConnect(NioSocketChannel.java:327)
	at org.apache.ratis.thirdparty.io.netty.channel.nio.AbstractNioChannel$AbstractNioUnsafe.finishConnect(AbstractNioChannel.java:340)
	at org.apache.ratis.thirdparty.io.netty.channel.nio.NioEventLoop.processSelectedKey(NioEventLoop.java:632)
	at org.apache.ratis.thirdparty.io.netty.channel.nio.NioEventLoop.processSelectedKeysOptimized(NioEventLoop.java:579)
	at org.apache.ratis.thirdparty.io.netty.channel.nio.NioEventLoop.processSelectedKeys(NioEventLoop.java:496)
	at org.apache.ratis.thirdparty.io.netty.channel.nio.NioEventLoop.run(NioEventLoop.java:458)
	at org.apache.ratis.thirdparty.io.netty.util.concurrent.SingleThreadEventExecutor$5.run(SingleThreadEventExecutor.java:897)
	at org.apache.ratis.thirdparty.io.netty.util.concurrent.FastThreadLocalRunnable.run(FastThreadLocalRunnable.java:30)
	... 1 more
Caused by: java.net.ConnectException: Connection refused
	... 11 more
2019-10-19 01:05:04,277 [390d33c4-98c8-495f-9f34-63cdf16532b5@group-EFF8D6679E36-LeaderElection409] INFO  impl.LeaderElection (LogUtils.java:infoOrTrace(149)) -   Exception 1: {}
java.util.concurrent.ExecutionException: org.apache.ratis.thirdparty.io.grpc.StatusRuntimeException: UNAVAILABLE: io exception
	at java.util.concurrent.FutureTask.report(FutureTask.java:122)
	at java.util.concurrent.FutureTask.get(FutureTask.java:192)
	at org.apache.ratis.server.impl.LeaderElection.waitForResults(LeaderElection.java:259)
	at org.apache.ratis.server.impl.LeaderElection.askForVotes(LeaderElection.java:197)
	at org.apache.ratis.server.impl.LeaderElection.run(LeaderElection.java:133)
	at java.lang.Thread.run(Thread.java:748)
Caused by: org.apache.ratis.thirdparty.io.grpc.StatusRuntimeException: UNAVAILABLE: io exception
	at org.apache.ratis.thirdparty.io.grpc.stub.ClientCalls.toStatusRuntimeException(ClientCalls.java:233)
	at org.apache.ratis.thirdparty.io.grpc.stub.ClientCalls.getUnchecked(ClientCalls.java:214)
	at org.apache.ratis.thirdparty.io.grpc.stub.ClientCalls.blockingUnaryCall(ClientCalls.java:139)
	at org.apache.ratis.proto.grpc.RaftServerProtocolServiceGrpc$RaftServerProtocolServiceBlockingStub.requestVote(RaftServerProtocolServiceGrpc.java:265)
	at org.apache.ratis.grpc.server.GrpcServerProtocolClient.requestVote(GrpcServerProtocolClient.java:99)
	at org.apache.ratis.grpc.server.GrpcService.requestVote(GrpcService.java:204)
	at org.apache.ratis.server.impl.LeaderElection.lambda$submitRequests$1(LeaderElection.java:234)
	at java.util.concurrent.FutureTask.run(FutureTask.java:266)
	at java.util.concurrent.Executors$RunnableAdapter.call(Executors.java:511)
	at java.util.concurrent.FutureTask.run(FutureTask.java:266)
	at java.util.concurrent.ThreadPoolExecutor.runWorker(ThreadPoolExecutor.java:1149)
	at java.util.concurrent.ThreadPoolExecutor$Worker.run(ThreadPoolExecutor.java:624)
	... 1 more
Caused by: org.apache.ratis.thirdparty.io.netty.channel.AbstractChannel$AnnotatedConnectException: Connection refused: /192.168.157.213:46612
	at sun.nio.ch.SocketChannelImpl.checkConnect(Native Method)
	at sun.nio.ch.SocketChannelImpl.finishConnect(SocketChannelImpl.java:717)
	at org.apache.ratis.thirdparty.io.netty.channel.socket.nio.NioSocketChannel.doFinishConnect(NioSocketChannel.java:327)
	at org.apache.ratis.thirdparty.io.netty.channel.nio.AbstractNioChannel$AbstractNioUnsafe.finishConnect(AbstractNioChannel.java:340)
	at org.apache.ratis.thirdparty.io.netty.channel.nio.NioEventLoop.processSelectedKey(NioEventLoop.java:632)
	at org.apache.ratis.thirdparty.io.netty.channel.nio.NioEventLoop.processSelectedKeysOptimized(NioEventLoop.java:579)
	at org.apache.ratis.thirdparty.io.netty.channel.nio.NioEventLoop.processSelectedKeys(NioEventLoop.java:496)
	at org.apache.ratis.thirdparty.io.netty.channel.nio.NioEventLoop.run(NioEventLoop.java:458)
	at org.apache.ratis.thirdparty.io.netty.util.concurrent.SingleThreadEventExecutor$5.run(SingleThreadEventExecutor.java:897)
	at org.apache.ratis.thirdparty.io.netty.util.concurrent.FastThreadLocalRunnable.run(FastThreadLocalRunnable.java:30)
	... 1 more
Caused by: java.net.ConnectException: Connection refused
	... 11 more
2019-10-19 01:05:04,278 [390d33c4-98c8-495f-9f34-63cdf16532b5@group-EFF8D6679E36-LeaderElection409] INFO  impl.RaftServerImpl (RaftServerImpl.java:setRole(184)) - 390d33c4-98c8-495f-9f34-63cdf16532b5@group-EFF8D6679E36: changes role from CANDIDATE to FOLLOWER at term 11 for DISCOVERED_A_NEW_TERM
2019-10-19 01:05:04,278 [390d33c4-98c8-495f-9f34-63cdf16532b5@group-EFF8D6679E36-LeaderElection409] INFO  impl.RoleInfo (RoleInfo.java:shutdownLeaderElection(134)) - 390d33c4-98c8-495f-9f34-63cdf16532b5: shutdown LeaderElection
2019-10-19 01:05:04,278 [390d33c4-98c8-495f-9f34-63cdf16532b5@group-EFF8D6679E36-LeaderElection409] INFO  impl.RoleInfo (RoleInfo.java:updateAndGet(143)) - 390d33c4-98c8-495f-9f34-63cdf16532b5: start FollowerState
2019-10-19 01:05:04,391 [Thread-2964] INFO  impl.FollowerState (FollowerState.java:run(108)) - a1c78c0e-869c-4f76-b4ce-2034448e0b80@group-D48B69A44692-FollowerState: change to CANDIDATE, lastRpcTime:196ms, electionTimeout:196ms
2019-10-19 01:05:04,393 [Thread-2964] INFO  impl.RoleInfo (RoleInfo.java:shutdownFollowerState(121)) - a1c78c0e-869c-4f76-b4ce-2034448e0b80: shutdown FollowerState
2019-10-19 01:05:04,393 [Thread-2964] INFO  impl.RaftServerImpl (RaftServerImpl.java:setRole(184)) - a1c78c0e-869c-4f76-b4ce-2034448e0b80@group-D48B69A44692: changes role from  FOLLOWER to CANDIDATE at term 299 for changeToCandidate
2019-10-19 01:05:04,393 [Thread-2964] INFO  impl.RoleInfo (RoleInfo.java:updateAndGet(143)) - a1c78c0e-869c-4f76-b4ce-2034448e0b80: start LeaderElection
2019-10-19 01:05:04,420 [a1c78c0e-869c-4f76-b4ce-2034448e0b80@group-D48B69A44692-LeaderElection410] INFO  impl.LeaderElection (LeaderElection.java:askForVotes(178)) - a1c78c0e-869c-4f76-b4ce-2034448e0b80@group-D48B69A44692-LeaderElection410: begin an election at term 300 for -1: [51276c3c-a3b8-4274-b089-592ff4589f41:192.168.157.213:36639, 64c90977-e867-487c-b50d-c226f2d34a76:192.168.157.213:37433, a1c78c0e-869c-4f76-b4ce-2034448e0b80:192.168.157.213:33501], old=null
2019-10-19 01:05:04,420 [a1c78c0e-869c-4f76-b4ce-2034448e0b80@group-D48B69A44692-LeaderElection410] INFO  impl.LeaderElection (LogUtils.java:infoOrTrace(149)) - a1c78c0e-869c-4f76-b4ce-2034448e0b80@group-D48B69A44692-LeaderElection410 got exception when requesting votes: {}
java.util.concurrent.ExecutionException: org.apache.ratis.thirdparty.io.grpc.StatusRuntimeException: UNAVAILABLE: io exception
	at java.util.concurrent.FutureTask.report(FutureTask.java:122)
	at java.util.concurrent.FutureTask.get(FutureTask.java:192)
	at org.apache.ratis.server.impl.LeaderElection.waitForResults(LeaderElection.java:259)
	at org.apache.ratis.server.impl.LeaderElection.askForVotes(LeaderElection.java:197)
	at org.apache.ratis.server.impl.LeaderElection.run(LeaderElection.java:133)
	at java.lang.Thread.run(Thread.java:748)
Caused by: org.apache.ratis.thirdparty.io.grpc.StatusRuntimeException: UNAVAILABLE: io exception
	at org.apache.ratis.thirdparty.io.grpc.stub.ClientCalls.toStatusRuntimeException(ClientCalls.java:233)
	at org.apache.ratis.thirdparty.io.grpc.stub.ClientCalls.getUnchecked(ClientCalls.java:214)
	at org.apache.ratis.thirdparty.io.grpc.stub.ClientCalls.blockingUnaryCall(ClientCalls.java:139)
	at org.apache.ratis.proto.grpc.RaftServerProtocolServiceGrpc$RaftServerProtocolServiceBlockingStub.requestVote(RaftServerProtocolServiceGrpc.java:265)
	at org.apache.ratis.grpc.server.GrpcServerProtocolClient.requestVote(GrpcServerProtocolClient.java:99)
	at org.apache.ratis.grpc.server.GrpcService.requestVote(GrpcService.java:204)
	at org.apache.ratis.server.impl.LeaderElection.lambda$submitRequests$1(LeaderElection.java:234)
	at java.util.concurrent.FutureTask.run(FutureTask.java:266)
	at java.util.concurrent.Executors$RunnableAdapter.call(Executors.java:511)
	at java.util.concurrent.FutureTask.run(FutureTask.java:266)
	at java.util.concurrent.ThreadPoolExecutor.runWorker(ThreadPoolExecutor.java:1149)
	at java.util.concurrent.ThreadPoolExecutor$Worker.run(ThreadPoolExecutor.java:624)
	... 1 more
Caused by: org.apache.ratis.thirdparty.io.netty.channel.AbstractChannel$AnnotatedConnectException: Connection refused: /192.168.157.213:36639
	at sun.nio.ch.SocketChannelImpl.checkConnect(Native Method)
	at sun.nio.ch.SocketChannelImpl.finishConnect(SocketChannelImpl.java:717)
	at org.apache.ratis.thirdparty.io.netty.channel.socket.nio.NioSocketChannel.doFinishConnect(NioSocketChannel.java:327)
	at org.apache.ratis.thirdparty.io.netty.channel.nio.AbstractNioChannel$AbstractNioUnsafe.finishConnect(AbstractNioChannel.java:340)
	at org.apache.ratis.thirdparty.io.netty.channel.nio.NioEventLoop.processSelectedKey(NioEventLoop.java:632)
	at org.apache.ratis.thirdparty.io.netty.channel.nio.NioEventLoop.processSelectedKeysOptimized(NioEventLoop.java:579)
	at org.apache.ratis.thirdparty.io.netty.channel.nio.NioEventLoop.processSelectedKeys(NioEventLoop.java:496)
	at org.apache.ratis.thirdparty.io.netty.channel.nio.NioEventLoop.run(NioEventLoop.java:458)
	at org.apache.ratis.thirdparty.io.netty.util.concurrent.SingleThreadEventExecutor$5.run(SingleThreadEventExecutor.java:897)
	at org.apache.ratis.thirdparty.io.netty.util.concurrent.FastThreadLocalRunnable.run(FastThreadLocalRunnable.java:30)
	... 1 more
Caused by: java.net.ConnectException: Connection refused
	... 11 more
2019-10-19 01:05:04,421 [a1c78c0e-869c-4f76-b4ce-2034448e0b80@group-D48B69A44692-LeaderElection410] INFO  impl.LeaderElection (LogUtils.java:infoOrTrace(149)) - a1c78c0e-869c-4f76-b4ce-2034448e0b80@group-D48B69A44692-LeaderElection410 got exception when requesting votes: {}
java.util.concurrent.ExecutionException: org.apache.ratis.thirdparty.io.grpc.StatusRuntimeException: UNAVAILABLE: io exception
	at java.util.concurrent.FutureTask.report(FutureTask.java:122)
	at java.util.concurrent.FutureTask.get(FutureTask.java:192)
	at org.apache.ratis.server.impl.LeaderElection.waitForResults(LeaderElection.java:259)
	at org.apache.ratis.server.impl.LeaderElection.askForVotes(LeaderElection.java:197)
	at org.apache.ratis.server.impl.LeaderElection.run(LeaderElection.java:133)
	at java.lang.Thread.run(Thread.java:748)
Caused by: org.apache.ratis.thirdparty.io.grpc.StatusRuntimeException: UNAVAILABLE: io exception
	at org.apache.ratis.thirdparty.io.grpc.stub.ClientCalls.toStatusRuntimeException(ClientCalls.java:233)
	at org.apache.ratis.thirdparty.io.grpc.stub.ClientCalls.getUnchecked(ClientCalls.java:214)
	at org.apache.ratis.thirdparty.io.grpc.stub.ClientCalls.blockingUnaryCall(ClientCalls.java:139)
	at org.apache.ratis.proto.grpc.RaftServerProtocolServiceGrpc$RaftServerProtocolServiceBlockingStub.requestVote(RaftServerProtocolServiceGrpc.java:265)
	at org.apache.ratis.grpc.server.GrpcServerProtocolClient.requestVote(GrpcServerProtocolClient.java:99)
	at org.apache.ratis.grpc.server.GrpcService.requestVote(GrpcService.java:204)
	at org.apache.ratis.server.impl.LeaderElection.lambda$submitRequests$1(LeaderElection.java:234)
	at java.util.concurrent.FutureTask.run(FutureTask.java:266)
	at java.util.concurrent.Executors$RunnableAdapter.call(Executors.java:511)
	at java.util.concurrent.FutureTask.run(FutureTask.java:266)
	at java.util.concurrent.ThreadPoolExecutor.runWorker(ThreadPoolExecutor.java:1149)
	at java.util.concurrent.ThreadPoolExecutor$Worker.run(ThreadPoolExecutor.java:624)
	... 1 more
Caused by: org.apache.ratis.thirdparty.io.netty.channel.AbstractChannel$AnnotatedConnectException: Connection refused: /192.168.157.213:37433
	at sun.nio.ch.SocketChannelImpl.checkConnect(Native Method)
	at sun.nio.ch.SocketChannelImpl.finishConnect(SocketChannelImpl.java:717)
	at org.apache.ratis.thirdparty.io.netty.channel.socket.nio.NioSocketChannel.doFinishConnect(NioSocketChannel.java:327)
	at org.apache.ratis.thirdparty.io.netty.channel.nio.AbstractNioChannel$AbstractNioUnsafe.finishConnect(AbstractNioChannel.java:340)
	at org.apache.ratis.thirdparty.io.netty.channel.nio.NioEventLoop.processSelectedKey(NioEventLoop.java:632)
	at org.apache.ratis.thirdparty.io.netty.channel.nio.NioEventLoop.processSelectedKeysOptimized(NioEventLoop.java:579)
	at org.apache.ratis.thirdparty.io.netty.channel.nio.NioEventLoop.processSelectedKeys(NioEventLoop.java:496)
	at org.apache.ratis.thirdparty.io.netty.channel.nio.NioEventLoop.run(NioEventLoop.java:458)
	at org.apache.ratis.thirdparty.io.netty.util.concurrent.SingleThreadEventExecutor$5.run(SingleThreadEventExecutor.java:897)
	at org.apache.ratis.thirdparty.io.netty.util.concurrent.FastThreadLocalRunnable.run(FastThreadLocalRunnable.java:30)
	... 1 more
Caused by: java.net.ConnectException: Connection refused
	... 11 more
2019-10-19 01:05:04,421 [a1c78c0e-869c-4f76-b4ce-2034448e0b80@group-D48B69A44692-LeaderElection410] INFO  impl.LeaderElection (LeaderElection.java:logAndReturn(56)) - a1c78c0e-869c-4f76-b4ce-2034448e0b80@group-D48B69A44692-LeaderElection410: Election REJECTED; received 0 response(s) [] and 2 exception(s); a1c78c0e-869c-4f76-b4ce-2034448e0b80@group-D48B69A44692:t300, leader=null, voted=a1c78c0e-869c-4f76-b4ce-2034448e0b80, raftlog=a1c78c0e-869c-4f76-b4ce-2034448e0b80@group-D48B69A44692-SegmentedRaftLog:OPENED:c-1,f-1,i0, conf=-1: [51276c3c-a3b8-4274-b089-592ff4589f41:192.168.157.213:36639, 64c90977-e867-487c-b50d-c226f2d34a76:192.168.157.213:37433, a1c78c0e-869c-4f76-b4ce-2034448e0b80:192.168.157.213:33501], old=null
2019-10-19 01:05:04,421 [a1c78c0e-869c-4f76-b4ce-2034448e0b80@group-D48B69A44692-LeaderElection410] INFO  impl.LeaderElection (LogUtils.java:infoOrTrace(149)) -   Exception 0: {}
java.util.concurrent.ExecutionException: org.apache.ratis.thirdparty.io.grpc.StatusRuntimeException: UNAVAILABLE: io exception
	at java.util.concurrent.FutureTask.report(FutureTask.java:122)
	at java.util.concurrent.FutureTask.get(FutureTask.java:192)
	at org.apache.ratis.server.impl.LeaderElection.waitForResults(LeaderElection.java:259)
	at org.apache.ratis.server.impl.LeaderElection.askForVotes(LeaderElection.java:197)
	at org.apache.ratis.server.impl.LeaderElection.run(LeaderElection.java:133)
	at java.lang.Thread.run(Thread.java:748)
Caused by: org.apache.ratis.thirdparty.io.grpc.StatusRuntimeException: UNAVAILABLE: io exception
	at org.apache.ratis.thirdparty.io.grpc.stub.ClientCalls.toStatusRuntimeException(ClientCalls.java:233)
	at org.apache.ratis.thirdparty.io.grpc.stub.ClientCalls.getUnchecked(ClientCalls.java:214)
	at org.apache.ratis.thirdparty.io.grpc.stub.ClientCalls.blockingUnaryCall(ClientCalls.java:139)
	at org.apache.ratis.proto.grpc.RaftServerProtocolServiceGrpc$RaftServerProtocolServiceBlockingStub.requestVote(RaftServerProtocolServiceGrpc.java:265)
	at org.apache.ratis.grpc.server.GrpcServerProtocolClient.requestVote(GrpcServerProtocolClient.java:99)
	at org.apache.ratis.grpc.server.GrpcService.requestVote(GrpcService.java:204)
	at org.apache.ratis.server.impl.LeaderElection.lambda$submitRequests$1(LeaderElection.java:234)
	at java.util.concurrent.FutureTask.run(FutureTask.java:266)
	at java.util.concurrent.Executors$RunnableAdapter.call(Executors.java:511)
	at java.util.concurrent.FutureTask.run(FutureTask.java:266)
	at java.util.concurrent.ThreadPoolExecutor.runWorker(ThreadPoolExecutor.java:1149)
	at java.util.concurrent.ThreadPoolExecutor$Worker.run(ThreadPoolExecutor.java:624)
	... 1 more
Caused by: org.apache.ratis.thirdparty.io.netty.channel.AbstractChannel$AnnotatedConnectException: Connection refused: /192.168.157.213:36639
	at sun.nio.ch.SocketChannelImpl.checkConnect(Native Method)
	at sun.nio.ch.SocketChannelImpl.finishConnect(SocketChannelImpl.java:717)
	at org.apache.ratis.thirdparty.io.netty.channel.socket.nio.NioSocketChannel.doFinishConnect(NioSocketChannel.java:327)
	at org.apache.ratis.thirdparty.io.netty.channel.nio.AbstractNioChannel$AbstractNioUnsafe.finishConnect(AbstractNioChannel.java:340)
	at org.apache.ratis.thirdparty.io.netty.channel.nio.NioEventLoop.processSelectedKey(NioEventLoop.java:632)
	at org.apache.ratis.thirdparty.io.netty.channel.nio.NioEventLoop.processSelectedKeysOptimized(NioEventLoop.java:579)
	at org.apache.ratis.thirdparty.io.netty.channel.nio.NioEventLoop.processSelectedKeys(NioEventLoop.java:496)
	at org.apache.ratis.thirdparty.io.netty.channel.nio.NioEventLoop.run(NioEventLoop.java:458)
	at org.apache.ratis.thirdparty.io.netty.util.concurrent.SingleThreadEventExecutor$5.run(SingleThreadEventExecutor.java:897)
	at org.apache.ratis.thirdparty.io.netty.util.concurrent.FastThreadLocalRunnable.run(FastThreadLocalRunnable.java:30)
	... 1 more
Caused by: java.net.ConnectException: Connection refused
	... 11 more
2019-10-19 01:05:04,422 [a1c78c0e-869c-4f76-b4ce-2034448e0b80@group-D48B69A44692-LeaderElection410] INFO  impl.LeaderElection (LogUtils.java:infoOrTrace(149)) -   Exception 1: {}
java.util.concurrent.ExecutionException: org.apache.ratis.thirdparty.io.grpc.StatusRuntimeException: UNAVAILABLE: io exception
	at java.util.concurrent.FutureTask.report(FutureTask.java:122)
	at java.util.concurrent.FutureTask.get(FutureTask.java:192)
	at org.apache.ratis.server.impl.LeaderElection.waitForResults(LeaderElection.java:259)
	at org.apache.ratis.server.impl.LeaderElection.askForVotes(LeaderElection.java:197)
	at org.apache.ratis.server.impl.LeaderElection.run(LeaderElection.java:133)
	at java.lang.Thread.run(Thread.java:748)
Caused by: org.apache.ratis.thirdparty.io.grpc.StatusRuntimeException: UNAVAILABLE: io exception
	at org.apache.ratis.thirdparty.io.grpc.stub.ClientCalls.toStatusRuntimeException(ClientCalls.java:233)
	at org.apache.ratis.thirdparty.io.grpc.stub.ClientCalls.getUnchecked(ClientCalls.java:214)
	at org.apache.ratis.thirdparty.io.grpc.stub.ClientCalls.blockingUnaryCall(ClientCalls.java:139)
	at org.apache.ratis.proto.grpc.RaftServerProtocolServiceGrpc$RaftServerProtocolServiceBlockingStub.requestVote(RaftServerProtocolServiceGrpc.java:265)
	at org.apache.ratis.grpc.server.GrpcServerProtocolClient.requestVote(GrpcServerProtocolClient.java:99)
	at org.apache.ratis.grpc.server.GrpcService.requestVote(GrpcService.java:204)
	at org.apache.ratis.server.impl.LeaderElection.lambda$submitRequests$1(LeaderElection.java:234)
	at java.util.concurrent.FutureTask.run(FutureTask.java:266)
	at java.util.concurrent.Executors$RunnableAdapter.call(Executors.java:511)
	at java.util.concurrent.FutureTask.run(FutureTask.java:266)
	at java.util.concurrent.ThreadPoolExecutor.runWorker(ThreadPoolExecutor.java:1149)
	at java.util.concurrent.ThreadPoolExecutor$Worker.run(ThreadPoolExecutor.java:624)
	... 1 more
Caused by: org.apache.ratis.thirdparty.io.netty.channel.AbstractChannel$AnnotatedConnectException: Connection refused: /192.168.157.213:37433
	at sun.nio.ch.SocketChannelImpl.checkConnect(Native Method)
	at sun.nio.ch.SocketChannelImpl.finishConnect(SocketChannelImpl.java:717)
	at org.apache.ratis.thirdparty.io.netty.channel.socket.nio.NioSocketChannel.doFinishConnect(NioSocketChannel.java:327)
	at org.apache.ratis.thirdparty.io.netty.channel.nio.AbstractNioChannel$AbstractNioUnsafe.finishConnect(AbstractNioChannel.java:340)
	at org.apache.ratis.thirdparty.io.netty.channel.nio.NioEventLoop.processSelectedKey(NioEventLoop.java:632)
	at org.apache.ratis.thirdparty.io.netty.channel.nio.NioEventLoop.processSelectedKeysOptimized(NioEventLoop.java:579)
	at org.apache.ratis.thirdparty.io.netty.channel.nio.NioEventLoop.processSelectedKeys(NioEventLoop.java:496)
	at org.apache.ratis.thirdparty.io.netty.channel.nio.NioEventLoop.run(NioEventLoop.java:458)
	at org.apache.ratis.thirdparty.io.netty.util.concurrent.SingleThreadEventExecutor$5.run(SingleThreadEventExecutor.java:897)
	at org.apache.ratis.thirdparty.io.netty.util.concurrent.FastThreadLocalRunnable.run(FastThreadLocalRunnable.java:30)
	... 1 more
Caused by: java.net.ConnectException: Connection refused
	... 11 more
2019-10-19 01:05:04,422 [a1c78c0e-869c-4f76-b4ce-2034448e0b80@group-D48B69A44692-LeaderElection410] INFO  impl.RaftServerImpl (RaftServerImpl.java:setRole(184)) - a1c78c0e-869c-4f76-b4ce-2034448e0b80@group-D48B69A44692: changes role from CANDIDATE to FOLLOWER at term 300 for DISCOVERED_A_NEW_TERM
2019-10-19 01:05:04,422 [a1c78c0e-869c-4f76-b4ce-2034448e0b80@group-D48B69A44692-LeaderElection410] INFO  impl.RoleInfo (RoleInfo.java:shutdownLeaderElection(134)) - a1c78c0e-869c-4f76-b4ce-2034448e0b80: shutdown LeaderElection
2019-10-19 01:05:04,422 [a1c78c0e-869c-4f76-b4ce-2034448e0b80@group-D48B69A44692-LeaderElection410] INFO  impl.RoleInfo (RoleInfo.java:updateAndGet(143)) - a1c78c0e-869c-4f76-b4ce-2034448e0b80: start FollowerState
2019-10-19 01:05:04,505 [main] INFO  ozoneimpl.OzoneContainer (OzoneContainer.java:stop(227)) - Attempting to stop container services.
2019-10-19 01:05:04,505 [ForkJoinPool.commonPool-worker-0] INFO  ozoneimpl.OzoneContainer (OzoneContainer.java:stop(227)) - Attempting to stop container services.
2019-10-19 01:05:04,506 [main] INFO  impl.RaftServerProxy (RaftServerProxy.java:lambda$close$4(314)) - a1c78c0e-869c-4f76-b4ce-2034448e0b80: close
2019-10-19 01:05:04,506 [ForkJoinPool.commonPool-worker-0] INFO  impl.RaftServerProxy (RaftServerProxy.java:lambda$close$4(314)) - 390d33c4-98c8-495f-9f34-63cdf16532b5: close
2019-10-19 01:05:04,507 [main] INFO  impl.RaftServerImpl (RaftServerImpl.java:lambda$shutdown$3(261)) - a1c78c0e-869c-4f76-b4ce-2034448e0b80@group-D48B69A44692: shutdown
2019-10-19 01:05:04,507 [ForkJoinPool.commonPool-worker-0] INFO  impl.RaftServerImpl (RaftServerImpl.java:lambda$shutdown$3(261)) - 390d33c4-98c8-495f-9f34-63cdf16532b5@group-342EE665C0AD: shutdown
2019-10-19 01:05:04,507 [main] INFO  util.JmxRegister (JmxRegister.java:unregister(73)) - Successfully un-registered JMX Bean with object name Ratis:service=RaftServer,group=group-D48B69A44692,id=a1c78c0e-869c-4f76-b4ce-2034448e0b80
2019-10-19 01:05:04,507 [ForkJoinPool.commonPool-worker-0] INFO  util.JmxRegister (JmxRegister.java:unregister(73)) - Successfully un-registered JMX Bean with object name Ratis:service=RaftServer,group=group-342EE665C0AD,id=390d33c4-98c8-495f-9f34-63cdf16532b5
2019-10-19 01:05:04,507 [main] INFO  impl.RoleInfo (RoleInfo.java:shutdownFollowerState(121)) - a1c78c0e-869c-4f76-b4ce-2034448e0b80: shutdown FollowerState
2019-10-19 01:05:04,507 [ForkJoinPool.commonPool-worker-0] INFO  impl.RoleInfo (RoleInfo.java:shutdownLeaderState(104)) - 390d33c4-98c8-495f-9f34-63cdf16532b5: shutdown LeaderState
2019-10-19 01:05:04,508 [main] INFO  impl.StateMachineUpdater (StateMachineUpdater.java:stopAndJoin(136)) - a1c78c0e-869c-4f76-b4ce-2034448e0b80@group-D48B69A44692-StateMachineUpdater: set stopIndex = -1
2019-10-19 01:05:04,508 [ForkJoinPool.commonPool-worker-0] INFO  impl.PendingRequests (PendingRequests.java:sendNotLeaderResponses(202)) - 390d33c4-98c8-495f-9f34-63cdf16532b5@group-342EE665C0AD-PendingRequests: sendNotLeaderResponses
2019-10-19 01:05:04,508 [Thread-2972] INFO  impl.FollowerState (FollowerState.java:run(117)) - a1c78c0e-869c-4f76-b4ce-2034448e0b80@group-D48B69A44692-FollowerState was interrupted: java.lang.InterruptedException: sleep interrupted
2019-10-19 01:05:04,508 [main] INFO  impl.RaftServerImpl (ServerState.java:close(388)) - a1c78c0e-869c-4f76-b4ce-2034448e0b80@group-D48B69A44692: closes. applyIndex: -1
2019-10-19 01:05:04,509 [ForkJoinPool.commonPool-worker-0] INFO  impl.StateMachineUpdater (StateMachineUpdater.java:stopAndJoin(136)) - 390d33c4-98c8-495f-9f34-63cdf16532b5@group-342EE665C0AD-StateMachineUpdater: set stopIndex = 0
2019-10-19 01:05:04,509 [a1c78c0e-869c-4f76-b4ce-2034448e0b80@group-D48B69A44692-SegmentedRaftLogWorker] INFO  segmented.SegmentedRaftLogWorker (SegmentedRaftLogWorker.java:run(316)) - a1c78c0e-869c-4f76-b4ce-2034448e0b80@group-D48B69A44692-SegmentedRaftLogWorker was interrupted, exiting. There are 0 tasks remaining in the queue.
2019-10-19 01:05:04,509 [main] INFO  segmented.SegmentedRaftLogWorker (SegmentedRaftLogWorker.java:close(224)) - a1c78c0e-869c-4f76-b4ce-2034448e0b80@group-D48B69A44692-SegmentedRaftLogWorker close()
2019-10-19 01:05:04,511 [ForkJoinPool.commonPool-worker-0] INFO  impl.RaftServerImpl (ServerState.java:close(388)) - 390d33c4-98c8-495f-9f34-63cdf16532b5@group-342EE665C0AD: closes. applyIndex: 0
2019-10-19 01:05:04,511 [main] INFO  impl.RaftServerImpl (RaftServerImpl.java:lambda$shutdown$3(261)) - a1c78c0e-869c-4f76-b4ce-2034448e0b80@group-2A2116625E33: shutdown
2019-10-19 01:05:04,511 [390d33c4-98c8-495f-9f34-63cdf16532b5@group-342EE665C0AD-SegmentedRaftLogWorker] INFO  segmented.SegmentedRaftLogWorker (SegmentedRaftLogWorker.java:run(316)) - 390d33c4-98c8-495f-9f34-63cdf16532b5@group-342EE665C0AD-SegmentedRaftLogWorker was interrupted, exiting. There are 0 tasks remaining in the queue.
2019-10-19 01:05:04,511 [main] INFO  util.JmxRegister (JmxRegister.java:unregister(73)) - Successfully un-registered JMX Bean with object name Ratis:service=RaftServer,group=group-2A2116625E33,id=a1c78c0e-869c-4f76-b4ce-2034448e0b80
2019-10-19 01:05:04,511 [ForkJoinPool.commonPool-worker-0] INFO  segmented.SegmentedRaftLogWorker (SegmentedRaftLogWorker.java:close(224)) - 390d33c4-98c8-495f-9f34-63cdf16532b5@group-342EE665C0AD-SegmentedRaftLogWorker close()
2019-10-19 01:05:04,511 [main] INFO  impl.RoleInfo (RoleInfo.java:shutdownLeaderState(104)) - a1c78c0e-869c-4f76-b4ce-2034448e0b80: shutdown LeaderState
2019-10-19 01:05:04,512 [ForkJoinPool.commonPool-worker-0] INFO  impl.RaftServerImpl (RaftServerImpl.java:lambda$shutdown$3(261)) - 390d33c4-98c8-495f-9f34-63cdf16532b5@group-EFF8D6679E36: shutdown
2019-10-19 01:05:04,512 [main] INFO  impl.PendingRequests (PendingRequests.java:sendNotLeaderResponses(202)) - a1c78c0e-869c-4f76-b4ce-2034448e0b80@group-2A2116625E33-PendingRequests: sendNotLeaderResponses
2019-10-19 01:05:04,512 [ForkJoinPool.commonPool-worker-0] INFO  util.JmxRegister (JmxRegister.java:unregister(73)) - Successfully un-registered JMX Bean with object name Ratis:service=RaftServer,group=group-EFF8D6679E36,id=390d33c4-98c8-495f-9f34-63cdf16532b5
2019-10-19 01:05:04,513 [ForkJoinPool.commonPool-worker-0] INFO  impl.RoleInfo (RoleInfo.java:shutdownFollowerState(121)) - 390d33c4-98c8-495f-9f34-63cdf16532b5: shutdown FollowerState
2019-10-19 01:05:04,513 [main] INFO  impl.StateMachineUpdater (StateMachineUpdater.java:stopAndJoin(136)) - a1c78c0e-869c-4f76-b4ce-2034448e0b80@group-2A2116625E33-StateMachineUpdater: set stopIndex = 0
2019-10-19 01:05:04,513 [390d33c4-98c8-495f-9f34-63cdf16532b5@group-EFF8D6679E36-StateMachineUpdater] INFO  ratis.ContainerStateMachine (ContainerStateMachine.java:takeSnapshot(294)) - group-EFF8D6679E36: Taking a snapshot at:(t:3, i:18) file /workdir/hadoop-ozone/integration-test/target/test-dir/MiniOzoneClusterImpl-08d89ad4-f612-48fc-8979-c1cb428f8ac2/datanode-1/data/ratis/0dfdf3c4-3684-4afb-bbd7-eff8d6679e36/sm/snapshot.3_18
2019-10-19 01:05:04,513 [Thread-2968] INFO  impl.FollowerState (FollowerState.java:run(117)) - 390d33c4-98c8-495f-9f34-63cdf16532b5@group-EFF8D6679E36-FollowerState was interrupted: java.lang.InterruptedException: sleep interrupted
2019-10-19 01:05:04,513 [ForkJoinPool.commonPool-worker-0] INFO  impl.StateMachineUpdater (StateMachineUpdater.java:stopAndJoin(136)) - 390d33c4-98c8-495f-9f34-63cdf16532b5@group-EFF8D6679E36-StateMachineUpdater: set stopIndex = 20
2019-10-19 01:05:04,513 [main] INFO  impl.RaftServerImpl (ServerState.java:close(388)) - a1c78c0e-869c-4f76-b4ce-2034448e0b80@group-2A2116625E33: closes. applyIndex: 0
2019-10-19 01:05:04,514 [a1c78c0e-869c-4f76-b4ce-2034448e0b80@group-2A2116625E33-SegmentedRaftLogWorker] INFO  segmented.SegmentedRaftLogWorker (SegmentedRaftLogWorker.java:run(316)) - a1c78c0e-869c-4f76-b4ce-2034448e0b80@group-2A2116625E33-SegmentedRaftLogWorker was interrupted, exiting. There are 0 tasks remaining in the queue.
2019-10-19 01:05:04,515 [main] INFO  segmented.SegmentedRaftLogWorker (SegmentedRaftLogWorker.java:close(224)) - a1c78c0e-869c-4f76-b4ce-2034448e0b80@group-2A2116625E33-SegmentedRaftLogWorker close()
2019-10-19 01:05:04,516 [main] INFO  server.GrpcService (GrpcService.java:closeImpl(164)) - a1c78c0e-869c-4f76-b4ce-2034448e0b80: shutdown server with port 33501 now
2019-10-19 01:05:04,517 [main] INFO  server.GrpcService (GrpcService.java:closeImpl(172)) - a1c78c0e-869c-4f76-b4ce-2034448e0b80: shutdown server with port 33501 successfully
2019-10-19 01:05:04,519 [refreshUsed-/workdir/hadoop-ozone/integration-test/target/test-dir/MiniOzoneClusterImpl-08d89ad4-f612-48fc-8979-c1cb428f8ac2/datanode-7/data/containers] WARN  fs.CachingGetSpaceUsed (CachingGetSpaceUsed.java:run(183)) - Thread Interrupted waiting to refresh disk information: sleep interrupted
2019-10-19 01:05:04,529 [390d33c4-98c8-495f-9f34-63cdf16532b5@group-EFF8D6679E36-StateMachineUpdater] INFO  ratis.ContainerStateMachine (ContainerStateMachine.java:takeSnapshot(305)) - group-EFF8D6679E36: Finished taking a snapshot at:(t:3, i:18) file:/workdir/hadoop-ozone/integration-test/target/test-dir/MiniOzoneClusterImpl-08d89ad4-f612-48fc-8979-c1cb428f8ac2/datanode-1/data/ratis/0dfdf3c4-3684-4afb-bbd7-eff8d6679e36/sm/snapshot.3_18 time:16
2019-10-19 01:05:04,530 [390d33c4-98c8-495f-9f34-63cdf16532b5@group-EFF8D6679E36-StateMachineUpdater] INFO  impl.StateMachineUpdater (StateMachineUpdater.java:takeSnapshot(269)) - 390d33c4-98c8-495f-9f34-63cdf16532b5@group-EFF8D6679E36-StateMachineUpdater: Took a snapshot at index 18
2019-10-19 01:05:04,530 [390d33c4-98c8-495f-9f34-63cdf16532b5@group-EFF8D6679E36-StateMachineUpdater] INFO  impl.StateMachineUpdater (StateMachineUpdater.java:lambda$new$0(84)) - 390d33c4-98c8-495f-9f34-63cdf16532b5@group-EFF8D6679E36-StateMachineUpdater: snapshotIndex: updateIncreasingly -1 -> 18
2019-10-19 01:05:04,530 [390d33c4-98c8-495f-9f34-63cdf16532b5@group-EFF8D6679E36-StateMachineUpdater] INFO  ratis.ContainerStateMachine (ContainerStateMachine.java:takeSnapshot(294)) - group-EFF8D6679E36: Taking a snapshot at:(t:3, i:18) file /workdir/hadoop-ozone/integration-test/target/test-dir/MiniOzoneClusterImpl-08d89ad4-f612-48fc-8979-c1cb428f8ac2/datanode-1/data/ratis/0dfdf3c4-3684-4afb-bbd7-eff8d6679e36/sm/snapshot.3_18
2019-10-19 01:05:04,550 [390d33c4-98c8-495f-9f34-63cdf16532b5@group-EFF8D6679E36-StateMachineUpdater] INFO  ratis.ContainerStateMachine (ContainerStateMachine.java:takeSnapshot(305)) - group-EFF8D6679E36: Finished taking a snapshot at:(t:3, i:18) file:/workdir/hadoop-ozone/integration-test/target/test-dir/MiniOzoneClusterImpl-08d89ad4-f612-48fc-8979-c1cb428f8ac2/datanode-1/data/ratis/0dfdf3c4-3684-4afb-bbd7-eff8d6679e36/sm/snapshot.3_18 time:20
2019-10-19 01:05:04,550 [390d33c4-98c8-495f-9f34-63cdf16532b5@group-EFF8D6679E36-StateMachineUpdater] INFO  impl.StateMachineUpdater (StateMachineUpdater.java:takeSnapshot(269)) - 390d33c4-98c8-495f-9f34-63cdf16532b5@group-EFF8D6679E36-StateMachineUpdater: Took a snapshot at index 18
2019-10-19 01:05:04,551 [390d33c4-98c8-495f-9f34-63cdf16532b5@group-EFF8D6679E36-StateMachineUpdater] INFO  impl.StateMachineUpdater (StateMachineUpdater.java:lambda$new$0(84)) - 390d33c4-98c8-495f-9f34-63cdf16532b5@group-EFF8D6679E36-StateMachineUpdater: snapshotIndex: updateIncreasingly 18 -> 18
2019-10-19 01:05:04,551 [ForkJoinPool.commonPool-worker-0] INFO  impl.RaftServerImpl (ServerState.java:close(388)) - 390d33c4-98c8-495f-9f34-63cdf16532b5@group-EFF8D6679E36: closes. applyIndex: 20
2019-10-19 01:05:04,552 [390d33c4-98c8-495f-9f34-63cdf16532b5@group-EFF8D6679E36-SegmentedRaftLogWorker] INFO  segmented.SegmentedRaftLogWorker (SegmentedRaftLogWorker.java:run(316)) - 390d33c4-98c8-495f-9f34-63cdf16532b5@group-EFF8D6679E36-SegmentedRaftLogWorker was interrupted, exiting. There are 0 tasks remaining in the queue.
2019-10-19 01:05:04,552 [ForkJoinPool.commonPool-worker-0] INFO  segmented.SegmentedRaftLogWorker (SegmentedRaftLogWorker.java:close(224)) - 390d33c4-98c8-495f-9f34-63cdf16532b5@group-EFF8D6679E36-SegmentedRaftLogWorker close()
2019-10-19 01:05:04,554 [ForkJoinPool.commonPool-worker-0] INFO  server.GrpcService (GrpcService.java:closeImpl(164)) - 390d33c4-98c8-495f-9f34-63cdf16532b5: shutdown server with port 40184 now
2019-10-19 01:05:04,556 [ForkJoinPool.commonPool-worker-0] INFO  server.GrpcService (GrpcService.java:closeImpl(172)) - 390d33c4-98c8-495f-9f34-63cdf16532b5: shutdown server with port 40184 successfully
2019-10-19 01:05:04,560 [main] INFO  utils.BackgroundService (BackgroundService.java:shutdown(151)) - Shutting down service BlockDeletingService
2019-10-19 01:05:04,563 [refreshUsed-/workdir/hadoop-ozone/integration-test/target/test-dir/MiniOzoneClusterImpl-08d89ad4-f612-48fc-8979-c1cb428f8ac2/datanode-1/data/containers] WARN  fs.CachingGetSpaceUsed (CachingGetSpaceUsed.java:run(183)) - Thread Interrupted waiting to refresh disk information: sleep interrupted
2019-10-19 01:05:04,564 [main] INFO  statemachine.DatanodeStateMachine (DatanodeStateMachine.java:stopDaemon(395)) - Ozone container server stopped.
2019-10-19 01:05:04,566 [main] INFO  handler.ContextHandler (ContextHandler.java:doStop(910)) - Stopped o.e.j.w.WebAppContext@10f7918f{/,null,UNAVAILABLE}{/hddsDatanode}
2019-10-19 01:05:04,568 [main] INFO  server.AbstractConnector (AbstractConnector.java:doStop(318)) - Stopped ServerConnector@64d4f7c7{HTTP/1.1,[http/1.1]}{0.0.0.0:0}
2019-10-19 01:05:04,568 [main] INFO  handler.ContextHandler (ContextHandler.java:doStop(910)) - Stopped o.e.j.s.ServletContextHandler@1352434e{/static,jar:file:/home/user/.m2/repository/org/apache/hadoop/hadoop-hdds-container-service/0.5.0-SNAPSHOT/hadoop-hdds-container-service-0.5.0-SNAPSHOT.jar!/webapps/static,UNAVAILABLE}
2019-10-19 01:05:04,569 [main] INFO  handler.ContextHandler (ContextHandler.java:doStop(910)) - Stopped o.e.j.s.ServletContextHandler@12eedfee{/logs,file:///workdir/hadoop-ozone/integration-test/target/log,UNAVAILABLE}
2019-10-19 01:05:04,578 [ForkJoinPool.commonPool-worker-0] INFO  utils.BackgroundService (BackgroundService.java:shutdown(151)) - Shutting down service BlockDeletingService
2019-10-19 01:05:04,580 [ForkJoinPool.commonPool-worker-0] INFO  statemachine.DatanodeStateMachine (DatanodeStateMachine.java:stopDaemon(395)) - Ozone container server stopped.
2019-10-19 01:05:04,582 [ForkJoinPool.commonPool-worker-0] INFO  handler.ContextHandler (ContextHandler.java:doStop(910)) - Stopped o.e.j.w.WebAppContext@17f2dd85{/,null,UNAVAILABLE}{/hddsDatanode}
2019-10-19 01:05:04,582 [ForkJoinPool.commonPool-worker-0] INFO  server.AbstractConnector (AbstractConnector.java:doStop(318)) - Stopped ServerConnector@1e58512c{HTTP/1.1,[http/1.1]}{0.0.0.0:0}
2019-10-19 01:05:04,583 [ForkJoinPool.commonPool-worker-0] INFO  handler.ContextHandler (ContextHandler.java:doStop(910)) - Stopped o.e.j.s.ServletContextHandler@65bdd558{/static,jar:file:/home/user/.m2/repository/org/apache/hadoop/hadoop-hdds-container-service/0.5.0-SNAPSHOT/hadoop-hdds-container-service-0.5.0-SNAPSHOT.jar!/webapps/static,UNAVAILABLE}
2019-10-19 01:05:04,584 [ForkJoinPool.commonPool-worker-0] INFO  handler.ContextHandler (ContextHandler.java:doStop(910)) - Stopped o.e.j.s.ServletContextHandler@fab35b1{/logs,file:///workdir/hadoop-ozone/integration-test/target/log,UNAVAILABLE}
2019-10-19 01:05:04,584 [main] INFO  ozone.MiniOzoneClusterImpl (MiniOzoneClusterImpl.java:stopSCM(392)) - Stopping the StorageContainerManager
2019-10-19 01:05:04,585 [main] INFO  server.StorageContainerManager (StorageContainerManager.java:stop(810)) - Stopping Replication Manager Service.
2019-10-19 01:05:04,585 [main] INFO  container.ReplicationManager (ReplicationManager.java:stop(203)) - Stopping Replication Monitor Thread.
2019-10-19 01:05:04,585 [main] INFO  server.StorageContainerManager (StorageContainerManager.java:stop(817)) - Stopping Lease Manager of the command watchers
2019-10-19 01:05:04,585 [main] INFO  server.StorageContainerManager (StorageContainerManager.java:stop(824)) - Stopping datanode service RPC server
2019-10-19 01:05:04,585 [main] INFO  server.SCMDatanodeProtocolServer (SCMDatanodeProtocolServer.java:stop(346)) - Stopping the RPC server for DataNodes
2019-10-19 01:05:04,585 [main] INFO  ipc.Server (Server.java:stop(3082)) - Stopping server on 46201
2019-10-19 01:05:04,587 [IPC Server listener on 46201] INFO  ipc.Server (Server.java:run(1185)) - Stopping IPC Server listener on 46201
2019-10-19 01:05:04,587 [IPC Server Responder] INFO  ipc.Server (Server.java:run(1319)) - Stopping IPC Server Responder
2019-10-19 01:05:04,669 [SCM Heartbeat Processing Thread - 0] WARN  node.NodeStateManager (NodeStateManager.java:scheduleNextHealthCheck(646)) - Current Thread is interrupted, shutting down HB processing thread for Node Manager.
2019-10-19 01:05:04,670 [main] INFO  server.StorageContainerManager (StorageContainerManager.java:stop(832)) - Stopping block service RPC server
2019-10-19 01:05:04,670 [main] INFO  server.SCMBlockProtocolServer (SCMBlockProtocolServer.java:stop(155)) - Stopping the RPC server for Block Protocol
2019-10-19 01:05:04,670 [main] INFO  ipc.Server (Server.java:stop(3082)) - Stopping server on 43955
2019-10-19 01:05:04,672 [IPC Server listener on 43955] INFO  ipc.Server (Server.java:run(1185)) - Stopping IPC Server listener on 43955
2019-10-19 01:05:04,672 [main] INFO  server.StorageContainerManager (StorageContainerManager.java:stop(839)) - Stopping the StorageContainerLocationProtocol RPC server
2019-10-19 01:05:04,672 [IPC Server Responder] INFO  ipc.Server (Server.java:run(1319)) - Stopping IPC Server Responder
2019-10-19 01:05:04,673 [main] INFO  server.SCMClientProtocolServer (SCMClientProtocolServer.java:stop(168)) - Stopping the RPC server for Client Protocol
2019-10-19 01:05:04,673 [main] INFO  ipc.Server (Server.java:stop(3082)) - Stopping server on 37786
2019-10-19 01:05:04,674 [IPC Server listener on 37786] INFO  ipc.Server (Server.java:run(1185)) - Stopping IPC Server listener on 37786
2019-10-19 01:05:04,675 [IPC Server Responder] INFO  ipc.Server (Server.java:run(1319)) - Stopping IPC Server Responder
2019-10-19 01:05:04,675 [main] INFO  server.StorageContainerManager (StorageContainerManager.java:stop(846)) - Stopping Storage Container Manager HTTP server.
2019-10-19 01:05:04,676 [main] INFO  handler.ContextHandler (ContextHandler.java:doStop(910)) - Stopped o.e.j.w.WebAppContext@3b366632{/,null,UNAVAILABLE}{/scm}
2019-10-19 01:05:04,859 [main] INFO  server.AbstractConnector (AbstractConnector.java:doStop(318)) - Stopped ServerConnector@6815c5f2{HTTP/1.1,[http/1.1]}{0.0.0.0:0}
2019-10-19 01:05:04,883 [main] INFO  handler.ContextHandler (ContextHandler.java:doStop(910)) - Stopped o.e.j.s.ServletContextHandler@37052337{/static,file:///workdir/hadoop-ozone/integration-test/target/test-classes/webapps/static,UNAVAILABLE}
2019-10-19 01:05:04,896 [main] INFO  handler.ContextHandler (ContextHandler.java:doStop(910)) - Stopped o.e.j.s.ServletContextHandler@340da44c{/logs,file:///workdir/hadoop-ozone/integration-test/target/log,UNAVAILABLE}
2019-10-19 01:05:04,900 [main] INFO  server.StorageContainerManager (StorageContainerManager.java:stop(857)) - Stopping Block Manager Service.
2019-10-19 01:05:04,901 [main] INFO  utils.BackgroundService (BackgroundService.java:shutdown(151)) - Shutting down service SCMBlockDeletingService
2019-10-19 01:05:04,901 [main] INFO  utils.BackgroundService (BackgroundService.java:shutdown(151)) - Shutting down service SCMBlockDeletingService
2019-10-19 01:05:04,902 [main] INFO  server.StorageContainerManager (StorageContainerManager.java:stop(879)) - Stopping SCM Event Queue.
2019-10-19 01:05:04,913 [main] INFO  impl.MetricsSystemImpl (MetricsSystemImpl.java:stop(210)) - Stopping XceiverClientMetrics metrics system...
2019-10-19 01:05:04,926 [prometheus] INFO  impl.MetricsSinkAdapter (MetricsSinkAdapter.java:publishMetricsFromQueue(141)) - prometheus thread interrupted.
2019-10-19 01:05:04,926 [main] INFO  impl.MetricsSystemImpl (MetricsSystemImpl.java:stop(216)) - XceiverClientMetrics metrics system stopped.
]]></system-out>
    <system-err><![CDATA[ERROR StatusLogger No Log4j 2 configuration file found. Using default configuration (logging only errors to the console), or user programmatically provided configurations. Set system property 'log4j2.debug' to show Log4j 2 internal initialization logging. See https://logging.apache.org/log4j/2.x/manual/configuration.html for instructions on how to configure Log4j 2
Oct 19, 2019 1:04:45 AM org.apache.ratis.thirdparty.io.grpc.internal.SerializingExecutor run
SEVERE: Exception while executing runnable org.apache.ratis.thirdparty.io.grpc.internal.ClientCallImpl$ClientStreamListenerImpl$1StreamClosed@6d21468f
java.lang.NullPointerException
	at org.apache.ratis.grpc.server.GrpcLogAppender$AppendLogResponseHandler.onError(GrpcLogAppender.java:303)
	at org.apache.ratis.thirdparty.io.grpc.stub.ClientCalls$StreamObserverToCallListenerAdapter.onClose(ClientCalls.java:434)
	at org.apache.ratis.thirdparty.io.grpc.PartialForwardingClientCallListener.onClose(PartialForwardingClientCallListener.java:39)
	at org.apache.ratis.thirdparty.io.grpc.ForwardingClientCallListener.onClose(ForwardingClientCallListener.java:23)
	at org.apache.ratis.thirdparty.io.grpc.ForwardingClientCallListener$SimpleForwardingClientCallListener.onClose(ForwardingClientCallListener.java:40)
	at org.apache.ratis.thirdparty.io.grpc.internal.CensusStatsModule$StatsClientInterceptor$1$1.onClose(CensusStatsModule.java:678)
	at org.apache.ratis.thirdparty.io.grpc.PartialForwardingClientCallListener.onClose(PartialForwardingClientCallListener.java:39)
	at org.apache.ratis.thirdparty.io.grpc.ForwardingClientCallListener.onClose(ForwardingClientCallListener.java:23)
	at org.apache.ratis.thirdparty.io.grpc.ForwardingClientCallListener$SimpleForwardingClientCallListener.onClose(ForwardingClientCallListener.java:40)
	at org.apache.ratis.thirdparty.io.grpc.internal.CensusTracingModule$TracingClientInterceptor$1$1.onClose(CensusTracingModule.java:397)
	at org.apache.ratis.thirdparty.io.grpc.internal.ClientCallImpl.closeObserver(ClientCallImpl.java:459)
	at org.apache.ratis.thirdparty.io.grpc.internal.ClientCallImpl.access$300(ClientCallImpl.java:63)
	at org.apache.ratis.thirdparty.io.grpc.internal.ClientCallImpl$ClientStreamListenerImpl.close(ClientCallImpl.java:546)
	at org.apache.ratis.thirdparty.io.grpc.internal.ClientCallImpl$ClientStreamListenerImpl.access$600(ClientCallImpl.java:467)
	at org.apache.ratis.thirdparty.io.grpc.internal.ClientCallImpl$ClientStreamListenerImpl$1StreamClosed.runInContext(ClientCallImpl.java:584)
	at org.apache.ratis.thirdparty.io.grpc.internal.ContextRunnable.run(ContextRunnable.java:37)
	at org.apache.ratis.thirdparty.io.grpc.internal.SerializingExecutor.run(SerializingExecutor.java:123)
	at java.util.concurrent.ThreadPoolExecutor.runWorker(ThreadPoolExecutor.java:1149)
	at java.util.concurrent.ThreadPoolExecutor$Worker.run(ThreadPoolExecutor.java:624)
	at java.lang.Thread.run(Thread.java:748)

Oct 19, 2019 1:04:49 AM org.apache.ratis.thirdparty.io.grpc.internal.SerializingExecutor run
SEVERE: Exception while executing runnable org.apache.ratis.thirdparty.io.grpc.internal.ServerImpl$JumpToApplicationThreadServerStreamListener$1Closed@60a9008f
org.apache.ratis.thirdparty.io.grpc.StatusRuntimeException: CANCELLED: call already cancelled
	at org.apache.ratis.thirdparty.io.grpc.Status.asRuntimeException(Status.java:517)
	at org.apache.ratis.thirdparty.io.grpc.stub.ServerCalls$ServerCallStreamObserverImpl.onCompleted(ServerCalls.java:356)
	at org.apache.ratis.grpc.server.GrpcServerProtocolService$ServerRequestStreamObserver.onError(GrpcServerProtocolService.java:121)
	at org.apache.ratis.thirdparty.io.grpc.stub.ServerCalls$StreamingServerCallHandler$StreamingServerCallListener.onCancel(ServerCalls.java:269)
	at org.apache.ratis.thirdparty.io.grpc.internal.ServerCallImpl$ServerStreamListenerImpl.closed(ServerCallImpl.java:293)
	at org.apache.ratis.thirdparty.io.grpc.internal.ServerImpl$JumpToApplicationThreadServerStreamListener$1Closed.runInContext(ServerImpl.java:741)
	at org.apache.ratis.thirdparty.io.grpc.internal.ContextRunnable.run(ContextRunnable.java:37)
	at org.apache.ratis.thirdparty.io.grpc.internal.SerializingExecutor.run(SerializingExecutor.java:123)
	at java.util.concurrent.ThreadPoolExecutor.runWorker(ThreadPoolExecutor.java:1149)
	at java.util.concurrent.ThreadPoolExecutor$Worker.run(ThreadPoolExecutor.java:624)
	at java.lang.Thread.run(Thread.java:748)

Oct 19, 2019 1:04:49 AM org.apache.ratis.thirdparty.io.grpc.internal.SerializingExecutor run
SEVERE: Exception while executing runnable org.apache.ratis.thirdparty.io.grpc.internal.ClientCallImpl$ClientStreamListenerImpl$1StreamClosed@583a8c2d
java.lang.NullPointerException
	at org.apache.ratis.grpc.server.GrpcLogAppender$AppendLogResponseHandler.onError(GrpcLogAppender.java:303)
	at org.apache.ratis.thirdparty.io.grpc.stub.ClientCalls$StreamObserverToCallListenerAdapter.onClose(ClientCalls.java:434)
	at org.apache.ratis.thirdparty.io.grpc.PartialForwardingClientCallListener.onClose(PartialForwardingClientCallListener.java:39)
	at org.apache.ratis.thirdparty.io.grpc.ForwardingClientCallListener.onClose(ForwardingClientCallListener.java:23)
	at org.apache.ratis.thirdparty.io.grpc.ForwardingClientCallListener$SimpleForwardingClientCallListener.onClose(ForwardingClientCallListener.java:40)
	at org.apache.ratis.thirdparty.io.grpc.internal.CensusStatsModule$StatsClientInterceptor$1$1.onClose(CensusStatsModule.java:678)
	at org.apache.ratis.thirdparty.io.grpc.PartialForwardingClientCallListener.onClose(PartialForwardingClientCallListener.java:39)
	at org.apache.ratis.thirdparty.io.grpc.ForwardingClientCallListener.onClose(ForwardingClientCallListener.java:23)
	at org.apache.ratis.thirdparty.io.grpc.ForwardingClientCallListener$SimpleForwardingClientCallListener.onClose(ForwardingClientCallListener.java:40)
	at org.apache.ratis.thirdparty.io.grpc.internal.CensusTracingModule$TracingClientInterceptor$1$1.onClose(CensusTracingModule.java:397)
	at org.apache.ratis.thirdparty.io.grpc.internal.ClientCallImpl.closeObserver(ClientCallImpl.java:459)
	at org.apache.ratis.thirdparty.io.grpc.internal.ClientCallImpl.access$300(ClientCallImpl.java:63)
	at org.apache.ratis.thirdparty.io.grpc.internal.ClientCallImpl$ClientStreamListenerImpl.close(ClientCallImpl.java:546)
	at org.apache.ratis.thirdparty.io.grpc.internal.ClientCallImpl$ClientStreamListenerImpl.access$600(ClientCallImpl.java:467)
	at org.apache.ratis.thirdparty.io.grpc.internal.ClientCallImpl$ClientStreamListenerImpl$1StreamClosed.runInContext(ClientCallImpl.java:584)
	at org.apache.ratis.thirdparty.io.grpc.internal.ContextRunnable.run(ContextRunnable.java:37)
	at org.apache.ratis.thirdparty.io.grpc.internal.SerializingExecutor.run(SerializingExecutor.java:123)
	at java.util.concurrent.ThreadPoolExecutor.runWorker(ThreadPoolExecutor.java:1149)
	at java.util.concurrent.ThreadPoolExecutor$Worker.run(ThreadPoolExecutor.java:624)
	at java.lang.Thread.run(Thread.java:748)

]]></system-err>
  </testcase>
  <testcase name="testMultiBlockWritesWithDnFailures" classname="org.apache.hadoop.ozone.client.rpc.TestMultiBlockWritesWithDnFailures" time="70.477"/>
</testsuite>