<?xml version="1.0" encoding="UTF-8"?>
<testsuite xmlns:xsi="http://www.w3.org/2001/XMLSchema-instance" xsi:noNamespaceSchemaLocation="https://maven.apache.org/surefire/maven-surefire-plugin/xsd/surefire-test-report.xsd" name="org.apache.hadoop.ozone.client.rpc.TestCommitWatcher" time="182.382" tests="2" errors="2" skipped="0" failures="0">
  <properties>
    <property name="awt.toolkit" value="sun.awt.X11.XToolkit"/>
    <property name="file.encoding.pkg" value="sun.io"/>
    <property name="java.specification.version" value="1.8"/>
    <property name="sun.cpu.isalist" value=""/>
    <property name="sun.jnu.encoding" value="UTF-8"/>
    <property name="java.class.path" value="/workdir/hadoop-ozone/integration-test/target/test-classes:/workdir/hadoop-ozone/integration-test/target/classes:/home/user/.m2/repository/org/apache/hadoop/hadoop-ozone-common/0.5.0-SNAPSHOT/hadoop-ozone-common-0.5.0-SNAPSHOT.jar:/home/user/.m2/repository/org/apache/commons/commons-compress/1.4.1/commons-compress-1.4.1.jar:/home/user/.m2/repository/org/tukaani/xz/1.0/xz-1.0.jar:/home/user/.m2/repository/org/apache/hadoop/hadoop-common/3.2.0/hadoop-common-3.2.0.jar:/home/user/.m2/repository/org/apache/hadoop/hadoop-hdfs/3.2.0/hadoop-hdfs-3.2.0.jar:/home/user/.m2/repository/org/apache/hadoop/hadoop-hdfs-client/3.2.0/hadoop-hdfs-client-3.2.0.jar:/home/user/.m2/repository/com/fasterxml/jackson/core/jackson-annotations/2.9.9/jackson-annotations-2.9.9.jar:/home/user/.m2/repository/org/apache/hadoop/hadoop-hdds-common/0.5.0-SNAPSHOT/hadoop-hdds-common-0.5.0-SNAPSHOT.jar:/home/user/.m2/repository/javax/annotation/javax.annotation-api/1.2/javax.annotation-api-1.2.jar:/home/user/.m2/repository/org/apache/ratis/ratis-server/0.5.0-201fc85-SNAPSHOT/ratis-server-0.5.0-201fc85-SNAPSHOT.jar:/home/user/.m2/repository/org/apache/ratis/ratis-thirdparty-misc/0.2.0/ratis-thirdparty-misc-0.2.0.jar:/home/user/.m2/repository/org/apache/ratis/ratis-proto/0.5.0-201fc85-SNAPSHOT/ratis-proto-0.5.0-201fc85-SNAPSHOT.jar:/home/user/.m2/repository/org/apache/ratis/ratis-common/0.5.0-201fc85-SNAPSHOT/ratis-common-0.5.0-201fc85-SNAPSHOT.jar:/home/user/.m2/repository/org/apache/ratis/ratis-client/0.5.0-201fc85-SNAPSHOT/ratis-client-0.5.0-201fc85-SNAPSHOT.jar:/home/user/.m2/repository/org/apache/ratis/ratis-metrics/0.5.0-201fc85-SNAPSHOT/ratis-metrics-0.5.0-201fc85-SNAPSHOT.jar:/home/user/.m2/repository/com/github/joshelser/dropwizard-metrics-hadoop-metrics2-reporter/0.1.2/dropwizard-metrics-hadoop-metrics2-reporter-0.1.2.jar:/home/user/.m2/repository/io/dropwizard/metrics/metrics-jvm/3.2.5/metrics-jvm-3.2.5.jar:/home/user/.m2/repository/io/dropwizard/metrics/metrics-ganglia/3.2.5/metrics-ganglia-3.2.5.jar:/home/user/.m2/repository/info/ganglia/gmetric4j/gmetric4j/1.0.7/gmetric4j-1.0.7.jar:/home/user/.m2/repository/org/apache/ratis/ratis-netty/0.5.0-201fc85-SNAPSHOT/ratis-netty-0.5.0-201fc85-SNAPSHOT.jar:/home/user/.m2/repository/org/apache/ratis/ratis-grpc/0.5.0-201fc85-SNAPSHOT/ratis-grpc-0.5.0-201fc85-SNAPSHOT.jar:/home/user/.m2/repository/org/rocksdb/rocksdbjni/6.0.1/rocksdbjni-6.0.1.jar:/home/user/.m2/repository/org/apache/logging/log4j/log4j-api/2.11.0/log4j-api-2.11.0.jar:/home/user/.m2/repository/org/apache/logging/log4j/log4j-core/2.11.0/log4j-core-2.11.0.jar:/home/user/.m2/repository/com/lmax/disruptor/3.4.2/disruptor-3.4.2.jar:/home/user/.m2/repository/org/apache/commons/commons-pool2/2.6.0/commons-pool2-2.6.0.jar:/home/user/.m2/repository/org/bouncycastle/bcpkix-jdk15on/1.60/bcpkix-jdk15on-1.60.jar:/home/user/.m2/repository/commons-validator/commons-validator/1.6/commons-validator-1.6.jar:/home/user/.m2/repository/commons-digester/commons-digester/1.8.1/commons-digester-1.8.1.jar:/home/user/.m2/repository/io/jaegertracing/jaeger-client/0.34.0/jaeger-client-0.34.0.jar:/home/user/.m2/repository/io/jaegertracing/jaeger-thrift/0.34.0/jaeger-thrift-0.34.0.jar:/home/user/.m2/repository/org/apache/thrift/libthrift/0.12.0/libthrift-0.12.0.jar:/home/user/.m2/repository/com/squareup/okhttp3/okhttp/3.9.0/okhttp-3.9.0.jar:/home/user/.m2/repository/com/squareup/okio/okio/1.13.0/okio-1.13.0.jar:/home/user/.m2/repository/io/jaegertracing/jaeger-core/0.34.0/jaeger-core-0.34.0.jar:/home/user/.m2/repository/io/jaegertracing/jaeger-tracerresolver/0.34.0/jaeger-tracerresolver-0.34.0.jar:/home/user/.m2/repository/io/opentracing/contrib/opentracing-tracerresolver/0.1.5/opentracing-tracerresolver-0.1.5.jar:/home/user/.m2/repository/io/opentracing/opentracing-util/0.31.0/opentracing-util-0.31.0.jar:/home/user/.m2/repository/io/opentracing/opentracing-api/0.31.0/opentracing-api-0.31.0.jar:/home/user/.m2/repository/io/opentracing/opentracing-noop/0.31.0/opentracing-noop-0.31.0.jar:/home/user/.m2/repository/org/apache/hadoop/hadoop-hdds-server-framework/0.5.0-SNAPSHOT/hadoop-hdds-server-framework-0.5.0-SNAPSHOT.jar:/home/user/.m2/repository/org/apache/hadoop/hadoop-hdds-container-service/0.5.0-SNAPSHOT/hadoop-hdds-container-service-0.5.0-SNAPSHOT.jar:/home/user/.m2/repository/org/apache/hadoop/hadoop-hdds-client/0.5.0-SNAPSHOT/hadoop-hdds-client-0.5.0-SNAPSHOT.jar:/home/user/.m2/repository/org/apache/hadoop/hadoop-hdds-tools/0.5.0-SNAPSHOT/hadoop-hdds-tools-0.5.0-SNAPSHOT.jar:/home/user/.m2/repository/org/apache/hadoop/hadoop-hdds-server-scm/0.5.0-SNAPSHOT/hadoop-hdds-server-scm-0.5.0-SNAPSHOT.jar:/home/user/.m2/repository/org/apache/hadoop/hadoop-hdds-docs/0.5.0-SNAPSHOT/hadoop-hdds-docs-0.5.0-SNAPSHOT.jar:/home/user/.m2/repository/io/dropwizard/metrics/metrics-core/3.2.4/metrics-core-3.2.4.jar:/home/user/.m2/repository/org/hamcrest/hamcrest-all/1.3/hamcrest-all-1.3.jar:/home/user/.m2/repository/org/bouncycastle/bcprov-jdk15on/1.60/bcprov-jdk15on-1.60.jar:/home/user/.m2/repository/info/picocli/picocli/3.9.6/picocli-3.9.6.jar:/home/user/.m2/repository/com/google/protobuf/protobuf-java/2.5.0/protobuf-java-2.5.0.jar:/home/user/.m2/repository/com/google/guava/guava/11.0.2/guava-11.0.2.jar:/home/user/.m2/repository/org/apache/hadoop/hadoop-ozone-ozone-manager/0.5.0-SNAPSHOT/hadoop-ozone-ozone-manager-0.5.0-SNAPSHOT.jar:/home/user/.m2/repository/org/apache/hadoop/hadoop-minikdc/3.2.0/hadoop-minikdc-3.2.0.jar:/home/user/.m2/repository/commons-io/commons-io/2.5/commons-io-2.5.jar:/home/user/.m2/repository/org/apache/kerby/kerb-simplekdc/1.0.1/kerb-simplekdc-1.0.1.jar:/home/user/.m2/repository/org/apache/kerby/kerb-client/1.0.1/kerb-client-1.0.1.jar:/home/user/.m2/repository/org/apache/kerby/kerby-config/1.0.1/kerby-config-1.0.1.jar:/home/user/.m2/repository/org/apache/kerby/kerb-core/1.0.1/kerb-core-1.0.1.jar:/home/user/.m2/repository/org/apache/kerby/kerby-pkix/1.0.1/kerby-pkix-1.0.1.jar:/home/user/.m2/repository/org/apache/kerby/kerby-asn1/1.0.1/kerby-asn1-1.0.1.jar:/home/user/.m2/repository/org/apache/kerby/kerby-util/1.0.1/kerby-util-1.0.1.jar:/home/user/.m2/repository/org/apache/kerby/kerb-common/1.0.1/kerb-common-1.0.1.jar:/home/user/.m2/repository/org/apache/kerby/kerb-crypto/1.0.1/kerb-crypto-1.0.1.jar:/home/user/.m2/repository/org/apache/kerby/kerb-util/1.0.1/kerb-util-1.0.1.jar:/home/user/.m2/repository/org/apache/kerby/token-provider/1.0.1/token-provider-1.0.1.jar:/home/user/.m2/repository/org/apache/kerby/kerb-admin/1.0.1/kerb-admin-1.0.1.jar:/home/user/.m2/repository/org/apache/kerby/kerb-server/1.0.1/kerb-server-1.0.1.jar:/home/user/.m2/repository/org/apache/kerby/kerb-identity/1.0.1/kerb-identity-1.0.1.jar:/home/user/.m2/repository/org/apache/kerby/kerby-xdr/1.0.1/kerby-xdr-1.0.1.jar:/home/user/.m2/repository/org/slf4j/slf4j-log4j12/1.7.25/slf4j-log4j12-1.7.25.jar:/home/user/.m2/repository/org/apache/hadoop/hadoop-ozone-s3gateway/0.5.0-SNAPSHOT/hadoop-ozone-s3gateway-0.5.0-SNAPSHOT.jar:/home/user/.m2/repository/org/jboss/weld/servlet/weld-servlet/2.4.7.Final/weld-servlet-2.4.7.Final.jar:/home/user/.m2/repository/org/glassfish/jersey/containers/jersey-container-servlet-core/2.27/jersey-container-servlet-core-2.27.jar:/home/user/.m2/repository/org/glassfish/hk2/external/javax.inject/2.5.0-b42/javax.inject-2.5.0-b42.jar:/home/user/.m2/repository/org/glassfish/jersey/core/jersey-common/2.27/jersey-common-2.27.jar:/home/user/.m2/repository/org/glassfish/hk2/osgi-resource-locator/1.0.1/osgi-resource-locator-1.0.1.jar:/home/user/.m2/repository/javax/ws/rs/javax.ws.rs-api/2.1/javax.ws.rs-api-2.1.jar:/home/user/.m2/repository/org/glassfish/jersey/ext/cdi/jersey-cdi1x/2.27/jersey-cdi1x-2.27.jar:/home/user/.m2/repository/org/glassfish/jersey/inject/jersey-hk2/2.27/jersey-hk2-2.27.jar:/home/user/.m2/repository/org/glassfish/hk2/hk2-locator/2.5.0-b42/hk2-locator-2.5.0-b42.jar:/home/user/.m2/repository/org/javassist/javassist/3.22.0-CR2/javassist-3.22.0-CR2.jar:/home/user/.m2/repository/org/glassfish/hk2/hk2-api/2.5.0/hk2-api-2.5.0.jar:/home/user/.m2/repository/org/glassfish/hk2/external/jakarta.inject/2.5.0/jakarta.inject-2.5.0.jar:/home/user/.m2/repository/org/glassfish/hk2/hk2-utils/2.5.0/hk2-utils-2.5.0.jar:/home/user/.m2/repository/jakarta/annotation/jakarta.annotation-api/1.3.4/jakarta.annotation-api-1.3.4.jar:/home/user/.m2/repository/org/glassfish/hk2/external/aopalliance-repackaged/2.5.0/aopalliance-repackaged-2.5.0.jar:/home/user/.m2/repository/com/fasterxml/jackson/dataformat/jackson-dataformat-xml/2.9.0/jackson-dataformat-xml-2.9.0.jar:/home/user/.m2/repository/com/fasterxml/jackson/core/jackson-core/2.9.9/jackson-core-2.9.9.jar:/home/user/.m2/repository/com/fasterxml/jackson/module/jackson-module-jaxb-annotations/2.9.9/jackson-module-jaxb-annotations-2.9.9.jar:/home/user/.m2/repository/javax/enterprise/cdi-api/1.2/cdi-api-1.2.jar:/home/user/.m2/repository/javax/el/javax.el-api/3.0.0/javax.el-api-3.0.0.jar:/home/user/.m2/repository/javax/interceptor/javax.interceptor-api/1.2/javax.interceptor-api-1.2.jar:/home/user/.m2/repository/javax/inject/javax.inject/1/javax.inject-1.jar:/home/user/.m2/repository/com/sun/xml/bind/jaxb-impl/2.3.0.1/jaxb-impl-2.3.0.1.jar:/home/user/.m2/repository/com/sun/xml/bind/jaxb-core/2.3.0.1/jaxb-core-2.3.0.1.jar:/home/user/.m2/repository/javax/xml/bind/jaxb-api/2.3.0/jaxb-api-2.3.0.jar:/home/user/.m2/repository/javax/activation/activation/1.1.1/activation-1.1.1.jar:/home/user/.m2/repository/org/apache/hadoop/hadoop-ozone-csi/0.5.0-SNAPSHOT/hadoop-ozone-csi-0.5.0-SNAPSHOT.jar:/home/user/.m2/repository/com/google/protobuf/protobuf-java-util/3.5.1/protobuf-java-util-3.5.1.jar:/home/user/.m2/repository/org/apache/hadoop/hadoop-hdds-config/0.5.0-SNAPSHOT/hadoop-hdds-config-0.5.0-SNAPSHOT.jar:/home/user/.m2/repository/io/grpc/grpc-netty/1.17.1/grpc-netty-1.17.1.jar:/home/user/.m2/repository/io/grpc/grpc-core/1.17.1/grpc-core-1.17.1.jar:/home/user/.m2/repository/io/grpc/grpc-context/1.17.1/grpc-context-1.17.1.jar:/home/user/.m2/repository/com/google/errorprone/error_prone_annotations/2.2.0/error_prone_annotations-2.2.0.jar:/home/user/.m2/repository/org/codehaus/mojo/animal-sniffer-annotations/1.17/animal-sniffer-annotations-1.17.jar:/home/user/.m2/repository/io/opencensus/opencensus-api/0.17.0/opencensus-api-0.17.0.jar:/home/user/.m2/repository/io/opencensus/opencensus-contrib-grpc-metrics/0.17.0/opencensus-contrib-grpc-metrics-0.17.0.jar:/home/user/.m2/repository/io/netty/netty-codec-http2/4.1.30.Final/netty-codec-http2-4.1.30.Final.jar:/home/user/.m2/repository/io/netty/netty-codec-http/4.1.30.Final/netty-codec-http-4.1.30.Final.jar:/home/user/.m2/repository/io/netty/netty-codec/4.1.30.Final/netty-codec-4.1.30.Final.jar:/home/user/.m2/repository/io/netty/netty-handler/4.1.30.Final/netty-handler-4.1.30.Final.jar:/home/user/.m2/repository/io/netty/netty-handler-proxy/4.1.30.Final/netty-handler-proxy-4.1.30.Final.jar:/home/user/.m2/repository/io/netty/netty-codec-socks/4.1.30.Final/netty-codec-socks-4.1.30.Final.jar:/home/user/.m2/repository/io/netty/netty-transport-native-epoll/4.1.30.Final/netty-transport-native-epoll-4.1.30.Final.jar:/home/user/.m2/repository/io/netty/netty-common/4.1.30.Final/netty-common-4.1.30.Final.jar:/home/user/.m2/repository/io/netty/netty-buffer/4.1.30.Final/netty-buffer-4.1.30.Final.jar:/home/user/.m2/repository/io/netty/netty-transport/4.1.30.Final/netty-transport-4.1.30.Final.jar:/home/user/.m2/repository/io/netty/netty-resolver/4.1.30.Final/netty-resolver-4.1.30.Final.jar:/home/user/.m2/repository/io/netty/netty-transport-native-unix-common/4.1.30.Final/netty-transport-native-unix-common-4.1.30.Final.jar:/home/user/.m2/repository/io/grpc/grpc-protobuf/1.17.1/grpc-protobuf-1.17.1.jar:/home/user/.m2/repository/com/google/api/grpc/proto-google-common-protos/1.0.0/proto-google-common-protos-1.0.0.jar:/home/user/.m2/repository/io/grpc/grpc-protobuf-lite/1.17.1/grpc-protobuf-lite-1.17.1.jar:/home/user/.m2/repository/io/grpc/grpc-stub/1.17.1/grpc-stub-1.17.1.jar:/home/user/.m2/repository/org/apache/hadoop/hadoop-ozone-recon/0.5.0-SNAPSHOT/hadoop-ozone-recon-0.5.0-SNAPSHOT.jar:/home/user/.m2/repository/org/apache/hadoop/hadoop-ozone-reconcodegen/0.5.0-SNAPSHOT/hadoop-ozone-reconcodegen-0.5.0-SNAPSHOT.jar:/home/user/.m2/repository/com/google/inject/extensions/guice-multibindings/4.0/guice-multibindings-4.0.jar:/home/user/.m2/repository/com/google/inject/guice/4.0/guice-4.0.jar:/home/user/.m2/repository/aopalliance/aopalliance/1.0/aopalliance-1.0.jar:/home/user/.m2/repository/com/google/inject/extensions/guice-servlet/4.0/guice-servlet-4.0.jar:/home/user/.m2/repository/org/glassfish/jersey/containers/jersey-container-servlet/2.27/jersey-container-servlet-2.27.jar:/home/user/.m2/repository/org/glassfish/hk2/guice-bridge/2.5.0/guice-bridge-2.5.0.jar:/home/user/.m2/repository/org/glassfish/jersey/core/jersey-server/2.27/jersey-server-2.27.jar:/home/user/.m2/repository/org/glassfish/jersey/core/jersey-client/2.27/jersey-client-2.27.jar:/home/user/.m2/repository/org/glassfish/jersey/media/jersey-media-jaxb/2.27/jersey-media-jaxb-2.27.jar:/home/user/.m2/repository/javax/validation/validation-api/1.1.0.Final/validation-api-1.1.0.Final.jar:/home/user/.m2/repository/org/glassfish/jersey/media/jersey-media-json-jackson/2.27/jersey-media-json-jackson-2.27.jar:/home/user/.m2/repository/org/glassfish/jersey/ext/jersey-entity-filtering/2.27/jersey-entity-filtering-2.27.jar:/home/user/.m2/repository/com/google/inject/extensions/guice-assistedinject/4.0/guice-assistedinject-4.0.jar:/home/user/.m2/repository/org/jooq/jooq/3.11.10/jooq-3.11.10.jar:/home/user/.m2/repository/org/jooq/jooq-meta/3.11.10/jooq-meta-3.11.10.jar:/home/user/.m2/repository/org/jooq/jooq-codegen/3.11.10/jooq-codegen-3.11.10.jar:/home/user/.m2/repository/com/jolbox/bonecp/0.8.0.RELEASE/bonecp-0.8.0.RELEASE.jar:/home/user/.m2/repository/org/xerial/sqlite-jdbc/3.25.2/sqlite-jdbc-3.25.2.jar:/home/user/.m2/repository/org/springframework/spring-jdbc/5.1.3.RELEASE/spring-jdbc-5.1.3.RELEASE.jar:/home/user/.m2/repository/org/springframework/spring-beans/5.1.3.RELEASE/spring-beans-5.1.3.RELEASE.jar:/home/user/.m2/repository/org/springframework/spring-core/5.1.3.RELEASE/spring-core-5.1.3.RELEASE.jar:/home/user/.m2/repository/org/springframework/spring-jcl/5.1.3.RELEASE/spring-jcl-5.1.3.RELEASE.jar:/home/user/.m2/repository/org/springframework/spring-tx/5.1.3.RELEASE/spring-tx-5.1.3.RELEASE.jar:/home/user/.m2/repository/org/apache/hadoop/hadoop-ozone-client/0.5.0-SNAPSHOT/hadoop-ozone-client-0.5.0-SNAPSHOT.jar:/home/user/.m2/repository/commons-lang/commons-lang/2.6/commons-lang-2.6.jar:/home/user/.m2/repository/org/apache/hadoop/hadoop-ozone-ozone-manager/0.5.0-SNAPSHOT/hadoop-ozone-ozone-manager-0.5.0-SNAPSHOT-tests.jar:/home/user/.m2/repository/junit/junit/4.11/junit-4.11.jar:/home/user/.m2/repository/org/hamcrest/hamcrest-core/1.3/hamcrest-core-1.3.jar:/home/user/.m2/repository/org/openjdk/jmh/jmh-core/1.19/jmh-core-1.19.jar:/home/user/.m2/repository/net/sf/jopt-simple/jopt-simple/4.6/jopt-simple-4.6.jar:/home/user/.m2/repository/org/apache/commons/commons-math3/3.1.1/commons-math3-3.1.1.jar:/home/user/.m2/repository/org/openjdk/jmh/jmh-generator-annprocess/1.19/jmh-generator-annprocess-1.19.jar:/home/user/.m2/repository/org/mockito/mockito-all/1.8.5/mockito-all-1.8.5.jar:/home/user/.m2/repository/org/apache/hadoop/hadoop-kms/3.2.0/hadoop-kms-3.2.0.jar:/home/user/.m2/repository/org/apache/hadoop/hadoop-auth/3.2.0/hadoop-auth-3.2.0.jar:/home/user/.m2/repository/com/nimbusds/nimbus-jose-jwt/4.41.1/nimbus-jose-jwt-4.41.1.jar:/home/user/.m2/repository/com/github/stephenc/jcip/jcip-annotations/1.0-1/jcip-annotations-1.0-1.jar:/home/user/.m2/repository/net/minidev/json-smart/2.3/json-smart-2.3.jar:/home/user/.m2/repository/net/minidev/accessors-smart/1.2/accessors-smart-1.2.jar:/home/user/.m2/repository/org/ow2/asm/asm/5.0.4/asm-5.0.4.jar:/home/user/.m2/repository/org/apache/curator/curator-framework/2.12.0/curator-framework-2.12.0.jar:/home/user/.m2/repository/com/sun/jersey/jersey-core/1.19/jersey-core-1.19.jar:/home/user/.m2/repository/javax/ws/rs/jsr311-api/1.1.1/jsr311-api-1.1.1.jar:/home/user/.m2/repository/com/sun/jersey/jersey-server/1.19/jersey-server-1.19.jar:/home/user/.m2/repository/javax/servlet/javax.servlet-api/3.1.0/javax.servlet-api-3.1.0.jar:/home/user/.m2/repository/org/eclipse/jetty/jetty-server/9.3.25.v20180904/jetty-server-9.3.25.v20180904.jar:/home/user/.m2/repository/org/eclipse/jetty/jetty-http/9.3.25.v20180904/jetty-http-9.3.25.v20180904.jar:/home/user/.m2/repository/org/eclipse/jetty/jetty-io/9.3.25.v20180904/jetty-io-9.3.25.v20180904.jar:/home/user/.m2/repository/org/eclipse/jetty/jetty-webapp/9.3.25.v20180904/jetty-webapp-9.3.25.v20180904.jar:/home/user/.m2/repository/org/eclipse/jetty/jetty-xml/9.3.25.v20180904/jetty-xml-9.3.25.v20180904.jar:/home/user/.m2/repository/log4j/log4j/1.2.17/log4j-1.2.17.jar:/home/user/.m2/repository/org/slf4j/slf4j-api/1.7.25/slf4j-api-1.7.25.jar:/home/user/.m2/repository/org/slf4j/jul-to-slf4j/1.7.25/jul-to-slf4j-1.7.25.jar:/home/user/.m2/repository/org/eclipse/jetty/jetty-util/9.3.25.v20180904/jetty-util-9.3.25.v20180904.jar:/home/user/.m2/repository/com/fasterxml/jackson/core/jackson-databind/2.9.9/jackson-databind-2.9.9.jar:/home/user/.m2/repository/org/apache/hadoop/hadoop-kms/3.2.0/hadoop-kms-3.2.0-tests.jar:/home/user/.m2/repository/org/apache/hadoop/hadoop-hdds-server-scm/0.5.0-SNAPSHOT/hadoop-hdds-server-scm-0.5.0-SNAPSHOT-tests.jar:/home/user/.m2/repository/org/apache/hadoop/hadoop-hdds-container-service/0.5.0-SNAPSHOT/hadoop-hdds-container-service-0.5.0-SNAPSHOT-tests.jar:/home/user/.m2/repository/org/yaml/snakeyaml/1.16/snakeyaml-1.16.jar:/home/user/.m2/repository/org/apache/hadoop/hadoop-common/3.2.0/hadoop-common-3.2.0-tests.jar:/home/user/.m2/repository/org/apache/hadoop/hadoop-annotations/3.2.0/hadoop-annotations-3.2.0.jar:/usr/lib/jvm/java-1.8-openjdk/jre/../lib/tools.jar:/home/user/.m2/repository/commons-cli/commons-cli/1.2/commons-cli-1.2.jar:/home/user/.m2/repository/org/apache/httpcomponents/httpclient/4.5.2/httpclient-4.5.2.jar:/home/user/.m2/repository/org/apache/httpcomponents/httpcore/4.4.4/httpcore-4.4.4.jar:/home/user/.m2/repository/commons-codec/commons-codec/1.11/commons-codec-1.11.jar:/home/user/.m2/repository/commons-net/commons-net/3.6/commons-net-3.6.jar:/home/user/.m2/repository/commons-collections/commons-collections/3.2.2/commons-collections-3.2.2.jar:/home/user/.m2/repository/org/eclipse/jetty/jetty-servlet/9.3.25.v20180904/jetty-servlet-9.3.25.v20180904.jar:/home/user/.m2/repository/org/eclipse/jetty/jetty-security/9.3.25.v20180904/jetty-security-9.3.25.v20180904.jar:/home/user/.m2/repository/javax/servlet/jsp/jsp-api/2.1/jsp-api-2.1.jar:/home/user/.m2/repository/com/sun/jersey/jersey-servlet/1.19/jersey-servlet-1.19.jar:/home/user/.m2/repository/com/sun/jersey/jersey-json/1.19/jersey-json-1.19.jar:/home/user/.m2/repository/org/codehaus/jettison/jettison/1.1/jettison-1.1.jar:/home/user/.m2/repository/org/codehaus/jackson/jackson-core-asl/1.9.13/jackson-core-asl-1.9.13.jar:/home/user/.m2/repository/org/codehaus/jackson/jackson-mapper-asl/1.9.13/jackson-mapper-asl-1.9.13.jar:/home/user/.m2/repository/org/codehaus/jackson/jackson-jaxrs/1.9.13/jackson-jaxrs-1.9.13.jar:/home/user/.m2/repository/org/codehaus/jackson/jackson-xc/1.9.13/jackson-xc-1.9.13.jar:/home/user/.m2/repository/commons-logging/commons-logging/1.1.3/commons-logging-1.1.3.jar:/home/user/.m2/repository/commons-beanutils/commons-beanutils/1.9.4/commons-beanutils-1.9.4.jar:/home/user/.m2/repository/org/apache/commons/commons-configuration2/2.1.1/commons-configuration2-2.1.1.jar:/home/user/.m2/repository/org/apache/commons/commons-lang3/3.7/commons-lang3-3.7.jar:/home/user/.m2/repository/org/apache/commons/commons-text/1.4/commons-text-1.4.jar:/home/user/.m2/repository/org/apache/avro/avro/1.7.7/avro-1.7.7.jar:/home/user/.m2/repository/com/thoughtworks/paranamer/paranamer/2.3/paranamer-2.3.jar:/home/user/.m2/repository/org/xerial/snappy/snappy-java/1.0.5/snappy-java-1.0.5.jar:/home/user/.m2/repository/com/google/re2j/re2j/1.1/re2j-1.1.jar:/home/user/.m2/repository/com/google/code/gson/gson/2.2.4/gson-2.2.4.jar:/home/user/.m2/repository/com/jcraft/jsch/0.1.54/jsch-0.1.54.jar:/home/user/.m2/repository/org/apache/curator/curator-client/2.12.0/curator-client-2.12.0.jar:/home/user/.m2/repository/org/apache/curator/curator-recipes/2.12.0/curator-recipes-2.12.0.jar:/home/user/.m2/repository/com/google/code/findbugs/jsr305/3.0.0/jsr305-3.0.0.jar:/home/user/.m2/repository/org/apache/htrace/htrace-core4/4.1.0-incubating/htrace-core4-4.1.0-incubating.jar:/home/user/.m2/repository/org/apache/zookeeper/zookeeper/3.4.13/zookeeper-3.4.13.jar:/home/user/.m2/repository/jline/jline/0.9.94/jline-0.9.94.jar:/home/user/.m2/repository/org/apache/yetus/audience-annotations/0.5.0/audience-annotations-0.5.0.jar:/home/user/.m2/repository/org/codehaus/woodstox/stax2-api/3.1.4/stax2-api-3.1.4.jar:/home/user/.m2/repository/com/fasterxml/woodstox/woodstox-core/5.0.3/woodstox-core-5.0.3.jar:/home/user/.m2/repository/dnsjava/dnsjava/2.1.7/dnsjava-2.1.7.jar:/home/user/.m2/repository/org/apache/hadoop/hadoop-hdfs/3.2.0/hadoop-hdfs-3.2.0-tests.jar:/home/user/.m2/repository/org/eclipse/jetty/jetty-util-ajax/9.3.25.v20180904/jetty-util-ajax-9.3.25.v20180904.jar:/home/user/.m2/repository/commons-daemon/commons-daemon/1.0.13/commons-daemon-1.0.13.jar:/home/user/.m2/repository/io/netty/netty/3.10.5.Final/netty-3.10.5.Final.jar:/home/user/.m2/repository/io/netty/netty-all/4.0.52.Final/netty-all-4.0.52.Final.jar:/home/user/.m2/repository/org/fusesource/leveldbjni/leveldbjni-all/1.8/leveldbjni-all-1.8.jar:"/>
    <property name="java.vm.vendor" value="IcedTea"/>
    <property name="sun.arch.data.model" value="64"/>
    <property name="test.build.dir" value="/workdir/hadoop-ozone/integration-test/target/test-dir"/>
    <property name="test.cache.data" value=""/>
    <property name="java.vendor.url" value="https://icedtea.classpath.org"/>
    <property name="user.timezone" value=""/>
    <property name="java.vm.specification.version" value="1.8"/>
    <property name="os.name" value="Linux"/>
    <property name="test.build.data" value="/workdir/hadoop-ozone/integration-test/target/test-dir"/>
    <property name="user.country" value="US"/>
    <property name="sun.java.launcher" value="SUN_STANDARD"/>
    <property name="sun.boot.library.path" value="/usr/lib/jvm/java-1.8-openjdk/jre/lib/amd64"/>
    <property name="sun.java.command" value="/workdir/hadoop-ozone/integration-test/target/surefire/surefirebooter7138885939070052127.jar /workdir/hadoop-ozone/integration-test/target/surefire 2019-10-02T14-36-50_420-jvmRun1 surefire139786900699726250tmp surefire_576857393693459491588tmp"/>
    <property name="test" value="!TestMiniChaosOzoneCluster"/>
    <property name="surefire.test.class.path" value="/workdir/hadoop-ozone/integration-test/target/test-classes:/workdir/hadoop-ozone/integration-test/target/classes:/home/user/.m2/repository/org/apache/hadoop/hadoop-ozone-common/0.5.0-SNAPSHOT/hadoop-ozone-common-0.5.0-SNAPSHOT.jar:/home/user/.m2/repository/org/apache/commons/commons-compress/1.4.1/commons-compress-1.4.1.jar:/home/user/.m2/repository/org/tukaani/xz/1.0/xz-1.0.jar:/home/user/.m2/repository/org/apache/hadoop/hadoop-common/3.2.0/hadoop-common-3.2.0.jar:/home/user/.m2/repository/org/apache/hadoop/hadoop-hdfs/3.2.0/hadoop-hdfs-3.2.0.jar:/home/user/.m2/repository/org/apache/hadoop/hadoop-hdfs-client/3.2.0/hadoop-hdfs-client-3.2.0.jar:/home/user/.m2/repository/com/fasterxml/jackson/core/jackson-annotations/2.9.9/jackson-annotations-2.9.9.jar:/home/user/.m2/repository/org/apache/hadoop/hadoop-hdds-common/0.5.0-SNAPSHOT/hadoop-hdds-common-0.5.0-SNAPSHOT.jar:/home/user/.m2/repository/javax/annotation/javax.annotation-api/1.2/javax.annotation-api-1.2.jar:/home/user/.m2/repository/org/apache/ratis/ratis-server/0.5.0-201fc85-SNAPSHOT/ratis-server-0.5.0-201fc85-SNAPSHOT.jar:/home/user/.m2/repository/org/apache/ratis/ratis-thirdparty-misc/0.2.0/ratis-thirdparty-misc-0.2.0.jar:/home/user/.m2/repository/org/apache/ratis/ratis-proto/0.5.0-201fc85-SNAPSHOT/ratis-proto-0.5.0-201fc85-SNAPSHOT.jar:/home/user/.m2/repository/org/apache/ratis/ratis-common/0.5.0-201fc85-SNAPSHOT/ratis-common-0.5.0-201fc85-SNAPSHOT.jar:/home/user/.m2/repository/org/apache/ratis/ratis-client/0.5.0-201fc85-SNAPSHOT/ratis-client-0.5.0-201fc85-SNAPSHOT.jar:/home/user/.m2/repository/org/apache/ratis/ratis-metrics/0.5.0-201fc85-SNAPSHOT/ratis-metrics-0.5.0-201fc85-SNAPSHOT.jar:/home/user/.m2/repository/com/github/joshelser/dropwizard-metrics-hadoop-metrics2-reporter/0.1.2/dropwizard-metrics-hadoop-metrics2-reporter-0.1.2.jar:/home/user/.m2/repository/io/dropwizard/metrics/metrics-jvm/3.2.5/metrics-jvm-3.2.5.jar:/home/user/.m2/repository/io/dropwizard/metrics/metrics-ganglia/3.2.5/metrics-ganglia-3.2.5.jar:/home/user/.m2/repository/info/ganglia/gmetric4j/gmetric4j/1.0.7/gmetric4j-1.0.7.jar:/home/user/.m2/repository/org/apache/ratis/ratis-netty/0.5.0-201fc85-SNAPSHOT/ratis-netty-0.5.0-201fc85-SNAPSHOT.jar:/home/user/.m2/repository/org/apache/ratis/ratis-grpc/0.5.0-201fc85-SNAPSHOT/ratis-grpc-0.5.0-201fc85-SNAPSHOT.jar:/home/user/.m2/repository/org/rocksdb/rocksdbjni/6.0.1/rocksdbjni-6.0.1.jar:/home/user/.m2/repository/org/apache/logging/log4j/log4j-api/2.11.0/log4j-api-2.11.0.jar:/home/user/.m2/repository/org/apache/logging/log4j/log4j-core/2.11.0/log4j-core-2.11.0.jar:/home/user/.m2/repository/com/lmax/disruptor/3.4.2/disruptor-3.4.2.jar:/home/user/.m2/repository/org/apache/commons/commons-pool2/2.6.0/commons-pool2-2.6.0.jar:/home/user/.m2/repository/org/bouncycastle/bcpkix-jdk15on/1.60/bcpkix-jdk15on-1.60.jar:/home/user/.m2/repository/commons-validator/commons-validator/1.6/commons-validator-1.6.jar:/home/user/.m2/repository/commons-digester/commons-digester/1.8.1/commons-digester-1.8.1.jar:/home/user/.m2/repository/io/jaegertracing/jaeger-client/0.34.0/jaeger-client-0.34.0.jar:/home/user/.m2/repository/io/jaegertracing/jaeger-thrift/0.34.0/jaeger-thrift-0.34.0.jar:/home/user/.m2/repository/org/apache/thrift/libthrift/0.12.0/libthrift-0.12.0.jar:/home/user/.m2/repository/com/squareup/okhttp3/okhttp/3.9.0/okhttp-3.9.0.jar:/home/user/.m2/repository/com/squareup/okio/okio/1.13.0/okio-1.13.0.jar:/home/user/.m2/repository/io/jaegertracing/jaeger-core/0.34.0/jaeger-core-0.34.0.jar:/home/user/.m2/repository/io/jaegertracing/jaeger-tracerresolver/0.34.0/jaeger-tracerresolver-0.34.0.jar:/home/user/.m2/repository/io/opentracing/contrib/opentracing-tracerresolver/0.1.5/opentracing-tracerresolver-0.1.5.jar:/home/user/.m2/repository/io/opentracing/opentracing-util/0.31.0/opentracing-util-0.31.0.jar:/home/user/.m2/repository/io/opentracing/opentracing-api/0.31.0/opentracing-api-0.31.0.jar:/home/user/.m2/repository/io/opentracing/opentracing-noop/0.31.0/opentracing-noop-0.31.0.jar:/home/user/.m2/repository/org/apache/hadoop/hadoop-hdds-server-framework/0.5.0-SNAPSHOT/hadoop-hdds-server-framework-0.5.0-SNAPSHOT.jar:/home/user/.m2/repository/org/apache/hadoop/hadoop-hdds-container-service/0.5.0-SNAPSHOT/hadoop-hdds-container-service-0.5.0-SNAPSHOT.jar:/home/user/.m2/repository/org/apache/hadoop/hadoop-hdds-client/0.5.0-SNAPSHOT/hadoop-hdds-client-0.5.0-SNAPSHOT.jar:/home/user/.m2/repository/org/apache/hadoop/hadoop-hdds-tools/0.5.0-SNAPSHOT/hadoop-hdds-tools-0.5.0-SNAPSHOT.jar:/home/user/.m2/repository/org/apache/hadoop/hadoop-hdds-server-scm/0.5.0-SNAPSHOT/hadoop-hdds-server-scm-0.5.0-SNAPSHOT.jar:/home/user/.m2/repository/org/apache/hadoop/hadoop-hdds-docs/0.5.0-SNAPSHOT/hadoop-hdds-docs-0.5.0-SNAPSHOT.jar:/home/user/.m2/repository/io/dropwizard/metrics/metrics-core/3.2.4/metrics-core-3.2.4.jar:/home/user/.m2/repository/org/hamcrest/hamcrest-all/1.3/hamcrest-all-1.3.jar:/home/user/.m2/repository/org/bouncycastle/bcprov-jdk15on/1.60/bcprov-jdk15on-1.60.jar:/home/user/.m2/repository/info/picocli/picocli/3.9.6/picocli-3.9.6.jar:/home/user/.m2/repository/com/google/protobuf/protobuf-java/2.5.0/protobuf-java-2.5.0.jar:/home/user/.m2/repository/com/google/guava/guava/11.0.2/guava-11.0.2.jar:/home/user/.m2/repository/org/apache/hadoop/hadoop-ozone-ozone-manager/0.5.0-SNAPSHOT/hadoop-ozone-ozone-manager-0.5.0-SNAPSHOT.jar:/home/user/.m2/repository/org/apache/hadoop/hadoop-minikdc/3.2.0/hadoop-minikdc-3.2.0.jar:/home/user/.m2/repository/commons-io/commons-io/2.5/commons-io-2.5.jar:/home/user/.m2/repository/org/apache/kerby/kerb-simplekdc/1.0.1/kerb-simplekdc-1.0.1.jar:/home/user/.m2/repository/org/apache/kerby/kerb-client/1.0.1/kerb-client-1.0.1.jar:/home/user/.m2/repository/org/apache/kerby/kerby-config/1.0.1/kerby-config-1.0.1.jar:/home/user/.m2/repository/org/apache/kerby/kerb-core/1.0.1/kerb-core-1.0.1.jar:/home/user/.m2/repository/org/apache/kerby/kerby-pkix/1.0.1/kerby-pkix-1.0.1.jar:/home/user/.m2/repository/org/apache/kerby/kerby-asn1/1.0.1/kerby-asn1-1.0.1.jar:/home/user/.m2/repository/org/apache/kerby/kerby-util/1.0.1/kerby-util-1.0.1.jar:/home/user/.m2/repository/org/apache/kerby/kerb-common/1.0.1/kerb-common-1.0.1.jar:/home/user/.m2/repository/org/apache/kerby/kerb-crypto/1.0.1/kerb-crypto-1.0.1.jar:/home/user/.m2/repository/org/apache/kerby/kerb-util/1.0.1/kerb-util-1.0.1.jar:/home/user/.m2/repository/org/apache/kerby/token-provider/1.0.1/token-provider-1.0.1.jar:/home/user/.m2/repository/org/apache/kerby/kerb-admin/1.0.1/kerb-admin-1.0.1.jar:/home/user/.m2/repository/org/apache/kerby/kerb-server/1.0.1/kerb-server-1.0.1.jar:/home/user/.m2/repository/org/apache/kerby/kerb-identity/1.0.1/kerb-identity-1.0.1.jar:/home/user/.m2/repository/org/apache/kerby/kerby-xdr/1.0.1/kerby-xdr-1.0.1.jar:/home/user/.m2/repository/org/slf4j/slf4j-log4j12/1.7.25/slf4j-log4j12-1.7.25.jar:/home/user/.m2/repository/org/apache/hadoop/hadoop-ozone-s3gateway/0.5.0-SNAPSHOT/hadoop-ozone-s3gateway-0.5.0-SNAPSHOT.jar:/home/user/.m2/repository/org/jboss/weld/servlet/weld-servlet/2.4.7.Final/weld-servlet-2.4.7.Final.jar:/home/user/.m2/repository/org/glassfish/jersey/containers/jersey-container-servlet-core/2.27/jersey-container-servlet-core-2.27.jar:/home/user/.m2/repository/org/glassfish/hk2/external/javax.inject/2.5.0-b42/javax.inject-2.5.0-b42.jar:/home/user/.m2/repository/org/glassfish/jersey/core/jersey-common/2.27/jersey-common-2.27.jar:/home/user/.m2/repository/org/glassfish/hk2/osgi-resource-locator/1.0.1/osgi-resource-locator-1.0.1.jar:/home/user/.m2/repository/javax/ws/rs/javax.ws.rs-api/2.1/javax.ws.rs-api-2.1.jar:/home/user/.m2/repository/org/glassfish/jersey/ext/cdi/jersey-cdi1x/2.27/jersey-cdi1x-2.27.jar:/home/user/.m2/repository/org/glassfish/jersey/inject/jersey-hk2/2.27/jersey-hk2-2.27.jar:/home/user/.m2/repository/org/glassfish/hk2/hk2-locator/2.5.0-b42/hk2-locator-2.5.0-b42.jar:/home/user/.m2/repository/org/javassist/javassist/3.22.0-CR2/javassist-3.22.0-CR2.jar:/home/user/.m2/repository/org/glassfish/hk2/hk2-api/2.5.0/hk2-api-2.5.0.jar:/home/user/.m2/repository/org/glassfish/hk2/external/jakarta.inject/2.5.0/jakarta.inject-2.5.0.jar:/home/user/.m2/repository/org/glassfish/hk2/hk2-utils/2.5.0/hk2-utils-2.5.0.jar:/home/user/.m2/repository/jakarta/annotation/jakarta.annotation-api/1.3.4/jakarta.annotation-api-1.3.4.jar:/home/user/.m2/repository/org/glassfish/hk2/external/aopalliance-repackaged/2.5.0/aopalliance-repackaged-2.5.0.jar:/home/user/.m2/repository/com/fasterxml/jackson/dataformat/jackson-dataformat-xml/2.9.0/jackson-dataformat-xml-2.9.0.jar:/home/user/.m2/repository/com/fasterxml/jackson/core/jackson-core/2.9.9/jackson-core-2.9.9.jar:/home/user/.m2/repository/com/fasterxml/jackson/module/jackson-module-jaxb-annotations/2.9.9/jackson-module-jaxb-annotations-2.9.9.jar:/home/user/.m2/repository/javax/enterprise/cdi-api/1.2/cdi-api-1.2.jar:/home/user/.m2/repository/javax/el/javax.el-api/3.0.0/javax.el-api-3.0.0.jar:/home/user/.m2/repository/javax/interceptor/javax.interceptor-api/1.2/javax.interceptor-api-1.2.jar:/home/user/.m2/repository/javax/inject/javax.inject/1/javax.inject-1.jar:/home/user/.m2/repository/com/sun/xml/bind/jaxb-impl/2.3.0.1/jaxb-impl-2.3.0.1.jar:/home/user/.m2/repository/com/sun/xml/bind/jaxb-core/2.3.0.1/jaxb-core-2.3.0.1.jar:/home/user/.m2/repository/javax/xml/bind/jaxb-api/2.3.0/jaxb-api-2.3.0.jar:/home/user/.m2/repository/javax/activation/activation/1.1.1/activation-1.1.1.jar:/home/user/.m2/repository/org/apache/hadoop/hadoop-ozone-csi/0.5.0-SNAPSHOT/hadoop-ozone-csi-0.5.0-SNAPSHOT.jar:/home/user/.m2/repository/com/google/protobuf/protobuf-java-util/3.5.1/protobuf-java-util-3.5.1.jar:/home/user/.m2/repository/org/apache/hadoop/hadoop-hdds-config/0.5.0-SNAPSHOT/hadoop-hdds-config-0.5.0-SNAPSHOT.jar:/home/user/.m2/repository/io/grpc/grpc-netty/1.17.1/grpc-netty-1.17.1.jar:/home/user/.m2/repository/io/grpc/grpc-core/1.17.1/grpc-core-1.17.1.jar:/home/user/.m2/repository/io/grpc/grpc-context/1.17.1/grpc-context-1.17.1.jar:/home/user/.m2/repository/com/google/errorprone/error_prone_annotations/2.2.0/error_prone_annotations-2.2.0.jar:/home/user/.m2/repository/org/codehaus/mojo/animal-sniffer-annotations/1.17/animal-sniffer-annotations-1.17.jar:/home/user/.m2/repository/io/opencensus/opencensus-api/0.17.0/opencensus-api-0.17.0.jar:/home/user/.m2/repository/io/opencensus/opencensus-contrib-grpc-metrics/0.17.0/opencensus-contrib-grpc-metrics-0.17.0.jar:/home/user/.m2/repository/io/netty/netty-codec-http2/4.1.30.Final/netty-codec-http2-4.1.30.Final.jar:/home/user/.m2/repository/io/netty/netty-codec-http/4.1.30.Final/netty-codec-http-4.1.30.Final.jar:/home/user/.m2/repository/io/netty/netty-codec/4.1.30.Final/netty-codec-4.1.30.Final.jar:/home/user/.m2/repository/io/netty/netty-handler/4.1.30.Final/netty-handler-4.1.30.Final.jar:/home/user/.m2/repository/io/netty/netty-handler-proxy/4.1.30.Final/netty-handler-proxy-4.1.30.Final.jar:/home/user/.m2/repository/io/netty/netty-codec-socks/4.1.30.Final/netty-codec-socks-4.1.30.Final.jar:/home/user/.m2/repository/io/netty/netty-transport-native-epoll/4.1.30.Final/netty-transport-native-epoll-4.1.30.Final.jar:/home/user/.m2/repository/io/netty/netty-common/4.1.30.Final/netty-common-4.1.30.Final.jar:/home/user/.m2/repository/io/netty/netty-buffer/4.1.30.Final/netty-buffer-4.1.30.Final.jar:/home/user/.m2/repository/io/netty/netty-transport/4.1.30.Final/netty-transport-4.1.30.Final.jar:/home/user/.m2/repository/io/netty/netty-resolver/4.1.30.Final/netty-resolver-4.1.30.Final.jar:/home/user/.m2/repository/io/netty/netty-transport-native-unix-common/4.1.30.Final/netty-transport-native-unix-common-4.1.30.Final.jar:/home/user/.m2/repository/io/grpc/grpc-protobuf/1.17.1/grpc-protobuf-1.17.1.jar:/home/user/.m2/repository/com/google/api/grpc/proto-google-common-protos/1.0.0/proto-google-common-protos-1.0.0.jar:/home/user/.m2/repository/io/grpc/grpc-protobuf-lite/1.17.1/grpc-protobuf-lite-1.17.1.jar:/home/user/.m2/repository/io/grpc/grpc-stub/1.17.1/grpc-stub-1.17.1.jar:/home/user/.m2/repository/org/apache/hadoop/hadoop-ozone-recon/0.5.0-SNAPSHOT/hadoop-ozone-recon-0.5.0-SNAPSHOT.jar:/home/user/.m2/repository/org/apache/hadoop/hadoop-ozone-reconcodegen/0.5.0-SNAPSHOT/hadoop-ozone-reconcodegen-0.5.0-SNAPSHOT.jar:/home/user/.m2/repository/com/google/inject/extensions/guice-multibindings/4.0/guice-multibindings-4.0.jar:/home/user/.m2/repository/com/google/inject/guice/4.0/guice-4.0.jar:/home/user/.m2/repository/aopalliance/aopalliance/1.0/aopalliance-1.0.jar:/home/user/.m2/repository/com/google/inject/extensions/guice-servlet/4.0/guice-servlet-4.0.jar:/home/user/.m2/repository/org/glassfish/jersey/containers/jersey-container-servlet/2.27/jersey-container-servlet-2.27.jar:/home/user/.m2/repository/org/glassfish/hk2/guice-bridge/2.5.0/guice-bridge-2.5.0.jar:/home/user/.m2/repository/org/glassfish/jersey/core/jersey-server/2.27/jersey-server-2.27.jar:/home/user/.m2/repository/org/glassfish/jersey/core/jersey-client/2.27/jersey-client-2.27.jar:/home/user/.m2/repository/org/glassfish/jersey/media/jersey-media-jaxb/2.27/jersey-media-jaxb-2.27.jar:/home/user/.m2/repository/javax/validation/validation-api/1.1.0.Final/validation-api-1.1.0.Final.jar:/home/user/.m2/repository/org/glassfish/jersey/media/jersey-media-json-jackson/2.27/jersey-media-json-jackson-2.27.jar:/home/user/.m2/repository/org/glassfish/jersey/ext/jersey-entity-filtering/2.27/jersey-entity-filtering-2.27.jar:/home/user/.m2/repository/com/google/inject/extensions/guice-assistedinject/4.0/guice-assistedinject-4.0.jar:/home/user/.m2/repository/org/jooq/jooq/3.11.10/jooq-3.11.10.jar:/home/user/.m2/repository/org/jooq/jooq-meta/3.11.10/jooq-meta-3.11.10.jar:/home/user/.m2/repository/org/jooq/jooq-codegen/3.11.10/jooq-codegen-3.11.10.jar:/home/user/.m2/repository/com/jolbox/bonecp/0.8.0.RELEASE/bonecp-0.8.0.RELEASE.jar:/home/user/.m2/repository/org/xerial/sqlite-jdbc/3.25.2/sqlite-jdbc-3.25.2.jar:/home/user/.m2/repository/org/springframework/spring-jdbc/5.1.3.RELEASE/spring-jdbc-5.1.3.RELEASE.jar:/home/user/.m2/repository/org/springframework/spring-beans/5.1.3.RELEASE/spring-beans-5.1.3.RELEASE.jar:/home/user/.m2/repository/org/springframework/spring-core/5.1.3.RELEASE/spring-core-5.1.3.RELEASE.jar:/home/user/.m2/repository/org/springframework/spring-jcl/5.1.3.RELEASE/spring-jcl-5.1.3.RELEASE.jar:/home/user/.m2/repository/org/springframework/spring-tx/5.1.3.RELEASE/spring-tx-5.1.3.RELEASE.jar:/home/user/.m2/repository/org/apache/hadoop/hadoop-ozone-client/0.5.0-SNAPSHOT/hadoop-ozone-client-0.5.0-SNAPSHOT.jar:/home/user/.m2/repository/commons-lang/commons-lang/2.6/commons-lang-2.6.jar:/home/user/.m2/repository/org/apache/hadoop/hadoop-ozone-ozone-manager/0.5.0-SNAPSHOT/hadoop-ozone-ozone-manager-0.5.0-SNAPSHOT-tests.jar:/home/user/.m2/repository/junit/junit/4.11/junit-4.11.jar:/home/user/.m2/repository/org/hamcrest/hamcrest-core/1.3/hamcrest-core-1.3.jar:/home/user/.m2/repository/org/openjdk/jmh/jmh-core/1.19/jmh-core-1.19.jar:/home/user/.m2/repository/net/sf/jopt-simple/jopt-simple/4.6/jopt-simple-4.6.jar:/home/user/.m2/repository/org/apache/commons/commons-math3/3.1.1/commons-math3-3.1.1.jar:/home/user/.m2/repository/org/openjdk/jmh/jmh-generator-annprocess/1.19/jmh-generator-annprocess-1.19.jar:/home/user/.m2/repository/org/mockito/mockito-all/1.8.5/mockito-all-1.8.5.jar:/home/user/.m2/repository/org/apache/hadoop/hadoop-kms/3.2.0/hadoop-kms-3.2.0.jar:/home/user/.m2/repository/org/apache/hadoop/hadoop-auth/3.2.0/hadoop-auth-3.2.0.jar:/home/user/.m2/repository/com/nimbusds/nimbus-jose-jwt/4.41.1/nimbus-jose-jwt-4.41.1.jar:/home/user/.m2/repository/com/github/stephenc/jcip/jcip-annotations/1.0-1/jcip-annotations-1.0-1.jar:/home/user/.m2/repository/net/minidev/json-smart/2.3/json-smart-2.3.jar:/home/user/.m2/repository/net/minidev/accessors-smart/1.2/accessors-smart-1.2.jar:/home/user/.m2/repository/org/ow2/asm/asm/5.0.4/asm-5.0.4.jar:/home/user/.m2/repository/org/apache/curator/curator-framework/2.12.0/curator-framework-2.12.0.jar:/home/user/.m2/repository/com/sun/jersey/jersey-core/1.19/jersey-core-1.19.jar:/home/user/.m2/repository/javax/ws/rs/jsr311-api/1.1.1/jsr311-api-1.1.1.jar:/home/user/.m2/repository/com/sun/jersey/jersey-server/1.19/jersey-server-1.19.jar:/home/user/.m2/repository/javax/servlet/javax.servlet-api/3.1.0/javax.servlet-api-3.1.0.jar:/home/user/.m2/repository/org/eclipse/jetty/jetty-server/9.3.25.v20180904/jetty-server-9.3.25.v20180904.jar:/home/user/.m2/repository/org/eclipse/jetty/jetty-http/9.3.25.v20180904/jetty-http-9.3.25.v20180904.jar:/home/user/.m2/repository/org/eclipse/jetty/jetty-io/9.3.25.v20180904/jetty-io-9.3.25.v20180904.jar:/home/user/.m2/repository/org/eclipse/jetty/jetty-webapp/9.3.25.v20180904/jetty-webapp-9.3.25.v20180904.jar:/home/user/.m2/repository/org/eclipse/jetty/jetty-xml/9.3.25.v20180904/jetty-xml-9.3.25.v20180904.jar:/home/user/.m2/repository/log4j/log4j/1.2.17/log4j-1.2.17.jar:/home/user/.m2/repository/org/slf4j/slf4j-api/1.7.25/slf4j-api-1.7.25.jar:/home/user/.m2/repository/org/slf4j/jul-to-slf4j/1.7.25/jul-to-slf4j-1.7.25.jar:/home/user/.m2/repository/org/eclipse/jetty/jetty-util/9.3.25.v20180904/jetty-util-9.3.25.v20180904.jar:/home/user/.m2/repository/com/fasterxml/jackson/core/jackson-databind/2.9.9/jackson-databind-2.9.9.jar:/home/user/.m2/repository/org/apache/hadoop/hadoop-kms/3.2.0/hadoop-kms-3.2.0-tests.jar:/home/user/.m2/repository/org/apache/hadoop/hadoop-hdds-server-scm/0.5.0-SNAPSHOT/hadoop-hdds-server-scm-0.5.0-SNAPSHOT-tests.jar:/home/user/.m2/repository/org/apache/hadoop/hadoop-hdds-container-service/0.5.0-SNAPSHOT/hadoop-hdds-container-service-0.5.0-SNAPSHOT-tests.jar:/home/user/.m2/repository/org/yaml/snakeyaml/1.16/snakeyaml-1.16.jar:/home/user/.m2/repository/org/apache/hadoop/hadoop-common/3.2.0/hadoop-common-3.2.0-tests.jar:/home/user/.m2/repository/org/apache/hadoop/hadoop-annotations/3.2.0/hadoop-annotations-3.2.0.jar:/usr/lib/jvm/java-1.8-openjdk/jre/../lib/tools.jar:/home/user/.m2/repository/commons-cli/commons-cli/1.2/commons-cli-1.2.jar:/home/user/.m2/repository/org/apache/httpcomponents/httpclient/4.5.2/httpclient-4.5.2.jar:/home/user/.m2/repository/org/apache/httpcomponents/httpcore/4.4.4/httpcore-4.4.4.jar:/home/user/.m2/repository/commons-codec/commons-codec/1.11/commons-codec-1.11.jar:/home/user/.m2/repository/commons-net/commons-net/3.6/commons-net-3.6.jar:/home/user/.m2/repository/commons-collections/commons-collections/3.2.2/commons-collections-3.2.2.jar:/home/user/.m2/repository/org/eclipse/jetty/jetty-servlet/9.3.25.v20180904/jetty-servlet-9.3.25.v20180904.jar:/home/user/.m2/repository/org/eclipse/jetty/jetty-security/9.3.25.v20180904/jetty-security-9.3.25.v20180904.jar:/home/user/.m2/repository/javax/servlet/jsp/jsp-api/2.1/jsp-api-2.1.jar:/home/user/.m2/repository/com/sun/jersey/jersey-servlet/1.19/jersey-servlet-1.19.jar:/home/user/.m2/repository/com/sun/jersey/jersey-json/1.19/jersey-json-1.19.jar:/home/user/.m2/repository/org/codehaus/jettison/jettison/1.1/jettison-1.1.jar:/home/user/.m2/repository/org/codehaus/jackson/jackson-core-asl/1.9.13/jackson-core-asl-1.9.13.jar:/home/user/.m2/repository/org/codehaus/jackson/jackson-mapper-asl/1.9.13/jackson-mapper-asl-1.9.13.jar:/home/user/.m2/repository/org/codehaus/jackson/jackson-jaxrs/1.9.13/jackson-jaxrs-1.9.13.jar:/home/user/.m2/repository/org/codehaus/jackson/jackson-xc/1.9.13/jackson-xc-1.9.13.jar:/home/user/.m2/repository/commons-logging/commons-logging/1.1.3/commons-logging-1.1.3.jar:/home/user/.m2/repository/commons-beanutils/commons-beanutils/1.9.4/commons-beanutils-1.9.4.jar:/home/user/.m2/repository/org/apache/commons/commons-configuration2/2.1.1/commons-configuration2-2.1.1.jar:/home/user/.m2/repository/org/apache/commons/commons-lang3/3.7/commons-lang3-3.7.jar:/home/user/.m2/repository/org/apache/commons/commons-text/1.4/commons-text-1.4.jar:/home/user/.m2/repository/org/apache/avro/avro/1.7.7/avro-1.7.7.jar:/home/user/.m2/repository/com/thoughtworks/paranamer/paranamer/2.3/paranamer-2.3.jar:/home/user/.m2/repository/org/xerial/snappy/snappy-java/1.0.5/snappy-java-1.0.5.jar:/home/user/.m2/repository/com/google/re2j/re2j/1.1/re2j-1.1.jar:/home/user/.m2/repository/com/google/code/gson/gson/2.2.4/gson-2.2.4.jar:/home/user/.m2/repository/com/jcraft/jsch/0.1.54/jsch-0.1.54.jar:/home/user/.m2/repository/org/apache/curator/curator-client/2.12.0/curator-client-2.12.0.jar:/home/user/.m2/repository/org/apache/curator/curator-recipes/2.12.0/curator-recipes-2.12.0.jar:/home/user/.m2/repository/com/google/code/findbugs/jsr305/3.0.0/jsr305-3.0.0.jar:/home/user/.m2/repository/org/apache/htrace/htrace-core4/4.1.0-incubating/htrace-core4-4.1.0-incubating.jar:/home/user/.m2/repository/org/apache/zookeeper/zookeeper/3.4.13/zookeeper-3.4.13.jar:/home/user/.m2/repository/jline/jline/0.9.94/jline-0.9.94.jar:/home/user/.m2/repository/org/apache/yetus/audience-annotations/0.5.0/audience-annotations-0.5.0.jar:/home/user/.m2/repository/org/codehaus/woodstox/stax2-api/3.1.4/stax2-api-3.1.4.jar:/home/user/.m2/repository/com/fasterxml/woodstox/woodstox-core/5.0.3/woodstox-core-5.0.3.jar:/home/user/.m2/repository/dnsjava/dnsjava/2.1.7/dnsjava-2.1.7.jar:/home/user/.m2/repository/org/apache/hadoop/hadoop-hdfs/3.2.0/hadoop-hdfs-3.2.0-tests.jar:/home/user/.m2/repository/org/eclipse/jetty/jetty-util-ajax/9.3.25.v20180904/jetty-util-ajax-9.3.25.v20180904.jar:/home/user/.m2/repository/commons-daemon/commons-daemon/1.0.13/commons-daemon-1.0.13.jar:/home/user/.m2/repository/io/netty/netty/3.10.5.Final/netty-3.10.5.Final.jar:/home/user/.m2/repository/io/netty/netty-all/4.0.52.Final/netty-all-4.0.52.Final.jar:/home/user/.m2/repository/org/fusesource/leveldbjni/leveldbjni-all/1.8/leveldbjni-all-1.8.jar:"/>
    <property name="sun.cpu.endian" value="little"/>
    <property name="user.home" value="/home/user"/>
    <property name="user.language" value="en"/>
    <property name="java.specification.vendor" value="Oracle Corporation"/>
    <property name="java.home" value="/usr/lib/jvm/java-1.8-openjdk/jre"/>
    <property name="java.security.krb5.conf" value="/workdir/hadoop-ozone/integration-test/target/test-classes/krb5.conf"/>
    <property name="basedir" value="/workdir/hadoop-ozone/integration-test"/>
    <property name="file.separator" value="/"/>
    <property name="line.separator" value="&#10;"/>
    <property name="java.vm.specification.vendor" value="Oracle Corporation"/>
    <property name="java.specification.name" value="Java Platform API Specification"/>
    <property name="java.awt.graphicsenv" value="sun.awt.X11GraphicsEnvironment"/>
    <property name="surefire.real.class.path" value="/workdir/hadoop-ozone/integration-test/target/surefire/surefirebooter7138885939070052127.jar"/>
    <property name="hadoop.log.dir" value="/workdir/hadoop-ozone/integration-test/target/log"/>
    <property name="sun.boot.class.path" value="/usr/lib/jvm/java-1.8-openjdk/jre/lib/resources.jar:/usr/lib/jvm/java-1.8-openjdk/jre/lib/rt.jar:/usr/lib/jvm/java-1.8-openjdk/jre/lib/sunrsasign.jar:/usr/lib/jvm/java-1.8-openjdk/jre/lib/jsse.jar:/usr/lib/jvm/java-1.8-openjdk/jre/lib/jce.jar:/usr/lib/jvm/java-1.8-openjdk/jre/lib/charsets.jar:/usr/lib/jvm/java-1.8-openjdk/jre/lib/jfr.jar:/usr/lib/jvm/java-1.8-openjdk/jre/classes"/>
    <property name="sun.management.compiler" value="HotSpot 64-Bit Tiered Compilers"/>
    <property name="java.runtime.version" value="1.8.0_212-b04"/>
    <property name="java.net.preferIPv4Stack" value="true"/>
    <property name="user.name" value="jenkins1000"/>
    <property name="path.separator" value=":"/>
    <property name="java.security.egd" value="file:///dev/urandom"/>
    <property name="os.version" value="3.10.0-957.12.2.el7.x86_64"/>
    <property name="java.endorsed.dirs" value="/usr/lib/jvm/java-1.8-openjdk/jre/lib/endorsed"/>
    <property name="java.runtime.name" value="OpenJDK Runtime Environment"/>
    <property name="file.encoding" value="UTF-8"/>
    <property name="java.vm.name" value="OpenJDK 64-Bit Server VM"/>
    <property name="test.build.webapps" value=""/>
    <property name="localRepository" value="/home/user/.m2/repository"/>
    <property name="java.vendor.url.bug" value="https://icedtea.classpath.org/bugzilla"/>
    <property name="java.io.tmpdir" value="/tmp"/>
    <property name="require.test.libhadoop" value=""/>
    <property name="java.version" value="1.8.0_212"/>
    <property name="user.dir" value="/workdir/hadoop-ozone/integration-test"/>
    <property name="os.arch" value="amd64"/>
    <property name="java.vm.specification.name" value="Java Virtual Machine Specification"/>
    <property name="test.build.classes" value="/workdir/hadoop-ozone/integration-test/target/test-classes"/>
    <property name="java.awt.printerjob" value="sun.print.PSPrinterJob"/>
    <property name="sun.os.patch.level" value="unknown"/>
    <property name="hadoop.tmp.dir" value="/workdir/hadoop-ozone/integration-test/target/tmp"/>
    <property name="java.library.path" value="/usr/lib/jvm/java-1.8-openjdk/jre/lib/amd64/server:/usr/lib/jvm/java-1.8-openjdk/jre/lib/amd64:/usr/lib/jvm/java-1.8-openjdk/jre/../lib/amd64:/workdir/hadoop-ozone/integration-test/target/native/target/usr/local/lib:/workdir/hadoop-ozone/integration-test/../../hadoop-common-project/hadoop-common/target/native/target/usr/local/lib:/usr/java/packages/lib/amd64:/usr/lib64:/lib64:/lib:/usr/lib"/>
    <property name="java.vm.info" value="mixed mode"/>
    <property name="java.vendor" value="IcedTea"/>
    <property name="java.vm.version" value="25.212-b04"/>
    <property name="java.ext.dirs" value="/usr/lib/jvm/java-1.8-openjdk/jre/lib/ext:/usr/java/packages/lib/ext"/>
    <property name="sun.io.unicode.encoding" value="UnicodeLittle"/>
    <property name="java.class.version" value="52.0"/>
  </properties>
  <testcase name="testReleaseBuffers" classname="org.apache.hadoop.ozone.client.rpc.TestCommitWatcher" time="71.917">
    <error message="org.apache.ratis.protocol.AlreadyClosedException: SlidingWindow$Client:client-894B1B128465-&gt;RAFT is closed." type="java.util.concurrent.ExecutionException">java.util.concurrent.ExecutionException: org.apache.ratis.protocol.AlreadyClosedException: SlidingWindow$Client:client-894B1B128465->RAFT is closed.
	at java.util.concurrent.CompletableFuture.reportGet(CompletableFuture.java:357)
	at java.util.concurrent.CompletableFuture.get(CompletableFuture.java:1895)
	at org.apache.hadoop.ozone.client.rpc.TestCommitWatcher.testReleaseBuffers(TestCommitWatcher.java:180)
	at sun.reflect.NativeMethodAccessorImpl.invoke0(Native Method)
	at sun.reflect.NativeMethodAccessorImpl.invoke(NativeMethodAccessorImpl.java:62)
	at sun.reflect.DelegatingMethodAccessorImpl.invoke(DelegatingMethodAccessorImpl.java:43)
	at java.lang.reflect.Method.invoke(Method.java:498)
	at org.junit.runners.model.FrameworkMethod$1.runReflectiveCall(FrameworkMethod.java:47)
	at org.junit.internal.runners.model.ReflectiveCallable.run(ReflectiveCallable.java:12)
	at org.junit.runners.model.FrameworkMethod.invokeExplosively(FrameworkMethod.java:44)
	at org.junit.internal.runners.statements.InvokeMethod.evaluate(InvokeMethod.java:17)
	at org.junit.runners.ParentRunner.runLeaf(ParentRunner.java:271)
	at org.junit.runners.BlockJUnit4ClassRunner.runChild(BlockJUnit4ClassRunner.java:70)
	at org.junit.runners.BlockJUnit4ClassRunner.runChild(BlockJUnit4ClassRunner.java:50)
	at org.junit.runners.ParentRunner$3.run(ParentRunner.java:238)
	at org.junit.runners.ParentRunner$1.schedule(ParentRunner.java:63)
	at org.junit.runners.ParentRunner.runChildren(ParentRunner.java:236)
	at org.junit.runners.ParentRunner.access$000(ParentRunner.java:53)
	at org.junit.runners.ParentRunner$2.evaluate(ParentRunner.java:229)
	at org.junit.internal.runners.statements.RunBefores.evaluate(RunBefores.java:26)
	at org.junit.internal.runners.statements.RunAfters.evaluate(RunAfters.java:27)
	at org.junit.runners.ParentRunner.run(ParentRunner.java:309)
	at org.apache.maven.surefire.junit4.JUnit4Provider.execute(JUnit4Provider.java:365)
	at org.apache.maven.surefire.junit4.JUnit4Provider.executeWithRerun(JUnit4Provider.java:273)
	at org.apache.maven.surefire.junit4.JUnit4Provider.executeTestSet(JUnit4Provider.java:238)
	at org.apache.maven.surefire.junit4.JUnit4Provider.invoke(JUnit4Provider.java:159)
	at org.apache.maven.surefire.booter.ForkedBooter.invokeProviderInSameClassLoader(ForkedBooter.java:384)
	at org.apache.maven.surefire.booter.ForkedBooter.runSuitesInProcess(ForkedBooter.java:345)
	at org.apache.maven.surefire.booter.ForkedBooter.execute(ForkedBooter.java:126)
	at org.apache.maven.surefire.booter.ForkedBooter.main(ForkedBooter.java:418)
Caused by: org.apache.ratis.protocol.AlreadyClosedException: SlidingWindow$Client:client-894B1B128465->RAFT is closed.
	at org.apache.ratis.util.SlidingWindow$Client.alreadyClosed(SlidingWindow.java:376)
	at org.apache.ratis.util.SlidingWindow$Client.fail(SlidingWindow.java:364)
	at org.apache.ratis.client.impl.OrderedAsync.failAllAsyncRequests(OrderedAsync.java:134)
	at org.apache.ratis.client.impl.OrderedAsync.lambda$sendRequest$10(OrderedAsync.java:244)
	at java.util.concurrent.CompletableFuture.uniExceptionally(CompletableFuture.java:870)
	at java.util.concurrent.CompletableFuture$UniExceptionally.tryFire(CompletableFuture.java:852)
	at java.util.concurrent.CompletableFuture.postComplete(CompletableFuture.java:474)
	at java.util.concurrent.CompletableFuture.completeExceptionally(CompletableFuture.java:1977)
	at org.apache.ratis.grpc.client.GrpcClientProtocolClient$AsyncStreamObservers.completeReplyExceptionally(GrpcClientProtocolClient.java:345)
	at org.apache.ratis.grpc.client.GrpcClientProtocolClient$AsyncStreamObservers.access$000(GrpcClientProtocolClient.java:261)
	at org.apache.ratis.grpc.client.GrpcClientProtocolClient$AsyncStreamObservers$1.onError(GrpcClientProtocolClient.java:290)
	at org.apache.ratis.thirdparty.io.grpc.stub.ClientCalls$StreamObserverToCallListenerAdapter.onClose(ClientCalls.java:434)
	at org.apache.ratis.thirdparty.io.grpc.PartialForwardingClientCallListener.onClose(PartialForwardingClientCallListener.java:39)
	at org.apache.ratis.thirdparty.io.grpc.ForwardingClientCallListener.onClose(ForwardingClientCallListener.java:23)
	at org.apache.ratis.thirdparty.io.grpc.ForwardingClientCallListener$SimpleForwardingClientCallListener.onClose(ForwardingClientCallListener.java:40)
	at org.apache.ratis.thirdparty.io.grpc.internal.CensusStatsModule$StatsClientInterceptor$1$1.onClose(CensusStatsModule.java:678)
	at org.apache.ratis.thirdparty.io.grpc.PartialForwardingClientCallListener.onClose(PartialForwardingClientCallListener.java:39)
	at org.apache.ratis.thirdparty.io.grpc.ForwardingClientCallListener.onClose(ForwardingClientCallListener.java:23)
	at org.apache.ratis.thirdparty.io.grpc.ForwardingClientCallListener$SimpleForwardingClientCallListener.onClose(ForwardingClientCallListener.java:40)
	at org.apache.ratis.thirdparty.io.grpc.internal.CensusTracingModule$TracingClientInterceptor$1$1.onClose(CensusTracingModule.java:397)
	at org.apache.ratis.thirdparty.io.grpc.internal.ClientCallImpl.closeObserver(ClientCallImpl.java:459)
	at org.apache.ratis.thirdparty.io.grpc.internal.ClientCallImpl.access$300(ClientCallImpl.java:63)
	at org.apache.ratis.thirdparty.io.grpc.internal.ClientCallImpl$ClientStreamListenerImpl.close(ClientCallImpl.java:546)
	at org.apache.ratis.thirdparty.io.grpc.internal.ClientCallImpl$ClientStreamListenerImpl.access$600(ClientCallImpl.java:467)
	at org.apache.ratis.thirdparty.io.grpc.internal.ClientCallImpl$ClientStreamListenerImpl$1StreamClosed.runInContext(ClientCallImpl.java:584)
	at org.apache.ratis.thirdparty.io.grpc.internal.ContextRunnable.run(ContextRunnable.java:37)
	at org.apache.ratis.thirdparty.io.grpc.internal.SerializingExecutor.run(SerializingExecutor.java:123)
	at java.util.concurrent.ThreadPoolExecutor.runWorker(ThreadPoolExecutor.java:1149)
	at java.util.concurrent.ThreadPoolExecutor$Worker.run(ThreadPoolExecutor.java:624)
	at java.lang.Thread.run(Thread.java:748)
Caused by: org.apache.ratis.protocol.GroupMismatchException: 3ae5aee2-2358-49e6-9004-20fc57714669: group-81257F7736E1 not found.
	at org.apache.ratis.server.impl.RaftServerProxy$ImplMap.get(RaftServerProxy.java:122)
	at org.apache.ratis.server.impl.RaftServerProxy.getImplFuture(RaftServerProxy.java:269)
	at org.apache.ratis.server.impl.RaftServerProxy.submitRequest(RaftServerProxy.java:327)
	at org.apache.ratis.server.impl.RaftServerProxy.submitClientRequestAsync(RaftServerProxy.java:333)
	at org.apache.ratis.grpc.client.GrpcClientProtocolService$RequestStreamObserver.processClientRequest(GrpcClientProtocolService.java:220)
	at org.apache.ratis.grpc.client.GrpcClientProtocolService$OrderedRequestStreamObserver.processClientRequest(GrpcClientProtocolService.java:326)
	at org.apache.ratis.util.SlidingWindow$Server.processRequestsFromHead(SlidingWindow.java:429)
	at org.apache.ratis.util.SlidingWindow$Server.receivedRequest(SlidingWindow.java:421)
	at org.apache.ratis.grpc.client.GrpcClientProtocolService$OrderedRequestStreamObserver.processClientRequest(GrpcClientProtocolService.java:345)
	at org.apache.ratis.grpc.client.GrpcClientProtocolService$RequestStreamObserver.onNext(GrpcClientProtocolService.java:240)
	at org.apache.ratis.grpc.client.GrpcClientProtocolService$RequestStreamObserver.onNext(GrpcClientProtocolService.java:168)
	at org.apache.ratis.thirdparty.io.grpc.stub.ServerCalls$StreamingServerCallHandler$StreamingServerCallListener.onMessage(ServerCalls.java:248)
	at org.apache.ratis.thirdparty.io.grpc.internal.ServerCallImpl$ServerStreamListenerImpl.messagesAvailable(ServerCallImpl.java:263)
	at org.apache.ratis.thirdparty.io.grpc.internal.ServerImpl$JumpToApplicationThreadServerStreamListener$1MessagesAvailable.runInContext(ServerImpl.java:686)
	... 5 more
</error>
    <system-out><![CDATA[2019-10-02 15:49:28,072 [main] WARN  server.ServerUtils (ServerUtils.java:getScmDbDir(145)) - ozone.scm.db.dirs is not configured. We recommend adding this setting. Falling back to ozone.metadata.dirs instead.
2019-10-02 15:49:28,172 [main] WARN  server.ServerUtils (ServerUtils.java:getScmDbDir(145)) - ozone.scm.db.dirs is not configured. We recommend adding this setting. Falling back to ozone.metadata.dirs instead.
2019-10-02 15:49:28,175 [main] WARN  server.ServerUtils (ServerUtils.java:getScmDbDir(145)) - ozone.scm.db.dirs is not configured. We recommend adding this setting. Falling back to ozone.metadata.dirs instead.
2019-10-02 15:49:28,193 [main] INFO  util.log (Log.java:initialized(192)) - Logging initialized @943ms
2019-10-02 15:49:28,296 [main] INFO  db.DBStoreBuilder (DBStoreBuilder.java:addTable(110)) - using custom profile for table: deletedBlocks
2019-10-02 15:49:28,296 [main] INFO  db.DBStoreBuilder (DBStoreBuilder.java:processTables(161)) - Using default column profile:DBProfile.DISK for Table:deletedBlocks
2019-10-02 15:49:28,297 [main] INFO  db.DBStoreBuilder (DBStoreBuilder.java:addTable(110)) - using custom profile for table: validCerts
2019-10-02 15:49:28,297 [main] INFO  db.DBStoreBuilder (DBStoreBuilder.java:processTables(161)) - Using default column profile:DBProfile.DISK for Table:validCerts
2019-10-02 15:49:28,297 [main] INFO  db.DBStoreBuilder (DBStoreBuilder.java:addTable(110)) - using custom profile for table: revokedCerts
2019-10-02 15:49:28,297 [main] INFO  db.DBStoreBuilder (DBStoreBuilder.java:processTables(161)) - Using default column profile:DBProfile.DISK for Table:revokedCerts
2019-10-02 15:49:28,310 [main] INFO  db.DBStoreBuilder (DBStoreBuilder.java:addTable(110)) - using custom profile for table: default
2019-10-02 15:49:28,310 [main] INFO  db.DBStoreBuilder (DBStoreBuilder.java:processTables(167)) - Using default column profile:DBProfile.DISK for Table:default
2019-10-02 15:49:28,311 [main] INFO  db.DBStoreBuilder (DBStoreBuilder.java:getDbProfile(198)) - Using default options. DBProfile.DISK
2019-10-02 15:49:28,551 [main] INFO  net.NodeSchemaLoader (NodeSchemaLoader.java:loadSchemaFromFile(125)) - Loading file from sun.misc.CompoundEnumeration@30c15d8b
2019-10-02 15:49:28,553 [main] INFO  net.NodeSchemaLoader (NodeSchemaLoader.java:loadSchema(171)) - Loading network topology layer schema file
2019-10-02 15:49:28,624 [main] INFO  node.SCMNodeManager (SCMNodeManager.java:<init>(114)) - Entering startup safe mode.
2019-10-02 15:49:28,703 [main] INFO  algorithms.ContainerPlacementPolicyFactory (ContainerPlacementPolicyFactory.java:getPolicy(57)) - Create container placement policy of type org.apache.hadoop.hdds.scm.container.placement.algorithms.SCMContainerPlacementRandom
2019-10-02 15:49:28,718 [main] WARN  server.ServerUtils (ServerUtils.java:getScmDbDir(145)) - ozone.scm.db.dirs is not configured. We recommend adding this setting. Falling back to ozone.metadata.dirs instead.
2019-10-02 15:49:28,791 [main] INFO  pipeline.SCMPipelineManager (SCMPipelineManager.java:initializePipelineState(132)) - No pipeline exists in current db
2019-10-02 15:49:28,794 [main] WARN  server.ServerUtils (ServerUtils.java:getScmDbDir(145)) - ozone.scm.db.dirs is not configured. We recommend adding this setting. Falling back to ozone.metadata.dirs instead.
2019-10-02 15:49:28,925 [main] WARN  events.EventQueue (EventQueue.java:fireEvent(183)) - No event handler registered for event TypedEvent{payloadType=SafeModeStatus, name='SafeModeStatus'}
2019-10-02 15:49:29,317 [main] INFO  ipc.CallQueueManager (CallQueueManager.java:<init>(84)) - Using callQueue: class java.util.concurrent.LinkedBlockingQueue, queueCapacity: 2000, scheduler: class org.apache.hadoop.ipc.DefaultRpcScheduler, ipcBackoff: false.
2019-10-02 15:49:29,451 [Socket Reader #1 for port 39381] INFO  ipc.Server (Server.java:run(1074)) - Starting Socket Reader #1 for port 39381
2019-10-02 15:49:29,482 [main] INFO  ipc.CallQueueManager (CallQueueManager.java:<init>(84)) - Using callQueue: class java.util.concurrent.LinkedBlockingQueue, queueCapacity: 2000, scheduler: class org.apache.hadoop.ipc.DefaultRpcScheduler, ipcBackoff: false.
2019-10-02 15:49:29,484 [Socket Reader #1 for port 34825] INFO  ipc.Server (Server.java:run(1074)) - Starting Socket Reader #1 for port 34825
2019-10-02 15:49:29,493 [main] INFO  ipc.CallQueueManager (CallQueueManager.java:<init>(84)) - Using callQueue: class java.util.concurrent.LinkedBlockingQueue, queueCapacity: 2000, scheduler: class org.apache.hadoop.ipc.DefaultRpcScheduler, ipcBackoff: false.
2019-10-02 15:49:29,494 [Socket Reader #1 for port 42485] INFO  ipc.Server (Server.java:run(1074)) - Starting Socket Reader #1 for port 42485
2019-10-02 15:49:29,520 [main] INFO  hdfs.DFSUtil (DFSUtil.java:httpServerTemplateForNNAndJN(1641)) - Starting Web-server for scm at: http://0.0.0.0:0
2019-10-02 15:49:29,656 [main] INFO  server.AuthenticationFilter (AuthenticationFilter.java:constructSecretProvider(240)) - Unable to initialize FileSignerSecretProvider, falling back to use random secrets.
2019-10-02 15:49:29,664 [main] WARN  http.HttpRequestLog (HttpRequestLog.java:getRequestLog(97)) - Jetty request log can only be enabled using Log4j
2019-10-02 15:49:29,672 [main] INFO  http.HttpServer2 (HttpServer2.java:addGlobalFilter(975)) - Added global filter 'safety' (class=org.apache.hadoop.http.HttpServer2$QuotingInputFilter)
2019-10-02 15:49:29,674 [main] INFO  http.HttpServer2 (HttpServer2.java:addFilter(948)) - Added filter static_user_filter (class=org.apache.hadoop.http.lib.StaticUserWebFilter$StaticUserFilter) to context scm
2019-10-02 15:49:29,675 [main] INFO  http.HttpServer2 (HttpServer2.java:addFilter(958)) - Added filter static_user_filter (class=org.apache.hadoop.http.lib.StaticUserWebFilter$StaticUserFilter) to context static
2019-10-02 15:49:29,675 [main] INFO  http.HttpServer2 (HttpServer2.java:addFilter(958)) - Added filter static_user_filter (class=org.apache.hadoop.http.lib.StaticUserWebFilter$StaticUserFilter) to context logs
2019-10-02 15:49:29,707 [main] INFO  server.StorageContainerManager (StorageContainerManager.java:start(770)) - StorageContainerLocationProtocol RPC server is listening at /0.0.0.0:42485
2019-10-02 15:49:29,776 [main] WARN  impl.MetricsConfig (MetricsConfig.java:loadFirst(134)) - Cannot locate configuration: tried hadoop-metrics2-storagecontainermanager.properties,hadoop-metrics2.properties
2019-10-02 15:49:29,789 [main] INFO  impl.MetricsSystemImpl (MetricsSystemImpl.java:startTimer(374)) - Scheduled Metric snapshot period at 10 second(s).
2019-10-02 15:49:29,789 [main] INFO  impl.MetricsSystemImpl (MetricsSystemImpl.java:start(191)) - StorageContainerManager metrics system started
2019-10-02 15:49:29,987 [main] INFO  server.SCMClientProtocolServer (SCMClientProtocolServer.java:start(150)) - RPC server for Client  is listening at /0.0.0.0:42485
2019-10-02 15:49:29,987 [IPC Server Responder] INFO  ipc.Server (Server.java:run(1314)) - IPC Server Responder: starting
2019-10-02 15:49:29,987 [IPC Server listener on 42485] INFO  ipc.Server (Server.java:run(1153)) - IPC Server listener on 42485: starting
2019-10-02 15:49:29,990 [main] INFO  server.StorageContainerManager (StorageContainerManager.java:start(780)) - ScmBlockLocationProtocol RPC server is listening at /0.0.0.0:34825
2019-10-02 15:49:29,991 [main] INFO  server.SCMBlockProtocolServer (SCMBlockProtocolServer.java:start(146)) - RPC server for Block Protocol is listening at /0.0.0.0:34825
2019-10-02 15:49:29,992 [IPC Server listener on 34825] INFO  ipc.Server (Server.java:run(1153)) - IPC Server listener on 34825: starting
2019-10-02 15:49:29,992 [IPC Server Responder] INFO  ipc.Server (Server.java:run(1314)) - IPC Server Responder: starting
2019-10-02 15:49:29,994 [main] INFO  server.StorageContainerManager (StorageContainerManager.java:start(784)) - ScmDatanodeProtocl RPC server is listening at /0.0.0.0:39381
2019-10-02 15:49:29,994 [main] INFO  server.SCMDatanodeProtocolServer (SCMDatanodeProtocolServer.java:start(191)) - RPC server for DataNodes is listening at /0.0.0.0:39381
2019-10-02 15:49:29,994 [IPC Server Responder] INFO  ipc.Server (Server.java:run(1314)) - IPC Server Responder: starting
2019-10-02 15:49:29,995 [IPC Server listener on 39381] INFO  ipc.Server (Server.java:run(1153)) - IPC Server listener on 39381: starting
2019-10-02 15:49:29,998 [main] INFO  http.HttpServer2 (HttpServer2.java:bindListener(1191)) - Jetty bound to port 39139
2019-10-02 15:49:30,000 [main] INFO  server.Server (Server.java:doStart(351)) - jetty-9.3.25.v20180904, build timestamp: 2018-09-04T21:11:46Z, git hash: 3ce520221d0240229c862b122d2b06c12a625732
2019-10-02 15:49:30,037 [main] INFO  handler.ContextHandler (ContextHandler.java:doStart(781)) - Started o.e.j.s.ServletContextHandler@34f7234e{/logs,file:///workdir/hadoop-ozone/integration-test/target/log,AVAILABLE}
2019-10-02 15:49:30,038 [main] INFO  handler.ContextHandler (ContextHandler.java:doStart(781)) - Started o.e.j.s.ServletContextHandler@23bff419{/static,file:///workdir/hadoop-ozone/integration-test/target/test-classes/webapps/static,AVAILABLE}
2019-10-02 15:49:30,068 [main] INFO  handler.ContextHandler (ContextHandler.java:doStart(781)) - Started o.e.j.w.WebAppContext@ca27722{/,file:///workdir/hadoop-ozone/integration-test/target/test-classes/webapps/scm/,AVAILABLE}{/scm}
2019-10-02 15:49:30,073 [main] INFO  server.AbstractConnector (AbstractConnector.java:doStart(278)) - Started ServerConnector@532721fd{HTTP/1.1,[http/1.1]}{0.0.0.0:39139}
2019-10-02 15:49:30,073 [main] INFO  server.Server (Server.java:doStart(419)) - Started @2823ms
2019-10-02 15:49:30,075 [main] INFO  impl.MetricsSinkAdapter (MetricsSinkAdapter.java:start(204)) - Sink prometheus started
2019-10-02 15:49:30,075 [main] INFO  impl.MetricsSystemImpl (MetricsSystemImpl.java:registerSink(301)) - Registered sink prometheus
2019-10-02 15:49:30,076 [main] INFO  server.BaseHttpServer (BaseHttpServer.java:updateConnectorAddress(215)) - HTTP server of SCM is listening at http://0.0.0.0:39139
2019-10-02 15:49:30,081 [org.apache.hadoop.util.JvmPauseMonitor$Monitor@3546d80f] INFO  util.JvmPauseMonitor (JvmPauseMonitor.java:run(188)) - Starting JVM pause monitor
2019-10-02 15:49:30,083 [main] WARN  server.ServerUtils (ServerUtils.java:getDBPath(222)) - ozone.om.db.dirs is not configured. We recommend adding this setting. Falling back to ozone.metadata.dirs instead.
2019-10-02 15:49:30,178 [main] WARN  server.ServerUtils (ServerUtils.java:getDBPath(222)) - ozone.om.db.dirs is not configured. We recommend adding this setting. Falling back to ozone.metadata.dirs instead.
2019-10-02 15:49:30,179 [main] WARN  server.ServerUtils (ServerUtils.java:getDBPath(222)) - ozone.om.db.dirs is not configured. We recommend adding this setting. Falling back to ozone.metadata.dirs instead.
2019-10-02 15:49:30,180 [main] INFO  om.OzoneManager (OzoneManager.java:setOMNodeDetails(652)) - OM Service ID is not set. Setting it to the default ID: omServiceIdDefault
2019-10-02 15:49:30,180 [main] INFO  om.OzoneManager (OzoneManager.java:setOMNodeDetails(658)) - OM Node ID is not set. Setting it to the OmStorage's OmID: 5e256dc4-831a-4fb6-92fc-764d2d0d1dbe
2019-10-02 15:49:30,181 [main] INFO  om.OzoneManager (OzoneManager.java:loadOMHAConfigs(609)) - Found matching OM address with OMServiceId: null, OMNodeId: null, RPC Address: localhost:0 and Ratis port: 9872
2019-10-02 15:49:30,934 [main] WARN  server.ServerUtils (ServerUtils.java:getDBPath(222)) - ozone.om.db.dirs is not configured. We recommend adding this setting. Falling back to ozone.metadata.dirs instead.
2019-10-02 15:49:30,942 [main] INFO  db.DBStoreBuilder (DBStoreBuilder.java:addTable(110)) - using custom profile for table: userTable
2019-10-02 15:49:30,942 [main] INFO  db.DBStoreBuilder (DBStoreBuilder.java:processTables(161)) - Using default column profile:DBProfile.DISK for Table:userTable
2019-10-02 15:49:30,943 [main] INFO  db.DBStoreBuilder (DBStoreBuilder.java:addTable(110)) - using custom profile for table: volumeTable
2019-10-02 15:49:30,943 [main] INFO  db.DBStoreBuilder (DBStoreBuilder.java:processTables(161)) - Using default column profile:DBProfile.DISK for Table:volumeTable
2019-10-02 15:49:30,943 [main] INFO  db.DBStoreBuilder (DBStoreBuilder.java:addTable(110)) - using custom profile for table: bucketTable
2019-10-02 15:49:30,943 [main] INFO  db.DBStoreBuilder (DBStoreBuilder.java:processTables(161)) - Using default column profile:DBProfile.DISK for Table:bucketTable
2019-10-02 15:49:30,944 [main] INFO  db.DBStoreBuilder (DBStoreBuilder.java:addTable(110)) - using custom profile for table: keyTable
2019-10-02 15:49:30,944 [main] INFO  db.DBStoreBuilder (DBStoreBuilder.java:processTables(161)) - Using default column profile:DBProfile.DISK for Table:keyTable
2019-10-02 15:49:30,944 [main] INFO  db.DBStoreBuilder (DBStoreBuilder.java:addTable(110)) - using custom profile for table: deletedTable
2019-10-02 15:49:30,944 [main] INFO  db.DBStoreBuilder (DBStoreBuilder.java:processTables(161)) - Using default column profile:DBProfile.DISK for Table:deletedTable
2019-10-02 15:49:30,945 [main] INFO  db.DBStoreBuilder (DBStoreBuilder.java:addTable(110)) - using custom profile for table: openKeyTable
2019-10-02 15:49:30,945 [main] INFO  db.DBStoreBuilder (DBStoreBuilder.java:processTables(161)) - Using default column profile:DBProfile.DISK for Table:openKeyTable
2019-10-02 15:49:30,945 [main] INFO  db.DBStoreBuilder (DBStoreBuilder.java:addTable(110)) - using custom profile for table: s3Table
2019-10-02 15:49:30,945 [main] INFO  db.DBStoreBuilder (DBStoreBuilder.java:processTables(161)) - Using default column profile:DBProfile.DISK for Table:s3Table
2019-10-02 15:49:30,946 [main] INFO  db.DBStoreBuilder (DBStoreBuilder.java:addTable(110)) - using custom profile for table: multipartInfoTable
2019-10-02 15:49:30,946 [main] INFO  db.DBStoreBuilder (DBStoreBuilder.java:processTables(161)) - Using default column profile:DBProfile.DISK for Table:multipartInfoTable
2019-10-02 15:49:30,946 [main] INFO  db.DBStoreBuilder (DBStoreBuilder.java:addTable(110)) - using custom profile for table: dTokenTable
2019-10-02 15:49:30,946 [main] INFO  db.DBStoreBuilder (DBStoreBuilder.java:processTables(161)) - Using default column profile:DBProfile.DISK for Table:dTokenTable
2019-10-02 15:49:30,947 [main] INFO  db.DBStoreBuilder (DBStoreBuilder.java:addTable(110)) - using custom profile for table: s3SecretTable
2019-10-02 15:49:30,947 [main] INFO  db.DBStoreBuilder (DBStoreBuilder.java:processTables(161)) - Using default column profile:DBProfile.DISK for Table:s3SecretTable
2019-10-02 15:49:30,947 [main] INFO  db.DBStoreBuilder (DBStoreBuilder.java:addTable(110)) - using custom profile for table: prefixTable
2019-10-02 15:49:30,947 [main] INFO  db.DBStoreBuilder (DBStoreBuilder.java:processTables(161)) - Using default column profile:DBProfile.DISK for Table:prefixTable
2019-10-02 15:49:30,948 [main] INFO  db.DBStoreBuilder (DBStoreBuilder.java:addTable(110)) - using custom profile for table: default
2019-10-02 15:49:30,948 [main] INFO  db.DBStoreBuilder (DBStoreBuilder.java:processTables(167)) - Using default column profile:DBProfile.DISK for Table:default
2019-10-02 15:49:30,948 [main] INFO  db.DBStoreBuilder (DBStoreBuilder.java:getDbProfile(198)) - Using default options. DBProfile.DISK
2019-10-02 15:49:31,554 [main] INFO  ipc.CallQueueManager (CallQueueManager.java:<init>(84)) - Using callQueue: class java.util.concurrent.LinkedBlockingQueue, queueCapacity: 2000, scheduler: class org.apache.hadoop.ipc.DefaultRpcScheduler, ipcBackoff: false.
2019-10-02 15:49:31,555 [Socket Reader #1 for port 34680] INFO  ipc.Server (Server.java:run(1074)) - Starting Socket Reader #1 for port 34680
2019-10-02 15:49:31,577 [main] INFO  om.OzoneManager (OzoneManager.java:start(1243)) - OzoneManager RPC server is listening at localhost/127.0.0.1:34680
2019-10-02 15:49:31,577 [main] INFO  impl.MetricsSystemImpl (MetricsSystemImpl.java:init(158)) - OzoneManager metrics system started (again)
2019-10-02 15:49:31,578 [IPC Server Responder] INFO  ipc.Server (Server.java:run(1314)) - IPC Server Responder: starting
2019-10-02 15:49:31,579 [IPC Server listener on 34680] INFO  ipc.Server (Server.java:run(1153)) - IPC Server listener on 34680: starting
2019-10-02 15:49:31,584 [main] INFO  hdfs.DFSUtil (DFSUtil.java:httpServerTemplateForNNAndJN(1641)) - Starting Web-server for ozoneManager at: http://0.0.0.0:0
2019-10-02 15:49:31,587 [main] INFO  server.AuthenticationFilter (AuthenticationFilter.java:constructSecretProvider(240)) - Unable to initialize FileSignerSecretProvider, falling back to use random secrets.
2019-10-02 15:49:31,588 [main] WARN  http.HttpRequestLog (HttpRequestLog.java:getRequestLog(97)) - Jetty request log can only be enabled using Log4j
2019-10-02 15:49:31,591 [main] INFO  http.HttpServer2 (HttpServer2.java:addGlobalFilter(975)) - Added global filter 'safety' (class=org.apache.hadoop.http.HttpServer2$QuotingInputFilter)
2019-10-02 15:49:31,593 [main] INFO  http.HttpServer2 (HttpServer2.java:addFilter(948)) - Added filter static_user_filter (class=org.apache.hadoop.http.lib.StaticUserWebFilter$StaticUserFilter) to context ozoneManager
2019-10-02 15:49:31,593 [main] INFO  http.HttpServer2 (HttpServer2.java:addFilter(958)) - Added filter static_user_filter (class=org.apache.hadoop.http.lib.StaticUserWebFilter$StaticUserFilter) to context static
2019-10-02 15:49:31,594 [main] INFO  http.HttpServer2 (HttpServer2.java:addFilter(958)) - Added filter static_user_filter (class=org.apache.hadoop.http.lib.StaticUserWebFilter$StaticUserFilter) to context logs
2019-10-02 15:49:31,597 [main] INFO  http.HttpServer2 (HttpServer2.java:bindListener(1191)) - Jetty bound to port 34534
2019-10-02 15:49:31,597 [main] INFO  server.Server (Server.java:doStart(351)) - jetty-9.3.25.v20180904, build timestamp: 2018-09-04T21:11:46Z, git hash: 3ce520221d0240229c862b122d2b06c12a625732
2019-10-02 15:49:31,600 [main] INFO  handler.ContextHandler (ContextHandler.java:doStart(781)) - Started o.e.j.s.ServletContextHandler@66e889df{/logs,file:///workdir/hadoop-ozone/integration-test/target/log,AVAILABLE}
2019-10-02 15:49:31,601 [main] INFO  handler.ContextHandler (ContextHandler.java:doStart(781)) - Started o.e.j.s.ServletContextHandler@3766c667{/static,file:///workdir/hadoop-ozone/integration-test/target/test-classes/webapps/static,AVAILABLE}
2019-10-02 15:49:31,608 [main] INFO  handler.ContextHandler (ContextHandler.java:doStart(781)) - Started o.e.j.w.WebAppContext@68ba310d{/,file:///workdir/hadoop-ozone/integration-test/target/test-classes/webapps/ozoneManager/,AVAILABLE}{/ozoneManager}
2019-10-02 15:49:31,609 [main] INFO  server.AbstractConnector (AbstractConnector.java:doStart(278)) - Started ServerConnector@153f66e7{HTTP/1.1,[http/1.1]}{0.0.0.0:34534}
2019-10-02 15:49:31,610 [main] INFO  server.Server (Server.java:doStart(419)) - Started @4360ms
2019-10-02 15:49:31,611 [main] WARN  impl.MetricsSystemImpl (MetricsSystemImpl.java:register(276)) - Sink prometheus already exists!
2019-10-02 15:49:31,612 [main] INFO  server.BaseHttpServer (BaseHttpServer.java:updateConnectorAddress(215)) - HTTP server of OZONEMANAGER is listening at http://0.0.0.0:34534
2019-10-02 15:49:31,968 [main] INFO  impl.MetricsSystemImpl (MetricsSystemImpl.java:init(158)) - HddsDatanode metrics system started (again)
2019-10-02 15:49:32,028 [main] INFO  ozone.HddsDatanodeService (HddsDatanodeService.java:start(184)) - HddsDatanodeService host:pr-trunk-fgz7f-2353921243 ip:192.168.151.72
2019-10-02 15:49:32,066 [main] INFO  volume.HddsVolume (HddsVolume.java:<init>(176)) - Creating Volume: /workdir/hadoop-ozone/integration-test/target/test-dir/MiniOzoneClusterImpl-44e437f6-303a-4d8e-bbbb-3b42b5072b0e/datanode-0/data/containers/hdds of  storage type : DISK and capacity : 1482555576320
2019-10-02 15:49:32,068 [main] INFO  volume.VolumeSet (VolumeSet.java:initializeVolumeSet(170)) - Added Volume : /workdir/hadoop-ozone/integration-test/target/test-dir/MiniOzoneClusterImpl-44e437f6-303a-4d8e-bbbb-3b42b5072b0e/datanode-0/data/containers/hdds to VolumeSet
2019-10-02 15:49:32,071 [main] INFO  volume.ThrottledAsyncChecker (ThrottledAsyncChecker.java:schedule(139)) - Scheduling a check for org.apache.hadoop.ozone.container.common.volume.HddsVolume@2c43eb8
2019-10-02 15:49:32,088 [main] INFO  volume.HddsVolumeChecker (HddsVolumeChecker.java:checkAllVolumes(202)) - Scheduled health check for volume org.apache.hadoop.ozone.container.common.volume.HddsVolume@2c43eb8
2019-10-02 15:49:32,219 [main] INFO  impl.RaftServerProxy (ConfUtils.java:logGet(43)) - raft.rpc.type = GRPC (default)
2019-10-02 15:49:32,286 [main] INFO  grpc.GrpcFactory (GrpcFactory.java:checkPooledByteBufAllocatorUseCacheForAllThreads(45)) - PERFORMANCE WARNING: useCacheForAllThreads is true that may cause Netty to create a lot garbage objects and, as a result, trigger GC.
	It is recommended to disable useCacheForAllThreads by setting -Dorg.apache.ratis.thirdparty.io.netty.allocator.useCacheForAllThreads=false in command line.
2019-10-02 15:49:32,292 [main] INFO  grpc.GrpcConfigKeys$Server (ConfUtils.java:logGet(43)) - raft.grpc.server.port = 0 (default)
2019-10-02 15:49:32,292 [main] INFO  server.GrpcService (ConfUtils.java:logGet(43)) - raft.grpc.message.size.max = 33570816 (custom)
2019-10-02 15:49:32,294 [main] INFO  server.RaftServerConfigKeys (ConfUtils.java:logGet(43)) - raft.server.log.appender.buffer.byte-limit = 33554432 (custom)
2019-10-02 15:49:32,295 [main] INFO  server.GrpcService (ConfUtils.java:logGet(43)) - raft.grpc.flow.control.window = 1MB (=1048576) (default)
2019-10-02 15:49:32,296 [main] INFO  server.RaftServerConfigKeys (ConfUtils.java:logGet(43)) - raft.server.rpc.request.timeout = 3000ms (default)
2019-10-02 15:49:32,483 [main] INFO  server.RaftServerConfigKeys (ConfUtils.java:logGet(43)) - raft.server.storage.dir = [/workdir/hadoop-ozone/integration-test/target/test-dir/MiniOzoneClusterImpl-44e437f6-303a-4d8e-bbbb-3b42b5072b0e/datanode-0/data/ratis] (custom)
2019-10-02 15:49:32,548 [main] INFO  hdfs.DFSUtil (DFSUtil.java:httpServerTemplateForNNAndJN(1641)) - Starting Web-server for hddsDatanode at: http://0.0.0.0:0
2019-10-02 15:49:32,550 [main] INFO  server.AuthenticationFilter (AuthenticationFilter.java:constructSecretProvider(240)) - Unable to initialize FileSignerSecretProvider, falling back to use random secrets.
2019-10-02 15:49:32,551 [main] WARN  http.HttpRequestLog (HttpRequestLog.java:getRequestLog(97)) - Jetty request log can only be enabled using Log4j
2019-10-02 15:49:32,553 [main] INFO  http.HttpServer2 (HttpServer2.java:addGlobalFilter(975)) - Added global filter 'safety' (class=org.apache.hadoop.http.HttpServer2$QuotingInputFilter)
2019-10-02 15:49:32,555 [main] INFO  http.HttpServer2 (HttpServer2.java:addFilter(948)) - Added filter static_user_filter (class=org.apache.hadoop.http.lib.StaticUserWebFilter$StaticUserFilter) to context hddsDatanode
2019-10-02 15:49:32,555 [main] INFO  http.HttpServer2 (HttpServer2.java:addFilter(958)) - Added filter static_user_filter (class=org.apache.hadoop.http.lib.StaticUserWebFilter$StaticUserFilter) to context logs
2019-10-02 15:49:32,555 [main] INFO  http.HttpServer2 (HttpServer2.java:addFilter(958)) - Added filter static_user_filter (class=org.apache.hadoop.http.lib.StaticUserWebFilter$StaticUserFilter) to context static
2019-10-02 15:49:32,556 [main] INFO  http.HttpServer2 (HttpServer2.java:bindListener(1191)) - Jetty bound to port 39986
2019-10-02 15:49:32,556 [main] INFO  server.Server (Server.java:doStart(351)) - jetty-9.3.25.v20180904, build timestamp: 2018-09-04T21:11:46Z, git hash: 3ce520221d0240229c862b122d2b06c12a625732
2019-10-02 15:49:32,558 [main] INFO  handler.ContextHandler (ContextHandler.java:doStart(781)) - Started o.e.j.s.ServletContextHandler@70228253{/logs,file:///workdir/hadoop-ozone/integration-test/target/log,AVAILABLE}
2019-10-02 15:49:32,559 [main] INFO  handler.ContextHandler (ContextHandler.java:doStart(781)) - Started o.e.j.s.ServletContextHandler@21bd20ee{/static,jar:file:/home/user/.m2/repository/org/apache/hadoop/hadoop-hdds-container-service/0.5.0-SNAPSHOT/hadoop-hdds-container-service-0.5.0-SNAPSHOT.jar!/webapps/static,AVAILABLE}
2019-10-02 15:49:32,586 [main] INFO  handler.ContextHandler (ContextHandler.java:doStart(781)) - Started o.e.j.w.WebAppContext@646c0a67{/,file:///tmp/jetty-0.0.0.0-39986-hddsDatanode-_-any-7575693976880972214.dir/webapp/,AVAILABLE}{/hddsDatanode}
2019-10-02 15:49:32,587 [main] INFO  server.AbstractConnector (AbstractConnector.java:doStart(278)) - Started ServerConnector@3804a9a8{HTTP/1.1,[http/1.1]}{0.0.0.0:39986}
2019-10-02 15:49:32,587 [main] INFO  server.Server (Server.java:doStart(419)) - Started @5337ms
2019-10-02 15:49:32,589 [main] WARN  impl.MetricsSystemImpl (MetricsSystemImpl.java:register(276)) - Sink prometheus already exists!
2019-10-02 15:49:32,589 [main] INFO  server.BaseHttpServer (BaseHttpServer.java:updateConnectorAddress(215)) - HTTP server of HDDSDATANODE is listening at http://0.0.0.0:39986
2019-10-02 15:49:32,590 [main] INFO  impl.MetricsSystemImpl (MetricsSystemImpl.java:init(158)) - HddsDatanode metrics system started (again)
2019-10-02 15:49:32,593 [main] INFO  ozone.HddsDatanodeService (HddsDatanodeService.java:start(184)) - HddsDatanodeService host:pr-trunk-fgz7f-2353921243 ip:192.168.151.72
2019-10-02 15:49:32,596 [org.apache.hadoop.util.JvmPauseMonitor$Monitor@29711e54] INFO  util.JvmPauseMonitor (JvmPauseMonitor.java:run(188)) - Starting JVM pause monitor
2019-10-02 15:49:32,601 [main] INFO  volume.HddsVolume (HddsVolume.java:<init>(176)) - Creating Volume: /workdir/hadoop-ozone/integration-test/target/test-dir/MiniOzoneClusterImpl-44e437f6-303a-4d8e-bbbb-3b42b5072b0e/datanode-1/data/containers/hdds of  storage type : DISK and capacity : 1482555576320
2019-10-02 15:49:32,602 [main] INFO  volume.VolumeSet (VolumeSet.java:initializeVolumeSet(170)) - Added Volume : /workdir/hadoop-ozone/integration-test/target/test-dir/MiniOzoneClusterImpl-44e437f6-303a-4d8e-bbbb-3b42b5072b0e/datanode-1/data/containers/hdds to VolumeSet
2019-10-02 15:49:32,602 [main] INFO  volume.ThrottledAsyncChecker (ThrottledAsyncChecker.java:schedule(139)) - Scheduling a check for org.apache.hadoop.ozone.container.common.volume.HddsVolume@18d910b3
2019-10-02 15:49:32,603 [main] INFO  volume.HddsVolumeChecker (HddsVolumeChecker.java:checkAllVolumes(202)) - Scheduled health check for volume org.apache.hadoop.ozone.container.common.volume.HddsVolume@18d910b3
2019-10-02 15:49:32,621 [main] INFO  impl.RaftServerProxy (ConfUtils.java:logGet(43)) - raft.rpc.type = GRPC (default)
2019-10-02 15:49:32,622 [main] INFO  grpc.GrpcFactory (GrpcFactory.java:checkPooledByteBufAllocatorUseCacheForAllThreads(45)) - PERFORMANCE WARNING: useCacheForAllThreads is true that may cause Netty to create a lot garbage objects and, as a result, trigger GC.
	It is recommended to disable useCacheForAllThreads by setting -Dorg.apache.ratis.thirdparty.io.netty.allocator.useCacheForAllThreads=false in command line.
2019-10-02 15:49:32,622 [main] INFO  grpc.GrpcConfigKeys$Server (ConfUtils.java:logGet(43)) - raft.grpc.server.port = 0 (default)
2019-10-02 15:49:32,622 [main] INFO  server.GrpcService (ConfUtils.java:logGet(43)) - raft.grpc.message.size.max = 33570816 (custom)
2019-10-02 15:49:32,623 [main] INFO  server.RaftServerConfigKeys (ConfUtils.java:logGet(43)) - raft.server.log.appender.buffer.byte-limit = 33554432 (custom)
2019-10-02 15:49:32,623 [main] INFO  server.GrpcService (ConfUtils.java:logGet(43)) - raft.grpc.flow.control.window = 1MB (=1048576) (default)
2019-10-02 15:49:32,623 [main] INFO  server.RaftServerConfigKeys (ConfUtils.java:logGet(43)) - raft.server.rpc.request.timeout = 3000ms (default)
2019-10-02 15:49:32,624 [main] INFO  server.RaftServerConfigKeys (ConfUtils.java:logGet(43)) - raft.server.storage.dir = [/workdir/hadoop-ozone/integration-test/target/test-dir/MiniOzoneClusterImpl-44e437f6-303a-4d8e-bbbb-3b42b5072b0e/datanode-1/data/ratis] (custom)
2019-10-02 15:49:32,626 [main] INFO  hdfs.DFSUtil (DFSUtil.java:httpServerTemplateForNNAndJN(1641)) - Starting Web-server for hddsDatanode at: http://0.0.0.0:0
2019-10-02 15:49:32,628 [main] INFO  server.AuthenticationFilter (AuthenticationFilter.java:constructSecretProvider(240)) - Unable to initialize FileSignerSecretProvider, falling back to use random secrets.
2019-10-02 15:49:32,629 [main] WARN  http.HttpRequestLog (HttpRequestLog.java:getRequestLog(97)) - Jetty request log can only be enabled using Log4j
2019-10-02 15:49:32,631 [main] INFO  http.HttpServer2 (HttpServer2.java:addGlobalFilter(975)) - Added global filter 'safety' (class=org.apache.hadoop.http.HttpServer2$QuotingInputFilter)
2019-10-02 15:49:32,632 [main] INFO  http.HttpServer2 (HttpServer2.java:addFilter(948)) - Added filter static_user_filter (class=org.apache.hadoop.http.lib.StaticUserWebFilter$StaticUserFilter) to context hddsDatanode
2019-10-02 15:49:32,632 [main] INFO  http.HttpServer2 (HttpServer2.java:addFilter(958)) - Added filter static_user_filter (class=org.apache.hadoop.http.lib.StaticUserWebFilter$StaticUserFilter) to context logs
2019-10-02 15:49:32,633 [main] INFO  http.HttpServer2 (HttpServer2.java:addFilter(958)) - Added filter static_user_filter (class=org.apache.hadoop.http.lib.StaticUserWebFilter$StaticUserFilter) to context static
2019-10-02 15:49:32,634 [main] INFO  http.HttpServer2 (HttpServer2.java:bindListener(1191)) - Jetty bound to port 34404
2019-10-02 15:49:32,634 [main] INFO  server.Server (Server.java:doStart(351)) - jetty-9.3.25.v20180904, build timestamp: 2018-09-04T21:11:46Z, git hash: 3ce520221d0240229c862b122d2b06c12a625732
2019-10-02 15:49:32,640 [main] INFO  handler.ContextHandler (ContextHandler.java:doStart(781)) - Started o.e.j.s.ServletContextHandler@3ee0b4f7{/logs,file:///workdir/hadoop-ozone/integration-test/target/log,AVAILABLE}
2019-10-02 15:49:32,640 [main] INFO  handler.ContextHandler (ContextHandler.java:doStart(781)) - Started o.e.j.s.ServletContextHandler@4d41ba0f{/static,jar:file:/home/user/.m2/repository/org/apache/hadoop/hadoop-hdds-container-service/0.5.0-SNAPSHOT/hadoop-hdds-container-service-0.5.0-SNAPSHOT.jar!/webapps/static,AVAILABLE}
2019-10-02 15:49:32,678 [main] INFO  handler.ContextHandler (ContextHandler.java:doStart(781)) - Started o.e.j.w.WebAppContext@7baf1f5a{/,file:///tmp/jetty-0.0.0.0-34404-hddsDatanode-_-any-3173119516167734376.dir/webapp/,AVAILABLE}{/hddsDatanode}
2019-10-02 15:49:32,680 [main] INFO  server.AbstractConnector (AbstractConnector.java:doStart(278)) - Started ServerConnector@6cc86152{HTTP/1.1,[http/1.1]}{0.0.0.0:34404}
2019-10-02 15:49:32,681 [main] INFO  server.Server (Server.java:doStart(419)) - Started @5430ms
2019-10-02 15:49:32,681 [main] WARN  impl.MetricsSystemImpl (MetricsSystemImpl.java:register(276)) - Sink prometheus already exists!
2019-10-02 15:49:32,682 [main] INFO  server.BaseHttpServer (BaseHttpServer.java:updateConnectorAddress(215)) - HTTP server of HDDSDATANODE is listening at http://0.0.0.0:34404
2019-10-02 15:49:32,682 [main] INFO  impl.MetricsSystemImpl (MetricsSystemImpl.java:init(158)) - HddsDatanode metrics system started (again)
2019-10-02 15:49:32,686 [org.apache.hadoop.util.JvmPauseMonitor$Monitor@3b08813e] INFO  util.JvmPauseMonitor (JvmPauseMonitor.java:run(188)) - Starting JVM pause monitor
2019-10-02 15:49:32,687 [main] INFO  ozone.HddsDatanodeService (HddsDatanodeService.java:start(184)) - HddsDatanodeService host:pr-trunk-fgz7f-2353921243 ip:192.168.151.72
2019-10-02 15:49:32,698 [main] INFO  volume.HddsVolume (HddsVolume.java:<init>(176)) - Creating Volume: /workdir/hadoop-ozone/integration-test/target/test-dir/MiniOzoneClusterImpl-44e437f6-303a-4d8e-bbbb-3b42b5072b0e/datanode-2/data/containers/hdds of  storage type : DISK and capacity : 1482555576320
2019-10-02 15:49:32,698 [main] INFO  volume.VolumeSet (VolumeSet.java:initializeVolumeSet(170)) - Added Volume : /workdir/hadoop-ozone/integration-test/target/test-dir/MiniOzoneClusterImpl-44e437f6-303a-4d8e-bbbb-3b42b5072b0e/datanode-2/data/containers/hdds to VolumeSet
2019-10-02 15:49:32,699 [main] INFO  volume.ThrottledAsyncChecker (ThrottledAsyncChecker.java:schedule(139)) - Scheduling a check for org.apache.hadoop.ozone.container.common.volume.HddsVolume@44536de4
2019-10-02 15:49:32,699 [main] INFO  volume.HddsVolumeChecker (HddsVolumeChecker.java:checkAllVolumes(202)) - Scheduled health check for volume org.apache.hadoop.ozone.container.common.volume.HddsVolume@44536de4
2019-10-02 15:49:32,710 [Datanode State Machine Thread - 0] INFO  datanode.InitDatanodeState (InitDatanodeState.java:persistContainerDatanodeDetails(140)) - DatanodeDetails is persisted to /workdir/hadoop-ozone/integration-test/target/test-dir/MiniOzoneClusterImpl-44e437f6-303a-4d8e-bbbb-3b42b5072b0e/datanode-0/meta/datanode.id
2019-10-02 15:49:32,715 [Datanode State Machine Thread - 0] INFO  datanode.InitDatanodeState (InitDatanodeState.java:persistContainerDatanodeDetails(140)) - DatanodeDetails is persisted to /workdir/hadoop-ozone/integration-test/target/test-dir/MiniOzoneClusterImpl-44e437f6-303a-4d8e-bbbb-3b42b5072b0e/datanode-1/meta/datanode.id
2019-10-02 15:49:32,723 [main] INFO  impl.RaftServerProxy (ConfUtils.java:logGet(43)) - raft.rpc.type = GRPC (default)
2019-10-02 15:49:32,724 [main] INFO  grpc.GrpcFactory (GrpcFactory.java:checkPooledByteBufAllocatorUseCacheForAllThreads(45)) - PERFORMANCE WARNING: useCacheForAllThreads is true that may cause Netty to create a lot garbage objects and, as a result, trigger GC.
	It is recommended to disable useCacheForAllThreads by setting -Dorg.apache.ratis.thirdparty.io.netty.allocator.useCacheForAllThreads=false in command line.
2019-10-02 15:49:32,724 [main] INFO  grpc.GrpcConfigKeys$Server (ConfUtils.java:logGet(43)) - raft.grpc.server.port = 0 (default)
2019-10-02 15:49:32,725 [main] INFO  server.GrpcService (ConfUtils.java:logGet(43)) - raft.grpc.message.size.max = 33570816 (custom)
2019-10-02 15:49:32,725 [main] INFO  server.RaftServerConfigKeys (ConfUtils.java:logGet(43)) - raft.server.log.appender.buffer.byte-limit = 33554432 (custom)
2019-10-02 15:49:32,725 [main] INFO  server.GrpcService (ConfUtils.java:logGet(43)) - raft.grpc.flow.control.window = 1MB (=1048576) (default)
2019-10-02 15:49:32,726 [main] INFO  server.RaftServerConfigKeys (ConfUtils.java:logGet(43)) - raft.server.rpc.request.timeout = 3000ms (default)
2019-10-02 15:49:32,726 [main] INFO  server.RaftServerConfigKeys (ConfUtils.java:logGet(43)) - raft.server.storage.dir = [/workdir/hadoop-ozone/integration-test/target/test-dir/MiniOzoneClusterImpl-44e437f6-303a-4d8e-bbbb-3b42b5072b0e/datanode-2/data/ratis] (custom)
2019-10-02 15:49:32,729 [main] INFO  hdfs.DFSUtil (DFSUtil.java:httpServerTemplateForNNAndJN(1641)) - Starting Web-server for hddsDatanode at: http://0.0.0.0:0
2019-10-02 15:49:32,731 [main] INFO  server.AuthenticationFilter (AuthenticationFilter.java:constructSecretProvider(240)) - Unable to initialize FileSignerSecretProvider, falling back to use random secrets.
2019-10-02 15:49:32,732 [main] WARN  http.HttpRequestLog (HttpRequestLog.java:getRequestLog(97)) - Jetty request log can only be enabled using Log4j
2019-10-02 15:49:32,734 [main] INFO  http.HttpServer2 (HttpServer2.java:addGlobalFilter(975)) - Added global filter 'safety' (class=org.apache.hadoop.http.HttpServer2$QuotingInputFilter)
2019-10-02 15:49:32,735 [main] INFO  http.HttpServer2 (HttpServer2.java:addFilter(948)) - Added filter static_user_filter (class=org.apache.hadoop.http.lib.StaticUserWebFilter$StaticUserFilter) to context hddsDatanode
2019-10-02 15:49:32,735 [main] INFO  http.HttpServer2 (HttpServer2.java:addFilter(958)) - Added filter static_user_filter (class=org.apache.hadoop.http.lib.StaticUserWebFilter$StaticUserFilter) to context logs
2019-10-02 15:49:32,735 [main] INFO  http.HttpServer2 (HttpServer2.java:addFilter(958)) - Added filter static_user_filter (class=org.apache.hadoop.http.lib.StaticUserWebFilter$StaticUserFilter) to context static
2019-10-02 15:49:32,736 [main] INFO  http.HttpServer2 (HttpServer2.java:bindListener(1191)) - Jetty bound to port 41145
2019-10-02 15:49:32,737 [main] INFO  server.Server (Server.java:doStart(351)) - jetty-9.3.25.v20180904, build timestamp: 2018-09-04T21:11:46Z, git hash: 3ce520221d0240229c862b122d2b06c12a625732
2019-10-02 15:49:32,739 [main] INFO  handler.ContextHandler (ContextHandler.java:doStart(781)) - Started o.e.j.s.ServletContextHandler@733aa9d8{/logs,file:///workdir/hadoop-ozone/integration-test/target/log,AVAILABLE}
2019-10-02 15:49:32,740 [main] INFO  handler.ContextHandler (ContextHandler.java:doStart(781)) - Started o.e.j.s.ServletContextHandler@2b680207{/static,jar:file:/home/user/.m2/repository/org/apache/hadoop/hadoop-hdds-container-service/0.5.0-SNAPSHOT/hadoop-hdds-container-service-0.5.0-SNAPSHOT.jar!/webapps/static,AVAILABLE}
2019-10-02 15:49:32,776 [main] INFO  handler.ContextHandler (ContextHandler.java:doStart(781)) - Started o.e.j.w.WebAppContext@4613311f{/,file:///tmp/jetty-0.0.0.0-41145-hddsDatanode-_-any-644210772304994457.dir/webapp/,AVAILABLE}{/hddsDatanode}
2019-10-02 15:49:32,777 [main] INFO  server.AbstractConnector (AbstractConnector.java:doStart(278)) - Started ServerConnector@6540cf1d{HTTP/1.1,[http/1.1]}{0.0.0.0:41145}
2019-10-02 15:49:32,778 [main] INFO  server.Server (Server.java:doStart(419)) - Started @5528ms
2019-10-02 15:49:32,779 [main] WARN  impl.MetricsSystemImpl (MetricsSystemImpl.java:register(276)) - Sink prometheus already exists!
2019-10-02 15:49:32,780 [main] INFO  server.BaseHttpServer (BaseHttpServer.java:updateConnectorAddress(215)) - HTTP server of HDDSDATANODE is listening at http://0.0.0.0:41145
2019-10-02 15:49:32,780 [main] INFO  impl.MetricsSystemImpl (MetricsSystemImpl.java:init(158)) - HddsDatanode metrics system started (again)
2019-10-02 15:49:32,783 [main] INFO  ozone.HddsDatanodeService (HddsDatanodeService.java:start(184)) - HddsDatanodeService host:pr-trunk-fgz7f-2353921243 ip:192.168.151.72
2019-10-02 15:49:32,784 [org.apache.hadoop.util.JvmPauseMonitor$Monitor@5c3d74b8] INFO  util.JvmPauseMonitor (JvmPauseMonitor.java:run(188)) - Starting JVM pause monitor
2019-10-02 15:49:32,787 [Datanode State Machine Thread - 0] INFO  datanode.InitDatanodeState (InitDatanodeState.java:persistContainerDatanodeDetails(140)) - DatanodeDetails is persisted to /workdir/hadoop-ozone/integration-test/target/test-dir/MiniOzoneClusterImpl-44e437f6-303a-4d8e-bbbb-3b42b5072b0e/datanode-2/meta/datanode.id
2019-10-02 15:49:32,792 [main] INFO  volume.HddsVolume (HddsVolume.java:<init>(176)) - Creating Volume: /workdir/hadoop-ozone/integration-test/target/test-dir/MiniOzoneClusterImpl-44e437f6-303a-4d8e-bbbb-3b42b5072b0e/datanode-3/data/containers/hdds of  storage type : DISK and capacity : 1482555576320
2019-10-02 15:49:32,792 [main] INFO  volume.VolumeSet (VolumeSet.java:initializeVolumeSet(170)) - Added Volume : /workdir/hadoop-ozone/integration-test/target/test-dir/MiniOzoneClusterImpl-44e437f6-303a-4d8e-bbbb-3b42b5072b0e/datanode-3/data/containers/hdds to VolumeSet
2019-10-02 15:49:32,793 [main] INFO  volume.ThrottledAsyncChecker (ThrottledAsyncChecker.java:schedule(139)) - Scheduling a check for org.apache.hadoop.ozone.container.common.volume.HddsVolume@36480b2d
2019-10-02 15:49:32,793 [main] INFO  volume.HddsVolumeChecker (HddsVolumeChecker.java:checkAllVolumes(202)) - Scheduled health check for volume org.apache.hadoop.ozone.container.common.volume.HddsVolume@36480b2d
2019-10-02 15:49:32,807 [main] INFO  impl.RaftServerProxy (ConfUtils.java:logGet(43)) - raft.rpc.type = GRPC (default)
2019-10-02 15:49:32,807 [main] INFO  grpc.GrpcFactory (GrpcFactory.java:checkPooledByteBufAllocatorUseCacheForAllThreads(45)) - PERFORMANCE WARNING: useCacheForAllThreads is true that may cause Netty to create a lot garbage objects and, as a result, trigger GC.
	It is recommended to disable useCacheForAllThreads by setting -Dorg.apache.ratis.thirdparty.io.netty.allocator.useCacheForAllThreads=false in command line.
2019-10-02 15:49:32,807 [main] INFO  grpc.GrpcConfigKeys$Server (ConfUtils.java:logGet(43)) - raft.grpc.server.port = 0 (default)
2019-10-02 15:49:32,807 [main] INFO  server.GrpcService (ConfUtils.java:logGet(43)) - raft.grpc.message.size.max = 33570816 (custom)
2019-10-02 15:49:32,808 [main] INFO  server.RaftServerConfigKeys (ConfUtils.java:logGet(43)) - raft.server.log.appender.buffer.byte-limit = 33554432 (custom)
2019-10-02 15:49:32,808 [main] INFO  server.GrpcService (ConfUtils.java:logGet(43)) - raft.grpc.flow.control.window = 1MB (=1048576) (default)
2019-10-02 15:49:32,808 [main] INFO  server.RaftServerConfigKeys (ConfUtils.java:logGet(43)) - raft.server.rpc.request.timeout = 3000ms (default)
2019-10-02 15:49:32,808 [main] INFO  server.RaftServerConfigKeys (ConfUtils.java:logGet(43)) - raft.server.storage.dir = [/workdir/hadoop-ozone/integration-test/target/test-dir/MiniOzoneClusterImpl-44e437f6-303a-4d8e-bbbb-3b42b5072b0e/datanode-3/data/ratis] (custom)
2019-10-02 15:49:32,810 [main] INFO  hdfs.DFSUtil (DFSUtil.java:httpServerTemplateForNNAndJN(1641)) - Starting Web-server for hddsDatanode at: http://0.0.0.0:0
2019-10-02 15:49:32,811 [main] INFO  server.AuthenticationFilter (AuthenticationFilter.java:constructSecretProvider(240)) - Unable to initialize FileSignerSecretProvider, falling back to use random secrets.
2019-10-02 15:49:32,812 [main] WARN  http.HttpRequestLog (HttpRequestLog.java:getRequestLog(97)) - Jetty request log can only be enabled using Log4j
2019-10-02 15:49:32,813 [main] INFO  http.HttpServer2 (HttpServer2.java:addGlobalFilter(975)) - Added global filter 'safety' (class=org.apache.hadoop.http.HttpServer2$QuotingInputFilter)
2019-10-02 15:49:32,814 [main] INFO  http.HttpServer2 (HttpServer2.java:addFilter(948)) - Added filter static_user_filter (class=org.apache.hadoop.http.lib.StaticUserWebFilter$StaticUserFilter) to context hddsDatanode
2019-10-02 15:49:32,814 [main] INFO  http.HttpServer2 (HttpServer2.java:addFilter(958)) - Added filter static_user_filter (class=org.apache.hadoop.http.lib.StaticUserWebFilter$StaticUserFilter) to context static
2019-10-02 15:49:32,814 [main] INFO  http.HttpServer2 (HttpServer2.java:addFilter(958)) - Added filter static_user_filter (class=org.apache.hadoop.http.lib.StaticUserWebFilter$StaticUserFilter) to context logs
2019-10-02 15:49:32,815 [main] INFO  http.HttpServer2 (HttpServer2.java:bindListener(1191)) - Jetty bound to port 43009
2019-10-02 15:49:32,815 [main] INFO  server.Server (Server.java:doStart(351)) - jetty-9.3.25.v20180904, build timestamp: 2018-09-04T21:11:46Z, git hash: 3ce520221d0240229c862b122d2b06c12a625732
2019-10-02 15:49:32,819 [main] INFO  handler.ContextHandler (ContextHandler.java:doStart(781)) - Started o.e.j.s.ServletContextHandler@70972170{/logs,file:///workdir/hadoop-ozone/integration-test/target/log,AVAILABLE}
2019-10-02 15:49:32,819 [main] INFO  handler.ContextHandler (ContextHandler.java:doStart(781)) - Started o.e.j.s.ServletContextHandler@4e1a46fb{/static,jar:file:/home/user/.m2/repository/org/apache/hadoop/hadoop-hdds-container-service/0.5.0-SNAPSHOT/hadoop-hdds-container-service-0.5.0-SNAPSHOT.jar!/webapps/static,AVAILABLE}
2019-10-02 15:49:32,847 [main] INFO  handler.ContextHandler (ContextHandler.java:doStart(781)) - Started o.e.j.w.WebAppContext@1687eb01{/,file:///tmp/jetty-0.0.0.0-43009-hddsDatanode-_-any-3287967470100140721.dir/webapp/,AVAILABLE}{/hddsDatanode}
2019-10-02 15:49:32,849 [main] INFO  server.AbstractConnector (AbstractConnector.java:doStart(278)) - Started ServerConnector@748d2277{HTTP/1.1,[http/1.1]}{0.0.0.0:43009}
2019-10-02 15:49:32,849 [main] INFO  server.Server (Server.java:doStart(419)) - Started @5599ms
2019-10-02 15:49:32,850 [main] WARN  impl.MetricsSystemImpl (MetricsSystemImpl.java:register(276)) - Sink prometheus already exists!
2019-10-02 15:49:32,851 [main] INFO  server.BaseHttpServer (BaseHttpServer.java:updateConnectorAddress(215)) - HTTP server of HDDSDATANODE is listening at http://0.0.0.0:43009
2019-10-02 15:49:32,851 [main] INFO  impl.MetricsSystemImpl (MetricsSystemImpl.java:init(158)) - HddsDatanode metrics system started (again)
2019-10-02 15:49:32,854 [main] INFO  ozone.HddsDatanodeService (HddsDatanodeService.java:start(184)) - HddsDatanodeService host:pr-trunk-fgz7f-2353921243 ip:192.168.151.72
2019-10-02 15:49:32,854 [org.apache.hadoop.util.JvmPauseMonitor$Monitor@4d86a94f] INFO  util.JvmPauseMonitor (JvmPauseMonitor.java:run(188)) - Starting JVM pause monitor
2019-10-02 15:49:32,857 [Datanode State Machine Thread - 0] INFO  datanode.InitDatanodeState (InitDatanodeState.java:persistContainerDatanodeDetails(140)) - DatanodeDetails is persisted to /workdir/hadoop-ozone/integration-test/target/test-dir/MiniOzoneClusterImpl-44e437f6-303a-4d8e-bbbb-3b42b5072b0e/datanode-3/meta/datanode.id
2019-10-02 15:49:32,862 [main] INFO  volume.HddsVolume (HddsVolume.java:<init>(176)) - Creating Volume: /workdir/hadoop-ozone/integration-test/target/test-dir/MiniOzoneClusterImpl-44e437f6-303a-4d8e-bbbb-3b42b5072b0e/datanode-4/data/containers/hdds of  storage type : DISK and capacity : 1482555576320
2019-10-02 15:49:32,862 [main] INFO  volume.VolumeSet (VolumeSet.java:initializeVolumeSet(170)) - Added Volume : /workdir/hadoop-ozone/integration-test/target/test-dir/MiniOzoneClusterImpl-44e437f6-303a-4d8e-bbbb-3b42b5072b0e/datanode-4/data/containers/hdds to VolumeSet
2019-10-02 15:49:32,862 [main] INFO  volume.ThrottledAsyncChecker (ThrottledAsyncChecker.java:schedule(139)) - Scheduling a check for org.apache.hadoop.ozone.container.common.volume.HddsVolume@22eaa86e
2019-10-02 15:49:32,863 [main] INFO  volume.HddsVolumeChecker (HddsVolumeChecker.java:checkAllVolumes(202)) - Scheduled health check for volume org.apache.hadoop.ozone.container.common.volume.HddsVolume@22eaa86e
2019-10-02 15:49:32,881 [main] INFO  impl.RaftServerProxy (ConfUtils.java:logGet(43)) - raft.rpc.type = GRPC (default)
2019-10-02 15:49:32,882 [main] INFO  grpc.GrpcFactory (GrpcFactory.java:checkPooledByteBufAllocatorUseCacheForAllThreads(45)) - PERFORMANCE WARNING: useCacheForAllThreads is true that may cause Netty to create a lot garbage objects and, as a result, trigger GC.
	It is recommended to disable useCacheForAllThreads by setting -Dorg.apache.ratis.thirdparty.io.netty.allocator.useCacheForAllThreads=false in command line.
2019-10-02 15:49:32,882 [main] INFO  grpc.GrpcConfigKeys$Server (ConfUtils.java:logGet(43)) - raft.grpc.server.port = 0 (default)
2019-10-02 15:49:32,883 [main] INFO  server.GrpcService (ConfUtils.java:logGet(43)) - raft.grpc.message.size.max = 33570816 (custom)
2019-10-02 15:49:32,883 [main] INFO  server.RaftServerConfigKeys (ConfUtils.java:logGet(43)) - raft.server.log.appender.buffer.byte-limit = 33554432 (custom)
2019-10-02 15:49:32,883 [main] INFO  server.GrpcService (ConfUtils.java:logGet(43)) - raft.grpc.flow.control.window = 1MB (=1048576) (default)
2019-10-02 15:49:32,884 [main] INFO  server.RaftServerConfigKeys (ConfUtils.java:logGet(43)) - raft.server.rpc.request.timeout = 3000ms (default)
2019-10-02 15:49:32,885 [main] INFO  server.RaftServerConfigKeys (ConfUtils.java:logGet(43)) - raft.server.storage.dir = [/workdir/hadoop-ozone/integration-test/target/test-dir/MiniOzoneClusterImpl-44e437f6-303a-4d8e-bbbb-3b42b5072b0e/datanode-4/data/ratis] (custom)
2019-10-02 15:49:32,887 [main] INFO  hdfs.DFSUtil (DFSUtil.java:httpServerTemplateForNNAndJN(1641)) - Starting Web-server for hddsDatanode at: http://0.0.0.0:0
2019-10-02 15:49:32,889 [main] INFO  server.AuthenticationFilter (AuthenticationFilter.java:constructSecretProvider(240)) - Unable to initialize FileSignerSecretProvider, falling back to use random secrets.
2019-10-02 15:49:32,892 [main] WARN  http.HttpRequestLog (HttpRequestLog.java:getRequestLog(97)) - Jetty request log can only be enabled using Log4j
2019-10-02 15:49:32,895 [main] INFO  http.HttpServer2 (HttpServer2.java:addGlobalFilter(975)) - Added global filter 'safety' (class=org.apache.hadoop.http.HttpServer2$QuotingInputFilter)
2019-10-02 15:49:32,895 [main] INFO  http.HttpServer2 (HttpServer2.java:addFilter(948)) - Added filter static_user_filter (class=org.apache.hadoop.http.lib.StaticUserWebFilter$StaticUserFilter) to context hddsDatanode
2019-10-02 15:49:32,896 [main] INFO  http.HttpServer2 (HttpServer2.java:addFilter(958)) - Added filter static_user_filter (class=org.apache.hadoop.http.lib.StaticUserWebFilter$StaticUserFilter) to context logs
2019-10-02 15:49:32,896 [main] INFO  http.HttpServer2 (HttpServer2.java:addFilter(958)) - Added filter static_user_filter (class=org.apache.hadoop.http.lib.StaticUserWebFilter$StaticUserFilter) to context static
2019-10-02 15:49:32,896 [main] INFO  http.HttpServer2 (HttpServer2.java:bindListener(1191)) - Jetty bound to port 44668
2019-10-02 15:49:32,897 [main] INFO  server.Server (Server.java:doStart(351)) - jetty-9.3.25.v20180904, build timestamp: 2018-09-04T21:11:46Z, git hash: 3ce520221d0240229c862b122d2b06c12a625732
2019-10-02 15:49:32,899 [main] INFO  handler.ContextHandler (ContextHandler.java:doStart(781)) - Started o.e.j.s.ServletContextHandler@3bd2af5b{/logs,file:///workdir/hadoop-ozone/integration-test/target/log,AVAILABLE}
2019-10-02 15:49:32,900 [main] INFO  handler.ContextHandler (ContextHandler.java:doStart(781)) - Started o.e.j.s.ServletContextHandler@75d982d3{/static,jar:file:/home/user/.m2/repository/org/apache/hadoop/hadoop-hdds-container-service/0.5.0-SNAPSHOT/hadoop-hdds-container-service-0.5.0-SNAPSHOT.jar!/webapps/static,AVAILABLE}
2019-10-02 15:49:32,925 [main] INFO  handler.ContextHandler (ContextHandler.java:doStart(781)) - Started o.e.j.w.WebAppContext@74ea46e2{/,file:///tmp/jetty-0.0.0.0-44668-hddsDatanode-_-any-7446725233187974025.dir/webapp/,AVAILABLE}{/hddsDatanode}
2019-10-02 15:49:32,927 [main] INFO  server.AbstractConnector (AbstractConnector.java:doStart(278)) - Started ServerConnector@6f911326{HTTP/1.1,[http/1.1]}{0.0.0.0:44668}
2019-10-02 15:49:32,927 [main] INFO  server.Server (Server.java:doStart(419)) - Started @5677ms
2019-10-02 15:49:32,928 [main] WARN  impl.MetricsSystemImpl (MetricsSystemImpl.java:register(276)) - Sink prometheus already exists!
2019-10-02 15:49:32,929 [main] INFO  server.BaseHttpServer (BaseHttpServer.java:updateConnectorAddress(215)) - HTTP server of HDDSDATANODE is listening at http://0.0.0.0:44668
2019-10-02 15:49:32,930 [main] INFO  impl.MetricsSystemImpl (MetricsSystemImpl.java:init(158)) - HddsDatanode metrics system started (again)
2019-10-02 15:49:32,933 [main] INFO  ozone.HddsDatanodeService (HddsDatanodeService.java:start(184)) - HddsDatanodeService host:pr-trunk-fgz7f-2353921243 ip:192.168.151.72
2019-10-02 15:49:32,933 [org.apache.hadoop.util.JvmPauseMonitor$Monitor@29ef3381] INFO  util.JvmPauseMonitor (JvmPauseMonitor.java:run(188)) - Starting JVM pause monitor
2019-10-02 15:49:32,936 [Datanode State Machine Thread - 0] INFO  datanode.InitDatanodeState (InitDatanodeState.java:persistContainerDatanodeDetails(140)) - DatanodeDetails is persisted to /workdir/hadoop-ozone/integration-test/target/test-dir/MiniOzoneClusterImpl-44e437f6-303a-4d8e-bbbb-3b42b5072b0e/datanode-4/meta/datanode.id
2019-10-02 15:49:32,939 [main] INFO  volume.HddsVolume (HddsVolume.java:<init>(176)) - Creating Volume: /workdir/hadoop-ozone/integration-test/target/test-dir/MiniOzoneClusterImpl-44e437f6-303a-4d8e-bbbb-3b42b5072b0e/datanode-5/data/containers/hdds of  storage type : DISK and capacity : 1482555576320
2019-10-02 15:49:32,940 [main] INFO  volume.VolumeSet (VolumeSet.java:initializeVolumeSet(170)) - Added Volume : /workdir/hadoop-ozone/integration-test/target/test-dir/MiniOzoneClusterImpl-44e437f6-303a-4d8e-bbbb-3b42b5072b0e/datanode-5/data/containers/hdds to VolumeSet
2019-10-02 15:49:32,940 [main] INFO  volume.ThrottledAsyncChecker (ThrottledAsyncChecker.java:schedule(139)) - Scheduling a check for org.apache.hadoop.ozone.container.common.volume.HddsVolume@51d387d3
2019-10-02 15:49:32,940 [main] INFO  volume.HddsVolumeChecker (HddsVolumeChecker.java:checkAllVolumes(202)) - Scheduled health check for volume org.apache.hadoop.ozone.container.common.volume.HddsVolume@51d387d3
2019-10-02 15:49:32,954 [main] INFO  impl.RaftServerProxy (ConfUtils.java:logGet(43)) - raft.rpc.type = GRPC (default)
2019-10-02 15:49:32,955 [main] INFO  grpc.GrpcFactory (GrpcFactory.java:checkPooledByteBufAllocatorUseCacheForAllThreads(45)) - PERFORMANCE WARNING: useCacheForAllThreads is true that may cause Netty to create a lot garbage objects and, as a result, trigger GC.
	It is recommended to disable useCacheForAllThreads by setting -Dorg.apache.ratis.thirdparty.io.netty.allocator.useCacheForAllThreads=false in command line.
2019-10-02 15:49:32,955 [main] INFO  grpc.GrpcConfigKeys$Server (ConfUtils.java:logGet(43)) - raft.grpc.server.port = 0 (default)
2019-10-02 15:49:32,955 [main] INFO  server.GrpcService (ConfUtils.java:logGet(43)) - raft.grpc.message.size.max = 33570816 (custom)
2019-10-02 15:49:32,955 [main] INFO  server.RaftServerConfigKeys (ConfUtils.java:logGet(43)) - raft.server.log.appender.buffer.byte-limit = 33554432 (custom)
2019-10-02 15:49:32,955 [main] INFO  server.GrpcService (ConfUtils.java:logGet(43)) - raft.grpc.flow.control.window = 1MB (=1048576) (default)
2019-10-02 15:49:32,956 [main] INFO  server.RaftServerConfigKeys (ConfUtils.java:logGet(43)) - raft.server.rpc.request.timeout = 3000ms (default)
2019-10-02 15:49:32,956 [main] INFO  server.RaftServerConfigKeys (ConfUtils.java:logGet(43)) - raft.server.storage.dir = [/workdir/hadoop-ozone/integration-test/target/test-dir/MiniOzoneClusterImpl-44e437f6-303a-4d8e-bbbb-3b42b5072b0e/datanode-5/data/ratis] (custom)
2019-10-02 15:49:32,958 [main] INFO  hdfs.DFSUtil (DFSUtil.java:httpServerTemplateForNNAndJN(1641)) - Starting Web-server for hddsDatanode at: http://0.0.0.0:0
2019-10-02 15:49:32,959 [main] INFO  server.AuthenticationFilter (AuthenticationFilter.java:constructSecretProvider(240)) - Unable to initialize FileSignerSecretProvider, falling back to use random secrets.
2019-10-02 15:49:32,959 [main] WARN  http.HttpRequestLog (HttpRequestLog.java:getRequestLog(97)) - Jetty request log can only be enabled using Log4j
2019-10-02 15:49:32,960 [main] INFO  http.HttpServer2 (HttpServer2.java:addGlobalFilter(975)) - Added global filter 'safety' (class=org.apache.hadoop.http.HttpServer2$QuotingInputFilter)
2019-10-02 15:49:32,961 [main] INFO  http.HttpServer2 (HttpServer2.java:addFilter(948)) - Added filter static_user_filter (class=org.apache.hadoop.http.lib.StaticUserWebFilter$StaticUserFilter) to context hddsDatanode
2019-10-02 15:49:32,961 [main] INFO  http.HttpServer2 (HttpServer2.java:addFilter(958)) - Added filter static_user_filter (class=org.apache.hadoop.http.lib.StaticUserWebFilter$StaticUserFilter) to context logs
2019-10-02 15:49:32,961 [main] INFO  http.HttpServer2 (HttpServer2.java:addFilter(958)) - Added filter static_user_filter (class=org.apache.hadoop.http.lib.StaticUserWebFilter$StaticUserFilter) to context static
2019-10-02 15:49:32,961 [main] INFO  http.HttpServer2 (HttpServer2.java:bindListener(1191)) - Jetty bound to port 44223
2019-10-02 15:49:32,962 [main] INFO  server.Server (Server.java:doStart(351)) - jetty-9.3.25.v20180904, build timestamp: 2018-09-04T21:11:46Z, git hash: 3ce520221d0240229c862b122d2b06c12a625732
2019-10-02 15:49:32,963 [main] INFO  handler.ContextHandler (ContextHandler.java:doStart(781)) - Started o.e.j.s.ServletContextHandler@12d5c30e{/logs,file:///workdir/hadoop-ozone/integration-test/target/log,AVAILABLE}
2019-10-02 15:49:32,963 [main] INFO  handler.ContextHandler (ContextHandler.java:doStart(781)) - Started o.e.j.s.ServletContextHandler@26586b74{/static,jar:file:/home/user/.m2/repository/org/apache/hadoop/hadoop-hdds-container-service/0.5.0-SNAPSHOT/hadoop-hdds-container-service-0.5.0-SNAPSHOT.jar!/webapps/static,AVAILABLE}
2019-10-02 15:49:32,986 [main] INFO  handler.ContextHandler (ContextHandler.java:doStart(781)) - Started o.e.j.w.WebAppContext@ae2db25{/,file:///tmp/jetty-0.0.0.0-44223-hddsDatanode-_-any-4920735537981183471.dir/webapp/,AVAILABLE}{/hddsDatanode}
2019-10-02 15:49:32,986 [main] INFO  server.AbstractConnector (AbstractConnector.java:doStart(278)) - Started ServerConnector@363c4251{HTTP/1.1,[http/1.1]}{0.0.0.0:44223}
2019-10-02 15:49:32,987 [main] INFO  server.Server (Server.java:doStart(419)) - Started @5737ms
2019-10-02 15:49:32,988 [main] WARN  impl.MetricsSystemImpl (MetricsSystemImpl.java:register(276)) - Sink prometheus already exists!
2019-10-02 15:49:32,988 [main] INFO  server.BaseHttpServer (BaseHttpServer.java:updateConnectorAddress(215)) - HTTP server of HDDSDATANODE is listening at http://0.0.0.0:44223
2019-10-02 15:49:32,988 [main] INFO  impl.MetricsSystemImpl (MetricsSystemImpl.java:init(158)) - HddsDatanode metrics system started (again)
2019-10-02 15:49:32,992 [main] INFO  ozone.HddsDatanodeService (HddsDatanodeService.java:start(184)) - HddsDatanodeService host:pr-trunk-fgz7f-2353921243 ip:192.168.151.72
2019-10-02 15:49:32,992 [org.apache.hadoop.util.JvmPauseMonitor$Monitor@5e3513c5] INFO  util.JvmPauseMonitor (JvmPauseMonitor.java:run(188)) - Starting JVM pause monitor
2019-10-02 15:49:32,995 [Datanode State Machine Thread - 0] INFO  datanode.InitDatanodeState (InitDatanodeState.java:persistContainerDatanodeDetails(140)) - DatanodeDetails is persisted to /workdir/hadoop-ozone/integration-test/target/test-dir/MiniOzoneClusterImpl-44e437f6-303a-4d8e-bbbb-3b42b5072b0e/datanode-5/meta/datanode.id
2019-10-02 15:49:33,000 [main] INFO  volume.HddsVolume (HddsVolume.java:<init>(176)) - Creating Volume: /workdir/hadoop-ozone/integration-test/target/test-dir/MiniOzoneClusterImpl-44e437f6-303a-4d8e-bbbb-3b42b5072b0e/datanode-6/data/containers/hdds of  storage type : DISK and capacity : 1482555576320
2019-10-02 15:49:33,000 [main] INFO  volume.VolumeSet (VolumeSet.java:initializeVolumeSet(170)) - Added Volume : /workdir/hadoop-ozone/integration-test/target/test-dir/MiniOzoneClusterImpl-44e437f6-303a-4d8e-bbbb-3b42b5072b0e/datanode-6/data/containers/hdds to VolumeSet
2019-10-02 15:49:33,000 [main] INFO  volume.ThrottledAsyncChecker (ThrottledAsyncChecker.java:schedule(139)) - Scheduling a check for org.apache.hadoop.ozone.container.common.volume.HddsVolume@72fd8a3c
2019-10-02 15:49:33,001 [main] INFO  volume.HddsVolumeChecker (HddsVolumeChecker.java:checkAllVolumes(202)) - Scheduled health check for volume org.apache.hadoop.ozone.container.common.volume.HddsVolume@72fd8a3c
2019-10-02 15:49:33,011 [main] INFO  impl.RaftServerProxy (ConfUtils.java:logGet(43)) - raft.rpc.type = GRPC (default)
2019-10-02 15:49:33,012 [main] INFO  grpc.GrpcFactory (GrpcFactory.java:checkPooledByteBufAllocatorUseCacheForAllThreads(45)) - PERFORMANCE WARNING: useCacheForAllThreads is true that may cause Netty to create a lot garbage objects and, as a result, trigger GC.
	It is recommended to disable useCacheForAllThreads by setting -Dorg.apache.ratis.thirdparty.io.netty.allocator.useCacheForAllThreads=false in command line.
2019-10-02 15:49:33,012 [main] INFO  grpc.GrpcConfigKeys$Server (ConfUtils.java:logGet(43)) - raft.grpc.server.port = 0 (default)
2019-10-02 15:49:33,013 [main] INFO  server.GrpcService (ConfUtils.java:logGet(43)) - raft.grpc.message.size.max = 33570816 (custom)
2019-10-02 15:49:33,013 [main] INFO  server.RaftServerConfigKeys (ConfUtils.java:logGet(43)) - raft.server.log.appender.buffer.byte-limit = 33554432 (custom)
2019-10-02 15:49:33,013 [main] INFO  server.GrpcService (ConfUtils.java:logGet(43)) - raft.grpc.flow.control.window = 1MB (=1048576) (default)
2019-10-02 15:49:33,014 [main] INFO  server.RaftServerConfigKeys (ConfUtils.java:logGet(43)) - raft.server.rpc.request.timeout = 3000ms (default)
2019-10-02 15:49:33,014 [main] INFO  server.RaftServerConfigKeys (ConfUtils.java:logGet(43)) - raft.server.storage.dir = [/workdir/hadoop-ozone/integration-test/target/test-dir/MiniOzoneClusterImpl-44e437f6-303a-4d8e-bbbb-3b42b5072b0e/datanode-6/data/ratis] (custom)
2019-10-02 15:49:33,015 [main] INFO  hdfs.DFSUtil (DFSUtil.java:httpServerTemplateForNNAndJN(1641)) - Starting Web-server for hddsDatanode at: http://0.0.0.0:0
2019-10-02 15:49:33,016 [main] INFO  server.AuthenticationFilter (AuthenticationFilter.java:constructSecretProvider(240)) - Unable to initialize FileSignerSecretProvider, falling back to use random secrets.
2019-10-02 15:49:33,016 [main] WARN  http.HttpRequestLog (HttpRequestLog.java:getRequestLog(97)) - Jetty request log can only be enabled using Log4j
2019-10-02 15:49:33,017 [main] INFO  http.HttpServer2 (HttpServer2.java:addGlobalFilter(975)) - Added global filter 'safety' (class=org.apache.hadoop.http.HttpServer2$QuotingInputFilter)
2019-10-02 15:49:33,018 [main] INFO  http.HttpServer2 (HttpServer2.java:addFilter(948)) - Added filter static_user_filter (class=org.apache.hadoop.http.lib.StaticUserWebFilter$StaticUserFilter) to context hddsDatanode
2019-10-02 15:49:33,018 [main] INFO  http.HttpServer2 (HttpServer2.java:addFilter(958)) - Added filter static_user_filter (class=org.apache.hadoop.http.lib.StaticUserWebFilter$StaticUserFilter) to context logs
2019-10-02 15:49:33,018 [main] INFO  http.HttpServer2 (HttpServer2.java:addFilter(958)) - Added filter static_user_filter (class=org.apache.hadoop.http.lib.StaticUserWebFilter$StaticUserFilter) to context static
2019-10-02 15:49:33,019 [main] INFO  http.HttpServer2 (HttpServer2.java:bindListener(1191)) - Jetty bound to port 40341
2019-10-02 15:49:33,019 [main] INFO  server.Server (Server.java:doStart(351)) - jetty-9.3.25.v20180904, build timestamp: 2018-09-04T21:11:46Z, git hash: 3ce520221d0240229c862b122d2b06c12a625732
2019-10-02 15:49:33,020 [main] INFO  handler.ContextHandler (ContextHandler.java:doStart(781)) - Started o.e.j.s.ServletContextHandler@7d3fb0ef{/logs,file:///workdir/hadoop-ozone/integration-test/target/log,AVAILABLE}
2019-10-02 15:49:33,021 [main] INFO  handler.ContextHandler (ContextHandler.java:doStart(781)) - Started o.e.j.s.ServletContextHandler@4adc663e{/static,jar:file:/home/user/.m2/repository/org/apache/hadoop/hadoop-hdds-container-service/0.5.0-SNAPSHOT/hadoop-hdds-container-service-0.5.0-SNAPSHOT.jar!/webapps/static,AVAILABLE}
2019-10-02 15:49:33,055 [main] INFO  handler.ContextHandler (ContextHandler.java:doStart(781)) - Started o.e.j.w.WebAppContext@6c841199{/,file:///tmp/jetty-0.0.0.0-40341-hddsDatanode-_-any-7181152472837110380.dir/webapp/,AVAILABLE}{/hddsDatanode}
2019-10-02 15:49:33,057 [main] INFO  server.AbstractConnector (AbstractConnector.java:doStart(278)) - Started ServerConnector@6a818392{HTTP/1.1,[http/1.1]}{0.0.0.0:40341}
2019-10-02 15:49:33,057 [main] INFO  server.Server (Server.java:doStart(419)) - Started @5807ms
2019-10-02 15:49:33,057 [main] WARN  impl.MetricsSystemImpl (MetricsSystemImpl.java:register(276)) - Sink prometheus already exists!
2019-10-02 15:49:33,058 [main] INFO  server.BaseHttpServer (BaseHttpServer.java:updateConnectorAddress(215)) - HTTP server of HDDSDATANODE is listening at http://0.0.0.0:40341
2019-10-02 15:49:33,060 [main] INFO  ozone.MiniOzoneClusterImpl (MiniOzoneClusterImpl.java:lambda$waitForClusterToBeReady$0(147)) - Waiting for cluster to be ready. Got 0 of 7 DN Heartbeats.
2019-10-02 15:49:33,061 [org.apache.hadoop.util.JvmPauseMonitor$Monitor@d425e5f] INFO  util.JvmPauseMonitor (JvmPauseMonitor.java:run(188)) - Starting JVM pause monitor
2019-10-02 15:49:33,065 [Datanode State Machine Thread - 0] INFO  datanode.InitDatanodeState (InitDatanodeState.java:persistContainerDatanodeDetails(140)) - DatanodeDetails is persisted to /workdir/hadoop-ozone/integration-test/target/test-dir/MiniOzoneClusterImpl-44e437f6-303a-4d8e-bbbb-3b42b5072b0e/datanode-6/meta/datanode.id
2019-10-02 15:49:34,060 [main] INFO  ozone.MiniOzoneClusterImpl (MiniOzoneClusterImpl.java:lambda$waitForClusterToBeReady$0(147)) - Waiting for cluster to be ready. Got 0 of 7 DN Heartbeats.
2019-10-02 15:49:34,674 [Datanode State Machine Thread - 0] INFO  ozoneimpl.OzoneContainer (OzoneContainer.java:start(217)) - Attempting to start container services.
2019-10-02 15:49:34,677 [Datanode State Machine Thread - 0] INFO  ozoneimpl.OzoneContainer (OzoneContainer.java:startContainerScrub(179)) - Background container scanner has been disabled.
2019-10-02 15:49:34,678 [Datanode State Machine Thread - 0] INFO  ratis.XceiverServerRatis (XceiverServerRatis.java:start(417)) - Starting XceiverServerRatis 1d9c2c30-c26b-44e0-a26f-b68212f6bb13 at port 0
2019-10-02 15:49:34,708 [Datanode State Machine Thread - 0] INFO  ozoneimpl.OzoneContainer (OzoneContainer.java:start(217)) - Attempting to start container services.
2019-10-02 15:49:34,717 [Datanode State Machine Thread - 0] INFO  ozoneimpl.OzoneContainer (OzoneContainer.java:startContainerScrub(179)) - Background container scanner has been disabled.
2019-10-02 15:49:34,717 [Datanode State Machine Thread - 0] INFO  ratis.XceiverServerRatis (XceiverServerRatis.java:start(417)) - Starting XceiverServerRatis 3ae5aee2-2358-49e6-9004-20fc57714669 at port 0
2019-10-02 15:49:34,718 [Datanode State Machine Thread - 0] INFO  impl.RaftServerProxy (RaftServerProxy.java:lambda$start$3(299)) - 1d9c2c30-c26b-44e0-a26f-b68212f6bb13: start RPC server
2019-10-02 15:49:34,730 [Datanode State Machine Thread - 0] INFO  impl.RaftServerProxy (RaftServerProxy.java:lambda$start$3(299)) - 3ae5aee2-2358-49e6-9004-20fc57714669: start RPC server
2019-10-02 15:49:34,799 [Datanode State Machine Thread - 0] INFO  ozoneimpl.OzoneContainer (OzoneContainer.java:start(217)) - Attempting to start container services.
2019-10-02 15:49:34,805 [Datanode State Machine Thread - 0] INFO  ozoneimpl.OzoneContainer (OzoneContainer.java:startContainerScrub(179)) - Background container scanner has been disabled.
2019-10-02 15:49:34,805 [Datanode State Machine Thread - 0] INFO  ratis.XceiverServerRatis (XceiverServerRatis.java:start(417)) - Starting XceiverServerRatis 88c51ebc-146a-419a-a6d2-c7973a662df3 at port 0
2019-10-02 15:49:34,816 [Datanode State Machine Thread - 0] INFO  impl.RaftServerProxy (RaftServerProxy.java:lambda$start$3(299)) - 88c51ebc-146a-419a-a6d2-c7973a662df3: start RPC server
2019-10-02 15:49:34,877 [Datanode State Machine Thread - 0] INFO  ozoneimpl.OzoneContainer (OzoneContainer.java:start(217)) - Attempting to start container services.
2019-10-02 15:49:34,878 [Datanode State Machine Thread - 0] INFO  ozoneimpl.OzoneContainer (OzoneContainer.java:startContainerScrub(179)) - Background container scanner has been disabled.
2019-10-02 15:49:34,878 [Datanode State Machine Thread - 0] INFO  ratis.XceiverServerRatis (XceiverServerRatis.java:start(417)) - Starting XceiverServerRatis e1085188-920c-47f7-886f-c98137f30542 at port 0
2019-10-02 15:49:34,888 [Datanode State Machine Thread - 0] INFO  server.GrpcService (GrpcService.java:startImpl(158)) - 88c51ebc-146a-419a-a6d2-c7973a662df3: GrpcService started, listening on 0.0.0.0/0.0.0.0:41745
2019-10-02 15:49:34,888 [Datanode State Machine Thread - 0] INFO  server.GrpcService (GrpcService.java:startImpl(158)) - 3ae5aee2-2358-49e6-9004-20fc57714669: GrpcService started, listening on 0.0.0.0/0.0.0.0:42197
2019-10-02 15:49:34,889 [Datanode State Machine Thread - 0] INFO  server.GrpcService (GrpcService.java:startImpl(158)) - 1d9c2c30-c26b-44e0-a26f-b68212f6bb13: GrpcService started, listening on 0.0.0.0/0.0.0.0:44770
2019-10-02 15:49:34,890 [Datanode State Machine Thread - 0] INFO  ratis.XceiverServerRatis (XceiverServerRatis.java:start(427)) - XceiverServerRatis 3ae5aee2-2358-49e6-9004-20fc57714669 is started using port 42197
2019-10-02 15:49:34,890 [Datanode State Machine Thread - 0] INFO  ratis.XceiverServerRatis (XceiverServerRatis.java:start(427)) - XceiverServerRatis 88c51ebc-146a-419a-a6d2-c7973a662df3 is started using port 41745
2019-10-02 15:49:34,890 [Datanode State Machine Thread - 0] INFO  ratis.XceiverServerRatis (XceiverServerRatis.java:start(427)) - XceiverServerRatis 1d9c2c30-c26b-44e0-a26f-b68212f6bb13 is started using port 44770
2019-10-02 15:49:34,898 [Datanode State Machine Thread - 0] INFO  impl.RaftServerProxy (RaftServerProxy.java:lambda$start$3(299)) - e1085188-920c-47f7-886f-c98137f30542: start RPC server
2019-10-02 15:49:34,901 [Datanode State Machine Thread - 0] INFO  server.XceiverServerGrpc (XceiverServerGrpc.java:start(149)) - XceiverServerGrpc 1d9c2c30-c26b-44e0-a26f-b68212f6bb13 is started using port 33604
2019-10-02 15:49:34,902 [Datanode State Machine Thread - 0] INFO  server.XceiverServerGrpc (XceiverServerGrpc.java:start(149)) - XceiverServerGrpc 3ae5aee2-2358-49e6-9004-20fc57714669 is started using port 33813
2019-10-02 15:49:34,901 [Datanode State Machine Thread - 0] INFO  server.XceiverServerGrpc (XceiverServerGrpc.java:start(149)) - XceiverServerGrpc 88c51ebc-146a-419a-a6d2-c7973a662df3 is started using port 38822
2019-10-02 15:49:34,905 [Datanode State Machine Thread - 0] INFO  server.GrpcService (GrpcService.java:startImpl(158)) - e1085188-920c-47f7-886f-c98137f30542: GrpcService started, listening on 0.0.0.0/0.0.0.0:45532
2019-10-02 15:49:34,906 [Datanode State Machine Thread - 0] INFO  ratis.XceiverServerRatis (XceiverServerRatis.java:start(427)) - XceiverServerRatis e1085188-920c-47f7-886f-c98137f30542 is started using port 45532
2019-10-02 15:49:34,910 [Datanode State Machine Thread - 0] INFO  server.XceiverServerGrpc (XceiverServerGrpc.java:start(149)) - XceiverServerGrpc e1085188-920c-47f7-886f-c98137f30542 is started using port 35340
2019-10-02 15:49:34,950 [Datanode State Machine Thread - 0] INFO  ozoneimpl.OzoneContainer (OzoneContainer.java:start(217)) - Attempting to start container services.
2019-10-02 15:49:34,950 [Datanode State Machine Thread - 0] INFO  ozoneimpl.OzoneContainer (OzoneContainer.java:startContainerScrub(179)) - Background container scanner has been disabled.
2019-10-02 15:49:34,950 [Datanode State Machine Thread - 0] INFO  ratis.XceiverServerRatis (XceiverServerRatis.java:start(417)) - Starting XceiverServerRatis 9fe0589a-8026-4bfa-86ce-9d2b75bcfb63 at port 0
2019-10-02 15:49:34,959 [Datanode State Machine Thread - 0] INFO  impl.RaftServerProxy (RaftServerProxy.java:lambda$start$3(299)) - 9fe0589a-8026-4bfa-86ce-9d2b75bcfb63: start RPC server
2019-10-02 15:49:34,962 [Datanode State Machine Thread - 0] INFO  server.GrpcService (GrpcService.java:startImpl(158)) - 9fe0589a-8026-4bfa-86ce-9d2b75bcfb63: GrpcService started, listening on 0.0.0.0/0.0.0.0:45509
2019-10-02 15:49:34,962 [Datanode State Machine Thread - 0] INFO  ratis.XceiverServerRatis (XceiverServerRatis.java:start(427)) - XceiverServerRatis 9fe0589a-8026-4bfa-86ce-9d2b75bcfb63 is started using port 45509
2019-10-02 15:49:34,965 [Datanode State Machine Thread - 0] INFO  server.XceiverServerGrpc (XceiverServerGrpc.java:start(149)) - XceiverServerGrpc 9fe0589a-8026-4bfa-86ce-9d2b75bcfb63 is started using port 43599
2019-10-02 15:49:35,021 [Datanode State Machine Thread - 0] INFO  ozoneimpl.OzoneContainer (OzoneContainer.java:start(217)) - Attempting to start container services.
2019-10-02 15:49:35,022 [Datanode State Machine Thread - 0] INFO  ozoneimpl.OzoneContainer (OzoneContainer.java:startContainerScrub(179)) - Background container scanner has been disabled.
2019-10-02 15:49:35,022 [Datanode State Machine Thread - 0] INFO  ratis.XceiverServerRatis (XceiverServerRatis.java:start(417)) - Starting XceiverServerRatis 00536315-28b4-4855-8f66-2c5dd80a276a at port 0
2019-10-02 15:49:35,033 [Datanode State Machine Thread - 0] INFO  impl.RaftServerProxy (RaftServerProxy.java:lambda$start$3(299)) - 00536315-28b4-4855-8f66-2c5dd80a276a: start RPC server
2019-10-02 15:49:35,037 [Datanode State Machine Thread - 0] INFO  server.GrpcService (GrpcService.java:startImpl(158)) - 00536315-28b4-4855-8f66-2c5dd80a276a: GrpcService started, listening on 0.0.0.0/0.0.0.0:45948
2019-10-02 15:49:35,037 [Datanode State Machine Thread - 0] INFO  ratis.XceiverServerRatis (XceiverServerRatis.java:start(427)) - XceiverServerRatis 00536315-28b4-4855-8f66-2c5dd80a276a is started using port 45948
2019-10-02 15:49:35,041 [Datanode State Machine Thread - 0] INFO  server.XceiverServerGrpc (XceiverServerGrpc.java:start(149)) - XceiverServerGrpc 00536315-28b4-4855-8f66-2c5dd80a276a is started using port 40543
2019-10-02 15:49:35,062 [main] INFO  ozone.MiniOzoneClusterImpl (MiniOzoneClusterImpl.java:lambda$waitForClusterToBeReady$0(147)) - Waiting for cluster to be ready. Got 0 of 7 DN Heartbeats.
2019-10-02 15:49:35,076 [Datanode State Machine Thread - 0] INFO  ozoneimpl.OzoneContainer (OzoneContainer.java:start(217)) - Attempting to start container services.
2019-10-02 15:49:35,076 [Datanode State Machine Thread - 0] INFO  ozoneimpl.OzoneContainer (OzoneContainer.java:startContainerScrub(179)) - Background container scanner has been disabled.
2019-10-02 15:49:35,076 [Datanode State Machine Thread - 0] INFO  ratis.XceiverServerRatis (XceiverServerRatis.java:start(417)) - Starting XceiverServerRatis ced45e13-3c9a-48b2-a28a-774edb50765e at port 0
2019-10-02 15:49:35,088 [Datanode State Machine Thread - 0] INFO  impl.RaftServerProxy (RaftServerProxy.java:lambda$start$3(299)) - ced45e13-3c9a-48b2-a28a-774edb50765e: start RPC server
2019-10-02 15:49:35,092 [Datanode State Machine Thread - 0] INFO  server.GrpcService (GrpcService.java:startImpl(158)) - ced45e13-3c9a-48b2-a28a-774edb50765e: GrpcService started, listening on 0.0.0.0/0.0.0.0:42645
2019-10-02 15:49:35,093 [Datanode State Machine Thread - 0] INFO  ratis.XceiverServerRatis (XceiverServerRatis.java:start(427)) - XceiverServerRatis ced45e13-3c9a-48b2-a28a-774edb50765e is started using port 42645
2019-10-02 15:49:35,096 [Datanode State Machine Thread - 0] INFO  server.XceiverServerGrpc (XceiverServerGrpc.java:start(149)) - XceiverServerGrpc ced45e13-3c9a-48b2-a28a-774edb50765e is started using port 46287
2019-10-02 15:49:36,062 [main] INFO  ozone.MiniOzoneClusterImpl (MiniOzoneClusterImpl.java:lambda$waitForClusterToBeReady$0(147)) - Waiting for cluster to be ready. Got 0 of 7 DN Heartbeats.
2019-10-02 15:49:36,645 [IPC Server handler 2 on 39381] INFO  net.NetworkTopology (NetworkTopologyImpl.java:add(111)) - Added a new node: /default-rack/1d9c2c30-c26b-44e0-a26f-b68212f6bb13
2019-10-02 15:49:36,647 [IPC Server handler 2 on 39381] INFO  node.SCMNodeManager (SCMNodeManager.java:register(266)) - Registered Data node : 1d9c2c30-c26b-44e0-a26f-b68212f6bb13{ip: 192.168.151.72, host: pr-trunk-fgz7f-2353921243, networkLocation: /default-rack, certSerialId: null}
2019-10-02 15:49:36,651 [EventQueue-NodeRegistrationContainerReportForDataNodeSafeModeRule] INFO  safemode.SCMSafeModeManager (DataNodeSafeModeRule.java:process(71)) - SCM in safe mode. 1 DataNodes registered, 1 required.
2019-10-02 15:49:36,652 [EventQueue-NodeRegistrationContainerReportForDataNodeSafeModeRule] INFO  safemode.SCMSafeModeManager (SCMSafeModeManager.java:validateSafeModeExitRules(177)) - ScmSafeModeManager, all rules are successfully validated
2019-10-02 15:49:36,652 [EventQueue-NodeRegistrationContainerReportForDataNodeSafeModeRule] INFO  safemode.SCMSafeModeManager (SCMSafeModeManager.java:exitSafeMode(193)) - SCM exiting safe mode.
2019-10-02 15:49:36,690 [IPC Server handler 1 on 39381] INFO  net.NetworkTopology (NetworkTopologyImpl.java:add(111)) - Added a new node: /default-rack/3ae5aee2-2358-49e6-9004-20fc57714669
2019-10-02 15:49:36,690 [IPC Server handler 1 on 39381] INFO  node.SCMNodeManager (SCMNodeManager.java:register(266)) - Registered Data node : 3ae5aee2-2358-49e6-9004-20fc57714669{ip: 192.168.151.72, host: pr-trunk-fgz7f-2353921243, networkLocation: /default-rack, certSerialId: null}
2019-10-02 15:49:36,788 [IPC Server handler 3 on 39381] INFO  net.NetworkTopology (NetworkTopologyImpl.java:add(111)) - Added a new node: /default-rack/88c51ebc-146a-419a-a6d2-c7973a662df3
2019-10-02 15:49:36,788 [IPC Server handler 3 on 39381] INFO  node.SCMNodeManager (SCMNodeManager.java:register(266)) - Registered Data node : 88c51ebc-146a-419a-a6d2-c7973a662df3{ip: 192.168.151.72, host: pr-trunk-fgz7f-2353921243, networkLocation: /default-rack, certSerialId: null}
2019-10-02 15:49:36,858 [IPC Server handler 4 on 39381] INFO  net.NetworkTopology (NetworkTopologyImpl.java:add(111)) - Added a new node: /default-rack/e1085188-920c-47f7-886f-c98137f30542
2019-10-02 15:49:36,859 [IPC Server handler 4 on 39381] INFO  node.SCMNodeManager (SCMNodeManager.java:register(266)) - Registered Data node : e1085188-920c-47f7-886f-c98137f30542{ip: 192.168.151.72, host: pr-trunk-fgz7f-2353921243, networkLocation: /default-rack, certSerialId: null}
2019-10-02 15:49:36,937 [IPC Server handler 5 on 39381] INFO  net.NetworkTopology (NetworkTopologyImpl.java:add(111)) - Added a new node: /default-rack/9fe0589a-8026-4bfa-86ce-9d2b75bcfb63
2019-10-02 15:49:36,938 [IPC Server handler 5 on 39381] INFO  node.SCMNodeManager (SCMNodeManager.java:register(266)) - Registered Data node : 9fe0589a-8026-4bfa-86ce-9d2b75bcfb63{ip: 192.168.151.72, host: pr-trunk-fgz7f-2353921243, networkLocation: /default-rack, certSerialId: null}
2019-10-02 15:49:36,997 [IPC Server handler 9 on 39381] INFO  net.NetworkTopology (NetworkTopologyImpl.java:add(111)) - Added a new node: /default-rack/00536315-28b4-4855-8f66-2c5dd80a276a
2019-10-02 15:49:36,998 [IPC Server handler 9 on 39381] INFO  node.SCMNodeManager (SCMNodeManager.java:register(266)) - Registered Data node : 00536315-28b4-4855-8f66-2c5dd80a276a{ip: 192.168.151.72, host: pr-trunk-fgz7f-2353921243, networkLocation: /default-rack, certSerialId: null}
2019-10-02 15:49:37,064 [main] INFO  ozone.MiniOzoneClusterImpl (MiniOzoneClusterImpl.java:lambda$waitForClusterToBeReady$0(147)) - Waiting for cluster to be ready. Got 6 of 7 DN Heartbeats.
2019-10-02 15:49:37,067 [IPC Server handler 2 on 39381] INFO  net.NetworkTopology (NetworkTopologyImpl.java:add(111)) - Added a new node: /default-rack/ced45e13-3c9a-48b2-a28a-774edb50765e
2019-10-02 15:49:37,067 [IPC Server handler 2 on 39381] INFO  node.SCMNodeManager (SCMNodeManager.java:register(266)) - Registered Data node : ced45e13-3c9a-48b2-a28a-774edb50765e{ip: 192.168.151.72, host: pr-trunk-fgz7f-2353921243, networkLocation: /default-rack, certSerialId: null}
2019-10-02 15:49:37,234 [grpc-default-executor-0] INFO  impl.RaftServerProxy (RaftServerProxy.java:addNew(89)) - 1d9c2c30-c26b-44e0-a26f-b68212f6bb13: addNew group-8ADC31E90F7E:[1d9c2c30-c26b-44e0-a26f-b68212f6bb13:192.168.151.72:44770] returns group-8ADC31E90F7E:java.util.concurrent.CompletableFuture@560f6d13[Not completed]
2019-10-02 15:49:37,251 [pool-27-thread-1] INFO  impl.RaftServerImpl (RaftServerImpl.java:<init>(95)) - 1d9c2c30-c26b-44e0-a26f-b68212f6bb13: new RaftServerImpl for group-8ADC31E90F7E:[1d9c2c30-c26b-44e0-a26f-b68212f6bb13:192.168.151.72:44770] with ContainerStateMachine:uninitialized
2019-10-02 15:49:37,253 [pool-27-thread-1] INFO  server.RaftServerConfigKeys (ConfUtils.java:logGet(43)) - raft.server.rpc.timeout.min = 5s (custom)
2019-10-02 15:49:37,255 [pool-27-thread-1] INFO  server.RaftServerConfigKeys (ConfUtils.java:logGet(43)) - raft.server.rpc.timeout.max = 5200ms (custom)
2019-10-02 15:49:37,255 [pool-27-thread-1] INFO  server.RaftServerConfigKeys (ConfUtils.java:logGet(43)) - raft.server.rpcslowness.timeout = 120s (custom)
2019-10-02 15:49:37,256 [pool-27-thread-1] INFO  server.RaftServerConfigKeys (ConfUtils.java:logGet(43)) - raft.server.sleep.deviation.threshold = 300 (default)
2019-10-02 15:49:37,256 [pool-27-thread-1] INFO  server.RaftServerConfigKeys (ConfUtils.java:logGet(43)) - raft.server.log.appender.install.snapshot.enabled = false (custom)
2019-10-02 15:49:37,264 [pool-27-thread-1] INFO  impl.RaftServerImpl (ServerState.java:<init>(103)) - 1d9c2c30-c26b-44e0-a26f-b68212f6bb13@group-8ADC31E90F7E: ConfigurationManager, init=-1: [1d9c2c30-c26b-44e0-a26f-b68212f6bb13:192.168.151.72:44770], old=null, confs=<EMPTY_MAP>
2019-10-02 15:49:37,264 [pool-27-thread-1] INFO  server.RaftServerConfigKeys (ConfUtils.java:logGet(43)) - raft.server.storage.dir = [/workdir/hadoop-ozone/integration-test/target/test-dir/MiniOzoneClusterImpl-44e437f6-303a-4d8e-bbbb-3b42b5072b0e/datanode-0/data/ratis] (custom)
2019-10-02 15:49:37,270 [pool-27-thread-1] INFO  server.RaftServerConfigKeys (ConfUtils.java:logGet(43)) - raft.server.log.corruption.policy = EXCEPTION (default)
2019-10-02 15:49:37,272 [pool-27-thread-1] INFO  storage.RaftStorageDirectory (RaftStorageDirectory.java:analyzeStorage(246)) - The storage directory /workdir/hadoop-ozone/integration-test/target/test-dir/MiniOzoneClusterImpl-44e437f6-303a-4d8e-bbbb-3b42b5072b0e/datanode-0/data/ratis/80c8d686-23db-4ecc-97c7-8adc31e90f7e does not exist. Creating ...
2019-10-02 15:49:37,289 [pool-27-thread-1] INFO  storage.RaftStorageDirectory (RaftStorageDirectory.java:tryLock(328)) - Lock on /workdir/hadoop-ozone/integration-test/target/test-dir/MiniOzoneClusterImpl-44e437f6-303a-4d8e-bbbb-3b42b5072b0e/datanode-0/data/ratis/80c8d686-23db-4ecc-97c7-8adc31e90f7e/in_use.lock acquired by nodename 29219@pr-trunk-fgz7f-2353921243
2019-10-02 15:49:37,294 [pool-27-thread-1] INFO  storage.RaftStorage (RaftStorage.java:format(84)) - Storage directory /workdir/hadoop-ozone/integration-test/target/test-dir/MiniOzoneClusterImpl-44e437f6-303a-4d8e-bbbb-3b42b5072b0e/datanode-0/data/ratis/80c8d686-23db-4ecc-97c7-8adc31e90f7e has been successfully formatted.
2019-10-02 15:49:37,296 [pool-27-thread-1] INFO  ratis.ContainerStateMachine (ContainerStateMachine.java:loadSnapshot(231)) - group-8ADC31E90F7E: The snapshot info is null. Setting the last applied indexto:(t:0, i:~)
2019-10-02 15:49:37,296 [pool-27-thread-1] INFO  server.RaftServerConfigKeys (ConfUtils.java:logGet(43)) - raft.server.notification.no-leader.timeout = 120s (custom)
2019-10-02 15:49:37,299 [pool-27-thread-1] INFO  server.RaftServerConfigKeys (ConfUtils.java:logGet(43)) - raft.server.log.use.memory = false (default)
2019-10-02 15:49:37,305 [pool-27-thread-1] INFO  server.RaftServerConfigKeys (ConfUtils.java:logGet(43)) - raft.server.log.purge.gap = 1000000 (custom)
2019-10-02 15:49:37,305 [pool-27-thread-1] INFO  server.RaftServerConfigKeys (ConfUtils.java:logGet(43)) - raft.server.log.appender.buffer.byte-limit = 33554432 (custom)
2019-10-02 15:49:37,308 [pool-27-thread-1] INFO  server.RaftServerConfigKeys (ConfUtils.java:logGet(43)) - raft.server.log.segment.size.max = 1048576 (custom)
2019-10-02 15:49:37,309 [pool-27-thread-1] INFO  impl.MetricsSystemImpl (MetricsSystemImpl.java:init(158)) - ratis metrics system started (again)
2019-10-02 15:49:37,314 [pool-27-thread-1] INFO  metrics.MetricRegistries (MetricRegistriesLoader.java:load(64)) - Loaded MetricRegistries class org.apache.ratis.metrics.impl.MetricRegistriesImpl
2019-10-02 15:49:37,354 [pool-27-thread-1] INFO  server.RaftServerConfigKeys (ConfUtils.java:logGet(43)) - raft.server.log.segment.cache.num.max = 2 (custom)
2019-10-02 15:49:37,360 [pool-27-thread-1] INFO  segmented.SegmentedRaftLogWorker (SegmentedRaftLogWorker.java:<init>(173)) - new 1d9c2c30-c26b-44e0-a26f-b68212f6bb13@group-8ADC31E90F7E-SegmentedRaftLogWorker for RaftStorage:Storage Directory /workdir/hadoop-ozone/integration-test/target/test-dir/MiniOzoneClusterImpl-44e437f6-303a-4d8e-bbbb-3b42b5072b0e/datanode-0/data/ratis/80c8d686-23db-4ecc-97c7-8adc31e90f7e
2019-10-02 15:49:37,360 [pool-27-thread-1] INFO  server.RaftServerConfigKeys (ConfUtils.java:logGet(43)) - raft.server.log.queue.byte-limit = 2147483647 (custom)
2019-10-02 15:49:37,361 [pool-27-thread-1] INFO  server.RaftServerConfigKeys (ConfUtils.java:logGet(43)) - raft.server.log.queue.element-limit = 1024 (custom)
2019-10-02 15:49:37,362 [pool-27-thread-1] INFO  server.RaftServerConfigKeys (ConfUtils.java:logGet(43)) - raft.server.log.segment.size.max = 1048576 (custom)
2019-10-02 15:49:37,363 [pool-27-thread-1] INFO  server.RaftServerConfigKeys (ConfUtils.java:logGet(43)) - raft.server.log.preallocated.size = 16384 (custom)
2019-10-02 15:49:37,363 [pool-27-thread-1] INFO  server.RaftServerConfigKeys (ConfUtils.java:logGet(43)) - raft.server.log.write.buffer.size = 33554432 (custom)
2019-10-02 15:49:37,364 [pool-27-thread-1] INFO  server.RaftServerConfigKeys (ConfUtils.java:logGet(43)) - raft.server.log.force.sync.num = 128 (default)
2019-10-02 15:49:37,364 [pool-27-thread-1] INFO  server.RaftServerConfigKeys (ConfUtils.java:logGet(43)) - raft.server.log.statemachine.data.sync = true (default)
2019-10-02 15:49:37,365 [pool-27-thread-1] INFO  server.RaftServerConfigKeys (ConfUtils.java:logGet(43)) - raft.server.log.statemachine.data.sync.timeout = 10s (default)
2019-10-02 15:49:37,365 [pool-27-thread-1] INFO  server.RaftServerConfigKeys (ConfUtils.java:logGet(43)) - raft.server.log.statemachine.data.sync.timeout.retry = -1 (default)
2019-10-02 15:49:37,377 [pool-27-thread-1] INFO  server.RaftServerConfigKeys (ConfUtils.java:logGet(43)) - raft.server.log.statemachine.data.caching.enabled = true (custom)
2019-10-02 15:49:37,381 [pool-27-thread-1] INFO  segmented.SegmentedRaftLogWorker (SegmentedRaftLogWorker.java:lambda$new$0(128)) - 1d9c2c30-c26b-44e0-a26f-b68212f6bb13@group-8ADC31E90F7E-SegmentedRaftLogWorker: flushIndex: setUnconditionally 0 -> -1
2019-10-02 15:49:37,385 [pool-27-thread-1] INFO  server.RaftServerConfigKeys (ConfUtils.java:logGet(43)) - raft.server.snapshot.auto.trigger.enabled = true (custom)
2019-10-02 15:49:37,386 [pool-27-thread-1] INFO  server.RaftServerConfigKeys (ConfUtils.java:logGet(43)) - raft.server.snapshot.auto.trigger.threshold = 10000 (custom)
2019-10-02 15:49:37,387 [pool-27-thread-1] INFO  server.RaftServerConfigKeys (ConfUtils.java:logGet(43)) - raft.server.snapshot.retention.file.num = 5 (custom)
2019-10-02 15:49:37,387 [pool-27-thread-1] INFO  server.RaftServerConfigKeys (ConfUtils.java:logGet(43)) - raft.server.retrycache.expirytime = 600000ms (custom)
2019-10-02 15:49:37,414 [pool-27-thread-1] INFO  impl.RaftServerImpl (RaftServerImpl.java:start(181)) - 1d9c2c30-c26b-44e0-a26f-b68212f6bb13@group-8ADC31E90F7E: start as a follower, conf=-1: [1d9c2c30-c26b-44e0-a26f-b68212f6bb13:192.168.151.72:44770], old=null
2019-10-02 15:49:37,415 [pool-27-thread-1] INFO  impl.RaftServerImpl (RaftServerImpl.java:setRole(170)) - 1d9c2c30-c26b-44e0-a26f-b68212f6bb13@group-8ADC31E90F7E: changes role from      null to FOLLOWER at term 0 for startAsFollower
2019-10-02 15:49:37,416 [pool-27-thread-1] INFO  impl.RoleInfo (RoleInfo.java:updateAndGet(143)) - 1d9c2c30-c26b-44e0-a26f-b68212f6bb13: start FollowerState
2019-10-02 15:49:37,418 [pool-27-thread-1] INFO  util.JmxRegister (JmxRegister.java:tryRegister(44)) - Successfully registered JMX Bean with object name Ratis:service=RaftServer,group=group-8ADC31E90F7E,id=1d9c2c30-c26b-44e0-a26f-b68212f6bb13
2019-10-02 15:49:37,498 [RatisPipelineUtilsThread] INFO  pipeline.PipelineStateManager (PipelineStateManager.java:addPipeline(56)) - Created pipeline Pipeline[ Id: 80c8d686-23db-4ecc-97c7-8adc31e90f7e, Nodes: 1d9c2c30-c26b-44e0-a26f-b68212f6bb13{ip: 192.168.151.72, host: pr-trunk-fgz7f-2353921243, networkLocation: /default-rack, certSerialId: null}, Type:RATIS, Factor:ONE, State:OPEN]
2019-10-02 15:49:37,529 [grpc-default-executor-0] INFO  impl.RaftServerProxy (RaftServerProxy.java:addNew(89)) - e1085188-920c-47f7-886f-c98137f30542: addNew group-E1A27F666904:[e1085188-920c-47f7-886f-c98137f30542:192.168.151.72:45532] returns group-E1A27F666904:java.util.concurrent.CompletableFuture@23ecd589[Not completed]
2019-10-02 15:49:37,579 [pool-57-thread-1] INFO  impl.RaftServerImpl (RaftServerImpl.java:<init>(95)) - e1085188-920c-47f7-886f-c98137f30542: new RaftServerImpl for group-E1A27F666904:[e1085188-920c-47f7-886f-c98137f30542:192.168.151.72:45532] with ContainerStateMachine:uninitialized
2019-10-02 15:49:37,580 [pool-57-thread-1] INFO  server.RaftServerConfigKeys (ConfUtils.java:logGet(43)) - raft.server.rpc.timeout.min = 5s (custom)
2019-10-02 15:49:37,581 [pool-57-thread-1] INFO  server.RaftServerConfigKeys (ConfUtils.java:logGet(43)) - raft.server.rpc.timeout.max = 5200ms (custom)
2019-10-02 15:49:37,581 [pool-57-thread-1] INFO  server.RaftServerConfigKeys (ConfUtils.java:logGet(43)) - raft.server.rpcslowness.timeout = 120s (custom)
2019-10-02 15:49:37,581 [pool-57-thread-1] INFO  server.RaftServerConfigKeys (ConfUtils.java:logGet(43)) - raft.server.sleep.deviation.threshold = 300 (default)
2019-10-02 15:49:37,581 [pool-57-thread-1] INFO  server.RaftServerConfigKeys (ConfUtils.java:logGet(43)) - raft.server.log.appender.install.snapshot.enabled = false (custom)
2019-10-02 15:49:37,581 [pool-57-thread-1] INFO  impl.RaftServerImpl (ServerState.java:<init>(103)) - e1085188-920c-47f7-886f-c98137f30542@group-E1A27F666904: ConfigurationManager, init=-1: [e1085188-920c-47f7-886f-c98137f30542:192.168.151.72:45532], old=null, confs=<EMPTY_MAP>
2019-10-02 15:49:37,581 [pool-57-thread-1] INFO  server.RaftServerConfigKeys (ConfUtils.java:logGet(43)) - raft.server.storage.dir = [/workdir/hadoop-ozone/integration-test/target/test-dir/MiniOzoneClusterImpl-44e437f6-303a-4d8e-bbbb-3b42b5072b0e/datanode-3/data/ratis] (custom)
2019-10-02 15:49:37,582 [pool-57-thread-1] INFO  server.RaftServerConfigKeys (ConfUtils.java:logGet(43)) - raft.server.log.corruption.policy = EXCEPTION (default)
2019-10-02 15:49:37,582 [pool-57-thread-1] INFO  storage.RaftStorageDirectory (RaftStorageDirectory.java:analyzeStorage(246)) - The storage directory /workdir/hadoop-ozone/integration-test/target/test-dir/MiniOzoneClusterImpl-44e437f6-303a-4d8e-bbbb-3b42b5072b0e/datanode-3/data/ratis/bc43d835-0528-4a8c-aed6-e1a27f666904 does not exist. Creating ...
2019-10-02 15:49:37,608 [pool-57-thread-1] INFO  storage.RaftStorageDirectory (RaftStorageDirectory.java:tryLock(328)) - Lock on /workdir/hadoop-ozone/integration-test/target/test-dir/MiniOzoneClusterImpl-44e437f6-303a-4d8e-bbbb-3b42b5072b0e/datanode-3/data/ratis/bc43d835-0528-4a8c-aed6-e1a27f666904/in_use.lock acquired by nodename 29219@pr-trunk-fgz7f-2353921243
2019-10-02 15:49:37,621 [pool-57-thread-1] INFO  storage.RaftStorage (RaftStorage.java:format(84)) - Storage directory /workdir/hadoop-ozone/integration-test/target/test-dir/MiniOzoneClusterImpl-44e437f6-303a-4d8e-bbbb-3b42b5072b0e/datanode-3/data/ratis/bc43d835-0528-4a8c-aed6-e1a27f666904 has been successfully formatted.
2019-10-02 15:49:37,622 [pool-57-thread-1] INFO  ratis.ContainerStateMachine (ContainerStateMachine.java:loadSnapshot(231)) - group-E1A27F666904: The snapshot info is null. Setting the last applied indexto:(t:0, i:~)
2019-10-02 15:49:37,624 [pool-57-thread-1] INFO  server.RaftServerConfigKeys (ConfUtils.java:logGet(43)) - raft.server.notification.no-leader.timeout = 120s (custom)
2019-10-02 15:49:37,624 [pool-57-thread-1] INFO  server.RaftServerConfigKeys (ConfUtils.java:logGet(43)) - raft.server.log.use.memory = false (default)
2019-10-02 15:49:37,624 [pool-57-thread-1] INFO  server.RaftServerConfigKeys (ConfUtils.java:logGet(43)) - raft.server.log.purge.gap = 1000000 (custom)
2019-10-02 15:49:37,624 [pool-57-thread-1] INFO  server.RaftServerConfigKeys (ConfUtils.java:logGet(43)) - raft.server.log.appender.buffer.byte-limit = 33554432 (custom)
2019-10-02 15:49:37,624 [pool-57-thread-1] INFO  server.RaftServerConfigKeys (ConfUtils.java:logGet(43)) - raft.server.log.segment.size.max = 1048576 (custom)
2019-10-02 15:49:37,628 [pool-57-thread-1] INFO  server.RaftServerConfigKeys (ConfUtils.java:logGet(43)) - raft.server.log.segment.cache.num.max = 2 (custom)
2019-10-02 15:49:37,629 [pool-57-thread-1] INFO  segmented.SegmentedRaftLogWorker (SegmentedRaftLogWorker.java:<init>(173)) - new e1085188-920c-47f7-886f-c98137f30542@group-E1A27F666904-SegmentedRaftLogWorker for RaftStorage:Storage Directory /workdir/hadoop-ozone/integration-test/target/test-dir/MiniOzoneClusterImpl-44e437f6-303a-4d8e-bbbb-3b42b5072b0e/datanode-3/data/ratis/bc43d835-0528-4a8c-aed6-e1a27f666904
2019-10-02 15:49:37,631 [pool-57-thread-1] INFO  server.RaftServerConfigKeys (ConfUtils.java:logGet(43)) - raft.server.log.queue.byte-limit = 2147483647 (custom)
2019-10-02 15:49:37,631 [pool-57-thread-1] INFO  server.RaftServerConfigKeys (ConfUtils.java:logGet(43)) - raft.server.log.queue.element-limit = 1024 (custom)
2019-10-02 15:49:37,631 [pool-57-thread-1] INFO  server.RaftServerConfigKeys (ConfUtils.java:logGet(43)) - raft.server.log.segment.size.max = 1048576 (custom)
2019-10-02 15:49:37,631 [pool-57-thread-1] INFO  server.RaftServerConfigKeys (ConfUtils.java:logGet(43)) - raft.server.log.preallocated.size = 16384 (custom)
2019-10-02 15:49:37,631 [pool-57-thread-1] INFO  server.RaftServerConfigKeys (ConfUtils.java:logGet(43)) - raft.server.log.write.buffer.size = 33554432 (custom)
2019-10-02 15:49:37,631 [pool-57-thread-1] INFO  server.RaftServerConfigKeys (ConfUtils.java:logGet(43)) - raft.server.log.force.sync.num = 128 (default)
2019-10-02 15:49:37,631 [pool-57-thread-1] INFO  server.RaftServerConfigKeys (ConfUtils.java:logGet(43)) - raft.server.log.statemachine.data.sync = true (default)
2019-10-02 15:49:37,632 [pool-57-thread-1] INFO  server.RaftServerConfigKeys (ConfUtils.java:logGet(43)) - raft.server.log.statemachine.data.sync.timeout = 10s (default)
2019-10-02 15:49:37,632 [pool-57-thread-1] INFO  server.RaftServerConfigKeys (ConfUtils.java:logGet(43)) - raft.server.log.statemachine.data.sync.timeout.retry = -1 (default)
2019-10-02 15:49:37,633 [pool-57-thread-1] INFO  server.RaftServerConfigKeys (ConfUtils.java:logGet(43)) - raft.server.log.statemachine.data.caching.enabled = true (custom)
2019-10-02 15:49:37,633 [pool-57-thread-1] INFO  segmented.SegmentedRaftLogWorker (SegmentedRaftLogWorker.java:lambda$new$0(128)) - e1085188-920c-47f7-886f-c98137f30542@group-E1A27F666904-SegmentedRaftLogWorker: flushIndex: setUnconditionally 0 -> -1
2019-10-02 15:49:37,633 [pool-57-thread-1] INFO  server.RaftServerConfigKeys (ConfUtils.java:logGet(43)) - raft.server.snapshot.auto.trigger.enabled = true (custom)
2019-10-02 15:49:37,633 [pool-57-thread-1] INFO  server.RaftServerConfigKeys (ConfUtils.java:logGet(43)) - raft.server.snapshot.auto.trigger.threshold = 10000 (custom)
2019-10-02 15:49:37,634 [pool-57-thread-1] INFO  server.RaftServerConfigKeys (ConfUtils.java:logGet(43)) - raft.server.snapshot.retention.file.num = 5 (custom)
2019-10-02 15:49:37,634 [pool-57-thread-1] INFO  server.RaftServerConfigKeys (ConfUtils.java:logGet(43)) - raft.server.retrycache.expirytime = 600000ms (custom)
2019-10-02 15:49:37,638 [pool-57-thread-1] INFO  impl.RaftServerImpl (RaftServerImpl.java:start(181)) - e1085188-920c-47f7-886f-c98137f30542@group-E1A27F666904: start as a follower, conf=-1: [e1085188-920c-47f7-886f-c98137f30542:192.168.151.72:45532], old=null
2019-10-02 15:49:37,638 [pool-57-thread-1] INFO  impl.RaftServerImpl (RaftServerImpl.java:setRole(170)) - e1085188-920c-47f7-886f-c98137f30542@group-E1A27F666904: changes role from      null to FOLLOWER at term 0 for startAsFollower
2019-10-02 15:49:37,638 [pool-57-thread-1] INFO  impl.RoleInfo (RoleInfo.java:updateAndGet(143)) - e1085188-920c-47f7-886f-c98137f30542: start FollowerState
2019-10-02 15:49:37,640 [pool-57-thread-1] INFO  util.JmxRegister (JmxRegister.java:tryRegister(44)) - Successfully registered JMX Bean with object name Ratis:service=RaftServer,group=group-E1A27F666904,id=e1085188-920c-47f7-886f-c98137f30542
2019-10-02 15:49:37,663 [RatisPipelineUtilsThread] INFO  pipeline.PipelineStateManager (PipelineStateManager.java:addPipeline(56)) - Created pipeline Pipeline[ Id: bc43d835-0528-4a8c-aed6-e1a27f666904, Nodes: e1085188-920c-47f7-886f-c98137f30542{ip: 192.168.151.72, host: pr-trunk-fgz7f-2353921243, networkLocation: /default-rack, certSerialId: null}, Type:RATIS, Factor:ONE, State:OPEN]
2019-10-02 15:49:37,692 [grpc-default-executor-0] INFO  impl.RaftServerProxy (RaftServerProxy.java:addNew(89)) - ced45e13-3c9a-48b2-a28a-774edb50765e: addNew group-C0B89EE05D5F:[ced45e13-3c9a-48b2-a28a-774edb50765e:192.168.151.72:42645] returns group-C0B89EE05D5F:java.util.concurrent.CompletableFuture@72b66469[Not completed]
2019-10-02 15:49:37,723 [pool-87-thread-1] INFO  impl.RaftServerImpl (RaftServerImpl.java:<init>(95)) - ced45e13-3c9a-48b2-a28a-774edb50765e: new RaftServerImpl for group-C0B89EE05D5F:[ced45e13-3c9a-48b2-a28a-774edb50765e:192.168.151.72:42645] with ContainerStateMachine:uninitialized
2019-10-02 15:49:37,723 [pool-87-thread-1] INFO  server.RaftServerConfigKeys (ConfUtils.java:logGet(43)) - raft.server.rpc.timeout.min = 5s (custom)
2019-10-02 15:49:37,724 [pool-87-thread-1] INFO  server.RaftServerConfigKeys (ConfUtils.java:logGet(43)) - raft.server.rpc.timeout.max = 5200ms (custom)
2019-10-02 15:49:37,724 [pool-87-thread-1] INFO  server.RaftServerConfigKeys (ConfUtils.java:logGet(43)) - raft.server.rpcslowness.timeout = 120s (custom)
2019-10-02 15:49:37,724 [pool-87-thread-1] INFO  server.RaftServerConfigKeys (ConfUtils.java:logGet(43)) - raft.server.sleep.deviation.threshold = 300 (default)
2019-10-02 15:49:37,724 [pool-87-thread-1] INFO  server.RaftServerConfigKeys (ConfUtils.java:logGet(43)) - raft.server.log.appender.install.snapshot.enabled = false (custom)
2019-10-02 15:49:37,724 [pool-87-thread-1] INFO  impl.RaftServerImpl (ServerState.java:<init>(103)) - ced45e13-3c9a-48b2-a28a-774edb50765e@group-C0B89EE05D5F: ConfigurationManager, init=-1: [ced45e13-3c9a-48b2-a28a-774edb50765e:192.168.151.72:42645], old=null, confs=<EMPTY_MAP>
2019-10-02 15:49:37,725 [pool-87-thread-1] INFO  server.RaftServerConfigKeys (ConfUtils.java:logGet(43)) - raft.server.storage.dir = [/workdir/hadoop-ozone/integration-test/target/test-dir/MiniOzoneClusterImpl-44e437f6-303a-4d8e-bbbb-3b42b5072b0e/datanode-6/data/ratis] (custom)
2019-10-02 15:49:37,725 [pool-87-thread-1] INFO  server.RaftServerConfigKeys (ConfUtils.java:logGet(43)) - raft.server.log.corruption.policy = EXCEPTION (default)
2019-10-02 15:49:37,726 [pool-87-thread-1] INFO  storage.RaftStorageDirectory (RaftStorageDirectory.java:analyzeStorage(246)) - The storage directory /workdir/hadoop-ozone/integration-test/target/test-dir/MiniOzoneClusterImpl-44e437f6-303a-4d8e-bbbb-3b42b5072b0e/datanode-6/data/ratis/b9f064c9-579c-4b94-aa0c-c0b89ee05d5f does not exist. Creating ...
2019-10-02 15:49:37,741 [pool-87-thread-1] INFO  storage.RaftStorageDirectory (RaftStorageDirectory.java:tryLock(328)) - Lock on /workdir/hadoop-ozone/integration-test/target/test-dir/MiniOzoneClusterImpl-44e437f6-303a-4d8e-bbbb-3b42b5072b0e/datanode-6/data/ratis/b9f064c9-579c-4b94-aa0c-c0b89ee05d5f/in_use.lock acquired by nodename 29219@pr-trunk-fgz7f-2353921243
2019-10-02 15:49:37,754 [pool-87-thread-1] INFO  storage.RaftStorage (RaftStorage.java:format(84)) - Storage directory /workdir/hadoop-ozone/integration-test/target/test-dir/MiniOzoneClusterImpl-44e437f6-303a-4d8e-bbbb-3b42b5072b0e/datanode-6/data/ratis/b9f064c9-579c-4b94-aa0c-c0b89ee05d5f has been successfully formatted.
2019-10-02 15:49:37,754 [pool-87-thread-1] INFO  ratis.ContainerStateMachine (ContainerStateMachine.java:loadSnapshot(231)) - group-C0B89EE05D5F: The snapshot info is null. Setting the last applied indexto:(t:0, i:~)
2019-10-02 15:49:37,755 [pool-87-thread-1] INFO  server.RaftServerConfigKeys (ConfUtils.java:logGet(43)) - raft.server.notification.no-leader.timeout = 120s (custom)
2019-10-02 15:49:37,755 [pool-87-thread-1] INFO  server.RaftServerConfigKeys (ConfUtils.java:logGet(43)) - raft.server.log.use.memory = false (default)
2019-10-02 15:49:37,755 [pool-87-thread-1] INFO  server.RaftServerConfigKeys (ConfUtils.java:logGet(43)) - raft.server.log.purge.gap = 1000000 (custom)
2019-10-02 15:49:37,755 [pool-87-thread-1] INFO  server.RaftServerConfigKeys (ConfUtils.java:logGet(43)) - raft.server.log.appender.buffer.byte-limit = 33554432 (custom)
2019-10-02 15:49:37,756 [pool-87-thread-1] INFO  server.RaftServerConfigKeys (ConfUtils.java:logGet(43)) - raft.server.log.segment.size.max = 1048576 (custom)
2019-10-02 15:49:37,803 [pool-87-thread-1] INFO  server.RaftServerConfigKeys (ConfUtils.java:logGet(43)) - raft.server.log.segment.cache.num.max = 2 (custom)
2019-10-02 15:49:37,803 [pool-87-thread-1] INFO  segmented.SegmentedRaftLogWorker (SegmentedRaftLogWorker.java:<init>(173)) - new ced45e13-3c9a-48b2-a28a-774edb50765e@group-C0B89EE05D5F-SegmentedRaftLogWorker for RaftStorage:Storage Directory /workdir/hadoop-ozone/integration-test/target/test-dir/MiniOzoneClusterImpl-44e437f6-303a-4d8e-bbbb-3b42b5072b0e/datanode-6/data/ratis/b9f064c9-579c-4b94-aa0c-c0b89ee05d5f
2019-10-02 15:49:37,803 [pool-87-thread-1] INFO  server.RaftServerConfigKeys (ConfUtils.java:logGet(43)) - raft.server.log.queue.byte-limit = 2147483647 (custom)
2019-10-02 15:49:37,804 [pool-87-thread-1] INFO  server.RaftServerConfigKeys (ConfUtils.java:logGet(43)) - raft.server.log.queue.element-limit = 1024 (custom)
2019-10-02 15:49:37,804 [pool-87-thread-1] INFO  server.RaftServerConfigKeys (ConfUtils.java:logGet(43)) - raft.server.log.segment.size.max = 1048576 (custom)
2019-10-02 15:49:37,804 [pool-87-thread-1] INFO  server.RaftServerConfigKeys (ConfUtils.java:logGet(43)) - raft.server.log.preallocated.size = 16384 (custom)
2019-10-02 15:49:37,804 [pool-87-thread-1] INFO  server.RaftServerConfigKeys (ConfUtils.java:logGet(43)) - raft.server.log.write.buffer.size = 33554432 (custom)
2019-10-02 15:49:37,804 [pool-87-thread-1] INFO  server.RaftServerConfigKeys (ConfUtils.java:logGet(43)) - raft.server.log.force.sync.num = 128 (default)
2019-10-02 15:49:37,805 [pool-87-thread-1] INFO  server.RaftServerConfigKeys (ConfUtils.java:logGet(43)) - raft.server.log.statemachine.data.sync = true (default)
2019-10-02 15:49:37,805 [pool-87-thread-1] INFO  server.RaftServerConfigKeys (ConfUtils.java:logGet(43)) - raft.server.log.statemachine.data.sync.timeout = 10s (default)
2019-10-02 15:49:37,805 [pool-87-thread-1] INFO  server.RaftServerConfigKeys (ConfUtils.java:logGet(43)) - raft.server.log.statemachine.data.sync.timeout.retry = -1 (default)
2019-10-02 15:49:37,806 [pool-87-thread-1] INFO  server.RaftServerConfigKeys (ConfUtils.java:logGet(43)) - raft.server.log.statemachine.data.caching.enabled = true (custom)
2019-10-02 15:49:37,807 [pool-87-thread-1] INFO  segmented.SegmentedRaftLogWorker (SegmentedRaftLogWorker.java:lambda$new$0(128)) - ced45e13-3c9a-48b2-a28a-774edb50765e@group-C0B89EE05D5F-SegmentedRaftLogWorker: flushIndex: setUnconditionally 0 -> -1
2019-10-02 15:49:37,807 [pool-87-thread-1] INFO  server.RaftServerConfigKeys (ConfUtils.java:logGet(43)) - raft.server.snapshot.auto.trigger.enabled = true (custom)
2019-10-02 15:49:37,807 [pool-87-thread-1] INFO  server.RaftServerConfigKeys (ConfUtils.java:logGet(43)) - raft.server.snapshot.auto.trigger.threshold = 10000 (custom)
2019-10-02 15:49:37,808 [pool-87-thread-1] INFO  server.RaftServerConfigKeys (ConfUtils.java:logGet(43)) - raft.server.snapshot.retention.file.num = 5 (custom)
2019-10-02 15:49:37,808 [pool-87-thread-1] INFO  server.RaftServerConfigKeys (ConfUtils.java:logGet(43)) - raft.server.retrycache.expirytime = 600000ms (custom)
2019-10-02 15:49:37,814 [pool-87-thread-1] INFO  impl.RaftServerImpl (RaftServerImpl.java:start(181)) - ced45e13-3c9a-48b2-a28a-774edb50765e@group-C0B89EE05D5F: start as a follower, conf=-1: [ced45e13-3c9a-48b2-a28a-774edb50765e:192.168.151.72:42645], old=null
2019-10-02 15:49:37,815 [pool-87-thread-1] INFO  impl.RaftServerImpl (RaftServerImpl.java:setRole(170)) - ced45e13-3c9a-48b2-a28a-774edb50765e@group-C0B89EE05D5F: changes role from      null to FOLLOWER at term 0 for startAsFollower
2019-10-02 15:49:37,815 [pool-87-thread-1] INFO  impl.RoleInfo (RoleInfo.java:updateAndGet(143)) - ced45e13-3c9a-48b2-a28a-774edb50765e: start FollowerState
2019-10-02 15:49:37,815 [pool-87-thread-1] INFO  util.JmxRegister (JmxRegister.java:tryRegister(44)) - Successfully registered JMX Bean with object name Ratis:service=RaftServer,group=group-C0B89EE05D5F,id=ced45e13-3c9a-48b2-a28a-774edb50765e
2019-10-02 15:49:37,840 [RatisPipelineUtilsThread] INFO  pipeline.PipelineStateManager (PipelineStateManager.java:addPipeline(56)) - Created pipeline Pipeline[ Id: b9f064c9-579c-4b94-aa0c-c0b89ee05d5f, Nodes: ced45e13-3c9a-48b2-a28a-774edb50765e{ip: 192.168.151.72, host: pr-trunk-fgz7f-2353921243, networkLocation: /default-rack, certSerialId: null}, Type:RATIS, Factor:ONE, State:OPEN]
2019-10-02 15:49:37,865 [grpc-default-executor-0] INFO  impl.RaftServerProxy (RaftServerProxy.java:addNew(89)) - 3ae5aee2-2358-49e6-9004-20fc57714669: addNew group-37A7D1828DF5:[3ae5aee2-2358-49e6-9004-20fc57714669:192.168.151.72:42197] returns group-37A7D1828DF5:java.util.concurrent.CompletableFuture@4f217015[Not completed]
2019-10-02 15:49:37,867 [pool-37-thread-1] INFO  impl.RaftServerImpl (RaftServerImpl.java:<init>(95)) - 3ae5aee2-2358-49e6-9004-20fc57714669: new RaftServerImpl for group-37A7D1828DF5:[3ae5aee2-2358-49e6-9004-20fc57714669:192.168.151.72:42197] with ContainerStateMachine:uninitialized
2019-10-02 15:49:37,868 [pool-37-thread-1] INFO  server.RaftServerConfigKeys (ConfUtils.java:logGet(43)) - raft.server.rpc.timeout.min = 5s (custom)
2019-10-02 15:49:37,868 [pool-37-thread-1] INFO  server.RaftServerConfigKeys (ConfUtils.java:logGet(43)) - raft.server.rpc.timeout.max = 5200ms (custom)
2019-10-02 15:49:37,868 [pool-37-thread-1] INFO  server.RaftServerConfigKeys (ConfUtils.java:logGet(43)) - raft.server.rpcslowness.timeout = 120s (custom)
2019-10-02 15:49:37,868 [pool-37-thread-1] INFO  server.RaftServerConfigKeys (ConfUtils.java:logGet(43)) - raft.server.sleep.deviation.threshold = 300 (default)
2019-10-02 15:49:37,868 [pool-37-thread-1] INFO  server.RaftServerConfigKeys (ConfUtils.java:logGet(43)) - raft.server.log.appender.install.snapshot.enabled = false (custom)
2019-10-02 15:49:37,869 [pool-37-thread-1] INFO  impl.RaftServerImpl (ServerState.java:<init>(103)) - 3ae5aee2-2358-49e6-9004-20fc57714669@group-37A7D1828DF5: ConfigurationManager, init=-1: [3ae5aee2-2358-49e6-9004-20fc57714669:192.168.151.72:42197], old=null, confs=<EMPTY_MAP>
2019-10-02 15:49:37,869 [pool-37-thread-1] INFO  server.RaftServerConfigKeys (ConfUtils.java:logGet(43)) - raft.server.storage.dir = [/workdir/hadoop-ozone/integration-test/target/test-dir/MiniOzoneClusterImpl-44e437f6-303a-4d8e-bbbb-3b42b5072b0e/datanode-1/data/ratis] (custom)
2019-10-02 15:49:37,869 [pool-37-thread-1] INFO  server.RaftServerConfigKeys (ConfUtils.java:logGet(43)) - raft.server.log.corruption.policy = EXCEPTION (default)
2019-10-02 15:49:37,870 [pool-37-thread-1] INFO  storage.RaftStorageDirectory (RaftStorageDirectory.java:analyzeStorage(246)) - The storage directory /workdir/hadoop-ozone/integration-test/target/test-dir/MiniOzoneClusterImpl-44e437f6-303a-4d8e-bbbb-3b42b5072b0e/datanode-1/data/ratis/41296a61-616e-4c79-be0f-37a7d1828df5 does not exist. Creating ...
2019-10-02 15:49:37,884 [pool-37-thread-1] INFO  storage.RaftStorageDirectory (RaftStorageDirectory.java:tryLock(328)) - Lock on /workdir/hadoop-ozone/integration-test/target/test-dir/MiniOzoneClusterImpl-44e437f6-303a-4d8e-bbbb-3b42b5072b0e/datanode-1/data/ratis/41296a61-616e-4c79-be0f-37a7d1828df5/in_use.lock acquired by nodename 29219@pr-trunk-fgz7f-2353921243
2019-10-02 15:49:37,913 [pool-37-thread-1] INFO  storage.RaftStorage (RaftStorage.java:format(84)) - Storage directory /workdir/hadoop-ozone/integration-test/target/test-dir/MiniOzoneClusterImpl-44e437f6-303a-4d8e-bbbb-3b42b5072b0e/datanode-1/data/ratis/41296a61-616e-4c79-be0f-37a7d1828df5 has been successfully formatted.
2019-10-02 15:49:37,915 [pool-37-thread-1] INFO  ratis.ContainerStateMachine (ContainerStateMachine.java:loadSnapshot(231)) - group-37A7D1828DF5: The snapshot info is null. Setting the last applied indexto:(t:0, i:~)
2019-10-02 15:49:37,915 [pool-37-thread-1] INFO  server.RaftServerConfigKeys (ConfUtils.java:logGet(43)) - raft.server.notification.no-leader.timeout = 120s (custom)
2019-10-02 15:49:37,915 [pool-37-thread-1] INFO  server.RaftServerConfigKeys (ConfUtils.java:logGet(43)) - raft.server.log.use.memory = false (default)
2019-10-02 15:49:37,915 [pool-37-thread-1] INFO  server.RaftServerConfigKeys (ConfUtils.java:logGet(43)) - raft.server.log.purge.gap = 1000000 (custom)
2019-10-02 15:49:37,916 [pool-37-thread-1] INFO  server.RaftServerConfigKeys (ConfUtils.java:logGet(43)) - raft.server.log.appender.buffer.byte-limit = 33554432 (custom)
2019-10-02 15:49:37,916 [pool-37-thread-1] INFO  server.RaftServerConfigKeys (ConfUtils.java:logGet(43)) - raft.server.log.segment.size.max = 1048576 (custom)
2019-10-02 15:49:37,923 [pool-37-thread-1] INFO  server.RaftServerConfigKeys (ConfUtils.java:logGet(43)) - raft.server.log.segment.cache.num.max = 2 (custom)
2019-10-02 15:49:37,924 [pool-37-thread-1] INFO  segmented.SegmentedRaftLogWorker (SegmentedRaftLogWorker.java:<init>(173)) - new 3ae5aee2-2358-49e6-9004-20fc57714669@group-37A7D1828DF5-SegmentedRaftLogWorker for RaftStorage:Storage Directory /workdir/hadoop-ozone/integration-test/target/test-dir/MiniOzoneClusterImpl-44e437f6-303a-4d8e-bbbb-3b42b5072b0e/datanode-1/data/ratis/41296a61-616e-4c79-be0f-37a7d1828df5
2019-10-02 15:49:37,924 [pool-37-thread-1] INFO  server.RaftServerConfigKeys (ConfUtils.java:logGet(43)) - raft.server.log.queue.byte-limit = 2147483647 (custom)
2019-10-02 15:49:37,924 [pool-37-thread-1] INFO  server.RaftServerConfigKeys (ConfUtils.java:logGet(43)) - raft.server.log.queue.element-limit = 1024 (custom)
2019-10-02 15:49:37,925 [pool-37-thread-1] INFO  server.RaftServerConfigKeys (ConfUtils.java:logGet(43)) - raft.server.log.segment.size.max = 1048576 (custom)
2019-10-02 15:49:37,925 [pool-37-thread-1] INFO  server.RaftServerConfigKeys (ConfUtils.java:logGet(43)) - raft.server.log.preallocated.size = 16384 (custom)
2019-10-02 15:49:37,925 [pool-37-thread-1] INFO  server.RaftServerConfigKeys (ConfUtils.java:logGet(43)) - raft.server.log.write.buffer.size = 33554432 (custom)
2019-10-02 15:49:37,925 [pool-37-thread-1] INFO  server.RaftServerConfigKeys (ConfUtils.java:logGet(43)) - raft.server.log.force.sync.num = 128 (default)
2019-10-02 15:49:37,925 [pool-37-thread-1] INFO  server.RaftServerConfigKeys (ConfUtils.java:logGet(43)) - raft.server.log.statemachine.data.sync = true (default)
2019-10-02 15:49:37,926 [pool-37-thread-1] INFO  server.RaftServerConfigKeys (ConfUtils.java:logGet(43)) - raft.server.log.statemachine.data.sync.timeout = 10s (default)
2019-10-02 15:49:37,926 [pool-37-thread-1] INFO  server.RaftServerConfigKeys (ConfUtils.java:logGet(43)) - raft.server.log.statemachine.data.sync.timeout.retry = -1 (default)
2019-10-02 15:49:37,927 [pool-37-thread-1] INFO  server.RaftServerConfigKeys (ConfUtils.java:logGet(43)) - raft.server.log.statemachine.data.caching.enabled = true (custom)
2019-10-02 15:49:37,927 [pool-37-thread-1] INFO  segmented.SegmentedRaftLogWorker (SegmentedRaftLogWorker.java:lambda$new$0(128)) - 3ae5aee2-2358-49e6-9004-20fc57714669@group-37A7D1828DF5-SegmentedRaftLogWorker: flushIndex: setUnconditionally 0 -> -1
2019-10-02 15:49:37,928 [pool-37-thread-1] INFO  server.RaftServerConfigKeys (ConfUtils.java:logGet(43)) - raft.server.snapshot.auto.trigger.enabled = true (custom)
2019-10-02 15:49:37,928 [pool-37-thread-1] INFO  server.RaftServerConfigKeys (ConfUtils.java:logGet(43)) - raft.server.snapshot.auto.trigger.threshold = 10000 (custom)
2019-10-02 15:49:37,928 [pool-37-thread-1] INFO  server.RaftServerConfigKeys (ConfUtils.java:logGet(43)) - raft.server.snapshot.retention.file.num = 5 (custom)
2019-10-02 15:49:37,928 [pool-37-thread-1] INFO  server.RaftServerConfigKeys (ConfUtils.java:logGet(43)) - raft.server.retrycache.expirytime = 600000ms (custom)
2019-10-02 15:49:37,932 [pool-37-thread-1] INFO  impl.RaftServerImpl (RaftServerImpl.java:start(181)) - 3ae5aee2-2358-49e6-9004-20fc57714669@group-37A7D1828DF5: start as a follower, conf=-1: [3ae5aee2-2358-49e6-9004-20fc57714669:192.168.151.72:42197], old=null
2019-10-02 15:49:37,932 [pool-37-thread-1] INFO  impl.RaftServerImpl (RaftServerImpl.java:setRole(170)) - 3ae5aee2-2358-49e6-9004-20fc57714669@group-37A7D1828DF5: changes role from      null to FOLLOWER at term 0 for startAsFollower
2019-10-02 15:49:37,932 [pool-37-thread-1] INFO  impl.RoleInfo (RoleInfo.java:updateAndGet(143)) - 3ae5aee2-2358-49e6-9004-20fc57714669: start FollowerState
2019-10-02 15:49:37,933 [pool-37-thread-1] INFO  util.JmxRegister (JmxRegister.java:tryRegister(44)) - Successfully registered JMX Bean with object name Ratis:service=RaftServer,group=group-37A7D1828DF5,id=3ae5aee2-2358-49e6-9004-20fc57714669
2019-10-02 15:49:37,950 [RatisPipelineUtilsThread] INFO  pipeline.PipelineStateManager (PipelineStateManager.java:addPipeline(56)) - Created pipeline Pipeline[ Id: 41296a61-616e-4c79-be0f-37a7d1828df5, Nodes: 3ae5aee2-2358-49e6-9004-20fc57714669{ip: 192.168.151.72, host: pr-trunk-fgz7f-2353921243, networkLocation: /default-rack, certSerialId: null}, Type:RATIS, Factor:ONE, State:OPEN]
2019-10-02 15:49:37,973 [grpc-default-executor-0] INFO  impl.RaftServerProxy (RaftServerProxy.java:addNew(89)) - 88c51ebc-146a-419a-a6d2-c7973a662df3: addNew group-B89A80CA5DBD:[88c51ebc-146a-419a-a6d2-c7973a662df3:192.168.151.72:41745] returns group-B89A80CA5DBD:java.util.concurrent.CompletableFuture@3cb9f01a[Not completed]
2019-10-02 15:49:37,977 [pool-47-thread-1] INFO  impl.RaftServerImpl (RaftServerImpl.java:<init>(95)) - 88c51ebc-146a-419a-a6d2-c7973a662df3: new RaftServerImpl for group-B89A80CA5DBD:[88c51ebc-146a-419a-a6d2-c7973a662df3:192.168.151.72:41745] with ContainerStateMachine:uninitialized
2019-10-02 15:49:37,977 [pool-47-thread-1] INFO  server.RaftServerConfigKeys (ConfUtils.java:logGet(43)) - raft.server.rpc.timeout.min = 5s (custom)
2019-10-02 15:49:37,977 [pool-47-thread-1] INFO  server.RaftServerConfigKeys (ConfUtils.java:logGet(43)) - raft.server.rpc.timeout.max = 5200ms (custom)
2019-10-02 15:49:37,977 [pool-47-thread-1] INFO  server.RaftServerConfigKeys (ConfUtils.java:logGet(43)) - raft.server.rpcslowness.timeout = 120s (custom)
2019-10-02 15:49:37,978 [pool-47-thread-1] INFO  server.RaftServerConfigKeys (ConfUtils.java:logGet(43)) - raft.server.sleep.deviation.threshold = 300 (default)
2019-10-02 15:49:37,978 [pool-47-thread-1] INFO  server.RaftServerConfigKeys (ConfUtils.java:logGet(43)) - raft.server.log.appender.install.snapshot.enabled = false (custom)
2019-10-02 15:49:37,978 [pool-47-thread-1] INFO  impl.RaftServerImpl (ServerState.java:<init>(103)) - 88c51ebc-146a-419a-a6d2-c7973a662df3@group-B89A80CA5DBD: ConfigurationManager, init=-1: [88c51ebc-146a-419a-a6d2-c7973a662df3:192.168.151.72:41745], old=null, confs=<EMPTY_MAP>
2019-10-02 15:49:37,978 [pool-47-thread-1] INFO  server.RaftServerConfigKeys (ConfUtils.java:logGet(43)) - raft.server.storage.dir = [/workdir/hadoop-ozone/integration-test/target/test-dir/MiniOzoneClusterImpl-44e437f6-303a-4d8e-bbbb-3b42b5072b0e/datanode-2/data/ratis] (custom)
2019-10-02 15:49:37,979 [pool-47-thread-1] INFO  server.RaftServerConfigKeys (ConfUtils.java:logGet(43)) - raft.server.log.corruption.policy = EXCEPTION (default)
2019-10-02 15:49:37,979 [pool-47-thread-1] INFO  storage.RaftStorageDirectory (RaftStorageDirectory.java:analyzeStorage(246)) - The storage directory /workdir/hadoop-ozone/integration-test/target/test-dir/MiniOzoneClusterImpl-44e437f6-303a-4d8e-bbbb-3b42b5072b0e/datanode-2/data/ratis/b70f66f5-b461-48d4-8414-b89a80ca5dbd does not exist. Creating ...
2019-10-02 15:49:37,991 [pool-47-thread-1] INFO  storage.RaftStorageDirectory (RaftStorageDirectory.java:tryLock(328)) - Lock on /workdir/hadoop-ozone/integration-test/target/test-dir/MiniOzoneClusterImpl-44e437f6-303a-4d8e-bbbb-3b42b5072b0e/datanode-2/data/ratis/b70f66f5-b461-48d4-8414-b89a80ca5dbd/in_use.lock acquired by nodename 29219@pr-trunk-fgz7f-2353921243
2019-10-02 15:49:38,004 [pool-47-thread-1] INFO  storage.RaftStorage (RaftStorage.java:format(84)) - Storage directory /workdir/hadoop-ozone/integration-test/target/test-dir/MiniOzoneClusterImpl-44e437f6-303a-4d8e-bbbb-3b42b5072b0e/datanode-2/data/ratis/b70f66f5-b461-48d4-8414-b89a80ca5dbd has been successfully formatted.
2019-10-02 15:49:38,005 [pool-47-thread-1] INFO  ratis.ContainerStateMachine (ContainerStateMachine.java:loadSnapshot(231)) - group-B89A80CA5DBD: The snapshot info is null. Setting the last applied indexto:(t:0, i:~)
2019-10-02 15:49:38,005 [pool-47-thread-1] INFO  server.RaftServerConfigKeys (ConfUtils.java:logGet(43)) - raft.server.notification.no-leader.timeout = 120s (custom)
2019-10-02 15:49:38,005 [pool-47-thread-1] INFO  server.RaftServerConfigKeys (ConfUtils.java:logGet(43)) - raft.server.log.use.memory = false (default)
2019-10-02 15:49:38,006 [pool-47-thread-1] INFO  server.RaftServerConfigKeys (ConfUtils.java:logGet(43)) - raft.server.log.purge.gap = 1000000 (custom)
2019-10-02 15:49:38,006 [pool-47-thread-1] INFO  server.RaftServerConfigKeys (ConfUtils.java:logGet(43)) - raft.server.log.appender.buffer.byte-limit = 33554432 (custom)
2019-10-02 15:49:38,006 [pool-47-thread-1] INFO  server.RaftServerConfigKeys (ConfUtils.java:logGet(43)) - raft.server.log.segment.size.max = 1048576 (custom)
2019-10-02 15:49:38,009 [pool-47-thread-1] INFO  server.RaftServerConfigKeys (ConfUtils.java:logGet(43)) - raft.server.log.segment.cache.num.max = 2 (custom)
2019-10-02 15:49:38,010 [pool-47-thread-1] INFO  segmented.SegmentedRaftLogWorker (SegmentedRaftLogWorker.java:<init>(173)) - new 88c51ebc-146a-419a-a6d2-c7973a662df3@group-B89A80CA5DBD-SegmentedRaftLogWorker for RaftStorage:Storage Directory /workdir/hadoop-ozone/integration-test/target/test-dir/MiniOzoneClusterImpl-44e437f6-303a-4d8e-bbbb-3b42b5072b0e/datanode-2/data/ratis/b70f66f5-b461-48d4-8414-b89a80ca5dbd
2019-10-02 15:49:38,010 [pool-47-thread-1] INFO  server.RaftServerConfigKeys (ConfUtils.java:logGet(43)) - raft.server.log.queue.byte-limit = 2147483647 (custom)
2019-10-02 15:49:38,010 [pool-47-thread-1] INFO  server.RaftServerConfigKeys (ConfUtils.java:logGet(43)) - raft.server.log.queue.element-limit = 1024 (custom)
2019-10-02 15:49:38,010 [pool-47-thread-1] INFO  server.RaftServerConfigKeys (ConfUtils.java:logGet(43)) - raft.server.log.segment.size.max = 1048576 (custom)
2019-10-02 15:49:38,010 [pool-47-thread-1] INFO  server.RaftServerConfigKeys (ConfUtils.java:logGet(43)) - raft.server.log.preallocated.size = 16384 (custom)
2019-10-02 15:49:38,010 [pool-47-thread-1] INFO  server.RaftServerConfigKeys (ConfUtils.java:logGet(43)) - raft.server.log.write.buffer.size = 33554432 (custom)
2019-10-02 15:49:38,011 [pool-47-thread-1] INFO  server.RaftServerConfigKeys (ConfUtils.java:logGet(43)) - raft.server.log.force.sync.num = 128 (default)
2019-10-02 15:49:38,011 [pool-47-thread-1] INFO  server.RaftServerConfigKeys (ConfUtils.java:logGet(43)) - raft.server.log.statemachine.data.sync = true (default)
2019-10-02 15:49:38,011 [pool-47-thread-1] INFO  server.RaftServerConfigKeys (ConfUtils.java:logGet(43)) - raft.server.log.statemachine.data.sync.timeout = 10s (default)
2019-10-02 15:49:38,011 [pool-47-thread-1] INFO  server.RaftServerConfigKeys (ConfUtils.java:logGet(43)) - raft.server.log.statemachine.data.sync.timeout.retry = -1 (default)
2019-10-02 15:49:38,012 [pool-47-thread-1] INFO  server.RaftServerConfigKeys (ConfUtils.java:logGet(43)) - raft.server.log.statemachine.data.caching.enabled = true (custom)
2019-10-02 15:49:38,012 [pool-47-thread-1] INFO  segmented.SegmentedRaftLogWorker (SegmentedRaftLogWorker.java:lambda$new$0(128)) - 88c51ebc-146a-419a-a6d2-c7973a662df3@group-B89A80CA5DBD-SegmentedRaftLogWorker: flushIndex: setUnconditionally 0 -> -1
2019-10-02 15:49:38,013 [pool-47-thread-1] INFO  server.RaftServerConfigKeys (ConfUtils.java:logGet(43)) - raft.server.snapshot.auto.trigger.enabled = true (custom)
2019-10-02 15:49:38,013 [pool-47-thread-1] INFO  server.RaftServerConfigKeys (ConfUtils.java:logGet(43)) - raft.server.snapshot.auto.trigger.threshold = 10000 (custom)
2019-10-02 15:49:38,013 [pool-47-thread-1] INFO  server.RaftServerConfigKeys (ConfUtils.java:logGet(43)) - raft.server.snapshot.retention.file.num = 5 (custom)
2019-10-02 15:49:38,013 [pool-47-thread-1] INFO  server.RaftServerConfigKeys (ConfUtils.java:logGet(43)) - raft.server.retrycache.expirytime = 600000ms (custom)
2019-10-02 15:49:38,016 [pool-47-thread-1] INFO  impl.RaftServerImpl (RaftServerImpl.java:start(181)) - 88c51ebc-146a-419a-a6d2-c7973a662df3@group-B89A80CA5DBD: start as a follower, conf=-1: [88c51ebc-146a-419a-a6d2-c7973a662df3:192.168.151.72:41745], old=null
2019-10-02 15:49:38,016 [pool-47-thread-1] INFO  impl.RaftServerImpl (RaftServerImpl.java:setRole(170)) - 88c51ebc-146a-419a-a6d2-c7973a662df3@group-B89A80CA5DBD: changes role from      null to FOLLOWER at term 0 for startAsFollower
2019-10-02 15:49:38,016 [pool-47-thread-1] INFO  impl.RoleInfo (RoleInfo.java:updateAndGet(143)) - 88c51ebc-146a-419a-a6d2-c7973a662df3: start FollowerState
2019-10-02 15:49:38,016 [pool-47-thread-1] INFO  util.JmxRegister (JmxRegister.java:tryRegister(44)) - Successfully registered JMX Bean with object name Ratis:service=RaftServer,group=group-B89A80CA5DBD,id=88c51ebc-146a-419a-a6d2-c7973a662df3
2019-10-02 15:49:38,033 [RatisPipelineUtilsThread] INFO  pipeline.PipelineStateManager (PipelineStateManager.java:addPipeline(56)) - Created pipeline Pipeline[ Id: b70f66f5-b461-48d4-8414-b89a80ca5dbd, Nodes: 88c51ebc-146a-419a-a6d2-c7973a662df3{ip: 192.168.151.72, host: pr-trunk-fgz7f-2353921243, networkLocation: /default-rack, certSerialId: null}, Type:RATIS, Factor:ONE, State:OPEN]
2019-10-02 15:49:38,057 [grpc-default-executor-0] INFO  impl.RaftServerProxy (RaftServerProxy.java:addNew(89)) - 9fe0589a-8026-4bfa-86ce-9d2b75bcfb63: addNew group-302262AF1888:[9fe0589a-8026-4bfa-86ce-9d2b75bcfb63:192.168.151.72:45509] returns group-302262AF1888:java.util.concurrent.CompletableFuture@55f12ee4[Not completed]
2019-10-02 15:49:38,062 [pool-67-thread-1] INFO  impl.RaftServerImpl (RaftServerImpl.java:<init>(95)) - 9fe0589a-8026-4bfa-86ce-9d2b75bcfb63: new RaftServerImpl for group-302262AF1888:[9fe0589a-8026-4bfa-86ce-9d2b75bcfb63:192.168.151.72:45509] with ContainerStateMachine:uninitialized
2019-10-02 15:49:38,062 [pool-67-thread-1] INFO  server.RaftServerConfigKeys (ConfUtils.java:logGet(43)) - raft.server.rpc.timeout.min = 5s (custom)
2019-10-02 15:49:38,062 [pool-67-thread-1] INFO  server.RaftServerConfigKeys (ConfUtils.java:logGet(43)) - raft.server.rpc.timeout.max = 5200ms (custom)
2019-10-02 15:49:38,062 [pool-67-thread-1] INFO  server.RaftServerConfigKeys (ConfUtils.java:logGet(43)) - raft.server.rpcslowness.timeout = 120s (custom)
2019-10-02 15:49:38,062 [pool-67-thread-1] INFO  server.RaftServerConfigKeys (ConfUtils.java:logGet(43)) - raft.server.sleep.deviation.threshold = 300 (default)
2019-10-02 15:49:38,062 [pool-67-thread-1] INFO  server.RaftServerConfigKeys (ConfUtils.java:logGet(43)) - raft.server.log.appender.install.snapshot.enabled = false (custom)
2019-10-02 15:49:38,063 [pool-67-thread-1] INFO  impl.RaftServerImpl (ServerState.java:<init>(103)) - 9fe0589a-8026-4bfa-86ce-9d2b75bcfb63@group-302262AF1888: ConfigurationManager, init=-1: [9fe0589a-8026-4bfa-86ce-9d2b75bcfb63:192.168.151.72:45509], old=null, confs=<EMPTY_MAP>
2019-10-02 15:49:38,063 [pool-67-thread-1] INFO  server.RaftServerConfigKeys (ConfUtils.java:logGet(43)) - raft.server.storage.dir = [/workdir/hadoop-ozone/integration-test/target/test-dir/MiniOzoneClusterImpl-44e437f6-303a-4d8e-bbbb-3b42b5072b0e/datanode-4/data/ratis] (custom)
2019-10-02 15:49:38,063 [pool-67-thread-1] INFO  server.RaftServerConfigKeys (ConfUtils.java:logGet(43)) - raft.server.log.corruption.policy = EXCEPTION (default)
2019-10-02 15:49:38,063 [pool-67-thread-1] INFO  storage.RaftStorageDirectory (RaftStorageDirectory.java:analyzeStorage(246)) - The storage directory /workdir/hadoop-ozone/integration-test/target/test-dir/MiniOzoneClusterImpl-44e437f6-303a-4d8e-bbbb-3b42b5072b0e/datanode-4/data/ratis/833b3347-9a4e-4999-a68f-302262af1888 does not exist. Creating ...
2019-10-02 15:49:38,064 [main] INFO  ozone.MiniOzoneClusterImpl (MiniOzoneClusterImpl.java:lambda$waitForClusterToBeReady$0(147)) - Cluster is ready. Got 7 of 7 DN Heartbeats.
2019-10-02 15:49:38,076 [pool-67-thread-1] INFO  storage.RaftStorageDirectory (RaftStorageDirectory.java:tryLock(328)) - Lock on /workdir/hadoop-ozone/integration-test/target/test-dir/MiniOzoneClusterImpl-44e437f6-303a-4d8e-bbbb-3b42b5072b0e/datanode-4/data/ratis/833b3347-9a4e-4999-a68f-302262af1888/in_use.lock acquired by nodename 29219@pr-trunk-fgz7f-2353921243
2019-10-02 15:49:38,089 [pool-67-thread-1] INFO  storage.RaftStorage (RaftStorage.java:format(84)) - Storage directory /workdir/hadoop-ozone/integration-test/target/test-dir/MiniOzoneClusterImpl-44e437f6-303a-4d8e-bbbb-3b42b5072b0e/datanode-4/data/ratis/833b3347-9a4e-4999-a68f-302262af1888 has been successfully formatted.
2019-10-02 15:49:38,090 [pool-67-thread-1] INFO  ratis.ContainerStateMachine (ContainerStateMachine.java:loadSnapshot(231)) - group-302262AF1888: The snapshot info is null. Setting the last applied indexto:(t:0, i:~)
2019-10-02 15:49:38,090 [pool-67-thread-1] INFO  server.RaftServerConfigKeys (ConfUtils.java:logGet(43)) - raft.server.notification.no-leader.timeout = 120s (custom)
2019-10-02 15:49:38,090 [pool-67-thread-1] INFO  server.RaftServerConfigKeys (ConfUtils.java:logGet(43)) - raft.server.log.use.memory = false (default)
2019-10-02 15:49:38,090 [pool-67-thread-1] INFO  server.RaftServerConfigKeys (ConfUtils.java:logGet(43)) - raft.server.log.purge.gap = 1000000 (custom)
2019-10-02 15:49:38,091 [pool-67-thread-1] INFO  server.RaftServerConfigKeys (ConfUtils.java:logGet(43)) - raft.server.log.appender.buffer.byte-limit = 33554432 (custom)
2019-10-02 15:49:38,091 [pool-67-thread-1] INFO  server.RaftServerConfigKeys (ConfUtils.java:logGet(43)) - raft.server.log.segment.size.max = 1048576 (custom)
2019-10-02 15:49:38,094 [pool-67-thread-1] INFO  server.RaftServerConfigKeys (ConfUtils.java:logGet(43)) - raft.server.log.segment.cache.num.max = 2 (custom)
2019-10-02 15:49:38,094 [pool-67-thread-1] INFO  segmented.SegmentedRaftLogWorker (SegmentedRaftLogWorker.java:<init>(173)) - new 9fe0589a-8026-4bfa-86ce-9d2b75bcfb63@group-302262AF1888-SegmentedRaftLogWorker for RaftStorage:Storage Directory /workdir/hadoop-ozone/integration-test/target/test-dir/MiniOzoneClusterImpl-44e437f6-303a-4d8e-bbbb-3b42b5072b0e/datanode-4/data/ratis/833b3347-9a4e-4999-a68f-302262af1888
2019-10-02 15:49:38,095 [pool-67-thread-1] INFO  server.RaftServerConfigKeys (ConfUtils.java:logGet(43)) - raft.server.log.queue.byte-limit = 2147483647 (custom)
2019-10-02 15:49:38,095 [pool-67-thread-1] INFO  server.RaftServerConfigKeys (ConfUtils.java:logGet(43)) - raft.server.log.queue.element-limit = 1024 (custom)
2019-10-02 15:49:38,095 [pool-67-thread-1] INFO  server.RaftServerConfigKeys (ConfUtils.java:logGet(43)) - raft.server.log.segment.size.max = 1048576 (custom)
2019-10-02 15:49:38,096 [pool-67-thread-1] INFO  server.RaftServerConfigKeys (ConfUtils.java:logGet(43)) - raft.server.log.preallocated.size = 16384 (custom)
2019-10-02 15:49:38,096 [pool-67-thread-1] INFO  server.RaftServerConfigKeys (ConfUtils.java:logGet(43)) - raft.server.log.write.buffer.size = 33554432 (custom)
2019-10-02 15:49:38,096 [pool-67-thread-1] INFO  server.RaftServerConfigKeys (ConfUtils.java:logGet(43)) - raft.server.log.force.sync.num = 128 (default)
2019-10-02 15:49:38,096 [pool-67-thread-1] INFO  server.RaftServerConfigKeys (ConfUtils.java:logGet(43)) - raft.server.log.statemachine.data.sync = true (default)
2019-10-02 15:49:38,096 [pool-67-thread-1] INFO  server.RaftServerConfigKeys (ConfUtils.java:logGet(43)) - raft.server.log.statemachine.data.sync.timeout = 10s (default)
2019-10-02 15:49:38,097 [pool-67-thread-1] INFO  server.RaftServerConfigKeys (ConfUtils.java:logGet(43)) - raft.server.log.statemachine.data.sync.timeout.retry = -1 (default)
2019-10-02 15:49:38,097 [pool-67-thread-1] INFO  server.RaftServerConfigKeys (ConfUtils.java:logGet(43)) - raft.server.log.statemachine.data.caching.enabled = true (custom)
2019-10-02 15:49:38,098 [pool-67-thread-1] INFO  segmented.SegmentedRaftLogWorker (SegmentedRaftLogWorker.java:lambda$new$0(128)) - 9fe0589a-8026-4bfa-86ce-9d2b75bcfb63@group-302262AF1888-SegmentedRaftLogWorker: flushIndex: setUnconditionally 0 -> -1
2019-10-02 15:49:38,098 [pool-67-thread-1] INFO  server.RaftServerConfigKeys (ConfUtils.java:logGet(43)) - raft.server.snapshot.auto.trigger.enabled = true (custom)
2019-10-02 15:49:38,098 [pool-67-thread-1] INFO  server.RaftServerConfigKeys (ConfUtils.java:logGet(43)) - raft.server.snapshot.auto.trigger.threshold = 10000 (custom)
2019-10-02 15:49:38,099 [pool-67-thread-1] INFO  server.RaftServerConfigKeys (ConfUtils.java:logGet(43)) - raft.server.snapshot.retention.file.num = 5 (custom)
2019-10-02 15:49:38,099 [pool-67-thread-1] INFO  server.RaftServerConfigKeys (ConfUtils.java:logGet(43)) - raft.server.retrycache.expirytime = 600000ms (custom)
2019-10-02 15:49:38,102 [pool-67-thread-1] INFO  impl.RaftServerImpl (RaftServerImpl.java:start(181)) - 9fe0589a-8026-4bfa-86ce-9d2b75bcfb63@group-302262AF1888: start as a follower, conf=-1: [9fe0589a-8026-4bfa-86ce-9d2b75bcfb63:192.168.151.72:45509], old=null
2019-10-02 15:49:38,102 [pool-67-thread-1] INFO  impl.RaftServerImpl (RaftServerImpl.java:setRole(170)) - 9fe0589a-8026-4bfa-86ce-9d2b75bcfb63@group-302262AF1888: changes role from      null to FOLLOWER at term 0 for startAsFollower
2019-10-02 15:49:38,103 [pool-67-thread-1] INFO  impl.RoleInfo (RoleInfo.java:updateAndGet(143)) - 9fe0589a-8026-4bfa-86ce-9d2b75bcfb63: start FollowerState
2019-10-02 15:49:38,103 [pool-67-thread-1] INFO  util.JmxRegister (JmxRegister.java:tryRegister(44)) - Successfully registered JMX Bean with object name Ratis:service=RaftServer,group=group-302262AF1888,id=9fe0589a-8026-4bfa-86ce-9d2b75bcfb63
2019-10-02 15:49:38,125 [RatisPipelineUtilsThread] INFO  pipeline.PipelineStateManager (PipelineStateManager.java:addPipeline(56)) - Created pipeline Pipeline[ Id: 833b3347-9a4e-4999-a68f-302262af1888, Nodes: 9fe0589a-8026-4bfa-86ce-9d2b75bcfb63{ip: 192.168.151.72, host: pr-trunk-fgz7f-2353921243, networkLocation: /default-rack, certSerialId: null}, Type:RATIS, Factor:ONE, State:OPEN]
2019-10-02 15:49:38,150 [grpc-default-executor-0] INFO  impl.RaftServerProxy (RaftServerProxy.java:addNew(89)) - 00536315-28b4-4855-8f66-2c5dd80a276a: addNew group-3A1E180AF420:[00536315-28b4-4855-8f66-2c5dd80a276a:192.168.151.72:45948] returns group-3A1E180AF420:java.util.concurrent.CompletableFuture@2b1675e[Not completed]
2019-10-02 15:49:38,156 [pool-77-thread-1] INFO  impl.RaftServerImpl (RaftServerImpl.java:<init>(95)) - 00536315-28b4-4855-8f66-2c5dd80a276a: new RaftServerImpl for group-3A1E180AF420:[00536315-28b4-4855-8f66-2c5dd80a276a:192.168.151.72:45948] with ContainerStateMachine:uninitialized
2019-10-02 15:49:38,156 [pool-77-thread-1] INFO  server.RaftServerConfigKeys (ConfUtils.java:logGet(43)) - raft.server.rpc.timeout.min = 5s (custom)
2019-10-02 15:49:38,156 [pool-77-thread-1] INFO  server.RaftServerConfigKeys (ConfUtils.java:logGet(43)) - raft.server.rpc.timeout.max = 5200ms (custom)
2019-10-02 15:49:38,157 [pool-77-thread-1] INFO  server.RaftServerConfigKeys (ConfUtils.java:logGet(43)) - raft.server.rpcslowness.timeout = 120s (custom)
2019-10-02 15:49:38,157 [pool-77-thread-1] INFO  server.RaftServerConfigKeys (ConfUtils.java:logGet(43)) - raft.server.sleep.deviation.threshold = 300 (default)
2019-10-02 15:49:38,157 [pool-77-thread-1] INFO  server.RaftServerConfigKeys (ConfUtils.java:logGet(43)) - raft.server.log.appender.install.snapshot.enabled = false (custom)
2019-10-02 15:49:38,157 [pool-77-thread-1] INFO  impl.RaftServerImpl (ServerState.java:<init>(103)) - 00536315-28b4-4855-8f66-2c5dd80a276a@group-3A1E180AF420: ConfigurationManager, init=-1: [00536315-28b4-4855-8f66-2c5dd80a276a:192.168.151.72:45948], old=null, confs=<EMPTY_MAP>
2019-10-02 15:49:38,157 [pool-77-thread-1] INFO  server.RaftServerConfigKeys (ConfUtils.java:logGet(43)) - raft.server.storage.dir = [/workdir/hadoop-ozone/integration-test/target/test-dir/MiniOzoneClusterImpl-44e437f6-303a-4d8e-bbbb-3b42b5072b0e/datanode-5/data/ratis] (custom)
2019-10-02 15:49:38,158 [pool-77-thread-1] INFO  server.RaftServerConfigKeys (ConfUtils.java:logGet(43)) - raft.server.log.corruption.policy = EXCEPTION (default)
2019-10-02 15:49:38,158 [pool-77-thread-1] INFO  storage.RaftStorageDirectory (RaftStorageDirectory.java:analyzeStorage(246)) - The storage directory /workdir/hadoop-ozone/integration-test/target/test-dir/MiniOzoneClusterImpl-44e437f6-303a-4d8e-bbbb-3b42b5072b0e/datanode-5/data/ratis/3a1389e0-8e89-44aa-9f5e-3a1e180af420 does not exist. Creating ...
2019-10-02 15:49:38,185 [pool-77-thread-1] INFO  storage.RaftStorageDirectory (RaftStorageDirectory.java:tryLock(328)) - Lock on /workdir/hadoop-ozone/integration-test/target/test-dir/MiniOzoneClusterImpl-44e437f6-303a-4d8e-bbbb-3b42b5072b0e/datanode-5/data/ratis/3a1389e0-8e89-44aa-9f5e-3a1e180af420/in_use.lock acquired by nodename 29219@pr-trunk-fgz7f-2353921243
2019-10-02 15:49:38,198 [pool-77-thread-1] INFO  storage.RaftStorage (RaftStorage.java:format(84)) - Storage directory /workdir/hadoop-ozone/integration-test/target/test-dir/MiniOzoneClusterImpl-44e437f6-303a-4d8e-bbbb-3b42b5072b0e/datanode-5/data/ratis/3a1389e0-8e89-44aa-9f5e-3a1e180af420 has been successfully formatted.
2019-10-02 15:49:38,198 [pool-77-thread-1] INFO  ratis.ContainerStateMachine (ContainerStateMachine.java:loadSnapshot(231)) - group-3A1E180AF420: The snapshot info is null. Setting the last applied indexto:(t:0, i:~)
2019-10-02 15:49:38,198 [pool-77-thread-1] INFO  server.RaftServerConfigKeys (ConfUtils.java:logGet(43)) - raft.server.notification.no-leader.timeout = 120s (custom)
2019-10-02 15:49:38,198 [pool-77-thread-1] INFO  server.RaftServerConfigKeys (ConfUtils.java:logGet(43)) - raft.server.log.use.memory = false (default)
2019-10-02 15:49:38,199 [pool-77-thread-1] INFO  server.RaftServerConfigKeys (ConfUtils.java:logGet(43)) - raft.server.log.purge.gap = 1000000 (custom)
2019-10-02 15:49:38,199 [pool-77-thread-1] INFO  server.RaftServerConfigKeys (ConfUtils.java:logGet(43)) - raft.server.log.appender.buffer.byte-limit = 33554432 (custom)
2019-10-02 15:49:38,199 [pool-77-thread-1] INFO  server.RaftServerConfigKeys (ConfUtils.java:logGet(43)) - raft.server.log.segment.size.max = 1048576 (custom)
2019-10-02 15:49:38,202 [pool-77-thread-1] INFO  server.RaftServerConfigKeys (ConfUtils.java:logGet(43)) - raft.server.log.segment.cache.num.max = 2 (custom)
2019-10-02 15:49:38,202 [pool-77-thread-1] INFO  segmented.SegmentedRaftLogWorker (SegmentedRaftLogWorker.java:<init>(173)) - new 00536315-28b4-4855-8f66-2c5dd80a276a@group-3A1E180AF420-SegmentedRaftLogWorker for RaftStorage:Storage Directory /workdir/hadoop-ozone/integration-test/target/test-dir/MiniOzoneClusterImpl-44e437f6-303a-4d8e-bbbb-3b42b5072b0e/datanode-5/data/ratis/3a1389e0-8e89-44aa-9f5e-3a1e180af420
2019-10-02 15:49:38,203 [pool-77-thread-1] INFO  server.RaftServerConfigKeys (ConfUtils.java:logGet(43)) - raft.server.log.queue.byte-limit = 2147483647 (custom)
2019-10-02 15:49:38,203 [pool-77-thread-1] INFO  server.RaftServerConfigKeys (ConfUtils.java:logGet(43)) - raft.server.log.queue.element-limit = 1024 (custom)
2019-10-02 15:49:38,203 [pool-77-thread-1] INFO  server.RaftServerConfigKeys (ConfUtils.java:logGet(43)) - raft.server.log.segment.size.max = 1048576 (custom)
2019-10-02 15:49:38,203 [pool-77-thread-1] INFO  server.RaftServerConfigKeys (ConfUtils.java:logGet(43)) - raft.server.log.preallocated.size = 16384 (custom)
2019-10-02 15:49:38,203 [pool-77-thread-1] INFO  server.RaftServerConfigKeys (ConfUtils.java:logGet(43)) - raft.server.log.write.buffer.size = 33554432 (custom)
2019-10-02 15:49:38,204 [pool-77-thread-1] INFO  server.RaftServerConfigKeys (ConfUtils.java:logGet(43)) - raft.server.log.force.sync.num = 128 (default)
2019-10-02 15:49:38,204 [pool-77-thread-1] INFO  server.RaftServerConfigKeys (ConfUtils.java:logGet(43)) - raft.server.log.statemachine.data.sync = true (default)
2019-10-02 15:49:38,204 [pool-77-thread-1] INFO  server.RaftServerConfigKeys (ConfUtils.java:logGet(43)) - raft.server.log.statemachine.data.sync.timeout = 10s (default)
2019-10-02 15:49:38,204 [pool-77-thread-1] INFO  server.RaftServerConfigKeys (ConfUtils.java:logGet(43)) - raft.server.log.statemachine.data.sync.timeout.retry = -1 (default)
2019-10-02 15:49:38,205 [pool-77-thread-1] INFO  server.RaftServerConfigKeys (ConfUtils.java:logGet(43)) - raft.server.log.statemachine.data.caching.enabled = true (custom)
2019-10-02 15:49:38,206 [pool-77-thread-1] INFO  segmented.SegmentedRaftLogWorker (SegmentedRaftLogWorker.java:lambda$new$0(128)) - 00536315-28b4-4855-8f66-2c5dd80a276a@group-3A1E180AF420-SegmentedRaftLogWorker: flushIndex: setUnconditionally 0 -> -1
2019-10-02 15:49:38,206 [pool-77-thread-1] INFO  server.RaftServerConfigKeys (ConfUtils.java:logGet(43)) - raft.server.snapshot.auto.trigger.enabled = true (custom)
2019-10-02 15:49:38,206 [pool-77-thread-1] INFO  server.RaftServerConfigKeys (ConfUtils.java:logGet(43)) - raft.server.snapshot.auto.trigger.threshold = 10000 (custom)
2019-10-02 15:49:38,206 [pool-77-thread-1] INFO  server.RaftServerConfigKeys (ConfUtils.java:logGet(43)) - raft.server.snapshot.retention.file.num = 5 (custom)
2019-10-02 15:49:38,207 [pool-77-thread-1] INFO  server.RaftServerConfigKeys (ConfUtils.java:logGet(43)) - raft.server.retrycache.expirytime = 600000ms (custom)
2019-10-02 15:49:38,209 [pool-77-thread-1] INFO  impl.RaftServerImpl (RaftServerImpl.java:start(181)) - 00536315-28b4-4855-8f66-2c5dd80a276a@group-3A1E180AF420: start as a follower, conf=-1: [00536315-28b4-4855-8f66-2c5dd80a276a:192.168.151.72:45948], old=null
2019-10-02 15:49:38,210 [pool-77-thread-1] INFO  impl.RaftServerImpl (RaftServerImpl.java:setRole(170)) - 00536315-28b4-4855-8f66-2c5dd80a276a@group-3A1E180AF420: changes role from      null to FOLLOWER at term 0 for startAsFollower
2019-10-02 15:49:38,210 [pool-77-thread-1] INFO  impl.RoleInfo (RoleInfo.java:updateAndGet(143)) - 00536315-28b4-4855-8f66-2c5dd80a276a: start FollowerState
2019-10-02 15:49:38,210 [pool-77-thread-1] INFO  util.JmxRegister (JmxRegister.java:tryRegister(44)) - Successfully registered JMX Bean with object name Ratis:service=RaftServer,group=group-3A1E180AF420,id=00536315-28b4-4855-8f66-2c5dd80a276a
2019-10-02 15:49:38,232 [RatisPipelineUtilsThread] INFO  pipeline.PipelineStateManager (PipelineStateManager.java:addPipeline(56)) - Created pipeline Pipeline[ Id: 3a1389e0-8e89-44aa-9f5e-3a1e180af420, Nodes: 00536315-28b4-4855-8f66-2c5dd80a276a{ip: 192.168.151.72, host: pr-trunk-fgz7f-2353921243, networkLocation: /default-rack, certSerialId: null}, Type:RATIS, Factor:ONE, State:OPEN]
2019-10-02 15:49:38,269 [grpc-default-executor-2] INFO  impl.RaftServerProxy (RaftServerProxy.java:addNew(89)) - e1085188-920c-47f7-886f-c98137f30542: addNew group-81257F7736E1:[3ae5aee2-2358-49e6-9004-20fc57714669:192.168.151.72:42197, e1085188-920c-47f7-886f-c98137f30542:192.168.151.72:45532, ced45e13-3c9a-48b2-a28a-774edb50765e:192.168.151.72:42645] returns group-81257F7736E1:java.util.concurrent.CompletableFuture@11a2ee49[Not completed]
2019-10-02 15:49:38,269 [grpc-default-executor-1] INFO  impl.RaftServerProxy (RaftServerProxy.java:addNew(89)) - 3ae5aee2-2358-49e6-9004-20fc57714669: addNew group-81257F7736E1:[3ae5aee2-2358-49e6-9004-20fc57714669:192.168.151.72:42197, e1085188-920c-47f7-886f-c98137f30542:192.168.151.72:45532, ced45e13-3c9a-48b2-a28a-774edb50765e:192.168.151.72:42645] returns group-81257F7736E1:java.util.concurrent.CompletableFuture@4d23c5b6[Not completed]
2019-10-02 15:49:38,269 [grpc-default-executor-0] INFO  impl.RaftServerProxy (RaftServerProxy.java:addNew(89)) - ced45e13-3c9a-48b2-a28a-774edb50765e: addNew group-81257F7736E1:[3ae5aee2-2358-49e6-9004-20fc57714669:192.168.151.72:42197, e1085188-920c-47f7-886f-c98137f30542:192.168.151.72:45532, ced45e13-3c9a-48b2-a28a-774edb50765e:192.168.151.72:42645] returns group-81257F7736E1:java.util.concurrent.CompletableFuture@21449962[Not completed]
2019-10-02 15:49:38,271 [pool-37-thread-1] INFO  impl.RaftServerImpl (RaftServerImpl.java:<init>(95)) - 3ae5aee2-2358-49e6-9004-20fc57714669: new RaftServerImpl for group-81257F7736E1:[3ae5aee2-2358-49e6-9004-20fc57714669:192.168.151.72:42197, e1085188-920c-47f7-886f-c98137f30542:192.168.151.72:45532, ced45e13-3c9a-48b2-a28a-774edb50765e:192.168.151.72:42645] with ContainerStateMachine:uninitialized
2019-10-02 15:49:38,272 [pool-37-thread-1] INFO  server.RaftServerConfigKeys (ConfUtils.java:logGet(43)) - raft.server.rpc.timeout.min = 5s (custom)
2019-10-02 15:49:38,272 [pool-37-thread-1] INFO  server.RaftServerConfigKeys (ConfUtils.java:logGet(43)) - raft.server.rpc.timeout.max = 5200ms (custom)
2019-10-02 15:49:38,272 [pool-37-thread-1] INFO  server.RaftServerConfigKeys (ConfUtils.java:logGet(43)) - raft.server.rpcslowness.timeout = 120s (custom)
2019-10-02 15:49:38,272 [pool-37-thread-1] INFO  server.RaftServerConfigKeys (ConfUtils.java:logGet(43)) - raft.server.sleep.deviation.threshold = 300 (default)
2019-10-02 15:49:38,272 [pool-37-thread-1] INFO  server.RaftServerConfigKeys (ConfUtils.java:logGet(43)) - raft.server.log.appender.install.snapshot.enabled = false (custom)
2019-10-02 15:49:38,272 [pool-37-thread-1] INFO  impl.RaftServerImpl (ServerState.java:<init>(103)) - 3ae5aee2-2358-49e6-9004-20fc57714669@group-81257F7736E1: ConfigurationManager, init=-1: [3ae5aee2-2358-49e6-9004-20fc57714669:192.168.151.72:42197, e1085188-920c-47f7-886f-c98137f30542:192.168.151.72:45532, ced45e13-3c9a-48b2-a28a-774edb50765e:192.168.151.72:42645], old=null, confs=<EMPTY_MAP>
2019-10-02 15:49:38,272 [pool-87-thread-1] INFO  impl.RaftServerImpl (RaftServerImpl.java:<init>(95)) - ced45e13-3c9a-48b2-a28a-774edb50765e: new RaftServerImpl for group-81257F7736E1:[3ae5aee2-2358-49e6-9004-20fc57714669:192.168.151.72:42197, e1085188-920c-47f7-886f-c98137f30542:192.168.151.72:45532, ced45e13-3c9a-48b2-a28a-774edb50765e:192.168.151.72:42645] with ContainerStateMachine:uninitialized
2019-10-02 15:49:38,273 [pool-37-thread-1] INFO  server.RaftServerConfigKeys (ConfUtils.java:logGet(43)) - raft.server.storage.dir = [/workdir/hadoop-ozone/integration-test/target/test-dir/MiniOzoneClusterImpl-44e437f6-303a-4d8e-bbbb-3b42b5072b0e/datanode-1/data/ratis] (custom)
2019-10-02 15:49:38,273 [pool-87-thread-1] INFO  server.RaftServerConfigKeys (ConfUtils.java:logGet(43)) - raft.server.rpc.timeout.min = 5s (custom)
2019-10-02 15:49:38,273 [pool-87-thread-1] INFO  server.RaftServerConfigKeys (ConfUtils.java:logGet(43)) - raft.server.rpc.timeout.max = 5200ms (custom)
2019-10-02 15:49:38,273 [pool-37-thread-1] INFO  server.RaftServerConfigKeys (ConfUtils.java:logGet(43)) - raft.server.log.corruption.policy = EXCEPTION (default)
2019-10-02 15:49:38,273 [pool-87-thread-1] INFO  server.RaftServerConfigKeys (ConfUtils.java:logGet(43)) - raft.server.rpcslowness.timeout = 120s (custom)
2019-10-02 15:49:38,274 [pool-37-thread-1] INFO  storage.RaftStorageDirectory (RaftStorageDirectory.java:analyzeStorage(246)) - The storage directory /workdir/hadoop-ozone/integration-test/target/test-dir/MiniOzoneClusterImpl-44e437f6-303a-4d8e-bbbb-3b42b5072b0e/datanode-1/data/ratis/0558ff1a-2dab-4e88-9370-81257f7736e1 does not exist. Creating ...
2019-10-02 15:49:38,274 [pool-87-thread-1] INFO  server.RaftServerConfigKeys (ConfUtils.java:logGet(43)) - raft.server.sleep.deviation.threshold = 300 (default)
2019-10-02 15:49:38,274 [pool-87-thread-1] INFO  server.RaftServerConfigKeys (ConfUtils.java:logGet(43)) - raft.server.log.appender.install.snapshot.enabled = false (custom)
2019-10-02 15:49:38,274 [pool-87-thread-1] INFO  impl.RaftServerImpl (ServerState.java:<init>(103)) - ced45e13-3c9a-48b2-a28a-774edb50765e@group-81257F7736E1: ConfigurationManager, init=-1: [3ae5aee2-2358-49e6-9004-20fc57714669:192.168.151.72:42197, e1085188-920c-47f7-886f-c98137f30542:192.168.151.72:45532, ced45e13-3c9a-48b2-a28a-774edb50765e:192.168.151.72:42645], old=null, confs=<EMPTY_MAP>
2019-10-02 15:49:38,274 [pool-57-thread-1] INFO  impl.RaftServerImpl (RaftServerImpl.java:<init>(95)) - e1085188-920c-47f7-886f-c98137f30542: new RaftServerImpl for group-81257F7736E1:[3ae5aee2-2358-49e6-9004-20fc57714669:192.168.151.72:42197, e1085188-920c-47f7-886f-c98137f30542:192.168.151.72:45532, ced45e13-3c9a-48b2-a28a-774edb50765e:192.168.151.72:42645] with ContainerStateMachine:uninitialized
2019-10-02 15:49:38,274 [pool-87-thread-1] INFO  server.RaftServerConfigKeys (ConfUtils.java:logGet(43)) - raft.server.storage.dir = [/workdir/hadoop-ozone/integration-test/target/test-dir/MiniOzoneClusterImpl-44e437f6-303a-4d8e-bbbb-3b42b5072b0e/datanode-6/data/ratis] (custom)
2019-10-02 15:49:38,275 [pool-57-thread-1] INFO  server.RaftServerConfigKeys (ConfUtils.java:logGet(43)) - raft.server.rpc.timeout.min = 5s (custom)
2019-10-02 15:49:38,275 [pool-87-thread-1] INFO  server.RaftServerConfigKeys (ConfUtils.java:logGet(43)) - raft.server.log.corruption.policy = EXCEPTION (default)
2019-10-02 15:49:38,275 [pool-57-thread-1] INFO  server.RaftServerConfigKeys (ConfUtils.java:logGet(43)) - raft.server.rpc.timeout.max = 5200ms (custom)
2019-10-02 15:49:38,275 [pool-87-thread-1] INFO  storage.RaftStorageDirectory (RaftStorageDirectory.java:analyzeStorage(246)) - The storage directory /workdir/hadoop-ozone/integration-test/target/test-dir/MiniOzoneClusterImpl-44e437f6-303a-4d8e-bbbb-3b42b5072b0e/datanode-6/data/ratis/0558ff1a-2dab-4e88-9370-81257f7736e1 does not exist. Creating ...
2019-10-02 15:49:38,275 [pool-57-thread-1] INFO  server.RaftServerConfigKeys (ConfUtils.java:logGet(43)) - raft.server.rpcslowness.timeout = 120s (custom)
2019-10-02 15:49:38,275 [pool-57-thread-1] INFO  server.RaftServerConfigKeys (ConfUtils.java:logGet(43)) - raft.server.sleep.deviation.threshold = 300 (default)
2019-10-02 15:49:38,276 [pool-57-thread-1] INFO  server.RaftServerConfigKeys (ConfUtils.java:logGet(43)) - raft.server.log.appender.install.snapshot.enabled = false (custom)
2019-10-02 15:49:38,276 [pool-57-thread-1] INFO  impl.RaftServerImpl (ServerState.java:<init>(103)) - e1085188-920c-47f7-886f-c98137f30542@group-81257F7736E1: ConfigurationManager, init=-1: [3ae5aee2-2358-49e6-9004-20fc57714669:192.168.151.72:42197, e1085188-920c-47f7-886f-c98137f30542:192.168.151.72:45532, ced45e13-3c9a-48b2-a28a-774edb50765e:192.168.151.72:42645], old=null, confs=<EMPTY_MAP>
2019-10-02 15:49:38,276 [pool-57-thread-1] INFO  server.RaftServerConfigKeys (ConfUtils.java:logGet(43)) - raft.server.storage.dir = [/workdir/hadoop-ozone/integration-test/target/test-dir/MiniOzoneClusterImpl-44e437f6-303a-4d8e-bbbb-3b42b5072b0e/datanode-3/data/ratis] (custom)
2019-10-02 15:49:38,277 [pool-57-thread-1] INFO  server.RaftServerConfigKeys (ConfUtils.java:logGet(43)) - raft.server.log.corruption.policy = EXCEPTION (default)
2019-10-02 15:49:38,277 [pool-57-thread-1] INFO  storage.RaftStorageDirectory (RaftStorageDirectory.java:analyzeStorage(246)) - The storage directory /workdir/hadoop-ozone/integration-test/target/test-dir/MiniOzoneClusterImpl-44e437f6-303a-4d8e-bbbb-3b42b5072b0e/datanode-3/data/ratis/0558ff1a-2dab-4e88-9370-81257f7736e1 does not exist. Creating ...
2019-10-02 15:49:38,300 [pool-57-thread-1] INFO  storage.RaftStorageDirectory (RaftStorageDirectory.java:tryLock(328)) - Lock on /workdir/hadoop-ozone/integration-test/target/test-dir/MiniOzoneClusterImpl-44e437f6-303a-4d8e-bbbb-3b42b5072b0e/datanode-3/data/ratis/0558ff1a-2dab-4e88-9370-81257f7736e1/in_use.lock acquired by nodename 29219@pr-trunk-fgz7f-2353921243
2019-10-02 15:49:38,300 [pool-37-thread-1] INFO  storage.RaftStorageDirectory (RaftStorageDirectory.java:tryLock(328)) - Lock on /workdir/hadoop-ozone/integration-test/target/test-dir/MiniOzoneClusterImpl-44e437f6-303a-4d8e-bbbb-3b42b5072b0e/datanode-1/data/ratis/0558ff1a-2dab-4e88-9370-81257f7736e1/in_use.lock acquired by nodename 29219@pr-trunk-fgz7f-2353921243
2019-10-02 15:49:38,300 [pool-87-thread-1] INFO  storage.RaftStorageDirectory (RaftStorageDirectory.java:tryLock(328)) - Lock on /workdir/hadoop-ozone/integration-test/target/test-dir/MiniOzoneClusterImpl-44e437f6-303a-4d8e-bbbb-3b42b5072b0e/datanode-6/data/ratis/0558ff1a-2dab-4e88-9370-81257f7736e1/in_use.lock acquired by nodename 29219@pr-trunk-fgz7f-2353921243
2019-10-02 15:49:38,315 [pool-57-thread-1] INFO  storage.RaftStorage (RaftStorage.java:format(84)) - Storage directory /workdir/hadoop-ozone/integration-test/target/test-dir/MiniOzoneClusterImpl-44e437f6-303a-4d8e-bbbb-3b42b5072b0e/datanode-3/data/ratis/0558ff1a-2dab-4e88-9370-81257f7736e1 has been successfully formatted.
2019-10-02 15:49:38,315 [pool-87-thread-1] INFO  storage.RaftStorage (RaftStorage.java:format(84)) - Storage directory /workdir/hadoop-ozone/integration-test/target/test-dir/MiniOzoneClusterImpl-44e437f6-303a-4d8e-bbbb-3b42b5072b0e/datanode-6/data/ratis/0558ff1a-2dab-4e88-9370-81257f7736e1 has been successfully formatted.
2019-10-02 15:49:38,315 [pool-37-thread-1] INFO  storage.RaftStorage (RaftStorage.java:format(84)) - Storage directory /workdir/hadoop-ozone/integration-test/target/test-dir/MiniOzoneClusterImpl-44e437f6-303a-4d8e-bbbb-3b42b5072b0e/datanode-1/data/ratis/0558ff1a-2dab-4e88-9370-81257f7736e1 has been successfully formatted.
2019-10-02 15:49:38,315 [pool-57-thread-1] INFO  ratis.ContainerStateMachine (ContainerStateMachine.java:loadSnapshot(231)) - group-81257F7736E1: The snapshot info is null. Setting the last applied indexto:(t:0, i:~)
2019-10-02 15:49:38,315 [pool-87-thread-1] INFO  ratis.ContainerStateMachine (ContainerStateMachine.java:loadSnapshot(231)) - group-81257F7736E1: The snapshot info is null. Setting the last applied indexto:(t:0, i:~)
2019-10-02 15:49:38,315 [pool-57-thread-1] INFO  server.RaftServerConfigKeys (ConfUtils.java:logGet(43)) - raft.server.notification.no-leader.timeout = 120s (custom)
2019-10-02 15:49:38,315 [pool-37-thread-1] INFO  ratis.ContainerStateMachine (ContainerStateMachine.java:loadSnapshot(231)) - group-81257F7736E1: The snapshot info is null. Setting the last applied indexto:(t:0, i:~)
2019-10-02 15:49:38,316 [pool-57-thread-1] INFO  server.RaftServerConfigKeys (ConfUtils.java:logGet(43)) - raft.server.log.use.memory = false (default)
2019-10-02 15:49:38,316 [pool-87-thread-1] INFO  server.RaftServerConfigKeys (ConfUtils.java:logGet(43)) - raft.server.notification.no-leader.timeout = 120s (custom)
2019-10-02 15:49:38,316 [pool-57-thread-1] INFO  server.RaftServerConfigKeys (ConfUtils.java:logGet(43)) - raft.server.log.purge.gap = 1000000 (custom)
2019-10-02 15:49:38,316 [pool-37-thread-1] INFO  server.RaftServerConfigKeys (ConfUtils.java:logGet(43)) - raft.server.notification.no-leader.timeout = 120s (custom)
2019-10-02 15:49:38,316 [pool-57-thread-1] INFO  server.RaftServerConfigKeys (ConfUtils.java:logGet(43)) - raft.server.log.appender.buffer.byte-limit = 33554432 (custom)
2019-10-02 15:49:38,316 [pool-87-thread-1] INFO  server.RaftServerConfigKeys (ConfUtils.java:logGet(43)) - raft.server.log.use.memory = false (default)
2019-10-02 15:49:38,319 [pool-57-thread-1] INFO  server.RaftServerConfigKeys (ConfUtils.java:logGet(43)) - raft.server.log.segment.size.max = 1048576 (custom)
2019-10-02 15:49:38,317 [pool-37-thread-1] INFO  server.RaftServerConfigKeys (ConfUtils.java:logGet(43)) - raft.server.log.use.memory = false (default)
2019-10-02 15:49:38,319 [pool-57-thread-1] INFO  server.RaftServerConfigKeys (ConfUtils.java:logGet(43)) - raft.server.log.segment.cache.num.max = 2 (custom)
2019-10-02 15:49:38,319 [pool-87-thread-1] INFO  server.RaftServerConfigKeys (ConfUtils.java:logGet(43)) - raft.server.log.purge.gap = 1000000 (custom)
2019-10-02 15:49:38,319 [pool-57-thread-1] INFO  segmented.SegmentedRaftLogWorker (SegmentedRaftLogWorker.java:<init>(173)) - new e1085188-920c-47f7-886f-c98137f30542@group-81257F7736E1-SegmentedRaftLogWorker for RaftStorage:Storage Directory /workdir/hadoop-ozone/integration-test/target/test-dir/MiniOzoneClusterImpl-44e437f6-303a-4d8e-bbbb-3b42b5072b0e/datanode-3/data/ratis/0558ff1a-2dab-4e88-9370-81257f7736e1
2019-10-02 15:49:38,319 [pool-37-thread-1] INFO  server.RaftServerConfigKeys (ConfUtils.java:logGet(43)) - raft.server.log.purge.gap = 1000000 (custom)
2019-10-02 15:49:38,320 [pool-57-thread-1] INFO  server.RaftServerConfigKeys (ConfUtils.java:logGet(43)) - raft.server.log.queue.byte-limit = 2147483647 (custom)
2019-10-02 15:49:38,320 [pool-87-thread-1] INFO  server.RaftServerConfigKeys (ConfUtils.java:logGet(43)) - raft.server.log.appender.buffer.byte-limit = 33554432 (custom)
2019-10-02 15:49:38,320 [pool-57-thread-1] INFO  server.RaftServerConfigKeys (ConfUtils.java:logGet(43)) - raft.server.log.queue.element-limit = 1024 (custom)
2019-10-02 15:49:38,320 [pool-37-thread-1] INFO  server.RaftServerConfigKeys (ConfUtils.java:logGet(43)) - raft.server.log.appender.buffer.byte-limit = 33554432 (custom)
2019-10-02 15:49:38,321 [pool-57-thread-1] INFO  server.RaftServerConfigKeys (ConfUtils.java:logGet(43)) - raft.server.log.segment.size.max = 1048576 (custom)
2019-10-02 15:49:38,320 [pool-87-thread-1] INFO  server.RaftServerConfigKeys (ConfUtils.java:logGet(43)) - raft.server.log.segment.size.max = 1048576 (custom)
2019-10-02 15:49:38,321 [pool-57-thread-1] INFO  server.RaftServerConfigKeys (ConfUtils.java:logGet(43)) - raft.server.log.preallocated.size = 16384 (custom)
2019-10-02 15:49:38,321 [pool-37-thread-1] INFO  server.RaftServerConfigKeys (ConfUtils.java:logGet(43)) - raft.server.log.segment.size.max = 1048576 (custom)
2019-10-02 15:49:38,321 [pool-57-thread-1] INFO  server.RaftServerConfigKeys (ConfUtils.java:logGet(43)) - raft.server.log.write.buffer.size = 33554432 (custom)
2019-10-02 15:49:38,321 [pool-87-thread-1] INFO  server.RaftServerConfigKeys (ConfUtils.java:logGet(43)) - raft.server.log.segment.cache.num.max = 2 (custom)
2019-10-02 15:49:38,322 [pool-57-thread-1] INFO  server.RaftServerConfigKeys (ConfUtils.java:logGet(43)) - raft.server.log.force.sync.num = 128 (default)
2019-10-02 15:49:38,322 [pool-37-thread-1] INFO  server.RaftServerConfigKeys (ConfUtils.java:logGet(43)) - raft.server.log.segment.cache.num.max = 2 (custom)
2019-10-02 15:49:38,322 [pool-57-thread-1] INFO  server.RaftServerConfigKeys (ConfUtils.java:logGet(43)) - raft.server.log.statemachine.data.sync = true (default)
2019-10-02 15:49:38,322 [pool-87-thread-1] INFO  segmented.SegmentedRaftLogWorker (SegmentedRaftLogWorker.java:<init>(173)) - new ced45e13-3c9a-48b2-a28a-774edb50765e@group-81257F7736E1-SegmentedRaftLogWorker for RaftStorage:Storage Directory /workdir/hadoop-ozone/integration-test/target/test-dir/MiniOzoneClusterImpl-44e437f6-303a-4d8e-bbbb-3b42b5072b0e/datanode-6/data/ratis/0558ff1a-2dab-4e88-9370-81257f7736e1
2019-10-02 15:49:38,322 [pool-57-thread-1] INFO  server.RaftServerConfigKeys (ConfUtils.java:logGet(43)) - raft.server.log.statemachine.data.sync.timeout = 10s (default)
2019-10-02 15:49:38,322 [pool-37-thread-1] INFO  segmented.SegmentedRaftLogWorker (SegmentedRaftLogWorker.java:<init>(173)) - new 3ae5aee2-2358-49e6-9004-20fc57714669@group-81257F7736E1-SegmentedRaftLogWorker for RaftStorage:Storage Directory /workdir/hadoop-ozone/integration-test/target/test-dir/MiniOzoneClusterImpl-44e437f6-303a-4d8e-bbbb-3b42b5072b0e/datanode-1/data/ratis/0558ff1a-2dab-4e88-9370-81257f7736e1
2019-10-02 15:49:38,323 [pool-57-thread-1] INFO  server.RaftServerConfigKeys (ConfUtils.java:logGet(43)) - raft.server.log.statemachine.data.sync.timeout.retry = -1 (default)
2019-10-02 15:49:38,323 [pool-87-thread-1] INFO  server.RaftServerConfigKeys (ConfUtils.java:logGet(43)) - raft.server.log.queue.byte-limit = 2147483647 (custom)
2019-10-02 15:49:38,323 [pool-37-thread-1] INFO  server.RaftServerConfigKeys (ConfUtils.java:logGet(43)) - raft.server.log.queue.byte-limit = 2147483647 (custom)
2019-10-02 15:49:38,323 [pool-87-thread-1] INFO  server.RaftServerConfigKeys (ConfUtils.java:logGet(43)) - raft.server.log.queue.element-limit = 1024 (custom)
2019-10-02 15:49:38,323 [pool-57-thread-1] INFO  server.RaftServerConfigKeys (ConfUtils.java:logGet(43)) - raft.server.log.statemachine.data.caching.enabled = true (custom)
2019-10-02 15:49:38,324 [pool-87-thread-1] INFO  server.RaftServerConfigKeys (ConfUtils.java:logGet(43)) - raft.server.log.segment.size.max = 1048576 (custom)
2019-10-02 15:49:38,323 [pool-37-thread-1] INFO  server.RaftServerConfigKeys (ConfUtils.java:logGet(43)) - raft.server.log.queue.element-limit = 1024 (custom)
2019-10-02 15:49:38,324 [pool-57-thread-1] INFO  segmented.SegmentedRaftLogWorker (SegmentedRaftLogWorker.java:lambda$new$0(128)) - e1085188-920c-47f7-886f-c98137f30542@group-81257F7736E1-SegmentedRaftLogWorker: flushIndex: setUnconditionally 0 -> -1
2019-10-02 15:49:38,324 [pool-87-thread-1] INFO  server.RaftServerConfigKeys (ConfUtils.java:logGet(43)) - raft.server.log.preallocated.size = 16384 (custom)
2019-10-02 15:49:38,324 [pool-37-thread-1] INFO  server.RaftServerConfigKeys (ConfUtils.java:logGet(43)) - raft.server.log.segment.size.max = 1048576 (custom)
2019-10-02 15:49:38,325 [pool-57-thread-1] INFO  server.RaftServerConfigKeys (ConfUtils.java:logGet(43)) - raft.server.snapshot.auto.trigger.enabled = true (custom)
2019-10-02 15:49:38,324 [pool-87-thread-1] INFO  server.RaftServerConfigKeys (ConfUtils.java:logGet(43)) - raft.server.log.write.buffer.size = 33554432 (custom)
2019-10-02 15:49:38,325 [pool-57-thread-1] INFO  server.RaftServerConfigKeys (ConfUtils.java:logGet(43)) - raft.server.snapshot.auto.trigger.threshold = 10000 (custom)
2019-10-02 15:49:38,325 [pool-57-thread-1] INFO  server.RaftServerConfigKeys (ConfUtils.java:logGet(43)) - raft.server.snapshot.retention.file.num = 5 (custom)
2019-10-02 15:49:38,325 [pool-37-thread-1] INFO  server.RaftServerConfigKeys (ConfUtils.java:logGet(43)) - raft.server.log.preallocated.size = 16384 (custom)
2019-10-02 15:49:38,325 [pool-57-thread-1] INFO  server.RaftServerConfigKeys (ConfUtils.java:logGet(43)) - raft.server.retrycache.expirytime = 600000ms (custom)
2019-10-02 15:49:38,325 [pool-87-thread-1] INFO  server.RaftServerConfigKeys (ConfUtils.java:logGet(43)) - raft.server.log.force.sync.num = 128 (default)
2019-10-02 15:49:38,326 [pool-37-thread-1] INFO  server.RaftServerConfigKeys (ConfUtils.java:logGet(43)) - raft.server.log.write.buffer.size = 33554432 (custom)
2019-10-02 15:49:38,326 [pool-87-thread-1] INFO  server.RaftServerConfigKeys (ConfUtils.java:logGet(43)) - raft.server.log.statemachine.data.sync = true (default)
2019-10-02 15:49:38,326 [pool-37-thread-1] INFO  server.RaftServerConfigKeys (ConfUtils.java:logGet(43)) - raft.server.log.force.sync.num = 128 (default)
2019-10-02 15:49:38,326 [pool-87-thread-1] INFO  server.RaftServerConfigKeys (ConfUtils.java:logGet(43)) - raft.server.log.statemachine.data.sync.timeout = 10s (default)
2019-10-02 15:49:38,327 [pool-37-thread-1] INFO  server.RaftServerConfigKeys (ConfUtils.java:logGet(43)) - raft.server.log.statemachine.data.sync = true (default)
2019-10-02 15:49:38,327 [pool-87-thread-1] INFO  server.RaftServerConfigKeys (ConfUtils.java:logGet(43)) - raft.server.log.statemachine.data.sync.timeout.retry = -1 (default)
2019-10-02 15:49:38,327 [pool-37-thread-1] INFO  server.RaftServerConfigKeys (ConfUtils.java:logGet(43)) - raft.server.log.statemachine.data.sync.timeout = 10s (default)
2019-10-02 15:49:38,327 [pool-87-thread-1] INFO  server.RaftServerConfigKeys (ConfUtils.java:logGet(43)) - raft.server.log.statemachine.data.caching.enabled = true (custom)
2019-10-02 15:49:38,327 [pool-37-thread-1] INFO  server.RaftServerConfigKeys (ConfUtils.java:logGet(43)) - raft.server.log.statemachine.data.sync.timeout.retry = -1 (default)
2019-10-02 15:49:38,328 [pool-87-thread-1] INFO  segmented.SegmentedRaftLogWorker (SegmentedRaftLogWorker.java:lambda$new$0(128)) - ced45e13-3c9a-48b2-a28a-774edb50765e@group-81257F7736E1-SegmentedRaftLogWorker: flushIndex: setUnconditionally 0 -> -1
2019-10-02 15:49:38,328 [pool-37-thread-1] INFO  server.RaftServerConfigKeys (ConfUtils.java:logGet(43)) - raft.server.log.statemachine.data.caching.enabled = true (custom)
2019-10-02 15:49:38,328 [pool-87-thread-1] INFO  server.RaftServerConfigKeys (ConfUtils.java:logGet(43)) - raft.server.snapshot.auto.trigger.enabled = true (custom)
2019-10-02 15:49:38,328 [pool-37-thread-1] INFO  segmented.SegmentedRaftLogWorker (SegmentedRaftLogWorker.java:lambda$new$0(128)) - 3ae5aee2-2358-49e6-9004-20fc57714669@group-81257F7736E1-SegmentedRaftLogWorker: flushIndex: setUnconditionally 0 -> -1
2019-10-02 15:49:38,328 [pool-87-thread-1] INFO  server.RaftServerConfigKeys (ConfUtils.java:logGet(43)) - raft.server.snapshot.auto.trigger.threshold = 10000 (custom)
2019-10-02 15:49:38,329 [pool-87-thread-1] INFO  server.RaftServerConfigKeys (ConfUtils.java:logGet(43)) - raft.server.snapshot.retention.file.num = 5 (custom)
2019-10-02 15:49:38,329 [pool-37-thread-1] INFO  server.RaftServerConfigKeys (ConfUtils.java:logGet(43)) - raft.server.snapshot.auto.trigger.enabled = true (custom)
2019-10-02 15:49:38,329 [pool-87-thread-1] INFO  server.RaftServerConfigKeys (ConfUtils.java:logGet(43)) - raft.server.retrycache.expirytime = 600000ms (custom)
2019-10-02 15:49:38,329 [pool-37-thread-1] INFO  server.RaftServerConfigKeys (ConfUtils.java:logGet(43)) - raft.server.snapshot.auto.trigger.threshold = 10000 (custom)
2019-10-02 15:49:38,329 [pool-57-thread-1] INFO  impl.RaftServerImpl (RaftServerImpl.java:start(181)) - e1085188-920c-47f7-886f-c98137f30542@group-81257F7736E1: start as a follower, conf=-1: [3ae5aee2-2358-49e6-9004-20fc57714669:192.168.151.72:42197, e1085188-920c-47f7-886f-c98137f30542:192.168.151.72:45532, ced45e13-3c9a-48b2-a28a-774edb50765e:192.168.151.72:42645], old=null
2019-10-02 15:49:38,329 [pool-37-thread-1] INFO  server.RaftServerConfigKeys (ConfUtils.java:logGet(43)) - raft.server.snapshot.retention.file.num = 5 (custom)
2019-10-02 15:49:38,329 [pool-57-thread-1] INFO  impl.RaftServerImpl (RaftServerImpl.java:setRole(170)) - e1085188-920c-47f7-886f-c98137f30542@group-81257F7736E1: changes role from      null to FOLLOWER at term 0 for startAsFollower
2019-10-02 15:49:38,330 [pool-37-thread-1] INFO  server.RaftServerConfigKeys (ConfUtils.java:logGet(43)) - raft.server.retrycache.expirytime = 600000ms (custom)
2019-10-02 15:49:38,330 [pool-57-thread-1] INFO  impl.RoleInfo (RoleInfo.java:updateAndGet(143)) - e1085188-920c-47f7-886f-c98137f30542: start FollowerState
2019-10-02 15:49:38,330 [pool-57-thread-1] INFO  util.JmxRegister (JmxRegister.java:tryRegister(44)) - Successfully registered JMX Bean with object name Ratis:service=RaftServer,group=group-81257F7736E1,id=e1085188-920c-47f7-886f-c98137f30542
2019-10-02 15:49:38,341 [pool-87-thread-1] INFO  impl.RaftServerImpl (RaftServerImpl.java:start(181)) - ced45e13-3c9a-48b2-a28a-774edb50765e@group-81257F7736E1: start as a follower, conf=-1: [3ae5aee2-2358-49e6-9004-20fc57714669:192.168.151.72:42197, e1085188-920c-47f7-886f-c98137f30542:192.168.151.72:45532, ced45e13-3c9a-48b2-a28a-774edb50765e:192.168.151.72:42645], old=null
2019-10-02 15:49:38,342 [pool-87-thread-1] INFO  impl.RaftServerImpl (RaftServerImpl.java:setRole(170)) - ced45e13-3c9a-48b2-a28a-774edb50765e@group-81257F7736E1: changes role from      null to FOLLOWER at term 0 for startAsFollower
2019-10-02 15:49:38,342 [pool-87-thread-1] INFO  impl.RoleInfo (RoleInfo.java:updateAndGet(143)) - ced45e13-3c9a-48b2-a28a-774edb50765e: start FollowerState
2019-10-02 15:49:38,342 [pool-87-thread-1] INFO  util.JmxRegister (JmxRegister.java:tryRegister(44)) - Successfully registered JMX Bean with object name Ratis:service=RaftServer,group=group-81257F7736E1,id=ced45e13-3c9a-48b2-a28a-774edb50765e
2019-10-02 15:49:38,343 [pool-37-thread-1] INFO  impl.RaftServerImpl (RaftServerImpl.java:start(181)) - 3ae5aee2-2358-49e6-9004-20fc57714669@group-81257F7736E1: start as a follower, conf=-1: [3ae5aee2-2358-49e6-9004-20fc57714669:192.168.151.72:42197, e1085188-920c-47f7-886f-c98137f30542:192.168.151.72:45532, ced45e13-3c9a-48b2-a28a-774edb50765e:192.168.151.72:42645], old=null
2019-10-02 15:49:38,343 [pool-37-thread-1] INFO  impl.RaftServerImpl (RaftServerImpl.java:setRole(170)) - 3ae5aee2-2358-49e6-9004-20fc57714669@group-81257F7736E1: changes role from      null to FOLLOWER at term 0 for startAsFollower
2019-10-02 15:49:38,343 [pool-37-thread-1] INFO  impl.RoleInfo (RoleInfo.java:updateAndGet(143)) - 3ae5aee2-2358-49e6-9004-20fc57714669: start FollowerState
2019-10-02 15:49:38,344 [pool-37-thread-1] INFO  util.JmxRegister (JmxRegister.java:tryRegister(44)) - Successfully registered JMX Bean with object name Ratis:service=RaftServer,group=group-81257F7736E1,id=3ae5aee2-2358-49e6-9004-20fc57714669
2019-10-02 15:49:38,378 [RatisPipelineUtilsThread] INFO  pipeline.PipelineStateManager (PipelineStateManager.java:addPipeline(56)) - Created pipeline Pipeline[ Id: 0558ff1a-2dab-4e88-9370-81257f7736e1, Nodes: e1085188-920c-47f7-886f-c98137f30542{ip: 192.168.151.72, host: pr-trunk-fgz7f-2353921243, networkLocation: /default-rack, certSerialId: null}ced45e13-3c9a-48b2-a28a-774edb50765e{ip: 192.168.151.72, host: pr-trunk-fgz7f-2353921243, networkLocation: /default-rack, certSerialId: null}3ae5aee2-2358-49e6-9004-20fc57714669{ip: 192.168.151.72, host: pr-trunk-fgz7f-2353921243, networkLocation: /default-rack, certSerialId: null}, Type:RATIS, Factor:THREE, State:OPEN]
2019-10-02 15:49:38,409 [grpc-default-executor-0] INFO  impl.RaftServerProxy (RaftServerProxy.java:addNew(89)) - 9fe0589a-8026-4bfa-86ce-9d2b75bcfb63: addNew group-D05B49CF66A4:[88c51ebc-146a-419a-a6d2-c7973a662df3:192.168.151.72:41745, 9fe0589a-8026-4bfa-86ce-9d2b75bcfb63:192.168.151.72:45509, 00536315-28b4-4855-8f66-2c5dd80a276a:192.168.151.72:45948] returns group-D05B49CF66A4:java.util.concurrent.CompletableFuture@5a7688c5[Not completed]
2019-10-02 15:49:38,413 [grpc-default-executor-1] INFO  impl.RaftServerProxy (RaftServerProxy.java:addNew(89)) - 00536315-28b4-4855-8f66-2c5dd80a276a: addNew group-D05B49CF66A4:[88c51ebc-146a-419a-a6d2-c7973a662df3:192.168.151.72:41745, 9fe0589a-8026-4bfa-86ce-9d2b75bcfb63:192.168.151.72:45509, 00536315-28b4-4855-8f66-2c5dd80a276a:192.168.151.72:45948] returns group-D05B49CF66A4:java.util.concurrent.CompletableFuture@c1ecf8d[Not completed]
2019-10-02 15:49:38,415 [grpc-default-executor-0] INFO  impl.RaftServerProxy (RaftServerProxy.java:addNew(89)) - 88c51ebc-146a-419a-a6d2-c7973a662df3: addNew group-D05B49CF66A4:[88c51ebc-146a-419a-a6d2-c7973a662df3:192.168.151.72:41745, 9fe0589a-8026-4bfa-86ce-9d2b75bcfb63:192.168.151.72:45509, 00536315-28b4-4855-8f66-2c5dd80a276a:192.168.151.72:45948] returns group-D05B49CF66A4:java.util.concurrent.CompletableFuture@5b63f896[Not completed]
2019-10-02 15:49:38,416 [pool-67-thread-1] INFO  impl.RaftServerImpl (RaftServerImpl.java:<init>(95)) - 9fe0589a-8026-4bfa-86ce-9d2b75bcfb63: new RaftServerImpl for group-D05B49CF66A4:[88c51ebc-146a-419a-a6d2-c7973a662df3:192.168.151.72:41745, 9fe0589a-8026-4bfa-86ce-9d2b75bcfb63:192.168.151.72:45509, 00536315-28b4-4855-8f66-2c5dd80a276a:192.168.151.72:45948] with ContainerStateMachine:uninitialized
2019-10-02 15:49:38,416 [pool-67-thread-1] INFO  server.RaftServerConfigKeys (ConfUtils.java:logGet(43)) - raft.server.rpc.timeout.min = 5s (custom)
2019-10-02 15:49:38,416 [pool-67-thread-1] INFO  server.RaftServerConfigKeys (ConfUtils.java:logGet(43)) - raft.server.rpc.timeout.max = 5200ms (custom)
2019-10-02 15:49:38,416 [pool-67-thread-1] INFO  server.RaftServerConfigKeys (ConfUtils.java:logGet(43)) - raft.server.rpcslowness.timeout = 120s (custom)
2019-10-02 15:49:38,417 [pool-67-thread-1] INFO  server.RaftServerConfigKeys (ConfUtils.java:logGet(43)) - raft.server.sleep.deviation.threshold = 300 (default)
2019-10-02 15:49:38,417 [pool-67-thread-1] INFO  server.RaftServerConfigKeys (ConfUtils.java:logGet(43)) - raft.server.log.appender.install.snapshot.enabled = false (custom)
2019-10-02 15:49:38,417 [pool-77-thread-1] INFO  impl.RaftServerImpl (RaftServerImpl.java:<init>(95)) - 00536315-28b4-4855-8f66-2c5dd80a276a: new RaftServerImpl for group-D05B49CF66A4:[88c51ebc-146a-419a-a6d2-c7973a662df3:192.168.151.72:41745, 9fe0589a-8026-4bfa-86ce-9d2b75bcfb63:192.168.151.72:45509, 00536315-28b4-4855-8f66-2c5dd80a276a:192.168.151.72:45948] with ContainerStateMachine:uninitialized
2019-10-02 15:49:38,417 [pool-67-thread-1] INFO  impl.RaftServerImpl (ServerState.java:<init>(103)) - 9fe0589a-8026-4bfa-86ce-9d2b75bcfb63@group-D05B49CF66A4: ConfigurationManager, init=-1: [88c51ebc-146a-419a-a6d2-c7973a662df3:192.168.151.72:41745, 9fe0589a-8026-4bfa-86ce-9d2b75bcfb63:192.168.151.72:45509, 00536315-28b4-4855-8f66-2c5dd80a276a:192.168.151.72:45948], old=null, confs=<EMPTY_MAP>
2019-10-02 15:49:38,417 [pool-77-thread-1] INFO  server.RaftServerConfigKeys (ConfUtils.java:logGet(43)) - raft.server.rpc.timeout.min = 5s (custom)
2019-10-02 15:49:38,417 [pool-67-thread-1] INFO  server.RaftServerConfigKeys (ConfUtils.java:logGet(43)) - raft.server.storage.dir = [/workdir/hadoop-ozone/integration-test/target/test-dir/MiniOzoneClusterImpl-44e437f6-303a-4d8e-bbbb-3b42b5072b0e/datanode-4/data/ratis] (custom)
2019-10-02 15:49:38,417 [pool-77-thread-1] INFO  server.RaftServerConfigKeys (ConfUtils.java:logGet(43)) - raft.server.rpc.timeout.max = 5200ms (custom)
2019-10-02 15:49:38,419 [pool-77-thread-1] INFO  server.RaftServerConfigKeys (ConfUtils.java:logGet(43)) - raft.server.rpcslowness.timeout = 120s (custom)
2019-10-02 15:49:38,419 [pool-67-thread-1] INFO  server.RaftServerConfigKeys (ConfUtils.java:logGet(43)) - raft.server.log.corruption.policy = EXCEPTION (default)
2019-10-02 15:49:38,419 [pool-77-thread-1] INFO  server.RaftServerConfigKeys (ConfUtils.java:logGet(43)) - raft.server.sleep.deviation.threshold = 300 (default)
2019-10-02 15:49:38,420 [pool-67-thread-1] INFO  storage.RaftStorageDirectory (RaftStorageDirectory.java:analyzeStorage(246)) - The storage directory /workdir/hadoop-ozone/integration-test/target/test-dir/MiniOzoneClusterImpl-44e437f6-303a-4d8e-bbbb-3b42b5072b0e/datanode-4/data/ratis/f35c7e1f-051f-491d-a21e-d05b49cf66a4 does not exist. Creating ...
2019-10-02 15:49:38,420 [pool-77-thread-1] INFO  server.RaftServerConfigKeys (ConfUtils.java:logGet(43)) - raft.server.log.appender.install.snapshot.enabled = false (custom)
2019-10-02 15:49:38,420 [pool-77-thread-1] INFO  impl.RaftServerImpl (ServerState.java:<init>(103)) - 00536315-28b4-4855-8f66-2c5dd80a276a@group-D05B49CF66A4: ConfigurationManager, init=-1: [88c51ebc-146a-419a-a6d2-c7973a662df3:192.168.151.72:41745, 9fe0589a-8026-4bfa-86ce-9d2b75bcfb63:192.168.151.72:45509, 00536315-28b4-4855-8f66-2c5dd80a276a:192.168.151.72:45948], old=null, confs=<EMPTY_MAP>
2019-10-02 15:49:38,420 [pool-47-thread-1] INFO  impl.RaftServerImpl (RaftServerImpl.java:<init>(95)) - 88c51ebc-146a-419a-a6d2-c7973a662df3: new RaftServerImpl for group-D05B49CF66A4:[88c51ebc-146a-419a-a6d2-c7973a662df3:192.168.151.72:41745, 9fe0589a-8026-4bfa-86ce-9d2b75bcfb63:192.168.151.72:45509, 00536315-28b4-4855-8f66-2c5dd80a276a:192.168.151.72:45948] with ContainerStateMachine:uninitialized
2019-10-02 15:49:38,420 [pool-77-thread-1] INFO  server.RaftServerConfigKeys (ConfUtils.java:logGet(43)) - raft.server.storage.dir = [/workdir/hadoop-ozone/integration-test/target/test-dir/MiniOzoneClusterImpl-44e437f6-303a-4d8e-bbbb-3b42b5072b0e/datanode-5/data/ratis] (custom)
2019-10-02 15:49:38,420 [pool-47-thread-1] INFO  server.RaftServerConfigKeys (ConfUtils.java:logGet(43)) - raft.server.rpc.timeout.min = 5s (custom)
2019-10-02 15:49:38,420 [pool-77-thread-1] INFO  server.RaftServerConfigKeys (ConfUtils.java:logGet(43)) - raft.server.log.corruption.policy = EXCEPTION (default)
2019-10-02 15:49:38,420 [pool-47-thread-1] INFO  server.RaftServerConfigKeys (ConfUtils.java:logGet(43)) - raft.server.rpc.timeout.max = 5200ms (custom)
2019-10-02 15:49:38,421 [pool-77-thread-1] INFO  storage.RaftStorageDirectory (RaftStorageDirectory.java:analyzeStorage(246)) - The storage directory /workdir/hadoop-ozone/integration-test/target/test-dir/MiniOzoneClusterImpl-44e437f6-303a-4d8e-bbbb-3b42b5072b0e/datanode-5/data/ratis/f35c7e1f-051f-491d-a21e-d05b49cf66a4 does not exist. Creating ...
2019-10-02 15:49:38,421 [pool-47-thread-1] INFO  server.RaftServerConfigKeys (ConfUtils.java:logGet(43)) - raft.server.rpcslowness.timeout = 120s (custom)
2019-10-02 15:49:38,421 [pool-47-thread-1] INFO  server.RaftServerConfigKeys (ConfUtils.java:logGet(43)) - raft.server.sleep.deviation.threshold = 300 (default)
2019-10-02 15:49:38,421 [pool-47-thread-1] INFO  server.RaftServerConfigKeys (ConfUtils.java:logGet(43)) - raft.server.log.appender.install.snapshot.enabled = false (custom)
2019-10-02 15:49:38,421 [pool-47-thread-1] INFO  impl.RaftServerImpl (ServerState.java:<init>(103)) - 88c51ebc-146a-419a-a6d2-c7973a662df3@group-D05B49CF66A4: ConfigurationManager, init=-1: [88c51ebc-146a-419a-a6d2-c7973a662df3:192.168.151.72:41745, 9fe0589a-8026-4bfa-86ce-9d2b75bcfb63:192.168.151.72:45509, 00536315-28b4-4855-8f66-2c5dd80a276a:192.168.151.72:45948], old=null, confs=<EMPTY_MAP>
2019-10-02 15:49:38,422 [pool-47-thread-1] INFO  server.RaftServerConfigKeys (ConfUtils.java:logGet(43)) - raft.server.storage.dir = [/workdir/hadoop-ozone/integration-test/target/test-dir/MiniOzoneClusterImpl-44e437f6-303a-4d8e-bbbb-3b42b5072b0e/datanode-2/data/ratis] (custom)
2019-10-02 15:49:38,422 [pool-47-thread-1] INFO  server.RaftServerConfigKeys (ConfUtils.java:logGet(43)) - raft.server.log.corruption.policy = EXCEPTION (default)
2019-10-02 15:49:38,422 [pool-47-thread-1] INFO  storage.RaftStorageDirectory (RaftStorageDirectory.java:analyzeStorage(246)) - The storage directory /workdir/hadoop-ozone/integration-test/target/test-dir/MiniOzoneClusterImpl-44e437f6-303a-4d8e-bbbb-3b42b5072b0e/datanode-2/data/ratis/f35c7e1f-051f-491d-a21e-d05b49cf66a4 does not exist. Creating ...
2019-10-02 15:49:38,445 [pool-77-thread-1] INFO  storage.RaftStorageDirectory (RaftStorageDirectory.java:tryLock(328)) - Lock on /workdir/hadoop-ozone/integration-test/target/test-dir/MiniOzoneClusterImpl-44e437f6-303a-4d8e-bbbb-3b42b5072b0e/datanode-5/data/ratis/f35c7e1f-051f-491d-a21e-d05b49cf66a4/in_use.lock acquired by nodename 29219@pr-trunk-fgz7f-2353921243
2019-10-02 15:49:38,445 [pool-47-thread-1] INFO  storage.RaftStorageDirectory (RaftStorageDirectory.java:tryLock(328)) - Lock on /workdir/hadoop-ozone/integration-test/target/test-dir/MiniOzoneClusterImpl-44e437f6-303a-4d8e-bbbb-3b42b5072b0e/datanode-2/data/ratis/f35c7e1f-051f-491d-a21e-d05b49cf66a4/in_use.lock acquired by nodename 29219@pr-trunk-fgz7f-2353921243
2019-10-02 15:49:38,445 [pool-67-thread-1] INFO  storage.RaftStorageDirectory (RaftStorageDirectory.java:tryLock(328)) - Lock on /workdir/hadoop-ozone/integration-test/target/test-dir/MiniOzoneClusterImpl-44e437f6-303a-4d8e-bbbb-3b42b5072b0e/datanode-4/data/ratis/f35c7e1f-051f-491d-a21e-d05b49cf66a4/in_use.lock acquired by nodename 29219@pr-trunk-fgz7f-2353921243
2019-10-02 15:49:38,466 [pool-67-thread-1] INFO  storage.RaftStorage (RaftStorage.java:format(84)) - Storage directory /workdir/hadoop-ozone/integration-test/target/test-dir/MiniOzoneClusterImpl-44e437f6-303a-4d8e-bbbb-3b42b5072b0e/datanode-4/data/ratis/f35c7e1f-051f-491d-a21e-d05b49cf66a4 has been successfully formatted.
2019-10-02 15:49:38,466 [pool-77-thread-1] INFO  storage.RaftStorage (RaftStorage.java:format(84)) - Storage directory /workdir/hadoop-ozone/integration-test/target/test-dir/MiniOzoneClusterImpl-44e437f6-303a-4d8e-bbbb-3b42b5072b0e/datanode-5/data/ratis/f35c7e1f-051f-491d-a21e-d05b49cf66a4 has been successfully formatted.
2019-10-02 15:49:38,466 [pool-47-thread-1] INFO  storage.RaftStorage (RaftStorage.java:format(84)) - Storage directory /workdir/hadoop-ozone/integration-test/target/test-dir/MiniOzoneClusterImpl-44e437f6-303a-4d8e-bbbb-3b42b5072b0e/datanode-2/data/ratis/f35c7e1f-051f-491d-a21e-d05b49cf66a4 has been successfully formatted.
2019-10-02 15:49:38,467 [pool-77-thread-1] INFO  ratis.ContainerStateMachine (ContainerStateMachine.java:loadSnapshot(231)) - group-D05B49CF66A4: The snapshot info is null. Setting the last applied indexto:(t:0, i:~)
2019-10-02 15:49:38,467 [pool-67-thread-1] INFO  ratis.ContainerStateMachine (ContainerStateMachine.java:loadSnapshot(231)) - group-D05B49CF66A4: The snapshot info is null. Setting the last applied indexto:(t:0, i:~)
2019-10-02 15:49:38,467 [pool-77-thread-1] INFO  server.RaftServerConfigKeys (ConfUtils.java:logGet(43)) - raft.server.notification.no-leader.timeout = 120s (custom)
2019-10-02 15:49:38,467 [pool-47-thread-1] INFO  ratis.ContainerStateMachine (ContainerStateMachine.java:loadSnapshot(231)) - group-D05B49CF66A4: The snapshot info is null. Setting the last applied indexto:(t:0, i:~)
2019-10-02 15:49:38,467 [pool-77-thread-1] INFO  server.RaftServerConfigKeys (ConfUtils.java:logGet(43)) - raft.server.log.use.memory = false (default)
2019-10-02 15:49:38,467 [pool-67-thread-1] INFO  server.RaftServerConfigKeys (ConfUtils.java:logGet(43)) - raft.server.notification.no-leader.timeout = 120s (custom)
2019-10-02 15:49:38,468 [pool-77-thread-1] INFO  server.RaftServerConfigKeys (ConfUtils.java:logGet(43)) - raft.server.log.purge.gap = 1000000 (custom)
2019-10-02 15:49:38,467 [pool-47-thread-1] INFO  server.RaftServerConfigKeys (ConfUtils.java:logGet(43)) - raft.server.notification.no-leader.timeout = 120s (custom)
2019-10-02 15:49:38,468 [pool-77-thread-1] INFO  server.RaftServerConfigKeys (ConfUtils.java:logGet(43)) - raft.server.log.appender.buffer.byte-limit = 33554432 (custom)
2019-10-02 15:49:38,468 [pool-67-thread-1] INFO  server.RaftServerConfigKeys (ConfUtils.java:logGet(43)) - raft.server.log.use.memory = false (default)
2019-10-02 15:49:38,468 [pool-77-thread-1] INFO  server.RaftServerConfigKeys (ConfUtils.java:logGet(43)) - raft.server.log.segment.size.max = 1048576 (custom)
2019-10-02 15:49:38,468 [pool-47-thread-1] INFO  server.RaftServerConfigKeys (ConfUtils.java:logGet(43)) - raft.server.log.use.memory = false (default)
2019-10-02 15:49:38,468 [pool-77-thread-1] INFO  server.RaftServerConfigKeys (ConfUtils.java:logGet(43)) - raft.server.log.segment.cache.num.max = 2 (custom)
2019-10-02 15:49:38,468 [pool-67-thread-1] INFO  server.RaftServerConfigKeys (ConfUtils.java:logGet(43)) - raft.server.log.purge.gap = 1000000 (custom)
2019-10-02 15:49:38,469 [pool-77-thread-1] INFO  segmented.SegmentedRaftLogWorker (SegmentedRaftLogWorker.java:<init>(173)) - new 00536315-28b4-4855-8f66-2c5dd80a276a@group-D05B49CF66A4-SegmentedRaftLogWorker for RaftStorage:Storage Directory /workdir/hadoop-ozone/integration-test/target/test-dir/MiniOzoneClusterImpl-44e437f6-303a-4d8e-bbbb-3b42b5072b0e/datanode-5/data/ratis/f35c7e1f-051f-491d-a21e-d05b49cf66a4
2019-10-02 15:49:38,469 [pool-47-thread-1] INFO  server.RaftServerConfigKeys (ConfUtils.java:logGet(43)) - raft.server.log.purge.gap = 1000000 (custom)
2019-10-02 15:49:38,469 [pool-77-thread-1] INFO  server.RaftServerConfigKeys (ConfUtils.java:logGet(43)) - raft.server.log.queue.byte-limit = 2147483647 (custom)
2019-10-02 15:49:38,469 [pool-67-thread-1] INFO  server.RaftServerConfigKeys (ConfUtils.java:logGet(43)) - raft.server.log.appender.buffer.byte-limit = 33554432 (custom)
2019-10-02 15:49:38,469 [pool-77-thread-1] INFO  server.RaftServerConfigKeys (ConfUtils.java:logGet(43)) - raft.server.log.queue.element-limit = 1024 (custom)
2019-10-02 15:49:38,469 [pool-47-thread-1] INFO  server.RaftServerConfigKeys (ConfUtils.java:logGet(43)) - raft.server.log.appender.buffer.byte-limit = 33554432 (custom)
2019-10-02 15:49:38,470 [pool-77-thread-1] INFO  server.RaftServerConfigKeys (ConfUtils.java:logGet(43)) - raft.server.log.segment.size.max = 1048576 (custom)
2019-10-02 15:49:38,470 [pool-67-thread-1] INFO  server.RaftServerConfigKeys (ConfUtils.java:logGet(43)) - raft.server.log.segment.size.max = 1048576 (custom)
2019-10-02 15:49:38,470 [pool-77-thread-1] INFO  server.RaftServerConfigKeys (ConfUtils.java:logGet(43)) - raft.server.log.preallocated.size = 16384 (custom)
2019-10-02 15:49:38,470 [pool-47-thread-1] INFO  server.RaftServerConfigKeys (ConfUtils.java:logGet(43)) - raft.server.log.segment.size.max = 1048576 (custom)
2019-10-02 15:49:38,470 [pool-77-thread-1] INFO  server.RaftServerConfigKeys (ConfUtils.java:logGet(43)) - raft.server.log.write.buffer.size = 33554432 (custom)
2019-10-02 15:49:38,470 [pool-67-thread-1] INFO  server.RaftServerConfigKeys (ConfUtils.java:logGet(43)) - raft.server.log.segment.cache.num.max = 2 (custom)
2019-10-02 15:49:38,471 [pool-77-thread-1] INFO  server.RaftServerConfigKeys (ConfUtils.java:logGet(43)) - raft.server.log.force.sync.num = 128 (default)
2019-10-02 15:49:38,471 [pool-47-thread-1] INFO  server.RaftServerConfigKeys (ConfUtils.java:logGet(43)) - raft.server.log.segment.cache.num.max = 2 (custom)
2019-10-02 15:49:38,471 [pool-77-thread-1] INFO  server.RaftServerConfigKeys (ConfUtils.java:logGet(43)) - raft.server.log.statemachine.data.sync = true (default)
2019-10-02 15:49:38,471 [pool-67-thread-1] INFO  segmented.SegmentedRaftLogWorker (SegmentedRaftLogWorker.java:<init>(173)) - new 9fe0589a-8026-4bfa-86ce-9d2b75bcfb63@group-D05B49CF66A4-SegmentedRaftLogWorker for RaftStorage:Storage Directory /workdir/hadoop-ozone/integration-test/target/test-dir/MiniOzoneClusterImpl-44e437f6-303a-4d8e-bbbb-3b42b5072b0e/datanode-4/data/ratis/f35c7e1f-051f-491d-a21e-d05b49cf66a4
2019-10-02 15:49:38,471 [pool-77-thread-1] INFO  server.RaftServerConfigKeys (ConfUtils.java:logGet(43)) - raft.server.log.statemachine.data.sync.timeout = 10s (default)
2019-10-02 15:49:38,471 [pool-47-thread-1] INFO  segmented.SegmentedRaftLogWorker (SegmentedRaftLogWorker.java:<init>(173)) - new 88c51ebc-146a-419a-a6d2-c7973a662df3@group-D05B49CF66A4-SegmentedRaftLogWorker for RaftStorage:Storage Directory /workdir/hadoop-ozone/integration-test/target/test-dir/MiniOzoneClusterImpl-44e437f6-303a-4d8e-bbbb-3b42b5072b0e/datanode-2/data/ratis/f35c7e1f-051f-491d-a21e-d05b49cf66a4
2019-10-02 15:49:38,472 [pool-77-thread-1] INFO  server.RaftServerConfigKeys (ConfUtils.java:logGet(43)) - raft.server.log.statemachine.data.sync.timeout.retry = -1 (default)
2019-10-02 15:49:38,471 [pool-67-thread-1] INFO  server.RaftServerConfigKeys (ConfUtils.java:logGet(43)) - raft.server.log.queue.byte-limit = 2147483647 (custom)
2019-10-02 15:49:38,472 [pool-77-thread-1] INFO  server.RaftServerConfigKeys (ConfUtils.java:logGet(43)) - raft.server.log.statemachine.data.caching.enabled = true (custom)
2019-10-02 15:49:38,472 [pool-47-thread-1] INFO  server.RaftServerConfigKeys (ConfUtils.java:logGet(43)) - raft.server.log.queue.byte-limit = 2147483647 (custom)
2019-10-02 15:49:38,472 [pool-67-thread-1] INFO  server.RaftServerConfigKeys (ConfUtils.java:logGet(43)) - raft.server.log.queue.element-limit = 1024 (custom)
2019-10-02 15:49:38,472 [pool-47-thread-1] INFO  server.RaftServerConfigKeys (ConfUtils.java:logGet(43)) - raft.server.log.queue.element-limit = 1024 (custom)
2019-10-02 15:49:38,472 [pool-77-thread-1] INFO  segmented.SegmentedRaftLogWorker (SegmentedRaftLogWorker.java:lambda$new$0(128)) - 00536315-28b4-4855-8f66-2c5dd80a276a@group-D05B49CF66A4-SegmentedRaftLogWorker: flushIndex: setUnconditionally 0 -> -1
2019-10-02 15:49:38,473 [pool-47-thread-1] INFO  server.RaftServerConfigKeys (ConfUtils.java:logGet(43)) - raft.server.log.segment.size.max = 1048576 (custom)
2019-10-02 15:49:38,473 [pool-67-thread-1] INFO  server.RaftServerConfigKeys (ConfUtils.java:logGet(43)) - raft.server.log.segment.size.max = 1048576 (custom)
2019-10-02 15:49:38,473 [pool-77-thread-1] INFO  server.RaftServerConfigKeys (ConfUtils.java:logGet(43)) - raft.server.snapshot.auto.trigger.enabled = true (custom)
2019-10-02 15:49:38,473 [pool-47-thread-1] INFO  server.RaftServerConfigKeys (ConfUtils.java:logGet(43)) - raft.server.log.preallocated.size = 16384 (custom)
2019-10-02 15:49:38,473 [pool-77-thread-1] INFO  server.RaftServerConfigKeys (ConfUtils.java:logGet(43)) - raft.server.snapshot.auto.trigger.threshold = 10000 (custom)
2019-10-02 15:49:38,473 [pool-67-thread-1] INFO  server.RaftServerConfigKeys (ConfUtils.java:logGet(43)) - raft.server.log.preallocated.size = 16384 (custom)
2019-10-02 15:49:38,474 [pool-77-thread-1] INFO  server.RaftServerConfigKeys (ConfUtils.java:logGet(43)) - raft.server.snapshot.retention.file.num = 5 (custom)
2019-10-02 15:49:38,474 [pool-47-thread-1] INFO  server.RaftServerConfigKeys (ConfUtils.java:logGet(43)) - raft.server.log.write.buffer.size = 33554432 (custom)
2019-10-02 15:49:38,474 [pool-77-thread-1] INFO  server.RaftServerConfigKeys (ConfUtils.java:logGet(43)) - raft.server.retrycache.expirytime = 600000ms (custom)
2019-10-02 15:49:38,474 [pool-67-thread-1] INFO  server.RaftServerConfigKeys (ConfUtils.java:logGet(43)) - raft.server.log.write.buffer.size = 33554432 (custom)
2019-10-02 15:49:38,474 [pool-47-thread-1] INFO  server.RaftServerConfigKeys (ConfUtils.java:logGet(43)) - raft.server.log.force.sync.num = 128 (default)
2019-10-02 15:49:38,475 [pool-67-thread-1] INFO  server.RaftServerConfigKeys (ConfUtils.java:logGet(43)) - raft.server.log.force.sync.num = 128 (default)
2019-10-02 15:49:38,475 [pool-47-thread-1] INFO  server.RaftServerConfigKeys (ConfUtils.java:logGet(43)) - raft.server.log.statemachine.data.sync = true (default)
2019-10-02 15:49:38,475 [pool-67-thread-1] INFO  server.RaftServerConfigKeys (ConfUtils.java:logGet(43)) - raft.server.log.statemachine.data.sync = true (default)
2019-10-02 15:49:38,475 [pool-47-thread-1] INFO  server.RaftServerConfigKeys (ConfUtils.java:logGet(43)) - raft.server.log.statemachine.data.sync.timeout = 10s (default)
2019-10-02 15:49:38,475 [pool-67-thread-1] INFO  server.RaftServerConfigKeys (ConfUtils.java:logGet(43)) - raft.server.log.statemachine.data.sync.timeout = 10s (default)
2019-10-02 15:49:38,475 [pool-47-thread-1] INFO  server.RaftServerConfigKeys (ConfUtils.java:logGet(43)) - raft.server.log.statemachine.data.sync.timeout.retry = -1 (default)
2019-10-02 15:49:38,476 [pool-67-thread-1] INFO  server.RaftServerConfigKeys (ConfUtils.java:logGet(43)) - raft.server.log.statemachine.data.sync.timeout.retry = -1 (default)
2019-10-02 15:49:38,476 [pool-47-thread-1] INFO  server.RaftServerConfigKeys (ConfUtils.java:logGet(43)) - raft.server.log.statemachine.data.caching.enabled = true (custom)
2019-10-02 15:49:38,476 [pool-67-thread-1] INFO  server.RaftServerConfigKeys (ConfUtils.java:logGet(43)) - raft.server.log.statemachine.data.caching.enabled = true (custom)
2019-10-02 15:49:38,476 [pool-47-thread-1] INFO  segmented.SegmentedRaftLogWorker (SegmentedRaftLogWorker.java:lambda$new$0(128)) - 88c51ebc-146a-419a-a6d2-c7973a662df3@group-D05B49CF66A4-SegmentedRaftLogWorker: flushIndex: setUnconditionally 0 -> -1
2019-10-02 15:49:38,476 [pool-67-thread-1] INFO  segmented.SegmentedRaftLogWorker (SegmentedRaftLogWorker.java:lambda$new$0(128)) - 9fe0589a-8026-4bfa-86ce-9d2b75bcfb63@group-D05B49CF66A4-SegmentedRaftLogWorker: flushIndex: setUnconditionally 0 -> -1
2019-10-02 15:49:38,477 [pool-47-thread-1] INFO  server.RaftServerConfigKeys (ConfUtils.java:logGet(43)) - raft.server.snapshot.auto.trigger.enabled = true (custom)
2019-10-02 15:49:38,477 [pool-67-thread-1] INFO  server.RaftServerConfigKeys (ConfUtils.java:logGet(43)) - raft.server.snapshot.auto.trigger.enabled = true (custom)
2019-10-02 15:49:38,477 [pool-47-thread-1] INFO  server.RaftServerConfigKeys (ConfUtils.java:logGet(43)) - raft.server.snapshot.auto.trigger.threshold = 10000 (custom)
2019-10-02 15:49:38,477 [pool-67-thread-1] INFO  server.RaftServerConfigKeys (ConfUtils.java:logGet(43)) - raft.server.snapshot.auto.trigger.threshold = 10000 (custom)
2019-10-02 15:49:38,477 [pool-77-thread-1] INFO  impl.RaftServerImpl (RaftServerImpl.java:start(181)) - 00536315-28b4-4855-8f66-2c5dd80a276a@group-D05B49CF66A4: start as a follower, conf=-1: [88c51ebc-146a-419a-a6d2-c7973a662df3:192.168.151.72:41745, 9fe0589a-8026-4bfa-86ce-9d2b75bcfb63:192.168.151.72:45509, 00536315-28b4-4855-8f66-2c5dd80a276a:192.168.151.72:45948], old=null
2019-10-02 15:49:38,477 [pool-47-thread-1] INFO  server.RaftServerConfigKeys (ConfUtils.java:logGet(43)) - raft.server.snapshot.retention.file.num = 5 (custom)
2019-10-02 15:49:38,478 [pool-77-thread-1] INFO  impl.RaftServerImpl (RaftServerImpl.java:setRole(170)) - 00536315-28b4-4855-8f66-2c5dd80a276a@group-D05B49CF66A4: changes role from      null to FOLLOWER at term 0 for startAsFollower
2019-10-02 15:49:38,477 [pool-67-thread-1] INFO  server.RaftServerConfigKeys (ConfUtils.java:logGet(43)) - raft.server.snapshot.retention.file.num = 5 (custom)
2019-10-02 15:49:38,478 [pool-77-thread-1] INFO  impl.RoleInfo (RoleInfo.java:updateAndGet(143)) - 00536315-28b4-4855-8f66-2c5dd80a276a: start FollowerState
2019-10-02 15:49:38,478 [pool-47-thread-1] INFO  server.RaftServerConfigKeys (ConfUtils.java:logGet(43)) - raft.server.retrycache.expirytime = 600000ms (custom)
2019-10-02 15:49:38,478 [pool-67-thread-1] INFO  server.RaftServerConfigKeys (ConfUtils.java:logGet(43)) - raft.server.retrycache.expirytime = 600000ms (custom)
2019-10-02 15:49:38,478 [pool-77-thread-1] INFO  util.JmxRegister (JmxRegister.java:tryRegister(44)) - Successfully registered JMX Bean with object name Ratis:service=RaftServer,group=group-D05B49CF66A4,id=00536315-28b4-4855-8f66-2c5dd80a276a
2019-10-02 15:49:38,483 [pool-47-thread-1] INFO  impl.RaftServerImpl (RaftServerImpl.java:start(181)) - 88c51ebc-146a-419a-a6d2-c7973a662df3@group-D05B49CF66A4: start as a follower, conf=-1: [88c51ebc-146a-419a-a6d2-c7973a662df3:192.168.151.72:41745, 9fe0589a-8026-4bfa-86ce-9d2b75bcfb63:192.168.151.72:45509, 00536315-28b4-4855-8f66-2c5dd80a276a:192.168.151.72:45948], old=null
2019-10-02 15:49:38,483 [pool-47-thread-1] INFO  impl.RaftServerImpl (RaftServerImpl.java:setRole(170)) - 88c51ebc-146a-419a-a6d2-c7973a662df3@group-D05B49CF66A4: changes role from      null to FOLLOWER at term 0 for startAsFollower
2019-10-02 15:49:38,483 [pool-47-thread-1] INFO  impl.RoleInfo (RoleInfo.java:updateAndGet(143)) - 88c51ebc-146a-419a-a6d2-c7973a662df3: start FollowerState
2019-10-02 15:49:38,484 [pool-47-thread-1] INFO  util.JmxRegister (JmxRegister.java:tryRegister(44)) - Successfully registered JMX Bean with object name Ratis:service=RaftServer,group=group-D05B49CF66A4,id=88c51ebc-146a-419a-a6d2-c7973a662df3
2019-10-02 15:49:38,484 [pool-67-thread-1] INFO  impl.RaftServerImpl (RaftServerImpl.java:start(181)) - 9fe0589a-8026-4bfa-86ce-9d2b75bcfb63@group-D05B49CF66A4: start as a follower, conf=-1: [88c51ebc-146a-419a-a6d2-c7973a662df3:192.168.151.72:41745, 9fe0589a-8026-4bfa-86ce-9d2b75bcfb63:192.168.151.72:45509, 00536315-28b4-4855-8f66-2c5dd80a276a:192.168.151.72:45948], old=null
2019-10-02 15:49:38,485 [pool-67-thread-1] INFO  impl.RaftServerImpl (RaftServerImpl.java:setRole(170)) - 9fe0589a-8026-4bfa-86ce-9d2b75bcfb63@group-D05B49CF66A4: changes role from      null to FOLLOWER at term 0 for startAsFollower
2019-10-02 15:49:38,485 [pool-67-thread-1] INFO  impl.RoleInfo (RoleInfo.java:updateAndGet(143)) - 9fe0589a-8026-4bfa-86ce-9d2b75bcfb63: start FollowerState
2019-10-02 15:49:38,485 [pool-67-thread-1] INFO  util.JmxRegister (JmxRegister.java:tryRegister(44)) - Successfully registered JMX Bean with object name Ratis:service=RaftServer,group=group-D05B49CF66A4,id=9fe0589a-8026-4bfa-86ce-9d2b75bcfb63
2019-10-02 15:49:38,520 [RatisPipelineUtilsThread] INFO  pipeline.PipelineStateManager (PipelineStateManager.java:addPipeline(56)) - Created pipeline Pipeline[ Id: f35c7e1f-051f-491d-a21e-d05b49cf66a4, Nodes: 88c51ebc-146a-419a-a6d2-c7973a662df3{ip: 192.168.151.72, host: pr-trunk-fgz7f-2353921243, networkLocation: /default-rack, certSerialId: null}9fe0589a-8026-4bfa-86ce-9d2b75bcfb63{ip: 192.168.151.72, host: pr-trunk-fgz7f-2353921243, networkLocation: /default-rack, certSerialId: null}00536315-28b4-4855-8f66-2c5dd80a276a{ip: 192.168.151.72, host: pr-trunk-fgz7f-2353921243, networkLocation: /default-rack, certSerialId: null}, Type:RATIS, Factor:THREE, State:OPEN]
2019-10-02 15:49:38,735 [main] INFO  rpc.RpcClient (RpcClient.java:createVolume(276)) - Creating Volume: testblockoutputstream, with jenkins1000 as owner.
2019-10-02 15:49:38,867 [IPC Server handler 0 on 34680] INFO  volume.OMVolumeCreateRequest (OMVolumeCreateRequest.java:validateAndUpdateCache(194)) - created volume:testblockoutputstream for user:jenkins1000
2019-10-02 15:49:38,902 [main] INFO  rpc.RpcClient (RpcClient.java:createBucket(415)) - Creating Bucket: testblockoutputstream/testblockoutputstream, with Versioning false and Storage Type set to DISK and Encryption set to false 
2019-10-02 15:49:39,381 [main] INFO  ozone.MiniOzoneClusterImpl (MiniOzoneClusterImpl.java:getStorageContainerLocationClient(234)) - Creating StorageContainerLocationProtocol RPC client with address /0.0.0.0:42485
2019-10-02 15:49:39,461 [main] INFO  impl.MetricsSystemImpl (MetricsSystemImpl.java:init(158)) - XceiverClientMetrics metrics system started (again)
2019-10-02 15:49:39,657 [Thread-238] INFO  container.ReplicationManager (ReplicationManager.java:start(162)) - Starting Replication Monitor Thread.
2019-10-02 15:49:39,662 [ReplicationMonitor] INFO  container.ReplicationManager (ReplicationManager.java:run(225)) - Replication Monitor Thread took 3 milliseconds for processing 1 containers.
2019-10-02 15:49:42,600 [Thread-240] INFO  impl.FollowerState (FollowerState.java:run(108)) - 1d9c2c30-c26b-44e0-a26f-b68212f6bb13@group-8ADC31E90F7E-FollowerState: change to CANDIDATE, lastRpcTime:5184ms, electionTimeout:5183ms
2019-10-02 15:49:42,605 [Thread-240] INFO  impl.RoleInfo (RoleInfo.java:shutdownFollowerState(121)) - 1d9c2c30-c26b-44e0-a26f-b68212f6bb13: shutdown FollowerState
2019-10-02 15:49:42,606 [Thread-240] INFO  impl.RaftServerImpl (RaftServerImpl.java:setRole(170)) - 1d9c2c30-c26b-44e0-a26f-b68212f6bb13@group-8ADC31E90F7E: changes role from  FOLLOWER to CANDIDATE at term 0 for changeToCandidate
2019-10-02 15:49:42,614 [Thread-240] INFO  impl.RoleInfo (RoleInfo.java:updateAndGet(143)) - 1d9c2c30-c26b-44e0-a26f-b68212f6bb13: start LeaderElection
2019-10-02 15:49:42,631 [1d9c2c30-c26b-44e0-a26f-b68212f6bb13@group-8ADC31E90F7E-LeaderElection1] INFO  impl.LeaderElection (LeaderElection.java:askForVotes(178)) - 1d9c2c30-c26b-44e0-a26f-b68212f6bb13@group-8ADC31E90F7E-LeaderElection1: begin an election at term 1 for -1: [1d9c2c30-c26b-44e0-a26f-b68212f6bb13:192.168.151.72:44770], old=null
2019-10-02 15:49:42,633 [1d9c2c30-c26b-44e0-a26f-b68212f6bb13@group-8ADC31E90F7E-LeaderElection1] INFO  impl.RoleInfo (RoleInfo.java:shutdownLeaderElection(134)) - 1d9c2c30-c26b-44e0-a26f-b68212f6bb13: shutdown LeaderElection
2019-10-02 15:49:42,634 [1d9c2c30-c26b-44e0-a26f-b68212f6bb13@group-8ADC31E90F7E-LeaderElection1] INFO  impl.RaftServerImpl (RaftServerImpl.java:setRole(170)) - 1d9c2c30-c26b-44e0-a26f-b68212f6bb13@group-8ADC31E90F7E: changes role from CANDIDATE to LEADER at term 1 for changeToLeader
2019-10-02 15:49:42,634 [1d9c2c30-c26b-44e0-a26f-b68212f6bb13@group-8ADC31E90F7E-LeaderElection1] INFO  impl.RaftServerImpl (ServerState.java:setLeader(255)) - 1d9c2c30-c26b-44e0-a26f-b68212f6bb13@group-8ADC31E90F7E: change Leader from null to 1d9c2c30-c26b-44e0-a26f-b68212f6bb13 at term 1 for becomeLeader, leader elected after 5337ms
2019-10-02 15:49:42,641 [Thread-243] INFO  impl.FollowerState (FollowerState.java:run(108)) - e1085188-920c-47f7-886f-c98137f30542@group-E1A27F666904-FollowerState: change to CANDIDATE, lastRpcTime:5003ms, electionTimeout:5001ms
2019-10-02 15:49:42,643 [1d9c2c30-c26b-44e0-a26f-b68212f6bb13@group-8ADC31E90F7E-LeaderElection1] INFO  server.RaftServerConfigKeys (ConfUtils.java:logGet(43)) - raft.server.staging.catchup.gap = 1000 (default)
2019-10-02 15:49:42,643 [Thread-243] INFO  impl.RoleInfo (RoleInfo.java:shutdownFollowerState(121)) - e1085188-920c-47f7-886f-c98137f30542: shutdown FollowerState
2019-10-02 15:49:42,643 [1d9c2c30-c26b-44e0-a26f-b68212f6bb13@group-8ADC31E90F7E-LeaderElection1] INFO  server.RaftServerConfigKeys (ConfUtils.java:logGet(43)) - raft.server.rpc.sleep.time = 25ms (default)
2019-10-02 15:49:42,644 [Thread-243] INFO  impl.RaftServerImpl (RaftServerImpl.java:setRole(170)) - e1085188-920c-47f7-886f-c98137f30542@group-E1A27F666904: changes role from  FOLLOWER to CANDIDATE at term 0 for changeToCandidate
2019-10-02 15:49:42,644 [Thread-243] INFO  impl.RoleInfo (RoleInfo.java:updateAndGet(143)) - e1085188-920c-47f7-886f-c98137f30542: start LeaderElection
2019-10-02 15:49:42,651 [1d9c2c30-c26b-44e0-a26f-b68212f6bb13@group-8ADC31E90F7E-LeaderElection1] INFO  server.RaftServerConfigKeys (ConfUtils.java:logGet(43)) - raft.server.write.element-limit = 4096 (default)
2019-10-02 15:49:42,654 [1d9c2c30-c26b-44e0-a26f-b68212f6bb13@group-8ADC31E90F7E-LeaderElection1] INFO  server.RaftServerConfigKeys (ConfUtils.java:logGet(43)) - raft.server.watch.timeout = 10s (default)
2019-10-02 15:49:42,654 [1d9c2c30-c26b-44e0-a26f-b68212f6bb13@group-8ADC31E90F7E-LeaderElection1] INFO  server.RaftServerConfigKeys (ConfUtils.java:logGet(43)) - raft.server.watch.timeout.denomination = 1s (default)
2019-10-02 15:49:42,655 [1d9c2c30-c26b-44e0-a26f-b68212f6bb13@group-8ADC31E90F7E-LeaderElection1] INFO  server.RaftServerConfigKeys (ConfUtils.java:logGet(43)) - raft.server.watch.element-limit = 65536 (default)
2019-10-02 15:49:42,661 [e1085188-920c-47f7-886f-c98137f30542@group-E1A27F666904-LeaderElection2] INFO  impl.LeaderElection (LeaderElection.java:askForVotes(178)) - e1085188-920c-47f7-886f-c98137f30542@group-E1A27F666904-LeaderElection2: begin an election at term 1 for -1: [e1085188-920c-47f7-886f-c98137f30542:192.168.151.72:45532], old=null
2019-10-02 15:49:42,664 [e1085188-920c-47f7-886f-c98137f30542@group-E1A27F666904-LeaderElection2] INFO  impl.RoleInfo (RoleInfo.java:shutdownLeaderElection(134)) - e1085188-920c-47f7-886f-c98137f30542: shutdown LeaderElection
2019-10-02 15:49:42,664 [e1085188-920c-47f7-886f-c98137f30542@group-E1A27F666904-LeaderElection2] INFO  impl.RaftServerImpl (RaftServerImpl.java:setRole(170)) - e1085188-920c-47f7-886f-c98137f30542@group-E1A27F666904: changes role from CANDIDATE to LEADER at term 1 for changeToLeader
2019-10-02 15:49:42,664 [e1085188-920c-47f7-886f-c98137f30542@group-E1A27F666904-LeaderElection2] INFO  impl.RaftServerImpl (ServerState.java:setLeader(255)) - e1085188-920c-47f7-886f-c98137f30542@group-E1A27F666904: change Leader from null to e1085188-920c-47f7-886f-c98137f30542 at term 1 for becomeLeader, leader elected after 5040ms
2019-10-02 15:49:42,666 [e1085188-920c-47f7-886f-c98137f30542@group-E1A27F666904-LeaderElection2] INFO  server.RaftServerConfigKeys (ConfUtils.java:logGet(43)) - raft.server.staging.catchup.gap = 1000 (default)
2019-10-02 15:49:42,666 [e1085188-920c-47f7-886f-c98137f30542@group-E1A27F666904-LeaderElection2] INFO  server.RaftServerConfigKeys (ConfUtils.java:logGet(43)) - raft.server.rpc.sleep.time = 25ms (default)
2019-10-02 15:49:42,666 [e1085188-920c-47f7-886f-c98137f30542@group-E1A27F666904-LeaderElection2] INFO  server.RaftServerConfigKeys (ConfUtils.java:logGet(43)) - raft.server.write.element-limit = 4096 (default)
2019-10-02 15:49:42,666 [e1085188-920c-47f7-886f-c98137f30542@group-E1A27F666904-LeaderElection2] INFO  server.RaftServerConfigKeys (ConfUtils.java:logGet(43)) - raft.server.watch.timeout = 10s (default)
2019-10-02 15:49:42,667 [e1085188-920c-47f7-886f-c98137f30542@group-E1A27F666904-LeaderElection2] INFO  server.RaftServerConfigKeys (ConfUtils.java:logGet(43)) - raft.server.watch.timeout.denomination = 1s (default)
2019-10-02 15:49:42,667 [e1085188-920c-47f7-886f-c98137f30542@group-E1A27F666904-LeaderElection2] INFO  server.RaftServerConfigKeys (ConfUtils.java:logGet(43)) - raft.server.watch.element-limit = 65536 (default)
2019-10-02 15:49:42,670 [1d9c2c30-c26b-44e0-a26f-b68212f6bb13@group-8ADC31E90F7E-LeaderElection1] INFO  impl.RoleInfo (RoleInfo.java:updateAndGet(143)) - 1d9c2c30-c26b-44e0-a26f-b68212f6bb13: start LeaderState
2019-10-02 15:49:42,670 [e1085188-920c-47f7-886f-c98137f30542@group-E1A27F666904-LeaderElection2] INFO  impl.RoleInfo (RoleInfo.java:updateAndGet(143)) - e1085188-920c-47f7-886f-c98137f30542: start LeaderState
2019-10-02 15:49:42,695 [1d9c2c30-c26b-44e0-a26f-b68212f6bb13@group-8ADC31E90F7E-LeaderElection1] INFO  segmented.SegmentedRaftLogWorker (SegmentedRaftLogWorker.java:startLogSegment(385)) - 1d9c2c30-c26b-44e0-a26f-b68212f6bb13@group-8ADC31E90F7E-SegmentedRaftLogWorker: Starting segment from index:0
2019-10-02 15:49:42,695 [e1085188-920c-47f7-886f-c98137f30542@group-E1A27F666904-LeaderElection2] INFO  segmented.SegmentedRaftLogWorker (SegmentedRaftLogWorker.java:startLogSegment(385)) - e1085188-920c-47f7-886f-c98137f30542@group-E1A27F666904-SegmentedRaftLogWorker: Starting segment from index:0
2019-10-02 15:49:42,704 [1d9c2c30-c26b-44e0-a26f-b68212f6bb13@group-8ADC31E90F7E-LeaderElection1] INFO  impl.RaftServerImpl (ServerState.java:setRaftConf(356)) - 1d9c2c30-c26b-44e0-a26f-b68212f6bb13@group-8ADC31E90F7E: set configuration 0: [1d9c2c30-c26b-44e0-a26f-b68212f6bb13:192.168.151.72:44770], old=null at 0
2019-10-02 15:49:42,704 [e1085188-920c-47f7-886f-c98137f30542@group-E1A27F666904-LeaderElection2] INFO  impl.RaftServerImpl (ServerState.java:setRaftConf(356)) - e1085188-920c-47f7-886f-c98137f30542@group-E1A27F666904: set configuration 0: [e1085188-920c-47f7-886f-c98137f30542:192.168.151.72:45532], old=null at 0
2019-10-02 15:49:42,930 [Thread-246] INFO  impl.FollowerState (FollowerState.java:run(108)) - ced45e13-3c9a-48b2-a28a-774edb50765e@group-C0B89EE05D5F-FollowerState: change to CANDIDATE, lastRpcTime:5115ms, electionTimeout:5115ms
2019-10-02 15:49:42,931 [Thread-246] INFO  impl.RoleInfo (RoleInfo.java:shutdownFollowerState(121)) - ced45e13-3c9a-48b2-a28a-774edb50765e: shutdown FollowerState
2019-10-02 15:49:42,931 [Thread-246] INFO  impl.RaftServerImpl (RaftServerImpl.java:setRole(170)) - ced45e13-3c9a-48b2-a28a-774edb50765e@group-C0B89EE05D5F: changes role from  FOLLOWER to CANDIDATE at term 0 for changeToCandidate
2019-10-02 15:49:42,931 [Thread-246] INFO  impl.RoleInfo (RoleInfo.java:updateAndGet(143)) - ced45e13-3c9a-48b2-a28a-774edb50765e: start LeaderElection
2019-10-02 15:49:42,939 [1d9c2c30-c26b-44e0-a26f-b68212f6bb13@group-8ADC31E90F7E-SegmentedRaftLogWorker] INFO  segmented.SegmentedRaftLogWorker (SegmentedRaftLogWorker.java:execute(574)) - 1d9c2c30-c26b-44e0-a26f-b68212f6bb13@group-8ADC31E90F7E-SegmentedRaftLogWorker: created new log segment /workdir/hadoop-ozone/integration-test/target/test-dir/MiniOzoneClusterImpl-44e437f6-303a-4d8e-bbbb-3b42b5072b0e/datanode-0/data/ratis/80c8d686-23db-4ecc-97c7-8adc31e90f7e/current/log_inprogress_0
2019-10-02 15:49:42,939 [e1085188-920c-47f7-886f-c98137f30542@group-E1A27F666904-SegmentedRaftLogWorker] INFO  segmented.SegmentedRaftLogWorker (SegmentedRaftLogWorker.java:execute(574)) - e1085188-920c-47f7-886f-c98137f30542@group-E1A27F666904-SegmentedRaftLogWorker: created new log segment /workdir/hadoop-ozone/integration-test/target/test-dir/MiniOzoneClusterImpl-44e437f6-303a-4d8e-bbbb-3b42b5072b0e/datanode-3/data/ratis/bc43d835-0528-4a8c-aed6-e1a27f666904/current/log_inprogress_0
2019-10-02 15:49:42,952 [ced45e13-3c9a-48b2-a28a-774edb50765e@group-C0B89EE05D5F-LeaderElection3] INFO  impl.LeaderElection (LeaderElection.java:askForVotes(178)) - ced45e13-3c9a-48b2-a28a-774edb50765e@group-C0B89EE05D5F-LeaderElection3: begin an election at term 1 for -1: [ced45e13-3c9a-48b2-a28a-774edb50765e:192.168.151.72:42645], old=null
2019-10-02 15:49:42,953 [ced45e13-3c9a-48b2-a28a-774edb50765e@group-C0B89EE05D5F-LeaderElection3] INFO  impl.RoleInfo (RoleInfo.java:shutdownLeaderElection(134)) - ced45e13-3c9a-48b2-a28a-774edb50765e: shutdown LeaderElection
2019-10-02 15:49:42,953 [ced45e13-3c9a-48b2-a28a-774edb50765e@group-C0B89EE05D5F-LeaderElection3] INFO  impl.RaftServerImpl (RaftServerImpl.java:setRole(170)) - ced45e13-3c9a-48b2-a28a-774edb50765e@group-C0B89EE05D5F: changes role from CANDIDATE to LEADER at term 1 for changeToLeader
2019-10-02 15:49:42,953 [ced45e13-3c9a-48b2-a28a-774edb50765e@group-C0B89EE05D5F-LeaderElection3] INFO  impl.RaftServerImpl (ServerState.java:setLeader(255)) - ced45e13-3c9a-48b2-a28a-774edb50765e@group-C0B89EE05D5F: change Leader from null to ced45e13-3c9a-48b2-a28a-774edb50765e at term 1 for becomeLeader, leader elected after 5198ms
2019-10-02 15:49:42,955 [ced45e13-3c9a-48b2-a28a-774edb50765e@group-C0B89EE05D5F-LeaderElection3] INFO  server.RaftServerConfigKeys (ConfUtils.java:logGet(43)) - raft.server.staging.catchup.gap = 1000 (default)
2019-10-02 15:49:42,955 [ced45e13-3c9a-48b2-a28a-774edb50765e@group-C0B89EE05D5F-LeaderElection3] INFO  server.RaftServerConfigKeys (ConfUtils.java:logGet(43)) - raft.server.rpc.sleep.time = 25ms (default)
2019-10-02 15:49:42,956 [ced45e13-3c9a-48b2-a28a-774edb50765e@group-C0B89EE05D5F-LeaderElection3] INFO  server.RaftServerConfigKeys (ConfUtils.java:logGet(43)) - raft.server.write.element-limit = 4096 (default)
2019-10-02 15:49:42,956 [ced45e13-3c9a-48b2-a28a-774edb50765e@group-C0B89EE05D5F-LeaderElection3] INFO  server.RaftServerConfigKeys (ConfUtils.java:logGet(43)) - raft.server.watch.timeout = 10s (default)
2019-10-02 15:49:42,956 [ced45e13-3c9a-48b2-a28a-774edb50765e@group-C0B89EE05D5F-LeaderElection3] INFO  server.RaftServerConfigKeys (ConfUtils.java:logGet(43)) - raft.server.watch.timeout.denomination = 1s (default)
2019-10-02 15:49:42,956 [ced45e13-3c9a-48b2-a28a-774edb50765e@group-C0B89EE05D5F-LeaderElection3] INFO  server.RaftServerConfigKeys (ConfUtils.java:logGet(43)) - raft.server.watch.element-limit = 65536 (default)
2019-10-02 15:49:42,959 [ced45e13-3c9a-48b2-a28a-774edb50765e@group-C0B89EE05D5F-LeaderElection3] INFO  impl.RoleInfo (RoleInfo.java:updateAndGet(143)) - ced45e13-3c9a-48b2-a28a-774edb50765e: start LeaderState
2019-10-02 15:49:42,960 [ced45e13-3c9a-48b2-a28a-774edb50765e@group-C0B89EE05D5F-LeaderElection3] INFO  segmented.SegmentedRaftLogWorker (SegmentedRaftLogWorker.java:startLogSegment(385)) - ced45e13-3c9a-48b2-a28a-774edb50765e@group-C0B89EE05D5F-SegmentedRaftLogWorker: Starting segment from index:0
2019-10-02 15:49:42,961 [ced45e13-3c9a-48b2-a28a-774edb50765e@group-C0B89EE05D5F-LeaderElection3] INFO  impl.RaftServerImpl (ServerState.java:setRaftConf(356)) - ced45e13-3c9a-48b2-a28a-774edb50765e@group-C0B89EE05D5F: set configuration 0: [ced45e13-3c9a-48b2-a28a-774edb50765e:192.168.151.72:42645], old=null at 0
2019-10-02 15:49:43,025 [ced45e13-3c9a-48b2-a28a-774edb50765e@group-C0B89EE05D5F-SegmentedRaftLogWorker] INFO  segmented.SegmentedRaftLogWorker (SegmentedRaftLogWorker.java:execute(574)) - ced45e13-3c9a-48b2-a28a-774edb50765e@group-C0B89EE05D5F-SegmentedRaftLogWorker: created new log segment /workdir/hadoop-ozone/integration-test/target/test-dir/MiniOzoneClusterImpl-44e437f6-303a-4d8e-bbbb-3b42b5072b0e/datanode-6/data/ratis/b9f064c9-579c-4b94-aa0c-c0b89ee05d5f/current/log_inprogress_0
2019-10-02 15:49:43,025 [Thread-249] INFO  impl.FollowerState (FollowerState.java:run(108)) - 3ae5aee2-2358-49e6-9004-20fc57714669@group-37A7D1828DF5-FollowerState: change to CANDIDATE, lastRpcTime:5092ms, electionTimeout:5082ms
2019-10-02 15:49:43,028 [Thread-249] INFO  impl.RoleInfo (RoleInfo.java:shutdownFollowerState(121)) - 3ae5aee2-2358-49e6-9004-20fc57714669: shutdown FollowerState
2019-10-02 15:49:43,028 [Thread-249] INFO  impl.RaftServerImpl (RaftServerImpl.java:setRole(170)) - 3ae5aee2-2358-49e6-9004-20fc57714669@group-37A7D1828DF5: changes role from  FOLLOWER to CANDIDATE at term 0 for changeToCandidate
2019-10-02 15:49:43,029 [Thread-249] INFO  impl.RoleInfo (RoleInfo.java:updateAndGet(143)) - 3ae5aee2-2358-49e6-9004-20fc57714669: start LeaderElection
2019-10-02 15:49:43,042 [3ae5aee2-2358-49e6-9004-20fc57714669@group-37A7D1828DF5-LeaderElection4] INFO  impl.LeaderElection (LeaderElection.java:askForVotes(178)) - 3ae5aee2-2358-49e6-9004-20fc57714669@group-37A7D1828DF5-LeaderElection4: begin an election at term 1 for -1: [3ae5aee2-2358-49e6-9004-20fc57714669:192.168.151.72:42197], old=null
2019-10-02 15:49:43,042 [3ae5aee2-2358-49e6-9004-20fc57714669@group-37A7D1828DF5-LeaderElection4] INFO  impl.RoleInfo (RoleInfo.java:shutdownLeaderElection(134)) - 3ae5aee2-2358-49e6-9004-20fc57714669: shutdown LeaderElection
2019-10-02 15:49:43,042 [3ae5aee2-2358-49e6-9004-20fc57714669@group-37A7D1828DF5-LeaderElection4] INFO  impl.RaftServerImpl (RaftServerImpl.java:setRole(170)) - 3ae5aee2-2358-49e6-9004-20fc57714669@group-37A7D1828DF5: changes role from CANDIDATE to LEADER at term 1 for changeToLeader
2019-10-02 15:49:43,042 [3ae5aee2-2358-49e6-9004-20fc57714669@group-37A7D1828DF5-LeaderElection4] INFO  impl.RaftServerImpl (ServerState.java:setLeader(255)) - 3ae5aee2-2358-49e6-9004-20fc57714669@group-37A7D1828DF5: change Leader from null to 3ae5aee2-2358-49e6-9004-20fc57714669 at term 1 for becomeLeader, leader elected after 5127ms
2019-10-02 15:49:43,044 [3ae5aee2-2358-49e6-9004-20fc57714669@group-37A7D1828DF5-LeaderElection4] INFO  server.RaftServerConfigKeys (ConfUtils.java:logGet(43)) - raft.server.staging.catchup.gap = 1000 (default)
2019-10-02 15:49:43,044 [3ae5aee2-2358-49e6-9004-20fc57714669@group-37A7D1828DF5-LeaderElection4] INFO  server.RaftServerConfigKeys (ConfUtils.java:logGet(43)) - raft.server.rpc.sleep.time = 25ms (default)
2019-10-02 15:49:43,044 [3ae5aee2-2358-49e6-9004-20fc57714669@group-37A7D1828DF5-LeaderElection4] INFO  server.RaftServerConfigKeys (ConfUtils.java:logGet(43)) - raft.server.write.element-limit = 4096 (default)
2019-10-02 15:49:43,044 [3ae5aee2-2358-49e6-9004-20fc57714669@group-37A7D1828DF5-LeaderElection4] INFO  server.RaftServerConfigKeys (ConfUtils.java:logGet(43)) - raft.server.watch.timeout = 10s (default)
2019-10-02 15:49:43,044 [3ae5aee2-2358-49e6-9004-20fc57714669@group-37A7D1828DF5-LeaderElection4] INFO  server.RaftServerConfigKeys (ConfUtils.java:logGet(43)) - raft.server.watch.timeout.denomination = 1s (default)
2019-10-02 15:49:43,045 [3ae5aee2-2358-49e6-9004-20fc57714669@group-37A7D1828DF5-LeaderElection4] INFO  server.RaftServerConfigKeys (ConfUtils.java:logGet(43)) - raft.server.watch.element-limit = 65536 (default)
2019-10-02 15:49:43,047 [3ae5aee2-2358-49e6-9004-20fc57714669@group-37A7D1828DF5-LeaderElection4] INFO  impl.RoleInfo (RoleInfo.java:updateAndGet(143)) - 3ae5aee2-2358-49e6-9004-20fc57714669: start LeaderState
2019-10-02 15:49:43,047 [3ae5aee2-2358-49e6-9004-20fc57714669@group-37A7D1828DF5-LeaderElection4] INFO  segmented.SegmentedRaftLogWorker (SegmentedRaftLogWorker.java:startLogSegment(385)) - 3ae5aee2-2358-49e6-9004-20fc57714669@group-37A7D1828DF5-SegmentedRaftLogWorker: Starting segment from index:0
2019-10-02 15:49:43,048 [3ae5aee2-2358-49e6-9004-20fc57714669@group-37A7D1828DF5-LeaderElection4] INFO  impl.RaftServerImpl (ServerState.java:setRaftConf(356)) - 3ae5aee2-2358-49e6-9004-20fc57714669@group-37A7D1828DF5: set configuration 0: [3ae5aee2-2358-49e6-9004-20fc57714669:192.168.151.72:42197], old=null at 0
2019-10-02 15:49:43,115 [3ae5aee2-2358-49e6-9004-20fc57714669@group-37A7D1828DF5-SegmentedRaftLogWorker] INFO  segmented.SegmentedRaftLogWorker (SegmentedRaftLogWorker.java:execute(574)) - 3ae5aee2-2358-49e6-9004-20fc57714669@group-37A7D1828DF5-SegmentedRaftLogWorker: created new log segment /workdir/hadoop-ozone/integration-test/target/test-dir/MiniOzoneClusterImpl-44e437f6-303a-4d8e-bbbb-3b42b5072b0e/datanode-1/data/ratis/41296a61-616e-4c79-be0f-37a7d1828df5/current/log_inprogress_0
2019-10-02 15:49:43,132 [Thread-255] INFO  impl.FollowerState (FollowerState.java:run(108)) - 9fe0589a-8026-4bfa-86ce-9d2b75bcfb63@group-302262AF1888-FollowerState: change to CANDIDATE, lastRpcTime:5029ms, electionTimeout:5029ms
2019-10-02 15:49:43,133 [Thread-255] INFO  impl.RoleInfo (RoleInfo.java:shutdownFollowerState(121)) - 9fe0589a-8026-4bfa-86ce-9d2b75bcfb63: shutdown FollowerState
2019-10-02 15:49:43,133 [Thread-255] INFO  impl.RaftServerImpl (RaftServerImpl.java:setRole(170)) - 9fe0589a-8026-4bfa-86ce-9d2b75bcfb63@group-302262AF1888: changes role from  FOLLOWER to CANDIDATE at term 0 for changeToCandidate
2019-10-02 15:49:43,133 [Thread-255] INFO  impl.RoleInfo (RoleInfo.java:updateAndGet(143)) - 9fe0589a-8026-4bfa-86ce-9d2b75bcfb63: start LeaderElection
2019-10-02 15:49:43,151 [9fe0589a-8026-4bfa-86ce-9d2b75bcfb63@group-302262AF1888-LeaderElection5] INFO  impl.LeaderElection (LeaderElection.java:askForVotes(178)) - 9fe0589a-8026-4bfa-86ce-9d2b75bcfb63@group-302262AF1888-LeaderElection5: begin an election at term 1 for -1: [9fe0589a-8026-4bfa-86ce-9d2b75bcfb63:192.168.151.72:45509], old=null
2019-10-02 15:49:43,151 [9fe0589a-8026-4bfa-86ce-9d2b75bcfb63@group-302262AF1888-LeaderElection5] INFO  impl.RoleInfo (RoleInfo.java:shutdownLeaderElection(134)) - 9fe0589a-8026-4bfa-86ce-9d2b75bcfb63: shutdown LeaderElection
2019-10-02 15:49:43,152 [9fe0589a-8026-4bfa-86ce-9d2b75bcfb63@group-302262AF1888-LeaderElection5] INFO  impl.RaftServerImpl (RaftServerImpl.java:setRole(170)) - 9fe0589a-8026-4bfa-86ce-9d2b75bcfb63@group-302262AF1888: changes role from CANDIDATE to LEADER at term 1 for changeToLeader
2019-10-02 15:49:43,152 [9fe0589a-8026-4bfa-86ce-9d2b75bcfb63@group-302262AF1888-LeaderElection5] INFO  impl.RaftServerImpl (ServerState.java:setLeader(255)) - 9fe0589a-8026-4bfa-86ce-9d2b75bcfb63@group-302262AF1888: change Leader from null to 9fe0589a-8026-4bfa-86ce-9d2b75bcfb63 at term 1 for becomeLeader, leader elected after 5061ms
2019-10-02 15:49:43,154 [9fe0589a-8026-4bfa-86ce-9d2b75bcfb63@group-302262AF1888-LeaderElection5] INFO  server.RaftServerConfigKeys (ConfUtils.java:logGet(43)) - raft.server.staging.catchup.gap = 1000 (default)
2019-10-02 15:49:43,154 [9fe0589a-8026-4bfa-86ce-9d2b75bcfb63@group-302262AF1888-LeaderElection5] INFO  server.RaftServerConfigKeys (ConfUtils.java:logGet(43)) - raft.server.rpc.sleep.time = 25ms (default)
2019-10-02 15:49:43,155 [9fe0589a-8026-4bfa-86ce-9d2b75bcfb63@group-302262AF1888-LeaderElection5] INFO  server.RaftServerConfigKeys (ConfUtils.java:logGet(43)) - raft.server.write.element-limit = 4096 (default)
2019-10-02 15:49:43,155 [9fe0589a-8026-4bfa-86ce-9d2b75bcfb63@group-302262AF1888-LeaderElection5] INFO  server.RaftServerConfigKeys (ConfUtils.java:logGet(43)) - raft.server.watch.timeout = 10s (default)
2019-10-02 15:49:43,155 [9fe0589a-8026-4bfa-86ce-9d2b75bcfb63@group-302262AF1888-LeaderElection5] INFO  server.RaftServerConfigKeys (ConfUtils.java:logGet(43)) - raft.server.watch.timeout.denomination = 1s (default)
2019-10-02 15:49:43,155 [9fe0589a-8026-4bfa-86ce-9d2b75bcfb63@group-302262AF1888-LeaderElection5] INFO  server.RaftServerConfigKeys (ConfUtils.java:logGet(43)) - raft.server.watch.element-limit = 65536 (default)
2019-10-02 15:49:43,160 [9fe0589a-8026-4bfa-86ce-9d2b75bcfb63@group-302262AF1888-LeaderElection5] INFO  impl.RoleInfo (RoleInfo.java:updateAndGet(143)) - 9fe0589a-8026-4bfa-86ce-9d2b75bcfb63: start LeaderState
2019-10-02 15:49:43,160 [9fe0589a-8026-4bfa-86ce-9d2b75bcfb63@group-302262AF1888-LeaderElection5] INFO  segmented.SegmentedRaftLogWorker (SegmentedRaftLogWorker.java:startLogSegment(385)) - 9fe0589a-8026-4bfa-86ce-9d2b75bcfb63@group-302262AF1888-SegmentedRaftLogWorker: Starting segment from index:0
2019-10-02 15:49:43,160 [Thread-252] INFO  impl.FollowerState (FollowerState.java:run(108)) - 88c51ebc-146a-419a-a6d2-c7973a662df3@group-B89A80CA5DBD-FollowerState: change to CANDIDATE, lastRpcTime:5144ms, electionTimeout:5144ms
2019-10-02 15:49:43,161 [Thread-252] INFO  impl.RoleInfo (RoleInfo.java:shutdownFollowerState(121)) - 88c51ebc-146a-419a-a6d2-c7973a662df3: shutdown FollowerState
2019-10-02 15:49:43,163 [Thread-252] INFO  impl.RaftServerImpl (RaftServerImpl.java:setRole(170)) - 88c51ebc-146a-419a-a6d2-c7973a662df3@group-B89A80CA5DBD: changes role from  FOLLOWER to CANDIDATE at term 0 for changeToCandidate
2019-10-02 15:49:43,163 [9fe0589a-8026-4bfa-86ce-9d2b75bcfb63@group-302262AF1888-LeaderElection5] INFO  impl.RaftServerImpl (ServerState.java:setRaftConf(356)) - 9fe0589a-8026-4bfa-86ce-9d2b75bcfb63@group-302262AF1888: set configuration 0: [9fe0589a-8026-4bfa-86ce-9d2b75bcfb63:192.168.151.72:45509], old=null at 0
2019-10-02 15:49:43,163 [Thread-252] INFO  impl.RoleInfo (RoleInfo.java:updateAndGet(143)) - 88c51ebc-146a-419a-a6d2-c7973a662df3: start LeaderElection
2019-10-02 15:49:43,216 [9fe0589a-8026-4bfa-86ce-9d2b75bcfb63@group-302262AF1888-SegmentedRaftLogWorker] INFO  segmented.SegmentedRaftLogWorker (SegmentedRaftLogWorker.java:execute(574)) - 9fe0589a-8026-4bfa-86ce-9d2b75bcfb63@group-302262AF1888-SegmentedRaftLogWorker: created new log segment /workdir/hadoop-ozone/integration-test/target/test-dir/MiniOzoneClusterImpl-44e437f6-303a-4d8e-bbbb-3b42b5072b0e/datanode-4/data/ratis/833b3347-9a4e-4999-a68f-302262af1888/current/log_inprogress_0
2019-10-02 15:49:43,216 [88c51ebc-146a-419a-a6d2-c7973a662df3@group-B89A80CA5DBD-LeaderElection6] INFO  impl.LeaderElection (LeaderElection.java:askForVotes(178)) - 88c51ebc-146a-419a-a6d2-c7973a662df3@group-B89A80CA5DBD-LeaderElection6: begin an election at term 1 for -1: [88c51ebc-146a-419a-a6d2-c7973a662df3:192.168.151.72:41745], old=null
2019-10-02 15:49:43,216 [88c51ebc-146a-419a-a6d2-c7973a662df3@group-B89A80CA5DBD-LeaderElection6] INFO  impl.RoleInfo (RoleInfo.java:shutdownLeaderElection(134)) - 88c51ebc-146a-419a-a6d2-c7973a662df3: shutdown LeaderElection
2019-10-02 15:49:43,217 [88c51ebc-146a-419a-a6d2-c7973a662df3@group-B89A80CA5DBD-LeaderElection6] INFO  impl.RaftServerImpl (RaftServerImpl.java:setRole(170)) - 88c51ebc-146a-419a-a6d2-c7973a662df3@group-B89A80CA5DBD: changes role from CANDIDATE to LEADER at term 1 for changeToLeader
2019-10-02 15:49:43,217 [88c51ebc-146a-419a-a6d2-c7973a662df3@group-B89A80CA5DBD-LeaderElection6] INFO  impl.RaftServerImpl (ServerState.java:setLeader(255)) - 88c51ebc-146a-419a-a6d2-c7973a662df3@group-B89A80CA5DBD: change Leader from null to 88c51ebc-146a-419a-a6d2-c7973a662df3 at term 1 for becomeLeader, leader elected after 5211ms
2019-10-02 15:49:43,218 [88c51ebc-146a-419a-a6d2-c7973a662df3@group-B89A80CA5DBD-LeaderElection6] INFO  server.RaftServerConfigKeys (ConfUtils.java:logGet(43)) - raft.server.staging.catchup.gap = 1000 (default)
2019-10-02 15:49:43,218 [Thread-258] INFO  impl.FollowerState (FollowerState.java:run(108)) - 00536315-28b4-4855-8f66-2c5dd80a276a@group-3A1E180AF420-FollowerState: change to CANDIDATE, lastRpcTime:5008ms, electionTimeout:5007ms
2019-10-02 15:49:43,218 [88c51ebc-146a-419a-a6d2-c7973a662df3@group-B89A80CA5DBD-LeaderElection6] INFO  server.RaftServerConfigKeys (ConfUtils.java:logGet(43)) - raft.server.rpc.sleep.time = 25ms (default)
2019-10-02 15:49:43,219 [Thread-258] INFO  impl.RoleInfo (RoleInfo.java:shutdownFollowerState(121)) - 00536315-28b4-4855-8f66-2c5dd80a276a: shutdown FollowerState
2019-10-02 15:49:43,219 [88c51ebc-146a-419a-a6d2-c7973a662df3@group-B89A80CA5DBD-LeaderElection6] INFO  server.RaftServerConfigKeys (ConfUtils.java:logGet(43)) - raft.server.write.element-limit = 4096 (default)
2019-10-02 15:49:43,219 [Thread-258] INFO  impl.RaftServerImpl (RaftServerImpl.java:setRole(170)) - 00536315-28b4-4855-8f66-2c5dd80a276a@group-3A1E180AF420: changes role from  FOLLOWER to CANDIDATE at term 0 for changeToCandidate
2019-10-02 15:49:43,219 [88c51ebc-146a-419a-a6d2-c7973a662df3@group-B89A80CA5DBD-LeaderElection6] INFO  server.RaftServerConfigKeys (ConfUtils.java:logGet(43)) - raft.server.watch.timeout = 10s (default)
2019-10-02 15:49:43,219 [Thread-258] INFO  impl.RoleInfo (RoleInfo.java:updateAndGet(143)) - 00536315-28b4-4855-8f66-2c5dd80a276a: start LeaderElection
2019-10-02 15:49:43,219 [88c51ebc-146a-419a-a6d2-c7973a662df3@group-B89A80CA5DBD-LeaderElection6] INFO  server.RaftServerConfigKeys (ConfUtils.java:logGet(43)) - raft.server.watch.timeout.denomination = 1s (default)
2019-10-02 15:49:43,219 [88c51ebc-146a-419a-a6d2-c7973a662df3@group-B89A80CA5DBD-LeaderElection6] INFO  server.RaftServerConfigKeys (ConfUtils.java:logGet(43)) - raft.server.watch.element-limit = 65536 (default)
2019-10-02 15:49:43,225 [88c51ebc-146a-419a-a6d2-c7973a662df3@group-B89A80CA5DBD-LeaderElection6] INFO  impl.RoleInfo (RoleInfo.java:updateAndGet(143)) - 88c51ebc-146a-419a-a6d2-c7973a662df3: start LeaderState
2019-10-02 15:49:43,225 [88c51ebc-146a-419a-a6d2-c7973a662df3@group-B89A80CA5DBD-LeaderElection6] INFO  segmented.SegmentedRaftLogWorker (SegmentedRaftLogWorker.java:startLogSegment(385)) - 88c51ebc-146a-419a-a6d2-c7973a662df3@group-B89A80CA5DBD-SegmentedRaftLogWorker: Starting segment from index:0
2019-10-02 15:49:43,226 [88c51ebc-146a-419a-a6d2-c7973a662df3@group-B89A80CA5DBD-LeaderElection6] INFO  impl.RaftServerImpl (ServerState.java:setRaftConf(356)) - 88c51ebc-146a-419a-a6d2-c7973a662df3@group-B89A80CA5DBD: set configuration 0: [88c51ebc-146a-419a-a6d2-c7973a662df3:192.168.151.72:41745], old=null at 0
2019-10-02 15:49:43,270 [00536315-28b4-4855-8f66-2c5dd80a276a@group-3A1E180AF420-LeaderElection7] INFO  impl.LeaderElection (LeaderElection.java:askForVotes(178)) - 00536315-28b4-4855-8f66-2c5dd80a276a@group-3A1E180AF420-LeaderElection7: begin an election at term 1 for -1: [00536315-28b4-4855-8f66-2c5dd80a276a:192.168.151.72:45948], old=null
2019-10-02 15:49:43,271 [00536315-28b4-4855-8f66-2c5dd80a276a@group-3A1E180AF420-LeaderElection7] INFO  impl.RoleInfo (RoleInfo.java:shutdownLeaderElection(134)) - 00536315-28b4-4855-8f66-2c5dd80a276a: shutdown LeaderElection
2019-10-02 15:49:43,271 [00536315-28b4-4855-8f66-2c5dd80a276a@group-3A1E180AF420-LeaderElection7] INFO  impl.RaftServerImpl (RaftServerImpl.java:setRole(170)) - 00536315-28b4-4855-8f66-2c5dd80a276a@group-3A1E180AF420: changes role from CANDIDATE to LEADER at term 1 for changeToLeader
2019-10-02 15:49:43,271 [00536315-28b4-4855-8f66-2c5dd80a276a@group-3A1E180AF420-LeaderElection7] INFO  impl.RaftServerImpl (ServerState.java:setLeader(255)) - 00536315-28b4-4855-8f66-2c5dd80a276a@group-3A1E180AF420: change Leader from null to 00536315-28b4-4855-8f66-2c5dd80a276a at term 1 for becomeLeader, leader elected after 5073ms
2019-10-02 15:49:43,274 [00536315-28b4-4855-8f66-2c5dd80a276a@group-3A1E180AF420-LeaderElection7] INFO  server.RaftServerConfigKeys (ConfUtils.java:logGet(43)) - raft.server.staging.catchup.gap = 1000 (default)
2019-10-02 15:49:43,274 [00536315-28b4-4855-8f66-2c5dd80a276a@group-3A1E180AF420-LeaderElection7] INFO  server.RaftServerConfigKeys (ConfUtils.java:logGet(43)) - raft.server.rpc.sleep.time = 25ms (default)
2019-10-02 15:49:43,275 [00536315-28b4-4855-8f66-2c5dd80a276a@group-3A1E180AF420-LeaderElection7] INFO  server.RaftServerConfigKeys (ConfUtils.java:logGet(43)) - raft.server.write.element-limit = 4096 (default)
2019-10-02 15:49:43,275 [00536315-28b4-4855-8f66-2c5dd80a276a@group-3A1E180AF420-LeaderElection7] INFO  server.RaftServerConfigKeys (ConfUtils.java:logGet(43)) - raft.server.watch.timeout = 10s (default)
2019-10-02 15:49:43,275 [00536315-28b4-4855-8f66-2c5dd80a276a@group-3A1E180AF420-LeaderElection7] INFO  server.RaftServerConfigKeys (ConfUtils.java:logGet(43)) - raft.server.watch.timeout.denomination = 1s (default)
2019-10-02 15:49:43,275 [00536315-28b4-4855-8f66-2c5dd80a276a@group-3A1E180AF420-LeaderElection7] INFO  server.RaftServerConfigKeys (ConfUtils.java:logGet(43)) - raft.server.watch.element-limit = 65536 (default)
2019-10-02 15:49:43,280 [00536315-28b4-4855-8f66-2c5dd80a276a@group-3A1E180AF420-LeaderElection7] INFO  impl.RoleInfo (RoleInfo.java:updateAndGet(143)) - 00536315-28b4-4855-8f66-2c5dd80a276a: start LeaderState
2019-10-02 15:49:43,281 [00536315-28b4-4855-8f66-2c5dd80a276a@group-3A1E180AF420-LeaderElection7] INFO  segmented.SegmentedRaftLogWorker (SegmentedRaftLogWorker.java:startLogSegment(385)) - 00536315-28b4-4855-8f66-2c5dd80a276a@group-3A1E180AF420-SegmentedRaftLogWorker: Starting segment from index:0
2019-10-02 15:49:43,282 [00536315-28b4-4855-8f66-2c5dd80a276a@group-3A1E180AF420-LeaderElection7] INFO  impl.RaftServerImpl (ServerState.java:setRaftConf(356)) - 00536315-28b4-4855-8f66-2c5dd80a276a@group-3A1E180AF420: set configuration 0: [00536315-28b4-4855-8f66-2c5dd80a276a:192.168.151.72:45948], old=null at 0
2019-10-02 15:49:43,295 [88c51ebc-146a-419a-a6d2-c7973a662df3@group-B89A80CA5DBD-SegmentedRaftLogWorker] INFO  segmented.SegmentedRaftLogWorker (SegmentedRaftLogWorker.java:execute(574)) - 88c51ebc-146a-419a-a6d2-c7973a662df3@group-B89A80CA5DBD-SegmentedRaftLogWorker: created new log segment /workdir/hadoop-ozone/integration-test/target/test-dir/MiniOzoneClusterImpl-44e437f6-303a-4d8e-bbbb-3b42b5072b0e/datanode-2/data/ratis/b70f66f5-b461-48d4-8414-b89a80ca5dbd/current/log_inprogress_0
2019-10-02 15:49:43,348 [00536315-28b4-4855-8f66-2c5dd80a276a@group-3A1E180AF420-SegmentedRaftLogWorker] INFO  segmented.SegmentedRaftLogWorker (SegmentedRaftLogWorker.java:execute(574)) - 00536315-28b4-4855-8f66-2c5dd80a276a@group-3A1E180AF420-SegmentedRaftLogWorker: created new log segment /workdir/hadoop-ozone/integration-test/target/test-dir/MiniOzoneClusterImpl-44e437f6-303a-4d8e-bbbb-3b42b5072b0e/datanode-5/data/ratis/3a1389e0-8e89-44aa-9f5e-3a1e180af420/current/log_inprogress_0
2019-10-02 15:49:43,368 [Thread-263] INFO  impl.FollowerState (FollowerState.java:run(108)) - e1085188-920c-47f7-886f-c98137f30542@group-81257F7736E1-FollowerState: change to CANDIDATE, lastRpcTime:5037ms, electionTimeout:5037ms
2019-10-02 15:49:43,368 [Thread-263] INFO  impl.RoleInfo (RoleInfo.java:shutdownFollowerState(121)) - e1085188-920c-47f7-886f-c98137f30542: shutdown FollowerState
2019-10-02 15:49:43,368 [Thread-263] INFO  impl.RaftServerImpl (RaftServerImpl.java:setRole(170)) - e1085188-920c-47f7-886f-c98137f30542@group-81257F7736E1: changes role from  FOLLOWER to CANDIDATE at term 0 for changeToCandidate
2019-10-02 15:49:43,368 [Thread-263] INFO  impl.RoleInfo (RoleInfo.java:updateAndGet(143)) - e1085188-920c-47f7-886f-c98137f30542: start LeaderElection
2019-10-02 15:49:43,381 [Thread-266] INFO  impl.FollowerState (FollowerState.java:run(108)) - 3ae5aee2-2358-49e6-9004-20fc57714669@group-81257F7736E1-FollowerState: change to CANDIDATE, lastRpcTime:5037ms, electionTimeout:5037ms
2019-10-02 15:49:43,381 [Thread-266] INFO  impl.RoleInfo (RoleInfo.java:shutdownFollowerState(121)) - 3ae5aee2-2358-49e6-9004-20fc57714669: shutdown FollowerState
2019-10-02 15:49:43,382 [Thread-266] INFO  impl.RaftServerImpl (RaftServerImpl.java:setRole(170)) - 3ae5aee2-2358-49e6-9004-20fc57714669@group-81257F7736E1: changes role from  FOLLOWER to CANDIDATE at term 0 for changeToCandidate
2019-10-02 15:49:43,382 [Thread-266] INFO  impl.RoleInfo (RoleInfo.java:updateAndGet(143)) - 3ae5aee2-2358-49e6-9004-20fc57714669: start LeaderElection
2019-10-02 15:49:43,399 [e1085188-920c-47f7-886f-c98137f30542@group-81257F7736E1-LeaderElection8] INFO  impl.LeaderElection (LeaderElection.java:askForVotes(178)) - e1085188-920c-47f7-886f-c98137f30542@group-81257F7736E1-LeaderElection8: begin an election at term 1 for -1: [3ae5aee2-2358-49e6-9004-20fc57714669:192.168.151.72:42197, e1085188-920c-47f7-886f-c98137f30542:192.168.151.72:45532, ced45e13-3c9a-48b2-a28a-774edb50765e:192.168.151.72:42645], old=null
2019-10-02 15:49:43,399 [3ae5aee2-2358-49e6-9004-20fc57714669@group-81257F7736E1-LeaderElection9] INFO  impl.LeaderElection (LeaderElection.java:askForVotes(178)) - 3ae5aee2-2358-49e6-9004-20fc57714669@group-81257F7736E1-LeaderElection9: begin an election at term 1 for -1: [3ae5aee2-2358-49e6-9004-20fc57714669:192.168.151.72:42197, e1085188-920c-47f7-886f-c98137f30542:192.168.151.72:45532, ced45e13-3c9a-48b2-a28a-774edb50765e:192.168.151.72:42645], old=null
2019-10-02 15:49:43,443 [grpc-default-executor-0] INFO  impl.RaftServerImpl (RaftServerImpl.java:setRole(170)) - ced45e13-3c9a-48b2-a28a-774edb50765e@group-81257F7736E1: changes role from  FOLLOWER to FOLLOWER at term 1 for recognizeCandidate:e1085188-920c-47f7-886f-c98137f30542
2019-10-02 15:49:43,443 [grpc-default-executor-0] INFO  impl.RoleInfo (RoleInfo.java:shutdownFollowerState(121)) - ced45e13-3c9a-48b2-a28a-774edb50765e: shutdown FollowerState
2019-10-02 15:49:43,443 [grpc-default-executor-0] INFO  impl.RoleInfo (RoleInfo.java:updateAndGet(143)) - ced45e13-3c9a-48b2-a28a-774edb50765e: start FollowerState
2019-10-02 15:49:43,443 [Thread-265] INFO  impl.FollowerState (FollowerState.java:run(117)) - ced45e13-3c9a-48b2-a28a-774edb50765e@group-81257F7736E1-FollowerState was interrupted: java.lang.InterruptedException: sleep interrupted
2019-10-02 15:49:43,494 [3ae5aee2-2358-49e6-9004-20fc57714669@group-81257F7736E1-LeaderElection9] INFO  impl.LeaderElection (LeaderElection.java:logAndReturn(56)) - 3ae5aee2-2358-49e6-9004-20fc57714669@group-81257F7736E1-LeaderElection9: Election REJECTED; received 2 response(s) [3ae5aee2-2358-49e6-9004-20fc57714669<-e1085188-920c-47f7-886f-c98137f30542#0:FAIL-t1, 3ae5aee2-2358-49e6-9004-20fc57714669<-ced45e13-3c9a-48b2-a28a-774edb50765e#0:FAIL-t1] and 0 exception(s); 3ae5aee2-2358-49e6-9004-20fc57714669@group-81257F7736E1:t1, leader=null, voted=3ae5aee2-2358-49e6-9004-20fc57714669, raftlog=3ae5aee2-2358-49e6-9004-20fc57714669@group-81257F7736E1-SegmentedRaftLog:OPENED:c-1,f-1,i0, conf=-1: [3ae5aee2-2358-49e6-9004-20fc57714669:192.168.151.72:42197, e1085188-920c-47f7-886f-c98137f30542:192.168.151.72:45532, ced45e13-3c9a-48b2-a28a-774edb50765e:192.168.151.72:42645], old=null
2019-10-02 15:49:43,495 [e1085188-920c-47f7-886f-c98137f30542@group-81257F7736E1-LeaderElection8] INFO  impl.LeaderElection (LeaderElection.java:logAndReturn(56)) - e1085188-920c-47f7-886f-c98137f30542@group-81257F7736E1-LeaderElection8: Election PASSED; received 2 response(s) [e1085188-920c-47f7-886f-c98137f30542<-3ae5aee2-2358-49e6-9004-20fc57714669#0:FAIL-t1, e1085188-920c-47f7-886f-c98137f30542<-ced45e13-3c9a-48b2-a28a-774edb50765e#0:OK-t1] and 0 exception(s); e1085188-920c-47f7-886f-c98137f30542@group-81257F7736E1:t1, leader=null, voted=e1085188-920c-47f7-886f-c98137f30542, raftlog=e1085188-920c-47f7-886f-c98137f30542@group-81257F7736E1-SegmentedRaftLog:OPENED:c-1,f-1,i0, conf=-1: [3ae5aee2-2358-49e6-9004-20fc57714669:192.168.151.72:42197, e1085188-920c-47f7-886f-c98137f30542:192.168.151.72:45532, ced45e13-3c9a-48b2-a28a-774edb50765e:192.168.151.72:42645], old=null
2019-10-02 15:49:43,495 [3ae5aee2-2358-49e6-9004-20fc57714669@group-81257F7736E1-LeaderElection9] INFO  impl.RaftServerImpl (RaftServerImpl.java:setRole(170)) - 3ae5aee2-2358-49e6-9004-20fc57714669@group-81257F7736E1: changes role from CANDIDATE to FOLLOWER at term 1 for DISCOVERED_A_NEW_TERM
2019-10-02 15:49:43,499 [e1085188-920c-47f7-886f-c98137f30542@group-81257F7736E1-LeaderElection8] INFO  impl.RoleInfo (RoleInfo.java:shutdownLeaderElection(134)) - e1085188-920c-47f7-886f-c98137f30542: shutdown LeaderElection
2019-10-02 15:49:43,500 [3ae5aee2-2358-49e6-9004-20fc57714669@group-81257F7736E1-LeaderElection9] INFO  impl.RoleInfo (RoleInfo.java:shutdownLeaderElection(134)) - 3ae5aee2-2358-49e6-9004-20fc57714669: shutdown LeaderElection
2019-10-02 15:49:43,501 [e1085188-920c-47f7-886f-c98137f30542@group-81257F7736E1-LeaderElection8] INFO  impl.RaftServerImpl (RaftServerImpl.java:setRole(170)) - e1085188-920c-47f7-886f-c98137f30542@group-81257F7736E1: changes role from CANDIDATE to LEADER at term 1 for changeToLeader
2019-10-02 15:49:43,504 [3ae5aee2-2358-49e6-9004-20fc57714669@group-81257F7736E1-LeaderElection9] INFO  impl.RoleInfo (RoleInfo.java:updateAndGet(143)) - 3ae5aee2-2358-49e6-9004-20fc57714669: start FollowerState
2019-10-02 15:49:43,504 [e1085188-920c-47f7-886f-c98137f30542@group-81257F7736E1-LeaderElection8] INFO  impl.RaftServerImpl (ServerState.java:setLeader(255)) - e1085188-920c-47f7-886f-c98137f30542@group-81257F7736E1: change Leader from null to e1085188-920c-47f7-886f-c98137f30542 at term 1 for becomeLeader, leader elected after 5188ms
2019-10-02 15:49:43,506 [e1085188-920c-47f7-886f-c98137f30542@group-81257F7736E1-LeaderElection8] INFO  server.RaftServerConfigKeys (ConfUtils.java:logGet(43)) - raft.server.staging.catchup.gap = 1000 (default)
2019-10-02 15:49:43,506 [e1085188-920c-47f7-886f-c98137f30542@group-81257F7736E1-LeaderElection8] INFO  server.RaftServerConfigKeys (ConfUtils.java:logGet(43)) - raft.server.rpc.sleep.time = 25ms (default)
2019-10-02 15:49:43,507 [e1085188-920c-47f7-886f-c98137f30542@group-81257F7736E1-LeaderElection8] INFO  server.RaftServerConfigKeys (ConfUtils.java:logGet(43)) - raft.server.write.element-limit = 4096 (default)
2019-10-02 15:49:43,507 [e1085188-920c-47f7-886f-c98137f30542@group-81257F7736E1-LeaderElection8] INFO  server.RaftServerConfigKeys (ConfUtils.java:logGet(43)) - raft.server.watch.timeout = 10s (default)
2019-10-02 15:49:43,507 [e1085188-920c-47f7-886f-c98137f30542@group-81257F7736E1-LeaderElection8] INFO  server.RaftServerConfigKeys (ConfUtils.java:logGet(43)) - raft.server.watch.timeout.denomination = 1s (default)
2019-10-02 15:49:43,507 [e1085188-920c-47f7-886f-c98137f30542@group-81257F7736E1-LeaderElection8] INFO  server.RaftServerConfigKeys (ConfUtils.java:logGet(43)) - raft.server.watch.element-limit = 65536 (default)
2019-10-02 15:49:43,516 [e1085188-920c-47f7-886f-c98137f30542@group-81257F7736E1-LeaderElection8] INFO  server.RaftServerConfigKeys (ConfUtils.java:logGet(43)) - raft.server.log.appender.snapshot.chunk.size.max = 16MB (=16777216) (default)
2019-10-02 15:49:43,516 [e1085188-920c-47f7-886f-c98137f30542@group-81257F7736E1-LeaderElection8] INFO  server.RaftServerConfigKeys (ConfUtils.java:logGet(43)) - raft.server.log.appender.buffer.byte-limit = 33554432 (custom)
2019-10-02 15:49:43,517 [e1085188-920c-47f7-886f-c98137f30542@group-81257F7736E1-LeaderElection8] INFO  server.RaftServerConfigKeys (ConfUtils.java:logGet(43)) - raft.server.log.appender.buffer.element-limit = 1 (custom)
2019-10-02 15:49:43,522 [e1085188-920c-47f7-886f-c98137f30542@group-81257F7736E1-LeaderElection8] INFO  grpc.GrpcConfigKeys$Server (ConfUtils.java:logGet(43)) - raft.grpc.server.leader.outstanding.appends.max = 128 (default)
2019-10-02 15:49:43,524 [e1085188-920c-47f7-886f-c98137f30542@group-81257F7736E1-LeaderElection8] INFO  server.RaftServerConfigKeys (ConfUtils.java:logGet(43)) - raft.server.rpc.request.timeout = 3000ms (default)
2019-10-02 15:49:43,525 [e1085188-920c-47f7-886f-c98137f30542@group-81257F7736E1-LeaderElection8] INFO  server.RaftServerConfigKeys (ConfUtils.java:logGet(43)) - raft.server.log.appender.install.snapshot.enabled = false (custom)
2019-10-02 15:49:43,526 [e1085188-920c-47f7-886f-c98137f30542@group-81257F7736E1-LeaderElection8] INFO  server.RaftServerConfigKeys (ConfUtils.java:logGet(43)) - raft.server.log.appender.snapshot.chunk.size.max = 16MB (=16777216) (default)
2019-10-02 15:49:43,526 [e1085188-920c-47f7-886f-c98137f30542@group-81257F7736E1-LeaderElection8] INFO  server.RaftServerConfigKeys (ConfUtils.java:logGet(43)) - raft.server.log.appender.buffer.byte-limit = 33554432 (custom)
2019-10-02 15:49:43,526 [e1085188-920c-47f7-886f-c98137f30542@group-81257F7736E1-LeaderElection8] INFO  server.RaftServerConfigKeys (ConfUtils.java:logGet(43)) - raft.server.log.appender.buffer.element-limit = 1 (custom)
2019-10-02 15:49:43,527 [e1085188-920c-47f7-886f-c98137f30542@group-81257F7736E1-LeaderElection8] INFO  grpc.GrpcConfigKeys$Server (ConfUtils.java:logGet(43)) - raft.grpc.server.leader.outstanding.appends.max = 128 (default)
2019-10-02 15:49:43,527 [e1085188-920c-47f7-886f-c98137f30542@group-81257F7736E1-LeaderElection8] INFO  server.RaftServerConfigKeys (ConfUtils.java:logGet(43)) - raft.server.rpc.request.timeout = 3000ms (default)
2019-10-02 15:49:43,527 [e1085188-920c-47f7-886f-c98137f30542@group-81257F7736E1-LeaderElection8] INFO  server.RaftServerConfigKeys (ConfUtils.java:logGet(43)) - raft.server.log.appender.install.snapshot.enabled = false (custom)
2019-10-02 15:49:43,529 [e1085188-920c-47f7-886f-c98137f30542@group-81257F7736E1-LeaderElection8] INFO  impl.RoleInfo (RoleInfo.java:updateAndGet(143)) - e1085188-920c-47f7-886f-c98137f30542: start LeaderState
2019-10-02 15:49:43,529 [e1085188-920c-47f7-886f-c98137f30542@group-81257F7736E1-LeaderElection8] INFO  segmented.SegmentedRaftLogWorker (SegmentedRaftLogWorker.java:startLogSegment(385)) - e1085188-920c-47f7-886f-c98137f30542@group-81257F7736E1-SegmentedRaftLogWorker: Starting segment from index:0
2019-10-02 15:49:43,530 [e1085188-920c-47f7-886f-c98137f30542@group-81257F7736E1-LeaderElection8] INFO  impl.RaftServerImpl (ServerState.java:setRaftConf(356)) - e1085188-920c-47f7-886f-c98137f30542@group-81257F7736E1: set configuration 0: [3ae5aee2-2358-49e6-9004-20fc57714669:192.168.151.72:42197, e1085188-920c-47f7-886f-c98137f30542:192.168.151.72:45532, ced45e13-3c9a-48b2-a28a-774edb50765e:192.168.151.72:42645], old=null at 0
2019-10-02 15:49:43,583 [e1085188-920c-47f7-886f-c98137f30542@group-81257F7736E1-SegmentedRaftLogWorker] INFO  segmented.SegmentedRaftLogWorker (SegmentedRaftLogWorker.java:execute(574)) - e1085188-920c-47f7-886f-c98137f30542@group-81257F7736E1-SegmentedRaftLogWorker: created new log segment /workdir/hadoop-ozone/integration-test/target/test-dir/MiniOzoneClusterImpl-44e437f6-303a-4d8e-bbbb-3b42b5072b0e/datanode-3/data/ratis/0558ff1a-2dab-4e88-9370-81257f7736e1/current/log_inprogress_0
2019-10-02 15:49:43,601 [Thread-272] INFO  impl.FollowerState (FollowerState.java:run(108)) - 00536315-28b4-4855-8f66-2c5dd80a276a@group-D05B49CF66A4-FollowerState: change to CANDIDATE, lastRpcTime:5122ms, electionTimeout:5122ms
2019-10-02 15:49:43,601 [Thread-272] INFO  impl.RoleInfo (RoleInfo.java:shutdownFollowerState(121)) - 00536315-28b4-4855-8f66-2c5dd80a276a: shutdown FollowerState
2019-10-02 15:49:43,601 [Thread-272] INFO  impl.RaftServerImpl (RaftServerImpl.java:setRole(170)) - 00536315-28b4-4855-8f66-2c5dd80a276a@group-D05B49CF66A4: changes role from  FOLLOWER to CANDIDATE at term 0 for changeToCandidate
2019-10-02 15:49:43,601 [Thread-272] INFO  impl.RoleInfo (RoleInfo.java:updateAndGet(143)) - 00536315-28b4-4855-8f66-2c5dd80a276a: start LeaderElection
2019-10-02 15:49:43,608 [Thread-274] INFO  impl.FollowerState (FollowerState.java:run(108)) - 88c51ebc-146a-419a-a6d2-c7973a662df3@group-D05B49CF66A4-FollowerState: change to CANDIDATE, lastRpcTime:5124ms, electionTimeout:5123ms
2019-10-02 15:49:43,608 [Thread-274] INFO  impl.RoleInfo (RoleInfo.java:shutdownFollowerState(121)) - 88c51ebc-146a-419a-a6d2-c7973a662df3: shutdown FollowerState
2019-10-02 15:49:43,608 [Thread-274] INFO  impl.RaftServerImpl (RaftServerImpl.java:setRole(170)) - 88c51ebc-146a-419a-a6d2-c7973a662df3@group-D05B49CF66A4: changes role from  FOLLOWER to CANDIDATE at term 0 for changeToCandidate
2019-10-02 15:49:43,608 [grpc-default-executor-0] INFO  impl.RaftServerImpl (ServerState.java:setLeader(255)) - ced45e13-3c9a-48b2-a28a-774edb50765e@group-81257F7736E1: change Leader from null to e1085188-920c-47f7-886f-c98137f30542 at term 1 for appendEntries, leader elected after 5292ms
2019-10-02 15:49:43,608 [grpc-default-executor-4] INFO  impl.RaftServerImpl (ServerState.java:setLeader(255)) - 3ae5aee2-2358-49e6-9004-20fc57714669@group-81257F7736E1: change Leader from null to e1085188-920c-47f7-886f-c98137f30542 at term 1 for appendEntries, leader elected after 5292ms
2019-10-02 15:49:43,608 [Thread-274] INFO  impl.RoleInfo (RoleInfo.java:updateAndGet(143)) - 88c51ebc-146a-419a-a6d2-c7973a662df3: start LeaderElection
2019-10-02 15:49:43,633 [88c51ebc-146a-419a-a6d2-c7973a662df3@group-D05B49CF66A4-LeaderElection11] INFO  impl.LeaderElection (LeaderElection.java:askForVotes(178)) - 88c51ebc-146a-419a-a6d2-c7973a662df3@group-D05B49CF66A4-LeaderElection11: begin an election at term 1 for -1: [88c51ebc-146a-419a-a6d2-c7973a662df3:192.168.151.72:41745, 9fe0589a-8026-4bfa-86ce-9d2b75bcfb63:192.168.151.72:45509, 00536315-28b4-4855-8f66-2c5dd80a276a:192.168.151.72:45948], old=null
2019-10-02 15:49:43,633 [00536315-28b4-4855-8f66-2c5dd80a276a@group-D05B49CF66A4-LeaderElection10] INFO  impl.LeaderElection (LeaderElection.java:askForVotes(178)) - 00536315-28b4-4855-8f66-2c5dd80a276a@group-D05B49CF66A4-LeaderElection10: begin an election at term 1 for -1: [88c51ebc-146a-419a-a6d2-c7973a662df3:192.168.151.72:41745, 9fe0589a-8026-4bfa-86ce-9d2b75bcfb63:192.168.151.72:45509, 00536315-28b4-4855-8f66-2c5dd80a276a:192.168.151.72:45948], old=null
2019-10-02 15:49:43,645 [Thread-276] INFO  impl.FollowerState (FollowerState.java:run(108)) - 9fe0589a-8026-4bfa-86ce-9d2b75bcfb63@group-D05B49CF66A4-FollowerState: change to CANDIDATE, lastRpcTime:5160ms, electionTimeout:5160ms
2019-10-02 15:49:43,646 [Thread-276] INFO  impl.RoleInfo (RoleInfo.java:shutdownFollowerState(121)) - 9fe0589a-8026-4bfa-86ce-9d2b75bcfb63: shutdown FollowerState
2019-10-02 15:49:43,646 [Thread-276] INFO  impl.RaftServerImpl (RaftServerImpl.java:setRole(170)) - 9fe0589a-8026-4bfa-86ce-9d2b75bcfb63@group-D05B49CF66A4: changes role from  FOLLOWER to CANDIDATE at term 0 for changeToCandidate
2019-10-02 15:49:43,646 [Thread-276] INFO  impl.RoleInfo (RoleInfo.java:updateAndGet(143)) - 9fe0589a-8026-4bfa-86ce-9d2b75bcfb63: start LeaderElection
2019-10-02 15:49:43,670 [9fe0589a-8026-4bfa-86ce-9d2b75bcfb63@group-D05B49CF66A4-LeaderElection12] INFO  impl.LeaderElection (LeaderElection.java:askForVotes(178)) - 9fe0589a-8026-4bfa-86ce-9d2b75bcfb63@group-D05B49CF66A4-LeaderElection12: begin an election at term 1 for -1: [88c51ebc-146a-419a-a6d2-c7973a662df3:192.168.151.72:41745, 9fe0589a-8026-4bfa-86ce-9d2b75bcfb63:192.168.151.72:45509, 00536315-28b4-4855-8f66-2c5dd80a276a:192.168.151.72:45948], old=null
2019-10-02 15:49:43,679 [00536315-28b4-4855-8f66-2c5dd80a276a@group-D05B49CF66A4-LeaderElection10] INFO  impl.LeaderElection (LeaderElection.java:logAndReturn(56)) - 00536315-28b4-4855-8f66-2c5dd80a276a@group-D05B49CF66A4-LeaderElection10: Election REJECTED; received 2 response(s) [00536315-28b4-4855-8f66-2c5dd80a276a<-88c51ebc-146a-419a-a6d2-c7973a662df3#0:FAIL-t1, 00536315-28b4-4855-8f66-2c5dd80a276a<-9fe0589a-8026-4bfa-86ce-9d2b75bcfb63#0:FAIL-t1] and 0 exception(s); 00536315-28b4-4855-8f66-2c5dd80a276a@group-D05B49CF66A4:t1, leader=null, voted=00536315-28b4-4855-8f66-2c5dd80a276a, raftlog=00536315-28b4-4855-8f66-2c5dd80a276a@group-D05B49CF66A4-SegmentedRaftLog:OPENED:c-1,f-1,i0, conf=-1: [88c51ebc-146a-419a-a6d2-c7973a662df3:192.168.151.72:41745, 9fe0589a-8026-4bfa-86ce-9d2b75bcfb63:192.168.151.72:45509, 00536315-28b4-4855-8f66-2c5dd80a276a:192.168.151.72:45948], old=null
2019-10-02 15:49:43,681 [00536315-28b4-4855-8f66-2c5dd80a276a@group-D05B49CF66A4-LeaderElection10] INFO  impl.RaftServerImpl (RaftServerImpl.java:setRole(170)) - 00536315-28b4-4855-8f66-2c5dd80a276a@group-D05B49CF66A4: changes role from CANDIDATE to FOLLOWER at term 1 for DISCOVERED_A_NEW_TERM
2019-10-02 15:49:43,684 [00536315-28b4-4855-8f66-2c5dd80a276a@group-D05B49CF66A4-LeaderElection10] INFO  impl.RoleInfo (RoleInfo.java:shutdownLeaderElection(134)) - 00536315-28b4-4855-8f66-2c5dd80a276a: shutdown LeaderElection
2019-10-02 15:49:43,686 [00536315-28b4-4855-8f66-2c5dd80a276a@group-D05B49CF66A4-LeaderElection10] INFO  impl.RoleInfo (RoleInfo.java:updateAndGet(143)) - 00536315-28b4-4855-8f66-2c5dd80a276a: start FollowerState
2019-10-02 15:49:43,694 [88c51ebc-146a-419a-a6d2-c7973a662df3@group-D05B49CF66A4-LeaderElection11] INFO  impl.LeaderElection (LeaderElection.java:logAndReturn(56)) - 88c51ebc-146a-419a-a6d2-c7973a662df3@group-D05B49CF66A4-LeaderElection11: Election REJECTED; received 2 response(s) [88c51ebc-146a-419a-a6d2-c7973a662df3<-00536315-28b4-4855-8f66-2c5dd80a276a#0:FAIL-t1, 88c51ebc-146a-419a-a6d2-c7973a662df3<-9fe0589a-8026-4bfa-86ce-9d2b75bcfb63#0:FAIL-t1] and 0 exception(s); 88c51ebc-146a-419a-a6d2-c7973a662df3@group-D05B49CF66A4:t1, leader=null, voted=88c51ebc-146a-419a-a6d2-c7973a662df3, raftlog=88c51ebc-146a-419a-a6d2-c7973a662df3@group-D05B49CF66A4-SegmentedRaftLog:OPENED:c-1,f-1,i0, conf=-1: [88c51ebc-146a-419a-a6d2-c7973a662df3:192.168.151.72:41745, 9fe0589a-8026-4bfa-86ce-9d2b75bcfb63:192.168.151.72:45509, 00536315-28b4-4855-8f66-2c5dd80a276a:192.168.151.72:45948], old=null
2019-10-02 15:49:43,696 [88c51ebc-146a-419a-a6d2-c7973a662df3@group-D05B49CF66A4-LeaderElection11] INFO  impl.RaftServerImpl (RaftServerImpl.java:setRole(170)) - 88c51ebc-146a-419a-a6d2-c7973a662df3@group-D05B49CF66A4: changes role from CANDIDATE to FOLLOWER at term 1 for DISCOVERED_A_NEW_TERM
2019-10-02 15:49:43,697 [88c51ebc-146a-419a-a6d2-c7973a662df3@group-D05B49CF66A4-LeaderElection11] INFO  impl.RoleInfo (RoleInfo.java:shutdownLeaderElection(134)) - 88c51ebc-146a-419a-a6d2-c7973a662df3: shutdown LeaderElection
2019-10-02 15:49:43,697 [88c51ebc-146a-419a-a6d2-c7973a662df3@group-D05B49CF66A4-LeaderElection11] INFO  impl.RoleInfo (RoleInfo.java:updateAndGet(143)) - 88c51ebc-146a-419a-a6d2-c7973a662df3: start FollowerState
2019-10-02 15:49:43,699 [grpc-default-executor-2] INFO  impl.RaftServerImpl (ServerState.java:setRaftConf(356)) - ced45e13-3c9a-48b2-a28a-774edb50765e@group-81257F7736E1: set configuration 0: [3ae5aee2-2358-49e6-9004-20fc57714669:192.168.151.72:42197, e1085188-920c-47f7-886f-c98137f30542:192.168.151.72:45532, ced45e13-3c9a-48b2-a28a-774edb50765e:192.168.151.72:42645], old=null at 0
2019-10-02 15:49:43,699 [grpc-default-executor-0] INFO  impl.RaftServerImpl (ServerState.java:setRaftConf(356)) - 3ae5aee2-2358-49e6-9004-20fc57714669@group-81257F7736E1: set configuration 0: [3ae5aee2-2358-49e6-9004-20fc57714669:192.168.151.72:42197, e1085188-920c-47f7-886f-c98137f30542:192.168.151.72:45532, ced45e13-3c9a-48b2-a28a-774edb50765e:192.168.151.72:42645], old=null at 0
2019-10-02 15:49:43,703 [grpc-default-executor-2] INFO  segmented.SegmentedRaftLogWorker (SegmentedRaftLogWorker.java:startLogSegment(385)) - ced45e13-3c9a-48b2-a28a-774edb50765e@group-81257F7736E1-SegmentedRaftLogWorker: Starting segment from index:0
2019-10-02 15:49:43,705 [grpc-default-executor-0] INFO  segmented.SegmentedRaftLogWorker (SegmentedRaftLogWorker.java:startLogSegment(385)) - 3ae5aee2-2358-49e6-9004-20fc57714669@group-81257F7736E1-SegmentedRaftLogWorker: Starting segment from index:0
2019-10-02 15:49:43,791 [ced45e13-3c9a-48b2-a28a-774edb50765e@group-81257F7736E1-SegmentedRaftLogWorker] INFO  segmented.SegmentedRaftLogWorker (SegmentedRaftLogWorker.java:execute(574)) - ced45e13-3c9a-48b2-a28a-774edb50765e@group-81257F7736E1-SegmentedRaftLogWorker: created new log segment /workdir/hadoop-ozone/integration-test/target/test-dir/MiniOzoneClusterImpl-44e437f6-303a-4d8e-bbbb-3b42b5072b0e/datanode-6/data/ratis/0558ff1a-2dab-4e88-9370-81257f7736e1/current/log_inprogress_0
2019-10-02 15:49:43,791 [9fe0589a-8026-4bfa-86ce-9d2b75bcfb63@group-D05B49CF66A4-LeaderElection12] INFO  impl.LeaderElection (LeaderElection.java:logAndReturn(56)) - 9fe0589a-8026-4bfa-86ce-9d2b75bcfb63@group-D05B49CF66A4-LeaderElection12: Election REJECTED; received 2 response(s) [9fe0589a-8026-4bfa-86ce-9d2b75bcfb63<-88c51ebc-146a-419a-a6d2-c7973a662df3#0:FAIL-t1, 9fe0589a-8026-4bfa-86ce-9d2b75bcfb63<-00536315-28b4-4855-8f66-2c5dd80a276a#0:FAIL-t1] and 0 exception(s); 9fe0589a-8026-4bfa-86ce-9d2b75bcfb63@group-D05B49CF66A4:t1, leader=null, voted=9fe0589a-8026-4bfa-86ce-9d2b75bcfb63, raftlog=9fe0589a-8026-4bfa-86ce-9d2b75bcfb63@group-D05B49CF66A4-SegmentedRaftLog:OPENED:c-1,f-1,i0, conf=-1: [88c51ebc-146a-419a-a6d2-c7973a662df3:192.168.151.72:41745, 9fe0589a-8026-4bfa-86ce-9d2b75bcfb63:192.168.151.72:45509, 00536315-28b4-4855-8f66-2c5dd80a276a:192.168.151.72:45948], old=null
2019-10-02 15:49:43,792 [9fe0589a-8026-4bfa-86ce-9d2b75bcfb63@group-D05B49CF66A4-LeaderElection12] INFO  impl.RaftServerImpl (RaftServerImpl.java:setRole(170)) - 9fe0589a-8026-4bfa-86ce-9d2b75bcfb63@group-D05B49CF66A4: changes role from CANDIDATE to FOLLOWER at term 1 for DISCOVERED_A_NEW_TERM
2019-10-02 15:49:43,796 [9fe0589a-8026-4bfa-86ce-9d2b75bcfb63@group-D05B49CF66A4-LeaderElection12] INFO  impl.RoleInfo (RoleInfo.java:shutdownLeaderElection(134)) - 9fe0589a-8026-4bfa-86ce-9d2b75bcfb63: shutdown LeaderElection
2019-10-02 15:49:43,796 [9fe0589a-8026-4bfa-86ce-9d2b75bcfb63@group-D05B49CF66A4-LeaderElection12] INFO  impl.RoleInfo (RoleInfo.java:updateAndGet(143)) - 9fe0589a-8026-4bfa-86ce-9d2b75bcfb63: start FollowerState
2019-10-02 15:49:43,803 [3ae5aee2-2358-49e6-9004-20fc57714669@group-81257F7736E1-SegmentedRaftLogWorker] INFO  segmented.SegmentedRaftLogWorker (SegmentedRaftLogWorker.java:execute(574)) - 3ae5aee2-2358-49e6-9004-20fc57714669@group-81257F7736E1-SegmentedRaftLogWorker: created new log segment /workdir/hadoop-ozone/integration-test/target/test-dir/MiniOzoneClusterImpl-44e437f6-303a-4d8e-bbbb-3b42b5072b0e/datanode-1/data/ratis/0558ff1a-2dab-4e88-9370-81257f7736e1/current/log_inprogress_0
2019-10-02 15:49:44,049 [pool-56-thread-1] ERROR impl.ChunkManagerImpl (ChunkUtils.java:writeData(89)) - data array does not match the length specified. DataLen: 1048576 Byte Array: 1048725
2019-10-02 15:49:44,050 [pool-56-thread-1] INFO  keyvalue.KeyValueHandler (ContainerUtils.java:logAndReturnError(146)) - Operation: WriteChunk : Trace ID: 6336634dcd8196bd:6336634dcd8196bd:0:0 : Message: data array does not match the length specified. DataLen: 1048576 Byte Array: 1048725 : Result: INVALID_WRITE_SIZE
2019-10-02 15:49:44,092 [EventQueue-IncrementalContainerReportForIncrementalContainerReportHandler] WARN  container.IncrementalContainerReportHandler (AbstractContainerReportHandler.java:updateContainerState(143)) - Container #1 is in OPEN state, but the datanode e1085188-920c-47f7-886f-c98137f30542{ip: 192.168.151.72, host: pr-trunk-fgz7f-2353921243, networkLocation: /default-rack, certSerialId: null} reports an UNHEALTHY replica.
15:49:44.101 [pool-56-thread-1] ERROR DNAudit - user=null | ip=null | op=WRITE_CHUNK {blockData=conID: 1 locID: 1570031379472 bcsId: 0} | ret=FAILURE
java.lang.Exception: data array does not match the length specified. DataLen: 1048576 Byte Array: 1048725
	at org.apache.hadoop.ozone.container.common.impl.HddsDispatcher.dispatchRequest(HddsDispatcher.java:330) ~[hadoop-hdds-container-service-0.5.0-SNAPSHOT.jar:?]
	at org.apache.hadoop.ozone.container.common.impl.HddsDispatcher.dispatch(HddsDispatcher.java:150) ~[hadoop-hdds-container-service-0.5.0-SNAPSHOT.jar:?]
	at org.apache.hadoop.ozone.container.common.transport.server.ratis.ContainerStateMachine.dispatchCommand(ContainerStateMachine.java:411) ~[hadoop-hdds-container-service-0.5.0-SNAPSHOT.jar:?]
	at org.apache.hadoop.ozone.container.common.transport.server.ratis.ContainerStateMachine.runCommand(ContainerStateMachine.java:419) ~[hadoop-hdds-container-service-0.5.0-SNAPSHOT.jar:?]
	at org.apache.hadoop.ozone.container.common.transport.server.ratis.ContainerStateMachine.lambda$handleWriteChunk$1(ContainerStateMachine.java:454) ~[hadoop-hdds-container-service-0.5.0-SNAPSHOT.jar:?]
	at java.util.concurrent.CompletableFuture$AsyncSupply.run(CompletableFuture.java:1590) [?:1.8.0_212]
	at java.util.concurrent.ThreadPoolExecutor.runWorker(ThreadPoolExecutor.java:1149) [?:1.8.0_212]
	at java.util.concurrent.ThreadPoolExecutor$Worker.run(ThreadPoolExecutor.java:624) [?:1.8.0_212]
	at java.lang.Thread.run(Thread.java:748) [?:1.8.0_212]
2019-10-02 15:49:44,116 [pool-56-thread-1] ERROR ratis.ContainerStateMachine (ContainerStateMachine.java:lambda$handleWriteChunk$2(474)) - group-81257F7736E1: writeChunk writeStateMachineData failed: blockIdcontainerID: 1
localID: 1570031379472
blockCommitSequenceId: 0
 logIndex 1 chunkName 1570031379472.data.0 Error message: data array does not match the length specified. DataLen: 1048576 Byte Array: 1048725 Container Result: INVALID_WRITE_SIZE
2019-10-02 15:49:44,129 [e1085188-920c-47f7-886f-c98137f30542@group-81257F7736E1-SegmentedRaftLogWorker] ERROR ratis.XceiverServerRatis (XceiverServerRatis.java:triggerPipelineClose(581)) - pipeline Action CLOSE  on pipeline PipelineID=0558ff1a-2dab-4e88-9370-81257f7736e1.Reason : data array does not match the length specified. DataLen: 1048576 Byte Array: 1048725
2019-10-02 15:49:44,142 [EventQueue-PipelineActionsForPipelineActionHandler] ERROR pipeline.PipelineActionHandler (PipelineActionHandler.java:onMessage(60)) - Received pipeline action CLOSE for Pipeline[ Id: 0558ff1a-2dab-4e88-9370-81257f7736e1, Nodes: e1085188-920c-47f7-886f-c98137f30542{ip: 192.168.151.72, host: pr-trunk-fgz7f-2353921243, networkLocation: /default-rack, certSerialId: null}ced45e13-3c9a-48b2-a28a-774edb50765e{ip: 192.168.151.72, host: pr-trunk-fgz7f-2353921243, networkLocation: /default-rack, certSerialId: null}3ae5aee2-2358-49e6-9004-20fc57714669{ip: 192.168.151.72, host: pr-trunk-fgz7f-2353921243, networkLocation: /default-rack, certSerialId: null}, Type:RATIS, Factor:THREE, State:OPEN] from datanode e1085188-920c-47f7-886f-c98137f30542{ip: 192.168.151.72, host: pr-trunk-fgz7f-2353921243, networkLocation: /default-rack, certSerialId: null}. Reason : data array does not match the length specified. DataLen: 1048576 Byte Array: 1048725
2019-10-02 15:49:44,142 [EventQueue-CloseContainerForCloseContainerEventHandler] INFO  container.CloseContainerEventHandler (CloseContainerEventHandler.java:onMessage(61)) - Close container Event triggered for container : #1
2019-10-02 15:49:44,142 [EventQueue-PipelineActionsForPipelineActionHandler] INFO  pipeline.SCMPipelineManager (SCMPipelineManager.java:finalizeAndDestroyPipeline(315)) - destroying pipeline:Pipeline[ Id: 0558ff1a-2dab-4e88-9370-81257f7736e1, Nodes: e1085188-920c-47f7-886f-c98137f30542{ip: 192.168.151.72, host: pr-trunk-fgz7f-2353921243, networkLocation: /default-rack, certSerialId: null}ced45e13-3c9a-48b2-a28a-774edb50765e{ip: 192.168.151.72, host: pr-trunk-fgz7f-2353921243, networkLocation: /default-rack, certSerialId: null}3ae5aee2-2358-49e6-9004-20fc57714669{ip: 192.168.151.72, host: pr-trunk-fgz7f-2353921243, networkLocation: /default-rack, certSerialId: null}, Type:RATIS, Factor:THREE, State:OPEN]
2019-10-02 15:49:44,149 [EventQueue-PipelineActionsForPipelineActionHandler] INFO  pipeline.PipelineStateManager (PipelineStateManager.java:finalizePipeline(123)) - Pipeline Pipeline[ Id: 0558ff1a-2dab-4e88-9370-81257f7736e1, Nodes: e1085188-920c-47f7-886f-c98137f30542{ip: 192.168.151.72, host: pr-trunk-fgz7f-2353921243, networkLocation: /default-rack, certSerialId: null}ced45e13-3c9a-48b2-a28a-774edb50765e{ip: 192.168.151.72, host: pr-trunk-fgz7f-2353921243, networkLocation: /default-rack, certSerialId: null}3ae5aee2-2358-49e6-9004-20fc57714669{ip: 192.168.151.72, host: pr-trunk-fgz7f-2353921243, networkLocation: /default-rack, certSerialId: null}, Type:RATIS, Factor:THREE, State:CLOSED] moved to CLOSED state
2019-10-02 15:49:44,155 [EventQueue-CloseContainerForCloseContainerEventHandler] INFO  container.CloseContainerEventHandler (CloseContainerEventHandler.java:onMessage(61)) - Close container Event triggered for container : #1
2019-10-02 15:49:44,179 [e1085188-920c-47f7-886f-c98137f30542@group-81257F7736E1-SegmentedRaftLogWorker] ERROR ratis.XceiverServerRatis (XceiverServerRatis.java:triggerPipelineClose(581)) - pipeline Action CLOSE  on pipeline PipelineID=0558ff1a-2dab-4e88-9370-81257f7736e1.Reason : Log already failed at index 1 for task WriteLog:1: (t:1, i:1), STATEMACHINELOGENTRY, client-894B1B128465, cid=13
2019-10-02 15:49:44,183 [EventQueue-PipelineActionsForPipelineActionHandler] ERROR pipeline.PipelineActionHandler (PipelineActionHandler.java:onMessage(60)) - Received pipeline action CLOSE for Pipeline[ Id: 0558ff1a-2dab-4e88-9370-81257f7736e1, Nodes: e1085188-920c-47f7-886f-c98137f30542{ip: 192.168.151.72, host: pr-trunk-fgz7f-2353921243, networkLocation: /default-rack, certSerialId: null}ced45e13-3c9a-48b2-a28a-774edb50765e{ip: 192.168.151.72, host: pr-trunk-fgz7f-2353921243, networkLocation: /default-rack, certSerialId: null}3ae5aee2-2358-49e6-9004-20fc57714669{ip: 192.168.151.72, host: pr-trunk-fgz7f-2353921243, networkLocation: /default-rack, certSerialId: null}, Type:RATIS, Factor:THREE, State:CLOSED] from datanode e1085188-920c-47f7-886f-c98137f30542{ip: 192.168.151.72, host: pr-trunk-fgz7f-2353921243, networkLocation: /default-rack, certSerialId: null}. Reason : Log already failed at index 1 for task WriteLog:1: (t:1, i:1), STATEMACHINELOGENTRY, client-894B1B128465, cid=13
2019-10-02 15:49:44,183 [EventQueue-PipelineActionsForPipelineActionHandler] INFO  pipeline.SCMPipelineManager (SCMPipelineManager.java:finalizeAndDestroyPipeline(315)) - destroying pipeline:Pipeline[ Id: 0558ff1a-2dab-4e88-9370-81257f7736e1, Nodes: e1085188-920c-47f7-886f-c98137f30542{ip: 192.168.151.72, host: pr-trunk-fgz7f-2353921243, networkLocation: /default-rack, certSerialId: null}ced45e13-3c9a-48b2-a28a-774edb50765e{ip: 192.168.151.72, host: pr-trunk-fgz7f-2353921243, networkLocation: /default-rack, certSerialId: null}3ae5aee2-2358-49e6-9004-20fc57714669{ip: 192.168.151.72, host: pr-trunk-fgz7f-2353921243, networkLocation: /default-rack, certSerialId: null}, Type:RATIS, Factor:THREE, State:CLOSED]
2019-10-02 15:49:46,884 [java.util.concurrent.ThreadPoolExecutor$Worker@106fce07[State = -1, empty queue]] ERROR client.GrpcClientProtocolClient (GrpcClientProtocolClient.java:close(148)) - Unexpected exception while waiting for channel termination
java.lang.InterruptedException
	at java.util.concurrent.locks.AbstractQueuedSynchronizer.tryAcquireSharedNanos(AbstractQueuedSynchronizer.java:1326)
	at java.util.concurrent.CountDownLatch.await(CountDownLatch.java:277)
	at org.apache.ratis.thirdparty.io.grpc.internal.ManagedChannelImpl.awaitTermination(ManagedChannelImpl.java:763)
	at org.apache.ratis.thirdparty.io.grpc.internal.ForwardingManagedChannel.awaitTermination(ForwardingManagedChannel.java:57)
	at org.apache.ratis.thirdparty.io.grpc.internal.ManagedChannelOrphanWrapper.awaitTermination(ManagedChannelOrphanWrapper.java:70)
	at org.apache.ratis.grpc.client.GrpcClientProtocolClient.close(GrpcClientProtocolClient.java:146)
	at org.apache.ratis.util.PeerProxyMap$PeerAndProxy.lambda$close$1(PeerProxyMap.java:74)
	at org.apache.ratis.util.LifeCycle.lambda$checkStateAndClose$2(LifeCycle.java:231)
	at org.apache.ratis.util.LifeCycle.checkStateAndClose(LifeCycle.java:251)
	at org.apache.ratis.util.LifeCycle.checkStateAndClose(LifeCycle.java:229)
	at org.apache.ratis.util.PeerProxyMap$PeerAndProxy.close(PeerProxyMap.java:70)
	at org.apache.ratis.util.PeerProxyMap.resetProxy(PeerProxyMap.java:127)
	at org.apache.ratis.util.PeerProxyMap.handleException(PeerProxyMap.java:136)
	at org.apache.ratis.client.impl.RaftClientRpcWithProxy.handleException(RaftClientRpcWithProxy.java:47)
	at org.apache.ratis.client.impl.RaftClientImpl.handleIOException(RaftClientImpl.java:372)
	at org.apache.ratis.client.impl.OrderedAsync.lambda$sendRequest$10(OrderedAsync.java:236)
	at java.util.concurrent.CompletableFuture.uniExceptionally(CompletableFuture.java:870)
	at java.util.concurrent.CompletableFuture$UniExceptionally.tryFire(CompletableFuture.java:852)
	at java.util.concurrent.CompletableFuture.postComplete(CompletableFuture.java:474)
	at java.util.concurrent.CompletableFuture.completeExceptionally(CompletableFuture.java:1977)
	at org.apache.ratis.grpc.client.GrpcClientProtocolClient$AsyncStreamObservers.lambda$timeoutCheck$3(GrpcClientProtocolClient.java:324)
	at java.util.Optional.ifPresent(Optional.java:159)
	at org.apache.ratis.grpc.client.GrpcClientProtocolClient$AsyncStreamObservers.handleReplyFuture(GrpcClientProtocolClient.java:329)
	at org.apache.ratis.grpc.client.GrpcClientProtocolClient$AsyncStreamObservers.timeoutCheck(GrpcClientProtocolClient.java:324)
	at org.apache.ratis.grpc.client.GrpcClientProtocolClient$AsyncStreamObservers.lambda$onNext$1(GrpcClientProtocolClient.java:318)
	at org.apache.ratis.util.TimeoutScheduler.lambda$onTimeout$0(TimeoutScheduler.java:113)
	at org.apache.ratis.util.TimeoutScheduler.lambda$onTimeout$1(TimeoutScheduler.java:133)
	at org.apache.ratis.util.LogUtils.runAndLog(LogUtils.java:50)
	at org.apache.ratis.util.LogUtils$1.run(LogUtils.java:91)
	at java.util.concurrent.Executors$RunnableAdapter.call(Executors.java:511)
	at java.util.concurrent.FutureTask.run(FutureTask.java:266)
	at java.util.concurrent.ScheduledThreadPoolExecutor$ScheduledFutureTask.access$201(ScheduledThreadPoolExecutor.java:180)
	at java.util.concurrent.ScheduledThreadPoolExecutor$ScheduledFutureTask.run(ScheduledThreadPoolExecutor.java:293)
	at java.util.concurrent.ThreadPoolExecutor.runWorker(ThreadPoolExecutor.java:1149)
	at java.util.concurrent.ThreadPoolExecutor$Worker.run(ThreadPoolExecutor.java:624)
	at java.lang.Thread.run(Thread.java:748)
2019-10-02 15:49:46,889 [java.util.concurrent.ThreadPoolExecutor$Worker@106fce07[State = -1, empty queue]] WARN  util.TimeoutScheduler (LogUtils.java:runAndLog(55)) - Failed to task #0: java.lang.NullPointerException
2019-10-02 15:49:48,784 [Thread-329] INFO  impl.FollowerState (FollowerState.java:run(108)) - 00536315-28b4-4855-8f66-2c5dd80a276a@group-D05B49CF66A4-FollowerState: change to CANDIDATE, lastRpcTime:5098ms, electionTimeout:5087ms
2019-10-02 15:49:48,787 [Thread-329] INFO  impl.RoleInfo (RoleInfo.java:shutdownFollowerState(121)) - 00536315-28b4-4855-8f66-2c5dd80a276a: shutdown FollowerState
2019-10-02 15:49:48,787 [Thread-329] INFO  impl.RaftServerImpl (RaftServerImpl.java:setRole(170)) - 00536315-28b4-4855-8f66-2c5dd80a276a@group-D05B49CF66A4: changes role from  FOLLOWER to CANDIDATE at term 1 for changeToCandidate
2019-10-02 15:49:48,787 [Thread-329] INFO  impl.RoleInfo (RoleInfo.java:updateAndGet(143)) - 00536315-28b4-4855-8f66-2c5dd80a276a: start LeaderElection
2019-10-02 15:49:48,804 [00536315-28b4-4855-8f66-2c5dd80a276a@group-D05B49CF66A4-LeaderElection13] INFO  impl.LeaderElection (LeaderElection.java:askForVotes(178)) - 00536315-28b4-4855-8f66-2c5dd80a276a@group-D05B49CF66A4-LeaderElection13: begin an election at term 2 for -1: [88c51ebc-146a-419a-a6d2-c7973a662df3:192.168.151.72:41745, 9fe0589a-8026-4bfa-86ce-9d2b75bcfb63:192.168.151.72:45509, 00536315-28b4-4855-8f66-2c5dd80a276a:192.168.151.72:45948], old=null
2019-10-02 15:49:48,813 [grpc-default-executor-2] INFO  impl.RaftServerImpl (RaftServerImpl.java:setRole(170)) - 88c51ebc-146a-419a-a6d2-c7973a662df3@group-D05B49CF66A4: changes role from  FOLLOWER to FOLLOWER at term 2 for recognizeCandidate:00536315-28b4-4855-8f66-2c5dd80a276a
2019-10-02 15:49:48,813 [grpc-default-executor-0] INFO  impl.RaftServerImpl (RaftServerImpl.java:setRole(170)) - 9fe0589a-8026-4bfa-86ce-9d2b75bcfb63@group-D05B49CF66A4: changes role from  FOLLOWER to FOLLOWER at term 2 for recognizeCandidate:00536315-28b4-4855-8f66-2c5dd80a276a
2019-10-02 15:49:48,813 [grpc-default-executor-2] INFO  impl.RoleInfo (RoleInfo.java:shutdownFollowerState(121)) - 88c51ebc-146a-419a-a6d2-c7973a662df3: shutdown FollowerState
2019-10-02 15:49:48,814 [grpc-default-executor-0] INFO  impl.RoleInfo (RoleInfo.java:shutdownFollowerState(121)) - 9fe0589a-8026-4bfa-86ce-9d2b75bcfb63: shutdown FollowerState
2019-10-02 15:49:48,814 [Thread-330] INFO  impl.FollowerState (FollowerState.java:run(117)) - 88c51ebc-146a-419a-a6d2-c7973a662df3@group-D05B49CF66A4-FollowerState was interrupted: java.lang.InterruptedException: sleep interrupted
2019-10-02 15:49:48,814 [grpc-default-executor-2] INFO  impl.RoleInfo (RoleInfo.java:updateAndGet(143)) - 88c51ebc-146a-419a-a6d2-c7973a662df3: start FollowerState
2019-10-02 15:49:48,814 [Thread-331] INFO  impl.FollowerState (FollowerState.java:run(117)) - 9fe0589a-8026-4bfa-86ce-9d2b75bcfb63@group-D05B49CF66A4-FollowerState was interrupted: java.lang.InterruptedException: sleep interrupted
2019-10-02 15:49:48,814 [grpc-default-executor-0] INFO  impl.RoleInfo (RoleInfo.java:updateAndGet(143)) - 9fe0589a-8026-4bfa-86ce-9d2b75bcfb63: start FollowerState
2019-10-02 15:49:48,836 [00536315-28b4-4855-8f66-2c5dd80a276a@group-D05B49CF66A4-LeaderElection13] INFO  impl.LeaderElection (LeaderElection.java:logAndReturn(56)) - 00536315-28b4-4855-8f66-2c5dd80a276a@group-D05B49CF66A4-LeaderElection13: Election PASSED; received 1 response(s) [00536315-28b4-4855-8f66-2c5dd80a276a<-9fe0589a-8026-4bfa-86ce-9d2b75bcfb63#0:OK-t2] and 0 exception(s); 00536315-28b4-4855-8f66-2c5dd80a276a@group-D05B49CF66A4:t2, leader=null, voted=00536315-28b4-4855-8f66-2c5dd80a276a, raftlog=00536315-28b4-4855-8f66-2c5dd80a276a@group-D05B49CF66A4-SegmentedRaftLog:OPENED:c-1,f-1,i0, conf=-1: [88c51ebc-146a-419a-a6d2-c7973a662df3:192.168.151.72:41745, 9fe0589a-8026-4bfa-86ce-9d2b75bcfb63:192.168.151.72:45509, 00536315-28b4-4855-8f66-2c5dd80a276a:192.168.151.72:45948], old=null
2019-10-02 15:49:48,836 [00536315-28b4-4855-8f66-2c5dd80a276a@group-D05B49CF66A4-LeaderElection13] INFO  impl.RoleInfo (RoleInfo.java:shutdownLeaderElection(134)) - 00536315-28b4-4855-8f66-2c5dd80a276a: shutdown LeaderElection
2019-10-02 15:49:48,839 [00536315-28b4-4855-8f66-2c5dd80a276a@group-D05B49CF66A4-LeaderElection13] INFO  impl.RaftServerImpl (RaftServerImpl.java:setRole(170)) - 00536315-28b4-4855-8f66-2c5dd80a276a@group-D05B49CF66A4: changes role from CANDIDATE to LEADER at term 2 for changeToLeader
2019-10-02 15:49:48,839 [00536315-28b4-4855-8f66-2c5dd80a276a@group-D05B49CF66A4-LeaderElection13] INFO  impl.RaftServerImpl (ServerState.java:setLeader(255)) - 00536315-28b4-4855-8f66-2c5dd80a276a@group-D05B49CF66A4: change Leader from null to 00536315-28b4-4855-8f66-2c5dd80a276a at term 2 for becomeLeader, leader elected after 10372ms
2019-10-02 15:49:48,839 [00536315-28b4-4855-8f66-2c5dd80a276a@group-D05B49CF66A4-LeaderElection13] INFO  server.RaftServerConfigKeys (ConfUtils.java:logGet(43)) - raft.server.staging.catchup.gap = 1000 (default)
2019-10-02 15:49:48,840 [00536315-28b4-4855-8f66-2c5dd80a276a@group-D05B49CF66A4-LeaderElection13] INFO  server.RaftServerConfigKeys (ConfUtils.java:logGet(43)) - raft.server.rpc.sleep.time = 25ms (default)
2019-10-02 15:49:48,840 [00536315-28b4-4855-8f66-2c5dd80a276a@group-D05B49CF66A4-LeaderElection13] INFO  server.RaftServerConfigKeys (ConfUtils.java:logGet(43)) - raft.server.write.element-limit = 4096 (default)
2019-10-02 15:49:48,840 [00536315-28b4-4855-8f66-2c5dd80a276a@group-D05B49CF66A4-LeaderElection13] INFO  server.RaftServerConfigKeys (ConfUtils.java:logGet(43)) - raft.server.watch.timeout = 10s (default)
2019-10-02 15:49:48,840 [00536315-28b4-4855-8f66-2c5dd80a276a@group-D05B49CF66A4-LeaderElection13] INFO  server.RaftServerConfigKeys (ConfUtils.java:logGet(43)) - raft.server.watch.timeout.denomination = 1s (default)
2019-10-02 15:49:48,841 [00536315-28b4-4855-8f66-2c5dd80a276a@group-D05B49CF66A4-LeaderElection13] INFO  server.RaftServerConfigKeys (ConfUtils.java:logGet(43)) - raft.server.watch.element-limit = 65536 (default)
2019-10-02 15:49:48,844 [00536315-28b4-4855-8f66-2c5dd80a276a@group-D05B49CF66A4-LeaderElection13] INFO  server.RaftServerConfigKeys (ConfUtils.java:logGet(43)) - raft.server.log.appender.snapshot.chunk.size.max = 16MB (=16777216) (default)
2019-10-02 15:49:48,845 [00536315-28b4-4855-8f66-2c5dd80a276a@group-D05B49CF66A4-LeaderElection13] INFO  server.RaftServerConfigKeys (ConfUtils.java:logGet(43)) - raft.server.log.appender.buffer.byte-limit = 33554432 (custom)
2019-10-02 15:49:48,845 [00536315-28b4-4855-8f66-2c5dd80a276a@group-D05B49CF66A4-LeaderElection13] INFO  server.RaftServerConfigKeys (ConfUtils.java:logGet(43)) - raft.server.log.appender.buffer.element-limit = 1 (custom)
2019-10-02 15:49:48,845 [00536315-28b4-4855-8f66-2c5dd80a276a@group-D05B49CF66A4-LeaderElection13] INFO  grpc.GrpcConfigKeys$Server (ConfUtils.java:logGet(43)) - raft.grpc.server.leader.outstanding.appends.max = 128 (default)
2019-10-02 15:49:48,845 [00536315-28b4-4855-8f66-2c5dd80a276a@group-D05B49CF66A4-LeaderElection13] INFO  server.RaftServerConfigKeys (ConfUtils.java:logGet(43)) - raft.server.rpc.request.timeout = 3000ms (default)
2019-10-02 15:49:48,846 [00536315-28b4-4855-8f66-2c5dd80a276a@group-D05B49CF66A4-LeaderElection13] INFO  server.RaftServerConfigKeys (ConfUtils.java:logGet(43)) - raft.server.log.appender.install.snapshot.enabled = false (custom)
2019-10-02 15:49:48,846 [00536315-28b4-4855-8f66-2c5dd80a276a@group-D05B49CF66A4-LeaderElection13] INFO  server.RaftServerConfigKeys (ConfUtils.java:logGet(43)) - raft.server.log.appender.snapshot.chunk.size.max = 16MB (=16777216) (default)
2019-10-02 15:49:48,846 [00536315-28b4-4855-8f66-2c5dd80a276a@group-D05B49CF66A4-LeaderElection13] INFO  server.RaftServerConfigKeys (ConfUtils.java:logGet(43)) - raft.server.log.appender.buffer.byte-limit = 33554432 (custom)
2019-10-02 15:49:48,846 [00536315-28b4-4855-8f66-2c5dd80a276a@group-D05B49CF66A4-LeaderElection13] INFO  server.RaftServerConfigKeys (ConfUtils.java:logGet(43)) - raft.server.log.appender.buffer.element-limit = 1 (custom)
2019-10-02 15:49:48,846 [00536315-28b4-4855-8f66-2c5dd80a276a@group-D05B49CF66A4-LeaderElection13] INFO  grpc.GrpcConfigKeys$Server (ConfUtils.java:logGet(43)) - raft.grpc.server.leader.outstanding.appends.max = 128 (default)
2019-10-02 15:49:48,847 [00536315-28b4-4855-8f66-2c5dd80a276a@group-D05B49CF66A4-LeaderElection13] INFO  server.RaftServerConfigKeys (ConfUtils.java:logGet(43)) - raft.server.rpc.request.timeout = 3000ms (default)
2019-10-02 15:49:48,847 [00536315-28b4-4855-8f66-2c5dd80a276a@group-D05B49CF66A4-LeaderElection13] INFO  server.RaftServerConfigKeys (ConfUtils.java:logGet(43)) - raft.server.log.appender.install.snapshot.enabled = false (custom)
2019-10-02 15:49:48,847 [00536315-28b4-4855-8f66-2c5dd80a276a@group-D05B49CF66A4-LeaderElection13] INFO  impl.RoleInfo (RoleInfo.java:updateAndGet(143)) - 00536315-28b4-4855-8f66-2c5dd80a276a: start LeaderState
2019-10-02 15:49:48,848 [00536315-28b4-4855-8f66-2c5dd80a276a@group-D05B49CF66A4-LeaderElection13] INFO  segmented.SegmentedRaftLogWorker (SegmentedRaftLogWorker.java:startLogSegment(385)) - 00536315-28b4-4855-8f66-2c5dd80a276a@group-D05B49CF66A4-SegmentedRaftLogWorker: Starting segment from index:0
2019-10-02 15:49:48,849 [00536315-28b4-4855-8f66-2c5dd80a276a@group-D05B49CF66A4-LeaderElection13] INFO  impl.RaftServerImpl (ServerState.java:setRaftConf(356)) - 00536315-28b4-4855-8f66-2c5dd80a276a@group-D05B49CF66A4: set configuration 0: [88c51ebc-146a-419a-a6d2-c7973a662df3:192.168.151.72:41745, 9fe0589a-8026-4bfa-86ce-9d2b75bcfb63:192.168.151.72:45509, 00536315-28b4-4855-8f66-2c5dd80a276a:192.168.151.72:45948], old=null at 0
2019-10-02 15:49:48,892 [grpc-default-executor-2] INFO  impl.RaftServerImpl (ServerState.java:setLeader(255)) - 9fe0589a-8026-4bfa-86ce-9d2b75bcfb63@group-D05B49CF66A4: change Leader from null to 00536315-28b4-4855-8f66-2c5dd80a276a at term 2 for appendEntries, leader elected after 10425ms
2019-10-02 15:49:48,892 [grpc-default-executor-0] INFO  impl.RaftServerImpl (ServerState.java:setLeader(255)) - 88c51ebc-146a-419a-a6d2-c7973a662df3@group-D05B49CF66A4: change Leader from null to 00536315-28b4-4855-8f66-2c5dd80a276a at term 2 for appendEntries, leader elected after 10424ms
2019-10-02 15:49:48,900 [grpc-default-executor-2] INFO  impl.RaftServerImpl (ServerState.java:setRaftConf(356)) - 88c51ebc-146a-419a-a6d2-c7973a662df3@group-D05B49CF66A4: set configuration 0: [88c51ebc-146a-419a-a6d2-c7973a662df3:192.168.151.72:41745, 9fe0589a-8026-4bfa-86ce-9d2b75bcfb63:192.168.151.72:45509, 00536315-28b4-4855-8f66-2c5dd80a276a:192.168.151.72:45948], old=null at 0
2019-10-02 15:49:48,900 [grpc-default-executor-0] INFO  impl.RaftServerImpl (ServerState.java:setRaftConf(356)) - 9fe0589a-8026-4bfa-86ce-9d2b75bcfb63@group-D05B49CF66A4: set configuration 0: [88c51ebc-146a-419a-a6d2-c7973a662df3:192.168.151.72:41745, 9fe0589a-8026-4bfa-86ce-9d2b75bcfb63:192.168.151.72:45509, 00536315-28b4-4855-8f66-2c5dd80a276a:192.168.151.72:45948], old=null at 0
2019-10-02 15:49:48,900 [grpc-default-executor-2] INFO  segmented.SegmentedRaftLogWorker (SegmentedRaftLogWorker.java:startLogSegment(385)) - 88c51ebc-146a-419a-a6d2-c7973a662df3@group-D05B49CF66A4-SegmentedRaftLogWorker: Starting segment from index:0
2019-10-02 15:49:48,900 [grpc-default-executor-0] INFO  segmented.SegmentedRaftLogWorker (SegmentedRaftLogWorker.java:startLogSegment(385)) - 9fe0589a-8026-4bfa-86ce-9d2b75bcfb63@group-D05B49CF66A4-SegmentedRaftLogWorker: Starting segment from index:0
2019-10-02 15:49:48,902 [00536315-28b4-4855-8f66-2c5dd80a276a@group-D05B49CF66A4-SegmentedRaftLogWorker] INFO  segmented.SegmentedRaftLogWorker (SegmentedRaftLogWorker.java:execute(574)) - 00536315-28b4-4855-8f66-2c5dd80a276a@group-D05B49CF66A4-SegmentedRaftLogWorker: created new log segment /workdir/hadoop-ozone/integration-test/target/test-dir/MiniOzoneClusterImpl-44e437f6-303a-4d8e-bbbb-3b42b5072b0e/datanode-5/data/ratis/f35c7e1f-051f-491d-a21e-d05b49cf66a4/current/log_inprogress_0
2019-10-02 15:49:48,952 [9fe0589a-8026-4bfa-86ce-9d2b75bcfb63@group-D05B49CF66A4-SegmentedRaftLogWorker] INFO  segmented.SegmentedRaftLogWorker (SegmentedRaftLogWorker.java:execute(574)) - 9fe0589a-8026-4bfa-86ce-9d2b75bcfb63@group-D05B49CF66A4-SegmentedRaftLogWorker: created new log segment /workdir/hadoop-ozone/integration-test/target/test-dir/MiniOzoneClusterImpl-44e437f6-303a-4d8e-bbbb-3b42b5072b0e/datanode-4/data/ratis/f35c7e1f-051f-491d-a21e-d05b49cf66a4/current/log_inprogress_0
2019-10-02 15:49:48,952 [88c51ebc-146a-419a-a6d2-c7973a662df3@group-D05B49CF66A4-SegmentedRaftLogWorker] INFO  segmented.SegmentedRaftLogWorker (SegmentedRaftLogWorker.java:execute(574)) - 88c51ebc-146a-419a-a6d2-c7973a662df3@group-D05B49CF66A4-SegmentedRaftLogWorker: created new log segment /workdir/hadoop-ozone/integration-test/target/test-dir/MiniOzoneClusterImpl-44e437f6-303a-4d8e-bbbb-3b42b5072b0e/datanode-2/data/ratis/f35c7e1f-051f-491d-a21e-d05b49cf66a4/current/log_inprogress_0
2019-10-02 15:49:50,965 [java.util.concurrent.ThreadPoolExecutor$Worker@d5f46ac[State = -1, empty queue]] ERROR client.GrpcClientProtocolClient (GrpcClientProtocolClient.java:close(148)) - Unexpected exception while waiting for channel termination
java.lang.InterruptedException
	at java.util.concurrent.locks.AbstractQueuedSynchronizer.tryAcquireSharedNanos(AbstractQueuedSynchronizer.java:1326)
	at java.util.concurrent.CountDownLatch.await(CountDownLatch.java:277)
	at org.apache.ratis.thirdparty.io.grpc.internal.ManagedChannelImpl.awaitTermination(ManagedChannelImpl.java:763)
	at org.apache.ratis.thirdparty.io.grpc.internal.ForwardingManagedChannel.awaitTermination(ForwardingManagedChannel.java:57)
	at org.apache.ratis.thirdparty.io.grpc.internal.ManagedChannelOrphanWrapper.awaitTermination(ManagedChannelOrphanWrapper.java:70)
	at org.apache.ratis.grpc.client.GrpcClientProtocolClient.close(GrpcClientProtocolClient.java:146)
	at org.apache.ratis.util.PeerProxyMap$PeerAndProxy.lambda$close$1(PeerProxyMap.java:74)
	at org.apache.ratis.util.LifeCycle.lambda$checkStateAndClose$2(LifeCycle.java:231)
	at org.apache.ratis.util.LifeCycle.checkStateAndClose(LifeCycle.java:251)
	at org.apache.ratis.util.LifeCycle.checkStateAndClose(LifeCycle.java:229)
	at org.apache.ratis.util.PeerProxyMap$PeerAndProxy.close(PeerProxyMap.java:70)
	at org.apache.ratis.util.PeerProxyMap.resetProxy(PeerProxyMap.java:127)
	at org.apache.ratis.util.PeerProxyMap.handleException(PeerProxyMap.java:136)
	at org.apache.ratis.client.impl.RaftClientRpcWithProxy.handleException(RaftClientRpcWithProxy.java:47)
	at org.apache.ratis.client.impl.RaftClientImpl.handleIOException(RaftClientImpl.java:372)
	at org.apache.ratis.client.impl.OrderedAsync.lambda$sendRequest$10(OrderedAsync.java:236)
	at java.util.concurrent.CompletableFuture.uniExceptionally(CompletableFuture.java:870)
	at java.util.concurrent.CompletableFuture$UniExceptionally.tryFire(CompletableFuture.java:852)
	at java.util.concurrent.CompletableFuture.postComplete(CompletableFuture.java:474)
	at java.util.concurrent.CompletableFuture.completeExceptionally(CompletableFuture.java:1977)
	at org.apache.ratis.grpc.client.GrpcClientProtocolClient$AsyncStreamObservers.lambda$timeoutCheck$3(GrpcClientProtocolClient.java:324)
	at java.util.Optional.ifPresent(Optional.java:159)
	at org.apache.ratis.grpc.client.GrpcClientProtocolClient$AsyncStreamObservers.handleReplyFuture(GrpcClientProtocolClient.java:329)
	at org.apache.ratis.grpc.client.GrpcClientProtocolClient$AsyncStreamObservers.timeoutCheck(GrpcClientProtocolClient.java:324)
	at org.apache.ratis.grpc.client.GrpcClientProtocolClient$AsyncStreamObservers.lambda$onNext$1(GrpcClientProtocolClient.java:318)
	at org.apache.ratis.util.TimeoutScheduler.lambda$onTimeout$0(TimeoutScheduler.java:113)
	at org.apache.ratis.util.TimeoutScheduler.lambda$onTimeout$1(TimeoutScheduler.java:133)
	at org.apache.ratis.util.LogUtils.runAndLog(LogUtils.java:50)
	at org.apache.ratis.util.LogUtils$1.run(LogUtils.java:91)
	at java.util.concurrent.Executors$RunnableAdapter.call(Executors.java:511)
	at java.util.concurrent.FutureTask.run(FutureTask.java:266)
	at java.util.concurrent.ScheduledThreadPoolExecutor$ScheduledFutureTask.access$201(ScheduledThreadPoolExecutor.java:180)
	at java.util.concurrent.ScheduledThreadPoolExecutor$ScheduledFutureTask.run(ScheduledThreadPoolExecutor.java:293)
	at java.util.concurrent.ThreadPoolExecutor.runWorker(ThreadPoolExecutor.java:1149)
	at java.util.concurrent.ThreadPoolExecutor$Worker.run(ThreadPoolExecutor.java:624)
	at java.lang.Thread.run(Thread.java:748)
2019-10-02 15:49:50,980 [java.util.concurrent.ThreadPoolExecutor$Worker@d5f46ac[State = -1, empty queue]] WARN  util.TimeoutScheduler (LogUtils.java:runAndLog(55)) - Failed to task #0: java.lang.NullPointerException
2019-10-02 15:49:55,044 [java.util.concurrent.ThreadPoolExecutor$Worker@151450a[State = -1, empty queue]] ERROR client.GrpcClientProtocolClient (GrpcClientProtocolClient.java:close(148)) - Unexpected exception while waiting for channel termination
java.lang.InterruptedException
	at java.util.concurrent.locks.AbstractQueuedSynchronizer.tryAcquireSharedNanos(AbstractQueuedSynchronizer.java:1326)
	at java.util.concurrent.CountDownLatch.await(CountDownLatch.java:277)
	at org.apache.ratis.thirdparty.io.grpc.internal.ManagedChannelImpl.awaitTermination(ManagedChannelImpl.java:763)
	at org.apache.ratis.thirdparty.io.grpc.internal.ForwardingManagedChannel.awaitTermination(ForwardingManagedChannel.java:57)
	at org.apache.ratis.thirdparty.io.grpc.internal.ManagedChannelOrphanWrapper.awaitTermination(ManagedChannelOrphanWrapper.java:70)
	at org.apache.ratis.grpc.client.GrpcClientProtocolClient.close(GrpcClientProtocolClient.java:146)
	at org.apache.ratis.util.PeerProxyMap$PeerAndProxy.lambda$close$1(PeerProxyMap.java:74)
	at org.apache.ratis.util.LifeCycle.lambda$checkStateAndClose$2(LifeCycle.java:231)
	at org.apache.ratis.util.LifeCycle.checkStateAndClose(LifeCycle.java:251)
	at org.apache.ratis.util.LifeCycle.checkStateAndClose(LifeCycle.java:229)
	at org.apache.ratis.util.PeerProxyMap$PeerAndProxy.close(PeerProxyMap.java:70)
	at org.apache.ratis.util.PeerProxyMap.resetProxy(PeerProxyMap.java:127)
	at org.apache.ratis.util.PeerProxyMap.handleException(PeerProxyMap.java:136)
	at org.apache.ratis.client.impl.RaftClientRpcWithProxy.handleException(RaftClientRpcWithProxy.java:47)
	at org.apache.ratis.client.impl.RaftClientImpl.handleIOException(RaftClientImpl.java:372)
	at org.apache.ratis.client.impl.OrderedAsync.lambda$sendRequest$10(OrderedAsync.java:236)
	at java.util.concurrent.CompletableFuture.uniExceptionally(CompletableFuture.java:870)
	at java.util.concurrent.CompletableFuture$UniExceptionally.tryFire(CompletableFuture.java:852)
	at java.util.concurrent.CompletableFuture.postComplete(CompletableFuture.java:474)
	at java.util.concurrent.CompletableFuture.completeExceptionally(CompletableFuture.java:1977)
	at org.apache.ratis.grpc.client.GrpcClientProtocolClient$AsyncStreamObservers.lambda$timeoutCheck$3(GrpcClientProtocolClient.java:324)
	at java.util.Optional.ifPresent(Optional.java:159)
	at org.apache.ratis.grpc.client.GrpcClientProtocolClient$AsyncStreamObservers.handleReplyFuture(GrpcClientProtocolClient.java:329)
	at org.apache.ratis.grpc.client.GrpcClientProtocolClient$AsyncStreamObservers.timeoutCheck(GrpcClientProtocolClient.java:324)
	at org.apache.ratis.grpc.client.GrpcClientProtocolClient$AsyncStreamObservers.lambda$onNext$1(GrpcClientProtocolClient.java:318)
	at org.apache.ratis.util.TimeoutScheduler.lambda$onTimeout$0(TimeoutScheduler.java:113)
	at org.apache.ratis.util.TimeoutScheduler.lambda$onTimeout$1(TimeoutScheduler.java:133)
	at org.apache.ratis.util.LogUtils.runAndLog(LogUtils.java:50)
	at org.apache.ratis.util.LogUtils$1.run(LogUtils.java:91)
	at java.util.concurrent.Executors$RunnableAdapter.call(Executors.java:511)
	at java.util.concurrent.FutureTask.run(FutureTask.java:266)
	at java.util.concurrent.ScheduledThreadPoolExecutor$ScheduledFutureTask.access$201(ScheduledThreadPoolExecutor.java:180)
	at java.util.concurrent.ScheduledThreadPoolExecutor$ScheduledFutureTask.run(ScheduledThreadPoolExecutor.java:293)
	at java.util.concurrent.ThreadPoolExecutor.runWorker(ThreadPoolExecutor.java:1149)
	at java.util.concurrent.ThreadPoolExecutor$Worker.run(ThreadPoolExecutor.java:624)
	at java.lang.Thread.run(Thread.java:748)
2019-10-02 15:49:55,049 [java.util.concurrent.ThreadPoolExecutor$Worker@151450a[State = -1, empty queue]] WARN  util.TimeoutScheduler (LogUtils.java:runAndLog(55)) - Failed to task #0: java.lang.NullPointerException
2019-10-02 15:49:59,108 [java.util.concurrent.ThreadPoolExecutor$Worker@3e9f0b71[State = -1, empty queue]] ERROR client.GrpcClientProtocolClient (GrpcClientProtocolClient.java:close(148)) - Unexpected exception while waiting for channel termination
java.lang.InterruptedException
	at java.util.concurrent.locks.AbstractQueuedSynchronizer.tryAcquireSharedNanos(AbstractQueuedSynchronizer.java:1326)
	at java.util.concurrent.CountDownLatch.await(CountDownLatch.java:277)
	at org.apache.ratis.thirdparty.io.grpc.internal.ManagedChannelImpl.awaitTermination(ManagedChannelImpl.java:763)
	at org.apache.ratis.thirdparty.io.grpc.internal.ForwardingManagedChannel.awaitTermination(ForwardingManagedChannel.java:57)
	at org.apache.ratis.thirdparty.io.grpc.internal.ManagedChannelOrphanWrapper.awaitTermination(ManagedChannelOrphanWrapper.java:70)
	at org.apache.ratis.grpc.client.GrpcClientProtocolClient.close(GrpcClientProtocolClient.java:146)
	at org.apache.ratis.util.PeerProxyMap$PeerAndProxy.lambda$close$1(PeerProxyMap.java:74)
	at org.apache.ratis.util.LifeCycle.lambda$checkStateAndClose$2(LifeCycle.java:231)
	at org.apache.ratis.util.LifeCycle.checkStateAndClose(LifeCycle.java:251)
	at org.apache.ratis.util.LifeCycle.checkStateAndClose(LifeCycle.java:229)
	at org.apache.ratis.util.PeerProxyMap$PeerAndProxy.close(PeerProxyMap.java:70)
	at org.apache.ratis.util.PeerProxyMap.resetProxy(PeerProxyMap.java:127)
	at org.apache.ratis.util.PeerProxyMap.handleException(PeerProxyMap.java:136)
	at org.apache.ratis.client.impl.RaftClientRpcWithProxy.handleException(RaftClientRpcWithProxy.java:47)
	at org.apache.ratis.client.impl.RaftClientImpl.handleIOException(RaftClientImpl.java:372)
	at org.apache.ratis.client.impl.OrderedAsync.lambda$sendRequest$10(OrderedAsync.java:236)
	at java.util.concurrent.CompletableFuture.uniExceptionally(CompletableFuture.java:870)
	at java.util.concurrent.CompletableFuture$UniExceptionally.tryFire(CompletableFuture.java:852)
	at java.util.concurrent.CompletableFuture.postComplete(CompletableFuture.java:474)
	at java.util.concurrent.CompletableFuture.completeExceptionally(CompletableFuture.java:1977)
	at org.apache.ratis.grpc.client.GrpcClientProtocolClient$AsyncStreamObservers.lambda$timeoutCheck$3(GrpcClientProtocolClient.java:324)
	at java.util.Optional.ifPresent(Optional.java:159)
	at org.apache.ratis.grpc.client.GrpcClientProtocolClient$AsyncStreamObservers.handleReplyFuture(GrpcClientProtocolClient.java:329)
	at org.apache.ratis.grpc.client.GrpcClientProtocolClient$AsyncStreamObservers.timeoutCheck(GrpcClientProtocolClient.java:324)
	at org.apache.ratis.grpc.client.GrpcClientProtocolClient$AsyncStreamObservers.lambda$onNext$1(GrpcClientProtocolClient.java:318)
	at org.apache.ratis.util.TimeoutScheduler.lambda$onTimeout$0(TimeoutScheduler.java:113)
	at org.apache.ratis.util.TimeoutScheduler.lambda$onTimeout$1(TimeoutScheduler.java:133)
	at org.apache.ratis.util.LogUtils.runAndLog(LogUtils.java:50)
	at org.apache.ratis.util.LogUtils$1.run(LogUtils.java:91)
	at java.util.concurrent.Executors$RunnableAdapter.call(Executors.java:511)
	at java.util.concurrent.FutureTask.run(FutureTask.java:266)
	at java.util.concurrent.ScheduledThreadPoolExecutor$ScheduledFutureTask.access$201(ScheduledThreadPoolExecutor.java:180)
	at java.util.concurrent.ScheduledThreadPoolExecutor$ScheduledFutureTask.run(ScheduledThreadPoolExecutor.java:293)
	at java.util.concurrent.ThreadPoolExecutor.runWorker(ThreadPoolExecutor.java:1149)
	at java.util.concurrent.ThreadPoolExecutor$Worker.run(ThreadPoolExecutor.java:624)
	at java.lang.Thread.run(Thread.java:748)
2019-10-02 15:49:59,110 [java.util.concurrent.ThreadPoolExecutor$Worker@3e9f0b71[State = -1, empty queue]] WARN  util.TimeoutScheduler (LogUtils.java:runAndLog(55)) - Failed to task #0: java.lang.NullPointerException
2019-10-02 15:50:03,166 [java.util.concurrent.ThreadPoolExecutor$Worker@484b6e[State = -1, empty queue]] ERROR client.GrpcClientProtocolClient (GrpcClientProtocolClient.java:close(148)) - Unexpected exception while waiting for channel termination
java.lang.InterruptedException
	at java.util.concurrent.locks.AbstractQueuedSynchronizer.tryAcquireSharedNanos(AbstractQueuedSynchronizer.java:1326)
	at java.util.concurrent.CountDownLatch.await(CountDownLatch.java:277)
	at org.apache.ratis.thirdparty.io.grpc.internal.ManagedChannelImpl.awaitTermination(ManagedChannelImpl.java:763)
	at org.apache.ratis.thirdparty.io.grpc.internal.ForwardingManagedChannel.awaitTermination(ForwardingManagedChannel.java:57)
	at org.apache.ratis.thirdparty.io.grpc.internal.ManagedChannelOrphanWrapper.awaitTermination(ManagedChannelOrphanWrapper.java:70)
	at org.apache.ratis.grpc.client.GrpcClientProtocolClient.close(GrpcClientProtocolClient.java:146)
	at org.apache.ratis.util.PeerProxyMap$PeerAndProxy.lambda$close$1(PeerProxyMap.java:74)
	at org.apache.ratis.util.LifeCycle.lambda$checkStateAndClose$2(LifeCycle.java:231)
	at org.apache.ratis.util.LifeCycle.checkStateAndClose(LifeCycle.java:251)
	at org.apache.ratis.util.LifeCycle.checkStateAndClose(LifeCycle.java:229)
	at org.apache.ratis.util.PeerProxyMap$PeerAndProxy.close(PeerProxyMap.java:70)
	at org.apache.ratis.util.PeerProxyMap.resetProxy(PeerProxyMap.java:127)
	at org.apache.ratis.util.PeerProxyMap.handleException(PeerProxyMap.java:136)
	at org.apache.ratis.client.impl.RaftClientRpcWithProxy.handleException(RaftClientRpcWithProxy.java:47)
	at org.apache.ratis.client.impl.RaftClientImpl.handleIOException(RaftClientImpl.java:372)
	at org.apache.ratis.client.impl.OrderedAsync.lambda$sendRequest$10(OrderedAsync.java:236)
	at java.util.concurrent.CompletableFuture.uniExceptionally(CompletableFuture.java:870)
	at java.util.concurrent.CompletableFuture$UniExceptionally.tryFire(CompletableFuture.java:852)
	at java.util.concurrent.CompletableFuture.postComplete(CompletableFuture.java:474)
	at java.util.concurrent.CompletableFuture.completeExceptionally(CompletableFuture.java:1977)
	at org.apache.ratis.grpc.client.GrpcClientProtocolClient$AsyncStreamObservers.lambda$timeoutCheck$3(GrpcClientProtocolClient.java:324)
	at java.util.Optional.ifPresent(Optional.java:159)
	at org.apache.ratis.grpc.client.GrpcClientProtocolClient$AsyncStreamObservers.handleReplyFuture(GrpcClientProtocolClient.java:329)
	at org.apache.ratis.grpc.client.GrpcClientProtocolClient$AsyncStreamObservers.timeoutCheck(GrpcClientProtocolClient.java:324)
	at org.apache.ratis.grpc.client.GrpcClientProtocolClient$AsyncStreamObservers.lambda$onNext$1(GrpcClientProtocolClient.java:318)
	at org.apache.ratis.util.TimeoutScheduler.lambda$onTimeout$0(TimeoutScheduler.java:113)
	at org.apache.ratis.util.TimeoutScheduler.lambda$onTimeout$1(TimeoutScheduler.java:133)
	at org.apache.ratis.util.LogUtils.runAndLog(LogUtils.java:50)
	at org.apache.ratis.util.LogUtils$1.run(LogUtils.java:91)
	at java.util.concurrent.Executors$RunnableAdapter.call(Executors.java:511)
	at java.util.concurrent.FutureTask.run(FutureTask.java:266)
	at java.util.concurrent.ScheduledThreadPoolExecutor$ScheduledFutureTask.access$201(ScheduledThreadPoolExecutor.java:180)
	at java.util.concurrent.ScheduledThreadPoolExecutor$ScheduledFutureTask.run(ScheduledThreadPoolExecutor.java:293)
	at java.util.concurrent.ThreadPoolExecutor.runWorker(ThreadPoolExecutor.java:1149)
	at java.util.concurrent.ThreadPoolExecutor$Worker.run(ThreadPoolExecutor.java:624)
	at java.lang.Thread.run(Thread.java:748)
2019-10-02 15:50:03,169 [java.util.concurrent.ThreadPoolExecutor$Worker@484b6e[State = -1, empty queue]] WARN  util.TimeoutScheduler (LogUtils.java:runAndLog(55)) - Failed to task #0: java.lang.NullPointerException
2019-10-02 15:50:07,234 [java.util.concurrent.ThreadPoolExecutor$Worker@2ac14eda[State = -1, empty queue]] ERROR client.GrpcClientProtocolClient (GrpcClientProtocolClient.java:close(148)) - Unexpected exception while waiting for channel termination
java.lang.InterruptedException
	at java.util.concurrent.locks.AbstractQueuedSynchronizer.tryAcquireSharedNanos(AbstractQueuedSynchronizer.java:1326)
	at java.util.concurrent.CountDownLatch.await(CountDownLatch.java:277)
	at org.apache.ratis.thirdparty.io.grpc.internal.ManagedChannelImpl.awaitTermination(ManagedChannelImpl.java:763)
	at org.apache.ratis.thirdparty.io.grpc.internal.ForwardingManagedChannel.awaitTermination(ForwardingManagedChannel.java:57)
	at org.apache.ratis.thirdparty.io.grpc.internal.ManagedChannelOrphanWrapper.awaitTermination(ManagedChannelOrphanWrapper.java:70)
	at org.apache.ratis.grpc.client.GrpcClientProtocolClient.close(GrpcClientProtocolClient.java:146)
	at org.apache.ratis.util.PeerProxyMap$PeerAndProxy.lambda$close$1(PeerProxyMap.java:74)
	at org.apache.ratis.util.LifeCycle.lambda$checkStateAndClose$2(LifeCycle.java:231)
	at org.apache.ratis.util.LifeCycle.checkStateAndClose(LifeCycle.java:251)
	at org.apache.ratis.util.LifeCycle.checkStateAndClose(LifeCycle.java:229)
	at org.apache.ratis.util.PeerProxyMap$PeerAndProxy.close(PeerProxyMap.java:70)
	at org.apache.ratis.util.PeerProxyMap.resetProxy(PeerProxyMap.java:127)
	at org.apache.ratis.util.PeerProxyMap.handleException(PeerProxyMap.java:136)
	at org.apache.ratis.client.impl.RaftClientRpcWithProxy.handleException(RaftClientRpcWithProxy.java:47)
	at org.apache.ratis.client.impl.RaftClientImpl.handleIOException(RaftClientImpl.java:372)
	at org.apache.ratis.client.impl.OrderedAsync.lambda$sendRequest$10(OrderedAsync.java:236)
	at java.util.concurrent.CompletableFuture.uniExceptionally(CompletableFuture.java:870)
	at java.util.concurrent.CompletableFuture$UniExceptionally.tryFire(CompletableFuture.java:852)
	at java.util.concurrent.CompletableFuture.postComplete(CompletableFuture.java:474)
	at java.util.concurrent.CompletableFuture.completeExceptionally(CompletableFuture.java:1977)
	at org.apache.ratis.grpc.client.GrpcClientProtocolClient$AsyncStreamObservers.lambda$timeoutCheck$3(GrpcClientProtocolClient.java:324)
	at java.util.Optional.ifPresent(Optional.java:159)
	at org.apache.ratis.grpc.client.GrpcClientProtocolClient$AsyncStreamObservers.handleReplyFuture(GrpcClientProtocolClient.java:329)
	at org.apache.ratis.grpc.client.GrpcClientProtocolClient$AsyncStreamObservers.timeoutCheck(GrpcClientProtocolClient.java:324)
	at org.apache.ratis.grpc.client.GrpcClientProtocolClient$AsyncStreamObservers.lambda$onNext$1(GrpcClientProtocolClient.java:318)
	at org.apache.ratis.util.TimeoutScheduler.lambda$onTimeout$0(TimeoutScheduler.java:113)
	at org.apache.ratis.util.TimeoutScheduler.lambda$onTimeout$1(TimeoutScheduler.java:133)
	at org.apache.ratis.util.LogUtils.runAndLog(LogUtils.java:50)
	at org.apache.ratis.util.LogUtils$1.run(LogUtils.java:91)
	at java.util.concurrent.Executors$RunnableAdapter.call(Executors.java:511)
	at java.util.concurrent.FutureTask.run(FutureTask.java:266)
	at java.util.concurrent.ScheduledThreadPoolExecutor$ScheduledFutureTask.access$201(ScheduledThreadPoolExecutor.java:180)
	at java.util.concurrent.ScheduledThreadPoolExecutor$ScheduledFutureTask.run(ScheduledThreadPoolExecutor.java:293)
	at java.util.concurrent.ThreadPoolExecutor.runWorker(ThreadPoolExecutor.java:1149)
	at java.util.concurrent.ThreadPoolExecutor$Worker.run(ThreadPoolExecutor.java:624)
	at java.lang.Thread.run(Thread.java:748)
2019-10-02 15:50:07,237 [java.util.concurrent.ThreadPoolExecutor$Worker@2ac14eda[State = -1, empty queue]] WARN  util.TimeoutScheduler (LogUtils.java:runAndLog(55)) - Failed to task #0: java.lang.NullPointerException
2019-10-02 15:50:11,313 [java.util.concurrent.ThreadPoolExecutor$Worker@670470bf[State = -1, empty queue]] ERROR client.GrpcClientProtocolClient (GrpcClientProtocolClient.java:close(148)) - Unexpected exception while waiting for channel termination
java.lang.InterruptedException
	at java.util.concurrent.locks.AbstractQueuedSynchronizer.tryAcquireSharedNanos(AbstractQueuedSynchronizer.java:1326)
	at java.util.concurrent.CountDownLatch.await(CountDownLatch.java:277)
	at org.apache.ratis.thirdparty.io.grpc.internal.ManagedChannelImpl.awaitTermination(ManagedChannelImpl.java:763)
	at org.apache.ratis.thirdparty.io.grpc.internal.ForwardingManagedChannel.awaitTermination(ForwardingManagedChannel.java:57)
	at org.apache.ratis.thirdparty.io.grpc.internal.ManagedChannelOrphanWrapper.awaitTermination(ManagedChannelOrphanWrapper.java:70)
	at org.apache.ratis.grpc.client.GrpcClientProtocolClient.close(GrpcClientProtocolClient.java:146)
	at org.apache.ratis.util.PeerProxyMap$PeerAndProxy.lambda$close$1(PeerProxyMap.java:74)
	at org.apache.ratis.util.LifeCycle.lambda$checkStateAndClose$2(LifeCycle.java:231)
	at org.apache.ratis.util.LifeCycle.checkStateAndClose(LifeCycle.java:251)
	at org.apache.ratis.util.LifeCycle.checkStateAndClose(LifeCycle.java:229)
	at org.apache.ratis.util.PeerProxyMap$PeerAndProxy.close(PeerProxyMap.java:70)
	at org.apache.ratis.util.PeerProxyMap.resetProxy(PeerProxyMap.java:127)
	at org.apache.ratis.util.PeerProxyMap.handleException(PeerProxyMap.java:136)
	at org.apache.ratis.client.impl.RaftClientRpcWithProxy.handleException(RaftClientRpcWithProxy.java:47)
	at org.apache.ratis.client.impl.RaftClientImpl.handleIOException(RaftClientImpl.java:372)
	at org.apache.ratis.client.impl.OrderedAsync.lambda$sendRequest$10(OrderedAsync.java:236)
	at java.util.concurrent.CompletableFuture.uniExceptionally(CompletableFuture.java:870)
	at java.util.concurrent.CompletableFuture$UniExceptionally.tryFire(CompletableFuture.java:852)
	at java.util.concurrent.CompletableFuture.postComplete(CompletableFuture.java:474)
	at java.util.concurrent.CompletableFuture.completeExceptionally(CompletableFuture.java:1977)
	at org.apache.ratis.grpc.client.GrpcClientProtocolClient$AsyncStreamObservers.lambda$timeoutCheck$3(GrpcClientProtocolClient.java:324)
	at java.util.Optional.ifPresent(Optional.java:159)
	at org.apache.ratis.grpc.client.GrpcClientProtocolClient$AsyncStreamObservers.handleReplyFuture(GrpcClientProtocolClient.java:329)
	at org.apache.ratis.grpc.client.GrpcClientProtocolClient$AsyncStreamObservers.timeoutCheck(GrpcClientProtocolClient.java:324)
	at org.apache.ratis.grpc.client.GrpcClientProtocolClient$AsyncStreamObservers.lambda$onNext$1(GrpcClientProtocolClient.java:318)
	at org.apache.ratis.util.TimeoutScheduler.lambda$onTimeout$0(TimeoutScheduler.java:113)
	at org.apache.ratis.util.TimeoutScheduler.lambda$onTimeout$1(TimeoutScheduler.java:133)
	at org.apache.ratis.util.LogUtils.runAndLog(LogUtils.java:50)
	at org.apache.ratis.util.LogUtils$1.run(LogUtils.java:91)
	at java.util.concurrent.Executors$RunnableAdapter.call(Executors.java:511)
	at java.util.concurrent.FutureTask.run(FutureTask.java:266)
	at java.util.concurrent.ScheduledThreadPoolExecutor$ScheduledFutureTask.access$201(ScheduledThreadPoolExecutor.java:180)
	at java.util.concurrent.ScheduledThreadPoolExecutor$ScheduledFutureTask.run(ScheduledThreadPoolExecutor.java:293)
	at java.util.concurrent.ThreadPoolExecutor.runWorker(ThreadPoolExecutor.java:1149)
	at java.util.concurrent.ThreadPoolExecutor$Worker.run(ThreadPoolExecutor.java:624)
	at java.lang.Thread.run(Thread.java:748)
2019-10-02 15:50:11,315 [java.util.concurrent.ThreadPoolExecutor$Worker@670470bf[State = -1, empty queue]] WARN  util.TimeoutScheduler (LogUtils.java:runAndLog(55)) - Failed to task #0: java.lang.NullPointerException
2019-10-02 15:50:15,393 [java.util.concurrent.ThreadPoolExecutor$Worker@dfc7cdc[State = -1, empty queue]] ERROR client.GrpcClientProtocolClient (GrpcClientProtocolClient.java:close(148)) - Unexpected exception while waiting for channel termination
java.lang.InterruptedException
	at java.util.concurrent.locks.AbstractQueuedSynchronizer.tryAcquireSharedNanos(AbstractQueuedSynchronizer.java:1326)
	at java.util.concurrent.CountDownLatch.await(CountDownLatch.java:277)
	at org.apache.ratis.thirdparty.io.grpc.internal.ManagedChannelImpl.awaitTermination(ManagedChannelImpl.java:763)
	at org.apache.ratis.thirdparty.io.grpc.internal.ForwardingManagedChannel.awaitTermination(ForwardingManagedChannel.java:57)
	at org.apache.ratis.thirdparty.io.grpc.internal.ManagedChannelOrphanWrapper.awaitTermination(ManagedChannelOrphanWrapper.java:70)
	at org.apache.ratis.grpc.client.GrpcClientProtocolClient.close(GrpcClientProtocolClient.java:146)
	at org.apache.ratis.util.PeerProxyMap$PeerAndProxy.lambda$close$1(PeerProxyMap.java:74)
	at org.apache.ratis.util.LifeCycle.lambda$checkStateAndClose$2(LifeCycle.java:231)
	at org.apache.ratis.util.LifeCycle.checkStateAndClose(LifeCycle.java:251)
	at org.apache.ratis.util.LifeCycle.checkStateAndClose(LifeCycle.java:229)
	at org.apache.ratis.util.PeerProxyMap$PeerAndProxy.close(PeerProxyMap.java:70)
	at org.apache.ratis.util.PeerProxyMap.resetProxy(PeerProxyMap.java:127)
	at org.apache.ratis.util.PeerProxyMap.handleException(PeerProxyMap.java:136)
	at org.apache.ratis.client.impl.RaftClientRpcWithProxy.handleException(RaftClientRpcWithProxy.java:47)
	at org.apache.ratis.client.impl.RaftClientImpl.handleIOException(RaftClientImpl.java:372)
	at org.apache.ratis.client.impl.OrderedAsync.lambda$sendRequest$10(OrderedAsync.java:236)
	at java.util.concurrent.CompletableFuture.uniExceptionally(CompletableFuture.java:870)
	at java.util.concurrent.CompletableFuture$UniExceptionally.tryFire(CompletableFuture.java:852)
	at java.util.concurrent.CompletableFuture.postComplete(CompletableFuture.java:474)
	at java.util.concurrent.CompletableFuture.completeExceptionally(CompletableFuture.java:1977)
	at org.apache.ratis.grpc.client.GrpcClientProtocolClient$AsyncStreamObservers.lambda$timeoutCheck$3(GrpcClientProtocolClient.java:324)
	at java.util.Optional.ifPresent(Optional.java:159)
	at org.apache.ratis.grpc.client.GrpcClientProtocolClient$AsyncStreamObservers.handleReplyFuture(GrpcClientProtocolClient.java:329)
	at org.apache.ratis.grpc.client.GrpcClientProtocolClient$AsyncStreamObservers.timeoutCheck(GrpcClientProtocolClient.java:324)
	at org.apache.ratis.grpc.client.GrpcClientProtocolClient$AsyncStreamObservers.lambda$onNext$1(GrpcClientProtocolClient.java:318)
	at org.apache.ratis.util.TimeoutScheduler.lambda$onTimeout$0(TimeoutScheduler.java:113)
	at org.apache.ratis.util.TimeoutScheduler.lambda$onTimeout$1(TimeoutScheduler.java:133)
	at org.apache.ratis.util.LogUtils.runAndLog(LogUtils.java:50)
	at org.apache.ratis.util.LogUtils$1.run(LogUtils.java:91)
	at java.util.concurrent.Executors$RunnableAdapter.call(Executors.java:511)
	at java.util.concurrent.FutureTask.run(FutureTask.java:266)
	at java.util.concurrent.ScheduledThreadPoolExecutor$ScheduledFutureTask.access$201(ScheduledThreadPoolExecutor.java:180)
	at java.util.concurrent.ScheduledThreadPoolExecutor$ScheduledFutureTask.run(ScheduledThreadPoolExecutor.java:293)
	at java.util.concurrent.ThreadPoolExecutor.runWorker(ThreadPoolExecutor.java:1149)
	at java.util.concurrent.ThreadPoolExecutor$Worker.run(ThreadPoolExecutor.java:624)
	at java.lang.Thread.run(Thread.java:748)
2019-10-02 15:50:15,395 [java.util.concurrent.ThreadPoolExecutor$Worker@dfc7cdc[State = -1, empty queue]] WARN  util.TimeoutScheduler (LogUtils.java:runAndLog(55)) - Failed to task #0: java.lang.NullPointerException
2019-10-02 15:50:19,464 [java.util.concurrent.ThreadPoolExecutor$Worker@1882612d[State = -1, empty queue]] ERROR client.GrpcClientProtocolClient (GrpcClientProtocolClient.java:close(148)) - Unexpected exception while waiting for channel termination
java.lang.InterruptedException
	at java.util.concurrent.locks.AbstractQueuedSynchronizer.tryAcquireSharedNanos(AbstractQueuedSynchronizer.java:1326)
	at java.util.concurrent.CountDownLatch.await(CountDownLatch.java:277)
	at org.apache.ratis.thirdparty.io.grpc.internal.ManagedChannelImpl.awaitTermination(ManagedChannelImpl.java:763)
	at org.apache.ratis.thirdparty.io.grpc.internal.ForwardingManagedChannel.awaitTermination(ForwardingManagedChannel.java:57)
	at org.apache.ratis.thirdparty.io.grpc.internal.ManagedChannelOrphanWrapper.awaitTermination(ManagedChannelOrphanWrapper.java:70)
	at org.apache.ratis.grpc.client.GrpcClientProtocolClient.close(GrpcClientProtocolClient.java:146)
	at org.apache.ratis.util.PeerProxyMap$PeerAndProxy.lambda$close$1(PeerProxyMap.java:74)
	at org.apache.ratis.util.LifeCycle.lambda$checkStateAndClose$2(LifeCycle.java:231)
	at org.apache.ratis.util.LifeCycle.checkStateAndClose(LifeCycle.java:251)
	at org.apache.ratis.util.LifeCycle.checkStateAndClose(LifeCycle.java:229)
	at org.apache.ratis.util.PeerProxyMap$PeerAndProxy.close(PeerProxyMap.java:70)
	at org.apache.ratis.util.PeerProxyMap.resetProxy(PeerProxyMap.java:127)
	at org.apache.ratis.util.PeerProxyMap.handleException(PeerProxyMap.java:136)
	at org.apache.ratis.client.impl.RaftClientRpcWithProxy.handleException(RaftClientRpcWithProxy.java:47)
	at org.apache.ratis.client.impl.RaftClientImpl.handleIOException(RaftClientImpl.java:372)
	at org.apache.ratis.client.impl.OrderedAsync.lambda$sendRequest$10(OrderedAsync.java:236)
	at java.util.concurrent.CompletableFuture.uniExceptionally(CompletableFuture.java:870)
	at java.util.concurrent.CompletableFuture$UniExceptionally.tryFire(CompletableFuture.java:852)
	at java.util.concurrent.CompletableFuture.postComplete(CompletableFuture.java:474)
	at java.util.concurrent.CompletableFuture.completeExceptionally(CompletableFuture.java:1977)
	at org.apache.ratis.grpc.client.GrpcClientProtocolClient$AsyncStreamObservers.lambda$timeoutCheck$3(GrpcClientProtocolClient.java:324)
	at java.util.Optional.ifPresent(Optional.java:159)
	at org.apache.ratis.grpc.client.GrpcClientProtocolClient$AsyncStreamObservers.handleReplyFuture(GrpcClientProtocolClient.java:329)
	at org.apache.ratis.grpc.client.GrpcClientProtocolClient$AsyncStreamObservers.timeoutCheck(GrpcClientProtocolClient.java:324)
	at org.apache.ratis.grpc.client.GrpcClientProtocolClient$AsyncStreamObservers.lambda$onNext$1(GrpcClientProtocolClient.java:318)
	at org.apache.ratis.util.TimeoutScheduler.lambda$onTimeout$0(TimeoutScheduler.java:113)
	at org.apache.ratis.util.TimeoutScheduler.lambda$onTimeout$1(TimeoutScheduler.java:133)
	at org.apache.ratis.util.LogUtils.runAndLog(LogUtils.java:50)
	at org.apache.ratis.util.LogUtils$1.run(LogUtils.java:91)
	at java.util.concurrent.Executors$RunnableAdapter.call(Executors.java:511)
	at java.util.concurrent.FutureTask.run(FutureTask.java:266)
	at java.util.concurrent.ScheduledThreadPoolExecutor$ScheduledFutureTask.access$201(ScheduledThreadPoolExecutor.java:180)
	at java.util.concurrent.ScheduledThreadPoolExecutor$ScheduledFutureTask.run(ScheduledThreadPoolExecutor.java:293)
	at java.util.concurrent.ThreadPoolExecutor.runWorker(ThreadPoolExecutor.java:1149)
	at java.util.concurrent.ThreadPoolExecutor$Worker.run(ThreadPoolExecutor.java:624)
	at java.lang.Thread.run(Thread.java:748)
2019-10-02 15:50:19,469 [java.util.concurrent.ThreadPoolExecutor$Worker@1882612d[State = -1, empty queue]] WARN  util.TimeoutScheduler (LogUtils.java:runAndLog(55)) - Failed to task #0: java.lang.NullPointerException
2019-10-02 15:50:23,533 [java.util.concurrent.ThreadPoolExecutor$Worker@3e3c4585[State = -1, empty queue]] ERROR client.GrpcClientProtocolClient (GrpcClientProtocolClient.java:close(148)) - Unexpected exception while waiting for channel termination
java.lang.InterruptedException
	at java.util.concurrent.locks.AbstractQueuedSynchronizer.tryAcquireSharedNanos(AbstractQueuedSynchronizer.java:1326)
	at java.util.concurrent.CountDownLatch.await(CountDownLatch.java:277)
	at org.apache.ratis.thirdparty.io.grpc.internal.ManagedChannelImpl.awaitTermination(ManagedChannelImpl.java:763)
	at org.apache.ratis.thirdparty.io.grpc.internal.ForwardingManagedChannel.awaitTermination(ForwardingManagedChannel.java:57)
	at org.apache.ratis.thirdparty.io.grpc.internal.ManagedChannelOrphanWrapper.awaitTermination(ManagedChannelOrphanWrapper.java:70)
	at org.apache.ratis.grpc.client.GrpcClientProtocolClient.close(GrpcClientProtocolClient.java:146)
	at org.apache.ratis.util.PeerProxyMap$PeerAndProxy.lambda$close$1(PeerProxyMap.java:74)
	at org.apache.ratis.util.LifeCycle.lambda$checkStateAndClose$2(LifeCycle.java:231)
	at org.apache.ratis.util.LifeCycle.checkStateAndClose(LifeCycle.java:251)
	at org.apache.ratis.util.LifeCycle.checkStateAndClose(LifeCycle.java:229)
	at org.apache.ratis.util.PeerProxyMap$PeerAndProxy.close(PeerProxyMap.java:70)
	at org.apache.ratis.util.PeerProxyMap.resetProxy(PeerProxyMap.java:127)
	at org.apache.ratis.util.PeerProxyMap.handleException(PeerProxyMap.java:136)
	at org.apache.ratis.client.impl.RaftClientRpcWithProxy.handleException(RaftClientRpcWithProxy.java:47)
	at org.apache.ratis.client.impl.RaftClientImpl.handleIOException(RaftClientImpl.java:372)
	at org.apache.ratis.client.impl.OrderedAsync.lambda$sendRequest$10(OrderedAsync.java:236)
	at java.util.concurrent.CompletableFuture.uniExceptionally(CompletableFuture.java:870)
	at java.util.concurrent.CompletableFuture$UniExceptionally.tryFire(CompletableFuture.java:852)
	at java.util.concurrent.CompletableFuture.postComplete(CompletableFuture.java:474)
	at java.util.concurrent.CompletableFuture.completeExceptionally(CompletableFuture.java:1977)
	at org.apache.ratis.grpc.client.GrpcClientProtocolClient$AsyncStreamObservers.lambda$timeoutCheck$3(GrpcClientProtocolClient.java:324)
	at java.util.Optional.ifPresent(Optional.java:159)
	at org.apache.ratis.grpc.client.GrpcClientProtocolClient$AsyncStreamObservers.handleReplyFuture(GrpcClientProtocolClient.java:329)
	at org.apache.ratis.grpc.client.GrpcClientProtocolClient$AsyncStreamObservers.timeoutCheck(GrpcClientProtocolClient.java:324)
	at org.apache.ratis.grpc.client.GrpcClientProtocolClient$AsyncStreamObservers.lambda$onNext$1(GrpcClientProtocolClient.java:318)
	at org.apache.ratis.util.TimeoutScheduler.lambda$onTimeout$0(TimeoutScheduler.java:113)
	at org.apache.ratis.util.TimeoutScheduler.lambda$onTimeout$1(TimeoutScheduler.java:133)
	at org.apache.ratis.util.LogUtils.runAndLog(LogUtils.java:50)
	at org.apache.ratis.util.LogUtils$1.run(LogUtils.java:91)
	at java.util.concurrent.Executors$RunnableAdapter.call(Executors.java:511)
	at java.util.concurrent.FutureTask.run(FutureTask.java:266)
	at java.util.concurrent.ScheduledThreadPoolExecutor$ScheduledFutureTask.access$201(ScheduledThreadPoolExecutor.java:180)
	at java.util.concurrent.ScheduledThreadPoolExecutor$ScheduledFutureTask.run(ScheduledThreadPoolExecutor.java:293)
	at java.util.concurrent.ThreadPoolExecutor.runWorker(ThreadPoolExecutor.java:1149)
	at java.util.concurrent.ThreadPoolExecutor$Worker.run(ThreadPoolExecutor.java:624)
	at java.lang.Thread.run(Thread.java:748)
2019-10-02 15:50:23,535 [java.util.concurrent.ThreadPoolExecutor$Worker@3e3c4585[State = -1, empty queue]] WARN  util.TimeoutScheduler (LogUtils.java:runAndLog(55)) - Failed to task #0: java.lang.NullPointerException
2019-10-02 15:50:27,618 [java.util.concurrent.ThreadPoolExecutor$Worker@4a475279[State = -1, empty queue]] ERROR client.GrpcClientProtocolClient (GrpcClientProtocolClient.java:close(148)) - Unexpected exception while waiting for channel termination
java.lang.InterruptedException
	at java.util.concurrent.locks.AbstractQueuedSynchronizer.tryAcquireSharedNanos(AbstractQueuedSynchronizer.java:1326)
	at java.util.concurrent.CountDownLatch.await(CountDownLatch.java:277)
	at org.apache.ratis.thirdparty.io.grpc.internal.ManagedChannelImpl.awaitTermination(ManagedChannelImpl.java:763)
	at org.apache.ratis.thirdparty.io.grpc.internal.ForwardingManagedChannel.awaitTermination(ForwardingManagedChannel.java:57)
	at org.apache.ratis.thirdparty.io.grpc.internal.ManagedChannelOrphanWrapper.awaitTermination(ManagedChannelOrphanWrapper.java:70)
	at org.apache.ratis.grpc.client.GrpcClientProtocolClient.close(GrpcClientProtocolClient.java:146)
	at org.apache.ratis.util.PeerProxyMap$PeerAndProxy.lambda$close$1(PeerProxyMap.java:74)
	at org.apache.ratis.util.LifeCycle.lambda$checkStateAndClose$2(LifeCycle.java:231)
	at org.apache.ratis.util.LifeCycle.checkStateAndClose(LifeCycle.java:251)
	at org.apache.ratis.util.LifeCycle.checkStateAndClose(LifeCycle.java:229)
	at org.apache.ratis.util.PeerProxyMap$PeerAndProxy.close(PeerProxyMap.java:70)
	at org.apache.ratis.util.PeerProxyMap.resetProxy(PeerProxyMap.java:127)
	at org.apache.ratis.util.PeerProxyMap.handleException(PeerProxyMap.java:136)
	at org.apache.ratis.client.impl.RaftClientRpcWithProxy.handleException(RaftClientRpcWithProxy.java:47)
	at org.apache.ratis.client.impl.RaftClientImpl.handleIOException(RaftClientImpl.java:372)
	at org.apache.ratis.client.impl.OrderedAsync.lambda$sendRequest$10(OrderedAsync.java:236)
	at java.util.concurrent.CompletableFuture.uniExceptionally(CompletableFuture.java:870)
	at java.util.concurrent.CompletableFuture$UniExceptionally.tryFire(CompletableFuture.java:852)
	at java.util.concurrent.CompletableFuture.postComplete(CompletableFuture.java:474)
	at java.util.concurrent.CompletableFuture.completeExceptionally(CompletableFuture.java:1977)
	at org.apache.ratis.grpc.client.GrpcClientProtocolClient$AsyncStreamObservers.lambda$timeoutCheck$3(GrpcClientProtocolClient.java:324)
	at java.util.Optional.ifPresent(Optional.java:159)
	at org.apache.ratis.grpc.client.GrpcClientProtocolClient$AsyncStreamObservers.handleReplyFuture(GrpcClientProtocolClient.java:329)
	at org.apache.ratis.grpc.client.GrpcClientProtocolClient$AsyncStreamObservers.timeoutCheck(GrpcClientProtocolClient.java:324)
	at org.apache.ratis.grpc.client.GrpcClientProtocolClient$AsyncStreamObservers.lambda$onNext$1(GrpcClientProtocolClient.java:318)
	at org.apache.ratis.util.TimeoutScheduler.lambda$onTimeout$0(TimeoutScheduler.java:113)
	at org.apache.ratis.util.TimeoutScheduler.lambda$onTimeout$1(TimeoutScheduler.java:133)
	at org.apache.ratis.util.LogUtils.runAndLog(LogUtils.java:50)
	at org.apache.ratis.util.LogUtils$1.run(LogUtils.java:91)
	at java.util.concurrent.Executors$RunnableAdapter.call(Executors.java:511)
	at java.util.concurrent.FutureTask.run(FutureTask.java:266)
	at java.util.concurrent.ScheduledThreadPoolExecutor$ScheduledFutureTask.access$201(ScheduledThreadPoolExecutor.java:180)
	at java.util.concurrent.ScheduledThreadPoolExecutor$ScheduledFutureTask.run(ScheduledThreadPoolExecutor.java:293)
	at java.util.concurrent.ThreadPoolExecutor.runWorker(ThreadPoolExecutor.java:1149)
	at java.util.concurrent.ThreadPoolExecutor$Worker.run(ThreadPoolExecutor.java:624)
	at java.lang.Thread.run(Thread.java:748)
2019-10-02 15:50:27,620 [java.util.concurrent.ThreadPoolExecutor$Worker@4a475279[State = -1, empty queue]] WARN  util.TimeoutScheduler (LogUtils.java:runAndLog(55)) - Failed to task #0: java.lang.NullPointerException
2019-10-02 15:50:31,679 [java.util.concurrent.ThreadPoolExecutor$Worker@1fb9d3b1[State = -1, empty queue]] ERROR client.GrpcClientProtocolClient (GrpcClientProtocolClient.java:close(148)) - Unexpected exception while waiting for channel termination
java.lang.InterruptedException
	at java.util.concurrent.locks.AbstractQueuedSynchronizer.tryAcquireSharedNanos(AbstractQueuedSynchronizer.java:1326)
	at java.util.concurrent.CountDownLatch.await(CountDownLatch.java:277)
	at org.apache.ratis.thirdparty.io.grpc.internal.ManagedChannelImpl.awaitTermination(ManagedChannelImpl.java:763)
	at org.apache.ratis.thirdparty.io.grpc.internal.ForwardingManagedChannel.awaitTermination(ForwardingManagedChannel.java:57)
	at org.apache.ratis.thirdparty.io.grpc.internal.ManagedChannelOrphanWrapper.awaitTermination(ManagedChannelOrphanWrapper.java:70)
	at org.apache.ratis.grpc.client.GrpcClientProtocolClient.close(GrpcClientProtocolClient.java:146)
	at org.apache.ratis.util.PeerProxyMap$PeerAndProxy.lambda$close$1(PeerProxyMap.java:74)
	at org.apache.ratis.util.LifeCycle.lambda$checkStateAndClose$2(LifeCycle.java:231)
	at org.apache.ratis.util.LifeCycle.checkStateAndClose(LifeCycle.java:251)
	at org.apache.ratis.util.LifeCycle.checkStateAndClose(LifeCycle.java:229)
	at org.apache.ratis.util.PeerProxyMap$PeerAndProxy.close(PeerProxyMap.java:70)
	at org.apache.ratis.util.PeerProxyMap.resetProxy(PeerProxyMap.java:127)
	at org.apache.ratis.util.PeerProxyMap.handleException(PeerProxyMap.java:136)
	at org.apache.ratis.client.impl.RaftClientRpcWithProxy.handleException(RaftClientRpcWithProxy.java:47)
	at org.apache.ratis.client.impl.RaftClientImpl.handleIOException(RaftClientImpl.java:372)
	at org.apache.ratis.client.impl.OrderedAsync.lambda$sendRequest$10(OrderedAsync.java:236)
	at java.util.concurrent.CompletableFuture.uniExceptionally(CompletableFuture.java:870)
	at java.util.concurrent.CompletableFuture$UniExceptionally.tryFire(CompletableFuture.java:852)
	at java.util.concurrent.CompletableFuture.postComplete(CompletableFuture.java:474)
	at java.util.concurrent.CompletableFuture.completeExceptionally(CompletableFuture.java:1977)
	at org.apache.ratis.grpc.client.GrpcClientProtocolClient$AsyncStreamObservers.lambda$timeoutCheck$3(GrpcClientProtocolClient.java:324)
	at java.util.Optional.ifPresent(Optional.java:159)
	at org.apache.ratis.grpc.client.GrpcClientProtocolClient$AsyncStreamObservers.handleReplyFuture(GrpcClientProtocolClient.java:329)
	at org.apache.ratis.grpc.client.GrpcClientProtocolClient$AsyncStreamObservers.timeoutCheck(GrpcClientProtocolClient.java:324)
	at org.apache.ratis.grpc.client.GrpcClientProtocolClient$AsyncStreamObservers.lambda$onNext$1(GrpcClientProtocolClient.java:318)
	at org.apache.ratis.util.TimeoutScheduler.lambda$onTimeout$0(TimeoutScheduler.java:113)
	at org.apache.ratis.util.TimeoutScheduler.lambda$onTimeout$1(TimeoutScheduler.java:133)
	at org.apache.ratis.util.LogUtils.runAndLog(LogUtils.java:50)
	at org.apache.ratis.util.LogUtils$1.run(LogUtils.java:91)
	at java.util.concurrent.Executors$RunnableAdapter.call(Executors.java:511)
	at java.util.concurrent.FutureTask.run(FutureTask.java:266)
	at java.util.concurrent.ScheduledThreadPoolExecutor$ScheduledFutureTask.access$201(ScheduledThreadPoolExecutor.java:180)
	at java.util.concurrent.ScheduledThreadPoolExecutor$ScheduledFutureTask.run(ScheduledThreadPoolExecutor.java:293)
	at java.util.concurrent.ThreadPoolExecutor.runWorker(ThreadPoolExecutor.java:1149)
	at java.util.concurrent.ThreadPoolExecutor$Worker.run(ThreadPoolExecutor.java:624)
	at java.lang.Thread.run(Thread.java:748)
2019-10-02 15:50:31,680 [java.util.concurrent.ThreadPoolExecutor$Worker@1fb9d3b1[State = -1, empty queue]] WARN  util.TimeoutScheduler (LogUtils.java:runAndLog(55)) - Failed to task #0: java.lang.NullPointerException
2019-10-02 15:50:35,726 [java.util.concurrent.ThreadPoolExecutor$Worker@1c73604e[State = -1, empty queue]] ERROR client.GrpcClientProtocolClient (GrpcClientProtocolClient.java:close(148)) - Unexpected exception while waiting for channel termination
java.lang.InterruptedException
	at java.util.concurrent.locks.AbstractQueuedSynchronizer.tryAcquireSharedNanos(AbstractQueuedSynchronizer.java:1326)
	at java.util.concurrent.CountDownLatch.await(CountDownLatch.java:277)
	at org.apache.ratis.thirdparty.io.grpc.internal.ManagedChannelImpl.awaitTermination(ManagedChannelImpl.java:763)
	at org.apache.ratis.thirdparty.io.grpc.internal.ForwardingManagedChannel.awaitTermination(ForwardingManagedChannel.java:57)
	at org.apache.ratis.thirdparty.io.grpc.internal.ManagedChannelOrphanWrapper.awaitTermination(ManagedChannelOrphanWrapper.java:70)
	at org.apache.ratis.grpc.client.GrpcClientProtocolClient.close(GrpcClientProtocolClient.java:146)
	at org.apache.ratis.util.PeerProxyMap$PeerAndProxy.lambda$close$1(PeerProxyMap.java:74)
	at org.apache.ratis.util.LifeCycle.lambda$checkStateAndClose$2(LifeCycle.java:231)
	at org.apache.ratis.util.LifeCycle.checkStateAndClose(LifeCycle.java:251)
	at org.apache.ratis.util.LifeCycle.checkStateAndClose(LifeCycle.java:229)
	at org.apache.ratis.util.PeerProxyMap$PeerAndProxy.close(PeerProxyMap.java:70)
	at org.apache.ratis.util.PeerProxyMap.resetProxy(PeerProxyMap.java:127)
	at org.apache.ratis.util.PeerProxyMap.handleException(PeerProxyMap.java:136)
	at org.apache.ratis.client.impl.RaftClientRpcWithProxy.handleException(RaftClientRpcWithProxy.java:47)
	at org.apache.ratis.client.impl.RaftClientImpl.handleIOException(RaftClientImpl.java:372)
	at org.apache.ratis.client.impl.OrderedAsync.lambda$sendRequest$10(OrderedAsync.java:236)
	at java.util.concurrent.CompletableFuture.uniExceptionally(CompletableFuture.java:870)
	at java.util.concurrent.CompletableFuture$UniExceptionally.tryFire(CompletableFuture.java:852)
	at java.util.concurrent.CompletableFuture.postComplete(CompletableFuture.java:474)
	at java.util.concurrent.CompletableFuture.completeExceptionally(CompletableFuture.java:1977)
	at org.apache.ratis.grpc.client.GrpcClientProtocolClient$AsyncStreamObservers.lambda$timeoutCheck$3(GrpcClientProtocolClient.java:324)
	at java.util.Optional.ifPresent(Optional.java:159)
	at org.apache.ratis.grpc.client.GrpcClientProtocolClient$AsyncStreamObservers.handleReplyFuture(GrpcClientProtocolClient.java:329)
	at org.apache.ratis.grpc.client.GrpcClientProtocolClient$AsyncStreamObservers.timeoutCheck(GrpcClientProtocolClient.java:324)
	at org.apache.ratis.grpc.client.GrpcClientProtocolClient$AsyncStreamObservers.lambda$onNext$1(GrpcClientProtocolClient.java:318)
	at org.apache.ratis.util.TimeoutScheduler.lambda$onTimeout$0(TimeoutScheduler.java:113)
	at org.apache.ratis.util.TimeoutScheduler.lambda$onTimeout$1(TimeoutScheduler.java:133)
	at org.apache.ratis.util.LogUtils.runAndLog(LogUtils.java:50)
	at org.apache.ratis.util.LogUtils$1.run(LogUtils.java:91)
	at java.util.concurrent.Executors$RunnableAdapter.call(Executors.java:511)
	at java.util.concurrent.FutureTask.run(FutureTask.java:266)
	at java.util.concurrent.ScheduledThreadPoolExecutor$ScheduledFutureTask.access$201(ScheduledThreadPoolExecutor.java:180)
	at java.util.concurrent.ScheduledThreadPoolExecutor$ScheduledFutureTask.run(ScheduledThreadPoolExecutor.java:293)
	at java.util.concurrent.ThreadPoolExecutor.runWorker(ThreadPoolExecutor.java:1149)
	at java.util.concurrent.ThreadPoolExecutor$Worker.run(ThreadPoolExecutor.java:624)
	at java.lang.Thread.run(Thread.java:748)
2019-10-02 15:50:35,727 [java.util.concurrent.ThreadPoolExecutor$Worker@1c73604e[State = -1, empty queue]] WARN  util.TimeoutScheduler (LogUtils.java:runAndLog(55)) - Failed to task #0: java.lang.NullPointerException
2019-10-02 15:50:39,777 [java.util.concurrent.ThreadPoolExecutor$Worker@4e0bb52e[State = -1, empty queue]] ERROR client.GrpcClientProtocolClient (GrpcClientProtocolClient.java:close(148)) - Unexpected exception while waiting for channel termination
java.lang.InterruptedException
	at java.util.concurrent.locks.AbstractQueuedSynchronizer.tryAcquireSharedNanos(AbstractQueuedSynchronizer.java:1326)
	at java.util.concurrent.CountDownLatch.await(CountDownLatch.java:277)
	at org.apache.ratis.thirdparty.io.grpc.internal.ManagedChannelImpl.awaitTermination(ManagedChannelImpl.java:763)
	at org.apache.ratis.thirdparty.io.grpc.internal.ForwardingManagedChannel.awaitTermination(ForwardingManagedChannel.java:57)
	at org.apache.ratis.thirdparty.io.grpc.internal.ManagedChannelOrphanWrapper.awaitTermination(ManagedChannelOrphanWrapper.java:70)
	at org.apache.ratis.grpc.client.GrpcClientProtocolClient.close(GrpcClientProtocolClient.java:146)
	at org.apache.ratis.util.PeerProxyMap$PeerAndProxy.lambda$close$1(PeerProxyMap.java:74)
	at org.apache.ratis.util.LifeCycle.lambda$checkStateAndClose$2(LifeCycle.java:231)
	at org.apache.ratis.util.LifeCycle.checkStateAndClose(LifeCycle.java:251)
	at org.apache.ratis.util.LifeCycle.checkStateAndClose(LifeCycle.java:229)
	at org.apache.ratis.util.PeerProxyMap$PeerAndProxy.close(PeerProxyMap.java:70)
	at org.apache.ratis.util.PeerProxyMap.resetProxy(PeerProxyMap.java:127)
	at org.apache.ratis.util.PeerProxyMap.handleException(PeerProxyMap.java:136)
	at org.apache.ratis.client.impl.RaftClientRpcWithProxy.handleException(RaftClientRpcWithProxy.java:47)
	at org.apache.ratis.client.impl.RaftClientImpl.handleIOException(RaftClientImpl.java:372)
	at org.apache.ratis.client.impl.OrderedAsync.lambda$sendRequest$10(OrderedAsync.java:236)
	at java.util.concurrent.CompletableFuture.uniExceptionally(CompletableFuture.java:870)
	at java.util.concurrent.CompletableFuture$UniExceptionally.tryFire(CompletableFuture.java:852)
	at java.util.concurrent.CompletableFuture.postComplete(CompletableFuture.java:474)
	at java.util.concurrent.CompletableFuture.completeExceptionally(CompletableFuture.java:1977)
	at org.apache.ratis.grpc.client.GrpcClientProtocolClient$AsyncStreamObservers.lambda$timeoutCheck$3(GrpcClientProtocolClient.java:324)
	at java.util.Optional.ifPresent(Optional.java:159)
	at org.apache.ratis.grpc.client.GrpcClientProtocolClient$AsyncStreamObservers.handleReplyFuture(GrpcClientProtocolClient.java:329)
	at org.apache.ratis.grpc.client.GrpcClientProtocolClient$AsyncStreamObservers.timeoutCheck(GrpcClientProtocolClient.java:324)
	at org.apache.ratis.grpc.client.GrpcClientProtocolClient$AsyncStreamObservers.lambda$onNext$1(GrpcClientProtocolClient.java:318)
	at org.apache.ratis.util.TimeoutScheduler.lambda$onTimeout$0(TimeoutScheduler.java:113)
	at org.apache.ratis.util.TimeoutScheduler.lambda$onTimeout$1(TimeoutScheduler.java:133)
	at org.apache.ratis.util.LogUtils.runAndLog(LogUtils.java:50)
	at org.apache.ratis.util.LogUtils$1.run(LogUtils.java:91)
	at java.util.concurrent.Executors$RunnableAdapter.call(Executors.java:511)
	at java.util.concurrent.FutureTask.run(FutureTask.java:266)
	at java.util.concurrent.ScheduledThreadPoolExecutor$ScheduledFutureTask.access$201(ScheduledThreadPoolExecutor.java:180)
	at java.util.concurrent.ScheduledThreadPoolExecutor$ScheduledFutureTask.run(ScheduledThreadPoolExecutor.java:293)
	at java.util.concurrent.ThreadPoolExecutor.runWorker(ThreadPoolExecutor.java:1149)
	at java.util.concurrent.ThreadPoolExecutor$Worker.run(ThreadPoolExecutor.java:624)
	at java.lang.Thread.run(Thread.java:748)
2019-10-02 15:50:39,781 [java.util.concurrent.ThreadPoolExecutor$Worker@4e0bb52e[State = -1, empty queue]] WARN  util.TimeoutScheduler (LogUtils.java:runAndLog(55)) - Failed to task #0: java.lang.NullPointerException
2019-10-02 15:50:43,831 [java.util.concurrent.ThreadPoolExecutor$Worker@21f0ddf[State = -1, empty queue]] ERROR client.GrpcClientProtocolClient (GrpcClientProtocolClient.java:close(148)) - Unexpected exception while waiting for channel termination
java.lang.InterruptedException
	at java.util.concurrent.locks.AbstractQueuedSynchronizer.tryAcquireSharedNanos(AbstractQueuedSynchronizer.java:1326)
	at java.util.concurrent.CountDownLatch.await(CountDownLatch.java:277)
	at org.apache.ratis.thirdparty.io.grpc.internal.ManagedChannelImpl.awaitTermination(ManagedChannelImpl.java:763)
	at org.apache.ratis.thirdparty.io.grpc.internal.ForwardingManagedChannel.awaitTermination(ForwardingManagedChannel.java:57)
	at org.apache.ratis.thirdparty.io.grpc.internal.ManagedChannelOrphanWrapper.awaitTermination(ManagedChannelOrphanWrapper.java:70)
	at org.apache.ratis.grpc.client.GrpcClientProtocolClient.close(GrpcClientProtocolClient.java:146)
	at org.apache.ratis.util.PeerProxyMap$PeerAndProxy.lambda$close$1(PeerProxyMap.java:74)
	at org.apache.ratis.util.LifeCycle.lambda$checkStateAndClose$2(LifeCycle.java:231)
	at org.apache.ratis.util.LifeCycle.checkStateAndClose(LifeCycle.java:251)
	at org.apache.ratis.util.LifeCycle.checkStateAndClose(LifeCycle.java:229)
	at org.apache.ratis.util.PeerProxyMap$PeerAndProxy.close(PeerProxyMap.java:70)
	at org.apache.ratis.util.PeerProxyMap.resetProxy(PeerProxyMap.java:127)
	at org.apache.ratis.util.PeerProxyMap.handleException(PeerProxyMap.java:136)
	at org.apache.ratis.client.impl.RaftClientRpcWithProxy.handleException(RaftClientRpcWithProxy.java:47)
	at org.apache.ratis.client.impl.RaftClientImpl.handleIOException(RaftClientImpl.java:372)
	at org.apache.ratis.client.impl.OrderedAsync.lambda$sendRequest$10(OrderedAsync.java:236)
	at java.util.concurrent.CompletableFuture.uniExceptionally(CompletableFuture.java:870)
	at java.util.concurrent.CompletableFuture$UniExceptionally.tryFire(CompletableFuture.java:852)
	at java.util.concurrent.CompletableFuture.postComplete(CompletableFuture.java:474)
	at java.util.concurrent.CompletableFuture.completeExceptionally(CompletableFuture.java:1977)
	at org.apache.ratis.grpc.client.GrpcClientProtocolClient$AsyncStreamObservers.lambda$timeoutCheck$3(GrpcClientProtocolClient.java:324)
	at java.util.Optional.ifPresent(Optional.java:159)
	at org.apache.ratis.grpc.client.GrpcClientProtocolClient$AsyncStreamObservers.handleReplyFuture(GrpcClientProtocolClient.java:329)
	at org.apache.ratis.grpc.client.GrpcClientProtocolClient$AsyncStreamObservers.timeoutCheck(GrpcClientProtocolClient.java:324)
	at org.apache.ratis.grpc.client.GrpcClientProtocolClient$AsyncStreamObservers.lambda$onNext$1(GrpcClientProtocolClient.java:318)
	at org.apache.ratis.util.TimeoutScheduler.lambda$onTimeout$0(TimeoutScheduler.java:113)
	at org.apache.ratis.util.TimeoutScheduler.lambda$onTimeout$1(TimeoutScheduler.java:133)
	at org.apache.ratis.util.LogUtils.runAndLog(LogUtils.java:50)
	at org.apache.ratis.util.LogUtils$1.run(LogUtils.java:91)
	at java.util.concurrent.Executors$RunnableAdapter.call(Executors.java:511)
	at java.util.concurrent.FutureTask.run(FutureTask.java:266)
	at java.util.concurrent.ScheduledThreadPoolExecutor$ScheduledFutureTask.access$201(ScheduledThreadPoolExecutor.java:180)
	at java.util.concurrent.ScheduledThreadPoolExecutor$ScheduledFutureTask.run(ScheduledThreadPoolExecutor.java:293)
	at java.util.concurrent.ThreadPoolExecutor.runWorker(ThreadPoolExecutor.java:1149)
	at java.util.concurrent.ThreadPoolExecutor$Worker.run(ThreadPoolExecutor.java:624)
	at java.lang.Thread.run(Thread.java:748)
2019-10-02 15:50:43,833 [java.util.concurrent.ThreadPoolExecutor$Worker@21f0ddf[State = -1, empty queue]] WARN  util.TimeoutScheduler (LogUtils.java:runAndLog(55)) - Failed to task #0: java.lang.NullPointerException
2019-10-02 15:50:47,925 [java.util.concurrent.ThreadPoolExecutor$Worker@51bfd29e[State = -1, empty queue]] ERROR client.GrpcClientProtocolClient (GrpcClientProtocolClient.java:close(148)) - Unexpected exception while waiting for channel termination
java.lang.InterruptedException
	at java.util.concurrent.locks.AbstractQueuedSynchronizer.tryAcquireSharedNanos(AbstractQueuedSynchronizer.java:1326)
	at java.util.concurrent.CountDownLatch.await(CountDownLatch.java:277)
	at org.apache.ratis.thirdparty.io.grpc.internal.ManagedChannelImpl.awaitTermination(ManagedChannelImpl.java:763)
	at org.apache.ratis.thirdparty.io.grpc.internal.ForwardingManagedChannel.awaitTermination(ForwardingManagedChannel.java:57)
	at org.apache.ratis.thirdparty.io.grpc.internal.ManagedChannelOrphanWrapper.awaitTermination(ManagedChannelOrphanWrapper.java:70)
	at org.apache.ratis.grpc.client.GrpcClientProtocolClient.close(GrpcClientProtocolClient.java:146)
	at org.apache.ratis.util.PeerProxyMap$PeerAndProxy.lambda$close$1(PeerProxyMap.java:74)
	at org.apache.ratis.util.LifeCycle.lambda$checkStateAndClose$2(LifeCycle.java:231)
	at org.apache.ratis.util.LifeCycle.checkStateAndClose(LifeCycle.java:251)
	at org.apache.ratis.util.LifeCycle.checkStateAndClose(LifeCycle.java:229)
	at org.apache.ratis.util.PeerProxyMap$PeerAndProxy.close(PeerProxyMap.java:70)
	at org.apache.ratis.util.PeerProxyMap.resetProxy(PeerProxyMap.java:127)
	at org.apache.ratis.util.PeerProxyMap.handleException(PeerProxyMap.java:136)
	at org.apache.ratis.client.impl.RaftClientRpcWithProxy.handleException(RaftClientRpcWithProxy.java:47)
	at org.apache.ratis.client.impl.RaftClientImpl.handleIOException(RaftClientImpl.java:372)
	at org.apache.ratis.client.impl.OrderedAsync.lambda$sendRequest$10(OrderedAsync.java:236)
	at java.util.concurrent.CompletableFuture.uniExceptionally(CompletableFuture.java:870)
	at java.util.concurrent.CompletableFuture$UniExceptionally.tryFire(CompletableFuture.java:852)
	at java.util.concurrent.CompletableFuture.postComplete(CompletableFuture.java:474)
	at java.util.concurrent.CompletableFuture.completeExceptionally(CompletableFuture.java:1977)
	at org.apache.ratis.grpc.client.GrpcClientProtocolClient$AsyncStreamObservers.lambda$timeoutCheck$3(GrpcClientProtocolClient.java:324)
	at java.util.Optional.ifPresent(Optional.java:159)
	at org.apache.ratis.grpc.client.GrpcClientProtocolClient$AsyncStreamObservers.handleReplyFuture(GrpcClientProtocolClient.java:329)
	at org.apache.ratis.grpc.client.GrpcClientProtocolClient$AsyncStreamObservers.timeoutCheck(GrpcClientProtocolClient.java:324)
	at org.apache.ratis.grpc.client.GrpcClientProtocolClient$AsyncStreamObservers.lambda$onNext$1(GrpcClientProtocolClient.java:318)
	at org.apache.ratis.util.TimeoutScheduler.lambda$onTimeout$0(TimeoutScheduler.java:113)
	at org.apache.ratis.util.TimeoutScheduler.lambda$onTimeout$1(TimeoutScheduler.java:133)
	at org.apache.ratis.util.LogUtils.runAndLog(LogUtils.java:50)
	at org.apache.ratis.util.LogUtils$1.run(LogUtils.java:91)
	at java.util.concurrent.Executors$RunnableAdapter.call(Executors.java:511)
	at java.util.concurrent.FutureTask.run(FutureTask.java:266)
	at java.util.concurrent.ScheduledThreadPoolExecutor$ScheduledFutureTask.access$201(ScheduledThreadPoolExecutor.java:180)
	at java.util.concurrent.ScheduledThreadPoolExecutor$ScheduledFutureTask.run(ScheduledThreadPoolExecutor.java:293)
	at java.util.concurrent.ThreadPoolExecutor.runWorker(ThreadPoolExecutor.java:1149)
	at java.util.concurrent.ThreadPoolExecutor$Worker.run(ThreadPoolExecutor.java:624)
	at java.lang.Thread.run(Thread.java:748)
2019-10-02 15:50:47,930 [java.util.concurrent.ThreadPoolExecutor$Worker@51bfd29e[State = -1, empty queue]] WARN  util.TimeoutScheduler (LogUtils.java:runAndLog(55)) - Failed to task #0: java.lang.NullPointerException
2019-10-02 15:50:50,168 [grpc-default-executor-2] INFO  impl.RaftServerProxy (RaftServerProxy.java:remove(95)) - e1085188-920c-47f7-886f-c98137f30542: remove    LEADER e1085188-920c-47f7-886f-c98137f30542@group-81257F7736E1:t1, leader=e1085188-920c-47f7-886f-c98137f30542, voted=e1085188-920c-47f7-886f-c98137f30542, raftlog=e1085188-920c-47f7-886f-c98137f30542@group-81257F7736E1-SegmentedRaftLog:OPENED:c0,f0,i2, conf=0: [3ae5aee2-2358-49e6-9004-20fc57714669:192.168.151.72:42197, e1085188-920c-47f7-886f-c98137f30542:192.168.151.72:45532, ced45e13-3c9a-48b2-a28a-774edb50765e:192.168.151.72:42645], old=null RUNNING
2019-10-02 15:50:50,173 [grpc-default-executor-2] INFO  impl.RaftServerImpl (RaftServerImpl.java:lambda$shutdown$3(247)) - e1085188-920c-47f7-886f-c98137f30542@group-81257F7736E1: shutdown
2019-10-02 15:50:50,174 [grpc-default-executor-2] INFO  util.JmxRegister (JmxRegister.java:unregister(73)) - Successfully un-registered JMX Bean with object name Ratis:service=RaftServer,group=group-81257F7736E1,id=e1085188-920c-47f7-886f-c98137f30542
2019-10-02 15:50:50,174 [grpc-default-executor-2] INFO  impl.RoleInfo (RoleInfo.java:shutdownLeaderState(104)) - e1085188-920c-47f7-886f-c98137f30542: shutdown LeaderState
2019-10-02 15:50:50,178 [grpc-default-executor-2] INFO  impl.PendingRequests (PendingRequests.java:sendNotLeaderResponses(202)) - e1085188-920c-47f7-886f-c98137f30542@group-81257F7736E1-PendingRequests: sendNotLeaderResponses
2019-10-02 15:50:50,179 [org.apache.ratis.server.impl.LogAppender$AppenderDaemon$$Lambda$526/1474669658@2a259763] WARN  server.GrpcLogAppender (GrpcLogAppender.java:mayWait(143)) - e1085188-920c-47f7-886f-c98137f30542@group-81257F7736E1->ced45e13-3c9a-48b2-a28a-774edb50765e-GrpcLogAppender: Wait interrupted by java.lang.InterruptedException
2019-10-02 15:50:50,179 [org.apache.ratis.server.impl.LogAppender$AppenderDaemon$$Lambda$526/1474669658@2cbc29f7] WARN  server.GrpcLogAppender (GrpcLogAppender.java:mayWait(143)) - e1085188-920c-47f7-886f-c98137f30542@group-81257F7736E1->3ae5aee2-2358-49e6-9004-20fc57714669-GrpcLogAppender: Wait interrupted by java.lang.InterruptedException
2019-10-02 15:50:50,184 [grpc-default-executor-1] INFO  server.GrpcServerProtocolService (GrpcServerProtocolService.java:onCompleted(113)) - ced45e13-3c9a-48b2-a28a-774edb50765e: Completed APPEND_ENTRIES, lastRequest: e1085188-920c-47f7-886f-c98137f30542->ced45e13-3c9a-48b2-a28a-774edb50765e#29-t1, previous=(t:1, i:2), leaderCommit=0, initializing? false, entries: <empty>
2019-10-02 15:50:50,190 [grpc-default-executor-5] INFO  server.GrpcServerProtocolService (GrpcServerProtocolService.java:onCompleted(113)) - 3ae5aee2-2358-49e6-9004-20fc57714669: Completed APPEND_ENTRIES, lastRequest: e1085188-920c-47f7-886f-c98137f30542->3ae5aee2-2358-49e6-9004-20fc57714669#29-t1, previous=(t:1, i:2), leaderCommit=0, initializing? false, entries: <empty>
2019-10-02 15:50:50,192 [grpc-default-executor-6] INFO  server.GrpcLogAppender (GrpcLogAppender.java:onCompleted(293)) - e1085188-920c-47f7-886f-c98137f30542@group-81257F7736E1->ced45e13-3c9a-48b2-a28a-774edb50765e-AppendLogResponseHandler: follower responses appendEntries COMPLETED
2019-10-02 15:50:50,194 [grpc-default-executor-5] INFO  server.GrpcLogAppender (GrpcLogAppender.java:onCompleted(293)) - e1085188-920c-47f7-886f-c98137f30542@group-81257F7736E1->3ae5aee2-2358-49e6-9004-20fc57714669-AppendLogResponseHandler: follower responses appendEntries COMPLETED
2019-10-02 15:50:50,196 [grpc-default-executor-6] INFO  impl.FollowerInfo (FollowerInfo.java:lambda$new$0(51)) - e1085188-920c-47f7-886f-c98137f30542@group-81257F7736E1->ced45e13-3c9a-48b2-a28a-774edb50765e: nextIndex: updateUnconditionally 3 -> 2
2019-10-02 15:50:50,196 [grpc-default-executor-5] INFO  impl.FollowerInfo (FollowerInfo.java:lambda$new$0(51)) - e1085188-920c-47f7-886f-c98137f30542@group-81257F7736E1->3ae5aee2-2358-49e6-9004-20fc57714669: nextIndex: updateUnconditionally 3 -> 2
2019-10-02 15:50:50,200 [grpc-default-executor-2] INFO  impl.StateMachineUpdater (StateMachineUpdater.java:stopAndJoin(136)) - e1085188-920c-47f7-886f-c98137f30542@group-81257F7736E1-StateMachineUpdater: set stopIndex = 0
2019-10-02 15:50:50,229 [grpc-default-executor-2] INFO  impl.RaftServerImpl (ServerState.java:close(387)) - e1085188-920c-47f7-886f-c98137f30542@group-81257F7736E1: closes. applyIndex: 0
2019-10-02 15:50:50,241 [e1085188-920c-47f7-886f-c98137f30542@group-81257F7736E1-SegmentedRaftLogWorker] INFO  segmented.SegmentedRaftLogWorker (SegmentedRaftLogWorker.java:run(316)) - e1085188-920c-47f7-886f-c98137f30542@group-81257F7736E1-SegmentedRaftLogWorker was interrupted, exiting. There are 0 tasks remaining in the queue.
2019-10-02 15:50:50,243 [grpc-default-executor-2] INFO  segmented.SegmentedRaftLogWorker (SegmentedRaftLogWorker.java:close(224)) - e1085188-920c-47f7-886f-c98137f30542@group-81257F7736E1-SegmentedRaftLogWorker close()
2019-10-02 15:50:50,267 [grpc-default-executor-2] INFO  impl.RaftServerProxy (RaftServerProxy.java:remove(95)) - ced45e13-3c9a-48b2-a28a-774edb50765e: remove  FOLLOWER ced45e13-3c9a-48b2-a28a-774edb50765e@group-81257F7736E1:t1, leader=e1085188-920c-47f7-886f-c98137f30542, voted=e1085188-920c-47f7-886f-c98137f30542, raftlog=ced45e13-3c9a-48b2-a28a-774edb50765e@group-81257F7736E1-SegmentedRaftLog:OPENED:c0,f2,i2, conf=0: [3ae5aee2-2358-49e6-9004-20fc57714669:192.168.151.72:42197, e1085188-920c-47f7-886f-c98137f30542:192.168.151.72:45532, ced45e13-3c9a-48b2-a28a-774edb50765e:192.168.151.72:42645], old=null RUNNING
2019-10-02 15:50:50,267 [grpc-default-executor-2] INFO  impl.RaftServerImpl (RaftServerImpl.java:lambda$shutdown$3(247)) - ced45e13-3c9a-48b2-a28a-774edb50765e@group-81257F7736E1: shutdown
2019-10-02 15:50:50,268 [grpc-default-executor-2] INFO  util.JmxRegister (JmxRegister.java:unregister(73)) - Successfully un-registered JMX Bean with object name Ratis:service=RaftServer,group=group-81257F7736E1,id=ced45e13-3c9a-48b2-a28a-774edb50765e
2019-10-02 15:50:50,268 [grpc-default-executor-2] INFO  impl.RoleInfo (RoleInfo.java:shutdownFollowerState(121)) - ced45e13-3c9a-48b2-a28a-774edb50765e: shutdown FollowerState
2019-10-02 15:50:50,268 [grpc-default-executor-2] INFO  impl.StateMachineUpdater (StateMachineUpdater.java:stopAndJoin(136)) - ced45e13-3c9a-48b2-a28a-774edb50765e@group-81257F7736E1-StateMachineUpdater: set stopIndex = 0
2019-10-02 15:50:50,268 [Thread-311] INFO  impl.FollowerState (FollowerState.java:run(117)) - ced45e13-3c9a-48b2-a28a-774edb50765e@group-81257F7736E1-FollowerState was interrupted: java.lang.InterruptedException: sleep interrupted
2019-10-02 15:50:50,271 [grpc-default-executor-2] INFO  impl.RaftServerImpl (ServerState.java:close(387)) - ced45e13-3c9a-48b2-a28a-774edb50765e@group-81257F7736E1: closes. applyIndex: 0
2019-10-02 15:50:50,273 [ced45e13-3c9a-48b2-a28a-774edb50765e@group-81257F7736E1-SegmentedRaftLogWorker] INFO  segmented.SegmentedRaftLogWorker (SegmentedRaftLogWorker.java:run(316)) - ced45e13-3c9a-48b2-a28a-774edb50765e@group-81257F7736E1-SegmentedRaftLogWorker was interrupted, exiting. There are 0 tasks remaining in the queue.
2019-10-02 15:50:50,275 [grpc-default-executor-2] INFO  segmented.SegmentedRaftLogWorker (SegmentedRaftLogWorker.java:close(224)) - ced45e13-3c9a-48b2-a28a-774edb50765e@group-81257F7736E1-SegmentedRaftLogWorker close()
2019-10-02 15:50:50,366 [grpc-default-executor-2] INFO  interfaces.Container (KeyValueContainer.java:flushAndSyncDB(386)) - Container 1 is synced with bcsId 0.
2019-10-02 15:50:50,366 [grpc-default-executor-2] INFO  interfaces.Container (KeyValueContainer.java:flushAndSyncDB(386)) - Container 1 is synced with bcsId 0.
2019-10-02 15:50:50,386 [EventQueue-IncrementalContainerReportForIncrementalContainerReportHandler] INFO  container.IncrementalContainerReportHandler (AbstractContainerReportHandler.java:updateContainerState(169)) - Moving container #1 to QUASI_CLOSED state, datanode ced45e13-3c9a-48b2-a28a-774edb50765e{ip: 192.168.151.72, host: pr-trunk-fgz7f-2353921243, networkLocation: /default-rack, certSerialId: null} reported QUASI_CLOSED replica.
2019-10-02 15:50:50,393 [grpc-default-executor-2] INFO  impl.RaftServerProxy (RaftServerProxy.java:remove(95)) - 3ae5aee2-2358-49e6-9004-20fc57714669: remove  FOLLOWER 3ae5aee2-2358-49e6-9004-20fc57714669@group-81257F7736E1:t1, leader=e1085188-920c-47f7-886f-c98137f30542, voted=3ae5aee2-2358-49e6-9004-20fc57714669, raftlog=3ae5aee2-2358-49e6-9004-20fc57714669@group-81257F7736E1-SegmentedRaftLog:OPENED:c0,f2,i2, conf=0: [3ae5aee2-2358-49e6-9004-20fc57714669:192.168.151.72:42197, e1085188-920c-47f7-886f-c98137f30542:192.168.151.72:45532, ced45e13-3c9a-48b2-a28a-774edb50765e:192.168.151.72:42645], old=null RUNNING
2019-10-02 15:50:50,393 [grpc-default-executor-2] INFO  impl.RaftServerImpl (RaftServerImpl.java:lambda$shutdown$3(247)) - 3ae5aee2-2358-49e6-9004-20fc57714669@group-81257F7736E1: shutdown
2019-10-02 15:50:50,394 [grpc-default-executor-2] INFO  util.JmxRegister (JmxRegister.java:unregister(73)) - Successfully un-registered JMX Bean with object name Ratis:service=RaftServer,group=group-81257F7736E1,id=3ae5aee2-2358-49e6-9004-20fc57714669
2019-10-02 15:50:50,394 [grpc-default-executor-2] INFO  impl.RoleInfo (RoleInfo.java:shutdownFollowerState(121)) - 3ae5aee2-2358-49e6-9004-20fc57714669: shutdown FollowerState
2019-10-02 15:50:50,394 [grpc-default-executor-2] INFO  impl.StateMachineUpdater (StateMachineUpdater.java:stopAndJoin(136)) - 3ae5aee2-2358-49e6-9004-20fc57714669@group-81257F7736E1-StateMachineUpdater: set stopIndex = 0
2019-10-02 15:50:50,394 [Thread-312] INFO  impl.FollowerState (FollowerState.java:run(117)) - 3ae5aee2-2358-49e6-9004-20fc57714669@group-81257F7736E1-FollowerState was interrupted: java.lang.InterruptedException: sleep interrupted
2019-10-02 15:50:50,399 [grpc-default-executor-2] INFO  impl.RaftServerImpl (ServerState.java:close(387)) - 3ae5aee2-2358-49e6-9004-20fc57714669@group-81257F7736E1: closes. applyIndex: 0
2019-10-02 15:50:50,400 [3ae5aee2-2358-49e6-9004-20fc57714669@group-81257F7736E1-SegmentedRaftLogWorker] INFO  segmented.SegmentedRaftLogWorker (SegmentedRaftLogWorker.java:run(316)) - 3ae5aee2-2358-49e6-9004-20fc57714669@group-81257F7736E1-SegmentedRaftLogWorker was interrupted, exiting. There are 0 tasks remaining in the queue.
2019-10-02 15:50:50,402 [grpc-default-executor-2] INFO  segmented.SegmentedRaftLogWorker (SegmentedRaftLogWorker.java:close(224)) - 3ae5aee2-2358-49e6-9004-20fc57714669@group-81257F7736E1-SegmentedRaftLogWorker close()
2019-10-02 15:50:50,462 [grpc-default-executor-2] INFO  interfaces.Container (KeyValueContainer.java:flushAndSyncDB(386)) - Container 1 is synced with bcsId 0.
2019-10-02 15:50:50,462 [grpc-default-executor-2] INFO  interfaces.Container (KeyValueContainer.java:flushAndSyncDB(386)) - Container 1 is synced with bcsId 0.
2019-10-02 15:50:50,474 [RatisPipelineUtilsThread] INFO  pipeline.PipelineStateManager (PipelineStateManager.java:removePipeline(108)) - Pipeline Pipeline[ Id: 0558ff1a-2dab-4e88-9370-81257f7736e1, Nodes: e1085188-920c-47f7-886f-c98137f30542{ip: 192.168.151.72, host: pr-trunk-fgz7f-2353921243, networkLocation: /default-rack, certSerialId: null}ced45e13-3c9a-48b2-a28a-774edb50765e{ip: 192.168.151.72, host: pr-trunk-fgz7f-2353921243, networkLocation: /default-rack, certSerialId: null}3ae5aee2-2358-49e6-9004-20fc57714669{ip: 192.168.151.72, host: pr-trunk-fgz7f-2353921243, networkLocation: /default-rack, certSerialId: null}, Type:RATIS, Factor:THREE, State:CLOSED] removed from db
2019-10-02 15:50:50,484 [grpc-default-executor-2] INFO  impl.RaftServerProxy (RaftServerProxy.java:remove(95)) - e1085188-920c-47f7-886f-c98137f30542: remove group-81257F7736E1:null
2019-10-02 15:50:50,533 [RatisPipelineUtilsThread] WARN  pipeline.RatisPipelineUtils (RatisPipelineUtils.java:destroyPipeline(67)) - Pipeline destroy failed for pipeline=PipelineID=0558ff1a-2dab-4e88-9370-81257f7736e1 dn=e1085188-920c-47f7-886f-c98137f30542{ip: 192.168.151.72, host: pr-trunk-fgz7f-2353921243, networkLocation: /default-rack, certSerialId: null}
2019-10-02 15:50:50,541 [grpc-default-executor-2] INFO  impl.RaftServerProxy (RaftServerProxy.java:remove(95)) - ced45e13-3c9a-48b2-a28a-774edb50765e: remove group-81257F7736E1:null
2019-10-02 15:50:50,552 [RatisPipelineUtilsThread] WARN  pipeline.RatisPipelineUtils (RatisPipelineUtils.java:destroyPipeline(67)) - Pipeline destroy failed for pipeline=PipelineID=0558ff1a-2dab-4e88-9370-81257f7736e1 dn=ced45e13-3c9a-48b2-a28a-774edb50765e{ip: 192.168.151.72, host: pr-trunk-fgz7f-2353921243, networkLocation: /default-rack, certSerialId: null}
2019-10-02 15:50:50,557 [grpc-default-executor-2] INFO  impl.RaftServerProxy (RaftServerProxy.java:remove(95)) - 3ae5aee2-2358-49e6-9004-20fc57714669: remove group-81257F7736E1:null
2019-10-02 15:50:50,567 [RatisPipelineUtilsThread] WARN  pipeline.RatisPipelineUtils (RatisPipelineUtils.java:destroyPipeline(67)) - Pipeline destroy failed for pipeline=PipelineID=0558ff1a-2dab-4e88-9370-81257f7736e1 dn=3ae5aee2-2358-49e6-9004-20fc57714669{ip: 192.168.151.72, host: pr-trunk-fgz7f-2353921243, networkLocation: /default-rack, certSerialId: null}
2019-10-02 15:50:50,567 [RatisPipelineUtilsThread] ERROR pipeline.SCMPipelineManager (Scheduler.java:lambda$schedule$1(70)) - Destroy pipeline failed for pipeline:Pipeline[ Id: 0558ff1a-2dab-4e88-9370-81257f7736e1, Nodes: e1085188-920c-47f7-886f-c98137f30542{ip: 192.168.151.72, host: pr-trunk-fgz7f-2353921243, networkLocation: /default-rack, certSerialId: null}ced45e13-3c9a-48b2-a28a-774edb50765e{ip: 192.168.151.72, host: pr-trunk-fgz7f-2353921243, networkLocation: /default-rack, certSerialId: null}3ae5aee2-2358-49e6-9004-20fc57714669{ip: 192.168.151.72, host: pr-trunk-fgz7f-2353921243, networkLocation: /default-rack, certSerialId: null}, Type:RATIS, Factor:THREE, State:CLOSED]
org.apache.hadoop.hdds.scm.pipeline.PipelineNotFoundException: PipelineID=0558ff1a-2dab-4e88-9370-81257f7736e1 not found
	at org.apache.hadoop.hdds.scm.pipeline.PipelineStateMap.getPipeline(PipelineStateMap.java:132)
	at org.apache.hadoop.hdds.scm.pipeline.PipelineStateMap.removePipeline(PipelineStateMap.java:322)
	at org.apache.hadoop.hdds.scm.pipeline.PipelineStateManager.removePipeline(PipelineStateManager.java:107)
	at org.apache.hadoop.hdds.scm.pipeline.SCMPipelineManager.removePipeline(SCMPipelineManager.java:427)
	at org.apache.hadoop.hdds.scm.pipeline.SCMPipelineManager.destroyPipeline(SCMPipelineManager.java:413)
	at org.apache.hadoop.hdds.scm.pipeline.SCMPipelineManager.lambda$finalizeAndDestroyPipeline$0(SCMPipelineManager.java:322)
	at org.apache.hadoop.hdds.utils.Scheduler.lambda$schedule$1(Scheduler.java:68)
	at java.util.concurrent.Executors$RunnableAdapter.call(Executors.java:511)
	at java.util.concurrent.FutureTask.run(FutureTask.java:266)
	at java.util.concurrent.ScheduledThreadPoolExecutor$ScheduledFutureTask.access$201(ScheduledThreadPoolExecutor.java:180)
	at java.util.concurrent.ScheduledThreadPoolExecutor$ScheduledFutureTask.run(ScheduledThreadPoolExecutor.java:293)
	at java.util.concurrent.ThreadPoolExecutor.runWorker(ThreadPoolExecutor.java:1149)
	at java.util.concurrent.ThreadPoolExecutor$Worker.run(ThreadPoolExecutor.java:624)
	at java.lang.Thread.run(Thread.java:748)
2019-10-02 15:50:50,583 [grpc-default-executor-1] INFO  impl.RaftServerProxy (RaftServerProxy.java:addNew(89)) - ced45e13-3c9a-48b2-a28a-774edb50765e: addNew group-0781099F6593:[3ae5aee2-2358-49e6-9004-20fc57714669:192.168.151.72:42197, e1085188-920c-47f7-886f-c98137f30542:192.168.151.72:45532, ced45e13-3c9a-48b2-a28a-774edb50765e:192.168.151.72:42645] returns group-0781099F6593:java.util.concurrent.CompletableFuture@2f03194c[Not completed]
2019-10-02 15:50:50,583 [grpc-default-executor-6] INFO  impl.RaftServerProxy (RaftServerProxy.java:addNew(89)) - e1085188-920c-47f7-886f-c98137f30542: addNew group-0781099F6593:[3ae5aee2-2358-49e6-9004-20fc57714669:192.168.151.72:42197, e1085188-920c-47f7-886f-c98137f30542:192.168.151.72:45532, ced45e13-3c9a-48b2-a28a-774edb50765e:192.168.151.72:42645] returns group-0781099F6593:java.util.concurrent.CompletableFuture@2540a0f3[Not completed]
2019-10-02 15:50:50,588 [grpc-default-executor-2] INFO  impl.RaftServerProxy (RaftServerProxy.java:addNew(89)) - 3ae5aee2-2358-49e6-9004-20fc57714669: addNew group-0781099F6593:[3ae5aee2-2358-49e6-9004-20fc57714669:192.168.151.72:42197, e1085188-920c-47f7-886f-c98137f30542:192.168.151.72:45532, ced45e13-3c9a-48b2-a28a-774edb50765e:192.168.151.72:42645] returns group-0781099F6593:java.util.concurrent.CompletableFuture@16b726c4[Not completed]
2019-10-02 15:50:50,589 [pool-57-thread-1] INFO  impl.RaftServerImpl (RaftServerImpl.java:<init>(95)) - e1085188-920c-47f7-886f-c98137f30542: new RaftServerImpl for group-0781099F6593:[3ae5aee2-2358-49e6-9004-20fc57714669:192.168.151.72:42197, e1085188-920c-47f7-886f-c98137f30542:192.168.151.72:45532, ced45e13-3c9a-48b2-a28a-774edb50765e:192.168.151.72:42645] with ContainerStateMachine:uninitialized
2019-10-02 15:50:50,590 [pool-57-thread-1] INFO  server.RaftServerConfigKeys (ConfUtils.java:logGet(43)) - raft.server.rpc.timeout.min = 5s (custom)
2019-10-02 15:50:50,590 [pool-57-thread-1] INFO  server.RaftServerConfigKeys (ConfUtils.java:logGet(43)) - raft.server.rpc.timeout.max = 5200ms (custom)
2019-10-02 15:50:50,590 [pool-57-thread-1] INFO  server.RaftServerConfigKeys (ConfUtils.java:logGet(43)) - raft.server.rpcslowness.timeout = 120s (custom)
2019-10-02 15:50:50,590 [pool-57-thread-1] INFO  server.RaftServerConfigKeys (ConfUtils.java:logGet(43)) - raft.server.sleep.deviation.threshold = 300 (default)
2019-10-02 15:50:50,590 [pool-57-thread-1] INFO  server.RaftServerConfigKeys (ConfUtils.java:logGet(43)) - raft.server.log.appender.install.snapshot.enabled = false (custom)
2019-10-02 15:50:50,590 [pool-57-thread-1] INFO  impl.RaftServerImpl (ServerState.java:<init>(103)) - e1085188-920c-47f7-886f-c98137f30542@group-0781099F6593: ConfigurationManager, init=-1: [3ae5aee2-2358-49e6-9004-20fc57714669:192.168.151.72:42197, e1085188-920c-47f7-886f-c98137f30542:192.168.151.72:45532, ced45e13-3c9a-48b2-a28a-774edb50765e:192.168.151.72:42645], old=null, confs=<EMPTY_MAP>
2019-10-02 15:50:50,591 [pool-37-thread-1] INFO  impl.RaftServerImpl (RaftServerImpl.java:<init>(95)) - 3ae5aee2-2358-49e6-9004-20fc57714669: new RaftServerImpl for group-0781099F6593:[3ae5aee2-2358-49e6-9004-20fc57714669:192.168.151.72:42197, e1085188-920c-47f7-886f-c98137f30542:192.168.151.72:45532, ced45e13-3c9a-48b2-a28a-774edb50765e:192.168.151.72:42645] with ContainerStateMachine:uninitialized
2019-10-02 15:50:50,591 [pool-57-thread-1] INFO  server.RaftServerConfigKeys (ConfUtils.java:logGet(43)) - raft.server.storage.dir = [/workdir/hadoop-ozone/integration-test/target/test-dir/MiniOzoneClusterImpl-44e437f6-303a-4d8e-bbbb-3b42b5072b0e/datanode-3/data/ratis] (custom)
2019-10-02 15:50:50,591 [pool-37-thread-1] INFO  server.RaftServerConfigKeys (ConfUtils.java:logGet(43)) - raft.server.rpc.timeout.min = 5s (custom)
2019-10-02 15:50:50,591 [pool-37-thread-1] INFO  server.RaftServerConfigKeys (ConfUtils.java:logGet(43)) - raft.server.rpc.timeout.max = 5200ms (custom)
2019-10-02 15:50:50,591 [pool-57-thread-1] INFO  server.RaftServerConfigKeys (ConfUtils.java:logGet(43)) - raft.server.log.corruption.policy = EXCEPTION (default)
2019-10-02 15:50:50,591 [pool-87-thread-1] INFO  impl.RaftServerImpl (RaftServerImpl.java:<init>(95)) - ced45e13-3c9a-48b2-a28a-774edb50765e: new RaftServerImpl for group-0781099F6593:[3ae5aee2-2358-49e6-9004-20fc57714669:192.168.151.72:42197, e1085188-920c-47f7-886f-c98137f30542:192.168.151.72:45532, ced45e13-3c9a-48b2-a28a-774edb50765e:192.168.151.72:42645] with ContainerStateMachine:uninitialized
2019-10-02 15:50:50,591 [pool-37-thread-1] INFO  server.RaftServerConfigKeys (ConfUtils.java:logGet(43)) - raft.server.rpcslowness.timeout = 120s (custom)
2019-10-02 15:50:50,592 [pool-87-thread-1] INFO  server.RaftServerConfigKeys (ConfUtils.java:logGet(43)) - raft.server.rpc.timeout.min = 5s (custom)
2019-10-02 15:50:50,591 [pool-57-thread-1] INFO  storage.RaftStorageDirectory (RaftStorageDirectory.java:analyzeStorage(246)) - The storage directory /workdir/hadoop-ozone/integration-test/target/test-dir/MiniOzoneClusterImpl-44e437f6-303a-4d8e-bbbb-3b42b5072b0e/datanode-3/data/ratis/b0f55d09-7d6a-44fa-980d-0781099f6593 does not exist. Creating ...
2019-10-02 15:50:50,592 [pool-87-thread-1] INFO  server.RaftServerConfigKeys (ConfUtils.java:logGet(43)) - raft.server.rpc.timeout.max = 5200ms (custom)
2019-10-02 15:50:50,592 [pool-37-thread-1] INFO  server.RaftServerConfigKeys (ConfUtils.java:logGet(43)) - raft.server.sleep.deviation.threshold = 300 (default)
2019-10-02 15:50:50,592 [pool-87-thread-1] INFO  server.RaftServerConfigKeys (ConfUtils.java:logGet(43)) - raft.server.rpcslowness.timeout = 120s (custom)
2019-10-02 15:50:50,592 [pool-37-thread-1] INFO  server.RaftServerConfigKeys (ConfUtils.java:logGet(43)) - raft.server.log.appender.install.snapshot.enabled = false (custom)
2019-10-02 15:50:50,592 [pool-87-thread-1] INFO  server.RaftServerConfigKeys (ConfUtils.java:logGet(43)) - raft.server.sleep.deviation.threshold = 300 (default)
2019-10-02 15:50:50,593 [pool-37-thread-1] INFO  impl.RaftServerImpl (ServerState.java:<init>(103)) - 3ae5aee2-2358-49e6-9004-20fc57714669@group-0781099F6593: ConfigurationManager, init=-1: [3ae5aee2-2358-49e6-9004-20fc57714669:192.168.151.72:42197, e1085188-920c-47f7-886f-c98137f30542:192.168.151.72:45532, ced45e13-3c9a-48b2-a28a-774edb50765e:192.168.151.72:42645], old=null, confs=<EMPTY_MAP>
2019-10-02 15:50:50,593 [pool-87-thread-1] INFO  server.RaftServerConfigKeys (ConfUtils.java:logGet(43)) - raft.server.log.appender.install.snapshot.enabled = false (custom)
2019-10-02 15:50:50,593 [pool-37-thread-1] INFO  server.RaftServerConfigKeys (ConfUtils.java:logGet(43)) - raft.server.storage.dir = [/workdir/hadoop-ozone/integration-test/target/test-dir/MiniOzoneClusterImpl-44e437f6-303a-4d8e-bbbb-3b42b5072b0e/datanode-1/data/ratis] (custom)
2019-10-02 15:50:50,593 [pool-87-thread-1] INFO  impl.RaftServerImpl (ServerState.java:<init>(103)) - ced45e13-3c9a-48b2-a28a-774edb50765e@group-0781099F6593: ConfigurationManager, init=-1: [3ae5aee2-2358-49e6-9004-20fc57714669:192.168.151.72:42197, e1085188-920c-47f7-886f-c98137f30542:192.168.151.72:45532, ced45e13-3c9a-48b2-a28a-774edb50765e:192.168.151.72:42645], old=null, confs=<EMPTY_MAP>
2019-10-02 15:50:50,593 [pool-87-thread-1] INFO  server.RaftServerConfigKeys (ConfUtils.java:logGet(43)) - raft.server.storage.dir = [/workdir/hadoop-ozone/integration-test/target/test-dir/MiniOzoneClusterImpl-44e437f6-303a-4d8e-bbbb-3b42b5072b0e/datanode-6/data/ratis] (custom)
2019-10-02 15:50:50,593 [pool-37-thread-1] INFO  server.RaftServerConfigKeys (ConfUtils.java:logGet(43)) - raft.server.log.corruption.policy = EXCEPTION (default)
2019-10-02 15:50:50,593 [pool-87-thread-1] INFO  server.RaftServerConfigKeys (ConfUtils.java:logGet(43)) - raft.server.log.corruption.policy = EXCEPTION (default)
2019-10-02 15:50:50,594 [pool-37-thread-1] INFO  storage.RaftStorageDirectory (RaftStorageDirectory.java:analyzeStorage(246)) - The storage directory /workdir/hadoop-ozone/integration-test/target/test-dir/MiniOzoneClusterImpl-44e437f6-303a-4d8e-bbbb-3b42b5072b0e/datanode-1/data/ratis/b0f55d09-7d6a-44fa-980d-0781099f6593 does not exist. Creating ...
2019-10-02 15:50:50,594 [pool-87-thread-1] INFO  storage.RaftStorageDirectory (RaftStorageDirectory.java:analyzeStorage(246)) - The storage directory /workdir/hadoop-ozone/integration-test/target/test-dir/MiniOzoneClusterImpl-44e437f6-303a-4d8e-bbbb-3b42b5072b0e/datanode-6/data/ratis/b0f55d09-7d6a-44fa-980d-0781099f6593 does not exist. Creating ...
2019-10-02 15:50:50,604 [pool-57-thread-1] INFO  storage.RaftStorageDirectory (RaftStorageDirectory.java:tryLock(328)) - Lock on /workdir/hadoop-ozone/integration-test/target/test-dir/MiniOzoneClusterImpl-44e437f6-303a-4d8e-bbbb-3b42b5072b0e/datanode-3/data/ratis/b0f55d09-7d6a-44fa-980d-0781099f6593/in_use.lock acquired by nodename 29219@pr-trunk-fgz7f-2353921243
2019-10-02 15:50:50,604 [pool-87-thread-1] INFO  storage.RaftStorageDirectory (RaftStorageDirectory.java:tryLock(328)) - Lock on /workdir/hadoop-ozone/integration-test/target/test-dir/MiniOzoneClusterImpl-44e437f6-303a-4d8e-bbbb-3b42b5072b0e/datanode-6/data/ratis/b0f55d09-7d6a-44fa-980d-0781099f6593/in_use.lock acquired by nodename 29219@pr-trunk-fgz7f-2353921243
2019-10-02 15:50:50,604 [pool-37-thread-1] INFO  storage.RaftStorageDirectory (RaftStorageDirectory.java:tryLock(328)) - Lock on /workdir/hadoop-ozone/integration-test/target/test-dir/MiniOzoneClusterImpl-44e437f6-303a-4d8e-bbbb-3b42b5072b0e/datanode-1/data/ratis/b0f55d09-7d6a-44fa-980d-0781099f6593/in_use.lock acquired by nodename 29219@pr-trunk-fgz7f-2353921243
2019-10-02 15:50:50,625 [pool-57-thread-1] INFO  storage.RaftStorage (RaftStorage.java:format(84)) - Storage directory /workdir/hadoop-ozone/integration-test/target/test-dir/MiniOzoneClusterImpl-44e437f6-303a-4d8e-bbbb-3b42b5072b0e/datanode-3/data/ratis/b0f55d09-7d6a-44fa-980d-0781099f6593 has been successfully formatted.
2019-10-02 15:50:50,625 [pool-87-thread-1] INFO  storage.RaftStorage (RaftStorage.java:format(84)) - Storage directory /workdir/hadoop-ozone/integration-test/target/test-dir/MiniOzoneClusterImpl-44e437f6-303a-4d8e-bbbb-3b42b5072b0e/datanode-6/data/ratis/b0f55d09-7d6a-44fa-980d-0781099f6593 has been successfully formatted.
2019-10-02 15:50:50,625 [pool-37-thread-1] INFO  storage.RaftStorage (RaftStorage.java:format(84)) - Storage directory /workdir/hadoop-ozone/integration-test/target/test-dir/MiniOzoneClusterImpl-44e437f6-303a-4d8e-bbbb-3b42b5072b0e/datanode-1/data/ratis/b0f55d09-7d6a-44fa-980d-0781099f6593 has been successfully formatted.
2019-10-02 15:50:50,625 [pool-57-thread-1] INFO  ratis.ContainerStateMachine (ContainerStateMachine.java:loadSnapshot(231)) - group-0781099F6593: The snapshot info is null. Setting the last applied indexto:(t:0, i:~)
2019-10-02 15:50:50,626 [pool-87-thread-1] INFO  ratis.ContainerStateMachine (ContainerStateMachine.java:loadSnapshot(231)) - group-0781099F6593: The snapshot info is null. Setting the last applied indexto:(t:0, i:~)
2019-10-02 15:50:50,626 [pool-37-thread-1] INFO  ratis.ContainerStateMachine (ContainerStateMachine.java:loadSnapshot(231)) - group-0781099F6593: The snapshot info is null. Setting the last applied indexto:(t:0, i:~)
2019-10-02 15:50:50,626 [pool-57-thread-1] INFO  server.RaftServerConfigKeys (ConfUtils.java:logGet(43)) - raft.server.notification.no-leader.timeout = 120s (custom)
2019-10-02 15:50:50,626 [pool-37-thread-1] INFO  server.RaftServerConfigKeys (ConfUtils.java:logGet(43)) - raft.server.notification.no-leader.timeout = 120s (custom)
2019-10-02 15:50:50,626 [pool-87-thread-1] INFO  server.RaftServerConfigKeys (ConfUtils.java:logGet(43)) - raft.server.notification.no-leader.timeout = 120s (custom)
2019-10-02 15:50:50,626 [pool-37-thread-1] INFO  server.RaftServerConfigKeys (ConfUtils.java:logGet(43)) - raft.server.log.use.memory = false (default)
2019-10-02 15:50:50,626 [pool-57-thread-1] INFO  server.RaftServerConfigKeys (ConfUtils.java:logGet(43)) - raft.server.log.use.memory = false (default)
2019-10-02 15:50:50,627 [pool-37-thread-1] INFO  server.RaftServerConfigKeys (ConfUtils.java:logGet(43)) - raft.server.log.purge.gap = 1000000 (custom)
2019-10-02 15:50:50,627 [pool-87-thread-1] INFO  server.RaftServerConfigKeys (ConfUtils.java:logGet(43)) - raft.server.log.use.memory = false (default)
2019-10-02 15:50:50,627 [pool-37-thread-1] INFO  server.RaftServerConfigKeys (ConfUtils.java:logGet(43)) - raft.server.log.appender.buffer.byte-limit = 33554432 (custom)
2019-10-02 15:50:50,627 [pool-57-thread-1] INFO  server.RaftServerConfigKeys (ConfUtils.java:logGet(43)) - raft.server.log.purge.gap = 1000000 (custom)
2019-10-02 15:50:50,627 [pool-37-thread-1] INFO  server.RaftServerConfigKeys (ConfUtils.java:logGet(43)) - raft.server.log.segment.size.max = 1048576 (custom)
2019-10-02 15:50:50,627 [pool-87-thread-1] INFO  server.RaftServerConfigKeys (ConfUtils.java:logGet(43)) - raft.server.log.purge.gap = 1000000 (custom)
2019-10-02 15:50:50,628 [pool-37-thread-1] INFO  server.RaftServerConfigKeys (ConfUtils.java:logGet(43)) - raft.server.log.segment.cache.num.max = 2 (custom)
2019-10-02 15:50:50,627 [pool-57-thread-1] INFO  server.RaftServerConfigKeys (ConfUtils.java:logGet(43)) - raft.server.log.appender.buffer.byte-limit = 33554432 (custom)
2019-10-02 15:50:50,628 [pool-37-thread-1] INFO  segmented.SegmentedRaftLogWorker (SegmentedRaftLogWorker.java:<init>(173)) - new 3ae5aee2-2358-49e6-9004-20fc57714669@group-0781099F6593-SegmentedRaftLogWorker for RaftStorage:Storage Directory /workdir/hadoop-ozone/integration-test/target/test-dir/MiniOzoneClusterImpl-44e437f6-303a-4d8e-bbbb-3b42b5072b0e/datanode-1/data/ratis/b0f55d09-7d6a-44fa-980d-0781099f6593
2019-10-02 15:50:50,628 [pool-87-thread-1] INFO  server.RaftServerConfigKeys (ConfUtils.java:logGet(43)) - raft.server.log.appender.buffer.byte-limit = 33554432 (custom)
2019-10-02 15:50:50,628 [pool-37-thread-1] INFO  server.RaftServerConfigKeys (ConfUtils.java:logGet(43)) - raft.server.log.queue.byte-limit = 2147483647 (custom)
2019-10-02 15:50:50,628 [pool-57-thread-1] INFO  server.RaftServerConfigKeys (ConfUtils.java:logGet(43)) - raft.server.log.segment.size.max = 1048576 (custom)
2019-10-02 15:50:50,628 [pool-37-thread-1] INFO  server.RaftServerConfigKeys (ConfUtils.java:logGet(43)) - raft.server.log.queue.element-limit = 1024 (custom)
2019-10-02 15:50:50,628 [pool-87-thread-1] INFO  server.RaftServerConfigKeys (ConfUtils.java:logGet(43)) - raft.server.log.segment.size.max = 1048576 (custom)
2019-10-02 15:50:50,629 [pool-37-thread-1] INFO  server.RaftServerConfigKeys (ConfUtils.java:logGet(43)) - raft.server.log.segment.size.max = 1048576 (custom)
2019-10-02 15:50:50,629 [pool-57-thread-1] INFO  server.RaftServerConfigKeys (ConfUtils.java:logGet(43)) - raft.server.log.segment.cache.num.max = 2 (custom)
2019-10-02 15:50:50,629 [pool-37-thread-1] INFO  server.RaftServerConfigKeys (ConfUtils.java:logGet(43)) - raft.server.log.preallocated.size = 16384 (custom)
2019-10-02 15:50:50,629 [pool-87-thread-1] INFO  server.RaftServerConfigKeys (ConfUtils.java:logGet(43)) - raft.server.log.segment.cache.num.max = 2 (custom)
2019-10-02 15:50:50,629 [pool-37-thread-1] INFO  server.RaftServerConfigKeys (ConfUtils.java:logGet(43)) - raft.server.log.write.buffer.size = 33554432 (custom)
2019-10-02 15:50:50,629 [pool-57-thread-1] INFO  segmented.SegmentedRaftLogWorker (SegmentedRaftLogWorker.java:<init>(173)) - new e1085188-920c-47f7-886f-c98137f30542@group-0781099F6593-SegmentedRaftLogWorker for RaftStorage:Storage Directory /workdir/hadoop-ozone/integration-test/target/test-dir/MiniOzoneClusterImpl-44e437f6-303a-4d8e-bbbb-3b42b5072b0e/datanode-3/data/ratis/b0f55d09-7d6a-44fa-980d-0781099f6593
2019-10-02 15:50:50,630 [pool-37-thread-1] INFO  server.RaftServerConfigKeys (ConfUtils.java:logGet(43)) - raft.server.log.force.sync.num = 128 (default)
2019-10-02 15:50:50,630 [pool-87-thread-1] INFO  segmented.SegmentedRaftLogWorker (SegmentedRaftLogWorker.java:<init>(173)) - new ced45e13-3c9a-48b2-a28a-774edb50765e@group-0781099F6593-SegmentedRaftLogWorker for RaftStorage:Storage Directory /workdir/hadoop-ozone/integration-test/target/test-dir/MiniOzoneClusterImpl-44e437f6-303a-4d8e-bbbb-3b42b5072b0e/datanode-6/data/ratis/b0f55d09-7d6a-44fa-980d-0781099f6593
2019-10-02 15:50:50,630 [pool-37-thread-1] INFO  server.RaftServerConfigKeys (ConfUtils.java:logGet(43)) - raft.server.log.statemachine.data.sync = true (default)
2019-10-02 15:50:50,630 [pool-57-thread-1] INFO  server.RaftServerConfigKeys (ConfUtils.java:logGet(43)) - raft.server.log.queue.byte-limit = 2147483647 (custom)
2019-10-02 15:50:50,630 [pool-37-thread-1] INFO  server.RaftServerConfigKeys (ConfUtils.java:logGet(43)) - raft.server.log.statemachine.data.sync.timeout = 10s (default)
2019-10-02 15:50:50,630 [pool-87-thread-1] INFO  server.RaftServerConfigKeys (ConfUtils.java:logGet(43)) - raft.server.log.queue.byte-limit = 2147483647 (custom)
2019-10-02 15:50:50,631 [pool-37-thread-1] INFO  server.RaftServerConfigKeys (ConfUtils.java:logGet(43)) - raft.server.log.statemachine.data.sync.timeout.retry = -1 (default)
2019-10-02 15:50:50,630 [pool-57-thread-1] INFO  server.RaftServerConfigKeys (ConfUtils.java:logGet(43)) - raft.server.log.queue.element-limit = 1024 (custom)
2019-10-02 15:50:50,631 [pool-87-thread-1] INFO  server.RaftServerConfigKeys (ConfUtils.java:logGet(43)) - raft.server.log.queue.element-limit = 1024 (custom)
2019-10-02 15:50:50,631 [pool-57-thread-1] INFO  server.RaftServerConfigKeys (ConfUtils.java:logGet(43)) - raft.server.log.segment.size.max = 1048576 (custom)
2019-10-02 15:50:50,631 [pool-37-thread-1] INFO  server.RaftServerConfigKeys (ConfUtils.java:logGet(43)) - raft.server.log.statemachine.data.caching.enabled = true (custom)
2019-10-02 15:50:50,631 [pool-57-thread-1] INFO  server.RaftServerConfigKeys (ConfUtils.java:logGet(43)) - raft.server.log.preallocated.size = 16384 (custom)
2019-10-02 15:50:50,631 [pool-87-thread-1] INFO  server.RaftServerConfigKeys (ConfUtils.java:logGet(43)) - raft.server.log.segment.size.max = 1048576 (custom)
2019-10-02 15:50:50,632 [pool-37-thread-1] INFO  segmented.SegmentedRaftLogWorker (SegmentedRaftLogWorker.java:lambda$new$0(128)) - 3ae5aee2-2358-49e6-9004-20fc57714669@group-0781099F6593-SegmentedRaftLogWorker: flushIndex: setUnconditionally 0 -> -1
2019-10-02 15:50:50,632 [pool-57-thread-1] INFO  server.RaftServerConfigKeys (ConfUtils.java:logGet(43)) - raft.server.log.write.buffer.size = 33554432 (custom)
2019-10-02 15:50:50,632 [pool-87-thread-1] INFO  server.RaftServerConfigKeys (ConfUtils.java:logGet(43)) - raft.server.log.preallocated.size = 16384 (custom)
2019-10-02 15:50:50,632 [pool-37-thread-1] INFO  server.RaftServerConfigKeys (ConfUtils.java:logGet(43)) - raft.server.snapshot.auto.trigger.enabled = true (custom)
2019-10-02 15:50:50,632 [pool-57-thread-1] INFO  server.RaftServerConfigKeys (ConfUtils.java:logGet(43)) - raft.server.log.force.sync.num = 128 (default)
2019-10-02 15:50:50,632 [pool-37-thread-1] INFO  server.RaftServerConfigKeys (ConfUtils.java:logGet(43)) - raft.server.snapshot.auto.trigger.threshold = 10000 (custom)
2019-10-02 15:50:50,632 [pool-87-thread-1] INFO  server.RaftServerConfigKeys (ConfUtils.java:logGet(43)) - raft.server.log.write.buffer.size = 33554432 (custom)
2019-10-02 15:50:50,633 [pool-37-thread-1] INFO  server.RaftServerConfigKeys (ConfUtils.java:logGet(43)) - raft.server.snapshot.retention.file.num = 5 (custom)
2019-10-02 15:50:50,632 [pool-57-thread-1] INFO  server.RaftServerConfigKeys (ConfUtils.java:logGet(43)) - raft.server.log.statemachine.data.sync = true (default)
2019-10-02 15:50:50,633 [pool-37-thread-1] INFO  server.RaftServerConfigKeys (ConfUtils.java:logGet(43)) - raft.server.retrycache.expirytime = 600000ms (custom)
2019-10-02 15:50:50,633 [pool-87-thread-1] INFO  server.RaftServerConfigKeys (ConfUtils.java:logGet(43)) - raft.server.log.force.sync.num = 128 (default)
2019-10-02 15:50:50,633 [pool-57-thread-1] INFO  server.RaftServerConfigKeys (ConfUtils.java:logGet(43)) - raft.server.log.statemachine.data.sync.timeout = 10s (default)
2019-10-02 15:50:50,633 [pool-87-thread-1] INFO  server.RaftServerConfigKeys (ConfUtils.java:logGet(43)) - raft.server.log.statemachine.data.sync = true (default)
2019-10-02 15:50:50,633 [pool-57-thread-1] INFO  server.RaftServerConfigKeys (ConfUtils.java:logGet(43)) - raft.server.log.statemachine.data.sync.timeout.retry = -1 (default)
2019-10-02 15:50:50,634 [pool-87-thread-1] INFO  server.RaftServerConfigKeys (ConfUtils.java:logGet(43)) - raft.server.log.statemachine.data.sync.timeout = 10s (default)
2019-10-02 15:50:50,634 [pool-57-thread-1] INFO  server.RaftServerConfigKeys (ConfUtils.java:logGet(43)) - raft.server.log.statemachine.data.caching.enabled = true (custom)
2019-10-02 15:50:50,634 [pool-87-thread-1] INFO  server.RaftServerConfigKeys (ConfUtils.java:logGet(43)) - raft.server.log.statemachine.data.sync.timeout.retry = -1 (default)
2019-10-02 15:50:50,634 [pool-57-thread-1] INFO  segmented.SegmentedRaftLogWorker (SegmentedRaftLogWorker.java:lambda$new$0(128)) - e1085188-920c-47f7-886f-c98137f30542@group-0781099F6593-SegmentedRaftLogWorker: flushIndex: setUnconditionally 0 -> -1
2019-10-02 15:50:50,634 [pool-87-thread-1] INFO  server.RaftServerConfigKeys (ConfUtils.java:logGet(43)) - raft.server.log.statemachine.data.caching.enabled = true (custom)
2019-10-02 15:50:50,635 [pool-57-thread-1] INFO  server.RaftServerConfigKeys (ConfUtils.java:logGet(43)) - raft.server.snapshot.auto.trigger.enabled = true (custom)
2019-10-02 15:50:50,635 [pool-57-thread-1] INFO  server.RaftServerConfigKeys (ConfUtils.java:logGet(43)) - raft.server.snapshot.auto.trigger.threshold = 10000 (custom)
2019-10-02 15:50:50,635 [pool-87-thread-1] INFO  segmented.SegmentedRaftLogWorker (SegmentedRaftLogWorker.java:lambda$new$0(128)) - ced45e13-3c9a-48b2-a28a-774edb50765e@group-0781099F6593-SegmentedRaftLogWorker: flushIndex: setUnconditionally 0 -> -1
2019-10-02 15:50:50,635 [pool-57-thread-1] INFO  server.RaftServerConfigKeys (ConfUtils.java:logGet(43)) - raft.server.snapshot.retention.file.num = 5 (custom)
2019-10-02 15:50:50,635 [pool-87-thread-1] INFO  server.RaftServerConfigKeys (ConfUtils.java:logGet(43)) - raft.server.snapshot.auto.trigger.enabled = true (custom)
2019-10-02 15:50:50,635 [pool-57-thread-1] INFO  server.RaftServerConfigKeys (ConfUtils.java:logGet(43)) - raft.server.retrycache.expirytime = 600000ms (custom)
2019-10-02 15:50:50,635 [pool-87-thread-1] INFO  server.RaftServerConfigKeys (ConfUtils.java:logGet(43)) - raft.server.snapshot.auto.trigger.threshold = 10000 (custom)
2019-10-02 15:50:50,636 [pool-87-thread-1] INFO  server.RaftServerConfigKeys (ConfUtils.java:logGet(43)) - raft.server.snapshot.retention.file.num = 5 (custom)
2019-10-02 15:50:50,636 [pool-87-thread-1] INFO  server.RaftServerConfigKeys (ConfUtils.java:logGet(43)) - raft.server.retrycache.expirytime = 600000ms (custom)
2019-10-02 15:50:50,636 [pool-37-thread-1] INFO  impl.RaftServerImpl (RaftServerImpl.java:start(181)) - 3ae5aee2-2358-49e6-9004-20fc57714669@group-0781099F6593: start as a follower, conf=-1: [3ae5aee2-2358-49e6-9004-20fc57714669:192.168.151.72:42197, e1085188-920c-47f7-886f-c98137f30542:192.168.151.72:45532, ced45e13-3c9a-48b2-a28a-774edb50765e:192.168.151.72:42645], old=null
2019-10-02 15:50:50,636 [pool-37-thread-1] INFO  impl.RaftServerImpl (RaftServerImpl.java:setRole(170)) - 3ae5aee2-2358-49e6-9004-20fc57714669@group-0781099F6593: changes role from      null to FOLLOWER at term 0 for startAsFollower
2019-10-02 15:50:50,636 [pool-37-thread-1] INFO  impl.RoleInfo (RoleInfo.java:updateAndGet(143)) - 3ae5aee2-2358-49e6-9004-20fc57714669: start FollowerState
2019-10-02 15:50:50,637 [pool-37-thread-1] INFO  util.JmxRegister (JmxRegister.java:tryRegister(44)) - Successfully registered JMX Bean with object name Ratis:service=RaftServer,group=group-0781099F6593,id=3ae5aee2-2358-49e6-9004-20fc57714669
2019-10-02 15:50:50,639 [pool-57-thread-1] INFO  impl.RaftServerImpl (RaftServerImpl.java:start(181)) - e1085188-920c-47f7-886f-c98137f30542@group-0781099F6593: start as a follower, conf=-1: [3ae5aee2-2358-49e6-9004-20fc57714669:192.168.151.72:42197, e1085188-920c-47f7-886f-c98137f30542:192.168.151.72:45532, ced45e13-3c9a-48b2-a28a-774edb50765e:192.168.151.72:42645], old=null
2019-10-02 15:50:50,639 [pool-57-thread-1] INFO  impl.RaftServerImpl (RaftServerImpl.java:setRole(170)) - e1085188-920c-47f7-886f-c98137f30542@group-0781099F6593: changes role from      null to FOLLOWER at term 0 for startAsFollower
2019-10-02 15:50:50,640 [pool-57-thread-1] INFO  impl.RoleInfo (RoleInfo.java:updateAndGet(143)) - e1085188-920c-47f7-886f-c98137f30542: start FollowerState
2019-10-02 15:50:50,640 [pool-57-thread-1] INFO  util.JmxRegister (JmxRegister.java:tryRegister(44)) - Successfully registered JMX Bean with object name Ratis:service=RaftServer,group=group-0781099F6593,id=e1085188-920c-47f7-886f-c98137f30542
2019-10-02 15:50:50,640 [pool-87-thread-1] INFO  impl.RaftServerImpl (RaftServerImpl.java:start(181)) - ced45e13-3c9a-48b2-a28a-774edb50765e@group-0781099F6593: start as a follower, conf=-1: [3ae5aee2-2358-49e6-9004-20fc57714669:192.168.151.72:42197, e1085188-920c-47f7-886f-c98137f30542:192.168.151.72:45532, ced45e13-3c9a-48b2-a28a-774edb50765e:192.168.151.72:42645], old=null
2019-10-02 15:50:50,640 [pool-87-thread-1] INFO  impl.RaftServerImpl (RaftServerImpl.java:setRole(170)) - ced45e13-3c9a-48b2-a28a-774edb50765e@group-0781099F6593: changes role from      null to FOLLOWER at term 0 for startAsFollower
2019-10-02 15:50:50,641 [pool-87-thread-1] INFO  impl.RoleInfo (RoleInfo.java:updateAndGet(143)) - ced45e13-3c9a-48b2-a28a-774edb50765e: start FollowerState
2019-10-02 15:50:50,641 [pool-87-thread-1] INFO  util.JmxRegister (JmxRegister.java:tryRegister(44)) - Successfully registered JMX Bean with object name Ratis:service=RaftServer,group=group-0781099F6593,id=ced45e13-3c9a-48b2-a28a-774edb50765e
2019-10-02 15:50:50,654 [RatisPipelineUtilsThread] INFO  pipeline.PipelineStateManager (PipelineStateManager.java:addPipeline(56)) - Created pipeline Pipeline[ Id: b0f55d09-7d6a-44fa-980d-0781099f6593, Nodes: e1085188-920c-47f7-886f-c98137f30542{ip: 192.168.151.72, host: pr-trunk-fgz7f-2353921243, networkLocation: /default-rack, certSerialId: null}ced45e13-3c9a-48b2-a28a-774edb50765e{ip: 192.168.151.72, host: pr-trunk-fgz7f-2353921243, networkLocation: /default-rack, certSerialId: null}3ae5aee2-2358-49e6-9004-20fc57714669{ip: 192.168.151.72, host: pr-trunk-fgz7f-2353921243, networkLocation: /default-rack, certSerialId: null}, Type:RATIS, Factor:THREE, State:OPEN]
]]></system-out>
    <system-err><![CDATA[ERROR StatusLogger No Log4j 2 configuration file found. Using default configuration (logging only errors to the console), or user programmatically provided configurations. Set system property 'log4j2.debug' to show Log4j 2 internal initialization logging. See https://logging.apache.org/log4j/2.x/manual/configuration.html for instructions on how to configure Log4j 2
Oct 02, 2019 3:50:50 PM org.apache.ratis.thirdparty.io.grpc.netty.NettyServerHandler onStreamError
WARNING: Stream Error
org.apache.ratis.thirdparty.io.netty.handler.codec.http2.Http2Exception$StreamException: Received DATA frame for an unknown stream 3
	at org.apache.ratis.thirdparty.io.netty.handler.codec.http2.Http2Exception.streamError(Http2Exception.java:129)
	at org.apache.ratis.thirdparty.io.netty.handler.codec.http2.DefaultHttp2ConnectionDecoder$FrameReadListener.shouldIgnoreHeadersOrDataFrame(DefaultHttp2ConnectionDecoder.java:531)
	at org.apache.ratis.thirdparty.io.netty.handler.codec.http2.DefaultHttp2ConnectionDecoder$FrameReadListener.onDataRead(DefaultHttp2ConnectionDecoder.java:183)
	at org.apache.ratis.thirdparty.io.netty.handler.codec.http2.Http2InboundFrameLogger$1.onDataRead(Http2InboundFrameLogger.java:48)
	at org.apache.ratis.thirdparty.io.netty.handler.codec.http2.DefaultHttp2FrameReader.readDataFrame(DefaultHttp2FrameReader.java:421)
	at org.apache.ratis.thirdparty.io.netty.handler.codec.http2.DefaultHttp2FrameReader.processPayloadState(DefaultHttp2FrameReader.java:251)
	at org.apache.ratis.thirdparty.io.netty.handler.codec.http2.DefaultHttp2FrameReader.readFrame(DefaultHttp2FrameReader.java:160)
	at org.apache.ratis.thirdparty.io.netty.handler.codec.http2.Http2InboundFrameLogger.readFrame(Http2InboundFrameLogger.java:41)
	at org.apache.ratis.thirdparty.io.netty.handler.codec.http2.DefaultHttp2ConnectionDecoder.decodeFrame(DefaultHttp2ConnectionDecoder.java:118)
	at org.apache.ratis.thirdparty.io.netty.handler.codec.http2.Http2ConnectionHandler$FrameDecoder.decode(Http2ConnectionHandler.java:390)
	at org.apache.ratis.thirdparty.io.netty.handler.codec.http2.Http2ConnectionHandler.decode(Http2ConnectionHandler.java:450)
	at org.apache.ratis.thirdparty.io.netty.handler.codec.ByteToMessageDecoder.decodeRemovalReentryProtection(ByteToMessageDecoder.java:502)
	at org.apache.ratis.thirdparty.io.netty.handler.codec.ByteToMessageDecoder.callDecode(ByteToMessageDecoder.java:441)
	at org.apache.ratis.thirdparty.io.netty.handler.codec.ByteToMessageDecoder.channelRead(ByteToMessageDecoder.java:278)
	at org.apache.ratis.thirdparty.io.netty.channel.AbstractChannelHandlerContext.invokeChannelRead(AbstractChannelHandlerContext.java:362)
	at org.apache.ratis.thirdparty.io.netty.channel.AbstractChannelHandlerContext.invokeChannelRead(AbstractChannelHandlerContext.java:348)
	at org.apache.ratis.thirdparty.io.netty.channel.AbstractChannelHandlerContext.fireChannelRead(AbstractChannelHandlerContext.java:340)
	at org.apache.ratis.thirdparty.io.netty.channel.DefaultChannelPipeline$HeadContext.channelRead(DefaultChannelPipeline.java:1434)
	at org.apache.ratis.thirdparty.io.netty.channel.AbstractChannelHandlerContext.invokeChannelRead(AbstractChannelHandlerContext.java:362)
	at org.apache.ratis.thirdparty.io.netty.channel.AbstractChannelHandlerContext.invokeChannelRead(AbstractChannelHandlerContext.java:348)
	at org.apache.ratis.thirdparty.io.netty.channel.DefaultChannelPipeline.fireChannelRead(DefaultChannelPipeline.java:965)
	at org.apache.ratis.thirdparty.io.netty.channel.nio.AbstractNioByteChannel$NioByteUnsafe.read(AbstractNioByteChannel.java:163)
	at org.apache.ratis.thirdparty.io.netty.channel.nio.NioEventLoop.processSelectedKey(NioEventLoop.java:644)
	at org.apache.ratis.thirdparty.io.netty.channel.nio.NioEventLoop.processSelectedKeysOptimized(NioEventLoop.java:579)
	at org.apache.ratis.thirdparty.io.netty.channel.nio.NioEventLoop.processSelectedKeys(NioEventLoop.java:496)
	at org.apache.ratis.thirdparty.io.netty.channel.nio.NioEventLoop.run(NioEventLoop.java:458)
	at org.apache.ratis.thirdparty.io.netty.util.concurrent.SingleThreadEventExecutor$5.run(SingleThreadEventExecutor.java:897)
	at org.apache.ratis.thirdparty.io.netty.util.concurrent.FastThreadLocalRunnable.run(FastThreadLocalRunnable.java:30)
	at java.lang.Thread.run(Thread.java:748)

]]></system-err>
  </testcase>
  <testcase name="testReleaseBuffersOnException" classname="org.apache.hadoop.ozone.client.rpc.TestCommitWatcher" time="77.862">
    <error message="org.apache.ratis.protocol.AlreadyClosedException: SlidingWindow$Client:client-072F738AA5B6-&gt;RAFT is closed." type="java.util.concurrent.ExecutionException">java.util.concurrent.ExecutionException: org.apache.ratis.protocol.AlreadyClosedException: SlidingWindow$Client:client-072F738AA5B6->RAFT is closed.
	at java.util.concurrent.CompletableFuture.reportGet(CompletableFuture.java:357)
	at java.util.concurrent.CompletableFuture.get(CompletableFuture.java:1895)
	at org.apache.hadoop.ozone.client.rpc.TestCommitWatcher.testReleaseBuffersOnException(TestCommitWatcher.java:256)
	at sun.reflect.NativeMethodAccessorImpl.invoke0(Native Method)
	at sun.reflect.NativeMethodAccessorImpl.invoke(NativeMethodAccessorImpl.java:62)
	at sun.reflect.DelegatingMethodAccessorImpl.invoke(DelegatingMethodAccessorImpl.java:43)
	at java.lang.reflect.Method.invoke(Method.java:498)
	at org.junit.runners.model.FrameworkMethod$1.runReflectiveCall(FrameworkMethod.java:47)
	at org.junit.internal.runners.model.ReflectiveCallable.run(ReflectiveCallable.java:12)
	at org.junit.runners.model.FrameworkMethod.invokeExplosively(FrameworkMethod.java:44)
	at org.junit.internal.runners.statements.InvokeMethod.evaluate(InvokeMethod.java:17)
	at org.junit.runners.ParentRunner.runLeaf(ParentRunner.java:271)
	at org.junit.runners.BlockJUnit4ClassRunner.runChild(BlockJUnit4ClassRunner.java:70)
	at org.junit.runners.BlockJUnit4ClassRunner.runChild(BlockJUnit4ClassRunner.java:50)
	at org.junit.runners.ParentRunner$3.run(ParentRunner.java:238)
	at org.junit.runners.ParentRunner$1.schedule(ParentRunner.java:63)
	at org.junit.runners.ParentRunner.runChildren(ParentRunner.java:236)
	at org.junit.runners.ParentRunner.access$000(ParentRunner.java:53)
	at org.junit.runners.ParentRunner$2.evaluate(ParentRunner.java:229)
	at org.junit.internal.runners.statements.RunBefores.evaluate(RunBefores.java:26)
	at org.junit.internal.runners.statements.RunAfters.evaluate(RunAfters.java:27)
	at org.junit.runners.ParentRunner.run(ParentRunner.java:309)
	at org.apache.maven.surefire.junit4.JUnit4Provider.execute(JUnit4Provider.java:365)
	at org.apache.maven.surefire.junit4.JUnit4Provider.executeWithRerun(JUnit4Provider.java:273)
	at org.apache.maven.surefire.junit4.JUnit4Provider.executeTestSet(JUnit4Provider.java:238)
	at org.apache.maven.surefire.junit4.JUnit4Provider.invoke(JUnit4Provider.java:159)
	at org.apache.maven.surefire.booter.ForkedBooter.invokeProviderInSameClassLoader(ForkedBooter.java:384)
	at org.apache.maven.surefire.booter.ForkedBooter.runSuitesInProcess(ForkedBooter.java:345)
	at org.apache.maven.surefire.booter.ForkedBooter.execute(ForkedBooter.java:126)
	at org.apache.maven.surefire.booter.ForkedBooter.main(ForkedBooter.java:418)
Caused by: org.apache.ratis.protocol.AlreadyClosedException: SlidingWindow$Client:client-072F738AA5B6->RAFT is closed.
	at org.apache.ratis.util.SlidingWindow$Client.alreadyClosed(SlidingWindow.java:376)
	at org.apache.ratis.util.SlidingWindow$Client.fail(SlidingWindow.java:364)
	at org.apache.ratis.client.impl.OrderedAsync.failAllAsyncRequests(OrderedAsync.java:134)
	at org.apache.ratis.client.impl.OrderedAsync.lambda$sendRequest$10(OrderedAsync.java:244)
	at java.util.concurrent.CompletableFuture.uniExceptionally(CompletableFuture.java:870)
	at java.util.concurrent.CompletableFuture$UniExceptionally.tryFire(CompletableFuture.java:852)
	at java.util.concurrent.CompletableFuture.postComplete(CompletableFuture.java:474)
	at java.util.concurrent.CompletableFuture.completeExceptionally(CompletableFuture.java:1977)
	at org.apache.ratis.grpc.client.GrpcClientProtocolClient$AsyncStreamObservers.completeReplyExceptionally(GrpcClientProtocolClient.java:345)
	at org.apache.ratis.grpc.client.GrpcClientProtocolClient$AsyncStreamObservers.access$000(GrpcClientProtocolClient.java:261)
	at org.apache.ratis.grpc.client.GrpcClientProtocolClient$AsyncStreamObservers$1.onError(GrpcClientProtocolClient.java:290)
	at org.apache.ratis.thirdparty.io.grpc.stub.ClientCalls$StreamObserverToCallListenerAdapter.onClose(ClientCalls.java:434)
	at org.apache.ratis.thirdparty.io.grpc.PartialForwardingClientCallListener.onClose(PartialForwardingClientCallListener.java:39)
	at org.apache.ratis.thirdparty.io.grpc.ForwardingClientCallListener.onClose(ForwardingClientCallListener.java:23)
	at org.apache.ratis.thirdparty.io.grpc.ForwardingClientCallListener$SimpleForwardingClientCallListener.onClose(ForwardingClientCallListener.java:40)
	at org.apache.ratis.thirdparty.io.grpc.internal.CensusStatsModule$StatsClientInterceptor$1$1.onClose(CensusStatsModule.java:678)
	at org.apache.ratis.thirdparty.io.grpc.PartialForwardingClientCallListener.onClose(PartialForwardingClientCallListener.java:39)
	at org.apache.ratis.thirdparty.io.grpc.ForwardingClientCallListener.onClose(ForwardingClientCallListener.java:23)
	at org.apache.ratis.thirdparty.io.grpc.ForwardingClientCallListener$SimpleForwardingClientCallListener.onClose(ForwardingClientCallListener.java:40)
	at org.apache.ratis.thirdparty.io.grpc.internal.CensusTracingModule$TracingClientInterceptor$1$1.onClose(CensusTracingModule.java:397)
	at org.apache.ratis.thirdparty.io.grpc.internal.ClientCallImpl.closeObserver(ClientCallImpl.java:459)
	at org.apache.ratis.thirdparty.io.grpc.internal.ClientCallImpl.access$300(ClientCallImpl.java:63)
	at org.apache.ratis.thirdparty.io.grpc.internal.ClientCallImpl$ClientStreamListenerImpl.close(ClientCallImpl.java:546)
	at org.apache.ratis.thirdparty.io.grpc.internal.ClientCallImpl$ClientStreamListenerImpl.access$600(ClientCallImpl.java:467)
	at org.apache.ratis.thirdparty.io.grpc.internal.ClientCallImpl$ClientStreamListenerImpl$1StreamClosed.runInContext(ClientCallImpl.java:584)
	at org.apache.ratis.thirdparty.io.grpc.internal.ContextRunnable.run(ContextRunnable.java:37)
	at org.apache.ratis.thirdparty.io.grpc.internal.SerializingExecutor.run(SerializingExecutor.java:123)
	at java.util.concurrent.ThreadPoolExecutor.runWorker(ThreadPoolExecutor.java:1149)
	at java.util.concurrent.ThreadPoolExecutor$Worker.run(ThreadPoolExecutor.java:624)
	at java.lang.Thread.run(Thread.java:748)
Caused by: org.apache.ratis.protocol.GroupMismatchException: e1085188-920c-47f7-886f-c98137f30542: group-0781099F6593 not found.
	at org.apache.ratis.server.impl.RaftServerProxy$ImplMap.get(RaftServerProxy.java:122)
	at org.apache.ratis.server.impl.RaftServerProxy.getImplFuture(RaftServerProxy.java:269)
	at org.apache.ratis.server.impl.RaftServerProxy.submitRequest(RaftServerProxy.java:327)
	at org.apache.ratis.server.impl.RaftServerProxy.submitClientRequestAsync(RaftServerProxy.java:333)
	at org.apache.ratis.grpc.client.GrpcClientProtocolService$RequestStreamObserver.processClientRequest(GrpcClientProtocolService.java:220)
	at org.apache.ratis.grpc.client.GrpcClientProtocolService$OrderedRequestStreamObserver.processClientRequest(GrpcClientProtocolService.java:326)
	at org.apache.ratis.util.SlidingWindow$Server.processRequestsFromHead(SlidingWindow.java:429)
	at org.apache.ratis.util.SlidingWindow$Server.receivedRequest(SlidingWindow.java:421)
	at org.apache.ratis.grpc.client.GrpcClientProtocolService$OrderedRequestStreamObserver.processClientRequest(GrpcClientProtocolService.java:345)
	at org.apache.ratis.grpc.client.GrpcClientProtocolService$RequestStreamObserver.onNext(GrpcClientProtocolService.java:240)
	at org.apache.ratis.grpc.client.GrpcClientProtocolService$RequestStreamObserver.onNext(GrpcClientProtocolService.java:168)
	at org.apache.ratis.thirdparty.io.grpc.stub.ServerCalls$StreamingServerCallHandler$StreamingServerCallListener.onMessage(ServerCalls.java:248)
	at org.apache.ratis.thirdparty.io.grpc.internal.ServerCallImpl$ServerStreamListenerImpl.messagesAvailable(ServerCallImpl.java:263)
	at org.apache.ratis.thirdparty.io.grpc.internal.ServerImpl$JumpToApplicationThreadServerStreamListener$1MessagesAvailable.runInContext(ServerImpl.java:686)
	... 5 more
</error>
    <system-out><![CDATA[2019-10-02 15:50:55,700 [Thread-526] INFO  impl.FollowerState (FollowerState.java:run(108)) - 3ae5aee2-2358-49e6-9004-20fc57714669@group-0781099F6593-FollowerState: change to CANDIDATE, lastRpcTime:5063ms, electionTimeout:5063ms
2019-10-02 15:50:55,702 [Thread-526] INFO  impl.RoleInfo (RoleInfo.java:shutdownFollowerState(121)) - 3ae5aee2-2358-49e6-9004-20fc57714669: shutdown FollowerState
2019-10-02 15:50:55,703 [Thread-526] INFO  impl.RaftServerImpl (RaftServerImpl.java:setRole(170)) - 3ae5aee2-2358-49e6-9004-20fc57714669@group-0781099F6593: changes role from  FOLLOWER to CANDIDATE at term 0 for changeToCandidate
2019-10-02 15:50:55,703 [Thread-526] INFO  impl.RoleInfo (RoleInfo.java:updateAndGet(143)) - 3ae5aee2-2358-49e6-9004-20fc57714669: start LeaderElection
2019-10-02 15:50:55,723 [Thread-527] INFO  impl.FollowerState (FollowerState.java:run(108)) - e1085188-920c-47f7-886f-c98137f30542@group-0781099F6593-FollowerState: change to CANDIDATE, lastRpcTime:5083ms, electionTimeout:5083ms
2019-10-02 15:50:55,725 [Thread-527] INFO  impl.RoleInfo (RoleInfo.java:shutdownFollowerState(121)) - e1085188-920c-47f7-886f-c98137f30542: shutdown FollowerState
2019-10-02 15:50:55,726 [3ae5aee2-2358-49e6-9004-20fc57714669@group-0781099F6593-LeaderElection14] INFO  impl.LeaderElection (LeaderElection.java:askForVotes(178)) - 3ae5aee2-2358-49e6-9004-20fc57714669@group-0781099F6593-LeaderElection14: begin an election at term 1 for -1: [3ae5aee2-2358-49e6-9004-20fc57714669:192.168.151.72:42197, e1085188-920c-47f7-886f-c98137f30542:192.168.151.72:45532, ced45e13-3c9a-48b2-a28a-774edb50765e:192.168.151.72:42645], old=null
2019-10-02 15:50:55,726 [Thread-527] INFO  impl.RaftServerImpl (RaftServerImpl.java:setRole(170)) - e1085188-920c-47f7-886f-c98137f30542@group-0781099F6593: changes role from  FOLLOWER to CANDIDATE at term 0 for changeToCandidate
2019-10-02 15:50:55,726 [Thread-527] INFO  impl.RoleInfo (RoleInfo.java:updateAndGet(143)) - e1085188-920c-47f7-886f-c98137f30542: start LeaderElection
2019-10-02 15:50:55,740 [Thread-528] INFO  impl.FollowerState (FollowerState.java:run(108)) - ced45e13-3c9a-48b2-a28a-774edb50765e@group-0781099F6593-FollowerState: change to CANDIDATE, lastRpcTime:5099ms, electionTimeout:5095ms
2019-10-02 15:50:55,743 [Thread-528] INFO  impl.RoleInfo (RoleInfo.java:shutdownFollowerState(121)) - ced45e13-3c9a-48b2-a28a-774edb50765e: shutdown FollowerState
2019-10-02 15:50:55,743 [Thread-528] INFO  impl.RaftServerImpl (RaftServerImpl.java:setRole(170)) - ced45e13-3c9a-48b2-a28a-774edb50765e@group-0781099F6593: changes role from  FOLLOWER to CANDIDATE at term 0 for changeToCandidate
2019-10-02 15:50:55,743 [Thread-528] INFO  impl.RoleInfo (RoleInfo.java:updateAndGet(143)) - ced45e13-3c9a-48b2-a28a-774edb50765e: start LeaderElection
2019-10-02 15:50:55,757 [e1085188-920c-47f7-886f-c98137f30542@group-0781099F6593-LeaderElection15] INFO  impl.LeaderElection (LeaderElection.java:askForVotes(178)) - e1085188-920c-47f7-886f-c98137f30542@group-0781099F6593-LeaderElection15: begin an election at term 1 for -1: [3ae5aee2-2358-49e6-9004-20fc57714669:192.168.151.72:42197, e1085188-920c-47f7-886f-c98137f30542:192.168.151.72:45532, ced45e13-3c9a-48b2-a28a-774edb50765e:192.168.151.72:42645], old=null
2019-10-02 15:50:55,757 [ced45e13-3c9a-48b2-a28a-774edb50765e@group-0781099F6593-LeaderElection16] INFO  impl.LeaderElection (LeaderElection.java:askForVotes(178)) - ced45e13-3c9a-48b2-a28a-774edb50765e@group-0781099F6593-LeaderElection16: begin an election at term 1 for -1: [3ae5aee2-2358-49e6-9004-20fc57714669:192.168.151.72:42197, e1085188-920c-47f7-886f-c98137f30542:192.168.151.72:45532, ced45e13-3c9a-48b2-a28a-774edb50765e:192.168.151.72:42645], old=null
2019-10-02 15:50:55,758 [3ae5aee2-2358-49e6-9004-20fc57714669@group-0781099F6593-LeaderElection14] INFO  impl.LeaderElection (LeaderElection.java:logAndReturn(56)) - 3ae5aee2-2358-49e6-9004-20fc57714669@group-0781099F6593-LeaderElection14: Election REJECTED; received 2 response(s) [3ae5aee2-2358-49e6-9004-20fc57714669<-e1085188-920c-47f7-886f-c98137f30542#0:FAIL-t1, 3ae5aee2-2358-49e6-9004-20fc57714669<-ced45e13-3c9a-48b2-a28a-774edb50765e#0:FAIL-t1] and 0 exception(s); 3ae5aee2-2358-49e6-9004-20fc57714669@group-0781099F6593:t1, leader=null, voted=3ae5aee2-2358-49e6-9004-20fc57714669, raftlog=3ae5aee2-2358-49e6-9004-20fc57714669@group-0781099F6593-SegmentedRaftLog:OPENED:c-1,f-1,i0, conf=-1: [3ae5aee2-2358-49e6-9004-20fc57714669:192.168.151.72:42197, e1085188-920c-47f7-886f-c98137f30542:192.168.151.72:45532, ced45e13-3c9a-48b2-a28a-774edb50765e:192.168.151.72:42645], old=null
2019-10-02 15:50:55,759 [3ae5aee2-2358-49e6-9004-20fc57714669@group-0781099F6593-LeaderElection14] INFO  impl.RaftServerImpl (RaftServerImpl.java:setRole(170)) - 3ae5aee2-2358-49e6-9004-20fc57714669@group-0781099F6593: changes role from CANDIDATE to FOLLOWER at term 1 for DISCOVERED_A_NEW_TERM
2019-10-02 15:50:55,761 [3ae5aee2-2358-49e6-9004-20fc57714669@group-0781099F6593-LeaderElection14] INFO  impl.RoleInfo (RoleInfo.java:shutdownLeaderElection(134)) - 3ae5aee2-2358-49e6-9004-20fc57714669: shutdown LeaderElection
2019-10-02 15:50:55,761 [3ae5aee2-2358-49e6-9004-20fc57714669@group-0781099F6593-LeaderElection14] INFO  impl.RoleInfo (RoleInfo.java:updateAndGet(143)) - 3ae5aee2-2358-49e6-9004-20fc57714669: start FollowerState
2019-10-02 15:50:55,780 [ced45e13-3c9a-48b2-a28a-774edb50765e@group-0781099F6593-LeaderElection16] INFO  impl.LeaderElection (LeaderElection.java:logAndReturn(56)) - ced45e13-3c9a-48b2-a28a-774edb50765e@group-0781099F6593-LeaderElection16: Election REJECTED; received 2 response(s) [ced45e13-3c9a-48b2-a28a-774edb50765e<-3ae5aee2-2358-49e6-9004-20fc57714669#0:FAIL-t1, ced45e13-3c9a-48b2-a28a-774edb50765e<-e1085188-920c-47f7-886f-c98137f30542#0:FAIL-t1] and 0 exception(s); ced45e13-3c9a-48b2-a28a-774edb50765e@group-0781099F6593:t1, leader=null, voted=ced45e13-3c9a-48b2-a28a-774edb50765e, raftlog=ced45e13-3c9a-48b2-a28a-774edb50765e@group-0781099F6593-SegmentedRaftLog:OPENED:c-1,f-1,i0, conf=-1: [3ae5aee2-2358-49e6-9004-20fc57714669:192.168.151.72:42197, e1085188-920c-47f7-886f-c98137f30542:192.168.151.72:45532, ced45e13-3c9a-48b2-a28a-774edb50765e:192.168.151.72:42645], old=null
2019-10-02 15:50:55,790 [ced45e13-3c9a-48b2-a28a-774edb50765e@group-0781099F6593-LeaderElection16] INFO  impl.RaftServerImpl (RaftServerImpl.java:setRole(170)) - ced45e13-3c9a-48b2-a28a-774edb50765e@group-0781099F6593: changes role from CANDIDATE to FOLLOWER at term 1 for DISCOVERED_A_NEW_TERM
2019-10-02 15:50:55,791 [ced45e13-3c9a-48b2-a28a-774edb50765e@group-0781099F6593-LeaderElection16] INFO  impl.RoleInfo (RoleInfo.java:shutdownLeaderElection(134)) - ced45e13-3c9a-48b2-a28a-774edb50765e: shutdown LeaderElection
2019-10-02 15:50:55,792 [ced45e13-3c9a-48b2-a28a-774edb50765e@group-0781099F6593-LeaderElection16] INFO  impl.RoleInfo (RoleInfo.java:updateAndGet(143)) - ced45e13-3c9a-48b2-a28a-774edb50765e: start FollowerState
2019-10-02 15:50:55,792 [e1085188-920c-47f7-886f-c98137f30542@group-0781099F6593-LeaderElection15] INFO  impl.LeaderElection (LeaderElection.java:logAndReturn(56)) - e1085188-920c-47f7-886f-c98137f30542@group-0781099F6593-LeaderElection15: Election REJECTED; received 2 response(s) [e1085188-920c-47f7-886f-c98137f30542<-3ae5aee2-2358-49e6-9004-20fc57714669#0:FAIL-t1, e1085188-920c-47f7-886f-c98137f30542<-ced45e13-3c9a-48b2-a28a-774edb50765e#0:FAIL-t1] and 0 exception(s); e1085188-920c-47f7-886f-c98137f30542@group-0781099F6593:t1, leader=null, voted=e1085188-920c-47f7-886f-c98137f30542, raftlog=e1085188-920c-47f7-886f-c98137f30542@group-0781099F6593-SegmentedRaftLog:OPENED:c-1,f-1,i0, conf=-1: [3ae5aee2-2358-49e6-9004-20fc57714669:192.168.151.72:42197, e1085188-920c-47f7-886f-c98137f30542:192.168.151.72:45532, ced45e13-3c9a-48b2-a28a-774edb50765e:192.168.151.72:42645], old=null
2019-10-02 15:50:55,795 [e1085188-920c-47f7-886f-c98137f30542@group-0781099F6593-LeaderElection15] INFO  impl.RaftServerImpl (RaftServerImpl.java:setRole(170)) - e1085188-920c-47f7-886f-c98137f30542@group-0781099F6593: changes role from CANDIDATE to FOLLOWER at term 1 for DISCOVERED_A_NEW_TERM
2019-10-02 15:50:55,797 [e1085188-920c-47f7-886f-c98137f30542@group-0781099F6593-LeaderElection15] INFO  impl.RoleInfo (RoleInfo.java:shutdownLeaderElection(134)) - e1085188-920c-47f7-886f-c98137f30542: shutdown LeaderElection
2019-10-02 15:50:55,797 [e1085188-920c-47f7-886f-c98137f30542@group-0781099F6593-LeaderElection15] INFO  impl.RoleInfo (RoleInfo.java:updateAndGet(143)) - e1085188-920c-47f7-886f-c98137f30542: start FollowerState
2019-10-02 15:51:00,847 [Thread-558] INFO  impl.FollowerState (FollowerState.java:run(108)) - 3ae5aee2-2358-49e6-9004-20fc57714669@group-0781099F6593-FollowerState: change to CANDIDATE, lastRpcTime:5085ms, electionTimeout:5083ms
2019-10-02 15:51:00,852 [Thread-558] INFO  impl.RoleInfo (RoleInfo.java:shutdownFollowerState(121)) - 3ae5aee2-2358-49e6-9004-20fc57714669: shutdown FollowerState
2019-10-02 15:51:00,852 [Thread-558] INFO  impl.RaftServerImpl (RaftServerImpl.java:setRole(170)) - 3ae5aee2-2358-49e6-9004-20fc57714669@group-0781099F6593: changes role from  FOLLOWER to CANDIDATE at term 1 for changeToCandidate
2019-10-02 15:51:00,853 [Thread-558] INFO  impl.RoleInfo (RoleInfo.java:updateAndGet(143)) - 3ae5aee2-2358-49e6-9004-20fc57714669: start LeaderElection
2019-10-02 15:51:00,869 [3ae5aee2-2358-49e6-9004-20fc57714669@group-0781099F6593-LeaderElection17] INFO  impl.LeaderElection (LeaderElection.java:askForVotes(178)) - 3ae5aee2-2358-49e6-9004-20fc57714669@group-0781099F6593-LeaderElection17: begin an election at term 2 for -1: [3ae5aee2-2358-49e6-9004-20fc57714669:192.168.151.72:42197, e1085188-920c-47f7-886f-c98137f30542:192.168.151.72:45532, ced45e13-3c9a-48b2-a28a-774edb50765e:192.168.151.72:42645], old=null
2019-10-02 15:51:00,874 [grpc-default-executor-6] INFO  impl.RaftServerImpl (RaftServerImpl.java:setRole(170)) - e1085188-920c-47f7-886f-c98137f30542@group-0781099F6593: changes role from  FOLLOWER to FOLLOWER at term 2 for recognizeCandidate:3ae5aee2-2358-49e6-9004-20fc57714669
2019-10-02 15:51:00,874 [grpc-default-executor-2] INFO  impl.RaftServerImpl (RaftServerImpl.java:setRole(170)) - ced45e13-3c9a-48b2-a28a-774edb50765e@group-0781099F6593: changes role from  FOLLOWER to FOLLOWER at term 2 for recognizeCandidate:3ae5aee2-2358-49e6-9004-20fc57714669
2019-10-02 15:51:00,874 [grpc-default-executor-6] INFO  impl.RoleInfo (RoleInfo.java:shutdownFollowerState(121)) - e1085188-920c-47f7-886f-c98137f30542: shutdown FollowerState
2019-10-02 15:51:00,875 [grpc-default-executor-2] INFO  impl.RoleInfo (RoleInfo.java:shutdownFollowerState(121)) - ced45e13-3c9a-48b2-a28a-774edb50765e: shutdown FollowerState
2019-10-02 15:51:00,875 [Thread-560] INFO  impl.FollowerState (FollowerState.java:run(117)) - e1085188-920c-47f7-886f-c98137f30542@group-0781099F6593-FollowerState was interrupted: java.lang.InterruptedException: sleep interrupted
2019-10-02 15:51:00,875 [grpc-default-executor-6] INFO  impl.RoleInfo (RoleInfo.java:updateAndGet(143)) - e1085188-920c-47f7-886f-c98137f30542: start FollowerState
2019-10-02 15:51:00,875 [Thread-559] INFO  impl.FollowerState (FollowerState.java:run(117)) - ced45e13-3c9a-48b2-a28a-774edb50765e@group-0781099F6593-FollowerState was interrupted: java.lang.InterruptedException: sleep interrupted
2019-10-02 15:51:00,875 [grpc-default-executor-2] INFO  impl.RoleInfo (RoleInfo.java:updateAndGet(143)) - ced45e13-3c9a-48b2-a28a-774edb50765e: start FollowerState
2019-10-02 15:51:00,895 [3ae5aee2-2358-49e6-9004-20fc57714669@group-0781099F6593-LeaderElection17] INFO  impl.LeaderElection (LeaderElection.java:logAndReturn(56)) - 3ae5aee2-2358-49e6-9004-20fc57714669@group-0781099F6593-LeaderElection17: Election PASSED; received 1 response(s) [3ae5aee2-2358-49e6-9004-20fc57714669<-e1085188-920c-47f7-886f-c98137f30542#0:OK-t2] and 0 exception(s); 3ae5aee2-2358-49e6-9004-20fc57714669@group-0781099F6593:t2, leader=null, voted=3ae5aee2-2358-49e6-9004-20fc57714669, raftlog=3ae5aee2-2358-49e6-9004-20fc57714669@group-0781099F6593-SegmentedRaftLog:OPENED:c-1,f-1,i0, conf=-1: [3ae5aee2-2358-49e6-9004-20fc57714669:192.168.151.72:42197, e1085188-920c-47f7-886f-c98137f30542:192.168.151.72:45532, ced45e13-3c9a-48b2-a28a-774edb50765e:192.168.151.72:42645], old=null
2019-10-02 15:51:00,896 [3ae5aee2-2358-49e6-9004-20fc57714669@group-0781099F6593-LeaderElection17] INFO  impl.RoleInfo (RoleInfo.java:shutdownLeaderElection(134)) - 3ae5aee2-2358-49e6-9004-20fc57714669: shutdown LeaderElection
2019-10-02 15:51:00,896 [3ae5aee2-2358-49e6-9004-20fc57714669@group-0781099F6593-LeaderElection17] INFO  impl.RaftServerImpl (RaftServerImpl.java:setRole(170)) - 3ae5aee2-2358-49e6-9004-20fc57714669@group-0781099F6593: changes role from CANDIDATE to LEADER at term 2 for changeToLeader
2019-10-02 15:51:00,896 [3ae5aee2-2358-49e6-9004-20fc57714669@group-0781099F6593-LeaderElection17] INFO  impl.RaftServerImpl (ServerState.java:setLeader(255)) - 3ae5aee2-2358-49e6-9004-20fc57714669@group-0781099F6593: change Leader from null to 3ae5aee2-2358-49e6-9004-20fc57714669 at term 2 for becomeLeader, leader elected after 10269ms
2019-10-02 15:51:00,896 [3ae5aee2-2358-49e6-9004-20fc57714669@group-0781099F6593-LeaderElection17] INFO  server.RaftServerConfigKeys (ConfUtils.java:logGet(43)) - raft.server.staging.catchup.gap = 1000 (default)
2019-10-02 15:51:00,897 [3ae5aee2-2358-49e6-9004-20fc57714669@group-0781099F6593-LeaderElection17] INFO  server.RaftServerConfigKeys (ConfUtils.java:logGet(43)) - raft.server.rpc.sleep.time = 25ms (default)
2019-10-02 15:51:00,897 [3ae5aee2-2358-49e6-9004-20fc57714669@group-0781099F6593-LeaderElection17] INFO  server.RaftServerConfigKeys (ConfUtils.java:logGet(43)) - raft.server.write.element-limit = 4096 (default)
2019-10-02 15:51:00,897 [3ae5aee2-2358-49e6-9004-20fc57714669@group-0781099F6593-LeaderElection17] INFO  server.RaftServerConfigKeys (ConfUtils.java:logGet(43)) - raft.server.watch.timeout = 10s (default)
2019-10-02 15:51:00,898 [3ae5aee2-2358-49e6-9004-20fc57714669@group-0781099F6593-LeaderElection17] INFO  server.RaftServerConfigKeys (ConfUtils.java:logGet(43)) - raft.server.watch.timeout.denomination = 1s (default)
2019-10-02 15:51:00,898 [3ae5aee2-2358-49e6-9004-20fc57714669@group-0781099F6593-LeaderElection17] INFO  server.RaftServerConfigKeys (ConfUtils.java:logGet(43)) - raft.server.watch.element-limit = 65536 (default)
2019-10-02 15:51:00,904 [3ae5aee2-2358-49e6-9004-20fc57714669@group-0781099F6593-LeaderElection17] INFO  server.RaftServerConfigKeys (ConfUtils.java:logGet(43)) - raft.server.log.appender.snapshot.chunk.size.max = 16MB (=16777216) (default)
2019-10-02 15:51:00,904 [3ae5aee2-2358-49e6-9004-20fc57714669@group-0781099F6593-LeaderElection17] INFO  server.RaftServerConfigKeys (ConfUtils.java:logGet(43)) - raft.server.log.appender.buffer.byte-limit = 33554432 (custom)
2019-10-02 15:51:00,905 [3ae5aee2-2358-49e6-9004-20fc57714669@group-0781099F6593-LeaderElection17] INFO  server.RaftServerConfigKeys (ConfUtils.java:logGet(43)) - raft.server.log.appender.buffer.element-limit = 1 (custom)
2019-10-02 15:51:00,905 [3ae5aee2-2358-49e6-9004-20fc57714669@group-0781099F6593-LeaderElection17] INFO  grpc.GrpcConfigKeys$Server (ConfUtils.java:logGet(43)) - raft.grpc.server.leader.outstanding.appends.max = 128 (default)
2019-10-02 15:51:00,905 [3ae5aee2-2358-49e6-9004-20fc57714669@group-0781099F6593-LeaderElection17] INFO  server.RaftServerConfigKeys (ConfUtils.java:logGet(43)) - raft.server.rpc.request.timeout = 3000ms (default)
2019-10-02 15:51:00,906 [3ae5aee2-2358-49e6-9004-20fc57714669@group-0781099F6593-LeaderElection17] INFO  server.RaftServerConfigKeys (ConfUtils.java:logGet(43)) - raft.server.log.appender.install.snapshot.enabled = false (custom)
2019-10-02 15:51:00,906 [3ae5aee2-2358-49e6-9004-20fc57714669@group-0781099F6593-LeaderElection17] INFO  server.RaftServerConfigKeys (ConfUtils.java:logGet(43)) - raft.server.log.appender.snapshot.chunk.size.max = 16MB (=16777216) (default)
2019-10-02 15:51:00,906 [3ae5aee2-2358-49e6-9004-20fc57714669@group-0781099F6593-LeaderElection17] INFO  server.RaftServerConfigKeys (ConfUtils.java:logGet(43)) - raft.server.log.appender.buffer.byte-limit = 33554432 (custom)
2019-10-02 15:51:00,906 [3ae5aee2-2358-49e6-9004-20fc57714669@group-0781099F6593-LeaderElection17] INFO  server.RaftServerConfigKeys (ConfUtils.java:logGet(43)) - raft.server.log.appender.buffer.element-limit = 1 (custom)
2019-10-02 15:51:00,907 [3ae5aee2-2358-49e6-9004-20fc57714669@group-0781099F6593-LeaderElection17] INFO  grpc.GrpcConfigKeys$Server (ConfUtils.java:logGet(43)) - raft.grpc.server.leader.outstanding.appends.max = 128 (default)
2019-10-02 15:51:00,907 [3ae5aee2-2358-49e6-9004-20fc57714669@group-0781099F6593-LeaderElection17] INFO  server.RaftServerConfigKeys (ConfUtils.java:logGet(43)) - raft.server.rpc.request.timeout = 3000ms (default)
2019-10-02 15:51:00,907 [3ae5aee2-2358-49e6-9004-20fc57714669@group-0781099F6593-LeaderElection17] INFO  server.RaftServerConfigKeys (ConfUtils.java:logGet(43)) - raft.server.log.appender.install.snapshot.enabled = false (custom)
2019-10-02 15:51:00,908 [3ae5aee2-2358-49e6-9004-20fc57714669@group-0781099F6593-LeaderElection17] INFO  impl.RoleInfo (RoleInfo.java:updateAndGet(143)) - 3ae5aee2-2358-49e6-9004-20fc57714669: start LeaderState
2019-10-02 15:51:00,908 [3ae5aee2-2358-49e6-9004-20fc57714669@group-0781099F6593-LeaderElection17] INFO  segmented.SegmentedRaftLogWorker (SegmentedRaftLogWorker.java:startLogSegment(385)) - 3ae5aee2-2358-49e6-9004-20fc57714669@group-0781099F6593-SegmentedRaftLogWorker: Starting segment from index:0
2019-10-02 15:51:00,910 [3ae5aee2-2358-49e6-9004-20fc57714669@group-0781099F6593-LeaderElection17] INFO  impl.RaftServerImpl (ServerState.java:setRaftConf(356)) - 3ae5aee2-2358-49e6-9004-20fc57714669@group-0781099F6593: set configuration 0: [3ae5aee2-2358-49e6-9004-20fc57714669:192.168.151.72:42197, e1085188-920c-47f7-886f-c98137f30542:192.168.151.72:45532, ced45e13-3c9a-48b2-a28a-774edb50765e:192.168.151.72:42645], old=null at 0
2019-10-02 15:51:00,911 [grpc-default-executor-6] INFO  impl.RaftServerImpl (ServerState.java:setLeader(255)) - e1085188-920c-47f7-886f-c98137f30542@group-0781099F6593: change Leader from null to 3ae5aee2-2358-49e6-9004-20fc57714669 at term 2 for appendEntries, leader elected after 10285ms
2019-10-02 15:51:00,911 [grpc-default-executor-2] INFO  impl.RaftServerImpl (ServerState.java:setLeader(255)) - ced45e13-3c9a-48b2-a28a-774edb50765e@group-0781099F6593: change Leader from null to 3ae5aee2-2358-49e6-9004-20fc57714669 at term 2 for appendEntries, leader elected after 10285ms
2019-10-02 15:51:00,945 [grpc-default-executor-6] INFO  impl.RaftServerImpl (ServerState.java:setRaftConf(356)) - e1085188-920c-47f7-886f-c98137f30542@group-0781099F6593: set configuration 0: [3ae5aee2-2358-49e6-9004-20fc57714669:192.168.151.72:42197, e1085188-920c-47f7-886f-c98137f30542:192.168.151.72:45532, ced45e13-3c9a-48b2-a28a-774edb50765e:192.168.151.72:42645], old=null at 0
2019-10-02 15:51:00,945 [grpc-default-executor-2] INFO  impl.RaftServerImpl (ServerState.java:setRaftConf(356)) - ced45e13-3c9a-48b2-a28a-774edb50765e@group-0781099F6593: set configuration 0: [3ae5aee2-2358-49e6-9004-20fc57714669:192.168.151.72:42197, e1085188-920c-47f7-886f-c98137f30542:192.168.151.72:45532, ced45e13-3c9a-48b2-a28a-774edb50765e:192.168.151.72:42645], old=null at 0
2019-10-02 15:51:00,945 [grpc-default-executor-6] INFO  segmented.SegmentedRaftLogWorker (SegmentedRaftLogWorker.java:startLogSegment(385)) - e1085188-920c-47f7-886f-c98137f30542@group-0781099F6593-SegmentedRaftLogWorker: Starting segment from index:0
2019-10-02 15:51:00,945 [grpc-default-executor-2] INFO  segmented.SegmentedRaftLogWorker (SegmentedRaftLogWorker.java:startLogSegment(385)) - ced45e13-3c9a-48b2-a28a-774edb50765e@group-0781099F6593-SegmentedRaftLogWorker: Starting segment from index:0
2019-10-02 15:51:00,954 [3ae5aee2-2358-49e6-9004-20fc57714669@group-0781099F6593-SegmentedRaftLogWorker] INFO  segmented.SegmentedRaftLogWorker (SegmentedRaftLogWorker.java:execute(574)) - 3ae5aee2-2358-49e6-9004-20fc57714669@group-0781099F6593-SegmentedRaftLogWorker: created new log segment /workdir/hadoop-ozone/integration-test/target/test-dir/MiniOzoneClusterImpl-44e437f6-303a-4d8e-bbbb-3b42b5072b0e/datanode-1/data/ratis/b0f55d09-7d6a-44fa-980d-0781099f6593/current/log_inprogress_0
2019-10-02 15:51:00,993 [e1085188-920c-47f7-886f-c98137f30542@group-0781099F6593-SegmentedRaftLogWorker] INFO  segmented.SegmentedRaftLogWorker (SegmentedRaftLogWorker.java:execute(574)) - e1085188-920c-47f7-886f-c98137f30542@group-0781099F6593-SegmentedRaftLogWorker: created new log segment /workdir/hadoop-ozone/integration-test/target/test-dir/MiniOzoneClusterImpl-44e437f6-303a-4d8e-bbbb-3b42b5072b0e/datanode-3/data/ratis/b0f55d09-7d6a-44fa-980d-0781099f6593/current/log_inprogress_0
2019-10-02 15:51:00,993 [ced45e13-3c9a-48b2-a28a-774edb50765e@group-0781099F6593-SegmentedRaftLogWorker] INFO  segmented.SegmentedRaftLogWorker (SegmentedRaftLogWorker.java:execute(574)) - ced45e13-3c9a-48b2-a28a-774edb50765e@group-0781099F6593-SegmentedRaftLogWorker: created new log segment /workdir/hadoop-ozone/integration-test/target/test-dir/MiniOzoneClusterImpl-44e437f6-303a-4d8e-bbbb-3b42b5072b0e/datanode-6/data/ratis/b0f55d09-7d6a-44fa-980d-0781099f6593/current/log_inprogress_0
2019-10-02 15:51:01,847 [pool-36-thread-2] ERROR impl.ChunkManagerImpl (ChunkUtils.java:writeData(89)) - data array does not match the length specified. DataLen: 1048576 Byte Array: 1048725
2019-10-02 15:51:01,847 [pool-36-thread-2] INFO  keyvalue.KeyValueHandler (ContainerUtils.java:logAndReturnError(146)) - Operation: WriteChunk : Trace ID: b375dc9349cc8cbd:b375dc9349cc8cbd:0:0 : Message: data array does not match the length specified. DataLen: 1048576 Byte Array: 1048725 : Result: INVALID_WRITE_SIZE
15:51:01.884 [pool-36-thread-2] ERROR DNAudit - user=null | ip=null | op=WRITE_CHUNK {blockData=conID: 2 locID: 1570031451324 bcsId: 0} | ret=FAILURE
java.lang.Exception: data array does not match the length specified. DataLen: 1048576 Byte Array: 1048725
	at org.apache.hadoop.ozone.container.common.impl.HddsDispatcher.dispatchRequest(HddsDispatcher.java:330) ~[hadoop-hdds-container-service-0.5.0-SNAPSHOT.jar:?]
	at org.apache.hadoop.ozone.container.common.impl.HddsDispatcher.dispatch(HddsDispatcher.java:150) ~[hadoop-hdds-container-service-0.5.0-SNAPSHOT.jar:?]
	at org.apache.hadoop.ozone.container.common.transport.server.ratis.ContainerStateMachine.dispatchCommand(ContainerStateMachine.java:411) ~[hadoop-hdds-container-service-0.5.0-SNAPSHOT.jar:?]
	at org.apache.hadoop.ozone.container.common.transport.server.ratis.ContainerStateMachine.runCommand(ContainerStateMachine.java:419) ~[hadoop-hdds-container-service-0.5.0-SNAPSHOT.jar:?]
	at org.apache.hadoop.ozone.container.common.transport.server.ratis.ContainerStateMachine.lambda$handleWriteChunk$1(ContainerStateMachine.java:454) ~[hadoop-hdds-container-service-0.5.0-SNAPSHOT.jar:?]
	at java.util.concurrent.CompletableFuture$AsyncSupply.run(CompletableFuture.java:1590) [?:1.8.0_212]
	at java.util.concurrent.ThreadPoolExecutor.runWorker(ThreadPoolExecutor.java:1149) [?:1.8.0_212]
	at java.util.concurrent.ThreadPoolExecutor$Worker.run(ThreadPoolExecutor.java:624) [?:1.8.0_212]
	at java.lang.Thread.run(Thread.java:748) [?:1.8.0_212]
2019-10-02 15:51:01,885 [EventQueue-IncrementalContainerReportForIncrementalContainerReportHandler] WARN  container.IncrementalContainerReportHandler (AbstractContainerReportHandler.java:updateContainerState(143)) - Container #2 is in OPEN state, but the datanode 3ae5aee2-2358-49e6-9004-20fc57714669{ip: 192.168.151.72, host: pr-trunk-fgz7f-2353921243, networkLocation: /default-rack, certSerialId: null} reports an UNHEALTHY replica.
2019-10-02 15:51:01,885 [pool-36-thread-2] ERROR ratis.ContainerStateMachine (ContainerStateMachine.java:lambda$handleWriteChunk$2(474)) - group-0781099F6593: writeChunk writeStateMachineData failed: blockIdcontainerID: 2
localID: 1570031451324
blockCommitSequenceId: 0
 logIndex 1 chunkName 1570031451324.data.0 Error message: data array does not match the length specified. DataLen: 1048576 Byte Array: 1048725 Container Result: INVALID_WRITE_SIZE
2019-10-02 15:51:01,885 [EventQueue-CloseContainerForCloseContainerEventHandler] INFO  container.CloseContainerEventHandler (CloseContainerEventHandler.java:onMessage(61)) - Close container Event triggered for container : #2
2019-10-02 15:51:01,887 [3ae5aee2-2358-49e6-9004-20fc57714669@group-0781099F6593-SegmentedRaftLogWorker] ERROR ratis.XceiverServerRatis (XceiverServerRatis.java:triggerPipelineClose(581)) - pipeline Action CLOSE  on pipeline PipelineID=b0f55d09-7d6a-44fa-980d-0781099f6593.Reason : data array does not match the length specified. DataLen: 1048576 Byte Array: 1048725
2019-10-02 15:51:01,887 [3ae5aee2-2358-49e6-9004-20fc57714669@group-0781099F6593-SegmentedRaftLogWorker] ERROR ratis.XceiverServerRatis (XceiverServerRatis.java:triggerPipelineClose(581)) - pipeline Action CLOSE  on pipeline PipelineID=b0f55d09-7d6a-44fa-980d-0781099f6593.Reason : Log already failed at index 1 for task WriteLog:1: (t:2, i:1), STATEMACHINELOGENTRY, client-072F738AA5B6, cid=26
2019-10-02 15:51:01,888 [EventQueue-PipelineActionsForPipelineActionHandler] ERROR pipeline.PipelineActionHandler (PipelineActionHandler.java:onMessage(60)) - Received pipeline action CLOSE for Pipeline[ Id: b0f55d09-7d6a-44fa-980d-0781099f6593, Nodes: e1085188-920c-47f7-886f-c98137f30542{ip: 192.168.151.72, host: pr-trunk-fgz7f-2353921243, networkLocation: /default-rack, certSerialId: null}ced45e13-3c9a-48b2-a28a-774edb50765e{ip: 192.168.151.72, host: pr-trunk-fgz7f-2353921243, networkLocation: /default-rack, certSerialId: null}3ae5aee2-2358-49e6-9004-20fc57714669{ip: 192.168.151.72, host: pr-trunk-fgz7f-2353921243, networkLocation: /default-rack, certSerialId: null}, Type:RATIS, Factor:THREE, State:OPEN] from datanode 3ae5aee2-2358-49e6-9004-20fc57714669{ip: 192.168.151.72, host: pr-trunk-fgz7f-2353921243, networkLocation: /default-rack, certSerialId: null}. Reason : data array does not match the length specified. DataLen: 1048576 Byte Array: 1048725
2019-10-02 15:51:01,888 [EventQueue-PipelineActionsForPipelineActionHandler] INFO  pipeline.SCMPipelineManager (SCMPipelineManager.java:finalizeAndDestroyPipeline(315)) - destroying pipeline:Pipeline[ Id: b0f55d09-7d6a-44fa-980d-0781099f6593, Nodes: e1085188-920c-47f7-886f-c98137f30542{ip: 192.168.151.72, host: pr-trunk-fgz7f-2353921243, networkLocation: /default-rack, certSerialId: null}ced45e13-3c9a-48b2-a28a-774edb50765e{ip: 192.168.151.72, host: pr-trunk-fgz7f-2353921243, networkLocation: /default-rack, certSerialId: null}3ae5aee2-2358-49e6-9004-20fc57714669{ip: 192.168.151.72, host: pr-trunk-fgz7f-2353921243, networkLocation: /default-rack, certSerialId: null}, Type:RATIS, Factor:THREE, State:OPEN]
2019-10-02 15:51:01,888 [EventQueue-PipelineActionsForPipelineActionHandler] INFO  pipeline.PipelineStateManager (PipelineStateManager.java:finalizePipeline(123)) - Pipeline Pipeline[ Id: b0f55d09-7d6a-44fa-980d-0781099f6593, Nodes: e1085188-920c-47f7-886f-c98137f30542{ip: 192.168.151.72, host: pr-trunk-fgz7f-2353921243, networkLocation: /default-rack, certSerialId: null}ced45e13-3c9a-48b2-a28a-774edb50765e{ip: 192.168.151.72, host: pr-trunk-fgz7f-2353921243, networkLocation: /default-rack, certSerialId: null}3ae5aee2-2358-49e6-9004-20fc57714669{ip: 192.168.151.72, host: pr-trunk-fgz7f-2353921243, networkLocation: /default-rack, certSerialId: null}, Type:RATIS, Factor:THREE, State:CLOSED] moved to CLOSED state
2019-10-02 15:51:01,888 [EventQueue-PipelineActionsForPipelineActionHandler] ERROR pipeline.PipelineActionHandler (PipelineActionHandler.java:onMessage(60)) - Received pipeline action CLOSE for Pipeline[ Id: b0f55d09-7d6a-44fa-980d-0781099f6593, Nodes: e1085188-920c-47f7-886f-c98137f30542{ip: 192.168.151.72, host: pr-trunk-fgz7f-2353921243, networkLocation: /default-rack, certSerialId: null}ced45e13-3c9a-48b2-a28a-774edb50765e{ip: 192.168.151.72, host: pr-trunk-fgz7f-2353921243, networkLocation: /default-rack, certSerialId: null}3ae5aee2-2358-49e6-9004-20fc57714669{ip: 192.168.151.72, host: pr-trunk-fgz7f-2353921243, networkLocation: /default-rack, certSerialId: null}, Type:RATIS, Factor:THREE, State:CLOSED] from datanode 3ae5aee2-2358-49e6-9004-20fc57714669{ip: 192.168.151.72, host: pr-trunk-fgz7f-2353921243, networkLocation: /default-rack, certSerialId: null}. Reason : Log already failed at index 1 for task WriteLog:1: (t:2, i:1), STATEMACHINELOGENTRY, client-072F738AA5B6, cid=26
2019-10-02 15:51:01,889 [EventQueue-PipelineActionsForPipelineActionHandler] INFO  pipeline.SCMPipelineManager (SCMPipelineManager.java:finalizeAndDestroyPipeline(315)) - destroying pipeline:Pipeline[ Id: b0f55d09-7d6a-44fa-980d-0781099f6593, Nodes: e1085188-920c-47f7-886f-c98137f30542{ip: 192.168.151.72, host: pr-trunk-fgz7f-2353921243, networkLocation: /default-rack, certSerialId: null}ced45e13-3c9a-48b2-a28a-774edb50765e{ip: 192.168.151.72, host: pr-trunk-fgz7f-2353921243, networkLocation: /default-rack, certSerialId: null}3ae5aee2-2358-49e6-9004-20fc57714669{ip: 192.168.151.72, host: pr-trunk-fgz7f-2353921243, networkLocation: /default-rack, certSerialId: null}, Type:RATIS, Factor:THREE, State:CLOSED]
2019-10-02 15:51:04,746 [java.util.concurrent.ThreadPoolExecutor$Worker@616e1c3d[State = -1, empty queue]] ERROR client.GrpcClientProtocolClient (GrpcClientProtocolClient.java:close(148)) - Unexpected exception while waiting for channel termination
java.lang.InterruptedException
	at java.util.concurrent.locks.AbstractQueuedSynchronizer.tryAcquireSharedNanos(AbstractQueuedSynchronizer.java:1326)
	at java.util.concurrent.CountDownLatch.await(CountDownLatch.java:277)
	at org.apache.ratis.thirdparty.io.grpc.internal.ManagedChannelImpl.awaitTermination(ManagedChannelImpl.java:763)
	at org.apache.ratis.thirdparty.io.grpc.internal.ForwardingManagedChannel.awaitTermination(ForwardingManagedChannel.java:57)
	at org.apache.ratis.thirdparty.io.grpc.internal.ManagedChannelOrphanWrapper.awaitTermination(ManagedChannelOrphanWrapper.java:70)
	at org.apache.ratis.grpc.client.GrpcClientProtocolClient.close(GrpcClientProtocolClient.java:146)
	at org.apache.ratis.util.PeerProxyMap$PeerAndProxy.lambda$close$1(PeerProxyMap.java:74)
	at org.apache.ratis.util.LifeCycle.lambda$checkStateAndClose$2(LifeCycle.java:231)
	at org.apache.ratis.util.LifeCycle.checkStateAndClose(LifeCycle.java:251)
	at org.apache.ratis.util.LifeCycle.checkStateAndClose(LifeCycle.java:229)
	at org.apache.ratis.util.PeerProxyMap$PeerAndProxy.close(PeerProxyMap.java:70)
	at org.apache.ratis.util.PeerProxyMap.resetProxy(PeerProxyMap.java:127)
	at org.apache.ratis.util.PeerProxyMap.handleException(PeerProxyMap.java:136)
	at org.apache.ratis.client.impl.RaftClientRpcWithProxy.handleException(RaftClientRpcWithProxy.java:47)
	at org.apache.ratis.client.impl.RaftClientImpl.handleIOException(RaftClientImpl.java:372)
	at org.apache.ratis.client.impl.OrderedAsync.lambda$sendRequest$10(OrderedAsync.java:236)
	at java.util.concurrent.CompletableFuture.uniExceptionally(CompletableFuture.java:870)
	at java.util.concurrent.CompletableFuture$UniExceptionally.tryFire(CompletableFuture.java:852)
	at java.util.concurrent.CompletableFuture.postComplete(CompletableFuture.java:474)
	at java.util.concurrent.CompletableFuture.completeExceptionally(CompletableFuture.java:1977)
	at org.apache.ratis.grpc.client.GrpcClientProtocolClient$AsyncStreamObservers.lambda$timeoutCheck$3(GrpcClientProtocolClient.java:324)
	at java.util.Optional.ifPresent(Optional.java:159)
	at org.apache.ratis.grpc.client.GrpcClientProtocolClient$AsyncStreamObservers.handleReplyFuture(GrpcClientProtocolClient.java:329)
	at org.apache.ratis.grpc.client.GrpcClientProtocolClient$AsyncStreamObservers.timeoutCheck(GrpcClientProtocolClient.java:324)
	at org.apache.ratis.grpc.client.GrpcClientProtocolClient$AsyncStreamObservers.lambda$onNext$1(GrpcClientProtocolClient.java:318)
	at org.apache.ratis.util.TimeoutScheduler.lambda$onTimeout$0(TimeoutScheduler.java:113)
	at org.apache.ratis.util.TimeoutScheduler.lambda$onTimeout$1(TimeoutScheduler.java:133)
	at org.apache.ratis.util.LogUtils.runAndLog(LogUtils.java:50)
	at org.apache.ratis.util.LogUtils$1.run(LogUtils.java:91)
	at java.util.concurrent.Executors$RunnableAdapter.call(Executors.java:511)
	at java.util.concurrent.FutureTask.run(FutureTask.java:266)
	at java.util.concurrent.ScheduledThreadPoolExecutor$ScheduledFutureTask.access$201(ScheduledThreadPoolExecutor.java:180)
	at java.util.concurrent.ScheduledThreadPoolExecutor$ScheduledFutureTask.run(ScheduledThreadPoolExecutor.java:293)
	at java.util.concurrent.ThreadPoolExecutor.runWorker(ThreadPoolExecutor.java:1149)
	at java.util.concurrent.ThreadPoolExecutor$Worker.run(ThreadPoolExecutor.java:624)
	at java.lang.Thread.run(Thread.java:748)
2019-10-02 15:51:04,750 [java.util.concurrent.ThreadPoolExecutor$Worker@616e1c3d[State = -1, empty queue]] WARN  util.TimeoutScheduler (LogUtils.java:runAndLog(55)) - Failed to task #0: java.lang.NullPointerException
2019-10-02 15:51:08,807 [java.util.concurrent.ThreadPoolExecutor$Worker@7930cb3d[State = -1, empty queue]] ERROR client.GrpcClientProtocolClient (GrpcClientProtocolClient.java:close(148)) - Unexpected exception while waiting for channel termination
java.lang.InterruptedException
	at java.util.concurrent.locks.AbstractQueuedSynchronizer.tryAcquireSharedNanos(AbstractQueuedSynchronizer.java:1326)
	at java.util.concurrent.CountDownLatch.await(CountDownLatch.java:277)
	at org.apache.ratis.thirdparty.io.grpc.internal.ManagedChannelImpl.awaitTermination(ManagedChannelImpl.java:763)
	at org.apache.ratis.thirdparty.io.grpc.internal.ForwardingManagedChannel.awaitTermination(ForwardingManagedChannel.java:57)
	at org.apache.ratis.thirdparty.io.grpc.internal.ManagedChannelOrphanWrapper.awaitTermination(ManagedChannelOrphanWrapper.java:70)
	at org.apache.ratis.grpc.client.GrpcClientProtocolClient.close(GrpcClientProtocolClient.java:146)
	at org.apache.ratis.util.PeerProxyMap$PeerAndProxy.lambda$close$1(PeerProxyMap.java:74)
	at org.apache.ratis.util.LifeCycle.lambda$checkStateAndClose$2(LifeCycle.java:231)
	at org.apache.ratis.util.LifeCycle.checkStateAndClose(LifeCycle.java:251)
	at org.apache.ratis.util.LifeCycle.checkStateAndClose(LifeCycle.java:229)
	at org.apache.ratis.util.PeerProxyMap$PeerAndProxy.close(PeerProxyMap.java:70)
	at org.apache.ratis.util.PeerProxyMap.resetProxy(PeerProxyMap.java:127)
	at org.apache.ratis.util.PeerProxyMap.handleException(PeerProxyMap.java:136)
	at org.apache.ratis.client.impl.RaftClientRpcWithProxy.handleException(RaftClientRpcWithProxy.java:47)
	at org.apache.ratis.client.impl.RaftClientImpl.handleIOException(RaftClientImpl.java:372)
	at org.apache.ratis.client.impl.OrderedAsync.lambda$sendRequest$10(OrderedAsync.java:236)
	at java.util.concurrent.CompletableFuture.uniExceptionally(CompletableFuture.java:870)
	at java.util.concurrent.CompletableFuture$UniExceptionally.tryFire(CompletableFuture.java:852)
	at java.util.concurrent.CompletableFuture.postComplete(CompletableFuture.java:474)
	at java.util.concurrent.CompletableFuture.completeExceptionally(CompletableFuture.java:1977)
	at org.apache.ratis.grpc.client.GrpcClientProtocolClient$AsyncStreamObservers.lambda$timeoutCheck$3(GrpcClientProtocolClient.java:324)
	at java.util.Optional.ifPresent(Optional.java:159)
	at org.apache.ratis.grpc.client.GrpcClientProtocolClient$AsyncStreamObservers.handleReplyFuture(GrpcClientProtocolClient.java:329)
	at org.apache.ratis.grpc.client.GrpcClientProtocolClient$AsyncStreamObservers.timeoutCheck(GrpcClientProtocolClient.java:324)
	at org.apache.ratis.grpc.client.GrpcClientProtocolClient$AsyncStreamObservers.lambda$onNext$1(GrpcClientProtocolClient.java:318)
	at org.apache.ratis.util.TimeoutScheduler.lambda$onTimeout$0(TimeoutScheduler.java:113)
	at org.apache.ratis.util.TimeoutScheduler.lambda$onTimeout$1(TimeoutScheduler.java:133)
	at org.apache.ratis.util.LogUtils.runAndLog(LogUtils.java:50)
	at org.apache.ratis.util.LogUtils$1.run(LogUtils.java:91)
	at java.util.concurrent.Executors$RunnableAdapter.call(Executors.java:511)
	at java.util.concurrent.FutureTask.run(FutureTask.java:266)
	at java.util.concurrent.ScheduledThreadPoolExecutor$ScheduledFutureTask.access$201(ScheduledThreadPoolExecutor.java:180)
	at java.util.concurrent.ScheduledThreadPoolExecutor$ScheduledFutureTask.run(ScheduledThreadPoolExecutor.java:293)
	at java.util.concurrent.ThreadPoolExecutor.runWorker(ThreadPoolExecutor.java:1149)
	at java.util.concurrent.ThreadPoolExecutor$Worker.run(ThreadPoolExecutor.java:624)
	at java.lang.Thread.run(Thread.java:748)
2019-10-02 15:51:08,812 [java.util.concurrent.ThreadPoolExecutor$Worker@7930cb3d[State = -1, empty queue]] WARN  util.TimeoutScheduler (LogUtils.java:runAndLog(55)) - Failed to task #0: java.lang.NullPointerException
2019-10-02 15:51:12,918 [java.util.concurrent.ThreadPoolExecutor$Worker@580a83b8[State = -1, empty queue]] ERROR client.GrpcClientProtocolClient (GrpcClientProtocolClient.java:close(148)) - Unexpected exception while waiting for channel termination
java.lang.InterruptedException
	at java.util.concurrent.locks.AbstractQueuedSynchronizer.tryAcquireSharedNanos(AbstractQueuedSynchronizer.java:1326)
	at java.util.concurrent.CountDownLatch.await(CountDownLatch.java:277)
	at org.apache.ratis.thirdparty.io.grpc.internal.ManagedChannelImpl.awaitTermination(ManagedChannelImpl.java:763)
	at org.apache.ratis.thirdparty.io.grpc.internal.ForwardingManagedChannel.awaitTermination(ForwardingManagedChannel.java:57)
	at org.apache.ratis.thirdparty.io.grpc.internal.ManagedChannelOrphanWrapper.awaitTermination(ManagedChannelOrphanWrapper.java:70)
	at org.apache.ratis.grpc.client.GrpcClientProtocolClient.close(GrpcClientProtocolClient.java:146)
	at org.apache.ratis.util.PeerProxyMap$PeerAndProxy.lambda$close$1(PeerProxyMap.java:74)
	at org.apache.ratis.util.LifeCycle.lambda$checkStateAndClose$2(LifeCycle.java:231)
	at org.apache.ratis.util.LifeCycle.checkStateAndClose(LifeCycle.java:251)
	at org.apache.ratis.util.LifeCycle.checkStateAndClose(LifeCycle.java:229)
	at org.apache.ratis.util.PeerProxyMap$PeerAndProxy.close(PeerProxyMap.java:70)
	at org.apache.ratis.util.PeerProxyMap.resetProxy(PeerProxyMap.java:127)
	at org.apache.ratis.util.PeerProxyMap.handleException(PeerProxyMap.java:136)
	at org.apache.ratis.client.impl.RaftClientRpcWithProxy.handleException(RaftClientRpcWithProxy.java:47)
	at org.apache.ratis.client.impl.RaftClientImpl.handleIOException(RaftClientImpl.java:372)
	at org.apache.ratis.client.impl.OrderedAsync.lambda$sendRequest$10(OrderedAsync.java:236)
	at java.util.concurrent.CompletableFuture.uniExceptionally(CompletableFuture.java:870)
	at java.util.concurrent.CompletableFuture$UniExceptionally.tryFire(CompletableFuture.java:852)
	at java.util.concurrent.CompletableFuture.postComplete(CompletableFuture.java:474)
	at java.util.concurrent.CompletableFuture.completeExceptionally(CompletableFuture.java:1977)
	at org.apache.ratis.grpc.client.GrpcClientProtocolClient$AsyncStreamObservers.lambda$timeoutCheck$3(GrpcClientProtocolClient.java:324)
	at java.util.Optional.ifPresent(Optional.java:159)
	at org.apache.ratis.grpc.client.GrpcClientProtocolClient$AsyncStreamObservers.handleReplyFuture(GrpcClientProtocolClient.java:329)
	at org.apache.ratis.grpc.client.GrpcClientProtocolClient$AsyncStreamObservers.timeoutCheck(GrpcClientProtocolClient.java:324)
	at org.apache.ratis.grpc.client.GrpcClientProtocolClient$AsyncStreamObservers.lambda$onNext$1(GrpcClientProtocolClient.java:318)
	at org.apache.ratis.util.TimeoutScheduler.lambda$onTimeout$0(TimeoutScheduler.java:113)
	at org.apache.ratis.util.TimeoutScheduler.lambda$onTimeout$1(TimeoutScheduler.java:133)
	at org.apache.ratis.util.LogUtils.runAndLog(LogUtils.java:50)
	at org.apache.ratis.util.LogUtils$1.run(LogUtils.java:91)
	at java.util.concurrent.Executors$RunnableAdapter.call(Executors.java:511)
	at java.util.concurrent.FutureTask.run(FutureTask.java:266)
	at java.util.concurrent.ScheduledThreadPoolExecutor$ScheduledFutureTask.access$201(ScheduledThreadPoolExecutor.java:180)
	at java.util.concurrent.ScheduledThreadPoolExecutor$ScheduledFutureTask.run(ScheduledThreadPoolExecutor.java:293)
	at java.util.concurrent.ThreadPoolExecutor.runWorker(ThreadPoolExecutor.java:1149)
	at java.util.concurrent.ThreadPoolExecutor$Worker.run(ThreadPoolExecutor.java:624)
	at java.lang.Thread.run(Thread.java:748)
2019-10-02 15:51:12,924 [java.util.concurrent.ThreadPoolExecutor$Worker@580a83b8[State = -1, empty queue]] WARN  util.TimeoutScheduler (LogUtils.java:runAndLog(55)) - Failed to task #0: java.lang.NullPointerException
2019-10-02 15:51:16,974 [java.util.concurrent.ThreadPoolExecutor$Worker@47222d88[State = -1, empty queue]] ERROR client.GrpcClientProtocolClient (GrpcClientProtocolClient.java:close(148)) - Unexpected exception while waiting for channel termination
java.lang.InterruptedException
	at java.util.concurrent.locks.AbstractQueuedSynchronizer.tryAcquireSharedNanos(AbstractQueuedSynchronizer.java:1326)
	at java.util.concurrent.CountDownLatch.await(CountDownLatch.java:277)
	at org.apache.ratis.thirdparty.io.grpc.internal.ManagedChannelImpl.awaitTermination(ManagedChannelImpl.java:763)
	at org.apache.ratis.thirdparty.io.grpc.internal.ForwardingManagedChannel.awaitTermination(ForwardingManagedChannel.java:57)
	at org.apache.ratis.thirdparty.io.grpc.internal.ManagedChannelOrphanWrapper.awaitTermination(ManagedChannelOrphanWrapper.java:70)
	at org.apache.ratis.grpc.client.GrpcClientProtocolClient.close(GrpcClientProtocolClient.java:146)
	at org.apache.ratis.util.PeerProxyMap$PeerAndProxy.lambda$close$1(PeerProxyMap.java:74)
	at org.apache.ratis.util.LifeCycle.lambda$checkStateAndClose$2(LifeCycle.java:231)
	at org.apache.ratis.util.LifeCycle.checkStateAndClose(LifeCycle.java:251)
	at org.apache.ratis.util.LifeCycle.checkStateAndClose(LifeCycle.java:229)
	at org.apache.ratis.util.PeerProxyMap$PeerAndProxy.close(PeerProxyMap.java:70)
	at org.apache.ratis.util.PeerProxyMap.resetProxy(PeerProxyMap.java:127)
	at org.apache.ratis.util.PeerProxyMap.handleException(PeerProxyMap.java:136)
	at org.apache.ratis.client.impl.RaftClientRpcWithProxy.handleException(RaftClientRpcWithProxy.java:47)
	at org.apache.ratis.client.impl.RaftClientImpl.handleIOException(RaftClientImpl.java:372)
	at org.apache.ratis.client.impl.OrderedAsync.lambda$sendRequest$10(OrderedAsync.java:236)
	at java.util.concurrent.CompletableFuture.uniExceptionally(CompletableFuture.java:870)
	at java.util.concurrent.CompletableFuture$UniExceptionally.tryFire(CompletableFuture.java:852)
	at java.util.concurrent.CompletableFuture.postComplete(CompletableFuture.java:474)
	at java.util.concurrent.CompletableFuture.completeExceptionally(CompletableFuture.java:1977)
	at org.apache.ratis.grpc.client.GrpcClientProtocolClient$AsyncStreamObservers.lambda$timeoutCheck$3(GrpcClientProtocolClient.java:324)
	at java.util.Optional.ifPresent(Optional.java:159)
	at org.apache.ratis.grpc.client.GrpcClientProtocolClient$AsyncStreamObservers.handleReplyFuture(GrpcClientProtocolClient.java:329)
	at org.apache.ratis.grpc.client.GrpcClientProtocolClient$AsyncStreamObservers.timeoutCheck(GrpcClientProtocolClient.java:324)
	at org.apache.ratis.grpc.client.GrpcClientProtocolClient$AsyncStreamObservers.lambda$onNext$1(GrpcClientProtocolClient.java:318)
	at org.apache.ratis.util.TimeoutScheduler.lambda$onTimeout$0(TimeoutScheduler.java:113)
	at org.apache.ratis.util.TimeoutScheduler.lambda$onTimeout$1(TimeoutScheduler.java:133)
	at org.apache.ratis.util.LogUtils.runAndLog(LogUtils.java:50)
	at org.apache.ratis.util.LogUtils$1.run(LogUtils.java:91)
	at java.util.concurrent.Executors$RunnableAdapter.call(Executors.java:511)
	at java.util.concurrent.FutureTask.run(FutureTask.java:266)
	at java.util.concurrent.ScheduledThreadPoolExecutor$ScheduledFutureTask.access$201(ScheduledThreadPoolExecutor.java:180)
	at java.util.concurrent.ScheduledThreadPoolExecutor$ScheduledFutureTask.run(ScheduledThreadPoolExecutor.java:293)
	at java.util.concurrent.ThreadPoolExecutor.runWorker(ThreadPoolExecutor.java:1149)
	at java.util.concurrent.ThreadPoolExecutor$Worker.run(ThreadPoolExecutor.java:624)
	at java.lang.Thread.run(Thread.java:748)
2019-10-02 15:51:16,986 [java.util.concurrent.ThreadPoolExecutor$Worker@47222d88[State = -1, empty queue]] WARN  util.TimeoutScheduler (LogUtils.java:runAndLog(55)) - Failed to task #0: java.lang.NullPointerException
2019-10-02 15:51:21,040 [java.util.concurrent.ThreadPoolExecutor$Worker@6d027860[State = -1, empty queue]] ERROR client.GrpcClientProtocolClient (GrpcClientProtocolClient.java:close(148)) - Unexpected exception while waiting for channel termination
java.lang.InterruptedException
	at java.util.concurrent.locks.AbstractQueuedSynchronizer.tryAcquireSharedNanos(AbstractQueuedSynchronizer.java:1326)
	at java.util.concurrent.CountDownLatch.await(CountDownLatch.java:277)
	at org.apache.ratis.thirdparty.io.grpc.internal.ManagedChannelImpl.awaitTermination(ManagedChannelImpl.java:763)
	at org.apache.ratis.thirdparty.io.grpc.internal.ForwardingManagedChannel.awaitTermination(ForwardingManagedChannel.java:57)
	at org.apache.ratis.thirdparty.io.grpc.internal.ManagedChannelOrphanWrapper.awaitTermination(ManagedChannelOrphanWrapper.java:70)
	at org.apache.ratis.grpc.client.GrpcClientProtocolClient.close(GrpcClientProtocolClient.java:146)
	at org.apache.ratis.util.PeerProxyMap$PeerAndProxy.lambda$close$1(PeerProxyMap.java:74)
	at org.apache.ratis.util.LifeCycle.lambda$checkStateAndClose$2(LifeCycle.java:231)
	at org.apache.ratis.util.LifeCycle.checkStateAndClose(LifeCycle.java:251)
	at org.apache.ratis.util.LifeCycle.checkStateAndClose(LifeCycle.java:229)
	at org.apache.ratis.util.PeerProxyMap$PeerAndProxy.close(PeerProxyMap.java:70)
	at org.apache.ratis.util.PeerProxyMap.resetProxy(PeerProxyMap.java:127)
	at org.apache.ratis.util.PeerProxyMap.handleException(PeerProxyMap.java:136)
	at org.apache.ratis.client.impl.RaftClientRpcWithProxy.handleException(RaftClientRpcWithProxy.java:47)
	at org.apache.ratis.client.impl.RaftClientImpl.handleIOException(RaftClientImpl.java:372)
	at org.apache.ratis.client.impl.OrderedAsync.lambda$sendRequest$10(OrderedAsync.java:236)
	at java.util.concurrent.CompletableFuture.uniExceptionally(CompletableFuture.java:870)
	at java.util.concurrent.CompletableFuture$UniExceptionally.tryFire(CompletableFuture.java:852)
	at java.util.concurrent.CompletableFuture.postComplete(CompletableFuture.java:474)
	at java.util.concurrent.CompletableFuture.completeExceptionally(CompletableFuture.java:1977)
	at org.apache.ratis.grpc.client.GrpcClientProtocolClient$AsyncStreamObservers.lambda$timeoutCheck$3(GrpcClientProtocolClient.java:324)
	at java.util.Optional.ifPresent(Optional.java:159)
	at org.apache.ratis.grpc.client.GrpcClientProtocolClient$AsyncStreamObservers.handleReplyFuture(GrpcClientProtocolClient.java:329)
	at org.apache.ratis.grpc.client.GrpcClientProtocolClient$AsyncStreamObservers.timeoutCheck(GrpcClientProtocolClient.java:324)
	at org.apache.ratis.grpc.client.GrpcClientProtocolClient$AsyncStreamObservers.lambda$onNext$1(GrpcClientProtocolClient.java:318)
	at org.apache.ratis.util.TimeoutScheduler.lambda$onTimeout$0(TimeoutScheduler.java:113)
	at org.apache.ratis.util.TimeoutScheduler.lambda$onTimeout$1(TimeoutScheduler.java:133)
	at org.apache.ratis.util.LogUtils.runAndLog(LogUtils.java:50)
	at org.apache.ratis.util.LogUtils$1.run(LogUtils.java:91)
	at java.util.concurrent.Executors$RunnableAdapter.call(Executors.java:511)
	at java.util.concurrent.FutureTask.run(FutureTask.java:266)
	at java.util.concurrent.ScheduledThreadPoolExecutor$ScheduledFutureTask.access$201(ScheduledThreadPoolExecutor.java:180)
	at java.util.concurrent.ScheduledThreadPoolExecutor$ScheduledFutureTask.run(ScheduledThreadPoolExecutor.java:293)
	at java.util.concurrent.ThreadPoolExecutor.runWorker(ThreadPoolExecutor.java:1149)
	at java.util.concurrent.ThreadPoolExecutor$Worker.run(ThreadPoolExecutor.java:624)
	at java.lang.Thread.run(Thread.java:748)
2019-10-02 15:51:21,045 [java.util.concurrent.ThreadPoolExecutor$Worker@6d027860[State = -1, empty queue]] WARN  util.TimeoutScheduler (LogUtils.java:runAndLog(55)) - Failed to task #0: java.lang.NullPointerException
2019-10-02 15:51:25,093 [java.util.concurrent.ThreadPoolExecutor$Worker@57ffd8c8[State = -1, empty queue]] ERROR client.GrpcClientProtocolClient (GrpcClientProtocolClient.java:close(148)) - Unexpected exception while waiting for channel termination
java.lang.InterruptedException
	at java.util.concurrent.locks.AbstractQueuedSynchronizer.tryAcquireSharedNanos(AbstractQueuedSynchronizer.java:1326)
	at java.util.concurrent.CountDownLatch.await(CountDownLatch.java:277)
	at org.apache.ratis.thirdparty.io.grpc.internal.ManagedChannelImpl.awaitTermination(ManagedChannelImpl.java:763)
	at org.apache.ratis.thirdparty.io.grpc.internal.ForwardingManagedChannel.awaitTermination(ForwardingManagedChannel.java:57)
	at org.apache.ratis.thirdparty.io.grpc.internal.ManagedChannelOrphanWrapper.awaitTermination(ManagedChannelOrphanWrapper.java:70)
	at org.apache.ratis.grpc.client.GrpcClientProtocolClient.close(GrpcClientProtocolClient.java:146)
	at org.apache.ratis.util.PeerProxyMap$PeerAndProxy.lambda$close$1(PeerProxyMap.java:74)
	at org.apache.ratis.util.LifeCycle.lambda$checkStateAndClose$2(LifeCycle.java:231)
	at org.apache.ratis.util.LifeCycle.checkStateAndClose(LifeCycle.java:251)
	at org.apache.ratis.util.LifeCycle.checkStateAndClose(LifeCycle.java:229)
	at org.apache.ratis.util.PeerProxyMap$PeerAndProxy.close(PeerProxyMap.java:70)
	at org.apache.ratis.util.PeerProxyMap.resetProxy(PeerProxyMap.java:127)
	at org.apache.ratis.util.PeerProxyMap.handleException(PeerProxyMap.java:136)
	at org.apache.ratis.client.impl.RaftClientRpcWithProxy.handleException(RaftClientRpcWithProxy.java:47)
	at org.apache.ratis.client.impl.RaftClientImpl.handleIOException(RaftClientImpl.java:372)
	at org.apache.ratis.client.impl.OrderedAsync.lambda$sendRequest$10(OrderedAsync.java:236)
	at java.util.concurrent.CompletableFuture.uniExceptionally(CompletableFuture.java:870)
	at java.util.concurrent.CompletableFuture$UniExceptionally.tryFire(CompletableFuture.java:852)
	at java.util.concurrent.CompletableFuture.postComplete(CompletableFuture.java:474)
	at java.util.concurrent.CompletableFuture.completeExceptionally(CompletableFuture.java:1977)
	at org.apache.ratis.grpc.client.GrpcClientProtocolClient$AsyncStreamObservers.lambda$timeoutCheck$3(GrpcClientProtocolClient.java:324)
	at java.util.Optional.ifPresent(Optional.java:159)
	at org.apache.ratis.grpc.client.GrpcClientProtocolClient$AsyncStreamObservers.handleReplyFuture(GrpcClientProtocolClient.java:329)
	at org.apache.ratis.grpc.client.GrpcClientProtocolClient$AsyncStreamObservers.timeoutCheck(GrpcClientProtocolClient.java:324)
	at org.apache.ratis.grpc.client.GrpcClientProtocolClient$AsyncStreamObservers.lambda$onNext$1(GrpcClientProtocolClient.java:318)
	at org.apache.ratis.util.TimeoutScheduler.lambda$onTimeout$0(TimeoutScheduler.java:113)
	at org.apache.ratis.util.TimeoutScheduler.lambda$onTimeout$1(TimeoutScheduler.java:133)
	at org.apache.ratis.util.LogUtils.runAndLog(LogUtils.java:50)
	at org.apache.ratis.util.LogUtils$1.run(LogUtils.java:91)
	at java.util.concurrent.Executors$RunnableAdapter.call(Executors.java:511)
	at java.util.concurrent.FutureTask.run(FutureTask.java:266)
	at java.util.concurrent.ScheduledThreadPoolExecutor$ScheduledFutureTask.access$201(ScheduledThreadPoolExecutor.java:180)
	at java.util.concurrent.ScheduledThreadPoolExecutor$ScheduledFutureTask.run(ScheduledThreadPoolExecutor.java:293)
	at java.util.concurrent.ThreadPoolExecutor.runWorker(ThreadPoolExecutor.java:1149)
	at java.util.concurrent.ThreadPoolExecutor$Worker.run(ThreadPoolExecutor.java:624)
	at java.lang.Thread.run(Thread.java:748)
2019-10-02 15:51:25,097 [java.util.concurrent.ThreadPoolExecutor$Worker@57ffd8c8[State = -1, empty queue]] WARN  util.TimeoutScheduler (LogUtils.java:runAndLog(55)) - Failed to task #0: java.lang.NullPointerException
2019-10-02 15:51:29,162 [java.util.concurrent.ThreadPoolExecutor$Worker@5067b410[State = -1, empty queue]] ERROR client.GrpcClientProtocolClient (GrpcClientProtocolClient.java:close(148)) - Unexpected exception while waiting for channel termination
java.lang.InterruptedException
	at java.util.concurrent.locks.AbstractQueuedSynchronizer.tryAcquireSharedNanos(AbstractQueuedSynchronizer.java:1326)
	at java.util.concurrent.CountDownLatch.await(CountDownLatch.java:277)
	at org.apache.ratis.thirdparty.io.grpc.internal.ManagedChannelImpl.awaitTermination(ManagedChannelImpl.java:763)
	at org.apache.ratis.thirdparty.io.grpc.internal.ForwardingManagedChannel.awaitTermination(ForwardingManagedChannel.java:57)
	at org.apache.ratis.thirdparty.io.grpc.internal.ManagedChannelOrphanWrapper.awaitTermination(ManagedChannelOrphanWrapper.java:70)
	at org.apache.ratis.grpc.client.GrpcClientProtocolClient.close(GrpcClientProtocolClient.java:146)
	at org.apache.ratis.util.PeerProxyMap$PeerAndProxy.lambda$close$1(PeerProxyMap.java:74)
	at org.apache.ratis.util.LifeCycle.lambda$checkStateAndClose$2(LifeCycle.java:231)
	at org.apache.ratis.util.LifeCycle.checkStateAndClose(LifeCycle.java:251)
	at org.apache.ratis.util.LifeCycle.checkStateAndClose(LifeCycle.java:229)
	at org.apache.ratis.util.PeerProxyMap$PeerAndProxy.close(PeerProxyMap.java:70)
	at org.apache.ratis.util.PeerProxyMap.resetProxy(PeerProxyMap.java:127)
	at org.apache.ratis.util.PeerProxyMap.handleException(PeerProxyMap.java:136)
	at org.apache.ratis.client.impl.RaftClientRpcWithProxy.handleException(RaftClientRpcWithProxy.java:47)
	at org.apache.ratis.client.impl.RaftClientImpl.handleIOException(RaftClientImpl.java:372)
	at org.apache.ratis.client.impl.OrderedAsync.lambda$sendRequest$10(OrderedAsync.java:236)
	at java.util.concurrent.CompletableFuture.uniExceptionally(CompletableFuture.java:870)
	at java.util.concurrent.CompletableFuture$UniExceptionally.tryFire(CompletableFuture.java:852)
	at java.util.concurrent.CompletableFuture.postComplete(CompletableFuture.java:474)
	at java.util.concurrent.CompletableFuture.completeExceptionally(CompletableFuture.java:1977)
	at org.apache.ratis.grpc.client.GrpcClientProtocolClient$AsyncStreamObservers.lambda$timeoutCheck$3(GrpcClientProtocolClient.java:324)
	at java.util.Optional.ifPresent(Optional.java:159)
	at org.apache.ratis.grpc.client.GrpcClientProtocolClient$AsyncStreamObservers.handleReplyFuture(GrpcClientProtocolClient.java:329)
	at org.apache.ratis.grpc.client.GrpcClientProtocolClient$AsyncStreamObservers.timeoutCheck(GrpcClientProtocolClient.java:324)
	at org.apache.ratis.grpc.client.GrpcClientProtocolClient$AsyncStreamObservers.lambda$onNext$1(GrpcClientProtocolClient.java:318)
	at org.apache.ratis.util.TimeoutScheduler.lambda$onTimeout$0(TimeoutScheduler.java:113)
	at org.apache.ratis.util.TimeoutScheduler.lambda$onTimeout$1(TimeoutScheduler.java:133)
	at org.apache.ratis.util.LogUtils.runAndLog(LogUtils.java:50)
	at org.apache.ratis.util.LogUtils$1.run(LogUtils.java:91)
	at java.util.concurrent.Executors$RunnableAdapter.call(Executors.java:511)
	at java.util.concurrent.FutureTask.run(FutureTask.java:266)
	at java.util.concurrent.ScheduledThreadPoolExecutor$ScheduledFutureTask.access$201(ScheduledThreadPoolExecutor.java:180)
	at java.util.concurrent.ScheduledThreadPoolExecutor$ScheduledFutureTask.run(ScheduledThreadPoolExecutor.java:293)
	at java.util.concurrent.ThreadPoolExecutor.runWorker(ThreadPoolExecutor.java:1149)
	at java.util.concurrent.ThreadPoolExecutor$Worker.run(ThreadPoolExecutor.java:624)
	at java.lang.Thread.run(Thread.java:748)
2019-10-02 15:51:29,164 [java.util.concurrent.ThreadPoolExecutor$Worker@5067b410[State = -1, empty queue]] WARN  util.TimeoutScheduler (LogUtils.java:runAndLog(55)) - Failed to task #0: java.lang.NullPointerException
2019-10-02 15:51:33,213 [java.util.concurrent.ThreadPoolExecutor$Worker@23bc4f81[State = -1, empty queue]] ERROR client.GrpcClientProtocolClient (GrpcClientProtocolClient.java:close(148)) - Unexpected exception while waiting for channel termination
java.lang.InterruptedException
	at java.util.concurrent.locks.AbstractQueuedSynchronizer.tryAcquireSharedNanos(AbstractQueuedSynchronizer.java:1326)
	at java.util.concurrent.CountDownLatch.await(CountDownLatch.java:277)
	at org.apache.ratis.thirdparty.io.grpc.internal.ManagedChannelImpl.awaitTermination(ManagedChannelImpl.java:763)
	at org.apache.ratis.thirdparty.io.grpc.internal.ForwardingManagedChannel.awaitTermination(ForwardingManagedChannel.java:57)
	at org.apache.ratis.thirdparty.io.grpc.internal.ManagedChannelOrphanWrapper.awaitTermination(ManagedChannelOrphanWrapper.java:70)
	at org.apache.ratis.grpc.client.GrpcClientProtocolClient.close(GrpcClientProtocolClient.java:146)
	at org.apache.ratis.util.PeerProxyMap$PeerAndProxy.lambda$close$1(PeerProxyMap.java:74)
	at org.apache.ratis.util.LifeCycle.lambda$checkStateAndClose$2(LifeCycle.java:231)
	at org.apache.ratis.util.LifeCycle.checkStateAndClose(LifeCycle.java:251)
	at org.apache.ratis.util.LifeCycle.checkStateAndClose(LifeCycle.java:229)
	at org.apache.ratis.util.PeerProxyMap$PeerAndProxy.close(PeerProxyMap.java:70)
	at org.apache.ratis.util.PeerProxyMap.resetProxy(PeerProxyMap.java:127)
	at org.apache.ratis.util.PeerProxyMap.handleException(PeerProxyMap.java:136)
	at org.apache.ratis.client.impl.RaftClientRpcWithProxy.handleException(RaftClientRpcWithProxy.java:47)
	at org.apache.ratis.client.impl.RaftClientImpl.handleIOException(RaftClientImpl.java:372)
	at org.apache.ratis.client.impl.OrderedAsync.lambda$sendRequest$10(OrderedAsync.java:236)
	at java.util.concurrent.CompletableFuture.uniExceptionally(CompletableFuture.java:870)
	at java.util.concurrent.CompletableFuture$UniExceptionally.tryFire(CompletableFuture.java:852)
	at java.util.concurrent.CompletableFuture.postComplete(CompletableFuture.java:474)
	at java.util.concurrent.CompletableFuture.completeExceptionally(CompletableFuture.java:1977)
	at org.apache.ratis.grpc.client.GrpcClientProtocolClient$AsyncStreamObservers.lambda$timeoutCheck$3(GrpcClientProtocolClient.java:324)
	at java.util.Optional.ifPresent(Optional.java:159)
	at org.apache.ratis.grpc.client.GrpcClientProtocolClient$AsyncStreamObservers.handleReplyFuture(GrpcClientProtocolClient.java:329)
	at org.apache.ratis.grpc.client.GrpcClientProtocolClient$AsyncStreamObservers.timeoutCheck(GrpcClientProtocolClient.java:324)
	at org.apache.ratis.grpc.client.GrpcClientProtocolClient$AsyncStreamObservers.lambda$onNext$1(GrpcClientProtocolClient.java:318)
	at org.apache.ratis.util.TimeoutScheduler.lambda$onTimeout$0(TimeoutScheduler.java:113)
	at org.apache.ratis.util.TimeoutScheduler.lambda$onTimeout$1(TimeoutScheduler.java:133)
	at org.apache.ratis.util.LogUtils.runAndLog(LogUtils.java:50)
	at org.apache.ratis.util.LogUtils$1.run(LogUtils.java:91)
	at java.util.concurrent.Executors$RunnableAdapter.call(Executors.java:511)
	at java.util.concurrent.FutureTask.run(FutureTask.java:266)
	at java.util.concurrent.ScheduledThreadPoolExecutor$ScheduledFutureTask.access$201(ScheduledThreadPoolExecutor.java:180)
	at java.util.concurrent.ScheduledThreadPoolExecutor$ScheduledFutureTask.run(ScheduledThreadPoolExecutor.java:293)
	at java.util.concurrent.ThreadPoolExecutor.runWorker(ThreadPoolExecutor.java:1149)
	at java.util.concurrent.ThreadPoolExecutor$Worker.run(ThreadPoolExecutor.java:624)
	at java.lang.Thread.run(Thread.java:748)
2019-10-02 15:51:33,215 [java.util.concurrent.ThreadPoolExecutor$Worker@23bc4f81[State = -1, empty queue]] WARN  util.TimeoutScheduler (LogUtils.java:runAndLog(55)) - Failed to task #0: java.lang.NullPointerException
2019-10-02 15:51:37,284 [java.util.concurrent.ThreadPoolExecutor$Worker@58334ed4[State = -1, empty queue]] ERROR client.GrpcClientProtocolClient (GrpcClientProtocolClient.java:close(148)) - Unexpected exception while waiting for channel termination
java.lang.InterruptedException
	at java.util.concurrent.locks.AbstractQueuedSynchronizer.tryAcquireSharedNanos(AbstractQueuedSynchronizer.java:1326)
	at java.util.concurrent.CountDownLatch.await(CountDownLatch.java:277)
	at org.apache.ratis.thirdparty.io.grpc.internal.ManagedChannelImpl.awaitTermination(ManagedChannelImpl.java:763)
	at org.apache.ratis.thirdparty.io.grpc.internal.ForwardingManagedChannel.awaitTermination(ForwardingManagedChannel.java:57)
	at org.apache.ratis.thirdparty.io.grpc.internal.ManagedChannelOrphanWrapper.awaitTermination(ManagedChannelOrphanWrapper.java:70)
	at org.apache.ratis.grpc.client.GrpcClientProtocolClient.close(GrpcClientProtocolClient.java:146)
	at org.apache.ratis.util.PeerProxyMap$PeerAndProxy.lambda$close$1(PeerProxyMap.java:74)
	at org.apache.ratis.util.LifeCycle.lambda$checkStateAndClose$2(LifeCycle.java:231)
	at org.apache.ratis.util.LifeCycle.checkStateAndClose(LifeCycle.java:251)
	at org.apache.ratis.util.LifeCycle.checkStateAndClose(LifeCycle.java:229)
	at org.apache.ratis.util.PeerProxyMap$PeerAndProxy.close(PeerProxyMap.java:70)
	at org.apache.ratis.util.PeerProxyMap.resetProxy(PeerProxyMap.java:127)
	at org.apache.ratis.util.PeerProxyMap.handleException(PeerProxyMap.java:136)
	at org.apache.ratis.client.impl.RaftClientRpcWithProxy.handleException(RaftClientRpcWithProxy.java:47)
	at org.apache.ratis.client.impl.RaftClientImpl.handleIOException(RaftClientImpl.java:372)
	at org.apache.ratis.client.impl.OrderedAsync.lambda$sendRequest$10(OrderedAsync.java:236)
	at java.util.concurrent.CompletableFuture.uniExceptionally(CompletableFuture.java:870)
	at java.util.concurrent.CompletableFuture$UniExceptionally.tryFire(CompletableFuture.java:852)
	at java.util.concurrent.CompletableFuture.postComplete(CompletableFuture.java:474)
	at java.util.concurrent.CompletableFuture.completeExceptionally(CompletableFuture.java:1977)
	at org.apache.ratis.grpc.client.GrpcClientProtocolClient$AsyncStreamObservers.lambda$timeoutCheck$3(GrpcClientProtocolClient.java:324)
	at java.util.Optional.ifPresent(Optional.java:159)
	at org.apache.ratis.grpc.client.GrpcClientProtocolClient$AsyncStreamObservers.handleReplyFuture(GrpcClientProtocolClient.java:329)
	at org.apache.ratis.grpc.client.GrpcClientProtocolClient$AsyncStreamObservers.timeoutCheck(GrpcClientProtocolClient.java:324)
	at org.apache.ratis.grpc.client.GrpcClientProtocolClient$AsyncStreamObservers.lambda$onNext$1(GrpcClientProtocolClient.java:318)
	at org.apache.ratis.util.TimeoutScheduler.lambda$onTimeout$0(TimeoutScheduler.java:113)
	at org.apache.ratis.util.TimeoutScheduler.lambda$onTimeout$1(TimeoutScheduler.java:133)
	at org.apache.ratis.util.LogUtils.runAndLog(LogUtils.java:50)
	at org.apache.ratis.util.LogUtils$1.run(LogUtils.java:91)
	at java.util.concurrent.Executors$RunnableAdapter.call(Executors.java:511)
	at java.util.concurrent.FutureTask.run(FutureTask.java:266)
	at java.util.concurrent.ScheduledThreadPoolExecutor$ScheduledFutureTask.access$201(ScheduledThreadPoolExecutor.java:180)
	at java.util.concurrent.ScheduledThreadPoolExecutor$ScheduledFutureTask.run(ScheduledThreadPoolExecutor.java:293)
	at java.util.concurrent.ThreadPoolExecutor.runWorker(ThreadPoolExecutor.java:1149)
	at java.util.concurrent.ThreadPoolExecutor$Worker.run(ThreadPoolExecutor.java:624)
	at java.lang.Thread.run(Thread.java:748)
2019-10-02 15:51:37,286 [java.util.concurrent.ThreadPoolExecutor$Worker@58334ed4[State = -1, empty queue]] WARN  util.TimeoutScheduler (LogUtils.java:runAndLog(55)) - Failed to task #0: java.lang.NullPointerException
2019-10-02 15:51:38,545 [grpc-default-executor-5] INFO  impl.RaftServerProxy (RaftServerProxy.java:addNew(89)) - ced45e13-3c9a-48b2-a28a-774edb50765e: addNew group-942386363AB0:[3ae5aee2-2358-49e6-9004-20fc57714669:192.168.151.72:42197, e1085188-920c-47f7-886f-c98137f30542:192.168.151.72:45532, ced45e13-3c9a-48b2-a28a-774edb50765e:192.168.151.72:42645] returns group-942386363AB0:java.util.concurrent.CompletableFuture@4cacb348[Not completed]
2019-10-02 15:51:38,545 [grpc-default-executor-2] INFO  impl.RaftServerProxy (RaftServerProxy.java:addNew(89)) - e1085188-920c-47f7-886f-c98137f30542: addNew group-942386363AB0:[3ae5aee2-2358-49e6-9004-20fc57714669:192.168.151.72:42197, e1085188-920c-47f7-886f-c98137f30542:192.168.151.72:45532, ced45e13-3c9a-48b2-a28a-774edb50765e:192.168.151.72:42645] returns group-942386363AB0:java.util.concurrent.CompletableFuture@1098829f[Not completed]
2019-10-02 15:51:38,545 [grpc-default-executor-6] INFO  impl.RaftServerProxy (RaftServerProxy.java:addNew(89)) - 3ae5aee2-2358-49e6-9004-20fc57714669: addNew group-942386363AB0:[3ae5aee2-2358-49e6-9004-20fc57714669:192.168.151.72:42197, e1085188-920c-47f7-886f-c98137f30542:192.168.151.72:45532, ced45e13-3c9a-48b2-a28a-774edb50765e:192.168.151.72:42645] returns group-942386363AB0:java.util.concurrent.CompletableFuture@1a481a26[Not completed]
2019-10-02 15:51:38,550 [pool-37-thread-1] INFO  impl.RaftServerImpl (RaftServerImpl.java:<init>(95)) - 3ae5aee2-2358-49e6-9004-20fc57714669: new RaftServerImpl for group-942386363AB0:[3ae5aee2-2358-49e6-9004-20fc57714669:192.168.151.72:42197, e1085188-920c-47f7-886f-c98137f30542:192.168.151.72:45532, ced45e13-3c9a-48b2-a28a-774edb50765e:192.168.151.72:42645] with ContainerStateMachine:uninitialized
2019-10-02 15:51:38,551 [pool-37-thread-1] INFO  server.RaftServerConfigKeys (ConfUtils.java:logGet(43)) - raft.server.rpc.timeout.min = 5s (custom)
2019-10-02 15:51:38,551 [pool-37-thread-1] INFO  server.RaftServerConfigKeys (ConfUtils.java:logGet(43)) - raft.server.rpc.timeout.max = 5200ms (custom)
2019-10-02 15:51:38,551 [pool-37-thread-1] INFO  server.RaftServerConfigKeys (ConfUtils.java:logGet(43)) - raft.server.rpcslowness.timeout = 120s (custom)
2019-10-02 15:51:38,551 [pool-37-thread-1] INFO  server.RaftServerConfigKeys (ConfUtils.java:logGet(43)) - raft.server.sleep.deviation.threshold = 300 (default)
2019-10-02 15:51:38,551 [pool-87-thread-1] INFO  impl.RaftServerImpl (RaftServerImpl.java:<init>(95)) - ced45e13-3c9a-48b2-a28a-774edb50765e: new RaftServerImpl for group-942386363AB0:[3ae5aee2-2358-49e6-9004-20fc57714669:192.168.151.72:42197, e1085188-920c-47f7-886f-c98137f30542:192.168.151.72:45532, ced45e13-3c9a-48b2-a28a-774edb50765e:192.168.151.72:42645] with ContainerStateMachine:uninitialized
2019-10-02 15:51:38,551 [pool-37-thread-1] INFO  server.RaftServerConfigKeys (ConfUtils.java:logGet(43)) - raft.server.log.appender.install.snapshot.enabled = false (custom)
2019-10-02 15:51:38,552 [pool-87-thread-1] INFO  server.RaftServerConfigKeys (ConfUtils.java:logGet(43)) - raft.server.rpc.timeout.min = 5s (custom)
2019-10-02 15:51:38,552 [pool-37-thread-1] INFO  impl.RaftServerImpl (ServerState.java:<init>(103)) - 3ae5aee2-2358-49e6-9004-20fc57714669@group-942386363AB0: ConfigurationManager, init=-1: [3ae5aee2-2358-49e6-9004-20fc57714669:192.168.151.72:42197, e1085188-920c-47f7-886f-c98137f30542:192.168.151.72:45532, ced45e13-3c9a-48b2-a28a-774edb50765e:192.168.151.72:42645], old=null, confs=<EMPTY_MAP>
2019-10-02 15:51:38,552 [pool-87-thread-1] INFO  server.RaftServerConfigKeys (ConfUtils.java:logGet(43)) - raft.server.rpc.timeout.max = 5200ms (custom)
2019-10-02 15:51:38,552 [pool-87-thread-1] INFO  server.RaftServerConfigKeys (ConfUtils.java:logGet(43)) - raft.server.rpcslowness.timeout = 120s (custom)
2019-10-02 15:51:38,552 [pool-37-thread-1] INFO  server.RaftServerConfigKeys (ConfUtils.java:logGet(43)) - raft.server.storage.dir = [/workdir/hadoop-ozone/integration-test/target/test-dir/MiniOzoneClusterImpl-44e437f6-303a-4d8e-bbbb-3b42b5072b0e/datanode-1/data/ratis] (custom)
2019-10-02 15:51:38,552 [pool-57-thread-1] INFO  impl.RaftServerImpl (RaftServerImpl.java:<init>(95)) - e1085188-920c-47f7-886f-c98137f30542: new RaftServerImpl for group-942386363AB0:[3ae5aee2-2358-49e6-9004-20fc57714669:192.168.151.72:42197, e1085188-920c-47f7-886f-c98137f30542:192.168.151.72:45532, ced45e13-3c9a-48b2-a28a-774edb50765e:192.168.151.72:42645] with ContainerStateMachine:uninitialized
2019-10-02 15:51:38,552 [pool-87-thread-1] INFO  server.RaftServerConfigKeys (ConfUtils.java:logGet(43)) - raft.server.sleep.deviation.threshold = 300 (default)
2019-10-02 15:51:38,553 [pool-57-thread-1] INFO  server.RaftServerConfigKeys (ConfUtils.java:logGet(43)) - raft.server.rpc.timeout.min = 5s (custom)
2019-10-02 15:51:38,553 [pool-37-thread-1] INFO  server.RaftServerConfigKeys (ConfUtils.java:logGet(43)) - raft.server.log.corruption.policy = EXCEPTION (default)
2019-10-02 15:51:38,553 [pool-87-thread-1] INFO  server.RaftServerConfigKeys (ConfUtils.java:logGet(43)) - raft.server.log.appender.install.snapshot.enabled = false (custom)
2019-10-02 15:51:38,553 [pool-57-thread-1] INFO  server.RaftServerConfigKeys (ConfUtils.java:logGet(43)) - raft.server.rpc.timeout.max = 5200ms (custom)
2019-10-02 15:51:38,553 [pool-87-thread-1] INFO  impl.RaftServerImpl (ServerState.java:<init>(103)) - ced45e13-3c9a-48b2-a28a-774edb50765e@group-942386363AB0: ConfigurationManager, init=-1: [3ae5aee2-2358-49e6-9004-20fc57714669:192.168.151.72:42197, e1085188-920c-47f7-886f-c98137f30542:192.168.151.72:45532, ced45e13-3c9a-48b2-a28a-774edb50765e:192.168.151.72:42645], old=null, confs=<EMPTY_MAP>
2019-10-02 15:51:38,553 [pool-37-thread-1] INFO  storage.RaftStorageDirectory (RaftStorageDirectory.java:analyzeStorage(246)) - The storage directory /workdir/hadoop-ozone/integration-test/target/test-dir/MiniOzoneClusterImpl-44e437f6-303a-4d8e-bbbb-3b42b5072b0e/datanode-1/data/ratis/96f67349-91a7-41d5-84be-942386363ab0 does not exist. Creating ...
2019-10-02 15:51:38,554 [pool-87-thread-1] INFO  server.RaftServerConfigKeys (ConfUtils.java:logGet(43)) - raft.server.storage.dir = [/workdir/hadoop-ozone/integration-test/target/test-dir/MiniOzoneClusterImpl-44e437f6-303a-4d8e-bbbb-3b42b5072b0e/datanode-6/data/ratis] (custom)
2019-10-02 15:51:38,553 [pool-57-thread-1] INFO  server.RaftServerConfigKeys (ConfUtils.java:logGet(43)) - raft.server.rpcslowness.timeout = 120s (custom)
2019-10-02 15:51:38,554 [pool-57-thread-1] INFO  server.RaftServerConfigKeys (ConfUtils.java:logGet(43)) - raft.server.sleep.deviation.threshold = 300 (default)
2019-10-02 15:51:38,554 [pool-87-thread-1] INFO  server.RaftServerConfigKeys (ConfUtils.java:logGet(43)) - raft.server.log.corruption.policy = EXCEPTION (default)
2019-10-02 15:51:38,554 [pool-57-thread-1] INFO  server.RaftServerConfigKeys (ConfUtils.java:logGet(43)) - raft.server.log.appender.install.snapshot.enabled = false (custom)
2019-10-02 15:51:38,555 [pool-87-thread-1] INFO  storage.RaftStorageDirectory (RaftStorageDirectory.java:analyzeStorage(246)) - The storage directory /workdir/hadoop-ozone/integration-test/target/test-dir/MiniOzoneClusterImpl-44e437f6-303a-4d8e-bbbb-3b42b5072b0e/datanode-6/data/ratis/96f67349-91a7-41d5-84be-942386363ab0 does not exist. Creating ...
2019-10-02 15:51:38,555 [pool-57-thread-1] INFO  impl.RaftServerImpl (ServerState.java:<init>(103)) - e1085188-920c-47f7-886f-c98137f30542@group-942386363AB0: ConfigurationManager, init=-1: [3ae5aee2-2358-49e6-9004-20fc57714669:192.168.151.72:42197, e1085188-920c-47f7-886f-c98137f30542:192.168.151.72:45532, ced45e13-3c9a-48b2-a28a-774edb50765e:192.168.151.72:42645], old=null, confs=<EMPTY_MAP>
2019-10-02 15:51:38,555 [pool-57-thread-1] INFO  server.RaftServerConfigKeys (ConfUtils.java:logGet(43)) - raft.server.storage.dir = [/workdir/hadoop-ozone/integration-test/target/test-dir/MiniOzoneClusterImpl-44e437f6-303a-4d8e-bbbb-3b42b5072b0e/datanode-3/data/ratis] (custom)
2019-10-02 15:51:38,555 [pool-57-thread-1] INFO  server.RaftServerConfigKeys (ConfUtils.java:logGet(43)) - raft.server.log.corruption.policy = EXCEPTION (default)
2019-10-02 15:51:38,555 [pool-57-thread-1] INFO  storage.RaftStorageDirectory (RaftStorageDirectory.java:analyzeStorage(246)) - The storage directory /workdir/hadoop-ozone/integration-test/target/test-dir/MiniOzoneClusterImpl-44e437f6-303a-4d8e-bbbb-3b42b5072b0e/datanode-3/data/ratis/96f67349-91a7-41d5-84be-942386363ab0 does not exist. Creating ...
2019-10-02 15:51:38,582 [pool-57-thread-1] INFO  storage.RaftStorageDirectory (RaftStorageDirectory.java:tryLock(328)) - Lock on /workdir/hadoop-ozone/integration-test/target/test-dir/MiniOzoneClusterImpl-44e437f6-303a-4d8e-bbbb-3b42b5072b0e/datanode-3/data/ratis/96f67349-91a7-41d5-84be-942386363ab0/in_use.lock acquired by nodename 29219@pr-trunk-fgz7f-2353921243
2019-10-02 15:51:38,582 [pool-37-thread-1] INFO  storage.RaftStorageDirectory (RaftStorageDirectory.java:tryLock(328)) - Lock on /workdir/hadoop-ozone/integration-test/target/test-dir/MiniOzoneClusterImpl-44e437f6-303a-4d8e-bbbb-3b42b5072b0e/datanode-1/data/ratis/96f67349-91a7-41d5-84be-942386363ab0/in_use.lock acquired by nodename 29219@pr-trunk-fgz7f-2353921243
2019-10-02 15:51:38,582 [pool-87-thread-1] INFO  storage.RaftStorageDirectory (RaftStorageDirectory.java:tryLock(328)) - Lock on /workdir/hadoop-ozone/integration-test/target/test-dir/MiniOzoneClusterImpl-44e437f6-303a-4d8e-bbbb-3b42b5072b0e/datanode-6/data/ratis/96f67349-91a7-41d5-84be-942386363ab0/in_use.lock acquired by nodename 29219@pr-trunk-fgz7f-2353921243
2019-10-02 15:51:38,607 [pool-57-thread-1] INFO  storage.RaftStorage (RaftStorage.java:format(84)) - Storage directory /workdir/hadoop-ozone/integration-test/target/test-dir/MiniOzoneClusterImpl-44e437f6-303a-4d8e-bbbb-3b42b5072b0e/datanode-3/data/ratis/96f67349-91a7-41d5-84be-942386363ab0 has been successfully formatted.
2019-10-02 15:51:38,607 [pool-37-thread-1] INFO  storage.RaftStorage (RaftStorage.java:format(84)) - Storage directory /workdir/hadoop-ozone/integration-test/target/test-dir/MiniOzoneClusterImpl-44e437f6-303a-4d8e-bbbb-3b42b5072b0e/datanode-1/data/ratis/96f67349-91a7-41d5-84be-942386363ab0 has been successfully formatted.
2019-10-02 15:51:38,607 [pool-87-thread-1] INFO  storage.RaftStorage (RaftStorage.java:format(84)) - Storage directory /workdir/hadoop-ozone/integration-test/target/test-dir/MiniOzoneClusterImpl-44e437f6-303a-4d8e-bbbb-3b42b5072b0e/datanode-6/data/ratis/96f67349-91a7-41d5-84be-942386363ab0 has been successfully formatted.
2019-10-02 15:51:38,608 [pool-37-thread-1] INFO  ratis.ContainerStateMachine (ContainerStateMachine.java:loadSnapshot(231)) - group-942386363AB0: The snapshot info is null. Setting the last applied indexto:(t:0, i:~)
2019-10-02 15:51:38,607 [pool-57-thread-1] INFO  ratis.ContainerStateMachine (ContainerStateMachine.java:loadSnapshot(231)) - group-942386363AB0: The snapshot info is null. Setting the last applied indexto:(t:0, i:~)
2019-10-02 15:51:38,608 [pool-37-thread-1] INFO  server.RaftServerConfigKeys (ConfUtils.java:logGet(43)) - raft.server.notification.no-leader.timeout = 120s (custom)
2019-10-02 15:51:38,608 [pool-87-thread-1] INFO  ratis.ContainerStateMachine (ContainerStateMachine.java:loadSnapshot(231)) - group-942386363AB0: The snapshot info is null. Setting the last applied indexto:(t:0, i:~)
2019-10-02 15:51:38,608 [pool-37-thread-1] INFO  server.RaftServerConfigKeys (ConfUtils.java:logGet(43)) - raft.server.log.use.memory = false (default)
2019-10-02 15:51:38,608 [pool-57-thread-1] INFO  server.RaftServerConfigKeys (ConfUtils.java:logGet(43)) - raft.server.notification.no-leader.timeout = 120s (custom)
2019-10-02 15:51:38,609 [pool-37-thread-1] INFO  server.RaftServerConfigKeys (ConfUtils.java:logGet(43)) - raft.server.log.purge.gap = 1000000 (custom)
2019-10-02 15:51:38,608 [pool-87-thread-1] INFO  server.RaftServerConfigKeys (ConfUtils.java:logGet(43)) - raft.server.notification.no-leader.timeout = 120s (custom)
2019-10-02 15:51:38,609 [pool-37-thread-1] INFO  server.RaftServerConfigKeys (ConfUtils.java:logGet(43)) - raft.server.log.appender.buffer.byte-limit = 33554432 (custom)
2019-10-02 15:51:38,609 [pool-57-thread-1] INFO  server.RaftServerConfigKeys (ConfUtils.java:logGet(43)) - raft.server.log.use.memory = false (default)
2019-10-02 15:51:38,609 [pool-37-thread-1] INFO  server.RaftServerConfigKeys (ConfUtils.java:logGet(43)) - raft.server.log.segment.size.max = 1048576 (custom)
2019-10-02 15:51:38,609 [pool-87-thread-1] INFO  server.RaftServerConfigKeys (ConfUtils.java:logGet(43)) - raft.server.log.use.memory = false (default)
2019-10-02 15:51:38,610 [pool-37-thread-1] INFO  server.RaftServerConfigKeys (ConfUtils.java:logGet(43)) - raft.server.log.segment.cache.num.max = 2 (custom)
2019-10-02 15:51:38,609 [pool-57-thread-1] INFO  server.RaftServerConfigKeys (ConfUtils.java:logGet(43)) - raft.server.log.purge.gap = 1000000 (custom)
2019-10-02 15:51:38,610 [pool-37-thread-1] INFO  segmented.SegmentedRaftLogWorker (SegmentedRaftLogWorker.java:<init>(173)) - new 3ae5aee2-2358-49e6-9004-20fc57714669@group-942386363AB0-SegmentedRaftLogWorker for RaftStorage:Storage Directory /workdir/hadoop-ozone/integration-test/target/test-dir/MiniOzoneClusterImpl-44e437f6-303a-4d8e-bbbb-3b42b5072b0e/datanode-1/data/ratis/96f67349-91a7-41d5-84be-942386363ab0
2019-10-02 15:51:38,610 [pool-87-thread-1] INFO  server.RaftServerConfigKeys (ConfUtils.java:logGet(43)) - raft.server.log.purge.gap = 1000000 (custom)
2019-10-02 15:51:38,610 [pool-37-thread-1] INFO  server.RaftServerConfigKeys (ConfUtils.java:logGet(43)) - raft.server.log.queue.byte-limit = 2147483647 (custom)
2019-10-02 15:51:38,610 [pool-57-thread-1] INFO  server.RaftServerConfigKeys (ConfUtils.java:logGet(43)) - raft.server.log.appender.buffer.byte-limit = 33554432 (custom)
2019-10-02 15:51:38,611 [pool-37-thread-1] INFO  server.RaftServerConfigKeys (ConfUtils.java:logGet(43)) - raft.server.log.queue.element-limit = 1024 (custom)
2019-10-02 15:51:38,610 [pool-87-thread-1] INFO  server.RaftServerConfigKeys (ConfUtils.java:logGet(43)) - raft.server.log.appender.buffer.byte-limit = 33554432 (custom)
2019-10-02 15:51:38,611 [pool-37-thread-1] INFO  server.RaftServerConfigKeys (ConfUtils.java:logGet(43)) - raft.server.log.segment.size.max = 1048576 (custom)
2019-10-02 15:51:38,611 [pool-57-thread-1] INFO  server.RaftServerConfigKeys (ConfUtils.java:logGet(43)) - raft.server.log.segment.size.max = 1048576 (custom)
2019-10-02 15:51:38,611 [pool-37-thread-1] INFO  server.RaftServerConfigKeys (ConfUtils.java:logGet(43)) - raft.server.log.preallocated.size = 16384 (custom)
2019-10-02 15:51:38,611 [pool-87-thread-1] INFO  server.RaftServerConfigKeys (ConfUtils.java:logGet(43)) - raft.server.log.segment.size.max = 1048576 (custom)
2019-10-02 15:51:38,612 [pool-37-thread-1] INFO  server.RaftServerConfigKeys (ConfUtils.java:logGet(43)) - raft.server.log.write.buffer.size = 33554432 (custom)
2019-10-02 15:51:38,611 [pool-57-thread-1] INFO  server.RaftServerConfigKeys (ConfUtils.java:logGet(43)) - raft.server.log.segment.cache.num.max = 2 (custom)
2019-10-02 15:51:38,612 [pool-37-thread-1] INFO  server.RaftServerConfigKeys (ConfUtils.java:logGet(43)) - raft.server.log.force.sync.num = 128 (default)
2019-10-02 15:51:38,612 [pool-87-thread-1] INFO  server.RaftServerConfigKeys (ConfUtils.java:logGet(43)) - raft.server.log.segment.cache.num.max = 2 (custom)
2019-10-02 15:51:38,612 [pool-37-thread-1] INFO  server.RaftServerConfigKeys (ConfUtils.java:logGet(43)) - raft.server.log.statemachine.data.sync = true (default)
2019-10-02 15:51:38,612 [pool-57-thread-1] INFO  segmented.SegmentedRaftLogWorker (SegmentedRaftLogWorker.java:<init>(173)) - new e1085188-920c-47f7-886f-c98137f30542@group-942386363AB0-SegmentedRaftLogWorker for RaftStorage:Storage Directory /workdir/hadoop-ozone/integration-test/target/test-dir/MiniOzoneClusterImpl-44e437f6-303a-4d8e-bbbb-3b42b5072b0e/datanode-3/data/ratis/96f67349-91a7-41d5-84be-942386363ab0
2019-10-02 15:51:38,613 [pool-37-thread-1] INFO  server.RaftServerConfigKeys (ConfUtils.java:logGet(43)) - raft.server.log.statemachine.data.sync.timeout = 10s (default)
2019-10-02 15:51:38,612 [pool-87-thread-1] INFO  segmented.SegmentedRaftLogWorker (SegmentedRaftLogWorker.java:<init>(173)) - new ced45e13-3c9a-48b2-a28a-774edb50765e@group-942386363AB0-SegmentedRaftLogWorker for RaftStorage:Storage Directory /workdir/hadoop-ozone/integration-test/target/test-dir/MiniOzoneClusterImpl-44e437f6-303a-4d8e-bbbb-3b42b5072b0e/datanode-6/data/ratis/96f67349-91a7-41d5-84be-942386363ab0
2019-10-02 15:51:38,613 [pool-37-thread-1] INFO  server.RaftServerConfigKeys (ConfUtils.java:logGet(43)) - raft.server.log.statemachine.data.sync.timeout.retry = -1 (default)
2019-10-02 15:51:38,613 [pool-57-thread-1] INFO  server.RaftServerConfigKeys (ConfUtils.java:logGet(43)) - raft.server.log.queue.byte-limit = 2147483647 (custom)
2019-10-02 15:51:38,613 [pool-37-thread-1] INFO  server.RaftServerConfigKeys (ConfUtils.java:logGet(43)) - raft.server.log.statemachine.data.caching.enabled = true (custom)
2019-10-02 15:51:38,613 [pool-87-thread-1] INFO  server.RaftServerConfigKeys (ConfUtils.java:logGet(43)) - raft.server.log.queue.byte-limit = 2147483647 (custom)
2019-10-02 15:51:38,614 [pool-57-thread-1] INFO  server.RaftServerConfigKeys (ConfUtils.java:logGet(43)) - raft.server.log.queue.element-limit = 1024 (custom)
2019-10-02 15:51:38,614 [pool-87-thread-1] INFO  server.RaftServerConfigKeys (ConfUtils.java:logGet(43)) - raft.server.log.queue.element-limit = 1024 (custom)
2019-10-02 15:51:38,614 [pool-57-thread-1] INFO  server.RaftServerConfigKeys (ConfUtils.java:logGet(43)) - raft.server.log.segment.size.max = 1048576 (custom)
2019-10-02 15:51:38,614 [pool-37-thread-1] INFO  segmented.SegmentedRaftLogWorker (SegmentedRaftLogWorker.java:lambda$new$0(128)) - 3ae5aee2-2358-49e6-9004-20fc57714669@group-942386363AB0-SegmentedRaftLogWorker: flushIndex: setUnconditionally 0 -> -1
2019-10-02 15:51:38,614 [pool-57-thread-1] INFO  server.RaftServerConfigKeys (ConfUtils.java:logGet(43)) - raft.server.log.preallocated.size = 16384 (custom)
2019-10-02 15:51:38,614 [pool-87-thread-1] INFO  server.RaftServerConfigKeys (ConfUtils.java:logGet(43)) - raft.server.log.segment.size.max = 1048576 (custom)
2019-10-02 15:51:38,615 [pool-57-thread-1] INFO  server.RaftServerConfigKeys (ConfUtils.java:logGet(43)) - raft.server.log.write.buffer.size = 33554432 (custom)
2019-10-02 15:51:38,615 [pool-37-thread-1] INFO  server.RaftServerConfigKeys (ConfUtils.java:logGet(43)) - raft.server.snapshot.auto.trigger.enabled = true (custom)
2019-10-02 15:51:38,615 [pool-87-thread-1] INFO  server.RaftServerConfigKeys (ConfUtils.java:logGet(43)) - raft.server.log.preallocated.size = 16384 (custom)
2019-10-02 15:51:38,615 [pool-37-thread-1] INFO  server.RaftServerConfigKeys (ConfUtils.java:logGet(43)) - raft.server.snapshot.auto.trigger.threshold = 10000 (custom)
2019-10-02 15:51:38,615 [pool-37-thread-1] INFO  server.RaftServerConfigKeys (ConfUtils.java:logGet(43)) - raft.server.snapshot.retention.file.num = 5 (custom)
2019-10-02 15:51:38,615 [pool-57-thread-1] INFO  server.RaftServerConfigKeys (ConfUtils.java:logGet(43)) - raft.server.log.force.sync.num = 128 (default)
2019-10-02 15:51:38,616 [pool-37-thread-1] INFO  server.RaftServerConfigKeys (ConfUtils.java:logGet(43)) - raft.server.retrycache.expirytime = 600000ms (custom)
2019-10-02 15:51:38,615 [pool-87-thread-1] INFO  server.RaftServerConfigKeys (ConfUtils.java:logGet(43)) - raft.server.log.write.buffer.size = 33554432 (custom)
2019-10-02 15:51:38,616 [pool-57-thread-1] INFO  server.RaftServerConfigKeys (ConfUtils.java:logGet(43)) - raft.server.log.statemachine.data.sync = true (default)
2019-10-02 15:51:38,616 [pool-87-thread-1] INFO  server.RaftServerConfigKeys (ConfUtils.java:logGet(43)) - raft.server.log.force.sync.num = 128 (default)
2019-10-02 15:51:38,617 [pool-87-thread-1] INFO  server.RaftServerConfigKeys (ConfUtils.java:logGet(43)) - raft.server.log.statemachine.data.sync = true (default)
2019-10-02 15:51:38,616 [pool-57-thread-1] INFO  server.RaftServerConfigKeys (ConfUtils.java:logGet(43)) - raft.server.log.statemachine.data.sync.timeout = 10s (default)
2019-10-02 15:51:38,617 [pool-87-thread-1] INFO  server.RaftServerConfigKeys (ConfUtils.java:logGet(43)) - raft.server.log.statemachine.data.sync.timeout = 10s (default)
2019-10-02 15:51:38,617 [pool-57-thread-1] INFO  server.RaftServerConfigKeys (ConfUtils.java:logGet(43)) - raft.server.log.statemachine.data.sync.timeout.retry = -1 (default)
2019-10-02 15:51:38,617 [pool-87-thread-1] INFO  server.RaftServerConfigKeys (ConfUtils.java:logGet(43)) - raft.server.log.statemachine.data.sync.timeout.retry = -1 (default)
2019-10-02 15:51:38,617 [pool-57-thread-1] INFO  server.RaftServerConfigKeys (ConfUtils.java:logGet(43)) - raft.server.log.statemachine.data.caching.enabled = true (custom)
2019-10-02 15:51:38,618 [pool-87-thread-1] INFO  server.RaftServerConfigKeys (ConfUtils.java:logGet(43)) - raft.server.log.statemachine.data.caching.enabled = true (custom)
2019-10-02 15:51:38,618 [pool-57-thread-1] INFO  segmented.SegmentedRaftLogWorker (SegmentedRaftLogWorker.java:lambda$new$0(128)) - e1085188-920c-47f7-886f-c98137f30542@group-942386363AB0-SegmentedRaftLogWorker: flushIndex: setUnconditionally 0 -> -1
2019-10-02 15:51:38,618 [pool-87-thread-1] INFO  segmented.SegmentedRaftLogWorker (SegmentedRaftLogWorker.java:lambda$new$0(128)) - ced45e13-3c9a-48b2-a28a-774edb50765e@group-942386363AB0-SegmentedRaftLogWorker: flushIndex: setUnconditionally 0 -> -1
2019-10-02 15:51:38,618 [pool-57-thread-1] INFO  server.RaftServerConfigKeys (ConfUtils.java:logGet(43)) - raft.server.snapshot.auto.trigger.enabled = true (custom)
2019-10-02 15:51:38,619 [pool-57-thread-1] INFO  server.RaftServerConfigKeys (ConfUtils.java:logGet(43)) - raft.server.snapshot.auto.trigger.threshold = 10000 (custom)
2019-10-02 15:51:38,619 [pool-87-thread-1] INFO  server.RaftServerConfigKeys (ConfUtils.java:logGet(43)) - raft.server.snapshot.auto.trigger.enabled = true (custom)
2019-10-02 15:51:38,619 [pool-57-thread-1] INFO  server.RaftServerConfigKeys (ConfUtils.java:logGet(43)) - raft.server.snapshot.retention.file.num = 5 (custom)
2019-10-02 15:51:38,619 [pool-87-thread-1] INFO  server.RaftServerConfigKeys (ConfUtils.java:logGet(43)) - raft.server.snapshot.auto.trigger.threshold = 10000 (custom)
2019-10-02 15:51:38,619 [pool-57-thread-1] INFO  server.RaftServerConfigKeys (ConfUtils.java:logGet(43)) - raft.server.retrycache.expirytime = 600000ms (custom)
2019-10-02 15:51:38,619 [pool-87-thread-1] INFO  server.RaftServerConfigKeys (ConfUtils.java:logGet(43)) - raft.server.snapshot.retention.file.num = 5 (custom)
2019-10-02 15:51:38,619 [pool-37-thread-1] INFO  impl.RaftServerImpl (RaftServerImpl.java:start(181)) - 3ae5aee2-2358-49e6-9004-20fc57714669@group-942386363AB0: start as a follower, conf=-1: [3ae5aee2-2358-49e6-9004-20fc57714669:192.168.151.72:42197, e1085188-920c-47f7-886f-c98137f30542:192.168.151.72:45532, ced45e13-3c9a-48b2-a28a-774edb50765e:192.168.151.72:42645], old=null
2019-10-02 15:51:38,620 [pool-87-thread-1] INFO  server.RaftServerConfigKeys (ConfUtils.java:logGet(43)) - raft.server.retrycache.expirytime = 600000ms (custom)
2019-10-02 15:51:38,620 [pool-37-thread-1] INFO  impl.RaftServerImpl (RaftServerImpl.java:setRole(170)) - 3ae5aee2-2358-49e6-9004-20fc57714669@group-942386363AB0: changes role from      null to FOLLOWER at term 0 for startAsFollower
2019-10-02 15:51:38,620 [pool-37-thread-1] INFO  impl.RoleInfo (RoleInfo.java:updateAndGet(143)) - 3ae5aee2-2358-49e6-9004-20fc57714669: start FollowerState
2019-10-02 15:51:38,621 [pool-37-thread-1] INFO  util.JmxRegister (JmxRegister.java:tryRegister(44)) - Successfully registered JMX Bean with object name Ratis:service=RaftServer,group=group-942386363AB0,id=3ae5aee2-2358-49e6-9004-20fc57714669
2019-10-02 15:51:38,623 [pool-57-thread-1] INFO  impl.RaftServerImpl (RaftServerImpl.java:start(181)) - e1085188-920c-47f7-886f-c98137f30542@group-942386363AB0: start as a follower, conf=-1: [3ae5aee2-2358-49e6-9004-20fc57714669:192.168.151.72:42197, e1085188-920c-47f7-886f-c98137f30542:192.168.151.72:45532, ced45e13-3c9a-48b2-a28a-774edb50765e:192.168.151.72:42645], old=null
2019-10-02 15:51:38,623 [pool-57-thread-1] INFO  impl.RaftServerImpl (RaftServerImpl.java:setRole(170)) - e1085188-920c-47f7-886f-c98137f30542@group-942386363AB0: changes role from      null to FOLLOWER at term 0 for startAsFollower
2019-10-02 15:51:38,624 [pool-57-thread-1] INFO  impl.RoleInfo (RoleInfo.java:updateAndGet(143)) - e1085188-920c-47f7-886f-c98137f30542: start FollowerState
2019-10-02 15:51:38,624 [pool-87-thread-1] INFO  impl.RaftServerImpl (RaftServerImpl.java:start(181)) - ced45e13-3c9a-48b2-a28a-774edb50765e@group-942386363AB0: start as a follower, conf=-1: [3ae5aee2-2358-49e6-9004-20fc57714669:192.168.151.72:42197, e1085188-920c-47f7-886f-c98137f30542:192.168.151.72:45532, ced45e13-3c9a-48b2-a28a-774edb50765e:192.168.151.72:42645], old=null
2019-10-02 15:51:38,624 [pool-87-thread-1] INFO  impl.RaftServerImpl (RaftServerImpl.java:setRole(170)) - ced45e13-3c9a-48b2-a28a-774edb50765e@group-942386363AB0: changes role from      null to FOLLOWER at term 0 for startAsFollower
2019-10-02 15:51:38,624 [pool-57-thread-1] INFO  util.JmxRegister (JmxRegister.java:tryRegister(44)) - Successfully registered JMX Bean with object name Ratis:service=RaftServer,group=group-942386363AB0,id=e1085188-920c-47f7-886f-c98137f30542
2019-10-02 15:51:38,624 [pool-87-thread-1] INFO  impl.RoleInfo (RoleInfo.java:updateAndGet(143)) - ced45e13-3c9a-48b2-a28a-774edb50765e: start FollowerState
2019-10-02 15:51:38,625 [pool-87-thread-1] INFO  util.JmxRegister (JmxRegister.java:tryRegister(44)) - Successfully registered JMX Bean with object name Ratis:service=RaftServer,group=group-942386363AB0,id=ced45e13-3c9a-48b2-a28a-774edb50765e
2019-10-02 15:51:38,631 [RatisPipelineUtilsThread] INFO  pipeline.PipelineStateManager (PipelineStateManager.java:addPipeline(56)) - Created pipeline Pipeline[ Id: 96f67349-91a7-41d5-84be-942386363ab0, Nodes: e1085188-920c-47f7-886f-c98137f30542{ip: 192.168.151.72, host: pr-trunk-fgz7f-2353921243, networkLocation: /default-rack, certSerialId: null}ced45e13-3c9a-48b2-a28a-774edb50765e{ip: 192.168.151.72, host: pr-trunk-fgz7f-2353921243, networkLocation: /default-rack, certSerialId: null}3ae5aee2-2358-49e6-9004-20fc57714669{ip: 192.168.151.72, host: pr-trunk-fgz7f-2353921243, networkLocation: /default-rack, certSerialId: null}, Type:RATIS, Factor:THREE, State:OPEN]
2019-10-02 15:51:41,331 [java.util.concurrent.ThreadPoolExecutor$Worker@d1c0c64[State = -1, empty queue]] ERROR client.GrpcClientProtocolClient (GrpcClientProtocolClient.java:close(148)) - Unexpected exception while waiting for channel termination
java.lang.InterruptedException
	at java.util.concurrent.locks.AbstractQueuedSynchronizer.tryAcquireSharedNanos(AbstractQueuedSynchronizer.java:1326)
	at java.util.concurrent.CountDownLatch.await(CountDownLatch.java:277)
	at org.apache.ratis.thirdparty.io.grpc.internal.ManagedChannelImpl.awaitTermination(ManagedChannelImpl.java:763)
	at org.apache.ratis.thirdparty.io.grpc.internal.ForwardingManagedChannel.awaitTermination(ForwardingManagedChannel.java:57)
	at org.apache.ratis.thirdparty.io.grpc.internal.ManagedChannelOrphanWrapper.awaitTermination(ManagedChannelOrphanWrapper.java:70)
	at org.apache.ratis.grpc.client.GrpcClientProtocolClient.close(GrpcClientProtocolClient.java:146)
	at org.apache.ratis.util.PeerProxyMap$PeerAndProxy.lambda$close$1(PeerProxyMap.java:74)
	at org.apache.ratis.util.LifeCycle.lambda$checkStateAndClose$2(LifeCycle.java:231)
	at org.apache.ratis.util.LifeCycle.checkStateAndClose(LifeCycle.java:251)
	at org.apache.ratis.util.LifeCycle.checkStateAndClose(LifeCycle.java:229)
	at org.apache.ratis.util.PeerProxyMap$PeerAndProxy.close(PeerProxyMap.java:70)
	at org.apache.ratis.util.PeerProxyMap.resetProxy(PeerProxyMap.java:127)
	at org.apache.ratis.util.PeerProxyMap.handleException(PeerProxyMap.java:136)
	at org.apache.ratis.client.impl.RaftClientRpcWithProxy.handleException(RaftClientRpcWithProxy.java:47)
	at org.apache.ratis.client.impl.RaftClientImpl.handleIOException(RaftClientImpl.java:372)
	at org.apache.ratis.client.impl.OrderedAsync.lambda$sendRequest$10(OrderedAsync.java:236)
	at java.util.concurrent.CompletableFuture.uniExceptionally(CompletableFuture.java:870)
	at java.util.concurrent.CompletableFuture$UniExceptionally.tryFire(CompletableFuture.java:852)
	at java.util.concurrent.CompletableFuture.postComplete(CompletableFuture.java:474)
	at java.util.concurrent.CompletableFuture.completeExceptionally(CompletableFuture.java:1977)
	at org.apache.ratis.grpc.client.GrpcClientProtocolClient$AsyncStreamObservers.lambda$timeoutCheck$3(GrpcClientProtocolClient.java:324)
	at java.util.Optional.ifPresent(Optional.java:159)
	at org.apache.ratis.grpc.client.GrpcClientProtocolClient$AsyncStreamObservers.handleReplyFuture(GrpcClientProtocolClient.java:329)
	at org.apache.ratis.grpc.client.GrpcClientProtocolClient$AsyncStreamObservers.timeoutCheck(GrpcClientProtocolClient.java:324)
	at org.apache.ratis.grpc.client.GrpcClientProtocolClient$AsyncStreamObservers.lambda$onNext$1(GrpcClientProtocolClient.java:318)
	at org.apache.ratis.util.TimeoutScheduler.lambda$onTimeout$0(TimeoutScheduler.java:113)
	at org.apache.ratis.util.TimeoutScheduler.lambda$onTimeout$1(TimeoutScheduler.java:133)
	at org.apache.ratis.util.LogUtils.runAndLog(LogUtils.java:50)
	at org.apache.ratis.util.LogUtils$1.run(LogUtils.java:91)
	at java.util.concurrent.Executors$RunnableAdapter.call(Executors.java:511)
	at java.util.concurrent.FutureTask.run(FutureTask.java:266)
	at java.util.concurrent.ScheduledThreadPoolExecutor$ScheduledFutureTask.access$201(ScheduledThreadPoolExecutor.java:180)
	at java.util.concurrent.ScheduledThreadPoolExecutor$ScheduledFutureTask.run(ScheduledThreadPoolExecutor.java:293)
	at java.util.concurrent.ThreadPoolExecutor.runWorker(ThreadPoolExecutor.java:1149)
	at java.util.concurrent.ThreadPoolExecutor$Worker.run(ThreadPoolExecutor.java:624)
	at java.lang.Thread.run(Thread.java:748)
2019-10-02 15:51:41,335 [java.util.concurrent.ThreadPoolExecutor$Worker@d1c0c64[State = -1, empty queue]] WARN  util.TimeoutScheduler (LogUtils.java:runAndLog(55)) - Failed to task #0: java.lang.NullPointerException
2019-10-02 15:51:43,770 [Thread-691] INFO  impl.FollowerState (FollowerState.java:run(108)) - ced45e13-3c9a-48b2-a28a-774edb50765e@group-942386363AB0-FollowerState: change to CANDIDATE, lastRpcTime:5145ms, electionTimeout:5145ms
2019-10-02 15:51:43,777 [Thread-691] INFO  impl.RoleInfo (RoleInfo.java:shutdownFollowerState(121)) - ced45e13-3c9a-48b2-a28a-774edb50765e: shutdown FollowerState
2019-10-02 15:51:43,777 [Thread-691] INFO  impl.RaftServerImpl (RaftServerImpl.java:setRole(170)) - ced45e13-3c9a-48b2-a28a-774edb50765e@group-942386363AB0: changes role from  FOLLOWER to CANDIDATE at term 0 for changeToCandidate
2019-10-02 15:51:43,777 [Thread-691] INFO  impl.RoleInfo (RoleInfo.java:updateAndGet(143)) - ced45e13-3c9a-48b2-a28a-774edb50765e: start LeaderElection
2019-10-02 15:51:43,796 [Thread-689] INFO  impl.FollowerState (FollowerState.java:run(108)) - 3ae5aee2-2358-49e6-9004-20fc57714669@group-942386363AB0-FollowerState: change to CANDIDATE, lastRpcTime:5175ms, electionTimeout:5175ms
2019-10-02 15:51:43,796 [Thread-689] INFO  impl.RoleInfo (RoleInfo.java:shutdownFollowerState(121)) - 3ae5aee2-2358-49e6-9004-20fc57714669: shutdown FollowerState
2019-10-02 15:51:43,797 [Thread-689] INFO  impl.RaftServerImpl (RaftServerImpl.java:setRole(170)) - 3ae5aee2-2358-49e6-9004-20fc57714669@group-942386363AB0: changes role from  FOLLOWER to CANDIDATE at term 0 for changeToCandidate
2019-10-02 15:51:43,797 [Thread-689] INFO  impl.RoleInfo (RoleInfo.java:updateAndGet(143)) - 3ae5aee2-2358-49e6-9004-20fc57714669: start LeaderElection
2019-10-02 15:51:43,804 [ced45e13-3c9a-48b2-a28a-774edb50765e@group-942386363AB0-LeaderElection18] INFO  impl.LeaderElection (LeaderElection.java:askForVotes(178)) - ced45e13-3c9a-48b2-a28a-774edb50765e@group-942386363AB0-LeaderElection18: begin an election at term 1 for -1: [3ae5aee2-2358-49e6-9004-20fc57714669:192.168.151.72:42197, e1085188-920c-47f7-886f-c98137f30542:192.168.151.72:45532, ced45e13-3c9a-48b2-a28a-774edb50765e:192.168.151.72:42645], old=null
2019-10-02 15:51:43,814 [grpc-default-executor-6] INFO  impl.RaftServerImpl (RaftServerImpl.java:setRole(170)) - e1085188-920c-47f7-886f-c98137f30542@group-942386363AB0: changes role from  FOLLOWER to FOLLOWER at term 1 for recognizeCandidate:ced45e13-3c9a-48b2-a28a-774edb50765e
2019-10-02 15:51:43,814 [grpc-default-executor-6] INFO  impl.RoleInfo (RoleInfo.java:shutdownFollowerState(121)) - e1085188-920c-47f7-886f-c98137f30542: shutdown FollowerState
2019-10-02 15:51:43,815 [grpc-default-executor-6] INFO  impl.RoleInfo (RoleInfo.java:updateAndGet(143)) - e1085188-920c-47f7-886f-c98137f30542: start FollowerState
2019-10-02 15:51:43,815 [Thread-690] INFO  impl.FollowerState (FollowerState.java:run(117)) - e1085188-920c-47f7-886f-c98137f30542@group-942386363AB0-FollowerState was interrupted: java.lang.InterruptedException: sleep interrupted
2019-10-02 15:51:43,817 [3ae5aee2-2358-49e6-9004-20fc57714669@group-942386363AB0-LeaderElection19] INFO  impl.LeaderElection (LeaderElection.java:askForVotes(178)) - 3ae5aee2-2358-49e6-9004-20fc57714669@group-942386363AB0-LeaderElection19: begin an election at term 1 for -1: [3ae5aee2-2358-49e6-9004-20fc57714669:192.168.151.72:42197, e1085188-920c-47f7-886f-c98137f30542:192.168.151.72:45532, ced45e13-3c9a-48b2-a28a-774edb50765e:192.168.151.72:42645], old=null
2019-10-02 15:51:43,831 [3ae5aee2-2358-49e6-9004-20fc57714669@group-942386363AB0-LeaderElection19] INFO  impl.LeaderElection (LeaderElection.java:logAndReturn(56)) - 3ae5aee2-2358-49e6-9004-20fc57714669@group-942386363AB0-LeaderElection19: Election REJECTED; received 2 response(s) [3ae5aee2-2358-49e6-9004-20fc57714669<-e1085188-920c-47f7-886f-c98137f30542#0:FAIL-t1, 3ae5aee2-2358-49e6-9004-20fc57714669<-ced45e13-3c9a-48b2-a28a-774edb50765e#0:FAIL-t1] and 0 exception(s); 3ae5aee2-2358-49e6-9004-20fc57714669@group-942386363AB0:t1, leader=null, voted=3ae5aee2-2358-49e6-9004-20fc57714669, raftlog=3ae5aee2-2358-49e6-9004-20fc57714669@group-942386363AB0-SegmentedRaftLog:OPENED:c-1,f-1,i0, conf=-1: [3ae5aee2-2358-49e6-9004-20fc57714669:192.168.151.72:42197, e1085188-920c-47f7-886f-c98137f30542:192.168.151.72:45532, ced45e13-3c9a-48b2-a28a-774edb50765e:192.168.151.72:42645], old=null
2019-10-02 15:51:43,831 [ced45e13-3c9a-48b2-a28a-774edb50765e@group-942386363AB0-LeaderElection18] INFO  impl.LeaderElection (LeaderElection.java:logAndReturn(56)) - ced45e13-3c9a-48b2-a28a-774edb50765e@group-942386363AB0-LeaderElection18: Election PASSED; received 2 response(s) [ced45e13-3c9a-48b2-a28a-774edb50765e<-3ae5aee2-2358-49e6-9004-20fc57714669#0:FAIL-t1, ced45e13-3c9a-48b2-a28a-774edb50765e<-e1085188-920c-47f7-886f-c98137f30542#0:OK-t1] and 0 exception(s); ced45e13-3c9a-48b2-a28a-774edb50765e@group-942386363AB0:t1, leader=null, voted=ced45e13-3c9a-48b2-a28a-774edb50765e, raftlog=ced45e13-3c9a-48b2-a28a-774edb50765e@group-942386363AB0-SegmentedRaftLog:OPENED:c-1,f-1,i0, conf=-1: [3ae5aee2-2358-49e6-9004-20fc57714669:192.168.151.72:42197, e1085188-920c-47f7-886f-c98137f30542:192.168.151.72:45532, ced45e13-3c9a-48b2-a28a-774edb50765e:192.168.151.72:42645], old=null
2019-10-02 15:51:43,831 [3ae5aee2-2358-49e6-9004-20fc57714669@group-942386363AB0-LeaderElection19] INFO  impl.RaftServerImpl (RaftServerImpl.java:setRole(170)) - 3ae5aee2-2358-49e6-9004-20fc57714669@group-942386363AB0: changes role from CANDIDATE to FOLLOWER at term 1 for DISCOVERED_A_NEW_TERM
2019-10-02 15:51:43,834 [ced45e13-3c9a-48b2-a28a-774edb50765e@group-942386363AB0-LeaderElection18] INFO  impl.RoleInfo (RoleInfo.java:shutdownLeaderElection(134)) - ced45e13-3c9a-48b2-a28a-774edb50765e: shutdown LeaderElection
2019-10-02 15:51:43,834 [3ae5aee2-2358-49e6-9004-20fc57714669@group-942386363AB0-LeaderElection19] INFO  impl.RoleInfo (RoleInfo.java:shutdownLeaderElection(134)) - 3ae5aee2-2358-49e6-9004-20fc57714669: shutdown LeaderElection
2019-10-02 15:51:43,836 [ced45e13-3c9a-48b2-a28a-774edb50765e@group-942386363AB0-LeaderElection18] INFO  impl.RaftServerImpl (RaftServerImpl.java:setRole(170)) - ced45e13-3c9a-48b2-a28a-774edb50765e@group-942386363AB0: changes role from CANDIDATE to LEADER at term 1 for changeToLeader
2019-10-02 15:51:43,836 [3ae5aee2-2358-49e6-9004-20fc57714669@group-942386363AB0-LeaderElection19] INFO  impl.RoleInfo (RoleInfo.java:updateAndGet(143)) - 3ae5aee2-2358-49e6-9004-20fc57714669: start FollowerState
2019-10-02 15:51:43,836 [ced45e13-3c9a-48b2-a28a-774edb50765e@group-942386363AB0-LeaderElection18] INFO  impl.RaftServerImpl (ServerState.java:setLeader(255)) - ced45e13-3c9a-48b2-a28a-774edb50765e@group-942386363AB0: change Leader from null to ced45e13-3c9a-48b2-a28a-774edb50765e at term 1 for becomeLeader, leader elected after 5227ms
2019-10-02 15:51:43,837 [ced45e13-3c9a-48b2-a28a-774edb50765e@group-942386363AB0-LeaderElection18] INFO  server.RaftServerConfigKeys (ConfUtils.java:logGet(43)) - raft.server.staging.catchup.gap = 1000 (default)
2019-10-02 15:51:43,837 [ced45e13-3c9a-48b2-a28a-774edb50765e@group-942386363AB0-LeaderElection18] INFO  server.RaftServerConfigKeys (ConfUtils.java:logGet(43)) - raft.server.rpc.sleep.time = 25ms (default)
2019-10-02 15:51:43,838 [ced45e13-3c9a-48b2-a28a-774edb50765e@group-942386363AB0-LeaderElection18] INFO  server.RaftServerConfigKeys (ConfUtils.java:logGet(43)) - raft.server.write.element-limit = 4096 (default)
2019-10-02 15:51:43,838 [ced45e13-3c9a-48b2-a28a-774edb50765e@group-942386363AB0-LeaderElection18] INFO  server.RaftServerConfigKeys (ConfUtils.java:logGet(43)) - raft.server.watch.timeout = 10s (default)
2019-10-02 15:51:43,838 [ced45e13-3c9a-48b2-a28a-774edb50765e@group-942386363AB0-LeaderElection18] INFO  server.RaftServerConfigKeys (ConfUtils.java:logGet(43)) - raft.server.watch.timeout.denomination = 1s (default)
2019-10-02 15:51:43,838 [ced45e13-3c9a-48b2-a28a-774edb50765e@group-942386363AB0-LeaderElection18] INFO  server.RaftServerConfigKeys (ConfUtils.java:logGet(43)) - raft.server.watch.element-limit = 65536 (default)
2019-10-02 15:51:43,843 [ced45e13-3c9a-48b2-a28a-774edb50765e@group-942386363AB0-LeaderElection18] INFO  server.RaftServerConfigKeys (ConfUtils.java:logGet(43)) - raft.server.log.appender.snapshot.chunk.size.max = 16MB (=16777216) (default)
2019-10-02 15:51:43,843 [ced45e13-3c9a-48b2-a28a-774edb50765e@group-942386363AB0-LeaderElection18] INFO  server.RaftServerConfigKeys (ConfUtils.java:logGet(43)) - raft.server.log.appender.buffer.byte-limit = 33554432 (custom)
2019-10-02 15:51:43,843 [ced45e13-3c9a-48b2-a28a-774edb50765e@group-942386363AB0-LeaderElection18] INFO  server.RaftServerConfigKeys (ConfUtils.java:logGet(43)) - raft.server.log.appender.buffer.element-limit = 1 (custom)
2019-10-02 15:51:43,843 [ced45e13-3c9a-48b2-a28a-774edb50765e@group-942386363AB0-LeaderElection18] INFO  grpc.GrpcConfigKeys$Server (ConfUtils.java:logGet(43)) - raft.grpc.server.leader.outstanding.appends.max = 128 (default)
2019-10-02 15:51:43,843 [ced45e13-3c9a-48b2-a28a-774edb50765e@group-942386363AB0-LeaderElection18] INFO  server.RaftServerConfigKeys (ConfUtils.java:logGet(43)) - raft.server.rpc.request.timeout = 3000ms (default)
2019-10-02 15:51:43,844 [ced45e13-3c9a-48b2-a28a-774edb50765e@group-942386363AB0-LeaderElection18] INFO  server.RaftServerConfigKeys (ConfUtils.java:logGet(43)) - raft.server.log.appender.install.snapshot.enabled = false (custom)
2019-10-02 15:51:43,844 [ced45e13-3c9a-48b2-a28a-774edb50765e@group-942386363AB0-LeaderElection18] INFO  server.RaftServerConfigKeys (ConfUtils.java:logGet(43)) - raft.server.log.appender.snapshot.chunk.size.max = 16MB (=16777216) (default)
2019-10-02 15:51:43,844 [ced45e13-3c9a-48b2-a28a-774edb50765e@group-942386363AB0-LeaderElection18] INFO  server.RaftServerConfigKeys (ConfUtils.java:logGet(43)) - raft.server.log.appender.buffer.byte-limit = 33554432 (custom)
2019-10-02 15:51:43,844 [ced45e13-3c9a-48b2-a28a-774edb50765e@group-942386363AB0-LeaderElection18] INFO  server.RaftServerConfigKeys (ConfUtils.java:logGet(43)) - raft.server.log.appender.buffer.element-limit = 1 (custom)
2019-10-02 15:51:43,845 [ced45e13-3c9a-48b2-a28a-774edb50765e@group-942386363AB0-LeaderElection18] INFO  grpc.GrpcConfigKeys$Server (ConfUtils.java:logGet(43)) - raft.grpc.server.leader.outstanding.appends.max = 128 (default)
2019-10-02 15:51:43,845 [ced45e13-3c9a-48b2-a28a-774edb50765e@group-942386363AB0-LeaderElection18] INFO  server.RaftServerConfigKeys (ConfUtils.java:logGet(43)) - raft.server.rpc.request.timeout = 3000ms (default)
2019-10-02 15:51:43,845 [ced45e13-3c9a-48b2-a28a-774edb50765e@group-942386363AB0-LeaderElection18] INFO  server.RaftServerConfigKeys (ConfUtils.java:logGet(43)) - raft.server.log.appender.install.snapshot.enabled = false (custom)
2019-10-02 15:51:43,845 [ced45e13-3c9a-48b2-a28a-774edb50765e@group-942386363AB0-LeaderElection18] INFO  impl.RoleInfo (RoleInfo.java:updateAndGet(143)) - ced45e13-3c9a-48b2-a28a-774edb50765e: start LeaderState
2019-10-02 15:51:43,846 [ced45e13-3c9a-48b2-a28a-774edb50765e@group-942386363AB0-LeaderElection18] INFO  segmented.SegmentedRaftLogWorker (SegmentedRaftLogWorker.java:startLogSegment(385)) - ced45e13-3c9a-48b2-a28a-774edb50765e@group-942386363AB0-SegmentedRaftLogWorker: Starting segment from index:0
2019-10-02 15:51:43,847 [ced45e13-3c9a-48b2-a28a-774edb50765e@group-942386363AB0-LeaderElection18] INFO  impl.RaftServerImpl (ServerState.java:setRaftConf(356)) - ced45e13-3c9a-48b2-a28a-774edb50765e@group-942386363AB0: set configuration 0: [3ae5aee2-2358-49e6-9004-20fc57714669:192.168.151.72:42197, e1085188-920c-47f7-886f-c98137f30542:192.168.151.72:45532, ced45e13-3c9a-48b2-a28a-774edb50765e:192.168.151.72:42645], old=null at 0
2019-10-02 15:51:43,883 [grpc-default-executor-2] INFO  impl.RaftServerImpl (ServerState.java:setLeader(255)) - e1085188-920c-47f7-886f-c98137f30542@group-942386363AB0: change Leader from null to ced45e13-3c9a-48b2-a28a-774edb50765e at term 1 for appendEntries, leader elected after 5275ms
2019-10-02 15:51:43,883 [grpc-default-executor-6] INFO  impl.RaftServerImpl (ServerState.java:setLeader(255)) - 3ae5aee2-2358-49e6-9004-20fc57714669@group-942386363AB0: change Leader from null to ced45e13-3c9a-48b2-a28a-774edb50765e at term 1 for appendEntries, leader elected after 5275ms
2019-10-02 15:51:43,887 [grpc-default-executor-2] INFO  impl.RaftServerImpl (ServerState.java:setRaftConf(356)) - 3ae5aee2-2358-49e6-9004-20fc57714669@group-942386363AB0: set configuration 0: [3ae5aee2-2358-49e6-9004-20fc57714669:192.168.151.72:42197, e1085188-920c-47f7-886f-c98137f30542:192.168.151.72:45532, ced45e13-3c9a-48b2-a28a-774edb50765e:192.168.151.72:42645], old=null at 0
2019-10-02 15:51:43,887 [grpc-default-executor-6] INFO  impl.RaftServerImpl (ServerState.java:setRaftConf(356)) - e1085188-920c-47f7-886f-c98137f30542@group-942386363AB0: set configuration 0: [3ae5aee2-2358-49e6-9004-20fc57714669:192.168.151.72:42197, e1085188-920c-47f7-886f-c98137f30542:192.168.151.72:45532, ced45e13-3c9a-48b2-a28a-774edb50765e:192.168.151.72:42645], old=null at 0
2019-10-02 15:51:43,887 [grpc-default-executor-2] INFO  segmented.SegmentedRaftLogWorker (SegmentedRaftLogWorker.java:startLogSegment(385)) - 3ae5aee2-2358-49e6-9004-20fc57714669@group-942386363AB0-SegmentedRaftLogWorker: Starting segment from index:0
2019-10-02 15:51:43,887 [grpc-default-executor-6] INFO  segmented.SegmentedRaftLogWorker (SegmentedRaftLogWorker.java:startLogSegment(385)) - e1085188-920c-47f7-886f-c98137f30542@group-942386363AB0-SegmentedRaftLogWorker: Starting segment from index:0
2019-10-02 15:51:43,894 [ced45e13-3c9a-48b2-a28a-774edb50765e@group-942386363AB0-SegmentedRaftLogWorker] INFO  segmented.SegmentedRaftLogWorker (SegmentedRaftLogWorker.java:execute(574)) - ced45e13-3c9a-48b2-a28a-774edb50765e@group-942386363AB0-SegmentedRaftLogWorker: created new log segment /workdir/hadoop-ozone/integration-test/target/test-dir/MiniOzoneClusterImpl-44e437f6-303a-4d8e-bbbb-3b42b5072b0e/datanode-6/data/ratis/96f67349-91a7-41d5-84be-942386363ab0/current/log_inprogress_0
2019-10-02 15:51:43,924 [3ae5aee2-2358-49e6-9004-20fc57714669@group-942386363AB0-SegmentedRaftLogWorker] INFO  segmented.SegmentedRaftLogWorker (SegmentedRaftLogWorker.java:execute(574)) - 3ae5aee2-2358-49e6-9004-20fc57714669@group-942386363AB0-SegmentedRaftLogWorker: created new log segment /workdir/hadoop-ozone/integration-test/target/test-dir/MiniOzoneClusterImpl-44e437f6-303a-4d8e-bbbb-3b42b5072b0e/datanode-1/data/ratis/96f67349-91a7-41d5-84be-942386363ab0/current/log_inprogress_0
2019-10-02 15:51:43,938 [e1085188-920c-47f7-886f-c98137f30542@group-942386363AB0-SegmentedRaftLogWorker] INFO  segmented.SegmentedRaftLogWorker (SegmentedRaftLogWorker.java:execute(574)) - e1085188-920c-47f7-886f-c98137f30542@group-942386363AB0-SegmentedRaftLogWorker: created new log segment /workdir/hadoop-ozone/integration-test/target/test-dir/MiniOzoneClusterImpl-44e437f6-303a-4d8e-bbbb-3b42b5072b0e/datanode-3/data/ratis/96f67349-91a7-41d5-84be-942386363ab0/current/log_inprogress_0
2019-10-02 15:51:45,377 [java.util.concurrent.ThreadPoolExecutor$Worker@767c67fd[State = -1, empty queue]] ERROR client.GrpcClientProtocolClient (GrpcClientProtocolClient.java:close(148)) - Unexpected exception while waiting for channel termination
java.lang.InterruptedException
	at java.util.concurrent.locks.AbstractQueuedSynchronizer.tryAcquireSharedNanos(AbstractQueuedSynchronizer.java:1326)
	at java.util.concurrent.CountDownLatch.await(CountDownLatch.java:277)
	at org.apache.ratis.thirdparty.io.grpc.internal.ManagedChannelImpl.awaitTermination(ManagedChannelImpl.java:763)
	at org.apache.ratis.thirdparty.io.grpc.internal.ForwardingManagedChannel.awaitTermination(ForwardingManagedChannel.java:57)
	at org.apache.ratis.thirdparty.io.grpc.internal.ManagedChannelOrphanWrapper.awaitTermination(ManagedChannelOrphanWrapper.java:70)
	at org.apache.ratis.grpc.client.GrpcClientProtocolClient.close(GrpcClientProtocolClient.java:146)
	at org.apache.ratis.util.PeerProxyMap$PeerAndProxy.lambda$close$1(PeerProxyMap.java:74)
	at org.apache.ratis.util.LifeCycle.lambda$checkStateAndClose$2(LifeCycle.java:231)
	at org.apache.ratis.util.LifeCycle.checkStateAndClose(LifeCycle.java:251)
	at org.apache.ratis.util.LifeCycle.checkStateAndClose(LifeCycle.java:229)
	at org.apache.ratis.util.PeerProxyMap$PeerAndProxy.close(PeerProxyMap.java:70)
	at org.apache.ratis.util.PeerProxyMap.resetProxy(PeerProxyMap.java:127)
	at org.apache.ratis.util.PeerProxyMap.handleException(PeerProxyMap.java:136)
	at org.apache.ratis.client.impl.RaftClientRpcWithProxy.handleException(RaftClientRpcWithProxy.java:47)
	at org.apache.ratis.client.impl.RaftClientImpl.handleIOException(RaftClientImpl.java:372)
	at org.apache.ratis.client.impl.OrderedAsync.lambda$sendRequest$10(OrderedAsync.java:236)
	at java.util.concurrent.CompletableFuture.uniExceptionally(CompletableFuture.java:870)
	at java.util.concurrent.CompletableFuture$UniExceptionally.tryFire(CompletableFuture.java:852)
	at java.util.concurrent.CompletableFuture.postComplete(CompletableFuture.java:474)
	at java.util.concurrent.CompletableFuture.completeExceptionally(CompletableFuture.java:1977)
	at org.apache.ratis.grpc.client.GrpcClientProtocolClient$AsyncStreamObservers.lambda$timeoutCheck$3(GrpcClientProtocolClient.java:324)
	at java.util.Optional.ifPresent(Optional.java:159)
	at org.apache.ratis.grpc.client.GrpcClientProtocolClient$AsyncStreamObservers.handleReplyFuture(GrpcClientProtocolClient.java:329)
	at org.apache.ratis.grpc.client.GrpcClientProtocolClient$AsyncStreamObservers.timeoutCheck(GrpcClientProtocolClient.java:324)
	at org.apache.ratis.grpc.client.GrpcClientProtocolClient$AsyncStreamObservers.lambda$onNext$1(GrpcClientProtocolClient.java:318)
	at org.apache.ratis.util.TimeoutScheduler.lambda$onTimeout$0(TimeoutScheduler.java:113)
	at org.apache.ratis.util.TimeoutScheduler.lambda$onTimeout$1(TimeoutScheduler.java:133)
	at org.apache.ratis.util.LogUtils.runAndLog(LogUtils.java:50)
	at org.apache.ratis.util.LogUtils$1.run(LogUtils.java:91)
	at java.util.concurrent.Executors$RunnableAdapter.call(Executors.java:511)
	at java.util.concurrent.FutureTask.run(FutureTask.java:266)
	at java.util.concurrent.ScheduledThreadPoolExecutor$ScheduledFutureTask.access$201(ScheduledThreadPoolExecutor.java:180)
	at java.util.concurrent.ScheduledThreadPoolExecutor$ScheduledFutureTask.run(ScheduledThreadPoolExecutor.java:293)
	at java.util.concurrent.ThreadPoolExecutor.runWorker(ThreadPoolExecutor.java:1149)
	at java.util.concurrent.ThreadPoolExecutor$Worker.run(ThreadPoolExecutor.java:624)
	at java.lang.Thread.run(Thread.java:748)
2019-10-02 15:51:45,380 [java.util.concurrent.ThreadPoolExecutor$Worker@767c67fd[State = -1, empty queue]] WARN  util.TimeoutScheduler (LogUtils.java:runAndLog(55)) - Failed to task #0: java.lang.NullPointerException
2019-10-02 15:51:49,427 [java.util.concurrent.ThreadPoolExecutor$Worker@63ff6a35[State = -1, empty queue]] ERROR client.GrpcClientProtocolClient (GrpcClientProtocolClient.java:close(148)) - Unexpected exception while waiting for channel termination
java.lang.InterruptedException
	at java.util.concurrent.locks.AbstractQueuedSynchronizer.tryAcquireSharedNanos(AbstractQueuedSynchronizer.java:1326)
	at java.util.concurrent.CountDownLatch.await(CountDownLatch.java:277)
	at org.apache.ratis.thirdparty.io.grpc.internal.ManagedChannelImpl.awaitTermination(ManagedChannelImpl.java:763)
	at org.apache.ratis.thirdparty.io.grpc.internal.ForwardingManagedChannel.awaitTermination(ForwardingManagedChannel.java:57)
	at org.apache.ratis.thirdparty.io.grpc.internal.ManagedChannelOrphanWrapper.awaitTermination(ManagedChannelOrphanWrapper.java:70)
	at org.apache.ratis.grpc.client.GrpcClientProtocolClient.close(GrpcClientProtocolClient.java:146)
	at org.apache.ratis.util.PeerProxyMap$PeerAndProxy.lambda$close$1(PeerProxyMap.java:74)
	at org.apache.ratis.util.LifeCycle.lambda$checkStateAndClose$2(LifeCycle.java:231)
	at org.apache.ratis.util.LifeCycle.checkStateAndClose(LifeCycle.java:251)
	at org.apache.ratis.util.LifeCycle.checkStateAndClose(LifeCycle.java:229)
	at org.apache.ratis.util.PeerProxyMap$PeerAndProxy.close(PeerProxyMap.java:70)
	at org.apache.ratis.util.PeerProxyMap.resetProxy(PeerProxyMap.java:127)
	at org.apache.ratis.util.PeerProxyMap.handleException(PeerProxyMap.java:136)
	at org.apache.ratis.client.impl.RaftClientRpcWithProxy.handleException(RaftClientRpcWithProxy.java:47)
	at org.apache.ratis.client.impl.RaftClientImpl.handleIOException(RaftClientImpl.java:372)
	at org.apache.ratis.client.impl.OrderedAsync.lambda$sendRequest$10(OrderedAsync.java:236)
	at java.util.concurrent.CompletableFuture.uniExceptionally(CompletableFuture.java:870)
	at java.util.concurrent.CompletableFuture$UniExceptionally.tryFire(CompletableFuture.java:852)
	at java.util.concurrent.CompletableFuture.postComplete(CompletableFuture.java:474)
	at java.util.concurrent.CompletableFuture.completeExceptionally(CompletableFuture.java:1977)
	at org.apache.ratis.grpc.client.GrpcClientProtocolClient$AsyncStreamObservers.lambda$timeoutCheck$3(GrpcClientProtocolClient.java:324)
	at java.util.Optional.ifPresent(Optional.java:159)
	at org.apache.ratis.grpc.client.GrpcClientProtocolClient$AsyncStreamObservers.handleReplyFuture(GrpcClientProtocolClient.java:329)
	at org.apache.ratis.grpc.client.GrpcClientProtocolClient$AsyncStreamObservers.timeoutCheck(GrpcClientProtocolClient.java:324)
	at org.apache.ratis.grpc.client.GrpcClientProtocolClient$AsyncStreamObservers.lambda$onNext$1(GrpcClientProtocolClient.java:318)
	at org.apache.ratis.util.TimeoutScheduler.lambda$onTimeout$0(TimeoutScheduler.java:113)
	at org.apache.ratis.util.TimeoutScheduler.lambda$onTimeout$1(TimeoutScheduler.java:133)
	at org.apache.ratis.util.LogUtils.runAndLog(LogUtils.java:50)
	at org.apache.ratis.util.LogUtils$1.run(LogUtils.java:91)
	at java.util.concurrent.Executors$RunnableAdapter.call(Executors.java:511)
	at java.util.concurrent.FutureTask.run(FutureTask.java:266)
	at java.util.concurrent.ScheduledThreadPoolExecutor$ScheduledFutureTask.access$201(ScheduledThreadPoolExecutor.java:180)
	at java.util.concurrent.ScheduledThreadPoolExecutor$ScheduledFutureTask.run(ScheduledThreadPoolExecutor.java:293)
	at java.util.concurrent.ThreadPoolExecutor.runWorker(ThreadPoolExecutor.java:1149)
	at java.util.concurrent.ThreadPoolExecutor$Worker.run(ThreadPoolExecutor.java:624)
	at java.lang.Thread.run(Thread.java:748)
2019-10-02 15:51:49,429 [java.util.concurrent.ThreadPoolExecutor$Worker@63ff6a35[State = -1, empty queue]] WARN  util.TimeoutScheduler (LogUtils.java:runAndLog(55)) - Failed to task #0: java.lang.NullPointerException
2019-10-02 15:51:53,481 [java.util.concurrent.ThreadPoolExecutor$Worker@5b96b454[State = -1, empty queue]] ERROR client.GrpcClientProtocolClient (GrpcClientProtocolClient.java:close(148)) - Unexpected exception while waiting for channel termination
java.lang.InterruptedException
	at java.util.concurrent.locks.AbstractQueuedSynchronizer.tryAcquireSharedNanos(AbstractQueuedSynchronizer.java:1326)
	at java.util.concurrent.CountDownLatch.await(CountDownLatch.java:277)
	at org.apache.ratis.thirdparty.io.grpc.internal.ManagedChannelImpl.awaitTermination(ManagedChannelImpl.java:763)
	at org.apache.ratis.thirdparty.io.grpc.internal.ForwardingManagedChannel.awaitTermination(ForwardingManagedChannel.java:57)
	at org.apache.ratis.thirdparty.io.grpc.internal.ManagedChannelOrphanWrapper.awaitTermination(ManagedChannelOrphanWrapper.java:70)
	at org.apache.ratis.grpc.client.GrpcClientProtocolClient.close(GrpcClientProtocolClient.java:146)
	at org.apache.ratis.util.PeerProxyMap$PeerAndProxy.lambda$close$1(PeerProxyMap.java:74)
	at org.apache.ratis.util.LifeCycle.lambda$checkStateAndClose$2(LifeCycle.java:231)
	at org.apache.ratis.util.LifeCycle.checkStateAndClose(LifeCycle.java:251)
	at org.apache.ratis.util.LifeCycle.checkStateAndClose(LifeCycle.java:229)
	at org.apache.ratis.util.PeerProxyMap$PeerAndProxy.close(PeerProxyMap.java:70)
	at org.apache.ratis.util.PeerProxyMap.resetProxy(PeerProxyMap.java:127)
	at org.apache.ratis.util.PeerProxyMap.handleException(PeerProxyMap.java:136)
	at org.apache.ratis.client.impl.RaftClientRpcWithProxy.handleException(RaftClientRpcWithProxy.java:47)
	at org.apache.ratis.client.impl.RaftClientImpl.handleIOException(RaftClientImpl.java:372)
	at org.apache.ratis.client.impl.OrderedAsync.lambda$sendRequest$10(OrderedAsync.java:236)
	at java.util.concurrent.CompletableFuture.uniExceptionally(CompletableFuture.java:870)
	at java.util.concurrent.CompletableFuture$UniExceptionally.tryFire(CompletableFuture.java:852)
	at java.util.concurrent.CompletableFuture.postComplete(CompletableFuture.java:474)
	at java.util.concurrent.CompletableFuture.completeExceptionally(CompletableFuture.java:1977)
	at org.apache.ratis.grpc.client.GrpcClientProtocolClient$AsyncStreamObservers.lambda$timeoutCheck$3(GrpcClientProtocolClient.java:324)
	at java.util.Optional.ifPresent(Optional.java:159)
	at org.apache.ratis.grpc.client.GrpcClientProtocolClient$AsyncStreamObservers.handleReplyFuture(GrpcClientProtocolClient.java:329)
	at org.apache.ratis.grpc.client.GrpcClientProtocolClient$AsyncStreamObservers.timeoutCheck(GrpcClientProtocolClient.java:324)
	at org.apache.ratis.grpc.client.GrpcClientProtocolClient$AsyncStreamObservers.lambda$onNext$1(GrpcClientProtocolClient.java:318)
	at org.apache.ratis.util.TimeoutScheduler.lambda$onTimeout$0(TimeoutScheduler.java:113)
	at org.apache.ratis.util.TimeoutScheduler.lambda$onTimeout$1(TimeoutScheduler.java:133)
	at org.apache.ratis.util.LogUtils.runAndLog(LogUtils.java:50)
	at org.apache.ratis.util.LogUtils$1.run(LogUtils.java:91)
	at java.util.concurrent.Executors$RunnableAdapter.call(Executors.java:511)
	at java.util.concurrent.FutureTask.run(FutureTask.java:266)
	at java.util.concurrent.ScheduledThreadPoolExecutor$ScheduledFutureTask.access$201(ScheduledThreadPoolExecutor.java:180)
	at java.util.concurrent.ScheduledThreadPoolExecutor$ScheduledFutureTask.run(ScheduledThreadPoolExecutor.java:293)
	at java.util.concurrent.ThreadPoolExecutor.runWorker(ThreadPoolExecutor.java:1149)
	at java.util.concurrent.ThreadPoolExecutor$Worker.run(ThreadPoolExecutor.java:624)
	at java.lang.Thread.run(Thread.java:748)
2019-10-02 15:51:53,485 [java.util.concurrent.ThreadPoolExecutor$Worker@5b96b454[State = -1, empty queue]] WARN  util.TimeoutScheduler (LogUtils.java:runAndLog(55)) - Failed to task #0: java.lang.NullPointerException
2019-10-02 15:51:57,530 [java.util.concurrent.ThreadPoolExecutor$Worker@4771e22[State = -1, empty queue]] ERROR client.GrpcClientProtocolClient (GrpcClientProtocolClient.java:close(148)) - Unexpected exception while waiting for channel termination
java.lang.InterruptedException
	at java.util.concurrent.locks.AbstractQueuedSynchronizer.tryAcquireSharedNanos(AbstractQueuedSynchronizer.java:1326)
	at java.util.concurrent.CountDownLatch.await(CountDownLatch.java:277)
	at org.apache.ratis.thirdparty.io.grpc.internal.ManagedChannelImpl.awaitTermination(ManagedChannelImpl.java:763)
	at org.apache.ratis.thirdparty.io.grpc.internal.ForwardingManagedChannel.awaitTermination(ForwardingManagedChannel.java:57)
	at org.apache.ratis.thirdparty.io.grpc.internal.ManagedChannelOrphanWrapper.awaitTermination(ManagedChannelOrphanWrapper.java:70)
	at org.apache.ratis.grpc.client.GrpcClientProtocolClient.close(GrpcClientProtocolClient.java:146)
	at org.apache.ratis.util.PeerProxyMap$PeerAndProxy.lambda$close$1(PeerProxyMap.java:74)
	at org.apache.ratis.util.LifeCycle.lambda$checkStateAndClose$2(LifeCycle.java:231)
	at org.apache.ratis.util.LifeCycle.checkStateAndClose(LifeCycle.java:251)
	at org.apache.ratis.util.LifeCycle.checkStateAndClose(LifeCycle.java:229)
	at org.apache.ratis.util.PeerProxyMap$PeerAndProxy.close(PeerProxyMap.java:70)
	at org.apache.ratis.util.PeerProxyMap.resetProxy(PeerProxyMap.java:127)
	at org.apache.ratis.util.PeerProxyMap.handleException(PeerProxyMap.java:136)
	at org.apache.ratis.client.impl.RaftClientRpcWithProxy.handleException(RaftClientRpcWithProxy.java:47)
	at org.apache.ratis.client.impl.RaftClientImpl.handleIOException(RaftClientImpl.java:372)
	at org.apache.ratis.client.impl.OrderedAsync.lambda$sendRequest$10(OrderedAsync.java:236)
	at java.util.concurrent.CompletableFuture.uniExceptionally(CompletableFuture.java:870)
	at java.util.concurrent.CompletableFuture$UniExceptionally.tryFire(CompletableFuture.java:852)
	at java.util.concurrent.CompletableFuture.postComplete(CompletableFuture.java:474)
	at java.util.concurrent.CompletableFuture.completeExceptionally(CompletableFuture.java:1977)
	at org.apache.ratis.grpc.client.GrpcClientProtocolClient$AsyncStreamObservers.lambda$timeoutCheck$3(GrpcClientProtocolClient.java:324)
	at java.util.Optional.ifPresent(Optional.java:159)
	at org.apache.ratis.grpc.client.GrpcClientProtocolClient$AsyncStreamObservers.handleReplyFuture(GrpcClientProtocolClient.java:329)
	at org.apache.ratis.grpc.client.GrpcClientProtocolClient$AsyncStreamObservers.timeoutCheck(GrpcClientProtocolClient.java:324)
	at org.apache.ratis.grpc.client.GrpcClientProtocolClient$AsyncStreamObservers.lambda$onNext$1(GrpcClientProtocolClient.java:318)
	at org.apache.ratis.util.TimeoutScheduler.lambda$onTimeout$0(TimeoutScheduler.java:113)
	at org.apache.ratis.util.TimeoutScheduler.lambda$onTimeout$1(TimeoutScheduler.java:133)
	at org.apache.ratis.util.LogUtils.runAndLog(LogUtils.java:50)
	at org.apache.ratis.util.LogUtils$1.run(LogUtils.java:91)
	at java.util.concurrent.Executors$RunnableAdapter.call(Executors.java:511)
	at java.util.concurrent.FutureTask.run(FutureTask.java:266)
	at java.util.concurrent.ScheduledThreadPoolExecutor$ScheduledFutureTask.access$201(ScheduledThreadPoolExecutor.java:180)
	at java.util.concurrent.ScheduledThreadPoolExecutor$ScheduledFutureTask.run(ScheduledThreadPoolExecutor.java:293)
	at java.util.concurrent.ThreadPoolExecutor.runWorker(ThreadPoolExecutor.java:1149)
	at java.util.concurrent.ThreadPoolExecutor$Worker.run(ThreadPoolExecutor.java:624)
	at java.lang.Thread.run(Thread.java:748)
2019-10-02 15:51:57,534 [java.util.concurrent.ThreadPoolExecutor$Worker@4771e22[State = -1, empty queue]] WARN  util.TimeoutScheduler (LogUtils.java:runAndLog(55)) - Failed to task #0: java.lang.NullPointerException
2019-10-02 15:52:01,591 [java.util.concurrent.ThreadPoolExecutor$Worker@39c75a2d[State = -1, empty queue]] ERROR client.GrpcClientProtocolClient (GrpcClientProtocolClient.java:close(148)) - Unexpected exception while waiting for channel termination
java.lang.InterruptedException
	at java.util.concurrent.locks.AbstractQueuedSynchronizer.tryAcquireSharedNanos(AbstractQueuedSynchronizer.java:1326)
	at java.util.concurrent.CountDownLatch.await(CountDownLatch.java:277)
	at org.apache.ratis.thirdparty.io.grpc.internal.ManagedChannelImpl.awaitTermination(ManagedChannelImpl.java:763)
	at org.apache.ratis.thirdparty.io.grpc.internal.ForwardingManagedChannel.awaitTermination(ForwardingManagedChannel.java:57)
	at org.apache.ratis.thirdparty.io.grpc.internal.ManagedChannelOrphanWrapper.awaitTermination(ManagedChannelOrphanWrapper.java:70)
	at org.apache.ratis.grpc.client.GrpcClientProtocolClient.close(GrpcClientProtocolClient.java:146)
	at org.apache.ratis.util.PeerProxyMap$PeerAndProxy.lambda$close$1(PeerProxyMap.java:74)
	at org.apache.ratis.util.LifeCycle.lambda$checkStateAndClose$2(LifeCycle.java:231)
	at org.apache.ratis.util.LifeCycle.checkStateAndClose(LifeCycle.java:251)
	at org.apache.ratis.util.LifeCycle.checkStateAndClose(LifeCycle.java:229)
	at org.apache.ratis.util.PeerProxyMap$PeerAndProxy.close(PeerProxyMap.java:70)
	at org.apache.ratis.util.PeerProxyMap.resetProxy(PeerProxyMap.java:127)
	at org.apache.ratis.util.PeerProxyMap.handleException(PeerProxyMap.java:136)
	at org.apache.ratis.client.impl.RaftClientRpcWithProxy.handleException(RaftClientRpcWithProxy.java:47)
	at org.apache.ratis.client.impl.RaftClientImpl.handleIOException(RaftClientImpl.java:372)
	at org.apache.ratis.client.impl.OrderedAsync.lambda$sendRequest$10(OrderedAsync.java:236)
	at java.util.concurrent.CompletableFuture.uniExceptionally(CompletableFuture.java:870)
	at java.util.concurrent.CompletableFuture$UniExceptionally.tryFire(CompletableFuture.java:852)
	at java.util.concurrent.CompletableFuture.postComplete(CompletableFuture.java:474)
	at java.util.concurrent.CompletableFuture.completeExceptionally(CompletableFuture.java:1977)
	at org.apache.ratis.grpc.client.GrpcClientProtocolClient$AsyncStreamObservers.lambda$timeoutCheck$3(GrpcClientProtocolClient.java:324)
	at java.util.Optional.ifPresent(Optional.java:159)
	at org.apache.ratis.grpc.client.GrpcClientProtocolClient$AsyncStreamObservers.handleReplyFuture(GrpcClientProtocolClient.java:329)
	at org.apache.ratis.grpc.client.GrpcClientProtocolClient$AsyncStreamObservers.timeoutCheck(GrpcClientProtocolClient.java:324)
	at org.apache.ratis.grpc.client.GrpcClientProtocolClient$AsyncStreamObservers.lambda$onNext$1(GrpcClientProtocolClient.java:318)
	at org.apache.ratis.util.TimeoutScheduler.lambda$onTimeout$0(TimeoutScheduler.java:113)
	at org.apache.ratis.util.TimeoutScheduler.lambda$onTimeout$1(TimeoutScheduler.java:133)
	at org.apache.ratis.util.LogUtils.runAndLog(LogUtils.java:50)
	at org.apache.ratis.util.LogUtils$1.run(LogUtils.java:91)
	at java.util.concurrent.Executors$RunnableAdapter.call(Executors.java:511)
	at java.util.concurrent.FutureTask.run(FutureTask.java:266)
	at java.util.concurrent.ScheduledThreadPoolExecutor$ScheduledFutureTask.access$201(ScheduledThreadPoolExecutor.java:180)
	at java.util.concurrent.ScheduledThreadPoolExecutor$ScheduledFutureTask.run(ScheduledThreadPoolExecutor.java:293)
	at java.util.concurrent.ThreadPoolExecutor.runWorker(ThreadPoolExecutor.java:1149)
	at java.util.concurrent.ThreadPoolExecutor$Worker.run(ThreadPoolExecutor.java:624)
	at java.lang.Thread.run(Thread.java:748)
2019-10-02 15:52:01,593 [java.util.concurrent.ThreadPoolExecutor$Worker@39c75a2d[State = -1, empty queue]] WARN  util.TimeoutScheduler (LogUtils.java:runAndLog(55)) - Failed to task #0: java.lang.NullPointerException
2019-10-02 15:52:05,640 [java.util.concurrent.ThreadPoolExecutor$Worker@1bdad13b[State = -1, empty queue]] ERROR client.GrpcClientProtocolClient (GrpcClientProtocolClient.java:close(148)) - Unexpected exception while waiting for channel termination
java.lang.InterruptedException
	at java.util.concurrent.locks.AbstractQueuedSynchronizer.tryAcquireSharedNanos(AbstractQueuedSynchronizer.java:1326)
	at java.util.concurrent.CountDownLatch.await(CountDownLatch.java:277)
	at org.apache.ratis.thirdparty.io.grpc.internal.ManagedChannelImpl.awaitTermination(ManagedChannelImpl.java:763)
	at org.apache.ratis.thirdparty.io.grpc.internal.ForwardingManagedChannel.awaitTermination(ForwardingManagedChannel.java:57)
	at org.apache.ratis.thirdparty.io.grpc.internal.ManagedChannelOrphanWrapper.awaitTermination(ManagedChannelOrphanWrapper.java:70)
	at org.apache.ratis.grpc.client.GrpcClientProtocolClient.close(GrpcClientProtocolClient.java:146)
	at org.apache.ratis.util.PeerProxyMap$PeerAndProxy.lambda$close$1(PeerProxyMap.java:74)
	at org.apache.ratis.util.LifeCycle.lambda$checkStateAndClose$2(LifeCycle.java:231)
	at org.apache.ratis.util.LifeCycle.checkStateAndClose(LifeCycle.java:251)
	at org.apache.ratis.util.LifeCycle.checkStateAndClose(LifeCycle.java:229)
	at org.apache.ratis.util.PeerProxyMap$PeerAndProxy.close(PeerProxyMap.java:70)
	at org.apache.ratis.util.PeerProxyMap.resetProxy(PeerProxyMap.java:127)
	at org.apache.ratis.util.PeerProxyMap.handleException(PeerProxyMap.java:136)
	at org.apache.ratis.client.impl.RaftClientRpcWithProxy.handleException(RaftClientRpcWithProxy.java:47)
	at org.apache.ratis.client.impl.RaftClientImpl.handleIOException(RaftClientImpl.java:372)
	at org.apache.ratis.client.impl.OrderedAsync.lambda$sendRequest$10(OrderedAsync.java:236)
	at java.util.concurrent.CompletableFuture.uniExceptionally(CompletableFuture.java:870)
	at java.util.concurrent.CompletableFuture$UniExceptionally.tryFire(CompletableFuture.java:852)
	at java.util.concurrent.CompletableFuture.postComplete(CompletableFuture.java:474)
	at java.util.concurrent.CompletableFuture.completeExceptionally(CompletableFuture.java:1977)
	at org.apache.ratis.grpc.client.GrpcClientProtocolClient$AsyncStreamObservers.lambda$timeoutCheck$3(GrpcClientProtocolClient.java:324)
	at java.util.Optional.ifPresent(Optional.java:159)
	at org.apache.ratis.grpc.client.GrpcClientProtocolClient$AsyncStreamObservers.handleReplyFuture(GrpcClientProtocolClient.java:329)
	at org.apache.ratis.grpc.client.GrpcClientProtocolClient$AsyncStreamObservers.timeoutCheck(GrpcClientProtocolClient.java:324)
	at org.apache.ratis.grpc.client.GrpcClientProtocolClient$AsyncStreamObservers.lambda$onNext$1(GrpcClientProtocolClient.java:318)
	at org.apache.ratis.util.TimeoutScheduler.lambda$onTimeout$0(TimeoutScheduler.java:113)
	at org.apache.ratis.util.TimeoutScheduler.lambda$onTimeout$1(TimeoutScheduler.java:133)
	at org.apache.ratis.util.LogUtils.runAndLog(LogUtils.java:50)
	at org.apache.ratis.util.LogUtils$1.run(LogUtils.java:91)
	at java.util.concurrent.Executors$RunnableAdapter.call(Executors.java:511)
	at java.util.concurrent.FutureTask.run(FutureTask.java:266)
	at java.util.concurrent.ScheduledThreadPoolExecutor$ScheduledFutureTask.access$201(ScheduledThreadPoolExecutor.java:180)
	at java.util.concurrent.ScheduledThreadPoolExecutor$ScheduledFutureTask.run(ScheduledThreadPoolExecutor.java:293)
	at java.util.concurrent.ThreadPoolExecutor.runWorker(ThreadPoolExecutor.java:1149)
	at java.util.concurrent.ThreadPoolExecutor$Worker.run(ThreadPoolExecutor.java:624)
	at java.lang.Thread.run(Thread.java:748)
2019-10-02 15:52:05,643 [java.util.concurrent.ThreadPoolExecutor$Worker@1bdad13b[State = -1, empty queue]] WARN  util.TimeoutScheduler (LogUtils.java:runAndLog(55)) - Failed to task #0: java.lang.NullPointerException
2019-10-02 15:52:07,896 [grpc-default-executor-5] INFO  impl.RaftServerProxy (RaftServerProxy.java:remove(95)) - e1085188-920c-47f7-886f-c98137f30542: remove  FOLLOWER e1085188-920c-47f7-886f-c98137f30542@group-0781099F6593:t2, leader=3ae5aee2-2358-49e6-9004-20fc57714669, voted=3ae5aee2-2358-49e6-9004-20fc57714669, raftlog=e1085188-920c-47f7-886f-c98137f30542@group-0781099F6593-SegmentedRaftLog:OPENED:c0,f2,i2, conf=0: [3ae5aee2-2358-49e6-9004-20fc57714669:192.168.151.72:42197, e1085188-920c-47f7-886f-c98137f30542:192.168.151.72:45532, ced45e13-3c9a-48b2-a28a-774edb50765e:192.168.151.72:42645], old=null RUNNING
2019-10-02 15:52:07,897 [grpc-default-executor-5] INFO  impl.RaftServerImpl (RaftServerImpl.java:lambda$shutdown$3(247)) - e1085188-920c-47f7-886f-c98137f30542@group-0781099F6593: shutdown
2019-10-02 15:52:07,897 [grpc-default-executor-5] INFO  util.JmxRegister (JmxRegister.java:unregister(73)) - Successfully un-registered JMX Bean with object name Ratis:service=RaftServer,group=group-0781099F6593,id=e1085188-920c-47f7-886f-c98137f30542
2019-10-02 15:52:07,898 [grpc-default-executor-5] INFO  impl.RoleInfo (RoleInfo.java:shutdownFollowerState(121)) - e1085188-920c-47f7-886f-c98137f30542: shutdown FollowerState
2019-10-02 15:52:07,898 [grpc-default-executor-5] INFO  impl.StateMachineUpdater (StateMachineUpdater.java:stopAndJoin(136)) - e1085188-920c-47f7-886f-c98137f30542@group-0781099F6593-StateMachineUpdater: set stopIndex = 0
2019-10-02 15:52:07,901 [Thread-578] INFO  impl.FollowerState (FollowerState.java:run(117)) - e1085188-920c-47f7-886f-c98137f30542@group-0781099F6593-FollowerState was interrupted: java.lang.InterruptedException: sleep interrupted
2019-10-02 15:52:07,906 [grpc-default-executor-5] INFO  impl.RaftServerImpl (ServerState.java:close(387)) - e1085188-920c-47f7-886f-c98137f30542@group-0781099F6593: closes. applyIndex: 0
2019-10-02 15:52:07,906 [e1085188-920c-47f7-886f-c98137f30542@group-0781099F6593-SegmentedRaftLogWorker] INFO  segmented.SegmentedRaftLogWorker (SegmentedRaftLogWorker.java:run(316)) - e1085188-920c-47f7-886f-c98137f30542@group-0781099F6593-SegmentedRaftLogWorker was interrupted, exiting. There are 0 tasks remaining in the queue.
2019-10-02 15:52:07,909 [grpc-default-executor-5] INFO  segmented.SegmentedRaftLogWorker (SegmentedRaftLogWorker.java:close(224)) - e1085188-920c-47f7-886f-c98137f30542@group-0781099F6593-SegmentedRaftLogWorker close()
2019-10-02 15:52:07,975 [grpc-default-executor-5] INFO  interfaces.Container (KeyValueContainer.java:flushAndSyncDB(386)) - Container 2 is synced with bcsId 0.
2019-10-02 15:52:07,977 [grpc-default-executor-5] INFO  interfaces.Container (KeyValueContainer.java:flushAndSyncDB(386)) - Container 2 is synced with bcsId 0.
2019-10-02 15:52:07,996 [EventQueue-IncrementalContainerReportForIncrementalContainerReportHandler] INFO  container.IncrementalContainerReportHandler (AbstractContainerReportHandler.java:updateContainerState(169)) - Moving container #2 to QUASI_CLOSED state, datanode e1085188-920c-47f7-886f-c98137f30542{ip: 192.168.151.72, host: pr-trunk-fgz7f-2353921243, networkLocation: /default-rack, certSerialId: null} reported QUASI_CLOSED replica.
2019-10-02 15:52:08,001 [grpc-default-executor-5] INFO  impl.RaftServerProxy (RaftServerProxy.java:remove(95)) - ced45e13-3c9a-48b2-a28a-774edb50765e: remove  FOLLOWER ced45e13-3c9a-48b2-a28a-774edb50765e@group-0781099F6593:t2, leader=3ae5aee2-2358-49e6-9004-20fc57714669, voted=3ae5aee2-2358-49e6-9004-20fc57714669, raftlog=ced45e13-3c9a-48b2-a28a-774edb50765e@group-0781099F6593-SegmentedRaftLog:OPENED:c0,f2,i2, conf=0: [3ae5aee2-2358-49e6-9004-20fc57714669:192.168.151.72:42197, e1085188-920c-47f7-886f-c98137f30542:192.168.151.72:45532, ced45e13-3c9a-48b2-a28a-774edb50765e:192.168.151.72:42645], old=null RUNNING
2019-10-02 15:52:08,001 [grpc-default-executor-5] INFO  impl.RaftServerImpl (RaftServerImpl.java:lambda$shutdown$3(247)) - ced45e13-3c9a-48b2-a28a-774edb50765e@group-0781099F6593: shutdown
2019-10-02 15:52:08,002 [grpc-default-executor-5] INFO  util.JmxRegister (JmxRegister.java:unregister(73)) - Successfully un-registered JMX Bean with object name Ratis:service=RaftServer,group=group-0781099F6593,id=ced45e13-3c9a-48b2-a28a-774edb50765e
2019-10-02 15:52:08,002 [grpc-default-executor-5] INFO  impl.RoleInfo (RoleInfo.java:shutdownFollowerState(121)) - ced45e13-3c9a-48b2-a28a-774edb50765e: shutdown FollowerState
2019-10-02 15:52:08,002 [grpc-default-executor-5] INFO  impl.StateMachineUpdater (StateMachineUpdater.java:stopAndJoin(136)) - ced45e13-3c9a-48b2-a28a-774edb50765e@group-0781099F6593-StateMachineUpdater: set stopIndex = 0
2019-10-02 15:52:08,002 [Thread-579] INFO  impl.FollowerState (FollowerState.java:run(117)) - ced45e13-3c9a-48b2-a28a-774edb50765e@group-0781099F6593-FollowerState was interrupted: java.lang.InterruptedException: sleep interrupted
2019-10-02 15:52:08,007 [grpc-default-executor-5] INFO  impl.RaftServerImpl (ServerState.java:close(387)) - ced45e13-3c9a-48b2-a28a-774edb50765e@group-0781099F6593: closes. applyIndex: 0
2019-10-02 15:52:08,008 [ced45e13-3c9a-48b2-a28a-774edb50765e@group-0781099F6593-SegmentedRaftLogWorker] INFO  segmented.SegmentedRaftLogWorker (SegmentedRaftLogWorker.java:run(316)) - ced45e13-3c9a-48b2-a28a-774edb50765e@group-0781099F6593-SegmentedRaftLogWorker was interrupted, exiting. There are 0 tasks remaining in the queue.
2019-10-02 15:52:08,010 [grpc-default-executor-5] INFO  segmented.SegmentedRaftLogWorker (SegmentedRaftLogWorker.java:close(224)) - ced45e13-3c9a-48b2-a28a-774edb50765e@group-0781099F6593-SegmentedRaftLogWorker close()
2019-10-02 15:52:08,074 [grpc-default-executor-5] INFO  interfaces.Container (KeyValueContainer.java:flushAndSyncDB(386)) - Container 2 is synced with bcsId 0.
2019-10-02 15:52:08,074 [grpc-default-executor-5] INFO  interfaces.Container (KeyValueContainer.java:flushAndSyncDB(386)) - Container 2 is synced with bcsId 0.
2019-10-02 15:52:08,095 [grpc-default-executor-5] INFO  impl.RaftServerProxy (RaftServerProxy.java:remove(95)) - 3ae5aee2-2358-49e6-9004-20fc57714669: remove    LEADER 3ae5aee2-2358-49e6-9004-20fc57714669@group-0781099F6593:t2, leader=3ae5aee2-2358-49e6-9004-20fc57714669, voted=3ae5aee2-2358-49e6-9004-20fc57714669, raftlog=3ae5aee2-2358-49e6-9004-20fc57714669@group-0781099F6593-SegmentedRaftLog:OPENED:c0,f0,i2, conf=0: [3ae5aee2-2358-49e6-9004-20fc57714669:192.168.151.72:42197, e1085188-920c-47f7-886f-c98137f30542:192.168.151.72:45532, ced45e13-3c9a-48b2-a28a-774edb50765e:192.168.151.72:42645], old=null RUNNING
2019-10-02 15:52:08,096 [grpc-default-executor-5] INFO  impl.RaftServerImpl (RaftServerImpl.java:lambda$shutdown$3(247)) - 3ae5aee2-2358-49e6-9004-20fc57714669@group-0781099F6593: shutdown
2019-10-02 15:52:08,096 [grpc-default-executor-5] INFO  util.JmxRegister (JmxRegister.java:unregister(73)) - Successfully un-registered JMX Bean with object name Ratis:service=RaftServer,group=group-0781099F6593,id=3ae5aee2-2358-49e6-9004-20fc57714669
2019-10-02 15:52:08,096 [grpc-default-executor-5] INFO  impl.RoleInfo (RoleInfo.java:shutdownLeaderState(104)) - 3ae5aee2-2358-49e6-9004-20fc57714669: shutdown LeaderState
2019-10-02 15:52:08,101 [grpc-default-executor-5] INFO  impl.PendingRequests (PendingRequests.java:sendNotLeaderResponses(202)) - 3ae5aee2-2358-49e6-9004-20fc57714669@group-0781099F6593-PendingRequests: sendNotLeaderResponses
2019-10-02 15:52:08,103 [org.apache.ratis.server.impl.LogAppender$AppenderDaemon$$Lambda$526/1474669658@34f95d28] WARN  server.GrpcLogAppender (GrpcLogAppender.java:mayWait(143)) - 3ae5aee2-2358-49e6-9004-20fc57714669@group-0781099F6593->e1085188-920c-47f7-886f-c98137f30542-GrpcLogAppender: Wait interrupted by java.lang.InterruptedException
2019-10-02 15:52:08,103 [org.apache.ratis.server.impl.LogAppender$AppenderDaemon$$Lambda$526/1474669658@52ac461a] WARN  server.GrpcLogAppender (GrpcLogAppender.java:mayWait(143)) - 3ae5aee2-2358-49e6-9004-20fc57714669@group-0781099F6593->ced45e13-3c9a-48b2-a28a-774edb50765e-GrpcLogAppender: Wait interrupted by java.lang.InterruptedException
2019-10-02 15:52:08,109 [grpc-default-executor-2] INFO  server.GrpcServerProtocolService (GrpcServerProtocolService.java:onCompleted(113)) - e1085188-920c-47f7-886f-c98137f30542: Completed APPEND_ENTRIES, lastRequest: 3ae5aee2-2358-49e6-9004-20fc57714669->e1085188-920c-47f7-886f-c98137f30542#29-t2, previous=(t:2, i:2), leaderCommit=0, initializing? false, entries: <empty>
2019-10-02 15:52:08,112 [grpc-default-executor-5] INFO  impl.StateMachineUpdater (StateMachineUpdater.java:stopAndJoin(136)) - 3ae5aee2-2358-49e6-9004-20fc57714669@group-0781099F6593-StateMachineUpdater: set stopIndex = 0
2019-10-02 15:52:08,112 [grpc-default-executor-5] INFO  impl.RaftServerImpl (ServerState.java:close(387)) - 3ae5aee2-2358-49e6-9004-20fc57714669@group-0781099F6593: closes. applyIndex: 0
2019-10-02 15:52:08,113 [grpc-default-executor-7] INFO  server.GrpcLogAppender (GrpcLogAppender.java:onCompleted(293)) - 3ae5aee2-2358-49e6-9004-20fc57714669@group-0781099F6593->e1085188-920c-47f7-886f-c98137f30542-AppendLogResponseHandler: follower responses appendEntries COMPLETED
2019-10-02 15:52:08,113 [3ae5aee2-2358-49e6-9004-20fc57714669@group-0781099F6593-SegmentedRaftLogWorker] INFO  segmented.SegmentedRaftLogWorker (SegmentedRaftLogWorker.java:run(316)) - 3ae5aee2-2358-49e6-9004-20fc57714669@group-0781099F6593-SegmentedRaftLogWorker was interrupted, exiting. There are 0 tasks remaining in the queue.
2019-10-02 15:52:08,113 [grpc-default-executor-2] INFO  server.GrpcServerProtocolService (GrpcServerProtocolService.java:onCompleted(113)) - ced45e13-3c9a-48b2-a28a-774edb50765e: Completed APPEND_ENTRIES, lastRequest: 3ae5aee2-2358-49e6-9004-20fc57714669->ced45e13-3c9a-48b2-a28a-774edb50765e#29-t2, previous=(t:2, i:2), leaderCommit=0, initializing? false, entries: <empty>
2019-10-02 15:52:08,116 [grpc-default-executor-5] INFO  segmented.SegmentedRaftLogWorker (SegmentedRaftLogWorker.java:close(224)) - 3ae5aee2-2358-49e6-9004-20fc57714669@group-0781099F6593-SegmentedRaftLogWorker close()
2019-10-02 15:52:08,116 [grpc-default-executor-7] INFO  impl.FollowerInfo (FollowerInfo.java:lambda$new$0(51)) - 3ae5aee2-2358-49e6-9004-20fc57714669@group-0781099F6593->e1085188-920c-47f7-886f-c98137f30542: nextIndex: updateUnconditionally 3 -> 2
2019-10-02 15:52:08,121 [grpc-default-executor-6] INFO  server.GrpcLogAppender (GrpcLogAppender.java:onCompleted(293)) - 3ae5aee2-2358-49e6-9004-20fc57714669@group-0781099F6593->ced45e13-3c9a-48b2-a28a-774edb50765e-AppendLogResponseHandler: follower responses appendEntries COMPLETED
2019-10-02 15:52:08,130 [grpc-default-executor-6] INFO  impl.FollowerInfo (FollowerInfo.java:lambda$new$0(51)) - 3ae5aee2-2358-49e6-9004-20fc57714669@group-0781099F6593->ced45e13-3c9a-48b2-a28a-774edb50765e: nextIndex: updateUnconditionally 3 -> 2
2019-10-02 15:52:08,131 [RatisPipelineUtilsThread] INFO  pipeline.PipelineStateManager (PipelineStateManager.java:removePipeline(108)) - Pipeline Pipeline[ Id: b0f55d09-7d6a-44fa-980d-0781099f6593, Nodes: e1085188-920c-47f7-886f-c98137f30542{ip: 192.168.151.72, host: pr-trunk-fgz7f-2353921243, networkLocation: /default-rack, certSerialId: null}ced45e13-3c9a-48b2-a28a-774edb50765e{ip: 192.168.151.72, host: pr-trunk-fgz7f-2353921243, networkLocation: /default-rack, certSerialId: null}3ae5aee2-2358-49e6-9004-20fc57714669{ip: 192.168.151.72, host: pr-trunk-fgz7f-2353921243, networkLocation: /default-rack, certSerialId: null}, Type:RATIS, Factor:THREE, State:CLOSED] removed from db
2019-10-02 15:52:08,135 [grpc-default-executor-5] INFO  impl.RaftServerProxy (RaftServerProxy.java:remove(95)) - e1085188-920c-47f7-886f-c98137f30542: remove group-0781099F6593:null
2019-10-02 15:52:08,143 [RatisPipelineUtilsThread] WARN  pipeline.RatisPipelineUtils (RatisPipelineUtils.java:destroyPipeline(67)) - Pipeline destroy failed for pipeline=PipelineID=b0f55d09-7d6a-44fa-980d-0781099f6593 dn=e1085188-920c-47f7-886f-c98137f30542{ip: 192.168.151.72, host: pr-trunk-fgz7f-2353921243, networkLocation: /default-rack, certSerialId: null}
2019-10-02 15:52:08,147 [grpc-default-executor-5] INFO  impl.RaftServerProxy (RaftServerProxy.java:remove(95)) - ced45e13-3c9a-48b2-a28a-774edb50765e: remove group-0781099F6593:null
2019-10-02 15:52:08,155 [RatisPipelineUtilsThread] WARN  pipeline.RatisPipelineUtils (RatisPipelineUtils.java:destroyPipeline(67)) - Pipeline destroy failed for pipeline=PipelineID=b0f55d09-7d6a-44fa-980d-0781099f6593 dn=ced45e13-3c9a-48b2-a28a-774edb50765e{ip: 192.168.151.72, host: pr-trunk-fgz7f-2353921243, networkLocation: /default-rack, certSerialId: null}
2019-10-02 15:52:08,158 [grpc-default-executor-5] INFO  impl.RaftServerProxy (RaftServerProxy.java:remove(95)) - 3ae5aee2-2358-49e6-9004-20fc57714669: remove group-0781099F6593:null
2019-10-02 15:52:08,165 [RatisPipelineUtilsThread] WARN  pipeline.RatisPipelineUtils (RatisPipelineUtils.java:destroyPipeline(67)) - Pipeline destroy failed for pipeline=PipelineID=b0f55d09-7d6a-44fa-980d-0781099f6593 dn=3ae5aee2-2358-49e6-9004-20fc57714669{ip: 192.168.151.72, host: pr-trunk-fgz7f-2353921243, networkLocation: /default-rack, certSerialId: null}
2019-10-02 15:52:08,165 [RatisPipelineUtilsThread] ERROR pipeline.SCMPipelineManager (Scheduler.java:lambda$schedule$1(70)) - Destroy pipeline failed for pipeline:Pipeline[ Id: b0f55d09-7d6a-44fa-980d-0781099f6593, Nodes: e1085188-920c-47f7-886f-c98137f30542{ip: 192.168.151.72, host: pr-trunk-fgz7f-2353921243, networkLocation: /default-rack, certSerialId: null}ced45e13-3c9a-48b2-a28a-774edb50765e{ip: 192.168.151.72, host: pr-trunk-fgz7f-2353921243, networkLocation: /default-rack, certSerialId: null}3ae5aee2-2358-49e6-9004-20fc57714669{ip: 192.168.151.72, host: pr-trunk-fgz7f-2353921243, networkLocation: /default-rack, certSerialId: null}, Type:RATIS, Factor:THREE, State:CLOSED]
org.apache.hadoop.hdds.scm.pipeline.PipelineNotFoundException: PipelineID=b0f55d09-7d6a-44fa-980d-0781099f6593 not found
	at org.apache.hadoop.hdds.scm.pipeline.PipelineStateMap.getPipeline(PipelineStateMap.java:132)
	at org.apache.hadoop.hdds.scm.pipeline.PipelineStateMap.removePipeline(PipelineStateMap.java:322)
	at org.apache.hadoop.hdds.scm.pipeline.PipelineStateManager.removePipeline(PipelineStateManager.java:107)
	at org.apache.hadoop.hdds.scm.pipeline.SCMPipelineManager.removePipeline(SCMPipelineManager.java:427)
	at org.apache.hadoop.hdds.scm.pipeline.SCMPipelineManager.destroyPipeline(SCMPipelineManager.java:413)
	at org.apache.hadoop.hdds.scm.pipeline.SCMPipelineManager.lambda$finalizeAndDestroyPipeline$0(SCMPipelineManager.java:322)
	at org.apache.hadoop.hdds.utils.Scheduler.lambda$schedule$1(Scheduler.java:68)
	at java.util.concurrent.Executors$RunnableAdapter.call(Executors.java:511)
	at java.util.concurrent.FutureTask.run(FutureTask.java:266)
	at java.util.concurrent.ScheduledThreadPoolExecutor$ScheduledFutureTask.access$201(ScheduledThreadPoolExecutor.java:180)
	at java.util.concurrent.ScheduledThreadPoolExecutor$ScheduledFutureTask.run(ScheduledThreadPoolExecutor.java:293)
	at java.util.concurrent.ThreadPoolExecutor.runWorker(ThreadPoolExecutor.java:1149)
	at java.util.concurrent.ThreadPoolExecutor$Worker.run(ThreadPoolExecutor.java:624)
	at java.lang.Thread.run(Thread.java:748)
]]></system-out>
  </testcase>
</testsuite>